<?xml version="1.0" encoding="UTF-8"?>
<testsuite xmlns:xsi="http://www.w3.org/2001/XMLSchema-instance" xsi:noNamespaceSchemaLocation="https://maven.apache.org/surefire/maven-surefire-plugin/xsd/surefire-test-report-3.0.xsd" version="3.0" name="org.apache.hadoop.ozone.container.TestECContainerRecovery" time="139.903" tests="1" errors="1" skipped="0" failures="0">
  <properties>
    <property name="awt.toolkit" value="sun.awt.X11.XToolkit"/>
    <property name="file.encoding.pkg" value="sun.io"/>
    <property name="java.specification.version" value="1.8"/>
    <property name="sun.cpu.isalist" value=""/>
    <property name="sun.jnu.encoding" value="UTF-8"/>
    <property name="java.class.path" value="/home/runner/work/ozone/ozone/hadoop-ozone/integration-test/target/test-classes:/home/runner/work/ozone/ozone/hadoop-ozone/integration-test/target/classes:/home/runner/.m2/repository/org/apache/ozone/ozone-common/1.4.0-SNAPSHOT/ozone-common-1.4.0-SNAPSHOT.jar:/home/runner/.m2/repository/io/grpc/grpc-netty/1.48.1/grpc-netty-1.48.1.jar:/home/runner/.m2/repository/io/grpc/grpc-core/1.48.1/grpc-core-1.48.1.jar:/home/runner/.m2/repository/com/google/android/annotations/4.1.1.4/annotations-4.1.1.4.jar:/home/runner/.m2/repository/org/codehaus/mojo/animal-sniffer-annotations/1.21/animal-sniffer-annotations-1.21.jar:/home/runner/.m2/repository/com/google/errorprone/error_prone_annotations/2.2.0/error_prone_annotations-2.2.0.jar:/home/runner/.m2/repository/io/perfmark/perfmark-api/0.25.0/perfmark-api-0.25.0.jar:/home/runner/.m2/repository/io/netty/netty-codec-http2/4.1.77.Final/netty-codec-http2-4.1.77.Final.jar:/home/runner/.m2/repository/io/netty/netty-common/4.1.77.Final/netty-common-4.1.77.Final.jar:/home/runner/.m2/repository/io/netty/netty-buffer/4.1.77.Final/netty-buffer-4.1.77.Final.jar:/home/runner/.m2/repository/io/netty/netty-codec-http/4.1.77.Final/netty-codec-http-4.1.77.Final.jar:/home/runner/.m2/repository/io/netty/netty-handler-proxy/4.1.77.Final/netty-handler-proxy-4.1.77.Final.jar:/home/runner/.m2/repository/io/netty/netty-codec-socks/4.1.77.Final/netty-codec-socks-4.1.77.Final.jar:/home/runner/.m2/repository/io/netty/netty-tcnative-boringssl-static/2.0.52.Final/netty-tcnative-boringssl-static-2.0.52.Final.jar:/home/runner/.m2/repository/io/netty/netty-tcnative-classes/2.0.52.Final/netty-tcnative-classes-2.0.52.Final.jar:/home/runner/.m2/repository/io/netty/netty-tcnative-boringssl-static/2.0.52.Final/netty-tcnative-boringssl-static-2.0.52.Final-linux-x86_64.jar:/home/runner/.m2/repository/io/netty/netty-tcnative-boringssl-static/2.0.52.Final/netty-tcnative-boringssl-static-2.0.52.Final-linux-aarch_64.jar:/home/runner/.m2/repository/io/netty/netty-tcnative-boringssl-static/2.0.52.Final/netty-tcnative-boringssl-static-2.0.52.Final-osx-x86_64.jar:/home/runner/.m2/repository/io/netty/netty-tcnative-boringssl-static/2.0.52.Final/netty-tcnative-boringssl-static-2.0.52.Final-osx-aarch_64.jar:/home/runner/.m2/repository/io/netty/netty-tcnative-boringssl-static/2.0.52.Final/netty-tcnative-boringssl-static-2.0.52.Final-windows-x86_64.jar:/home/runner/.m2/repository/org/apache/commons/commons-compress/1.21/commons-compress-1.21.jar:/home/runner/.m2/repository/org/apache/ozone/hdds-common/1.4.0-SNAPSHOT/hdds-common-1.4.0-SNAPSHOT.jar:/home/runner/.m2/repository/org/apache/ozone/hdds-client/1.4.0-SNAPSHOT/hdds-client-1.4.0-SNAPSHOT.jar:/home/runner/.m2/repository/org/apache/ozone/ozone-interface-client/1.4.0-SNAPSHOT/ozone-interface-client-1.4.0-SNAPSHOT.jar:/home/runner/.m2/repository/org/apache/ozone/hdds-test-utils/1.4.0-SNAPSHOT/hdds-test-utils-1.4.0-SNAPSHOT.jar:/home/runner/.m2/repository/com/google/guava/guava/31.1-jre/guava-31.1-jre.jar:/home/runner/.m2/repository/com/google/guava/failureaccess/1.0.1/failureaccess-1.0.1.jar:/home/runner/.m2/repository/com/google/guava/listenablefuture/9999.0-empty-to-avoid-conflict-with-guava/listenablefuture-9999.0-empty-to-avoid-conflict-with-guava.jar:/home/runner/.m2/repository/com/google/code/findbugs/jsr305/3.0.0/jsr305-3.0.0.jar:/home/runner/.m2/repository/org/checkerframework/checker-qual/3.12.0/checker-qual-3.12.0.jar:/home/runner/.m2/repository/com/google/j2objc/j2objc-annotations/1.3/j2objc-annotations-1.3.jar:/home/runner/.m2/repository/commons-io/commons-io/2.11.0/commons-io-2.11.0.jar:/home/runner/.m2/repository/commons-logging/commons-logging/1.2/commons-logging-1.2.jar:/home/runner/.m2/repository/ch/qos/reload4j/reload4j/1.2.22/reload4j-1.2.22.jar:/home/runner/.m2/repository/org/slf4j/slf4j-api/1.7.36/slf4j-api-1.7.36.jar:/home/runner/.m2/repository/org/apache/ozone/hdds-server-scm/1.4.0-SNAPSHOT/hdds-server-scm-1.4.0-SNAPSHOT.jar:/home/runner/.m2/repository/org/apache/ozone/hdds-container-service/1.4.0-SNAPSHOT/hdds-container-service-1.4.0-SNAPSHOT.jar:/home/runner/.m2/repository/org/apache/ozone/hdds-hadoop-dependency-server/1.4.0-SNAPSHOT/hdds-hadoop-dependency-server-1.4.0-SNAPSHOT.jar:/home/runner/.m2/repository/org/apache/hadoop/hadoop-hdfs/3.3.4/hadoop-hdfs-3.3.4.jar:/home/runner/.m2/repository/org/eclipse/jetty/jetty-util-ajax/9.4.49.v20220914/jetty-util-ajax-9.4.49.v20220914.jar:/home/runner/.m2/repository/commons-daemon/commons-daemon/1.0.13/commons-daemon-1.0.13.jar:/home/runner/.m2/repository/org/apache/ozone/hdds-server-framework/1.4.0-SNAPSHOT/hdds-server-framework-1.4.0-SNAPSHOT.jar:/home/runner/.m2/repository/org/apache/ozone/hdds-interface-server/1.4.0-SNAPSHOT/hdds-interface-server-1.4.0-SNAPSHOT.jar:/home/runner/.m2/repository/org/apache/commons/commons-configuration2/2.1.1/commons-configuration2-2.1.1.jar:/home/runner/.m2/repository/org/apache/logging/log4j/log4j-core/2.17.1/log4j-core-2.17.1.jar:/home/runner/.m2/repository/com/lmax/disruptor/3.4.2/disruptor-3.4.2.jar:/home/runner/.m2/repository/org/eclipse/jetty/jetty-servlet/9.4.49.v20220914/jetty-servlet-9.4.49.v20220914.jar:/home/runner/.m2/repository/org/eclipse/jetty/jetty-security/9.4.49.v20220914/jetty-security-9.4.49.v20220914.jar:/home/runner/.m2/repository/org/rocksdb/rocksdbjni/7.7.3/rocksdbjni-7.7.3.jar:/home/runner/.m2/repository/io/prometheus/simpleclient_dropwizard/0.7.0/simpleclient_dropwizard-0.7.0.jar:/home/runner/.m2/repository/io/prometheus/simpleclient/0.7.0/simpleclient-0.7.0.jar:/home/runner/.m2/repository/io/prometheus/simpleclient_common/0.7.0/simpleclient_common-0.7.0.jar:/home/runner/.m2/repository/com/github/spotbugs/spotbugs-annotations/3.1.12/spotbugs-annotations-3.1.12.jar:/home/runner/.m2/repository/io/dropwizard/metrics/metrics-core/3.2.4/metrics-core-3.2.4.jar:/home/runner/.m2/repository/org/apache/commons/commons-text/1.4/commons-text-1.4.jar:/home/runner/.m2/repository/org/apache/hadoop/hadoop-hdfs-client/3.3.4/hadoop-hdfs-client-3.3.4.jar:/home/runner/.m2/repository/com/squareup/okhttp3/okhttp/4.9.3/okhttp-4.9.3.jar:/home/runner/.m2/repository/com/squareup/okio/okio/2.8.0/okio-2.8.0.jar:/home/runner/.m2/repository/org/jetbrains/kotlin/kotlin-stdlib-common/1.4.10/kotlin-stdlib-common-1.4.10.jar:/home/runner/.m2/repository/org/bouncycastle/bcprov-jdk15on/1.67/bcprov-jdk15on-1.67.jar:/home/runner/.m2/repository/com/google/protobuf/protobuf-java/2.5.0/protobuf-java-2.5.0.jar:/home/runner/.m2/repository/org/apache/ozone/ozone-manager/1.4.0-SNAPSHOT/ozone-manager-1.4.0-SNAPSHOT.jar:/home/runner/.m2/repository/org/aspectj/aspectjrt/1.9.7/aspectjrt-1.9.7.jar:/home/runner/.m2/repository/org/aspectj/aspectjweaver/1.9.7/aspectjweaver-1.9.7.jar:/home/runner/.m2/repository/org/apache/ozone/hdds-interface-client/1.4.0-SNAPSHOT/hdds-interface-client-1.4.0-SNAPSHOT.jar:/home/runner/.m2/repository/org/apache/hadoop/thirdparty/hadoop-shaded-protobuf_3_7/1.1.1/hadoop-shaded-protobuf_3_7-1.1.1.jar:/home/runner/.m2/repository/org/apache/ozone/ozone-interface-storage/1.4.0-SNAPSHOT/ozone-interface-storage-1.4.0-SNAPSHOT.jar:/home/runner/.m2/repository/org/reflections/reflections/0.9.11/reflections-0.9.11.jar:/home/runner/.m2/repository/com/sun/jersey/jersey-client/1.19/jersey-client-1.19.jar:/home/runner/.m2/repository/org/apache/ranger/ranger-intg/2.3.0/ranger-intg-2.3.0.jar:/home/runner/.m2/repository/org/apache/ranger/ranger-plugins-common/2.3.0/ranger-plugins-common-2.3.0.jar:/home/runner/.m2/repository/commons-lang/commons-lang/2.6/commons-lang-2.6.jar:/home/runner/.m2/repository/org/codehaus/jackson/jackson-jaxrs/1.9.13/jackson-jaxrs-1.9.13.jar:/home/runner/.m2/repository/org/apache/ranger/ranger-plugins-cred/2.3.0/ranger-plugins-cred-2.3.0.jar:/home/runner/.m2/repository/org/apache/ranger/ranger-plugins-audit/2.3.0/ranger-plugins-audit-2.3.0.jar:/home/runner/.m2/repository/org/eclipse/jetty/jetty-client/9.4.31.v20200723/jetty-client-9.4.31.v20200723.jar:/home/runner/.m2/repository/org/apache/httpcomponents/httpmime/4.5.6/httpmime-4.5.6.jar:/home/runner/.m2/repository/org/apache/httpcomponents/httpcore-nio/4.4.6/httpcore-nio-4.4.6.jar:/home/runner/.m2/repository/org/apache/httpcomponents/httpasyncclient/4.1.3/httpasyncclient-4.1.3.jar:/home/runner/.m2/repository/com/carrotsearch/hppc/0.8.0/hppc-0.8.0.jar:/home/runner/.m2/repository/org/apache/orc/orc-core/1.5.8/orc-core-1.5.8.jar:/home/runner/.m2/repository/net/java/dev/jna/jna/5.2.0/jna-5.2.0.jar:/home/runner/.m2/repository/net/java/dev/jna/jna-platform/5.2.0/jna-platform-5.2.0.jar:/home/runner/.m2/repository/com/kstruct/gethostname4j/0.0.2/gethostname4j-0.0.2.jar:/home/runner/.m2/repository/org/apache/ranger/ranger-plugin-classloader/2.3.0/ranger-plugin-classloader-2.3.0.jar:/home/runner/.m2/repository/org/apache/hadoop/hadoop-minikdc/3.3.4/hadoop-minikdc-3.3.4.jar:/home/runner/.m2/repository/org/apache/kerby/kerb-simplekdc/1.0.1/kerb-simplekdc-1.0.1.jar:/home/runner/.m2/repository/org/apache/kerby/kerb-client/1.0.1/kerb-client-1.0.1.jar:/home/runner/.m2/repository/org/apache/kerby/kerby-config/1.0.1/kerby-config-1.0.1.jar:/home/runner/.m2/repository/org/apache/kerby/kerb-common/1.0.1/kerb-common-1.0.1.jar:/home/runner/.m2/repository/org/apache/kerby/kerb-crypto/1.0.1/kerb-crypto-1.0.1.jar:/home/runner/.m2/repository/org/apache/kerby/kerb-util/1.0.1/kerb-util-1.0.1.jar:/home/runner/.m2/repository/org/apache/kerby/token-provider/1.0.1/token-provider-1.0.1.jar:/home/runner/.m2/repository/org/apache/kerby/kerb-admin/1.0.1/kerb-admin-1.0.1.jar:/home/runner/.m2/repository/org/apache/kerby/kerb-server/1.0.1/kerb-server-1.0.1.jar:/home/runner/.m2/repository/org/apache/kerby/kerb-identity/1.0.1/kerb-identity-1.0.1.jar:/home/runner/.m2/repository/org/apache/kerby/kerby-xdr/1.0.1/kerby-xdr-1.0.1.jar:/home/runner/.m2/repository/org/apache/ozone/ozone-s3gateway/1.4.0-SNAPSHOT/ozone-s3gateway-1.4.0-SNAPSHOT.jar:/home/runner/.m2/repository/org/javassist/javassist/3.21.0-GA/javassist-3.21.0-GA.jar:/home/runner/.m2/repository/org/jboss/weld/servlet/weld-servlet/2.4.7.Final/weld-servlet-2.4.7.Final.jar:/home/runner/.m2/repository/org/glassfish/jersey/containers/jersey-container-servlet-core/2.34/jersey-container-servlet-core-2.34.jar:/home/runner/.m2/repository/org/glassfish/hk2/external/jakarta.inject/2.6.1/jakarta.inject-2.6.1.jar:/home/runner/.m2/repository/org/glassfish/jersey/core/jersey-common/2.34/jersey-common-2.34.jar:/home/runner/.m2/repository/jakarta/ws/rs/jakarta.ws.rs-api/2.1.6/jakarta.ws.rs-api-2.1.6.jar:/home/runner/.m2/repository/org/glassfish/jersey/ext/cdi/jersey-cdi1x/2.34/jersey-cdi1x-2.34.jar:/home/runner/.m2/repository/org/glassfish/jersey/inject/jersey-hk2/2.34/jersey-hk2-2.34.jar:/home/runner/.m2/repository/org/glassfish/hk2/hk2-locator/2.6.1/hk2-locator-2.6.1.jar:/home/runner/.m2/repository/org/glassfish/jersey/media/jersey-media-jaxb/2.34/jersey-media-jaxb-2.34.jar:/home/runner/.m2/repository/org/glassfish/hk2/osgi-resource-locator/1.0.3/osgi-resource-locator-1.0.3.jar:/home/runner/.m2/repository/org/glassfish/hk2/hk2-api/2.5.0/hk2-api-2.5.0.jar:/home/runner/.m2/repository/org/glassfish/hk2/hk2-utils/2.5.0/hk2-utils-2.5.0.jar:/home/runner/.m2/repository/org/glassfish/hk2/external/aopalliance-repackaged/2.5.0/aopalliance-repackaged-2.5.0.jar:/home/runner/.m2/repository/com/fasterxml/jackson/dataformat/jackson-dataformat-xml/2.13.4/jackson-dataformat-xml-2.13.4.jar:/home/runner/.m2/repository/com/fasterxml/jackson/core/jackson-core/2.13.4/jackson-core-2.13.4.jar:/home/runner/.m2/repository/org/codehaus/woodstox/stax2-api/4.2.1/stax2-api-4.2.1.jar:/home/runner/.m2/repository/com/fasterxml/woodstox/woodstox-core/5.4.0/woodstox-core-5.4.0.jar:/home/runner/.m2/repository/com/fasterxml/jackson/module/jackson-module-jaxb-annotations/2.13.4/jackson-module-jaxb-annotations-2.13.4.jar:/home/runner/.m2/repository/jakarta/xml/bind/jakarta.xml.bind-api/2.3.3/jakarta.xml.bind-api-2.3.3.jar:/home/runner/.m2/repository/jakarta/activation/jakarta.activation-api/1.2.1/jakarta.activation-api-1.2.1.jar:/home/runner/.m2/repository/javax/enterprise/cdi-api/1.2/cdi-api-1.2.jar:/home/runner/.m2/repository/javax/el/javax.el-api/3.0.0/javax.el-api-3.0.0.jar:/home/runner/.m2/repository/javax/interceptor/javax.interceptor-api/1.2/javax.interceptor-api-1.2.jar:/home/runner/.m2/repository/javax/inject/javax.inject/1/javax.inject-1.jar:/home/runner/.m2/repository/javax/xml/bind/jaxb-api/2.3.0/jaxb-api-2.3.0.jar:/home/runner/.m2/repository/org/glassfish/jaxb/jaxb-runtime/2.3.0.1/jaxb-runtime-2.3.0.1.jar:/home/runner/.m2/repository/org/glassfish/jaxb/jaxb-core/2.3.0.1/jaxb-core-2.3.0.1.jar:/home/runner/.m2/repository/org/glassfish/jaxb/txw2/2.3.0.1/txw2-2.3.0.1.jar:/home/runner/.m2/repository/com/sun/istack/istack-commons-runtime/3.0.5/istack-commons-runtime-3.0.5.jar:/home/runner/.m2/repository/org/jvnet/staxex/stax-ex/1.7.8/stax-ex-1.7.8.jar:/home/runner/.m2/repository/com/sun/xml/fastinfoset/FastInfoset/1.2.13/FastInfoset-1.2.13.jar:/home/runner/.m2/repository/javax/activation/activation/1.1.1/activation-1.1.1.jar:/home/runner/.m2/repository/io/grpc/grpc-protobuf/1.48.1/grpc-protobuf-1.48.1.jar:/home/runner/.m2/repository/io/grpc/grpc-api/1.48.1/grpc-api-1.48.1.jar:/home/runner/.m2/repository/io/grpc/grpc-context/1.48.1/grpc-context-1.48.1.jar:/home/runner/.m2/repository/com/google/api/grpc/proto-google-common-protos/2.9.0/proto-google-common-protos-2.9.0.jar:/home/runner/.m2/repository/io/grpc/grpc-protobuf-lite/1.48.1/grpc-protobuf-lite-1.48.1.jar:/home/runner/.m2/repository/io/grpc/grpc-stub/1.48.1/grpc-stub-1.48.1.jar:/home/runner/.m2/repository/io/netty/netty-transport/4.1.77.Final/netty-transport-4.1.77.Final.jar:/home/runner/.m2/repository/io/netty/netty-resolver/4.1.77.Final/netty-resolver-4.1.77.Final.jar:/home/runner/.m2/repository/org/apache/ozone/ozone-csi/1.4.0-SNAPSHOT/ozone-csi-1.4.0-SNAPSHOT.jar:/home/runner/.m2/repository/com/google/protobuf/protobuf-java-util/3.19.6/protobuf-java-util-3.19.6.jar:/home/runner/.m2/repository/com/google/code/gson/gson/2.9.0/gson-2.9.0.jar:/home/runner/.m2/repository/org/apache/ozone/hdds-config/1.4.0-SNAPSHOT/hdds-config-1.4.0-SNAPSHOT.jar:/home/runner/.m2/repository/io/netty/netty-transport-native-epoll/4.1.77.Final/netty-transport-native-epoll-4.1.77.Final-linux-x86_64.jar:/home/runner/.m2/repository/io/netty/netty-transport-classes-epoll/4.1.77.Final/netty-transport-classes-epoll-4.1.77.Final.jar:/home/runner/.m2/repository/io/netty/netty-transport-native-unix-common/4.1.77.Final/netty-transport-native-unix-common-4.1.77.Final.jar:/home/runner/.m2/repository/org/slf4j/slf4j-reload4j/1.7.36/slf4j-reload4j-1.7.36.jar:/home/runner/.m2/repository/org/apache/ozone/ozone-recon/1.4.0-SNAPSHOT/ozone-recon-1.4.0-SNAPSHOT.jar:/home/runner/.m2/repository/org/apache/ozone/ozone-reconcodegen/1.4.0-SNAPSHOT/ozone-reconcodegen-1.4.0-SNAPSHOT.jar:/home/runner/.m2/repository/com/google/inject/extensions/guice-multibindings/4.0/guice-multibindings-4.0.jar:/home/runner/.m2/repository/com/google/inject/guice/4.0/guice-4.0.jar:/home/runner/.m2/repository/aopalliance/aopalliance/1.0/aopalliance-1.0.jar:/home/runner/.m2/repository/com/google/inject/extensions/guice-assistedinject/4.0/guice-assistedinject-4.0.jar:/home/runner/.m2/repository/com/google/inject/extensions/guice-servlet/4.0/guice-servlet-4.0.jar:/home/runner/.m2/repository/org/glassfish/jersey/containers/jersey-container-servlet/2.34/jersey-container-servlet-2.34.jar:/home/runner/.m2/repository/org/glassfish/hk2/guice-bridge/2.5.0/guice-bridge-2.5.0.jar:/home/runner/.m2/repository/org/glassfish/jersey/core/jersey-server/2.34/jersey-server-2.34.jar:/home/runner/.m2/repository/org/glassfish/jersey/core/jersey-client/2.34/jersey-client-2.34.jar:/home/runner/.m2/repository/jakarta/annotation/jakarta.annotation-api/1.3.5/jakarta.annotation-api-1.3.5.jar:/home/runner/.m2/repository/jakarta/validation/jakarta.validation-api/2.0.2/jakarta.validation-api-2.0.2.jar:/home/runner/.m2/repository/org/glassfish/jersey/media/jersey-media-json-jackson/2.34/jersey-media-json-jackson-2.34.jar:/home/runner/.m2/repository/org/glassfish/jersey/ext/jersey-entity-filtering/2.34/jersey-entity-filtering-2.34.jar:/home/runner/.m2/repository/org/jooq/jooq/3.11.10/jooq-3.11.10.jar:/home/runner/.m2/repository/org/jooq/jooq-meta/3.11.10/jooq-meta-3.11.10.jar:/home/runner/.m2/repository/org/jooq/jooq-codegen/3.11.10/jooq-codegen-3.11.10.jar:/home/runner/.m2/repository/com/jolbox/bonecp/0.8.0.RELEASE/bonecp-0.8.0.RELEASE.jar:/home/runner/.m2/repository/org/apache/derby/derby/10.14.2.0/derby-10.14.2.0.jar:/home/runner/.m2/repository/org/xerial/sqlite-jdbc/3.25.2/sqlite-jdbc-3.25.2.jar:/home/runner/.m2/repository/org/springframework/spring-jdbc/5.3.23/spring-jdbc-5.3.23.jar:/home/runner/.m2/repository/org/springframework/spring-beans/5.3.23/spring-beans-5.3.23.jar:/home/runner/.m2/repository/org/springframework/spring-core/5.3.23/spring-core-5.3.23.jar:/home/runner/.m2/repository/org/springframework/spring-jcl/5.3.23/spring-jcl-5.3.23.jar:/home/runner/.m2/repository/org/springframework/spring-tx/5.3.23/spring-tx-5.3.23.jar:/home/runner/.m2/repository/org/apache/ozone/ozone-client/1.4.0-SNAPSHOT/ozone-client-1.4.0-SNAPSHOT.jar:/home/runner/.m2/repository/org/apache/ozone/hdds-erasurecode/1.4.0-SNAPSHOT/hdds-erasurecode-1.4.0-SNAPSHOT.jar:/home/runner/.m2/repository/org/apache/ozone/ozone-filesystem/1.4.0-SNAPSHOT/ozone-filesystem-1.4.0-SNAPSHOT.jar:/home/runner/.m2/repository/org/apache/ozone/ozone-filesystem-common/1.4.0-SNAPSHOT/ozone-filesystem-common-1.4.0-SNAPSHOT.jar:/home/runner/.m2/repository/org/apache/ozone/ozone-tools/1.4.0-SNAPSHOT/ozone-tools-1.4.0-SNAPSHOT.jar:/home/runner/.m2/repository/org/apache/ratis/ratis-tools/2.4.2-8b8bdda-SNAPSHOT/ratis-tools-2.4.2-8b8bdda-SNAPSHOT.jar:/home/runner/.m2/repository/com/amazonaws/aws-java-sdk-core/1.12.261/aws-java-sdk-core-1.12.261.jar:/home/runner/.m2/repository/org/apache/httpcomponents/httpclient/4.5.13/httpclient-4.5.13.jar:/home/runner/.m2/repository/org/apache/httpcomponents/httpcore/4.4.13/httpcore-4.4.13.jar:/home/runner/.m2/repository/software/amazon/ion/ion-java/1.0.2/ion-java-1.0.2.jar:/home/runner/.m2/repository/com/fasterxml/jackson/dataformat/jackson-dataformat-cbor/2.13.4/jackson-dataformat-cbor-2.13.4.jar:/home/runner/.m2/repository/joda-time/joda-time/2.8.1/joda-time-2.8.1.jar:/home/runner/.m2/repository/com/amazonaws/aws-java-sdk-s3/1.12.261/aws-java-sdk-s3-1.12.261.jar:/home/runner/.m2/repository/com/amazonaws/aws-java-sdk-kms/1.12.261/aws-java-sdk-kms-1.12.261.jar:/home/runner/.m2/repository/com/amazonaws/jmespath-java/1.12.261/jmespath-java-1.12.261.jar:/home/runner/.m2/repository/org/kohsuke/metainf-services/metainf-services/1.8/metainf-services-1.8.jar:/home/runner/.m2/repository/org/apache/ozone/hdds-tools/1.4.0-SNAPSHOT/hdds-tools-1.4.0-SNAPSHOT.jar:/home/runner/.m2/repository/commons-cli/commons-cli/1.2/commons-cli-1.2.jar:/home/runner/.m2/repository/org/apache/commons/commons-lang3/3.7/commons-lang3-3.7.jar:/home/runner/.m2/repository/org/apache/ozone/ozone-manager/1.4.0-SNAPSHOT/ozone-manager-1.4.0-SNAPSHOT-tests.jar:/home/runner/.m2/repository/org/apache/ozone/hdds-common/1.4.0-SNAPSHOT/hdds-common-1.4.0-SNAPSHOT-tests.jar:/home/runner/.m2/repository/org/apache/ozone/hdds-hadoop-dependency-client/1.4.0-SNAPSHOT/hdds-hadoop-dependency-client-1.4.0-SNAPSHOT.jar:/home/runner/.m2/repository/info/picocli/picocli/4.6.1/picocli-4.6.1.jar:/home/runner/.m2/repository/com/fasterxml/jackson/core/jackson-annotations/2.13.4/jackson-annotations-2.13.4.jar:/home/runner/.m2/repository/com/fasterxml/jackson/datatype/jackson-datatype-jsr310/2.13.4/jackson-datatype-jsr310-2.13.4.jar:/home/runner/.m2/repository/org/apache/ozone/hdds-annotation-processing/1.4.0-SNAPSHOT/hdds-annotation-processing-1.4.0-SNAPSHOT.jar:/home/runner/.m2/repository/javax/annotation/javax.annotation-api/1.2/javax.annotation-api-1.2.jar:/home/runner/.m2/repository/org/apache/ratis/ratis-server/2.4.2-8b8bdda-SNAPSHOT/ratis-server-2.4.2-8b8bdda-SNAPSHOT.jar:/home/runner/.m2/repository/org/apache/ratis/ratis-client/2.4.2-8b8bdda-SNAPSHOT/ratis-client-2.4.2-8b8bdda-SNAPSHOT.jar:/home/runner/.m2/repository/org/apache/ratis/ratis-server-api/2.4.2-8b8bdda-SNAPSHOT/ratis-server-api-2.4.2-8b8bdda-SNAPSHOT.jar:/home/runner/.m2/repository/org/apache/ratis/ratis-metrics/2.4.2-8b8bdda-SNAPSHOT/ratis-metrics-2.4.2-8b8bdda-SNAPSHOT.jar:/home/runner/.m2/repository/org/apache/ratis/ratis-netty/2.4.2-8b8bdda-SNAPSHOT/ratis-netty-2.4.2-8b8bdda-SNAPSHOT.jar:/home/runner/.m2/repository/org/apache/ratis/ratis-grpc/2.4.2-8b8bdda-SNAPSHOT/ratis-grpc-2.4.2-8b8bdda-SNAPSHOT.jar:/home/runner/.m2/repository/org/apache/logging/log4j/log4j-api/2.17.1/log4j-api-2.17.1.jar:/home/runner/.m2/repository/org/apache/commons/commons-pool2/2.6.0/commons-pool2-2.6.0.jar:/home/runner/.m2/repository/org/bouncycastle/bcpkix-jdk15on/1.67/bcpkix-jdk15on-1.67.jar:/home/runner/.m2/repository/commons-validator/commons-validator/1.6/commons-validator-1.6.jar:/home/runner/.m2/repository/commons-beanutils/commons-beanutils/1.9.4/commons-beanutils-1.9.4.jar:/home/runner/.m2/repository/commons-digester/commons-digester/1.8.1/commons-digester-1.8.1.jar:/home/runner/.m2/repository/commons-collections/commons-collections/3.2.2/commons-collections-3.2.2.jar:/home/runner/.m2/repository/io/jaegertracing/jaeger-client/1.6.0/jaeger-client-1.6.0.jar:/home/runner/.m2/repository/io/jaegertracing/jaeger-thrift/1.6.0/jaeger-thrift-1.6.0.jar:/home/runner/.m2/repository/org/apache/thrift/libthrift/0.14.1/libthrift-0.14.1.jar:/home/runner/.m2/repository/io/jaegertracing/jaeger-core/1.6.0/jaeger-core-1.6.0.jar:/home/runner/.m2/repository/io/jaegertracing/jaeger-tracerresolver/1.6.0/jaeger-tracerresolver-1.6.0.jar:/home/runner/.m2/repository/io/opentracing/contrib/opentracing-tracerresolver/0.1.8/opentracing-tracerresolver-0.1.8.jar:/home/runner/.m2/repository/org/jetbrains/kotlin/kotlin-stdlib/1.6.21/kotlin-stdlib-1.6.21.jar:/home/runner/.m2/repository/org/jetbrains/annotations/13.0/annotations-13.0.jar:/home/runner/.m2/repository/io/opentracing/opentracing-util/0.33.0/opentracing-util-0.33.0.jar:/home/runner/.m2/repository/io/opentracing/opentracing-api/0.33.0/opentracing-api-0.33.0.jar:/home/runner/.m2/repository/io/opentracing/opentracing-noop/0.33.0/opentracing-noop-0.33.0.jar:/home/runner/.m2/repository/org/yaml/snakeyaml/1.33/snakeyaml-1.33.jar:/home/runner/.m2/repository/org/apache/ozone/hdds-interface-admin/1.4.0-SNAPSHOT/hdds-interface-admin-1.4.0-SNAPSHOT.jar:/home/runner/.m2/repository/junit/junit/4.13.1/junit-4.13.1.jar:/home/runner/.m2/repository/org/hamcrest/hamcrest-core/1.3/hamcrest-core-1.3.jar:/home/runner/.m2/repository/org/junit/jupiter/junit-jupiter-api/5.8.2/junit-jupiter-api-5.8.2.jar:/home/runner/.m2/repository/org/opentest4j/opentest4j/1.2.0/opentest4j-1.2.0.jar:/home/runner/.m2/repository/org/junit/platform/junit-platform-commons/1.8.2/junit-platform-commons-1.8.2.jar:/home/runner/.m2/repository/org/apiguardian/apiguardian-api/1.1.2/apiguardian-api-1.1.2.jar:/home/runner/.m2/repository/org/junit/jupiter/junit-jupiter-params/5.8.2/junit-jupiter-params-5.8.2.jar:/home/runner/.m2/repository/org/junit/jupiter/junit-jupiter-migrationsupport/5.8.2/junit-jupiter-migrationsupport-5.8.2.jar:/home/runner/.m2/repository/org/junit/jupiter/junit-jupiter-engine/5.8.2/junit-jupiter-engine-5.8.2.jar:/home/runner/.m2/repository/org/junit/platform/junit-platform-engine/1.8.2/junit-platform-engine-1.8.2.jar:/home/runner/.m2/repository/org/junit/vintage/junit-vintage-engine/5.8.2/junit-vintage-engine-5.8.2.jar:/home/runner/.m2/repository/org/junit/platform/junit-platform-launcher/1.8.2/junit-platform-launcher-1.8.2.jar:/home/runner/.m2/repository/org/mockito/mockito-core/2.28.2/mockito-core-2.28.2.jar:/home/runner/.m2/repository/net/bytebuddy/byte-buddy/1.9.10/byte-buddy-1.9.10.jar:/home/runner/.m2/repository/net/bytebuddy/byte-buddy-agent/1.9.10/byte-buddy-agent-1.9.10.jar:/home/runner/.m2/repository/org/objenesis/objenesis/1.0/objenesis-1.0.jar:/home/runner/.m2/repository/org/apache/hadoop/hadoop-kms/3.3.4/hadoop-kms-3.3.4.jar:/home/runner/.m2/repository/org/apache/hadoop/hadoop-auth/3.3.4/hadoop-auth-3.3.4.jar:/home/runner/.m2/repository/com/nimbusds/nimbus-jose-jwt/9.8.1/nimbus-jose-jwt-9.8.1.jar:/home/runner/.m2/repository/com/github/stephenc/jcip/jcip-annotations/1.0-1/jcip-annotations-1.0-1.jar:/home/runner/.m2/repository/net/minidev/json-smart/2.4.7/json-smart-2.4.7.jar:/home/runner/.m2/repository/net/minidev/accessors-smart/2.4.7/accessors-smart-2.4.7.jar:/home/runner/.m2/repository/org/ow2/asm/asm/5.0.4/asm-5.0.4.jar:/home/runner/.m2/repository/org/apache/zookeeper/zookeeper/3.5.6/zookeeper-3.5.6.jar:/home/runner/.m2/repository/org/apache/zookeeper/zookeeper-jute/3.5.6/zookeeper-jute-3.5.6.jar:/home/runner/.m2/repository/org/apache/yetus/audience-annotations/0.5.0/audience-annotations-0.5.0.jar:/home/runner/.m2/repository/org/apache/curator/curator-framework/4.2.0/curator-framework-4.2.0.jar:/home/runner/.m2/repository/org/apache/hadoop/thirdparty/hadoop-shaded-guava/1.1.1/hadoop-shaded-guava-1.1.1.jar:/home/runner/.m2/repository/com/sun/jersey/jersey-core/1.19/jersey-core-1.19.jar:/home/runner/.m2/repository/javax/ws/rs/jsr311-api/1.1.1/jsr311-api-1.1.1.jar:/home/runner/.m2/repository/com/sun/jersey/jersey-server/1.19/jersey-server-1.19.jar:/home/runner/.m2/repository/javax/servlet/javax.servlet-api/3.1.0/javax.servlet-api-3.1.0.jar:/home/runner/.m2/repository/org/eclipse/jetty/jetty-server/9.4.49.v20220914/jetty-server-9.4.49.v20220914.jar:/home/runner/.m2/repository/org/eclipse/jetty/jetty-http/9.4.49.v20220914/jetty-http-9.4.49.v20220914.jar:/home/runner/.m2/repository/org/eclipse/jetty/jetty-io/9.4.49.v20220914/jetty-io-9.4.49.v20220914.jar:/home/runner/.m2/repository/org/eclipse/jetty/jetty-webapp/9.4.49.v20220914/jetty-webapp-9.4.49.v20220914.jar:/home/runner/.m2/repository/org/eclipse/jetty/jetty-xml/9.4.49.v20220914/jetty-xml-9.4.49.v20220914.jar:/home/runner/.m2/repository/org/apache/hadoop/hadoop-common/3.3.4/hadoop-common-3.3.4.jar:/home/runner/.m2/repository/org/apache/commons/commons-math3/3.1.1/commons-math3-3.1.1.jar:/home/runner/.m2/repository/commons-net/commons-net/3.9.0/commons-net-3.9.0.jar:/home/runner/.m2/repository/com/sun/jersey/jersey-servlet/1.19/jersey-servlet-1.19.jar:/home/runner/.m2/repository/com/sun/jersey/jersey-json/1.19/jersey-json-1.19.jar:/home/runner/.m2/repository/org/codehaus/jettison/jettison/1.1/jettison-1.1.jar:/home/runner/.m2/repository/com/sun/xml/bind/jaxb-impl/2.2.3-1/jaxb-impl-2.2.3-1.jar:/home/runner/.m2/repository/org/codehaus/jackson/jackson-xc/1.9.2/jackson-xc-1.9.2.jar:/home/runner/.m2/repository/com/google/re2j/re2j/1.1/re2j-1.1.jar:/home/runner/.m2/repository/com/jcraft/jsch/0.1.54/jsch-0.1.54.jar:/home/runner/.m2/repository/org/apache/curator/curator-client/4.2.0/curator-client-4.2.0.jar:/home/runner/.m2/repository/org/apache/curator/curator-recipes/4.2.0/curator-recipes-4.2.0.jar:/home/runner/.m2/repository/org/apache/kerby/kerb-core/1.0.1/kerb-core-1.0.1.jar:/home/runner/.m2/repository/org/apache/kerby/kerby-pkix/1.0.1/kerby-pkix-1.0.1.jar:/home/runner/.m2/repository/org/apache/kerby/kerby-asn1/1.0.1/kerby-asn1-1.0.1.jar:/home/runner/.m2/repository/org/apache/kerby/kerby-util/1.0.1/kerby-util-1.0.1.jar:/home/runner/.m2/repository/dnsjava/dnsjava/2.1.7/dnsjava-2.1.7.jar:/home/runner/.m2/repository/org/xerial/snappy/snappy-java/1.1.8.2/snappy-java-1.1.8.2.jar:/home/runner/.m2/repository/org/eclipse/jetty/jetty-util/9.4.49.v20220914/jetty-util-9.4.49.v20220914.jar:/home/runner/.m2/repository/com/fasterxml/jackson/core/jackson-databind/2.13.4.2/jackson-databind-2.13.4.2.jar:/home/runner/.m2/repository/org/apache/hadoop/hadoop-kms/3.3.4/hadoop-kms-3.3.4-tests.jar:/home/runner/.m2/repository/org/apache/ozone/hdds-server-scm/1.4.0-SNAPSHOT/hdds-server-scm-1.4.0-SNAPSHOT-tests.jar:/home/runner/.m2/repository/org/apache/ozone/hdds-container-service/1.4.0-SNAPSHOT/hdds-container-service-1.4.0-SNAPSHOT-tests.jar:/home/runner/.m2/repository/com/github/luben/zstd-jni/1.5.2-5/zstd-jni-1.5.2-5.jar:/home/runner/.m2/repository/commons-codec/commons-codec/1.15/commons-codec-1.15.jar:/home/runner/.m2/repository/io/netty/netty-codec/4.1.77.Final/netty-codec-4.1.77.Final.jar:/home/runner/.m2/repository/io/netty/netty-handler/4.1.77.Final/netty-handler-4.1.77.Final.jar:/home/runner/.m2/repository/org/apache/ozone/hdds-hadoop-dependency-test/1.4.0-SNAPSHOT/hdds-hadoop-dependency-test-1.4.0-SNAPSHOT.jar:/home/runner/.m2/repository/org/apache/hadoop/hadoop-common/3.3.4/hadoop-common-3.3.4-tests.jar:/home/runner/.m2/repository/org/apache/hadoop/hadoop-hdfs/3.3.4/hadoop-hdfs-3.3.4-tests.jar:/home/runner/.m2/repository/org/assertj/assertj-core/3.12.2/assertj-core-3.12.2.jar:/home/runner/.m2/repository/org/apache/hadoop/hadoop-distcp/3.3.4/hadoop-distcp-3.3.4.jar:/home/runner/.m2/repository/org/apache/hadoop/hadoop-mapreduce-client-jobclient/3.3.4/hadoop-mapreduce-client-jobclient-3.3.4.jar:/home/runner/.m2/repository/org/apache/hadoop/hadoop-mapreduce-client-common/3.3.4/hadoop-mapreduce-client-common-3.3.4.jar:/home/runner/.m2/repository/org/apache/hadoop/hadoop-yarn-common/3.3.4/hadoop-yarn-common-3.3.4.jar:/home/runner/.m2/repository/org/apache/hadoop/hadoop-yarn-api/3.3.4/hadoop-yarn-api-3.3.4.jar:/home/runner/.m2/repository/com/sun/jersey/contribs/jersey-guice/1.19/jersey-guice-1.19.jar:/home/runner/.m2/repository/com/fasterxml/jackson/jaxrs/jackson-jaxrs-json-provider/2.13.4/jackson-jaxrs-json-provider-2.13.4.jar:/home/runner/.m2/repository/com/fasterxml/jackson/jaxrs/jackson-jaxrs-base/2.13.4/jackson-jaxrs-base-2.13.4.jar:/home/runner/.m2/repository/org/apache/hadoop/hadoop-yarn-client/3.3.4/hadoop-yarn-client-3.3.4.jar:/home/runner/.m2/repository/org/eclipse/jetty/websocket/websocket-client/9.4.43.v20210629/websocket-client-9.4.43.v20210629.jar:/home/runner/.m2/repository/org/eclipse/jetty/websocket/websocket-common/9.4.43.v20210629/websocket-common-9.4.43.v20210629.jar:/home/runner/.m2/repository/org/eclipse/jetty/websocket/websocket-api/9.4.43.v20210629/websocket-api-9.4.43.v20210629.jar:/home/runner/.m2/repository/org/jline/jline/3.9.0/jline-3.9.0.jar:/home/runner/.m2/repository/org/apache/hadoop/hadoop-mapreduce-client-core/3.3.4/hadoop-mapreduce-client-core-3.3.4.jar:/home/runner/.m2/repository/org/apache/avro/avro/1.7.7/avro-1.7.7.jar:/home/runner/.m2/repository/org/codehaus/jackson/jackson-core-asl/1.9.13/jackson-core-asl-1.9.13.jar:/home/runner/.m2/repository/org/codehaus/jackson/jackson-mapper-asl/1.9.13/jackson-mapper-asl-1.9.13.jar:/home/runner/.m2/repository/com/thoughtworks/paranamer/paranamer/2.3/paranamer-2.3.jar:/home/runner/.m2/repository/org/apache/hadoop/hadoop-annotations/3.3.4/hadoop-annotations-3.3.4.jar:/usr/lib/jvm/temurin-8-jdk-amd64/jre/../lib/tools.jar:/home/runner/.m2/repository/io/netty/netty/3.10.6.Final/netty-3.10.6.Final.jar:/home/runner/.m2/repository/org/apache/hadoop/hadoop-distcp/3.3.4/hadoop-distcp-3.3.4-tests.jar:/home/runner/.m2/repository/org/slf4j/jul-to-slf4j/1.7.36/jul-to-slf4j-1.7.36.jar:/home/runner/.m2/repository/org/apache/ratis/ratis-common/2.4.2-8b8bdda-SNAPSHOT/ratis-common-2.4.2-8b8bdda-SNAPSHOT.jar:/home/runner/.m2/repository/org/apache/ratis/ratis-thirdparty-misc/1.0.3/ratis-thirdparty-misc-1.0.3.jar:/home/runner/.m2/repository/org/apache/ratis/ratis-proto/2.4.2-8b8bdda-SNAPSHOT/ratis-proto-2.4.2-8b8bdda-SNAPSHOT.jar:"/>
    <property name="java.vm.vendor" value="Temurin"/>
    <property name="sun.arch.data.model" value="64"/>
    <property name="test.build.dir" value="/home/runner/work/ozone/ozone/hadoop-ozone/integration-test/target/test-dir"/>
    <property name="test.cache.data" value=""/>
    <property name="java.vendor.url" value="https://adoptium.net/"/>
    <property name="user.timezone" value="Etc/UTC"/>
    <property name="java.vm.specification.version" value="1.8"/>
    <property name="os.name" value="Linux"/>
    <property name="test.build.data" value="/home/runner/work/ozone/ozone/hadoop-ozone/integration-test/target/test-dir"/>
    <property name="sun.java.launcher" value="SUN_STANDARD"/>
    <property name="sun.boot.library.path" value="/usr/lib/jvm/temurin-8-jdk-amd64/jre/lib/amd64"/>
    <property name="sun.java.command" value="/home/runner/work/ozone/ozone/hadoop-ozone/integration-test/target/surefire/surefirebooter3063752439385763402.jar /home/runner/work/ozone/ozone/hadoop-ozone/integration-test/target/surefire 2023-01-09T19-33-28_030-jvmRun1 surefire4597698733081370296tmp surefire_433441154487211900009tmp"/>
    <property name="surefire.test.class.path" value="/home/runner/work/ozone/ozone/hadoop-ozone/integration-test/target/test-classes:/home/runner/work/ozone/ozone/hadoop-ozone/integration-test/target/classes:/home/runner/.m2/repository/org/apache/ozone/ozone-common/1.4.0-SNAPSHOT/ozone-common-1.4.0-SNAPSHOT.jar:/home/runner/.m2/repository/io/grpc/grpc-netty/1.48.1/grpc-netty-1.48.1.jar:/home/runner/.m2/repository/io/grpc/grpc-core/1.48.1/grpc-core-1.48.1.jar:/home/runner/.m2/repository/com/google/android/annotations/4.1.1.4/annotations-4.1.1.4.jar:/home/runner/.m2/repository/org/codehaus/mojo/animal-sniffer-annotations/1.21/animal-sniffer-annotations-1.21.jar:/home/runner/.m2/repository/com/google/errorprone/error_prone_annotations/2.2.0/error_prone_annotations-2.2.0.jar:/home/runner/.m2/repository/io/perfmark/perfmark-api/0.25.0/perfmark-api-0.25.0.jar:/home/runner/.m2/repository/io/netty/netty-codec-http2/4.1.77.Final/netty-codec-http2-4.1.77.Final.jar:/home/runner/.m2/repository/io/netty/netty-common/4.1.77.Final/netty-common-4.1.77.Final.jar:/home/runner/.m2/repository/io/netty/netty-buffer/4.1.77.Final/netty-buffer-4.1.77.Final.jar:/home/runner/.m2/repository/io/netty/netty-codec-http/4.1.77.Final/netty-codec-http-4.1.77.Final.jar:/home/runner/.m2/repository/io/netty/netty-handler-proxy/4.1.77.Final/netty-handler-proxy-4.1.77.Final.jar:/home/runner/.m2/repository/io/netty/netty-codec-socks/4.1.77.Final/netty-codec-socks-4.1.77.Final.jar:/home/runner/.m2/repository/io/netty/netty-tcnative-boringssl-static/2.0.52.Final/netty-tcnative-boringssl-static-2.0.52.Final.jar:/home/runner/.m2/repository/io/netty/netty-tcnative-classes/2.0.52.Final/netty-tcnative-classes-2.0.52.Final.jar:/home/runner/.m2/repository/io/netty/netty-tcnative-boringssl-static/2.0.52.Final/netty-tcnative-boringssl-static-2.0.52.Final-linux-x86_64.jar:/home/runner/.m2/repository/io/netty/netty-tcnative-boringssl-static/2.0.52.Final/netty-tcnative-boringssl-static-2.0.52.Final-linux-aarch_64.jar:/home/runner/.m2/repository/io/netty/netty-tcnative-boringssl-static/2.0.52.Final/netty-tcnative-boringssl-static-2.0.52.Final-osx-x86_64.jar:/home/runner/.m2/repository/io/netty/netty-tcnative-boringssl-static/2.0.52.Final/netty-tcnative-boringssl-static-2.0.52.Final-osx-aarch_64.jar:/home/runner/.m2/repository/io/netty/netty-tcnative-boringssl-static/2.0.52.Final/netty-tcnative-boringssl-static-2.0.52.Final-windows-x86_64.jar:/home/runner/.m2/repository/org/apache/commons/commons-compress/1.21/commons-compress-1.21.jar:/home/runner/.m2/repository/org/apache/ozone/hdds-common/1.4.0-SNAPSHOT/hdds-common-1.4.0-SNAPSHOT.jar:/home/runner/.m2/repository/org/apache/ozone/hdds-client/1.4.0-SNAPSHOT/hdds-client-1.4.0-SNAPSHOT.jar:/home/runner/.m2/repository/org/apache/ozone/ozone-interface-client/1.4.0-SNAPSHOT/ozone-interface-client-1.4.0-SNAPSHOT.jar:/home/runner/.m2/repository/org/apache/ozone/hdds-test-utils/1.4.0-SNAPSHOT/hdds-test-utils-1.4.0-SNAPSHOT.jar:/home/runner/.m2/repository/com/google/guava/guava/31.1-jre/guava-31.1-jre.jar:/home/runner/.m2/repository/com/google/guava/failureaccess/1.0.1/failureaccess-1.0.1.jar:/home/runner/.m2/repository/com/google/guava/listenablefuture/9999.0-empty-to-avoid-conflict-with-guava/listenablefuture-9999.0-empty-to-avoid-conflict-with-guava.jar:/home/runner/.m2/repository/com/google/code/findbugs/jsr305/3.0.0/jsr305-3.0.0.jar:/home/runner/.m2/repository/org/checkerframework/checker-qual/3.12.0/checker-qual-3.12.0.jar:/home/runner/.m2/repository/com/google/j2objc/j2objc-annotations/1.3/j2objc-annotations-1.3.jar:/home/runner/.m2/repository/commons-io/commons-io/2.11.0/commons-io-2.11.0.jar:/home/runner/.m2/repository/commons-logging/commons-logging/1.2/commons-logging-1.2.jar:/home/runner/.m2/repository/ch/qos/reload4j/reload4j/1.2.22/reload4j-1.2.22.jar:/home/runner/.m2/repository/org/slf4j/slf4j-api/1.7.36/slf4j-api-1.7.36.jar:/home/runner/.m2/repository/org/apache/ozone/hdds-server-scm/1.4.0-SNAPSHOT/hdds-server-scm-1.4.0-SNAPSHOT.jar:/home/runner/.m2/repository/org/apache/ozone/hdds-container-service/1.4.0-SNAPSHOT/hdds-container-service-1.4.0-SNAPSHOT.jar:/home/runner/.m2/repository/org/apache/ozone/hdds-hadoop-dependency-server/1.4.0-SNAPSHOT/hdds-hadoop-dependency-server-1.4.0-SNAPSHOT.jar:/home/runner/.m2/repository/org/apache/hadoop/hadoop-hdfs/3.3.4/hadoop-hdfs-3.3.4.jar:/home/runner/.m2/repository/org/eclipse/jetty/jetty-util-ajax/9.4.49.v20220914/jetty-util-ajax-9.4.49.v20220914.jar:/home/runner/.m2/repository/commons-daemon/commons-daemon/1.0.13/commons-daemon-1.0.13.jar:/home/runner/.m2/repository/org/apache/ozone/hdds-server-framework/1.4.0-SNAPSHOT/hdds-server-framework-1.4.0-SNAPSHOT.jar:/home/runner/.m2/repository/org/apache/ozone/hdds-interface-server/1.4.0-SNAPSHOT/hdds-interface-server-1.4.0-SNAPSHOT.jar:/home/runner/.m2/repository/org/apache/commons/commons-configuration2/2.1.1/commons-configuration2-2.1.1.jar:/home/runner/.m2/repository/org/apache/logging/log4j/log4j-core/2.17.1/log4j-core-2.17.1.jar:/home/runner/.m2/repository/com/lmax/disruptor/3.4.2/disruptor-3.4.2.jar:/home/runner/.m2/repository/org/eclipse/jetty/jetty-servlet/9.4.49.v20220914/jetty-servlet-9.4.49.v20220914.jar:/home/runner/.m2/repository/org/eclipse/jetty/jetty-security/9.4.49.v20220914/jetty-security-9.4.49.v20220914.jar:/home/runner/.m2/repository/org/rocksdb/rocksdbjni/7.7.3/rocksdbjni-7.7.3.jar:/home/runner/.m2/repository/io/prometheus/simpleclient_dropwizard/0.7.0/simpleclient_dropwizard-0.7.0.jar:/home/runner/.m2/repository/io/prometheus/simpleclient/0.7.0/simpleclient-0.7.0.jar:/home/runner/.m2/repository/io/prometheus/simpleclient_common/0.7.0/simpleclient_common-0.7.0.jar:/home/runner/.m2/repository/com/github/spotbugs/spotbugs-annotations/3.1.12/spotbugs-annotations-3.1.12.jar:/home/runner/.m2/repository/io/dropwizard/metrics/metrics-core/3.2.4/metrics-core-3.2.4.jar:/home/runner/.m2/repository/org/apache/commons/commons-text/1.4/commons-text-1.4.jar:/home/runner/.m2/repository/org/apache/hadoop/hadoop-hdfs-client/3.3.4/hadoop-hdfs-client-3.3.4.jar:/home/runner/.m2/repository/com/squareup/okhttp3/okhttp/4.9.3/okhttp-4.9.3.jar:/home/runner/.m2/repository/com/squareup/okio/okio/2.8.0/okio-2.8.0.jar:/home/runner/.m2/repository/org/jetbrains/kotlin/kotlin-stdlib-common/1.4.10/kotlin-stdlib-common-1.4.10.jar:/home/runner/.m2/repository/org/bouncycastle/bcprov-jdk15on/1.67/bcprov-jdk15on-1.67.jar:/home/runner/.m2/repository/com/google/protobuf/protobuf-java/2.5.0/protobuf-java-2.5.0.jar:/home/runner/.m2/repository/org/apache/ozone/ozone-manager/1.4.0-SNAPSHOT/ozone-manager-1.4.0-SNAPSHOT.jar:/home/runner/.m2/repository/org/aspectj/aspectjrt/1.9.7/aspectjrt-1.9.7.jar:/home/runner/.m2/repository/org/aspectj/aspectjweaver/1.9.7/aspectjweaver-1.9.7.jar:/home/runner/.m2/repository/org/apache/ozone/hdds-interface-client/1.4.0-SNAPSHOT/hdds-interface-client-1.4.0-SNAPSHOT.jar:/home/runner/.m2/repository/org/apache/hadoop/thirdparty/hadoop-shaded-protobuf_3_7/1.1.1/hadoop-shaded-protobuf_3_7-1.1.1.jar:/home/runner/.m2/repository/org/apache/ozone/ozone-interface-storage/1.4.0-SNAPSHOT/ozone-interface-storage-1.4.0-SNAPSHOT.jar:/home/runner/.m2/repository/org/reflections/reflections/0.9.11/reflections-0.9.11.jar:/home/runner/.m2/repository/com/sun/jersey/jersey-client/1.19/jersey-client-1.19.jar:/home/runner/.m2/repository/org/apache/ranger/ranger-intg/2.3.0/ranger-intg-2.3.0.jar:/home/runner/.m2/repository/org/apache/ranger/ranger-plugins-common/2.3.0/ranger-plugins-common-2.3.0.jar:/home/runner/.m2/repository/commons-lang/commons-lang/2.6/commons-lang-2.6.jar:/home/runner/.m2/repository/org/codehaus/jackson/jackson-jaxrs/1.9.13/jackson-jaxrs-1.9.13.jar:/home/runner/.m2/repository/org/apache/ranger/ranger-plugins-cred/2.3.0/ranger-plugins-cred-2.3.0.jar:/home/runner/.m2/repository/org/apache/ranger/ranger-plugins-audit/2.3.0/ranger-plugins-audit-2.3.0.jar:/home/runner/.m2/repository/org/eclipse/jetty/jetty-client/9.4.31.v20200723/jetty-client-9.4.31.v20200723.jar:/home/runner/.m2/repository/org/apache/httpcomponents/httpmime/4.5.6/httpmime-4.5.6.jar:/home/runner/.m2/repository/org/apache/httpcomponents/httpcore-nio/4.4.6/httpcore-nio-4.4.6.jar:/home/runner/.m2/repository/org/apache/httpcomponents/httpasyncclient/4.1.3/httpasyncclient-4.1.3.jar:/home/runner/.m2/repository/com/carrotsearch/hppc/0.8.0/hppc-0.8.0.jar:/home/runner/.m2/repository/org/apache/orc/orc-core/1.5.8/orc-core-1.5.8.jar:/home/runner/.m2/repository/net/java/dev/jna/jna/5.2.0/jna-5.2.0.jar:/home/runner/.m2/repository/net/java/dev/jna/jna-platform/5.2.0/jna-platform-5.2.0.jar:/home/runner/.m2/repository/com/kstruct/gethostname4j/0.0.2/gethostname4j-0.0.2.jar:/home/runner/.m2/repository/org/apache/ranger/ranger-plugin-classloader/2.3.0/ranger-plugin-classloader-2.3.0.jar:/home/runner/.m2/repository/org/apache/hadoop/hadoop-minikdc/3.3.4/hadoop-minikdc-3.3.4.jar:/home/runner/.m2/repository/org/apache/kerby/kerb-simplekdc/1.0.1/kerb-simplekdc-1.0.1.jar:/home/runner/.m2/repository/org/apache/kerby/kerb-client/1.0.1/kerb-client-1.0.1.jar:/home/runner/.m2/repository/org/apache/kerby/kerby-config/1.0.1/kerby-config-1.0.1.jar:/home/runner/.m2/repository/org/apache/kerby/kerb-common/1.0.1/kerb-common-1.0.1.jar:/home/runner/.m2/repository/org/apache/kerby/kerb-crypto/1.0.1/kerb-crypto-1.0.1.jar:/home/runner/.m2/repository/org/apache/kerby/kerb-util/1.0.1/kerb-util-1.0.1.jar:/home/runner/.m2/repository/org/apache/kerby/token-provider/1.0.1/token-provider-1.0.1.jar:/home/runner/.m2/repository/org/apache/kerby/kerb-admin/1.0.1/kerb-admin-1.0.1.jar:/home/runner/.m2/repository/org/apache/kerby/kerb-server/1.0.1/kerb-server-1.0.1.jar:/home/runner/.m2/repository/org/apache/kerby/kerb-identity/1.0.1/kerb-identity-1.0.1.jar:/home/runner/.m2/repository/org/apache/kerby/kerby-xdr/1.0.1/kerby-xdr-1.0.1.jar:/home/runner/.m2/repository/org/apache/ozone/ozone-s3gateway/1.4.0-SNAPSHOT/ozone-s3gateway-1.4.0-SNAPSHOT.jar:/home/runner/.m2/repository/org/javassist/javassist/3.21.0-GA/javassist-3.21.0-GA.jar:/home/runner/.m2/repository/org/jboss/weld/servlet/weld-servlet/2.4.7.Final/weld-servlet-2.4.7.Final.jar:/home/runner/.m2/repository/org/glassfish/jersey/containers/jersey-container-servlet-core/2.34/jersey-container-servlet-core-2.34.jar:/home/runner/.m2/repository/org/glassfish/hk2/external/jakarta.inject/2.6.1/jakarta.inject-2.6.1.jar:/home/runner/.m2/repository/org/glassfish/jersey/core/jersey-common/2.34/jersey-common-2.34.jar:/home/runner/.m2/repository/jakarta/ws/rs/jakarta.ws.rs-api/2.1.6/jakarta.ws.rs-api-2.1.6.jar:/home/runner/.m2/repository/org/glassfish/jersey/ext/cdi/jersey-cdi1x/2.34/jersey-cdi1x-2.34.jar:/home/runner/.m2/repository/org/glassfish/jersey/inject/jersey-hk2/2.34/jersey-hk2-2.34.jar:/home/runner/.m2/repository/org/glassfish/hk2/hk2-locator/2.6.1/hk2-locator-2.6.1.jar:/home/runner/.m2/repository/org/glassfish/jersey/media/jersey-media-jaxb/2.34/jersey-media-jaxb-2.34.jar:/home/runner/.m2/repository/org/glassfish/hk2/osgi-resource-locator/1.0.3/osgi-resource-locator-1.0.3.jar:/home/runner/.m2/repository/org/glassfish/hk2/hk2-api/2.5.0/hk2-api-2.5.0.jar:/home/runner/.m2/repository/org/glassfish/hk2/hk2-utils/2.5.0/hk2-utils-2.5.0.jar:/home/runner/.m2/repository/org/glassfish/hk2/external/aopalliance-repackaged/2.5.0/aopalliance-repackaged-2.5.0.jar:/home/runner/.m2/repository/com/fasterxml/jackson/dataformat/jackson-dataformat-xml/2.13.4/jackson-dataformat-xml-2.13.4.jar:/home/runner/.m2/repository/com/fasterxml/jackson/core/jackson-core/2.13.4/jackson-core-2.13.4.jar:/home/runner/.m2/repository/org/codehaus/woodstox/stax2-api/4.2.1/stax2-api-4.2.1.jar:/home/runner/.m2/repository/com/fasterxml/woodstox/woodstox-core/5.4.0/woodstox-core-5.4.0.jar:/home/runner/.m2/repository/com/fasterxml/jackson/module/jackson-module-jaxb-annotations/2.13.4/jackson-module-jaxb-annotations-2.13.4.jar:/home/runner/.m2/repository/jakarta/xml/bind/jakarta.xml.bind-api/2.3.3/jakarta.xml.bind-api-2.3.3.jar:/home/runner/.m2/repository/jakarta/activation/jakarta.activation-api/1.2.1/jakarta.activation-api-1.2.1.jar:/home/runner/.m2/repository/javax/enterprise/cdi-api/1.2/cdi-api-1.2.jar:/home/runner/.m2/repository/javax/el/javax.el-api/3.0.0/javax.el-api-3.0.0.jar:/home/runner/.m2/repository/javax/interceptor/javax.interceptor-api/1.2/javax.interceptor-api-1.2.jar:/home/runner/.m2/repository/javax/inject/javax.inject/1/javax.inject-1.jar:/home/runner/.m2/repository/javax/xml/bind/jaxb-api/2.3.0/jaxb-api-2.3.0.jar:/home/runner/.m2/repository/org/glassfish/jaxb/jaxb-runtime/2.3.0.1/jaxb-runtime-2.3.0.1.jar:/home/runner/.m2/repository/org/glassfish/jaxb/jaxb-core/2.3.0.1/jaxb-core-2.3.0.1.jar:/home/runner/.m2/repository/org/glassfish/jaxb/txw2/2.3.0.1/txw2-2.3.0.1.jar:/home/runner/.m2/repository/com/sun/istack/istack-commons-runtime/3.0.5/istack-commons-runtime-3.0.5.jar:/home/runner/.m2/repository/org/jvnet/staxex/stax-ex/1.7.8/stax-ex-1.7.8.jar:/home/runner/.m2/repository/com/sun/xml/fastinfoset/FastInfoset/1.2.13/FastInfoset-1.2.13.jar:/home/runner/.m2/repository/javax/activation/activation/1.1.1/activation-1.1.1.jar:/home/runner/.m2/repository/io/grpc/grpc-protobuf/1.48.1/grpc-protobuf-1.48.1.jar:/home/runner/.m2/repository/io/grpc/grpc-api/1.48.1/grpc-api-1.48.1.jar:/home/runner/.m2/repository/io/grpc/grpc-context/1.48.1/grpc-context-1.48.1.jar:/home/runner/.m2/repository/com/google/api/grpc/proto-google-common-protos/2.9.0/proto-google-common-protos-2.9.0.jar:/home/runner/.m2/repository/io/grpc/grpc-protobuf-lite/1.48.1/grpc-protobuf-lite-1.48.1.jar:/home/runner/.m2/repository/io/grpc/grpc-stub/1.48.1/grpc-stub-1.48.1.jar:/home/runner/.m2/repository/io/netty/netty-transport/4.1.77.Final/netty-transport-4.1.77.Final.jar:/home/runner/.m2/repository/io/netty/netty-resolver/4.1.77.Final/netty-resolver-4.1.77.Final.jar:/home/runner/.m2/repository/org/apache/ozone/ozone-csi/1.4.0-SNAPSHOT/ozone-csi-1.4.0-SNAPSHOT.jar:/home/runner/.m2/repository/com/google/protobuf/protobuf-java-util/3.19.6/protobuf-java-util-3.19.6.jar:/home/runner/.m2/repository/com/google/code/gson/gson/2.9.0/gson-2.9.0.jar:/home/runner/.m2/repository/org/apache/ozone/hdds-config/1.4.0-SNAPSHOT/hdds-config-1.4.0-SNAPSHOT.jar:/home/runner/.m2/repository/io/netty/netty-transport-native-epoll/4.1.77.Final/netty-transport-native-epoll-4.1.77.Final-linux-x86_64.jar:/home/runner/.m2/repository/io/netty/netty-transport-classes-epoll/4.1.77.Final/netty-transport-classes-epoll-4.1.77.Final.jar:/home/runner/.m2/repository/io/netty/netty-transport-native-unix-common/4.1.77.Final/netty-transport-native-unix-common-4.1.77.Final.jar:/home/runner/.m2/repository/org/slf4j/slf4j-reload4j/1.7.36/slf4j-reload4j-1.7.36.jar:/home/runner/.m2/repository/org/apache/ozone/ozone-recon/1.4.0-SNAPSHOT/ozone-recon-1.4.0-SNAPSHOT.jar:/home/runner/.m2/repository/org/apache/ozone/ozone-reconcodegen/1.4.0-SNAPSHOT/ozone-reconcodegen-1.4.0-SNAPSHOT.jar:/home/runner/.m2/repository/com/google/inject/extensions/guice-multibindings/4.0/guice-multibindings-4.0.jar:/home/runner/.m2/repository/com/google/inject/guice/4.0/guice-4.0.jar:/home/runner/.m2/repository/aopalliance/aopalliance/1.0/aopalliance-1.0.jar:/home/runner/.m2/repository/com/google/inject/extensions/guice-assistedinject/4.0/guice-assistedinject-4.0.jar:/home/runner/.m2/repository/com/google/inject/extensions/guice-servlet/4.0/guice-servlet-4.0.jar:/home/runner/.m2/repository/org/glassfish/jersey/containers/jersey-container-servlet/2.34/jersey-container-servlet-2.34.jar:/home/runner/.m2/repository/org/glassfish/hk2/guice-bridge/2.5.0/guice-bridge-2.5.0.jar:/home/runner/.m2/repository/org/glassfish/jersey/core/jersey-server/2.34/jersey-server-2.34.jar:/home/runner/.m2/repository/org/glassfish/jersey/core/jersey-client/2.34/jersey-client-2.34.jar:/home/runner/.m2/repository/jakarta/annotation/jakarta.annotation-api/1.3.5/jakarta.annotation-api-1.3.5.jar:/home/runner/.m2/repository/jakarta/validation/jakarta.validation-api/2.0.2/jakarta.validation-api-2.0.2.jar:/home/runner/.m2/repository/org/glassfish/jersey/media/jersey-media-json-jackson/2.34/jersey-media-json-jackson-2.34.jar:/home/runner/.m2/repository/org/glassfish/jersey/ext/jersey-entity-filtering/2.34/jersey-entity-filtering-2.34.jar:/home/runner/.m2/repository/org/jooq/jooq/3.11.10/jooq-3.11.10.jar:/home/runner/.m2/repository/org/jooq/jooq-meta/3.11.10/jooq-meta-3.11.10.jar:/home/runner/.m2/repository/org/jooq/jooq-codegen/3.11.10/jooq-codegen-3.11.10.jar:/home/runner/.m2/repository/com/jolbox/bonecp/0.8.0.RELEASE/bonecp-0.8.0.RELEASE.jar:/home/runner/.m2/repository/org/apache/derby/derby/10.14.2.0/derby-10.14.2.0.jar:/home/runner/.m2/repository/org/xerial/sqlite-jdbc/3.25.2/sqlite-jdbc-3.25.2.jar:/home/runner/.m2/repository/org/springframework/spring-jdbc/5.3.23/spring-jdbc-5.3.23.jar:/home/runner/.m2/repository/org/springframework/spring-beans/5.3.23/spring-beans-5.3.23.jar:/home/runner/.m2/repository/org/springframework/spring-core/5.3.23/spring-core-5.3.23.jar:/home/runner/.m2/repository/org/springframework/spring-jcl/5.3.23/spring-jcl-5.3.23.jar:/home/runner/.m2/repository/org/springframework/spring-tx/5.3.23/spring-tx-5.3.23.jar:/home/runner/.m2/repository/org/apache/ozone/ozone-client/1.4.0-SNAPSHOT/ozone-client-1.4.0-SNAPSHOT.jar:/home/runner/.m2/repository/org/apache/ozone/hdds-erasurecode/1.4.0-SNAPSHOT/hdds-erasurecode-1.4.0-SNAPSHOT.jar:/home/runner/.m2/repository/org/apache/ozone/ozone-filesystem/1.4.0-SNAPSHOT/ozone-filesystem-1.4.0-SNAPSHOT.jar:/home/runner/.m2/repository/org/apache/ozone/ozone-filesystem-common/1.4.0-SNAPSHOT/ozone-filesystem-common-1.4.0-SNAPSHOT.jar:/home/runner/.m2/repository/org/apache/ozone/ozone-tools/1.4.0-SNAPSHOT/ozone-tools-1.4.0-SNAPSHOT.jar:/home/runner/.m2/repository/org/apache/ratis/ratis-tools/2.4.2-8b8bdda-SNAPSHOT/ratis-tools-2.4.2-8b8bdda-SNAPSHOT.jar:/home/runner/.m2/repository/com/amazonaws/aws-java-sdk-core/1.12.261/aws-java-sdk-core-1.12.261.jar:/home/runner/.m2/repository/org/apache/httpcomponents/httpclient/4.5.13/httpclient-4.5.13.jar:/home/runner/.m2/repository/org/apache/httpcomponents/httpcore/4.4.13/httpcore-4.4.13.jar:/home/runner/.m2/repository/software/amazon/ion/ion-java/1.0.2/ion-java-1.0.2.jar:/home/runner/.m2/repository/com/fasterxml/jackson/dataformat/jackson-dataformat-cbor/2.13.4/jackson-dataformat-cbor-2.13.4.jar:/home/runner/.m2/repository/joda-time/joda-time/2.8.1/joda-time-2.8.1.jar:/home/runner/.m2/repository/com/amazonaws/aws-java-sdk-s3/1.12.261/aws-java-sdk-s3-1.12.261.jar:/home/runner/.m2/repository/com/amazonaws/aws-java-sdk-kms/1.12.261/aws-java-sdk-kms-1.12.261.jar:/home/runner/.m2/repository/com/amazonaws/jmespath-java/1.12.261/jmespath-java-1.12.261.jar:/home/runner/.m2/repository/org/kohsuke/metainf-services/metainf-services/1.8/metainf-services-1.8.jar:/home/runner/.m2/repository/org/apache/ozone/hdds-tools/1.4.0-SNAPSHOT/hdds-tools-1.4.0-SNAPSHOT.jar:/home/runner/.m2/repository/commons-cli/commons-cli/1.2/commons-cli-1.2.jar:/home/runner/.m2/repository/org/apache/commons/commons-lang3/3.7/commons-lang3-3.7.jar:/home/runner/.m2/repository/org/apache/ozone/ozone-manager/1.4.0-SNAPSHOT/ozone-manager-1.4.0-SNAPSHOT-tests.jar:/home/runner/.m2/repository/org/apache/ozone/hdds-common/1.4.0-SNAPSHOT/hdds-common-1.4.0-SNAPSHOT-tests.jar:/home/runner/.m2/repository/org/apache/ozone/hdds-hadoop-dependency-client/1.4.0-SNAPSHOT/hdds-hadoop-dependency-client-1.4.0-SNAPSHOT.jar:/home/runner/.m2/repository/info/picocli/picocli/4.6.1/picocli-4.6.1.jar:/home/runner/.m2/repository/com/fasterxml/jackson/core/jackson-annotations/2.13.4/jackson-annotations-2.13.4.jar:/home/runner/.m2/repository/com/fasterxml/jackson/datatype/jackson-datatype-jsr310/2.13.4/jackson-datatype-jsr310-2.13.4.jar:/home/runner/.m2/repository/org/apache/ozone/hdds-annotation-processing/1.4.0-SNAPSHOT/hdds-annotation-processing-1.4.0-SNAPSHOT.jar:/home/runner/.m2/repository/javax/annotation/javax.annotation-api/1.2/javax.annotation-api-1.2.jar:/home/runner/.m2/repository/org/apache/ratis/ratis-server/2.4.2-8b8bdda-SNAPSHOT/ratis-server-2.4.2-8b8bdda-SNAPSHOT.jar:/home/runner/.m2/repository/org/apache/ratis/ratis-client/2.4.2-8b8bdda-SNAPSHOT/ratis-client-2.4.2-8b8bdda-SNAPSHOT.jar:/home/runner/.m2/repository/org/apache/ratis/ratis-server-api/2.4.2-8b8bdda-SNAPSHOT/ratis-server-api-2.4.2-8b8bdda-SNAPSHOT.jar:/home/runner/.m2/repository/org/apache/ratis/ratis-metrics/2.4.2-8b8bdda-SNAPSHOT/ratis-metrics-2.4.2-8b8bdda-SNAPSHOT.jar:/home/runner/.m2/repository/org/apache/ratis/ratis-netty/2.4.2-8b8bdda-SNAPSHOT/ratis-netty-2.4.2-8b8bdda-SNAPSHOT.jar:/home/runner/.m2/repository/org/apache/ratis/ratis-grpc/2.4.2-8b8bdda-SNAPSHOT/ratis-grpc-2.4.2-8b8bdda-SNAPSHOT.jar:/home/runner/.m2/repository/org/apache/logging/log4j/log4j-api/2.17.1/log4j-api-2.17.1.jar:/home/runner/.m2/repository/org/apache/commons/commons-pool2/2.6.0/commons-pool2-2.6.0.jar:/home/runner/.m2/repository/org/bouncycastle/bcpkix-jdk15on/1.67/bcpkix-jdk15on-1.67.jar:/home/runner/.m2/repository/commons-validator/commons-validator/1.6/commons-validator-1.6.jar:/home/runner/.m2/repository/commons-beanutils/commons-beanutils/1.9.4/commons-beanutils-1.9.4.jar:/home/runner/.m2/repository/commons-digester/commons-digester/1.8.1/commons-digester-1.8.1.jar:/home/runner/.m2/repository/commons-collections/commons-collections/3.2.2/commons-collections-3.2.2.jar:/home/runner/.m2/repository/io/jaegertracing/jaeger-client/1.6.0/jaeger-client-1.6.0.jar:/home/runner/.m2/repository/io/jaegertracing/jaeger-thrift/1.6.0/jaeger-thrift-1.6.0.jar:/home/runner/.m2/repository/org/apache/thrift/libthrift/0.14.1/libthrift-0.14.1.jar:/home/runner/.m2/repository/io/jaegertracing/jaeger-core/1.6.0/jaeger-core-1.6.0.jar:/home/runner/.m2/repository/io/jaegertracing/jaeger-tracerresolver/1.6.0/jaeger-tracerresolver-1.6.0.jar:/home/runner/.m2/repository/io/opentracing/contrib/opentracing-tracerresolver/0.1.8/opentracing-tracerresolver-0.1.8.jar:/home/runner/.m2/repository/org/jetbrains/kotlin/kotlin-stdlib/1.6.21/kotlin-stdlib-1.6.21.jar:/home/runner/.m2/repository/org/jetbrains/annotations/13.0/annotations-13.0.jar:/home/runner/.m2/repository/io/opentracing/opentracing-util/0.33.0/opentracing-util-0.33.0.jar:/home/runner/.m2/repository/io/opentracing/opentracing-api/0.33.0/opentracing-api-0.33.0.jar:/home/runner/.m2/repository/io/opentracing/opentracing-noop/0.33.0/opentracing-noop-0.33.0.jar:/home/runner/.m2/repository/org/yaml/snakeyaml/1.33/snakeyaml-1.33.jar:/home/runner/.m2/repository/org/apache/ozone/hdds-interface-admin/1.4.0-SNAPSHOT/hdds-interface-admin-1.4.0-SNAPSHOT.jar:/home/runner/.m2/repository/junit/junit/4.13.1/junit-4.13.1.jar:/home/runner/.m2/repository/org/hamcrest/hamcrest-core/1.3/hamcrest-core-1.3.jar:/home/runner/.m2/repository/org/junit/jupiter/junit-jupiter-api/5.8.2/junit-jupiter-api-5.8.2.jar:/home/runner/.m2/repository/org/opentest4j/opentest4j/1.2.0/opentest4j-1.2.0.jar:/home/runner/.m2/repository/org/junit/platform/junit-platform-commons/1.8.2/junit-platform-commons-1.8.2.jar:/home/runner/.m2/repository/org/apiguardian/apiguardian-api/1.1.2/apiguardian-api-1.1.2.jar:/home/runner/.m2/repository/org/junit/jupiter/junit-jupiter-params/5.8.2/junit-jupiter-params-5.8.2.jar:/home/runner/.m2/repository/org/junit/jupiter/junit-jupiter-migrationsupport/5.8.2/junit-jupiter-migrationsupport-5.8.2.jar:/home/runner/.m2/repository/org/junit/jupiter/junit-jupiter-engine/5.8.2/junit-jupiter-engine-5.8.2.jar:/home/runner/.m2/repository/org/junit/platform/junit-platform-engine/1.8.2/junit-platform-engine-1.8.2.jar:/home/runner/.m2/repository/org/junit/vintage/junit-vintage-engine/5.8.2/junit-vintage-engine-5.8.2.jar:/home/runner/.m2/repository/org/junit/platform/junit-platform-launcher/1.8.2/junit-platform-launcher-1.8.2.jar:/home/runner/.m2/repository/org/mockito/mockito-core/2.28.2/mockito-core-2.28.2.jar:/home/runner/.m2/repository/net/bytebuddy/byte-buddy/1.9.10/byte-buddy-1.9.10.jar:/home/runner/.m2/repository/net/bytebuddy/byte-buddy-agent/1.9.10/byte-buddy-agent-1.9.10.jar:/home/runner/.m2/repository/org/objenesis/objenesis/1.0/objenesis-1.0.jar:/home/runner/.m2/repository/org/apache/hadoop/hadoop-kms/3.3.4/hadoop-kms-3.3.4.jar:/home/runner/.m2/repository/org/apache/hadoop/hadoop-auth/3.3.4/hadoop-auth-3.3.4.jar:/home/runner/.m2/repository/com/nimbusds/nimbus-jose-jwt/9.8.1/nimbus-jose-jwt-9.8.1.jar:/home/runner/.m2/repository/com/github/stephenc/jcip/jcip-annotations/1.0-1/jcip-annotations-1.0-1.jar:/home/runner/.m2/repository/net/minidev/json-smart/2.4.7/json-smart-2.4.7.jar:/home/runner/.m2/repository/net/minidev/accessors-smart/2.4.7/accessors-smart-2.4.7.jar:/home/runner/.m2/repository/org/ow2/asm/asm/5.0.4/asm-5.0.4.jar:/home/runner/.m2/repository/org/apache/zookeeper/zookeeper/3.5.6/zookeeper-3.5.6.jar:/home/runner/.m2/repository/org/apache/zookeeper/zookeeper-jute/3.5.6/zookeeper-jute-3.5.6.jar:/home/runner/.m2/repository/org/apache/yetus/audience-annotations/0.5.0/audience-annotations-0.5.0.jar:/home/runner/.m2/repository/org/apache/curator/curator-framework/4.2.0/curator-framework-4.2.0.jar:/home/runner/.m2/repository/org/apache/hadoop/thirdparty/hadoop-shaded-guava/1.1.1/hadoop-shaded-guava-1.1.1.jar:/home/runner/.m2/repository/com/sun/jersey/jersey-core/1.19/jersey-core-1.19.jar:/home/runner/.m2/repository/javax/ws/rs/jsr311-api/1.1.1/jsr311-api-1.1.1.jar:/home/runner/.m2/repository/com/sun/jersey/jersey-server/1.19/jersey-server-1.19.jar:/home/runner/.m2/repository/javax/servlet/javax.servlet-api/3.1.0/javax.servlet-api-3.1.0.jar:/home/runner/.m2/repository/org/eclipse/jetty/jetty-server/9.4.49.v20220914/jetty-server-9.4.49.v20220914.jar:/home/runner/.m2/repository/org/eclipse/jetty/jetty-http/9.4.49.v20220914/jetty-http-9.4.49.v20220914.jar:/home/runner/.m2/repository/org/eclipse/jetty/jetty-io/9.4.49.v20220914/jetty-io-9.4.49.v20220914.jar:/home/runner/.m2/repository/org/eclipse/jetty/jetty-webapp/9.4.49.v20220914/jetty-webapp-9.4.49.v20220914.jar:/home/runner/.m2/repository/org/eclipse/jetty/jetty-xml/9.4.49.v20220914/jetty-xml-9.4.49.v20220914.jar:/home/runner/.m2/repository/org/apache/hadoop/hadoop-common/3.3.4/hadoop-common-3.3.4.jar:/home/runner/.m2/repository/org/apache/commons/commons-math3/3.1.1/commons-math3-3.1.1.jar:/home/runner/.m2/repository/commons-net/commons-net/3.9.0/commons-net-3.9.0.jar:/home/runner/.m2/repository/com/sun/jersey/jersey-servlet/1.19/jersey-servlet-1.19.jar:/home/runner/.m2/repository/com/sun/jersey/jersey-json/1.19/jersey-json-1.19.jar:/home/runner/.m2/repository/org/codehaus/jettison/jettison/1.1/jettison-1.1.jar:/home/runner/.m2/repository/com/sun/xml/bind/jaxb-impl/2.2.3-1/jaxb-impl-2.2.3-1.jar:/home/runner/.m2/repository/org/codehaus/jackson/jackson-xc/1.9.2/jackson-xc-1.9.2.jar:/home/runner/.m2/repository/com/google/re2j/re2j/1.1/re2j-1.1.jar:/home/runner/.m2/repository/com/jcraft/jsch/0.1.54/jsch-0.1.54.jar:/home/runner/.m2/repository/org/apache/curator/curator-client/4.2.0/curator-client-4.2.0.jar:/home/runner/.m2/repository/org/apache/curator/curator-recipes/4.2.0/curator-recipes-4.2.0.jar:/home/runner/.m2/repository/org/apache/kerby/kerb-core/1.0.1/kerb-core-1.0.1.jar:/home/runner/.m2/repository/org/apache/kerby/kerby-pkix/1.0.1/kerby-pkix-1.0.1.jar:/home/runner/.m2/repository/org/apache/kerby/kerby-asn1/1.0.1/kerby-asn1-1.0.1.jar:/home/runner/.m2/repository/org/apache/kerby/kerby-util/1.0.1/kerby-util-1.0.1.jar:/home/runner/.m2/repository/dnsjava/dnsjava/2.1.7/dnsjava-2.1.7.jar:/home/runner/.m2/repository/org/xerial/snappy/snappy-java/1.1.8.2/snappy-java-1.1.8.2.jar:/home/runner/.m2/repository/org/eclipse/jetty/jetty-util/9.4.49.v20220914/jetty-util-9.4.49.v20220914.jar:/home/runner/.m2/repository/com/fasterxml/jackson/core/jackson-databind/2.13.4.2/jackson-databind-2.13.4.2.jar:/home/runner/.m2/repository/org/apache/hadoop/hadoop-kms/3.3.4/hadoop-kms-3.3.4-tests.jar:/home/runner/.m2/repository/org/apache/ozone/hdds-server-scm/1.4.0-SNAPSHOT/hdds-server-scm-1.4.0-SNAPSHOT-tests.jar:/home/runner/.m2/repository/org/apache/ozone/hdds-container-service/1.4.0-SNAPSHOT/hdds-container-service-1.4.0-SNAPSHOT-tests.jar:/home/runner/.m2/repository/com/github/luben/zstd-jni/1.5.2-5/zstd-jni-1.5.2-5.jar:/home/runner/.m2/repository/commons-codec/commons-codec/1.15/commons-codec-1.15.jar:/home/runner/.m2/repository/io/netty/netty-codec/4.1.77.Final/netty-codec-4.1.77.Final.jar:/home/runner/.m2/repository/io/netty/netty-handler/4.1.77.Final/netty-handler-4.1.77.Final.jar:/home/runner/.m2/repository/org/apache/ozone/hdds-hadoop-dependency-test/1.4.0-SNAPSHOT/hdds-hadoop-dependency-test-1.4.0-SNAPSHOT.jar:/home/runner/.m2/repository/org/apache/hadoop/hadoop-common/3.3.4/hadoop-common-3.3.4-tests.jar:/home/runner/.m2/repository/org/apache/hadoop/hadoop-hdfs/3.3.4/hadoop-hdfs-3.3.4-tests.jar:/home/runner/.m2/repository/org/assertj/assertj-core/3.12.2/assertj-core-3.12.2.jar:/home/runner/.m2/repository/org/apache/hadoop/hadoop-distcp/3.3.4/hadoop-distcp-3.3.4.jar:/home/runner/.m2/repository/org/apache/hadoop/hadoop-mapreduce-client-jobclient/3.3.4/hadoop-mapreduce-client-jobclient-3.3.4.jar:/home/runner/.m2/repository/org/apache/hadoop/hadoop-mapreduce-client-common/3.3.4/hadoop-mapreduce-client-common-3.3.4.jar:/home/runner/.m2/repository/org/apache/hadoop/hadoop-yarn-common/3.3.4/hadoop-yarn-common-3.3.4.jar:/home/runner/.m2/repository/org/apache/hadoop/hadoop-yarn-api/3.3.4/hadoop-yarn-api-3.3.4.jar:/home/runner/.m2/repository/com/sun/jersey/contribs/jersey-guice/1.19/jersey-guice-1.19.jar:/home/runner/.m2/repository/com/fasterxml/jackson/jaxrs/jackson-jaxrs-json-provider/2.13.4/jackson-jaxrs-json-provider-2.13.4.jar:/home/runner/.m2/repository/com/fasterxml/jackson/jaxrs/jackson-jaxrs-base/2.13.4/jackson-jaxrs-base-2.13.4.jar:/home/runner/.m2/repository/org/apache/hadoop/hadoop-yarn-client/3.3.4/hadoop-yarn-client-3.3.4.jar:/home/runner/.m2/repository/org/eclipse/jetty/websocket/websocket-client/9.4.43.v20210629/websocket-client-9.4.43.v20210629.jar:/home/runner/.m2/repository/org/eclipse/jetty/websocket/websocket-common/9.4.43.v20210629/websocket-common-9.4.43.v20210629.jar:/home/runner/.m2/repository/org/eclipse/jetty/websocket/websocket-api/9.4.43.v20210629/websocket-api-9.4.43.v20210629.jar:/home/runner/.m2/repository/org/jline/jline/3.9.0/jline-3.9.0.jar:/home/runner/.m2/repository/org/apache/hadoop/hadoop-mapreduce-client-core/3.3.4/hadoop-mapreduce-client-core-3.3.4.jar:/home/runner/.m2/repository/org/apache/avro/avro/1.7.7/avro-1.7.7.jar:/home/runner/.m2/repository/org/codehaus/jackson/jackson-core-asl/1.9.13/jackson-core-asl-1.9.13.jar:/home/runner/.m2/repository/org/codehaus/jackson/jackson-mapper-asl/1.9.13/jackson-mapper-asl-1.9.13.jar:/home/runner/.m2/repository/com/thoughtworks/paranamer/paranamer/2.3/paranamer-2.3.jar:/home/runner/.m2/repository/org/apache/hadoop/hadoop-annotations/3.3.4/hadoop-annotations-3.3.4.jar:/usr/lib/jvm/temurin-8-jdk-amd64/jre/../lib/tools.jar:/home/runner/.m2/repository/io/netty/netty/3.10.6.Final/netty-3.10.6.Final.jar:/home/runner/.m2/repository/org/apache/hadoop/hadoop-distcp/3.3.4/hadoop-distcp-3.3.4-tests.jar:/home/runner/.m2/repository/org/slf4j/jul-to-slf4j/1.7.36/jul-to-slf4j-1.7.36.jar:/home/runner/.m2/repository/org/apache/ratis/ratis-common/2.4.2-8b8bdda-SNAPSHOT/ratis-common-2.4.2-8b8bdda-SNAPSHOT.jar:/home/runner/.m2/repository/org/apache/ratis/ratis-thirdparty-misc/1.0.3/ratis-thirdparty-misc-1.0.3.jar:/home/runner/.m2/repository/org/apache/ratis/ratis-proto/2.4.2-8b8bdda-SNAPSHOT/ratis-proto-2.4.2-8b8bdda-SNAPSHOT.jar:"/>
    <property name="sun.cpu.endian" value="little"/>
    <property name="user.home" value="/home/runner"/>
    <property name="user.language" value="en"/>
    <property name="java.specification.vendor" value="Oracle Corporation"/>
    <property name="java.home" value="/usr/lib/jvm/temurin-8-jdk-amd64/jre"/>
    <property name="java.security.krb5.conf" value="/home/runner/work/ozone/ozone/hadoop-ozone/integration-test/target/test-classes/krb5.conf"/>
    <property name="basedir" value="/home/runner/work/ozone/ozone/hadoop-ozone/integration-test"/>
    <property name="file.separator" value="/"/>
    <property name="line.separator" value="&#10;"/>
    <property name="java.vm.specification.vendor" value="Oracle Corporation"/>
    <property name="java.specification.name" value="Java Platform API Specification"/>
    <property name="java.awt.graphicsenv" value="sun.awt.X11GraphicsEnvironment"/>
    <property name="skip.installnpx" value="true"/>
    <property name="surefire.real.class.path" value="/home/runner/work/ozone/ozone/hadoop-ozone/integration-test/target/surefire/surefirebooter3063752439385763402.jar:/home/runner/.m2/repository/org/jacoco/org.jacoco.agent/0.8.5/org.jacoco.agent-0.8.5-runtime.jar"/>
    <property name="hadoop.log.dir" value="/home/runner/work/ozone/ozone/hadoop-ozone/integration-test/target/log"/>
    <property name="sun.boot.class.path" value="/usr/lib/jvm/temurin-8-jdk-amd64/jre/lib/resources.jar:/usr/lib/jvm/temurin-8-jdk-amd64/jre/lib/rt.jar:/usr/lib/jvm/temurin-8-jdk-amd64/jre/lib/sunrsasign.jar:/usr/lib/jvm/temurin-8-jdk-amd64/jre/lib/jsse.jar:/usr/lib/jvm/temurin-8-jdk-amd64/jre/lib/jce.jar:/usr/lib/jvm/temurin-8-jdk-amd64/jre/lib/charsets.jar:/usr/lib/jvm/temurin-8-jdk-amd64/jre/lib/jfr.jar:/usr/lib/jvm/temurin-8-jdk-amd64/jre/classes"/>
    <property name="sun.management.compiler" value="HotSpot 64-Bit Tiered Compilers"/>
    <property name="skip.npx" value="true"/>
    <property name="java.runtime.version" value="1.8.0_352-b08"/>
    <property name="java.net.preferIPv4Stack" value="true"/>
    <property name="user.name" value="runner"/>
    <property name="path.separator" value=":"/>
    <property name="java.security.egd" value="file:///dev/urandom"/>
    <property name="os.version" value="5.15.0-1023-azure"/>
    <property name="java.endorsed.dirs" value="/usr/lib/jvm/temurin-8-jdk-amd64/jre/lib/endorsed"/>
    <property name="java.runtime.name" value="OpenJDK Runtime Environment"/>
    <property name="file.encoding" value="UTF-8"/>
    <property name="java.vm.name" value="OpenJDK 64-Bit Server VM"/>
    <property name="test.build.webapps" value=""/>
    <property name="localRepository" value="/home/runner/.m2/repository"/>
    <property name="jetty.git.hash" value="4231a3b2e4cb8548a412a789936d640a97b1aa0a"/>
    <property name="java.vendor.url.bug" value="https://github.com/adoptium/adoptium-support/issues"/>
    <property name="java.io.tmpdir" value="/tmp"/>
    <property name="require.test.libhadoop" value=""/>
    <property name="java.version" value="1.8.0_352"/>
    <property name="user.dir" value="/home/runner/work/ozone/ozone/hadoop-ozone/integration-test"/>
    <property name="os.arch" value="amd64"/>
    <property name="java.vm.specification.name" value="Java Virtual Machine Specification"/>
    <property name="test.build.classes" value="/home/runner/work/ozone/ozone/hadoop-ozone/integration-test/target/test-classes"/>
    <property name="java.awt.printerjob" value="sun.print.PSPrinterJob"/>
    <property name="sun.os.patch.level" value="unknown"/>
    <property name="org.apache.ratis.thirdparty.io.netty.allocator.useCacheForAllThreads" value="false"/>
    <property name="hadoop.tmp.dir" value="/home/runner/work/ozone/ozone/hadoop-ozone/integration-test/target/tmp"/>
    <property name="java.library.path" value="/usr/java/packages/lib/amd64:/usr/lib64:/lib64:/lib:/usr/lib"/>
    <property name="java.vm.info" value="mixed mode"/>
    <property name="java.vendor" value="Temurin"/>
    <property name="java.vm.version" value="25.352-b08"/>
    <property name="java.specification.maintenance.version" value="4"/>
    <property name="java.ext.dirs" value="/usr/lib/jvm/temurin-8-jdk-amd64/jre/lib/ext:/usr/java/packages/lib/ext"/>
    <property name="sun.io.unicode.encoding" value="UnicodeLittle"/>
    <property name="java.class.version" value="52.0"/>
  </properties>
  <testcase name="testContainerRecoveryOverReplicationProcessing" classname="org.apache.hadoop.ozone.container.TestECContainerRecovery" time="104.495">
    <error type="java.util.concurrent.TimeoutException"><![CDATA[java.util.concurrent.TimeoutException: 
Timed out waiting for condition. Thread diagnostics:
Timestamp: 2023-01-09 08:11:34,581

"IPC Server handler 14 on default port 42667" daemon prio=5 tid=60 timed_waiting
java.lang.Thread.State: TIMED_WAITING
        at sun.misc.Unsafe.park(Native Method)
        at java.util.concurrent.locks.LockSupport.parkNanos(LockSupport.java:215)
        at java.util.concurrent.locks.AbstractQueuedSynchronizer$ConditionObject.awaitNanos(AbstractQueuedSynchronizer.java:2078)
        at java.util.concurrent.LinkedBlockingQueue.poll(LinkedBlockingQueue.java:467)
        at org.apache.hadoop.ipc.CallQueueManager.take(CallQueueManager.java:317)
        at org.apache.hadoop.ipc.Server$Handler.run(Server.java:2942)
"IPC Server handler 7 on default port 33549" daemon prio=5 tid=93 timed_waiting
java.lang.Thread.State: TIMED_WAITING
        at sun.misc.Unsafe.park(Native Method)
        at java.util.concurrent.locks.LockSupport.parkNanos(LockSupport.java:215)
        at java.util.concurrent.locks.AbstractQueuedSynchronizer$ConditionObject.awaitNanos(AbstractQueuedSynchronizer.java:2078)
        at java.util.concurrent.LinkedBlockingQueue.poll(LinkedBlockingQueue.java:467)
        at org.apache.hadoop.ipc.CallQueueManager.take(CallQueueManager.java:317)
        at org.apache.hadoop.ipc.Server$Handler.run(Server.java:2942)
"IPC Server handler 0 on default port 42667" daemon prio=5 tid=46 timed_waiting
java.lang.Thread.State: TIMED_WAITING
        at sun.misc.Unsafe.park(Native Method)
        at java.util.concurrent.locks.LockSupport.parkNanos(LockSupport.java:215)
        at java.util.concurrent.locks.AbstractQueuedSynchronizer$ConditionObject.awaitNanos(AbstractQueuedSynchronizer.java:2078)
        at java.util.concurrent.LinkedBlockingQueue.poll(LinkedBlockingQueue.java:467)
        at org.apache.hadoop.ipc.CallQueueManager.take(CallQueueManager.java:317)
        at org.apache.hadoop.ipc.Server$Handler.run(Server.java:2942)
"qtp1138657523-114" daemon prio=5 tid=114 timed_waiting
java.lang.Thread.State: TIMED_WAITING
        at sun.misc.Unsafe.park(Native Method)
        at java.util.concurrent.locks.LockSupport.parkNanos(LockSupport.java:215)
        at java.util.concurrent.locks.AbstractQueuedSynchronizer$ConditionObject.awaitNanos(AbstractQueuedSynchronizer.java:2078)
        at org.eclipse.jetty.util.BlockingArrayQueue.poll(BlockingArrayQueue.java:382)
        at org.eclipse.jetty.util.thread.QueuedThreadPool$Runner.idleJobPoll(QueuedThreadPool.java:974)
        at org.eclipse.jetty.util.thread.QueuedThreadPool$Runner.run(QueuedThreadPool.java:1018)
        at java.lang.Thread.run(Thread.java:750)
"Session-HouseKeeper-5ac59c34-1"  prio=5 tid=249 timed_waiting
java.lang.Thread.State: TIMED_WAITING
        at sun.misc.Unsafe.park(Native Method)
        at java.util.concurrent.locks.LockSupport.parkNanos(LockSupport.java:215)
        at java.util.concurrent.locks.AbstractQueuedSynchronizer$ConditionObject.awaitNanos(AbstractQueuedSynchronizer.java:2078)
        at java.util.concurrent.ScheduledThreadPoolExecutor$DelayedWorkQueue.take(ScheduledThreadPoolExecutor.java:1093)
        at java.util.concurrent.ScheduledThreadPoolExecutor$DelayedWorkQueue.take(ScheduledThreadPoolExecutor.java:809)
        at java.util.concurrent.ThreadPoolExecutor.getTask(ThreadPoolExecutor.java:1074)
        at java.util.concurrent.ThreadPoolExecutor.runWorker(ThreadPoolExecutor.java:1134)
        at java.util.concurrent.ThreadPoolExecutor$Worker.run(ThreadPoolExecutor.java:624)
        at java.lang.Thread.run(Thread.java:750)
"FixedThreadPoolWithAffinityExecutor-1-0" daemon prio=5 tid=36 timed_waiting
java.lang.Thread.State: TIMED_WAITING
        at sun.misc.Unsafe.park(Native Method)
        at java.util.concurrent.locks.LockSupport.parkNanos(LockSupport.java:215)
        at java.util.concurrent.locks.AbstractQueuedSynchronizer$ConditionObject.awaitNanos(AbstractQueuedSynchronizer.java:2078)
        at java.util.concurrent.LinkedBlockingQueue.poll(LinkedBlockingQueue.java:467)
        at org.apache.hadoop.hdds.scm.server.ContainerReportQueue.poll(ContainerReportQueue.java:266)
        at org.apache.hadoop.hdds.scm.server.ContainerReportQueue.poll(ContainerReportQueue.java:42)
        at org.apache.hadoop.hdds.server.events.FixedThreadPoolWithAffinityExecutor$ContainerReportProcessTask.run(FixedThreadPoolWithAffinityExecutor.java:247)
        at java.util.concurrent.Executors$RunnableAdapter.call(Executors.java:511)
        at java.util.concurrent.FutureTask.run(FutureTask.java:266)
        at java.util.concurrent.ThreadPoolExecutor.runWorker(ThreadPoolExecutor.java:1149)
        at java.util.concurrent.ThreadPoolExecutor$Worker.run(ThreadPoolExecutor.java:624)
        at java.lang.Thread.run(Thread.java:750)
"Datanode State Machine Task Thread - 0"  prio=5 tid=469 in Object.wait()
java.lang.Thread.State: WAITING (on object monitor)
        at sun.misc.Unsafe.park(Native Method)
        at java.util.concurrent.locks.LockSupport.park(LockSupport.java:175)
        at java.util.concurrent.locks.AbstractQueuedSynchronizer$ConditionObject.await(AbstractQueuedSynchronizer.java:2039)
        at java.util.concurrent.LinkedBlockingQueue.take(LinkedBlockingQueue.java:442)
        at java.util.concurrent.ThreadPoolExecutor.getTask(ThreadPoolExecutor.java:1074)
        at java.util.concurrent.ThreadPoolExecutor.runWorker(ThreadPoolExecutor.java:1134)
        at java.util.concurrent.ThreadPoolExecutor$Worker.run(ThreadPoolExecutor.java:624)
        at java.lang.Thread.run(Thread.java:750)
"ChunkWriter-0-0" daemon prio=5 tid=373 in Object.wait()
java.lang.Thread.State: WAITING (on object monitor)
        at sun.misc.Unsafe.park(Native Method)
        at java.util.concurrent.locks.LockSupport.park(LockSupport.java:175)
        at java.util.concurrent.locks.AbstractQueuedSynchronizer$ConditionObject.await(AbstractQueuedSynchronizer.java:2039)
        at java.util.concurrent.LinkedBlockingDeque.takeFirst(LinkedBlockingDeque.java:492)
        at java.util.concurrent.LinkedBlockingDeque.take(LinkedBlockingDeque.java:680)
        at java.util.concurrent.ThreadPoolExecutor.getTask(ThreadPoolExecutor.java:1074)
        at java.util.concurrent.ThreadPoolExecutor.runWorker(ThreadPoolExecutor.java:1134)
        at java.util.concurrent.ThreadPoolExecutor$Worker.run(ThreadPoolExecutor.java:624)
        at java.lang.Thread.run(Thread.java:750)
"qtp87717446-407" daemon prio=5 tid=407 timed_waiting
java.lang.Thread.State: TIMED_WAITING
        at sun.misc.Unsafe.park(Native Method)
        at java.util.concurrent.locks.LockSupport.parkNanos(LockSupport.java:215)
        at java.util.concurrent.locks.AbstractQueuedSynchronizer$ConditionObject.awaitNanos(AbstractQueuedSynchronizer.java:2078)
        at org.eclipse.jetty.util.BlockingArrayQueue.poll(BlockingArrayQueue.java:382)
        at org.eclipse.jetty.util.thread.QueuedThreadPool$Runner.idleJobPoll(QueuedThreadPool.java:974)
        at org.eclipse.jetty.util.thread.QueuedThreadPool$Runner.run(QueuedThreadPool.java:1018)
        at java.lang.Thread.run(Thread.java:750)
"22174ed7-3438-44c1-87a9-382e0277420a@group-4B191A258550-SegmentedRaftLogWorker"  prio=5 tid=593 timed_waiting
java.lang.Thread.State: TIMED_WAITING
        at sun.misc.Unsafe.park(Native Method)
        at java.util.concurrent.locks.LockSupport.parkNanos(LockSupport.java:215)
        at java.util.concurrent.locks.AbstractQueuedSynchronizer$ConditionObject.awaitNanos(AbstractQueuedSynchronizer.java:2078)
        at org.apache.ratis.util.DataBlockingQueue.poll(DataBlockingQueue.java:148)
        at org.apache.ratis.server.raftlog.segmented.SegmentedRaftLogWorker.run(SegmentedRaftLogWorker.java:312)
        at org.apache.ratis.server.raftlog.segmented.SegmentedRaftLogWorker$$Lambda$693/377063671.run(Unknown Source)
        at java.lang.Thread.run(Thread.java:750)
"qtp371720676-328" daemon prio=5 tid=328 timed_waiting
java.lang.Thread.State: TIMED_WAITING
        at sun.misc.Unsafe.park(Native Method)
        at java.util.concurrent.locks.LockSupport.parkNanos(LockSupport.java:215)
        at java.util.concurrent.locks.AbstractQueuedSynchronizer$ConditionObject.awaitNanos(AbstractQueuedSynchronizer.java:2078)
        at org.eclipse.jetty.util.BlockingArrayQueue.poll(BlockingArrayQueue.java:382)
        at org.eclipse.jetty.util.thread.QueuedThreadPool$Runner.idleJobPoll(QueuedThreadPool.java:974)
        at org.eclipse.jetty.util.thread.QueuedThreadPool$Runner.run(QueuedThreadPool.java:1018)
        at java.lang.Thread.run(Thread.java:750)
"grpc-default-worker-ELG-3-2" daemon prio=5 tid=588 runnable
java.lang.Thread.State: RUNNABLE
        at org.apache.ratis.thirdparty.io.netty.channel.epoll.Native.epollWait0(Native Method)
        at org.apache.ratis.thirdparty.io.netty.channel.epoll.Native.epollWait(Native.java:182)
        at org.apache.ratis.thirdparty.io.netty.channel.epoll.EpollEventLoop.epollWait(EpollEventLoop.java:290)
        at org.apache.ratis.thirdparty.io.netty.channel.epoll.EpollEventLoop.run(EpollEventLoop.java:354)
        at org.apache.ratis.thirdparty.io.netty.util.concurrent.SingleThreadEventExecutor$4.run(SingleThreadEventExecutor.java:995)
        at org.apache.ratis.thirdparty.io.netty.util.internal.ThreadExecutorMap$2.run(ThreadExecutorMap.java:74)
        at org.apache.ratis.thirdparty.io.netty.util.concurrent.FastThreadLocalRunnable.run(FastThreadLocalRunnable.java:30)
        at java.lang.Thread.run(Thread.java:750)
"IPC Server handler 8 on default port 33951" daemon prio=5 tid=162 timed_waiting
java.lang.Thread.State: TIMED_WAITING
        at sun.misc.Unsafe.park(Native Method)
        at java.util.concurrent.locks.LockSupport.parkNanos(LockSupport.java:215)
        at java.util.concurrent.locks.AbstractQueuedSynchronizer$ConditionObject.awaitNanos(AbstractQueuedSynchronizer.java:2078)
        at java.util.concurrent.LinkedBlockingQueue.poll(LinkedBlockingQueue.java:467)
        at org.apache.hadoop.ipc.CallQueueManager.take(CallQueueManager.java:317)
        at org.apache.hadoop.ipc.Server$Handler.run(Server.java:2942)
"IPC Server listener on 0" daemon prio=5 tid=31 runnable
java.lang.Thread.State: RUNNABLE
        at sun.nio.ch.EPollArrayWrapper.epollWait(Native Method)
        at sun.nio.ch.EPollArrayWrapper.poll(EPollArrayWrapper.java:269)
        at sun.nio.ch.EPollSelectorImpl.doSelect(EPollSelectorImpl.java:93)
        at sun.nio.ch.SelectorImpl.lockAndDoSelect(SelectorImpl.java:86)
        at sun.nio.ch.SelectorImpl.select(SelectorImpl.java:97)
        at sun.nio.ch.SelectorImpl.select(SelectorImpl.java:101)
        at org.apache.hadoop.ipc.Server$Listener.run(Server.java:1358)
"37be314e-42cf-4ee9-a18e-baad7075c611@group-4B191A258550-LeaderStateImpl" daemon prio=5 tid=908 timed_waiting
java.lang.Thread.State: TIMED_WAITING
        at sun.misc.Unsafe.park(Native Method)
        at java.util.concurrent.locks.LockSupport.parkNanos(LockSupport.java:215)
        at java.util.concurrent.locks.AbstractQueuedSynchronizer$ConditionObject.awaitNanos(AbstractQueuedSynchronizer.java:2078)
        at java.util.concurrent.ArrayBlockingQueue.poll(ArrayBlockingQueue.java:418)
        at org.apache.ratis.server.impl.LeaderStateImpl$EventQueue.poll(LeaderStateImpl.java:159)
        at org.apache.ratis.server.impl.LeaderStateImpl$EventProcessor.run(LeaderStateImpl.java:630)
"IPC Server handler 7 on default port 33951" daemon prio=5 tid=161 timed_waiting
java.lang.Thread.State: TIMED_WAITING
        at sun.misc.Unsafe.park(Native Method)
        at java.util.concurrent.locks.LockSupport.parkNanos(LockSupport.java:215)
        at java.util.concurrent.locks.AbstractQueuedSynchronizer$ConditionObject.awaitNanos(AbstractQueuedSynchronizer.java:2078)
        at java.util.concurrent.LinkedBlockingQueue.poll(LinkedBlockingQueue.java:467)
        at org.apache.hadoop.ipc.CallQueueManager.take(CallQueueManager.java:317)
        at org.apache.hadoop.ipc.Server$Handler.run(Server.java:2942)
"Datanode ReportManager Thread - 4" daemon prio=5 tid=255 timed_waiting
java.lang.Thread.State: TIMED_WAITING
        at sun.misc.Unsafe.park(Native Method)
        at java.util.concurrent.locks.LockSupport.parkNanos(LockSupport.java:215)
        at java.util.concurrent.locks.AbstractQueuedSynchronizer$ConditionObject.awaitNanos(AbstractQueuedSynchronizer.java:2078)
        at java.util.concurrent.ScheduledThreadPoolExecutor$DelayedWorkQueue.take(ScheduledThreadPoolExecutor.java:1093)
        at java.util.concurrent.ScheduledThreadPoolExecutor$DelayedWorkQueue.take(ScheduledThreadPoolExecutor.java:809)
        at java.util.concurrent.ThreadPoolExecutor.getTask(ThreadPoolExecutor.java:1074)
        at java.util.concurrent.ThreadPoolExecutor.runWorker(ThreadPoolExecutor.java:1134)
        at java.util.concurrent.ThreadPoolExecutor$Worker.run(ThreadPoolExecutor.java:624)
        at java.lang.Thread.run(Thread.java:750)
"ChunkWriter-0-0" daemon prio=5 tid=517 in Object.wait()
java.lang.Thread.State: WAITING (on object monitor)
        at sun.misc.Unsafe.park(Native Method)
        at java.util.concurrent.locks.LockSupport.park(LockSupport.java:175)
        at java.util.concurrent.locks.AbstractQueuedSynchronizer$ConditionObject.await(AbstractQueuedSynchronizer.java:2039)
        at java.util.concurrent.LinkedBlockingDeque.takeFirst(LinkedBlockingDeque.java:492)
        at java.util.concurrent.LinkedBlockingDeque.take(LinkedBlockingDeque.java:680)
        at java.util.concurrent.ThreadPoolExecutor.getTask(ThreadPoolExecutor.java:1074)
        at java.util.concurrent.ThreadPoolExecutor.runWorker(ThreadPoolExecutor.java:1134)
        at java.util.concurrent.ThreadPoolExecutor$Worker.run(ThreadPoolExecutor.java:624)
        at java.lang.Thread.run(Thread.java:750)
"qtp2040269640-362" daemon prio=5 tid=362 runnable
java.lang.Thread.State: RUNNABLE
        at sun.nio.ch.EPollArrayWrapper.epollWait(Native Method)
        at sun.nio.ch.EPollArrayWrapper.poll(EPollArrayWrapper.java:269)
        at sun.nio.ch.EPollSelectorImpl.doSelect(EPollSelectorImpl.java:93)
        at sun.nio.ch.SelectorImpl.lockAndDoSelect(SelectorImpl.java:86)
        at sun.nio.ch.SelectorImpl.select(SelectorImpl.java:97)
        at sun.nio.ch.SelectorImpl.select(SelectorImpl.java:101)
        at org.eclipse.jetty.io.ManagedSelector.nioSelect(ManagedSelector.java:183)
        at org.eclipse.jetty.io.ManagedSelector.select(ManagedSelector.java:190)
        at org.eclipse.jetty.io.ManagedSelector$SelectorProducer.select(ManagedSelector.java:606)
        at org.eclipse.jetty.io.ManagedSelector$SelectorProducer.produce(ManagedSelector.java:543)
        at org.eclipse.jetty.util.thread.strategy.EatWhatYouKill.produceTask(EatWhatYouKill.java:362)
        at org.eclipse.jetty.util.thread.strategy.EatWhatYouKill.doProduce(EatWhatYouKill.java:186)
        at org.eclipse.jetty.util.thread.strategy.EatWhatYouKill.tryProduce(EatWhatYouKill.java:173)
        at org.eclipse.jetty.util.thread.strategy.EatWhatYouKill.produce(EatWhatYouKill.java:137)
        at org.eclipse.jetty.io.ManagedSelector$$Lambda$453/347035587.run(Unknown Source)
        at org.eclipse.jetty.util.thread.QueuedThreadPool.runJob(QueuedThreadPool.java:883)
        at org.eclipse.jetty.util.thread.QueuedThreadPool$Runner.run(QueuedThreadPool.java:1034)
        at java.lang.Thread.run(Thread.java:750)
"StaleRecoveringContainerScrubbingService#6" daemon prio=5 tid=957 in Object.wait()
java.lang.Thread.State: WAITING (on object monitor)
        at sun.misc.Unsafe.park(Native Method)
        at java.util.concurrent.locks.LockSupport.park(LockSupport.java:175)
        at java.util.concurrent.locks.AbstractQueuedSynchronizer$ConditionObject.await(AbstractQueuedSynchronizer.java:2039)
        at java.util.concurrent.ScheduledThreadPoolExecutor$DelayedWorkQueue.take(ScheduledThreadPoolExecutor.java:1088)
        at java.util.concurrent.ScheduledThreadPoolExecutor$DelayedWorkQueue.take(ScheduledThreadPoolExecutor.java:809)
        at java.util.concurrent.ThreadPoolExecutor.getTask(ThreadPoolExecutor.java:1074)
        at java.util.concurrent.ThreadPoolExecutor.runWorker(ThreadPoolExecutor.java:1134)
        at java.util.concurrent.ThreadPoolExecutor$Worker.run(ThreadPoolExecutor.java:624)
        at java.lang.Thread.run(Thread.java:750)
"ChunkWriter-0-0" daemon prio=5 tid=451 in Object.wait()
java.lang.Thread.State: WAITING (on object monitor)
        at sun.misc.Unsafe.park(Native Method)
        at java.util.concurrent.locks.LockSupport.park(LockSupport.java:175)
        at java.util.concurrent.locks.AbstractQueuedSynchronizer$ConditionObject.await(AbstractQueuedSynchronizer.java:2039)
        at java.util.concurrent.LinkedBlockingDeque.takeFirst(LinkedBlockingDeque.java:492)
        at java.util.concurrent.LinkedBlockingDeque.take(LinkedBlockingDeque.java:680)
        at java.util.concurrent.ThreadPoolExecutor.getTask(ThreadPoolExecutor.java:1074)
        at java.util.concurrent.ThreadPoolExecutor.runWorker(ThreadPoolExecutor.java:1134)
        at java.util.concurrent.ThreadPoolExecutor$Worker.run(ThreadPoolExecutor.java:624)
        at java.lang.Thread.run(Thread.java:750)
"Datanode State Machine Task Thread - 1"  prio=5 tid=515 in Object.wait()
java.lang.Thread.State: WAITING (on object monitor)
        at sun.misc.Unsafe.park(Native Method)
        at java.util.concurrent.locks.LockSupport.park(LockSupport.java:175)
        at java.util.concurrent.locks.AbstractQueuedSynchronizer$ConditionObject.await(AbstractQueuedSynchronizer.java:2039)
        at java.util.concurrent.LinkedBlockingQueue.take(LinkedBlockingQueue.java:442)
        at java.util.concurrent.ThreadPoolExecutor.getTask(ThreadPoolExecutor.java:1074)
        at java.util.concurrent.ThreadPoolExecutor.runWorker(ThreadPoolExecutor.java:1134)
        at java.util.concurrent.ThreadPoolExecutor$Worker.run(ThreadPoolExecutor.java:624)
        at java.lang.Thread.run(Thread.java:750)
"timer2" daemon prio=5 tid=723 timed_waiting
java.lang.Thread.State: TIMED_WAITING
        at java.lang.Object.wait(Native Method)
        at java.util.TimerThread.mainLoop(Timer.java:552)
        at java.util.TimerThread.run(Timer.java:505)
"qtp253998981-192" daemon prio=5 tid=192 timed_waiting
java.lang.Thread.State: TIMED_WAITING
        at sun.misc.Unsafe.park(Native Method)
        at java.util.concurrent.locks.LockSupport.parkNanos(LockSupport.java:215)
        at java.util.concurrent.locks.AbstractQueuedSynchronizer$ConditionObject.awaitNanos(AbstractQueuedSynchronizer.java:2078)
        at org.eclipse.jetty.util.BlockingArrayQueue.poll(BlockingArrayQueue.java:382)
        at org.eclipse.jetty.util.thread.QueuedThreadPool$Runner.idleJobPoll(QueuedThreadPool.java:974)
        at org.eclipse.jetty.util.thread.QueuedThreadPool$Runner.run(QueuedThreadPool.java:1018)
        at java.lang.Thread.run(Thread.java:750)
"OpenKeyCleanupService#0" daemon prio=5 tid=143 timed_waiting
java.lang.Thread.State: TIMED_WAITING
        at sun.misc.Unsafe.park(Native Method)
        at java.util.concurrent.locks.LockSupport.parkNanos(LockSupport.java:215)
        at java.util.concurrent.locks.AbstractQueuedSynchronizer$ConditionObject.awaitNanos(AbstractQueuedSynchronizer.java:2078)
        at java.util.concurrent.ScheduledThreadPoolExecutor$DelayedWorkQueue.take(ScheduledThreadPoolExecutor.java:1093)
        at java.util.concurrent.ScheduledThreadPoolExecutor$DelayedWorkQueue.take(ScheduledThreadPoolExecutor.java:809)
        at java.util.concurrent.ThreadPoolExecutor.getTask(ThreadPoolExecutor.java:1074)
        at java.util.concurrent.ThreadPoolExecutor.runWorker(ThreadPoolExecutor.java:1134)
        at java.util.concurrent.ThreadPoolExecutor$Worker.run(ThreadPoolExecutor.java:624)
        at java.lang.Thread.run(Thread.java:750)
"22174ed7-3438-44c1-87a9-382e0277420a@group-75780AEF7A1B-LeaderStateImpl" daemon prio=5 tid=718 timed_waiting
java.lang.Thread.State: TIMED_WAITING
        at sun.misc.Unsafe.park(Native Method)
        at java.util.concurrent.locks.LockSupport.parkNanos(LockSupport.java:215)
        at java.util.concurrent.locks.AbstractQueuedSynchronizer$ConditionObject.awaitNanos(AbstractQueuedSynchronizer.java:2078)
        at java.util.concurrent.ArrayBlockingQueue.poll(ArrayBlockingQueue.java:418)
        at org.apache.ratis.server.impl.LeaderStateImpl$EventQueue.poll(LeaderStateImpl.java:159)
        at org.apache.ratis.server.impl.LeaderStateImpl$EventProcessor.run(LeaderStateImpl.java:630)
"IPC Parameter Sending Thread #0" daemon prio=5 tid=122 timed_waiting
java.lang.Thread.State: TIMED_WAITING
        at sun.misc.Unsafe.park(Native Method)
        at java.util.concurrent.locks.LockSupport.parkNanos(LockSupport.java:215)
        at java.util.concurrent.SynchronousQueue$TransferStack.awaitFulfill(SynchronousQueue.java:460)
        at java.util.concurrent.SynchronousQueue$TransferStack.transfer(SynchronousQueue.java:362)
        at java.util.concurrent.SynchronousQueue.poll(SynchronousQueue.java:941)
        at java.util.concurrent.ThreadPoolExecutor.getTask(ThreadPoolExecutor.java:1073)
        at java.util.concurrent.ThreadPoolExecutor.runWorker(ThreadPoolExecutor.java:1134)
        at java.util.concurrent.ThreadPoolExecutor$Worker.run(ThreadPoolExecutor.java:624)
        at java.lang.Thread.run(Thread.java:750)
"ChunkReader-2" daemon prio=5 tid=823 in Object.wait()
java.lang.Thread.State: WAITING (on object monitor)
        at sun.misc.Unsafe.park(Native Method)
        at java.util.concurrent.locks.LockSupport.park(LockSupport.java:175)
        at java.util.concurrent.locks.AbstractQueuedSynchronizer$ConditionObject.await(AbstractQueuedSynchronizer.java:2039)
        at java.util.concurrent.LinkedBlockingQueue.take(LinkedBlockingQueue.java:442)
        at java.util.concurrent.ThreadPoolExecutor.getTask(ThreadPoolExecutor.java:1074)
        at java.util.concurrent.ThreadPoolExecutor.runWorker(ThreadPoolExecutor.java:1134)
        at java.util.concurrent.ThreadPoolExecutor$Worker.run(ThreadPoolExecutor.java:624)
        at java.lang.Thread.run(Thread.java:750)
"BlockDeletingService#0" daemon prio=5 tid=379 in Object.wait()
java.lang.Thread.State: WAITING (on object monitor)
        at sun.misc.Unsafe.park(Native Method)
        at java.util.concurrent.locks.LockSupport.park(LockSupport.java:175)
        at java.util.concurrent.locks.AbstractQueuedSynchronizer$ConditionObject.await(AbstractQueuedSynchronizer.java:2039)
        at java.util.concurrent.ScheduledThreadPoolExecutor$DelayedWorkQueue.take(ScheduledThreadPoolExecutor.java:1088)
        at java.util.concurrent.ScheduledThreadPoolExecutor$DelayedWorkQueue.take(ScheduledThreadPoolExecutor.java:809)
        at java.util.concurrent.ThreadPoolExecutor.getTask(ThreadPoolExecutor.java:1074)
        at java.util.concurrent.ThreadPoolExecutor.runWorker(ThreadPoolExecutor.java:1134)
        at java.util.concurrent.ThreadPoolExecutor$Worker.run(ThreadPoolExecutor.java:624)
        at java.lang.Thread.run(Thread.java:750)
"IPC Server handler 9 on default port 33951" daemon prio=5 tid=163 timed_waiting
java.lang.Thread.State: TIMED_WAITING
        at sun.misc.Unsafe.park(Native Method)
        at java.util.concurrent.locks.LockSupport.parkNanos(LockSupport.java:215)
        at java.util.concurrent.locks.AbstractQueuedSynchronizer$ConditionObject.awaitNanos(AbstractQueuedSynchronizer.java:2078)
        at java.util.concurrent.LinkedBlockingQueue.poll(LinkedBlockingQueue.java:467)
        at org.apache.hadoop.ipc.CallQueueManager.take(CallQueueManager.java:317)
        at org.apache.hadoop.ipc.Server$Handler.run(Server.java:2942)
"204ebb6c-eb9c-4605-8b0a-417067302917-server-thread3" daemon prio=5 tid=739 timed_waiting
java.lang.Thread.State: TIMED_WAITING
        at sun.misc.Unsafe.park(Native Method)
        at java.util.concurrent.locks.LockSupport.parkNanos(LockSupport.java:215)
        at java.util.concurrent.SynchronousQueue$TransferStack.awaitFulfill(SynchronousQueue.java:460)
        at java.util.concurrent.SynchronousQueue$TransferStack.transfer(SynchronousQueue.java:362)
        at java.util.concurrent.SynchronousQueue.poll(SynchronousQueue.java:941)
        at java.util.concurrent.ThreadPoolExecutor.getTask(ThreadPoolExecutor.java:1073)
        at java.util.concurrent.ThreadPoolExecutor.runWorker(ThreadPoolExecutor.java:1134)
        at java.util.concurrent.ThreadPoolExecutor$Worker.run(ThreadPoolExecutor.java:624)
        at java.lang.Thread.run(Thread.java:750)
"Datanode ReportManager Thread - 2" daemon prio=5 tid=509 in Object.wait()
java.lang.Thread.State: WAITING (on object monitor)
        at sun.misc.Unsafe.park(Native Method)
        at java.util.concurrent.locks.LockSupport.park(LockSupport.java:175)
        at java.util.concurrent.locks.AbstractQueuedSynchronizer$ConditionObject.await(AbstractQueuedSynchronizer.java:2039)
        at java.util.concurrent.ScheduledThreadPoolExecutor$DelayedWorkQueue.take(ScheduledThreadPoolExecutor.java:1088)
        at java.util.concurrent.ScheduledThreadPoolExecutor$DelayedWorkQueue.take(ScheduledThreadPoolExecutor.java:809)
        at java.util.concurrent.ThreadPoolExecutor.getTask(ThreadPoolExecutor.java:1074)
        at java.util.concurrent.ThreadPoolExecutor.runWorker(ThreadPoolExecutor.java:1134)
        at java.util.concurrent.ThreadPoolExecutor$Worker.run(ThreadPoolExecutor.java:624)
        at java.lang.Thread.run(Thread.java:750)
"Datanode State Machine Task Thread - 0"  prio=5 tid=258 in Object.wait()
java.lang.Thread.State: WAITING (on object monitor)
        at sun.misc.Unsafe.park(Native Method)
        at java.util.concurrent.locks.LockSupport.park(LockSupport.java:175)
        at java.util.concurrent.locks.AbstractQueuedSynchronizer$ConditionObject.await(AbstractQueuedSynchronizer.java:2039)
        at java.util.concurrent.LinkedBlockingQueue.take(LinkedBlockingQueue.java:442)
        at java.util.concurrent.ThreadPoolExecutor.getTask(ThreadPoolExecutor.java:1074)
        at java.util.concurrent.ThreadPoolExecutor.runWorker(ThreadPoolExecutor.java:1134)
        at java.util.concurrent.ThreadPoolExecutor$Worker.run(ThreadPoolExecutor.java:624)
        at java.lang.Thread.run(Thread.java:750)
"StaleRecoveringContainerScrubbingService#8" daemon prio=5 tid=992 in Object.wait()
java.lang.Thread.State: WAITING (on object monitor)
        at sun.misc.Unsafe.park(Native Method)
        at java.util.concurrent.locks.LockSupport.park(LockSupport.java:175)
        at java.util.concurrent.locks.AbstractQueuedSynchronizer$ConditionObject.await(AbstractQueuedSynchronizer.java:2039)
        at java.util.concurrent.ScheduledThreadPoolExecutor$DelayedWorkQueue.take(ScheduledThreadPoolExecutor.java:1088)
        at java.util.concurrent.ScheduledThreadPoolExecutor$DelayedWorkQueue.take(ScheduledThreadPoolExecutor.java:809)
        at java.util.concurrent.ThreadPoolExecutor.getTask(ThreadPoolExecutor.java:1074)
        at java.util.concurrent.ThreadPoolExecutor.runWorker(ThreadPoolExecutor.java:1134)
        at java.util.concurrent.ThreadPoolExecutor$Worker.run(ThreadPoolExecutor.java:624)
        at java.lang.Thread.run(Thread.java:750)
"EventQueue-OpenPipelineForHealthyPipelineSafeModeRule" daemon prio=5 tid=579 in Object.wait()
java.lang.Thread.State: WAITING (on object monitor)
        at sun.misc.Unsafe.park(Native Method)
        at java.util.concurrent.locks.LockSupport.park(LockSupport.java:175)
        at java.util.concurrent.locks.AbstractQueuedSynchronizer$ConditionObject.await(AbstractQueuedSynchronizer.java:2039)
        at java.util.concurrent.LinkedBlockingQueue.take(LinkedBlockingQueue.java:442)
        at java.util.concurrent.ThreadPoolExecutor.getTask(ThreadPoolExecutor.java:1074)
        at java.util.concurrent.ThreadPoolExecutor.runWorker(ThreadPoolExecutor.java:1134)
        at java.util.concurrent.ThreadPoolExecutor$Worker.run(ThreadPoolExecutor.java:624)
        at java.lang.Thread.run(Thread.java:750)
"Periodic HDDS volume checker" daemon prio=5 tid=393 timed_waiting
java.lang.Thread.State: TIMED_WAITING
        at sun.misc.Unsafe.park(Native Method)
        at java.util.concurrent.locks.LockSupport.parkNanos(LockSupport.java:215)
        at java.util.concurrent.locks.AbstractQueuedSynchronizer$ConditionObject.awaitNanos(AbstractQueuedSynchronizer.java:2078)
        at java.util.concurrent.ScheduledThreadPoolExecutor$DelayedWorkQueue.take(ScheduledThreadPoolExecutor.java:1093)
        at java.util.concurrent.ScheduledThreadPoolExecutor$DelayedWorkQueue.take(ScheduledThreadPoolExecutor.java:809)
        at java.util.concurrent.ThreadPoolExecutor.getTask(ThreadPoolExecutor.java:1074)
        at java.util.concurrent.ThreadPoolExecutor.runWorker(ThreadPoolExecutor.java:1134)
        at java.util.concurrent.ThreadPoolExecutor$Worker.run(ThreadPoolExecutor.java:624)
        at java.lang.Thread.run(Thread.java:750)
"Datanode ReportManager Thread - 4" daemon prio=5 tid=349 in Object.wait()
java.lang.Thread.State: WAITING (on object monitor)
        at sun.misc.Unsafe.park(Native Method)
        at java.util.concurrent.locks.LockSupport.park(LockSupport.java:175)
        at java.util.concurrent.locks.AbstractQueuedSynchronizer$ConditionObject.await(AbstractQueuedSynchronizer.java:2039)
        at java.util.concurrent.ScheduledThreadPoolExecutor$DelayedWorkQueue.take(ScheduledThreadPoolExecutor.java:1088)
        at java.util.concurrent.ScheduledThreadPoolExecutor$DelayedWorkQueue.take(ScheduledThreadPoolExecutor.java:809)
        at java.util.concurrent.ThreadPoolExecutor.getTask(ThreadPoolExecutor.java:1074)
        at java.util.concurrent.ThreadPoolExecutor.runWorker(ThreadPoolExecutor.java:1134)
        at java.util.concurrent.ThreadPoolExecutor$Worker.run(ThreadPoolExecutor.java:624)
        at java.lang.Thread.run(Thread.java:750)
"ChunkWriter-2-0" daemon prio=5 tid=453 in Object.wait()
java.lang.Thread.State: WAITING (on object monitor)
        at sun.misc.Unsafe.park(Native Method)
        at java.util.concurrent.locks.LockSupport.park(LockSupport.java:175)
        at java.util.concurrent.locks.AbstractQueuedSynchronizer$ConditionObject.await(AbstractQueuedSynchronizer.java:2039)
        at java.util.concurrent.LinkedBlockingDeque.takeFirst(LinkedBlockingDeque.java:492)
        at java.util.concurrent.LinkedBlockingDeque.take(LinkedBlockingDeque.java:680)
        at java.util.concurrent.ThreadPoolExecutor.getTask(ThreadPoolExecutor.java:1074)
        at java.util.concurrent.ThreadPoolExecutor.runWorker(ThreadPoolExecutor.java:1134)
        at java.util.concurrent.ThreadPoolExecutor$Worker.run(ThreadPoolExecutor.java:624)
        at java.lang.Thread.run(Thread.java:750)
"ChunkReader-0" daemon prio=5 tid=804 in Object.wait()
java.lang.Thread.State: WAITING (on object monitor)
        at sun.misc.Unsafe.park(Native Method)
        at java.util.concurrent.locks.LockSupport.park(LockSupport.java:175)
        at java.util.concurrent.locks.AbstractQueuedSynchronizer$ConditionObject.await(AbstractQueuedSynchronizer.java:2039)
        at java.util.concurrent.LinkedBlockingQueue.take(LinkedBlockingQueue.java:442)
        at java.util.concurrent.ThreadPoolExecutor.getTask(ThreadPoolExecutor.java:1074)
        at java.util.concurrent.ThreadPoolExecutor.runWorker(ThreadPoolExecutor.java:1134)
        at java.util.concurrent.ThreadPoolExecutor$Worker.run(ThreadPoolExecutor.java:624)
        at java.lang.Thread.run(Thread.java:750)
"EndpointStateMachine task thread for /0.0.0.0:33549 - 0 "  prio=5 tid=567 in Object.wait()
java.lang.Thread.State: WAITING (on object monitor)
        at sun.misc.Unsafe.park(Native Method)
        at java.util.concurrent.locks.LockSupport.park(LockSupport.java:175)
        at java.util.concurrent.locks.AbstractQueuedSynchronizer$ConditionObject.await(AbstractQueuedSynchronizer.java:2039)
        at java.util.concurrent.LinkedBlockingQueue.take(LinkedBlockingQueue.java:442)
        at java.util.concurrent.ThreadPoolExecutor.getTask(ThreadPoolExecutor.java:1074)
        at java.util.concurrent.ThreadPoolExecutor.runWorker(ThreadPoolExecutor.java:1134)
        at java.util.concurrent.ThreadPoolExecutor$Worker.run(ThreadPoolExecutor.java:624)
        at java.lang.Thread.run(Thread.java:750)
"22174ed7-3438-44c1-87a9-382e0277420a@group-FB364613BCB2-LeaderStateImpl" daemon prio=5 tid=710 timed_waiting
java.lang.Thread.State: TIMED_WAITING
        at sun.misc.Unsafe.park(Native Method)
        at java.util.concurrent.locks.LockSupport.parkNanos(LockSupport.java:215)
        at java.util.concurrent.locks.AbstractQueuedSynchronizer$ConditionObject.awaitNanos(AbstractQueuedSynchronizer.java:2078)
        at java.util.concurrent.ArrayBlockingQueue.poll(ArrayBlockingQueue.java:418)
        at org.apache.ratis.server.impl.LeaderStateImpl$EventQueue.poll(LeaderStateImpl.java:159)
        at org.apache.ratis.server.impl.LeaderStateImpl$EventProcessor.run(LeaderStateImpl.java:630)
"Datanode ReportManager Thread - 1" daemon prio=5 tid=252 timed_waiting
java.lang.Thread.State: TIMED_WAITING
        at sun.misc.Unsafe.park(Native Method)
        at java.util.concurrent.locks.LockSupport.parkNanos(LockSupport.java:215)
        at java.util.concurrent.locks.AbstractQueuedSynchronizer$ConditionObject.awaitNanos(AbstractQueuedSynchronizer.java:2078)
        at java.util.concurrent.ScheduledThreadPoolExecutor$DelayedWorkQueue.take(ScheduledThreadPoolExecutor.java:1093)
        at java.util.concurrent.ScheduledThreadPoolExecutor$DelayedWorkQueue.take(ScheduledThreadPoolExecutor.java:809)
        at java.util.concurrent.ThreadPoolExecutor.getTask(ThreadPoolExecutor.java:1074)
        at java.util.concurrent.ThreadPoolExecutor.runWorker(ThreadPoolExecutor.java:1134)
        at java.util.concurrent.ThreadPoolExecutor$Worker.run(ThreadPoolExecutor.java:624)
        at java.lang.Thread.run(Thread.java:750)
"Datanode ReportManager Thread - 4" daemon prio=5 tid=199 in Object.wait()
java.lang.Thread.State: WAITING (on object monitor)
        at sun.misc.Unsafe.park(Native Method)
        at java.util.concurrent.locks.LockSupport.park(LockSupport.java:175)
        at java.util.concurrent.locks.AbstractQueuedSynchronizer$ConditionObject.await(AbstractQueuedSynchronizer.java:2039)
        at java.util.concurrent.ScheduledThreadPoolExecutor$DelayedWorkQueue.take(ScheduledThreadPoolExecutor.java:1088)
        at java.util.concurrent.ScheduledThreadPoolExecutor$DelayedWorkQueue.take(ScheduledThreadPoolExecutor.java:809)
        at java.util.concurrent.ThreadPoolExecutor.getTask(ThreadPoolExecutor.java:1074)
        at java.util.concurrent.ThreadPoolExecutor.runWorker(ThreadPoolExecutor.java:1134)
        at java.util.concurrent.ThreadPoolExecutor$Worker.run(ThreadPoolExecutor.java:624)
        at java.lang.Thread.run(Thread.java:750)
"51369307-b0de-40aa-9d6f-41f84e1cecb7@group-3A95A1098BC4-StateMachineUpdater" daemon prio=5 tid=664 timed_waiting
java.lang.Thread.State: TIMED_WAITING
        at sun.misc.Unsafe.park(Native Method)
        at java.util.concurrent.locks.LockSupport.parkNanos(LockSupport.java:215)
        at java.util.concurrent.locks.AbstractQueuedSynchronizer$ConditionObject.await(AbstractQueuedSynchronizer.java:2163)
        at org.apache.ratis.util.AwaitForSignal.await(AwaitForSignal.java:62)
        at org.apache.ratis.server.impl.StateMachineUpdater.waitForCommit(StateMachineUpdater.java:207)
        at org.apache.ratis.server.impl.StateMachineUpdater.run(StateMachineUpdater.java:176)
        at java.lang.Thread.run(Thread.java:750)
"StaleRecoveringContainerScrubbingService#3" daemon prio=5 tid=900 in Object.wait()
java.lang.Thread.State: WAITING (on object monitor)
        at sun.misc.Unsafe.park(Native Method)
        at java.util.concurrent.locks.LockSupport.park(LockSupport.java:175)
        at java.util.concurrent.locks.AbstractQueuedSynchronizer$ConditionObject.await(AbstractQueuedSynchronizer.java:2039)
        at java.util.concurrent.ScheduledThreadPoolExecutor$DelayedWorkQueue.take(ScheduledThreadPoolExecutor.java:1088)
        at java.util.concurrent.ScheduledThreadPoolExecutor$DelayedWorkQueue.take(ScheduledThreadPoolExecutor.java:809)
        at java.util.concurrent.ThreadPoolExecutor.getTask(ThreadPoolExecutor.java:1074)
        at java.util.concurrent.ThreadPoolExecutor.runWorker(ThreadPoolExecutor.java:1134)
        at java.util.concurrent.ThreadPoolExecutor$Worker.run(ThreadPoolExecutor.java:624)
        at java.lang.Thread.run(Thread.java:750)
"qtp1793515338-148" daemon prio=5 tid=148 timed_waiting
java.lang.Thread.State: TIMED_WAITING
        at sun.misc.Unsafe.park(Native Method)
        at java.util.concurrent.locks.LockSupport.parkNanos(LockSupport.java:215)
        at java.util.concurrent.locks.AbstractQueuedSynchronizer$ConditionObject.awaitNanos(AbstractQueuedSynchronizer.java:2078)
        at org.eclipse.jetty.util.BlockingArrayQueue.poll(BlockingArrayQueue.java:382)
        at org.eclipse.jetty.util.thread.QueuedThreadPool$Runner.idleJobPoll(QueuedThreadPool.java:974)
        at org.eclipse.jetty.util.thread.QueuedThreadPool$Runner.run(QueuedThreadPool.java:1018)
        at java.lang.Thread.run(Thread.java:750)
"qtp1138657523-116" daemon prio=5 tid=116 timed_waiting
java.lang.Thread.State: TIMED_WAITING
        at sun.misc.Unsafe.park(Native Method)
        at java.util.concurrent.locks.LockSupport.parkNanos(LockSupport.java:215)
        at java.util.concurrent.locks.AbstractQueuedSynchronizer$ConditionObject.awaitNanos(AbstractQueuedSynchronizer.java:2078)
        at org.eclipse.jetty.util.BlockingArrayQueue.poll(BlockingArrayQueue.java:382)
        at org.eclipse.jetty.util.thread.QueuedThreadPool$Runner.idleJobPoll(QueuedThreadPool.java:974)
        at org.eclipse.jetty.util.thread.QueuedThreadPool$Runner.run(QueuedThreadPool.java:1018)
        at java.lang.Thread.run(Thread.java:750)
"Datanode ReportManager Thread - 1" daemon prio=5 tid=279 in Object.wait()
java.lang.Thread.State: WAITING (on object monitor)
        at sun.misc.Unsafe.park(Native Method)
        at java.util.concurrent.locks.LockSupport.park(LockSupport.java:175)
        at java.util.concurrent.locks.AbstractQueuedSynchronizer$ConditionObject.await(AbstractQueuedSynchronizer.java:2039)
        at java.util.concurrent.ScheduledThreadPoolExecutor$DelayedWorkQueue.take(ScheduledThreadPoolExecutor.java:1088)
        at java.util.concurrent.ScheduledThreadPoolExecutor$DelayedWorkQueue.take(ScheduledThreadPoolExecutor.java:809)
        at java.util.concurrent.ThreadPoolExecutor.getTask(ThreadPoolExecutor.java:1074)
        at java.util.concurrent.ThreadPoolExecutor.runWorker(ThreadPoolExecutor.java:1134)
        at java.util.concurrent.ThreadPoolExecutor$Worker.run(ThreadPoolExecutor.java:624)
        at java.lang.Thread.run(Thread.java:750)
"pool-58-thread-1"  prio=5 tid=144 timed_waiting
java.lang.Thread.State: TIMED_WAITING
        at sun.misc.Unsafe.park(Native Method)
        at java.util.concurrent.locks.LockSupport.parkNanos(LockSupport.java:215)
        at java.util.concurrent.locks.AbstractQueuedSynchronizer$ConditionObject.awaitNanos(AbstractQueuedSynchronizer.java:2078)
        at java.util.concurrent.ScheduledThreadPoolExecutor$DelayedWorkQueue.take(ScheduledThreadPoolExecutor.java:1093)
        at java.util.concurrent.ScheduledThreadPoolExecutor$DelayedWorkQueue.take(ScheduledThreadPoolExecutor.java:809)
        at java.util.concurrent.ThreadPoolExecutor.getTask(ThreadPoolExecutor.java:1074)
        at java.util.concurrent.ThreadPoolExecutor.runWorker(ThreadPoolExecutor.java:1134)
        at java.util.concurrent.ThreadPoolExecutor$Worker.run(ThreadPoolExecutor.java:624)
        at java.lang.Thread.run(Thread.java:750)
"ChunkWriter-1-0" daemon prio=5 tid=518 in Object.wait()
java.lang.Thread.State: WAITING (on object monitor)
        at sun.misc.Unsafe.park(Native Method)
        at java.util.concurrent.locks.LockSupport.park(LockSupport.java:175)
        at java.util.concurrent.locks.AbstractQueuedSynchronizer$ConditionObject.await(AbstractQueuedSynchronizer.java:2039)
        at java.util.concurrent.LinkedBlockingDeque.takeFirst(LinkedBlockingDeque.java:492)
        at java.util.concurrent.LinkedBlockingDeque.take(LinkedBlockingDeque.java:680)
        at java.util.concurrent.ThreadPoolExecutor.getTask(ThreadPoolExecutor.java:1074)
        at java.util.concurrent.ThreadPoolExecutor.runWorker(ThreadPoolExecutor.java:1134)
        at java.util.concurrent.ThreadPoolExecutor$Worker.run(ThreadPoolExecutor.java:624)
        at java.lang.Thread.run(Thread.java:750)
"qtp1788678692-248" daemon prio=5 tid=248 timed_waiting
java.lang.Thread.State: TIMED_WAITING
        at sun.misc.Unsafe.park(Native Method)
        at java.util.concurrent.locks.LockSupport.parkNanos(LockSupport.java:215)
        at java.util.concurrent.locks.AbstractQueuedSynchronizer$ConditionObject.awaitNanos(AbstractQueuedSynchronizer.java:2078)
        at org.eclipse.jetty.util.BlockingArrayQueue.poll(BlockingArrayQueue.java:382)
        at org.eclipse.jetty.util.thread.QueuedThreadPool$Runner.idleJobPoll(QueuedThreadPool.java:974)
        at org.eclipse.jetty.util.thread.QueuedThreadPool$Runner.run(QueuedThreadPool.java:1018)
        at java.lang.Thread.run(Thread.java:750)
"pool-260-thread-1" daemon prio=5 tid=434 timed_waiting
java.lang.Thread.State: TIMED_WAITING
        at sun.misc.Unsafe.park(Native Method)
        at java.util.concurrent.locks.LockSupport.parkNanos(LockSupport.java:215)
        at java.util.concurrent.locks.AbstractQueuedSynchronizer$ConditionObject.awaitNanos(AbstractQueuedSynchronizer.java:2078)
        at java.util.concurrent.ScheduledThreadPoolExecutor$DelayedWorkQueue.take(ScheduledThreadPoolExecutor.java:1093)
        at java.util.concurrent.ScheduledThreadPoolExecutor$DelayedWorkQueue.take(ScheduledThreadPoolExecutor.java:809)
        at java.util.concurrent.ThreadPoolExecutor.getTask(ThreadPoolExecutor.java:1074)
        at java.util.concurrent.ThreadPoolExecutor.runWorker(ThreadPoolExecutor.java:1134)
        at java.util.concurrent.ThreadPoolExecutor$Worker.run(ThreadPoolExecutor.java:624)
        at java.lang.Thread.run(Thread.java:750)
"StaleRecoveringContainerScrubbingService#2" daemon prio=5 tid=736 timed_waiting
java.lang.Thread.State: TIMED_WAITING
        at sun.misc.Unsafe.park(Native Method)
        at java.util.concurrent.locks.LockSupport.parkNanos(LockSupport.java:215)
        at java.util.concurrent.locks.AbstractQueuedSynchronizer$ConditionObject.awaitNanos(AbstractQueuedSynchronizer.java:2078)
        at java.util.concurrent.ScheduledThreadPoolExecutor$DelayedWorkQueue.take(ScheduledThreadPoolExecutor.java:1093)
        at java.util.concurrent.ScheduledThreadPoolExecutor$DelayedWorkQueue.take(ScheduledThreadPoolExecutor.java:809)
        at java.util.concurrent.ThreadPoolExecutor.getTask(ThreadPoolExecutor.java:1074)
        at java.util.concurrent.ThreadPoolExecutor.runWorker(ThreadPoolExecutor.java:1134)
        at java.util.concurrent.ThreadPoolExecutor$Worker.run(ThreadPoolExecutor.java:624)
        at java.lang.Thread.run(Thread.java:750)
"JvmPauseMonitor2" daemon prio=5 tid=377 timed_waiting
java.lang.Thread.State: TIMED_WAITING
        at java.lang.Thread.sleep(Native Method)
        at java.lang.Thread.sleep(Thread.java:342)
        at java.util.concurrent.TimeUnit.sleep(TimeUnit.java:386)
        at org.apache.ratis.util.TimeDuration.sleep(TimeDuration.java:325)
        at org.apache.ratis.util.TimeDuration.sleep(TimeDuration.java:310)
        at org.apache.ratis.util.JvmPauseMonitor.detectPause(JvmPauseMonitor.java:119)
        at org.apache.ratis.util.JvmPauseMonitor.run(JvmPauseMonitor.java:108)
        at org.apache.ratis.util.JvmPauseMonitor$$Lambda$734/49719830.run(Unknown Source)
        at java.lang.Thread.run(Thread.java:750)
"EndpointStateMachine task thread for /0.0.0.0:33549 - 0 "  prio=5 tid=529 in Object.wait()
java.lang.Thread.State: WAITING (on object monitor)
        at sun.misc.Unsafe.park(Native Method)
        at java.util.concurrent.locks.LockSupport.park(LockSupport.java:175)
        at java.util.concurrent.locks.AbstractQueuedSynchronizer$ConditionObject.await(AbstractQueuedSynchronizer.java:2039)
        at java.util.concurrent.LinkedBlockingQueue.take(LinkedBlockingQueue.java:442)
        at java.util.concurrent.ThreadPoolExecutor.getTask(ThreadPoolExecutor.java:1074)
        at java.util.concurrent.ThreadPoolExecutor.runWorker(ThreadPoolExecutor.java:1134)
        at java.util.concurrent.ThreadPoolExecutor$Worker.run(ThreadPoolExecutor.java:624)
        at java.lang.Thread.run(Thread.java:750)
"ChunkReader-ELG-0" daemon prio=5 tid=535 runnable
java.lang.Thread.State: RUNNABLE
        at org.apache.ratis.thirdparty.io.netty.channel.epoll.Native.epollWait0(Native Method)
        at org.apache.ratis.thirdparty.io.netty.channel.epoll.Native.epollWait(Native.java:182)
        at org.apache.ratis.thirdparty.io.netty.channel.epoll.EpollEventLoop.epollWait(EpollEventLoop.java:290)
        at org.apache.ratis.thirdparty.io.netty.channel.epoll.EpollEventLoop.run(EpollEventLoop.java:354)
        at org.apache.ratis.thirdparty.io.netty.util.concurrent.SingleThreadEventExecutor$4.run(SingleThreadEventExecutor.java:995)
        at org.apache.ratis.thirdparty.io.netty.util.internal.ThreadExecutorMap$2.run(ThreadExecutorMap.java:74)
        at java.lang.Thread.run(Thread.java:750)
"BlockDeletingService#1" daemon prio=5 tid=526 timed_waiting
java.lang.Thread.State: TIMED_WAITING
        at sun.misc.Unsafe.park(Native Method)
        at java.util.concurrent.locks.LockSupport.parkNanos(LockSupport.java:215)
        at java.util.concurrent.locks.AbstractQueuedSynchronizer$ConditionObject.awaitNanos(AbstractQueuedSynchronizer.java:2078)
        at java.util.concurrent.ScheduledThreadPoolExecutor$DelayedWorkQueue.take(ScheduledThreadPoolExecutor.java:1093)
        at java.util.concurrent.ScheduledThreadPoolExecutor$DelayedWorkQueue.take(ScheduledThreadPoolExecutor.java:809)
        at java.util.concurrent.ThreadPoolExecutor.getTask(ThreadPoolExecutor.java:1074)
        at java.util.concurrent.ThreadPoolExecutor.runWorker(ThreadPoolExecutor.java:1134)
        at java.util.concurrent.ThreadPoolExecutor$Worker.run(ThreadPoolExecutor.java:624)
        at java.lang.Thread.run(Thread.java:750)
"ChunkReader-3" daemon prio=5 tid=827 in Object.wait()
java.lang.Thread.State: WAITING (on object monitor)
        at sun.misc.Unsafe.park(Native Method)
        at java.util.concurrent.locks.LockSupport.park(LockSupport.java:175)
        at java.util.concurrent.locks.AbstractQueuedSynchronizer$ConditionObject.await(AbstractQueuedSynchronizer.java:2039)
        at java.util.concurrent.LinkedBlockingQueue.take(LinkedBlockingQueue.java:442)
        at java.util.concurrent.ThreadPoolExecutor.getTask(ThreadPoolExecutor.java:1074)
        at java.util.concurrent.ThreadPoolExecutor.runWorker(ThreadPoolExecutor.java:1134)
        at java.util.concurrent.ThreadPoolExecutor$Worker.run(ThreadPoolExecutor.java:624)
        at java.lang.Thread.run(Thread.java:750)
"qtp325536552-443" daemon prio=5 tid=443 timed_waiting
java.lang.Thread.State: TIMED_WAITING
        at sun.misc.Unsafe.park(Native Method)
        at java.util.concurrent.locks.LockSupport.parkNanos(LockSupport.java:215)
        at java.util.concurrent.locks.AbstractQueuedSynchronizer$ConditionObject.awaitNanos(AbstractQueuedSynchronizer.java:2078)
        at org.eclipse.jetty.util.BlockingArrayQueue.poll(BlockingArrayQueue.java:382)
        at org.eclipse.jetty.util.thread.QueuedThreadPool$Runner.idleJobPoll(QueuedThreadPool.java:974)
        at org.eclipse.jetty.util.thread.QueuedThreadPool$Runner.run(QueuedThreadPool.java:1018)
        at java.lang.Thread.run(Thread.java:750)
"StaleRecoveringContainerScrubbingService#6" daemon prio=5 tid=953 in Object.wait()
java.lang.Thread.State: WAITING (on object monitor)
        at sun.misc.Unsafe.park(Native Method)
        at java.util.concurrent.locks.LockSupport.park(LockSupport.java:175)
        at java.util.concurrent.locks.AbstractQueuedSynchronizer$ConditionObject.await(AbstractQueuedSynchronizer.java:2039)
        at java.util.concurrent.ScheduledThreadPoolExecutor$DelayedWorkQueue.take(ScheduledThreadPoolExecutor.java:1088)
        at java.util.concurrent.ScheduledThreadPoolExecutor$DelayedWorkQueue.take(ScheduledThreadPoolExecutor.java:809)
        at java.util.concurrent.ThreadPoolExecutor.getTask(ThreadPoolExecutor.java:1074)
        at java.util.concurrent.ThreadPoolExecutor.runWorker(ThreadPoolExecutor.java:1134)
        at java.util.concurrent.ThreadPoolExecutor$Worker.run(ThreadPoolExecutor.java:624)
        at java.lang.Thread.run(Thread.java:750)
"BlockDeletingService#2" daemon prio=5 tid=980 in Object.wait()
java.lang.Thread.State: WAITING (on object monitor)
        at sun.misc.Unsafe.park(Native Method)
        at java.util.concurrent.locks.LockSupport.park(LockSupport.java:175)
        at java.util.concurrent.locks.AbstractQueuedSynchronizer$ConditionObject.await(AbstractQueuedSynchronizer.java:2039)
        at java.util.concurrent.ScheduledThreadPoolExecutor$DelayedWorkQueue.take(ScheduledThreadPoolExecutor.java:1088)
        at java.util.concurrent.ScheduledThreadPoolExecutor$DelayedWorkQueue.take(ScheduledThreadPoolExecutor.java:809)
        at java.util.concurrent.ThreadPoolExecutor.getTask(ThreadPoolExecutor.java:1074)
        at java.util.concurrent.ThreadPoolExecutor.runWorker(ThreadPoolExecutor.java:1134)
        at java.util.concurrent.ThreadPoolExecutor$Worker.run(ThreadPoolExecutor.java:624)
        at java.lang.Thread.run(Thread.java:750)
"51369307-b0de-40aa-9d6f-41f84e1cecb7@group-3A95A1098BC4-SegmentedRaftLogWorker"  prio=5 tid=662 timed_waiting
java.lang.Thread.State: TIMED_WAITING
        at sun.misc.Unsafe.park(Native Method)
        at java.util.concurrent.locks.LockSupport.parkNanos(LockSupport.java:215)
        at java.util.concurrent.locks.AbstractQueuedSynchronizer$ConditionObject.awaitNanos(AbstractQueuedSynchronizer.java:2078)
        at org.apache.ratis.util.DataBlockingQueue.poll(DataBlockingQueue.java:148)
        at org.apache.ratis.server.raftlog.segmented.SegmentedRaftLogWorker.run(SegmentedRaftLogWorker.java:312)
        at org.apache.ratis.server.raftlog.segmented.SegmentedRaftLogWorker$$Lambda$693/377063671.run(Unknown Source)
        at java.lang.Thread.run(Thread.java:750)
"qtp371720676-326" daemon prio=5 tid=326 runnable
java.lang.Thread.State: RUNNABLE
        at sun.nio.ch.EPollArrayWrapper.epollWait(Native Method)
        at sun.nio.ch.EPollArrayWrapper.poll(EPollArrayWrapper.java:269)
        at sun.nio.ch.EPollSelectorImpl.doSelect(EPollSelectorImpl.java:93)
        at sun.nio.ch.SelectorImpl.lockAndDoSelect(SelectorImpl.java:86)
        at sun.nio.ch.SelectorImpl.select(SelectorImpl.java:97)
        at sun.nio.ch.SelectorImpl.select(SelectorImpl.java:101)
        at org.eclipse.jetty.io.ManagedSelector.nioSelect(ManagedSelector.java:183)
        at org.eclipse.jetty.io.ManagedSelector.select(ManagedSelector.java:190)
        at org.eclipse.jetty.io.ManagedSelector$SelectorProducer.select(ManagedSelector.java:606)
        at org.eclipse.jetty.io.ManagedSelector$SelectorProducer.produce(ManagedSelector.java:543)
        at org.eclipse.jetty.util.thread.strategy.EatWhatYouKill.produceTask(EatWhatYouKill.java:362)
        at org.eclipse.jetty.util.thread.strategy.EatWhatYouKill.doProduce(EatWhatYouKill.java:186)
        at org.eclipse.jetty.util.thread.strategy.EatWhatYouKill.tryProduce(EatWhatYouKill.java:173)
        at org.eclipse.jetty.util.thread.strategy.EatWhatYouKill.produce(EatWhatYouKill.java:137)
        at org.eclipse.jetty.io.ManagedSelector$$Lambda$453/347035587.run(Unknown Source)
        at org.eclipse.jetty.util.thread.QueuedThreadPool.runJob(QueuedThreadPool.java:883)
        at org.eclipse.jetty.util.thread.QueuedThreadPool$Runner.run(QueuedThreadPool.java:1034)
        at java.lang.Thread.run(Thread.java:750)
"Session-HouseKeeper-2ae4a15a-1"  prio=5 tid=193 timed_waiting
java.lang.Thread.State: TIMED_WAITING
        at sun.misc.Unsafe.park(Native Method)
        at java.util.concurrent.locks.LockSupport.parkNanos(LockSupport.java:215)
        at java.util.concurrent.locks.AbstractQueuedSynchronizer$ConditionObject.awaitNanos(AbstractQueuedSynchronizer.java:2078)
        at java.util.concurrent.ScheduledThreadPoolExecutor$DelayedWorkQueue.take(ScheduledThreadPoolExecutor.java:1093)
        at java.util.concurrent.ScheduledThreadPoolExecutor$DelayedWorkQueue.take(ScheduledThreadPoolExecutor.java:809)
        at java.util.concurrent.ThreadPoolExecutor.getTask(ThreadPoolExecutor.java:1074)
        at java.util.concurrent.ThreadPoolExecutor.runWorker(ThreadPoolExecutor.java:1134)
        at java.util.concurrent.ThreadPoolExecutor$Worker.run(ThreadPoolExecutor.java:624)
        at java.lang.Thread.run(Thread.java:750)
"FixedThreadPoolWithAffinityExecutor-8-0" daemon prio=5 tid=43 timed_waiting
java.lang.Thread.State: TIMED_WAITING
        at sun.misc.Unsafe.park(Native Method)
        at java.util.concurrent.locks.LockSupport.parkNanos(LockSupport.java:215)
        at java.util.concurrent.locks.AbstractQueuedSynchronizer$ConditionObject.awaitNanos(AbstractQueuedSynchronizer.java:2078)
        at java.util.concurrent.LinkedBlockingQueue.poll(LinkedBlockingQueue.java:467)
        at org.apache.hadoop.hdds.scm.server.ContainerReportQueue.poll(ContainerReportQueue.java:266)
        at org.apache.hadoop.hdds.scm.server.ContainerReportQueue.poll(ContainerReportQueue.java:42)
        at org.apache.hadoop.hdds.server.events.FixedThreadPoolWithAffinityExecutor$ContainerReportProcessTask.run(FixedThreadPoolWithAffinityExecutor.java:247)
        at java.util.concurrent.Executors$RunnableAdapter.call(Executors.java:511)
        at java.util.concurrent.FutureTask.run(FutureTask.java:266)
        at java.util.concurrent.ThreadPoolExecutor.runWorker(ThreadPoolExecutor.java:1149)
        at java.util.concurrent.ThreadPoolExecutor$Worker.run(ThreadPoolExecutor.java:624)
        at java.lang.Thread.run(Thread.java:750)
"Periodic HDDS volume checker" daemon prio=5 tid=471 timed_waiting
java.lang.Thread.State: TIMED_WAITING
        at sun.misc.Unsafe.park(Native Method)
        at java.util.concurrent.locks.LockSupport.parkNanos(LockSupport.java:215)
        at java.util.concurrent.locks.AbstractQueuedSynchronizer$ConditionObject.awaitNanos(AbstractQueuedSynchronizer.java:2078)
        at java.util.concurrent.ScheduledThreadPoolExecutor$DelayedWorkQueue.take(ScheduledThreadPoolExecutor.java:1093)
        at java.util.concurrent.ScheduledThreadPoolExecutor$DelayedWorkQueue.take(ScheduledThreadPoolExecutor.java:809)
        at java.util.concurrent.ThreadPoolExecutor.getTask(ThreadPoolExecutor.java:1074)
        at java.util.concurrent.ThreadPoolExecutor.runWorker(ThreadPoolExecutor.java:1134)
        at java.util.concurrent.ThreadPoolExecutor$Worker.run(ThreadPoolExecutor.java:624)
        at java.lang.Thread.run(Thread.java:750)
"d09c218f-b416-45d6-bb77-0144cdedc1ff@group-AE8453F49D0B->51369307-b0de-40aa-9d6f-41f84e1cecb7-GrpcLogAppender-LogAppenderDaemon" daemon prio=5 tid=936 timed_waiting
java.lang.Thread.State: TIMED_WAITING
        at sun.misc.Unsafe.park(Native Method)
        at java.util.concurrent.locks.LockSupport.parkNanos(LockSupport.java:215)
        at java.util.concurrent.locks.AbstractQueuedSynchronizer$ConditionObject.await(AbstractQueuedSynchronizer.java:2163)
        at org.apache.ratis.util.AwaitForSignal.await(AwaitForSignal.java:62)
        at org.apache.ratis.grpc.server.GrpcLogAppender.mayWait(GrpcLogAppender.java:198)
        at org.apache.ratis.grpc.server.GrpcLogAppender.run(GrpcLogAppender.java:148)
        at org.apache.ratis.server.leader.LogAppenderDaemon.run(LogAppenderDaemon.java:78)
        at org.apache.ratis.server.leader.LogAppenderDaemon$$Lambda$1079/1056695053.run(Unknown Source)
        at java.lang.Thread.run(Thread.java:750)
"StaleRecoveringContainerScrubbingService#4" daemon prio=5 tid=922 in Object.wait()
java.lang.Thread.State: WAITING (on object monitor)
        at sun.misc.Unsafe.park(Native Method)
        at java.util.concurrent.locks.LockSupport.park(LockSupport.java:175)
        at java.util.concurrent.locks.AbstractQueuedSynchronizer$ConditionObject.await(AbstractQueuedSynchronizer.java:2039)
        at java.util.concurrent.ScheduledThreadPoolExecutor$DelayedWorkQueue.take(ScheduledThreadPoolExecutor.java:1088)
        at java.util.concurrent.ScheduledThreadPoolExecutor$DelayedWorkQueue.take(ScheduledThreadPoolExecutor.java:809)
        at java.util.concurrent.ThreadPoolExecutor.getTask(ThreadPoolExecutor.java:1074)
        at java.util.concurrent.ThreadPoolExecutor.runWorker(ThreadPoolExecutor.java:1134)
        at java.util.concurrent.ThreadPoolExecutor$Worker.run(ThreadPoolExecutor.java:624)
        at java.lang.Thread.run(Thread.java:750)
"ChunkWriter-3-0" daemon prio=5 tid=337 in Object.wait()
java.lang.Thread.State: WAITING (on object monitor)
        at sun.misc.Unsafe.park(Native Method)
        at java.util.concurrent.locks.LockSupport.park(LockSupport.java:175)
        at java.util.concurrent.locks.AbstractQueuedSynchronizer$ConditionObject.await(AbstractQueuedSynchronizer.java:2039)
        at java.util.concurrent.LinkedBlockingDeque.takeFirst(LinkedBlockingDeque.java:492)
        at java.util.concurrent.LinkedBlockingDeque.take(LinkedBlockingDeque.java:680)
        at java.util.concurrent.ThreadPoolExecutor.getTask(ThreadPoolExecutor.java:1074)
        at java.util.concurrent.ThreadPoolExecutor.runWorker(ThreadPoolExecutor.java:1134)
        at java.util.concurrent.ThreadPoolExecutor$Worker.run(ThreadPoolExecutor.java:624)
        at java.lang.Thread.run(Thread.java:750)
"pool-140-thread-1"  prio=5 tid=622 in Object.wait()
java.lang.Thread.State: WAITING (on object monitor)
        at sun.misc.Unsafe.park(Native Method)
        at java.util.concurrent.locks.LockSupport.park(LockSupport.java:175)
        at java.util.concurrent.locks.AbstractQueuedSynchronizer$ConditionObject.await(AbstractQueuedSynchronizer.java:2039)
        at java.util.concurrent.LinkedBlockingQueue.take(LinkedBlockingQueue.java:442)
        at java.util.concurrent.ThreadPoolExecutor.getTask(ThreadPoolExecutor.java:1074)
        at java.util.concurrent.ThreadPoolExecutor.runWorker(ThreadPoolExecutor.java:1134)
        at java.util.concurrent.ThreadPoolExecutor$Worker.run(ThreadPoolExecutor.java:624)
        at java.lang.Thread.run(Thread.java:750)
"IPC Server handler 10 on default port 35905" daemon prio=5 tid=76 timed_waiting
java.lang.Thread.State: TIMED_WAITING
        at sun.misc.Unsafe.park(Native Method)
        at java.util.concurrent.locks.LockSupport.parkNanos(LockSupport.java:215)
        at java.util.concurrent.locks.AbstractQueuedSynchronizer$ConditionObject.awaitNanos(AbstractQueuedSynchronizer.java:2078)
        at java.util.concurrent.LinkedBlockingQueue.poll(LinkedBlockingQueue.java:467)
        at org.apache.hadoop.ipc.CallQueueManager.take(CallQueueManager.java:317)
        at org.apache.hadoop.ipc.Server$Handler.run(Server.java:2942)
"BlockDeletingService#2" daemon prio=5 tid=982 in Object.wait()
java.lang.Thread.State: WAITING (on object monitor)
        at sun.misc.Unsafe.park(Native Method)
        at java.util.concurrent.locks.LockSupport.park(LockSupport.java:175)
        at java.util.concurrent.locks.AbstractQueuedSynchronizer$ConditionObject.await(AbstractQueuedSynchronizer.java:2039)
        at java.util.concurrent.ScheduledThreadPoolExecutor$DelayedWorkQueue.take(ScheduledThreadPoolExecutor.java:1088)
        at java.util.concurrent.ScheduledThreadPoolExecutor$DelayedWorkQueue.take(ScheduledThreadPoolExecutor.java:809)
        at java.util.concurrent.ThreadPoolExecutor.getTask(ThreadPoolExecutor.java:1074)
        at java.util.concurrent.ThreadPoolExecutor.runWorker(ThreadPoolExecutor.java:1134)
        at java.util.concurrent.ThreadPoolExecutor$Worker.run(ThreadPoolExecutor.java:624)
        at java.lang.Thread.run(Thread.java:750)
"BlockDeletingService#1" daemon prio=5 tid=539 timed_waiting
java.lang.Thread.State: TIMED_WAITING
        at sun.misc.Unsafe.park(Native Method)
        at java.util.concurrent.locks.LockSupport.parkNanos(LockSupport.java:215)
        at java.util.concurrent.locks.AbstractQueuedSynchronizer$ConditionObject.awaitNanos(AbstractQueuedSynchronizer.java:2078)
        at java.util.concurrent.ScheduledThreadPoolExecutor$DelayedWorkQueue.take(ScheduledThreadPoolExecutor.java:1093)
        at java.util.concurrent.ScheduledThreadPoolExecutor$DelayedWorkQueue.take(ScheduledThreadPoolExecutor.java:809)
        at java.util.concurrent.ThreadPoolExecutor.getTask(ThreadPoolExecutor.java:1074)
        at java.util.concurrent.ThreadPoolExecutor.runWorker(ThreadPoolExecutor.java:1134)
        at java.util.concurrent.ThreadPoolExecutor$Worker.run(ThreadPoolExecutor.java:624)
        at java.lang.Thread.run(Thread.java:750)
"qtp1793515338-150" daemon prio=5 tid=150 timed_waiting
java.lang.Thread.State: TIMED_WAITING
        at sun.misc.Unsafe.park(Native Method)
        at java.util.concurrent.locks.LockSupport.parkNanos(LockSupport.java:215)
        at java.util.concurrent.locks.AbstractQueuedSynchronizer$ConditionObject.awaitNanos(AbstractQueuedSynchronizer.java:2078)
        at org.eclipse.jetty.util.BlockingArrayQueue.poll(BlockingArrayQueue.java:382)
        at org.eclipse.jetty.util.thread.QueuedThreadPool$Runner.idleJobPoll(QueuedThreadPool.java:974)
        at org.eclipse.jetty.util.thread.QueuedThreadPool$Runner.run(QueuedThreadPool.java:1018)
        at java.lang.Thread.run(Thread.java:750)
"StaleRecoveringContainerScrubbingService#9" daemon prio=5 tid=994 in Object.wait()
java.lang.Thread.State: WAITING (on object monitor)
        at sun.misc.Unsafe.park(Native Method)
        at java.util.concurrent.locks.LockSupport.park(LockSupport.java:175)
        at java.util.concurrent.locks.AbstractQueuedSynchronizer$ConditionObject.await(AbstractQueuedSynchronizer.java:2039)
        at java.util.concurrent.ScheduledThreadPoolExecutor$DelayedWorkQueue.take(ScheduledThreadPoolExecutor.java:1088)
        at java.util.concurrent.ScheduledThreadPoolExecutor$DelayedWorkQueue.take(ScheduledThreadPoolExecutor.java:809)
        at java.util.concurrent.ThreadPoolExecutor.getTask(ThreadPoolExecutor.java:1074)
        at java.util.concurrent.ThreadPoolExecutor.runWorker(ThreadPoolExecutor.java:1134)
        at java.util.concurrent.ThreadPoolExecutor$Worker.run(ThreadPoolExecutor.java:624)
        at java.lang.Thread.run(Thread.java:750)
"ChunkWriter-3-0" daemon prio=5 tid=454 in Object.wait()
java.lang.Thread.State: WAITING (on object monitor)
        at sun.misc.Unsafe.park(Native Method)
        at java.util.concurrent.locks.LockSupport.park(LockSupport.java:175)
        at java.util.concurrent.locks.AbstractQueuedSynchronizer$ConditionObject.await(AbstractQueuedSynchronizer.java:2039)
        at java.util.concurrent.LinkedBlockingDeque.takeFirst(LinkedBlockingDeque.java:492)
        at java.util.concurrent.LinkedBlockingDeque.take(LinkedBlockingDeque.java:680)
        at java.util.concurrent.ThreadPoolExecutor.getTask(ThreadPoolExecutor.java:1074)
        at java.util.concurrent.ThreadPoolExecutor.runWorker(ThreadPoolExecutor.java:1134)
        at java.util.concurrent.ThreadPoolExecutor$Worker.run(ThreadPoolExecutor.java:624)
        at java.lang.Thread.run(Thread.java:750)
"Socket Reader #1 for port 0"  prio=5 tid=32 runnable
java.lang.Thread.State: RUNNABLE
        at sun.nio.ch.EPollArrayWrapper.epollWait(Native Method)
        at sun.nio.ch.EPollArrayWrapper.poll(EPollArrayWrapper.java:269)
        at sun.nio.ch.EPollSelectorImpl.doSelect(EPollSelectorImpl.java:93)
        at sun.nio.ch.SelectorImpl.lockAndDoSelect(SelectorImpl.java:86)
        at sun.nio.ch.SelectorImpl.select(SelectorImpl.java:97)
        at sun.nio.ch.SelectorImpl.select(SelectorImpl.java:101)
        at org.apache.hadoop.ipc.Server$Listener$Reader.doRunLoop(Server.java:1296)
        at org.apache.hadoop.ipc.Server$Listener$Reader.run(Server.java:1275)
"BlockDeletingService#1" daemon prio=5 tid=550 timed_waiting
java.lang.Thread.State: TIMED_WAITING
        at sun.misc.Unsafe.park(Native Method)
        at java.util.concurrent.locks.LockSupport.parkNanos(LockSupport.java:215)
        at java.util.concurrent.locks.AbstractQueuedSynchronizer$ConditionObject.awaitNanos(AbstractQueuedSynchronizer.java:2078)
        at java.util.concurrent.ScheduledThreadPoolExecutor$DelayedWorkQueue.take(ScheduledThreadPoolExecutor.java:1093)
        at java.util.concurrent.ScheduledThreadPoolExecutor$DelayedWorkQueue.take(ScheduledThreadPoolExecutor.java:809)
        at java.util.concurrent.ThreadPoolExecutor.getTask(ThreadPoolExecutor.java:1074)
        at java.util.concurrent.ThreadPoolExecutor.runWorker(ThreadPoolExecutor.java:1134)
        at java.util.concurrent.ThreadPoolExecutor$Worker.run(ThreadPoolExecutor.java:624)
        at java.lang.Thread.run(Thread.java:750)
"Datanode ReportManager Thread - 0" daemon prio=5 tid=507 timed_waiting
java.lang.Thread.State: TIMED_WAITING
        at sun.misc.Unsafe.park(Native Method)
        at java.util.concurrent.locks.LockSupport.parkNanos(LockSupport.java:215)
        at java.util.concurrent.locks.AbstractQueuedSynchronizer$ConditionObject.awaitNanos(AbstractQueuedSynchronizer.java:2078)
        at java.util.concurrent.ScheduledThreadPoolExecutor$DelayedWorkQueue.take(ScheduledThreadPoolExecutor.java:1093)
        at java.util.concurrent.ScheduledThreadPoolExecutor$DelayedWorkQueue.take(ScheduledThreadPoolExecutor.java:809)
        at java.util.concurrent.ThreadPoolExecutor.getTask(ThreadPoolExecutor.java:1074)
        at java.util.concurrent.ThreadPoolExecutor.runWorker(ThreadPoolExecutor.java:1134)
        at java.util.concurrent.ThreadPoolExecutor$Worker.run(ThreadPoolExecutor.java:624)
        at java.lang.Thread.run(Thread.java:750)
"IPC Server handler 2 on default port 35905" daemon prio=5 tid=68 timed_waiting
java.lang.Thread.State: TIMED_WAITING
        at sun.misc.Unsafe.park(Native Method)
        at java.util.concurrent.locks.LockSupport.parkNanos(LockSupport.java:215)
        at java.util.concurrent.locks.AbstractQueuedSynchronizer$ConditionObject.awaitNanos(AbstractQueuedSynchronizer.java:2078)
        at java.util.concurrent.LinkedBlockingQueue.poll(LinkedBlockingQueue.java:467)
        at org.apache.hadoop.ipc.CallQueueManager.take(CallQueueManager.java:317)
        at org.apache.hadoop.ipc.Server$Handler.run(Server.java:2942)
"IPC Server handler 13 on default port 33549" daemon prio=5 tid=99 timed_waiting
java.lang.Thread.State: TIMED_WAITING
        at sun.misc.Unsafe.park(Native Method)
        at java.util.concurrent.locks.LockSupport.parkNanos(LockSupport.java:215)
        at java.util.concurrent.locks.AbstractQueuedSynchronizer$ConditionObject.awaitNanos(AbstractQueuedSynchronizer.java:2078)
        at java.util.concurrent.LinkedBlockingQueue.poll(LinkedBlockingQueue.java:467)
        at org.apache.hadoop.ipc.CallQueueManager.take(CallQueueManager.java:317)
        at org.apache.hadoop.ipc.Server$Handler.run(Server.java:2942)
"ChunkWriter-3-0" daemon prio=5 tid=376 in Object.wait()
java.lang.Thread.State: WAITING (on object monitor)
        at sun.misc.Unsafe.park(Native Method)
        at java.util.concurrent.locks.LockSupport.park(LockSupport.java:175)
        at java.util.concurrent.locks.AbstractQueuedSynchronizer$ConditionObject.await(AbstractQueuedSynchronizer.java:2039)
        at java.util.concurrent.LinkedBlockingDeque.takeFirst(LinkedBlockingDeque.java:492)
        at java.util.concurrent.LinkedBlockingDeque.take(LinkedBlockingDeque.java:680)
        at java.util.concurrent.ThreadPoolExecutor.getTask(ThreadPoolExecutor.java:1074)
        at java.util.concurrent.ThreadPoolExecutor.runWorker(ThreadPoolExecutor.java:1134)
        at java.util.concurrent.ThreadPoolExecutor$Worker.run(ThreadPoolExecutor.java:624)
        at java.lang.Thread.run(Thread.java:750)
"ChunkWriter-1-0" daemon prio=5 tid=543 in Object.wait()
java.lang.Thread.State: WAITING (on object monitor)
        at sun.misc.Unsafe.park(Native Method)
        at java.util.concurrent.locks.LockSupport.park(LockSupport.java:175)
        at java.util.concurrent.locks.AbstractQueuedSynchronizer$ConditionObject.await(AbstractQueuedSynchronizer.java:2039)
        at java.util.concurrent.LinkedBlockingDeque.takeFirst(LinkedBlockingDeque.java:492)
        at java.util.concurrent.LinkedBlockingDeque.take(LinkedBlockingDeque.java:680)
        at java.util.concurrent.ThreadPoolExecutor.getTask(ThreadPoolExecutor.java:1074)
        at java.util.concurrent.ThreadPoolExecutor.runWorker(ThreadPoolExecutor.java:1134)
        at java.util.concurrent.ThreadPoolExecutor$Worker.run(ThreadPoolExecutor.java:624)
        at java.lang.Thread.run(Thread.java:750)
"IPC Server handler 13 on default port 33951" daemon prio=5 tid=167 timed_waiting
java.lang.Thread.State: TIMED_WAITING
        at sun.misc.Unsafe.park(Native Method)
        at java.util.concurrent.locks.LockSupport.parkNanos(LockSupport.java:215)
        at java.util.concurrent.locks.AbstractQueuedSynchronizer$ConditionObject.awaitNanos(AbstractQueuedSynchronizer.java:2078)
        at java.util.concurrent.LinkedBlockingQueue.poll(LinkedBlockingQueue.java:467)
        at org.apache.hadoop.ipc.CallQueueManager.take(CallQueueManager.java:317)
        at org.apache.hadoop.ipc.Server$Handler.run(Server.java:2942)
"ChunkWriter-2-0" daemon prio=5 tid=532 in Object.wait()
java.lang.Thread.State: WAITING (on object monitor)
        at sun.misc.Unsafe.park(Native Method)
        at java.util.concurrent.locks.LockSupport.park(LockSupport.java:175)
        at java.util.concurrent.locks.AbstractQueuedSynchronizer$ConditionObject.await(AbstractQueuedSynchronizer.java:2039)
        at java.util.concurrent.LinkedBlockingDeque.takeFirst(LinkedBlockingDeque.java:492)
        at java.util.concurrent.LinkedBlockingDeque.take(LinkedBlockingDeque.java:680)
        at java.util.concurrent.ThreadPoolExecutor.getTask(ThreadPoolExecutor.java:1074)
        at java.util.concurrent.ThreadPoolExecutor.runWorker(ThreadPoolExecutor.java:1134)
        at java.util.concurrent.ThreadPoolExecutor$Worker.run(ThreadPoolExecutor.java:624)
        at java.lang.Thread.run(Thread.java:750)
"EventQueue-DatanodeCommandForSCMNodeManager"  prio=5 tid=505 in Object.wait()
java.lang.Thread.State: WAITING (on object monitor)
        at sun.misc.Unsafe.park(Native Method)
        at java.util.concurrent.locks.LockSupport.park(LockSupport.java:175)
        at java.util.concurrent.locks.AbstractQueuedSynchronizer$ConditionObject.await(AbstractQueuedSynchronizer.java:2039)
        at java.util.concurrent.LinkedBlockingQueue.take(LinkedBlockingQueue.java:442)
        at java.util.concurrent.ThreadPoolExecutor.getTask(ThreadPoolExecutor.java:1074)
        at java.util.concurrent.ThreadPoolExecutor.runWorker(ThreadPoolExecutor.java:1134)
        at java.util.concurrent.ThreadPoolExecutor$Worker.run(ThreadPoolExecutor.java:624)
        at java.lang.Thread.run(Thread.java:750)
"e77b5d09-e15c-47d2-9906-1148d6692daf@group-45FEFD7BE8A3-StateMachineUpdater" daemon prio=5 tid=691 timed_waiting
java.lang.Thread.State: TIMED_WAITING
        at sun.misc.Unsafe.park(Native Method)
        at java.util.concurrent.locks.LockSupport.parkNanos(LockSupport.java:215)
        at java.util.concurrent.locks.AbstractQueuedSynchronizer$ConditionObject.await(AbstractQueuedSynchronizer.java:2163)
        at org.apache.ratis.util.AwaitForSignal.await(AwaitForSignal.java:62)
        at org.apache.ratis.server.impl.StateMachineUpdater.waitForCommit(StateMachineUpdater.java:207)
        at org.apache.ratis.server.impl.StateMachineUpdater.run(StateMachineUpdater.java:176)
        at java.lang.Thread.run(Thread.java:750)
"e77b5d09-e15c-47d2-9906-1148d6692daf@group-45FEFD7BE8A3-SegmentedRaftLogWorker"  prio=5 tid=689 timed_waiting
java.lang.Thread.State: TIMED_WAITING
        at sun.misc.Unsafe.park(Native Method)
        at java.util.concurrent.locks.LockSupport.parkNanos(LockSupport.java:215)
        at java.util.concurrent.locks.AbstractQueuedSynchronizer$ConditionObject.awaitNanos(AbstractQueuedSynchronizer.java:2078)
        at org.apache.ratis.util.DataBlockingQueue.poll(DataBlockingQueue.java:148)
        at org.apache.ratis.server.raftlog.segmented.SegmentedRaftLogWorker.run(SegmentedRaftLogWorker.java:312)
        at org.apache.ratis.server.raftlog.segmented.SegmentedRaftLogWorker$$Lambda$693/377063671.run(Unknown Source)
        at java.lang.Thread.run(Thread.java:750)
"org.apache.hadoop.util.JvmPauseMonitor$Monitor@72b4889b" daemon prio=5 tid=201 timed_waiting
java.lang.Thread.State: TIMED_WAITING
        at java.lang.Thread.sleep(Native Method)
        at org.apache.hadoop.util.JvmPauseMonitor$Monitor.run(JvmPauseMonitor.java:192)
        at java.lang.Thread.run(Thread.java:750)
"JvmPauseMonitor0" daemon prio=5 tid=139 timed_waiting
java.lang.Thread.State: TIMED_WAITING
        at java.lang.Thread.sleep(Native Method)
        at java.lang.Thread.sleep(Thread.java:342)
        at java.util.concurrent.TimeUnit.sleep(TimeUnit.java:386)
        at org.apache.ratis.util.TimeDuration.sleep(TimeDuration.java:325)
        at org.apache.ratis.util.TimeDuration.sleep(TimeDuration.java:310)
        at org.apache.ratis.util.JvmPauseMonitor.detectPause(JvmPauseMonitor.java:119)
        at org.apache.ratis.util.JvmPauseMonitor.run(JvmPauseMonitor.java:108)
        at org.apache.ratis.util.JvmPauseMonitor$$Lambda$734/49719830.run(Unknown Source)
        at java.lang.Thread.run(Thread.java:750)
"IPC Server handler 18 on default port 42667" daemon prio=5 tid=64 timed_waiting
java.lang.Thread.State: TIMED_WAITING
        at sun.misc.Unsafe.park(Native Method)
        at java.util.concurrent.locks.LockSupport.parkNanos(LockSupport.java:215)
        at java.util.concurrent.locks.AbstractQueuedSynchronizer$ConditionObject.awaitNanos(AbstractQueuedSynchronizer.java:2078)
        at java.util.concurrent.LinkedBlockingQueue.poll(LinkedBlockingQueue.java:467)
        at org.apache.hadoop.ipc.CallQueueManager.take(CallQueueManager.java:317)
        at org.apache.hadoop.ipc.Server$Handler.run(Server.java:2942)
"qtp1004270885-488" daemon prio=5 tid=488 timed_waiting
java.lang.Thread.State: TIMED_WAITING
        at sun.misc.Unsafe.park(Native Method)
        at java.util.concurrent.locks.LockSupport.parkNanos(LockSupport.java:215)
        at java.util.concurrent.locks.AbstractQueuedSynchronizer$ConditionObject.awaitNanos(AbstractQueuedSynchronizer.java:2078)
        at org.eclipse.jetty.util.BlockingArrayQueue.poll(BlockingArrayQueue.java:382)
        at org.eclipse.jetty.util.thread.QueuedThreadPool$Runner.idleJobPoll(QueuedThreadPool.java:974)
        at org.eclipse.jetty.util.thread.QueuedThreadPool$Runner.run(QueuedThreadPool.java:1018)
        at java.lang.Thread.run(Thread.java:750)
"IPC Server handler 18 on default port 33549" daemon prio=5 tid=104 timed_waiting
java.lang.Thread.State: TIMED_WAITING
        at sun.misc.Unsafe.park(Native Method)
        at java.util.concurrent.locks.LockSupport.parkNanos(LockSupport.java:215)
        at java.util.concurrent.locks.AbstractQueuedSynchronizer$ConditionObject.awaitNanos(AbstractQueuedSynchronizer.java:2078)
        at java.util.concurrent.LinkedBlockingQueue.poll(LinkedBlockingQueue.java:467)
        at org.apache.hadoop.ipc.CallQueueManager.take(CallQueueManager.java:317)
        at org.apache.hadoop.ipc.Server$Handler.run(Server.java:2942)
"EventQueue-NewNodeForNewNodeHandler" daemon prio=5 tid=500 in Object.wait()
java.lang.Thread.State: WAITING (on object monitor)
        at sun.misc.Unsafe.park(Native Method)
        at java.util.concurrent.locks.LockSupport.park(LockSupport.java:175)
        at java.util.concurrent.locks.AbstractQueuedSynchronizer$ConditionObject.await(AbstractQueuedSynchronizer.java:2039)
        at java.util.concurrent.LinkedBlockingQueue.take(LinkedBlockingQueue.java:442)
        at java.util.concurrent.ThreadPoolExecutor.getTask(ThreadPoolExecutor.java:1074)
        at java.util.concurrent.ThreadPoolExecutor.runWorker(ThreadPoolExecutor.java:1134)
        at java.util.concurrent.ThreadPoolExecutor$Worker.run(ThreadPoolExecutor.java:624)
        at java.lang.Thread.run(Thread.java:750)
"qtp87717446-404" daemon prio=5 tid=404 timed_waiting
java.lang.Thread.State: TIMED_WAITING
        at sun.misc.Unsafe.park(Native Method)
        at java.util.concurrent.locks.LockSupport.parkNanos(LockSupport.java:215)
        at java.util.concurrent.locks.AbstractQueuedSynchronizer$ConditionObject.awaitNanos(AbstractQueuedSynchronizer.java:2078)
        at org.eclipse.jetty.util.BlockingArrayQueue.poll(BlockingArrayQueue.java:382)
        at org.eclipse.jetty.util.thread.QueuedThreadPool$Runner.idleJobPoll(QueuedThreadPool.java:974)
        at org.eclipse.jetty.util.thread.QueuedThreadPool$Runner.run(QueuedThreadPool.java:1018)
        at java.lang.Thread.run(Thread.java:750)
"DirectoryDeletingService#0" daemon prio=5 tid=142 timed_waiting
java.lang.Thread.State: TIMED_WAITING
        at sun.misc.Unsafe.park(Native Method)
        at java.util.concurrent.locks.LockSupport.parkNanos(LockSupport.java:215)
        at java.util.concurrent.locks.AbstractQueuedSynchronizer$ConditionObject.awaitNanos(AbstractQueuedSynchronizer.java:2078)
        at java.util.concurrent.ScheduledThreadPoolExecutor$DelayedWorkQueue.take(ScheduledThreadPoolExecutor.java:1093)
        at java.util.concurrent.ScheduledThreadPoolExecutor$DelayedWorkQueue.take(ScheduledThreadPoolExecutor.java:809)
        at java.util.concurrent.ThreadPoolExecutor.getTask(ThreadPoolExecutor.java:1074)
        at java.util.concurrent.ThreadPoolExecutor.runWorker(ThreadPoolExecutor.java:1134)
        at java.util.concurrent.ThreadPoolExecutor$Worker.run(ThreadPoolExecutor.java:624)
        at java.lang.Thread.run(Thread.java:750)
"ChunkWriter-2-0" daemon prio=5 tid=570 in Object.wait()
java.lang.Thread.State: WAITING (on object monitor)
        at sun.misc.Unsafe.park(Native Method)
        at java.util.concurrent.locks.LockSupport.park(LockSupport.java:175)
        at java.util.concurrent.locks.AbstractQueuedSynchronizer$ConditionObject.await(AbstractQueuedSynchronizer.java:2039)
        at java.util.concurrent.LinkedBlockingDeque.takeFirst(LinkedBlockingDeque.java:492)
        at java.util.concurrent.LinkedBlockingDeque.take(LinkedBlockingDeque.java:680)
        at java.util.concurrent.ThreadPoolExecutor.getTask(ThreadPoolExecutor.java:1074)
        at java.util.concurrent.ThreadPoolExecutor.runWorker(ThreadPoolExecutor.java:1134)
        at java.util.concurrent.ThreadPoolExecutor$Worker.run(ThreadPoolExecutor.java:624)
        at java.lang.Thread.run(Thread.java:750)
"IPC Server handler 12 on default port 35905" daemon prio=5 tid=78 timed_waiting
java.lang.Thread.State: TIMED_WAITING
        at sun.misc.Unsafe.park(Native Method)
        at java.util.concurrent.locks.LockSupport.parkNanos(LockSupport.java:215)
        at java.util.concurrent.locks.AbstractQueuedSynchronizer$ConditionObject.awaitNanos(AbstractQueuedSynchronizer.java:2078)
        at java.util.concurrent.LinkedBlockingQueue.poll(LinkedBlockingQueue.java:467)
        at org.apache.hadoop.ipc.CallQueueManager.take(CallQueueManager.java:317)
        at org.apache.hadoop.ipc.Server$Handler.run(Server.java:2942)
"FixedThreadPoolWithAffinityExecutor-7-0" daemon prio=5 tid=42 timed_waiting
java.lang.Thread.State: TIMED_WAITING
        at sun.misc.Unsafe.park(Native Method)
        at java.util.concurrent.locks.LockSupport.parkNanos(LockSupport.java:215)
        at java.util.concurrent.locks.AbstractQueuedSynchronizer$ConditionObject.awaitNanos(AbstractQueuedSynchronizer.java:2078)
        at java.util.concurrent.LinkedBlockingQueue.poll(LinkedBlockingQueue.java:467)
        at org.apache.hadoop.hdds.scm.server.ContainerReportQueue.poll(ContainerReportQueue.java:266)
        at org.apache.hadoop.hdds.scm.server.ContainerReportQueue.poll(ContainerReportQueue.java:42)
        at org.apache.hadoop.hdds.server.events.FixedThreadPoolWithAffinityExecutor$ContainerReportProcessTask.run(FixedThreadPoolWithAffinityExecutor.java:247)
        at java.util.concurrent.Executors$RunnableAdapter.call(Executors.java:511)
        at java.util.concurrent.FutureTask.run(FutureTask.java:266)
        at java.util.concurrent.ThreadPoolExecutor.runWorker(ThreadPoolExecutor.java:1149)
        at java.util.concurrent.ThreadPoolExecutor$Worker.run(ThreadPoolExecutor.java:624)
        at java.lang.Thread.run(Thread.java:750)
"e77b5d09-e15c-47d2-9906-1148d6692daf@group-C5ECEF351ECF->d09c218f-b416-45d6-bb77-0144cdedc1ff-GrpcLogAppender-LogAppenderDaemon" daemon prio=5 tid=778 timed_waiting
java.lang.Thread.State: TIMED_WAITING
        at sun.misc.Unsafe.park(Native Method)
        at java.util.concurrent.locks.LockSupport.parkNanos(LockSupport.java:215)
        at java.util.concurrent.locks.AbstractQueuedSynchronizer$ConditionObject.await(AbstractQueuedSynchronizer.java:2163)
        at org.apache.ratis.util.AwaitForSignal.await(AwaitForSignal.java:62)
        at org.apache.ratis.grpc.server.GrpcLogAppender.mayWait(GrpcLogAppender.java:198)
        at org.apache.ratis.grpc.server.GrpcLogAppender.run(GrpcLogAppender.java:148)
        at org.apache.ratis.server.leader.LogAppenderDaemon.run(LogAppenderDaemon.java:78)
        at org.apache.ratis.server.leader.LogAppenderDaemon$$Lambda$1079/1056695053.run(Unknown Source)
        at java.lang.Thread.run(Thread.java:750)
"204ebb6c-eb9c-4605-8b0a-417067302917@group-4B191A258550-SegmentedRaftLogWorker"  prio=5 tid=583 timed_waiting
java.lang.Thread.State: TIMED_WAITING
        at sun.misc.Unsafe.park(Native Method)
        at java.util.concurrent.locks.LockSupport.parkNanos(LockSupport.java:215)
        at java.util.concurrent.locks.AbstractQueuedSynchronizer$ConditionObject.awaitNanos(AbstractQueuedSynchronizer.java:2078)
        at org.apache.ratis.util.DataBlockingQueue.poll(DataBlockingQueue.java:148)
        at org.apache.ratis.server.raftlog.segmented.SegmentedRaftLogWorker.run(SegmentedRaftLogWorker.java:312)
        at org.apache.ratis.server.raftlog.segmented.SegmentedRaftLogWorker$$Lambda$693/377063671.run(Unknown Source)
        at java.lang.Thread.run(Thread.java:750)
"EndpointStateMachine task thread for /0.0.0.0:33549 - 0 "  prio=5 tid=372 in Object.wait()
java.lang.Thread.State: WAITING (on object monitor)
        at sun.misc.Unsafe.park(Native Method)
        at java.util.concurrent.locks.LockSupport.park(LockSupport.java:175)
        at java.util.concurrent.locks.AbstractQueuedSynchronizer$ConditionObject.await(AbstractQueuedSynchronizer.java:2039)
        at java.util.concurrent.LinkedBlockingQueue.take(LinkedBlockingQueue.java:442)
        at java.util.concurrent.ThreadPoolExecutor.getTask(ThreadPoolExecutor.java:1074)
        at java.util.concurrent.ThreadPoolExecutor.runWorker(ThreadPoolExecutor.java:1134)
        at java.util.concurrent.ThreadPoolExecutor$Worker.run(ThreadPoolExecutor.java:624)
        at java.lang.Thread.run(Thread.java:750)
"pool-240-thread-1"  prio=5 tid=673 in Object.wait()
java.lang.Thread.State: WAITING (on object monitor)
        at sun.misc.Unsafe.park(Native Method)
        at java.util.concurrent.locks.LockSupport.park(LockSupport.java:175)
        at java.util.concurrent.locks.AbstractQueuedSynchronizer$ConditionObject.await(AbstractQueuedSynchronizer.java:2039)
        at java.util.concurrent.LinkedBlockingQueue.take(LinkedBlockingQueue.java:442)
        at java.util.concurrent.ThreadPoolExecutor.getTask(ThreadPoolExecutor.java:1074)
        at java.util.concurrent.ThreadPoolExecutor.runWorker(ThreadPoolExecutor.java:1134)
        at java.util.concurrent.ThreadPoolExecutor$Worker.run(ThreadPoolExecutor.java:624)
        at java.lang.Thread.run(Thread.java:750)
"StaleRecoveringContainerScrubbingService#1" daemon prio=5 tid=421 in Object.wait()
java.lang.Thread.State: WAITING (on object monitor)
        at sun.misc.Unsafe.park(Native Method)
        at java.util.concurrent.locks.LockSupport.park(LockSupport.java:175)
        at java.util.concurrent.locks.AbstractQueuedSynchronizer$ConditionObject.await(AbstractQueuedSynchronizer.java:2039)
        at java.util.concurrent.ScheduledThreadPoolExecutor$DelayedWorkQueue.take(ScheduledThreadPoolExecutor.java:1088)
        at java.util.concurrent.ScheduledThreadPoolExecutor$DelayedWorkQueue.take(ScheduledThreadPoolExecutor.java:809)
        at java.util.concurrent.ThreadPoolExecutor.getTask(ThreadPoolExecutor.java:1074)
        at java.util.concurrent.ThreadPoolExecutor.runWorker(ThreadPoolExecutor.java:1134)
        at java.util.concurrent.ThreadPoolExecutor$Worker.run(ThreadPoolExecutor.java:624)
        at java.lang.Thread.run(Thread.java:750)
"qtp2040269640-363-acceptor-0@50757bd5-ServerConnector@37aa7ede{HTTP/1.1, (http/1.1)}{0.0.0.0:39453}" daemon prio=3 tid=363 runnable
java.lang.Thread.State: RUNNABLE
        at sun.nio.ch.ServerSocketChannelImpl.accept0(Native Method)
        at sun.nio.ch.ServerSocketChannelImpl.accept(ServerSocketChannelImpl.java:421)
        at sun.nio.ch.ServerSocketChannelImpl.accept(ServerSocketChannelImpl.java:249)
        at org.eclipse.jetty.server.ServerConnector.accept(ServerConnector.java:388)
        at org.eclipse.jetty.server.AbstractConnector$Acceptor.run(AbstractConnector.java:704)
        at org.eclipse.jetty.util.thread.QueuedThreadPool.runJob(QueuedThreadPool.java:883)
        at org.eclipse.jetty.util.thread.QueuedThreadPool$Runner.run(QueuedThreadPool.java:1034)
        at java.lang.Thread.run(Thread.java:750)
"qtp253998981-189" daemon prio=5 tid=189 timed_waiting
java.lang.Thread.State: TIMED_WAITING
        at sun.misc.Unsafe.park(Native Method)
        at java.util.concurrent.locks.LockSupport.parkNanos(LockSupport.java:215)
        at java.util.concurrent.locks.AbstractQueuedSynchronizer$ConditionObject.awaitNanos(AbstractQueuedSynchronizer.java:2078)
        at org.eclipse.jetty.util.BlockingArrayQueue.poll(BlockingArrayQueue.java:382)
        at org.eclipse.jetty.util.thread.QueuedThreadPool$Runner.idleJobPoll(QueuedThreadPool.java:974)
        at org.eclipse.jetty.util.thread.QueuedThreadPool$Runner.run(QueuedThreadPool.java:1018)
        at java.lang.Thread.run(Thread.java:750)
"BlockDeletingService#0" daemon prio=5 tid=523 in Object.wait()
java.lang.Thread.State: WAITING (on object monitor)
        at sun.misc.Unsafe.park(Native Method)
        at java.util.concurrent.locks.LockSupport.park(LockSupport.java:175)
        at java.util.concurrent.locks.AbstractQueuedSynchronizer$ConditionObject.await(AbstractQueuedSynchronizer.java:2039)
        at java.util.concurrent.ScheduledThreadPoolExecutor$DelayedWorkQueue.take(ScheduledThreadPoolExecutor.java:1088)
        at java.util.concurrent.ScheduledThreadPoolExecutor$DelayedWorkQueue.take(ScheduledThreadPoolExecutor.java:809)
        at java.util.concurrent.ThreadPoolExecutor.getTask(ThreadPoolExecutor.java:1074)
        at java.util.concurrent.ThreadPoolExecutor.runWorker(ThreadPoolExecutor.java:1134)
        at java.util.concurrent.ThreadPoolExecutor$Worker.run(ThreadPoolExecutor.java:624)
        at java.lang.Thread.run(Thread.java:750)
"BlockDeletingService#2" daemon prio=5 tid=967 in Object.wait()
java.lang.Thread.State: WAITING (on object monitor)
        at sun.misc.Unsafe.park(Native Method)
        at java.util.concurrent.locks.LockSupport.park(LockSupport.java:175)
        at java.util.concurrent.locks.AbstractQueuedSynchronizer$ConditionObject.await(AbstractQueuedSynchronizer.java:2039)
        at java.util.concurrent.ScheduledThreadPoolExecutor$DelayedWorkQueue.take(ScheduledThreadPoolExecutor.java:1088)
        at java.util.concurrent.ScheduledThreadPoolExecutor$DelayedWorkQueue.take(ScheduledThreadPoolExecutor.java:809)
        at java.util.concurrent.ThreadPoolExecutor.getTask(ThreadPoolExecutor.java:1074)
        at java.util.concurrent.ThreadPoolExecutor.runWorker(ThreadPoolExecutor.java:1134)
        at java.util.concurrent.ThreadPoolExecutor$Worker.run(ThreadPoolExecutor.java:624)
        at java.lang.Thread.run(Thread.java:750)
"Datanode State Machine Task Thread - 1"  prio=5 tid=313 in Object.wait()
java.lang.Thread.State: WAITING (on object monitor)
        at sun.misc.Unsafe.park(Native Method)
        at java.util.concurrent.locks.LockSupport.park(LockSupport.java:175)
        at java.util.concurrent.locks.AbstractQueuedSynchronizer$ConditionObject.await(AbstractQueuedSynchronizer.java:2039)
        at java.util.concurrent.LinkedBlockingQueue.take(LinkedBlockingQueue.java:442)
        at java.util.concurrent.ThreadPoolExecutor.getTask(ThreadPoolExecutor.java:1074)
        at java.util.concurrent.ThreadPoolExecutor.runWorker(ThreadPoolExecutor.java:1134)
        at java.util.concurrent.ThreadPoolExecutor$Worker.run(ThreadPoolExecutor.java:624)
        at java.lang.Thread.run(Thread.java:750)
"Periodic HDDS volume checker" daemon prio=5 tid=206 timed_waiting
java.lang.Thread.State: TIMED_WAITING
        at sun.misc.Unsafe.park(Native Method)
        at java.util.concurrent.locks.LockSupport.parkNanos(LockSupport.java:215)
        at java.util.concurrent.locks.AbstractQueuedSynchronizer$ConditionObject.awaitNanos(AbstractQueuedSynchronizer.java:2078)
        at java.util.concurrent.ScheduledThreadPoolExecutor$DelayedWorkQueue.take(ScheduledThreadPoolExecutor.java:1093)
        at java.util.concurrent.ScheduledThreadPoolExecutor$DelayedWorkQueue.take(ScheduledThreadPoolExecutor.java:809)
        at java.util.concurrent.ThreadPoolExecutor.getTask(ThreadPoolExecutor.java:1074)
        at java.util.concurrent.ThreadPoolExecutor.runWorker(ThreadPoolExecutor.java:1134)
        at java.util.concurrent.ThreadPoolExecutor$Worker.run(ThreadPoolExecutor.java:624)
        at java.lang.Thread.run(Thread.java:750)
"BlockDeletingService#0" daemon prio=5 tid=560 in Object.wait()
java.lang.Thread.State: WAITING (on object monitor)
        at sun.misc.Unsafe.park(Native Method)
        at java.util.concurrent.locks.LockSupport.park(LockSupport.java:175)
        at java.util.concurrent.locks.AbstractQueuedSynchronizer$ConditionObject.await(AbstractQueuedSynchronizer.java:2039)
        at java.util.concurrent.ScheduledThreadPoolExecutor$DelayedWorkQueue.take(ScheduledThreadPoolExecutor.java:1088)
        at java.util.concurrent.ScheduledThreadPoolExecutor$DelayedWorkQueue.take(ScheduledThreadPoolExecutor.java:809)
        at java.util.concurrent.ThreadPoolExecutor.getTask(ThreadPoolExecutor.java:1074)
        at java.util.concurrent.ThreadPoolExecutor.runWorker(ThreadPoolExecutor.java:1134)
        at java.util.concurrent.ThreadPoolExecutor$Worker.run(ThreadPoolExecutor.java:624)
        at java.lang.Thread.run(Thread.java:750)
"22174ed7-3438-44c1-87a9-382e0277420a@group-FB364613BCB2-StateMachineUpdater" daemon prio=5 tid=592 timed_waiting
java.lang.Thread.State: TIMED_WAITING
        at sun.misc.Unsafe.park(Native Method)
        at java.util.concurrent.locks.LockSupport.parkNanos(LockSupport.java:215)
        at java.util.concurrent.locks.AbstractQueuedSynchronizer$ConditionObject.await(AbstractQueuedSynchronizer.java:2163)
        at org.apache.ratis.util.AwaitForSignal.await(AwaitForSignal.java:62)
        at org.apache.ratis.server.impl.StateMachineUpdater.waitForCommit(StateMachineUpdater.java:207)
        at org.apache.ratis.server.impl.StateMachineUpdater.run(StateMachineUpdater.java:176)
        at java.lang.Thread.run(Thread.java:750)
"IPC Server handler 14 on default port 35905" daemon prio=5 tid=80 timed_waiting
java.lang.Thread.State: TIMED_WAITING
        at sun.misc.Unsafe.park(Native Method)
        at java.util.concurrent.locks.LockSupport.parkNanos(LockSupport.java:215)
        at java.util.concurrent.locks.AbstractQueuedSynchronizer$ConditionObject.awaitNanos(AbstractQueuedSynchronizer.java:2078)
        at java.util.concurrent.LinkedBlockingQueue.poll(LinkedBlockingQueue.java:467)
        at org.apache.hadoop.ipc.CallQueueManager.take(CallQueueManager.java:317)
        at org.apache.hadoop.ipc.Server$Handler.run(Server.java:2942)
"qtp1788678692-242-acceptor-0@615f6ca7-ServerConnector@1ece307c{HTTP/1.1, (http/1.1)}{0.0.0.0:35371}" daemon prio=3 tid=242 runnable
java.lang.Thread.State: RUNNABLE
        at sun.nio.ch.ServerSocketChannelImpl.accept0(Native Method)
        at sun.nio.ch.ServerSocketChannelImpl.accept(ServerSocketChannelImpl.java:421)
        at sun.nio.ch.ServerSocketChannelImpl.accept(ServerSocketChannelImpl.java:249)
        at org.eclipse.jetty.server.ServerConnector.accept(ServerConnector.java:388)
        at org.eclipse.jetty.server.AbstractConnector$Acceptor.run(AbstractConnector.java:704)
        at org.eclipse.jetty.util.thread.QueuedThreadPool.runJob(QueuedThreadPool.java:883)
        at org.eclipse.jetty.util.thread.QueuedThreadPool$Runner.run(QueuedThreadPool.java:1034)
        at java.lang.Thread.run(Thread.java:750)
"IPC Server handler 3 on default port 33549" daemon prio=5 tid=89 timed_waiting
java.lang.Thread.State: TIMED_WAITING
        at sun.misc.Unsafe.park(Native Method)
        at java.util.concurrent.locks.LockSupport.parkNanos(LockSupport.java:215)
        at java.util.concurrent.locks.AbstractQueuedSynchronizer$ConditionObject.awaitNanos(AbstractQueuedSynchronizer.java:2078)
        at java.util.concurrent.LinkedBlockingQueue.poll(LinkedBlockingQueue.java:467)
        at org.apache.hadoop.ipc.CallQueueManager.take(CallQueueManager.java:317)
        at org.apache.hadoop.ipc.Server$Handler.run(Server.java:2942)
"IPC Server handler 10 on default port 42667" daemon prio=5 tid=56 timed_waiting
java.lang.Thread.State: TIMED_WAITING
        at sun.misc.Unsafe.park(Native Method)
        at java.util.concurrent.locks.LockSupport.parkNanos(LockSupport.java:215)
        at java.util.concurrent.locks.AbstractQueuedSynchronizer$ConditionObject.awaitNanos(AbstractQueuedSynchronizer.java:2078)
        at java.util.concurrent.LinkedBlockingQueue.poll(LinkedBlockingQueue.java:467)
        at org.apache.hadoop.ipc.CallQueueManager.take(CallQueueManager.java:317)
        at org.apache.hadoop.ipc.Server$Handler.run(Server.java:2942)
"StaleRecoveringContainerScrubbingService#3" daemon prio=5 tid=902 in Object.wait()
java.lang.Thread.State: WAITING (on object monitor)
        at sun.misc.Unsafe.park(Native Method)
        at java.util.concurrent.locks.LockSupport.park(LockSupport.java:175)
        at java.util.concurrent.locks.AbstractQueuedSynchronizer$ConditionObject.await(AbstractQueuedSynchronizer.java:2039)
        at java.util.concurrent.ScheduledThreadPoolExecutor$DelayedWorkQueue.take(ScheduledThreadPoolExecutor.java:1088)
        at java.util.concurrent.ScheduledThreadPoolExecutor$DelayedWorkQueue.take(ScheduledThreadPoolExecutor.java:809)
        at java.util.concurrent.ThreadPoolExecutor.getTask(ThreadPoolExecutor.java:1074)
        at java.util.concurrent.ThreadPoolExecutor.runWorker(ThreadPoolExecutor.java:1134)
        at java.util.concurrent.ThreadPoolExecutor$Worker.run(ThreadPoolExecutor.java:624)
        at java.lang.Thread.run(Thread.java:750)
"ChunkWriter-1-0" daemon prio=5 tid=555 in Object.wait()
java.lang.Thread.State: WAITING (on object monitor)
        at sun.misc.Unsafe.park(Native Method)
        at java.util.concurrent.locks.LockSupport.park(LockSupport.java:175)
        at java.util.concurrent.locks.AbstractQueuedSynchronizer$ConditionObject.await(AbstractQueuedSynchronizer.java:2039)
        at java.util.concurrent.LinkedBlockingDeque.takeFirst(LinkedBlockingDeque.java:492)
        at java.util.concurrent.LinkedBlockingDeque.take(LinkedBlockingDeque.java:680)
        at java.util.concurrent.ThreadPoolExecutor.getTask(ThreadPoolExecutor.java:1074)
        at java.util.concurrent.ThreadPoolExecutor.runWorker(ThreadPoolExecutor.java:1134)
        at java.util.concurrent.ThreadPoolExecutor$Worker.run(ThreadPoolExecutor.java:624)
        at java.lang.Thread.run(Thread.java:750)
"org.apache.hadoop.util.JvmPauseMonitor$Monitor@f13364f" daemon prio=5 tid=284 timed_waiting
java.lang.Thread.State: TIMED_WAITING
        at java.lang.Thread.sleep(Native Method)
        at org.apache.hadoop.util.JvmPauseMonitor$Monitor.run(JvmPauseMonitor.java:192)
        at java.lang.Thread.run(Thread.java:750)
"37be314e-42cf-4ee9-a18e-baad7075c611-NettyServerStreamRpc-bossGroup--thread1"  prio=5 tid=237 runnable
java.lang.Thread.State: RUNNABLE
        at sun.nio.ch.EPollArrayWrapper.epollWait(Native Method)
        at sun.nio.ch.EPollArrayWrapper.poll(EPollArrayWrapper.java:269)
        at sun.nio.ch.EPollSelectorImpl.doSelect(EPollSelectorImpl.java:93)
        at sun.nio.ch.SelectorImpl.lockAndDoSelect(SelectorImpl.java:86)
        at sun.nio.ch.SelectorImpl.select(SelectorImpl.java:97)
        at sun.nio.ch.SelectorImpl.select(SelectorImpl.java:101)
        at org.apache.ratis.thirdparty.io.netty.channel.nio.SelectedSelectionKeySetSelector.select(SelectedSelectionKeySetSelector.java:68)
        at org.apache.ratis.thirdparty.io.netty.channel.nio.NioEventLoop.select(NioEventLoop.java:813)
        at org.apache.ratis.thirdparty.io.netty.channel.nio.NioEventLoop.run(NioEventLoop.java:460)
        at org.apache.ratis.thirdparty.io.netty.util.concurrent.SingleThreadEventExecutor$4.run(SingleThreadEventExecutor.java:995)
        at org.apache.ratis.thirdparty.io.netty.util.internal.ThreadExecutorMap$2.run(ThreadExecutorMap.java:74)
        at java.lang.Thread.run(Thread.java:750)
"Session-HouseKeeper-403eab3-1"  prio=5 tid=153 timed_waiting
java.lang.Thread.State: TIMED_WAITING
        at sun.misc.Unsafe.park(Native Method)
        at java.util.concurrent.locks.LockSupport.parkNanos(LockSupport.java:215)
        at java.util.concurrent.locks.AbstractQueuedSynchronizer$ConditionObject.awaitNanos(AbstractQueuedSynchronizer.java:2078)
        at java.util.concurrent.ScheduledThreadPoolExecutor$DelayedWorkQueue.take(ScheduledThreadPoolExecutor.java:1093)
        at java.util.concurrent.ScheduledThreadPoolExecutor$DelayedWorkQueue.take(ScheduledThreadPoolExecutor.java:809)
        at java.util.concurrent.ThreadPoolExecutor.getTask(ThreadPoolExecutor.java:1074)
        at java.util.concurrent.ThreadPoolExecutor.runWorker(ThreadPoolExecutor.java:1134)
        at java.util.concurrent.ThreadPoolExecutor$Worker.run(ThreadPoolExecutor.java:624)
        at java.lang.Thread.run(Thread.java:750)
"37be314e-42cf-4ee9-a18e-baad7075c611-server-thread3" daemon prio=5 tid=738 timed_waiting
java.lang.Thread.State: TIMED_WAITING
        at sun.misc.Unsafe.park(Native Method)
        at java.util.concurrent.locks.LockSupport.parkNanos(LockSupport.java:215)
        at java.util.concurrent.SynchronousQueue$TransferStack.awaitFulfill(SynchronousQueue.java:460)
        at java.util.concurrent.SynchronousQueue$TransferStack.transfer(SynchronousQueue.java:362)
        at java.util.concurrent.SynchronousQueue.poll(SynchronousQueue.java:941)
        at java.util.concurrent.ThreadPoolExecutor.getTask(ThreadPoolExecutor.java:1073)
        at java.util.concurrent.ThreadPoolExecutor.runWorker(ThreadPoolExecutor.java:1134)
        at java.util.concurrent.ThreadPoolExecutor$Worker.run(ThreadPoolExecutor.java:624)
        at java.lang.Thread.run(Thread.java:750)
"ChunkReader-ELG-0" daemon prio=5 tid=573 runnable
java.lang.Thread.State: RUNNABLE
        at org.apache.ratis.thirdparty.io.netty.channel.epoll.Native.epollWait0(Native Method)
        at org.apache.ratis.thirdparty.io.netty.channel.epoll.Native.epollWait(Native.java:182)
        at org.apache.ratis.thirdparty.io.netty.channel.epoll.EpollEventLoop.epollWait(EpollEventLoop.java:290)
        at org.apache.ratis.thirdparty.io.netty.channel.epoll.EpollEventLoop.run(EpollEventLoop.java:354)
        at org.apache.ratis.thirdparty.io.netty.util.concurrent.SingleThreadEventExecutor$4.run(SingleThreadEventExecutor.java:995)
        at org.apache.ratis.thirdparty.io.netty.util.internal.ThreadExecutorMap$2.run(ThreadExecutorMap.java:74)
        at java.lang.Thread.run(Thread.java:750)
"qtp1004270885-491" daemon prio=5 tid=491 timed_waiting
java.lang.Thread.State: TIMED_WAITING
        at sun.misc.Unsafe.park(Native Method)
        at java.util.concurrent.locks.LockSupport.parkNanos(LockSupport.java:215)
        at java.util.concurrent.locks.AbstractQueuedSynchronizer$ConditionObject.awaitNanos(AbstractQueuedSynchronizer.java:2078)
        at org.eclipse.jetty.util.BlockingArrayQueue.poll(BlockingArrayQueue.java:382)
        at org.eclipse.jetty.util.thread.QueuedThreadPool$Runner.idleJobPoll(QueuedThreadPool.java:974)
        at org.eclipse.jetty.util.thread.QueuedThreadPool$Runner.run(QueuedThreadPool.java:1018)
        at java.lang.Thread.run(Thread.java:750)
"Datanode ReportManager Thread - 1" daemon prio=5 tid=385 in Object.wait()
java.lang.Thread.State: WAITING (on object monitor)
        at sun.misc.Unsafe.park(Native Method)
        at java.util.concurrent.locks.LockSupport.park(LockSupport.java:175)
        at java.util.concurrent.locks.AbstractQueuedSynchronizer$ConditionObject.await(AbstractQueuedSynchronizer.java:2039)
        at java.util.concurrent.ScheduledThreadPoolExecutor$DelayedWorkQueue.take(ScheduledThreadPoolExecutor.java:1088)
        at java.util.concurrent.ScheduledThreadPoolExecutor$DelayedWorkQueue.take(ScheduledThreadPoolExecutor.java:809)
        at java.util.concurrent.ThreadPoolExecutor.getTask(ThreadPoolExecutor.java:1074)
        at java.util.concurrent.ThreadPoolExecutor.runWorker(ThreadPoolExecutor.java:1134)
        at java.util.concurrent.ThreadPoolExecutor$Worker.run(ThreadPoolExecutor.java:624)
        at java.lang.Thread.run(Thread.java:750)
"Datanode ReportManager Thread - 2" daemon prio=5 tid=197 in Object.wait()
java.lang.Thread.State: WAITING (on object monitor)
        at sun.misc.Unsafe.park(Native Method)
        at java.util.concurrent.locks.LockSupport.park(LockSupport.java:175)
        at java.util.concurrent.locks.AbstractQueuedSynchronizer$ConditionObject.await(AbstractQueuedSynchronizer.java:2039)
        at java.util.concurrent.ScheduledThreadPoolExecutor$DelayedWorkQueue.take(ScheduledThreadPoolExecutor.java:1088)
        at java.util.concurrent.ScheduledThreadPoolExecutor$DelayedWorkQueue.take(ScheduledThreadPoolExecutor.java:809)
        at java.util.concurrent.ThreadPoolExecutor.getTask(ThreadPoolExecutor.java:1074)
        at java.util.concurrent.ThreadPoolExecutor.runWorker(ThreadPoolExecutor.java:1134)
        at java.util.concurrent.ThreadPoolExecutor$Worker.run(ThreadPoolExecutor.java:624)
        at java.lang.Thread.run(Thread.java:750)
"cbda9cd1-c9bf-468c-9ce3-2b320cdae76d@group-C642F25C70EF-SegmentedRaftLogWorker"  prio=5 tid=658 timed_waiting
java.lang.Thread.State: TIMED_WAITING
        at sun.misc.Unsafe.park(Native Method)
        at java.util.concurrent.locks.LockSupport.parkNanos(LockSupport.java:215)
        at java.util.concurrent.locks.AbstractQueuedSynchronizer$ConditionObject.awaitNanos(AbstractQueuedSynchronizer.java:2078)
        at org.apache.ratis.util.DataBlockingQueue.poll(DataBlockingQueue.java:148)
        at org.apache.ratis.server.raftlog.segmented.SegmentedRaftLogWorker.run(SegmentedRaftLogWorker.java:312)
        at org.apache.ratis.server.raftlog.segmented.SegmentedRaftLogWorker$$Lambda$693/377063671.run(Unknown Source)
        at java.lang.Thread.run(Thread.java:750)
"qtp1788678692-244" daemon prio=5 tid=244 timed_waiting
java.lang.Thread.State: TIMED_WAITING
        at sun.misc.Unsafe.park(Native Method)
        at java.util.concurrent.locks.LockSupport.parkNanos(LockSupport.java:215)
        at java.util.concurrent.locks.AbstractQueuedSynchronizer$ConditionObject.awaitNanos(AbstractQueuedSynchronizer.java:2078)
        at org.eclipse.jetty.util.BlockingArrayQueue.poll(BlockingArrayQueue.java:382)
        at org.eclipse.jetty.util.thread.QueuedThreadPool$Runner.idleJobPoll(QueuedThreadPool.java:974)
        at org.eclipse.jetty.util.thread.QueuedThreadPool$Runner.run(QueuedThreadPool.java:1018)
        at java.lang.Thread.run(Thread.java:750)
"pool-54-thread-1"  prio=5 tid=127 in Object.wait()
java.lang.Thread.State: WAITING (on object monitor)
        at sun.misc.Unsafe.park(Native Method)
        at java.util.concurrent.locks.LockSupport.park(LockSupport.java:175)
        at java.util.concurrent.locks.AbstractQueuedSynchronizer$ConditionObject.await(AbstractQueuedSynchronizer.java:2039)
        at java.util.concurrent.LinkedBlockingQueue.take(LinkedBlockingQueue.java:442)
        at java.util.concurrent.ThreadPoolExecutor.getTask(ThreadPoolExecutor.java:1074)
        at java.util.concurrent.ThreadPoolExecutor.runWorker(ThreadPoolExecutor.java:1134)
        at java.util.concurrent.ThreadPoolExecutor$Worker.run(ThreadPoolExecutor.java:624)
        at java.lang.Thread.run(Thread.java:750)
"qtp1793515338-149" daemon prio=5 tid=149 timed_waiting
java.lang.Thread.State: TIMED_WAITING
        at sun.misc.Unsafe.park(Native Method)
        at java.util.concurrent.locks.LockSupport.parkNanos(LockSupport.java:215)
        at java.util.concurrent.locks.AbstractQueuedSynchronizer$ConditionObject.awaitNanos(AbstractQueuedSynchronizer.java:2078)
        at org.eclipse.jetty.util.BlockingArrayQueue.poll(BlockingArrayQueue.java:382)
        at org.eclipse.jetty.util.thread.QueuedThreadPool$Runner.idleJobPoll(QueuedThreadPool.java:974)
        at org.eclipse.jetty.util.thread.QueuedThreadPool$Runner.run(QueuedThreadPool.java:1018)
        at java.lang.Thread.run(Thread.java:750)
"om1-client-thread1" daemon prio=5 tid=769 timed_waiting
java.lang.Thread.State: TIMED_WAITING
        at sun.misc.Unsafe.park(Native Method)
        at java.util.concurrent.locks.LockSupport.parkNanos(LockSupport.java:215)
        at java.util.concurrent.SynchronousQueue$TransferStack.awaitFulfill(SynchronousQueue.java:460)
        at java.util.concurrent.SynchronousQueue$TransferStack.transfer(SynchronousQueue.java:362)
        at java.util.concurrent.SynchronousQueue.poll(SynchronousQueue.java:941)
        at java.util.concurrent.ThreadPoolExecutor.getTask(ThreadPoolExecutor.java:1073)
        at java.util.concurrent.ThreadPoolExecutor.runWorker(ThreadPoolExecutor.java:1134)
        at java.util.concurrent.ThreadPoolExecutor$Worker.run(ThreadPoolExecutor.java:624)
        at java.lang.Thread.run(Thread.java:750)
"qtp1788678692-245" daemon prio=5 tid=245 timed_waiting
java.lang.Thread.State: TIMED_WAITING
        at sun.misc.Unsafe.park(Native Method)
        at java.util.concurrent.locks.LockSupport.parkNanos(LockSupport.java:215)
        at java.util.concurrent.locks.AbstractQueuedSynchronizer$ConditionObject.awaitNanos(AbstractQueuedSynchronizer.java:2078)
        at org.eclipse.jetty.util.BlockingArrayQueue.poll(BlockingArrayQueue.java:382)
        at org.eclipse.jetty.util.thread.QueuedThreadPool$Runner.idleJobPoll(QueuedThreadPool.java:974)
        at org.eclipse.jetty.util.thread.QueuedThreadPool$Runner.run(QueuedThreadPool.java:1018)
        at java.lang.Thread.run(Thread.java:750)
"qtp562342489-219" daemon prio=5 tid=219 timed_waiting
java.lang.Thread.State: TIMED_WAITING
        at sun.misc.Unsafe.park(Native Method)
        at java.util.concurrent.locks.LockSupport.parkNanos(LockSupport.java:215)
        at java.util.concurrent.locks.AbstractQueuedSynchronizer$ConditionObject.awaitNanos(AbstractQueuedSynchronizer.java:2078)
        at org.eclipse.jetty.util.BlockingArrayQueue.poll(BlockingArrayQueue.java:382)
        at org.eclipse.jetty.util.thread.QueuedThreadPool$Runner.idleJobPoll(QueuedThreadPool.java:974)
        at org.eclipse.jetty.util.thread.QueuedThreadPool$Runner.run(QueuedThreadPool.java:1018)
        at java.lang.Thread.run(Thread.java:750)
"StaleRecoveringContainerScrubbingService#6" daemon prio=5 tid=958 in Object.wait()
java.lang.Thread.State: WAITING (on object monitor)
        at sun.misc.Unsafe.park(Native Method)
        at java.util.concurrent.locks.LockSupport.park(LockSupport.java:175)
        at java.util.concurrent.locks.AbstractQueuedSynchronizer$ConditionObject.await(AbstractQueuedSynchronizer.java:2039)
        at java.util.concurrent.ScheduledThreadPoolExecutor$DelayedWorkQueue.take(ScheduledThreadPoolExecutor.java:1088)
        at java.util.concurrent.ScheduledThreadPoolExecutor$DelayedWorkQueue.take(ScheduledThreadPoolExecutor.java:809)
        at java.util.concurrent.ThreadPoolExecutor.getTask(ThreadPoolExecutor.java:1074)
        at java.util.concurrent.ThreadPoolExecutor.runWorker(ThreadPoolExecutor.java:1134)
        at java.util.concurrent.ThreadPoolExecutor$Worker.run(ThreadPoolExecutor.java:624)
        at java.lang.Thread.run(Thread.java:750)
"IPC Server handler 4 on default port 35905" daemon prio=5 tid=70 timed_waiting
java.lang.Thread.State: TIMED_WAITING
        at sun.misc.Unsafe.park(Native Method)
        at java.util.concurrent.locks.LockSupport.parkNanos(LockSupport.java:215)
        at java.util.concurrent.locks.AbstractQueuedSynchronizer$ConditionObject.awaitNanos(AbstractQueuedSynchronizer.java:2078)
        at java.util.concurrent.LinkedBlockingQueue.poll(LinkedBlockingQueue.java:467)
        at org.apache.hadoop.ipc.CallQueueManager.take(CallQueueManager.java:317)
        at org.apache.hadoop.ipc.Server$Handler.run(Server.java:2942)
"StaleRecoveringContainerScrubbingService#9" daemon prio=5 tid=999 in Object.wait()
java.lang.Thread.State: WAITING (on object monitor)
        at sun.misc.Unsafe.park(Native Method)
        at java.util.concurrent.locks.LockSupport.park(LockSupport.java:175)
        at java.util.concurrent.locks.AbstractQueuedSynchronizer$ConditionObject.await(AbstractQueuedSynchronizer.java:2039)
        at java.util.concurrent.ScheduledThreadPoolExecutor$DelayedWorkQueue.take(ScheduledThreadPoolExecutor.java:1088)
        at java.util.concurrent.ScheduledThreadPoolExecutor$DelayedWorkQueue.take(ScheduledThreadPoolExecutor.java:809)
        at java.util.concurrent.ThreadPoolExecutor.getTask(ThreadPoolExecutor.java:1074)
        at java.util.concurrent.ThreadPoolExecutor.runWorker(ThreadPoolExecutor.java:1134)
        at java.util.concurrent.ThreadPoolExecutor$Worker.run(ThreadPoolExecutor.java:624)
        at java.lang.Thread.run(Thread.java:750)
"PartialTableCache Cleanup Thread - 0" daemon prio=5 tid=830 in Object.wait()
java.lang.Thread.State: WAITING (on object monitor)
        at sun.misc.Unsafe.park(Native Method)
        at java.util.concurrent.locks.LockSupport.park(LockSupport.java:175)
        at java.util.concurrent.locks.AbstractQueuedSynchronizer$ConditionObject.await(AbstractQueuedSynchronizer.java:2039)
        at java.util.concurrent.LinkedBlockingQueue.take(LinkedBlockingQueue.java:442)
        at java.util.concurrent.ThreadPoolExecutor.getTask(ThreadPoolExecutor.java:1074)
        at java.util.concurrent.ThreadPoolExecutor.runWorker(ThreadPoolExecutor.java:1134)
        at java.util.concurrent.ThreadPoolExecutor$Worker.run(ThreadPoolExecutor.java:624)
        at java.lang.Thread.run(Thread.java:750)
"BlockDeletingService#2" daemon prio=5 tid=976 in Object.wait()
java.lang.Thread.State: WAITING (on object monitor)
        at sun.misc.Unsafe.park(Native Method)
        at java.util.concurrent.locks.LockSupport.park(LockSupport.java:175)
        at java.util.concurrent.locks.AbstractQueuedSynchronizer$ConditionObject.await(AbstractQueuedSynchronizer.java:2039)
        at java.util.concurrent.ScheduledThreadPoolExecutor$DelayedWorkQueue.take(ScheduledThreadPoolExecutor.java:1088)
        at java.util.concurrent.ScheduledThreadPoolExecutor$DelayedWorkQueue.take(ScheduledThreadPoolExecutor.java:809)
        at java.util.concurrent.ThreadPoolExecutor.getTask(ThreadPoolExecutor.java:1074)
        at java.util.concurrent.ThreadPoolExecutor.runWorker(ThreadPoolExecutor.java:1134)
        at java.util.concurrent.ThreadPoolExecutor$Worker.run(ThreadPoolExecutor.java:624)
        at java.lang.Thread.run(Thread.java:750)
"Datanode State Machine Daemon Thread" daemon prio=5 tid=461 timed_waiting
java.lang.Thread.State: TIMED_WAITING
        at java.lang.Thread.sleep(Native Method)
        at org.apache.hadoop.ozone.container.common.statemachine.DatanodeStateMachine.startStateMachineThread(DatanodeStateMachine.java:324)
        at org.apache.hadoop.ozone.container.common.statemachine.DatanodeStateMachine.lambda$startDaemon$0(DatanodeStateMachine.java:509)
        at org.apache.hadoop.ozone.container.common.statemachine.DatanodeStateMachine$$Lambda$782/807019219.run(Unknown Source)
        at java.lang.Thread.run(Thread.java:750)
"pool-179-thread-1" daemon prio=5 tid=319 timed_waiting
java.lang.Thread.State: TIMED_WAITING
        at sun.misc.Unsafe.park(Native Method)
        at java.util.concurrent.locks.LockSupport.parkNanos(LockSupport.java:215)
        at java.util.concurrent.locks.AbstractQueuedSynchronizer$ConditionObject.awaitNanos(AbstractQueuedSynchronizer.java:2078)
        at java.util.concurrent.ScheduledThreadPoolExecutor$DelayedWorkQueue.take(ScheduledThreadPoolExecutor.java:1093)
        at java.util.concurrent.ScheduledThreadPoolExecutor$DelayedWorkQueue.take(ScheduledThreadPoolExecutor.java:809)
        at java.util.concurrent.ThreadPoolExecutor.getTask(ThreadPoolExecutor.java:1074)
        at java.util.concurrent.ThreadPoolExecutor.runWorker(ThreadPoolExecutor.java:1134)
        at java.util.concurrent.ThreadPoolExecutor$Worker.run(ThreadPoolExecutor.java:624)
        at java.lang.Thread.run(Thread.java:750)
"timer0" daemon prio=5 tid=788 timed_waiting
java.lang.Thread.State: TIMED_WAITING
        at java.lang.Object.wait(Native Method)
        at java.util.TimerThread.mainLoop(Timer.java:552)
        at java.util.TimerThread.run(Timer.java:505)
"IPC Server handler 9 on default port 35905" daemon prio=5 tid=75 timed_waiting
java.lang.Thread.State: TIMED_WAITING
        at sun.misc.Unsafe.park(Native Method)
        at java.util.concurrent.locks.LockSupport.parkNanos(LockSupport.java:215)
        at java.util.concurrent.locks.AbstractQueuedSynchronizer$ConditionObject.awaitNanos(AbstractQueuedSynchronizer.java:2078)
        at java.util.concurrent.LinkedBlockingQueue.poll(LinkedBlockingQueue.java:467)
        at org.apache.hadoop.ipc.CallQueueManager.take(CallQueueManager.java:317)
        at org.apache.hadoop.ipc.Server$Handler.run(Server.java:2942)
"pool-103-thread-1"  prio=5 tid=213 timed_waiting
java.lang.Thread.State: TIMED_WAITING
        at sun.misc.Unsafe.park(Native Method)
        at java.util.concurrent.locks.LockSupport.parkNanos(LockSupport.java:215)
        at java.util.concurrent.locks.AbstractQueuedSynchronizer$ConditionObject.awaitNanos(AbstractQueuedSynchronizer.java:2078)
        at java.util.concurrent.ScheduledThreadPoolExecutor$DelayedWorkQueue.take(ScheduledThreadPoolExecutor.java:1093)
        at java.util.concurrent.ScheduledThreadPoolExecutor$DelayedWorkQueue.take(ScheduledThreadPoolExecutor.java:809)
        at java.util.concurrent.ThreadPoolExecutor.getTask(ThreadPoolExecutor.java:1074)
        at java.util.concurrent.ThreadPoolExecutor.runWorker(ThreadPoolExecutor.java:1134)
        at java.util.concurrent.ThreadPoolExecutor$Worker.run(ThreadPoolExecutor.java:624)
        at java.lang.Thread.run(Thread.java:750)
"Datanode ReportManager Thread - 3" daemon prio=5 tid=387 timed_waiting
java.lang.Thread.State: TIMED_WAITING
        at sun.misc.Unsafe.park(Native Method)
        at java.util.concurrent.locks.LockSupport.parkNanos(LockSupport.java:215)
        at java.util.concurrent.locks.AbstractQueuedSynchronizer$ConditionObject.awaitNanos(AbstractQueuedSynchronizer.java:2078)
        at java.util.concurrent.ScheduledThreadPoolExecutor$DelayedWorkQueue.take(ScheduledThreadPoolExecutor.java:1093)
        at java.util.concurrent.ScheduledThreadPoolExecutor$DelayedWorkQueue.take(ScheduledThreadPoolExecutor.java:809)
        at java.util.concurrent.ThreadPoolExecutor.getTask(ThreadPoolExecutor.java:1074)
        at java.util.concurrent.ThreadPoolExecutor.runWorker(ThreadPoolExecutor.java:1134)
        at java.util.concurrent.ThreadPoolExecutor$Worker.run(ThreadPoolExecutor.java:624)
        at java.lang.Thread.run(Thread.java:750)
"51369307-b0de-40aa-9d6f-41f84e1cecb7@group-C5ECEF351ECF-StateMachineUpdater" daemon prio=5 tid=680 timed_waiting
java.lang.Thread.State: TIMED_WAITING
        at sun.misc.Unsafe.park(Native Method)
        at java.util.concurrent.locks.LockSupport.parkNanos(LockSupport.java:215)
        at java.util.concurrent.locks.AbstractQueuedSynchronizer$ConditionObject.await(AbstractQueuedSynchronizer.java:2163)
        at org.apache.ratis.util.AwaitForSignal.await(AwaitForSignal.java:62)
        at org.apache.ratis.server.impl.StateMachineUpdater.waitForCommit(StateMachineUpdater.java:207)
        at org.apache.ratis.server.impl.StateMachineUpdater.run(StateMachineUpdater.java:176)
        at java.lang.Thread.run(Thread.java:750)
"37be314e-42cf-4ee9-a18e-baad7075c611@group-75780AEF7A1B-FollowerState" daemon prio=5 tid=717 timed_waiting
java.lang.Thread.State: TIMED_WAITING
        at java.lang.Thread.sleep(Native Method)
        at java.lang.Thread.sleep(Thread.java:342)
        at java.util.concurrent.TimeUnit.sleep(TimeUnit.java:386)
        at org.apache.ratis.util.TimeDuration.sleep(TimeDuration.java:325)
        at org.apache.ratis.util.TimeDuration.sleep(TimeDuration.java:310)
        at org.apache.ratis.server.impl.FollowerState.run(FollowerState.java:128)
"51369307-b0de-40aa-9d6f-41f84e1cecb7@group-C5ECEF351ECF-SegmentedRaftLogWorker"  prio=5 tid=678 timed_waiting
java.lang.Thread.State: TIMED_WAITING
        at sun.misc.Unsafe.park(Native Method)
        at java.util.concurrent.locks.LockSupport.parkNanos(LockSupport.java:215)
        at java.util.concurrent.locks.AbstractQueuedSynchronizer$ConditionObject.awaitNanos(AbstractQueuedSynchronizer.java:2078)
        at org.apache.ratis.util.DataBlockingQueue.poll(DataBlockingQueue.java:148)
        at org.apache.ratis.server.raftlog.segmented.SegmentedRaftLogWorker.run(SegmentedRaftLogWorker.java:312)
        at org.apache.ratis.server.raftlog.segmented.SegmentedRaftLogWorker$$Lambda$693/377063671.run(Unknown Source)
        at java.lang.Thread.run(Thread.java:750)
"IPC Server idle connection scanner for port 42667" daemon prio=5 tid=33 timed_waiting
java.lang.Thread.State: TIMED_WAITING
        at java.lang.Object.wait(Native Method)
        at java.util.TimerThread.mainLoop(Timer.java:552)
        at java.util.TimerThread.run(Timer.java:505)
"StaleRecoveringContainerScrubbingService#1" daemon prio=5 tid=382 in Object.wait()
java.lang.Thread.State: WAITING (on object monitor)
        at sun.misc.Unsafe.park(Native Method)
        at java.util.concurrent.locks.LockSupport.park(LockSupport.java:175)
        at java.util.concurrent.locks.AbstractQueuedSynchronizer$ConditionObject.await(AbstractQueuedSynchronizer.java:2039)
        at java.util.concurrent.ScheduledThreadPoolExecutor$DelayedWorkQueue.take(ScheduledThreadPoolExecutor.java:1088)
        at java.util.concurrent.ScheduledThreadPoolExecutor$DelayedWorkQueue.take(ScheduledThreadPoolExecutor.java:809)
        at java.util.concurrent.ThreadPoolExecutor.getTask(ThreadPoolExecutor.java:1074)
        at java.util.concurrent.ThreadPoolExecutor.runWorker(ThreadPoolExecutor.java:1134)
        at java.util.concurrent.ThreadPoolExecutor$Worker.run(ThreadPoolExecutor.java:624)
        at java.lang.Thread.run(Thread.java:750)
"qtp1793515338-145" daemon prio=5 tid=145 runnable
java.lang.Thread.State: RUNNABLE
        at sun.nio.ch.EPollArrayWrapper.epollWait(Native Method)
        at sun.nio.ch.EPollArrayWrapper.poll(EPollArrayWrapper.java:269)
        at sun.nio.ch.EPollSelectorImpl.doSelect(EPollSelectorImpl.java:93)
        at sun.nio.ch.SelectorImpl.lockAndDoSelect(SelectorImpl.java:86)
        at sun.nio.ch.SelectorImpl.select(SelectorImpl.java:97)
        at sun.nio.ch.SelectorImpl.select(SelectorImpl.java:101)
        at org.eclipse.jetty.io.ManagedSelector.nioSelect(ManagedSelector.java:183)
        at org.eclipse.jetty.io.ManagedSelector.select(ManagedSelector.java:190)
        at org.eclipse.jetty.io.ManagedSelector$SelectorProducer.select(ManagedSelector.java:606)
        at org.eclipse.jetty.io.ManagedSelector$SelectorProducer.produce(ManagedSelector.java:543)
        at org.eclipse.jetty.util.thread.strategy.EatWhatYouKill.produceTask(EatWhatYouKill.java:362)
        at org.eclipse.jetty.util.thread.strategy.EatWhatYouKill.doProduce(EatWhatYouKill.java:186)
        at org.eclipse.jetty.util.thread.strategy.EatWhatYouKill.tryProduce(EatWhatYouKill.java:173)
        at org.eclipse.jetty.util.thread.strategy.EatWhatYouKill.produce(EatWhatYouKill.java:137)
        at org.eclipse.jetty.io.ManagedSelector$$Lambda$453/347035587.run(Unknown Source)
        at org.eclipse.jetty.util.thread.QueuedThreadPool.runJob(QueuedThreadPool.java:883)
        at org.eclipse.jetty.util.thread.QueuedThreadPool$Runner.run(QueuedThreadPool.java:1034)
        at java.lang.Thread.run(Thread.java:750)
"JvmPauseMonitor9" daemon prio=5 tid=558 timed_waiting
java.lang.Thread.State: TIMED_WAITING
        at java.lang.Thread.sleep(Native Method)
        at java.lang.Thread.sleep(Thread.java:342)
        at java.util.concurrent.TimeUnit.sleep(TimeUnit.java:386)
        at org.apache.ratis.util.TimeDuration.sleep(TimeDuration.java:325)
        at org.apache.ratis.util.TimeDuration.sleep(TimeDuration.java:310)
        at org.apache.ratis.util.JvmPauseMonitor.detectPause(JvmPauseMonitor.java:119)
        at org.apache.ratis.util.JvmPauseMonitor.run(JvmPauseMonitor.java:108)
        at org.apache.ratis.util.JvmPauseMonitor$$Lambda$734/49719830.run(Unknown Source)
        at java.lang.Thread.run(Thread.java:750)
"ChunkWriter-0-0" daemon prio=5 tid=412 in Object.wait()
java.lang.Thread.State: WAITING (on object monitor)
        at sun.misc.Unsafe.park(Native Method)
        at java.util.concurrent.locks.LockSupport.park(LockSupport.java:175)
        at java.util.concurrent.locks.AbstractQueuedSynchronizer$ConditionObject.await(AbstractQueuedSynchronizer.java:2039)
        at java.util.concurrent.LinkedBlockingDeque.takeFirst(LinkedBlockingDeque.java:492)
        at java.util.concurrent.LinkedBlockingDeque.take(LinkedBlockingDeque.java:680)
        at java.util.concurrent.ThreadPoolExecutor.getTask(ThreadPoolExecutor.java:1074)
        at java.util.concurrent.ThreadPoolExecutor.runWorker(ThreadPoolExecutor.java:1134)
        at java.util.concurrent.ThreadPoolExecutor$Worker.run(ThreadPoolExecutor.java:624)
        at java.lang.Thread.run(Thread.java:750)
"51369307-b0de-40aa-9d6f-41f84e1cecb7@group-AE8453F49D0B-StateMachineUpdater" daemon prio=5 tid=667 timed_waiting
java.lang.Thread.State: TIMED_WAITING
        at sun.misc.Unsafe.park(Native Method)
        at java.util.concurrent.locks.LockSupport.parkNanos(LockSupport.java:215)
        at java.util.concurrent.locks.AbstractQueuedSynchronizer$ConditionObject.await(AbstractQueuedSynchronizer.java:2163)
        at org.apache.ratis.util.AwaitForSignal.await(AwaitForSignal.java:62)
        at org.apache.ratis.server.impl.StateMachineUpdater.waitForCommit(StateMachineUpdater.java:207)
        at org.apache.ratis.server.impl.StateMachineUpdater.run(StateMachineUpdater.java:176)
        at java.lang.Thread.run(Thread.java:750)
"IPC Server handler 8 on default port 33549" daemon prio=5 tid=94 timed_waiting
java.lang.Thread.State: TIMED_WAITING
        at sun.misc.Unsafe.park(Native Method)
        at java.util.concurrent.locks.LockSupport.parkNanos(LockSupport.java:215)
        at java.util.concurrent.locks.AbstractQueuedSynchronizer$ConditionObject.awaitNanos(AbstractQueuedSynchronizer.java:2078)
        at java.util.concurrent.LinkedBlockingQueue.poll(LinkedBlockingQueue.java:467)
        at org.apache.hadoop.ipc.CallQueueManager.take(CallQueueManager.java:317)
        at org.apache.hadoop.ipc.Server$Handler.run(Server.java:2942)
"ChunkReader-0" daemon prio=5 tid=802 in Object.wait()
java.lang.Thread.State: WAITING (on object monitor)
        at sun.misc.Unsafe.park(Native Method)
        at java.util.concurrent.locks.LockSupport.park(LockSupport.java:175)
        at java.util.concurrent.locks.AbstractQueuedSynchronizer$ConditionObject.await(AbstractQueuedSynchronizer.java:2039)
        at java.util.concurrent.LinkedBlockingQueue.take(LinkedBlockingQueue.java:442)
        at java.util.concurrent.ThreadPoolExecutor.getTask(ThreadPoolExecutor.java:1074)
        at java.util.concurrent.ThreadPoolExecutor.runWorker(ThreadPoolExecutor.java:1134)
        at java.util.concurrent.ThreadPoolExecutor$Worker.run(ThreadPoolExecutor.java:624)
        at java.lang.Thread.run(Thread.java:750)
"StaleRecoveringContainerScrubbingService#0" daemon prio=5 tid=549 in Object.wait()
java.lang.Thread.State: WAITING (on object monitor)
        at sun.misc.Unsafe.park(Native Method)
        at java.util.concurrent.locks.LockSupport.park(LockSupport.java:175)
        at java.util.concurrent.locks.AbstractQueuedSynchronizer$ConditionObject.await(AbstractQueuedSynchronizer.java:2039)
        at java.util.concurrent.ScheduledThreadPoolExecutor$DelayedWorkQueue.take(ScheduledThreadPoolExecutor.java:1088)
        at java.util.concurrent.ScheduledThreadPoolExecutor$DelayedWorkQueue.take(ScheduledThreadPoolExecutor.java:809)
        at java.util.concurrent.ThreadPoolExecutor.getTask(ThreadPoolExecutor.java:1074)
        at java.util.concurrent.ThreadPoolExecutor.runWorker(ThreadPoolExecutor.java:1134)
        at java.util.concurrent.ThreadPoolExecutor$Worker.run(ThreadPoolExecutor.java:624)
        at java.lang.Thread.run(Thread.java:750)
"ChunkWriter-0-0" daemon prio=5 tid=530 in Object.wait()
java.lang.Thread.State: WAITING (on object monitor)
        at sun.misc.Unsafe.park(Native Method)
        at java.util.concurrent.locks.LockSupport.park(LockSupport.java:175)
        at java.util.concurrent.locks.AbstractQueuedSynchronizer$ConditionObject.await(AbstractQueuedSynchronizer.java:2039)
        at java.util.concurrent.LinkedBlockingDeque.takeFirst(LinkedBlockingDeque.java:492)
        at java.util.concurrent.LinkedBlockingDeque.take(LinkedBlockingDeque.java:680)
        at java.util.concurrent.ThreadPoolExecutor.getTask(ThreadPoolExecutor.java:1074)
        at java.util.concurrent.ThreadPoolExecutor.runWorker(ThreadPoolExecutor.java:1134)
        at java.util.concurrent.ThreadPoolExecutor$Worker.run(ThreadPoolExecutor.java:624)
        at java.lang.Thread.run(Thread.java:750)
"StaleRecoveringContainerScrubbingService#6" daemon prio=5 tid=956 in Object.wait()
java.lang.Thread.State: WAITING (on object monitor)
        at sun.misc.Unsafe.park(Native Method)
        at java.util.concurrent.locks.LockSupport.park(LockSupport.java:175)
        at java.util.concurrent.locks.AbstractQueuedSynchronizer$ConditionObject.await(AbstractQueuedSynchronizer.java:2039)
        at java.util.concurrent.ScheduledThreadPoolExecutor$DelayedWorkQueue.take(ScheduledThreadPoolExecutor.java:1088)
        at java.util.concurrent.ScheduledThreadPoolExecutor$DelayedWorkQueue.take(ScheduledThreadPoolExecutor.java:809)
        at java.util.concurrent.ThreadPoolExecutor.getTask(ThreadPoolExecutor.java:1074)
        at java.util.concurrent.ThreadPoolExecutor.runWorker(ThreadPoolExecutor.java:1134)
        at java.util.concurrent.ThreadPoolExecutor$Worker.run(ThreadPoolExecutor.java:624)
        at java.lang.Thread.run(Thread.java:750)
"StaleRecoveringContainerScrubbingService#7" daemon prio=5 tid=973 in Object.wait()
java.lang.Thread.State: WAITING (on object monitor)
        at sun.misc.Unsafe.park(Native Method)
        at java.util.concurrent.locks.LockSupport.park(LockSupport.java:175)
        at java.util.concurrent.locks.AbstractQueuedSynchronizer$ConditionObject.await(AbstractQueuedSynchronizer.java:2039)
        at java.util.concurrent.ScheduledThreadPoolExecutor$DelayedWorkQueue.take(ScheduledThreadPoolExecutor.java:1088)
        at java.util.concurrent.ScheduledThreadPoolExecutor$DelayedWorkQueue.take(ScheduledThreadPoolExecutor.java:809)
        at java.util.concurrent.ThreadPoolExecutor.getTask(ThreadPoolExecutor.java:1074)
        at java.util.concurrent.ThreadPoolExecutor.runWorker(ThreadPoolExecutor.java:1134)
        at java.util.concurrent.ThreadPoolExecutor$Worker.run(ThreadPoolExecutor.java:624)
        at java.lang.Thread.run(Thread.java:750)
"org.apache.hadoop.ozone.container.common.statemachine.commandhandler.DeleteBlocksCommandHandler$DeleteCmdWorker@1f934fd8" daemon prio=5 tid=239 timed_waiting
java.lang.Thread.State: TIMED_WAITING
        at java.lang.Thread.sleep(Native Method)
        at org.apache.hadoop.ozone.container.common.statemachine.commandhandler.DeleteBlocksCommandHandler$DeleteCmdWorker.run(DeleteBlocksCommandHandler.java:184)
        at java.lang.Thread.run(Thread.java:750)
"Datanode State Machine Task Thread - 0"  prio=5 tid=231 in Object.wait()
java.lang.Thread.State: WAITING (on object monitor)
        at sun.misc.Unsafe.park(Native Method)
        at java.util.concurrent.locks.LockSupport.park(LockSupport.java:175)
        at java.util.concurrent.locks.AbstractQueuedSynchronizer$ConditionObject.await(AbstractQueuedSynchronizer.java:2039)
        at java.util.concurrent.LinkedBlockingQueue.take(LinkedBlockingQueue.java:442)
        at java.util.concurrent.ThreadPoolExecutor.getTask(ThreadPoolExecutor.java:1074)
        at java.util.concurrent.ThreadPoolExecutor.runWorker(ThreadPoolExecutor.java:1134)
        at java.util.concurrent.ThreadPoolExecutor$Worker.run(ThreadPoolExecutor.java:624)
        at java.lang.Thread.run(Thread.java:750)
"Datanode ReportManager Thread - 2" daemon prio=5 tid=347 timed_waiting
java.lang.Thread.State: TIMED_WAITING
        at sun.misc.Unsafe.park(Native Method)
        at java.util.concurrent.locks.LockSupport.parkNanos(LockSupport.java:215)
        at java.util.concurrent.locks.AbstractQueuedSynchronizer$ConditionObject.awaitNanos(AbstractQueuedSynchronizer.java:2078)
        at java.util.concurrent.ScheduledThreadPoolExecutor$DelayedWorkQueue.take(ScheduledThreadPoolExecutor.java:1093)
        at java.util.concurrent.ScheduledThreadPoolExecutor$DelayedWorkQueue.take(ScheduledThreadPoolExecutor.java:809)
        at java.util.concurrent.ThreadPoolExecutor.getTask(ThreadPoolExecutor.java:1074)
        at java.util.concurrent.ThreadPoolExecutor.runWorker(ThreadPoolExecutor.java:1134)
        at java.util.concurrent.ThreadPoolExecutor$Worker.run(ThreadPoolExecutor.java:624)
        at java.lang.Thread.run(Thread.java:750)
"Datanode State Machine Task Thread - 0"  prio=5 tid=391 in Object.wait()
java.lang.Thread.State: WAITING (on object monitor)
        at sun.misc.Unsafe.park(Native Method)
        at java.util.concurrent.locks.LockSupport.park(LockSupport.java:175)
        at java.util.concurrent.locks.AbstractQueuedSynchronizer$ConditionObject.await(AbstractQueuedSynchronizer.java:2039)
        at java.util.concurrent.LinkedBlockingQueue.take(LinkedBlockingQueue.java:442)
        at java.util.concurrent.ThreadPoolExecutor.getTask(ThreadPoolExecutor.java:1074)
        at java.util.concurrent.ThreadPoolExecutor.runWorker(ThreadPoolExecutor.java:1134)
        at java.util.concurrent.ThreadPoolExecutor$Worker.run(ThreadPoolExecutor.java:624)
        at java.lang.Thread.run(Thread.java:750)
"qtp562342489-216" daemon prio=5 tid=216 timed_waiting
java.lang.Thread.State: TIMED_WAITING
        at sun.misc.Unsafe.park(Native Method)
        at java.util.concurrent.locks.LockSupport.parkNanos(LockSupport.java:215)
        at java.util.concurrent.locks.AbstractQueuedSynchronizer$ConditionObject.awaitNanos(AbstractQueuedSynchronizer.java:2078)
        at org.eclipse.jetty.util.BlockingArrayQueue.poll(BlockingArrayQueue.java:382)
        at org.eclipse.jetty.util.thread.QueuedThreadPool$Runner.idleJobPoll(QueuedThreadPool.java:974)
        at org.eclipse.jetty.util.thread.QueuedThreadPool$Runner.run(QueuedThreadPool.java:1018)
        at java.lang.Thread.run(Thread.java:750)
"IPC Server handler 16 on default port 35905" daemon prio=5 tid=82 timed_waiting
java.lang.Thread.State: TIMED_WAITING
        at sun.misc.Unsafe.park(Native Method)
        at java.util.concurrent.locks.LockSupport.parkNanos(LockSupport.java:215)
        at java.util.concurrent.locks.AbstractQueuedSynchronizer$ConditionObject.awaitNanos(AbstractQueuedSynchronizer.java:2078)
        at java.util.concurrent.LinkedBlockingQueue.poll(LinkedBlockingQueue.java:467)
        at org.apache.hadoop.ipc.CallQueueManager.take(CallQueueManager.java:317)
        at org.apache.hadoop.ipc.Server$Handler.run(Server.java:2942)
"Timer for 'StorageContainerManager' metrics system" daemon prio=5 tid=45 timed_waiting
java.lang.Thread.State: TIMED_WAITING
        at java.lang.Object.wait(Native Method)
        at java.util.TimerThread.mainLoop(Timer.java:552)
        at java.util.TimerThread.run(Timer.java:505)
"pool-298-thread-1"  prio=5 tid=695 in Object.wait()
java.lang.Thread.State: WAITING (on object monitor)
        at sun.misc.Unsafe.park(Native Method)
        at java.util.concurrent.locks.LockSupport.park(LockSupport.java:175)
        at java.util.concurrent.locks.AbstractQueuedSynchronizer$ConditionObject.await(AbstractQueuedSynchronizer.java:2039)
        at java.util.concurrent.LinkedBlockingQueue.take(LinkedBlockingQueue.java:442)
        at java.util.concurrent.ThreadPoolExecutor.getTask(ThreadPoolExecutor.java:1074)
        at java.util.concurrent.ThreadPoolExecutor.runWorker(ThreadPoolExecutor.java:1134)
        at java.util.concurrent.ThreadPoolExecutor$Worker.run(ThreadPoolExecutor.java:624)
        at java.lang.Thread.run(Thread.java:750)
"qtp325536552-447" daemon prio=5 tid=447 timed_waiting
java.lang.Thread.State: TIMED_WAITING
        at sun.misc.Unsafe.park(Native Method)
        at java.util.concurrent.locks.LockSupport.parkNanos(LockSupport.java:215)
        at java.util.concurrent.locks.AbstractQueuedSynchronizer$ConditionObject.awaitNanos(AbstractQueuedSynchronizer.java:2078)
        at org.eclipse.jetty.util.BlockingArrayQueue.poll(BlockingArrayQueue.java:382)
        at org.eclipse.jetty.util.thread.QueuedThreadPool$Runner.idleJobPoll(QueuedThreadPool.java:974)
        at org.eclipse.jetty.util.thread.QueuedThreadPool$Runner.run(QueuedThreadPool.java:1018)
        at java.lang.Thread.run(Thread.java:750)
"pool-63-thread-1" daemon prio=5 tid=178 timed_waiting
java.lang.Thread.State: TIMED_WAITING
        at sun.misc.Unsafe.park(Native Method)
        at java.util.concurrent.locks.LockSupport.parkNanos(LockSupport.java:215)
        at java.util.concurrent.locks.AbstractQueuedSynchronizer$ConditionObject.awaitNanos(AbstractQueuedSynchronizer.java:2078)
        at java.util.concurrent.ScheduledThreadPoolExecutor$DelayedWorkQueue.take(ScheduledThreadPoolExecutor.java:1093)
        at java.util.concurrent.ScheduledThreadPoolExecutor$DelayedWorkQueue.take(ScheduledThreadPoolExecutor.java:809)
        at java.util.concurrent.ThreadPoolExecutor.getTask(ThreadPoolExecutor.java:1074)
        at java.util.concurrent.ThreadPoolExecutor.runWorker(ThreadPoolExecutor.java:1134)
        at java.util.concurrent.ThreadPoolExecutor$Worker.run(ThreadPoolExecutor.java:624)
        at java.lang.Thread.run(Thread.java:750)
"IPC Server handler 5 on default port 42667" daemon prio=5 tid=51 timed_waiting
java.lang.Thread.State: TIMED_WAITING
        at sun.misc.Unsafe.park(Native Method)
        at java.util.concurrent.locks.LockSupport.parkNanos(LockSupport.java:215)
        at java.util.concurrent.locks.AbstractQueuedSynchronizer$ConditionObject.awaitNanos(AbstractQueuedSynchronizer.java:2078)
        at java.util.concurrent.LinkedBlockingQueue.poll(LinkedBlockingQueue.java:467)
        at org.apache.hadoop.ipc.CallQueueManager.take(CallQueueManager.java:317)
        at org.apache.hadoop.ipc.Server$Handler.run(Server.java:2942)
"OM StateMachine ApplyTransaction Thread - 0" daemon prio=5 tid=770 in Object.wait()
java.lang.Thread.State: WAITING (on object monitor)
        at sun.misc.Unsafe.park(Native Method)
        at java.util.concurrent.locks.LockSupport.park(LockSupport.java:175)
        at java.util.concurrent.locks.AbstractQueuedSynchronizer$ConditionObject.await(AbstractQueuedSynchronizer.java:2039)
        at java.util.concurrent.LinkedBlockingQueue.take(LinkedBlockingQueue.java:442)
        at java.util.concurrent.ThreadPoolExecutor.getTask(ThreadPoolExecutor.java:1074)
        at java.util.concurrent.ThreadPoolExecutor.runWorker(ThreadPoolExecutor.java:1134)
        at java.util.concurrent.ThreadPoolExecutor$Worker.run(ThreadPoolExecutor.java:624)
        at java.lang.Thread.run(Thread.java:750)
"StaleRecoveringContainerScrubbingService#2" daemon prio=5 tid=713 timed_waiting
java.lang.Thread.State: TIMED_WAITING
        at sun.misc.Unsafe.park(Native Method)
        at java.util.concurrent.locks.LockSupport.parkNanos(LockSupport.java:215)
        at java.util.concurrent.locks.AbstractQueuedSynchronizer$ConditionObject.awaitNanos(AbstractQueuedSynchronizer.java:2078)
        at java.util.concurrent.ScheduledThreadPoolExecutor$DelayedWorkQueue.take(ScheduledThreadPoolExecutor.java:1093)
        at java.util.concurrent.ScheduledThreadPoolExecutor$DelayedWorkQueue.take(ScheduledThreadPoolExecutor.java:809)
        at java.util.concurrent.ThreadPoolExecutor.getTask(ThreadPoolExecutor.java:1074)
        at java.util.concurrent.ThreadPoolExecutor.runWorker(ThreadPoolExecutor.java:1134)
        at java.util.concurrent.ThreadPoolExecutor$Worker.run(ThreadPoolExecutor.java:624)
        at java.lang.Thread.run(Thread.java:750)
"d09c218f-b416-45d6-bb77-0144cdedc1ff@group-AE8453F49D0B-StateMachineUpdater" daemon prio=5 tid=671 timed_waiting
java.lang.Thread.State: TIMED_WAITING
        at sun.misc.Unsafe.park(Native Method)
        at java.util.concurrent.locks.LockSupport.parkNanos(LockSupport.java:215)
        at java.util.concurrent.locks.AbstractQueuedSynchronizer$ConditionObject.await(AbstractQueuedSynchronizer.java:2163)
        at org.apache.ratis.util.AwaitForSignal.await(AwaitForSignal.java:62)
        at org.apache.ratis.server.impl.StateMachineUpdater.waitForCommit(StateMachineUpdater.java:207)
        at org.apache.ratis.server.impl.StateMachineUpdater.run(StateMachineUpdater.java:176)
        at java.lang.Thread.run(Thread.java:750)
"JvmPauseMonitor3" daemon prio=5 tid=416 timed_waiting
java.lang.Thread.State: TIMED_WAITING
        at java.lang.Thread.sleep(Native Method)
        at java.lang.Thread.sleep(Thread.java:342)
        at java.util.concurrent.TimeUnit.sleep(TimeUnit.java:386)
        at org.apache.ratis.util.TimeDuration.sleep(TimeDuration.java:325)
        at org.apache.ratis.util.TimeDuration.sleep(TimeDuration.java:310)
        at org.apache.ratis.util.JvmPauseMonitor.detectPause(JvmPauseMonitor.java:119)
        at org.apache.ratis.util.JvmPauseMonitor.run(JvmPauseMonitor.java:108)
        at org.apache.ratis.util.JvmPauseMonitor$$Lambda$734/49719830.run(Unknown Source)
        at java.lang.Thread.run(Thread.java:750)
"93b0d557-27ed-4241-a042-86e84b32abbd-NettyServerStreamRpc-bossGroup--thread1"  prio=5 tid=264 runnable
java.lang.Thread.State: RUNNABLE
        at sun.nio.ch.EPollArrayWrapper.epollWait(Native Method)
        at sun.nio.ch.EPollArrayWrapper.poll(EPollArrayWrapper.java:269)
        at sun.nio.ch.EPollSelectorImpl.doSelect(EPollSelectorImpl.java:93)
        at sun.nio.ch.SelectorImpl.lockAndDoSelect(SelectorImpl.java:86)
        at sun.nio.ch.SelectorImpl.select(SelectorImpl.java:97)
        at sun.nio.ch.SelectorImpl.select(SelectorImpl.java:101)
        at org.apache.ratis.thirdparty.io.netty.channel.nio.SelectedSelectionKeySetSelector.select(SelectedSelectionKeySetSelector.java:68)
        at org.apache.ratis.thirdparty.io.netty.channel.nio.NioEventLoop.select(NioEventLoop.java:813)
        at org.apache.ratis.thirdparty.io.netty.channel.nio.NioEventLoop.run(NioEventLoop.java:460)
        at org.apache.ratis.thirdparty.io.netty.util.concurrent.SingleThreadEventExecutor$4.run(SingleThreadEventExecutor.java:995)
        at org.apache.ratis.thirdparty.io.netty.util.internal.ThreadExecutorMap$2.run(ThreadExecutorMap.java:74)
        at java.lang.Thread.run(Thread.java:750)
"Datanode ReportManager Thread - 3" daemon prio=5 tid=348 in Object.wait()
java.lang.Thread.State: WAITING (on object monitor)
        at sun.misc.Unsafe.park(Native Method)
        at java.util.concurrent.locks.LockSupport.park(LockSupport.java:175)
        at java.util.concurrent.locks.AbstractQueuedSynchronizer$ConditionObject.await(AbstractQueuedSynchronizer.java:2039)
        at java.util.concurrent.ScheduledThreadPoolExecutor$DelayedWorkQueue.take(ScheduledThreadPoolExecutor.java:1088)
        at java.util.concurrent.ScheduledThreadPoolExecutor$DelayedWorkQueue.take(ScheduledThreadPoolExecutor.java:809)
        at java.util.concurrent.ThreadPoolExecutor.getTask(ThreadPoolExecutor.java:1074)
        at java.util.concurrent.ThreadPoolExecutor.runWorker(ThreadPoolExecutor.java:1134)
        at java.util.concurrent.ThreadPoolExecutor$Worker.run(ThreadPoolExecutor.java:624)
        at java.lang.Thread.run(Thread.java:750)
"StaleRecoveringContainerScrubbingService#7" daemon prio=5 tid=971 in Object.wait()
java.lang.Thread.State: WAITING (on object monitor)
        at sun.misc.Unsafe.park(Native Method)
        at java.util.concurrent.locks.LockSupport.park(LockSupport.java:175)
        at java.util.concurrent.locks.AbstractQueuedSynchronizer$ConditionObject.await(AbstractQueuedSynchronizer.java:2039)
        at java.util.concurrent.ScheduledThreadPoolExecutor$DelayedWorkQueue.take(ScheduledThreadPoolExecutor.java:1088)
        at java.util.concurrent.ScheduledThreadPoolExecutor$DelayedWorkQueue.take(ScheduledThreadPoolExecutor.java:809)
        at java.util.concurrent.ThreadPoolExecutor.getTask(ThreadPoolExecutor.java:1074)
        at java.util.concurrent.ThreadPoolExecutor.runWorker(ThreadPoolExecutor.java:1134)
        at java.util.concurrent.ThreadPoolExecutor$Worker.run(ThreadPoolExecutor.java:624)
        at java.lang.Thread.run(Thread.java:750)
"e77b5d09-e15c-47d2-9906-1148d6692daf-server-thread2" daemon prio=5 tid=938 timed_waiting
java.lang.Thread.State: TIMED_WAITING
        at sun.misc.Unsafe.park(Native Method)
        at java.util.concurrent.locks.LockSupport.parkNanos(LockSupport.java:215)
        at java.util.concurrent.SynchronousQueue$TransferStack.awaitFulfill(SynchronousQueue.java:460)
        at java.util.concurrent.SynchronousQueue$TransferStack.transfer(SynchronousQueue.java:362)
        at java.util.concurrent.SynchronousQueue.poll(SynchronousQueue.java:941)
        at java.util.concurrent.ThreadPoolExecutor.getTask(ThreadPoolExecutor.java:1073)
        at java.util.concurrent.ThreadPoolExecutor.runWorker(ThreadPoolExecutor.java:1134)
        at java.util.concurrent.ThreadPoolExecutor$Worker.run(ThreadPoolExecutor.java:624)
        at java.lang.Thread.run(Thread.java:750)
"JvmPauseMonitor7" daemon prio=5 tid=534 timed_waiting
java.lang.Thread.State: TIMED_WAITING
        at java.lang.Thread.sleep(Native Method)
        at java.lang.Thread.sleep(Thread.java:342)
        at java.util.concurrent.TimeUnit.sleep(TimeUnit.java:386)
        at org.apache.ratis.util.TimeDuration.sleep(TimeDuration.java:325)
        at org.apache.ratis.util.TimeDuration.sleep(TimeDuration.java:310)
        at org.apache.ratis.util.JvmPauseMonitor.detectPause(JvmPauseMonitor.java:119)
        at org.apache.ratis.util.JvmPauseMonitor.run(JvmPauseMonitor.java:108)
        at org.apache.ratis.util.JvmPauseMonitor$$Lambda$734/49719830.run(Unknown Source)
        at java.lang.Thread.run(Thread.java:750)
"FixedThreadPoolWithAffinityExecutor-6-0" daemon prio=5 tid=41 timed_waiting
java.lang.Thread.State: TIMED_WAITING
        at sun.misc.Unsafe.park(Native Method)
        at java.util.concurrent.locks.LockSupport.parkNanos(LockSupport.java:215)
        at java.util.concurrent.locks.AbstractQueuedSynchronizer$ConditionObject.awaitNanos(AbstractQueuedSynchronizer.java:2078)
        at java.util.concurrent.LinkedBlockingQueue.poll(LinkedBlockingQueue.java:467)
        at org.apache.hadoop.hdds.scm.server.ContainerReportQueue.poll(ContainerReportQueue.java:266)
        at org.apache.hadoop.hdds.scm.server.ContainerReportQueue.poll(ContainerReportQueue.java:42)
        at org.apache.hadoop.hdds.server.events.FixedThreadPoolWithAffinityExecutor$ContainerReportProcessTask.run(FixedThreadPoolWithAffinityExecutor.java:247)
        at java.util.concurrent.Executors$RunnableAdapter.call(Executors.java:511)
        at java.util.concurrent.FutureTask.run(FutureTask.java:266)
        at java.util.concurrent.ThreadPoolExecutor.runWorker(ThreadPoolExecutor.java:1149)
        at java.util.concurrent.ThreadPoolExecutor$Worker.run(ThreadPoolExecutor.java:624)
        at java.lang.Thread.run(Thread.java:750)
"pool-222-thread-1"  prio=5 tid=361 timed_waiting
java.lang.Thread.State: TIMED_WAITING
        at sun.misc.Unsafe.park(Native Method)
        at java.util.concurrent.locks.LockSupport.parkNanos(LockSupport.java:215)
        at java.util.concurrent.locks.AbstractQueuedSynchronizer$ConditionObject.awaitNanos(AbstractQueuedSynchronizer.java:2078)
        at java.util.concurrent.ScheduledThreadPoolExecutor$DelayedWorkQueue.take(ScheduledThreadPoolExecutor.java:1093)
        at java.util.concurrent.ScheduledThreadPoolExecutor$DelayedWorkQueue.take(ScheduledThreadPoolExecutor.java:809)
        at java.util.concurrent.ThreadPoolExecutor.getTask(ThreadPoolExecutor.java:1074)
        at java.util.concurrent.ThreadPoolExecutor.runWorker(ThreadPoolExecutor.java:1134)
        at java.util.concurrent.ThreadPoolExecutor$Worker.run(ThreadPoolExecutor.java:624)
        at java.lang.Thread.run(Thread.java:750)
"Datanode ReportManager Thread - 1" daemon prio=5 tid=463 in Object.wait()
java.lang.Thread.State: WAITING (on object monitor)
        at sun.misc.Unsafe.park(Native Method)
        at java.util.concurrent.locks.LockSupport.park(LockSupport.java:175)
        at java.util.concurrent.locks.AbstractQueuedSynchronizer$ConditionObject.await(AbstractQueuedSynchronizer.java:2039)
        at java.util.concurrent.ScheduledThreadPoolExecutor$DelayedWorkQueue.take(ScheduledThreadPoolExecutor.java:1088)
        at java.util.concurrent.ScheduledThreadPoolExecutor$DelayedWorkQueue.take(ScheduledThreadPoolExecutor.java:809)
        at java.util.concurrent.ThreadPoolExecutor.getTask(ThreadPoolExecutor.java:1074)
        at java.util.concurrent.ThreadPoolExecutor.runWorker(ThreadPoolExecutor.java:1134)
        at java.util.concurrent.ThreadPoolExecutor$Worker.run(ThreadPoolExecutor.java:624)
        at java.lang.Thread.run(Thread.java:750)
"IPC Server handler 12 on default port 42667" daemon prio=5 tid=58 timed_waiting
java.lang.Thread.State: TIMED_WAITING
        at sun.misc.Unsafe.park(Native Method)
        at java.util.concurrent.locks.LockSupport.parkNanos(LockSupport.java:215)
        at java.util.concurrent.locks.AbstractQueuedSynchronizer$ConditionObject.awaitNanos(AbstractQueuedSynchronizer.java:2078)
        at java.util.concurrent.LinkedBlockingQueue.poll(LinkedBlockingQueue.java:467)
        at org.apache.hadoop.ipc.CallQueueManager.take(CallQueueManager.java:317)
        at org.apache.hadoop.ipc.Server$Handler.run(Server.java:2942)
"StaleRecoveringContainerScrubbingService#0" daemon prio=5 tid=381 in Object.wait()
java.lang.Thread.State: WAITING (on object monitor)
        at sun.misc.Unsafe.park(Native Method)
        at java.util.concurrent.locks.LockSupport.park(LockSupport.java:175)
        at java.util.concurrent.locks.AbstractQueuedSynchronizer$ConditionObject.await(AbstractQueuedSynchronizer.java:2039)
        at java.util.concurrent.ScheduledThreadPoolExecutor$DelayedWorkQueue.take(ScheduledThreadPoolExecutor.java:1088)
        at java.util.concurrent.ScheduledThreadPoolExecutor$DelayedWorkQueue.take(ScheduledThreadPoolExecutor.java:809)
        at java.util.concurrent.ThreadPoolExecutor.getTask(ThreadPoolExecutor.java:1074)
        at java.util.concurrent.ThreadPoolExecutor.runWorker(ThreadPoolExecutor.java:1134)
        at java.util.concurrent.ThreadPoolExecutor$Worker.run(ThreadPoolExecutor.java:624)
        at java.lang.Thread.run(Thread.java:750)
"Datanode State Machine Task Thread - 0"  prio=5 tid=203 in Object.wait()
java.lang.Thread.State: WAITING (on object monitor)
        at sun.misc.Unsafe.park(Native Method)
        at java.util.concurrent.locks.LockSupport.park(LockSupport.java:175)
        at java.util.concurrent.locks.AbstractQueuedSynchronizer$ConditionObject.await(AbstractQueuedSynchronizer.java:2039)
        at java.util.concurrent.LinkedBlockingQueue.take(LinkedBlockingQueue.java:442)
        at java.util.concurrent.ThreadPoolExecutor.getTask(ThreadPoolExecutor.java:1074)
        at java.util.concurrent.ThreadPoolExecutor.runWorker(ThreadPoolExecutor.java:1134)
        at java.util.concurrent.ThreadPoolExecutor$Worker.run(ThreadPoolExecutor.java:624)
        at java.lang.Thread.run(Thread.java:750)
"Command processor thread" daemon prio=5 tid=200 timed_waiting
java.lang.Thread.State: TIMED_WAITING
        at java.lang.Thread.sleep(Native Method)
        at org.apache.hadoop.ozone.container.common.statemachine.DatanodeStateMachine.lambda$initCommandHandlerThread$3(DatanodeStateMachine.java:644)
        at org.apache.hadoop.ozone.container.common.statemachine.DatanodeStateMachine$$Lambda$784/1996133064.run(Unknown Source)
        at java.lang.Thread.run(Thread.java:750)
"pool-117-thread-1"  prio=5 tid=599 in Object.wait()
java.lang.Thread.State: WAITING (on object monitor)
        at sun.misc.Unsafe.park(Native Method)
        at java.util.concurrent.locks.LockSupport.park(LockSupport.java:175)
        at java.util.concurrent.locks.AbstractQueuedSynchronizer$ConditionObject.await(AbstractQueuedSynchronizer.java:2039)
        at java.util.concurrent.LinkedBlockingQueue.take(LinkedBlockingQueue.java:442)
        at java.util.concurrent.ThreadPoolExecutor.getTask(ThreadPoolExecutor.java:1074)
        at java.util.concurrent.ThreadPoolExecutor.runWorker(ThreadPoolExecutor.java:1134)
        at java.util.concurrent.ThreadPoolExecutor$Worker.run(ThreadPoolExecutor.java:624)
        at java.lang.Thread.run(Thread.java:750)
"qtp2040269640-368" daemon prio=5 tid=368 timed_waiting
java.lang.Thread.State: TIMED_WAITING
        at sun.misc.Unsafe.park(Native Method)
        at java.util.concurrent.locks.LockSupport.parkNanos(LockSupport.java:215)
        at java.util.concurrent.locks.AbstractQueuedSynchronizer$ConditionObject.awaitNanos(AbstractQueuedSynchronizer.java:2078)
        at org.eclipse.jetty.util.BlockingArrayQueue.poll(BlockingArrayQueue.java:382)
        at org.eclipse.jetty.util.thread.QueuedThreadPool$Runner.idleJobPoll(QueuedThreadPool.java:974)
        at org.eclipse.jetty.util.thread.QueuedThreadPool$Runner.run(QueuedThreadPool.java:1018)
        at java.lang.Thread.run(Thread.java:750)
"JvmPauseMonitor10" daemon prio=5 tid=572 timed_waiting
java.lang.Thread.State: TIMED_WAITING
        at java.lang.Thread.sleep(Native Method)
        at java.lang.Thread.sleep(Thread.java:342)
        at java.util.concurrent.TimeUnit.sleep(TimeUnit.java:386)
        at org.apache.ratis.util.TimeDuration.sleep(TimeDuration.java:325)
        at org.apache.ratis.util.TimeDuration.sleep(TimeDuration.java:310)
        at org.apache.ratis.util.JvmPauseMonitor.detectPause(JvmPauseMonitor.java:119)
        at org.apache.ratis.util.JvmPauseMonitor.run(JvmPauseMonitor.java:108)
        at org.apache.ratis.util.JvmPauseMonitor$$Lambda$734/49719830.run(Unknown Source)
        at java.lang.Thread.run(Thread.java:750)
"Datanode ReportManager Thread - 3" daemon prio=5 tid=254 in Object.wait()
java.lang.Thread.State: WAITING (on object monitor)
        at sun.misc.Unsafe.park(Native Method)
        at java.util.concurrent.locks.LockSupport.park(LockSupport.java:175)
        at java.util.concurrent.locks.AbstractQueuedSynchronizer$ConditionObject.await(AbstractQueuedSynchronizer.java:2039)
        at java.util.concurrent.ScheduledThreadPoolExecutor$DelayedWorkQueue.take(ScheduledThreadPoolExecutor.java:1088)
        at java.util.concurrent.ScheduledThreadPoolExecutor$DelayedWorkQueue.take(ScheduledThreadPoolExecutor.java:809)
        at java.util.concurrent.ThreadPoolExecutor.getTask(ThreadPoolExecutor.java:1074)
        at java.util.concurrent.ThreadPoolExecutor.runWorker(ThreadPoolExecutor.java:1134)
        at java.util.concurrent.ThreadPoolExecutor$Worker.run(ThreadPoolExecutor.java:624)
        at java.lang.Thread.run(Thread.java:750)
"qtp325536552-441-acceptor-0@2b5cb6cb-ServerConnector@320075ea{HTTP/1.1, (http/1.1)}{0.0.0.0:32959}" daemon prio=3 tid=441 runnable
java.lang.Thread.State: RUNNABLE
        at sun.nio.ch.ServerSocketChannelImpl.accept0(Native Method)
        at sun.nio.ch.ServerSocketChannelImpl.accept(ServerSocketChannelImpl.java:421)
        at sun.nio.ch.ServerSocketChannelImpl.accept(ServerSocketChannelImpl.java:249)
        at org.eclipse.jetty.server.ServerConnector.accept(ServerConnector.java:388)
        at org.eclipse.jetty.server.AbstractConnector$Acceptor.run(AbstractConnector.java:704)
        at org.eclipse.jetty.util.thread.QueuedThreadPool.runJob(QueuedThreadPool.java:883)
        at org.eclipse.jetty.util.thread.QueuedThreadPool$Runner.run(QueuedThreadPool.java:1034)
        at java.lang.Thread.run(Thread.java:750)
"Datanode ReportManager Thread - 4" daemon prio=5 tid=228 in Object.wait()
java.lang.Thread.State: WAITING (on object monitor)
        at sun.misc.Unsafe.park(Native Method)
        at java.util.concurrent.locks.LockSupport.park(LockSupport.java:175)
        at java.util.concurrent.locks.AbstractQueuedSynchronizer$ConditionObject.await(AbstractQueuedSynchronizer.java:2039)
        at java.util.concurrent.ScheduledThreadPoolExecutor$DelayedWorkQueue.take(ScheduledThreadPoolExecutor.java:1088)
        at java.util.concurrent.ScheduledThreadPoolExecutor$DelayedWorkQueue.take(ScheduledThreadPoolExecutor.java:809)
        at java.util.concurrent.ThreadPoolExecutor.getTask(ThreadPoolExecutor.java:1074)
        at java.util.concurrent.ThreadPoolExecutor.runWorker(ThreadPoolExecutor.java:1134)
        at java.util.concurrent.ThreadPoolExecutor$Worker.run(ThreadPoolExecutor.java:624)
        at java.lang.Thread.run(Thread.java:750)
"pool-133-thread-1" daemon prio=5 tid=262 timed_waiting
java.lang.Thread.State: TIMED_WAITING
        at sun.misc.Unsafe.park(Native Method)
        at java.util.concurrent.locks.LockSupport.parkNanos(LockSupport.java:215)
        at java.util.concurrent.locks.AbstractQueuedSynchronizer$ConditionObject.awaitNanos(AbstractQueuedSynchronizer.java:2078)
        at java.util.concurrent.ScheduledThreadPoolExecutor$DelayedWorkQueue.take(ScheduledThreadPoolExecutor.java:1093)
        at java.util.concurrent.ScheduledThreadPoolExecutor$DelayedWorkQueue.take(ScheduledThreadPoolExecutor.java:809)
        at java.util.concurrent.ThreadPoolExecutor.getTask(ThreadPoolExecutor.java:1074)
        at java.util.concurrent.ThreadPoolExecutor.runWorker(ThreadPoolExecutor.java:1134)
        at java.util.concurrent.ThreadPoolExecutor$Worker.run(ThreadPoolExecutor.java:624)
        at java.lang.Thread.run(Thread.java:750)
"Datanode State Machine Daemon Thread" daemon prio=5 tid=194 timed_waiting
java.lang.Thread.State: TIMED_WAITING
        at java.lang.Thread.sleep(Native Method)
        at org.apache.hadoop.ozone.container.common.statemachine.DatanodeStateMachine.startStateMachineThread(DatanodeStateMachine.java:324)
        at org.apache.hadoop.ozone.container.common.statemachine.DatanodeStateMachine.lambda$startDaemon$0(DatanodeStateMachine.java:509)
        at org.apache.hadoop.ozone.container.common.statemachine.DatanodeStateMachine$$Lambda$782/807019219.run(Unknown Source)
        at java.lang.Thread.run(Thread.java:750)
"e77b5d09-e15c-47d2-9906-1148d6692daf@group-45FEFD7BE8A3-LeaderStateImpl" daemon prio=5 tid=809 timed_waiting
java.lang.Thread.State: TIMED_WAITING
        at sun.misc.Unsafe.park(Native Method)
        at java.util.concurrent.locks.LockSupport.parkNanos(LockSupport.java:215)
        at java.util.concurrent.locks.AbstractQueuedSynchronizer$ConditionObject.awaitNanos(AbstractQueuedSynchronizer.java:2078)
        at java.util.concurrent.ArrayBlockingQueue.poll(ArrayBlockingQueue.java:418)
        at org.apache.ratis.server.impl.LeaderStateImpl$EventQueue.poll(LeaderStateImpl.java:159)
        at org.apache.ratis.server.impl.LeaderStateImpl$EventProcessor.run(LeaderStateImpl.java:630)
"qtp87717446-408" daemon prio=5 tid=408 timed_waiting
java.lang.Thread.State: TIMED_WAITING
        at sun.misc.Unsafe.park(Native Method)
        at java.util.concurrent.locks.LockSupport.parkNanos(LockSupport.java:215)
        at java.util.concurrent.locks.AbstractQueuedSynchronizer$ConditionObject.awaitNanos(AbstractQueuedSynchronizer.java:2078)
        at org.eclipse.jetty.util.BlockingArrayQueue.poll(BlockingArrayQueue.java:382)
        at org.eclipse.jetty.util.thread.QueuedThreadPool$Runner.idleJobPoll(QueuedThreadPool.java:974)
        at org.eclipse.jetty.util.thread.QueuedThreadPool$Runner.run(QueuedThreadPool.java:1018)
        at java.lang.Thread.run(Thread.java:750)
"StaleRecoveringContainerScrubbingService#3" daemon prio=5 tid=892 in Object.wait()
java.lang.Thread.State: WAITING (on object monitor)
        at sun.misc.Unsafe.park(Native Method)
        at java.util.concurrent.locks.LockSupport.park(LockSupport.java:175)
        at java.util.concurrent.locks.AbstractQueuedSynchronizer$ConditionObject.await(AbstractQueuedSynchronizer.java:2039)
        at java.util.concurrent.ScheduledThreadPoolExecutor$DelayedWorkQueue.take(ScheduledThreadPoolExecutor.java:1088)
        at java.util.concurrent.ScheduledThreadPoolExecutor$DelayedWorkQueue.take(ScheduledThreadPoolExecutor.java:809)
        at java.util.concurrent.ThreadPoolExecutor.getTask(ThreadPoolExecutor.java:1074)
        at java.util.concurrent.ThreadPoolExecutor.runWorker(ThreadPoolExecutor.java:1134)
        at java.util.concurrent.ThreadPoolExecutor$Worker.run(ThreadPoolExecutor.java:624)
        at java.lang.Thread.run(Thread.java:750)
"qtp562342489-215-acceptor-0@30d2debe-ServerConnector@17675c2f{HTTP/1.1, (http/1.1)}{0.0.0.0:46225}" daemon prio=3 tid=215 runnable
java.lang.Thread.State: RUNNABLE
        at sun.nio.ch.ServerSocketChannelImpl.accept0(Native Method)
        at sun.nio.ch.ServerSocketChannelImpl.accept(ServerSocketChannelImpl.java:421)
        at sun.nio.ch.ServerSocketChannelImpl.accept(ServerSocketChannelImpl.java:249)
        at org.eclipse.jetty.server.ServerConnector.accept(ServerConnector.java:388)
        at org.eclipse.jetty.server.AbstractConnector$Acceptor.run(AbstractConnector.java:704)
        at org.eclipse.jetty.util.thread.QueuedThreadPool.runJob(QueuedThreadPool.java:883)
        at org.eclipse.jetty.util.thread.QueuedThreadPool$Runner.run(QueuedThreadPool.java:1034)
        at java.lang.Thread.run(Thread.java:750)
"pool-307-thread-1"  prio=5 tid=484 timed_waiting
java.lang.Thread.State: TIMED_WAITING
        at sun.misc.Unsafe.park(Native Method)
        at java.util.concurrent.locks.LockSupport.parkNanos(LockSupport.java:215)
        at java.util.concurrent.locks.AbstractQueuedSynchronizer$ConditionObject.awaitNanos(AbstractQueuedSynchronizer.java:2078)
        at java.util.concurrent.ScheduledThreadPoolExecutor$DelayedWorkQueue.take(ScheduledThreadPoolExecutor.java:1093)
        at java.util.concurrent.ScheduledThreadPoolExecutor$DelayedWorkQueue.take(ScheduledThreadPoolExecutor.java:809)
        at java.util.concurrent.ThreadPoolExecutor.getTask(ThreadPoolExecutor.java:1074)
        at java.util.concurrent.ThreadPoolExecutor.runWorker(ThreadPoolExecutor.java:1134)
        at java.util.concurrent.ThreadPoolExecutor$Worker.run(ThreadPoolExecutor.java:624)
        at java.lang.Thread.run(Thread.java:750)
"StaleRecoveringContainerScrubbingService#0" daemon prio=5 tid=458 in Object.wait()
java.lang.Thread.State: WAITING (on object monitor)
        at sun.misc.Unsafe.park(Native Method)
        at java.util.concurrent.locks.LockSupport.park(LockSupport.java:175)
        at java.util.concurrent.locks.AbstractQueuedSynchronizer$ConditionObject.await(AbstractQueuedSynchronizer.java:2039)
        at java.util.concurrent.ScheduledThreadPoolExecutor$DelayedWorkQueue.take(ScheduledThreadPoolExecutor.java:1088)
        at java.util.concurrent.ScheduledThreadPoolExecutor$DelayedWorkQueue.take(ScheduledThreadPoolExecutor.java:809)
        at java.util.concurrent.ThreadPoolExecutor.getTask(ThreadPoolExecutor.java:1074)
        at java.util.concurrent.ThreadPoolExecutor.runWorker(ThreadPoolExecutor.java:1134)
        at java.util.concurrent.ThreadPoolExecutor$Worker.run(ThreadPoolExecutor.java:624)
        at java.lang.Thread.run(Thread.java:750)
"ChunkWriter-2-0" daemon prio=5 tid=414 in Object.wait()
java.lang.Thread.State: WAITING (on object monitor)
        at sun.misc.Unsafe.park(Native Method)
        at java.util.concurrent.locks.LockSupport.park(LockSupport.java:175)
        at java.util.concurrent.locks.AbstractQueuedSynchronizer$ConditionObject.await(AbstractQueuedSynchronizer.java:2039)
        at java.util.concurrent.LinkedBlockingDeque.takeFirst(LinkedBlockingDeque.java:492)
        at java.util.concurrent.LinkedBlockingDeque.take(LinkedBlockingDeque.java:680)
        at java.util.concurrent.ThreadPoolExecutor.getTask(ThreadPoolExecutor.java:1074)
        at java.util.concurrent.ThreadPoolExecutor.runWorker(ThreadPoolExecutor.java:1134)
        at java.util.concurrent.ThreadPoolExecutor$Worker.run(ThreadPoolExecutor.java:624)
        at java.lang.Thread.run(Thread.java:750)
"Datanode ReportManager Thread - 0" daemon prio=5 tid=224 in Object.wait()
java.lang.Thread.State: WAITING (on object monitor)
        at sun.misc.Unsafe.park(Native Method)
        at java.util.concurrent.locks.LockSupport.park(LockSupport.java:175)
        at java.util.concurrent.locks.AbstractQueuedSynchronizer$ConditionObject.await(AbstractQueuedSynchronizer.java:2039)
        at java.util.concurrent.ScheduledThreadPoolExecutor$DelayedWorkQueue.take(ScheduledThreadPoolExecutor.java:1088)
        at java.util.concurrent.ScheduledThreadPoolExecutor$DelayedWorkQueue.take(ScheduledThreadPoolExecutor.java:809)
        at java.util.concurrent.ThreadPoolExecutor.getTask(ThreadPoolExecutor.java:1074)
        at java.util.concurrent.ThreadPoolExecutor.runWorker(ThreadPoolExecutor.java:1134)
        at java.util.concurrent.ThreadPoolExecutor$Worker.run(ThreadPoolExecutor.java:624)
        at java.lang.Thread.run(Thread.java:750)
"StaleRecoveringContainerScrubbingService#5" daemon prio=5 tid=945 in Object.wait()
java.lang.Thread.State: WAITING (on object monitor)
        at sun.misc.Unsafe.park(Native Method)
        at java.util.concurrent.locks.LockSupport.park(LockSupport.java:175)
        at java.util.concurrent.locks.AbstractQueuedSynchronizer$ConditionObject.await(AbstractQueuedSynchronizer.java:2039)
        at java.util.concurrent.ScheduledThreadPoolExecutor$DelayedWorkQueue.take(ScheduledThreadPoolExecutor.java:1088)
        at java.util.concurrent.ScheduledThreadPoolExecutor$DelayedWorkQueue.take(ScheduledThreadPoolExecutor.java:809)
        at java.util.concurrent.ThreadPoolExecutor.getTask(ThreadPoolExecutor.java:1074)
        at java.util.concurrent.ThreadPoolExecutor.runWorker(ThreadPoolExecutor.java:1134)
        at java.util.concurrent.ThreadPoolExecutor$Worker.run(ThreadPoolExecutor.java:624)
        at java.lang.Thread.run(Thread.java:750)
"IPC Server handler 3 on default port 42667" daemon prio=5 tid=49 timed_waiting
java.lang.Thread.State: TIMED_WAITING
        at sun.misc.Unsafe.park(Native Method)
        at java.util.concurrent.locks.LockSupport.parkNanos(LockSupport.java:215)
        at java.util.concurrent.locks.AbstractQueuedSynchronizer$ConditionObject.awaitNanos(AbstractQueuedSynchronizer.java:2078)
        at java.util.concurrent.LinkedBlockingQueue.poll(LinkedBlockingQueue.java:467)
        at org.apache.hadoop.ipc.CallQueueManager.take(CallQueueManager.java:317)
        at org.apache.hadoop.ipc.Server$Handler.run(Server.java:2942)
"ChunkReader-ELG-0" daemon prio=5 tid=522 runnable
java.lang.Thread.State: RUNNABLE
        at org.apache.ratis.thirdparty.io.netty.channel.epoll.Native.epollWait(Native Method)
        at org.apache.ratis.thirdparty.io.netty.channel.epoll.Native.epollWait(Native.java:209)
        at org.apache.ratis.thirdparty.io.netty.channel.epoll.Native.epollWait(Native.java:202)
        at org.apache.ratis.thirdparty.io.netty.channel.epoll.EpollEventLoop.epollWaitNoTimerChange(EpollEventLoop.java:294)
        at org.apache.ratis.thirdparty.io.netty.channel.epoll.EpollEventLoop.run(EpollEventLoop.java:351)
        at org.apache.ratis.thirdparty.io.netty.util.concurrent.SingleThreadEventExecutor$4.run(SingleThreadEventExecutor.java:995)
        at org.apache.ratis.thirdparty.io.netty.util.internal.ThreadExecutorMap$2.run(ThreadExecutorMap.java:74)
        at java.lang.Thread.run(Thread.java:750)
"204ebb6c-eb9c-4605-8b0a-417067302917-server-thread1" daemon prio=5 tid=913 timed_waiting
java.lang.Thread.State: TIMED_WAITING
        at sun.misc.Unsafe.park(Native Method)
        at java.util.concurrent.locks.LockSupport.parkNanos(LockSupport.java:215)
        at java.util.concurrent.SynchronousQueue$TransferStack.awaitFulfill(SynchronousQueue.java:460)
        at java.util.concurrent.SynchronousQueue$TransferStack.transfer(SynchronousQueue.java:362)
        at java.util.concurrent.SynchronousQueue.poll(SynchronousQueue.java:941)
        at java.util.concurrent.ThreadPoolExecutor.getTask(ThreadPoolExecutor.java:1073)
        at java.util.concurrent.ThreadPoolExecutor.runWorker(ThreadPoolExecutor.java:1134)
        at java.util.concurrent.ThreadPoolExecutor$Worker.run(ThreadPoolExecutor.java:624)
        at java.lang.Thread.run(Thread.java:750)
"BlockDeletingService#2" daemon prio=5 tid=970 in Object.wait()
java.lang.Thread.State: WAITING (on object monitor)
        at sun.misc.Unsafe.park(Native Method)
        at java.util.concurrent.locks.LockSupport.park(LockSupport.java:175)
        at java.util.concurrent.locks.AbstractQueuedSynchronizer$ConditionObject.await(AbstractQueuedSynchronizer.java:2039)
        at java.util.concurrent.ScheduledThreadPoolExecutor$DelayedWorkQueue.take(ScheduledThreadPoolExecutor.java:1088)
        at java.util.concurrent.ScheduledThreadPoolExecutor$DelayedWorkQueue.take(ScheduledThreadPoolExecutor.java:809)
        at java.util.concurrent.ThreadPoolExecutor.getTask(ThreadPoolExecutor.java:1074)
        at java.util.concurrent.ThreadPoolExecutor.runWorker(ThreadPoolExecutor.java:1134)
        at java.util.concurrent.ThreadPoolExecutor$Worker.run(ThreadPoolExecutor.java:624)
        at java.lang.Thread.run(Thread.java:750)
"StaleRecoveringContainerScrubbingService#3" daemon prio=5 tid=881 in Object.wait()
java.lang.Thread.State: WAITING (on object monitor)
        at sun.misc.Unsafe.park(Native Method)
        at java.util.concurrent.locks.LockSupport.park(LockSupport.java:175)
        at java.util.concurrent.locks.AbstractQueuedSynchronizer$ConditionObject.await(AbstractQueuedSynchronizer.java:2039)
        at java.util.concurrent.ScheduledThreadPoolExecutor$DelayedWorkQueue.take(ScheduledThreadPoolExecutor.java:1088)
        at java.util.concurrent.ScheduledThreadPoolExecutor$DelayedWorkQueue.take(ScheduledThreadPoolExecutor.java:809)
        at java.util.concurrent.ThreadPoolExecutor.getTask(ThreadPoolExecutor.java:1074)
        at java.util.concurrent.ThreadPoolExecutor.runWorker(ThreadPoolExecutor.java:1134)
        at java.util.concurrent.ThreadPoolExecutor$Worker.run(ThreadPoolExecutor.java:624)
        at java.lang.Thread.run(Thread.java:750)
"org.apache.hadoop.util.JvmPauseMonitor$Monitor@2a2f200f" daemon prio=5 tid=468 timed_waiting
java.lang.Thread.State: TIMED_WAITING
        at java.lang.Thread.sleep(Native Method)
        at org.apache.hadoop.util.JvmPauseMonitor$Monitor.run(JvmPauseMonitor.java:192)
        at java.lang.Thread.run(Thread.java:750)
"IPC Server handler 13 on default port 35905" daemon prio=5 tid=79 timed_waiting
java.lang.Thread.State: TIMED_WAITING
        at sun.misc.Unsafe.park(Native Method)
        at java.util.concurrent.locks.LockSupport.parkNanos(LockSupport.java:215)
        at java.util.concurrent.locks.AbstractQueuedSynchronizer$ConditionObject.awaitNanos(AbstractQueuedSynchronizer.java:2078)
        at java.util.concurrent.LinkedBlockingQueue.poll(LinkedBlockingQueue.java:467)
        at org.apache.hadoop.ipc.CallQueueManager.take(CallQueueManager.java:317)
        at org.apache.hadoop.ipc.Server$Handler.run(Server.java:2942)
"ChunkWriter-2-0" daemon prio=5 tid=336 in Object.wait()
java.lang.Thread.State: WAITING (on object monitor)
        at sun.misc.Unsafe.park(Native Method)
        at java.util.concurrent.locks.LockSupport.park(LockSupport.java:175)
        at java.util.concurrent.locks.AbstractQueuedSynchronizer$ConditionObject.await(AbstractQueuedSynchronizer.java:2039)
        at java.util.concurrent.LinkedBlockingDeque.takeFirst(LinkedBlockingDeque.java:492)
        at java.util.concurrent.LinkedBlockingDeque.take(LinkedBlockingDeque.java:680)
        at java.util.concurrent.ThreadPoolExecutor.getTask(ThreadPoolExecutor.java:1074)
        at java.util.concurrent.ThreadPoolExecutor.runWorker(ThreadPoolExecutor.java:1134)
        at java.util.concurrent.ThreadPoolExecutor$Worker.run(ThreadPoolExecutor.java:624)
        at java.lang.Thread.run(Thread.java:750)
"pool-126-thread-1"  prio=5 tid=240 timed_waiting
java.lang.Thread.State: TIMED_WAITING
        at sun.misc.Unsafe.park(Native Method)
        at java.util.concurrent.locks.LockSupport.parkNanos(LockSupport.java:215)
        at java.util.concurrent.locks.AbstractQueuedSynchronizer$ConditionObject.awaitNanos(AbstractQueuedSynchronizer.java:2078)
        at java.util.concurrent.ScheduledThreadPoolExecutor$DelayedWorkQueue.take(ScheduledThreadPoolExecutor.java:1093)
        at java.util.concurrent.ScheduledThreadPoolExecutor$DelayedWorkQueue.take(ScheduledThreadPoolExecutor.java:809)
        at java.util.concurrent.ThreadPoolExecutor.getTask(ThreadPoolExecutor.java:1074)
        at java.util.concurrent.ThreadPoolExecutor.runWorker(ThreadPoolExecutor.java:1134)
        at java.util.concurrent.ThreadPoolExecutor$Worker.run(ThreadPoolExecutor.java:624)
        at java.lang.Thread.run(Thread.java:750)
"qtp325536552-446" daemon prio=5 tid=446 timed_waiting
java.lang.Thread.State: TIMED_WAITING
        at sun.misc.Unsafe.park(Native Method)
        at java.util.concurrent.locks.LockSupport.parkNanos(LockSupport.java:215)
        at java.util.concurrent.locks.AbstractQueuedSynchronizer$ConditionObject.awaitNanos(AbstractQueuedSynchronizer.java:2078)
        at org.eclipse.jetty.util.BlockingArrayQueue.poll(BlockingArrayQueue.java:382)
        at org.eclipse.jetty.util.thread.QueuedThreadPool$Runner.idleJobPoll(QueuedThreadPool.java:974)
        at org.eclipse.jetty.util.thread.QueuedThreadPool$Runner.run(QueuedThreadPool.java:1018)
        at java.lang.Thread.run(Thread.java:750)
"StaleRecoveringContainerScrubbingService#5" daemon prio=5 tid=951 in Object.wait()
java.lang.Thread.State: WAITING (on object monitor)
        at sun.misc.Unsafe.park(Native Method)
        at java.util.concurrent.locks.LockSupport.park(LockSupport.java:175)
        at java.util.concurrent.locks.AbstractQueuedSynchronizer$ConditionObject.await(AbstractQueuedSynchronizer.java:2039)
        at java.util.concurrent.ScheduledThreadPoolExecutor$DelayedWorkQueue.take(ScheduledThreadPoolExecutor.java:1088)
        at java.util.concurrent.ScheduledThreadPoolExecutor$DelayedWorkQueue.take(ScheduledThreadPoolExecutor.java:809)
        at java.util.concurrent.ThreadPoolExecutor.getTask(ThreadPoolExecutor.java:1074)
        at java.util.concurrent.ThreadPoolExecutor.runWorker(ThreadPoolExecutor.java:1134)
        at java.util.concurrent.ThreadPoolExecutor$Worker.run(ThreadPoolExecutor.java:624)
        at java.lang.Thread.run(Thread.java:750)
"37be314e-42cf-4ee9-a18e-baad7075c611@group-4B191A258550->22174ed7-3438-44c1-87a9-382e0277420a-GrpcLogAppender-LogAppenderDaemon" daemon prio=5 tid=909 timed_waiting
java.lang.Thread.State: TIMED_WAITING
        at sun.misc.Unsafe.park(Native Method)
        at java.util.concurrent.locks.LockSupport.parkNanos(LockSupport.java:215)
        at java.util.concurrent.locks.AbstractQueuedSynchronizer$ConditionObject.await(AbstractQueuedSynchronizer.java:2163)
        at org.apache.ratis.util.AwaitForSignal.await(AwaitForSignal.java:62)
        at org.apache.ratis.grpc.server.GrpcLogAppender.mayWait(GrpcLogAppender.java:198)
        at org.apache.ratis.grpc.server.GrpcLogAppender.run(GrpcLogAppender.java:148)
        at org.apache.ratis.server.leader.LogAppenderDaemon.run(LogAppenderDaemon.java:78)
        at org.apache.ratis.server.leader.LogAppenderDaemon$$Lambda$1079/1056695053.run(Unknown Source)
        at java.lang.Thread.run(Thread.java:750)
"ChunkWriter-2-0" daemon prio=5 tid=544 in Object.wait()
java.lang.Thread.State: WAITING (on object monitor)
        at sun.misc.Unsafe.park(Native Method)
        at java.util.concurrent.locks.LockSupport.park(LockSupport.java:175)
        at java.util.concurrent.locks.AbstractQueuedSynchronizer$ConditionObject.await(AbstractQueuedSynchronizer.java:2039)
        at java.util.concurrent.LinkedBlockingDeque.takeFirst(LinkedBlockingDeque.java:492)
        at java.util.concurrent.LinkedBlockingDeque.take(LinkedBlockingDeque.java:680)
        at java.util.concurrent.ThreadPoolExecutor.getTask(ThreadPoolExecutor.java:1074)
        at java.util.concurrent.ThreadPoolExecutor.runWorker(ThreadPoolExecutor.java:1134)
        at java.util.concurrent.ThreadPoolExecutor$Worker.run(ThreadPoolExecutor.java:624)
        at java.lang.Thread.run(Thread.java:750)
"EndpointStateMachine task thread for /0.0.0.0:33549 - 0 "  prio=5 tid=314 in Object.wait()
java.lang.Thread.State: WAITING (on object monitor)
        at sun.misc.Unsafe.park(Native Method)
        at java.util.concurrent.locks.LockSupport.park(LockSupport.java:175)
        at java.util.concurrent.locks.AbstractQueuedSynchronizer$ConditionObject.await(AbstractQueuedSynchronizer.java:2039)
        at java.util.concurrent.LinkedBlockingQueue.take(LinkedBlockingQueue.java:442)
        at java.util.concurrent.ThreadPoolExecutor.getTask(ThreadPoolExecutor.java:1074)
        at java.util.concurrent.ThreadPoolExecutor.runWorker(ThreadPoolExecutor.java:1134)
        at java.util.concurrent.ThreadPoolExecutor$Worker.run(ThreadPoolExecutor.java:624)
        at java.lang.Thread.run(Thread.java:750)
"StaleRecoveringContainerScrubbingService#3" daemon prio=5 tid=901 in Object.wait()
java.lang.Thread.State: WAITING (on object monitor)
        at sun.misc.Unsafe.park(Native Method)
        at java.util.concurrent.locks.LockSupport.park(LockSupport.java:175)
        at java.util.concurrent.locks.AbstractQueuedSynchronizer$ConditionObject.await(AbstractQueuedSynchronizer.java:2039)
        at java.util.concurrent.ScheduledThreadPoolExecutor$DelayedWorkQueue.take(ScheduledThreadPoolExecutor.java:1088)
        at java.util.concurrent.ScheduledThreadPoolExecutor$DelayedWorkQueue.take(ScheduledThreadPoolExecutor.java:809)
        at java.util.concurrent.ThreadPoolExecutor.getTask(ThreadPoolExecutor.java:1074)
        at java.util.concurrent.ThreadPoolExecutor.runWorker(ThreadPoolExecutor.java:1134)
        at java.util.concurrent.ThreadPoolExecutor$Worker.run(ThreadPoolExecutor.java:624)
        at java.lang.Thread.run(Thread.java:750)
"qtp371720676-327" daemon prio=5 tid=327 timed_waiting
java.lang.Thread.State: TIMED_WAITING
        at sun.misc.Unsafe.park(Native Method)
        at java.util.concurrent.locks.LockSupport.parkNanos(LockSupport.java:215)
        at java.util.concurrent.locks.AbstractQueuedSynchronizer$ConditionObject.awaitNanos(AbstractQueuedSynchronizer.java:2078)
        at org.eclipse.jetty.util.BlockingArrayQueue.poll(BlockingArrayQueue.java:382)
        at org.eclipse.jetty.util.thread.QueuedThreadPool$Runner.idleJobPoll(QueuedThreadPool.java:974)
        at org.eclipse.jetty.util.thread.QueuedThreadPool$Runner.run(QueuedThreadPool.java:1018)
        at java.lang.Thread.run(Thread.java:750)
"qtp325536552-445" daemon prio=5 tid=445 timed_waiting
java.lang.Thread.State: TIMED_WAITING
        at sun.misc.Unsafe.park(Native Method)
        at java.util.concurrent.locks.LockSupport.parkNanos(LockSupport.java:215)
        at java.util.concurrent.locks.AbstractQueuedSynchronizer$ConditionObject.awaitNanos(AbstractQueuedSynchronizer.java:2078)
        at org.eclipse.jetty.util.BlockingArrayQueue.poll(BlockingArrayQueue.java:382)
        at org.eclipse.jetty.util.thread.QueuedThreadPool$Runner.idleJobPoll(QueuedThreadPool.java:974)
        at org.eclipse.jetty.util.thread.QueuedThreadPool$Runner.run(QueuedThreadPool.java:1018)
        at java.lang.Thread.run(Thread.java:750)
"qtp1138657523-109" daemon prio=5 tid=109 runnable
java.lang.Thread.State: RUNNABLE
        at sun.nio.ch.EPollArrayWrapper.epollWait(Native Method)
        at sun.nio.ch.EPollArrayWrapper.poll(EPollArrayWrapper.java:269)
        at sun.nio.ch.EPollSelectorImpl.doSelect(EPollSelectorImpl.java:93)
        at sun.nio.ch.SelectorImpl.lockAndDoSelect(SelectorImpl.java:86)
        at sun.nio.ch.SelectorImpl.select(SelectorImpl.java:97)
        at sun.nio.ch.SelectorImpl.select(SelectorImpl.java:101)
        at org.eclipse.jetty.io.ManagedSelector.nioSelect(ManagedSelector.java:183)
        at org.eclipse.jetty.io.ManagedSelector.select(ManagedSelector.java:190)
        at org.eclipse.jetty.io.ManagedSelector$SelectorProducer.select(ManagedSelector.java:606)
        at org.eclipse.jetty.io.ManagedSelector$SelectorProducer.produce(ManagedSelector.java:543)
        at org.eclipse.jetty.util.thread.strategy.EatWhatYouKill.produceTask(EatWhatYouKill.java:362)
        at org.eclipse.jetty.util.thread.strategy.EatWhatYouKill.doProduce(EatWhatYouKill.java:186)
        at org.eclipse.jetty.util.thread.strategy.EatWhatYouKill.tryProduce(EatWhatYouKill.java:173)
        at org.eclipse.jetty.util.thread.strategy.EatWhatYouKill.produce(EatWhatYouKill.java:137)
        at org.eclipse.jetty.io.ManagedSelector$$Lambda$453/347035587.run(Unknown Source)
        at org.eclipse.jetty.util.thread.QueuedThreadPool.runJob(QueuedThreadPool.java:883)
        at org.eclipse.jetty.util.thread.QueuedThreadPool$Runner.run(QueuedThreadPool.java:1034)
        at java.lang.Thread.run(Thread.java:750)
"Listener at 127.0.0.1/33951"  prio=5 tid=1 runnable
java.lang.Thread.State: RUNNABLE
        at java.lang.Thread.dumpThreads(Native Method)
        at java.lang.Thread.getAllStackTraces(Thread.java:1615)
        at org.apache.ozone.test.TimedOutTestsListener.buildThreadDump(TimedOutTestsListener.java:93)
        at org.apache.ozone.test.TimedOutTestsListener.buildThreadDiagnosticString(TimedOutTestsListener.java:79)
        at org.apache.ozone.test.GenericTestUtils.waitFor(GenericTestUtils.java:231)
        at org.apache.hadoop.ozone.container.TestECContainerRecovery.waitForContainerCount(TestECContainerRecovery.java:387)
        at org.apache.hadoop.ozone.container.TestECContainerRecovery.testContainerRecoveryOverReplicationProcessing(TestECContainerRecovery.java:238)
        at sun.reflect.NativeMethodAccessorImpl.invoke0(Native Method)
        at sun.reflect.NativeMethodAccessorImpl.invoke(NativeMethodAccessorImpl.java:62)
        at sun.reflect.DelegatingMethodAccessorImpl.invoke(DelegatingMethodAccessorImpl.java:43)
        at java.lang.reflect.Method.invoke(Method.java:498)
        at org.junit.platform.commons.util.ReflectionUtils.invokeMethod(ReflectionUtils.java:725)
        at org.junit.jupiter.engine.execution.MethodInvocation.proceed(MethodInvocation.java:60)
        at org.junit.jupiter.engine.execution.InvocationInterceptorChain$ValidatingInvocation.proceed(InvocationInterceptorChain.java:131)
        at org.junit.jupiter.engine.extension.TimeoutExtension.intercept(TimeoutExtension.java:149)
        at org.junit.jupiter.engine.extension.TimeoutExtension.interceptTestableMethod(TimeoutExtension.java:140)
        at org.junit.jupiter.engine.extension.TimeoutExtension.interceptTestMethod(TimeoutExtension.java:84)
        at org.junit.jupiter.engine.descriptor.TestMethodTestDescriptor$$Lambda$158/1231799381.apply(Unknown Source)
        at org.junit.jupiter.engine.execution.ExecutableInvoker$ReflectiveInterceptorCall.lambda$ofVoidMethod$0(ExecutableInvoker.java:115)
        at org.junit.jupiter.engine.execution.ExecutableInvoker$ReflectiveInterceptorCall$$Lambda$159/611520720.apply(Unknown Source)
        at org.junit.jupiter.engine.execution.ExecutableInvoker.lambda$invoke$0(ExecutableInvoker.java:105)
        at org.junit.jupiter.engine.execution.ExecutableInvoker$$Lambda$323/1676605578.apply(Unknown Source)
        at org.junit.jupiter.engine.execution.InvocationInterceptorChain$InterceptedInvocation.proceed(InvocationInterceptorChain.java:106)
        at org.junit.jupiter.engine.execution.InvocationInterceptorChain.proceed(InvocationInterceptorChain.java:64)
        at org.junit.jupiter.engine.execution.InvocationInterceptorChain.chainAndInvoke(InvocationInterceptorChain.java:45)
        at org.junit.jupiter.engine.execution.InvocationInterceptorChain.invoke(InvocationInterceptorChain.java:37)
        at org.junit.jupiter.engine.execution.ExecutableInvoker.invoke(ExecutableInvoker.java:104)
        at org.junit.jupiter.engine.execution.ExecutableInvoker.invoke(ExecutableInvoker.java:98)
        at org.junit.jupiter.engine.descriptor.TestMethodTestDescriptor.lambda$invokeTestMethod$7(TestMethodTestDescriptor.java:214)
        at org.junit.jupiter.engine.descriptor.TestMethodTestDescriptor$$Lambda$1212/1797213107.execute(Unknown Source)
        at org.junit.platform.engine.support.hierarchical.ThrowableCollector.execute(ThrowableCollector.java:73)
        at org.junit.jupiter.engine.descriptor.TestMethodTestDescriptor.invokeTestMethod(TestMethodTestDescriptor.java:210)
        at org.junit.jupiter.engine.descriptor.TestMethodTestDescriptor.execute(TestMethodTestDescriptor.java:135)
        at org.junit.jupiter.engine.descriptor.TestMethodTestDescriptor.execute(TestMethodTestDescriptor.java:66)
        at org.junit.platform.engine.support.hierarchical.NodeTestTask.lambda$executeRecursively$6(NodeTestTask.java:151)
        at org.junit.platform.engine.support.hierarchical.NodeTestTask$$Lambda$267/288379405.execute(Unknown Source)
        at org.junit.platform.engine.support.hierarchical.ThrowableCollector.execute(ThrowableCollector.java:73)
        at org.junit.platform.engine.support.hierarchical.NodeTestTask.lambda$executeRecursively$8(NodeTestTask.java:141)
        at org.junit.platform.engine.support.hierarchical.NodeTestTask$$Lambda$266/693958407.invoke(Unknown Source)
        at org.junit.platform.engine.support.hierarchical.Node.around(Node.java:137)
        at org.junit.platform.engine.support.hierarchical.NodeTestTask.lambda$executeRecursively$9(NodeTestTask.java:139)
        at org.junit.platform.engine.support.hierarchical.NodeTestTask$$Lambda$265/892335322.execute(Unknown Source)
        at org.junit.platform.engine.support.hierarchical.ThrowableCollector.execute(ThrowableCollector.java:73)
        at org.junit.platform.engine.support.hierarchical.NodeTestTask.executeRecursively(NodeTestTask.java:138)
        at org.junit.platform.engine.support.hierarchical.NodeTestTask.execute(NodeTestTask.java:95)
        at org.junit.platform.engine.support.hierarchical.SameThreadHierarchicalTestExecutorService$$Lambda$271/1696263571.accept(Unknown Source)
        at java.util.ArrayList.forEach(ArrayList.java:1259)
        at org.junit.platform.engine.support.hierarchical.SameThreadHierarchicalTestExecutorService.invokeAll(SameThreadHierarchicalTestExecutorService.java:41)
        at org.junit.platform.engine.support.hierarchical.NodeTestTask.lambda$executeRecursively$6(NodeTestTask.java:155)
        at org.junit.platform.engine.support.hierarchical.NodeTestTask$$Lambda$267/288379405.execute(Unknown Source)
        at org.junit.platform.engine.support.hierarchical.ThrowableCollector.execute(ThrowableCollector.java:73)
        at org.junit.platform.engine.support.hierarchical.NodeTestTask.lambda$executeRecursively$8(NodeTestTask.java:141)
        at org.junit.platform.engine.support.hierarchical.NodeTestTask$$Lambda$266/693958407.invoke(Unknown Source)
        at org.junit.platform.engine.support.hierarchical.Node.around(Node.java:137)
        at org.junit.platform.engine.support.hierarchical.NodeTestTask.lambda$executeRecursively$9(NodeTestTask.java:139)
        at org.junit.platform.engine.support.hierarchical.NodeTestTask$$Lambda$265/892335322.execute(Unknown Source)
        at org.junit.platform.engine.support.hierarchical.ThrowableCollector.execute(ThrowableCollector.java:73)
        at org.junit.platform.engine.support.hierarchical.NodeTestTask.executeRecursively(NodeTestTask.java:138)
        at org.junit.platform.engine.support.hierarchical.NodeTestTask.execute(NodeTestTask.java:95)
        at org.junit.platform.engine.support.hierarchical.SameThreadHierarchicalTestExecutorService$$Lambda$271/1696263571.accept(Unknown Source)
        at java.util.ArrayList.forEach(ArrayList.java:1259)
        at org.junit.platform.engine.support.hierarchical.SameThreadHierarchicalTestExecutorService.invokeAll(SameThreadHierarchicalTestExecutorService.java:41)
        at org.junit.platform.engine.support.hierarchical.NodeTestTask.lambda$executeRecursively$6(NodeTestTask.java:155)
        at org.junit.platform.engine.support.hierarchical.NodeTestTask$$Lambda$267/288379405.execute(Unknown Source)
        at org.junit.platform.engine.support.hierarchical.ThrowableCollector.execute(ThrowableCollector.java:73)
        at org.junit.platform.engine.support.hierarchical.NodeTestTask.lambda$executeRecursively$8(NodeTestTask.java:141)
        at org.junit.platform.engine.support.hierarchical.NodeTestTask$$Lambda$266/693958407.invoke(Unknown Source)
        at org.junit.platform.engine.support.hierarchical.Node.around(Node.java:137)
        at org.junit.platform.engine.support.hierarchical.NodeTestTask.lambda$executeRecursively$9(NodeTestTask.java:139)
        at org.junit.platform.engine.support.hierarchical.NodeTestTask$$Lambda$265/892335322.execute(Unknown Source)
        at org.junit.platform.engine.support.hierarchical.ThrowableCollector.execute(ThrowableCollector.java:73)
        at org.junit.platform.engine.support.hierarchical.NodeTestTask.executeRecursively(NodeTestTask.java:138)
        at org.junit.platform.engine.support.hierarchical.NodeTestTask.execute(NodeTestTask.java:95)
        at org.junit.platform.engine.support.hierarchical.SameThreadHierarchicalTestExecutorService.submit(SameThreadHierarchicalTestExecutorService.java:35)
        at org.junit.platform.engine.support.hierarchical.HierarchicalTestExecutor.execute(HierarchicalTestExecutor.java:57)
        at org.junit.platform.engine.support.hierarchical.HierarchicalTestEngine.execute(HierarchicalTestEngine.java:54)
        at org.junit.platform.launcher.core.EngineExecutionOrchestrator.execute(EngineExecutionOrchestrator.java:107)
        at org.junit.platform.launcher.core.EngineExecutionOrchestrator.execute(EngineExecutionOrchestrator.java:88)
        at org.junit.platform.launcher.core.EngineExecutionOrchestrator.lambda$execute$0(EngineExecutionOrchestrator.java:54)
        at org.junit.platform.launcher.core.EngineExecutionOrchestrator$$Lambda$223/613784740.accept(Unknown Source)
        at org.junit.platform.launcher.core.EngineExecutionOrchestrator.withInterceptedStreams(EngineExecutionOrchestrator.java:67)
        at org.junit.platform.launcher.core.EngineExecutionOrchestrator.execute(EngineExecutionOrchestrator.java:52)
        at org.junit.platform.launcher.core.DefaultLauncher.execute(DefaultLauncher.java:114)
        at org.junit.platform.launcher.core.DefaultLauncher.execute(DefaultLauncher.java:86)
        at org.junit.platform.launcher.core.DefaultLauncherSession$DelegatingLauncher.execute(DefaultLauncherSession.java:86)
        at org.junit.platform.launcher.core.SessionPerRequestLauncher.execute(SessionPerRequestLauncher.java:53)
        at org.apache.maven.surefire.junitplatform.JUnitPlatformProvider.execute(JUnitPlatformProvider.java:188)
        at org.apache.maven.surefire.junitplatform.JUnitPlatformProvider.invokeAllTests(JUnitPlatformProvider.java:154)
        at org.apache.maven.surefire.junitplatform.JUnitPlatformProvider.invoke(JUnitPlatformProvider.java:124)
        at org.apache.maven.surefire.booter.ForkedBooter.runSuitesInProcess(ForkedBooter.java:428)
        at org.apache.maven.surefire.booter.ForkedBooter.execute(ForkedBooter.java:162)
        at org.apache.maven.surefire.booter.ForkedBooter.run(ForkedBooter.java:562)
        at org.apache.maven.surefire.booter.ForkedBooter.main(ForkedBooter.java:548)
"d09c218f-b416-45d6-bb77-0144cdedc1ff@group-AE8453F49D0B-LeaderStateImpl" daemon prio=5 tid=934 timed_waiting
java.lang.Thread.State: TIMED_WAITING
        at sun.misc.Unsafe.park(Native Method)
        at java.util.concurrent.locks.LockSupport.parkNanos(LockSupport.java:215)
        at java.util.concurrent.locks.AbstractQueuedSynchronizer$ConditionObject.awaitNanos(AbstractQueuedSynchronizer.java:2078)
        at java.util.concurrent.ArrayBlockingQueue.poll(ArrayBlockingQueue.java:418)
        at org.apache.ratis.server.impl.LeaderStateImpl$EventQueue.poll(LeaderStateImpl.java:159)
        at org.apache.ratis.server.impl.LeaderStateImpl$EventProcessor.run(LeaderStateImpl.java:630)
"StaleRecoveringContainerScrubbingService#4" daemon prio=5 tid=923 in Object.wait()
java.lang.Thread.State: WAITING (on object monitor)
        at sun.misc.Unsafe.park(Native Method)
        at java.util.concurrent.locks.LockSupport.park(LockSupport.java:175)
        at java.util.concurrent.locks.AbstractQueuedSynchronizer$ConditionObject.await(AbstractQueuedSynchronizer.java:2039)
        at java.util.concurrent.ScheduledThreadPoolExecutor$DelayedWorkQueue.take(ScheduledThreadPoolExecutor.java:1088)
        at java.util.concurrent.ScheduledThreadPoolExecutor$DelayedWorkQueue.take(ScheduledThreadPoolExecutor.java:809)
        at java.util.concurrent.ThreadPoolExecutor.getTask(ThreadPoolExecutor.java:1074)
        at java.util.concurrent.ThreadPoolExecutor.runWorker(ThreadPoolExecutor.java:1134)
        at java.util.concurrent.ThreadPoolExecutor$Worker.run(ThreadPoolExecutor.java:624)
        at java.lang.Thread.run(Thread.java:750)
"org.apache.hadoop.ozone.container.common.statemachine.commandhandler.DeleteBlocksCommandHandler$DeleteCmdWorker@6f6bc1e0" daemon prio=5 tid=360 timed_waiting
java.lang.Thread.State: TIMED_WAITING
        at java.lang.Thread.sleep(Native Method)
        at org.apache.hadoop.ozone.container.common.statemachine.commandhandler.DeleteBlocksCommandHandler$DeleteCmdWorker.run(DeleteBlocksCommandHandler.java:184)
        at java.lang.Thread.run(Thread.java:750)
"IPC Server handler 11 on default port 33951" daemon prio=5 tid=165 timed_waiting
java.lang.Thread.State: TIMED_WAITING
        at sun.misc.Unsafe.park(Native Method)
        at java.util.concurrent.locks.LockSupport.parkNanos(LockSupport.java:215)
        at java.util.concurrent.locks.AbstractQueuedSynchronizer$ConditionObject.awaitNanos(AbstractQueuedSynchronizer.java:2078)
        at java.util.concurrent.LinkedBlockingQueue.poll(LinkedBlockingQueue.java:467)
        at org.apache.hadoop.ipc.CallQueueManager.take(CallQueueManager.java:317)
        at org.apache.hadoop.ipc.Server$Handler.run(Server.java:2942)
"qtp371720676-330" daemon prio=5 tid=330 timed_waiting
java.lang.Thread.State: TIMED_WAITING
        at sun.misc.Unsafe.park(Native Method)
        at java.util.concurrent.locks.LockSupport.parkNanos(LockSupport.java:215)
        at java.util.concurrent.locks.AbstractQueuedSynchronizer$ConditionObject.awaitNanos(AbstractQueuedSynchronizer.java:2078)
        at org.eclipse.jetty.util.BlockingArrayQueue.poll(BlockingArrayQueue.java:382)
        at org.eclipse.jetty.util.thread.QueuedThreadPool$Runner.idleJobPoll(QueuedThreadPool.java:974)
        at org.eclipse.jetty.util.thread.QueuedThreadPool$Runner.run(QueuedThreadPool.java:1018)
        at java.lang.Thread.run(Thread.java:750)
"StaleRecoveringContainerScrubbingService#6" daemon prio=5 tid=960 in Object.wait()
java.lang.Thread.State: WAITING (on object monitor)
        at sun.misc.Unsafe.park(Native Method)
        at java.util.concurrent.locks.LockSupport.park(LockSupport.java:175)
        at java.util.concurrent.locks.AbstractQueuedSynchronizer$ConditionObject.await(AbstractQueuedSynchronizer.java:2039)
        at java.util.concurrent.ScheduledThreadPoolExecutor$DelayedWorkQueue.take(ScheduledThreadPoolExecutor.java:1088)
        at java.util.concurrent.ScheduledThreadPoolExecutor$DelayedWorkQueue.take(ScheduledThreadPoolExecutor.java:809)
        at java.util.concurrent.ThreadPoolExecutor.getTask(ThreadPoolExecutor.java:1074)
        at java.util.concurrent.ThreadPoolExecutor.runWorker(ThreadPoolExecutor.java:1134)
        at java.util.concurrent.ThreadPoolExecutor$Worker.run(ThreadPoolExecutor.java:624)
        at java.lang.Thread.run(Thread.java:750)
"e77b5d09-e15c-47d2-9906-1148d6692daf@group-C5ECEF351ECF->51369307-b0de-40aa-9d6f-41f84e1cecb7-GrpcLogAppender-LogAppenderDaemon" daemon prio=5 tid=781 timed_waiting
java.lang.Thread.State: TIMED_WAITING
        at sun.misc.Unsafe.park(Native Method)
        at java.util.concurrent.locks.LockSupport.parkNanos(LockSupport.java:215)
        at java.util.concurrent.locks.AbstractQueuedSynchronizer$ConditionObject.await(AbstractQueuedSynchronizer.java:2163)
        at org.apache.ratis.util.AwaitForSignal.await(AwaitForSignal.java:62)
        at org.apache.ratis.grpc.server.GrpcLogAppender.mayWait(GrpcLogAppender.java:198)
        at org.apache.ratis.grpc.server.GrpcLogAppender.run(GrpcLogAppender.java:148)
        at org.apache.ratis.server.leader.LogAppenderDaemon.run(LogAppenderDaemon.java:78)
        at org.apache.ratis.server.leader.LogAppenderDaemon$$Lambda$1079/1056695053.run(Unknown Source)
        at java.lang.Thread.run(Thread.java:750)
"IPC Server handler 4 on default port 42667" daemon prio=5 tid=50 timed_waiting
java.lang.Thread.State: TIMED_WAITING
        at sun.misc.Unsafe.park(Native Method)
        at java.util.concurrent.locks.LockSupport.parkNanos(LockSupport.java:215)
        at java.util.concurrent.locks.AbstractQueuedSynchronizer$ConditionObject.awaitNanos(AbstractQueuedSynchronizer.java:2078)
        at java.util.concurrent.LinkedBlockingQueue.poll(LinkedBlockingQueue.java:467)
        at org.apache.hadoop.ipc.CallQueueManager.take(CallQueueManager.java:317)
        at org.apache.hadoop.ipc.Server$Handler.run(Server.java:2942)
"grpc-default-executor-4" daemon prio=5 tid=726 timed_waiting
java.lang.Thread.State: TIMED_WAITING
        at sun.misc.Unsafe.park(Native Method)
        at java.util.concurrent.locks.LockSupport.parkNanos(LockSupport.java:215)
        at java.util.concurrent.SynchronousQueue$TransferStack.awaitFulfill(SynchronousQueue.java:460)
        at java.util.concurrent.SynchronousQueue$TransferStack.transfer(SynchronousQueue.java:362)
        at java.util.concurrent.SynchronousQueue.poll(SynchronousQueue.java:941)
        at java.util.concurrent.ThreadPoolExecutor.getTask(ThreadPoolExecutor.java:1073)
        at java.util.concurrent.ThreadPoolExecutor.runWorker(ThreadPoolExecutor.java:1134)
        at java.util.concurrent.ThreadPoolExecutor$Worker.run(ThreadPoolExecutor.java:624)
        at java.lang.Thread.run(Thread.java:750)
"pool-87-thread-1" daemon prio=5 tid=208 timed_waiting
java.lang.Thread.State: TIMED_WAITING
        at sun.misc.Unsafe.park(Native Method)
        at java.util.concurrent.locks.LockSupport.parkNanos(LockSupport.java:215)
        at java.util.concurrent.locks.AbstractQueuedSynchronizer$ConditionObject.awaitNanos(AbstractQueuedSynchronizer.java:2078)
        at java.util.concurrent.ScheduledThreadPoolExecutor$DelayedWorkQueue.take(ScheduledThreadPoolExecutor.java:1093)
        at java.util.concurrent.ScheduledThreadPoolExecutor$DelayedWorkQueue.take(ScheduledThreadPoolExecutor.java:809)
        at java.util.concurrent.ThreadPoolExecutor.getTask(ThreadPoolExecutor.java:1074)
        at java.util.concurrent.ThreadPoolExecutor.runWorker(ThreadPoolExecutor.java:1134)
        at java.util.concurrent.ThreadPoolExecutor$Worker.run(ThreadPoolExecutor.java:624)
        at java.lang.Thread.run(Thread.java:750)
"StaleRecoveringContainerScrubbingService#0" daemon prio=5 tid=561 in Object.wait()
java.lang.Thread.State: WAITING (on object monitor)
        at sun.misc.Unsafe.park(Native Method)
        at java.util.concurrent.locks.LockSupport.park(LockSupport.java:175)
        at java.util.concurrent.locks.AbstractQueuedSynchronizer$ConditionObject.await(AbstractQueuedSynchronizer.java:2039)
        at java.util.concurrent.ScheduledThreadPoolExecutor$DelayedWorkQueue.take(ScheduledThreadPoolExecutor.java:1088)
        at java.util.concurrent.ScheduledThreadPoolExecutor$DelayedWorkQueue.take(ScheduledThreadPoolExecutor.java:809)
        at java.util.concurrent.ThreadPoolExecutor.getTask(ThreadPoolExecutor.java:1074)
        at java.util.concurrent.ThreadPoolExecutor.runWorker(ThreadPoolExecutor.java:1134)
        at java.util.concurrent.ThreadPoolExecutor$Worker.run(ThreadPoolExecutor.java:624)
        at java.lang.Thread.run(Thread.java:750)
"pool-249-thread-1"  prio=5 tid=400 timed_waiting
java.lang.Thread.State: TIMED_WAITING
        at sun.misc.Unsafe.park(Native Method)
        at java.util.concurrent.locks.LockSupport.parkNanos(LockSupport.java:215)
        at java.util.concurrent.locks.AbstractQueuedSynchronizer$ConditionObject.awaitNanos(AbstractQueuedSynchronizer.java:2078)
        at java.util.concurrent.ScheduledThreadPoolExecutor$DelayedWorkQueue.take(ScheduledThreadPoolExecutor.java:1093)
        at java.util.concurrent.ScheduledThreadPoolExecutor$DelayedWorkQueue.take(ScheduledThreadPoolExecutor.java:809)
        at java.util.concurrent.ThreadPoolExecutor.getTask(ThreadPoolExecutor.java:1074)
        at java.util.concurrent.ThreadPoolExecutor.runWorker(ThreadPoolExecutor.java:1134)
        at java.util.concurrent.ThreadPoolExecutor$Worker.run(ThreadPoolExecutor.java:624)
        at java.lang.Thread.run(Thread.java:750)
"qtp253998981-190" daemon prio=5 tid=190 timed_waiting
java.lang.Thread.State: TIMED_WAITING
        at sun.misc.Unsafe.park(Native Method)
        at java.util.concurrent.locks.LockSupport.parkNanos(LockSupport.java:215)
        at java.util.concurrent.locks.AbstractQueuedSynchronizer$ConditionObject.awaitNanos(AbstractQueuedSynchronizer.java:2078)
        at org.eclipse.jetty.util.BlockingArrayQueue.poll(BlockingArrayQueue.java:382)
        at org.eclipse.jetty.util.thread.QueuedThreadPool$Runner.idleJobPoll(QueuedThreadPool.java:974)
        at org.eclipse.jetty.util.thread.QueuedThreadPool$Runner.run(QueuedThreadPool.java:1018)
        at java.lang.Thread.run(Thread.java:750)
"51369307-b0de-40aa-9d6f-41f84e1cecb7-server-thread2" daemon prio=5 tid=940 timed_waiting
java.lang.Thread.State: TIMED_WAITING
        at sun.misc.Unsafe.park(Native Method)
        at java.util.concurrent.locks.LockSupport.parkNanos(LockSupport.java:215)
        at java.util.concurrent.SynchronousQueue$TransferStack.awaitFulfill(SynchronousQueue.java:460)
        at java.util.concurrent.SynchronousQueue$TransferStack.transfer(SynchronousQueue.java:362)
        at java.util.concurrent.SynchronousQueue.poll(SynchronousQueue.java:941)
        at java.util.concurrent.ThreadPoolExecutor.getTask(ThreadPoolExecutor.java:1073)
        at java.util.concurrent.ThreadPoolExecutor.runWorker(ThreadPoolExecutor.java:1134)
        at java.util.concurrent.ThreadPoolExecutor$Worker.run(ThreadPoolExecutor.java:624)
        at java.lang.Thread.run(Thread.java:750)
"Datanode State Machine Task Thread - 1"  prio=5 tid=528 in Object.wait()
java.lang.Thread.State: WAITING (on object monitor)
        at sun.misc.Unsafe.park(Native Method)
        at java.util.concurrent.locks.LockSupport.park(LockSupport.java:175)
        at java.util.concurrent.locks.AbstractQueuedSynchronizer$ConditionObject.await(AbstractQueuedSynchronizer.java:2039)
        at java.util.concurrent.LinkedBlockingQueue.take(LinkedBlockingQueue.java:442)
        at java.util.concurrent.ThreadPoolExecutor.getTask(ThreadPoolExecutor.java:1074)
        at java.util.concurrent.ThreadPoolExecutor.runWorker(ThreadPoolExecutor.java:1134)
        at java.util.concurrent.ThreadPoolExecutor$Worker.run(ThreadPoolExecutor.java:624)
        at java.lang.Thread.run(Thread.java:750)
"qtp1825348545-273" daemon prio=5 tid=273 timed_waiting
java.lang.Thread.State: TIMED_WAITING
        at sun.misc.Unsafe.park(Native Method)
        at java.util.concurrent.locks.LockSupport.parkNanos(LockSupport.java:215)
        at java.util.concurrent.locks.AbstractQueuedSynchronizer$ConditionObject.awaitNanos(AbstractQueuedSynchronizer.java:2078)
        at org.eclipse.jetty.util.BlockingArrayQueue.poll(BlockingArrayQueue.java:382)
        at org.eclipse.jetty.util.thread.QueuedThreadPool$Runner.idleJobPoll(QueuedThreadPool.java:974)
        at org.eclipse.jetty.util.thread.QueuedThreadPool$Runner.run(QueuedThreadPool.java:1018)
        at java.lang.Thread.run(Thread.java:750)
"IPC Server handler 15 on default port 35905" daemon prio=5 tid=81 timed_waiting
java.lang.Thread.State: TIMED_WAITING
        at sun.misc.Unsafe.park(Native Method)
        at java.util.concurrent.locks.LockSupport.parkNanos(LockSupport.java:215)
        at java.util.concurrent.locks.AbstractQueuedSynchronizer$ConditionObject.awaitNanos(AbstractQueuedSynchronizer.java:2078)
        at java.util.concurrent.LinkedBlockingQueue.poll(LinkedBlockingQueue.java:467)
        at org.apache.hadoop.ipc.CallQueueManager.take(CallQueueManager.java:317)
        at org.apache.hadoop.ipc.Server$Handler.run(Server.java:2942)
"ChunkReader-3" daemon prio=5 tid=826 in Object.wait()
java.lang.Thread.State: WAITING (on object monitor)
        at sun.misc.Unsafe.park(Native Method)
        at java.util.concurrent.locks.LockSupport.park(LockSupport.java:175)
        at java.util.concurrent.locks.AbstractQueuedSynchronizer$ConditionObject.await(AbstractQueuedSynchronizer.java:2039)
        at java.util.concurrent.LinkedBlockingQueue.take(LinkedBlockingQueue.java:442)
        at java.util.concurrent.ThreadPoolExecutor.getTask(ThreadPoolExecutor.java:1074)
        at java.util.concurrent.ThreadPoolExecutor.runWorker(ThreadPoolExecutor.java:1134)
        at java.util.concurrent.ThreadPoolExecutor$Worker.run(ThreadPoolExecutor.java:624)
        at java.lang.Thread.run(Thread.java:750)
"org.apache.hadoop.util.JvmPauseMonitor$Monitor@75835870" daemon prio=5 tid=513 timed_waiting
java.lang.Thread.State: TIMED_WAITING
        at java.lang.Thread.sleep(Native Method)
        at org.apache.hadoop.util.JvmPauseMonitor$Monitor.run(JvmPauseMonitor.java:192)
        at java.lang.Thread.run(Thread.java:750)
"StaleRecoveringContainerScrubbingService#1" daemon prio=5 tid=525 in Object.wait()
java.lang.Thread.State: WAITING (on object monitor)
        at sun.misc.Unsafe.park(Native Method)
        at java.util.concurrent.locks.LockSupport.park(LockSupport.java:175)
        at java.util.concurrent.locks.AbstractQueuedSynchronizer$ConditionObject.await(AbstractQueuedSynchronizer.java:2039)
        at java.util.concurrent.ScheduledThreadPoolExecutor$DelayedWorkQueue.take(ScheduledThreadPoolExecutor.java:1088)
        at java.util.concurrent.ScheduledThreadPoolExecutor$DelayedWorkQueue.take(ScheduledThreadPoolExecutor.java:809)
        at java.util.concurrent.ThreadPoolExecutor.getTask(ThreadPoolExecutor.java:1074)
        at java.util.concurrent.ThreadPoolExecutor.runWorker(ThreadPoolExecutor.java:1134)
        at java.util.concurrent.ThreadPoolExecutor$Worker.run(ThreadPoolExecutor.java:624)
        at java.lang.Thread.run(Thread.java:750)
"ChunkWriter-3-0" daemon prio=5 tid=415 in Object.wait()
java.lang.Thread.State: WAITING (on object monitor)
        at sun.misc.Unsafe.park(Native Method)
        at java.util.concurrent.locks.LockSupport.park(LockSupport.java:175)
        at java.util.concurrent.locks.AbstractQueuedSynchronizer$ConditionObject.await(AbstractQueuedSynchronizer.java:2039)
        at java.util.concurrent.LinkedBlockingDeque.takeFirst(LinkedBlockingDeque.java:492)
        at java.util.concurrent.LinkedBlockingDeque.take(LinkedBlockingDeque.java:680)
        at java.util.concurrent.ThreadPoolExecutor.getTask(ThreadPoolExecutor.java:1074)
        at java.util.concurrent.ThreadPoolExecutor.runWorker(ThreadPoolExecutor.java:1134)
        at java.util.concurrent.ThreadPoolExecutor$Worker.run(ThreadPoolExecutor.java:624)
        at java.lang.Thread.run(Thread.java:750)
"11dbea26-f97e-4766-b357-e6f8c74d2a9f@group-BF7384A7D9B8-StateMachineUpdater" daemon prio=5 tid=698 timed_waiting
java.lang.Thread.State: TIMED_WAITING
        at sun.misc.Unsafe.park(Native Method)
        at java.util.concurrent.locks.LockSupport.parkNanos(LockSupport.java:215)
        at java.util.concurrent.locks.AbstractQueuedSynchronizer$ConditionObject.await(AbstractQueuedSynchronizer.java:2163)
        at org.apache.ratis.util.AwaitForSignal.await(AwaitForSignal.java:62)
        at org.apache.ratis.server.impl.StateMachineUpdater.waitForCommit(StateMachineUpdater.java:207)
        at org.apache.ratis.server.impl.StateMachineUpdater.run(StateMachineUpdater.java:176)
        at java.lang.Thread.run(Thread.java:750)
"JvmPauseMonitor4" daemon prio=5 tid=455 timed_waiting
java.lang.Thread.State: TIMED_WAITING
        at java.lang.Thread.sleep(Native Method)
        at java.lang.Thread.sleep(Thread.java:342)
        at java.util.concurrent.TimeUnit.sleep(TimeUnit.java:386)
        at org.apache.ratis.util.TimeDuration.sleep(TimeDuration.java:325)
        at org.apache.ratis.util.TimeDuration.sleep(TimeDuration.java:310)
        at org.apache.ratis.util.JvmPauseMonitor.detectPause(JvmPauseMonitor.java:119)
        at org.apache.ratis.util.JvmPauseMonitor.run(JvmPauseMonitor.java:108)
        at org.apache.ratis.util.JvmPauseMonitor$$Lambda$734/49719830.run(Unknown Source)
        at java.lang.Thread.run(Thread.java:750)
"BackgroundPipelineScrubberThread" daemon prio=5 tid=16 timed_waiting
java.lang.Thread.State: TIMED_WAITING
        at java.lang.Object.wait(Native Method)
        at org.apache.hadoop.hdds.scm.ha.BackgroundSCMService.run(BackgroundSCMService.java:110)
        at org.apache.hadoop.hdds.scm.ha.BackgroundSCMService$$Lambda$383/1880959833.run(Unknown Source)
        at java.lang.Thread.run(Thread.java:750)
"IPC Server handler 0 on default port 35905" daemon prio=5 tid=66 timed_waiting
java.lang.Thread.State: TIMED_WAITING
        at sun.misc.Unsafe.park(Native Method)
        at java.util.concurrent.locks.LockSupport.parkNanos(LockSupport.java:215)
        at java.util.concurrent.locks.AbstractQueuedSynchronizer$ConditionObject.awaitNanos(AbstractQueuedSynchronizer.java:2078)
        at java.util.concurrent.LinkedBlockingQueue.poll(LinkedBlockingQueue.java:467)
        at org.apache.hadoop.ipc.CallQueueManager.take(CallQueueManager.java:317)
        at org.apache.hadoop.ipc.Server$Handler.run(Server.java:2942)
"37be314e-42cf-4ee9-a18e-baad7075c611@group-75780AEF7A1B-StateMachineUpdater" daemon prio=5 tid=621 timed_waiting
java.lang.Thread.State: TIMED_WAITING
        at sun.misc.Unsafe.park(Native Method)
        at java.util.concurrent.locks.LockSupport.parkNanos(LockSupport.java:215)
        at java.util.concurrent.locks.AbstractQueuedSynchronizer$ConditionObject.await(AbstractQueuedSynchronizer.java:2163)
        at org.apache.ratis.util.AwaitForSignal.await(AwaitForSignal.java:62)
        at org.apache.ratis.server.impl.StateMachineUpdater.waitForCommit(StateMachineUpdater.java:207)
        at org.apache.ratis.server.impl.StateMachineUpdater.run(StateMachineUpdater.java:176)
        at java.lang.Thread.run(Thread.java:750)
"qtp371720676-329" daemon prio=5 tid=329 timed_waiting
java.lang.Thread.State: TIMED_WAITING
        at sun.misc.Unsafe.park(Native Method)
        at java.util.concurrent.locks.LockSupport.parkNanos(LockSupport.java:215)
        at java.util.concurrent.locks.AbstractQueuedSynchronizer$ConditionObject.awaitNanos(AbstractQueuedSynchronizer.java:2078)
        at org.eclipse.jetty.util.BlockingArrayQueue.poll(BlockingArrayQueue.java:382)
        at org.eclipse.jetty.util.thread.QueuedThreadPool$Runner.idleJobPoll(QueuedThreadPool.java:974)
        at org.eclipse.jetty.util.thread.QueuedThreadPool$Runner.run(QueuedThreadPool.java:1018)
        at java.lang.Thread.run(Thread.java:750)
"e77b5d09-e15c-47d2-9906-1148d6692daf-NettyServerStreamRpc-bossGroup--thread1"  prio=5 tid=397 runnable
java.lang.Thread.State: RUNNABLE
        at sun.nio.ch.EPollArrayWrapper.epollWait(Native Method)
        at sun.nio.ch.EPollArrayWrapper.poll(EPollArrayWrapper.java:269)
        at sun.nio.ch.EPollSelectorImpl.doSelect(EPollSelectorImpl.java:93)
        at sun.nio.ch.SelectorImpl.lockAndDoSelect(SelectorImpl.java:86)
        at sun.nio.ch.SelectorImpl.select(SelectorImpl.java:97)
        at sun.nio.ch.SelectorImpl.select(SelectorImpl.java:101)
        at org.apache.ratis.thirdparty.io.netty.channel.nio.SelectedSelectionKeySetSelector.select(SelectedSelectionKeySetSelector.java:68)
        at org.apache.ratis.thirdparty.io.netty.channel.nio.NioEventLoop.select(NioEventLoop.java:813)
        at org.apache.ratis.thirdparty.io.netty.channel.nio.NioEventLoop.run(NioEventLoop.java:460)
        at org.apache.ratis.thirdparty.io.netty.util.concurrent.SingleThreadEventExecutor$4.run(SingleThreadEventExecutor.java:995)
        at org.apache.ratis.thirdparty.io.netty.util.internal.ThreadExecutorMap$2.run(ThreadExecutorMap.java:74)
        at java.lang.Thread.run(Thread.java:750)
"Command processor thread" daemon prio=5 tid=229 timed_waiting
java.lang.Thread.State: TIMED_WAITING
        at java.lang.Thread.sleep(Native Method)
        at org.apache.hadoop.ozone.container.common.statemachine.DatanodeStateMachine.lambda$initCommandHandlerThread$3(DatanodeStateMachine.java:644)
        at org.apache.hadoop.ozone.container.common.statemachine.DatanodeStateMachine$$Lambda$784/1996133064.run(Unknown Source)
        at java.lang.Thread.run(Thread.java:750)
"204ebb6c-eb9c-4605-8b0a-417067302917-server-thread2" daemon prio=5 tid=915 timed_waiting
java.lang.Thread.State: TIMED_WAITING
        at sun.misc.Unsafe.park(Native Method)
        at java.util.concurrent.locks.LockSupport.parkNanos(LockSupport.java:215)
        at java.util.concurrent.SynchronousQueue$TransferStack.awaitFulfill(SynchronousQueue.java:460)
        at java.util.concurrent.SynchronousQueue$TransferStack.transfer(SynchronousQueue.java:362)
        at java.util.concurrent.SynchronousQueue.poll(SynchronousQueue.java:941)
        at java.util.concurrent.ThreadPoolExecutor.getTask(ThreadPoolExecutor.java:1073)
        at java.util.concurrent.ThreadPoolExecutor.runWorker(ThreadPoolExecutor.java:1134)
        at java.util.concurrent.ThreadPoolExecutor$Worker.run(ThreadPoolExecutor.java:624)
        at java.lang.Thread.run(Thread.java:750)
"11dbea26-f97e-4766-b357-e6f8c74d2a9f-NettyServerStreamRpc-bossGroup--thread1"  prio=5 tid=477 runnable
java.lang.Thread.State: RUNNABLE
        at sun.nio.ch.EPollArrayWrapper.epollWait(Native Method)
        at sun.nio.ch.EPollArrayWrapper.poll(EPollArrayWrapper.java:269)
        at sun.nio.ch.EPollSelectorImpl.doSelect(EPollSelectorImpl.java:93)
        at sun.nio.ch.SelectorImpl.lockAndDoSelect(SelectorImpl.java:86)
        at sun.nio.ch.SelectorImpl.select(SelectorImpl.java:97)
        at sun.nio.ch.SelectorImpl.select(SelectorImpl.java:101)
        at org.apache.ratis.thirdparty.io.netty.channel.nio.SelectedSelectionKeySetSelector.select(SelectedSelectionKeySetSelector.java:68)
        at org.apache.ratis.thirdparty.io.netty.channel.nio.NioEventLoop.select(NioEventLoop.java:813)
        at org.apache.ratis.thirdparty.io.netty.channel.nio.NioEventLoop.run(NioEventLoop.java:460)
        at org.apache.ratis.thirdparty.io.netty.util.concurrent.SingleThreadEventExecutor$4.run(SingleThreadEventExecutor.java:995)
        at org.apache.ratis.thirdparty.io.netty.util.internal.ThreadExecutorMap$2.run(ThreadExecutorMap.java:74)
        at java.lang.Thread.run(Thread.java:750)
"IPC Server handler 10 on default port 33951" daemon prio=5 tid=164 timed_waiting
java.lang.Thread.State: TIMED_WAITING
        at sun.misc.Unsafe.park(Native Method)
        at java.util.concurrent.locks.LockSupport.parkNanos(LockSupport.java:215)
        at java.util.concurrent.locks.AbstractQueuedSynchronizer$ConditionObject.awaitNanos(AbstractQueuedSynchronizer.java:2078)
        at java.util.concurrent.LinkedBlockingQueue.poll(LinkedBlockingQueue.java:467)
        at org.apache.hadoop.ipc.CallQueueManager.take(CallQueueManager.java:317)
        at org.apache.hadoop.ipc.Server$Handler.run(Server.java:2942)
"204ebb6c-eb9c-4605-8b0a-417067302917@group-26D1C231F733-SegmentedRaftLogWorker"  prio=5 tid=580 timed_waiting
java.lang.Thread.State: TIMED_WAITING
        at sun.misc.Unsafe.park(Native Method)
        at java.util.concurrent.locks.LockSupport.parkNanos(LockSupport.java:215)
        at java.util.concurrent.locks.AbstractQueuedSynchronizer$ConditionObject.awaitNanos(AbstractQueuedSynchronizer.java:2078)
        at org.apache.ratis.util.DataBlockingQueue.poll(DataBlockingQueue.java:148)
        at org.apache.ratis.server.raftlog.segmented.SegmentedRaftLogWorker.run(SegmentedRaftLogWorker.java:312)
        at org.apache.ratis.server.raftlog.segmented.SegmentedRaftLogWorker$$Lambda$693/377063671.run(Unknown Source)
        at java.lang.Thread.run(Thread.java:750)
"timer1" daemon prio=5 tid=724 timed_waiting
java.lang.Thread.State: TIMED_WAITING
        at java.lang.Object.wait(Native Method)
        at java.util.TimerThread.mainLoop(Timer.java:552)
        at java.util.TimerThread.run(Timer.java:505)
"pool-94-thread-1"  prio=5 tid=589 in Object.wait()
java.lang.Thread.State: WAITING (on object monitor)
        at sun.misc.Unsafe.park(Native Method)
        at java.util.concurrent.locks.LockSupport.park(LockSupport.java:175)
        at java.util.concurrent.locks.AbstractQueuedSynchronizer$ConditionObject.await(AbstractQueuedSynchronizer.java:2039)
        at java.util.concurrent.LinkedBlockingQueue.take(LinkedBlockingQueue.java:442)
        at java.util.concurrent.ThreadPoolExecutor.getTask(ThreadPoolExecutor.java:1074)
        at java.util.concurrent.ThreadPoolExecutor.runWorker(ThreadPoolExecutor.java:1134)
        at java.util.concurrent.ThreadPoolExecutor$Worker.run(ThreadPoolExecutor.java:624)
        at java.lang.Thread.run(Thread.java:750)
"IPC Server handler 12 on default port 33549" daemon prio=5 tid=98 timed_waiting
java.lang.Thread.State: TIMED_WAITING
        at sun.misc.Unsafe.park(Native Method)
        at java.util.concurrent.locks.LockSupport.parkNanos(LockSupport.java:215)
        at java.util.concurrent.locks.AbstractQueuedSynchronizer$ConditionObject.awaitNanos(AbstractQueuedSynchronizer.java:2078)
        at java.util.concurrent.LinkedBlockingQueue.poll(LinkedBlockingQueue.java:467)
        at org.apache.hadoop.ipc.CallQueueManager.take(CallQueueManager.java:317)
        at org.apache.hadoop.ipc.Server$Handler.run(Server.java:2942)
"IPC Server handler 1 on default port 33549" daemon prio=5 tid=87 timed_waiting
java.lang.Thread.State: TIMED_WAITING
        at sun.misc.Unsafe.park(Native Method)
        at java.util.concurrent.locks.LockSupport.parkNanos(LockSupport.java:215)
        at java.util.concurrent.locks.AbstractQueuedSynchronizer$ConditionObject.awaitNanos(AbstractQueuedSynchronizer.java:2078)
        at java.util.concurrent.LinkedBlockingQueue.poll(LinkedBlockingQueue.java:467)
        at org.apache.hadoop.ipc.CallQueueManager.take(CallQueueManager.java:317)
        at org.apache.hadoop.ipc.Server$Handler.run(Server.java:2942)
"ChunkReader-3" daemon prio=5 tid=828 in Object.wait()
java.lang.Thread.State: WAITING (on object monitor)
        at sun.misc.Unsafe.park(Native Method)
        at java.util.concurrent.locks.LockSupport.park(LockSupport.java:175)
        at java.util.concurrent.locks.AbstractQueuedSynchronizer$ConditionObject.await(AbstractQueuedSynchronizer.java:2039)
        at java.util.concurrent.LinkedBlockingQueue.take(LinkedBlockingQueue.java:442)
        at java.util.concurrent.ThreadPoolExecutor.getTask(ThreadPoolExecutor.java:1074)
        at java.util.concurrent.ThreadPoolExecutor.runWorker(ThreadPoolExecutor.java:1134)
        at java.util.concurrent.ThreadPoolExecutor$Worker.run(ThreadPoolExecutor.java:624)
        at java.lang.Thread.run(Thread.java:750)
"PartialTableCache Cleanup Thread - 0" daemon prio=5 tid=799 in Object.wait()
java.lang.Thread.State: WAITING (on object monitor)
        at sun.misc.Unsafe.park(Native Method)
        at java.util.concurrent.locks.LockSupport.park(LockSupport.java:175)
        at java.util.concurrent.locks.AbstractQueuedSynchronizer$ConditionObject.await(AbstractQueuedSynchronizer.java:2039)
        at java.util.concurrent.LinkedBlockingQueue.take(LinkedBlockingQueue.java:442)
        at java.util.concurrent.ThreadPoolExecutor.getTask(ThreadPoolExecutor.java:1074)
        at java.util.concurrent.ThreadPoolExecutor.runWorker(ThreadPoolExecutor.java:1134)
        at java.util.concurrent.ThreadPoolExecutor$Worker.run(ThreadPoolExecutor.java:624)
        at java.lang.Thread.run(Thread.java:750)
"BlockDeletingService#0" daemon prio=5 tid=340 in Object.wait()
java.lang.Thread.State: WAITING (on object monitor)
        at sun.misc.Unsafe.park(Native Method)
        at java.util.concurrent.locks.LockSupport.park(LockSupport.java:175)
        at java.util.concurrent.locks.AbstractQueuedSynchronizer$ConditionObject.await(AbstractQueuedSynchronizer.java:2039)
        at java.util.concurrent.ScheduledThreadPoolExecutor$DelayedWorkQueue.take(ScheduledThreadPoolExecutor.java:1088)
        at java.util.concurrent.ScheduledThreadPoolExecutor$DelayedWorkQueue.take(ScheduledThreadPoolExecutor.java:809)
        at java.util.concurrent.ThreadPoolExecutor.getTask(ThreadPoolExecutor.java:1074)
        at java.util.concurrent.ThreadPoolExecutor.runWorker(ThreadPoolExecutor.java:1134)
        at java.util.concurrent.ThreadPoolExecutor$Worker.run(ThreadPoolExecutor.java:624)
        at java.lang.Thread.run(Thread.java:750)
"37be314e-42cf-4ee9-a18e-baad7075c611@group-4B191A258550-StateMachineUpdater" daemon prio=5 tid=605 timed_waiting
java.lang.Thread.State: TIMED_WAITING
        at sun.misc.Unsafe.park(Native Method)
        at java.util.concurrent.locks.LockSupport.parkNanos(LockSupport.java:215)
        at java.util.concurrent.locks.AbstractQueuedSynchronizer$ConditionObject.await(AbstractQueuedSynchronizer.java:2163)
        at org.apache.ratis.util.AwaitForSignal.await(AwaitForSignal.java:62)
        at org.apache.ratis.server.impl.StateMachineUpdater.waitForCommit(StateMachineUpdater.java:207)
        at org.apache.ratis.server.impl.StateMachineUpdater.run(StateMachineUpdater.java:176)
        at java.lang.Thread.run(Thread.java:750)
"EventQueue-PipelineReportForOneReplicaPipelineSafeModeRule" daemon prio=5 tid=504 in Object.wait()
java.lang.Thread.State: WAITING (on object monitor)
        at sun.misc.Unsafe.park(Native Method)
        at java.util.concurrent.locks.LockSupport.park(LockSupport.java:175)
        at java.util.concurrent.locks.AbstractQueuedSynchronizer$ConditionObject.await(AbstractQueuedSynchronizer.java:2039)
        at java.util.concurrent.LinkedBlockingQueue.take(LinkedBlockingQueue.java:442)
        at java.util.concurrent.ThreadPoolExecutor.getTask(ThreadPoolExecutor.java:1074)
        at java.util.concurrent.ThreadPoolExecutor.runWorker(ThreadPoolExecutor.java:1134)
        at java.util.concurrent.ThreadPoolExecutor$Worker.run(ThreadPoolExecutor.java:624)
        at java.lang.Thread.run(Thread.java:750)
"22174ed7-3438-44c1-87a9-382e0277420a-server-thread3" daemon prio=5 tid=914 timed_waiting
java.lang.Thread.State: TIMED_WAITING
        at sun.misc.Unsafe.park(Native Method)
        at java.util.concurrent.locks.LockSupport.parkNanos(LockSupport.java:215)
        at java.util.concurrent.SynchronousQueue$TransferStack.awaitFulfill(SynchronousQueue.java:460)
        at java.util.concurrent.SynchronousQueue$TransferStack.transfer(SynchronousQueue.java:362)
        at java.util.concurrent.SynchronousQueue.poll(SynchronousQueue.java:941)
        at java.util.concurrent.ThreadPoolExecutor.getTask(ThreadPoolExecutor.java:1073)
        at java.util.concurrent.ThreadPoolExecutor.runWorker(ThreadPoolExecutor.java:1134)
        at java.util.concurrent.ThreadPoolExecutor$Worker.run(ThreadPoolExecutor.java:624)
        at java.lang.Thread.run(Thread.java:750)
"StaleRecoveringContainerScrubbingService#1" daemon prio=5 tid=551 in Object.wait()
java.lang.Thread.State: WAITING (on object monitor)
        at sun.misc.Unsafe.park(Native Method)
        at java.util.concurrent.locks.LockSupport.park(LockSupport.java:175)
        at java.util.concurrent.locks.AbstractQueuedSynchronizer$ConditionObject.await(AbstractQueuedSynchronizer.java:2039)
        at java.util.concurrent.ScheduledThreadPoolExecutor$DelayedWorkQueue.take(ScheduledThreadPoolExecutor.java:1088)
        at java.util.concurrent.ScheduledThreadPoolExecutor$DelayedWorkQueue.take(ScheduledThreadPoolExecutor.java:809)
        at java.util.concurrent.ThreadPoolExecutor.getTask(ThreadPoolExecutor.java:1074)
        at java.util.concurrent.ThreadPoolExecutor.runWorker(ThreadPoolExecutor.java:1134)
        at java.util.concurrent.ThreadPoolExecutor$Worker.run(ThreadPoolExecutor.java:624)
        at java.lang.Thread.run(Thread.java:750)
"Command processor thread" daemon prio=5 tid=350 timed_waiting
java.lang.Thread.State: TIMED_WAITING
        at java.lang.Thread.sleep(Native Method)
        at org.apache.hadoop.ozone.container.common.statemachine.DatanodeStateMachine.lambda$initCommandHandlerThread$3(DatanodeStateMachine.java:644)
        at org.apache.hadoop.ozone.container.common.statemachine.DatanodeStateMachine$$Lambda$784/1996133064.run(Unknown Source)
        at java.lang.Thread.run(Thread.java:750)
"IPC Server handler 16 on default port 42667" daemon prio=5 tid=62 timed_waiting
java.lang.Thread.State: TIMED_WAITING
        at sun.misc.Unsafe.park(Native Method)
        at java.util.concurrent.locks.LockSupport.parkNanos(LockSupport.java:215)
        at java.util.concurrent.locks.AbstractQueuedSynchronizer$ConditionObject.awaitNanos(AbstractQueuedSynchronizer.java:2078)
        at java.util.concurrent.LinkedBlockingQueue.poll(LinkedBlockingQueue.java:467)
        at org.apache.hadoop.ipc.CallQueueManager.take(CallQueueManager.java:317)
        at org.apache.hadoop.ipc.Server$Handler.run(Server.java:2942)
"BlockDeletingService#2" daemon prio=5 tid=974 in Object.wait()
java.lang.Thread.State: WAITING (on object monitor)
        at sun.misc.Unsafe.park(Native Method)
        at java.util.concurrent.locks.LockSupport.park(LockSupport.java:175)
        at java.util.concurrent.locks.AbstractQueuedSynchronizer$ConditionObject.await(AbstractQueuedSynchronizer.java:2039)
        at java.util.concurrent.ScheduledThreadPoolExecutor$DelayedWorkQueue.take(ScheduledThreadPoolExecutor.java:1088)
        at java.util.concurrent.ScheduledThreadPoolExecutor$DelayedWorkQueue.take(ScheduledThreadPoolExecutor.java:809)
        at java.util.concurrent.ThreadPoolExecutor.getTask(ThreadPoolExecutor.java:1074)
        at java.util.concurrent.ThreadPoolExecutor.runWorker(ThreadPoolExecutor.java:1134)
        at java.util.concurrent.ThreadPoolExecutor$Worker.run(ThreadPoolExecutor.java:624)
        at java.lang.Thread.run(Thread.java:750)
"timer5" daemon prio=5 tid=782 timed_waiting
java.lang.Thread.State: TIMED_WAITING
        at java.lang.Object.wait(Native Method)
        at java.util.TimerThread.mainLoop(Timer.java:552)
        at java.util.TimerThread.run(Timer.java:505)
"timer3" daemon prio=5 tid=727 timed_waiting
java.lang.Thread.State: TIMED_WAITING
        at java.lang.Object.wait(Native Method)
        at java.util.TimerThread.mainLoop(Timer.java:552)
        at java.util.TimerThread.run(Timer.java:505)
"qtp87717446-403" daemon prio=5 tid=403 timed_waiting
java.lang.Thread.State: TIMED_WAITING
        at sun.misc.Unsafe.park(Native Method)
        at java.util.concurrent.locks.LockSupport.parkNanos(LockSupport.java:215)
        at java.util.concurrent.locks.AbstractQueuedSynchronizer$ConditionObject.awaitNanos(AbstractQueuedSynchronizer.java:2078)
        at org.eclipse.jetty.util.BlockingArrayQueue.poll(BlockingArrayQueue.java:382)
        at org.eclipse.jetty.util.thread.QueuedThreadPool$Runner.idleJobPoll(QueuedThreadPool.java:974)
        at org.eclipse.jetty.util.thread.QueuedThreadPool$Runner.run(QueuedThreadPool.java:1018)
        at java.lang.Thread.run(Thread.java:750)
"StaleRecoveringContainerScrubbingService#0" daemon prio=5 tid=419 in Object.wait()
java.lang.Thread.State: WAITING (on object monitor)
        at sun.misc.Unsafe.park(Native Method)
        at java.util.concurrent.locks.LockSupport.park(LockSupport.java:175)
        at java.util.concurrent.locks.AbstractQueuedSynchronizer$ConditionObject.await(AbstractQueuedSynchronizer.java:2039)
        at java.util.concurrent.ScheduledThreadPoolExecutor$DelayedWorkQueue.take(ScheduledThreadPoolExecutor.java:1088)
        at java.util.concurrent.ScheduledThreadPoolExecutor$DelayedWorkQueue.take(ScheduledThreadPoolExecutor.java:809)
        at java.util.concurrent.ThreadPoolExecutor.getTask(ThreadPoolExecutor.java:1074)
        at java.util.concurrent.ThreadPoolExecutor.runWorker(ThreadPoolExecutor.java:1134)
        at java.util.concurrent.ThreadPoolExecutor$Worker.run(ThreadPoolExecutor.java:624)
        at java.lang.Thread.run(Thread.java:750)
"Datanode ReportManager Thread - 4" daemon prio=5 tid=282 timed_waiting
java.lang.Thread.State: TIMED_WAITING
        at sun.misc.Unsafe.park(Native Method)
        at java.util.concurrent.locks.LockSupport.parkNanos(LockSupport.java:215)
        at java.util.concurrent.locks.AbstractQueuedSynchronizer$ConditionObject.awaitNanos(AbstractQueuedSynchronizer.java:2078)
        at java.util.concurrent.ScheduledThreadPoolExecutor$DelayedWorkQueue.take(ScheduledThreadPoolExecutor.java:1093)
        at java.util.concurrent.ScheduledThreadPoolExecutor$DelayedWorkQueue.take(ScheduledThreadPoolExecutor.java:809)
        at java.util.concurrent.ThreadPoolExecutor.getTask(ThreadPoolExecutor.java:1074)
        at java.util.concurrent.ThreadPoolExecutor.runWorker(ThreadPoolExecutor.java:1134)
        at java.util.concurrent.ThreadPoolExecutor$Worker.run(ThreadPoolExecutor.java:624)
        at java.lang.Thread.run(Thread.java:750)
"qtp1788678692-241" daemon prio=5 tid=241 runnable
java.lang.Thread.State: RUNNABLE
        at sun.nio.ch.EPollArrayWrapper.epollWait(Native Method)
        at sun.nio.ch.EPollArrayWrapper.poll(EPollArrayWrapper.java:269)
        at sun.nio.ch.EPollSelectorImpl.doSelect(EPollSelectorImpl.java:93)
        at sun.nio.ch.SelectorImpl.lockAndDoSelect(SelectorImpl.java:86)
        at sun.nio.ch.SelectorImpl.select(SelectorImpl.java:97)
        at sun.nio.ch.SelectorImpl.select(SelectorImpl.java:101)
        at org.eclipse.jetty.io.ManagedSelector.nioSelect(ManagedSelector.java:183)
        at org.eclipse.jetty.io.ManagedSelector.select(ManagedSelector.java:190)
        at org.eclipse.jetty.io.ManagedSelector$SelectorProducer.select(ManagedSelector.java:606)
        at org.eclipse.jetty.io.ManagedSelector$SelectorProducer.produce(ManagedSelector.java:543)
        at org.eclipse.jetty.util.thread.strategy.EatWhatYouKill.produceTask(EatWhatYouKill.java:362)
        at org.eclipse.jetty.util.thread.strategy.EatWhatYouKill.doProduce(EatWhatYouKill.java:186)
        at org.eclipse.jetty.util.thread.strategy.EatWhatYouKill.tryProduce(EatWhatYouKill.java:173)
        at org.eclipse.jetty.util.thread.strategy.EatWhatYouKill.produce(EatWhatYouKill.java:137)
        at org.eclipse.jetty.io.ManagedSelector$$Lambda$453/347035587.run(Unknown Source)
        at org.eclipse.jetty.util.thread.QueuedThreadPool.runJob(QueuedThreadPool.java:883)
        at org.eclipse.jetty.util.thread.QueuedThreadPool$Runner.run(QueuedThreadPool.java:1034)
        at java.lang.Thread.run(Thread.java:750)
"ChunkReader-1" daemon prio=5 tid=822 in Object.wait()
java.lang.Thread.State: WAITING (on object monitor)
        at sun.misc.Unsafe.park(Native Method)
        at java.util.concurrent.locks.LockSupport.park(LockSupport.java:175)
        at java.util.concurrent.locks.AbstractQueuedSynchronizer$ConditionObject.await(AbstractQueuedSynchronizer.java:2039)
        at java.util.concurrent.LinkedBlockingQueue.take(LinkedBlockingQueue.java:442)
        at java.util.concurrent.ThreadPoolExecutor.getTask(ThreadPoolExecutor.java:1074)
        at java.util.concurrent.ThreadPoolExecutor.runWorker(ThreadPoolExecutor.java:1134)
        at java.util.concurrent.ThreadPoolExecutor$Worker.run(ThreadPoolExecutor.java:624)
        at java.lang.Thread.run(Thread.java:750)
"StaleRecoveringContainerScrubbingService#7" daemon prio=5 tid=981 in Object.wait()
java.lang.Thread.State: WAITING (on object monitor)
        at sun.misc.Unsafe.park(Native Method)
        at java.util.concurrent.locks.LockSupport.park(LockSupport.java:175)
        at java.util.concurrent.locks.AbstractQueuedSynchronizer$ConditionObject.await(AbstractQueuedSynchronizer.java:2039)
        at java.util.concurrent.ScheduledThreadPoolExecutor$DelayedWorkQueue.take(ScheduledThreadPoolExecutor.java:1088)
        at java.util.concurrent.ScheduledThreadPoolExecutor$DelayedWorkQueue.take(ScheduledThreadPoolExecutor.java:809)
        at java.util.concurrent.ThreadPoolExecutor.getTask(ThreadPoolExecutor.java:1074)
        at java.util.concurrent.ThreadPoolExecutor.runWorker(ThreadPoolExecutor.java:1134)
        at java.util.concurrent.ThreadPoolExecutor$Worker.run(ThreadPoolExecutor.java:624)
        at java.lang.Thread.run(Thread.java:750)
"e77b5d09-e15c-47d2-9906-1148d6692daf-server-thread1" daemon prio=5 tid=937 timed_waiting
java.lang.Thread.State: TIMED_WAITING
        at sun.misc.Unsafe.park(Native Method)
        at java.util.concurrent.locks.LockSupport.parkNanos(LockSupport.java:215)
        at java.util.concurrent.SynchronousQueue$TransferStack.awaitFulfill(SynchronousQueue.java:460)
        at java.util.concurrent.SynchronousQueue$TransferStack.transfer(SynchronousQueue.java:362)
        at java.util.concurrent.SynchronousQueue.poll(SynchronousQueue.java:941)
        at java.util.concurrent.ThreadPoolExecutor.getTask(ThreadPoolExecutor.java:1073)
        at java.util.concurrent.ThreadPoolExecutor.runWorker(ThreadPoolExecutor.java:1134)
        at java.util.concurrent.ThreadPoolExecutor$Worker.run(ThreadPoolExecutor.java:624)
        at java.lang.Thread.run(Thread.java:750)
"EventQueue-StaleNodeForStaleNodeHandler" daemon prio=5 tid=862 in Object.wait()
java.lang.Thread.State: WAITING (on object monitor)
        at sun.misc.Unsafe.park(Native Method)
        at java.util.concurrent.locks.LockSupport.park(LockSupport.java:175)
        at java.util.concurrent.locks.AbstractQueuedSynchronizer$ConditionObject.await(AbstractQueuedSynchronizer.java:2039)
        at java.util.concurrent.LinkedBlockingQueue.take(LinkedBlockingQueue.java:442)
        at java.util.concurrent.ThreadPoolExecutor.getTask(ThreadPoolExecutor.java:1074)
        at java.util.concurrent.ThreadPoolExecutor.runWorker(ThreadPoolExecutor.java:1134)
        at java.util.concurrent.ThreadPoolExecutor$Worker.run(ThreadPoolExecutor.java:624)
        at java.lang.Thread.run(Thread.java:750)
"qtp1138657523-111" daemon prio=5 tid=111 timed_waiting
java.lang.Thread.State: TIMED_WAITING
        at sun.misc.Unsafe.park(Native Method)
        at java.util.concurrent.locks.LockSupport.parkNanos(LockSupport.java:215)
        at java.util.concurrent.locks.AbstractQueuedSynchronizer$ConditionObject.awaitNanos(AbstractQueuedSynchronizer.java:2078)
        at org.eclipse.jetty.util.BlockingArrayQueue.poll(BlockingArrayQueue.java:382)
        at org.eclipse.jetty.util.thread.QueuedThreadPool$Runner.idleJobPoll(QueuedThreadPool.java:974)
        at org.eclipse.jetty.util.thread.QueuedThreadPool$Runner.run(QueuedThreadPool.java:1018)
        at java.lang.Thread.run(Thread.java:750)
"Session-HouseKeeper-49eaabdb-1"  prio=5 tid=333 timed_waiting
java.lang.Thread.State: TIMED_WAITING
        at sun.misc.Unsafe.park(Native Method)
        at java.util.concurrent.locks.LockSupport.parkNanos(LockSupport.java:215)
        at java.util.concurrent.locks.AbstractQueuedSynchronizer$ConditionObject.awaitNanos(AbstractQueuedSynchronizer.java:2078)
        at java.util.concurrent.ScheduledThreadPoolExecutor$DelayedWorkQueue.take(ScheduledThreadPoolExecutor.java:1093)
        at java.util.concurrent.ScheduledThreadPoolExecutor$DelayedWorkQueue.take(ScheduledThreadPoolExecutor.java:809)
        at java.util.concurrent.ThreadPoolExecutor.getTask(ThreadPoolExecutor.java:1074)
        at java.util.concurrent.ThreadPoolExecutor.runWorker(ThreadPoolExecutor.java:1134)
        at java.util.concurrent.ThreadPoolExecutor$Worker.run(ThreadPoolExecutor.java:624)
        at java.lang.Thread.run(Thread.java:750)
"EndpointStateMachine task thread for /0.0.0.0:33549 - 0 "  prio=5 tid=450 in Object.wait()
java.lang.Thread.State: WAITING (on object monitor)
        at sun.misc.Unsafe.park(Native Method)
        at java.util.concurrent.locks.LockSupport.park(LockSupport.java:175)
        at java.util.concurrent.locks.AbstractQueuedSynchronizer$ConditionObject.await(AbstractQueuedSynchronizer.java:2039)
        at java.util.concurrent.LinkedBlockingQueue.take(LinkedBlockingQueue.java:442)
        at java.util.concurrent.ThreadPoolExecutor.getTask(ThreadPoolExecutor.java:1074)
        at java.util.concurrent.ThreadPoolExecutor.runWorker(ThreadPoolExecutor.java:1134)
        at java.util.concurrent.ThreadPoolExecutor$Worker.run(ThreadPoolExecutor.java:624)
        at java.lang.Thread.run(Thread.java:750)
"FixedThreadPoolWithAffinityExecutor-0-0" daemon prio=5 tid=35 timed_waiting
java.lang.Thread.State: TIMED_WAITING
        at sun.misc.Unsafe.park(Native Method)
        at java.util.concurrent.locks.LockSupport.parkNanos(LockSupport.java:215)
        at java.util.concurrent.locks.AbstractQueuedSynchronizer$ConditionObject.awaitNanos(AbstractQueuedSynchronizer.java:2078)
        at java.util.concurrent.LinkedBlockingQueue.poll(LinkedBlockingQueue.java:467)
        at org.apache.hadoop.hdds.scm.server.ContainerReportQueue.poll(ContainerReportQueue.java:266)
        at org.apache.hadoop.hdds.scm.server.ContainerReportQueue.poll(ContainerReportQueue.java:42)
        at org.apache.hadoop.hdds.server.events.FixedThreadPoolWithAffinityExecutor$ContainerReportProcessTask.run(FixedThreadPoolWithAffinityExecutor.java:247)
        at java.util.concurrent.Executors$RunnableAdapter.call(Executors.java:511)
        at java.util.concurrent.FutureTask.run(FutureTask.java:266)
        at java.util.concurrent.ThreadPoolExecutor.runWorker(ThreadPoolExecutor.java:1149)
        at java.util.concurrent.ThreadPoolExecutor$Worker.run(ThreadPoolExecutor.java:624)
        at java.lang.Thread.run(Thread.java:750)
"qtp1788678692-247" daemon prio=5 tid=247 timed_waiting
java.lang.Thread.State: TIMED_WAITING
        at sun.misc.Unsafe.park(Native Method)
        at java.util.concurrent.locks.LockSupport.parkNanos(LockSupport.java:215)
        at java.util.concurrent.locks.AbstractQueuedSynchronizer$ConditionObject.awaitNanos(AbstractQueuedSynchronizer.java:2078)
        at org.eclipse.jetty.util.BlockingArrayQueue.poll(BlockingArrayQueue.java:382)
        at org.eclipse.jetty.util.thread.QueuedThreadPool$Runner.idleJobPoll(QueuedThreadPool.java:974)
        at org.eclipse.jetty.util.thread.QueuedThreadPool$Runner.run(QueuedThreadPool.java:1018)
        at java.lang.Thread.run(Thread.java:750)
"StaleRecoveringContainerScrubbingService#8" daemon prio=5 tid=987 in Object.wait()
java.lang.Thread.State: WAITING (on object monitor)
        at sun.misc.Unsafe.park(Native Method)
        at java.util.concurrent.locks.LockSupport.park(LockSupport.java:175)
        at java.util.concurrent.locks.AbstractQueuedSynchronizer$ConditionObject.await(AbstractQueuedSynchronizer.java:2039)
        at java.util.concurrent.ScheduledThreadPoolExecutor$DelayedWorkQueue.take(ScheduledThreadPoolExecutor.java:1088)
        at java.util.concurrent.ScheduledThreadPoolExecutor$DelayedWorkQueue.take(ScheduledThreadPoolExecutor.java:809)
        at java.util.concurrent.ThreadPoolExecutor.getTask(ThreadPoolExecutor.java:1074)
        at java.util.concurrent.ThreadPoolExecutor.runWorker(ThreadPoolExecutor.java:1134)
        at java.util.concurrent.ThreadPoolExecutor$Worker.run(ThreadPoolExecutor.java:624)
        at java.lang.Thread.run(Thread.java:750)
"pool-71-thread-1"  prio=5 tid=578 in Object.wait()
java.lang.Thread.State: WAITING (on object monitor)
        at sun.misc.Unsafe.park(Native Method)
        at java.util.concurrent.locks.LockSupport.park(LockSupport.java:175)
        at java.util.concurrent.locks.AbstractQueuedSynchronizer$ConditionObject.await(AbstractQueuedSynchronizer.java:2039)
        at java.util.concurrent.LinkedBlockingQueue.take(LinkedBlockingQueue.java:442)
        at java.util.concurrent.ThreadPoolExecutor.getTask(ThreadPoolExecutor.java:1074)
        at java.util.concurrent.ThreadPoolExecutor.runWorker(ThreadPoolExecutor.java:1134)
        at java.util.concurrent.ThreadPoolExecutor$Worker.run(ThreadPoolExecutor.java:624)
        at java.lang.Thread.run(Thread.java:750)
"cbda9cd1-c9bf-468c-9ce3-2b320cdae76d@group-C642F25C70EF-StateMachineUpdater" daemon prio=5 tid=660 timed_waiting
java.lang.Thread.State: TIMED_WAITING
        at sun.misc.Unsafe.park(Native Method)
        at java.util.concurrent.locks.LockSupport.parkNanos(LockSupport.java:215)
        at java.util.concurrent.locks.AbstractQueuedSynchronizer$ConditionObject.await(AbstractQueuedSynchronizer.java:2163)
        at org.apache.ratis.util.AwaitForSignal.await(AwaitForSignal.java:62)
        at org.apache.ratis.server.impl.StateMachineUpdater.waitForCommit(StateMachineUpdater.java:207)
        at org.apache.ratis.server.impl.StateMachineUpdater.run(StateMachineUpdater.java:176)
        at java.lang.Thread.run(Thread.java:750)
"Command processor thread" daemon prio=5 tid=467 timed_waiting
java.lang.Thread.State: TIMED_WAITING
        at java.lang.Thread.sleep(Native Method)
        at org.apache.hadoop.ozone.container.common.statemachine.DatanodeStateMachine.lambda$initCommandHandlerThread$3(DatanodeStateMachine.java:644)
        at org.apache.hadoop.ozone.container.common.statemachine.DatanodeStateMachine$$Lambda$784/1996133064.run(Unknown Source)
        at java.lang.Thread.run(Thread.java:750)
"IPC Server handler 4 on default port 33549" daemon prio=5 tid=90 timed_waiting
java.lang.Thread.State: TIMED_WAITING
        at sun.misc.Unsafe.park(Native Method)
        at java.util.concurrent.locks.LockSupport.parkNanos(LockSupport.java:215)
        at java.util.concurrent.locks.AbstractQueuedSynchronizer$ConditionObject.awaitNanos(AbstractQueuedSynchronizer.java:2078)
        at java.util.concurrent.LinkedBlockingQueue.poll(LinkedBlockingQueue.java:467)
        at org.apache.hadoop.ipc.CallQueueManager.take(CallQueueManager.java:317)
        at org.apache.hadoop.ipc.Server$Handler.run(Server.java:2942)
"ChunkReader-ELG-0" daemon prio=5 tid=559 runnable
java.lang.Thread.State: RUNNABLE
        at org.apache.ratis.thirdparty.io.netty.channel.epoll.Native.epollWait(Native Method)
        at org.apache.ratis.thirdparty.io.netty.channel.epoll.Native.epollWait(Native.java:209)
        at org.apache.ratis.thirdparty.io.netty.channel.epoll.Native.epollWait(Native.java:202)
        at org.apache.ratis.thirdparty.io.netty.channel.epoll.EpollEventLoop.epollWaitNoTimerChange(EpollEventLoop.java:294)
        at org.apache.ratis.thirdparty.io.netty.channel.epoll.EpollEventLoop.run(EpollEventLoop.java:351)
        at org.apache.ratis.thirdparty.io.netty.util.concurrent.SingleThreadEventExecutor$4.run(SingleThreadEventExecutor.java:995)
        at org.apache.ratis.thirdparty.io.netty.util.internal.ThreadExecutorMap$2.run(ThreadExecutorMap.java:74)
        at java.lang.Thread.run(Thread.java:750)
"Datanode State Machine Task Thread - 1"  prio=5 tid=371 in Object.wait()
java.lang.Thread.State: WAITING (on object monitor)
        at sun.misc.Unsafe.park(Native Method)
        at java.util.concurrent.locks.LockSupport.park(LockSupport.java:175)
        at java.util.concurrent.locks.AbstractQueuedSynchronizer$ConditionObject.await(AbstractQueuedSynchronizer.java:2039)
        at java.util.concurrent.LinkedBlockingQueue.take(LinkedBlockingQueue.java:442)
        at java.util.concurrent.ThreadPoolExecutor.getTask(ThreadPoolExecutor.java:1074)
        at java.util.concurrent.ThreadPoolExecutor.runWorker(ThreadPoolExecutor.java:1134)
        at java.util.concurrent.ThreadPoolExecutor$Worker.run(ThreadPoolExecutor.java:624)
        at java.lang.Thread.run(Thread.java:750)
"204ebb6c-eb9c-4605-8b0a-417067302917@group-75780AEF7A1B-SegmentedRaftLogWorker"  prio=5 tid=609 timed_waiting
java.lang.Thread.State: TIMED_WAITING
        at sun.misc.Unsafe.park(Native Method)
        at java.util.concurrent.locks.LockSupport.parkNanos(LockSupport.java:215)
        at java.util.concurrent.locks.AbstractQueuedSynchronizer$ConditionObject.awaitNanos(AbstractQueuedSynchronizer.java:2078)
        at org.apache.ratis.util.DataBlockingQueue.poll(DataBlockingQueue.java:148)
        at org.apache.ratis.server.raftlog.segmented.SegmentedRaftLogWorker.run(SegmentedRaftLogWorker.java:312)
        at org.apache.ratis.server.raftlog.segmented.SegmentedRaftLogWorker$$Lambda$693/377063671.run(Unknown Source)
        at java.lang.Thread.run(Thread.java:750)
"qtp253998981-186-acceptor-0@1dbf3bec-ServerConnector@187175b3{HTTP/1.1, (http/1.1)}{0.0.0.0:37921}" daemon prio=3 tid=186 runnable
java.lang.Thread.State: RUNNABLE
        at sun.nio.ch.ServerSocketChannelImpl.accept0(Native Method)
        at sun.nio.ch.ServerSocketChannelImpl.accept(ServerSocketChannelImpl.java:421)
        at sun.nio.ch.ServerSocketChannelImpl.accept(ServerSocketChannelImpl.java:249)
        at org.eclipse.jetty.server.ServerConnector.accept(ServerConnector.java:388)
        at org.eclipse.jetty.server.AbstractConnector$Acceptor.run(AbstractConnector.java:704)
        at org.eclipse.jetty.util.thread.QueuedThreadPool.runJob(QueuedThreadPool.java:883)
        at org.eclipse.jetty.util.thread.QueuedThreadPool$Runner.run(QueuedThreadPool.java:1034)
        at java.lang.Thread.run(Thread.java:750)
"qtp1004270885-489" daemon prio=5 tid=489 timed_waiting
java.lang.Thread.State: TIMED_WAITING
        at sun.misc.Unsafe.park(Native Method)
        at java.util.concurrent.locks.LockSupport.parkNanos(LockSupport.java:215)
        at java.util.concurrent.locks.AbstractQueuedSynchronizer$ConditionObject.awaitNanos(AbstractQueuedSynchronizer.java:2078)
        at org.eclipse.jetty.util.BlockingArrayQueue.poll(BlockingArrayQueue.java:382)
        at org.eclipse.jetty.util.thread.QueuedThreadPool$Runner.idleJobPoll(QueuedThreadPool.java:974)
        at org.eclipse.jetty.util.thread.QueuedThreadPool$Runner.run(QueuedThreadPool.java:1018)
        at java.lang.Thread.run(Thread.java:750)
"IPC Server handler 8 on default port 35905" daemon prio=5 tid=74 timed_waiting
java.lang.Thread.State: TIMED_WAITING
        at sun.misc.Unsafe.park(Native Method)
        at java.util.concurrent.locks.LockSupport.parkNanos(LockSupport.java:215)
        at java.util.concurrent.locks.AbstractQueuedSynchronizer$ConditionObject.awaitNanos(AbstractQueuedSynchronizer.java:2078)
        at java.util.concurrent.LinkedBlockingQueue.poll(LinkedBlockingQueue.java:467)
        at org.apache.hadoop.ipc.CallQueueManager.take(CallQueueManager.java:317)
        at org.apache.hadoop.ipc.Server$Handler.run(Server.java:2942)
"qtp1788678692-246" daemon prio=5 tid=246 timed_waiting
java.lang.Thread.State: TIMED_WAITING
        at sun.misc.Unsafe.park(Native Method)
        at java.util.concurrent.locks.LockSupport.parkNanos(LockSupport.java:215)
        at java.util.concurrent.locks.AbstractQueuedSynchronizer$ConditionObject.awaitNanos(AbstractQueuedSynchronizer.java:2078)
        at org.eclipse.jetty.util.BlockingArrayQueue.poll(BlockingArrayQueue.java:382)
        at org.eclipse.jetty.util.thread.QueuedThreadPool$Runner.idleJobPoll(QueuedThreadPool.java:974)
        at org.eclipse.jetty.util.thread.QueuedThreadPool$Runner.run(QueuedThreadPool.java:1018)
        at java.lang.Thread.run(Thread.java:750)
"Datanode ReportManager Thread - 3" daemon prio=5 tid=227 in Object.wait()
java.lang.Thread.State: WAITING (on object monitor)
        at sun.misc.Unsafe.park(Native Method)
        at java.util.concurrent.locks.LockSupport.park(LockSupport.java:175)
        at java.util.concurrent.locks.AbstractQueuedSynchronizer$ConditionObject.await(AbstractQueuedSynchronizer.java:2039)
        at java.util.concurrent.ScheduledThreadPoolExecutor$DelayedWorkQueue.take(ScheduledThreadPoolExecutor.java:1088)
        at java.util.concurrent.ScheduledThreadPoolExecutor$DelayedWorkQueue.take(ScheduledThreadPoolExecutor.java:809)
        at java.util.concurrent.ThreadPoolExecutor.getTask(ThreadPoolExecutor.java:1074)
        at java.util.concurrent.ThreadPoolExecutor.runWorker(ThreadPoolExecutor.java:1134)
        at java.util.concurrent.ThreadPoolExecutor$Worker.run(ThreadPoolExecutor.java:624)
        at java.lang.Thread.run(Thread.java:750)
"IPC Server handler 18 on default port 33951" daemon prio=5 tid=172 timed_waiting
java.lang.Thread.State: TIMED_WAITING
        at sun.misc.Unsafe.park(Native Method)
        at java.util.concurrent.locks.LockSupport.parkNanos(LockSupport.java:215)
        at java.util.concurrent.locks.AbstractQueuedSynchronizer$ConditionObject.awaitNanos(AbstractQueuedSynchronizer.java:2078)
        at java.util.concurrent.LinkedBlockingQueue.poll(LinkedBlockingQueue.java:467)
        at org.apache.hadoop.ipc.CallQueueManager.take(CallQueueManager.java:317)
        at org.apache.hadoop.ipc.Server$Handler.run(Server.java:2942)
"om1@group-C5BA1605619E-StateMachineUpdater" daemon prio=5 tid=137 timed_waiting
java.lang.Thread.State: TIMED_WAITING
        at sun.misc.Unsafe.park(Native Method)
        at java.util.concurrent.locks.LockSupport.parkNanos(LockSupport.java:215)
        at java.util.concurrent.locks.AbstractQueuedSynchronizer$ConditionObject.await(AbstractQueuedSynchronizer.java:2163)
        at org.apache.ratis.util.AwaitForSignal.await(AwaitForSignal.java:62)
        at org.apache.ratis.server.impl.StateMachineUpdater.waitForCommit(StateMachineUpdater.java:207)
        at org.apache.ratis.server.impl.StateMachineUpdater.run(StateMachineUpdater.java:176)
        at java.lang.Thread.run(Thread.java:750)
"22174ed7-3438-44c1-87a9-382e0277420a@group-75780AEF7A1B->37be314e-42cf-4ee9-a18e-baad7075c611-GrpcLogAppender-LogAppenderDaemon" daemon prio=5 tid=721 timed_waiting
java.lang.Thread.State: TIMED_WAITING
        at sun.misc.Unsafe.park(Native Method)
        at java.util.concurrent.locks.LockSupport.parkNanos(LockSupport.java:215)
        at java.util.concurrent.locks.AbstractQueuedSynchronizer$ConditionObject.await(AbstractQueuedSynchronizer.java:2163)
        at org.apache.ratis.util.AwaitForSignal.await(AwaitForSignal.java:62)
        at org.apache.ratis.grpc.server.GrpcLogAppender.mayWait(GrpcLogAppender.java:198)
        at org.apache.ratis.grpc.server.GrpcLogAppender.run(GrpcLogAppender.java:148)
        at org.apache.ratis.server.leader.LogAppenderDaemon.run(LogAppenderDaemon.java:78)
        at org.apache.ratis.server.leader.LogAppenderDaemon$$Lambda$1079/1056695053.run(Unknown Source)
        at java.lang.Thread.run(Thread.java:750)
"37be314e-42cf-4ee9-a18e-baad7075c611@group-8057C2290820-LeaderStateImpl" daemon prio=5 tid=712 timed_waiting
java.lang.Thread.State: TIMED_WAITING
        at sun.misc.Unsafe.park(Native Method)
        at java.util.concurrent.locks.LockSupport.parkNanos(LockSupport.java:215)
        at java.util.concurrent.locks.AbstractQueuedSynchronizer$ConditionObject.awaitNanos(AbstractQueuedSynchronizer.java:2078)
        at java.util.concurrent.ArrayBlockingQueue.poll(ArrayBlockingQueue.java:418)
        at org.apache.ratis.server.impl.LeaderStateImpl$EventQueue.poll(LeaderStateImpl.java:159)
        at org.apache.ratis.server.impl.LeaderStateImpl$EventProcessor.run(LeaderStateImpl.java:630)
"qtp87717446-405" daemon prio=5 tid=405 timed_waiting
java.lang.Thread.State: TIMED_WAITING
        at sun.misc.Unsafe.park(Native Method)
        at java.util.concurrent.locks.LockSupport.parkNanos(LockSupport.java:215)
        at java.util.concurrent.locks.AbstractQueuedSynchronizer$ConditionObject.awaitNanos(AbstractQueuedSynchronizer.java:2078)
        at org.eclipse.jetty.util.BlockingArrayQueue.poll(BlockingArrayQueue.java:382)
        at org.eclipse.jetty.util.thread.QueuedThreadPool$Runner.idleJobPoll(QueuedThreadPool.java:974)
        at org.eclipse.jetty.util.thread.QueuedThreadPool$Runner.run(QueuedThreadPool.java:1018)
        at java.lang.Thread.run(Thread.java:750)
"IPC Server handler 8 on default port 42667" daemon prio=5 tid=54 timed_waiting
java.lang.Thread.State: TIMED_WAITING
        at sun.misc.Unsafe.park(Native Method)
        at java.util.concurrent.locks.LockSupport.parkNanos(LockSupport.java:215)
        at java.util.concurrent.locks.AbstractQueuedSynchronizer$ConditionObject.awaitNanos(AbstractQueuedSynchronizer.java:2078)
        at java.util.concurrent.LinkedBlockingQueue.poll(LinkedBlockingQueue.java:467)
        at org.apache.hadoop.ipc.CallQueueManager.take(CallQueueManager.java:317)
        at org.apache.hadoop.ipc.Server$Handler.run(Server.java:2942)
"11dbea26-f97e-4766-b357-e6f8c74d2a9f@group-BF7384A7D9B8-LeaderStateImpl" daemon prio=5 tid=845 timed_waiting
java.lang.Thread.State: TIMED_WAITING
        at sun.misc.Unsafe.park(Native Method)
        at java.util.concurrent.locks.LockSupport.parkNanos(LockSupport.java:215)
        at java.util.concurrent.locks.AbstractQueuedSynchronizer$ConditionObject.awaitNanos(AbstractQueuedSynchronizer.java:2078)
        at java.util.concurrent.ArrayBlockingQueue.poll(ArrayBlockingQueue.java:418)
        at org.apache.ratis.server.impl.LeaderStateImpl$EventQueue.poll(LeaderStateImpl.java:159)
        at org.apache.ratis.server.impl.LeaderStateImpl$EventProcessor.run(LeaderStateImpl.java:630)
"StaleRecoveringContainerScrubbingService#8" daemon prio=5 tid=986 in Object.wait()
java.lang.Thread.State: WAITING (on object monitor)
        at sun.misc.Unsafe.park(Native Method)
        at java.util.concurrent.locks.LockSupport.park(LockSupport.java:175)
        at java.util.concurrent.locks.AbstractQueuedSynchronizer$ConditionObject.await(AbstractQueuedSynchronizer.java:2039)
        at java.util.concurrent.ScheduledThreadPoolExecutor$DelayedWorkQueue.take(ScheduledThreadPoolExecutor.java:1088)
        at java.util.concurrent.ScheduledThreadPoolExecutor$DelayedWorkQueue.take(ScheduledThreadPoolExecutor.java:809)
        at java.util.concurrent.ThreadPoolExecutor.getTask(ThreadPoolExecutor.java:1074)
        at java.util.concurrent.ThreadPoolExecutor.runWorker(ThreadPoolExecutor.java:1134)
        at java.util.concurrent.ThreadPoolExecutor$Worker.run(ThreadPoolExecutor.java:624)
        at java.lang.Thread.run(Thread.java:750)
"EndpointStateMachine task thread for /0.0.0.0:33549 - 0 "  prio=5 tid=516 in Object.wait()
java.lang.Thread.State: WAITING (on object monitor)
        at sun.misc.Unsafe.park(Native Method)
        at java.util.concurrent.locks.LockSupport.park(LockSupport.java:175)
        at java.util.concurrent.locks.AbstractQueuedSynchronizer$ConditionObject.await(AbstractQueuedSynchronizer.java:2039)
        at java.util.concurrent.LinkedBlockingQueue.take(LinkedBlockingQueue.java:442)
        at java.util.concurrent.ThreadPoolExecutor.getTask(ThreadPoolExecutor.java:1074)
        at java.util.concurrent.ThreadPoolExecutor.runWorker(ThreadPoolExecutor.java:1134)
        at java.util.concurrent.ThreadPoolExecutor$Worker.run(ThreadPoolExecutor.java:624)
        at java.lang.Thread.run(Thread.java:750)
"IPC Server listener on 0" daemon prio=5 tid=23 runnable
java.lang.Thread.State: RUNNABLE
        at sun.nio.ch.EPollArrayWrapper.epollWait(Native Method)
        at sun.nio.ch.EPollArrayWrapper.poll(EPollArrayWrapper.java:269)
        at sun.nio.ch.EPollSelectorImpl.doSelect(EPollSelectorImpl.java:93)
        at sun.nio.ch.SelectorImpl.lockAndDoSelect(SelectorImpl.java:86)
        at sun.nio.ch.SelectorImpl.select(SelectorImpl.java:97)
        at sun.nio.ch.SelectorImpl.select(SelectorImpl.java:101)
        at org.apache.hadoop.ipc.Server$Listener.run(Server.java:1358)
"qtp1004270885-492" daemon prio=5 tid=492 timed_waiting
java.lang.Thread.State: TIMED_WAITING
        at sun.misc.Unsafe.park(Native Method)
        at java.util.concurrent.locks.LockSupport.parkNanos(LockSupport.java:215)
        at java.util.concurrent.locks.AbstractQueuedSynchronizer$ConditionObject.awaitNanos(AbstractQueuedSynchronizer.java:2078)
        at org.eclipse.jetty.util.BlockingArrayQueue.poll(BlockingArrayQueue.java:382)
        at org.eclipse.jetty.util.thread.QueuedThreadPool$Runner.idleJobPoll(QueuedThreadPool.java:974)
        at org.eclipse.jetty.util.thread.QueuedThreadPool$Runner.run(QueuedThreadPool.java:1018)
        at java.lang.Thread.run(Thread.java:750)
"PartialTableCache Cleanup Thread - 0" daemon prio=5 tid=963 in Object.wait()
java.lang.Thread.State: WAITING (on object monitor)
        at sun.misc.Unsafe.park(Native Method)
        at java.util.concurrent.locks.LockSupport.park(LockSupport.java:175)
        at java.util.concurrent.locks.AbstractQueuedSynchronizer$ConditionObject.await(AbstractQueuedSynchronizer.java:2039)
        at java.util.concurrent.LinkedBlockingQueue.take(LinkedBlockingQueue.java:442)
        at java.util.concurrent.ThreadPoolExecutor.getTask(ThreadPoolExecutor.java:1074)
        at java.util.concurrent.ThreadPoolExecutor.runWorker(ThreadPoolExecutor.java:1134)
        at java.util.concurrent.ThreadPoolExecutor$Worker.run(ThreadPoolExecutor.java:624)
        at java.lang.Thread.run(Thread.java:750)
"ChunkWriter-1-0" daemon prio=5 tid=531 in Object.wait()
java.lang.Thread.State: WAITING (on object monitor)
        at sun.misc.Unsafe.park(Native Method)
        at java.util.concurrent.locks.LockSupport.park(LockSupport.java:175)
        at java.util.concurrent.locks.AbstractQueuedSynchronizer$ConditionObject.await(AbstractQueuedSynchronizer.java:2039)
        at java.util.concurrent.LinkedBlockingDeque.takeFirst(LinkedBlockingDeque.java:492)
        at java.util.concurrent.LinkedBlockingDeque.take(LinkedBlockingDeque.java:680)
        at java.util.concurrent.ThreadPoolExecutor.getTask(ThreadPoolExecutor.java:1074)
        at java.util.concurrent.ThreadPoolExecutor.runWorker(ThreadPoolExecutor.java:1134)
        at java.util.concurrent.ThreadPoolExecutor$Worker.run(ThreadPoolExecutor.java:624)
        at java.lang.Thread.run(Thread.java:750)
"qtp1004270885-486-acceptor-0@55a39091-ServerConnector@3fdcbaf4{HTTP/1.1, (http/1.1)}{0.0.0.0:40455}" daemon prio=3 tid=486 runnable
java.lang.Thread.State: RUNNABLE
        at sun.nio.ch.ServerSocketChannelImpl.accept0(Native Method)
        at sun.nio.ch.ServerSocketChannelImpl.accept(ServerSocketChannelImpl.java:421)
        at sun.nio.ch.ServerSocketChannelImpl.accept(ServerSocketChannelImpl.java:249)
        at org.eclipse.jetty.server.ServerConnector.accept(ServerConnector.java:388)
        at org.eclipse.jetty.server.AbstractConnector$Acceptor.run(AbstractConnector.java:704)
        at org.eclipse.jetty.util.thread.QueuedThreadPool.runJob(QueuedThreadPool.java:883)
        at org.eclipse.jetty.util.thread.QueuedThreadPool$Runner.run(QueuedThreadPool.java:1034)
        at java.lang.Thread.run(Thread.java:750)
"BlockDeletingService#2" daemon prio=5 tid=978 in Object.wait()
java.lang.Thread.State: WAITING (on object monitor)
        at sun.misc.Unsafe.park(Native Method)
        at java.util.concurrent.locks.LockSupport.park(LockSupport.java:175)
        at java.util.concurrent.locks.AbstractQueuedSynchronizer$ConditionObject.await(AbstractQueuedSynchronizer.java:2039)
        at java.util.concurrent.ScheduledThreadPoolExecutor$DelayedWorkQueue.take(ScheduledThreadPoolExecutor.java:1088)
        at java.util.concurrent.ScheduledThreadPoolExecutor$DelayedWorkQueue.take(ScheduledThreadPoolExecutor.java:809)
        at java.util.concurrent.ThreadPoolExecutor.getTask(ThreadPoolExecutor.java:1074)
        at java.util.concurrent.ThreadPoolExecutor.runWorker(ThreadPoolExecutor.java:1134)
        at java.util.concurrent.ThreadPoolExecutor$Worker.run(ThreadPoolExecutor.java:624)
        at java.lang.Thread.run(Thread.java:750)
"51369307-b0de-40aa-9d6f-41f84e1cecb7@group-AE8453F49D0B-SegmentedRaftLogWorker"  prio=5 tid=665 timed_waiting
java.lang.Thread.State: TIMED_WAITING
        at sun.misc.Unsafe.park(Native Method)
        at java.util.concurrent.locks.LockSupport.parkNanos(LockSupport.java:215)
        at java.util.concurrent.locks.AbstractQueuedSynchronizer$ConditionObject.awaitNanos(AbstractQueuedSynchronizer.java:2078)
        at org.apache.ratis.util.DataBlockingQueue.poll(DataBlockingQueue.java:148)
        at org.apache.ratis.server.raftlog.segmented.SegmentedRaftLogWorker.run(SegmentedRaftLogWorker.java:312)
        at org.apache.ratis.server.raftlog.segmented.SegmentedRaftLogWorker$$Lambda$693/377063671.run(Unknown Source)
        at java.lang.Thread.run(Thread.java:750)
"StaleRecoveringContainerScrubbingService#7" daemon prio=5 tid=983 in Object.wait()
java.lang.Thread.State: WAITING (on object monitor)
        at sun.misc.Unsafe.park(Native Method)
        at java.util.concurrent.locks.LockSupport.park(LockSupport.java:175)
        at java.util.concurrent.locks.AbstractQueuedSynchronizer$ConditionObject.await(AbstractQueuedSynchronizer.java:2039)
        at java.util.concurrent.ScheduledThreadPoolExecutor$DelayedWorkQueue.take(ScheduledThreadPoolExecutor.java:1088)
        at java.util.concurrent.ScheduledThreadPoolExecutor$DelayedWorkQueue.take(ScheduledThreadPoolExecutor.java:809)
        at java.util.concurrent.ThreadPoolExecutor.getTask(ThreadPoolExecutor.java:1074)
        at java.util.concurrent.ThreadPoolExecutor.runWorker(ThreadPoolExecutor.java:1134)
        at java.util.concurrent.ThreadPoolExecutor$Worker.run(ThreadPoolExecutor.java:624)
        at java.lang.Thread.run(Thread.java:750)
"RatisPipelineUtilsThread - 0"  prio=5 tid=15 timed_waiting
java.lang.Thread.State: TIMED_WAITING
        at java.lang.Object.wait(Native Method)
        at org.apache.hadoop.hdds.scm.pipeline.BackgroundPipelineCreator.run(BackgroundPipelineCreator.java:176)
        at org.apache.hadoop.hdds.scm.pipeline.BackgroundPipelineCreator$$Lambda$380/109978855.run(Unknown Source)
        at java.lang.Thread.run(Thread.java:750)
"qtp2040269640-364" daemon prio=5 tid=364 timed_waiting
java.lang.Thread.State: TIMED_WAITING
        at sun.misc.Unsafe.park(Native Method)
        at java.util.concurrent.locks.LockSupport.parkNanos(LockSupport.java:215)
        at java.util.concurrent.locks.AbstractQueuedSynchronizer$ConditionObject.awaitNanos(AbstractQueuedSynchronizer.java:2078)
        at org.eclipse.jetty.util.BlockingArrayQueue.poll(BlockingArrayQueue.java:382)
        at org.eclipse.jetty.util.thread.QueuedThreadPool$Runner.idleJobPoll(QueuedThreadPool.java:974)
        at org.eclipse.jetty.util.thread.QueuedThreadPool$Runner.run(QueuedThreadPool.java:1018)
        at java.lang.Thread.run(Thread.java:750)
"51369307-b0de-40aa-9d6f-41f84e1cecb7-NettyServerStreamRpc-bossGroup--thread1"  prio=5 tid=358 runnable
java.lang.Thread.State: RUNNABLE
        at sun.nio.ch.EPollArrayWrapper.epollWait(Native Method)
        at sun.nio.ch.EPollArrayWrapper.poll(EPollArrayWrapper.java:269)
        at sun.nio.ch.EPollSelectorImpl.doSelect(EPollSelectorImpl.java:93)
        at sun.nio.ch.SelectorImpl.lockAndDoSelect(SelectorImpl.java:86)
        at sun.nio.ch.SelectorImpl.select(SelectorImpl.java:97)
        at sun.nio.ch.SelectorImpl.select(SelectorImpl.java:101)
        at org.apache.ratis.thirdparty.io.netty.channel.nio.SelectedSelectionKeySetSelector.select(SelectedSelectionKeySetSelector.java:68)
        at org.apache.ratis.thirdparty.io.netty.channel.nio.NioEventLoop.select(NioEventLoop.java:813)
        at org.apache.ratis.thirdparty.io.netty.channel.nio.NioEventLoop.run(NioEventLoop.java:460)
        at org.apache.ratis.thirdparty.io.netty.util.concurrent.SingleThreadEventExecutor$4.run(SingleThreadEventExecutor.java:995)
        at org.apache.ratis.thirdparty.io.netty.util.internal.ThreadExecutorMap$2.run(ThreadExecutorMap.java:74)
        at java.lang.Thread.run(Thread.java:750)
"Datanode State Machine Daemon Thread" daemon prio=5 tid=277 timed_waiting
java.lang.Thread.State: TIMED_WAITING
        at java.lang.Thread.sleep(Native Method)
        at org.apache.hadoop.ozone.container.common.statemachine.DatanodeStateMachine.startStateMachineThread(DatanodeStateMachine.java:324)
        at org.apache.hadoop.ozone.container.common.statemachine.DatanodeStateMachine.lambda$startDaemon$0(DatanodeStateMachine.java:509)
        at org.apache.hadoop.ozone.container.common.statemachine.DatanodeStateMachine$$Lambda$782/807019219.run(Unknown Source)
        at java.lang.Thread.run(Thread.java:750)
"Session-HouseKeeper-1e2cf7f9-1"  prio=5 tid=222 timed_waiting
java.lang.Thread.State: TIMED_WAITING
        at sun.misc.Unsafe.park(Native Method)
        at java.util.concurrent.locks.LockSupport.parkNanos(LockSupport.java:215)
        at java.util.concurrent.locks.AbstractQueuedSynchronizer$ConditionObject.awaitNanos(AbstractQueuedSynchronizer.java:2078)
        at java.util.concurrent.ScheduledThreadPoolExecutor$DelayedWorkQueue.take(ScheduledThreadPoolExecutor.java:1093)
        at java.util.concurrent.ScheduledThreadPoolExecutor$DelayedWorkQueue.take(ScheduledThreadPoolExecutor.java:809)
        at java.util.concurrent.ThreadPoolExecutor.getTask(ThreadPoolExecutor.java:1074)
        at java.util.concurrent.ThreadPoolExecutor.runWorker(ThreadPoolExecutor.java:1134)
        at java.util.concurrent.ThreadPoolExecutor$Worker.run(ThreadPoolExecutor.java:624)
        at java.lang.Thread.run(Thread.java:750)
"DatanodeAdminManager-0" daemon prio=5 tid=21 timed_waiting
java.lang.Thread.State: TIMED_WAITING
        at sun.misc.Unsafe.park(Native Method)
        at java.util.concurrent.locks.LockSupport.parkNanos(LockSupport.java:215)
        at java.util.concurrent.locks.AbstractQueuedSynchronizer$ConditionObject.awaitNanos(AbstractQueuedSynchronizer.java:2078)
        at java.util.concurrent.ScheduledThreadPoolExecutor$DelayedWorkQueue.take(ScheduledThreadPoolExecutor.java:1093)
        at java.util.concurrent.ScheduledThreadPoolExecutor$DelayedWorkQueue.take(ScheduledThreadPoolExecutor.java:809)
        at java.util.concurrent.ThreadPoolExecutor.getTask(ThreadPoolExecutor.java:1074)
        at java.util.concurrent.ThreadPoolExecutor.runWorker(ThreadPoolExecutor.java:1134)
        at java.util.concurrent.ThreadPoolExecutor$Worker.run(ThreadPoolExecutor.java:624)
        at java.lang.Thread.run(Thread.java:750)
"qtp1825348545-271" daemon prio=5 tid=271 timed_waiting
java.lang.Thread.State: TIMED_WAITING
        at sun.misc.Unsafe.park(Native Method)
        at java.util.concurrent.locks.LockSupport.parkNanos(LockSupport.java:215)
        at java.util.concurrent.locks.AbstractQueuedSynchronizer$ConditionObject.awaitNanos(AbstractQueuedSynchronizer.java:2078)
        at org.eclipse.jetty.util.BlockingArrayQueue.poll(BlockingArrayQueue.java:382)
        at org.eclipse.jetty.util.thread.QueuedThreadPool$Runner.idleJobPoll(QueuedThreadPool.java:974)
        at org.eclipse.jetty.util.thread.QueuedThreadPool$Runner.run(QueuedThreadPool.java:1018)
        at java.lang.Thread.run(Thread.java:750)
"EventQueue-PipelineReportForPipelineReportHandler" daemon prio=5 tid=503 in Object.wait()
java.lang.Thread.State: WAITING (on object monitor)
        at sun.misc.Unsafe.park(Native Method)
        at java.util.concurrent.locks.LockSupport.park(LockSupport.java:175)
        at java.util.concurrent.locks.AbstractQueuedSynchronizer$ConditionObject.await(AbstractQueuedSynchronizer.java:2039)
        at java.util.concurrent.LinkedBlockingQueue.take(LinkedBlockingQueue.java:442)
        at java.util.concurrent.ThreadPoolExecutor.getTask(ThreadPoolExecutor.java:1074)
        at java.util.concurrent.ThreadPoolExecutor.runWorker(ThreadPoolExecutor.java:1134)
        at java.util.concurrent.ThreadPoolExecutor$Worker.run(ThreadPoolExecutor.java:624)
        at java.lang.Thread.run(Thread.java:750)
"qtp1138657523-113" daemon prio=5 tid=113 timed_waiting
java.lang.Thread.State: TIMED_WAITING
        at sun.misc.Unsafe.park(Native Method)
        at java.util.concurrent.locks.LockSupport.parkNanos(LockSupport.java:215)
        at java.util.concurrent.locks.AbstractQueuedSynchronizer$ConditionObject.awaitNanos(AbstractQueuedSynchronizer.java:2078)
        at org.eclipse.jetty.util.BlockingArrayQueue.poll(BlockingArrayQueue.java:382)
        at org.eclipse.jetty.util.thread.QueuedThreadPool$Runner.idleJobPoll(QueuedThreadPool.java:974)
        at org.eclipse.jetty.util.thread.QueuedThreadPool$Runner.run(QueuedThreadPool.java:1018)
        at java.lang.Thread.run(Thread.java:750)
"22174ed7-3438-44c1-87a9-382e0277420a@group-4B191A258550-FollowerState" daemon prio=5 tid=906 timed_waiting
java.lang.Thread.State: TIMED_WAITING
        at java.lang.Thread.sleep(Native Method)
        at java.lang.Thread.sleep(Thread.java:342)
        at java.util.concurrent.TimeUnit.sleep(TimeUnit.java:386)
        at org.apache.ratis.util.TimeDuration.sleep(TimeDuration.java:325)
        at org.apache.ratis.util.TimeDuration.sleep(TimeDuration.java:310)
        at org.apache.ratis.server.impl.FollowerState.run(FollowerState.java:128)
"pool-110-thread-1" daemon prio=5 tid=235 timed_waiting
java.lang.Thread.State: TIMED_WAITING
        at sun.misc.Unsafe.park(Native Method)
        at java.util.concurrent.locks.LockSupport.parkNanos(LockSupport.java:215)
        at java.util.concurrent.locks.AbstractQueuedSynchronizer$ConditionObject.awaitNanos(AbstractQueuedSynchronizer.java:2078)
        at java.util.concurrent.ScheduledThreadPoolExecutor$DelayedWorkQueue.take(ScheduledThreadPoolExecutor.java:1093)
        at java.util.concurrent.ScheduledThreadPoolExecutor$DelayedWorkQueue.take(ScheduledThreadPoolExecutor.java:809)
        at java.util.concurrent.ThreadPoolExecutor.getTask(ThreadPoolExecutor.java:1074)
        at java.util.concurrent.ThreadPoolExecutor.runWorker(ThreadPoolExecutor.java:1134)
        at java.util.concurrent.ThreadPoolExecutor$Worker.run(ThreadPoolExecutor.java:624)
        at java.lang.Thread.run(Thread.java:750)
"StaleRecoveringContainerScrubbingService#0" daemon prio=5 tid=524 in Object.wait()
java.lang.Thread.State: WAITING (on object monitor)
        at sun.misc.Unsafe.park(Native Method)
        at java.util.concurrent.locks.LockSupport.park(LockSupport.java:175)
        at java.util.concurrent.locks.AbstractQueuedSynchronizer$ConditionObject.await(AbstractQueuedSynchronizer.java:2039)
        at java.util.concurrent.ScheduledThreadPoolExecutor$DelayedWorkQueue.take(ScheduledThreadPoolExecutor.java:1088)
        at java.util.concurrent.ScheduledThreadPoolExecutor$DelayedWorkQueue.take(ScheduledThreadPoolExecutor.java:809)
        at java.util.concurrent.ThreadPoolExecutor.getTask(ThreadPoolExecutor.java:1074)
        at java.util.concurrent.ThreadPoolExecutor.runWorker(ThreadPoolExecutor.java:1134)
        at java.util.concurrent.ThreadPoolExecutor$Worker.run(ThreadPoolExecutor.java:624)
        at java.lang.Thread.run(Thread.java:750)
"Datanode State Machine Daemon Thread" daemon prio=5 tid=422 timed_waiting
java.lang.Thread.State: TIMED_WAITING
        at java.lang.Thread.sleep(Native Method)
        at org.apache.hadoop.ozone.container.common.statemachine.DatanodeStateMachine.startStateMachineThread(DatanodeStateMachine.java:324)
        at org.apache.hadoop.ozone.container.common.statemachine.DatanodeStateMachine.lambda$startDaemon$0(DatanodeStateMachine.java:509)
        at org.apache.hadoop.ozone.container.common.statemachine.DatanodeStateMachine$$Lambda$782/807019219.run(Unknown Source)
        at java.lang.Thread.run(Thread.java:750)
"IPC Server handler 16 on default port 33951" daemon prio=5 tid=170 timed_waiting
java.lang.Thread.State: TIMED_WAITING
        at sun.misc.Unsafe.park(Native Method)
        at java.util.concurrent.locks.LockSupport.parkNanos(LockSupport.java:215)
        at java.util.concurrent.locks.AbstractQueuedSynchronizer$ConditionObject.awaitNanos(AbstractQueuedSynchronizer.java:2078)
        at java.util.concurrent.LinkedBlockingQueue.poll(LinkedBlockingQueue.java:467)
        at org.apache.hadoop.ipc.CallQueueManager.take(CallQueueManager.java:317)
        at org.apache.hadoop.ipc.Server$Handler.run(Server.java:2942)
"Datanode ReportManager Thread - 2" daemon prio=5 tid=425 timed_waiting
java.lang.Thread.State: TIMED_WAITING
        at sun.misc.Unsafe.park(Native Method)
        at java.util.concurrent.locks.LockSupport.parkNanos(LockSupport.java:215)
        at java.util.concurrent.locks.AbstractQueuedSynchronizer$ConditionObject.awaitNanos(AbstractQueuedSynchronizer.java:2078)
        at java.util.concurrent.ScheduledThreadPoolExecutor$DelayedWorkQueue.take(ScheduledThreadPoolExecutor.java:1093)
        at java.util.concurrent.ScheduledThreadPoolExecutor$DelayedWorkQueue.take(ScheduledThreadPoolExecutor.java:809)
        at java.util.concurrent.ThreadPoolExecutor.getTask(ThreadPoolExecutor.java:1074)
        at java.util.concurrent.ThreadPoolExecutor.runWorker(ThreadPoolExecutor.java:1134)
        at java.util.concurrent.ThreadPoolExecutor$Worker.run(ThreadPoolExecutor.java:624)
        at java.lang.Thread.run(Thread.java:750)
"Datanode ReportManager Thread - 4" daemon prio=5 tid=427 in Object.wait()
java.lang.Thread.State: WAITING (on object monitor)
        at sun.misc.Unsafe.park(Native Method)
        at java.util.concurrent.locks.LockSupport.park(LockSupport.java:175)
        at java.util.concurrent.locks.AbstractQueuedSynchronizer$ConditionObject.await(AbstractQueuedSynchronizer.java:2039)
        at java.util.concurrent.ScheduledThreadPoolExecutor$DelayedWorkQueue.take(ScheduledThreadPoolExecutor.java:1088)
        at java.util.concurrent.ScheduledThreadPoolExecutor$DelayedWorkQueue.take(ScheduledThreadPoolExecutor.java:809)
        at java.util.concurrent.ThreadPoolExecutor.getTask(ThreadPoolExecutor.java:1074)
        at java.util.concurrent.ThreadPoolExecutor.runWorker(ThreadPoolExecutor.java:1134)
        at java.util.concurrent.ThreadPoolExecutor$Worker.run(ThreadPoolExecutor.java:624)
        at java.lang.Thread.run(Thread.java:750)
"Datanode ReportManager Thread - 0" daemon prio=5 tid=345 timed_waiting
java.lang.Thread.State: TIMED_WAITING
        at sun.misc.Unsafe.park(Native Method)
        at java.util.concurrent.locks.LockSupport.parkNanos(LockSupport.java:215)
        at java.util.concurrent.locks.AbstractQueuedSynchronizer$ConditionObject.awaitNanos(AbstractQueuedSynchronizer.java:2078)
        at java.util.concurrent.ScheduledThreadPoolExecutor$DelayedWorkQueue.take(ScheduledThreadPoolExecutor.java:1093)
        at java.util.concurrent.ScheduledThreadPoolExecutor$DelayedWorkQueue.take(ScheduledThreadPoolExecutor.java:809)
        at java.util.concurrent.ThreadPoolExecutor.getTask(ThreadPoolExecutor.java:1074)
        at java.util.concurrent.ThreadPoolExecutor.runWorker(ThreadPoolExecutor.java:1134)
        at java.util.concurrent.ThreadPoolExecutor$Worker.run(ThreadPoolExecutor.java:624)
        at java.lang.Thread.run(Thread.java:750)
"IPC Server handler 11 on default port 33549" daemon prio=5 tid=97 timed_waiting
java.lang.Thread.State: TIMED_WAITING
        at sun.misc.Unsafe.park(Native Method)
        at java.util.concurrent.locks.LockSupport.parkNanos(LockSupport.java:215)
        at java.util.concurrent.locks.AbstractQueuedSynchronizer$ConditionObject.awaitNanos(AbstractQueuedSynchronizer.java:2078)
        at java.util.concurrent.LinkedBlockingQueue.poll(LinkedBlockingQueue.java:467)
        at org.apache.hadoop.ipc.CallQueueManager.take(CallQueueManager.java:317)
        at org.apache.hadoop.ipc.Server$Handler.run(Server.java:2942)
"StaleRecoveringContainerScrubbingService#2" daemon prio=5 tid=843 timed_waiting
java.lang.Thread.State: TIMED_WAITING
        at sun.misc.Unsafe.park(Native Method)
        at java.util.concurrent.locks.LockSupport.parkNanos(LockSupport.java:215)
        at java.util.concurrent.locks.AbstractQueuedSynchronizer$ConditionObject.awaitNanos(AbstractQueuedSynchronizer.java:2078)
        at java.util.concurrent.ScheduledThreadPoolExecutor$DelayedWorkQueue.take(ScheduledThreadPoolExecutor.java:1093)
        at java.util.concurrent.ScheduledThreadPoolExecutor$DelayedWorkQueue.take(ScheduledThreadPoolExecutor.java:809)
        at java.util.concurrent.ThreadPoolExecutor.getTask(ThreadPoolExecutor.java:1074)
        at java.util.concurrent.ThreadPoolExecutor.runWorker(ThreadPoolExecutor.java:1134)
        at java.util.concurrent.ThreadPoolExecutor$Worker.run(ThreadPoolExecutor.java:624)
        at java.lang.Thread.run(Thread.java:750)
"Command processor thread" daemon prio=5 tid=512 timed_waiting
java.lang.Thread.State: TIMED_WAITING
        at java.lang.Thread.sleep(Native Method)
        at org.apache.hadoop.ozone.container.common.statemachine.DatanodeStateMachine.lambda$initCommandHandlerThread$3(DatanodeStateMachine.java:644)
        at org.apache.hadoop.ozone.container.common.statemachine.DatanodeStateMachine$$Lambda$784/1996133064.run(Unknown Source)
        at java.lang.Thread.run(Thread.java:750)
"StaleRecoveringContainerScrubbingService#5" daemon prio=5 tid=944 in Object.wait()
java.lang.Thread.State: WAITING (on object monitor)
        at sun.misc.Unsafe.park(Native Method)
        at java.util.concurrent.locks.LockSupport.park(LockSupport.java:175)
        at java.util.concurrent.locks.AbstractQueuedSynchronizer$ConditionObject.await(AbstractQueuedSynchronizer.java:2039)
        at java.util.concurrent.ScheduledThreadPoolExecutor$DelayedWorkQueue.take(ScheduledThreadPoolExecutor.java:1088)
        at java.util.concurrent.ScheduledThreadPoolExecutor$DelayedWorkQueue.take(ScheduledThreadPoolExecutor.java:809)
        at java.util.concurrent.ThreadPoolExecutor.getTask(ThreadPoolExecutor.java:1074)
        at java.util.concurrent.ThreadPoolExecutor.runWorker(ThreadPoolExecutor.java:1134)
        at java.util.concurrent.ThreadPoolExecutor$Worker.run(ThreadPoolExecutor.java:624)
        at java.lang.Thread.run(Thread.java:750)
"org.apache.hadoop.util.JvmPauseMonitor$Monitor@330d16af" daemon prio=5 tid=107 timed_waiting
java.lang.Thread.State: TIMED_WAITING
        at java.lang.Thread.sleep(Native Method)
        at org.apache.hadoop.util.JvmPauseMonitor$Monitor.run(JvmPauseMonitor.java:192)
        at java.lang.Thread.run(Thread.java:750)
"FullTableCache Cleanup Thread - 0" daemon prio=5 tid=792 in Object.wait()
java.lang.Thread.State: WAITING (on object monitor)
        at sun.misc.Unsafe.park(Native Method)
        at java.util.concurrent.locks.LockSupport.park(LockSupport.java:175)
        at java.util.concurrent.locks.AbstractQueuedSynchronizer$ConditionObject.await(AbstractQueuedSynchronizer.java:2039)
        at java.util.concurrent.LinkedBlockingQueue.take(LinkedBlockingQueue.java:442)
        at java.util.concurrent.ThreadPoolExecutor.getTask(ThreadPoolExecutor.java:1074)
        at java.util.concurrent.ThreadPoolExecutor.runWorker(ThreadPoolExecutor.java:1134)
        at java.util.concurrent.ThreadPoolExecutor$Worker.run(ThreadPoolExecutor.java:624)
        at java.lang.Thread.run(Thread.java:750)
"IPC Server Responder" daemon prio=5 tid=133 runnable
java.lang.Thread.State: RUNNABLE
        at sun.nio.ch.EPollArrayWrapper.epollWait(Native Method)
        at sun.nio.ch.EPollArrayWrapper.poll(EPollArrayWrapper.java:269)
        at sun.nio.ch.EPollSelectorImpl.doSelect(EPollSelectorImpl.java:93)
        at sun.nio.ch.SelectorImpl.lockAndDoSelect(SelectorImpl.java:86)
        at sun.nio.ch.SelectorImpl.select(SelectorImpl.java:97)
        at org.apache.hadoop.ipc.Server$Responder.doRunLoop(Server.java:1532)
        at org.apache.hadoop.ipc.Server$Responder.run(Server.java:1515)
"Datanode State Machine Task Thread - 0"  prio=5 tid=514 in Object.wait()
java.lang.Thread.State: WAITING (on object monitor)
        at sun.misc.Unsafe.park(Native Method)
        at java.util.concurrent.locks.LockSupport.park(LockSupport.java:175)
        at java.util.concurrent.locks.AbstractQueuedSynchronizer$ConditionObject.await(AbstractQueuedSynchronizer.java:2039)
        at java.util.concurrent.LinkedBlockingQueue.take(LinkedBlockingQueue.java:442)
        at java.util.concurrent.ThreadPoolExecutor.getTask(ThreadPoolExecutor.java:1074)
        at java.util.concurrent.ThreadPoolExecutor.runWorker(ThreadPoolExecutor.java:1134)
        at java.util.concurrent.ThreadPoolExecutor$Worker.run(ThreadPoolExecutor.java:624)
        at java.lang.Thread.run(Thread.java:750)
"grpc-default-executor-6" daemon prio=5 tid=733 timed_waiting
java.lang.Thread.State: TIMED_WAITING
        at sun.misc.Unsafe.park(Native Method)
        at java.util.concurrent.locks.LockSupport.parkNanos(LockSupport.java:215)
        at java.util.concurrent.SynchronousQueue$TransferStack.awaitFulfill(SynchronousQueue.java:460)
        at java.util.concurrent.SynchronousQueue$TransferStack.transfer(SynchronousQueue.java:362)
        at java.util.concurrent.SynchronousQueue.poll(SynchronousQueue.java:941)
        at java.util.concurrent.ThreadPoolExecutor.getTask(ThreadPoolExecutor.java:1073)
        at java.util.concurrent.ThreadPoolExecutor.runWorker(ThreadPoolExecutor.java:1134)
        at java.util.concurrent.ThreadPoolExecutor$Worker.run(ThreadPoolExecutor.java:624)
        at java.lang.Thread.run(Thread.java:750)
"pool-149-thread-1"  prio=5 tid=267 timed_waiting
java.lang.Thread.State: TIMED_WAITING
        at sun.misc.Unsafe.park(Native Method)
        at java.util.concurrent.locks.LockSupport.parkNanos(LockSupport.java:215)
        at java.util.concurrent.locks.AbstractQueuedSynchronizer$ConditionObject.awaitNanos(AbstractQueuedSynchronizer.java:2078)
        at java.util.concurrent.ScheduledThreadPoolExecutor$DelayedWorkQueue.take(ScheduledThreadPoolExecutor.java:1093)
        at java.util.concurrent.ScheduledThreadPoolExecutor$DelayedWorkQueue.take(ScheduledThreadPoolExecutor.java:809)
        at java.util.concurrent.ThreadPoolExecutor.getTask(ThreadPoolExecutor.java:1074)
        at java.util.concurrent.ThreadPoolExecutor.runWorker(ThreadPoolExecutor.java:1134)
        at java.util.concurrent.ThreadPoolExecutor$Worker.run(ThreadPoolExecutor.java:624)
        at java.lang.Thread.run(Thread.java:750)
"IPC Server Responder" daemon prio=5 tid=30 runnable
java.lang.Thread.State: RUNNABLE
        at sun.nio.ch.EPollArrayWrapper.epollWait(Native Method)
        at sun.nio.ch.EPollArrayWrapper.poll(EPollArrayWrapper.java:269)
        at sun.nio.ch.EPollSelectorImpl.doSelect(EPollSelectorImpl.java:93)
        at sun.nio.ch.SelectorImpl.lockAndDoSelect(SelectorImpl.java:86)
        at sun.nio.ch.SelectorImpl.select(SelectorImpl.java:97)
        at org.apache.hadoop.ipc.Server$Responder.doRunLoop(Server.java:1532)
        at org.apache.hadoop.ipc.Server$Responder.run(Server.java:1515)
"qtp2040269640-367" daemon prio=5 tid=367 timed_waiting
java.lang.Thread.State: TIMED_WAITING
        at sun.misc.Unsafe.park(Native Method)
        at java.util.concurrent.locks.LockSupport.parkNanos(LockSupport.java:215)
        at java.util.concurrent.locks.AbstractQueuedSynchronizer$ConditionObject.awaitNanos(AbstractQueuedSynchronizer.java:2078)
        at org.eclipse.jetty.util.BlockingArrayQueue.poll(BlockingArrayQueue.java:382)
        at org.eclipse.jetty.util.thread.QueuedThreadPool$Runner.idleJobPoll(QueuedThreadPool.java:974)
        at org.eclipse.jetty.util.thread.QueuedThreadPool$Runner.run(QueuedThreadPool.java:1018)
        at java.lang.Thread.run(Thread.java:750)
"StaleRecoveringContainerScrubbingService#3" daemon prio=5 tid=889 in Object.wait()
java.lang.Thread.State: WAITING (on object monitor)
        at sun.misc.Unsafe.park(Native Method)
        at java.util.concurrent.locks.LockSupport.park(LockSupport.java:175)
        at java.util.concurrent.locks.AbstractQueuedSynchronizer$ConditionObject.await(AbstractQueuedSynchronizer.java:2039)
        at java.util.concurrent.ScheduledThreadPoolExecutor$DelayedWorkQueue.take(ScheduledThreadPoolExecutor.java:1088)
        at java.util.concurrent.ScheduledThreadPoolExecutor$DelayedWorkQueue.take(ScheduledThreadPoolExecutor.java:809)
        at java.util.concurrent.ThreadPoolExecutor.getTask(ThreadPoolExecutor.java:1074)
        at java.util.concurrent.ThreadPoolExecutor.runWorker(ThreadPoolExecutor.java:1134)
        at java.util.concurrent.ThreadPoolExecutor$Worker.run(ThreadPoolExecutor.java:624)
        at java.lang.Thread.run(Thread.java:750)
"ChunkWriter-0-0" daemon prio=5 tid=568 in Object.wait()
java.lang.Thread.State: WAITING (on object monitor)
        at sun.misc.Unsafe.park(Native Method)
        at java.util.concurrent.locks.LockSupport.park(LockSupport.java:175)
        at java.util.concurrent.locks.AbstractQueuedSynchronizer$ConditionObject.await(AbstractQueuedSynchronizer.java:2039)
        at java.util.concurrent.LinkedBlockingDeque.takeFirst(LinkedBlockingDeque.java:492)
        at java.util.concurrent.LinkedBlockingDeque.take(LinkedBlockingDeque.java:680)
        at java.util.concurrent.ThreadPoolExecutor.getTask(ThreadPoolExecutor.java:1074)
        at java.util.concurrent.ThreadPoolExecutor.runWorker(ThreadPoolExecutor.java:1134)
        at java.util.concurrent.ThreadPoolExecutor$Worker.run(ThreadPoolExecutor.java:624)
        at java.lang.Thread.run(Thread.java:750)
"qtp1825348545-272" daemon prio=5 tid=272 timed_waiting
java.lang.Thread.State: TIMED_WAITING
        at sun.misc.Unsafe.park(Native Method)
        at java.util.concurrent.locks.LockSupport.parkNanos(LockSupport.java:215)
        at java.util.concurrent.locks.AbstractQueuedSynchronizer$ConditionObject.awaitNanos(AbstractQueuedSynchronizer.java:2078)
        at org.eclipse.jetty.util.BlockingArrayQueue.poll(BlockingArrayQueue.java:382)
        at org.eclipse.jetty.util.thread.QueuedThreadPool$Runner.idleJobPoll(QueuedThreadPool.java:974)
        at org.eclipse.jetty.util.thread.QueuedThreadPool$Runner.run(QueuedThreadPool.java:1018)
        at java.lang.Thread.run(Thread.java:750)
"Datanode ReportManager Thread - 2" daemon prio=5 tid=253 in Object.wait()
java.lang.Thread.State: WAITING (on object monitor)
        at sun.misc.Unsafe.park(Native Method)
        at java.util.concurrent.locks.LockSupport.park(LockSupport.java:175)
        at java.util.concurrent.locks.AbstractQueuedSynchronizer$ConditionObject.await(AbstractQueuedSynchronizer.java:2039)
        at java.util.concurrent.ScheduledThreadPoolExecutor$DelayedWorkQueue.take(ScheduledThreadPoolExecutor.java:1088)
        at java.util.concurrent.ScheduledThreadPoolExecutor$DelayedWorkQueue.take(ScheduledThreadPoolExecutor.java:809)
        at java.util.concurrent.ThreadPoolExecutor.getTask(ThreadPoolExecutor.java:1074)
        at java.util.concurrent.ThreadPoolExecutor.runWorker(ThreadPoolExecutor.java:1134)
        at java.util.concurrent.ThreadPoolExecutor$Worker.run(ThreadPoolExecutor.java:624)
        at java.lang.Thread.run(Thread.java:750)
"ChunkReader-0" daemon prio=5 tid=805 in Object.wait()
java.lang.Thread.State: WAITING (on object monitor)
        at sun.misc.Unsafe.park(Native Method)
        at java.util.concurrent.locks.LockSupport.park(LockSupport.java:175)
        at java.util.concurrent.locks.AbstractQueuedSynchronizer$ConditionObject.await(AbstractQueuedSynchronizer.java:2039)
        at java.util.concurrent.LinkedBlockingQueue.take(LinkedBlockingQueue.java:442)
        at java.util.concurrent.ThreadPoolExecutor.getTask(ThreadPoolExecutor.java:1074)
        at java.util.concurrent.ThreadPoolExecutor.runWorker(ThreadPoolExecutor.java:1134)
        at java.util.concurrent.ThreadPoolExecutor$Worker.run(ThreadPoolExecutor.java:624)
        at java.lang.Thread.run(Thread.java:750)
"d09c218f-b416-45d6-bb77-0144cdedc1ff-server-thread5" daemon prio=5 tid=795 timed_waiting
java.lang.Thread.State: TIMED_WAITING
        at sun.misc.Unsafe.park(Native Method)
        at java.util.concurrent.locks.LockSupport.parkNanos(LockSupport.java:215)
        at java.util.concurrent.SynchronousQueue$TransferStack.awaitFulfill(SynchronousQueue.java:460)
        at java.util.concurrent.SynchronousQueue$TransferStack.transfer(SynchronousQueue.java:362)
        at java.util.concurrent.SynchronousQueue.poll(SynchronousQueue.java:941)
        at java.util.concurrent.ThreadPoolExecutor.getTask(ThreadPoolExecutor.java:1073)
        at java.util.concurrent.ThreadPoolExecutor.runWorker(ThreadPoolExecutor.java:1134)
        at java.util.concurrent.ThreadPoolExecutor$Worker.run(ThreadPoolExecutor.java:624)
        at java.lang.Thread.run(Thread.java:750)
"qtp562342489-218" daemon prio=5 tid=218 timed_waiting
java.lang.Thread.State: TIMED_WAITING
        at sun.misc.Unsafe.park(Native Method)
        at java.util.concurrent.locks.LockSupport.parkNanos(LockSupport.java:215)
        at java.util.concurrent.locks.AbstractQueuedSynchronizer$ConditionObject.awaitNanos(AbstractQueuedSynchronizer.java:2078)
        at org.eclipse.jetty.util.BlockingArrayQueue.poll(BlockingArrayQueue.java:382)
        at org.eclipse.jetty.util.thread.QueuedThreadPool$Runner.idleJobPoll(QueuedThreadPool.java:974)
        at org.eclipse.jetty.util.thread.QueuedThreadPool$Runner.run(QueuedThreadPool.java:1018)
        at java.lang.Thread.run(Thread.java:750)
"22174ed7-3438-44c1-87a9-382e0277420a-NettyServerStreamRpc-bossGroup--thread1"  prio=5 tid=210 runnable
java.lang.Thread.State: RUNNABLE
        at sun.nio.ch.EPollArrayWrapper.epollWait(Native Method)
        at sun.nio.ch.EPollArrayWrapper.poll(EPollArrayWrapper.java:269)
        at sun.nio.ch.EPollSelectorImpl.doSelect(EPollSelectorImpl.java:93)
        at sun.nio.ch.SelectorImpl.lockAndDoSelect(SelectorImpl.java:86)
        at sun.nio.ch.SelectorImpl.select(SelectorImpl.java:97)
        at sun.nio.ch.SelectorImpl.select(SelectorImpl.java:101)
        at org.apache.ratis.thirdparty.io.netty.channel.nio.SelectedSelectionKeySetSelector.select(SelectedSelectionKeySetSelector.java:68)
        at org.apache.ratis.thirdparty.io.netty.channel.nio.NioEventLoop.select(NioEventLoop.java:813)
        at org.apache.ratis.thirdparty.io.netty.channel.nio.NioEventLoop.run(NioEventLoop.java:460)
        at org.apache.ratis.thirdparty.io.netty.util.concurrent.SingleThreadEventExecutor$4.run(SingleThreadEventExecutor.java:995)
        at org.apache.ratis.thirdparty.io.netty.util.internal.ThreadExecutorMap$2.run(ThreadExecutorMap.java:74)
        at java.lang.Thread.run(Thread.java:750)
"IPC Client (1939144888) connection to 0.0.0.0/0.0.0.0:33549 from runner" daemon prio=5 tid=315 timed_waiting
java.lang.Thread.State: TIMED_WAITING
        at java.lang.Object.wait(Native Method)
        at org.apache.hadoop.ipc.Client$Connection.waitForWork(Client.java:1086)
        at org.apache.hadoop.ipc.Client$Connection.run(Client.java:1133)
"Datanode ReportManager Thread - 1" daemon prio=5 tid=346 timed_waiting
java.lang.Thread.State: TIMED_WAITING
        at sun.misc.Unsafe.park(Native Method)
        at java.util.concurrent.locks.LockSupport.parkNanos(LockSupport.java:215)
        at java.util.concurrent.locks.AbstractQueuedSynchronizer$ConditionObject.awaitNanos(AbstractQueuedSynchronizer.java:2078)
        at java.util.concurrent.ScheduledThreadPoolExecutor$DelayedWorkQueue.take(ScheduledThreadPoolExecutor.java:1093)
        at java.util.concurrent.ScheduledThreadPoolExecutor$DelayedWorkQueue.take(ScheduledThreadPoolExecutor.java:809)
        at java.util.concurrent.ThreadPoolExecutor.getTask(ThreadPoolExecutor.java:1074)
        at java.util.concurrent.ThreadPoolExecutor.runWorker(ThreadPoolExecutor.java:1134)
        at java.util.concurrent.ThreadPoolExecutor$Worker.run(ThreadPoolExecutor.java:624)
        at java.lang.Thread.run(Thread.java:750)
"Datanode State Machine Task Thread - 1"  prio=5 tid=540 in Object.wait()
java.lang.Thread.State: WAITING (on object monitor)
        at sun.misc.Unsafe.park(Native Method)
        at java.util.concurrent.locks.LockSupport.park(LockSupport.java:175)
        at java.util.concurrent.locks.AbstractQueuedSynchronizer$ConditionObject.await(AbstractQueuedSynchronizer.java:2039)
        at java.util.concurrent.LinkedBlockingQueue.take(LinkedBlockingQueue.java:442)
        at java.util.concurrent.ThreadPoolExecutor.getTask(ThreadPoolExecutor.java:1074)
        at java.util.concurrent.ThreadPoolExecutor.runWorker(ThreadPoolExecutor.java:1134)
        at java.util.concurrent.ThreadPoolExecutor$Worker.run(ThreadPoolExecutor.java:624)
        at java.lang.Thread.run(Thread.java:750)
"surefire-forkedjvm-command-thread" daemon prio=5 tid=10 runnable
java.lang.Thread.State: RUNNABLE
        at java.io.FileInputStream.readBytes(Native Method)
        at java.io.FileInputStream.read(FileInputStream.java:255)
        at java.io.BufferedInputStream.read1(BufferedInputStream.java:284)
        at java.io.BufferedInputStream.read(BufferedInputStream.java:345)
        at java.io.BufferedInputStream.fill(BufferedInputStream.java:246)
        at java.io.BufferedInputStream.read1(BufferedInputStream.java:286)
        at java.io.BufferedInputStream.read(BufferedInputStream.java:345)
        at org.apache.maven.surefire.api.util.internal.Channels$3.readImpl(Channels.java:214)
        at org.apache.maven.surefire.api.util.internal.AbstractNoninterruptibleReadableChannel.read(AbstractNoninterruptibleReadableChannel.java:54)
        at org.apache.maven.surefire.booter.spi.LegacyMasterProcessChannelDecoder.decode(LegacyMasterProcessChannelDecoder.java:80)
        at org.apache.maven.surefire.booter.CommandReader$CommandRunnable.run(CommandReader.java:343)
        at java.lang.Thread.run(Thread.java:750)
"Datanode ReportManager Thread - 2" daemon prio=5 tid=280 in Object.wait()
java.lang.Thread.State: WAITING (on object monitor)
        at sun.misc.Unsafe.park(Native Method)
        at java.util.concurrent.locks.LockSupport.park(LockSupport.java:175)
        at java.util.concurrent.locks.AbstractQueuedSynchronizer$ConditionObject.await(AbstractQueuedSynchronizer.java:2039)
        at java.util.concurrent.ScheduledThreadPoolExecutor$DelayedWorkQueue.take(ScheduledThreadPoolExecutor.java:1088)
        at java.util.concurrent.ScheduledThreadPoolExecutor$DelayedWorkQueue.take(ScheduledThreadPoolExecutor.java:809)
        at java.util.concurrent.ThreadPoolExecutor.getTask(ThreadPoolExecutor.java:1074)
        at java.util.concurrent.ThreadPoolExecutor.runWorker(ThreadPoolExecutor.java:1134)
        at java.util.concurrent.ThreadPoolExecutor$Worker.run(ThreadPoolExecutor.java:624)
        at java.lang.Thread.run(Thread.java:750)
"pool-213-thread-1"  prio=5 tid=661 in Object.wait()
java.lang.Thread.State: WAITING (on object monitor)
        at sun.misc.Unsafe.park(Native Method)
        at java.util.concurrent.locks.LockSupport.park(LockSupport.java:175)
        at java.util.concurrent.locks.AbstractQueuedSynchronizer$ConditionObject.await(AbstractQueuedSynchronizer.java:2039)
        at java.util.concurrent.LinkedBlockingQueue.take(LinkedBlockingQueue.java:442)
        at java.util.concurrent.ThreadPoolExecutor.getTask(ThreadPoolExecutor.java:1074)
        at java.util.concurrent.ThreadPoolExecutor.runWorker(ThreadPoolExecutor.java:1134)
        at java.util.concurrent.ThreadPoolExecutor$Worker.run(ThreadPoolExecutor.java:624)
        at java.lang.Thread.run(Thread.java:750)
"Session-HouseKeeper-25f7bd70-1"  prio=5 tid=276 timed_waiting
java.lang.Thread.State: TIMED_WAITING
        at sun.misc.Unsafe.park(Native Method)
        at java.util.concurrent.locks.LockSupport.parkNanos(LockSupport.java:215)
        at java.util.concurrent.locks.AbstractQueuedSynchronizer$ConditionObject.awaitNanos(AbstractQueuedSynchronizer.java:2078)
        at java.util.concurrent.ScheduledThreadPoolExecutor$DelayedWorkQueue.take(ScheduledThreadPoolExecutor.java:1093)
        at java.util.concurrent.ScheduledThreadPoolExecutor$DelayedWorkQueue.take(ScheduledThreadPoolExecutor.java:809)
        at java.util.concurrent.ThreadPoolExecutor.getTask(ThreadPoolExecutor.java:1074)
        at java.util.concurrent.ThreadPoolExecutor.runWorker(ThreadPoolExecutor.java:1134)
        at java.util.concurrent.ThreadPoolExecutor$Worker.run(ThreadPoolExecutor.java:624)
        at java.lang.Thread.run(Thread.java:750)
"IPC Server handler 3 on default port 35905" daemon prio=5 tid=69 timed_waiting
java.lang.Thread.State: TIMED_WAITING
        at sun.misc.Unsafe.park(Native Method)
        at java.util.concurrent.locks.LockSupport.parkNanos(LockSupport.java:215)
        at java.util.concurrent.locks.AbstractQueuedSynchronizer$ConditionObject.awaitNanos(AbstractQueuedSynchronizer.java:2078)
        at java.util.concurrent.LinkedBlockingQueue.poll(LinkedBlockingQueue.java:467)
        at org.apache.hadoop.ipc.CallQueueManager.take(CallQueueManager.java:317)
        at org.apache.hadoop.ipc.Server$Handler.run(Server.java:2942)
"FixedThreadPoolWithAffinityExecutor-4-0" daemon prio=5 tid=39 timed_waiting
java.lang.Thread.State: TIMED_WAITING
        at sun.misc.Unsafe.park(Native Method)
        at java.util.concurrent.locks.LockSupport.parkNanos(LockSupport.java:215)
        at java.util.concurrent.locks.AbstractQueuedSynchronizer$ConditionObject.awaitNanos(AbstractQueuedSynchronizer.java:2078)
        at java.util.concurrent.LinkedBlockingQueue.poll(LinkedBlockingQueue.java:467)
        at org.apache.hadoop.hdds.scm.server.ContainerReportQueue.poll(ContainerReportQueue.java:266)
        at org.apache.hadoop.hdds.scm.server.ContainerReportQueue.poll(ContainerReportQueue.java:42)
        at org.apache.hadoop.hdds.server.events.FixedThreadPoolWithAffinityExecutor$ContainerReportProcessTask.run(FixedThreadPoolWithAffinityExecutor.java:247)
        at java.util.concurrent.Executors$RunnableAdapter.call(Executors.java:511)
        at java.util.concurrent.FutureTask.run(FutureTask.java:266)
        at java.util.concurrent.ThreadPoolExecutor.runWorker(ThreadPoolExecutor.java:1149)
        at java.util.concurrent.ThreadPoolExecutor$Worker.run(ThreadPoolExecutor.java:624)
        at java.lang.Thread.run(Thread.java:750)
"ChunkReader-1" daemon prio=5 tid=806 in Object.wait()
java.lang.Thread.State: WAITING (on object monitor)
        at sun.misc.Unsafe.park(Native Method)
        at java.util.concurrent.locks.LockSupport.park(LockSupport.java:175)
        at java.util.concurrent.locks.AbstractQueuedSynchronizer$ConditionObject.await(AbstractQueuedSynchronizer.java:2039)
        at java.util.concurrent.LinkedBlockingQueue.take(LinkedBlockingQueue.java:442)
        at java.util.concurrent.ThreadPoolExecutor.getTask(ThreadPoolExecutor.java:1074)
        at java.util.concurrent.ThreadPoolExecutor.runWorker(ThreadPoolExecutor.java:1134)
        at java.util.concurrent.ThreadPoolExecutor$Worker.run(ThreadPoolExecutor.java:624)
        at java.lang.Thread.run(Thread.java:750)
"Datanode ReportManager Thread - 4" daemon prio=5 tid=511 timed_waiting
java.lang.Thread.State: TIMED_WAITING
        at sun.misc.Unsafe.park(Native Method)
        at java.util.concurrent.locks.LockSupport.parkNanos(LockSupport.java:215)
        at java.util.concurrent.locks.AbstractQueuedSynchronizer$ConditionObject.awaitNanos(AbstractQueuedSynchronizer.java:2078)
        at java.util.concurrent.ScheduledThreadPoolExecutor$DelayedWorkQueue.take(ScheduledThreadPoolExecutor.java:1093)
        at java.util.concurrent.ScheduledThreadPoolExecutor$DelayedWorkQueue.take(ScheduledThreadPoolExecutor.java:809)
        at java.util.concurrent.ThreadPoolExecutor.getTask(ThreadPoolExecutor.java:1074)
        at java.util.concurrent.ThreadPoolExecutor.runWorker(ThreadPoolExecutor.java:1134)
        at java.util.concurrent.ThreadPoolExecutor$Worker.run(ThreadPoolExecutor.java:624)
        at java.lang.Thread.run(Thread.java:750)
"IPC Server handler 12 on default port 33951" daemon prio=5 tid=166 timed_waiting
java.lang.Thread.State: TIMED_WAITING
        at sun.misc.Unsafe.park(Native Method)
        at java.util.concurrent.locks.LockSupport.parkNanos(LockSupport.java:215)
        at java.util.concurrent.locks.AbstractQueuedSynchronizer$ConditionObject.awaitNanos(AbstractQueuedSynchronizer.java:2078)
        at java.util.concurrent.LinkedBlockingQueue.poll(LinkedBlockingQueue.java:467)
        at org.apache.hadoop.ipc.CallQueueManager.take(CallQueueManager.java:317)
        at org.apache.hadoop.ipc.Server$Handler.run(Server.java:2942)
"Reference Handler" daemon prio=10 tid=2 in Object.wait()
java.lang.Thread.State: WAITING (on object monitor)
        at java.lang.Object.wait(Native Method)
        at java.lang.Object.wait(Object.java:502)
        at java.lang.ref.Reference.tryHandlePending(Reference.java:191)
        at java.lang.ref.Reference$ReferenceHandler.run(Reference.java:153)
"IPC Server handler 6 on default port 42667" daemon prio=5 tid=52 timed_waiting
java.lang.Thread.State: TIMED_WAITING
        at sun.misc.Unsafe.park(Native Method)
        at java.util.concurrent.locks.LockSupport.parkNanos(LockSupport.java:215)
        at java.util.concurrent.locks.AbstractQueuedSynchronizer$ConditionObject.awaitNanos(AbstractQueuedSynchronizer.java:2078)
        at java.util.concurrent.LinkedBlockingQueue.poll(LinkedBlockingQueue.java:467)
        at org.apache.hadoop.ipc.CallQueueManager.take(CallQueueManager.java:317)
        at org.apache.hadoop.ipc.Server$Handler.run(Server.java:2942)
"Session-HouseKeeper-2a336787-1"  prio=5 tid=370 timed_waiting
java.lang.Thread.State: TIMED_WAITING
        at sun.misc.Unsafe.park(Native Method)
        at java.util.concurrent.locks.LockSupport.parkNanos(LockSupport.java:215)
        at java.util.concurrent.locks.AbstractQueuedSynchronizer$ConditionObject.awaitNanos(AbstractQueuedSynchronizer.java:2078)
        at java.util.concurrent.ScheduledThreadPoolExecutor$DelayedWorkQueue.take(ScheduledThreadPoolExecutor.java:1093)
        at java.util.concurrent.ScheduledThreadPoolExecutor$DelayedWorkQueue.take(ScheduledThreadPoolExecutor.java:809)
        at java.util.concurrent.ThreadPoolExecutor.getTask(ThreadPoolExecutor.java:1074)
        at java.util.concurrent.ThreadPoolExecutor.runWorker(ThreadPoolExecutor.java:1134)
        at java.util.concurrent.ThreadPoolExecutor$Worker.run(ThreadPoolExecutor.java:624)
        at java.lang.Thread.run(Thread.java:750)
"PartialTableCache Cleanup Thread - 0" daemon prio=5 tid=964 in Object.wait()
java.lang.Thread.State: WAITING (on object monitor)
        at sun.misc.Unsafe.park(Native Method)
        at java.util.concurrent.locks.LockSupport.park(LockSupport.java:175)
        at java.util.concurrent.locks.AbstractQueuedSynchronizer$ConditionObject.await(AbstractQueuedSynchronizer.java:2039)
        at java.util.concurrent.LinkedBlockingQueue.take(LinkedBlockingQueue.java:442)
        at java.util.concurrent.ThreadPoolExecutor.getTask(ThreadPoolExecutor.java:1074)
        at java.util.concurrent.ThreadPoolExecutor.runWorker(ThreadPoolExecutor.java:1134)
        at java.util.concurrent.ThreadPoolExecutor$Worker.run(ThreadPoolExecutor.java:624)
        at java.lang.Thread.run(Thread.java:750)
"IPC Server handler 18 on default port 35905" daemon prio=5 tid=84 timed_waiting
java.lang.Thread.State: TIMED_WAITING
        at sun.misc.Unsafe.park(Native Method)
        at java.util.concurrent.locks.LockSupport.parkNanos(LockSupport.java:215)
        at java.util.concurrent.locks.AbstractQueuedSynchronizer$ConditionObject.awaitNanos(AbstractQueuedSynchronizer.java:2078)
        at java.util.concurrent.LinkedBlockingQueue.poll(LinkedBlockingQueue.java:467)
        at org.apache.hadoop.ipc.CallQueueManager.take(CallQueueManager.java:317)
        at org.apache.hadoop.ipc.Server$Handler.run(Server.java:2942)
"StaleRecoveringContainerScrubbingService#6" daemon prio=5 tid=955 in Object.wait()
java.lang.Thread.State: WAITING (on object monitor)
        at sun.misc.Unsafe.park(Native Method)
        at java.util.concurrent.locks.LockSupport.park(LockSupport.java:175)
        at java.util.concurrent.locks.AbstractQueuedSynchronizer$ConditionObject.await(AbstractQueuedSynchronizer.java:2039)
        at java.util.concurrent.ScheduledThreadPoolExecutor$DelayedWorkQueue.take(ScheduledThreadPoolExecutor.java:1088)
        at java.util.concurrent.ScheduledThreadPoolExecutor$DelayedWorkQueue.take(ScheduledThreadPoolExecutor.java:809)
        at java.util.concurrent.ThreadPoolExecutor.getTask(ThreadPoolExecutor.java:1074)
        at java.util.concurrent.ThreadPoolExecutor.runWorker(ThreadPoolExecutor.java:1134)
        at java.util.concurrent.ThreadPoolExecutor$Worker.run(ThreadPoolExecutor.java:624)
        at java.lang.Thread.run(Thread.java:750)
"StaleRecoveringContainerScrubbingService#6" daemon prio=5 tid=954 in Object.wait()
java.lang.Thread.State: WAITING (on object monitor)
        at sun.misc.Unsafe.park(Native Method)
        at java.util.concurrent.locks.LockSupport.park(LockSupport.java:175)
        at java.util.concurrent.locks.AbstractQueuedSynchronizer$ConditionObject.await(AbstractQueuedSynchronizer.java:2039)
        at java.util.concurrent.ScheduledThreadPoolExecutor$DelayedWorkQueue.take(ScheduledThreadPoolExecutor.java:1088)
        at java.util.concurrent.ScheduledThreadPoolExecutor$DelayedWorkQueue.take(ScheduledThreadPoolExecutor.java:809)
        at java.util.concurrent.ThreadPoolExecutor.getTask(ThreadPoolExecutor.java:1074)
        at java.util.concurrent.ThreadPoolExecutor.runWorker(ThreadPoolExecutor.java:1134)
        at java.util.concurrent.ThreadPoolExecutor$Worker.run(ThreadPoolExecutor.java:624)
        at java.lang.Thread.run(Thread.java:750)
"StaleRecoveringContainerScrubbingService#5" daemon prio=5 tid=948 in Object.wait()
java.lang.Thread.State: WAITING (on object monitor)
        at sun.misc.Unsafe.park(Native Method)
        at java.util.concurrent.locks.LockSupport.park(LockSupport.java:175)
        at java.util.concurrent.locks.AbstractQueuedSynchronizer$ConditionObject.await(AbstractQueuedSynchronizer.java:2039)
        at java.util.concurrent.ScheduledThreadPoolExecutor$DelayedWorkQueue.take(ScheduledThreadPoolExecutor.java:1088)
        at java.util.concurrent.ScheduledThreadPoolExecutor$DelayedWorkQueue.take(ScheduledThreadPoolExecutor.java:809)
        at java.util.concurrent.ThreadPoolExecutor.getTask(ThreadPoolExecutor.java:1074)
        at java.util.concurrent.ThreadPoolExecutor.runWorker(ThreadPoolExecutor.java:1134)
        at java.util.concurrent.ThreadPoolExecutor$Worker.run(ThreadPoolExecutor.java:624)
        at java.lang.Thread.run(Thread.java:750)
"qtp325536552-444" daemon prio=5 tid=444 timed_waiting
java.lang.Thread.State: TIMED_WAITING
        at sun.misc.Unsafe.park(Native Method)
        at java.util.concurrent.locks.LockSupport.parkNanos(LockSupport.java:215)
        at java.util.concurrent.locks.AbstractQueuedSynchronizer$ConditionObject.awaitNanos(AbstractQueuedSynchronizer.java:2078)
        at org.eclipse.jetty.util.BlockingArrayQueue.poll(BlockingArrayQueue.java:382)
        at org.eclipse.jetty.util.thread.QueuedThreadPool$Runner.idleJobPoll(QueuedThreadPool.java:974)
        at org.eclipse.jetty.util.thread.QueuedThreadPool$Runner.run(QueuedThreadPool.java:1018)
        at java.lang.Thread.run(Thread.java:750)
"JvmPauseMonitor8" daemon prio=5 tid=546 timed_waiting
java.lang.Thread.State: TIMED_WAITING
        at java.lang.Thread.sleep(Native Method)
        at java.lang.Thread.sleep(Thread.java:342)
        at java.util.concurrent.TimeUnit.sleep(TimeUnit.java:386)
        at org.apache.ratis.util.TimeDuration.sleep(TimeDuration.java:325)
        at org.apache.ratis.util.TimeDuration.sleep(TimeDuration.java:310)
        at org.apache.ratis.util.JvmPauseMonitor.detectPause(JvmPauseMonitor.java:119)
        at org.apache.ratis.util.JvmPauseMonitor.run(JvmPauseMonitor.java:108)
        at org.apache.ratis.util.JvmPauseMonitor$$Lambda$734/49719830.run(Unknown Source)
        at java.lang.Thread.run(Thread.java:750)
"StaleRecoveringContainerScrubbingService#9" daemon prio=5 tid=1000 in Object.wait()
java.lang.Thread.State: WAITING (on object monitor)
        at sun.misc.Unsafe.park(Native Method)
        at java.util.concurrent.locks.LockSupport.park(LockSupport.java:175)
        at java.util.concurrent.locks.AbstractQueuedSynchronizer$ConditionObject.await(AbstractQueuedSynchronizer.java:2039)
        at java.util.concurrent.ScheduledThreadPoolExecutor$DelayedWorkQueue.take(ScheduledThreadPoolExecutor.java:1088)
        at java.util.concurrent.ScheduledThreadPoolExecutor$DelayedWorkQueue.take(ScheduledThreadPoolExecutor.java:809)
        at java.util.concurrent.ThreadPoolExecutor.getTask(ThreadPoolExecutor.java:1074)
        at java.util.concurrent.ThreadPoolExecutor.runWorker(ThreadPoolExecutor.java:1134)
        at java.util.concurrent.ThreadPoolExecutor$Worker.run(ThreadPoolExecutor.java:624)
        at java.lang.Thread.run(Thread.java:750)
"IPC Server handler 19 on default port 33549" daemon prio=5 tid=105 timed_waiting
java.lang.Thread.State: TIMED_WAITING
        at sun.misc.Unsafe.park(Native Method)
        at java.util.concurrent.locks.LockSupport.parkNanos(LockSupport.java:215)
        at java.util.concurrent.locks.AbstractQueuedSynchronizer$ConditionObject.awaitNanos(AbstractQueuedSynchronizer.java:2078)
        at java.util.concurrent.LinkedBlockingQueue.poll(LinkedBlockingQueue.java:467)
        at org.apache.hadoop.ipc.CallQueueManager.take(CallQueueManager.java:317)
        at org.apache.hadoop.ipc.Server$Handler.run(Server.java:2942)
"ChunkWriter-2-0" daemon prio=5 tid=375 in Object.wait()
java.lang.Thread.State: WAITING (on object monitor)
        at sun.misc.Unsafe.park(Native Method)
        at java.util.concurrent.locks.LockSupport.park(LockSupport.java:175)
        at java.util.concurrent.locks.AbstractQueuedSynchronizer$ConditionObject.await(AbstractQueuedSynchronizer.java:2039)
        at java.util.concurrent.LinkedBlockingDeque.takeFirst(LinkedBlockingDeque.java:492)
        at java.util.concurrent.LinkedBlockingDeque.take(LinkedBlockingDeque.java:680)
        at java.util.concurrent.ThreadPoolExecutor.getTask(ThreadPoolExecutor.java:1074)
        at java.util.concurrent.ThreadPoolExecutor.runWorker(ThreadPoolExecutor.java:1134)
        at java.util.concurrent.ThreadPoolExecutor$Worker.run(ThreadPoolExecutor.java:624)
        at java.lang.Thread.run(Thread.java:750)
"204ebb6c-eb9c-4605-8b0a-417067302917@group-75780AEF7A1B-StateMachineUpdater" daemon prio=5 tid=612 timed_waiting
java.lang.Thread.State: TIMED_WAITING
        at sun.misc.Unsafe.park(Native Method)
        at java.util.concurrent.locks.LockSupport.parkNanos(LockSupport.java:215)
        at java.util.concurrent.locks.AbstractQueuedSynchronizer$ConditionObject.await(AbstractQueuedSynchronizer.java:2163)
        at org.apache.ratis.util.AwaitForSignal.await(AwaitForSignal.java:62)
        at org.apache.ratis.server.impl.StateMachineUpdater.waitForCommit(StateMachineUpdater.java:207)
        at org.apache.ratis.server.impl.StateMachineUpdater.run(StateMachineUpdater.java:176)
        at java.lang.Thread.run(Thread.java:750)
"Session-HouseKeeper-7f2717b3-1"  prio=5 tid=448 timed_waiting
java.lang.Thread.State: TIMED_WAITING
        at sun.misc.Unsafe.park(Native Method)
        at java.util.concurrent.locks.LockSupport.parkNanos(LockSupport.java:215)
        at java.util.concurrent.locks.AbstractQueuedSynchronizer$ConditionObject.awaitNanos(AbstractQueuedSynchronizer.java:2078)
        at java.util.concurrent.ScheduledThreadPoolExecutor$DelayedWorkQueue.take(ScheduledThreadPoolExecutor.java:1093)
        at java.util.concurrent.ScheduledThreadPoolExecutor$DelayedWorkQueue.take(ScheduledThreadPoolExecutor.java:809)
        at java.util.concurrent.ThreadPoolExecutor.getTask(ThreadPoolExecutor.java:1074)
        at java.util.concurrent.ThreadPoolExecutor.runWorker(ThreadPoolExecutor.java:1134)
        at java.util.concurrent.ThreadPoolExecutor$Worker.run(ThreadPoolExecutor.java:624)
        at java.lang.Thread.run(Thread.java:750)
"qtp1825348545-275" daemon prio=5 tid=275 timed_waiting
java.lang.Thread.State: TIMED_WAITING
        at sun.misc.Unsafe.park(Native Method)
        at java.util.concurrent.locks.LockSupport.parkNanos(LockSupport.java:215)
        at java.util.concurrent.locks.AbstractQueuedSynchronizer$ConditionObject.awaitNanos(AbstractQueuedSynchronizer.java:2078)
        at org.eclipse.jetty.util.BlockingArrayQueue.poll(BlockingArrayQueue.java:382)
        at org.eclipse.jetty.util.thread.QueuedThreadPool$Runner.idleJobPoll(QueuedThreadPool.java:974)
        at org.eclipse.jetty.util.thread.QueuedThreadPool$Runner.run(QueuedThreadPool.java:1018)
        at java.lang.Thread.run(Thread.java:750)
"Datanode ReportManager Thread - 1" daemon prio=5 tid=508 in Object.wait()
java.lang.Thread.State: WAITING (on object monitor)
        at sun.misc.Unsafe.park(Native Method)
        at java.util.concurrent.locks.LockSupport.park(LockSupport.java:175)
        at java.util.concurrent.locks.AbstractQueuedSynchronizer$ConditionObject.await(AbstractQueuedSynchronizer.java:2039)
        at java.util.concurrent.ScheduledThreadPoolExecutor$DelayedWorkQueue.take(ScheduledThreadPoolExecutor.java:1088)
        at java.util.concurrent.ScheduledThreadPoolExecutor$DelayedWorkQueue.take(ScheduledThreadPoolExecutor.java:809)
        at java.util.concurrent.ThreadPoolExecutor.getTask(ThreadPoolExecutor.java:1074)
        at java.util.concurrent.ThreadPoolExecutor.runWorker(ThreadPoolExecutor.java:1134)
        at java.util.concurrent.ThreadPoolExecutor$Worker.run(ThreadPoolExecutor.java:624)
        at java.lang.Thread.run(Thread.java:750)
"IPC Server handler 17 on default port 33951" daemon prio=5 tid=171 timed_waiting
java.lang.Thread.State: TIMED_WAITING
        at sun.misc.Unsafe.park(Native Method)
        at java.util.concurrent.locks.LockSupport.parkNanos(LockSupport.java:215)
        at java.util.concurrent.locks.AbstractQueuedSynchronizer$ConditionObject.awaitNanos(AbstractQueuedSynchronizer.java:2078)
        at java.util.concurrent.LinkedBlockingQueue.poll(LinkedBlockingQueue.java:467)
        at org.apache.hadoop.ipc.CallQueueManager.take(CallQueueManager.java:317)
        at org.apache.hadoop.ipc.Server$Handler.run(Server.java:2942)
"11dbea26-f97e-4766-b357-e6f8c74d2a9f@group-BF7384A7D9B8-SegmentedRaftLogWorker"  prio=5 tid=696 timed_waiting
java.lang.Thread.State: TIMED_WAITING
        at sun.misc.Unsafe.park(Native Method)
        at java.util.concurrent.locks.LockSupport.parkNanos(LockSupport.java:215)
        at java.util.concurrent.locks.AbstractQueuedSynchronizer$ConditionObject.awaitNanos(AbstractQueuedSynchronizer.java:2078)
        at org.apache.ratis.util.DataBlockingQueue.poll(DataBlockingQueue.java:148)
        at org.apache.ratis.server.raftlog.segmented.SegmentedRaftLogWorker.run(SegmentedRaftLogWorker.java:312)
        at org.apache.ratis.server.raftlog.segmented.SegmentedRaftLogWorker$$Lambda$693/377063671.run(Unknown Source)
        at java.lang.Thread.run(Thread.java:750)
"ChunkWriter-1-0" daemon prio=5 tid=569 in Object.wait()
java.lang.Thread.State: WAITING (on object monitor)
        at sun.misc.Unsafe.park(Native Method)
        at java.util.concurrent.locks.LockSupport.park(LockSupport.java:175)
        at java.util.concurrent.locks.AbstractQueuedSynchronizer$ConditionObject.await(AbstractQueuedSynchronizer.java:2039)
        at java.util.concurrent.LinkedBlockingDeque.takeFirst(LinkedBlockingDeque.java:492)
        at java.util.concurrent.LinkedBlockingDeque.take(LinkedBlockingDeque.java:680)
        at java.util.concurrent.ThreadPoolExecutor.getTask(ThreadPoolExecutor.java:1074)
        at java.util.concurrent.ThreadPoolExecutor.runWorker(ThreadPoolExecutor.java:1134)
        at java.util.concurrent.ThreadPoolExecutor$Worker.run(ThreadPoolExecutor.java:624)
        at java.lang.Thread.run(Thread.java:750)
"BlockDeletingService#0" daemon prio=5 tid=536 in Object.wait()
java.lang.Thread.State: WAITING (on object monitor)
        at sun.misc.Unsafe.park(Native Method)
        at java.util.concurrent.locks.LockSupport.park(LockSupport.java:175)
        at java.util.concurrent.locks.AbstractQueuedSynchronizer$ConditionObject.await(AbstractQueuedSynchronizer.java:2039)
        at java.util.concurrent.ScheduledThreadPoolExecutor$DelayedWorkQueue.take(ScheduledThreadPoolExecutor.java:1088)
        at java.util.concurrent.ScheduledThreadPoolExecutor$DelayedWorkQueue.take(ScheduledThreadPoolExecutor.java:809)
        at java.util.concurrent.ThreadPoolExecutor.getTask(ThreadPoolExecutor.java:1074)
        at java.util.concurrent.ThreadPoolExecutor.runWorker(ThreadPoolExecutor.java:1134)
        at java.util.concurrent.ThreadPoolExecutor$Worker.run(ThreadPoolExecutor.java:624)
        at java.lang.Thread.run(Thread.java:750)
"Socket Reader #1 for port 0"  prio=5 tid=131 runnable
java.lang.Thread.State: RUNNABLE
        at sun.nio.ch.EPollArrayWrapper.epollWait(Native Method)
        at sun.nio.ch.EPollArrayWrapper.poll(EPollArrayWrapper.java:269)
        at sun.nio.ch.EPollSelectorImpl.doSelect(EPollSelectorImpl.java:93)
        at sun.nio.ch.SelectorImpl.lockAndDoSelect(SelectorImpl.java:86)
        at sun.nio.ch.SelectorImpl.select(SelectorImpl.java:97)
        at sun.nio.ch.SelectorImpl.select(SelectorImpl.java:101)
        at org.apache.hadoop.ipc.Server$Listener$Reader.doRunLoop(Server.java:1296)
        at org.apache.hadoop.ipc.Server$Listener$Reader.run(Server.java:1275)
"StaleRecoveringContainerScrubbingService#7" daemon prio=5 tid=977 in Object.wait()
java.lang.Thread.State: WAITING (on object monitor)
        at sun.misc.Unsafe.park(Native Method)
        at java.util.concurrent.locks.LockSupport.park(LockSupport.java:175)
        at java.util.concurrent.locks.AbstractQueuedSynchronizer$ConditionObject.await(AbstractQueuedSynchronizer.java:2039)
        at java.util.concurrent.ScheduledThreadPoolExecutor$DelayedWorkQueue.take(ScheduledThreadPoolExecutor.java:1088)
        at java.util.concurrent.ScheduledThreadPoolExecutor$DelayedWorkQueue.take(ScheduledThreadPoolExecutor.java:809)
        at java.util.concurrent.ThreadPoolExecutor.getTask(ThreadPoolExecutor.java:1074)
        at java.util.concurrent.ThreadPoolExecutor.runWorker(ThreadPoolExecutor.java:1134)
        at java.util.concurrent.ThreadPoolExecutor$Worker.run(ThreadPoolExecutor.java:624)
        at java.lang.Thread.run(Thread.java:750)
"Datanode ReportManager Thread - 0" daemon prio=5 tid=278 timed_waiting
java.lang.Thread.State: TIMED_WAITING
        at sun.misc.Unsafe.park(Native Method)
        at java.util.concurrent.locks.LockSupport.parkNanos(LockSupport.java:215)
        at java.util.concurrent.locks.AbstractQueuedSynchronizer$ConditionObject.awaitNanos(AbstractQueuedSynchronizer.java:2078)
        at java.util.concurrent.ScheduledThreadPoolExecutor$DelayedWorkQueue.take(ScheduledThreadPoolExecutor.java:1093)
        at java.util.concurrent.ScheduledThreadPoolExecutor$DelayedWorkQueue.take(ScheduledThreadPoolExecutor.java:809)
        at java.util.concurrent.ThreadPoolExecutor.getTask(ThreadPoolExecutor.java:1074)
        at java.util.concurrent.ThreadPoolExecutor.runWorker(ThreadPoolExecutor.java:1134)
        at java.util.concurrent.ThreadPoolExecutor$Worker.run(ThreadPoolExecutor.java:624)
        at java.lang.Thread.run(Thread.java:750)
"Datanode ReportManager Thread - 4" daemon prio=5 tid=466 in Object.wait()
java.lang.Thread.State: WAITING (on object monitor)
        at sun.misc.Unsafe.park(Native Method)
        at java.util.concurrent.locks.LockSupport.park(LockSupport.java:175)
        at java.util.concurrent.locks.AbstractQueuedSynchronizer$ConditionObject.await(AbstractQueuedSynchronizer.java:2039)
        at java.util.concurrent.ScheduledThreadPoolExecutor$DelayedWorkQueue.take(ScheduledThreadPoolExecutor.java:1088)
        at java.util.concurrent.ScheduledThreadPoolExecutor$DelayedWorkQueue.take(ScheduledThreadPoolExecutor.java:809)
        at java.util.concurrent.ThreadPoolExecutor.getTask(ThreadPoolExecutor.java:1074)
        at java.util.concurrent.ThreadPoolExecutor.runWorker(ThreadPoolExecutor.java:1134)
        at java.util.concurrent.ThreadPoolExecutor$Worker.run(ThreadPoolExecutor.java:624)
        at java.lang.Thread.run(Thread.java:750)
"IPC Server handler 17 on default port 35905" daemon prio=5 tid=83 timed_waiting
java.lang.Thread.State: TIMED_WAITING
        at sun.misc.Unsafe.park(Native Method)
        at java.util.concurrent.locks.LockSupport.parkNanos(LockSupport.java:215)
        at java.util.concurrent.locks.AbstractQueuedSynchronizer$ConditionObject.awaitNanos(AbstractQueuedSynchronizer.java:2078)
        at java.util.concurrent.LinkedBlockingQueue.poll(LinkedBlockingQueue.java:467)
        at org.apache.hadoop.ipc.CallQueueManager.take(CallQueueManager.java:317)
        at org.apache.hadoop.ipc.Server$Handler.run(Server.java:2942)
"Finalizer" daemon prio=8 tid=3 in Object.wait()
java.lang.Thread.State: WAITING (on object monitor)
        at java.lang.Object.wait(Native Method)
        at java.lang.ref.ReferenceQueue.remove(ReferenceQueue.java:144)
        at java.lang.ref.ReferenceQueue.remove(ReferenceQueue.java:165)
        at java.lang.ref.Finalizer$FinalizerThread.run(Finalizer.java:188)
"pool-30-thread-1"  prio=5 tid=108 timed_waiting
java.lang.Thread.State: TIMED_WAITING
        at sun.misc.Unsafe.park(Native Method)
        at java.util.concurrent.locks.LockSupport.parkNanos(LockSupport.java:215)
        at java.util.concurrent.locks.AbstractQueuedSynchronizer$ConditionObject.awaitNanos(AbstractQueuedSynchronizer.java:2078)
        at java.util.concurrent.ScheduledThreadPoolExecutor$DelayedWorkQueue.take(ScheduledThreadPoolExecutor.java:1093)
        at java.util.concurrent.ScheduledThreadPoolExecutor$DelayedWorkQueue.take(ScheduledThreadPoolExecutor.java:809)
        at java.util.concurrent.ThreadPoolExecutor.getTask(ThreadPoolExecutor.java:1074)
        at java.util.concurrent.ThreadPoolExecutor.runWorker(ThreadPoolExecutor.java:1134)
        at java.util.concurrent.ThreadPoolExecutor$Worker.run(ThreadPoolExecutor.java:624)
        at java.lang.Thread.run(Thread.java:750)
"d09c218f-b416-45d6-bb77-0144cdedc1ff-NettyServerStreamRpc-bossGroup--thread1"  prio=5 tid=436 runnable
java.lang.Thread.State: RUNNABLE
        at sun.nio.ch.EPollArrayWrapper.epollWait(Native Method)
        at sun.nio.ch.EPollArrayWrapper.poll(EPollArrayWrapper.java:269)
        at sun.nio.ch.EPollSelectorImpl.doSelect(EPollSelectorImpl.java:93)
        at sun.nio.ch.SelectorImpl.lockAndDoSelect(SelectorImpl.java:86)
        at sun.nio.ch.SelectorImpl.select(SelectorImpl.java:97)
        at sun.nio.ch.SelectorImpl.select(SelectorImpl.java:101)
        at org.apache.ratis.thirdparty.io.netty.channel.nio.SelectedSelectionKeySetSelector.select(SelectedSelectionKeySetSelector.java:68)
        at org.apache.ratis.thirdparty.io.netty.channel.nio.NioEventLoop.select(NioEventLoop.java:813)
        at org.apache.ratis.thirdparty.io.netty.channel.nio.NioEventLoop.run(NioEventLoop.java:460)
        at org.apache.ratis.thirdparty.io.netty.util.concurrent.SingleThreadEventExecutor$4.run(SingleThreadEventExecutor.java:995)
        at org.apache.ratis.thirdparty.io.netty.util.internal.ThreadExecutorMap$2.run(ThreadExecutorMap.java:74)
        at java.lang.Thread.run(Thread.java:750)
"org.apache.hadoop.ozone.container.common.statemachine.commandhandler.DeleteBlocksCommandHandler$DeleteCmdWorker@4e5f4756" daemon prio=5 tid=323 timed_waiting
java.lang.Thread.State: TIMED_WAITING
        at java.lang.Thread.sleep(Native Method)
        at org.apache.hadoop.ozone.container.common.statemachine.commandhandler.DeleteBlocksCommandHandler$DeleteCmdWorker.run(DeleteBlocksCommandHandler.java:184)
        at java.lang.Thread.run(Thread.java:750)
"qtp371720676-331" daemon prio=5 tid=331 timed_waiting
java.lang.Thread.State: TIMED_WAITING
        at sun.misc.Unsafe.park(Native Method)
        at java.util.concurrent.locks.LockSupport.parkNanos(LockSupport.java:215)
        at java.util.concurrent.locks.AbstractQueuedSynchronizer$ConditionObject.awaitNanos(AbstractQueuedSynchronizer.java:2078)
        at org.eclipse.jetty.util.BlockingArrayQueue.poll(BlockingArrayQueue.java:382)
        at org.eclipse.jetty.util.thread.QueuedThreadPool$Runner.idleJobPoll(QueuedThreadPool.java:974)
        at org.eclipse.jetty.util.thread.QueuedThreadPool$Runner.run(QueuedThreadPool.java:1018)
        at java.lang.Thread.run(Thread.java:750)
"FixedThreadPoolWithAffinityExecutor-9-0" daemon prio=5 tid=44 timed_waiting
java.lang.Thread.State: TIMED_WAITING
        at sun.misc.Unsafe.park(Native Method)
        at java.util.concurrent.locks.LockSupport.parkNanos(LockSupport.java:215)
        at java.util.concurrent.locks.AbstractQueuedSynchronizer$ConditionObject.awaitNanos(AbstractQueuedSynchronizer.java:2078)
        at java.util.concurrent.LinkedBlockingQueue.poll(LinkedBlockingQueue.java:467)
        at org.apache.hadoop.hdds.scm.server.ContainerReportQueue.poll(ContainerReportQueue.java:266)
        at org.apache.hadoop.hdds.scm.server.ContainerReportQueue.poll(ContainerReportQueue.java:42)
        at org.apache.hadoop.hdds.server.events.FixedThreadPoolWithAffinityExecutor$ContainerReportProcessTask.run(FixedThreadPoolWithAffinityExecutor.java:247)
        at java.util.concurrent.Executors$RunnableAdapter.call(Executors.java:511)
        at java.util.concurrent.FutureTask.run(FutureTask.java:266)
        at java.util.concurrent.ThreadPoolExecutor.runWorker(ThreadPoolExecutor.java:1149)
        at java.util.concurrent.ThreadPoolExecutor$Worker.run(ThreadPoolExecutor.java:624)
        at java.lang.Thread.run(Thread.java:750)
"IPC Server handler 14 on default port 33549" daemon prio=5 tid=100 timed_waiting
java.lang.Thread.State: TIMED_WAITING
        at sun.misc.Unsafe.park(Native Method)
        at java.util.concurrent.locks.LockSupport.parkNanos(LockSupport.java:215)
        at java.util.concurrent.locks.AbstractQueuedSynchronizer$ConditionObject.awaitNanos(AbstractQueuedSynchronizer.java:2078)
        at java.util.concurrent.LinkedBlockingQueue.poll(LinkedBlockingQueue.java:467)
        at org.apache.hadoop.ipc.CallQueueManager.take(CallQueueManager.java:317)
        at org.apache.hadoop.ipc.Server$Handler.run(Server.java:2942)
"StaleRecoveringContainerScrubbingService#3" daemon prio=5 tid=888 in Object.wait()
java.lang.Thread.State: WAITING (on object monitor)
        at sun.misc.Unsafe.park(Native Method)
        at java.util.concurrent.locks.LockSupport.park(LockSupport.java:175)
        at java.util.concurrent.locks.AbstractQueuedSynchronizer$ConditionObject.await(AbstractQueuedSynchronizer.java:2039)
        at java.util.concurrent.ScheduledThreadPoolExecutor$DelayedWorkQueue.take(ScheduledThreadPoolExecutor.java:1088)
        at java.util.concurrent.ScheduledThreadPoolExecutor$DelayedWorkQueue.take(ScheduledThreadPoolExecutor.java:809)
        at java.util.concurrent.ThreadPoolExecutor.getTask(ThreadPoolExecutor.java:1074)
        at java.util.concurrent.ThreadPoolExecutor.runWorker(ThreadPoolExecutor.java:1134)
        at java.util.concurrent.ThreadPoolExecutor$Worker.run(ThreadPoolExecutor.java:624)
        at java.lang.Thread.run(Thread.java:750)
"Command processor thread" daemon prio=5 tid=283 timed_waiting
java.lang.Thread.State: TIMED_WAITING
        at java.lang.Thread.sleep(Native Method)
        at org.apache.hadoop.ozone.container.common.statemachine.DatanodeStateMachine.lambda$initCommandHandlerThread$3(DatanodeStateMachine.java:644)
        at org.apache.hadoop.ozone.container.common.statemachine.DatanodeStateMachine$$Lambda$784/1996133064.run(Unknown Source)
        at java.lang.Thread.run(Thread.java:750)
"StaleRecoveringContainerScrubbingService#2" daemon prio=5 tid=797 timed_waiting
java.lang.Thread.State: TIMED_WAITING
        at sun.misc.Unsafe.park(Native Method)
        at java.util.concurrent.locks.LockSupport.parkNanos(LockSupport.java:215)
        at java.util.concurrent.locks.AbstractQueuedSynchronizer$ConditionObject.awaitNanos(AbstractQueuedSynchronizer.java:2078)
        at java.util.concurrent.ScheduledThreadPoolExecutor$DelayedWorkQueue.take(ScheduledThreadPoolExecutor.java:1093)
        at java.util.concurrent.ScheduledThreadPoolExecutor$DelayedWorkQueue.take(ScheduledThreadPoolExecutor.java:809)
        at java.util.concurrent.ThreadPoolExecutor.getTask(ThreadPoolExecutor.java:1074)
        at java.util.concurrent.ThreadPoolExecutor.runWorker(ThreadPoolExecutor.java:1134)
        at java.util.concurrent.ThreadPoolExecutor$Worker.run(ThreadPoolExecutor.java:624)
        at java.lang.Thread.run(Thread.java:750)
"grpc-default-worker-ELG-3-1" daemon prio=5 tid=586 runnable
java.lang.Thread.State: RUNNABLE
        at org.apache.ratis.thirdparty.io.netty.channel.epoll.Native.epollWait0(Native Method)
        at org.apache.ratis.thirdparty.io.netty.channel.epoll.Native.epollWait(Native.java:182)
        at org.apache.ratis.thirdparty.io.netty.channel.epoll.EpollEventLoop.epollWait(EpollEventLoop.java:290)
        at org.apache.ratis.thirdparty.io.netty.channel.epoll.EpollEventLoop.run(EpollEventLoop.java:354)
        at org.apache.ratis.thirdparty.io.netty.util.concurrent.SingleThreadEventExecutor$4.run(SingleThreadEventExecutor.java:995)
        at org.apache.ratis.thirdparty.io.netty.util.internal.ThreadExecutorMap$2.run(ThreadExecutorMap.java:74)
        at org.apache.ratis.thirdparty.io.netty.util.concurrent.FastThreadLocalRunnable.run(FastThreadLocalRunnable.java:30)
        at java.lang.Thread.run(Thread.java:750)
"pool-186-thread-1"  prio=5 tid=637 in Object.wait()
java.lang.Thread.State: WAITING (on object monitor)
        at sun.misc.Unsafe.park(Native Method)
        at java.util.concurrent.locks.LockSupport.park(LockSupport.java:175)
        at java.util.concurrent.locks.AbstractQueuedSynchronizer$ConditionObject.await(AbstractQueuedSynchronizer.java:2039)
        at java.util.concurrent.LinkedBlockingQueue.take(LinkedBlockingQueue.java:442)
        at java.util.concurrent.ThreadPoolExecutor.getTask(ThreadPoolExecutor.java:1074)
        at java.util.concurrent.ThreadPoolExecutor.runWorker(ThreadPoolExecutor.java:1134)
        at java.util.concurrent.ThreadPoolExecutor$Worker.run(ThreadPoolExecutor.java:624)
        at java.lang.Thread.run(Thread.java:750)
"51369307-b0de-40aa-9d6f-41f84e1cecb7-server-thread1" daemon prio=5 tid=790 timed_waiting
java.lang.Thread.State: TIMED_WAITING
        at sun.misc.Unsafe.park(Native Method)
        at java.util.concurrent.locks.LockSupport.parkNanos(LockSupport.java:215)
        at java.util.concurrent.SynchronousQueue$TransferStack.awaitFulfill(SynchronousQueue.java:460)
        at java.util.concurrent.SynchronousQueue$TransferStack.transfer(SynchronousQueue.java:362)
        at java.util.concurrent.SynchronousQueue.poll(SynchronousQueue.java:941)
        at java.util.concurrent.ThreadPoolExecutor.getTask(ThreadPoolExecutor.java:1073)
        at java.util.concurrent.ThreadPoolExecutor.runWorker(ThreadPoolExecutor.java:1134)
        at java.util.concurrent.ThreadPoolExecutor$Worker.run(ThreadPoolExecutor.java:624)
        at java.lang.Thread.run(Thread.java:750)
"ChunkReader-ELG-0" daemon prio=5 tid=456 runnable
java.lang.Thread.State: RUNNABLE
        at org.apache.ratis.thirdparty.io.netty.channel.epoll.Native.epollWait0(Native Method)
        at org.apache.ratis.thirdparty.io.netty.channel.epoll.Native.epollWait(Native.java:182)
        at org.apache.ratis.thirdparty.io.netty.channel.epoll.EpollEventLoop.epollWait(EpollEventLoop.java:290)
        at org.apache.ratis.thirdparty.io.netty.channel.epoll.EpollEventLoop.run(EpollEventLoop.java:354)
        at org.apache.ratis.thirdparty.io.netty.util.concurrent.SingleThreadEventExecutor$4.run(SingleThreadEventExecutor.java:995)
        at org.apache.ratis.thirdparty.io.netty.util.internal.ThreadExecutorMap$2.run(ThreadExecutorMap.java:74)
        at java.lang.Thread.run(Thread.java:750)
"EndpointStateMachine task thread for /0.0.0.0:33549 - 0 "  prio=5 tid=553 in Object.wait()
java.lang.Thread.State: WAITING (on object monitor)
        at sun.misc.Unsafe.park(Native Method)
        at java.util.concurrent.locks.LockSupport.park(LockSupport.java:175)
        at java.util.concurrent.locks.AbstractQueuedSynchronizer$ConditionObject.await(AbstractQueuedSynchronizer.java:2039)
        at java.util.concurrent.LinkedBlockingQueue.take(LinkedBlockingQueue.java:442)
        at java.util.concurrent.ThreadPoolExecutor.getTask(ThreadPoolExecutor.java:1074)
        at java.util.concurrent.ThreadPoolExecutor.runWorker(ThreadPoolExecutor.java:1134)
        at java.util.concurrent.ThreadPoolExecutor$Worker.run(ThreadPoolExecutor.java:624)
        at java.lang.Thread.run(Thread.java:750)
"BlockDeletingService#1" daemon prio=5 tid=459 timed_waiting
java.lang.Thread.State: TIMED_WAITING
        at sun.misc.Unsafe.park(Native Method)
        at java.util.concurrent.locks.LockSupport.parkNanos(LockSupport.java:215)
        at java.util.concurrent.locks.AbstractQueuedSynchronizer$ConditionObject.awaitNanos(AbstractQueuedSynchronizer.java:2078)
        at java.util.concurrent.ScheduledThreadPoolExecutor$DelayedWorkQueue.take(ScheduledThreadPoolExecutor.java:1093)
        at java.util.concurrent.ScheduledThreadPoolExecutor$DelayedWorkQueue.take(ScheduledThreadPoolExecutor.java:809)
        at java.util.concurrent.ThreadPoolExecutor.getTask(ThreadPoolExecutor.java:1074)
        at java.util.concurrent.ThreadPoolExecutor.runWorker(ThreadPoolExecutor.java:1134)
        at java.util.concurrent.ThreadPoolExecutor$Worker.run(ThreadPoolExecutor.java:624)
        at java.lang.Thread.run(Thread.java:750)
"ChunkWriter-3-0" daemon prio=5 tid=533 in Object.wait()
java.lang.Thread.State: WAITING (on object monitor)
        at sun.misc.Unsafe.park(Native Method)
        at java.util.concurrent.locks.LockSupport.park(LockSupport.java:175)
        at java.util.concurrent.locks.AbstractQueuedSynchronizer$ConditionObject.await(AbstractQueuedSynchronizer.java:2039)
        at java.util.concurrent.LinkedBlockingDeque.takeFirst(LinkedBlockingDeque.java:492)
        at java.util.concurrent.LinkedBlockingDeque.take(LinkedBlockingDeque.java:680)
        at java.util.concurrent.ThreadPoolExecutor.getTask(ThreadPoolExecutor.java:1074)
        at java.util.concurrent.ThreadPoolExecutor.runWorker(ThreadPoolExecutor.java:1134)
        at java.util.concurrent.ThreadPoolExecutor$Worker.run(ThreadPoolExecutor.java:624)
        at java.lang.Thread.run(Thread.java:750)
"ChunkWriter-2-0" daemon prio=5 tid=519 in Object.wait()
java.lang.Thread.State: WAITING (on object monitor)
        at sun.misc.Unsafe.park(Native Method)
        at java.util.concurrent.locks.LockSupport.park(LockSupport.java:175)
        at java.util.concurrent.locks.AbstractQueuedSynchronizer$ConditionObject.await(AbstractQueuedSynchronizer.java:2039)
        at java.util.concurrent.LinkedBlockingDeque.takeFirst(LinkedBlockingDeque.java:492)
        at java.util.concurrent.LinkedBlockingDeque.take(LinkedBlockingDeque.java:680)
        at java.util.concurrent.ThreadPoolExecutor.getTask(ThreadPoolExecutor.java:1074)
        at java.util.concurrent.ThreadPoolExecutor.runWorker(ThreadPoolExecutor.java:1134)
        at java.util.concurrent.ThreadPoolExecutor$Worker.run(ThreadPoolExecutor.java:624)
        at java.lang.Thread.run(Thread.java:750)
"IPC Server handler 7 on default port 42667" daemon prio=5 tid=53 timed_waiting
java.lang.Thread.State: TIMED_WAITING
        at sun.misc.Unsafe.park(Native Method)
        at java.util.concurrent.locks.LockSupport.parkNanos(LockSupport.java:215)
        at java.util.concurrent.locks.AbstractQueuedSynchronizer$ConditionObject.awaitNanos(AbstractQueuedSynchronizer.java:2078)
        at java.util.concurrent.LinkedBlockingQueue.poll(LinkedBlockingQueue.java:467)
        at org.apache.hadoop.ipc.CallQueueManager.take(CallQueueManager.java:317)
        at org.apache.hadoop.ipc.Server$Handler.run(Server.java:2942)
"qtp371720676-325-acceptor-0@25f0ef18-ServerConnector@28584bcc{HTTP/1.1, (http/1.1)}{0.0.0.0:44589}" daemon prio=3 tid=325 runnable
java.lang.Thread.State: RUNNABLE
        at sun.nio.ch.ServerSocketChannelImpl.accept0(Native Method)
        at sun.nio.ch.ServerSocketChannelImpl.accept(ServerSocketChannelImpl.java:421)
        at sun.nio.ch.ServerSocketChannelImpl.accept(ServerSocketChannelImpl.java:249)
        at org.eclipse.jetty.server.ServerConnector.accept(ServerConnector.java:388)
        at org.eclipse.jetty.server.AbstractConnector$Acceptor.run(AbstractConnector.java:704)
        at org.eclipse.jetty.util.thread.QueuedThreadPool.runJob(QueuedThreadPool.java:883)
        at org.eclipse.jetty.util.thread.QueuedThreadPool$Runner.run(QueuedThreadPool.java:1034)
        at java.lang.Thread.run(Thread.java:750)
"IPC Server handler 9 on default port 42667" daemon prio=5 tid=55 timed_waiting
java.lang.Thread.State: TIMED_WAITING
        at sun.misc.Unsafe.park(Native Method)
        at java.util.concurrent.locks.LockSupport.parkNanos(LockSupport.java:215)
        at java.util.concurrent.locks.AbstractQueuedSynchronizer$ConditionObject.awaitNanos(AbstractQueuedSynchronizer.java:2078)
        at java.util.concurrent.LinkedBlockingQueue.poll(LinkedBlockingQueue.java:467)
        at org.apache.hadoop.ipc.CallQueueManager.take(CallQueueManager.java:317)
        at org.apache.hadoop.ipc.Server$Handler.run(Server.java:2942)
"d09c218f-b416-45d6-bb77-0144cdedc1ff@group-C5ECEF351ECF-FollowerState" daemon prio=5 tid=776 timed_waiting
java.lang.Thread.State: TIMED_WAITING
        at java.lang.Thread.sleep(Native Method)
        at java.lang.Thread.sleep(Thread.java:342)
        at java.util.concurrent.TimeUnit.sleep(TimeUnit.java:386)
        at org.apache.ratis.util.TimeDuration.sleep(TimeDuration.java:325)
        at org.apache.ratis.util.TimeDuration.sleep(TimeDuration.java:310)
        at org.apache.ratis.server.impl.FollowerState.run(FollowerState.java:128)
"ChunkReader-0" daemon prio=5 tid=803 in Object.wait()
java.lang.Thread.State: WAITING (on object monitor)
        at sun.misc.Unsafe.park(Native Method)
        at java.util.concurrent.locks.LockSupport.park(LockSupport.java:175)
        at java.util.concurrent.locks.AbstractQueuedSynchronizer$ConditionObject.await(AbstractQueuedSynchronizer.java:2039)
        at java.util.concurrent.LinkedBlockingQueue.take(LinkedBlockingQueue.java:442)
        at java.util.concurrent.ThreadPoolExecutor.getTask(ThreadPoolExecutor.java:1074)
        at java.util.concurrent.ThreadPoolExecutor.runWorker(ThreadPoolExecutor.java:1134)
        at java.util.concurrent.ThreadPoolExecutor$Worker.run(ThreadPoolExecutor.java:624)
        at java.lang.Thread.run(Thread.java:750)
"37be314e-42cf-4ee9-a18e-baad7075c611@group-75780AEF7A1B-SegmentedRaftLogWorker"  prio=5 tid=617 timed_waiting
java.lang.Thread.State: TIMED_WAITING
        at sun.misc.Unsafe.park(Native Method)
        at java.util.concurrent.locks.LockSupport.parkNanos(LockSupport.java:215)
        at java.util.concurrent.locks.AbstractQueuedSynchronizer$ConditionObject.awaitNanos(AbstractQueuedSynchronizer.java:2078)
        at org.apache.ratis.util.DataBlockingQueue.poll(DataBlockingQueue.java:148)
        at org.apache.ratis.server.raftlog.segmented.SegmentedRaftLogWorker.run(SegmentedRaftLogWorker.java:312)
        at org.apache.ratis.server.raftlog.segmented.SegmentedRaftLogWorker$$Lambda$693/377063671.run(Unknown Source)
        at java.lang.Thread.run(Thread.java:750)
"cbda9cd1-c9bf-468c-9ce3-2b320cdae76d-NettyServerStreamRpc-bossGroup--thread1"  prio=5 tid=321 runnable
java.lang.Thread.State: RUNNABLE
        at sun.nio.ch.EPollArrayWrapper.epollWait(Native Method)
        at sun.nio.ch.EPollArrayWrapper.poll(EPollArrayWrapper.java:269)
        at sun.nio.ch.EPollSelectorImpl.doSelect(EPollSelectorImpl.java:93)
        at sun.nio.ch.SelectorImpl.lockAndDoSelect(SelectorImpl.java:86)
        at sun.nio.ch.SelectorImpl.select(SelectorImpl.java:97)
        at sun.nio.ch.SelectorImpl.select(SelectorImpl.java:101)
        at org.apache.ratis.thirdparty.io.netty.channel.nio.SelectedSelectionKeySetSelector.select(SelectedSelectionKeySetSelector.java:68)
        at org.apache.ratis.thirdparty.io.netty.channel.nio.NioEventLoop.select(NioEventLoop.java:813)
        at org.apache.ratis.thirdparty.io.netty.channel.nio.NioEventLoop.run(NioEventLoop.java:460)
        at org.apache.ratis.thirdparty.io.netty.util.concurrent.SingleThreadEventExecutor$4.run(SingleThreadEventExecutor.java:995)
        at org.apache.ratis.thirdparty.io.netty.util.internal.ThreadExecutorMap$2.run(ThreadExecutorMap.java:74)
        at java.lang.Thread.run(Thread.java:750)
"ChunkReader-ELG-0" daemon prio=5 tid=378 runnable
java.lang.Thread.State: RUNNABLE
        at org.apache.ratis.thirdparty.io.netty.channel.epoll.Native.epollWait(Native Method)
        at org.apache.ratis.thirdparty.io.netty.channel.epoll.Native.epollWait(Native.java:209)
        at org.apache.ratis.thirdparty.io.netty.channel.epoll.Native.epollWait(Native.java:202)
        at org.apache.ratis.thirdparty.io.netty.channel.epoll.EpollEventLoop.epollWaitNoTimerChange(EpollEventLoop.java:294)
        at org.apache.ratis.thirdparty.io.netty.channel.epoll.EpollEventLoop.run(EpollEventLoop.java:351)
        at org.apache.ratis.thirdparty.io.netty.util.concurrent.SingleThreadEventExecutor$4.run(SingleThreadEventExecutor.java:995)
        at org.apache.ratis.thirdparty.io.netty.util.internal.ThreadExecutorMap$2.run(ThreadExecutorMap.java:74)
        at java.lang.Thread.run(Thread.java:750)
"ChunkWriter-1-0" daemon prio=5 tid=335 in Object.wait()
java.lang.Thread.State: WAITING (on object monitor)
        at sun.misc.Unsafe.park(Native Method)
        at java.util.concurrent.locks.LockSupport.park(LockSupport.java:175)
        at java.util.concurrent.locks.AbstractQueuedSynchronizer$ConditionObject.await(AbstractQueuedSynchronizer.java:2039)
        at java.util.concurrent.LinkedBlockingDeque.takeFirst(LinkedBlockingDeque.java:492)
        at java.util.concurrent.LinkedBlockingDeque.take(LinkedBlockingDeque.java:680)
        at java.util.concurrent.ThreadPoolExecutor.getTask(ThreadPoolExecutor.java:1074)
        at java.util.concurrent.ThreadPoolExecutor.runWorker(ThreadPoolExecutor.java:1134)
        at java.util.concurrent.ThreadPoolExecutor$Worker.run(ThreadPoolExecutor.java:624)
        at java.lang.Thread.run(Thread.java:750)
"Datanode ReportManager Thread - 1" daemon prio=5 tid=424 in Object.wait()
java.lang.Thread.State: WAITING (on object monitor)
        at sun.misc.Unsafe.park(Native Method)
        at java.util.concurrent.locks.LockSupport.park(LockSupport.java:175)
        at java.util.concurrent.locks.AbstractQueuedSynchronizer$ConditionObject.await(AbstractQueuedSynchronizer.java:2039)
        at java.util.concurrent.ScheduledThreadPoolExecutor$DelayedWorkQueue.take(ScheduledThreadPoolExecutor.java:1088)
        at java.util.concurrent.ScheduledThreadPoolExecutor$DelayedWorkQueue.take(ScheduledThreadPoolExecutor.java:809)
        at java.util.concurrent.ThreadPoolExecutor.getTask(ThreadPoolExecutor.java:1074)
        at java.util.concurrent.ThreadPoolExecutor.runWorker(ThreadPoolExecutor.java:1134)
        at java.util.concurrent.ThreadPoolExecutor$Worker.run(ThreadPoolExecutor.java:624)
        at java.lang.Thread.run(Thread.java:750)
"org.apache.hadoop.util.JvmPauseMonitor$Monitor@571f5f93" daemon prio=5 tid=351 timed_waiting
java.lang.Thread.State: TIMED_WAITING
        at java.lang.Thread.sleep(Native Method)
        at org.apache.hadoop.util.JvmPauseMonitor$Monitor.run(JvmPauseMonitor.java:192)
        at java.lang.Thread.run(Thread.java:750)
"EventQueue-DatanodeCommandQueueUpdatedForDatanodeCommandCountUpdatedHandler" daemon prio=5 tid=565 in Object.wait()
java.lang.Thread.State: WAITING (on object monitor)
        at sun.misc.Unsafe.park(Native Method)
        at java.util.concurrent.locks.LockSupport.park(LockSupport.java:175)
        at java.util.concurrent.locks.AbstractQueuedSynchronizer$ConditionObject.await(AbstractQueuedSynchronizer.java:2039)
        at java.util.concurrent.LinkedBlockingQueue.take(LinkedBlockingQueue.java:442)
        at java.util.concurrent.ThreadPoolExecutor.getTask(ThreadPoolExecutor.java:1074)
        at java.util.concurrent.ThreadPoolExecutor.runWorker(ThreadPoolExecutor.java:1134)
        at java.util.concurrent.ThreadPoolExecutor$Worker.run(ThreadPoolExecutor.java:624)
        at java.lang.Thread.run(Thread.java:750)
"BlockDeletingService#1" daemon prio=5 tid=577 timed_waiting
java.lang.Thread.State: TIMED_WAITING
        at sun.misc.Unsafe.park(Native Method)
        at java.util.concurrent.locks.LockSupport.parkNanos(LockSupport.java:215)
        at java.util.concurrent.locks.AbstractQueuedSynchronizer$ConditionObject.awaitNanos(AbstractQueuedSynchronizer.java:2078)
        at java.util.concurrent.ScheduledThreadPoolExecutor$DelayedWorkQueue.take(ScheduledThreadPoolExecutor.java:1093)
        at java.util.concurrent.ScheduledThreadPoolExecutor$DelayedWorkQueue.take(ScheduledThreadPoolExecutor.java:809)
        at java.util.concurrent.ThreadPoolExecutor.getTask(ThreadPoolExecutor.java:1074)
        at java.util.concurrent.ThreadPoolExecutor.runWorker(ThreadPoolExecutor.java:1134)
        at java.util.concurrent.ThreadPoolExecutor$Worker.run(ThreadPoolExecutor.java:624)
        at java.lang.Thread.run(Thread.java:750)
"EventQueue-NodeRegistrationContainerReportForContainerSafeModeRule" daemon prio=5 tid=501 in Object.wait()
java.lang.Thread.State: WAITING (on object monitor)
        at sun.misc.Unsafe.park(Native Method)
        at java.util.concurrent.locks.LockSupport.park(LockSupport.java:175)
        at java.util.concurrent.locks.AbstractQueuedSynchronizer$ConditionObject.await(AbstractQueuedSynchronizer.java:2039)
        at java.util.concurrent.LinkedBlockingQueue.take(LinkedBlockingQueue.java:442)
        at java.util.concurrent.ThreadPoolExecutor.getTask(ThreadPoolExecutor.java:1074)
        at java.util.concurrent.ThreadPoolExecutor.runWorker(ThreadPoolExecutor.java:1134)
        at java.util.concurrent.ThreadPoolExecutor$Worker.run(ThreadPoolExecutor.java:624)
        at java.lang.Thread.run(Thread.java:750)
"Timer-0"  prio=5 tid=140 timed_waiting
java.lang.Thread.State: TIMED_WAITING
        at java.lang.Object.wait(Native Method)
        at java.util.TimerThread.mainLoop(Timer.java:552)
        at java.util.TimerThread.run(Timer.java:505)
"Datanode State Machine Daemon Thread" daemon prio=5 tid=383 timed_waiting
java.lang.Thread.State: TIMED_WAITING
        at java.lang.Thread.sleep(Native Method)
        at org.apache.hadoop.ozone.container.common.statemachine.DatanodeStateMachine.startStateMachineThread(DatanodeStateMachine.java:324)
        at org.apache.hadoop.ozone.container.common.statemachine.DatanodeStateMachine.lambda$startDaemon$0(DatanodeStateMachine.java:509)
        at org.apache.hadoop.ozone.container.common.statemachine.DatanodeStateMachine$$Lambda$782/807019219.run(Unknown Source)
        at java.lang.Thread.run(Thread.java:750)
"IPC Server idle connection scanner for port 35905" daemon prio=5 tid=29 timed_waiting
java.lang.Thread.State: TIMED_WAITING
        at java.lang.Object.wait(Native Method)
        at java.util.TimerThread.mainLoop(Timer.java:552)
        at java.util.TimerThread.run(Timer.java:505)
"204ebb6c-eb9c-4605-8b0a-417067302917@group-26D1C231F733-StateMachineUpdater" daemon prio=5 tid=582 timed_waiting
java.lang.Thread.State: TIMED_WAITING
        at sun.misc.Unsafe.park(Native Method)
        at java.util.concurrent.locks.LockSupport.parkNanos(LockSupport.java:215)
        at java.util.concurrent.locks.AbstractQueuedSynchronizer$ConditionObject.await(AbstractQueuedSynchronizer.java:2163)
        at org.apache.ratis.util.AwaitForSignal.await(AwaitForSignal.java:62)
        at org.apache.ratis.server.impl.StateMachineUpdater.waitForCommit(StateMachineUpdater.java:207)
        at org.apache.ratis.server.impl.StateMachineUpdater.run(StateMachineUpdater.java:176)
        at java.lang.Thread.run(Thread.java:750)
"IPC Server handler 14 on default port 33951" daemon prio=5 tid=168 timed_waiting
java.lang.Thread.State: TIMED_WAITING
        at sun.misc.Unsafe.park(Native Method)
        at java.util.concurrent.locks.LockSupport.parkNanos(LockSupport.java:215)
        at java.util.concurrent.locks.AbstractQueuedSynchronizer$ConditionObject.awaitNanos(AbstractQueuedSynchronizer.java:2078)
        at java.util.concurrent.LinkedBlockingQueue.poll(LinkedBlockingQueue.java:467)
        at org.apache.hadoop.ipc.CallQueueManager.take(CallQueueManager.java:317)
        at org.apache.hadoop.ipc.Server$Handler.run(Server.java:2942)
"StaleRecoveringContainerScrubbingService#7" daemon prio=5 tid=979 in Object.wait()
java.lang.Thread.State: WAITING (on object monitor)
        at sun.misc.Unsafe.park(Native Method)
        at java.util.concurrent.locks.LockSupport.park(LockSupport.java:175)
        at java.util.concurrent.locks.AbstractQueuedSynchronizer$ConditionObject.await(AbstractQueuedSynchronizer.java:2039)
        at java.util.concurrent.ScheduledThreadPoolExecutor$DelayedWorkQueue.take(ScheduledThreadPoolExecutor.java:1088)
        at java.util.concurrent.ScheduledThreadPoolExecutor$DelayedWorkQueue.take(ScheduledThreadPoolExecutor.java:809)
        at java.util.concurrent.ThreadPoolExecutor.getTask(ThreadPoolExecutor.java:1074)
        at java.util.concurrent.ThreadPoolExecutor.runWorker(ThreadPoolExecutor.java:1134)
        at java.util.concurrent.ThreadPoolExecutor$Worker.run(ThreadPoolExecutor.java:624)
        at java.lang.Thread.run(Thread.java:750)
"StaleRecoveringContainerScrubbingService#1" daemon prio=5 tid=460 in Object.wait()
java.lang.Thread.State: WAITING (on object monitor)
        at sun.misc.Unsafe.park(Native Method)
        at java.util.concurrent.locks.LockSupport.park(LockSupport.java:175)
        at java.util.concurrent.locks.AbstractQueuedSynchronizer$ConditionObject.await(AbstractQueuedSynchronizer.java:2039)
        at java.util.concurrent.ScheduledThreadPoolExecutor$DelayedWorkQueue.take(ScheduledThreadPoolExecutor.java:1088)
        at java.util.concurrent.ScheduledThreadPoolExecutor$DelayedWorkQueue.take(ScheduledThreadPoolExecutor.java:809)
        at java.util.concurrent.ThreadPoolExecutor.getTask(ThreadPoolExecutor.java:1074)
        at java.util.concurrent.ThreadPoolExecutor.runWorker(ThreadPoolExecutor.java:1134)
        at java.util.concurrent.ThreadPoolExecutor$Worker.run(ThreadPoolExecutor.java:624)
        at java.lang.Thread.run(Thread.java:750)
"BlockDeletingService#0" daemon prio=5 tid=418 in Object.wait()
java.lang.Thread.State: WAITING (on object monitor)
        at sun.misc.Unsafe.park(Native Method)
        at java.util.concurrent.locks.LockSupport.park(LockSupport.java:175)
        at java.util.concurrent.locks.AbstractQueuedSynchronizer$ConditionObject.await(AbstractQueuedSynchronizer.java:2039)
        at java.util.concurrent.ScheduledThreadPoolExecutor$DelayedWorkQueue.take(ScheduledThreadPoolExecutor.java:1088)
        at java.util.concurrent.ScheduledThreadPoolExecutor$DelayedWorkQueue.take(ScheduledThreadPoolExecutor.java:809)
        at java.util.concurrent.ThreadPoolExecutor.getTask(ThreadPoolExecutor.java:1074)
        at java.util.concurrent.ThreadPoolExecutor.runWorker(ThreadPoolExecutor.java:1134)
        at java.util.concurrent.ThreadPoolExecutor$Worker.run(ThreadPoolExecutor.java:624)
        at java.lang.Thread.run(Thread.java:750)
"IPC Server Responder" daemon prio=5 tid=34 runnable
java.lang.Thread.State: RUNNABLE
        at sun.nio.ch.EPollArrayWrapper.epollWait(Native Method)
        at sun.nio.ch.EPollArrayWrapper.poll(EPollArrayWrapper.java:269)
        at sun.nio.ch.EPollSelectorImpl.doSelect(EPollSelectorImpl.java:93)
        at sun.nio.ch.SelectorImpl.lockAndDoSelect(SelectorImpl.java:86)
        at sun.nio.ch.SelectorImpl.select(SelectorImpl.java:97)
        at org.apache.hadoop.ipc.Server$Responder.doRunLoop(Server.java:1532)
        at org.apache.hadoop.ipc.Server$Responder.run(Server.java:1515)
"StaleRecoveringContainerScrubbingService#5" daemon prio=5 tid=952 in Object.wait()
java.lang.Thread.State: WAITING (on object monitor)
        at sun.misc.Unsafe.park(Native Method)
        at java.util.concurrent.locks.LockSupport.park(LockSupport.java:175)
        at java.util.concurrent.locks.AbstractQueuedSynchronizer$ConditionObject.await(AbstractQueuedSynchronizer.java:2039)
        at java.util.concurrent.ScheduledThreadPoolExecutor$DelayedWorkQueue.take(ScheduledThreadPoolExecutor.java:1088)
        at java.util.concurrent.ScheduledThreadPoolExecutor$DelayedWorkQueue.take(ScheduledThreadPoolExecutor.java:809)
        at java.util.concurrent.ThreadPoolExecutor.getTask(ThreadPoolExecutor.java:1074)
        at java.util.concurrent.ThreadPoolExecutor.runWorker(ThreadPoolExecutor.java:1134)
        at java.util.concurrent.ThreadPoolExecutor$Worker.run(ThreadPoolExecutor.java:624)
        at java.lang.Thread.run(Thread.java:750)
"ChunkWriter-0-0" daemon prio=5 tid=554 in Object.wait()
java.lang.Thread.State: WAITING (on object monitor)
        at sun.misc.Unsafe.park(Native Method)
        at java.util.concurrent.locks.LockSupport.park(LockSupport.java:175)
        at java.util.concurrent.locks.AbstractQueuedSynchronizer$ConditionObject.await(AbstractQueuedSynchronizer.java:2039)
        at java.util.concurrent.LinkedBlockingDeque.takeFirst(LinkedBlockingDeque.java:492)
        at java.util.concurrent.LinkedBlockingDeque.take(LinkedBlockingDeque.java:680)
        at java.util.concurrent.ThreadPoolExecutor.getTask(ThreadPoolExecutor.java:1074)
        at java.util.concurrent.ThreadPoolExecutor.runWorker(ThreadPoolExecutor.java:1134)
        at java.util.concurrent.ThreadPoolExecutor$Worker.run(ThreadPoolExecutor.java:624)
        at java.lang.Thread.run(Thread.java:750)
"StaleRecoveringContainerScrubbingService#9" daemon prio=5 tid=1001 in Object.wait()
java.lang.Thread.State: WAITING (on object monitor)
        at sun.misc.Unsafe.park(Native Method)
        at java.util.concurrent.locks.LockSupport.park(LockSupport.java:175)
        at java.util.concurrent.locks.AbstractQueuedSynchronizer$ConditionObject.await(AbstractQueuedSynchronizer.java:2039)
        at java.util.concurrent.ScheduledThreadPoolExecutor$DelayedWorkQueue.take(ScheduledThreadPoolExecutor.java:1088)
        at java.util.concurrent.ScheduledThreadPoolExecutor$DelayedWorkQueue.take(ScheduledThreadPoolExecutor.java:809)
        at java.util.concurrent.ThreadPoolExecutor.getTask(ThreadPoolExecutor.java:1074)
        at java.util.concurrent.ThreadPoolExecutor.runWorker(ThreadPoolExecutor.java:1134)
        at java.util.concurrent.ThreadPoolExecutor$Worker.run(ThreadPoolExecutor.java:624)
        at java.lang.Thread.run(Thread.java:750)
"BlockDeletingService#0" daemon prio=5 tid=574 in Object.wait()
java.lang.Thread.State: WAITING (on object monitor)
        at sun.misc.Unsafe.park(Native Method)
        at java.util.concurrent.locks.LockSupport.park(LockSupport.java:175)
        at java.util.concurrent.locks.AbstractQueuedSynchronizer$ConditionObject.await(AbstractQueuedSynchronizer.java:2039)
        at java.util.concurrent.ScheduledThreadPoolExecutor$DelayedWorkQueue.take(ScheduledThreadPoolExecutor.java:1088)
        at java.util.concurrent.ScheduledThreadPoolExecutor$DelayedWorkQueue.take(ScheduledThreadPoolExecutor.java:809)
        at java.util.concurrent.ThreadPoolExecutor.getTask(ThreadPoolExecutor.java:1074)
        at java.util.concurrent.ThreadPoolExecutor.runWorker(ThreadPoolExecutor.java:1134)
        at java.util.concurrent.ThreadPoolExecutor$Worker.run(ThreadPoolExecutor.java:624)
        at java.lang.Thread.run(Thread.java:750)
"qtp325536552-442" daemon prio=5 tid=442 timed_waiting
java.lang.Thread.State: TIMED_WAITING
        at sun.misc.Unsafe.park(Native Method)
        at java.util.concurrent.locks.LockSupport.parkNanos(LockSupport.java:215)
        at java.util.concurrent.locks.AbstractQueuedSynchronizer$ConditionObject.awaitNanos(AbstractQueuedSynchronizer.java:2078)
        at org.eclipse.jetty.util.BlockingArrayQueue.poll(BlockingArrayQueue.java:382)
        at org.eclipse.jetty.util.thread.QueuedThreadPool$Runner.idleJobPoll(QueuedThreadPool.java:974)
        at org.eclipse.jetty.util.thread.QueuedThreadPool$Runner.run(QueuedThreadPool.java:1018)
        at java.lang.Thread.run(Thread.java:750)
"StaleRecoveringContainerScrubbingService#4" daemon prio=5 tid=943 in Object.wait()
java.lang.Thread.State: WAITING (on object monitor)
        at sun.misc.Unsafe.park(Native Method)
        at java.util.concurrent.locks.LockSupport.park(LockSupport.java:175)
        at java.util.concurrent.locks.AbstractQueuedSynchronizer$ConditionObject.await(AbstractQueuedSynchronizer.java:2039)
        at java.util.concurrent.ScheduledThreadPoolExecutor$DelayedWorkQueue.take(ScheduledThreadPoolExecutor.java:1088)
        at java.util.concurrent.ScheduledThreadPoolExecutor$DelayedWorkQueue.take(ScheduledThreadPoolExecutor.java:809)
        at java.util.concurrent.ThreadPoolExecutor.getTask(ThreadPoolExecutor.java:1074)
        at java.util.concurrent.ThreadPoolExecutor.runWorker(ThreadPoolExecutor.java:1134)
        at java.util.concurrent.ThreadPoolExecutor$Worker.run(ThreadPoolExecutor.java:624)
        at java.lang.Thread.run(Thread.java:750)
"pool-287-thread-1" daemon prio=5 tid=473 timed_waiting
java.lang.Thread.State: TIMED_WAITING
        at sun.misc.Unsafe.park(Native Method)
        at java.util.concurrent.locks.LockSupport.parkNanos(LockSupport.java:215)
        at java.util.concurrent.locks.AbstractQueuedSynchronizer$ConditionObject.awaitNanos(AbstractQueuedSynchronizer.java:2078)
        at java.util.concurrent.ScheduledThreadPoolExecutor$DelayedWorkQueue.take(ScheduledThreadPoolExecutor.java:1093)
        at java.util.concurrent.ScheduledThreadPoolExecutor$DelayedWorkQueue.take(ScheduledThreadPoolExecutor.java:809)
        at java.util.concurrent.ThreadPoolExecutor.getTask(ThreadPoolExecutor.java:1074)
        at java.util.concurrent.ThreadPoolExecutor.runWorker(ThreadPoolExecutor.java:1134)
        at java.util.concurrent.ThreadPoolExecutor$Worker.run(ThreadPoolExecutor.java:624)
        at java.lang.Thread.run(Thread.java:750)
"qtp1825348545-270" daemon prio=5 tid=270 timed_waiting
java.lang.Thread.State: TIMED_WAITING
        at sun.misc.Unsafe.park(Native Method)
        at java.util.concurrent.locks.LockSupport.parkNanos(LockSupport.java:215)
        at java.util.concurrent.locks.AbstractQueuedSynchronizer$ConditionObject.awaitNanos(AbstractQueuedSynchronizer.java:2078)
        at org.eclipse.jetty.util.BlockingArrayQueue.poll(BlockingArrayQueue.java:382)
        at org.eclipse.jetty.util.thread.QueuedThreadPool$Runner.idleJobPoll(QueuedThreadPool.java:974)
        at org.eclipse.jetty.util.thread.QueuedThreadPool$Runner.run(QueuedThreadPool.java:1018)
        at java.lang.Thread.run(Thread.java:750)
"KeyDeletingService#0" daemon prio=5 tid=141 timed_waiting
java.lang.Thread.State: TIMED_WAITING
        at sun.misc.Unsafe.park(Native Method)
        at java.util.concurrent.locks.LockSupport.parkNanos(LockSupport.java:215)
        at java.util.concurrent.locks.AbstractQueuedSynchronizer$ConditionObject.awaitNanos(AbstractQueuedSynchronizer.java:2078)
        at java.util.concurrent.ScheduledThreadPoolExecutor$DelayedWorkQueue.take(ScheduledThreadPoolExecutor.java:1093)
        at java.util.concurrent.ScheduledThreadPoolExecutor$DelayedWorkQueue.take(ScheduledThreadPoolExecutor.java:809)
        at java.util.concurrent.ThreadPoolExecutor.getTask(ThreadPoolExecutor.java:1074)
        at java.util.concurrent.ThreadPoolExecutor.runWorker(ThreadPoolExecutor.java:1134)
        at java.util.concurrent.ThreadPoolExecutor$Worker.run(ThreadPoolExecutor.java:624)
        at java.lang.Thread.run(Thread.java:750)
"om1@group-C5BA1605619E-SegmentedRaftLogWorker"  prio=5 tid=135 timed_waiting
java.lang.Thread.State: TIMED_WAITING
        at sun.misc.Unsafe.park(Native Method)
        at java.util.concurrent.locks.LockSupport.parkNanos(LockSupport.java:215)
        at java.util.concurrent.locks.AbstractQueuedSynchronizer$ConditionObject.awaitNanos(AbstractQueuedSynchronizer.java:2078)
        at org.apache.ratis.util.DataBlockingQueue.poll(DataBlockingQueue.java:148)
        at org.apache.ratis.server.raftlog.segmented.SegmentedRaftLogWorker.run(SegmentedRaftLogWorker.java:312)
        at org.apache.ratis.server.raftlog.segmented.SegmentedRaftLogWorker$$Lambda$693/377063671.run(Unknown Source)
        at java.lang.Thread.run(Thread.java:750)
"StaleRecoveringContainerScrubbingService#4" daemon prio=5 tid=927 in Object.wait()
java.lang.Thread.State: WAITING (on object monitor)
        at sun.misc.Unsafe.park(Native Method)
        at java.util.concurrent.locks.LockSupport.park(LockSupport.java:175)
        at java.util.concurrent.locks.AbstractQueuedSynchronizer$ConditionObject.await(AbstractQueuedSynchronizer.java:2039)
        at java.util.concurrent.ScheduledThreadPoolExecutor$DelayedWorkQueue.take(ScheduledThreadPoolExecutor.java:1088)
        at java.util.concurrent.ScheduledThreadPoolExecutor$DelayedWorkQueue.take(ScheduledThreadPoolExecutor.java:809)
        at java.util.concurrent.ThreadPoolExecutor.getTask(ThreadPoolExecutor.java:1074)
        at java.util.concurrent.ThreadPoolExecutor.runWorker(ThreadPoolExecutor.java:1134)
        at java.util.concurrent.ThreadPoolExecutor$Worker.run(ThreadPoolExecutor.java:624)
        at java.lang.Thread.run(Thread.java:750)
"Datanode ReportManager Thread - 3" daemon prio=5 tid=281 timed_waiting
java.lang.Thread.State: TIMED_WAITING
        at sun.misc.Unsafe.park(Native Method)
        at java.util.concurrent.locks.LockSupport.parkNanos(LockSupport.java:215)
        at java.util.concurrent.locks.AbstractQueuedSynchronizer$ConditionObject.awaitNanos(AbstractQueuedSynchronizer.java:2078)
        at java.util.concurrent.ScheduledThreadPoolExecutor$DelayedWorkQueue.take(ScheduledThreadPoolExecutor.java:1093)
        at java.util.concurrent.ScheduledThreadPoolExecutor$DelayedWorkQueue.take(ScheduledThreadPoolExecutor.java:809)
        at java.util.concurrent.ThreadPoolExecutor.getTask(ThreadPoolExecutor.java:1074)
        at java.util.concurrent.ThreadPoolExecutor.runWorker(ThreadPoolExecutor.java:1134)
        at java.util.concurrent.ThreadPoolExecutor$Worker.run(ThreadPoolExecutor.java:624)
        at java.lang.Thread.run(Thread.java:750)
"22174ed7-3438-44c1-87a9-382e0277420a@group-75780AEF7A1B->204ebb6c-eb9c-4605-8b0a-417067302917-GrpcLogAppender-LogAppenderDaemon" daemon prio=5 tid=719 timed_waiting
java.lang.Thread.State: TIMED_WAITING
        at sun.misc.Unsafe.park(Native Method)
        at java.util.concurrent.locks.LockSupport.parkNanos(LockSupport.java:215)
        at java.util.concurrent.locks.AbstractQueuedSynchronizer$ConditionObject.await(AbstractQueuedSynchronizer.java:2163)
        at org.apache.ratis.util.AwaitForSignal.await(AwaitForSignal.java:62)
        at org.apache.ratis.grpc.server.GrpcLogAppender.mayWait(GrpcLogAppender.java:198)
        at org.apache.ratis.grpc.server.GrpcLogAppender.run(GrpcLogAppender.java:148)
        at org.apache.ratis.server.leader.LogAppenderDaemon.run(LogAppenderDaemon.java:78)
        at org.apache.ratis.server.leader.LogAppenderDaemon$$Lambda$1079/1056695053.run(Unknown Source)
        at java.lang.Thread.run(Thread.java:750)
"pool-80-thread-1"  prio=5 tid=184 timed_waiting
java.lang.Thread.State: TIMED_WAITING
        at sun.misc.Unsafe.park(Native Method)
        at java.util.concurrent.locks.LockSupport.parkNanos(LockSupport.java:215)
        at java.util.concurrent.locks.AbstractQueuedSynchronizer$ConditionObject.awaitNanos(AbstractQueuedSynchronizer.java:2078)
        at java.util.concurrent.ScheduledThreadPoolExecutor$DelayedWorkQueue.take(ScheduledThreadPoolExecutor.java:1093)
        at java.util.concurrent.ScheduledThreadPoolExecutor$DelayedWorkQueue.take(ScheduledThreadPoolExecutor.java:809)
        at java.util.concurrent.ThreadPoolExecutor.getTask(ThreadPoolExecutor.java:1074)
        at java.util.concurrent.ThreadPoolExecutor.runWorker(ThreadPoolExecutor.java:1134)
        at java.util.concurrent.ThreadPoolExecutor$Worker.run(ThreadPoolExecutor.java:624)
        at java.lang.Thread.run(Thread.java:750)
"org.apache.hadoop.util.JvmPauseMonitor$Monitor@1eedcf86" daemon prio=5 tid=429 timed_waiting
java.lang.Thread.State: TIMED_WAITING
        at java.lang.Thread.sleep(Native Method)
        at org.apache.hadoop.util.JvmPauseMonitor$Monitor.run(JvmPauseMonitor.java:192)
        at java.lang.Thread.run(Thread.java:750)
"Command processor thread" daemon prio=5 tid=389 timed_waiting
java.lang.Thread.State: TIMED_WAITING
        at java.lang.Thread.sleep(Native Method)
        at org.apache.hadoop.ozone.container.common.statemachine.DatanodeStateMachine.lambda$initCommandHandlerThread$3(DatanodeStateMachine.java:644)
        at org.apache.hadoop.ozone.container.common.statemachine.DatanodeStateMachine$$Lambda$784/1996133064.run(Unknown Source)
        at java.lang.Thread.run(Thread.java:750)
"qtp1793515338-147" daemon prio=5 tid=147 timed_waiting
java.lang.Thread.State: TIMED_WAITING
        at sun.misc.Unsafe.park(Native Method)
        at java.util.concurrent.locks.LockSupport.parkNanos(LockSupport.java:215)
        at java.util.concurrent.locks.AbstractQueuedSynchronizer$ConditionObject.awaitNanos(AbstractQueuedSynchronizer.java:2078)
        at org.eclipse.jetty.util.BlockingArrayQueue.poll(BlockingArrayQueue.java:382)
        at org.eclipse.jetty.util.thread.QueuedThreadPool$Runner.idleJobPoll(QueuedThreadPool.java:974)
        at org.eclipse.jetty.util.thread.QueuedThreadPool$Runner.run(QueuedThreadPool.java:1018)
        at java.lang.Thread.run(Thread.java:750)
"qtp2040269640-365" daemon prio=5 tid=365 timed_waiting
java.lang.Thread.State: TIMED_WAITING
        at sun.misc.Unsafe.park(Native Method)
        at java.util.concurrent.locks.LockSupport.parkNanos(LockSupport.java:215)
        at java.util.concurrent.locks.AbstractQueuedSynchronizer$ConditionObject.awaitNanos(AbstractQueuedSynchronizer.java:2078)
        at org.eclipse.jetty.util.BlockingArrayQueue.poll(BlockingArrayQueue.java:382)
        at org.eclipse.jetty.util.thread.QueuedThreadPool$Runner.idleJobPoll(QueuedThreadPool.java:974)
        at org.eclipse.jetty.util.thread.QueuedThreadPool$Runner.run(QueuedThreadPool.java:1018)
        at java.lang.Thread.run(Thread.java:750)
"StaleRecoveringContainerScrubbingService#7" daemon prio=5 tid=969 in Object.wait()
java.lang.Thread.State: WAITING (on object monitor)
        at sun.misc.Unsafe.park(Native Method)
        at java.util.concurrent.locks.LockSupport.park(LockSupport.java:175)
        at java.util.concurrent.locks.AbstractQueuedSynchronizer$ConditionObject.await(AbstractQueuedSynchronizer.java:2039)
        at java.util.concurrent.ScheduledThreadPoolExecutor$DelayedWorkQueue.take(ScheduledThreadPoolExecutor.java:1088)
        at java.util.concurrent.ScheduledThreadPoolExecutor$DelayedWorkQueue.take(ScheduledThreadPoolExecutor.java:809)
        at java.util.concurrent.ThreadPoolExecutor.getTask(ThreadPoolExecutor.java:1074)
        at java.util.concurrent.ThreadPoolExecutor.runWorker(ThreadPoolExecutor.java:1134)
        at java.util.concurrent.ThreadPoolExecutor$Worker.run(ThreadPoolExecutor.java:624)
        at java.lang.Thread.run(Thread.java:750)
"org.apache.hadoop.ozone.container.common.statemachine.commandhandler.DeleteBlocksCommandHandler$DeleteCmdWorker@44ca73af" daemon prio=5 tid=183 timed_waiting
java.lang.Thread.State: TIMED_WAITING
        at java.lang.Thread.sleep(Native Method)
        at org.apache.hadoop.ozone.container.common.statemachine.commandhandler.DeleteBlocksCommandHandler$DeleteCmdWorker.run(DeleteBlocksCommandHandler.java:184)
        at java.lang.Thread.run(Thread.java:750)
"Session-HouseKeeper-6d9dba8d-1"  prio=5 tid=497 timed_waiting
java.lang.Thread.State: TIMED_WAITING
        at sun.misc.Unsafe.park(Native Method)
        at java.util.concurrent.locks.LockSupport.parkNanos(LockSupport.java:215)
        at java.util.concurrent.locks.AbstractQueuedSynchronizer$ConditionObject.awaitNanos(AbstractQueuedSynchronizer.java:2078)
        at java.util.concurrent.ScheduledThreadPoolExecutor$DelayedWorkQueue.take(ScheduledThreadPoolExecutor.java:1093)
        at java.util.concurrent.ScheduledThreadPoolExecutor$DelayedWorkQueue.take(ScheduledThreadPoolExecutor.java:809)
        at java.util.concurrent.ThreadPoolExecutor.getTask(ThreadPoolExecutor.java:1074)
        at java.util.concurrent.ThreadPoolExecutor.runWorker(ThreadPoolExecutor.java:1134)
        at java.util.concurrent.ThreadPoolExecutor$Worker.run(ThreadPoolExecutor.java:624)
        at java.lang.Thread.run(Thread.java:750)
"Datanode ReportManager Thread - 2" daemon prio=5 tid=464 timed_waiting
java.lang.Thread.State: TIMED_WAITING
        at sun.misc.Unsafe.park(Native Method)
        at java.util.concurrent.locks.LockSupport.parkNanos(LockSupport.java:215)
        at java.util.concurrent.locks.AbstractQueuedSynchronizer$ConditionObject.awaitNanos(AbstractQueuedSynchronizer.java:2078)
        at java.util.concurrent.ScheduledThreadPoolExecutor$DelayedWorkQueue.take(ScheduledThreadPoolExecutor.java:1093)
        at java.util.concurrent.ScheduledThreadPoolExecutor$DelayedWorkQueue.take(ScheduledThreadPoolExecutor.java:809)
        at java.util.concurrent.ThreadPoolExecutor.getTask(ThreadPoolExecutor.java:1074)
        at java.util.concurrent.ThreadPoolExecutor.runWorker(ThreadPoolExecutor.java:1134)
        at java.util.concurrent.ThreadPoolExecutor$Worker.run(ThreadPoolExecutor.java:624)
        at java.lang.Thread.run(Thread.java:750)
"qtp87717446-401" daemon prio=5 tid=401 runnable
java.lang.Thread.State: RUNNABLE
        at sun.nio.ch.EPollArrayWrapper.epollWait(Native Method)
        at sun.nio.ch.EPollArrayWrapper.poll(EPollArrayWrapper.java:269)
        at sun.nio.ch.EPollSelectorImpl.doSelect(EPollSelectorImpl.java:93)
        at sun.nio.ch.SelectorImpl.lockAndDoSelect(SelectorImpl.java:86)
        at sun.nio.ch.SelectorImpl.select(SelectorImpl.java:97)
        at sun.nio.ch.SelectorImpl.select(SelectorImpl.java:101)
        at org.eclipse.jetty.io.ManagedSelector.nioSelect(ManagedSelector.java:183)
        at org.eclipse.jetty.io.ManagedSelector.select(ManagedSelector.java:190)
        at org.eclipse.jetty.io.ManagedSelector$SelectorProducer.select(ManagedSelector.java:606)
        at org.eclipse.jetty.io.ManagedSelector$SelectorProducer.produce(ManagedSelector.java:543)
        at org.eclipse.jetty.util.thread.strategy.EatWhatYouKill.produceTask(EatWhatYouKill.java:362)
        at org.eclipse.jetty.util.thread.strategy.EatWhatYouKill.doProduce(EatWhatYouKill.java:186)
        at org.eclipse.jetty.util.thread.strategy.EatWhatYouKill.tryProduce(EatWhatYouKill.java:173)
        at org.eclipse.jetty.util.thread.strategy.EatWhatYouKill.produce(EatWhatYouKill.java:137)
        at org.eclipse.jetty.io.ManagedSelector$$Lambda$453/347035587.run(Unknown Source)
        at org.eclipse.jetty.util.thread.QueuedThreadPool.runJob(QueuedThreadPool.java:883)
        at org.eclipse.jetty.util.thread.QueuedThreadPool$Runner.run(QueuedThreadPool.java:1034)
        at java.lang.Thread.run(Thread.java:750)
"BlockDeletingService#1" daemon prio=5 tid=343 timed_waiting
java.lang.Thread.State: TIMED_WAITING
        at sun.misc.Unsafe.park(Native Method)
        at java.util.concurrent.locks.LockSupport.parkNanos(LockSupport.java:215)
        at java.util.concurrent.locks.AbstractQueuedSynchronizer$ConditionObject.awaitNanos(AbstractQueuedSynchronizer.java:2078)
        at java.util.concurrent.ScheduledThreadPoolExecutor$DelayedWorkQueue.take(ScheduledThreadPoolExecutor.java:1093)
        at java.util.concurrent.ScheduledThreadPoolExecutor$DelayedWorkQueue.take(ScheduledThreadPoolExecutor.java:809)
        at java.util.concurrent.ThreadPoolExecutor.getTask(ThreadPoolExecutor.java:1074)
        at java.util.concurrent.ThreadPoolExecutor.runWorker(ThreadPoolExecutor.java:1134)
        at java.util.concurrent.ThreadPoolExecutor$Worker.run(ThreadPoolExecutor.java:624)
        at java.lang.Thread.run(Thread.java:750)
"ChunkReader-2" daemon prio=5 tid=824 in Object.wait()
java.lang.Thread.State: WAITING (on object monitor)
        at sun.misc.Unsafe.park(Native Method)
        at java.util.concurrent.locks.LockSupport.park(LockSupport.java:175)
        at java.util.concurrent.locks.AbstractQueuedSynchronizer$ConditionObject.await(AbstractQueuedSynchronizer.java:2039)
        at java.util.concurrent.LinkedBlockingQueue.take(LinkedBlockingQueue.java:442)
        at java.util.concurrent.ThreadPoolExecutor.getTask(ThreadPoolExecutor.java:1074)
        at java.util.concurrent.ThreadPoolExecutor.runWorker(ThreadPoolExecutor.java:1134)
        at java.util.concurrent.ThreadPoolExecutor$Worker.run(ThreadPoolExecutor.java:624)
        at java.lang.Thread.run(Thread.java:750)
"StaleRecoveringContainerScrubbingService#8" daemon prio=5 tid=988 in Object.wait()
java.lang.Thread.State: WAITING (on object monitor)
        at sun.misc.Unsafe.park(Native Method)
        at java.util.concurrent.locks.LockSupport.park(LockSupport.java:175)
        at java.util.concurrent.locks.AbstractQueuedSynchronizer$ConditionObject.await(AbstractQueuedSynchronizer.java:2039)
        at java.util.concurrent.ScheduledThreadPoolExecutor$DelayedWorkQueue.take(ScheduledThreadPoolExecutor.java:1088)
        at java.util.concurrent.ScheduledThreadPoolExecutor$DelayedWorkQueue.take(ScheduledThreadPoolExecutor.java:809)
        at java.util.concurrent.ThreadPoolExecutor.getTask(ThreadPoolExecutor.java:1074)
        at java.util.concurrent.ThreadPoolExecutor.runWorker(ThreadPoolExecutor.java:1134)
        at java.util.concurrent.ThreadPoolExecutor$Worker.run(ThreadPoolExecutor.java:624)
        at java.lang.Thread.run(Thread.java:750)
"e77b5d09-e15c-47d2-9906-1148d6692daf@group-C5ECEF351ECF-LeaderStateImpl" daemon prio=5 tid=777 timed_waiting
java.lang.Thread.State: TIMED_WAITING
        at sun.misc.Unsafe.park(Native Method)
        at java.util.concurrent.locks.LockSupport.parkNanos(LockSupport.java:215)
        at java.util.concurrent.locks.AbstractQueuedSynchronizer$ConditionObject.awaitNanos(AbstractQueuedSynchronizer.java:2078)
        at java.util.concurrent.ArrayBlockingQueue.poll(ArrayBlockingQueue.java:418)
        at org.apache.ratis.server.impl.LeaderStateImpl$EventQueue.poll(LeaderStateImpl.java:159)
        at org.apache.ratis.server.impl.LeaderStateImpl$EventProcessor.run(LeaderStateImpl.java:630)
"StaleRecoveringContainerScrubbingService#1" daemon prio=5 tid=342 in Object.wait()
java.lang.Thread.State: WAITING (on object monitor)
        at sun.misc.Unsafe.park(Native Method)
        at java.util.concurrent.locks.LockSupport.park(LockSupport.java:175)
        at java.util.concurrent.locks.AbstractQueuedSynchronizer$ConditionObject.await(AbstractQueuedSynchronizer.java:2039)
        at java.util.concurrent.ScheduledThreadPoolExecutor$DelayedWorkQueue.take(ScheduledThreadPoolExecutor.java:1088)
        at java.util.concurrent.ScheduledThreadPoolExecutor$DelayedWorkQueue.take(ScheduledThreadPoolExecutor.java:809)
        at java.util.concurrent.ThreadPoolExecutor.getTask(ThreadPoolExecutor.java:1074)
        at java.util.concurrent.ThreadPoolExecutor.runWorker(ThreadPoolExecutor.java:1134)
        at java.util.concurrent.ThreadPoolExecutor$Worker.run(ThreadPoolExecutor.java:624)
        at java.lang.Thread.run(Thread.java:750)
"Datanode State Machine Task Thread - 0"  prio=5 tid=352 in Object.wait()
java.lang.Thread.State: WAITING (on object monitor)
        at sun.misc.Unsafe.park(Native Method)
        at java.util.concurrent.locks.LockSupport.park(LockSupport.java:175)
        at java.util.concurrent.locks.AbstractQueuedSynchronizer$ConditionObject.await(AbstractQueuedSynchronizer.java:2039)
        at java.util.concurrent.LinkedBlockingQueue.take(LinkedBlockingQueue.java:442)
        at java.util.concurrent.ThreadPoolExecutor.getTask(ThreadPoolExecutor.java:1074)
        at java.util.concurrent.ThreadPoolExecutor.runWorker(ThreadPoolExecutor.java:1134)
        at java.util.concurrent.ThreadPoolExecutor$Worker.run(ThreadPoolExecutor.java:624)
        at java.lang.Thread.run(Thread.java:750)
"StaleRecoveringContainerScrubbingService#8" daemon prio=5 tid=989 in Object.wait()
java.lang.Thread.State: WAITING (on object monitor)
        at sun.misc.Unsafe.park(Native Method)
        at java.util.concurrent.locks.LockSupport.park(LockSupport.java:175)
        at java.util.concurrent.locks.AbstractQueuedSynchronizer$ConditionObject.await(AbstractQueuedSynchronizer.java:2039)
        at java.util.concurrent.ScheduledThreadPoolExecutor$DelayedWorkQueue.take(ScheduledThreadPoolExecutor.java:1088)
        at java.util.concurrent.ScheduledThreadPoolExecutor$DelayedWorkQueue.take(ScheduledThreadPoolExecutor.java:809)
        at java.util.concurrent.ThreadPoolExecutor.getTask(ThreadPoolExecutor.java:1074)
        at java.util.concurrent.ThreadPoolExecutor.runWorker(ThreadPoolExecutor.java:1134)
        at java.util.concurrent.ThreadPoolExecutor$Worker.run(ThreadPoolExecutor.java:624)
        at java.lang.Thread.run(Thread.java:750)
"EventQueue-DeadNodeForDeadNodeHandler" daemon prio=5 tid=880 in Object.wait()
java.lang.Thread.State: WAITING (on object monitor)
        at sun.misc.Unsafe.park(Native Method)
        at java.util.concurrent.locks.LockSupport.park(LockSupport.java:175)
        at java.util.concurrent.locks.AbstractQueuedSynchronizer$ConditionObject.await(AbstractQueuedSynchronizer.java:2039)
        at java.util.concurrent.LinkedBlockingQueue.take(LinkedBlockingQueue.java:442)
        at java.util.concurrent.ThreadPoolExecutor.getTask(ThreadPoolExecutor.java:1074)
        at java.util.concurrent.ThreadPoolExecutor.runWorker(ThreadPoolExecutor.java:1134)
        at java.util.concurrent.ThreadPoolExecutor$Worker.run(ThreadPoolExecutor.java:624)
        at java.lang.Thread.run(Thread.java:750)
"204ebb6c-eb9c-4605-8b0a-417067302917@group-26D1C231F733-LeaderStateImpl" daemon prio=5 tid=700 timed_waiting
java.lang.Thread.State: TIMED_WAITING
        at sun.misc.Unsafe.park(Native Method)
        at java.util.concurrent.locks.LockSupport.parkNanos(LockSupport.java:215)
        at java.util.concurrent.locks.AbstractQueuedSynchronizer$ConditionObject.awaitNanos(AbstractQueuedSynchronizer.java:2078)
        at java.util.concurrent.ArrayBlockingQueue.poll(ArrayBlockingQueue.java:418)
        at org.apache.ratis.server.impl.LeaderStateImpl$EventQueue.poll(LeaderStateImpl.java:159)
        at org.apache.ratis.server.impl.LeaderStateImpl$EventProcessor.run(LeaderStateImpl.java:630)
"StaleRecoveringContainerScrubbingService#6" daemon prio=5 tid=961 in Object.wait()
java.lang.Thread.State: WAITING (on object monitor)
        at sun.misc.Unsafe.park(Native Method)
        at java.util.concurrent.locks.LockSupport.park(LockSupport.java:175)
        at java.util.concurrent.locks.AbstractQueuedSynchronizer$ConditionObject.await(AbstractQueuedSynchronizer.java:2039)
        at java.util.concurrent.ScheduledThreadPoolExecutor$DelayedWorkQueue.take(ScheduledThreadPoolExecutor.java:1088)
        at java.util.concurrent.ScheduledThreadPoolExecutor$DelayedWorkQueue.take(ScheduledThreadPoolExecutor.java:809)
        at java.util.concurrent.ThreadPoolExecutor.getTask(ThreadPoolExecutor.java:1074)
        at java.util.concurrent.ThreadPoolExecutor.runWorker(ThreadPoolExecutor.java:1134)
        at java.util.concurrent.ThreadPoolExecutor$Worker.run(ThreadPoolExecutor.java:624)
        at java.lang.Thread.run(Thread.java:750)
"StaleRecoveringContainerScrubbingService#2" daemon prio=5 tid=708 timed_waiting
java.lang.Thread.State: TIMED_WAITING
        at sun.misc.Unsafe.park(Native Method)
        at java.util.concurrent.locks.LockSupport.parkNanos(LockSupport.java:215)
        at java.util.concurrent.locks.AbstractQueuedSynchronizer$ConditionObject.awaitNanos(AbstractQueuedSynchronizer.java:2078)
        at java.util.concurrent.ScheduledThreadPoolExecutor$DelayedWorkQueue.take(ScheduledThreadPoolExecutor.java:1093)
        at java.util.concurrent.ScheduledThreadPoolExecutor$DelayedWorkQueue.take(ScheduledThreadPoolExecutor.java:809)
        at java.util.concurrent.ThreadPoolExecutor.getTask(ThreadPoolExecutor.java:1074)
        at java.util.concurrent.ThreadPoolExecutor.runWorker(ThreadPoolExecutor.java:1134)
        at java.util.concurrent.ThreadPoolExecutor$Worker.run(ThreadPoolExecutor.java:624)
        at java.lang.Thread.run(Thread.java:750)
"IPC Server handler 3 on default port 33951" daemon prio=5 tid=157 timed_waiting
java.lang.Thread.State: TIMED_WAITING
        at sun.misc.Unsafe.park(Native Method)
        at java.util.concurrent.locks.LockSupport.parkNanos(LockSupport.java:215)
        at java.util.concurrent.locks.AbstractQueuedSynchronizer$ConditionObject.awaitNanos(AbstractQueuedSynchronizer.java:2078)
        at java.util.concurrent.LinkedBlockingQueue.poll(LinkedBlockingQueue.java:467)
        at org.apache.hadoop.ipc.CallQueueManager.take(CallQueueManager.java:317)
        at org.apache.hadoop.ipc.Server$Handler.run(Server.java:2942)
"51369307-b0de-40aa-9d6f-41f84e1cecb7@group-AE8453F49D0B-FollowerState" daemon prio=5 tid=932 timed_waiting
java.lang.Thread.State: TIMED_WAITING
        at java.lang.Thread.sleep(Native Method)
        at java.lang.Thread.sleep(Thread.java:342)
        at java.util.concurrent.TimeUnit.sleep(TimeUnit.java:386)
        at org.apache.ratis.util.TimeDuration.sleep(TimeDuration.java:325)
        at org.apache.ratis.util.TimeDuration.sleep(TimeDuration.java:310)
        at org.apache.ratis.server.impl.FollowerState.run(FollowerState.java:128)
"StaleRecoveringContainerScrubbingService#0" daemon prio=5 tid=537 in Object.wait()
java.lang.Thread.State: WAITING (on object monitor)
        at sun.misc.Unsafe.park(Native Method)
        at java.util.concurrent.locks.LockSupport.park(LockSupport.java:175)
        at java.util.concurrent.locks.AbstractQueuedSynchronizer$ConditionObject.await(AbstractQueuedSynchronizer.java:2039)
        at java.util.concurrent.ScheduledThreadPoolExecutor$DelayedWorkQueue.take(ScheduledThreadPoolExecutor.java:1088)
        at java.util.concurrent.ScheduledThreadPoolExecutor$DelayedWorkQueue.take(ScheduledThreadPoolExecutor.java:809)
        at java.util.concurrent.ThreadPoolExecutor.getTask(ThreadPoolExecutor.java:1074)
        at java.util.concurrent.ThreadPoolExecutor.runWorker(ThreadPoolExecutor.java:1134)
        at java.util.concurrent.ThreadPoolExecutor$Worker.run(ThreadPoolExecutor.java:624)
        at java.lang.Thread.run(Thread.java:750)
"StaleRecoveringContainerScrubbingService#9" daemon prio=5 tid=997 in Object.wait()
java.lang.Thread.State: WAITING (on object monitor)
        at sun.misc.Unsafe.park(Native Method)
        at java.util.concurrent.locks.LockSupport.park(LockSupport.java:175)
        at java.util.concurrent.locks.AbstractQueuedSynchronizer$ConditionObject.await(AbstractQueuedSynchronizer.java:2039)
        at java.util.concurrent.ScheduledThreadPoolExecutor$DelayedWorkQueue.take(ScheduledThreadPoolExecutor.java:1088)
        at java.util.concurrent.ScheduledThreadPoolExecutor$DelayedWorkQueue.take(ScheduledThreadPoolExecutor.java:809)
        at java.util.concurrent.ThreadPoolExecutor.getTask(ThreadPoolExecutor.java:1074)
        at java.util.concurrent.ThreadPoolExecutor.runWorker(ThreadPoolExecutor.java:1134)
        at java.util.concurrent.ThreadPoolExecutor$Worker.run(ThreadPoolExecutor.java:624)
        at java.lang.Thread.run(Thread.java:750)
"Datanode State Machine Daemon Thread" daemon prio=5 tid=223 timed_waiting
java.lang.Thread.State: TIMED_WAITING
        at java.lang.Thread.sleep(Native Method)
        at org.apache.hadoop.ozone.container.common.statemachine.DatanodeStateMachine.startStateMachineThread(DatanodeStateMachine.java:324)
        at org.apache.hadoop.ozone.container.common.statemachine.DatanodeStateMachine.lambda$startDaemon$0(DatanodeStateMachine.java:509)
        at org.apache.hadoop.ozone.container.common.statemachine.DatanodeStateMachine$$Lambda$782/807019219.run(Unknown Source)
        at java.lang.Thread.run(Thread.java:750)
"qtp1793515338-146-acceptor-0@6750fc55-ServerConnector@763ee217{HTTP/1.1, (http/1.1)}{0.0.0.0:36365}" daemon prio=3 tid=146 runnable
java.lang.Thread.State: RUNNABLE
        at sun.nio.ch.ServerSocketChannelImpl.accept0(Native Method)
        at sun.nio.ch.ServerSocketChannelImpl.accept(ServerSocketChannelImpl.java:421)
        at sun.nio.ch.ServerSocketChannelImpl.accept(ServerSocketChannelImpl.java:249)
        at org.eclipse.jetty.server.ServerConnector.accept(ServerConnector.java:388)
        at org.eclipse.jetty.server.AbstractConnector$Acceptor.run(AbstractConnector.java:704)
        at org.eclipse.jetty.util.thread.QueuedThreadPool.runJob(QueuedThreadPool.java:883)
        at org.eclipse.jetty.util.thread.QueuedThreadPool$Runner.run(QueuedThreadPool.java:1034)
        at java.lang.Thread.run(Thread.java:750)
"IPC Server handler 19 on default port 42667" daemon prio=5 tid=65 timed_waiting
java.lang.Thread.State: TIMED_WAITING
        at sun.misc.Unsafe.park(Native Method)
        at java.util.concurrent.locks.LockSupport.parkNanos(LockSupport.java:215)
        at java.util.concurrent.locks.AbstractQueuedSynchronizer$ConditionObject.awaitNanos(AbstractQueuedSynchronizer.java:2078)
        at java.util.concurrent.LinkedBlockingQueue.poll(LinkedBlockingQueue.java:467)
        at org.apache.hadoop.ipc.CallQueueManager.take(CallQueueManager.java:317)
        at org.apache.hadoop.ipc.Server$Handler.run(Server.java:2942)
"IPC Server handler 13 on default port 42667" daemon prio=5 tid=59 timed_waiting
java.lang.Thread.State: TIMED_WAITING
        at sun.misc.Unsafe.park(Native Method)
        at java.util.concurrent.locks.LockSupport.parkNanos(LockSupport.java:215)
        at java.util.concurrent.locks.AbstractQueuedSynchronizer$ConditionObject.awaitNanos(AbstractQueuedSynchronizer.java:2078)
        at java.util.concurrent.LinkedBlockingQueue.poll(LinkedBlockingQueue.java:467)
        at org.apache.hadoop.ipc.CallQueueManager.take(CallQueueManager.java:317)
        at org.apache.hadoop.ipc.Server$Handler.run(Server.java:2942)
"StaleRecoveringContainerScrubbingService#4" daemon prio=5 tid=926 in Object.wait()
java.lang.Thread.State: WAITING (on object monitor)
        at sun.misc.Unsafe.park(Native Method)
        at java.util.concurrent.locks.LockSupport.park(LockSupport.java:175)
        at java.util.concurrent.locks.AbstractQueuedSynchronizer$ConditionObject.await(AbstractQueuedSynchronizer.java:2039)
        at java.util.concurrent.ScheduledThreadPoolExecutor$DelayedWorkQueue.take(ScheduledThreadPoolExecutor.java:1088)
        at java.util.concurrent.ScheduledThreadPoolExecutor$DelayedWorkQueue.take(ScheduledThreadPoolExecutor.java:809)
        at java.util.concurrent.ThreadPoolExecutor.getTask(ThreadPoolExecutor.java:1074)
        at java.util.concurrent.ThreadPoolExecutor.runWorker(ThreadPoolExecutor.java:1134)
        at java.util.concurrent.ThreadPoolExecutor$Worker.run(ThreadPoolExecutor.java:624)
        at java.lang.Thread.run(Thread.java:750)
"qtp1004270885-485" daemon prio=5 tid=485 runnable
java.lang.Thread.State: RUNNABLE
        at sun.nio.ch.EPollArrayWrapper.epollWait(Native Method)
        at sun.nio.ch.EPollArrayWrapper.poll(EPollArrayWrapper.java:269)
        at sun.nio.ch.EPollSelectorImpl.doSelect(EPollSelectorImpl.java:93)
        at sun.nio.ch.SelectorImpl.lockAndDoSelect(SelectorImpl.java:86)
        at sun.nio.ch.SelectorImpl.select(SelectorImpl.java:97)
        at sun.nio.ch.SelectorImpl.select(SelectorImpl.java:101)
        at org.eclipse.jetty.io.ManagedSelector.nioSelect(ManagedSelector.java:183)
        at org.eclipse.jetty.io.ManagedSelector.select(ManagedSelector.java:190)
        at org.eclipse.jetty.io.ManagedSelector$SelectorProducer.select(ManagedSelector.java:606)
        at org.eclipse.jetty.io.ManagedSelector$SelectorProducer.produce(ManagedSelector.java:543)
        at org.eclipse.jetty.util.thread.strategy.EatWhatYouKill.produceTask(EatWhatYouKill.java:362)
        at org.eclipse.jetty.util.thread.strategy.EatWhatYouKill.doProduce(EatWhatYouKill.java:186)
        at org.eclipse.jetty.util.thread.strategy.EatWhatYouKill.tryProduce(EatWhatYouKill.java:173)
        at org.eclipse.jetty.util.thread.strategy.EatWhatYouKill.produce(EatWhatYouKill.java:137)
        at org.eclipse.jetty.io.ManagedSelector$$Lambda$453/347035587.run(Unknown Source)
        at org.eclipse.jetty.util.thread.QueuedThreadPool.runJob(QueuedThreadPool.java:883)
        at org.eclipse.jetty.util.thread.QueuedThreadPool$Runner.run(QueuedThreadPool.java:1034)
        at java.lang.Thread.run(Thread.java:750)
"Command processor thread" daemon prio=5 tid=256 timed_waiting
java.lang.Thread.State: TIMED_WAITING
        at java.lang.Thread.sleep(Native Method)
        at org.apache.hadoop.ozone.container.common.statemachine.DatanodeStateMachine.lambda$initCommandHandlerThread$3(DatanodeStateMachine.java:644)
        at org.apache.hadoop.ozone.container.common.statemachine.DatanodeStateMachine$$Lambda$784/1996133064.run(Unknown Source)
        at java.lang.Thread.run(Thread.java:750)
"org.apache.hadoop.ozone.container.common.statemachine.commandhandler.DeleteBlocksCommandHandler$DeleteCmdWorker@39d80276" daemon prio=5 tid=438 timed_waiting
java.lang.Thread.State: TIMED_WAITING
        at java.lang.Thread.sleep(Native Method)
        at org.apache.hadoop.ozone.container.common.statemachine.commandhandler.DeleteBlocksCommandHandler$DeleteCmdWorker.run(DeleteBlocksCommandHandler.java:184)
        at java.lang.Thread.run(Thread.java:750)
"37be314e-42cf-4ee9-a18e-baad7075c611@group-4B191A258550->204ebb6c-eb9c-4605-8b0a-417067302917-GrpcLogAppender-LogAppenderDaemon" daemon prio=5 tid=910 timed_waiting
java.lang.Thread.State: TIMED_WAITING
        at sun.misc.Unsafe.park(Native Method)
        at java.util.concurrent.locks.LockSupport.parkNanos(LockSupport.java:215)
        at java.util.concurrent.locks.AbstractQueuedSynchronizer$ConditionObject.await(AbstractQueuedSynchronizer.java:2163)
        at org.apache.ratis.util.AwaitForSignal.await(AwaitForSignal.java:62)
        at org.apache.ratis.grpc.server.GrpcLogAppender.mayWait(GrpcLogAppender.java:198)
        at org.apache.ratis.grpc.server.GrpcLogAppender.run(GrpcLogAppender.java:148)
        at org.apache.ratis.server.leader.LogAppenderDaemon.run(LogAppenderDaemon.java:78)
        at org.apache.ratis.server.leader.LogAppenderDaemon$$Lambda$1079/1056695053.run(Unknown Source)
        at java.lang.Thread.run(Thread.java:750)
"Datanode State Machine Task Thread - 0"  prio=5 tid=430 in Object.wait()
java.lang.Thread.State: WAITING (on object monitor)
        at sun.misc.Unsafe.park(Native Method)
        at java.util.concurrent.locks.LockSupport.park(LockSupport.java:175)
        at java.util.concurrent.locks.AbstractQueuedSynchronizer$ConditionObject.await(AbstractQueuedSynchronizer.java:2039)
        at java.util.concurrent.LinkedBlockingQueue.take(LinkedBlockingQueue.java:442)
        at java.util.concurrent.ThreadPoolExecutor.getTask(ThreadPoolExecutor.java:1074)
        at java.util.concurrent.ThreadPoolExecutor.runWorker(ThreadPoolExecutor.java:1134)
        at java.util.concurrent.ThreadPoolExecutor$Worker.run(ThreadPoolExecutor.java:624)
        at java.lang.Thread.run(Thread.java:750)
"e77b5d09-e15c-47d2-9906-1148d6692daf@group-C5ECEF351ECF-SegmentedRaftLogWorker"  prio=5 tid=681 timed_waiting
java.lang.Thread.State: TIMED_WAITING
        at sun.misc.Unsafe.park(Native Method)
        at java.util.concurrent.locks.LockSupport.parkNanos(LockSupport.java:215)
        at java.util.concurrent.locks.AbstractQueuedSynchronizer$ConditionObject.awaitNanos(AbstractQueuedSynchronizer.java:2078)
        at org.apache.ratis.util.DataBlockingQueue.poll(DataBlockingQueue.java:148)
        at org.apache.ratis.server.raftlog.segmented.SegmentedRaftLogWorker.run(SegmentedRaftLogWorker.java:312)
        at org.apache.ratis.server.raftlog.segmented.SegmentedRaftLogWorker$$Lambda$693/377063671.run(Unknown Source)
        at java.lang.Thread.run(Thread.java:750)
"ChunkReader-ELG-0" daemon prio=5 tid=417 runnable
java.lang.Thread.State: RUNNABLE
        at org.apache.ratis.thirdparty.io.netty.channel.epoll.Native.epollWait0(Native Method)
        at org.apache.ratis.thirdparty.io.netty.channel.epoll.Native.epollWait(Native.java:182)
        at org.apache.ratis.thirdparty.io.netty.channel.epoll.EpollEventLoop.epollWait(EpollEventLoop.java:290)
        at org.apache.ratis.thirdparty.io.netty.channel.epoll.EpollEventLoop.run(EpollEventLoop.java:354)
        at org.apache.ratis.thirdparty.io.netty.util.concurrent.SingleThreadEventExecutor$4.run(SingleThreadEventExecutor.java:995)
        at org.apache.ratis.thirdparty.io.netty.util.internal.ThreadExecutorMap$2.run(ThreadExecutorMap.java:74)
        at java.lang.Thread.run(Thread.java:750)
"om1@group-C5BA1605619E-LeaderStateImpl" daemon prio=5 tid=204 timed_waiting
java.lang.Thread.State: TIMED_WAITING
        at sun.misc.Unsafe.park(Native Method)
        at java.util.concurrent.locks.LockSupport.parkNanos(LockSupport.java:215)
        at java.util.concurrent.locks.AbstractQueuedSynchronizer$ConditionObject.awaitNanos(AbstractQueuedSynchronizer.java:2078)
        at java.util.concurrent.ArrayBlockingQueue.poll(ArrayBlockingQueue.java:418)
        at org.apache.ratis.server.impl.LeaderStateImpl$EventQueue.poll(LeaderStateImpl.java:159)
        at org.apache.ratis.server.impl.LeaderStateImpl$EventProcessor.run(LeaderStateImpl.java:630)
"timer4" daemon prio=5 tid=730 timed_waiting
java.lang.Thread.State: TIMED_WAITING
        at java.lang.Object.wait(Native Method)
        at java.util.TimerThread.mainLoop(Timer.java:552)
        at java.util.TimerThread.run(Timer.java:505)
"IPC Server listener on 0" daemon prio=5 tid=130 runnable
java.lang.Thread.State: RUNNABLE
        at sun.nio.ch.EPollArrayWrapper.epollWait(Native Method)
        at sun.nio.ch.EPollArrayWrapper.poll(EPollArrayWrapper.java:269)
        at sun.nio.ch.EPollSelectorImpl.doSelect(EPollSelectorImpl.java:93)
        at sun.nio.ch.SelectorImpl.lockAndDoSelect(SelectorImpl.java:86)
        at sun.nio.ch.SelectorImpl.select(SelectorImpl.java:97)
        at sun.nio.ch.SelectorImpl.select(SelectorImpl.java:101)
        at org.apache.hadoop.ipc.Server$Listener.run(Server.java:1358)
"IPC Server handler 9 on default port 33549" daemon prio=5 tid=95 timed_waiting
java.lang.Thread.State: TIMED_WAITING
        at sun.misc.Unsafe.park(Native Method)
        at java.util.concurrent.locks.LockSupport.parkNanos(LockSupport.java:215)
        at java.util.concurrent.locks.AbstractQueuedSynchronizer$ConditionObject.awaitNanos(AbstractQueuedSynchronizer.java:2078)
        at java.util.concurrent.LinkedBlockingQueue.poll(LinkedBlockingQueue.java:467)
        at org.apache.hadoop.ipc.CallQueueManager.take(CallQueueManager.java:317)
        at org.apache.hadoop.ipc.Server$Handler.run(Server.java:2942)
"Datanode ReportManager Thread - 0" daemon prio=5 tid=251 timed_waiting
java.lang.Thread.State: TIMED_WAITING
        at sun.misc.Unsafe.park(Native Method)
        at java.util.concurrent.locks.LockSupport.parkNanos(LockSupport.java:215)
        at java.util.concurrent.locks.AbstractQueuedSynchronizer$ConditionObject.awaitNanos(AbstractQueuedSynchronizer.java:2078)
        at java.util.concurrent.ScheduledThreadPoolExecutor$DelayedWorkQueue.take(ScheduledThreadPoolExecutor.java:1093)
        at java.util.concurrent.ScheduledThreadPoolExecutor$DelayedWorkQueue.take(ScheduledThreadPoolExecutor.java:809)
        at java.util.concurrent.ThreadPoolExecutor.getTask(ThreadPoolExecutor.java:1074)
        at java.util.concurrent.ThreadPoolExecutor.runWorker(ThreadPoolExecutor.java:1134)
        at java.util.concurrent.ThreadPoolExecutor$Worker.run(ThreadPoolExecutor.java:624)
        at java.lang.Thread.run(Thread.java:750)
"StaleRecoveringContainerScrubbingService#8" daemon prio=5 tid=991 in Object.wait()
java.lang.Thread.State: WAITING (on object monitor)
        at sun.misc.Unsafe.park(Native Method)
        at java.util.concurrent.locks.LockSupport.park(LockSupport.java:175)
        at java.util.concurrent.locks.AbstractQueuedSynchronizer$ConditionObject.await(AbstractQueuedSynchronizer.java:2039)
        at java.util.concurrent.ScheduledThreadPoolExecutor$DelayedWorkQueue.take(ScheduledThreadPoolExecutor.java:1088)
        at java.util.concurrent.ScheduledThreadPoolExecutor$DelayedWorkQueue.take(ScheduledThreadPoolExecutor.java:809)
        at java.util.concurrent.ThreadPoolExecutor.getTask(ThreadPoolExecutor.java:1074)
        at java.util.concurrent.ThreadPoolExecutor.runWorker(ThreadPoolExecutor.java:1134)
        at java.util.concurrent.ThreadPoolExecutor$Worker.run(ThreadPoolExecutor.java:624)
        at java.lang.Thread.run(Thread.java:750)
"IPC Server handler 1 on default port 35905" daemon prio=5 tid=67 timed_waiting
java.lang.Thread.State: TIMED_WAITING
        at sun.misc.Unsafe.park(Native Method)
        at java.util.concurrent.locks.LockSupport.parkNanos(LockSupport.java:215)
        at java.util.concurrent.locks.AbstractQueuedSynchronizer$ConditionObject.awaitNanos(AbstractQueuedSynchronizer.java:2078)
        at java.util.concurrent.LinkedBlockingQueue.poll(LinkedBlockingQueue.java:467)
        at org.apache.hadoop.ipc.CallQueueManager.take(CallQueueManager.java:317)
        at org.apache.hadoop.ipc.Server$Handler.run(Server.java:2942)
"Datanode ReportManager Thread - 0" daemon prio=5 tid=423 timed_waiting
java.lang.Thread.State: TIMED_WAITING
        at sun.misc.Unsafe.park(Native Method)
        at java.util.concurrent.locks.LockSupport.parkNanos(LockSupport.java:215)
        at java.util.concurrent.locks.AbstractQueuedSynchronizer$ConditionObject.awaitNanos(AbstractQueuedSynchronizer.java:2078)
        at java.util.concurrent.ScheduledThreadPoolExecutor$DelayedWorkQueue.take(ScheduledThreadPoolExecutor.java:1093)
        at java.util.concurrent.ScheduledThreadPoolExecutor$DelayedWorkQueue.take(ScheduledThreadPoolExecutor.java:809)
        at java.util.concurrent.ThreadPoolExecutor.getTask(ThreadPoolExecutor.java:1074)
        at java.util.concurrent.ThreadPoolExecutor.runWorker(ThreadPoolExecutor.java:1134)
        at java.util.concurrent.ThreadPoolExecutor$Worker.run(ThreadPoolExecutor.java:624)
        at java.lang.Thread.run(Thread.java:750)
"StaleRecoveringContainerScrubbingService#7" daemon prio=5 tid=966 in Object.wait()
java.lang.Thread.State: WAITING (on object monitor)
        at sun.misc.Unsafe.park(Native Method)
        at java.util.concurrent.locks.LockSupport.park(LockSupport.java:175)
        at java.util.concurrent.locks.AbstractQueuedSynchronizer$ConditionObject.await(AbstractQueuedSynchronizer.java:2039)
        at java.util.concurrent.ScheduledThreadPoolExecutor$DelayedWorkQueue.take(ScheduledThreadPoolExecutor.java:1088)
        at java.util.concurrent.ScheduledThreadPoolExecutor$DelayedWorkQueue.take(ScheduledThreadPoolExecutor.java:809)
        at java.util.concurrent.ThreadPoolExecutor.getTask(ThreadPoolExecutor.java:1074)
        at java.util.concurrent.ThreadPoolExecutor.runWorker(ThreadPoolExecutor.java:1134)
        at java.util.concurrent.ThreadPoolExecutor$Worker.run(ThreadPoolExecutor.java:624)
        at java.lang.Thread.run(Thread.java:750)
"timer6" daemon prio=5 tid=784 timed_waiting
java.lang.Thread.State: TIMED_WAITING
        at java.lang.Object.wait(Native Method)
        at java.util.TimerThread.mainLoop(Timer.java:552)
        at java.util.TimerThread.run(Timer.java:505)
"Datanode State Machine Daemon Thread" daemon prio=5 tid=344 timed_waiting
java.lang.Thread.State: TIMED_WAITING
        at java.lang.Thread.sleep(Native Method)
        at org.apache.hadoop.ozone.container.common.statemachine.DatanodeStateMachine.startStateMachineThread(DatanodeStateMachine.java:324)
        at org.apache.hadoop.ozone.container.common.statemachine.DatanodeStateMachine.lambda$startDaemon$0(DatanodeStateMachine.java:509)
        at org.apache.hadoop.ozone.container.common.statemachine.DatanodeStateMachine$$Lambda$782/807019219.run(Unknown Source)
        at java.lang.Thread.run(Thread.java:750)
"pool-195-thread-1"  prio=5 tid=324 timed_waiting
java.lang.Thread.State: TIMED_WAITING
        at sun.misc.Unsafe.park(Native Method)
        at java.util.concurrent.locks.LockSupport.parkNanos(LockSupport.java:215)
        at java.util.concurrent.locks.AbstractQueuedSynchronizer$ConditionObject.awaitNanos(AbstractQueuedSynchronizer.java:2078)
        at java.util.concurrent.ScheduledThreadPoolExecutor$DelayedWorkQueue.take(ScheduledThreadPoolExecutor.java:1093)
        at java.util.concurrent.ScheduledThreadPoolExecutor$DelayedWorkQueue.take(ScheduledThreadPoolExecutor.java:809)
        at java.util.concurrent.ThreadPoolExecutor.getTask(ThreadPoolExecutor.java:1074)
        at java.util.concurrent.ThreadPoolExecutor.runWorker(ThreadPoolExecutor.java:1134)
        at java.util.concurrent.ThreadPoolExecutor$Worker.run(ThreadPoolExecutor.java:624)
        at java.lang.Thread.run(Thread.java:750)
"37be314e-42cf-4ee9-a18e-baad7075c611-server-thread2" daemon prio=5 tid=731 timed_waiting
java.lang.Thread.State: TIMED_WAITING
        at sun.misc.Unsafe.park(Native Method)
        at java.util.concurrent.locks.LockSupport.parkNanos(LockSupport.java:215)
        at java.util.concurrent.SynchronousQueue$TransferStack.awaitFulfill(SynchronousQueue.java:460)
        at java.util.concurrent.SynchronousQueue$TransferStack.transfer(SynchronousQueue.java:362)
        at java.util.concurrent.SynchronousQueue.poll(SynchronousQueue.java:941)
        at java.util.concurrent.ThreadPoolExecutor.getTask(ThreadPoolExecutor.java:1073)
        at java.util.concurrent.ThreadPoolExecutor.runWorker(ThreadPoolExecutor.java:1134)
        at java.util.concurrent.ThreadPoolExecutor$Worker.run(ThreadPoolExecutor.java:624)
        at java.lang.Thread.run(Thread.java:750)
"qtp1793515338-152" daemon prio=5 tid=152 timed_waiting
java.lang.Thread.State: TIMED_WAITING
        at sun.misc.Unsafe.park(Native Method)
        at java.util.concurrent.locks.LockSupport.parkNanos(LockSupport.java:215)
        at java.util.concurrent.locks.AbstractQueuedSynchronizer$ConditionObject.awaitNanos(AbstractQueuedSynchronizer.java:2078)
        at org.eclipse.jetty.util.BlockingArrayQueue.poll(BlockingArrayQueue.java:382)
        at org.eclipse.jetty.util.thread.QueuedThreadPool$Runner.idleJobPoll(QueuedThreadPool.java:974)
        at org.eclipse.jetty.util.thread.QueuedThreadPool$Runner.run(QueuedThreadPool.java:1018)
        at java.lang.Thread.run(Thread.java:750)
"Session-HouseKeeper-344cf00f-1"  prio=5 tid=117 timed_waiting
java.lang.Thread.State: TIMED_WAITING
        at sun.misc.Unsafe.park(Native Method)
        at java.util.concurrent.locks.LockSupport.parkNanos(LockSupport.java:215)
        at java.util.concurrent.locks.AbstractQueuedSynchronizer$ConditionObject.awaitNanos(AbstractQueuedSynchronizer.java:2078)
        at java.util.concurrent.ScheduledThreadPoolExecutor$DelayedWorkQueue.take(ScheduledThreadPoolExecutor.java:1093)
        at java.util.concurrent.ScheduledThreadPoolExecutor$DelayedWorkQueue.take(ScheduledThreadPoolExecutor.java:809)
        at java.util.concurrent.ThreadPoolExecutor.getTask(ThreadPoolExecutor.java:1074)
        at java.util.concurrent.ThreadPoolExecutor.runWorker(ThreadPoolExecutor.java:1134)
        at java.util.concurrent.ThreadPoolExecutor$Worker.run(ThreadPoolExecutor.java:624)
        at java.lang.Thread.run(Thread.java:750)
"IPC Server handler 7 on default port 35905" daemon prio=5 tid=73 timed_waiting
java.lang.Thread.State: TIMED_WAITING
        at sun.misc.Unsafe.park(Native Method)
        at java.util.concurrent.locks.LockSupport.parkNanos(LockSupport.java:215)
        at java.util.concurrent.locks.AbstractQueuedSynchronizer$ConditionObject.awaitNanos(AbstractQueuedSynchronizer.java:2078)
        at java.util.concurrent.LinkedBlockingQueue.poll(LinkedBlockingQueue.java:467)
        at org.apache.hadoop.ipc.CallQueueManager.take(CallQueueManager.java:317)
        at org.apache.hadoop.ipc.Server$Handler.run(Server.java:2942)
"Command processor thread" daemon prio=5 tid=428 timed_waiting
java.lang.Thread.State: TIMED_WAITING
        at java.lang.Thread.sleep(Native Method)
        at org.apache.hadoop.ozone.container.common.statemachine.DatanodeStateMachine.lambda$initCommandHandlerThread$3(DatanodeStateMachine.java:644)
        at org.apache.hadoop.ozone.container.common.statemachine.DatanodeStateMachine$$Lambda$784/1996133064.run(Unknown Source)
        at java.lang.Thread.run(Thread.java:750)
"org.apache.hadoop.util.JvmPauseMonitor$Monitor@73b8fb7b" daemon prio=5 tid=390 timed_waiting
java.lang.Thread.State: TIMED_WAITING
        at java.lang.Thread.sleep(Native Method)
        at org.apache.hadoop.util.JvmPauseMonitor$Monitor.run(JvmPauseMonitor.java:192)
        at java.lang.Thread.run(Thread.java:750)
"BlockDeletingService#1" daemon prio=5 tid=420 timed_waiting
java.lang.Thread.State: TIMED_WAITING
        at sun.misc.Unsafe.park(Native Method)
        at java.util.concurrent.locks.LockSupport.parkNanos(LockSupport.java:215)
        at java.util.concurrent.locks.AbstractQueuedSynchronizer$ConditionObject.awaitNanos(AbstractQueuedSynchronizer.java:2078)
        at java.util.concurrent.ScheduledThreadPoolExecutor$DelayedWorkQueue.take(ScheduledThreadPoolExecutor.java:1093)
        at java.util.concurrent.ScheduledThreadPoolExecutor$DelayedWorkQueue.take(ScheduledThreadPoolExecutor.java:809)
        at java.util.concurrent.ThreadPoolExecutor.getTask(ThreadPoolExecutor.java:1074)
        at java.util.concurrent.ThreadPoolExecutor.runWorker(ThreadPoolExecutor.java:1134)
        at java.util.concurrent.ThreadPoolExecutor$Worker.run(ThreadPoolExecutor.java:624)
        at java.lang.Thread.run(Thread.java:750)
"IPC Server handler 15 on default port 42667" daemon prio=5 tid=61 timed_waiting
java.lang.Thread.State: TIMED_WAITING
        at sun.misc.Unsafe.park(Native Method)
        at java.util.concurrent.locks.LockSupport.parkNanos(LockSupport.java:215)
        at java.util.concurrent.locks.AbstractQueuedSynchronizer$ConditionObject.awaitNanos(AbstractQueuedSynchronizer.java:2078)
        at java.util.concurrent.LinkedBlockingQueue.poll(LinkedBlockingQueue.java:467)
        at org.apache.hadoop.ipc.CallQueueManager.take(CallQueueManager.java:317)
        at org.apache.hadoop.ipc.Server$Handler.run(Server.java:2942)
"Socket Reader #1 for port 0"  prio=5 tid=28 runnable
java.lang.Thread.State: RUNNABLE
        at sun.nio.ch.EPollArrayWrapper.epollWait(Native Method)
        at sun.nio.ch.EPollArrayWrapper.poll(EPollArrayWrapper.java:269)
        at sun.nio.ch.EPollSelectorImpl.doSelect(EPollSelectorImpl.java:93)
        at sun.nio.ch.SelectorImpl.lockAndDoSelect(SelectorImpl.java:86)
        at sun.nio.ch.SelectorImpl.select(SelectorImpl.java:97)
        at sun.nio.ch.SelectorImpl.select(SelectorImpl.java:101)
        at org.apache.hadoop.ipc.Server$Listener$Reader.doRunLoop(Server.java:1296)
        at org.apache.hadoop.ipc.Server$Listener$Reader.run(Server.java:1275)
"pool-276-thread-1"  prio=5 tid=439 timed_waiting
java.lang.Thread.State: TIMED_WAITING
        at sun.misc.Unsafe.park(Native Method)
        at java.util.concurrent.locks.LockSupport.parkNanos(LockSupport.java:215)
        at java.util.concurrent.locks.AbstractQueuedSynchronizer$ConditionObject.awaitNanos(AbstractQueuedSynchronizer.java:2078)
        at java.util.concurrent.ScheduledThreadPoolExecutor$DelayedWorkQueue.take(ScheduledThreadPoolExecutor.java:1093)
        at java.util.concurrent.ScheduledThreadPoolExecutor$DelayedWorkQueue.take(ScheduledThreadPoolExecutor.java:809)
        at java.util.concurrent.ThreadPoolExecutor.getTask(ThreadPoolExecutor.java:1074)
        at java.util.concurrent.ThreadPoolExecutor.runWorker(ThreadPoolExecutor.java:1134)
        at java.util.concurrent.ThreadPoolExecutor$Worker.run(ThreadPoolExecutor.java:624)
        at java.lang.Thread.run(Thread.java:750)
"pool-206-thread-1" daemon prio=5 tid=356 timed_waiting
java.lang.Thread.State: TIMED_WAITING
        at sun.misc.Unsafe.park(Native Method)
        at java.util.concurrent.locks.LockSupport.parkNanos(LockSupport.java:215)
        at java.util.concurrent.locks.AbstractQueuedSynchronizer$ConditionObject.awaitNanos(AbstractQueuedSynchronizer.java:2078)
        at java.util.concurrent.ScheduledThreadPoolExecutor$DelayedWorkQueue.take(ScheduledThreadPoolExecutor.java:1093)
        at java.util.concurrent.ScheduledThreadPoolExecutor$DelayedWorkQueue.take(ScheduledThreadPoolExecutor.java:809)
        at java.util.concurrent.ThreadPoolExecutor.getTask(ThreadPoolExecutor.java:1074)
        at java.util.concurrent.ThreadPoolExecutor.runWorker(ThreadPoolExecutor.java:1134)
        at java.util.concurrent.ThreadPoolExecutor$Worker.run(ThreadPoolExecutor.java:624)
        at java.lang.Thread.run(Thread.java:750)
"StaleRecoveringContainerScrubbingService#1" daemon prio=5 tid=538 in Object.wait()
java.lang.Thread.State: WAITING (on object monitor)
        at sun.misc.Unsafe.park(Native Method)
        at java.util.concurrent.locks.LockSupport.park(LockSupport.java:175)
        at java.util.concurrent.locks.AbstractQueuedSynchronizer$ConditionObject.await(AbstractQueuedSynchronizer.java:2039)
        at java.util.concurrent.ScheduledThreadPoolExecutor$DelayedWorkQueue.take(ScheduledThreadPoolExecutor.java:1088)
        at java.util.concurrent.ScheduledThreadPoolExecutor$DelayedWorkQueue.take(ScheduledThreadPoolExecutor.java:809)
        at java.util.concurrent.ThreadPoolExecutor.getTask(ThreadPoolExecutor.java:1074)
        at java.util.concurrent.ThreadPoolExecutor.runWorker(ThreadPoolExecutor.java:1134)
        at java.util.concurrent.ThreadPoolExecutor$Worker.run(ThreadPoolExecutor.java:624)
        at java.lang.Thread.run(Thread.java:750)
"StaleRecoveringContainerScrubbingService#8" daemon prio=5 tid=985 in Object.wait()
java.lang.Thread.State: WAITING (on object monitor)
        at sun.misc.Unsafe.park(Native Method)
        at java.util.concurrent.locks.LockSupport.park(LockSupport.java:175)
        at java.util.concurrent.locks.AbstractQueuedSynchronizer$ConditionObject.await(AbstractQueuedSynchronizer.java:2039)
        at java.util.concurrent.ScheduledThreadPoolExecutor$DelayedWorkQueue.take(ScheduledThreadPoolExecutor.java:1088)
        at java.util.concurrent.ScheduledThreadPoolExecutor$DelayedWorkQueue.take(ScheduledThreadPoolExecutor.java:809)
        at java.util.concurrent.ThreadPoolExecutor.getTask(ThreadPoolExecutor.java:1074)
        at java.util.concurrent.ThreadPoolExecutor.runWorker(ThreadPoolExecutor.java:1134)
        at java.util.concurrent.ThreadPoolExecutor$Worker.run(ThreadPoolExecutor.java:624)
        at java.lang.Thread.run(Thread.java:750)
"IPC Server handler 0 on default port 33549" daemon prio=5 tid=86 timed_waiting
java.lang.Thread.State: TIMED_WAITING
        at sun.misc.Unsafe.park(Native Method)
        at java.util.concurrent.locks.LockSupport.parkNanos(LockSupport.java:215)
        at java.util.concurrent.locks.AbstractQueuedSynchronizer$ConditionObject.awaitNanos(AbstractQueuedSynchronizer.java:2078)
        at java.util.concurrent.LinkedBlockingQueue.poll(LinkedBlockingQueue.java:467)
        at org.apache.hadoop.ipc.CallQueueManager.take(CallQueueManager.java:317)
        at org.apache.hadoop.ipc.Server$Handler.run(Server.java:2942)
"Datanode ReportManager Thread - 1" daemon prio=5 tid=196 in Object.wait()
java.lang.Thread.State: WAITING (on object monitor)
        at sun.misc.Unsafe.park(Native Method)
        at java.util.concurrent.locks.LockSupport.park(LockSupport.java:175)
        at java.util.concurrent.locks.AbstractQueuedSynchronizer$ConditionObject.await(AbstractQueuedSynchronizer.java:2039)
        at java.util.concurrent.ScheduledThreadPoolExecutor$DelayedWorkQueue.take(ScheduledThreadPoolExecutor.java:1088)
        at java.util.concurrent.ScheduledThreadPoolExecutor$DelayedWorkQueue.take(ScheduledThreadPoolExecutor.java:809)
        at java.util.concurrent.ThreadPoolExecutor.getTask(ThreadPoolExecutor.java:1074)
        at java.util.concurrent.ThreadPoolExecutor.runWorker(ThreadPoolExecutor.java:1134)
        at java.util.concurrent.ThreadPoolExecutor$Worker.run(ThreadPoolExecutor.java:624)
        at java.lang.Thread.run(Thread.java:750)
"StaleRecoveringContainerScrubbingService#2" daemon prio=5 tid=811 timed_waiting
java.lang.Thread.State: TIMED_WAITING
        at sun.misc.Unsafe.park(Native Method)
        at java.util.concurrent.locks.LockSupport.parkNanos(LockSupport.java:215)
        at java.util.concurrent.locks.AbstractQueuedSynchronizer$ConditionObject.awaitNanos(AbstractQueuedSynchronizer.java:2078)
        at java.util.concurrent.ScheduledThreadPoolExecutor$DelayedWorkQueue.take(ScheduledThreadPoolExecutor.java:1093)
        at java.util.concurrent.ScheduledThreadPoolExecutor$DelayedWorkQueue.take(ScheduledThreadPoolExecutor.java:809)
        at java.util.concurrent.ThreadPoolExecutor.getTask(ThreadPoolExecutor.java:1074)
        at java.util.concurrent.ThreadPoolExecutor.runWorker(ThreadPoolExecutor.java:1134)
        at java.util.concurrent.ThreadPoolExecutor$Worker.run(ThreadPoolExecutor.java:624)
        at java.lang.Thread.run(Thread.java:750)
"204ebb6c-eb9c-4605-8b0a-417067302917-server-thread1" daemon prio=5 tid=735 timed_waiting
java.lang.Thread.State: TIMED_WAITING
        at sun.misc.Unsafe.park(Native Method)
        at java.util.concurrent.locks.LockSupport.parkNanos(LockSupport.java:215)
        at java.util.concurrent.SynchronousQueue$TransferStack.awaitFulfill(SynchronousQueue.java:460)
        at java.util.concurrent.SynchronousQueue$TransferStack.transfer(SynchronousQueue.java:362)
        at java.util.concurrent.SynchronousQueue.poll(SynchronousQueue.java:941)
        at java.util.concurrent.ThreadPoolExecutor.getTask(ThreadPoolExecutor.java:1073)
        at java.util.concurrent.ThreadPoolExecutor.runWorker(ThreadPoolExecutor.java:1134)
        at java.util.concurrent.ThreadPoolExecutor$Worker.run(ThreadPoolExecutor.java:624)
        at java.lang.Thread.run(Thread.java:750)
"e77b5d09-e15c-47d2-9906-1148d6692daf@group-AE8453F49D0B-SegmentedRaftLogWorker"  prio=5 tid=674 timed_waiting
java.lang.Thread.State: TIMED_WAITING
        at sun.misc.Unsafe.park(Native Method)
        at java.util.concurrent.locks.LockSupport.parkNanos(LockSupport.java:215)
        at java.util.concurrent.locks.AbstractQueuedSynchronizer$ConditionObject.awaitNanos(AbstractQueuedSynchronizer.java:2078)
        at org.apache.ratis.util.DataBlockingQueue.poll(DataBlockingQueue.java:148)
        at org.apache.ratis.server.raftlog.segmented.SegmentedRaftLogWorker.run(SegmentedRaftLogWorker.java:312)
        at org.apache.ratis.server.raftlog.segmented.SegmentedRaftLogWorker$$Lambda$693/377063671.run(Unknown Source)
        at java.lang.Thread.run(Thread.java:750)
"93b0d557-27ed-4241-a042-86e84b32abbd@group-B25567007414-StateMachineUpdater" daemon prio=5 tid=628 timed_waiting
java.lang.Thread.State: TIMED_WAITING
        at sun.misc.Unsafe.park(Native Method)
        at java.util.concurrent.locks.LockSupport.parkNanos(LockSupport.java:215)
        at java.util.concurrent.locks.AbstractQueuedSynchronizer$ConditionObject.await(AbstractQueuedSynchronizer.java:2163)
        at org.apache.ratis.util.AwaitForSignal.await(AwaitForSignal.java:62)
        at org.apache.ratis.server.impl.StateMachineUpdater.waitForCommit(StateMachineUpdater.java:207)
        at org.apache.ratis.server.impl.StateMachineUpdater.run(StateMachineUpdater.java:176)
        at java.lang.Thread.run(Thread.java:750)
"org.apache.hadoop.ozone.container.common.statemachine.commandhandler.DeleteBlocksCommandHandler$DeleteCmdWorker@3daab09" daemon prio=5 tid=212 timed_waiting
java.lang.Thread.State: TIMED_WAITING
        at java.lang.Thread.sleep(Native Method)
        at org.apache.hadoop.ozone.container.common.statemachine.commandhandler.DeleteBlocksCommandHandler$DeleteCmdWorker.run(DeleteBlocksCommandHandler.java:184)
        at java.lang.Thread.run(Thread.java:750)
"cbda9cd1-c9bf-468c-9ce3-2b320cdae76d@group-C642F25C70EF-LeaderStateImpl" daemon prio=5 tid=757 timed_waiting
java.lang.Thread.State: TIMED_WAITING
        at sun.misc.Unsafe.park(Native Method)
        at java.util.concurrent.locks.LockSupport.parkNanos(LockSupport.java:215)
        at java.util.concurrent.locks.AbstractQueuedSynchronizer$ConditionObject.awaitNanos(AbstractQueuedSynchronizer.java:2078)
        at java.util.concurrent.ArrayBlockingQueue.poll(ArrayBlockingQueue.java:418)
        at org.apache.ratis.server.impl.LeaderStateImpl$EventQueue.poll(LeaderStateImpl.java:159)
        at org.apache.ratis.server.impl.LeaderStateImpl$EventProcessor.run(LeaderStateImpl.java:630)
"93b0d557-27ed-4241-a042-86e84b32abbd@group-B25567007414-LeaderStateImpl" daemon prio=5 tid=734 timed_waiting
java.lang.Thread.State: TIMED_WAITING
        at sun.misc.Unsafe.park(Native Method)
        at java.util.concurrent.locks.LockSupport.parkNanos(LockSupport.java:215)
        at java.util.concurrent.locks.AbstractQueuedSynchronizer$ConditionObject.awaitNanos(AbstractQueuedSynchronizer.java:2078)
        at java.util.concurrent.ArrayBlockingQueue.poll(ArrayBlockingQueue.java:418)
        at org.apache.ratis.server.impl.LeaderStateImpl$EventQueue.poll(LeaderStateImpl.java:159)
        at org.apache.ratis.server.impl.LeaderStateImpl$EventProcessor.run(LeaderStateImpl.java:630)
"IPC Server handler 17 on default port 42667" daemon prio=5 tid=63 timed_waiting
java.lang.Thread.State: TIMED_WAITING
        at sun.misc.Unsafe.park(Native Method)
        at java.util.concurrent.locks.LockSupport.parkNanos(LockSupport.java:215)
        at java.util.concurrent.locks.AbstractQueuedSynchronizer$ConditionObject.awaitNanos(AbstractQueuedSynchronizer.java:2078)
        at java.util.concurrent.LinkedBlockingQueue.poll(LinkedBlockingQueue.java:467)
        at org.apache.hadoop.ipc.CallQueueManager.take(CallQueueManager.java:317)
        at org.apache.hadoop.ipc.Server$Handler.run(Server.java:2942)
"Datanode ReportManager Thread - 2" daemon prio=5 tid=226 in Object.wait()
java.lang.Thread.State: WAITING (on object monitor)
        at sun.misc.Unsafe.park(Native Method)
        at java.util.concurrent.locks.LockSupport.park(LockSupport.java:175)
        at java.util.concurrent.locks.AbstractQueuedSynchronizer$ConditionObject.await(AbstractQueuedSynchronizer.java:2039)
        at java.util.concurrent.ScheduledThreadPoolExecutor$DelayedWorkQueue.take(ScheduledThreadPoolExecutor.java:1088)
        at java.util.concurrent.ScheduledThreadPoolExecutor$DelayedWorkQueue.take(ScheduledThreadPoolExecutor.java:809)
        at java.util.concurrent.ThreadPoolExecutor.getTask(ThreadPoolExecutor.java:1074)
        at java.util.concurrent.ThreadPoolExecutor.runWorker(ThreadPoolExecutor.java:1134)
        at java.util.concurrent.ThreadPoolExecutor$Worker.run(ThreadPoolExecutor.java:624)
        at java.lang.Thread.run(Thread.java:750)
"ChunkReader-ELG-0" daemon prio=5 tid=547 runnable
java.lang.Thread.State: RUNNABLE
        at org.apache.ratis.thirdparty.io.netty.channel.epoll.Native.epollWait(Native Method)
        at org.apache.ratis.thirdparty.io.netty.channel.epoll.Native.epollWait(Native.java:209)
        at org.apache.ratis.thirdparty.io.netty.channel.epoll.Native.epollWait(Native.java:202)
        at org.apache.ratis.thirdparty.io.netty.channel.epoll.EpollEventLoop.epollWaitNoTimerChange(EpollEventLoop.java:294)
        at org.apache.ratis.thirdparty.io.netty.channel.epoll.EpollEventLoop.run(EpollEventLoop.java:351)
        at org.apache.ratis.thirdparty.io.netty.util.concurrent.SingleThreadEventExecutor$4.run(SingleThreadEventExecutor.java:995)
        at org.apache.ratis.thirdparty.io.netty.util.internal.ThreadExecutorMap$2.run(ThreadExecutorMap.java:74)
        at java.lang.Thread.run(Thread.java:750)
"IPC Server Responder" daemon prio=5 tid=26 runnable
java.lang.Thread.State: RUNNABLE
        at sun.nio.ch.EPollArrayWrapper.epollWait(Native Method)
        at sun.nio.ch.EPollArrayWrapper.poll(EPollArrayWrapper.java:269)
        at sun.nio.ch.EPollSelectorImpl.doSelect(EPollSelectorImpl.java:93)
        at sun.nio.ch.SelectorImpl.lockAndDoSelect(SelectorImpl.java:86)
        at sun.nio.ch.SelectorImpl.select(SelectorImpl.java:97)
        at org.apache.hadoop.ipc.Server$Responder.doRunLoop(Server.java:1532)
        at org.apache.hadoop.ipc.Server$Responder.run(Server.java:1515)
"SCMBlockDeletingService#0" daemon prio=5 tid=106 timed_waiting
java.lang.Thread.State: TIMED_WAITING
        at sun.misc.Unsafe.park(Native Method)
        at java.util.concurrent.locks.LockSupport.parkNanos(LockSupport.java:215)
        at java.util.concurrent.locks.AbstractQueuedSynchronizer$ConditionObject.awaitNanos(AbstractQueuedSynchronizer.java:2078)
        at java.util.concurrent.ScheduledThreadPoolExecutor$DelayedWorkQueue.take(ScheduledThreadPoolExecutor.java:1093)
        at java.util.concurrent.ScheduledThreadPoolExecutor$DelayedWorkQueue.take(ScheduledThreadPoolExecutor.java:809)
        at java.util.concurrent.ThreadPoolExecutor.getTask(ThreadPoolExecutor.java:1074)
        at java.util.concurrent.ThreadPoolExecutor.runWorker(ThreadPoolExecutor.java:1134)
        at java.util.concurrent.ThreadPoolExecutor$Worker.run(ThreadPoolExecutor.java:624)
        at java.lang.Thread.run(Thread.java:750)
"StaleRecoveringContainerScrubbingService#8" daemon prio=5 tid=984 in Object.wait()
java.lang.Thread.State: WAITING (on object monitor)
        at sun.misc.Unsafe.park(Native Method)
        at java.util.concurrent.locks.LockSupport.park(LockSupport.java:175)
        at java.util.concurrent.locks.AbstractQueuedSynchronizer$ConditionObject.await(AbstractQueuedSynchronizer.java:2039)
        at java.util.concurrent.ScheduledThreadPoolExecutor$DelayedWorkQueue.take(ScheduledThreadPoolExecutor.java:1088)
        at java.util.concurrent.ScheduledThreadPoolExecutor$DelayedWorkQueue.take(ScheduledThreadPoolExecutor.java:809)
        at java.util.concurrent.ThreadPoolExecutor.getTask(ThreadPoolExecutor.java:1074)
        at java.util.concurrent.ThreadPoolExecutor.runWorker(ThreadPoolExecutor.java:1134)
        at java.util.concurrent.ThreadPoolExecutor$Worker.run(ThreadPoolExecutor.java:624)
        at java.lang.Thread.run(Thread.java:750)
"IPC Server idle connection scanner for port 33951" daemon prio=5 tid=132 timed_waiting
java.lang.Thread.State: TIMED_WAITING
        at java.lang.Object.wait(Native Method)
        at java.util.TimerThread.mainLoop(Timer.java:552)
        at java.util.TimerThread.run(Timer.java:505)
"IPC Server handler 10 on default port 33549" daemon prio=5 tid=96 timed_waiting
java.lang.Thread.State: TIMED_WAITING
        at sun.misc.Unsafe.park(Native Method)
        at java.util.concurrent.locks.LockSupport.parkNanos(LockSupport.java:215)
        at java.util.concurrent.locks.AbstractQueuedSynchronizer$ConditionObject.awaitNanos(AbstractQueuedSynchronizer.java:2078)
        at java.util.concurrent.LinkedBlockingQueue.poll(LinkedBlockingQueue.java:467)
        at org.apache.hadoop.ipc.CallQueueManager.take(CallQueueManager.java:317)
        at org.apache.hadoop.ipc.Server$Handler.run(Server.java:2942)
"ChunkReader-2" daemon prio=5 tid=820 in Object.wait()
java.lang.Thread.State: WAITING (on object monitor)
        at sun.misc.Unsafe.park(Native Method)
        at java.util.concurrent.locks.LockSupport.park(LockSupport.java:175)
        at java.util.concurrent.locks.AbstractQueuedSynchronizer$ConditionObject.await(AbstractQueuedSynchronizer.java:2039)
        at java.util.concurrent.LinkedBlockingQueue.take(LinkedBlockingQueue.java:442)
        at java.util.concurrent.ThreadPoolExecutor.getTask(ThreadPoolExecutor.java:1074)
        at java.util.concurrent.ThreadPoolExecutor.runWorker(ThreadPoolExecutor.java:1134)
        at java.util.concurrent.ThreadPoolExecutor$Worker.run(ThreadPoolExecutor.java:624)
        at java.lang.Thread.run(Thread.java:750)
"JvmPauseMonitor6" daemon prio=5 tid=521 timed_waiting
java.lang.Thread.State: TIMED_WAITING
        at java.lang.Thread.sleep(Native Method)
        at java.lang.Thread.sleep(Thread.java:342)
        at java.util.concurrent.TimeUnit.sleep(TimeUnit.java:386)
        at org.apache.ratis.util.TimeDuration.sleep(TimeDuration.java:325)
        at org.apache.ratis.util.TimeDuration.sleep(TimeDuration.java:310)
        at org.apache.ratis.util.JvmPauseMonitor.detectPause(JvmPauseMonitor.java:119)
        at org.apache.ratis.util.JvmPauseMonitor.run(JvmPauseMonitor.java:108)
        at org.apache.ratis.util.JvmPauseMonitor$$Lambda$734/49719830.run(Unknown Source)
        at java.lang.Thread.run(Thread.java:750)
"204ebb6c-eb9c-4605-8b0a-417067302917@group-4B191A258550-FollowerState" daemon prio=5 tid=907 timed_waiting
java.lang.Thread.State: TIMED_WAITING
        at java.lang.Thread.sleep(Native Method)
        at java.lang.Thread.sleep(Thread.java:342)
        at java.util.concurrent.TimeUnit.sleep(TimeUnit.java:386)
        at org.apache.ratis.util.TimeDuration.sleep(TimeDuration.java:325)
        at org.apache.ratis.util.TimeDuration.sleep(TimeDuration.java:310)
        at org.apache.ratis.server.impl.FollowerState.run(FollowerState.java:128)
"204ebb6c-eb9c-4605-8b0a-417067302917@group-75780AEF7A1B-FollowerState" daemon prio=5 tid=720 timed_waiting
java.lang.Thread.State: TIMED_WAITING
        at java.lang.Thread.sleep(Native Method)
        at java.lang.Thread.sleep(Thread.java:342)
        at java.util.concurrent.TimeUnit.sleep(TimeUnit.java:386)
        at org.apache.ratis.util.TimeDuration.sleep(TimeDuration.java:325)
        at org.apache.ratis.util.TimeDuration.sleep(TimeDuration.java:310)
        at org.apache.ratis.server.impl.FollowerState.run(FollowerState.java:128)
"PartialTableCache Cleanup Thread - 0" daemon prio=5 tid=962 in Object.wait()
java.lang.Thread.State: WAITING (on object monitor)
        at sun.misc.Unsafe.park(Native Method)
        at java.util.concurrent.locks.LockSupport.park(LockSupport.java:175)
        at java.util.concurrent.locks.AbstractQueuedSynchronizer$ConditionObject.await(AbstractQueuedSynchronizer.java:2039)
        at java.util.concurrent.LinkedBlockingQueue.take(LinkedBlockingQueue.java:442)
        at java.util.concurrent.ThreadPoolExecutor.getTask(ThreadPoolExecutor.java:1074)
        at java.util.concurrent.ThreadPoolExecutor.runWorker(ThreadPoolExecutor.java:1134)
        at java.util.concurrent.ThreadPoolExecutor$Worker.run(ThreadPoolExecutor.java:624)
        at java.lang.Thread.run(Thread.java:750)
"Datanode ReportManager Thread - 3" daemon prio=5 tid=465 in Object.wait()
java.lang.Thread.State: WAITING (on object monitor)
        at sun.misc.Unsafe.park(Native Method)
        at java.util.concurrent.locks.LockSupport.park(LockSupport.java:175)
        at java.util.concurrent.locks.AbstractQueuedSynchronizer$ConditionObject.await(AbstractQueuedSynchronizer.java:2039)
        at java.util.concurrent.ScheduledThreadPoolExecutor$DelayedWorkQueue.take(ScheduledThreadPoolExecutor.java:1088)
        at java.util.concurrent.ScheduledThreadPoolExecutor$DelayedWorkQueue.take(ScheduledThreadPoolExecutor.java:809)
        at java.util.concurrent.ThreadPoolExecutor.getTask(ThreadPoolExecutor.java:1074)
        at java.util.concurrent.ThreadPoolExecutor.runWorker(ThreadPoolExecutor.java:1134)
        at java.util.concurrent.ThreadPoolExecutor$Worker.run(ThreadPoolExecutor.java:624)
        at java.lang.Thread.run(Thread.java:750)
"e77b5d09-e15c-47d2-9906-1148d6692daf@group-AE8453F49D0B-StateMachineUpdater" daemon prio=5 tid=676 timed_waiting
java.lang.Thread.State: TIMED_WAITING
        at sun.misc.Unsafe.park(Native Method)
        at java.util.concurrent.locks.LockSupport.parkNanos(LockSupport.java:215)
        at java.util.concurrent.locks.AbstractQueuedSynchronizer$ConditionObject.await(AbstractQueuedSynchronizer.java:2163)
        at org.apache.ratis.util.AwaitForSignal.await(AwaitForSignal.java:62)
        at org.apache.ratis.server.impl.StateMachineUpdater.waitForCommit(StateMachineUpdater.java:207)
        at org.apache.ratis.server.impl.StateMachineUpdater.run(StateMachineUpdater.java:176)
        at java.lang.Thread.run(Thread.java:750)
"Session-HouseKeeper-237bb183-1"  prio=5 tid=409 timed_waiting
java.lang.Thread.State: TIMED_WAITING
        at sun.misc.Unsafe.park(Native Method)
        at java.util.concurrent.locks.LockSupport.parkNanos(LockSupport.java:215)
        at java.util.concurrent.locks.AbstractQueuedSynchronizer$ConditionObject.awaitNanos(AbstractQueuedSynchronizer.java:2078)
        at java.util.concurrent.ScheduledThreadPoolExecutor$DelayedWorkQueue.take(ScheduledThreadPoolExecutor.java:1093)
        at java.util.concurrent.ScheduledThreadPoolExecutor$DelayedWorkQueue.take(ScheduledThreadPoolExecutor.java:809)
        at java.util.concurrent.ThreadPoolExecutor.getTask(ThreadPoolExecutor.java:1074)
        at java.util.concurrent.ThreadPoolExecutor.runWorker(ThreadPoolExecutor.java:1134)
        at java.util.concurrent.ThreadPoolExecutor$Worker.run(ThreadPoolExecutor.java:624)
        at java.lang.Thread.run(Thread.java:750)
"qtp87717446-406" daemon prio=5 tid=406 timed_waiting
java.lang.Thread.State: TIMED_WAITING
        at sun.misc.Unsafe.park(Native Method)
        at java.util.concurrent.locks.LockSupport.parkNanos(LockSupport.java:215)
        at java.util.concurrent.locks.AbstractQueuedSynchronizer$ConditionObject.awaitNanos(AbstractQueuedSynchronizer.java:2078)
        at org.eclipse.jetty.util.BlockingArrayQueue.poll(BlockingArrayQueue.java:382)
        at org.eclipse.jetty.util.thread.QueuedThreadPool$Runner.idleJobPoll(QueuedThreadPool.java:974)
        at org.eclipse.jetty.util.thread.QueuedThreadPool$Runner.run(QueuedThreadPool.java:1018)
        at java.lang.Thread.run(Thread.java:750)
"IPC Server handler 6 on default port 33549" daemon prio=5 tid=92 timed_waiting
java.lang.Thread.State: TIMED_WAITING
        at sun.misc.Unsafe.park(Native Method)
        at java.util.concurrent.locks.LockSupport.parkNanos(LockSupport.java:215)
        at java.util.concurrent.locks.AbstractQueuedSynchronizer$ConditionObject.awaitNanos(AbstractQueuedSynchronizer.java:2078)
        at java.util.concurrent.LinkedBlockingQueue.poll(LinkedBlockingQueue.java:467)
        at org.apache.hadoop.ipc.CallQueueManager.take(CallQueueManager.java:317)
        at org.apache.hadoop.ipc.Server$Handler.run(Server.java:2942)
"22174ed7-3438-44c1-87a9-382e0277420a@group-4B191A258550-StateMachineUpdater" daemon prio=5 tid=595 timed_waiting
java.lang.Thread.State: TIMED_WAITING
        at sun.misc.Unsafe.park(Native Method)
        at java.util.concurrent.locks.LockSupport.parkNanos(LockSupport.java:215)
        at java.util.concurrent.locks.AbstractQueuedSynchronizer$ConditionObject.await(AbstractQueuedSynchronizer.java:2163)
        at org.apache.ratis.util.AwaitForSignal.await(AwaitForSignal.java:62)
        at org.apache.ratis.server.impl.StateMachineUpdater.waitForCommit(StateMachineUpdater.java:207)
        at org.apache.ratis.server.impl.StateMachineUpdater.run(StateMachineUpdater.java:176)
        at java.lang.Thread.run(Thread.java:750)
"qtp371720676-332" daemon prio=5 tid=332 timed_waiting
java.lang.Thread.State: TIMED_WAITING
        at sun.misc.Unsafe.park(Native Method)
        at java.util.concurrent.locks.LockSupport.parkNanos(LockSupport.java:215)
        at java.util.concurrent.locks.AbstractQueuedSynchronizer$ConditionObject.awaitNanos(AbstractQueuedSynchronizer.java:2078)
        at org.eclipse.jetty.util.BlockingArrayQueue.poll(BlockingArrayQueue.java:382)
        at org.eclipse.jetty.util.thread.QueuedThreadPool$Runner.idleJobPoll(QueuedThreadPool.java:974)
        at org.eclipse.jetty.util.thread.QueuedThreadPool$Runner.run(QueuedThreadPool.java:1018)
        at java.lang.Thread.run(Thread.java:750)
"IPC Server handler 6 on default port 35905" daemon prio=5 tid=72 timed_waiting
java.lang.Thread.State: TIMED_WAITING
        at sun.misc.Unsafe.park(Native Method)
        at java.util.concurrent.locks.LockSupport.parkNanos(LockSupport.java:215)
        at java.util.concurrent.locks.AbstractQueuedSynchronizer$ConditionObject.awaitNanos(AbstractQueuedSynchronizer.java:2078)
        at java.util.concurrent.LinkedBlockingQueue.poll(LinkedBlockingQueue.java:467)
        at org.apache.hadoop.ipc.CallQueueManager.take(CallQueueManager.java:317)
        at org.apache.hadoop.ipc.Server$Handler.run(Server.java:2942)
"BlockDeletingService#0" daemon prio=5 tid=548 in Object.wait()
java.lang.Thread.State: WAITING (on object monitor)
        at sun.misc.Unsafe.park(Native Method)
        at java.util.concurrent.locks.LockSupport.park(LockSupport.java:175)
        at java.util.concurrent.locks.AbstractQueuedSynchronizer$ConditionObject.await(AbstractQueuedSynchronizer.java:2039)
        at java.util.concurrent.ScheduledThreadPoolExecutor$DelayedWorkQueue.take(ScheduledThreadPoolExecutor.java:1088)
        at java.util.concurrent.ScheduledThreadPoolExecutor$DelayedWorkQueue.take(ScheduledThreadPoolExecutor.java:809)
        at java.util.concurrent.ThreadPoolExecutor.getTask(ThreadPoolExecutor.java:1074)
        at java.util.concurrent.ThreadPoolExecutor.runWorker(ThreadPoolExecutor.java:1134)
        at java.util.concurrent.ThreadPoolExecutor$Worker.run(ThreadPoolExecutor.java:624)
        at java.lang.Thread.run(Thread.java:750)
"BlockDeletingService#0" daemon prio=5 tid=457 in Object.wait()
java.lang.Thread.State: WAITING (on object monitor)
        at sun.misc.Unsafe.park(Native Method)
        at java.util.concurrent.locks.LockSupport.park(LockSupport.java:175)
        at java.util.concurrent.locks.AbstractQueuedSynchronizer$ConditionObject.await(AbstractQueuedSynchronizer.java:2039)
        at java.util.concurrent.ScheduledThreadPoolExecutor$DelayedWorkQueue.take(ScheduledThreadPoolExecutor.java:1088)
        at java.util.concurrent.ScheduledThreadPoolExecutor$DelayedWorkQueue.take(ScheduledThreadPoolExecutor.java:809)
        at java.util.concurrent.ThreadPoolExecutor.getTask(ThreadPoolExecutor.java:1074)
        at java.util.concurrent.ThreadPoolExecutor.runWorker(ThreadPoolExecutor.java:1134)
        at java.util.concurrent.ThreadPoolExecutor$Worker.run(ThreadPoolExecutor.java:624)
        at java.lang.Thread.run(Thread.java:750)
"IPC Server handler 17 on default port 33549" daemon prio=5 tid=103 timed_waiting
java.lang.Thread.State: TIMED_WAITING
        at sun.misc.Unsafe.park(Native Method)
        at java.util.concurrent.locks.LockSupport.parkNanos(LockSupport.java:215)
        at java.util.concurrent.locks.AbstractQueuedSynchronizer$ConditionObject.awaitNanos(AbstractQueuedSynchronizer.java:2078)
        at java.util.concurrent.LinkedBlockingQueue.poll(LinkedBlockingQueue.java:467)
        at org.apache.hadoop.ipc.CallQueueManager.take(CallQueueManager.java:317)
        at org.apache.hadoop.ipc.Server$Handler.run(Server.java:2942)
"qtp325536552-440" daemon prio=5 tid=440 runnable
java.lang.Thread.State: RUNNABLE
        at sun.nio.ch.EPollArrayWrapper.epollWait(Native Method)
        at sun.nio.ch.EPollArrayWrapper.poll(EPollArrayWrapper.java:269)
        at sun.nio.ch.EPollSelectorImpl.doSelect(EPollSelectorImpl.java:93)
        at sun.nio.ch.SelectorImpl.lockAndDoSelect(SelectorImpl.java:86)
        at sun.nio.ch.SelectorImpl.select(SelectorImpl.java:97)
        at sun.nio.ch.SelectorImpl.select(SelectorImpl.java:101)
        at org.eclipse.jetty.io.ManagedSelector.nioSelect(ManagedSelector.java:183)
        at org.eclipse.jetty.io.ManagedSelector.select(ManagedSelector.java:190)
        at org.eclipse.jetty.io.ManagedSelector$SelectorProducer.select(ManagedSelector.java:606)
        at org.eclipse.jetty.io.ManagedSelector$SelectorProducer.produce(ManagedSelector.java:543)
        at org.eclipse.jetty.util.thread.strategy.EatWhatYouKill.produceTask(EatWhatYouKill.java:362)
        at org.eclipse.jetty.util.thread.strategy.EatWhatYouKill.doProduce(EatWhatYouKill.java:186)
        at org.eclipse.jetty.util.thread.strategy.EatWhatYouKill.tryProduce(EatWhatYouKill.java:173)
        at org.eclipse.jetty.util.thread.strategy.EatWhatYouKill.produce(EatWhatYouKill.java:137)
        at org.eclipse.jetty.io.ManagedSelector$$Lambda$453/347035587.run(Unknown Source)
        at org.eclipse.jetty.util.thread.QueuedThreadPool.runJob(QueuedThreadPool.java:883)
        at org.eclipse.jetty.util.thread.QueuedThreadPool$Runner.run(QueuedThreadPool.java:1034)
        at java.lang.Thread.run(Thread.java:750)
"grpc-default-boss-ELG-1-1" daemon prio=5 tid=138 runnable
java.lang.Thread.State: RUNNABLE
        at org.apache.ratis.thirdparty.io.netty.channel.epoll.Native.epollWait(Native Method)
        at org.apache.ratis.thirdparty.io.netty.channel.epoll.Native.epollWait(Native.java:209)
        at org.apache.ratis.thirdparty.io.netty.channel.epoll.Native.epollWait(Native.java:202)
        at org.apache.ratis.thirdparty.io.netty.channel.epoll.EpollEventLoop.epollWaitNoTimerChange(EpollEventLoop.java:294)
        at org.apache.ratis.thirdparty.io.netty.channel.epoll.EpollEventLoop.run(EpollEventLoop.java:351)
        at org.apache.ratis.thirdparty.io.netty.util.concurrent.SingleThreadEventExecutor$4.run(SingleThreadEventExecutor.java:995)
        at org.apache.ratis.thirdparty.io.netty.util.internal.ThreadExecutorMap$2.run(ThreadExecutorMap.java:74)
        at org.apache.ratis.thirdparty.io.netty.util.concurrent.FastThreadLocalRunnable.run(FastThreadLocalRunnable.java:30)
        at java.lang.Thread.run(Thread.java:750)
"IPC Server handler 2 on default port 33549" daemon prio=5 tid=88 timed_waiting
java.lang.Thread.State: TIMED_WAITING
        at sun.misc.Unsafe.park(Native Method)
        at java.util.concurrent.locks.LockSupport.parkNanos(LockSupport.java:215)
        at java.util.concurrent.locks.AbstractQueuedSynchronizer$ConditionObject.awaitNanos(AbstractQueuedSynchronizer.java:2078)
        at java.util.concurrent.LinkedBlockingQueue.poll(LinkedBlockingQueue.java:467)
        at org.apache.hadoop.ipc.CallQueueManager.take(CallQueueManager.java:317)
        at org.apache.hadoop.ipc.Server$Handler.run(Server.java:2942)
"OMDoubleBufferFlushThread" daemon prio=5 tid=124 timed_waiting
java.lang.Thread.State: TIMED_WAITING
        at java.lang.Object.wait(Native Method)
        at org.apache.hadoop.ozone.om.ratis.OzoneManagerDoubleBuffer.canFlush(OzoneManagerDoubleBuffer.java:538)
        at org.apache.hadoop.ozone.om.ratis.OzoneManagerDoubleBuffer.flushTransactions(OzoneManagerDoubleBuffer.java:268)
        at org.apache.hadoop.ozone.om.ratis.OzoneManagerDoubleBuffer$$Lambda$512/1435955899.run(Unknown Source)
        at java.lang.Thread.run(Thread.java:750)
"IPC Server handler 15 on default port 33951" daemon prio=5 tid=169 timed_waiting
java.lang.Thread.State: TIMED_WAITING
        at sun.misc.Unsafe.park(Native Method)
        at java.util.concurrent.locks.LockSupport.parkNanos(LockSupport.java:215)
        at java.util.concurrent.locks.AbstractQueuedSynchronizer$ConditionObject.awaitNanos(AbstractQueuedSynchronizer.java:2078)
        at java.util.concurrent.LinkedBlockingQueue.poll(LinkedBlockingQueue.java:467)
        at org.apache.hadoop.ipc.CallQueueManager.take(CallQueueManager.java:317)
        at org.apache.hadoop.ipc.Server$Handler.run(Server.java:2942)
"Signal Dispatcher" daemon prio=9 tid=4 runnable
java.lang.Thread.State: RUNNABLE
"FixedThreadPoolWithAffinityExecutor-3-0" daemon prio=5 tid=38 timed_waiting
java.lang.Thread.State: TIMED_WAITING
        at sun.misc.Unsafe.park(Native Method)
        at java.util.concurrent.locks.LockSupport.parkNanos(LockSupport.java:215)
        at java.util.concurrent.locks.AbstractQueuedSynchronizer$ConditionObject.awaitNanos(AbstractQueuedSynchronizer.java:2078)
        at java.util.concurrent.LinkedBlockingQueue.poll(LinkedBlockingQueue.java:467)
        at org.apache.hadoop.hdds.scm.server.ContainerReportQueue.poll(ContainerReportQueue.java:266)
        at org.apache.hadoop.hdds.scm.server.ContainerReportQueue.poll(ContainerReportQueue.java:42)
        at org.apache.hadoop.hdds.server.events.FixedThreadPoolWithAffinityExecutor$ContainerReportProcessTask.run(FixedThreadPoolWithAffinityExecutor.java:247)
        at java.util.concurrent.Executors$RunnableAdapter.call(Executors.java:511)
        at java.util.concurrent.FutureTask.run(FutureTask.java:266)
        at java.util.concurrent.ThreadPoolExecutor.runWorker(ThreadPoolExecutor.java:1149)
        at java.util.concurrent.ThreadPoolExecutor$Worker.run(ThreadPoolExecutor.java:624)
        at java.lang.Thread.run(Thread.java:750)
"qtp1825348545-269-acceptor-0@7ee2978f-ServerConnector@1ed88a33{HTTP/1.1, (http/1.1)}{0.0.0.0:41173}" daemon prio=3 tid=269 runnable
java.lang.Thread.State: RUNNABLE
        at sun.nio.ch.ServerSocketChannelImpl.accept0(Native Method)
        at sun.nio.ch.ServerSocketChannelImpl.accept(ServerSocketChannelImpl.java:421)
        at sun.nio.ch.ServerSocketChannelImpl.accept(ServerSocketChannelImpl.java:249)
        at org.eclipse.jetty.server.ServerConnector.accept(ServerConnector.java:388)
        at org.eclipse.jetty.server.AbstractConnector$Acceptor.run(AbstractConnector.java:704)
        at org.eclipse.jetty.util.thread.QueuedThreadPool.runJob(QueuedThreadPool.java:883)
        at org.eclipse.jetty.util.thread.QueuedThreadPool$Runner.run(QueuedThreadPool.java:1034)
        at java.lang.Thread.run(Thread.java:750)
"Periodic HDDS volume checker" daemon prio=5 tid=233 timed_waiting
java.lang.Thread.State: TIMED_WAITING
        at sun.misc.Unsafe.park(Native Method)
        at java.util.concurrent.locks.LockSupport.parkNanos(LockSupport.java:215)
        at java.util.concurrent.locks.AbstractQueuedSynchronizer$ConditionObject.awaitNanos(AbstractQueuedSynchronizer.java:2078)
        at java.util.concurrent.ScheduledThreadPoolExecutor$DelayedWorkQueue.take(ScheduledThreadPoolExecutor.java:1093)
        at java.util.concurrent.ScheduledThreadPoolExecutor$DelayedWorkQueue.take(ScheduledThreadPoolExecutor.java:809)
        at java.util.concurrent.ThreadPoolExecutor.getTask(ThreadPoolExecutor.java:1074)
        at java.util.concurrent.ThreadPoolExecutor.runWorker(ThreadPoolExecutor.java:1134)
        at java.util.concurrent.ThreadPoolExecutor$Worker.run(ThreadPoolExecutor.java:624)
        at java.lang.Thread.run(Thread.java:750)
"FixedThreadPoolWithAffinityExecutor-2-0" daemon prio=5 tid=37 timed_waiting
java.lang.Thread.State: TIMED_WAITING
        at sun.misc.Unsafe.park(Native Method)
        at java.util.concurrent.locks.LockSupport.parkNanos(LockSupport.java:215)
        at java.util.concurrent.locks.AbstractQueuedSynchronizer$ConditionObject.awaitNanos(AbstractQueuedSynchronizer.java:2078)
        at java.util.concurrent.LinkedBlockingQueue.poll(LinkedBlockingQueue.java:467)
        at org.apache.hadoop.hdds.scm.server.ContainerReportQueue.poll(ContainerReportQueue.java:266)
        at org.apache.hadoop.hdds.scm.server.ContainerReportQueue.poll(ContainerReportQueue.java:42)
        at org.apache.hadoop.hdds.server.events.FixedThreadPoolWithAffinityExecutor$ContainerReportProcessTask.run(FixedThreadPoolWithAffinityExecutor.java:247)
        at java.util.concurrent.Executors$RunnableAdapter.call(Executors.java:511)
        at java.util.concurrent.FutureTask.run(FutureTask.java:266)
        at java.util.concurrent.ThreadPoolExecutor.runWorker(ThreadPoolExecutor.java:1149)
        at java.util.concurrent.ThreadPoolExecutor$Worker.run(ThreadPoolExecutor.java:624)
        at java.lang.Thread.run(Thread.java:750)
"org.apache.hadoop.util.JvmPauseMonitor$Monitor@798b52a0" daemon prio=5 tid=174 timed_waiting
java.lang.Thread.State: TIMED_WAITING
        at java.lang.Thread.sleep(Native Method)
        at org.apache.hadoop.util.JvmPauseMonitor$Monitor.run(JvmPauseMonitor.java:192)
        at java.lang.Thread.run(Thread.java:750)
"PartialTableCache Cleanup Thread - 0" daemon prio=5 tid=798 in Object.wait()
java.lang.Thread.State: WAITING (on object monitor)
        at sun.misc.Unsafe.park(Native Method)
        at java.util.concurrent.locks.LockSupport.park(LockSupport.java:175)
        at java.util.concurrent.locks.AbstractQueuedSynchronizer$ConditionObject.await(AbstractQueuedSynchronizer.java:2039)
        at java.util.concurrent.LinkedBlockingQueue.take(LinkedBlockingQueue.java:442)
        at java.util.concurrent.ThreadPoolExecutor.getTask(ThreadPoolExecutor.java:1074)
        at java.util.concurrent.ThreadPoolExecutor.runWorker(ThreadPoolExecutor.java:1134)
        at java.util.concurrent.ThreadPoolExecutor$Worker.run(ThreadPoolExecutor.java:624)
        at java.lang.Thread.run(Thread.java:750)
"ChunkWriter-3-0" daemon prio=5 tid=557 in Object.wait()
java.lang.Thread.State: WAITING (on object monitor)
        at sun.misc.Unsafe.park(Native Method)
        at java.util.concurrent.locks.LockSupport.park(LockSupport.java:175)
        at java.util.concurrent.locks.AbstractQueuedSynchronizer$ConditionObject.await(AbstractQueuedSynchronizer.java:2039)
        at java.util.concurrent.LinkedBlockingDeque.takeFirst(LinkedBlockingDeque.java:492)
        at java.util.concurrent.LinkedBlockingDeque.take(LinkedBlockingDeque.java:680)
        at java.util.concurrent.ThreadPoolExecutor.getTask(ThreadPoolExecutor.java:1074)
        at java.util.concurrent.ThreadPoolExecutor.runWorker(ThreadPoolExecutor.java:1134)
        at java.util.concurrent.ThreadPoolExecutor$Worker.run(ThreadPoolExecutor.java:624)
        at java.lang.Thread.run(Thread.java:750)
"Periodic HDDS volume checker" daemon prio=5 tid=176 timed_waiting
java.lang.Thread.State: TIMED_WAITING
        at sun.misc.Unsafe.park(Native Method)
        at java.util.concurrent.locks.LockSupport.parkNanos(LockSupport.java:215)
        at java.util.concurrent.locks.AbstractQueuedSynchronizer$ConditionObject.awaitNanos(AbstractQueuedSynchronizer.java:2078)
        at java.util.concurrent.ScheduledThreadPoolExecutor$DelayedWorkQueue.take(ScheduledThreadPoolExecutor.java:1093)
        at java.util.concurrent.ScheduledThreadPoolExecutor$DelayedWorkQueue.take(ScheduledThreadPoolExecutor.java:809)
        at java.util.concurrent.ThreadPoolExecutor.getTask(ThreadPoolExecutor.java:1074)
        at java.util.concurrent.ThreadPoolExecutor.runWorker(ThreadPoolExecutor.java:1134)
        at java.util.concurrent.ThreadPoolExecutor$Worker.run(ThreadPoolExecutor.java:624)
        at java.lang.Thread.run(Thread.java:750)
"51369307-b0de-40aa-9d6f-41f84e1cecb7@group-C5ECEF351ECF-FollowerState" daemon prio=5 tid=785 timed_waiting
java.lang.Thread.State: TIMED_WAITING
        at java.lang.Thread.sleep(Native Method)
        at java.lang.Thread.sleep(Thread.java:342)
        at java.util.concurrent.TimeUnit.sleep(TimeUnit.java:386)
        at org.apache.ratis.util.TimeDuration.sleep(TimeDuration.java:325)
        at org.apache.ratis.util.TimeDuration.sleep(TimeDuration.java:310)
        at org.apache.ratis.server.impl.FollowerState.run(FollowerState.java:128)
"EndpointStateMachine task thread for /0.0.0.0:33549 - 0 "  prio=5 tid=541 in Object.wait()
java.lang.Thread.State: WAITING (on object monitor)
        at sun.misc.Unsafe.park(Native Method)
        at java.util.concurrent.locks.LockSupport.park(LockSupport.java:175)
        at java.util.concurrent.locks.AbstractQueuedSynchronizer$ConditionObject.await(AbstractQueuedSynchronizer.java:2039)
        at java.util.concurrent.LinkedBlockingQueue.take(LinkedBlockingQueue.java:442)
        at java.util.concurrent.ThreadPoolExecutor.getTask(ThreadPoolExecutor.java:1074)
        at java.util.concurrent.ThreadPoolExecutor.runWorker(ThreadPoolExecutor.java:1134)
        at java.util.concurrent.ThreadPoolExecutor$Worker.run(ThreadPoolExecutor.java:624)
        at java.lang.Thread.run(Thread.java:750)
"BlockDeletingService#1" daemon prio=5 tid=562 timed_waiting
java.lang.Thread.State: TIMED_WAITING
        at sun.misc.Unsafe.park(Native Method)
        at java.util.concurrent.locks.LockSupport.parkNanos(LockSupport.java:215)
        at java.util.concurrent.locks.AbstractQueuedSynchronizer$ConditionObject.awaitNanos(AbstractQueuedSynchronizer.java:2078)
        at java.util.concurrent.ScheduledThreadPoolExecutor$DelayedWorkQueue.take(ScheduledThreadPoolExecutor.java:1093)
        at java.util.concurrent.ScheduledThreadPoolExecutor$DelayedWorkQueue.take(ScheduledThreadPoolExecutor.java:809)
        at java.util.concurrent.ThreadPoolExecutor.getTask(ThreadPoolExecutor.java:1074)
        at java.util.concurrent.ThreadPoolExecutor.runWorker(ThreadPoolExecutor.java:1134)
        at java.util.concurrent.ThreadPoolExecutor$Worker.run(ThreadPoolExecutor.java:624)
        at java.lang.Thread.run(Thread.java:750)
"IPC Server handler 1 on default port 42667" daemon prio=5 tid=47 timed_waiting
java.lang.Thread.State: TIMED_WAITING
        at sun.misc.Unsafe.park(Native Method)
        at java.util.concurrent.locks.LockSupport.parkNanos(LockSupport.java:215)
        at java.util.concurrent.locks.AbstractQueuedSynchronizer$ConditionObject.awaitNanos(AbstractQueuedSynchronizer.java:2078)
        at java.util.concurrent.LinkedBlockingQueue.poll(LinkedBlockingQueue.java:467)
        at org.apache.hadoop.ipc.CallQueueManager.take(CallQueueManager.java:317)
        at org.apache.hadoop.ipc.Server$Handler.run(Server.java:2942)
"204ebb6c-eb9c-4605-8b0a-417067302917@group-4B191A258550-StateMachineUpdater" daemon prio=5 tid=585 timed_waiting
java.lang.Thread.State: TIMED_WAITING
        at sun.misc.Unsafe.park(Native Method)
        at java.util.concurrent.locks.LockSupport.parkNanos(LockSupport.java:215)
        at java.util.concurrent.locks.AbstractQueuedSynchronizer$ConditionObject.await(AbstractQueuedSynchronizer.java:2163)
        at org.apache.ratis.util.AwaitForSignal.await(AwaitForSignal.java:62)
        at org.apache.ratis.server.impl.StateMachineUpdater.waitForCommit(StateMachineUpdater.java:207)
        at org.apache.ratis.server.impl.StateMachineUpdater.run(StateMachineUpdater.java:176)
        at java.lang.Thread.run(Thread.java:750)
"qtp1793515338-151" daemon prio=5 tid=151 timed_waiting
java.lang.Thread.State: TIMED_WAITING
        at sun.misc.Unsafe.park(Native Method)
        at java.util.concurrent.locks.LockSupport.parkNanos(LockSupport.java:215)
        at java.util.concurrent.locks.AbstractQueuedSynchronizer$ConditionObject.awaitNanos(AbstractQueuedSynchronizer.java:2078)
        at org.eclipse.jetty.util.BlockingArrayQueue.poll(BlockingArrayQueue.java:382)
        at org.eclipse.jetty.util.thread.QueuedThreadPool$Runner.idleJobPoll(QueuedThreadPool.java:974)
        at org.eclipse.jetty.util.thread.QueuedThreadPool$Runner.run(QueuedThreadPool.java:1018)
        at java.lang.Thread.run(Thread.java:750)
"qtp2040269640-369" daemon prio=5 tid=369 timed_waiting
java.lang.Thread.State: TIMED_WAITING
        at sun.misc.Unsafe.park(Native Method)
        at java.util.concurrent.locks.LockSupport.parkNanos(LockSupport.java:215)
        at java.util.concurrent.locks.AbstractQueuedSynchronizer$ConditionObject.awaitNanos(AbstractQueuedSynchronizer.java:2078)
        at org.eclipse.jetty.util.BlockingArrayQueue.poll(BlockingArrayQueue.java:382)
        at org.eclipse.jetty.util.thread.QueuedThreadPool$Runner.idleJobPoll(QueuedThreadPool.java:974)
        at org.eclipse.jetty.util.thread.QueuedThreadPool$Runner.run(QueuedThreadPool.java:1018)
        at java.lang.Thread.run(Thread.java:750)
"ChunkWriter-1-0" daemon prio=5 tid=413 in Object.wait()
java.lang.Thread.State: WAITING (on object monitor)
        at sun.misc.Unsafe.park(Native Method)
        at java.util.concurrent.locks.LockSupport.park(LockSupport.java:175)
        at java.util.concurrent.locks.AbstractQueuedSynchronizer$ConditionObject.await(AbstractQueuedSynchronizer.java:2039)
        at java.util.concurrent.LinkedBlockingDeque.takeFirst(LinkedBlockingDeque.java:492)
        at java.util.concurrent.LinkedBlockingDeque.take(LinkedBlockingDeque.java:680)
        at java.util.concurrent.ThreadPoolExecutor.getTask(ThreadPoolExecutor.java:1074)
        at java.util.concurrent.ThreadPoolExecutor.runWorker(ThreadPoolExecutor.java:1134)
        at java.util.concurrent.ThreadPoolExecutor$Worker.run(ThreadPoolExecutor.java:624)
        at java.lang.Thread.run(Thread.java:750)
"ChunkReader-ELG-0" daemon prio=5 tid=339 runnable
java.lang.Thread.State: RUNNABLE
        at org.apache.ratis.thirdparty.io.netty.channel.epoll.Native.epollWait(Native Method)
        at org.apache.ratis.thirdparty.io.netty.channel.epoll.Native.epollWait(Native.java:209)
        at org.apache.ratis.thirdparty.io.netty.channel.epoll.Native.epollWait(Native.java:202)
        at org.apache.ratis.thirdparty.io.netty.channel.epoll.EpollEventLoop.epollWaitNoTimerChange(EpollEventLoop.java:294)
        at org.apache.ratis.thirdparty.io.netty.channel.epoll.EpollEventLoop.run(EpollEventLoop.java:351)
        at org.apache.ratis.thirdparty.io.netty.util.concurrent.SingleThreadEventExecutor$4.run(SingleThreadEventExecutor.java:995)
        at org.apache.ratis.thirdparty.io.netty.util.internal.ThreadExecutorMap$2.run(ThreadExecutorMap.java:74)
        at java.lang.Thread.run(Thread.java:750)
"IPC Server handler 11 on default port 35905" daemon prio=5 tid=77 timed_waiting
java.lang.Thread.State: TIMED_WAITING
        at sun.misc.Unsafe.park(Native Method)
        at java.util.concurrent.locks.LockSupport.parkNanos(LockSupport.java:215)
        at java.util.concurrent.locks.AbstractQueuedSynchronizer$ConditionObject.awaitNanos(AbstractQueuedSynchronizer.java:2078)
        at java.util.concurrent.LinkedBlockingQueue.poll(LinkedBlockingQueue.java:467)
        at org.apache.hadoop.ipc.CallQueueManager.take(CallQueueManager.java:317)
        at org.apache.hadoop.ipc.Server$Handler.run(Server.java:2942)
"ChunkWriter-3-0" daemon prio=5 tid=545 in Object.wait()
java.lang.Thread.State: WAITING (on object monitor)
        at sun.misc.Unsafe.park(Native Method)
        at java.util.concurrent.locks.LockSupport.park(LockSupport.java:175)
        at java.util.concurrent.locks.AbstractQueuedSynchronizer$ConditionObject.await(AbstractQueuedSynchronizer.java:2039)
        at java.util.concurrent.LinkedBlockingDeque.takeFirst(LinkedBlockingDeque.java:492)
        at java.util.concurrent.LinkedBlockingDeque.take(LinkedBlockingDeque.java:680)
        at java.util.concurrent.ThreadPoolExecutor.getTask(ThreadPoolExecutor.java:1074)
        at java.util.concurrent.ThreadPoolExecutor.runWorker(ThreadPoolExecutor.java:1134)
        at java.util.concurrent.ThreadPoolExecutor$Worker.run(ThreadPoolExecutor.java:624)
        at java.lang.Thread.run(Thread.java:750)
"ChunkReader-1" daemon prio=5 tid=815 in Object.wait()
java.lang.Thread.State: WAITING (on object monitor)
        at sun.misc.Unsafe.park(Native Method)
        at java.util.concurrent.locks.LockSupport.park(LockSupport.java:175)
        at java.util.concurrent.locks.AbstractQueuedSynchronizer$ConditionObject.await(AbstractQueuedSynchronizer.java:2039)
        at java.util.concurrent.LinkedBlockingQueue.take(LinkedBlockingQueue.java:442)
        at java.util.concurrent.ThreadPoolExecutor.getTask(ThreadPoolExecutor.java:1074)
        at java.util.concurrent.ThreadPoolExecutor.runWorker(ThreadPoolExecutor.java:1134)
        at java.util.concurrent.ThreadPoolExecutor$Worker.run(ThreadPoolExecutor.java:624)
        at java.lang.Thread.run(Thread.java:750)
"Periodic HDDS volume checker" daemon prio=5 tid=317 timed_waiting
java.lang.Thread.State: TIMED_WAITING
        at sun.misc.Unsafe.park(Native Method)
        at java.util.concurrent.locks.LockSupport.parkNanos(LockSupport.java:215)
        at java.util.concurrent.locks.AbstractQueuedSynchronizer$ConditionObject.awaitNanos(AbstractQueuedSynchronizer.java:2078)
        at java.util.concurrent.ScheduledThreadPoolExecutor$DelayedWorkQueue.take(ScheduledThreadPoolExecutor.java:1093)
        at java.util.concurrent.ScheduledThreadPoolExecutor$DelayedWorkQueue.take(ScheduledThreadPoolExecutor.java:809)
        at java.util.concurrent.ThreadPoolExecutor.getTask(ThreadPoolExecutor.java:1074)
        at java.util.concurrent.ThreadPoolExecutor.runWorker(ThreadPoolExecutor.java:1134)
        at java.util.concurrent.ThreadPoolExecutor$Worker.run(ThreadPoolExecutor.java:624)
        at java.lang.Thread.run(Thread.java:750)
"qtp1004270885-490" daemon prio=5 tid=490 timed_waiting
java.lang.Thread.State: TIMED_WAITING
        at sun.misc.Unsafe.park(Native Method)
        at java.util.concurrent.locks.LockSupport.parkNanos(LockSupport.java:215)
        at java.util.concurrent.locks.AbstractQueuedSynchronizer$ConditionObject.awaitNanos(AbstractQueuedSynchronizer.java:2078)
        at org.eclipse.jetty.util.BlockingArrayQueue.poll(BlockingArrayQueue.java:382)
        at org.eclipse.jetty.util.thread.QueuedThreadPool$Runner.idleJobPoll(QueuedThreadPool.java:974)
        at org.eclipse.jetty.util.thread.QueuedThreadPool$Runner.run(QueuedThreadPool.java:1018)
        at java.lang.Thread.run(Thread.java:750)
"EventQueue-NodeRegistrationContainerReportForDataNodeSafeModeRule" daemon prio=5 tid=502 in Object.wait()
java.lang.Thread.State: WAITING (on object monitor)
        at sun.misc.Unsafe.park(Native Method)
        at java.util.concurrent.locks.LockSupport.park(LockSupport.java:175)
        at java.util.concurrent.locks.AbstractQueuedSynchronizer$ConditionObject.await(AbstractQueuedSynchronizer.java:2039)
        at java.util.concurrent.LinkedBlockingQueue.take(LinkedBlockingQueue.java:442)
        at java.util.concurrent.ThreadPoolExecutor.getTask(ThreadPoolExecutor.java:1074)
        at java.util.concurrent.ThreadPoolExecutor.runWorker(ThreadPoolExecutor.java:1134)
        at java.util.concurrent.ThreadPoolExecutor$Worker.run(ThreadPoolExecutor.java:624)
        at java.lang.Thread.run(Thread.java:750)
"StaleRecoveringContainerScrubbingService#0" daemon prio=5 tid=575 in Object.wait()
java.lang.Thread.State: WAITING (on object monitor)
        at sun.misc.Unsafe.park(Native Method)
        at java.util.concurrent.locks.LockSupport.park(LockSupport.java:175)
        at java.util.concurrent.locks.AbstractQueuedSynchronizer$ConditionObject.await(AbstractQueuedSynchronizer.java:2039)
        at java.util.concurrent.ScheduledThreadPoolExecutor$DelayedWorkQueue.take(ScheduledThreadPoolExecutor.java:1088)
        at java.util.concurrent.ScheduledThreadPoolExecutor$DelayedWorkQueue.take(ScheduledThreadPoolExecutor.java:809)
        at java.util.concurrent.ThreadPoolExecutor.getTask(ThreadPoolExecutor.java:1074)
        at java.util.concurrent.ThreadPoolExecutor.runWorker(ThreadPoolExecutor.java:1134)
        at java.util.concurrent.ThreadPoolExecutor$Worker.run(ThreadPoolExecutor.java:624)
        at java.lang.Thread.run(Thread.java:750)
"qtp1825348545-268" daemon prio=5 tid=268 runnable
java.lang.Thread.State: RUNNABLE
        at sun.nio.ch.EPollArrayWrapper.epollWait(Native Method)
        at sun.nio.ch.EPollArrayWrapper.poll(EPollArrayWrapper.java:269)
        at sun.nio.ch.EPollSelectorImpl.doSelect(EPollSelectorImpl.java:93)
        at sun.nio.ch.SelectorImpl.lockAndDoSelect(SelectorImpl.java:86)
        at sun.nio.ch.SelectorImpl.select(SelectorImpl.java:97)
        at sun.nio.ch.SelectorImpl.select(SelectorImpl.java:101)
        at org.eclipse.jetty.io.ManagedSelector.nioSelect(ManagedSelector.java:183)
        at org.eclipse.jetty.io.ManagedSelector.select(ManagedSelector.java:190)
        at org.eclipse.jetty.io.ManagedSelector$SelectorProducer.select(ManagedSelector.java:606)
        at org.eclipse.jetty.io.ManagedSelector$SelectorProducer.produce(ManagedSelector.java:543)
        at org.eclipse.jetty.util.thread.strategy.EatWhatYouKill.produceTask(EatWhatYouKill.java:362)
        at org.eclipse.jetty.util.thread.strategy.EatWhatYouKill.doProduce(EatWhatYouKill.java:186)
        at org.eclipse.jetty.util.thread.strategy.EatWhatYouKill.tryProduce(EatWhatYouKill.java:173)
        at org.eclipse.jetty.util.thread.strategy.EatWhatYouKill.produce(EatWhatYouKill.java:137)
        at org.eclipse.jetty.io.ManagedSelector$$Lambda$453/347035587.run(Unknown Source)
        at org.eclipse.jetty.util.thread.QueuedThreadPool.runJob(QueuedThreadPool.java:883)
        at org.eclipse.jetty.util.thread.QueuedThreadPool$Runner.run(QueuedThreadPool.java:1034)
        at java.lang.Thread.run(Thread.java:750)
"om1-NettyServerStreamRpc-bossGroup--thread1"  prio=5 tid=125 runnable
java.lang.Thread.State: RUNNABLE
        at sun.nio.ch.EPollArrayWrapper.epollWait(Native Method)
        at sun.nio.ch.EPollArrayWrapper.poll(EPollArrayWrapper.java:269)
        at sun.nio.ch.EPollSelectorImpl.doSelect(EPollSelectorImpl.java:93)
        at sun.nio.ch.SelectorImpl.lockAndDoSelect(SelectorImpl.java:86)
        at sun.nio.ch.SelectorImpl.select(SelectorImpl.java:97)
        at sun.nio.ch.SelectorImpl.select(SelectorImpl.java:101)
        at org.apache.ratis.thirdparty.io.netty.channel.nio.SelectedSelectionKeySetSelector.select(SelectedSelectionKeySetSelector.java:68)
        at org.apache.ratis.thirdparty.io.netty.channel.nio.NioEventLoop.select(NioEventLoop.java:813)
        at org.apache.ratis.thirdparty.io.netty.channel.nio.NioEventLoop.run(NioEventLoop.java:460)
        at org.apache.ratis.thirdparty.io.netty.util.concurrent.SingleThreadEventExecutor$4.run(SingleThreadEventExecutor.java:995)
        at org.apache.ratis.thirdparty.io.netty.util.internal.ThreadExecutorMap$2.run(ThreadExecutorMap.java:74)
        at java.lang.Thread.run(Thread.java:750)
"ChunkWriter-2-0" daemon prio=5 tid=556 in Object.wait()
java.lang.Thread.State: WAITING (on object monitor)
        at sun.misc.Unsafe.park(Native Method)
        at java.util.concurrent.locks.LockSupport.park(LockSupport.java:175)
        at java.util.concurrent.locks.AbstractQueuedSynchronizer$ConditionObject.await(AbstractQueuedSynchronizer.java:2039)
        at java.util.concurrent.LinkedBlockingDeque.takeFirst(LinkedBlockingDeque.java:492)
        at java.util.concurrent.LinkedBlockingDeque.take(LinkedBlockingDeque.java:680)
        at java.util.concurrent.ThreadPoolExecutor.getTask(ThreadPoolExecutor.java:1074)
        at java.util.concurrent.ThreadPoolExecutor.runWorker(ThreadPoolExecutor.java:1134)
        at java.util.concurrent.ThreadPoolExecutor$Worker.run(ThreadPoolExecutor.java:624)
        at java.lang.Thread.run(Thread.java:750)
"37be314e-42cf-4ee9-a18e-baad7075c611@group-8057C2290820-StateMachineUpdater" daemon prio=5 tid=602 timed_waiting
java.lang.Thread.State: TIMED_WAITING
        at sun.misc.Unsafe.park(Native Method)
        at java.util.concurrent.locks.LockSupport.parkNanos(LockSupport.java:215)
        at java.util.concurrent.locks.AbstractQueuedSynchronizer$ConditionObject.await(AbstractQueuedSynchronizer.java:2163)
        at org.apache.ratis.util.AwaitForSignal.await(AwaitForSignal.java:62)
        at org.apache.ratis.server.impl.StateMachineUpdater.waitForCommit(StateMachineUpdater.java:207)
        at org.apache.ratis.server.impl.StateMachineUpdater.run(StateMachineUpdater.java:176)
        at java.lang.Thread.run(Thread.java:750)
"IPC Server handler 5 on default port 35905" daemon prio=5 tid=71 timed_waiting
java.lang.Thread.State: TIMED_WAITING
        at sun.misc.Unsafe.park(Native Method)
        at java.util.concurrent.locks.LockSupport.parkNanos(LockSupport.java:215)
        at java.util.concurrent.locks.AbstractQueuedSynchronizer$ConditionObject.awaitNanos(AbstractQueuedSynchronizer.java:2078)
        at java.util.concurrent.LinkedBlockingQueue.poll(LinkedBlockingQueue.java:467)
        at org.apache.hadoop.ipc.CallQueueManager.take(CallQueueManager.java:317)
        at org.apache.hadoop.ipc.Server$Handler.run(Server.java:2942)
"StaleRecoveringContainerScrubbingService#1" daemon prio=5 tid=563 in Object.wait()
java.lang.Thread.State: WAITING (on object monitor)
        at sun.misc.Unsafe.park(Native Method)
        at java.util.concurrent.locks.LockSupport.park(LockSupport.java:175)
        at java.util.concurrent.locks.AbstractQueuedSynchronizer$ConditionObject.await(AbstractQueuedSynchronizer.java:2039)
        at java.util.concurrent.ScheduledThreadPoolExecutor$DelayedWorkQueue.take(ScheduledThreadPoolExecutor.java:1088)
        at java.util.concurrent.ScheduledThreadPoolExecutor$DelayedWorkQueue.take(ScheduledThreadPoolExecutor.java:809)
        at java.util.concurrent.ThreadPoolExecutor.getTask(ThreadPoolExecutor.java:1074)
        at java.util.concurrent.ThreadPoolExecutor.runWorker(ThreadPoolExecutor.java:1134)
        at java.util.concurrent.ThreadPoolExecutor$Worker.run(ThreadPoolExecutor.java:624)
        at java.lang.Thread.run(Thread.java:750)
"d09c218f-b416-45d6-bb77-0144cdedc1ff-server-thread2" daemon prio=5 tid=786 timed_waiting
java.lang.Thread.State: TIMED_WAITING
        at sun.misc.Unsafe.park(Native Method)
        at java.util.concurrent.locks.LockSupport.parkNanos(LockSupport.java:215)
        at java.util.concurrent.SynchronousQueue$TransferStack.awaitFulfill(SynchronousQueue.java:460)
        at java.util.concurrent.SynchronousQueue$TransferStack.transfer(SynchronousQueue.java:362)
        at java.util.concurrent.SynchronousQueue.poll(SynchronousQueue.java:941)
        at java.util.concurrent.ThreadPoolExecutor.getTask(ThreadPoolExecutor.java:1073)
        at java.util.concurrent.ThreadPoolExecutor.runWorker(ThreadPoolExecutor.java:1134)
        at java.util.concurrent.ThreadPoolExecutor$Worker.run(ThreadPoolExecutor.java:624)
        at java.lang.Thread.run(Thread.java:750)
"qtp253998981-191" daemon prio=5 tid=191 timed_waiting
java.lang.Thread.State: TIMED_WAITING
        at sun.misc.Unsafe.park(Native Method)
        at java.util.concurrent.locks.LockSupport.parkNanos(LockSupport.java:215)
        at java.util.concurrent.locks.AbstractQueuedSynchronizer$ConditionObject.awaitNanos(AbstractQueuedSynchronizer.java:2078)
        at org.eclipse.jetty.util.BlockingArrayQueue.poll(BlockingArrayQueue.java:382)
        at org.eclipse.jetty.util.thread.QueuedThreadPool$Runner.idleJobPoll(QueuedThreadPool.java:974)
        at org.eclipse.jetty.util.thread.QueuedThreadPool$Runner.run(QueuedThreadPool.java:1018)
        at java.lang.Thread.run(Thread.java:750)
"EventQueue-CloseContainerForCloseContainerEventHandler" daemon prio=5 tid=863 in Object.wait()
java.lang.Thread.State: WAITING (on object monitor)
        at sun.misc.Unsafe.park(Native Method)
        at java.util.concurrent.locks.LockSupport.park(LockSupport.java:175)
        at java.util.concurrent.locks.AbstractQueuedSynchronizer$ConditionObject.await(AbstractQueuedSynchronizer.java:2039)
        at java.util.concurrent.LinkedBlockingQueue.take(LinkedBlockingQueue.java:442)
        at java.util.concurrent.ThreadPoolExecutor.getTask(ThreadPoolExecutor.java:1074)
        at java.util.concurrent.ThreadPoolExecutor.runWorker(ThreadPoolExecutor.java:1134)
        at java.util.concurrent.ThreadPoolExecutor$Worker.run(ThreadPoolExecutor.java:624)
        at java.lang.Thread.run(Thread.java:750)
"d09c218f-b416-45d6-bb77-0144cdedc1ff@group-05AB78307444-StateMachineUpdater" daemon prio=5 tid=694 timed_waiting
java.lang.Thread.State: TIMED_WAITING
        at sun.misc.Unsafe.park(Native Method)
        at java.util.concurrent.locks.LockSupport.parkNanos(LockSupport.java:215)
        at java.util.concurrent.locks.AbstractQueuedSynchronizer$ConditionObject.await(AbstractQueuedSynchronizer.java:2163)
        at org.apache.ratis.util.AwaitForSignal.await(AwaitForSignal.java:62)
        at org.apache.ratis.server.impl.StateMachineUpdater.waitForCommit(StateMachineUpdater.java:207)
        at org.apache.ratis.server.impl.StateMachineUpdater.run(StateMachineUpdater.java:176)
        at java.lang.Thread.run(Thread.java:750)
"e77b5d09-e15c-47d2-9906-1148d6692daf@group-AE8453F49D0B-FollowerState" daemon prio=5 tid=933 timed_waiting
java.lang.Thread.State: TIMED_WAITING
        at java.lang.Thread.sleep(Native Method)
        at java.lang.Thread.sleep(Thread.java:342)
        at java.util.concurrent.TimeUnit.sleep(TimeUnit.java:386)
        at org.apache.ratis.util.TimeDuration.sleep(TimeDuration.java:325)
        at org.apache.ratis.util.TimeDuration.sleep(TimeDuration.java:310)
        at org.apache.ratis.server.impl.FollowerState.run(FollowerState.java:128)
"22174ed7-3438-44c1-87a9-382e0277420a@group-75780AEF7A1B-SegmentedRaftLogWorker"  prio=5 tid=610 timed_waiting
java.lang.Thread.State: TIMED_WAITING
        at sun.misc.Unsafe.park(Native Method)
        at java.util.concurrent.locks.LockSupport.parkNanos(LockSupport.java:215)
        at java.util.concurrent.locks.AbstractQueuedSynchronizer$ConditionObject.awaitNanos(AbstractQueuedSynchronizer.java:2078)
        at org.apache.ratis.util.DataBlockingQueue.poll(DataBlockingQueue.java:148)
        at org.apache.ratis.server.raftlog.segmented.SegmentedRaftLogWorker.run(SegmentedRaftLogWorker.java:312)
        at org.apache.ratis.server.raftlog.segmented.SegmentedRaftLogWorker$$Lambda$693/377063671.run(Unknown Source)
        at java.lang.Thread.run(Thread.java:750)
"ChunkWriter-0-0" daemon prio=5 tid=334 in Object.wait()
java.lang.Thread.State: WAITING (on object monitor)
        at sun.misc.Unsafe.park(Native Method)
        at java.util.concurrent.locks.LockSupport.park(LockSupport.java:175)
        at java.util.concurrent.locks.AbstractQueuedSynchronizer$ConditionObject.await(AbstractQueuedSynchronizer.java:2039)
        at java.util.concurrent.LinkedBlockingDeque.takeFirst(LinkedBlockingDeque.java:492)
        at java.util.concurrent.LinkedBlockingDeque.take(LinkedBlockingDeque.java:680)
        at java.util.concurrent.ThreadPoolExecutor.getTask(ThreadPoolExecutor.java:1074)
        at java.util.concurrent.ThreadPoolExecutor.runWorker(ThreadPoolExecutor.java:1134)
        at java.util.concurrent.ThreadPoolExecutor$Worker.run(ThreadPoolExecutor.java:624)
        at java.lang.Thread.run(Thread.java:750)
"Datanode ReportManager Thread - 3" daemon prio=5 tid=426 timed_waiting
java.lang.Thread.State: TIMED_WAITING
        at sun.misc.Unsafe.park(Native Method)
        at java.util.concurrent.locks.LockSupport.parkNanos(LockSupport.java:215)
        at java.util.concurrent.locks.AbstractQueuedSynchronizer$ConditionObject.awaitNanos(AbstractQueuedSynchronizer.java:2078)
        at java.util.concurrent.ScheduledThreadPoolExecutor$DelayedWorkQueue.take(ScheduledThreadPoolExecutor.java:1093)
        at java.util.concurrent.ScheduledThreadPoolExecutor$DelayedWorkQueue.take(ScheduledThreadPoolExecutor.java:809)
        at java.util.concurrent.ThreadPoolExecutor.getTask(ThreadPoolExecutor.java:1074)
        at java.util.concurrent.ThreadPoolExecutor.runWorker(ThreadPoolExecutor.java:1134)
        at java.util.concurrent.ThreadPoolExecutor$Worker.run(ThreadPoolExecutor.java:624)
        at java.lang.Thread.run(Thread.java:750)
"FullTableCache Cleanup Thread - 0" daemon prio=5 tid=771 in Object.wait()
java.lang.Thread.State: WAITING (on object monitor)
        at sun.misc.Unsafe.park(Native Method)
        at java.util.concurrent.locks.LockSupport.park(LockSupport.java:175)
        at java.util.concurrent.locks.AbstractQueuedSynchronizer$ConditionObject.await(AbstractQueuedSynchronizer.java:2039)
        at java.util.concurrent.LinkedBlockingQueue.take(LinkedBlockingQueue.java:442)
        at java.util.concurrent.ThreadPoolExecutor.getTask(ThreadPoolExecutor.java:1074)
        at java.util.concurrent.ThreadPoolExecutor.runWorker(ThreadPoolExecutor.java:1134)
        at java.util.concurrent.ThreadPoolExecutor$Worker.run(ThreadPoolExecutor.java:624)
        at java.lang.Thread.run(Thread.java:750)
"org.apache.hadoop.util.JvmPauseMonitor$Monitor@18a09b8f" daemon prio=5 tid=257 timed_waiting
java.lang.Thread.State: TIMED_WAITING
        at java.lang.Thread.sleep(Native Method)
        at org.apache.hadoop.util.JvmPauseMonitor$Monitor.run(JvmPauseMonitor.java:192)
        at java.lang.Thread.run(Thread.java:750)
"Datanode ReportManager Thread - 0" daemon prio=5 tid=195 timed_waiting
java.lang.Thread.State: TIMED_WAITING
        at sun.misc.Unsafe.park(Native Method)
        at java.util.concurrent.locks.LockSupport.parkNanos(LockSupport.java:215)
        at java.util.concurrent.locks.AbstractQueuedSynchronizer$ConditionObject.awaitNanos(AbstractQueuedSynchronizer.java:2078)
        at java.util.concurrent.ScheduledThreadPoolExecutor$DelayedWorkQueue.take(ScheduledThreadPoolExecutor.java:1093)
        at java.util.concurrent.ScheduledThreadPoolExecutor$DelayedWorkQueue.take(ScheduledThreadPoolExecutor.java:809)
        at java.util.concurrent.ThreadPoolExecutor.getTask(ThreadPoolExecutor.java:1074)
        at java.util.concurrent.ThreadPoolExecutor.runWorker(ThreadPoolExecutor.java:1134)
        at java.util.concurrent.ThreadPoolExecutor$Worker.run(ThreadPoolExecutor.java:624)
        at java.lang.Thread.run(Thread.java:750)
"BlockDeletingService#2" daemon prio=5 tid=972 in Object.wait()
java.lang.Thread.State: WAITING (on object monitor)
        at sun.misc.Unsafe.park(Native Method)
        at java.util.concurrent.locks.LockSupport.park(LockSupport.java:175)
        at java.util.concurrent.locks.AbstractQueuedSynchronizer$ConditionObject.await(AbstractQueuedSynchronizer.java:2039)
        at java.util.concurrent.ScheduledThreadPoolExecutor$DelayedWorkQueue.take(ScheduledThreadPoolExecutor.java:1088)
        at java.util.concurrent.ScheduledThreadPoolExecutor$DelayedWorkQueue.take(ScheduledThreadPoolExecutor.java:809)
        at java.util.concurrent.ThreadPoolExecutor.getTask(ThreadPoolExecutor.java:1074)
        at java.util.concurrent.ThreadPoolExecutor.runWorker(ThreadPoolExecutor.java:1134)
        at java.util.concurrent.ThreadPoolExecutor$Worker.run(ThreadPoolExecutor.java:624)
        at java.lang.Thread.run(Thread.java:750)
"Datanode State Machine Task Thread - 1"  prio=5 tid=566 in Object.wait()
java.lang.Thread.State: WAITING (on object monitor)
        at sun.misc.Unsafe.park(Native Method)
        at java.util.concurrent.locks.LockSupport.park(LockSupport.java:175)
        at java.util.concurrent.locks.AbstractQueuedSynchronizer$ConditionObject.await(AbstractQueuedSynchronizer.java:2039)
        at java.util.concurrent.LinkedBlockingQueue.take(LinkedBlockingQueue.java:442)
        at java.util.concurrent.ThreadPoolExecutor.getTask(ThreadPoolExecutor.java:1074)
        at java.util.concurrent.ThreadPoolExecutor.runWorker(ThreadPoolExecutor.java:1134)
        at java.util.concurrent.ThreadPoolExecutor$Worker.run(ThreadPoolExecutor.java:624)
        at java.lang.Thread.run(Thread.java:750)
"IPC Server handler 5 on default port 33951" daemon prio=5 tid=159 timed_waiting
java.lang.Thread.State: TIMED_WAITING
        at sun.misc.Unsafe.park(Native Method)
        at java.util.concurrent.locks.LockSupport.parkNanos(LockSupport.java:215)
        at java.util.concurrent.locks.AbstractQueuedSynchronizer$ConditionObject.awaitNanos(AbstractQueuedSynchronizer.java:2078)
        at java.util.concurrent.LinkedBlockingQueue.poll(LinkedBlockingQueue.java:467)
        at org.apache.hadoop.ipc.CallQueueManager.take(CallQueueManager.java:317)
        at org.apache.hadoop.ipc.Server$Handler.run(Server.java:2942)
"StaleRecoveringContainerScrubbingService#2" daemon prio=5 tid=701 timed_waiting
java.lang.Thread.State: TIMED_WAITING
        at sun.misc.Unsafe.park(Native Method)
        at java.util.concurrent.locks.LockSupport.parkNanos(LockSupport.java:215)
        at java.util.concurrent.locks.AbstractQueuedSynchronizer$ConditionObject.awaitNanos(AbstractQueuedSynchronizer.java:2078)
        at java.util.concurrent.ScheduledThreadPoolExecutor$DelayedWorkQueue.take(ScheduledThreadPoolExecutor.java:1093)
        at java.util.concurrent.ScheduledThreadPoolExecutor$DelayedWorkQueue.take(ScheduledThreadPoolExecutor.java:809)
        at java.util.concurrent.ThreadPoolExecutor.getTask(ThreadPoolExecutor.java:1074)
        at java.util.concurrent.ThreadPoolExecutor.runWorker(ThreadPoolExecutor.java:1134)
        at java.util.concurrent.ThreadPoolExecutor$Worker.run(ThreadPoolExecutor.java:624)
        at java.lang.Thread.run(Thread.java:750)
"d09c218f-b416-45d6-bb77-0144cdedc1ff@group-05AB78307444-LeaderStateImpl" daemon prio=5 tid=810 timed_waiting
java.lang.Thread.State: TIMED_WAITING
        at sun.misc.Unsafe.park(Native Method)
        at java.util.concurrent.locks.LockSupport.parkNanos(LockSupport.java:215)
        at java.util.concurrent.locks.AbstractQueuedSynchronizer$ConditionObject.awaitNanos(AbstractQueuedSynchronizer.java:2078)
        at java.util.concurrent.ArrayBlockingQueue.poll(ArrayBlockingQueue.java:418)
        at org.apache.ratis.server.impl.LeaderStateImpl$EventQueue.poll(LeaderStateImpl.java:159)
        at org.apache.ratis.server.impl.LeaderStateImpl$EventProcessor.run(LeaderStateImpl.java:630)
"Datanode State Machine Daemon Thread" daemon prio=5 tid=506 timed_waiting
java.lang.Thread.State: TIMED_WAITING
        at java.lang.Thread.sleep(Native Method)
        at org.apache.hadoop.ozone.container.common.statemachine.DatanodeStateMachine.startStateMachineThread(DatanodeStateMachine.java:324)
        at org.apache.hadoop.ozone.container.common.statemachine.DatanodeStateMachine.lambda$startDaemon$0(DatanodeStateMachine.java:509)
        at org.apache.hadoop.ozone.container.common.statemachine.DatanodeStateMachine$$Lambda$782/807019219.run(Unknown Source)
        at java.lang.Thread.run(Thread.java:750)
"StaleRecoveringContainerScrubbingService#3" daemon prio=5 tid=890 in Object.wait()
java.lang.Thread.State: WAITING (on object monitor)
        at sun.misc.Unsafe.park(Native Method)
        at java.util.concurrent.locks.LockSupport.park(LockSupport.java:175)
        at java.util.concurrent.locks.AbstractQueuedSynchronizer$ConditionObject.await(AbstractQueuedSynchronizer.java:2039)
        at java.util.concurrent.ScheduledThreadPoolExecutor$DelayedWorkQueue.take(ScheduledThreadPoolExecutor.java:1088)
        at java.util.concurrent.ScheduledThreadPoolExecutor$DelayedWorkQueue.take(ScheduledThreadPoolExecutor.java:809)
        at java.util.concurrent.ThreadPoolExecutor.getTask(ThreadPoolExecutor.java:1074)
        at java.util.concurrent.ThreadPoolExecutor.runWorker(ThreadPoolExecutor.java:1134)
        at java.util.concurrent.ThreadPoolExecutor$Worker.run(ThreadPoolExecutor.java:624)
        at java.lang.Thread.run(Thread.java:750)
"Datanode State Machine Task Thread - 1"  prio=5 tid=410 in Object.wait()
java.lang.Thread.State: WAITING (on object monitor)
        at sun.misc.Unsafe.park(Native Method)
        at java.util.concurrent.locks.LockSupport.park(LockSupport.java:175)
        at java.util.concurrent.locks.AbstractQueuedSynchronizer$ConditionObject.await(AbstractQueuedSynchronizer.java:2039)
        at java.util.concurrent.LinkedBlockingQueue.take(LinkedBlockingQueue.java:442)
        at java.util.concurrent.ThreadPoolExecutor.getTask(ThreadPoolExecutor.java:1074)
        at java.util.concurrent.ThreadPoolExecutor.runWorker(ThreadPoolExecutor.java:1134)
        at java.util.concurrent.ThreadPoolExecutor$Worker.run(ThreadPoolExecutor.java:624)
        at java.lang.Thread.run(Thread.java:750)
"51369307-b0de-40aa-9d6f-41f84e1cecb7-server-thread3" daemon prio=5 tid=941 timed_waiting
java.lang.Thread.State: TIMED_WAITING
        at sun.misc.Unsafe.park(Native Method)
        at java.util.concurrent.locks.LockSupport.parkNanos(LockSupport.java:215)
        at java.util.concurrent.SynchronousQueue$TransferStack.awaitFulfill(SynchronousQueue.java:460)
        at java.util.concurrent.SynchronousQueue$TransferStack.transfer(SynchronousQueue.java:362)
        at java.util.concurrent.SynchronousQueue.poll(SynchronousQueue.java:941)
        at java.util.concurrent.ThreadPoolExecutor.getTask(ThreadPoolExecutor.java:1073)
        at java.util.concurrent.ThreadPoolExecutor.runWorker(ThreadPoolExecutor.java:1134)
        at java.util.concurrent.ThreadPoolExecutor$Worker.run(ThreadPoolExecutor.java:624)
        at java.lang.Thread.run(Thread.java:750)
"org.apache.hadoop.ozone.container.common.statemachine.commandhandler.DeleteBlocksCommandHandler$DeleteCmdWorker@26c3b371" daemon prio=5 tid=266 timed_waiting
java.lang.Thread.State: TIMED_WAITING
        at java.lang.Thread.sleep(Native Method)
        at org.apache.hadoop.ozone.container.common.statemachine.commandhandler.DeleteBlocksCommandHandler$DeleteCmdWorker.run(DeleteBlocksCommandHandler.java:184)
        at java.lang.Thread.run(Thread.java:750)
"qtp562342489-217" daemon prio=5 tid=217 timed_waiting
java.lang.Thread.State: TIMED_WAITING
        at sun.misc.Unsafe.park(Native Method)
        at java.util.concurrent.locks.LockSupport.parkNanos(LockSupport.java:215)
        at java.util.concurrent.locks.AbstractQueuedSynchronizer$ConditionObject.awaitNanos(AbstractQueuedSynchronizer.java:2078)
        at org.eclipse.jetty.util.BlockingArrayQueue.poll(BlockingArrayQueue.java:382)
        at org.eclipse.jetty.util.thread.QueuedThreadPool$Runner.idleJobPoll(QueuedThreadPool.java:974)
        at org.eclipse.jetty.util.thread.QueuedThreadPool$Runner.run(QueuedThreadPool.java:1018)
        at java.lang.Thread.run(Thread.java:750)
"Datanode ReportManager Thread - 2" daemon prio=5 tid=386 timed_waiting
java.lang.Thread.State: TIMED_WAITING
        at sun.misc.Unsafe.park(Native Method)
        at java.util.concurrent.locks.LockSupport.parkNanos(LockSupport.java:215)
        at java.util.concurrent.locks.AbstractQueuedSynchronizer$ConditionObject.awaitNanos(AbstractQueuedSynchronizer.java:2078)
        at java.util.concurrent.ScheduledThreadPoolExecutor$DelayedWorkQueue.take(ScheduledThreadPoolExecutor.java:1093)
        at java.util.concurrent.ScheduledThreadPoolExecutor$DelayedWorkQueue.take(ScheduledThreadPoolExecutor.java:809)
        at java.util.concurrent.ThreadPoolExecutor.getTask(ThreadPoolExecutor.java:1074)
        at java.util.concurrent.ThreadPoolExecutor.runWorker(ThreadPoolExecutor.java:1134)
        at java.util.concurrent.ThreadPoolExecutor$Worker.run(ThreadPoolExecutor.java:624)
        at java.lang.Thread.run(Thread.java:750)
"qtp253998981-187" daemon prio=5 tid=187 timed_waiting
java.lang.Thread.State: TIMED_WAITING
        at sun.misc.Unsafe.park(Native Method)
        at java.util.concurrent.locks.LockSupport.parkNanos(LockSupport.java:215)
        at java.util.concurrent.locks.AbstractQueuedSynchronizer$ConditionObject.awaitNanos(AbstractQueuedSynchronizer.java:2078)
        at org.eclipse.jetty.util.BlockingArrayQueue.poll(BlockingArrayQueue.java:382)
        at org.eclipse.jetty.util.thread.QueuedThreadPool$Runner.idleJobPoll(QueuedThreadPool.java:974)
        at org.eclipse.jetty.util.thread.QueuedThreadPool$Runner.run(QueuedThreadPool.java:1018)
        at java.lang.Thread.run(Thread.java:750)
"ChunkReader-1" daemon prio=5 tid=813 in Object.wait()
java.lang.Thread.State: WAITING (on object monitor)
        at sun.misc.Unsafe.park(Native Method)
        at java.util.concurrent.locks.LockSupport.park(LockSupport.java:175)
        at java.util.concurrent.locks.AbstractQueuedSynchronizer$ConditionObject.await(AbstractQueuedSynchronizer.java:2039)
        at java.util.concurrent.LinkedBlockingQueue.take(LinkedBlockingQueue.java:442)
        at java.util.concurrent.ThreadPoolExecutor.getTask(ThreadPoolExecutor.java:1074)
        at java.util.concurrent.ThreadPoolExecutor.runWorker(ThreadPoolExecutor.java:1134)
        at java.util.concurrent.ThreadPoolExecutor$Worker.run(ThreadPoolExecutor.java:624)
        at java.lang.Thread.run(Thread.java:750)
"JvmPauseMonitor1" daemon prio=5 tid=338 timed_waiting
java.lang.Thread.State: TIMED_WAITING
        at java.lang.Thread.sleep(Native Method)
        at java.lang.Thread.sleep(Thread.java:342)
        at java.util.concurrent.TimeUnit.sleep(TimeUnit.java:386)
        at org.apache.ratis.util.TimeDuration.sleep(TimeDuration.java:325)
        at org.apache.ratis.util.TimeDuration.sleep(TimeDuration.java:310)
        at org.apache.ratis.util.JvmPauseMonitor.detectPause(JvmPauseMonitor.java:119)
        at org.apache.ratis.util.JvmPauseMonitor.run(JvmPauseMonitor.java:108)
        at org.apache.ratis.util.JvmPauseMonitor$$Lambda$734/49719830.run(Unknown Source)
        at java.lang.Thread.run(Thread.java:750)
"IPC Server handler 2 on default port 33951" daemon prio=5 tid=156 timed_waiting
java.lang.Thread.State: TIMED_WAITING
        at sun.misc.Unsafe.park(Native Method)
        at java.util.concurrent.locks.LockSupport.parkNanos(LockSupport.java:215)
        at java.util.concurrent.locks.AbstractQueuedSynchronizer$ConditionObject.awaitNanos(AbstractQueuedSynchronizer.java:2078)
        at java.util.concurrent.LinkedBlockingQueue.poll(LinkedBlockingQueue.java:467)
        at org.apache.hadoop.ipc.CallQueueManager.take(CallQueueManager.java:317)
        at org.apache.hadoop.ipc.Server$Handler.run(Server.java:2942)
"IPC Server handler 19 on default port 35905" daemon prio=5 tid=85 timed_waiting
java.lang.Thread.State: TIMED_WAITING
        at sun.misc.Unsafe.park(Native Method)
        at java.util.concurrent.locks.LockSupport.parkNanos(LockSupport.java:215)
        at java.util.concurrent.locks.AbstractQueuedSynchronizer$ConditionObject.awaitNanos(AbstractQueuedSynchronizer.java:2078)
        at java.util.concurrent.LinkedBlockingQueue.poll(LinkedBlockingQueue.java:467)
        at org.apache.hadoop.ipc.CallQueueManager.take(CallQueueManager.java:317)
        at org.apache.hadoop.ipc.Server$Handler.run(Server.java:2942)
"204ebb6c-eb9c-4605-8b0a-417067302917-NettyServerStreamRpc-bossGroup--thread1"  prio=5 tid=181 runnable
java.lang.Thread.State: RUNNABLE
        at sun.nio.ch.EPollArrayWrapper.epollWait(Native Method)
        at sun.nio.ch.EPollArrayWrapper.poll(EPollArrayWrapper.java:269)
        at sun.nio.ch.EPollSelectorImpl.doSelect(EPollSelectorImpl.java:93)
        at sun.nio.ch.SelectorImpl.lockAndDoSelect(SelectorImpl.java:86)
        at sun.nio.ch.SelectorImpl.select(SelectorImpl.java:97)
        at sun.nio.ch.SelectorImpl.select(SelectorImpl.java:101)
        at org.apache.ratis.thirdparty.io.netty.channel.nio.SelectedSelectionKeySetSelector.select(SelectedSelectionKeySetSelector.java:68)
        at org.apache.ratis.thirdparty.io.netty.channel.nio.NioEventLoop.select(NioEventLoop.java:813)
        at org.apache.ratis.thirdparty.io.netty.channel.nio.NioEventLoop.run(NioEventLoop.java:460)
        at org.apache.ratis.thirdparty.io.netty.util.concurrent.SingleThreadEventExecutor$4.run(SingleThreadEventExecutor.java:995)
        at org.apache.ratis.thirdparty.io.netty.util.internal.ThreadExecutorMap$2.run(ThreadExecutorMap.java:74)
        at java.lang.Thread.run(Thread.java:750)
"d09c218f-b416-45d6-bb77-0144cdedc1ff@group-C5ECEF351ECF-StateMachineUpdater" daemon prio=5 tid=687 timed_waiting
java.lang.Thread.State: TIMED_WAITING
        at sun.misc.Unsafe.park(Native Method)
        at java.util.concurrent.locks.LockSupport.parkNanos(LockSupport.java:215)
        at java.util.concurrent.locks.AbstractQueuedSynchronizer$ConditionObject.await(AbstractQueuedSynchronizer.java:2163)
        at org.apache.ratis.util.AwaitForSignal.await(AwaitForSignal.java:62)
        at org.apache.ratis.server.impl.StateMachineUpdater.waitForCommit(StateMachineUpdater.java:207)
        at org.apache.ratis.server.impl.StateMachineUpdater.run(StateMachineUpdater.java:176)
        at java.lang.Thread.run(Thread.java:750)
"EventQueue-NodeReportForNodeReportHandler" daemon prio=5 tid=965 in Object.wait()
java.lang.Thread.State: WAITING (on object monitor)
        at sun.misc.Unsafe.park(Native Method)
        at java.util.concurrent.locks.LockSupport.park(LockSupport.java:175)
        at java.util.concurrent.locks.AbstractQueuedSynchronizer$ConditionObject.await(AbstractQueuedSynchronizer.java:2039)
        at java.util.concurrent.LinkedBlockingQueue.take(LinkedBlockingQueue.java:442)
        at java.util.concurrent.ThreadPoolExecutor.getTask(ThreadPoolExecutor.java:1074)
        at java.util.concurrent.ThreadPoolExecutor.runWorker(ThreadPoolExecutor.java:1134)
        at java.util.concurrent.ThreadPoolExecutor$Worker.run(ThreadPoolExecutor.java:624)
        at java.lang.Thread.run(Thread.java:750)
"StaleRecoveringContainerScrubbingService#3" daemon prio=5 tid=893 in Object.wait()
java.lang.Thread.State: WAITING (on object monitor)
        at sun.misc.Unsafe.park(Native Method)
        at java.util.concurrent.locks.LockSupport.park(LockSupport.java:175)
        at java.util.concurrent.locks.AbstractQueuedSynchronizer$ConditionObject.await(AbstractQueuedSynchronizer.java:2039)
        at java.util.concurrent.ScheduledThreadPoolExecutor$DelayedWorkQueue.take(ScheduledThreadPoolExecutor.java:1088)
        at java.util.concurrent.ScheduledThreadPoolExecutor$DelayedWorkQueue.take(ScheduledThreadPoolExecutor.java:809)
        at java.util.concurrent.ThreadPoolExecutor.getTask(ThreadPoolExecutor.java:1074)
        at java.util.concurrent.ThreadPoolExecutor.runWorker(ThreadPoolExecutor.java:1134)
        at java.util.concurrent.ThreadPoolExecutor$Worker.run(ThreadPoolExecutor.java:624)
        at java.lang.Thread.run(Thread.java:750)
"EventQueue-CommandQueueReportForCommandQueueReportHandler" daemon prio=5 tid=564 in Object.wait()
java.lang.Thread.State: WAITING (on object monitor)
        at sun.misc.Unsafe.park(Native Method)
        at java.util.concurrent.locks.LockSupport.park(LockSupport.java:175)
        at java.util.concurrent.locks.AbstractQueuedSynchronizer$ConditionObject.await(AbstractQueuedSynchronizer.java:2039)
        at java.util.concurrent.LinkedBlockingQueue.take(LinkedBlockingQueue.java:442)
        at java.util.concurrent.ThreadPoolExecutor.getTask(ThreadPoolExecutor.java:1074)
        at java.util.concurrent.ThreadPoolExecutor.runWorker(ThreadPoolExecutor.java:1134)
        at java.util.concurrent.ThreadPoolExecutor$Worker.run(ThreadPoolExecutor.java:624)
        at java.lang.Thread.run(Thread.java:750)
"StaleRecoveringContainerScrubbingService#4" daemon prio=5 tid=925 in Object.wait()
java.lang.Thread.State: WAITING (on object monitor)
        at sun.misc.Unsafe.park(Native Method)
        at java.util.concurrent.locks.LockSupport.park(LockSupport.java:175)
        at java.util.concurrent.locks.AbstractQueuedSynchronizer$ConditionObject.await(AbstractQueuedSynchronizer.java:2039)
        at java.util.concurrent.ScheduledThreadPoolExecutor$DelayedWorkQueue.take(ScheduledThreadPoolExecutor.java:1088)
        at java.util.concurrent.ScheduledThreadPoolExecutor$DelayedWorkQueue.take(ScheduledThreadPoolExecutor.java:809)
        at java.util.concurrent.ThreadPoolExecutor.getTask(ThreadPoolExecutor.java:1074)
        at java.util.concurrent.ThreadPoolExecutor.runWorker(ThreadPoolExecutor.java:1134)
        at java.util.concurrent.ThreadPoolExecutor$Worker.run(ThreadPoolExecutor.java:624)
        at java.lang.Thread.run(Thread.java:750)
"Datanode State Machine Task Thread - 1"  prio=5 tid=552 in Object.wait()
java.lang.Thread.State: WAITING (on object monitor)
        at sun.misc.Unsafe.park(Native Method)
        at java.util.concurrent.locks.LockSupport.park(LockSupport.java:175)
        at java.util.concurrent.locks.AbstractQueuedSynchronizer$ConditionObject.await(AbstractQueuedSynchronizer.java:2039)
        at java.util.concurrent.LinkedBlockingQueue.take(LinkedBlockingQueue.java:442)
        at java.util.concurrent.ThreadPoolExecutor.getTask(ThreadPoolExecutor.java:1074)
        at java.util.concurrent.ThreadPoolExecutor.runWorker(ThreadPoolExecutor.java:1134)
        at java.util.concurrent.ThreadPoolExecutor$Worker.run(ThreadPoolExecutor.java:624)
        at java.lang.Thread.run(Thread.java:750)
"qtp562342489-214" daemon prio=5 tid=214 runnable
java.lang.Thread.State: RUNNABLE
        at sun.nio.ch.EPollArrayWrapper.epollWait(Native Method)
        at sun.nio.ch.EPollArrayWrapper.poll(EPollArrayWrapper.java:269)
        at sun.nio.ch.EPollSelectorImpl.doSelect(EPollSelectorImpl.java:93)
        at sun.nio.ch.SelectorImpl.lockAndDoSelect(SelectorImpl.java:86)
        at sun.nio.ch.SelectorImpl.select(SelectorImpl.java:97)
        at sun.nio.ch.SelectorImpl.select(SelectorImpl.java:101)
        at org.eclipse.jetty.io.ManagedSelector.nioSelect(ManagedSelector.java:183)
        at org.eclipse.jetty.io.ManagedSelector.select(ManagedSelector.java:190)
        at org.eclipse.jetty.io.ManagedSelector$SelectorProducer.select(ManagedSelector.java:606)
        at org.eclipse.jetty.io.ManagedSelector$SelectorProducer.produce(ManagedSelector.java:543)
        at org.eclipse.jetty.util.thread.strategy.EatWhatYouKill.produceTask(EatWhatYouKill.java:362)
        at org.eclipse.jetty.util.thread.strategy.EatWhatYouKill.doProduce(EatWhatYouKill.java:186)
        at org.eclipse.jetty.util.thread.strategy.EatWhatYouKill.tryProduce(EatWhatYouKill.java:173)
        at org.eclipse.jetty.util.thread.strategy.EatWhatYouKill.produce(EatWhatYouKill.java:137)
        at org.eclipse.jetty.io.ManagedSelector$$Lambda$453/347035587.run(Unknown Source)
        at org.eclipse.jetty.util.thread.QueuedThreadPool.runJob(QueuedThreadPool.java:883)
        at org.eclipse.jetty.util.thread.QueuedThreadPool$Runner.run(QueuedThreadPool.java:1034)
        at java.lang.Thread.run(Thread.java:750)
"StaleRecoveringContainerScrubbingService#9" daemon prio=5 tid=995 in Object.wait()
java.lang.Thread.State: WAITING (on object monitor)
        at sun.misc.Unsafe.park(Native Method)
        at java.util.concurrent.locks.LockSupport.park(LockSupport.java:175)
        at java.util.concurrent.locks.AbstractQueuedSynchronizer$ConditionObject.await(AbstractQueuedSynchronizer.java:2039)
        at java.util.concurrent.ScheduledThreadPoolExecutor$DelayedWorkQueue.take(ScheduledThreadPoolExecutor.java:1088)
        at java.util.concurrent.ScheduledThreadPoolExecutor$DelayedWorkQueue.take(ScheduledThreadPoolExecutor.java:809)
        at java.util.concurrent.ThreadPoolExecutor.getTask(ThreadPoolExecutor.java:1074)
        at java.util.concurrent.ThreadPoolExecutor.runWorker(ThreadPoolExecutor.java:1134)
        at java.util.concurrent.ThreadPoolExecutor$Worker.run(ThreadPoolExecutor.java:624)
        at java.lang.Thread.run(Thread.java:750)
"Datanode ReportManager Thread - 3" daemon prio=5 tid=198 in Object.wait()
java.lang.Thread.State: WAITING (on object monitor)
        at sun.misc.Unsafe.park(Native Method)
        at java.util.concurrent.locks.LockSupport.park(LockSupport.java:175)
        at java.util.concurrent.locks.AbstractQueuedSynchronizer$ConditionObject.await(AbstractQueuedSynchronizer.java:2039)
        at java.util.concurrent.ScheduledThreadPoolExecutor$DelayedWorkQueue.take(ScheduledThreadPoolExecutor.java:1088)
        at java.util.concurrent.ScheduledThreadPoolExecutor$DelayedWorkQueue.take(ScheduledThreadPoolExecutor.java:809)
        at java.util.concurrent.ThreadPoolExecutor.getTask(ThreadPoolExecutor.java:1074)
        at java.util.concurrent.ThreadPoolExecutor.runWorker(ThreadPoolExecutor.java:1134)
        at java.util.concurrent.ThreadPoolExecutor$Worker.run(ThreadPoolExecutor.java:624)
        at java.lang.Thread.run(Thread.java:750)
"IPC Server handler 11 on default port 42667" daemon prio=5 tid=57 timed_waiting
java.lang.Thread.State: TIMED_WAITING
        at sun.misc.Unsafe.park(Native Method)
        at java.util.concurrent.locks.LockSupport.parkNanos(LockSupport.java:215)
        at java.util.concurrent.locks.AbstractQueuedSynchronizer$ConditionObject.awaitNanos(AbstractQueuedSynchronizer.java:2078)
        at java.util.concurrent.LinkedBlockingQueue.poll(LinkedBlockingQueue.java:467)
        at org.apache.hadoop.ipc.CallQueueManager.take(CallQueueManager.java:317)
        at org.apache.hadoop.ipc.Server$Handler.run(Server.java:2942)
"qtp2040269640-366" daemon prio=5 tid=366 timed_waiting
java.lang.Thread.State: TIMED_WAITING
        at sun.misc.Unsafe.park(Native Method)
        at java.util.concurrent.locks.LockSupport.parkNanos(LockSupport.java:215)
        at java.util.concurrent.locks.AbstractQueuedSynchronizer$ConditionObject.awaitNanos(AbstractQueuedSynchronizer.java:2078)
        at org.eclipse.jetty.util.BlockingArrayQueue.poll(BlockingArrayQueue.java:382)
        at org.eclipse.jetty.util.thread.QueuedThreadPool$Runner.idleJobPoll(QueuedThreadPool.java:974)
        at org.eclipse.jetty.util.thread.QueuedThreadPool$Runner.run(QueuedThreadPool.java:1018)
        at java.lang.Thread.run(Thread.java:750)
"qtp1138657523-115" daemon prio=5 tid=115 timed_waiting
java.lang.Thread.State: TIMED_WAITING
        at sun.misc.Unsafe.park(Native Method)
        at java.util.concurrent.locks.LockSupport.parkNanos(LockSupport.java:215)
        at java.util.concurrent.locks.AbstractQueuedSynchronizer$ConditionObject.awaitNanos(AbstractQueuedSynchronizer.java:2078)
        at org.eclipse.jetty.util.BlockingArrayQueue.poll(BlockingArrayQueue.java:382)
        at org.eclipse.jetty.util.thread.QueuedThreadPool$Runner.idleJobPoll(QueuedThreadPool.java:974)
        at org.eclipse.jetty.util.thread.QueuedThreadPool$Runner.run(QueuedThreadPool.java:1018)
        at java.lang.Thread.run(Thread.java:750)
"Datanode ReportManager Thread - 3" daemon prio=5 tid=510 timed_waiting
java.lang.Thread.State: TIMED_WAITING
        at sun.misc.Unsafe.park(Native Method)
        at java.util.concurrent.locks.LockSupport.parkNanos(LockSupport.java:215)
        at java.util.concurrent.locks.AbstractQueuedSynchronizer$ConditionObject.awaitNanos(AbstractQueuedSynchronizer.java:2078)
        at java.util.concurrent.ScheduledThreadPoolExecutor$DelayedWorkQueue.take(ScheduledThreadPoolExecutor.java:1093)
        at java.util.concurrent.ScheduledThreadPoolExecutor$DelayedWorkQueue.take(ScheduledThreadPoolExecutor.java:809)
        at java.util.concurrent.ThreadPoolExecutor.getTask(ThreadPoolExecutor.java:1074)
        at java.util.concurrent.ThreadPoolExecutor.runWorker(ThreadPoolExecutor.java:1134)
        at java.util.concurrent.ThreadPoolExecutor$Worker.run(ThreadPoolExecutor.java:624)
        at java.lang.Thread.run(Thread.java:750)
"93b0d557-27ed-4241-a042-86e84b32abbd@group-B25567007414-SegmentedRaftLogWorker"  prio=5 tid=625 timed_waiting
java.lang.Thread.State: TIMED_WAITING
        at sun.misc.Unsafe.park(Native Method)
        at java.util.concurrent.locks.LockSupport.parkNanos(LockSupport.java:215)
        at java.util.concurrent.locks.AbstractQueuedSynchronizer$ConditionObject.awaitNanos(AbstractQueuedSynchronizer.java:2078)
        at org.apache.ratis.util.DataBlockingQueue.poll(DataBlockingQueue.java:148)
        at org.apache.ratis.server.raftlog.segmented.SegmentedRaftLogWorker.run(SegmentedRaftLogWorker.java:312)
        at org.apache.ratis.server.raftlog.segmented.SegmentedRaftLogWorker$$Lambda$693/377063671.run(Unknown Source)
        at java.lang.Thread.run(Thread.java:750)
"37be314e-42cf-4ee9-a18e-baad7075c611@group-8057C2290820-SegmentedRaftLogWorker"  prio=5 tid=600 timed_waiting
java.lang.Thread.State: TIMED_WAITING
        at sun.misc.Unsafe.park(Native Method)
        at java.util.concurrent.locks.LockSupport.parkNanos(LockSupport.java:215)
        at java.util.concurrent.locks.AbstractQueuedSynchronizer$ConditionObject.awaitNanos(AbstractQueuedSynchronizer.java:2078)
        at org.apache.ratis.util.DataBlockingQueue.poll(DataBlockingQueue.java:148)
        at org.apache.ratis.server.raftlog.segmented.SegmentedRaftLogWorker.run(SegmentedRaftLogWorker.java:312)
        at org.apache.ratis.server.raftlog.segmented.SegmentedRaftLogWorker$$Lambda$693/377063671.run(Unknown Source)
        at java.lang.Thread.run(Thread.java:750)
"StaleRecoveringContainerScrubbingService#0" daemon prio=5 tid=341 in Object.wait()
java.lang.Thread.State: WAITING (on object monitor)
        at sun.misc.Unsafe.park(Native Method)
        at java.util.concurrent.locks.LockSupport.park(LockSupport.java:175)
        at java.util.concurrent.locks.AbstractQueuedSynchronizer$ConditionObject.await(AbstractQueuedSynchronizer.java:2039)
        at java.util.concurrent.ScheduledThreadPoolExecutor$DelayedWorkQueue.take(ScheduledThreadPoolExecutor.java:1088)
        at java.util.concurrent.ScheduledThreadPoolExecutor$DelayedWorkQueue.take(ScheduledThreadPoolExecutor.java:809)
        at java.util.concurrent.ThreadPoolExecutor.getTask(ThreadPoolExecutor.java:1074)
        at java.util.concurrent.ThreadPoolExecutor.runWorker(ThreadPoolExecutor.java:1134)
        at java.util.concurrent.ThreadPoolExecutor$Worker.run(ThreadPoolExecutor.java:624)
        at java.lang.Thread.run(Thread.java:750)
"StaleRecoveringContainerScrubbingService#8" daemon prio=5 tid=990 in Object.wait()
java.lang.Thread.State: WAITING (on object monitor)
        at sun.misc.Unsafe.park(Native Method)
        at java.util.concurrent.locks.LockSupport.park(LockSupport.java:175)
        at java.util.concurrent.locks.AbstractQueuedSynchronizer$ConditionObject.await(AbstractQueuedSynchronizer.java:2039)
        at java.util.concurrent.ScheduledThreadPoolExecutor$DelayedWorkQueue.take(ScheduledThreadPoolExecutor.java:1088)
        at java.util.concurrent.ScheduledThreadPoolExecutor$DelayedWorkQueue.take(ScheduledThreadPoolExecutor.java:809)
        at java.util.concurrent.ThreadPoolExecutor.getTask(ThreadPoolExecutor.java:1074)
        at java.util.concurrent.ThreadPoolExecutor.runWorker(ThreadPoolExecutor.java:1134)
        at java.util.concurrent.ThreadPoolExecutor$Worker.run(ThreadPoolExecutor.java:624)
        at java.lang.Thread.run(Thread.java:750)
"SCM Heartbeat Processing Thread - 0" daemon prio=5 tid=14 timed_waiting
java.lang.Thread.State: TIMED_WAITING
        at sun.misc.Unsafe.park(Native Method)
        at java.util.concurrent.locks.LockSupport.parkNanos(LockSupport.java:215)
        at java.util.concurrent.locks.AbstractQueuedSynchronizer$ConditionObject.awaitNanos(AbstractQueuedSynchronizer.java:2078)
        at java.util.concurrent.ScheduledThreadPoolExecutor$DelayedWorkQueue.take(ScheduledThreadPoolExecutor.java:1093)
        at java.util.concurrent.ScheduledThreadPoolExecutor$DelayedWorkQueue.take(ScheduledThreadPoolExecutor.java:809)
        at java.util.concurrent.ThreadPoolExecutor.getTask(ThreadPoolExecutor.java:1074)
        at java.util.concurrent.ThreadPoolExecutor.runWorker(ThreadPoolExecutor.java:1134)
        at java.util.concurrent.ThreadPoolExecutor$Worker.run(ThreadPoolExecutor.java:624)
        at java.lang.Thread.run(Thread.java:750)
"qtp1138657523-110-acceptor-0@2ffed372-ServerConnector@6ba02f70{HTTP/1.1, (http/1.1)}{0.0.0.0:39843}" daemon prio=3 tid=110 runnable
java.lang.Thread.State: RUNNABLE
        at sun.nio.ch.ServerSocketChannelImpl.accept0(Native Method)
        at sun.nio.ch.ServerSocketChannelImpl.accept(ServerSocketChannelImpl.java:421)
        at sun.nio.ch.ServerSocketChannelImpl.accept(ServerSocketChannelImpl.java:249)
        at org.eclipse.jetty.server.ServerConnector.accept(ServerConnector.java:388)
        at org.eclipse.jetty.server.AbstractConnector$Acceptor.run(AbstractConnector.java:704)
        at org.eclipse.jetty.util.thread.QueuedThreadPool.runJob(QueuedThreadPool.java:883)
        at org.eclipse.jetty.util.thread.QueuedThreadPool$Runner.run(QueuedThreadPool.java:1034)
        at java.lang.Thread.run(Thread.java:750)
"FixedThreadPoolWithAffinityExecutor-5-0" daemon prio=5 tid=40 timed_waiting
java.lang.Thread.State: TIMED_WAITING
        at sun.misc.Unsafe.park(Native Method)
        at java.util.concurrent.locks.LockSupport.parkNanos(LockSupport.java:215)
        at java.util.concurrent.locks.AbstractQueuedSynchronizer$ConditionObject.awaitNanos(AbstractQueuedSynchronizer.java:2078)
        at java.util.concurrent.LinkedBlockingQueue.poll(LinkedBlockingQueue.java:467)
        at org.apache.hadoop.hdds.scm.server.ContainerReportQueue.poll(ContainerReportQueue.java:266)
        at org.apache.hadoop.hdds.scm.server.ContainerReportQueue.poll(ContainerReportQueue.java:42)
        at org.apache.hadoop.hdds.server.events.FixedThreadPoolWithAffinityExecutor$ContainerReportProcessTask.run(FixedThreadPoolWithAffinityExecutor.java:247)
        at java.util.concurrent.Executors$RunnableAdapter.call(Executors.java:511)
        at java.util.concurrent.FutureTask.run(FutureTask.java:266)
        at java.util.concurrent.ThreadPoolExecutor.runWorker(ThreadPoolExecutor.java:1149)
        at java.util.concurrent.ThreadPoolExecutor$Worker.run(ThreadPoolExecutor.java:624)
        at java.lang.Thread.run(Thread.java:750)
"ChunkWriter-3-0" daemon prio=5 tid=520 in Object.wait()
java.lang.Thread.State: WAITING (on object monitor)
        at sun.misc.Unsafe.park(Native Method)
        at java.util.concurrent.locks.LockSupport.park(LockSupport.java:175)
        at java.util.concurrent.locks.AbstractQueuedSynchronizer$ConditionObject.await(AbstractQueuedSynchronizer.java:2039)
        at java.util.concurrent.LinkedBlockingDeque.takeFirst(LinkedBlockingDeque.java:492)
        at java.util.concurrent.LinkedBlockingDeque.take(LinkedBlockingDeque.java:680)
        at java.util.concurrent.ThreadPoolExecutor.getTask(ThreadPoolExecutor.java:1074)
        at java.util.concurrent.ThreadPoolExecutor.runWorker(ThreadPoolExecutor.java:1134)
        at java.util.concurrent.ThreadPoolExecutor$Worker.run(ThreadPoolExecutor.java:624)
        at java.lang.Thread.run(Thread.java:750)
"qtp1004270885-487" daemon prio=5 tid=487 timed_waiting
java.lang.Thread.State: TIMED_WAITING
        at sun.misc.Unsafe.park(Native Method)
        at java.util.concurrent.locks.LockSupport.parkNanos(LockSupport.java:215)
        at java.util.concurrent.locks.AbstractQueuedSynchronizer$ConditionObject.awaitNanos(AbstractQueuedSynchronizer.java:2078)
        at org.eclipse.jetty.util.BlockingArrayQueue.poll(BlockingArrayQueue.java:382)
        at org.eclipse.jetty.util.thread.QueuedThreadPool$Runner.idleJobPoll(QueuedThreadPool.java:974)
        at org.eclipse.jetty.util.thread.QueuedThreadPool$Runner.run(QueuedThreadPool.java:1018)
        at java.lang.Thread.run(Thread.java:750)
"qtp253998981-188" daemon prio=5 tid=188 timed_waiting
java.lang.Thread.State: TIMED_WAITING
        at sun.misc.Unsafe.park(Native Method)
        at java.util.concurrent.locks.LockSupport.parkNanos(LockSupport.java:215)
        at java.util.concurrent.locks.AbstractQueuedSynchronizer$ConditionObject.awaitNanos(AbstractQueuedSynchronizer.java:2078)
        at org.eclipse.jetty.util.BlockingArrayQueue.poll(BlockingArrayQueue.java:382)
        at org.eclipse.jetty.util.thread.QueuedThreadPool$Runner.idleJobPoll(QueuedThreadPool.java:974)
        at org.eclipse.jetty.util.thread.QueuedThreadPool$Runner.run(QueuedThreadPool.java:1018)
        at java.lang.Thread.run(Thread.java:750)
"qtp562342489-220" daemon prio=5 tid=220 timed_waiting
java.lang.Thread.State: TIMED_WAITING
        at sun.misc.Unsafe.park(Native Method)
        at java.util.concurrent.locks.LockSupport.parkNanos(LockSupport.java:215)
        at java.util.concurrent.locks.AbstractQueuedSynchronizer$ConditionObject.awaitNanos(AbstractQueuedSynchronizer.java:2078)
        at org.eclipse.jetty.util.BlockingArrayQueue.poll(BlockingArrayQueue.java:382)
        at org.eclipse.jetty.util.thread.QueuedThreadPool$Runner.idleJobPoll(QueuedThreadPool.java:974)
        at org.eclipse.jetty.util.thread.QueuedThreadPool$Runner.run(QueuedThreadPool.java:1018)
        at java.lang.Thread.run(Thread.java:750)
"timer7" daemon prio=5 tid=783 timed_waiting
java.lang.Thread.State: TIMED_WAITING
        at java.lang.Object.wait(Native Method)
        at java.util.TimerThread.mainLoop(Timer.java:552)
        at java.util.TimerThread.run(Timer.java:505)
"22174ed7-3438-44c1-87a9-382e0277420a-server-thread1" daemon prio=5 tid=911 timed_waiting
java.lang.Thread.State: TIMED_WAITING
        at sun.misc.Unsafe.park(Native Method)
        at java.util.concurrent.locks.LockSupport.parkNanos(LockSupport.java:215)
        at java.util.concurrent.SynchronousQueue$TransferStack.awaitFulfill(SynchronousQueue.java:460)
        at java.util.concurrent.SynchronousQueue$TransferStack.transfer(SynchronousQueue.java:362)
        at java.util.concurrent.SynchronousQueue.poll(SynchronousQueue.java:941)
        at java.util.concurrent.ThreadPoolExecutor.getTask(ThreadPoolExecutor.java:1073)
        at java.util.concurrent.ThreadPoolExecutor.runWorker(ThreadPoolExecutor.java:1134)
        at java.util.concurrent.ThreadPoolExecutor$Worker.run(ThreadPoolExecutor.java:624)
        at java.lang.Thread.run(Thread.java:750)
"d09c218f-b416-45d6-bb77-0144cdedc1ff@group-05AB78307444-SegmentedRaftLogWorker"  prio=5 tid=692 timed_waiting
java.lang.Thread.State: TIMED_WAITING
        at sun.misc.Unsafe.park(Native Method)
        at java.util.concurrent.locks.LockSupport.parkNanos(LockSupport.java:215)
        at java.util.concurrent.locks.AbstractQueuedSynchronizer$ConditionObject.awaitNanos(AbstractQueuedSynchronizer.java:2078)
        at org.apache.ratis.util.DataBlockingQueue.poll(DataBlockingQueue.java:148)
        at org.apache.ratis.server.raftlog.segmented.SegmentedRaftLogWorker.run(SegmentedRaftLogWorker.java:312)
        at org.apache.ratis.server.raftlog.segmented.SegmentedRaftLogWorker$$Lambda$693/377063671.run(Unknown Source)
        at java.lang.Thread.run(Thread.java:750)
"StaleRecoveringContainerScrubbingService#4" daemon prio=5 tid=924 in Object.wait()
java.lang.Thread.State: WAITING (on object monitor)
        at sun.misc.Unsafe.park(Native Method)
        at java.util.concurrent.locks.LockSupport.park(LockSupport.java:175)
        at java.util.concurrent.locks.AbstractQueuedSynchronizer$ConditionObject.await(AbstractQueuedSynchronizer.java:2039)
        at java.util.concurrent.ScheduledThreadPoolExecutor$DelayedWorkQueue.take(ScheduledThreadPoolExecutor.java:1088)
        at java.util.concurrent.ScheduledThreadPoolExecutor$DelayedWorkQueue.take(ScheduledThreadPoolExecutor.java:809)
        at java.util.concurrent.ThreadPoolExecutor.getTask(ThreadPoolExecutor.java:1074)
        at java.util.concurrent.ThreadPoolExecutor.runWorker(ThreadPoolExecutor.java:1134)
        at java.util.concurrent.ThreadPoolExecutor$Worker.run(ThreadPoolExecutor.java:624)
        at java.lang.Thread.run(Thread.java:750)
"BlockDeletingService#1" daemon prio=5 tid=380 timed_waiting
java.lang.Thread.State: TIMED_WAITING
        at sun.misc.Unsafe.park(Native Method)
        at java.util.concurrent.locks.LockSupport.parkNanos(LockSupport.java:215)
        at java.util.concurrent.locks.AbstractQueuedSynchronizer$ConditionObject.awaitNanos(AbstractQueuedSynchronizer.java:2078)
        at java.util.concurrent.ScheduledThreadPoolExecutor$DelayedWorkQueue.take(ScheduledThreadPoolExecutor.java:1093)
        at java.util.concurrent.ScheduledThreadPoolExecutor$DelayedWorkQueue.take(ScheduledThreadPoolExecutor.java:809)
        at java.util.concurrent.ThreadPoolExecutor.getTask(ThreadPoolExecutor.java:1074)
        at java.util.concurrent.ThreadPoolExecutor.runWorker(ThreadPoolExecutor.java:1134)
        at java.util.concurrent.ThreadPoolExecutor$Worker.run(ThreadPoolExecutor.java:624)
        at java.lang.Thread.run(Thread.java:750)
"Periodic HDDS volume checker" daemon prio=5 tid=354 timed_waiting
java.lang.Thread.State: TIMED_WAITING
        at sun.misc.Unsafe.park(Native Method)
        at java.util.concurrent.locks.LockSupport.parkNanos(LockSupport.java:215)
        at java.util.concurrent.locks.AbstractQueuedSynchronizer$ConditionObject.awaitNanos(AbstractQueuedSynchronizer.java:2078)
        at java.util.concurrent.ScheduledThreadPoolExecutor$DelayedWorkQueue.take(ScheduledThreadPoolExecutor.java:1093)
        at java.util.concurrent.ScheduledThreadPoolExecutor$DelayedWorkQueue.take(ScheduledThreadPoolExecutor.java:809)
        at java.util.concurrent.ThreadPoolExecutor.getTask(ThreadPoolExecutor.java:1074)
        at java.util.concurrent.ThreadPoolExecutor.runWorker(ThreadPoolExecutor.java:1134)
        at java.util.concurrent.ThreadPoolExecutor$Worker.run(ThreadPoolExecutor.java:624)
        at java.lang.Thread.run(Thread.java:750)
"IPC Server handler 0 on default port 33951" daemon prio=5 tid=154 timed_waiting
java.lang.Thread.State: TIMED_WAITING
        at sun.misc.Unsafe.park(Native Method)
        at java.util.concurrent.locks.LockSupport.parkNanos(LockSupport.java:215)
        at java.util.concurrent.locks.AbstractQueuedSynchronizer$ConditionObject.awaitNanos(AbstractQueuedSynchronizer.java:2078)
        at java.util.concurrent.LinkedBlockingQueue.poll(LinkedBlockingQueue.java:467)
        at org.apache.hadoop.ipc.CallQueueManager.take(CallQueueManager.java:317)
        at org.apache.hadoop.ipc.Server$Handler.run(Server.java:2942)
"Datanode ReportManager Thread - 4" daemon prio=5 tid=388 in Object.wait()
java.lang.Thread.State: WAITING (on object monitor)
        at sun.misc.Unsafe.park(Native Method)
        at java.util.concurrent.locks.LockSupport.park(LockSupport.java:175)
        at java.util.concurrent.locks.AbstractQueuedSynchronizer$ConditionObject.await(AbstractQueuedSynchronizer.java:2039)
        at java.util.concurrent.ScheduledThreadPoolExecutor$DelayedWorkQueue.take(ScheduledThreadPoolExecutor.java:1088)
        at java.util.concurrent.ScheduledThreadPoolExecutor$DelayedWorkQueue.take(ScheduledThreadPoolExecutor.java:809)
        at java.util.concurrent.ThreadPoolExecutor.getTask(ThreadPoolExecutor.java:1074)
        at java.util.concurrent.ThreadPoolExecutor.runWorker(ThreadPoolExecutor.java:1134)
        at java.util.concurrent.ThreadPoolExecutor$Worker.run(ThreadPoolExecutor.java:624)
        at java.lang.Thread.run(Thread.java:750)
"IPC Server handler 4 on default port 33951" daemon prio=5 tid=158 timed_waiting
java.lang.Thread.State: TIMED_WAITING
        at sun.misc.Unsafe.park(Native Method)
        at java.util.concurrent.locks.LockSupport.parkNanos(LockSupport.java:215)
        at java.util.concurrent.locks.AbstractQueuedSynchronizer$ConditionObject.awaitNanos(AbstractQueuedSynchronizer.java:2078)
        at java.util.concurrent.LinkedBlockingQueue.poll(LinkedBlockingQueue.java:467)
        at org.apache.hadoop.ipc.CallQueueManager.take(CallQueueManager.java:317)
        at org.apache.hadoop.ipc.Server$Handler.run(Server.java:2942)
"Datanode State Machine Task Thread - 1"  prio=5 tid=449 in Object.wait()
java.lang.Thread.State: WAITING (on object monitor)
        at sun.misc.Unsafe.park(Native Method)
        at java.util.concurrent.locks.LockSupport.park(LockSupport.java:175)
        at java.util.concurrent.locks.AbstractQueuedSynchronizer$ConditionObject.await(AbstractQueuedSynchronizer.java:2039)
        at java.util.concurrent.LinkedBlockingQueue.take(LinkedBlockingQueue.java:442)
        at java.util.concurrent.ThreadPoolExecutor.getTask(ThreadPoolExecutor.java:1074)
        at java.util.concurrent.ThreadPoolExecutor.runWorker(ThreadPoolExecutor.java:1134)
        at java.util.concurrent.ThreadPoolExecutor$Worker.run(ThreadPoolExecutor.java:624)
        at java.lang.Thread.run(Thread.java:750)
"StaleRecoveringContainerScrubbingService#9" daemon prio=5 tid=998 in Object.wait()
java.lang.Thread.State: WAITING (on object monitor)
        at sun.misc.Unsafe.park(Native Method)
        at java.util.concurrent.locks.LockSupport.park(LockSupport.java:175)
        at java.util.concurrent.locks.AbstractQueuedSynchronizer$ConditionObject.await(AbstractQueuedSynchronizer.java:2039)
        at java.util.concurrent.ScheduledThreadPoolExecutor$DelayedWorkQueue.take(ScheduledThreadPoolExecutor.java:1088)
        at java.util.concurrent.ScheduledThreadPoolExecutor$DelayedWorkQueue.take(ScheduledThreadPoolExecutor.java:809)
        at java.util.concurrent.ThreadPoolExecutor.getTask(ThreadPoolExecutor.java:1074)
        at java.util.concurrent.ThreadPoolExecutor.runWorker(ThreadPoolExecutor.java:1134)
        at java.util.concurrent.ThreadPoolExecutor$Worker.run(ThreadPoolExecutor.java:624)
        at java.lang.Thread.run(Thread.java:750)
"22174ed7-3438-44c1-87a9-382e0277420a@group-FB364613BCB2-SegmentedRaftLogWorker"  prio=5 tid=590 timed_waiting
java.lang.Thread.State: TIMED_WAITING
        at sun.misc.Unsafe.park(Native Method)
        at java.util.concurrent.locks.LockSupport.parkNanos(LockSupport.java:215)
        at java.util.concurrent.locks.AbstractQueuedSynchronizer$ConditionObject.awaitNanos(AbstractQueuedSynchronizer.java:2078)
        at org.apache.ratis.util.DataBlockingQueue.poll(DataBlockingQueue.java:148)
        at org.apache.ratis.server.raftlog.segmented.SegmentedRaftLogWorker.run(SegmentedRaftLogWorker.java:312)
        at org.apache.ratis.server.raftlog.segmented.SegmentedRaftLogWorker$$Lambda$693/377063671.run(Unknown Source)
        at java.lang.Thread.run(Thread.java:750)
"StaleRecoveringContainerScrubbingService#1" daemon prio=5 tid=576 in Object.wait()
java.lang.Thread.State: WAITING (on object monitor)
        at sun.misc.Unsafe.park(Native Method)
        at java.util.concurrent.locks.LockSupport.park(LockSupport.java:175)
        at java.util.concurrent.locks.AbstractQueuedSynchronizer$ConditionObject.await(AbstractQueuedSynchronizer.java:2039)
        at java.util.concurrent.ScheduledThreadPoolExecutor$DelayedWorkQueue.take(ScheduledThreadPoolExecutor.java:1088)
        at java.util.concurrent.ScheduledThreadPoolExecutor$DelayedWorkQueue.take(ScheduledThreadPoolExecutor.java:809)
        at java.util.concurrent.ThreadPoolExecutor.getTask(ThreadPoolExecutor.java:1074)
        at java.util.concurrent.ThreadPoolExecutor.runWorker(ThreadPoolExecutor.java:1134)
        at java.util.concurrent.ThreadPoolExecutor$Worker.run(ThreadPoolExecutor.java:624)
        at java.lang.Thread.run(Thread.java:750)
"StaleRecoveringContainerScrubbingService#5" daemon prio=5 tid=949 in Object.wait()
java.lang.Thread.State: WAITING (on object monitor)
        at sun.misc.Unsafe.park(Native Method)
        at java.util.concurrent.locks.LockSupport.park(LockSupport.java:175)
        at java.util.concurrent.locks.AbstractQueuedSynchronizer$ConditionObject.await(AbstractQueuedSynchronizer.java:2039)
        at java.util.concurrent.ScheduledThreadPoolExecutor$DelayedWorkQueue.take(ScheduledThreadPoolExecutor.java:1088)
        at java.util.concurrent.ScheduledThreadPoolExecutor$DelayedWorkQueue.take(ScheduledThreadPoolExecutor.java:809)
        at java.util.concurrent.ThreadPoolExecutor.getTask(ThreadPoolExecutor.java:1074)
        at java.util.concurrent.ThreadPoolExecutor.runWorker(ThreadPoolExecutor.java:1134)
        at java.util.concurrent.ThreadPoolExecutor$Worker.run(ThreadPoolExecutor.java:624)
        at java.lang.Thread.run(Thread.java:750)
"prometheus" daemon prio=5 tid=118 in Object.wait()
java.lang.Thread.State: WAITING (on object monitor)
        at java.lang.Object.wait(Native Method)
        at java.lang.Object.wait(Object.java:502)
        at org.apache.hadoop.metrics2.impl.SinkQueue.waitForData(SinkQueue.java:114)
        at org.apache.hadoop.metrics2.impl.SinkQueue.consumeAll(SinkQueue.java:83)
        at org.apache.hadoop.metrics2.impl.MetricsSinkAdapter.publishMetricsFromQueue(MetricsSinkAdapter.java:135)
        at org.apache.hadoop.metrics2.impl.MetricsSinkAdapter$1.run(MetricsSinkAdapter.java:89)
"ChunkWriter-1-0" daemon prio=5 tid=374 in Object.wait()
java.lang.Thread.State: WAITING (on object monitor)
        at sun.misc.Unsafe.park(Native Method)
        at java.util.concurrent.locks.LockSupport.park(LockSupport.java:175)
        at java.util.concurrent.locks.AbstractQueuedSynchronizer$ConditionObject.await(AbstractQueuedSynchronizer.java:2039)
        at java.util.concurrent.LinkedBlockingDeque.takeFirst(LinkedBlockingDeque.java:492)
        at java.util.concurrent.LinkedBlockingDeque.take(LinkedBlockingDeque.java:680)
        at java.util.concurrent.ThreadPoolExecutor.getTask(ThreadPoolExecutor.java:1074)
        at java.util.concurrent.ThreadPoolExecutor.runWorker(ThreadPoolExecutor.java:1134)
        at java.util.concurrent.ThreadPoolExecutor$Worker.run(ThreadPoolExecutor.java:624)
        at java.lang.Thread.run(Thread.java:750)
"22174ed7-3438-44c1-87a9-382e0277420a@group-75780AEF7A1B-StateMachineUpdater" daemon prio=5 tid=615 timed_waiting
java.lang.Thread.State: TIMED_WAITING
        at sun.misc.Unsafe.park(Native Method)
        at java.util.concurrent.locks.LockSupport.parkNanos(LockSupport.java:215)
        at java.util.concurrent.locks.AbstractQueuedSynchronizer$ConditionObject.await(AbstractQueuedSynchronizer.java:2163)
        at org.apache.ratis.util.AwaitForSignal.await(AwaitForSignal.java:62)
        at org.apache.ratis.server.impl.StateMachineUpdater.waitForCommit(StateMachineUpdater.java:207)
        at org.apache.ratis.server.impl.StateMachineUpdater.run(StateMachineUpdater.java:176)
        at java.lang.Thread.run(Thread.java:750)
"IPC Server idle connection scanner for port 33549" daemon prio=5 tid=25 timed_waiting
java.lang.Thread.State: TIMED_WAITING
        at java.lang.Object.wait(Native Method)
        at java.util.TimerThread.mainLoop(Timer.java:552)
        at java.util.TimerThread.run(Timer.java:505)
"IPC Server handler 6 on default port 33951" daemon prio=5 tid=160 timed_waiting
java.lang.Thread.State: TIMED_WAITING
        at sun.misc.Unsafe.park(Native Method)
        at java.util.concurrent.locks.LockSupport.parkNanos(LockSupport.java:215)
        at java.util.concurrent.locks.AbstractQueuedSynchronizer$ConditionObject.awaitNanos(AbstractQueuedSynchronizer.java:2078)
        at java.util.concurrent.LinkedBlockingQueue.poll(LinkedBlockingQueue.java:467)
        at org.apache.hadoop.ipc.CallQueueManager.take(CallQueueManager.java:317)
        at org.apache.hadoop.ipc.Server$Handler.run(Server.java:2942)
"d09c218f-b416-45d6-bb77-0144cdedc1ff@group-AE8453F49D0B->e77b5d09-e15c-47d2-9906-1148d6692daf-GrpcLogAppender-LogAppenderDaemon" daemon prio=5 tid=935 timed_waiting
java.lang.Thread.State: TIMED_WAITING
        at sun.misc.Unsafe.park(Native Method)
        at java.util.concurrent.locks.LockSupport.parkNanos(LockSupport.java:215)
        at java.util.concurrent.locks.AbstractQueuedSynchronizer$ConditionObject.await(AbstractQueuedSynchronizer.java:2163)
        at org.apache.ratis.util.AwaitForSignal.await(AwaitForSignal.java:62)
        at org.apache.ratis.grpc.server.GrpcLogAppender.mayWait(GrpcLogAppender.java:198)
        at org.apache.ratis.grpc.server.GrpcLogAppender.run(GrpcLogAppender.java:148)
        at org.apache.ratis.server.leader.LogAppenderDaemon.run(LogAppenderDaemon.java:78)
        at org.apache.ratis.server.leader.LogAppenderDaemon$$Lambda$1079/1056695053.run(Unknown Source)
        at java.lang.Thread.run(Thread.java:750)
"qtp562342489-221" daemon prio=5 tid=221 timed_waiting
java.lang.Thread.State: TIMED_WAITING
        at sun.misc.Unsafe.park(Native Method)
        at java.util.concurrent.locks.LockSupport.parkNanos(LockSupport.java:215)
        at java.util.concurrent.locks.AbstractQueuedSynchronizer$ConditionObject.awaitNanos(AbstractQueuedSynchronizer.java:2078)
        at org.eclipse.jetty.util.BlockingArrayQueue.poll(BlockingArrayQueue.java:382)
        at org.eclipse.jetty.util.thread.QueuedThreadPool$Runner.idleJobPoll(QueuedThreadPool.java:974)
        at org.eclipse.jetty.util.thread.QueuedThreadPool$Runner.run(QueuedThreadPool.java:1018)
        at java.lang.Thread.run(Thread.java:750)
"StaleRecoveringContainerScrubbingService#4" daemon prio=5 tid=928 in Object.wait()
java.lang.Thread.State: WAITING (on object monitor)
        at sun.misc.Unsafe.park(Native Method)
        at java.util.concurrent.locks.LockSupport.park(LockSupport.java:175)
        at java.util.concurrent.locks.AbstractQueuedSynchronizer$ConditionObject.await(AbstractQueuedSynchronizer.java:2039)
        at java.util.concurrent.ScheduledThreadPoolExecutor$DelayedWorkQueue.take(ScheduledThreadPoolExecutor.java:1088)
        at java.util.concurrent.ScheduledThreadPoolExecutor$DelayedWorkQueue.take(ScheduledThreadPoolExecutor.java:809)
        at java.util.concurrent.ThreadPoolExecutor.getTask(ThreadPoolExecutor.java:1074)
        at java.util.concurrent.ThreadPoolExecutor.runWorker(ThreadPoolExecutor.java:1134)
        at java.util.concurrent.ThreadPoolExecutor$Worker.run(ThreadPoolExecutor.java:624)
        at java.lang.Thread.run(Thread.java:750)
"pool-267-thread-1"  prio=5 tid=668 in Object.wait()
java.lang.Thread.State: WAITING (on object monitor)
        at sun.misc.Unsafe.park(Native Method)
        at java.util.concurrent.locks.LockSupport.park(LockSupport.java:175)
        at java.util.concurrent.locks.AbstractQueuedSynchronizer$ConditionObject.await(AbstractQueuedSynchronizer.java:2039)
        at java.util.concurrent.LinkedBlockingQueue.take(LinkedBlockingQueue.java:442)
        at java.util.concurrent.ThreadPoolExecutor.getTask(ThreadPoolExecutor.java:1074)
        at java.util.concurrent.ThreadPoolExecutor.runWorker(ThreadPoolExecutor.java:1134)
        at java.util.concurrent.ThreadPoolExecutor$Worker.run(ThreadPoolExecutor.java:624)
        at java.lang.Thread.run(Thread.java:750)
"qtp1138657523-112" daemon prio=5 tid=112 timed_waiting
java.lang.Thread.State: TIMED_WAITING
        at sun.misc.Unsafe.park(Native Method)
        at java.util.concurrent.locks.LockSupport.parkNanos(LockSupport.java:215)
        at java.util.concurrent.locks.AbstractQueuedSynchronizer$ConditionObject.awaitNanos(AbstractQueuedSynchronizer.java:2078)
        at org.eclipse.jetty.util.BlockingArrayQueue.poll(BlockingArrayQueue.java:382)
        at org.eclipse.jetty.util.thread.QueuedThreadPool$Runner.idleJobPoll(QueuedThreadPool.java:974)
        at org.eclipse.jetty.util.thread.QueuedThreadPool$Runner.run(QueuedThreadPool.java:1018)
        at java.lang.Thread.run(Thread.java:750)
"ChunkWriter-0-0" daemon prio=5 tid=542 in Object.wait()
java.lang.Thread.State: WAITING (on object monitor)
        at sun.misc.Unsafe.park(Native Method)
        at java.util.concurrent.locks.LockSupport.park(LockSupport.java:175)
        at java.util.concurrent.locks.AbstractQueuedSynchronizer$ConditionObject.await(AbstractQueuedSynchronizer.java:2039)
        at java.util.concurrent.LinkedBlockingDeque.takeFirst(LinkedBlockingDeque.java:492)
        at java.util.concurrent.LinkedBlockingDeque.take(LinkedBlockingDeque.java:680)
        at java.util.concurrent.ThreadPoolExecutor.getTask(ThreadPoolExecutor.java:1074)
        at java.util.concurrent.ThreadPoolExecutor.runWorker(ThreadPoolExecutor.java:1134)
        at java.util.concurrent.ThreadPoolExecutor$Worker.run(ThreadPoolExecutor.java:624)
        at java.lang.Thread.run(Thread.java:750)
"Socket Reader #1 for port 0"  prio=5 tid=24 runnable
java.lang.Thread.State: RUNNABLE
        at sun.nio.ch.EPollArrayWrapper.epollWait(Native Method)
        at sun.nio.ch.EPollArrayWrapper.poll(EPollArrayWrapper.java:269)
        at sun.nio.ch.EPollSelectorImpl.doSelect(EPollSelectorImpl.java:93)
        at sun.nio.ch.SelectorImpl.lockAndDoSelect(SelectorImpl.java:86)
        at sun.nio.ch.SelectorImpl.select(SelectorImpl.java:97)
        at sun.nio.ch.SelectorImpl.select(SelectorImpl.java:101)
        at org.apache.hadoop.ipc.Server$Listener$Reader.doRunLoop(Server.java:1296)
        at org.apache.hadoop.ipc.Server$Listener$Reader.run(Server.java:1275)
"ExpiredContainerReplicaOpScrubberThread" daemon prio=5 tid=17 timed_waiting
java.lang.Thread.State: TIMED_WAITING
        at java.lang.Object.wait(Native Method)
        at org.apache.hadoop.hdds.scm.ha.BackgroundSCMService.run(BackgroundSCMService.java:110)
        at org.apache.hadoop.hdds.scm.ha.BackgroundSCMService$$Lambda$383/1880959833.run(Unknown Source)
        at java.lang.Thread.run(Thread.java:750)
"d09c218f-b416-45d6-bb77-0144cdedc1ff@group-C5ECEF351ECF-SegmentedRaftLogWorker"  prio=5 tid=685 timed_waiting
java.lang.Thread.State: TIMED_WAITING
        at sun.misc.Unsafe.park(Native Method)
        at java.util.concurrent.locks.LockSupport.parkNanos(LockSupport.java:215)
        at java.util.concurrent.locks.AbstractQueuedSynchronizer$ConditionObject.awaitNanos(AbstractQueuedSynchronizer.java:2078)
        at org.apache.ratis.util.DataBlockingQueue.poll(DataBlockingQueue.java:148)
        at org.apache.ratis.server.raftlog.segmented.SegmentedRaftLogWorker.run(SegmentedRaftLogWorker.java:312)
        at org.apache.ratis.server.raftlog.segmented.SegmentedRaftLogWorker$$Lambda$693/377063671.run(Unknown Source)
        at java.lang.Thread.run(Thread.java:750)
"Datanode ReportManager Thread - 1" daemon prio=5 tid=225 timed_waiting
java.lang.Thread.State: TIMED_WAITING
        at sun.misc.Unsafe.park(Native Method)
        at java.util.concurrent.locks.LockSupport.parkNanos(LockSupport.java:215)
        at java.util.concurrent.locks.AbstractQueuedSynchronizer$ConditionObject.awaitNanos(AbstractQueuedSynchronizer.java:2078)
        at java.util.concurrent.ScheduledThreadPoolExecutor$DelayedWorkQueue.take(ScheduledThreadPoolExecutor.java:1093)
        at java.util.concurrent.ScheduledThreadPoolExecutor$DelayedWorkQueue.take(ScheduledThreadPoolExecutor.java:809)
        at java.util.concurrent.ThreadPoolExecutor.getTask(ThreadPoolExecutor.java:1074)
        at java.util.concurrent.ThreadPoolExecutor.runWorker(ThreadPoolExecutor.java:1134)
        at java.util.concurrent.ThreadPoolExecutor$Worker.run(ThreadPoolExecutor.java:624)
        at java.lang.Thread.run(Thread.java:750)
"37be314e-42cf-4ee9-a18e-baad7075c611@group-4B191A258550-SegmentedRaftLogWorker"  prio=5 tid=603 timed_waiting
java.lang.Thread.State: TIMED_WAITING
        at sun.misc.Unsafe.park(Native Method)
        at java.util.concurrent.locks.LockSupport.parkNanos(LockSupport.java:215)
        at java.util.concurrent.locks.AbstractQueuedSynchronizer$ConditionObject.awaitNanos(AbstractQueuedSynchronizer.java:2078)
        at org.apache.ratis.util.DataBlockingQueue.poll(DataBlockingQueue.java:148)
        at org.apache.ratis.server.raftlog.segmented.SegmentedRaftLogWorker.run(SegmentedRaftLogWorker.java:312)
        at org.apache.ratis.server.raftlog.segmented.SegmentedRaftLogWorker$$Lambda$693/377063671.run(Unknown Source)
        at java.lang.Thread.run(Thread.java:750)
"Datanode ReportManager Thread - 0" daemon prio=5 tid=384 timed_waiting
java.lang.Thread.State: TIMED_WAITING
        at sun.misc.Unsafe.park(Native Method)
        at java.util.concurrent.locks.LockSupport.parkNanos(LockSupport.java:215)
        at java.util.concurrent.locks.AbstractQueuedSynchronizer$ConditionObject.awaitNanos(AbstractQueuedSynchronizer.java:2078)
        at java.util.concurrent.ScheduledThreadPoolExecutor$DelayedWorkQueue.take(ScheduledThreadPoolExecutor.java:1093)
        at java.util.concurrent.ScheduledThreadPoolExecutor$DelayedWorkQueue.take(ScheduledThreadPoolExecutor.java:809)
        at java.util.concurrent.ThreadPoolExecutor.getTask(ThreadPoolExecutor.java:1074)
        at java.util.concurrent.ThreadPoolExecutor.runWorker(ThreadPoolExecutor.java:1134)
        at java.util.concurrent.ThreadPoolExecutor$Worker.run(ThreadPoolExecutor.java:624)
        at java.lang.Thread.run(Thread.java:750)
"qtp1825348545-274" daemon prio=5 tid=274 timed_waiting
java.lang.Thread.State: TIMED_WAITING
        at sun.misc.Unsafe.park(Native Method)
        at java.util.concurrent.locks.LockSupport.parkNanos(LockSupport.java:215)
        at java.util.concurrent.locks.AbstractQueuedSynchronizer$ConditionObject.awaitNanos(AbstractQueuedSynchronizer.java:2078)
        at org.eclipse.jetty.util.BlockingArrayQueue.poll(BlockingArrayQueue.java:382)
        at org.eclipse.jetty.util.thread.QueuedThreadPool$Runner.idleJobPoll(QueuedThreadPool.java:974)
        at org.eclipse.jetty.util.thread.QueuedThreadPool$Runner.run(QueuedThreadPool.java:1018)
        at java.lang.Thread.run(Thread.java:750)
"org.apache.hadoop.ozone.container.common.statemachine.commandhandler.DeleteBlocksCommandHandler$DeleteCmdWorker@15ab7999" daemon prio=5 tid=483 timed_waiting
java.lang.Thread.State: TIMED_WAITING
        at java.lang.Thread.sleep(Native Method)
        at org.apache.hadoop.ozone.container.common.statemachine.commandhandler.DeleteBlocksCommandHandler$DeleteCmdWorker.run(DeleteBlocksCommandHandler.java:184)
        at java.lang.Thread.run(Thread.java:750)
"Datanode State Machine Task Thread - 0"  prio=5 tid=285 in Object.wait()
java.lang.Thread.State: WAITING (on object monitor)
        at sun.misc.Unsafe.park(Native Method)
        at java.util.concurrent.locks.LockSupport.park(LockSupport.java:175)
        at java.util.concurrent.locks.AbstractQueuedSynchronizer$ConditionObject.await(AbstractQueuedSynchronizer.java:2039)
        at java.util.concurrent.LinkedBlockingQueue.take(LinkedBlockingQueue.java:442)
        at java.util.concurrent.ThreadPoolExecutor.getTask(ThreadPoolExecutor.java:1074)
        at java.util.concurrent.ThreadPoolExecutor.runWorker(ThreadPoolExecutor.java:1134)
        at java.util.concurrent.ThreadPoolExecutor$Worker.run(ThreadPoolExecutor.java:624)
        at java.lang.Thread.run(Thread.java:750)
"IPC Server handler 19 on default port 33951" daemon prio=5 tid=173 timed_waiting
java.lang.Thread.State: TIMED_WAITING
        at sun.misc.Unsafe.park(Native Method)
        at java.util.concurrent.locks.LockSupport.parkNanos(LockSupport.java:215)
        at java.util.concurrent.locks.AbstractQueuedSynchronizer$ConditionObject.awaitNanos(AbstractQueuedSynchronizer.java:2078)
        at java.util.concurrent.LinkedBlockingQueue.poll(LinkedBlockingQueue.java:467)
        at org.apache.hadoop.ipc.CallQueueManager.take(CallQueueManager.java:317)
        at org.apache.hadoop.ipc.Server$Handler.run(Server.java:2942)
"IPC Server handler 15 on default port 33549" daemon prio=5 tid=101 timed_waiting
java.lang.Thread.State: TIMED_WAITING
        at sun.misc.Unsafe.park(Native Method)
        at java.util.concurrent.locks.LockSupport.parkNanos(LockSupport.java:215)
        at java.util.concurrent.locks.AbstractQueuedSynchronizer$ConditionObject.awaitNanos(AbstractQueuedSynchronizer.java:2078)
        at java.util.concurrent.LinkedBlockingQueue.poll(LinkedBlockingQueue.java:467)
        at org.apache.hadoop.ipc.CallQueueManager.take(CallQueueManager.java:317)
        at org.apache.hadoop.ipc.Server$Handler.run(Server.java:2942)
"StaleRecoveringContainerScrubbingService#5" daemon prio=5 tid=950 in Object.wait()
java.lang.Thread.State: WAITING (on object monitor)
        at sun.misc.Unsafe.park(Native Method)
        at java.util.concurrent.locks.LockSupport.park(LockSupport.java:175)
        at java.util.concurrent.locks.AbstractQueuedSynchronizer$ConditionObject.await(AbstractQueuedSynchronizer.java:2039)
        at java.util.concurrent.ScheduledThreadPoolExecutor$DelayedWorkQueue.take(ScheduledThreadPoolExecutor.java:1088)
        at java.util.concurrent.ScheduledThreadPoolExecutor$DelayedWorkQueue.take(ScheduledThreadPoolExecutor.java:809)
        at java.util.concurrent.ThreadPoolExecutor.getTask(ThreadPoolExecutor.java:1074)
        at java.util.concurrent.ThreadPoolExecutor.runWorker(ThreadPoolExecutor.java:1134)
        at java.util.concurrent.ThreadPoolExecutor$Worker.run(ThreadPoolExecutor.java:624)
        at java.lang.Thread.run(Thread.java:750)
"StaleRecoveringContainerScrubbingService#5" daemon prio=5 tid=946 in Object.wait()
java.lang.Thread.State: WAITING (on object monitor)
        at sun.misc.Unsafe.park(Native Method)
        at java.util.concurrent.locks.LockSupport.park(LockSupport.java:175)
        at java.util.concurrent.locks.AbstractQueuedSynchronizer$ConditionObject.await(AbstractQueuedSynchronizer.java:2039)
        at java.util.concurrent.ScheduledThreadPoolExecutor$DelayedWorkQueue.take(ScheduledThreadPoolExecutor.java:1088)
        at java.util.concurrent.ScheduledThreadPoolExecutor$DelayedWorkQueue.take(ScheduledThreadPoolExecutor.java:809)
        at java.util.concurrent.ThreadPoolExecutor.getTask(ThreadPoolExecutor.java:1074)
        at java.util.concurrent.ThreadPoolExecutor.runWorker(ThreadPoolExecutor.java:1134)
        at java.util.concurrent.ThreadPoolExecutor$Worker.run(ThreadPoolExecutor.java:624)
        at java.lang.Thread.run(Thread.java:750)
"qtp1788678692-243" daemon prio=5 tid=243 timed_waiting
java.lang.Thread.State: TIMED_WAITING
        at sun.misc.Unsafe.park(Native Method)
        at java.util.concurrent.locks.LockSupport.parkNanos(LockSupport.java:215)
        at java.util.concurrent.locks.AbstractQueuedSynchronizer$ConditionObject.awaitNanos(AbstractQueuedSynchronizer.java:2078)
        at org.eclipse.jetty.util.BlockingArrayQueue.poll(BlockingArrayQueue.java:382)
        at org.eclipse.jetty.util.thread.QueuedThreadPool$Runner.idleJobPoll(QueuedThreadPool.java:974)
        at org.eclipse.jetty.util.thread.QueuedThreadPool$Runner.run(QueuedThreadPool.java:1018)
        at java.lang.Thread.run(Thread.java:750)
"StaleRecoveringContainerScrubbingService#9" daemon prio=5 tid=993 in Object.wait()
java.lang.Thread.State: WAITING (on object monitor)
        at sun.misc.Unsafe.park(Native Method)
        at java.util.concurrent.locks.LockSupport.park(LockSupport.java:175)
        at java.util.concurrent.locks.AbstractQueuedSynchronizer$ConditionObject.await(AbstractQueuedSynchronizer.java:2039)
        at java.util.concurrent.ScheduledThreadPoolExecutor$DelayedWorkQueue.take(ScheduledThreadPoolExecutor.java:1088)
        at java.util.concurrent.ScheduledThreadPoolExecutor$DelayedWorkQueue.take(ScheduledThreadPoolExecutor.java:809)
        at java.util.concurrent.ThreadPoolExecutor.getTask(ThreadPoolExecutor.java:1074)
        at java.util.concurrent.ThreadPoolExecutor.runWorker(ThreadPoolExecutor.java:1134)
        at java.util.concurrent.ThreadPoolExecutor$Worker.run(ThreadPoolExecutor.java:624)
        at java.lang.Thread.run(Thread.java:750)
"StaleRecoveringContainerScrubbingService#2" daemon prio=5 tid=755 timed_waiting
java.lang.Thread.State: TIMED_WAITING
        at sun.misc.Unsafe.park(Native Method)
        at java.util.concurrent.locks.LockSupport.parkNanos(LockSupport.java:215)
        at java.util.concurrent.locks.AbstractQueuedSynchronizer$ConditionObject.awaitNanos(AbstractQueuedSynchronizer.java:2078)
        at java.util.concurrent.ScheduledThreadPoolExecutor$DelayedWorkQueue.take(ScheduledThreadPoolExecutor.java:1093)
        at java.util.concurrent.ScheduledThreadPoolExecutor$DelayedWorkQueue.take(ScheduledThreadPoolExecutor.java:809)
        at java.util.concurrent.ThreadPoolExecutor.getTask(ThreadPoolExecutor.java:1074)
        at java.util.concurrent.ThreadPoolExecutor.runWorker(ThreadPoolExecutor.java:1134)
        at java.util.concurrent.ThreadPoolExecutor$Worker.run(ThreadPoolExecutor.java:624)
        at java.lang.Thread.run(Thread.java:750)
"org.apache.hadoop.ozone.container.common.statemachine.commandhandler.DeleteBlocksCommandHandler$DeleteCmdWorker@4adc0631" daemon prio=5 tid=399 timed_waiting
java.lang.Thread.State: TIMED_WAITING
        at java.lang.Thread.sleep(Native Method)
        at org.apache.hadoop.ozone.container.common.statemachine.commandhandler.DeleteBlocksCommandHandler$DeleteCmdWorker.run(DeleteBlocksCommandHandler.java:184)
        at java.lang.Thread.run(Thread.java:750)
"IPC Server handler 5 on default port 33549" daemon prio=5 tid=91 timed_waiting
java.lang.Thread.State: TIMED_WAITING
        at sun.misc.Unsafe.park(Native Method)
        at java.util.concurrent.locks.LockSupport.parkNanos(LockSupport.java:215)
        at java.util.concurrent.locks.AbstractQueuedSynchronizer$ConditionObject.awaitNanos(AbstractQueuedSynchronizer.java:2078)
        at java.util.concurrent.LinkedBlockingQueue.poll(LinkedBlockingQueue.java:467)
        at org.apache.hadoop.ipc.CallQueueManager.take(CallQueueManager.java:317)
        at org.apache.hadoop.ipc.Server$Handler.run(Server.java:2942)
"IPC Server handler 2 on default port 42667" daemon prio=5 tid=48 timed_waiting
java.lang.Thread.State: TIMED_WAITING
        at sun.misc.Unsafe.park(Native Method)
        at java.util.concurrent.locks.LockSupport.parkNanos(LockSupport.java:215)
        at java.util.concurrent.locks.AbstractQueuedSynchronizer$ConditionObject.awaitNanos(AbstractQueuedSynchronizer.java:2078)
        at java.util.concurrent.LinkedBlockingQueue.poll(LinkedBlockingQueue.java:467)
        at org.apache.hadoop.ipc.CallQueueManager.take(CallQueueManager.java:317)
        at org.apache.hadoop.ipc.Server$Handler.run(Server.java:2942)
"StaleRecoveringContainerScrubbingService#9" daemon prio=5 tid=996 in Object.wait()
java.lang.Thread.State: WAITING (on object monitor)
        at sun.misc.Unsafe.park(Native Method)
        at java.util.concurrent.locks.LockSupport.park(LockSupport.java:175)
        at java.util.concurrent.locks.AbstractQueuedSynchronizer$ConditionObject.await(AbstractQueuedSynchronizer.java:2039)
        at java.util.concurrent.ScheduledThreadPoolExecutor$DelayedWorkQueue.take(ScheduledThreadPoolExecutor.java:1088)
        at java.util.concurrent.ScheduledThreadPoolExecutor$DelayedWorkQueue.take(ScheduledThreadPoolExecutor.java:809)
        at java.util.concurrent.ThreadPoolExecutor.getTask(ThreadPoolExecutor.java:1074)
        at java.util.concurrent.ThreadPoolExecutor.runWorker(ThreadPoolExecutor.java:1134)
        at java.util.concurrent.ThreadPoolExecutor$Worker.run(ThreadPoolExecutor.java:624)
        at java.lang.Thread.run(Thread.java:750)
"EndpointStateMachine task thread for /0.0.0.0:33549 - 0 "  prio=5 tid=411 in Object.wait()
java.lang.Thread.State: WAITING (on object monitor)
        at sun.misc.Unsafe.park(Native Method)
        at java.util.concurrent.locks.LockSupport.park(LockSupport.java:175)
        at java.util.concurrent.locks.AbstractQueuedSynchronizer$ConditionObject.await(AbstractQueuedSynchronizer.java:2039)
        at java.util.concurrent.LinkedBlockingQueue.take(LinkedBlockingQueue.java:442)
        at java.util.concurrent.ThreadPoolExecutor.getTask(ThreadPoolExecutor.java:1074)
        at java.util.concurrent.ThreadPoolExecutor.runWorker(ThreadPoolExecutor.java:1134)
        at java.util.concurrent.ThreadPoolExecutor$Worker.run(ThreadPoolExecutor.java:624)
        at java.lang.Thread.run(Thread.java:750)
"e77b5d09-e15c-47d2-9906-1148d6692daf@group-C5ECEF351ECF-StateMachineUpdater" daemon prio=5 tid=683 timed_waiting
java.lang.Thread.State: TIMED_WAITING
        at sun.misc.Unsafe.park(Native Method)
        at java.util.concurrent.locks.LockSupport.parkNanos(LockSupport.java:215)
        at java.util.concurrent.locks.AbstractQueuedSynchronizer$ConditionObject.await(AbstractQueuedSynchronizer.java:2163)
        at org.apache.ratis.util.AwaitForSignal.await(AwaitForSignal.java:62)
        at org.apache.ratis.server.impl.StateMachineUpdater.waitForCommit(StateMachineUpdater.java:207)
        at org.apache.ratis.server.impl.StateMachineUpdater.run(StateMachineUpdater.java:176)
        at java.lang.Thread.run(Thread.java:750)
"pool-233-thread-1" daemon prio=5 tid=395 timed_waiting
java.lang.Thread.State: TIMED_WAITING
        at sun.misc.Unsafe.park(Native Method)
        at java.util.concurrent.locks.LockSupport.parkNanos(LockSupport.java:215)
        at java.util.concurrent.locks.AbstractQueuedSynchronizer$ConditionObject.awaitNanos(AbstractQueuedSynchronizer.java:2078)
        at java.util.concurrent.ScheduledThreadPoolExecutor$DelayedWorkQueue.take(ScheduledThreadPoolExecutor.java:1093)
        at java.util.concurrent.ScheduledThreadPoolExecutor$DelayedWorkQueue.take(ScheduledThreadPoolExecutor.java:809)
        at java.util.concurrent.ThreadPoolExecutor.getTask(ThreadPoolExecutor.java:1074)
        at java.util.concurrent.ThreadPoolExecutor.runWorker(ThreadPoolExecutor.java:1134)
        at java.util.concurrent.ThreadPoolExecutor$Worker.run(ThreadPoolExecutor.java:624)
        at java.lang.Thread.run(Thread.java:750)
"IPC Server handler 16 on default port 33549" daemon prio=5 tid=102 timed_waiting
java.lang.Thread.State: TIMED_WAITING
        at sun.misc.Unsafe.park(Native Method)
        at java.util.concurrent.locks.LockSupport.parkNanos(LockSupport.java:215)
        at java.util.concurrent.locks.AbstractQueuedSynchronizer$ConditionObject.awaitNanos(AbstractQueuedSynchronizer.java:2078)
        at java.util.concurrent.LinkedBlockingQueue.poll(LinkedBlockingQueue.java:467)
        at org.apache.hadoop.ipc.CallQueueManager.take(CallQueueManager.java:317)
        at org.apache.hadoop.ipc.Server$Handler.run(Server.java:2942)
"org.apache.hadoop.util.JvmPauseMonitor$Monitor@45ecbc9a" daemon prio=5 tid=230 timed_waiting
java.lang.Thread.State: TIMED_WAITING
        at java.lang.Thread.sleep(Native Method)
        at org.apache.hadoop.util.JvmPauseMonitor$Monitor.run(JvmPauseMonitor.java:192)
        at java.lang.Thread.run(Thread.java:750)
"qtp253998981-185" daemon prio=5 tid=185 runnable
java.lang.Thread.State: RUNNABLE
        at sun.nio.ch.EPollArrayWrapper.epollWait(Native Method)
        at sun.nio.ch.EPollArrayWrapper.poll(EPollArrayWrapper.java:269)
        at sun.nio.ch.EPollSelectorImpl.doSelect(EPollSelectorImpl.java:93)
        at sun.nio.ch.SelectorImpl.lockAndDoSelect(SelectorImpl.java:86)
        at sun.nio.ch.SelectorImpl.select(SelectorImpl.java:97)
        at sun.nio.ch.SelectorImpl.select(SelectorImpl.java:101)
        at org.eclipse.jetty.io.ManagedSelector.nioSelect(ManagedSelector.java:183)
        at org.eclipse.jetty.io.ManagedSelector.select(ManagedSelector.java:190)
        at org.eclipse.jetty.io.ManagedSelector$SelectorProducer.select(ManagedSelector.java:606)
        at org.eclipse.jetty.io.ManagedSelector$SelectorProducer.produce(ManagedSelector.java:543)
        at org.eclipse.jetty.util.thread.strategy.EatWhatYouKill.produceTask(EatWhatYouKill.java:362)
        at org.eclipse.jetty.util.thread.strategy.EatWhatYouKill.doProduce(EatWhatYouKill.java:186)
        at org.eclipse.jetty.util.thread.strategy.EatWhatYouKill.tryProduce(EatWhatYouKill.java:173)
        at org.eclipse.jetty.util.thread.strategy.EatWhatYouKill.produce(EatWhatYouKill.java:137)
        at org.eclipse.jetty.io.ManagedSelector$$Lambda$453/347035587.run(Unknown Source)
        at org.eclipse.jetty.util.thread.QueuedThreadPool.runJob(QueuedThreadPool.java:883)
        at org.eclipse.jetty.util.thread.QueuedThreadPool$Runner.run(QueuedThreadPool.java:1034)
        at java.lang.Thread.run(Thread.java:750)
"ChunkWriter-1-0" daemon prio=5 tid=452 in Object.wait()
java.lang.Thread.State: WAITING (on object monitor)
        at sun.misc.Unsafe.park(Native Method)
        at java.util.concurrent.locks.LockSupport.park(LockSupport.java:175)
        at java.util.concurrent.locks.AbstractQueuedSynchronizer$ConditionObject.await(AbstractQueuedSynchronizer.java:2039)
        at java.util.concurrent.LinkedBlockingDeque.takeFirst(LinkedBlockingDeque.java:492)
        at java.util.concurrent.LinkedBlockingDeque.take(LinkedBlockingDeque.java:680)
        at java.util.concurrent.ThreadPoolExecutor.getTask(ThreadPoolExecutor.java:1074)
        at java.util.concurrent.ThreadPoolExecutor.runWorker(ThreadPoolExecutor.java:1134)
        at java.util.concurrent.ThreadPoolExecutor$Worker.run(ThreadPoolExecutor.java:624)
        at java.lang.Thread.run(Thread.java:750)
"IPC Server listener on 0" daemon prio=5 tid=27 runnable
java.lang.Thread.State: RUNNABLE
        at sun.nio.ch.EPollArrayWrapper.epollWait(Native Method)
        at sun.nio.ch.EPollArrayWrapper.poll(EPollArrayWrapper.java:269)
        at sun.nio.ch.EPollSelectorImpl.doSelect(EPollSelectorImpl.java:93)
        at sun.nio.ch.SelectorImpl.lockAndDoSelect(SelectorImpl.java:86)
        at sun.nio.ch.SelectorImpl.select(SelectorImpl.java:97)
        at sun.nio.ch.SelectorImpl.select(SelectorImpl.java:101)
        at org.apache.hadoop.ipc.Server$Listener.run(Server.java:1358)
"StaleRecoveringContainerScrubbingService#4" daemon prio=5 tid=942 in Object.wait()
java.lang.Thread.State: WAITING (on object monitor)
        at sun.misc.Unsafe.park(Native Method)
        at java.util.concurrent.locks.LockSupport.park(LockSupport.java:175)
        at java.util.concurrent.locks.AbstractQueuedSynchronizer$ConditionObject.await(AbstractQueuedSynchronizer.java:2039)
        at java.util.concurrent.ScheduledThreadPoolExecutor$DelayedWorkQueue.take(ScheduledThreadPoolExecutor.java:1088)
        at java.util.concurrent.ScheduledThreadPoolExecutor$DelayedWorkQueue.take(ScheduledThreadPoolExecutor.java:809)
        at java.util.concurrent.ThreadPoolExecutor.getTask(ThreadPoolExecutor.java:1074)
        at java.util.concurrent.ThreadPoolExecutor.runWorker(ThreadPoolExecutor.java:1134)
        at java.util.concurrent.ThreadPoolExecutor$Worker.run(ThreadPoolExecutor.java:624)
        at java.lang.Thread.run(Thread.java:750)
"BlockDeletingService#2" daemon prio=5 tid=968 in Object.wait()
java.lang.Thread.State: WAITING (on object monitor)
        at sun.misc.Unsafe.park(Native Method)
        at java.util.concurrent.locks.LockSupport.park(LockSupport.java:175)
        at java.util.concurrent.locks.AbstractQueuedSynchronizer$ConditionObject.await(AbstractQueuedSynchronizer.java:2039)
        at java.util.concurrent.ScheduledThreadPoolExecutor$DelayedWorkQueue.take(ScheduledThreadPoolExecutor.java:1088)
        at java.util.concurrent.ScheduledThreadPoolExecutor$DelayedWorkQueue.take(ScheduledThreadPoolExecutor.java:809)
        at java.util.concurrent.ThreadPoolExecutor.getTask(ThreadPoolExecutor.java:1074)
        at java.util.concurrent.ThreadPoolExecutor.runWorker(ThreadPoolExecutor.java:1134)
        at java.util.concurrent.ThreadPoolExecutor$Worker.run(ThreadPoolExecutor.java:624)
        at java.lang.Thread.run(Thread.java:750)
"Datanode ReportManager Thread - 0" daemon prio=5 tid=462 timed_waiting
java.lang.Thread.State: TIMED_WAITING
        at sun.misc.Unsafe.park(Native Method)
        at java.util.concurrent.locks.LockSupport.parkNanos(LockSupport.java:215)
        at java.util.concurrent.locks.AbstractQueuedSynchronizer$ConditionObject.awaitNanos(AbstractQueuedSynchronizer.java:2078)
        at java.util.concurrent.ScheduledThreadPoolExecutor$DelayedWorkQueue.take(ScheduledThreadPoolExecutor.java:1093)
        at java.util.concurrent.ScheduledThreadPoolExecutor$DelayedWorkQueue.take(ScheduledThreadPoolExecutor.java:809)
        at java.util.concurrent.ThreadPoolExecutor.getTask(ThreadPoolExecutor.java:1074)
        at java.util.concurrent.ThreadPoolExecutor.runWorker(ThreadPoolExecutor.java:1134)
        at java.util.concurrent.ThreadPoolExecutor$Worker.run(ThreadPoolExecutor.java:624)
        at java.lang.Thread.run(Thread.java:750)
"StaleRecoveringContainerScrubbingService#5" daemon prio=5 tid=947 in Object.wait()
java.lang.Thread.State: WAITING (on object monitor)
        at sun.misc.Unsafe.park(Native Method)
        at java.util.concurrent.locks.LockSupport.park(LockSupport.java:175)
        at java.util.concurrent.locks.AbstractQueuedSynchronizer$ConditionObject.await(AbstractQueuedSynchronizer.java:2039)
        at java.util.concurrent.ScheduledThreadPoolExecutor$DelayedWorkQueue.take(ScheduledThreadPoolExecutor.java:1088)
        at java.util.concurrent.ScheduledThreadPoolExecutor$DelayedWorkQueue.take(ScheduledThreadPoolExecutor.java:809)
        at java.util.concurrent.ThreadPoolExecutor.getTask(ThreadPoolExecutor.java:1074)
        at java.util.concurrent.ThreadPoolExecutor.runWorker(ThreadPoolExecutor.java:1134)
        at java.util.concurrent.ThreadPoolExecutor$Worker.run(ThreadPoolExecutor.java:624)
        at java.lang.Thread.run(Thread.java:750)
"Datanode State Machine Daemon Thread" daemon prio=5 tid=250 timed_waiting
java.lang.Thread.State: TIMED_WAITING
        at java.lang.Thread.sleep(Native Method)
        at org.apache.hadoop.ozone.container.common.statemachine.DatanodeStateMachine.startStateMachineThread(DatanodeStateMachine.java:324)
        at org.apache.hadoop.ozone.container.common.statemachine.DatanodeStateMachine.lambda$startDaemon$0(DatanodeStateMachine.java:509)
        at org.apache.hadoop.ozone.container.common.statemachine.DatanodeStateMachine$$Lambda$782/807019219.run(Unknown Source)
        at java.lang.Thread.run(Thread.java:750)
"Periodic HDDS volume checker" daemon prio=5 tid=260 timed_waiting
java.lang.Thread.State: TIMED_WAITING
        at sun.misc.Unsafe.park(Native Method)
        at java.util.concurrent.locks.LockSupport.parkNanos(LockSupport.java:215)
        at java.util.concurrent.locks.AbstractQueuedSynchronizer$ConditionObject.awaitNanos(AbstractQueuedSynchronizer.java:2078)
        at java.util.concurrent.ScheduledThreadPoolExecutor$DelayedWorkQueue.take(ScheduledThreadPoolExecutor.java:1093)
        at java.util.concurrent.ScheduledThreadPoolExecutor$DelayedWorkQueue.take(ScheduledThreadPoolExecutor.java:809)
        at java.util.concurrent.ThreadPoolExecutor.getTask(ThreadPoolExecutor.java:1074)
        at java.util.concurrent.ThreadPoolExecutor.runWorker(ThreadPoolExecutor.java:1134)
        at java.util.concurrent.ThreadPoolExecutor$Worker.run(ThreadPoolExecutor.java:624)
        at java.lang.Thread.run(Thread.java:750)
"IPC Server handler 1 on default port 33951" daemon prio=5 tid=155 timed_waiting
java.lang.Thread.State: TIMED_WAITING
        at sun.misc.Unsafe.park(Native Method)
        at java.util.concurrent.locks.LockSupport.parkNanos(LockSupport.java:215)
        at java.util.concurrent.locks.AbstractQueuedSynchronizer$ConditionObject.awaitNanos(AbstractQueuedSynchronizer.java:2078)
        at java.util.concurrent.LinkedBlockingQueue.poll(LinkedBlockingQueue.java:467)
        at org.apache.hadoop.ipc.CallQueueManager.take(CallQueueManager.java:317)
        at org.apache.hadoop.ipc.Server$Handler.run(Server.java:2942)
"Periodic HDDS volume checker" daemon prio=5 tid=432 timed_waiting
java.lang.Thread.State: TIMED_WAITING
        at sun.misc.Unsafe.park(Native Method)
        at java.util.concurrent.locks.LockSupport.parkNanos(LockSupport.java:215)
        at java.util.concurrent.locks.AbstractQueuedSynchronizer$ConditionObject.awaitNanos(AbstractQueuedSynchronizer.java:2078)
        at java.util.concurrent.ScheduledThreadPoolExecutor$DelayedWorkQueue.take(ScheduledThreadPoolExecutor.java:1093)
        at java.util.concurrent.ScheduledThreadPoolExecutor$DelayedWorkQueue.take(ScheduledThreadPoolExecutor.java:809)
        at java.util.concurrent.ThreadPoolExecutor.getTask(ThreadPoolExecutor.java:1074)
        at java.util.concurrent.ThreadPoolExecutor.runWorker(ThreadPoolExecutor.java:1134)
        at java.util.concurrent.ThreadPoolExecutor$Worker.run(ThreadPoolExecutor.java:624)
        at java.lang.Thread.run(Thread.java:750)
"qtp87717446-402-acceptor-0@1b802efb-ServerConnector@283d515e{HTTP/1.1, (http/1.1)}{0.0.0.0:36333}" daemon prio=3 tid=402 runnable
java.lang.Thread.State: RUNNABLE
        at sun.nio.ch.ServerSocketChannelImpl.accept0(Native Method)
        at sun.nio.ch.ServerSocketChannelImpl.accept(ServerSocketChannelImpl.java:421)
        at sun.nio.ch.ServerSocketChannelImpl.accept(ServerSocketChannelImpl.java:249)
        at org.eclipse.jetty.server.ServerConnector.accept(ServerConnector.java:388)
        at org.eclipse.jetty.server.AbstractConnector$Acceptor.run(AbstractConnector.java:704)
        at org.eclipse.jetty.util.thread.QueuedThreadPool.runJob(QueuedThreadPool.java:883)
        at org.eclipse.jetty.util.thread.QueuedThreadPool$Runner.run(QueuedThreadPool.java:1034)
        at java.lang.Thread.run(Thread.java:750)
"ChunkWriter-3-0" daemon prio=5 tid=571 in Object.wait()
java.lang.Thread.State: WAITING (on object monitor)
        at sun.misc.Unsafe.park(Native Method)
        at java.util.concurrent.locks.LockSupport.park(LockSupport.java:175)
        at java.util.concurrent.locks.AbstractQueuedSynchronizer$ConditionObject.await(AbstractQueuedSynchronizer.java:2039)
        at java.util.concurrent.LinkedBlockingDeque.takeFirst(LinkedBlockingDeque.java:492)
        at java.util.concurrent.LinkedBlockingDeque.take(LinkedBlockingDeque.java:680)
        at java.util.concurrent.ThreadPoolExecutor.getTask(ThreadPoolExecutor.java:1074)
        at java.util.concurrent.ThreadPoolExecutor.runWorker(ThreadPoolExecutor.java:1134)
        at java.util.concurrent.ThreadPoolExecutor$Worker.run(ThreadPoolExecutor.java:624)
        at java.lang.Thread.run(Thread.java:750)
"d09c218f-b416-45d6-bb77-0144cdedc1ff@group-AE8453F49D0B-SegmentedRaftLogWorker"  prio=5 tid=669 timed_waiting
java.lang.Thread.State: TIMED_WAITING
        at sun.misc.Unsafe.park(Native Method)
        at java.util.concurrent.locks.LockSupport.parkNanos(LockSupport.java:215)
        at java.util.concurrent.locks.AbstractQueuedSynchronizer$ConditionObject.awaitNanos(AbstractQueuedSynchronizer.java:2078)
        at org.apache.ratis.util.DataBlockingQueue.poll(DataBlockingQueue.java:148)
        at org.apache.ratis.server.raftlog.segmented.SegmentedRaftLogWorker.run(SegmentedRaftLogWorker.java:312)
        at org.apache.ratis.server.raftlog.segmented.SegmentedRaftLogWorker$$Lambda$693/377063671.run(Unknown Source)
        at java.lang.Thread.run(Thread.java:750)
"51369307-b0de-40aa-9d6f-41f84e1cecb7-server-thread3" daemon prio=5 tid=794 timed_waiting
java.lang.Thread.State: TIMED_WAITING
        at sun.misc.Unsafe.park(Native Method)
        at java.util.concurrent.locks.LockSupport.parkNanos(LockSupport.java:215)
        at java.util.concurrent.SynchronousQueue$TransferStack.awaitFulfill(SynchronousQueue.java:460)
        at java.util.concurrent.SynchronousQueue$TransferStack.transfer(SynchronousQueue.java:362)
        at java.util.concurrent.SynchronousQueue.poll(SynchronousQueue.java:941)
        at java.util.concurrent.ThreadPoolExecutor.getTask(ThreadPoolExecutor.java:1073)
        at java.util.concurrent.ThreadPoolExecutor.runWorker(ThreadPoolExecutor.java:1134)
        at java.util.concurrent.ThreadPoolExecutor$Worker.run(ThreadPoolExecutor.java:624)
        at java.lang.Thread.run(Thread.java:750)
"51369307-b0de-40aa-9d6f-41f84e1cecb7@group-3A95A1098BC4-LeaderStateImpl" daemon prio=5 tid=764 timed_waiting
java.lang.Thread.State: TIMED_WAITING
        at sun.misc.Unsafe.park(Native Method)
        at java.util.concurrent.locks.LockSupport.parkNanos(LockSupport.java:215)
        at java.util.concurrent.locks.AbstractQueuedSynchronizer$ConditionObject.awaitNanos(AbstractQueuedSynchronizer.java:2078)
        at java.util.concurrent.ArrayBlockingQueue.poll(ArrayBlockingQueue.java:418)
        at org.apache.ratis.server.impl.LeaderStateImpl$EventQueue.poll(LeaderStateImpl.java:159)
        at org.apache.ratis.server.impl.LeaderStateImpl$EventProcessor.run(LeaderStateImpl.java:630)
"StaleRecoveringContainerScrubbingService#7" daemon prio=5 tid=975 in Object.wait()
java.lang.Thread.State: WAITING (on object monitor)
        at sun.misc.Unsafe.park(Native Method)
        at java.util.concurrent.locks.LockSupport.park(LockSupport.java:175)
        at java.util.concurrent.locks.AbstractQueuedSynchronizer$ConditionObject.await(AbstractQueuedSynchronizer.java:2039)
        at java.util.concurrent.ScheduledThreadPoolExecutor$DelayedWorkQueue.take(ScheduledThreadPoolExecutor.java:1088)
        at java.util.concurrent.ScheduledThreadPoolExecutor$DelayedWorkQueue.take(ScheduledThreadPoolExecutor.java:809)
        at java.util.concurrent.ThreadPoolExecutor.getTask(ThreadPoolExecutor.java:1074)
        at java.util.concurrent.ThreadPoolExecutor.runWorker(ThreadPoolExecutor.java:1134)
        at java.util.concurrent.ThreadPoolExecutor$Worker.run(ThreadPoolExecutor.java:624)
        at java.lang.Thread.run(Thread.java:750)
"StaleRecoveringContainerScrubbingService#6" daemon prio=5 tid=959 in Object.wait()
java.lang.Thread.State: WAITING (on object monitor)
        at sun.misc.Unsafe.park(Native Method)
        at java.util.concurrent.locks.LockSupport.park(LockSupport.java:175)
        at java.util.concurrent.locks.AbstractQueuedSynchronizer$ConditionObject.await(AbstractQueuedSynchronizer.java:2039)
        at java.util.concurrent.ScheduledThreadPoolExecutor$DelayedWorkQueue.take(ScheduledThreadPoolExecutor.java:1088)
        at java.util.concurrent.ScheduledThreadPoolExecutor$DelayedWorkQueue.take(ScheduledThreadPoolExecutor.java:809)
        at java.util.concurrent.ThreadPoolExecutor.getTask(ThreadPoolExecutor.java:1074)
        at java.util.concurrent.ThreadPoolExecutor.runWorker(ThreadPoolExecutor.java:1134)
        at java.util.concurrent.ThreadPoolExecutor$Worker.run(ThreadPoolExecutor.java:624)
        at java.lang.Thread.run(Thread.java:750)
"StaleRecoveringContainerScrubbingService#2" daemon prio=5 tid=759 timed_waiting
java.lang.Thread.State: TIMED_WAITING
        at sun.misc.Unsafe.park(Native Method)
        at java.util.concurrent.locks.LockSupport.parkNanos(LockSupport.java:215)
        at java.util.concurrent.locks.AbstractQueuedSynchronizer$ConditionObject.awaitNanos(AbstractQueuedSynchronizer.java:2078)
        at java.util.concurrent.ScheduledThreadPoolExecutor$DelayedWorkQueue.take(ScheduledThreadPoolExecutor.java:1093)
        at java.util.concurrent.ScheduledThreadPoolExecutor$DelayedWorkQueue.take(ScheduledThreadPoolExecutor.java:809)
        at java.util.concurrent.ThreadPoolExecutor.getTask(ThreadPoolExecutor.java:1074)
        at java.util.concurrent.ThreadPoolExecutor.runWorker(ThreadPoolExecutor.java:1134)
        at java.util.concurrent.ThreadPoolExecutor$Worker.run(ThreadPoolExecutor.java:624)
        at java.lang.Thread.run(Thread.java:750)


	at org.apache.ozone.test.GenericTestUtils.waitFor(GenericTestUtils.java:231)
	at org.apache.hadoop.ozone.container.TestECContainerRecovery.waitForContainerCount(TestECContainerRecovery.java:387)
	at org.apache.hadoop.ozone.container.TestECContainerRecovery.testContainerRecoveryOverReplicationProcessing(TestECContainerRecovery.java:238)
	at sun.reflect.NativeMethodAccessorImpl.invoke0(Native Method)
	at sun.reflect.NativeMethodAccessorImpl.invoke(NativeMethodAccessorImpl.java:62)
	at sun.reflect.DelegatingMethodAccessorImpl.invoke(DelegatingMethodAccessorImpl.java:43)
	at java.lang.reflect.Method.invoke(Method.java:498)
	at org.junit.platform.commons.util.ReflectionUtils.invokeMethod(ReflectionUtils.java:725)
	at org.junit.jupiter.engine.execution.MethodInvocation.proceed(MethodInvocation.java:60)
	at org.junit.jupiter.engine.execution.InvocationInterceptorChain$ValidatingInvocation.proceed(InvocationInterceptorChain.java:131)
	at org.junit.jupiter.engine.extension.TimeoutExtension.intercept(TimeoutExtension.java:149)
	at org.junit.jupiter.engine.extension.TimeoutExtension.interceptTestableMethod(TimeoutExtension.java:140)
	at org.junit.jupiter.engine.extension.TimeoutExtension.interceptTestMethod(TimeoutExtension.java:84)
	at org.junit.jupiter.engine.execution.ExecutableInvoker$ReflectiveInterceptorCall.lambda$ofVoidMethod$0(ExecutableInvoker.java:115)
	at org.junit.jupiter.engine.execution.ExecutableInvoker.lambda$invoke$0(ExecutableInvoker.java:105)
	at org.junit.jupiter.engine.execution.InvocationInterceptorChain$InterceptedInvocation.proceed(InvocationInterceptorChain.java:106)
	at org.junit.jupiter.engine.execution.InvocationInterceptorChain.proceed(InvocationInterceptorChain.java:64)
	at org.junit.jupiter.engine.execution.InvocationInterceptorChain.chainAndInvoke(InvocationInterceptorChain.java:45)
	at org.junit.jupiter.engine.execution.InvocationInterceptorChain.invoke(InvocationInterceptorChain.java:37)
	at org.junit.jupiter.engine.execution.ExecutableInvoker.invoke(ExecutableInvoker.java:104)
	at org.junit.jupiter.engine.execution.ExecutableInvoker.invoke(ExecutableInvoker.java:98)
	at org.junit.jupiter.engine.descriptor.TestMethodTestDescriptor.lambda$invokeTestMethod$7(TestMethodTestDescriptor.java:214)
	at org.junit.platform.engine.support.hierarchical.ThrowableCollector.execute(ThrowableCollector.java:73)
	at org.junit.jupiter.engine.descriptor.TestMethodTestDescriptor.invokeTestMethod(TestMethodTestDescriptor.java:210)
	at org.junit.jupiter.engine.descriptor.TestMethodTestDescriptor.execute(TestMethodTestDescriptor.java:135)
	at org.junit.jupiter.engine.descriptor.TestMethodTestDescriptor.execute(TestMethodTestDescriptor.java:66)
	at org.junit.platform.engine.support.hierarchical.NodeTestTask.lambda$executeRecursively$6(NodeTestTask.java:151)
	at org.junit.platform.engine.support.hierarchical.ThrowableCollector.execute(ThrowableCollector.java:73)
	at org.junit.platform.engine.support.hierarchical.NodeTestTask.lambda$executeRecursively$8(NodeTestTask.java:141)
	at org.junit.platform.engine.support.hierarchical.Node.around(Node.java:137)
	at org.junit.platform.engine.support.hierarchical.NodeTestTask.lambda$executeRecursively$9(NodeTestTask.java:139)
	at org.junit.platform.engine.support.hierarchical.ThrowableCollector.execute(ThrowableCollector.java:73)
	at org.junit.platform.engine.support.hierarchical.NodeTestTask.executeRecursively(NodeTestTask.java:138)
	at org.junit.platform.engine.support.hierarchical.NodeTestTask.execute(NodeTestTask.java:95)
	at java.util.ArrayList.forEach(ArrayList.java:1259)
	at org.junit.platform.engine.support.hierarchical.SameThreadHierarchicalTestExecutorService.invokeAll(SameThreadHierarchicalTestExecutorService.java:41)
	at org.junit.platform.engine.support.hierarchical.NodeTestTask.lambda$executeRecursively$6(NodeTestTask.java:155)
	at org.junit.platform.engine.support.hierarchical.ThrowableCollector.execute(ThrowableCollector.java:73)
	at org.junit.platform.engine.support.hierarchical.NodeTestTask.lambda$executeRecursively$8(NodeTestTask.java:141)
	at org.junit.platform.engine.support.hierarchical.Node.around(Node.java:137)
	at org.junit.platform.engine.support.hierarchical.NodeTestTask.lambda$executeRecursively$9(NodeTestTask.java:139)
	at org.junit.platform.engine.support.hierarchical.ThrowableCollector.execute(ThrowableCollector.java:73)
	at org.junit.platform.engine.support.hierarchical.NodeTestTask.executeRecursively(NodeTestTask.java:138)
	at org.junit.platform.engine.support.hierarchical.NodeTestTask.execute(NodeTestTask.java:95)
	at java.util.ArrayList.forEach(ArrayList.java:1259)
	at org.junit.platform.engine.support.hierarchical.SameThreadHierarchicalTestExecutorService.invokeAll(SameThreadHierarchicalTestExecutorService.java:41)
	at org.junit.platform.engine.support.hierarchical.NodeTestTask.lambda$executeRecursively$6(NodeTestTask.java:155)
	at org.junit.platform.engine.support.hierarchical.ThrowableCollector.execute(ThrowableCollector.java:73)
	at org.junit.platform.engine.support.hierarchical.NodeTestTask.lambda$executeRecursively$8(NodeTestTask.java:141)
	at org.junit.platform.engine.support.hierarchical.Node.around(Node.java:137)
	at org.junit.platform.engine.support.hierarchical.NodeTestTask.lambda$executeRecursively$9(NodeTestTask.java:139)
	at org.junit.platform.engine.support.hierarchical.ThrowableCollector.execute(ThrowableCollector.java:73)
	at org.junit.platform.engine.support.hierarchical.NodeTestTask.executeRecursively(NodeTestTask.java:138)
	at org.junit.platform.engine.support.hierarchical.NodeTestTask.execute(NodeTestTask.java:95)
	at org.junit.platform.engine.support.hierarchical.SameThreadHierarchicalTestExecutorService.submit(SameThreadHierarchicalTestExecutorService.java:35)
	at org.junit.platform.engine.support.hierarchical.HierarchicalTestExecutor.execute(HierarchicalTestExecutor.java:57)
	at org.junit.platform.engine.support.hierarchical.HierarchicalTestEngine.execute(HierarchicalTestEngine.java:54)
	at org.junit.platform.launcher.core.EngineExecutionOrchestrator.execute(EngineExecutionOrchestrator.java:107)
	at org.junit.platform.launcher.core.EngineExecutionOrchestrator.execute(EngineExecutionOrchestrator.java:88)
	at org.junit.platform.launcher.core.EngineExecutionOrchestrator.lambda$execute$0(EngineExecutionOrchestrator.java:54)
	at org.junit.platform.launcher.core.EngineExecutionOrchestrator.withInterceptedStreams(EngineExecutionOrchestrator.java:67)
	at org.junit.platform.launcher.core.EngineExecutionOrchestrator.execute(EngineExecutionOrchestrator.java:52)
	at org.junit.platform.launcher.core.DefaultLauncher.execute(DefaultLauncher.java:114)
	at org.junit.platform.launcher.core.DefaultLauncher.execute(DefaultLauncher.java:86)
	at org.junit.platform.launcher.core.DefaultLauncherSession$DelegatingLauncher.execute(DefaultLauncherSession.java:86)
	at org.junit.platform.launcher.core.SessionPerRequestLauncher.execute(SessionPerRequestLauncher.java:53)
	at org.apache.maven.surefire.junitplatform.JUnitPlatformProvider.execute(JUnitPlatformProvider.java:188)
	at org.apache.maven.surefire.junitplatform.JUnitPlatformProvider.invokeAllTests(JUnitPlatformProvider.java:154)
	at org.apache.maven.surefire.junitplatform.JUnitPlatformProvider.invoke(JUnitPlatformProvider.java:124)
	at org.apache.maven.surefire.booter.ForkedBooter.runSuitesInProcess(ForkedBooter.java:428)
	at org.apache.maven.surefire.booter.ForkedBooter.execute(ForkedBooter.java:162)
	at org.apache.maven.surefire.booter.ForkedBooter.run(ForkedBooter.java:562)
	at org.apache.maven.surefire.booter.ForkedBooter.main(ForkedBooter.java:548)
]]></error>
    <system-out><![CDATA[2023-01-09 20:09:26,509 [main] WARN  server.ServerUtils (ServerUtils.java:getScmDbDir(148)) - ozone.scm.db.dirs is not configured. We recommend adding this setting. Falling back to ozone.metadata.dirs instead.
2023-01-09 20:09:26,631 [main] WARN  server.ServerUtils (ServerUtils.java:getScmDbDir(148)) - ozone.scm.db.dirs is not configured. We recommend adding this setting. Falling back to ozone.metadata.dirs instead.
2023-01-09 20:09:26,638 [main] INFO  ha.SCMHANodeDetails (SCMHANodeDetails.java:loadSCMHAConfig(209)) - ServiceID for StorageContainerManager is null
2023-01-09 20:09:26,651 [main] WARN  ha.SCMHANodeDetails (SCMHANodeDetails.java:validateSCMHAConfig(182)) - Invalid config ozone.scm.ratis.enable. The config was not specified, but the default value true conflicts with the expected config value false. Falling back to the expected value. Current State of SCM: SCM is running in Non-HA without Ratis Ratis SCM -> Non Ratis SCM or Non HA SCM -> HA SCM is not supported
2023-01-09 20:09:26,651 [main] INFO  ha.SCMHANodeDetails (SCMHANodeDetails.java:loadSCMHAConfig(214)) - ozone.scm.default.service.id is not defined, falling back to ozone.scm.service.ids to find serviceID for StorageContainerManager if it is HA enabled cluster
2023-01-09 20:09:27,246 [main] WARN  utils.HAUtils (HAUtils.java:getMetaDir(342)) - ozone.scm.db.dirs is not configured. We recommend adding this setting. Falling back to ozone.metadata.dirs instead.
2023-01-09 20:09:27,389 [main] WARN  db.DBStoreBuilder (DBStoreBuilder.java:applyDBDefinition(144)) - ozone.scm.db.dirs is not configured. We recommend adding this setting. Falling back to ozone.metadata.dirs instead.
2023-01-09 20:09:27,737 [main] INFO  net.NodeSchemaLoader (NodeSchemaLoader.java:loadSchemaFromFile(129)) - Loading schema from [jar:file:/home/runner/.m2/repository/org/apache/ozone/hdds-common/1.4.0-SNAPSHOT/hdds-common-1.4.0-SNAPSHOT.jar!/network-topology-default.xml]
2023-01-09 20:09:27,738 [main] INFO  net.NodeSchemaLoader (NodeSchemaLoader.java:loadSchema(176)) - Loading network topology layer schema file
2023-01-09 20:09:27,786 [main] INFO  metrics.MetricRegistries (MetricRegistriesLoader.java:load(64)) - Loaded MetricRegistries class org.apache.ratis.metrics.impl.MetricRegistriesImpl
2023-01-09 20:09:27,791 [main] INFO  upgrade.AbstractLayoutVersionManager (AbstractLayoutVersionManager.java:init(83)) - Initializing Layout version manager with metadata layout = DATANODE_SCHEMA_V3 (version = 4), software layout = DATANODE_SCHEMA_V3 (version = 4)
2023-01-09 20:09:28,012 [main] INFO  reflections.Reflections (Reflections.java:scan(232)) - Reflections took 143 ms to scan 7 urls, producing 146 keys and 350 values 
2023-01-09 20:09:28,125 [main] INFO  ha.SequenceIdGenerator (SequenceIdGenerator.java:upgradeToSequenceId(349)) - upgrade localId to 111677748019200000
2023-01-09 20:09:28,125 [main] INFO  ha.SequenceIdGenerator (SequenceIdGenerator.java:upgradeToSequenceId(359)) - upgrade delTxnId to 0
2023-01-09 20:09:28,129 [main] INFO  ha.SequenceIdGenerator (SequenceIdGenerator.java:upgradeToSequenceId(376)) - upgrade containerId to 0
2023-01-09 20:09:28,132 [main] INFO  ha.SequenceIdGenerator (SequenceIdGenerator.java:<init>(220)) - Init the HA SequenceIdGenerator.
2023-01-09 20:09:28,193 [main] WARN  server.ServerUtils (ServerUtils.java:sanitizeUserArgs(67)) - ozone.scm.stale.node.interval value = 1000 is smaller than min = 3000 based on the key value of hdds.heartbeat.interval, reset to the min value 3000.
2023-01-09 20:09:28,194 [main] WARN  server.ServerUtils (ServerUtils.java:sanitizeUserArgs(67)) - ozone.scm.stale.node.interval value = 1000 is smaller than min = 3000 based on the key value of hdds.heartbeat.interval, reset to the min value 3000.
2023-01-09 20:09:28,194 [main] WARN  server.ServerUtils (ServerUtils.java:sanitizeUserArgs(67)) - ozone.scm.dead.node.interval value = 1000 is smaller than min = 6000 based on the key value of ozone.scm.stale.node.interval, reset to the min value 6000.
2023-01-09 20:09:28,201 [main] INFO  node.SCMNodeManager (SCMNodeManager.java:<init>(149)) - Entering startup safe mode.
2023-01-09 20:09:28,289 [main] INFO  algorithms.ContainerPlacementPolicyFactory (ContainerPlacementPolicyFactory.java:getPolicyInternal(86)) - Create container placement policy of type org.apache.hadoop.hdds.scm.container.placement.algorithms.SCMContainerPlacementRandom
2023-01-09 20:09:28,293 [main] INFO  algorithms.ContainerPlacementPolicyFactory (ContainerPlacementPolicyFactory.java:getPolicyInternal(86)) - Create container placement policy of type org.apache.hadoop.hdds.scm.container.placement.algorithms.SCMContainerPlacementRackScatter
2023-01-09 20:09:28,310 [main] INFO  pipeline.PipelineStateManagerImpl (PipelineStateManagerImpl.java:initialize(78)) - No pipeline exists in current db
2023-01-09 20:09:28,356 [main] INFO  algorithms.LeaderChoosePolicyFactory (LeaderChoosePolicyFactory.java:getPolicy(57)) - Create leader choose policy of type org.apache.hadoop.hdds.scm.pipeline.leader.choose.algorithms.MinLeaderCountChoosePolicy
2023-01-09 20:09:28,356 [main] INFO  algorithms.ContainerPlacementPolicyFactory (ContainerPlacementPolicyFactory.java:getPolicyInternal(86)) - Create container placement policy of type org.apache.hadoop.hdds.scm.container.placement.algorithms.SCMContainerPlacementRackScatter
2023-01-09 20:09:28,366 [main] INFO  ha.SCMServiceManager (SCMServiceManager.java:register(42)) - Registering service BackgroundPipelineCreator.
2023-01-09 20:09:28,366 [main] INFO  pipeline.BackgroundPipelineCreator (BackgroundPipelineCreator.java:start(124)) - Starting RatisPipelineUtilsThread.
2023-01-09 20:09:28,372 [main] INFO  BackgroundPipelineScrubber (BackgroundSCMService.java:start(68)) - Starting BackgroundPipelineScrubber Service.
2023-01-09 20:09:28,373 [main] INFO  ha.SCMServiceManager (SCMServiceManager.java:register(42)) - Registering service BackgroundPipelineScrubber.
2023-01-09 20:09:28,391 [main] INFO  ExpiredContainerReplicaOpScrubber (BackgroundSCMService.java:start(68)) - Starting ExpiredContainerReplicaOpScrubber Service.
2023-01-09 20:09:28,394 [main] INFO  ha.SCMServiceManager (SCMServiceManager.java:register(42)) - Registering service ExpiredContainerReplicaOpScrubber.
2023-01-09 20:09:28,451 [main] INFO  algorithms.PipelineChoosePolicyFactory (PipelineChoosePolicyFactory.java:createPipelineChoosePolicyFromClass(73)) - Create pipeline choose policy of type org.apache.hadoop.hdds.scm.pipeline.choose.algorithms.RandomPipelineChoosePolicy
2023-01-09 20:09:28,479 [main] INFO  ha.SCMServiceManager (SCMServiceManager.java:register(42)) - Registering service SCMBlockDeletingService.
2023-01-09 20:09:28,564 [main] INFO  replication.ReplicationManager (ReplicationManager.java:start(261)) - Starting Replication Monitor Thread.
2023-01-09 20:09:28,575 [main] INFO  ha.SCMServiceManager (SCMServiceManager.java:register(42)) - Registering service ReplicationManager.
2023-01-09 20:09:28,578 [ReplicationMonitor] INFO  replication.ReplicationManager (ReplicationManager.java:processAll(330)) - Replication Manager is not ready to run until 3000ms after safemode exit
2023-01-09 20:09:28,588 [main] INFO  safemode.ContainerSafeModeRule (ContainerSafeModeRule.java:<init>(89)) - containers with one replica threshold count 0
2023-01-09 20:09:28,594 [main] INFO  safemode.HealthyPipelineSafeModeRule (HealthyPipelineSafeModeRule.java:initializeRule(169)) - Total pipeline count is 0, healthy pipeline threshold count is 1
2023-01-09 20:09:28,598 [main] INFO  safemode.OneReplicaPipelineSafeModeRule (OneReplicaPipelineSafeModeRule.java:initializeRule(180)) - Total pipeline count is 0, pipeline's with at least one datanode reported threshold count is 0
2023-01-09 20:09:28,985 [main] INFO  audit.AuditLogger (AuditLogger.java:refreshDebugCmdSet(126)) - Refresh DebugCmdSet for SCMAudit to [].
2023-01-09 20:09:29,023 [main] INFO  ipc.CallQueueManager (CallQueueManager.java:<init>(90)) - Using callQueue: class java.util.concurrent.LinkedBlockingQueue, queueCapacity: 2000, scheduler: class org.apache.hadoop.ipc.DefaultRpcScheduler, ipcBackoff: false.
2023-01-09 20:09:29,073 [Socket Reader #1 for port 0] INFO  ipc.Server (Server.java:run(1273)) - Starting Socket Reader #1 for port 0
2023-01-09 20:09:29,149 [Listener at 0.0.0.0/33549] INFO  audit.AuditLogger (AuditLogger.java:refreshDebugCmdSet(126)) - Refresh DebugCmdSet for SCMAudit to [].
2023-01-09 20:09:29,156 [Listener at 0.0.0.0/33549] INFO  ipc.CallQueueManager (CallQueueManager.java:<init>(90)) - Using callQueue: class java.util.concurrent.LinkedBlockingQueue, queueCapacity: 2000, scheduler: class org.apache.hadoop.ipc.DefaultRpcScheduler, ipcBackoff: false.
2023-01-09 20:09:29,158 [Socket Reader #1 for port 0] INFO  ipc.Server (Server.java:run(1273)) - Starting Socket Reader #1 for port 0
2023-01-09 20:09:29,193 [Listener at 0.0.0.0/35905] INFO  audit.AuditLogger (AuditLogger.java:refreshDebugCmdSet(126)) - Refresh DebugCmdSet for SCMAudit to [].
2023-01-09 20:09:29,207 [Listener at 0.0.0.0/35905] INFO  ipc.CallQueueManager (CallQueueManager.java:<init>(90)) - Using callQueue: class java.util.concurrent.LinkedBlockingQueue, queueCapacity: 2000, scheduler: class org.apache.hadoop.ipc.DefaultRpcScheduler, ipcBackoff: false.
2023-01-09 20:09:29,208 [Socket Reader #1 for port 0] INFO  ipc.Server (Server.java:run(1273)) - Starting Socket Reader #1 for port 0
2023-01-09 20:09:29,302 [Listener at 0.0.0.0/42667] INFO  ha.SCMServiceManager (SCMServiceManager.java:register(42)) - Registering service ContainerBalancer.
2023-01-09 20:09:29,303 [Listener at 0.0.0.0/42667] INFO  server.StorageContainerManager (StorageContainerManager.java:<init>(399)) - 
Container Balancer status:
Key                            Value
Running                        true
Container Balancer Configuration values:
Key                                                Value
Threshold                                          10
Max Datanodes to Involve per Iteration(percent)    20
Max Size to Move per Iteration                     500GB
Max Size Entering Target per Iteration             26GB
Max Size Leaving Source per Iteration              26GB

2023-01-09 20:09:29,313 [Listener at 0.0.0.0/42667] INFO  ha.SCMContext (SCMContext.java:updateSafeModeStatus(228)) - Update SafeModeStatus from SafeModeStatus{safeModeStatus=true, preCheckPassed=false} to SafeModeStatus{safeModeStatus=true, preCheckPassed=false}.
2023-01-09 20:09:29,322 [Listener at 0.0.0.0/42667] INFO  server.StorageContainerManager (StorageContainerManager.java:start(1426)) - StorageContainerLocationProtocol RPC server is listening at /0.0.0.0:42667
2023-01-09 20:09:29,465 [Listener at 0.0.0.0/42667] WARN  impl.MetricsConfig (MetricsConfig.java:loadFirst(136)) - Cannot locate configuration: tried hadoop-metrics2-storagecontainermanager.properties,hadoop-metrics2.properties
2023-01-09 20:09:29,482 [Listener at 0.0.0.0/42667] INFO  impl.MetricsSystemImpl (MetricsSystemImpl.java:startTimer(378)) - Scheduled Metric snapshot period at 10 second(s).
2023-01-09 20:09:29,483 [Listener at 0.0.0.0/42667] INFO  impl.MetricsSystemImpl (MetricsSystemImpl.java:start(191)) - StorageContainerManager metrics system started
2023-01-09 20:09:29,790 [Listener at 0.0.0.0/42667] INFO  server.SCMClientProtocolServer (SCMClientProtocolServer.java:start(170)) - RPC server for Client  is listening at /0.0.0.0:42667
2023-01-09 20:09:29,792 [IPC Server Responder] INFO  ipc.Server (Server.java:run(1512)) - IPC Server Responder: starting
2023-01-09 20:09:29,796 [IPC Server listener on 0] INFO  ipc.Server (Server.java:run(1352)) - IPC Server listener on 0: starting
2023-01-09 20:09:29,815 [Listener at 0.0.0.0/42667] INFO  server.StorageContainerManager (StorageContainerManager.java:start(1440)) - ScmBlockLocationProtocol RPC server is listening at /0.0.0.0:35905
2023-01-09 20:09:29,816 [Listener at 0.0.0.0/42667] INFO  server.SCMBlockProtocolServer (SCMBlockProtocolServer.java:start(152)) - RPC server for Block Protocol is listening at /0.0.0.0:35905
2023-01-09 20:09:29,817 [IPC Server Responder] INFO  ipc.Server (Server.java:run(1512)) - IPC Server Responder: starting
2023-01-09 20:09:29,817 [IPC Server listener on 0] INFO  ipc.Server (Server.java:run(1352)) - IPC Server listener on 0: starting
2023-01-09 20:09:29,820 [Listener at 0.0.0.0/42667] INFO  server.SCMDatanodeProtocolServer (SCMDatanodeProtocolServer.java:start(194)) - ScmDatanodeProtocol RPC server for DataNodes is listening at /0.0.0.0:33549
2023-01-09 20:09:29,821 [IPC Server Responder] INFO  ipc.Server (Server.java:run(1512)) - IPC Server Responder: starting
2023-01-09 20:09:29,821 [IPC Server listener on 0] INFO  ipc.Server (Server.java:run(1352)) - IPC Server listener on 0: starting
2023-01-09 20:09:29,852 [org.apache.hadoop.util.JvmPauseMonitor$Monitor@330d16af] INFO  util.JvmPauseMonitor (JvmPauseMonitor.java:run(188)) - Starting JVM pause monitor
2023-01-09 20:09:29,870 [Listener at 0.0.0.0/42667] INFO  http.BaseHttpServer (BaseHttpServer.java:newHttpServer2BuilderForOzone(213)) - Starting Web-server for scm at: http://0.0.0.0:0
2023-01-09 20:09:29,871 [Listener at 0.0.0.0/42667] INFO  http.BaseHttpServer (BaseHttpServer.java:<init>(108)) - Hadoop Security Enabled: false Ozone Security Enabled: false Ozone HTTP Security Enabled: false 
2023-01-09 20:09:29,904 [Listener at 0.0.0.0/42667] INFO  util.log (Log.java:initialized(170)) - Logging initialized @5127ms to org.eclipse.jetty.util.log.Slf4jLog
2023-01-09 20:09:30,040 [Listener at 0.0.0.0/42667] WARN  server.AuthenticationFilter (AuthenticationFilter.java:constructSecretProvider(240)) - Unable to initialize FileSignerSecretProvider, falling back to use random secrets. Reason: Could not read signature secret file: /home/runner/hadoop-http-auth-signature-secret
2023-01-09 20:09:30,048 [Listener at 0.0.0.0/42667] WARN  http.HttpRequestLog (HttpRequestLog.java:getRequestLog(103)) - Jetty request log can only be enabled using Log4j
2023-01-09 20:09:30,055 [Listener at 0.0.0.0/42667] INFO  http.HttpServer2 (HttpServer2.java:addGlobalFilter(1031)) - Added global filter 'safety' (class=org.apache.hadoop.hdds.server.http.HttpServer2$QuotingInputFilter)
2023-01-09 20:09:30,058 [Listener at 0.0.0.0/42667] INFO  http.HttpServer2 (HttpServer2.java:addFilter(1007)) - Added filter static_user_filter (class=org.apache.hadoop.http.lib.StaticUserWebFilter$StaticUserFilter) to context scm
2023-01-09 20:09:30,058 [Listener at 0.0.0.0/42667] INFO  http.HttpServer2 (HttpServer2.java:addFilter(1015)) - Added filter static_user_filter (class=org.apache.hadoop.http.lib.StaticUserWebFilter$StaticUserFilter) to context static
2023-01-09 20:09:30,058 [Listener at 0.0.0.0/42667] INFO  http.HttpServer2 (HttpServer2.java:addFilter(1015)) - Added filter static_user_filter (class=org.apache.hadoop.http.lib.StaticUserWebFilter$StaticUserFilter) to context logs
2023-01-09 20:09:30,104 [Listener at 0.0.0.0/42667] INFO  http.HttpServer2 (HttpServer2.java:bindListener(1250)) - Jetty bound to port 39843
2023-01-09 20:09:30,107 [Listener at 0.0.0.0/42667] INFO  server.Server (Server.java:doStart(375)) - jetty-9.4.49.v20220914; built: 2022-09-14T01:07:36.601Z; git: 4231a3b2e4cb8548a412a789936d640a97b1aa0a; jvm 1.8.0_352-b08
2023-01-09 20:09:30,145 [Listener at 0.0.0.0/42667] INFO  server.session (DefaultSessionIdManager.java:doStart(334)) - DefaultSessionIdManager workerName=node0
2023-01-09 20:09:30,145 [Listener at 0.0.0.0/42667] INFO  server.session (DefaultSessionIdManager.java:doStart(339)) - No SessionScavenger set, using defaults
2023-01-09 20:09:30,147 [Listener at 0.0.0.0/42667] INFO  server.session (HouseKeeper.java:startScavenging(132)) - node0 Scavenging every 600000ms
2023-01-09 20:09:30,163 [Listener at 0.0.0.0/42667] INFO  handler.ContextHandler (ContextHandler.java:doStart(921)) - Started o.e.j.s.ServletContextHandler@733e3c19{logs,/logs,file:///home/runner/work/ozone/ozone/hadoop-ozone/integration-test/target/log,AVAILABLE}
2023-01-09 20:09:30,164 [Listener at 0.0.0.0/42667] INFO  handler.ContextHandler (ContextHandler.java:doStart(921)) - Started o.e.j.s.ServletContextHandler@436d2bb9{static,/static,file:///home/runner/work/ozone/ozone/hadoop-ozone/integration-test/target/test-classes/webapps/static,AVAILABLE}
2023-01-09 20:09:30,219 [Listener at 0.0.0.0/42667] INFO  handler.ContextHandler (ContextHandler.java:doStart(921)) - Started o.e.j.w.WebAppContext@3a1e5fa7{scm,/,file:///home/runner/work/ozone/ozone/hadoop-ozone/integration-test/target/test-classes/webapps/scm/,AVAILABLE}{file:/home/runner/work/ozone/ozone/hadoop-ozone/integration-test/target/test-classes/webapps/scm}
2023-01-09 20:09:30,234 [Listener at 0.0.0.0/42667] INFO  server.AbstractConnector (AbstractConnector.java:doStart(333)) - Started ServerConnector@6ba02f70{HTTP/1.1, (http/1.1)}{0.0.0.0:39843}
2023-01-09 20:09:30,235 [Listener at 0.0.0.0/42667] INFO  server.Server (Server.java:doStart(415)) - Started @5459ms
2023-01-09 20:09:30,239 [Listener at 0.0.0.0/42667] INFO  impl.MetricsSinkAdapter (MetricsSinkAdapter.java:start(204)) - Sink prometheus started
2023-01-09 20:09:30,239 [Listener at 0.0.0.0/42667] INFO  impl.MetricsSystemImpl (MetricsSystemImpl.java:registerSink(305)) - Registered sink prometheus
2023-01-09 20:09:30,242 [Listener at 0.0.0.0/42667] INFO  http.BaseHttpServer (BaseHttpServer.java:updateConnectorAddress(333)) - HTTP server of scm listening at http://0.0.0.0:39843
2023-01-09 20:09:30,248 [Listener at 0.0.0.0/42667] WARN  server.ServerUtils (ServerUtils.java:getDBPath(225)) - ozone.om.db.dirs is not configured. We recommend adding this setting. Falling back to ozone.metadata.dirs instead.
2023-01-09 20:09:30,369 [Listener at 0.0.0.0/42667] INFO  audit.AuditLogger (AuditLogger.java:refreshDebugCmdSet(126)) - Refresh DebugCmdSet for OMAudit to [].
2023-01-09 20:09:30,491 [Listener at 0.0.0.0/42667] INFO  ha.OMHANodeDetails (OMHANodeDetails.java:loadOMHAConfig(115)) - ozone.om.internal.service.id is not defined, falling back to ozone.om.service.ids to find serviceID for OzoneManager if it is HA enabled cluster
2023-01-09 20:09:30,495 [Listener at 0.0.0.0/42667] INFO  ha.OMHANodeDetails (OMHANodeDetails.java:loadOMHAConfig(226)) - Configuration does not have ozone.om.address set. Falling back to the default OM address /127.0.0.1:0
2023-01-09 20:09:30,495 [Listener at 0.0.0.0/42667] INFO  ha.OMHANodeDetails (OMHANodeDetails.java:getOMNodeDetailsForNonHA(254)) - OM Service ID is not set. Setting it to the default ID: omServiceIdDefault
2023-01-09 20:09:30,495 [Listener at 0.0.0.0/42667] INFO  ha.OMHANodeDetails (OMHANodeDetails.java:getOMNodeDetailsForNonHA(261)) - OM Node ID is not set. Setting it to the default ID: om1
2023-01-09 20:09:30,500 [Listener at 0.0.0.0/42667] WARN  server.ServerUtils (ServerUtils.java:getDBPath(225)) - ozone.om.db.dirs is not configured. We recommend adding this setting. Falling back to ozone.metadata.dirs instead.
2023-01-09 20:09:30,502 [Listener at 0.0.0.0/42667] INFO  upgrade.AbstractLayoutVersionManager (AbstractLayoutVersionManager.java:init(83)) - Initializing Layout version manager with metadata layout = MULTITENANCY_SCHEMA (version = 3), software layout = MULTITENANCY_SCHEMA (version = 3)
2023-01-09 20:09:30,599 [Listener at 0.0.0.0/42667] INFO  reflections.Reflections (Reflections.java:scan(232)) - Reflections took 91 ms to scan 2 urls, producing 155 keys and 428 values [using 2 cores]
2023-01-09 20:09:30,604 [Listener at 0.0.0.0/42667] INFO  upgrade.OMLayoutVersionManager (OMLayoutVersionManager.java:lambda$0(115)) - Skipping Upgrade Action MockOmUpgradeAction since it has been finalized.
2023-01-09 20:09:30,606 [Listener at 0.0.0.0/42667] WARN  server.ServerUtils (ServerUtils.java:getDBPath(225)) - ozone.om.db.dirs is not configured. We recommend adding this setting. Falling back to ozone.metadata.dirs instead.
2023-01-09 20:09:30,790 [Listener at 0.0.0.0/42667] INFO  proxy.SCMBlockLocationFailoverProxyProvider (SCMBlockLocationFailoverProxyProvider.java:<init>(114)) - Created block location fail-over proxy with 1 nodes: [nodeId=scmNodeId,nodeAddress=/0.0.0.0:35905]
2023-01-09 20:09:30,827 [Listener at 0.0.0.0/42667] INFO  proxy.SCMBlockLocationFailoverProxyProvider (SCMBlockLocationFailoverProxyProvider.java:<init>(114)) - Created block location fail-over proxy with 1 nodes: [nodeId=scmNodeId,nodeAddress=/0.0.0.0:35905]
2023-01-09 20:09:31,069 [Listener at 0.0.0.0/42667] WARN  server.ServerUtils (ServerUtils.java:getDBPath(225)) - ozone.om.db.dirs is not configured. We recommend adding this setting. Falling back to ozone.metadata.dirs instead.
2023-01-09 20:09:31,076 [Listener at 0.0.0.0/42667] INFO  codec.OmKeyInfoCodec (OmKeyInfoCodec.java:<init>(49)) - OmKeyInfoCodec ignorePipeline = true
2023-01-09 20:09:31,077 [Listener at 0.0.0.0/42667] INFO  codec.RepeatedOmKeyInfoCodec (RepeatedOmKeyInfoCodec.java:<init>(41)) - RepeatedOmKeyInfoCodec ignorePipeline = true
2023-01-09 20:09:31,301 [Listener at 0.0.0.0/42667] INFO  om.OzoneManager (OzoneManager.java:instantiateServices(716)) - S3 Multi-Tenancy is disabled
2023-01-09 20:09:31,413 [Listener at 0.0.0.0/42667] INFO  om.OzoneManager (OzoneManager.java:addS3GVolumeToDB(4286)) - Created Volume s3v With Owner runner required for S3Gateway operations.
2023-01-09 20:09:31,473 [Listener at 0.0.0.0/42667] WARN  server.ServerUtils (ServerUtils.java:getDefaultRatisDirectory(237)) - Storage directory for Ratis is not configured. It is a good idea to map this to an SSD disk. Falling back to ozone.metadata.dirs
2023-01-09 20:09:31,474 [Listener at 0.0.0.0/42667] WARN  utils.OzoneManagerRatisUtils (OzoneManagerRatisUtils.java:getOMRatisSnapshotDirectory(431)) - ozone.om.ratis.snapshot.dir is not configured. Falling back to ozone.metadata.dirs config
2023-01-09 20:09:31,497 [Listener at 0.0.0.0/42667] WARN  server.ServerUtils (ServerUtils.java:getDefaultRatisDirectory(237)) - Storage directory for Ratis is not configured. It is a good idea to map this to an SSD disk. Falling back to ozone.metadata.dirs
2023-01-09 20:09:31,532 [Listener at 0.0.0.0/42667] INFO  ratis.OzoneManagerRatisServer (OzoneManagerRatisServer.java:<init>(160)) - Instantiating OM Ratis server with groupID: omServiceIdDefault and peers: localhost:9872
2023-01-09 20:09:31,541 [Listener at 0.0.0.0/42667] INFO  ratis.OzoneManagerStateMachine (OzoneManagerStateMachine.java:loadSnapshotInfoFromDB(636)) - LastAppliedIndex is set from TransactionInfo from OM DB as (t:0, i:~)
2023-01-09 20:09:31,598 [Listener at 0.0.0.0/42667] INFO  server.RaftServer (ConfUtils.java:logGet(46)) - raft.rpc.type = GRPC (default)
2023-01-09 20:09:31,694 [Listener at 0.0.0.0/42667] INFO  grpc.GrpcConfigKeys (ConfUtils.java:logFallback(53)) - raft.grpc.admin.host = null (fallback to raft.grpc.server.host)
2023-01-09 20:09:31,696 [Listener at 0.0.0.0/42667] INFO  grpc.GrpcConfigKeys (ConfUtils.java:logFallback(53)) - raft.grpc.admin.port = 9872 (fallback to raft.grpc.server.port)
2023-01-09 20:09:31,697 [Listener at 0.0.0.0/42667] INFO  grpc.GrpcConfigKeys (ConfUtils.java:logFallback(53)) - raft.grpc.client.host = null (fallback to raft.grpc.server.host)
2023-01-09 20:09:31,697 [Listener at 0.0.0.0/42667] INFO  grpc.GrpcConfigKeys (ConfUtils.java:logFallback(53)) - raft.grpc.client.port = 9872 (fallback to raft.grpc.server.port)
2023-01-09 20:09:31,698 [Listener at 0.0.0.0/42667] INFO  grpc.GrpcConfigKeys (ConfUtils.java:logGet(46)) - raft.grpc.server.host = null (default)
2023-01-09 20:09:31,698 [Listener at 0.0.0.0/42667] INFO  grpc.GrpcConfigKeys (ConfUtils.java:logGet(46)) - raft.grpc.server.port = 9872 (custom)
2023-01-09 20:09:31,699 [Listener at 0.0.0.0/42667] INFO  server.GrpcService (ConfUtils.java:logGet(46)) - raft.grpc.message.size.max = 33554432 (custom)
2023-01-09 20:09:31,700 [Listener at 0.0.0.0/42667] INFO  server.RaftServerConfigKeys (ConfUtils.java:logGet(46)) - raft.server.log.appender.buffer.byte-limit = 33554432 (custom)
2023-01-09 20:09:31,701 [Listener at 0.0.0.0/42667] INFO  server.GrpcService (ConfUtils.java:logGet(46)) - raft.grpc.flow.control.window = 1MB (=1048576) (default)
2023-01-09 20:09:31,702 [Listener at 0.0.0.0/42667] INFO  server.RaftServerConfigKeys (ConfUtils.java:logGet(46)) - raft.server.rpc.request.timeout = 3000ms (default)
2023-01-09 20:09:31,719 [Listener at 0.0.0.0/42667] INFO  grpc.GrpcConfigKeys (ConfUtils.java:logGet(46)) - raft.grpc.server.heartbeat.channel = true (default)
2023-01-09 20:09:31,722 [Listener at 0.0.0.0/42667] INFO  grpc.GrpcConfigKeys (ConfUtils.java:logGet(46)) - raft.grpc.server.async.request.thread.pool.cached = true (default)
2023-01-09 20:09:31,723 [Listener at 0.0.0.0/42667] INFO  grpc.GrpcConfigKeys (ConfUtils.java:logGet(46)) - raft.grpc.server.async.request.thread.pool.size = 32 (default)
2023-01-09 20:09:32,078 [Listener at 0.0.0.0/42667] INFO  impl.DataStreamServerImpl (ConfUtils.java:logGet(46)) - raft.datastream.type = NETTY (custom)
2023-01-09 20:09:32,106 [Listener at 0.0.0.0/42667] INFO  server.RaftServerConfigKeys (ConfUtils.java:logGet(46)) - raft.server.data-stream.async.request.thread.pool.cached = false (default)
2023-01-09 20:09:32,108 [Listener at 0.0.0.0/42667] INFO  server.RaftServerConfigKeys (ConfUtils.java:logGet(46)) - raft.server.data-stream.async.request.thread.pool.size = 32 (default)
2023-01-09 20:09:32,109 [Listener at 0.0.0.0/42667] INFO  server.RaftServerConfigKeys (ConfUtils.java:logGet(46)) - raft.server.data-stream.async.write.thread.pool.size = 16 (default)
2023-01-09 20:09:32,111 [Listener at 0.0.0.0/42667] INFO  server.RaftServerConfigKeys (ConfUtils.java:logGet(46)) - raft.server.data-stream.client.pool.size = 10 (default)
2023-01-09 20:09:32,115 [Listener at 0.0.0.0/42667] INFO  netty.NettyConfigKeys$DataStream (ConfUtils.java:logGet(46)) - raft.netty.dataStream.server.use-epoll = false (default)
2023-01-09 20:09:32,115 [Listener at 0.0.0.0/42667] INFO  netty.NettyConfigKeys$DataStream (ConfUtils.java:logGet(46)) - raft.netty.dataStream.server.boss-group.size = 0 (default)
2023-01-09 20:09:32,125 [Listener at 0.0.0.0/42667] INFO  netty.NettyConfigKeys$DataStream (ConfUtils.java:logGet(46)) - raft.netty.dataStream.server.worker-group.size = 0 (default)
2023-01-09 20:09:32,126 [Listener at 0.0.0.0/42667] INFO  netty.NettyConfigKeys$DataStream (ConfUtils.java:logGet(46)) - raft.netty.dataStream.server.tls.conf = null (default)
2023-01-09 20:09:32,128 [Listener at 0.0.0.0/42667] INFO  netty.NettyConfigKeys$DataStream (ConfUtils.java:logGet(46)) - raft.netty.dataStream.host = null (default)
2023-01-09 20:09:32,128 [Listener at 0.0.0.0/42667] INFO  netty.NettyConfigKeys$DataStream (ConfUtils.java:logGet(46)) - raft.netty.dataStream.port = 0 (default)
2023-01-09 20:09:32,194 [Listener at 0.0.0.0/42667] INFO  server.RaftServerConfigKeys (ConfUtils.java:logGet(46)) - raft.server.threadpool.proxy.cached = true (default)
2023-01-09 20:09:32,195 [Listener at 0.0.0.0/42667] INFO  server.RaftServerConfigKeys (ConfUtils.java:logGet(46)) - raft.server.threadpool.proxy.size = 0 (default)
2023-01-09 20:09:32,195 [Listener at 0.0.0.0/42667] INFO  server.RaftServerConfigKeys (ConfUtils.java:logGet(46)) - raft.server.rpc.slowness.timeout = 120s (custom)
2023-01-09 20:09:32,196 [Listener at 0.0.0.0/42667] INFO  server.RaftServerConfigKeys (ConfUtils.java:logGet(46)) - raft.server.leaderelection.leader.step-down.wait-time = 10s (default)
2023-01-09 20:09:32,204 [Listener at 0.0.0.0/42667] INFO  server.RaftServerConfigKeys (ConfUtils.java:logGet(46)) - raft.server.storage.dir = [/home/runner/work/ozone/ozone/hadoop-ozone/integration-test/target/test-dir/MiniOzoneClusterImpl-dc953f1b-8f43-4e25-a114-36b3b0290d25/ozone-meta/ratis] (custom)
2023-01-09 20:09:32,230 [om1-NettyServerStreamRpc-bossGroup--thread1] INFO  logging.LoggingHandler (AbstractInternalLogger.java:log(148)) - [id: 0x72c70ae4] REGISTERED
2023-01-09 20:09:32,231 [Listener at 0.0.0.0/42667] INFO  server.RaftServer (RaftServerProxy.java:addNew(96)) - om1: addNew group-C5BA1605619E:[om1|rpc:localhost:9872|priority:0|startupRole:FOLLOWER] returns group-C5BA1605619E:java.util.concurrent.CompletableFuture@552cd6ad[Not completed]
2023-01-09 20:09:32,231 [Listener at 0.0.0.0/42667] INFO  om.OzoneManager (OzoneManager.java:initializeRatisServer(1981)) - OzoneManager Ratis server initialized at port 9872
2023-01-09 20:09:32,247 [om1-NettyServerStreamRpc-bossGroup--thread1] INFO  logging.LoggingHandler (AbstractInternalLogger.java:log(148)) - [id: 0x72c70ae4] BIND: 0.0.0.0/0.0.0.0:0
2023-01-09 20:09:32,268 [Listener at 0.0.0.0/42667] INFO  om.OzoneManager (OzoneManager.java:getRpcServer(1106)) - Creating RPC Server
2023-01-09 20:09:32,268 [om1-NettyServerStreamRpc-bossGroup--thread1] INFO  logging.LoggingHandler (AbstractInternalLogger.java:log(148)) - [id: 0x72c70ae4, L:/0:0:0:0:0:0:0:0:34807] ACTIVE
2023-01-09 20:09:32,288 [pool-54-thread-1] INFO  server.RaftServer$Division (RaftServerImpl.java:<init>(195)) - om1: new RaftServerImpl for group-C5BA1605619E:[om1|rpc:localhost:9872|priority:0|startupRole:FOLLOWER] with OzoneManagerStateMachine:uninitialized
2023-01-09 20:09:32,299 [pool-54-thread-1] INFO  server.RaftServerConfigKeys (ConfUtils.java:logGet(46)) - raft.server.rpc.timeout.min = 1s (custom)
2023-01-09 20:09:32,300 [pool-54-thread-1] INFO  server.RaftServerConfigKeys (ConfUtils.java:logGet(46)) - raft.server.rpc.timeout.max = 1200ms (custom)
2023-01-09 20:09:32,300 [pool-54-thread-1] INFO  server.RaftServerConfigKeys (ConfUtils.java:logGet(46)) - raft.server.rpc.sleep.time = 25ms (default)
2023-01-09 20:09:32,300 [pool-54-thread-1] INFO  server.RaftServerConfigKeys (ConfUtils.java:logGet(46)) - raft.server.rpc.slowness.timeout = 120s (custom)
2023-01-09 20:09:32,301 [pool-54-thread-1] INFO  server.RaftServerConfigKeys (ConfUtils.java:logGet(46)) - raft.server.leaderelection.leader.step-down.wait-time = 10s (default)
2023-01-09 20:09:32,301 [pool-54-thread-1] INFO  server.RaftServerConfigKeys (ConfUtils.java:logGet(46)) - raft.server.sleep.deviation.threshold = 300ms (default)
2023-01-09 20:09:32,339 [pool-54-thread-1] INFO  server.RaftServer$Division (ServerState.java:<init>(118)) - om1@group-C5BA1605619E: ConfigurationManager, init=-1: peers:[om1|rpc:localhost:9872|priority:0|startupRole:FOLLOWER]|listeners:[], old=null, confs=<EMPTY_MAP>
2023-01-09 20:09:32,340 [pool-54-thread-1] INFO  server.RaftServerConfigKeys (ConfUtils.java:logGet(46)) - raft.server.storage.dir = [/home/runner/work/ozone/ozone/hadoop-ozone/integration-test/target/test-dir/MiniOzoneClusterImpl-dc953f1b-8f43-4e25-a114-36b3b0290d25/ozone-meta/ratis] (custom)
2023-01-09 20:09:32,366 [pool-54-thread-1] INFO  server.RaftServerConfigKeys (ConfUtils.java:logGet(46)) - raft.server.log.corruption.policy = EXCEPTION (default)
2023-01-09 20:09:32,366 [pool-54-thread-1] INFO  server.RaftServerConfigKeys (ConfUtils.java:logGet(46)) - raft.server.storage.free-space.min = 0MB (=0) (default)
2023-01-09 20:09:32,392 [pool-54-thread-1] INFO  server.RaftServerConfigKeys (ConfUtils.java:logGet(46)) - raft.server.notification.no-leader.timeout = 120s (custom)
2023-01-09 20:09:32,398 [pool-54-thread-1] INFO  server.RaftServerConfigKeys (ConfUtils.java:logGet(46)) - raft.server.retrycache.expirytime = 300s (custom)
2023-01-09 20:09:32,398 [pool-54-thread-1] INFO  server.RaftServerConfigKeys (ConfUtils.java:logGet(46)) - raft.server.retrycache.statistics.expirytime = 100μs (default)
2023-01-09 20:09:32,555 [pool-54-thread-1] INFO  server.RaftServerConfigKeys (ConfUtils.java:logGet(46)) - raft.server.log.appender.install.snapshot.enabled = false (custom)
2023-01-09 20:09:32,555 [pool-54-thread-1] INFO  server.RaftServerConfigKeys (ConfUtils.java:logGet(46)) - raft.server.threadpool.server.cached = true (default)
2023-01-09 20:09:32,556 [pool-54-thread-1] INFO  server.RaftServerConfigKeys (ConfUtils.java:logGet(46)) - raft.server.threadpool.server.size = 0 (default)
2023-01-09 20:09:32,556 [pool-54-thread-1] INFO  server.RaftServerConfigKeys (ConfUtils.java:logGet(46)) - raft.server.threadpool.client.cached = true (default)
2023-01-09 20:09:32,557 [pool-54-thread-1] INFO  server.RaftServerConfigKeys (ConfUtils.java:logGet(46)) - raft.server.threadpool.client.size = 0 (default)
2023-01-09 20:09:33,172 [Listener at 0.0.0.0/42667] INFO  reflections.Reflections (Reflections.java:scan(232)) - Reflections took 775 ms to scan 19 urls, producing 67 keys and 4546 values [using 2 cores]
2023-01-09 20:09:33,536 [Listener at 0.0.0.0/42667] INFO  ipc.CallQueueManager (CallQueueManager.java:<init>(90)) - Using callQueue: class java.util.concurrent.LinkedBlockingQueue, queueCapacity: 2000, scheduler: class org.apache.hadoop.ipc.DefaultRpcScheduler, ipcBackoff: false.
2023-01-09 20:09:33,537 [Socket Reader #1 for port 0] INFO  ipc.Server (Server.java:run(1273)) - Starting Socket Reader #1 for port 0
2023-01-09 20:09:33,568 [Listener at 127.0.0.1/33951] INFO  impl.MetricsSystemImpl (MetricsSystemImpl.java:init(158)) - OzoneManager metrics system started (again)
2023-01-09 20:09:33,583 [Listener at 127.0.0.1/33951] INFO  om.OzoneManager (OzoneManager.java:start(1488)) - OzoneManager RPC server is listening at localhost/127.0.0.1:33951
2023-01-09 20:09:33,583 [Listener at 127.0.0.1/33951] INFO  ratis.OzoneManagerRatisServer (OzoneManagerRatisServer.java:start(555)) - Starting OzoneManagerRatisServer om1 at port 9872
2023-01-09 20:09:33,587 [om1-impl-thread1] INFO  storage.RaftStorageDirectory (RaftStorageDirectoryImpl.java:analyzeStorage(137)) - The storage directory /home/runner/work/ozone/ozone/hadoop-ozone/integration-test/target/test-dir/MiniOzoneClusterImpl-dc953f1b-8f43-4e25-a114-36b3b0290d25/ozone-meta/ratis/bf265839-605b-3f16-9796-c5ba1605619e does not exist. Creating ...
2023-01-09 20:09:33,593 [om1-impl-thread1] INFO  storage.RaftStorageDirectory (RaftStorageDirectoryImpl.java:tryLock(231)) - Lock on /home/runner/work/ozone/ozone/hadoop-ozone/integration-test/target/test-dir/MiniOzoneClusterImpl-dc953f1b-8f43-4e25-a114-36b3b0290d25/ozone-meta/ratis/bf265839-605b-3f16-9796-c5ba1605619e/in_use.lock acquired by nodename 50886@fv-az457-50
2023-01-09 20:09:33,600 [om1-impl-thread1] INFO  storage.RaftStorage (RaftStorageImpl.java:format(96)) - Storage directory /home/runner/work/ozone/ozone/hadoop-ozone/integration-test/target/test-dir/MiniOzoneClusterImpl-dc953f1b-8f43-4e25-a114-36b3b0290d25/ozone-meta/ratis/bf265839-605b-3f16-9796-c5ba1605619e has been successfully formatted.
2023-01-09 20:09:33,603 [om1-impl-thread1] INFO  server.RaftServerConfigKeys (ConfUtils.java:logGet(46)) - raft.server.log.use.memory = false (default)
2023-01-09 20:09:33,614 [om1-impl-thread1] INFO  server.RaftServerConfigKeys (ConfUtils.java:logGet(46)) - raft.server.log.purge.gap = 1000000 (custom)
2023-01-09 20:09:33,614 [om1-impl-thread1] INFO  server.RaftServerConfigKeys (ConfUtils.java:logGet(46)) - raft.server.log.appender.buffer.byte-limit = 33554432 (custom)
2023-01-09 20:09:33,616 [om1-impl-thread1] INFO  server.RaftServerConfigKeys (ConfUtils.java:logGet(46)) - raft.server.log.statemachine.data.read.timeout = 1000ms (default)
2023-01-09 20:09:33,617 [om1-impl-thread1] INFO  server.RaftServerConfigKeys (ConfUtils.java:logGet(46)) - raft.server.log.purge.preservation.log.num = 0 (default)
2023-01-09 20:09:33,620 [om1-impl-thread1] INFO  server.RaftServerConfigKeys (ConfUtils.java:logGet(46)) - raft.server.log.segment.size.max = 4194304 (custom)
2023-01-09 20:09:33,628 [om1-impl-thread1] INFO  server.RaftServerConfigKeys (ConfUtils.java:logGet(46)) - raft.server.log.segment.cache.num.max = 2 (custom)
2023-01-09 20:09:33,628 [om1-impl-thread1] INFO  server.RaftServerConfigKeys (ConfUtils.java:logGet(46)) - raft.server.log.segment.cache.size.max = 200MB (=209715200) (default)
2023-01-09 20:09:33,635 [om1-impl-thread1] INFO  segmented.SegmentedRaftLogWorker (SegmentedRaftLogWorker.java:<init>(189)) - new om1@group-C5BA1605619E-SegmentedRaftLogWorker for RaftStorageImpl:Storage Directory /home/runner/work/ozone/ozone/hadoop-ozone/integration-test/target/test-dir/MiniOzoneClusterImpl-dc953f1b-8f43-4e25-a114-36b3b0290d25/ozone-meta/ratis/bf265839-605b-3f16-9796-c5ba1605619e
2023-01-09 20:09:33,636 [om1-impl-thread1] INFO  server.RaftServerConfigKeys (ConfUtils.java:logGet(46)) - raft.server.log.queue.byte-limit = 64MB (=67108864) (default)
2023-01-09 20:09:33,636 [om1-impl-thread1] INFO  server.RaftServerConfigKeys (ConfUtils.java:logGet(46)) - raft.server.log.queue.element-limit = 4096 (default)
2023-01-09 20:09:33,638 [om1-impl-thread1] INFO  server.RaftServerConfigKeys (ConfUtils.java:logGet(46)) - raft.server.log.segment.size.max = 4194304 (custom)
2023-01-09 20:09:33,638 [om1-impl-thread1] INFO  server.RaftServerConfigKeys (ConfUtils.java:logGet(46)) - raft.server.log.preallocated.size = 4194304 (custom)
2023-01-09 20:09:33,639 [om1-impl-thread1] INFO  server.RaftServerConfigKeys (ConfUtils.java:logGet(46)) - raft.server.log.force.sync.num = 128 (default)
2023-01-09 20:09:33,640 [om1-impl-thread1] INFO  server.RaftServerConfigKeys (ConfUtils.java:logGet(46)) - raft.server.log.statemachine.data.sync = true (default)
2023-01-09 20:09:33,640 [om1-impl-thread1] INFO  server.RaftServerConfigKeys (ConfUtils.java:logGet(46)) - raft.server.log.statemachine.data.sync.timeout = 10s (default)
2023-01-09 20:09:33,640 [om1-impl-thread1] INFO  server.RaftServerConfigKeys (ConfUtils.java:logGet(46)) - raft.server.log.statemachine.data.sync.timeout.retry = -1 (default)
2023-01-09 20:09:33,652 [om1-impl-thread1] INFO  server.RaftServerConfigKeys (ConfUtils.java:logGet(46)) - raft.server.log.write.buffer.size = 64KB (=65536) (default)
2023-01-09 20:09:33,652 [om1-impl-thread1] INFO  server.RaftServerConfigKeys (ConfUtils.java:logGet(46)) - raft.server.log.appender.buffer.byte-limit = 33554432 (custom)
2023-01-09 20:09:33,658 [om1-impl-thread1] INFO  server.RaftServerConfigKeys (ConfUtils.java:logGet(46)) - raft.server.log.unsafe-flush.enabled = false (default)
2023-01-09 20:09:33,659 [om1-impl-thread1] INFO  server.RaftServerConfigKeys (ConfUtils.java:logGet(46)) - raft.server.log.async-flush.enabled = false (default)
2023-01-09 20:09:33,659 [om1-impl-thread1] INFO  server.RaftServerConfigKeys (ConfUtils.java:logGet(46)) - raft.server.log.statemachine.data.caching.enabled = false (default)
2023-01-09 20:09:33,668 [om1-impl-thread1] INFO  segmented.SegmentedRaftLogWorker (SegmentedRaftLogWorker.java:lambda$new$0(135)) - om1@group-C5BA1605619E-SegmentedRaftLogWorker: flushIndex: setUnconditionally 0 -> -1
2023-01-09 20:09:33,668 [om1-impl-thread1] INFO  segmented.SegmentedRaftLogWorker (SegmentedRaftLogWorker.java:lambda$new$0(135)) - om1@group-C5BA1605619E-SegmentedRaftLogWorker: safeCacheEvictIndex: setUnconditionally 0 -> -1
2023-01-09 20:09:33,670 [om1-impl-thread1] INFO  server.RaftServer$Division (RaftServerImpl.java:start(334)) - om1@group-C5BA1605619E: start as a follower, conf=-1: peers:[om1|rpc:localhost:9872|priority:0|startupRole:FOLLOWER]|listeners:[], old=null
2023-01-09 20:09:33,673 [om1-impl-thread1] INFO  server.RaftServer$Division (RaftServerImpl.java:setRole(321)) - om1@group-C5BA1605619E: changes role from      null to FOLLOWER at term 0 for startAsFollower
2023-01-09 20:09:33,676 [om1-impl-thread1] INFO  impl.RoleInfo (RoleInfo.java:updateAndGet(139)) - om1: start om1@group-C5BA1605619E-FollowerState
2023-01-09 20:09:33,677 [om1-impl-thread1] INFO  util.JmxRegister (JmxRegister.java:tryRegister(44)) - Successfully registered JMX Bean with object name Ratis:service=RaftServer,group=group-C5BA1605619E,id=om1
2023-01-09 20:09:33,680 [om1-impl-thread1] INFO  server.RaftServerConfigKeys (ConfUtils.java:logGet(46)) - raft.server.snapshot.auto.trigger.enabled = true (custom)
2023-01-09 20:09:33,680 [om1-impl-thread1] INFO  server.RaftServerConfigKeys (ConfUtils.java:logGet(46)) - raft.server.snapshot.auto.trigger.threshold = 400000 (default)
2023-01-09 20:09:33,681 [om1-impl-thread1] INFO  server.RaftServerConfigKeys (ConfUtils.java:logGet(46)) - raft.server.snapshot.retention.file.num = -1 (default)
2023-01-09 20:09:33,681 [om1-impl-thread1] INFO  server.RaftServerConfigKeys (ConfUtils.java:logGet(46)) - raft.server.log.purge.upto.snapshot.index = true (custom)
2023-01-09 20:09:33,694 [om1@group-C5BA1605619E-FollowerState] INFO  server.RaftServerConfigKeys (ConfUtils.java:logFallback(53)) - raft.server.rpc.first-election.timeout.min = 1s (fallback to raft.server.rpc.timeout.min)
2023-01-09 20:09:33,694 [om1@group-C5BA1605619E-FollowerState] INFO  server.RaftServerConfigKeys (ConfUtils.java:logFallback(53)) - raft.server.rpc.first-election.timeout.max = 1200ms (fallback to raft.server.rpc.timeout.max)
2023-01-09 20:09:33,698 [Listener at 127.0.0.1/33951] INFO  server.RaftServer (RaftServerProxy.java:startImpl(393)) - om1: start RPC server
2023-01-09 20:09:33,737 [Listener at 127.0.0.1/33951] INFO  server.GrpcService (GrpcService.java:startImpl(262)) - om1: GrpcService started, listening on 9872
2023-01-09 20:09:33,740 [Listener at 127.0.0.1/33951] INFO  om.OzoneManager (OzoneManager.java:start(1504)) - Version File has different layout version (3) than OM DB (null). That is expected if this OM has never been finalized to a newer layout version.
2023-01-09 20:09:33,742 [JvmPauseMonitor0] INFO  util.JvmPauseMonitor (JvmPauseMonitor.java:run(105)) - JvmPauseMonitor-om1: Started
2023-01-09 20:09:33,768 [Listener at 127.0.0.1/33951] INFO  http.BaseHttpServer (BaseHttpServer.java:newHttpServer2BuilderForOzone(213)) - Starting Web-server for ozoneManager at: http://0.0.0.0:0
2023-01-09 20:09:33,768 [Listener at 127.0.0.1/33951] INFO  http.BaseHttpServer (BaseHttpServer.java:<init>(108)) - Hadoop Security Enabled: false Ozone Security Enabled: false Ozone HTTP Security Enabled: false 
2023-01-09 20:09:33,770 [Listener at 127.0.0.1/33951] WARN  server.AuthenticationFilter (AuthenticationFilter.java:constructSecretProvider(240)) - Unable to initialize FileSignerSecretProvider, falling back to use random secrets. Reason: Could not read signature secret file: /home/runner/hadoop-http-auth-signature-secret
2023-01-09 20:09:33,773 [Listener at 127.0.0.1/33951] WARN  http.HttpRequestLog (HttpRequestLog.java:getRequestLog(103)) - Jetty request log can only be enabled using Log4j
2023-01-09 20:09:33,775 [Listener at 127.0.0.1/33951] INFO  http.HttpServer2 (HttpServer2.java:addGlobalFilter(1031)) - Added global filter 'safety' (class=org.apache.hadoop.hdds.server.http.HttpServer2$QuotingInputFilter)
2023-01-09 20:09:33,776 [Listener at 127.0.0.1/33951] INFO  http.HttpServer2 (HttpServer2.java:addFilter(1007)) - Added filter static_user_filter (class=org.apache.hadoop.http.lib.StaticUserWebFilter$StaticUserFilter) to context ozoneManager
2023-01-09 20:09:33,776 [Listener at 127.0.0.1/33951] INFO  http.HttpServer2 (HttpServer2.java:addFilter(1015)) - Added filter static_user_filter (class=org.apache.hadoop.http.lib.StaticUserWebFilter$StaticUserFilter) to context logs
2023-01-09 20:09:33,776 [Listener at 127.0.0.1/33951] INFO  http.HttpServer2 (HttpServer2.java:addFilter(1015)) - Added filter static_user_filter (class=org.apache.hadoop.http.lib.StaticUserWebFilter$StaticUserFilter) to context static
2023-01-09 20:09:33,778 [Listener at 127.0.0.1/33951] INFO  http.HttpServer2 (HttpServer2.java:bindListener(1250)) - Jetty bound to port 36365
2023-01-09 20:09:33,779 [Listener at 127.0.0.1/33951] INFO  server.Server (Server.java:doStart(375)) - jetty-9.4.49.v20220914; built: 2022-09-14T01:07:36.601Z; git: 4231a3b2e4cb8548a412a789936d640a97b1aa0a; jvm 1.8.0_352-b08
2023-01-09 20:09:33,789 [Listener at 127.0.0.1/33951] INFO  server.session (DefaultSessionIdManager.java:doStart(334)) - DefaultSessionIdManager workerName=node0
2023-01-09 20:09:33,790 [Listener at 127.0.0.1/33951] INFO  server.session (DefaultSessionIdManager.java:doStart(339)) - No SessionScavenger set, using defaults
2023-01-09 20:09:33,790 [Listener at 127.0.0.1/33951] INFO  server.session (HouseKeeper.java:startScavenging(132)) - node0 Scavenging every 660000ms
2023-01-09 20:09:33,791 [Listener at 127.0.0.1/33951] INFO  handler.ContextHandler (ContextHandler.java:doStart(921)) - Started o.e.j.s.ServletContextHandler@54cf508a{logs,/logs,file:///home/runner/work/ozone/ozone/hadoop-ozone/integration-test/target/log,AVAILABLE}
2023-01-09 20:09:33,791 [Listener at 127.0.0.1/33951] INFO  handler.ContextHandler (ContextHandler.java:doStart(921)) - Started o.e.j.s.ServletContextHandler@f42576a{static,/static,file:///home/runner/work/ozone/ozone/hadoop-ozone/integration-test/target/test-classes/webapps/static,AVAILABLE}
2023-01-09 20:09:33,797 [Listener at 127.0.0.1/33951] INFO  handler.ContextHandler (ContextHandler.java:doStart(921)) - Started o.e.j.w.WebAppContext@540823d{ozoneManager,/,file:///home/runner/work/ozone/ozone/hadoop-ozone/integration-test/target/test-classes/webapps/ozoneManager/,AVAILABLE}{file:/home/runner/work/ozone/ozone/hadoop-ozone/integration-test/target/test-classes/webapps/ozoneManager}
2023-01-09 20:09:33,799 [Listener at 127.0.0.1/33951] INFO  server.AbstractConnector (AbstractConnector.java:doStart(333)) - Started ServerConnector@763ee217{HTTP/1.1, (http/1.1)}{0.0.0.0:36365}
2023-01-09 20:09:33,799 [Listener at 127.0.0.1/33951] INFO  server.Server (Server.java:doStart(415)) - Started @9022ms
2023-01-09 20:09:33,799 [Listener at 127.0.0.1/33951] WARN  impl.MetricsSystemImpl (MetricsSystemImpl.java:register(279)) - Sink prometheus already exists!
2023-01-09 20:09:33,803 [Listener at 127.0.0.1/33951] INFO  http.BaseHttpServer (BaseHttpServer.java:updateConnectorAddress(333)) - HTTP server of ozoneManager listening at http://0.0.0.0:36365
2023-01-09 20:09:33,804 [IPC Server Responder] INFO  ipc.Server (Server.java:run(1512)) - IPC Server Responder: starting
2023-01-09 20:09:33,806 [IPC Server listener on 0] INFO  ipc.Server (Server.java:run(1352)) - IPC Server listener on 0: starting
2023-01-09 20:09:33,818 [Listener at 127.0.0.1/33951] INFO  om.OzoneManager (OzoneManager.java:startTrashEmptier(1925)) - Trash Interval set to 0. Files deleted won't move to trash
2023-01-09 20:09:33,826 [org.apache.hadoop.util.JvmPauseMonitor$Monitor@798b52a0] INFO  util.JvmPauseMonitor (JvmPauseMonitor.java:run(188)) - Starting JVM pause monitor
2023-01-09 20:09:33,996 [Listener at 127.0.0.1/33951] WARN  impl.MetricRegistriesImpl (MetricRegistriesImpl.java:addReporterRegistration(111)) - New reporters are added after registries were created. Some metrics will be missing from the reporter. Please add reporter before adding any new registry.
2023-01-09 20:09:33,997 [Listener at 127.0.0.1/33951] WARN  impl.MetricRegistriesImpl (MetricRegistriesImpl.java:addReporterRegistration(111)) - New reporters are added after registries were created. Some metrics will be missing from the reporter. Please add reporter before adding any new registry.
2023-01-09 20:09:33,997 [Listener at 127.0.0.1/33951] INFO  impl.MetricsSystemImpl (MetricsSystemImpl.java:init(158)) - HddsDatanode metrics system started (again)
2023-01-09 20:09:34,016 [Listener at 127.0.0.1/33951] INFO  ozone.HddsDatanodeService (HddsDatanodeService.java:start(228)) - HddsDatanodeService host:fv-az457-50.3faczmgjfduuxnksfsdf43hgfa.dx.internal.cloudapp.net ip:10.1.0.27
2023-01-09 20:09:34,059 [Listener at 127.0.0.1/33951] INFO  upgrade.AbstractLayoutVersionManager (AbstractLayoutVersionManager.java:init(83)) - Initializing Layout version manager with metadata layout = DATANODE_SCHEMA_V3 (version = 4), software layout = DATANODE_SCHEMA_V3 (version = 4)
2023-01-09 20:09:34,124 [Listener at 127.0.0.1/33951] INFO  reflections.Reflections (Reflections.java:scan(232)) - Reflections took 63 ms to scan 7 urls, producing 146 keys and 350 values 
2023-01-09 20:09:34,129 [Listener at 127.0.0.1/33951] INFO  statemachine.DatanodeStateMachine (DatanodeStateMachine.java:getEndPointTaskThreadPoolSize(248)) - Datanode State Machine Task Thread Pool size 2
2023-01-09 20:09:34,196 [Listener at 127.0.0.1/33951] INFO  volume.HddsVolume (HddsVolume.java:<init>(117)) - Creating HddsVolume: /home/runner/work/ozone/ozone/hadoop-ozone/integration-test/target/test-dir/MiniOzoneClusterImpl-dc953f1b-8f43-4e25-a114-36b3b0290d25/datanode-0/data-0/containers/hdds of storage type : DISK capacity : 9223372036854775807
2023-01-09 20:09:34,199 [Listener at 127.0.0.1/33951] INFO  volume.MutableVolumeSet (MutableVolumeSet.java:initializeVolumeSet(174)) - Added Volume : /home/runner/work/ozone/ozone/hadoop-ozone/integration-test/target/test-dir/MiniOzoneClusterImpl-dc953f1b-8f43-4e25-a114-36b3b0290d25/datanode-0/data-0/containers/hdds to VolumeSet
2023-01-09 20:09:34,201 [Listener at 127.0.0.1/33951] INFO  volume.ThrottledAsyncChecker (ThrottledAsyncChecker.java:schedule(141)) - Scheduling a check for /home/runner/work/ozone/ozone/hadoop-ozone/integration-test/target/test-dir/MiniOzoneClusterImpl-dc953f1b-8f43-4e25-a114-36b3b0290d25/datanode-0/data-0/containers/hdds
2023-01-09 20:09:34,223 [Listener at 127.0.0.1/33951] INFO  volume.StorageVolumeChecker (StorageVolumeChecker.java:checkAllVolumes(202)) - Scheduled health check for volume /home/runner/work/ozone/ozone/hadoop-ozone/integration-test/target/test-dir/MiniOzoneClusterImpl-dc953f1b-8f43-4e25-a114-36b3b0290d25/datanode-0/data-0/containers/hdds
2023-01-09 20:09:34,245 [Listener at 127.0.0.1/33951] INFO  volume.MutableVolumeSet (MutableVolumeSet.java:initializeVolumeSet(174)) - Added Volume : /home/runner/work/ozone/ozone/hadoop-ozone/integration-test/target/test-dir/MiniOzoneClusterImpl-dc953f1b-8f43-4e25-a114-36b3b0290d25/datanode-0/data/ratis to VolumeSet
2023-01-09 20:09:34,245 [Listener at 127.0.0.1/33951] INFO  volume.ThrottledAsyncChecker (ThrottledAsyncChecker.java:schedule(141)) - Scheduling a check for /home/runner/work/ozone/ozone/hadoop-ozone/integration-test/target/test-dir/MiniOzoneClusterImpl-dc953f1b-8f43-4e25-a114-36b3b0290d25/datanode-0/data/ratis
2023-01-09 20:09:34,246 [Listener at 127.0.0.1/33951] INFO  volume.StorageVolumeChecker (StorageVolumeChecker.java:checkAllVolumes(202)) - Scheduled health check for volume /home/runner/work/ozone/ozone/hadoop-ozone/integration-test/target/test-dir/MiniOzoneClusterImpl-dc953f1b-8f43-4e25-a114-36b3b0290d25/datanode-0/data/ratis
2023-01-09 20:09:34,274 [Thread-136] INFO  ozoneimpl.ContainerReader (ContainerReader.java:readVolume(175)) - Finish verifying containers on volume /home/runner/work/ozone/ozone/hadoop-ozone/integration-test/target/test-dir/MiniOzoneClusterImpl-dc953f1b-8f43-4e25-a114-36b3b0290d25/datanode-0/data-0/containers/hdds
2023-01-09 20:09:34,275 [Listener at 127.0.0.1/33951] INFO  ozoneimpl.OzoneContainer (OzoneContainer.java:buildContainerSet(301)) - Build ContainerSet costs 0s
2023-01-09 20:09:34,333 [Listener at 127.0.0.1/33951] INFO  audit.AuditLogger (AuditLogger.java:refreshDebugCmdSet(126)) - Refresh DebugCmdSet for DNAudit to [].
2023-01-09 20:09:34,370 [Listener at 127.0.0.1/33951] INFO  server.RaftServer (ConfUtils.java:logGet(46)) - raft.rpc.type = GRPC (default)
2023-01-09 20:09:34,372 [Listener at 127.0.0.1/33951] INFO  grpc.GrpcConfigKeys (ConfUtils.java:logFallback(53)) - raft.grpc.admin.host = null (fallback to raft.grpc.server.host)
2023-01-09 20:09:34,372 [Listener at 127.0.0.1/33951] INFO  grpc.GrpcConfigKeys (ConfUtils.java:logGet(46)) - raft.grpc.admin.port = 0 (custom)
2023-01-09 20:09:34,372 [Listener at 127.0.0.1/33951] INFO  grpc.GrpcConfigKeys (ConfUtils.java:logFallback(53)) - raft.grpc.client.host = null (fallback to raft.grpc.server.host)
2023-01-09 20:09:34,373 [Listener at 127.0.0.1/33951] INFO  grpc.GrpcConfigKeys (ConfUtils.java:logGet(46)) - raft.grpc.client.port = 0 (custom)
2023-01-09 20:09:34,373 [Listener at 127.0.0.1/33951] INFO  grpc.GrpcConfigKeys (ConfUtils.java:logGet(46)) - raft.grpc.server.host = null (default)
2023-01-09 20:09:34,373 [Listener at 127.0.0.1/33951] INFO  grpc.GrpcConfigKeys (ConfUtils.java:logGet(46)) - raft.grpc.server.port = 0 (default)
2023-01-09 20:09:34,373 [Listener at 127.0.0.1/33951] INFO  server.GrpcService (ConfUtils.java:logGet(46)) - raft.grpc.message.size.max = 32MB (=33554432) (custom)
2023-01-09 20:09:34,374 [Listener at 127.0.0.1/33951] INFO  server.RaftServerConfigKeys (ConfUtils.java:logGet(46)) - raft.server.log.appender.buffer.byte-limit = 33554432 (custom)
2023-01-09 20:09:34,374 [Listener at 127.0.0.1/33951] INFO  server.GrpcService (ConfUtils.java:logGet(46)) - raft.grpc.flow.control.window = 5MB (=5242880) (custom)
2023-01-09 20:09:34,374 [Listener at 127.0.0.1/33951] INFO  server.RaftServerConfigKeys (ConfUtils.java:logGet(46)) - raft.server.rpc.request.timeout = 60s (custom)
2023-01-09 20:09:34,374 [Listener at 127.0.0.1/33951] INFO  grpc.GrpcConfigKeys (ConfUtils.java:logGet(46)) - raft.grpc.server.heartbeat.channel = true (default)
2023-01-09 20:09:34,375 [Listener at 127.0.0.1/33951] INFO  grpc.GrpcConfigKeys (ConfUtils.java:logGet(46)) - raft.grpc.server.async.request.thread.pool.cached = true (default)
2023-01-09 20:09:34,375 [Listener at 127.0.0.1/33951] INFO  grpc.GrpcConfigKeys (ConfUtils.java:logGet(46)) - raft.grpc.server.async.request.thread.pool.size = 32 (default)
2023-01-09 20:09:34,377 [Listener at 127.0.0.1/33951] INFO  impl.DataStreamServerImpl (ConfUtils.java:logGet(46)) - raft.datastream.type = NETTY (custom)
2023-01-09 20:09:34,377 [Listener at 127.0.0.1/33951] INFO  server.RaftServerConfigKeys (ConfUtils.java:logGet(46)) - raft.server.data-stream.async.request.thread.pool.cached = false (default)
2023-01-09 20:09:34,377 [Listener at 127.0.0.1/33951] INFO  server.RaftServerConfigKeys (ConfUtils.java:logGet(46)) - raft.server.data-stream.async.request.thread.pool.size = 20 (custom)
2023-01-09 20:09:34,378 [Listener at 127.0.0.1/33951] INFO  server.RaftServerConfigKeys (ConfUtils.java:logGet(46)) - raft.server.data-stream.async.write.thread.pool.size = 16 (default)
2023-01-09 20:09:34,378 [Listener at 127.0.0.1/33951] INFO  server.RaftServerConfigKeys (ConfUtils.java:logGet(46)) - raft.server.data-stream.client.pool.size = 10 (default)
2023-01-09 20:09:34,378 [Listener at 127.0.0.1/33951] INFO  netty.NettyConfigKeys$DataStream (ConfUtils.java:logGet(46)) - raft.netty.dataStream.server.use-epoll = false (default)
2023-01-09 20:09:34,378 [Listener at 127.0.0.1/33951] INFO  netty.NettyConfigKeys$DataStream (ConfUtils.java:logGet(46)) - raft.netty.dataStream.server.boss-group.size = 0 (default)
2023-01-09 20:09:34,379 [Listener at 127.0.0.1/33951] INFO  netty.NettyConfigKeys$DataStream (ConfUtils.java:logGet(46)) - raft.netty.dataStream.server.worker-group.size = 0 (default)
2023-01-09 20:09:34,394 [Listener at 127.0.0.1/33951] INFO  netty.NettyConfigKeys$DataStream (ConfUtils.java:logGet(46)) - raft.netty.dataStream.server.tls.conf = null (default)
2023-01-09 20:09:34,395 [Listener at 127.0.0.1/33951] INFO  netty.NettyConfigKeys$DataStream (ConfUtils.java:logGet(46)) - raft.netty.dataStream.host = null (default)
2023-01-09 20:09:34,395 [Listener at 127.0.0.1/33951] INFO  netty.NettyConfigKeys$DataStream (ConfUtils.java:logGet(46)) - raft.netty.dataStream.port = 0 (default)
2023-01-09 20:09:34,396 [Listener at 127.0.0.1/33951] INFO  server.RaftServerConfigKeys (ConfUtils.java:logGet(46)) - raft.server.threadpool.proxy.cached = true (default)
2023-01-09 20:09:34,396 [Listener at 127.0.0.1/33951] INFO  server.RaftServerConfigKeys (ConfUtils.java:logGet(46)) - raft.server.threadpool.proxy.size = 0 (default)
2023-01-09 20:09:34,396 [Listener at 127.0.0.1/33951] INFO  server.RaftServerConfigKeys (ConfUtils.java:logGet(46)) - raft.server.rpc.slowness.timeout = 300s (custom)
2023-01-09 20:09:34,396 [Listener at 127.0.0.1/33951] INFO  server.RaftServerConfigKeys (ConfUtils.java:logGet(46)) - raft.server.leaderelection.leader.step-down.wait-time = 10s (default)
2023-01-09 20:09:34,397 [Listener at 127.0.0.1/33951] INFO  server.RaftServerConfigKeys (ConfUtils.java:logGet(46)) - raft.server.storage.dir = [/home/runner/work/ozone/ozone/hadoop-ozone/integration-test/target/test-dir/MiniOzoneClusterImpl-dc953f1b-8f43-4e25-a114-36b3b0290d25/datanode-0/data/ratis] (custom)
2023-01-09 20:09:34,398 [204ebb6c-eb9c-4605-8b0a-417067302917-NettyServerStreamRpc-bossGroup--thread1] INFO  logging.LoggingHandler (AbstractInternalLogger.java:log(148)) - [id: 0x1c7eb2d8] REGISTERED
2023-01-09 20:09:34,399 [204ebb6c-eb9c-4605-8b0a-417067302917-NettyServerStreamRpc-bossGroup--thread1] INFO  logging.LoggingHandler (AbstractInternalLogger.java:log(148)) - [id: 0x1c7eb2d8] BIND: 0.0.0.0/0.0.0.0:0
2023-01-09 20:09:34,399 [204ebb6c-eb9c-4605-8b0a-417067302917-NettyServerStreamRpc-bossGroup--thread1] INFO  logging.LoggingHandler (AbstractInternalLogger.java:log(148)) - [id: 0x1c7eb2d8, L:/0:0:0:0:0:0:0:0:40035] ACTIVE
2023-01-09 20:09:34,421 [Listener at 127.0.0.1/33951] INFO  server.XceiverServerGrpc (XceiverServerGrpc.java:<init>(132)) - GrpcServer channel type EpollServerSocketChannel
2023-01-09 20:09:34,503 [Listener at 127.0.0.1/33951] INFO  http.BaseHttpServer (BaseHttpServer.java:newHttpServer2BuilderForOzone(213)) - Starting Web-server for hddsDatanode at: http://0.0.0.0:0
2023-01-09 20:09:34,503 [Listener at 127.0.0.1/33951] INFO  http.BaseHttpServer (BaseHttpServer.java:<init>(108)) - Hadoop Security Enabled: false Ozone Security Enabled: false Ozone HTTP Security Enabled: false 
2023-01-09 20:09:34,505 [Listener at 127.0.0.1/33951] WARN  server.AuthenticationFilter (AuthenticationFilter.java:constructSecretProvider(240)) - Unable to initialize FileSignerSecretProvider, falling back to use random secrets. Reason: Could not read signature secret file: /home/runner/hadoop-http-auth-signature-secret
2023-01-09 20:09:34,506 [Listener at 127.0.0.1/33951] WARN  http.HttpRequestLog (HttpRequestLog.java:getRequestLog(103)) - Jetty request log can only be enabled using Log4j
2023-01-09 20:09:34,508 [Listener at 127.0.0.1/33951] INFO  http.HttpServer2 (HttpServer2.java:addGlobalFilter(1031)) - Added global filter 'safety' (class=org.apache.hadoop.hdds.server.http.HttpServer2$QuotingInputFilter)
2023-01-09 20:09:34,509 [Listener at 127.0.0.1/33951] INFO  http.HttpServer2 (HttpServer2.java:addFilter(1007)) - Added filter static_user_filter (class=org.apache.hadoop.http.lib.StaticUserWebFilter$StaticUserFilter) to context hddsDatanode
2023-01-09 20:09:34,509 [Listener at 127.0.0.1/33951] INFO  http.HttpServer2 (HttpServer2.java:addFilter(1015)) - Added filter static_user_filter (class=org.apache.hadoop.http.lib.StaticUserWebFilter$StaticUserFilter) to context logs
2023-01-09 20:09:34,509 [Listener at 127.0.0.1/33951] INFO  http.HttpServer2 (HttpServer2.java:addFilter(1015)) - Added filter static_user_filter (class=org.apache.hadoop.http.lib.StaticUserWebFilter$StaticUserFilter) to context static
2023-01-09 20:09:34,510 [Listener at 127.0.0.1/33951] INFO  http.HttpServer2 (HttpServer2.java:bindListener(1250)) - Jetty bound to port 37921
2023-01-09 20:09:34,511 [Listener at 127.0.0.1/33951] INFO  server.Server (Server.java:doStart(375)) - jetty-9.4.49.v20220914; built: 2022-09-14T01:07:36.601Z; git: 4231a3b2e4cb8548a412a789936d640a97b1aa0a; jvm 1.8.0_352-b08
2023-01-09 20:09:34,513 [Listener at 127.0.0.1/33951] INFO  server.session (DefaultSessionIdManager.java:doStart(334)) - DefaultSessionIdManager workerName=node0
2023-01-09 20:09:34,513 [Listener at 127.0.0.1/33951] INFO  server.session (DefaultSessionIdManager.java:doStart(339)) - No SessionScavenger set, using defaults
2023-01-09 20:09:34,514 [Listener at 127.0.0.1/33951] INFO  server.session (HouseKeeper.java:startScavenging(132)) - node0 Scavenging every 660000ms
2023-01-09 20:09:34,518 [Listener at 127.0.0.1/33951] INFO  handler.ContextHandler (ContextHandler.java:doStart(921)) - Started o.e.j.s.ServletContextHandler@2451c25{logs,/logs,file:///home/runner/work/ozone/ozone/hadoop-ozone/integration-test/target/log,AVAILABLE}
2023-01-09 20:09:34,519 [Listener at 127.0.0.1/33951] INFO  handler.ContextHandler (ContextHandler.java:doStart(921)) - Started o.e.j.s.ServletContextHandler@7bc1fd7e{static,/static,jar:file:/home/runner/.m2/repository/org/apache/ozone/hdds-container-service/1.4.0-SNAPSHOT/hdds-container-service-1.4.0-SNAPSHOT.jar!/webapps/static,AVAILABLE}
2023-01-09 20:09:34,783 [Listener at 127.0.0.1/33951] INFO  handler.ContextHandler (ContextHandler.java:doStart(921)) - Started o.e.j.w.WebAppContext@249887c3{hddsDatanode,/,file:///tmp/jetty-0_0_0_0-37921-hdds-container-service-1_4_0-SNAPSHOT_jar-_-any-7123787372299276435/webapp/,AVAILABLE}{jar:file:/home/runner/.m2/repository/org/apache/ozone/hdds-container-service/1.4.0-SNAPSHOT/hdds-container-service-1.4.0-SNAPSHOT.jar!/webapps/hddsDatanode}
2023-01-09 20:09:34,786 [Listener at 127.0.0.1/33951] INFO  server.AbstractConnector (AbstractConnector.java:doStart(333)) - Started ServerConnector@187175b3{HTTP/1.1, (http/1.1)}{0.0.0.0:37921}
2023-01-09 20:09:34,786 [Listener at 127.0.0.1/33951] INFO  server.Server (Server.java:doStart(415)) - Started @10009ms
2023-01-09 20:09:34,786 [Listener at 127.0.0.1/33951] WARN  impl.MetricsSystemImpl (MetricsSystemImpl.java:register(279)) - Sink prometheus already exists!
2023-01-09 20:09:34,788 [Listener at 127.0.0.1/33951] INFO  http.BaseHttpServer (BaseHttpServer.java:updateConnectorAddress(333)) - HTTP server of hddsDatanode listening at http://0.0.0.0:37921
2023-01-09 20:09:34,789 [Datanode State Machine Daemon Thread] INFO  statemachine.DatanodeStateMachine (DatanodeStateMachine.java:lambda$startDaemon$0(508)) - Ozone container server started.
2023-01-09 20:09:34,795 [Listener at 127.0.0.1/33951] WARN  impl.MetricRegistriesImpl (MetricRegistriesImpl.java:addReporterRegistration(111)) - New reporters are added after registries were created. Some metrics will be missing from the reporter. Please add reporter before adding any new registry.
2023-01-09 20:09:34,796 [Listener at 127.0.0.1/33951] WARN  impl.MetricRegistriesImpl (MetricRegistriesImpl.java:addReporterRegistration(111)) - New reporters are added after registries were created. Some metrics will be missing from the reporter. Please add reporter before adding any new registry.
2023-01-09 20:09:34,796 [Listener at 127.0.0.1/33951] INFO  impl.MetricsSystemImpl (MetricsSystemImpl.java:init(158)) - HddsDatanode metrics system started (again)
2023-01-09 20:09:34,809 [Listener at 127.0.0.1/33951] INFO  ozone.HddsDatanodeService (HddsDatanodeService.java:start(228)) - HddsDatanodeService host:fv-az457-50.3faczmgjfduuxnksfsdf43hgfa.dx.internal.cloudapp.net ip:10.1.0.27
2023-01-09 20:09:34,819 [om1@group-C5BA1605619E-FollowerState] INFO  impl.FollowerState (FollowerState.java:run(143)) - om1@group-C5BA1605619E-FollowerState: change to CANDIDATE, lastRpcElapsedTime:1143398088ns, electionTimeout:1123ms
2023-01-09 20:09:34,820 [om1@group-C5BA1605619E-FollowerState] INFO  impl.RoleInfo (RoleInfo.java:shutdownFollowerState(110)) - om1: shutdown om1@group-C5BA1605619E-FollowerState
2023-01-09 20:09:34,827 [om1@group-C5BA1605619E-FollowerState] INFO  server.RaftServer$Division (RaftServerImpl.java:setRole(321)) - om1@group-C5BA1605619E: changes role from  FOLLOWER to CANDIDATE at term 0 for changeToCandidate
2023-01-09 20:09:34,830 [om1@group-C5BA1605619E-FollowerState] INFO  server.RaftServerConfigKeys (ConfUtils.java:logGet(46)) - raft.server.leaderelection.pre-vote = false (custom)
2023-01-09 20:09:34,830 [om1@group-C5BA1605619E-FollowerState] INFO  impl.RoleInfo (RoleInfo.java:updateAndGet(139)) - om1: start om1@group-C5BA1605619E-LeaderElection1
2023-01-09 20:09:34,842 [org.apache.hadoop.util.JvmPauseMonitor$Monitor@72b4889b] INFO  util.JvmPauseMonitor (JvmPauseMonitor.java:run(188)) - Starting JVM pause monitor
2023-01-09 20:09:34,851 [Listener at 127.0.0.1/33951] INFO  upgrade.AbstractLayoutVersionManager (AbstractLayoutVersionManager.java:init(83)) - Initializing Layout version manager with metadata layout = DATANODE_SCHEMA_V3 (version = 4), software layout = DATANODE_SCHEMA_V3 (version = 4)
2023-01-09 20:09:34,852 [om1@group-C5BA1605619E-LeaderElection1] INFO  impl.LeaderElection (LeaderElection.java:askForVotes(312)) - om1@group-C5BA1605619E-LeaderElection1 ELECTION round 0: submit vote requests at term 1 for -1: peers:[om1|rpc:localhost:9872|priority:0|startupRole:FOLLOWER]|listeners:[], old=null
2023-01-09 20:09:34,853 [om1@group-C5BA1605619E-LeaderElection1] INFO  impl.LeaderElection (LeaderElection.java:askForVotes(314)) - om1@group-C5BA1605619E-LeaderElection1 ELECTION round 0: result PASSED (term=1)
2023-01-09 20:09:34,854 [om1@group-C5BA1605619E-LeaderElection1] INFO  impl.RoleInfo (RoleInfo.java:shutdownLeaderElection(130)) - om1: shutdown om1@group-C5BA1605619E-LeaderElection1
2023-01-09 20:09:34,854 [om1@group-C5BA1605619E-LeaderElection1] INFO  server.RaftServer$Division (RaftServerImpl.java:setRole(321)) - om1@group-C5BA1605619E: changes role from CANDIDATE to LEADER at term 1 for changeToLeader
2023-01-09 20:09:34,854 [om1@group-C5BA1605619E-LeaderElection1] INFO  server.RaftServer$Division (ServerState.java:setLeader(313)) - om1@group-C5BA1605619E: change Leader from null to om1 at term 1 for becomeLeader, leader elected after 2462ms
2023-01-09 20:09:34,861 [om1@group-C5BA1605619E-LeaderElection1] INFO  server.RaftServerConfigKeys (ConfUtils.java:logGet(46)) - raft.server.staging.catchup.gap = 1000 (default)
2023-01-09 20:09:34,867 [om1@group-C5BA1605619E-LeaderElection1] INFO  server.RaftServerConfigKeys (ConfUtils.java:logGet(46)) - raft.server.write.element-limit = 4096 (default)
2023-01-09 20:09:34,868 [om1@group-C5BA1605619E-LeaderElection1] INFO  server.RaftServerConfigKeys (ConfUtils.java:logGet(46)) - raft.server.write.byte-limit = 64MB (=67108864) (default)
2023-01-09 20:09:34,874 [om1@group-C5BA1605619E-LeaderElection1] INFO  server.RaftServerConfigKeys (ConfUtils.java:logGet(46)) - raft.server.watch.timeout = 10s (default)
2023-01-09 20:09:34,875 [om1@group-C5BA1605619E-LeaderElection1] INFO  server.RaftServerConfigKeys (ConfUtils.java:logGet(46)) - raft.server.watch.timeout.denomination = 1s (default)
2023-01-09 20:09:34,875 [om1@group-C5BA1605619E-LeaderElection1] INFO  server.RaftServerConfigKeys (ConfUtils.java:logGet(46)) - raft.server.watch.element-limit = 65536 (default)
2023-01-09 20:09:34,899 [om1@group-C5BA1605619E-LeaderElection1] INFO  server.RaftServerConfigKeys (ConfUtils.java:logGet(46)) - raft.server.write.element-limit = 4096 (default)
2023-01-09 20:09:34,907 [om1@group-C5BA1605619E-LeaderElection1] INFO  server.RaftServerConfigKeys (ConfUtils.java:logGet(46)) - raft.server.write.follower.gap.ratio.max = -1.0 (default)
2023-01-09 20:09:34,918 [om1@group-C5BA1605619E-LeaderElection1] INFO  impl.RoleInfo (RoleInfo.java:updateAndGet(139)) - om1: start om1@group-C5BA1605619E-LeaderStateImpl
2023-01-09 20:09:34,959 [Listener at 127.0.0.1/33951] INFO  reflections.Reflections (Reflections.java:scan(232)) - Reflections took 106 ms to scan 7 urls, producing 146 keys and 350 values 
2023-01-09 20:09:34,964 [Listener at 127.0.0.1/33951] INFO  statemachine.DatanodeStateMachine (DatanodeStateMachine.java:getEndPointTaskThreadPoolSize(248)) - Datanode State Machine Task Thread Pool size 2
2023-01-09 20:09:34,970 [Listener at 127.0.0.1/33951] INFO  volume.HddsVolume (HddsVolume.java:<init>(117)) - Creating HddsVolume: /home/runner/work/ozone/ozone/hadoop-ozone/integration-test/target/test-dir/MiniOzoneClusterImpl-dc953f1b-8f43-4e25-a114-36b3b0290d25/datanode-1/data-0/containers/hdds of storage type : DISK capacity : 9223372036854775807
2023-01-09 20:09:34,970 [Listener at 127.0.0.1/33951] INFO  volume.MutableVolumeSet (MutableVolumeSet.java:initializeVolumeSet(174)) - Added Volume : /home/runner/work/ozone/ozone/hadoop-ozone/integration-test/target/test-dir/MiniOzoneClusterImpl-dc953f1b-8f43-4e25-a114-36b3b0290d25/datanode-1/data-0/containers/hdds to VolumeSet
2023-01-09 20:09:34,972 [Listener at 127.0.0.1/33951] INFO  volume.ThrottledAsyncChecker (ThrottledAsyncChecker.java:schedule(141)) - Scheduling a check for /home/runner/work/ozone/ozone/hadoop-ozone/integration-test/target/test-dir/MiniOzoneClusterImpl-dc953f1b-8f43-4e25-a114-36b3b0290d25/datanode-1/data-0/containers/hdds
2023-01-09 20:09:34,988 [Listener at 127.0.0.1/33951] INFO  volume.StorageVolumeChecker (StorageVolumeChecker.java:checkAllVolumes(202)) - Scheduled health check for volume /home/runner/work/ozone/ozone/hadoop-ozone/integration-test/target/test-dir/MiniOzoneClusterImpl-dc953f1b-8f43-4e25-a114-36b3b0290d25/datanode-1/data-0/containers/hdds
2023-01-09 20:09:34,991 [om1@group-C5BA1605619E-LeaderElection1] INFO  segmented.SegmentedRaftLogWorker (SegmentedRaftLogWorker.java:startLogSegment(452)) - om1@group-C5BA1605619E-SegmentedRaftLogWorker: Starting segment from index:0
2023-01-09 20:09:35,010 [Listener at 127.0.0.1/33951] INFO  volume.MutableVolumeSet (MutableVolumeSet.java:initializeVolumeSet(174)) - Added Volume : /home/runner/work/ozone/ozone/hadoop-ozone/integration-test/target/test-dir/MiniOzoneClusterImpl-dc953f1b-8f43-4e25-a114-36b3b0290d25/datanode-1/data/ratis to VolumeSet
2023-01-09 20:09:35,011 [Listener at 127.0.0.1/33951] INFO  volume.ThrottledAsyncChecker (ThrottledAsyncChecker.java:schedule(141)) - Scheduling a check for /home/runner/work/ozone/ozone/hadoop-ozone/integration-test/target/test-dir/MiniOzoneClusterImpl-dc953f1b-8f43-4e25-a114-36b3b0290d25/datanode-1/data/ratis
2023-01-09 20:09:35,011 [Listener at 127.0.0.1/33951] INFO  volume.StorageVolumeChecker (StorageVolumeChecker.java:checkAllVolumes(202)) - Scheduled health check for volume /home/runner/work/ozone/ozone/hadoop-ozone/integration-test/target/test-dir/MiniOzoneClusterImpl-dc953f1b-8f43-4e25-a114-36b3b0290d25/datanode-1/data/ratis
2023-01-09 20:09:35,096 [Thread-152] INFO  ozoneimpl.ContainerReader (ContainerReader.java:readVolume(175)) - Finish verifying containers on volume /home/runner/work/ozone/ozone/hadoop-ozone/integration-test/target/test-dir/MiniOzoneClusterImpl-dc953f1b-8f43-4e25-a114-36b3b0290d25/datanode-1/data-0/containers/hdds
2023-01-09 20:09:35,097 [Listener at 127.0.0.1/33951] INFO  ozoneimpl.OzoneContainer (OzoneContainer.java:buildContainerSet(301)) - Build ContainerSet costs 0s
2023-01-09 20:09:35,101 [Listener at 127.0.0.1/33951] INFO  server.RaftServer (ConfUtils.java:logGet(46)) - raft.rpc.type = GRPC (default)
2023-01-09 20:09:35,102 [Listener at 127.0.0.1/33951] INFO  grpc.GrpcConfigKeys (ConfUtils.java:logFallback(53)) - raft.grpc.admin.host = null (fallback to raft.grpc.server.host)
2023-01-09 20:09:35,102 [Listener at 127.0.0.1/33951] INFO  grpc.GrpcConfigKeys (ConfUtils.java:logGet(46)) - raft.grpc.admin.port = 0 (custom)
2023-01-09 20:09:35,102 [Listener at 127.0.0.1/33951] INFO  grpc.GrpcConfigKeys (ConfUtils.java:logFallback(53)) - raft.grpc.client.host = null (fallback to raft.grpc.server.host)
2023-01-09 20:09:35,102 [Listener at 127.0.0.1/33951] INFO  grpc.GrpcConfigKeys (ConfUtils.java:logGet(46)) - raft.grpc.client.port = 0 (custom)
2023-01-09 20:09:35,103 [Listener at 127.0.0.1/33951] INFO  grpc.GrpcConfigKeys (ConfUtils.java:logGet(46)) - raft.grpc.server.host = null (default)
2023-01-09 20:09:35,103 [Listener at 127.0.0.1/33951] INFO  grpc.GrpcConfigKeys (ConfUtils.java:logGet(46)) - raft.grpc.server.port = 0 (default)
2023-01-09 20:09:35,107 [Listener at 127.0.0.1/33951] INFO  server.GrpcService (ConfUtils.java:logGet(46)) - raft.grpc.message.size.max = 32MB (=33554432) (custom)
2023-01-09 20:09:35,107 [Listener at 127.0.0.1/33951] INFO  server.RaftServerConfigKeys (ConfUtils.java:logGet(46)) - raft.server.log.appender.buffer.byte-limit = 33554432 (custom)
2023-01-09 20:09:35,107 [Listener at 127.0.0.1/33951] INFO  server.GrpcService (ConfUtils.java:logGet(46)) - raft.grpc.flow.control.window = 5MB (=5242880) (custom)
2023-01-09 20:09:35,107 [Listener at 127.0.0.1/33951] INFO  server.RaftServerConfigKeys (ConfUtils.java:logGet(46)) - raft.server.rpc.request.timeout = 60s (custom)
2023-01-09 20:09:35,110 [Listener at 127.0.0.1/33951] INFO  grpc.GrpcConfigKeys (ConfUtils.java:logGet(46)) - raft.grpc.server.heartbeat.channel = true (default)
2023-01-09 20:09:35,110 [Listener at 127.0.0.1/33951] INFO  grpc.GrpcConfigKeys (ConfUtils.java:logGet(46)) - raft.grpc.server.async.request.thread.pool.cached = true (default)
2023-01-09 20:09:35,110 [Listener at 127.0.0.1/33951] INFO  grpc.GrpcConfigKeys (ConfUtils.java:logGet(46)) - raft.grpc.server.async.request.thread.pool.size = 32 (default)
2023-01-09 20:09:35,122 [Listener at 127.0.0.1/33951] INFO  impl.DataStreamServerImpl (ConfUtils.java:logGet(46)) - raft.datastream.type = NETTY (custom)
2023-01-09 20:09:35,123 [Listener at 127.0.0.1/33951] INFO  server.RaftServerConfigKeys (ConfUtils.java:logGet(46)) - raft.server.data-stream.async.request.thread.pool.cached = false (default)
2023-01-09 20:09:35,123 [Listener at 127.0.0.1/33951] INFO  server.RaftServerConfigKeys (ConfUtils.java:logGet(46)) - raft.server.data-stream.async.request.thread.pool.size = 20 (custom)
2023-01-09 20:09:35,123 [Listener at 127.0.0.1/33951] INFO  server.RaftServerConfigKeys (ConfUtils.java:logGet(46)) - raft.server.data-stream.async.write.thread.pool.size = 16 (default)
2023-01-09 20:09:35,124 [Listener at 127.0.0.1/33951] INFO  server.RaftServerConfigKeys (ConfUtils.java:logGet(46)) - raft.server.data-stream.client.pool.size = 10 (default)
2023-01-09 20:09:35,124 [Listener at 127.0.0.1/33951] INFO  netty.NettyConfigKeys$DataStream (ConfUtils.java:logGet(46)) - raft.netty.dataStream.server.use-epoll = false (default)
2023-01-09 20:09:35,124 [Listener at 127.0.0.1/33951] INFO  netty.NettyConfigKeys$DataStream (ConfUtils.java:logGet(46)) - raft.netty.dataStream.server.boss-group.size = 0 (default)
2023-01-09 20:09:35,125 [Listener at 127.0.0.1/33951] INFO  netty.NettyConfigKeys$DataStream (ConfUtils.java:logGet(46)) - raft.netty.dataStream.server.worker-group.size = 0 (default)
2023-01-09 20:09:35,125 [Listener at 127.0.0.1/33951] INFO  netty.NettyConfigKeys$DataStream (ConfUtils.java:logGet(46)) - raft.netty.dataStream.server.tls.conf = null (default)
2023-01-09 20:09:35,125 [Listener at 127.0.0.1/33951] INFO  netty.NettyConfigKeys$DataStream (ConfUtils.java:logGet(46)) - raft.netty.dataStream.host = null (default)
2023-01-09 20:09:35,126 [Listener at 127.0.0.1/33951] INFO  netty.NettyConfigKeys$DataStream (ConfUtils.java:logGet(46)) - raft.netty.dataStream.port = 0 (default)
2023-01-09 20:09:35,135 [Listener at 127.0.0.1/33951] INFO  server.RaftServerConfigKeys (ConfUtils.java:logGet(46)) - raft.server.threadpool.proxy.cached = true (default)
2023-01-09 20:09:35,136 [Listener at 127.0.0.1/33951] INFO  server.RaftServerConfigKeys (ConfUtils.java:logGet(46)) - raft.server.threadpool.proxy.size = 0 (default)
2023-01-09 20:09:35,137 [Listener at 127.0.0.1/33951] INFO  server.RaftServerConfigKeys (ConfUtils.java:logGet(46)) - raft.server.rpc.slowness.timeout = 300s (custom)
2023-01-09 20:09:35,137 [Listener at 127.0.0.1/33951] INFO  server.RaftServerConfigKeys (ConfUtils.java:logGet(46)) - raft.server.leaderelection.leader.step-down.wait-time = 10s (default)
2023-01-09 20:09:35,137 [Listener at 127.0.0.1/33951] INFO  server.RaftServerConfigKeys (ConfUtils.java:logGet(46)) - raft.server.storage.dir = [/home/runner/work/ozone/ozone/hadoop-ozone/integration-test/target/test-dir/MiniOzoneClusterImpl-dc953f1b-8f43-4e25-a114-36b3b0290d25/datanode-1/data/ratis] (custom)
2023-01-09 20:09:35,155 [22174ed7-3438-44c1-87a9-382e0277420a-NettyServerStreamRpc-bossGroup--thread1] INFO  logging.LoggingHandler (AbstractInternalLogger.java:log(148)) - [id: 0xa2a12d1b] REGISTERED
2023-01-09 20:09:35,155 [22174ed7-3438-44c1-87a9-382e0277420a-NettyServerStreamRpc-bossGroup--thread1] INFO  logging.LoggingHandler (AbstractInternalLogger.java:log(148)) - [id: 0xa2a12d1b] BIND: 0.0.0.0/0.0.0.0:0
2023-01-09 20:09:35,155 [22174ed7-3438-44c1-87a9-382e0277420a-NettyServerStreamRpc-bossGroup--thread1] INFO  logging.LoggingHandler (AbstractInternalLogger.java:log(148)) - [id: 0xa2a12d1b, L:/0:0:0:0:0:0:0:0:45849] ACTIVE
2023-01-09 20:09:35,164 [Listener at 127.0.0.1/33951] INFO  server.XceiverServerGrpc (XceiverServerGrpc.java:<init>(132)) - GrpcServer channel type EpollServerSocketChannel
2023-01-09 20:09:35,173 [Listener at 127.0.0.1/33951] INFO  http.BaseHttpServer (BaseHttpServer.java:newHttpServer2BuilderForOzone(213)) - Starting Web-server for hddsDatanode at: http://0.0.0.0:0
2023-01-09 20:09:35,173 [Listener at 127.0.0.1/33951] INFO  http.BaseHttpServer (BaseHttpServer.java:<init>(108)) - Hadoop Security Enabled: false Ozone Security Enabled: false Ozone HTTP Security Enabled: false 
2023-01-09 20:09:35,175 [Listener at 127.0.0.1/33951] WARN  server.AuthenticationFilter (AuthenticationFilter.java:constructSecretProvider(240)) - Unable to initialize FileSignerSecretProvider, falling back to use random secrets. Reason: Could not read signature secret file: /home/runner/hadoop-http-auth-signature-secret
2023-01-09 20:09:35,185 [Listener at 127.0.0.1/33951] WARN  http.HttpRequestLog (HttpRequestLog.java:getRequestLog(103)) - Jetty request log can only be enabled using Log4j
2023-01-09 20:09:35,187 [Listener at 127.0.0.1/33951] INFO  http.HttpServer2 (HttpServer2.java:addGlobalFilter(1031)) - Added global filter 'safety' (class=org.apache.hadoop.hdds.server.http.HttpServer2$QuotingInputFilter)
2023-01-09 20:09:35,188 [Listener at 127.0.0.1/33951] INFO  http.HttpServer2 (HttpServer2.java:addFilter(1007)) - Added filter static_user_filter (class=org.apache.hadoop.http.lib.StaticUserWebFilter$StaticUserFilter) to context hddsDatanode
2023-01-09 20:09:35,188 [Listener at 127.0.0.1/33951] INFO  http.HttpServer2 (HttpServer2.java:addFilter(1015)) - Added filter static_user_filter (class=org.apache.hadoop.http.lib.StaticUserWebFilter$StaticUserFilter) to context logs
2023-01-09 20:09:35,188 [Listener at 127.0.0.1/33951] INFO  http.HttpServer2 (HttpServer2.java:addFilter(1015)) - Added filter static_user_filter (class=org.apache.hadoop.http.lib.StaticUserWebFilter$StaticUserFilter) to context static
2023-01-09 20:09:35,191 [om1@group-C5BA1605619E-LeaderElection1] INFO  server.RaftServer$Division (ServerState.java:setRaftConf(430)) - om1@group-C5BA1605619E: set configuration 0: peers:[om1|rpc:localhost:9872|admin:|client:|dataStream:|priority:0|startupRole:FOLLOWER]|listeners:[], old=null
2023-01-09 20:09:35,197 [Listener at 127.0.0.1/33951] INFO  http.HttpServer2 (HttpServer2.java:bindListener(1250)) - Jetty bound to port 46225
2023-01-09 20:09:35,198 [Listener at 127.0.0.1/33951] INFO  server.Server (Server.java:doStart(375)) - jetty-9.4.49.v20220914; built: 2022-09-14T01:07:36.601Z; git: 4231a3b2e4cb8548a412a789936d640a97b1aa0a; jvm 1.8.0_352-b08
2023-01-09 20:09:35,207 [Datanode State Machine Task Thread - 0] INFO  datanode.InitDatanodeState (InitDatanodeState.java:persistContainerDatanodeDetails(138)) - DatanodeDetails is persisted to /home/runner/work/ozone/ozone/hadoop-ozone/integration-test/target/test-dir/MiniOzoneClusterImpl-dc953f1b-8f43-4e25-a114-36b3b0290d25/datanode-0/meta/datanode.id
2023-01-09 20:09:35,232 [Listener at 127.0.0.1/33951] INFO  server.session (DefaultSessionIdManager.java:doStart(334)) - DefaultSessionIdManager workerName=node0
2023-01-09 20:09:35,232 [Listener at 127.0.0.1/33951] INFO  server.session (DefaultSessionIdManager.java:doStart(339)) - No SessionScavenger set, using defaults
2023-01-09 20:09:35,232 [Listener at 127.0.0.1/33951] INFO  server.session (HouseKeeper.java:startScavenging(132)) - node0 Scavenging every 660000ms
2023-01-09 20:09:35,233 [Listener at 127.0.0.1/33951] INFO  handler.ContextHandler (ContextHandler.java:doStart(921)) - Started o.e.j.s.ServletContextHandler@65f953d3{logs,/logs,file:///home/runner/work/ozone/ozone/hadoop-ozone/integration-test/target/log,AVAILABLE}
2023-01-09 20:09:35,234 [Listener at 127.0.0.1/33951] INFO  handler.ContextHandler (ContextHandler.java:doStart(921)) - Started o.e.j.s.ServletContextHandler@d1eb341{static,/static,jar:file:/home/runner/.m2/repository/org/apache/ozone/hdds-container-service/1.4.0-SNAPSHOT/hdds-container-service-1.4.0-SNAPSHOT.jar!/webapps/static,AVAILABLE}
2023-01-09 20:09:35,285 [om1@group-C5BA1605619E-SegmentedRaftLogWorker] INFO  segmented.SegmentedRaftLogWorker (SegmentedRaftLogWorker.java:execute(656)) - om1@group-C5BA1605619E-SegmentedRaftLogWorker: created new log segment /home/runner/work/ozone/ozone/hadoop-ozone/integration-test/target/test-dir/MiniOzoneClusterImpl-dc953f1b-8f43-4e25-a114-36b3b0290d25/ozone-meta/ratis/bf265839-605b-3f16-9796-c5ba1605619e/current/log_inprogress_0
2023-01-09 20:09:35,444 [om1@group-C5BA1605619E-StateMachineUpdater] INFO  ratis.OzoneManagerStateMachine (OzoneManagerStateMachine.java:notifyConfigurationChanged(192)) - Received Configuration change notification from Ratis. New Peer list:
[id: "om1"
address: "localhost:9872"
startupRole: FOLLOWER
]
2023-01-09 20:09:35,533 [Listener at 127.0.0.1/33951] INFO  handler.ContextHandler (ContextHandler.java:doStart(921)) - Started o.e.j.w.WebAppContext@b0713c9{hddsDatanode,/,file:///tmp/jetty-0_0_0_0-46225-hdds-container-service-1_4_0-SNAPSHOT_jar-_-any-2118717789130337051/webapp/,AVAILABLE}{jar:file:/home/runner/.m2/repository/org/apache/ozone/hdds-container-service/1.4.0-SNAPSHOT/hdds-container-service-1.4.0-SNAPSHOT.jar!/webapps/hddsDatanode}
2023-01-09 20:09:35,537 [Listener at 127.0.0.1/33951] INFO  server.AbstractConnector (AbstractConnector.java:doStart(333)) - Started ServerConnector@17675c2f{HTTP/1.1, (http/1.1)}{0.0.0.0:46225}
2023-01-09 20:09:35,538 [Listener at 127.0.0.1/33951] INFO  server.Server (Server.java:doStart(415)) - Started @10761ms
2023-01-09 20:09:35,538 [Listener at 127.0.0.1/33951] WARN  impl.MetricsSystemImpl (MetricsSystemImpl.java:register(279)) - Sink prometheus already exists!
2023-01-09 20:09:35,539 [Listener at 127.0.0.1/33951] INFO  http.BaseHttpServer (BaseHttpServer.java:updateConnectorAddress(333)) - HTTP server of hddsDatanode listening at http://0.0.0.0:46225
2023-01-09 20:09:35,539 [Listener at 127.0.0.1/33951] WARN  impl.MetricRegistriesImpl (MetricRegistriesImpl.java:addReporterRegistration(111)) - New reporters are added after registries were created. Some metrics will be missing from the reporter. Please add reporter before adding any new registry.
2023-01-09 20:09:35,539 [Listener at 127.0.0.1/33951] WARN  impl.MetricRegistriesImpl (MetricRegistriesImpl.java:addReporterRegistration(111)) - New reporters are added after registries were created. Some metrics will be missing from the reporter. Please add reporter before adding any new registry.
2023-01-09 20:09:35,540 [Listener at 127.0.0.1/33951] INFO  impl.MetricsSystemImpl (MetricsSystemImpl.java:init(158)) - HddsDatanode metrics system started (again)
2023-01-09 20:09:35,546 [Datanode State Machine Daemon Thread] INFO  statemachine.DatanodeStateMachine (DatanodeStateMachine.java:lambda$startDaemon$0(508)) - Ozone container server started.
2023-01-09 20:09:35,562 [Listener at 127.0.0.1/33951] INFO  ozone.HddsDatanodeService (HddsDatanodeService.java:start(228)) - HddsDatanodeService host:fv-az457-50.3faczmgjfduuxnksfsdf43hgfa.dx.internal.cloudapp.net ip:10.1.0.27
2023-01-09 20:09:35,565 [org.apache.hadoop.util.JvmPauseMonitor$Monitor@45ecbc9a] INFO  util.JvmPauseMonitor (JvmPauseMonitor.java:run(188)) - Starting JVM pause monitor
2023-01-09 20:09:35,581 [Datanode State Machine Task Thread - 0] INFO  datanode.InitDatanodeState (InitDatanodeState.java:persistContainerDatanodeDetails(138)) - DatanodeDetails is persisted to /home/runner/work/ozone/ozone/hadoop-ozone/integration-test/target/test-dir/MiniOzoneClusterImpl-dc953f1b-8f43-4e25-a114-36b3b0290d25/datanode-1/meta/datanode.id
2023-01-09 20:09:35,604 [Listener at 127.0.0.1/33951] INFO  upgrade.AbstractLayoutVersionManager (AbstractLayoutVersionManager.java:init(83)) - Initializing Layout version manager with metadata layout = DATANODE_SCHEMA_V3 (version = 4), software layout = DATANODE_SCHEMA_V3 (version = 4)
2023-01-09 20:09:35,672 [Listener at 127.0.0.1/33951] INFO  reflections.Reflections (Reflections.java:scan(232)) - Reflections took 66 ms to scan 7 urls, producing 146 keys and 350 values 
2023-01-09 20:09:35,674 [Listener at 127.0.0.1/33951] INFO  statemachine.DatanodeStateMachine (DatanodeStateMachine.java:getEndPointTaskThreadPoolSize(248)) - Datanode State Machine Task Thread Pool size 2
2023-01-09 20:09:35,680 [Listener at 127.0.0.1/33951] INFO  volume.HddsVolume (HddsVolume.java:<init>(117)) - Creating HddsVolume: /home/runner/work/ozone/ozone/hadoop-ozone/integration-test/target/test-dir/MiniOzoneClusterImpl-dc953f1b-8f43-4e25-a114-36b3b0290d25/datanode-2/data-0/containers/hdds of storage type : DISK capacity : 9223372036854775807
2023-01-09 20:09:35,681 [Listener at 127.0.0.1/33951] INFO  volume.MutableVolumeSet (MutableVolumeSet.java:initializeVolumeSet(174)) - Added Volume : /home/runner/work/ozone/ozone/hadoop-ozone/integration-test/target/test-dir/MiniOzoneClusterImpl-dc953f1b-8f43-4e25-a114-36b3b0290d25/datanode-2/data-0/containers/hdds to VolumeSet
2023-01-09 20:09:35,681 [Listener at 127.0.0.1/33951] INFO  volume.ThrottledAsyncChecker (ThrottledAsyncChecker.java:schedule(141)) - Scheduling a check for /home/runner/work/ozone/ozone/hadoop-ozone/integration-test/target/test-dir/MiniOzoneClusterImpl-dc953f1b-8f43-4e25-a114-36b3b0290d25/datanode-2/data-0/containers/hdds
2023-01-09 20:09:35,684 [Listener at 127.0.0.1/33951] INFO  volume.StorageVolumeChecker (StorageVolumeChecker.java:checkAllVolumes(202)) - Scheduled health check for volume /home/runner/work/ozone/ozone/hadoop-ozone/integration-test/target/test-dir/MiniOzoneClusterImpl-dc953f1b-8f43-4e25-a114-36b3b0290d25/datanode-2/data-0/containers/hdds
2023-01-09 20:09:35,698 [Listener at 127.0.0.1/33951] INFO  volume.MutableVolumeSet (MutableVolumeSet.java:initializeVolumeSet(174)) - Added Volume : /home/runner/work/ozone/ozone/hadoop-ozone/integration-test/target/test-dir/MiniOzoneClusterImpl-dc953f1b-8f43-4e25-a114-36b3b0290d25/datanode-2/data/ratis to VolumeSet
2023-01-09 20:09:35,698 [Listener at 127.0.0.1/33951] INFO  volume.ThrottledAsyncChecker (ThrottledAsyncChecker.java:schedule(141)) - Scheduling a check for /home/runner/work/ozone/ozone/hadoop-ozone/integration-test/target/test-dir/MiniOzoneClusterImpl-dc953f1b-8f43-4e25-a114-36b3b0290d25/datanode-2/data/ratis
2023-01-09 20:09:35,698 [Listener at 127.0.0.1/33951] INFO  volume.StorageVolumeChecker (StorageVolumeChecker.java:checkAllVolumes(202)) - Scheduled health check for volume /home/runner/work/ozone/ozone/hadoop-ozone/integration-test/target/test-dir/MiniOzoneClusterImpl-dc953f1b-8f43-4e25-a114-36b3b0290d25/datanode-2/data/ratis
2023-01-09 20:09:35,711 [Thread-166] INFO  ozoneimpl.ContainerReader (ContainerReader.java:readVolume(175)) - Finish verifying containers on volume /home/runner/work/ozone/ozone/hadoop-ozone/integration-test/target/test-dir/MiniOzoneClusterImpl-dc953f1b-8f43-4e25-a114-36b3b0290d25/datanode-2/data-0/containers/hdds
2023-01-09 20:09:35,711 [Listener at 127.0.0.1/33951] INFO  ozoneimpl.OzoneContainer (OzoneContainer.java:buildContainerSet(301)) - Build ContainerSet costs 0s
2023-01-09 20:09:35,715 [Listener at 127.0.0.1/33951] INFO  server.RaftServer (ConfUtils.java:logGet(46)) - raft.rpc.type = GRPC (default)
2023-01-09 20:09:35,716 [Listener at 127.0.0.1/33951] INFO  grpc.GrpcConfigKeys (ConfUtils.java:logFallback(53)) - raft.grpc.admin.host = null (fallback to raft.grpc.server.host)
2023-01-09 20:09:35,716 [Listener at 127.0.0.1/33951] INFO  grpc.GrpcConfigKeys (ConfUtils.java:logGet(46)) - raft.grpc.admin.port = 0 (custom)
2023-01-09 20:09:35,716 [Listener at 127.0.0.1/33951] INFO  grpc.GrpcConfigKeys (ConfUtils.java:logFallback(53)) - raft.grpc.client.host = null (fallback to raft.grpc.server.host)
2023-01-09 20:09:35,716 [Listener at 127.0.0.1/33951] INFO  grpc.GrpcConfigKeys (ConfUtils.java:logGet(46)) - raft.grpc.client.port = 0 (custom)
2023-01-09 20:09:35,717 [Listener at 127.0.0.1/33951] INFO  grpc.GrpcConfigKeys (ConfUtils.java:logGet(46)) - raft.grpc.server.host = null (default)
2023-01-09 20:09:35,717 [Listener at 127.0.0.1/33951] INFO  grpc.GrpcConfigKeys (ConfUtils.java:logGet(46)) - raft.grpc.server.port = 0 (default)
2023-01-09 20:09:35,717 [Listener at 127.0.0.1/33951] INFO  server.GrpcService (ConfUtils.java:logGet(46)) - raft.grpc.message.size.max = 32MB (=33554432) (custom)
2023-01-09 20:09:35,717 [Listener at 127.0.0.1/33951] INFO  server.RaftServerConfigKeys (ConfUtils.java:logGet(46)) - raft.server.log.appender.buffer.byte-limit = 33554432 (custom)
2023-01-09 20:09:35,718 [Listener at 127.0.0.1/33951] INFO  server.GrpcService (ConfUtils.java:logGet(46)) - raft.grpc.flow.control.window = 5MB (=5242880) (custom)
2023-01-09 20:09:35,718 [Listener at 127.0.0.1/33951] INFO  server.RaftServerConfigKeys (ConfUtils.java:logGet(46)) - raft.server.rpc.request.timeout = 60s (custom)
2023-01-09 20:09:35,718 [Listener at 127.0.0.1/33951] INFO  grpc.GrpcConfigKeys (ConfUtils.java:logGet(46)) - raft.grpc.server.heartbeat.channel = true (default)
2023-01-09 20:09:35,718 [Listener at 127.0.0.1/33951] INFO  grpc.GrpcConfigKeys (ConfUtils.java:logGet(46)) - raft.grpc.server.async.request.thread.pool.cached = true (default)
2023-01-09 20:09:35,719 [Listener at 127.0.0.1/33951] INFO  grpc.GrpcConfigKeys (ConfUtils.java:logGet(46)) - raft.grpc.server.async.request.thread.pool.size = 32 (default)
2023-01-09 20:09:35,720 [Listener at 127.0.0.1/33951] INFO  impl.DataStreamServerImpl (ConfUtils.java:logGet(46)) - raft.datastream.type = NETTY (custom)
2023-01-09 20:09:35,721 [Listener at 127.0.0.1/33951] INFO  server.RaftServerConfigKeys (ConfUtils.java:logGet(46)) - raft.server.data-stream.async.request.thread.pool.cached = false (default)
2023-01-09 20:09:35,721 [Listener at 127.0.0.1/33951] INFO  server.RaftServerConfigKeys (ConfUtils.java:logGet(46)) - raft.server.data-stream.async.request.thread.pool.size = 20 (custom)
2023-01-09 20:09:35,721 [Listener at 127.0.0.1/33951] INFO  server.RaftServerConfigKeys (ConfUtils.java:logGet(46)) - raft.server.data-stream.async.write.thread.pool.size = 16 (default)
2023-01-09 20:09:35,721 [Listener at 127.0.0.1/33951] INFO  server.RaftServerConfigKeys (ConfUtils.java:logGet(46)) - raft.server.data-stream.client.pool.size = 10 (default)
2023-01-09 20:09:35,722 [Listener at 127.0.0.1/33951] INFO  netty.NettyConfigKeys$DataStream (ConfUtils.java:logGet(46)) - raft.netty.dataStream.server.use-epoll = false (default)
2023-01-09 20:09:35,722 [Listener at 127.0.0.1/33951] INFO  netty.NettyConfigKeys$DataStream (ConfUtils.java:logGet(46)) - raft.netty.dataStream.server.boss-group.size = 0 (default)
2023-01-09 20:09:35,723 [Listener at 127.0.0.1/33951] INFO  netty.NettyConfigKeys$DataStream (ConfUtils.java:logGet(46)) - raft.netty.dataStream.server.worker-group.size = 0 (default)
2023-01-09 20:09:35,723 [Listener at 127.0.0.1/33951] INFO  netty.NettyConfigKeys$DataStream (ConfUtils.java:logGet(46)) - raft.netty.dataStream.server.tls.conf = null (default)
2023-01-09 20:09:35,724 [Listener at 127.0.0.1/33951] INFO  netty.NettyConfigKeys$DataStream (ConfUtils.java:logGet(46)) - raft.netty.dataStream.host = null (default)
2023-01-09 20:09:35,724 [Listener at 127.0.0.1/33951] INFO  netty.NettyConfigKeys$DataStream (ConfUtils.java:logGet(46)) - raft.netty.dataStream.port = 0 (default)
2023-01-09 20:09:35,724 [Listener at 127.0.0.1/33951] INFO  server.RaftServerConfigKeys (ConfUtils.java:logGet(46)) - raft.server.threadpool.proxy.cached = true (default)
2023-01-09 20:09:35,726 [Listener at 127.0.0.1/33951] INFO  server.RaftServerConfigKeys (ConfUtils.java:logGet(46)) - raft.server.threadpool.proxy.size = 0 (default)
2023-01-09 20:09:35,726 [Listener at 127.0.0.1/33951] INFO  server.RaftServerConfigKeys (ConfUtils.java:logGet(46)) - raft.server.rpc.slowness.timeout = 300s (custom)
2023-01-09 20:09:35,726 [Listener at 127.0.0.1/33951] INFO  server.RaftServerConfigKeys (ConfUtils.java:logGet(46)) - raft.server.leaderelection.leader.step-down.wait-time = 10s (default)
2023-01-09 20:09:35,726 [Listener at 127.0.0.1/33951] INFO  server.RaftServerConfigKeys (ConfUtils.java:logGet(46)) - raft.server.storage.dir = [/home/runner/work/ozone/ozone/hadoop-ozone/integration-test/target/test-dir/MiniOzoneClusterImpl-dc953f1b-8f43-4e25-a114-36b3b0290d25/datanode-2/data/ratis] (custom)
2023-01-09 20:09:35,730 [37be314e-42cf-4ee9-a18e-baad7075c611-NettyServerStreamRpc-bossGroup--thread1] INFO  logging.LoggingHandler (AbstractInternalLogger.java:log(148)) - [id: 0x09202a0e] REGISTERED
2023-01-09 20:09:35,730 [37be314e-42cf-4ee9-a18e-baad7075c611-NettyServerStreamRpc-bossGroup--thread1] INFO  logging.LoggingHandler (AbstractInternalLogger.java:log(148)) - [id: 0x09202a0e] BIND: 0.0.0.0/0.0.0.0:0
2023-01-09 20:09:35,730 [37be314e-42cf-4ee9-a18e-baad7075c611-NettyServerStreamRpc-bossGroup--thread1] INFO  logging.LoggingHandler (AbstractInternalLogger.java:log(148)) - [id: 0x09202a0e, L:/0:0:0:0:0:0:0:0:45453] ACTIVE
2023-01-09 20:09:35,732 [Listener at 127.0.0.1/33951] INFO  server.XceiverServerGrpc (XceiverServerGrpc.java:<init>(132)) - GrpcServer channel type EpollServerSocketChannel
2023-01-09 20:09:35,740 [Listener at 127.0.0.1/33951] INFO  http.BaseHttpServer (BaseHttpServer.java:newHttpServer2BuilderForOzone(213)) - Starting Web-server for hddsDatanode at: http://0.0.0.0:0
2023-01-09 20:09:35,741 [Listener at 127.0.0.1/33951] INFO  http.BaseHttpServer (BaseHttpServer.java:<init>(108)) - Hadoop Security Enabled: false Ozone Security Enabled: false Ozone HTTP Security Enabled: false 
2023-01-09 20:09:35,743 [Listener at 127.0.0.1/33951] WARN  server.AuthenticationFilter (AuthenticationFilter.java:constructSecretProvider(240)) - Unable to initialize FileSignerSecretProvider, falling back to use random secrets. Reason: Could not read signature secret file: /home/runner/hadoop-http-auth-signature-secret
2023-01-09 20:09:35,745 [Listener at 127.0.0.1/33951] WARN  http.HttpRequestLog (HttpRequestLog.java:getRequestLog(103)) - Jetty request log can only be enabled using Log4j
2023-01-09 20:09:35,747 [Listener at 127.0.0.1/33951] INFO  http.HttpServer2 (HttpServer2.java:addGlobalFilter(1031)) - Added global filter 'safety' (class=org.apache.hadoop.hdds.server.http.HttpServer2$QuotingInputFilter)
2023-01-09 20:09:35,748 [Listener at 127.0.0.1/33951] INFO  http.HttpServer2 (HttpServer2.java:addFilter(1007)) - Added filter static_user_filter (class=org.apache.hadoop.http.lib.StaticUserWebFilter$StaticUserFilter) to context hddsDatanode
2023-01-09 20:09:35,748 [Listener at 127.0.0.1/33951] INFO  http.HttpServer2 (HttpServer2.java:addFilter(1015)) - Added filter static_user_filter (class=org.apache.hadoop.http.lib.StaticUserWebFilter$StaticUserFilter) to context logs
2023-01-09 20:09:35,748 [Listener at 127.0.0.1/33951] INFO  http.HttpServer2 (HttpServer2.java:addFilter(1015)) - Added filter static_user_filter (class=org.apache.hadoop.http.lib.StaticUserWebFilter$StaticUserFilter) to context static
2023-01-09 20:09:35,749 [Listener at 127.0.0.1/33951] INFO  http.HttpServer2 (HttpServer2.java:bindListener(1250)) - Jetty bound to port 35371
2023-01-09 20:09:35,750 [Listener at 127.0.0.1/33951] INFO  server.Server (Server.java:doStart(375)) - jetty-9.4.49.v20220914; built: 2022-09-14T01:07:36.601Z; git: 4231a3b2e4cb8548a412a789936d640a97b1aa0a; jvm 1.8.0_352-b08
2023-01-09 20:09:35,751 [Listener at 127.0.0.1/33951] INFO  server.session (DefaultSessionIdManager.java:doStart(334)) - DefaultSessionIdManager workerName=node0
2023-01-09 20:09:35,752 [Listener at 127.0.0.1/33951] INFO  server.session (DefaultSessionIdManager.java:doStart(339)) - No SessionScavenger set, using defaults
2023-01-09 20:09:35,752 [Listener at 127.0.0.1/33951] INFO  server.session (HouseKeeper.java:startScavenging(132)) - node0 Scavenging every 660000ms
2023-01-09 20:09:35,753 [Listener at 127.0.0.1/33951] INFO  handler.ContextHandler (ContextHandler.java:doStart(921)) - Started o.e.j.s.ServletContextHandler@54e21540{logs,/logs,file:///home/runner/work/ozone/ozone/hadoop-ozone/integration-test/target/log,AVAILABLE}
2023-01-09 20:09:35,753 [Listener at 127.0.0.1/33951] INFO  handler.ContextHandler (ContextHandler.java:doStart(921)) - Started o.e.j.s.ServletContextHandler@232f05b0{static,/static,jar:file:/home/runner/.m2/repository/org/apache/ozone/hdds-container-service/1.4.0-SNAPSHOT/hdds-container-service-1.4.0-SNAPSHOT.jar!/webapps/static,AVAILABLE}
2023-01-09 20:09:35,949 [Listener at 127.0.0.1/33951] INFO  handler.ContextHandler (ContextHandler.java:doStart(921)) - Started o.e.j.w.WebAppContext@4cf8d452{hddsDatanode,/,file:///tmp/jetty-0_0_0_0-35371-hdds-container-service-1_4_0-SNAPSHOT_jar-_-any-7582771604805498987/webapp/,AVAILABLE}{jar:file:/home/runner/.m2/repository/org/apache/ozone/hdds-container-service/1.4.0-SNAPSHOT/hdds-container-service-1.4.0-SNAPSHOT.jar!/webapps/hddsDatanode}
2023-01-09 20:09:35,951 [Listener at 127.0.0.1/33951] INFO  server.AbstractConnector (AbstractConnector.java:doStart(333)) - Started ServerConnector@1ece307c{HTTP/1.1, (http/1.1)}{0.0.0.0:35371}
2023-01-09 20:09:35,952 [Listener at 127.0.0.1/33951] INFO  server.Server (Server.java:doStart(415)) - Started @11174ms
2023-01-09 20:09:35,952 [Listener at 127.0.0.1/33951] WARN  impl.MetricsSystemImpl (MetricsSystemImpl.java:register(279)) - Sink prometheus already exists!
2023-01-09 20:09:35,953 [Listener at 127.0.0.1/33951] INFO  http.BaseHttpServer (BaseHttpServer.java:updateConnectorAddress(333)) - HTTP server of hddsDatanode listening at http://0.0.0.0:35371
2023-01-09 20:09:35,957 [Listener at 127.0.0.1/33951] WARN  impl.MetricRegistriesImpl (MetricRegistriesImpl.java:addReporterRegistration(111)) - New reporters are added after registries were created. Some metrics will be missing from the reporter. Please add reporter before adding any new registry.
2023-01-09 20:09:35,958 [Listener at 127.0.0.1/33951] WARN  impl.MetricRegistriesImpl (MetricRegistriesImpl.java:addReporterRegistration(111)) - New reporters are added after registries were created. Some metrics will be missing from the reporter. Please add reporter before adding any new registry.
2023-01-09 20:09:35,958 [Listener at 127.0.0.1/33951] INFO  impl.MetricsSystemImpl (MetricsSystemImpl.java:init(158)) - HddsDatanode metrics system started (again)
2023-01-09 20:09:35,958 [Datanode State Machine Daemon Thread] INFO  statemachine.DatanodeStateMachine (DatanodeStateMachine.java:lambda$startDaemon$0(508)) - Ozone container server started.
2023-01-09 20:09:35,969 [org.apache.hadoop.util.JvmPauseMonitor$Monitor@18a09b8f] INFO  util.JvmPauseMonitor (JvmPauseMonitor.java:run(188)) - Starting JVM pause monitor
2023-01-09 20:09:35,978 [Listener at 127.0.0.1/33951] INFO  ozone.HddsDatanodeService (HddsDatanodeService.java:start(228)) - HddsDatanodeService host:fv-az457-50.3faczmgjfduuxnksfsdf43hgfa.dx.internal.cloudapp.net ip:10.1.0.27
2023-01-09 20:09:35,982 [Datanode State Machine Task Thread - 0] INFO  datanode.InitDatanodeState (InitDatanodeState.java:persistContainerDatanodeDetails(138)) - DatanodeDetails is persisted to /home/runner/work/ozone/ozone/hadoop-ozone/integration-test/target/test-dir/MiniOzoneClusterImpl-dc953f1b-8f43-4e25-a114-36b3b0290d25/datanode-2/meta/datanode.id
2023-01-09 20:09:36,014 [Listener at 127.0.0.1/33951] INFO  upgrade.AbstractLayoutVersionManager (AbstractLayoutVersionManager.java:init(83)) - Initializing Layout version manager with metadata layout = DATANODE_SCHEMA_V3 (version = 4), software layout = DATANODE_SCHEMA_V3 (version = 4)
2023-01-09 20:09:36,079 [Listener at 127.0.0.1/33951] INFO  reflections.Reflections (Reflections.java:scan(232)) - Reflections took 63 ms to scan 7 urls, producing 146 keys and 350 values 
2023-01-09 20:09:36,083 [Listener at 127.0.0.1/33951] INFO  statemachine.DatanodeStateMachine (DatanodeStateMachine.java:getEndPointTaskThreadPoolSize(248)) - Datanode State Machine Task Thread Pool size 2
2023-01-09 20:09:36,089 [Listener at 127.0.0.1/33951] INFO  volume.HddsVolume (HddsVolume.java:<init>(117)) - Creating HddsVolume: /home/runner/work/ozone/ozone/hadoop-ozone/integration-test/target/test-dir/MiniOzoneClusterImpl-dc953f1b-8f43-4e25-a114-36b3b0290d25/datanode-3/data-0/containers/hdds of storage type : DISK capacity : 9223372036854775807
2023-01-09 20:09:36,090 [Listener at 127.0.0.1/33951] INFO  volume.MutableVolumeSet (MutableVolumeSet.java:initializeVolumeSet(174)) - Added Volume : /home/runner/work/ozone/ozone/hadoop-ozone/integration-test/target/test-dir/MiniOzoneClusterImpl-dc953f1b-8f43-4e25-a114-36b3b0290d25/datanode-3/data-0/containers/hdds to VolumeSet
2023-01-09 20:09:36,091 [Listener at 127.0.0.1/33951] INFO  volume.ThrottledAsyncChecker (ThrottledAsyncChecker.java:schedule(141)) - Scheduling a check for /home/runner/work/ozone/ozone/hadoop-ozone/integration-test/target/test-dir/MiniOzoneClusterImpl-dc953f1b-8f43-4e25-a114-36b3b0290d25/datanode-3/data-0/containers/hdds
2023-01-09 20:09:36,093 [Listener at 127.0.0.1/33951] INFO  volume.StorageVolumeChecker (StorageVolumeChecker.java:checkAllVolumes(202)) - Scheduled health check for volume /home/runner/work/ozone/ozone/hadoop-ozone/integration-test/target/test-dir/MiniOzoneClusterImpl-dc953f1b-8f43-4e25-a114-36b3b0290d25/datanode-3/data-0/containers/hdds
2023-01-09 20:09:36,107 [Listener at 127.0.0.1/33951] INFO  volume.MutableVolumeSet (MutableVolumeSet.java:initializeVolumeSet(174)) - Added Volume : /home/runner/work/ozone/ozone/hadoop-ozone/integration-test/target/test-dir/MiniOzoneClusterImpl-dc953f1b-8f43-4e25-a114-36b3b0290d25/datanode-3/data/ratis to VolumeSet
2023-01-09 20:09:36,107 [Listener at 127.0.0.1/33951] INFO  volume.ThrottledAsyncChecker (ThrottledAsyncChecker.java:schedule(141)) - Scheduling a check for /home/runner/work/ozone/ozone/hadoop-ozone/integration-test/target/test-dir/MiniOzoneClusterImpl-dc953f1b-8f43-4e25-a114-36b3b0290d25/datanode-3/data/ratis
2023-01-09 20:09:36,107 [Listener at 127.0.0.1/33951] INFO  volume.StorageVolumeChecker (StorageVolumeChecker.java:checkAllVolumes(202)) - Scheduled health check for volume /home/runner/work/ozone/ozone/hadoop-ozone/integration-test/target/test-dir/MiniOzoneClusterImpl-dc953f1b-8f43-4e25-a114-36b3b0290d25/datanode-3/data/ratis
2023-01-09 20:09:36,122 [Thread-180] INFO  ozoneimpl.ContainerReader (ContainerReader.java:readVolume(175)) - Finish verifying containers on volume /home/runner/work/ozone/ozone/hadoop-ozone/integration-test/target/test-dir/MiniOzoneClusterImpl-dc953f1b-8f43-4e25-a114-36b3b0290d25/datanode-3/data-0/containers/hdds
2023-01-09 20:09:36,122 [Listener at 127.0.0.1/33951] INFO  ozoneimpl.OzoneContainer (OzoneContainer.java:buildContainerSet(301)) - Build ContainerSet costs 0s
2023-01-09 20:09:36,132 [Listener at 127.0.0.1/33951] INFO  server.RaftServer (ConfUtils.java:logGet(46)) - raft.rpc.type = GRPC (default)
2023-01-09 20:09:36,132 [Listener at 127.0.0.1/33951] INFO  grpc.GrpcConfigKeys (ConfUtils.java:logFallback(53)) - raft.grpc.admin.host = null (fallback to raft.grpc.server.host)
2023-01-09 20:09:36,133 [Listener at 127.0.0.1/33951] INFO  grpc.GrpcConfigKeys (ConfUtils.java:logGet(46)) - raft.grpc.admin.port = 0 (custom)
2023-01-09 20:09:36,133 [Listener at 127.0.0.1/33951] INFO  grpc.GrpcConfigKeys (ConfUtils.java:logFallback(53)) - raft.grpc.client.host = null (fallback to raft.grpc.server.host)
2023-01-09 20:09:36,133 [Listener at 127.0.0.1/33951] INFO  grpc.GrpcConfigKeys (ConfUtils.java:logGet(46)) - raft.grpc.client.port = 0 (custom)
2023-01-09 20:09:36,133 [Listener at 127.0.0.1/33951] INFO  grpc.GrpcConfigKeys (ConfUtils.java:logGet(46)) - raft.grpc.server.host = null (default)
2023-01-09 20:09:36,133 [Listener at 127.0.0.1/33951] INFO  grpc.GrpcConfigKeys (ConfUtils.java:logGet(46)) - raft.grpc.server.port = 0 (default)
2023-01-09 20:09:36,134 [Listener at 127.0.0.1/33951] INFO  server.GrpcService (ConfUtils.java:logGet(46)) - raft.grpc.message.size.max = 32MB (=33554432) (custom)
2023-01-09 20:09:36,134 [Listener at 127.0.0.1/33951] INFO  server.RaftServerConfigKeys (ConfUtils.java:logGet(46)) - raft.server.log.appender.buffer.byte-limit = 33554432 (custom)
2023-01-09 20:09:36,134 [Listener at 127.0.0.1/33951] INFO  server.GrpcService (ConfUtils.java:logGet(46)) - raft.grpc.flow.control.window = 5MB (=5242880) (custom)
2023-01-09 20:09:36,134 [Listener at 127.0.0.1/33951] INFO  server.RaftServerConfigKeys (ConfUtils.java:logGet(46)) - raft.server.rpc.request.timeout = 60s (custom)
2023-01-09 20:09:36,135 [Listener at 127.0.0.1/33951] INFO  grpc.GrpcConfigKeys (ConfUtils.java:logGet(46)) - raft.grpc.server.heartbeat.channel = true (default)
2023-01-09 20:09:36,135 [Listener at 127.0.0.1/33951] INFO  grpc.GrpcConfigKeys (ConfUtils.java:logGet(46)) - raft.grpc.server.async.request.thread.pool.cached = true (default)
2023-01-09 20:09:36,135 [Listener at 127.0.0.1/33951] INFO  grpc.GrpcConfigKeys (ConfUtils.java:logGet(46)) - raft.grpc.server.async.request.thread.pool.size = 32 (default)
2023-01-09 20:09:36,136 [Listener at 127.0.0.1/33951] INFO  impl.DataStreamServerImpl (ConfUtils.java:logGet(46)) - raft.datastream.type = NETTY (custom)
2023-01-09 20:09:36,137 [Listener at 127.0.0.1/33951] INFO  server.RaftServerConfigKeys (ConfUtils.java:logGet(46)) - raft.server.data-stream.async.request.thread.pool.cached = false (default)
2023-01-09 20:09:36,142 [Listener at 127.0.0.1/33951] INFO  server.RaftServerConfigKeys (ConfUtils.java:logGet(46)) - raft.server.data-stream.async.request.thread.pool.size = 20 (custom)
2023-01-09 20:09:36,142 [Listener at 127.0.0.1/33951] INFO  server.RaftServerConfigKeys (ConfUtils.java:logGet(46)) - raft.server.data-stream.async.write.thread.pool.size = 16 (default)
2023-01-09 20:09:36,143 [Listener at 127.0.0.1/33951] INFO  server.RaftServerConfigKeys (ConfUtils.java:logGet(46)) - raft.server.data-stream.client.pool.size = 10 (default)
2023-01-09 20:09:36,143 [Listener at 127.0.0.1/33951] INFO  netty.NettyConfigKeys$DataStream (ConfUtils.java:logGet(46)) - raft.netty.dataStream.server.use-epoll = false (default)
2023-01-09 20:09:36,143 [Listener at 127.0.0.1/33951] INFO  netty.NettyConfigKeys$DataStream (ConfUtils.java:logGet(46)) - raft.netty.dataStream.server.boss-group.size = 0 (default)
2023-01-09 20:09:36,144 [Listener at 127.0.0.1/33951] INFO  netty.NettyConfigKeys$DataStream (ConfUtils.java:logGet(46)) - raft.netty.dataStream.server.worker-group.size = 0 (default)
2023-01-09 20:09:36,144 [Listener at 127.0.0.1/33951] INFO  netty.NettyConfigKeys$DataStream (ConfUtils.java:logGet(46)) - raft.netty.dataStream.server.tls.conf = null (default)
2023-01-09 20:09:36,144 [Listener at 127.0.0.1/33951] INFO  netty.NettyConfigKeys$DataStream (ConfUtils.java:logGet(46)) - raft.netty.dataStream.host = null (default)
2023-01-09 20:09:36,145 [Listener at 127.0.0.1/33951] INFO  netty.NettyConfigKeys$DataStream (ConfUtils.java:logGet(46)) - raft.netty.dataStream.port = 0 (default)
2023-01-09 20:09:36,145 [Listener at 127.0.0.1/33951] INFO  server.RaftServerConfigKeys (ConfUtils.java:logGet(46)) - raft.server.threadpool.proxy.cached = true (default)
2023-01-09 20:09:36,145 [Listener at 127.0.0.1/33951] INFO  server.RaftServerConfigKeys (ConfUtils.java:logGet(46)) - raft.server.threadpool.proxy.size = 0 (default)
2023-01-09 20:09:36,146 [Listener at 127.0.0.1/33951] INFO  server.RaftServerConfigKeys (ConfUtils.java:logGet(46)) - raft.server.rpc.slowness.timeout = 300s (custom)
2023-01-09 20:09:36,146 [Listener at 127.0.0.1/33951] INFO  server.RaftServerConfigKeys (ConfUtils.java:logGet(46)) - raft.server.leaderelection.leader.step-down.wait-time = 10s (default)
2023-01-09 20:09:36,146 [Listener at 127.0.0.1/33951] INFO  server.RaftServerConfigKeys (ConfUtils.java:logGet(46)) - raft.server.storage.dir = [/home/runner/work/ozone/ozone/hadoop-ozone/integration-test/target/test-dir/MiniOzoneClusterImpl-dc953f1b-8f43-4e25-a114-36b3b0290d25/datanode-3/data/ratis] (custom)
2023-01-09 20:09:36,149 [93b0d557-27ed-4241-a042-86e84b32abbd-NettyServerStreamRpc-bossGroup--thread1] INFO  logging.LoggingHandler (AbstractInternalLogger.java:log(148)) - [id: 0x65ce80e7] REGISTERED
2023-01-09 20:09:36,150 [93b0d557-27ed-4241-a042-86e84b32abbd-NettyServerStreamRpc-bossGroup--thread1] INFO  logging.LoggingHandler (AbstractInternalLogger.java:log(148)) - [id: 0x65ce80e7] BIND: 0.0.0.0/0.0.0.0:0
2023-01-09 20:09:36,150 [93b0d557-27ed-4241-a042-86e84b32abbd-NettyServerStreamRpc-bossGroup--thread1] INFO  logging.LoggingHandler (AbstractInternalLogger.java:log(148)) - [id: 0x65ce80e7, L:/0:0:0:0:0:0:0:0:40935] ACTIVE
2023-01-09 20:09:36,152 [Listener at 127.0.0.1/33951] INFO  server.XceiverServerGrpc (XceiverServerGrpc.java:<init>(132)) - GrpcServer channel type EpollServerSocketChannel
2023-01-09 20:09:36,158 [Listener at 127.0.0.1/33951] INFO  http.BaseHttpServer (BaseHttpServer.java:newHttpServer2BuilderForOzone(213)) - Starting Web-server for hddsDatanode at: http://0.0.0.0:0
2023-01-09 20:09:36,158 [Listener at 127.0.0.1/33951] INFO  http.BaseHttpServer (BaseHttpServer.java:<init>(108)) - Hadoop Security Enabled: false Ozone Security Enabled: false Ozone HTTP Security Enabled: false 
2023-01-09 20:09:36,160 [Listener at 127.0.0.1/33951] WARN  server.AuthenticationFilter (AuthenticationFilter.java:constructSecretProvider(240)) - Unable to initialize FileSignerSecretProvider, falling back to use random secrets. Reason: Could not read signature secret file: /home/runner/hadoop-http-auth-signature-secret
2023-01-09 20:09:36,162 [Listener at 127.0.0.1/33951] WARN  http.HttpRequestLog (HttpRequestLog.java:getRequestLog(103)) - Jetty request log can only be enabled using Log4j
2023-01-09 20:09:36,165 [Listener at 127.0.0.1/33951] INFO  http.HttpServer2 (HttpServer2.java:addGlobalFilter(1031)) - Added global filter 'safety' (class=org.apache.hadoop.hdds.server.http.HttpServer2$QuotingInputFilter)
2023-01-09 20:09:36,167 [Listener at 127.0.0.1/33951] INFO  http.HttpServer2 (HttpServer2.java:addFilter(1007)) - Added filter static_user_filter (class=org.apache.hadoop.http.lib.StaticUserWebFilter$StaticUserFilter) to context hddsDatanode
2023-01-09 20:09:36,167 [Listener at 127.0.0.1/33951] INFO  http.HttpServer2 (HttpServer2.java:addFilter(1015)) - Added filter static_user_filter (class=org.apache.hadoop.http.lib.StaticUserWebFilter$StaticUserFilter) to context logs
2023-01-09 20:09:36,167 [Listener at 127.0.0.1/33951] INFO  http.HttpServer2 (HttpServer2.java:addFilter(1015)) - Added filter static_user_filter (class=org.apache.hadoop.http.lib.StaticUserWebFilter$StaticUserFilter) to context static
2023-01-09 20:09:36,169 [Listener at 127.0.0.1/33951] INFO  http.HttpServer2 (HttpServer2.java:bindListener(1250)) - Jetty bound to port 41173
2023-01-09 20:09:36,169 [Listener at 127.0.0.1/33951] INFO  server.Server (Server.java:doStart(375)) - jetty-9.4.49.v20220914; built: 2022-09-14T01:07:36.601Z; git: 4231a3b2e4cb8548a412a789936d640a97b1aa0a; jvm 1.8.0_352-b08
2023-01-09 20:09:36,175 [Listener at 127.0.0.1/33951] INFO  server.session (DefaultSessionIdManager.java:doStart(334)) - DefaultSessionIdManager workerName=node0
2023-01-09 20:09:36,175 [Listener at 127.0.0.1/33951] INFO  server.session (DefaultSessionIdManager.java:doStart(339)) - No SessionScavenger set, using defaults
2023-01-09 20:09:36,176 [Listener at 127.0.0.1/33951] INFO  server.session (HouseKeeper.java:startScavenging(132)) - node0 Scavenging every 660000ms
2023-01-09 20:09:36,177 [Listener at 127.0.0.1/33951] INFO  handler.ContextHandler (ContextHandler.java:doStart(921)) - Started o.e.j.s.ServletContextHandler@7c127ff2{logs,/logs,file:///home/runner/work/ozone/ozone/hadoop-ozone/integration-test/target/log,AVAILABLE}
2023-01-09 20:09:36,178 [Listener at 127.0.0.1/33951] INFO  handler.ContextHandler (ContextHandler.java:doStart(921)) - Started o.e.j.s.ServletContextHandler@6171125d{static,/static,jar:file:/home/runner/.m2/repository/org/apache/ozone/hdds-container-service/1.4.0-SNAPSHOT/hdds-container-service-1.4.0-SNAPSHOT.jar!/webapps/static,AVAILABLE}
2023-01-09 20:09:36,386 [Listener at 127.0.0.1/33951] INFO  handler.ContextHandler (ContextHandler.java:doStart(921)) - Started o.e.j.w.WebAppContext@64eedae0{hddsDatanode,/,file:///tmp/jetty-0_0_0_0-41173-hdds-container-service-1_4_0-SNAPSHOT_jar-_-any-5726418607366938220/webapp/,AVAILABLE}{jar:file:/home/runner/.m2/repository/org/apache/ozone/hdds-container-service/1.4.0-SNAPSHOT/hdds-container-service-1.4.0-SNAPSHOT.jar!/webapps/hddsDatanode}
2023-01-09 20:09:36,388 [Listener at 127.0.0.1/33951] INFO  server.AbstractConnector (AbstractConnector.java:doStart(333)) - Started ServerConnector@1ed88a33{HTTP/1.1, (http/1.1)}{0.0.0.0:41173}
2023-01-09 20:09:36,388 [Listener at 127.0.0.1/33951] INFO  server.Server (Server.java:doStart(415)) - Started @11612ms
2023-01-09 20:09:36,389 [Listener at 127.0.0.1/33951] WARN  impl.MetricsSystemImpl (MetricsSystemImpl.java:register(279)) - Sink prometheus already exists!
2023-01-09 20:09:36,390 [Listener at 127.0.0.1/33951] INFO  http.BaseHttpServer (BaseHttpServer.java:updateConnectorAddress(333)) - HTTP server of hddsDatanode listening at http://0.0.0.0:41173
2023-01-09 20:09:36,390 [Listener at 127.0.0.1/33951] WARN  impl.MetricRegistriesImpl (MetricRegistriesImpl.java:addReporterRegistration(111)) - New reporters are added after registries were created. Some metrics will be missing from the reporter. Please add reporter before adding any new registry.
2023-01-09 20:09:36,390 [Listener at 127.0.0.1/33951] WARN  impl.MetricRegistriesImpl (MetricRegistriesImpl.java:addReporterRegistration(111)) - New reporters are added after registries were created. Some metrics will be missing from the reporter. Please add reporter before adding any new registry.
2023-01-09 20:09:36,391 [Listener at 127.0.0.1/33951] INFO  impl.MetricsSystemImpl (MetricsSystemImpl.java:init(158)) - HddsDatanode metrics system started (again)
2023-01-09 20:09:36,397 [Datanode State Machine Daemon Thread] INFO  statemachine.DatanodeStateMachine (DatanodeStateMachine.java:lambda$startDaemon$0(508)) - Ozone container server started.
2023-01-09 20:09:36,403 [org.apache.hadoop.util.JvmPauseMonitor$Monitor@f13364f] INFO  util.JvmPauseMonitor (JvmPauseMonitor.java:run(188)) - Starting JVM pause monitor
2023-01-09 20:09:36,409 [Listener at 127.0.0.1/33951] INFO  ozone.HddsDatanodeService (HddsDatanodeService.java:start(228)) - HddsDatanodeService host:fv-az457-50.3faczmgjfduuxnksfsdf43hgfa.dx.internal.cloudapp.net ip:10.1.0.27
2023-01-09 20:09:36,418 [Datanode State Machine Task Thread - 0] INFO  datanode.InitDatanodeState (InitDatanodeState.java:persistContainerDatanodeDetails(138)) - DatanodeDetails is persisted to /home/runner/work/ozone/ozone/hadoop-ozone/integration-test/target/test-dir/MiniOzoneClusterImpl-dc953f1b-8f43-4e25-a114-36b3b0290d25/datanode-3/meta/datanode.id
2023-01-09 20:09:36,439 [Listener at 127.0.0.1/33951] INFO  upgrade.AbstractLayoutVersionManager (AbstractLayoutVersionManager.java:init(83)) - Initializing Layout version manager with metadata layout = DATANODE_SCHEMA_V3 (version = 4), software layout = DATANODE_SCHEMA_V3 (version = 4)
2023-01-09 20:09:36,495 [Listener at 127.0.0.1/33951] INFO  reflections.Reflections (Reflections.java:scan(232)) - Reflections took 55 ms to scan 7 urls, producing 146 keys and 350 values 
2023-01-09 20:09:36,497 [Listener at 127.0.0.1/33951] INFO  statemachine.DatanodeStateMachine (DatanodeStateMachine.java:getEndPointTaskThreadPoolSize(248)) - Datanode State Machine Task Thread Pool size 2
2023-01-09 20:09:36,501 [Listener at 127.0.0.1/33951] INFO  volume.HddsVolume (HddsVolume.java:<init>(117)) - Creating HddsVolume: /home/runner/work/ozone/ozone/hadoop-ozone/integration-test/target/test-dir/MiniOzoneClusterImpl-dc953f1b-8f43-4e25-a114-36b3b0290d25/datanode-4/data-0/containers/hdds of storage type : DISK capacity : 9223372036854775807
2023-01-09 20:09:36,501 [Listener at 127.0.0.1/33951] INFO  volume.MutableVolumeSet (MutableVolumeSet.java:initializeVolumeSet(174)) - Added Volume : /home/runner/work/ozone/ozone/hadoop-ozone/integration-test/target/test-dir/MiniOzoneClusterImpl-dc953f1b-8f43-4e25-a114-36b3b0290d25/datanode-4/data-0/containers/hdds to VolumeSet
2023-01-09 20:09:36,501 [Listener at 127.0.0.1/33951] INFO  volume.ThrottledAsyncChecker (ThrottledAsyncChecker.java:schedule(141)) - Scheduling a check for /home/runner/work/ozone/ozone/hadoop-ozone/integration-test/target/test-dir/MiniOzoneClusterImpl-dc953f1b-8f43-4e25-a114-36b3b0290d25/datanode-4/data-0/containers/hdds
2023-01-09 20:09:36,502 [Listener at 127.0.0.1/33951] INFO  volume.StorageVolumeChecker (StorageVolumeChecker.java:checkAllVolumes(202)) - Scheduled health check for volume /home/runner/work/ozone/ozone/hadoop-ozone/integration-test/target/test-dir/MiniOzoneClusterImpl-dc953f1b-8f43-4e25-a114-36b3b0290d25/datanode-4/data-0/containers/hdds
2023-01-09 20:09:36,516 [Listener at 127.0.0.1/33951] INFO  volume.MutableVolumeSet (MutableVolumeSet.java:initializeVolumeSet(174)) - Added Volume : /home/runner/work/ozone/ozone/hadoop-ozone/integration-test/target/test-dir/MiniOzoneClusterImpl-dc953f1b-8f43-4e25-a114-36b3b0290d25/datanode-4/data/ratis to VolumeSet
2023-01-09 20:09:36,516 [Listener at 127.0.0.1/33951] INFO  volume.ThrottledAsyncChecker (ThrottledAsyncChecker.java:schedule(141)) - Scheduling a check for /home/runner/work/ozone/ozone/hadoop-ozone/integration-test/target/test-dir/MiniOzoneClusterImpl-dc953f1b-8f43-4e25-a114-36b3b0290d25/datanode-4/data/ratis
2023-01-09 20:09:36,516 [Listener at 127.0.0.1/33951] INFO  volume.StorageVolumeChecker (StorageVolumeChecker.java:checkAllVolumes(202)) - Scheduled health check for volume /home/runner/work/ozone/ozone/hadoop-ozone/integration-test/target/test-dir/MiniOzoneClusterImpl-dc953f1b-8f43-4e25-a114-36b3b0290d25/datanode-4/data/ratis
2023-01-09 20:09:36,528 [Thread-194] INFO  ozoneimpl.ContainerReader (ContainerReader.java:readVolume(175)) - Finish verifying containers on volume /home/runner/work/ozone/ozone/hadoop-ozone/integration-test/target/test-dir/MiniOzoneClusterImpl-dc953f1b-8f43-4e25-a114-36b3b0290d25/datanode-4/data-0/containers/hdds
2023-01-09 20:09:36,529 [Listener at 127.0.0.1/33951] INFO  ozoneimpl.OzoneContainer (OzoneContainer.java:buildContainerSet(301)) - Build ContainerSet costs 0s
2023-01-09 20:09:36,532 [Listener at 127.0.0.1/33951] INFO  server.RaftServer (ConfUtils.java:logGet(46)) - raft.rpc.type = GRPC (default)
2023-01-09 20:09:36,533 [Listener at 127.0.0.1/33951] INFO  grpc.GrpcConfigKeys (ConfUtils.java:logFallback(53)) - raft.grpc.admin.host = null (fallback to raft.grpc.server.host)
2023-01-09 20:09:36,533 [Listener at 127.0.0.1/33951] INFO  grpc.GrpcConfigKeys (ConfUtils.java:logGet(46)) - raft.grpc.admin.port = 0 (custom)
2023-01-09 20:09:36,533 [Listener at 127.0.0.1/33951] INFO  grpc.GrpcConfigKeys (ConfUtils.java:logFallback(53)) - raft.grpc.client.host = null (fallback to raft.grpc.server.host)
2023-01-09 20:09:36,534 [Listener at 127.0.0.1/33951] INFO  grpc.GrpcConfigKeys (ConfUtils.java:logGet(46)) - raft.grpc.client.port = 0 (custom)
2023-01-09 20:09:36,534 [Listener at 127.0.0.1/33951] INFO  grpc.GrpcConfigKeys (ConfUtils.java:logGet(46)) - raft.grpc.server.host = null (default)
2023-01-09 20:09:36,534 [Listener at 127.0.0.1/33951] INFO  grpc.GrpcConfigKeys (ConfUtils.java:logGet(46)) - raft.grpc.server.port = 0 (default)
2023-01-09 20:09:36,534 [Listener at 127.0.0.1/33951] INFO  server.GrpcService (ConfUtils.java:logGet(46)) - raft.grpc.message.size.max = 32MB (=33554432) (custom)
2023-01-09 20:09:36,534 [Listener at 127.0.0.1/33951] INFO  server.RaftServerConfigKeys (ConfUtils.java:logGet(46)) - raft.server.log.appender.buffer.byte-limit = 33554432 (custom)
2023-01-09 20:09:36,535 [Listener at 127.0.0.1/33951] INFO  server.GrpcService (ConfUtils.java:logGet(46)) - raft.grpc.flow.control.window = 5MB (=5242880) (custom)
2023-01-09 20:09:36,535 [Listener at 127.0.0.1/33951] INFO  server.RaftServerConfigKeys (ConfUtils.java:logGet(46)) - raft.server.rpc.request.timeout = 60s (custom)
2023-01-09 20:09:36,535 [Listener at 127.0.0.1/33951] INFO  grpc.GrpcConfigKeys (ConfUtils.java:logGet(46)) - raft.grpc.server.heartbeat.channel = true (default)
2023-01-09 20:09:36,535 [Listener at 127.0.0.1/33951] INFO  grpc.GrpcConfigKeys (ConfUtils.java:logGet(46)) - raft.grpc.server.async.request.thread.pool.cached = true (default)
2023-01-09 20:09:36,535 [Listener at 127.0.0.1/33951] INFO  grpc.GrpcConfigKeys (ConfUtils.java:logGet(46)) - raft.grpc.server.async.request.thread.pool.size = 32 (default)
2023-01-09 20:09:36,537 [Listener at 127.0.0.1/33951] INFO  impl.DataStreamServerImpl (ConfUtils.java:logGet(46)) - raft.datastream.type = NETTY (custom)
2023-01-09 20:09:36,537 [Listener at 127.0.0.1/33951] INFO  server.RaftServerConfigKeys (ConfUtils.java:logGet(46)) - raft.server.data-stream.async.request.thread.pool.cached = false (default)
2023-01-09 20:09:36,537 [Listener at 127.0.0.1/33951] INFO  server.RaftServerConfigKeys (ConfUtils.java:logGet(46)) - raft.server.data-stream.async.request.thread.pool.size = 20 (custom)
2023-01-09 20:09:36,537 [Listener at 127.0.0.1/33951] INFO  server.RaftServerConfigKeys (ConfUtils.java:logGet(46)) - raft.server.data-stream.async.write.thread.pool.size = 16 (default)
2023-01-09 20:09:36,538 [Listener at 127.0.0.1/33951] INFO  server.RaftServerConfigKeys (ConfUtils.java:logGet(46)) - raft.server.data-stream.client.pool.size = 10 (default)
2023-01-09 20:09:36,538 [Listener at 127.0.0.1/33951] INFO  netty.NettyConfigKeys$DataStream (ConfUtils.java:logGet(46)) - raft.netty.dataStream.server.use-epoll = false (default)
2023-01-09 20:09:36,538 [Listener at 127.0.0.1/33951] INFO  netty.NettyConfigKeys$DataStream (ConfUtils.java:logGet(46)) - raft.netty.dataStream.server.boss-group.size = 0 (default)
2023-01-09 20:09:36,540 [Listener at 127.0.0.1/33951] INFO  netty.NettyConfigKeys$DataStream (ConfUtils.java:logGet(46)) - raft.netty.dataStream.server.worker-group.size = 0 (default)
2023-01-09 20:09:36,541 [Listener at 127.0.0.1/33951] INFO  netty.NettyConfigKeys$DataStream (ConfUtils.java:logGet(46)) - raft.netty.dataStream.server.tls.conf = null (default)
2023-01-09 20:09:36,541 [Listener at 127.0.0.1/33951] INFO  netty.NettyConfigKeys$DataStream (ConfUtils.java:logGet(46)) - raft.netty.dataStream.host = null (default)
2023-01-09 20:09:36,541 [Listener at 127.0.0.1/33951] INFO  netty.NettyConfigKeys$DataStream (ConfUtils.java:logGet(46)) - raft.netty.dataStream.port = 0 (default)
2023-01-09 20:09:36,542 [Listener at 127.0.0.1/33951] INFO  server.RaftServerConfigKeys (ConfUtils.java:logGet(46)) - raft.server.threadpool.proxy.cached = true (default)
2023-01-09 20:09:36,542 [Listener at 127.0.0.1/33951] INFO  server.RaftServerConfigKeys (ConfUtils.java:logGet(46)) - raft.server.threadpool.proxy.size = 0 (default)
2023-01-09 20:09:36,542 [Listener at 127.0.0.1/33951] INFO  server.RaftServerConfigKeys (ConfUtils.java:logGet(46)) - raft.server.rpc.slowness.timeout = 300s (custom)
2023-01-09 20:09:36,542 [Listener at 127.0.0.1/33951] INFO  server.RaftServerConfigKeys (ConfUtils.java:logGet(46)) - raft.server.leaderelection.leader.step-down.wait-time = 10s (default)
2023-01-09 20:09:36,543 [Listener at 127.0.0.1/33951] INFO  server.RaftServerConfigKeys (ConfUtils.java:logGet(46)) - raft.server.storage.dir = [/home/runner/work/ozone/ozone/hadoop-ozone/integration-test/target/test-dir/MiniOzoneClusterImpl-dc953f1b-8f43-4e25-a114-36b3b0290d25/datanode-4/data/ratis] (custom)
2023-01-09 20:09:36,548 [Listener at 127.0.0.1/33951] INFO  server.XceiverServerGrpc (XceiverServerGrpc.java:<init>(132)) - GrpcServer channel type EpollServerSocketChannel
2023-01-09 20:09:36,556 [Listener at 127.0.0.1/33951] INFO  http.BaseHttpServer (BaseHttpServer.java:newHttpServer2BuilderForOzone(213)) - Starting Web-server for hddsDatanode at: http://0.0.0.0:0
2023-01-09 20:09:36,556 [Listener at 127.0.0.1/33951] INFO  http.BaseHttpServer (BaseHttpServer.java:<init>(108)) - Hadoop Security Enabled: false Ozone Security Enabled: false Ozone HTTP Security Enabled: false 
2023-01-09 20:09:36,558 [Listener at 127.0.0.1/33951] WARN  server.AuthenticationFilter (AuthenticationFilter.java:constructSecretProvider(240)) - Unable to initialize FileSignerSecretProvider, falling back to use random secrets. Reason: Could not read signature secret file: /home/runner/hadoop-http-auth-signature-secret
2023-01-09 20:09:36,558 [26559c5d-eeb2-413a-b661-4afee7d58202-NettyServerStreamRpc-bossGroup--thread1] INFO  logging.LoggingHandler (AbstractInternalLogger.java:log(148)) - [id: 0x40d88365] REGISTERED
2023-01-09 20:09:36,558 [26559c5d-eeb2-413a-b661-4afee7d58202-NettyServerStreamRpc-bossGroup--thread1] INFO  logging.LoggingHandler (AbstractInternalLogger.java:log(148)) - [id: 0x40d88365] BIND: 0.0.0.0/0.0.0.0:0
2023-01-09 20:09:36,558 [26559c5d-eeb2-413a-b661-4afee7d58202-NettyServerStreamRpc-bossGroup--thread1] INFO  logging.LoggingHandler (AbstractInternalLogger.java:log(148)) - [id: 0x40d88365, L:/0:0:0:0:0:0:0:0:46099] ACTIVE
2023-01-09 20:09:36,561 [Listener at 127.0.0.1/33951] WARN  http.HttpRequestLog (HttpRequestLog.java:getRequestLog(103)) - Jetty request log can only be enabled using Log4j
2023-01-09 20:09:36,562 [Listener at 127.0.0.1/33951] INFO  http.HttpServer2 (HttpServer2.java:addGlobalFilter(1031)) - Added global filter 'safety' (class=org.apache.hadoop.hdds.server.http.HttpServer2$QuotingInputFilter)
2023-01-09 20:09:36,563 [Listener at 127.0.0.1/33951] INFO  http.HttpServer2 (HttpServer2.java:addFilter(1007)) - Added filter static_user_filter (class=org.apache.hadoop.http.lib.StaticUserWebFilter$StaticUserFilter) to context hddsDatanode
2023-01-09 20:09:36,563 [Listener at 127.0.0.1/33951] INFO  http.HttpServer2 (HttpServer2.java:addFilter(1015)) - Added filter static_user_filter (class=org.apache.hadoop.http.lib.StaticUserWebFilter$StaticUserFilter) to context logs
2023-01-09 20:09:36,564 [Listener at 127.0.0.1/33951] INFO  http.HttpServer2 (HttpServer2.java:addFilter(1015)) - Added filter static_user_filter (class=org.apache.hadoop.http.lib.StaticUserWebFilter$StaticUserFilter) to context static
2023-01-09 20:09:36,564 [Listener at 127.0.0.1/33951] INFO  http.HttpServer2 (HttpServer2.java:bindListener(1250)) - Jetty bound to port 39783
2023-01-09 20:09:36,565 [Listener at 127.0.0.1/33951] INFO  server.Server (Server.java:doStart(375)) - jetty-9.4.49.v20220914; built: 2022-09-14T01:07:36.601Z; git: 4231a3b2e4cb8548a412a789936d640a97b1aa0a; jvm 1.8.0_352-b08
2023-01-09 20:09:36,567 [Listener at 127.0.0.1/33951] INFO  server.session (DefaultSessionIdManager.java:doStart(334)) - DefaultSessionIdManager workerName=node0
2023-01-09 20:09:36,567 [Listener at 127.0.0.1/33951] INFO  server.session (DefaultSessionIdManager.java:doStart(339)) - No SessionScavenger set, using defaults
2023-01-09 20:09:36,567 [Listener at 127.0.0.1/33951] INFO  server.session (HouseKeeper.java:startScavenging(132)) - node0 Scavenging every 600000ms
2023-01-09 20:09:36,569 [Listener at 127.0.0.1/33951] INFO  handler.ContextHandler (ContextHandler.java:doStart(921)) - Started o.e.j.s.ServletContextHandler@72309bc{logs,/logs,file:///home/runner/work/ozone/ozone/hadoop-ozone/integration-test/target/log,AVAILABLE}
2023-01-09 20:09:36,570 [Listener at 127.0.0.1/33951] INFO  handler.ContextHandler (ContextHandler.java:doStart(921)) - Started o.e.j.s.ServletContextHandler@1f342afb{static,/static,jar:file:/home/runner/.m2/repository/org/apache/ozone/hdds-container-service/1.4.0-SNAPSHOT/hdds-container-service-1.4.0-SNAPSHOT.jar!/webapps/static,AVAILABLE}
2023-01-09 20:09:36,779 [Listener at 127.0.0.1/33951] INFO  handler.ContextHandler (ContextHandler.java:doStart(921)) - Started o.e.j.w.WebAppContext@26ccc142{hddsDatanode,/,file:///tmp/jetty-0_0_0_0-39783-hdds-container-service-1_4_0-SNAPSHOT_jar-_-any-3033125238741847738/webapp/,AVAILABLE}{jar:file:/home/runner/.m2/repository/org/apache/ozone/hdds-container-service/1.4.0-SNAPSHOT/hdds-container-service-1.4.0-SNAPSHOT.jar!/webapps/hddsDatanode}
2023-01-09 20:09:36,780 [Listener at 127.0.0.1/33951] INFO  server.AbstractConnector (AbstractConnector.java:doStart(333)) - Started ServerConnector@7bef169a{HTTP/1.1, (http/1.1)}{0.0.0.0:39783}
2023-01-09 20:09:36,780 [Listener at 127.0.0.1/33951] INFO  server.Server (Server.java:doStart(415)) - Started @12004ms
2023-01-09 20:09:36,781 [Listener at 127.0.0.1/33951] WARN  impl.MetricsSystemImpl (MetricsSystemImpl.java:register(279)) - Sink prometheus already exists!
2023-01-09 20:09:36,781 [Listener at 127.0.0.1/33951] INFO  http.BaseHttpServer (BaseHttpServer.java:updateConnectorAddress(333)) - HTTP server of hddsDatanode listening at http://0.0.0.0:39783
2023-01-09 20:09:36,782 [Datanode State Machine Daemon Thread] INFO  statemachine.DatanodeStateMachine (DatanodeStateMachine.java:lambda$startDaemon$0(508)) - Ozone container server started.
2023-01-09 20:09:36,782 [Listener at 127.0.0.1/33951] WARN  impl.MetricRegistriesImpl (MetricRegistriesImpl.java:addReporterRegistration(111)) - New reporters are added after registries were created. Some metrics will be missing from the reporter. Please add reporter before adding any new registry.
2023-01-09 20:09:36,783 [Listener at 127.0.0.1/33951] WARN  impl.MetricRegistriesImpl (MetricRegistriesImpl.java:addReporterRegistration(111)) - New reporters are added after registries were created. Some metrics will be missing from the reporter. Please add reporter before adding any new registry.
2023-01-09 20:09:36,783 [Listener at 127.0.0.1/33951] INFO  impl.MetricsSystemImpl (MetricsSystemImpl.java:init(158)) - HddsDatanode metrics system started (again)
2023-01-09 20:09:36,789 [org.apache.hadoop.util.JvmPauseMonitor$Monitor@5d1ffaa] INFO  util.JvmPauseMonitor (JvmPauseMonitor.java:run(188)) - Starting JVM pause monitor
2023-01-09 20:09:36,793 [Datanode State Machine Task Thread - 0] INFO  datanode.InitDatanodeState (InitDatanodeState.java:persistContainerDatanodeDetails(138)) - DatanodeDetails is persisted to /home/runner/work/ozone/ozone/hadoop-ozone/integration-test/target/test-dir/MiniOzoneClusterImpl-dc953f1b-8f43-4e25-a114-36b3b0290d25/datanode-4/meta/datanode.id
2023-01-09 20:09:36,798 [Listener at 127.0.0.1/33951] INFO  ozone.HddsDatanodeService (HddsDatanodeService.java:start(228)) - HddsDatanodeService host:fv-az457-50.3faczmgjfduuxnksfsdf43hgfa.dx.internal.cloudapp.net ip:10.1.0.27
2023-01-09 20:09:36,825 [Listener at 127.0.0.1/33951] INFO  upgrade.AbstractLayoutVersionManager (AbstractLayoutVersionManager.java:init(83)) - Initializing Layout version manager with metadata layout = DATANODE_SCHEMA_V3 (version = 4), software layout = DATANODE_SCHEMA_V3 (version = 4)
2023-01-09 20:09:36,909 [Listener at 127.0.0.1/33951] INFO  reflections.Reflections (Reflections.java:scan(232)) - Reflections took 82 ms to scan 7 urls, producing 146 keys and 350 values 
2023-01-09 20:09:36,914 [Listener at 127.0.0.1/33951] INFO  statemachine.DatanodeStateMachine (DatanodeStateMachine.java:getEndPointTaskThreadPoolSize(248)) - Datanode State Machine Task Thread Pool size 2
2023-01-09 20:09:36,928 [Listener at 127.0.0.1/33951] INFO  volume.HddsVolume (HddsVolume.java:<init>(117)) - Creating HddsVolume: /home/runner/work/ozone/ozone/hadoop-ozone/integration-test/target/test-dir/MiniOzoneClusterImpl-dc953f1b-8f43-4e25-a114-36b3b0290d25/datanode-5/data-0/containers/hdds of storage type : DISK capacity : 9223372036854775807
2023-01-09 20:09:36,928 [Listener at 127.0.0.1/33951] INFO  volume.MutableVolumeSet (MutableVolumeSet.java:initializeVolumeSet(174)) - Added Volume : /home/runner/work/ozone/ozone/hadoop-ozone/integration-test/target/test-dir/MiniOzoneClusterImpl-dc953f1b-8f43-4e25-a114-36b3b0290d25/datanode-5/data-0/containers/hdds to VolumeSet
2023-01-09 20:09:36,928 [Listener at 127.0.0.1/33951] INFO  volume.ThrottledAsyncChecker (ThrottledAsyncChecker.java:schedule(141)) - Scheduling a check for /home/runner/work/ozone/ozone/hadoop-ozone/integration-test/target/test-dir/MiniOzoneClusterImpl-dc953f1b-8f43-4e25-a114-36b3b0290d25/datanode-5/data-0/containers/hdds
2023-01-09 20:09:36,932 [Listener at 127.0.0.1/33951] INFO  volume.StorageVolumeChecker (StorageVolumeChecker.java:checkAllVolumes(202)) - Scheduled health check for volume /home/runner/work/ozone/ozone/hadoop-ozone/integration-test/target/test-dir/MiniOzoneClusterImpl-dc953f1b-8f43-4e25-a114-36b3b0290d25/datanode-5/data-0/containers/hdds
2023-01-09 20:09:36,956 [Listener at 127.0.0.1/33951] INFO  volume.MutableVolumeSet (MutableVolumeSet.java:initializeVolumeSet(174)) - Added Volume : /home/runner/work/ozone/ozone/hadoop-ozone/integration-test/target/test-dir/MiniOzoneClusterImpl-dc953f1b-8f43-4e25-a114-36b3b0290d25/datanode-5/data/ratis to VolumeSet
2023-01-09 20:09:36,957 [Listener at 127.0.0.1/33951] INFO  volume.ThrottledAsyncChecker (ThrottledAsyncChecker.java:schedule(141)) - Scheduling a check for /home/runner/work/ozone/ozone/hadoop-ozone/integration-test/target/test-dir/MiniOzoneClusterImpl-dc953f1b-8f43-4e25-a114-36b3b0290d25/datanode-5/data/ratis
2023-01-09 20:09:36,957 [Listener at 127.0.0.1/33951] INFO  volume.StorageVolumeChecker (StorageVolumeChecker.java:checkAllVolumes(202)) - Scheduled health check for volume /home/runner/work/ozone/ozone/hadoop-ozone/integration-test/target/test-dir/MiniOzoneClusterImpl-dc953f1b-8f43-4e25-a114-36b3b0290d25/datanode-5/data/ratis
2023-01-09 20:09:36,971 [Thread-209] INFO  ozoneimpl.ContainerReader (ContainerReader.java:readVolume(175)) - Finish verifying containers on volume /home/runner/work/ozone/ozone/hadoop-ozone/integration-test/target/test-dir/MiniOzoneClusterImpl-dc953f1b-8f43-4e25-a114-36b3b0290d25/datanode-5/data-0/containers/hdds
2023-01-09 20:09:36,971 [Listener at 127.0.0.1/33951] INFO  ozoneimpl.OzoneContainer (OzoneContainer.java:buildContainerSet(301)) - Build ContainerSet costs 0s
2023-01-09 20:09:36,975 [Listener at 127.0.0.1/33951] INFO  server.RaftServer (ConfUtils.java:logGet(46)) - raft.rpc.type = GRPC (default)
2023-01-09 20:09:36,975 [Listener at 127.0.0.1/33951] INFO  grpc.GrpcConfigKeys (ConfUtils.java:logFallback(53)) - raft.grpc.admin.host = null (fallback to raft.grpc.server.host)
2023-01-09 20:09:36,975 [Listener at 127.0.0.1/33951] INFO  grpc.GrpcConfigKeys (ConfUtils.java:logGet(46)) - raft.grpc.admin.port = 0 (custom)
2023-01-09 20:09:36,975 [Listener at 127.0.0.1/33951] INFO  grpc.GrpcConfigKeys (ConfUtils.java:logFallback(53)) - raft.grpc.client.host = null (fallback to raft.grpc.server.host)
2023-01-09 20:09:36,976 [Listener at 127.0.0.1/33951] INFO  grpc.GrpcConfigKeys (ConfUtils.java:logGet(46)) - raft.grpc.client.port = 0 (custom)
2023-01-09 20:09:36,976 [Listener at 127.0.0.1/33951] INFO  grpc.GrpcConfigKeys (ConfUtils.java:logGet(46)) - raft.grpc.server.host = null (default)
2023-01-09 20:09:36,976 [Listener at 127.0.0.1/33951] INFO  grpc.GrpcConfigKeys (ConfUtils.java:logGet(46)) - raft.grpc.server.port = 0 (default)
2023-01-09 20:09:36,976 [Listener at 127.0.0.1/33951] INFO  server.GrpcService (ConfUtils.java:logGet(46)) - raft.grpc.message.size.max = 32MB (=33554432) (custom)
2023-01-09 20:09:36,976 [Listener at 127.0.0.1/33951] INFO  server.RaftServerConfigKeys (ConfUtils.java:logGet(46)) - raft.server.log.appender.buffer.byte-limit = 33554432 (custom)
2023-01-09 20:09:36,977 [Listener at 127.0.0.1/33951] INFO  server.GrpcService (ConfUtils.java:logGet(46)) - raft.grpc.flow.control.window = 5MB (=5242880) (custom)
2023-01-09 20:09:36,977 [Listener at 127.0.0.1/33951] INFO  server.RaftServerConfigKeys (ConfUtils.java:logGet(46)) - raft.server.rpc.request.timeout = 60s (custom)
2023-01-09 20:09:36,977 [Listener at 127.0.0.1/33951] INFO  grpc.GrpcConfigKeys (ConfUtils.java:logGet(46)) - raft.grpc.server.heartbeat.channel = true (default)
2023-01-09 20:09:36,977 [Listener at 127.0.0.1/33951] INFO  grpc.GrpcConfigKeys (ConfUtils.java:logGet(46)) - raft.grpc.server.async.request.thread.pool.cached = true (default)
2023-01-09 20:09:36,977 [Listener at 127.0.0.1/33951] INFO  grpc.GrpcConfigKeys (ConfUtils.java:logGet(46)) - raft.grpc.server.async.request.thread.pool.size = 32 (default)
2023-01-09 20:09:36,979 [Listener at 127.0.0.1/33951] INFO  impl.DataStreamServerImpl (ConfUtils.java:logGet(46)) - raft.datastream.type = NETTY (custom)
2023-01-09 20:09:36,979 [Listener at 127.0.0.1/33951] INFO  server.RaftServerConfigKeys (ConfUtils.java:logGet(46)) - raft.server.data-stream.async.request.thread.pool.cached = false (default)
2023-01-09 20:09:36,980 [Listener at 127.0.0.1/33951] INFO  server.RaftServerConfigKeys (ConfUtils.java:logGet(46)) - raft.server.data-stream.async.request.thread.pool.size = 20 (custom)
2023-01-09 20:09:36,980 [Listener at 127.0.0.1/33951] INFO  server.RaftServerConfigKeys (ConfUtils.java:logGet(46)) - raft.server.data-stream.async.write.thread.pool.size = 16 (default)
2023-01-09 20:09:36,980 [Listener at 127.0.0.1/33951] INFO  server.RaftServerConfigKeys (ConfUtils.java:logGet(46)) - raft.server.data-stream.client.pool.size = 10 (default)
2023-01-09 20:09:36,980 [Listener at 127.0.0.1/33951] INFO  netty.NettyConfigKeys$DataStream (ConfUtils.java:logGet(46)) - raft.netty.dataStream.server.use-epoll = false (default)
2023-01-09 20:09:36,980 [Listener at 127.0.0.1/33951] INFO  netty.NettyConfigKeys$DataStream (ConfUtils.java:logGet(46)) - raft.netty.dataStream.server.boss-group.size = 0 (default)
2023-01-09 20:09:36,981 [Listener at 127.0.0.1/33951] INFO  netty.NettyConfigKeys$DataStream (ConfUtils.java:logGet(46)) - raft.netty.dataStream.server.worker-group.size = 0 (default)
2023-01-09 20:09:36,982 [Listener at 127.0.0.1/33951] INFO  netty.NettyConfigKeys$DataStream (ConfUtils.java:logGet(46)) - raft.netty.dataStream.server.tls.conf = null (default)
2023-01-09 20:09:36,982 [Listener at 127.0.0.1/33951] INFO  netty.NettyConfigKeys$DataStream (ConfUtils.java:logGet(46)) - raft.netty.dataStream.host = null (default)
2023-01-09 20:09:36,982 [Listener at 127.0.0.1/33951] INFO  netty.NettyConfigKeys$DataStream (ConfUtils.java:logGet(46)) - raft.netty.dataStream.port = 0 (default)
2023-01-09 20:09:36,984 [Listener at 127.0.0.1/33951] INFO  server.RaftServerConfigKeys (ConfUtils.java:logGet(46)) - raft.server.threadpool.proxy.cached = true (default)
2023-01-09 20:09:36,984 [Listener at 127.0.0.1/33951] INFO  server.RaftServerConfigKeys (ConfUtils.java:logGet(46)) - raft.server.threadpool.proxy.size = 0 (default)
2023-01-09 20:09:36,991 [Listener at 127.0.0.1/33951] INFO  server.RaftServerConfigKeys (ConfUtils.java:logGet(46)) - raft.server.rpc.slowness.timeout = 300s (custom)
2023-01-09 20:09:36,991 [Listener at 127.0.0.1/33951] INFO  server.RaftServerConfigKeys (ConfUtils.java:logGet(46)) - raft.server.leaderelection.leader.step-down.wait-time = 10s (default)
2023-01-09 20:09:36,992 [Listener at 127.0.0.1/33951] INFO  server.RaftServerConfigKeys (ConfUtils.java:logGet(46)) - raft.server.storage.dir = [/home/runner/work/ozone/ozone/hadoop-ozone/integration-test/target/test-dir/MiniOzoneClusterImpl-dc953f1b-8f43-4e25-a114-36b3b0290d25/datanode-5/data/ratis] (custom)
2023-01-09 20:09:36,993 [Listener at 127.0.0.1/33951] INFO  server.XceiverServerGrpc (XceiverServerGrpc.java:<init>(132)) - GrpcServer channel type EpollServerSocketChannel
2023-01-09 20:09:37,003 [Listener at 127.0.0.1/33951] INFO  http.BaseHttpServer (BaseHttpServer.java:newHttpServer2BuilderForOzone(213)) - Starting Web-server for hddsDatanode at: http://0.0.0.0:0
2023-01-09 20:09:37,004 [cbda9cd1-c9bf-468c-9ce3-2b320cdae76d-NettyServerStreamRpc-bossGroup--thread1] INFO  logging.LoggingHandler (AbstractInternalLogger.java:log(148)) - [id: 0x5399a24b] REGISTERED
2023-01-09 20:09:37,004 [Listener at 127.0.0.1/33951] INFO  http.BaseHttpServer (BaseHttpServer.java:<init>(108)) - Hadoop Security Enabled: false Ozone Security Enabled: false Ozone HTTP Security Enabled: false 
2023-01-09 20:09:37,004 [cbda9cd1-c9bf-468c-9ce3-2b320cdae76d-NettyServerStreamRpc-bossGroup--thread1] INFO  logging.LoggingHandler (AbstractInternalLogger.java:log(148)) - [id: 0x5399a24b] BIND: 0.0.0.0/0.0.0.0:0
2023-01-09 20:09:37,004 [cbda9cd1-c9bf-468c-9ce3-2b320cdae76d-NettyServerStreamRpc-bossGroup--thread1] INFO  logging.LoggingHandler (AbstractInternalLogger.java:log(148)) - [id: 0x5399a24b, L:/0:0:0:0:0:0:0:0:44727] ACTIVE
2023-01-09 20:09:37,006 [Listener at 127.0.0.1/33951] WARN  server.AuthenticationFilter (AuthenticationFilter.java:constructSecretProvider(240)) - Unable to initialize FileSignerSecretProvider, falling back to use random secrets. Reason: Could not read signature secret file: /home/runner/hadoop-http-auth-signature-secret
2023-01-09 20:09:37,007 [Listener at 127.0.0.1/33951] WARN  http.HttpRequestLog (HttpRequestLog.java:getRequestLog(103)) - Jetty request log can only be enabled using Log4j
2023-01-09 20:09:37,008 [Listener at 127.0.0.1/33951] INFO  http.HttpServer2 (HttpServer2.java:addGlobalFilter(1031)) - Added global filter 'safety' (class=org.apache.hadoop.hdds.server.http.HttpServer2$QuotingInputFilter)
2023-01-09 20:09:37,009 [Listener at 127.0.0.1/33951] INFO  http.HttpServer2 (HttpServer2.java:addFilter(1007)) - Added filter static_user_filter (class=org.apache.hadoop.http.lib.StaticUserWebFilter$StaticUserFilter) to context hddsDatanode
2023-01-09 20:09:37,010 [Listener at 127.0.0.1/33951] INFO  http.HttpServer2 (HttpServer2.java:addFilter(1015)) - Added filter static_user_filter (class=org.apache.hadoop.http.lib.StaticUserWebFilter$StaticUserFilter) to context static
2023-01-09 20:09:37,010 [Listener at 127.0.0.1/33951] INFO  http.HttpServer2 (HttpServer2.java:addFilter(1015)) - Added filter static_user_filter (class=org.apache.hadoop.http.lib.StaticUserWebFilter$StaticUserFilter) to context logs
2023-01-09 20:09:37,010 [Listener at 127.0.0.1/33951] INFO  http.HttpServer2 (HttpServer2.java:bindListener(1250)) - Jetty bound to port 44589
2023-01-09 20:09:37,011 [Listener at 127.0.0.1/33951] INFO  server.Server (Server.java:doStart(375)) - jetty-9.4.49.v20220914; built: 2022-09-14T01:07:36.601Z; git: 4231a3b2e4cb8548a412a789936d640a97b1aa0a; jvm 1.8.0_352-b08
2023-01-09 20:09:37,014 [Listener at 127.0.0.1/33951] INFO  server.session (DefaultSessionIdManager.java:doStart(334)) - DefaultSessionIdManager workerName=node0
2023-01-09 20:09:37,014 [Listener at 127.0.0.1/33951] INFO  server.session (DefaultSessionIdManager.java:doStart(339)) - No SessionScavenger set, using defaults
2023-01-09 20:09:37,015 [Listener at 127.0.0.1/33951] INFO  server.session (HouseKeeper.java:startScavenging(132)) - node0 Scavenging every 660000ms
2023-01-09 20:09:37,017 [Listener at 127.0.0.1/33951] INFO  handler.ContextHandler (ContextHandler.java:doStart(921)) - Started o.e.j.s.ServletContextHandler@10777bee{logs,/logs,file:///home/runner/work/ozone/ozone/hadoop-ozone/integration-test/target/log,AVAILABLE}
2023-01-09 20:09:37,018 [Listener at 127.0.0.1/33951] INFO  handler.ContextHandler (ContextHandler.java:doStart(921)) - Started o.e.j.s.ServletContextHandler@6aea833f{static,/static,jar:file:/home/runner/.m2/repository/org/apache/ozone/hdds-container-service/1.4.0-SNAPSHOT/hdds-container-service-1.4.0-SNAPSHOT.jar!/webapps/static,AVAILABLE}
2023-01-09 20:09:37,031 [EndpointStateMachine task thread for /0.0.0.0:33549 - 0 ] INFO  utils.DatanodeStoreCache (DatanodeStoreCache.java:addDB(58)) - Added db /home/runner/work/ozone/ozone/hadoop-ozone/integration-test/target/test-dir/MiniOzoneClusterImpl-dc953f1b-8f43-4e25-a114-36b3b0290d25/datanode-0/data-0/containers/hdds/dc953f1b-8f43-4e25-a114-36b3b0290d25/DS-72bec9e7-0dda-4e2b-9efa-c3638d803ae9/container.db to cache
2023-01-09 20:09:37,031 [EndpointStateMachine task thread for /0.0.0.0:33549 - 0 ] INFO  volume.HddsVolume (HddsVolume.java:createDbStore(307)) - SchemaV3 db is created and loaded at /home/runner/work/ozone/ozone/hadoop-ozone/integration-test/target/test-dir/MiniOzoneClusterImpl-dc953f1b-8f43-4e25-a114-36b3b0290d25/datanode-0/data-0/containers/hdds/dc953f1b-8f43-4e25-a114-36b3b0290d25/DS-72bec9e7-0dda-4e2b-9efa-c3638d803ae9/container.db for volume DS-72bec9e7-0dda-4e2b-9efa-c3638d803ae9
2023-01-09 20:09:37,032 [EndpointStateMachine task thread for /0.0.0.0:33549 - 0 ] INFO  ozoneimpl.OzoneContainer (OzoneContainer.java:start(395)) - Attempting to start container services.
2023-01-09 20:09:37,034 [EndpointStateMachine task thread for /0.0.0.0:33549 - 0 ] INFO  ozoneimpl.OzoneContainer (OzoneContainer.java:startContainerScrub(312)) - Scheduled background container scanners and the on-demand container scanner have been disabled.
2023-01-09 20:09:37,041 [EndpointStateMachine task thread for /0.0.0.0:33549 - 0 ] INFO  replication.ReplicationServer (ReplicationServer.java:start(106)) - ReplicationServer is started using port 34507
2023-01-09 20:09:37,049 [EndpointStateMachine task thread for /0.0.0.0:33549 - 0 ] INFO  ratis.XceiverServerRatis (XceiverServerRatis.java:start(517)) - Starting XceiverServerRatis 204ebb6c-eb9c-4605-8b0a-417067302917
2023-01-09 20:09:37,054 [EndpointStateMachine task thread for /0.0.0.0:33549 - 0 ] INFO  server.RaftServer (RaftServerProxy.java:startImpl(393)) - 204ebb6c-eb9c-4605-8b0a-417067302917: start RPC server
2023-01-09 20:09:37,057 [EndpointStateMachine task thread for /0.0.0.0:33549 - 0 ] INFO  server.GrpcService (GrpcService.java:startImpl(262)) - 204ebb6c-eb9c-4605-8b0a-417067302917: GrpcService started, listening on 38461
2023-01-09 20:09:37,063 [EndpointStateMachine task thread for /0.0.0.0:33549 - 0 ] INFO  ratis.XceiverServerRatis (XceiverServerRatis.java:getRealPort(543)) - XceiverServerRatis 204ebb6c-eb9c-4605-8b0a-417067302917 is started using port 38461 for RATIS
2023-01-09 20:09:37,063 [EndpointStateMachine task thread for /0.0.0.0:33549 - 0 ] INFO  ratis.XceiverServerRatis (XceiverServerRatis.java:getRealPort(543)) - XceiverServerRatis 204ebb6c-eb9c-4605-8b0a-417067302917 is started using port 38461 for RATIS_ADMIN
2023-01-09 20:09:37,063 [EndpointStateMachine task thread for /0.0.0.0:33549 - 0 ] INFO  ratis.XceiverServerRatis (XceiverServerRatis.java:getRealPort(543)) - XceiverServerRatis 204ebb6c-eb9c-4605-8b0a-417067302917 is started using port 38461 for RATIS_SERVER
2023-01-09 20:09:37,063 [EndpointStateMachine task thread for /0.0.0.0:33549 - 0 ] INFO  ratis.XceiverServerRatis (XceiverServerRatis.java:getRealPort(543)) - XceiverServerRatis 204ebb6c-eb9c-4605-8b0a-417067302917 is started using port 40035 for RATIS_DATASTREAM
2023-01-09 20:09:37,063 [JvmPauseMonitor1] INFO  util.JvmPauseMonitor (JvmPauseMonitor.java:run(105)) - JvmPauseMonitor-204ebb6c-eb9c-4605-8b0a-417067302917: Started
2023-01-09 20:09:37,075 [EndpointStateMachine task thread for /0.0.0.0:33549 - 0 ] INFO  server.XceiverServerGrpc (XceiverServerGrpc.java:start(180)) - XceiverServerGrpc 204ebb6c-eb9c-4605-8b0a-417067302917 is started using port 33253
2023-01-09 20:09:37,252 [Listener at 127.0.0.1/33951] INFO  handler.ContextHandler (ContextHandler.java:doStart(921)) - Started o.e.j.w.WebAppContext@7d06a187{hddsDatanode,/,file:///tmp/jetty-0_0_0_0-44589-hdds-container-service-1_4_0-SNAPSHOT_jar-_-any-3452913578573431660/webapp/,AVAILABLE}{jar:file:/home/runner/.m2/repository/org/apache/ozone/hdds-container-service/1.4.0-SNAPSHOT/hdds-container-service-1.4.0-SNAPSHOT.jar!/webapps/hddsDatanode}
2023-01-09 20:09:37,254 [Listener at 127.0.0.1/33951] INFO  server.AbstractConnector (AbstractConnector.java:doStart(333)) - Started ServerConnector@28584bcc{HTTP/1.1, (http/1.1)}{0.0.0.0:44589}
2023-01-09 20:09:37,255 [Listener at 127.0.0.1/33951] INFO  server.Server (Server.java:doStart(415)) - Started @12478ms
2023-01-09 20:09:37,255 [Listener at 127.0.0.1/33951] WARN  impl.MetricsSystemImpl (MetricsSystemImpl.java:register(279)) - Sink prometheus already exists!
2023-01-09 20:09:37,256 [Listener at 127.0.0.1/33951] INFO  http.BaseHttpServer (BaseHttpServer.java:updateConnectorAddress(333)) - HTTP server of hddsDatanode listening at http://0.0.0.0:44589
2023-01-09 20:09:37,256 [Datanode State Machine Daemon Thread] INFO  statemachine.DatanodeStateMachine (DatanodeStateMachine.java:lambda$startDaemon$0(508)) - Ozone container server started.
2023-01-09 20:09:37,256 [Listener at 127.0.0.1/33951] WARN  impl.MetricRegistriesImpl (MetricRegistriesImpl.java:addReporterRegistration(111)) - New reporters are added after registries were created. Some metrics will be missing from the reporter. Please add reporter before adding any new registry.
2023-01-09 20:09:37,260 [Listener at 127.0.0.1/33951] WARN  impl.MetricRegistriesImpl (MetricRegistriesImpl.java:addReporterRegistration(111)) - New reporters are added after registries were created. Some metrics will be missing from the reporter. Please add reporter before adding any new registry.
2023-01-09 20:09:37,260 [Listener at 127.0.0.1/33951] INFO  impl.MetricsSystemImpl (MetricsSystemImpl.java:init(158)) - HddsDatanode metrics system started (again)
2023-01-09 20:09:37,273 [Listener at 127.0.0.1/33951] INFO  ozone.HddsDatanodeService (HddsDatanodeService.java:start(228)) - HddsDatanodeService host:fv-az457-50.3faczmgjfduuxnksfsdf43hgfa.dx.internal.cloudapp.net ip:10.1.0.27
2023-01-09 20:09:37,274 [org.apache.hadoop.util.JvmPauseMonitor$Monitor@571f5f93] INFO  util.JvmPauseMonitor (JvmPauseMonitor.java:run(188)) - Starting JVM pause monitor
2023-01-09 20:09:37,278 [Datanode State Machine Task Thread - 0] INFO  datanode.InitDatanodeState (InitDatanodeState.java:persistContainerDatanodeDetails(138)) - DatanodeDetails is persisted to /home/runner/work/ozone/ozone/hadoop-ozone/integration-test/target/test-dir/MiniOzoneClusterImpl-dc953f1b-8f43-4e25-a114-36b3b0290d25/datanode-5/meta/datanode.id
2023-01-09 20:09:37,304 [Listener at 127.0.0.1/33951] INFO  upgrade.AbstractLayoutVersionManager (AbstractLayoutVersionManager.java:init(83)) - Initializing Layout version manager with metadata layout = DATANODE_SCHEMA_V3 (version = 4), software layout = DATANODE_SCHEMA_V3 (version = 4)
2023-01-09 20:09:37,362 [Listener at 127.0.0.1/33951] INFO  reflections.Reflections (Reflections.java:scan(232)) - Reflections took 57 ms to scan 7 urls, producing 146 keys and 350 values 
2023-01-09 20:09:37,364 [Listener at 127.0.0.1/33951] INFO  statemachine.DatanodeStateMachine (DatanodeStateMachine.java:getEndPointTaskThreadPoolSize(248)) - Datanode State Machine Task Thread Pool size 2
2023-01-09 20:09:37,366 [Listener at 127.0.0.1/33951] INFO  volume.HddsVolume (HddsVolume.java:<init>(117)) - Creating HddsVolume: /home/runner/work/ozone/ozone/hadoop-ozone/integration-test/target/test-dir/MiniOzoneClusterImpl-dc953f1b-8f43-4e25-a114-36b3b0290d25/datanode-6/data-0/containers/hdds of storage type : DISK capacity : 9223372036854775807
2023-01-09 20:09:37,367 [Listener at 127.0.0.1/33951] INFO  volume.MutableVolumeSet (MutableVolumeSet.java:initializeVolumeSet(174)) - Added Volume : /home/runner/work/ozone/ozone/hadoop-ozone/integration-test/target/test-dir/MiniOzoneClusterImpl-dc953f1b-8f43-4e25-a114-36b3b0290d25/datanode-6/data-0/containers/hdds to VolumeSet
2023-01-09 20:09:37,367 [Listener at 127.0.0.1/33951] INFO  volume.ThrottledAsyncChecker (ThrottledAsyncChecker.java:schedule(141)) - Scheduling a check for /home/runner/work/ozone/ozone/hadoop-ozone/integration-test/target/test-dir/MiniOzoneClusterImpl-dc953f1b-8f43-4e25-a114-36b3b0290d25/datanode-6/data-0/containers/hdds
2023-01-09 20:09:37,371 [Listener at 127.0.0.1/33951] INFO  volume.StorageVolumeChecker (StorageVolumeChecker.java:checkAllVolumes(202)) - Scheduled health check for volume /home/runner/work/ozone/ozone/hadoop-ozone/integration-test/target/test-dir/MiniOzoneClusterImpl-dc953f1b-8f43-4e25-a114-36b3b0290d25/datanode-6/data-0/containers/hdds
2023-01-09 20:09:37,383 [Listener at 127.0.0.1/33951] INFO  volume.MutableVolumeSet (MutableVolumeSet.java:initializeVolumeSet(174)) - Added Volume : /home/runner/work/ozone/ozone/hadoop-ozone/integration-test/target/test-dir/MiniOzoneClusterImpl-dc953f1b-8f43-4e25-a114-36b3b0290d25/datanode-6/data/ratis to VolumeSet
2023-01-09 20:09:37,383 [Listener at 127.0.0.1/33951] INFO  volume.ThrottledAsyncChecker (ThrottledAsyncChecker.java:schedule(141)) - Scheduling a check for /home/runner/work/ozone/ozone/hadoop-ozone/integration-test/target/test-dir/MiniOzoneClusterImpl-dc953f1b-8f43-4e25-a114-36b3b0290d25/datanode-6/data/ratis
2023-01-09 20:09:37,383 [Listener at 127.0.0.1/33951] INFO  volume.StorageVolumeChecker (StorageVolumeChecker.java:checkAllVolumes(202)) - Scheduled health check for volume /home/runner/work/ozone/ozone/hadoop-ozone/integration-test/target/test-dir/MiniOzoneClusterImpl-dc953f1b-8f43-4e25-a114-36b3b0290d25/datanode-6/data/ratis
2023-01-09 20:09:37,396 [Thread-228] INFO  ozoneimpl.ContainerReader (ContainerReader.java:readVolume(175)) - Finish verifying containers on volume /home/runner/work/ozone/ozone/hadoop-ozone/integration-test/target/test-dir/MiniOzoneClusterImpl-dc953f1b-8f43-4e25-a114-36b3b0290d25/datanode-6/data-0/containers/hdds
2023-01-09 20:09:37,396 [Listener at 127.0.0.1/33951] INFO  ozoneimpl.OzoneContainer (OzoneContainer.java:buildContainerSet(301)) - Build ContainerSet costs 0s
2023-01-09 20:09:37,400 [Listener at 127.0.0.1/33951] INFO  server.RaftServer (ConfUtils.java:logGet(46)) - raft.rpc.type = GRPC (default)
2023-01-09 20:09:37,400 [Listener at 127.0.0.1/33951] INFO  grpc.GrpcConfigKeys (ConfUtils.java:logFallback(53)) - raft.grpc.admin.host = null (fallback to raft.grpc.server.host)
2023-01-09 20:09:37,400 [Listener at 127.0.0.1/33951] INFO  grpc.GrpcConfigKeys (ConfUtils.java:logGet(46)) - raft.grpc.admin.port = 0 (custom)
2023-01-09 20:09:37,400 [Listener at 127.0.0.1/33951] INFO  grpc.GrpcConfigKeys (ConfUtils.java:logFallback(53)) - raft.grpc.client.host = null (fallback to raft.grpc.server.host)
2023-01-09 20:09:37,401 [Listener at 127.0.0.1/33951] INFO  grpc.GrpcConfigKeys (ConfUtils.java:logGet(46)) - raft.grpc.client.port = 0 (custom)
2023-01-09 20:09:37,401 [Listener at 127.0.0.1/33951] INFO  grpc.GrpcConfigKeys (ConfUtils.java:logGet(46)) - raft.grpc.server.host = null (default)
2023-01-09 20:09:37,401 [Listener at 127.0.0.1/33951] INFO  grpc.GrpcConfigKeys (ConfUtils.java:logGet(46)) - raft.grpc.server.port = 0 (default)
2023-01-09 20:09:37,401 [Listener at 127.0.0.1/33951] INFO  server.GrpcService (ConfUtils.java:logGet(46)) - raft.grpc.message.size.max = 32MB (=33554432) (custom)
2023-01-09 20:09:37,401 [Listener at 127.0.0.1/33951] INFO  server.RaftServerConfigKeys (ConfUtils.java:logGet(46)) - raft.server.log.appender.buffer.byte-limit = 33554432 (custom)
2023-01-09 20:09:37,402 [Listener at 127.0.0.1/33951] INFO  server.GrpcService (ConfUtils.java:logGet(46)) - raft.grpc.flow.control.window = 5MB (=5242880) (custom)
2023-01-09 20:09:37,402 [Listener at 127.0.0.1/33951] INFO  server.RaftServerConfigKeys (ConfUtils.java:logGet(46)) - raft.server.rpc.request.timeout = 60s (custom)
2023-01-09 20:09:37,402 [Listener at 127.0.0.1/33951] INFO  grpc.GrpcConfigKeys (ConfUtils.java:logGet(46)) - raft.grpc.server.heartbeat.channel = true (default)
2023-01-09 20:09:37,402 [Listener at 127.0.0.1/33951] INFO  grpc.GrpcConfigKeys (ConfUtils.java:logGet(46)) - raft.grpc.server.async.request.thread.pool.cached = true (default)
2023-01-09 20:09:37,403 [Listener at 127.0.0.1/33951] INFO  grpc.GrpcConfigKeys (ConfUtils.java:logGet(46)) - raft.grpc.server.async.request.thread.pool.size = 32 (default)
2023-01-09 20:09:37,405 [Listener at 127.0.0.1/33951] INFO  impl.DataStreamServerImpl (ConfUtils.java:logGet(46)) - raft.datastream.type = NETTY (custom)
2023-01-09 20:09:37,405 [Listener at 127.0.0.1/33951] INFO  server.RaftServerConfigKeys (ConfUtils.java:logGet(46)) - raft.server.data-stream.async.request.thread.pool.cached = false (default)
2023-01-09 20:09:37,405 [Listener at 127.0.0.1/33951] INFO  server.RaftServerConfigKeys (ConfUtils.java:logGet(46)) - raft.server.data-stream.async.request.thread.pool.size = 20 (custom)
2023-01-09 20:09:37,406 [Listener at 127.0.0.1/33951] INFO  server.RaftServerConfigKeys (ConfUtils.java:logGet(46)) - raft.server.data-stream.async.write.thread.pool.size = 16 (default)
2023-01-09 20:09:37,406 [Listener at 127.0.0.1/33951] INFO  server.RaftServerConfigKeys (ConfUtils.java:logGet(46)) - raft.server.data-stream.client.pool.size = 10 (default)
2023-01-09 20:09:37,406 [Listener at 127.0.0.1/33951] INFO  netty.NettyConfigKeys$DataStream (ConfUtils.java:logGet(46)) - raft.netty.dataStream.server.use-epoll = false (default)
2023-01-09 20:09:37,407 [Listener at 127.0.0.1/33951] INFO  netty.NettyConfigKeys$DataStream (ConfUtils.java:logGet(46)) - raft.netty.dataStream.server.boss-group.size = 0 (default)
2023-01-09 20:09:37,408 [Listener at 127.0.0.1/33951] INFO  netty.NettyConfigKeys$DataStream (ConfUtils.java:logGet(46)) - raft.netty.dataStream.server.worker-group.size = 0 (default)
2023-01-09 20:09:37,408 [Listener at 127.0.0.1/33951] INFO  netty.NettyConfigKeys$DataStream (ConfUtils.java:logGet(46)) - raft.netty.dataStream.server.tls.conf = null (default)
2023-01-09 20:09:37,409 [Listener at 127.0.0.1/33951] INFO  netty.NettyConfigKeys$DataStream (ConfUtils.java:logGet(46)) - raft.netty.dataStream.host = null (default)
2023-01-09 20:09:37,409 [Listener at 127.0.0.1/33951] INFO  netty.NettyConfigKeys$DataStream (ConfUtils.java:logGet(46)) - raft.netty.dataStream.port = 0 (default)
2023-01-09 20:09:37,409 [Listener at 127.0.0.1/33951] INFO  server.RaftServerConfigKeys (ConfUtils.java:logGet(46)) - raft.server.threadpool.proxy.cached = true (default)
2023-01-09 20:09:37,410 [Listener at 127.0.0.1/33951] INFO  server.RaftServerConfigKeys (ConfUtils.java:logGet(46)) - raft.server.threadpool.proxy.size = 0 (default)
2023-01-09 20:09:37,410 [Listener at 127.0.0.1/33951] INFO  server.RaftServerConfigKeys (ConfUtils.java:logGet(46)) - raft.server.rpc.slowness.timeout = 300s (custom)
2023-01-09 20:09:37,410 [Listener at 127.0.0.1/33951] INFO  server.RaftServerConfigKeys (ConfUtils.java:logGet(46)) - raft.server.leaderelection.leader.step-down.wait-time = 10s (default)
2023-01-09 20:09:37,410 [Listener at 127.0.0.1/33951] INFO  server.RaftServerConfigKeys (ConfUtils.java:logGet(46)) - raft.server.storage.dir = [/home/runner/work/ozone/ozone/hadoop-ozone/integration-test/target/test-dir/MiniOzoneClusterImpl-dc953f1b-8f43-4e25-a114-36b3b0290d25/datanode-6/data/ratis] (custom)
2023-01-09 20:09:37,414 [51369307-b0de-40aa-9d6f-41f84e1cecb7-NettyServerStreamRpc-bossGroup--thread1] INFO  logging.LoggingHandler (AbstractInternalLogger.java:log(148)) - [id: 0xf3da203a] REGISTERED
2023-01-09 20:09:37,416 [Listener at 127.0.0.1/33951] INFO  server.XceiverServerGrpc (XceiverServerGrpc.java:<init>(132)) - GrpcServer channel type EpollServerSocketChannel
2023-01-09 20:09:37,417 [51369307-b0de-40aa-9d6f-41f84e1cecb7-NettyServerStreamRpc-bossGroup--thread1] INFO  logging.LoggingHandler (AbstractInternalLogger.java:log(148)) - [id: 0xf3da203a] BIND: 0.0.0.0/0.0.0.0:0
2023-01-09 20:09:37,417 [51369307-b0de-40aa-9d6f-41f84e1cecb7-NettyServerStreamRpc-bossGroup--thread1] INFO  logging.LoggingHandler (AbstractInternalLogger.java:log(148)) - [id: 0xf3da203a, L:/0:0:0:0:0:0:0:0:33005] ACTIVE
2023-01-09 20:09:37,423 [Listener at 127.0.0.1/33951] INFO  http.BaseHttpServer (BaseHttpServer.java:newHttpServer2BuilderForOzone(213)) - Starting Web-server for hddsDatanode at: http://0.0.0.0:0
2023-01-09 20:09:37,423 [Listener at 127.0.0.1/33951] INFO  http.BaseHttpServer (BaseHttpServer.java:<init>(108)) - Hadoop Security Enabled: false Ozone Security Enabled: false Ozone HTTP Security Enabled: false 
2023-01-09 20:09:37,424 [Listener at 127.0.0.1/33951] WARN  server.AuthenticationFilter (AuthenticationFilter.java:constructSecretProvider(240)) - Unable to initialize FileSignerSecretProvider, falling back to use random secrets. Reason: Could not read signature secret file: /home/runner/hadoop-http-auth-signature-secret
2023-01-09 20:09:37,426 [Listener at 127.0.0.1/33951] WARN  http.HttpRequestLog (HttpRequestLog.java:getRequestLog(103)) - Jetty request log can only be enabled using Log4j
2023-01-09 20:09:37,428 [Listener at 127.0.0.1/33951] INFO  http.HttpServer2 (HttpServer2.java:addGlobalFilter(1031)) - Added global filter 'safety' (class=org.apache.hadoop.hdds.server.http.HttpServer2$QuotingInputFilter)
2023-01-09 20:09:37,429 [Listener at 127.0.0.1/33951] INFO  http.HttpServer2 (HttpServer2.java:addFilter(1007)) - Added filter static_user_filter (class=org.apache.hadoop.http.lib.StaticUserWebFilter$StaticUserFilter) to context hddsDatanode
2023-01-09 20:09:37,429 [Listener at 127.0.0.1/33951] INFO  http.HttpServer2 (HttpServer2.java:addFilter(1015)) - Added filter static_user_filter (class=org.apache.hadoop.http.lib.StaticUserWebFilter$StaticUserFilter) to context logs
2023-01-09 20:09:37,430 [Listener at 127.0.0.1/33951] INFO  http.HttpServer2 (HttpServer2.java:addFilter(1015)) - Added filter static_user_filter (class=org.apache.hadoop.http.lib.StaticUserWebFilter$StaticUserFilter) to context static
2023-01-09 20:09:37,431 [Listener at 127.0.0.1/33951] INFO  http.HttpServer2 (HttpServer2.java:bindListener(1250)) - Jetty bound to port 39453
2023-01-09 20:09:37,431 [Listener at 127.0.0.1/33951] INFO  server.Server (Server.java:doStart(375)) - jetty-9.4.49.v20220914; built: 2022-09-14T01:07:36.601Z; git: 4231a3b2e4cb8548a412a789936d640a97b1aa0a; jvm 1.8.0_352-b08
2023-01-09 20:09:37,433 [Listener at 127.0.0.1/33951] INFO  server.session (DefaultSessionIdManager.java:doStart(334)) - DefaultSessionIdManager workerName=node0
2023-01-09 20:09:37,433 [Listener at 127.0.0.1/33951] INFO  server.session (DefaultSessionIdManager.java:doStart(339)) - No SessionScavenger set, using defaults
2023-01-09 20:09:37,433 [Listener at 127.0.0.1/33951] INFO  server.session (HouseKeeper.java:startScavenging(132)) - node0 Scavenging every 600000ms
2023-01-09 20:09:37,434 [Listener at 127.0.0.1/33951] INFO  handler.ContextHandler (ContextHandler.java:doStart(921)) - Started o.e.j.s.ServletContextHandler@1eb925ab{logs,/logs,file:///home/runner/work/ozone/ozone/hadoop-ozone/integration-test/target/log,AVAILABLE}
2023-01-09 20:09:37,435 [Listener at 127.0.0.1/33951] INFO  handler.ContextHandler (ContextHandler.java:doStart(921)) - Started o.e.j.s.ServletContextHandler@682d2bb3{static,/static,jar:file:/home/runner/.m2/repository/org/apache/ozone/hdds-container-service/1.4.0-SNAPSHOT/hdds-container-service-1.4.0-SNAPSHOT.jar!/webapps/static,AVAILABLE}
2023-01-09 20:09:37,626 [EndpointStateMachine task thread for /0.0.0.0:33549 - 0 ] INFO  utils.DatanodeStoreCache (DatanodeStoreCache.java:addDB(58)) - Added db /home/runner/work/ozone/ozone/hadoop-ozone/integration-test/target/test-dir/MiniOzoneClusterImpl-dc953f1b-8f43-4e25-a114-36b3b0290d25/datanode-1/data-0/containers/hdds/dc953f1b-8f43-4e25-a114-36b3b0290d25/DS-9a91ce84-a791-4873-8ff5-21e21cd64f8d/container.db to cache
2023-01-09 20:09:37,629 [EndpointStateMachine task thread for /0.0.0.0:33549 - 0 ] INFO  volume.HddsVolume (HddsVolume.java:createDbStore(307)) - SchemaV3 db is created and loaded at /home/runner/work/ozone/ozone/hadoop-ozone/integration-test/target/test-dir/MiniOzoneClusterImpl-dc953f1b-8f43-4e25-a114-36b3b0290d25/datanode-1/data-0/containers/hdds/dc953f1b-8f43-4e25-a114-36b3b0290d25/DS-9a91ce84-a791-4873-8ff5-21e21cd64f8d/container.db for volume DS-9a91ce84-a791-4873-8ff5-21e21cd64f8d
2023-01-09 20:09:37,629 [EndpointStateMachine task thread for /0.0.0.0:33549 - 0 ] INFO  ozoneimpl.OzoneContainer (OzoneContainer.java:start(395)) - Attempting to start container services.
2023-01-09 20:09:37,629 [EndpointStateMachine task thread for /0.0.0.0:33549 - 0 ] INFO  ozoneimpl.OzoneContainer (OzoneContainer.java:startContainerScrub(312)) - Scheduled background container scanners and the on-demand container scanner have been disabled.
2023-01-09 20:09:37,631 [EndpointStateMachine task thread for /0.0.0.0:33549 - 0 ] INFO  replication.ReplicationServer (ReplicationServer.java:start(106)) - ReplicationServer is started using port 43141
2023-01-09 20:09:37,632 [EndpointStateMachine task thread for /0.0.0.0:33549 - 0 ] INFO  ratis.XceiverServerRatis (XceiverServerRatis.java:start(517)) - Starting XceiverServerRatis 22174ed7-3438-44c1-87a9-382e0277420a
2023-01-09 20:09:37,639 [EndpointStateMachine task thread for /0.0.0.0:33549 - 0 ] INFO  server.RaftServer (RaftServerProxy.java:startImpl(393)) - 22174ed7-3438-44c1-87a9-382e0277420a: start RPC server
2023-01-09 20:09:37,642 [EndpointStateMachine task thread for /0.0.0.0:33549 - 0 ] INFO  server.GrpcService (GrpcService.java:startImpl(262)) - 22174ed7-3438-44c1-87a9-382e0277420a: GrpcService started, listening on 36955
2023-01-09 20:09:37,642 [EndpointStateMachine task thread for /0.0.0.0:33549 - 0 ] INFO  ratis.XceiverServerRatis (XceiverServerRatis.java:getRealPort(543)) - XceiverServerRatis 22174ed7-3438-44c1-87a9-382e0277420a is started using port 36955 for RATIS
2023-01-09 20:09:37,642 [EndpointStateMachine task thread for /0.0.0.0:33549 - 0 ] INFO  ratis.XceiverServerRatis (XceiverServerRatis.java:getRealPort(543)) - XceiverServerRatis 22174ed7-3438-44c1-87a9-382e0277420a is started using port 36955 for RATIS_ADMIN
2023-01-09 20:09:37,642 [EndpointStateMachine task thread for /0.0.0.0:33549 - 0 ] INFO  ratis.XceiverServerRatis (XceiverServerRatis.java:getRealPort(543)) - XceiverServerRatis 22174ed7-3438-44c1-87a9-382e0277420a is started using port 36955 for RATIS_SERVER
2023-01-09 20:09:37,642 [EndpointStateMachine task thread for /0.0.0.0:33549 - 0 ] INFO  ratis.XceiverServerRatis (XceiverServerRatis.java:getRealPort(543)) - XceiverServerRatis 22174ed7-3438-44c1-87a9-382e0277420a is started using port 45849 for RATIS_DATASTREAM
2023-01-09 20:09:37,660 [EndpointStateMachine task thread for /0.0.0.0:33549 - 0 ] INFO  server.XceiverServerGrpc (XceiverServerGrpc.java:start(180)) - XceiverServerGrpc 22174ed7-3438-44c1-87a9-382e0277420a is started using port 33411
2023-01-09 20:09:37,660 [JvmPauseMonitor2] INFO  util.JvmPauseMonitor (JvmPauseMonitor.java:run(105)) - JvmPauseMonitor-22174ed7-3438-44c1-87a9-382e0277420a: Started
2023-01-09 20:09:37,684 [Listener at 127.0.0.1/33951] INFO  handler.ContextHandler (ContextHandler.java:doStart(921)) - Started o.e.j.w.WebAppContext@216bd7cb{hddsDatanode,/,file:///tmp/jetty-0_0_0_0-39453-hdds-container-service-1_4_0-SNAPSHOT_jar-_-any-1138023222016292294/webapp/,AVAILABLE}{jar:file:/home/runner/.m2/repository/org/apache/ozone/hdds-container-service/1.4.0-SNAPSHOT/hdds-container-service-1.4.0-SNAPSHOT.jar!/webapps/hddsDatanode}
2023-01-09 20:09:37,686 [Listener at 127.0.0.1/33951] INFO  server.AbstractConnector (AbstractConnector.java:doStart(333)) - Started ServerConnector@37aa7ede{HTTP/1.1, (http/1.1)}{0.0.0.0:39453}
2023-01-09 20:09:37,686 [Listener at 127.0.0.1/33951] INFO  server.Server (Server.java:doStart(415)) - Started @12909ms
2023-01-09 20:09:37,686 [Listener at 127.0.0.1/33951] WARN  impl.MetricsSystemImpl (MetricsSystemImpl.java:register(279)) - Sink prometheus already exists!
2023-01-09 20:09:37,687 [Listener at 127.0.0.1/33951] INFO  http.BaseHttpServer (BaseHttpServer.java:updateConnectorAddress(333)) - HTTP server of hddsDatanode listening at http://0.0.0.0:39453
2023-01-09 20:09:37,688 [Listener at 127.0.0.1/33951] WARN  impl.MetricRegistriesImpl (MetricRegistriesImpl.java:addReporterRegistration(111)) - New reporters are added after registries were created. Some metrics will be missing from the reporter. Please add reporter before adding any new registry.
2023-01-09 20:09:37,688 [Listener at 127.0.0.1/33951] WARN  impl.MetricRegistriesImpl (MetricRegistriesImpl.java:addReporterRegistration(111)) - New reporters are added after registries were created. Some metrics will be missing from the reporter. Please add reporter before adding any new registry.
2023-01-09 20:09:37,688 [Listener at 127.0.0.1/33951] INFO  impl.MetricsSystemImpl (MetricsSystemImpl.java:init(158)) - HddsDatanode metrics system started (again)
2023-01-09 20:09:37,690 [Datanode State Machine Daemon Thread] INFO  statemachine.DatanodeStateMachine (DatanodeStateMachine.java:lambda$startDaemon$0(508)) - Ozone container server started.
2023-01-09 20:09:37,703 [Listener at 127.0.0.1/33951] INFO  ozone.HddsDatanodeService (HddsDatanodeService.java:start(228)) - HddsDatanodeService host:fv-az457-50.3faczmgjfduuxnksfsdf43hgfa.dx.internal.cloudapp.net ip:10.1.0.27
2023-01-09 20:09:37,704 [org.apache.hadoop.util.JvmPauseMonitor$Monitor@73b8fb7b] INFO  util.JvmPauseMonitor (JvmPauseMonitor.java:run(188)) - Starting JVM pause monitor
2023-01-09 20:09:37,711 [Datanode State Machine Task Thread - 0] INFO  datanode.InitDatanodeState (InitDatanodeState.java:persistContainerDatanodeDetails(138)) - DatanodeDetails is persisted to /home/runner/work/ozone/ozone/hadoop-ozone/integration-test/target/test-dir/MiniOzoneClusterImpl-dc953f1b-8f43-4e25-a114-36b3b0290d25/datanode-6/meta/datanode.id
2023-01-09 20:09:37,732 [Listener at 127.0.0.1/33951] INFO  upgrade.AbstractLayoutVersionManager (AbstractLayoutVersionManager.java:init(83)) - Initializing Layout version manager with metadata layout = DATANODE_SCHEMA_V3 (version = 4), software layout = DATANODE_SCHEMA_V3 (version = 4)
2023-01-09 20:09:37,831 [Listener at 127.0.0.1/33951] INFO  reflections.Reflections (Reflections.java:scan(232)) - Reflections took 98 ms to scan 7 urls, producing 146 keys and 350 values 
2023-01-09 20:09:37,834 [Listener at 127.0.0.1/33951] INFO  statemachine.DatanodeStateMachine (DatanodeStateMachine.java:getEndPointTaskThreadPoolSize(248)) - Datanode State Machine Task Thread Pool size 2
2023-01-09 20:09:37,836 [Listener at 127.0.0.1/33951] INFO  volume.HddsVolume (HddsVolume.java:<init>(117)) - Creating HddsVolume: /home/runner/work/ozone/ozone/hadoop-ozone/integration-test/target/test-dir/MiniOzoneClusterImpl-dc953f1b-8f43-4e25-a114-36b3b0290d25/datanode-7/data-0/containers/hdds of storage type : DISK capacity : 9223372036854775807
2023-01-09 20:09:37,837 [Listener at 127.0.0.1/33951] INFO  volume.MutableVolumeSet (MutableVolumeSet.java:initializeVolumeSet(174)) - Added Volume : /home/runner/work/ozone/ozone/hadoop-ozone/integration-test/target/test-dir/MiniOzoneClusterImpl-dc953f1b-8f43-4e25-a114-36b3b0290d25/datanode-7/data-0/containers/hdds to VolumeSet
2023-01-09 20:09:37,837 [Listener at 127.0.0.1/33951] INFO  volume.ThrottledAsyncChecker (ThrottledAsyncChecker.java:schedule(141)) - Scheduling a check for /home/runner/work/ozone/ozone/hadoop-ozone/integration-test/target/test-dir/MiniOzoneClusterImpl-dc953f1b-8f43-4e25-a114-36b3b0290d25/datanode-7/data-0/containers/hdds
2023-01-09 20:09:37,838 [Listener at 127.0.0.1/33951] INFO  volume.StorageVolumeChecker (StorageVolumeChecker.java:checkAllVolumes(202)) - Scheduled health check for volume /home/runner/work/ozone/ozone/hadoop-ozone/integration-test/target/test-dir/MiniOzoneClusterImpl-dc953f1b-8f43-4e25-a114-36b3b0290d25/datanode-7/data-0/containers/hdds
2023-01-09 20:09:37,861 [Listener at 127.0.0.1/33951] INFO  volume.MutableVolumeSet (MutableVolumeSet.java:initializeVolumeSet(174)) - Added Volume : /home/runner/work/ozone/ozone/hadoop-ozone/integration-test/target/test-dir/MiniOzoneClusterImpl-dc953f1b-8f43-4e25-a114-36b3b0290d25/datanode-7/data/ratis to VolumeSet
2023-01-09 20:09:37,861 [Listener at 127.0.0.1/33951] INFO  volume.ThrottledAsyncChecker (ThrottledAsyncChecker.java:schedule(141)) - Scheduling a check for /home/runner/work/ozone/ozone/hadoop-ozone/integration-test/target/test-dir/MiniOzoneClusterImpl-dc953f1b-8f43-4e25-a114-36b3b0290d25/datanode-7/data/ratis
2023-01-09 20:09:37,861 [Listener at 127.0.0.1/33951] INFO  volume.StorageVolumeChecker (StorageVolumeChecker.java:checkAllVolumes(202)) - Scheduled health check for volume /home/runner/work/ozone/ozone/hadoop-ozone/integration-test/target/test-dir/MiniOzoneClusterImpl-dc953f1b-8f43-4e25-a114-36b3b0290d25/datanode-7/data/ratis
2023-01-09 20:09:37,875 [Thread-247] INFO  ozoneimpl.ContainerReader (ContainerReader.java:readVolume(175)) - Finish verifying containers on volume /home/runner/work/ozone/ozone/hadoop-ozone/integration-test/target/test-dir/MiniOzoneClusterImpl-dc953f1b-8f43-4e25-a114-36b3b0290d25/datanode-7/data-0/containers/hdds
2023-01-09 20:09:37,875 [Listener at 127.0.0.1/33951] INFO  ozoneimpl.OzoneContainer (OzoneContainer.java:buildContainerSet(301)) - Build ContainerSet costs 0s
2023-01-09 20:09:37,878 [Listener at 127.0.0.1/33951] INFO  server.RaftServer (ConfUtils.java:logGet(46)) - raft.rpc.type = GRPC (default)
2023-01-09 20:09:37,883 [Listener at 127.0.0.1/33951] INFO  grpc.GrpcConfigKeys (ConfUtils.java:logFallback(53)) - raft.grpc.admin.host = null (fallback to raft.grpc.server.host)
2023-01-09 20:09:37,883 [Listener at 127.0.0.1/33951] INFO  grpc.GrpcConfigKeys (ConfUtils.java:logGet(46)) - raft.grpc.admin.port = 0 (custom)
2023-01-09 20:09:37,883 [Listener at 127.0.0.1/33951] INFO  grpc.GrpcConfigKeys (ConfUtils.java:logFallback(53)) - raft.grpc.client.host = null (fallback to raft.grpc.server.host)
2023-01-09 20:09:37,883 [Listener at 127.0.0.1/33951] INFO  grpc.GrpcConfigKeys (ConfUtils.java:logGet(46)) - raft.grpc.client.port = 0 (custom)
2023-01-09 20:09:37,883 [Listener at 127.0.0.1/33951] INFO  grpc.GrpcConfigKeys (ConfUtils.java:logGet(46)) - raft.grpc.server.host = null (default)
2023-01-09 20:09:37,884 [Listener at 127.0.0.1/33951] INFO  grpc.GrpcConfigKeys (ConfUtils.java:logGet(46)) - raft.grpc.server.port = 0 (default)
2023-01-09 20:09:37,884 [Listener at 127.0.0.1/33951] INFO  server.GrpcService (ConfUtils.java:logGet(46)) - raft.grpc.message.size.max = 32MB (=33554432) (custom)
2023-01-09 20:09:37,885 [Listener at 127.0.0.1/33951] INFO  server.RaftServerConfigKeys (ConfUtils.java:logGet(46)) - raft.server.log.appender.buffer.byte-limit = 33554432 (custom)
2023-01-09 20:09:37,885 [Listener at 127.0.0.1/33951] INFO  server.GrpcService (ConfUtils.java:logGet(46)) - raft.grpc.flow.control.window = 5MB (=5242880) (custom)
2023-01-09 20:09:37,885 [Listener at 127.0.0.1/33951] INFO  server.RaftServerConfigKeys (ConfUtils.java:logGet(46)) - raft.server.rpc.request.timeout = 60s (custom)
2023-01-09 20:09:37,885 [Listener at 127.0.0.1/33951] INFO  grpc.GrpcConfigKeys (ConfUtils.java:logGet(46)) - raft.grpc.server.heartbeat.channel = true (default)
2023-01-09 20:09:37,886 [Listener at 127.0.0.1/33951] INFO  grpc.GrpcConfigKeys (ConfUtils.java:logGet(46)) - raft.grpc.server.async.request.thread.pool.cached = true (default)
2023-01-09 20:09:37,886 [Listener at 127.0.0.1/33951] INFO  grpc.GrpcConfigKeys (ConfUtils.java:logGet(46)) - raft.grpc.server.async.request.thread.pool.size = 32 (default)
2023-01-09 20:09:37,888 [Listener at 127.0.0.1/33951] INFO  impl.DataStreamServerImpl (ConfUtils.java:logGet(46)) - raft.datastream.type = NETTY (custom)
2023-01-09 20:09:37,889 [Listener at 127.0.0.1/33951] INFO  server.RaftServerConfigKeys (ConfUtils.java:logGet(46)) - raft.server.data-stream.async.request.thread.pool.cached = false (default)
2023-01-09 20:09:37,890 [Listener at 127.0.0.1/33951] INFO  server.RaftServerConfigKeys (ConfUtils.java:logGet(46)) - raft.server.data-stream.async.request.thread.pool.size = 20 (custom)
2023-01-09 20:09:37,890 [Listener at 127.0.0.1/33951] INFO  server.RaftServerConfigKeys (ConfUtils.java:logGet(46)) - raft.server.data-stream.async.write.thread.pool.size = 16 (default)
2023-01-09 20:09:37,890 [Listener at 127.0.0.1/33951] INFO  server.RaftServerConfigKeys (ConfUtils.java:logGet(46)) - raft.server.data-stream.client.pool.size = 10 (default)
2023-01-09 20:09:37,890 [Listener at 127.0.0.1/33951] INFO  netty.NettyConfigKeys$DataStream (ConfUtils.java:logGet(46)) - raft.netty.dataStream.server.use-epoll = false (default)
2023-01-09 20:09:37,890 [Listener at 127.0.0.1/33951] INFO  netty.NettyConfigKeys$DataStream (ConfUtils.java:logGet(46)) - raft.netty.dataStream.server.boss-group.size = 0 (default)
2023-01-09 20:09:37,891 [Listener at 127.0.0.1/33951] INFO  netty.NettyConfigKeys$DataStream (ConfUtils.java:logGet(46)) - raft.netty.dataStream.server.worker-group.size = 0 (default)
2023-01-09 20:09:37,892 [Listener at 127.0.0.1/33951] INFO  netty.NettyConfigKeys$DataStream (ConfUtils.java:logGet(46)) - raft.netty.dataStream.server.tls.conf = null (default)
2023-01-09 20:09:37,892 [Listener at 127.0.0.1/33951] INFO  netty.NettyConfigKeys$DataStream (ConfUtils.java:logGet(46)) - raft.netty.dataStream.host = null (default)
2023-01-09 20:09:37,892 [Listener at 127.0.0.1/33951] INFO  netty.NettyConfigKeys$DataStream (ConfUtils.java:logGet(46)) - raft.netty.dataStream.port = 0 (default)
2023-01-09 20:09:37,893 [Listener at 127.0.0.1/33951] INFO  server.RaftServerConfigKeys (ConfUtils.java:logGet(46)) - raft.server.threadpool.proxy.cached = true (default)
2023-01-09 20:09:37,893 [Listener at 127.0.0.1/33951] INFO  server.RaftServerConfigKeys (ConfUtils.java:logGet(46)) - raft.server.threadpool.proxy.size = 0 (default)
2023-01-09 20:09:37,893 [Listener at 127.0.0.1/33951] INFO  server.RaftServerConfigKeys (ConfUtils.java:logGet(46)) - raft.server.rpc.slowness.timeout = 300s (custom)
2023-01-09 20:09:37,893 [Listener at 127.0.0.1/33951] INFO  server.RaftServerConfigKeys (ConfUtils.java:logGet(46)) - raft.server.leaderelection.leader.step-down.wait-time = 10s (default)
2023-01-09 20:09:37,894 [Listener at 127.0.0.1/33951] INFO  server.RaftServerConfigKeys (ConfUtils.java:logGet(46)) - raft.server.storage.dir = [/home/runner/work/ozone/ozone/hadoop-ozone/integration-test/target/test-dir/MiniOzoneClusterImpl-dc953f1b-8f43-4e25-a114-36b3b0290d25/datanode-7/data/ratis] (custom)
2023-01-09 20:09:37,900 [e77b5d09-e15c-47d2-9906-1148d6692daf-NettyServerStreamRpc-bossGroup--thread1] INFO  logging.LoggingHandler (AbstractInternalLogger.java:log(148)) - [id: 0x5f6fa6ad] REGISTERED
2023-01-09 20:09:37,901 [e77b5d09-e15c-47d2-9906-1148d6692daf-NettyServerStreamRpc-bossGroup--thread1] INFO  logging.LoggingHandler (AbstractInternalLogger.java:log(148)) - [id: 0x5f6fa6ad] BIND: 0.0.0.0/0.0.0.0:0
2023-01-09 20:09:37,901 [e77b5d09-e15c-47d2-9906-1148d6692daf-NettyServerStreamRpc-bossGroup--thread1] INFO  logging.LoggingHandler (AbstractInternalLogger.java:log(148)) - [id: 0x5f6fa6ad, L:/0:0:0:0:0:0:0:0:33269] ACTIVE
2023-01-09 20:09:37,902 [Listener at 127.0.0.1/33951] INFO  server.XceiverServerGrpc (XceiverServerGrpc.java:<init>(132)) - GrpcServer channel type EpollServerSocketChannel
2023-01-09 20:09:37,912 [Listener at 127.0.0.1/33951] INFO  http.BaseHttpServer (BaseHttpServer.java:newHttpServer2BuilderForOzone(213)) - Starting Web-server for hddsDatanode at: http://0.0.0.0:0
2023-01-09 20:09:37,913 [Listener at 127.0.0.1/33951] INFO  http.BaseHttpServer (BaseHttpServer.java:<init>(108)) - Hadoop Security Enabled: false Ozone Security Enabled: false Ozone HTTP Security Enabled: false 
2023-01-09 20:09:37,916 [Listener at 127.0.0.1/33951] WARN  server.AuthenticationFilter (AuthenticationFilter.java:constructSecretProvider(240)) - Unable to initialize FileSignerSecretProvider, falling back to use random secrets. Reason: Could not read signature secret file: /home/runner/hadoop-http-auth-signature-secret
2023-01-09 20:09:37,917 [Listener at 127.0.0.1/33951] WARN  http.HttpRequestLog (HttpRequestLog.java:getRequestLog(103)) - Jetty request log can only be enabled using Log4j
2023-01-09 20:09:37,918 [Listener at 127.0.0.1/33951] INFO  http.HttpServer2 (HttpServer2.java:addGlobalFilter(1031)) - Added global filter 'safety' (class=org.apache.hadoop.hdds.server.http.HttpServer2$QuotingInputFilter)
2023-01-09 20:09:37,919 [Listener at 127.0.0.1/33951] INFO  http.HttpServer2 (HttpServer2.java:addFilter(1007)) - Added filter static_user_filter (class=org.apache.hadoop.http.lib.StaticUserWebFilter$StaticUserFilter) to context hddsDatanode
2023-01-09 20:09:37,919 [Listener at 127.0.0.1/33951] INFO  http.HttpServer2 (HttpServer2.java:addFilter(1015)) - Added filter static_user_filter (class=org.apache.hadoop.http.lib.StaticUserWebFilter$StaticUserFilter) to context logs
2023-01-09 20:09:37,920 [Listener at 127.0.0.1/33951] INFO  http.HttpServer2 (HttpServer2.java:addFilter(1015)) - Added filter static_user_filter (class=org.apache.hadoop.http.lib.StaticUserWebFilter$StaticUserFilter) to context static
2023-01-09 20:09:37,920 [Listener at 127.0.0.1/33951] INFO  http.HttpServer2 (HttpServer2.java:bindListener(1250)) - Jetty bound to port 36333
2023-01-09 20:09:37,920 [Listener at 127.0.0.1/33951] INFO  server.Server (Server.java:doStart(375)) - jetty-9.4.49.v20220914; built: 2022-09-14T01:07:36.601Z; git: 4231a3b2e4cb8548a412a789936d640a97b1aa0a; jvm 1.8.0_352-b08
2023-01-09 20:09:37,924 [Listener at 127.0.0.1/33951] INFO  server.session (DefaultSessionIdManager.java:doStart(334)) - DefaultSessionIdManager workerName=node0
2023-01-09 20:09:37,924 [Listener at 127.0.0.1/33951] INFO  server.session (DefaultSessionIdManager.java:doStart(339)) - No SessionScavenger set, using defaults
2023-01-09 20:09:37,924 [Listener at 127.0.0.1/33951] INFO  server.session (HouseKeeper.java:startScavenging(132)) - node0 Scavenging every 660000ms
2023-01-09 20:09:37,925 [Listener at 127.0.0.1/33951] INFO  handler.ContextHandler (ContextHandler.java:doStart(921)) - Started o.e.j.s.ServletContextHandler@4f66b446{logs,/logs,file:///home/runner/work/ozone/ozone/hadoop-ozone/integration-test/target/log,AVAILABLE}
2023-01-09 20:09:37,925 [Listener at 127.0.0.1/33951] INFO  handler.ContextHandler (ContextHandler.java:doStart(921)) - Started o.e.j.s.ServletContextHandler@716f3b97{static,/static,jar:file:/home/runner/.m2/repository/org/apache/ozone/hdds-container-service/1.4.0-SNAPSHOT/hdds-container-service-1.4.0-SNAPSHOT.jar!/webapps/static,AVAILABLE}
2023-01-09 20:09:38,036 [EndpointStateMachine task thread for /0.0.0.0:33549 - 0 ] INFO  utils.DatanodeStoreCache (DatanodeStoreCache.java:addDB(58)) - Added db /home/runner/work/ozone/ozone/hadoop-ozone/integration-test/target/test-dir/MiniOzoneClusterImpl-dc953f1b-8f43-4e25-a114-36b3b0290d25/datanode-2/data-0/containers/hdds/dc953f1b-8f43-4e25-a114-36b3b0290d25/DS-35ba1db3-f1f7-46ae-a316-397398ffb5b2/container.db to cache
2023-01-09 20:09:38,036 [EndpointStateMachine task thread for /0.0.0.0:33549 - 0 ] INFO  volume.HddsVolume (HddsVolume.java:createDbStore(307)) - SchemaV3 db is created and loaded at /home/runner/work/ozone/ozone/hadoop-ozone/integration-test/target/test-dir/MiniOzoneClusterImpl-dc953f1b-8f43-4e25-a114-36b3b0290d25/datanode-2/data-0/containers/hdds/dc953f1b-8f43-4e25-a114-36b3b0290d25/DS-35ba1db3-f1f7-46ae-a316-397398ffb5b2/container.db for volume DS-35ba1db3-f1f7-46ae-a316-397398ffb5b2
2023-01-09 20:09:38,036 [EndpointStateMachine task thread for /0.0.0.0:33549 - 0 ] INFO  ozoneimpl.OzoneContainer (OzoneContainer.java:start(395)) - Attempting to start container services.
2023-01-09 20:09:38,036 [EndpointStateMachine task thread for /0.0.0.0:33549 - 0 ] INFO  ozoneimpl.OzoneContainer (OzoneContainer.java:startContainerScrub(312)) - Scheduled background container scanners and the on-demand container scanner have been disabled.
2023-01-09 20:09:38,039 [EndpointStateMachine task thread for /0.0.0.0:33549 - 0 ] INFO  replication.ReplicationServer (ReplicationServer.java:start(106)) - ReplicationServer is started using port 37507
2023-01-09 20:09:38,039 [EndpointStateMachine task thread for /0.0.0.0:33549 - 0 ] INFO  ratis.XceiverServerRatis (XceiverServerRatis.java:start(517)) - Starting XceiverServerRatis 37be314e-42cf-4ee9-a18e-baad7075c611
2023-01-09 20:09:38,045 [EndpointStateMachine task thread for /0.0.0.0:33549 - 0 ] INFO  server.RaftServer (RaftServerProxy.java:startImpl(393)) - 37be314e-42cf-4ee9-a18e-baad7075c611: start RPC server
2023-01-09 20:09:38,072 [EndpointStateMachine task thread for /0.0.0.0:33549 - 0 ] INFO  server.GrpcService (GrpcService.java:startImpl(262)) - 37be314e-42cf-4ee9-a18e-baad7075c611: GrpcService started, listening on 32955
2023-01-09 20:09:38,075 [EndpointStateMachine task thread for /0.0.0.0:33549 - 0 ] INFO  ratis.XceiverServerRatis (XceiverServerRatis.java:getRealPort(543)) - XceiverServerRatis 37be314e-42cf-4ee9-a18e-baad7075c611 is started using port 32955 for RATIS
2023-01-09 20:09:38,075 [EndpointStateMachine task thread for /0.0.0.0:33549 - 0 ] INFO  ratis.XceiverServerRatis (XceiverServerRatis.java:getRealPort(543)) - XceiverServerRatis 37be314e-42cf-4ee9-a18e-baad7075c611 is started using port 32955 for RATIS_ADMIN
2023-01-09 20:09:38,075 [EndpointStateMachine task thread for /0.0.0.0:33549 - 0 ] INFO  ratis.XceiverServerRatis (XceiverServerRatis.java:getRealPort(543)) - XceiverServerRatis 37be314e-42cf-4ee9-a18e-baad7075c611 is started using port 32955 for RATIS_SERVER
2023-01-09 20:09:38,075 [EndpointStateMachine task thread for /0.0.0.0:33549 - 0 ] INFO  ratis.XceiverServerRatis (XceiverServerRatis.java:getRealPort(543)) - XceiverServerRatis 37be314e-42cf-4ee9-a18e-baad7075c611 is started using port 45453 for RATIS_DATASTREAM
2023-01-09 20:09:38,076 [JvmPauseMonitor3] INFO  util.JvmPauseMonitor (JvmPauseMonitor.java:run(105)) - JvmPauseMonitor-37be314e-42cf-4ee9-a18e-baad7075c611: Started
2023-01-09 20:09:38,082 [EndpointStateMachine task thread for /0.0.0.0:33549 - 0 ] INFO  server.XceiverServerGrpc (XceiverServerGrpc.java:start(180)) - XceiverServerGrpc 37be314e-42cf-4ee9-a18e-baad7075c611 is started using port 41409
2023-01-09 20:09:38,182 [Listener at 127.0.0.1/33951] INFO  handler.ContextHandler (ContextHandler.java:doStart(921)) - Started o.e.j.w.WebAppContext@1d6efd58{hddsDatanode,/,file:///tmp/jetty-0_0_0_0-36333-hdds-container-service-1_4_0-SNAPSHOT_jar-_-any-4649518165536241326/webapp/,AVAILABLE}{jar:file:/home/runner/.m2/repository/org/apache/ozone/hdds-container-service/1.4.0-SNAPSHOT/hdds-container-service-1.4.0-SNAPSHOT.jar!/webapps/hddsDatanode}
2023-01-09 20:09:38,184 [Listener at 127.0.0.1/33951] INFO  server.AbstractConnector (AbstractConnector.java:doStart(333)) - Started ServerConnector@283d515e{HTTP/1.1, (http/1.1)}{0.0.0.0:36333}
2023-01-09 20:09:38,184 [Listener at 127.0.0.1/33951] INFO  server.Server (Server.java:doStart(415)) - Started @13407ms
2023-01-09 20:09:38,184 [Listener at 127.0.0.1/33951] WARN  impl.MetricsSystemImpl (MetricsSystemImpl.java:register(279)) - Sink prometheus already exists!
2023-01-09 20:09:38,185 [Listener at 127.0.0.1/33951] INFO  http.BaseHttpServer (BaseHttpServer.java:updateConnectorAddress(333)) - HTTP server of hddsDatanode listening at http://0.0.0.0:36333
2023-01-09 20:09:38,190 [Listener at 127.0.0.1/33951] WARN  impl.MetricRegistriesImpl (MetricRegistriesImpl.java:addReporterRegistration(111)) - New reporters are added after registries were created. Some metrics will be missing from the reporter. Please add reporter before adding any new registry.
2023-01-09 20:09:38,190 [Listener at 127.0.0.1/33951] WARN  impl.MetricRegistriesImpl (MetricRegistriesImpl.java:addReporterRegistration(111)) - New reporters are added after registries were created. Some metrics will be missing from the reporter. Please add reporter before adding any new registry.
2023-01-09 20:09:38,190 [Listener at 127.0.0.1/33951] INFO  impl.MetricsSystemImpl (MetricsSystemImpl.java:init(158)) - HddsDatanode metrics system started (again)
2023-01-09 20:09:38,192 [Datanode State Machine Daemon Thread] INFO  statemachine.DatanodeStateMachine (DatanodeStateMachine.java:lambda$startDaemon$0(508)) - Ozone container server started.
2023-01-09 20:09:38,214 [Listener at 127.0.0.1/33951] INFO  ozone.HddsDatanodeService (HddsDatanodeService.java:start(228)) - HddsDatanodeService host:fv-az457-50.3faczmgjfduuxnksfsdf43hgfa.dx.internal.cloudapp.net ip:10.1.0.27
2023-01-09 20:09:38,236 [org.apache.hadoop.util.JvmPauseMonitor$Monitor@1eedcf86] INFO  util.JvmPauseMonitor (JvmPauseMonitor.java:run(188)) - Starting JVM pause monitor
2023-01-09 20:09:38,239 [Datanode State Machine Task Thread - 0] INFO  datanode.InitDatanodeState (InitDatanodeState.java:persistContainerDatanodeDetails(138)) - DatanodeDetails is persisted to /home/runner/work/ozone/ozone/hadoop-ozone/integration-test/target/test-dir/MiniOzoneClusterImpl-dc953f1b-8f43-4e25-a114-36b3b0290d25/datanode-7/meta/datanode.id
2023-01-09 20:09:38,246 [Listener at 127.0.0.1/33951] INFO  upgrade.AbstractLayoutVersionManager (AbstractLayoutVersionManager.java:init(83)) - Initializing Layout version manager with metadata layout = DATANODE_SCHEMA_V3 (version = 4), software layout = DATANODE_SCHEMA_V3 (version = 4)
2023-01-09 20:09:38,316 [Listener at 127.0.0.1/33951] INFO  reflections.Reflections (Reflections.java:scan(232)) - Reflections took 68 ms to scan 7 urls, producing 146 keys and 350 values 
2023-01-09 20:09:38,318 [Listener at 127.0.0.1/33951] INFO  statemachine.DatanodeStateMachine (DatanodeStateMachine.java:getEndPointTaskThreadPoolSize(248)) - Datanode State Machine Task Thread Pool size 2
2023-01-09 20:09:38,320 [Listener at 127.0.0.1/33951] INFO  volume.HddsVolume (HddsVolume.java:<init>(117)) - Creating HddsVolume: /home/runner/work/ozone/ozone/hadoop-ozone/integration-test/target/test-dir/MiniOzoneClusterImpl-dc953f1b-8f43-4e25-a114-36b3b0290d25/datanode-8/data-0/containers/hdds of storage type : DISK capacity : 9223372036854775807
2023-01-09 20:09:38,321 [Listener at 127.0.0.1/33951] INFO  volume.MutableVolumeSet (MutableVolumeSet.java:initializeVolumeSet(174)) - Added Volume : /home/runner/work/ozone/ozone/hadoop-ozone/integration-test/target/test-dir/MiniOzoneClusterImpl-dc953f1b-8f43-4e25-a114-36b3b0290d25/datanode-8/data-0/containers/hdds to VolumeSet
2023-01-09 20:09:38,321 [Listener at 127.0.0.1/33951] INFO  volume.ThrottledAsyncChecker (ThrottledAsyncChecker.java:schedule(141)) - Scheduling a check for /home/runner/work/ozone/ozone/hadoop-ozone/integration-test/target/test-dir/MiniOzoneClusterImpl-dc953f1b-8f43-4e25-a114-36b3b0290d25/datanode-8/data-0/containers/hdds
2023-01-09 20:09:38,322 [Listener at 127.0.0.1/33951] INFO  volume.StorageVolumeChecker (StorageVolumeChecker.java:checkAllVolumes(202)) - Scheduled health check for volume /home/runner/work/ozone/ozone/hadoop-ozone/integration-test/target/test-dir/MiniOzoneClusterImpl-dc953f1b-8f43-4e25-a114-36b3b0290d25/datanode-8/data-0/containers/hdds
2023-01-09 20:09:38,333 [Listener at 127.0.0.1/33951] INFO  volume.MutableVolumeSet (MutableVolumeSet.java:initializeVolumeSet(174)) - Added Volume : /home/runner/work/ozone/ozone/hadoop-ozone/integration-test/target/test-dir/MiniOzoneClusterImpl-dc953f1b-8f43-4e25-a114-36b3b0290d25/datanode-8/data/ratis to VolumeSet
2023-01-09 20:09:38,334 [Listener at 127.0.0.1/33951] INFO  volume.ThrottledAsyncChecker (ThrottledAsyncChecker.java:schedule(141)) - Scheduling a check for /home/runner/work/ozone/ozone/hadoop-ozone/integration-test/target/test-dir/MiniOzoneClusterImpl-dc953f1b-8f43-4e25-a114-36b3b0290d25/datanode-8/data/ratis
2023-01-09 20:09:38,334 [Listener at 127.0.0.1/33951] INFO  volume.StorageVolumeChecker (StorageVolumeChecker.java:checkAllVolumes(202)) - Scheduled health check for volume /home/runner/work/ozone/ozone/hadoop-ozone/integration-test/target/test-dir/MiniOzoneClusterImpl-dc953f1b-8f43-4e25-a114-36b3b0290d25/datanode-8/data/ratis
2023-01-09 20:09:38,345 [Thread-266] INFO  ozoneimpl.ContainerReader (ContainerReader.java:readVolume(175)) - Finish verifying containers on volume /home/runner/work/ozone/ozone/hadoop-ozone/integration-test/target/test-dir/MiniOzoneClusterImpl-dc953f1b-8f43-4e25-a114-36b3b0290d25/datanode-8/data-0/containers/hdds
2023-01-09 20:09:38,345 [Listener at 127.0.0.1/33951] INFO  ozoneimpl.OzoneContainer (OzoneContainer.java:buildContainerSet(301)) - Build ContainerSet costs 0s
2023-01-09 20:09:38,348 [Listener at 127.0.0.1/33951] INFO  server.RaftServer (ConfUtils.java:logGet(46)) - raft.rpc.type = GRPC (default)
2023-01-09 20:09:38,348 [Listener at 127.0.0.1/33951] INFO  grpc.GrpcConfigKeys (ConfUtils.java:logFallback(53)) - raft.grpc.admin.host = null (fallback to raft.grpc.server.host)
2023-01-09 20:09:38,349 [Listener at 127.0.0.1/33951] INFO  grpc.GrpcConfigKeys (ConfUtils.java:logGet(46)) - raft.grpc.admin.port = 0 (custom)
2023-01-09 20:09:38,349 [Listener at 127.0.0.1/33951] INFO  grpc.GrpcConfigKeys (ConfUtils.java:logFallback(53)) - raft.grpc.client.host = null (fallback to raft.grpc.server.host)
2023-01-09 20:09:38,349 [Listener at 127.0.0.1/33951] INFO  grpc.GrpcConfigKeys (ConfUtils.java:logGet(46)) - raft.grpc.client.port = 0 (custom)
2023-01-09 20:09:38,349 [Listener at 127.0.0.1/33951] INFO  grpc.GrpcConfigKeys (ConfUtils.java:logGet(46)) - raft.grpc.server.host = null (default)
2023-01-09 20:09:38,349 [Listener at 127.0.0.1/33951] INFO  grpc.GrpcConfigKeys (ConfUtils.java:logGet(46)) - raft.grpc.server.port = 0 (default)
2023-01-09 20:09:38,350 [Listener at 127.0.0.1/33951] INFO  server.GrpcService (ConfUtils.java:logGet(46)) - raft.grpc.message.size.max = 32MB (=33554432) (custom)
2023-01-09 20:09:38,350 [Listener at 127.0.0.1/33951] INFO  server.RaftServerConfigKeys (ConfUtils.java:logGet(46)) - raft.server.log.appender.buffer.byte-limit = 33554432 (custom)
2023-01-09 20:09:38,350 [Listener at 127.0.0.1/33951] INFO  server.GrpcService (ConfUtils.java:logGet(46)) - raft.grpc.flow.control.window = 5MB (=5242880) (custom)
2023-01-09 20:09:38,350 [Listener at 127.0.0.1/33951] INFO  server.RaftServerConfigKeys (ConfUtils.java:logGet(46)) - raft.server.rpc.request.timeout = 60s (custom)
2023-01-09 20:09:38,350 [Listener at 127.0.0.1/33951] INFO  grpc.GrpcConfigKeys (ConfUtils.java:logGet(46)) - raft.grpc.server.heartbeat.channel = true (default)
2023-01-09 20:09:38,351 [Listener at 127.0.0.1/33951] INFO  grpc.GrpcConfigKeys (ConfUtils.java:logGet(46)) - raft.grpc.server.async.request.thread.pool.cached = true (default)
2023-01-09 20:09:38,351 [Listener at 127.0.0.1/33951] INFO  grpc.GrpcConfigKeys (ConfUtils.java:logGet(46)) - raft.grpc.server.async.request.thread.pool.size = 32 (default)
2023-01-09 20:09:38,352 [Listener at 127.0.0.1/33951] INFO  impl.DataStreamServerImpl (ConfUtils.java:logGet(46)) - raft.datastream.type = NETTY (custom)
2023-01-09 20:09:38,353 [Listener at 127.0.0.1/33951] INFO  server.RaftServerConfigKeys (ConfUtils.java:logGet(46)) - raft.server.data-stream.async.request.thread.pool.cached = false (default)
2023-01-09 20:09:38,353 [Listener at 127.0.0.1/33951] INFO  server.RaftServerConfigKeys (ConfUtils.java:logGet(46)) - raft.server.data-stream.async.request.thread.pool.size = 20 (custom)
2023-01-09 20:09:38,353 [Listener at 127.0.0.1/33951] INFO  server.RaftServerConfigKeys (ConfUtils.java:logGet(46)) - raft.server.data-stream.async.write.thread.pool.size = 16 (default)
2023-01-09 20:09:38,353 [Listener at 127.0.0.1/33951] INFO  server.RaftServerConfigKeys (ConfUtils.java:logGet(46)) - raft.server.data-stream.client.pool.size = 10 (default)
2023-01-09 20:09:38,354 [Listener at 127.0.0.1/33951] INFO  netty.NettyConfigKeys$DataStream (ConfUtils.java:logGet(46)) - raft.netty.dataStream.server.use-epoll = false (default)
2023-01-09 20:09:38,354 [Listener at 127.0.0.1/33951] INFO  netty.NettyConfigKeys$DataStream (ConfUtils.java:logGet(46)) - raft.netty.dataStream.server.boss-group.size = 0 (default)
2023-01-09 20:09:38,354 [Listener at 127.0.0.1/33951] INFO  netty.NettyConfigKeys$DataStream (ConfUtils.java:logGet(46)) - raft.netty.dataStream.server.worker-group.size = 0 (default)
2023-01-09 20:09:38,355 [Listener at 127.0.0.1/33951] INFO  netty.NettyConfigKeys$DataStream (ConfUtils.java:logGet(46)) - raft.netty.dataStream.server.tls.conf = null (default)
2023-01-09 20:09:38,355 [Listener at 127.0.0.1/33951] INFO  netty.NettyConfigKeys$DataStream (ConfUtils.java:logGet(46)) - raft.netty.dataStream.host = null (default)
2023-01-09 20:09:38,355 [Listener at 127.0.0.1/33951] INFO  netty.NettyConfigKeys$DataStream (ConfUtils.java:logGet(46)) - raft.netty.dataStream.port = 0 (default)
2023-01-09 20:09:38,356 [Listener at 127.0.0.1/33951] INFO  server.RaftServerConfigKeys (ConfUtils.java:logGet(46)) - raft.server.threadpool.proxy.cached = true (default)
2023-01-09 20:09:38,356 [Listener at 127.0.0.1/33951] INFO  server.RaftServerConfigKeys (ConfUtils.java:logGet(46)) - raft.server.threadpool.proxy.size = 0 (default)
2023-01-09 20:09:38,356 [Listener at 127.0.0.1/33951] INFO  server.RaftServerConfigKeys (ConfUtils.java:logGet(46)) - raft.server.rpc.slowness.timeout = 300s (custom)
2023-01-09 20:09:38,356 [Listener at 127.0.0.1/33951] INFO  server.RaftServerConfigKeys (ConfUtils.java:logGet(46)) - raft.server.leaderelection.leader.step-down.wait-time = 10s (default)
2023-01-09 20:09:38,357 [Listener at 127.0.0.1/33951] INFO  server.RaftServerConfigKeys (ConfUtils.java:logGet(46)) - raft.server.storage.dir = [/home/runner/work/ozone/ozone/hadoop-ozone/integration-test/target/test-dir/MiniOzoneClusterImpl-dc953f1b-8f43-4e25-a114-36b3b0290d25/datanode-8/data/ratis] (custom)
2023-01-09 20:09:38,368 [Listener at 127.0.0.1/33951] INFO  server.XceiverServerGrpc (XceiverServerGrpc.java:<init>(132)) - GrpcServer channel type EpollServerSocketChannel
2023-01-09 20:09:38,372 [d09c218f-b416-45d6-bb77-0144cdedc1ff-NettyServerStreamRpc-bossGroup--thread1] INFO  logging.LoggingHandler (AbstractInternalLogger.java:log(148)) - [id: 0x1bf32633] REGISTERED
2023-01-09 20:09:38,372 [d09c218f-b416-45d6-bb77-0144cdedc1ff-NettyServerStreamRpc-bossGroup--thread1] INFO  logging.LoggingHandler (AbstractInternalLogger.java:log(148)) - [id: 0x1bf32633] BIND: 0.0.0.0/0.0.0.0:0
2023-01-09 20:09:38,372 [d09c218f-b416-45d6-bb77-0144cdedc1ff-NettyServerStreamRpc-bossGroup--thread1] INFO  logging.LoggingHandler (AbstractInternalLogger.java:log(148)) - [id: 0x1bf32633, L:/0:0:0:0:0:0:0:0:40365] ACTIVE
2023-01-09 20:09:38,374 [Listener at 127.0.0.1/33951] INFO  http.BaseHttpServer (BaseHttpServer.java:newHttpServer2BuilderForOzone(213)) - Starting Web-server for hddsDatanode at: http://0.0.0.0:0
2023-01-09 20:09:38,374 [Listener at 127.0.0.1/33951] INFO  http.BaseHttpServer (BaseHttpServer.java:<init>(108)) - Hadoop Security Enabled: false Ozone Security Enabled: false Ozone HTTP Security Enabled: false 
2023-01-09 20:09:38,375 [Listener at 127.0.0.1/33951] WARN  server.AuthenticationFilter (AuthenticationFilter.java:constructSecretProvider(240)) - Unable to initialize FileSignerSecretProvider, falling back to use random secrets. Reason: Could not read signature secret file: /home/runner/hadoop-http-auth-signature-secret
2023-01-09 20:09:38,376 [Listener at 127.0.0.1/33951] WARN  http.HttpRequestLog (HttpRequestLog.java:getRequestLog(103)) - Jetty request log can only be enabled using Log4j
2023-01-09 20:09:38,378 [Listener at 127.0.0.1/33951] INFO  http.HttpServer2 (HttpServer2.java:addGlobalFilter(1031)) - Added global filter 'safety' (class=org.apache.hadoop.hdds.server.http.HttpServer2$QuotingInputFilter)
2023-01-09 20:09:38,379 [Listener at 127.0.0.1/33951] INFO  http.HttpServer2 (HttpServer2.java:addFilter(1007)) - Added filter static_user_filter (class=org.apache.hadoop.http.lib.StaticUserWebFilter$StaticUserFilter) to context hddsDatanode
2023-01-09 20:09:38,379 [Listener at 127.0.0.1/33951] INFO  http.HttpServer2 (HttpServer2.java:addFilter(1015)) - Added filter static_user_filter (class=org.apache.hadoop.http.lib.StaticUserWebFilter$StaticUserFilter) to context logs
2023-01-09 20:09:38,379 [Listener at 127.0.0.1/33951] INFO  http.HttpServer2 (HttpServer2.java:addFilter(1015)) - Added filter static_user_filter (class=org.apache.hadoop.http.lib.StaticUserWebFilter$StaticUserFilter) to context static
2023-01-09 20:09:38,380 [Listener at 127.0.0.1/33951] INFO  http.HttpServer2 (HttpServer2.java:bindListener(1250)) - Jetty bound to port 32959
2023-01-09 20:09:38,380 [Listener at 127.0.0.1/33951] INFO  server.Server (Server.java:doStart(375)) - jetty-9.4.49.v20220914; built: 2022-09-14T01:07:36.601Z; git: 4231a3b2e4cb8548a412a789936d640a97b1aa0a; jvm 1.8.0_352-b08
2023-01-09 20:09:38,386 [Listener at 127.0.0.1/33951] INFO  server.session (DefaultSessionIdManager.java:doStart(334)) - DefaultSessionIdManager workerName=node0
2023-01-09 20:09:38,386 [Listener at 127.0.0.1/33951] INFO  server.session (DefaultSessionIdManager.java:doStart(339)) - No SessionScavenger set, using defaults
2023-01-09 20:09:38,386 [Listener at 127.0.0.1/33951] INFO  server.session (HouseKeeper.java:startScavenging(132)) - node0 Scavenging every 660000ms
2023-01-09 20:09:38,387 [Listener at 127.0.0.1/33951] INFO  handler.ContextHandler (ContextHandler.java:doStart(921)) - Started o.e.j.s.ServletContextHandler@3077ee5{logs,/logs,file:///home/runner/work/ozone/ozone/hadoop-ozone/integration-test/target/log,AVAILABLE}
2023-01-09 20:09:38,388 [Listener at 127.0.0.1/33951] INFO  handler.ContextHandler (ContextHandler.java:doStart(921)) - Started o.e.j.s.ServletContextHandler@23079b73{static,/static,jar:file:/home/runner/.m2/repository/org/apache/ozone/hdds-container-service/1.4.0-SNAPSHOT/hdds-container-service-1.4.0-SNAPSHOT.jar!/webapps/static,AVAILABLE}
2023-01-09 20:09:38,467 [EndpointStateMachine task thread for /0.0.0.0:33549 - 0 ] INFO  utils.DatanodeStoreCache (DatanodeStoreCache.java:addDB(58)) - Added db /home/runner/work/ozone/ozone/hadoop-ozone/integration-test/target/test-dir/MiniOzoneClusterImpl-dc953f1b-8f43-4e25-a114-36b3b0290d25/datanode-3/data-0/containers/hdds/dc953f1b-8f43-4e25-a114-36b3b0290d25/DS-ac093766-43a5-493f-a6c9-d66373d0bf11/container.db to cache
2023-01-09 20:09:38,467 [EndpointStateMachine task thread for /0.0.0.0:33549 - 0 ] INFO  volume.HddsVolume (HddsVolume.java:createDbStore(307)) - SchemaV3 db is created and loaded at /home/runner/work/ozone/ozone/hadoop-ozone/integration-test/target/test-dir/MiniOzoneClusterImpl-dc953f1b-8f43-4e25-a114-36b3b0290d25/datanode-3/data-0/containers/hdds/dc953f1b-8f43-4e25-a114-36b3b0290d25/DS-ac093766-43a5-493f-a6c9-d66373d0bf11/container.db for volume DS-ac093766-43a5-493f-a6c9-d66373d0bf11
2023-01-09 20:09:38,467 [EndpointStateMachine task thread for /0.0.0.0:33549 - 0 ] INFO  ozoneimpl.OzoneContainer (OzoneContainer.java:start(395)) - Attempting to start container services.
2023-01-09 20:09:38,468 [EndpointStateMachine task thread for /0.0.0.0:33549 - 0 ] INFO  ozoneimpl.OzoneContainer (OzoneContainer.java:startContainerScrub(312)) - Scheduled background container scanners and the on-demand container scanner have been disabled.
2023-01-09 20:09:38,482 [EndpointStateMachine task thread for /0.0.0.0:33549 - 0 ] INFO  replication.ReplicationServer (ReplicationServer.java:start(106)) - ReplicationServer is started using port 40931
2023-01-09 20:09:38,484 [EndpointStateMachine task thread for /0.0.0.0:33549 - 0 ] INFO  ratis.XceiverServerRatis (XceiverServerRatis.java:start(517)) - Starting XceiverServerRatis 93b0d557-27ed-4241-a042-86e84b32abbd
2023-01-09 20:09:38,506 [EndpointStateMachine task thread for /0.0.0.0:33549 - 0 ] INFO  server.RaftServer (RaftServerProxy.java:startImpl(393)) - 93b0d557-27ed-4241-a042-86e84b32abbd: start RPC server
2023-01-09 20:09:38,508 [EndpointStateMachine task thread for /0.0.0.0:33549 - 0 ] INFO  server.GrpcService (GrpcService.java:startImpl(262)) - 93b0d557-27ed-4241-a042-86e84b32abbd: GrpcService started, listening on 38305
2023-01-09 20:09:38,518 [EndpointStateMachine task thread for /0.0.0.0:33549 - 0 ] INFO  ratis.XceiverServerRatis (XceiverServerRatis.java:getRealPort(543)) - XceiverServerRatis 93b0d557-27ed-4241-a042-86e84b32abbd is started using port 38305 for RATIS
2023-01-09 20:09:38,518 [JvmPauseMonitor4] INFO  util.JvmPauseMonitor (JvmPauseMonitor.java:run(105)) - JvmPauseMonitor-93b0d557-27ed-4241-a042-86e84b32abbd: Started
2023-01-09 20:09:38,519 [EndpointStateMachine task thread for /0.0.0.0:33549 - 0 ] INFO  ratis.XceiverServerRatis (XceiverServerRatis.java:getRealPort(543)) - XceiverServerRatis 93b0d557-27ed-4241-a042-86e84b32abbd is started using port 38305 for RATIS_ADMIN
2023-01-09 20:09:38,519 [EndpointStateMachine task thread for /0.0.0.0:33549 - 0 ] INFO  ratis.XceiverServerRatis (XceiverServerRatis.java:getRealPort(543)) - XceiverServerRatis 93b0d557-27ed-4241-a042-86e84b32abbd is started using port 38305 for RATIS_SERVER
2023-01-09 20:09:38,519 [EndpointStateMachine task thread for /0.0.0.0:33549 - 0 ] INFO  ratis.XceiverServerRatis (XceiverServerRatis.java:getRealPort(543)) - XceiverServerRatis 93b0d557-27ed-4241-a042-86e84b32abbd is started using port 40935 for RATIS_DATASTREAM
2023-01-09 20:09:38,531 [EndpointStateMachine task thread for /0.0.0.0:33549 - 0 ] INFO  server.XceiverServerGrpc (XceiverServerGrpc.java:start(180)) - XceiverServerGrpc 93b0d557-27ed-4241-a042-86e84b32abbd is started using port 42833
2023-01-09 20:09:38,579 [ReplicationMonitor] INFO  replication.ReplicationManager (ReplicationManager.java:processAll(330)) - Replication Manager is not ready to run until 3000ms after safemode exit
2023-01-09 20:09:38,642 [Listener at 127.0.0.1/33951] INFO  handler.ContextHandler (ContextHandler.java:doStart(921)) - Started o.e.j.w.WebAppContext@7569a46b{hddsDatanode,/,file:///tmp/jetty-0_0_0_0-32959-hdds-container-service-1_4_0-SNAPSHOT_jar-_-any-5899086839760898170/webapp/,AVAILABLE}{jar:file:/home/runner/.m2/repository/org/apache/ozone/hdds-container-service/1.4.0-SNAPSHOT/hdds-container-service-1.4.0-SNAPSHOT.jar!/webapps/hddsDatanode}
2023-01-09 20:09:38,645 [Listener at 127.0.0.1/33951] INFO  server.AbstractConnector (AbstractConnector.java:doStart(333)) - Started ServerConnector@320075ea{HTTP/1.1, (http/1.1)}{0.0.0.0:32959}
2023-01-09 20:09:38,645 [Listener at 127.0.0.1/33951] INFO  server.Server (Server.java:doStart(415)) - Started @13868ms
2023-01-09 20:09:38,645 [Listener at 127.0.0.1/33951] WARN  impl.MetricsSystemImpl (MetricsSystemImpl.java:register(279)) - Sink prometheus already exists!
2023-01-09 20:09:38,646 [Listener at 127.0.0.1/33951] INFO  http.BaseHttpServer (BaseHttpServer.java:updateConnectorAddress(333)) - HTTP server of hddsDatanode listening at http://0.0.0.0:32959
2023-01-09 20:09:38,651 [Listener at 127.0.0.1/33951] WARN  impl.MetricRegistriesImpl (MetricRegistriesImpl.java:addReporterRegistration(111)) - New reporters are added after registries were created. Some metrics will be missing from the reporter. Please add reporter before adding any new registry.
2023-01-09 20:09:38,651 [Listener at 127.0.0.1/33951] WARN  impl.MetricRegistriesImpl (MetricRegistriesImpl.java:addReporterRegistration(111)) - New reporters are added after registries were created. Some metrics will be missing from the reporter. Please add reporter before adding any new registry.
2023-01-09 20:09:38,651 [Listener at 127.0.0.1/33951] INFO  impl.MetricsSystemImpl (MetricsSystemImpl.java:init(158)) - HddsDatanode metrics system started (again)
2023-01-09 20:09:38,653 [Datanode State Machine Daemon Thread] INFO  statemachine.DatanodeStateMachine (DatanodeStateMachine.java:lambda$startDaemon$0(508)) - Ozone container server started.
2023-01-09 20:09:38,676 [Listener at 127.0.0.1/33951] INFO  ozone.HddsDatanodeService (HddsDatanodeService.java:start(228)) - HddsDatanodeService host:fv-az457-50.3faczmgjfduuxnksfsdf43hgfa.dx.internal.cloudapp.net ip:10.1.0.27
2023-01-09 20:09:38,692 [org.apache.hadoop.util.JvmPauseMonitor$Monitor@2a2f200f] INFO  util.JvmPauseMonitor (JvmPauseMonitor.java:run(188)) - Starting JVM pause monitor
2023-01-09 20:09:38,701 [Datanode State Machine Task Thread - 0] INFO  datanode.InitDatanodeState (InitDatanodeState.java:persistContainerDatanodeDetails(138)) - DatanodeDetails is persisted to /home/runner/work/ozone/ozone/hadoop-ozone/integration-test/target/test-dir/MiniOzoneClusterImpl-dc953f1b-8f43-4e25-a114-36b3b0290d25/datanode-8/meta/datanode.id
2023-01-09 20:09:38,709 [Listener at 127.0.0.1/33951] INFO  upgrade.AbstractLayoutVersionManager (AbstractLayoutVersionManager.java:init(83)) - Initializing Layout version manager with metadata layout = DATANODE_SCHEMA_V3 (version = 4), software layout = DATANODE_SCHEMA_V3 (version = 4)
2023-01-09 20:09:38,780 [Listener at 127.0.0.1/33951] INFO  reflections.Reflections (Reflections.java:scan(232)) - Reflections took 70 ms to scan 7 urls, producing 146 keys and 350 values 
2023-01-09 20:09:38,782 [Listener at 127.0.0.1/33951] INFO  statemachine.DatanodeStateMachine (DatanodeStateMachine.java:getEndPointTaskThreadPoolSize(248)) - Datanode State Machine Task Thread Pool size 2
2023-01-09 20:09:38,784 [Listener at 127.0.0.1/33951] INFO  volume.HddsVolume (HddsVolume.java:<init>(117)) - Creating HddsVolume: /home/runner/work/ozone/ozone/hadoop-ozone/integration-test/target/test-dir/MiniOzoneClusterImpl-dc953f1b-8f43-4e25-a114-36b3b0290d25/datanode-9/data-0/containers/hdds of storage type : DISK capacity : 9223372036854775807
2023-01-09 20:09:38,785 [Listener at 127.0.0.1/33951] INFO  volume.MutableVolumeSet (MutableVolumeSet.java:initializeVolumeSet(174)) - Added Volume : /home/runner/work/ozone/ozone/hadoop-ozone/integration-test/target/test-dir/MiniOzoneClusterImpl-dc953f1b-8f43-4e25-a114-36b3b0290d25/datanode-9/data-0/containers/hdds to VolumeSet
2023-01-09 20:09:38,785 [Listener at 127.0.0.1/33951] INFO  volume.ThrottledAsyncChecker (ThrottledAsyncChecker.java:schedule(141)) - Scheduling a check for /home/runner/work/ozone/ozone/hadoop-ozone/integration-test/target/test-dir/MiniOzoneClusterImpl-dc953f1b-8f43-4e25-a114-36b3b0290d25/datanode-9/data-0/containers/hdds
2023-01-09 20:09:38,786 [Listener at 127.0.0.1/33951] INFO  volume.StorageVolumeChecker (StorageVolumeChecker.java:checkAllVolumes(202)) - Scheduled health check for volume /home/runner/work/ozone/ozone/hadoop-ozone/integration-test/target/test-dir/MiniOzoneClusterImpl-dc953f1b-8f43-4e25-a114-36b3b0290d25/datanode-9/data-0/containers/hdds
2023-01-09 20:09:38,803 [Listener at 127.0.0.1/33951] INFO  volume.MutableVolumeSet (MutableVolumeSet.java:initializeVolumeSet(174)) - Added Volume : /home/runner/work/ozone/ozone/hadoop-ozone/integration-test/target/test-dir/MiniOzoneClusterImpl-dc953f1b-8f43-4e25-a114-36b3b0290d25/datanode-9/data/ratis to VolumeSet
2023-01-09 20:09:38,804 [Listener at 127.0.0.1/33951] INFO  volume.ThrottledAsyncChecker (ThrottledAsyncChecker.java:schedule(141)) - Scheduling a check for /home/runner/work/ozone/ozone/hadoop-ozone/integration-test/target/test-dir/MiniOzoneClusterImpl-dc953f1b-8f43-4e25-a114-36b3b0290d25/datanode-9/data/ratis
2023-01-09 20:09:38,805 [Listener at 127.0.0.1/33951] INFO  volume.StorageVolumeChecker (StorageVolumeChecker.java:checkAllVolumes(202)) - Scheduled health check for volume /home/runner/work/ozone/ozone/hadoop-ozone/integration-test/target/test-dir/MiniOzoneClusterImpl-dc953f1b-8f43-4e25-a114-36b3b0290d25/datanode-9/data/ratis
2023-01-09 20:09:38,824 [Thread-285] INFO  ozoneimpl.ContainerReader (ContainerReader.java:readVolume(175)) - Finish verifying containers on volume /home/runner/work/ozone/ozone/hadoop-ozone/integration-test/target/test-dir/MiniOzoneClusterImpl-dc953f1b-8f43-4e25-a114-36b3b0290d25/datanode-9/data-0/containers/hdds
2023-01-09 20:09:38,824 [Listener at 127.0.0.1/33951] INFO  ozoneimpl.OzoneContainer (OzoneContainer.java:buildContainerSet(301)) - Build ContainerSet costs 0s
2023-01-09 20:09:38,848 [EndpointStateMachine task thread for /0.0.0.0:33549 - 0 ] INFO  utils.DatanodeStoreCache (DatanodeStoreCache.java:addDB(58)) - Added db /home/runner/work/ozone/ozone/hadoop-ozone/integration-test/target/test-dir/MiniOzoneClusterImpl-dc953f1b-8f43-4e25-a114-36b3b0290d25/datanode-4/data-0/containers/hdds/dc953f1b-8f43-4e25-a114-36b3b0290d25/DS-6d8e2074-83b5-40a7-bb2a-0ac44e49bc16/container.db to cache
2023-01-09 20:09:38,848 [EndpointStateMachine task thread for /0.0.0.0:33549 - 0 ] INFO  volume.HddsVolume (HddsVolume.java:createDbStore(307)) - SchemaV3 db is created and loaded at /home/runner/work/ozone/ozone/hadoop-ozone/integration-test/target/test-dir/MiniOzoneClusterImpl-dc953f1b-8f43-4e25-a114-36b3b0290d25/datanode-4/data-0/containers/hdds/dc953f1b-8f43-4e25-a114-36b3b0290d25/DS-6d8e2074-83b5-40a7-bb2a-0ac44e49bc16/container.db for volume DS-6d8e2074-83b5-40a7-bb2a-0ac44e49bc16
2023-01-09 20:09:38,848 [EndpointStateMachine task thread for /0.0.0.0:33549 - 0 ] INFO  ozoneimpl.OzoneContainer (OzoneContainer.java:start(395)) - Attempting to start container services.
2023-01-09 20:09:38,848 [EndpointStateMachine task thread for /0.0.0.0:33549 - 0 ] INFO  ozoneimpl.OzoneContainer (OzoneContainer.java:startContainerScrub(312)) - Scheduled background container scanners and the on-demand container scanner have been disabled.
2023-01-09 20:09:38,850 [Listener at 127.0.0.1/33951] INFO  server.RaftServer (ConfUtils.java:logGet(46)) - raft.rpc.type = GRPC (default)
2023-01-09 20:09:38,850 [Listener at 127.0.0.1/33951] INFO  grpc.GrpcConfigKeys (ConfUtils.java:logFallback(53)) - raft.grpc.admin.host = null (fallback to raft.grpc.server.host)
2023-01-09 20:09:38,850 [Listener at 127.0.0.1/33951] INFO  grpc.GrpcConfigKeys (ConfUtils.java:logGet(46)) - raft.grpc.admin.port = 0 (custom)
2023-01-09 20:09:38,850 [Listener at 127.0.0.1/33951] INFO  grpc.GrpcConfigKeys (ConfUtils.java:logFallback(53)) - raft.grpc.client.host = null (fallback to raft.grpc.server.host)
2023-01-09 20:09:38,851 [Listener at 127.0.0.1/33951] INFO  grpc.GrpcConfigKeys (ConfUtils.java:logGet(46)) - raft.grpc.client.port = 0 (custom)
2023-01-09 20:09:38,851 [Listener at 127.0.0.1/33951] INFO  grpc.GrpcConfigKeys (ConfUtils.java:logGet(46)) - raft.grpc.server.host = null (default)
2023-01-09 20:09:38,851 [Listener at 127.0.0.1/33951] INFO  grpc.GrpcConfigKeys (ConfUtils.java:logGet(46)) - raft.grpc.server.port = 0 (default)
2023-01-09 20:09:38,851 [Listener at 127.0.0.1/33951] INFO  server.GrpcService (ConfUtils.java:logGet(46)) - raft.grpc.message.size.max = 32MB (=33554432) (custom)
2023-01-09 20:09:38,851 [Listener at 127.0.0.1/33951] INFO  server.RaftServerConfigKeys (ConfUtils.java:logGet(46)) - raft.server.log.appender.buffer.byte-limit = 33554432 (custom)
2023-01-09 20:09:38,852 [Listener at 127.0.0.1/33951] INFO  server.GrpcService (ConfUtils.java:logGet(46)) - raft.grpc.flow.control.window = 5MB (=5242880) (custom)
2023-01-09 20:09:38,852 [Listener at 127.0.0.1/33951] INFO  server.RaftServerConfigKeys (ConfUtils.java:logGet(46)) - raft.server.rpc.request.timeout = 60s (custom)
2023-01-09 20:09:38,852 [Listener at 127.0.0.1/33951] INFO  grpc.GrpcConfigKeys (ConfUtils.java:logGet(46)) - raft.grpc.server.heartbeat.channel = true (default)
2023-01-09 20:09:38,852 [Listener at 127.0.0.1/33951] INFO  grpc.GrpcConfigKeys (ConfUtils.java:logGet(46)) - raft.grpc.server.async.request.thread.pool.cached = true (default)
2023-01-09 20:09:38,852 [Listener at 127.0.0.1/33951] INFO  grpc.GrpcConfigKeys (ConfUtils.java:logGet(46)) - raft.grpc.server.async.request.thread.pool.size = 32 (default)
2023-01-09 20:09:38,854 [Listener at 127.0.0.1/33951] INFO  impl.DataStreamServerImpl (ConfUtils.java:logGet(46)) - raft.datastream.type = NETTY (custom)
2023-01-09 20:09:38,854 [Listener at 127.0.0.1/33951] INFO  server.RaftServerConfigKeys (ConfUtils.java:logGet(46)) - raft.server.data-stream.async.request.thread.pool.cached = false (default)
2023-01-09 20:09:38,855 [Listener at 127.0.0.1/33951] INFO  server.RaftServerConfigKeys (ConfUtils.java:logGet(46)) - raft.server.data-stream.async.request.thread.pool.size = 20 (custom)
2023-01-09 20:09:38,855 [Listener at 127.0.0.1/33951] INFO  server.RaftServerConfigKeys (ConfUtils.java:logGet(46)) - raft.server.data-stream.async.write.thread.pool.size = 16 (default)
2023-01-09 20:09:38,855 [Listener at 127.0.0.1/33951] INFO  server.RaftServerConfigKeys (ConfUtils.java:logGet(46)) - raft.server.data-stream.client.pool.size = 10 (default)
2023-01-09 20:09:38,855 [Listener at 127.0.0.1/33951] INFO  netty.NettyConfigKeys$DataStream (ConfUtils.java:logGet(46)) - raft.netty.dataStream.server.use-epoll = false (default)
2023-01-09 20:09:38,855 [Listener at 127.0.0.1/33951] INFO  netty.NettyConfigKeys$DataStream (ConfUtils.java:logGet(46)) - raft.netty.dataStream.server.boss-group.size = 0 (default)
2023-01-09 20:09:38,856 [Listener at 127.0.0.1/33951] INFO  netty.NettyConfigKeys$DataStream (ConfUtils.java:logGet(46)) - raft.netty.dataStream.server.worker-group.size = 0 (default)
2023-01-09 20:09:38,856 [Listener at 127.0.0.1/33951] INFO  netty.NettyConfigKeys$DataStream (ConfUtils.java:logGet(46)) - raft.netty.dataStream.server.tls.conf = null (default)
2023-01-09 20:09:38,856 [Listener at 127.0.0.1/33951] INFO  netty.NettyConfigKeys$DataStream (ConfUtils.java:logGet(46)) - raft.netty.dataStream.host = null (default)
2023-01-09 20:09:38,857 [Listener at 127.0.0.1/33951] INFO  netty.NettyConfigKeys$DataStream (ConfUtils.java:logGet(46)) - raft.netty.dataStream.port = 0 (default)
2023-01-09 20:09:38,863 [Listener at 127.0.0.1/33951] INFO  server.RaftServerConfigKeys (ConfUtils.java:logGet(46)) - raft.server.threadpool.proxy.cached = true (default)
2023-01-09 20:09:38,863 [Listener at 127.0.0.1/33951] INFO  server.RaftServerConfigKeys (ConfUtils.java:logGet(46)) - raft.server.threadpool.proxy.size = 0 (default)
2023-01-09 20:09:38,864 [Listener at 127.0.0.1/33951] INFO  server.RaftServerConfigKeys (ConfUtils.java:logGet(46)) - raft.server.rpc.slowness.timeout = 300s (custom)
2023-01-09 20:09:38,864 [Listener at 127.0.0.1/33951] INFO  server.RaftServerConfigKeys (ConfUtils.java:logGet(46)) - raft.server.leaderelection.leader.step-down.wait-time = 10s (default)
2023-01-09 20:09:38,864 [Listener at 127.0.0.1/33951] INFO  server.RaftServerConfigKeys (ConfUtils.java:logGet(46)) - raft.server.storage.dir = [/home/runner/work/ozone/ozone/hadoop-ozone/integration-test/target/test-dir/MiniOzoneClusterImpl-dc953f1b-8f43-4e25-a114-36b3b0290d25/datanode-9/data/ratis] (custom)
2023-01-09 20:09:38,866 [Listener at 127.0.0.1/33951] INFO  server.XceiverServerGrpc (XceiverServerGrpc.java:<init>(132)) - GrpcServer channel type EpollServerSocketChannel
2023-01-09 20:09:38,868 [EndpointStateMachine task thread for /0.0.0.0:33549 - 0 ] INFO  replication.ReplicationServer (ReplicationServer.java:start(106)) - ReplicationServer is started using port 46287
2023-01-09 20:09:38,869 [EndpointStateMachine task thread for /0.0.0.0:33549 - 0 ] INFO  ratis.XceiverServerRatis (XceiverServerRatis.java:start(517)) - Starting XceiverServerRatis 26559c5d-eeb2-413a-b661-4afee7d58202
2023-01-09 20:09:38,875 [EndpointStateMachine task thread for /0.0.0.0:33549 - 0 ] INFO  server.RaftServer (RaftServerProxy.java:startImpl(393)) - 26559c5d-eeb2-413a-b661-4afee7d58202: start RPC server
2023-01-09 20:09:38,891 [Listener at 127.0.0.1/33951] INFO  http.BaseHttpServer (BaseHttpServer.java:newHttpServer2BuilderForOzone(213)) - Starting Web-server for hddsDatanode at: http://0.0.0.0:0
2023-01-09 20:09:38,892 [Listener at 127.0.0.1/33951] INFO  http.BaseHttpServer (BaseHttpServer.java:<init>(108)) - Hadoop Security Enabled: false Ozone Security Enabled: false Ozone HTTP Security Enabled: false 
2023-01-09 20:09:38,894 [Listener at 127.0.0.1/33951] WARN  server.AuthenticationFilter (AuthenticationFilter.java:constructSecretProvider(240)) - Unable to initialize FileSignerSecretProvider, falling back to use random secrets. Reason: Could not read signature secret file: /home/runner/hadoop-http-auth-signature-secret
2023-01-09 20:09:38,894 [11dbea26-f97e-4766-b357-e6f8c74d2a9f-NettyServerStreamRpc-bossGroup--thread1] INFO  logging.LoggingHandler (AbstractInternalLogger.java:log(148)) - [id: 0x639a41a4] REGISTERED
2023-01-09 20:09:38,894 [11dbea26-f97e-4766-b357-e6f8c74d2a9f-NettyServerStreamRpc-bossGroup--thread1] INFO  logging.LoggingHandler (AbstractInternalLogger.java:log(148)) - [id: 0x639a41a4] BIND: 0.0.0.0/0.0.0.0:0
2023-01-09 20:09:38,895 [Listener at 127.0.0.1/33951] WARN  http.HttpRequestLog (HttpRequestLog.java:getRequestLog(103)) - Jetty request log can only be enabled using Log4j
2023-01-09 20:09:38,896 [Listener at 127.0.0.1/33951] INFO  http.HttpServer2 (HttpServer2.java:addGlobalFilter(1031)) - Added global filter 'safety' (class=org.apache.hadoop.hdds.server.http.HttpServer2$QuotingInputFilter)
2023-01-09 20:09:38,897 [Listener at 127.0.0.1/33951] INFO  http.HttpServer2 (HttpServer2.java:addFilter(1007)) - Added filter static_user_filter (class=org.apache.hadoop.http.lib.StaticUserWebFilter$StaticUserFilter) to context hddsDatanode
2023-01-09 20:09:38,897 [Listener at 127.0.0.1/33951] INFO  http.HttpServer2 (HttpServer2.java:addFilter(1015)) - Added filter static_user_filter (class=org.apache.hadoop.http.lib.StaticUserWebFilter$StaticUserFilter) to context logs
2023-01-09 20:09:38,897 [Listener at 127.0.0.1/33951] INFO  http.HttpServer2 (HttpServer2.java:addFilter(1015)) - Added filter static_user_filter (class=org.apache.hadoop.http.lib.StaticUserWebFilter$StaticUserFilter) to context static
2023-01-09 20:09:38,898 [Listener at 127.0.0.1/33951] INFO  http.HttpServer2 (HttpServer2.java:bindListener(1250)) - Jetty bound to port 40455
2023-01-09 20:09:38,898 [Listener at 127.0.0.1/33951] INFO  server.Server (Server.java:doStart(375)) - jetty-9.4.49.v20220914; built: 2022-09-14T01:07:36.601Z; git: 4231a3b2e4cb8548a412a789936d640a97b1aa0a; jvm 1.8.0_352-b08
2023-01-09 20:09:38,895 [11dbea26-f97e-4766-b357-e6f8c74d2a9f-NettyServerStreamRpc-bossGroup--thread1] INFO  logging.LoggingHandler (AbstractInternalLogger.java:log(148)) - [id: 0x639a41a4, L:/0:0:0:0:0:0:0:0:45933] ACTIVE
2023-01-09 20:09:38,911 [Listener at 127.0.0.1/33951] INFO  server.session (DefaultSessionIdManager.java:doStart(334)) - DefaultSessionIdManager workerName=node0
2023-01-09 20:09:38,911 [Listener at 127.0.0.1/33951] INFO  server.session (DefaultSessionIdManager.java:doStart(339)) - No SessionScavenger set, using defaults
2023-01-09 20:09:38,911 [Listener at 127.0.0.1/33951] INFO  server.session (HouseKeeper.java:startScavenging(132)) - node0 Scavenging every 600000ms
2023-01-09 20:09:38,912 [EndpointStateMachine task thread for /0.0.0.0:33549 - 0 ] INFO  server.GrpcService (GrpcService.java:startImpl(262)) - 26559c5d-eeb2-413a-b661-4afee7d58202: GrpcService started, listening on 44647
2023-01-09 20:09:38,912 [EndpointStateMachine task thread for /0.0.0.0:33549 - 0 ] INFO  ratis.XceiverServerRatis (XceiverServerRatis.java:getRealPort(543)) - XceiverServerRatis 26559c5d-eeb2-413a-b661-4afee7d58202 is started using port 44647 for RATIS
2023-01-09 20:09:38,912 [EndpointStateMachine task thread for /0.0.0.0:33549 - 0 ] INFO  ratis.XceiverServerRatis (XceiverServerRatis.java:getRealPort(543)) - XceiverServerRatis 26559c5d-eeb2-413a-b661-4afee7d58202 is started using port 44647 for RATIS_ADMIN
2023-01-09 20:09:38,912 [EndpointStateMachine task thread for /0.0.0.0:33549 - 0 ] INFO  ratis.XceiverServerRatis (XceiverServerRatis.java:getRealPort(543)) - XceiverServerRatis 26559c5d-eeb2-413a-b661-4afee7d58202 is started using port 44647 for RATIS_SERVER
2023-01-09 20:09:38,912 [EndpointStateMachine task thread for /0.0.0.0:33549 - 0 ] INFO  ratis.XceiverServerRatis (XceiverServerRatis.java:getRealPort(543)) - XceiverServerRatis 26559c5d-eeb2-413a-b661-4afee7d58202 is started using port 46099 for RATIS_DATASTREAM
2023-01-09 20:09:38,913 [JvmPauseMonitor5] INFO  util.JvmPauseMonitor (JvmPauseMonitor.java:run(105)) - JvmPauseMonitor-26559c5d-eeb2-413a-b661-4afee7d58202: Started
2023-01-09 20:09:38,916 [EndpointStateMachine task thread for /0.0.0.0:33549 - 0 ] INFO  server.XceiverServerGrpc (XceiverServerGrpc.java:start(180)) - XceiverServerGrpc 26559c5d-eeb2-413a-b661-4afee7d58202 is started using port 35933
2023-01-09 20:09:38,932 [Listener at 127.0.0.1/33951] INFO  handler.ContextHandler (ContextHandler.java:doStart(921)) - Started o.e.j.s.ServletContextHandler@44851ef1{logs,/logs,file:///home/runner/work/ozone/ozone/hadoop-ozone/integration-test/target/log,AVAILABLE}
2023-01-09 20:09:38,933 [Listener at 127.0.0.1/33951] INFO  handler.ContextHandler (ContextHandler.java:doStart(921)) - Started o.e.j.s.ServletContextHandler@347c2a1a{static,/static,jar:file:/home/runner/.m2/repository/org/apache/ozone/hdds-container-service/1.4.0-SNAPSHOT/hdds-container-service-1.4.0-SNAPSHOT.jar!/webapps/static,AVAILABLE}
2023-01-09 20:09:38,939 [IPC Server handler 3 on default port 33549] INFO  net.NetworkTopologyImpl (NetworkTopologyImpl.java:add(112)) - Added a new node: /default-rack/204ebb6c-eb9c-4605-8b0a-417067302917
2023-01-09 20:09:38,942 [IPC Server handler 3 on default port 33549] INFO  node.SCMNodeManager (SCMNodeManager.java:register(397)) - Registered Data node : 204ebb6c-eb9c-4605-8b0a-417067302917{ip: 10.1.0.27, host: fv-az457-50.3faczmgjfduuxnksfsdf43hgfa.dx.internal.cloudapp.net, ports: [REPLICATION=34507, RATIS=38461, RATIS_ADMIN=38461, RATIS_SERVER=38461, RATIS_DATASTREAM=40035, STANDALONE=33253], networkLocation: /default-rack, certSerialId: null, persistedOpState: null, persistedOpStateExpiryEpochSec: 0}
2023-01-09 20:09:38,992 [EventQueue-NewNodeForNewNodeHandler] INFO  pipeline.BackgroundPipelineCreator (BackgroundPipelineCreator.java:notifyEventTriggered(276)) - trigger a one-shot run on RatisPipelineUtilsThread.
2023-01-09 20:09:39,006 [EventQueue-NodeRegistrationContainerReportForDataNodeSafeModeRule] INFO  safemode.SCMSafeModeManager (DataNodeSafeModeRule.java:process(71)) - SCM in safe mode. 1 DataNodes registered, 3 required.
2023-01-09 20:09:39,006 [EventQueue-NodeRegistrationContainerReportForContainerSafeModeRule] INFO  safemode.SCMSafeModeManager (SCMSafeModeManager.java:validateSafeModeExitRules(200)) - ContainerSafeModeRule rule is successfully validated
2023-01-09 20:09:39,007 [RatisPipelineUtilsThread - 0] INFO  pipeline.RatisPipelineProvider (RatisPipelineProvider.java:lambda$create$0(206)) - Sending CreatePipelineCommand for pipeline:PipelineID=7ef7df1d-2e75-4a13-a558-26d1c231f733 to datanode:204ebb6c-eb9c-4605-8b0a-417067302917
2023-01-09 20:09:39,014 [EventQueue-PipelineReportForOneReplicaPipelineSafeModeRule] INFO  safemode.SCMSafeModeManager (SCMSafeModeManager.java:validateSafeModeExitRules(200)) - AtleastOneDatanodeReportedRule rule is successfully validated
2023-01-09 20:09:39,027 [RatisPipelineUtilsThread - 0] INFO  pipeline.PipelineStateManagerImpl (PipelineStateManagerImpl.java:addPipeline(103)) - Created pipeline Pipeline[ Id: 7ef7df1d-2e75-4a13-a558-26d1c231f733, Nodes: 204ebb6c-eb9c-4605-8b0a-417067302917{ip: 10.1.0.27, host: fv-az457-50.3faczmgjfduuxnksfsdf43hgfa.dx.internal.cloudapp.net, ports: [REPLICATION=34507, RATIS=38461, RATIS_ADMIN=38461, RATIS_SERVER=38461, RATIS_DATASTREAM=40035, STANDALONE=33253], networkLocation: /default-rack, certSerialId: null, persistedOpState: IN_SERVICE, persistedOpStateExpiryEpochSec: 0}, ReplicationConfig: RATIS/ONE, State:ALLOCATED, leaderId:, CreationTimestamp2023-01-09T20:09:39.005Z[Etc/UTC]].
2023-01-09 20:09:39,197 [Listener at 127.0.0.1/33951] INFO  handler.ContextHandler (ContextHandler.java:doStart(921)) - Started o.e.j.w.WebAppContext@44eb735c{hddsDatanode,/,file:///tmp/jetty-0_0_0_0-40455-hdds-container-service-1_4_0-SNAPSHOT_jar-_-any-2360877753418523300/webapp/,AVAILABLE}{jar:file:/home/runner/.m2/repository/org/apache/ozone/hdds-container-service/1.4.0-SNAPSHOT/hdds-container-service-1.4.0-SNAPSHOT.jar!/webapps/hddsDatanode}
2023-01-09 20:09:39,200 [Listener at 127.0.0.1/33951] INFO  server.AbstractConnector (AbstractConnector.java:doStart(333)) - Started ServerConnector@3fdcbaf4{HTTP/1.1, (http/1.1)}{0.0.0.0:40455}
2023-01-09 20:09:39,200 [Listener at 127.0.0.1/33951] INFO  server.Server (Server.java:doStart(415)) - Started @14423ms
2023-01-09 20:09:39,200 [Listener at 127.0.0.1/33951] WARN  impl.MetricsSystemImpl (MetricsSystemImpl.java:register(279)) - Sink prometheus already exists!
2023-01-09 20:09:39,201 [Listener at 127.0.0.1/33951] INFO  http.BaseHttpServer (BaseHttpServer.java:updateConnectorAddress(333)) - HTTP server of hddsDatanode listening at http://0.0.0.0:40455
2023-01-09 20:09:39,203 [Listener at 127.0.0.1/33951] INFO  ozone.MiniOzoneClusterImpl (MiniOzoneClusterImpl.java:lambda$waitForClusterToBeReady$0(218)) - Waiting for nodes to be ready. Got 1 of 10 DN Heartbeats.
2023-01-09 20:09:39,203 [Listener at 127.0.0.1/33951] INFO  ozone.MiniOzoneClusterImpl (MiniOzoneClusterImpl.java:lambda$waitForClusterToBeReady$0(221)) - Waiting for cluster to exit safe mode
2023-01-09 20:09:39,203 [Listener at 127.0.0.1/33951] INFO  ozone.MiniOzoneClusterImpl (MiniOzoneClusterImpl.java:lambda$waitForClusterToBeReady$0(223)) - SCM became leader
2023-01-09 20:09:39,203 [Datanode State Machine Daemon Thread] INFO  statemachine.DatanodeStateMachine (DatanodeStateMachine.java:lambda$startDaemon$0(508)) - Ozone container server started.
2023-01-09 20:09:39,218 [org.apache.hadoop.util.JvmPauseMonitor$Monitor@75835870] INFO  util.JvmPauseMonitor (JvmPauseMonitor.java:run(188)) - Starting JVM pause monitor
2023-01-09 20:09:39,221 [Datanode State Machine Task Thread - 0] INFO  datanode.InitDatanodeState (InitDatanodeState.java:persistContainerDatanodeDetails(138)) - DatanodeDetails is persisted to /home/runner/work/ozone/ozone/hadoop-ozone/integration-test/target/test-dir/MiniOzoneClusterImpl-dc953f1b-8f43-4e25-a114-36b3b0290d25/datanode-9/meta/datanode.id
2023-01-09 20:09:39,320 [EndpointStateMachine task thread for /0.0.0.0:33549 - 0 ] INFO  utils.DatanodeStoreCache (DatanodeStoreCache.java:addDB(58)) - Added db /home/runner/work/ozone/ozone/hadoop-ozone/integration-test/target/test-dir/MiniOzoneClusterImpl-dc953f1b-8f43-4e25-a114-36b3b0290d25/datanode-5/data-0/containers/hdds/dc953f1b-8f43-4e25-a114-36b3b0290d25/DS-0963907f-afdf-4030-ae5b-8664fba4d7da/container.db to cache
2023-01-09 20:09:39,320 [EndpointStateMachine task thread for /0.0.0.0:33549 - 0 ] INFO  volume.HddsVolume (HddsVolume.java:createDbStore(307)) - SchemaV3 db is created and loaded at /home/runner/work/ozone/ozone/hadoop-ozone/integration-test/target/test-dir/MiniOzoneClusterImpl-dc953f1b-8f43-4e25-a114-36b3b0290d25/datanode-5/data-0/containers/hdds/dc953f1b-8f43-4e25-a114-36b3b0290d25/DS-0963907f-afdf-4030-ae5b-8664fba4d7da/container.db for volume DS-0963907f-afdf-4030-ae5b-8664fba4d7da
2023-01-09 20:09:39,320 [EndpointStateMachine task thread for /0.0.0.0:33549 - 0 ] INFO  ozoneimpl.OzoneContainer (OzoneContainer.java:start(395)) - Attempting to start container services.
2023-01-09 20:09:39,320 [EndpointStateMachine task thread for /0.0.0.0:33549 - 0 ] INFO  ozoneimpl.OzoneContainer (OzoneContainer.java:startContainerScrub(312)) - Scheduled background container scanners and the on-demand container scanner have been disabled.
2023-01-09 20:09:39,325 [EndpointStateMachine task thread for /0.0.0.0:33549 - 0 ] INFO  replication.ReplicationServer (ReplicationServer.java:start(106)) - ReplicationServer is started using port 37745
2023-01-09 20:09:39,326 [EndpointStateMachine task thread for /0.0.0.0:33549 - 0 ] INFO  ratis.XceiverServerRatis (XceiverServerRatis.java:start(517)) - Starting XceiverServerRatis cbda9cd1-c9bf-468c-9ce3-2b320cdae76d
2023-01-09 20:09:39,331 [EndpointStateMachine task thread for /0.0.0.0:33549 - 0 ] INFO  server.RaftServer (RaftServerProxy.java:startImpl(393)) - cbda9cd1-c9bf-468c-9ce3-2b320cdae76d: start RPC server
2023-01-09 20:09:39,336 [EndpointStateMachine task thread for /0.0.0.0:33549 - 0 ] INFO  server.GrpcService (GrpcService.java:startImpl(262)) - cbda9cd1-c9bf-468c-9ce3-2b320cdae76d: GrpcService started, listening on 39195
2023-01-09 20:09:39,336 [EndpointStateMachine task thread for /0.0.0.0:33549 - 0 ] INFO  ratis.XceiverServerRatis (XceiverServerRatis.java:getRealPort(543)) - XceiverServerRatis cbda9cd1-c9bf-468c-9ce3-2b320cdae76d is started using port 39195 for RATIS
2023-01-09 20:09:39,336 [EndpointStateMachine task thread for /0.0.0.0:33549 - 0 ] INFO  ratis.XceiverServerRatis (XceiverServerRatis.java:getRealPort(543)) - XceiverServerRatis cbda9cd1-c9bf-468c-9ce3-2b320cdae76d is started using port 39195 for RATIS_ADMIN
2023-01-09 20:09:39,336 [EndpointStateMachine task thread for /0.0.0.0:33549 - 0 ] INFO  ratis.XceiverServerRatis (XceiverServerRatis.java:getRealPort(543)) - XceiverServerRatis cbda9cd1-c9bf-468c-9ce3-2b320cdae76d is started using port 39195 for RATIS_SERVER
2023-01-09 20:09:39,337 [EndpointStateMachine task thread for /0.0.0.0:33549 - 0 ] INFO  ratis.XceiverServerRatis (XceiverServerRatis.java:getRealPort(543)) - XceiverServerRatis cbda9cd1-c9bf-468c-9ce3-2b320cdae76d is started using port 44727 for RATIS_DATASTREAM
2023-01-09 20:09:39,337 [JvmPauseMonitor6] INFO  util.JvmPauseMonitor (JvmPauseMonitor.java:run(105)) - JvmPauseMonitor-cbda9cd1-c9bf-468c-9ce3-2b320cdae76d: Started
2023-01-09 20:09:39,347 [EndpointStateMachine task thread for /0.0.0.0:33549 - 0 ] INFO  server.XceiverServerGrpc (XceiverServerGrpc.java:start(180)) - XceiverServerGrpc cbda9cd1-c9bf-468c-9ce3-2b320cdae76d is started using port 39025
2023-01-09 20:09:39,568 [IPC Server handler 1 on default port 33549] INFO  net.NetworkTopologyImpl (NetworkTopologyImpl.java:add(112)) - Added a new node: /default-rack/22174ed7-3438-44c1-87a9-382e0277420a
2023-01-09 20:09:39,568 [IPC Server handler 1 on default port 33549] INFO  node.SCMNodeManager (SCMNodeManager.java:register(397)) - Registered Data node : 22174ed7-3438-44c1-87a9-382e0277420a{ip: 10.1.0.27, host: fv-az457-50.3faczmgjfduuxnksfsdf43hgfa.dx.internal.cloudapp.net, ports: [REPLICATION=43141, RATIS=36955, RATIS_ADMIN=36955, RATIS_SERVER=36955, RATIS_DATASTREAM=45849, STANDALONE=33411], networkLocation: /default-rack, certSerialId: null, persistedOpState: null, persistedOpStateExpiryEpochSec: 0}
2023-01-09 20:09:39,569 [EventQueue-NewNodeForNewNodeHandler] INFO  pipeline.BackgroundPipelineCreator (BackgroundPipelineCreator.java:notifyEventTriggered(276)) - trigger a one-shot run on RatisPipelineUtilsThread.
2023-01-09 20:09:39,569 [EventQueue-NodeRegistrationContainerReportForDataNodeSafeModeRule] INFO  safemode.SCMSafeModeManager (DataNodeSafeModeRule.java:process(71)) - SCM in safe mode. 2 DataNodes registered, 3 required.
2023-01-09 20:09:39,579 [RatisPipelineUtilsThread - 0] INFO  pipeline.RatisPipelineProvider (RatisPipelineProvider.java:lambda$create$0(206)) - Sending CreatePipelineCommand for pipeline:PipelineID=8e1385e6-9d11-42db-b0f7-fb364613bcb2 to datanode:22174ed7-3438-44c1-87a9-382e0277420a
2023-01-09 20:09:39,580 [RatisPipelineUtilsThread - 0] INFO  pipeline.PipelineStateManagerImpl (PipelineStateManagerImpl.java:addPipeline(103)) - Created pipeline Pipeline[ Id: 8e1385e6-9d11-42db-b0f7-fb364613bcb2, Nodes: 22174ed7-3438-44c1-87a9-382e0277420a{ip: 10.1.0.27, host: fv-az457-50.3faczmgjfduuxnksfsdf43hgfa.dx.internal.cloudapp.net, ports: [REPLICATION=43141, RATIS=36955, RATIS_ADMIN=36955, RATIS_SERVER=36955, RATIS_DATASTREAM=45849, STANDALONE=33411], networkLocation: /default-rack, certSerialId: null, persistedOpState: IN_SERVICE, persistedOpStateExpiryEpochSec: 0}, ReplicationConfig: RATIS/ONE, State:ALLOCATED, leaderId:, CreationTimestamp2023-01-09T20:09:39.579Z[Etc/UTC]].
2023-01-09 20:09:39,743 [EndpointStateMachine task thread for /0.0.0.0:33549 - 0 ] INFO  utils.DatanodeStoreCache (DatanodeStoreCache.java:addDB(58)) - Added db /home/runner/work/ozone/ozone/hadoop-ozone/integration-test/target/test-dir/MiniOzoneClusterImpl-dc953f1b-8f43-4e25-a114-36b3b0290d25/datanode-6/data-0/containers/hdds/dc953f1b-8f43-4e25-a114-36b3b0290d25/DS-71efcd0c-cc20-40f0-9c5f-40ef52045a19/container.db to cache
2023-01-09 20:09:39,743 [EndpointStateMachine task thread for /0.0.0.0:33549 - 0 ] INFO  volume.HddsVolume (HddsVolume.java:createDbStore(307)) - SchemaV3 db is created and loaded at /home/runner/work/ozone/ozone/hadoop-ozone/integration-test/target/test-dir/MiniOzoneClusterImpl-dc953f1b-8f43-4e25-a114-36b3b0290d25/datanode-6/data-0/containers/hdds/dc953f1b-8f43-4e25-a114-36b3b0290d25/DS-71efcd0c-cc20-40f0-9c5f-40ef52045a19/container.db for volume DS-71efcd0c-cc20-40f0-9c5f-40ef52045a19
2023-01-09 20:09:39,743 [EndpointStateMachine task thread for /0.0.0.0:33549 - 0 ] INFO  ozoneimpl.OzoneContainer (OzoneContainer.java:start(395)) - Attempting to start container services.
2023-01-09 20:09:39,743 [EndpointStateMachine task thread for /0.0.0.0:33549 - 0 ] INFO  ozoneimpl.OzoneContainer (OzoneContainer.java:startContainerScrub(312)) - Scheduled background container scanners and the on-demand container scanner have been disabled.
2023-01-09 20:09:39,750 [EndpointStateMachine task thread for /0.0.0.0:33549 - 0 ] INFO  replication.ReplicationServer (ReplicationServer.java:start(106)) - ReplicationServer is started using port 42229
2023-01-09 20:09:39,753 [EndpointStateMachine task thread for /0.0.0.0:33549 - 0 ] INFO  ratis.XceiverServerRatis (XceiverServerRatis.java:start(517)) - Starting XceiverServerRatis 51369307-b0de-40aa-9d6f-41f84e1cecb7
2023-01-09 20:09:39,754 [EndpointStateMachine task thread for /0.0.0.0:33549 - 0 ] INFO  server.RaftServer (RaftServerProxy.java:startImpl(393)) - 51369307-b0de-40aa-9d6f-41f84e1cecb7: start RPC server
2023-01-09 20:09:39,756 [EndpointStateMachine task thread for /0.0.0.0:33549 - 0 ] INFO  server.GrpcService (GrpcService.java:startImpl(262)) - 51369307-b0de-40aa-9d6f-41f84e1cecb7: GrpcService started, listening on 44083
2023-01-09 20:09:39,756 [EndpointStateMachine task thread for /0.0.0.0:33549 - 0 ] INFO  ratis.XceiverServerRatis (XceiverServerRatis.java:getRealPort(543)) - XceiverServerRatis 51369307-b0de-40aa-9d6f-41f84e1cecb7 is started using port 44083 for RATIS
2023-01-09 20:09:39,756 [JvmPauseMonitor7] INFO  util.JvmPauseMonitor (JvmPauseMonitor.java:run(105)) - JvmPauseMonitor-51369307-b0de-40aa-9d6f-41f84e1cecb7: Started
2023-01-09 20:09:39,756 [EndpointStateMachine task thread for /0.0.0.0:33549 - 0 ] INFO  ratis.XceiverServerRatis (XceiverServerRatis.java:getRealPort(543)) - XceiverServerRatis 51369307-b0de-40aa-9d6f-41f84e1cecb7 is started using port 44083 for RATIS_ADMIN
2023-01-09 20:09:39,757 [EndpointStateMachine task thread for /0.0.0.0:33549 - 0 ] INFO  ratis.XceiverServerRatis (XceiverServerRatis.java:getRealPort(543)) - XceiverServerRatis 51369307-b0de-40aa-9d6f-41f84e1cecb7 is started using port 44083 for RATIS_SERVER
2023-01-09 20:09:39,757 [EndpointStateMachine task thread for /0.0.0.0:33549 - 0 ] INFO  ratis.XceiverServerRatis (XceiverServerRatis.java:getRealPort(543)) - XceiverServerRatis 51369307-b0de-40aa-9d6f-41f84e1cecb7 is started using port 33005 for RATIS_DATASTREAM
2023-01-09 20:09:39,759 [EndpointStateMachine task thread for /0.0.0.0:33549 - 0 ] INFO  server.XceiverServerGrpc (XceiverServerGrpc.java:start(180)) - XceiverServerGrpc 51369307-b0de-40aa-9d6f-41f84e1cecb7 is started using port 42355
2023-01-09 20:09:39,973 [IPC Server handler 3 on default port 33549] INFO  net.NetworkTopologyImpl (NetworkTopologyImpl.java:add(112)) - Added a new node: /default-rack/37be314e-42cf-4ee9-a18e-baad7075c611
2023-01-09 20:09:39,973 [IPC Server handler 3 on default port 33549] INFO  node.SCMNodeManager (SCMNodeManager.java:register(397)) - Registered Data node : 37be314e-42cf-4ee9-a18e-baad7075c611{ip: 10.1.0.27, host: fv-az457-50.3faczmgjfduuxnksfsdf43hgfa.dx.internal.cloudapp.net, ports: [REPLICATION=37507, RATIS=32955, RATIS_ADMIN=32955, RATIS_SERVER=32955, RATIS_DATASTREAM=45453, STANDALONE=41409], networkLocation: /default-rack, certSerialId: null, persistedOpState: null, persistedOpStateExpiryEpochSec: 0}
2023-01-09 20:09:39,974 [EventQueue-NewNodeForNewNodeHandler] INFO  pipeline.BackgroundPipelineCreator (BackgroundPipelineCreator.java:notifyEventTriggered(276)) - trigger a one-shot run on RatisPipelineUtilsThread.
2023-01-09 20:09:39,974 [EventQueue-NodeRegistrationContainerReportForDataNodeSafeModeRule] INFO  safemode.SCMSafeModeManager (DataNodeSafeModeRule.java:process(71)) - SCM in safe mode. 3 DataNodes registered, 3 required.
2023-01-09 20:09:39,974 [EventQueue-NodeRegistrationContainerReportForDataNodeSafeModeRule] INFO  safemode.SCMSafeModeManager (SCMSafeModeManager.java:validateSafeModeExitRules(200)) - DataNodeSafeModeRule rule is successfully validated
2023-01-09 20:09:39,974 [EventQueue-NodeRegistrationContainerReportForDataNodeSafeModeRule] INFO  safemode.SCMSafeModeManager (SCMSafeModeManager.java:completePreCheck(229)) - All SCM safe mode pre check rules have passed
2023-01-09 20:09:39,974 [EventQueue-NodeRegistrationContainerReportForDataNodeSafeModeRule] INFO  ha.SCMContext (SCMContext.java:updateSafeModeStatus(228)) - Update SafeModeStatus from SafeModeStatus{safeModeStatus=true, preCheckPassed=false} to SafeModeStatus{safeModeStatus=true, preCheckPassed=true}.
2023-01-09 20:09:39,974 [RatisPipelineUtilsThread - 0] INFO  pipeline.RatisPipelineProvider (RatisPipelineProvider.java:lambda$create$0(206)) - Sending CreatePipelineCommand for pipeline:PipelineID=6182deb9-6b77-41a5-9e9d-8057c2290820 to datanode:37be314e-42cf-4ee9-a18e-baad7075c611
2023-01-09 20:09:39,974 [EventQueue-NodeRegistrationContainerReportForDataNodeSafeModeRule] INFO  pipeline.BackgroundPipelineCreator (BackgroundPipelineCreator.java:notifyEventTriggered(276)) - trigger a one-shot run on RatisPipelineUtilsThread.
2023-01-09 20:09:39,975 [RatisPipelineUtilsThread - 0] INFO  pipeline.PipelineStateManagerImpl (PipelineStateManagerImpl.java:addPipeline(103)) - Created pipeline Pipeline[ Id: 6182deb9-6b77-41a5-9e9d-8057c2290820, Nodes: 37be314e-42cf-4ee9-a18e-baad7075c611{ip: 10.1.0.27, host: fv-az457-50.3faczmgjfduuxnksfsdf43hgfa.dx.internal.cloudapp.net, ports: [REPLICATION=37507, RATIS=32955, RATIS_ADMIN=32955, RATIS_SERVER=32955, RATIS_DATASTREAM=45453, STANDALONE=41409], networkLocation: /default-rack, certSerialId: null, persistedOpState: IN_SERVICE, persistedOpStateExpiryEpochSec: 0}, ReplicationConfig: RATIS/ONE, State:ALLOCATED, leaderId:, CreationTimestamp2023-01-09T20:09:39.974Z[Etc/UTC]].
2023-01-09 20:09:39,984 [RatisPipelineUtilsThread - 0] INFO  pipeline.RatisPipelineProvider (RatisPipelineProvider.java:lambda$create$0(206)) - Sending CreatePipelineCommand for pipeline:PipelineID=1b64fb31-9dbf-4f34-a195-4b191a258550 to datanode:204ebb6c-eb9c-4605-8b0a-417067302917
2023-01-09 20:09:39,984 [RatisPipelineUtilsThread - 0] INFO  pipeline.RatisPipelineProvider (RatisPipelineProvider.java:lambda$create$0(206)) - Sending CreatePipelineCommand for pipeline:PipelineID=1b64fb31-9dbf-4f34-a195-4b191a258550 to datanode:22174ed7-3438-44c1-87a9-382e0277420a
2023-01-09 20:09:39,984 [RatisPipelineUtilsThread - 0] INFO  pipeline.RatisPipelineProvider (RatisPipelineProvider.java:lambda$create$0(206)) - Sending CreatePipelineCommand for pipeline:PipelineID=1b64fb31-9dbf-4f34-a195-4b191a258550 to datanode:37be314e-42cf-4ee9-a18e-baad7075c611
2023-01-09 20:09:39,985 [RatisPipelineUtilsThread - 0] INFO  pipeline.PipelineStateManagerImpl (PipelineStateManagerImpl.java:addPipeline(103)) - Created pipeline Pipeline[ Id: 1b64fb31-9dbf-4f34-a195-4b191a258550, Nodes: 204ebb6c-eb9c-4605-8b0a-417067302917{ip: 10.1.0.27, host: fv-az457-50.3faczmgjfduuxnksfsdf43hgfa.dx.internal.cloudapp.net, ports: [REPLICATION=34507, RATIS=38461, RATIS_ADMIN=38461, RATIS_SERVER=38461, RATIS_DATASTREAM=40035, STANDALONE=33253], networkLocation: /default-rack, certSerialId: null, persistedOpState: IN_SERVICE, persistedOpStateExpiryEpochSec: 0}22174ed7-3438-44c1-87a9-382e0277420a{ip: 10.1.0.27, host: fv-az457-50.3faczmgjfduuxnksfsdf43hgfa.dx.internal.cloudapp.net, ports: [REPLICATION=43141, RATIS=36955, RATIS_ADMIN=36955, RATIS_SERVER=36955, RATIS_DATASTREAM=45849, STANDALONE=33411], networkLocation: /default-rack, certSerialId: null, persistedOpState: IN_SERVICE, persistedOpStateExpiryEpochSec: 0}37be314e-42cf-4ee9-a18e-baad7075c611{ip: 10.1.0.27, host: fv-az457-50.3faczmgjfduuxnksfsdf43hgfa.dx.internal.cloudapp.net, ports: [REPLICATION=37507, RATIS=32955, RATIS_ADMIN=32955, RATIS_SERVER=32955, RATIS_DATASTREAM=45453, STANDALONE=41409], networkLocation: /default-rack, certSerialId: null, persistedOpState: IN_SERVICE, persistedOpStateExpiryEpochSec: 0}, ReplicationConfig: RATIS/THREE, State:ALLOCATED, leaderId:, CreationTimestamp2023-01-09T20:09:39.984Z[Etc/UTC]].
2023-01-09 20:09:39,988 [RatisPipelineUtilsThread - 0] INFO  pipeline.RatisPipelineProvider (RatisPipelineProvider.java:lambda$create$0(206)) - Sending CreatePipelineCommand for pipeline:PipelineID=ebca2a99-9b62-4d3d-9b82-75780aef7a1b to datanode:22174ed7-3438-44c1-87a9-382e0277420a
2023-01-09 20:09:39,988 [RatisPipelineUtilsThread - 0] INFO  pipeline.RatisPipelineProvider (RatisPipelineProvider.java:lambda$create$0(206)) - Sending CreatePipelineCommand for pipeline:PipelineID=ebca2a99-9b62-4d3d-9b82-75780aef7a1b to datanode:204ebb6c-eb9c-4605-8b0a-417067302917
2023-01-09 20:09:39,988 [RatisPipelineUtilsThread - 0] INFO  pipeline.RatisPipelineProvider (RatisPipelineProvider.java:lambda$create$0(206)) - Sending CreatePipelineCommand for pipeline:PipelineID=ebca2a99-9b62-4d3d-9b82-75780aef7a1b to datanode:37be314e-42cf-4ee9-a18e-baad7075c611
2023-01-09 20:09:39,989 [RatisPipelineUtilsThread - 0] INFO  pipeline.PipelineStateManagerImpl (PipelineStateManagerImpl.java:addPipeline(103)) - Created pipeline Pipeline[ Id: ebca2a99-9b62-4d3d-9b82-75780aef7a1b, Nodes: 22174ed7-3438-44c1-87a9-382e0277420a{ip: 10.1.0.27, host: fv-az457-50.3faczmgjfduuxnksfsdf43hgfa.dx.internal.cloudapp.net, ports: [REPLICATION=43141, RATIS=36955, RATIS_ADMIN=36955, RATIS_SERVER=36955, RATIS_DATASTREAM=45849, STANDALONE=33411], networkLocation: /default-rack, certSerialId: null, persistedOpState: IN_SERVICE, persistedOpStateExpiryEpochSec: 0}204ebb6c-eb9c-4605-8b0a-417067302917{ip: 10.1.0.27, host: fv-az457-50.3faczmgjfduuxnksfsdf43hgfa.dx.internal.cloudapp.net, ports: [REPLICATION=34507, RATIS=38461, RATIS_ADMIN=38461, RATIS_SERVER=38461, RATIS_DATASTREAM=40035, STANDALONE=33253], networkLocation: /default-rack, certSerialId: null, persistedOpState: IN_SERVICE, persistedOpStateExpiryEpochSec: 0}37be314e-42cf-4ee9-a18e-baad7075c611{ip: 10.1.0.27, host: fv-az457-50.3faczmgjfduuxnksfsdf43hgfa.dx.internal.cloudapp.net, ports: [REPLICATION=37507, RATIS=32955, RATIS_ADMIN=32955, RATIS_SERVER=32955, RATIS_DATASTREAM=45453, STANDALONE=41409], networkLocation: /default-rack, certSerialId: null, persistedOpState: IN_SERVICE, persistedOpStateExpiryEpochSec: 0}, ReplicationConfig: RATIS/THREE, State:ALLOCATED, leaderId:, CreationTimestamp2023-01-09T20:09:39.987Z[Etc/UTC]].
2023-01-09 20:09:39,989 [RatisPipelineUtilsThread - 0] INFO  pipeline.PipelineManagerImpl (PipelineManagerImpl.java:recordMetricsForPipeline(826)) - Pipeline: PipelineID=ebca2a99-9b62-4d3d-9b82-75780aef7a1b contains same datanodes as previous pipelines: PipelineID=1b64fb31-9dbf-4f34-a195-4b191a258550 nodeIds: 22174ed7-3438-44c1-87a9-382e0277420a, 204ebb6c-eb9c-4605-8b0a-417067302917, 37be314e-42cf-4ee9-a18e-baad7075c611
2023-01-09 20:09:39,989 [RatisPipelineUtilsThread - 0] WARN  pipeline.PipelinePlacementPolicy (PipelinePlacementPolicy.java:filterViableNodes(158)) - Pipeline creation failed due to no sufficient healthy datanodes. Required 3. Found 0.
2023-01-09 20:09:39,995 [RatisPipelineUtilsThread - 0] WARN  pipeline.PipelinePlacementPolicy (PipelinePlacementPolicy.java:filterViableNodes(158)) - Pipeline creation failed due to no sufficient healthy datanodes. Required 3. Found 0.
2023-01-09 20:09:40,203 [Listener at 127.0.0.1/33951] INFO  ozone.MiniOzoneClusterImpl (MiniOzoneClusterImpl.java:lambda$waitForClusterToBeReady$0(218)) - Waiting for nodes to be ready. Got 3 of 10 DN Heartbeats.
2023-01-09 20:09:40,205 [Listener at 127.0.0.1/33951] INFO  ozone.MiniOzoneClusterImpl (MiniOzoneClusterImpl.java:lambda$waitForClusterToBeReady$0(221)) - Waiting for cluster to exit safe mode
2023-01-09 20:09:40,205 [Listener at 127.0.0.1/33951] INFO  ozone.MiniOzoneClusterImpl (MiniOzoneClusterImpl.java:lambda$waitForClusterToBeReady$0(223)) - SCM became leader
2023-01-09 20:09:40,281 [EndpointStateMachine task thread for /0.0.0.0:33549 - 0 ] INFO  utils.DatanodeStoreCache (DatanodeStoreCache.java:addDB(58)) - Added db /home/runner/work/ozone/ozone/hadoop-ozone/integration-test/target/test-dir/MiniOzoneClusterImpl-dc953f1b-8f43-4e25-a114-36b3b0290d25/datanode-7/data-0/containers/hdds/dc953f1b-8f43-4e25-a114-36b3b0290d25/DS-e9cd6d1d-fbb3-4290-b4bc-1fb9dbe6d8e3/container.db to cache
2023-01-09 20:09:40,281 [EndpointStateMachine task thread for /0.0.0.0:33549 - 0 ] INFO  volume.HddsVolume (HddsVolume.java:createDbStore(307)) - SchemaV3 db is created and loaded at /home/runner/work/ozone/ozone/hadoop-ozone/integration-test/target/test-dir/MiniOzoneClusterImpl-dc953f1b-8f43-4e25-a114-36b3b0290d25/datanode-7/data-0/containers/hdds/dc953f1b-8f43-4e25-a114-36b3b0290d25/DS-e9cd6d1d-fbb3-4290-b4bc-1fb9dbe6d8e3/container.db for volume DS-e9cd6d1d-fbb3-4290-b4bc-1fb9dbe6d8e3
2023-01-09 20:09:40,281 [EndpointStateMachine task thread for /0.0.0.0:33549 - 0 ] INFO  ozoneimpl.OzoneContainer (OzoneContainer.java:start(395)) - Attempting to start container services.
2023-01-09 20:09:40,281 [EndpointStateMachine task thread for /0.0.0.0:33549 - 0 ] INFO  ozoneimpl.OzoneContainer (OzoneContainer.java:startContainerScrub(312)) - Scheduled background container scanners and the on-demand container scanner have been disabled.
2023-01-09 20:09:40,283 [EndpointStateMachine task thread for /0.0.0.0:33549 - 0 ] INFO  replication.ReplicationServer (ReplicationServer.java:start(106)) - ReplicationServer is started using port 39831
2023-01-09 20:09:40,284 [EndpointStateMachine task thread for /0.0.0.0:33549 - 0 ] INFO  ratis.XceiverServerRatis (XceiverServerRatis.java:start(517)) - Starting XceiverServerRatis e77b5d09-e15c-47d2-9906-1148d6692daf
2023-01-09 20:09:40,285 [EndpointStateMachine task thread for /0.0.0.0:33549 - 0 ] INFO  server.RaftServer (RaftServerProxy.java:startImpl(393)) - e77b5d09-e15c-47d2-9906-1148d6692daf: start RPC server
2023-01-09 20:09:40,286 [EndpointStateMachine task thread for /0.0.0.0:33549 - 0 ] INFO  server.GrpcService (GrpcService.java:startImpl(262)) - e77b5d09-e15c-47d2-9906-1148d6692daf: GrpcService started, listening on 40203
2023-01-09 20:09:40,287 [EndpointStateMachine task thread for /0.0.0.0:33549 - 0 ] INFO  ratis.XceiverServerRatis (XceiverServerRatis.java:getRealPort(543)) - XceiverServerRatis e77b5d09-e15c-47d2-9906-1148d6692daf is started using port 40203 for RATIS
2023-01-09 20:09:40,287 [JvmPauseMonitor8] INFO  util.JvmPauseMonitor (JvmPauseMonitor.java:run(105)) - JvmPauseMonitor-e77b5d09-e15c-47d2-9906-1148d6692daf: Started
2023-01-09 20:09:40,287 [EndpointStateMachine task thread for /0.0.0.0:33549 - 0 ] INFO  ratis.XceiverServerRatis (XceiverServerRatis.java:getRealPort(543)) - XceiverServerRatis e77b5d09-e15c-47d2-9906-1148d6692daf is started using port 40203 for RATIS_ADMIN
2023-01-09 20:09:40,287 [EndpointStateMachine task thread for /0.0.0.0:33549 - 0 ] INFO  ratis.XceiverServerRatis (XceiverServerRatis.java:getRealPort(543)) - XceiverServerRatis e77b5d09-e15c-47d2-9906-1148d6692daf is started using port 40203 for RATIS_SERVER
2023-01-09 20:09:40,287 [EndpointStateMachine task thread for /0.0.0.0:33549 - 0 ] INFO  ratis.XceiverServerRatis (XceiverServerRatis.java:getRealPort(543)) - XceiverServerRatis e77b5d09-e15c-47d2-9906-1148d6692daf is started using port 33269 for RATIS_DATASTREAM
2023-01-09 20:09:40,288 [EndpointStateMachine task thread for /0.0.0.0:33549 - 0 ] INFO  server.XceiverServerGrpc (XceiverServerGrpc.java:start(180)) - XceiverServerGrpc e77b5d09-e15c-47d2-9906-1148d6692daf is started using port 38817
2023-01-09 20:09:40,407 [IPC Server handler 1 on default port 33549] INFO  net.NetworkTopologyImpl (NetworkTopologyImpl.java:add(112)) - Added a new node: /default-rack/93b0d557-27ed-4241-a042-86e84b32abbd
2023-01-09 20:09:40,408 [IPC Server handler 1 on default port 33549] INFO  node.SCMNodeManager (SCMNodeManager.java:register(397)) - Registered Data node : 93b0d557-27ed-4241-a042-86e84b32abbd{ip: 10.1.0.27, host: fv-az457-50.3faczmgjfduuxnksfsdf43hgfa.dx.internal.cloudapp.net, ports: [REPLICATION=40931, RATIS=38305, RATIS_ADMIN=38305, RATIS_SERVER=38305, RATIS_DATASTREAM=40935, STANDALONE=42833], networkLocation: /default-rack, certSerialId: null, persistedOpState: null, persistedOpStateExpiryEpochSec: 0}
2023-01-09 20:09:40,408 [EventQueue-NewNodeForNewNodeHandler] INFO  pipeline.BackgroundPipelineCreator (BackgroundPipelineCreator.java:notifyEventTriggered(276)) - trigger a one-shot run on RatisPipelineUtilsThread.
2023-01-09 20:09:40,409 [RatisPipelineUtilsThread - 0] INFO  pipeline.RatisPipelineProvider (RatisPipelineProvider.java:lambda$create$0(206)) - Sending CreatePipelineCommand for pipeline:PipelineID=5f380fc8-2ea4-462b-b2bc-b25567007414 to datanode:93b0d557-27ed-4241-a042-86e84b32abbd
2023-01-09 20:09:40,410 [RatisPipelineUtilsThread - 0] INFO  pipeline.PipelineStateManagerImpl (PipelineStateManagerImpl.java:addPipeline(103)) - Created pipeline Pipeline[ Id: 5f380fc8-2ea4-462b-b2bc-b25567007414, Nodes: 93b0d557-27ed-4241-a042-86e84b32abbd{ip: 10.1.0.27, host: fv-az457-50.3faczmgjfduuxnksfsdf43hgfa.dx.internal.cloudapp.net, ports: [REPLICATION=40931, RATIS=38305, RATIS_ADMIN=38305, RATIS_SERVER=38305, RATIS_DATASTREAM=40935, STANDALONE=42833], networkLocation: /default-rack, certSerialId: null, persistedOpState: IN_SERVICE, persistedOpStateExpiryEpochSec: 0}, ReplicationConfig: RATIS/ONE, State:ALLOCATED, leaderId:, CreationTimestamp2023-01-09T20:09:40.409Z[Etc/UTC]].
2023-01-09 20:09:40,410 [RatisPipelineUtilsThread - 0] WARN  pipeline.PipelinePlacementPolicy (PipelinePlacementPolicy.java:filterViableNodes(158)) - Pipeline creation failed due to no sufficient healthy datanodes. Required 3. Found 1.
2023-01-09 20:09:40,740 [EndpointStateMachine task thread for /0.0.0.0:33549 - 0 ] INFO  utils.DatanodeStoreCache (DatanodeStoreCache.java:addDB(58)) - Added db /home/runner/work/ozone/ozone/hadoop-ozone/integration-test/target/test-dir/MiniOzoneClusterImpl-dc953f1b-8f43-4e25-a114-36b3b0290d25/datanode-8/data-0/containers/hdds/dc953f1b-8f43-4e25-a114-36b3b0290d25/DS-a8b61d66-7340-4ca7-a086-ad042129fed7/container.db to cache
2023-01-09 20:09:40,742 [EndpointStateMachine task thread for /0.0.0.0:33549 - 0 ] INFO  volume.HddsVolume (HddsVolume.java:createDbStore(307)) - SchemaV3 db is created and loaded at /home/runner/work/ozone/ozone/hadoop-ozone/integration-test/target/test-dir/MiniOzoneClusterImpl-dc953f1b-8f43-4e25-a114-36b3b0290d25/datanode-8/data-0/containers/hdds/dc953f1b-8f43-4e25-a114-36b3b0290d25/DS-a8b61d66-7340-4ca7-a086-ad042129fed7/container.db for volume DS-a8b61d66-7340-4ca7-a086-ad042129fed7
2023-01-09 20:09:40,742 [EndpointStateMachine task thread for /0.0.0.0:33549 - 0 ] INFO  ozoneimpl.OzoneContainer (OzoneContainer.java:start(395)) - Attempting to start container services.
2023-01-09 20:09:40,742 [EndpointStateMachine task thread for /0.0.0.0:33549 - 0 ] INFO  ozoneimpl.OzoneContainer (OzoneContainer.java:startContainerScrub(312)) - Scheduled background container scanners and the on-demand container scanner have been disabled.
2023-01-09 20:09:40,747 [EndpointStateMachine task thread for /0.0.0.0:33549 - 0 ] INFO  replication.ReplicationServer (ReplicationServer.java:start(106)) - ReplicationServer is started using port 35093
2023-01-09 20:09:40,748 [EndpointStateMachine task thread for /0.0.0.0:33549 - 0 ] INFO  ratis.XceiverServerRatis (XceiverServerRatis.java:start(517)) - Starting XceiverServerRatis d09c218f-b416-45d6-bb77-0144cdedc1ff
2023-01-09 20:09:40,755 [EndpointStateMachine task thread for /0.0.0.0:33549 - 0 ] INFO  server.RaftServer (RaftServerProxy.java:startImpl(393)) - d09c218f-b416-45d6-bb77-0144cdedc1ff: start RPC server
2023-01-09 20:09:40,756 [EndpointStateMachine task thread for /0.0.0.0:33549 - 0 ] INFO  server.GrpcService (GrpcService.java:startImpl(262)) - d09c218f-b416-45d6-bb77-0144cdedc1ff: GrpcService started, listening on 37119
2023-01-09 20:09:40,758 [EndpointStateMachine task thread for /0.0.0.0:33549 - 0 ] INFO  ratis.XceiverServerRatis (XceiverServerRatis.java:getRealPort(543)) - XceiverServerRatis d09c218f-b416-45d6-bb77-0144cdedc1ff is started using port 37119 for RATIS
2023-01-09 20:09:40,758 [EndpointStateMachine task thread for /0.0.0.0:33549 - 0 ] INFO  ratis.XceiverServerRatis (XceiverServerRatis.java:getRealPort(543)) - XceiverServerRatis d09c218f-b416-45d6-bb77-0144cdedc1ff is started using port 37119 for RATIS_ADMIN
2023-01-09 20:09:40,759 [EndpointStateMachine task thread for /0.0.0.0:33549 - 0 ] INFO  ratis.XceiverServerRatis (XceiverServerRatis.java:getRealPort(543)) - XceiverServerRatis d09c218f-b416-45d6-bb77-0144cdedc1ff is started using port 37119 for RATIS_SERVER
2023-01-09 20:09:40,759 [EndpointStateMachine task thread for /0.0.0.0:33549 - 0 ] INFO  ratis.XceiverServerRatis (XceiverServerRatis.java:getRealPort(543)) - XceiverServerRatis d09c218f-b416-45d6-bb77-0144cdedc1ff is started using port 40365 for RATIS_DATASTREAM
2023-01-09 20:09:40,759 [JvmPauseMonitor9] INFO  util.JvmPauseMonitor (JvmPauseMonitor.java:run(105)) - JvmPauseMonitor-d09c218f-b416-45d6-bb77-0144cdedc1ff: Started
2023-01-09 20:09:40,763 [EndpointStateMachine task thread for /0.0.0.0:33549 - 0 ] INFO  server.XceiverServerGrpc (XceiverServerGrpc.java:start(180)) - XceiverServerGrpc d09c218f-b416-45d6-bb77-0144cdedc1ff is started using port 38283
2023-01-09 20:09:40,792 [IPC Server handler 17 on default port 33549] INFO  net.NetworkTopologyImpl (NetworkTopologyImpl.java:add(112)) - Added a new node: /default-rack/26559c5d-eeb2-413a-b661-4afee7d58202
2023-01-09 20:09:40,793 [IPC Server handler 17 on default port 33549] INFO  node.SCMNodeManager (SCMNodeManager.java:register(397)) - Registered Data node : 26559c5d-eeb2-413a-b661-4afee7d58202{ip: 10.1.0.27, host: fv-az457-50.3faczmgjfduuxnksfsdf43hgfa.dx.internal.cloudapp.net, ports: [REPLICATION=46287, RATIS=44647, RATIS_ADMIN=44647, RATIS_SERVER=44647, RATIS_DATASTREAM=46099, STANDALONE=35933], networkLocation: /default-rack, certSerialId: null, persistedOpState: null, persistedOpStateExpiryEpochSec: 0}
2023-01-09 20:09:40,793 [EventQueue-NewNodeForNewNodeHandler] INFO  pipeline.BackgroundPipelineCreator (BackgroundPipelineCreator.java:notifyEventTriggered(276)) - trigger a one-shot run on RatisPipelineUtilsThread.
2023-01-09 20:09:40,794 [RatisPipelineUtilsThread - 0] INFO  pipeline.RatisPipelineProvider (RatisPipelineProvider.java:lambda$create$0(206)) - Sending CreatePipelineCommand for pipeline:PipelineID=cf2e784e-7772-45ba-87c5-9c925ea0c3aa to datanode:26559c5d-eeb2-413a-b661-4afee7d58202
2023-01-09 20:09:40,795 [RatisPipelineUtilsThread - 0] INFO  pipeline.PipelineStateManagerImpl (PipelineStateManagerImpl.java:addPipeline(103)) - Created pipeline Pipeline[ Id: cf2e784e-7772-45ba-87c5-9c925ea0c3aa, Nodes: 26559c5d-eeb2-413a-b661-4afee7d58202{ip: 10.1.0.27, host: fv-az457-50.3faczmgjfduuxnksfsdf43hgfa.dx.internal.cloudapp.net, ports: [REPLICATION=46287, RATIS=44647, RATIS_ADMIN=44647, RATIS_SERVER=44647, RATIS_DATASTREAM=46099, STANDALONE=35933], networkLocation: /default-rack, certSerialId: null, persistedOpState: IN_SERVICE, persistedOpStateExpiryEpochSec: 0}, ReplicationConfig: RATIS/ONE, State:ALLOCATED, leaderId:, CreationTimestamp2023-01-09T20:09:40.794Z[Etc/UTC]].
2023-01-09 20:09:40,795 [RatisPipelineUtilsThread - 0] WARN  pipeline.PipelinePlacementPolicy (PipelinePlacementPolicy.java:filterViableNodes(158)) - Pipeline creation failed due to no sufficient healthy datanodes. Required 3. Found 2.
2023-01-09 20:09:41,205 [Listener at 127.0.0.1/33951] INFO  ozone.MiniOzoneClusterImpl (MiniOzoneClusterImpl.java:lambda$waitForClusterToBeReady$0(218)) - Waiting for nodes to be ready. Got 5 of 10 DN Heartbeats.
2023-01-09 20:09:41,207 [Listener at 127.0.0.1/33951] INFO  ozone.MiniOzoneClusterImpl (MiniOzoneClusterImpl.java:lambda$waitForClusterToBeReady$0(221)) - Waiting for cluster to exit safe mode
2023-01-09 20:09:41,207 [Listener at 127.0.0.1/33951] INFO  ozone.MiniOzoneClusterImpl (MiniOzoneClusterImpl.java:lambda$waitForClusterToBeReady$0(223)) - SCM became leader
2023-01-09 20:09:41,272 [EndpointStateMachine task thread for /0.0.0.0:33549 - 0 ] INFO  utils.DatanodeStoreCache (DatanodeStoreCache.java:addDB(58)) - Added db /home/runner/work/ozone/ozone/hadoop-ozone/integration-test/target/test-dir/MiniOzoneClusterImpl-dc953f1b-8f43-4e25-a114-36b3b0290d25/datanode-9/data-0/containers/hdds/dc953f1b-8f43-4e25-a114-36b3b0290d25/DS-c17fa27f-5b2d-40ce-add2-81999072b485/container.db to cache
2023-01-09 20:09:41,272 [EndpointStateMachine task thread for /0.0.0.0:33549 - 0 ] INFO  volume.HddsVolume (HddsVolume.java:createDbStore(307)) - SchemaV3 db is created and loaded at /home/runner/work/ozone/ozone/hadoop-ozone/integration-test/target/test-dir/MiniOzoneClusterImpl-dc953f1b-8f43-4e25-a114-36b3b0290d25/datanode-9/data-0/containers/hdds/dc953f1b-8f43-4e25-a114-36b3b0290d25/DS-c17fa27f-5b2d-40ce-add2-81999072b485/container.db for volume DS-c17fa27f-5b2d-40ce-add2-81999072b485
2023-01-09 20:09:41,273 [EndpointStateMachine task thread for /0.0.0.0:33549 - 0 ] INFO  ozoneimpl.OzoneContainer (OzoneContainer.java:start(395)) - Attempting to start container services.
2023-01-09 20:09:41,273 [EndpointStateMachine task thread for /0.0.0.0:33549 - 0 ] INFO  ozoneimpl.OzoneContainer (OzoneContainer.java:startContainerScrub(312)) - Scheduled background container scanners and the on-demand container scanner have been disabled.
2023-01-09 20:09:41,275 [EndpointStateMachine task thread for /0.0.0.0:33549 - 0 ] INFO  replication.ReplicationServer (ReplicationServer.java:start(106)) - ReplicationServer is started using port 45451
2023-01-09 20:09:41,278 [EndpointStateMachine task thread for /0.0.0.0:33549 - 0 ] INFO  ratis.XceiverServerRatis (XceiverServerRatis.java:start(517)) - Starting XceiverServerRatis 11dbea26-f97e-4766-b357-e6f8c74d2a9f
2023-01-09 20:09:41,284 [EndpointStateMachine task thread for /0.0.0.0:33549 - 0 ] INFO  server.RaftServer (RaftServerProxy.java:startImpl(393)) - 11dbea26-f97e-4766-b357-e6f8c74d2a9f: start RPC server
2023-01-09 20:09:41,284 [IPC Server handler 1 on default port 33549] INFO  net.NetworkTopologyImpl (NetworkTopologyImpl.java:add(112)) - Added a new node: /default-rack/cbda9cd1-c9bf-468c-9ce3-2b320cdae76d
2023-01-09 20:09:41,284 [IPC Server handler 1 on default port 33549] INFO  node.SCMNodeManager (SCMNodeManager.java:register(397)) - Registered Data node : cbda9cd1-c9bf-468c-9ce3-2b320cdae76d{ip: 10.1.0.27, host: fv-az457-50.3faczmgjfduuxnksfsdf43hgfa.dx.internal.cloudapp.net, ports: [REPLICATION=37745, RATIS=39195, RATIS_ADMIN=39195, RATIS_SERVER=39195, RATIS_DATASTREAM=44727, STANDALONE=39025], networkLocation: /default-rack, certSerialId: null, persistedOpState: null, persistedOpStateExpiryEpochSec: 0}
2023-01-09 20:09:41,287 [EndpointStateMachine task thread for /0.0.0.0:33549 - 0 ] INFO  server.GrpcService (GrpcService.java:startImpl(262)) - 11dbea26-f97e-4766-b357-e6f8c74d2a9f: GrpcService started, listening on 34435
2023-01-09 20:09:41,287 [EndpointStateMachine task thread for /0.0.0.0:33549 - 0 ] INFO  ratis.XceiverServerRatis (XceiverServerRatis.java:getRealPort(543)) - XceiverServerRatis 11dbea26-f97e-4766-b357-e6f8c74d2a9f is started using port 34435 for RATIS
2023-01-09 20:09:41,287 [EndpointStateMachine task thread for /0.0.0.0:33549 - 0 ] INFO  ratis.XceiverServerRatis (XceiverServerRatis.java:getRealPort(543)) - XceiverServerRatis 11dbea26-f97e-4766-b357-e6f8c74d2a9f is started using port 34435 for RATIS_ADMIN
2023-01-09 20:09:41,287 [EndpointStateMachine task thread for /0.0.0.0:33549 - 0 ] INFO  ratis.XceiverServerRatis (XceiverServerRatis.java:getRealPort(543)) - XceiverServerRatis 11dbea26-f97e-4766-b357-e6f8c74d2a9f is started using port 34435 for RATIS_SERVER
2023-01-09 20:09:41,287 [EndpointStateMachine task thread for /0.0.0.0:33549 - 0 ] INFO  ratis.XceiverServerRatis (XceiverServerRatis.java:getRealPort(543)) - XceiverServerRatis 11dbea26-f97e-4766-b357-e6f8c74d2a9f is started using port 45933 for RATIS_DATASTREAM
2023-01-09 20:09:41,288 [EventQueue-NewNodeForNewNodeHandler] INFO  pipeline.BackgroundPipelineCreator (BackgroundPipelineCreator.java:notifyEventTriggered(276)) - trigger a one-shot run on RatisPipelineUtilsThread.
2023-01-09 20:09:41,290 [RatisPipelineUtilsThread - 0] INFO  pipeline.RatisPipelineProvider (RatisPipelineProvider.java:lambda$create$0(206)) - Sending CreatePipelineCommand for pipeline:PipelineID=e558dfb5-e592-4700-a1a1-c642f25c70ef to datanode:cbda9cd1-c9bf-468c-9ce3-2b320cdae76d
2023-01-09 20:09:41,290 [RatisPipelineUtilsThread - 0] INFO  pipeline.PipelineStateManagerImpl (PipelineStateManagerImpl.java:addPipeline(103)) - Created pipeline Pipeline[ Id: e558dfb5-e592-4700-a1a1-c642f25c70ef, Nodes: cbda9cd1-c9bf-468c-9ce3-2b320cdae76d{ip: 10.1.0.27, host: fv-az457-50.3faczmgjfduuxnksfsdf43hgfa.dx.internal.cloudapp.net, ports: [REPLICATION=37745, RATIS=39195, RATIS_ADMIN=39195, RATIS_SERVER=39195, RATIS_DATASTREAM=44727, STANDALONE=39025], networkLocation: /default-rack, certSerialId: null, persistedOpState: IN_SERVICE, persistedOpStateExpiryEpochSec: 0}, ReplicationConfig: RATIS/ONE, State:ALLOCATED, leaderId:, CreationTimestamp2023-01-09T20:09:41.290Z[Etc/UTC]].
2023-01-09 20:09:41,291 [JvmPauseMonitor10] INFO  util.JvmPauseMonitor (JvmPauseMonitor.java:run(105)) - JvmPauseMonitor-11dbea26-f97e-4766-b357-e6f8c74d2a9f: Started
2023-01-09 20:09:41,291 [RatisPipelineUtilsThread - 0] INFO  pipeline.RatisPipelineProvider (RatisPipelineProvider.java:lambda$create$0(206)) - Sending CreatePipelineCommand for pipeline:PipelineID=072de9a2-1de7-4e13-a23f-598432169f60 to datanode:26559c5d-eeb2-413a-b661-4afee7d58202
2023-01-09 20:09:41,292 [RatisPipelineUtilsThread - 0] INFO  pipeline.RatisPipelineProvider (RatisPipelineProvider.java:lambda$create$0(206)) - Sending CreatePipelineCommand for pipeline:PipelineID=072de9a2-1de7-4e13-a23f-598432169f60 to datanode:93b0d557-27ed-4241-a042-86e84b32abbd
2023-01-09 20:09:41,292 [RatisPipelineUtilsThread - 0] INFO  pipeline.RatisPipelineProvider (RatisPipelineProvider.java:lambda$create$0(206)) - Sending CreatePipelineCommand for pipeline:PipelineID=072de9a2-1de7-4e13-a23f-598432169f60 to datanode:cbda9cd1-c9bf-468c-9ce3-2b320cdae76d
2023-01-09 20:09:41,293 [RatisPipelineUtilsThread - 0] INFO  pipeline.PipelineStateManagerImpl (PipelineStateManagerImpl.java:addPipeline(103)) - Created pipeline Pipeline[ Id: 072de9a2-1de7-4e13-a23f-598432169f60, Nodes: 26559c5d-eeb2-413a-b661-4afee7d58202{ip: 10.1.0.27, host: fv-az457-50.3faczmgjfduuxnksfsdf43hgfa.dx.internal.cloudapp.net, ports: [REPLICATION=46287, RATIS=44647, RATIS_ADMIN=44647, RATIS_SERVER=44647, RATIS_DATASTREAM=46099, STANDALONE=35933], networkLocation: /default-rack, certSerialId: null, persistedOpState: IN_SERVICE, persistedOpStateExpiryEpochSec: 0}93b0d557-27ed-4241-a042-86e84b32abbd{ip: 10.1.0.27, host: fv-az457-50.3faczmgjfduuxnksfsdf43hgfa.dx.internal.cloudapp.net, ports: [REPLICATION=40931, RATIS=38305, RATIS_ADMIN=38305, RATIS_SERVER=38305, RATIS_DATASTREAM=40935, STANDALONE=42833], networkLocation: /default-rack, certSerialId: null, persistedOpState: IN_SERVICE, persistedOpStateExpiryEpochSec: 0}cbda9cd1-c9bf-468c-9ce3-2b320cdae76d{ip: 10.1.0.27, host: fv-az457-50.3faczmgjfduuxnksfsdf43hgfa.dx.internal.cloudapp.net, ports: [REPLICATION=37745, RATIS=39195, RATIS_ADMIN=39195, RATIS_SERVER=39195, RATIS_DATASTREAM=44727, STANDALONE=39025], networkLocation: /default-rack, certSerialId: null, persistedOpState: IN_SERVICE, persistedOpStateExpiryEpochSec: 0}, ReplicationConfig: RATIS/THREE, State:ALLOCATED, leaderId:, CreationTimestamp2023-01-09T20:09:41.291Z[Etc/UTC]].
2023-01-09 20:09:41,294 [RatisPipelineUtilsThread - 0] INFO  pipeline.RatisPipelineProvider (RatisPipelineProvider.java:lambda$create$0(206)) - Sending CreatePipelineCommand for pipeline:PipelineID=50c05c9d-8cfa-4c46-bca2-d8c695aa2570 to datanode:26559c5d-eeb2-413a-b661-4afee7d58202
2023-01-09 20:09:41,294 [RatisPipelineUtilsThread - 0] INFO  pipeline.RatisPipelineProvider (RatisPipelineProvider.java:lambda$create$0(206)) - Sending CreatePipelineCommand for pipeline:PipelineID=50c05c9d-8cfa-4c46-bca2-d8c695aa2570 to datanode:cbda9cd1-c9bf-468c-9ce3-2b320cdae76d
2023-01-09 20:09:41,295 [RatisPipelineUtilsThread - 0] INFO  pipeline.RatisPipelineProvider (RatisPipelineProvider.java:lambda$create$0(206)) - Sending CreatePipelineCommand for pipeline:PipelineID=50c05c9d-8cfa-4c46-bca2-d8c695aa2570 to datanode:93b0d557-27ed-4241-a042-86e84b32abbd
2023-01-09 20:09:41,296 [EndpointStateMachine task thread for /0.0.0.0:33549 - 0 ] INFO  server.XceiverServerGrpc (XceiverServerGrpc.java:start(180)) - XceiverServerGrpc 11dbea26-f97e-4766-b357-e6f8c74d2a9f is started using port 33343
2023-01-09 20:09:41,304 [RatisPipelineUtilsThread - 0] INFO  pipeline.PipelineStateManagerImpl (PipelineStateManagerImpl.java:addPipeline(103)) - Created pipeline Pipeline[ Id: 50c05c9d-8cfa-4c46-bca2-d8c695aa2570, Nodes: 26559c5d-eeb2-413a-b661-4afee7d58202{ip: 10.1.0.27, host: fv-az457-50.3faczmgjfduuxnksfsdf43hgfa.dx.internal.cloudapp.net, ports: [REPLICATION=46287, RATIS=44647, RATIS_ADMIN=44647, RATIS_SERVER=44647, RATIS_DATASTREAM=46099, STANDALONE=35933], networkLocation: /default-rack, certSerialId: null, persistedOpState: IN_SERVICE, persistedOpStateExpiryEpochSec: 0}cbda9cd1-c9bf-468c-9ce3-2b320cdae76d{ip: 10.1.0.27, host: fv-az457-50.3faczmgjfduuxnksfsdf43hgfa.dx.internal.cloudapp.net, ports: [REPLICATION=37745, RATIS=39195, RATIS_ADMIN=39195, RATIS_SERVER=39195, RATIS_DATASTREAM=44727, STANDALONE=39025], networkLocation: /default-rack, certSerialId: null, persistedOpState: IN_SERVICE, persistedOpStateExpiryEpochSec: 0}93b0d557-27ed-4241-a042-86e84b32abbd{ip: 10.1.0.27, host: fv-az457-50.3faczmgjfduuxnksfsdf43hgfa.dx.internal.cloudapp.net, ports: [REPLICATION=40931, RATIS=38305, RATIS_ADMIN=38305, RATIS_SERVER=38305, RATIS_DATASTREAM=40935, STANDALONE=42833], networkLocation: /default-rack, certSerialId: null, persistedOpState: IN_SERVICE, persistedOpStateExpiryEpochSec: 0}, ReplicationConfig: RATIS/THREE, State:ALLOCATED, leaderId:, CreationTimestamp2023-01-09T20:09:41.294Z[Etc/UTC]].
2023-01-09 20:09:41,304 [RatisPipelineUtilsThread - 0] INFO  pipeline.PipelineManagerImpl (PipelineManagerImpl.java:recordMetricsForPipeline(826)) - Pipeline: PipelineID=50c05c9d-8cfa-4c46-bca2-d8c695aa2570 contains same datanodes as previous pipelines: PipelineID=072de9a2-1de7-4e13-a23f-598432169f60 nodeIds: 26559c5d-eeb2-413a-b661-4afee7d58202, cbda9cd1-c9bf-468c-9ce3-2b320cdae76d, 93b0d557-27ed-4241-a042-86e84b32abbd
2023-01-09 20:09:41,304 [RatisPipelineUtilsThread - 0] WARN  pipeline.PipelinePlacementPolicy (PipelinePlacementPolicy.java:filterViableNodes(158)) - Pipeline creation failed due to no sufficient healthy datanodes. Required 3. Found 0.
2023-01-09 20:09:41,708 [IPC Server handler 17 on default port 33549] INFO  net.NetworkTopologyImpl (NetworkTopologyImpl.java:add(112)) - Added a new node: /default-rack/51369307-b0de-40aa-9d6f-41f84e1cecb7
2023-01-09 20:09:41,709 [IPC Server handler 17 on default port 33549] INFO  node.SCMNodeManager (SCMNodeManager.java:register(397)) - Registered Data node : 51369307-b0de-40aa-9d6f-41f84e1cecb7{ip: 10.1.0.27, host: fv-az457-50.3faczmgjfduuxnksfsdf43hgfa.dx.internal.cloudapp.net, ports: [REPLICATION=42229, RATIS=44083, RATIS_ADMIN=44083, RATIS_SERVER=44083, RATIS_DATASTREAM=33005, STANDALONE=42355], networkLocation: /default-rack, certSerialId: null, persistedOpState: null, persistedOpStateExpiryEpochSec: 0}
2023-01-09 20:09:41,709 [EventQueue-NewNodeForNewNodeHandler] INFO  pipeline.BackgroundPipelineCreator (BackgroundPipelineCreator.java:notifyEventTriggered(276)) - trigger a one-shot run on RatisPipelineUtilsThread.
2023-01-09 20:09:41,710 [RatisPipelineUtilsThread - 0] INFO  pipeline.RatisPipelineProvider (RatisPipelineProvider.java:lambda$create$0(206)) - Sending CreatePipelineCommand for pipeline:PipelineID=b14064c3-4cfc-472d-9ab7-3a95a1098bc4 to datanode:51369307-b0de-40aa-9d6f-41f84e1cecb7
2023-01-09 20:09:41,711 [RatisPipelineUtilsThread - 0] INFO  pipeline.PipelineStateManagerImpl (PipelineStateManagerImpl.java:addPipeline(103)) - Created pipeline Pipeline[ Id: b14064c3-4cfc-472d-9ab7-3a95a1098bc4, Nodes: 51369307-b0de-40aa-9d6f-41f84e1cecb7{ip: 10.1.0.27, host: fv-az457-50.3faczmgjfduuxnksfsdf43hgfa.dx.internal.cloudapp.net, ports: [REPLICATION=42229, RATIS=44083, RATIS_ADMIN=44083, RATIS_SERVER=44083, RATIS_DATASTREAM=33005, STANDALONE=42355], networkLocation: /default-rack, certSerialId: null, persistedOpState: IN_SERVICE, persistedOpStateExpiryEpochSec: 0}, ReplicationConfig: RATIS/ONE, State:ALLOCATED, leaderId:, CreationTimestamp2023-01-09T20:09:41.710Z[Etc/UTC]].
2023-01-09 20:09:41,712 [RatisPipelineUtilsThread - 0] WARN  pipeline.PipelinePlacementPolicy (PipelinePlacementPolicy.java:filterViableNodes(158)) - Pipeline creation failed due to no sufficient healthy datanodes. Required 3. Found 1.
2023-01-09 20:09:41,860 [Command processor thread] INFO  server.RaftServer (RaftServerProxy.java:addNew(96)) - 204ebb6c-eb9c-4605-8b0a-417067302917: addNew group-26D1C231F733:[204ebb6c-eb9c-4605-8b0a-417067302917|rpc:10.1.0.27:38461|dataStream:10.1.0.27:40035|priority:1|startupRole:FOLLOWER] returns group-26D1C231F733:java.util.concurrent.CompletableFuture@24827603[Not completed]
2023-01-09 20:09:41,881 [pool-71-thread-1] INFO  server.RaftServer$Division (RaftServerImpl.java:<init>(195)) - 204ebb6c-eb9c-4605-8b0a-417067302917: new RaftServerImpl for group-26D1C231F733:[204ebb6c-eb9c-4605-8b0a-417067302917|rpc:10.1.0.27:38461|dataStream:10.1.0.27:40035|priority:1|startupRole:FOLLOWER] with ContainerStateMachine:uninitialized
2023-01-09 20:09:41,882 [pool-71-thread-1] INFO  server.RaftServerConfigKeys (ConfUtils.java:logGet(46)) - raft.server.rpc.timeout.min = 5s (custom)
2023-01-09 20:09:41,882 [pool-71-thread-1] INFO  server.RaftServerConfigKeys (ConfUtils.java:logGet(46)) - raft.server.rpc.timeout.max = 5200ms (custom)
2023-01-09 20:09:41,882 [pool-71-thread-1] INFO  server.RaftServerConfigKeys (ConfUtils.java:logGet(46)) - raft.server.rpc.sleep.time = 25ms (default)
2023-01-09 20:09:41,882 [pool-71-thread-1] INFO  server.RaftServerConfigKeys (ConfUtils.java:logGet(46)) - raft.server.rpc.slowness.timeout = 300s (custom)
2023-01-09 20:09:41,882 [pool-71-thread-1] INFO  server.RaftServerConfigKeys (ConfUtils.java:logGet(46)) - raft.server.leaderelection.leader.step-down.wait-time = 10s (default)
2023-01-09 20:09:41,882 [pool-71-thread-1] INFO  server.RaftServerConfigKeys (ConfUtils.java:logGet(46)) - raft.server.sleep.deviation.threshold = 300ms (default)
2023-01-09 20:09:41,882 [pool-71-thread-1] INFO  server.RaftServer$Division (ServerState.java:<init>(118)) - 204ebb6c-eb9c-4605-8b0a-417067302917@group-26D1C231F733: ConfigurationManager, init=-1: peers:[204ebb6c-eb9c-4605-8b0a-417067302917|rpc:10.1.0.27:38461|dataStream:10.1.0.27:40035|priority:1|startupRole:FOLLOWER]|listeners:[], old=null, confs=<EMPTY_MAP>
2023-01-09 20:09:41,882 [pool-71-thread-1] INFO  server.RaftServerConfigKeys (ConfUtils.java:logGet(46)) - raft.server.storage.dir = [/home/runner/work/ozone/ozone/hadoop-ozone/integration-test/target/test-dir/MiniOzoneClusterImpl-dc953f1b-8f43-4e25-a114-36b3b0290d25/datanode-0/data/ratis] (custom)
2023-01-09 20:09:41,882 [pool-71-thread-1] INFO  server.RaftServerConfigKeys (ConfUtils.java:logGet(46)) - raft.server.log.corruption.policy = EXCEPTION (default)
2023-01-09 20:09:41,883 [pool-71-thread-1] INFO  server.RaftServerConfigKeys (ConfUtils.java:logGet(46)) - raft.server.storage.free-space.min = 0MB (=0) (default)
2023-01-09 20:09:41,883 [pool-71-thread-1] INFO  server.RaftServerConfigKeys (ConfUtils.java:logGet(46)) - raft.server.notification.no-leader.timeout = 300s (custom)
2023-01-09 20:09:41,883 [pool-71-thread-1] INFO  server.RaftServerConfigKeys (ConfUtils.java:logGet(46)) - raft.server.retrycache.expirytime = 600000ms (custom)
2023-01-09 20:09:41,883 [pool-71-thread-1] INFO  server.RaftServerConfigKeys (ConfUtils.java:logGet(46)) - raft.server.retrycache.statistics.expirytime = 100μs (default)
2023-01-09 20:09:41,896 [pool-71-thread-1] INFO  server.RaftServerConfigKeys (ConfUtils.java:logGet(46)) - raft.server.log.appender.install.snapshot.enabled = false (custom)
2023-01-09 20:09:41,896 [pool-71-thread-1] INFO  server.RaftServerConfigKeys (ConfUtils.java:logGet(46)) - raft.server.threadpool.server.cached = true (default)
2023-01-09 20:09:41,896 [pool-71-thread-1] INFO  server.RaftServerConfigKeys (ConfUtils.java:logGet(46)) - raft.server.threadpool.server.size = 0 (default)
2023-01-09 20:09:41,896 [pool-71-thread-1] INFO  server.RaftServerConfigKeys (ConfUtils.java:logGet(46)) - raft.server.threadpool.client.cached = true (default)
2023-01-09 20:09:41,896 [pool-71-thread-1] INFO  server.RaftServerConfigKeys (ConfUtils.java:logGet(46)) - raft.server.threadpool.client.size = 0 (default)
2023-01-09 20:09:41,896 [pool-71-thread-1] INFO  storage.RaftStorageDirectory (RaftStorageDirectoryImpl.java:analyzeStorage(137)) - The storage directory /home/runner/work/ozone/ozone/hadoop-ozone/integration-test/target/test-dir/MiniOzoneClusterImpl-dc953f1b-8f43-4e25-a114-36b3b0290d25/datanode-0/data/ratis/7ef7df1d-2e75-4a13-a558-26d1c231f733 does not exist. Creating ...
2023-01-09 20:09:41,901 [pool-71-thread-1] INFO  storage.RaftStorageDirectory (RaftStorageDirectoryImpl.java:tryLock(231)) - Lock on /home/runner/work/ozone/ozone/hadoop-ozone/integration-test/target/test-dir/MiniOzoneClusterImpl-dc953f1b-8f43-4e25-a114-36b3b0290d25/datanode-0/data/ratis/7ef7df1d-2e75-4a13-a558-26d1c231f733/in_use.lock acquired by nodename 50886@fv-az457-50
2023-01-09 20:09:41,903 [pool-71-thread-1] INFO  storage.RaftStorage (RaftStorageImpl.java:format(96)) - Storage directory /home/runner/work/ozone/ozone/hadoop-ozone/integration-test/target/test-dir/MiniOzoneClusterImpl-dc953f1b-8f43-4e25-a114-36b3b0290d25/datanode-0/data/ratis/7ef7df1d-2e75-4a13-a558-26d1c231f733 has been successfully formatted.
2023-01-09 20:09:41,909 [pool-71-thread-1] INFO  ratis.ContainerStateMachine (ContainerStateMachine.java:loadSnapshot(240)) - group-26D1C231F733: The snapshot info is null. Setting the last applied indexto:(t:0, i:~)
2023-01-09 20:09:41,909 [pool-71-thread-1] INFO  server.RaftServerConfigKeys (ConfUtils.java:logGet(46)) - raft.server.log.use.memory = false (default)
2023-01-09 20:09:41,909 [pool-71-thread-1] INFO  server.RaftServerConfigKeys (ConfUtils.java:logGet(46)) - raft.server.log.purge.gap = 1000000 (custom)
2023-01-09 20:09:41,909 [pool-71-thread-1] INFO  server.RaftServerConfigKeys (ConfUtils.java:logGet(46)) - raft.server.log.appender.buffer.byte-limit = 33554432 (custom)
2023-01-09 20:09:41,909 [pool-71-thread-1] INFO  server.RaftServerConfigKeys (ConfUtils.java:logGet(46)) - raft.server.log.statemachine.data.read.timeout = 1000ms (default)
2023-01-09 20:09:41,910 [pool-71-thread-1] INFO  server.RaftServerConfigKeys (ConfUtils.java:logGet(46)) - raft.server.log.purge.preservation.log.num = 0 (default)
2023-01-09 20:09:41,910 [EventQueue-PipelineReportForPipelineReportHandler] INFO  pipeline.PipelineManagerImpl (PipelineManagerImpl.java:openPipeline(367)) - Pipeline Pipeline[ Id: 7ef7df1d-2e75-4a13-a558-26d1c231f733, Nodes: 204ebb6c-eb9c-4605-8b0a-417067302917{ip: 10.1.0.27, host: fv-az457-50.3faczmgjfduuxnksfsdf43hgfa.dx.internal.cloudapp.net, ports: [REPLICATION=34507, RATIS=38461, RATIS_ADMIN=38461, RATIS_SERVER=38461, RATIS_DATASTREAM=40035, STANDALONE=33253], networkLocation: /default-rack, certSerialId: null, persistedOpState: IN_SERVICE, persistedOpStateExpiryEpochSec: 0}, ReplicationConfig: RATIS/ONE, State:ALLOCATED, leaderId:204ebb6c-eb9c-4605-8b0a-417067302917, CreationTimestamp2023-01-09T20:09:39.005Z[Etc/UTC]] moved to OPEN state
2023-01-09 20:09:41,910 [pool-71-thread-1] INFO  server.RaftServerConfigKeys (ConfUtils.java:logGet(46)) - raft.server.log.segment.size.max = 1048576 (custom)
2023-01-09 20:09:41,911 [pool-71-thread-1] INFO  server.RaftServerConfigKeys (ConfUtils.java:logGet(46)) - raft.server.log.segment.cache.num.max = 2 (custom)
2023-01-09 20:09:41,914 [pool-71-thread-1] INFO  server.RaftServerConfigKeys (ConfUtils.java:logGet(46)) - raft.server.log.segment.cache.size.max = 200MB (=209715200) (default)
2023-01-09 20:09:41,914 [pool-71-thread-1] INFO  segmented.SegmentedRaftLogWorker (SegmentedRaftLogWorker.java:<init>(189)) - new 204ebb6c-eb9c-4605-8b0a-417067302917@group-26D1C231F733-SegmentedRaftLogWorker for RaftStorageImpl:Storage Directory /home/runner/work/ozone/ozone/hadoop-ozone/integration-test/target/test-dir/MiniOzoneClusterImpl-dc953f1b-8f43-4e25-a114-36b3b0290d25/datanode-0/data/ratis/7ef7df1d-2e75-4a13-a558-26d1c231f733
2023-01-09 20:09:41,914 [pool-71-thread-1] INFO  server.RaftServerConfigKeys (ConfUtils.java:logGet(46)) - raft.server.log.queue.byte-limit = 4294967296 (custom)
2023-01-09 20:09:41,914 [pool-71-thread-1] INFO  server.RaftServerConfigKeys (ConfUtils.java:logGet(46)) - raft.server.log.queue.element-limit = 1024 (custom)
2023-01-09 20:09:41,914 [pool-71-thread-1] INFO  server.RaftServerConfigKeys (ConfUtils.java:logGet(46)) - raft.server.log.segment.size.max = 1048576 (custom)
2023-01-09 20:09:41,914 [pool-71-thread-1] INFO  server.RaftServerConfigKeys (ConfUtils.java:logGet(46)) - raft.server.log.preallocated.size = 16384 (custom)
2023-01-09 20:09:41,915 [pool-71-thread-1] INFO  server.RaftServerConfigKeys (ConfUtils.java:logGet(46)) - raft.server.log.force.sync.num = 128 (default)
2023-01-09 20:09:41,915 [pool-71-thread-1] INFO  server.RaftServerConfigKeys (ConfUtils.java:logGet(46)) - raft.server.log.statemachine.data.sync = true (default)
2023-01-09 20:09:41,915 [pool-71-thread-1] INFO  server.RaftServerConfigKeys (ConfUtils.java:logGet(46)) - raft.server.log.statemachine.data.sync.timeout = 10s (default)
2023-01-09 20:09:41,915 [pool-71-thread-1] INFO  server.RaftServerConfigKeys (ConfUtils.java:logGet(46)) - raft.server.log.statemachine.data.sync.timeout.retry = -1 (default)
2023-01-09 20:09:41,915 [EventQueue-OpenPipelineForHealthyPipelineSafeModeRule] INFO  safemode.SCMSafeModeManager (HealthyPipelineSafeModeRule.java:process(137)) - SCM in safe mode. Healthy pipelines reported count is 0, required healthy pipeline reported count is 1
2023-01-09 20:09:41,919 [pool-71-thread-1] INFO  server.RaftServerConfigKeys (ConfUtils.java:logGet(46)) - raft.server.log.write.buffer.size = 1048576 (custom)
2023-01-09 20:09:41,920 [pool-71-thread-1] INFO  server.RaftServerConfigKeys (ConfUtils.java:logGet(46)) - raft.server.log.appender.buffer.byte-limit = 33554432 (custom)
2023-01-09 20:09:41,925 [pool-71-thread-1] INFO  server.RaftServerConfigKeys (ConfUtils.java:logGet(46)) - raft.server.log.unsafe-flush.enabled = false (default)
2023-01-09 20:09:41,925 [pool-71-thread-1] INFO  server.RaftServerConfigKeys (ConfUtils.java:logGet(46)) - raft.server.log.async-flush.enabled = false (default)
2023-01-09 20:09:41,925 [pool-71-thread-1] INFO  server.RaftServerConfigKeys (ConfUtils.java:logGet(46)) - raft.server.log.statemachine.data.caching.enabled = true (custom)
2023-01-09 20:09:41,925 [pool-71-thread-1] INFO  segmented.SegmentedRaftLogWorker (SegmentedRaftLogWorker.java:lambda$new$0(135)) - 204ebb6c-eb9c-4605-8b0a-417067302917@group-26D1C231F733-SegmentedRaftLogWorker: flushIndex: setUnconditionally 0 -> -1
2023-01-09 20:09:41,926 [pool-71-thread-1] INFO  segmented.SegmentedRaftLogWorker (SegmentedRaftLogWorker.java:lambda$new$0(135)) - 204ebb6c-eb9c-4605-8b0a-417067302917@group-26D1C231F733-SegmentedRaftLogWorker: safeCacheEvictIndex: setUnconditionally 0 -> -1
2023-01-09 20:09:41,926 [pool-71-thread-1] INFO  server.RaftServer$Division (RaftServerImpl.java:start(334)) - 204ebb6c-eb9c-4605-8b0a-417067302917@group-26D1C231F733: start as a follower, conf=-1: peers:[204ebb6c-eb9c-4605-8b0a-417067302917|rpc:10.1.0.27:38461|dataStream:10.1.0.27:40035|priority:1|startupRole:FOLLOWER]|listeners:[], old=null
2023-01-09 20:09:41,926 [pool-71-thread-1] INFO  server.RaftServer$Division (RaftServerImpl.java:setRole(321)) - 204ebb6c-eb9c-4605-8b0a-417067302917@group-26D1C231F733: changes role from      null to FOLLOWER at term 0 for startAsFollower
2023-01-09 20:09:41,926 [pool-71-thread-1] INFO  impl.RoleInfo (RoleInfo.java:updateAndGet(139)) - 204ebb6c-eb9c-4605-8b0a-417067302917: start 204ebb6c-eb9c-4605-8b0a-417067302917@group-26D1C231F733-FollowerState
2023-01-09 20:09:41,927 [pool-71-thread-1] INFO  util.JmxRegister (JmxRegister.java:tryRegister(44)) - Successfully registered JMX Bean with object name Ratis:service=RaftServer,group=group-26D1C231F733,id=204ebb6c-eb9c-4605-8b0a-417067302917
2023-01-09 20:09:41,927 [pool-71-thread-1] INFO  server.RaftServerConfigKeys (ConfUtils.java:logGet(46)) - raft.server.snapshot.auto.trigger.enabled = true (custom)
2023-01-09 20:09:41,927 [pool-71-thread-1] INFO  server.RaftServerConfigKeys (ConfUtils.java:logGet(46)) - raft.server.snapshot.auto.trigger.threshold = 10000 (custom)
2023-01-09 20:09:41,927 [pool-71-thread-1] INFO  server.RaftServerConfigKeys (ConfUtils.java:logGet(46)) - raft.server.snapshot.retention.file.num = 5 (custom)
2023-01-09 20:09:41,927 [pool-71-thread-1] INFO  server.RaftServerConfigKeys (ConfUtils.java:logGet(46)) - raft.server.log.purge.upto.snapshot.index = false (default)
2023-01-09 20:09:41,937 [Command processor thread] INFO  ratis.XceiverServerRatis (XceiverServerRatis.java:addGroup(806)) - Created group PipelineID=7ef7df1d-2e75-4a13-a558-26d1c231f733
2023-01-09 20:09:41,938 [Command processor thread] INFO  commandhandler.CreatePipelineCommandHandler (CreatePipelineCommandHandler.java:handle(113)) - Created Pipeline RATIS ONE PipelineID=7ef7df1d-2e75-4a13-a558-26d1c231f733.
2023-01-09 20:09:41,939 [Command processor thread] INFO  server.RaftServer (RaftServerProxy.java:addNew(96)) - 204ebb6c-eb9c-4605-8b0a-417067302917: addNew group-4B191A258550:[22174ed7-3438-44c1-87a9-382e0277420a|rpc:10.1.0.27:36955|dataStream:10.1.0.27:45849|priority:0|startupRole:FOLLOWER, 204ebb6c-eb9c-4605-8b0a-417067302917|rpc:10.1.0.27:38461|dataStream:10.1.0.27:40035|priority:0|startupRole:FOLLOWER, 37be314e-42cf-4ee9-a18e-baad7075c611|rpc:10.1.0.27:32955|dataStream:10.1.0.27:45453|priority:1|startupRole:FOLLOWER] returns group-4B191A258550:java.util.concurrent.CompletableFuture@7854651b[Not completed]
2023-01-09 20:09:41,939 [204ebb6c-eb9c-4605-8b0a-417067302917@group-26D1C231F733-FollowerState] INFO  server.RaftServerConfigKeys (ConfUtils.java:logFallback(53)) - raft.server.rpc.first-election.timeout.min = 5s (fallback to raft.server.rpc.timeout.min)
2023-01-09 20:09:41,939 [204ebb6c-eb9c-4605-8b0a-417067302917@group-26D1C231F733-FollowerState] INFO  server.RaftServerConfigKeys (ConfUtils.java:logFallback(53)) - raft.server.rpc.first-election.timeout.max = 5200ms (fallback to raft.server.rpc.timeout.max)
2023-01-09 20:09:41,940 [pool-71-thread-1] INFO  server.RaftServer$Division (RaftServerImpl.java:<init>(195)) - 204ebb6c-eb9c-4605-8b0a-417067302917: new RaftServerImpl for group-4B191A258550:[22174ed7-3438-44c1-87a9-382e0277420a|rpc:10.1.0.27:36955|dataStream:10.1.0.27:45849|priority:0|startupRole:FOLLOWER, 204ebb6c-eb9c-4605-8b0a-417067302917|rpc:10.1.0.27:38461|dataStream:10.1.0.27:40035|priority:0|startupRole:FOLLOWER, 37be314e-42cf-4ee9-a18e-baad7075c611|rpc:10.1.0.27:32955|dataStream:10.1.0.27:45453|priority:1|startupRole:FOLLOWER] with ContainerStateMachine:uninitialized
2023-01-09 20:09:41,941 [pool-71-thread-1] INFO  server.RaftServerConfigKeys (ConfUtils.java:logGet(46)) - raft.server.rpc.timeout.min = 5s (custom)
2023-01-09 20:09:41,941 [pool-71-thread-1] INFO  server.RaftServerConfigKeys (ConfUtils.java:logGet(46)) - raft.server.rpc.timeout.max = 5200ms (custom)
2023-01-09 20:09:41,942 [pool-71-thread-1] INFO  server.RaftServerConfigKeys (ConfUtils.java:logGet(46)) - raft.server.rpc.sleep.time = 25ms (default)
2023-01-09 20:09:41,942 [pool-71-thread-1] INFO  server.RaftServerConfigKeys (ConfUtils.java:logGet(46)) - raft.server.rpc.slowness.timeout = 300s (custom)
2023-01-09 20:09:41,942 [pool-71-thread-1] INFO  server.RaftServerConfigKeys (ConfUtils.java:logGet(46)) - raft.server.leaderelection.leader.step-down.wait-time = 10s (default)
2023-01-09 20:09:41,942 [pool-71-thread-1] INFO  server.RaftServerConfigKeys (ConfUtils.java:logGet(46)) - raft.server.sleep.deviation.threshold = 300ms (default)
2023-01-09 20:09:41,942 [pool-71-thread-1] INFO  server.RaftServer$Division (ServerState.java:<init>(118)) - 204ebb6c-eb9c-4605-8b0a-417067302917@group-4B191A258550: ConfigurationManager, init=-1: peers:[22174ed7-3438-44c1-87a9-382e0277420a|rpc:10.1.0.27:36955|dataStream:10.1.0.27:45849|priority:0|startupRole:FOLLOWER, 204ebb6c-eb9c-4605-8b0a-417067302917|rpc:10.1.0.27:38461|dataStream:10.1.0.27:40035|priority:0|startupRole:FOLLOWER, 37be314e-42cf-4ee9-a18e-baad7075c611|rpc:10.1.0.27:32955|dataStream:10.1.0.27:45453|priority:1|startupRole:FOLLOWER]|listeners:[], old=null, confs=<EMPTY_MAP>
2023-01-09 20:09:41,942 [pool-71-thread-1] INFO  server.RaftServerConfigKeys (ConfUtils.java:logGet(46)) - raft.server.storage.dir = [/home/runner/work/ozone/ozone/hadoop-ozone/integration-test/target/test-dir/MiniOzoneClusterImpl-dc953f1b-8f43-4e25-a114-36b3b0290d25/datanode-0/data/ratis] (custom)
2023-01-09 20:09:41,943 [pool-71-thread-1] INFO  server.RaftServerConfigKeys (ConfUtils.java:logGet(46)) - raft.server.log.corruption.policy = EXCEPTION (default)
2023-01-09 20:09:41,943 [pool-71-thread-1] INFO  server.RaftServerConfigKeys (ConfUtils.java:logGet(46)) - raft.server.storage.free-space.min = 0MB (=0) (default)
2023-01-09 20:09:41,943 [pool-71-thread-1] INFO  server.RaftServerConfigKeys (ConfUtils.java:logGet(46)) - raft.server.notification.no-leader.timeout = 300s (custom)
2023-01-09 20:09:41,943 [pool-71-thread-1] INFO  server.RaftServerConfigKeys (ConfUtils.java:logGet(46)) - raft.server.retrycache.expirytime = 600000ms (custom)
2023-01-09 20:09:41,943 [pool-71-thread-1] INFO  server.RaftServerConfigKeys (ConfUtils.java:logGet(46)) - raft.server.retrycache.statistics.expirytime = 100μs (default)
2023-01-09 20:09:41,947 [pool-71-thread-1] INFO  server.RaftServerConfigKeys (ConfUtils.java:logGet(46)) - raft.server.log.appender.install.snapshot.enabled = false (custom)
2023-01-09 20:09:41,947 [pool-71-thread-1] INFO  server.RaftServerConfigKeys (ConfUtils.java:logGet(46)) - raft.server.threadpool.server.cached = true (default)
2023-01-09 20:09:41,947 [pool-71-thread-1] INFO  server.RaftServerConfigKeys (ConfUtils.java:logGet(46)) - raft.server.threadpool.server.size = 0 (default)
2023-01-09 20:09:41,947 [pool-71-thread-1] INFO  server.RaftServerConfigKeys (ConfUtils.java:logGet(46)) - raft.server.threadpool.client.cached = true (default)
2023-01-09 20:09:41,947 [pool-71-thread-1] INFO  server.RaftServerConfigKeys (ConfUtils.java:logGet(46)) - raft.server.threadpool.client.size = 0 (default)
2023-01-09 20:09:41,947 [pool-71-thread-1] INFO  storage.RaftStorageDirectory (RaftStorageDirectoryImpl.java:analyzeStorage(137)) - The storage directory /home/runner/work/ozone/ozone/hadoop-ozone/integration-test/target/test-dir/MiniOzoneClusterImpl-dc953f1b-8f43-4e25-a114-36b3b0290d25/datanode-0/data/ratis/1b64fb31-9dbf-4f34-a195-4b191a258550 does not exist. Creating ...
2023-01-09 20:09:41,949 [pool-71-thread-1] INFO  storage.RaftStorageDirectory (RaftStorageDirectoryImpl.java:tryLock(231)) - Lock on /home/runner/work/ozone/ozone/hadoop-ozone/integration-test/target/test-dir/MiniOzoneClusterImpl-dc953f1b-8f43-4e25-a114-36b3b0290d25/datanode-0/data/ratis/1b64fb31-9dbf-4f34-a195-4b191a258550/in_use.lock acquired by nodename 50886@fv-az457-50
2023-01-09 20:09:41,951 [pool-71-thread-1] INFO  storage.RaftStorage (RaftStorageImpl.java:format(96)) - Storage directory /home/runner/work/ozone/ozone/hadoop-ozone/integration-test/target/test-dir/MiniOzoneClusterImpl-dc953f1b-8f43-4e25-a114-36b3b0290d25/datanode-0/data/ratis/1b64fb31-9dbf-4f34-a195-4b191a258550 has been successfully formatted.
2023-01-09 20:09:41,955 [EventQueue-OpenPipelineForHealthyPipelineSafeModeRule] INFO  safemode.SCMSafeModeManager (HealthyPipelineSafeModeRule.java:process(137)) - SCM in safe mode. Healthy pipelines reported count is 0, required healthy pipeline reported count is 1
2023-01-09 20:09:41,956 [pool-71-thread-1] INFO  ratis.ContainerStateMachine (ContainerStateMachine.java:loadSnapshot(240)) - group-4B191A258550: The snapshot info is null. Setting the last applied indexto:(t:0, i:~)
2023-01-09 20:09:41,956 [pool-71-thread-1] INFO  server.RaftServerConfigKeys (ConfUtils.java:logGet(46)) - raft.server.log.use.memory = false (default)
2023-01-09 20:09:41,956 [pool-71-thread-1] INFO  server.RaftServerConfigKeys (ConfUtils.java:logGet(46)) - raft.server.log.purge.gap = 1000000 (custom)
2023-01-09 20:09:41,956 [pool-71-thread-1] INFO  server.RaftServerConfigKeys (ConfUtils.java:logGet(46)) - raft.server.log.appender.buffer.byte-limit = 33554432 (custom)
2023-01-09 20:09:41,957 [pool-71-thread-1] INFO  server.RaftServerConfigKeys (ConfUtils.java:logGet(46)) - raft.server.log.statemachine.data.read.timeout = 1000ms (default)
2023-01-09 20:09:41,957 [pool-71-thread-1] INFO  server.RaftServerConfigKeys (ConfUtils.java:logGet(46)) - raft.server.log.purge.preservation.log.num = 0 (default)
2023-01-09 20:09:41,957 [pool-71-thread-1] INFO  server.RaftServerConfigKeys (ConfUtils.java:logGet(46)) - raft.server.log.segment.size.max = 1048576 (custom)
2023-01-09 20:09:41,959 [pool-71-thread-1] INFO  server.RaftServerConfigKeys (ConfUtils.java:logGet(46)) - raft.server.log.segment.cache.num.max = 2 (custom)
2023-01-09 20:09:41,959 [pool-71-thread-1] INFO  server.RaftServerConfigKeys (ConfUtils.java:logGet(46)) - raft.server.log.segment.cache.size.max = 200MB (=209715200) (default)
2023-01-09 20:09:41,959 [pool-71-thread-1] INFO  segmented.SegmentedRaftLogWorker (SegmentedRaftLogWorker.java:<init>(189)) - new 204ebb6c-eb9c-4605-8b0a-417067302917@group-4B191A258550-SegmentedRaftLogWorker for RaftStorageImpl:Storage Directory /home/runner/work/ozone/ozone/hadoop-ozone/integration-test/target/test-dir/MiniOzoneClusterImpl-dc953f1b-8f43-4e25-a114-36b3b0290d25/datanode-0/data/ratis/1b64fb31-9dbf-4f34-a195-4b191a258550
2023-01-09 20:09:41,959 [pool-71-thread-1] INFO  server.RaftServerConfigKeys (ConfUtils.java:logGet(46)) - raft.server.log.queue.byte-limit = 4294967296 (custom)
2023-01-09 20:09:41,961 [pool-71-thread-1] INFO  server.RaftServerConfigKeys (ConfUtils.java:logGet(46)) - raft.server.log.queue.element-limit = 1024 (custom)
2023-01-09 20:09:41,961 [pool-71-thread-1] INFO  server.RaftServerConfigKeys (ConfUtils.java:logGet(46)) - raft.server.log.segment.size.max = 1048576 (custom)
2023-01-09 20:09:41,961 [pool-71-thread-1] INFO  server.RaftServerConfigKeys (ConfUtils.java:logGet(46)) - raft.server.log.preallocated.size = 16384 (custom)
2023-01-09 20:09:41,961 [pool-71-thread-1] INFO  server.RaftServerConfigKeys (ConfUtils.java:logGet(46)) - raft.server.log.force.sync.num = 128 (default)
2023-01-09 20:09:41,961 [pool-71-thread-1] INFO  server.RaftServerConfigKeys (ConfUtils.java:logGet(46)) - raft.server.log.statemachine.data.sync = true (default)
2023-01-09 20:09:41,962 [pool-71-thread-1] INFO  server.RaftServerConfigKeys (ConfUtils.java:logGet(46)) - raft.server.log.statemachine.data.sync.timeout = 10s (default)
2023-01-09 20:09:41,962 [pool-71-thread-1] INFO  server.RaftServerConfigKeys (ConfUtils.java:logGet(46)) - raft.server.log.statemachine.data.sync.timeout.retry = -1 (default)
2023-01-09 20:09:41,971 [pool-71-thread-1] INFO  server.RaftServerConfigKeys (ConfUtils.java:logGet(46)) - raft.server.log.write.buffer.size = 1048576 (custom)
2023-01-09 20:09:41,972 [pool-71-thread-1] INFO  server.RaftServerConfigKeys (ConfUtils.java:logGet(46)) - raft.server.log.appender.buffer.byte-limit = 33554432 (custom)
2023-01-09 20:09:41,985 [pool-71-thread-1] INFO  server.RaftServerConfigKeys (ConfUtils.java:logGet(46)) - raft.server.log.unsafe-flush.enabled = false (default)
2023-01-09 20:09:41,985 [pool-71-thread-1] INFO  server.RaftServerConfigKeys (ConfUtils.java:logGet(46)) - raft.server.log.async-flush.enabled = false (default)
2023-01-09 20:09:41,985 [pool-71-thread-1] INFO  server.RaftServerConfigKeys (ConfUtils.java:logGet(46)) - raft.server.log.statemachine.data.caching.enabled = true (custom)
2023-01-09 20:09:41,986 [pool-71-thread-1] INFO  segmented.SegmentedRaftLogWorker (SegmentedRaftLogWorker.java:lambda$new$0(135)) - 204ebb6c-eb9c-4605-8b0a-417067302917@group-4B191A258550-SegmentedRaftLogWorker: flushIndex: setUnconditionally 0 -> -1
2023-01-09 20:09:41,986 [pool-71-thread-1] INFO  segmented.SegmentedRaftLogWorker (SegmentedRaftLogWorker.java:lambda$new$0(135)) - 204ebb6c-eb9c-4605-8b0a-417067302917@group-4B191A258550-SegmentedRaftLogWorker: safeCacheEvictIndex: setUnconditionally 0 -> -1
2023-01-09 20:09:41,990 [pool-71-thread-1] INFO  server.RaftServer$Division (RaftServerImpl.java:start(334)) - 204ebb6c-eb9c-4605-8b0a-417067302917@group-4B191A258550: start as a follower, conf=-1: peers:[22174ed7-3438-44c1-87a9-382e0277420a|rpc:10.1.0.27:36955|dataStream:10.1.0.27:45849|priority:0|startupRole:FOLLOWER, 204ebb6c-eb9c-4605-8b0a-417067302917|rpc:10.1.0.27:38461|dataStream:10.1.0.27:40035|priority:0|startupRole:FOLLOWER, 37be314e-42cf-4ee9-a18e-baad7075c611|rpc:10.1.0.27:32955|dataStream:10.1.0.27:45453|priority:1|startupRole:FOLLOWER]|listeners:[], old=null
2023-01-09 20:09:41,991 [pool-71-thread-1] INFO  server.RaftServer$Division (RaftServerImpl.java:setRole(321)) - 204ebb6c-eb9c-4605-8b0a-417067302917@group-4B191A258550: changes role from      null to FOLLOWER at term 0 for startAsFollower
2023-01-09 20:09:41,991 [pool-71-thread-1] INFO  impl.RoleInfo (RoleInfo.java:updateAndGet(139)) - 204ebb6c-eb9c-4605-8b0a-417067302917: start 204ebb6c-eb9c-4605-8b0a-417067302917@group-4B191A258550-FollowerState
2023-01-09 20:09:41,994 [pool-71-thread-1] INFO  util.JmxRegister (JmxRegister.java:tryRegister(44)) - Successfully registered JMX Bean with object name Ratis:service=RaftServer,group=group-4B191A258550,id=204ebb6c-eb9c-4605-8b0a-417067302917
2023-01-09 20:09:41,994 [pool-71-thread-1] INFO  server.RaftServerConfigKeys (ConfUtils.java:logGet(46)) - raft.server.snapshot.auto.trigger.enabled = true (custom)
2023-01-09 20:09:41,994 [pool-71-thread-1] INFO  server.RaftServerConfigKeys (ConfUtils.java:logGet(46)) - raft.server.snapshot.auto.trigger.threshold = 10000 (custom)
2023-01-09 20:09:41,995 [pool-71-thread-1] INFO  server.RaftServerConfigKeys (ConfUtils.java:logGet(46)) - raft.server.snapshot.retention.file.num = 5 (custom)
2023-01-09 20:09:41,995 [pool-71-thread-1] INFO  server.RaftServerConfigKeys (ConfUtils.java:logGet(46)) - raft.server.log.purge.upto.snapshot.index = false (default)
2023-01-09 20:09:41,998 [204ebb6c-eb9c-4605-8b0a-417067302917@group-4B191A258550-FollowerState] INFO  server.RaftServerConfigKeys (ConfUtils.java:logFallback(53)) - raft.server.rpc.first-election.timeout.min = 5s (fallback to raft.server.rpc.timeout.min)
2023-01-09 20:09:42,003 [204ebb6c-eb9c-4605-8b0a-417067302917@group-4B191A258550-FollowerState] INFO  server.RaftServerConfigKeys (ConfUtils.java:logFallback(53)) - raft.server.rpc.first-election.timeout.max = 5200ms (fallback to raft.server.rpc.timeout.max)
2023-01-09 20:09:42,004 [Command processor thread] INFO  ratis.XceiverServerRatis (XceiverServerRatis.java:addGroup(806)) - Created group PipelineID=1b64fb31-9dbf-4f34-a195-4b191a258550
2023-01-09 20:09:42,207 [Listener at 127.0.0.1/33951] INFO  ozone.MiniOzoneClusterImpl (MiniOzoneClusterImpl.java:lambda$waitForClusterToBeReady$0(218)) - Waiting for nodes to be ready. Got 7 of 10 DN Heartbeats.
2023-01-09 20:09:42,208 [Listener at 127.0.0.1/33951] INFO  ozone.MiniOzoneClusterImpl (MiniOzoneClusterImpl.java:lambda$waitForClusterToBeReady$0(221)) - Waiting for cluster to exit safe mode
2023-01-09 20:09:42,208 [Listener at 127.0.0.1/33951] INFO  ozone.MiniOzoneClusterImpl (MiniOzoneClusterImpl.java:lambda$waitForClusterToBeReady$0(223)) - SCM became leader
2023-01-09 20:09:42,249 [IPC Server handler 1 on default port 33549] INFO  net.NetworkTopologyImpl (NetworkTopologyImpl.java:add(112)) - Added a new node: /default-rack/e77b5d09-e15c-47d2-9906-1148d6692daf
2023-01-09 20:09:42,249 [IPC Server handler 1 on default port 33549] INFO  node.SCMNodeManager (SCMNodeManager.java:register(397)) - Registered Data node : e77b5d09-e15c-47d2-9906-1148d6692daf{ip: 10.1.0.27, host: fv-az457-50.3faczmgjfduuxnksfsdf43hgfa.dx.internal.cloudapp.net, ports: [REPLICATION=39831, RATIS=40203, RATIS_ADMIN=40203, RATIS_SERVER=40203, RATIS_DATASTREAM=33269, STANDALONE=38817], networkLocation: /default-rack, certSerialId: null, persistedOpState: null, persistedOpStateExpiryEpochSec: 0}
2023-01-09 20:09:42,250 [EventQueue-NewNodeForNewNodeHandler] INFO  pipeline.BackgroundPipelineCreator (BackgroundPipelineCreator.java:notifyEventTriggered(276)) - trigger a one-shot run on RatisPipelineUtilsThread.
2023-01-09 20:09:42,251 [RatisPipelineUtilsThread - 0] INFO  pipeline.RatisPipelineProvider (RatisPipelineProvider.java:lambda$create$0(206)) - Sending CreatePipelineCommand for pipeline:PipelineID=fccac757-9933-4096-b2e5-45fefd7be8a3 to datanode:e77b5d09-e15c-47d2-9906-1148d6692daf
2023-01-09 20:09:42,251 [RatisPipelineUtilsThread - 0] INFO  pipeline.PipelineStateManagerImpl (PipelineStateManagerImpl.java:addPipeline(103)) - Created pipeline Pipeline[ Id: fccac757-9933-4096-b2e5-45fefd7be8a3, Nodes: e77b5d09-e15c-47d2-9906-1148d6692daf{ip: 10.1.0.27, host: fv-az457-50.3faczmgjfduuxnksfsdf43hgfa.dx.internal.cloudapp.net, ports: [REPLICATION=39831, RATIS=40203, RATIS_ADMIN=40203, RATIS_SERVER=40203, RATIS_DATASTREAM=33269, STANDALONE=38817], networkLocation: /default-rack, certSerialId: null, persistedOpState: IN_SERVICE, persistedOpStateExpiryEpochSec: 0}, ReplicationConfig: RATIS/ONE, State:ALLOCATED, leaderId:, CreationTimestamp2023-01-09T20:09:42.251Z[Etc/UTC]].
2023-01-09 20:09:42,252 [RatisPipelineUtilsThread - 0] WARN  pipeline.PipelinePlacementPolicy (PipelinePlacementPolicy.java:filterViableNodes(158)) - Pipeline creation failed due to no sufficient healthy datanodes. Required 3. Found 2.
2023-01-09 20:09:42,497 [JvmPauseMonitor6] WARN  util.JvmPauseMonitor (JvmPauseMonitor.java:detectPause(126)) - JvmPauseMonitor-cbda9cd1-c9bf-468c-9ce3-2b320cdae76d: Detected pause in JVM or host machine (eg GC): pause of approximately 158739691ns.
GC pool 'PS MarkSweep' had collection(s): count=1 time=161ms
GC pool 'PS Scavenge' had collection(s): count=1 time=49ms
2023-01-09 20:09:42,497 [JvmPauseMonitor8] WARN  util.JvmPauseMonitor (JvmPauseMonitor.java:detectPause(126)) - JvmPauseMonitor-e77b5d09-e15c-47d2-9906-1148d6692daf: Detected pause in JVM or host machine (eg GC): pause of approximately 209846622ns.
GC pool 'PS MarkSweep' had collection(s): count=1 time=161ms
GC pool 'PS Scavenge' had collection(s): count=1 time=49ms
2023-01-09 20:09:42,497 [JvmPauseMonitor10] WARN  util.JvmPauseMonitor (JvmPauseMonitor.java:detectPause(126)) - JvmPauseMonitor-11dbea26-f97e-4766-b357-e6f8c74d2a9f: Detected pause in JVM or host machine (eg GC): pause of approximately 205692643ns.
GC pool 'PS MarkSweep' had collection(s): count=1 time=161ms
GC pool 'PS Scavenge' had collection(s): count=1 time=49ms
2023-01-09 20:09:42,574 [Command processor thread] INFO  server.RaftServer (RaftServerProxy.java:addNew(96)) - 22174ed7-3438-44c1-87a9-382e0277420a: addNew group-FB364613BCB2:[22174ed7-3438-44c1-87a9-382e0277420a|rpc:10.1.0.27:36955|dataStream:10.1.0.27:45849|priority:1|startupRole:FOLLOWER] returns group-FB364613BCB2:java.util.concurrent.CompletableFuture@2660dfb8[Not completed]
2023-01-09 20:09:42,578 [pool-94-thread-1] INFO  server.RaftServer$Division (RaftServerImpl.java:<init>(195)) - 22174ed7-3438-44c1-87a9-382e0277420a: new RaftServerImpl for group-FB364613BCB2:[22174ed7-3438-44c1-87a9-382e0277420a|rpc:10.1.0.27:36955|dataStream:10.1.0.27:45849|priority:1|startupRole:FOLLOWER] with ContainerStateMachine:uninitialized
2023-01-09 20:09:42,578 [pool-94-thread-1] INFO  server.RaftServerConfigKeys (ConfUtils.java:logGet(46)) - raft.server.rpc.timeout.min = 5s (custom)
2023-01-09 20:09:42,578 [pool-94-thread-1] INFO  server.RaftServerConfigKeys (ConfUtils.java:logGet(46)) - raft.server.rpc.timeout.max = 5200ms (custom)
2023-01-09 20:09:42,578 [pool-94-thread-1] INFO  server.RaftServerConfigKeys (ConfUtils.java:logGet(46)) - raft.server.rpc.sleep.time = 25ms (default)
2023-01-09 20:09:42,578 [pool-94-thread-1] INFO  server.RaftServerConfigKeys (ConfUtils.java:logGet(46)) - raft.server.rpc.slowness.timeout = 300s (custom)
2023-01-09 20:09:42,578 [pool-94-thread-1] INFO  server.RaftServerConfigKeys (ConfUtils.java:logGet(46)) - raft.server.leaderelection.leader.step-down.wait-time = 10s (default)
2023-01-09 20:09:42,579 [pool-94-thread-1] INFO  server.RaftServerConfigKeys (ConfUtils.java:logGet(46)) - raft.server.sleep.deviation.threshold = 300ms (default)
2023-01-09 20:09:42,579 [pool-94-thread-1] INFO  server.RaftServer$Division (ServerState.java:<init>(118)) - 22174ed7-3438-44c1-87a9-382e0277420a@group-FB364613BCB2: ConfigurationManager, init=-1: peers:[22174ed7-3438-44c1-87a9-382e0277420a|rpc:10.1.0.27:36955|dataStream:10.1.0.27:45849|priority:1|startupRole:FOLLOWER]|listeners:[], old=null, confs=<EMPTY_MAP>
2023-01-09 20:09:42,579 [pool-94-thread-1] INFO  server.RaftServerConfigKeys (ConfUtils.java:logGet(46)) - raft.server.storage.dir = [/home/runner/work/ozone/ozone/hadoop-ozone/integration-test/target/test-dir/MiniOzoneClusterImpl-dc953f1b-8f43-4e25-a114-36b3b0290d25/datanode-1/data/ratis] (custom)
2023-01-09 20:09:42,579 [pool-94-thread-1] INFO  server.RaftServerConfigKeys (ConfUtils.java:logGet(46)) - raft.server.log.corruption.policy = EXCEPTION (default)
2023-01-09 20:09:42,579 [pool-94-thread-1] INFO  server.RaftServerConfigKeys (ConfUtils.java:logGet(46)) - raft.server.storage.free-space.min = 0MB (=0) (default)
2023-01-09 20:09:42,579 [pool-94-thread-1] INFO  server.RaftServerConfigKeys (ConfUtils.java:logGet(46)) - raft.server.notification.no-leader.timeout = 300s (custom)
2023-01-09 20:09:42,579 [pool-94-thread-1] INFO  server.RaftServerConfigKeys (ConfUtils.java:logGet(46)) - raft.server.retrycache.expirytime = 600000ms (custom)
2023-01-09 20:09:42,579 [pool-94-thread-1] INFO  server.RaftServerConfigKeys (ConfUtils.java:logGet(46)) - raft.server.retrycache.statistics.expirytime = 100μs (default)
2023-01-09 20:09:42,590 [pool-94-thread-1] INFO  server.RaftServerConfigKeys (ConfUtils.java:logGet(46)) - raft.server.log.appender.install.snapshot.enabled = false (custom)
2023-01-09 20:09:42,590 [pool-94-thread-1] INFO  server.RaftServerConfigKeys (ConfUtils.java:logGet(46)) - raft.server.threadpool.server.cached = true (default)
2023-01-09 20:09:42,590 [pool-94-thread-1] INFO  server.RaftServerConfigKeys (ConfUtils.java:logGet(46)) - raft.server.threadpool.server.size = 0 (default)
2023-01-09 20:09:42,590 [pool-94-thread-1] INFO  server.RaftServerConfigKeys (ConfUtils.java:logGet(46)) - raft.server.threadpool.client.cached = true (default)
2023-01-09 20:09:42,590 [pool-94-thread-1] INFO  server.RaftServerConfigKeys (ConfUtils.java:logGet(46)) - raft.server.threadpool.client.size = 0 (default)
2023-01-09 20:09:42,591 [pool-94-thread-1] INFO  storage.RaftStorageDirectory (RaftStorageDirectoryImpl.java:analyzeStorage(137)) - The storage directory /home/runner/work/ozone/ozone/hadoop-ozone/integration-test/target/test-dir/MiniOzoneClusterImpl-dc953f1b-8f43-4e25-a114-36b3b0290d25/datanode-1/data/ratis/8e1385e6-9d11-42db-b0f7-fb364613bcb2 does not exist. Creating ...
2023-01-09 20:09:42,596 [pool-94-thread-1] INFO  storage.RaftStorageDirectory (RaftStorageDirectoryImpl.java:tryLock(231)) - Lock on /home/runner/work/ozone/ozone/hadoop-ozone/integration-test/target/test-dir/MiniOzoneClusterImpl-dc953f1b-8f43-4e25-a114-36b3b0290d25/datanode-1/data/ratis/8e1385e6-9d11-42db-b0f7-fb364613bcb2/in_use.lock acquired by nodename 50886@fv-az457-50
2023-01-09 20:09:42,598 [pool-94-thread-1] INFO  storage.RaftStorage (RaftStorageImpl.java:format(96)) - Storage directory /home/runner/work/ozone/ozone/hadoop-ozone/integration-test/target/test-dir/MiniOzoneClusterImpl-dc953f1b-8f43-4e25-a114-36b3b0290d25/datanode-1/data/ratis/8e1385e6-9d11-42db-b0f7-fb364613bcb2 has been successfully formatted.
2023-01-09 20:09:42,603 [EventQueue-PipelineReportForPipelineReportHandler] INFO  pipeline.PipelineManagerImpl (PipelineManagerImpl.java:openPipeline(367)) - Pipeline Pipeline[ Id: 8e1385e6-9d11-42db-b0f7-fb364613bcb2, Nodes: 22174ed7-3438-44c1-87a9-382e0277420a{ip: 10.1.0.27, host: fv-az457-50.3faczmgjfduuxnksfsdf43hgfa.dx.internal.cloudapp.net, ports: [REPLICATION=43141, RATIS=36955, RATIS_ADMIN=36955, RATIS_SERVER=36955, RATIS_DATASTREAM=45849, STANDALONE=33411], networkLocation: /default-rack, certSerialId: null, persistedOpState: IN_SERVICE, persistedOpStateExpiryEpochSec: 0}, ReplicationConfig: RATIS/ONE, State:ALLOCATED, leaderId:22174ed7-3438-44c1-87a9-382e0277420a, CreationTimestamp2023-01-09T20:09:39.579Z[Etc/UTC]] moved to OPEN state
2023-01-09 20:09:42,604 [EventQueue-OpenPipelineForHealthyPipelineSafeModeRule] INFO  safemode.SCMSafeModeManager (HealthyPipelineSafeModeRule.java:process(137)) - SCM in safe mode. Healthy pipelines reported count is 0, required healthy pipeline reported count is 1
2023-01-09 20:09:42,605 [pool-94-thread-1] INFO  ratis.ContainerStateMachine (ContainerStateMachine.java:loadSnapshot(240)) - group-FB364613BCB2: The snapshot info is null. Setting the last applied indexto:(t:0, i:~)
2023-01-09 20:09:42,606 [pool-94-thread-1] INFO  server.RaftServerConfigKeys (ConfUtils.java:logGet(46)) - raft.server.log.use.memory = false (default)
2023-01-09 20:09:42,606 [pool-94-thread-1] INFO  server.RaftServerConfigKeys (ConfUtils.java:logGet(46)) - raft.server.log.purge.gap = 1000000 (custom)
2023-01-09 20:09:42,607 [pool-94-thread-1] INFO  server.RaftServerConfigKeys (ConfUtils.java:logGet(46)) - raft.server.log.appender.buffer.byte-limit = 33554432 (custom)
2023-01-09 20:09:42,607 [pool-94-thread-1] INFO  server.RaftServerConfigKeys (ConfUtils.java:logGet(46)) - raft.server.log.statemachine.data.read.timeout = 1000ms (default)
2023-01-09 20:09:42,607 [pool-94-thread-1] INFO  server.RaftServerConfigKeys (ConfUtils.java:logGet(46)) - raft.server.log.purge.preservation.log.num = 0 (default)
2023-01-09 20:09:42,607 [pool-94-thread-1] INFO  server.RaftServerConfigKeys (ConfUtils.java:logGet(46)) - raft.server.log.segment.size.max = 1048576 (custom)
2023-01-09 20:09:42,609 [pool-94-thread-1] INFO  server.RaftServerConfigKeys (ConfUtils.java:logGet(46)) - raft.server.log.segment.cache.num.max = 2 (custom)
2023-01-09 20:09:42,609 [pool-94-thread-1] INFO  server.RaftServerConfigKeys (ConfUtils.java:logGet(46)) - raft.server.log.segment.cache.size.max = 200MB (=209715200) (default)
2023-01-09 20:09:42,610 [pool-94-thread-1] INFO  segmented.SegmentedRaftLogWorker (SegmentedRaftLogWorker.java:<init>(189)) - new 22174ed7-3438-44c1-87a9-382e0277420a@group-FB364613BCB2-SegmentedRaftLogWorker for RaftStorageImpl:Storage Directory /home/runner/work/ozone/ozone/hadoop-ozone/integration-test/target/test-dir/MiniOzoneClusterImpl-dc953f1b-8f43-4e25-a114-36b3b0290d25/datanode-1/data/ratis/8e1385e6-9d11-42db-b0f7-fb364613bcb2
2023-01-09 20:09:42,610 [pool-94-thread-1] INFO  server.RaftServerConfigKeys (ConfUtils.java:logGet(46)) - raft.server.log.queue.byte-limit = 4294967296 (custom)
2023-01-09 20:09:42,610 [pool-94-thread-1] INFO  server.RaftServerConfigKeys (ConfUtils.java:logGet(46)) - raft.server.log.queue.element-limit = 1024 (custom)
2023-01-09 20:09:42,610 [pool-94-thread-1] INFO  server.RaftServerConfigKeys (ConfUtils.java:logGet(46)) - raft.server.log.segment.size.max = 1048576 (custom)
2023-01-09 20:09:42,610 [pool-94-thread-1] INFO  server.RaftServerConfigKeys (ConfUtils.java:logGet(46)) - raft.server.log.preallocated.size = 16384 (custom)
2023-01-09 20:09:42,610 [pool-94-thread-1] INFO  server.RaftServerConfigKeys (ConfUtils.java:logGet(46)) - raft.server.log.force.sync.num = 128 (default)
2023-01-09 20:09:42,610 [pool-94-thread-1] INFO  server.RaftServerConfigKeys (ConfUtils.java:logGet(46)) - raft.server.log.statemachine.data.sync = true (default)
2023-01-09 20:09:42,610 [pool-94-thread-1] INFO  server.RaftServerConfigKeys (ConfUtils.java:logGet(46)) - raft.server.log.statemachine.data.sync.timeout = 10s (default)
2023-01-09 20:09:42,610 [pool-94-thread-1] INFO  server.RaftServerConfigKeys (ConfUtils.java:logGet(46)) - raft.server.log.statemachine.data.sync.timeout.retry = -1 (default)
2023-01-09 20:09:42,613 [pool-94-thread-1] INFO  server.RaftServerConfigKeys (ConfUtils.java:logGet(46)) - raft.server.log.write.buffer.size = 1048576 (custom)
2023-01-09 20:09:42,614 [pool-94-thread-1] INFO  server.RaftServerConfigKeys (ConfUtils.java:logGet(46)) - raft.server.log.appender.buffer.byte-limit = 33554432 (custom)
2023-01-09 20:09:42,620 [pool-94-thread-1] INFO  server.RaftServerConfigKeys (ConfUtils.java:logGet(46)) - raft.server.log.unsafe-flush.enabled = false (default)
2023-01-09 20:09:42,620 [pool-94-thread-1] INFO  server.RaftServerConfigKeys (ConfUtils.java:logGet(46)) - raft.server.log.async-flush.enabled = false (default)
2023-01-09 20:09:42,620 [pool-94-thread-1] INFO  server.RaftServerConfigKeys (ConfUtils.java:logGet(46)) - raft.server.log.statemachine.data.caching.enabled = true (custom)
2023-01-09 20:09:42,620 [pool-94-thread-1] INFO  segmented.SegmentedRaftLogWorker (SegmentedRaftLogWorker.java:lambda$new$0(135)) - 22174ed7-3438-44c1-87a9-382e0277420a@group-FB364613BCB2-SegmentedRaftLogWorker: flushIndex: setUnconditionally 0 -> -1
2023-01-09 20:09:42,620 [pool-94-thread-1] INFO  segmented.SegmentedRaftLogWorker (SegmentedRaftLogWorker.java:lambda$new$0(135)) - 22174ed7-3438-44c1-87a9-382e0277420a@group-FB364613BCB2-SegmentedRaftLogWorker: safeCacheEvictIndex: setUnconditionally 0 -> -1
2023-01-09 20:09:42,621 [pool-94-thread-1] INFO  server.RaftServer$Division (RaftServerImpl.java:start(334)) - 22174ed7-3438-44c1-87a9-382e0277420a@group-FB364613BCB2: start as a follower, conf=-1: peers:[22174ed7-3438-44c1-87a9-382e0277420a|rpc:10.1.0.27:36955|dataStream:10.1.0.27:45849|priority:1|startupRole:FOLLOWER]|listeners:[], old=null
2023-01-09 20:09:42,621 [pool-94-thread-1] INFO  server.RaftServer$Division (RaftServerImpl.java:setRole(321)) - 22174ed7-3438-44c1-87a9-382e0277420a@group-FB364613BCB2: changes role from      null to FOLLOWER at term 0 for startAsFollower
2023-01-09 20:09:42,621 [pool-94-thread-1] INFO  impl.RoleInfo (RoleInfo.java:updateAndGet(139)) - 22174ed7-3438-44c1-87a9-382e0277420a: start 22174ed7-3438-44c1-87a9-382e0277420a@group-FB364613BCB2-FollowerState
2023-01-09 20:09:42,621 [pool-94-thread-1] INFO  util.JmxRegister (JmxRegister.java:tryRegister(44)) - Successfully registered JMX Bean with object name Ratis:service=RaftServer,group=group-FB364613BCB2,id=22174ed7-3438-44c1-87a9-382e0277420a
2023-01-09 20:09:42,624 [pool-94-thread-1] INFO  server.RaftServerConfigKeys (ConfUtils.java:logGet(46)) - raft.server.snapshot.auto.trigger.enabled = true (custom)
2023-01-09 20:09:42,624 [pool-94-thread-1] INFO  server.RaftServerConfigKeys (ConfUtils.java:logGet(46)) - raft.server.snapshot.auto.trigger.threshold = 10000 (custom)
2023-01-09 20:09:42,624 [pool-94-thread-1] INFO  server.RaftServerConfigKeys (ConfUtils.java:logGet(46)) - raft.server.snapshot.retention.file.num = 5 (custom)
2023-01-09 20:09:42,624 [pool-94-thread-1] INFO  server.RaftServerConfigKeys (ConfUtils.java:logGet(46)) - raft.server.log.purge.upto.snapshot.index = false (default)
2023-01-09 20:09:42,627 [Command processor thread] INFO  ratis.XceiverServerRatis (XceiverServerRatis.java:addGroup(806)) - Created group PipelineID=8e1385e6-9d11-42db-b0f7-fb364613bcb2
2023-01-09 20:09:42,627 [Command processor thread] INFO  commandhandler.CreatePipelineCommandHandler (CreatePipelineCommandHandler.java:handle(113)) - Created Pipeline RATIS ONE PipelineID=8e1385e6-9d11-42db-b0f7-fb364613bcb2.
2023-01-09 20:09:42,628 [Command processor thread] INFO  server.RaftServer (RaftServerProxy.java:addNew(96)) - 22174ed7-3438-44c1-87a9-382e0277420a: addNew group-4B191A258550:[22174ed7-3438-44c1-87a9-382e0277420a|rpc:10.1.0.27:36955|dataStream:10.1.0.27:45849|priority:0|startupRole:FOLLOWER, 204ebb6c-eb9c-4605-8b0a-417067302917|rpc:10.1.0.27:38461|dataStream:10.1.0.27:40035|priority:0|startupRole:FOLLOWER, 37be314e-42cf-4ee9-a18e-baad7075c611|rpc:10.1.0.27:32955|dataStream:10.1.0.27:45453|priority:1|startupRole:FOLLOWER] returns group-4B191A258550:java.util.concurrent.CompletableFuture@225f4fac[Not completed]
2023-01-09 20:09:42,630 [pool-94-thread-1] INFO  server.RaftServer$Division (RaftServerImpl.java:<init>(195)) - 22174ed7-3438-44c1-87a9-382e0277420a: new RaftServerImpl for group-4B191A258550:[22174ed7-3438-44c1-87a9-382e0277420a|rpc:10.1.0.27:36955|dataStream:10.1.0.27:45849|priority:0|startupRole:FOLLOWER, 204ebb6c-eb9c-4605-8b0a-417067302917|rpc:10.1.0.27:38461|dataStream:10.1.0.27:40035|priority:0|startupRole:FOLLOWER, 37be314e-42cf-4ee9-a18e-baad7075c611|rpc:10.1.0.27:32955|dataStream:10.1.0.27:45453|priority:1|startupRole:FOLLOWER] with ContainerStateMachine:uninitialized
2023-01-09 20:09:42,630 [pool-94-thread-1] INFO  server.RaftServerConfigKeys (ConfUtils.java:logGet(46)) - raft.server.rpc.timeout.min = 5s (custom)
2023-01-09 20:09:42,630 [pool-94-thread-1] INFO  server.RaftServerConfigKeys (ConfUtils.java:logGet(46)) - raft.server.rpc.timeout.max = 5200ms (custom)
2023-01-09 20:09:42,630 [pool-94-thread-1] INFO  server.RaftServerConfigKeys (ConfUtils.java:logGet(46)) - raft.server.rpc.sleep.time = 25ms (default)
2023-01-09 20:09:42,630 [pool-94-thread-1] INFO  server.RaftServerConfigKeys (ConfUtils.java:logGet(46)) - raft.server.rpc.slowness.timeout = 300s (custom)
2023-01-09 20:09:42,630 [pool-94-thread-1] INFO  server.RaftServerConfigKeys (ConfUtils.java:logGet(46)) - raft.server.leaderelection.leader.step-down.wait-time = 10s (default)
2023-01-09 20:09:42,630 [pool-94-thread-1] INFO  server.RaftServerConfigKeys (ConfUtils.java:logGet(46)) - raft.server.sleep.deviation.threshold = 300ms (default)
2023-01-09 20:09:42,630 [pool-94-thread-1] INFO  server.RaftServer$Division (ServerState.java:<init>(118)) - 22174ed7-3438-44c1-87a9-382e0277420a@group-4B191A258550: ConfigurationManager, init=-1: peers:[22174ed7-3438-44c1-87a9-382e0277420a|rpc:10.1.0.27:36955|dataStream:10.1.0.27:45849|priority:0|startupRole:FOLLOWER, 204ebb6c-eb9c-4605-8b0a-417067302917|rpc:10.1.0.27:38461|dataStream:10.1.0.27:40035|priority:0|startupRole:FOLLOWER, 37be314e-42cf-4ee9-a18e-baad7075c611|rpc:10.1.0.27:32955|dataStream:10.1.0.27:45453|priority:1|startupRole:FOLLOWER]|listeners:[], old=null, confs=<EMPTY_MAP>
2023-01-09 20:09:42,630 [pool-94-thread-1] INFO  server.RaftServerConfigKeys (ConfUtils.java:logGet(46)) - raft.server.storage.dir = [/home/runner/work/ozone/ozone/hadoop-ozone/integration-test/target/test-dir/MiniOzoneClusterImpl-dc953f1b-8f43-4e25-a114-36b3b0290d25/datanode-1/data/ratis] (custom)
2023-01-09 20:09:42,631 [pool-94-thread-1] INFO  server.RaftServerConfigKeys (ConfUtils.java:logGet(46)) - raft.server.log.corruption.policy = EXCEPTION (default)
2023-01-09 20:09:42,631 [pool-94-thread-1] INFO  server.RaftServerConfigKeys (ConfUtils.java:logGet(46)) - raft.server.storage.free-space.min = 0MB (=0) (default)
2023-01-09 20:09:42,631 [pool-94-thread-1] INFO  server.RaftServerConfigKeys (ConfUtils.java:logGet(46)) - raft.server.notification.no-leader.timeout = 300s (custom)
2023-01-09 20:09:42,631 [pool-94-thread-1] INFO  server.RaftServerConfigKeys (ConfUtils.java:logGet(46)) - raft.server.retrycache.expirytime = 600000ms (custom)
2023-01-09 20:09:42,631 [pool-94-thread-1] INFO  server.RaftServerConfigKeys (ConfUtils.java:logGet(46)) - raft.server.retrycache.statistics.expirytime = 100μs (default)
2023-01-09 20:09:42,634 [pool-94-thread-1] INFO  server.RaftServerConfigKeys (ConfUtils.java:logGet(46)) - raft.server.log.appender.install.snapshot.enabled = false (custom)
2023-01-09 20:09:42,634 [pool-94-thread-1] INFO  server.RaftServerConfigKeys (ConfUtils.java:logGet(46)) - raft.server.threadpool.server.cached = true (default)
2023-01-09 20:09:42,634 [pool-94-thread-1] INFO  server.RaftServerConfigKeys (ConfUtils.java:logGet(46)) - raft.server.threadpool.server.size = 0 (default)
2023-01-09 20:09:42,634 [pool-94-thread-1] INFO  server.RaftServerConfigKeys (ConfUtils.java:logGet(46)) - raft.server.threadpool.client.cached = true (default)
2023-01-09 20:09:42,637 [22174ed7-3438-44c1-87a9-382e0277420a@group-FB364613BCB2-FollowerState] INFO  server.RaftServerConfigKeys (ConfUtils.java:logFallback(53)) - raft.server.rpc.first-election.timeout.min = 5s (fallback to raft.server.rpc.timeout.min)
2023-01-09 20:09:42,637 [22174ed7-3438-44c1-87a9-382e0277420a@group-FB364613BCB2-FollowerState] INFO  server.RaftServerConfigKeys (ConfUtils.java:logFallback(53)) - raft.server.rpc.first-election.timeout.max = 5200ms (fallback to raft.server.rpc.timeout.max)
2023-01-09 20:09:42,642 [pool-94-thread-1] INFO  server.RaftServerConfigKeys (ConfUtils.java:logGet(46)) - raft.server.threadpool.client.size = 0 (default)
2023-01-09 20:09:42,642 [pool-94-thread-1] INFO  storage.RaftStorageDirectory (RaftStorageDirectoryImpl.java:analyzeStorage(137)) - The storage directory /home/runner/work/ozone/ozone/hadoop-ozone/integration-test/target/test-dir/MiniOzoneClusterImpl-dc953f1b-8f43-4e25-a114-36b3b0290d25/datanode-1/data/ratis/1b64fb31-9dbf-4f34-a195-4b191a258550 does not exist. Creating ...
2023-01-09 20:09:42,644 [pool-94-thread-1] INFO  storage.RaftStorageDirectory (RaftStorageDirectoryImpl.java:tryLock(231)) - Lock on /home/runner/work/ozone/ozone/hadoop-ozone/integration-test/target/test-dir/MiniOzoneClusterImpl-dc953f1b-8f43-4e25-a114-36b3b0290d25/datanode-1/data/ratis/1b64fb31-9dbf-4f34-a195-4b191a258550/in_use.lock acquired by nodename 50886@fv-az457-50
2023-01-09 20:09:42,647 [pool-94-thread-1] INFO  storage.RaftStorage (RaftStorageImpl.java:format(96)) - Storage directory /home/runner/work/ozone/ozone/hadoop-ozone/integration-test/target/test-dir/MiniOzoneClusterImpl-dc953f1b-8f43-4e25-a114-36b3b0290d25/datanode-1/data/ratis/1b64fb31-9dbf-4f34-a195-4b191a258550 has been successfully formatted.
2023-01-09 20:09:42,650 [pool-94-thread-1] INFO  ratis.ContainerStateMachine (ContainerStateMachine.java:loadSnapshot(240)) - group-4B191A258550: The snapshot info is null. Setting the last applied indexto:(t:0, i:~)
2023-01-09 20:09:42,650 [pool-94-thread-1] INFO  server.RaftServerConfigKeys (ConfUtils.java:logGet(46)) - raft.server.log.use.memory = false (default)
2023-01-09 20:09:42,651 [pool-94-thread-1] INFO  server.RaftServerConfigKeys (ConfUtils.java:logGet(46)) - raft.server.log.purge.gap = 1000000 (custom)
2023-01-09 20:09:42,651 [pool-94-thread-1] INFO  server.RaftServerConfigKeys (ConfUtils.java:logGet(46)) - raft.server.log.appender.buffer.byte-limit = 33554432 (custom)
2023-01-09 20:09:42,651 [EventQueue-OpenPipelineForHealthyPipelineSafeModeRule] INFO  safemode.SCMSafeModeManager (HealthyPipelineSafeModeRule.java:process(137)) - SCM in safe mode. Healthy pipelines reported count is 0, required healthy pipeline reported count is 1
2023-01-09 20:09:42,653 [pool-94-thread-1] INFO  server.RaftServerConfigKeys (ConfUtils.java:logGet(46)) - raft.server.log.statemachine.data.read.timeout = 1000ms (default)
2023-01-09 20:09:42,653 [pool-94-thread-1] INFO  server.RaftServerConfigKeys (ConfUtils.java:logGet(46)) - raft.server.log.purge.preservation.log.num = 0 (default)
2023-01-09 20:09:42,653 [pool-94-thread-1] INFO  server.RaftServerConfigKeys (ConfUtils.java:logGet(46)) - raft.server.log.segment.size.max = 1048576 (custom)
2023-01-09 20:09:42,654 [pool-94-thread-1] INFO  server.RaftServerConfigKeys (ConfUtils.java:logGet(46)) - raft.server.log.segment.cache.num.max = 2 (custom)
2023-01-09 20:09:42,654 [pool-94-thread-1] INFO  server.RaftServerConfigKeys (ConfUtils.java:logGet(46)) - raft.server.log.segment.cache.size.max = 200MB (=209715200) (default)
2023-01-09 20:09:42,655 [pool-94-thread-1] INFO  segmented.SegmentedRaftLogWorker (SegmentedRaftLogWorker.java:<init>(189)) - new 22174ed7-3438-44c1-87a9-382e0277420a@group-4B191A258550-SegmentedRaftLogWorker for RaftStorageImpl:Storage Directory /home/runner/work/ozone/ozone/hadoop-ozone/integration-test/target/test-dir/MiniOzoneClusterImpl-dc953f1b-8f43-4e25-a114-36b3b0290d25/datanode-1/data/ratis/1b64fb31-9dbf-4f34-a195-4b191a258550
2023-01-09 20:09:42,655 [pool-94-thread-1] INFO  server.RaftServerConfigKeys (ConfUtils.java:logGet(46)) - raft.server.log.queue.byte-limit = 4294967296 (custom)
2023-01-09 20:09:42,655 [pool-94-thread-1] INFO  server.RaftServerConfigKeys (ConfUtils.java:logGet(46)) - raft.server.log.queue.element-limit = 1024 (custom)
2023-01-09 20:09:42,655 [pool-94-thread-1] INFO  server.RaftServerConfigKeys (ConfUtils.java:logGet(46)) - raft.server.log.segment.size.max = 1048576 (custom)
2023-01-09 20:09:42,655 [pool-94-thread-1] INFO  server.RaftServerConfigKeys (ConfUtils.java:logGet(46)) - raft.server.log.preallocated.size = 16384 (custom)
2023-01-09 20:09:42,655 [pool-94-thread-1] INFO  server.RaftServerConfigKeys (ConfUtils.java:logGet(46)) - raft.server.log.force.sync.num = 128 (default)
2023-01-09 20:09:42,655 [pool-94-thread-1] INFO  server.RaftServerConfigKeys (ConfUtils.java:logGet(46)) - raft.server.log.statemachine.data.sync = true (default)
2023-01-09 20:09:42,655 [pool-94-thread-1] INFO  server.RaftServerConfigKeys (ConfUtils.java:logGet(46)) - raft.server.log.statemachine.data.sync.timeout = 10s (default)
2023-01-09 20:09:42,655 [pool-94-thread-1] INFO  server.RaftServerConfigKeys (ConfUtils.java:logGet(46)) - raft.server.log.statemachine.data.sync.timeout.retry = -1 (default)
2023-01-09 20:09:42,657 [pool-94-thread-1] INFO  server.RaftServerConfigKeys (ConfUtils.java:logGet(46)) - raft.server.log.write.buffer.size = 1048576 (custom)
2023-01-09 20:09:42,658 [pool-94-thread-1] INFO  server.RaftServerConfigKeys (ConfUtils.java:logGet(46)) - raft.server.log.appender.buffer.byte-limit = 33554432 (custom)
2023-01-09 20:09:42,663 [pool-94-thread-1] INFO  server.RaftServerConfigKeys (ConfUtils.java:logGet(46)) - raft.server.log.unsafe-flush.enabled = false (default)
2023-01-09 20:09:42,664 [pool-94-thread-1] INFO  server.RaftServerConfigKeys (ConfUtils.java:logGet(46)) - raft.server.log.async-flush.enabled = false (default)
2023-01-09 20:09:42,664 [pool-94-thread-1] INFO  server.RaftServerConfigKeys (ConfUtils.java:logGet(46)) - raft.server.log.statemachine.data.caching.enabled = true (custom)
2023-01-09 20:09:42,664 [pool-94-thread-1] INFO  segmented.SegmentedRaftLogWorker (SegmentedRaftLogWorker.java:lambda$new$0(135)) - 22174ed7-3438-44c1-87a9-382e0277420a@group-4B191A258550-SegmentedRaftLogWorker: flushIndex: setUnconditionally 0 -> -1
2023-01-09 20:09:42,664 [pool-94-thread-1] INFO  segmented.SegmentedRaftLogWorker (SegmentedRaftLogWorker.java:lambda$new$0(135)) - 22174ed7-3438-44c1-87a9-382e0277420a@group-4B191A258550-SegmentedRaftLogWorker: safeCacheEvictIndex: setUnconditionally 0 -> -1
2023-01-09 20:09:42,665 [pool-94-thread-1] INFO  server.RaftServer$Division (RaftServerImpl.java:start(334)) - 22174ed7-3438-44c1-87a9-382e0277420a@group-4B191A258550: start as a follower, conf=-1: peers:[22174ed7-3438-44c1-87a9-382e0277420a|rpc:10.1.0.27:36955|dataStream:10.1.0.27:45849|priority:0|startupRole:FOLLOWER, 204ebb6c-eb9c-4605-8b0a-417067302917|rpc:10.1.0.27:38461|dataStream:10.1.0.27:40035|priority:0|startupRole:FOLLOWER, 37be314e-42cf-4ee9-a18e-baad7075c611|rpc:10.1.0.27:32955|dataStream:10.1.0.27:45453|priority:1|startupRole:FOLLOWER]|listeners:[], old=null
2023-01-09 20:09:42,665 [pool-94-thread-1] INFO  server.RaftServer$Division (RaftServerImpl.java:setRole(321)) - 22174ed7-3438-44c1-87a9-382e0277420a@group-4B191A258550: changes role from      null to FOLLOWER at term 0 for startAsFollower
2023-01-09 20:09:42,665 [pool-94-thread-1] INFO  impl.RoleInfo (RoleInfo.java:updateAndGet(139)) - 22174ed7-3438-44c1-87a9-382e0277420a: start 22174ed7-3438-44c1-87a9-382e0277420a@group-4B191A258550-FollowerState
2023-01-09 20:09:42,667 [pool-94-thread-1] INFO  util.JmxRegister (JmxRegister.java:tryRegister(44)) - Successfully registered JMX Bean with object name Ratis:service=RaftServer,group=group-4B191A258550,id=22174ed7-3438-44c1-87a9-382e0277420a
2023-01-09 20:09:42,667 [pool-94-thread-1] INFO  server.RaftServerConfigKeys (ConfUtils.java:logGet(46)) - raft.server.snapshot.auto.trigger.enabled = true (custom)
2023-01-09 20:09:42,667 [pool-94-thread-1] INFO  server.RaftServerConfigKeys (ConfUtils.java:logGet(46)) - raft.server.snapshot.auto.trigger.threshold = 10000 (custom)
2023-01-09 20:09:42,667 [pool-94-thread-1] INFO  server.RaftServerConfigKeys (ConfUtils.java:logGet(46)) - raft.server.snapshot.retention.file.num = 5 (custom)
2023-01-09 20:09:42,667 [pool-94-thread-1] INFO  server.RaftServerConfigKeys (ConfUtils.java:logGet(46)) - raft.server.log.purge.upto.snapshot.index = false (default)
2023-01-09 20:09:42,670 [22174ed7-3438-44c1-87a9-382e0277420a@group-4B191A258550-FollowerState] INFO  server.RaftServerConfigKeys (ConfUtils.java:logFallback(53)) - raft.server.rpc.first-election.timeout.min = 5s (fallback to raft.server.rpc.timeout.min)
2023-01-09 20:09:42,672 [Command processor thread] INFO  ratis.XceiverServerRatis (XceiverServerRatis.java:addGroup(806)) - Created group PipelineID=1b64fb31-9dbf-4f34-a195-4b191a258550
2023-01-09 20:09:42,676 [22174ed7-3438-44c1-87a9-382e0277420a@group-4B191A258550-FollowerState] INFO  server.RaftServerConfigKeys (ConfUtils.java:logFallback(53)) - raft.server.rpc.first-election.timeout.max = 5200ms (fallback to raft.server.rpc.timeout.max)
2023-01-09 20:09:42,695 [IPC Server handler 12 on default port 33549] INFO  net.NetworkTopologyImpl (NetworkTopologyImpl.java:add(112)) - Added a new node: /default-rack/d09c218f-b416-45d6-bb77-0144cdedc1ff
2023-01-09 20:09:42,695 [IPC Server handler 12 on default port 33549] INFO  node.SCMNodeManager (SCMNodeManager.java:register(397)) - Registered Data node : d09c218f-b416-45d6-bb77-0144cdedc1ff{ip: 10.1.0.27, host: fv-az457-50.3faczmgjfduuxnksfsdf43hgfa.dx.internal.cloudapp.net, ports: [REPLICATION=35093, RATIS=37119, RATIS_ADMIN=37119, RATIS_SERVER=37119, RATIS_DATASTREAM=40365, STANDALONE=38283], networkLocation: /default-rack, certSerialId: null, persistedOpState: null, persistedOpStateExpiryEpochSec: 0}
2023-01-09 20:09:42,696 [EventQueue-NewNodeForNewNodeHandler] INFO  pipeline.BackgroundPipelineCreator (BackgroundPipelineCreator.java:notifyEventTriggered(276)) - trigger a one-shot run on RatisPipelineUtilsThread.
2023-01-09 20:09:42,696 [RatisPipelineUtilsThread - 0] INFO  pipeline.RatisPipelineProvider (RatisPipelineProvider.java:lambda$create$0(206)) - Sending CreatePipelineCommand for pipeline:PipelineID=7e7e1772-22d4-48f1-8d1b-05ab78307444 to datanode:d09c218f-b416-45d6-bb77-0144cdedc1ff
2023-01-09 20:09:42,698 [RatisPipelineUtilsThread - 0] INFO  pipeline.PipelineStateManagerImpl (PipelineStateManagerImpl.java:addPipeline(103)) - Created pipeline Pipeline[ Id: 7e7e1772-22d4-48f1-8d1b-05ab78307444, Nodes: d09c218f-b416-45d6-bb77-0144cdedc1ff{ip: 10.1.0.27, host: fv-az457-50.3faczmgjfduuxnksfsdf43hgfa.dx.internal.cloudapp.net, ports: [REPLICATION=35093, RATIS=37119, RATIS_ADMIN=37119, RATIS_SERVER=37119, RATIS_DATASTREAM=40365, STANDALONE=38283], networkLocation: /default-rack, certSerialId: null, persistedOpState: IN_SERVICE, persistedOpStateExpiryEpochSec: 0}, ReplicationConfig: RATIS/ONE, State:ALLOCATED, leaderId:, CreationTimestamp2023-01-09T20:09:42.696Z[Etc/UTC]].
2023-01-09 20:09:42,699 [RatisPipelineUtilsThread - 0] INFO  pipeline.RatisPipelineProvider (RatisPipelineProvider.java:lambda$create$0(206)) - Sending CreatePipelineCommand for pipeline:PipelineID=506c1c73-3a8c-4a82-8cbb-ae8453f49d0b to datanode:d09c218f-b416-45d6-bb77-0144cdedc1ff
2023-01-09 20:09:42,703 [RatisPipelineUtilsThread - 0] INFO  pipeline.RatisPipelineProvider (RatisPipelineProvider.java:lambda$create$0(206)) - Sending CreatePipelineCommand for pipeline:PipelineID=506c1c73-3a8c-4a82-8cbb-ae8453f49d0b to datanode:e77b5d09-e15c-47d2-9906-1148d6692daf
2023-01-09 20:09:42,704 [RatisPipelineUtilsThread - 0] INFO  pipeline.RatisPipelineProvider (RatisPipelineProvider.java:lambda$create$0(206)) - Sending CreatePipelineCommand for pipeline:PipelineID=506c1c73-3a8c-4a82-8cbb-ae8453f49d0b to datanode:51369307-b0de-40aa-9d6f-41f84e1cecb7
2023-01-09 20:09:42,704 [RatisPipelineUtilsThread - 0] INFO  pipeline.PipelineStateManagerImpl (PipelineStateManagerImpl.java:addPipeline(103)) - Created pipeline Pipeline[ Id: 506c1c73-3a8c-4a82-8cbb-ae8453f49d0b, Nodes: d09c218f-b416-45d6-bb77-0144cdedc1ff{ip: 10.1.0.27, host: fv-az457-50.3faczmgjfduuxnksfsdf43hgfa.dx.internal.cloudapp.net, ports: [REPLICATION=35093, RATIS=37119, RATIS_ADMIN=37119, RATIS_SERVER=37119, RATIS_DATASTREAM=40365, STANDALONE=38283], networkLocation: /default-rack, certSerialId: null, persistedOpState: IN_SERVICE, persistedOpStateExpiryEpochSec: 0}e77b5d09-e15c-47d2-9906-1148d6692daf{ip: 10.1.0.27, host: fv-az457-50.3faczmgjfduuxnksfsdf43hgfa.dx.internal.cloudapp.net, ports: [REPLICATION=39831, RATIS=40203, RATIS_ADMIN=40203, RATIS_SERVER=40203, RATIS_DATASTREAM=33269, STANDALONE=38817], networkLocation: /default-rack, certSerialId: null, persistedOpState: IN_SERVICE, persistedOpStateExpiryEpochSec: 0}51369307-b0de-40aa-9d6f-41f84e1cecb7{ip: 10.1.0.27, host: fv-az457-50.3faczmgjfduuxnksfsdf43hgfa.dx.internal.cloudapp.net, ports: [REPLICATION=42229, RATIS=44083, RATIS_ADMIN=44083, RATIS_SERVER=44083, RATIS_DATASTREAM=33005, STANDALONE=42355], networkLocation: /default-rack, certSerialId: null, persistedOpState: IN_SERVICE, persistedOpStateExpiryEpochSec: 0}, ReplicationConfig: RATIS/THREE, State:ALLOCATED, leaderId:, CreationTimestamp2023-01-09T20:09:42.699Z[Etc/UTC]].
2023-01-09 20:09:42,706 [RatisPipelineUtilsThread - 0] INFO  pipeline.RatisPipelineProvider (RatisPipelineProvider.java:lambda$create$0(206)) - Sending CreatePipelineCommand for pipeline:PipelineID=57c30939-7b68-452e-8f77-c5ecef351ecf to datanode:51369307-b0de-40aa-9d6f-41f84e1cecb7
2023-01-09 20:09:42,706 [RatisPipelineUtilsThread - 0] INFO  pipeline.RatisPipelineProvider (RatisPipelineProvider.java:lambda$create$0(206)) - Sending CreatePipelineCommand for pipeline:PipelineID=57c30939-7b68-452e-8f77-c5ecef351ecf to datanode:e77b5d09-e15c-47d2-9906-1148d6692daf
2023-01-09 20:09:42,710 [RatisPipelineUtilsThread - 0] INFO  pipeline.RatisPipelineProvider (RatisPipelineProvider.java:lambda$create$0(206)) - Sending CreatePipelineCommand for pipeline:PipelineID=57c30939-7b68-452e-8f77-c5ecef351ecf to datanode:d09c218f-b416-45d6-bb77-0144cdedc1ff
2023-01-09 20:09:42,711 [RatisPipelineUtilsThread - 0] INFO  pipeline.PipelineStateManagerImpl (PipelineStateManagerImpl.java:addPipeline(103)) - Created pipeline Pipeline[ Id: 57c30939-7b68-452e-8f77-c5ecef351ecf, Nodes: 51369307-b0de-40aa-9d6f-41f84e1cecb7{ip: 10.1.0.27, host: fv-az457-50.3faczmgjfduuxnksfsdf43hgfa.dx.internal.cloudapp.net, ports: [REPLICATION=42229, RATIS=44083, RATIS_ADMIN=44083, RATIS_SERVER=44083, RATIS_DATASTREAM=33005, STANDALONE=42355], networkLocation: /default-rack, certSerialId: null, persistedOpState: IN_SERVICE, persistedOpStateExpiryEpochSec: 0}e77b5d09-e15c-47d2-9906-1148d6692daf{ip: 10.1.0.27, host: fv-az457-50.3faczmgjfduuxnksfsdf43hgfa.dx.internal.cloudapp.net, ports: [REPLICATION=39831, RATIS=40203, RATIS_ADMIN=40203, RATIS_SERVER=40203, RATIS_DATASTREAM=33269, STANDALONE=38817], networkLocation: /default-rack, certSerialId: null, persistedOpState: IN_SERVICE, persistedOpStateExpiryEpochSec: 0}d09c218f-b416-45d6-bb77-0144cdedc1ff{ip: 10.1.0.27, host: fv-az457-50.3faczmgjfduuxnksfsdf43hgfa.dx.internal.cloudapp.net, ports: [REPLICATION=35093, RATIS=37119, RATIS_ADMIN=37119, RATIS_SERVER=37119, RATIS_DATASTREAM=40365, STANDALONE=38283], networkLocation: /default-rack, certSerialId: null, persistedOpState: IN_SERVICE, persistedOpStateExpiryEpochSec: 0}, ReplicationConfig: RATIS/THREE, State:ALLOCATED, leaderId:, CreationTimestamp2023-01-09T20:09:42.706Z[Etc/UTC]].
2023-01-09 20:09:42,712 [RatisPipelineUtilsThread - 0] INFO  pipeline.PipelineManagerImpl (PipelineManagerImpl.java:recordMetricsForPipeline(826)) - Pipeline: PipelineID=57c30939-7b68-452e-8f77-c5ecef351ecf contains same datanodes as previous pipelines: PipelineID=506c1c73-3a8c-4a82-8cbb-ae8453f49d0b nodeIds: 51369307-b0de-40aa-9d6f-41f84e1cecb7, e77b5d09-e15c-47d2-9906-1148d6692daf, d09c218f-b416-45d6-bb77-0144cdedc1ff
2023-01-09 20:09:42,714 [RatisPipelineUtilsThread - 0] WARN  pipeline.PipelinePlacementPolicy (PipelinePlacementPolicy.java:filterViableNodes(158)) - Pipeline creation failed due to no sufficient healthy datanodes. Required 3. Found 0.
2023-01-09 20:09:42,973 [Command processor thread] INFO  server.RaftServer (RaftServerProxy.java:addNew(96)) - 37be314e-42cf-4ee9-a18e-baad7075c611: addNew group-8057C2290820:[37be314e-42cf-4ee9-a18e-baad7075c611|rpc:10.1.0.27:32955|dataStream:10.1.0.27:45453|priority:1|startupRole:FOLLOWER] returns group-8057C2290820:java.util.concurrent.CompletableFuture@2ba47dfa[Not completed]
2023-01-09 20:09:42,985 [pool-117-thread-1] INFO  server.RaftServer$Division (RaftServerImpl.java:<init>(195)) - 37be314e-42cf-4ee9-a18e-baad7075c611: new RaftServerImpl for group-8057C2290820:[37be314e-42cf-4ee9-a18e-baad7075c611|rpc:10.1.0.27:32955|dataStream:10.1.0.27:45453|priority:1|startupRole:FOLLOWER] with ContainerStateMachine:uninitialized
2023-01-09 20:09:42,985 [pool-117-thread-1] INFO  server.RaftServerConfigKeys (ConfUtils.java:logGet(46)) - raft.server.rpc.timeout.min = 5s (custom)
2023-01-09 20:09:42,985 [pool-117-thread-1] INFO  server.RaftServerConfigKeys (ConfUtils.java:logGet(46)) - raft.server.rpc.timeout.max = 5200ms (custom)
2023-01-09 20:09:42,985 [pool-117-thread-1] INFO  server.RaftServerConfigKeys (ConfUtils.java:logGet(46)) - raft.server.rpc.sleep.time = 25ms (default)
2023-01-09 20:09:42,985 [pool-117-thread-1] INFO  server.RaftServerConfigKeys (ConfUtils.java:logGet(46)) - raft.server.rpc.slowness.timeout = 300s (custom)
2023-01-09 20:09:42,985 [pool-117-thread-1] INFO  server.RaftServerConfigKeys (ConfUtils.java:logGet(46)) - raft.server.leaderelection.leader.step-down.wait-time = 10s (default)
2023-01-09 20:09:42,985 [pool-117-thread-1] INFO  server.RaftServerConfigKeys (ConfUtils.java:logGet(46)) - raft.server.sleep.deviation.threshold = 300ms (default)
2023-01-09 20:09:42,997 [pool-117-thread-1] INFO  server.RaftServer$Division (ServerState.java:<init>(118)) - 37be314e-42cf-4ee9-a18e-baad7075c611@group-8057C2290820: ConfigurationManager, init=-1: peers:[37be314e-42cf-4ee9-a18e-baad7075c611|rpc:10.1.0.27:32955|dataStream:10.1.0.27:45453|priority:1|startupRole:FOLLOWER]|listeners:[], old=null, confs=<EMPTY_MAP>
2023-01-09 20:09:42,997 [pool-117-thread-1] INFO  server.RaftServerConfigKeys (ConfUtils.java:logGet(46)) - raft.server.storage.dir = [/home/runner/work/ozone/ozone/hadoop-ozone/integration-test/target/test-dir/MiniOzoneClusterImpl-dc953f1b-8f43-4e25-a114-36b3b0290d25/datanode-2/data/ratis] (custom)
2023-01-09 20:09:42,997 [pool-117-thread-1] INFO  server.RaftServerConfigKeys (ConfUtils.java:logGet(46)) - raft.server.log.corruption.policy = EXCEPTION (default)
2023-01-09 20:09:42,998 [pool-117-thread-1] INFO  server.RaftServerConfigKeys (ConfUtils.java:logGet(46)) - raft.server.storage.free-space.min = 0MB (=0) (default)
2023-01-09 20:09:42,998 [pool-117-thread-1] INFO  server.RaftServerConfigKeys (ConfUtils.java:logGet(46)) - raft.server.notification.no-leader.timeout = 300s (custom)
2023-01-09 20:09:42,998 [pool-117-thread-1] INFO  server.RaftServerConfigKeys (ConfUtils.java:logGet(46)) - raft.server.retrycache.expirytime = 600000ms (custom)
2023-01-09 20:09:42,998 [pool-117-thread-1] INFO  server.RaftServerConfigKeys (ConfUtils.java:logGet(46)) - raft.server.retrycache.statistics.expirytime = 100μs (default)
2023-01-09 20:09:43,007 [pool-117-thread-1] INFO  server.RaftServerConfigKeys (ConfUtils.java:logGet(46)) - raft.server.log.appender.install.snapshot.enabled = false (custom)
2023-01-09 20:09:43,007 [pool-117-thread-1] INFO  server.RaftServerConfigKeys (ConfUtils.java:logGet(46)) - raft.server.threadpool.server.cached = true (default)
2023-01-09 20:09:43,007 [pool-117-thread-1] INFO  server.RaftServerConfigKeys (ConfUtils.java:logGet(46)) - raft.server.threadpool.server.size = 0 (default)
2023-01-09 20:09:43,008 [pool-117-thread-1] INFO  server.RaftServerConfigKeys (ConfUtils.java:logGet(46)) - raft.server.threadpool.client.cached = true (default)
2023-01-09 20:09:43,008 [pool-117-thread-1] INFO  server.RaftServerConfigKeys (ConfUtils.java:logGet(46)) - raft.server.threadpool.client.size = 0 (default)
2023-01-09 20:09:43,008 [pool-117-thread-1] INFO  storage.RaftStorageDirectory (RaftStorageDirectoryImpl.java:analyzeStorage(137)) - The storage directory /home/runner/work/ozone/ozone/hadoop-ozone/integration-test/target/test-dir/MiniOzoneClusterImpl-dc953f1b-8f43-4e25-a114-36b3b0290d25/datanode-2/data/ratis/6182deb9-6b77-41a5-9e9d-8057c2290820 does not exist. Creating ...
2023-01-09 20:09:43,013 [pool-117-thread-1] INFO  storage.RaftStorageDirectory (RaftStorageDirectoryImpl.java:tryLock(231)) - Lock on /home/runner/work/ozone/ozone/hadoop-ozone/integration-test/target/test-dir/MiniOzoneClusterImpl-dc953f1b-8f43-4e25-a114-36b3b0290d25/datanode-2/data/ratis/6182deb9-6b77-41a5-9e9d-8057c2290820/in_use.lock acquired by nodename 50886@fv-az457-50
2023-01-09 20:09:43,014 [pool-117-thread-1] INFO  storage.RaftStorage (RaftStorageImpl.java:format(96)) - Storage directory /home/runner/work/ozone/ozone/hadoop-ozone/integration-test/target/test-dir/MiniOzoneClusterImpl-dc953f1b-8f43-4e25-a114-36b3b0290d25/datanode-2/data/ratis/6182deb9-6b77-41a5-9e9d-8057c2290820 has been successfully formatted.
2023-01-09 20:09:43,016 [pool-117-thread-1] INFO  ratis.ContainerStateMachine (ContainerStateMachine.java:loadSnapshot(240)) - group-8057C2290820: The snapshot info is null. Setting the last applied indexto:(t:0, i:~)
2023-01-09 20:09:43,018 [EventQueue-PipelineReportForPipelineReportHandler] INFO  pipeline.PipelineManagerImpl (PipelineManagerImpl.java:openPipeline(367)) - Pipeline Pipeline[ Id: 6182deb9-6b77-41a5-9e9d-8057c2290820, Nodes: 37be314e-42cf-4ee9-a18e-baad7075c611{ip: 10.1.0.27, host: fv-az457-50.3faczmgjfduuxnksfsdf43hgfa.dx.internal.cloudapp.net, ports: [REPLICATION=37507, RATIS=32955, RATIS_ADMIN=32955, RATIS_SERVER=32955, RATIS_DATASTREAM=45453, STANDALONE=41409], networkLocation: /default-rack, certSerialId: null, persistedOpState: IN_SERVICE, persistedOpStateExpiryEpochSec: 0}, ReplicationConfig: RATIS/ONE, State:ALLOCATED, leaderId:37be314e-42cf-4ee9-a18e-baad7075c611, CreationTimestamp2023-01-09T20:09:39.974Z[Etc/UTC]] moved to OPEN state
2023-01-09 20:09:43,019 [pool-117-thread-1] INFO  server.RaftServerConfigKeys (ConfUtils.java:logGet(46)) - raft.server.log.use.memory = false (default)
2023-01-09 20:09:43,019 [pool-117-thread-1] INFO  server.RaftServerConfigKeys (ConfUtils.java:logGet(46)) - raft.server.log.purge.gap = 1000000 (custom)
2023-01-09 20:09:43,019 [pool-117-thread-1] INFO  server.RaftServerConfigKeys (ConfUtils.java:logGet(46)) - raft.server.log.appender.buffer.byte-limit = 33554432 (custom)
2023-01-09 20:09:43,019 [pool-117-thread-1] INFO  server.RaftServerConfigKeys (ConfUtils.java:logGet(46)) - raft.server.log.statemachine.data.read.timeout = 1000ms (default)
2023-01-09 20:09:43,019 [EventQueue-OpenPipelineForHealthyPipelineSafeModeRule] INFO  safemode.SCMSafeModeManager (HealthyPipelineSafeModeRule.java:process(137)) - SCM in safe mode. Healthy pipelines reported count is 0, required healthy pipeline reported count is 1
2023-01-09 20:09:43,019 [pool-117-thread-1] INFO  server.RaftServerConfigKeys (ConfUtils.java:logGet(46)) - raft.server.log.purge.preservation.log.num = 0 (default)
2023-01-09 20:09:43,025 [pool-117-thread-1] INFO  server.RaftServerConfigKeys (ConfUtils.java:logGet(46)) - raft.server.log.segment.size.max = 1048576 (custom)
2023-01-09 20:09:43,025 [pool-117-thread-1] INFO  server.RaftServerConfigKeys (ConfUtils.java:logGet(46)) - raft.server.log.segment.cache.num.max = 2 (custom)
2023-01-09 20:09:43,026 [pool-117-thread-1] INFO  server.RaftServerConfigKeys (ConfUtils.java:logGet(46)) - raft.server.log.segment.cache.size.max = 200MB (=209715200) (default)
2023-01-09 20:09:43,026 [pool-117-thread-1] INFO  segmented.SegmentedRaftLogWorker (SegmentedRaftLogWorker.java:<init>(189)) - new 37be314e-42cf-4ee9-a18e-baad7075c611@group-8057C2290820-SegmentedRaftLogWorker for RaftStorageImpl:Storage Directory /home/runner/work/ozone/ozone/hadoop-ozone/integration-test/target/test-dir/MiniOzoneClusterImpl-dc953f1b-8f43-4e25-a114-36b3b0290d25/datanode-2/data/ratis/6182deb9-6b77-41a5-9e9d-8057c2290820
2023-01-09 20:09:43,026 [pool-117-thread-1] INFO  server.RaftServerConfigKeys (ConfUtils.java:logGet(46)) - raft.server.log.queue.byte-limit = 4294967296 (custom)
2023-01-09 20:09:43,026 [pool-117-thread-1] INFO  server.RaftServerConfigKeys (ConfUtils.java:logGet(46)) - raft.server.log.queue.element-limit = 1024 (custom)
2023-01-09 20:09:43,026 [pool-117-thread-1] INFO  server.RaftServerConfigKeys (ConfUtils.java:logGet(46)) - raft.server.log.segment.size.max = 1048576 (custom)
2023-01-09 20:09:43,026 [pool-117-thread-1] INFO  server.RaftServerConfigKeys (ConfUtils.java:logGet(46)) - raft.server.log.preallocated.size = 16384 (custom)
2023-01-09 20:09:43,026 [pool-117-thread-1] INFO  server.RaftServerConfigKeys (ConfUtils.java:logGet(46)) - raft.server.log.force.sync.num = 128 (default)
2023-01-09 20:09:43,026 [pool-117-thread-1] INFO  server.RaftServerConfigKeys (ConfUtils.java:logGet(46)) - raft.server.log.statemachine.data.sync = true (default)
2023-01-09 20:09:43,026 [pool-117-thread-1] INFO  server.RaftServerConfigKeys (ConfUtils.java:logGet(46)) - raft.server.log.statemachine.data.sync.timeout = 10s (default)
2023-01-09 20:09:43,026 [pool-117-thread-1] INFO  server.RaftServerConfigKeys (ConfUtils.java:logGet(46)) - raft.server.log.statemachine.data.sync.timeout.retry = -1 (default)
2023-01-09 20:09:43,032 [pool-117-thread-1] INFO  server.RaftServerConfigKeys (ConfUtils.java:logGet(46)) - raft.server.log.write.buffer.size = 1048576 (custom)
2023-01-09 20:09:43,033 [pool-117-thread-1] INFO  server.RaftServerConfigKeys (ConfUtils.java:logGet(46)) - raft.server.log.appender.buffer.byte-limit = 33554432 (custom)
2023-01-09 20:09:43,046 [pool-117-thread-1] INFO  server.RaftServerConfigKeys (ConfUtils.java:logGet(46)) - raft.server.log.unsafe-flush.enabled = false (default)
2023-01-09 20:09:43,046 [pool-117-thread-1] INFO  server.RaftServerConfigKeys (ConfUtils.java:logGet(46)) - raft.server.log.async-flush.enabled = false (default)
2023-01-09 20:09:43,046 [pool-117-thread-1] INFO  server.RaftServerConfigKeys (ConfUtils.java:logGet(46)) - raft.server.log.statemachine.data.caching.enabled = true (custom)
2023-01-09 20:09:43,047 [pool-117-thread-1] INFO  segmented.SegmentedRaftLogWorker (SegmentedRaftLogWorker.java:lambda$new$0(135)) - 37be314e-42cf-4ee9-a18e-baad7075c611@group-8057C2290820-SegmentedRaftLogWorker: flushIndex: setUnconditionally 0 -> -1
2023-01-09 20:09:43,047 [pool-117-thread-1] INFO  segmented.SegmentedRaftLogWorker (SegmentedRaftLogWorker.java:lambda$new$0(135)) - 37be314e-42cf-4ee9-a18e-baad7075c611@group-8057C2290820-SegmentedRaftLogWorker: safeCacheEvictIndex: setUnconditionally 0 -> -1
2023-01-09 20:09:43,052 [pool-117-thread-1] INFO  server.RaftServer$Division (RaftServerImpl.java:start(334)) - 37be314e-42cf-4ee9-a18e-baad7075c611@group-8057C2290820: start as a follower, conf=-1: peers:[37be314e-42cf-4ee9-a18e-baad7075c611|rpc:10.1.0.27:32955|dataStream:10.1.0.27:45453|priority:1|startupRole:FOLLOWER]|listeners:[], old=null
2023-01-09 20:09:43,052 [pool-117-thread-1] INFO  server.RaftServer$Division (RaftServerImpl.java:setRole(321)) - 37be314e-42cf-4ee9-a18e-baad7075c611@group-8057C2290820: changes role from      null to FOLLOWER at term 0 for startAsFollower
2023-01-09 20:09:43,052 [pool-117-thread-1] INFO  impl.RoleInfo (RoleInfo.java:updateAndGet(139)) - 37be314e-42cf-4ee9-a18e-baad7075c611: start 37be314e-42cf-4ee9-a18e-baad7075c611@group-8057C2290820-FollowerState
2023-01-09 20:09:43,056 [pool-117-thread-1] INFO  util.JmxRegister (JmxRegister.java:tryRegister(44)) - Successfully registered JMX Bean with object name Ratis:service=RaftServer,group=group-8057C2290820,id=37be314e-42cf-4ee9-a18e-baad7075c611
2023-01-09 20:09:43,056 [pool-117-thread-1] INFO  server.RaftServerConfigKeys (ConfUtils.java:logGet(46)) - raft.server.snapshot.auto.trigger.enabled = true (custom)
2023-01-09 20:09:43,056 [pool-117-thread-1] INFO  server.RaftServerConfigKeys (ConfUtils.java:logGet(46)) - raft.server.snapshot.auto.trigger.threshold = 10000 (custom)
2023-01-09 20:09:43,056 [pool-117-thread-1] INFO  server.RaftServerConfigKeys (ConfUtils.java:logGet(46)) - raft.server.snapshot.retention.file.num = 5 (custom)
2023-01-09 20:09:43,056 [pool-117-thread-1] INFO  server.RaftServerConfigKeys (ConfUtils.java:logGet(46)) - raft.server.log.purge.upto.snapshot.index = false (default)
2023-01-09 20:09:43,057 [37be314e-42cf-4ee9-a18e-baad7075c611@group-8057C2290820-FollowerState] INFO  server.RaftServerConfigKeys (ConfUtils.java:logFallback(53)) - raft.server.rpc.first-election.timeout.min = 5s (fallback to raft.server.rpc.timeout.min)
2023-01-09 20:09:43,058 [37be314e-42cf-4ee9-a18e-baad7075c611@group-8057C2290820-FollowerState] INFO  server.RaftServerConfigKeys (ConfUtils.java:logFallback(53)) - raft.server.rpc.first-election.timeout.max = 5200ms (fallback to raft.server.rpc.timeout.max)
2023-01-09 20:09:43,061 [Command processor thread] INFO  ratis.XceiverServerRatis (XceiverServerRatis.java:addGroup(806)) - Created group PipelineID=6182deb9-6b77-41a5-9e9d-8057c2290820
2023-01-09 20:09:43,061 [Command processor thread] INFO  commandhandler.CreatePipelineCommandHandler (CreatePipelineCommandHandler.java:handle(113)) - Created Pipeline RATIS ONE PipelineID=6182deb9-6b77-41a5-9e9d-8057c2290820.
2023-01-09 20:09:43,062 [Command processor thread] INFO  server.RaftServer (RaftServerProxy.java:addNew(96)) - 37be314e-42cf-4ee9-a18e-baad7075c611: addNew group-4B191A258550:[22174ed7-3438-44c1-87a9-382e0277420a|rpc:10.1.0.27:36955|dataStream:10.1.0.27:45849|priority:0|startupRole:FOLLOWER, 204ebb6c-eb9c-4605-8b0a-417067302917|rpc:10.1.0.27:38461|dataStream:10.1.0.27:40035|priority:0|startupRole:FOLLOWER, 37be314e-42cf-4ee9-a18e-baad7075c611|rpc:10.1.0.27:32955|dataStream:10.1.0.27:45453|priority:1|startupRole:FOLLOWER] returns group-4B191A258550:java.util.concurrent.CompletableFuture@2f9bfc56[Not completed]
2023-01-09 20:09:43,072 [pool-117-thread-1] INFO  server.RaftServer$Division (RaftServerImpl.java:<init>(195)) - 37be314e-42cf-4ee9-a18e-baad7075c611: new RaftServerImpl for group-4B191A258550:[22174ed7-3438-44c1-87a9-382e0277420a|rpc:10.1.0.27:36955|dataStream:10.1.0.27:45849|priority:0|startupRole:FOLLOWER, 204ebb6c-eb9c-4605-8b0a-417067302917|rpc:10.1.0.27:38461|dataStream:10.1.0.27:40035|priority:0|startupRole:FOLLOWER, 37be314e-42cf-4ee9-a18e-baad7075c611|rpc:10.1.0.27:32955|dataStream:10.1.0.27:45453|priority:1|startupRole:FOLLOWER] with ContainerStateMachine:uninitialized
2023-01-09 20:09:43,072 [pool-117-thread-1] INFO  server.RaftServerConfigKeys (ConfUtils.java:logGet(46)) - raft.server.rpc.timeout.min = 5s (custom)
2023-01-09 20:09:43,072 [pool-117-thread-1] INFO  server.RaftServerConfigKeys (ConfUtils.java:logGet(46)) - raft.server.rpc.timeout.max = 5200ms (custom)
2023-01-09 20:09:43,072 [pool-117-thread-1] INFO  server.RaftServerConfigKeys (ConfUtils.java:logGet(46)) - raft.server.rpc.sleep.time = 25ms (default)
2023-01-09 20:09:43,072 [pool-117-thread-1] INFO  server.RaftServerConfigKeys (ConfUtils.java:logGet(46)) - raft.server.rpc.slowness.timeout = 300s (custom)
2023-01-09 20:09:43,072 [pool-117-thread-1] INFO  server.RaftServerConfigKeys (ConfUtils.java:logGet(46)) - raft.server.leaderelection.leader.step-down.wait-time = 10s (default)
2023-01-09 20:09:43,072 [pool-117-thread-1] INFO  server.RaftServerConfigKeys (ConfUtils.java:logGet(46)) - raft.server.sleep.deviation.threshold = 300ms (default)
2023-01-09 20:09:43,072 [pool-117-thread-1] INFO  server.RaftServer$Division (ServerState.java:<init>(118)) - 37be314e-42cf-4ee9-a18e-baad7075c611@group-4B191A258550: ConfigurationManager, init=-1: peers:[22174ed7-3438-44c1-87a9-382e0277420a|rpc:10.1.0.27:36955|dataStream:10.1.0.27:45849|priority:0|startupRole:FOLLOWER, 204ebb6c-eb9c-4605-8b0a-417067302917|rpc:10.1.0.27:38461|dataStream:10.1.0.27:40035|priority:0|startupRole:FOLLOWER, 37be314e-42cf-4ee9-a18e-baad7075c611|rpc:10.1.0.27:32955|dataStream:10.1.0.27:45453|priority:1|startupRole:FOLLOWER]|listeners:[], old=null, confs=<EMPTY_MAP>
2023-01-09 20:09:43,072 [pool-117-thread-1] INFO  server.RaftServerConfigKeys (ConfUtils.java:logGet(46)) - raft.server.storage.dir = [/home/runner/work/ozone/ozone/hadoop-ozone/integration-test/target/test-dir/MiniOzoneClusterImpl-dc953f1b-8f43-4e25-a114-36b3b0290d25/datanode-2/data/ratis] (custom)
2023-01-09 20:09:43,073 [pool-117-thread-1] INFO  server.RaftServerConfigKeys (ConfUtils.java:logGet(46)) - raft.server.log.corruption.policy = EXCEPTION (default)
2023-01-09 20:09:43,073 [pool-117-thread-1] INFO  server.RaftServerConfigKeys (ConfUtils.java:logGet(46)) - raft.server.storage.free-space.min = 0MB (=0) (default)
2023-01-09 20:09:43,073 [pool-117-thread-1] INFO  server.RaftServerConfigKeys (ConfUtils.java:logGet(46)) - raft.server.notification.no-leader.timeout = 300s (custom)
2023-01-09 20:09:43,073 [pool-117-thread-1] INFO  server.RaftServerConfigKeys (ConfUtils.java:logGet(46)) - raft.server.retrycache.expirytime = 600000ms (custom)
2023-01-09 20:09:43,073 [pool-117-thread-1] INFO  server.RaftServerConfigKeys (ConfUtils.java:logGet(46)) - raft.server.retrycache.statistics.expirytime = 100μs (default)
2023-01-09 20:09:43,079 [pool-117-thread-1] INFO  server.RaftServerConfigKeys (ConfUtils.java:logGet(46)) - raft.server.log.appender.install.snapshot.enabled = false (custom)
2023-01-09 20:09:43,079 [pool-117-thread-1] INFO  server.RaftServerConfigKeys (ConfUtils.java:logGet(46)) - raft.server.threadpool.server.cached = true (default)
2023-01-09 20:09:43,079 [pool-117-thread-1] INFO  server.RaftServerConfigKeys (ConfUtils.java:logGet(46)) - raft.server.threadpool.server.size = 0 (default)
2023-01-09 20:09:43,079 [pool-117-thread-1] INFO  server.RaftServerConfigKeys (ConfUtils.java:logGet(46)) - raft.server.threadpool.client.cached = true (default)
2023-01-09 20:09:43,079 [pool-117-thread-1] INFO  server.RaftServerConfigKeys (ConfUtils.java:logGet(46)) - raft.server.threadpool.client.size = 0 (default)
2023-01-09 20:09:43,079 [pool-117-thread-1] INFO  storage.RaftStorageDirectory (RaftStorageDirectoryImpl.java:analyzeStorage(137)) - The storage directory /home/runner/work/ozone/ozone/hadoop-ozone/integration-test/target/test-dir/MiniOzoneClusterImpl-dc953f1b-8f43-4e25-a114-36b3b0290d25/datanode-2/data/ratis/1b64fb31-9dbf-4f34-a195-4b191a258550 does not exist. Creating ...
2023-01-09 20:09:43,081 [pool-117-thread-1] INFO  storage.RaftStorageDirectory (RaftStorageDirectoryImpl.java:tryLock(231)) - Lock on /home/runner/work/ozone/ozone/hadoop-ozone/integration-test/target/test-dir/MiniOzoneClusterImpl-dc953f1b-8f43-4e25-a114-36b3b0290d25/datanode-2/data/ratis/1b64fb31-9dbf-4f34-a195-4b191a258550/in_use.lock acquired by nodename 50886@fv-az457-50
2023-01-09 20:09:43,083 [pool-117-thread-1] INFO  storage.RaftStorage (RaftStorageImpl.java:format(96)) - Storage directory /home/runner/work/ozone/ozone/hadoop-ozone/integration-test/target/test-dir/MiniOzoneClusterImpl-dc953f1b-8f43-4e25-a114-36b3b0290d25/datanode-2/data/ratis/1b64fb31-9dbf-4f34-a195-4b191a258550 has been successfully formatted.
2023-01-09 20:09:43,084 [pool-117-thread-1] INFO  ratis.ContainerStateMachine (ContainerStateMachine.java:loadSnapshot(240)) - group-4B191A258550: The snapshot info is null. Setting the last applied indexto:(t:0, i:~)
2023-01-09 20:09:43,095 [pool-117-thread-1] INFO  server.RaftServerConfigKeys (ConfUtils.java:logGet(46)) - raft.server.log.use.memory = false (default)
2023-01-09 20:09:43,095 [pool-117-thread-1] INFO  server.RaftServerConfigKeys (ConfUtils.java:logGet(46)) - raft.server.log.purge.gap = 1000000 (custom)
2023-01-09 20:09:43,095 [pool-117-thread-1] INFO  server.RaftServerConfigKeys (ConfUtils.java:logGet(46)) - raft.server.log.appender.buffer.byte-limit = 33554432 (custom)
2023-01-09 20:09:43,095 [pool-117-thread-1] INFO  server.RaftServerConfigKeys (ConfUtils.java:logGet(46)) - raft.server.log.statemachine.data.read.timeout = 1000ms (default)
2023-01-09 20:09:43,095 [pool-117-thread-1] INFO  server.RaftServerConfigKeys (ConfUtils.java:logGet(46)) - raft.server.log.purge.preservation.log.num = 0 (default)
2023-01-09 20:09:43,095 [pool-117-thread-1] INFO  server.RaftServerConfigKeys (ConfUtils.java:logGet(46)) - raft.server.log.segment.size.max = 1048576 (custom)
2023-01-09 20:09:43,096 [pool-117-thread-1] INFO  server.RaftServerConfigKeys (ConfUtils.java:logGet(46)) - raft.server.log.segment.cache.num.max = 2 (custom)
2023-01-09 20:09:43,096 [pool-117-thread-1] INFO  server.RaftServerConfigKeys (ConfUtils.java:logGet(46)) - raft.server.log.segment.cache.size.max = 200MB (=209715200) (default)
2023-01-09 20:09:43,096 [pool-117-thread-1] INFO  segmented.SegmentedRaftLogWorker (SegmentedRaftLogWorker.java:<init>(189)) - new 37be314e-42cf-4ee9-a18e-baad7075c611@group-4B191A258550-SegmentedRaftLogWorker for RaftStorageImpl:Storage Directory /home/runner/work/ozone/ozone/hadoop-ozone/integration-test/target/test-dir/MiniOzoneClusterImpl-dc953f1b-8f43-4e25-a114-36b3b0290d25/datanode-2/data/ratis/1b64fb31-9dbf-4f34-a195-4b191a258550
2023-01-09 20:09:43,096 [pool-117-thread-1] INFO  server.RaftServerConfigKeys (ConfUtils.java:logGet(46)) - raft.server.log.queue.byte-limit = 4294967296 (custom)
2023-01-09 20:09:43,096 [pool-117-thread-1] INFO  server.RaftServerConfigKeys (ConfUtils.java:logGet(46)) - raft.server.log.queue.element-limit = 1024 (custom)
2023-01-09 20:09:43,096 [pool-117-thread-1] INFO  server.RaftServerConfigKeys (ConfUtils.java:logGet(46)) - raft.server.log.segment.size.max = 1048576 (custom)
2023-01-09 20:09:43,096 [pool-117-thread-1] INFO  server.RaftServerConfigKeys (ConfUtils.java:logGet(46)) - raft.server.log.preallocated.size = 16384 (custom)
2023-01-09 20:09:43,097 [pool-117-thread-1] INFO  server.RaftServerConfigKeys (ConfUtils.java:logGet(46)) - raft.server.log.force.sync.num = 128 (default)
2023-01-09 20:09:43,097 [pool-117-thread-1] INFO  server.RaftServerConfigKeys (ConfUtils.java:logGet(46)) - raft.server.log.statemachine.data.sync = true (default)
2023-01-09 20:09:43,097 [pool-117-thread-1] INFO  server.RaftServerConfigKeys (ConfUtils.java:logGet(46)) - raft.server.log.statemachine.data.sync.timeout = 10s (default)
2023-01-09 20:09:43,097 [pool-117-thread-1] INFO  server.RaftServerConfigKeys (ConfUtils.java:logGet(46)) - raft.server.log.statemachine.data.sync.timeout.retry = -1 (default)
2023-01-09 20:09:43,098 [pool-117-thread-1] INFO  server.RaftServerConfigKeys (ConfUtils.java:logGet(46)) - raft.server.log.write.buffer.size = 1048576 (custom)
2023-01-09 20:09:43,099 [EventQueue-OpenPipelineForHealthyPipelineSafeModeRule] INFO  safemode.SCMSafeModeManager (HealthyPipelineSafeModeRule.java:process(137)) - SCM in safe mode. Healthy pipelines reported count is 0, required healthy pipeline reported count is 1
2023-01-09 20:09:43,099 [pool-117-thread-1] INFO  server.RaftServerConfigKeys (ConfUtils.java:logGet(46)) - raft.server.log.appender.buffer.byte-limit = 33554432 (custom)
2023-01-09 20:09:43,127 [pool-117-thread-1] INFO  server.RaftServerConfigKeys (ConfUtils.java:logGet(46)) - raft.server.log.unsafe-flush.enabled = false (default)
2023-01-09 20:09:43,127 [pool-117-thread-1] INFO  server.RaftServerConfigKeys (ConfUtils.java:logGet(46)) - raft.server.log.async-flush.enabled = false (default)
2023-01-09 20:09:43,127 [pool-117-thread-1] INFO  server.RaftServerConfigKeys (ConfUtils.java:logGet(46)) - raft.server.log.statemachine.data.caching.enabled = true (custom)
2023-01-09 20:09:43,128 [pool-117-thread-1] INFO  segmented.SegmentedRaftLogWorker (SegmentedRaftLogWorker.java:lambda$new$0(135)) - 37be314e-42cf-4ee9-a18e-baad7075c611@group-4B191A258550-SegmentedRaftLogWorker: flushIndex: setUnconditionally 0 -> -1
2023-01-09 20:09:43,128 [pool-117-thread-1] INFO  segmented.SegmentedRaftLogWorker (SegmentedRaftLogWorker.java:lambda$new$0(135)) - 37be314e-42cf-4ee9-a18e-baad7075c611@group-4B191A258550-SegmentedRaftLogWorker: safeCacheEvictIndex: setUnconditionally 0 -> -1
2023-01-09 20:09:43,128 [pool-117-thread-1] INFO  server.RaftServer$Division (RaftServerImpl.java:start(334)) - 37be314e-42cf-4ee9-a18e-baad7075c611@group-4B191A258550: start as a follower, conf=-1: peers:[22174ed7-3438-44c1-87a9-382e0277420a|rpc:10.1.0.27:36955|dataStream:10.1.0.27:45849|priority:0|startupRole:FOLLOWER, 204ebb6c-eb9c-4605-8b0a-417067302917|rpc:10.1.0.27:38461|dataStream:10.1.0.27:40035|priority:0|startupRole:FOLLOWER, 37be314e-42cf-4ee9-a18e-baad7075c611|rpc:10.1.0.27:32955|dataStream:10.1.0.27:45453|priority:1|startupRole:FOLLOWER]|listeners:[], old=null
2023-01-09 20:09:43,128 [pool-117-thread-1] INFO  server.RaftServer$Division (RaftServerImpl.java:setRole(321)) - 37be314e-42cf-4ee9-a18e-baad7075c611@group-4B191A258550: changes role from      null to FOLLOWER at term 0 for startAsFollower
2023-01-09 20:09:43,129 [pool-117-thread-1] INFO  impl.RoleInfo (RoleInfo.java:updateAndGet(139)) - 37be314e-42cf-4ee9-a18e-baad7075c611: start 37be314e-42cf-4ee9-a18e-baad7075c611@group-4B191A258550-FollowerState
2023-01-09 20:09:43,129 [pool-117-thread-1] INFO  util.JmxRegister (JmxRegister.java:tryRegister(44)) - Successfully registered JMX Bean with object name Ratis:service=RaftServer,group=group-4B191A258550,id=37be314e-42cf-4ee9-a18e-baad7075c611
2023-01-09 20:09:43,129 [pool-117-thread-1] INFO  server.RaftServerConfigKeys (ConfUtils.java:logGet(46)) - raft.server.snapshot.auto.trigger.enabled = true (custom)
2023-01-09 20:09:43,129 [pool-117-thread-1] INFO  server.RaftServerConfigKeys (ConfUtils.java:logGet(46)) - raft.server.snapshot.auto.trigger.threshold = 10000 (custom)
2023-01-09 20:09:43,129 [pool-117-thread-1] INFO  server.RaftServerConfigKeys (ConfUtils.java:logGet(46)) - raft.server.snapshot.retention.file.num = 5 (custom)
2023-01-09 20:09:43,129 [pool-117-thread-1] INFO  server.RaftServerConfigKeys (ConfUtils.java:logGet(46)) - raft.server.log.purge.upto.snapshot.index = false (default)
2023-01-09 20:09:43,130 [37be314e-42cf-4ee9-a18e-baad7075c611@group-4B191A258550-FollowerState] INFO  server.RaftServerConfigKeys (ConfUtils.java:logFallback(53)) - raft.server.rpc.first-election.timeout.min = 5s (fallback to raft.server.rpc.timeout.min)
2023-01-09 20:09:43,131 [Command processor thread] INFO  ratis.XceiverServerRatis (XceiverServerRatis.java:addGroup(806)) - Created group PipelineID=1b64fb31-9dbf-4f34-a195-4b191a258550
2023-01-09 20:09:43,139 [37be314e-42cf-4ee9-a18e-baad7075c611@group-4B191A258550-FollowerState] INFO  server.RaftServerConfigKeys (ConfUtils.java:logFallback(53)) - raft.server.rpc.first-election.timeout.max = 5200ms (fallback to raft.server.rpc.timeout.max)
2023-01-09 20:09:43,185 [Command processor thread] INFO  commandhandler.CreatePipelineCommandHandler (CreatePipelineCommandHandler.java:handle(113)) - Created Pipeline RATIS THREE PipelineID=1b64fb31-9dbf-4f34-a195-4b191a258550.
2023-01-09 20:09:43,186 [Command processor thread] INFO  server.RaftServer (RaftServerProxy.java:addNew(96)) - 204ebb6c-eb9c-4605-8b0a-417067302917: addNew group-75780AEF7A1B:[22174ed7-3438-44c1-87a9-382e0277420a|rpc:10.1.0.27:36955|dataStream:10.1.0.27:45849|priority:1|startupRole:FOLLOWER, 204ebb6c-eb9c-4605-8b0a-417067302917|rpc:10.1.0.27:38461|dataStream:10.1.0.27:40035|priority:0|startupRole:FOLLOWER, 37be314e-42cf-4ee9-a18e-baad7075c611|rpc:10.1.0.27:32955|dataStream:10.1.0.27:45453|priority:0|startupRole:FOLLOWER] returns group-75780AEF7A1B:java.util.concurrent.CompletableFuture@6325684c[Not completed]
2023-01-09 20:09:43,187 [pool-71-thread-1] INFO  server.RaftServer$Division (RaftServerImpl.java:<init>(195)) - 204ebb6c-eb9c-4605-8b0a-417067302917: new RaftServerImpl for group-75780AEF7A1B:[22174ed7-3438-44c1-87a9-382e0277420a|rpc:10.1.0.27:36955|dataStream:10.1.0.27:45849|priority:1|startupRole:FOLLOWER, 204ebb6c-eb9c-4605-8b0a-417067302917|rpc:10.1.0.27:38461|dataStream:10.1.0.27:40035|priority:0|startupRole:FOLLOWER, 37be314e-42cf-4ee9-a18e-baad7075c611|rpc:10.1.0.27:32955|dataStream:10.1.0.27:45453|priority:0|startupRole:FOLLOWER] with ContainerStateMachine:uninitialized
2023-01-09 20:09:43,187 [pool-71-thread-1] INFO  server.RaftServerConfigKeys (ConfUtils.java:logGet(46)) - raft.server.rpc.timeout.min = 5s (custom)
2023-01-09 20:09:43,187 [pool-71-thread-1] INFO  server.RaftServerConfigKeys (ConfUtils.java:logGet(46)) - raft.server.rpc.timeout.max = 5200ms (custom)
2023-01-09 20:09:43,187 [pool-71-thread-1] INFO  server.RaftServerConfigKeys (ConfUtils.java:logGet(46)) - raft.server.rpc.sleep.time = 25ms (default)
2023-01-09 20:09:43,187 [pool-71-thread-1] INFO  server.RaftServerConfigKeys (ConfUtils.java:logGet(46)) - raft.server.rpc.slowness.timeout = 300s (custom)
2023-01-09 20:09:43,187 [pool-71-thread-1] INFO  server.RaftServerConfigKeys (ConfUtils.java:logGet(46)) - raft.server.leaderelection.leader.step-down.wait-time = 10s (default)
2023-01-09 20:09:43,187 [pool-71-thread-1] INFO  server.RaftServerConfigKeys (ConfUtils.java:logGet(46)) - raft.server.sleep.deviation.threshold = 300ms (default)
2023-01-09 20:09:43,188 [pool-71-thread-1] INFO  server.RaftServer$Division (ServerState.java:<init>(118)) - 204ebb6c-eb9c-4605-8b0a-417067302917@group-75780AEF7A1B: ConfigurationManager, init=-1: peers:[22174ed7-3438-44c1-87a9-382e0277420a|rpc:10.1.0.27:36955|dataStream:10.1.0.27:45849|priority:1|startupRole:FOLLOWER, 204ebb6c-eb9c-4605-8b0a-417067302917|rpc:10.1.0.27:38461|dataStream:10.1.0.27:40035|priority:0|startupRole:FOLLOWER, 37be314e-42cf-4ee9-a18e-baad7075c611|rpc:10.1.0.27:32955|dataStream:10.1.0.27:45453|priority:0|startupRole:FOLLOWER]|listeners:[], old=null, confs=<EMPTY_MAP>
2023-01-09 20:09:43,188 [pool-71-thread-1] INFO  server.RaftServerConfigKeys (ConfUtils.java:logGet(46)) - raft.server.storage.dir = [/home/runner/work/ozone/ozone/hadoop-ozone/integration-test/target/test-dir/MiniOzoneClusterImpl-dc953f1b-8f43-4e25-a114-36b3b0290d25/datanode-0/data/ratis] (custom)
2023-01-09 20:09:43,188 [pool-71-thread-1] INFO  server.RaftServerConfigKeys (ConfUtils.java:logGet(46)) - raft.server.log.corruption.policy = EXCEPTION (default)
2023-01-09 20:09:43,188 [pool-71-thread-1] INFO  server.RaftServerConfigKeys (ConfUtils.java:logGet(46)) - raft.server.storage.free-space.min = 0MB (=0) (default)
2023-01-09 20:09:43,188 [pool-71-thread-1] INFO  server.RaftServerConfigKeys (ConfUtils.java:logGet(46)) - raft.server.notification.no-leader.timeout = 300s (custom)
2023-01-09 20:09:43,188 [pool-71-thread-1] INFO  server.RaftServerConfigKeys (ConfUtils.java:logGet(46)) - raft.server.retrycache.expirytime = 600000ms (custom)
2023-01-09 20:09:43,188 [pool-71-thread-1] INFO  server.RaftServerConfigKeys (ConfUtils.java:logGet(46)) - raft.server.retrycache.statistics.expirytime = 100μs (default)
2023-01-09 20:09:43,189 [Command processor thread] INFO  commandhandler.CreatePipelineCommandHandler (CreatePipelineCommandHandler.java:handle(113)) - Created Pipeline RATIS THREE PipelineID=1b64fb31-9dbf-4f34-a195-4b191a258550.
2023-01-09 20:09:43,196 [pool-94-thread-1] INFO  server.RaftServer$Division (RaftServerImpl.java:<init>(195)) - 22174ed7-3438-44c1-87a9-382e0277420a: new RaftServerImpl for group-75780AEF7A1B:[22174ed7-3438-44c1-87a9-382e0277420a|rpc:10.1.0.27:36955|dataStream:10.1.0.27:45849|priority:1|startupRole:FOLLOWER, 204ebb6c-eb9c-4605-8b0a-417067302917|rpc:10.1.0.27:38461|dataStream:10.1.0.27:40035|priority:0|startupRole:FOLLOWER, 37be314e-42cf-4ee9-a18e-baad7075c611|rpc:10.1.0.27:32955|dataStream:10.1.0.27:45453|priority:0|startupRole:FOLLOWER] with ContainerStateMachine:uninitialized
2023-01-09 20:09:43,196 [pool-94-thread-1] INFO  server.RaftServerConfigKeys (ConfUtils.java:logGet(46)) - raft.server.rpc.timeout.min = 5s (custom)
2023-01-09 20:09:43,196 [pool-94-thread-1] INFO  server.RaftServerConfigKeys (ConfUtils.java:logGet(46)) - raft.server.rpc.timeout.max = 5200ms (custom)
2023-01-09 20:09:43,196 [pool-94-thread-1] INFO  server.RaftServerConfigKeys (ConfUtils.java:logGet(46)) - raft.server.rpc.sleep.time = 25ms (default)
2023-01-09 20:09:43,196 [pool-94-thread-1] INFO  server.RaftServerConfigKeys (ConfUtils.java:logGet(46)) - raft.server.rpc.slowness.timeout = 300s (custom)
2023-01-09 20:09:43,196 [pool-94-thread-1] INFO  server.RaftServerConfigKeys (ConfUtils.java:logGet(46)) - raft.server.leaderelection.leader.step-down.wait-time = 10s (default)
2023-01-09 20:09:43,196 [pool-94-thread-1] INFO  server.RaftServerConfigKeys (ConfUtils.java:logGet(46)) - raft.server.sleep.deviation.threshold = 300ms (default)
2023-01-09 20:09:43,196 [pool-94-thread-1] INFO  server.RaftServer$Division (ServerState.java:<init>(118)) - 22174ed7-3438-44c1-87a9-382e0277420a@group-75780AEF7A1B: ConfigurationManager, init=-1: peers:[22174ed7-3438-44c1-87a9-382e0277420a|rpc:10.1.0.27:36955|dataStream:10.1.0.27:45849|priority:1|startupRole:FOLLOWER, 204ebb6c-eb9c-4605-8b0a-417067302917|rpc:10.1.0.27:38461|dataStream:10.1.0.27:40035|priority:0|startupRole:FOLLOWER, 37be314e-42cf-4ee9-a18e-baad7075c611|rpc:10.1.0.27:32955|dataStream:10.1.0.27:45453|priority:0|startupRole:FOLLOWER]|listeners:[], old=null, confs=<EMPTY_MAP>
2023-01-09 20:09:43,196 [pool-94-thread-1] INFO  server.RaftServerConfigKeys (ConfUtils.java:logGet(46)) - raft.server.storage.dir = [/home/runner/work/ozone/ozone/hadoop-ozone/integration-test/target/test-dir/MiniOzoneClusterImpl-dc953f1b-8f43-4e25-a114-36b3b0290d25/datanode-1/data/ratis] (custom)
2023-01-09 20:09:43,197 [pool-94-thread-1] INFO  server.RaftServerConfigKeys (ConfUtils.java:logGet(46)) - raft.server.log.corruption.policy = EXCEPTION (default)
2023-01-09 20:09:43,197 [pool-94-thread-1] INFO  server.RaftServerConfigKeys (ConfUtils.java:logGet(46)) - raft.server.storage.free-space.min = 0MB (=0) (default)
2023-01-09 20:09:43,197 [pool-94-thread-1] INFO  server.RaftServerConfigKeys (ConfUtils.java:logGet(46)) - raft.server.notification.no-leader.timeout = 300s (custom)
2023-01-09 20:09:43,197 [pool-94-thread-1] INFO  server.RaftServerConfigKeys (ConfUtils.java:logGet(46)) - raft.server.retrycache.expirytime = 600000ms (custom)
2023-01-09 20:09:43,197 [pool-94-thread-1] INFO  server.RaftServerConfigKeys (ConfUtils.java:logGet(46)) - raft.server.retrycache.statistics.expirytime = 100μs (default)
2023-01-09 20:09:43,199 [Command processor thread] INFO  server.RaftServer (RaftServerProxy.java:addNew(96)) - 22174ed7-3438-44c1-87a9-382e0277420a: addNew group-75780AEF7A1B:[22174ed7-3438-44c1-87a9-382e0277420a|rpc:10.1.0.27:36955|dataStream:10.1.0.27:45849|priority:1|startupRole:FOLLOWER, 204ebb6c-eb9c-4605-8b0a-417067302917|rpc:10.1.0.27:38461|dataStream:10.1.0.27:40035|priority:0|startupRole:FOLLOWER, 37be314e-42cf-4ee9-a18e-baad7075c611|rpc:10.1.0.27:32955|dataStream:10.1.0.27:45453|priority:0|startupRole:FOLLOWER] returns group-75780AEF7A1B:java.util.concurrent.CompletableFuture@5b2eb090[Not completed]
2023-01-09 20:09:43,191 [pool-71-thread-1] INFO  server.RaftServerConfigKeys (ConfUtils.java:logGet(46)) - raft.server.log.appender.install.snapshot.enabled = false (custom)
2023-01-09 20:09:43,201 [pool-71-thread-1] INFO  server.RaftServerConfigKeys (ConfUtils.java:logGet(46)) - raft.server.threadpool.server.cached = true (default)
2023-01-09 20:09:43,201 [pool-71-thread-1] INFO  server.RaftServerConfigKeys (ConfUtils.java:logGet(46)) - raft.server.threadpool.server.size = 0 (default)
2023-01-09 20:09:43,201 [pool-71-thread-1] INFO  server.RaftServerConfigKeys (ConfUtils.java:logGet(46)) - raft.server.threadpool.client.cached = true (default)
2023-01-09 20:09:43,202 [pool-71-thread-1] INFO  server.RaftServerConfigKeys (ConfUtils.java:logGet(46)) - raft.server.threadpool.client.size = 0 (default)
2023-01-09 20:09:43,202 [pool-71-thread-1] INFO  storage.RaftStorageDirectory (RaftStorageDirectoryImpl.java:analyzeStorage(137)) - The storage directory /home/runner/work/ozone/ozone/hadoop-ozone/integration-test/target/test-dir/MiniOzoneClusterImpl-dc953f1b-8f43-4e25-a114-36b3b0290d25/datanode-0/data/ratis/ebca2a99-9b62-4d3d-9b82-75780aef7a1b does not exist. Creating ...
2023-01-09 20:09:43,200 [pool-94-thread-1] INFO  server.RaftServerConfigKeys (ConfUtils.java:logGet(46)) - raft.server.log.appender.install.snapshot.enabled = false (custom)
2023-01-09 20:09:43,203 [pool-94-thread-1] INFO  server.RaftServerConfigKeys (ConfUtils.java:logGet(46)) - raft.server.threadpool.server.cached = true (default)
2023-01-09 20:09:43,203 [pool-94-thread-1] INFO  server.RaftServerConfigKeys (ConfUtils.java:logGet(46)) - raft.server.threadpool.server.size = 0 (default)
2023-01-09 20:09:43,203 [pool-94-thread-1] INFO  server.RaftServerConfigKeys (ConfUtils.java:logGet(46)) - raft.server.threadpool.client.cached = true (default)
2023-01-09 20:09:43,203 [pool-94-thread-1] INFO  server.RaftServerConfigKeys (ConfUtils.java:logGet(46)) - raft.server.threadpool.client.size = 0 (default)
2023-01-09 20:09:43,203 [pool-94-thread-1] INFO  storage.RaftStorageDirectory (RaftStorageDirectoryImpl.java:analyzeStorage(137)) - The storage directory /home/runner/work/ozone/ozone/hadoop-ozone/integration-test/target/test-dir/MiniOzoneClusterImpl-dc953f1b-8f43-4e25-a114-36b3b0290d25/datanode-1/data/ratis/ebca2a99-9b62-4d3d-9b82-75780aef7a1b does not exist. Creating ...
2023-01-09 20:09:43,204 [pool-71-thread-1] INFO  storage.RaftStorageDirectory (RaftStorageDirectoryImpl.java:tryLock(231)) - Lock on /home/runner/work/ozone/ozone/hadoop-ozone/integration-test/target/test-dir/MiniOzoneClusterImpl-dc953f1b-8f43-4e25-a114-36b3b0290d25/datanode-0/data/ratis/ebca2a99-9b62-4d3d-9b82-75780aef7a1b/in_use.lock acquired by nodename 50886@fv-az457-50
2023-01-09 20:09:43,205 [pool-94-thread-1] INFO  storage.RaftStorageDirectory (RaftStorageDirectoryImpl.java:tryLock(231)) - Lock on /home/runner/work/ozone/ozone/hadoop-ozone/integration-test/target/test-dir/MiniOzoneClusterImpl-dc953f1b-8f43-4e25-a114-36b3b0290d25/datanode-1/data/ratis/ebca2a99-9b62-4d3d-9b82-75780aef7a1b/in_use.lock acquired by nodename 50886@fv-az457-50
2023-01-09 20:09:43,207 [pool-71-thread-1] INFO  storage.RaftStorage (RaftStorageImpl.java:format(96)) - Storage directory /home/runner/work/ozone/ozone/hadoop-ozone/integration-test/target/test-dir/MiniOzoneClusterImpl-dc953f1b-8f43-4e25-a114-36b3b0290d25/datanode-0/data/ratis/ebca2a99-9b62-4d3d-9b82-75780aef7a1b has been successfully formatted.
2023-01-09 20:09:43,208 [pool-71-thread-1] INFO  ratis.ContainerStateMachine (ContainerStateMachine.java:loadSnapshot(240)) - group-75780AEF7A1B: The snapshot info is null. Setting the last applied indexto:(t:0, i:~)
2023-01-09 20:09:43,208 [pool-71-thread-1] INFO  server.RaftServerConfigKeys (ConfUtils.java:logGet(46)) - raft.server.log.use.memory = false (default)
2023-01-09 20:09:43,208 [pool-71-thread-1] INFO  server.RaftServerConfigKeys (ConfUtils.java:logGet(46)) - raft.server.log.purge.gap = 1000000 (custom)
2023-01-09 20:09:43,208 [pool-71-thread-1] INFO  server.RaftServerConfigKeys (ConfUtils.java:logGet(46)) - raft.server.log.appender.buffer.byte-limit = 33554432 (custom)
2023-01-09 20:09:43,208 [pool-71-thread-1] INFO  server.RaftServerConfigKeys (ConfUtils.java:logGet(46)) - raft.server.log.statemachine.data.read.timeout = 1000ms (default)
2023-01-09 20:09:43,209 [pool-71-thread-1] INFO  server.RaftServerConfigKeys (ConfUtils.java:logGet(46)) - raft.server.log.purge.preservation.log.num = 0 (default)
2023-01-09 20:09:43,210 [pool-71-thread-1] INFO  server.RaftServerConfigKeys (ConfUtils.java:logGet(46)) - raft.server.log.segment.size.max = 1048576 (custom)
2023-01-09 20:09:43,210 [pool-71-thread-1] INFO  server.RaftServerConfigKeys (ConfUtils.java:logGet(46)) - raft.server.log.segment.cache.num.max = 2 (custom)
2023-01-09 20:09:43,210 [pool-71-thread-1] INFO  server.RaftServerConfigKeys (ConfUtils.java:logGet(46)) - raft.server.log.segment.cache.size.max = 200MB (=209715200) (default)
2023-01-09 20:09:43,211 [pool-71-thread-1] INFO  segmented.SegmentedRaftLogWorker (SegmentedRaftLogWorker.java:<init>(189)) - new 204ebb6c-eb9c-4605-8b0a-417067302917@group-75780AEF7A1B-SegmentedRaftLogWorker for RaftStorageImpl:Storage Directory /home/runner/work/ozone/ozone/hadoop-ozone/integration-test/target/test-dir/MiniOzoneClusterImpl-dc953f1b-8f43-4e25-a114-36b3b0290d25/datanode-0/data/ratis/ebca2a99-9b62-4d3d-9b82-75780aef7a1b
2023-01-09 20:09:43,211 [pool-71-thread-1] INFO  server.RaftServerConfigKeys (ConfUtils.java:logGet(46)) - raft.server.log.queue.byte-limit = 4294967296 (custom)
2023-01-09 20:09:43,211 [pool-71-thread-1] INFO  server.RaftServerConfigKeys (ConfUtils.java:logGet(46)) - raft.server.log.queue.element-limit = 1024 (custom)
2023-01-09 20:09:43,211 [pool-71-thread-1] INFO  server.RaftServerConfigKeys (ConfUtils.java:logGet(46)) - raft.server.log.segment.size.max = 1048576 (custom)
2023-01-09 20:09:43,211 [pool-71-thread-1] INFO  server.RaftServerConfigKeys (ConfUtils.java:logGet(46)) - raft.server.log.preallocated.size = 16384 (custom)
2023-01-09 20:09:43,211 [pool-71-thread-1] INFO  server.RaftServerConfigKeys (ConfUtils.java:logGet(46)) - raft.server.log.force.sync.num = 128 (default)
2023-01-09 20:09:43,211 [pool-71-thread-1] INFO  server.RaftServerConfigKeys (ConfUtils.java:logGet(46)) - raft.server.log.statemachine.data.sync = true (default)
2023-01-09 20:09:43,211 [pool-71-thread-1] INFO  server.RaftServerConfigKeys (ConfUtils.java:logGet(46)) - raft.server.log.statemachine.data.sync.timeout = 10s (default)
2023-01-09 20:09:43,211 [pool-71-thread-1] INFO  server.RaftServerConfigKeys (ConfUtils.java:logGet(46)) - raft.server.log.statemachine.data.sync.timeout.retry = -1 (default)
2023-01-09 20:09:43,213 [pool-71-thread-1] INFO  server.RaftServerConfigKeys (ConfUtils.java:logGet(46)) - raft.server.log.write.buffer.size = 1048576 (custom)
2023-01-09 20:09:43,214 [pool-71-thread-1] INFO  server.RaftServerConfigKeys (ConfUtils.java:logGet(46)) - raft.server.log.appender.buffer.byte-limit = 33554432 (custom)
2023-01-09 20:09:43,208 [pool-94-thread-1] INFO  storage.RaftStorage (RaftStorageImpl.java:format(96)) - Storage directory /home/runner/work/ozone/ozone/hadoop-ozone/integration-test/target/test-dir/MiniOzoneClusterImpl-dc953f1b-8f43-4e25-a114-36b3b0290d25/datanode-1/data/ratis/ebca2a99-9b62-4d3d-9b82-75780aef7a1b has been successfully formatted.
2023-01-09 20:09:43,208 [Listener at 127.0.0.1/33951] INFO  ozone.MiniOzoneClusterImpl (MiniOzoneClusterImpl.java:lambda$waitForClusterToBeReady$0(218)) - Waiting for nodes to be ready. Got 9 of 10 DN Heartbeats.
2023-01-09 20:09:43,215 [Listener at 127.0.0.1/33951] INFO  ozone.MiniOzoneClusterImpl (MiniOzoneClusterImpl.java:lambda$waitForClusterToBeReady$0(221)) - Waiting for cluster to exit safe mode
2023-01-09 20:09:43,215 [Listener at 127.0.0.1/33951] INFO  ozone.MiniOzoneClusterImpl (MiniOzoneClusterImpl.java:lambda$waitForClusterToBeReady$0(223)) - SCM became leader
2023-01-09 20:09:43,216 [pool-94-thread-1] INFO  ratis.ContainerStateMachine (ContainerStateMachine.java:loadSnapshot(240)) - group-75780AEF7A1B: The snapshot info is null. Setting the last applied indexto:(t:0, i:~)
2023-01-09 20:09:43,216 [pool-94-thread-1] INFO  server.RaftServerConfigKeys (ConfUtils.java:logGet(46)) - raft.server.log.use.memory = false (default)
2023-01-09 20:09:43,216 [pool-94-thread-1] INFO  server.RaftServerConfigKeys (ConfUtils.java:logGet(46)) - raft.server.log.purge.gap = 1000000 (custom)
2023-01-09 20:09:43,216 [pool-94-thread-1] INFO  server.RaftServerConfigKeys (ConfUtils.java:logGet(46)) - raft.server.log.appender.buffer.byte-limit = 33554432 (custom)
2023-01-09 20:09:43,216 [pool-94-thread-1] INFO  server.RaftServerConfigKeys (ConfUtils.java:logGet(46)) - raft.server.log.statemachine.data.read.timeout = 1000ms (default)
2023-01-09 20:09:43,216 [pool-94-thread-1] INFO  server.RaftServerConfigKeys (ConfUtils.java:logGet(46)) - raft.server.log.purge.preservation.log.num = 0 (default)
2023-01-09 20:09:43,217 [pool-94-thread-1] INFO  server.RaftServerConfigKeys (ConfUtils.java:logGet(46)) - raft.server.log.segment.size.max = 1048576 (custom)
2023-01-09 20:09:43,218 [pool-94-thread-1] INFO  server.RaftServerConfigKeys (ConfUtils.java:logGet(46)) - raft.server.log.segment.cache.num.max = 2 (custom)
2023-01-09 20:09:43,218 [pool-94-thread-1] INFO  server.RaftServerConfigKeys (ConfUtils.java:logGet(46)) - raft.server.log.segment.cache.size.max = 200MB (=209715200) (default)
2023-01-09 20:09:43,218 [pool-94-thread-1] INFO  segmented.SegmentedRaftLogWorker (SegmentedRaftLogWorker.java:<init>(189)) - new 22174ed7-3438-44c1-87a9-382e0277420a@group-75780AEF7A1B-SegmentedRaftLogWorker for RaftStorageImpl:Storage Directory /home/runner/work/ozone/ozone/hadoop-ozone/integration-test/target/test-dir/MiniOzoneClusterImpl-dc953f1b-8f43-4e25-a114-36b3b0290d25/datanode-1/data/ratis/ebca2a99-9b62-4d3d-9b82-75780aef7a1b
2023-01-09 20:09:43,218 [pool-94-thread-1] INFO  server.RaftServerConfigKeys (ConfUtils.java:logGet(46)) - raft.server.log.queue.byte-limit = 4294967296 (custom)
2023-01-09 20:09:43,218 [pool-94-thread-1] INFO  server.RaftServerConfigKeys (ConfUtils.java:logGet(46)) - raft.server.log.queue.element-limit = 1024 (custom)
2023-01-09 20:09:43,218 [pool-94-thread-1] INFO  server.RaftServerConfigKeys (ConfUtils.java:logGet(46)) - raft.server.log.segment.size.max = 1048576 (custom)
2023-01-09 20:09:43,218 [pool-94-thread-1] INFO  server.RaftServerConfigKeys (ConfUtils.java:logGet(46)) - raft.server.log.preallocated.size = 16384 (custom)
2023-01-09 20:09:43,218 [pool-94-thread-1] INFO  server.RaftServerConfigKeys (ConfUtils.java:logGet(46)) - raft.server.log.force.sync.num = 128 (default)
2023-01-09 20:09:43,218 [pool-94-thread-1] INFO  server.RaftServerConfigKeys (ConfUtils.java:logGet(46)) - raft.server.log.statemachine.data.sync = true (default)
2023-01-09 20:09:43,218 [pool-94-thread-1] INFO  server.RaftServerConfigKeys (ConfUtils.java:logGet(46)) - raft.server.log.statemachine.data.sync.timeout = 10s (default)
2023-01-09 20:09:43,218 [pool-94-thread-1] INFO  server.RaftServerConfigKeys (ConfUtils.java:logGet(46)) - raft.server.log.statemachine.data.sync.timeout.retry = -1 (default)
2023-01-09 20:09:43,234 [EventQueue-OpenPipelineForHealthyPipelineSafeModeRule] INFO  safemode.SCMSafeModeManager (HealthyPipelineSafeModeRule.java:process(137)) - SCM in safe mode. Healthy pipelines reported count is 0, required healthy pipeline reported count is 1
2023-01-09 20:09:43,236 [pool-94-thread-1] INFO  server.RaftServerConfigKeys (ConfUtils.java:logGet(46)) - raft.server.log.write.buffer.size = 1048576 (custom)
2023-01-09 20:09:43,240 [pool-94-thread-1] INFO  server.RaftServerConfigKeys (ConfUtils.java:logGet(46)) - raft.server.log.appender.buffer.byte-limit = 33554432 (custom)
2023-01-09 20:09:43,243 [EventQueue-OpenPipelineForHealthyPipelineSafeModeRule] INFO  safemode.SCMSafeModeManager (HealthyPipelineSafeModeRule.java:process(137)) - SCM in safe mode. Healthy pipelines reported count is 0, required healthy pipeline reported count is 1
2023-01-09 20:09:43,245 [pool-71-thread-1] INFO  server.RaftServerConfigKeys (ConfUtils.java:logGet(46)) - raft.server.log.unsafe-flush.enabled = false (default)
2023-01-09 20:09:43,245 [pool-71-thread-1] INFO  server.RaftServerConfigKeys (ConfUtils.java:logGet(46)) - raft.server.log.async-flush.enabled = false (default)
2023-01-09 20:09:43,250 [pool-71-thread-1] INFO  server.RaftServerConfigKeys (ConfUtils.java:logGet(46)) - raft.server.log.statemachine.data.caching.enabled = true (custom)
2023-01-09 20:09:43,250 [pool-71-thread-1] INFO  segmented.SegmentedRaftLogWorker (SegmentedRaftLogWorker.java:lambda$new$0(135)) - 204ebb6c-eb9c-4605-8b0a-417067302917@group-75780AEF7A1B-SegmentedRaftLogWorker: flushIndex: setUnconditionally 0 -> -1
2023-01-09 20:09:43,250 [pool-71-thread-1] INFO  segmented.SegmentedRaftLogWorker (SegmentedRaftLogWorker.java:lambda$new$0(135)) - 204ebb6c-eb9c-4605-8b0a-417067302917@group-75780AEF7A1B-SegmentedRaftLogWorker: safeCacheEvictIndex: setUnconditionally 0 -> -1
2023-01-09 20:09:43,251 [pool-71-thread-1] INFO  server.RaftServer$Division (RaftServerImpl.java:start(334)) - 204ebb6c-eb9c-4605-8b0a-417067302917@group-75780AEF7A1B: start as a follower, conf=-1: peers:[22174ed7-3438-44c1-87a9-382e0277420a|rpc:10.1.0.27:36955|dataStream:10.1.0.27:45849|priority:1|startupRole:FOLLOWER, 204ebb6c-eb9c-4605-8b0a-417067302917|rpc:10.1.0.27:38461|dataStream:10.1.0.27:40035|priority:0|startupRole:FOLLOWER, 37be314e-42cf-4ee9-a18e-baad7075c611|rpc:10.1.0.27:32955|dataStream:10.1.0.27:45453|priority:0|startupRole:FOLLOWER]|listeners:[], old=null
2023-01-09 20:09:43,252 [pool-71-thread-1] INFO  server.RaftServer$Division (RaftServerImpl.java:setRole(321)) - 204ebb6c-eb9c-4605-8b0a-417067302917@group-75780AEF7A1B: changes role from      null to FOLLOWER at term 0 for startAsFollower
2023-01-09 20:09:43,252 [pool-71-thread-1] INFO  impl.RoleInfo (RoleInfo.java:updateAndGet(139)) - 204ebb6c-eb9c-4605-8b0a-417067302917: start 204ebb6c-eb9c-4605-8b0a-417067302917@group-75780AEF7A1B-FollowerState
2023-01-09 20:09:43,252 [IPC Server handler 12 on default port 33549] INFO  net.NetworkTopologyImpl (NetworkTopologyImpl.java:add(112)) - Added a new node: /default-rack/11dbea26-f97e-4766-b357-e6f8c74d2a9f
2023-01-09 20:09:43,252 [pool-71-thread-1] INFO  util.JmxRegister (JmxRegister.java:tryRegister(44)) - Successfully registered JMX Bean with object name Ratis:service=RaftServer,group=group-75780AEF7A1B,id=204ebb6c-eb9c-4605-8b0a-417067302917
2023-01-09 20:09:43,254 [IPC Server handler 12 on default port 33549] INFO  node.SCMNodeManager (SCMNodeManager.java:register(397)) - Registered Data node : 11dbea26-f97e-4766-b357-e6f8c74d2a9f{ip: 10.1.0.27, host: fv-az457-50.3faczmgjfduuxnksfsdf43hgfa.dx.internal.cloudapp.net, ports: [REPLICATION=45451, RATIS=34435, RATIS_ADMIN=34435, RATIS_SERVER=34435, RATIS_DATASTREAM=45933, STANDALONE=33343], networkLocation: /default-rack, certSerialId: null, persistedOpState: null, persistedOpStateExpiryEpochSec: 0}
2023-01-09 20:09:43,254 [pool-71-thread-1] INFO  server.RaftServerConfigKeys (ConfUtils.java:logGet(46)) - raft.server.snapshot.auto.trigger.enabled = true (custom)
2023-01-09 20:09:43,254 [pool-71-thread-1] INFO  server.RaftServerConfigKeys (ConfUtils.java:logGet(46)) - raft.server.snapshot.auto.trigger.threshold = 10000 (custom)
2023-01-09 20:09:43,254 [pool-71-thread-1] INFO  server.RaftServerConfigKeys (ConfUtils.java:logGet(46)) - raft.server.snapshot.retention.file.num = 5 (custom)
2023-01-09 20:09:43,254 [pool-71-thread-1] INFO  server.RaftServerConfigKeys (ConfUtils.java:logGet(46)) - raft.server.log.purge.upto.snapshot.index = false (default)
2023-01-09 20:09:43,255 [EventQueue-NewNodeForNewNodeHandler] INFO  pipeline.BackgroundPipelineCreator (BackgroundPipelineCreator.java:notifyEventTriggered(276)) - trigger a one-shot run on RatisPipelineUtilsThread.
2023-01-09 20:09:43,256 [RatisPipelineUtilsThread - 0] INFO  pipeline.RatisPipelineProvider (RatisPipelineProvider.java:lambda$create$0(206)) - Sending CreatePipelineCommand for pipeline:PipelineID=3b96d783-9c96-48a0-9967-bf7384a7d9b8 to datanode:11dbea26-f97e-4766-b357-e6f8c74d2a9f
2023-01-09 20:09:43,257 [RatisPipelineUtilsThread - 0] INFO  pipeline.PipelineStateManagerImpl (PipelineStateManagerImpl.java:addPipeline(103)) - Created pipeline Pipeline[ Id: 3b96d783-9c96-48a0-9967-bf7384a7d9b8, Nodes: 11dbea26-f97e-4766-b357-e6f8c74d2a9f{ip: 10.1.0.27, host: fv-az457-50.3faczmgjfduuxnksfsdf43hgfa.dx.internal.cloudapp.net, ports: [REPLICATION=45451, RATIS=34435, RATIS_ADMIN=34435, RATIS_SERVER=34435, RATIS_DATASTREAM=45933, STANDALONE=33343], networkLocation: /default-rack, certSerialId: null, persistedOpState: IN_SERVICE, persistedOpStateExpiryEpochSec: 0}, ReplicationConfig: RATIS/ONE, State:ALLOCATED, leaderId:, CreationTimestamp2023-01-09T20:09:43.256Z[Etc/UTC]].
2023-01-09 20:09:43,258 [Command processor thread] INFO  ratis.XceiverServerRatis (XceiverServerRatis.java:addGroup(806)) - Created group PipelineID=ebca2a99-9b62-4d3d-9b82-75780aef7a1b
2023-01-09 20:09:43,258 [RatisPipelineUtilsThread - 0] WARN  pipeline.PipelinePlacementPolicy (PipelinePlacementPolicy.java:filterViableNodes(158)) - Pipeline creation failed due to no sufficient healthy datanodes. Required 3. Found 1.
2023-01-09 20:09:43,250 [pool-94-thread-1] INFO  server.RaftServerConfigKeys (ConfUtils.java:logGet(46)) - raft.server.log.unsafe-flush.enabled = false (default)
2023-01-09 20:09:43,263 [pool-94-thread-1] INFO  server.RaftServerConfigKeys (ConfUtils.java:logGet(46)) - raft.server.log.async-flush.enabled = false (default)
2023-01-09 20:09:43,263 [pool-94-thread-1] INFO  server.RaftServerConfigKeys (ConfUtils.java:logGet(46)) - raft.server.log.statemachine.data.caching.enabled = true (custom)
2023-01-09 20:09:43,263 [pool-94-thread-1] INFO  segmented.SegmentedRaftLogWorker (SegmentedRaftLogWorker.java:lambda$new$0(135)) - 22174ed7-3438-44c1-87a9-382e0277420a@group-75780AEF7A1B-SegmentedRaftLogWorker: flushIndex: setUnconditionally 0 -> -1
2023-01-09 20:09:43,263 [pool-94-thread-1] INFO  segmented.SegmentedRaftLogWorker (SegmentedRaftLogWorker.java:lambda$new$0(135)) - 22174ed7-3438-44c1-87a9-382e0277420a@group-75780AEF7A1B-SegmentedRaftLogWorker: safeCacheEvictIndex: setUnconditionally 0 -> -1
2023-01-09 20:09:43,278 [204ebb6c-eb9c-4605-8b0a-417067302917@group-75780AEF7A1B-FollowerState] INFO  server.RaftServerConfigKeys (ConfUtils.java:logFallback(53)) - raft.server.rpc.first-election.timeout.min = 5s (fallback to raft.server.rpc.timeout.min)
2023-01-09 20:09:43,279 [204ebb6c-eb9c-4605-8b0a-417067302917@group-75780AEF7A1B-FollowerState] INFO  server.RaftServerConfigKeys (ConfUtils.java:logFallback(53)) - raft.server.rpc.first-election.timeout.max = 5200ms (fallback to raft.server.rpc.timeout.max)
2023-01-09 20:09:43,281 [pool-94-thread-1] INFO  server.RaftServer$Division (RaftServerImpl.java:start(334)) - 22174ed7-3438-44c1-87a9-382e0277420a@group-75780AEF7A1B: start as a follower, conf=-1: peers:[22174ed7-3438-44c1-87a9-382e0277420a|rpc:10.1.0.27:36955|dataStream:10.1.0.27:45849|priority:1|startupRole:FOLLOWER, 204ebb6c-eb9c-4605-8b0a-417067302917|rpc:10.1.0.27:38461|dataStream:10.1.0.27:40035|priority:0|startupRole:FOLLOWER, 37be314e-42cf-4ee9-a18e-baad7075c611|rpc:10.1.0.27:32955|dataStream:10.1.0.27:45453|priority:0|startupRole:FOLLOWER]|listeners:[], old=null
2023-01-09 20:09:43,281 [pool-94-thread-1] INFO  server.RaftServer$Division (RaftServerImpl.java:setRole(321)) - 22174ed7-3438-44c1-87a9-382e0277420a@group-75780AEF7A1B: changes role from      null to FOLLOWER at term 0 for startAsFollower
2023-01-09 20:09:43,281 [pool-94-thread-1] INFO  impl.RoleInfo (RoleInfo.java:updateAndGet(139)) - 22174ed7-3438-44c1-87a9-382e0277420a: start 22174ed7-3438-44c1-87a9-382e0277420a@group-75780AEF7A1B-FollowerState
2023-01-09 20:09:43,290 [pool-94-thread-1] INFO  util.JmxRegister (JmxRegister.java:tryRegister(44)) - Successfully registered JMX Bean with object name Ratis:service=RaftServer,group=group-75780AEF7A1B,id=22174ed7-3438-44c1-87a9-382e0277420a
2023-01-09 20:09:43,290 [pool-94-thread-1] INFO  server.RaftServerConfigKeys (ConfUtils.java:logGet(46)) - raft.server.snapshot.auto.trigger.enabled = true (custom)
2023-01-09 20:09:43,290 [pool-94-thread-1] INFO  server.RaftServerConfigKeys (ConfUtils.java:logGet(46)) - raft.server.snapshot.auto.trigger.threshold = 10000 (custom)
2023-01-09 20:09:43,291 [pool-94-thread-1] INFO  server.RaftServerConfigKeys (ConfUtils.java:logGet(46)) - raft.server.snapshot.retention.file.num = 5 (custom)
2023-01-09 20:09:43,291 [pool-94-thread-1] INFO  server.RaftServerConfigKeys (ConfUtils.java:logGet(46)) - raft.server.log.purge.upto.snapshot.index = false (default)
2023-01-09 20:09:43,296 [Command processor thread] INFO  commandhandler.CreatePipelineCommandHandler (CreatePipelineCommandHandler.java:handle(113)) - Created Pipeline RATIS THREE PipelineID=1b64fb31-9dbf-4f34-a195-4b191a258550.
2023-01-09 20:09:43,298 [Command processor thread] INFO  server.RaftServer (RaftServerProxy.java:addNew(96)) - 37be314e-42cf-4ee9-a18e-baad7075c611: addNew group-75780AEF7A1B:[22174ed7-3438-44c1-87a9-382e0277420a|rpc:10.1.0.27:36955|dataStream:10.1.0.27:45849|priority:1|startupRole:FOLLOWER, 204ebb6c-eb9c-4605-8b0a-417067302917|rpc:10.1.0.27:38461|dataStream:10.1.0.27:40035|priority:0|startupRole:FOLLOWER, 37be314e-42cf-4ee9-a18e-baad7075c611|rpc:10.1.0.27:32955|dataStream:10.1.0.27:45453|priority:0|startupRole:FOLLOWER] returns group-75780AEF7A1B:java.util.concurrent.CompletableFuture@2565336b[Not completed]
2023-01-09 20:09:43,299 [pool-117-thread-1] INFO  server.RaftServer$Division (RaftServerImpl.java:<init>(195)) - 37be314e-42cf-4ee9-a18e-baad7075c611: new RaftServerImpl for group-75780AEF7A1B:[22174ed7-3438-44c1-87a9-382e0277420a|rpc:10.1.0.27:36955|dataStream:10.1.0.27:45849|priority:1|startupRole:FOLLOWER, 204ebb6c-eb9c-4605-8b0a-417067302917|rpc:10.1.0.27:38461|dataStream:10.1.0.27:40035|priority:0|startupRole:FOLLOWER, 37be314e-42cf-4ee9-a18e-baad7075c611|rpc:10.1.0.27:32955|dataStream:10.1.0.27:45453|priority:0|startupRole:FOLLOWER] with ContainerStateMachine:uninitialized
2023-01-09 20:09:43,299 [pool-117-thread-1] INFO  server.RaftServerConfigKeys (ConfUtils.java:logGet(46)) - raft.server.rpc.timeout.min = 5s (custom)
2023-01-09 20:09:43,299 [pool-117-thread-1] INFO  server.RaftServerConfigKeys (ConfUtils.java:logGet(46)) - raft.server.rpc.timeout.max = 5200ms (custom)
2023-01-09 20:09:43,299 [pool-117-thread-1] INFO  server.RaftServerConfigKeys (ConfUtils.java:logGet(46)) - raft.server.rpc.sleep.time = 25ms (default)
2023-01-09 20:09:43,299 [pool-117-thread-1] INFO  server.RaftServerConfigKeys (ConfUtils.java:logGet(46)) - raft.server.rpc.slowness.timeout = 300s (custom)
2023-01-09 20:09:43,299 [pool-117-thread-1] INFO  server.RaftServerConfigKeys (ConfUtils.java:logGet(46)) - raft.server.leaderelection.leader.step-down.wait-time = 10s (default)
2023-01-09 20:09:43,300 [pool-117-thread-1] INFO  server.RaftServerConfigKeys (ConfUtils.java:logGet(46)) - raft.server.sleep.deviation.threshold = 300ms (default)
2023-01-09 20:09:43,300 [pool-117-thread-1] INFO  server.RaftServer$Division (ServerState.java:<init>(118)) - 37be314e-42cf-4ee9-a18e-baad7075c611@group-75780AEF7A1B: ConfigurationManager, init=-1: peers:[22174ed7-3438-44c1-87a9-382e0277420a|rpc:10.1.0.27:36955|dataStream:10.1.0.27:45849|priority:1|startupRole:FOLLOWER, 204ebb6c-eb9c-4605-8b0a-417067302917|rpc:10.1.0.27:38461|dataStream:10.1.0.27:40035|priority:0|startupRole:FOLLOWER, 37be314e-42cf-4ee9-a18e-baad7075c611|rpc:10.1.0.27:32955|dataStream:10.1.0.27:45453|priority:0|startupRole:FOLLOWER]|listeners:[], old=null, confs=<EMPTY_MAP>
2023-01-09 20:09:43,300 [pool-117-thread-1] INFO  server.RaftServerConfigKeys (ConfUtils.java:logGet(46)) - raft.server.storage.dir = [/home/runner/work/ozone/ozone/hadoop-ozone/integration-test/target/test-dir/MiniOzoneClusterImpl-dc953f1b-8f43-4e25-a114-36b3b0290d25/datanode-2/data/ratis] (custom)
2023-01-09 20:09:43,300 [pool-117-thread-1] INFO  server.RaftServerConfigKeys (ConfUtils.java:logGet(46)) - raft.server.log.corruption.policy = EXCEPTION (default)
2023-01-09 20:09:43,300 [pool-117-thread-1] INFO  server.RaftServerConfigKeys (ConfUtils.java:logGet(46)) - raft.server.storage.free-space.min = 0MB (=0) (default)
2023-01-09 20:09:43,300 [pool-117-thread-1] INFO  server.RaftServerConfigKeys (ConfUtils.java:logGet(46)) - raft.server.notification.no-leader.timeout = 300s (custom)
2023-01-09 20:09:43,300 [pool-117-thread-1] INFO  server.RaftServerConfigKeys (ConfUtils.java:logGet(46)) - raft.server.retrycache.expirytime = 600000ms (custom)
2023-01-09 20:09:43,300 [pool-117-thread-1] INFO  server.RaftServerConfigKeys (ConfUtils.java:logGet(46)) - raft.server.retrycache.statistics.expirytime = 100μs (default)
2023-01-09 20:09:43,302 [pool-117-thread-1] INFO  server.RaftServerConfigKeys (ConfUtils.java:logGet(46)) - raft.server.log.appender.install.snapshot.enabled = false (custom)
2023-01-09 20:09:43,302 [22174ed7-3438-44c1-87a9-382e0277420a@group-75780AEF7A1B-FollowerState] INFO  server.RaftServerConfigKeys (ConfUtils.java:logFallback(53)) - raft.server.rpc.first-election.timeout.min = 5s (fallback to raft.server.rpc.timeout.min)
2023-01-09 20:09:43,302 [pool-117-thread-1] INFO  server.RaftServerConfigKeys (ConfUtils.java:logGet(46)) - raft.server.threadpool.server.cached = true (default)
2023-01-09 20:09:43,311 [pool-117-thread-1] INFO  server.RaftServerConfigKeys (ConfUtils.java:logGet(46)) - raft.server.threadpool.server.size = 0 (default)
2023-01-09 20:09:43,311 [pool-117-thread-1] INFO  server.RaftServerConfigKeys (ConfUtils.java:logGet(46)) - raft.server.threadpool.client.cached = true (default)
2023-01-09 20:09:43,312 [pool-117-thread-1] INFO  server.RaftServerConfigKeys (ConfUtils.java:logGet(46)) - raft.server.threadpool.client.size = 0 (default)
2023-01-09 20:09:43,312 [pool-117-thread-1] INFO  storage.RaftStorageDirectory (RaftStorageDirectoryImpl.java:analyzeStorage(137)) - The storage directory /home/runner/work/ozone/ozone/hadoop-ozone/integration-test/target/test-dir/MiniOzoneClusterImpl-dc953f1b-8f43-4e25-a114-36b3b0290d25/datanode-2/data/ratis/ebca2a99-9b62-4d3d-9b82-75780aef7a1b does not exist. Creating ...
2023-01-09 20:09:43,312 [Command processor thread] INFO  ratis.XceiverServerRatis (XceiverServerRatis.java:addGroup(806)) - Created group PipelineID=ebca2a99-9b62-4d3d-9b82-75780aef7a1b
2023-01-09 20:09:43,311 [22174ed7-3438-44c1-87a9-382e0277420a@group-75780AEF7A1B-FollowerState] INFO  server.RaftServerConfigKeys (ConfUtils.java:logFallback(53)) - raft.server.rpc.first-election.timeout.max = 5200ms (fallback to raft.server.rpc.timeout.max)
2023-01-09 20:09:43,318 [pool-117-thread-1] INFO  storage.RaftStorageDirectory (RaftStorageDirectoryImpl.java:tryLock(231)) - Lock on /home/runner/work/ozone/ozone/hadoop-ozone/integration-test/target/test-dir/MiniOzoneClusterImpl-dc953f1b-8f43-4e25-a114-36b3b0290d25/datanode-2/data/ratis/ebca2a99-9b62-4d3d-9b82-75780aef7a1b/in_use.lock acquired by nodename 50886@fv-az457-50
2023-01-09 20:09:43,332 [pool-117-thread-1] INFO  storage.RaftStorage (RaftStorageImpl.java:format(96)) - Storage directory /home/runner/work/ozone/ozone/hadoop-ozone/integration-test/target/test-dir/MiniOzoneClusterImpl-dc953f1b-8f43-4e25-a114-36b3b0290d25/datanode-2/data/ratis/ebca2a99-9b62-4d3d-9b82-75780aef7a1b has been successfully formatted.
2023-01-09 20:09:43,335 [pool-117-thread-1] INFO  ratis.ContainerStateMachine (ContainerStateMachine.java:loadSnapshot(240)) - group-75780AEF7A1B: The snapshot info is null. Setting the last applied indexto:(t:0, i:~)
2023-01-09 20:09:43,335 [pool-117-thread-1] INFO  server.RaftServerConfigKeys (ConfUtils.java:logGet(46)) - raft.server.log.use.memory = false (default)
2023-01-09 20:09:43,335 [pool-117-thread-1] INFO  server.RaftServerConfigKeys (ConfUtils.java:logGet(46)) - raft.server.log.purge.gap = 1000000 (custom)
2023-01-09 20:09:43,335 [pool-117-thread-1] INFO  server.RaftServerConfigKeys (ConfUtils.java:logGet(46)) - raft.server.log.appender.buffer.byte-limit = 33554432 (custom)
2023-01-09 20:09:43,335 [pool-117-thread-1] INFO  server.RaftServerConfigKeys (ConfUtils.java:logGet(46)) - raft.server.log.statemachine.data.read.timeout = 1000ms (default)
2023-01-09 20:09:43,335 [pool-117-thread-1] INFO  server.RaftServerConfigKeys (ConfUtils.java:logGet(46)) - raft.server.log.purge.preservation.log.num = 0 (default)
2023-01-09 20:09:43,340 [pool-117-thread-1] INFO  server.RaftServerConfigKeys (ConfUtils.java:logGet(46)) - raft.server.log.segment.size.max = 1048576 (custom)
2023-01-09 20:09:43,341 [pool-117-thread-1] INFO  server.RaftServerConfigKeys (ConfUtils.java:logGet(46)) - raft.server.log.segment.cache.num.max = 2 (custom)
2023-01-09 20:09:43,341 [pool-117-thread-1] INFO  server.RaftServerConfigKeys (ConfUtils.java:logGet(46)) - raft.server.log.segment.cache.size.max = 200MB (=209715200) (default)
2023-01-09 20:09:43,341 [pool-117-thread-1] INFO  segmented.SegmentedRaftLogWorker (SegmentedRaftLogWorker.java:<init>(189)) - new 37be314e-42cf-4ee9-a18e-baad7075c611@group-75780AEF7A1B-SegmentedRaftLogWorker for RaftStorageImpl:Storage Directory /home/runner/work/ozone/ozone/hadoop-ozone/integration-test/target/test-dir/MiniOzoneClusterImpl-dc953f1b-8f43-4e25-a114-36b3b0290d25/datanode-2/data/ratis/ebca2a99-9b62-4d3d-9b82-75780aef7a1b
2023-01-09 20:09:43,341 [pool-117-thread-1] INFO  server.RaftServerConfigKeys (ConfUtils.java:logGet(46)) - raft.server.log.queue.byte-limit = 4294967296 (custom)
2023-01-09 20:09:43,342 [pool-117-thread-1] INFO  server.RaftServerConfigKeys (ConfUtils.java:logGet(46)) - raft.server.log.queue.element-limit = 1024 (custom)
2023-01-09 20:09:43,342 [pool-117-thread-1] INFO  server.RaftServerConfigKeys (ConfUtils.java:logGet(46)) - raft.server.log.segment.size.max = 1048576 (custom)
2023-01-09 20:09:43,342 [pool-117-thread-1] INFO  server.RaftServerConfigKeys (ConfUtils.java:logGet(46)) - raft.server.log.preallocated.size = 16384 (custom)
2023-01-09 20:09:43,342 [pool-117-thread-1] INFO  server.RaftServerConfigKeys (ConfUtils.java:logGet(46)) - raft.server.log.force.sync.num = 128 (default)
2023-01-09 20:09:43,342 [pool-117-thread-1] INFO  server.RaftServerConfigKeys (ConfUtils.java:logGet(46)) - raft.server.log.statemachine.data.sync = true (default)
2023-01-09 20:09:43,342 [pool-117-thread-1] INFO  server.RaftServerConfigKeys (ConfUtils.java:logGet(46)) - raft.server.log.statemachine.data.sync.timeout = 10s (default)
2023-01-09 20:09:43,342 [pool-117-thread-1] INFO  server.RaftServerConfigKeys (ConfUtils.java:logGet(46)) - raft.server.log.statemachine.data.sync.timeout.retry = -1 (default)
2023-01-09 20:09:43,348 [pool-117-thread-1] INFO  server.RaftServerConfigKeys (ConfUtils.java:logGet(46)) - raft.server.log.write.buffer.size = 1048576 (custom)
2023-01-09 20:09:43,349 [pool-117-thread-1] INFO  server.RaftServerConfigKeys (ConfUtils.java:logGet(46)) - raft.server.log.appender.buffer.byte-limit = 33554432 (custom)
2023-01-09 20:09:43,356 [pool-117-thread-1] INFO  server.RaftServerConfigKeys (ConfUtils.java:logGet(46)) - raft.server.log.unsafe-flush.enabled = false (default)
2023-01-09 20:09:43,356 [pool-117-thread-1] INFO  server.RaftServerConfigKeys (ConfUtils.java:logGet(46)) - raft.server.log.async-flush.enabled = false (default)
2023-01-09 20:09:43,356 [pool-117-thread-1] INFO  server.RaftServerConfigKeys (ConfUtils.java:logGet(46)) - raft.server.log.statemachine.data.caching.enabled = true (custom)
2023-01-09 20:09:43,356 [pool-117-thread-1] INFO  segmented.SegmentedRaftLogWorker (SegmentedRaftLogWorker.java:lambda$new$0(135)) - 37be314e-42cf-4ee9-a18e-baad7075c611@group-75780AEF7A1B-SegmentedRaftLogWorker: flushIndex: setUnconditionally 0 -> -1
2023-01-09 20:09:43,357 [pool-117-thread-1] INFO  segmented.SegmentedRaftLogWorker (SegmentedRaftLogWorker.java:lambda$new$0(135)) - 37be314e-42cf-4ee9-a18e-baad7075c611@group-75780AEF7A1B-SegmentedRaftLogWorker: safeCacheEvictIndex: setUnconditionally 0 -> -1
2023-01-09 20:09:43,360 [EventQueue-OpenPipelineForHealthyPipelineSafeModeRule] INFO  safemode.SCMSafeModeManager (HealthyPipelineSafeModeRule.java:process(137)) - SCM in safe mode. Healthy pipelines reported count is 0, required healthy pipeline reported count is 1
2023-01-09 20:09:43,360 [pool-117-thread-1] INFO  server.RaftServer$Division (RaftServerImpl.java:start(334)) - 37be314e-42cf-4ee9-a18e-baad7075c611@group-75780AEF7A1B: start as a follower, conf=-1: peers:[22174ed7-3438-44c1-87a9-382e0277420a|rpc:10.1.0.27:36955|dataStream:10.1.0.27:45849|priority:1|startupRole:FOLLOWER, 204ebb6c-eb9c-4605-8b0a-417067302917|rpc:10.1.0.27:38461|dataStream:10.1.0.27:40035|priority:0|startupRole:FOLLOWER, 37be314e-42cf-4ee9-a18e-baad7075c611|rpc:10.1.0.27:32955|dataStream:10.1.0.27:45453|priority:0|startupRole:FOLLOWER]|listeners:[], old=null
2023-01-09 20:09:43,361 [pool-117-thread-1] INFO  server.RaftServer$Division (RaftServerImpl.java:setRole(321)) - 37be314e-42cf-4ee9-a18e-baad7075c611@group-75780AEF7A1B: changes role from      null to FOLLOWER at term 0 for startAsFollower
2023-01-09 20:09:43,361 [pool-117-thread-1] INFO  impl.RoleInfo (RoleInfo.java:updateAndGet(139)) - 37be314e-42cf-4ee9-a18e-baad7075c611: start 37be314e-42cf-4ee9-a18e-baad7075c611@group-75780AEF7A1B-FollowerState
2023-01-09 20:09:43,361 [pool-117-thread-1] INFO  util.JmxRegister (JmxRegister.java:tryRegister(44)) - Successfully registered JMX Bean with object name Ratis:service=RaftServer,group=group-75780AEF7A1B,id=37be314e-42cf-4ee9-a18e-baad7075c611
2023-01-09 20:09:43,361 [pool-117-thread-1] INFO  server.RaftServerConfigKeys (ConfUtils.java:logGet(46)) - raft.server.snapshot.auto.trigger.enabled = true (custom)
2023-01-09 20:09:43,361 [pool-117-thread-1] INFO  server.RaftServerConfigKeys (ConfUtils.java:logGet(46)) - raft.server.snapshot.auto.trigger.threshold = 10000 (custom)
2023-01-09 20:09:43,361 [pool-117-thread-1] INFO  server.RaftServerConfigKeys (ConfUtils.java:logGet(46)) - raft.server.snapshot.retention.file.num = 5 (custom)
2023-01-09 20:09:43,361 [pool-117-thread-1] INFO  server.RaftServerConfigKeys (ConfUtils.java:logGet(46)) - raft.server.log.purge.upto.snapshot.index = false (default)
2023-01-09 20:09:43,362 [37be314e-42cf-4ee9-a18e-baad7075c611@group-75780AEF7A1B-FollowerState] INFO  server.RaftServerConfigKeys (ConfUtils.java:logFallback(53)) - raft.server.rpc.first-election.timeout.min = 5s (fallback to raft.server.rpc.timeout.min)
2023-01-09 20:09:43,363 [Command processor thread] INFO  ratis.XceiverServerRatis (XceiverServerRatis.java:addGroup(806)) - Created group PipelineID=ebca2a99-9b62-4d3d-9b82-75780aef7a1b
2023-01-09 20:09:43,372 [37be314e-42cf-4ee9-a18e-baad7075c611@group-75780AEF7A1B-FollowerState] INFO  server.RaftServerConfigKeys (ConfUtils.java:logFallback(53)) - raft.server.rpc.first-election.timeout.max = 5200ms (fallback to raft.server.rpc.timeout.max)
2023-01-09 20:09:43,418 [Command processor thread] INFO  server.RaftServer (RaftServerProxy.java:addNew(96)) - 93b0d557-27ed-4241-a042-86e84b32abbd: addNew group-B25567007414:[93b0d557-27ed-4241-a042-86e84b32abbd|rpc:10.1.0.27:38305|dataStream:10.1.0.27:40935|priority:1|startupRole:FOLLOWER] returns group-B25567007414:java.util.concurrent.CompletableFuture@29baadec[Not completed]
2023-01-09 20:09:43,420 [Command processor thread] INFO  commandhandler.CreatePipelineCommandHandler (CreatePipelineCommandHandler.java:handle(113)) - Created Pipeline RATIS THREE PipelineID=ebca2a99-9b62-4d3d-9b82-75780aef7a1b.
2023-01-09 20:09:43,440 [pool-140-thread-1] INFO  server.RaftServer$Division (RaftServerImpl.java:<init>(195)) - 93b0d557-27ed-4241-a042-86e84b32abbd: new RaftServerImpl for group-B25567007414:[93b0d557-27ed-4241-a042-86e84b32abbd|rpc:10.1.0.27:38305|dataStream:10.1.0.27:40935|priority:1|startupRole:FOLLOWER] with ContainerStateMachine:uninitialized
2023-01-09 20:09:43,440 [pool-140-thread-1] INFO  server.RaftServerConfigKeys (ConfUtils.java:logGet(46)) - raft.server.rpc.timeout.min = 5s (custom)
2023-01-09 20:09:43,440 [pool-140-thread-1] INFO  server.RaftServerConfigKeys (ConfUtils.java:logGet(46)) - raft.server.rpc.timeout.max = 5200ms (custom)
2023-01-09 20:09:43,440 [pool-140-thread-1] INFO  server.RaftServerConfigKeys (ConfUtils.java:logGet(46)) - raft.server.rpc.sleep.time = 25ms (default)
2023-01-09 20:09:43,440 [pool-140-thread-1] INFO  server.RaftServerConfigKeys (ConfUtils.java:logGet(46)) - raft.server.rpc.slowness.timeout = 300s (custom)
2023-01-09 20:09:43,440 [pool-140-thread-1] INFO  server.RaftServerConfigKeys (ConfUtils.java:logGet(46)) - raft.server.leaderelection.leader.step-down.wait-time = 10s (default)
2023-01-09 20:09:43,440 [pool-140-thread-1] INFO  server.RaftServerConfigKeys (ConfUtils.java:logGet(46)) - raft.server.sleep.deviation.threshold = 300ms (default)
2023-01-09 20:09:43,441 [pool-140-thread-1] INFO  server.RaftServer$Division (ServerState.java:<init>(118)) - 93b0d557-27ed-4241-a042-86e84b32abbd@group-B25567007414: ConfigurationManager, init=-1: peers:[93b0d557-27ed-4241-a042-86e84b32abbd|rpc:10.1.0.27:38305|dataStream:10.1.0.27:40935|priority:1|startupRole:FOLLOWER]|listeners:[], old=null, confs=<EMPTY_MAP>
2023-01-09 20:09:43,441 [pool-140-thread-1] INFO  server.RaftServerConfigKeys (ConfUtils.java:logGet(46)) - raft.server.storage.dir = [/home/runner/work/ozone/ozone/hadoop-ozone/integration-test/target/test-dir/MiniOzoneClusterImpl-dc953f1b-8f43-4e25-a114-36b3b0290d25/datanode-3/data/ratis] (custom)
2023-01-09 20:09:43,441 [pool-140-thread-1] INFO  server.RaftServerConfigKeys (ConfUtils.java:logGet(46)) - raft.server.log.corruption.policy = EXCEPTION (default)
2023-01-09 20:09:43,441 [pool-140-thread-1] INFO  server.RaftServerConfigKeys (ConfUtils.java:logGet(46)) - raft.server.storage.free-space.min = 0MB (=0) (default)
2023-01-09 20:09:43,441 [pool-140-thread-1] INFO  server.RaftServerConfigKeys (ConfUtils.java:logGet(46)) - raft.server.notification.no-leader.timeout = 300s (custom)
2023-01-09 20:09:43,441 [pool-140-thread-1] INFO  server.RaftServerConfigKeys (ConfUtils.java:logGet(46)) - raft.server.retrycache.expirytime = 600000ms (custom)
2023-01-09 20:09:43,441 [pool-140-thread-1] INFO  server.RaftServerConfigKeys (ConfUtils.java:logGet(46)) - raft.server.retrycache.statistics.expirytime = 100μs (default)
2023-01-09 20:09:43,446 [pool-140-thread-1] INFO  server.RaftServerConfigKeys (ConfUtils.java:logGet(46)) - raft.server.log.appender.install.snapshot.enabled = false (custom)
2023-01-09 20:09:43,447 [pool-140-thread-1] INFO  server.RaftServerConfigKeys (ConfUtils.java:logGet(46)) - raft.server.threadpool.server.cached = true (default)
2023-01-09 20:09:43,447 [pool-140-thread-1] INFO  server.RaftServerConfigKeys (ConfUtils.java:logGet(46)) - raft.server.threadpool.server.size = 0 (default)
2023-01-09 20:09:43,447 [pool-140-thread-1] INFO  server.RaftServerConfigKeys (ConfUtils.java:logGet(46)) - raft.server.threadpool.client.cached = true (default)
2023-01-09 20:09:43,447 [pool-140-thread-1] INFO  server.RaftServerConfigKeys (ConfUtils.java:logGet(46)) - raft.server.threadpool.client.size = 0 (default)
2023-01-09 20:09:43,447 [pool-140-thread-1] INFO  storage.RaftStorageDirectory (RaftStorageDirectoryImpl.java:analyzeStorage(137)) - The storage directory /home/runner/work/ozone/ozone/hadoop-ozone/integration-test/target/test-dir/MiniOzoneClusterImpl-dc953f1b-8f43-4e25-a114-36b3b0290d25/datanode-3/data/ratis/5f380fc8-2ea4-462b-b2bc-b25567007414 does not exist. Creating ...
2023-01-09 20:09:43,449 [pool-140-thread-1] INFO  storage.RaftStorageDirectory (RaftStorageDirectoryImpl.java:tryLock(231)) - Lock on /home/runner/work/ozone/ozone/hadoop-ozone/integration-test/target/test-dir/MiniOzoneClusterImpl-dc953f1b-8f43-4e25-a114-36b3b0290d25/datanode-3/data/ratis/5f380fc8-2ea4-462b-b2bc-b25567007414/in_use.lock acquired by nodename 50886@fv-az457-50
2023-01-09 20:09:43,451 [pool-140-thread-1] INFO  storage.RaftStorage (RaftStorageImpl.java:format(96)) - Storage directory /home/runner/work/ozone/ozone/hadoop-ozone/integration-test/target/test-dir/MiniOzoneClusterImpl-dc953f1b-8f43-4e25-a114-36b3b0290d25/datanode-3/data/ratis/5f380fc8-2ea4-462b-b2bc-b25567007414 has been successfully formatted.
2023-01-09 20:09:43,451 [Command processor thread] INFO  commandhandler.CreatePipelineCommandHandler (CreatePipelineCommandHandler.java:handle(113)) - Created Pipeline RATIS THREE PipelineID=ebca2a99-9b62-4d3d-9b82-75780aef7a1b.
2023-01-09 20:09:43,454 [EventQueue-PipelineReportForPipelineReportHandler] INFO  pipeline.PipelineManagerImpl (PipelineManagerImpl.java:openPipeline(367)) - Pipeline Pipeline[ Id: 5f380fc8-2ea4-462b-b2bc-b25567007414, Nodes: 93b0d557-27ed-4241-a042-86e84b32abbd{ip: 10.1.0.27, host: fv-az457-50.3faczmgjfduuxnksfsdf43hgfa.dx.internal.cloudapp.net, ports: [REPLICATION=40931, RATIS=38305, RATIS_ADMIN=38305, RATIS_SERVER=38305, RATIS_DATASTREAM=40935, STANDALONE=42833], networkLocation: /default-rack, certSerialId: null, persistedOpState: IN_SERVICE, persistedOpStateExpiryEpochSec: 0}, ReplicationConfig: RATIS/ONE, State:ALLOCATED, leaderId:93b0d557-27ed-4241-a042-86e84b32abbd, CreationTimestamp2023-01-09T20:09:40.409Z[Etc/UTC]] moved to OPEN state
2023-01-09 20:09:43,454 [EventQueue-OpenPipelineForHealthyPipelineSafeModeRule] INFO  safemode.SCMSafeModeManager (HealthyPipelineSafeModeRule.java:process(137)) - SCM in safe mode. Healthy pipelines reported count is 0, required healthy pipeline reported count is 1
2023-01-09 20:09:43,454 [pool-140-thread-1] INFO  ratis.ContainerStateMachine (ContainerStateMachine.java:loadSnapshot(240)) - group-B25567007414: The snapshot info is null. Setting the last applied indexto:(t:0, i:~)
2023-01-09 20:09:43,459 [pool-140-thread-1] INFO  server.RaftServerConfigKeys (ConfUtils.java:logGet(46)) - raft.server.log.use.memory = false (default)
2023-01-09 20:09:43,459 [pool-140-thread-1] INFO  server.RaftServerConfigKeys (ConfUtils.java:logGet(46)) - raft.server.log.purge.gap = 1000000 (custom)
2023-01-09 20:09:43,459 [pool-140-thread-1] INFO  server.RaftServerConfigKeys (ConfUtils.java:logGet(46)) - raft.server.log.appender.buffer.byte-limit = 33554432 (custom)
2023-01-09 20:09:43,459 [pool-140-thread-1] INFO  server.RaftServerConfigKeys (ConfUtils.java:logGet(46)) - raft.server.log.statemachine.data.read.timeout = 1000ms (default)
2023-01-09 20:09:43,460 [pool-140-thread-1] INFO  server.RaftServerConfigKeys (ConfUtils.java:logGet(46)) - raft.server.log.purge.preservation.log.num = 0 (default)
2023-01-09 20:09:43,460 [pool-140-thread-1] INFO  server.RaftServerConfigKeys (ConfUtils.java:logGet(46)) - raft.server.log.segment.size.max = 1048576 (custom)
2023-01-09 20:09:43,461 [pool-140-thread-1] INFO  server.RaftServerConfigKeys (ConfUtils.java:logGet(46)) - raft.server.log.segment.cache.num.max = 2 (custom)
2023-01-09 20:09:43,461 [pool-140-thread-1] INFO  server.RaftServerConfigKeys (ConfUtils.java:logGet(46)) - raft.server.log.segment.cache.size.max = 200MB (=209715200) (default)
2023-01-09 20:09:43,463 [pool-140-thread-1] INFO  segmented.SegmentedRaftLogWorker (SegmentedRaftLogWorker.java:<init>(189)) - new 93b0d557-27ed-4241-a042-86e84b32abbd@group-B25567007414-SegmentedRaftLogWorker for RaftStorageImpl:Storage Directory /home/runner/work/ozone/ozone/hadoop-ozone/integration-test/target/test-dir/MiniOzoneClusterImpl-dc953f1b-8f43-4e25-a114-36b3b0290d25/datanode-3/data/ratis/5f380fc8-2ea4-462b-b2bc-b25567007414
2023-01-09 20:09:43,463 [pool-140-thread-1] INFO  server.RaftServerConfigKeys (ConfUtils.java:logGet(46)) - raft.server.log.queue.byte-limit = 4294967296 (custom)
2023-01-09 20:09:43,463 [pool-140-thread-1] INFO  server.RaftServerConfigKeys (ConfUtils.java:logGet(46)) - raft.server.log.queue.element-limit = 1024 (custom)
2023-01-09 20:09:43,463 [pool-140-thread-1] INFO  server.RaftServerConfigKeys (ConfUtils.java:logGet(46)) - raft.server.log.segment.size.max = 1048576 (custom)
2023-01-09 20:09:43,463 [pool-140-thread-1] INFO  server.RaftServerConfigKeys (ConfUtils.java:logGet(46)) - raft.server.log.preallocated.size = 16384 (custom)
2023-01-09 20:09:43,464 [pool-140-thread-1] INFO  server.RaftServerConfigKeys (ConfUtils.java:logGet(46)) - raft.server.log.force.sync.num = 128 (default)
2023-01-09 20:09:43,464 [pool-140-thread-1] INFO  server.RaftServerConfigKeys (ConfUtils.java:logGet(46)) - raft.server.log.statemachine.data.sync = true (default)
2023-01-09 20:09:43,464 [pool-140-thread-1] INFO  server.RaftServerConfigKeys (ConfUtils.java:logGet(46)) - raft.server.log.statemachine.data.sync.timeout = 10s (default)
2023-01-09 20:09:43,464 [pool-140-thread-1] INFO  server.RaftServerConfigKeys (ConfUtils.java:logGet(46)) - raft.server.log.statemachine.data.sync.timeout.retry = -1 (default)
2023-01-09 20:09:43,471 [pool-140-thread-1] INFO  server.RaftServerConfigKeys (ConfUtils.java:logGet(46)) - raft.server.log.write.buffer.size = 1048576 (custom)
2023-01-09 20:09:43,477 [pool-140-thread-1] INFO  server.RaftServerConfigKeys (ConfUtils.java:logGet(46)) - raft.server.log.appender.buffer.byte-limit = 33554432 (custom)
2023-01-09 20:09:43,485 [pool-140-thread-1] INFO  server.RaftServerConfigKeys (ConfUtils.java:logGet(46)) - raft.server.log.unsafe-flush.enabled = false (default)
2023-01-09 20:09:43,485 [pool-140-thread-1] INFO  server.RaftServerConfigKeys (ConfUtils.java:logGet(46)) - raft.server.log.async-flush.enabled = false (default)
2023-01-09 20:09:43,485 [pool-140-thread-1] INFO  server.RaftServerConfigKeys (ConfUtils.java:logGet(46)) - raft.server.log.statemachine.data.caching.enabled = true (custom)
2023-01-09 20:09:43,485 [pool-140-thread-1] INFO  segmented.SegmentedRaftLogWorker (SegmentedRaftLogWorker.java:lambda$new$0(135)) - 93b0d557-27ed-4241-a042-86e84b32abbd@group-B25567007414-SegmentedRaftLogWorker: flushIndex: setUnconditionally 0 -> -1
2023-01-09 20:09:43,485 [pool-140-thread-1] INFO  segmented.SegmentedRaftLogWorker (SegmentedRaftLogWorker.java:lambda$new$0(135)) - 93b0d557-27ed-4241-a042-86e84b32abbd@group-B25567007414-SegmentedRaftLogWorker: safeCacheEvictIndex: setUnconditionally 0 -> -1
2023-01-09 20:09:43,486 [pool-140-thread-1] INFO  server.RaftServer$Division (RaftServerImpl.java:start(334)) - 93b0d557-27ed-4241-a042-86e84b32abbd@group-B25567007414: start as a follower, conf=-1: peers:[93b0d557-27ed-4241-a042-86e84b32abbd|rpc:10.1.0.27:38305|dataStream:10.1.0.27:40935|priority:1|startupRole:FOLLOWER]|listeners:[], old=null
2023-01-09 20:09:43,486 [pool-140-thread-1] INFO  server.RaftServer$Division (RaftServerImpl.java:setRole(321)) - 93b0d557-27ed-4241-a042-86e84b32abbd@group-B25567007414: changes role from      null to FOLLOWER at term 0 for startAsFollower
2023-01-09 20:09:43,486 [pool-140-thread-1] INFO  impl.RoleInfo (RoleInfo.java:updateAndGet(139)) - 93b0d557-27ed-4241-a042-86e84b32abbd: start 93b0d557-27ed-4241-a042-86e84b32abbd@group-B25567007414-FollowerState
2023-01-09 20:09:43,487 [pool-140-thread-1] INFO  util.JmxRegister (JmxRegister.java:tryRegister(44)) - Successfully registered JMX Bean with object name Ratis:service=RaftServer,group=group-B25567007414,id=93b0d557-27ed-4241-a042-86e84b32abbd
2023-01-09 20:09:43,487 [pool-140-thread-1] INFO  server.RaftServerConfigKeys (ConfUtils.java:logGet(46)) - raft.server.snapshot.auto.trigger.enabled = true (custom)
2023-01-09 20:09:43,487 [pool-140-thread-1] INFO  server.RaftServerConfigKeys (ConfUtils.java:logGet(46)) - raft.server.snapshot.auto.trigger.threshold = 10000 (custom)
2023-01-09 20:09:43,487 [pool-140-thread-1] INFO  server.RaftServerConfigKeys (ConfUtils.java:logGet(46)) - raft.server.snapshot.retention.file.num = 5 (custom)
2023-01-09 20:09:43,487 [pool-140-thread-1] INFO  server.RaftServerConfigKeys (ConfUtils.java:logGet(46)) - raft.server.log.purge.upto.snapshot.index = false (default)
2023-01-09 20:09:43,488 [93b0d557-27ed-4241-a042-86e84b32abbd@group-B25567007414-FollowerState] INFO  server.RaftServerConfigKeys (ConfUtils.java:logFallback(53)) - raft.server.rpc.first-election.timeout.min = 5s (fallback to raft.server.rpc.timeout.min)
2023-01-09 20:09:43,488 [93b0d557-27ed-4241-a042-86e84b32abbd@group-B25567007414-FollowerState] INFO  server.RaftServerConfigKeys (ConfUtils.java:logFallback(53)) - raft.server.rpc.first-election.timeout.max = 5200ms (fallback to raft.server.rpc.timeout.max)
2023-01-09 20:09:43,488 [Command processor thread] INFO  ratis.XceiverServerRatis (XceiverServerRatis.java:addGroup(806)) - Created group PipelineID=5f380fc8-2ea4-462b-b2bc-b25567007414
2023-01-09 20:09:43,489 [Command processor thread] INFO  commandhandler.CreatePipelineCommandHandler (CreatePipelineCommandHandler.java:handle(113)) - Created Pipeline RATIS ONE PipelineID=5f380fc8-2ea4-462b-b2bc-b25567007414.
2023-01-09 20:09:43,493 [Command processor thread] INFO  server.RaftServer (RaftServerProxy.java:addNew(96)) - 93b0d557-27ed-4241-a042-86e84b32abbd: addNew group-598432169F60:[93b0d557-27ed-4241-a042-86e84b32abbd|rpc:10.1.0.27:38305|dataStream:10.1.0.27:40935|priority:0|startupRole:FOLLOWER, cbda9cd1-c9bf-468c-9ce3-2b320cdae76d|rpc:10.1.0.27:39195|dataStream:10.1.0.27:44727|priority:0|startupRole:FOLLOWER, 26559c5d-eeb2-413a-b661-4afee7d58202|rpc:10.1.0.27:44647|dataStream:10.1.0.27:46099|priority:1|startupRole:FOLLOWER] returns group-598432169F60:java.util.concurrent.CompletableFuture@2d853c03[Not completed]
2023-01-09 20:09:43,494 [pool-140-thread-1] INFO  server.RaftServer$Division (RaftServerImpl.java:<init>(195)) - 93b0d557-27ed-4241-a042-86e84b32abbd: new RaftServerImpl for group-598432169F60:[93b0d557-27ed-4241-a042-86e84b32abbd|rpc:10.1.0.27:38305|dataStream:10.1.0.27:40935|priority:0|startupRole:FOLLOWER, cbda9cd1-c9bf-468c-9ce3-2b320cdae76d|rpc:10.1.0.27:39195|dataStream:10.1.0.27:44727|priority:0|startupRole:FOLLOWER, 26559c5d-eeb2-413a-b661-4afee7d58202|rpc:10.1.0.27:44647|dataStream:10.1.0.27:46099|priority:1|startupRole:FOLLOWER] with ContainerStateMachine:uninitialized
2023-01-09 20:09:43,494 [pool-140-thread-1] INFO  server.RaftServerConfigKeys (ConfUtils.java:logGet(46)) - raft.server.rpc.timeout.min = 5s (custom)
2023-01-09 20:09:43,495 [pool-140-thread-1] INFO  server.RaftServerConfigKeys (ConfUtils.java:logGet(46)) - raft.server.rpc.timeout.max = 5200ms (custom)
2023-01-09 20:09:43,495 [pool-140-thread-1] INFO  server.RaftServerConfigKeys (ConfUtils.java:logGet(46)) - raft.server.rpc.sleep.time = 25ms (default)
2023-01-09 20:09:43,495 [pool-140-thread-1] INFO  server.RaftServerConfigKeys (ConfUtils.java:logGet(46)) - raft.server.rpc.slowness.timeout = 300s (custom)
2023-01-09 20:09:43,495 [pool-140-thread-1] INFO  server.RaftServerConfigKeys (ConfUtils.java:logGet(46)) - raft.server.leaderelection.leader.step-down.wait-time = 10s (default)
2023-01-09 20:09:43,495 [pool-140-thread-1] INFO  server.RaftServerConfigKeys (ConfUtils.java:logGet(46)) - raft.server.sleep.deviation.threshold = 300ms (default)
2023-01-09 20:09:43,495 [pool-140-thread-1] INFO  server.RaftServer$Division (ServerState.java:<init>(118)) - 93b0d557-27ed-4241-a042-86e84b32abbd@group-598432169F60: ConfigurationManager, init=-1: peers:[93b0d557-27ed-4241-a042-86e84b32abbd|rpc:10.1.0.27:38305|dataStream:10.1.0.27:40935|priority:0|startupRole:FOLLOWER, cbda9cd1-c9bf-468c-9ce3-2b320cdae76d|rpc:10.1.0.27:39195|dataStream:10.1.0.27:44727|priority:0|startupRole:FOLLOWER, 26559c5d-eeb2-413a-b661-4afee7d58202|rpc:10.1.0.27:44647|dataStream:10.1.0.27:46099|priority:1|startupRole:FOLLOWER]|listeners:[], old=null, confs=<EMPTY_MAP>
2023-01-09 20:09:43,495 [pool-140-thread-1] INFO  server.RaftServerConfigKeys (ConfUtils.java:logGet(46)) - raft.server.storage.dir = [/home/runner/work/ozone/ozone/hadoop-ozone/integration-test/target/test-dir/MiniOzoneClusterImpl-dc953f1b-8f43-4e25-a114-36b3b0290d25/datanode-3/data/ratis] (custom)
2023-01-09 20:09:43,495 [pool-140-thread-1] INFO  server.RaftServerConfigKeys (ConfUtils.java:logGet(46)) - raft.server.log.corruption.policy = EXCEPTION (default)
2023-01-09 20:09:43,496 [pool-140-thread-1] INFO  server.RaftServerConfigKeys (ConfUtils.java:logGet(46)) - raft.server.storage.free-space.min = 0MB (=0) (default)
2023-01-09 20:09:43,496 [pool-140-thread-1] INFO  server.RaftServerConfigKeys (ConfUtils.java:logGet(46)) - raft.server.notification.no-leader.timeout = 300s (custom)
2023-01-09 20:09:43,496 [pool-140-thread-1] INFO  server.RaftServerConfigKeys (ConfUtils.java:logGet(46)) - raft.server.retrycache.expirytime = 600000ms (custom)
2023-01-09 20:09:43,496 [pool-140-thread-1] INFO  server.RaftServerConfigKeys (ConfUtils.java:logGet(46)) - raft.server.retrycache.statistics.expirytime = 100μs (default)
2023-01-09 20:09:43,498 [pool-140-thread-1] INFO  server.RaftServerConfigKeys (ConfUtils.java:logGet(46)) - raft.server.log.appender.install.snapshot.enabled = false (custom)
2023-01-09 20:09:43,498 [pool-140-thread-1] INFO  server.RaftServerConfigKeys (ConfUtils.java:logGet(46)) - raft.server.threadpool.server.cached = true (default)
2023-01-09 20:09:43,498 [pool-140-thread-1] INFO  server.RaftServerConfigKeys (ConfUtils.java:logGet(46)) - raft.server.threadpool.server.size = 0 (default)
2023-01-09 20:09:43,498 [pool-140-thread-1] INFO  server.RaftServerConfigKeys (ConfUtils.java:logGet(46)) - raft.server.threadpool.client.cached = true (default)
2023-01-09 20:09:43,498 [pool-140-thread-1] INFO  server.RaftServerConfigKeys (ConfUtils.java:logGet(46)) - raft.server.threadpool.client.size = 0 (default)
2023-01-09 20:09:43,499 [pool-140-thread-1] INFO  storage.RaftStorageDirectory (RaftStorageDirectoryImpl.java:analyzeStorage(137)) - The storage directory /home/runner/work/ozone/ozone/hadoop-ozone/integration-test/target/test-dir/MiniOzoneClusterImpl-dc953f1b-8f43-4e25-a114-36b3b0290d25/datanode-3/data/ratis/072de9a2-1de7-4e13-a23f-598432169f60 does not exist. Creating ...
2023-01-09 20:09:43,504 [Command processor thread] INFO  commandhandler.CreatePipelineCommandHandler (CreatePipelineCommandHandler.java:handle(113)) - Created Pipeline RATIS THREE PipelineID=ebca2a99-9b62-4d3d-9b82-75780aef7a1b.
2023-01-09 20:09:43,508 [pool-140-thread-1] INFO  storage.RaftStorageDirectory (RaftStorageDirectoryImpl.java:tryLock(231)) - Lock on /home/runner/work/ozone/ozone/hadoop-ozone/integration-test/target/test-dir/MiniOzoneClusterImpl-dc953f1b-8f43-4e25-a114-36b3b0290d25/datanode-3/data/ratis/072de9a2-1de7-4e13-a23f-598432169f60/in_use.lock acquired by nodename 50886@fv-az457-50
2023-01-09 20:09:43,510 [pool-140-thread-1] INFO  storage.RaftStorage (RaftStorageImpl.java:format(96)) - Storage directory /home/runner/work/ozone/ozone/hadoop-ozone/integration-test/target/test-dir/MiniOzoneClusterImpl-dc953f1b-8f43-4e25-a114-36b3b0290d25/datanode-3/data/ratis/072de9a2-1de7-4e13-a23f-598432169f60 has been successfully formatted.
2023-01-09 20:09:43,512 [EventQueue-OpenPipelineForHealthyPipelineSafeModeRule] INFO  safemode.SCMSafeModeManager (HealthyPipelineSafeModeRule.java:process(137)) - SCM in safe mode. Healthy pipelines reported count is 0, required healthy pipeline reported count is 1
2023-01-09 20:09:43,512 [pool-140-thread-1] INFO  ratis.ContainerStateMachine (ContainerStateMachine.java:loadSnapshot(240)) - group-598432169F60: The snapshot info is null. Setting the last applied indexto:(t:0, i:~)
2023-01-09 20:09:43,513 [pool-140-thread-1] INFO  server.RaftServerConfigKeys (ConfUtils.java:logGet(46)) - raft.server.log.use.memory = false (default)
2023-01-09 20:09:43,513 [pool-140-thread-1] INFO  server.RaftServerConfigKeys (ConfUtils.java:logGet(46)) - raft.server.log.purge.gap = 1000000 (custom)
2023-01-09 20:09:43,513 [pool-140-thread-1] INFO  server.RaftServerConfigKeys (ConfUtils.java:logGet(46)) - raft.server.log.appender.buffer.byte-limit = 33554432 (custom)
2023-01-09 20:09:43,513 [pool-140-thread-1] INFO  server.RaftServerConfigKeys (ConfUtils.java:logGet(46)) - raft.server.log.statemachine.data.read.timeout = 1000ms (default)
2023-01-09 20:09:43,513 [pool-140-thread-1] INFO  server.RaftServerConfigKeys (ConfUtils.java:logGet(46)) - raft.server.log.purge.preservation.log.num = 0 (default)
2023-01-09 20:09:43,513 [pool-140-thread-1] INFO  server.RaftServerConfigKeys (ConfUtils.java:logGet(46)) - raft.server.log.segment.size.max = 1048576 (custom)
2023-01-09 20:09:43,514 [pool-140-thread-1] INFO  server.RaftServerConfigKeys (ConfUtils.java:logGet(46)) - raft.server.log.segment.cache.num.max = 2 (custom)
2023-01-09 20:09:43,514 [pool-140-thread-1] INFO  server.RaftServerConfigKeys (ConfUtils.java:logGet(46)) - raft.server.log.segment.cache.size.max = 200MB (=209715200) (default)
2023-01-09 20:09:43,514 [pool-140-thread-1] INFO  segmented.SegmentedRaftLogWorker (SegmentedRaftLogWorker.java:<init>(189)) - new 93b0d557-27ed-4241-a042-86e84b32abbd@group-598432169F60-SegmentedRaftLogWorker for RaftStorageImpl:Storage Directory /home/runner/work/ozone/ozone/hadoop-ozone/integration-test/target/test-dir/MiniOzoneClusterImpl-dc953f1b-8f43-4e25-a114-36b3b0290d25/datanode-3/data/ratis/072de9a2-1de7-4e13-a23f-598432169f60
2023-01-09 20:09:43,514 [pool-140-thread-1] INFO  server.RaftServerConfigKeys (ConfUtils.java:logGet(46)) - raft.server.log.queue.byte-limit = 4294967296 (custom)
2023-01-09 20:09:43,515 [pool-140-thread-1] INFO  server.RaftServerConfigKeys (ConfUtils.java:logGet(46)) - raft.server.log.queue.element-limit = 1024 (custom)
2023-01-09 20:09:43,515 [pool-140-thread-1] INFO  server.RaftServerConfigKeys (ConfUtils.java:logGet(46)) - raft.server.log.segment.size.max = 1048576 (custom)
2023-01-09 20:09:43,515 [pool-140-thread-1] INFO  server.RaftServerConfigKeys (ConfUtils.java:logGet(46)) - raft.server.log.preallocated.size = 16384 (custom)
2023-01-09 20:09:43,515 [pool-140-thread-1] INFO  server.RaftServerConfigKeys (ConfUtils.java:logGet(46)) - raft.server.log.force.sync.num = 128 (default)
2023-01-09 20:09:43,515 [pool-140-thread-1] INFO  server.RaftServerConfigKeys (ConfUtils.java:logGet(46)) - raft.server.log.statemachine.data.sync = true (default)
2023-01-09 20:09:43,515 [pool-140-thread-1] INFO  server.RaftServerConfigKeys (ConfUtils.java:logGet(46)) - raft.server.log.statemachine.data.sync.timeout = 10s (default)
2023-01-09 20:09:43,515 [pool-140-thread-1] INFO  server.RaftServerConfigKeys (ConfUtils.java:logGet(46)) - raft.server.log.statemachine.data.sync.timeout.retry = -1 (default)
2023-01-09 20:09:43,517 [pool-140-thread-1] INFO  server.RaftServerConfigKeys (ConfUtils.java:logGet(46)) - raft.server.log.write.buffer.size = 1048576 (custom)
2023-01-09 20:09:43,517 [pool-140-thread-1] INFO  server.RaftServerConfigKeys (ConfUtils.java:logGet(46)) - raft.server.log.appender.buffer.byte-limit = 33554432 (custom)
2023-01-09 20:09:43,522 [pool-140-thread-1] INFO  server.RaftServerConfigKeys (ConfUtils.java:logGet(46)) - raft.server.log.unsafe-flush.enabled = false (default)
2023-01-09 20:09:43,523 [pool-140-thread-1] INFO  server.RaftServerConfigKeys (ConfUtils.java:logGet(46)) - raft.server.log.async-flush.enabled = false (default)
2023-01-09 20:09:43,523 [pool-140-thread-1] INFO  server.RaftServerConfigKeys (ConfUtils.java:logGet(46)) - raft.server.log.statemachine.data.caching.enabled = true (custom)
2023-01-09 20:09:43,523 [pool-140-thread-1] INFO  segmented.SegmentedRaftLogWorker (SegmentedRaftLogWorker.java:lambda$new$0(135)) - 93b0d557-27ed-4241-a042-86e84b32abbd@group-598432169F60-SegmentedRaftLogWorker: flushIndex: setUnconditionally 0 -> -1
2023-01-09 20:09:43,523 [pool-140-thread-1] INFO  segmented.SegmentedRaftLogWorker (SegmentedRaftLogWorker.java:lambda$new$0(135)) - 93b0d557-27ed-4241-a042-86e84b32abbd@group-598432169F60-SegmentedRaftLogWorker: safeCacheEvictIndex: setUnconditionally 0 -> -1
2023-01-09 20:09:43,523 [pool-140-thread-1] INFO  server.RaftServer$Division (RaftServerImpl.java:start(334)) - 93b0d557-27ed-4241-a042-86e84b32abbd@group-598432169F60: start as a follower, conf=-1: peers:[93b0d557-27ed-4241-a042-86e84b32abbd|rpc:10.1.0.27:38305|dataStream:10.1.0.27:40935|priority:0|startupRole:FOLLOWER, cbda9cd1-c9bf-468c-9ce3-2b320cdae76d|rpc:10.1.0.27:39195|dataStream:10.1.0.27:44727|priority:0|startupRole:FOLLOWER, 26559c5d-eeb2-413a-b661-4afee7d58202|rpc:10.1.0.27:44647|dataStream:10.1.0.27:46099|priority:1|startupRole:FOLLOWER]|listeners:[], old=null
2023-01-09 20:09:43,524 [pool-140-thread-1] INFO  server.RaftServer$Division (RaftServerImpl.java:setRole(321)) - 93b0d557-27ed-4241-a042-86e84b32abbd@group-598432169F60: changes role from      null to FOLLOWER at term 0 for startAsFollower
2023-01-09 20:09:43,524 [pool-140-thread-1] INFO  impl.RoleInfo (RoleInfo.java:updateAndGet(139)) - 93b0d557-27ed-4241-a042-86e84b32abbd: start 93b0d557-27ed-4241-a042-86e84b32abbd@group-598432169F60-FollowerState
2023-01-09 20:09:43,527 [pool-140-thread-1] INFO  util.JmxRegister (JmxRegister.java:tryRegister(44)) - Successfully registered JMX Bean with object name Ratis:service=RaftServer,group=group-598432169F60,id=93b0d557-27ed-4241-a042-86e84b32abbd
2023-01-09 20:09:43,527 [pool-140-thread-1] INFO  server.RaftServerConfigKeys (ConfUtils.java:logGet(46)) - raft.server.snapshot.auto.trigger.enabled = true (custom)
2023-01-09 20:09:43,527 [pool-140-thread-1] INFO  server.RaftServerConfigKeys (ConfUtils.java:logGet(46)) - raft.server.snapshot.auto.trigger.threshold = 10000 (custom)
2023-01-09 20:09:43,527 [pool-140-thread-1] INFO  server.RaftServerConfigKeys (ConfUtils.java:logGet(46)) - raft.server.snapshot.retention.file.num = 5 (custom)
2023-01-09 20:09:43,527 [pool-140-thread-1] INFO  server.RaftServerConfigKeys (ConfUtils.java:logGet(46)) - raft.server.log.purge.upto.snapshot.index = false (default)
2023-01-09 20:09:43,528 [93b0d557-27ed-4241-a042-86e84b32abbd@group-598432169F60-FollowerState] INFO  server.RaftServerConfigKeys (ConfUtils.java:logFallback(53)) - raft.server.rpc.first-election.timeout.min = 5s (fallback to raft.server.rpc.timeout.min)
2023-01-09 20:09:43,530 [Command processor thread] INFO  ratis.XceiverServerRatis (XceiverServerRatis.java:addGroup(806)) - Created group PipelineID=072de9a2-1de7-4e13-a23f-598432169f60
2023-01-09 20:09:43,534 [93b0d557-27ed-4241-a042-86e84b32abbd@group-598432169F60-FollowerState] INFO  server.RaftServerConfigKeys (ConfUtils.java:logFallback(53)) - raft.server.rpc.first-election.timeout.max = 5200ms (fallback to raft.server.rpc.timeout.max)
2023-01-09 20:09:43,547 [grpc-default-executor-0] INFO  server.RaftServer (RaftServerProxy.java:addNew(96)) - 26559c5d-eeb2-413a-b661-4afee7d58202: addNew group-598432169F60:[93b0d557-27ed-4241-a042-86e84b32abbd|rpc:10.1.0.27:38305|dataStream:10.1.0.27:40935|priority:0|startupRole:FOLLOWER, cbda9cd1-c9bf-468c-9ce3-2b320cdae76d|rpc:10.1.0.27:39195|dataStream:10.1.0.27:44727|priority:0|startupRole:FOLLOWER, 26559c5d-eeb2-413a-b661-4afee7d58202|rpc:10.1.0.27:44647|dataStream:10.1.0.27:46099|priority:1|startupRole:FOLLOWER] returns group-598432169F60:java.util.concurrent.CompletableFuture@68ecc1a2[Not completed]
2023-01-09 20:09:43,552 [pool-163-thread-1] INFO  server.RaftServer$Division (RaftServerImpl.java:<init>(195)) - 26559c5d-eeb2-413a-b661-4afee7d58202: new RaftServerImpl for group-598432169F60:[93b0d557-27ed-4241-a042-86e84b32abbd|rpc:10.1.0.27:38305|dataStream:10.1.0.27:40935|priority:0|startupRole:FOLLOWER, cbda9cd1-c9bf-468c-9ce3-2b320cdae76d|rpc:10.1.0.27:39195|dataStream:10.1.0.27:44727|priority:0|startupRole:FOLLOWER, 26559c5d-eeb2-413a-b661-4afee7d58202|rpc:10.1.0.27:44647|dataStream:10.1.0.27:46099|priority:1|startupRole:FOLLOWER] with ContainerStateMachine:uninitialized
2023-01-09 20:09:43,552 [pool-163-thread-1] INFO  server.RaftServerConfigKeys (ConfUtils.java:logGet(46)) - raft.server.rpc.timeout.min = 5s (custom)
2023-01-09 20:09:43,552 [pool-163-thread-1] INFO  server.RaftServerConfigKeys (ConfUtils.java:logGet(46)) - raft.server.rpc.timeout.max = 5200ms (custom)
2023-01-09 20:09:43,552 [pool-163-thread-1] INFO  server.RaftServerConfigKeys (ConfUtils.java:logGet(46)) - raft.server.rpc.sleep.time = 25ms (default)
2023-01-09 20:09:43,552 [pool-163-thread-1] INFO  server.RaftServerConfigKeys (ConfUtils.java:logGet(46)) - raft.server.rpc.slowness.timeout = 300s (custom)
2023-01-09 20:09:43,552 [pool-163-thread-1] INFO  server.RaftServerConfigKeys (ConfUtils.java:logGet(46)) - raft.server.leaderelection.leader.step-down.wait-time = 10s (default)
2023-01-09 20:09:43,552 [pool-163-thread-1] INFO  server.RaftServerConfigKeys (ConfUtils.java:logGet(46)) - raft.server.sleep.deviation.threshold = 300ms (default)
2023-01-09 20:09:43,553 [pool-163-thread-1] INFO  server.RaftServer$Division (ServerState.java:<init>(118)) - 26559c5d-eeb2-413a-b661-4afee7d58202@group-598432169F60: ConfigurationManager, init=-1: peers:[93b0d557-27ed-4241-a042-86e84b32abbd|rpc:10.1.0.27:38305|dataStream:10.1.0.27:40935|priority:0|startupRole:FOLLOWER, cbda9cd1-c9bf-468c-9ce3-2b320cdae76d|rpc:10.1.0.27:39195|dataStream:10.1.0.27:44727|priority:0|startupRole:FOLLOWER, 26559c5d-eeb2-413a-b661-4afee7d58202|rpc:10.1.0.27:44647|dataStream:10.1.0.27:46099|priority:1|startupRole:FOLLOWER]|listeners:[], old=null, confs=<EMPTY_MAP>
2023-01-09 20:09:43,553 [pool-163-thread-1] INFO  server.RaftServerConfigKeys (ConfUtils.java:logGet(46)) - raft.server.storage.dir = [/home/runner/work/ozone/ozone/hadoop-ozone/integration-test/target/test-dir/MiniOzoneClusterImpl-dc953f1b-8f43-4e25-a114-36b3b0290d25/datanode-4/data/ratis] (custom)
2023-01-09 20:09:43,553 [pool-163-thread-1] INFO  server.RaftServerConfigKeys (ConfUtils.java:logGet(46)) - raft.server.log.corruption.policy = EXCEPTION (default)
2023-01-09 20:09:43,553 [pool-163-thread-1] INFO  server.RaftServerConfigKeys (ConfUtils.java:logGet(46)) - raft.server.storage.free-space.min = 0MB (=0) (default)
2023-01-09 20:09:43,553 [pool-163-thread-1] INFO  server.RaftServerConfigKeys (ConfUtils.java:logGet(46)) - raft.server.notification.no-leader.timeout = 300s (custom)
2023-01-09 20:09:43,553 [pool-163-thread-1] INFO  server.RaftServerConfigKeys (ConfUtils.java:logGet(46)) - raft.server.retrycache.expirytime = 600000ms (custom)
2023-01-09 20:09:43,553 [pool-163-thread-1] INFO  server.RaftServerConfigKeys (ConfUtils.java:logGet(46)) - raft.server.retrycache.statistics.expirytime = 100μs (default)
2023-01-09 20:09:43,558 [pool-163-thread-1] INFO  server.RaftServerConfigKeys (ConfUtils.java:logGet(46)) - raft.server.log.appender.install.snapshot.enabled = false (custom)
2023-01-09 20:09:43,558 [pool-163-thread-1] INFO  server.RaftServerConfigKeys (ConfUtils.java:logGet(46)) - raft.server.threadpool.server.cached = true (default)
2023-01-09 20:09:43,558 [pool-163-thread-1] INFO  server.RaftServerConfigKeys (ConfUtils.java:logGet(46)) - raft.server.threadpool.server.size = 0 (default)
2023-01-09 20:09:43,558 [pool-163-thread-1] INFO  server.RaftServerConfigKeys (ConfUtils.java:logGet(46)) - raft.server.threadpool.client.cached = true (default)
2023-01-09 20:09:43,558 [pool-163-thread-1] INFO  server.RaftServerConfigKeys (ConfUtils.java:logGet(46)) - raft.server.threadpool.client.size = 0 (default)
2023-01-09 20:09:43,559 [pool-163-thread-1] INFO  storage.RaftStorageDirectory (RaftStorageDirectoryImpl.java:analyzeStorage(137)) - The storage directory /home/runner/work/ozone/ozone/hadoop-ozone/integration-test/target/test-dir/MiniOzoneClusterImpl-dc953f1b-8f43-4e25-a114-36b3b0290d25/datanode-4/data/ratis/072de9a2-1de7-4e13-a23f-598432169f60 does not exist. Creating ...
2023-01-09 20:09:43,561 [pool-163-thread-1] INFO  storage.RaftStorageDirectory (RaftStorageDirectoryImpl.java:tryLock(231)) - Lock on /home/runner/work/ozone/ozone/hadoop-ozone/integration-test/target/test-dir/MiniOzoneClusterImpl-dc953f1b-8f43-4e25-a114-36b3b0290d25/datanode-4/data/ratis/072de9a2-1de7-4e13-a23f-598432169f60/in_use.lock acquired by nodename 50886@fv-az457-50
2023-01-09 20:09:43,563 [pool-163-thread-1] INFO  storage.RaftStorage (RaftStorageImpl.java:format(96)) - Storage directory /home/runner/work/ozone/ozone/hadoop-ozone/integration-test/target/test-dir/MiniOzoneClusterImpl-dc953f1b-8f43-4e25-a114-36b3b0290d25/datanode-4/data/ratis/072de9a2-1de7-4e13-a23f-598432169f60 has been successfully formatted.
2023-01-09 20:09:43,564 [pool-163-thread-1] INFO  ratis.ContainerStateMachine (ContainerStateMachine.java:loadSnapshot(240)) - group-598432169F60: The snapshot info is null. Setting the last applied indexto:(t:0, i:~)
2023-01-09 20:09:43,564 [pool-163-thread-1] INFO  server.RaftServerConfigKeys (ConfUtils.java:logGet(46)) - raft.server.log.use.memory = false (default)
2023-01-09 20:09:43,565 [pool-163-thread-1] INFO  server.RaftServerConfigKeys (ConfUtils.java:logGet(46)) - raft.server.log.purge.gap = 1000000 (custom)
2023-01-09 20:09:43,565 [pool-163-thread-1] INFO  server.RaftServerConfigKeys (ConfUtils.java:logGet(46)) - raft.server.log.appender.buffer.byte-limit = 33554432 (custom)
2023-01-09 20:09:43,565 [pool-163-thread-1] INFO  server.RaftServerConfigKeys (ConfUtils.java:logGet(46)) - raft.server.log.statemachine.data.read.timeout = 1000ms (default)
2023-01-09 20:09:43,565 [pool-163-thread-1] INFO  server.RaftServerConfigKeys (ConfUtils.java:logGet(46)) - raft.server.log.purge.preservation.log.num = 0 (default)
2023-01-09 20:09:43,566 [pool-163-thread-1] INFO  server.RaftServerConfigKeys (ConfUtils.java:logGet(46)) - raft.server.log.segment.size.max = 1048576 (custom)
2023-01-09 20:09:43,567 [pool-163-thread-1] INFO  server.RaftServerConfigKeys (ConfUtils.java:logGet(46)) - raft.server.log.segment.cache.num.max = 2 (custom)
2023-01-09 20:09:43,567 [pool-163-thread-1] INFO  server.RaftServerConfigKeys (ConfUtils.java:logGet(46)) - raft.server.log.segment.cache.size.max = 200MB (=209715200) (default)
2023-01-09 20:09:43,568 [pool-163-thread-1] INFO  segmented.SegmentedRaftLogWorker (SegmentedRaftLogWorker.java:<init>(189)) - new 26559c5d-eeb2-413a-b661-4afee7d58202@group-598432169F60-SegmentedRaftLogWorker for RaftStorageImpl:Storage Directory /home/runner/work/ozone/ozone/hadoop-ozone/integration-test/target/test-dir/MiniOzoneClusterImpl-dc953f1b-8f43-4e25-a114-36b3b0290d25/datanode-4/data/ratis/072de9a2-1de7-4e13-a23f-598432169f60
2023-01-09 20:09:43,568 [pool-163-thread-1] INFO  server.RaftServerConfigKeys (ConfUtils.java:logGet(46)) - raft.server.log.queue.byte-limit = 4294967296 (custom)
2023-01-09 20:09:43,568 [pool-163-thread-1] INFO  server.RaftServerConfigKeys (ConfUtils.java:logGet(46)) - raft.server.log.queue.element-limit = 1024 (custom)
2023-01-09 20:09:43,568 [pool-163-thread-1] INFO  server.RaftServerConfigKeys (ConfUtils.java:logGet(46)) - raft.server.log.segment.size.max = 1048576 (custom)
2023-01-09 20:09:43,568 [pool-163-thread-1] INFO  server.RaftServerConfigKeys (ConfUtils.java:logGet(46)) - raft.server.log.preallocated.size = 16384 (custom)
2023-01-09 20:09:43,568 [pool-163-thread-1] INFO  server.RaftServerConfigKeys (ConfUtils.java:logGet(46)) - raft.server.log.force.sync.num = 128 (default)
2023-01-09 20:09:43,568 [pool-163-thread-1] INFO  server.RaftServerConfigKeys (ConfUtils.java:logGet(46)) - raft.server.log.statemachine.data.sync = true (default)
2023-01-09 20:09:43,568 [pool-163-thread-1] INFO  server.RaftServerConfigKeys (ConfUtils.java:logGet(46)) - raft.server.log.statemachine.data.sync.timeout = 10s (default)
2023-01-09 20:09:43,568 [pool-163-thread-1] INFO  server.RaftServerConfigKeys (ConfUtils.java:logGet(46)) - raft.server.log.statemachine.data.sync.timeout.retry = -1 (default)
2023-01-09 20:09:43,570 [pool-163-thread-1] INFO  server.RaftServerConfigKeys (ConfUtils.java:logGet(46)) - raft.server.log.write.buffer.size = 1048576 (custom)
2023-01-09 20:09:43,571 [pool-163-thread-1] INFO  server.RaftServerConfigKeys (ConfUtils.java:logGet(46)) - raft.server.log.appender.buffer.byte-limit = 33554432 (custom)
2023-01-09 20:09:43,576 [pool-163-thread-1] INFO  server.RaftServerConfigKeys (ConfUtils.java:logGet(46)) - raft.server.log.unsafe-flush.enabled = false (default)
2023-01-09 20:09:43,577 [pool-163-thread-1] INFO  server.RaftServerConfigKeys (ConfUtils.java:logGet(46)) - raft.server.log.async-flush.enabled = false (default)
2023-01-09 20:09:43,577 [pool-163-thread-1] INFO  server.RaftServerConfigKeys (ConfUtils.java:logGet(46)) - raft.server.log.statemachine.data.caching.enabled = true (custom)
2023-01-09 20:09:43,577 [pool-163-thread-1] INFO  segmented.SegmentedRaftLogWorker (SegmentedRaftLogWorker.java:lambda$new$0(135)) - 26559c5d-eeb2-413a-b661-4afee7d58202@group-598432169F60-SegmentedRaftLogWorker: flushIndex: setUnconditionally 0 -> -1
2023-01-09 20:09:43,577 [pool-163-thread-1] INFO  segmented.SegmentedRaftLogWorker (SegmentedRaftLogWorker.java:lambda$new$0(135)) - 26559c5d-eeb2-413a-b661-4afee7d58202@group-598432169F60-SegmentedRaftLogWorker: safeCacheEvictIndex: setUnconditionally 0 -> -1
2023-01-09 20:09:43,578 [pool-163-thread-1] INFO  server.RaftServer$Division (RaftServerImpl.java:start(334)) - 26559c5d-eeb2-413a-b661-4afee7d58202@group-598432169F60: start as a follower, conf=-1: peers:[93b0d557-27ed-4241-a042-86e84b32abbd|rpc:10.1.0.27:38305|dataStream:10.1.0.27:40935|priority:0|startupRole:FOLLOWER, cbda9cd1-c9bf-468c-9ce3-2b320cdae76d|rpc:10.1.0.27:39195|dataStream:10.1.0.27:44727|priority:0|startupRole:FOLLOWER, 26559c5d-eeb2-413a-b661-4afee7d58202|rpc:10.1.0.27:44647|dataStream:10.1.0.27:46099|priority:1|startupRole:FOLLOWER]|listeners:[], old=null
2023-01-09 20:09:43,578 [pool-163-thread-1] INFO  server.RaftServer$Division (RaftServerImpl.java:setRole(321)) - 26559c5d-eeb2-413a-b661-4afee7d58202@group-598432169F60: changes role from      null to FOLLOWER at term 0 for startAsFollower
2023-01-09 20:09:43,578 [pool-163-thread-1] INFO  impl.RoleInfo (RoleInfo.java:updateAndGet(139)) - 26559c5d-eeb2-413a-b661-4afee7d58202: start 26559c5d-eeb2-413a-b661-4afee7d58202@group-598432169F60-FollowerState
2023-01-09 20:09:43,578 [26559c5d-eeb2-413a-b661-4afee7d58202@group-598432169F60-FollowerState] INFO  server.RaftServerConfigKeys (ConfUtils.java:logFallback(53)) - raft.server.rpc.first-election.timeout.min = 5s (fallback to raft.server.rpc.timeout.min)
2023-01-09 20:09:43,579 [pool-163-thread-1] INFO  util.JmxRegister (JmxRegister.java:tryRegister(44)) - Successfully registered JMX Bean with object name Ratis:service=RaftServer,group=group-598432169F60,id=26559c5d-eeb2-413a-b661-4afee7d58202
2023-01-09 20:09:43,580 [26559c5d-eeb2-413a-b661-4afee7d58202@group-598432169F60-FollowerState] INFO  server.RaftServerConfigKeys (ConfUtils.java:logFallback(53)) - raft.server.rpc.first-election.timeout.max = 5200ms (fallback to raft.server.rpc.timeout.max)
2023-01-09 20:09:43,581 [pool-163-thread-1] INFO  server.RaftServerConfigKeys (ConfUtils.java:logGet(46)) - raft.server.snapshot.auto.trigger.enabled = true (custom)
2023-01-09 20:09:43,582 [pool-163-thread-1] INFO  server.RaftServerConfigKeys (ConfUtils.java:logGet(46)) - raft.server.snapshot.auto.trigger.threshold = 10000 (custom)
2023-01-09 20:09:43,582 [pool-163-thread-1] INFO  server.RaftServerConfigKeys (ConfUtils.java:logGet(46)) - raft.server.snapshot.retention.file.num = 5 (custom)
2023-01-09 20:09:43,582 [pool-163-thread-1] INFO  server.RaftServerConfigKeys (ConfUtils.java:logGet(46)) - raft.server.log.purge.upto.snapshot.index = false (default)
2023-01-09 20:09:43,645 [grpc-default-executor-0] INFO  server.RaftServer (RaftServerProxy.java:addNew(96)) - cbda9cd1-c9bf-468c-9ce3-2b320cdae76d: addNew group-598432169F60:[93b0d557-27ed-4241-a042-86e84b32abbd|rpc:10.1.0.27:38305|dataStream:10.1.0.27:40935|priority:0|startupRole:FOLLOWER, cbda9cd1-c9bf-468c-9ce3-2b320cdae76d|rpc:10.1.0.27:39195|dataStream:10.1.0.27:44727|priority:0|startupRole:FOLLOWER, 26559c5d-eeb2-413a-b661-4afee7d58202|rpc:10.1.0.27:44647|dataStream:10.1.0.27:46099|priority:1|startupRole:FOLLOWER] returns group-598432169F60:java.util.concurrent.CompletableFuture@1c6448db[Not completed]
2023-01-09 20:09:43,647 [pool-186-thread-1] INFO  server.RaftServer$Division (RaftServerImpl.java:<init>(195)) - cbda9cd1-c9bf-468c-9ce3-2b320cdae76d: new RaftServerImpl for group-598432169F60:[93b0d557-27ed-4241-a042-86e84b32abbd|rpc:10.1.0.27:38305|dataStream:10.1.0.27:40935|priority:0|startupRole:FOLLOWER, cbda9cd1-c9bf-468c-9ce3-2b320cdae76d|rpc:10.1.0.27:39195|dataStream:10.1.0.27:44727|priority:0|startupRole:FOLLOWER, 26559c5d-eeb2-413a-b661-4afee7d58202|rpc:10.1.0.27:44647|dataStream:10.1.0.27:46099|priority:1|startupRole:FOLLOWER] with ContainerStateMachine:uninitialized
2023-01-09 20:09:43,647 [pool-186-thread-1] INFO  server.RaftServerConfigKeys (ConfUtils.java:logGet(46)) - raft.server.rpc.timeout.min = 5s (custom)
2023-01-09 20:09:43,647 [pool-186-thread-1] INFO  server.RaftServerConfigKeys (ConfUtils.java:logGet(46)) - raft.server.rpc.timeout.max = 5200ms (custom)
2023-01-09 20:09:43,647 [pool-186-thread-1] INFO  server.RaftServerConfigKeys (ConfUtils.java:logGet(46)) - raft.server.rpc.sleep.time = 25ms (default)
2023-01-09 20:09:43,647 [pool-186-thread-1] INFO  server.RaftServerConfigKeys (ConfUtils.java:logGet(46)) - raft.server.rpc.slowness.timeout = 300s (custom)
2023-01-09 20:09:43,647 [pool-186-thread-1] INFO  server.RaftServerConfigKeys (ConfUtils.java:logGet(46)) - raft.server.leaderelection.leader.step-down.wait-time = 10s (default)
2023-01-09 20:09:43,648 [pool-186-thread-1] INFO  server.RaftServerConfigKeys (ConfUtils.java:logGet(46)) - raft.server.sleep.deviation.threshold = 300ms (default)
2023-01-09 20:09:43,648 [pool-186-thread-1] INFO  server.RaftServer$Division (ServerState.java:<init>(118)) - cbda9cd1-c9bf-468c-9ce3-2b320cdae76d@group-598432169F60: ConfigurationManager, init=-1: peers:[93b0d557-27ed-4241-a042-86e84b32abbd|rpc:10.1.0.27:38305|dataStream:10.1.0.27:40935|priority:0|startupRole:FOLLOWER, cbda9cd1-c9bf-468c-9ce3-2b320cdae76d|rpc:10.1.0.27:39195|dataStream:10.1.0.27:44727|priority:0|startupRole:FOLLOWER, 26559c5d-eeb2-413a-b661-4afee7d58202|rpc:10.1.0.27:44647|dataStream:10.1.0.27:46099|priority:1|startupRole:FOLLOWER]|listeners:[], old=null, confs=<EMPTY_MAP>
2023-01-09 20:09:43,648 [pool-186-thread-1] INFO  server.RaftServerConfigKeys (ConfUtils.java:logGet(46)) - raft.server.storage.dir = [/home/runner/work/ozone/ozone/hadoop-ozone/integration-test/target/test-dir/MiniOzoneClusterImpl-dc953f1b-8f43-4e25-a114-36b3b0290d25/datanode-5/data/ratis] (custom)
2023-01-09 20:09:43,648 [pool-186-thread-1] INFO  server.RaftServerConfigKeys (ConfUtils.java:logGet(46)) - raft.server.log.corruption.policy = EXCEPTION (default)
2023-01-09 20:09:43,648 [pool-186-thread-1] INFO  server.RaftServerConfigKeys (ConfUtils.java:logGet(46)) - raft.server.storage.free-space.min = 0MB (=0) (default)
2023-01-09 20:09:43,648 [pool-186-thread-1] INFO  server.RaftServerConfigKeys (ConfUtils.java:logGet(46)) - raft.server.notification.no-leader.timeout = 300s (custom)
2023-01-09 20:09:43,648 [pool-186-thread-1] INFO  server.RaftServerConfigKeys (ConfUtils.java:logGet(46)) - raft.server.retrycache.expirytime = 600000ms (custom)
2023-01-09 20:09:43,648 [pool-186-thread-1] INFO  server.RaftServerConfigKeys (ConfUtils.java:logGet(46)) - raft.server.retrycache.statistics.expirytime = 100μs (default)
2023-01-09 20:09:43,650 [pool-186-thread-1] INFO  server.RaftServerConfigKeys (ConfUtils.java:logGet(46)) - raft.server.log.appender.install.snapshot.enabled = false (custom)
2023-01-09 20:09:43,651 [pool-186-thread-1] INFO  server.RaftServerConfigKeys (ConfUtils.java:logGet(46)) - raft.server.threadpool.server.cached = true (default)
2023-01-09 20:09:43,651 [pool-186-thread-1] INFO  server.RaftServerConfigKeys (ConfUtils.java:logGet(46)) - raft.server.threadpool.server.size = 0 (default)
2023-01-09 20:09:43,651 [pool-186-thread-1] INFO  server.RaftServerConfigKeys (ConfUtils.java:logGet(46)) - raft.server.threadpool.client.cached = true (default)
2023-01-09 20:09:43,651 [pool-186-thread-1] INFO  server.RaftServerConfigKeys (ConfUtils.java:logGet(46)) - raft.server.threadpool.client.size = 0 (default)
2023-01-09 20:09:43,651 [pool-186-thread-1] INFO  storage.RaftStorageDirectory (RaftStorageDirectoryImpl.java:analyzeStorage(137)) - The storage directory /home/runner/work/ozone/ozone/hadoop-ozone/integration-test/target/test-dir/MiniOzoneClusterImpl-dc953f1b-8f43-4e25-a114-36b3b0290d25/datanode-5/data/ratis/072de9a2-1de7-4e13-a23f-598432169f60 does not exist. Creating ...
2023-01-09 20:09:43,654 [pool-186-thread-1] INFO  storage.RaftStorageDirectory (RaftStorageDirectoryImpl.java:tryLock(231)) - Lock on /home/runner/work/ozone/ozone/hadoop-ozone/integration-test/target/test-dir/MiniOzoneClusterImpl-dc953f1b-8f43-4e25-a114-36b3b0290d25/datanode-5/data/ratis/072de9a2-1de7-4e13-a23f-598432169f60/in_use.lock acquired by nodename 50886@fv-az457-50
2023-01-09 20:09:43,659 [pool-186-thread-1] INFO  storage.RaftStorage (RaftStorageImpl.java:format(96)) - Storage directory /home/runner/work/ozone/ozone/hadoop-ozone/integration-test/target/test-dir/MiniOzoneClusterImpl-dc953f1b-8f43-4e25-a114-36b3b0290d25/datanode-5/data/ratis/072de9a2-1de7-4e13-a23f-598432169f60 has been successfully formatted.
2023-01-09 20:09:43,660 [pool-186-thread-1] INFO  ratis.ContainerStateMachine (ContainerStateMachine.java:loadSnapshot(240)) - group-598432169F60: The snapshot info is null. Setting the last applied indexto:(t:0, i:~)
2023-01-09 20:09:43,660 [pool-186-thread-1] INFO  server.RaftServerConfigKeys (ConfUtils.java:logGet(46)) - raft.server.log.use.memory = false (default)
2023-01-09 20:09:43,660 [pool-186-thread-1] INFO  server.RaftServerConfigKeys (ConfUtils.java:logGet(46)) - raft.server.log.purge.gap = 1000000 (custom)
2023-01-09 20:09:43,660 [pool-186-thread-1] INFO  server.RaftServerConfigKeys (ConfUtils.java:logGet(46)) - raft.server.log.appender.buffer.byte-limit = 33554432 (custom)
2023-01-09 20:09:43,660 [pool-186-thread-1] INFO  server.RaftServerConfigKeys (ConfUtils.java:logGet(46)) - raft.server.log.statemachine.data.read.timeout = 1000ms (default)
2023-01-09 20:09:43,660 [pool-186-thread-1] INFO  server.RaftServerConfigKeys (ConfUtils.java:logGet(46)) - raft.server.log.purge.preservation.log.num = 0 (default)
2023-01-09 20:09:43,661 [pool-186-thread-1] INFO  server.RaftServerConfigKeys (ConfUtils.java:logGet(46)) - raft.server.log.segment.size.max = 1048576 (custom)
2023-01-09 20:09:43,662 [pool-186-thread-1] INFO  server.RaftServerConfigKeys (ConfUtils.java:logGet(46)) - raft.server.log.segment.cache.num.max = 2 (custom)
2023-01-09 20:09:43,662 [pool-186-thread-1] INFO  server.RaftServerConfigKeys (ConfUtils.java:logGet(46)) - raft.server.log.segment.cache.size.max = 200MB (=209715200) (default)
2023-01-09 20:09:43,662 [pool-186-thread-1] INFO  segmented.SegmentedRaftLogWorker (SegmentedRaftLogWorker.java:<init>(189)) - new cbda9cd1-c9bf-468c-9ce3-2b320cdae76d@group-598432169F60-SegmentedRaftLogWorker for RaftStorageImpl:Storage Directory /home/runner/work/ozone/ozone/hadoop-ozone/integration-test/target/test-dir/MiniOzoneClusterImpl-dc953f1b-8f43-4e25-a114-36b3b0290d25/datanode-5/data/ratis/072de9a2-1de7-4e13-a23f-598432169f60
2023-01-09 20:09:43,662 [pool-186-thread-1] INFO  server.RaftServerConfigKeys (ConfUtils.java:logGet(46)) - raft.server.log.queue.byte-limit = 4294967296 (custom)
2023-01-09 20:09:43,662 [pool-186-thread-1] INFO  server.RaftServerConfigKeys (ConfUtils.java:logGet(46)) - raft.server.log.queue.element-limit = 1024 (custom)
2023-01-09 20:09:43,662 [pool-186-thread-1] INFO  server.RaftServerConfigKeys (ConfUtils.java:logGet(46)) - raft.server.log.segment.size.max = 1048576 (custom)
2023-01-09 20:09:43,662 [pool-186-thread-1] INFO  server.RaftServerConfigKeys (ConfUtils.java:logGet(46)) - raft.server.log.preallocated.size = 16384 (custom)
2023-01-09 20:09:43,663 [pool-186-thread-1] INFO  server.RaftServerConfigKeys (ConfUtils.java:logGet(46)) - raft.server.log.force.sync.num = 128 (default)
2023-01-09 20:09:43,663 [pool-186-thread-1] INFO  server.RaftServerConfigKeys (ConfUtils.java:logGet(46)) - raft.server.log.statemachine.data.sync = true (default)
2023-01-09 20:09:43,663 [pool-186-thread-1] INFO  server.RaftServerConfigKeys (ConfUtils.java:logGet(46)) - raft.server.log.statemachine.data.sync.timeout = 10s (default)
2023-01-09 20:09:43,663 [pool-186-thread-1] INFO  server.RaftServerConfigKeys (ConfUtils.java:logGet(46)) - raft.server.log.statemachine.data.sync.timeout.retry = -1 (default)
2023-01-09 20:09:43,667 [pool-186-thread-1] INFO  server.RaftServerConfigKeys (ConfUtils.java:logGet(46)) - raft.server.log.write.buffer.size = 1048576 (custom)
2023-01-09 20:09:43,669 [pool-186-thread-1] INFO  server.RaftServerConfigKeys (ConfUtils.java:logGet(46)) - raft.server.log.appender.buffer.byte-limit = 33554432 (custom)
2023-01-09 20:09:44,029 [Command processor thread] INFO  server.RaftServer (RaftServerProxy.java:addNew(96)) - 26559c5d-eeb2-413a-b661-4afee7d58202: addNew group-9C925EA0C3AA:[26559c5d-eeb2-413a-b661-4afee7d58202|rpc:10.1.0.27:44647|dataStream:10.1.0.27:46099|priority:1|startupRole:FOLLOWER] returns group-9C925EA0C3AA:java.util.concurrent.CompletableFuture@1d922d1b[Not completed]
2023-01-09 20:09:44,030 [JvmPauseMonitor0] WARN  util.JvmPauseMonitor (JvmPauseMonitor.java:detectPause(126)) - JvmPauseMonitor-om1: Detected pause in JVM or host machine (eg GC): pause of approximately 280550573ns.
GC pool 'PS MarkSweep' had collection(s): count=1 time=270ms
GC pool 'PS Scavenge' had collection(s): count=1 time=85ms
2023-01-09 20:09:44,030 [JvmPauseMonitor9] WARN  util.JvmPauseMonitor (JvmPauseMonitor.java:detectPause(126)) - JvmPauseMonitor-d09c218f-b416-45d6-bb77-0144cdedc1ff: Detected pause in JVM or host machine (eg GC): pause of approximately 270374727ns.
GC pool 'PS MarkSweep' had collection(s): count=1 time=270ms
GC pool 'PS Scavenge' had collection(s): count=1 time=85ms
2023-01-09 20:09:44,030 [JvmPauseMonitor7] WARN  util.JvmPauseMonitor (JvmPauseMonitor.java:detectPause(126)) - JvmPauseMonitor-51369307-b0de-40aa-9d6f-41f84e1cecb7: Detected pause in JVM or host machine (eg GC): pause of approximately 268521537ns.
GC pool 'PS MarkSweep' had collection(s): count=1 time=270ms
GC pool 'PS Scavenge' had collection(s): count=1 time=85ms
2023-01-09 20:09:44,030 [pool-163-thread-1] INFO  server.RaftServer$Division (RaftServerImpl.java:<init>(195)) - 26559c5d-eeb2-413a-b661-4afee7d58202: new RaftServerImpl for group-9C925EA0C3AA:[26559c5d-eeb2-413a-b661-4afee7d58202|rpc:10.1.0.27:44647|dataStream:10.1.0.27:46099|priority:1|startupRole:FOLLOWER] with ContainerStateMachine:uninitialized
2023-01-09 20:09:44,061 [pool-163-thread-1] INFO  server.RaftServerConfigKeys (ConfUtils.java:logGet(46)) - raft.server.rpc.timeout.min = 5s (custom)
2023-01-09 20:09:44,061 [pool-163-thread-1] INFO  server.RaftServerConfigKeys (ConfUtils.java:logGet(46)) - raft.server.rpc.timeout.max = 5200ms (custom)
2023-01-09 20:09:44,061 [pool-163-thread-1] INFO  server.RaftServerConfigKeys (ConfUtils.java:logGet(46)) - raft.server.rpc.sleep.time = 25ms (default)
2023-01-09 20:09:44,061 [pool-163-thread-1] INFO  server.RaftServerConfigKeys (ConfUtils.java:logGet(46)) - raft.server.rpc.slowness.timeout = 300s (custom)
2023-01-09 20:09:44,061 [pool-163-thread-1] INFO  server.RaftServerConfigKeys (ConfUtils.java:logGet(46)) - raft.server.leaderelection.leader.step-down.wait-time = 10s (default)
2023-01-09 20:09:44,061 [pool-163-thread-1] INFO  server.RaftServerConfigKeys (ConfUtils.java:logGet(46)) - raft.server.sleep.deviation.threshold = 300ms (default)
2023-01-09 20:09:44,062 [pool-163-thread-1] INFO  server.RaftServer$Division (ServerState.java:<init>(118)) - 26559c5d-eeb2-413a-b661-4afee7d58202@group-9C925EA0C3AA: ConfigurationManager, init=-1: peers:[26559c5d-eeb2-413a-b661-4afee7d58202|rpc:10.1.0.27:44647|dataStream:10.1.0.27:46099|priority:1|startupRole:FOLLOWER]|listeners:[], old=null, confs=<EMPTY_MAP>
2023-01-09 20:09:44,062 [pool-186-thread-1] INFO  server.RaftServerConfigKeys (ConfUtils.java:logGet(46)) - raft.server.log.unsafe-flush.enabled = false (default)
2023-01-09 20:09:44,062 [pool-163-thread-1] INFO  server.RaftServerConfigKeys (ConfUtils.java:logGet(46)) - raft.server.storage.dir = [/home/runner/work/ozone/ozone/hadoop-ozone/integration-test/target/test-dir/MiniOzoneClusterImpl-dc953f1b-8f43-4e25-a114-36b3b0290d25/datanode-4/data/ratis] (custom)
2023-01-09 20:09:44,062 [pool-163-thread-1] INFO  server.RaftServerConfigKeys (ConfUtils.java:logGet(46)) - raft.server.log.corruption.policy = EXCEPTION (default)
2023-01-09 20:09:44,062 [pool-163-thread-1] INFO  server.RaftServerConfigKeys (ConfUtils.java:logGet(46)) - raft.server.storage.free-space.min = 0MB (=0) (default)
2023-01-09 20:09:44,062 [pool-163-thread-1] INFO  server.RaftServerConfigKeys (ConfUtils.java:logGet(46)) - raft.server.notification.no-leader.timeout = 300s (custom)
2023-01-09 20:09:44,063 [pool-163-thread-1] INFO  server.RaftServerConfigKeys (ConfUtils.java:logGet(46)) - raft.server.retrycache.expirytime = 600000ms (custom)
2023-01-09 20:09:44,063 [pool-163-thread-1] INFO  server.RaftServerConfigKeys (ConfUtils.java:logGet(46)) - raft.server.retrycache.statistics.expirytime = 100μs (default)
2023-01-09 20:09:44,065 [pool-163-thread-1] INFO  server.RaftServerConfigKeys (ConfUtils.java:logGet(46)) - raft.server.log.appender.install.snapshot.enabled = false (custom)
2023-01-09 20:09:44,065 [pool-163-thread-1] INFO  server.RaftServerConfigKeys (ConfUtils.java:logGet(46)) - raft.server.threadpool.server.cached = true (default)
2023-01-09 20:09:44,065 [pool-163-thread-1] INFO  server.RaftServerConfigKeys (ConfUtils.java:logGet(46)) - raft.server.threadpool.server.size = 0 (default)
2023-01-09 20:09:44,065 [pool-186-thread-1] INFO  server.RaftServerConfigKeys (ConfUtils.java:logGet(46)) - raft.server.log.async-flush.enabled = false (default)
2023-01-09 20:09:44,065 [pool-186-thread-1] INFO  server.RaftServerConfigKeys (ConfUtils.java:logGet(46)) - raft.server.log.statemachine.data.caching.enabled = true (custom)
2023-01-09 20:09:44,065 [pool-163-thread-1] INFO  server.RaftServerConfigKeys (ConfUtils.java:logGet(46)) - raft.server.threadpool.client.cached = true (default)
2023-01-09 20:09:44,065 [pool-163-thread-1] INFO  server.RaftServerConfigKeys (ConfUtils.java:logGet(46)) - raft.server.threadpool.client.size = 0 (default)
2023-01-09 20:09:44,065 [pool-163-thread-1] INFO  storage.RaftStorageDirectory (RaftStorageDirectoryImpl.java:analyzeStorage(137)) - The storage directory /home/runner/work/ozone/ozone/hadoop-ozone/integration-test/target/test-dir/MiniOzoneClusterImpl-dc953f1b-8f43-4e25-a114-36b3b0290d25/datanode-4/data/ratis/cf2e784e-7772-45ba-87c5-9c925ea0c3aa does not exist. Creating ...
2023-01-09 20:09:44,066 [pool-186-thread-1] INFO  segmented.SegmentedRaftLogWorker (SegmentedRaftLogWorker.java:lambda$new$0(135)) - cbda9cd1-c9bf-468c-9ce3-2b320cdae76d@group-598432169F60-SegmentedRaftLogWorker: flushIndex: setUnconditionally 0 -> -1
2023-01-09 20:09:44,066 [pool-186-thread-1] INFO  segmented.SegmentedRaftLogWorker (SegmentedRaftLogWorker.java:lambda$new$0(135)) - cbda9cd1-c9bf-468c-9ce3-2b320cdae76d@group-598432169F60-SegmentedRaftLogWorker: safeCacheEvictIndex: setUnconditionally 0 -> -1
2023-01-09 20:09:44,068 [pool-163-thread-1] INFO  storage.RaftStorageDirectory (RaftStorageDirectoryImpl.java:tryLock(231)) - Lock on /home/runner/work/ozone/ozone/hadoop-ozone/integration-test/target/test-dir/MiniOzoneClusterImpl-dc953f1b-8f43-4e25-a114-36b3b0290d25/datanode-4/data/ratis/cf2e784e-7772-45ba-87c5-9c925ea0c3aa/in_use.lock acquired by nodename 50886@fv-az457-50
2023-01-09 20:09:44,071 [pool-163-thread-1] INFO  storage.RaftStorage (RaftStorageImpl.java:format(96)) - Storage directory /home/runner/work/ozone/ozone/hadoop-ozone/integration-test/target/test-dir/MiniOzoneClusterImpl-dc953f1b-8f43-4e25-a114-36b3b0290d25/datanode-4/data/ratis/cf2e784e-7772-45ba-87c5-9c925ea0c3aa has been successfully formatted.
2023-01-09 20:09:44,071 [pool-186-thread-1] INFO  server.RaftServer$Division (RaftServerImpl.java:start(334)) - cbda9cd1-c9bf-468c-9ce3-2b320cdae76d@group-598432169F60: start as a follower, conf=-1: peers:[93b0d557-27ed-4241-a042-86e84b32abbd|rpc:10.1.0.27:38305|dataStream:10.1.0.27:40935|priority:0|startupRole:FOLLOWER, cbda9cd1-c9bf-468c-9ce3-2b320cdae76d|rpc:10.1.0.27:39195|dataStream:10.1.0.27:44727|priority:0|startupRole:FOLLOWER, 26559c5d-eeb2-413a-b661-4afee7d58202|rpc:10.1.0.27:44647|dataStream:10.1.0.27:46099|priority:1|startupRole:FOLLOWER]|listeners:[], old=null
2023-01-09 20:09:44,072 [pool-186-thread-1] INFO  server.RaftServer$Division (RaftServerImpl.java:setRole(321)) - cbda9cd1-c9bf-468c-9ce3-2b320cdae76d@group-598432169F60: changes role from      null to FOLLOWER at term 0 for startAsFollower
2023-01-09 20:09:44,072 [pool-186-thread-1] INFO  impl.RoleInfo (RoleInfo.java:updateAndGet(139)) - cbda9cd1-c9bf-468c-9ce3-2b320cdae76d: start cbda9cd1-c9bf-468c-9ce3-2b320cdae76d@group-598432169F60-FollowerState
2023-01-09 20:09:44,072 [pool-186-thread-1] INFO  util.JmxRegister (JmxRegister.java:tryRegister(44)) - Successfully registered JMX Bean with object name Ratis:service=RaftServer,group=group-598432169F60,id=cbda9cd1-c9bf-468c-9ce3-2b320cdae76d
2023-01-09 20:09:44,072 [cbda9cd1-c9bf-468c-9ce3-2b320cdae76d@group-598432169F60-FollowerState] INFO  server.RaftServerConfigKeys (ConfUtils.java:logFallback(53)) - raft.server.rpc.first-election.timeout.min = 5s (fallback to raft.server.rpc.timeout.min)
2023-01-09 20:09:44,074 [cbda9cd1-c9bf-468c-9ce3-2b320cdae76d@group-598432169F60-FollowerState] INFO  server.RaftServerConfigKeys (ConfUtils.java:logFallback(53)) - raft.server.rpc.first-election.timeout.max = 5200ms (fallback to raft.server.rpc.timeout.max)
2023-01-09 20:09:44,072 [pool-186-thread-1] INFO  server.RaftServerConfigKeys (ConfUtils.java:logGet(46)) - raft.server.snapshot.auto.trigger.enabled = true (custom)
2023-01-09 20:09:44,076 [pool-186-thread-1] INFO  server.RaftServerConfigKeys (ConfUtils.java:logGet(46)) - raft.server.snapshot.auto.trigger.threshold = 10000 (custom)
2023-01-09 20:09:44,073 [pool-163-thread-1] INFO  ratis.ContainerStateMachine (ContainerStateMachine.java:loadSnapshot(240)) - group-9C925EA0C3AA: The snapshot info is null. Setting the last applied indexto:(t:0, i:~)
2023-01-09 20:09:44,076 [pool-186-thread-1] INFO  server.RaftServerConfigKeys (ConfUtils.java:logGet(46)) - raft.server.snapshot.retention.file.num = 5 (custom)
2023-01-09 20:09:44,076 [EventQueue-PipelineReportForPipelineReportHandler] INFO  pipeline.PipelineManagerImpl (PipelineManagerImpl.java:openPipeline(367)) - Pipeline Pipeline[ Id: cf2e784e-7772-45ba-87c5-9c925ea0c3aa, Nodes: 26559c5d-eeb2-413a-b661-4afee7d58202{ip: 10.1.0.27, host: fv-az457-50.3faczmgjfduuxnksfsdf43hgfa.dx.internal.cloudapp.net, ports: [REPLICATION=46287, RATIS=44647, RATIS_ADMIN=44647, RATIS_SERVER=44647, RATIS_DATASTREAM=46099, STANDALONE=35933], networkLocation: /default-rack, certSerialId: null, persistedOpState: IN_SERVICE, persistedOpStateExpiryEpochSec: 0}, ReplicationConfig: RATIS/ONE, State:ALLOCATED, leaderId:26559c5d-eeb2-413a-b661-4afee7d58202, CreationTimestamp2023-01-09T20:09:40.794Z[Etc/UTC]] moved to OPEN state
2023-01-09 20:09:44,076 [pool-163-thread-1] INFO  server.RaftServerConfigKeys (ConfUtils.java:logGet(46)) - raft.server.log.use.memory = false (default)
2023-01-09 20:09:44,077 [pool-163-thread-1] INFO  server.RaftServerConfigKeys (ConfUtils.java:logGet(46)) - raft.server.log.purge.gap = 1000000 (custom)
2023-01-09 20:09:44,077 [pool-163-thread-1] INFO  server.RaftServerConfigKeys (ConfUtils.java:logGet(46)) - raft.server.log.appender.buffer.byte-limit = 33554432 (custom)
2023-01-09 20:09:44,077 [pool-163-thread-1] INFO  server.RaftServerConfigKeys (ConfUtils.java:logGet(46)) - raft.server.log.statemachine.data.read.timeout = 1000ms (default)
2023-01-09 20:09:44,077 [pool-163-thread-1] INFO  server.RaftServerConfigKeys (ConfUtils.java:logGet(46)) - raft.server.log.purge.preservation.log.num = 0 (default)
2023-01-09 20:09:44,077 [EventQueue-OpenPipelineForHealthyPipelineSafeModeRule] INFO  safemode.SCMSafeModeManager (HealthyPipelineSafeModeRule.java:process(137)) - SCM in safe mode. Healthy pipelines reported count is 0, required healthy pipeline reported count is 1
2023-01-09 20:09:44,079 [pool-186-thread-1] INFO  server.RaftServerConfigKeys (ConfUtils.java:logGet(46)) - raft.server.log.purge.upto.snapshot.index = false (default)
2023-01-09 20:09:44,079 [pool-163-thread-1] INFO  server.RaftServerConfigKeys (ConfUtils.java:logGet(46)) - raft.server.log.segment.size.max = 1048576 (custom)
2023-01-09 20:09:44,080 [pool-163-thread-1] INFO  server.RaftServerConfigKeys (ConfUtils.java:logGet(46)) - raft.server.log.segment.cache.num.max = 2 (custom)
2023-01-09 20:09:44,080 [pool-163-thread-1] INFO  server.RaftServerConfigKeys (ConfUtils.java:logGet(46)) - raft.server.log.segment.cache.size.max = 200MB (=209715200) (default)
2023-01-09 20:09:44,080 [pool-163-thread-1] INFO  segmented.SegmentedRaftLogWorker (SegmentedRaftLogWorker.java:<init>(189)) - new 26559c5d-eeb2-413a-b661-4afee7d58202@group-9C925EA0C3AA-SegmentedRaftLogWorker for RaftStorageImpl:Storage Directory /home/runner/work/ozone/ozone/hadoop-ozone/integration-test/target/test-dir/MiniOzoneClusterImpl-dc953f1b-8f43-4e25-a114-36b3b0290d25/datanode-4/data/ratis/cf2e784e-7772-45ba-87c5-9c925ea0c3aa
2023-01-09 20:09:44,080 [pool-163-thread-1] INFO  server.RaftServerConfigKeys (ConfUtils.java:logGet(46)) - raft.server.log.queue.byte-limit = 4294967296 (custom)
2023-01-09 20:09:44,081 [pool-163-thread-1] INFO  server.RaftServerConfigKeys (ConfUtils.java:logGet(46)) - raft.server.log.queue.element-limit = 1024 (custom)
2023-01-09 20:09:44,081 [pool-163-thread-1] INFO  server.RaftServerConfigKeys (ConfUtils.java:logGet(46)) - raft.server.log.segment.size.max = 1048576 (custom)
2023-01-09 20:09:44,081 [pool-163-thread-1] INFO  server.RaftServerConfigKeys (ConfUtils.java:logGet(46)) - raft.server.log.preallocated.size = 16384 (custom)
2023-01-09 20:09:44,081 [pool-163-thread-1] INFO  server.RaftServerConfigKeys (ConfUtils.java:logGet(46)) - raft.server.log.force.sync.num = 128 (default)
2023-01-09 20:09:44,081 [pool-163-thread-1] INFO  server.RaftServerConfigKeys (ConfUtils.java:logGet(46)) - raft.server.log.statemachine.data.sync = true (default)
2023-01-09 20:09:44,081 [pool-163-thread-1] INFO  server.RaftServerConfigKeys (ConfUtils.java:logGet(46)) - raft.server.log.statemachine.data.sync.timeout = 10s (default)
2023-01-09 20:09:44,081 [pool-163-thread-1] INFO  server.RaftServerConfigKeys (ConfUtils.java:logGet(46)) - raft.server.log.statemachine.data.sync.timeout.retry = -1 (default)
2023-01-09 20:09:44,086 [Command processor thread] INFO  commandhandler.CreatePipelineCommandHandler (CreatePipelineCommandHandler.java:handle(113)) - Created Pipeline RATIS THREE PipelineID=072de9a2-1de7-4e13-a23f-598432169f60.
2023-01-09 20:09:44,087 [Command processor thread] INFO  server.RaftServer (RaftServerProxy.java:addNew(96)) - 93b0d557-27ed-4241-a042-86e84b32abbd: addNew group-D8C695AA2570:[93b0d557-27ed-4241-a042-86e84b32abbd|rpc:10.1.0.27:38305|dataStream:10.1.0.27:40935|priority:0|startupRole:FOLLOWER, cbda9cd1-c9bf-468c-9ce3-2b320cdae76d|rpc:10.1.0.27:39195|dataStream:10.1.0.27:44727|priority:1|startupRole:FOLLOWER, 26559c5d-eeb2-413a-b661-4afee7d58202|rpc:10.1.0.27:44647|dataStream:10.1.0.27:46099|priority:0|startupRole:FOLLOWER] returns group-D8C695AA2570:java.util.concurrent.CompletableFuture@301521a0[Not completed]
2023-01-09 20:09:44,088 [pool-140-thread-1] INFO  server.RaftServer$Division (RaftServerImpl.java:<init>(195)) - 93b0d557-27ed-4241-a042-86e84b32abbd: new RaftServerImpl for group-D8C695AA2570:[93b0d557-27ed-4241-a042-86e84b32abbd|rpc:10.1.0.27:38305|dataStream:10.1.0.27:40935|priority:0|startupRole:FOLLOWER, cbda9cd1-c9bf-468c-9ce3-2b320cdae76d|rpc:10.1.0.27:39195|dataStream:10.1.0.27:44727|priority:1|startupRole:FOLLOWER, 26559c5d-eeb2-413a-b661-4afee7d58202|rpc:10.1.0.27:44647|dataStream:10.1.0.27:46099|priority:0|startupRole:FOLLOWER] with ContainerStateMachine:uninitialized
2023-01-09 20:09:44,088 [pool-140-thread-1] INFO  server.RaftServerConfigKeys (ConfUtils.java:logGet(46)) - raft.server.rpc.timeout.min = 5s (custom)
2023-01-09 20:09:44,088 [pool-140-thread-1] INFO  server.RaftServerConfigKeys (ConfUtils.java:logGet(46)) - raft.server.rpc.timeout.max = 5200ms (custom)
2023-01-09 20:09:44,088 [pool-140-thread-1] INFO  server.RaftServerConfigKeys (ConfUtils.java:logGet(46)) - raft.server.rpc.sleep.time = 25ms (default)
2023-01-09 20:09:44,088 [pool-140-thread-1] INFO  server.RaftServerConfigKeys (ConfUtils.java:logGet(46)) - raft.server.rpc.slowness.timeout = 300s (custom)
2023-01-09 20:09:44,088 [pool-140-thread-1] INFO  server.RaftServerConfigKeys (ConfUtils.java:logGet(46)) - raft.server.leaderelection.leader.step-down.wait-time = 10s (default)
2023-01-09 20:09:44,088 [pool-140-thread-1] INFO  server.RaftServerConfigKeys (ConfUtils.java:logGet(46)) - raft.server.sleep.deviation.threshold = 300ms (default)
2023-01-09 20:09:44,088 [pool-163-thread-1] INFO  server.RaftServerConfigKeys (ConfUtils.java:logGet(46)) - raft.server.log.write.buffer.size = 1048576 (custom)
2023-01-09 20:09:44,088 [pool-140-thread-1] INFO  server.RaftServer$Division (ServerState.java:<init>(118)) - 93b0d557-27ed-4241-a042-86e84b32abbd@group-D8C695AA2570: ConfigurationManager, init=-1: peers:[93b0d557-27ed-4241-a042-86e84b32abbd|rpc:10.1.0.27:38305|dataStream:10.1.0.27:40935|priority:0|startupRole:FOLLOWER, cbda9cd1-c9bf-468c-9ce3-2b320cdae76d|rpc:10.1.0.27:39195|dataStream:10.1.0.27:44727|priority:1|startupRole:FOLLOWER, 26559c5d-eeb2-413a-b661-4afee7d58202|rpc:10.1.0.27:44647|dataStream:10.1.0.27:46099|priority:0|startupRole:FOLLOWER]|listeners:[], old=null, confs=<EMPTY_MAP>
2023-01-09 20:09:44,089 [pool-140-thread-1] INFO  server.RaftServerConfigKeys (ConfUtils.java:logGet(46)) - raft.server.storage.dir = [/home/runner/work/ozone/ozone/hadoop-ozone/integration-test/target/test-dir/MiniOzoneClusterImpl-dc953f1b-8f43-4e25-a114-36b3b0290d25/datanode-3/data/ratis] (custom)
2023-01-09 20:09:44,090 [pool-140-thread-1] INFO  server.RaftServerConfigKeys (ConfUtils.java:logGet(46)) - raft.server.log.corruption.policy = EXCEPTION (default)
2023-01-09 20:09:44,090 [pool-140-thread-1] INFO  server.RaftServerConfigKeys (ConfUtils.java:logGet(46)) - raft.server.storage.free-space.min = 0MB (=0) (default)
2023-01-09 20:09:44,090 [pool-163-thread-1] INFO  server.RaftServerConfigKeys (ConfUtils.java:logGet(46)) - raft.server.log.appender.buffer.byte-limit = 33554432 (custom)
2023-01-09 20:09:44,090 [pool-140-thread-1] INFO  server.RaftServerConfigKeys (ConfUtils.java:logGet(46)) - raft.server.notification.no-leader.timeout = 300s (custom)
2023-01-09 20:09:44,099 [pool-140-thread-1] INFO  server.RaftServerConfigKeys (ConfUtils.java:logGet(46)) - raft.server.retrycache.expirytime = 600000ms (custom)
2023-01-09 20:09:44,099 [pool-140-thread-1] INFO  server.RaftServerConfigKeys (ConfUtils.java:logGet(46)) - raft.server.retrycache.statistics.expirytime = 100μs (default)
2023-01-09 20:09:44,101 [pool-140-thread-1] INFO  server.RaftServerConfigKeys (ConfUtils.java:logGet(46)) - raft.server.log.appender.install.snapshot.enabled = false (custom)
2023-01-09 20:09:44,101 [pool-140-thread-1] INFO  server.RaftServerConfigKeys (ConfUtils.java:logGet(46)) - raft.server.threadpool.server.cached = true (default)
2023-01-09 20:09:44,101 [pool-140-thread-1] INFO  server.RaftServerConfigKeys (ConfUtils.java:logGet(46)) - raft.server.threadpool.server.size = 0 (default)
2023-01-09 20:09:44,101 [pool-140-thread-1] INFO  server.RaftServerConfigKeys (ConfUtils.java:logGet(46)) - raft.server.threadpool.client.cached = true (default)
2023-01-09 20:09:44,101 [pool-140-thread-1] INFO  server.RaftServerConfigKeys (ConfUtils.java:logGet(46)) - raft.server.threadpool.client.size = 0 (default)
2023-01-09 20:09:44,101 [pool-140-thread-1] INFO  storage.RaftStorageDirectory (RaftStorageDirectoryImpl.java:analyzeStorage(137)) - The storage directory /home/runner/work/ozone/ozone/hadoop-ozone/integration-test/target/test-dir/MiniOzoneClusterImpl-dc953f1b-8f43-4e25-a114-36b3b0290d25/datanode-3/data/ratis/50c05c9d-8cfa-4c46-bca2-d8c695aa2570 does not exist. Creating ...
2023-01-09 20:09:44,103 [pool-140-thread-1] INFO  storage.RaftStorageDirectory (RaftStorageDirectoryImpl.java:tryLock(231)) - Lock on /home/runner/work/ozone/ozone/hadoop-ozone/integration-test/target/test-dir/MiniOzoneClusterImpl-dc953f1b-8f43-4e25-a114-36b3b0290d25/datanode-3/data/ratis/50c05c9d-8cfa-4c46-bca2-d8c695aa2570/in_use.lock acquired by nodename 50886@fv-az457-50
2023-01-09 20:09:44,104 [pool-163-thread-1] INFO  server.RaftServerConfigKeys (ConfUtils.java:logGet(46)) - raft.server.log.unsafe-flush.enabled = false (default)
2023-01-09 20:09:44,104 [pool-163-thread-1] INFO  server.RaftServerConfigKeys (ConfUtils.java:logGet(46)) - raft.server.log.async-flush.enabled = false (default)
2023-01-09 20:09:44,104 [pool-163-thread-1] INFO  server.RaftServerConfigKeys (ConfUtils.java:logGet(46)) - raft.server.log.statemachine.data.caching.enabled = true (custom)
2023-01-09 20:09:44,105 [pool-163-thread-1] INFO  segmented.SegmentedRaftLogWorker (SegmentedRaftLogWorker.java:lambda$new$0(135)) - 26559c5d-eeb2-413a-b661-4afee7d58202@group-9C925EA0C3AA-SegmentedRaftLogWorker: flushIndex: setUnconditionally 0 -> -1
2023-01-09 20:09:44,105 [pool-163-thread-1] INFO  segmented.SegmentedRaftLogWorker (SegmentedRaftLogWorker.java:lambda$new$0(135)) - 26559c5d-eeb2-413a-b661-4afee7d58202@group-9C925EA0C3AA-SegmentedRaftLogWorker: safeCacheEvictIndex: setUnconditionally 0 -> -1
2023-01-09 20:09:44,105 [pool-140-thread-1] INFO  storage.RaftStorage (RaftStorageImpl.java:format(96)) - Storage directory /home/runner/work/ozone/ozone/hadoop-ozone/integration-test/target/test-dir/MiniOzoneClusterImpl-dc953f1b-8f43-4e25-a114-36b3b0290d25/datanode-3/data/ratis/50c05c9d-8cfa-4c46-bca2-d8c695aa2570 has been successfully formatted.
2023-01-09 20:09:44,111 [pool-140-thread-1] INFO  ratis.ContainerStateMachine (ContainerStateMachine.java:loadSnapshot(240)) - group-D8C695AA2570: The snapshot info is null. Setting the last applied indexto:(t:0, i:~)
2023-01-09 20:09:44,111 [pool-163-thread-1] INFO  server.RaftServer$Division (RaftServerImpl.java:start(334)) - 26559c5d-eeb2-413a-b661-4afee7d58202@group-9C925EA0C3AA: start as a follower, conf=-1: peers:[26559c5d-eeb2-413a-b661-4afee7d58202|rpc:10.1.0.27:44647|dataStream:10.1.0.27:46099|priority:1|startupRole:FOLLOWER]|listeners:[], old=null
2023-01-09 20:09:44,111 [pool-163-thread-1] INFO  server.RaftServer$Division (RaftServerImpl.java:setRole(321)) - 26559c5d-eeb2-413a-b661-4afee7d58202@group-9C925EA0C3AA: changes role from      null to FOLLOWER at term 0 for startAsFollower
2023-01-09 20:09:44,111 [pool-163-thread-1] INFO  impl.RoleInfo (RoleInfo.java:updateAndGet(139)) - 26559c5d-eeb2-413a-b661-4afee7d58202: start 26559c5d-eeb2-413a-b661-4afee7d58202@group-9C925EA0C3AA-FollowerState
2023-01-09 20:09:44,111 [pool-140-thread-1] INFO  server.RaftServerConfigKeys (ConfUtils.java:logGet(46)) - raft.server.log.use.memory = false (default)
2023-01-09 20:09:44,112 [pool-140-thread-1] INFO  server.RaftServerConfigKeys (ConfUtils.java:logGet(46)) - raft.server.log.purge.gap = 1000000 (custom)
2023-01-09 20:09:44,112 [pool-140-thread-1] INFO  server.RaftServerConfigKeys (ConfUtils.java:logGet(46)) - raft.server.log.appender.buffer.byte-limit = 33554432 (custom)
2023-01-09 20:09:44,112 [pool-140-thread-1] INFO  server.RaftServerConfigKeys (ConfUtils.java:logGet(46)) - raft.server.log.statemachine.data.read.timeout = 1000ms (default)
2023-01-09 20:09:44,112 [pool-140-thread-1] INFO  server.RaftServerConfigKeys (ConfUtils.java:logGet(46)) - raft.server.log.purge.preservation.log.num = 0 (default)
2023-01-09 20:09:44,113 [pool-163-thread-1] INFO  util.JmxRegister (JmxRegister.java:tryRegister(44)) - Successfully registered JMX Bean with object name Ratis:service=RaftServer,group=group-9C925EA0C3AA,id=26559c5d-eeb2-413a-b661-4afee7d58202
2023-01-09 20:09:44,113 [pool-140-thread-1] INFO  server.RaftServerConfigKeys (ConfUtils.java:logGet(46)) - raft.server.log.segment.size.max = 1048576 (custom)
2023-01-09 20:09:44,113 [pool-163-thread-1] INFO  server.RaftServerConfigKeys (ConfUtils.java:logGet(46)) - raft.server.snapshot.auto.trigger.enabled = true (custom)
2023-01-09 20:09:44,113 [pool-163-thread-1] INFO  server.RaftServerConfigKeys (ConfUtils.java:logGet(46)) - raft.server.snapshot.auto.trigger.threshold = 10000 (custom)
2023-01-09 20:09:44,113 [pool-163-thread-1] INFO  server.RaftServerConfigKeys (ConfUtils.java:logGet(46)) - raft.server.snapshot.retention.file.num = 5 (custom)
2023-01-09 20:09:44,113 [pool-163-thread-1] INFO  server.RaftServerConfigKeys (ConfUtils.java:logGet(46)) - raft.server.log.purge.upto.snapshot.index = false (default)
2023-01-09 20:09:44,115 [EventQueue-OpenPipelineForHealthyPipelineSafeModeRule] INFO  safemode.SCMSafeModeManager (HealthyPipelineSafeModeRule.java:process(137)) - SCM in safe mode. Healthy pipelines reported count is 0, required healthy pipeline reported count is 1
2023-01-09 20:09:44,115 [pool-140-thread-1] INFO  server.RaftServerConfigKeys (ConfUtils.java:logGet(46)) - raft.server.log.segment.cache.num.max = 2 (custom)
2023-01-09 20:09:44,115 [pool-140-thread-1] INFO  server.RaftServerConfigKeys (ConfUtils.java:logGet(46)) - raft.server.log.segment.cache.size.max = 200MB (=209715200) (default)
2023-01-09 20:09:44,115 [pool-140-thread-1] INFO  segmented.SegmentedRaftLogWorker (SegmentedRaftLogWorker.java:<init>(189)) - new 93b0d557-27ed-4241-a042-86e84b32abbd@group-D8C695AA2570-SegmentedRaftLogWorker for RaftStorageImpl:Storage Directory /home/runner/work/ozone/ozone/hadoop-ozone/integration-test/target/test-dir/MiniOzoneClusterImpl-dc953f1b-8f43-4e25-a114-36b3b0290d25/datanode-3/data/ratis/50c05c9d-8cfa-4c46-bca2-d8c695aa2570
2023-01-09 20:09:44,116 [pool-140-thread-1] INFO  server.RaftServerConfigKeys (ConfUtils.java:logGet(46)) - raft.server.log.queue.byte-limit = 4294967296 (custom)
2023-01-09 20:09:44,116 [pool-140-thread-1] INFO  server.RaftServerConfigKeys (ConfUtils.java:logGet(46)) - raft.server.log.queue.element-limit = 1024 (custom)
2023-01-09 20:09:44,116 [pool-140-thread-1] INFO  server.RaftServerConfigKeys (ConfUtils.java:logGet(46)) - raft.server.log.segment.size.max = 1048576 (custom)
2023-01-09 20:09:44,116 [pool-140-thread-1] INFO  server.RaftServerConfigKeys (ConfUtils.java:logGet(46)) - raft.server.log.preallocated.size = 16384 (custom)
2023-01-09 20:09:44,116 [pool-140-thread-1] INFO  server.RaftServerConfigKeys (ConfUtils.java:logGet(46)) - raft.server.log.force.sync.num = 128 (default)
2023-01-09 20:09:44,116 [pool-140-thread-1] INFO  server.RaftServerConfigKeys (ConfUtils.java:logGet(46)) - raft.server.log.statemachine.data.sync = true (default)
2023-01-09 20:09:44,116 [pool-140-thread-1] INFO  server.RaftServerConfigKeys (ConfUtils.java:logGet(46)) - raft.server.log.statemachine.data.sync.timeout = 10s (default)
2023-01-09 20:09:44,116 [pool-140-thread-1] INFO  server.RaftServerConfigKeys (ConfUtils.java:logGet(46)) - raft.server.log.statemachine.data.sync.timeout.retry = -1 (default)
2023-01-09 20:09:44,117 [26559c5d-eeb2-413a-b661-4afee7d58202@group-9C925EA0C3AA-FollowerState] INFO  server.RaftServerConfigKeys (ConfUtils.java:logFallback(53)) - raft.server.rpc.first-election.timeout.min = 5s (fallback to raft.server.rpc.timeout.min)
2023-01-09 20:09:44,117 [26559c5d-eeb2-413a-b661-4afee7d58202@group-9C925EA0C3AA-FollowerState] INFO  server.RaftServerConfigKeys (ConfUtils.java:logFallback(53)) - raft.server.rpc.first-election.timeout.max = 5200ms (fallback to raft.server.rpc.timeout.max)
2023-01-09 20:09:44,118 [Command processor thread] INFO  ratis.XceiverServerRatis (XceiverServerRatis.java:addGroup(806)) - Created group PipelineID=cf2e784e-7772-45ba-87c5-9c925ea0c3aa
2023-01-09 20:09:44,118 [Command processor thread] INFO  commandhandler.CreatePipelineCommandHandler (CreatePipelineCommandHandler.java:handle(113)) - Created Pipeline RATIS ONE PipelineID=cf2e784e-7772-45ba-87c5-9c925ea0c3aa.
2023-01-09 20:09:44,119 [Command processor thread] INFO  server.RaftServer (RaftServerProxy.java:addNew(96)) - 26559c5d-eeb2-413a-b661-4afee7d58202: addNew group-D8C695AA2570:[93b0d557-27ed-4241-a042-86e84b32abbd|rpc:10.1.0.27:38305|dataStream:10.1.0.27:40935|priority:0|startupRole:FOLLOWER, cbda9cd1-c9bf-468c-9ce3-2b320cdae76d|rpc:10.1.0.27:39195|dataStream:10.1.0.27:44727|priority:1|startupRole:FOLLOWER, 26559c5d-eeb2-413a-b661-4afee7d58202|rpc:10.1.0.27:44647|dataStream:10.1.0.27:46099|priority:0|startupRole:FOLLOWER] returns group-D8C695AA2570:java.util.concurrent.CompletableFuture@1355d0d9[Not completed]
2023-01-09 20:09:44,120 [pool-140-thread-1] INFO  server.RaftServerConfigKeys (ConfUtils.java:logGet(46)) - raft.server.log.write.buffer.size = 1048576 (custom)
2023-01-09 20:09:44,120 [pool-163-thread-1] INFO  server.RaftServer$Division (RaftServerImpl.java:<init>(195)) - 26559c5d-eeb2-413a-b661-4afee7d58202: new RaftServerImpl for group-D8C695AA2570:[93b0d557-27ed-4241-a042-86e84b32abbd|rpc:10.1.0.27:38305|dataStream:10.1.0.27:40935|priority:0|startupRole:FOLLOWER, cbda9cd1-c9bf-468c-9ce3-2b320cdae76d|rpc:10.1.0.27:39195|dataStream:10.1.0.27:44727|priority:1|startupRole:FOLLOWER, 26559c5d-eeb2-413a-b661-4afee7d58202|rpc:10.1.0.27:44647|dataStream:10.1.0.27:46099|priority:0|startupRole:FOLLOWER] with ContainerStateMachine:uninitialized
2023-01-09 20:09:44,120 [pool-163-thread-1] INFO  server.RaftServerConfigKeys (ConfUtils.java:logGet(46)) - raft.server.rpc.timeout.min = 5s (custom)
2023-01-09 20:09:44,120 [pool-163-thread-1] INFO  server.RaftServerConfigKeys (ConfUtils.java:logGet(46)) - raft.server.rpc.timeout.max = 5200ms (custom)
2023-01-09 20:09:44,120 [pool-163-thread-1] INFO  server.RaftServerConfigKeys (ConfUtils.java:logGet(46)) - raft.server.rpc.sleep.time = 25ms (default)
2023-01-09 20:09:44,120 [pool-163-thread-1] INFO  server.RaftServerConfigKeys (ConfUtils.java:logGet(46)) - raft.server.rpc.slowness.timeout = 300s (custom)
2023-01-09 20:09:44,120 [pool-163-thread-1] INFO  server.RaftServerConfigKeys (ConfUtils.java:logGet(46)) - raft.server.leaderelection.leader.step-down.wait-time = 10s (default)
2023-01-09 20:09:44,120 [pool-163-thread-1] INFO  server.RaftServerConfigKeys (ConfUtils.java:logGet(46)) - raft.server.sleep.deviation.threshold = 300ms (default)
2023-01-09 20:09:44,120 [pool-140-thread-1] INFO  server.RaftServerConfigKeys (ConfUtils.java:logGet(46)) - raft.server.log.appender.buffer.byte-limit = 33554432 (custom)
2023-01-09 20:09:44,120 [pool-163-thread-1] INFO  server.RaftServer$Division (ServerState.java:<init>(118)) - 26559c5d-eeb2-413a-b661-4afee7d58202@group-D8C695AA2570: ConfigurationManager, init=-1: peers:[93b0d557-27ed-4241-a042-86e84b32abbd|rpc:10.1.0.27:38305|dataStream:10.1.0.27:40935|priority:0|startupRole:FOLLOWER, cbda9cd1-c9bf-468c-9ce3-2b320cdae76d|rpc:10.1.0.27:39195|dataStream:10.1.0.27:44727|priority:1|startupRole:FOLLOWER, 26559c5d-eeb2-413a-b661-4afee7d58202|rpc:10.1.0.27:44647|dataStream:10.1.0.27:46099|priority:0|startupRole:FOLLOWER]|listeners:[], old=null, confs=<EMPTY_MAP>
2023-01-09 20:09:44,121 [pool-163-thread-1] INFO  server.RaftServerConfigKeys (ConfUtils.java:logGet(46)) - raft.server.storage.dir = [/home/runner/work/ozone/ozone/hadoop-ozone/integration-test/target/test-dir/MiniOzoneClusterImpl-dc953f1b-8f43-4e25-a114-36b3b0290d25/datanode-4/data/ratis] (custom)
2023-01-09 20:09:44,121 [pool-163-thread-1] INFO  server.RaftServerConfigKeys (ConfUtils.java:logGet(46)) - raft.server.log.corruption.policy = EXCEPTION (default)
2023-01-09 20:09:44,121 [pool-163-thread-1] INFO  server.RaftServerConfigKeys (ConfUtils.java:logGet(46)) - raft.server.storage.free-space.min = 0MB (=0) (default)
2023-01-09 20:09:44,121 [pool-163-thread-1] INFO  server.RaftServerConfigKeys (ConfUtils.java:logGet(46)) - raft.server.notification.no-leader.timeout = 300s (custom)
2023-01-09 20:09:44,121 [pool-163-thread-1] INFO  server.RaftServerConfigKeys (ConfUtils.java:logGet(46)) - raft.server.retrycache.expirytime = 600000ms (custom)
2023-01-09 20:09:44,121 [pool-163-thread-1] INFO  server.RaftServerConfigKeys (ConfUtils.java:logGet(46)) - raft.server.retrycache.statistics.expirytime = 100μs (default)
2023-01-09 20:09:44,123 [pool-163-thread-1] INFO  server.RaftServerConfigKeys (ConfUtils.java:logGet(46)) - raft.server.log.appender.install.snapshot.enabled = false (custom)
2023-01-09 20:09:44,123 [pool-163-thread-1] INFO  server.RaftServerConfigKeys (ConfUtils.java:logGet(46)) - raft.server.threadpool.server.cached = true (default)
2023-01-09 20:09:44,123 [pool-163-thread-1] INFO  server.RaftServerConfigKeys (ConfUtils.java:logGet(46)) - raft.server.threadpool.server.size = 0 (default)
2023-01-09 20:09:44,123 [pool-163-thread-1] INFO  server.RaftServerConfigKeys (ConfUtils.java:logGet(46)) - raft.server.threadpool.client.cached = true (default)
2023-01-09 20:09:44,123 [pool-163-thread-1] INFO  server.RaftServerConfigKeys (ConfUtils.java:logGet(46)) - raft.server.threadpool.client.size = 0 (default)
2023-01-09 20:09:44,123 [pool-163-thread-1] INFO  storage.RaftStorageDirectory (RaftStorageDirectoryImpl.java:analyzeStorage(137)) - The storage directory /home/runner/work/ozone/ozone/hadoop-ozone/integration-test/target/test-dir/MiniOzoneClusterImpl-dc953f1b-8f43-4e25-a114-36b3b0290d25/datanode-4/data/ratis/50c05c9d-8cfa-4c46-bca2-d8c695aa2570 does not exist. Creating ...
2023-01-09 20:09:44,125 [pool-163-thread-1] INFO  storage.RaftStorageDirectory (RaftStorageDirectoryImpl.java:tryLock(231)) - Lock on /home/runner/work/ozone/ozone/hadoop-ozone/integration-test/target/test-dir/MiniOzoneClusterImpl-dc953f1b-8f43-4e25-a114-36b3b0290d25/datanode-4/data/ratis/50c05c9d-8cfa-4c46-bca2-d8c695aa2570/in_use.lock acquired by nodename 50886@fv-az457-50
2023-01-09 20:09:44,126 [pool-163-thread-1] INFO  storage.RaftStorage (RaftStorageImpl.java:format(96)) - Storage directory /home/runner/work/ozone/ozone/hadoop-ozone/integration-test/target/test-dir/MiniOzoneClusterImpl-dc953f1b-8f43-4e25-a114-36b3b0290d25/datanode-4/data/ratis/50c05c9d-8cfa-4c46-bca2-d8c695aa2570 has been successfully formatted.
2023-01-09 20:09:44,129 [pool-163-thread-1] INFO  ratis.ContainerStateMachine (ContainerStateMachine.java:loadSnapshot(240)) - group-D8C695AA2570: The snapshot info is null. Setting the last applied indexto:(t:0, i:~)
2023-01-09 20:09:44,129 [pool-163-thread-1] INFO  server.RaftServerConfigKeys (ConfUtils.java:logGet(46)) - raft.server.log.use.memory = false (default)
2023-01-09 20:09:44,129 [pool-163-thread-1] INFO  server.RaftServerConfigKeys (ConfUtils.java:logGet(46)) - raft.server.log.purge.gap = 1000000 (custom)
2023-01-09 20:09:44,129 [pool-163-thread-1] INFO  server.RaftServerConfigKeys (ConfUtils.java:logGet(46)) - raft.server.log.appender.buffer.byte-limit = 33554432 (custom)
2023-01-09 20:09:44,129 [pool-163-thread-1] INFO  server.RaftServerConfigKeys (ConfUtils.java:logGet(46)) - raft.server.log.statemachine.data.read.timeout = 1000ms (default)
2023-01-09 20:09:44,129 [pool-163-thread-1] INFO  server.RaftServerConfigKeys (ConfUtils.java:logGet(46)) - raft.server.log.purge.preservation.log.num = 0 (default)
2023-01-09 20:09:44,129 [pool-163-thread-1] INFO  server.RaftServerConfigKeys (ConfUtils.java:logGet(46)) - raft.server.log.segment.size.max = 1048576 (custom)
2023-01-09 20:09:44,129 [EventQueue-OpenPipelineForHealthyPipelineSafeModeRule] INFO  safemode.SCMSafeModeManager (HealthyPipelineSafeModeRule.java:process(137)) - SCM in safe mode. Healthy pipelines reported count is 0, required healthy pipeline reported count is 1
2023-01-09 20:09:44,130 [pool-140-thread-1] INFO  server.RaftServerConfigKeys (ConfUtils.java:logGet(46)) - raft.server.log.unsafe-flush.enabled = false (default)
2023-01-09 20:09:44,130 [pool-140-thread-1] INFO  server.RaftServerConfigKeys (ConfUtils.java:logGet(46)) - raft.server.log.async-flush.enabled = false (default)
2023-01-09 20:09:44,130 [pool-140-thread-1] INFO  server.RaftServerConfigKeys (ConfUtils.java:logGet(46)) - raft.server.log.statemachine.data.caching.enabled = true (custom)
2023-01-09 20:09:44,130 [pool-163-thread-1] INFO  server.RaftServerConfigKeys (ConfUtils.java:logGet(46)) - raft.server.log.segment.cache.num.max = 2 (custom)
2023-01-09 20:09:44,130 [pool-163-thread-1] INFO  server.RaftServerConfigKeys (ConfUtils.java:logGet(46)) - raft.server.log.segment.cache.size.max = 200MB (=209715200) (default)
2023-01-09 20:09:44,130 [pool-163-thread-1] INFO  segmented.SegmentedRaftLogWorker (SegmentedRaftLogWorker.java:<init>(189)) - new 26559c5d-eeb2-413a-b661-4afee7d58202@group-D8C695AA2570-SegmentedRaftLogWorker for RaftStorageImpl:Storage Directory /home/runner/work/ozone/ozone/hadoop-ozone/integration-test/target/test-dir/MiniOzoneClusterImpl-dc953f1b-8f43-4e25-a114-36b3b0290d25/datanode-4/data/ratis/50c05c9d-8cfa-4c46-bca2-d8c695aa2570
2023-01-09 20:09:44,131 [pool-163-thread-1] INFO  server.RaftServerConfigKeys (ConfUtils.java:logGet(46)) - raft.server.log.queue.byte-limit = 4294967296 (custom)
2023-01-09 20:09:44,131 [pool-163-thread-1] INFO  server.RaftServerConfigKeys (ConfUtils.java:logGet(46)) - raft.server.log.queue.element-limit = 1024 (custom)
2023-01-09 20:09:44,132 [pool-163-thread-1] INFO  server.RaftServerConfigKeys (ConfUtils.java:logGet(46)) - raft.server.log.segment.size.max = 1048576 (custom)
2023-01-09 20:09:44,132 [pool-163-thread-1] INFO  server.RaftServerConfigKeys (ConfUtils.java:logGet(46)) - raft.server.log.preallocated.size = 16384 (custom)
2023-01-09 20:09:44,132 [pool-163-thread-1] INFO  server.RaftServerConfigKeys (ConfUtils.java:logGet(46)) - raft.server.log.force.sync.num = 128 (default)
2023-01-09 20:09:44,132 [pool-163-thread-1] INFO  server.RaftServerConfigKeys (ConfUtils.java:logGet(46)) - raft.server.log.statemachine.data.sync = true (default)
2023-01-09 20:09:44,132 [pool-163-thread-1] INFO  server.RaftServerConfigKeys (ConfUtils.java:logGet(46)) - raft.server.log.statemachine.data.sync.timeout = 10s (default)
2023-01-09 20:09:44,132 [pool-163-thread-1] INFO  server.RaftServerConfigKeys (ConfUtils.java:logGet(46)) - raft.server.log.statemachine.data.sync.timeout.retry = -1 (default)
2023-01-09 20:09:44,131 [pool-140-thread-1] INFO  segmented.SegmentedRaftLogWorker (SegmentedRaftLogWorker.java:lambda$new$0(135)) - 93b0d557-27ed-4241-a042-86e84b32abbd@group-D8C695AA2570-SegmentedRaftLogWorker: flushIndex: setUnconditionally 0 -> -1
2023-01-09 20:09:44,133 [pool-140-thread-1] INFO  segmented.SegmentedRaftLogWorker (SegmentedRaftLogWorker.java:lambda$new$0(135)) - 93b0d557-27ed-4241-a042-86e84b32abbd@group-D8C695AA2570-SegmentedRaftLogWorker: safeCacheEvictIndex: setUnconditionally 0 -> -1
2023-01-09 20:09:44,134 [pool-163-thread-1] INFO  server.RaftServerConfigKeys (ConfUtils.java:logGet(46)) - raft.server.log.write.buffer.size = 1048576 (custom)
2023-01-09 20:09:44,135 [pool-163-thread-1] INFO  server.RaftServerConfigKeys (ConfUtils.java:logGet(46)) - raft.server.log.appender.buffer.byte-limit = 33554432 (custom)
2023-01-09 20:09:44,140 [pool-163-thread-1] INFO  server.RaftServerConfigKeys (ConfUtils.java:logGet(46)) - raft.server.log.unsafe-flush.enabled = false (default)
2023-01-09 20:09:44,140 [pool-163-thread-1] INFO  server.RaftServerConfigKeys (ConfUtils.java:logGet(46)) - raft.server.log.async-flush.enabled = false (default)
2023-01-09 20:09:44,140 [pool-163-thread-1] INFO  server.RaftServerConfigKeys (ConfUtils.java:logGet(46)) - raft.server.log.statemachine.data.caching.enabled = true (custom)
2023-01-09 20:09:44,140 [pool-163-thread-1] INFO  segmented.SegmentedRaftLogWorker (SegmentedRaftLogWorker.java:lambda$new$0(135)) - 26559c5d-eeb2-413a-b661-4afee7d58202@group-D8C695AA2570-SegmentedRaftLogWorker: flushIndex: setUnconditionally 0 -> -1
2023-01-09 20:09:44,140 [pool-163-thread-1] INFO  segmented.SegmentedRaftLogWorker (SegmentedRaftLogWorker.java:lambda$new$0(135)) - 26559c5d-eeb2-413a-b661-4afee7d58202@group-D8C695AA2570-SegmentedRaftLogWorker: safeCacheEvictIndex: setUnconditionally 0 -> -1
2023-01-09 20:09:44,141 [pool-140-thread-1] INFO  server.RaftServer$Division (RaftServerImpl.java:start(334)) - 93b0d557-27ed-4241-a042-86e84b32abbd@group-D8C695AA2570: start as a follower, conf=-1: peers:[93b0d557-27ed-4241-a042-86e84b32abbd|rpc:10.1.0.27:38305|dataStream:10.1.0.27:40935|priority:0|startupRole:FOLLOWER, cbda9cd1-c9bf-468c-9ce3-2b320cdae76d|rpc:10.1.0.27:39195|dataStream:10.1.0.27:44727|priority:1|startupRole:FOLLOWER, 26559c5d-eeb2-413a-b661-4afee7d58202|rpc:10.1.0.27:44647|dataStream:10.1.0.27:46099|priority:0|startupRole:FOLLOWER]|listeners:[], old=null
2023-01-09 20:09:44,141 [pool-140-thread-1] INFO  server.RaftServer$Division (RaftServerImpl.java:setRole(321)) - 93b0d557-27ed-4241-a042-86e84b32abbd@group-D8C695AA2570: changes role from      null to FOLLOWER at term 0 for startAsFollower
2023-01-09 20:09:44,141 [pool-140-thread-1] INFO  impl.RoleInfo (RoleInfo.java:updateAndGet(139)) - 93b0d557-27ed-4241-a042-86e84b32abbd: start 93b0d557-27ed-4241-a042-86e84b32abbd@group-D8C695AA2570-FollowerState
2023-01-09 20:09:44,141 [pool-140-thread-1] INFO  util.JmxRegister (JmxRegister.java:tryRegister(44)) - Successfully registered JMX Bean with object name Ratis:service=RaftServer,group=group-D8C695AA2570,id=93b0d557-27ed-4241-a042-86e84b32abbd
2023-01-09 20:09:44,142 [pool-140-thread-1] INFO  server.RaftServerConfigKeys (ConfUtils.java:logGet(46)) - raft.server.snapshot.auto.trigger.enabled = true (custom)
2023-01-09 20:09:44,142 [pool-140-thread-1] INFO  server.RaftServerConfigKeys (ConfUtils.java:logGet(46)) - raft.server.snapshot.auto.trigger.threshold = 10000 (custom)
2023-01-09 20:09:44,142 [pool-140-thread-1] INFO  server.RaftServerConfigKeys (ConfUtils.java:logGet(46)) - raft.server.snapshot.retention.file.num = 5 (custom)
2023-01-09 20:09:44,142 [pool-140-thread-1] INFO  server.RaftServerConfigKeys (ConfUtils.java:logGet(46)) - raft.server.log.purge.upto.snapshot.index = false (default)
2023-01-09 20:09:44,143 [93b0d557-27ed-4241-a042-86e84b32abbd@group-D8C695AA2570-FollowerState] INFO  server.RaftServerConfigKeys (ConfUtils.java:logFallback(53)) - raft.server.rpc.first-election.timeout.min = 5s (fallback to raft.server.rpc.timeout.min)
2023-01-09 20:09:44,143 [93b0d557-27ed-4241-a042-86e84b32abbd@group-D8C695AA2570-FollowerState] INFO  server.RaftServerConfigKeys (ConfUtils.java:logFallback(53)) - raft.server.rpc.first-election.timeout.max = 5200ms (fallback to raft.server.rpc.timeout.max)
2023-01-09 20:09:44,143 [Command processor thread] INFO  ratis.XceiverServerRatis (XceiverServerRatis.java:addGroup(806)) - Created group PipelineID=50c05c9d-8cfa-4c46-bca2-d8c695aa2570
2023-01-09 20:09:44,158 [pool-163-thread-1] INFO  server.RaftServer$Division (RaftServerImpl.java:start(334)) - 26559c5d-eeb2-413a-b661-4afee7d58202@group-D8C695AA2570: start as a follower, conf=-1: peers:[93b0d557-27ed-4241-a042-86e84b32abbd|rpc:10.1.0.27:38305|dataStream:10.1.0.27:40935|priority:0|startupRole:FOLLOWER, cbda9cd1-c9bf-468c-9ce3-2b320cdae76d|rpc:10.1.0.27:39195|dataStream:10.1.0.27:44727|priority:1|startupRole:FOLLOWER, 26559c5d-eeb2-413a-b661-4afee7d58202|rpc:10.1.0.27:44647|dataStream:10.1.0.27:46099|priority:0|startupRole:FOLLOWER]|listeners:[], old=null
2023-01-09 20:09:44,158 [pool-163-thread-1] INFO  server.RaftServer$Division (RaftServerImpl.java:setRole(321)) - 26559c5d-eeb2-413a-b661-4afee7d58202@group-D8C695AA2570: changes role from      null to FOLLOWER at term 0 for startAsFollower
2023-01-09 20:09:44,159 [pool-163-thread-1] INFO  impl.RoleInfo (RoleInfo.java:updateAndGet(139)) - 26559c5d-eeb2-413a-b661-4afee7d58202: start 26559c5d-eeb2-413a-b661-4afee7d58202@group-D8C695AA2570-FollowerState
2023-01-09 20:09:44,159 [pool-163-thread-1] INFO  util.JmxRegister (JmxRegister.java:tryRegister(44)) - Successfully registered JMX Bean with object name Ratis:service=RaftServer,group=group-D8C695AA2570,id=26559c5d-eeb2-413a-b661-4afee7d58202
2023-01-09 20:09:44,159 [pool-163-thread-1] INFO  server.RaftServerConfigKeys (ConfUtils.java:logGet(46)) - raft.server.snapshot.auto.trigger.enabled = true (custom)
2023-01-09 20:09:44,164 [pool-163-thread-1] INFO  server.RaftServerConfigKeys (ConfUtils.java:logGet(46)) - raft.server.snapshot.auto.trigger.threshold = 10000 (custom)
2023-01-09 20:09:44,164 [pool-163-thread-1] INFO  server.RaftServerConfigKeys (ConfUtils.java:logGet(46)) - raft.server.snapshot.retention.file.num = 5 (custom)
2023-01-09 20:09:44,164 [pool-163-thread-1] INFO  server.RaftServerConfigKeys (ConfUtils.java:logGet(46)) - raft.server.log.purge.upto.snapshot.index = false (default)
2023-01-09 20:09:44,165 [26559c5d-eeb2-413a-b661-4afee7d58202@group-D8C695AA2570-FollowerState] INFO  server.RaftServerConfigKeys (ConfUtils.java:logFallback(53)) - raft.server.rpc.first-election.timeout.min = 5s (fallback to raft.server.rpc.timeout.min)
2023-01-09 20:09:44,175 [26559c5d-eeb2-413a-b661-4afee7d58202@group-D8C695AA2570-FollowerState] INFO  server.RaftServerConfigKeys (ConfUtils.java:logFallback(53)) - raft.server.rpc.first-election.timeout.max = 5200ms (fallback to raft.server.rpc.timeout.max)
2023-01-09 20:09:44,177 [Command processor thread] INFO  ratis.XceiverServerRatis (XceiverServerRatis.java:addGroup(806)) - Created group PipelineID=50c05c9d-8cfa-4c46-bca2-d8c695aa2570
2023-01-09 20:09:44,197 [grpc-default-executor-1] INFO  server.RaftServer (RaftServerProxy.java:addNew(96)) - cbda9cd1-c9bf-468c-9ce3-2b320cdae76d: addNew group-D8C695AA2570:[93b0d557-27ed-4241-a042-86e84b32abbd|rpc:10.1.0.27:38305|dataStream:10.1.0.27:40935|priority:0|startupRole:FOLLOWER, cbda9cd1-c9bf-468c-9ce3-2b320cdae76d|rpc:10.1.0.27:39195|dataStream:10.1.0.27:44727|priority:1|startupRole:FOLLOWER, 26559c5d-eeb2-413a-b661-4afee7d58202|rpc:10.1.0.27:44647|dataStream:10.1.0.27:46099|priority:0|startupRole:FOLLOWER] returns group-D8C695AA2570:java.util.concurrent.CompletableFuture@74c11035[Not completed]
2023-01-09 20:09:44,198 [pool-186-thread-1] INFO  server.RaftServer$Division (RaftServerImpl.java:<init>(195)) - cbda9cd1-c9bf-468c-9ce3-2b320cdae76d: new RaftServerImpl for group-D8C695AA2570:[93b0d557-27ed-4241-a042-86e84b32abbd|rpc:10.1.0.27:38305|dataStream:10.1.0.27:40935|priority:0|startupRole:FOLLOWER, cbda9cd1-c9bf-468c-9ce3-2b320cdae76d|rpc:10.1.0.27:39195|dataStream:10.1.0.27:44727|priority:1|startupRole:FOLLOWER, 26559c5d-eeb2-413a-b661-4afee7d58202|rpc:10.1.0.27:44647|dataStream:10.1.0.27:46099|priority:0|startupRole:FOLLOWER] with ContainerStateMachine:uninitialized
2023-01-09 20:09:44,198 [pool-186-thread-1] INFO  server.RaftServerConfigKeys (ConfUtils.java:logGet(46)) - raft.server.rpc.timeout.min = 5s (custom)
2023-01-09 20:09:44,198 [pool-186-thread-1] INFO  server.RaftServerConfigKeys (ConfUtils.java:logGet(46)) - raft.server.rpc.timeout.max = 5200ms (custom)
2023-01-09 20:09:44,198 [pool-186-thread-1] INFO  server.RaftServerConfigKeys (ConfUtils.java:logGet(46)) - raft.server.rpc.sleep.time = 25ms (default)
2023-01-09 20:09:44,198 [pool-186-thread-1] INFO  server.RaftServerConfigKeys (ConfUtils.java:logGet(46)) - raft.server.rpc.slowness.timeout = 300s (custom)
2023-01-09 20:09:44,198 [pool-186-thread-1] INFO  server.RaftServerConfigKeys (ConfUtils.java:logGet(46)) - raft.server.leaderelection.leader.step-down.wait-time = 10s (default)
2023-01-09 20:09:44,199 [pool-186-thread-1] INFO  server.RaftServerConfigKeys (ConfUtils.java:logGet(46)) - raft.server.sleep.deviation.threshold = 300ms (default)
2023-01-09 20:09:44,199 [pool-186-thread-1] INFO  server.RaftServer$Division (ServerState.java:<init>(118)) - cbda9cd1-c9bf-468c-9ce3-2b320cdae76d@group-D8C695AA2570: ConfigurationManager, init=-1: peers:[93b0d557-27ed-4241-a042-86e84b32abbd|rpc:10.1.0.27:38305|dataStream:10.1.0.27:40935|priority:0|startupRole:FOLLOWER, cbda9cd1-c9bf-468c-9ce3-2b320cdae76d|rpc:10.1.0.27:39195|dataStream:10.1.0.27:44727|priority:1|startupRole:FOLLOWER, 26559c5d-eeb2-413a-b661-4afee7d58202|rpc:10.1.0.27:44647|dataStream:10.1.0.27:46099|priority:0|startupRole:FOLLOWER]|listeners:[], old=null, confs=<EMPTY_MAP>
2023-01-09 20:09:44,199 [pool-186-thread-1] INFO  server.RaftServerConfigKeys (ConfUtils.java:logGet(46)) - raft.server.storage.dir = [/home/runner/work/ozone/ozone/hadoop-ozone/integration-test/target/test-dir/MiniOzoneClusterImpl-dc953f1b-8f43-4e25-a114-36b3b0290d25/datanode-5/data/ratis] (custom)
2023-01-09 20:09:44,199 [pool-186-thread-1] INFO  server.RaftServerConfigKeys (ConfUtils.java:logGet(46)) - raft.server.log.corruption.policy = EXCEPTION (default)
2023-01-09 20:09:44,199 [pool-186-thread-1] INFO  server.RaftServerConfigKeys (ConfUtils.java:logGet(46)) - raft.server.storage.free-space.min = 0MB (=0) (default)
2023-01-09 20:09:44,199 [pool-186-thread-1] INFO  server.RaftServerConfigKeys (ConfUtils.java:logGet(46)) - raft.server.notification.no-leader.timeout = 300s (custom)
2023-01-09 20:09:44,199 [pool-186-thread-1] INFO  server.RaftServerConfigKeys (ConfUtils.java:logGet(46)) - raft.server.retrycache.expirytime = 600000ms (custom)
2023-01-09 20:09:44,199 [pool-186-thread-1] INFO  server.RaftServerConfigKeys (ConfUtils.java:logGet(46)) - raft.server.retrycache.statistics.expirytime = 100μs (default)
2023-01-09 20:09:44,201 [pool-186-thread-1] INFO  server.RaftServerConfigKeys (ConfUtils.java:logGet(46)) - raft.server.log.appender.install.snapshot.enabled = false (custom)
2023-01-09 20:09:44,201 [pool-186-thread-1] INFO  server.RaftServerConfigKeys (ConfUtils.java:logGet(46)) - raft.server.threadpool.server.cached = true (default)
2023-01-09 20:09:44,201 [pool-186-thread-1] INFO  server.RaftServerConfigKeys (ConfUtils.java:logGet(46)) - raft.server.threadpool.server.size = 0 (default)
2023-01-09 20:09:44,201 [pool-186-thread-1] INFO  server.RaftServerConfigKeys (ConfUtils.java:logGet(46)) - raft.server.threadpool.client.cached = true (default)
2023-01-09 20:09:44,201 [pool-186-thread-1] INFO  server.RaftServerConfigKeys (ConfUtils.java:logGet(46)) - raft.server.threadpool.client.size = 0 (default)
2023-01-09 20:09:44,201 [pool-186-thread-1] INFO  storage.RaftStorageDirectory (RaftStorageDirectoryImpl.java:analyzeStorage(137)) - The storage directory /home/runner/work/ozone/ozone/hadoop-ozone/integration-test/target/test-dir/MiniOzoneClusterImpl-dc953f1b-8f43-4e25-a114-36b3b0290d25/datanode-5/data/ratis/50c05c9d-8cfa-4c46-bca2-d8c695aa2570 does not exist. Creating ...
2023-01-09 20:09:44,203 [pool-186-thread-1] INFO  storage.RaftStorageDirectory (RaftStorageDirectoryImpl.java:tryLock(231)) - Lock on /home/runner/work/ozone/ozone/hadoop-ozone/integration-test/target/test-dir/MiniOzoneClusterImpl-dc953f1b-8f43-4e25-a114-36b3b0290d25/datanode-5/data/ratis/50c05c9d-8cfa-4c46-bca2-d8c695aa2570/in_use.lock acquired by nodename 50886@fv-az457-50
2023-01-09 20:09:44,211 [pool-186-thread-1] INFO  storage.RaftStorage (RaftStorageImpl.java:format(96)) - Storage directory /home/runner/work/ozone/ozone/hadoop-ozone/integration-test/target/test-dir/MiniOzoneClusterImpl-dc953f1b-8f43-4e25-a114-36b3b0290d25/datanode-5/data/ratis/50c05c9d-8cfa-4c46-bca2-d8c695aa2570 has been successfully formatted.
2023-01-09 20:09:44,213 [pool-186-thread-1] INFO  ratis.ContainerStateMachine (ContainerStateMachine.java:loadSnapshot(240)) - group-D8C695AA2570: The snapshot info is null. Setting the last applied indexto:(t:0, i:~)
2023-01-09 20:09:44,213 [pool-186-thread-1] INFO  server.RaftServerConfigKeys (ConfUtils.java:logGet(46)) - raft.server.log.use.memory = false (default)
2023-01-09 20:09:44,213 [pool-186-thread-1] INFO  server.RaftServerConfigKeys (ConfUtils.java:logGet(46)) - raft.server.log.purge.gap = 1000000 (custom)
2023-01-09 20:09:44,213 [pool-186-thread-1] INFO  server.RaftServerConfigKeys (ConfUtils.java:logGet(46)) - raft.server.log.appender.buffer.byte-limit = 33554432 (custom)
2023-01-09 20:09:44,214 [pool-186-thread-1] INFO  server.RaftServerConfigKeys (ConfUtils.java:logGet(46)) - raft.server.log.statemachine.data.read.timeout = 1000ms (default)
2023-01-09 20:09:44,214 [pool-186-thread-1] INFO  server.RaftServerConfigKeys (ConfUtils.java:logGet(46)) - raft.server.log.purge.preservation.log.num = 0 (default)
2023-01-09 20:09:44,216 [Listener at 127.0.0.1/33951] INFO  ozone.MiniOzoneClusterImpl (MiniOzoneClusterImpl.java:lambda$waitForClusterToBeReady$0(218)) - Nodes are ready. Got 10 of 10 DN Heartbeats.
2023-01-09 20:09:44,219 [Listener at 127.0.0.1/33951] INFO  ozone.MiniOzoneClusterImpl (MiniOzoneClusterImpl.java:lambda$waitForClusterToBeReady$0(221)) - Waiting for cluster to exit safe mode
2023-01-09 20:09:44,219 [Listener at 127.0.0.1/33951] INFO  ozone.MiniOzoneClusterImpl (MiniOzoneClusterImpl.java:lambda$waitForClusterToBeReady$0(223)) - SCM became leader
2023-01-09 20:09:44,219 [pool-186-thread-1] INFO  server.RaftServerConfigKeys (ConfUtils.java:logGet(46)) - raft.server.log.segment.size.max = 1048576 (custom)
2023-01-09 20:09:44,220 [pool-186-thread-1] INFO  server.RaftServerConfigKeys (ConfUtils.java:logGet(46)) - raft.server.log.segment.cache.num.max = 2 (custom)
2023-01-09 20:09:44,220 [pool-186-thread-1] INFO  server.RaftServerConfigKeys (ConfUtils.java:logGet(46)) - raft.server.log.segment.cache.size.max = 200MB (=209715200) (default)
2023-01-09 20:09:44,220 [pool-186-thread-1] INFO  segmented.SegmentedRaftLogWorker (SegmentedRaftLogWorker.java:<init>(189)) - new cbda9cd1-c9bf-468c-9ce3-2b320cdae76d@group-D8C695AA2570-SegmentedRaftLogWorker for RaftStorageImpl:Storage Directory /home/runner/work/ozone/ozone/hadoop-ozone/integration-test/target/test-dir/MiniOzoneClusterImpl-dc953f1b-8f43-4e25-a114-36b3b0290d25/datanode-5/data/ratis/50c05c9d-8cfa-4c46-bca2-d8c695aa2570
2023-01-09 20:09:44,220 [pool-186-thread-1] INFO  server.RaftServerConfigKeys (ConfUtils.java:logGet(46)) - raft.server.log.queue.byte-limit = 4294967296 (custom)
2023-01-09 20:09:44,220 [pool-186-thread-1] INFO  server.RaftServerConfigKeys (ConfUtils.java:logGet(46)) - raft.server.log.queue.element-limit = 1024 (custom)
2023-01-09 20:09:44,220 [pool-186-thread-1] INFO  server.RaftServerConfigKeys (ConfUtils.java:logGet(46)) - raft.server.log.segment.size.max = 1048576 (custom)
2023-01-09 20:09:44,220 [pool-186-thread-1] INFO  server.RaftServerConfigKeys (ConfUtils.java:logGet(46)) - raft.server.log.preallocated.size = 16384 (custom)
2023-01-09 20:09:44,220 [pool-186-thread-1] INFO  server.RaftServerConfigKeys (ConfUtils.java:logGet(46)) - raft.server.log.force.sync.num = 128 (default)
2023-01-09 20:09:44,220 [pool-186-thread-1] INFO  server.RaftServerConfigKeys (ConfUtils.java:logGet(46)) - raft.server.log.statemachine.data.sync = true (default)
2023-01-09 20:09:44,220 [pool-186-thread-1] INFO  server.RaftServerConfigKeys (ConfUtils.java:logGet(46)) - raft.server.log.statemachine.data.sync.timeout = 10s (default)
2023-01-09 20:09:44,221 [pool-186-thread-1] INFO  server.RaftServerConfigKeys (ConfUtils.java:logGet(46)) - raft.server.log.statemachine.data.sync.timeout.retry = -1 (default)
2023-01-09 20:09:44,222 [pool-186-thread-1] INFO  server.RaftServerConfigKeys (ConfUtils.java:logGet(46)) - raft.server.log.write.buffer.size = 1048576 (custom)
2023-01-09 20:09:44,222 [pool-186-thread-1] INFO  server.RaftServerConfigKeys (ConfUtils.java:logGet(46)) - raft.server.log.appender.buffer.byte-limit = 33554432 (custom)
2023-01-09 20:09:44,229 [pool-186-thread-1] INFO  server.RaftServerConfigKeys (ConfUtils.java:logGet(46)) - raft.server.log.unsafe-flush.enabled = false (default)
2023-01-09 20:09:44,229 [pool-186-thread-1] INFO  server.RaftServerConfigKeys (ConfUtils.java:logGet(46)) - raft.server.log.async-flush.enabled = false (default)
2023-01-09 20:09:44,229 [pool-186-thread-1] INFO  server.RaftServerConfigKeys (ConfUtils.java:logGet(46)) - raft.server.log.statemachine.data.caching.enabled = true (custom)
2023-01-09 20:09:44,230 [pool-186-thread-1] INFO  segmented.SegmentedRaftLogWorker (SegmentedRaftLogWorker.java:lambda$new$0(135)) - cbda9cd1-c9bf-468c-9ce3-2b320cdae76d@group-D8C695AA2570-SegmentedRaftLogWorker: flushIndex: setUnconditionally 0 -> -1
2023-01-09 20:09:44,230 [pool-186-thread-1] INFO  segmented.SegmentedRaftLogWorker (SegmentedRaftLogWorker.java:lambda$new$0(135)) - cbda9cd1-c9bf-468c-9ce3-2b320cdae76d@group-D8C695AA2570-SegmentedRaftLogWorker: safeCacheEvictIndex: setUnconditionally 0 -> -1
2023-01-09 20:09:44,230 [pool-186-thread-1] INFO  server.RaftServer$Division (RaftServerImpl.java:start(334)) - cbda9cd1-c9bf-468c-9ce3-2b320cdae76d@group-D8C695AA2570: start as a follower, conf=-1: peers:[93b0d557-27ed-4241-a042-86e84b32abbd|rpc:10.1.0.27:38305|dataStream:10.1.0.27:40935|priority:0|startupRole:FOLLOWER, cbda9cd1-c9bf-468c-9ce3-2b320cdae76d|rpc:10.1.0.27:39195|dataStream:10.1.0.27:44727|priority:1|startupRole:FOLLOWER, 26559c5d-eeb2-413a-b661-4afee7d58202|rpc:10.1.0.27:44647|dataStream:10.1.0.27:46099|priority:0|startupRole:FOLLOWER]|listeners:[], old=null
2023-01-09 20:09:44,230 [pool-186-thread-1] INFO  server.RaftServer$Division (RaftServerImpl.java:setRole(321)) - cbda9cd1-c9bf-468c-9ce3-2b320cdae76d@group-D8C695AA2570: changes role from      null to FOLLOWER at term 0 for startAsFollower
2023-01-09 20:09:44,230 [pool-186-thread-1] INFO  impl.RoleInfo (RoleInfo.java:updateAndGet(139)) - cbda9cd1-c9bf-468c-9ce3-2b320cdae76d: start cbda9cd1-c9bf-468c-9ce3-2b320cdae76d@group-D8C695AA2570-FollowerState
2023-01-09 20:09:44,231 [pool-186-thread-1] INFO  util.JmxRegister (JmxRegister.java:tryRegister(44)) - Successfully registered JMX Bean with object name Ratis:service=RaftServer,group=group-D8C695AA2570,id=cbda9cd1-c9bf-468c-9ce3-2b320cdae76d
2023-01-09 20:09:44,231 [pool-186-thread-1] INFO  server.RaftServerConfigKeys (ConfUtils.java:logGet(46)) - raft.server.snapshot.auto.trigger.enabled = true (custom)
2023-01-09 20:09:44,231 [pool-186-thread-1] INFO  server.RaftServerConfigKeys (ConfUtils.java:logGet(46)) - raft.server.snapshot.auto.trigger.threshold = 10000 (custom)
2023-01-09 20:09:44,231 [pool-186-thread-1] INFO  server.RaftServerConfigKeys (ConfUtils.java:logGet(46)) - raft.server.snapshot.retention.file.num = 5 (custom)
2023-01-09 20:09:44,231 [pool-186-thread-1] INFO  server.RaftServerConfigKeys (ConfUtils.java:logGet(46)) - raft.server.log.purge.upto.snapshot.index = false (default)
2023-01-09 20:09:44,232 [cbda9cd1-c9bf-468c-9ce3-2b320cdae76d@group-D8C695AA2570-FollowerState] INFO  server.RaftServerConfigKeys (ConfUtils.java:logFallback(53)) - raft.server.rpc.first-election.timeout.min = 5s (fallback to raft.server.rpc.timeout.min)
2023-01-09 20:09:44,232 [cbda9cd1-c9bf-468c-9ce3-2b320cdae76d@group-D8C695AA2570-FollowerState] INFO  server.RaftServerConfigKeys (ConfUtils.java:logFallback(53)) - raft.server.rpc.first-election.timeout.max = 5200ms (fallback to raft.server.rpc.timeout.max)
2023-01-09 20:09:44,242 [Command processor thread] INFO  commandhandler.CreatePipelineCommandHandler (CreatePipelineCommandHandler.java:handle(113)) - Created Pipeline RATIS THREE PipelineID=50c05c9d-8cfa-4c46-bca2-d8c695aa2570.
2023-01-09 20:09:44,275 [Command processor thread] INFO  server.RaftServer (RaftServerProxy.java:addNew(96)) - cbda9cd1-c9bf-468c-9ce3-2b320cdae76d: addNew group-C642F25C70EF:[cbda9cd1-c9bf-468c-9ce3-2b320cdae76d|rpc:10.1.0.27:39195|dataStream:10.1.0.27:44727|priority:1|startupRole:FOLLOWER] returns group-C642F25C70EF:java.util.concurrent.CompletableFuture@316d3e7c[Not completed]
2023-01-09 20:09:44,276 [pool-186-thread-1] INFO  server.RaftServer$Division (RaftServerImpl.java:<init>(195)) - cbda9cd1-c9bf-468c-9ce3-2b320cdae76d: new RaftServerImpl for group-C642F25C70EF:[cbda9cd1-c9bf-468c-9ce3-2b320cdae76d|rpc:10.1.0.27:39195|dataStream:10.1.0.27:44727|priority:1|startupRole:FOLLOWER] with ContainerStateMachine:uninitialized
2023-01-09 20:09:44,276 [pool-186-thread-1] INFO  server.RaftServerConfigKeys (ConfUtils.java:logGet(46)) - raft.server.rpc.timeout.min = 5s (custom)
2023-01-09 20:09:44,276 [pool-186-thread-1] INFO  server.RaftServerConfigKeys (ConfUtils.java:logGet(46)) - raft.server.rpc.timeout.max = 5200ms (custom)
2023-01-09 20:09:44,277 [pool-186-thread-1] INFO  server.RaftServerConfigKeys (ConfUtils.java:logGet(46)) - raft.server.rpc.sleep.time = 25ms (default)
2023-01-09 20:09:44,277 [pool-186-thread-1] INFO  server.RaftServerConfigKeys (ConfUtils.java:logGet(46)) - raft.server.rpc.slowness.timeout = 300s (custom)
2023-01-09 20:09:44,277 [pool-186-thread-1] INFO  server.RaftServerConfigKeys (ConfUtils.java:logGet(46)) - raft.server.leaderelection.leader.step-down.wait-time = 10s (default)
2023-01-09 20:09:44,277 [pool-186-thread-1] INFO  server.RaftServerConfigKeys (ConfUtils.java:logGet(46)) - raft.server.sleep.deviation.threshold = 300ms (default)
2023-01-09 20:09:44,277 [pool-186-thread-1] INFO  server.RaftServer$Division (ServerState.java:<init>(118)) - cbda9cd1-c9bf-468c-9ce3-2b320cdae76d@group-C642F25C70EF: ConfigurationManager, init=-1: peers:[cbda9cd1-c9bf-468c-9ce3-2b320cdae76d|rpc:10.1.0.27:39195|dataStream:10.1.0.27:44727|priority:1|startupRole:FOLLOWER]|listeners:[], old=null, confs=<EMPTY_MAP>
2023-01-09 20:09:44,277 [pool-186-thread-1] INFO  server.RaftServerConfigKeys (ConfUtils.java:logGet(46)) - raft.server.storage.dir = [/home/runner/work/ozone/ozone/hadoop-ozone/integration-test/target/test-dir/MiniOzoneClusterImpl-dc953f1b-8f43-4e25-a114-36b3b0290d25/datanode-5/data/ratis] (custom)
2023-01-09 20:09:44,278 [pool-186-thread-1] INFO  server.RaftServerConfigKeys (ConfUtils.java:logGet(46)) - raft.server.log.corruption.policy = EXCEPTION (default)
2023-01-09 20:09:44,278 [pool-186-thread-1] INFO  server.RaftServerConfigKeys (ConfUtils.java:logGet(46)) - raft.server.storage.free-space.min = 0MB (=0) (default)
2023-01-09 20:09:44,278 [pool-186-thread-1] INFO  server.RaftServerConfigKeys (ConfUtils.java:logGet(46)) - raft.server.notification.no-leader.timeout = 300s (custom)
2023-01-09 20:09:44,278 [pool-186-thread-1] INFO  server.RaftServerConfigKeys (ConfUtils.java:logGet(46)) - raft.server.retrycache.expirytime = 600000ms (custom)
2023-01-09 20:09:44,278 [pool-186-thread-1] INFO  server.RaftServerConfigKeys (ConfUtils.java:logGet(46)) - raft.server.retrycache.statistics.expirytime = 100μs (default)
2023-01-09 20:09:44,279 [pool-186-thread-1] INFO  server.RaftServerConfigKeys (ConfUtils.java:logGet(46)) - raft.server.log.appender.install.snapshot.enabled = false (custom)
2023-01-09 20:09:44,279 [pool-186-thread-1] INFO  server.RaftServerConfigKeys (ConfUtils.java:logGet(46)) - raft.server.threadpool.server.cached = true (default)
2023-01-09 20:09:44,280 [pool-186-thread-1] INFO  server.RaftServerConfigKeys (ConfUtils.java:logGet(46)) - raft.server.threadpool.server.size = 0 (default)
2023-01-09 20:09:44,280 [pool-186-thread-1] INFO  server.RaftServerConfigKeys (ConfUtils.java:logGet(46)) - raft.server.threadpool.client.cached = true (default)
2023-01-09 20:09:44,280 [pool-186-thread-1] INFO  server.RaftServerConfigKeys (ConfUtils.java:logGet(46)) - raft.server.threadpool.client.size = 0 (default)
2023-01-09 20:09:44,280 [pool-186-thread-1] INFO  storage.RaftStorageDirectory (RaftStorageDirectoryImpl.java:analyzeStorage(137)) - The storage directory /home/runner/work/ozone/ozone/hadoop-ozone/integration-test/target/test-dir/MiniOzoneClusterImpl-dc953f1b-8f43-4e25-a114-36b3b0290d25/datanode-5/data/ratis/e558dfb5-e592-4700-a1a1-c642f25c70ef does not exist. Creating ...
2023-01-09 20:09:44,281 [pool-186-thread-1] INFO  storage.RaftStorageDirectory (RaftStorageDirectoryImpl.java:tryLock(231)) - Lock on /home/runner/work/ozone/ozone/hadoop-ozone/integration-test/target/test-dir/MiniOzoneClusterImpl-dc953f1b-8f43-4e25-a114-36b3b0290d25/datanode-5/data/ratis/e558dfb5-e592-4700-a1a1-c642f25c70ef/in_use.lock acquired by nodename 50886@fv-az457-50
2023-01-09 20:09:44,288 [Command processor thread] INFO  commandhandler.CreatePipelineCommandHandler (CreatePipelineCommandHandler.java:handle(113)) - Created Pipeline RATIS THREE PipelineID=50c05c9d-8cfa-4c46-bca2-d8c695aa2570.
2023-01-09 20:09:44,291 [pool-186-thread-1] INFO  storage.RaftStorage (RaftStorageImpl.java:format(96)) - Storage directory /home/runner/work/ozone/ozone/hadoop-ozone/integration-test/target/test-dir/MiniOzoneClusterImpl-dc953f1b-8f43-4e25-a114-36b3b0290d25/datanode-5/data/ratis/e558dfb5-e592-4700-a1a1-c642f25c70ef has been successfully formatted.
2023-01-09 20:09:44,294 [EventQueue-PipelineReportForPipelineReportHandler] INFO  pipeline.PipelineManagerImpl (PipelineManagerImpl.java:openPipeline(367)) - Pipeline Pipeline[ Id: e558dfb5-e592-4700-a1a1-c642f25c70ef, Nodes: cbda9cd1-c9bf-468c-9ce3-2b320cdae76d{ip: 10.1.0.27, host: fv-az457-50.3faczmgjfduuxnksfsdf43hgfa.dx.internal.cloudapp.net, ports: [REPLICATION=37745, RATIS=39195, RATIS_ADMIN=39195, RATIS_SERVER=39195, RATIS_DATASTREAM=44727, STANDALONE=39025], networkLocation: /default-rack, certSerialId: null, persistedOpState: IN_SERVICE, persistedOpStateExpiryEpochSec: 0}, ReplicationConfig: RATIS/ONE, State:ALLOCATED, leaderId:cbda9cd1-c9bf-468c-9ce3-2b320cdae76d, CreationTimestamp2023-01-09T20:09:41.290Z[Etc/UTC]] moved to OPEN state
2023-01-09 20:09:44,294 [pool-186-thread-1] INFO  ratis.ContainerStateMachine (ContainerStateMachine.java:loadSnapshot(240)) - group-C642F25C70EF: The snapshot info is null. Setting the last applied indexto:(t:0, i:~)
2023-01-09 20:09:44,294 [pool-186-thread-1] INFO  server.RaftServerConfigKeys (ConfUtils.java:logGet(46)) - raft.server.log.use.memory = false (default)
2023-01-09 20:09:44,294 [pool-186-thread-1] INFO  server.RaftServerConfigKeys (ConfUtils.java:logGet(46)) - raft.server.log.purge.gap = 1000000 (custom)
2023-01-09 20:09:44,294 [EventQueue-OpenPipelineForHealthyPipelineSafeModeRule] INFO  safemode.SCMSafeModeManager (HealthyPipelineSafeModeRule.java:process(137)) - SCM in safe mode. Healthy pipelines reported count is 0, required healthy pipeline reported count is 1
2023-01-09 20:09:44,295 [pool-186-thread-1] INFO  server.RaftServerConfigKeys (ConfUtils.java:logGet(46)) - raft.server.log.appender.buffer.byte-limit = 33554432 (custom)
2023-01-09 20:09:44,295 [pool-186-thread-1] INFO  server.RaftServerConfigKeys (ConfUtils.java:logGet(46)) - raft.server.log.statemachine.data.read.timeout = 1000ms (default)
2023-01-09 20:09:44,295 [pool-186-thread-1] INFO  server.RaftServerConfigKeys (ConfUtils.java:logGet(46)) - raft.server.log.purge.preservation.log.num = 0 (default)
2023-01-09 20:09:44,295 [pool-186-thread-1] INFO  server.RaftServerConfigKeys (ConfUtils.java:logGet(46)) - raft.server.log.segment.size.max = 1048576 (custom)
2023-01-09 20:09:44,295 [pool-186-thread-1] INFO  server.RaftServerConfigKeys (ConfUtils.java:logGet(46)) - raft.server.log.segment.cache.num.max = 2 (custom)
2023-01-09 20:09:44,295 [pool-186-thread-1] INFO  server.RaftServerConfigKeys (ConfUtils.java:logGet(46)) - raft.server.log.segment.cache.size.max = 200MB (=209715200) (default)
2023-01-09 20:09:44,296 [pool-186-thread-1] INFO  segmented.SegmentedRaftLogWorker (SegmentedRaftLogWorker.java:<init>(189)) - new cbda9cd1-c9bf-468c-9ce3-2b320cdae76d@group-C642F25C70EF-SegmentedRaftLogWorker for RaftStorageImpl:Storage Directory /home/runner/work/ozone/ozone/hadoop-ozone/integration-test/target/test-dir/MiniOzoneClusterImpl-dc953f1b-8f43-4e25-a114-36b3b0290d25/datanode-5/data/ratis/e558dfb5-e592-4700-a1a1-c642f25c70ef
2023-01-09 20:09:44,296 [pool-186-thread-1] INFO  server.RaftServerConfigKeys (ConfUtils.java:logGet(46)) - raft.server.log.queue.byte-limit = 4294967296 (custom)
2023-01-09 20:09:44,296 [pool-186-thread-1] INFO  server.RaftServerConfigKeys (ConfUtils.java:logGet(46)) - raft.server.log.queue.element-limit = 1024 (custom)
2023-01-09 20:09:44,296 [pool-186-thread-1] INFO  server.RaftServerConfigKeys (ConfUtils.java:logGet(46)) - raft.server.log.segment.size.max = 1048576 (custom)
2023-01-09 20:09:44,296 [pool-186-thread-1] INFO  server.RaftServerConfigKeys (ConfUtils.java:logGet(46)) - raft.server.log.preallocated.size = 16384 (custom)
2023-01-09 20:09:44,296 [pool-186-thread-1] INFO  server.RaftServerConfigKeys (ConfUtils.java:logGet(46)) - raft.server.log.force.sync.num = 128 (default)
2023-01-09 20:09:44,296 [pool-186-thread-1] INFO  server.RaftServerConfigKeys (ConfUtils.java:logGet(46)) - raft.server.log.statemachine.data.sync = true (default)
2023-01-09 20:09:44,296 [pool-186-thread-1] INFO  server.RaftServerConfigKeys (ConfUtils.java:logGet(46)) - raft.server.log.statemachine.data.sync.timeout = 10s (default)
2023-01-09 20:09:44,296 [pool-186-thread-1] INFO  server.RaftServerConfigKeys (ConfUtils.java:logGet(46)) - raft.server.log.statemachine.data.sync.timeout.retry = -1 (default)
2023-01-09 20:09:44,297 [pool-186-thread-1] INFO  server.RaftServerConfigKeys (ConfUtils.java:logGet(46)) - raft.server.log.write.buffer.size = 1048576 (custom)
2023-01-09 20:09:44,298 [pool-186-thread-1] INFO  server.RaftServerConfigKeys (ConfUtils.java:logGet(46)) - raft.server.log.appender.buffer.byte-limit = 33554432 (custom)
2023-01-09 20:09:44,303 [pool-186-thread-1] INFO  server.RaftServerConfigKeys (ConfUtils.java:logGet(46)) - raft.server.log.unsafe-flush.enabled = false (default)
2023-01-09 20:09:44,303 [pool-186-thread-1] INFO  server.RaftServerConfigKeys (ConfUtils.java:logGet(46)) - raft.server.log.async-flush.enabled = false (default)
2023-01-09 20:09:44,303 [pool-186-thread-1] INFO  server.RaftServerConfigKeys (ConfUtils.java:logGet(46)) - raft.server.log.statemachine.data.caching.enabled = true (custom)
2023-01-09 20:09:44,304 [pool-186-thread-1] INFO  segmented.SegmentedRaftLogWorker (SegmentedRaftLogWorker.java:lambda$new$0(135)) - cbda9cd1-c9bf-468c-9ce3-2b320cdae76d@group-C642F25C70EF-SegmentedRaftLogWorker: flushIndex: setUnconditionally 0 -> -1
2023-01-09 20:09:44,304 [pool-186-thread-1] INFO  segmented.SegmentedRaftLogWorker (SegmentedRaftLogWorker.java:lambda$new$0(135)) - cbda9cd1-c9bf-468c-9ce3-2b320cdae76d@group-C642F25C70EF-SegmentedRaftLogWorker: safeCacheEvictIndex: setUnconditionally 0 -> -1
2023-01-09 20:09:44,304 [pool-186-thread-1] INFO  server.RaftServer$Division (RaftServerImpl.java:start(334)) - cbda9cd1-c9bf-468c-9ce3-2b320cdae76d@group-C642F25C70EF: start as a follower, conf=-1: peers:[cbda9cd1-c9bf-468c-9ce3-2b320cdae76d|rpc:10.1.0.27:39195|dataStream:10.1.0.27:44727|priority:1|startupRole:FOLLOWER]|listeners:[], old=null
2023-01-09 20:09:44,304 [pool-186-thread-1] INFO  server.RaftServer$Division (RaftServerImpl.java:setRole(321)) - cbda9cd1-c9bf-468c-9ce3-2b320cdae76d@group-C642F25C70EF: changes role from      null to FOLLOWER at term 0 for startAsFollower
2023-01-09 20:09:44,304 [pool-186-thread-1] INFO  impl.RoleInfo (RoleInfo.java:updateAndGet(139)) - cbda9cd1-c9bf-468c-9ce3-2b320cdae76d: start cbda9cd1-c9bf-468c-9ce3-2b320cdae76d@group-C642F25C70EF-FollowerState
2023-01-09 20:09:44,304 [pool-186-thread-1] INFO  util.JmxRegister (JmxRegister.java:tryRegister(44)) - Successfully registered JMX Bean with object name Ratis:service=RaftServer,group=group-C642F25C70EF,id=cbda9cd1-c9bf-468c-9ce3-2b320cdae76d
2023-01-09 20:09:44,305 [pool-186-thread-1] INFO  server.RaftServerConfigKeys (ConfUtils.java:logGet(46)) - raft.server.snapshot.auto.trigger.enabled = true (custom)
2023-01-09 20:09:44,305 [pool-186-thread-1] INFO  server.RaftServerConfigKeys (ConfUtils.java:logGet(46)) - raft.server.snapshot.auto.trigger.threshold = 10000 (custom)
2023-01-09 20:09:44,305 [pool-186-thread-1] INFO  server.RaftServerConfigKeys (ConfUtils.java:logGet(46)) - raft.server.snapshot.retention.file.num = 5 (custom)
2023-01-09 20:09:44,305 [pool-186-thread-1] INFO  server.RaftServerConfigKeys (ConfUtils.java:logGet(46)) - raft.server.log.purge.upto.snapshot.index = false (default)
2023-01-09 20:09:44,305 [cbda9cd1-c9bf-468c-9ce3-2b320cdae76d@group-C642F25C70EF-FollowerState] INFO  server.RaftServerConfigKeys (ConfUtils.java:logFallback(53)) - raft.server.rpc.first-election.timeout.min = 5s (fallback to raft.server.rpc.timeout.min)
2023-01-09 20:09:44,306 [cbda9cd1-c9bf-468c-9ce3-2b320cdae76d@group-C642F25C70EF-FollowerState] INFO  server.RaftServerConfigKeys (ConfUtils.java:logFallback(53)) - raft.server.rpc.first-election.timeout.max = 5200ms (fallback to raft.server.rpc.timeout.max)
2023-01-09 20:09:44,306 [Command processor thread] INFO  ratis.XceiverServerRatis (XceiverServerRatis.java:addGroup(806)) - Created group PipelineID=e558dfb5-e592-4700-a1a1-c642f25c70ef
2023-01-09 20:09:44,307 [Command processor thread] INFO  commandhandler.CreatePipelineCommandHandler (CreatePipelineCommandHandler.java:handle(113)) - Created Pipeline RATIS ONE PipelineID=e558dfb5-e592-4700-a1a1-c642f25c70ef.
2023-01-09 20:09:44,702 [Command processor thread] INFO  server.RaftServer (RaftServerProxy.java:addNew(96)) - 51369307-b0de-40aa-9d6f-41f84e1cecb7: addNew group-3A95A1098BC4:[51369307-b0de-40aa-9d6f-41f84e1cecb7|rpc:10.1.0.27:44083|dataStream:10.1.0.27:33005|priority:1|startupRole:FOLLOWER] returns group-3A95A1098BC4:java.util.concurrent.CompletableFuture@3d80eefd[Not completed]
2023-01-09 20:09:44,705 [pool-213-thread-1] INFO  server.RaftServer$Division (RaftServerImpl.java:<init>(195)) - 51369307-b0de-40aa-9d6f-41f84e1cecb7: new RaftServerImpl for group-3A95A1098BC4:[51369307-b0de-40aa-9d6f-41f84e1cecb7|rpc:10.1.0.27:44083|dataStream:10.1.0.27:33005|priority:1|startupRole:FOLLOWER] with ContainerStateMachine:uninitialized
2023-01-09 20:09:44,705 [pool-213-thread-1] INFO  server.RaftServerConfigKeys (ConfUtils.java:logGet(46)) - raft.server.rpc.timeout.min = 5s (custom)
2023-01-09 20:09:44,705 [pool-213-thread-1] INFO  server.RaftServerConfigKeys (ConfUtils.java:logGet(46)) - raft.server.rpc.timeout.max = 5200ms (custom)
2023-01-09 20:09:44,705 [pool-213-thread-1] INFO  server.RaftServerConfigKeys (ConfUtils.java:logGet(46)) - raft.server.rpc.sleep.time = 25ms (default)
2023-01-09 20:09:44,705 [pool-213-thread-1] INFO  server.RaftServerConfigKeys (ConfUtils.java:logGet(46)) - raft.server.rpc.slowness.timeout = 300s (custom)
2023-01-09 20:09:44,705 [pool-213-thread-1] INFO  server.RaftServerConfigKeys (ConfUtils.java:logGet(46)) - raft.server.leaderelection.leader.step-down.wait-time = 10s (default)
2023-01-09 20:09:44,706 [pool-213-thread-1] INFO  server.RaftServerConfigKeys (ConfUtils.java:logGet(46)) - raft.server.sleep.deviation.threshold = 300ms (default)
2023-01-09 20:09:44,706 [pool-213-thread-1] INFO  server.RaftServer$Division (ServerState.java:<init>(118)) - 51369307-b0de-40aa-9d6f-41f84e1cecb7@group-3A95A1098BC4: ConfigurationManager, init=-1: peers:[51369307-b0de-40aa-9d6f-41f84e1cecb7|rpc:10.1.0.27:44083|dataStream:10.1.0.27:33005|priority:1|startupRole:FOLLOWER]|listeners:[], old=null, confs=<EMPTY_MAP>
2023-01-09 20:09:44,706 [pool-213-thread-1] INFO  server.RaftServerConfigKeys (ConfUtils.java:logGet(46)) - raft.server.storage.dir = [/home/runner/work/ozone/ozone/hadoop-ozone/integration-test/target/test-dir/MiniOzoneClusterImpl-dc953f1b-8f43-4e25-a114-36b3b0290d25/datanode-6/data/ratis] (custom)
2023-01-09 20:09:44,706 [pool-213-thread-1] INFO  server.RaftServerConfigKeys (ConfUtils.java:logGet(46)) - raft.server.log.corruption.policy = EXCEPTION (default)
2023-01-09 20:09:44,706 [pool-213-thread-1] INFO  server.RaftServerConfigKeys (ConfUtils.java:logGet(46)) - raft.server.storage.free-space.min = 0MB (=0) (default)
2023-01-09 20:09:44,706 [pool-213-thread-1] INFO  server.RaftServerConfigKeys (ConfUtils.java:logGet(46)) - raft.server.notification.no-leader.timeout = 300s (custom)
2023-01-09 20:09:44,706 [pool-213-thread-1] INFO  server.RaftServerConfigKeys (ConfUtils.java:logGet(46)) - raft.server.retrycache.expirytime = 600000ms (custom)
2023-01-09 20:09:44,706 [pool-213-thread-1] INFO  server.RaftServerConfigKeys (ConfUtils.java:logGet(46)) - raft.server.retrycache.statistics.expirytime = 100μs (default)
2023-01-09 20:09:44,709 [pool-213-thread-1] INFO  server.RaftServerConfigKeys (ConfUtils.java:logGet(46)) - raft.server.log.appender.install.snapshot.enabled = false (custom)
2023-01-09 20:09:44,709 [pool-213-thread-1] INFO  server.RaftServerConfigKeys (ConfUtils.java:logGet(46)) - raft.server.threadpool.server.cached = true (default)
2023-01-09 20:09:44,709 [pool-213-thread-1] INFO  server.RaftServerConfigKeys (ConfUtils.java:logGet(46)) - raft.server.threadpool.server.size = 0 (default)
2023-01-09 20:09:44,709 [pool-213-thread-1] INFO  server.RaftServerConfigKeys (ConfUtils.java:logGet(46)) - raft.server.threadpool.client.cached = true (default)
2023-01-09 20:09:44,709 [pool-213-thread-1] INFO  server.RaftServerConfigKeys (ConfUtils.java:logGet(46)) - raft.server.threadpool.client.size = 0 (default)
2023-01-09 20:09:44,709 [pool-213-thread-1] INFO  storage.RaftStorageDirectory (RaftStorageDirectoryImpl.java:analyzeStorage(137)) - The storage directory /home/runner/work/ozone/ozone/hadoop-ozone/integration-test/target/test-dir/MiniOzoneClusterImpl-dc953f1b-8f43-4e25-a114-36b3b0290d25/datanode-6/data/ratis/b14064c3-4cfc-472d-9ab7-3a95a1098bc4 does not exist. Creating ...
2023-01-09 20:09:44,711 [pool-213-thread-1] INFO  storage.RaftStorageDirectory (RaftStorageDirectoryImpl.java:tryLock(231)) - Lock on /home/runner/work/ozone/ozone/hadoop-ozone/integration-test/target/test-dir/MiniOzoneClusterImpl-dc953f1b-8f43-4e25-a114-36b3b0290d25/datanode-6/data/ratis/b14064c3-4cfc-472d-9ab7-3a95a1098bc4/in_use.lock acquired by nodename 50886@fv-az457-50
2023-01-09 20:09:44,713 [pool-213-thread-1] INFO  storage.RaftStorage (RaftStorageImpl.java:format(96)) - Storage directory /home/runner/work/ozone/ozone/hadoop-ozone/integration-test/target/test-dir/MiniOzoneClusterImpl-dc953f1b-8f43-4e25-a114-36b3b0290d25/datanode-6/data/ratis/b14064c3-4cfc-472d-9ab7-3a95a1098bc4 has been successfully formatted.
2023-01-09 20:09:44,713 [pool-213-thread-1] INFO  ratis.ContainerStateMachine (ContainerStateMachine.java:loadSnapshot(240)) - group-3A95A1098BC4: The snapshot info is null. Setting the last applied indexto:(t:0, i:~)
2023-01-09 20:09:44,713 [pool-213-thread-1] INFO  server.RaftServerConfigKeys (ConfUtils.java:logGet(46)) - raft.server.log.use.memory = false (default)
2023-01-09 20:09:44,713 [pool-213-thread-1] INFO  server.RaftServerConfigKeys (ConfUtils.java:logGet(46)) - raft.server.log.purge.gap = 1000000 (custom)
2023-01-09 20:09:44,713 [pool-213-thread-1] INFO  server.RaftServerConfigKeys (ConfUtils.java:logGet(46)) - raft.server.log.appender.buffer.byte-limit = 33554432 (custom)
2023-01-09 20:09:44,714 [pool-213-thread-1] INFO  server.RaftServerConfigKeys (ConfUtils.java:logGet(46)) - raft.server.log.statemachine.data.read.timeout = 1000ms (default)
2023-01-09 20:09:44,714 [pool-213-thread-1] INFO  server.RaftServerConfigKeys (ConfUtils.java:logGet(46)) - raft.server.log.purge.preservation.log.num = 0 (default)
2023-01-09 20:09:44,714 [pool-213-thread-1] INFO  server.RaftServerConfigKeys (ConfUtils.java:logGet(46)) - raft.server.log.segment.size.max = 1048576 (custom)
2023-01-09 20:09:44,716 [pool-213-thread-1] INFO  server.RaftServerConfigKeys (ConfUtils.java:logGet(46)) - raft.server.log.segment.cache.num.max = 2 (custom)
2023-01-09 20:09:44,716 [pool-213-thread-1] INFO  server.RaftServerConfigKeys (ConfUtils.java:logGet(46)) - raft.server.log.segment.cache.size.max = 200MB (=209715200) (default)
2023-01-09 20:09:44,716 [pool-213-thread-1] INFO  segmented.SegmentedRaftLogWorker (SegmentedRaftLogWorker.java:<init>(189)) - new 51369307-b0de-40aa-9d6f-41f84e1cecb7@group-3A95A1098BC4-SegmentedRaftLogWorker for RaftStorageImpl:Storage Directory /home/runner/work/ozone/ozone/hadoop-ozone/integration-test/target/test-dir/MiniOzoneClusterImpl-dc953f1b-8f43-4e25-a114-36b3b0290d25/datanode-6/data/ratis/b14064c3-4cfc-472d-9ab7-3a95a1098bc4
2023-01-09 20:09:44,716 [pool-213-thread-1] INFO  server.RaftServerConfigKeys (ConfUtils.java:logGet(46)) - raft.server.log.queue.byte-limit = 4294967296 (custom)
2023-01-09 20:09:44,716 [pool-213-thread-1] INFO  server.RaftServerConfigKeys (ConfUtils.java:logGet(46)) - raft.server.log.queue.element-limit = 1024 (custom)
2023-01-09 20:09:44,716 [pool-213-thread-1] INFO  server.RaftServerConfigKeys (ConfUtils.java:logGet(46)) - raft.server.log.segment.size.max = 1048576 (custom)
2023-01-09 20:09:44,716 [pool-213-thread-1] INFO  server.RaftServerConfigKeys (ConfUtils.java:logGet(46)) - raft.server.log.preallocated.size = 16384 (custom)
2023-01-09 20:09:44,716 [pool-213-thread-1] INFO  server.RaftServerConfigKeys (ConfUtils.java:logGet(46)) - raft.server.log.force.sync.num = 128 (default)
2023-01-09 20:09:44,716 [pool-213-thread-1] INFO  server.RaftServerConfigKeys (ConfUtils.java:logGet(46)) - raft.server.log.statemachine.data.sync = true (default)
2023-01-09 20:09:44,717 [pool-213-thread-1] INFO  server.RaftServerConfigKeys (ConfUtils.java:logGet(46)) - raft.server.log.statemachine.data.sync.timeout = 10s (default)
2023-01-09 20:09:44,717 [pool-213-thread-1] INFO  server.RaftServerConfigKeys (ConfUtils.java:logGet(46)) - raft.server.log.statemachine.data.sync.timeout.retry = -1 (default)
2023-01-09 20:09:44,718 [pool-213-thread-1] INFO  server.RaftServerConfigKeys (ConfUtils.java:logGet(46)) - raft.server.log.write.buffer.size = 1048576 (custom)
2023-01-09 20:09:44,720 [EventQueue-PipelineReportForPipelineReportHandler] INFO  pipeline.PipelineManagerImpl (PipelineManagerImpl.java:openPipeline(367)) - Pipeline Pipeline[ Id: b14064c3-4cfc-472d-9ab7-3a95a1098bc4, Nodes: 51369307-b0de-40aa-9d6f-41f84e1cecb7{ip: 10.1.0.27, host: fv-az457-50.3faczmgjfduuxnksfsdf43hgfa.dx.internal.cloudapp.net, ports: [REPLICATION=42229, RATIS=44083, RATIS_ADMIN=44083, RATIS_SERVER=44083, RATIS_DATASTREAM=33005, STANDALONE=42355], networkLocation: /default-rack, certSerialId: null, persistedOpState: IN_SERVICE, persistedOpStateExpiryEpochSec: 0}, ReplicationConfig: RATIS/ONE, State:ALLOCATED, leaderId:51369307-b0de-40aa-9d6f-41f84e1cecb7, CreationTimestamp2023-01-09T20:09:41.710Z[Etc/UTC]] moved to OPEN state
2023-01-09 20:09:44,721 [EventQueue-OpenPipelineForHealthyPipelineSafeModeRule] INFO  safemode.SCMSafeModeManager (HealthyPipelineSafeModeRule.java:process(137)) - SCM in safe mode. Healthy pipelines reported count is 0, required healthy pipeline reported count is 1
2023-01-09 20:09:44,722 [pool-213-thread-1] INFO  server.RaftServerConfigKeys (ConfUtils.java:logGet(46)) - raft.server.log.appender.buffer.byte-limit = 33554432 (custom)
2023-01-09 20:09:44,734 [pool-213-thread-1] INFO  server.RaftServerConfigKeys (ConfUtils.java:logGet(46)) - raft.server.log.unsafe-flush.enabled = false (default)
2023-01-09 20:09:44,734 [pool-213-thread-1] INFO  server.RaftServerConfigKeys (ConfUtils.java:logGet(46)) - raft.server.log.async-flush.enabled = false (default)
2023-01-09 20:09:44,734 [pool-213-thread-1] INFO  server.RaftServerConfigKeys (ConfUtils.java:logGet(46)) - raft.server.log.statemachine.data.caching.enabled = true (custom)
2023-01-09 20:09:44,735 [pool-213-thread-1] INFO  segmented.SegmentedRaftLogWorker (SegmentedRaftLogWorker.java:lambda$new$0(135)) - 51369307-b0de-40aa-9d6f-41f84e1cecb7@group-3A95A1098BC4-SegmentedRaftLogWorker: flushIndex: setUnconditionally 0 -> -1
2023-01-09 20:09:44,735 [pool-213-thread-1] INFO  segmented.SegmentedRaftLogWorker (SegmentedRaftLogWorker.java:lambda$new$0(135)) - 51369307-b0de-40aa-9d6f-41f84e1cecb7@group-3A95A1098BC4-SegmentedRaftLogWorker: safeCacheEvictIndex: setUnconditionally 0 -> -1
2023-01-09 20:09:44,735 [pool-213-thread-1] INFO  server.RaftServer$Division (RaftServerImpl.java:start(334)) - 51369307-b0de-40aa-9d6f-41f84e1cecb7@group-3A95A1098BC4: start as a follower, conf=-1: peers:[51369307-b0de-40aa-9d6f-41f84e1cecb7|rpc:10.1.0.27:44083|dataStream:10.1.0.27:33005|priority:1|startupRole:FOLLOWER]|listeners:[], old=null
2023-01-09 20:09:44,735 [pool-213-thread-1] INFO  server.RaftServer$Division (RaftServerImpl.java:setRole(321)) - 51369307-b0de-40aa-9d6f-41f84e1cecb7@group-3A95A1098BC4: changes role from      null to FOLLOWER at term 0 for startAsFollower
2023-01-09 20:09:44,735 [pool-213-thread-1] INFO  impl.RoleInfo (RoleInfo.java:updateAndGet(139)) - 51369307-b0de-40aa-9d6f-41f84e1cecb7: start 51369307-b0de-40aa-9d6f-41f84e1cecb7@group-3A95A1098BC4-FollowerState
2023-01-09 20:09:44,740 [pool-213-thread-1] INFO  util.JmxRegister (JmxRegister.java:tryRegister(44)) - Successfully registered JMX Bean with object name Ratis:service=RaftServer,group=group-3A95A1098BC4,id=51369307-b0de-40aa-9d6f-41f84e1cecb7
2023-01-09 20:09:44,740 [pool-213-thread-1] INFO  server.RaftServerConfigKeys (ConfUtils.java:logGet(46)) - raft.server.snapshot.auto.trigger.enabled = true (custom)
2023-01-09 20:09:44,741 [pool-213-thread-1] INFO  server.RaftServerConfigKeys (ConfUtils.java:logGet(46)) - raft.server.snapshot.auto.trigger.threshold = 10000 (custom)
2023-01-09 20:09:44,741 [pool-213-thread-1] INFO  server.RaftServerConfigKeys (ConfUtils.java:logGet(46)) - raft.server.snapshot.retention.file.num = 5 (custom)
2023-01-09 20:09:44,741 [pool-213-thread-1] INFO  server.RaftServerConfigKeys (ConfUtils.java:logGet(46)) - raft.server.log.purge.upto.snapshot.index = false (default)
2023-01-09 20:09:44,742 [Command processor thread] INFO  ratis.XceiverServerRatis (XceiverServerRatis.java:addGroup(806)) - Created group PipelineID=b14064c3-4cfc-472d-9ab7-3a95a1098bc4
2023-01-09 20:09:44,742 [Command processor thread] INFO  commandhandler.CreatePipelineCommandHandler (CreatePipelineCommandHandler.java:handle(113)) - Created Pipeline RATIS ONE PipelineID=b14064c3-4cfc-472d-9ab7-3a95a1098bc4.
2023-01-09 20:09:44,742 [Command processor thread] INFO  server.RaftServer (RaftServerProxy.java:addNew(96)) - 51369307-b0de-40aa-9d6f-41f84e1cecb7: addNew group-AE8453F49D0B:[e77b5d09-e15c-47d2-9906-1148d6692daf|rpc:10.1.0.27:40203|dataStream:10.1.0.27:33269|priority:0|startupRole:FOLLOWER, d09c218f-b416-45d6-bb77-0144cdedc1ff|rpc:10.1.0.27:37119|dataStream:10.1.0.27:40365|priority:1|startupRole:FOLLOWER, 51369307-b0de-40aa-9d6f-41f84e1cecb7|rpc:10.1.0.27:44083|dataStream:10.1.0.27:33005|priority:0|startupRole:FOLLOWER] returns group-AE8453F49D0B:java.util.concurrent.CompletableFuture@39bf6d95[Not completed]
2023-01-09 20:09:44,743 [pool-213-thread-1] INFO  server.RaftServer$Division (RaftServerImpl.java:<init>(195)) - 51369307-b0de-40aa-9d6f-41f84e1cecb7: new RaftServerImpl for group-AE8453F49D0B:[e77b5d09-e15c-47d2-9906-1148d6692daf|rpc:10.1.0.27:40203|dataStream:10.1.0.27:33269|priority:0|startupRole:FOLLOWER, d09c218f-b416-45d6-bb77-0144cdedc1ff|rpc:10.1.0.27:37119|dataStream:10.1.0.27:40365|priority:1|startupRole:FOLLOWER, 51369307-b0de-40aa-9d6f-41f84e1cecb7|rpc:10.1.0.27:44083|dataStream:10.1.0.27:33005|priority:0|startupRole:FOLLOWER] with ContainerStateMachine:uninitialized
2023-01-09 20:09:44,744 [pool-213-thread-1] INFO  server.RaftServerConfigKeys (ConfUtils.java:logGet(46)) - raft.server.rpc.timeout.min = 5s (custom)
2023-01-09 20:09:44,744 [pool-213-thread-1] INFO  server.RaftServerConfigKeys (ConfUtils.java:logGet(46)) - raft.server.rpc.timeout.max = 5200ms (custom)
2023-01-09 20:09:44,744 [pool-213-thread-1] INFO  server.RaftServerConfigKeys (ConfUtils.java:logGet(46)) - raft.server.rpc.sleep.time = 25ms (default)
2023-01-09 20:09:44,744 [pool-213-thread-1] INFO  server.RaftServerConfigKeys (ConfUtils.java:logGet(46)) - raft.server.rpc.slowness.timeout = 300s (custom)
2023-01-09 20:09:44,744 [pool-213-thread-1] INFO  server.RaftServerConfigKeys (ConfUtils.java:logGet(46)) - raft.server.leaderelection.leader.step-down.wait-time = 10s (default)
2023-01-09 20:09:44,744 [pool-213-thread-1] INFO  server.RaftServerConfigKeys (ConfUtils.java:logGet(46)) - raft.server.sleep.deviation.threshold = 300ms (default)
2023-01-09 20:09:44,744 [pool-213-thread-1] INFO  server.RaftServer$Division (ServerState.java:<init>(118)) - 51369307-b0de-40aa-9d6f-41f84e1cecb7@group-AE8453F49D0B: ConfigurationManager, init=-1: peers:[e77b5d09-e15c-47d2-9906-1148d6692daf|rpc:10.1.0.27:40203|dataStream:10.1.0.27:33269|priority:0|startupRole:FOLLOWER, d09c218f-b416-45d6-bb77-0144cdedc1ff|rpc:10.1.0.27:37119|dataStream:10.1.0.27:40365|priority:1|startupRole:FOLLOWER, 51369307-b0de-40aa-9d6f-41f84e1cecb7|rpc:10.1.0.27:44083|dataStream:10.1.0.27:33005|priority:0|startupRole:FOLLOWER]|listeners:[], old=null, confs=<EMPTY_MAP>
2023-01-09 20:09:44,744 [pool-213-thread-1] INFO  server.RaftServerConfigKeys (ConfUtils.java:logGet(46)) - raft.server.storage.dir = [/home/runner/work/ozone/ozone/hadoop-ozone/integration-test/target/test-dir/MiniOzoneClusterImpl-dc953f1b-8f43-4e25-a114-36b3b0290d25/datanode-6/data/ratis] (custom)
2023-01-09 20:09:44,744 [pool-213-thread-1] INFO  server.RaftServerConfigKeys (ConfUtils.java:logGet(46)) - raft.server.log.corruption.policy = EXCEPTION (default)
2023-01-09 20:09:44,744 [pool-213-thread-1] INFO  server.RaftServerConfigKeys (ConfUtils.java:logGet(46)) - raft.server.storage.free-space.min = 0MB (=0) (default)
2023-01-09 20:09:44,744 [pool-213-thread-1] INFO  server.RaftServerConfigKeys (ConfUtils.java:logGet(46)) - raft.server.notification.no-leader.timeout = 300s (custom)
2023-01-09 20:09:44,745 [pool-213-thread-1] INFO  server.RaftServerConfigKeys (ConfUtils.java:logGet(46)) - raft.server.retrycache.expirytime = 600000ms (custom)
2023-01-09 20:09:44,745 [pool-213-thread-1] INFO  server.RaftServerConfigKeys (ConfUtils.java:logGet(46)) - raft.server.retrycache.statistics.expirytime = 100μs (default)
2023-01-09 20:09:44,746 [pool-213-thread-1] INFO  server.RaftServerConfigKeys (ConfUtils.java:logGet(46)) - raft.server.log.appender.install.snapshot.enabled = false (custom)
2023-01-09 20:09:44,746 [pool-213-thread-1] INFO  server.RaftServerConfigKeys (ConfUtils.java:logGet(46)) - raft.server.threadpool.server.cached = true (default)
2023-01-09 20:09:44,746 [pool-213-thread-1] INFO  server.RaftServerConfigKeys (ConfUtils.java:logGet(46)) - raft.server.threadpool.server.size = 0 (default)
2023-01-09 20:09:44,746 [51369307-b0de-40aa-9d6f-41f84e1cecb7@group-3A95A1098BC4-FollowerState] INFO  server.RaftServerConfigKeys (ConfUtils.java:logFallback(53)) - raft.server.rpc.first-election.timeout.min = 5s (fallback to raft.server.rpc.timeout.min)
2023-01-09 20:09:44,746 [51369307-b0de-40aa-9d6f-41f84e1cecb7@group-3A95A1098BC4-FollowerState] INFO  server.RaftServerConfigKeys (ConfUtils.java:logFallback(53)) - raft.server.rpc.first-election.timeout.max = 5200ms (fallback to raft.server.rpc.timeout.max)
2023-01-09 20:09:44,747 [pool-213-thread-1] INFO  server.RaftServerConfigKeys (ConfUtils.java:logGet(46)) - raft.server.threadpool.client.cached = true (default)
2023-01-09 20:09:44,747 [pool-213-thread-1] INFO  server.RaftServerConfigKeys (ConfUtils.java:logGet(46)) - raft.server.threadpool.client.size = 0 (default)
2023-01-09 20:09:44,747 [pool-213-thread-1] INFO  storage.RaftStorageDirectory (RaftStorageDirectoryImpl.java:analyzeStorage(137)) - The storage directory /home/runner/work/ozone/ozone/hadoop-ozone/integration-test/target/test-dir/MiniOzoneClusterImpl-dc953f1b-8f43-4e25-a114-36b3b0290d25/datanode-6/data/ratis/506c1c73-3a8c-4a82-8cbb-ae8453f49d0b does not exist. Creating ...
2023-01-09 20:09:44,748 [pool-213-thread-1] INFO  storage.RaftStorageDirectory (RaftStorageDirectoryImpl.java:tryLock(231)) - Lock on /home/runner/work/ozone/ozone/hadoop-ozone/integration-test/target/test-dir/MiniOzoneClusterImpl-dc953f1b-8f43-4e25-a114-36b3b0290d25/datanode-6/data/ratis/506c1c73-3a8c-4a82-8cbb-ae8453f49d0b/in_use.lock acquired by nodename 50886@fv-az457-50
2023-01-09 20:09:44,750 [pool-213-thread-1] INFO  storage.RaftStorage (RaftStorageImpl.java:format(96)) - Storage directory /home/runner/work/ozone/ozone/hadoop-ozone/integration-test/target/test-dir/MiniOzoneClusterImpl-dc953f1b-8f43-4e25-a114-36b3b0290d25/datanode-6/data/ratis/506c1c73-3a8c-4a82-8cbb-ae8453f49d0b has been successfully formatted.
2023-01-09 20:09:44,750 [pool-213-thread-1] INFO  ratis.ContainerStateMachine (ContainerStateMachine.java:loadSnapshot(240)) - group-AE8453F49D0B: The snapshot info is null. Setting the last applied indexto:(t:0, i:~)
2023-01-09 20:09:44,750 [pool-213-thread-1] INFO  server.RaftServerConfigKeys (ConfUtils.java:logGet(46)) - raft.server.log.use.memory = false (default)
2023-01-09 20:09:44,750 [pool-213-thread-1] INFO  server.RaftServerConfigKeys (ConfUtils.java:logGet(46)) - raft.server.log.purge.gap = 1000000 (custom)
2023-01-09 20:09:44,750 [pool-213-thread-1] INFO  server.RaftServerConfigKeys (ConfUtils.java:logGet(46)) - raft.server.log.appender.buffer.byte-limit = 33554432 (custom)
2023-01-09 20:09:44,750 [pool-213-thread-1] INFO  server.RaftServerConfigKeys (ConfUtils.java:logGet(46)) - raft.server.log.statemachine.data.read.timeout = 1000ms (default)
2023-01-09 20:09:44,751 [pool-213-thread-1] INFO  server.RaftServerConfigKeys (ConfUtils.java:logGet(46)) - raft.server.log.purge.preservation.log.num = 0 (default)
2023-01-09 20:09:44,751 [pool-213-thread-1] INFO  server.RaftServerConfigKeys (ConfUtils.java:logGet(46)) - raft.server.log.segment.size.max = 1048576 (custom)
2023-01-09 20:09:44,752 [pool-213-thread-1] INFO  server.RaftServerConfigKeys (ConfUtils.java:logGet(46)) - raft.server.log.segment.cache.num.max = 2 (custom)
2023-01-09 20:09:44,752 [pool-213-thread-1] INFO  server.RaftServerConfigKeys (ConfUtils.java:logGet(46)) - raft.server.log.segment.cache.size.max = 200MB (=209715200) (default)
2023-01-09 20:09:44,752 [pool-213-thread-1] INFO  segmented.SegmentedRaftLogWorker (SegmentedRaftLogWorker.java:<init>(189)) - new 51369307-b0de-40aa-9d6f-41f84e1cecb7@group-AE8453F49D0B-SegmentedRaftLogWorker for RaftStorageImpl:Storage Directory /home/runner/work/ozone/ozone/hadoop-ozone/integration-test/target/test-dir/MiniOzoneClusterImpl-dc953f1b-8f43-4e25-a114-36b3b0290d25/datanode-6/data/ratis/506c1c73-3a8c-4a82-8cbb-ae8453f49d0b
2023-01-09 20:09:44,752 [pool-213-thread-1] INFO  server.RaftServerConfigKeys (ConfUtils.java:logGet(46)) - raft.server.log.queue.byte-limit = 4294967296 (custom)
2023-01-09 20:09:44,752 [pool-213-thread-1] INFO  server.RaftServerConfigKeys (ConfUtils.java:logGet(46)) - raft.server.log.queue.element-limit = 1024 (custom)
2023-01-09 20:09:44,752 [pool-213-thread-1] INFO  server.RaftServerConfigKeys (ConfUtils.java:logGet(46)) - raft.server.log.segment.size.max = 1048576 (custom)
2023-01-09 20:09:44,752 [pool-213-thread-1] INFO  server.RaftServerConfigKeys (ConfUtils.java:logGet(46)) - raft.server.log.preallocated.size = 16384 (custom)
2023-01-09 20:09:44,752 [pool-213-thread-1] INFO  server.RaftServerConfigKeys (ConfUtils.java:logGet(46)) - raft.server.log.force.sync.num = 128 (default)
2023-01-09 20:09:44,752 [pool-213-thread-1] INFO  server.RaftServerConfigKeys (ConfUtils.java:logGet(46)) - raft.server.log.statemachine.data.sync = true (default)
2023-01-09 20:09:44,752 [pool-213-thread-1] INFO  server.RaftServerConfigKeys (ConfUtils.java:logGet(46)) - raft.server.log.statemachine.data.sync.timeout = 10s (default)
2023-01-09 20:09:44,752 [pool-213-thread-1] INFO  server.RaftServerConfigKeys (ConfUtils.java:logGet(46)) - raft.server.log.statemachine.data.sync.timeout.retry = -1 (default)
2023-01-09 20:09:44,753 [EventQueue-OpenPipelineForHealthyPipelineSafeModeRule] INFO  safemode.SCMSafeModeManager (HealthyPipelineSafeModeRule.java:process(137)) - SCM in safe mode. Healthy pipelines reported count is 0, required healthy pipeline reported count is 1
2023-01-09 20:09:44,754 [pool-213-thread-1] INFO  server.RaftServerConfigKeys (ConfUtils.java:logGet(46)) - raft.server.log.write.buffer.size = 1048576 (custom)
2023-01-09 20:09:44,754 [pool-213-thread-1] INFO  server.RaftServerConfigKeys (ConfUtils.java:logGet(46)) - raft.server.log.appender.buffer.byte-limit = 33554432 (custom)
2023-01-09 20:09:44,760 [pool-213-thread-1] INFO  server.RaftServerConfigKeys (ConfUtils.java:logGet(46)) - raft.server.log.unsafe-flush.enabled = false (default)
2023-01-09 20:09:44,760 [pool-213-thread-1] INFO  server.RaftServerConfigKeys (ConfUtils.java:logGet(46)) - raft.server.log.async-flush.enabled = false (default)
2023-01-09 20:09:44,760 [pool-213-thread-1] INFO  server.RaftServerConfigKeys (ConfUtils.java:logGet(46)) - raft.server.log.statemachine.data.caching.enabled = true (custom)
2023-01-09 20:09:44,761 [pool-213-thread-1] INFO  segmented.SegmentedRaftLogWorker (SegmentedRaftLogWorker.java:lambda$new$0(135)) - 51369307-b0de-40aa-9d6f-41f84e1cecb7@group-AE8453F49D0B-SegmentedRaftLogWorker: flushIndex: setUnconditionally 0 -> -1
2023-01-09 20:09:44,761 [pool-213-thread-1] INFO  segmented.SegmentedRaftLogWorker (SegmentedRaftLogWorker.java:lambda$new$0(135)) - 51369307-b0de-40aa-9d6f-41f84e1cecb7@group-AE8453F49D0B-SegmentedRaftLogWorker: safeCacheEvictIndex: setUnconditionally 0 -> -1
2023-01-09 20:09:44,762 [pool-213-thread-1] INFO  server.RaftServer$Division (RaftServerImpl.java:start(334)) - 51369307-b0de-40aa-9d6f-41f84e1cecb7@group-AE8453F49D0B: start as a follower, conf=-1: peers:[e77b5d09-e15c-47d2-9906-1148d6692daf|rpc:10.1.0.27:40203|dataStream:10.1.0.27:33269|priority:0|startupRole:FOLLOWER, d09c218f-b416-45d6-bb77-0144cdedc1ff|rpc:10.1.0.27:37119|dataStream:10.1.0.27:40365|priority:1|startupRole:FOLLOWER, 51369307-b0de-40aa-9d6f-41f84e1cecb7|rpc:10.1.0.27:44083|dataStream:10.1.0.27:33005|priority:0|startupRole:FOLLOWER]|listeners:[], old=null
2023-01-09 20:09:44,763 [pool-213-thread-1] INFO  server.RaftServer$Division (RaftServerImpl.java:setRole(321)) - 51369307-b0de-40aa-9d6f-41f84e1cecb7@group-AE8453F49D0B: changes role from      null to FOLLOWER at term 0 for startAsFollower
2023-01-09 20:09:44,763 [pool-213-thread-1] INFO  impl.RoleInfo (RoleInfo.java:updateAndGet(139)) - 51369307-b0de-40aa-9d6f-41f84e1cecb7: start 51369307-b0de-40aa-9d6f-41f84e1cecb7@group-AE8453F49D0B-FollowerState
2023-01-09 20:09:44,765 [pool-213-thread-1] INFO  util.JmxRegister (JmxRegister.java:tryRegister(44)) - Successfully registered JMX Bean with object name Ratis:service=RaftServer,group=group-AE8453F49D0B,id=51369307-b0de-40aa-9d6f-41f84e1cecb7
2023-01-09 20:09:44,765 [pool-213-thread-1] INFO  server.RaftServerConfigKeys (ConfUtils.java:logGet(46)) - raft.server.snapshot.auto.trigger.enabled = true (custom)
2023-01-09 20:09:44,765 [pool-213-thread-1] INFO  server.RaftServerConfigKeys (ConfUtils.java:logGet(46)) - raft.server.snapshot.auto.trigger.threshold = 10000 (custom)
2023-01-09 20:09:44,766 [pool-213-thread-1] INFO  server.RaftServerConfigKeys (ConfUtils.java:logGet(46)) - raft.server.snapshot.retention.file.num = 5 (custom)
2023-01-09 20:09:44,766 [pool-213-thread-1] INFO  server.RaftServerConfigKeys (ConfUtils.java:logGet(46)) - raft.server.log.purge.upto.snapshot.index = false (default)
2023-01-09 20:09:44,767 [Command processor thread] INFO  ratis.XceiverServerRatis (XceiverServerRatis.java:addGroup(806)) - Created group PipelineID=506c1c73-3a8c-4a82-8cbb-ae8453f49d0b
2023-01-09 20:09:44,769 [51369307-b0de-40aa-9d6f-41f84e1cecb7@group-AE8453F49D0B-FollowerState] INFO  server.RaftServerConfigKeys (ConfUtils.java:logFallback(53)) - raft.server.rpc.first-election.timeout.min = 5s (fallback to raft.server.rpc.timeout.min)
2023-01-09 20:09:44,769 [51369307-b0de-40aa-9d6f-41f84e1cecb7@group-AE8453F49D0B-FollowerState] INFO  server.RaftServerConfigKeys (ConfUtils.java:logFallback(53)) - raft.server.rpc.first-election.timeout.max = 5200ms (fallback to raft.server.rpc.timeout.max)
2023-01-09 20:09:44,786 [grpc-default-executor-1] INFO  server.RaftServer (RaftServerProxy.java:addNew(96)) - d09c218f-b416-45d6-bb77-0144cdedc1ff: addNew group-AE8453F49D0B:[e77b5d09-e15c-47d2-9906-1148d6692daf|rpc:10.1.0.27:40203|dataStream:10.1.0.27:33269|priority:0|startupRole:FOLLOWER, d09c218f-b416-45d6-bb77-0144cdedc1ff|rpc:10.1.0.27:37119|dataStream:10.1.0.27:40365|priority:1|startupRole:FOLLOWER, 51369307-b0de-40aa-9d6f-41f84e1cecb7|rpc:10.1.0.27:44083|dataStream:10.1.0.27:33005|priority:0|startupRole:FOLLOWER] returns group-AE8453F49D0B:java.util.concurrent.CompletableFuture@4e99eefc[Not completed]
2023-01-09 20:09:44,789 [pool-267-thread-1] INFO  server.RaftServer$Division (RaftServerImpl.java:<init>(195)) - d09c218f-b416-45d6-bb77-0144cdedc1ff: new RaftServerImpl for group-AE8453F49D0B:[e77b5d09-e15c-47d2-9906-1148d6692daf|rpc:10.1.0.27:40203|dataStream:10.1.0.27:33269|priority:0|startupRole:FOLLOWER, d09c218f-b416-45d6-bb77-0144cdedc1ff|rpc:10.1.0.27:37119|dataStream:10.1.0.27:40365|priority:1|startupRole:FOLLOWER, 51369307-b0de-40aa-9d6f-41f84e1cecb7|rpc:10.1.0.27:44083|dataStream:10.1.0.27:33005|priority:0|startupRole:FOLLOWER] with ContainerStateMachine:uninitialized
2023-01-09 20:09:44,789 [pool-267-thread-1] INFO  server.RaftServerConfigKeys (ConfUtils.java:logGet(46)) - raft.server.rpc.timeout.min = 5s (custom)
2023-01-09 20:09:44,789 [pool-267-thread-1] INFO  server.RaftServerConfigKeys (ConfUtils.java:logGet(46)) - raft.server.rpc.timeout.max = 5200ms (custom)
2023-01-09 20:09:44,789 [pool-267-thread-1] INFO  server.RaftServerConfigKeys (ConfUtils.java:logGet(46)) - raft.server.rpc.sleep.time = 25ms (default)
2023-01-09 20:09:44,790 [pool-267-thread-1] INFO  server.RaftServerConfigKeys (ConfUtils.java:logGet(46)) - raft.server.rpc.slowness.timeout = 300s (custom)
2023-01-09 20:09:44,790 [pool-267-thread-1] INFO  server.RaftServerConfigKeys (ConfUtils.java:logGet(46)) - raft.server.leaderelection.leader.step-down.wait-time = 10s (default)
2023-01-09 20:09:44,790 [pool-267-thread-1] INFO  server.RaftServerConfigKeys (ConfUtils.java:logGet(46)) - raft.server.sleep.deviation.threshold = 300ms (default)
2023-01-09 20:09:44,790 [pool-267-thread-1] INFO  server.RaftServer$Division (ServerState.java:<init>(118)) - d09c218f-b416-45d6-bb77-0144cdedc1ff@group-AE8453F49D0B: ConfigurationManager, init=-1: peers:[e77b5d09-e15c-47d2-9906-1148d6692daf|rpc:10.1.0.27:40203|dataStream:10.1.0.27:33269|priority:0|startupRole:FOLLOWER, d09c218f-b416-45d6-bb77-0144cdedc1ff|rpc:10.1.0.27:37119|dataStream:10.1.0.27:40365|priority:1|startupRole:FOLLOWER, 51369307-b0de-40aa-9d6f-41f84e1cecb7|rpc:10.1.0.27:44083|dataStream:10.1.0.27:33005|priority:0|startupRole:FOLLOWER]|listeners:[], old=null, confs=<EMPTY_MAP>
2023-01-09 20:09:44,791 [pool-267-thread-1] INFO  server.RaftServerConfigKeys (ConfUtils.java:logGet(46)) - raft.server.storage.dir = [/home/runner/work/ozone/ozone/hadoop-ozone/integration-test/target/test-dir/MiniOzoneClusterImpl-dc953f1b-8f43-4e25-a114-36b3b0290d25/datanode-8/data/ratis] (custom)
2023-01-09 20:09:44,791 [pool-267-thread-1] INFO  server.RaftServerConfigKeys (ConfUtils.java:logGet(46)) - raft.server.log.corruption.policy = EXCEPTION (default)
2023-01-09 20:09:44,791 [pool-267-thread-1] INFO  server.RaftServerConfigKeys (ConfUtils.java:logGet(46)) - raft.server.storage.free-space.min = 0MB (=0) (default)
2023-01-09 20:09:44,792 [pool-267-thread-1] INFO  server.RaftServerConfigKeys (ConfUtils.java:logGet(46)) - raft.server.notification.no-leader.timeout = 300s (custom)
2023-01-09 20:09:44,792 [pool-267-thread-1] INFO  server.RaftServerConfigKeys (ConfUtils.java:logGet(46)) - raft.server.retrycache.expirytime = 600000ms (custom)
2023-01-09 20:09:44,792 [pool-267-thread-1] INFO  server.RaftServerConfigKeys (ConfUtils.java:logGet(46)) - raft.server.retrycache.statistics.expirytime = 100μs (default)
2023-01-09 20:09:44,797 [pool-267-thread-1] INFO  server.RaftServerConfigKeys (ConfUtils.java:logGet(46)) - raft.server.log.appender.install.snapshot.enabled = false (custom)
2023-01-09 20:09:44,798 [pool-267-thread-1] INFO  server.RaftServerConfigKeys (ConfUtils.java:logGet(46)) - raft.server.threadpool.server.cached = true (default)
2023-01-09 20:09:44,798 [pool-267-thread-1] INFO  server.RaftServerConfigKeys (ConfUtils.java:logGet(46)) - raft.server.threadpool.server.size = 0 (default)
2023-01-09 20:09:44,798 [pool-267-thread-1] INFO  server.RaftServerConfigKeys (ConfUtils.java:logGet(46)) - raft.server.threadpool.client.cached = true (default)
2023-01-09 20:09:44,798 [pool-267-thread-1] INFO  server.RaftServerConfigKeys (ConfUtils.java:logGet(46)) - raft.server.threadpool.client.size = 0 (default)
2023-01-09 20:09:44,798 [pool-267-thread-1] INFO  storage.RaftStorageDirectory (RaftStorageDirectoryImpl.java:analyzeStorage(137)) - The storage directory /home/runner/work/ozone/ozone/hadoop-ozone/integration-test/target/test-dir/MiniOzoneClusterImpl-dc953f1b-8f43-4e25-a114-36b3b0290d25/datanode-8/data/ratis/506c1c73-3a8c-4a82-8cbb-ae8453f49d0b does not exist. Creating ...
2023-01-09 20:09:44,801 [pool-267-thread-1] INFO  storage.RaftStorageDirectory (RaftStorageDirectoryImpl.java:tryLock(231)) - Lock on /home/runner/work/ozone/ozone/hadoop-ozone/integration-test/target/test-dir/MiniOzoneClusterImpl-dc953f1b-8f43-4e25-a114-36b3b0290d25/datanode-8/data/ratis/506c1c73-3a8c-4a82-8cbb-ae8453f49d0b/in_use.lock acquired by nodename 50886@fv-az457-50
2023-01-09 20:09:44,803 [pool-267-thread-1] INFO  storage.RaftStorage (RaftStorageImpl.java:format(96)) - Storage directory /home/runner/work/ozone/ozone/hadoop-ozone/integration-test/target/test-dir/MiniOzoneClusterImpl-dc953f1b-8f43-4e25-a114-36b3b0290d25/datanode-8/data/ratis/506c1c73-3a8c-4a82-8cbb-ae8453f49d0b has been successfully formatted.
2023-01-09 20:09:44,808 [pool-267-thread-1] INFO  ratis.ContainerStateMachine (ContainerStateMachine.java:loadSnapshot(240)) - group-AE8453F49D0B: The snapshot info is null. Setting the last applied indexto:(t:0, i:~)
2023-01-09 20:09:44,808 [pool-267-thread-1] INFO  server.RaftServerConfigKeys (ConfUtils.java:logGet(46)) - raft.server.log.use.memory = false (default)
2023-01-09 20:09:44,808 [pool-267-thread-1] INFO  server.RaftServerConfigKeys (ConfUtils.java:logGet(46)) - raft.server.log.purge.gap = 1000000 (custom)
2023-01-09 20:09:44,808 [pool-267-thread-1] INFO  server.RaftServerConfigKeys (ConfUtils.java:logGet(46)) - raft.server.log.appender.buffer.byte-limit = 33554432 (custom)
2023-01-09 20:09:44,808 [pool-267-thread-1] INFO  server.RaftServerConfigKeys (ConfUtils.java:logGet(46)) - raft.server.log.statemachine.data.read.timeout = 1000ms (default)
2023-01-09 20:09:44,808 [pool-267-thread-1] INFO  server.RaftServerConfigKeys (ConfUtils.java:logGet(46)) - raft.server.log.purge.preservation.log.num = 0 (default)
2023-01-09 20:09:44,809 [pool-267-thread-1] INFO  server.RaftServerConfigKeys (ConfUtils.java:logGet(46)) - raft.server.log.segment.size.max = 1048576 (custom)
2023-01-09 20:09:44,810 [pool-267-thread-1] INFO  server.RaftServerConfigKeys (ConfUtils.java:logGet(46)) - raft.server.log.segment.cache.num.max = 2 (custom)
2023-01-09 20:09:44,810 [pool-267-thread-1] INFO  server.RaftServerConfigKeys (ConfUtils.java:logGet(46)) - raft.server.log.segment.cache.size.max = 200MB (=209715200) (default)
2023-01-09 20:09:44,810 [pool-267-thread-1] INFO  segmented.SegmentedRaftLogWorker (SegmentedRaftLogWorker.java:<init>(189)) - new d09c218f-b416-45d6-bb77-0144cdedc1ff@group-AE8453F49D0B-SegmentedRaftLogWorker for RaftStorageImpl:Storage Directory /home/runner/work/ozone/ozone/hadoop-ozone/integration-test/target/test-dir/MiniOzoneClusterImpl-dc953f1b-8f43-4e25-a114-36b3b0290d25/datanode-8/data/ratis/506c1c73-3a8c-4a82-8cbb-ae8453f49d0b
2023-01-09 20:09:44,810 [pool-267-thread-1] INFO  server.RaftServerConfigKeys (ConfUtils.java:logGet(46)) - raft.server.log.queue.byte-limit = 4294967296 (custom)
2023-01-09 20:09:44,810 [pool-267-thread-1] INFO  server.RaftServerConfigKeys (ConfUtils.java:logGet(46)) - raft.server.log.queue.element-limit = 1024 (custom)
2023-01-09 20:09:44,810 [pool-267-thread-1] INFO  server.RaftServerConfigKeys (ConfUtils.java:logGet(46)) - raft.server.log.segment.size.max = 1048576 (custom)
2023-01-09 20:09:44,811 [pool-267-thread-1] INFO  server.RaftServerConfigKeys (ConfUtils.java:logGet(46)) - raft.server.log.preallocated.size = 16384 (custom)
2023-01-09 20:09:44,811 [pool-267-thread-1] INFO  server.RaftServerConfigKeys (ConfUtils.java:logGet(46)) - raft.server.log.force.sync.num = 128 (default)
2023-01-09 20:09:44,811 [pool-267-thread-1] INFO  server.RaftServerConfigKeys (ConfUtils.java:logGet(46)) - raft.server.log.statemachine.data.sync = true (default)
2023-01-09 20:09:44,811 [pool-267-thread-1] INFO  server.RaftServerConfigKeys (ConfUtils.java:logGet(46)) - raft.server.log.statemachine.data.sync.timeout = 10s (default)
2023-01-09 20:09:44,811 [pool-267-thread-1] INFO  server.RaftServerConfigKeys (ConfUtils.java:logGet(46)) - raft.server.log.statemachine.data.sync.timeout.retry = -1 (default)
2023-01-09 20:09:44,813 [pool-267-thread-1] INFO  server.RaftServerConfigKeys (ConfUtils.java:logGet(46)) - raft.server.log.write.buffer.size = 1048576 (custom)
2023-01-09 20:09:44,814 [pool-267-thread-1] INFO  server.RaftServerConfigKeys (ConfUtils.java:logGet(46)) - raft.server.log.appender.buffer.byte-limit = 33554432 (custom)
2023-01-09 20:09:44,819 [pool-267-thread-1] INFO  server.RaftServerConfigKeys (ConfUtils.java:logGet(46)) - raft.server.log.unsafe-flush.enabled = false (default)
2023-01-09 20:09:44,819 [pool-267-thread-1] INFO  server.RaftServerConfigKeys (ConfUtils.java:logGet(46)) - raft.server.log.async-flush.enabled = false (default)
2023-01-09 20:09:44,820 [pool-267-thread-1] INFO  server.RaftServerConfigKeys (ConfUtils.java:logGet(46)) - raft.server.log.statemachine.data.caching.enabled = true (custom)
2023-01-09 20:09:44,820 [pool-267-thread-1] INFO  segmented.SegmentedRaftLogWorker (SegmentedRaftLogWorker.java:lambda$new$0(135)) - d09c218f-b416-45d6-bb77-0144cdedc1ff@group-AE8453F49D0B-SegmentedRaftLogWorker: flushIndex: setUnconditionally 0 -> -1
2023-01-09 20:09:44,820 [pool-267-thread-1] INFO  segmented.SegmentedRaftLogWorker (SegmentedRaftLogWorker.java:lambda$new$0(135)) - d09c218f-b416-45d6-bb77-0144cdedc1ff@group-AE8453F49D0B-SegmentedRaftLogWorker: safeCacheEvictIndex: setUnconditionally 0 -> -1
2023-01-09 20:09:44,821 [pool-267-thread-1] INFO  server.RaftServer$Division (RaftServerImpl.java:start(334)) - d09c218f-b416-45d6-bb77-0144cdedc1ff@group-AE8453F49D0B: start as a follower, conf=-1: peers:[e77b5d09-e15c-47d2-9906-1148d6692daf|rpc:10.1.0.27:40203|dataStream:10.1.0.27:33269|priority:0|startupRole:FOLLOWER, d09c218f-b416-45d6-bb77-0144cdedc1ff|rpc:10.1.0.27:37119|dataStream:10.1.0.27:40365|priority:1|startupRole:FOLLOWER, 51369307-b0de-40aa-9d6f-41f84e1cecb7|rpc:10.1.0.27:44083|dataStream:10.1.0.27:33005|priority:0|startupRole:FOLLOWER]|listeners:[], old=null
2023-01-09 20:09:44,821 [pool-267-thread-1] INFO  server.RaftServer$Division (RaftServerImpl.java:setRole(321)) - d09c218f-b416-45d6-bb77-0144cdedc1ff@group-AE8453F49D0B: changes role from      null to FOLLOWER at term 0 for startAsFollower
2023-01-09 20:09:44,821 [pool-267-thread-1] INFO  impl.RoleInfo (RoleInfo.java:updateAndGet(139)) - d09c218f-b416-45d6-bb77-0144cdedc1ff: start d09c218f-b416-45d6-bb77-0144cdedc1ff@group-AE8453F49D0B-FollowerState
2023-01-09 20:09:44,823 [pool-267-thread-1] INFO  util.JmxRegister (JmxRegister.java:tryRegister(44)) - Successfully registered JMX Bean with object name Ratis:service=RaftServer,group=group-AE8453F49D0B,id=d09c218f-b416-45d6-bb77-0144cdedc1ff
2023-01-09 20:09:44,823 [pool-267-thread-1] INFO  server.RaftServerConfigKeys (ConfUtils.java:logGet(46)) - raft.server.snapshot.auto.trigger.enabled = true (custom)
2023-01-09 20:09:44,823 [pool-267-thread-1] INFO  server.RaftServerConfigKeys (ConfUtils.java:logGet(46)) - raft.server.snapshot.auto.trigger.threshold = 10000 (custom)
2023-01-09 20:09:44,823 [pool-267-thread-1] INFO  server.RaftServerConfigKeys (ConfUtils.java:logGet(46)) - raft.server.snapshot.retention.file.num = 5 (custom)
2023-01-09 20:09:44,823 [pool-267-thread-1] INFO  server.RaftServerConfigKeys (ConfUtils.java:logGet(46)) - raft.server.log.purge.upto.snapshot.index = false (default)
2023-01-09 20:09:44,824 [d09c218f-b416-45d6-bb77-0144cdedc1ff@group-AE8453F49D0B-FollowerState] INFO  server.RaftServerConfigKeys (ConfUtils.java:logFallback(53)) - raft.server.rpc.first-election.timeout.min = 5s (fallback to raft.server.rpc.timeout.min)
2023-01-09 20:09:44,824 [d09c218f-b416-45d6-bb77-0144cdedc1ff@group-AE8453F49D0B-FollowerState] INFO  server.RaftServerConfigKeys (ConfUtils.java:logFallback(53)) - raft.server.rpc.first-election.timeout.max = 5200ms (fallback to raft.server.rpc.timeout.max)
2023-01-09 20:09:44,850 [grpc-default-executor-1] INFO  server.RaftServer (RaftServerProxy.java:addNew(96)) - e77b5d09-e15c-47d2-9906-1148d6692daf: addNew group-AE8453F49D0B:[e77b5d09-e15c-47d2-9906-1148d6692daf|rpc:10.1.0.27:40203|dataStream:10.1.0.27:33269|priority:0|startupRole:FOLLOWER, d09c218f-b416-45d6-bb77-0144cdedc1ff|rpc:10.1.0.27:37119|dataStream:10.1.0.27:40365|priority:1|startupRole:FOLLOWER, 51369307-b0de-40aa-9d6f-41f84e1cecb7|rpc:10.1.0.27:44083|dataStream:10.1.0.27:33005|priority:0|startupRole:FOLLOWER] returns group-AE8453F49D0B:java.util.concurrent.CompletableFuture@52464677[Not completed]
2023-01-09 20:09:44,852 [pool-240-thread-1] INFO  server.RaftServer$Division (RaftServerImpl.java:<init>(195)) - e77b5d09-e15c-47d2-9906-1148d6692daf: new RaftServerImpl for group-AE8453F49D0B:[e77b5d09-e15c-47d2-9906-1148d6692daf|rpc:10.1.0.27:40203|dataStream:10.1.0.27:33269|priority:0|startupRole:FOLLOWER, d09c218f-b416-45d6-bb77-0144cdedc1ff|rpc:10.1.0.27:37119|dataStream:10.1.0.27:40365|priority:1|startupRole:FOLLOWER, 51369307-b0de-40aa-9d6f-41f84e1cecb7|rpc:10.1.0.27:44083|dataStream:10.1.0.27:33005|priority:0|startupRole:FOLLOWER] with ContainerStateMachine:uninitialized
2023-01-09 20:09:44,852 [pool-240-thread-1] INFO  server.RaftServerConfigKeys (ConfUtils.java:logGet(46)) - raft.server.rpc.timeout.min = 5s (custom)
2023-01-09 20:09:44,852 [pool-240-thread-1] INFO  server.RaftServerConfigKeys (ConfUtils.java:logGet(46)) - raft.server.rpc.timeout.max = 5200ms (custom)
2023-01-09 20:09:44,852 [pool-240-thread-1] INFO  server.RaftServerConfigKeys (ConfUtils.java:logGet(46)) - raft.server.rpc.sleep.time = 25ms (default)
2023-01-09 20:09:44,852 [pool-240-thread-1] INFO  server.RaftServerConfigKeys (ConfUtils.java:logGet(46)) - raft.server.rpc.slowness.timeout = 300s (custom)
2023-01-09 20:09:44,852 [pool-240-thread-1] INFO  server.RaftServerConfigKeys (ConfUtils.java:logGet(46)) - raft.server.leaderelection.leader.step-down.wait-time = 10s (default)
2023-01-09 20:09:44,852 [pool-240-thread-1] INFO  server.RaftServerConfigKeys (ConfUtils.java:logGet(46)) - raft.server.sleep.deviation.threshold = 300ms (default)
2023-01-09 20:09:44,852 [pool-240-thread-1] INFO  server.RaftServer$Division (ServerState.java:<init>(118)) - e77b5d09-e15c-47d2-9906-1148d6692daf@group-AE8453F49D0B: ConfigurationManager, init=-1: peers:[e77b5d09-e15c-47d2-9906-1148d6692daf|rpc:10.1.0.27:40203|dataStream:10.1.0.27:33269|priority:0|startupRole:FOLLOWER, d09c218f-b416-45d6-bb77-0144cdedc1ff|rpc:10.1.0.27:37119|dataStream:10.1.0.27:40365|priority:1|startupRole:FOLLOWER, 51369307-b0de-40aa-9d6f-41f84e1cecb7|rpc:10.1.0.27:44083|dataStream:10.1.0.27:33005|priority:0|startupRole:FOLLOWER]|listeners:[], old=null, confs=<EMPTY_MAP>
2023-01-09 20:09:44,852 [pool-240-thread-1] INFO  server.RaftServerConfigKeys (ConfUtils.java:logGet(46)) - raft.server.storage.dir = [/home/runner/work/ozone/ozone/hadoop-ozone/integration-test/target/test-dir/MiniOzoneClusterImpl-dc953f1b-8f43-4e25-a114-36b3b0290d25/datanode-7/data/ratis] (custom)
2023-01-09 20:09:44,853 [pool-240-thread-1] INFO  server.RaftServerConfigKeys (ConfUtils.java:logGet(46)) - raft.server.log.corruption.policy = EXCEPTION (default)
2023-01-09 20:09:44,853 [pool-240-thread-1] INFO  server.RaftServerConfigKeys (ConfUtils.java:logGet(46)) - raft.server.storage.free-space.min = 0MB (=0) (default)
2023-01-09 20:09:44,853 [pool-240-thread-1] INFO  server.RaftServerConfigKeys (ConfUtils.java:logGet(46)) - raft.server.notification.no-leader.timeout = 300s (custom)
2023-01-09 20:09:44,853 [pool-240-thread-1] INFO  server.RaftServerConfigKeys (ConfUtils.java:logGet(46)) - raft.server.retrycache.expirytime = 600000ms (custom)
2023-01-09 20:09:44,853 [pool-240-thread-1] INFO  server.RaftServerConfigKeys (ConfUtils.java:logGet(46)) - raft.server.retrycache.statistics.expirytime = 100μs (default)
2023-01-09 20:09:44,856 [pool-240-thread-1] INFO  server.RaftServerConfigKeys (ConfUtils.java:logGet(46)) - raft.server.log.appender.install.snapshot.enabled = false (custom)
2023-01-09 20:09:44,856 [pool-240-thread-1] INFO  server.RaftServerConfigKeys (ConfUtils.java:logGet(46)) - raft.server.threadpool.server.cached = true (default)
2023-01-09 20:09:44,856 [pool-240-thread-1] INFO  server.RaftServerConfigKeys (ConfUtils.java:logGet(46)) - raft.server.threadpool.server.size = 0 (default)
2023-01-09 20:09:44,856 [pool-240-thread-1] INFO  server.RaftServerConfigKeys (ConfUtils.java:logGet(46)) - raft.server.threadpool.client.cached = true (default)
2023-01-09 20:09:44,856 [pool-240-thread-1] INFO  server.RaftServerConfigKeys (ConfUtils.java:logGet(46)) - raft.server.threadpool.client.size = 0 (default)
2023-01-09 20:09:44,856 [pool-240-thread-1] INFO  storage.RaftStorageDirectory (RaftStorageDirectoryImpl.java:analyzeStorage(137)) - The storage directory /home/runner/work/ozone/ozone/hadoop-ozone/integration-test/target/test-dir/MiniOzoneClusterImpl-dc953f1b-8f43-4e25-a114-36b3b0290d25/datanode-7/data/ratis/506c1c73-3a8c-4a82-8cbb-ae8453f49d0b does not exist. Creating ...
2023-01-09 20:09:44,858 [pool-240-thread-1] INFO  storage.RaftStorageDirectory (RaftStorageDirectoryImpl.java:tryLock(231)) - Lock on /home/runner/work/ozone/ozone/hadoop-ozone/integration-test/target/test-dir/MiniOzoneClusterImpl-dc953f1b-8f43-4e25-a114-36b3b0290d25/datanode-7/data/ratis/506c1c73-3a8c-4a82-8cbb-ae8453f49d0b/in_use.lock acquired by nodename 50886@fv-az457-50
2023-01-09 20:09:44,861 [pool-240-thread-1] INFO  storage.RaftStorage (RaftStorageImpl.java:format(96)) - Storage directory /home/runner/work/ozone/ozone/hadoop-ozone/integration-test/target/test-dir/MiniOzoneClusterImpl-dc953f1b-8f43-4e25-a114-36b3b0290d25/datanode-7/data/ratis/506c1c73-3a8c-4a82-8cbb-ae8453f49d0b has been successfully formatted.
2023-01-09 20:09:44,862 [pool-240-thread-1] INFO  ratis.ContainerStateMachine (ContainerStateMachine.java:loadSnapshot(240)) - group-AE8453F49D0B: The snapshot info is null. Setting the last applied indexto:(t:0, i:~)
2023-01-09 20:09:44,864 [pool-240-thread-1] INFO  server.RaftServerConfigKeys (ConfUtils.java:logGet(46)) - raft.server.log.use.memory = false (default)
2023-01-09 20:09:44,864 [pool-240-thread-1] INFO  server.RaftServerConfigKeys (ConfUtils.java:logGet(46)) - raft.server.log.purge.gap = 1000000 (custom)
2023-01-09 20:09:44,864 [pool-240-thread-1] INFO  server.RaftServerConfigKeys (ConfUtils.java:logGet(46)) - raft.server.log.appender.buffer.byte-limit = 33554432 (custom)
2023-01-09 20:09:44,864 [pool-240-thread-1] INFO  server.RaftServerConfigKeys (ConfUtils.java:logGet(46)) - raft.server.log.statemachine.data.read.timeout = 1000ms (default)
2023-01-09 20:09:44,864 [pool-240-thread-1] INFO  server.RaftServerConfigKeys (ConfUtils.java:logGet(46)) - raft.server.log.purge.preservation.log.num = 0 (default)
2023-01-09 20:09:44,864 [pool-240-thread-1] INFO  server.RaftServerConfigKeys (ConfUtils.java:logGet(46)) - raft.server.log.segment.size.max = 1048576 (custom)
2023-01-09 20:09:44,865 [pool-240-thread-1] INFO  server.RaftServerConfigKeys (ConfUtils.java:logGet(46)) - raft.server.log.segment.cache.num.max = 2 (custom)
2023-01-09 20:09:44,865 [pool-240-thread-1] INFO  server.RaftServerConfigKeys (ConfUtils.java:logGet(46)) - raft.server.log.segment.cache.size.max = 200MB (=209715200) (default)
2023-01-09 20:09:44,867 [pool-240-thread-1] INFO  segmented.SegmentedRaftLogWorker (SegmentedRaftLogWorker.java:<init>(189)) - new e77b5d09-e15c-47d2-9906-1148d6692daf@group-AE8453F49D0B-SegmentedRaftLogWorker for RaftStorageImpl:Storage Directory /home/runner/work/ozone/ozone/hadoop-ozone/integration-test/target/test-dir/MiniOzoneClusterImpl-dc953f1b-8f43-4e25-a114-36b3b0290d25/datanode-7/data/ratis/506c1c73-3a8c-4a82-8cbb-ae8453f49d0b
2023-01-09 20:09:44,867 [pool-240-thread-1] INFO  server.RaftServerConfigKeys (ConfUtils.java:logGet(46)) - raft.server.log.queue.byte-limit = 4294967296 (custom)
2023-01-09 20:09:44,867 [pool-240-thread-1] INFO  server.RaftServerConfigKeys (ConfUtils.java:logGet(46)) - raft.server.log.queue.element-limit = 1024 (custom)
2023-01-09 20:09:44,867 [pool-240-thread-1] INFO  server.RaftServerConfigKeys (ConfUtils.java:logGet(46)) - raft.server.log.segment.size.max = 1048576 (custom)
2023-01-09 20:09:44,867 [pool-240-thread-1] INFO  server.RaftServerConfigKeys (ConfUtils.java:logGet(46)) - raft.server.log.preallocated.size = 16384 (custom)
2023-01-09 20:09:44,867 [pool-240-thread-1] INFO  server.RaftServerConfigKeys (ConfUtils.java:logGet(46)) - raft.server.log.force.sync.num = 128 (default)
2023-01-09 20:09:44,867 [pool-240-thread-1] INFO  server.RaftServerConfigKeys (ConfUtils.java:logGet(46)) - raft.server.log.statemachine.data.sync = true (default)
2023-01-09 20:09:44,868 [pool-240-thread-1] INFO  server.RaftServerConfigKeys (ConfUtils.java:logGet(46)) - raft.server.log.statemachine.data.sync.timeout = 10s (default)
2023-01-09 20:09:44,868 [pool-240-thread-1] INFO  server.RaftServerConfigKeys (ConfUtils.java:logGet(46)) - raft.server.log.statemachine.data.sync.timeout.retry = -1 (default)
2023-01-09 20:09:44,869 [pool-240-thread-1] INFO  server.RaftServerConfigKeys (ConfUtils.java:logGet(46)) - raft.server.log.write.buffer.size = 1048576 (custom)
2023-01-09 20:09:44,870 [pool-240-thread-1] INFO  server.RaftServerConfigKeys (ConfUtils.java:logGet(46)) - raft.server.log.appender.buffer.byte-limit = 33554432 (custom)
2023-01-09 20:09:44,876 [pool-240-thread-1] INFO  server.RaftServerConfigKeys (ConfUtils.java:logGet(46)) - raft.server.log.unsafe-flush.enabled = false (default)
2023-01-09 20:09:44,877 [pool-240-thread-1] INFO  server.RaftServerConfigKeys (ConfUtils.java:logGet(46)) - raft.server.log.async-flush.enabled = false (default)
2023-01-09 20:09:44,877 [pool-240-thread-1] INFO  server.RaftServerConfigKeys (ConfUtils.java:logGet(46)) - raft.server.log.statemachine.data.caching.enabled = true (custom)
2023-01-09 20:09:44,878 [pool-240-thread-1] INFO  segmented.SegmentedRaftLogWorker (SegmentedRaftLogWorker.java:lambda$new$0(135)) - e77b5d09-e15c-47d2-9906-1148d6692daf@group-AE8453F49D0B-SegmentedRaftLogWorker: flushIndex: setUnconditionally 0 -> -1
2023-01-09 20:09:44,878 [pool-240-thread-1] INFO  segmented.SegmentedRaftLogWorker (SegmentedRaftLogWorker.java:lambda$new$0(135)) - e77b5d09-e15c-47d2-9906-1148d6692daf@group-AE8453F49D0B-SegmentedRaftLogWorker: safeCacheEvictIndex: setUnconditionally 0 -> -1
2023-01-09 20:09:44,882 [pool-240-thread-1] INFO  server.RaftServer$Division (RaftServerImpl.java:start(334)) - e77b5d09-e15c-47d2-9906-1148d6692daf@group-AE8453F49D0B: start as a follower, conf=-1: peers:[e77b5d09-e15c-47d2-9906-1148d6692daf|rpc:10.1.0.27:40203|dataStream:10.1.0.27:33269|priority:0|startupRole:FOLLOWER, d09c218f-b416-45d6-bb77-0144cdedc1ff|rpc:10.1.0.27:37119|dataStream:10.1.0.27:40365|priority:1|startupRole:FOLLOWER, 51369307-b0de-40aa-9d6f-41f84e1cecb7|rpc:10.1.0.27:44083|dataStream:10.1.0.27:33005|priority:0|startupRole:FOLLOWER]|listeners:[], old=null
2023-01-09 20:09:44,883 [pool-240-thread-1] INFO  server.RaftServer$Division (RaftServerImpl.java:setRole(321)) - e77b5d09-e15c-47d2-9906-1148d6692daf@group-AE8453F49D0B: changes role from      null to FOLLOWER at term 0 for startAsFollower
2023-01-09 20:09:44,883 [pool-240-thread-1] INFO  impl.RoleInfo (RoleInfo.java:updateAndGet(139)) - e77b5d09-e15c-47d2-9906-1148d6692daf: start e77b5d09-e15c-47d2-9906-1148d6692daf@group-AE8453F49D0B-FollowerState
2023-01-09 20:09:44,884 [pool-240-thread-1] INFO  util.JmxRegister (JmxRegister.java:tryRegister(44)) - Successfully registered JMX Bean with object name Ratis:service=RaftServer,group=group-AE8453F49D0B,id=e77b5d09-e15c-47d2-9906-1148d6692daf
2023-01-09 20:09:44,884 [pool-240-thread-1] INFO  server.RaftServerConfigKeys (ConfUtils.java:logGet(46)) - raft.server.snapshot.auto.trigger.enabled = true (custom)
2023-01-09 20:09:44,884 [pool-240-thread-1] INFO  server.RaftServerConfigKeys (ConfUtils.java:logGet(46)) - raft.server.snapshot.auto.trigger.threshold = 10000 (custom)
2023-01-09 20:09:44,884 [pool-240-thread-1] INFO  server.RaftServerConfigKeys (ConfUtils.java:logGet(46)) - raft.server.snapshot.retention.file.num = 5 (custom)
2023-01-09 20:09:44,884 [pool-240-thread-1] INFO  server.RaftServerConfigKeys (ConfUtils.java:logGet(46)) - raft.server.log.purge.upto.snapshot.index = false (default)
2023-01-09 20:09:44,885 [e77b5d09-e15c-47d2-9906-1148d6692daf@group-AE8453F49D0B-FollowerState] INFO  server.RaftServerConfigKeys (ConfUtils.java:logFallback(53)) - raft.server.rpc.first-election.timeout.min = 5s (fallback to raft.server.rpc.timeout.min)
2023-01-09 20:09:44,885 [e77b5d09-e15c-47d2-9906-1148d6692daf@group-AE8453F49D0B-FollowerState] INFO  server.RaftServerConfigKeys (ConfUtils.java:logFallback(53)) - raft.server.rpc.first-election.timeout.max = 5200ms (fallback to raft.server.rpc.timeout.max)
2023-01-09 20:09:44,908 [Command processor thread] INFO  commandhandler.CreatePipelineCommandHandler (CreatePipelineCommandHandler.java:handle(113)) - Created Pipeline RATIS THREE PipelineID=506c1c73-3a8c-4a82-8cbb-ae8453f49d0b.
2023-01-09 20:09:44,908 [Command processor thread] INFO  server.RaftServer (RaftServerProxy.java:addNew(96)) - 51369307-b0de-40aa-9d6f-41f84e1cecb7: addNew group-C5ECEF351ECF:[e77b5d09-e15c-47d2-9906-1148d6692daf|rpc:10.1.0.27:40203|dataStream:10.1.0.27:33269|priority:1|startupRole:FOLLOWER, d09c218f-b416-45d6-bb77-0144cdedc1ff|rpc:10.1.0.27:37119|dataStream:10.1.0.27:40365|priority:0|startupRole:FOLLOWER, 51369307-b0de-40aa-9d6f-41f84e1cecb7|rpc:10.1.0.27:44083|dataStream:10.1.0.27:33005|priority:0|startupRole:FOLLOWER] returns group-C5ECEF351ECF:java.util.concurrent.CompletableFuture@30f1ca57[Not completed]
2023-01-09 20:09:44,909 [pool-213-thread-1] INFO  server.RaftServer$Division (RaftServerImpl.java:<init>(195)) - 51369307-b0de-40aa-9d6f-41f84e1cecb7: new RaftServerImpl for group-C5ECEF351ECF:[e77b5d09-e15c-47d2-9906-1148d6692daf|rpc:10.1.0.27:40203|dataStream:10.1.0.27:33269|priority:1|startupRole:FOLLOWER, d09c218f-b416-45d6-bb77-0144cdedc1ff|rpc:10.1.0.27:37119|dataStream:10.1.0.27:40365|priority:0|startupRole:FOLLOWER, 51369307-b0de-40aa-9d6f-41f84e1cecb7|rpc:10.1.0.27:44083|dataStream:10.1.0.27:33005|priority:0|startupRole:FOLLOWER] with ContainerStateMachine:uninitialized
2023-01-09 20:09:44,909 [pool-213-thread-1] INFO  server.RaftServerConfigKeys (ConfUtils.java:logGet(46)) - raft.server.rpc.timeout.min = 5s (custom)
2023-01-09 20:09:44,910 [pool-213-thread-1] INFO  server.RaftServerConfigKeys (ConfUtils.java:logGet(46)) - raft.server.rpc.timeout.max = 5200ms (custom)
2023-01-09 20:09:44,910 [pool-213-thread-1] INFO  server.RaftServerConfigKeys (ConfUtils.java:logGet(46)) - raft.server.rpc.sleep.time = 25ms (default)
2023-01-09 20:09:44,910 [pool-213-thread-1] INFO  server.RaftServerConfigKeys (ConfUtils.java:logGet(46)) - raft.server.rpc.slowness.timeout = 300s (custom)
2023-01-09 20:09:44,910 [pool-213-thread-1] INFO  server.RaftServerConfigKeys (ConfUtils.java:logGet(46)) - raft.server.leaderelection.leader.step-down.wait-time = 10s (default)
2023-01-09 20:09:44,910 [pool-213-thread-1] INFO  server.RaftServerConfigKeys (ConfUtils.java:logGet(46)) - raft.server.sleep.deviation.threshold = 300ms (default)
2023-01-09 20:09:44,910 [pool-213-thread-1] INFO  server.RaftServer$Division (ServerState.java:<init>(118)) - 51369307-b0de-40aa-9d6f-41f84e1cecb7@group-C5ECEF351ECF: ConfigurationManager, init=-1: peers:[e77b5d09-e15c-47d2-9906-1148d6692daf|rpc:10.1.0.27:40203|dataStream:10.1.0.27:33269|priority:1|startupRole:FOLLOWER, d09c218f-b416-45d6-bb77-0144cdedc1ff|rpc:10.1.0.27:37119|dataStream:10.1.0.27:40365|priority:0|startupRole:FOLLOWER, 51369307-b0de-40aa-9d6f-41f84e1cecb7|rpc:10.1.0.27:44083|dataStream:10.1.0.27:33005|priority:0|startupRole:FOLLOWER]|listeners:[], old=null, confs=<EMPTY_MAP>
2023-01-09 20:09:44,910 [pool-213-thread-1] INFO  server.RaftServerConfigKeys (ConfUtils.java:logGet(46)) - raft.server.storage.dir = [/home/runner/work/ozone/ozone/hadoop-ozone/integration-test/target/test-dir/MiniOzoneClusterImpl-dc953f1b-8f43-4e25-a114-36b3b0290d25/datanode-6/data/ratis] (custom)
2023-01-09 20:09:44,910 [pool-213-thread-1] INFO  server.RaftServerConfigKeys (ConfUtils.java:logGet(46)) - raft.server.log.corruption.policy = EXCEPTION (default)
2023-01-09 20:09:44,910 [pool-213-thread-1] INFO  server.RaftServerConfigKeys (ConfUtils.java:logGet(46)) - raft.server.storage.free-space.min = 0MB (=0) (default)
2023-01-09 20:09:44,911 [pool-213-thread-1] INFO  server.RaftServerConfigKeys (ConfUtils.java:logGet(46)) - raft.server.notification.no-leader.timeout = 300s (custom)
2023-01-09 20:09:44,911 [pool-213-thread-1] INFO  server.RaftServerConfigKeys (ConfUtils.java:logGet(46)) - raft.server.retrycache.expirytime = 600000ms (custom)
2023-01-09 20:09:44,911 [pool-213-thread-1] INFO  server.RaftServerConfigKeys (ConfUtils.java:logGet(46)) - raft.server.retrycache.statistics.expirytime = 100μs (default)
2023-01-09 20:09:44,912 [pool-213-thread-1] INFO  server.RaftServerConfigKeys (ConfUtils.java:logGet(46)) - raft.server.log.appender.install.snapshot.enabled = false (custom)
2023-01-09 20:09:44,912 [pool-213-thread-1] INFO  server.RaftServerConfigKeys (ConfUtils.java:logGet(46)) - raft.server.threadpool.server.cached = true (default)
2023-01-09 20:09:44,912 [pool-213-thread-1] INFO  server.RaftServerConfigKeys (ConfUtils.java:logGet(46)) - raft.server.threadpool.server.size = 0 (default)
2023-01-09 20:09:44,913 [pool-213-thread-1] INFO  server.RaftServerConfigKeys (ConfUtils.java:logGet(46)) - raft.server.threadpool.client.cached = true (default)
2023-01-09 20:09:44,913 [pool-213-thread-1] INFO  server.RaftServerConfigKeys (ConfUtils.java:logGet(46)) - raft.server.threadpool.client.size = 0 (default)
2023-01-09 20:09:44,913 [pool-213-thread-1] INFO  storage.RaftStorageDirectory (RaftStorageDirectoryImpl.java:analyzeStorage(137)) - The storage directory /home/runner/work/ozone/ozone/hadoop-ozone/integration-test/target/test-dir/MiniOzoneClusterImpl-dc953f1b-8f43-4e25-a114-36b3b0290d25/datanode-6/data/ratis/57c30939-7b68-452e-8f77-c5ecef351ecf does not exist. Creating ...
2023-01-09 20:09:44,914 [pool-213-thread-1] INFO  storage.RaftStorageDirectory (RaftStorageDirectoryImpl.java:tryLock(231)) - Lock on /home/runner/work/ozone/ozone/hadoop-ozone/integration-test/target/test-dir/MiniOzoneClusterImpl-dc953f1b-8f43-4e25-a114-36b3b0290d25/datanode-6/data/ratis/57c30939-7b68-452e-8f77-c5ecef351ecf/in_use.lock acquired by nodename 50886@fv-az457-50
2023-01-09 20:09:44,916 [pool-213-thread-1] INFO  storage.RaftStorage (RaftStorageImpl.java:format(96)) - Storage directory /home/runner/work/ozone/ozone/hadoop-ozone/integration-test/target/test-dir/MiniOzoneClusterImpl-dc953f1b-8f43-4e25-a114-36b3b0290d25/datanode-6/data/ratis/57c30939-7b68-452e-8f77-c5ecef351ecf has been successfully formatted.
2023-01-09 20:09:44,916 [pool-213-thread-1] INFO  ratis.ContainerStateMachine (ContainerStateMachine.java:loadSnapshot(240)) - group-C5ECEF351ECF: The snapshot info is null. Setting the last applied indexto:(t:0, i:~)
2023-01-09 20:09:44,916 [pool-213-thread-1] INFO  server.RaftServerConfigKeys (ConfUtils.java:logGet(46)) - raft.server.log.use.memory = false (default)
2023-01-09 20:09:44,917 [pool-213-thread-1] INFO  server.RaftServerConfigKeys (ConfUtils.java:logGet(46)) - raft.server.log.purge.gap = 1000000 (custom)
2023-01-09 20:09:44,917 [pool-213-thread-1] INFO  server.RaftServerConfigKeys (ConfUtils.java:logGet(46)) - raft.server.log.appender.buffer.byte-limit = 33554432 (custom)
2023-01-09 20:09:44,917 [pool-213-thread-1] INFO  server.RaftServerConfigKeys (ConfUtils.java:logGet(46)) - raft.server.log.statemachine.data.read.timeout = 1000ms (default)
2023-01-09 20:09:44,917 [pool-213-thread-1] INFO  server.RaftServerConfigKeys (ConfUtils.java:logGet(46)) - raft.server.log.purge.preservation.log.num = 0 (default)
2023-01-09 20:09:44,917 [pool-213-thread-1] INFO  server.RaftServerConfigKeys (ConfUtils.java:logGet(46)) - raft.server.log.segment.size.max = 1048576 (custom)
2023-01-09 20:09:44,918 [EventQueue-OpenPipelineForHealthyPipelineSafeModeRule] INFO  safemode.SCMSafeModeManager (HealthyPipelineSafeModeRule.java:process(137)) - SCM in safe mode. Healthy pipelines reported count is 0, required healthy pipeline reported count is 1
2023-01-09 20:09:44,919 [pool-213-thread-1] INFO  server.RaftServerConfigKeys (ConfUtils.java:logGet(46)) - raft.server.log.segment.cache.num.max = 2 (custom)
2023-01-09 20:09:44,919 [pool-213-thread-1] INFO  server.RaftServerConfigKeys (ConfUtils.java:logGet(46)) - raft.server.log.segment.cache.size.max = 200MB (=209715200) (default)
2023-01-09 20:09:44,919 [pool-213-thread-1] INFO  segmented.SegmentedRaftLogWorker (SegmentedRaftLogWorker.java:<init>(189)) - new 51369307-b0de-40aa-9d6f-41f84e1cecb7@group-C5ECEF351ECF-SegmentedRaftLogWorker for RaftStorageImpl:Storage Directory /home/runner/work/ozone/ozone/hadoop-ozone/integration-test/target/test-dir/MiniOzoneClusterImpl-dc953f1b-8f43-4e25-a114-36b3b0290d25/datanode-6/data/ratis/57c30939-7b68-452e-8f77-c5ecef351ecf
2023-01-09 20:09:44,920 [pool-213-thread-1] INFO  server.RaftServerConfigKeys (ConfUtils.java:logGet(46)) - raft.server.log.queue.byte-limit = 4294967296 (custom)
2023-01-09 20:09:44,920 [pool-213-thread-1] INFO  server.RaftServerConfigKeys (ConfUtils.java:logGet(46)) - raft.server.log.queue.element-limit = 1024 (custom)
2023-01-09 20:09:44,920 [pool-213-thread-1] INFO  server.RaftServerConfigKeys (ConfUtils.java:logGet(46)) - raft.server.log.segment.size.max = 1048576 (custom)
2023-01-09 20:09:44,920 [pool-213-thread-1] INFO  server.RaftServerConfigKeys (ConfUtils.java:logGet(46)) - raft.server.log.preallocated.size = 16384 (custom)
2023-01-09 20:09:44,920 [pool-213-thread-1] INFO  server.RaftServerConfigKeys (ConfUtils.java:logGet(46)) - raft.server.log.force.sync.num = 128 (default)
2023-01-09 20:09:44,920 [pool-213-thread-1] INFO  server.RaftServerConfigKeys (ConfUtils.java:logGet(46)) - raft.server.log.statemachine.data.sync = true (default)
2023-01-09 20:09:44,920 [pool-213-thread-1] INFO  server.RaftServerConfigKeys (ConfUtils.java:logGet(46)) - raft.server.log.statemachine.data.sync.timeout = 10s (default)
2023-01-09 20:09:44,920 [pool-213-thread-1] INFO  server.RaftServerConfigKeys (ConfUtils.java:logGet(46)) - raft.server.log.statemachine.data.sync.timeout.retry = -1 (default)
2023-01-09 20:09:44,921 [pool-213-thread-1] INFO  server.RaftServerConfigKeys (ConfUtils.java:logGet(46)) - raft.server.log.write.buffer.size = 1048576 (custom)
2023-01-09 20:09:44,922 [pool-213-thread-1] INFO  server.RaftServerConfigKeys (ConfUtils.java:logGet(46)) - raft.server.log.appender.buffer.byte-limit = 33554432 (custom)
2023-01-09 20:09:44,928 [pool-213-thread-1] INFO  server.RaftServerConfigKeys (ConfUtils.java:logGet(46)) - raft.server.log.unsafe-flush.enabled = false (default)
2023-01-09 20:09:44,928 [pool-213-thread-1] INFO  server.RaftServerConfigKeys (ConfUtils.java:logGet(46)) - raft.server.log.async-flush.enabled = false (default)
2023-01-09 20:09:44,928 [pool-213-thread-1] INFO  server.RaftServerConfigKeys (ConfUtils.java:logGet(46)) - raft.server.log.statemachine.data.caching.enabled = true (custom)
2023-01-09 20:09:44,928 [pool-213-thread-1] INFO  segmented.SegmentedRaftLogWorker (SegmentedRaftLogWorker.java:lambda$new$0(135)) - 51369307-b0de-40aa-9d6f-41f84e1cecb7@group-C5ECEF351ECF-SegmentedRaftLogWorker: flushIndex: setUnconditionally 0 -> -1
2023-01-09 20:09:44,928 [pool-213-thread-1] INFO  segmented.SegmentedRaftLogWorker (SegmentedRaftLogWorker.java:lambda$new$0(135)) - 51369307-b0de-40aa-9d6f-41f84e1cecb7@group-C5ECEF351ECF-SegmentedRaftLogWorker: safeCacheEvictIndex: setUnconditionally 0 -> -1
2023-01-09 20:09:44,929 [pool-213-thread-1] INFO  server.RaftServer$Division (RaftServerImpl.java:start(334)) - 51369307-b0de-40aa-9d6f-41f84e1cecb7@group-C5ECEF351ECF: start as a follower, conf=-1: peers:[e77b5d09-e15c-47d2-9906-1148d6692daf|rpc:10.1.0.27:40203|dataStream:10.1.0.27:33269|priority:1|startupRole:FOLLOWER, d09c218f-b416-45d6-bb77-0144cdedc1ff|rpc:10.1.0.27:37119|dataStream:10.1.0.27:40365|priority:0|startupRole:FOLLOWER, 51369307-b0de-40aa-9d6f-41f84e1cecb7|rpc:10.1.0.27:44083|dataStream:10.1.0.27:33005|priority:0|startupRole:FOLLOWER]|listeners:[], old=null
2023-01-09 20:09:44,929 [pool-213-thread-1] INFO  server.RaftServer$Division (RaftServerImpl.java:setRole(321)) - 51369307-b0de-40aa-9d6f-41f84e1cecb7@group-C5ECEF351ECF: changes role from      null to FOLLOWER at term 0 for startAsFollower
2023-01-09 20:09:44,929 [pool-213-thread-1] INFO  impl.RoleInfo (RoleInfo.java:updateAndGet(139)) - 51369307-b0de-40aa-9d6f-41f84e1cecb7: start 51369307-b0de-40aa-9d6f-41f84e1cecb7@group-C5ECEF351ECF-FollowerState
2023-01-09 20:09:44,931 [pool-213-thread-1] INFO  util.JmxRegister (JmxRegister.java:tryRegister(44)) - Successfully registered JMX Bean with object name Ratis:service=RaftServer,group=group-C5ECEF351ECF,id=51369307-b0de-40aa-9d6f-41f84e1cecb7
2023-01-09 20:09:44,931 [pool-213-thread-1] INFO  server.RaftServerConfigKeys (ConfUtils.java:logGet(46)) - raft.server.snapshot.auto.trigger.enabled = true (custom)
2023-01-09 20:09:44,931 [pool-213-thread-1] INFO  server.RaftServerConfigKeys (ConfUtils.java:logGet(46)) - raft.server.snapshot.auto.trigger.threshold = 10000 (custom)
2023-01-09 20:09:44,931 [pool-213-thread-1] INFO  server.RaftServerConfigKeys (ConfUtils.java:logGet(46)) - raft.server.snapshot.retention.file.num = 5 (custom)
2023-01-09 20:09:44,931 [pool-213-thread-1] INFO  server.RaftServerConfigKeys (ConfUtils.java:logGet(46)) - raft.server.log.purge.upto.snapshot.index = false (default)
2023-01-09 20:09:44,933 [51369307-b0de-40aa-9d6f-41f84e1cecb7@group-C5ECEF351ECF-FollowerState] INFO  server.RaftServerConfigKeys (ConfUtils.java:logFallback(53)) - raft.server.rpc.first-election.timeout.min = 5s (fallback to raft.server.rpc.timeout.min)
2023-01-09 20:09:44,934 [51369307-b0de-40aa-9d6f-41f84e1cecb7@group-C5ECEF351ECF-FollowerState] INFO  server.RaftServerConfigKeys (ConfUtils.java:logFallback(53)) - raft.server.rpc.first-election.timeout.max = 5200ms (fallback to raft.server.rpc.timeout.max)
2023-01-09 20:09:44,934 [Command processor thread] INFO  ratis.XceiverServerRatis (XceiverServerRatis.java:addGroup(806)) - Created group PipelineID=57c30939-7b68-452e-8f77-c5ecef351ecf
2023-01-09 20:09:44,946 [grpc-default-executor-1] INFO  server.RaftServer (RaftServerProxy.java:addNew(96)) - e77b5d09-e15c-47d2-9906-1148d6692daf: addNew group-C5ECEF351ECF:[e77b5d09-e15c-47d2-9906-1148d6692daf|rpc:10.1.0.27:40203|dataStream:10.1.0.27:33269|priority:1|startupRole:FOLLOWER, d09c218f-b416-45d6-bb77-0144cdedc1ff|rpc:10.1.0.27:37119|dataStream:10.1.0.27:40365|priority:0|startupRole:FOLLOWER, 51369307-b0de-40aa-9d6f-41f84e1cecb7|rpc:10.1.0.27:44083|dataStream:10.1.0.27:33005|priority:0|startupRole:FOLLOWER] returns group-C5ECEF351ECF:java.util.concurrent.CompletableFuture@3181b475[Not completed]
2023-01-09 20:09:44,947 [pool-240-thread-1] INFO  server.RaftServer$Division (RaftServerImpl.java:<init>(195)) - e77b5d09-e15c-47d2-9906-1148d6692daf: new RaftServerImpl for group-C5ECEF351ECF:[e77b5d09-e15c-47d2-9906-1148d6692daf|rpc:10.1.0.27:40203|dataStream:10.1.0.27:33269|priority:1|startupRole:FOLLOWER, d09c218f-b416-45d6-bb77-0144cdedc1ff|rpc:10.1.0.27:37119|dataStream:10.1.0.27:40365|priority:0|startupRole:FOLLOWER, 51369307-b0de-40aa-9d6f-41f84e1cecb7|rpc:10.1.0.27:44083|dataStream:10.1.0.27:33005|priority:0|startupRole:FOLLOWER] with ContainerStateMachine:uninitialized
2023-01-09 20:09:44,947 [pool-240-thread-1] INFO  server.RaftServerConfigKeys (ConfUtils.java:logGet(46)) - raft.server.rpc.timeout.min = 5s (custom)
2023-01-09 20:09:44,947 [pool-240-thread-1] INFO  server.RaftServerConfigKeys (ConfUtils.java:logGet(46)) - raft.server.rpc.timeout.max = 5200ms (custom)
2023-01-09 20:09:44,947 [pool-240-thread-1] INFO  server.RaftServerConfigKeys (ConfUtils.java:logGet(46)) - raft.server.rpc.sleep.time = 25ms (default)
2023-01-09 20:09:44,947 [pool-240-thread-1] INFO  server.RaftServerConfigKeys (ConfUtils.java:logGet(46)) - raft.server.rpc.slowness.timeout = 300s (custom)
2023-01-09 20:09:44,947 [pool-240-thread-1] INFO  server.RaftServerConfigKeys (ConfUtils.java:logGet(46)) - raft.server.leaderelection.leader.step-down.wait-time = 10s (default)
2023-01-09 20:09:44,948 [pool-240-thread-1] INFO  server.RaftServerConfigKeys (ConfUtils.java:logGet(46)) - raft.server.sleep.deviation.threshold = 300ms (default)
2023-01-09 20:09:44,948 [pool-240-thread-1] INFO  server.RaftServer$Division (ServerState.java:<init>(118)) - e77b5d09-e15c-47d2-9906-1148d6692daf@group-C5ECEF351ECF: ConfigurationManager, init=-1: peers:[e77b5d09-e15c-47d2-9906-1148d6692daf|rpc:10.1.0.27:40203|dataStream:10.1.0.27:33269|priority:1|startupRole:FOLLOWER, d09c218f-b416-45d6-bb77-0144cdedc1ff|rpc:10.1.0.27:37119|dataStream:10.1.0.27:40365|priority:0|startupRole:FOLLOWER, 51369307-b0de-40aa-9d6f-41f84e1cecb7|rpc:10.1.0.27:44083|dataStream:10.1.0.27:33005|priority:0|startupRole:FOLLOWER]|listeners:[], old=null, confs=<EMPTY_MAP>
2023-01-09 20:09:44,948 [pool-240-thread-1] INFO  server.RaftServerConfigKeys (ConfUtils.java:logGet(46)) - raft.server.storage.dir = [/home/runner/work/ozone/ozone/hadoop-ozone/integration-test/target/test-dir/MiniOzoneClusterImpl-dc953f1b-8f43-4e25-a114-36b3b0290d25/datanode-7/data/ratis] (custom)
2023-01-09 20:09:44,948 [pool-240-thread-1] INFO  server.RaftServerConfigKeys (ConfUtils.java:logGet(46)) - raft.server.log.corruption.policy = EXCEPTION (default)
2023-01-09 20:09:44,948 [pool-240-thread-1] INFO  server.RaftServerConfigKeys (ConfUtils.java:logGet(46)) - raft.server.storage.free-space.min = 0MB (=0) (default)
2023-01-09 20:09:44,948 [pool-240-thread-1] INFO  server.RaftServerConfigKeys (ConfUtils.java:logGet(46)) - raft.server.notification.no-leader.timeout = 300s (custom)
2023-01-09 20:09:44,948 [pool-240-thread-1] INFO  server.RaftServerConfigKeys (ConfUtils.java:logGet(46)) - raft.server.retrycache.expirytime = 600000ms (custom)
2023-01-09 20:09:44,949 [pool-240-thread-1] INFO  server.RaftServerConfigKeys (ConfUtils.java:logGet(46)) - raft.server.retrycache.statistics.expirytime = 100μs (default)
2023-01-09 20:09:44,950 [pool-240-thread-1] INFO  server.RaftServerConfigKeys (ConfUtils.java:logGet(46)) - raft.server.log.appender.install.snapshot.enabled = false (custom)
2023-01-09 20:09:44,955 [pool-240-thread-1] INFO  server.RaftServerConfigKeys (ConfUtils.java:logGet(46)) - raft.server.threadpool.server.cached = true (default)
2023-01-09 20:09:44,955 [pool-240-thread-1] INFO  server.RaftServerConfigKeys (ConfUtils.java:logGet(46)) - raft.server.threadpool.server.size = 0 (default)
2023-01-09 20:09:44,955 [pool-240-thread-1] INFO  server.RaftServerConfigKeys (ConfUtils.java:logGet(46)) - raft.server.threadpool.client.cached = true (default)
2023-01-09 20:09:44,955 [pool-240-thread-1] INFO  server.RaftServerConfigKeys (ConfUtils.java:logGet(46)) - raft.server.threadpool.client.size = 0 (default)
2023-01-09 20:09:44,955 [pool-240-thread-1] INFO  storage.RaftStorageDirectory (RaftStorageDirectoryImpl.java:analyzeStorage(137)) - The storage directory /home/runner/work/ozone/ozone/hadoop-ozone/integration-test/target/test-dir/MiniOzoneClusterImpl-dc953f1b-8f43-4e25-a114-36b3b0290d25/datanode-7/data/ratis/57c30939-7b68-452e-8f77-c5ecef351ecf does not exist. Creating ...
2023-01-09 20:09:44,957 [pool-240-thread-1] INFO  storage.RaftStorageDirectory (RaftStorageDirectoryImpl.java:tryLock(231)) - Lock on /home/runner/work/ozone/ozone/hadoop-ozone/integration-test/target/test-dir/MiniOzoneClusterImpl-dc953f1b-8f43-4e25-a114-36b3b0290d25/datanode-7/data/ratis/57c30939-7b68-452e-8f77-c5ecef351ecf/in_use.lock acquired by nodename 50886@fv-az457-50
2023-01-09 20:09:44,959 [pool-240-thread-1] INFO  storage.RaftStorage (RaftStorageImpl.java:format(96)) - Storage directory /home/runner/work/ozone/ozone/hadoop-ozone/integration-test/target/test-dir/MiniOzoneClusterImpl-dc953f1b-8f43-4e25-a114-36b3b0290d25/datanode-7/data/ratis/57c30939-7b68-452e-8f77-c5ecef351ecf has been successfully formatted.
2023-01-09 20:09:44,960 [pool-240-thread-1] INFO  ratis.ContainerStateMachine (ContainerStateMachine.java:loadSnapshot(240)) - group-C5ECEF351ECF: The snapshot info is null. Setting the last applied indexto:(t:0, i:~)
2023-01-09 20:09:44,962 [pool-240-thread-1] INFO  server.RaftServerConfigKeys (ConfUtils.java:logGet(46)) - raft.server.log.use.memory = false (default)
2023-01-09 20:09:44,963 [pool-240-thread-1] INFO  server.RaftServerConfigKeys (ConfUtils.java:logGet(46)) - raft.server.log.purge.gap = 1000000 (custom)
2023-01-09 20:09:44,963 [pool-240-thread-1] INFO  server.RaftServerConfigKeys (ConfUtils.java:logGet(46)) - raft.server.log.appender.buffer.byte-limit = 33554432 (custom)
2023-01-09 20:09:44,963 [pool-240-thread-1] INFO  server.RaftServerConfigKeys (ConfUtils.java:logGet(46)) - raft.server.log.statemachine.data.read.timeout = 1000ms (default)
2023-01-09 20:09:44,963 [pool-240-thread-1] INFO  server.RaftServerConfigKeys (ConfUtils.java:logGet(46)) - raft.server.log.purge.preservation.log.num = 0 (default)
2023-01-09 20:09:44,963 [pool-240-thread-1] INFO  server.RaftServerConfigKeys (ConfUtils.java:logGet(46)) - raft.server.log.segment.size.max = 1048576 (custom)
2023-01-09 20:09:44,964 [pool-240-thread-1] INFO  server.RaftServerConfigKeys (ConfUtils.java:logGet(46)) - raft.server.log.segment.cache.num.max = 2 (custom)
2023-01-09 20:09:44,965 [pool-240-thread-1] INFO  server.RaftServerConfigKeys (ConfUtils.java:logGet(46)) - raft.server.log.segment.cache.size.max = 200MB (=209715200) (default)
2023-01-09 20:09:44,965 [pool-240-thread-1] INFO  segmented.SegmentedRaftLogWorker (SegmentedRaftLogWorker.java:<init>(189)) - new e77b5d09-e15c-47d2-9906-1148d6692daf@group-C5ECEF351ECF-SegmentedRaftLogWorker for RaftStorageImpl:Storage Directory /home/runner/work/ozone/ozone/hadoop-ozone/integration-test/target/test-dir/MiniOzoneClusterImpl-dc953f1b-8f43-4e25-a114-36b3b0290d25/datanode-7/data/ratis/57c30939-7b68-452e-8f77-c5ecef351ecf
2023-01-09 20:09:44,965 [pool-240-thread-1] INFO  server.RaftServerConfigKeys (ConfUtils.java:logGet(46)) - raft.server.log.queue.byte-limit = 4294967296 (custom)
2023-01-09 20:09:44,965 [pool-240-thread-1] INFO  server.RaftServerConfigKeys (ConfUtils.java:logGet(46)) - raft.server.log.queue.element-limit = 1024 (custom)
2023-01-09 20:09:44,965 [pool-240-thread-1] INFO  server.RaftServerConfigKeys (ConfUtils.java:logGet(46)) - raft.server.log.segment.size.max = 1048576 (custom)
2023-01-09 20:09:44,965 [pool-240-thread-1] INFO  server.RaftServerConfigKeys (ConfUtils.java:logGet(46)) - raft.server.log.preallocated.size = 16384 (custom)
2023-01-09 20:09:44,965 [pool-240-thread-1] INFO  server.RaftServerConfigKeys (ConfUtils.java:logGet(46)) - raft.server.log.force.sync.num = 128 (default)
2023-01-09 20:09:44,965 [pool-240-thread-1] INFO  server.RaftServerConfigKeys (ConfUtils.java:logGet(46)) - raft.server.log.statemachine.data.sync = true (default)
2023-01-09 20:09:44,965 [pool-240-thread-1] INFO  server.RaftServerConfigKeys (ConfUtils.java:logGet(46)) - raft.server.log.statemachine.data.sync.timeout = 10s (default)
2023-01-09 20:09:44,965 [pool-240-thread-1] INFO  server.RaftServerConfigKeys (ConfUtils.java:logGet(46)) - raft.server.log.statemachine.data.sync.timeout.retry = -1 (default)
2023-01-09 20:09:44,967 [pool-240-thread-1] INFO  server.RaftServerConfigKeys (ConfUtils.java:logGet(46)) - raft.server.log.write.buffer.size = 1048576 (custom)
2023-01-09 20:09:44,967 [pool-240-thread-1] INFO  server.RaftServerConfigKeys (ConfUtils.java:logGet(46)) - raft.server.log.appender.buffer.byte-limit = 33554432 (custom)
2023-01-09 20:09:44,973 [pool-240-thread-1] INFO  server.RaftServerConfigKeys (ConfUtils.java:logGet(46)) - raft.server.log.unsafe-flush.enabled = false (default)
2023-01-09 20:09:44,973 [pool-240-thread-1] INFO  server.RaftServerConfigKeys (ConfUtils.java:logGet(46)) - raft.server.log.async-flush.enabled = false (default)
2023-01-09 20:09:44,973 [pool-240-thread-1] INFO  server.RaftServerConfigKeys (ConfUtils.java:logGet(46)) - raft.server.log.statemachine.data.caching.enabled = true (custom)
2023-01-09 20:09:44,974 [pool-240-thread-1] INFO  segmented.SegmentedRaftLogWorker (SegmentedRaftLogWorker.java:lambda$new$0(135)) - e77b5d09-e15c-47d2-9906-1148d6692daf@group-C5ECEF351ECF-SegmentedRaftLogWorker: flushIndex: setUnconditionally 0 -> -1
2023-01-09 20:09:44,974 [pool-240-thread-1] INFO  segmented.SegmentedRaftLogWorker (SegmentedRaftLogWorker.java:lambda$new$0(135)) - e77b5d09-e15c-47d2-9906-1148d6692daf@group-C5ECEF351ECF-SegmentedRaftLogWorker: safeCacheEvictIndex: setUnconditionally 0 -> -1
2023-01-09 20:09:44,975 [pool-240-thread-1] INFO  server.RaftServer$Division (RaftServerImpl.java:start(334)) - e77b5d09-e15c-47d2-9906-1148d6692daf@group-C5ECEF351ECF: start as a follower, conf=-1: peers:[e77b5d09-e15c-47d2-9906-1148d6692daf|rpc:10.1.0.27:40203|dataStream:10.1.0.27:33269|priority:1|startupRole:FOLLOWER, d09c218f-b416-45d6-bb77-0144cdedc1ff|rpc:10.1.0.27:37119|dataStream:10.1.0.27:40365|priority:0|startupRole:FOLLOWER, 51369307-b0de-40aa-9d6f-41f84e1cecb7|rpc:10.1.0.27:44083|dataStream:10.1.0.27:33005|priority:0|startupRole:FOLLOWER]|listeners:[], old=null
2023-01-09 20:09:44,975 [pool-240-thread-1] INFO  server.RaftServer$Division (RaftServerImpl.java:setRole(321)) - e77b5d09-e15c-47d2-9906-1148d6692daf@group-C5ECEF351ECF: changes role from      null to FOLLOWER at term 0 for startAsFollower
2023-01-09 20:09:44,975 [pool-240-thread-1] INFO  impl.RoleInfo (RoleInfo.java:updateAndGet(139)) - e77b5d09-e15c-47d2-9906-1148d6692daf: start e77b5d09-e15c-47d2-9906-1148d6692daf@group-C5ECEF351ECF-FollowerState
2023-01-09 20:09:44,975 [pool-240-thread-1] INFO  util.JmxRegister (JmxRegister.java:tryRegister(44)) - Successfully registered JMX Bean with object name Ratis:service=RaftServer,group=group-C5ECEF351ECF,id=e77b5d09-e15c-47d2-9906-1148d6692daf
2023-01-09 20:09:44,976 [pool-240-thread-1] INFO  server.RaftServerConfigKeys (ConfUtils.java:logGet(46)) - raft.server.snapshot.auto.trigger.enabled = true (custom)
2023-01-09 20:09:44,976 [pool-240-thread-1] INFO  server.RaftServerConfigKeys (ConfUtils.java:logGet(46)) - raft.server.snapshot.auto.trigger.threshold = 10000 (custom)
2023-01-09 20:09:44,976 [pool-240-thread-1] INFO  server.RaftServerConfigKeys (ConfUtils.java:logGet(46)) - raft.server.snapshot.retention.file.num = 5 (custom)
2023-01-09 20:09:44,976 [pool-240-thread-1] INFO  server.RaftServerConfigKeys (ConfUtils.java:logGet(46)) - raft.server.log.purge.upto.snapshot.index = false (default)
2023-01-09 20:09:44,977 [e77b5d09-e15c-47d2-9906-1148d6692daf@group-C5ECEF351ECF-FollowerState] INFO  server.RaftServerConfigKeys (ConfUtils.java:logFallback(53)) - raft.server.rpc.first-election.timeout.min = 5s (fallback to raft.server.rpc.timeout.min)
2023-01-09 20:09:44,977 [e77b5d09-e15c-47d2-9906-1148d6692daf@group-C5ECEF351ECF-FollowerState] INFO  server.RaftServerConfigKeys (ConfUtils.java:logFallback(53)) - raft.server.rpc.first-election.timeout.max = 5200ms (fallback to raft.server.rpc.timeout.max)
2023-01-09 20:09:44,999 [grpc-default-executor-1] INFO  server.RaftServer (RaftServerProxy.java:addNew(96)) - d09c218f-b416-45d6-bb77-0144cdedc1ff: addNew group-C5ECEF351ECF:[e77b5d09-e15c-47d2-9906-1148d6692daf|rpc:10.1.0.27:40203|dataStream:10.1.0.27:33269|priority:1|startupRole:FOLLOWER, d09c218f-b416-45d6-bb77-0144cdedc1ff|rpc:10.1.0.27:37119|dataStream:10.1.0.27:40365|priority:0|startupRole:FOLLOWER, 51369307-b0de-40aa-9d6f-41f84e1cecb7|rpc:10.1.0.27:44083|dataStream:10.1.0.27:33005|priority:0|startupRole:FOLLOWER] returns group-C5ECEF351ECF:java.util.concurrent.CompletableFuture@2ea2a7a[Not completed]
2023-01-09 20:09:45,000 [pool-267-thread-1] INFO  server.RaftServer$Division (RaftServerImpl.java:<init>(195)) - d09c218f-b416-45d6-bb77-0144cdedc1ff: new RaftServerImpl for group-C5ECEF351ECF:[e77b5d09-e15c-47d2-9906-1148d6692daf|rpc:10.1.0.27:40203|dataStream:10.1.0.27:33269|priority:1|startupRole:FOLLOWER, d09c218f-b416-45d6-bb77-0144cdedc1ff|rpc:10.1.0.27:37119|dataStream:10.1.0.27:40365|priority:0|startupRole:FOLLOWER, 51369307-b0de-40aa-9d6f-41f84e1cecb7|rpc:10.1.0.27:44083|dataStream:10.1.0.27:33005|priority:0|startupRole:FOLLOWER] with ContainerStateMachine:uninitialized
2023-01-09 20:09:45,000 [pool-267-thread-1] INFO  server.RaftServerConfigKeys (ConfUtils.java:logGet(46)) - raft.server.rpc.timeout.min = 5s (custom)
2023-01-09 20:09:45,000 [pool-267-thread-1] INFO  server.RaftServerConfigKeys (ConfUtils.java:logGet(46)) - raft.server.rpc.timeout.max = 5200ms (custom)
2023-01-09 20:09:45,000 [pool-267-thread-1] INFO  server.RaftServerConfigKeys (ConfUtils.java:logGet(46)) - raft.server.rpc.sleep.time = 25ms (default)
2023-01-09 20:09:45,000 [pool-267-thread-1] INFO  server.RaftServerConfigKeys (ConfUtils.java:logGet(46)) - raft.server.rpc.slowness.timeout = 300s (custom)
2023-01-09 20:09:45,001 [pool-267-thread-1] INFO  server.RaftServerConfigKeys (ConfUtils.java:logGet(46)) - raft.server.leaderelection.leader.step-down.wait-time = 10s (default)
2023-01-09 20:09:45,001 [pool-267-thread-1] INFO  server.RaftServerConfigKeys (ConfUtils.java:logGet(46)) - raft.server.sleep.deviation.threshold = 300ms (default)
2023-01-09 20:09:45,001 [pool-267-thread-1] INFO  server.RaftServer$Division (ServerState.java:<init>(118)) - d09c218f-b416-45d6-bb77-0144cdedc1ff@group-C5ECEF351ECF: ConfigurationManager, init=-1: peers:[e77b5d09-e15c-47d2-9906-1148d6692daf|rpc:10.1.0.27:40203|dataStream:10.1.0.27:33269|priority:1|startupRole:FOLLOWER, d09c218f-b416-45d6-bb77-0144cdedc1ff|rpc:10.1.0.27:37119|dataStream:10.1.0.27:40365|priority:0|startupRole:FOLLOWER, 51369307-b0de-40aa-9d6f-41f84e1cecb7|rpc:10.1.0.27:44083|dataStream:10.1.0.27:33005|priority:0|startupRole:FOLLOWER]|listeners:[], old=null, confs=<EMPTY_MAP>
2023-01-09 20:09:45,001 [pool-267-thread-1] INFO  server.RaftServerConfigKeys (ConfUtils.java:logGet(46)) - raft.server.storage.dir = [/home/runner/work/ozone/ozone/hadoop-ozone/integration-test/target/test-dir/MiniOzoneClusterImpl-dc953f1b-8f43-4e25-a114-36b3b0290d25/datanode-8/data/ratis] (custom)
2023-01-09 20:09:45,001 [pool-267-thread-1] INFO  server.RaftServerConfigKeys (ConfUtils.java:logGet(46)) - raft.server.log.corruption.policy = EXCEPTION (default)
2023-01-09 20:09:45,001 [pool-267-thread-1] INFO  server.RaftServerConfigKeys (ConfUtils.java:logGet(46)) - raft.server.storage.free-space.min = 0MB (=0) (default)
2023-01-09 20:09:45,001 [pool-267-thread-1] INFO  server.RaftServerConfigKeys (ConfUtils.java:logGet(46)) - raft.server.notification.no-leader.timeout = 300s (custom)
2023-01-09 20:09:45,001 [pool-267-thread-1] INFO  server.RaftServerConfigKeys (ConfUtils.java:logGet(46)) - raft.server.retrycache.expirytime = 600000ms (custom)
2023-01-09 20:09:45,001 [pool-267-thread-1] INFO  server.RaftServerConfigKeys (ConfUtils.java:logGet(46)) - raft.server.retrycache.statistics.expirytime = 100μs (default)
2023-01-09 20:09:45,003 [pool-267-thread-1] INFO  server.RaftServerConfigKeys (ConfUtils.java:logGet(46)) - raft.server.log.appender.install.snapshot.enabled = false (custom)
2023-01-09 20:09:45,003 [pool-267-thread-1] INFO  server.RaftServerConfigKeys (ConfUtils.java:logGet(46)) - raft.server.threadpool.server.cached = true (default)
2023-01-09 20:09:45,003 [pool-267-thread-1] INFO  server.RaftServerConfigKeys (ConfUtils.java:logGet(46)) - raft.server.threadpool.server.size = 0 (default)
2023-01-09 20:09:45,003 [pool-267-thread-1] INFO  server.RaftServerConfigKeys (ConfUtils.java:logGet(46)) - raft.server.threadpool.client.cached = true (default)
2023-01-09 20:09:45,004 [pool-267-thread-1] INFO  server.RaftServerConfigKeys (ConfUtils.java:logGet(46)) - raft.server.threadpool.client.size = 0 (default)
2023-01-09 20:09:45,004 [pool-267-thread-1] INFO  storage.RaftStorageDirectory (RaftStorageDirectoryImpl.java:analyzeStorage(137)) - The storage directory /home/runner/work/ozone/ozone/hadoop-ozone/integration-test/target/test-dir/MiniOzoneClusterImpl-dc953f1b-8f43-4e25-a114-36b3b0290d25/datanode-8/data/ratis/57c30939-7b68-452e-8f77-c5ecef351ecf does not exist. Creating ...
2023-01-09 20:09:45,006 [pool-267-thread-1] INFO  storage.RaftStorageDirectory (RaftStorageDirectoryImpl.java:tryLock(231)) - Lock on /home/runner/work/ozone/ozone/hadoop-ozone/integration-test/target/test-dir/MiniOzoneClusterImpl-dc953f1b-8f43-4e25-a114-36b3b0290d25/datanode-8/data/ratis/57c30939-7b68-452e-8f77-c5ecef351ecf/in_use.lock acquired by nodename 50886@fv-az457-50
2023-01-09 20:09:45,009 [pool-267-thread-1] INFO  storage.RaftStorage (RaftStorageImpl.java:format(96)) - Storage directory /home/runner/work/ozone/ozone/hadoop-ozone/integration-test/target/test-dir/MiniOzoneClusterImpl-dc953f1b-8f43-4e25-a114-36b3b0290d25/datanode-8/data/ratis/57c30939-7b68-452e-8f77-c5ecef351ecf has been successfully formatted.
2023-01-09 20:09:45,010 [pool-267-thread-1] INFO  ratis.ContainerStateMachine (ContainerStateMachine.java:loadSnapshot(240)) - group-C5ECEF351ECF: The snapshot info is null. Setting the last applied indexto:(t:0, i:~)
2023-01-09 20:09:45,010 [pool-267-thread-1] INFO  server.RaftServerConfigKeys (ConfUtils.java:logGet(46)) - raft.server.log.use.memory = false (default)
2023-01-09 20:09:45,010 [pool-267-thread-1] INFO  server.RaftServerConfigKeys (ConfUtils.java:logGet(46)) - raft.server.log.purge.gap = 1000000 (custom)
2023-01-09 20:09:45,011 [pool-267-thread-1] INFO  server.RaftServerConfigKeys (ConfUtils.java:logGet(46)) - raft.server.log.appender.buffer.byte-limit = 33554432 (custom)
2023-01-09 20:09:45,011 [pool-267-thread-1] INFO  server.RaftServerConfigKeys (ConfUtils.java:logGet(46)) - raft.server.log.statemachine.data.read.timeout = 1000ms (default)
2023-01-09 20:09:45,011 [pool-267-thread-1] INFO  server.RaftServerConfigKeys (ConfUtils.java:logGet(46)) - raft.server.log.purge.preservation.log.num = 0 (default)
2023-01-09 20:09:45,011 [pool-267-thread-1] INFO  server.RaftServerConfigKeys (ConfUtils.java:logGet(46)) - raft.server.log.segment.size.max = 1048576 (custom)
2023-01-09 20:09:45,012 [pool-267-thread-1] INFO  server.RaftServerConfigKeys (ConfUtils.java:logGet(46)) - raft.server.log.segment.cache.num.max = 2 (custom)
2023-01-09 20:09:45,012 [pool-267-thread-1] INFO  server.RaftServerConfigKeys (ConfUtils.java:logGet(46)) - raft.server.log.segment.cache.size.max = 200MB (=209715200) (default)
2023-01-09 20:09:45,012 [pool-267-thread-1] INFO  segmented.SegmentedRaftLogWorker (SegmentedRaftLogWorker.java:<init>(189)) - new d09c218f-b416-45d6-bb77-0144cdedc1ff@group-C5ECEF351ECF-SegmentedRaftLogWorker for RaftStorageImpl:Storage Directory /home/runner/work/ozone/ozone/hadoop-ozone/integration-test/target/test-dir/MiniOzoneClusterImpl-dc953f1b-8f43-4e25-a114-36b3b0290d25/datanode-8/data/ratis/57c30939-7b68-452e-8f77-c5ecef351ecf
2023-01-09 20:09:45,013 [pool-267-thread-1] INFO  server.RaftServerConfigKeys (ConfUtils.java:logGet(46)) - raft.server.log.queue.byte-limit = 4294967296 (custom)
2023-01-09 20:09:45,014 [pool-267-thread-1] INFO  server.RaftServerConfigKeys (ConfUtils.java:logGet(46)) - raft.server.log.queue.element-limit = 1024 (custom)
2023-01-09 20:09:45,014 [pool-267-thread-1] INFO  server.RaftServerConfigKeys (ConfUtils.java:logGet(46)) - raft.server.log.segment.size.max = 1048576 (custom)
2023-01-09 20:09:45,014 [pool-267-thread-1] INFO  server.RaftServerConfigKeys (ConfUtils.java:logGet(46)) - raft.server.log.preallocated.size = 16384 (custom)
2023-01-09 20:09:45,014 [pool-267-thread-1] INFO  server.RaftServerConfigKeys (ConfUtils.java:logGet(46)) - raft.server.log.force.sync.num = 128 (default)
2023-01-09 20:09:45,014 [pool-267-thread-1] INFO  server.RaftServerConfigKeys (ConfUtils.java:logGet(46)) - raft.server.log.statemachine.data.sync = true (default)
2023-01-09 20:09:45,014 [pool-267-thread-1] INFO  server.RaftServerConfigKeys (ConfUtils.java:logGet(46)) - raft.server.log.statemachine.data.sync.timeout = 10s (default)
2023-01-09 20:09:45,014 [pool-267-thread-1] INFO  server.RaftServerConfigKeys (ConfUtils.java:logGet(46)) - raft.server.log.statemachine.data.sync.timeout.retry = -1 (default)
2023-01-09 20:09:45,018 [pool-267-thread-1] INFO  server.RaftServerConfigKeys (ConfUtils.java:logGet(46)) - raft.server.log.write.buffer.size = 1048576 (custom)
2023-01-09 20:09:45,019 [pool-267-thread-1] INFO  server.RaftServerConfigKeys (ConfUtils.java:logGet(46)) - raft.server.log.appender.buffer.byte-limit = 33554432 (custom)
2023-01-09 20:09:45,024 [pool-267-thread-1] INFO  server.RaftServerConfigKeys (ConfUtils.java:logGet(46)) - raft.server.log.unsafe-flush.enabled = false (default)
2023-01-09 20:09:45,024 [pool-267-thread-1] INFO  server.RaftServerConfigKeys (ConfUtils.java:logGet(46)) - raft.server.log.async-flush.enabled = false (default)
2023-01-09 20:09:45,024 [pool-267-thread-1] INFO  server.RaftServerConfigKeys (ConfUtils.java:logGet(46)) - raft.server.log.statemachine.data.caching.enabled = true (custom)
2023-01-09 20:09:45,025 [pool-267-thread-1] INFO  segmented.SegmentedRaftLogWorker (SegmentedRaftLogWorker.java:lambda$new$0(135)) - d09c218f-b416-45d6-bb77-0144cdedc1ff@group-C5ECEF351ECF-SegmentedRaftLogWorker: flushIndex: setUnconditionally 0 -> -1
2023-01-09 20:09:45,025 [pool-267-thread-1] INFO  segmented.SegmentedRaftLogWorker (SegmentedRaftLogWorker.java:lambda$new$0(135)) - d09c218f-b416-45d6-bb77-0144cdedc1ff@group-C5ECEF351ECF-SegmentedRaftLogWorker: safeCacheEvictIndex: setUnconditionally 0 -> -1
2023-01-09 20:09:45,025 [pool-267-thread-1] INFO  server.RaftServer$Division (RaftServerImpl.java:start(334)) - d09c218f-b416-45d6-bb77-0144cdedc1ff@group-C5ECEF351ECF: start as a follower, conf=-1: peers:[e77b5d09-e15c-47d2-9906-1148d6692daf|rpc:10.1.0.27:40203|dataStream:10.1.0.27:33269|priority:1|startupRole:FOLLOWER, d09c218f-b416-45d6-bb77-0144cdedc1ff|rpc:10.1.0.27:37119|dataStream:10.1.0.27:40365|priority:0|startupRole:FOLLOWER, 51369307-b0de-40aa-9d6f-41f84e1cecb7|rpc:10.1.0.27:44083|dataStream:10.1.0.27:33005|priority:0|startupRole:FOLLOWER]|listeners:[], old=null
2023-01-09 20:09:45,025 [pool-267-thread-1] INFO  server.RaftServer$Division (RaftServerImpl.java:setRole(321)) - d09c218f-b416-45d6-bb77-0144cdedc1ff@group-C5ECEF351ECF: changes role from      null to FOLLOWER at term 0 for startAsFollower
2023-01-09 20:09:45,025 [pool-267-thread-1] INFO  impl.RoleInfo (RoleInfo.java:updateAndGet(139)) - d09c218f-b416-45d6-bb77-0144cdedc1ff: start d09c218f-b416-45d6-bb77-0144cdedc1ff@group-C5ECEF351ECF-FollowerState
2023-01-09 20:09:45,026 [d09c218f-b416-45d6-bb77-0144cdedc1ff@group-C5ECEF351ECF-FollowerState] INFO  server.RaftServerConfigKeys (ConfUtils.java:logFallback(53)) - raft.server.rpc.first-election.timeout.min = 5s (fallback to raft.server.rpc.timeout.min)
2023-01-09 20:09:45,026 [pool-267-thread-1] INFO  util.JmxRegister (JmxRegister.java:tryRegister(44)) - Successfully registered JMX Bean with object name Ratis:service=RaftServer,group=group-C5ECEF351ECF,id=d09c218f-b416-45d6-bb77-0144cdedc1ff
2023-01-09 20:09:45,026 [d09c218f-b416-45d6-bb77-0144cdedc1ff@group-C5ECEF351ECF-FollowerState] INFO  server.RaftServerConfigKeys (ConfUtils.java:logFallback(53)) - raft.server.rpc.first-election.timeout.max = 5200ms (fallback to raft.server.rpc.timeout.max)
2023-01-09 20:09:45,026 [pool-267-thread-1] INFO  server.RaftServerConfigKeys (ConfUtils.java:logGet(46)) - raft.server.snapshot.auto.trigger.enabled = true (custom)
2023-01-09 20:09:45,026 [pool-267-thread-1] INFO  server.RaftServerConfigKeys (ConfUtils.java:logGet(46)) - raft.server.snapshot.auto.trigger.threshold = 10000 (custom)
2023-01-09 20:09:45,026 [pool-267-thread-1] INFO  server.RaftServerConfigKeys (ConfUtils.java:logGet(46)) - raft.server.snapshot.retention.file.num = 5 (custom)
2023-01-09 20:09:45,026 [pool-267-thread-1] INFO  server.RaftServerConfigKeys (ConfUtils.java:logGet(46)) - raft.server.log.purge.upto.snapshot.index = false (default)
2023-01-09 20:09:45,038 [Command processor thread] INFO  commandhandler.CreatePipelineCommandHandler (CreatePipelineCommandHandler.java:handle(113)) - Created Pipeline RATIS THREE PipelineID=57c30939-7b68-452e-8f77-c5ecef351ecf.
2023-01-09 20:09:45,220 [Listener at 127.0.0.1/33951] INFO  ozone.MiniOzoneClusterImpl (MiniOzoneClusterImpl.java:lambda$waitForClusterToBeReady$0(218)) - Nodes are ready. Got 10 of 10 DN Heartbeats.
2023-01-09 20:09:45,220 [Listener at 127.0.0.1/33951] INFO  ozone.MiniOzoneClusterImpl (MiniOzoneClusterImpl.java:lambda$waitForClusterToBeReady$0(221)) - Waiting for cluster to exit safe mode
2023-01-09 20:09:45,220 [Listener at 127.0.0.1/33951] INFO  ozone.MiniOzoneClusterImpl (MiniOzoneClusterImpl.java:lambda$waitForClusterToBeReady$0(223)) - SCM became leader
2023-01-09 20:09:45,236 [Command processor thread] INFO  server.RaftServer (RaftServerProxy.java:addNew(96)) - e77b5d09-e15c-47d2-9906-1148d6692daf: addNew group-45FEFD7BE8A3:[e77b5d09-e15c-47d2-9906-1148d6692daf|rpc:10.1.0.27:40203|dataStream:10.1.0.27:33269|priority:1|startupRole:FOLLOWER] returns group-45FEFD7BE8A3:java.util.concurrent.CompletableFuture@51abc476[Not completed]
2023-01-09 20:09:45,238 [pool-240-thread-1] INFO  server.RaftServer$Division (RaftServerImpl.java:<init>(195)) - e77b5d09-e15c-47d2-9906-1148d6692daf: new RaftServerImpl for group-45FEFD7BE8A3:[e77b5d09-e15c-47d2-9906-1148d6692daf|rpc:10.1.0.27:40203|dataStream:10.1.0.27:33269|priority:1|startupRole:FOLLOWER] with ContainerStateMachine:uninitialized
2023-01-09 20:09:45,238 [pool-240-thread-1] INFO  server.RaftServerConfigKeys (ConfUtils.java:logGet(46)) - raft.server.rpc.timeout.min = 5s (custom)
2023-01-09 20:09:45,238 [pool-240-thread-1] INFO  server.RaftServerConfigKeys (ConfUtils.java:logGet(46)) - raft.server.rpc.timeout.max = 5200ms (custom)
2023-01-09 20:09:45,238 [pool-240-thread-1] INFO  server.RaftServerConfigKeys (ConfUtils.java:logGet(46)) - raft.server.rpc.sleep.time = 25ms (default)
2023-01-09 20:09:45,238 [pool-240-thread-1] INFO  server.RaftServerConfigKeys (ConfUtils.java:logGet(46)) - raft.server.rpc.slowness.timeout = 300s (custom)
2023-01-09 20:09:45,238 [pool-240-thread-1] INFO  server.RaftServerConfigKeys (ConfUtils.java:logGet(46)) - raft.server.leaderelection.leader.step-down.wait-time = 10s (default)
2023-01-09 20:09:45,238 [pool-240-thread-1] INFO  server.RaftServerConfigKeys (ConfUtils.java:logGet(46)) - raft.server.sleep.deviation.threshold = 300ms (default)
2023-01-09 20:09:45,238 [pool-240-thread-1] INFO  server.RaftServer$Division (ServerState.java:<init>(118)) - e77b5d09-e15c-47d2-9906-1148d6692daf@group-45FEFD7BE8A3: ConfigurationManager, init=-1: peers:[e77b5d09-e15c-47d2-9906-1148d6692daf|rpc:10.1.0.27:40203|dataStream:10.1.0.27:33269|priority:1|startupRole:FOLLOWER]|listeners:[], old=null, confs=<EMPTY_MAP>
2023-01-09 20:09:45,239 [pool-240-thread-1] INFO  server.RaftServerConfigKeys (ConfUtils.java:logGet(46)) - raft.server.storage.dir = [/home/runner/work/ozone/ozone/hadoop-ozone/integration-test/target/test-dir/MiniOzoneClusterImpl-dc953f1b-8f43-4e25-a114-36b3b0290d25/datanode-7/data/ratis] (custom)
2023-01-09 20:09:45,239 [pool-240-thread-1] INFO  server.RaftServerConfigKeys (ConfUtils.java:logGet(46)) - raft.server.log.corruption.policy = EXCEPTION (default)
2023-01-09 20:09:45,239 [pool-240-thread-1] INFO  server.RaftServerConfigKeys (ConfUtils.java:logGet(46)) - raft.server.storage.free-space.min = 0MB (=0) (default)
2023-01-09 20:09:45,239 [pool-240-thread-1] INFO  server.RaftServerConfigKeys (ConfUtils.java:logGet(46)) - raft.server.notification.no-leader.timeout = 300s (custom)
2023-01-09 20:09:45,239 [pool-240-thread-1] INFO  server.RaftServerConfigKeys (ConfUtils.java:logGet(46)) - raft.server.retrycache.expirytime = 600000ms (custom)
2023-01-09 20:09:45,239 [pool-240-thread-1] INFO  server.RaftServerConfigKeys (ConfUtils.java:logGet(46)) - raft.server.retrycache.statistics.expirytime = 100μs (default)
2023-01-09 20:09:45,241 [pool-240-thread-1] INFO  server.RaftServerConfigKeys (ConfUtils.java:logGet(46)) - raft.server.log.appender.install.snapshot.enabled = false (custom)
2023-01-09 20:09:45,241 [pool-240-thread-1] INFO  server.RaftServerConfigKeys (ConfUtils.java:logGet(46)) - raft.server.threadpool.server.cached = true (default)
2023-01-09 20:09:45,241 [pool-240-thread-1] INFO  server.RaftServerConfigKeys (ConfUtils.java:logGet(46)) - raft.server.threadpool.server.size = 0 (default)
2023-01-09 20:09:45,242 [pool-240-thread-1] INFO  server.RaftServerConfigKeys (ConfUtils.java:logGet(46)) - raft.server.threadpool.client.cached = true (default)
2023-01-09 20:09:45,242 [pool-240-thread-1] INFO  server.RaftServerConfigKeys (ConfUtils.java:logGet(46)) - raft.server.threadpool.client.size = 0 (default)
2023-01-09 20:09:45,242 [pool-240-thread-1] INFO  storage.RaftStorageDirectory (RaftStorageDirectoryImpl.java:analyzeStorage(137)) - The storage directory /home/runner/work/ozone/ozone/hadoop-ozone/integration-test/target/test-dir/MiniOzoneClusterImpl-dc953f1b-8f43-4e25-a114-36b3b0290d25/datanode-7/data/ratis/fccac757-9933-4096-b2e5-45fefd7be8a3 does not exist. Creating ...
2023-01-09 20:09:45,244 [pool-240-thread-1] INFO  storage.RaftStorageDirectory (RaftStorageDirectoryImpl.java:tryLock(231)) - Lock on /home/runner/work/ozone/ozone/hadoop-ozone/integration-test/target/test-dir/MiniOzoneClusterImpl-dc953f1b-8f43-4e25-a114-36b3b0290d25/datanode-7/data/ratis/fccac757-9933-4096-b2e5-45fefd7be8a3/in_use.lock acquired by nodename 50886@fv-az457-50
2023-01-09 20:09:45,246 [pool-240-thread-1] INFO  storage.RaftStorage (RaftStorageImpl.java:format(96)) - Storage directory /home/runner/work/ozone/ozone/hadoop-ozone/integration-test/target/test-dir/MiniOzoneClusterImpl-dc953f1b-8f43-4e25-a114-36b3b0290d25/datanode-7/data/ratis/fccac757-9933-4096-b2e5-45fefd7be8a3 has been successfully formatted.
2023-01-09 20:09:45,247 [pool-240-thread-1] INFO  ratis.ContainerStateMachine (ContainerStateMachine.java:loadSnapshot(240)) - group-45FEFD7BE8A3: The snapshot info is null. Setting the last applied indexto:(t:0, i:~)
2023-01-09 20:09:45,247 [pool-240-thread-1] INFO  server.RaftServerConfigKeys (ConfUtils.java:logGet(46)) - raft.server.log.use.memory = false (default)
2023-01-09 20:09:45,247 [pool-240-thread-1] INFO  server.RaftServerConfigKeys (ConfUtils.java:logGet(46)) - raft.server.log.purge.gap = 1000000 (custom)
2023-01-09 20:09:45,247 [pool-240-thread-1] INFO  server.RaftServerConfigKeys (ConfUtils.java:logGet(46)) - raft.server.log.appender.buffer.byte-limit = 33554432 (custom)
2023-01-09 20:09:45,247 [pool-240-thread-1] INFO  server.RaftServerConfigKeys (ConfUtils.java:logGet(46)) - raft.server.log.statemachine.data.read.timeout = 1000ms (default)
2023-01-09 20:09:45,247 [pool-240-thread-1] INFO  server.RaftServerConfigKeys (ConfUtils.java:logGet(46)) - raft.server.log.purge.preservation.log.num = 0 (default)
2023-01-09 20:09:45,247 [pool-240-thread-1] INFO  server.RaftServerConfigKeys (ConfUtils.java:logGet(46)) - raft.server.log.segment.size.max = 1048576 (custom)
2023-01-09 20:09:45,248 [pool-240-thread-1] INFO  server.RaftServerConfigKeys (ConfUtils.java:logGet(46)) - raft.server.log.segment.cache.num.max = 2 (custom)
2023-01-09 20:09:45,248 [pool-240-thread-1] INFO  server.RaftServerConfigKeys (ConfUtils.java:logGet(46)) - raft.server.log.segment.cache.size.max = 200MB (=209715200) (default)
2023-01-09 20:09:45,248 [EventQueue-PipelineReportForPipelineReportHandler] INFO  pipeline.PipelineManagerImpl (PipelineManagerImpl.java:openPipeline(367)) - Pipeline Pipeline[ Id: fccac757-9933-4096-b2e5-45fefd7be8a3, Nodes: e77b5d09-e15c-47d2-9906-1148d6692daf{ip: 10.1.0.27, host: fv-az457-50.3faczmgjfduuxnksfsdf43hgfa.dx.internal.cloudapp.net, ports: [REPLICATION=39831, RATIS=40203, RATIS_ADMIN=40203, RATIS_SERVER=40203, RATIS_DATASTREAM=33269, STANDALONE=38817], networkLocation: /default-rack, certSerialId: null, persistedOpState: IN_SERVICE, persistedOpStateExpiryEpochSec: 0}, ReplicationConfig: RATIS/ONE, State:ALLOCATED, leaderId:e77b5d09-e15c-47d2-9906-1148d6692daf, CreationTimestamp2023-01-09T20:09:42.251Z[Etc/UTC]] moved to OPEN state
2023-01-09 20:09:45,248 [pool-240-thread-1] INFO  segmented.SegmentedRaftLogWorker (SegmentedRaftLogWorker.java:<init>(189)) - new e77b5d09-e15c-47d2-9906-1148d6692daf@group-45FEFD7BE8A3-SegmentedRaftLogWorker for RaftStorageImpl:Storage Directory /home/runner/work/ozone/ozone/hadoop-ozone/integration-test/target/test-dir/MiniOzoneClusterImpl-dc953f1b-8f43-4e25-a114-36b3b0290d25/datanode-7/data/ratis/fccac757-9933-4096-b2e5-45fefd7be8a3
2023-01-09 20:09:45,248 [pool-240-thread-1] INFO  server.RaftServerConfigKeys (ConfUtils.java:logGet(46)) - raft.server.log.queue.byte-limit = 4294967296 (custom)
2023-01-09 20:09:45,249 [pool-240-thread-1] INFO  server.RaftServerConfigKeys (ConfUtils.java:logGet(46)) - raft.server.log.queue.element-limit = 1024 (custom)
2023-01-09 20:09:45,249 [pool-240-thread-1] INFO  server.RaftServerConfigKeys (ConfUtils.java:logGet(46)) - raft.server.log.segment.size.max = 1048576 (custom)
2023-01-09 20:09:45,249 [pool-240-thread-1] INFO  server.RaftServerConfigKeys (ConfUtils.java:logGet(46)) - raft.server.log.preallocated.size = 16384 (custom)
2023-01-09 20:09:45,249 [pool-240-thread-1] INFO  server.RaftServerConfigKeys (ConfUtils.java:logGet(46)) - raft.server.log.force.sync.num = 128 (default)
2023-01-09 20:09:45,249 [EventQueue-OpenPipelineForHealthyPipelineSafeModeRule] INFO  safemode.SCMSafeModeManager (HealthyPipelineSafeModeRule.java:process(137)) - SCM in safe mode. Healthy pipelines reported count is 0, required healthy pipeline reported count is 1
2023-01-09 20:09:45,249 [pool-240-thread-1] INFO  server.RaftServerConfigKeys (ConfUtils.java:logGet(46)) - raft.server.log.statemachine.data.sync = true (default)
2023-01-09 20:09:45,249 [pool-240-thread-1] INFO  server.RaftServerConfigKeys (ConfUtils.java:logGet(46)) - raft.server.log.statemachine.data.sync.timeout = 10s (default)
2023-01-09 20:09:45,249 [pool-240-thread-1] INFO  server.RaftServerConfigKeys (ConfUtils.java:logGet(46)) - raft.server.log.statemachine.data.sync.timeout.retry = -1 (default)
2023-01-09 20:09:45,250 [pool-240-thread-1] INFO  server.RaftServerConfigKeys (ConfUtils.java:logGet(46)) - raft.server.log.write.buffer.size = 1048576 (custom)
2023-01-09 20:09:45,251 [pool-240-thread-1] INFO  server.RaftServerConfigKeys (ConfUtils.java:logGet(46)) - raft.server.log.appender.buffer.byte-limit = 33554432 (custom)
2023-01-09 20:09:45,679 [JvmPauseMonitor1] WARN  util.JvmPauseMonitor (JvmPauseMonitor.java:detectPause(126)) - JvmPauseMonitor-204ebb6c-eb9c-4605-8b0a-417067302917: Detected pause in JVM or host machine (eg GC): pause of approximately 104313927ns.
GC pool 'PS MarkSweep' had collection(s): count=1 time=299ms
GC pool 'PS Scavenge' had collection(s): count=1 time=128ms
2023-01-09 20:09:45,679 [JvmPauseMonitor0] WARN  util.JvmPauseMonitor (JvmPauseMonitor.java:detectPause(126)) - JvmPauseMonitor-om1: Detected pause in JVM or host machine (eg GC): pause of approximately 118431450ns.
GC pool 'PS MarkSweep' had collection(s): count=1 time=299ms
GC pool 'PS Scavenge' had collection(s): count=1 time=128ms
2023-01-09 20:09:45,679 [JvmPauseMonitor7] WARN  util.JvmPauseMonitor (JvmPauseMonitor.java:detectPause(126)) - JvmPauseMonitor-51369307-b0de-40aa-9d6f-41f84e1cecb7: Detected pause in JVM or host machine (eg GC): pause of approximately 118326851ns.
GC pool 'PS MarkSweep' had collection(s): count=1 time=299ms
GC pool 'PS Scavenge' had collection(s): count=1 time=128ms
2023-01-09 20:09:45,679 [JvmPauseMonitor9] WARN  util.JvmPauseMonitor (JvmPauseMonitor.java:detectPause(126)) - JvmPauseMonitor-d09c218f-b416-45d6-bb77-0144cdedc1ff: Detected pause in JVM or host machine (eg GC): pause of approximately 118192452ns.
GC pool 'PS MarkSweep' had collection(s): count=1 time=299ms
GC pool 'PS Scavenge' had collection(s): count=1 time=128ms
2023-01-09 20:09:45,680 [JvmPauseMonitor4] WARN  util.JvmPauseMonitor (JvmPauseMonitor.java:detectPause(126)) - JvmPauseMonitor-93b0d557-27ed-4241-a042-86e84b32abbd: Detected pause in JVM or host machine (eg GC): pause of approximately 145910801ns.
GC pool 'PS MarkSweep' had collection(s): count=1 time=299ms
GC pool 'PS Scavenge' had collection(s): count=1 time=128ms
2023-01-09 20:09:45,680 [JvmPauseMonitor5] WARN  util.JvmPauseMonitor (JvmPauseMonitor.java:detectPause(126)) - JvmPauseMonitor-26559c5d-eeb2-413a-b661-4afee7d58202: Detected pause in JVM or host machine (eg GC): pause of approximately 145264605ns.
GC pool 'PS MarkSweep' had collection(s): count=1 time=299ms
GC pool 'PS Scavenge' had collection(s): count=1 time=128ms
2023-01-09 20:09:45,680 [JvmPauseMonitor6] WARN  util.JvmPauseMonitor (JvmPauseMonitor.java:detectPause(126)) - JvmPauseMonitor-cbda9cd1-c9bf-468c-9ce3-2b320cdae76d: Detected pause in JVM or host machine (eg GC): pause of approximately 152392366ns.
GC pool 'PS MarkSweep' had collection(s): count=1 time=299ms
GC pool 'PS Scavenge' had collection(s): count=1 time=128ms
2023-01-09 20:09:45,680 [JvmPauseMonitor8] WARN  util.JvmPauseMonitor (JvmPauseMonitor.java:detectPause(126)) - JvmPauseMonitor-e77b5d09-e15c-47d2-9906-1148d6692daf: Detected pause in JVM or host machine (eg GC): pause of approximately 152482365ns.
GC pool 'PS MarkSweep' had collection(s): count=1 time=299ms
GC pool 'PS Scavenge' had collection(s): count=1 time=128ms
2023-01-09 20:09:45,680 [JvmPauseMonitor10] WARN  util.JvmPauseMonitor (JvmPauseMonitor.java:detectPause(126)) - JvmPauseMonitor-11dbea26-f97e-4766-b357-e6f8c74d2a9f: Detected pause in JVM or host machine (eg GC): pause of approximately 145059406ns.
GC pool 'PS MarkSweep' had collection(s): count=1 time=299ms
GC pool 'PS Scavenge' had collection(s): count=1 time=128ms
2023-01-09 20:09:45,692 [Command processor thread] INFO  server.RaftServer (RaftServerProxy.java:addNew(96)) - d09c218f-b416-45d6-bb77-0144cdedc1ff: addNew group-05AB78307444:[d09c218f-b416-45d6-bb77-0144cdedc1ff|rpc:10.1.0.27:37119|dataStream:10.1.0.27:40365|priority:1|startupRole:FOLLOWER] returns group-05AB78307444:java.util.concurrent.CompletableFuture@709e6ab2[Not completed]
2023-01-09 20:09:45,695 [pool-267-thread-1] INFO  server.RaftServer$Division (RaftServerImpl.java:<init>(195)) - d09c218f-b416-45d6-bb77-0144cdedc1ff: new RaftServerImpl for group-05AB78307444:[d09c218f-b416-45d6-bb77-0144cdedc1ff|rpc:10.1.0.27:37119|dataStream:10.1.0.27:40365|priority:1|startupRole:FOLLOWER] with ContainerStateMachine:uninitialized
2023-01-09 20:09:45,696 [pool-267-thread-1] INFO  server.RaftServerConfigKeys (ConfUtils.java:logGet(46)) - raft.server.rpc.timeout.min = 5s (custom)
2023-01-09 20:09:45,696 [pool-267-thread-1] INFO  server.RaftServerConfigKeys (ConfUtils.java:logGet(46)) - raft.server.rpc.timeout.max = 5200ms (custom)
2023-01-09 20:09:45,696 [pool-267-thread-1] INFO  server.RaftServerConfigKeys (ConfUtils.java:logGet(46)) - raft.server.rpc.sleep.time = 25ms (default)
2023-01-09 20:09:45,696 [pool-267-thread-1] INFO  server.RaftServerConfigKeys (ConfUtils.java:logGet(46)) - raft.server.rpc.slowness.timeout = 300s (custom)
2023-01-09 20:09:45,696 [pool-267-thread-1] INFO  server.RaftServerConfigKeys (ConfUtils.java:logGet(46)) - raft.server.leaderelection.leader.step-down.wait-time = 10s (default)
2023-01-09 20:09:45,696 [pool-267-thread-1] INFO  server.RaftServerConfigKeys (ConfUtils.java:logGet(46)) - raft.server.sleep.deviation.threshold = 300ms (default)
2023-01-09 20:09:45,696 [pool-267-thread-1] INFO  server.RaftServer$Division (ServerState.java:<init>(118)) - d09c218f-b416-45d6-bb77-0144cdedc1ff@group-05AB78307444: ConfigurationManager, init=-1: peers:[d09c218f-b416-45d6-bb77-0144cdedc1ff|rpc:10.1.0.27:37119|dataStream:10.1.0.27:40365|priority:1|startupRole:FOLLOWER]|listeners:[], old=null, confs=<EMPTY_MAP>
2023-01-09 20:09:45,696 [pool-267-thread-1] INFO  server.RaftServerConfigKeys (ConfUtils.java:logGet(46)) - raft.server.storage.dir = [/home/runner/work/ozone/ozone/hadoop-ozone/integration-test/target/test-dir/MiniOzoneClusterImpl-dc953f1b-8f43-4e25-a114-36b3b0290d25/datanode-8/data/ratis] (custom)
2023-01-09 20:09:45,696 [pool-267-thread-1] INFO  server.RaftServerConfigKeys (ConfUtils.java:logGet(46)) - raft.server.log.corruption.policy = EXCEPTION (default)
2023-01-09 20:09:45,696 [pool-267-thread-1] INFO  server.RaftServerConfigKeys (ConfUtils.java:logGet(46)) - raft.server.storage.free-space.min = 0MB (=0) (default)
2023-01-09 20:09:45,697 [pool-267-thread-1] INFO  server.RaftServerConfigKeys (ConfUtils.java:logGet(46)) - raft.server.notification.no-leader.timeout = 300s (custom)
2023-01-09 20:09:45,697 [pool-267-thread-1] INFO  server.RaftServerConfigKeys (ConfUtils.java:logGet(46)) - raft.server.retrycache.expirytime = 600000ms (custom)
2023-01-09 20:09:45,697 [pool-267-thread-1] INFO  server.RaftServerConfigKeys (ConfUtils.java:logGet(46)) - raft.server.retrycache.statistics.expirytime = 100μs (default)
2023-01-09 20:09:45,700 [pool-240-thread-1] INFO  server.RaftServerConfigKeys (ConfUtils.java:logGet(46)) - raft.server.log.unsafe-flush.enabled = false (default)
2023-01-09 20:09:45,700 [pool-240-thread-1] INFO  server.RaftServerConfigKeys (ConfUtils.java:logGet(46)) - raft.server.log.async-flush.enabled = false (default)
2023-01-09 20:09:45,700 [pool-240-thread-1] INFO  server.RaftServerConfigKeys (ConfUtils.java:logGet(46)) - raft.server.log.statemachine.data.caching.enabled = true (custom)
2023-01-09 20:09:45,701 [pool-240-thread-1] INFO  segmented.SegmentedRaftLogWorker (SegmentedRaftLogWorker.java:lambda$new$0(135)) - e77b5d09-e15c-47d2-9906-1148d6692daf@group-45FEFD7BE8A3-SegmentedRaftLogWorker: flushIndex: setUnconditionally 0 -> -1
2023-01-09 20:09:45,701 [pool-240-thread-1] INFO  segmented.SegmentedRaftLogWorker (SegmentedRaftLogWorker.java:lambda$new$0(135)) - e77b5d09-e15c-47d2-9906-1148d6692daf@group-45FEFD7BE8A3-SegmentedRaftLogWorker: safeCacheEvictIndex: setUnconditionally 0 -> -1
2023-01-09 20:09:45,701 [pool-267-thread-1] INFO  server.RaftServerConfigKeys (ConfUtils.java:logGet(46)) - raft.server.log.appender.install.snapshot.enabled = false (custom)
2023-01-09 20:09:45,701 [pool-267-thread-1] INFO  server.RaftServerConfigKeys (ConfUtils.java:logGet(46)) - raft.server.threadpool.server.cached = true (default)
2023-01-09 20:09:45,701 [pool-267-thread-1] INFO  server.RaftServerConfigKeys (ConfUtils.java:logGet(46)) - raft.server.threadpool.server.size = 0 (default)
2023-01-09 20:09:45,701 [pool-267-thread-1] INFO  server.RaftServerConfigKeys (ConfUtils.java:logGet(46)) - raft.server.threadpool.client.cached = true (default)
2023-01-09 20:09:45,701 [pool-267-thread-1] INFO  server.RaftServerConfigKeys (ConfUtils.java:logGet(46)) - raft.server.threadpool.client.size = 0 (default)
2023-01-09 20:09:45,701 [pool-267-thread-1] INFO  storage.RaftStorageDirectory (RaftStorageDirectoryImpl.java:analyzeStorage(137)) - The storage directory /home/runner/work/ozone/ozone/hadoop-ozone/integration-test/target/test-dir/MiniOzoneClusterImpl-dc953f1b-8f43-4e25-a114-36b3b0290d25/datanode-8/data/ratis/7e7e1772-22d4-48f1-8d1b-05ab78307444 does not exist. Creating ...
2023-01-09 20:09:45,703 [pool-267-thread-1] INFO  storage.RaftStorageDirectory (RaftStorageDirectoryImpl.java:tryLock(231)) - Lock on /home/runner/work/ozone/ozone/hadoop-ozone/integration-test/target/test-dir/MiniOzoneClusterImpl-dc953f1b-8f43-4e25-a114-36b3b0290d25/datanode-8/data/ratis/7e7e1772-22d4-48f1-8d1b-05ab78307444/in_use.lock acquired by nodename 50886@fv-az457-50
2023-01-09 20:09:45,704 [pool-240-thread-1] INFO  server.RaftServer$Division (RaftServerImpl.java:start(334)) - e77b5d09-e15c-47d2-9906-1148d6692daf@group-45FEFD7BE8A3: start as a follower, conf=-1: peers:[e77b5d09-e15c-47d2-9906-1148d6692daf|rpc:10.1.0.27:40203|dataStream:10.1.0.27:33269|priority:1|startupRole:FOLLOWER]|listeners:[], old=null
2023-01-09 20:09:45,704 [pool-240-thread-1] INFO  server.RaftServer$Division (RaftServerImpl.java:setRole(321)) - e77b5d09-e15c-47d2-9906-1148d6692daf@group-45FEFD7BE8A3: changes role from      null to FOLLOWER at term 0 for startAsFollower
2023-01-09 20:09:45,704 [pool-240-thread-1] INFO  impl.RoleInfo (RoleInfo.java:updateAndGet(139)) - e77b5d09-e15c-47d2-9906-1148d6692daf: start e77b5d09-e15c-47d2-9906-1148d6692daf@group-45FEFD7BE8A3-FollowerState
2023-01-09 20:09:45,705 [pool-240-thread-1] INFO  util.JmxRegister (JmxRegister.java:tryRegister(44)) - Successfully registered JMX Bean with object name Ratis:service=RaftServer,group=group-45FEFD7BE8A3,id=e77b5d09-e15c-47d2-9906-1148d6692daf
2023-01-09 20:09:45,705 [pool-240-thread-1] INFO  server.RaftServerConfigKeys (ConfUtils.java:logGet(46)) - raft.server.snapshot.auto.trigger.enabled = true (custom)
2023-01-09 20:09:45,705 [pool-240-thread-1] INFO  server.RaftServerConfigKeys (ConfUtils.java:logGet(46)) - raft.server.snapshot.auto.trigger.threshold = 10000 (custom)
2023-01-09 20:09:45,706 [pool-240-thread-1] INFO  server.RaftServerConfigKeys (ConfUtils.java:logGet(46)) - raft.server.snapshot.retention.file.num = 5 (custom)
2023-01-09 20:09:45,708 [e77b5d09-e15c-47d2-9906-1148d6692daf@group-45FEFD7BE8A3-FollowerState] INFO  server.RaftServerConfigKeys (ConfUtils.java:logFallback(53)) - raft.server.rpc.first-election.timeout.min = 5s (fallback to raft.server.rpc.timeout.min)
2023-01-09 20:09:45,708 [pool-240-thread-1] INFO  server.RaftServerConfigKeys (ConfUtils.java:logGet(46)) - raft.server.log.purge.upto.snapshot.index = false (default)
2023-01-09 20:09:45,706 [pool-267-thread-1] INFO  storage.RaftStorage (RaftStorageImpl.java:format(96)) - Storage directory /home/runner/work/ozone/ozone/hadoop-ozone/integration-test/target/test-dir/MiniOzoneClusterImpl-dc953f1b-8f43-4e25-a114-36b3b0290d25/datanode-8/data/ratis/7e7e1772-22d4-48f1-8d1b-05ab78307444 has been successfully formatted.
2023-01-09 20:09:45,715 [e77b5d09-e15c-47d2-9906-1148d6692daf@group-45FEFD7BE8A3-FollowerState] INFO  server.RaftServerConfigKeys (ConfUtils.java:logFallback(53)) - raft.server.rpc.first-election.timeout.max = 5200ms (fallback to raft.server.rpc.timeout.max)
2023-01-09 20:09:45,719 [Command processor thread] INFO  ratis.XceiverServerRatis (XceiverServerRatis.java:addGroup(806)) - Created group PipelineID=fccac757-9933-4096-b2e5-45fefd7be8a3
2023-01-09 20:09:45,719 [Command processor thread] INFO  commandhandler.CreatePipelineCommandHandler (CreatePipelineCommandHandler.java:handle(113)) - Created Pipeline RATIS ONE PipelineID=fccac757-9933-4096-b2e5-45fefd7be8a3.
2023-01-09 20:09:45,719 [pool-267-thread-1] INFO  ratis.ContainerStateMachine (ContainerStateMachine.java:loadSnapshot(240)) - group-05AB78307444: The snapshot info is null. Setting the last applied indexto:(t:0, i:~)
2023-01-09 20:09:45,719 [pool-267-thread-1] INFO  server.RaftServerConfigKeys (ConfUtils.java:logGet(46)) - raft.server.log.use.memory = false (default)
2023-01-09 20:09:45,719 [pool-267-thread-1] INFO  server.RaftServerConfigKeys (ConfUtils.java:logGet(46)) - raft.server.log.purge.gap = 1000000 (custom)
2023-01-09 20:09:45,720 [pool-267-thread-1] INFO  server.RaftServerConfigKeys (ConfUtils.java:logGet(46)) - raft.server.log.appender.buffer.byte-limit = 33554432 (custom)
2023-01-09 20:09:45,720 [pool-267-thread-1] INFO  server.RaftServerConfigKeys (ConfUtils.java:logGet(46)) - raft.server.log.statemachine.data.read.timeout = 1000ms (default)
2023-01-09 20:09:45,720 [pool-267-thread-1] INFO  server.RaftServerConfigKeys (ConfUtils.java:logGet(46)) - raft.server.log.purge.preservation.log.num = 0 (default)
2023-01-09 20:09:45,720 [pool-267-thread-1] INFO  server.RaftServerConfigKeys (ConfUtils.java:logGet(46)) - raft.server.log.segment.size.max = 1048576 (custom)
2023-01-09 20:09:45,720 [pool-267-thread-1] INFO  server.RaftServerConfigKeys (ConfUtils.java:logGet(46)) - raft.server.log.segment.cache.num.max = 2 (custom)
2023-01-09 20:09:45,720 [pool-267-thread-1] INFO  server.RaftServerConfigKeys (ConfUtils.java:logGet(46)) - raft.server.log.segment.cache.size.max = 200MB (=209715200) (default)
2023-01-09 20:09:45,721 [pool-267-thread-1] INFO  segmented.SegmentedRaftLogWorker (SegmentedRaftLogWorker.java:<init>(189)) - new d09c218f-b416-45d6-bb77-0144cdedc1ff@group-05AB78307444-SegmentedRaftLogWorker for RaftStorageImpl:Storage Directory /home/runner/work/ozone/ozone/hadoop-ozone/integration-test/target/test-dir/MiniOzoneClusterImpl-dc953f1b-8f43-4e25-a114-36b3b0290d25/datanode-8/data/ratis/7e7e1772-22d4-48f1-8d1b-05ab78307444
2023-01-09 20:09:45,721 [pool-267-thread-1] INFO  server.RaftServerConfigKeys (ConfUtils.java:logGet(46)) - raft.server.log.queue.byte-limit = 4294967296 (custom)
2023-01-09 20:09:45,721 [pool-267-thread-1] INFO  server.RaftServerConfigKeys (ConfUtils.java:logGet(46)) - raft.server.log.queue.element-limit = 1024 (custom)
2023-01-09 20:09:45,721 [pool-267-thread-1] INFO  server.RaftServerConfigKeys (ConfUtils.java:logGet(46)) - raft.server.log.segment.size.max = 1048576 (custom)
2023-01-09 20:09:45,721 [pool-267-thread-1] INFO  server.RaftServerConfigKeys (ConfUtils.java:logGet(46)) - raft.server.log.preallocated.size = 16384 (custom)
2023-01-09 20:09:45,721 [pool-267-thread-1] INFO  server.RaftServerConfigKeys (ConfUtils.java:logGet(46)) - raft.server.log.force.sync.num = 128 (default)
2023-01-09 20:09:45,721 [pool-267-thread-1] INFO  server.RaftServerConfigKeys (ConfUtils.java:logGet(46)) - raft.server.log.statemachine.data.sync = true (default)
2023-01-09 20:09:45,721 [pool-267-thread-1] INFO  server.RaftServerConfigKeys (ConfUtils.java:logGet(46)) - raft.server.log.statemachine.data.sync.timeout = 10s (default)
2023-01-09 20:09:45,723 [pool-267-thread-1] INFO  server.RaftServerConfigKeys (ConfUtils.java:logGet(46)) - raft.server.log.statemachine.data.sync.timeout.retry = -1 (default)
2023-01-09 20:09:45,724 [pool-267-thread-1] INFO  server.RaftServerConfigKeys (ConfUtils.java:logGet(46)) - raft.server.log.write.buffer.size = 1048576 (custom)
2023-01-09 20:09:45,725 [EventQueue-PipelineReportForPipelineReportHandler] INFO  pipeline.PipelineManagerImpl (PipelineManagerImpl.java:openPipeline(367)) - Pipeline Pipeline[ Id: 7e7e1772-22d4-48f1-8d1b-05ab78307444, Nodes: d09c218f-b416-45d6-bb77-0144cdedc1ff{ip: 10.1.0.27, host: fv-az457-50.3faczmgjfduuxnksfsdf43hgfa.dx.internal.cloudapp.net, ports: [REPLICATION=35093, RATIS=37119, RATIS_ADMIN=37119, RATIS_SERVER=37119, RATIS_DATASTREAM=40365, STANDALONE=38283], networkLocation: /default-rack, certSerialId: null, persistedOpState: IN_SERVICE, persistedOpStateExpiryEpochSec: 0}, ReplicationConfig: RATIS/ONE, State:ALLOCATED, leaderId:d09c218f-b416-45d6-bb77-0144cdedc1ff, CreationTimestamp2023-01-09T20:09:42.696Z[Etc/UTC]] moved to OPEN state
2023-01-09 20:09:45,725 [pool-267-thread-1] INFO  server.RaftServerConfigKeys (ConfUtils.java:logGet(46)) - raft.server.log.appender.buffer.byte-limit = 33554432 (custom)
2023-01-09 20:09:45,726 [EventQueue-OpenPipelineForHealthyPipelineSafeModeRule] INFO  safemode.SCMSafeModeManager (HealthyPipelineSafeModeRule.java:process(137)) - SCM in safe mode. Healthy pipelines reported count is 0, required healthy pipeline reported count is 1
2023-01-09 20:09:45,733 [pool-267-thread-1] INFO  server.RaftServerConfigKeys (ConfUtils.java:logGet(46)) - raft.server.log.unsafe-flush.enabled = false (default)
2023-01-09 20:09:45,733 [pool-267-thread-1] INFO  server.RaftServerConfigKeys (ConfUtils.java:logGet(46)) - raft.server.log.async-flush.enabled = false (default)
2023-01-09 20:09:45,733 [pool-267-thread-1] INFO  server.RaftServerConfigKeys (ConfUtils.java:logGet(46)) - raft.server.log.statemachine.data.caching.enabled = true (custom)
2023-01-09 20:09:45,734 [pool-267-thread-1] INFO  segmented.SegmentedRaftLogWorker (SegmentedRaftLogWorker.java:lambda$new$0(135)) - d09c218f-b416-45d6-bb77-0144cdedc1ff@group-05AB78307444-SegmentedRaftLogWorker: flushIndex: setUnconditionally 0 -> -1
2023-01-09 20:09:45,734 [pool-267-thread-1] INFO  segmented.SegmentedRaftLogWorker (SegmentedRaftLogWorker.java:lambda$new$0(135)) - d09c218f-b416-45d6-bb77-0144cdedc1ff@group-05AB78307444-SegmentedRaftLogWorker: safeCacheEvictIndex: setUnconditionally 0 -> -1
2023-01-09 20:09:45,734 [pool-267-thread-1] INFO  server.RaftServer$Division (RaftServerImpl.java:start(334)) - d09c218f-b416-45d6-bb77-0144cdedc1ff@group-05AB78307444: start as a follower, conf=-1: peers:[d09c218f-b416-45d6-bb77-0144cdedc1ff|rpc:10.1.0.27:37119|dataStream:10.1.0.27:40365|priority:1|startupRole:FOLLOWER]|listeners:[], old=null
2023-01-09 20:09:45,735 [pool-267-thread-1] INFO  server.RaftServer$Division (RaftServerImpl.java:setRole(321)) - d09c218f-b416-45d6-bb77-0144cdedc1ff@group-05AB78307444: changes role from      null to FOLLOWER at term 0 for startAsFollower
2023-01-09 20:09:45,735 [pool-267-thread-1] INFO  impl.RoleInfo (RoleInfo.java:updateAndGet(139)) - d09c218f-b416-45d6-bb77-0144cdedc1ff: start d09c218f-b416-45d6-bb77-0144cdedc1ff@group-05AB78307444-FollowerState
2023-01-09 20:09:45,735 [pool-267-thread-1] INFO  util.JmxRegister (JmxRegister.java:tryRegister(44)) - Successfully registered JMX Bean with object name Ratis:service=RaftServer,group=group-05AB78307444,id=d09c218f-b416-45d6-bb77-0144cdedc1ff
2023-01-09 20:09:45,735 [pool-267-thread-1] INFO  server.RaftServerConfigKeys (ConfUtils.java:logGet(46)) - raft.server.snapshot.auto.trigger.enabled = true (custom)
2023-01-09 20:09:45,735 [pool-267-thread-1] INFO  server.RaftServerConfigKeys (ConfUtils.java:logGet(46)) - raft.server.snapshot.auto.trigger.threshold = 10000 (custom)
2023-01-09 20:09:45,735 [pool-267-thread-1] INFO  server.RaftServerConfigKeys (ConfUtils.java:logGet(46)) - raft.server.snapshot.retention.file.num = 5 (custom)
2023-01-09 20:09:45,735 [pool-267-thread-1] INFO  server.RaftServerConfigKeys (ConfUtils.java:logGet(46)) - raft.server.log.purge.upto.snapshot.index = false (default)
2023-01-09 20:09:45,736 [d09c218f-b416-45d6-bb77-0144cdedc1ff@group-05AB78307444-FollowerState] INFO  server.RaftServerConfigKeys (ConfUtils.java:logFallback(53)) - raft.server.rpc.first-election.timeout.min = 5s (fallback to raft.server.rpc.timeout.min)
2023-01-09 20:09:45,736 [d09c218f-b416-45d6-bb77-0144cdedc1ff@group-05AB78307444-FollowerState] INFO  server.RaftServerConfigKeys (ConfUtils.java:logFallback(53)) - raft.server.rpc.first-election.timeout.max = 5200ms (fallback to raft.server.rpc.timeout.max)
2023-01-09 20:09:45,737 [Command processor thread] INFO  ratis.XceiverServerRatis (XceiverServerRatis.java:addGroup(806)) - Created group PipelineID=7e7e1772-22d4-48f1-8d1b-05ab78307444
2023-01-09 20:09:45,737 [Command processor thread] INFO  commandhandler.CreatePipelineCommandHandler (CreatePipelineCommandHandler.java:handle(113)) - Created Pipeline RATIS ONE PipelineID=7e7e1772-22d4-48f1-8d1b-05ab78307444.
2023-01-09 20:09:46,217 [Command processor thread] INFO  server.RaftServer (RaftServerProxy.java:addNew(96)) - 11dbea26-f97e-4766-b357-e6f8c74d2a9f: addNew group-BF7384A7D9B8:[11dbea26-f97e-4766-b357-e6f8c74d2a9f|rpc:10.1.0.27:34435|dataStream:10.1.0.27:45933|priority:1|startupRole:FOLLOWER] returns group-BF7384A7D9B8:java.util.concurrent.CompletableFuture@377f0af5[Not completed]
2023-01-09 20:09:46,219 [pool-298-thread-1] INFO  server.RaftServer$Division (RaftServerImpl.java:<init>(195)) - 11dbea26-f97e-4766-b357-e6f8c74d2a9f: new RaftServerImpl for group-BF7384A7D9B8:[11dbea26-f97e-4766-b357-e6f8c74d2a9f|rpc:10.1.0.27:34435|dataStream:10.1.0.27:45933|priority:1|startupRole:FOLLOWER] with ContainerStateMachine:uninitialized
2023-01-09 20:09:46,219 [pool-298-thread-1] INFO  server.RaftServerConfigKeys (ConfUtils.java:logGet(46)) - raft.server.rpc.timeout.min = 5s (custom)
2023-01-09 20:09:46,219 [pool-298-thread-1] INFO  server.RaftServerConfigKeys (ConfUtils.java:logGet(46)) - raft.server.rpc.timeout.max = 5200ms (custom)
2023-01-09 20:09:46,219 [pool-298-thread-1] INFO  server.RaftServerConfigKeys (ConfUtils.java:logGet(46)) - raft.server.rpc.sleep.time = 25ms (default)
2023-01-09 20:09:46,219 [pool-298-thread-1] INFO  server.RaftServerConfigKeys (ConfUtils.java:logGet(46)) - raft.server.rpc.slowness.timeout = 300s (custom)
2023-01-09 20:09:46,219 [pool-298-thread-1] INFO  server.RaftServerConfigKeys (ConfUtils.java:logGet(46)) - raft.server.leaderelection.leader.step-down.wait-time = 10s (default)
2023-01-09 20:09:46,219 [pool-298-thread-1] INFO  server.RaftServerConfigKeys (ConfUtils.java:logGet(46)) - raft.server.sleep.deviation.threshold = 300ms (default)
2023-01-09 20:09:46,220 [pool-298-thread-1] INFO  server.RaftServer$Division (ServerState.java:<init>(118)) - 11dbea26-f97e-4766-b357-e6f8c74d2a9f@group-BF7384A7D9B8: ConfigurationManager, init=-1: peers:[11dbea26-f97e-4766-b357-e6f8c74d2a9f|rpc:10.1.0.27:34435|dataStream:10.1.0.27:45933|priority:1|startupRole:FOLLOWER]|listeners:[], old=null, confs=<EMPTY_MAP>
2023-01-09 20:09:46,220 [pool-298-thread-1] INFO  server.RaftServerConfigKeys (ConfUtils.java:logGet(46)) - raft.server.storage.dir = [/home/runner/work/ozone/ozone/hadoop-ozone/integration-test/target/test-dir/MiniOzoneClusterImpl-dc953f1b-8f43-4e25-a114-36b3b0290d25/datanode-9/data/ratis] (custom)
2023-01-09 20:09:46,220 [pool-298-thread-1] INFO  server.RaftServerConfigKeys (ConfUtils.java:logGet(46)) - raft.server.log.corruption.policy = EXCEPTION (default)
2023-01-09 20:09:46,220 [pool-298-thread-1] INFO  server.RaftServerConfigKeys (ConfUtils.java:logGet(46)) - raft.server.storage.free-space.min = 0MB (=0) (default)
2023-01-09 20:09:46,220 [pool-298-thread-1] INFO  server.RaftServerConfigKeys (ConfUtils.java:logGet(46)) - raft.server.notification.no-leader.timeout = 300s (custom)
2023-01-09 20:09:46,220 [pool-298-thread-1] INFO  server.RaftServerConfigKeys (ConfUtils.java:logGet(46)) - raft.server.retrycache.expirytime = 600000ms (custom)
2023-01-09 20:09:46,220 [Listener at 127.0.0.1/33951] INFO  ozone.MiniOzoneClusterImpl (MiniOzoneClusterImpl.java:lambda$waitForClusterToBeReady$0(218)) - Nodes are ready. Got 10 of 10 DN Heartbeats.
2023-01-09 20:09:46,221 [Listener at 127.0.0.1/33951] INFO  ozone.MiniOzoneClusterImpl (MiniOzoneClusterImpl.java:lambda$waitForClusterToBeReady$0(221)) - Waiting for cluster to exit safe mode
2023-01-09 20:09:46,221 [Listener at 127.0.0.1/33951] INFO  ozone.MiniOzoneClusterImpl (MiniOzoneClusterImpl.java:lambda$waitForClusterToBeReady$0(223)) - SCM became leader
2023-01-09 20:09:46,220 [pool-298-thread-1] INFO  server.RaftServerConfigKeys (ConfUtils.java:logGet(46)) - raft.server.retrycache.statistics.expirytime = 100μs (default)
2023-01-09 20:09:46,223 [pool-298-thread-1] INFO  server.RaftServerConfigKeys (ConfUtils.java:logGet(46)) - raft.server.log.appender.install.snapshot.enabled = false (custom)
2023-01-09 20:09:46,223 [pool-298-thread-1] INFO  server.RaftServerConfigKeys (ConfUtils.java:logGet(46)) - raft.server.threadpool.server.cached = true (default)
2023-01-09 20:09:46,223 [pool-298-thread-1] INFO  server.RaftServerConfigKeys (ConfUtils.java:logGet(46)) - raft.server.threadpool.server.size = 0 (default)
2023-01-09 20:09:46,223 [pool-298-thread-1] INFO  server.RaftServerConfigKeys (ConfUtils.java:logGet(46)) - raft.server.threadpool.client.cached = true (default)
2023-01-09 20:09:46,223 [pool-298-thread-1] INFO  server.RaftServerConfigKeys (ConfUtils.java:logGet(46)) - raft.server.threadpool.client.size = 0 (default)
2023-01-09 20:09:46,224 [pool-298-thread-1] INFO  storage.RaftStorageDirectory (RaftStorageDirectoryImpl.java:analyzeStorage(137)) - The storage directory /home/runner/work/ozone/ozone/hadoop-ozone/integration-test/target/test-dir/MiniOzoneClusterImpl-dc953f1b-8f43-4e25-a114-36b3b0290d25/datanode-9/data/ratis/3b96d783-9c96-48a0-9967-bf7384a7d9b8 does not exist. Creating ...
2023-01-09 20:09:46,225 [pool-298-thread-1] INFO  storage.RaftStorageDirectory (RaftStorageDirectoryImpl.java:tryLock(231)) - Lock on /home/runner/work/ozone/ozone/hadoop-ozone/integration-test/target/test-dir/MiniOzoneClusterImpl-dc953f1b-8f43-4e25-a114-36b3b0290d25/datanode-9/data/ratis/3b96d783-9c96-48a0-9967-bf7384a7d9b8/in_use.lock acquired by nodename 50886@fv-az457-50
2023-01-09 20:09:46,226 [pool-298-thread-1] INFO  storage.RaftStorage (RaftStorageImpl.java:format(96)) - Storage directory /home/runner/work/ozone/ozone/hadoop-ozone/integration-test/target/test-dir/MiniOzoneClusterImpl-dc953f1b-8f43-4e25-a114-36b3b0290d25/datanode-9/data/ratis/3b96d783-9c96-48a0-9967-bf7384a7d9b8 has been successfully formatted.
2023-01-09 20:09:46,227 [pool-298-thread-1] INFO  ratis.ContainerStateMachine (ContainerStateMachine.java:loadSnapshot(240)) - group-BF7384A7D9B8: The snapshot info is null. Setting the last applied indexto:(t:0, i:~)
2023-01-09 20:09:46,227 [pool-298-thread-1] INFO  server.RaftServerConfigKeys (ConfUtils.java:logGet(46)) - raft.server.log.use.memory = false (default)
2023-01-09 20:09:46,227 [pool-298-thread-1] INFO  server.RaftServerConfigKeys (ConfUtils.java:logGet(46)) - raft.server.log.purge.gap = 1000000 (custom)
2023-01-09 20:09:46,228 [pool-298-thread-1] INFO  server.RaftServerConfigKeys (ConfUtils.java:logGet(46)) - raft.server.log.appender.buffer.byte-limit = 33554432 (custom)
2023-01-09 20:09:46,228 [pool-298-thread-1] INFO  server.RaftServerConfigKeys (ConfUtils.java:logGet(46)) - raft.server.log.statemachine.data.read.timeout = 1000ms (default)
2023-01-09 20:09:46,228 [pool-298-thread-1] INFO  server.RaftServerConfigKeys (ConfUtils.java:logGet(46)) - raft.server.log.purge.preservation.log.num = 0 (default)
2023-01-09 20:09:46,228 [pool-298-thread-1] INFO  server.RaftServerConfigKeys (ConfUtils.java:logGet(46)) - raft.server.log.segment.size.max = 1048576 (custom)
2023-01-09 20:09:46,229 [pool-298-thread-1] INFO  server.RaftServerConfigKeys (ConfUtils.java:logGet(46)) - raft.server.log.segment.cache.num.max = 2 (custom)
2023-01-09 20:09:46,229 [pool-298-thread-1] INFO  server.RaftServerConfigKeys (ConfUtils.java:logGet(46)) - raft.server.log.segment.cache.size.max = 200MB (=209715200) (default)
2023-01-09 20:09:46,229 [pool-298-thread-1] INFO  segmented.SegmentedRaftLogWorker (SegmentedRaftLogWorker.java:<init>(189)) - new 11dbea26-f97e-4766-b357-e6f8c74d2a9f@group-BF7384A7D9B8-SegmentedRaftLogWorker for RaftStorageImpl:Storage Directory /home/runner/work/ozone/ozone/hadoop-ozone/integration-test/target/test-dir/MiniOzoneClusterImpl-dc953f1b-8f43-4e25-a114-36b3b0290d25/datanode-9/data/ratis/3b96d783-9c96-48a0-9967-bf7384a7d9b8
2023-01-09 20:09:46,229 [pool-298-thread-1] INFO  server.RaftServerConfigKeys (ConfUtils.java:logGet(46)) - raft.server.log.queue.byte-limit = 4294967296 (custom)
2023-01-09 20:09:46,229 [pool-298-thread-1] INFO  server.RaftServerConfigKeys (ConfUtils.java:logGet(46)) - raft.server.log.queue.element-limit = 1024 (custom)
2023-01-09 20:09:46,229 [pool-298-thread-1] INFO  server.RaftServerConfigKeys (ConfUtils.java:logGet(46)) - raft.server.log.segment.size.max = 1048576 (custom)
2023-01-09 20:09:46,229 [pool-298-thread-1] INFO  server.RaftServerConfigKeys (ConfUtils.java:logGet(46)) - raft.server.log.preallocated.size = 16384 (custom)
2023-01-09 20:09:46,229 [pool-298-thread-1] INFO  server.RaftServerConfigKeys (ConfUtils.java:logGet(46)) - raft.server.log.force.sync.num = 128 (default)
2023-01-09 20:09:46,229 [pool-298-thread-1] INFO  server.RaftServerConfigKeys (ConfUtils.java:logGet(46)) - raft.server.log.statemachine.data.sync = true (default)
2023-01-09 20:09:46,229 [pool-298-thread-1] INFO  server.RaftServerConfigKeys (ConfUtils.java:logGet(46)) - raft.server.log.statemachine.data.sync.timeout = 10s (default)
2023-01-09 20:09:46,229 [pool-298-thread-1] INFO  server.RaftServerConfigKeys (ConfUtils.java:logGet(46)) - raft.server.log.statemachine.data.sync.timeout.retry = -1 (default)
2023-01-09 20:09:46,230 [EventQueue-PipelineReportForPipelineReportHandler] INFO  pipeline.PipelineManagerImpl (PipelineManagerImpl.java:openPipeline(367)) - Pipeline Pipeline[ Id: 3b96d783-9c96-48a0-9967-bf7384a7d9b8, Nodes: 11dbea26-f97e-4766-b357-e6f8c74d2a9f{ip: 10.1.0.27, host: fv-az457-50.3faczmgjfduuxnksfsdf43hgfa.dx.internal.cloudapp.net, ports: [REPLICATION=45451, RATIS=34435, RATIS_ADMIN=34435, RATIS_SERVER=34435, RATIS_DATASTREAM=45933, STANDALONE=33343], networkLocation: /default-rack, certSerialId: null, persistedOpState: IN_SERVICE, persistedOpStateExpiryEpochSec: 0}, ReplicationConfig: RATIS/ONE, State:ALLOCATED, leaderId:11dbea26-f97e-4766-b357-e6f8c74d2a9f, CreationTimestamp2023-01-09T20:09:43.256Z[Etc/UTC]] moved to OPEN state
2023-01-09 20:09:46,230 [EventQueue-OpenPipelineForHealthyPipelineSafeModeRule] INFO  safemode.SCMSafeModeManager (HealthyPipelineSafeModeRule.java:process(137)) - SCM in safe mode. Healthy pipelines reported count is 0, required healthy pipeline reported count is 1
2023-01-09 20:09:46,231 [pool-298-thread-1] INFO  server.RaftServerConfigKeys (ConfUtils.java:logGet(46)) - raft.server.log.write.buffer.size = 1048576 (custom)
2023-01-09 20:09:46,231 [pool-298-thread-1] INFO  server.RaftServerConfigKeys (ConfUtils.java:logGet(46)) - raft.server.log.appender.buffer.byte-limit = 33554432 (custom)
2023-01-09 20:09:46,236 [pool-298-thread-1] INFO  server.RaftServerConfigKeys (ConfUtils.java:logGet(46)) - raft.server.log.unsafe-flush.enabled = false (default)
2023-01-09 20:09:46,237 [pool-298-thread-1] INFO  server.RaftServerConfigKeys (ConfUtils.java:logGet(46)) - raft.server.log.async-flush.enabled = false (default)
2023-01-09 20:09:46,237 [pool-298-thread-1] INFO  server.RaftServerConfigKeys (ConfUtils.java:logGet(46)) - raft.server.log.statemachine.data.caching.enabled = true (custom)
2023-01-09 20:09:46,237 [pool-298-thread-1] INFO  segmented.SegmentedRaftLogWorker (SegmentedRaftLogWorker.java:lambda$new$0(135)) - 11dbea26-f97e-4766-b357-e6f8c74d2a9f@group-BF7384A7D9B8-SegmentedRaftLogWorker: flushIndex: setUnconditionally 0 -> -1
2023-01-09 20:09:46,237 [pool-298-thread-1] INFO  segmented.SegmentedRaftLogWorker (SegmentedRaftLogWorker.java:lambda$new$0(135)) - 11dbea26-f97e-4766-b357-e6f8c74d2a9f@group-BF7384A7D9B8-SegmentedRaftLogWorker: safeCacheEvictIndex: setUnconditionally 0 -> -1
2023-01-09 20:09:46,238 [pool-298-thread-1] INFO  server.RaftServer$Division (RaftServerImpl.java:start(334)) - 11dbea26-f97e-4766-b357-e6f8c74d2a9f@group-BF7384A7D9B8: start as a follower, conf=-1: peers:[11dbea26-f97e-4766-b357-e6f8c74d2a9f|rpc:10.1.0.27:34435|dataStream:10.1.0.27:45933|priority:1|startupRole:FOLLOWER]|listeners:[], old=null
2023-01-09 20:09:46,238 [pool-298-thread-1] INFO  server.RaftServer$Division (RaftServerImpl.java:setRole(321)) - 11dbea26-f97e-4766-b357-e6f8c74d2a9f@group-BF7384A7D9B8: changes role from      null to FOLLOWER at term 0 for startAsFollower
2023-01-09 20:09:46,238 [pool-298-thread-1] INFO  impl.RoleInfo (RoleInfo.java:updateAndGet(139)) - 11dbea26-f97e-4766-b357-e6f8c74d2a9f: start 11dbea26-f97e-4766-b357-e6f8c74d2a9f@group-BF7384A7D9B8-FollowerState
2023-01-09 20:09:46,238 [11dbea26-f97e-4766-b357-e6f8c74d2a9f@group-BF7384A7D9B8-FollowerState] INFO  server.RaftServerConfigKeys (ConfUtils.java:logFallback(53)) - raft.server.rpc.first-election.timeout.min = 5s (fallback to raft.server.rpc.timeout.min)
2023-01-09 20:09:46,238 [pool-298-thread-1] INFO  util.JmxRegister (JmxRegister.java:tryRegister(44)) - Successfully registered JMX Bean with object name Ratis:service=RaftServer,group=group-BF7384A7D9B8,id=11dbea26-f97e-4766-b357-e6f8c74d2a9f
2023-01-09 20:09:46,238 [pool-298-thread-1] INFO  server.RaftServerConfigKeys (ConfUtils.java:logGet(46)) - raft.server.snapshot.auto.trigger.enabled = true (custom)
2023-01-09 20:09:46,238 [11dbea26-f97e-4766-b357-e6f8c74d2a9f@group-BF7384A7D9B8-FollowerState] INFO  server.RaftServerConfigKeys (ConfUtils.java:logFallback(53)) - raft.server.rpc.first-election.timeout.max = 5200ms (fallback to raft.server.rpc.timeout.max)
2023-01-09 20:09:46,239 [pool-298-thread-1] INFO  server.RaftServerConfigKeys (ConfUtils.java:logGet(46)) - raft.server.snapshot.auto.trigger.threshold = 10000 (custom)
2023-01-09 20:09:46,239 [pool-298-thread-1] INFO  server.RaftServerConfigKeys (ConfUtils.java:logGet(46)) - raft.server.snapshot.retention.file.num = 5 (custom)
2023-01-09 20:09:46,239 [pool-298-thread-1] INFO  server.RaftServerConfigKeys (ConfUtils.java:logGet(46)) - raft.server.log.purge.upto.snapshot.index = false (default)
2023-01-09 20:09:46,240 [Command processor thread] INFO  ratis.XceiverServerRatis (XceiverServerRatis.java:addGroup(806)) - Created group PipelineID=3b96d783-9c96-48a0-9967-bf7384a7d9b8
2023-01-09 20:09:46,240 [Command processor thread] INFO  commandhandler.CreatePipelineCommandHandler (CreatePipelineCommandHandler.java:handle(113)) - Created Pipeline RATIS ONE PipelineID=3b96d783-9c96-48a0-9967-bf7384a7d9b8.
2023-01-09 20:09:46,974 [204ebb6c-eb9c-4605-8b0a-417067302917@group-26D1C231F733-FollowerState] INFO  impl.FollowerState (FollowerState.java:run(143)) - 204ebb6c-eb9c-4605-8b0a-417067302917@group-26D1C231F733-FollowerState: change to CANDIDATE, lastRpcElapsedTime:5048139505ns, electionTimeout:5035ms
2023-01-09 20:09:46,975 [204ebb6c-eb9c-4605-8b0a-417067302917@group-26D1C231F733-FollowerState] INFO  impl.RoleInfo (RoleInfo.java:shutdownFollowerState(110)) - 204ebb6c-eb9c-4605-8b0a-417067302917: shutdown 204ebb6c-eb9c-4605-8b0a-417067302917@group-26D1C231F733-FollowerState
2023-01-09 20:09:46,975 [204ebb6c-eb9c-4605-8b0a-417067302917@group-26D1C231F733-FollowerState] INFO  server.RaftServer$Division (RaftServerImpl.java:setRole(321)) - 204ebb6c-eb9c-4605-8b0a-417067302917@group-26D1C231F733: changes role from  FOLLOWER to CANDIDATE at term 0 for changeToCandidate
2023-01-09 20:09:46,976 [204ebb6c-eb9c-4605-8b0a-417067302917@group-26D1C231F733-FollowerState] INFO  server.RaftServerConfigKeys (ConfUtils.java:logGet(46)) - raft.server.leaderelection.pre-vote = false (custom)
2023-01-09 20:09:46,976 [204ebb6c-eb9c-4605-8b0a-417067302917@group-26D1C231F733-FollowerState] INFO  impl.RoleInfo (RoleInfo.java:updateAndGet(139)) - 204ebb6c-eb9c-4605-8b0a-417067302917: start 204ebb6c-eb9c-4605-8b0a-417067302917@group-26D1C231F733-LeaderElection2
2023-01-09 20:09:46,981 [204ebb6c-eb9c-4605-8b0a-417067302917@group-26D1C231F733-LeaderElection2] INFO  impl.LeaderElection (LeaderElection.java:askForVotes(312)) - 204ebb6c-eb9c-4605-8b0a-417067302917@group-26D1C231F733-LeaderElection2 ELECTION round 0: submit vote requests at term 1 for -1: peers:[204ebb6c-eb9c-4605-8b0a-417067302917|rpc:10.1.0.27:38461|dataStream:10.1.0.27:40035|priority:1|startupRole:FOLLOWER]|listeners:[], old=null
2023-01-09 20:09:46,981 [204ebb6c-eb9c-4605-8b0a-417067302917@group-26D1C231F733-LeaderElection2] INFO  impl.LeaderElection (LeaderElection.java:askForVotes(314)) - 204ebb6c-eb9c-4605-8b0a-417067302917@group-26D1C231F733-LeaderElection2 ELECTION round 0: result PASSED (term=1)
2023-01-09 20:09:46,981 [204ebb6c-eb9c-4605-8b0a-417067302917@group-26D1C231F733-LeaderElection2] INFO  impl.RoleInfo (RoleInfo.java:shutdownLeaderElection(130)) - 204ebb6c-eb9c-4605-8b0a-417067302917: shutdown 204ebb6c-eb9c-4605-8b0a-417067302917@group-26D1C231F733-LeaderElection2
2023-01-09 20:09:46,981 [204ebb6c-eb9c-4605-8b0a-417067302917@group-26D1C231F733-LeaderElection2] INFO  server.RaftServer$Division (RaftServerImpl.java:setRole(321)) - 204ebb6c-eb9c-4605-8b0a-417067302917@group-26D1C231F733: changes role from CANDIDATE to LEADER at term 1 for changeToLeader
2023-01-09 20:09:46,981 [204ebb6c-eb9c-4605-8b0a-417067302917@group-26D1C231F733-LeaderElection2] INFO  ratis.XceiverServerRatis (XceiverServerRatis.java:handleLeaderChangedNotification(904)) - Leader change notification received for group: group-26D1C231F733 with new leaderId: 204ebb6c-eb9c-4605-8b0a-417067302917
2023-01-09 20:09:46,981 [204ebb6c-eb9c-4605-8b0a-417067302917@group-26D1C231F733-LeaderElection2] INFO  server.RaftServer$Division (ServerState.java:setLeader(313)) - 204ebb6c-eb9c-4605-8b0a-417067302917@group-26D1C231F733: change Leader from null to 204ebb6c-eb9c-4605-8b0a-417067302917 at term 1 for becomeLeader, leader elected after 5098ms
2023-01-09 20:09:46,981 [204ebb6c-eb9c-4605-8b0a-417067302917@group-26D1C231F733-LeaderElection2] INFO  server.RaftServerConfigKeys (ConfUtils.java:logGet(46)) - raft.server.staging.catchup.gap = 1000 (default)
2023-01-09 20:09:46,982 [204ebb6c-eb9c-4605-8b0a-417067302917@group-26D1C231F733-LeaderElection2] INFO  server.RaftServerConfigKeys (ConfUtils.java:logGet(46)) - raft.server.write.element-limit = 1024 (custom)
2023-01-09 20:09:46,982 [204ebb6c-eb9c-4605-8b0a-417067302917@group-26D1C231F733-LeaderElection2] INFO  server.RaftServerConfigKeys (ConfUtils.java:logGet(46)) - raft.server.write.byte-limit = 1024 M (=1073741824) (custom)
2023-01-09 20:09:46,983 [204ebb6c-eb9c-4605-8b0a-417067302917@group-26D1C231F733-LeaderElection2] INFO  server.RaftServerConfigKeys (ConfUtils.java:logGet(46)) - raft.server.watch.timeout = 180s (custom)
2023-01-09 20:09:46,983 [204ebb6c-eb9c-4605-8b0a-417067302917@group-26D1C231F733-LeaderElection2] INFO  server.RaftServerConfigKeys (ConfUtils.java:logGet(46)) - raft.server.watch.timeout.denomination = 1s (default)
2023-01-09 20:09:46,983 [204ebb6c-eb9c-4605-8b0a-417067302917@group-26D1C231F733-LeaderElection2] INFO  server.RaftServerConfigKeys (ConfUtils.java:logGet(46)) - raft.server.watch.element-limit = 65536 (default)
2023-01-09 20:09:46,983 [EventQueue-OpenPipelineForHealthyPipelineSafeModeRule] INFO  safemode.SCMSafeModeManager (HealthyPipelineSafeModeRule.java:process(137)) - SCM in safe mode. Healthy pipelines reported count is 0, required healthy pipeline reported count is 1
2023-01-09 20:09:46,983 [204ebb6c-eb9c-4605-8b0a-417067302917@group-26D1C231F733-LeaderElection2] INFO  server.RaftServerConfigKeys (ConfUtils.java:logGet(46)) - raft.server.write.element-limit = 1024 (custom)
2023-01-09 20:09:46,983 [204ebb6c-eb9c-4605-8b0a-417067302917@group-26D1C231F733-LeaderElection2] INFO  server.RaftServerConfigKeys (ConfUtils.java:logGet(46)) - raft.server.write.follower.gap.ratio.max = -1.0 (default)
2023-01-09 20:09:46,984 [204ebb6c-eb9c-4605-8b0a-417067302917@group-26D1C231F733-LeaderElection2] INFO  impl.RoleInfo (RoleInfo.java:updateAndGet(139)) - 204ebb6c-eb9c-4605-8b0a-417067302917: start 204ebb6c-eb9c-4605-8b0a-417067302917@group-26D1C231F733-LeaderStateImpl
2023-01-09 20:09:46,984 [204ebb6c-eb9c-4605-8b0a-417067302917@group-26D1C231F733-LeaderElection2] INFO  segmented.SegmentedRaftLogWorker (SegmentedRaftLogWorker.java:startLogSegment(452)) - 204ebb6c-eb9c-4605-8b0a-417067302917@group-26D1C231F733-SegmentedRaftLogWorker: Starting segment from index:0
2023-01-09 20:09:46,986 [204ebb6c-eb9c-4605-8b0a-417067302917@group-26D1C231F733-SegmentedRaftLogWorker] INFO  segmented.SegmentedRaftLogWorker (SegmentedRaftLogWorker.java:execute(656)) - 204ebb6c-eb9c-4605-8b0a-417067302917@group-26D1C231F733-SegmentedRaftLogWorker: created new log segment /home/runner/work/ozone/ozone/hadoop-ozone/integration-test/target/test-dir/MiniOzoneClusterImpl-dc953f1b-8f43-4e25-a114-36b3b0290d25/datanode-0/data/ratis/7ef7df1d-2e75-4a13-a558-26d1c231f733/current/log_inprogress_0
2023-01-09 20:09:46,992 [204ebb6c-eb9c-4605-8b0a-417067302917@group-26D1C231F733-LeaderElection2] INFO  server.RaftServer$Division (ServerState.java:setRaftConf(430)) - 204ebb6c-eb9c-4605-8b0a-417067302917@group-26D1C231F733: set configuration 0: peers:[204ebb6c-eb9c-4605-8b0a-417067302917|rpc:10.1.0.27:38461|dataStream:10.1.0.27:40035|priority:1|startupRole:FOLLOWER]|listeners:[], old=null
2023-01-09 20:09:47,143 [204ebb6c-eb9c-4605-8b0a-417067302917@group-4B191A258550-FollowerState] INFO  impl.FollowerState (FollowerState.java:run(143)) - 204ebb6c-eb9c-4605-8b0a-417067302917@group-4B191A258550-FollowerState: change to CANDIDATE, lastRpcElapsedTime:5152186932ns, electionTimeout:5132ms
2023-01-09 20:09:47,145 [204ebb6c-eb9c-4605-8b0a-417067302917@group-4B191A258550-FollowerState] INFO  impl.RoleInfo (RoleInfo.java:shutdownFollowerState(110)) - 204ebb6c-eb9c-4605-8b0a-417067302917: shutdown 204ebb6c-eb9c-4605-8b0a-417067302917@group-4B191A258550-FollowerState
2023-01-09 20:09:47,145 [204ebb6c-eb9c-4605-8b0a-417067302917@group-4B191A258550-FollowerState] INFO  server.RaftServer$Division (RaftServerImpl.java:setRole(321)) - 204ebb6c-eb9c-4605-8b0a-417067302917@group-4B191A258550: changes role from  FOLLOWER to CANDIDATE at term 0 for changeToCandidate
2023-01-09 20:09:47,146 [204ebb6c-eb9c-4605-8b0a-417067302917@group-4B191A258550-FollowerState] INFO  server.RaftServerConfigKeys (ConfUtils.java:logGet(46)) - raft.server.leaderelection.pre-vote = false (custom)
2023-01-09 20:09:47,147 [204ebb6c-eb9c-4605-8b0a-417067302917@group-4B191A258550-FollowerState] INFO  impl.RoleInfo (RoleInfo.java:updateAndGet(139)) - 204ebb6c-eb9c-4605-8b0a-417067302917: start 204ebb6c-eb9c-4605-8b0a-417067302917@group-4B191A258550-LeaderElection3
2023-01-09 20:09:47,161 [204ebb6c-eb9c-4605-8b0a-417067302917@group-4B191A258550-LeaderElection3] INFO  impl.LeaderElection (LeaderElection.java:askForVotes(312)) - 204ebb6c-eb9c-4605-8b0a-417067302917@group-4B191A258550-LeaderElection3 ELECTION round 0: submit vote requests at term 1 for -1: peers:[22174ed7-3438-44c1-87a9-382e0277420a|rpc:10.1.0.27:36955|dataStream:10.1.0.27:45849|priority:0|startupRole:FOLLOWER, 204ebb6c-eb9c-4605-8b0a-417067302917|rpc:10.1.0.27:38461|dataStream:10.1.0.27:40035|priority:0|startupRole:FOLLOWER, 37be314e-42cf-4ee9-a18e-baad7075c611|rpc:10.1.0.27:32955|dataStream:10.1.0.27:45453|priority:1|startupRole:FOLLOWER]|listeners:[], old=null
2023-01-09 20:09:47,168 [204ebb6c-eb9c-4605-8b0a-417067302917@group-4B191A258550-LeaderElection3-1] INFO  server.GrpcServerProtocolClient (GrpcServerProtocolClient.java:<init>(63)) - Build channel for 22174ed7-3438-44c1-87a9-382e0277420a
2023-01-09 20:09:47,172 [204ebb6c-eb9c-4605-8b0a-417067302917@group-4B191A258550-LeaderElection3] INFO  server.RaftServerConfigKeys (ConfUtils.java:logFallback(53)) - raft.server.rpc.first-election.timeout.min = 5s (fallback to raft.server.rpc.timeout.min)
2023-01-09 20:09:47,172 [204ebb6c-eb9c-4605-8b0a-417067302917@group-4B191A258550-LeaderElection3] INFO  server.RaftServerConfigKeys (ConfUtils.java:logFallback(53)) - raft.server.rpc.first-election.timeout.max = 5200ms (fallback to raft.server.rpc.timeout.max)
2023-01-09 20:09:47,174 [204ebb6c-eb9c-4605-8b0a-417067302917@group-4B191A258550-LeaderElection3-2] INFO  server.GrpcServerProtocolClient (GrpcServerProtocolClient.java:<init>(63)) - Build channel for 37be314e-42cf-4ee9-a18e-baad7075c611
2023-01-09 20:09:47,185 [grpc-default-executor-1] INFO  server.RaftServer$Division (RaftServerImpl.java:requestVote(1218)) - 22174ed7-3438-44c1-87a9-382e0277420a@group-4B191A258550: receive requestVote(ELECTION, 204ebb6c-eb9c-4605-8b0a-417067302917, group-4B191A258550, 1, (t:0, i:0))
2023-01-09 20:09:47,187 [grpc-default-executor-1] INFO  impl.VoteContext (VoteContext.java:log(49)) - 22174ed7-3438-44c1-87a9-382e0277420a@group-4B191A258550-FOLLOWER: accept ELECTION from 204ebb6c-eb9c-4605-8b0a-417067302917: our priority 0 <= candidate's priority 0
2023-01-09 20:09:47,188 [grpc-default-executor-1] INFO  server.RaftServer$Division (RaftServerImpl.java:setRole(321)) - 22174ed7-3438-44c1-87a9-382e0277420a@group-4B191A258550: changes role from  FOLLOWER to FOLLOWER at term 1 for candidate:204ebb6c-eb9c-4605-8b0a-417067302917
2023-01-09 20:09:47,188 [grpc-default-executor-1] INFO  impl.RoleInfo (RoleInfo.java:shutdownFollowerState(110)) - 22174ed7-3438-44c1-87a9-382e0277420a: shutdown 22174ed7-3438-44c1-87a9-382e0277420a@group-4B191A258550-FollowerState
2023-01-09 20:09:47,195 [22174ed7-3438-44c1-87a9-382e0277420a@group-4B191A258550-FollowerState] INFO  impl.FollowerState (FollowerState.java:run(152)) - 22174ed7-3438-44c1-87a9-382e0277420a@group-4B191A258550-FollowerState was interrupted
2023-01-09 20:09:47,200 [grpc-default-executor-1] INFO  impl.RoleInfo (RoleInfo.java:updateAndGet(139)) - 22174ed7-3438-44c1-87a9-382e0277420a: start 22174ed7-3438-44c1-87a9-382e0277420a@group-4B191A258550-FollowerState
2023-01-09 20:09:47,205 [grpc-default-executor-0] INFO  server.RaftServer$Division (RaftServerImpl.java:requestVote(1218)) - 37be314e-42cf-4ee9-a18e-baad7075c611@group-4B191A258550: receive requestVote(ELECTION, 204ebb6c-eb9c-4605-8b0a-417067302917, group-4B191A258550, 1, (t:0, i:0))
2023-01-09 20:09:47,206 [grpc-default-executor-0] INFO  impl.VoteContext (VoteContext.java:log(49)) - 37be314e-42cf-4ee9-a18e-baad7075c611@group-4B191A258550-FOLLOWER: reject ELECTION from 204ebb6c-eb9c-4605-8b0a-417067302917: our priority 1 > candidate's priority 0
2023-01-09 20:09:47,206 [grpc-default-executor-0] INFO  server.RaftServer$Division (RaftServerImpl.java:setRole(321)) - 37be314e-42cf-4ee9-a18e-baad7075c611@group-4B191A258550: changes role from  FOLLOWER to FOLLOWER at term 1 for candidate:204ebb6c-eb9c-4605-8b0a-417067302917
2023-01-09 20:09:47,207 [grpc-default-executor-0] INFO  impl.RoleInfo (RoleInfo.java:shutdownFollowerState(110)) - 37be314e-42cf-4ee9-a18e-baad7075c611: shutdown 37be314e-42cf-4ee9-a18e-baad7075c611@group-4B191A258550-FollowerState
2023-01-09 20:09:47,207 [37be314e-42cf-4ee9-a18e-baad7075c611@group-4B191A258550-FollowerState] INFO  impl.FollowerState (FollowerState.java:run(152)) - 37be314e-42cf-4ee9-a18e-baad7075c611@group-4B191A258550-FollowerState was interrupted
2023-01-09 20:09:47,210 [grpc-default-executor-0] INFO  impl.RoleInfo (RoleInfo.java:updateAndGet(139)) - 37be314e-42cf-4ee9-a18e-baad7075c611: start 37be314e-42cf-4ee9-a18e-baad7075c611@group-4B191A258550-FollowerState
2023-01-09 20:09:47,214 [grpc-default-executor-1] INFO  server.RaftServer$Division (RaftServerImpl.java:requestVote(1251)) - 22174ed7-3438-44c1-87a9-382e0277420a@group-4B191A258550 replies to ELECTION vote request: 204ebb6c-eb9c-4605-8b0a-417067302917<-22174ed7-3438-44c1-87a9-382e0277420a#0:OK-t1. Peer's state: 22174ed7-3438-44c1-87a9-382e0277420a@group-4B191A258550:t1, leader=null, voted=204ebb6c-eb9c-4605-8b0a-417067302917, raftlog=Memoized:22174ed7-3438-44c1-87a9-382e0277420a@group-4B191A258550-SegmentedRaftLog:OPENED:c-1, conf=-1: peers:[22174ed7-3438-44c1-87a9-382e0277420a|rpc:10.1.0.27:36955|dataStream:10.1.0.27:45849|priority:0|startupRole:FOLLOWER, 204ebb6c-eb9c-4605-8b0a-417067302917|rpc:10.1.0.27:38461|dataStream:10.1.0.27:40035|priority:0|startupRole:FOLLOWER, 37be314e-42cf-4ee9-a18e-baad7075c611|rpc:10.1.0.27:32955|dataStream:10.1.0.27:45453|priority:1|startupRole:FOLLOWER]|listeners:[], old=null
2023-01-09 20:09:47,222 [grpc-default-executor-0] INFO  server.RaftServer$Division (RaftServerImpl.java:requestVote(1251)) - 37be314e-42cf-4ee9-a18e-baad7075c611@group-4B191A258550 replies to ELECTION vote request: 204ebb6c-eb9c-4605-8b0a-417067302917<-37be314e-42cf-4ee9-a18e-baad7075c611#0:FAIL-t1. Peer's state: 37be314e-42cf-4ee9-a18e-baad7075c611@group-4B191A258550:t1, leader=null, voted=null, raftlog=Memoized:37be314e-42cf-4ee9-a18e-baad7075c611@group-4B191A258550-SegmentedRaftLog:OPENED:c-1, conf=-1: peers:[22174ed7-3438-44c1-87a9-382e0277420a|rpc:10.1.0.27:36955|dataStream:10.1.0.27:45849|priority:0|startupRole:FOLLOWER, 204ebb6c-eb9c-4605-8b0a-417067302917|rpc:10.1.0.27:38461|dataStream:10.1.0.27:40035|priority:0|startupRole:FOLLOWER, 37be314e-42cf-4ee9-a18e-baad7075c611|rpc:10.1.0.27:32955|dataStream:10.1.0.27:45453|priority:1|startupRole:FOLLOWER]|listeners:[], old=null
2023-01-09 20:09:47,222 [22174ed7-3438-44c1-87a9-382e0277420a@group-4B191A258550-FollowerState] INFO  server.RaftServerConfigKeys (ConfUtils.java:logFallback(53)) - raft.server.rpc.first-election.timeout.min = 5s (fallback to raft.server.rpc.timeout.min)
2023-01-09 20:09:47,222 [22174ed7-3438-44c1-87a9-382e0277420a@group-4B191A258550-FollowerState] INFO  server.RaftServerConfigKeys (ConfUtils.java:logFallback(53)) - raft.server.rpc.first-election.timeout.max = 5200ms (fallback to raft.server.rpc.timeout.max)
2023-01-09 20:09:47,223 [37be314e-42cf-4ee9-a18e-baad7075c611@group-4B191A258550-FollowerState] INFO  server.RaftServerConfigKeys (ConfUtils.java:logFallback(53)) - raft.server.rpc.first-election.timeout.min = 5s (fallback to raft.server.rpc.timeout.min)
2023-01-09 20:09:47,223 [37be314e-42cf-4ee9-a18e-baad7075c611@group-4B191A258550-FollowerState] INFO  server.RaftServerConfigKeys (ConfUtils.java:logFallback(53)) - raft.server.rpc.first-election.timeout.max = 5200ms (fallback to raft.server.rpc.timeout.max)
2023-01-09 20:09:47,223 [Listener at 127.0.0.1/33951] INFO  ozone.MiniOzoneClusterImpl (MiniOzoneClusterImpl.java:lambda$waitForClusterToBeReady$0(218)) - Nodes are ready. Got 10 of 10 DN Heartbeats.
2023-01-09 20:09:47,223 [Listener at 127.0.0.1/33951] INFO  ozone.MiniOzoneClusterImpl (MiniOzoneClusterImpl.java:lambda$waitForClusterToBeReady$0(221)) - Waiting for cluster to exit safe mode
2023-01-09 20:09:47,223 [Listener at 127.0.0.1/33951] INFO  ozone.MiniOzoneClusterImpl (MiniOzoneClusterImpl.java:lambda$waitForClusterToBeReady$0(223)) - SCM became leader
2023-01-09 20:09:47,224 [204ebb6c-eb9c-4605-8b0a-417067302917@group-4B191A258550-LeaderElection3] INFO  impl.LeaderElection (LeaderElection.java:logAndReturn(90)) - 204ebb6c-eb9c-4605-8b0a-417067302917@group-4B191A258550-LeaderElection3: ELECTION REJECTED received 1 response(s) and 0 exception(s):
2023-01-09 20:09:47,224 [204ebb6c-eb9c-4605-8b0a-417067302917@group-4B191A258550-LeaderElection3] INFO  impl.LeaderElection (LeaderElection.java:logAndReturn(94)) -   Response 0: 204ebb6c-eb9c-4605-8b0a-417067302917<-37be314e-42cf-4ee9-a18e-baad7075c611#0:FAIL-t1
2023-01-09 20:09:47,224 [204ebb6c-eb9c-4605-8b0a-417067302917@group-4B191A258550-LeaderElection3] INFO  impl.LeaderElection (LeaderElection.java:askForVotes(314)) - 204ebb6c-eb9c-4605-8b0a-417067302917@group-4B191A258550-LeaderElection3 ELECTION round 0: result REJECTED
2023-01-09 20:09:47,224 [204ebb6c-eb9c-4605-8b0a-417067302917@group-4B191A258550-LeaderElection3] INFO  server.RaftServer$Division (RaftServerImpl.java:setRole(321)) - 204ebb6c-eb9c-4605-8b0a-417067302917@group-4B191A258550: changes role from CANDIDATE to FOLLOWER at term 1 for REJECTED
2023-01-09 20:09:47,224 [204ebb6c-eb9c-4605-8b0a-417067302917@group-4B191A258550-LeaderElection3] INFO  impl.RoleInfo (RoleInfo.java:shutdownLeaderElection(130)) - 204ebb6c-eb9c-4605-8b0a-417067302917: shutdown 204ebb6c-eb9c-4605-8b0a-417067302917@group-4B191A258550-LeaderElection3
2023-01-09 20:09:47,224 [204ebb6c-eb9c-4605-8b0a-417067302917@group-4B191A258550-LeaderElection3] INFO  impl.RoleInfo (RoleInfo.java:updateAndGet(139)) - 204ebb6c-eb9c-4605-8b0a-417067302917: start 204ebb6c-eb9c-4605-8b0a-417067302917@group-4B191A258550-FollowerState
2023-01-09 20:09:47,236 [204ebb6c-eb9c-4605-8b0a-417067302917@group-4B191A258550-FollowerState] INFO  server.RaftServerConfigKeys (ConfUtils.java:logFallback(53)) - raft.server.rpc.first-election.timeout.min = 5s (fallback to raft.server.rpc.timeout.min)
2023-01-09 20:09:47,236 [204ebb6c-eb9c-4605-8b0a-417067302917@group-4B191A258550-FollowerState] INFO  server.RaftServerConfigKeys (ConfUtils.java:logFallback(53)) - raft.server.rpc.first-election.timeout.max = 5200ms (fallback to raft.server.rpc.timeout.max)
2023-01-09 20:09:47,790 [22174ed7-3438-44c1-87a9-382e0277420a@group-FB364613BCB2-FollowerState] INFO  impl.FollowerState (FollowerState.java:run(143)) - 22174ed7-3438-44c1-87a9-382e0277420a@group-FB364613BCB2-FollowerState: change to CANDIDATE, lastRpcElapsedTime:5168697104ns, electionTimeout:5152ms
2023-01-09 20:09:47,790 [22174ed7-3438-44c1-87a9-382e0277420a@group-FB364613BCB2-FollowerState] INFO  impl.RoleInfo (RoleInfo.java:shutdownFollowerState(110)) - 22174ed7-3438-44c1-87a9-382e0277420a: shutdown 22174ed7-3438-44c1-87a9-382e0277420a@group-FB364613BCB2-FollowerState
2023-01-09 20:09:47,790 [22174ed7-3438-44c1-87a9-382e0277420a@group-FB364613BCB2-FollowerState] INFO  server.RaftServer$Division (RaftServerImpl.java:setRole(321)) - 22174ed7-3438-44c1-87a9-382e0277420a@group-FB364613BCB2: changes role from  FOLLOWER to CANDIDATE at term 0 for changeToCandidate
2023-01-09 20:09:47,790 [22174ed7-3438-44c1-87a9-382e0277420a@group-FB364613BCB2-FollowerState] INFO  server.RaftServerConfigKeys (ConfUtils.java:logGet(46)) - raft.server.leaderelection.pre-vote = false (custom)
2023-01-09 20:09:47,790 [22174ed7-3438-44c1-87a9-382e0277420a@group-FB364613BCB2-FollowerState] INFO  impl.RoleInfo (RoleInfo.java:updateAndGet(139)) - 22174ed7-3438-44c1-87a9-382e0277420a: start 22174ed7-3438-44c1-87a9-382e0277420a@group-FB364613BCB2-LeaderElection4
2023-01-09 20:09:47,796 [22174ed7-3438-44c1-87a9-382e0277420a@group-FB364613BCB2-LeaderElection4] INFO  impl.LeaderElection (LeaderElection.java:askForVotes(312)) - 22174ed7-3438-44c1-87a9-382e0277420a@group-FB364613BCB2-LeaderElection4 ELECTION round 0: submit vote requests at term 1 for -1: peers:[22174ed7-3438-44c1-87a9-382e0277420a|rpc:10.1.0.27:36955|dataStream:10.1.0.27:45849|priority:1|startupRole:FOLLOWER]|listeners:[], old=null
2023-01-09 20:09:47,796 [22174ed7-3438-44c1-87a9-382e0277420a@group-FB364613BCB2-LeaderElection4] INFO  impl.LeaderElection (LeaderElection.java:askForVotes(314)) - 22174ed7-3438-44c1-87a9-382e0277420a@group-FB364613BCB2-LeaderElection4 ELECTION round 0: result PASSED (term=1)
2023-01-09 20:09:47,796 [22174ed7-3438-44c1-87a9-382e0277420a@group-FB364613BCB2-LeaderElection4] INFO  impl.RoleInfo (RoleInfo.java:shutdownLeaderElection(130)) - 22174ed7-3438-44c1-87a9-382e0277420a: shutdown 22174ed7-3438-44c1-87a9-382e0277420a@group-FB364613BCB2-LeaderElection4
2023-01-09 20:09:47,796 [22174ed7-3438-44c1-87a9-382e0277420a@group-FB364613BCB2-LeaderElection4] INFO  server.RaftServer$Division (RaftServerImpl.java:setRole(321)) - 22174ed7-3438-44c1-87a9-382e0277420a@group-FB364613BCB2: changes role from CANDIDATE to LEADER at term 1 for changeToLeader
2023-01-09 20:09:47,796 [22174ed7-3438-44c1-87a9-382e0277420a@group-FB364613BCB2-LeaderElection4] INFO  ratis.XceiverServerRatis (XceiverServerRatis.java:handleLeaderChangedNotification(904)) - Leader change notification received for group: group-FB364613BCB2 with new leaderId: 22174ed7-3438-44c1-87a9-382e0277420a
2023-01-09 20:09:47,797 [22174ed7-3438-44c1-87a9-382e0277420a@group-FB364613BCB2-LeaderElection4] INFO  server.RaftServer$Division (ServerState.java:setLeader(313)) - 22174ed7-3438-44c1-87a9-382e0277420a@group-FB364613BCB2: change Leader from null to 22174ed7-3438-44c1-87a9-382e0277420a at term 1 for becomeLeader, leader elected after 5216ms
2023-01-09 20:09:47,797 [22174ed7-3438-44c1-87a9-382e0277420a@group-FB364613BCB2-LeaderElection4] INFO  server.RaftServerConfigKeys (ConfUtils.java:logGet(46)) - raft.server.staging.catchup.gap = 1000 (default)
2023-01-09 20:09:47,797 [22174ed7-3438-44c1-87a9-382e0277420a@group-FB364613BCB2-LeaderElection4] INFO  server.RaftServerConfigKeys (ConfUtils.java:logGet(46)) - raft.server.write.element-limit = 1024 (custom)
2023-01-09 20:09:47,797 [22174ed7-3438-44c1-87a9-382e0277420a@group-FB364613BCB2-LeaderElection4] INFO  server.RaftServerConfigKeys (ConfUtils.java:logGet(46)) - raft.server.write.byte-limit = 1024 M (=1073741824) (custom)
2023-01-09 20:09:47,798 [22174ed7-3438-44c1-87a9-382e0277420a@group-FB364613BCB2-LeaderElection4] INFO  server.RaftServerConfigKeys (ConfUtils.java:logGet(46)) - raft.server.watch.timeout = 180s (custom)
2023-01-09 20:09:47,798 [22174ed7-3438-44c1-87a9-382e0277420a@group-FB364613BCB2-LeaderElection4] INFO  server.RaftServerConfigKeys (ConfUtils.java:logGet(46)) - raft.server.watch.timeout.denomination = 1s (default)
2023-01-09 20:09:47,798 [22174ed7-3438-44c1-87a9-382e0277420a@group-FB364613BCB2-LeaderElection4] INFO  server.RaftServerConfigKeys (ConfUtils.java:logGet(46)) - raft.server.watch.element-limit = 65536 (default)
2023-01-09 20:09:47,798 [22174ed7-3438-44c1-87a9-382e0277420a@group-FB364613BCB2-LeaderElection4] INFO  server.RaftServerConfigKeys (ConfUtils.java:logGet(46)) - raft.server.write.element-limit = 1024 (custom)
2023-01-09 20:09:47,798 [22174ed7-3438-44c1-87a9-382e0277420a@group-FB364613BCB2-LeaderElection4] INFO  server.RaftServerConfigKeys (ConfUtils.java:logGet(46)) - raft.server.write.follower.gap.ratio.max = -1.0 (default)
2023-01-09 20:09:47,798 [22174ed7-3438-44c1-87a9-382e0277420a@group-FB364613BCB2-LeaderElection4] INFO  impl.RoleInfo (RoleInfo.java:updateAndGet(139)) - 22174ed7-3438-44c1-87a9-382e0277420a: start 22174ed7-3438-44c1-87a9-382e0277420a@group-FB364613BCB2-LeaderStateImpl
2023-01-09 20:09:47,798 [EventQueue-OpenPipelineForHealthyPipelineSafeModeRule] INFO  safemode.SCMSafeModeManager (HealthyPipelineSafeModeRule.java:process(137)) - SCM in safe mode. Healthy pipelines reported count is 0, required healthy pipeline reported count is 1
2023-01-09 20:09:47,799 [22174ed7-3438-44c1-87a9-382e0277420a@group-FB364613BCB2-LeaderElection4] INFO  segmented.SegmentedRaftLogWorker (SegmentedRaftLogWorker.java:startLogSegment(452)) - 22174ed7-3438-44c1-87a9-382e0277420a@group-FB364613BCB2-SegmentedRaftLogWorker: Starting segment from index:0
2023-01-09 20:09:47,800 [22174ed7-3438-44c1-87a9-382e0277420a@group-FB364613BCB2-LeaderElection4] INFO  server.RaftServer$Division (ServerState.java:setRaftConf(430)) - 22174ed7-3438-44c1-87a9-382e0277420a@group-FB364613BCB2: set configuration 0: peers:[22174ed7-3438-44c1-87a9-382e0277420a|rpc:10.1.0.27:36955|dataStream:10.1.0.27:45849|priority:1|startupRole:FOLLOWER]|listeners:[], old=null
2023-01-09 20:09:47,800 [22174ed7-3438-44c1-87a9-382e0277420a@group-FB364613BCB2-SegmentedRaftLogWorker] INFO  segmented.SegmentedRaftLogWorker (SegmentedRaftLogWorker.java:execute(656)) - 22174ed7-3438-44c1-87a9-382e0277420a@group-FB364613BCB2-SegmentedRaftLogWorker: created new log segment /home/runner/work/ozone/ozone/hadoop-ozone/integration-test/target/test-dir/MiniOzoneClusterImpl-dc953f1b-8f43-4e25-a114-36b3b0290d25/datanode-1/data/ratis/8e1385e6-9d11-42db-b0f7-fb364613bcb2/current/log_inprogress_0
2023-01-09 20:09:48,092 [37be314e-42cf-4ee9-a18e-baad7075c611@group-8057C2290820-FollowerState] INFO  impl.FollowerState (FollowerState.java:run(143)) - 37be314e-42cf-4ee9-a18e-baad7075c611@group-8057C2290820-FollowerState: change to CANDIDATE, lastRpcElapsedTime:5039922501ns, electionTimeout:5034ms
2023-01-09 20:09:48,092 [37be314e-42cf-4ee9-a18e-baad7075c611@group-8057C2290820-FollowerState] INFO  impl.RoleInfo (RoleInfo.java:shutdownFollowerState(110)) - 37be314e-42cf-4ee9-a18e-baad7075c611: shutdown 37be314e-42cf-4ee9-a18e-baad7075c611@group-8057C2290820-FollowerState
2023-01-09 20:09:48,092 [37be314e-42cf-4ee9-a18e-baad7075c611@group-8057C2290820-FollowerState] INFO  server.RaftServer$Division (RaftServerImpl.java:setRole(321)) - 37be314e-42cf-4ee9-a18e-baad7075c611@group-8057C2290820: changes role from  FOLLOWER to CANDIDATE at term 0 for changeToCandidate
2023-01-09 20:09:48,092 [37be314e-42cf-4ee9-a18e-baad7075c611@group-8057C2290820-FollowerState] INFO  server.RaftServerConfigKeys (ConfUtils.java:logGet(46)) - raft.server.leaderelection.pre-vote = false (custom)
2023-01-09 20:09:48,092 [37be314e-42cf-4ee9-a18e-baad7075c611@group-8057C2290820-FollowerState] INFO  impl.RoleInfo (RoleInfo.java:updateAndGet(139)) - 37be314e-42cf-4ee9-a18e-baad7075c611: start 37be314e-42cf-4ee9-a18e-baad7075c611@group-8057C2290820-LeaderElection5
2023-01-09 20:09:48,097 [37be314e-42cf-4ee9-a18e-baad7075c611@group-8057C2290820-LeaderElection5] INFO  impl.LeaderElection (LeaderElection.java:askForVotes(312)) - 37be314e-42cf-4ee9-a18e-baad7075c611@group-8057C2290820-LeaderElection5 ELECTION round 0: submit vote requests at term 1 for -1: peers:[37be314e-42cf-4ee9-a18e-baad7075c611|rpc:10.1.0.27:32955|dataStream:10.1.0.27:45453|priority:1|startupRole:FOLLOWER]|listeners:[], old=null
2023-01-09 20:09:48,097 [37be314e-42cf-4ee9-a18e-baad7075c611@group-8057C2290820-LeaderElection5] INFO  impl.LeaderElection (LeaderElection.java:askForVotes(314)) - 37be314e-42cf-4ee9-a18e-baad7075c611@group-8057C2290820-LeaderElection5 ELECTION round 0: result PASSED (term=1)
2023-01-09 20:09:48,097 [37be314e-42cf-4ee9-a18e-baad7075c611@group-8057C2290820-LeaderElection5] INFO  impl.RoleInfo (RoleInfo.java:shutdownLeaderElection(130)) - 37be314e-42cf-4ee9-a18e-baad7075c611: shutdown 37be314e-42cf-4ee9-a18e-baad7075c611@group-8057C2290820-LeaderElection5
2023-01-09 20:09:48,097 [37be314e-42cf-4ee9-a18e-baad7075c611@group-8057C2290820-LeaderElection5] INFO  server.RaftServer$Division (RaftServerImpl.java:setRole(321)) - 37be314e-42cf-4ee9-a18e-baad7075c611@group-8057C2290820: changes role from CANDIDATE to LEADER at term 1 for changeToLeader
2023-01-09 20:09:48,097 [37be314e-42cf-4ee9-a18e-baad7075c611@group-8057C2290820-LeaderElection5] INFO  ratis.XceiverServerRatis (XceiverServerRatis.java:handleLeaderChangedNotification(904)) - Leader change notification received for group: group-8057C2290820 with new leaderId: 37be314e-42cf-4ee9-a18e-baad7075c611
2023-01-09 20:09:48,097 [37be314e-42cf-4ee9-a18e-baad7075c611@group-8057C2290820-LeaderElection5] INFO  server.RaftServer$Division (ServerState.java:setLeader(313)) - 37be314e-42cf-4ee9-a18e-baad7075c611@group-8057C2290820: change Leader from null to 37be314e-42cf-4ee9-a18e-baad7075c611 at term 1 for becomeLeader, leader elected after 5099ms
2023-01-09 20:09:48,098 [37be314e-42cf-4ee9-a18e-baad7075c611@group-8057C2290820-LeaderElection5] INFO  server.RaftServerConfigKeys (ConfUtils.java:logGet(46)) - raft.server.staging.catchup.gap = 1000 (default)
2023-01-09 20:09:48,098 [37be314e-42cf-4ee9-a18e-baad7075c611@group-8057C2290820-LeaderElection5] INFO  server.RaftServerConfigKeys (ConfUtils.java:logGet(46)) - raft.server.write.element-limit = 1024 (custom)
2023-01-09 20:09:48,098 [37be314e-42cf-4ee9-a18e-baad7075c611@group-8057C2290820-LeaderElection5] INFO  server.RaftServerConfigKeys (ConfUtils.java:logGet(46)) - raft.server.write.byte-limit = 1024 M (=1073741824) (custom)
2023-01-09 20:09:48,098 [37be314e-42cf-4ee9-a18e-baad7075c611@group-8057C2290820-LeaderElection5] INFO  server.RaftServerConfigKeys (ConfUtils.java:logGet(46)) - raft.server.watch.timeout = 180s (custom)
2023-01-09 20:09:48,098 [37be314e-42cf-4ee9-a18e-baad7075c611@group-8057C2290820-LeaderElection5] INFO  server.RaftServerConfigKeys (ConfUtils.java:logGet(46)) - raft.server.watch.timeout.denomination = 1s (default)
2023-01-09 20:09:48,100 [37be314e-42cf-4ee9-a18e-baad7075c611@group-8057C2290820-LeaderElection5] INFO  server.RaftServerConfigKeys (ConfUtils.java:logGet(46)) - raft.server.watch.element-limit = 65536 (default)
2023-01-09 20:09:48,100 [EventQueue-OpenPipelineForHealthyPipelineSafeModeRule] INFO  safemode.SCMSafeModeManager (HealthyPipelineSafeModeRule.java:process(137)) - SCM in safe mode. Healthy pipelines reported count is 0, required healthy pipeline reported count is 1
2023-01-09 20:09:48,100 [37be314e-42cf-4ee9-a18e-baad7075c611@group-8057C2290820-LeaderElection5] INFO  server.RaftServerConfigKeys (ConfUtils.java:logGet(46)) - raft.server.write.element-limit = 1024 (custom)
2023-01-09 20:09:48,102 [37be314e-42cf-4ee9-a18e-baad7075c611@group-8057C2290820-LeaderElection5] INFO  server.RaftServerConfigKeys (ConfUtils.java:logGet(46)) - raft.server.write.follower.gap.ratio.max = -1.0 (default)
2023-01-09 20:09:48,102 [37be314e-42cf-4ee9-a18e-baad7075c611@group-8057C2290820-LeaderElection5] INFO  impl.RoleInfo (RoleInfo.java:updateAndGet(139)) - 37be314e-42cf-4ee9-a18e-baad7075c611: start 37be314e-42cf-4ee9-a18e-baad7075c611@group-8057C2290820-LeaderStateImpl
2023-01-09 20:09:48,105 [37be314e-42cf-4ee9-a18e-baad7075c611@group-8057C2290820-LeaderElection5] INFO  segmented.SegmentedRaftLogWorker (SegmentedRaftLogWorker.java:startLogSegment(452)) - 37be314e-42cf-4ee9-a18e-baad7075c611@group-8057C2290820-SegmentedRaftLogWorker: Starting segment from index:0
2023-01-09 20:09:48,111 [37be314e-42cf-4ee9-a18e-baad7075c611@group-8057C2290820-LeaderElection5] INFO  server.RaftServer$Division (ServerState.java:setRaftConf(430)) - 37be314e-42cf-4ee9-a18e-baad7075c611@group-8057C2290820: set configuration 0: peers:[37be314e-42cf-4ee9-a18e-baad7075c611|rpc:10.1.0.27:32955|dataStream:10.1.0.27:45453|priority:1|startupRole:FOLLOWER]|listeners:[], old=null
2023-01-09 20:09:48,112 [37be314e-42cf-4ee9-a18e-baad7075c611@group-8057C2290820-SegmentedRaftLogWorker] INFO  segmented.SegmentedRaftLogWorker (SegmentedRaftLogWorker.java:execute(656)) - 37be314e-42cf-4ee9-a18e-baad7075c611@group-8057C2290820-SegmentedRaftLogWorker: created new log segment /home/runner/work/ozone/ozone/hadoop-ozone/integration-test/target/test-dir/MiniOzoneClusterImpl-dc953f1b-8f43-4e25-a114-36b3b0290d25/datanode-2/data/ratis/6182deb9-6b77-41a5-9e9d-8057c2290820/current/log_inprogress_0
2023-01-09 20:09:48,224 [Listener at 127.0.0.1/33951] INFO  ozone.MiniOzoneClusterImpl (MiniOzoneClusterImpl.java:lambda$waitForClusterToBeReady$0(218)) - Nodes are ready. Got 10 of 10 DN Heartbeats.
2023-01-09 20:09:48,224 [Listener at 127.0.0.1/33951] INFO  ozone.MiniOzoneClusterImpl (MiniOzoneClusterImpl.java:lambda$waitForClusterToBeReady$0(221)) - Waiting for cluster to exit safe mode
2023-01-09 20:09:48,224 [Listener at 127.0.0.1/33951] INFO  ozone.MiniOzoneClusterImpl (MiniOzoneClusterImpl.java:lambda$waitForClusterToBeReady$0(223)) - SCM became leader
2023-01-09 20:09:48,412 [22174ed7-3438-44c1-87a9-382e0277420a@group-75780AEF7A1B-FollowerState] INFO  impl.FollowerState (FollowerState.java:run(143)) - 22174ed7-3438-44c1-87a9-382e0277420a@group-75780AEF7A1B-FollowerState: change to CANDIDATE, lastRpcElapsedTime:5131254706ns, electionTimeout:5084ms
2023-01-09 20:09:48,413 [22174ed7-3438-44c1-87a9-382e0277420a@group-75780AEF7A1B-FollowerState] INFO  impl.RoleInfo (RoleInfo.java:shutdownFollowerState(110)) - 22174ed7-3438-44c1-87a9-382e0277420a: shutdown 22174ed7-3438-44c1-87a9-382e0277420a@group-75780AEF7A1B-FollowerState
2023-01-09 20:09:48,413 [22174ed7-3438-44c1-87a9-382e0277420a@group-75780AEF7A1B-FollowerState] INFO  server.RaftServer$Division (RaftServerImpl.java:setRole(321)) - 22174ed7-3438-44c1-87a9-382e0277420a@group-75780AEF7A1B: changes role from  FOLLOWER to CANDIDATE at term 0 for changeToCandidate
2023-01-09 20:09:48,413 [22174ed7-3438-44c1-87a9-382e0277420a@group-75780AEF7A1B-FollowerState] INFO  server.RaftServerConfigKeys (ConfUtils.java:logGet(46)) - raft.server.leaderelection.pre-vote = false (custom)
2023-01-09 20:09:48,413 [22174ed7-3438-44c1-87a9-382e0277420a@group-75780AEF7A1B-FollowerState] INFO  impl.RoleInfo (RoleInfo.java:updateAndGet(139)) - 22174ed7-3438-44c1-87a9-382e0277420a: start 22174ed7-3438-44c1-87a9-382e0277420a@group-75780AEF7A1B-LeaderElection6
2023-01-09 20:09:48,418 [22174ed7-3438-44c1-87a9-382e0277420a@group-75780AEF7A1B-LeaderElection6] INFO  impl.LeaderElection (LeaderElection.java:askForVotes(312)) - 22174ed7-3438-44c1-87a9-382e0277420a@group-75780AEF7A1B-LeaderElection6 ELECTION round 0: submit vote requests at term 1 for -1: peers:[22174ed7-3438-44c1-87a9-382e0277420a|rpc:10.1.0.27:36955|dataStream:10.1.0.27:45849|priority:1|startupRole:FOLLOWER, 204ebb6c-eb9c-4605-8b0a-417067302917|rpc:10.1.0.27:38461|dataStream:10.1.0.27:40035|priority:0|startupRole:FOLLOWER, 37be314e-42cf-4ee9-a18e-baad7075c611|rpc:10.1.0.27:32955|dataStream:10.1.0.27:45453|priority:0|startupRole:FOLLOWER]|listeners:[], old=null
2023-01-09 20:09:48,420 [22174ed7-3438-44c1-87a9-382e0277420a@group-75780AEF7A1B-LeaderElection6] INFO  server.RaftServerConfigKeys (ConfUtils.java:logFallback(53)) - raft.server.rpc.first-election.timeout.min = 5s (fallback to raft.server.rpc.timeout.min)
2023-01-09 20:09:48,420 [22174ed7-3438-44c1-87a9-382e0277420a@group-75780AEF7A1B-LeaderElection6] INFO  server.RaftServerConfigKeys (ConfUtils.java:logFallback(53)) - raft.server.rpc.first-election.timeout.max = 5200ms (fallback to raft.server.rpc.timeout.max)
2023-01-09 20:09:48,421 [22174ed7-3438-44c1-87a9-382e0277420a@group-75780AEF7A1B-LeaderElection6-2] INFO  server.GrpcServerProtocolClient (GrpcServerProtocolClient.java:<init>(63)) - Build channel for 37be314e-42cf-4ee9-a18e-baad7075c611
2023-01-09 20:09:48,420 [22174ed7-3438-44c1-87a9-382e0277420a@group-75780AEF7A1B-LeaderElection6-1] INFO  server.GrpcServerProtocolClient (GrpcServerProtocolClient.java:<init>(63)) - Build channel for 204ebb6c-eb9c-4605-8b0a-417067302917
2023-01-09 20:09:48,430 [grpc-default-executor-1] INFO  server.RaftServer$Division (RaftServerImpl.java:requestVote(1218)) - 37be314e-42cf-4ee9-a18e-baad7075c611@group-75780AEF7A1B: receive requestVote(ELECTION, 22174ed7-3438-44c1-87a9-382e0277420a, group-75780AEF7A1B, 1, (t:0, i:0))
2023-01-09 20:09:48,431 [grpc-default-executor-1] INFO  impl.VoteContext (VoteContext.java:log(49)) - 37be314e-42cf-4ee9-a18e-baad7075c611@group-75780AEF7A1B-FOLLOWER: accept ELECTION from 22174ed7-3438-44c1-87a9-382e0277420a: our priority 0 <= candidate's priority 1
2023-01-09 20:09:48,431 [grpc-default-executor-1] INFO  server.RaftServer$Division (RaftServerImpl.java:setRole(321)) - 37be314e-42cf-4ee9-a18e-baad7075c611@group-75780AEF7A1B: changes role from  FOLLOWER to FOLLOWER at term 1 for candidate:22174ed7-3438-44c1-87a9-382e0277420a
2023-01-09 20:09:48,431 [grpc-default-executor-1] INFO  impl.RoleInfo (RoleInfo.java:shutdownFollowerState(110)) - 37be314e-42cf-4ee9-a18e-baad7075c611: shutdown 37be314e-42cf-4ee9-a18e-baad7075c611@group-75780AEF7A1B-FollowerState
2023-01-09 20:09:48,431 [37be314e-42cf-4ee9-a18e-baad7075c611@group-75780AEF7A1B-FollowerState] INFO  impl.FollowerState (FollowerState.java:run(152)) - 37be314e-42cf-4ee9-a18e-baad7075c611@group-75780AEF7A1B-FollowerState was interrupted
2023-01-09 20:09:48,431 [grpc-default-executor-1] INFO  impl.RoleInfo (RoleInfo.java:updateAndGet(139)) - 37be314e-42cf-4ee9-a18e-baad7075c611: start 37be314e-42cf-4ee9-a18e-baad7075c611@group-75780AEF7A1B-FollowerState
2023-01-09 20:09:48,440 [37be314e-42cf-4ee9-a18e-baad7075c611@group-75780AEF7A1B-FollowerState] INFO  server.RaftServerConfigKeys (ConfUtils.java:logFallback(53)) - raft.server.rpc.first-election.timeout.min = 5s (fallback to raft.server.rpc.timeout.min)
2023-01-09 20:09:48,440 [37be314e-42cf-4ee9-a18e-baad7075c611@group-75780AEF7A1B-FollowerState] INFO  server.RaftServerConfigKeys (ConfUtils.java:logFallback(53)) - raft.server.rpc.first-election.timeout.max = 5200ms (fallback to raft.server.rpc.timeout.max)
2023-01-09 20:09:48,440 [grpc-default-executor-1] INFO  server.RaftServer$Division (RaftServerImpl.java:requestVote(1251)) - 37be314e-42cf-4ee9-a18e-baad7075c611@group-75780AEF7A1B replies to ELECTION vote request: 22174ed7-3438-44c1-87a9-382e0277420a<-37be314e-42cf-4ee9-a18e-baad7075c611#0:OK-t1. Peer's state: 37be314e-42cf-4ee9-a18e-baad7075c611@group-75780AEF7A1B:t1, leader=null, voted=22174ed7-3438-44c1-87a9-382e0277420a, raftlog=Memoized:37be314e-42cf-4ee9-a18e-baad7075c611@group-75780AEF7A1B-SegmentedRaftLog:OPENED:c-1, conf=-1: peers:[22174ed7-3438-44c1-87a9-382e0277420a|rpc:10.1.0.27:36955|dataStream:10.1.0.27:45849|priority:1|startupRole:FOLLOWER, 204ebb6c-eb9c-4605-8b0a-417067302917|rpc:10.1.0.27:38461|dataStream:10.1.0.27:40035|priority:0|startupRole:FOLLOWER, 37be314e-42cf-4ee9-a18e-baad7075c611|rpc:10.1.0.27:32955|dataStream:10.1.0.27:45453|priority:0|startupRole:FOLLOWER]|listeners:[], old=null
2023-01-09 20:09:48,443 [22174ed7-3438-44c1-87a9-382e0277420a@group-75780AEF7A1B-LeaderElection6] INFO  impl.LeaderElection (LeaderElection.java:logAndReturn(90)) - 22174ed7-3438-44c1-87a9-382e0277420a@group-75780AEF7A1B-LeaderElection6: ELECTION PASSED received 1 response(s) and 0 exception(s):
2023-01-09 20:09:48,443 [22174ed7-3438-44c1-87a9-382e0277420a@group-75780AEF7A1B-LeaderElection6] INFO  impl.LeaderElection (LeaderElection.java:logAndReturn(94)) -   Response 0: 22174ed7-3438-44c1-87a9-382e0277420a<-37be314e-42cf-4ee9-a18e-baad7075c611#0:OK-t1
2023-01-09 20:09:48,443 [22174ed7-3438-44c1-87a9-382e0277420a@group-75780AEF7A1B-LeaderElection6] INFO  impl.LeaderElection (LeaderElection.java:askForVotes(314)) - 22174ed7-3438-44c1-87a9-382e0277420a@group-75780AEF7A1B-LeaderElection6 ELECTION round 0: result PASSED
2023-01-09 20:09:48,443 [22174ed7-3438-44c1-87a9-382e0277420a@group-75780AEF7A1B-LeaderElection6] INFO  impl.RoleInfo (RoleInfo.java:shutdownLeaderElection(130)) - 22174ed7-3438-44c1-87a9-382e0277420a: shutdown 22174ed7-3438-44c1-87a9-382e0277420a@group-75780AEF7A1B-LeaderElection6
2023-01-09 20:09:48,443 [22174ed7-3438-44c1-87a9-382e0277420a@group-75780AEF7A1B-LeaderElection6] INFO  server.RaftServer$Division (RaftServerImpl.java:setRole(321)) - 22174ed7-3438-44c1-87a9-382e0277420a@group-75780AEF7A1B: changes role from CANDIDATE to LEADER at term 1 for changeToLeader
2023-01-09 20:09:48,443 [22174ed7-3438-44c1-87a9-382e0277420a@group-75780AEF7A1B-LeaderElection6] INFO  ratis.XceiverServerRatis (XceiverServerRatis.java:handleLeaderChangedNotification(904)) - Leader change notification received for group: group-75780AEF7A1B with new leaderId: 22174ed7-3438-44c1-87a9-382e0277420a
2023-01-09 20:09:48,443 [22174ed7-3438-44c1-87a9-382e0277420a@group-75780AEF7A1B-LeaderElection6] INFO  server.RaftServer$Division (ServerState.java:setLeader(313)) - 22174ed7-3438-44c1-87a9-382e0277420a@group-75780AEF7A1B: change Leader from null to 22174ed7-3438-44c1-87a9-382e0277420a at term 1 for becomeLeader, leader elected after 5246ms
2023-01-09 20:09:48,444 [22174ed7-3438-44c1-87a9-382e0277420a@group-75780AEF7A1B-LeaderElection6] INFO  server.RaftServerConfigKeys (ConfUtils.java:logGet(46)) - raft.server.staging.catchup.gap = 1000 (default)
2023-01-09 20:09:48,444 [22174ed7-3438-44c1-87a9-382e0277420a@group-75780AEF7A1B-LeaderElection6] INFO  server.RaftServerConfigKeys (ConfUtils.java:logGet(46)) - raft.server.write.element-limit = 1024 (custom)
2023-01-09 20:09:48,444 [22174ed7-3438-44c1-87a9-382e0277420a@group-75780AEF7A1B-LeaderElection6] INFO  server.RaftServerConfigKeys (ConfUtils.java:logGet(46)) - raft.server.write.byte-limit = 1024 M (=1073741824) (custom)
2023-01-09 20:09:48,444 [22174ed7-3438-44c1-87a9-382e0277420a@group-75780AEF7A1B-LeaderElection6] INFO  server.RaftServerConfigKeys (ConfUtils.java:logGet(46)) - raft.server.watch.timeout = 180s (custom)
2023-01-09 20:09:48,444 [22174ed7-3438-44c1-87a9-382e0277420a@group-75780AEF7A1B-LeaderElection6] INFO  server.RaftServerConfigKeys (ConfUtils.java:logGet(46)) - raft.server.watch.timeout.denomination = 1s (default)
2023-01-09 20:09:48,444 [22174ed7-3438-44c1-87a9-382e0277420a@group-75780AEF7A1B-LeaderElection6] INFO  server.RaftServerConfigKeys (ConfUtils.java:logGet(46)) - raft.server.watch.element-limit = 65536 (default)
2023-01-09 20:09:48,445 [22174ed7-3438-44c1-87a9-382e0277420a@group-75780AEF7A1B-LeaderElection6] INFO  server.RaftServerConfigKeys (ConfUtils.java:logGet(46)) - raft.server.write.element-limit = 1024 (custom)
2023-01-09 20:09:48,445 [22174ed7-3438-44c1-87a9-382e0277420a@group-75780AEF7A1B-LeaderElection6] INFO  server.RaftServerConfigKeys (ConfUtils.java:logGet(46)) - raft.server.write.follower.gap.ratio.max = -1.0 (default)
2023-01-09 20:09:48,448 [EventQueue-PipelineReportForPipelineReportHandler] INFO  pipeline.PipelineManagerImpl (PipelineManagerImpl.java:openPipeline(367)) - Pipeline Pipeline[ Id: ebca2a99-9b62-4d3d-9b82-75780aef7a1b, Nodes: 22174ed7-3438-44c1-87a9-382e0277420a{ip: 10.1.0.27, host: fv-az457-50.3faczmgjfduuxnksfsdf43hgfa.dx.internal.cloudapp.net, ports: [REPLICATION=43141, RATIS=36955, RATIS_ADMIN=36955, RATIS_SERVER=36955, RATIS_DATASTREAM=45849, STANDALONE=33411], networkLocation: /default-rack, certSerialId: null, persistedOpState: IN_SERVICE, persistedOpStateExpiryEpochSec: 0}204ebb6c-eb9c-4605-8b0a-417067302917{ip: 10.1.0.27, host: fv-az457-50.3faczmgjfduuxnksfsdf43hgfa.dx.internal.cloudapp.net, ports: [REPLICATION=34507, RATIS=38461, RATIS_ADMIN=38461, RATIS_SERVER=38461, RATIS_DATASTREAM=40035, STANDALONE=33253], networkLocation: /default-rack, certSerialId: null, persistedOpState: IN_SERVICE, persistedOpStateExpiryEpochSec: 0}37be314e-42cf-4ee9-a18e-baad7075c611{ip: 10.1.0.27, host: fv-az457-50.3faczmgjfduuxnksfsdf43hgfa.dx.internal.cloudapp.net, ports: [REPLICATION=37507, RATIS=32955, RATIS_ADMIN=32955, RATIS_SERVER=32955, RATIS_DATASTREAM=45453, STANDALONE=41409], networkLocation: /default-rack, certSerialId: null, persistedOpState: IN_SERVICE, persistedOpStateExpiryEpochSec: 0}, ReplicationConfig: RATIS/THREE, State:ALLOCATED, leaderId:22174ed7-3438-44c1-87a9-382e0277420a, CreationTimestamp2023-01-09T20:09:39.987Z[Etc/UTC]] moved to OPEN state
2023-01-09 20:09:48,449 [EventQueue-OpenPipelineForHealthyPipelineSafeModeRule] INFO  safemode.SCMSafeModeManager (HealthyPipelineSafeModeRule.java:process(137)) - SCM in safe mode. Healthy pipelines reported count is 1, required healthy pipeline reported count is 1
2023-01-09 20:09:48,449 [EventQueue-OpenPipelineForHealthyPipelineSafeModeRule] INFO  safemode.SCMSafeModeManager (SCMSafeModeManager.java:validateSafeModeExitRules(200)) - HealthyPipelineSafeModeRule rule is successfully validated
2023-01-09 20:09:48,449 [EventQueue-OpenPipelineForHealthyPipelineSafeModeRule] INFO  safemode.SCMSafeModeManager (SCMSafeModeManager.java:validateSafeModeExitRules(215)) - ScmSafeModeManager, all rules are successfully validated
2023-01-09 20:09:48,449 [EventQueue-OpenPipelineForHealthyPipelineSafeModeRule] INFO  safemode.SCMSafeModeManager (SCMSafeModeManager.java:exitSafeMode(244)) - SCM exiting safe mode.
2023-01-09 20:09:48,449 [EventQueue-OpenPipelineForHealthyPipelineSafeModeRule] INFO  ha.SCMContext (SCMContext.java:updateSafeModeStatus(228)) - Update SafeModeStatus from SafeModeStatus{safeModeStatus=true, preCheckPassed=true} to SafeModeStatus{safeModeStatus=false, preCheckPassed=true}.
2023-01-09 20:09:48,449 [EventQueue-OpenPipelineForHealthyPipelineSafeModeRule] INFO  pipeline.BackgroundPipelineCreator (BackgroundPipelineCreator.java:notifyStatusChanged(254)) - Service BackgroundPipelineCreator transitions to RUNNING.
2023-01-09 20:09:48,449 [EventQueue-OpenPipelineForHealthyPipelineSafeModeRule] INFO  BackgroundPipelineScrubber (BackgroundSCMService.java:notifyStatusChanged(82)) - Service BackgroundPipelineScrubber transitions to RUNNING.
2023-01-09 20:09:48,449 [EventQueue-OpenPipelineForHealthyPipelineSafeModeRule] INFO  ExpiredContainerReplicaOpScrubber (BackgroundSCMService.java:notifyStatusChanged(82)) - Service ExpiredContainerReplicaOpScrubber transitions to RUNNING.
2023-01-09 20:09:48,449 [EventQueue-OpenPipelineForHealthyPipelineSafeModeRule] INFO  replication.ReplicationManager (ReplicationManager.java:notifyStatusChanged(918)) - Service ReplicationManager transitions to RUNNING.
2023-01-09 20:09:48,457 [22174ed7-3438-44c1-87a9-382e0277420a@group-75780AEF7A1B-LeaderElection6] INFO  server.RaftServerConfigKeys (ConfUtils.java:logGet(46)) - raft.server.log.appender.snapshot.chunk.size.max = 16MB (=16777216) (default)
2023-01-09 20:09:48,457 [22174ed7-3438-44c1-87a9-382e0277420a@group-75780AEF7A1B-LeaderElection6] INFO  server.RaftServerConfigKeys (ConfUtils.java:logGet(46)) - raft.server.log.appender.buffer.byte-limit = 33554432 (custom)
2023-01-09 20:09:48,457 [22174ed7-3438-44c1-87a9-382e0277420a@group-75780AEF7A1B-LeaderElection6] INFO  server.RaftServerConfigKeys (ConfUtils.java:logGet(46)) - raft.server.log.appender.buffer.element-limit = 1 (custom)
2023-01-09 20:09:48,458 [EventQueue-OpenPipelineForHealthyPipelineSafeModeRule] WARN  balancer.ContainerBalancer (ContainerBalancer.java:shouldRun(131)) - Could not find persisted configuration for ContainerBalancer when checking if ContainerBalancer should run. ContainerBalancer should not run now.
2023-01-09 20:09:48,460 [22174ed7-3438-44c1-87a9-382e0277420a@group-75780AEF7A1B-LeaderElection6] INFO  grpc.GrpcConfigKeys (ConfUtils.java:logGet(46)) - raft.grpc.server.leader.outstanding.appends.max = 128 (default)
2023-01-09 20:09:48,461 [22174ed7-3438-44c1-87a9-382e0277420a@group-75780AEF7A1B-LeaderElection6] INFO  server.RaftServerConfigKeys (ConfUtils.java:logGet(46)) - raft.server.rpc.request.timeout = 60s (custom)
2023-01-09 20:09:48,461 [22174ed7-3438-44c1-87a9-382e0277420a@group-75780AEF7A1B-LeaderElection6] INFO  server.RaftServerConfigKeys (ConfUtils.java:logGet(46)) - raft.server.log.appender.install.snapshot.enabled = false (custom)
2023-01-09 20:09:48,461 [22174ed7-3438-44c1-87a9-382e0277420a@group-75780AEF7A1B-LeaderElection6] INFO  grpc.GrpcConfigKeys (ConfUtils.java:logGet(46)) - raft.grpc.server.heartbeat.channel = true (default)
2023-01-09 20:09:48,461 [22174ed7-3438-44c1-87a9-382e0277420a@group-75780AEF7A1B-LeaderElection6] INFO  server.RaftServerConfigKeys (ConfUtils.java:logGet(46)) - raft.server.log.appender.wait-time.min = 10ms (default)
2023-01-09 20:09:48,462 [grpc-default-executor-1] INFO  server.RaftServer$Division (RaftServerImpl.java:requestVote(1218)) - 204ebb6c-eb9c-4605-8b0a-417067302917@group-75780AEF7A1B: receive requestVote(ELECTION, 22174ed7-3438-44c1-87a9-382e0277420a, group-75780AEF7A1B, 1, (t:0, i:0))
2023-01-09 20:09:48,462 [grpc-default-executor-1] INFO  impl.VoteContext (VoteContext.java:log(49)) - 204ebb6c-eb9c-4605-8b0a-417067302917@group-75780AEF7A1B-FOLLOWER: accept ELECTION from 22174ed7-3438-44c1-87a9-382e0277420a: our priority 0 <= candidate's priority 1
2023-01-09 20:09:48,462 [grpc-default-executor-1] INFO  server.RaftServer$Division (RaftServerImpl.java:setRole(321)) - 204ebb6c-eb9c-4605-8b0a-417067302917@group-75780AEF7A1B: changes role from  FOLLOWER to FOLLOWER at term 1 for candidate:22174ed7-3438-44c1-87a9-382e0277420a
2023-01-09 20:09:48,462 [grpc-default-executor-1] INFO  impl.RoleInfo (RoleInfo.java:shutdownFollowerState(110)) - 204ebb6c-eb9c-4605-8b0a-417067302917: shutdown 204ebb6c-eb9c-4605-8b0a-417067302917@group-75780AEF7A1B-FollowerState
2023-01-09 20:09:48,463 [grpc-default-executor-1] INFO  impl.RoleInfo (RoleInfo.java:updateAndGet(139)) - 204ebb6c-eb9c-4605-8b0a-417067302917: start 204ebb6c-eb9c-4605-8b0a-417067302917@group-75780AEF7A1B-FollowerState
2023-01-09 20:09:48,463 [204ebb6c-eb9c-4605-8b0a-417067302917@group-75780AEF7A1B-FollowerState] INFO  impl.FollowerState (FollowerState.java:run(152)) - 204ebb6c-eb9c-4605-8b0a-417067302917@group-75780AEF7A1B-FollowerState was interrupted
2023-01-09 20:09:48,464 [22174ed7-3438-44c1-87a9-382e0277420a@group-75780AEF7A1B-LeaderElection6] INFO  server.RaftServerConfigKeys (ConfUtils.java:logGet(46)) - raft.server.log.appender.snapshot.chunk.size.max = 16MB (=16777216) (default)
2023-01-09 20:09:48,464 [22174ed7-3438-44c1-87a9-382e0277420a@group-75780AEF7A1B-LeaderElection6] INFO  server.RaftServerConfigKeys (ConfUtils.java:logGet(46)) - raft.server.log.appender.buffer.byte-limit = 33554432 (custom)
2023-01-09 20:09:48,464 [22174ed7-3438-44c1-87a9-382e0277420a@group-75780AEF7A1B-LeaderElection6] INFO  server.RaftServerConfigKeys (ConfUtils.java:logGet(46)) - raft.server.log.appender.buffer.element-limit = 1 (custom)
2023-01-09 20:09:48,465 [22174ed7-3438-44c1-87a9-382e0277420a@group-75780AEF7A1B-LeaderElection6] INFO  grpc.GrpcConfigKeys (ConfUtils.java:logGet(46)) - raft.grpc.server.leader.outstanding.appends.max = 128 (default)
2023-01-09 20:09:48,465 [22174ed7-3438-44c1-87a9-382e0277420a@group-75780AEF7A1B-LeaderElection6] INFO  server.RaftServerConfigKeys (ConfUtils.java:logGet(46)) - raft.server.rpc.request.timeout = 60s (custom)
2023-01-09 20:09:48,465 [22174ed7-3438-44c1-87a9-382e0277420a@group-75780AEF7A1B-LeaderElection6] INFO  server.RaftServerConfigKeys (ConfUtils.java:logGet(46)) - raft.server.log.appender.install.snapshot.enabled = false (custom)
2023-01-09 20:09:48,465 [22174ed7-3438-44c1-87a9-382e0277420a@group-75780AEF7A1B-LeaderElection6] INFO  grpc.GrpcConfigKeys (ConfUtils.java:logGet(46)) - raft.grpc.server.heartbeat.channel = true (default)
2023-01-09 20:09:48,465 [22174ed7-3438-44c1-87a9-382e0277420a@group-75780AEF7A1B-LeaderElection6] INFO  server.RaftServerConfigKeys (ConfUtils.java:logGet(46)) - raft.server.log.appender.wait-time.min = 10ms (default)
2023-01-09 20:09:48,467 [grpc-default-executor-1] INFO  server.RaftServer$Division (RaftServerImpl.java:requestVote(1251)) - 204ebb6c-eb9c-4605-8b0a-417067302917@group-75780AEF7A1B replies to ELECTION vote request: 22174ed7-3438-44c1-87a9-382e0277420a<-204ebb6c-eb9c-4605-8b0a-417067302917#0:OK-t1. Peer's state: 204ebb6c-eb9c-4605-8b0a-417067302917@group-75780AEF7A1B:t1, leader=null, voted=22174ed7-3438-44c1-87a9-382e0277420a, raftlog=Memoized:204ebb6c-eb9c-4605-8b0a-417067302917@group-75780AEF7A1B-SegmentedRaftLog:OPENED:c-1, conf=-1: peers:[22174ed7-3438-44c1-87a9-382e0277420a|rpc:10.1.0.27:36955|dataStream:10.1.0.27:45849|priority:1|startupRole:FOLLOWER, 204ebb6c-eb9c-4605-8b0a-417067302917|rpc:10.1.0.27:38461|dataStream:10.1.0.27:40035|priority:0|startupRole:FOLLOWER, 37be314e-42cf-4ee9-a18e-baad7075c611|rpc:10.1.0.27:32955|dataStream:10.1.0.27:45453|priority:0|startupRole:FOLLOWER]|listeners:[], old=null
2023-01-09 20:09:48,469 [22174ed7-3438-44c1-87a9-382e0277420a@group-75780AEF7A1B-LeaderElection6] INFO  impl.RoleInfo (RoleInfo.java:updateAndGet(139)) - 22174ed7-3438-44c1-87a9-382e0277420a: start 22174ed7-3438-44c1-87a9-382e0277420a@group-75780AEF7A1B-LeaderStateImpl
2023-01-09 20:09:48,469 [22174ed7-3438-44c1-87a9-382e0277420a@group-75780AEF7A1B-LeaderElection6] INFO  segmented.SegmentedRaftLogWorker (SegmentedRaftLogWorker.java:startLogSegment(452)) - 22174ed7-3438-44c1-87a9-382e0277420a@group-75780AEF7A1B-SegmentedRaftLogWorker: Starting segment from index:0
2023-01-09 20:09:48,473 [204ebb6c-eb9c-4605-8b0a-417067302917@group-75780AEF7A1B-FollowerState] INFO  server.RaftServerConfigKeys (ConfUtils.java:logFallback(53)) - raft.server.rpc.first-election.timeout.min = 5s (fallback to raft.server.rpc.timeout.min)
2023-01-09 20:09:48,473 [204ebb6c-eb9c-4605-8b0a-417067302917@group-75780AEF7A1B-FollowerState] INFO  server.RaftServerConfigKeys (ConfUtils.java:logFallback(53)) - raft.server.rpc.first-election.timeout.max = 5200ms (fallback to raft.server.rpc.timeout.max)
2023-01-09 20:09:48,479 [22174ed7-3438-44c1-87a9-382e0277420a@group-75780AEF7A1B-LeaderElection6] INFO  server.RaftServer$Division (ServerState.java:setRaftConf(430)) - 22174ed7-3438-44c1-87a9-382e0277420a@group-75780AEF7A1B: set configuration 0: peers:[22174ed7-3438-44c1-87a9-382e0277420a|rpc:10.1.0.27:36955|dataStream:10.1.0.27:45849|priority:1|startupRole:FOLLOWER, 204ebb6c-eb9c-4605-8b0a-417067302917|rpc:10.1.0.27:38461|dataStream:10.1.0.27:40035|priority:0|startupRole:FOLLOWER, 37be314e-42cf-4ee9-a18e-baad7075c611|rpc:10.1.0.27:32955|dataStream:10.1.0.27:45453|priority:0|startupRole:FOLLOWER]|listeners:[], old=null
2023-01-09 20:09:48,481 [22174ed7-3438-44c1-87a9-382e0277420a@group-75780AEF7A1B-SegmentedRaftLogWorker] INFO  segmented.SegmentedRaftLogWorker (SegmentedRaftLogWorker.java:execute(656)) - 22174ed7-3438-44c1-87a9-382e0277420a@group-75780AEF7A1B-SegmentedRaftLogWorker: created new log segment /home/runner/work/ozone/ozone/hadoop-ozone/integration-test/target/test-dir/MiniOzoneClusterImpl-dc953f1b-8f43-4e25-a114-36b3b0290d25/datanode-1/data/ratis/ebca2a99-9b62-4d3d-9b82-75780aef7a1b/current/log_inprogress_0
2023-01-09 20:09:48,524 [93b0d557-27ed-4241-a042-86e84b32abbd@group-B25567007414-FollowerState] INFO  impl.FollowerState (FollowerState.java:run(143)) - 93b0d557-27ed-4241-a042-86e84b32abbd@group-B25567007414-FollowerState: change to CANDIDATE, lastRpcElapsedTime:5038244510ns, electionTimeout:5036ms
2023-01-09 20:09:48,525 [93b0d557-27ed-4241-a042-86e84b32abbd@group-B25567007414-FollowerState] INFO  impl.RoleInfo (RoleInfo.java:shutdownFollowerState(110)) - 93b0d557-27ed-4241-a042-86e84b32abbd: shutdown 93b0d557-27ed-4241-a042-86e84b32abbd@group-B25567007414-FollowerState
2023-01-09 20:09:48,525 [93b0d557-27ed-4241-a042-86e84b32abbd@group-B25567007414-FollowerState] INFO  server.RaftServer$Division (RaftServerImpl.java:setRole(321)) - 93b0d557-27ed-4241-a042-86e84b32abbd@group-B25567007414: changes role from  FOLLOWER to CANDIDATE at term 0 for changeToCandidate
2023-01-09 20:09:48,525 [93b0d557-27ed-4241-a042-86e84b32abbd@group-B25567007414-FollowerState] INFO  server.RaftServerConfigKeys (ConfUtils.java:logGet(46)) - raft.server.leaderelection.pre-vote = false (custom)
2023-01-09 20:09:48,525 [93b0d557-27ed-4241-a042-86e84b32abbd@group-B25567007414-FollowerState] INFO  impl.RoleInfo (RoleInfo.java:updateAndGet(139)) - 93b0d557-27ed-4241-a042-86e84b32abbd: start 93b0d557-27ed-4241-a042-86e84b32abbd@group-B25567007414-LeaderElection7
2023-01-09 20:09:48,543 [93b0d557-27ed-4241-a042-86e84b32abbd@group-B25567007414-LeaderElection7] INFO  impl.LeaderElection (LeaderElection.java:askForVotes(312)) - 93b0d557-27ed-4241-a042-86e84b32abbd@group-B25567007414-LeaderElection7 ELECTION round 0: submit vote requests at term 1 for -1: peers:[93b0d557-27ed-4241-a042-86e84b32abbd|rpc:10.1.0.27:38305|dataStream:10.1.0.27:40935|priority:1|startupRole:FOLLOWER]|listeners:[], old=null
2023-01-09 20:09:48,543 [93b0d557-27ed-4241-a042-86e84b32abbd@group-B25567007414-LeaderElection7] INFO  impl.LeaderElection (LeaderElection.java:askForVotes(314)) - 93b0d557-27ed-4241-a042-86e84b32abbd@group-B25567007414-LeaderElection7 ELECTION round 0: result PASSED (term=1)
2023-01-09 20:09:48,543 [93b0d557-27ed-4241-a042-86e84b32abbd@group-B25567007414-LeaderElection7] INFO  impl.RoleInfo (RoleInfo.java:shutdownLeaderElection(130)) - 93b0d557-27ed-4241-a042-86e84b32abbd: shutdown 93b0d557-27ed-4241-a042-86e84b32abbd@group-B25567007414-LeaderElection7
2023-01-09 20:09:48,543 [93b0d557-27ed-4241-a042-86e84b32abbd@group-B25567007414-LeaderElection7] INFO  server.RaftServer$Division (RaftServerImpl.java:setRole(321)) - 93b0d557-27ed-4241-a042-86e84b32abbd@group-B25567007414: changes role from CANDIDATE to LEADER at term 1 for changeToLeader
2023-01-09 20:09:48,543 [93b0d557-27ed-4241-a042-86e84b32abbd@group-B25567007414-LeaderElection7] INFO  ratis.XceiverServerRatis (XceiverServerRatis.java:handleLeaderChangedNotification(904)) - Leader change notification received for group: group-B25567007414 with new leaderId: 93b0d557-27ed-4241-a042-86e84b32abbd
2023-01-09 20:09:48,551 [93b0d557-27ed-4241-a042-86e84b32abbd@group-B25567007414-LeaderElection7] INFO  server.RaftServer$Division (ServerState.java:setLeader(313)) - 93b0d557-27ed-4241-a042-86e84b32abbd@group-B25567007414: change Leader from null to 93b0d557-27ed-4241-a042-86e84b32abbd at term 1 for becomeLeader, leader elected after 5102ms
2023-01-09 20:09:48,551 [93b0d557-27ed-4241-a042-86e84b32abbd@group-B25567007414-LeaderElection7] INFO  server.RaftServerConfigKeys (ConfUtils.java:logGet(46)) - raft.server.staging.catchup.gap = 1000 (default)
2023-01-09 20:09:48,554 [93b0d557-27ed-4241-a042-86e84b32abbd@group-B25567007414-LeaderElection7] INFO  server.RaftServerConfigKeys (ConfUtils.java:logGet(46)) - raft.server.write.element-limit = 1024 (custom)
2023-01-09 20:09:48,554 [93b0d557-27ed-4241-a042-86e84b32abbd@group-B25567007414-LeaderElection7] INFO  server.RaftServerConfigKeys (ConfUtils.java:logGet(46)) - raft.server.write.byte-limit = 1024 M (=1073741824) (custom)
2023-01-09 20:09:48,554 [93b0d557-27ed-4241-a042-86e84b32abbd@group-B25567007414-LeaderElection7] INFO  server.RaftServerConfigKeys (ConfUtils.java:logGet(46)) - raft.server.watch.timeout = 180s (custom)
2023-01-09 20:09:48,554 [93b0d557-27ed-4241-a042-86e84b32abbd@group-B25567007414-LeaderElection7] INFO  server.RaftServerConfigKeys (ConfUtils.java:logGet(46)) - raft.server.watch.timeout.denomination = 1s (default)
2023-01-09 20:09:48,555 [93b0d557-27ed-4241-a042-86e84b32abbd@group-B25567007414-LeaderElection7] INFO  server.RaftServerConfigKeys (ConfUtils.java:logGet(46)) - raft.server.watch.element-limit = 65536 (default)
2023-01-09 20:09:48,555 [93b0d557-27ed-4241-a042-86e84b32abbd@group-B25567007414-LeaderElection7] INFO  server.RaftServerConfigKeys (ConfUtils.java:logGet(46)) - raft.server.write.element-limit = 1024 (custom)
2023-01-09 20:09:48,555 [93b0d557-27ed-4241-a042-86e84b32abbd@group-B25567007414-LeaderElection7] INFO  server.RaftServerConfigKeys (ConfUtils.java:logGet(46)) - raft.server.write.follower.gap.ratio.max = -1.0 (default)
2023-01-09 20:09:48,555 [93b0d557-27ed-4241-a042-86e84b32abbd@group-B25567007414-LeaderElection7] INFO  impl.RoleInfo (RoleInfo.java:updateAndGet(139)) - 93b0d557-27ed-4241-a042-86e84b32abbd: start 93b0d557-27ed-4241-a042-86e84b32abbd@group-B25567007414-LeaderStateImpl
2023-01-09 20:09:48,555 [93b0d557-27ed-4241-a042-86e84b32abbd@group-B25567007414-LeaderElection7] INFO  segmented.SegmentedRaftLogWorker (SegmentedRaftLogWorker.java:startLogSegment(452)) - 93b0d557-27ed-4241-a042-86e84b32abbd@group-B25567007414-SegmentedRaftLogWorker: Starting segment from index:0
2023-01-09 20:09:48,557 [37be314e-42cf-4ee9-a18e-baad7075c611-server-thread1] INFO  ratis.XceiverServerRatis (XceiverServerRatis.java:handleLeaderChangedNotification(904)) - Leader change notification received for group: group-75780AEF7A1B with new leaderId: 22174ed7-3438-44c1-87a9-382e0277420a
2023-01-09 20:09:48,557 [37be314e-42cf-4ee9-a18e-baad7075c611-server-thread1] INFO  server.RaftServer$Division (ServerState.java:setLeader(313)) - 37be314e-42cf-4ee9-a18e-baad7075c611@group-75780AEF7A1B: change Leader from null to 22174ed7-3438-44c1-87a9-382e0277420a at term 1 for appendEntries, leader elected after 5257ms
2023-01-09 20:09:48,560 [93b0d557-27ed-4241-a042-86e84b32abbd@group-B25567007414-SegmentedRaftLogWorker] INFO  segmented.SegmentedRaftLogWorker (SegmentedRaftLogWorker.java:execute(656)) - 93b0d557-27ed-4241-a042-86e84b32abbd@group-B25567007414-SegmentedRaftLogWorker: created new log segment /home/runner/work/ozone/ozone/hadoop-ozone/integration-test/target/test-dir/MiniOzoneClusterImpl-dc953f1b-8f43-4e25-a114-36b3b0290d25/datanode-3/data/ratis/5f380fc8-2ea4-462b-b2bc-b25567007414/current/log_inprogress_0
2023-01-09 20:09:48,563 [204ebb6c-eb9c-4605-8b0a-417067302917-server-thread1] INFO  ratis.XceiverServerRatis (XceiverServerRatis.java:handleLeaderChangedNotification(904)) - Leader change notification received for group: group-75780AEF7A1B with new leaderId: 22174ed7-3438-44c1-87a9-382e0277420a
2023-01-09 20:09:48,563 [204ebb6c-eb9c-4605-8b0a-417067302917-server-thread1] INFO  server.RaftServer$Division (ServerState.java:setLeader(313)) - 204ebb6c-eb9c-4605-8b0a-417067302917@group-75780AEF7A1B: change Leader from null to 22174ed7-3438-44c1-87a9-382e0277420a at term 1 for appendEntries, leader elected after 5375ms
2023-01-09 20:09:48,570 [93b0d557-27ed-4241-a042-86e84b32abbd@group-B25567007414-LeaderElection7] INFO  server.RaftServer$Division (ServerState.java:setRaftConf(430)) - 93b0d557-27ed-4241-a042-86e84b32abbd@group-B25567007414: set configuration 0: peers:[93b0d557-27ed-4241-a042-86e84b32abbd|rpc:10.1.0.27:38305|dataStream:10.1.0.27:40935|priority:1|startupRole:FOLLOWER]|listeners:[], old=null
2023-01-09 20:09:48,573 [204ebb6c-eb9c-4605-8b0a-417067302917-server-thread1] INFO  server.RaftServer$Division (ServerState.java:setRaftConf(430)) - 204ebb6c-eb9c-4605-8b0a-417067302917@group-75780AEF7A1B: set configuration 0: peers:[22174ed7-3438-44c1-87a9-382e0277420a|rpc:10.1.0.27:36955|dataStream:10.1.0.27:45849|priority:1|startupRole:FOLLOWER, 204ebb6c-eb9c-4605-8b0a-417067302917|rpc:10.1.0.27:38461|dataStream:10.1.0.27:40035|priority:0|startupRole:FOLLOWER, 37be314e-42cf-4ee9-a18e-baad7075c611|rpc:10.1.0.27:32955|dataStream:10.1.0.27:45453|priority:0|startupRole:FOLLOWER]|listeners:[], old=null
2023-01-09 20:09:48,574 [204ebb6c-eb9c-4605-8b0a-417067302917-server-thread1] INFO  segmented.SegmentedRaftLogWorker (SegmentedRaftLogWorker.java:startLogSegment(452)) - 204ebb6c-eb9c-4605-8b0a-417067302917@group-75780AEF7A1B-SegmentedRaftLogWorker: Starting segment from index:0
2023-01-09 20:09:48,575 [37be314e-42cf-4ee9-a18e-baad7075c611-server-thread2] INFO  server.RaftServer$Division (ServerState.java:setRaftConf(430)) - 37be314e-42cf-4ee9-a18e-baad7075c611@group-75780AEF7A1B: set configuration 0: peers:[22174ed7-3438-44c1-87a9-382e0277420a|rpc:10.1.0.27:36955|dataStream:10.1.0.27:45849|priority:1|startupRole:FOLLOWER, 204ebb6c-eb9c-4605-8b0a-417067302917|rpc:10.1.0.27:38461|dataStream:10.1.0.27:40035|priority:0|startupRole:FOLLOWER, 37be314e-42cf-4ee9-a18e-baad7075c611|rpc:10.1.0.27:32955|dataStream:10.1.0.27:45453|priority:0|startupRole:FOLLOWER]|listeners:[], old=null
2023-01-09 20:09:48,576 [37be314e-42cf-4ee9-a18e-baad7075c611-server-thread2] INFO  segmented.SegmentedRaftLogWorker (SegmentedRaftLogWorker.java:startLogSegment(452)) - 37be314e-42cf-4ee9-a18e-baad7075c611@group-75780AEF7A1B-SegmentedRaftLogWorker: Starting segment from index:0
2023-01-09 20:09:48,579 [204ebb6c-eb9c-4605-8b0a-417067302917@group-75780AEF7A1B-SegmentedRaftLogWorker] INFO  segmented.SegmentedRaftLogWorker (SegmentedRaftLogWorker.java:execute(656)) - 204ebb6c-eb9c-4605-8b0a-417067302917@group-75780AEF7A1B-SegmentedRaftLogWorker: created new log segment /home/runner/work/ozone/ozone/hadoop-ozone/integration-test/target/test-dir/MiniOzoneClusterImpl-dc953f1b-8f43-4e25-a114-36b3b0290d25/datanode-0/data/ratis/ebca2a99-9b62-4d3d-9b82-75780aef7a1b/current/log_inprogress_0
2023-01-09 20:09:48,579 [ReplicationMonitor] INFO  replication.ReplicationManager (ReplicationManager.java:processAll(330)) - Replication Manager is not ready to run until 3000ms after safemode exit
2023-01-09 20:09:48,579 [93b0d557-27ed-4241-a042-86e84b32abbd@group-598432169F60-FollowerState] INFO  impl.FollowerState (FollowerState.java:run(143)) - 93b0d557-27ed-4241-a042-86e84b32abbd@group-598432169F60-FollowerState: change to CANDIDATE, lastRpcElapsedTime:5055600016ns, electionTimeout:5045ms
2023-01-09 20:09:48,579 [93b0d557-27ed-4241-a042-86e84b32abbd@group-598432169F60-FollowerState] INFO  impl.RoleInfo (RoleInfo.java:shutdownFollowerState(110)) - 93b0d557-27ed-4241-a042-86e84b32abbd: shutdown 93b0d557-27ed-4241-a042-86e84b32abbd@group-598432169F60-FollowerState
2023-01-09 20:09:48,580 [37be314e-42cf-4ee9-a18e-baad7075c611@group-75780AEF7A1B-SegmentedRaftLogWorker] INFO  segmented.SegmentedRaftLogWorker (SegmentedRaftLogWorker.java:execute(656)) - 37be314e-42cf-4ee9-a18e-baad7075c611@group-75780AEF7A1B-SegmentedRaftLogWorker: created new log segment /home/runner/work/ozone/ozone/hadoop-ozone/integration-test/target/test-dir/MiniOzoneClusterImpl-dc953f1b-8f43-4e25-a114-36b3b0290d25/datanode-2/data/ratis/ebca2a99-9b62-4d3d-9b82-75780aef7a1b/current/log_inprogress_0
2023-01-09 20:09:48,580 [93b0d557-27ed-4241-a042-86e84b32abbd@group-598432169F60-FollowerState] INFO  server.RaftServer$Division (RaftServerImpl.java:setRole(321)) - 93b0d557-27ed-4241-a042-86e84b32abbd@group-598432169F60: changes role from  FOLLOWER to CANDIDATE at term 0 for changeToCandidate
2023-01-09 20:09:48,580 [93b0d557-27ed-4241-a042-86e84b32abbd@group-598432169F60-FollowerState] INFO  server.RaftServerConfigKeys (ConfUtils.java:logGet(46)) - raft.server.leaderelection.pre-vote = false (custom)
2023-01-09 20:09:48,580 [93b0d557-27ed-4241-a042-86e84b32abbd@group-598432169F60-FollowerState] INFO  impl.RoleInfo (RoleInfo.java:updateAndGet(139)) - 93b0d557-27ed-4241-a042-86e84b32abbd: start 93b0d557-27ed-4241-a042-86e84b32abbd@group-598432169F60-LeaderElection8
2023-01-09 20:09:48,605 [93b0d557-27ed-4241-a042-86e84b32abbd@group-598432169F60-LeaderElection8] INFO  impl.LeaderElection (LeaderElection.java:askForVotes(312)) - 93b0d557-27ed-4241-a042-86e84b32abbd@group-598432169F60-LeaderElection8 ELECTION round 0: submit vote requests at term 1 for -1: peers:[93b0d557-27ed-4241-a042-86e84b32abbd|rpc:10.1.0.27:38305|dataStream:10.1.0.27:40935|priority:0|startupRole:FOLLOWER, cbda9cd1-c9bf-468c-9ce3-2b320cdae76d|rpc:10.1.0.27:39195|dataStream:10.1.0.27:44727|priority:0|startupRole:FOLLOWER, 26559c5d-eeb2-413a-b661-4afee7d58202|rpc:10.1.0.27:44647|dataStream:10.1.0.27:46099|priority:1|startupRole:FOLLOWER]|listeners:[], old=null
2023-01-09 20:09:48,606 [93b0d557-27ed-4241-a042-86e84b32abbd@group-598432169F60-LeaderElection8-1] INFO  server.GrpcServerProtocolClient (GrpcServerProtocolClient.java:<init>(63)) - Build channel for cbda9cd1-c9bf-468c-9ce3-2b320cdae76d
2023-01-09 20:09:48,607 [93b0d557-27ed-4241-a042-86e84b32abbd@group-598432169F60-LeaderElection8] INFO  server.RaftServerConfigKeys (ConfUtils.java:logFallback(53)) - raft.server.rpc.first-election.timeout.min = 5s (fallback to raft.server.rpc.timeout.min)
2023-01-09 20:09:48,607 [93b0d557-27ed-4241-a042-86e84b32abbd@group-598432169F60-LeaderElection8] INFO  server.RaftServerConfigKeys (ConfUtils.java:logFallback(53)) - raft.server.rpc.first-election.timeout.max = 5200ms (fallback to raft.server.rpc.timeout.max)
2023-01-09 20:09:48,615 [grpc-default-executor-5] INFO  server.RaftServer$Division (RaftServerImpl.java:requestVote(1218)) - cbda9cd1-c9bf-468c-9ce3-2b320cdae76d@group-598432169F60: receive requestVote(ELECTION, 93b0d557-27ed-4241-a042-86e84b32abbd, group-598432169F60, 1, (t:0, i:0))
2023-01-09 20:09:48,615 [grpc-default-executor-5] INFO  impl.VoteContext (VoteContext.java:log(49)) - cbda9cd1-c9bf-468c-9ce3-2b320cdae76d@group-598432169F60-FOLLOWER: accept ELECTION from 93b0d557-27ed-4241-a042-86e84b32abbd: our priority 0 <= candidate's priority 0
2023-01-09 20:09:48,615 [grpc-default-executor-5] INFO  server.RaftServer$Division (RaftServerImpl.java:setRole(321)) - cbda9cd1-c9bf-468c-9ce3-2b320cdae76d@group-598432169F60: changes role from  FOLLOWER to FOLLOWER at term 1 for candidate:93b0d557-27ed-4241-a042-86e84b32abbd
2023-01-09 20:09:48,615 [grpc-default-executor-5] INFO  impl.RoleInfo (RoleInfo.java:shutdownFollowerState(110)) - cbda9cd1-c9bf-468c-9ce3-2b320cdae76d: shutdown cbda9cd1-c9bf-468c-9ce3-2b320cdae76d@group-598432169F60-FollowerState
2023-01-09 20:09:48,615 [cbda9cd1-c9bf-468c-9ce3-2b320cdae76d@group-598432169F60-FollowerState] INFO  impl.FollowerState (FollowerState.java:run(152)) - cbda9cd1-c9bf-468c-9ce3-2b320cdae76d@group-598432169F60-FollowerState was interrupted
2023-01-09 20:09:48,615 [grpc-default-executor-5] INFO  impl.RoleInfo (RoleInfo.java:updateAndGet(139)) - cbda9cd1-c9bf-468c-9ce3-2b320cdae76d: start cbda9cd1-c9bf-468c-9ce3-2b320cdae76d@group-598432169F60-FollowerState
2023-01-09 20:09:48,616 [cbda9cd1-c9bf-468c-9ce3-2b320cdae76d@group-598432169F60-FollowerState] INFO  server.RaftServerConfigKeys (ConfUtils.java:logFallback(53)) - raft.server.rpc.first-election.timeout.min = 5s (fallback to raft.server.rpc.timeout.min)
2023-01-09 20:09:48,616 [cbda9cd1-c9bf-468c-9ce3-2b320cdae76d@group-598432169F60-FollowerState] INFO  server.RaftServerConfigKeys (ConfUtils.java:logFallback(53)) - raft.server.rpc.first-election.timeout.max = 5200ms (fallback to raft.server.rpc.timeout.max)
2023-01-09 20:09:48,617 [grpc-default-executor-5] INFO  server.RaftServer$Division (RaftServerImpl.java:requestVote(1251)) - cbda9cd1-c9bf-468c-9ce3-2b320cdae76d@group-598432169F60 replies to ELECTION vote request: 93b0d557-27ed-4241-a042-86e84b32abbd<-cbda9cd1-c9bf-468c-9ce3-2b320cdae76d#0:OK-t1. Peer's state: cbda9cd1-c9bf-468c-9ce3-2b320cdae76d@group-598432169F60:t1, leader=null, voted=93b0d557-27ed-4241-a042-86e84b32abbd, raftlog=Memoized:cbda9cd1-c9bf-468c-9ce3-2b320cdae76d@group-598432169F60-SegmentedRaftLog:OPENED:c-1, conf=-1: peers:[93b0d557-27ed-4241-a042-86e84b32abbd|rpc:10.1.0.27:38305|dataStream:10.1.0.27:40935|priority:0|startupRole:FOLLOWER, cbda9cd1-c9bf-468c-9ce3-2b320cdae76d|rpc:10.1.0.27:39195|dataStream:10.1.0.27:44727|priority:0|startupRole:FOLLOWER, 26559c5d-eeb2-413a-b661-4afee7d58202|rpc:10.1.0.27:44647|dataStream:10.1.0.27:46099|priority:1|startupRole:FOLLOWER]|listeners:[], old=null
2023-01-09 20:09:48,622 [93b0d557-27ed-4241-a042-86e84b32abbd@group-598432169F60-LeaderElection8-2] INFO  server.GrpcServerProtocolClient (GrpcServerProtocolClient.java:<init>(63)) - Build channel for 26559c5d-eeb2-413a-b661-4afee7d58202
2023-01-09 20:09:48,632 [grpc-default-executor-5] INFO  server.RaftServer$Division (RaftServerImpl.java:requestVote(1218)) - 26559c5d-eeb2-413a-b661-4afee7d58202@group-598432169F60: receive requestVote(ELECTION, 93b0d557-27ed-4241-a042-86e84b32abbd, group-598432169F60, 1, (t:0, i:0))
2023-01-09 20:09:48,632 [grpc-default-executor-5] INFO  impl.VoteContext (VoteContext.java:log(49)) - 26559c5d-eeb2-413a-b661-4afee7d58202@group-598432169F60-FOLLOWER: reject ELECTION from 93b0d557-27ed-4241-a042-86e84b32abbd: our priority 1 > candidate's priority 0
2023-01-09 20:09:48,633 [grpc-default-executor-5] INFO  server.RaftServer$Division (RaftServerImpl.java:setRole(321)) - 26559c5d-eeb2-413a-b661-4afee7d58202@group-598432169F60: changes role from  FOLLOWER to FOLLOWER at term 1 for candidate:93b0d557-27ed-4241-a042-86e84b32abbd
2023-01-09 20:09:48,633 [grpc-default-executor-5] INFO  impl.RoleInfo (RoleInfo.java:shutdownFollowerState(110)) - 26559c5d-eeb2-413a-b661-4afee7d58202: shutdown 26559c5d-eeb2-413a-b661-4afee7d58202@group-598432169F60-FollowerState
2023-01-09 20:09:48,633 [grpc-default-executor-5] INFO  impl.RoleInfo (RoleInfo.java:updateAndGet(139)) - 26559c5d-eeb2-413a-b661-4afee7d58202: start 26559c5d-eeb2-413a-b661-4afee7d58202@group-598432169F60-FollowerState
2023-01-09 20:09:48,633 [26559c5d-eeb2-413a-b661-4afee7d58202@group-598432169F60-FollowerState] INFO  impl.FollowerState (FollowerState.java:run(152)) - 26559c5d-eeb2-413a-b661-4afee7d58202@group-598432169F60-FollowerState was interrupted
2023-01-09 20:09:48,635 [grpc-default-executor-5] INFO  server.RaftServer$Division (RaftServerImpl.java:requestVote(1251)) - 26559c5d-eeb2-413a-b661-4afee7d58202@group-598432169F60 replies to ELECTION vote request: 93b0d557-27ed-4241-a042-86e84b32abbd<-26559c5d-eeb2-413a-b661-4afee7d58202#0:FAIL-t1. Peer's state: 26559c5d-eeb2-413a-b661-4afee7d58202@group-598432169F60:t1, leader=null, voted=null, raftlog=Memoized:26559c5d-eeb2-413a-b661-4afee7d58202@group-598432169F60-SegmentedRaftLog:OPENED:c-1, conf=-1: peers:[93b0d557-27ed-4241-a042-86e84b32abbd|rpc:10.1.0.27:38305|dataStream:10.1.0.27:40935|priority:0|startupRole:FOLLOWER, cbda9cd1-c9bf-468c-9ce3-2b320cdae76d|rpc:10.1.0.27:39195|dataStream:10.1.0.27:44727|priority:0|startupRole:FOLLOWER, 26559c5d-eeb2-413a-b661-4afee7d58202|rpc:10.1.0.27:44647|dataStream:10.1.0.27:46099|priority:1|startupRole:FOLLOWER]|listeners:[], old=null
2023-01-09 20:09:48,636 [26559c5d-eeb2-413a-b661-4afee7d58202@group-598432169F60-FollowerState] INFO  server.RaftServerConfigKeys (ConfUtils.java:logFallback(53)) - raft.server.rpc.first-election.timeout.min = 5s (fallback to raft.server.rpc.timeout.min)
2023-01-09 20:09:48,636 [26559c5d-eeb2-413a-b661-4afee7d58202@group-598432169F60-FollowerState] INFO  server.RaftServerConfigKeys (ConfUtils.java:logFallback(53)) - raft.server.rpc.first-election.timeout.max = 5200ms (fallback to raft.server.rpc.timeout.max)
2023-01-09 20:09:48,637 [93b0d557-27ed-4241-a042-86e84b32abbd@group-598432169F60-LeaderElection8] INFO  impl.LeaderElection (LeaderElection.java:logAndReturn(90)) - 93b0d557-27ed-4241-a042-86e84b32abbd@group-598432169F60-LeaderElection8: ELECTION REJECTED received 2 response(s) and 0 exception(s):
2023-01-09 20:09:48,637 [93b0d557-27ed-4241-a042-86e84b32abbd@group-598432169F60-LeaderElection8] INFO  impl.LeaderElection (LeaderElection.java:logAndReturn(94)) -   Response 0: 93b0d557-27ed-4241-a042-86e84b32abbd<-cbda9cd1-c9bf-468c-9ce3-2b320cdae76d#0:OK-t1
2023-01-09 20:09:48,637 [93b0d557-27ed-4241-a042-86e84b32abbd@group-598432169F60-LeaderElection8] INFO  impl.LeaderElection (LeaderElection.java:logAndReturn(94)) -   Response 1: 93b0d557-27ed-4241-a042-86e84b32abbd<-26559c5d-eeb2-413a-b661-4afee7d58202#0:FAIL-t1
2023-01-09 20:09:48,638 [93b0d557-27ed-4241-a042-86e84b32abbd@group-598432169F60-LeaderElection8] INFO  impl.LeaderElection (LeaderElection.java:askForVotes(314)) - 93b0d557-27ed-4241-a042-86e84b32abbd@group-598432169F60-LeaderElection8 ELECTION round 0: result REJECTED
2023-01-09 20:09:48,638 [93b0d557-27ed-4241-a042-86e84b32abbd@group-598432169F60-LeaderElection8] INFO  server.RaftServer$Division (RaftServerImpl.java:setRole(321)) - 93b0d557-27ed-4241-a042-86e84b32abbd@group-598432169F60: changes role from CANDIDATE to FOLLOWER at term 1 for REJECTED
2023-01-09 20:09:48,638 [93b0d557-27ed-4241-a042-86e84b32abbd@group-598432169F60-LeaderElection8] INFO  impl.RoleInfo (RoleInfo.java:shutdownLeaderElection(130)) - 93b0d557-27ed-4241-a042-86e84b32abbd: shutdown 93b0d557-27ed-4241-a042-86e84b32abbd@group-598432169F60-LeaderElection8
2023-01-09 20:09:48,638 [93b0d557-27ed-4241-a042-86e84b32abbd@group-598432169F60-LeaderElection8] INFO  impl.RoleInfo (RoleInfo.java:updateAndGet(139)) - 93b0d557-27ed-4241-a042-86e84b32abbd: start 93b0d557-27ed-4241-a042-86e84b32abbd@group-598432169F60-FollowerState
2023-01-09 20:09:48,645 [93b0d557-27ed-4241-a042-86e84b32abbd@group-598432169F60-FollowerState] INFO  server.RaftServerConfigKeys (ConfUtils.java:logFallback(53)) - raft.server.rpc.first-election.timeout.min = 5s (fallback to raft.server.rpc.timeout.min)
2023-01-09 20:09:48,645 [93b0d557-27ed-4241-a042-86e84b32abbd@group-598432169F60-FollowerState] INFO  server.RaftServerConfigKeys (ConfUtils.java:logFallback(53)) - raft.server.rpc.first-election.timeout.max = 5200ms (fallback to raft.server.rpc.timeout.max)
2023-01-09 20:09:49,168 [26559c5d-eeb2-413a-b661-4afee7d58202@group-9C925EA0C3AA-FollowerState] INFO  impl.FollowerState (FollowerState.java:run(143)) - 26559c5d-eeb2-413a-b661-4afee7d58202@group-9C925EA0C3AA-FollowerState: change to CANDIDATE, lastRpcElapsedTime:5057087808ns, electionTimeout:5051ms
2023-01-09 20:09:49,169 [26559c5d-eeb2-413a-b661-4afee7d58202@group-9C925EA0C3AA-FollowerState] INFO  impl.RoleInfo (RoleInfo.java:shutdownFollowerState(110)) - 26559c5d-eeb2-413a-b661-4afee7d58202: shutdown 26559c5d-eeb2-413a-b661-4afee7d58202@group-9C925EA0C3AA-FollowerState
2023-01-09 20:09:49,169 [26559c5d-eeb2-413a-b661-4afee7d58202@group-9C925EA0C3AA-FollowerState] INFO  server.RaftServer$Division (RaftServerImpl.java:setRole(321)) - 26559c5d-eeb2-413a-b661-4afee7d58202@group-9C925EA0C3AA: changes role from  FOLLOWER to CANDIDATE at term 0 for changeToCandidate
2023-01-09 20:09:49,169 [26559c5d-eeb2-413a-b661-4afee7d58202@group-9C925EA0C3AA-FollowerState] INFO  server.RaftServerConfigKeys (ConfUtils.java:logGet(46)) - raft.server.leaderelection.pre-vote = false (custom)
2023-01-09 20:09:49,169 [26559c5d-eeb2-413a-b661-4afee7d58202@group-9C925EA0C3AA-FollowerState] INFO  impl.RoleInfo (RoleInfo.java:updateAndGet(139)) - 26559c5d-eeb2-413a-b661-4afee7d58202: start 26559c5d-eeb2-413a-b661-4afee7d58202@group-9C925EA0C3AA-LeaderElection9
2023-01-09 20:09:49,173 [26559c5d-eeb2-413a-b661-4afee7d58202@group-9C925EA0C3AA-LeaderElection9] INFO  impl.LeaderElection (LeaderElection.java:askForVotes(312)) - 26559c5d-eeb2-413a-b661-4afee7d58202@group-9C925EA0C3AA-LeaderElection9 ELECTION round 0: submit vote requests at term 1 for -1: peers:[26559c5d-eeb2-413a-b661-4afee7d58202|rpc:10.1.0.27:44647|dataStream:10.1.0.27:46099|priority:1|startupRole:FOLLOWER]|listeners:[], old=null
2023-01-09 20:09:49,174 [26559c5d-eeb2-413a-b661-4afee7d58202@group-9C925EA0C3AA-LeaderElection9] INFO  impl.LeaderElection (LeaderElection.java:askForVotes(314)) - 26559c5d-eeb2-413a-b661-4afee7d58202@group-9C925EA0C3AA-LeaderElection9 ELECTION round 0: result PASSED (term=1)
2023-01-09 20:09:49,174 [26559c5d-eeb2-413a-b661-4afee7d58202@group-9C925EA0C3AA-LeaderElection9] INFO  impl.RoleInfo (RoleInfo.java:shutdownLeaderElection(130)) - 26559c5d-eeb2-413a-b661-4afee7d58202: shutdown 26559c5d-eeb2-413a-b661-4afee7d58202@group-9C925EA0C3AA-LeaderElection9
2023-01-09 20:09:49,174 [26559c5d-eeb2-413a-b661-4afee7d58202@group-9C925EA0C3AA-LeaderElection9] INFO  server.RaftServer$Division (RaftServerImpl.java:setRole(321)) - 26559c5d-eeb2-413a-b661-4afee7d58202@group-9C925EA0C3AA: changes role from CANDIDATE to LEADER at term 1 for changeToLeader
2023-01-09 20:09:49,174 [26559c5d-eeb2-413a-b661-4afee7d58202@group-9C925EA0C3AA-LeaderElection9] INFO  ratis.XceiverServerRatis (XceiverServerRatis.java:handleLeaderChangedNotification(904)) - Leader change notification received for group: group-9C925EA0C3AA with new leaderId: 26559c5d-eeb2-413a-b661-4afee7d58202
2023-01-09 20:09:49,174 [26559c5d-eeb2-413a-b661-4afee7d58202@group-9C925EA0C3AA-LeaderElection9] INFO  server.RaftServer$Division (ServerState.java:setLeader(313)) - 26559c5d-eeb2-413a-b661-4afee7d58202@group-9C925EA0C3AA: change Leader from null to 26559c5d-eeb2-413a-b661-4afee7d58202 at term 1 for becomeLeader, leader elected after 5111ms
2023-01-09 20:09:49,174 [26559c5d-eeb2-413a-b661-4afee7d58202@group-9C925EA0C3AA-LeaderElection9] INFO  server.RaftServerConfigKeys (ConfUtils.java:logGet(46)) - raft.server.staging.catchup.gap = 1000 (default)
2023-01-09 20:09:49,175 [26559c5d-eeb2-413a-b661-4afee7d58202@group-9C925EA0C3AA-LeaderElection9] INFO  server.RaftServerConfigKeys (ConfUtils.java:logGet(46)) - raft.server.write.element-limit = 1024 (custom)
2023-01-09 20:09:49,175 [26559c5d-eeb2-413a-b661-4afee7d58202@group-9C925EA0C3AA-LeaderElection9] INFO  server.RaftServerConfigKeys (ConfUtils.java:logGet(46)) - raft.server.write.byte-limit = 1024 M (=1073741824) (custom)
2023-01-09 20:09:49,175 [26559c5d-eeb2-413a-b661-4afee7d58202@group-9C925EA0C3AA-LeaderElection9] INFO  server.RaftServerConfigKeys (ConfUtils.java:logGet(46)) - raft.server.watch.timeout = 180s (custom)
2023-01-09 20:09:49,175 [26559c5d-eeb2-413a-b661-4afee7d58202@group-9C925EA0C3AA-LeaderElection9] INFO  server.RaftServerConfigKeys (ConfUtils.java:logGet(46)) - raft.server.watch.timeout.denomination = 1s (default)
2023-01-09 20:09:49,175 [26559c5d-eeb2-413a-b661-4afee7d58202@group-9C925EA0C3AA-LeaderElection9] INFO  server.RaftServerConfigKeys (ConfUtils.java:logGet(46)) - raft.server.watch.element-limit = 65536 (default)
2023-01-09 20:09:49,175 [26559c5d-eeb2-413a-b661-4afee7d58202@group-9C925EA0C3AA-LeaderElection9] INFO  server.RaftServerConfigKeys (ConfUtils.java:logGet(46)) - raft.server.write.element-limit = 1024 (custom)
2023-01-09 20:09:49,177 [26559c5d-eeb2-413a-b661-4afee7d58202@group-9C925EA0C3AA-LeaderElection9] INFO  server.RaftServerConfigKeys (ConfUtils.java:logGet(46)) - raft.server.write.follower.gap.ratio.max = -1.0 (default)
2023-01-09 20:09:49,177 [26559c5d-eeb2-413a-b661-4afee7d58202@group-9C925EA0C3AA-LeaderElection9] INFO  impl.RoleInfo (RoleInfo.java:updateAndGet(139)) - 26559c5d-eeb2-413a-b661-4afee7d58202: start 26559c5d-eeb2-413a-b661-4afee7d58202@group-9C925EA0C3AA-LeaderStateImpl
2023-01-09 20:09:49,177 [26559c5d-eeb2-413a-b661-4afee7d58202@group-9C925EA0C3AA-LeaderElection9] INFO  segmented.SegmentedRaftLogWorker (SegmentedRaftLogWorker.java:startLogSegment(452)) - 26559c5d-eeb2-413a-b661-4afee7d58202@group-9C925EA0C3AA-SegmentedRaftLogWorker: Starting segment from index:0
2023-01-09 20:09:49,179 [26559c5d-eeb2-413a-b661-4afee7d58202@group-9C925EA0C3AA-LeaderElection9] INFO  server.RaftServer$Division (ServerState.java:setRaftConf(430)) - 26559c5d-eeb2-413a-b661-4afee7d58202@group-9C925EA0C3AA: set configuration 0: peers:[26559c5d-eeb2-413a-b661-4afee7d58202|rpc:10.1.0.27:44647|dataStream:10.1.0.27:46099|priority:1|startupRole:FOLLOWER]|listeners:[], old=null
2023-01-09 20:09:49,181 [26559c5d-eeb2-413a-b661-4afee7d58202@group-9C925EA0C3AA-SegmentedRaftLogWorker] INFO  segmented.SegmentedRaftLogWorker (SegmentedRaftLogWorker.java:execute(656)) - 26559c5d-eeb2-413a-b661-4afee7d58202@group-9C925EA0C3AA-SegmentedRaftLogWorker: created new log segment /home/runner/work/ozone/ozone/hadoop-ozone/integration-test/target/test-dir/MiniOzoneClusterImpl-dc953f1b-8f43-4e25-a114-36b3b0290d25/datanode-4/data/ratis/cf2e784e-7772-45ba-87c5-9c925ea0c3aa/current/log_inprogress_0
2023-01-09 20:09:49,206 [93b0d557-27ed-4241-a042-86e84b32abbd@group-D8C695AA2570-FollowerState] INFO  impl.FollowerState (FollowerState.java:run(143)) - 93b0d557-27ed-4241-a042-86e84b32abbd@group-D8C695AA2570-FollowerState: change to CANDIDATE, lastRpcElapsedTime:5065102764ns, electionTimeout:5063ms
2023-01-09 20:09:49,206 [93b0d557-27ed-4241-a042-86e84b32abbd@group-D8C695AA2570-FollowerState] INFO  impl.RoleInfo (RoleInfo.java:shutdownFollowerState(110)) - 93b0d557-27ed-4241-a042-86e84b32abbd: shutdown 93b0d557-27ed-4241-a042-86e84b32abbd@group-D8C695AA2570-FollowerState
2023-01-09 20:09:49,206 [93b0d557-27ed-4241-a042-86e84b32abbd@group-D8C695AA2570-FollowerState] INFO  server.RaftServer$Division (RaftServerImpl.java:setRole(321)) - 93b0d557-27ed-4241-a042-86e84b32abbd@group-D8C695AA2570: changes role from  FOLLOWER to CANDIDATE at term 0 for changeToCandidate
2023-01-09 20:09:49,207 [93b0d557-27ed-4241-a042-86e84b32abbd@group-D8C695AA2570-FollowerState] INFO  server.RaftServerConfigKeys (ConfUtils.java:logGet(46)) - raft.server.leaderelection.pre-vote = false (custom)
2023-01-09 20:09:49,207 [93b0d557-27ed-4241-a042-86e84b32abbd@group-D8C695AA2570-FollowerState] INFO  impl.RoleInfo (RoleInfo.java:updateAndGet(139)) - 93b0d557-27ed-4241-a042-86e84b32abbd: start 93b0d557-27ed-4241-a042-86e84b32abbd@group-D8C695AA2570-LeaderElection10
2023-01-09 20:09:49,211 [93b0d557-27ed-4241-a042-86e84b32abbd@group-D8C695AA2570-LeaderElection10] INFO  impl.LeaderElection (LeaderElection.java:askForVotes(312)) - 93b0d557-27ed-4241-a042-86e84b32abbd@group-D8C695AA2570-LeaderElection10 ELECTION round 0: submit vote requests at term 1 for -1: peers:[93b0d557-27ed-4241-a042-86e84b32abbd|rpc:10.1.0.27:38305|dataStream:10.1.0.27:40935|priority:0|startupRole:FOLLOWER, cbda9cd1-c9bf-468c-9ce3-2b320cdae76d|rpc:10.1.0.27:39195|dataStream:10.1.0.27:44727|priority:1|startupRole:FOLLOWER, 26559c5d-eeb2-413a-b661-4afee7d58202|rpc:10.1.0.27:44647|dataStream:10.1.0.27:46099|priority:0|startupRole:FOLLOWER]|listeners:[], old=null
2023-01-09 20:09:49,212 [93b0d557-27ed-4241-a042-86e84b32abbd@group-D8C695AA2570-LeaderElection10] INFO  server.RaftServerConfigKeys (ConfUtils.java:logFallback(53)) - raft.server.rpc.first-election.timeout.min = 5s (fallback to raft.server.rpc.timeout.min)
2023-01-09 20:09:49,212 [93b0d557-27ed-4241-a042-86e84b32abbd@group-D8C695AA2570-LeaderElection10] INFO  server.RaftServerConfigKeys (ConfUtils.java:logFallback(53)) - raft.server.rpc.first-election.timeout.max = 5200ms (fallback to raft.server.rpc.timeout.max)
2023-01-09 20:09:49,223 [grpc-default-executor-5] INFO  server.RaftServer$Division (RaftServerImpl.java:requestVote(1218)) - cbda9cd1-c9bf-468c-9ce3-2b320cdae76d@group-D8C695AA2570: receive requestVote(ELECTION, 93b0d557-27ed-4241-a042-86e84b32abbd, group-D8C695AA2570, 1, (t:0, i:0))
2023-01-09 20:09:49,223 [grpc-default-executor-5] INFO  impl.VoteContext (VoteContext.java:log(49)) - cbda9cd1-c9bf-468c-9ce3-2b320cdae76d@group-D8C695AA2570-FOLLOWER: reject ELECTION from 93b0d557-27ed-4241-a042-86e84b32abbd: our priority 1 > candidate's priority 0
2023-01-09 20:09:49,223 [grpc-default-executor-5] INFO  server.RaftServer$Division (RaftServerImpl.java:setRole(321)) - cbda9cd1-c9bf-468c-9ce3-2b320cdae76d@group-D8C695AA2570: changes role from  FOLLOWER to FOLLOWER at term 1 for candidate:93b0d557-27ed-4241-a042-86e84b32abbd
2023-01-09 20:09:49,223 [grpc-default-executor-5] INFO  impl.RoleInfo (RoleInfo.java:shutdownFollowerState(110)) - cbda9cd1-c9bf-468c-9ce3-2b320cdae76d: shutdown cbda9cd1-c9bf-468c-9ce3-2b320cdae76d@group-D8C695AA2570-FollowerState
2023-01-09 20:09:49,224 [grpc-default-executor-5] INFO  impl.RoleInfo (RoleInfo.java:updateAndGet(139)) - cbda9cd1-c9bf-468c-9ce3-2b320cdae76d: start cbda9cd1-c9bf-468c-9ce3-2b320cdae76d@group-D8C695AA2570-FollowerState
2023-01-09 20:09:49,224 [cbda9cd1-c9bf-468c-9ce3-2b320cdae76d@group-D8C695AA2570-FollowerState] INFO  impl.FollowerState (FollowerState.java:run(152)) - cbda9cd1-c9bf-468c-9ce3-2b320cdae76d@group-D8C695AA2570-FollowerState was interrupted
2023-01-09 20:09:49,233 [Listener at 127.0.0.1/33951] INFO  ozone.MiniOzoneClusterImpl (MiniOzoneClusterImpl.java:lambda$waitForClusterToBeReady$0(218)) - Nodes are ready. Got 10 of 10 DN Heartbeats.
2023-01-09 20:09:49,233 [Listener at 127.0.0.1/33951] INFO  ozone.MiniOzoneClusterImpl (MiniOzoneClusterImpl.java:lambda$waitForClusterToBeReady$0(221)) - Cluster exits safe mode
2023-01-09 20:09:49,233 [Listener at 127.0.0.1/33951] INFO  ozone.MiniOzoneClusterImpl (MiniOzoneClusterImpl.java:lambda$waitForClusterToBeReady$0(223)) - SCM became leader
2023-01-09 20:09:49,236 [cbda9cd1-c9bf-468c-9ce3-2b320cdae76d@group-D8C695AA2570-FollowerState] INFO  server.RaftServerConfigKeys (ConfUtils.java:logFallback(53)) - raft.server.rpc.first-election.timeout.min = 5s (fallback to raft.server.rpc.timeout.min)
2023-01-09 20:09:49,236 [cbda9cd1-c9bf-468c-9ce3-2b320cdae76d@group-D8C695AA2570-FollowerState] INFO  server.RaftServerConfigKeys (ConfUtils.java:logFallback(53)) - raft.server.rpc.first-election.timeout.max = 5200ms (fallback to raft.server.rpc.timeout.max)
2023-01-09 20:09:49,237 [grpc-default-executor-1] INFO  server.RaftServer$Division (RaftServerImpl.java:requestVote(1218)) - 26559c5d-eeb2-413a-b661-4afee7d58202@group-D8C695AA2570: receive requestVote(ELECTION, 93b0d557-27ed-4241-a042-86e84b32abbd, group-D8C695AA2570, 1, (t:0, i:0))
2023-01-09 20:09:49,237 [grpc-default-executor-1] INFO  impl.VoteContext (VoteContext.java:log(49)) - 26559c5d-eeb2-413a-b661-4afee7d58202@group-D8C695AA2570-FOLLOWER: accept ELECTION from 93b0d557-27ed-4241-a042-86e84b32abbd: our priority 0 <= candidate's priority 0
2023-01-09 20:09:49,237 [grpc-default-executor-1] INFO  server.RaftServer$Division (RaftServerImpl.java:setRole(321)) - 26559c5d-eeb2-413a-b661-4afee7d58202@group-D8C695AA2570: changes role from  FOLLOWER to FOLLOWER at term 1 for candidate:93b0d557-27ed-4241-a042-86e84b32abbd
2023-01-09 20:09:49,237 [grpc-default-executor-1] INFO  impl.RoleInfo (RoleInfo.java:shutdownFollowerState(110)) - 26559c5d-eeb2-413a-b661-4afee7d58202: shutdown 26559c5d-eeb2-413a-b661-4afee7d58202@group-D8C695AA2570-FollowerState
2023-01-09 20:09:49,237 [grpc-default-executor-1] INFO  impl.RoleInfo (RoleInfo.java:updateAndGet(139)) - 26559c5d-eeb2-413a-b661-4afee7d58202: start 26559c5d-eeb2-413a-b661-4afee7d58202@group-D8C695AA2570-FollowerState
2023-01-09 20:09:49,238 [26559c5d-eeb2-413a-b661-4afee7d58202@group-D8C695AA2570-FollowerState] INFO  impl.FollowerState (FollowerState.java:run(152)) - 26559c5d-eeb2-413a-b661-4afee7d58202@group-D8C695AA2570-FollowerState was interrupted
2023-01-09 20:09:49,238 [26559c5d-eeb2-413a-b661-4afee7d58202@group-D8C695AA2570-FollowerState] INFO  server.RaftServerConfigKeys (ConfUtils.java:logFallback(53)) - raft.server.rpc.first-election.timeout.min = 5s (fallback to raft.server.rpc.timeout.min)
2023-01-09 20:09:49,238 [26559c5d-eeb2-413a-b661-4afee7d58202@group-D8C695AA2570-FollowerState] INFO  server.RaftServerConfigKeys (ConfUtils.java:logFallback(53)) - raft.server.rpc.first-election.timeout.max = 5200ms (fallback to raft.server.rpc.timeout.max)
2023-01-09 20:09:49,240 [grpc-default-executor-5] INFO  server.RaftServer$Division (RaftServerImpl.java:requestVote(1251)) - cbda9cd1-c9bf-468c-9ce3-2b320cdae76d@group-D8C695AA2570 replies to ELECTION vote request: 93b0d557-27ed-4241-a042-86e84b32abbd<-cbda9cd1-c9bf-468c-9ce3-2b320cdae76d#0:FAIL-t1. Peer's state: cbda9cd1-c9bf-468c-9ce3-2b320cdae76d@group-D8C695AA2570:t1, leader=null, voted=null, raftlog=Memoized:cbda9cd1-c9bf-468c-9ce3-2b320cdae76d@group-D8C695AA2570-SegmentedRaftLog:OPENED:c-1, conf=-1: peers:[93b0d557-27ed-4241-a042-86e84b32abbd|rpc:10.1.0.27:38305|dataStream:10.1.0.27:40935|priority:0|startupRole:FOLLOWER, cbda9cd1-c9bf-468c-9ce3-2b320cdae76d|rpc:10.1.0.27:39195|dataStream:10.1.0.27:44727|priority:1|startupRole:FOLLOWER, 26559c5d-eeb2-413a-b661-4afee7d58202|rpc:10.1.0.27:44647|dataStream:10.1.0.27:46099|priority:0|startupRole:FOLLOWER]|listeners:[], old=null
2023-01-09 20:09:49,241 [grpc-default-executor-1] INFO  server.RaftServer$Division (RaftServerImpl.java:requestVote(1251)) - 26559c5d-eeb2-413a-b661-4afee7d58202@group-D8C695AA2570 replies to ELECTION vote request: 93b0d557-27ed-4241-a042-86e84b32abbd<-26559c5d-eeb2-413a-b661-4afee7d58202#0:OK-t1. Peer's state: 26559c5d-eeb2-413a-b661-4afee7d58202@group-D8C695AA2570:t1, leader=null, voted=93b0d557-27ed-4241-a042-86e84b32abbd, raftlog=Memoized:26559c5d-eeb2-413a-b661-4afee7d58202@group-D8C695AA2570-SegmentedRaftLog:OPENED:c-1, conf=-1: peers:[93b0d557-27ed-4241-a042-86e84b32abbd|rpc:10.1.0.27:38305|dataStream:10.1.0.27:40935|priority:0|startupRole:FOLLOWER, cbda9cd1-c9bf-468c-9ce3-2b320cdae76d|rpc:10.1.0.27:39195|dataStream:10.1.0.27:44727|priority:1|startupRole:FOLLOWER, 26559c5d-eeb2-413a-b661-4afee7d58202|rpc:10.1.0.27:44647|dataStream:10.1.0.27:46099|priority:0|startupRole:FOLLOWER]|listeners:[], old=null
2023-01-09 20:09:49,244 [93b0d557-27ed-4241-a042-86e84b32abbd@group-D8C695AA2570-LeaderElection10] INFO  impl.LeaderElection (LeaderElection.java:logAndReturn(90)) - 93b0d557-27ed-4241-a042-86e84b32abbd@group-D8C695AA2570-LeaderElection10: ELECTION REJECTED received 1 response(s) and 0 exception(s):
2023-01-09 20:09:49,244 [93b0d557-27ed-4241-a042-86e84b32abbd@group-D8C695AA2570-LeaderElection10] INFO  impl.LeaderElection (LeaderElection.java:logAndReturn(94)) -   Response 0: 93b0d557-27ed-4241-a042-86e84b32abbd<-cbda9cd1-c9bf-468c-9ce3-2b320cdae76d#0:FAIL-t1
2023-01-09 20:09:49,244 [93b0d557-27ed-4241-a042-86e84b32abbd@group-D8C695AA2570-LeaderElection10] INFO  impl.LeaderElection (LeaderElection.java:askForVotes(314)) - 93b0d557-27ed-4241-a042-86e84b32abbd@group-D8C695AA2570-LeaderElection10 ELECTION round 0: result REJECTED
2023-01-09 20:09:49,244 [93b0d557-27ed-4241-a042-86e84b32abbd@group-D8C695AA2570-LeaderElection10] INFO  server.RaftServer$Division (RaftServerImpl.java:setRole(321)) - 93b0d557-27ed-4241-a042-86e84b32abbd@group-D8C695AA2570: changes role from CANDIDATE to FOLLOWER at term 1 for REJECTED
2023-01-09 20:09:49,244 [93b0d557-27ed-4241-a042-86e84b32abbd@group-D8C695AA2570-LeaderElection10] INFO  impl.RoleInfo (RoleInfo.java:shutdownLeaderElection(130)) - 93b0d557-27ed-4241-a042-86e84b32abbd: shutdown 93b0d557-27ed-4241-a042-86e84b32abbd@group-D8C695AA2570-LeaderElection10
2023-01-09 20:09:49,244 [93b0d557-27ed-4241-a042-86e84b32abbd@group-D8C695AA2570-LeaderElection10] INFO  impl.RoleInfo (RoleInfo.java:updateAndGet(139)) - 93b0d557-27ed-4241-a042-86e84b32abbd: start 93b0d557-27ed-4241-a042-86e84b32abbd@group-D8C695AA2570-FollowerState
2023-01-09 20:09:49,257 [93b0d557-27ed-4241-a042-86e84b32abbd@group-D8C695AA2570-FollowerState] INFO  server.RaftServerConfigKeys (ConfUtils.java:logFallback(53)) - raft.server.rpc.first-election.timeout.min = 5s (fallback to raft.server.rpc.timeout.min)
2023-01-09 20:09:49,257 [93b0d557-27ed-4241-a042-86e84b32abbd@group-D8C695AA2570-FollowerState] INFO  server.RaftServerConfigKeys (ConfUtils.java:logFallback(53)) - raft.server.rpc.first-election.timeout.max = 5200ms (fallback to raft.server.rpc.timeout.max)
2023-01-09 20:09:49,487 [cbda9cd1-c9bf-468c-9ce3-2b320cdae76d@group-C642F25C70EF-FollowerState] INFO  impl.FollowerState (FollowerState.java:run(143)) - cbda9cd1-c9bf-468c-9ce3-2b320cdae76d@group-C642F25C70EF-FollowerState: change to CANDIDATE, lastRpcElapsedTime:5183255524ns, electionTimeout:5181ms
2023-01-09 20:09:49,502 [cbda9cd1-c9bf-468c-9ce3-2b320cdae76d@group-C642F25C70EF-FollowerState] INFO  impl.RoleInfo (RoleInfo.java:shutdownFollowerState(110)) - cbda9cd1-c9bf-468c-9ce3-2b320cdae76d: shutdown cbda9cd1-c9bf-468c-9ce3-2b320cdae76d@group-C642F25C70EF-FollowerState
2023-01-09 20:09:49,502 [cbda9cd1-c9bf-468c-9ce3-2b320cdae76d@group-C642F25C70EF-FollowerState] INFO  server.RaftServer$Division (RaftServerImpl.java:setRole(321)) - cbda9cd1-c9bf-468c-9ce3-2b320cdae76d@group-C642F25C70EF: changes role from  FOLLOWER to CANDIDATE at term 0 for changeToCandidate
2023-01-09 20:09:49,502 [cbda9cd1-c9bf-468c-9ce3-2b320cdae76d@group-C642F25C70EF-FollowerState] INFO  server.RaftServerConfigKeys (ConfUtils.java:logGet(46)) - raft.server.leaderelection.pre-vote = false (custom)
2023-01-09 20:09:49,502 [cbda9cd1-c9bf-468c-9ce3-2b320cdae76d@group-C642F25C70EF-FollowerState] INFO  impl.RoleInfo (RoleInfo.java:updateAndGet(139)) - cbda9cd1-c9bf-468c-9ce3-2b320cdae76d: start cbda9cd1-c9bf-468c-9ce3-2b320cdae76d@group-C642F25C70EF-LeaderElection11
2023-01-09 20:09:49,530 [cbda9cd1-c9bf-468c-9ce3-2b320cdae76d@group-C642F25C70EF-LeaderElection11] INFO  impl.LeaderElection (LeaderElection.java:askForVotes(312)) - cbda9cd1-c9bf-468c-9ce3-2b320cdae76d@group-C642F25C70EF-LeaderElection11 ELECTION round 0: submit vote requests at term 1 for -1: peers:[cbda9cd1-c9bf-468c-9ce3-2b320cdae76d|rpc:10.1.0.27:39195|dataStream:10.1.0.27:44727|priority:1|startupRole:FOLLOWER]|listeners:[], old=null
2023-01-09 20:09:49,530 [cbda9cd1-c9bf-468c-9ce3-2b320cdae76d@group-C642F25C70EF-LeaderElection11] INFO  impl.LeaderElection (LeaderElection.java:askForVotes(314)) - cbda9cd1-c9bf-468c-9ce3-2b320cdae76d@group-C642F25C70EF-LeaderElection11 ELECTION round 0: result PASSED (term=1)
2023-01-09 20:09:49,530 [cbda9cd1-c9bf-468c-9ce3-2b320cdae76d@group-C642F25C70EF-LeaderElection11] INFO  impl.RoleInfo (RoleInfo.java:shutdownLeaderElection(130)) - cbda9cd1-c9bf-468c-9ce3-2b320cdae76d: shutdown cbda9cd1-c9bf-468c-9ce3-2b320cdae76d@group-C642F25C70EF-LeaderElection11
2023-01-09 20:09:49,530 [cbda9cd1-c9bf-468c-9ce3-2b320cdae76d@group-C642F25C70EF-LeaderElection11] INFO  server.RaftServer$Division (RaftServerImpl.java:setRole(321)) - cbda9cd1-c9bf-468c-9ce3-2b320cdae76d@group-C642F25C70EF: changes role from CANDIDATE to LEADER at term 1 for changeToLeader
2023-01-09 20:09:49,530 [cbda9cd1-c9bf-468c-9ce3-2b320cdae76d@group-C642F25C70EF-LeaderElection11] INFO  ratis.XceiverServerRatis (XceiverServerRatis.java:handleLeaderChangedNotification(904)) - Leader change notification received for group: group-C642F25C70EF with new leaderId: cbda9cd1-c9bf-468c-9ce3-2b320cdae76d
2023-01-09 20:09:49,531 [cbda9cd1-c9bf-468c-9ce3-2b320cdae76d@group-C642F25C70EF-LeaderElection11] INFO  server.RaftServer$Division (ServerState.java:setLeader(313)) - cbda9cd1-c9bf-468c-9ce3-2b320cdae76d@group-C642F25C70EF: change Leader from null to cbda9cd1-c9bf-468c-9ce3-2b320cdae76d at term 1 for becomeLeader, leader elected after 5252ms
2023-01-09 20:09:49,531 [cbda9cd1-c9bf-468c-9ce3-2b320cdae76d@group-C642F25C70EF-LeaderElection11] INFO  server.RaftServerConfigKeys (ConfUtils.java:logGet(46)) - raft.server.staging.catchup.gap = 1000 (default)
2023-01-09 20:09:49,531 [cbda9cd1-c9bf-468c-9ce3-2b320cdae76d@group-C642F25C70EF-LeaderElection11] INFO  server.RaftServerConfigKeys (ConfUtils.java:logGet(46)) - raft.server.write.element-limit = 1024 (custom)
2023-01-09 20:09:49,531 [cbda9cd1-c9bf-468c-9ce3-2b320cdae76d@group-C642F25C70EF-LeaderElection11] INFO  server.RaftServerConfigKeys (ConfUtils.java:logGet(46)) - raft.server.write.byte-limit = 1024 M (=1073741824) (custom)
2023-01-09 20:09:49,531 [cbda9cd1-c9bf-468c-9ce3-2b320cdae76d@group-C642F25C70EF-LeaderElection11] INFO  server.RaftServerConfigKeys (ConfUtils.java:logGet(46)) - raft.server.watch.timeout = 180s (custom)
2023-01-09 20:09:49,532 [cbda9cd1-c9bf-468c-9ce3-2b320cdae76d@group-C642F25C70EF-LeaderElection11] INFO  server.RaftServerConfigKeys (ConfUtils.java:logGet(46)) - raft.server.watch.timeout.denomination = 1s (default)
2023-01-09 20:09:49,532 [cbda9cd1-c9bf-468c-9ce3-2b320cdae76d@group-C642F25C70EF-LeaderElection11] INFO  server.RaftServerConfigKeys (ConfUtils.java:logGet(46)) - raft.server.watch.element-limit = 65536 (default)
2023-01-09 20:09:49,532 [cbda9cd1-c9bf-468c-9ce3-2b320cdae76d@group-C642F25C70EF-LeaderElection11] INFO  server.RaftServerConfigKeys (ConfUtils.java:logGet(46)) - raft.server.write.element-limit = 1024 (custom)
2023-01-09 20:09:49,532 [cbda9cd1-c9bf-468c-9ce3-2b320cdae76d@group-C642F25C70EF-LeaderElection11] INFO  server.RaftServerConfigKeys (ConfUtils.java:logGet(46)) - raft.server.write.follower.gap.ratio.max = -1.0 (default)
2023-01-09 20:09:49,532 [cbda9cd1-c9bf-468c-9ce3-2b320cdae76d@group-C642F25C70EF-LeaderElection11] INFO  impl.RoleInfo (RoleInfo.java:updateAndGet(139)) - cbda9cd1-c9bf-468c-9ce3-2b320cdae76d: start cbda9cd1-c9bf-468c-9ce3-2b320cdae76d@group-C642F25C70EF-LeaderStateImpl
2023-01-09 20:09:49,532 [cbda9cd1-c9bf-468c-9ce3-2b320cdae76d@group-C642F25C70EF-LeaderElection11] INFO  segmented.SegmentedRaftLogWorker (SegmentedRaftLogWorker.java:startLogSegment(452)) - cbda9cd1-c9bf-468c-9ce3-2b320cdae76d@group-C642F25C70EF-SegmentedRaftLogWorker: Starting segment from index:0
2023-01-09 20:09:49,534 [cbda9cd1-c9bf-468c-9ce3-2b320cdae76d@group-C642F25C70EF-SegmentedRaftLogWorker] INFO  segmented.SegmentedRaftLogWorker (SegmentedRaftLogWorker.java:execute(656)) - cbda9cd1-c9bf-468c-9ce3-2b320cdae76d@group-C642F25C70EF-SegmentedRaftLogWorker: created new log segment /home/runner/work/ozone/ozone/hadoop-ozone/integration-test/target/test-dir/MiniOzoneClusterImpl-dc953f1b-8f43-4e25-a114-36b3b0290d25/datanode-5/data/ratis/e558dfb5-e592-4700-a1a1-c642f25c70ef/current/log_inprogress_0
2023-01-09 20:09:49,551 [cbda9cd1-c9bf-468c-9ce3-2b320cdae76d@group-C642F25C70EF-LeaderElection11] INFO  server.RaftServer$Division (ServerState.java:setRaftConf(430)) - cbda9cd1-c9bf-468c-9ce3-2b320cdae76d@group-C642F25C70EF: set configuration 0: peers:[cbda9cd1-c9bf-468c-9ce3-2b320cdae76d|rpc:10.1.0.27:39195|dataStream:10.1.0.27:44727|priority:1|startupRole:FOLLOWER]|listeners:[], old=null
2023-01-09 20:09:49,815 [51369307-b0de-40aa-9d6f-41f84e1cecb7@group-AE8453F49D0B-FollowerState] INFO  impl.FollowerState (FollowerState.java:run(143)) - 51369307-b0de-40aa-9d6f-41f84e1cecb7@group-AE8453F49D0B-FollowerState: change to CANDIDATE, lastRpcElapsedTime:5052607032ns, electionTimeout:5046ms
2023-01-09 20:09:49,816 [51369307-b0de-40aa-9d6f-41f84e1cecb7@group-AE8453F49D0B-FollowerState] INFO  impl.RoleInfo (RoleInfo.java:shutdownFollowerState(110)) - 51369307-b0de-40aa-9d6f-41f84e1cecb7: shutdown 51369307-b0de-40aa-9d6f-41f84e1cecb7@group-AE8453F49D0B-FollowerState
2023-01-09 20:09:49,816 [51369307-b0de-40aa-9d6f-41f84e1cecb7@group-AE8453F49D0B-FollowerState] INFO  server.RaftServer$Division (RaftServerImpl.java:setRole(321)) - 51369307-b0de-40aa-9d6f-41f84e1cecb7@group-AE8453F49D0B: changes role from  FOLLOWER to CANDIDATE at term 0 for changeToCandidate
2023-01-09 20:09:49,816 [51369307-b0de-40aa-9d6f-41f84e1cecb7@group-AE8453F49D0B-FollowerState] INFO  server.RaftServerConfigKeys (ConfUtils.java:logGet(46)) - raft.server.leaderelection.pre-vote = false (custom)
2023-01-09 20:09:49,816 [51369307-b0de-40aa-9d6f-41f84e1cecb7@group-AE8453F49D0B-FollowerState] INFO  impl.RoleInfo (RoleInfo.java:updateAndGet(139)) - 51369307-b0de-40aa-9d6f-41f84e1cecb7: start 51369307-b0de-40aa-9d6f-41f84e1cecb7@group-AE8453F49D0B-LeaderElection12
2023-01-09 20:09:49,821 [51369307-b0de-40aa-9d6f-41f84e1cecb7@group-3A95A1098BC4-FollowerState] INFO  impl.FollowerState (FollowerState.java:run(143)) - 51369307-b0de-40aa-9d6f-41f84e1cecb7@group-3A95A1098BC4-FollowerState: change to CANDIDATE, lastRpcElapsedTime:5085228755ns, electionTimeout:5074ms
2023-01-09 20:09:49,821 [51369307-b0de-40aa-9d6f-41f84e1cecb7@group-3A95A1098BC4-FollowerState] INFO  impl.RoleInfo (RoleInfo.java:shutdownFollowerState(110)) - 51369307-b0de-40aa-9d6f-41f84e1cecb7: shutdown 51369307-b0de-40aa-9d6f-41f84e1cecb7@group-3A95A1098BC4-FollowerState
2023-01-09 20:09:49,821 [51369307-b0de-40aa-9d6f-41f84e1cecb7@group-3A95A1098BC4-FollowerState] INFO  server.RaftServer$Division (RaftServerImpl.java:setRole(321)) - 51369307-b0de-40aa-9d6f-41f84e1cecb7@group-3A95A1098BC4: changes role from  FOLLOWER to CANDIDATE at term 0 for changeToCandidate
2023-01-09 20:09:49,821 [51369307-b0de-40aa-9d6f-41f84e1cecb7@group-3A95A1098BC4-FollowerState] INFO  server.RaftServerConfigKeys (ConfUtils.java:logGet(46)) - raft.server.leaderelection.pre-vote = false (custom)
2023-01-09 20:09:49,821 [51369307-b0de-40aa-9d6f-41f84e1cecb7@group-3A95A1098BC4-FollowerState] INFO  impl.RoleInfo (RoleInfo.java:updateAndGet(139)) - 51369307-b0de-40aa-9d6f-41f84e1cecb7: start 51369307-b0de-40aa-9d6f-41f84e1cecb7@group-3A95A1098BC4-LeaderElection13
2023-01-09 20:09:49,826 [51369307-b0de-40aa-9d6f-41f84e1cecb7@group-AE8453F49D0B-LeaderElection12] INFO  impl.LeaderElection (LeaderElection.java:askForVotes(312)) - 51369307-b0de-40aa-9d6f-41f84e1cecb7@group-AE8453F49D0B-LeaderElection12 ELECTION round 0: submit vote requests at term 1 for -1: peers:[e77b5d09-e15c-47d2-9906-1148d6692daf|rpc:10.1.0.27:40203|dataStream:10.1.0.27:33269|priority:0|startupRole:FOLLOWER, d09c218f-b416-45d6-bb77-0144cdedc1ff|rpc:10.1.0.27:37119|dataStream:10.1.0.27:40365|priority:1|startupRole:FOLLOWER, 51369307-b0de-40aa-9d6f-41f84e1cecb7|rpc:10.1.0.27:44083|dataStream:10.1.0.27:33005|priority:0|startupRole:FOLLOWER]|listeners:[], old=null
2023-01-09 20:09:49,826 [51369307-b0de-40aa-9d6f-41f84e1cecb7@group-3A95A1098BC4-LeaderElection13] INFO  impl.LeaderElection (LeaderElection.java:askForVotes(312)) - 51369307-b0de-40aa-9d6f-41f84e1cecb7@group-3A95A1098BC4-LeaderElection13 ELECTION round 0: submit vote requests at term 1 for -1: peers:[51369307-b0de-40aa-9d6f-41f84e1cecb7|rpc:10.1.0.27:44083|dataStream:10.1.0.27:33005|priority:1|startupRole:FOLLOWER]|listeners:[], old=null
2023-01-09 20:09:49,826 [51369307-b0de-40aa-9d6f-41f84e1cecb7@group-3A95A1098BC4-LeaderElection13] INFO  impl.LeaderElection (LeaderElection.java:askForVotes(314)) - 51369307-b0de-40aa-9d6f-41f84e1cecb7@group-3A95A1098BC4-LeaderElection13 ELECTION round 0: result PASSED (term=1)
2023-01-09 20:09:49,826 [51369307-b0de-40aa-9d6f-41f84e1cecb7@group-3A95A1098BC4-LeaderElection13] INFO  impl.RoleInfo (RoleInfo.java:shutdownLeaderElection(130)) - 51369307-b0de-40aa-9d6f-41f84e1cecb7: shutdown 51369307-b0de-40aa-9d6f-41f84e1cecb7@group-3A95A1098BC4-LeaderElection13
2023-01-09 20:09:49,826 [51369307-b0de-40aa-9d6f-41f84e1cecb7@group-3A95A1098BC4-LeaderElection13] INFO  server.RaftServer$Division (RaftServerImpl.java:setRole(321)) - 51369307-b0de-40aa-9d6f-41f84e1cecb7@group-3A95A1098BC4: changes role from CANDIDATE to LEADER at term 1 for changeToLeader
2023-01-09 20:09:49,826 [51369307-b0de-40aa-9d6f-41f84e1cecb7@group-3A95A1098BC4-LeaderElection13] INFO  ratis.XceiverServerRatis (XceiverServerRatis.java:handleLeaderChangedNotification(904)) - Leader change notification received for group: group-3A95A1098BC4 with new leaderId: 51369307-b0de-40aa-9d6f-41f84e1cecb7
2023-01-09 20:09:49,831 [51369307-b0de-40aa-9d6f-41f84e1cecb7@group-AE8453F49D0B-LeaderElection12-1] INFO  server.GrpcServerProtocolClient (GrpcServerProtocolClient.java:<init>(63)) - Build channel for e77b5d09-e15c-47d2-9906-1148d6692daf
2023-01-09 20:09:49,839 [51369307-b0de-40aa-9d6f-41f84e1cecb7@group-AE8453F49D0B-LeaderElection12] INFO  server.RaftServerConfigKeys (ConfUtils.java:logFallback(53)) - raft.server.rpc.first-election.timeout.min = 5s (fallback to raft.server.rpc.timeout.min)
2023-01-09 20:09:49,839 [51369307-b0de-40aa-9d6f-41f84e1cecb7@group-AE8453F49D0B-LeaderElection12-2] INFO  server.GrpcServerProtocolClient (GrpcServerProtocolClient.java:<init>(63)) - Build channel for d09c218f-b416-45d6-bb77-0144cdedc1ff
2023-01-09 20:09:49,839 [51369307-b0de-40aa-9d6f-41f84e1cecb7@group-AE8453F49D0B-LeaderElection12] INFO  server.RaftServerConfigKeys (ConfUtils.java:logFallback(53)) - raft.server.rpc.first-election.timeout.max = 5200ms (fallback to raft.server.rpc.timeout.max)
2023-01-09 20:09:49,840 [51369307-b0de-40aa-9d6f-41f84e1cecb7@group-3A95A1098BC4-LeaderElection13] INFO  server.RaftServer$Division (ServerState.java:setLeader(313)) - 51369307-b0de-40aa-9d6f-41f84e1cecb7@group-3A95A1098BC4: change Leader from null to 51369307-b0de-40aa-9d6f-41f84e1cecb7 at term 1 for becomeLeader, leader elected after 5120ms
2023-01-09 20:09:49,840 [51369307-b0de-40aa-9d6f-41f84e1cecb7@group-3A95A1098BC4-LeaderElection13] INFO  server.RaftServerConfigKeys (ConfUtils.java:logGet(46)) - raft.server.staging.catchup.gap = 1000 (default)
2023-01-09 20:09:49,840 [51369307-b0de-40aa-9d6f-41f84e1cecb7@group-3A95A1098BC4-LeaderElection13] INFO  server.RaftServerConfigKeys (ConfUtils.java:logGet(46)) - raft.server.write.element-limit = 1024 (custom)
2023-01-09 20:09:49,840 [51369307-b0de-40aa-9d6f-41f84e1cecb7@group-3A95A1098BC4-LeaderElection13] INFO  server.RaftServerConfigKeys (ConfUtils.java:logGet(46)) - raft.server.write.byte-limit = 1024 M (=1073741824) (custom)
2023-01-09 20:09:49,841 [51369307-b0de-40aa-9d6f-41f84e1cecb7@group-3A95A1098BC4-LeaderElection13] INFO  server.RaftServerConfigKeys (ConfUtils.java:logGet(46)) - raft.server.watch.timeout = 180s (custom)
2023-01-09 20:09:49,841 [51369307-b0de-40aa-9d6f-41f84e1cecb7@group-3A95A1098BC4-LeaderElection13] INFO  server.RaftServerConfigKeys (ConfUtils.java:logGet(46)) - raft.server.watch.timeout.denomination = 1s (default)
2023-01-09 20:09:49,841 [51369307-b0de-40aa-9d6f-41f84e1cecb7@group-3A95A1098BC4-LeaderElection13] INFO  server.RaftServerConfigKeys (ConfUtils.java:logGet(46)) - raft.server.watch.element-limit = 65536 (default)
2023-01-09 20:09:49,841 [51369307-b0de-40aa-9d6f-41f84e1cecb7@group-3A95A1098BC4-LeaderElection13] INFO  server.RaftServerConfigKeys (ConfUtils.java:logGet(46)) - raft.server.write.element-limit = 1024 (custom)
2023-01-09 20:09:49,841 [51369307-b0de-40aa-9d6f-41f84e1cecb7@group-3A95A1098BC4-LeaderElection13] INFO  server.RaftServerConfigKeys (ConfUtils.java:logGet(46)) - raft.server.write.follower.gap.ratio.max = -1.0 (default)
2023-01-09 20:09:49,841 [51369307-b0de-40aa-9d6f-41f84e1cecb7@group-3A95A1098BC4-LeaderElection13] INFO  impl.RoleInfo (RoleInfo.java:updateAndGet(139)) - 51369307-b0de-40aa-9d6f-41f84e1cecb7: start 51369307-b0de-40aa-9d6f-41f84e1cecb7@group-3A95A1098BC4-LeaderStateImpl
2023-01-09 20:09:49,842 [51369307-b0de-40aa-9d6f-41f84e1cecb7@group-3A95A1098BC4-LeaderElection13] INFO  segmented.SegmentedRaftLogWorker (SegmentedRaftLogWorker.java:startLogSegment(452)) - 51369307-b0de-40aa-9d6f-41f84e1cecb7@group-3A95A1098BC4-SegmentedRaftLogWorker: Starting segment from index:0
2023-01-09 20:09:49,849 [51369307-b0de-40aa-9d6f-41f84e1cecb7@group-3A95A1098BC4-LeaderElection13] INFO  server.RaftServer$Division (ServerState.java:setRaftConf(430)) - 51369307-b0de-40aa-9d6f-41f84e1cecb7@group-3A95A1098BC4: set configuration 0: peers:[51369307-b0de-40aa-9d6f-41f84e1cecb7|rpc:10.1.0.27:44083|dataStream:10.1.0.27:33005|priority:1|startupRole:FOLLOWER]|listeners:[], old=null
2023-01-09 20:09:49,855 [51369307-b0de-40aa-9d6f-41f84e1cecb7@group-3A95A1098BC4-SegmentedRaftLogWorker] INFO  segmented.SegmentedRaftLogWorker (SegmentedRaftLogWorker.java:execute(656)) - 51369307-b0de-40aa-9d6f-41f84e1cecb7@group-3A95A1098BC4-SegmentedRaftLogWorker: created new log segment /home/runner/work/ozone/ozone/hadoop-ozone/integration-test/target/test-dir/MiniOzoneClusterImpl-dc953f1b-8f43-4e25-a114-36b3b0290d25/datanode-6/data/ratis/b14064c3-4cfc-472d-9ab7-3a95a1098bc4/current/log_inprogress_0
2023-01-09 20:09:49,868 [d09c218f-b416-45d6-bb77-0144cdedc1ff@group-AE8453F49D0B-FollowerState] INFO  impl.FollowerState (FollowerState.java:run(143)) - d09c218f-b416-45d6-bb77-0144cdedc1ff@group-AE8453F49D0B-FollowerState: change to CANDIDATE, lastRpcElapsedTime:5047444260ns, electionTimeout:5044ms
2023-01-09 20:09:49,869 [d09c218f-b416-45d6-bb77-0144cdedc1ff@group-AE8453F49D0B-FollowerState] INFO  impl.RoleInfo (RoleInfo.java:shutdownFollowerState(110)) - d09c218f-b416-45d6-bb77-0144cdedc1ff: shutdown d09c218f-b416-45d6-bb77-0144cdedc1ff@group-AE8453F49D0B-FollowerState
2023-01-09 20:09:49,869 [d09c218f-b416-45d6-bb77-0144cdedc1ff@group-AE8453F49D0B-FollowerState] INFO  server.RaftServer$Division (RaftServerImpl.java:setRole(321)) - d09c218f-b416-45d6-bb77-0144cdedc1ff@group-AE8453F49D0B: changes role from  FOLLOWER to CANDIDATE at term 0 for changeToCandidate
2023-01-09 20:09:49,869 [d09c218f-b416-45d6-bb77-0144cdedc1ff@group-AE8453F49D0B-FollowerState] INFO  server.RaftServerConfigKeys (ConfUtils.java:logGet(46)) - raft.server.leaderelection.pre-vote = false (custom)
2023-01-09 20:09:49,869 [d09c218f-b416-45d6-bb77-0144cdedc1ff@group-AE8453F49D0B-FollowerState] INFO  impl.RoleInfo (RoleInfo.java:updateAndGet(139)) - d09c218f-b416-45d6-bb77-0144cdedc1ff: start d09c218f-b416-45d6-bb77-0144cdedc1ff@group-AE8453F49D0B-LeaderElection14
2023-01-09 20:09:49,871 [grpc-default-executor-1] INFO  server.RaftServer$Division (RaftServerImpl.java:requestVote(1218)) - e77b5d09-e15c-47d2-9906-1148d6692daf@group-AE8453F49D0B: receive requestVote(ELECTION, 51369307-b0de-40aa-9d6f-41f84e1cecb7, group-AE8453F49D0B, 1, (t:0, i:0))
2023-01-09 20:09:49,871 [grpc-default-executor-1] INFO  impl.VoteContext (VoteContext.java:log(49)) - e77b5d09-e15c-47d2-9906-1148d6692daf@group-AE8453F49D0B-FOLLOWER: accept ELECTION from 51369307-b0de-40aa-9d6f-41f84e1cecb7: our priority 0 <= candidate's priority 0
2023-01-09 20:09:49,871 [grpc-default-executor-1] INFO  server.RaftServer$Division (RaftServerImpl.java:setRole(321)) - e77b5d09-e15c-47d2-9906-1148d6692daf@group-AE8453F49D0B: changes role from  FOLLOWER to FOLLOWER at term 1 for candidate:51369307-b0de-40aa-9d6f-41f84e1cecb7
2023-01-09 20:09:49,871 [grpc-default-executor-1] INFO  impl.RoleInfo (RoleInfo.java:shutdownFollowerState(110)) - e77b5d09-e15c-47d2-9906-1148d6692daf: shutdown e77b5d09-e15c-47d2-9906-1148d6692daf@group-AE8453F49D0B-FollowerState
2023-01-09 20:09:49,871 [grpc-default-executor-1] INFO  impl.RoleInfo (RoleInfo.java:updateAndGet(139)) - e77b5d09-e15c-47d2-9906-1148d6692daf: start e77b5d09-e15c-47d2-9906-1148d6692daf@group-AE8453F49D0B-FollowerState
2023-01-09 20:09:49,871 [e77b5d09-e15c-47d2-9906-1148d6692daf@group-AE8453F49D0B-FollowerState] INFO  impl.FollowerState (FollowerState.java:run(152)) - e77b5d09-e15c-47d2-9906-1148d6692daf@group-AE8453F49D0B-FollowerState was interrupted
2023-01-09 20:09:49,872 [e77b5d09-e15c-47d2-9906-1148d6692daf@group-AE8453F49D0B-FollowerState] INFO  server.RaftServerConfigKeys (ConfUtils.java:logFallback(53)) - raft.server.rpc.first-election.timeout.min = 5s (fallback to raft.server.rpc.timeout.min)
2023-01-09 20:09:49,872 [e77b5d09-e15c-47d2-9906-1148d6692daf@group-AE8453F49D0B-FollowerState] INFO  server.RaftServerConfigKeys (ConfUtils.java:logFallback(53)) - raft.server.rpc.first-election.timeout.max = 5200ms (fallback to raft.server.rpc.timeout.max)
2023-01-09 20:09:49,873 [grpc-default-executor-5] INFO  server.RaftServer$Division (RaftServerImpl.java:requestVote(1218)) - d09c218f-b416-45d6-bb77-0144cdedc1ff@group-AE8453F49D0B: receive requestVote(ELECTION, 51369307-b0de-40aa-9d6f-41f84e1cecb7, group-AE8453F49D0B, 1, (t:0, i:0))
2023-01-09 20:09:49,874 [grpc-default-executor-5] INFO  impl.VoteContext (VoteContext.java:log(49)) - d09c218f-b416-45d6-bb77-0144cdedc1ff@group-AE8453F49D0B-CANDIDATE: reject ELECTION from 51369307-b0de-40aa-9d6f-41f84e1cecb7: our priority 1 > candidate's priority 0
2023-01-09 20:09:49,874 [grpc-default-executor-5] INFO  server.RaftServer$Division (RaftServerImpl.java:setRole(321)) - d09c218f-b416-45d6-bb77-0144cdedc1ff@group-AE8453F49D0B: changes role from CANDIDATE to FOLLOWER at term 1 for candidate:51369307-b0de-40aa-9d6f-41f84e1cecb7
2023-01-09 20:09:49,874 [grpc-default-executor-5] INFO  impl.RoleInfo (RoleInfo.java:shutdownLeaderElection(130)) - d09c218f-b416-45d6-bb77-0144cdedc1ff: shutdown d09c218f-b416-45d6-bb77-0144cdedc1ff@group-AE8453F49D0B-LeaderElection14
2023-01-09 20:09:49,874 [grpc-default-executor-5] INFO  impl.RoleInfo (RoleInfo.java:updateAndGet(139)) - d09c218f-b416-45d6-bb77-0144cdedc1ff: start d09c218f-b416-45d6-bb77-0144cdedc1ff@group-AE8453F49D0B-FollowerState
2023-01-09 20:09:49,874 [grpc-default-executor-1] INFO  server.RaftServer$Division (RaftServerImpl.java:requestVote(1251)) - e77b5d09-e15c-47d2-9906-1148d6692daf@group-AE8453F49D0B replies to ELECTION vote request: 51369307-b0de-40aa-9d6f-41f84e1cecb7<-e77b5d09-e15c-47d2-9906-1148d6692daf#0:OK-t1. Peer's state: e77b5d09-e15c-47d2-9906-1148d6692daf@group-AE8453F49D0B:t1, leader=null, voted=51369307-b0de-40aa-9d6f-41f84e1cecb7, raftlog=Memoized:e77b5d09-e15c-47d2-9906-1148d6692daf@group-AE8453F49D0B-SegmentedRaftLog:OPENED:c-1, conf=-1: peers:[e77b5d09-e15c-47d2-9906-1148d6692daf|rpc:10.1.0.27:40203|dataStream:10.1.0.27:33269|priority:0|startupRole:FOLLOWER, d09c218f-b416-45d6-bb77-0144cdedc1ff|rpc:10.1.0.27:37119|dataStream:10.1.0.27:40365|priority:1|startupRole:FOLLOWER, 51369307-b0de-40aa-9d6f-41f84e1cecb7|rpc:10.1.0.27:44083|dataStream:10.1.0.27:33005|priority:0|startupRole:FOLLOWER]|listeners:[], old=null
2023-01-09 20:09:49,886 [grpc-default-executor-5] INFO  server.RaftServer$Division (RaftServerImpl.java:requestVote(1251)) - d09c218f-b416-45d6-bb77-0144cdedc1ff@group-AE8453F49D0B replies to ELECTION vote request: 51369307-b0de-40aa-9d6f-41f84e1cecb7<-d09c218f-b416-45d6-bb77-0144cdedc1ff#0:FAIL-t1. Peer's state: d09c218f-b416-45d6-bb77-0144cdedc1ff@group-AE8453F49D0B:t1, leader=null, voted=null, raftlog=Memoized:d09c218f-b416-45d6-bb77-0144cdedc1ff@group-AE8453F49D0B-SegmentedRaftLog:OPENED:c-1, conf=-1: peers:[e77b5d09-e15c-47d2-9906-1148d6692daf|rpc:10.1.0.27:40203|dataStream:10.1.0.27:33269|priority:0|startupRole:FOLLOWER, d09c218f-b416-45d6-bb77-0144cdedc1ff|rpc:10.1.0.27:37119|dataStream:10.1.0.27:40365|priority:1|startupRole:FOLLOWER, 51369307-b0de-40aa-9d6f-41f84e1cecb7|rpc:10.1.0.27:44083|dataStream:10.1.0.27:33005|priority:0|startupRole:FOLLOWER]|listeners:[], old=null
2023-01-09 20:09:49,888 [51369307-b0de-40aa-9d6f-41f84e1cecb7@group-AE8453F49D0B-LeaderElection12] INFO  impl.LeaderElection (LeaderElection.java:logAndReturn(90)) - 51369307-b0de-40aa-9d6f-41f84e1cecb7@group-AE8453F49D0B-LeaderElection12: ELECTION REJECTED received 2 response(s) and 0 exception(s):
2023-01-09 20:09:49,888 [51369307-b0de-40aa-9d6f-41f84e1cecb7@group-AE8453F49D0B-LeaderElection12] INFO  impl.LeaderElection (LeaderElection.java:logAndReturn(94)) -   Response 0: 51369307-b0de-40aa-9d6f-41f84e1cecb7<-e77b5d09-e15c-47d2-9906-1148d6692daf#0:OK-t1
2023-01-09 20:09:49,888 [51369307-b0de-40aa-9d6f-41f84e1cecb7@group-AE8453F49D0B-LeaderElection12] INFO  impl.LeaderElection (LeaderElection.java:logAndReturn(94)) -   Response 1: 51369307-b0de-40aa-9d6f-41f84e1cecb7<-d09c218f-b416-45d6-bb77-0144cdedc1ff#0:FAIL-t1
2023-01-09 20:09:49,889 [51369307-b0de-40aa-9d6f-41f84e1cecb7@group-AE8453F49D0B-LeaderElection12] INFO  impl.LeaderElection (LeaderElection.java:askForVotes(314)) - 51369307-b0de-40aa-9d6f-41f84e1cecb7@group-AE8453F49D0B-LeaderElection12 ELECTION round 0: result REJECTED
2023-01-09 20:09:49,889 [51369307-b0de-40aa-9d6f-41f84e1cecb7@group-AE8453F49D0B-LeaderElection12] INFO  server.RaftServer$Division (RaftServerImpl.java:setRole(321)) - 51369307-b0de-40aa-9d6f-41f84e1cecb7@group-AE8453F49D0B: changes role from CANDIDATE to FOLLOWER at term 1 for REJECTED
2023-01-09 20:09:49,889 [51369307-b0de-40aa-9d6f-41f84e1cecb7@group-AE8453F49D0B-LeaderElection12] INFO  impl.RoleInfo (RoleInfo.java:shutdownLeaderElection(130)) - 51369307-b0de-40aa-9d6f-41f84e1cecb7: shutdown 51369307-b0de-40aa-9d6f-41f84e1cecb7@group-AE8453F49D0B-LeaderElection12
2023-01-09 20:09:49,889 [51369307-b0de-40aa-9d6f-41f84e1cecb7@group-AE8453F49D0B-LeaderElection12] INFO  impl.RoleInfo (RoleInfo.java:updateAndGet(139)) - 51369307-b0de-40aa-9d6f-41f84e1cecb7: start 51369307-b0de-40aa-9d6f-41f84e1cecb7@group-AE8453F49D0B-FollowerState
2023-01-09 20:09:49,891 [d09c218f-b416-45d6-bb77-0144cdedc1ff@group-AE8453F49D0B-FollowerState] INFO  server.RaftServerConfigKeys (ConfUtils.java:logFallback(53)) - raft.server.rpc.first-election.timeout.min = 5s (fallback to raft.server.rpc.timeout.min)
2023-01-09 20:09:49,892 [d09c218f-b416-45d6-bb77-0144cdedc1ff@group-AE8453F49D0B-FollowerState] INFO  server.RaftServerConfigKeys (ConfUtils.java:logFallback(53)) - raft.server.rpc.first-election.timeout.max = 5200ms (fallback to raft.server.rpc.timeout.max)
2023-01-09 20:09:49,901 [51369307-b0de-40aa-9d6f-41f84e1cecb7@group-AE8453F49D0B-FollowerState] INFO  server.RaftServerConfigKeys (ConfUtils.java:logFallback(53)) - raft.server.rpc.first-election.timeout.min = 5s (fallback to raft.server.rpc.timeout.min)
2023-01-09 20:09:49,901 [51369307-b0de-40aa-9d6f-41f84e1cecb7@group-AE8453F49D0B-FollowerState] INFO  server.RaftServerConfigKeys (ConfUtils.java:logFallback(53)) - raft.server.rpc.first-election.timeout.max = 5200ms (fallback to raft.server.rpc.timeout.max)
2023-01-09 20:09:49,934 [Listener at 127.0.0.1/33951] INFO  rpc.RpcClient (RpcClient.java:createVolume(474)) - Creating Volume: 2a9d2a9c-c011-418f-8a73-2081f74d1696, with runner as owner and space quota set to -1 bytes, counts quota set to -1
2023-01-09 20:09:50,004 [OM StateMachine ApplyTransaction Thread - 0] INFO  volume.OMVolumeCreateRequest (OMVolumeCreateRequest.java:validateAndUpdateCache(195)) - created volume:2a9d2a9c-c011-418f-8a73-2081f74d1696 for user:runner
2023-01-09 20:09:50,019 [e77b5d09-e15c-47d2-9906-1148d6692daf@group-C5ECEF351ECF-FollowerState] INFO  impl.FollowerState (FollowerState.java:run(143)) - e77b5d09-e15c-47d2-9906-1148d6692daf@group-C5ECEF351ECF-FollowerState: change to CANDIDATE, lastRpcElapsedTime:5043934879ns, electionTimeout:5042ms
2023-01-09 20:09:50,019 [e77b5d09-e15c-47d2-9906-1148d6692daf@group-C5ECEF351ECF-FollowerState] INFO  impl.RoleInfo (RoleInfo.java:shutdownFollowerState(110)) - e77b5d09-e15c-47d2-9906-1148d6692daf: shutdown e77b5d09-e15c-47d2-9906-1148d6692daf@group-C5ECEF351ECF-FollowerState
2023-01-09 20:09:50,019 [e77b5d09-e15c-47d2-9906-1148d6692daf@group-C5ECEF351ECF-FollowerState] INFO  server.RaftServer$Division (RaftServerImpl.java:setRole(321)) - e77b5d09-e15c-47d2-9906-1148d6692daf@group-C5ECEF351ECF: changes role from  FOLLOWER to CANDIDATE at term 0 for changeToCandidate
2023-01-09 20:09:50,019 [e77b5d09-e15c-47d2-9906-1148d6692daf@group-C5ECEF351ECF-FollowerState] INFO  server.RaftServerConfigKeys (ConfUtils.java:logGet(46)) - raft.server.leaderelection.pre-vote = false (custom)
2023-01-09 20:09:50,019 [e77b5d09-e15c-47d2-9906-1148d6692daf@group-C5ECEF351ECF-FollowerState] INFO  impl.RoleInfo (RoleInfo.java:updateAndGet(139)) - e77b5d09-e15c-47d2-9906-1148d6692daf: start e77b5d09-e15c-47d2-9906-1148d6692daf@group-C5ECEF351ECF-LeaderElection15
2023-01-09 20:09:50,037 [e77b5d09-e15c-47d2-9906-1148d6692daf@group-C5ECEF351ECF-LeaderElection15] INFO  impl.LeaderElection (LeaderElection.java:askForVotes(312)) - e77b5d09-e15c-47d2-9906-1148d6692daf@group-C5ECEF351ECF-LeaderElection15 ELECTION round 0: submit vote requests at term 1 for -1: peers:[e77b5d09-e15c-47d2-9906-1148d6692daf|rpc:10.1.0.27:40203|dataStream:10.1.0.27:33269|priority:1|startupRole:FOLLOWER, d09c218f-b416-45d6-bb77-0144cdedc1ff|rpc:10.1.0.27:37119|dataStream:10.1.0.27:40365|priority:0|startupRole:FOLLOWER, 51369307-b0de-40aa-9d6f-41f84e1cecb7|rpc:10.1.0.27:44083|dataStream:10.1.0.27:33005|priority:0|startupRole:FOLLOWER]|listeners:[], old=null
2023-01-09 20:09:50,037 [e77b5d09-e15c-47d2-9906-1148d6692daf@group-C5ECEF351ECF-LeaderElection15-1] INFO  server.GrpcServerProtocolClient (GrpcServerProtocolClient.java:<init>(63)) - Build channel for d09c218f-b416-45d6-bb77-0144cdedc1ff
2023-01-09 20:09:50,046 [51369307-b0de-40aa-9d6f-41f84e1cecb7@group-C5ECEF351ECF-FollowerState] INFO  impl.FollowerState (FollowerState.java:run(143)) - 51369307-b0de-40aa-9d6f-41f84e1cecb7@group-C5ECEF351ECF-FollowerState: change to CANDIDATE, lastRpcElapsedTime:5117213282ns, electionTimeout:5112ms
2023-01-09 20:09:50,046 [51369307-b0de-40aa-9d6f-41f84e1cecb7@group-C5ECEF351ECF-FollowerState] INFO  impl.RoleInfo (RoleInfo.java:shutdownFollowerState(110)) - 51369307-b0de-40aa-9d6f-41f84e1cecb7: shutdown 51369307-b0de-40aa-9d6f-41f84e1cecb7@group-C5ECEF351ECF-FollowerState
2023-01-09 20:09:50,046 [51369307-b0de-40aa-9d6f-41f84e1cecb7@group-C5ECEF351ECF-FollowerState] INFO  server.RaftServer$Division (RaftServerImpl.java:setRole(321)) - 51369307-b0de-40aa-9d6f-41f84e1cecb7@group-C5ECEF351ECF: changes role from  FOLLOWER to CANDIDATE at term 0 for changeToCandidate
2023-01-09 20:09:50,052 [e77b5d09-e15c-47d2-9906-1148d6692daf@group-C5ECEF351ECF-LeaderElection15] INFO  server.RaftServerConfigKeys (ConfUtils.java:logFallback(53)) - raft.server.rpc.first-election.timeout.min = 5s (fallback to raft.server.rpc.timeout.min)
2023-01-09 20:09:50,052 [e77b5d09-e15c-47d2-9906-1148d6692daf@group-C5ECEF351ECF-LeaderElection15] INFO  server.RaftServerConfigKeys (ConfUtils.java:logFallback(53)) - raft.server.rpc.first-election.timeout.max = 5200ms (fallback to raft.server.rpc.timeout.max)
2023-01-09 20:09:50,056 [grpc-default-executor-5] INFO  server.RaftServer$Division (RaftServerImpl.java:requestVote(1218)) - d09c218f-b416-45d6-bb77-0144cdedc1ff@group-C5ECEF351ECF: receive requestVote(ELECTION, e77b5d09-e15c-47d2-9906-1148d6692daf, group-C5ECEF351ECF, 1, (t:0, i:0))
2023-01-09 20:09:50,052 [51369307-b0de-40aa-9d6f-41f84e1cecb7@group-C5ECEF351ECF-FollowerState] INFO  server.RaftServerConfigKeys (ConfUtils.java:logGet(46)) - raft.server.leaderelection.pre-vote = false (custom)
2023-01-09 20:09:50,056 [grpc-default-executor-5] INFO  impl.VoteContext (VoteContext.java:log(49)) - d09c218f-b416-45d6-bb77-0144cdedc1ff@group-C5ECEF351ECF-FOLLOWER: accept ELECTION from e77b5d09-e15c-47d2-9906-1148d6692daf: our priority 0 <= candidate's priority 1
2023-01-09 20:09:50,056 [51369307-b0de-40aa-9d6f-41f84e1cecb7@group-C5ECEF351ECF-FollowerState] INFO  impl.RoleInfo (RoleInfo.java:updateAndGet(139)) - 51369307-b0de-40aa-9d6f-41f84e1cecb7: start 51369307-b0de-40aa-9d6f-41f84e1cecb7@group-C5ECEF351ECF-LeaderElection16
2023-01-09 20:09:50,056 [grpc-default-executor-5] INFO  server.RaftServer$Division (RaftServerImpl.java:setRole(321)) - d09c218f-b416-45d6-bb77-0144cdedc1ff@group-C5ECEF351ECF: changes role from  FOLLOWER to FOLLOWER at term 1 for candidate:e77b5d09-e15c-47d2-9906-1148d6692daf
2023-01-09 20:09:50,056 [grpc-default-executor-5] INFO  impl.RoleInfo (RoleInfo.java:shutdownFollowerState(110)) - d09c218f-b416-45d6-bb77-0144cdedc1ff: shutdown d09c218f-b416-45d6-bb77-0144cdedc1ff@group-C5ECEF351ECF-FollowerState
2023-01-09 20:09:50,057 [grpc-default-executor-5] INFO  impl.RoleInfo (RoleInfo.java:updateAndGet(139)) - d09c218f-b416-45d6-bb77-0144cdedc1ff: start d09c218f-b416-45d6-bb77-0144cdedc1ff@group-C5ECEF351ECF-FollowerState
2023-01-09 20:09:50,057 [d09c218f-b416-45d6-bb77-0144cdedc1ff@group-C5ECEF351ECF-FollowerState] INFO  impl.FollowerState (FollowerState.java:run(152)) - d09c218f-b416-45d6-bb77-0144cdedc1ff@group-C5ECEF351ECF-FollowerState was interrupted
2023-01-09 20:09:50,057 [e77b5d09-e15c-47d2-9906-1148d6692daf@group-C5ECEF351ECF-LeaderElection15-2] INFO  server.GrpcServerProtocolClient (GrpcServerProtocolClient.java:<init>(63)) - Build channel for 51369307-b0de-40aa-9d6f-41f84e1cecb7
2023-01-09 20:09:50,061 [grpc-default-executor-5] INFO  server.RaftServer$Division (RaftServerImpl.java:requestVote(1251)) - d09c218f-b416-45d6-bb77-0144cdedc1ff@group-C5ECEF351ECF replies to ELECTION vote request: e77b5d09-e15c-47d2-9906-1148d6692daf<-d09c218f-b416-45d6-bb77-0144cdedc1ff#0:OK-t1. Peer's state: d09c218f-b416-45d6-bb77-0144cdedc1ff@group-C5ECEF351ECF:t1, leader=null, voted=e77b5d09-e15c-47d2-9906-1148d6692daf, raftlog=Memoized:d09c218f-b416-45d6-bb77-0144cdedc1ff@group-C5ECEF351ECF-SegmentedRaftLog:OPENED:c-1, conf=-1: peers:[e77b5d09-e15c-47d2-9906-1148d6692daf|rpc:10.1.0.27:40203|dataStream:10.1.0.27:33269|priority:1|startupRole:FOLLOWER, d09c218f-b416-45d6-bb77-0144cdedc1ff|rpc:10.1.0.27:37119|dataStream:10.1.0.27:40365|priority:0|startupRole:FOLLOWER, 51369307-b0de-40aa-9d6f-41f84e1cecb7|rpc:10.1.0.27:44083|dataStream:10.1.0.27:33005|priority:0|startupRole:FOLLOWER]|listeners:[], old=null
2023-01-09 20:09:50,063 [e77b5d09-e15c-47d2-9906-1148d6692daf@group-C5ECEF351ECF-LeaderElection15] INFO  impl.LeaderElection (LeaderElection.java:logAndReturn(90)) - e77b5d09-e15c-47d2-9906-1148d6692daf@group-C5ECEF351ECF-LeaderElection15: ELECTION PASSED received 1 response(s) and 0 exception(s):
2023-01-09 20:09:50,063 [e77b5d09-e15c-47d2-9906-1148d6692daf@group-C5ECEF351ECF-LeaderElection15] INFO  impl.LeaderElection (LeaderElection.java:logAndReturn(94)) -   Response 0: e77b5d09-e15c-47d2-9906-1148d6692daf<-d09c218f-b416-45d6-bb77-0144cdedc1ff#0:OK-t1
2023-01-09 20:09:50,063 [e77b5d09-e15c-47d2-9906-1148d6692daf@group-C5ECEF351ECF-LeaderElection15] INFO  impl.LeaderElection (LeaderElection.java:askForVotes(314)) - e77b5d09-e15c-47d2-9906-1148d6692daf@group-C5ECEF351ECF-LeaderElection15 ELECTION round 0: result PASSED
2023-01-09 20:09:50,063 [e77b5d09-e15c-47d2-9906-1148d6692daf@group-C5ECEF351ECF-LeaderElection15] INFO  impl.RoleInfo (RoleInfo.java:shutdownLeaderElection(130)) - e77b5d09-e15c-47d2-9906-1148d6692daf: shutdown e77b5d09-e15c-47d2-9906-1148d6692daf@group-C5ECEF351ECF-LeaderElection15
2023-01-09 20:09:50,063 [e77b5d09-e15c-47d2-9906-1148d6692daf@group-C5ECEF351ECF-LeaderElection15] INFO  server.RaftServer$Division (RaftServerImpl.java:setRole(321)) - e77b5d09-e15c-47d2-9906-1148d6692daf@group-C5ECEF351ECF: changes role from CANDIDATE to LEADER at term 1 for changeToLeader
2023-01-09 20:09:50,063 [e77b5d09-e15c-47d2-9906-1148d6692daf@group-C5ECEF351ECF-LeaderElection15] INFO  ratis.XceiverServerRatis (XceiverServerRatis.java:handleLeaderChangedNotification(904)) - Leader change notification received for group: group-C5ECEF351ECF with new leaderId: e77b5d09-e15c-47d2-9906-1148d6692daf
2023-01-09 20:09:50,064 [e77b5d09-e15c-47d2-9906-1148d6692daf@group-C5ECEF351ECF-LeaderElection15] INFO  server.RaftServer$Division (ServerState.java:setLeader(313)) - e77b5d09-e15c-47d2-9906-1148d6692daf@group-C5ECEF351ECF: change Leader from null to e77b5d09-e15c-47d2-9906-1148d6692daf at term 1 for becomeLeader, leader elected after 5115ms
2023-01-09 20:09:50,064 [e77b5d09-e15c-47d2-9906-1148d6692daf@group-C5ECEF351ECF-LeaderElection15] INFO  server.RaftServerConfigKeys (ConfUtils.java:logGet(46)) - raft.server.staging.catchup.gap = 1000 (default)
2023-01-09 20:09:50,064 [e77b5d09-e15c-47d2-9906-1148d6692daf@group-C5ECEF351ECF-LeaderElection15] INFO  server.RaftServerConfigKeys (ConfUtils.java:logGet(46)) - raft.server.write.element-limit = 1024 (custom)
2023-01-09 20:09:50,064 [e77b5d09-e15c-47d2-9906-1148d6692daf@group-C5ECEF351ECF-LeaderElection15] INFO  server.RaftServerConfigKeys (ConfUtils.java:logGet(46)) - raft.server.write.byte-limit = 1024 M (=1073741824) (custom)
2023-01-09 20:09:50,064 [e77b5d09-e15c-47d2-9906-1148d6692daf@group-C5ECEF351ECF-LeaderElection15] INFO  server.RaftServerConfigKeys (ConfUtils.java:logGet(46)) - raft.server.watch.timeout = 180s (custom)
2023-01-09 20:09:50,064 [e77b5d09-e15c-47d2-9906-1148d6692daf@group-C5ECEF351ECF-LeaderElection15] INFO  server.RaftServerConfigKeys (ConfUtils.java:logGet(46)) - raft.server.watch.timeout.denomination = 1s (default)
2023-01-09 20:09:50,065 [e77b5d09-e15c-47d2-9906-1148d6692daf@group-C5ECEF351ECF-LeaderElection15] INFO  server.RaftServerConfigKeys (ConfUtils.java:logGet(46)) - raft.server.watch.element-limit = 65536 (default)
2023-01-09 20:09:50,065 [e77b5d09-e15c-47d2-9906-1148d6692daf@group-C5ECEF351ECF-LeaderElection15] INFO  server.RaftServerConfigKeys (ConfUtils.java:logGet(46)) - raft.server.write.element-limit = 1024 (custom)
2023-01-09 20:09:50,065 [e77b5d09-e15c-47d2-9906-1148d6692daf@group-C5ECEF351ECF-LeaderElection15] INFO  server.RaftServerConfigKeys (ConfUtils.java:logGet(46)) - raft.server.write.follower.gap.ratio.max = -1.0 (default)
2023-01-09 20:09:50,065 [e77b5d09-e15c-47d2-9906-1148d6692daf@group-C5ECEF351ECF-LeaderElection15] INFO  server.RaftServerConfigKeys (ConfUtils.java:logGet(46)) - raft.server.log.appender.snapshot.chunk.size.max = 16MB (=16777216) (default)
2023-01-09 20:09:50,065 [e77b5d09-e15c-47d2-9906-1148d6692daf@group-C5ECEF351ECF-LeaderElection15] INFO  server.RaftServerConfigKeys (ConfUtils.java:logGet(46)) - raft.server.log.appender.buffer.byte-limit = 33554432 (custom)
2023-01-09 20:09:50,066 [e77b5d09-e15c-47d2-9906-1148d6692daf@group-C5ECEF351ECF-LeaderElection15] INFO  server.RaftServerConfigKeys (ConfUtils.java:logGet(46)) - raft.server.log.appender.buffer.element-limit = 1 (custom)
2023-01-09 20:09:50,066 [e77b5d09-e15c-47d2-9906-1148d6692daf@group-C5ECEF351ECF-LeaderElection15] INFO  grpc.GrpcConfigKeys (ConfUtils.java:logGet(46)) - raft.grpc.server.leader.outstanding.appends.max = 128 (default)
2023-01-09 20:09:50,068 [e77b5d09-e15c-47d2-9906-1148d6692daf@group-C5ECEF351ECF-LeaderElection15] INFO  server.RaftServerConfigKeys (ConfUtils.java:logGet(46)) - raft.server.rpc.request.timeout = 60s (custom)
2023-01-09 20:09:50,069 [e77b5d09-e15c-47d2-9906-1148d6692daf@group-C5ECEF351ECF-LeaderElection15] INFO  server.RaftServerConfigKeys (ConfUtils.java:logGet(46)) - raft.server.log.appender.install.snapshot.enabled = false (custom)
2023-01-09 20:09:50,069 [e77b5d09-e15c-47d2-9906-1148d6692daf@group-C5ECEF351ECF-LeaderElection15] INFO  grpc.GrpcConfigKeys (ConfUtils.java:logGet(46)) - raft.grpc.server.heartbeat.channel = true (default)
2023-01-09 20:09:50,072 [e77b5d09-e15c-47d2-9906-1148d6692daf@group-C5ECEF351ECF-LeaderElection15] INFO  server.RaftServerConfigKeys (ConfUtils.java:logGet(46)) - raft.server.log.appender.wait-time.min = 10ms (default)
2023-01-09 20:09:50,073 [51369307-b0de-40aa-9d6f-41f84e1cecb7@group-C5ECEF351ECF-LeaderElection16] INFO  impl.LeaderElection (LeaderElection.java:askForVotes(312)) - 51369307-b0de-40aa-9d6f-41f84e1cecb7@group-C5ECEF351ECF-LeaderElection16 ELECTION round 0: submit vote requests at term 1 for -1: peers:[e77b5d09-e15c-47d2-9906-1148d6692daf|rpc:10.1.0.27:40203|dataStream:10.1.0.27:33269|priority:1|startupRole:FOLLOWER, d09c218f-b416-45d6-bb77-0144cdedc1ff|rpc:10.1.0.27:37119|dataStream:10.1.0.27:40365|priority:0|startupRole:FOLLOWER, 51369307-b0de-40aa-9d6f-41f84e1cecb7|rpc:10.1.0.27:44083|dataStream:10.1.0.27:33005|priority:0|startupRole:FOLLOWER]|listeners:[], old=null
2023-01-09 20:09:50,073 [e77b5d09-e15c-47d2-9906-1148d6692daf@group-C5ECEF351ECF-LeaderElection15] INFO  server.RaftServerConfigKeys (ConfUtils.java:logGet(46)) - raft.server.log.appender.snapshot.chunk.size.max = 16MB (=16777216) (default)
2023-01-09 20:09:50,073 [e77b5d09-e15c-47d2-9906-1148d6692daf@group-C5ECEF351ECF-LeaderElection15] INFO  server.RaftServerConfigKeys (ConfUtils.java:logGet(46)) - raft.server.log.appender.buffer.byte-limit = 33554432 (custom)
2023-01-09 20:09:50,074 [e77b5d09-e15c-47d2-9906-1148d6692daf@group-C5ECEF351ECF-LeaderElection15] INFO  server.RaftServerConfigKeys (ConfUtils.java:logGet(46)) - raft.server.log.appender.buffer.element-limit = 1 (custom)
2023-01-09 20:09:50,075 [51369307-b0de-40aa-9d6f-41f84e1cecb7@group-C5ECEF351ECF-LeaderElection16] INFO  server.RaftServerConfigKeys (ConfUtils.java:logFallback(53)) - raft.server.rpc.first-election.timeout.min = 5s (fallback to raft.server.rpc.timeout.min)
2023-01-09 20:09:50,075 [51369307-b0de-40aa-9d6f-41f84e1cecb7@group-C5ECEF351ECF-LeaderElection16] INFO  server.RaftServerConfigKeys (ConfUtils.java:logFallback(53)) - raft.server.rpc.first-election.timeout.max = 5200ms (fallback to raft.server.rpc.timeout.max)
2023-01-09 20:09:50,069 [d09c218f-b416-45d6-bb77-0144cdedc1ff@group-C5ECEF351ECF-FollowerState] INFO  server.RaftServerConfigKeys (ConfUtils.java:logFallback(53)) - raft.server.rpc.first-election.timeout.min = 5s (fallback to raft.server.rpc.timeout.min)
2023-01-09 20:09:50,069 [Listener at 127.0.0.1/33951] INFO  rpc.RpcClient (RpcClient.java:createBucket(693)) - Creating Bucket: 2a9d2a9c-c011-418f-8a73-2081f74d1696/2a9d2a9c-c011-418f-8a73-2081f74d1696, with server-side default bucket layout, runner as owner, Versioning false, Storage Type set to DISK and Encryption set to false 
2023-01-09 20:09:50,069 [EventQueue-PipelineReportForPipelineReportHandler] INFO  pipeline.PipelineManagerImpl (PipelineManagerImpl.java:openPipeline(367)) - Pipeline Pipeline[ Id: 57c30939-7b68-452e-8f77-c5ecef351ecf, Nodes: 51369307-b0de-40aa-9d6f-41f84e1cecb7{ip: 10.1.0.27, host: fv-az457-50.3faczmgjfduuxnksfsdf43hgfa.dx.internal.cloudapp.net, ports: [REPLICATION=42229, RATIS=44083, RATIS_ADMIN=44083, RATIS_SERVER=44083, RATIS_DATASTREAM=33005, STANDALONE=42355], networkLocation: /default-rack, certSerialId: null, persistedOpState: IN_SERVICE, persistedOpStateExpiryEpochSec: 0}e77b5d09-e15c-47d2-9906-1148d6692daf{ip: 10.1.0.27, host: fv-az457-50.3faczmgjfduuxnksfsdf43hgfa.dx.internal.cloudapp.net, ports: [REPLICATION=39831, RATIS=40203, RATIS_ADMIN=40203, RATIS_SERVER=40203, RATIS_DATASTREAM=33269, STANDALONE=38817], networkLocation: /default-rack, certSerialId: null, persistedOpState: IN_SERVICE, persistedOpStateExpiryEpochSec: 0}d09c218f-b416-45d6-bb77-0144cdedc1ff{ip: 10.1.0.27, host: fv-az457-50.3faczmgjfduuxnksfsdf43hgfa.dx.internal.cloudapp.net, ports: [REPLICATION=35093, RATIS=37119, RATIS_ADMIN=37119, RATIS_SERVER=37119, RATIS_DATASTREAM=40365, STANDALONE=38283], networkLocation: /default-rack, certSerialId: null, persistedOpState: IN_SERVICE, persistedOpStateExpiryEpochSec: 0}, ReplicationConfig: RATIS/THREE, State:ALLOCATED, leaderId:e77b5d09-e15c-47d2-9906-1148d6692daf, CreationTimestamp2023-01-09T20:09:42.706Z[Etc/UTC]] moved to OPEN state
2023-01-09 20:09:50,082 [grpc-default-executor-6] INFO  server.RaftServer$Division (RaftServerImpl.java:requestVote(1218)) - d09c218f-b416-45d6-bb77-0144cdedc1ff@group-C5ECEF351ECF: receive requestVote(ELECTION, 51369307-b0de-40aa-9d6f-41f84e1cecb7, group-C5ECEF351ECF, 1, (t:0, i:0))
2023-01-09 20:09:50,082 [grpc-default-executor-1] INFO  server.RaftServer$Division (RaftServerImpl.java:requestVote(1218)) - 51369307-b0de-40aa-9d6f-41f84e1cecb7@group-C5ECEF351ECF: receive requestVote(ELECTION, e77b5d09-e15c-47d2-9906-1148d6692daf, group-C5ECEF351ECF, 1, (t:0, i:0))
2023-01-09 20:09:50,084 [grpc-default-executor-1] INFO  impl.VoteContext (VoteContext.java:log(49)) - 51369307-b0de-40aa-9d6f-41f84e1cecb7@group-C5ECEF351ECF-CANDIDATE: reject ELECTION from e77b5d09-e15c-47d2-9906-1148d6692daf: already has voted for 51369307-b0de-40aa-9d6f-41f84e1cecb7 at current term 1
2023-01-09 20:09:50,084 [grpc-default-executor-1] INFO  server.RaftServer$Division (RaftServerImpl.java:requestVote(1251)) - 51369307-b0de-40aa-9d6f-41f84e1cecb7@group-C5ECEF351ECF replies to ELECTION vote request: e77b5d09-e15c-47d2-9906-1148d6692daf<-51369307-b0de-40aa-9d6f-41f84e1cecb7#0:FAIL-t1. Peer's state: 51369307-b0de-40aa-9d6f-41f84e1cecb7@group-C5ECEF351ECF:t1, leader=null, voted=51369307-b0de-40aa-9d6f-41f84e1cecb7, raftlog=Memoized:51369307-b0de-40aa-9d6f-41f84e1cecb7@group-C5ECEF351ECF-SegmentedRaftLog:OPENED:c-1, conf=-1: peers:[e77b5d09-e15c-47d2-9906-1148d6692daf|rpc:10.1.0.27:40203|dataStream:10.1.0.27:33269|priority:1|startupRole:FOLLOWER, d09c218f-b416-45d6-bb77-0144cdedc1ff|rpc:10.1.0.27:37119|dataStream:10.1.0.27:40365|priority:0|startupRole:FOLLOWER, 51369307-b0de-40aa-9d6f-41f84e1cecb7|rpc:10.1.0.27:44083|dataStream:10.1.0.27:33005|priority:0|startupRole:FOLLOWER]|listeners:[], old=null
2023-01-09 20:09:50,079 [grpc-default-executor-5] INFO  server.RaftServer$Division (RaftServerImpl.java:requestVote(1218)) - e77b5d09-e15c-47d2-9906-1148d6692daf@group-C5ECEF351ECF: receive requestVote(ELECTION, 51369307-b0de-40aa-9d6f-41f84e1cecb7, group-C5ECEF351ECF, 1, (t:0, i:0))
2023-01-09 20:09:50,079 [e77b5d09-e15c-47d2-9906-1148d6692daf@group-C5ECEF351ECF-LeaderElection15] INFO  grpc.GrpcConfigKeys (ConfUtils.java:logGet(46)) - raft.grpc.server.leader.outstanding.appends.max = 128 (default)
2023-01-09 20:09:50,090 [d09c218f-b416-45d6-bb77-0144cdedc1ff@group-C5ECEF351ECF-FollowerState] INFO  server.RaftServerConfigKeys (ConfUtils.java:logFallback(53)) - raft.server.rpc.first-election.timeout.max = 5200ms (fallback to raft.server.rpc.timeout.max)
2023-01-09 20:09:50,092 [grpc-default-executor-6] INFO  impl.VoteContext (VoteContext.java:log(49)) - d09c218f-b416-45d6-bb77-0144cdedc1ff@group-C5ECEF351ECF-FOLLOWER: reject ELECTION from 51369307-b0de-40aa-9d6f-41f84e1cecb7: already has voted for e77b5d09-e15c-47d2-9906-1148d6692daf at current term 1
2023-01-09 20:09:50,092 [grpc-default-executor-6] INFO  server.RaftServer$Division (RaftServerImpl.java:requestVote(1251)) - d09c218f-b416-45d6-bb77-0144cdedc1ff@group-C5ECEF351ECF replies to ELECTION vote request: 51369307-b0de-40aa-9d6f-41f84e1cecb7<-d09c218f-b416-45d6-bb77-0144cdedc1ff#0:FAIL-t1. Peer's state: d09c218f-b416-45d6-bb77-0144cdedc1ff@group-C5ECEF351ECF:t1, leader=null, voted=e77b5d09-e15c-47d2-9906-1148d6692daf, raftlog=Memoized:d09c218f-b416-45d6-bb77-0144cdedc1ff@group-C5ECEF351ECF-SegmentedRaftLog:OPENED:c-1, conf=-1: peers:[e77b5d09-e15c-47d2-9906-1148d6692daf|rpc:10.1.0.27:40203|dataStream:10.1.0.27:33269|priority:1|startupRole:FOLLOWER, d09c218f-b416-45d6-bb77-0144cdedc1ff|rpc:10.1.0.27:37119|dataStream:10.1.0.27:40365|priority:0|startupRole:FOLLOWER, 51369307-b0de-40aa-9d6f-41f84e1cecb7|rpc:10.1.0.27:44083|dataStream:10.1.0.27:33005|priority:0|startupRole:FOLLOWER]|listeners:[], old=null
2023-01-09 20:09:50,092 [e77b5d09-e15c-47d2-9906-1148d6692daf@group-C5ECEF351ECF-LeaderElection15] INFO  server.RaftServerConfigKeys (ConfUtils.java:logGet(46)) - raft.server.rpc.request.timeout = 60s (custom)
2023-01-09 20:09:50,092 [e77b5d09-e15c-47d2-9906-1148d6692daf@group-C5ECEF351ECF-LeaderElection15] INFO  server.RaftServerConfigKeys (ConfUtils.java:logGet(46)) - raft.server.log.appender.install.snapshot.enabled = false (custom)
2023-01-09 20:09:50,092 [e77b5d09-e15c-47d2-9906-1148d6692daf@group-C5ECEF351ECF-LeaderElection15] INFO  grpc.GrpcConfigKeys (ConfUtils.java:logGet(46)) - raft.grpc.server.heartbeat.channel = true (default)
2023-01-09 20:09:50,093 [e77b5d09-e15c-47d2-9906-1148d6692daf@group-C5ECEF351ECF-LeaderElection15] INFO  server.RaftServerConfigKeys (ConfUtils.java:logGet(46)) - raft.server.log.appender.wait-time.min = 10ms (default)
2023-01-09 20:09:50,093 [e77b5d09-e15c-47d2-9906-1148d6692daf@group-C5ECEF351ECF-LeaderElection15] INFO  impl.RoleInfo (RoleInfo.java:updateAndGet(139)) - e77b5d09-e15c-47d2-9906-1148d6692daf: start e77b5d09-e15c-47d2-9906-1148d6692daf@group-C5ECEF351ECF-LeaderStateImpl
2023-01-09 20:09:50,094 [e77b5d09-e15c-47d2-9906-1148d6692daf@group-C5ECEF351ECF-LeaderElection15] INFO  segmented.SegmentedRaftLogWorker (SegmentedRaftLogWorker.java:startLogSegment(452)) - e77b5d09-e15c-47d2-9906-1148d6692daf@group-C5ECEF351ECF-SegmentedRaftLogWorker: Starting segment from index:0
2023-01-09 20:09:50,107 [e77b5d09-e15c-47d2-9906-1148d6692daf@group-C5ECEF351ECF-LeaderElection15] INFO  server.RaftServer$Division (ServerState.java:setRaftConf(430)) - e77b5d09-e15c-47d2-9906-1148d6692daf@group-C5ECEF351ECF: set configuration 0: peers:[e77b5d09-e15c-47d2-9906-1148d6692daf|rpc:10.1.0.27:40203|dataStream:10.1.0.27:33269|priority:1|startupRole:FOLLOWER, d09c218f-b416-45d6-bb77-0144cdedc1ff|rpc:10.1.0.27:37119|dataStream:10.1.0.27:40365|priority:0|startupRole:FOLLOWER, 51369307-b0de-40aa-9d6f-41f84e1cecb7|rpc:10.1.0.27:44083|dataStream:10.1.0.27:33005|priority:0|startupRole:FOLLOWER]|listeners:[], old=null
2023-01-09 20:09:50,107 [e77b5d09-e15c-47d2-9906-1148d6692daf@group-C5ECEF351ECF-SegmentedRaftLogWorker] INFO  segmented.SegmentedRaftLogWorker (SegmentedRaftLogWorker.java:execute(656)) - e77b5d09-e15c-47d2-9906-1148d6692daf@group-C5ECEF351ECF-SegmentedRaftLogWorker: created new log segment /home/runner/work/ozone/ozone/hadoop-ozone/integration-test/target/test-dir/MiniOzoneClusterImpl-dc953f1b-8f43-4e25-a114-36b3b0290d25/datanode-7/data/ratis/57c30939-7b68-452e-8f77-c5ecef351ecf/current/log_inprogress_0
2023-01-09 20:09:50,107 [grpc-default-executor-5] INFO  impl.VoteContext (VoteContext.java:log(49)) - e77b5d09-e15c-47d2-9906-1148d6692daf@group-C5ECEF351ECF-LEADER: reject ELECTION from 51369307-b0de-40aa-9d6f-41f84e1cecb7: already has voted for e77b5d09-e15c-47d2-9906-1148d6692daf at current term 1
2023-01-09 20:09:50,108 [grpc-default-executor-5] INFO  server.RaftServer$Division (RaftServerImpl.java:requestVote(1251)) - e77b5d09-e15c-47d2-9906-1148d6692daf@group-C5ECEF351ECF replies to ELECTION vote request: 51369307-b0de-40aa-9d6f-41f84e1cecb7<-e77b5d09-e15c-47d2-9906-1148d6692daf#0:FAIL-t1. Peer's state: e77b5d09-e15c-47d2-9906-1148d6692daf@group-C5ECEF351ECF:t1, leader=e77b5d09-e15c-47d2-9906-1148d6692daf, voted=e77b5d09-e15c-47d2-9906-1148d6692daf, raftlog=Memoized:e77b5d09-e15c-47d2-9906-1148d6692daf@group-C5ECEF351ECF-SegmentedRaftLog:OPENED:c-1, conf=0: peers:[e77b5d09-e15c-47d2-9906-1148d6692daf|rpc:10.1.0.27:40203|dataStream:10.1.0.27:33269|priority:1|startupRole:FOLLOWER, d09c218f-b416-45d6-bb77-0144cdedc1ff|rpc:10.1.0.27:37119|dataStream:10.1.0.27:40365|priority:0|startupRole:FOLLOWER, 51369307-b0de-40aa-9d6f-41f84e1cecb7|rpc:10.1.0.27:44083|dataStream:10.1.0.27:33005|priority:0|startupRole:FOLLOWER]|listeners:[], old=null
2023-01-09 20:09:50,112 [51369307-b0de-40aa-9d6f-41f84e1cecb7@group-C5ECEF351ECF-LeaderElection16] INFO  impl.LeaderElection (LeaderElection.java:logAndReturn(90)) - 51369307-b0de-40aa-9d6f-41f84e1cecb7@group-C5ECEF351ECF-LeaderElection16: ELECTION REJECTED received 2 response(s) and 0 exception(s):
2023-01-09 20:09:50,112 [51369307-b0de-40aa-9d6f-41f84e1cecb7@group-C5ECEF351ECF-LeaderElection16] INFO  impl.LeaderElection (LeaderElection.java:logAndReturn(94)) -   Response 0: 51369307-b0de-40aa-9d6f-41f84e1cecb7<-e77b5d09-e15c-47d2-9906-1148d6692daf#0:FAIL-t1
2023-01-09 20:09:50,112 [51369307-b0de-40aa-9d6f-41f84e1cecb7@group-C5ECEF351ECF-LeaderElection16] INFO  impl.LeaderElection (LeaderElection.java:logAndReturn(94)) -   Response 1: 51369307-b0de-40aa-9d6f-41f84e1cecb7<-d09c218f-b416-45d6-bb77-0144cdedc1ff#0:FAIL-t1
2023-01-09 20:09:50,124 [51369307-b0de-40aa-9d6f-41f84e1cecb7@group-C5ECEF351ECF-LeaderElection16] INFO  impl.LeaderElection (LeaderElection.java:askForVotes(314)) - 51369307-b0de-40aa-9d6f-41f84e1cecb7@group-C5ECEF351ECF-LeaderElection16 ELECTION round 0: result REJECTED
2023-01-09 20:09:50,124 [51369307-b0de-40aa-9d6f-41f84e1cecb7@group-C5ECEF351ECF-LeaderElection16] INFO  server.RaftServer$Division (RaftServerImpl.java:setRole(321)) - 51369307-b0de-40aa-9d6f-41f84e1cecb7@group-C5ECEF351ECF: changes role from CANDIDATE to FOLLOWER at term 1 for REJECTED
2023-01-09 20:09:50,124 [51369307-b0de-40aa-9d6f-41f84e1cecb7@group-C5ECEF351ECF-LeaderElection16] INFO  impl.RoleInfo (RoleInfo.java:shutdownLeaderElection(130)) - 51369307-b0de-40aa-9d6f-41f84e1cecb7: shutdown 51369307-b0de-40aa-9d6f-41f84e1cecb7@group-C5ECEF351ECF-LeaderElection16
2023-01-09 20:09:50,124 [51369307-b0de-40aa-9d6f-41f84e1cecb7@group-C5ECEF351ECF-LeaderElection16] INFO  impl.RoleInfo (RoleInfo.java:updateAndGet(139)) - 51369307-b0de-40aa-9d6f-41f84e1cecb7: start 51369307-b0de-40aa-9d6f-41f84e1cecb7@group-C5ECEF351ECF-FollowerState
2023-01-09 20:09:50,130 [51369307-b0de-40aa-9d6f-41f84e1cecb7@group-C5ECEF351ECF-FollowerState] INFO  server.RaftServerConfigKeys (ConfUtils.java:logFallback(53)) - raft.server.rpc.first-election.timeout.min = 5s (fallback to raft.server.rpc.timeout.min)
2023-01-09 20:09:50,130 [51369307-b0de-40aa-9d6f-41f84e1cecb7@group-C5ECEF351ECF-FollowerState] INFO  server.RaftServerConfigKeys (ConfUtils.java:logFallback(53)) - raft.server.rpc.first-election.timeout.max = 5200ms (fallback to raft.server.rpc.timeout.max)
2023-01-09 20:09:50,136 [d09c218f-b416-45d6-bb77-0144cdedc1ff-server-thread2] INFO  ratis.XceiverServerRatis (XceiverServerRatis.java:handleLeaderChangedNotification(904)) - Leader change notification received for group: group-C5ECEF351ECF with new leaderId: e77b5d09-e15c-47d2-9906-1148d6692daf
2023-01-09 20:09:50,136 [d09c218f-b416-45d6-bb77-0144cdedc1ff-server-thread2] INFO  server.RaftServer$Division (ServerState.java:setLeader(313)) - d09c218f-b416-45d6-bb77-0144cdedc1ff@group-C5ECEF351ECF: change Leader from null to e77b5d09-e15c-47d2-9906-1148d6692daf at term 1 for appendEntries, leader elected after 5134ms
2023-01-09 20:09:50,143 [d09c218f-b416-45d6-bb77-0144cdedc1ff-server-thread1] INFO  server.RaftServer$Division (ServerState.java:setRaftConf(430)) - d09c218f-b416-45d6-bb77-0144cdedc1ff@group-C5ECEF351ECF: set configuration 0: peers:[e77b5d09-e15c-47d2-9906-1148d6692daf|rpc:10.1.0.27:40203|dataStream:10.1.0.27:33269|priority:1|startupRole:FOLLOWER, d09c218f-b416-45d6-bb77-0144cdedc1ff|rpc:10.1.0.27:37119|dataStream:10.1.0.27:40365|priority:0|startupRole:FOLLOWER, 51369307-b0de-40aa-9d6f-41f84e1cecb7|rpc:10.1.0.27:44083|dataStream:10.1.0.27:33005|priority:0|startupRole:FOLLOWER]|listeners:[], old=null
2023-01-09 20:09:50,143 [d09c218f-b416-45d6-bb77-0144cdedc1ff-server-thread1] INFO  segmented.SegmentedRaftLogWorker (SegmentedRaftLogWorker.java:startLogSegment(452)) - d09c218f-b416-45d6-bb77-0144cdedc1ff@group-C5ECEF351ECF-SegmentedRaftLogWorker: Starting segment from index:0
2023-01-09 20:09:50,146 [51369307-b0de-40aa-9d6f-41f84e1cecb7-server-thread1] INFO  ratis.XceiverServerRatis (XceiverServerRatis.java:handleLeaderChangedNotification(904)) - Leader change notification received for group: group-C5ECEF351ECF with new leaderId: e77b5d09-e15c-47d2-9906-1148d6692daf
2023-01-09 20:09:50,147 [51369307-b0de-40aa-9d6f-41f84e1cecb7-server-thread1] INFO  server.RaftServer$Division (ServerState.java:setLeader(313)) - 51369307-b0de-40aa-9d6f-41f84e1cecb7@group-C5ECEF351ECF: change Leader from null to e77b5d09-e15c-47d2-9906-1148d6692daf at term 1 for appendEntries, leader elected after 5235ms
2023-01-09 20:09:50,148 [OM StateMachine ApplyTransaction Thread - 0] INFO  bucket.OMBucketCreateRequest (OMBucketCreateRequest.java:validateAndUpdateCache(260)) - created bucket: 2a9d2a9c-c011-418f-8a73-2081f74d1696 of layout LEGACY in volume: 2a9d2a9c-c011-418f-8a73-2081f74d1696
2023-01-09 20:09:50,153 [d09c218f-b416-45d6-bb77-0144cdedc1ff@group-C5ECEF351ECF-SegmentedRaftLogWorker] INFO  segmented.SegmentedRaftLogWorker (SegmentedRaftLogWorker.java:execute(656)) - d09c218f-b416-45d6-bb77-0144cdedc1ff@group-C5ECEF351ECF-SegmentedRaftLogWorker: created new log segment /home/runner/work/ozone/ozone/hadoop-ozone/integration-test/target/test-dir/MiniOzoneClusterImpl-dc953f1b-8f43-4e25-a114-36b3b0290d25/datanode-8/data/ratis/57c30939-7b68-452e-8f77-c5ecef351ecf/current/log_inprogress_0
2023-01-09 20:09:50,155 [51369307-b0de-40aa-9d6f-41f84e1cecb7-server-thread1] INFO  server.RaftServer$Division (ServerState.java:setRaftConf(430)) - 51369307-b0de-40aa-9d6f-41f84e1cecb7@group-C5ECEF351ECF: set configuration 0: peers:[e77b5d09-e15c-47d2-9906-1148d6692daf|rpc:10.1.0.27:40203|dataStream:10.1.0.27:33269|priority:1|startupRole:FOLLOWER, d09c218f-b416-45d6-bb77-0144cdedc1ff|rpc:10.1.0.27:37119|dataStream:10.1.0.27:40365|priority:0|startupRole:FOLLOWER, 51369307-b0de-40aa-9d6f-41f84e1cecb7|rpc:10.1.0.27:44083|dataStream:10.1.0.27:33005|priority:0|startupRole:FOLLOWER]|listeners:[], old=null
2023-01-09 20:09:50,156 [51369307-b0de-40aa-9d6f-41f84e1cecb7-server-thread1] INFO  segmented.SegmentedRaftLogWorker (SegmentedRaftLogWorker.java:startLogSegment(452)) - 51369307-b0de-40aa-9d6f-41f84e1cecb7@group-C5ECEF351ECF-SegmentedRaftLogWorker: Starting segment from index:0
2023-01-09 20:09:50,161 [51369307-b0de-40aa-9d6f-41f84e1cecb7@group-C5ECEF351ECF-SegmentedRaftLogWorker] INFO  segmented.SegmentedRaftLogWorker (SegmentedRaftLogWorker.java:execute(656)) - 51369307-b0de-40aa-9d6f-41f84e1cecb7@group-C5ECEF351ECF-SegmentedRaftLogWorker: created new log segment /home/runner/work/ozone/ozone/hadoop-ozone/integration-test/target/test-dir/MiniOzoneClusterImpl-dc953f1b-8f43-4e25-a114-36b3b0290d25/datanode-6/data/ratis/57c30939-7b68-452e-8f77-c5ecef351ecf/current/log_inprogress_0
2023-01-09 20:09:50,203 [Listener at 127.0.0.1/33951] INFO  rpc.RpcClient (RpcClient.java:createBucket(693)) - Creating Bucket: 2a9d2a9c-c011-418f-8a73-2081f74d1696/70119d51-df30-4595-9377-f221932043de, with server-side default bucket layout, runner as owner, Versioning false, Storage Type set to DISK and Encryption set to false 
2023-01-09 20:09:50,219 [OM StateMachine ApplyTransaction Thread - 0] INFO  bucket.OMBucketCreateRequest (OMBucketCreateRequest.java:validateAndUpdateCache(260)) - created bucket: 70119d51-df30-4595-9377-f221932043de of layout LEGACY in volume: 2a9d2a9c-c011-418f-8a73-2081f74d1696
2023-01-09 20:09:50,296 [IPC Server handler 8 on default port 35905] INFO  pipeline.PipelineStateManagerImpl (PipelineStateManagerImpl.java:addPipeline(103)) - Created pipeline Pipeline[ Id: add362f7-6a42-41c6-baf9-07394da6e32a, Nodes: 26559c5d-eeb2-413a-b661-4afee7d58202{ip: 10.1.0.27, host: fv-az457-50.3faczmgjfduuxnksfsdf43hgfa.dx.internal.cloudapp.net, ports: [REPLICATION=46287, RATIS=44647, RATIS_ADMIN=44647, RATIS_SERVER=44647, RATIS_DATASTREAM=46099, STANDALONE=35933], networkLocation: /default-rack, certSerialId: null, persistedOpState: null, persistedOpStateExpiryEpochSec: 0}51369307-b0de-40aa-9d6f-41f84e1cecb7{ip: 10.1.0.27, host: fv-az457-50.3faczmgjfduuxnksfsdf43hgfa.dx.internal.cloudapp.net, ports: [REPLICATION=42229, RATIS=44083, RATIS_ADMIN=44083, RATIS_SERVER=44083, RATIS_DATASTREAM=33005, STANDALONE=42355], networkLocation: /default-rack, certSerialId: null, persistedOpState: null, persistedOpStateExpiryEpochSec: 0}37be314e-42cf-4ee9-a18e-baad7075c611{ip: 10.1.0.27, host: fv-az457-50.3faczmgjfduuxnksfsdf43hgfa.dx.internal.cloudapp.net, ports: [REPLICATION=37507, RATIS=32955, RATIS_ADMIN=32955, RATIS_SERVER=32955, RATIS_DATASTREAM=45453, STANDALONE=41409], networkLocation: /default-rack, certSerialId: null, persistedOpState: null, persistedOpStateExpiryEpochSec: 0}93b0d557-27ed-4241-a042-86e84b32abbd{ip: 10.1.0.27, host: fv-az457-50.3faczmgjfduuxnksfsdf43hgfa.dx.internal.cloudapp.net, ports: [REPLICATION=40931, RATIS=38305, RATIS_ADMIN=38305, RATIS_SERVER=38305, RATIS_DATASTREAM=40935, STANDALONE=42833], networkLocation: /default-rack, certSerialId: null, persistedOpState: null, persistedOpStateExpiryEpochSec: 0}11dbea26-f97e-4766-b357-e6f8c74d2a9f{ip: 10.1.0.27, host: fv-az457-50.3faczmgjfduuxnksfsdf43hgfa.dx.internal.cloudapp.net, ports: [REPLICATION=45451, RATIS=34435, RATIS_ADMIN=34435, RATIS_SERVER=34435, RATIS_DATASTREAM=45933, STANDALONE=33343], networkLocation: /default-rack, certSerialId: null, persistedOpState: null, persistedOpStateExpiryEpochSec: 0}, ReplicationConfig: EC/ECReplicationConfig{data=3, parity=2, ecChunkSize=1024, codec=rs}, State:ALLOCATED, leaderId:, CreationTimestamp2023-01-09T20:09:50.295Z[Etc/UTC]].
2023-01-09 20:09:50,298 [IPC Server handler 8 on default port 35905] INFO  ha.SequenceIdGenerator (SequenceIdGenerator.java:getNextId(128)) - Allocate a batch for containerId, change lastId from 0 to 1000.
2023-01-09 20:09:50,309 [IPC Server handler 8 on default port 35905] INFO  pipeline.PipelineManagerImpl (PipelineManagerImpl.java:openPipeline(367)) - Pipeline Pipeline[ Id: add362f7-6a42-41c6-baf9-07394da6e32a, Nodes: 26559c5d-eeb2-413a-b661-4afee7d58202{ip: 10.1.0.27, host: fv-az457-50.3faczmgjfduuxnksfsdf43hgfa.dx.internal.cloudapp.net, ports: [REPLICATION=46287, RATIS=44647, RATIS_ADMIN=44647, RATIS_SERVER=44647, RATIS_DATASTREAM=46099, STANDALONE=35933], networkLocation: /default-rack, certSerialId: null, persistedOpState: null, persistedOpStateExpiryEpochSec: 0}51369307-b0de-40aa-9d6f-41f84e1cecb7{ip: 10.1.0.27, host: fv-az457-50.3faczmgjfduuxnksfsdf43hgfa.dx.internal.cloudapp.net, ports: [REPLICATION=42229, RATIS=44083, RATIS_ADMIN=44083, RATIS_SERVER=44083, RATIS_DATASTREAM=33005, STANDALONE=42355], networkLocation: /default-rack, certSerialId: null, persistedOpState: null, persistedOpStateExpiryEpochSec: 0}37be314e-42cf-4ee9-a18e-baad7075c611{ip: 10.1.0.27, host: fv-az457-50.3faczmgjfduuxnksfsdf43hgfa.dx.internal.cloudapp.net, ports: [REPLICATION=37507, RATIS=32955, RATIS_ADMIN=32955, RATIS_SERVER=32955, RATIS_DATASTREAM=45453, STANDALONE=41409], networkLocation: /default-rack, certSerialId: null, persistedOpState: null, persistedOpStateExpiryEpochSec: 0}93b0d557-27ed-4241-a042-86e84b32abbd{ip: 10.1.0.27, host: fv-az457-50.3faczmgjfduuxnksfsdf43hgfa.dx.internal.cloudapp.net, ports: [REPLICATION=40931, RATIS=38305, RATIS_ADMIN=38305, RATIS_SERVER=38305, RATIS_DATASTREAM=40935, STANDALONE=42833], networkLocation: /default-rack, certSerialId: null, persistedOpState: null, persistedOpStateExpiryEpochSec: 0}11dbea26-f97e-4766-b357-e6f8c74d2a9f{ip: 10.1.0.27, host: fv-az457-50.3faczmgjfduuxnksfsdf43hgfa.dx.internal.cloudapp.net, ports: [REPLICATION=45451, RATIS=34435, RATIS_ADMIN=34435, RATIS_SERVER=34435, RATIS_DATASTREAM=45933, STANDALONE=33343], networkLocation: /default-rack, certSerialId: null, persistedOpState: null, persistedOpStateExpiryEpochSec: 0}, ReplicationConfig: EC/ECReplicationConfig{data=3, parity=2, ecChunkSize=1024, codec=rs}, State:ALLOCATED, leaderId:, CreationTimestamp2023-01-09T20:09:50.295Z[Etc/UTC]] moved to OPEN state
2023-01-09 20:09:50,310 [IPC Server handler 8 on default port 35905] WARN  ha.SequenceIdGenerator (SequenceIdGenerator.java:allocateBatch(237)) - Failed to allocate a batch for localId, expected lastId is 0, actual lastId is 111677748019200000.
2023-01-09 20:09:50,310 [IPC Server handler 8 on default port 35905] INFO  ha.SequenceIdGenerator (SequenceIdGenerator.java:getNextId(128)) - Allocate a batch for localId, change lastId from 111677748019200000 to 111677748019201000.
2023-01-09 20:09:50,410 [Listener at 127.0.0.1/33951] WARN  erasurecode.ErasureCodeNative (ErasureCodeNative.java:<clinit>(55)) - ISA-L support is not available in your platform... using builtin-java codec where applicable
2023-01-09 20:09:50,564 [pool-358-thread-1] INFO  impl.MetricsSystemImpl (MetricsSystemImpl.java:init(158)) - XceiverClientMetrics metrics system started (again)
2023-01-09 20:09:50,723 [e77b5d09-e15c-47d2-9906-1148d6692daf@group-45FEFD7BE8A3-FollowerState] INFO  impl.FollowerState (FollowerState.java:run(143)) - e77b5d09-e15c-47d2-9906-1148d6692daf@group-45FEFD7BE8A3-FollowerState: change to CANDIDATE, lastRpcElapsedTime:5018547548ns, electionTimeout:5007ms
2023-01-09 20:09:50,723 [e77b5d09-e15c-47d2-9906-1148d6692daf@group-45FEFD7BE8A3-FollowerState] INFO  impl.RoleInfo (RoleInfo.java:shutdownFollowerState(110)) - e77b5d09-e15c-47d2-9906-1148d6692daf: shutdown e77b5d09-e15c-47d2-9906-1148d6692daf@group-45FEFD7BE8A3-FollowerState
2023-01-09 20:09:50,723 [e77b5d09-e15c-47d2-9906-1148d6692daf@group-45FEFD7BE8A3-FollowerState] INFO  server.RaftServer$Division (RaftServerImpl.java:setRole(321)) - e77b5d09-e15c-47d2-9906-1148d6692daf@group-45FEFD7BE8A3: changes role from  FOLLOWER to CANDIDATE at term 0 for changeToCandidate
2023-01-09 20:09:50,724 [e77b5d09-e15c-47d2-9906-1148d6692daf@group-45FEFD7BE8A3-FollowerState] INFO  server.RaftServerConfigKeys (ConfUtils.java:logGet(46)) - raft.server.leaderelection.pre-vote = false (custom)
2023-01-09 20:09:50,724 [e77b5d09-e15c-47d2-9906-1148d6692daf@group-45FEFD7BE8A3-FollowerState] INFO  impl.RoleInfo (RoleInfo.java:updateAndGet(139)) - e77b5d09-e15c-47d2-9906-1148d6692daf: start e77b5d09-e15c-47d2-9906-1148d6692daf@group-45FEFD7BE8A3-LeaderElection17
2023-01-09 20:09:50,738 [d09c218f-b416-45d6-bb77-0144cdedc1ff@group-05AB78307444-FollowerState] INFO  impl.FollowerState (FollowerState.java:run(143)) - d09c218f-b416-45d6-bb77-0144cdedc1ff@group-05AB78307444-FollowerState: change to CANDIDATE, lastRpcElapsedTime:5002891234ns, electionTimeout:5001ms
2023-01-09 20:09:50,738 [d09c218f-b416-45d6-bb77-0144cdedc1ff@group-05AB78307444-FollowerState] INFO  impl.RoleInfo (RoleInfo.java:shutdownFollowerState(110)) - d09c218f-b416-45d6-bb77-0144cdedc1ff: shutdown d09c218f-b416-45d6-bb77-0144cdedc1ff@group-05AB78307444-FollowerState
2023-01-09 20:09:50,738 [d09c218f-b416-45d6-bb77-0144cdedc1ff@group-05AB78307444-FollowerState] INFO  server.RaftServer$Division (RaftServerImpl.java:setRole(321)) - d09c218f-b416-45d6-bb77-0144cdedc1ff@group-05AB78307444: changes role from  FOLLOWER to CANDIDATE at term 0 for changeToCandidate
2023-01-09 20:09:50,738 [d09c218f-b416-45d6-bb77-0144cdedc1ff@group-05AB78307444-FollowerState] INFO  server.RaftServerConfigKeys (ConfUtils.java:logGet(46)) - raft.server.leaderelection.pre-vote = false (custom)
2023-01-09 20:09:50,738 [d09c218f-b416-45d6-bb77-0144cdedc1ff@group-05AB78307444-FollowerState] INFO  impl.RoleInfo (RoleInfo.java:updateAndGet(139)) - d09c218f-b416-45d6-bb77-0144cdedc1ff: start d09c218f-b416-45d6-bb77-0144cdedc1ff@group-05AB78307444-LeaderElection18
2023-01-09 20:09:50,758 [e77b5d09-e15c-47d2-9906-1148d6692daf@group-45FEFD7BE8A3-LeaderElection17] INFO  impl.LeaderElection (LeaderElection.java:askForVotes(312)) - e77b5d09-e15c-47d2-9906-1148d6692daf@group-45FEFD7BE8A3-LeaderElection17 ELECTION round 0: submit vote requests at term 1 for -1: peers:[e77b5d09-e15c-47d2-9906-1148d6692daf|rpc:10.1.0.27:40203|dataStream:10.1.0.27:33269|priority:1|startupRole:FOLLOWER]|listeners:[], old=null
2023-01-09 20:09:50,758 [e77b5d09-e15c-47d2-9906-1148d6692daf@group-45FEFD7BE8A3-LeaderElection17] INFO  impl.LeaderElection (LeaderElection.java:askForVotes(314)) - e77b5d09-e15c-47d2-9906-1148d6692daf@group-45FEFD7BE8A3-LeaderElection17 ELECTION round 0: result PASSED (term=1)
2023-01-09 20:09:50,758 [e77b5d09-e15c-47d2-9906-1148d6692daf@group-45FEFD7BE8A3-LeaderElection17] INFO  impl.RoleInfo (RoleInfo.java:shutdownLeaderElection(130)) - e77b5d09-e15c-47d2-9906-1148d6692daf: shutdown e77b5d09-e15c-47d2-9906-1148d6692daf@group-45FEFD7BE8A3-LeaderElection17
2023-01-09 20:09:50,758 [e77b5d09-e15c-47d2-9906-1148d6692daf@group-45FEFD7BE8A3-LeaderElection17] INFO  server.RaftServer$Division (RaftServerImpl.java:setRole(321)) - e77b5d09-e15c-47d2-9906-1148d6692daf@group-45FEFD7BE8A3: changes role from CANDIDATE to LEADER at term 1 for changeToLeader
2023-01-09 20:09:50,758 [e77b5d09-e15c-47d2-9906-1148d6692daf@group-45FEFD7BE8A3-LeaderElection17] INFO  ratis.XceiverServerRatis (XceiverServerRatis.java:handleLeaderChangedNotification(904)) - Leader change notification received for group: group-45FEFD7BE8A3 with new leaderId: e77b5d09-e15c-47d2-9906-1148d6692daf
2023-01-09 20:09:50,758 [e77b5d09-e15c-47d2-9906-1148d6692daf@group-45FEFD7BE8A3-LeaderElection17] INFO  server.RaftServer$Division (ServerState.java:setLeader(313)) - e77b5d09-e15c-47d2-9906-1148d6692daf@group-45FEFD7BE8A3: change Leader from null to e77b5d09-e15c-47d2-9906-1148d6692daf at term 1 for becomeLeader, leader elected after 5518ms
2023-01-09 20:09:50,758 [e77b5d09-e15c-47d2-9906-1148d6692daf@group-45FEFD7BE8A3-LeaderElection17] INFO  server.RaftServerConfigKeys (ConfUtils.java:logGet(46)) - raft.server.staging.catchup.gap = 1000 (default)
2023-01-09 20:09:50,759 [e77b5d09-e15c-47d2-9906-1148d6692daf@group-45FEFD7BE8A3-LeaderElection17] INFO  server.RaftServerConfigKeys (ConfUtils.java:logGet(46)) - raft.server.write.element-limit = 1024 (custom)
2023-01-09 20:09:50,759 [e77b5d09-e15c-47d2-9906-1148d6692daf@group-45FEFD7BE8A3-LeaderElection17] INFO  server.RaftServerConfigKeys (ConfUtils.java:logGet(46)) - raft.server.write.byte-limit = 1024 M (=1073741824) (custom)
2023-01-09 20:09:50,759 [e77b5d09-e15c-47d2-9906-1148d6692daf@group-45FEFD7BE8A3-LeaderElection17] INFO  server.RaftServerConfigKeys (ConfUtils.java:logGet(46)) - raft.server.watch.timeout = 180s (custom)
2023-01-09 20:09:50,759 [e77b5d09-e15c-47d2-9906-1148d6692daf@group-45FEFD7BE8A3-LeaderElection17] INFO  server.RaftServerConfigKeys (ConfUtils.java:logGet(46)) - raft.server.watch.timeout.denomination = 1s (default)
2023-01-09 20:09:50,759 [e77b5d09-e15c-47d2-9906-1148d6692daf@group-45FEFD7BE8A3-LeaderElection17] INFO  server.RaftServerConfigKeys (ConfUtils.java:logGet(46)) - raft.server.watch.element-limit = 65536 (default)
2023-01-09 20:09:50,759 [e77b5d09-e15c-47d2-9906-1148d6692daf@group-45FEFD7BE8A3-LeaderElection17] INFO  server.RaftServerConfigKeys (ConfUtils.java:logGet(46)) - raft.server.write.element-limit = 1024 (custom)
2023-01-09 20:09:50,759 [e77b5d09-e15c-47d2-9906-1148d6692daf@group-45FEFD7BE8A3-LeaderElection17] INFO  server.RaftServerConfigKeys (ConfUtils.java:logGet(46)) - raft.server.write.follower.gap.ratio.max = -1.0 (default)
2023-01-09 20:09:50,760 [e77b5d09-e15c-47d2-9906-1148d6692daf@group-45FEFD7BE8A3-LeaderElection17] INFO  impl.RoleInfo (RoleInfo.java:updateAndGet(139)) - e77b5d09-e15c-47d2-9906-1148d6692daf: start e77b5d09-e15c-47d2-9906-1148d6692daf@group-45FEFD7BE8A3-LeaderStateImpl
2023-01-09 20:09:50,760 [e77b5d09-e15c-47d2-9906-1148d6692daf@group-45FEFD7BE8A3-LeaderElection17] INFO  segmented.SegmentedRaftLogWorker (SegmentedRaftLogWorker.java:startLogSegment(452)) - e77b5d09-e15c-47d2-9906-1148d6692daf@group-45FEFD7BE8A3-SegmentedRaftLogWorker: Starting segment from index:0
2023-01-09 20:09:50,763 [e77b5d09-e15c-47d2-9906-1148d6692daf@group-45FEFD7BE8A3-SegmentedRaftLogWorker] INFO  segmented.SegmentedRaftLogWorker (SegmentedRaftLogWorker.java:execute(656)) - e77b5d09-e15c-47d2-9906-1148d6692daf@group-45FEFD7BE8A3-SegmentedRaftLogWorker: created new log segment /home/runner/work/ozone/ozone/hadoop-ozone/integration-test/target/test-dir/MiniOzoneClusterImpl-dc953f1b-8f43-4e25-a114-36b3b0290d25/datanode-7/data/ratis/fccac757-9933-4096-b2e5-45fefd7be8a3/current/log_inprogress_0
2023-01-09 20:09:50,764 [d09c218f-b416-45d6-bb77-0144cdedc1ff@group-05AB78307444-LeaderElection18] INFO  impl.LeaderElection (LeaderElection.java:askForVotes(312)) - d09c218f-b416-45d6-bb77-0144cdedc1ff@group-05AB78307444-LeaderElection18 ELECTION round 0: submit vote requests at term 1 for -1: peers:[d09c218f-b416-45d6-bb77-0144cdedc1ff|rpc:10.1.0.27:37119|dataStream:10.1.0.27:40365|priority:1|startupRole:FOLLOWER]|listeners:[], old=null
2023-01-09 20:09:50,764 [d09c218f-b416-45d6-bb77-0144cdedc1ff@group-05AB78307444-LeaderElection18] INFO  impl.LeaderElection (LeaderElection.java:askForVotes(314)) - d09c218f-b416-45d6-bb77-0144cdedc1ff@group-05AB78307444-LeaderElection18 ELECTION round 0: result PASSED (term=1)
2023-01-09 20:09:50,764 [d09c218f-b416-45d6-bb77-0144cdedc1ff@group-05AB78307444-LeaderElection18] INFO  impl.RoleInfo (RoleInfo.java:shutdownLeaderElection(130)) - d09c218f-b416-45d6-bb77-0144cdedc1ff: shutdown d09c218f-b416-45d6-bb77-0144cdedc1ff@group-05AB78307444-LeaderElection18
2023-01-09 20:09:50,764 [d09c218f-b416-45d6-bb77-0144cdedc1ff@group-05AB78307444-LeaderElection18] INFO  server.RaftServer$Division (RaftServerImpl.java:setRole(321)) - d09c218f-b416-45d6-bb77-0144cdedc1ff@group-05AB78307444: changes role from CANDIDATE to LEADER at term 1 for changeToLeader
2023-01-09 20:09:50,764 [d09c218f-b416-45d6-bb77-0144cdedc1ff@group-05AB78307444-LeaderElection18] INFO  ratis.XceiverServerRatis (XceiverServerRatis.java:handleLeaderChangedNotification(904)) - Leader change notification received for group: group-05AB78307444 with new leaderId: d09c218f-b416-45d6-bb77-0144cdedc1ff
2023-01-09 20:09:50,771 [e77b5d09-e15c-47d2-9906-1148d6692daf@group-45FEFD7BE8A3-LeaderElection17] INFO  server.RaftServer$Division (ServerState.java:setRaftConf(430)) - e77b5d09-e15c-47d2-9906-1148d6692daf@group-45FEFD7BE8A3: set configuration 0: peers:[e77b5d09-e15c-47d2-9906-1148d6692daf|rpc:10.1.0.27:40203|dataStream:10.1.0.27:33269|priority:1|startupRole:FOLLOWER]|listeners:[], old=null
2023-01-09 20:09:50,771 [d09c218f-b416-45d6-bb77-0144cdedc1ff@group-05AB78307444-LeaderElection18] INFO  server.RaftServer$Division (ServerState.java:setLeader(313)) - d09c218f-b416-45d6-bb77-0144cdedc1ff@group-05AB78307444: change Leader from null to d09c218f-b416-45d6-bb77-0144cdedc1ff at term 1 for becomeLeader, leader elected after 5067ms
2023-01-09 20:09:50,771 [d09c218f-b416-45d6-bb77-0144cdedc1ff@group-05AB78307444-LeaderElection18] INFO  server.RaftServerConfigKeys (ConfUtils.java:logGet(46)) - raft.server.staging.catchup.gap = 1000 (default)
2023-01-09 20:09:50,771 [d09c218f-b416-45d6-bb77-0144cdedc1ff@group-05AB78307444-LeaderElection18] INFO  server.RaftServerConfigKeys (ConfUtils.java:logGet(46)) - raft.server.write.element-limit = 1024 (custom)
2023-01-09 20:09:50,772 [d09c218f-b416-45d6-bb77-0144cdedc1ff@group-05AB78307444-LeaderElection18] INFO  server.RaftServerConfigKeys (ConfUtils.java:logGet(46)) - raft.server.write.byte-limit = 1024 M (=1073741824) (custom)
2023-01-09 20:09:50,773 [d09c218f-b416-45d6-bb77-0144cdedc1ff@group-05AB78307444-LeaderElection18] INFO  server.RaftServerConfigKeys (ConfUtils.java:logGet(46)) - raft.server.watch.timeout = 180s (custom)
2023-01-09 20:09:50,773 [d09c218f-b416-45d6-bb77-0144cdedc1ff@group-05AB78307444-LeaderElection18] INFO  server.RaftServerConfigKeys (ConfUtils.java:logGet(46)) - raft.server.watch.timeout.denomination = 1s (default)
2023-01-09 20:09:50,773 [d09c218f-b416-45d6-bb77-0144cdedc1ff@group-05AB78307444-LeaderElection18] INFO  server.RaftServerConfigKeys (ConfUtils.java:logGet(46)) - raft.server.watch.element-limit = 65536 (default)
2023-01-09 20:09:50,773 [d09c218f-b416-45d6-bb77-0144cdedc1ff@group-05AB78307444-LeaderElection18] INFO  server.RaftServerConfigKeys (ConfUtils.java:logGet(46)) - raft.server.write.element-limit = 1024 (custom)
2023-01-09 20:09:50,773 [d09c218f-b416-45d6-bb77-0144cdedc1ff@group-05AB78307444-LeaderElection18] INFO  server.RaftServerConfigKeys (ConfUtils.java:logGet(46)) - raft.server.write.follower.gap.ratio.max = -1.0 (default)
2023-01-09 20:09:50,773 [d09c218f-b416-45d6-bb77-0144cdedc1ff@group-05AB78307444-LeaderElection18] INFO  impl.RoleInfo (RoleInfo.java:updateAndGet(139)) - d09c218f-b416-45d6-bb77-0144cdedc1ff: start d09c218f-b416-45d6-bb77-0144cdedc1ff@group-05AB78307444-LeaderStateImpl
2023-01-09 20:09:50,774 [d09c218f-b416-45d6-bb77-0144cdedc1ff@group-05AB78307444-LeaderElection18] INFO  segmented.SegmentedRaftLogWorker (SegmentedRaftLogWorker.java:startLogSegment(452)) - d09c218f-b416-45d6-bb77-0144cdedc1ff@group-05AB78307444-SegmentedRaftLogWorker: Starting segment from index:0
2023-01-09 20:09:50,776 [d09c218f-b416-45d6-bb77-0144cdedc1ff@group-05AB78307444-SegmentedRaftLogWorker] INFO  segmented.SegmentedRaftLogWorker (SegmentedRaftLogWorker.java:execute(656)) - d09c218f-b416-45d6-bb77-0144cdedc1ff@group-05AB78307444-SegmentedRaftLogWorker: created new log segment /home/runner/work/ozone/ozone/hadoop-ozone/integration-test/target/test-dir/MiniOzoneClusterImpl-dc953f1b-8f43-4e25-a114-36b3b0290d25/datanode-8/data/ratis/7e7e1772-22d4-48f1-8d1b-05ab78307444/current/log_inprogress_0
2023-01-09 20:09:50,777 [d09c218f-b416-45d6-bb77-0144cdedc1ff@group-05AB78307444-LeaderElection18] INFO  server.RaftServer$Division (ServerState.java:setRaftConf(430)) - d09c218f-b416-45d6-bb77-0144cdedc1ff@group-05AB78307444: set configuration 0: peers:[d09c218f-b416-45d6-bb77-0144cdedc1ff|rpc:10.1.0.27:37119|dataStream:10.1.0.27:40365|priority:1|startupRole:FOLLOWER]|listeners:[], old=null
2023-01-09 20:09:50,954 [Listener at 127.0.0.1/33951] INFO  ozoneimpl.OzoneContainer (OzoneContainer.java:stop(417)) - Attempting to stop container services.
2023-01-09 20:09:50,967 [Listener at 127.0.0.1/33951] INFO  server.RaftServer (RaftServerProxy.java:lambda$close$6(409)) - 26559c5d-eeb2-413a-b661-4afee7d58202: close
2023-01-09 20:09:50,968 [26559c5d-eeb2-413a-b661-4afee7d58202-impl-thread1] INFO  server.RaftServer$Division (RaftServerImpl.java:lambda$close$4(458)) - 26559c5d-eeb2-413a-b661-4afee7d58202@group-9C925EA0C3AA: shutdown
2023-01-09 20:09:50,968 [26559c5d-eeb2-413a-b661-4afee7d58202-impl-thread1] INFO  util.JmxRegister (JmxRegister.java:unregister(73)) - Successfully un-registered JMX Bean with object name Ratis:service=RaftServer,group=group-9C925EA0C3AA,id=26559c5d-eeb2-413a-b661-4afee7d58202
2023-01-09 20:09:50,968 [26559c5d-eeb2-413a-b661-4afee7d58202-impl-thread1] INFO  impl.RoleInfo (RoleInfo.java:shutdownLeaderState(93)) - 26559c5d-eeb2-413a-b661-4afee7d58202: shutdown 26559c5d-eeb2-413a-b661-4afee7d58202@group-9C925EA0C3AA-LeaderStateImpl
2023-01-09 20:09:50,969 [26559c5d-eeb2-413a-b661-4afee7d58202-impl-thread1] INFO  impl.PendingRequests (PendingRequests.java:sendNotLeaderResponses(282)) - 26559c5d-eeb2-413a-b661-4afee7d58202@group-9C925EA0C3AA-PendingRequests: sendNotLeaderResponses
2023-01-09 20:09:50,970 [26559c5d-eeb2-413a-b661-4afee7d58202@group-9C925EA0C3AA-StateMachineUpdater] INFO  ratis.ContainerStateMachine (ContainerStateMachine.java:takeSnapshot(308)) - group-9C925EA0C3AA: Taking a snapshot at:(t:1, i:0) file /home/runner/work/ozone/ozone/hadoop-ozone/integration-test/target/test-dir/MiniOzoneClusterImpl-dc953f1b-8f43-4e25-a114-36b3b0290d25/datanode-4/data/ratis/cf2e784e-7772-45ba-87c5-9c925ea0c3aa/sm/snapshot.1_0
2023-01-09 20:09:50,970 [26559c5d-eeb2-413a-b661-4afee7d58202-impl-thread2] INFO  server.RaftServer$Division (RaftServerImpl.java:lambda$close$4(458)) - 26559c5d-eeb2-413a-b661-4afee7d58202@group-598432169F60: shutdown
2023-01-09 20:09:50,970 [26559c5d-eeb2-413a-b661-4afee7d58202-impl-thread2] INFO  util.JmxRegister (JmxRegister.java:unregister(73)) - Successfully un-registered JMX Bean with object name Ratis:service=RaftServer,group=group-598432169F60,id=26559c5d-eeb2-413a-b661-4afee7d58202
2023-01-09 20:09:50,970 [26559c5d-eeb2-413a-b661-4afee7d58202-impl-thread2] INFO  impl.RoleInfo (RoleInfo.java:shutdownFollowerState(110)) - 26559c5d-eeb2-413a-b661-4afee7d58202: shutdown 26559c5d-eeb2-413a-b661-4afee7d58202@group-598432169F60-FollowerState
2023-01-09 20:09:50,971 [Listener at 127.0.0.1/33951] INFO  server.GrpcService (GrpcService.java:closeImpl(271)) - 26559c5d-eeb2-413a-b661-4afee7d58202: shutdown server GrpcServerProtocolService now
2023-01-09 20:09:50,973 [26559c5d-eeb2-413a-b661-4afee7d58202-impl-thread1] INFO  impl.StateMachineUpdater (StateMachineUpdater.java:stopAndJoin(153)) - 26559c5d-eeb2-413a-b661-4afee7d58202@group-9C925EA0C3AA-StateMachineUpdater: set stopIndex = 0
2023-01-09 20:09:50,983 [26559c5d-eeb2-413a-b661-4afee7d58202@group-598432169F60-FollowerState] INFO  impl.FollowerState (FollowerState.java:run(152)) - 26559c5d-eeb2-413a-b661-4afee7d58202@group-598432169F60-FollowerState was interrupted
2023-01-09 20:09:50,983 [26559c5d-eeb2-413a-b661-4afee7d58202-impl-thread3] INFO  server.RaftServer$Division (RaftServerImpl.java:lambda$close$4(458)) - 26559c5d-eeb2-413a-b661-4afee7d58202@group-D8C695AA2570: shutdown
2023-01-09 20:09:50,984 [26559c5d-eeb2-413a-b661-4afee7d58202-impl-thread3] INFO  util.JmxRegister (JmxRegister.java:unregister(73)) - Successfully un-registered JMX Bean with object name Ratis:service=RaftServer,group=group-D8C695AA2570,id=26559c5d-eeb2-413a-b661-4afee7d58202
2023-01-09 20:09:50,984 [26559c5d-eeb2-413a-b661-4afee7d58202-impl-thread3] INFO  impl.RoleInfo (RoleInfo.java:shutdownFollowerState(110)) - 26559c5d-eeb2-413a-b661-4afee7d58202: shutdown 26559c5d-eeb2-413a-b661-4afee7d58202@group-D8C695AA2570-FollowerState
2023-01-09 20:09:50,984 [26559c5d-eeb2-413a-b661-4afee7d58202@group-D8C695AA2570-FollowerState] INFO  impl.FollowerState (FollowerState.java:run(152)) - 26559c5d-eeb2-413a-b661-4afee7d58202@group-D8C695AA2570-FollowerState was interrupted
2023-01-09 20:09:50,983 [26559c5d-eeb2-413a-b661-4afee7d58202-impl-thread2] INFO  impl.StateMachineUpdater (StateMachineUpdater.java:stopAndJoin(153)) - 26559c5d-eeb2-413a-b661-4afee7d58202@group-598432169F60-StateMachineUpdater: set stopIndex = -1
2023-01-09 20:09:50,986 [26559c5d-eeb2-413a-b661-4afee7d58202-impl-thread2] INFO  server.RaftServer$Division (ServerState.java:close(466)) - 26559c5d-eeb2-413a-b661-4afee7d58202@group-598432169F60: closes. applyIndex: -1
2023-01-09 20:09:50,984 [26559c5d-eeb2-413a-b661-4afee7d58202-impl-thread3] INFO  impl.StateMachineUpdater (StateMachineUpdater.java:stopAndJoin(153)) - 26559c5d-eeb2-413a-b661-4afee7d58202@group-D8C695AA2570-StateMachineUpdater: set stopIndex = -1
2023-01-09 20:09:50,987 [26559c5d-eeb2-413a-b661-4afee7d58202-impl-thread3] INFO  server.RaftServer$Division (ServerState.java:close(466)) - 26559c5d-eeb2-413a-b661-4afee7d58202@group-D8C695AA2570: closes. applyIndex: -1
2023-01-09 20:09:51,003 [Listener at 127.0.0.1/33951] INFO  server.GrpcService (GrpcService.java:closeImpl(280)) - 26559c5d-eeb2-413a-b661-4afee7d58202: shutdown server GrpcServerProtocolService successfully
2023-01-09 20:09:51,004 [26559c5d-eeb2-413a-b661-4afee7d58202-NettyServerStreamRpc-bossGroup--thread1] INFO  logging.LoggingHandler (AbstractInternalLogger.java:log(148)) - [id: 0x40d88365, L:/0:0:0:0:0:0:0:0:46099] CLOSE
2023-01-09 20:09:51,004 [26559c5d-eeb2-413a-b661-4afee7d58202@group-D8C695AA2570-SegmentedRaftLogWorker] INFO  segmented.SegmentedRaftLogWorker (SegmentedRaftLogWorker.java:run(347)) - 26559c5d-eeb2-413a-b661-4afee7d58202@group-D8C695AA2570-SegmentedRaftLogWorker was interrupted, exiting. There are 0 tasks remaining in the queue.
2023-01-09 20:09:51,005 [26559c5d-eeb2-413a-b661-4afee7d58202-NettyServerStreamRpc-bossGroup--thread1] INFO  logging.LoggingHandler (AbstractInternalLogger.java:log(148)) - [id: 0x40d88365, L:/0:0:0:0:0:0:0:0:46099] INACTIVE
2023-01-09 20:09:51,005 [26559c5d-eeb2-413a-b661-4afee7d58202-NettyServerStreamRpc-bossGroup--thread1] INFO  logging.LoggingHandler (AbstractInternalLogger.java:log(148)) - [id: 0x40d88365, L:/0:0:0:0:0:0:0:0:46099] UNREGISTERED
2023-01-09 20:09:51,005 [26559c5d-eeb2-413a-b661-4afee7d58202-impl-thread3] INFO  segmented.SegmentedRaftLogWorker (SegmentedRaftLogWorker.java:close(257)) - 26559c5d-eeb2-413a-b661-4afee7d58202@group-D8C695AA2570-SegmentedRaftLogWorker close()
2023-01-09 20:09:51,014 [26559c5d-eeb2-413a-b661-4afee7d58202@group-598432169F60-SegmentedRaftLogWorker] INFO  segmented.SegmentedRaftLogWorker (SegmentedRaftLogWorker.java:run(347)) - 26559c5d-eeb2-413a-b661-4afee7d58202@group-598432169F60-SegmentedRaftLogWorker was interrupted, exiting. There are 0 tasks remaining in the queue.
2023-01-09 20:09:51,014 [26559c5d-eeb2-413a-b661-4afee7d58202-impl-thread2] INFO  segmented.SegmentedRaftLogWorker (SegmentedRaftLogWorker.java:close(257)) - 26559c5d-eeb2-413a-b661-4afee7d58202@group-598432169F60-SegmentedRaftLogWorker close()
2023-01-09 20:09:51,057 [26559c5d-eeb2-413a-b661-4afee7d58202@group-9C925EA0C3AA-StateMachineUpdater] INFO  ratis.ContainerStateMachine (ContainerStateMachine.java:takeSnapshot(319)) - group-9C925EA0C3AA: Finished taking a snapshot at:(t:1, i:0) file:/home/runner/work/ozone/ozone/hadoop-ozone/integration-test/target/test-dir/MiniOzoneClusterImpl-dc953f1b-8f43-4e25-a114-36b3b0290d25/datanode-4/data/ratis/cf2e784e-7772-45ba-87c5-9c925ea0c3aa/sm/snapshot.1_0 took: 87 ms
2023-01-09 20:09:51,059 [26559c5d-eeb2-413a-b661-4afee7d58202@group-9C925EA0C3AA-StateMachineUpdater] INFO  impl.StateMachineUpdater (StateMachineUpdater.java:takeSnapshot(287)) - 26559c5d-eeb2-413a-b661-4afee7d58202@group-9C925EA0C3AA-StateMachineUpdater: Took a snapshot at index 0
2023-01-09 20:09:51,060 [26559c5d-eeb2-413a-b661-4afee7d58202@group-9C925EA0C3AA-StateMachineUpdater] INFO  impl.StateMachineUpdater (StateMachineUpdater.java:lambda$new$0(92)) - 26559c5d-eeb2-413a-b661-4afee7d58202@group-9C925EA0C3AA-StateMachineUpdater: snapshotIndex: updateIncreasingly -1 -> 0
2023-01-09 20:09:51,064 [26559c5d-eeb2-413a-b661-4afee7d58202-impl-thread1] INFO  server.RaftServer$Division (ServerState.java:close(466)) - 26559c5d-eeb2-413a-b661-4afee7d58202@group-9C925EA0C3AA: closes. applyIndex: 0
2023-01-09 20:09:51,065 [26559c5d-eeb2-413a-b661-4afee7d58202@group-9C925EA0C3AA-SegmentedRaftLogWorker] INFO  segmented.SegmentedRaftLogWorker (SegmentedRaftLogWorker.java:run(347)) - 26559c5d-eeb2-413a-b661-4afee7d58202@group-9C925EA0C3AA-SegmentedRaftLogWorker was interrupted, exiting. There are 0 tasks remaining in the queue.
2023-01-09 20:09:51,067 [26559c5d-eeb2-413a-b661-4afee7d58202-impl-thread1] INFO  segmented.SegmentedRaftLogWorker (SegmentedRaftLogWorker.java:close(257)) - 26559c5d-eeb2-413a-b661-4afee7d58202@group-9C925EA0C3AA-SegmentedRaftLogWorker close()
2023-01-09 20:09:51,068 [JvmPauseMonitor5] INFO  util.JvmPauseMonitor (JvmPauseMonitor.java:run(111)) - JvmPauseMonitor-26559c5d-eeb2-413a-b661-4afee7d58202: Stopped
2023-01-09 20:09:51,395 [11dbea26-f97e-4766-b357-e6f8c74d2a9f@group-BF7384A7D9B8-FollowerState] INFO  impl.FollowerState (FollowerState.java:run(143)) - 11dbea26-f97e-4766-b357-e6f8c74d2a9f@group-BF7384A7D9B8-FollowerState: change to CANDIDATE, lastRpcElapsedTime:5157000646ns, electionTimeout:5156ms
2023-01-09 20:09:51,395 [11dbea26-f97e-4766-b357-e6f8c74d2a9f@group-BF7384A7D9B8-FollowerState] INFO  impl.RoleInfo (RoleInfo.java:shutdownFollowerState(110)) - 11dbea26-f97e-4766-b357-e6f8c74d2a9f: shutdown 11dbea26-f97e-4766-b357-e6f8c74d2a9f@group-BF7384A7D9B8-FollowerState
2023-01-09 20:09:51,395 [11dbea26-f97e-4766-b357-e6f8c74d2a9f@group-BF7384A7D9B8-FollowerState] INFO  server.RaftServer$Division (RaftServerImpl.java:setRole(321)) - 11dbea26-f97e-4766-b357-e6f8c74d2a9f@group-BF7384A7D9B8: changes role from  FOLLOWER to CANDIDATE at term 0 for changeToCandidate
2023-01-09 20:09:51,395 [11dbea26-f97e-4766-b357-e6f8c74d2a9f@group-BF7384A7D9B8-FollowerState] INFO  server.RaftServerConfigKeys (ConfUtils.java:logGet(46)) - raft.server.leaderelection.pre-vote = false (custom)
2023-01-09 20:09:51,395 [11dbea26-f97e-4766-b357-e6f8c74d2a9f@group-BF7384A7D9B8-FollowerState] INFO  impl.RoleInfo (RoleInfo.java:updateAndGet(139)) - 11dbea26-f97e-4766-b357-e6f8c74d2a9f: start 11dbea26-f97e-4766-b357-e6f8c74d2a9f@group-BF7384A7D9B8-LeaderElection19
2023-01-09 20:09:51,400 [11dbea26-f97e-4766-b357-e6f8c74d2a9f@group-BF7384A7D9B8-LeaderElection19] INFO  impl.LeaderElection (LeaderElection.java:askForVotes(312)) - 11dbea26-f97e-4766-b357-e6f8c74d2a9f@group-BF7384A7D9B8-LeaderElection19 ELECTION round 0: submit vote requests at term 1 for -1: peers:[11dbea26-f97e-4766-b357-e6f8c74d2a9f|rpc:10.1.0.27:34435|dataStream:10.1.0.27:45933|priority:1|startupRole:FOLLOWER]|listeners:[], old=null
2023-01-09 20:09:51,400 [11dbea26-f97e-4766-b357-e6f8c74d2a9f@group-BF7384A7D9B8-LeaderElection19] INFO  impl.LeaderElection (LeaderElection.java:askForVotes(314)) - 11dbea26-f97e-4766-b357-e6f8c74d2a9f@group-BF7384A7D9B8-LeaderElection19 ELECTION round 0: result PASSED (term=1)
2023-01-09 20:09:51,400 [11dbea26-f97e-4766-b357-e6f8c74d2a9f@group-BF7384A7D9B8-LeaderElection19] INFO  impl.RoleInfo (RoleInfo.java:shutdownLeaderElection(130)) - 11dbea26-f97e-4766-b357-e6f8c74d2a9f: shutdown 11dbea26-f97e-4766-b357-e6f8c74d2a9f@group-BF7384A7D9B8-LeaderElection19
2023-01-09 20:09:51,400 [11dbea26-f97e-4766-b357-e6f8c74d2a9f@group-BF7384A7D9B8-LeaderElection19] INFO  server.RaftServer$Division (RaftServerImpl.java:setRole(321)) - 11dbea26-f97e-4766-b357-e6f8c74d2a9f@group-BF7384A7D9B8: changes role from CANDIDATE to LEADER at term 1 for changeToLeader
2023-01-09 20:09:51,400 [11dbea26-f97e-4766-b357-e6f8c74d2a9f@group-BF7384A7D9B8-LeaderElection19] INFO  ratis.XceiverServerRatis (XceiverServerRatis.java:handleLeaderChangedNotification(904)) - Leader change notification received for group: group-BF7384A7D9B8 with new leaderId: 11dbea26-f97e-4766-b357-e6f8c74d2a9f
2023-01-09 20:09:51,400 [11dbea26-f97e-4766-b357-e6f8c74d2a9f@group-BF7384A7D9B8-LeaderElection19] INFO  server.RaftServer$Division (ServerState.java:setLeader(313)) - 11dbea26-f97e-4766-b357-e6f8c74d2a9f@group-BF7384A7D9B8: change Leader from null to 11dbea26-f97e-4766-b357-e6f8c74d2a9f at term 1 for becomeLeader, leader elected after 5179ms
2023-01-09 20:09:51,400 [11dbea26-f97e-4766-b357-e6f8c74d2a9f@group-BF7384A7D9B8-LeaderElection19] INFO  server.RaftServerConfigKeys (ConfUtils.java:logGet(46)) - raft.server.staging.catchup.gap = 1000 (default)
2023-01-09 20:09:51,401 [11dbea26-f97e-4766-b357-e6f8c74d2a9f@group-BF7384A7D9B8-LeaderElection19] INFO  server.RaftServerConfigKeys (ConfUtils.java:logGet(46)) - raft.server.write.element-limit = 1024 (custom)
2023-01-09 20:09:51,401 [11dbea26-f97e-4766-b357-e6f8c74d2a9f@group-BF7384A7D9B8-LeaderElection19] INFO  server.RaftServerConfigKeys (ConfUtils.java:logGet(46)) - raft.server.write.byte-limit = 1024 M (=1073741824) (custom)
2023-01-09 20:09:51,401 [11dbea26-f97e-4766-b357-e6f8c74d2a9f@group-BF7384A7D9B8-LeaderElection19] INFO  server.RaftServerConfigKeys (ConfUtils.java:logGet(46)) - raft.server.watch.timeout = 180s (custom)
2023-01-09 20:09:51,401 [11dbea26-f97e-4766-b357-e6f8c74d2a9f@group-BF7384A7D9B8-LeaderElection19] INFO  server.RaftServerConfigKeys (ConfUtils.java:logGet(46)) - raft.server.watch.timeout.denomination = 1s (default)
2023-01-09 20:09:51,401 [11dbea26-f97e-4766-b357-e6f8c74d2a9f@group-BF7384A7D9B8-LeaderElection19] INFO  server.RaftServerConfigKeys (ConfUtils.java:logGet(46)) - raft.server.watch.element-limit = 65536 (default)
2023-01-09 20:09:51,401 [11dbea26-f97e-4766-b357-e6f8c74d2a9f@group-BF7384A7D9B8-LeaderElection19] INFO  server.RaftServerConfigKeys (ConfUtils.java:logGet(46)) - raft.server.write.element-limit = 1024 (custom)
2023-01-09 20:09:51,401 [11dbea26-f97e-4766-b357-e6f8c74d2a9f@group-BF7384A7D9B8-LeaderElection19] INFO  server.RaftServerConfigKeys (ConfUtils.java:logGet(46)) - raft.server.write.follower.gap.ratio.max = -1.0 (default)
2023-01-09 20:09:51,401 [11dbea26-f97e-4766-b357-e6f8c74d2a9f@group-BF7384A7D9B8-LeaderElection19] INFO  impl.RoleInfo (RoleInfo.java:updateAndGet(139)) - 11dbea26-f97e-4766-b357-e6f8c74d2a9f: start 11dbea26-f97e-4766-b357-e6f8c74d2a9f@group-BF7384A7D9B8-LeaderStateImpl
2023-01-09 20:09:51,402 [11dbea26-f97e-4766-b357-e6f8c74d2a9f@group-BF7384A7D9B8-LeaderElection19] INFO  segmented.SegmentedRaftLogWorker (SegmentedRaftLogWorker.java:startLogSegment(452)) - 11dbea26-f97e-4766-b357-e6f8c74d2a9f@group-BF7384A7D9B8-SegmentedRaftLogWorker: Starting segment from index:0
2023-01-09 20:09:51,407 [11dbea26-f97e-4766-b357-e6f8c74d2a9f@group-BF7384A7D9B8-LeaderElection19] INFO  server.RaftServer$Division (ServerState.java:setRaftConf(430)) - 11dbea26-f97e-4766-b357-e6f8c74d2a9f@group-BF7384A7D9B8: set configuration 0: peers:[11dbea26-f97e-4766-b357-e6f8c74d2a9f|rpc:10.1.0.27:34435|dataStream:10.1.0.27:45933|priority:1|startupRole:FOLLOWER]|listeners:[], old=null
2023-01-09 20:09:51,410 [11dbea26-f97e-4766-b357-e6f8c74d2a9f@group-BF7384A7D9B8-SegmentedRaftLogWorker] INFO  segmented.SegmentedRaftLogWorker (SegmentedRaftLogWorker.java:execute(656)) - 11dbea26-f97e-4766-b357-e6f8c74d2a9f@group-BF7384A7D9B8-SegmentedRaftLogWorker: created new log segment /home/runner/work/ozone/ozone/hadoop-ozone/integration-test/target/test-dir/MiniOzoneClusterImpl-dc953f1b-8f43-4e25-a114-36b3b0290d25/datanode-9/data/ratis/3b96d783-9c96-48a0-9967-bf7384a7d9b8/current/log_inprogress_0
2023-01-09 20:09:52,310 [204ebb6c-eb9c-4605-8b0a-417067302917@group-4B191A258550-FollowerState] INFO  impl.FollowerState (FollowerState.java:run(143)) - 204ebb6c-eb9c-4605-8b0a-417067302917@group-4B191A258550-FollowerState: change to CANDIDATE, lastRpcElapsedTime:5085775298ns, electionTimeout:5074ms
2023-01-09 20:09:52,310 [204ebb6c-eb9c-4605-8b0a-417067302917@group-4B191A258550-FollowerState] INFO  impl.RoleInfo (RoleInfo.java:shutdownFollowerState(110)) - 204ebb6c-eb9c-4605-8b0a-417067302917: shutdown 204ebb6c-eb9c-4605-8b0a-417067302917@group-4B191A258550-FollowerState
2023-01-09 20:09:52,311 [204ebb6c-eb9c-4605-8b0a-417067302917@group-4B191A258550-FollowerState] INFO  server.RaftServer$Division (RaftServerImpl.java:setRole(321)) - 204ebb6c-eb9c-4605-8b0a-417067302917@group-4B191A258550: changes role from  FOLLOWER to CANDIDATE at term 1 for changeToCandidate
2023-01-09 20:09:52,311 [204ebb6c-eb9c-4605-8b0a-417067302917@group-4B191A258550-FollowerState] INFO  server.RaftServerConfigKeys (ConfUtils.java:logGet(46)) - raft.server.leaderelection.pre-vote = false (custom)
2023-01-09 20:09:52,311 [204ebb6c-eb9c-4605-8b0a-417067302917@group-4B191A258550-FollowerState] INFO  impl.RoleInfo (RoleInfo.java:updateAndGet(139)) - 204ebb6c-eb9c-4605-8b0a-417067302917: start 204ebb6c-eb9c-4605-8b0a-417067302917@group-4B191A258550-LeaderElection20
2023-01-09 20:09:52,313 [204ebb6c-eb9c-4605-8b0a-417067302917@group-4B191A258550-LeaderElection20] INFO  impl.LeaderElection (LeaderElection.java:askForVotes(312)) - 204ebb6c-eb9c-4605-8b0a-417067302917@group-4B191A258550-LeaderElection20 ELECTION round 0: submit vote requests at term 2 for -1: peers:[22174ed7-3438-44c1-87a9-382e0277420a|rpc:10.1.0.27:36955|dataStream:10.1.0.27:45849|priority:0|startupRole:FOLLOWER, 204ebb6c-eb9c-4605-8b0a-417067302917|rpc:10.1.0.27:38461|dataStream:10.1.0.27:40035|priority:0|startupRole:FOLLOWER, 37be314e-42cf-4ee9-a18e-baad7075c611|rpc:10.1.0.27:32955|dataStream:10.1.0.27:45453|priority:1|startupRole:FOLLOWER]|listeners:[], old=null
2023-01-09 20:09:52,313 [204ebb6c-eb9c-4605-8b0a-417067302917@group-4B191A258550-LeaderElection20] INFO  server.RaftServerConfigKeys (ConfUtils.java:logFallback(53)) - raft.server.rpc.first-election.timeout.min = 5s (fallback to raft.server.rpc.timeout.min)
2023-01-09 20:09:52,314 [204ebb6c-eb9c-4605-8b0a-417067302917@group-4B191A258550-LeaderElection20] INFO  server.RaftServerConfigKeys (ConfUtils.java:logFallback(53)) - raft.server.rpc.first-election.timeout.max = 5200ms (fallback to raft.server.rpc.timeout.max)
2023-01-09 20:09:52,316 [grpc-default-executor-4] INFO  server.RaftServer$Division (RaftServerImpl.java:requestVote(1218)) - 22174ed7-3438-44c1-87a9-382e0277420a@group-4B191A258550: receive requestVote(ELECTION, 204ebb6c-eb9c-4605-8b0a-417067302917, group-4B191A258550, 2, (t:0, i:0))
2023-01-09 20:09:52,316 [grpc-default-executor-4] INFO  impl.VoteContext (VoteContext.java:log(49)) - 22174ed7-3438-44c1-87a9-382e0277420a@group-4B191A258550-FOLLOWER: accept ELECTION from 204ebb6c-eb9c-4605-8b0a-417067302917: our priority 0 <= candidate's priority 0
2023-01-09 20:09:52,317 [grpc-default-executor-4] INFO  server.RaftServer$Division (RaftServerImpl.java:setRole(321)) - 22174ed7-3438-44c1-87a9-382e0277420a@group-4B191A258550: changes role from  FOLLOWER to FOLLOWER at term 2 for candidate:204ebb6c-eb9c-4605-8b0a-417067302917
2023-01-09 20:09:52,317 [grpc-default-executor-4] INFO  impl.RoleInfo (RoleInfo.java:shutdownFollowerState(110)) - 22174ed7-3438-44c1-87a9-382e0277420a: shutdown 22174ed7-3438-44c1-87a9-382e0277420a@group-4B191A258550-FollowerState
2023-01-09 20:09:52,317 [grpc-default-executor-4] INFO  impl.RoleInfo (RoleInfo.java:updateAndGet(139)) - 22174ed7-3438-44c1-87a9-382e0277420a: start 22174ed7-3438-44c1-87a9-382e0277420a@group-4B191A258550-FollowerState
2023-01-09 20:09:52,317 [22174ed7-3438-44c1-87a9-382e0277420a@group-4B191A258550-FollowerState] INFO  impl.FollowerState (FollowerState.java:run(152)) - 22174ed7-3438-44c1-87a9-382e0277420a@group-4B191A258550-FollowerState was interrupted
2023-01-09 20:09:52,318 [22174ed7-3438-44c1-87a9-382e0277420a@group-4B191A258550-FollowerState] INFO  server.RaftServerConfigKeys (ConfUtils.java:logFallback(53)) - raft.server.rpc.first-election.timeout.min = 5s (fallback to raft.server.rpc.timeout.min)
2023-01-09 20:09:52,318 [22174ed7-3438-44c1-87a9-382e0277420a@group-4B191A258550-FollowerState] INFO  server.RaftServerConfigKeys (ConfUtils.java:logFallback(53)) - raft.server.rpc.first-election.timeout.max = 5200ms (fallback to raft.server.rpc.timeout.max)
2023-01-09 20:09:52,319 [grpc-default-executor-4] INFO  server.RaftServer$Division (RaftServerImpl.java:requestVote(1251)) - 22174ed7-3438-44c1-87a9-382e0277420a@group-4B191A258550 replies to ELECTION vote request: 204ebb6c-eb9c-4605-8b0a-417067302917<-22174ed7-3438-44c1-87a9-382e0277420a#0:OK-t2. Peer's state: 22174ed7-3438-44c1-87a9-382e0277420a@group-4B191A258550:t2, leader=null, voted=204ebb6c-eb9c-4605-8b0a-417067302917, raftlog=Memoized:22174ed7-3438-44c1-87a9-382e0277420a@group-4B191A258550-SegmentedRaftLog:OPENED:c-1, conf=-1: peers:[22174ed7-3438-44c1-87a9-382e0277420a|rpc:10.1.0.27:36955|dataStream:10.1.0.27:45849|priority:0|startupRole:FOLLOWER, 204ebb6c-eb9c-4605-8b0a-417067302917|rpc:10.1.0.27:38461|dataStream:10.1.0.27:40035|priority:0|startupRole:FOLLOWER, 37be314e-42cf-4ee9-a18e-baad7075c611|rpc:10.1.0.27:32955|dataStream:10.1.0.27:45453|priority:1|startupRole:FOLLOWER]|listeners:[], old=null
2023-01-09 20:09:52,321 [grpc-default-executor-4] INFO  server.RaftServer$Division (RaftServerImpl.java:requestVote(1218)) - 37be314e-42cf-4ee9-a18e-baad7075c611@group-4B191A258550: receive requestVote(ELECTION, 204ebb6c-eb9c-4605-8b0a-417067302917, group-4B191A258550, 2, (t:0, i:0))
2023-01-09 20:09:52,322 [grpc-default-executor-4] INFO  impl.VoteContext (VoteContext.java:log(49)) - 37be314e-42cf-4ee9-a18e-baad7075c611@group-4B191A258550-FOLLOWER: reject ELECTION from 204ebb6c-eb9c-4605-8b0a-417067302917: our priority 1 > candidate's priority 0
2023-01-09 20:09:52,322 [grpc-default-executor-4] INFO  server.RaftServer$Division (RaftServerImpl.java:setRole(321)) - 37be314e-42cf-4ee9-a18e-baad7075c611@group-4B191A258550: changes role from  FOLLOWER to FOLLOWER at term 2 for candidate:204ebb6c-eb9c-4605-8b0a-417067302917
2023-01-09 20:09:52,322 [grpc-default-executor-4] INFO  impl.RoleInfo (RoleInfo.java:shutdownFollowerState(110)) - 37be314e-42cf-4ee9-a18e-baad7075c611: shutdown 37be314e-42cf-4ee9-a18e-baad7075c611@group-4B191A258550-FollowerState
2023-01-09 20:09:52,322 [grpc-default-executor-4] INFO  impl.RoleInfo (RoleInfo.java:updateAndGet(139)) - 37be314e-42cf-4ee9-a18e-baad7075c611: start 37be314e-42cf-4ee9-a18e-baad7075c611@group-4B191A258550-FollowerState
2023-01-09 20:09:52,322 [37be314e-42cf-4ee9-a18e-baad7075c611@group-4B191A258550-FollowerState] INFO  impl.FollowerState (FollowerState.java:run(152)) - 37be314e-42cf-4ee9-a18e-baad7075c611@group-4B191A258550-FollowerState was interrupted
2023-01-09 20:09:52,324 [37be314e-42cf-4ee9-a18e-baad7075c611@group-4B191A258550-FollowerState] INFO  server.RaftServerConfigKeys (ConfUtils.java:logFallback(53)) - raft.server.rpc.first-election.timeout.min = 5s (fallback to raft.server.rpc.timeout.min)
2023-01-09 20:09:52,324 [37be314e-42cf-4ee9-a18e-baad7075c611@group-4B191A258550-FollowerState] INFO  server.RaftServerConfigKeys (ConfUtils.java:logFallback(53)) - raft.server.rpc.first-election.timeout.max = 5200ms (fallback to raft.server.rpc.timeout.max)
2023-01-09 20:09:52,325 [grpc-default-executor-4] INFO  server.RaftServer$Division (RaftServerImpl.java:requestVote(1251)) - 37be314e-42cf-4ee9-a18e-baad7075c611@group-4B191A258550 replies to ELECTION vote request: 204ebb6c-eb9c-4605-8b0a-417067302917<-37be314e-42cf-4ee9-a18e-baad7075c611#0:FAIL-t2. Peer's state: 37be314e-42cf-4ee9-a18e-baad7075c611@group-4B191A258550:t2, leader=null, voted=null, raftlog=Memoized:37be314e-42cf-4ee9-a18e-baad7075c611@group-4B191A258550-SegmentedRaftLog:OPENED:c-1, conf=-1: peers:[22174ed7-3438-44c1-87a9-382e0277420a|rpc:10.1.0.27:36955|dataStream:10.1.0.27:45849|priority:0|startupRole:FOLLOWER, 204ebb6c-eb9c-4605-8b0a-417067302917|rpc:10.1.0.27:38461|dataStream:10.1.0.27:40035|priority:0|startupRole:FOLLOWER, 37be314e-42cf-4ee9-a18e-baad7075c611|rpc:10.1.0.27:32955|dataStream:10.1.0.27:45453|priority:1|startupRole:FOLLOWER]|listeners:[], old=null
2023-01-09 20:09:52,328 [204ebb6c-eb9c-4605-8b0a-417067302917@group-4B191A258550-LeaderElection20] INFO  impl.LeaderElection (LeaderElection.java:logAndReturn(90)) - 204ebb6c-eb9c-4605-8b0a-417067302917@group-4B191A258550-LeaderElection20: ELECTION REJECTED received 2 response(s) and 0 exception(s):
2023-01-09 20:09:52,328 [204ebb6c-eb9c-4605-8b0a-417067302917@group-4B191A258550-LeaderElection20] INFO  impl.LeaderElection (LeaderElection.java:logAndReturn(94)) -   Response 0: 204ebb6c-eb9c-4605-8b0a-417067302917<-22174ed7-3438-44c1-87a9-382e0277420a#0:OK-t2
2023-01-09 20:09:52,328 [204ebb6c-eb9c-4605-8b0a-417067302917@group-4B191A258550-LeaderElection20] INFO  impl.LeaderElection (LeaderElection.java:logAndReturn(94)) -   Response 1: 204ebb6c-eb9c-4605-8b0a-417067302917<-37be314e-42cf-4ee9-a18e-baad7075c611#0:FAIL-t2
2023-01-09 20:09:52,328 [204ebb6c-eb9c-4605-8b0a-417067302917@group-4B191A258550-LeaderElection20] INFO  impl.LeaderElection (LeaderElection.java:askForVotes(314)) - 204ebb6c-eb9c-4605-8b0a-417067302917@group-4B191A258550-LeaderElection20 ELECTION round 0: result REJECTED
2023-01-09 20:09:52,330 [204ebb6c-eb9c-4605-8b0a-417067302917@group-4B191A258550-LeaderElection20] INFO  server.RaftServer$Division (RaftServerImpl.java:setRole(321)) - 204ebb6c-eb9c-4605-8b0a-417067302917@group-4B191A258550: changes role from CANDIDATE to FOLLOWER at term 2 for REJECTED
2023-01-09 20:09:52,331 [204ebb6c-eb9c-4605-8b0a-417067302917@group-4B191A258550-LeaderElection20] INFO  impl.RoleInfo (RoleInfo.java:shutdownLeaderElection(130)) - 204ebb6c-eb9c-4605-8b0a-417067302917: shutdown 204ebb6c-eb9c-4605-8b0a-417067302917@group-4B191A258550-LeaderElection20
2023-01-09 20:09:52,331 [204ebb6c-eb9c-4605-8b0a-417067302917@group-4B191A258550-LeaderElection20] INFO  impl.RoleInfo (RoleInfo.java:updateAndGet(139)) - 204ebb6c-eb9c-4605-8b0a-417067302917: start 204ebb6c-eb9c-4605-8b0a-417067302917@group-4B191A258550-FollowerState
2023-01-09 20:09:52,331 [204ebb6c-eb9c-4605-8b0a-417067302917@group-4B191A258550-FollowerState] INFO  server.RaftServerConfigKeys (ConfUtils.java:logFallback(53)) - raft.server.rpc.first-election.timeout.min = 5s (fallback to raft.server.rpc.timeout.min)
2023-01-09 20:09:52,339 [204ebb6c-eb9c-4605-8b0a-417067302917@group-4B191A258550-FollowerState] INFO  server.RaftServerConfigKeys (ConfUtils.java:logFallback(53)) - raft.server.rpc.first-election.timeout.max = 5200ms (fallback to raft.server.rpc.timeout.max)
2023-01-09 20:09:53,112 [Listener at 127.0.0.1/33951] INFO  volume.HddsVolume (HddsVolume.java:closeDbStore(338)) - SchemaV3 db is stopped at /home/runner/work/ozone/ozone/hadoop-ozone/integration-test/target/test-dir/MiniOzoneClusterImpl-dc953f1b-8f43-4e25-a114-36b3b0290d25/datanode-4/data-0/containers/hdds/dc953f1b-8f43-4e25-a114-36b3b0290d25/DS-6d8e2074-83b5-40a7-bb2a-0ac44e49bc16/container.db for volume DS-6d8e2074-83b5-40a7-bb2a-0ac44e49bc16
2023-01-09 20:09:53,113 [Listener at 127.0.0.1/33951] INFO  utils.BackgroundService (BackgroundService.java:shutdown(141)) - Shutting down service BlockDeletingService
2023-01-09 20:09:53,113 [Listener at 127.0.0.1/33951] INFO  utils.BackgroundService (BackgroundService.java:shutdown(141)) - Shutting down service StaleRecoveringContainerScrubbingService
2023-01-09 20:09:53,119 [Listener at 127.0.0.1/33951] INFO  statemachine.DatanodeStateMachine (DatanodeStateMachine.java:stopDaemon(596)) - Ozone container server stopped.
2023-01-09 20:09:53,132 [Listener at 127.0.0.1/33951] INFO  handler.ContextHandler (ContextHandler.java:doStop(1159)) - Stopped o.e.j.w.WebAppContext@26ccc142{hddsDatanode,/,null,STOPPED}{jar:file:/home/runner/.m2/repository/org/apache/ozone/hdds-container-service/1.4.0-SNAPSHOT/hdds-container-service-1.4.0-SNAPSHOT.jar!/webapps/hddsDatanode}
2023-01-09 20:09:53,136 [Listener at 127.0.0.1/33951] INFO  server.AbstractConnector (AbstractConnector.java:doStop(383)) - Stopped ServerConnector@7bef169a{HTTP/1.1, (http/1.1)}{0.0.0.0:0}
2023-01-09 20:09:53,136 [Listener at 127.0.0.1/33951] INFO  server.session (HouseKeeper.java:stopScavenging(149)) - node0 Stopped scavenging
2023-01-09 20:09:53,137 [Listener at 127.0.0.1/33951] INFO  handler.ContextHandler (ContextHandler.java:doStop(1159)) - Stopped o.e.j.s.ServletContextHandler@1f342afb{static,/static,jar:file:/home/runner/.m2/repository/org/apache/ozone/hdds-container-service/1.4.0-SNAPSHOT/hdds-container-service-1.4.0-SNAPSHOT.jar!/webapps/static,STOPPED}
2023-01-09 20:09:53,137 [Listener at 127.0.0.1/33951] INFO  handler.ContextHandler (ContextHandler.java:doStop(1159)) - Stopped o.e.j.s.ServletContextHandler@72309bc{logs,/logs,file:///home/runner/work/ozone/ozone/hadoop-ozone/integration-test/target/log,STOPPED}
2023-01-09 20:09:53,752 [cbda9cd1-c9bf-468c-9ce3-2b320cdae76d@group-598432169F60-FollowerState] INFO  server.RaftServerConfigKeys (ConfUtils.java:logFallback(53)) - raft.server.rpc.first-election.timeout.min = 5s (fallback to raft.server.rpc.timeout.min)
2023-01-09 20:09:53,753 [cbda9cd1-c9bf-468c-9ce3-2b320cdae76d@group-598432169F60-FollowerState] INFO  server.RaftServerConfigKeys (ConfUtils.java:logFallback(53)) - raft.server.rpc.first-election.timeout.max = 5200ms (fallback to raft.server.rpc.timeout.max)
2023-01-09 20:09:53,757 [93b0d557-27ed-4241-a042-86e84b32abbd@group-598432169F60-FollowerState] INFO  impl.FollowerState (FollowerState.java:run(143)) - 93b0d557-27ed-4241-a042-86e84b32abbd@group-598432169F60-FollowerState: change to CANDIDATE, lastRpcElapsedTime:5118949124ns, electionTimeout:5112ms
2023-01-09 20:09:53,757 [93b0d557-27ed-4241-a042-86e84b32abbd@group-598432169F60-FollowerState] INFO  impl.RoleInfo (RoleInfo.java:shutdownFollowerState(110)) - 93b0d557-27ed-4241-a042-86e84b32abbd: shutdown 93b0d557-27ed-4241-a042-86e84b32abbd@group-598432169F60-FollowerState
2023-01-09 20:09:53,757 [93b0d557-27ed-4241-a042-86e84b32abbd@group-598432169F60-FollowerState] INFO  server.RaftServer$Division (RaftServerImpl.java:setRole(321)) - 93b0d557-27ed-4241-a042-86e84b32abbd@group-598432169F60: changes role from  FOLLOWER to CANDIDATE at term 1 for changeToCandidate
2023-01-09 20:09:53,757 [93b0d557-27ed-4241-a042-86e84b32abbd@group-598432169F60-FollowerState] INFO  server.RaftServerConfigKeys (ConfUtils.java:logGet(46)) - raft.server.leaderelection.pre-vote = false (custom)
2023-01-09 20:09:53,757 [93b0d557-27ed-4241-a042-86e84b32abbd@group-598432169F60-FollowerState] INFO  impl.RoleInfo (RoleInfo.java:updateAndGet(139)) - 93b0d557-27ed-4241-a042-86e84b32abbd: start 93b0d557-27ed-4241-a042-86e84b32abbd@group-598432169F60-LeaderElection21
2023-01-09 20:09:53,761 [93b0d557-27ed-4241-a042-86e84b32abbd@group-598432169F60-LeaderElection21] INFO  impl.LeaderElection (LeaderElection.java:askForVotes(312)) - 93b0d557-27ed-4241-a042-86e84b32abbd@group-598432169F60-LeaderElection21 ELECTION round 0: submit vote requests at term 2 for -1: peers:[93b0d557-27ed-4241-a042-86e84b32abbd|rpc:10.1.0.27:38305|dataStream:10.1.0.27:40935|priority:0|startupRole:FOLLOWER, cbda9cd1-c9bf-468c-9ce3-2b320cdae76d|rpc:10.1.0.27:39195|dataStream:10.1.0.27:44727|priority:0|startupRole:FOLLOWER, 26559c5d-eeb2-413a-b661-4afee7d58202|rpc:10.1.0.27:44647|dataStream:10.1.0.27:46099|priority:1|startupRole:FOLLOWER]|listeners:[], old=null
2023-01-09 20:09:53,761 [93b0d557-27ed-4241-a042-86e84b32abbd@group-598432169F60-LeaderElection21] INFO  server.RaftServerConfigKeys (ConfUtils.java:logFallback(53)) - raft.server.rpc.first-election.timeout.min = 5s (fallback to raft.server.rpc.timeout.min)
2023-01-09 20:09:53,761 [93b0d557-27ed-4241-a042-86e84b32abbd@group-598432169F60-LeaderElection21] INFO  server.RaftServerConfigKeys (ConfUtils.java:logFallback(53)) - raft.server.rpc.first-election.timeout.max = 5200ms (fallback to raft.server.rpc.timeout.max)
2023-01-09 20:09:53,780 [grpc-default-executor-4] INFO  server.RaftServer$Division (RaftServerImpl.java:requestVote(1218)) - cbda9cd1-c9bf-468c-9ce3-2b320cdae76d@group-598432169F60: receive requestVote(ELECTION, 93b0d557-27ed-4241-a042-86e84b32abbd, group-598432169F60, 2, (t:0, i:0))
2023-01-09 20:09:53,781 [grpc-default-executor-4] INFO  impl.VoteContext (VoteContext.java:log(49)) - cbda9cd1-c9bf-468c-9ce3-2b320cdae76d@group-598432169F60-FOLLOWER: accept ELECTION from 93b0d557-27ed-4241-a042-86e84b32abbd: our priority 0 <= candidate's priority 0
2023-01-09 20:09:53,781 [grpc-default-executor-4] INFO  server.RaftServer$Division (RaftServerImpl.java:setRole(321)) - cbda9cd1-c9bf-468c-9ce3-2b320cdae76d@group-598432169F60: changes role from  FOLLOWER to FOLLOWER at term 2 for candidate:93b0d557-27ed-4241-a042-86e84b32abbd
2023-01-09 20:09:53,781 [grpc-default-executor-4] INFO  impl.RoleInfo (RoleInfo.java:shutdownFollowerState(110)) - cbda9cd1-c9bf-468c-9ce3-2b320cdae76d: shutdown cbda9cd1-c9bf-468c-9ce3-2b320cdae76d@group-598432169F60-FollowerState
2023-01-09 20:09:53,781 [grpc-default-executor-4] INFO  impl.RoleInfo (RoleInfo.java:updateAndGet(139)) - cbda9cd1-c9bf-468c-9ce3-2b320cdae76d: start cbda9cd1-c9bf-468c-9ce3-2b320cdae76d@group-598432169F60-FollowerState
2023-01-09 20:09:53,781 [cbda9cd1-c9bf-468c-9ce3-2b320cdae76d@group-598432169F60-FollowerState] INFO  impl.FollowerState (FollowerState.java:run(152)) - cbda9cd1-c9bf-468c-9ce3-2b320cdae76d@group-598432169F60-FollowerState was interrupted
2023-01-09 20:09:53,782 [93b0d557-27ed-4241-a042-86e84b32abbd@group-598432169F60-LeaderElection21] INFO  impl.LeaderElection (LogUtils.java:infoOrTrace(137)) - 93b0d557-27ed-4241-a042-86e84b32abbd@group-598432169F60-LeaderElection21 got exception when requesting votes: java.util.concurrent.ExecutionException: org.apache.ratis.thirdparty.io.grpc.StatusRuntimeException: UNAVAILABLE: io exception
2023-01-09 20:09:53,785 [cbda9cd1-c9bf-468c-9ce3-2b320cdae76d@group-598432169F60-FollowerState] INFO  server.RaftServerConfigKeys (ConfUtils.java:logFallback(53)) - raft.server.rpc.first-election.timeout.min = 5s (fallback to raft.server.rpc.timeout.min)
2023-01-09 20:09:53,786 [cbda9cd1-c9bf-468c-9ce3-2b320cdae76d@group-598432169F60-FollowerState] INFO  server.RaftServerConfigKeys (ConfUtils.java:logFallback(53)) - raft.server.rpc.first-election.timeout.max = 5200ms (fallback to raft.server.rpc.timeout.max)
2023-01-09 20:09:53,786 [grpc-default-executor-4] INFO  server.RaftServer$Division (RaftServerImpl.java:requestVote(1251)) - cbda9cd1-c9bf-468c-9ce3-2b320cdae76d@group-598432169F60 replies to ELECTION vote request: 93b0d557-27ed-4241-a042-86e84b32abbd<-cbda9cd1-c9bf-468c-9ce3-2b320cdae76d#0:OK-t2. Peer's state: cbda9cd1-c9bf-468c-9ce3-2b320cdae76d@group-598432169F60:t2, leader=null, voted=93b0d557-27ed-4241-a042-86e84b32abbd, raftlog=Memoized:cbda9cd1-c9bf-468c-9ce3-2b320cdae76d@group-598432169F60-SegmentedRaftLog:OPENED:c-1, conf=-1: peers:[93b0d557-27ed-4241-a042-86e84b32abbd|rpc:10.1.0.27:38305|dataStream:10.1.0.27:40935|priority:0|startupRole:FOLLOWER, cbda9cd1-c9bf-468c-9ce3-2b320cdae76d|rpc:10.1.0.27:39195|dataStream:10.1.0.27:44727|priority:0|startupRole:FOLLOWER, 26559c5d-eeb2-413a-b661-4afee7d58202|rpc:10.1.0.27:44647|dataStream:10.1.0.27:46099|priority:1|startupRole:FOLLOWER]|listeners:[], old=null
2023-01-09 20:09:53,788 [93b0d557-27ed-4241-a042-86e84b32abbd@group-598432169F60-LeaderElection21] INFO  impl.LeaderElection (LeaderElection.java:logAndReturn(90)) - 93b0d557-27ed-4241-a042-86e84b32abbd@group-598432169F60-LeaderElection21: ELECTION PASSED received 1 response(s) and 1 exception(s):
2023-01-09 20:09:53,788 [93b0d557-27ed-4241-a042-86e84b32abbd@group-598432169F60-LeaderElection21] INFO  impl.LeaderElection (LeaderElection.java:logAndReturn(94)) -   Response 0: 93b0d557-27ed-4241-a042-86e84b32abbd<-cbda9cd1-c9bf-468c-9ce3-2b320cdae76d#0:OK-t2
2023-01-09 20:09:53,788 [93b0d557-27ed-4241-a042-86e84b32abbd@group-598432169F60-LeaderElection21] INFO  impl.LeaderElection (LogUtils.java:infoOrTrace(137)) -   Exception 1: java.util.concurrent.ExecutionException: org.apache.ratis.thirdparty.io.grpc.StatusRuntimeException: UNAVAILABLE: io exception
2023-01-09 20:09:53,788 [93b0d557-27ed-4241-a042-86e84b32abbd@group-598432169F60-LeaderElection21] INFO  impl.LeaderElection (LeaderElection.java:askForVotes(314)) - 93b0d557-27ed-4241-a042-86e84b32abbd@group-598432169F60-LeaderElection21 ELECTION round 0: result PASSED
2023-01-09 20:09:53,788 [93b0d557-27ed-4241-a042-86e84b32abbd@group-598432169F60-LeaderElection21] INFO  impl.RoleInfo (RoleInfo.java:shutdownLeaderElection(130)) - 93b0d557-27ed-4241-a042-86e84b32abbd: shutdown 93b0d557-27ed-4241-a042-86e84b32abbd@group-598432169F60-LeaderElection21
2023-01-09 20:09:53,788 [93b0d557-27ed-4241-a042-86e84b32abbd@group-598432169F60-LeaderElection21] INFO  server.RaftServer$Division (RaftServerImpl.java:setRole(321)) - 93b0d557-27ed-4241-a042-86e84b32abbd@group-598432169F60: changes role from CANDIDATE to LEADER at term 2 for changeToLeader
2023-01-09 20:09:53,788 [93b0d557-27ed-4241-a042-86e84b32abbd@group-598432169F60-LeaderElection21] INFO  ratis.XceiverServerRatis (XceiverServerRatis.java:handleLeaderChangedNotification(904)) - Leader change notification received for group: group-598432169F60 with new leaderId: 93b0d557-27ed-4241-a042-86e84b32abbd
2023-01-09 20:09:53,789 [93b0d557-27ed-4241-a042-86e84b32abbd@group-598432169F60-LeaderElection21] INFO  server.RaftServer$Division (ServerState.java:setLeader(313)) - 93b0d557-27ed-4241-a042-86e84b32abbd@group-598432169F60: change Leader from null to 93b0d557-27ed-4241-a042-86e84b32abbd at term 2 for becomeLeader, leader elected after 10292ms
2023-01-09 20:09:53,789 [93b0d557-27ed-4241-a042-86e84b32abbd@group-598432169F60-LeaderElection21] INFO  server.RaftServerConfigKeys (ConfUtils.java:logGet(46)) - raft.server.staging.catchup.gap = 1000 (default)
2023-01-09 20:09:53,789 [93b0d557-27ed-4241-a042-86e84b32abbd@group-598432169F60-LeaderElection21] INFO  server.RaftServerConfigKeys (ConfUtils.java:logGet(46)) - raft.server.write.element-limit = 1024 (custom)
2023-01-09 20:09:53,789 [93b0d557-27ed-4241-a042-86e84b32abbd@group-598432169F60-LeaderElection21] INFO  server.RaftServerConfigKeys (ConfUtils.java:logGet(46)) - raft.server.write.byte-limit = 1024 M (=1073741824) (custom)
2023-01-09 20:09:53,790 [93b0d557-27ed-4241-a042-86e84b32abbd@group-598432169F60-LeaderElection21] INFO  server.RaftServerConfigKeys (ConfUtils.java:logGet(46)) - raft.server.watch.timeout = 180s (custom)
2023-01-09 20:09:53,790 [93b0d557-27ed-4241-a042-86e84b32abbd@group-598432169F60-LeaderElection21] INFO  server.RaftServerConfigKeys (ConfUtils.java:logGet(46)) - raft.server.watch.timeout.denomination = 1s (default)
2023-01-09 20:09:53,790 [93b0d557-27ed-4241-a042-86e84b32abbd@group-598432169F60-LeaderElection21] INFO  server.RaftServerConfigKeys (ConfUtils.java:logGet(46)) - raft.server.watch.element-limit = 65536 (default)
2023-01-09 20:09:53,790 [93b0d557-27ed-4241-a042-86e84b32abbd@group-598432169F60-LeaderElection21] INFO  server.RaftServerConfigKeys (ConfUtils.java:logGet(46)) - raft.server.write.element-limit = 1024 (custom)
2023-01-09 20:09:53,791 [93b0d557-27ed-4241-a042-86e84b32abbd@group-598432169F60-LeaderElection21] INFO  server.RaftServerConfigKeys (ConfUtils.java:logGet(46)) - raft.server.write.follower.gap.ratio.max = -1.0 (default)
2023-01-09 20:09:53,792 [93b0d557-27ed-4241-a042-86e84b32abbd@group-598432169F60-LeaderElection21] INFO  server.RaftServerConfigKeys (ConfUtils.java:logGet(46)) - raft.server.log.appender.snapshot.chunk.size.max = 16MB (=16777216) (default)
2023-01-09 20:09:53,792 [93b0d557-27ed-4241-a042-86e84b32abbd@group-598432169F60-LeaderElection21] INFO  server.RaftServerConfigKeys (ConfUtils.java:logGet(46)) - raft.server.log.appender.buffer.byte-limit = 33554432 (custom)
2023-01-09 20:09:53,792 [93b0d557-27ed-4241-a042-86e84b32abbd@group-598432169F60-LeaderElection21] INFO  server.RaftServerConfigKeys (ConfUtils.java:logGet(46)) - raft.server.log.appender.buffer.element-limit = 1 (custom)
2023-01-09 20:09:53,792 [93b0d557-27ed-4241-a042-86e84b32abbd@group-598432169F60-LeaderElection21] INFO  grpc.GrpcConfigKeys (ConfUtils.java:logGet(46)) - raft.grpc.server.leader.outstanding.appends.max = 128 (default)
2023-01-09 20:09:53,792 [93b0d557-27ed-4241-a042-86e84b32abbd@group-598432169F60-LeaderElection21] INFO  server.RaftServerConfigKeys (ConfUtils.java:logGet(46)) - raft.server.rpc.request.timeout = 60s (custom)
2023-01-09 20:09:53,792 [93b0d557-27ed-4241-a042-86e84b32abbd@group-598432169F60-LeaderElection21] INFO  server.RaftServerConfigKeys (ConfUtils.java:logGet(46)) - raft.server.log.appender.install.snapshot.enabled = false (custom)
2023-01-09 20:09:53,792 [93b0d557-27ed-4241-a042-86e84b32abbd@group-598432169F60-LeaderElection21] INFO  grpc.GrpcConfigKeys (ConfUtils.java:logGet(46)) - raft.grpc.server.heartbeat.channel = true (default)
2023-01-09 20:09:53,792 [93b0d557-27ed-4241-a042-86e84b32abbd@group-598432169F60-LeaderElection21] INFO  server.RaftServerConfigKeys (ConfUtils.java:logGet(46)) - raft.server.log.appender.wait-time.min = 10ms (default)
2023-01-09 20:09:53,793 [EventQueue-PipelineReportForPipelineReportHandler] INFO  pipeline.PipelineManagerImpl (PipelineManagerImpl.java:openPipeline(367)) - Pipeline Pipeline[ Id: 072de9a2-1de7-4e13-a23f-598432169f60, Nodes: 26559c5d-eeb2-413a-b661-4afee7d58202{ip: 10.1.0.27, host: fv-az457-50.3faczmgjfduuxnksfsdf43hgfa.dx.internal.cloudapp.net, ports: [REPLICATION=46287, RATIS=44647, RATIS_ADMIN=44647, RATIS_SERVER=44647, RATIS_DATASTREAM=46099, STANDALONE=35933], networkLocation: /default-rack, certSerialId: null, persistedOpState: IN_SERVICE, persistedOpStateExpiryEpochSec: 0}93b0d557-27ed-4241-a042-86e84b32abbd{ip: 10.1.0.27, host: fv-az457-50.3faczmgjfduuxnksfsdf43hgfa.dx.internal.cloudapp.net, ports: [REPLICATION=40931, RATIS=38305, RATIS_ADMIN=38305, RATIS_SERVER=38305, RATIS_DATASTREAM=40935, STANDALONE=42833], networkLocation: /default-rack, certSerialId: null, persistedOpState: IN_SERVICE, persistedOpStateExpiryEpochSec: 0}cbda9cd1-c9bf-468c-9ce3-2b320cdae76d{ip: 10.1.0.27, host: fv-az457-50.3faczmgjfduuxnksfsdf43hgfa.dx.internal.cloudapp.net, ports: [REPLICATION=37745, RATIS=39195, RATIS_ADMIN=39195, RATIS_SERVER=39195, RATIS_DATASTREAM=44727, STANDALONE=39025], networkLocation: /default-rack, certSerialId: null, persistedOpState: IN_SERVICE, persistedOpStateExpiryEpochSec: 0}, ReplicationConfig: RATIS/THREE, State:ALLOCATED, leaderId:93b0d557-27ed-4241-a042-86e84b32abbd, CreationTimestamp2023-01-09T20:09:41.291Z[Etc/UTC]] moved to OPEN state
2023-01-09 20:09:53,793 [93b0d557-27ed-4241-a042-86e84b32abbd@group-598432169F60-LeaderElection21] INFO  server.RaftServerConfigKeys (ConfUtils.java:logGet(46)) - raft.server.log.appender.snapshot.chunk.size.max = 16MB (=16777216) (default)
2023-01-09 20:09:53,793 [93b0d557-27ed-4241-a042-86e84b32abbd@group-598432169F60-LeaderElection21] INFO  server.RaftServerConfigKeys (ConfUtils.java:logGet(46)) - raft.server.log.appender.buffer.byte-limit = 33554432 (custom)
2023-01-09 20:09:53,793 [93b0d557-27ed-4241-a042-86e84b32abbd@group-598432169F60-LeaderElection21] INFO  server.RaftServerConfigKeys (ConfUtils.java:logGet(46)) - raft.server.log.appender.buffer.element-limit = 1 (custom)
2023-01-09 20:09:53,793 [93b0d557-27ed-4241-a042-86e84b32abbd@group-598432169F60-LeaderElection21] INFO  grpc.GrpcConfigKeys (ConfUtils.java:logGet(46)) - raft.grpc.server.leader.outstanding.appends.max = 128 (default)
2023-01-09 20:09:53,793 [93b0d557-27ed-4241-a042-86e84b32abbd@group-598432169F60-LeaderElection21] INFO  server.RaftServerConfigKeys (ConfUtils.java:logGet(46)) - raft.server.rpc.request.timeout = 60s (custom)
2023-01-09 20:09:53,794 [93b0d557-27ed-4241-a042-86e84b32abbd@group-598432169F60-LeaderElection21] INFO  server.RaftServerConfigKeys (ConfUtils.java:logGet(46)) - raft.server.log.appender.install.snapshot.enabled = false (custom)
2023-01-09 20:09:53,799 [93b0d557-27ed-4241-a042-86e84b32abbd@group-598432169F60-LeaderElection21] INFO  grpc.GrpcConfigKeys (ConfUtils.java:logGet(46)) - raft.grpc.server.heartbeat.channel = true (default)
2023-01-09 20:09:53,799 [93b0d557-27ed-4241-a042-86e84b32abbd@group-598432169F60-LeaderElection21] INFO  server.RaftServerConfigKeys (ConfUtils.java:logGet(46)) - raft.server.log.appender.wait-time.min = 10ms (default)
2023-01-09 20:09:53,800 [93b0d557-27ed-4241-a042-86e84b32abbd@group-598432169F60-LeaderElection21] INFO  impl.RoleInfo (RoleInfo.java:updateAndGet(139)) - 93b0d557-27ed-4241-a042-86e84b32abbd: start 93b0d557-27ed-4241-a042-86e84b32abbd@group-598432169F60-LeaderStateImpl
2023-01-09 20:09:53,800 [93b0d557-27ed-4241-a042-86e84b32abbd@group-598432169F60-LeaderElection21] INFO  segmented.SegmentedRaftLogWorker (SegmentedRaftLogWorker.java:startLogSegment(452)) - 93b0d557-27ed-4241-a042-86e84b32abbd@group-598432169F60-SegmentedRaftLogWorker: Starting segment from index:0
2023-01-09 20:09:53,803 [93b0d557-27ed-4241-a042-86e84b32abbd@group-598432169F60-SegmentedRaftLogWorker] INFO  segmented.SegmentedRaftLogWorker (SegmentedRaftLogWorker.java:execute(656)) - 93b0d557-27ed-4241-a042-86e84b32abbd@group-598432169F60-SegmentedRaftLogWorker: created new log segment /home/runner/work/ozone/ozone/hadoop-ozone/integration-test/target/test-dir/MiniOzoneClusterImpl-dc953f1b-8f43-4e25-a114-36b3b0290d25/datanode-3/data/ratis/072de9a2-1de7-4e13-a23f-598432169f60/current/log_inprogress_0
2023-01-09 20:09:53,806 [93b0d557-27ed-4241-a042-86e84b32abbd@group-598432169F60-LeaderElection21] INFO  server.RaftServer$Division (ServerState.java:setRaftConf(430)) - 93b0d557-27ed-4241-a042-86e84b32abbd@group-598432169F60: set configuration 0: peers:[93b0d557-27ed-4241-a042-86e84b32abbd|rpc:10.1.0.27:38305|dataStream:10.1.0.27:40935|priority:0|startupRole:FOLLOWER, cbda9cd1-c9bf-468c-9ce3-2b320cdae76d|rpc:10.1.0.27:39195|dataStream:10.1.0.27:44727|priority:0|startupRole:FOLLOWER, 26559c5d-eeb2-413a-b661-4afee7d58202|rpc:10.1.0.27:44647|dataStream:10.1.0.27:46099|priority:1|startupRole:FOLLOWER]|listeners:[], old=null
2023-01-09 20:09:53,807 [grpc-default-executor-1] WARN  server.GrpcLogAppender (LogUtils.java:warn(122)) - 93b0d557-27ed-4241-a042-86e84b32abbd@group-598432169F60->26559c5d-eeb2-413a-b661-4afee7d58202-AppendLogResponseHandler: Failed appendEntries: org.apache.ratis.thirdparty.io.grpc.StatusRuntimeException: UNAVAILABLE: io exception
2023-01-09 20:09:53,813 [grpc-default-executor-0] WARN  server.GrpcLogAppender (LogUtils.java:warn(122)) - 93b0d557-27ed-4241-a042-86e84b32abbd@group-598432169F60->26559c5d-eeb2-413a-b661-4afee7d58202-AppendLogResponseHandler: Failed appendEntries: org.apache.ratis.thirdparty.io.grpc.StatusRuntimeException: UNAVAILABLE: io exception
2023-01-09 20:09:53,817 [grpc-default-executor-1] WARN  server.GrpcLogAppender (GrpcLogAppender.java:resetClient(131)) - 93b0d557-27ed-4241-a042-86e84b32abbd@group-598432169F60->26559c5d-eeb2-413a-b661-4afee7d58202-GrpcLogAppender: Leader has not got in touch with Follower 93b0d557-27ed-4241-a042-86e84b32abbd@group-598432169F60->26559c5d-eeb2-413a-b661-4afee7d58202(c-1,m0,n1, attendVote=true, lastRpcSendTime=9, lastRpcResponseTime=5226) yet, just keep nextIndex unchanged and retry.
2023-01-09 20:09:53,818 [grpc-default-executor-0] WARN  server.GrpcLogAppender (GrpcLogAppender.java:resetClient(131)) - 93b0d557-27ed-4241-a042-86e84b32abbd@group-598432169F60->26559c5d-eeb2-413a-b661-4afee7d58202-GrpcLogAppender: Leader has not got in touch with Follower 93b0d557-27ed-4241-a042-86e84b32abbd@group-598432169F60->26559c5d-eeb2-413a-b661-4afee7d58202(c-1,m0,n1, attendVote=true, lastRpcSendTime=9, lastRpcResponseTime=5226) yet, just keep nextIndex unchanged and retry.
2023-01-09 20:09:53,819 [cbda9cd1-c9bf-468c-9ce3-2b320cdae76d-server-thread1] INFO  ratis.XceiverServerRatis (XceiverServerRatis.java:handleLeaderChangedNotification(904)) - Leader change notification received for group: group-598432169F60 with new leaderId: 93b0d557-27ed-4241-a042-86e84b32abbd
2023-01-09 20:09:53,819 [cbda9cd1-c9bf-468c-9ce3-2b320cdae76d-server-thread1] INFO  server.RaftServer$Division (ServerState.java:setLeader(313)) - cbda9cd1-c9bf-468c-9ce3-2b320cdae76d@group-598432169F60: change Leader from null to 93b0d557-27ed-4241-a042-86e84b32abbd at term 2 for appendEntries, leader elected after 10170ms
2023-01-09 20:09:53,827 [cbda9cd1-c9bf-468c-9ce3-2b320cdae76d-server-thread1] INFO  server.RaftServer$Division (ServerState.java:setRaftConf(430)) - cbda9cd1-c9bf-468c-9ce3-2b320cdae76d@group-598432169F60: set configuration 0: peers:[93b0d557-27ed-4241-a042-86e84b32abbd|rpc:10.1.0.27:38305|dataStream:10.1.0.27:40935|priority:0|startupRole:FOLLOWER, cbda9cd1-c9bf-468c-9ce3-2b320cdae76d|rpc:10.1.0.27:39195|dataStream:10.1.0.27:44727|priority:0|startupRole:FOLLOWER, 26559c5d-eeb2-413a-b661-4afee7d58202|rpc:10.1.0.27:44647|dataStream:10.1.0.27:46099|priority:1|startupRole:FOLLOWER]|listeners:[], old=null
2023-01-09 20:09:53,827 [EventQueue-StaleNodeForStaleNodeHandler] INFO  node.StaleNodeHandler (StaleNodeHandler.java:onMessage(59)) - Datanode 26559c5d-eeb2-413a-b661-4afee7d58202{ip: 10.1.0.27, host: fv-az457-50.3faczmgjfduuxnksfsdf43hgfa.dx.internal.cloudapp.net, ports: [REPLICATION=46287, RATIS=44647, RATIS_ADMIN=44647, RATIS_SERVER=44647, RATIS_DATASTREAM=46099, STANDALONE=35933], networkLocation: /default-rack, certSerialId: null, persistedOpState: IN_SERVICE, persistedOpStateExpiryEpochSec: 0} moved to stale state. Finalizing its pipelines [PipelineID=cf2e784e-7772-45ba-87c5-9c925ea0c3aa, PipelineID=072de9a2-1de7-4e13-a23f-598432169f60, PipelineID=add362f7-6a42-41c6-baf9-07394da6e32a, PipelineID=50c05c9d-8cfa-4c46-bca2-d8c695aa2570]
2023-01-09 20:09:53,827 [cbda9cd1-c9bf-468c-9ce3-2b320cdae76d-server-thread1] INFO  segmented.SegmentedRaftLogWorker (SegmentedRaftLogWorker.java:startLogSegment(452)) - cbda9cd1-c9bf-468c-9ce3-2b320cdae76d@group-598432169F60-SegmentedRaftLogWorker: Starting segment from index:0
2023-01-09 20:09:53,830 [cbda9cd1-c9bf-468c-9ce3-2b320cdae76d@group-598432169F60-SegmentedRaftLogWorker] INFO  segmented.SegmentedRaftLogWorker (SegmentedRaftLogWorker.java:execute(656)) - cbda9cd1-c9bf-468c-9ce3-2b320cdae76d@group-598432169F60-SegmentedRaftLogWorker: created new log segment /home/runner/work/ozone/ozone/hadoop-ozone/integration-test/target/test-dir/MiniOzoneClusterImpl-dc953f1b-8f43-4e25-a114-36b3b0290d25/datanode-5/data/ratis/072de9a2-1de7-4e13-a23f-598432169f60/current/log_inprogress_0
2023-01-09 20:09:53,832 [EventQueue-StaleNodeForStaleNodeHandler] INFO  pipeline.PipelineManagerImpl (PipelineManagerImpl.java:closePipeline(442)) - Pipeline Pipeline[ Id: cf2e784e-7772-45ba-87c5-9c925ea0c3aa, Nodes: 26559c5d-eeb2-413a-b661-4afee7d58202{ip: 10.1.0.27, host: fv-az457-50.3faczmgjfduuxnksfsdf43hgfa.dx.internal.cloudapp.net, ports: [REPLICATION=46287, RATIS=44647, RATIS_ADMIN=44647, RATIS_SERVER=44647, RATIS_DATASTREAM=46099, STANDALONE=35933], networkLocation: /default-rack, certSerialId: null, persistedOpState: IN_SERVICE, persistedOpStateExpiryEpochSec: 0}, ReplicationConfig: RATIS/ONE, State:OPEN, leaderId:26559c5d-eeb2-413a-b661-4afee7d58202, CreationTimestamp2023-01-09T20:09:40.794Z[Etc/UTC]] moved to CLOSED state
2023-01-09 20:09:53,835 [EventQueue-StaleNodeForStaleNodeHandler] INFO  pipeline.PipelineManagerImpl (PipelineManagerImpl.java:closePipeline(442)) - Pipeline Pipeline[ Id: 072de9a2-1de7-4e13-a23f-598432169f60, Nodes: 26559c5d-eeb2-413a-b661-4afee7d58202{ip: 10.1.0.27, host: fv-az457-50.3faczmgjfduuxnksfsdf43hgfa.dx.internal.cloudapp.net, ports: [REPLICATION=46287, RATIS=44647, RATIS_ADMIN=44647, RATIS_SERVER=44647, RATIS_DATASTREAM=46099, STANDALONE=35933], networkLocation: /default-rack, certSerialId: null, persistedOpState: IN_SERVICE, persistedOpStateExpiryEpochSec: 0}93b0d557-27ed-4241-a042-86e84b32abbd{ip: 10.1.0.27, host: fv-az457-50.3faczmgjfduuxnksfsdf43hgfa.dx.internal.cloudapp.net, ports: [REPLICATION=40931, RATIS=38305, RATIS_ADMIN=38305, RATIS_SERVER=38305, RATIS_DATASTREAM=40935, STANDALONE=42833], networkLocation: /default-rack, certSerialId: null, persistedOpState: IN_SERVICE, persistedOpStateExpiryEpochSec: 0}cbda9cd1-c9bf-468c-9ce3-2b320cdae76d{ip: 10.1.0.27, host: fv-az457-50.3faczmgjfduuxnksfsdf43hgfa.dx.internal.cloudapp.net, ports: [REPLICATION=37745, RATIS=39195, RATIS_ADMIN=39195, RATIS_SERVER=39195, RATIS_DATASTREAM=44727, STANDALONE=39025], networkLocation: /default-rack, certSerialId: null, persistedOpState: IN_SERVICE, persistedOpStateExpiryEpochSec: 0}, ReplicationConfig: RATIS/THREE, State:OPEN, leaderId:93b0d557-27ed-4241-a042-86e84b32abbd, CreationTimestamp2023-01-09T20:09:41.291Z[Etc/UTC]] moved to CLOSED state
2023-01-09 20:09:53,840 [EventQueue-StaleNodeForStaleNodeHandler] INFO  pipeline.PipelineManagerImpl (PipelineManagerImpl.java:closeContainersForPipeline(421)) - Container #1 closed for pipeline=PipelineID=add362f7-6a42-41c6-baf9-07394da6e32a
2023-01-09 20:09:53,840 [EventQueue-StaleNodeForStaleNodeHandler] INFO  pipeline.PipelineManagerImpl (PipelineManagerImpl.java:closePipeline(442)) - Pipeline Pipeline[ Id: add362f7-6a42-41c6-baf9-07394da6e32a, Nodes: 26559c5d-eeb2-413a-b661-4afee7d58202{ip: 10.1.0.27, host: fv-az457-50.3faczmgjfduuxnksfsdf43hgfa.dx.internal.cloudapp.net, ports: [REPLICATION=46287, RATIS=44647, RATIS_ADMIN=44647, RATIS_SERVER=44647, RATIS_DATASTREAM=46099, STANDALONE=35933], networkLocation: /default-rack, certSerialId: null, persistedOpState: null, persistedOpStateExpiryEpochSec: 0}51369307-b0de-40aa-9d6f-41f84e1cecb7{ip: 10.1.0.27, host: fv-az457-50.3faczmgjfduuxnksfsdf43hgfa.dx.internal.cloudapp.net, ports: [REPLICATION=42229, RATIS=44083, RATIS_ADMIN=44083, RATIS_SERVER=44083, RATIS_DATASTREAM=33005, STANDALONE=42355], networkLocation: /default-rack, certSerialId: null, persistedOpState: null, persistedOpStateExpiryEpochSec: 0}37be314e-42cf-4ee9-a18e-baad7075c611{ip: 10.1.0.27, host: fv-az457-50.3faczmgjfduuxnksfsdf43hgfa.dx.internal.cloudapp.net, ports: [REPLICATION=37507, RATIS=32955, RATIS_ADMIN=32955, RATIS_SERVER=32955, RATIS_DATASTREAM=45453, STANDALONE=41409], networkLocation: /default-rack, certSerialId: null, persistedOpState: null, persistedOpStateExpiryEpochSec: 0}93b0d557-27ed-4241-a042-86e84b32abbd{ip: 10.1.0.27, host: fv-az457-50.3faczmgjfduuxnksfsdf43hgfa.dx.internal.cloudapp.net, ports: [REPLICATION=40931, RATIS=38305, RATIS_ADMIN=38305, RATIS_SERVER=38305, RATIS_DATASTREAM=40935, STANDALONE=42833], networkLocation: /default-rack, certSerialId: null, persistedOpState: null, persistedOpStateExpiryEpochSec: 0}11dbea26-f97e-4766-b357-e6f8c74d2a9f{ip: 10.1.0.27, host: fv-az457-50.3faczmgjfduuxnksfsdf43hgfa.dx.internal.cloudapp.net, ports: [REPLICATION=45451, RATIS=34435, RATIS_ADMIN=34435, RATIS_SERVER=34435, RATIS_DATASTREAM=45933, STANDALONE=33343], networkLocation: /default-rack, certSerialId: null, persistedOpState: null, persistedOpStateExpiryEpochSec: 0}, ReplicationConfig: EC/ECReplicationConfig{data=3, parity=2, ecChunkSize=1024, codec=rs}, State:OPEN, leaderId:, CreationTimestamp2023-01-09T20:09:50.295Z[Etc/UTC]] moved to CLOSED state
2023-01-09 20:09:53,841 [EventQueue-StaleNodeForStaleNodeHandler] INFO  pipeline.PipelineManagerImpl (PipelineManagerImpl.java:closePipeline(442)) - Pipeline Pipeline[ Id: 50c05c9d-8cfa-4c46-bca2-d8c695aa2570, Nodes: 26559c5d-eeb2-413a-b661-4afee7d58202{ip: 10.1.0.27, host: fv-az457-50.3faczmgjfduuxnksfsdf43hgfa.dx.internal.cloudapp.net, ports: [REPLICATION=46287, RATIS=44647, RATIS_ADMIN=44647, RATIS_SERVER=44647, RATIS_DATASTREAM=46099, STANDALONE=35933], networkLocation: /default-rack, certSerialId: null, persistedOpState: IN_SERVICE, persistedOpStateExpiryEpochSec: 0}cbda9cd1-c9bf-468c-9ce3-2b320cdae76d{ip: 10.1.0.27, host: fv-az457-50.3faczmgjfduuxnksfsdf43hgfa.dx.internal.cloudapp.net, ports: [REPLICATION=37745, RATIS=39195, RATIS_ADMIN=39195, RATIS_SERVER=39195, RATIS_DATASTREAM=44727, STANDALONE=39025], networkLocation: /default-rack, certSerialId: null, persistedOpState: IN_SERVICE, persistedOpStateExpiryEpochSec: 0}93b0d557-27ed-4241-a042-86e84b32abbd{ip: 10.1.0.27, host: fv-az457-50.3faczmgjfduuxnksfsdf43hgfa.dx.internal.cloudapp.net, ports: [REPLICATION=40931, RATIS=38305, RATIS_ADMIN=38305, RATIS_SERVER=38305, RATIS_DATASTREAM=40935, STANDALONE=42833], networkLocation: /default-rack, certSerialId: null, persistedOpState: IN_SERVICE, persistedOpStateExpiryEpochSec: 0}, ReplicationConfig: RATIS/THREE, State:ALLOCATED, leaderId:, CreationTimestamp2023-01-09T20:09:41.294Z[Etc/UTC]] moved to CLOSED state
2023-01-09 20:09:53,841 [EventQueue-CloseContainerForCloseContainerEventHandler] INFO  container.CloseContainerEventHandler (CloseContainerEventHandler.java:onMessage(73)) - Close container Event triggered for container : #1, current state: CLOSING
2023-01-09 20:09:54,329 [cbda9cd1-c9bf-468c-9ce3-2b320cdae76d@group-D8C695AA2570-FollowerState] INFO  impl.FollowerState (FollowerState.java:run(143)) - cbda9cd1-c9bf-468c-9ce3-2b320cdae76d@group-D8C695AA2570-FollowerState: change to CANDIDATE, lastRpcElapsedTime:5105478938ns, electionTimeout:5093ms
2023-01-09 20:09:54,329 [cbda9cd1-c9bf-468c-9ce3-2b320cdae76d@group-D8C695AA2570-FollowerState] INFO  impl.RoleInfo (RoleInfo.java:shutdownFollowerState(110)) - cbda9cd1-c9bf-468c-9ce3-2b320cdae76d: shutdown cbda9cd1-c9bf-468c-9ce3-2b320cdae76d@group-D8C695AA2570-FollowerState
2023-01-09 20:09:54,330 [cbda9cd1-c9bf-468c-9ce3-2b320cdae76d@group-D8C695AA2570-FollowerState] INFO  server.RaftServer$Division (RaftServerImpl.java:setRole(321)) - cbda9cd1-c9bf-468c-9ce3-2b320cdae76d@group-D8C695AA2570: changes role from  FOLLOWER to CANDIDATE at term 1 for changeToCandidate
2023-01-09 20:09:54,330 [cbda9cd1-c9bf-468c-9ce3-2b320cdae76d@group-D8C695AA2570-FollowerState] INFO  server.RaftServerConfigKeys (ConfUtils.java:logGet(46)) - raft.server.leaderelection.pre-vote = false (custom)
2023-01-09 20:09:54,330 [cbda9cd1-c9bf-468c-9ce3-2b320cdae76d@group-D8C695AA2570-FollowerState] INFO  impl.RoleInfo (RoleInfo.java:updateAndGet(139)) - cbda9cd1-c9bf-468c-9ce3-2b320cdae76d: start cbda9cd1-c9bf-468c-9ce3-2b320cdae76d@group-D8C695AA2570-LeaderElection22
2023-01-09 20:09:54,334 [cbda9cd1-c9bf-468c-9ce3-2b320cdae76d@group-D8C695AA2570-LeaderElection22] INFO  impl.LeaderElection (LeaderElection.java:askForVotes(312)) - cbda9cd1-c9bf-468c-9ce3-2b320cdae76d@group-D8C695AA2570-LeaderElection22 ELECTION round 0: submit vote requests at term 2 for -1: peers:[93b0d557-27ed-4241-a042-86e84b32abbd|rpc:10.1.0.27:38305|dataStream:10.1.0.27:40935|priority:0|startupRole:FOLLOWER, cbda9cd1-c9bf-468c-9ce3-2b320cdae76d|rpc:10.1.0.27:39195|dataStream:10.1.0.27:44727|priority:1|startupRole:FOLLOWER, 26559c5d-eeb2-413a-b661-4afee7d58202|rpc:10.1.0.27:44647|dataStream:10.1.0.27:46099|priority:0|startupRole:FOLLOWER]|listeners:[], old=null
2023-01-09 20:09:54,334 [cbda9cd1-c9bf-468c-9ce3-2b320cdae76d@group-D8C695AA2570-LeaderElection22-1] INFO  server.GrpcServerProtocolClient (GrpcServerProtocolClient.java:<init>(63)) - Build channel for 93b0d557-27ed-4241-a042-86e84b32abbd
2023-01-09 20:09:54,343 [cbda9cd1-c9bf-468c-9ce3-2b320cdae76d@group-D8C695AA2570-LeaderElection22] INFO  server.RaftServerConfigKeys (ConfUtils.java:logFallback(53)) - raft.server.rpc.first-election.timeout.min = 5s (fallback to raft.server.rpc.timeout.min)
2023-01-09 20:09:54,343 [cbda9cd1-c9bf-468c-9ce3-2b320cdae76d@group-D8C695AA2570-LeaderElection22] INFO  server.RaftServerConfigKeys (ConfUtils.java:logFallback(53)) - raft.server.rpc.first-election.timeout.max = 5200ms (fallback to raft.server.rpc.timeout.max)
2023-01-09 20:09:54,346 [cbda9cd1-c9bf-468c-9ce3-2b320cdae76d@group-D8C695AA2570-LeaderElection22-2] INFO  server.GrpcServerProtocolClient (GrpcServerProtocolClient.java:<init>(63)) - Build channel for 26559c5d-eeb2-413a-b661-4afee7d58202
2023-01-09 20:09:54,350 [grpc-default-executor-1] INFO  server.RaftServer$Division (RaftServerImpl.java:requestVote(1218)) - 93b0d557-27ed-4241-a042-86e84b32abbd@group-D8C695AA2570: receive requestVote(ELECTION, cbda9cd1-c9bf-468c-9ce3-2b320cdae76d, group-D8C695AA2570, 2, (t:0, i:0))
2023-01-09 20:09:54,350 [grpc-default-executor-1] INFO  impl.VoteContext (VoteContext.java:log(49)) - 93b0d557-27ed-4241-a042-86e84b32abbd@group-D8C695AA2570-FOLLOWER: accept ELECTION from cbda9cd1-c9bf-468c-9ce3-2b320cdae76d: our priority 0 <= candidate's priority 1
2023-01-09 20:09:54,350 [grpc-default-executor-1] INFO  server.RaftServer$Division (RaftServerImpl.java:setRole(321)) - 93b0d557-27ed-4241-a042-86e84b32abbd@group-D8C695AA2570: changes role from  FOLLOWER to FOLLOWER at term 2 for candidate:cbda9cd1-c9bf-468c-9ce3-2b320cdae76d
2023-01-09 20:09:54,350 [grpc-default-executor-1] INFO  impl.RoleInfo (RoleInfo.java:shutdownFollowerState(110)) - 93b0d557-27ed-4241-a042-86e84b32abbd: shutdown 93b0d557-27ed-4241-a042-86e84b32abbd@group-D8C695AA2570-FollowerState
2023-01-09 20:09:54,350 [grpc-default-executor-1] INFO  impl.RoleInfo (RoleInfo.java:updateAndGet(139)) - 93b0d557-27ed-4241-a042-86e84b32abbd: start 93b0d557-27ed-4241-a042-86e84b32abbd@group-D8C695AA2570-FollowerState
2023-01-09 20:09:54,350 [93b0d557-27ed-4241-a042-86e84b32abbd@group-D8C695AA2570-FollowerState] INFO  impl.FollowerState (FollowerState.java:run(152)) - 93b0d557-27ed-4241-a042-86e84b32abbd@group-D8C695AA2570-FollowerState was interrupted
2023-01-09 20:09:54,355 [grpc-default-executor-1] INFO  server.RaftServer$Division (RaftServerImpl.java:requestVote(1251)) - 93b0d557-27ed-4241-a042-86e84b32abbd@group-D8C695AA2570 replies to ELECTION vote request: cbda9cd1-c9bf-468c-9ce3-2b320cdae76d<-93b0d557-27ed-4241-a042-86e84b32abbd#0:OK-t2. Peer's state: 93b0d557-27ed-4241-a042-86e84b32abbd@group-D8C695AA2570:t2, leader=null, voted=cbda9cd1-c9bf-468c-9ce3-2b320cdae76d, raftlog=Memoized:93b0d557-27ed-4241-a042-86e84b32abbd@group-D8C695AA2570-SegmentedRaftLog:OPENED:c-1, conf=-1: peers:[93b0d557-27ed-4241-a042-86e84b32abbd|rpc:10.1.0.27:38305|dataStream:10.1.0.27:40935|priority:0|startupRole:FOLLOWER, cbda9cd1-c9bf-468c-9ce3-2b320cdae76d|rpc:10.1.0.27:39195|dataStream:10.1.0.27:44727|priority:1|startupRole:FOLLOWER, 26559c5d-eeb2-413a-b661-4afee7d58202|rpc:10.1.0.27:44647|dataStream:10.1.0.27:46099|priority:0|startupRole:FOLLOWER]|listeners:[], old=null
2023-01-09 20:09:54,356 [93b0d557-27ed-4241-a042-86e84b32abbd@group-D8C695AA2570-FollowerState] INFO  server.RaftServerConfigKeys (ConfUtils.java:logFallback(53)) - raft.server.rpc.first-election.timeout.min = 5s (fallback to raft.server.rpc.timeout.min)
2023-01-09 20:09:54,356 [93b0d557-27ed-4241-a042-86e84b32abbd@group-D8C695AA2570-FollowerState] INFO  server.RaftServerConfigKeys (ConfUtils.java:logFallback(53)) - raft.server.rpc.first-election.timeout.max = 5200ms (fallback to raft.server.rpc.timeout.max)
2023-01-09 20:09:54,358 [cbda9cd1-c9bf-468c-9ce3-2b320cdae76d@group-D8C695AA2570-LeaderElection22] INFO  impl.LeaderElection (LeaderElection.java:logAndReturn(90)) - cbda9cd1-c9bf-468c-9ce3-2b320cdae76d@group-D8C695AA2570-LeaderElection22: ELECTION PASSED received 1 response(s) and 0 exception(s):
2023-01-09 20:09:54,358 [cbda9cd1-c9bf-468c-9ce3-2b320cdae76d@group-D8C695AA2570-LeaderElection22] INFO  impl.LeaderElection (LeaderElection.java:logAndReturn(94)) -   Response 0: cbda9cd1-c9bf-468c-9ce3-2b320cdae76d<-93b0d557-27ed-4241-a042-86e84b32abbd#0:OK-t2
2023-01-09 20:09:54,358 [cbda9cd1-c9bf-468c-9ce3-2b320cdae76d@group-D8C695AA2570-LeaderElection22] INFO  impl.LeaderElection (LeaderElection.java:askForVotes(314)) - cbda9cd1-c9bf-468c-9ce3-2b320cdae76d@group-D8C695AA2570-LeaderElection22 ELECTION round 0: result PASSED
2023-01-09 20:09:54,358 [cbda9cd1-c9bf-468c-9ce3-2b320cdae76d@group-D8C695AA2570-LeaderElection22] INFO  impl.RoleInfo (RoleInfo.java:shutdownLeaderElection(130)) - cbda9cd1-c9bf-468c-9ce3-2b320cdae76d: shutdown cbda9cd1-c9bf-468c-9ce3-2b320cdae76d@group-D8C695AA2570-LeaderElection22
2023-01-09 20:09:54,358 [cbda9cd1-c9bf-468c-9ce3-2b320cdae76d@group-D8C695AA2570-LeaderElection22] INFO  server.RaftServer$Division (RaftServerImpl.java:setRole(321)) - cbda9cd1-c9bf-468c-9ce3-2b320cdae76d@group-D8C695AA2570: changes role from CANDIDATE to LEADER at term 2 for changeToLeader
2023-01-09 20:09:54,358 [cbda9cd1-c9bf-468c-9ce3-2b320cdae76d@group-D8C695AA2570-LeaderElection22] INFO  ratis.XceiverServerRatis (XceiverServerRatis.java:handleLeaderChangedNotification(904)) - Leader change notification received for group: group-D8C695AA2570 with new leaderId: cbda9cd1-c9bf-468c-9ce3-2b320cdae76d
2023-01-09 20:09:54,359 [cbda9cd1-c9bf-468c-9ce3-2b320cdae76d@group-D8C695AA2570-LeaderElection22] INFO  server.RaftServer$Division (ServerState.java:setLeader(313)) - cbda9cd1-c9bf-468c-9ce3-2b320cdae76d@group-D8C695AA2570: change Leader from null to cbda9cd1-c9bf-468c-9ce3-2b320cdae76d at term 2 for becomeLeader, leader elected after 10159ms
2023-01-09 20:09:54,359 [cbda9cd1-c9bf-468c-9ce3-2b320cdae76d@group-D8C695AA2570-LeaderElection22] INFO  server.RaftServerConfigKeys (ConfUtils.java:logGet(46)) - raft.server.staging.catchup.gap = 1000 (default)
2023-01-09 20:09:54,359 [cbda9cd1-c9bf-468c-9ce3-2b320cdae76d@group-D8C695AA2570-LeaderElection22] INFO  server.RaftServerConfigKeys (ConfUtils.java:logGet(46)) - raft.server.write.element-limit = 1024 (custom)
2023-01-09 20:09:54,359 [cbda9cd1-c9bf-468c-9ce3-2b320cdae76d@group-D8C695AA2570-LeaderElection22] INFO  server.RaftServerConfigKeys (ConfUtils.java:logGet(46)) - raft.server.write.byte-limit = 1024 M (=1073741824) (custom)
2023-01-09 20:09:54,360 [cbda9cd1-c9bf-468c-9ce3-2b320cdae76d@group-D8C695AA2570-LeaderElection22] INFO  server.RaftServerConfigKeys (ConfUtils.java:logGet(46)) - raft.server.watch.timeout = 180s (custom)
2023-01-09 20:09:54,360 [cbda9cd1-c9bf-468c-9ce3-2b320cdae76d@group-D8C695AA2570-LeaderElection22] INFO  server.RaftServerConfigKeys (ConfUtils.java:logGet(46)) - raft.server.watch.timeout.denomination = 1s (default)
2023-01-09 20:09:54,360 [cbda9cd1-c9bf-468c-9ce3-2b320cdae76d@group-D8C695AA2570-LeaderElection22] INFO  server.RaftServerConfigKeys (ConfUtils.java:logGet(46)) - raft.server.watch.element-limit = 65536 (default)
2023-01-09 20:09:54,360 [cbda9cd1-c9bf-468c-9ce3-2b320cdae76d@group-D8C695AA2570-LeaderElection22] INFO  server.RaftServerConfigKeys (ConfUtils.java:logGet(46)) - raft.server.write.element-limit = 1024 (custom)
2023-01-09 20:09:54,360 [cbda9cd1-c9bf-468c-9ce3-2b320cdae76d@group-D8C695AA2570-LeaderElection22] INFO  server.RaftServerConfigKeys (ConfUtils.java:logGet(46)) - raft.server.write.follower.gap.ratio.max = -1.0 (default)
2023-01-09 20:09:54,361 [cbda9cd1-c9bf-468c-9ce3-2b320cdae76d@group-D8C695AA2570-LeaderElection22] INFO  server.RaftServerConfigKeys (ConfUtils.java:logGet(46)) - raft.server.log.appender.snapshot.chunk.size.max = 16MB (=16777216) (default)
2023-01-09 20:09:54,361 [cbda9cd1-c9bf-468c-9ce3-2b320cdae76d@group-D8C695AA2570-LeaderElection22] INFO  server.RaftServerConfigKeys (ConfUtils.java:logGet(46)) - raft.server.log.appender.buffer.byte-limit = 33554432 (custom)
2023-01-09 20:09:54,365 [cbda9cd1-c9bf-468c-9ce3-2b320cdae76d@group-D8C695AA2570-LeaderElection22] INFO  server.RaftServerConfigKeys (ConfUtils.java:logGet(46)) - raft.server.log.appender.buffer.element-limit = 1 (custom)
2023-01-09 20:09:54,365 [cbda9cd1-c9bf-468c-9ce3-2b320cdae76d@group-D8C695AA2570-LeaderElection22] INFO  grpc.GrpcConfigKeys (ConfUtils.java:logGet(46)) - raft.grpc.server.leader.outstanding.appends.max = 128 (default)
2023-01-09 20:09:54,365 [cbda9cd1-c9bf-468c-9ce3-2b320cdae76d@group-D8C695AA2570-LeaderElection22] INFO  server.RaftServerConfigKeys (ConfUtils.java:logGet(46)) - raft.server.rpc.request.timeout = 60s (custom)
2023-01-09 20:09:54,365 [cbda9cd1-c9bf-468c-9ce3-2b320cdae76d@group-D8C695AA2570-LeaderElection22] INFO  server.RaftServerConfigKeys (ConfUtils.java:logGet(46)) - raft.server.log.appender.install.snapshot.enabled = false (custom)
2023-01-09 20:09:54,365 [cbda9cd1-c9bf-468c-9ce3-2b320cdae76d@group-D8C695AA2570-LeaderElection22] INFO  grpc.GrpcConfigKeys (ConfUtils.java:logGet(46)) - raft.grpc.server.heartbeat.channel = true (default)
2023-01-09 20:09:54,365 [cbda9cd1-c9bf-468c-9ce3-2b320cdae76d@group-D8C695AA2570-LeaderElection22] INFO  server.RaftServerConfigKeys (ConfUtils.java:logGet(46)) - raft.server.log.appender.wait-time.min = 10ms (default)
2023-01-09 20:09:54,366 [cbda9cd1-c9bf-468c-9ce3-2b320cdae76d@group-D8C695AA2570-LeaderElection22] INFO  server.RaftServerConfigKeys (ConfUtils.java:logGet(46)) - raft.server.log.appender.snapshot.chunk.size.max = 16MB (=16777216) (default)
2023-01-09 20:09:54,366 [cbda9cd1-c9bf-468c-9ce3-2b320cdae76d@group-D8C695AA2570-LeaderElection22] INFO  server.RaftServerConfigKeys (ConfUtils.java:logGet(46)) - raft.server.log.appender.buffer.byte-limit = 33554432 (custom)
2023-01-09 20:09:54,366 [cbda9cd1-c9bf-468c-9ce3-2b320cdae76d@group-D8C695AA2570-LeaderElection22] INFO  server.RaftServerConfigKeys (ConfUtils.java:logGet(46)) - raft.server.log.appender.buffer.element-limit = 1 (custom)
2023-01-09 20:09:54,366 [cbda9cd1-c9bf-468c-9ce3-2b320cdae76d@group-D8C695AA2570-LeaderElection22] INFO  grpc.GrpcConfigKeys (ConfUtils.java:logGet(46)) - raft.grpc.server.leader.outstanding.appends.max = 128 (default)
2023-01-09 20:09:54,366 [cbda9cd1-c9bf-468c-9ce3-2b320cdae76d@group-D8C695AA2570-LeaderElection22] INFO  server.RaftServerConfigKeys (ConfUtils.java:logGet(46)) - raft.server.rpc.request.timeout = 60s (custom)
2023-01-09 20:09:54,366 [cbda9cd1-c9bf-468c-9ce3-2b320cdae76d@group-D8C695AA2570-LeaderElection22] INFO  server.RaftServerConfigKeys (ConfUtils.java:logGet(46)) - raft.server.log.appender.install.snapshot.enabled = false (custom)
2023-01-09 20:09:54,366 [cbda9cd1-c9bf-468c-9ce3-2b320cdae76d@group-D8C695AA2570-LeaderElection22] INFO  grpc.GrpcConfigKeys (ConfUtils.java:logGet(46)) - raft.grpc.server.heartbeat.channel = true (default)
2023-01-09 20:09:54,366 [cbda9cd1-c9bf-468c-9ce3-2b320cdae76d@group-D8C695AA2570-LeaderElection22] INFO  server.RaftServerConfigKeys (ConfUtils.java:logGet(46)) - raft.server.log.appender.wait-time.min = 10ms (default)
2023-01-09 20:09:54,367 [cbda9cd1-c9bf-468c-9ce3-2b320cdae76d@group-D8C695AA2570-LeaderElection22] INFO  impl.RoleInfo (RoleInfo.java:updateAndGet(139)) - cbda9cd1-c9bf-468c-9ce3-2b320cdae76d: start cbda9cd1-c9bf-468c-9ce3-2b320cdae76d@group-D8C695AA2570-LeaderStateImpl
2023-01-09 20:09:54,367 [cbda9cd1-c9bf-468c-9ce3-2b320cdae76d@group-D8C695AA2570-LeaderElection22] INFO  segmented.SegmentedRaftLogWorker (SegmentedRaftLogWorker.java:startLogSegment(452)) - cbda9cd1-c9bf-468c-9ce3-2b320cdae76d@group-D8C695AA2570-SegmentedRaftLogWorker: Starting segment from index:0
2023-01-09 20:09:54,373 [cbda9cd1-c9bf-468c-9ce3-2b320cdae76d@group-D8C695AA2570-SegmentedRaftLogWorker] INFO  segmented.SegmentedRaftLogWorker (SegmentedRaftLogWorker.java:execute(656)) - cbda9cd1-c9bf-468c-9ce3-2b320cdae76d@group-D8C695AA2570-SegmentedRaftLogWorker: created new log segment /home/runner/work/ozone/ozone/hadoop-ozone/integration-test/target/test-dir/MiniOzoneClusterImpl-dc953f1b-8f43-4e25-a114-36b3b0290d25/datanode-5/data/ratis/50c05c9d-8cfa-4c46-bca2-d8c695aa2570/current/log_inprogress_0
2023-01-09 20:09:54,383 [cbda9cd1-c9bf-468c-9ce3-2b320cdae76d@group-D8C695AA2570-LeaderElection22] INFO  server.RaftServer$Division (ServerState.java:setRaftConf(430)) - cbda9cd1-c9bf-468c-9ce3-2b320cdae76d@group-D8C695AA2570: set configuration 0: peers:[93b0d557-27ed-4241-a042-86e84b32abbd|rpc:10.1.0.27:38305|dataStream:10.1.0.27:40935|priority:0|startupRole:FOLLOWER, cbda9cd1-c9bf-468c-9ce3-2b320cdae76d|rpc:10.1.0.27:39195|dataStream:10.1.0.27:44727|priority:1|startupRole:FOLLOWER, 26559c5d-eeb2-413a-b661-4afee7d58202|rpc:10.1.0.27:44647|dataStream:10.1.0.27:46099|priority:0|startupRole:FOLLOWER]|listeners:[], old=null
2023-01-09 20:09:54,401 [93b0d557-27ed-4241-a042-86e84b32abbd-server-thread1] INFO  ratis.XceiverServerRatis (XceiverServerRatis.java:handleLeaderChangedNotification(904)) - Leader change notification received for group: group-D8C695AA2570 with new leaderId: cbda9cd1-c9bf-468c-9ce3-2b320cdae76d
2023-01-09 20:09:54,401 [93b0d557-27ed-4241-a042-86e84b32abbd-server-thread1] INFO  server.RaftServer$Division (ServerState.java:setLeader(313)) - 93b0d557-27ed-4241-a042-86e84b32abbd@group-D8C695AA2570: change Leader from null to cbda9cd1-c9bf-468c-9ce3-2b320cdae76d at term 2 for appendEntries, leader elected after 10310ms
2023-01-09 20:09:54,402 [grpc-default-executor-6] WARN  server.GrpcLogAppender (LogUtils.java:warn(122)) - cbda9cd1-c9bf-468c-9ce3-2b320cdae76d@group-D8C695AA2570->26559c5d-eeb2-413a-b661-4afee7d58202-AppendLogResponseHandler: Failed appendEntries: org.apache.ratis.thirdparty.io.grpc.StatusRuntimeException: UNAVAILABLE: io exception
2023-01-09 20:09:54,406 [93b0d557-27ed-4241-a042-86e84b32abbd-server-thread3] INFO  server.RaftServer$Division (ServerState.java:setRaftConf(430)) - 93b0d557-27ed-4241-a042-86e84b32abbd@group-D8C695AA2570: set configuration 0: peers:[93b0d557-27ed-4241-a042-86e84b32abbd|rpc:10.1.0.27:38305|dataStream:10.1.0.27:40935|priority:0|startupRole:FOLLOWER, cbda9cd1-c9bf-468c-9ce3-2b320cdae76d|rpc:10.1.0.27:39195|dataStream:10.1.0.27:44727|priority:1|startupRole:FOLLOWER, 26559c5d-eeb2-413a-b661-4afee7d58202|rpc:10.1.0.27:44647|dataStream:10.1.0.27:46099|priority:0|startupRole:FOLLOWER]|listeners:[], old=null
2023-01-09 20:09:54,407 [93b0d557-27ed-4241-a042-86e84b32abbd-server-thread3] INFO  segmented.SegmentedRaftLogWorker (SegmentedRaftLogWorker.java:startLogSegment(452)) - 93b0d557-27ed-4241-a042-86e84b32abbd@group-D8C695AA2570-SegmentedRaftLogWorker: Starting segment from index:0
2023-01-09 20:09:54,409 [93b0d557-27ed-4241-a042-86e84b32abbd@group-D8C695AA2570-SegmentedRaftLogWorker] INFO  segmented.SegmentedRaftLogWorker (SegmentedRaftLogWorker.java:execute(656)) - 93b0d557-27ed-4241-a042-86e84b32abbd@group-D8C695AA2570-SegmentedRaftLogWorker: created new log segment /home/runner/work/ozone/ozone/hadoop-ozone/integration-test/target/test-dir/MiniOzoneClusterImpl-dc953f1b-8f43-4e25-a114-36b3b0290d25/datanode-3/data/ratis/50c05c9d-8cfa-4c46-bca2-d8c695aa2570/current/log_inprogress_0
2023-01-09 20:09:54,412 [grpc-default-executor-0] WARN  server.GrpcLogAppender (LogUtils.java:warn(122)) - cbda9cd1-c9bf-468c-9ce3-2b320cdae76d@group-D8C695AA2570->26559c5d-eeb2-413a-b661-4afee7d58202-AppendLogResponseHandler: Failed appendEntries: org.apache.ratis.thirdparty.io.grpc.StatusRuntimeException: UNAVAILABLE: io exception
2023-01-09 20:09:54,413 [grpc-default-executor-6] WARN  server.GrpcLogAppender (GrpcLogAppender.java:resetClient(131)) - cbda9cd1-c9bf-468c-9ce3-2b320cdae76d@group-D8C695AA2570->26559c5d-eeb2-413a-b661-4afee7d58202-GrpcLogAppender: Leader has not got in touch with Follower cbda9cd1-c9bf-468c-9ce3-2b320cdae76d@group-D8C695AA2570->26559c5d-eeb2-413a-b661-4afee7d58202(c-1,m0,n0, attendVote=true, lastRpcSendTime=5252, lastRpcResponseTime=5252) yet, just keep nextIndex unchanged and retry.
2023-01-09 20:09:54,418 [grpc-default-executor-0] WARN  server.GrpcLogAppender (GrpcLogAppender.java:resetClient(131)) - cbda9cd1-c9bf-468c-9ce3-2b320cdae76d@group-D8C695AA2570->26559c5d-eeb2-413a-b661-4afee7d58202-GrpcLogAppender: Leader has not got in touch with Follower cbda9cd1-c9bf-468c-9ce3-2b320cdae76d@group-D8C695AA2570->26559c5d-eeb2-413a-b661-4afee7d58202(c-1,m0,n0, attendVote=true, lastRpcSendTime=5257, lastRpcResponseTime=5257) yet, just keep nextIndex unchanged and retry.
2023-01-09 20:09:54,422 [grpc-default-executor-1] WARN  server.GrpcLogAppender (LogUtils.java:warn(122)) - cbda9cd1-c9bf-468c-9ce3-2b320cdae76d@group-D8C695AA2570->26559c5d-eeb2-413a-b661-4afee7d58202-AppendLogResponseHandler: Failed appendEntries: org.apache.ratis.thirdparty.io.grpc.StatusRuntimeException: UNAVAILABLE: io exception
2023-01-09 20:09:54,423 [grpc-default-executor-1] WARN  server.GrpcLogAppender (GrpcLogAppender.java:resetClient(131)) - cbda9cd1-c9bf-468c-9ce3-2b320cdae76d@group-D8C695AA2570->26559c5d-eeb2-413a-b661-4afee7d58202-GrpcLogAppender: Leader has not got in touch with Follower cbda9cd1-c9bf-468c-9ce3-2b320cdae76d@group-D8C695AA2570->26559c5d-eeb2-413a-b661-4afee7d58202(c-1,m0,n0, attendVote=true, lastRpcSendTime=4, lastRpcResponseTime=5262) yet, just keep nextIndex unchanged and retry.
2023-01-09 20:09:54,431 [grpc-default-executor-0] WARN  server.GrpcLogAppender (LogUtils.java:warn(122)) - cbda9cd1-c9bf-468c-9ce3-2b320cdae76d@group-D8C695AA2570->26559c5d-eeb2-413a-b661-4afee7d58202-AppendLogResponseHandler: Failed appendEntries: org.apache.ratis.thirdparty.io.grpc.StatusRuntimeException: UNAVAILABLE: io exception
2023-01-09 20:09:54,432 [grpc-default-executor-0] WARN  server.GrpcLogAppender (GrpcLogAppender.java:resetClient(131)) - cbda9cd1-c9bf-468c-9ce3-2b320cdae76d@group-D8C695AA2570->26559c5d-eeb2-413a-b661-4afee7d58202-GrpcLogAppender: Leader has not got in touch with Follower cbda9cd1-c9bf-468c-9ce3-2b320cdae76d@group-D8C695AA2570->26559c5d-eeb2-413a-b661-4afee7d58202(c-1,m0,n0, attendVote=true, lastRpcSendTime=13, lastRpcResponseTime=5271) yet, just keep nextIndex unchanged and retry.
2023-01-09 20:09:54,442 [grpc-default-executor-6] WARN  server.GrpcLogAppender (LogUtils.java:warn(122)) - cbda9cd1-c9bf-468c-9ce3-2b320cdae76d@group-D8C695AA2570->26559c5d-eeb2-413a-b661-4afee7d58202-AppendLogResponseHandler: Failed appendEntries: org.apache.ratis.thirdparty.io.grpc.StatusRuntimeException: UNAVAILABLE: io exception
2023-01-09 20:09:54,442 [grpc-default-executor-6] WARN  server.GrpcLogAppender (GrpcLogAppender.java:resetClient(131)) - cbda9cd1-c9bf-468c-9ce3-2b320cdae76d@group-D8C695AA2570->26559c5d-eeb2-413a-b661-4afee7d58202-GrpcLogAppender: Leader has not got in touch with Follower cbda9cd1-c9bf-468c-9ce3-2b320cdae76d@group-D8C695AA2570->26559c5d-eeb2-413a-b661-4afee7d58202(c-1,m0,n1, attendVote=true, lastRpcSendTime=10, lastRpcResponseTime=5282) yet, just keep nextIndex unchanged and retry.
2023-01-09 20:09:54,444 [grpc-default-executor-1] WARN  server.GrpcLogAppender (LogUtils.java:warn(122)) - cbda9cd1-c9bf-468c-9ce3-2b320cdae76d@group-D8C695AA2570->26559c5d-eeb2-413a-b661-4afee7d58202-AppendLogResponseHandler: Failed appendEntries: org.apache.ratis.thirdparty.io.grpc.StatusRuntimeException: UNAVAILABLE: io exception
2023-01-09 20:09:54,444 [grpc-default-executor-1] WARN  server.GrpcLogAppender (GrpcLogAppender.java:resetClient(131)) - cbda9cd1-c9bf-468c-9ce3-2b320cdae76d@group-D8C695AA2570->26559c5d-eeb2-413a-b661-4afee7d58202-GrpcLogAppender: Leader has not got in touch with Follower cbda9cd1-c9bf-468c-9ce3-2b320cdae76d@group-D8C695AA2570->26559c5d-eeb2-413a-b661-4afee7d58202(c-1,m0,n1, attendVote=true, lastRpcSendTime=12, lastRpcResponseTime=5284) yet, just keep nextIndex unchanged and retry.
2023-01-09 20:09:54,481 [Command processor thread] INFO  keyvalue.KeyValueContainer (KeyValueContainer.java:flushAndSyncDB(437)) - Container 1 is synced with bcsId 0.
2023-01-09 20:09:54,481 [Command processor thread] INFO  keyvalue.KeyValueContainer (KeyValueContainer.java:flushAndSyncDB(437)) - Container 1 is synced with bcsId 0.
2023-01-09 20:09:54,487 [Command processor thread] INFO  keyvalue.KeyValueContainer (KeyValueContainer.java:close(352)) - Container 1 is closed with bcsId 0.
2023-01-09 20:09:54,489 [FixedThreadPoolWithAffinityExecutor-1-0] INFO  container.IncrementalContainerReportHandler (AbstractContainerReportHandler.java:updateContainerState(292)) - Moving container #1 to CLOSED state, datanode 11dbea26-f97e-4766-b357-e6f8c74d2a9f{ip: 10.1.0.27, host: fv-az457-50.3faczmgjfduuxnksfsdf43hgfa.dx.internal.cloudapp.net, ports: [REPLICATION=45451, RATIS=34435, RATIS_ADMIN=34435, RATIS_SERVER=34435, RATIS_DATASTREAM=45933, STANDALONE=33343], networkLocation: /default-rack, certSerialId: null, persistedOpState: IN_SERVICE, persistedOpStateExpiryEpochSec: 0} reported CLOSED replica.
2023-01-09 20:09:54,549 [Listener at 127.0.0.1/33951] INFO  replication.ReplicationManager (ReplicationManager.java:stop(296)) - Stopping Replication Monitor Thread.
2023-01-09 20:09:54,551 [Listener at 127.0.0.1/33951] INFO  replication.ReplicationManager (ReplicationManager.java:start(272)) - Replication Monitor Thread is already running.
2023-01-09 20:09:54,551 [Under Replicated Processor] WARN  replication.UnhealthyReplicationProcessor (UnhealthyReplicationProcessor.java:run(141)) - Under Replicated Processor interrupted. Exiting...
2023-01-09 20:09:54,552 [Over Replicated Processor] WARN  replication.UnhealthyReplicationProcessor (UnhealthyReplicationProcessor.java:run(141)) - Over Replicated Processor interrupted. Exiting...
2023-01-09 20:09:54,552 [ReplicationMonitor] INFO  replication.ReplicationManager (ReplicationManager.java:run(666)) - Replication Monitor Thread is stopped
2023-01-09 20:09:54,846 [Command processor thread] INFO  keyvalue.KeyValueContainer (KeyValueContainer.java:flushAndSyncDB(437)) - Container 1 is synced with bcsId 0.
2023-01-09 20:09:54,848 [Command processor thread] INFO  keyvalue.KeyValueContainer (KeyValueContainer.java:flushAndSyncDB(437)) - Container 1 is synced with bcsId 0.
2023-01-09 20:09:54,860 [Command processor thread] INFO  keyvalue.KeyValueContainer (KeyValueContainer.java:close(352)) - Container 1 is closed with bcsId 0.
2023-01-09 20:09:55,019 [51369307-b0de-40aa-9d6f-41f84e1cecb7@group-AE8453F49D0B-FollowerState] INFO  impl.FollowerState (FollowerState.java:run(143)) - 51369307-b0de-40aa-9d6f-41f84e1cecb7@group-AE8453F49D0B-FollowerState: change to CANDIDATE, lastRpcElapsedTime:5129861757ns, electionTimeout:5117ms
2023-01-09 20:09:55,019 [51369307-b0de-40aa-9d6f-41f84e1cecb7@group-AE8453F49D0B-FollowerState] INFO  impl.RoleInfo (RoleInfo.java:shutdownFollowerState(110)) - 51369307-b0de-40aa-9d6f-41f84e1cecb7: shutdown 51369307-b0de-40aa-9d6f-41f84e1cecb7@group-AE8453F49D0B-FollowerState
2023-01-09 20:09:55,019 [51369307-b0de-40aa-9d6f-41f84e1cecb7@group-AE8453F49D0B-FollowerState] INFO  server.RaftServer$Division (RaftServerImpl.java:setRole(321)) - 51369307-b0de-40aa-9d6f-41f84e1cecb7@group-AE8453F49D0B: changes role from  FOLLOWER to CANDIDATE at term 1 for changeToCandidate
2023-01-09 20:09:55,019 [51369307-b0de-40aa-9d6f-41f84e1cecb7@group-AE8453F49D0B-FollowerState] INFO  server.RaftServerConfigKeys (ConfUtils.java:logGet(46)) - raft.server.leaderelection.pre-vote = false (custom)
2023-01-09 20:09:55,019 [51369307-b0de-40aa-9d6f-41f84e1cecb7@group-AE8453F49D0B-FollowerState] INFO  impl.RoleInfo (RoleInfo.java:updateAndGet(139)) - 51369307-b0de-40aa-9d6f-41f84e1cecb7: start 51369307-b0de-40aa-9d6f-41f84e1cecb7@group-AE8453F49D0B-LeaderElection23
2023-01-09 20:09:55,026 [51369307-b0de-40aa-9d6f-41f84e1cecb7@group-AE8453F49D0B-LeaderElection23] INFO  impl.LeaderElection (LeaderElection.java:askForVotes(312)) - 51369307-b0de-40aa-9d6f-41f84e1cecb7@group-AE8453F49D0B-LeaderElection23 ELECTION round 0: submit vote requests at term 2 for -1: peers:[e77b5d09-e15c-47d2-9906-1148d6692daf|rpc:10.1.0.27:40203|dataStream:10.1.0.27:33269|priority:0|startupRole:FOLLOWER, d09c218f-b416-45d6-bb77-0144cdedc1ff|rpc:10.1.0.27:37119|dataStream:10.1.0.27:40365|priority:1|startupRole:FOLLOWER, 51369307-b0de-40aa-9d6f-41f84e1cecb7|rpc:10.1.0.27:44083|dataStream:10.1.0.27:33005|priority:0|startupRole:FOLLOWER]|listeners:[], old=null
2023-01-09 20:09:55,028 [e77b5d09-e15c-47d2-9906-1148d6692daf@group-AE8453F49D0B-FollowerState] INFO  server.RaftServerConfigKeys (ConfUtils.java:logFallback(53)) - raft.server.rpc.first-election.timeout.min = 5s (fallback to raft.server.rpc.timeout.min)
2023-01-09 20:09:55,028 [e77b5d09-e15c-47d2-9906-1148d6692daf@group-AE8453F49D0B-FollowerState] INFO  server.RaftServerConfigKeys (ConfUtils.java:logFallback(53)) - raft.server.rpc.first-election.timeout.max = 5200ms (fallback to raft.server.rpc.timeout.max)
2023-01-09 20:09:55,030 [grpc-default-executor-1] INFO  server.RaftServer$Division (RaftServerImpl.java:requestVote(1218)) - e77b5d09-e15c-47d2-9906-1148d6692daf@group-AE8453F49D0B: receive requestVote(ELECTION, 51369307-b0de-40aa-9d6f-41f84e1cecb7, group-AE8453F49D0B, 2, (t:0, i:0))
2023-01-09 20:09:55,031 [51369307-b0de-40aa-9d6f-41f84e1cecb7@group-AE8453F49D0B-LeaderElection23] INFO  server.RaftServerConfigKeys (ConfUtils.java:logFallback(53)) - raft.server.rpc.first-election.timeout.min = 5s (fallback to raft.server.rpc.timeout.min)
2023-01-09 20:09:55,031 [51369307-b0de-40aa-9d6f-41f84e1cecb7@group-AE8453F49D0B-LeaderElection23] INFO  server.RaftServerConfigKeys (ConfUtils.java:logFallback(53)) - raft.server.rpc.first-election.timeout.max = 5200ms (fallback to raft.server.rpc.timeout.max)
2023-01-09 20:09:55,032 [grpc-default-executor-1] INFO  impl.VoteContext (VoteContext.java:log(49)) - e77b5d09-e15c-47d2-9906-1148d6692daf@group-AE8453F49D0B-FOLLOWER: accept ELECTION from 51369307-b0de-40aa-9d6f-41f84e1cecb7: our priority 0 <= candidate's priority 0
2023-01-09 20:09:55,032 [grpc-default-executor-1] INFO  server.RaftServer$Division (RaftServerImpl.java:setRole(321)) - e77b5d09-e15c-47d2-9906-1148d6692daf@group-AE8453F49D0B: changes role from  FOLLOWER to FOLLOWER at term 2 for candidate:51369307-b0de-40aa-9d6f-41f84e1cecb7
2023-01-09 20:09:55,032 [grpc-default-executor-1] INFO  impl.RoleInfo (RoleInfo.java:shutdownFollowerState(110)) - e77b5d09-e15c-47d2-9906-1148d6692daf: shutdown e77b5d09-e15c-47d2-9906-1148d6692daf@group-AE8453F49D0B-FollowerState
2023-01-09 20:09:55,032 [grpc-default-executor-1] INFO  impl.RoleInfo (RoleInfo.java:updateAndGet(139)) - e77b5d09-e15c-47d2-9906-1148d6692daf: start e77b5d09-e15c-47d2-9906-1148d6692daf@group-AE8453F49D0B-FollowerState
2023-01-09 20:09:55,032 [e77b5d09-e15c-47d2-9906-1148d6692daf@group-AE8453F49D0B-FollowerState] INFO  impl.FollowerState (FollowerState.java:run(152)) - e77b5d09-e15c-47d2-9906-1148d6692daf@group-AE8453F49D0B-FollowerState was interrupted
2023-01-09 20:09:55,034 [grpc-default-executor-1] INFO  server.RaftServer$Division (RaftServerImpl.java:requestVote(1251)) - e77b5d09-e15c-47d2-9906-1148d6692daf@group-AE8453F49D0B replies to ELECTION vote request: 51369307-b0de-40aa-9d6f-41f84e1cecb7<-e77b5d09-e15c-47d2-9906-1148d6692daf#0:OK-t2. Peer's state: e77b5d09-e15c-47d2-9906-1148d6692daf@group-AE8453F49D0B:t2, leader=null, voted=51369307-b0de-40aa-9d6f-41f84e1cecb7, raftlog=Memoized:e77b5d09-e15c-47d2-9906-1148d6692daf@group-AE8453F49D0B-SegmentedRaftLog:OPENED:c-1, conf=-1: peers:[e77b5d09-e15c-47d2-9906-1148d6692daf|rpc:10.1.0.27:40203|dataStream:10.1.0.27:33269|priority:0|startupRole:FOLLOWER, d09c218f-b416-45d6-bb77-0144cdedc1ff|rpc:10.1.0.27:37119|dataStream:10.1.0.27:40365|priority:1|startupRole:FOLLOWER, 51369307-b0de-40aa-9d6f-41f84e1cecb7|rpc:10.1.0.27:44083|dataStream:10.1.0.27:33005|priority:0|startupRole:FOLLOWER]|listeners:[], old=null
2023-01-09 20:09:55,037 [grpc-default-executor-6] INFO  server.RaftServer$Division (RaftServerImpl.java:requestVote(1218)) - d09c218f-b416-45d6-bb77-0144cdedc1ff@group-AE8453F49D0B: receive requestVote(ELECTION, 51369307-b0de-40aa-9d6f-41f84e1cecb7, group-AE8453F49D0B, 2, (t:0, i:0))
2023-01-09 20:09:55,037 [grpc-default-executor-6] INFO  impl.VoteContext (VoteContext.java:log(49)) - d09c218f-b416-45d6-bb77-0144cdedc1ff@group-AE8453F49D0B-FOLLOWER: reject ELECTION from 51369307-b0de-40aa-9d6f-41f84e1cecb7: our priority 1 > candidate's priority 0
2023-01-09 20:09:55,037 [grpc-default-executor-6] INFO  server.RaftServer$Division (RaftServerImpl.java:setRole(321)) - d09c218f-b416-45d6-bb77-0144cdedc1ff@group-AE8453F49D0B: changes role from  FOLLOWER to FOLLOWER at term 2 for candidate:51369307-b0de-40aa-9d6f-41f84e1cecb7
2023-01-09 20:09:55,038 [grpc-default-executor-6] INFO  impl.RoleInfo (RoleInfo.java:shutdownFollowerState(110)) - d09c218f-b416-45d6-bb77-0144cdedc1ff: shutdown d09c218f-b416-45d6-bb77-0144cdedc1ff@group-AE8453F49D0B-FollowerState
2023-01-09 20:09:55,038 [grpc-default-executor-6] INFO  impl.RoleInfo (RoleInfo.java:updateAndGet(139)) - d09c218f-b416-45d6-bb77-0144cdedc1ff: start d09c218f-b416-45d6-bb77-0144cdedc1ff@group-AE8453F49D0B-FollowerState
2023-01-09 20:09:55,038 [d09c218f-b416-45d6-bb77-0144cdedc1ff@group-AE8453F49D0B-FollowerState] INFO  impl.FollowerState (FollowerState.java:run(152)) - d09c218f-b416-45d6-bb77-0144cdedc1ff@group-AE8453F49D0B-FollowerState was interrupted
2023-01-09 20:09:55,040 [e77b5d09-e15c-47d2-9906-1148d6692daf@group-AE8453F49D0B-FollowerState] INFO  server.RaftServerConfigKeys (ConfUtils.java:logFallback(53)) - raft.server.rpc.first-election.timeout.min = 5s (fallback to raft.server.rpc.timeout.min)
2023-01-09 20:09:55,040 [e77b5d09-e15c-47d2-9906-1148d6692daf@group-AE8453F49D0B-FollowerState] INFO  server.RaftServerConfigKeys (ConfUtils.java:logFallback(53)) - raft.server.rpc.first-election.timeout.max = 5200ms (fallback to raft.server.rpc.timeout.max)
2023-01-09 20:09:55,043 [grpc-default-executor-6] INFO  server.RaftServer$Division (RaftServerImpl.java:requestVote(1251)) - d09c218f-b416-45d6-bb77-0144cdedc1ff@group-AE8453F49D0B replies to ELECTION vote request: 51369307-b0de-40aa-9d6f-41f84e1cecb7<-d09c218f-b416-45d6-bb77-0144cdedc1ff#0:FAIL-t2. Peer's state: d09c218f-b416-45d6-bb77-0144cdedc1ff@group-AE8453F49D0B:t2, leader=null, voted=null, raftlog=Memoized:d09c218f-b416-45d6-bb77-0144cdedc1ff@group-AE8453F49D0B-SegmentedRaftLog:OPENED:c-1, conf=-1: peers:[e77b5d09-e15c-47d2-9906-1148d6692daf|rpc:10.1.0.27:40203|dataStream:10.1.0.27:33269|priority:0|startupRole:FOLLOWER, d09c218f-b416-45d6-bb77-0144cdedc1ff|rpc:10.1.0.27:37119|dataStream:10.1.0.27:40365|priority:1|startupRole:FOLLOWER, 51369307-b0de-40aa-9d6f-41f84e1cecb7|rpc:10.1.0.27:44083|dataStream:10.1.0.27:33005|priority:0|startupRole:FOLLOWER]|listeners:[], old=null
2023-01-09 20:09:55,045 [51369307-b0de-40aa-9d6f-41f84e1cecb7@group-AE8453F49D0B-LeaderElection23] INFO  impl.LeaderElection (LeaderElection.java:logAndReturn(90)) - 51369307-b0de-40aa-9d6f-41f84e1cecb7@group-AE8453F49D0B-LeaderElection23: ELECTION REJECTED received 1 response(s) and 0 exception(s):
2023-01-09 20:09:55,045 [51369307-b0de-40aa-9d6f-41f84e1cecb7@group-AE8453F49D0B-LeaderElection23] INFO  impl.LeaderElection (LeaderElection.java:logAndReturn(94)) -   Response 0: 51369307-b0de-40aa-9d6f-41f84e1cecb7<-d09c218f-b416-45d6-bb77-0144cdedc1ff#0:FAIL-t2
2023-01-09 20:09:55,045 [51369307-b0de-40aa-9d6f-41f84e1cecb7@group-AE8453F49D0B-LeaderElection23] INFO  impl.LeaderElection (LeaderElection.java:askForVotes(314)) - 51369307-b0de-40aa-9d6f-41f84e1cecb7@group-AE8453F49D0B-LeaderElection23 ELECTION round 0: result REJECTED
2023-01-09 20:09:55,045 [51369307-b0de-40aa-9d6f-41f84e1cecb7@group-AE8453F49D0B-LeaderElection23] INFO  server.RaftServer$Division (RaftServerImpl.java:setRole(321)) - 51369307-b0de-40aa-9d6f-41f84e1cecb7@group-AE8453F49D0B: changes role from CANDIDATE to FOLLOWER at term 2 for REJECTED
2023-01-09 20:09:55,045 [51369307-b0de-40aa-9d6f-41f84e1cecb7@group-AE8453F49D0B-LeaderElection23] INFO  impl.RoleInfo (RoleInfo.java:shutdownLeaderElection(130)) - 51369307-b0de-40aa-9d6f-41f84e1cecb7: shutdown 51369307-b0de-40aa-9d6f-41f84e1cecb7@group-AE8453F49D0B-LeaderElection23
2023-01-09 20:09:55,045 [51369307-b0de-40aa-9d6f-41f84e1cecb7@group-AE8453F49D0B-LeaderElection23] INFO  impl.RoleInfo (RoleInfo.java:updateAndGet(139)) - 51369307-b0de-40aa-9d6f-41f84e1cecb7: start 51369307-b0de-40aa-9d6f-41f84e1cecb7@group-AE8453F49D0B-FollowerState
2023-01-09 20:09:55,048 [51369307-b0de-40aa-9d6f-41f84e1cecb7@group-AE8453F49D0B-FollowerState] INFO  server.RaftServerConfigKeys (ConfUtils.java:logFallback(53)) - raft.server.rpc.first-election.timeout.min = 5s (fallback to raft.server.rpc.timeout.min)
2023-01-09 20:09:55,048 [51369307-b0de-40aa-9d6f-41f84e1cecb7@group-AE8453F49D0B-FollowerState] INFO  server.RaftServerConfigKeys (ConfUtils.java:logFallback(53)) - raft.server.rpc.first-election.timeout.max = 5200ms (fallback to raft.server.rpc.timeout.max)
2023-01-09 20:09:55,049 [d09c218f-b416-45d6-bb77-0144cdedc1ff@group-AE8453F49D0B-FollowerState] INFO  server.RaftServerConfigKeys (ConfUtils.java:logFallback(53)) - raft.server.rpc.first-election.timeout.min = 5s (fallback to raft.server.rpc.timeout.min)
2023-01-09 20:09:55,049 [d09c218f-b416-45d6-bb77-0144cdedc1ff@group-AE8453F49D0B-FollowerState] INFO  server.RaftServerConfigKeys (ConfUtils.java:logFallback(53)) - raft.server.rpc.first-election.timeout.max = 5200ms (fallback to raft.server.rpc.timeout.max)
2023-01-09 20:09:55,057 [grpc-default-executor-6] WARN  server.GrpcLogAppender (LogUtils.java:warn(122)) - 93b0d557-27ed-4241-a042-86e84b32abbd@group-598432169F60->26559c5d-eeb2-413a-b661-4afee7d58202-AppendLogResponseHandler: Failed appendEntries: org.apache.ratis.thirdparty.io.grpc.StatusRuntimeException: UNAVAILABLE: io exception
2023-01-09 20:09:55,058 [grpc-default-executor-6] WARN  server.GrpcLogAppender (GrpcLogAppender.java:resetClient(131)) - 93b0d557-27ed-4241-a042-86e84b32abbd@group-598432169F60->26559c5d-eeb2-413a-b661-4afee7d58202-GrpcLogAppender: Leader has not got in touch with Follower 93b0d557-27ed-4241-a042-86e84b32abbd@group-598432169F60->26559c5d-eeb2-413a-b661-4afee7d58202(c-1,m0,n1, attendVote=true, lastRpcSendTime=0, lastRpcResponseTime=6466) yet, just keep nextIndex unchanged and retry.
2023-01-09 20:09:55,058 [grpc-default-executor-1] WARN  server.GrpcLogAppender (LogUtils.java:warn(122)) - 93b0d557-27ed-4241-a042-86e84b32abbd@group-598432169F60->26559c5d-eeb2-413a-b661-4afee7d58202-AppendLogResponseHandler: Failed appendEntries: org.apache.ratis.thirdparty.io.grpc.StatusRuntimeException: UNAVAILABLE: io exception
2023-01-09 20:09:55,058 [grpc-default-executor-1] WARN  server.GrpcLogAppender (GrpcLogAppender.java:resetClient(131)) - 93b0d557-27ed-4241-a042-86e84b32abbd@group-598432169F60->26559c5d-eeb2-413a-b661-4afee7d58202-GrpcLogAppender: Leader has not got in touch with Follower 93b0d557-27ed-4241-a042-86e84b32abbd@group-598432169F60->26559c5d-eeb2-413a-b661-4afee7d58202(c-1,m0,n1, attendVote=true, lastRpcSendTime=1, lastRpcResponseTime=6466) yet, just keep nextIndex unchanged and retry.
2023-01-09 20:09:55,670 [grpc-default-executor-1] WARN  server.GrpcLogAppender (LogUtils.java:warn(122)) - cbda9cd1-c9bf-468c-9ce3-2b320cdae76d@group-D8C695AA2570->26559c5d-eeb2-413a-b661-4afee7d58202-AppendLogResponseHandler: Failed appendEntries: org.apache.ratis.thirdparty.io.grpc.StatusRuntimeException: UNAVAILABLE: io exception
2023-01-09 20:09:55,671 [grpc-default-executor-1] WARN  server.GrpcLogAppender (GrpcLogAppender.java:resetClient(131)) - cbda9cd1-c9bf-468c-9ce3-2b320cdae76d@group-D8C695AA2570->26559c5d-eeb2-413a-b661-4afee7d58202-GrpcLogAppender: Leader has not got in touch with Follower cbda9cd1-c9bf-468c-9ce3-2b320cdae76d@group-D8C695AA2570->26559c5d-eeb2-413a-b661-4afee7d58202(c-1,m0,n1, attendVote=true, lastRpcSendTime=1, lastRpcResponseTime=6511) yet, just keep nextIndex unchanged and retry.
2023-01-09 20:09:55,671 [grpc-default-executor-6] WARN  server.GrpcLogAppender (LogUtils.java:warn(122)) - cbda9cd1-c9bf-468c-9ce3-2b320cdae76d@group-D8C695AA2570->26559c5d-eeb2-413a-b661-4afee7d58202-AppendLogResponseHandler: Failed appendEntries: org.apache.ratis.thirdparty.io.grpc.StatusRuntimeException: UNAVAILABLE: io exception
2023-01-09 20:09:55,672 [grpc-default-executor-6] WARN  server.GrpcLogAppender (GrpcLogAppender.java:resetClient(131)) - cbda9cd1-c9bf-468c-9ce3-2b320cdae76d@group-D8C695AA2570->26559c5d-eeb2-413a-b661-4afee7d58202-GrpcLogAppender: Leader has not got in touch with Follower cbda9cd1-c9bf-468c-9ce3-2b320cdae76d@group-D8C695AA2570->26559c5d-eeb2-413a-b661-4afee7d58202(c-1,m0,n1, attendVote=true, lastRpcSendTime=1, lastRpcResponseTime=6511) yet, just keep nextIndex unchanged and retry.
2023-01-09 20:09:55,857 [Command processor thread] INFO  keyvalue.KeyValueContainer (KeyValueContainer.java:flushAndSyncDB(437)) - Container 1 is synced with bcsId 0.
2023-01-09 20:09:55,857 [Command processor thread] INFO  keyvalue.KeyValueContainer (KeyValueContainer.java:flushAndSyncDB(437)) - Container 1 is synced with bcsId 0.
2023-01-09 20:09:55,867 [Command processor thread] INFO  keyvalue.KeyValueContainer (KeyValueContainer.java:close(352)) - Container 1 is closed with bcsId 0.
2023-01-09 20:09:56,307 [grpc-default-executor-6] WARN  server.GrpcLogAppender (LogUtils.java:warn(122)) - 93b0d557-27ed-4241-a042-86e84b32abbd@group-598432169F60->26559c5d-eeb2-413a-b661-4afee7d58202-AppendLogResponseHandler: Failed appendEntries: org.apache.ratis.thirdparty.io.grpc.StatusRuntimeException: UNAVAILABLE: io exception
2023-01-09 20:09:56,308 [grpc-default-executor-1] WARN  server.GrpcLogAppender (LogUtils.java:warn(122)) - 93b0d557-27ed-4241-a042-86e84b32abbd@group-598432169F60->26559c5d-eeb2-413a-b661-4afee7d58202-AppendLogResponseHandler: Failed appendEntries: org.apache.ratis.thirdparty.io.grpc.StatusRuntimeException: UNAVAILABLE: io exception
2023-01-09 20:09:56,309 [grpc-default-executor-6] WARN  server.GrpcLogAppender (GrpcLogAppender.java:resetClient(131)) - 93b0d557-27ed-4241-a042-86e84b32abbd@group-598432169F60->26559c5d-eeb2-413a-b661-4afee7d58202-GrpcLogAppender: Leader has not got in touch with Follower 93b0d557-27ed-4241-a042-86e84b32abbd@group-598432169F60->26559c5d-eeb2-413a-b661-4afee7d58202(c-1,m0,n1, attendVote=true, lastRpcSendTime=1, lastRpcResponseTime=7717) yet, just keep nextIndex unchanged and retry.
2023-01-09 20:09:56,311 [grpc-default-executor-1] WARN  server.GrpcLogAppender (GrpcLogAppender.java:resetClient(131)) - 93b0d557-27ed-4241-a042-86e84b32abbd@group-598432169F60->26559c5d-eeb2-413a-b661-4afee7d58202-GrpcLogAppender: Leader has not got in touch with Follower 93b0d557-27ed-4241-a042-86e84b32abbd@group-598432169F60->26559c5d-eeb2-413a-b661-4afee7d58202(c-1,m0,n1, attendVote=true, lastRpcSendTime=3, lastRpcResponseTime=7720) yet, just keep nextIndex unchanged and retry.
2023-01-09 20:09:56,857 [Command processor thread] INFO  keyvalue.KeyValueContainer (KeyValueContainer.java:flushAndSyncDB(437)) - Container 1 is synced with bcsId 0.
2023-01-09 20:09:56,858 [Command processor thread] INFO  keyvalue.KeyValueContainer (KeyValueContainer.java:flushAndSyncDB(437)) - Container 1 is synced with bcsId 0.
2023-01-09 20:09:56,871 [Command processor thread] INFO  keyvalue.KeyValueContainer (KeyValueContainer.java:close(352)) - Container 1 is closed with bcsId 0.
2023-01-09 20:09:56,875 [EventQueue-DeadNodeForDeadNodeHandler] INFO  node.DeadNodeHandler (DeadNodeHandler.java:onMessage(81)) - A dead datanode is detected. 26559c5d-eeb2-413a-b661-4afee7d58202{ip: 10.1.0.27, host: fv-az457-50.3faczmgjfduuxnksfsdf43hgfa.dx.internal.cloudapp.net, ports: [REPLICATION=46287, RATIS=44647, RATIS_ADMIN=44647, RATIS_SERVER=44647, RATIS_DATASTREAM=46099, STANDALONE=35933], networkLocation: /default-rack, certSerialId: null, persistedOpState: IN_SERVICE, persistedOpStateExpiryEpochSec: 0}
2023-01-09 20:09:56,877 [EventQueue-DeadNodeForDeadNodeHandler] INFO  pipeline.RatisPipelineProvider (RatisPipelineProvider.java:lambda$close$4(272)) - Send pipeline:PipelineID=cf2e784e-7772-45ba-87c5-9c925ea0c3aa close command to datanode 26559c5d-eeb2-413a-b661-4afee7d58202
2023-01-09 20:09:56,878 [EventQueue-DeadNodeForDeadNodeHandler] INFO  pipeline.PipelineStateManagerImpl (PipelineStateManagerImpl.java:removePipeline(245)) - Pipeline Pipeline[ Id: cf2e784e-7772-45ba-87c5-9c925ea0c3aa, Nodes: 26559c5d-eeb2-413a-b661-4afee7d58202{ip: 10.1.0.27, host: fv-az457-50.3faczmgjfduuxnksfsdf43hgfa.dx.internal.cloudapp.net, ports: [REPLICATION=46287, RATIS=44647, RATIS_ADMIN=44647, RATIS_SERVER=44647, RATIS_DATASTREAM=46099, STANDALONE=35933], networkLocation: /default-rack, certSerialId: null, persistedOpState: IN_SERVICE, persistedOpStateExpiryEpochSec: 0}, ReplicationConfig: RATIS/ONE, State:CLOSED, leaderId:26559c5d-eeb2-413a-b661-4afee7d58202, CreationTimestamp2023-01-09T20:09:40.794Z[Etc/UTC]] removed.
2023-01-09 20:09:56,878 [EventQueue-DeadNodeForDeadNodeHandler] INFO  pipeline.RatisPipelineProvider (RatisPipelineProvider.java:lambda$close$4(272)) - Send pipeline:PipelineID=072de9a2-1de7-4e13-a23f-598432169f60 close command to datanode 26559c5d-eeb2-413a-b661-4afee7d58202
2023-01-09 20:09:56,878 [EventQueue-DeadNodeForDeadNodeHandler] INFO  pipeline.RatisPipelineProvider (RatisPipelineProvider.java:lambda$close$4(272)) - Send pipeline:PipelineID=072de9a2-1de7-4e13-a23f-598432169f60 close command to datanode 93b0d557-27ed-4241-a042-86e84b32abbd
2023-01-09 20:09:56,879 [EventQueue-DeadNodeForDeadNodeHandler] INFO  pipeline.RatisPipelineProvider (RatisPipelineProvider.java:lambda$close$4(272)) - Send pipeline:PipelineID=072de9a2-1de7-4e13-a23f-598432169f60 close command to datanode cbda9cd1-c9bf-468c-9ce3-2b320cdae76d
2023-01-09 20:09:56,879 [EventQueue-DeadNodeForDeadNodeHandler] INFO  pipeline.PipelineStateManagerImpl (PipelineStateManagerImpl.java:removePipeline(245)) - Pipeline Pipeline[ Id: 072de9a2-1de7-4e13-a23f-598432169f60, Nodes: 26559c5d-eeb2-413a-b661-4afee7d58202{ip: 10.1.0.27, host: fv-az457-50.3faczmgjfduuxnksfsdf43hgfa.dx.internal.cloudapp.net, ports: [REPLICATION=46287, RATIS=44647, RATIS_ADMIN=44647, RATIS_SERVER=44647, RATIS_DATASTREAM=46099, STANDALONE=35933], networkLocation: /default-rack, certSerialId: null, persistedOpState: IN_SERVICE, persistedOpStateExpiryEpochSec: 0}93b0d557-27ed-4241-a042-86e84b32abbd{ip: 10.1.0.27, host: fv-az457-50.3faczmgjfduuxnksfsdf43hgfa.dx.internal.cloudapp.net, ports: [REPLICATION=40931, RATIS=38305, RATIS_ADMIN=38305, RATIS_SERVER=38305, RATIS_DATASTREAM=40935, STANDALONE=42833], networkLocation: /default-rack, certSerialId: null, persistedOpState: IN_SERVICE, persistedOpStateExpiryEpochSec: 0}cbda9cd1-c9bf-468c-9ce3-2b320cdae76d{ip: 10.1.0.27, host: fv-az457-50.3faczmgjfduuxnksfsdf43hgfa.dx.internal.cloudapp.net, ports: [REPLICATION=37745, RATIS=39195, RATIS_ADMIN=39195, RATIS_SERVER=39195, RATIS_DATASTREAM=44727, STANDALONE=39025], networkLocation: /default-rack, certSerialId: null, persistedOpState: IN_SERVICE, persistedOpStateExpiryEpochSec: 0}, ReplicationConfig: RATIS/THREE, State:CLOSED, leaderId:93b0d557-27ed-4241-a042-86e84b32abbd, CreationTimestamp2023-01-09T20:09:41.291Z[Etc/UTC]] removed.
2023-01-09 20:09:56,879 [EventQueue-DeadNodeForDeadNodeHandler] INFO  pipeline.PipelineStateManagerImpl (PipelineStateManagerImpl.java:removePipeline(245)) - Pipeline Pipeline[ Id: add362f7-6a42-41c6-baf9-07394da6e32a, Nodes: 26559c5d-eeb2-413a-b661-4afee7d58202{ip: 10.1.0.27, host: fv-az457-50.3faczmgjfduuxnksfsdf43hgfa.dx.internal.cloudapp.net, ports: [REPLICATION=46287, RATIS=44647, RATIS_ADMIN=44647, RATIS_SERVER=44647, RATIS_DATASTREAM=46099, STANDALONE=35933], networkLocation: /default-rack, certSerialId: null, persistedOpState: null, persistedOpStateExpiryEpochSec: 0}51369307-b0de-40aa-9d6f-41f84e1cecb7{ip: 10.1.0.27, host: fv-az457-50.3faczmgjfduuxnksfsdf43hgfa.dx.internal.cloudapp.net, ports: [REPLICATION=42229, RATIS=44083, RATIS_ADMIN=44083, RATIS_SERVER=44083, RATIS_DATASTREAM=33005, STANDALONE=42355], networkLocation: /default-rack, certSerialId: null, persistedOpState: null, persistedOpStateExpiryEpochSec: 0}37be314e-42cf-4ee9-a18e-baad7075c611{ip: 10.1.0.27, host: fv-az457-50.3faczmgjfduuxnksfsdf43hgfa.dx.internal.cloudapp.net, ports: [REPLICATION=37507, RATIS=32955, RATIS_ADMIN=32955, RATIS_SERVER=32955, RATIS_DATASTREAM=45453, STANDALONE=41409], networkLocation: /default-rack, certSerialId: null, persistedOpState: null, persistedOpStateExpiryEpochSec: 0}93b0d557-27ed-4241-a042-86e84b32abbd{ip: 10.1.0.27, host: fv-az457-50.3faczmgjfduuxnksfsdf43hgfa.dx.internal.cloudapp.net, ports: [REPLICATION=40931, RATIS=38305, RATIS_ADMIN=38305, RATIS_SERVER=38305, RATIS_DATASTREAM=40935, STANDALONE=42833], networkLocation: /default-rack, certSerialId: null, persistedOpState: null, persistedOpStateExpiryEpochSec: 0}11dbea26-f97e-4766-b357-e6f8c74d2a9f{ip: 10.1.0.27, host: fv-az457-50.3faczmgjfduuxnksfsdf43hgfa.dx.internal.cloudapp.net, ports: [REPLICATION=45451, RATIS=34435, RATIS_ADMIN=34435, RATIS_SERVER=34435, RATIS_DATASTREAM=45933, STANDALONE=33343], networkLocation: /default-rack, certSerialId: null, persistedOpState: null, persistedOpStateExpiryEpochSec: 0}, ReplicationConfig: EC/ECReplicationConfig{data=3, parity=2, ecChunkSize=1024, codec=rs}, State:CLOSED, leaderId:, CreationTimestamp2023-01-09T20:09:50.295Z[Etc/UTC]] removed.
2023-01-09 20:09:56,880 [EventQueue-DeadNodeForDeadNodeHandler] INFO  pipeline.RatisPipelineProvider (RatisPipelineProvider.java:lambda$close$4(272)) - Send pipeline:PipelineID=50c05c9d-8cfa-4c46-bca2-d8c695aa2570 close command to datanode 26559c5d-eeb2-413a-b661-4afee7d58202
2023-01-09 20:09:56,880 [EventQueue-DeadNodeForDeadNodeHandler] INFO  pipeline.RatisPipelineProvider (RatisPipelineProvider.java:lambda$close$4(272)) - Send pipeline:PipelineID=50c05c9d-8cfa-4c46-bca2-d8c695aa2570 close command to datanode cbda9cd1-c9bf-468c-9ce3-2b320cdae76d
2023-01-09 20:09:56,880 [EventQueue-DeadNodeForDeadNodeHandler] INFO  pipeline.RatisPipelineProvider (RatisPipelineProvider.java:lambda$close$4(272)) - Send pipeline:PipelineID=50c05c9d-8cfa-4c46-bca2-d8c695aa2570 close command to datanode 93b0d557-27ed-4241-a042-86e84b32abbd
2023-01-09 20:09:56,880 [EventQueue-DeadNodeForDeadNodeHandler] INFO  pipeline.PipelineStateManagerImpl (PipelineStateManagerImpl.java:removePipeline(245)) - Pipeline Pipeline[ Id: 50c05c9d-8cfa-4c46-bca2-d8c695aa2570, Nodes: 26559c5d-eeb2-413a-b661-4afee7d58202{ip: 10.1.0.27, host: fv-az457-50.3faczmgjfduuxnksfsdf43hgfa.dx.internal.cloudapp.net, ports: [REPLICATION=46287, RATIS=44647, RATIS_ADMIN=44647, RATIS_SERVER=44647, RATIS_DATASTREAM=46099, STANDALONE=35933], networkLocation: /default-rack, certSerialId: null, persistedOpState: IN_SERVICE, persistedOpStateExpiryEpochSec: 0}cbda9cd1-c9bf-468c-9ce3-2b320cdae76d{ip: 10.1.0.27, host: fv-az457-50.3faczmgjfduuxnksfsdf43hgfa.dx.internal.cloudapp.net, ports: [REPLICATION=37745, RATIS=39195, RATIS_ADMIN=39195, RATIS_SERVER=39195, RATIS_DATASTREAM=44727, STANDALONE=39025], networkLocation: /default-rack, certSerialId: null, persistedOpState: IN_SERVICE, persistedOpStateExpiryEpochSec: 0}93b0d557-27ed-4241-a042-86e84b32abbd{ip: 10.1.0.27, host: fv-az457-50.3faczmgjfduuxnksfsdf43hgfa.dx.internal.cloudapp.net, ports: [REPLICATION=40931, RATIS=38305, RATIS_ADMIN=38305, RATIS_SERVER=38305, RATIS_DATASTREAM=40935, STANDALONE=42833], networkLocation: /default-rack, certSerialId: null, persistedOpState: IN_SERVICE, persistedOpStateExpiryEpochSec: 0}, ReplicationConfig: RATIS/THREE, State:CLOSED, leaderId:cbda9cd1-c9bf-468c-9ce3-2b320cdae76d, CreationTimestamp2023-01-09T20:09:41.294Z[Etc/UTC]] removed.
2023-01-09 20:09:56,881 [EventQueue-DeadNodeForDeadNodeHandler] INFO  net.NetworkTopologyImpl (NetworkTopologyImpl.java:remove(190)) - Removed a node: /default-rack/26559c5d-eeb2-413a-b661-4afee7d58202
2023-01-09 20:09:56,921 [grpc-default-executor-1] WARN  server.GrpcLogAppender (LogUtils.java:warn(122)) - cbda9cd1-c9bf-468c-9ce3-2b320cdae76d@group-D8C695AA2570->26559c5d-eeb2-413a-b661-4afee7d58202-AppendLogResponseHandler: Failed appendEntries: org.apache.ratis.thirdparty.io.grpc.StatusRuntimeException: UNAVAILABLE: io exception
2023-01-09 20:09:56,921 [grpc-default-executor-6] WARN  server.GrpcLogAppender (LogUtils.java:warn(122)) - cbda9cd1-c9bf-468c-9ce3-2b320cdae76d@group-D8C695AA2570->26559c5d-eeb2-413a-b661-4afee7d58202-AppendLogResponseHandler: Failed appendEntries: org.apache.ratis.thirdparty.io.grpc.StatusRuntimeException: UNAVAILABLE: io exception
2023-01-09 20:09:56,922 [grpc-default-executor-1] WARN  server.GrpcLogAppender (GrpcLogAppender.java:resetClient(131)) - cbda9cd1-c9bf-468c-9ce3-2b320cdae76d@group-D8C695AA2570->26559c5d-eeb2-413a-b661-4afee7d58202-GrpcLogAppender: Leader has not got in touch with Follower cbda9cd1-c9bf-468c-9ce3-2b320cdae76d@group-D8C695AA2570->26559c5d-eeb2-413a-b661-4afee7d58202(c-1,m0,n1, attendVote=true, lastRpcSendTime=1251, lastRpcResponseTime=7761) yet, just keep nextIndex unchanged and retry.
2023-01-09 20:09:56,922 [grpc-default-executor-6] WARN  server.GrpcLogAppender (GrpcLogAppender.java:resetClient(131)) - cbda9cd1-c9bf-468c-9ce3-2b320cdae76d@group-D8C695AA2570->26559c5d-eeb2-413a-b661-4afee7d58202-GrpcLogAppender: Leader has not got in touch with Follower cbda9cd1-c9bf-468c-9ce3-2b320cdae76d@group-D8C695AA2570->26559c5d-eeb2-413a-b661-4afee7d58202(c-1,m0,n1, attendVote=true, lastRpcSendTime=1252, lastRpcResponseTime=7761) yet, just keep nextIndex unchanged and retry.
2023-01-09 20:09:56,930 [grpc-default-executor-6] WARN  server.GrpcLogAppender (LogUtils.java:warn(122)) - cbda9cd1-c9bf-468c-9ce3-2b320cdae76d@group-D8C695AA2570->26559c5d-eeb2-413a-b661-4afee7d58202-AppendLogResponseHandler: Failed appendEntries: org.apache.ratis.thirdparty.io.grpc.StatusRuntimeException: UNAVAILABLE: io exception
2023-01-09 20:09:56,930 [grpc-default-executor-1] WARN  server.GrpcLogAppender (LogUtils.java:warn(122)) - cbda9cd1-c9bf-468c-9ce3-2b320cdae76d@group-D8C695AA2570->26559c5d-eeb2-413a-b661-4afee7d58202-AppendLogResponseHandler: Failed appendEntries: org.apache.ratis.thirdparty.io.grpc.StatusRuntimeException: UNAVAILABLE: io exception
2023-01-09 20:09:56,931 [grpc-default-executor-6] WARN  server.GrpcLogAppender (GrpcLogAppender.java:resetClient(131)) - cbda9cd1-c9bf-468c-9ce3-2b320cdae76d@group-D8C695AA2570->26559c5d-eeb2-413a-b661-4afee7d58202-GrpcLogAppender: Leader has not got in touch with Follower cbda9cd1-c9bf-468c-9ce3-2b320cdae76d@group-D8C695AA2570->26559c5d-eeb2-413a-b661-4afee7d58202(c-1,m0,n1, attendVote=true, lastRpcSendTime=0, lastRpcResponseTime=7771) yet, just keep nextIndex unchanged and retry.
2023-01-09 20:09:56,933 [grpc-default-executor-1] WARN  server.GrpcLogAppender (GrpcLogAppender.java:resetClient(131)) - cbda9cd1-c9bf-468c-9ce3-2b320cdae76d@group-D8C695AA2570->26559c5d-eeb2-413a-b661-4afee7d58202-GrpcLogAppender: Leader has not got in touch with Follower cbda9cd1-c9bf-468c-9ce3-2b320cdae76d@group-D8C695AA2570->26559c5d-eeb2-413a-b661-4afee7d58202(c-1,m0,n1, attendVote=true, lastRpcSendTime=2, lastRpcResponseTime=7773) yet, just keep nextIndex unchanged and retry.
2023-01-09 20:09:57,324 [22174ed7-3438-44c1-87a9-382e0277420a@group-4B191A258550-FollowerState] INFO  impl.FollowerState (FollowerState.java:run(143)) - 22174ed7-3438-44c1-87a9-382e0277420a@group-4B191A258550-FollowerState: change to CANDIDATE, lastRpcElapsedTime:5004936654ns, electionTimeout:5002ms
2023-01-09 20:09:57,324 [22174ed7-3438-44c1-87a9-382e0277420a@group-4B191A258550-FollowerState] INFO  impl.RoleInfo (RoleInfo.java:shutdownFollowerState(110)) - 22174ed7-3438-44c1-87a9-382e0277420a: shutdown 22174ed7-3438-44c1-87a9-382e0277420a@group-4B191A258550-FollowerState
2023-01-09 20:09:57,324 [22174ed7-3438-44c1-87a9-382e0277420a@group-4B191A258550-FollowerState] INFO  server.RaftServer$Division (RaftServerImpl.java:setRole(321)) - 22174ed7-3438-44c1-87a9-382e0277420a@group-4B191A258550: changes role from  FOLLOWER to CANDIDATE at term 2 for changeToCandidate
2023-01-09 20:09:57,324 [22174ed7-3438-44c1-87a9-382e0277420a@group-4B191A258550-FollowerState] INFO  server.RaftServerConfigKeys (ConfUtils.java:logGet(46)) - raft.server.leaderelection.pre-vote = false (custom)
2023-01-09 20:09:57,324 [22174ed7-3438-44c1-87a9-382e0277420a@group-4B191A258550-FollowerState] INFO  impl.RoleInfo (RoleInfo.java:updateAndGet(139)) - 22174ed7-3438-44c1-87a9-382e0277420a: start 22174ed7-3438-44c1-87a9-382e0277420a@group-4B191A258550-LeaderElection24
2023-01-09 20:09:57,338 [22174ed7-3438-44c1-87a9-382e0277420a@group-4B191A258550-LeaderElection24] INFO  impl.LeaderElection (LeaderElection.java:askForVotes(312)) - 22174ed7-3438-44c1-87a9-382e0277420a@group-4B191A258550-LeaderElection24 ELECTION round 0: submit vote requests at term 3 for -1: peers:[22174ed7-3438-44c1-87a9-382e0277420a|rpc:10.1.0.27:36955|dataStream:10.1.0.27:45849|priority:0|startupRole:FOLLOWER, 204ebb6c-eb9c-4605-8b0a-417067302917|rpc:10.1.0.27:38461|dataStream:10.1.0.27:40035|priority:0|startupRole:FOLLOWER, 37be314e-42cf-4ee9-a18e-baad7075c611|rpc:10.1.0.27:32955|dataStream:10.1.0.27:45453|priority:1|startupRole:FOLLOWER]|listeners:[], old=null
2023-01-09 20:09:57,346 [grpc-default-executor-1] INFO  server.RaftServer$Division (RaftServerImpl.java:requestVote(1218)) - 204ebb6c-eb9c-4605-8b0a-417067302917@group-4B191A258550: receive requestVote(ELECTION, 22174ed7-3438-44c1-87a9-382e0277420a, group-4B191A258550, 3, (t:0, i:0))
2023-01-09 20:09:57,347 [grpc-default-executor-1] INFO  impl.VoteContext (VoteContext.java:log(49)) - 204ebb6c-eb9c-4605-8b0a-417067302917@group-4B191A258550-FOLLOWER: accept ELECTION from 22174ed7-3438-44c1-87a9-382e0277420a: our priority 0 <= candidate's priority 0
2023-01-09 20:09:57,347 [grpc-default-executor-1] INFO  server.RaftServer$Division (RaftServerImpl.java:setRole(321)) - 204ebb6c-eb9c-4605-8b0a-417067302917@group-4B191A258550: changes role from  FOLLOWER to FOLLOWER at term 3 for candidate:22174ed7-3438-44c1-87a9-382e0277420a
2023-01-09 20:09:57,347 [grpc-default-executor-1] INFO  impl.RoleInfo (RoleInfo.java:shutdownFollowerState(110)) - 204ebb6c-eb9c-4605-8b0a-417067302917: shutdown 204ebb6c-eb9c-4605-8b0a-417067302917@group-4B191A258550-FollowerState
2023-01-09 20:09:57,353 [22174ed7-3438-44c1-87a9-382e0277420a@group-4B191A258550-LeaderElection24] INFO  server.RaftServerConfigKeys (ConfUtils.java:logFallback(53)) - raft.server.rpc.first-election.timeout.min = 5s (fallback to raft.server.rpc.timeout.min)
2023-01-09 20:09:57,353 [22174ed7-3438-44c1-87a9-382e0277420a@group-4B191A258550-LeaderElection24] INFO  server.RaftServerConfigKeys (ConfUtils.java:logFallback(53)) - raft.server.rpc.first-election.timeout.max = 5200ms (fallback to raft.server.rpc.timeout.max)
2023-01-09 20:09:57,353 [grpc-default-executor-1] INFO  impl.RoleInfo (RoleInfo.java:updateAndGet(139)) - 204ebb6c-eb9c-4605-8b0a-417067302917: start 204ebb6c-eb9c-4605-8b0a-417067302917@group-4B191A258550-FollowerState
2023-01-09 20:09:57,354 [204ebb6c-eb9c-4605-8b0a-417067302917@group-4B191A258550-FollowerState] INFO  impl.FollowerState (FollowerState.java:run(152)) - 204ebb6c-eb9c-4605-8b0a-417067302917@group-4B191A258550-FollowerState was interrupted
2023-01-09 20:09:57,356 [grpc-default-executor-6] INFO  server.RaftServer$Division (RaftServerImpl.java:requestVote(1218)) - 37be314e-42cf-4ee9-a18e-baad7075c611@group-4B191A258550: receive requestVote(ELECTION, 22174ed7-3438-44c1-87a9-382e0277420a, group-4B191A258550, 3, (t:0, i:0))
2023-01-09 20:09:57,360 [grpc-default-executor-6] INFO  impl.VoteContext (VoteContext.java:log(49)) - 37be314e-42cf-4ee9-a18e-baad7075c611@group-4B191A258550-FOLLOWER: reject ELECTION from 22174ed7-3438-44c1-87a9-382e0277420a: our priority 1 > candidate's priority 0
2023-01-09 20:09:57,360 [grpc-default-executor-1] INFO  server.RaftServer$Division (RaftServerImpl.java:requestVote(1251)) - 204ebb6c-eb9c-4605-8b0a-417067302917@group-4B191A258550 replies to ELECTION vote request: 22174ed7-3438-44c1-87a9-382e0277420a<-204ebb6c-eb9c-4605-8b0a-417067302917#0:OK-t3. Peer's state: 204ebb6c-eb9c-4605-8b0a-417067302917@group-4B191A258550:t3, leader=null, voted=22174ed7-3438-44c1-87a9-382e0277420a, raftlog=Memoized:204ebb6c-eb9c-4605-8b0a-417067302917@group-4B191A258550-SegmentedRaftLog:OPENED:c-1, conf=-1: peers:[22174ed7-3438-44c1-87a9-382e0277420a|rpc:10.1.0.27:36955|dataStream:10.1.0.27:45849|priority:0|startupRole:FOLLOWER, 204ebb6c-eb9c-4605-8b0a-417067302917|rpc:10.1.0.27:38461|dataStream:10.1.0.27:40035|priority:0|startupRole:FOLLOWER, 37be314e-42cf-4ee9-a18e-baad7075c611|rpc:10.1.0.27:32955|dataStream:10.1.0.27:45453|priority:1|startupRole:FOLLOWER]|listeners:[], old=null
2023-01-09 20:09:57,360 [grpc-default-executor-6] INFO  server.RaftServer$Division (RaftServerImpl.java:setRole(321)) - 37be314e-42cf-4ee9-a18e-baad7075c611@group-4B191A258550: changes role from  FOLLOWER to FOLLOWER at term 3 for candidate:22174ed7-3438-44c1-87a9-382e0277420a
2023-01-09 20:09:57,360 [grpc-default-executor-6] INFO  impl.RoleInfo (RoleInfo.java:shutdownFollowerState(110)) - 37be314e-42cf-4ee9-a18e-baad7075c611: shutdown 37be314e-42cf-4ee9-a18e-baad7075c611@group-4B191A258550-FollowerState
2023-01-09 20:09:57,360 [37be314e-42cf-4ee9-a18e-baad7075c611@group-4B191A258550-FollowerState] INFO  impl.FollowerState (FollowerState.java:run(152)) - 37be314e-42cf-4ee9-a18e-baad7075c611@group-4B191A258550-FollowerState was interrupted
2023-01-09 20:09:57,360 [grpc-default-executor-6] INFO  impl.RoleInfo (RoleInfo.java:updateAndGet(139)) - 37be314e-42cf-4ee9-a18e-baad7075c611: start 37be314e-42cf-4ee9-a18e-baad7075c611@group-4B191A258550-FollowerState
2023-01-09 20:09:57,362 [37be314e-42cf-4ee9-a18e-baad7075c611@group-4B191A258550-FollowerState] INFO  server.RaftServerConfigKeys (ConfUtils.java:logFallback(53)) - raft.server.rpc.first-election.timeout.min = 5s (fallback to raft.server.rpc.timeout.min)
2023-01-09 20:09:57,362 [37be314e-42cf-4ee9-a18e-baad7075c611@group-4B191A258550-FollowerState] INFO  server.RaftServerConfigKeys (ConfUtils.java:logFallback(53)) - raft.server.rpc.first-election.timeout.max = 5200ms (fallback to raft.server.rpc.timeout.max)
2023-01-09 20:09:57,363 [grpc-default-executor-6] INFO  server.RaftServer$Division (RaftServerImpl.java:requestVote(1251)) - 37be314e-42cf-4ee9-a18e-baad7075c611@group-4B191A258550 replies to ELECTION vote request: 22174ed7-3438-44c1-87a9-382e0277420a<-37be314e-42cf-4ee9-a18e-baad7075c611#0:FAIL-t3. Peer's state: 37be314e-42cf-4ee9-a18e-baad7075c611@group-4B191A258550:t3, leader=null, voted=null, raftlog=Memoized:37be314e-42cf-4ee9-a18e-baad7075c611@group-4B191A258550-SegmentedRaftLog:OPENED:c-1, conf=-1: peers:[22174ed7-3438-44c1-87a9-382e0277420a|rpc:10.1.0.27:36955|dataStream:10.1.0.27:45849|priority:0|startupRole:FOLLOWER, 204ebb6c-eb9c-4605-8b0a-417067302917|rpc:10.1.0.27:38461|dataStream:10.1.0.27:40035|priority:0|startupRole:FOLLOWER, 37be314e-42cf-4ee9-a18e-baad7075c611|rpc:10.1.0.27:32955|dataStream:10.1.0.27:45453|priority:1|startupRole:FOLLOWER]|listeners:[], old=null
2023-01-09 20:09:57,364 [22174ed7-3438-44c1-87a9-382e0277420a@group-4B191A258550-LeaderElection24] INFO  impl.LeaderElection (LeaderElection.java:logAndReturn(90)) - 22174ed7-3438-44c1-87a9-382e0277420a@group-4B191A258550-LeaderElection24: ELECTION REJECTED received 2 response(s) and 0 exception(s):
2023-01-09 20:09:57,364 [22174ed7-3438-44c1-87a9-382e0277420a@group-4B191A258550-LeaderElection24] INFO  impl.LeaderElection (LeaderElection.java:logAndReturn(94)) -   Response 0: 22174ed7-3438-44c1-87a9-382e0277420a<-204ebb6c-eb9c-4605-8b0a-417067302917#0:OK-t3
2023-01-09 20:09:57,364 [22174ed7-3438-44c1-87a9-382e0277420a@group-4B191A258550-LeaderElection24] INFO  impl.LeaderElection (LeaderElection.java:logAndReturn(94)) -   Response 1: 22174ed7-3438-44c1-87a9-382e0277420a<-37be314e-42cf-4ee9-a18e-baad7075c611#0:FAIL-t3
2023-01-09 20:09:57,364 [22174ed7-3438-44c1-87a9-382e0277420a@group-4B191A258550-LeaderElection24] INFO  impl.LeaderElection (LeaderElection.java:askForVotes(314)) - 22174ed7-3438-44c1-87a9-382e0277420a@group-4B191A258550-LeaderElection24 ELECTION round 0: result REJECTED
2023-01-09 20:09:57,364 [22174ed7-3438-44c1-87a9-382e0277420a@group-4B191A258550-LeaderElection24] INFO  server.RaftServer$Division (RaftServerImpl.java:setRole(321)) - 22174ed7-3438-44c1-87a9-382e0277420a@group-4B191A258550: changes role from CANDIDATE to FOLLOWER at term 3 for REJECTED
2023-01-09 20:09:57,364 [22174ed7-3438-44c1-87a9-382e0277420a@group-4B191A258550-LeaderElection24] INFO  impl.RoleInfo (RoleInfo.java:shutdownLeaderElection(130)) - 22174ed7-3438-44c1-87a9-382e0277420a: shutdown 22174ed7-3438-44c1-87a9-382e0277420a@group-4B191A258550-LeaderElection24
2023-01-09 20:09:57,364 [22174ed7-3438-44c1-87a9-382e0277420a@group-4B191A258550-LeaderElection24] INFO  impl.RoleInfo (RoleInfo.java:updateAndGet(139)) - 22174ed7-3438-44c1-87a9-382e0277420a: start 22174ed7-3438-44c1-87a9-382e0277420a@group-4B191A258550-FollowerState
2023-01-09 20:09:57,365 [22174ed7-3438-44c1-87a9-382e0277420a@group-4B191A258550-FollowerState] INFO  server.RaftServerConfigKeys (ConfUtils.java:logFallback(53)) - raft.server.rpc.first-election.timeout.min = 5s (fallback to raft.server.rpc.timeout.min)
2023-01-09 20:09:57,365 [22174ed7-3438-44c1-87a9-382e0277420a@group-4B191A258550-FollowerState] INFO  server.RaftServerConfigKeys (ConfUtils.java:logFallback(53)) - raft.server.rpc.first-election.timeout.max = 5200ms (fallback to raft.server.rpc.timeout.max)
2023-01-09 20:09:57,370 [204ebb6c-eb9c-4605-8b0a-417067302917@group-4B191A258550-FollowerState] INFO  server.RaftServerConfigKeys (ConfUtils.java:logFallback(53)) - raft.server.rpc.first-election.timeout.min = 5s (fallback to raft.server.rpc.timeout.min)
2023-01-09 20:09:57,370 [204ebb6c-eb9c-4605-8b0a-417067302917@group-4B191A258550-FollowerState] INFO  server.RaftServerConfigKeys (ConfUtils.java:logFallback(53)) - raft.server.rpc.first-election.timeout.max = 5200ms (fallback to raft.server.rpc.timeout.max)
2023-01-09 20:09:57,560 [grpc-default-executor-6] WARN  server.GrpcLogAppender (LogUtils.java:warn(122)) - 93b0d557-27ed-4241-a042-86e84b32abbd@group-598432169F60->26559c5d-eeb2-413a-b661-4afee7d58202-AppendLogResponseHandler: Failed appendEntries: org.apache.ratis.thirdparty.io.grpc.StatusRuntimeException: UNAVAILABLE: io exception
2023-01-09 20:09:57,561 [grpc-default-executor-1] WARN  server.GrpcLogAppender (LogUtils.java:warn(122)) - 93b0d557-27ed-4241-a042-86e84b32abbd@group-598432169F60->26559c5d-eeb2-413a-b661-4afee7d58202-AppendLogResponseHandler: Failed appendEntries: org.apache.ratis.thirdparty.io.grpc.StatusRuntimeException: UNAVAILABLE: io exception
2023-01-09 20:09:57,562 [grpc-default-executor-6] WARN  server.GrpcLogAppender (GrpcLogAppender.java:resetClient(131)) - 93b0d557-27ed-4241-a042-86e84b32abbd@group-598432169F60->26559c5d-eeb2-413a-b661-4afee7d58202-GrpcLogAppender: Leader has not got in touch with Follower 93b0d557-27ed-4241-a042-86e84b32abbd@group-598432169F60->26559c5d-eeb2-413a-b661-4afee7d58202(c-1,m0,n1, attendVote=true, lastRpcSendTime=1, lastRpcResponseTime=8970) yet, just keep nextIndex unchanged and retry.
2023-01-09 20:09:57,563 [grpc-default-executor-1] WARN  server.GrpcLogAppender (GrpcLogAppender.java:resetClient(131)) - 93b0d557-27ed-4241-a042-86e84b32abbd@group-598432169F60->26559c5d-eeb2-413a-b661-4afee7d58202-GrpcLogAppender: Leader has not got in touch with Follower 93b0d557-27ed-4241-a042-86e84b32abbd@group-598432169F60->26559c5d-eeb2-413a-b661-4afee7d58202(c-1,m0,n1, attendVote=true, lastRpcSendTime=3, lastRpcResponseTime=8972) yet, just keep nextIndex unchanged and retry.
2023-01-09 20:09:58,181 [grpc-default-executor-1] WARN  server.GrpcLogAppender (LogUtils.java:warn(122)) - cbda9cd1-c9bf-468c-9ce3-2b320cdae76d@group-D8C695AA2570->26559c5d-eeb2-413a-b661-4afee7d58202-AppendLogResponseHandler: Failed appendEntries: org.apache.ratis.thirdparty.io.grpc.StatusRuntimeException: UNAVAILABLE: io exception
2023-01-09 20:09:58,181 [grpc-default-executor-6] WARN  server.GrpcLogAppender (LogUtils.java:warn(122)) - cbda9cd1-c9bf-468c-9ce3-2b320cdae76d@group-D8C695AA2570->26559c5d-eeb2-413a-b661-4afee7d58202-AppendLogResponseHandler: Failed appendEntries: org.apache.ratis.thirdparty.io.grpc.StatusRuntimeException: UNAVAILABLE: io exception
2023-01-09 20:09:58,182 [grpc-default-executor-1] WARN  server.GrpcLogAppender (GrpcLogAppender.java:resetClient(131)) - cbda9cd1-c9bf-468c-9ce3-2b320cdae76d@group-D8C695AA2570->26559c5d-eeb2-413a-b661-4afee7d58202-GrpcLogAppender: Leader has not got in touch with Follower cbda9cd1-c9bf-468c-9ce3-2b320cdae76d@group-D8C695AA2570->26559c5d-eeb2-413a-b661-4afee7d58202(c-1,m0,n1, attendVote=true, lastRpcSendTime=1251, lastRpcResponseTime=9022) yet, just keep nextIndex unchanged and retry.
2023-01-09 20:09:58,185 [grpc-default-executor-6] WARN  server.GrpcLogAppender (GrpcLogAppender.java:resetClient(131)) - cbda9cd1-c9bf-468c-9ce3-2b320cdae76d@group-D8C695AA2570->26559c5d-eeb2-413a-b661-4afee7d58202-GrpcLogAppender: Leader has not got in touch with Follower cbda9cd1-c9bf-468c-9ce3-2b320cdae76d@group-D8C695AA2570->26559c5d-eeb2-413a-b661-4afee7d58202(c-1,m0,n1, attendVote=true, lastRpcSendTime=1254, lastRpcResponseTime=9024) yet, just keep nextIndex unchanged and retry.
2023-01-09 20:09:58,186 [grpc-default-executor-6] WARN  server.GrpcLogAppender (LogUtils.java:warn(122)) - cbda9cd1-c9bf-468c-9ce3-2b320cdae76d@group-D8C695AA2570->26559c5d-eeb2-413a-b661-4afee7d58202-AppendLogResponseHandler: Failed appendEntries: org.apache.ratis.thirdparty.io.grpc.StatusRuntimeException: UNAVAILABLE: io exception
2023-01-09 20:09:58,186 [grpc-default-executor-1] WARN  server.GrpcLogAppender (LogUtils.java:warn(122)) - cbda9cd1-c9bf-468c-9ce3-2b320cdae76d@group-D8C695AA2570->26559c5d-eeb2-413a-b661-4afee7d58202-AppendLogResponseHandler: Failed appendEntries: org.apache.ratis.thirdparty.io.grpc.StatusRuntimeException: UNAVAILABLE: io exception
2023-01-09 20:09:58,187 [grpc-default-executor-6] WARN  server.GrpcLogAppender (GrpcLogAppender.java:resetClient(131)) - cbda9cd1-c9bf-468c-9ce3-2b320cdae76d@group-D8C695AA2570->26559c5d-eeb2-413a-b661-4afee7d58202-GrpcLogAppender: Leader has not got in touch with Follower cbda9cd1-c9bf-468c-9ce3-2b320cdae76d@group-D8C695AA2570->26559c5d-eeb2-413a-b661-4afee7d58202(c-1,m0,n1, attendVote=true, lastRpcSendTime=1255, lastRpcResponseTime=9026) yet, just keep nextIndex unchanged and retry.
2023-01-09 20:09:58,188 [grpc-default-executor-1] WARN  server.GrpcLogAppender (GrpcLogAppender.java:resetClient(131)) - cbda9cd1-c9bf-468c-9ce3-2b320cdae76d@group-D8C695AA2570->26559c5d-eeb2-413a-b661-4afee7d58202-GrpcLogAppender: Leader has not got in touch with Follower cbda9cd1-c9bf-468c-9ce3-2b320cdae76d@group-D8C695AA2570->26559c5d-eeb2-413a-b661-4afee7d58202(c-1,m0,n1, attendVote=true, lastRpcSendTime=1257, lastRpcResponseTime=9028) yet, just keep nextIndex unchanged and retry.
2023-01-09 20:09:58,189 [grpc-default-executor-1] WARN  server.GrpcLogAppender (LogUtils.java:warn(122)) - cbda9cd1-c9bf-468c-9ce3-2b320cdae76d@group-D8C695AA2570->26559c5d-eeb2-413a-b661-4afee7d58202-AppendLogResponseHandler: Failed appendEntries: org.apache.ratis.thirdparty.io.grpc.StatusRuntimeException: UNAVAILABLE: io exception
2023-01-09 20:09:58,189 [grpc-default-executor-6] WARN  server.GrpcLogAppender (LogUtils.java:warn(122)) - cbda9cd1-c9bf-468c-9ce3-2b320cdae76d@group-D8C695AA2570->26559c5d-eeb2-413a-b661-4afee7d58202-AppendLogResponseHandler: Failed appendEntries: org.apache.ratis.thirdparty.io.grpc.StatusRuntimeException: UNAVAILABLE: io exception
2023-01-09 20:09:58,191 [grpc-default-executor-1] WARN  server.GrpcLogAppender (GrpcLogAppender.java:resetClient(131)) - cbda9cd1-c9bf-468c-9ce3-2b320cdae76d@group-D8C695AA2570->26559c5d-eeb2-413a-b661-4afee7d58202-GrpcLogAppender: Leader has not got in touch with Follower cbda9cd1-c9bf-468c-9ce3-2b320cdae76d@group-D8C695AA2570->26559c5d-eeb2-413a-b661-4afee7d58202(c-1,m0,n1, attendVote=true, lastRpcSendTime=1260, lastRpcResponseTime=9030) yet, just keep nextIndex unchanged and retry.
2023-01-09 20:09:58,191 [grpc-default-executor-6] WARN  server.GrpcLogAppender (GrpcLogAppender.java:resetClient(131)) - cbda9cd1-c9bf-468c-9ce3-2b320cdae76d@group-D8C695AA2570->26559c5d-eeb2-413a-b661-4afee7d58202-GrpcLogAppender: Leader has not got in touch with Follower cbda9cd1-c9bf-468c-9ce3-2b320cdae76d@group-D8C695AA2570->26559c5d-eeb2-413a-b661-4afee7d58202(c-1,m0,n1, attendVote=true, lastRpcSendTime=1260, lastRpcResponseTime=9030) yet, just keep nextIndex unchanged and retry.
2023-01-09 20:09:58,192 [grpc-default-executor-6] WARN  server.GrpcLogAppender (LogUtils.java:warn(122)) - cbda9cd1-c9bf-468c-9ce3-2b320cdae76d@group-D8C695AA2570->26559c5d-eeb2-413a-b661-4afee7d58202-AppendLogResponseHandler: Failed appendEntries: org.apache.ratis.thirdparty.io.grpc.StatusRuntimeException: UNAVAILABLE: io exception
2023-01-09 20:09:58,192 [grpc-default-executor-1] WARN  server.GrpcLogAppender (LogUtils.java:warn(122)) - cbda9cd1-c9bf-468c-9ce3-2b320cdae76d@group-D8C695AA2570->26559c5d-eeb2-413a-b661-4afee7d58202-AppendLogResponseHandler: Failed appendEntries: org.apache.ratis.thirdparty.io.grpc.StatusRuntimeException: UNAVAILABLE: io exception
2023-01-09 20:09:58,193 [grpc-default-executor-6] WARN  server.GrpcLogAppender (GrpcLogAppender.java:resetClient(131)) - cbda9cd1-c9bf-468c-9ce3-2b320cdae76d@group-D8C695AA2570->26559c5d-eeb2-413a-b661-4afee7d58202-GrpcLogAppender: Leader has not got in touch with Follower cbda9cd1-c9bf-468c-9ce3-2b320cdae76d@group-D8C695AA2570->26559c5d-eeb2-413a-b661-4afee7d58202(c-1,m0,n1, attendVote=true, lastRpcSendTime=1262, lastRpcResponseTime=9033) yet, just keep nextIndex unchanged and retry.
2023-01-09 20:09:58,196 [grpc-default-executor-1] WARN  server.GrpcLogAppender (GrpcLogAppender.java:resetClient(131)) - cbda9cd1-c9bf-468c-9ce3-2b320cdae76d@group-D8C695AA2570->26559c5d-eeb2-413a-b661-4afee7d58202-GrpcLogAppender: Leader has not got in touch with Follower cbda9cd1-c9bf-468c-9ce3-2b320cdae76d@group-D8C695AA2570->26559c5d-eeb2-413a-b661-4afee7d58202(c-1,m0,n1, attendVote=true, lastRpcSendTime=1264, lastRpcResponseTime=9035) yet, just keep nextIndex unchanged and retry.
2023-01-09 20:09:58,197 [grpc-default-executor-1] WARN  server.GrpcLogAppender (LogUtils.java:warn(122)) - cbda9cd1-c9bf-468c-9ce3-2b320cdae76d@group-D8C695AA2570->26559c5d-eeb2-413a-b661-4afee7d58202-AppendLogResponseHandler: Failed appendEntries: org.apache.ratis.thirdparty.io.grpc.StatusRuntimeException: UNAVAILABLE: io exception
2023-01-09 20:09:58,197 [grpc-default-executor-6] WARN  server.GrpcLogAppender (LogUtils.java:warn(122)) - cbda9cd1-c9bf-468c-9ce3-2b320cdae76d@group-D8C695AA2570->26559c5d-eeb2-413a-b661-4afee7d58202-AppendLogResponseHandler: Failed appendEntries: org.apache.ratis.thirdparty.io.grpc.StatusRuntimeException: UNAVAILABLE: io exception
2023-01-09 20:09:58,198 [grpc-default-executor-1] WARN  server.GrpcLogAppender (GrpcLogAppender.java:resetClient(131)) - cbda9cd1-c9bf-468c-9ce3-2b320cdae76d@group-D8C695AA2570->26559c5d-eeb2-413a-b661-4afee7d58202-GrpcLogAppender: Leader has not got in touch with Follower cbda9cd1-c9bf-468c-9ce3-2b320cdae76d@group-D8C695AA2570->26559c5d-eeb2-413a-b661-4afee7d58202(c-1,m0,n1, attendVote=true, lastRpcSendTime=1267, lastRpcResponseTime=9037) yet, just keep nextIndex unchanged and retry.
2023-01-09 20:09:58,198 [grpc-default-executor-6] WARN  server.GrpcLogAppender (GrpcLogAppender.java:resetClient(131)) - cbda9cd1-c9bf-468c-9ce3-2b320cdae76d@group-D8C695AA2570->26559c5d-eeb2-413a-b661-4afee7d58202-GrpcLogAppender: Leader has not got in touch with Follower cbda9cd1-c9bf-468c-9ce3-2b320cdae76d@group-D8C695AA2570->26559c5d-eeb2-413a-b661-4afee7d58202(c-1,m0,n1, attendVote=true, lastRpcSendTime=1267, lastRpcResponseTime=9038) yet, just keep nextIndex unchanged and retry.
2023-01-09 20:09:58,199 [grpc-default-executor-6] WARN  server.GrpcLogAppender (LogUtils.java:warn(122)) - cbda9cd1-c9bf-468c-9ce3-2b320cdae76d@group-D8C695AA2570->26559c5d-eeb2-413a-b661-4afee7d58202-AppendLogResponseHandler: Failed appendEntries: org.apache.ratis.thirdparty.io.grpc.StatusRuntimeException: UNAVAILABLE: io exception
2023-01-09 20:09:58,200 [grpc-default-executor-1] WARN  server.GrpcLogAppender (LogUtils.java:warn(122)) - cbda9cd1-c9bf-468c-9ce3-2b320cdae76d@group-D8C695AA2570->26559c5d-eeb2-413a-b661-4afee7d58202-AppendLogResponseHandler: Failed appendEntries: org.apache.ratis.thirdparty.io.grpc.StatusRuntimeException: UNAVAILABLE: io exception
2023-01-09 20:09:58,200 [grpc-default-executor-6] WARN  server.GrpcLogAppender (GrpcLogAppender.java:resetClient(131)) - cbda9cd1-c9bf-468c-9ce3-2b320cdae76d@group-D8C695AA2570->26559c5d-eeb2-413a-b661-4afee7d58202-GrpcLogAppender: Leader has not got in touch with Follower cbda9cd1-c9bf-468c-9ce3-2b320cdae76d@group-D8C695AA2570->26559c5d-eeb2-413a-b661-4afee7d58202(c-1,m0,n1, attendVote=true, lastRpcSendTime=1269, lastRpcResponseTime=9040) yet, just keep nextIndex unchanged and retry.
2023-01-09 20:09:58,201 [grpc-default-executor-1] WARN  server.GrpcLogAppender (GrpcLogAppender.java:resetClient(131)) - cbda9cd1-c9bf-468c-9ce3-2b320cdae76d@group-D8C695AA2570->26559c5d-eeb2-413a-b661-4afee7d58202-GrpcLogAppender: Leader has not got in touch with Follower cbda9cd1-c9bf-468c-9ce3-2b320cdae76d@group-D8C695AA2570->26559c5d-eeb2-413a-b661-4afee7d58202(c-1,m0,n1, attendVote=true, lastRpcSendTime=1270, lastRpcResponseTime=9041) yet, just keep nextIndex unchanged and retry.
2023-01-09 20:09:58,202 [grpc-default-executor-1] WARN  server.GrpcLogAppender (LogUtils.java:warn(122)) - cbda9cd1-c9bf-468c-9ce3-2b320cdae76d@group-D8C695AA2570->26559c5d-eeb2-413a-b661-4afee7d58202-AppendLogResponseHandler: Failed appendEntries: org.apache.ratis.thirdparty.io.grpc.StatusRuntimeException: UNAVAILABLE: io exception
2023-01-09 20:09:58,202 [grpc-default-executor-6] WARN  server.GrpcLogAppender (LogUtils.java:warn(122)) - cbda9cd1-c9bf-468c-9ce3-2b320cdae76d@group-D8C695AA2570->26559c5d-eeb2-413a-b661-4afee7d58202-AppendLogResponseHandler: Failed appendEntries: org.apache.ratis.thirdparty.io.grpc.StatusRuntimeException: UNAVAILABLE: io exception
2023-01-09 20:09:58,203 [grpc-default-executor-1] WARN  server.GrpcLogAppender (GrpcLogAppender.java:resetClient(131)) - cbda9cd1-c9bf-468c-9ce3-2b320cdae76d@group-D8C695AA2570->26559c5d-eeb2-413a-b661-4afee7d58202-GrpcLogAppender: Leader has not got in touch with Follower cbda9cd1-c9bf-468c-9ce3-2b320cdae76d@group-D8C695AA2570->26559c5d-eeb2-413a-b661-4afee7d58202(c-1,m0,n1, attendVote=true, lastRpcSendTime=0, lastRpcResponseTime=9043) yet, just keep nextIndex unchanged and retry.
2023-01-09 20:09:58,203 [grpc-default-executor-6] WARN  server.GrpcLogAppender (GrpcLogAppender.java:resetClient(131)) - cbda9cd1-c9bf-468c-9ce3-2b320cdae76d@group-D8C695AA2570->26559c5d-eeb2-413a-b661-4afee7d58202-GrpcLogAppender: Leader has not got in touch with Follower cbda9cd1-c9bf-468c-9ce3-2b320cdae76d@group-D8C695AA2570->26559c5d-eeb2-413a-b661-4afee7d58202(c-1,m0,n1, attendVote=true, lastRpcSendTime=0, lastRpcResponseTime=9043) yet, just keep nextIndex unchanged and retry.
2023-01-09 20:09:58,811 [grpc-default-executor-1] WARN  server.GrpcLogAppender (LogUtils.java:warn(122)) - 93b0d557-27ed-4241-a042-86e84b32abbd@group-598432169F60->26559c5d-eeb2-413a-b661-4afee7d58202-AppendLogResponseHandler: Failed appendEntries: org.apache.ratis.thirdparty.io.grpc.StatusRuntimeException: UNAVAILABLE: io exception
2023-01-09 20:09:58,811 [grpc-default-executor-6] WARN  server.GrpcLogAppender (LogUtils.java:warn(122)) - 93b0d557-27ed-4241-a042-86e84b32abbd@group-598432169F60->26559c5d-eeb2-413a-b661-4afee7d58202-AppendLogResponseHandler: Failed appendEntries: org.apache.ratis.thirdparty.io.grpc.StatusRuntimeException: UNAVAILABLE: io exception
2023-01-09 20:09:58,812 [grpc-default-executor-1] WARN  server.GrpcLogAppender (GrpcLogAppender.java:resetClient(131)) - 93b0d557-27ed-4241-a042-86e84b32abbd@group-598432169F60->26559c5d-eeb2-413a-b661-4afee7d58202-GrpcLogAppender: Leader has not got in touch with Follower 93b0d557-27ed-4241-a042-86e84b32abbd@group-598432169F60->26559c5d-eeb2-413a-b661-4afee7d58202(c-1,m0,n1, attendVote=true, lastRpcSendTime=1251, lastRpcResponseTime=10220) yet, just keep nextIndex unchanged and retry.
2023-01-09 20:09:58,814 [grpc-default-executor-6] WARN  server.GrpcLogAppender (GrpcLogAppender.java:resetClient(131)) - 93b0d557-27ed-4241-a042-86e84b32abbd@group-598432169F60->26559c5d-eeb2-413a-b661-4afee7d58202-GrpcLogAppender: Leader has not got in touch with Follower 93b0d557-27ed-4241-a042-86e84b32abbd@group-598432169F60->26559c5d-eeb2-413a-b661-4afee7d58202(c-1,m0,n1, attendVote=true, lastRpcSendTime=1254, lastRpcResponseTime=10222) yet, just keep nextIndex unchanged and retry.
2023-01-09 20:09:58,816 [grpc-default-executor-6] WARN  server.GrpcLogAppender (LogUtils.java:warn(122)) - 93b0d557-27ed-4241-a042-86e84b32abbd@group-598432169F60->26559c5d-eeb2-413a-b661-4afee7d58202-AppendLogResponseHandler: Failed appendEntries: org.apache.ratis.thirdparty.io.grpc.StatusRuntimeException: UNAVAILABLE: io exception
2023-01-09 20:09:58,816 [grpc-default-executor-1] WARN  server.GrpcLogAppender (LogUtils.java:warn(122)) - 93b0d557-27ed-4241-a042-86e84b32abbd@group-598432169F60->26559c5d-eeb2-413a-b661-4afee7d58202-AppendLogResponseHandler: Failed appendEntries: org.apache.ratis.thirdparty.io.grpc.StatusRuntimeException: UNAVAILABLE: io exception
2023-01-09 20:09:58,816 [grpc-default-executor-6] WARN  server.GrpcLogAppender (GrpcLogAppender.java:resetClient(131)) - 93b0d557-27ed-4241-a042-86e84b32abbd@group-598432169F60->26559c5d-eeb2-413a-b661-4afee7d58202-GrpcLogAppender: Leader has not got in touch with Follower 93b0d557-27ed-4241-a042-86e84b32abbd@group-598432169F60->26559c5d-eeb2-413a-b661-4afee7d58202(c-1,m0,n1, attendVote=true, lastRpcSendTime=1256, lastRpcResponseTime=10225) yet, just keep nextIndex unchanged and retry.
2023-01-09 20:09:58,818 [grpc-default-executor-1] WARN  server.GrpcLogAppender (GrpcLogAppender.java:resetClient(131)) - 93b0d557-27ed-4241-a042-86e84b32abbd@group-598432169F60->26559c5d-eeb2-413a-b661-4afee7d58202-GrpcLogAppender: Leader has not got in touch with Follower 93b0d557-27ed-4241-a042-86e84b32abbd@group-598432169F60->26559c5d-eeb2-413a-b661-4afee7d58202(c-1,m0,n1, attendVote=true, lastRpcSendTime=1258, lastRpcResponseTime=10227) yet, just keep nextIndex unchanged and retry.
2023-01-09 20:09:58,819 [grpc-default-executor-0] WARN  server.GrpcLogAppender (LogUtils.java:warn(122)) - 93b0d557-27ed-4241-a042-86e84b32abbd@group-598432169F60->26559c5d-eeb2-413a-b661-4afee7d58202-AppendLogResponseHandler: Failed appendEntries: org.apache.ratis.thirdparty.io.grpc.StatusRuntimeException: UNAVAILABLE: io exception
2023-01-09 20:09:58,820 [grpc-default-executor-0] WARN  server.GrpcLogAppender (GrpcLogAppender.java:resetClient(131)) - 93b0d557-27ed-4241-a042-86e84b32abbd@group-598432169F60->26559c5d-eeb2-413a-b661-4afee7d58202-GrpcLogAppender: Leader has not got in touch with Follower 93b0d557-27ed-4241-a042-86e84b32abbd@group-598432169F60->26559c5d-eeb2-413a-b661-4afee7d58202(c-1,m0,n1, attendVote=true, lastRpcSendTime=1, lastRpcResponseTime=10229) yet, just keep nextIndex unchanged and retry.
2023-01-09 20:09:58,819 [grpc-default-executor-6] WARN  server.GrpcLogAppender (LogUtils.java:warn(122)) - 93b0d557-27ed-4241-a042-86e84b32abbd@group-598432169F60->26559c5d-eeb2-413a-b661-4afee7d58202-AppendLogResponseHandler: Failed appendEntries: org.apache.ratis.thirdparty.io.grpc.StatusRuntimeException: UNAVAILABLE: io exception
2023-01-09 20:09:58,821 [grpc-default-executor-6] WARN  server.GrpcLogAppender (GrpcLogAppender.java:resetClient(131)) - 93b0d557-27ed-4241-a042-86e84b32abbd@group-598432169F60->26559c5d-eeb2-413a-b661-4afee7d58202-GrpcLogAppender: Leader has not got in touch with Follower 93b0d557-27ed-4241-a042-86e84b32abbd@group-598432169F60->26559c5d-eeb2-413a-b661-4afee7d58202(c-1,m0,n1, attendVote=true, lastRpcSendTime=2, lastRpcResponseTime=10229) yet, just keep nextIndex unchanged and retry.
2023-01-09 20:09:59,007 [93b0d557-27ed-4241-a042-86e84b32abbd@group-598432169F60-LeaderStateImpl] INFO  server.RaftServer$Division (LeaderStateImpl.java:yieldLeaderToHigherPriorityPeer(978)) - 93b0d557-27ed-4241-a042-86e84b32abbd@group-598432169F60-LeaderStateImpl send StartLeaderElectionRequest to follower:26559c5d-eeb2-413a-b661-4afee7d58202 on term:2 because follower's priority:1 is higher than leader's:0 and follower's lastEntry index:0 catch up with leader's:0
2023-01-09 20:09:59,370 [Command processor thread] INFO  server.RaftServer (RaftServerProxy.java:remove(107)) - cbda9cd1-c9bf-468c-9ce3-2b320cdae76d: remove  FOLLOWER cbda9cd1-c9bf-468c-9ce3-2b320cdae76d@group-598432169F60:t2, leader=93b0d557-27ed-4241-a042-86e84b32abbd, voted=93b0d557-27ed-4241-a042-86e84b32abbd, raftlog=Memoized:cbda9cd1-c9bf-468c-9ce3-2b320cdae76d@group-598432169F60-SegmentedRaftLog:OPENED:c0, conf=0: peers:[93b0d557-27ed-4241-a042-86e84b32abbd|rpc:10.1.0.27:38305|dataStream:10.1.0.27:40935|priority:0|startupRole:FOLLOWER, cbda9cd1-c9bf-468c-9ce3-2b320cdae76d|rpc:10.1.0.27:39195|dataStream:10.1.0.27:44727|priority:0|startupRole:FOLLOWER, 26559c5d-eeb2-413a-b661-4afee7d58202|rpc:10.1.0.27:44647|dataStream:10.1.0.27:46099|priority:1|startupRole:FOLLOWER]|listeners:[], old=null RUNNING
2023-01-09 20:09:59,373 [Command processor thread] INFO  server.RaftServer$Division (RaftServerImpl.java:lambda$close$4(458)) - cbda9cd1-c9bf-468c-9ce3-2b320cdae76d@group-598432169F60: shutdown
2023-01-09 20:09:59,373 [Command processor thread] INFO  util.JmxRegister (JmxRegister.java:unregister(73)) - Successfully un-registered JMX Bean with object name Ratis:service=RaftServer,group=group-598432169F60,id=cbda9cd1-c9bf-468c-9ce3-2b320cdae76d
2023-01-09 20:09:59,373 [Command processor thread] INFO  impl.RoleInfo (RoleInfo.java:shutdownFollowerState(110)) - cbda9cd1-c9bf-468c-9ce3-2b320cdae76d: shutdown cbda9cd1-c9bf-468c-9ce3-2b320cdae76d@group-598432169F60-FollowerState
2023-01-09 20:09:59,373 [Command processor thread] INFO  impl.StateMachineUpdater (StateMachineUpdater.java:stopAndJoin(153)) - cbda9cd1-c9bf-468c-9ce3-2b320cdae76d@group-598432169F60-StateMachineUpdater: set stopIndex = 0
2023-01-09 20:09:59,375 [cbda9cd1-c9bf-468c-9ce3-2b320cdae76d@group-598432169F60-StateMachineUpdater] INFO  ratis.ContainerStateMachine (ContainerStateMachine.java:takeSnapshot(308)) - group-598432169F60: Taking a snapshot at:(t:2, i:0) file /home/runner/work/ozone/ozone/hadoop-ozone/integration-test/target/test-dir/MiniOzoneClusterImpl-dc953f1b-8f43-4e25-a114-36b3b0290d25/datanode-5/data/ratis/072de9a2-1de7-4e13-a23f-598432169f60/sm/snapshot.2_0
2023-01-09 20:09:59,376 [cbda9cd1-c9bf-468c-9ce3-2b320cdae76d@group-598432169F60-FollowerState] INFO  impl.FollowerState (FollowerState.java:run(152)) - cbda9cd1-c9bf-468c-9ce3-2b320cdae76d@group-598432169F60-FollowerState was interrupted
2023-01-09 20:09:59,376 [cbda9cd1-c9bf-468c-9ce3-2b320cdae76d@group-598432169F60-StateMachineUpdater] INFO  ratis.ContainerStateMachine (ContainerStateMachine.java:takeSnapshot(319)) - group-598432169F60: Finished taking a snapshot at:(t:2, i:0) file:/home/runner/work/ozone/ozone/hadoop-ozone/integration-test/target/test-dir/MiniOzoneClusterImpl-dc953f1b-8f43-4e25-a114-36b3b0290d25/datanode-5/data/ratis/072de9a2-1de7-4e13-a23f-598432169f60/sm/snapshot.2_0 took: 1 ms
2023-01-09 20:09:59,376 [cbda9cd1-c9bf-468c-9ce3-2b320cdae76d@group-598432169F60-StateMachineUpdater] INFO  impl.StateMachineUpdater (StateMachineUpdater.java:takeSnapshot(287)) - cbda9cd1-c9bf-468c-9ce3-2b320cdae76d@group-598432169F60-StateMachineUpdater: Took a snapshot at index 0
2023-01-09 20:09:59,376 [cbda9cd1-c9bf-468c-9ce3-2b320cdae76d@group-598432169F60-StateMachineUpdater] INFO  impl.StateMachineUpdater (StateMachineUpdater.java:lambda$new$0(92)) - cbda9cd1-c9bf-468c-9ce3-2b320cdae76d@group-598432169F60-StateMachineUpdater: snapshotIndex: updateIncreasingly -1 -> 0
2023-01-09 20:09:59,380 [Command processor thread] INFO  server.RaftServer$Division (ServerState.java:close(466)) - cbda9cd1-c9bf-468c-9ce3-2b320cdae76d@group-598432169F60: closes. applyIndex: 0
2023-01-09 20:09:59,380 [cbda9cd1-c9bf-468c-9ce3-2b320cdae76d@group-598432169F60-SegmentedRaftLogWorker] INFO  segmented.SegmentedRaftLogWorker (SegmentedRaftLogWorker.java:run(347)) - cbda9cd1-c9bf-468c-9ce3-2b320cdae76d@group-598432169F60-SegmentedRaftLogWorker was interrupted, exiting. There are 0 tasks remaining in the queue.
2023-01-09 20:09:59,382 [Command processor thread] INFO  segmented.SegmentedRaftLogWorker (SegmentedRaftLogWorker.java:close(257)) - cbda9cd1-c9bf-468c-9ce3-2b320cdae76d@group-598432169F60-SegmentedRaftLogWorker close()
2023-01-09 20:09:59,398 [Command processor thread] INFO  server.RaftServer$Division (RaftServerImpl.java:groupRemove(428)) - cbda9cd1-c9bf-468c-9ce3-2b320cdae76d@group-598432169F60: Succeed to remove RaftStorageDirectory Storage Directory /home/runner/work/ozone/ozone/hadoop-ozone/integration-test/target/test-dir/MiniOzoneClusterImpl-dc953f1b-8f43-4e25-a114-36b3b0290d25/datanode-5/data/ratis/072de9a2-1de7-4e13-a23f-598432169f60
2023-01-09 20:09:59,398 [Command processor thread] INFO  commandhandler.ClosePipelineCommandHandler (ClosePipelineCommandHandler.java:handle(78)) - Close Pipeline PipelineID=072de9a2-1de7-4e13-a23f-598432169f60 command on datanode cbda9cd1-c9bf-468c-9ce3-2b320cdae76d.
2023-01-09 20:09:59,399 [Command processor thread] INFO  server.RaftServer (RaftServerProxy.java:remove(107)) - cbda9cd1-c9bf-468c-9ce3-2b320cdae76d: remove    LEADER cbda9cd1-c9bf-468c-9ce3-2b320cdae76d@group-D8C695AA2570:t2, leader=cbda9cd1-c9bf-468c-9ce3-2b320cdae76d, voted=cbda9cd1-c9bf-468c-9ce3-2b320cdae76d, raftlog=Memoized:cbda9cd1-c9bf-468c-9ce3-2b320cdae76d@group-D8C695AA2570-SegmentedRaftLog:OPENED:c0, conf=0: peers:[93b0d557-27ed-4241-a042-86e84b32abbd|rpc:10.1.0.27:38305|dataStream:10.1.0.27:40935|priority:0|startupRole:FOLLOWER, cbda9cd1-c9bf-468c-9ce3-2b320cdae76d|rpc:10.1.0.27:39195|dataStream:10.1.0.27:44727|priority:1|startupRole:FOLLOWER, 26559c5d-eeb2-413a-b661-4afee7d58202|rpc:10.1.0.27:44647|dataStream:10.1.0.27:46099|priority:0|startupRole:FOLLOWER]|listeners:[], old=null RUNNING
2023-01-09 20:09:59,399 [Command processor thread] INFO  server.RaftServer$Division (RaftServerImpl.java:lambda$close$4(458)) - cbda9cd1-c9bf-468c-9ce3-2b320cdae76d@group-D8C695AA2570: shutdown
2023-01-09 20:09:59,399 [Command processor thread] INFO  util.JmxRegister (JmxRegister.java:unregister(73)) - Successfully un-registered JMX Bean with object name Ratis:service=RaftServer,group=group-D8C695AA2570,id=cbda9cd1-c9bf-468c-9ce3-2b320cdae76d
2023-01-09 20:09:59,399 [Command processor thread] INFO  impl.RoleInfo (RoleInfo.java:shutdownLeaderState(93)) - cbda9cd1-c9bf-468c-9ce3-2b320cdae76d: shutdown cbda9cd1-c9bf-468c-9ce3-2b320cdae76d@group-D8C695AA2570-LeaderStateImpl
2023-01-09 20:09:59,399 [Command processor thread] INFO  impl.PendingRequests (PendingRequests.java:sendNotLeaderResponses(282)) - cbda9cd1-c9bf-468c-9ce3-2b320cdae76d@group-D8C695AA2570-PendingRequests: sendNotLeaderResponses
2023-01-09 20:09:59,404 [cbda9cd1-c9bf-468c-9ce3-2b320cdae76d@group-D8C695AA2570->93b0d557-27ed-4241-a042-86e84b32abbd-GrpcLogAppender-LogAppenderDaemon] WARN  server.GrpcLogAppender (GrpcLogAppender.java:mayWait(200)) - cbda9cd1-c9bf-468c-9ce3-2b320cdae76d@group-D8C695AA2570->93b0d557-27ed-4241-a042-86e84b32abbd-GrpcLogAppender: Wait interrupted by java.lang.InterruptedException
2023-01-09 20:09:59,407 [grpc-default-executor-6] INFO  server.GrpcServerProtocolService (GrpcServerProtocolService.java:onCompleted(143)) - 93b0d557-27ed-4241-a042-86e84b32abbd: Completed APPEND_ENTRIES, lastRequest: cbda9cd1-c9bf-468c-9ce3-2b320cdae76d->93b0d557-27ed-4241-a042-86e84b32abbd#1-t2,previous=(t:0, i:0),leaderCommit=0,initializing? true,entries: size=1, first=(t:2, i:0), CONFIGURATIONENTRY(current:id: "93b0d557-27ed-4241-a042-86e84b32abbd"
address: "10.1.0.27:38305"
dataStreamAddress: "10.1.0.27:40935"
clientAddress: "10.1.0.27:38305"
adminAddress: "10.1.0.27:38305"
startupRole: FOLLOWER
,id: "cbda9cd1-c9bf-468c-9ce3-2b320cdae76d"
address: "10.1.0.27:39195"
priority: 1
dataStreamAddress: "10.1.0.27:44727"
clientAddress: "10.1.0.27:39195"
adminAddress: "10.1.0.27:39195"
startupRole: FOLLOWER
,id: "26559c5d-eeb2-413a-b661-4afee7d58202"
address: "10.1.0.27:44647"
dataStreamAddress: "10.1.0.27:46099"
clientAddress: "10.1.0.27:44647"
adminAddress: "10.1.0.27:44647"
startupRole: FOLLOWER
, old:)
2023-01-09 20:09:59,409 [grpc-default-executor-1] INFO  server.GrpcLogAppender (GrpcLogAppender.java:onCompleted(415)) - cbda9cd1-c9bf-468c-9ce3-2b320cdae76d@group-D8C695AA2570->93b0d557-27ed-4241-a042-86e84b32abbd-AppendLogResponseHandler: follower responses appendEntries COMPLETED
2023-01-09 20:09:59,410 [grpc-default-executor-1] INFO  leader.FollowerInfo (FollowerInfoImpl.java:lambda$new$0(48)) - cbda9cd1-c9bf-468c-9ce3-2b320cdae76d@group-D8C695AA2570->93b0d557-27ed-4241-a042-86e84b32abbd: nextIndex: updateUnconditionally 1 -> 0
2023-01-09 20:09:59,408 [grpc-default-executor-0] INFO  server.GrpcServerProtocolService (GrpcServerProtocolService.java:onCompleted(143)) - 93b0d557-27ed-4241-a042-86e84b32abbd: Completed APPEND_ENTRIES, lastRequest: null
2023-01-09 20:09:59,416 [grpc-default-executor-6] INFO  server.GrpcLogAppender (GrpcLogAppender.java:onCompleted(415)) - cbda9cd1-c9bf-468c-9ce3-2b320cdae76d@group-D8C695AA2570->93b0d557-27ed-4241-a042-86e84b32abbd-AppendLogResponseHandler: follower responses appendEntries COMPLETED
2023-01-09 20:09:59,416 [grpc-default-executor-6] INFO  leader.FollowerInfo (FollowerInfoImpl.java:lambda$new$0(48)) - cbda9cd1-c9bf-468c-9ce3-2b320cdae76d@group-D8C695AA2570->93b0d557-27ed-4241-a042-86e84b32abbd: nextIndex: updateUnconditionally 0 -> 0
2023-01-09 20:09:59,418 [cbda9cd1-c9bf-468c-9ce3-2b320cdae76d@group-D8C695AA2570-StateMachineUpdater] INFO  ratis.ContainerStateMachine (ContainerStateMachine.java:takeSnapshot(308)) - group-D8C695AA2570: Taking a snapshot at:(t:2, i:0) file /home/runner/work/ozone/ozone/hadoop-ozone/integration-test/target/test-dir/MiniOzoneClusterImpl-dc953f1b-8f43-4e25-a114-36b3b0290d25/datanode-5/data/ratis/50c05c9d-8cfa-4c46-bca2-d8c695aa2570/sm/snapshot.2_0
2023-01-09 20:09:59,418 [Command processor thread] INFO  impl.StateMachineUpdater (StateMachineUpdater.java:stopAndJoin(153)) - cbda9cd1-c9bf-468c-9ce3-2b320cdae76d@group-D8C695AA2570-StateMachineUpdater: set stopIndex = 0
2023-01-09 20:09:59,419 [cbda9cd1-c9bf-468c-9ce3-2b320cdae76d@group-D8C695AA2570-StateMachineUpdater] INFO  ratis.ContainerStateMachine (ContainerStateMachine.java:takeSnapshot(319)) - group-D8C695AA2570: Finished taking a snapshot at:(t:2, i:0) file:/home/runner/work/ozone/ozone/hadoop-ozone/integration-test/target/test-dir/MiniOzoneClusterImpl-dc953f1b-8f43-4e25-a114-36b3b0290d25/datanode-5/data/ratis/50c05c9d-8cfa-4c46-bca2-d8c695aa2570/sm/snapshot.2_0 took: 1 ms
2023-01-09 20:09:59,419 [cbda9cd1-c9bf-468c-9ce3-2b320cdae76d@group-D8C695AA2570-StateMachineUpdater] INFO  impl.StateMachineUpdater (StateMachineUpdater.java:takeSnapshot(287)) - cbda9cd1-c9bf-468c-9ce3-2b320cdae76d@group-D8C695AA2570-StateMachineUpdater: Took a snapshot at index 0
2023-01-09 20:09:59,419 [cbda9cd1-c9bf-468c-9ce3-2b320cdae76d@group-D8C695AA2570-StateMachineUpdater] INFO  impl.StateMachineUpdater (StateMachineUpdater.java:lambda$new$0(92)) - cbda9cd1-c9bf-468c-9ce3-2b320cdae76d@group-D8C695AA2570-StateMachineUpdater: snapshotIndex: updateIncreasingly -1 -> 0
2023-01-09 20:09:59,423 [Command processor thread] INFO  server.RaftServer$Division (ServerState.java:close(466)) - cbda9cd1-c9bf-468c-9ce3-2b320cdae76d@group-D8C695AA2570: closes. applyIndex: 0
2023-01-09 20:09:59,423 [cbda9cd1-c9bf-468c-9ce3-2b320cdae76d@group-D8C695AA2570-SegmentedRaftLogWorker] INFO  segmented.SegmentedRaftLogWorker (SegmentedRaftLogWorker.java:run(347)) - cbda9cd1-c9bf-468c-9ce3-2b320cdae76d@group-D8C695AA2570-SegmentedRaftLogWorker was interrupted, exiting. There are 0 tasks remaining in the queue.
2023-01-09 20:09:59,426 [Command processor thread] INFO  segmented.SegmentedRaftLogWorker (SegmentedRaftLogWorker.java:close(257)) - cbda9cd1-c9bf-468c-9ce3-2b320cdae76d@group-D8C695AA2570-SegmentedRaftLogWorker close()
2023-01-09 20:09:59,431 [Command processor thread] INFO  server.RaftServer$Division (RaftServerImpl.java:groupRemove(428)) - cbda9cd1-c9bf-468c-9ce3-2b320cdae76d@group-D8C695AA2570: Succeed to remove RaftStorageDirectory Storage Directory /home/runner/work/ozone/ozone/hadoop-ozone/integration-test/target/test-dir/MiniOzoneClusterImpl-dc953f1b-8f43-4e25-a114-36b3b0290d25/datanode-5/data/ratis/50c05c9d-8cfa-4c46-bca2-d8c695aa2570
2023-01-09 20:09:59,431 [Command processor thread] INFO  commandhandler.ClosePipelineCommandHandler (ClosePipelineCommandHandler.java:handle(78)) - Close Pipeline PipelineID=50c05c9d-8cfa-4c46-bca2-d8c695aa2570 command on datanode cbda9cd1-c9bf-468c-9ce3-2b320cdae76d.
2023-01-09 20:09:59,865 [Command processor thread] INFO  server.RaftServer (RaftServerProxy.java:remove(107)) - 93b0d557-27ed-4241-a042-86e84b32abbd: remove    LEADER 93b0d557-27ed-4241-a042-86e84b32abbd@group-598432169F60:t2, leader=93b0d557-27ed-4241-a042-86e84b32abbd, voted=93b0d557-27ed-4241-a042-86e84b32abbd, raftlog=Memoized:93b0d557-27ed-4241-a042-86e84b32abbd@group-598432169F60-SegmentedRaftLog:OPENED:c0, conf=0: peers:[93b0d557-27ed-4241-a042-86e84b32abbd|rpc:10.1.0.27:38305|dataStream:10.1.0.27:40935|priority:0|startupRole:FOLLOWER, cbda9cd1-c9bf-468c-9ce3-2b320cdae76d|rpc:10.1.0.27:39195|dataStream:10.1.0.27:44727|priority:0|startupRole:FOLLOWER, 26559c5d-eeb2-413a-b661-4afee7d58202|rpc:10.1.0.27:44647|dataStream:10.1.0.27:46099|priority:1|startupRole:FOLLOWER]|listeners:[], old=null RUNNING
2023-01-09 20:09:59,865 [Command processor thread] INFO  server.RaftServer$Division (RaftServerImpl.java:lambda$close$4(458)) - 93b0d557-27ed-4241-a042-86e84b32abbd@group-598432169F60: shutdown
2023-01-09 20:09:59,865 [Command processor thread] INFO  util.JmxRegister (JmxRegister.java:unregister(73)) - Successfully un-registered JMX Bean with object name Ratis:service=RaftServer,group=group-598432169F60,id=93b0d557-27ed-4241-a042-86e84b32abbd
2023-01-09 20:09:59,865 [Command processor thread] INFO  impl.RoleInfo (RoleInfo.java:shutdownLeaderState(93)) - 93b0d557-27ed-4241-a042-86e84b32abbd: shutdown 93b0d557-27ed-4241-a042-86e84b32abbd@group-598432169F60-LeaderStateImpl
2023-01-09 20:09:59,865 [Command processor thread] INFO  impl.PendingRequests (PendingRequests.java:sendNotLeaderResponses(282)) - 93b0d557-27ed-4241-a042-86e84b32abbd@group-598432169F60-PendingRequests: sendNotLeaderResponses
2023-01-09 20:09:59,866 [93b0d557-27ed-4241-a042-86e84b32abbd@group-598432169F60->cbda9cd1-c9bf-468c-9ce3-2b320cdae76d-GrpcLogAppender-LogAppenderDaemon] WARN  server.GrpcLogAppender (GrpcLogAppender.java:mayWait(200)) - 93b0d557-27ed-4241-a042-86e84b32abbd@group-598432169F60->cbda9cd1-c9bf-468c-9ce3-2b320cdae76d-GrpcLogAppender: Wait interrupted by java.lang.InterruptedException
2023-01-09 20:09:59,866 [Command processor thread] INFO  impl.StateMachineUpdater (StateMachineUpdater.java:stopAndJoin(153)) - 93b0d557-27ed-4241-a042-86e84b32abbd@group-598432169F60-StateMachineUpdater: set stopIndex = 0
2023-01-09 20:09:59,868 [93b0d557-27ed-4241-a042-86e84b32abbd@group-598432169F60-StateMachineUpdater] INFO  ratis.ContainerStateMachine (ContainerStateMachine.java:takeSnapshot(308)) - group-598432169F60: Taking a snapshot at:(t:2, i:0) file /home/runner/work/ozone/ozone/hadoop-ozone/integration-test/target/test-dir/MiniOzoneClusterImpl-dc953f1b-8f43-4e25-a114-36b3b0290d25/datanode-3/data/ratis/072de9a2-1de7-4e13-a23f-598432169f60/sm/snapshot.2_0
2023-01-09 20:09:59,869 [grpc-default-executor-6] INFO  server.GrpcServerProtocolService (GrpcServerProtocolService.java:onCompleted(143)) - cbda9cd1-c9bf-468c-9ce3-2b320cdae76d: Completed APPEND_ENTRIES, lastRequest: 93b0d557-27ed-4241-a042-86e84b32abbd->cbda9cd1-c9bf-468c-9ce3-2b320cdae76d#1-t2,previous=(t:0, i:0),leaderCommit=0,initializing? true,entries: size=1, first=(t:2, i:0), CONFIGURATIONENTRY(current:id: "93b0d557-27ed-4241-a042-86e84b32abbd"
address: "10.1.0.27:38305"
dataStreamAddress: "10.1.0.27:40935"
clientAddress: "10.1.0.27:38305"
adminAddress: "10.1.0.27:38305"
startupRole: FOLLOWER
,id: "cbda9cd1-c9bf-468c-9ce3-2b320cdae76d"
address: "10.1.0.27:39195"
dataStreamAddress: "10.1.0.27:44727"
clientAddress: "10.1.0.27:39195"
adminAddress: "10.1.0.27:39195"
startupRole: FOLLOWER
,id: "26559c5d-eeb2-413a-b661-4afee7d58202"
address: "10.1.0.27:44647"
priority: 1
dataStreamAddress: "10.1.0.27:46099"
clientAddress: "10.1.0.27:44647"
adminAddress: "10.1.0.27:44647"
startupRole: FOLLOWER
, old:)
2023-01-09 20:09:59,869 [grpc-default-executor-0] INFO  server.GrpcServerProtocolService (GrpcServerProtocolService.java:onCompleted(143)) - cbda9cd1-c9bf-468c-9ce3-2b320cdae76d: Completed APPEND_ENTRIES, lastRequest: null
2023-01-09 20:09:59,870 [93b0d557-27ed-4241-a042-86e84b32abbd@group-598432169F60-StateMachineUpdater] INFO  ratis.ContainerStateMachine (ContainerStateMachine.java:takeSnapshot(319)) - group-598432169F60: Finished taking a snapshot at:(t:2, i:0) file:/home/runner/work/ozone/ozone/hadoop-ozone/integration-test/target/test-dir/MiniOzoneClusterImpl-dc953f1b-8f43-4e25-a114-36b3b0290d25/datanode-3/data/ratis/072de9a2-1de7-4e13-a23f-598432169f60/sm/snapshot.2_0 took: 2 ms
2023-01-09 20:09:59,871 [93b0d557-27ed-4241-a042-86e84b32abbd@group-598432169F60-StateMachineUpdater] INFO  impl.StateMachineUpdater (StateMachineUpdater.java:takeSnapshot(287)) - 93b0d557-27ed-4241-a042-86e84b32abbd@group-598432169F60-StateMachineUpdater: Took a snapshot at index 0
2023-01-09 20:09:59,871 [93b0d557-27ed-4241-a042-86e84b32abbd@group-598432169F60-StateMachineUpdater] INFO  impl.StateMachineUpdater (StateMachineUpdater.java:lambda$new$0(92)) - 93b0d557-27ed-4241-a042-86e84b32abbd@group-598432169F60-StateMachineUpdater: snapshotIndex: updateIncreasingly -1 -> 0
2023-01-09 20:09:59,871 [Command processor thread] INFO  server.RaftServer$Division (ServerState.java:close(466)) - 93b0d557-27ed-4241-a042-86e84b32abbd@group-598432169F60: closes. applyIndex: 0
2023-01-09 20:09:59,872 [93b0d557-27ed-4241-a042-86e84b32abbd@group-598432169F60-SegmentedRaftLogWorker] INFO  segmented.SegmentedRaftLogWorker (SegmentedRaftLogWorker.java:run(347)) - 93b0d557-27ed-4241-a042-86e84b32abbd@group-598432169F60-SegmentedRaftLogWorker was interrupted, exiting. There are 0 tasks remaining in the queue.
2023-01-09 20:09:59,872 [grpc-default-executor-0] INFO  server.GrpcLogAppender (GrpcLogAppender.java:onCompleted(415)) - 93b0d557-27ed-4241-a042-86e84b32abbd@group-598432169F60->cbda9cd1-c9bf-468c-9ce3-2b320cdae76d-AppendLogResponseHandler: follower responses appendEntries COMPLETED
2023-01-09 20:09:59,872 [grpc-default-executor-0] INFO  leader.FollowerInfo (FollowerInfoImpl.java:lambda$new$0(48)) - 93b0d557-27ed-4241-a042-86e84b32abbd@group-598432169F60->cbda9cd1-c9bf-468c-9ce3-2b320cdae76d: nextIndex: updateUnconditionally 1 -> 0
2023-01-09 20:09:59,878 [Command processor thread] INFO  segmented.SegmentedRaftLogWorker (SegmentedRaftLogWorker.java:close(257)) - 93b0d557-27ed-4241-a042-86e84b32abbd@group-598432169F60-SegmentedRaftLogWorker close()
2023-01-09 20:09:59,880 [Command processor thread] INFO  server.RaftServer$Division (RaftServerImpl.java:groupRemove(428)) - 93b0d557-27ed-4241-a042-86e84b32abbd@group-598432169F60: Succeed to remove RaftStorageDirectory Storage Directory /home/runner/work/ozone/ozone/hadoop-ozone/integration-test/target/test-dir/MiniOzoneClusterImpl-dc953f1b-8f43-4e25-a114-36b3b0290d25/datanode-3/data/ratis/072de9a2-1de7-4e13-a23f-598432169f60
2023-01-09 20:09:59,881 [grpc-default-executor-6] INFO  server.GrpcLogAppender (GrpcLogAppender.java:onCompleted(415)) - 93b0d557-27ed-4241-a042-86e84b32abbd@group-598432169F60->cbda9cd1-c9bf-468c-9ce3-2b320cdae76d-AppendLogResponseHandler: follower responses appendEntries COMPLETED
2023-01-09 20:09:59,881 [grpc-default-executor-6] INFO  leader.FollowerInfo (FollowerInfoImpl.java:lambda$new$0(48)) - 93b0d557-27ed-4241-a042-86e84b32abbd@group-598432169F60->cbda9cd1-c9bf-468c-9ce3-2b320cdae76d: nextIndex: updateUnconditionally 0 -> 0
2023-01-09 20:09:59,880 [Command processor thread] INFO  commandhandler.ClosePipelineCommandHandler (ClosePipelineCommandHandler.java:handle(78)) - Close Pipeline PipelineID=072de9a2-1de7-4e13-a23f-598432169f60 command on datanode 93b0d557-27ed-4241-a042-86e84b32abbd.
2023-01-09 20:09:59,883 [Command processor thread] INFO  server.RaftServer (RaftServerProxy.java:remove(107)) - 93b0d557-27ed-4241-a042-86e84b32abbd: remove  FOLLOWER 93b0d557-27ed-4241-a042-86e84b32abbd@group-D8C695AA2570:t2, leader=cbda9cd1-c9bf-468c-9ce3-2b320cdae76d, voted=cbda9cd1-c9bf-468c-9ce3-2b320cdae76d, raftlog=Memoized:93b0d557-27ed-4241-a042-86e84b32abbd@group-D8C695AA2570-SegmentedRaftLog:OPENED:c0, conf=0: peers:[93b0d557-27ed-4241-a042-86e84b32abbd|rpc:10.1.0.27:38305|dataStream:10.1.0.27:40935|priority:0|startupRole:FOLLOWER, cbda9cd1-c9bf-468c-9ce3-2b320cdae76d|rpc:10.1.0.27:39195|dataStream:10.1.0.27:44727|priority:1|startupRole:FOLLOWER, 26559c5d-eeb2-413a-b661-4afee7d58202|rpc:10.1.0.27:44647|dataStream:10.1.0.27:46099|priority:0|startupRole:FOLLOWER]|listeners:[], old=null RUNNING
2023-01-09 20:09:59,883 [Command processor thread] INFO  server.RaftServer$Division (RaftServerImpl.java:lambda$close$4(458)) - 93b0d557-27ed-4241-a042-86e84b32abbd@group-D8C695AA2570: shutdown
2023-01-09 20:09:59,883 [Command processor thread] INFO  util.JmxRegister (JmxRegister.java:unregister(73)) - Successfully un-registered JMX Bean with object name Ratis:service=RaftServer,group=group-D8C695AA2570,id=93b0d557-27ed-4241-a042-86e84b32abbd
2023-01-09 20:09:59,883 [Command processor thread] INFO  impl.RoleInfo (RoleInfo.java:shutdownFollowerState(110)) - 93b0d557-27ed-4241-a042-86e84b32abbd: shutdown 93b0d557-27ed-4241-a042-86e84b32abbd@group-D8C695AA2570-FollowerState
2023-01-09 20:09:59,883 [93b0d557-27ed-4241-a042-86e84b32abbd@group-D8C695AA2570-FollowerState] INFO  impl.FollowerState (FollowerState.java:run(152)) - 93b0d557-27ed-4241-a042-86e84b32abbd@group-D8C695AA2570-FollowerState was interrupted
2023-01-09 20:09:59,885 [93b0d557-27ed-4241-a042-86e84b32abbd@group-D8C695AA2570-StateMachineUpdater] INFO  ratis.ContainerStateMachine (ContainerStateMachine.java:takeSnapshot(308)) - group-D8C695AA2570: Taking a snapshot at:(t:2, i:0) file /home/runner/work/ozone/ozone/hadoop-ozone/integration-test/target/test-dir/MiniOzoneClusterImpl-dc953f1b-8f43-4e25-a114-36b3b0290d25/datanode-3/data/ratis/50c05c9d-8cfa-4c46-bca2-d8c695aa2570/sm/snapshot.2_0
2023-01-09 20:09:59,886 [Command processor thread] INFO  impl.StateMachineUpdater (StateMachineUpdater.java:stopAndJoin(153)) - 93b0d557-27ed-4241-a042-86e84b32abbd@group-D8C695AA2570-StateMachineUpdater: set stopIndex = 0
2023-01-09 20:09:59,886 [93b0d557-27ed-4241-a042-86e84b32abbd@group-D8C695AA2570-StateMachineUpdater] INFO  ratis.ContainerStateMachine (ContainerStateMachine.java:takeSnapshot(319)) - group-D8C695AA2570: Finished taking a snapshot at:(t:2, i:0) file:/home/runner/work/ozone/ozone/hadoop-ozone/integration-test/target/test-dir/MiniOzoneClusterImpl-dc953f1b-8f43-4e25-a114-36b3b0290d25/datanode-3/data/ratis/50c05c9d-8cfa-4c46-bca2-d8c695aa2570/sm/snapshot.2_0 took: 1 ms
2023-01-09 20:09:59,886 [93b0d557-27ed-4241-a042-86e84b32abbd@group-D8C695AA2570-StateMachineUpdater] INFO  impl.StateMachineUpdater (StateMachineUpdater.java:takeSnapshot(287)) - 93b0d557-27ed-4241-a042-86e84b32abbd@group-D8C695AA2570-StateMachineUpdater: Took a snapshot at index 0
2023-01-09 20:09:59,886 [93b0d557-27ed-4241-a042-86e84b32abbd@group-D8C695AA2570-StateMachineUpdater] INFO  impl.StateMachineUpdater (StateMachineUpdater.java:lambda$new$0(92)) - 93b0d557-27ed-4241-a042-86e84b32abbd@group-D8C695AA2570-StateMachineUpdater: snapshotIndex: updateIncreasingly -1 -> 0
2023-01-09 20:09:59,886 [Command processor thread] INFO  server.RaftServer$Division (ServerState.java:close(466)) - 93b0d557-27ed-4241-a042-86e84b32abbd@group-D8C695AA2570: closes. applyIndex: 0
2023-01-09 20:09:59,887 [93b0d557-27ed-4241-a042-86e84b32abbd@group-D8C695AA2570-SegmentedRaftLogWorker] INFO  segmented.SegmentedRaftLogWorker (SegmentedRaftLogWorker.java:run(347)) - 93b0d557-27ed-4241-a042-86e84b32abbd@group-D8C695AA2570-SegmentedRaftLogWorker was interrupted, exiting. There are 0 tasks remaining in the queue.
2023-01-09 20:09:59,889 [Command processor thread] INFO  segmented.SegmentedRaftLogWorker (SegmentedRaftLogWorker.java:close(257)) - 93b0d557-27ed-4241-a042-86e84b32abbd@group-D8C695AA2570-SegmentedRaftLogWorker close()
2023-01-09 20:09:59,893 [Command processor thread] INFO  server.RaftServer$Division (RaftServerImpl.java:groupRemove(428)) - 93b0d557-27ed-4241-a042-86e84b32abbd@group-D8C695AA2570: Succeed to remove RaftStorageDirectory Storage Directory /home/runner/work/ozone/ozone/hadoop-ozone/integration-test/target/test-dir/MiniOzoneClusterImpl-dc953f1b-8f43-4e25-a114-36b3b0290d25/datanode-3/data/ratis/50c05c9d-8cfa-4c46-bca2-d8c695aa2570
2023-01-09 20:09:59,893 [Command processor thread] INFO  commandhandler.ClosePipelineCommandHandler (ClosePipelineCommandHandler.java:handle(78)) - Close Pipeline PipelineID=50c05c9d-8cfa-4c46-bca2-d8c695aa2570 command on datanode 93b0d557-27ed-4241-a042-86e84b32abbd.
2023-01-09 20:10:00,124 [51369307-b0de-40aa-9d6f-41f84e1cecb7@group-AE8453F49D0B-FollowerState] INFO  impl.FollowerState (FollowerState.java:run(143)) - 51369307-b0de-40aa-9d6f-41f84e1cecb7@group-AE8453F49D0B-FollowerState: change to CANDIDATE, lastRpcElapsedTime:5079324321ns, electionTimeout:5076ms
2023-01-09 20:10:00,124 [51369307-b0de-40aa-9d6f-41f84e1cecb7@group-AE8453F49D0B-FollowerState] INFO  impl.RoleInfo (RoleInfo.java:shutdownFollowerState(110)) - 51369307-b0de-40aa-9d6f-41f84e1cecb7: shutdown 51369307-b0de-40aa-9d6f-41f84e1cecb7@group-AE8453F49D0B-FollowerState
2023-01-09 20:10:00,125 [51369307-b0de-40aa-9d6f-41f84e1cecb7@group-AE8453F49D0B-FollowerState] INFO  server.RaftServer$Division (RaftServerImpl.java:setRole(321)) - 51369307-b0de-40aa-9d6f-41f84e1cecb7@group-AE8453F49D0B: changes role from  FOLLOWER to CANDIDATE at term 2 for changeToCandidate
2023-01-09 20:10:00,125 [51369307-b0de-40aa-9d6f-41f84e1cecb7@group-AE8453F49D0B-FollowerState] INFO  server.RaftServerConfigKeys (ConfUtils.java:logGet(46)) - raft.server.leaderelection.pre-vote = false (custom)
2023-01-09 20:10:00,125 [51369307-b0de-40aa-9d6f-41f84e1cecb7@group-AE8453F49D0B-FollowerState] INFO  impl.RoleInfo (RoleInfo.java:updateAndGet(139)) - 51369307-b0de-40aa-9d6f-41f84e1cecb7: start 51369307-b0de-40aa-9d6f-41f84e1cecb7@group-AE8453F49D0B-LeaderElection25
2023-01-09 20:10:00,129 [51369307-b0de-40aa-9d6f-41f84e1cecb7@group-AE8453F49D0B-LeaderElection25] INFO  impl.LeaderElection (LeaderElection.java:askForVotes(312)) - 51369307-b0de-40aa-9d6f-41f84e1cecb7@group-AE8453F49D0B-LeaderElection25 ELECTION round 0: submit vote requests at term 3 for -1: peers:[e77b5d09-e15c-47d2-9906-1148d6692daf|rpc:10.1.0.27:40203|dataStream:10.1.0.27:33269|priority:0|startupRole:FOLLOWER, d09c218f-b416-45d6-bb77-0144cdedc1ff|rpc:10.1.0.27:37119|dataStream:10.1.0.27:40365|priority:1|startupRole:FOLLOWER, 51369307-b0de-40aa-9d6f-41f84e1cecb7|rpc:10.1.0.27:44083|dataStream:10.1.0.27:33005|priority:0|startupRole:FOLLOWER]|listeners:[], old=null
2023-01-09 20:10:00,130 [51369307-b0de-40aa-9d6f-41f84e1cecb7@group-AE8453F49D0B-LeaderElection25] INFO  server.RaftServerConfigKeys (ConfUtils.java:logFallback(53)) - raft.server.rpc.first-election.timeout.min = 5s (fallback to raft.server.rpc.timeout.min)
2023-01-09 20:10:00,130 [51369307-b0de-40aa-9d6f-41f84e1cecb7@group-AE8453F49D0B-LeaderElection25] INFO  server.RaftServerConfigKeys (ConfUtils.java:logFallback(53)) - raft.server.rpc.first-election.timeout.max = 5200ms (fallback to raft.server.rpc.timeout.max)
2023-01-09 20:10:00,134 [grpc-default-executor-6] INFO  server.RaftServer$Division (RaftServerImpl.java:requestVote(1218)) - e77b5d09-e15c-47d2-9906-1148d6692daf@group-AE8453F49D0B: receive requestVote(ELECTION, 51369307-b0de-40aa-9d6f-41f84e1cecb7, group-AE8453F49D0B, 3, (t:0, i:0))
2023-01-09 20:10:00,134 [grpc-default-executor-6] INFO  impl.VoteContext (VoteContext.java:log(49)) - e77b5d09-e15c-47d2-9906-1148d6692daf@group-AE8453F49D0B-FOLLOWER: accept ELECTION from 51369307-b0de-40aa-9d6f-41f84e1cecb7: our priority 0 <= candidate's priority 0
2023-01-09 20:10:00,134 [grpc-default-executor-6] INFO  server.RaftServer$Division (RaftServerImpl.java:setRole(321)) - e77b5d09-e15c-47d2-9906-1148d6692daf@group-AE8453F49D0B: changes role from  FOLLOWER to FOLLOWER at term 3 for candidate:51369307-b0de-40aa-9d6f-41f84e1cecb7
2023-01-09 20:10:00,134 [grpc-default-executor-6] INFO  impl.RoleInfo (RoleInfo.java:shutdownFollowerState(110)) - e77b5d09-e15c-47d2-9906-1148d6692daf: shutdown e77b5d09-e15c-47d2-9906-1148d6692daf@group-AE8453F49D0B-FollowerState
2023-01-09 20:10:00,134 [grpc-default-executor-6] INFO  impl.RoleInfo (RoleInfo.java:updateAndGet(139)) - e77b5d09-e15c-47d2-9906-1148d6692daf: start e77b5d09-e15c-47d2-9906-1148d6692daf@group-AE8453F49D0B-FollowerState
2023-01-09 20:10:00,134 [e77b5d09-e15c-47d2-9906-1148d6692daf@group-AE8453F49D0B-FollowerState] INFO  impl.FollowerState (FollowerState.java:run(152)) - e77b5d09-e15c-47d2-9906-1148d6692daf@group-AE8453F49D0B-FollowerState was interrupted
2023-01-09 20:10:00,135 [grpc-default-executor-0] INFO  server.RaftServer$Division (RaftServerImpl.java:requestVote(1218)) - d09c218f-b416-45d6-bb77-0144cdedc1ff@group-AE8453F49D0B: receive requestVote(ELECTION, 51369307-b0de-40aa-9d6f-41f84e1cecb7, group-AE8453F49D0B, 3, (t:0, i:0))
2023-01-09 20:10:00,135 [grpc-default-executor-0] INFO  impl.VoteContext (VoteContext.java:log(49)) - d09c218f-b416-45d6-bb77-0144cdedc1ff@group-AE8453F49D0B-FOLLOWER: reject ELECTION from 51369307-b0de-40aa-9d6f-41f84e1cecb7: our priority 1 > candidate's priority 0
2023-01-09 20:10:00,135 [grpc-default-executor-0] INFO  server.RaftServer$Division (RaftServerImpl.java:setRole(321)) - d09c218f-b416-45d6-bb77-0144cdedc1ff@group-AE8453F49D0B: changes role from  FOLLOWER to FOLLOWER at term 3 for candidate:51369307-b0de-40aa-9d6f-41f84e1cecb7
2023-01-09 20:10:00,135 [grpc-default-executor-0] INFO  impl.RoleInfo (RoleInfo.java:shutdownFollowerState(110)) - d09c218f-b416-45d6-bb77-0144cdedc1ff: shutdown d09c218f-b416-45d6-bb77-0144cdedc1ff@group-AE8453F49D0B-FollowerState
2023-01-09 20:10:00,135 [grpc-default-executor-0] INFO  impl.RoleInfo (RoleInfo.java:updateAndGet(139)) - d09c218f-b416-45d6-bb77-0144cdedc1ff: start d09c218f-b416-45d6-bb77-0144cdedc1ff@group-AE8453F49D0B-FollowerState
2023-01-09 20:10:00,136 [d09c218f-b416-45d6-bb77-0144cdedc1ff@group-AE8453F49D0B-FollowerState] INFO  impl.FollowerState (FollowerState.java:run(152)) - d09c218f-b416-45d6-bb77-0144cdedc1ff@group-AE8453F49D0B-FollowerState was interrupted
2023-01-09 20:10:00,136 [e77b5d09-e15c-47d2-9906-1148d6692daf@group-AE8453F49D0B-FollowerState] INFO  server.RaftServerConfigKeys (ConfUtils.java:logFallback(53)) - raft.server.rpc.first-election.timeout.min = 5s (fallback to raft.server.rpc.timeout.min)
2023-01-09 20:10:00,136 [e77b5d09-e15c-47d2-9906-1148d6692daf@group-AE8453F49D0B-FollowerState] INFO  server.RaftServerConfigKeys (ConfUtils.java:logFallback(53)) - raft.server.rpc.first-election.timeout.max = 5200ms (fallback to raft.server.rpc.timeout.max)
2023-01-09 20:10:00,146 [d09c218f-b416-45d6-bb77-0144cdedc1ff@group-AE8453F49D0B-FollowerState] INFO  server.RaftServerConfigKeys (ConfUtils.java:logFallback(53)) - raft.server.rpc.first-election.timeout.min = 5s (fallback to raft.server.rpc.timeout.min)
2023-01-09 20:10:00,146 [d09c218f-b416-45d6-bb77-0144cdedc1ff@group-AE8453F49D0B-FollowerState] INFO  server.RaftServerConfigKeys (ConfUtils.java:logFallback(53)) - raft.server.rpc.first-election.timeout.max = 5200ms (fallback to raft.server.rpc.timeout.max)
2023-01-09 20:10:00,146 [grpc-default-executor-6] INFO  server.RaftServer$Division (RaftServerImpl.java:requestVote(1251)) - e77b5d09-e15c-47d2-9906-1148d6692daf@group-AE8453F49D0B replies to ELECTION vote request: 51369307-b0de-40aa-9d6f-41f84e1cecb7<-e77b5d09-e15c-47d2-9906-1148d6692daf#0:OK-t3. Peer's state: e77b5d09-e15c-47d2-9906-1148d6692daf@group-AE8453F49D0B:t3, leader=null, voted=51369307-b0de-40aa-9d6f-41f84e1cecb7, raftlog=Memoized:e77b5d09-e15c-47d2-9906-1148d6692daf@group-AE8453F49D0B-SegmentedRaftLog:OPENED:c-1, conf=-1: peers:[e77b5d09-e15c-47d2-9906-1148d6692daf|rpc:10.1.0.27:40203|dataStream:10.1.0.27:33269|priority:0|startupRole:FOLLOWER, d09c218f-b416-45d6-bb77-0144cdedc1ff|rpc:10.1.0.27:37119|dataStream:10.1.0.27:40365|priority:1|startupRole:FOLLOWER, 51369307-b0de-40aa-9d6f-41f84e1cecb7|rpc:10.1.0.27:44083|dataStream:10.1.0.27:33005|priority:0|startupRole:FOLLOWER]|listeners:[], old=null
2023-01-09 20:10:00,148 [grpc-default-executor-0] INFO  server.RaftServer$Division (RaftServerImpl.java:requestVote(1251)) - d09c218f-b416-45d6-bb77-0144cdedc1ff@group-AE8453F49D0B replies to ELECTION vote request: 51369307-b0de-40aa-9d6f-41f84e1cecb7<-d09c218f-b416-45d6-bb77-0144cdedc1ff#0:FAIL-t3. Peer's state: d09c218f-b416-45d6-bb77-0144cdedc1ff@group-AE8453F49D0B:t3, leader=null, voted=null, raftlog=Memoized:d09c218f-b416-45d6-bb77-0144cdedc1ff@group-AE8453F49D0B-SegmentedRaftLog:OPENED:c-1, conf=-1: peers:[e77b5d09-e15c-47d2-9906-1148d6692daf|rpc:10.1.0.27:40203|dataStream:10.1.0.27:33269|priority:0|startupRole:FOLLOWER, d09c218f-b416-45d6-bb77-0144cdedc1ff|rpc:10.1.0.27:37119|dataStream:10.1.0.27:40365|priority:1|startupRole:FOLLOWER, 51369307-b0de-40aa-9d6f-41f84e1cecb7|rpc:10.1.0.27:44083|dataStream:10.1.0.27:33005|priority:0|startupRole:FOLLOWER]|listeners:[], old=null
2023-01-09 20:10:00,149 [51369307-b0de-40aa-9d6f-41f84e1cecb7@group-AE8453F49D0B-LeaderElection25] INFO  impl.LeaderElection (LeaderElection.java:logAndReturn(90)) - 51369307-b0de-40aa-9d6f-41f84e1cecb7@group-AE8453F49D0B-LeaderElection25: ELECTION REJECTED received 2 response(s) and 0 exception(s):
2023-01-09 20:10:00,149 [51369307-b0de-40aa-9d6f-41f84e1cecb7@group-AE8453F49D0B-LeaderElection25] INFO  impl.LeaderElection (LeaderElection.java:logAndReturn(94)) -   Response 0: 51369307-b0de-40aa-9d6f-41f84e1cecb7<-e77b5d09-e15c-47d2-9906-1148d6692daf#0:OK-t3
2023-01-09 20:10:00,149 [51369307-b0de-40aa-9d6f-41f84e1cecb7@group-AE8453F49D0B-LeaderElection25] INFO  impl.LeaderElection (LeaderElection.java:logAndReturn(94)) -   Response 1: 51369307-b0de-40aa-9d6f-41f84e1cecb7<-d09c218f-b416-45d6-bb77-0144cdedc1ff#0:FAIL-t3
2023-01-09 20:10:00,149 [51369307-b0de-40aa-9d6f-41f84e1cecb7@group-AE8453F49D0B-LeaderElection25] INFO  impl.LeaderElection (LeaderElection.java:askForVotes(314)) - 51369307-b0de-40aa-9d6f-41f84e1cecb7@group-AE8453F49D0B-LeaderElection25 ELECTION round 0: result REJECTED
2023-01-09 20:10:00,149 [51369307-b0de-40aa-9d6f-41f84e1cecb7@group-AE8453F49D0B-LeaderElection25] INFO  server.RaftServer$Division (RaftServerImpl.java:setRole(321)) - 51369307-b0de-40aa-9d6f-41f84e1cecb7@group-AE8453F49D0B: changes role from CANDIDATE to FOLLOWER at term 3 for REJECTED
2023-01-09 20:10:00,149 [51369307-b0de-40aa-9d6f-41f84e1cecb7@group-AE8453F49D0B-LeaderElection25] INFO  impl.RoleInfo (RoleInfo.java:shutdownLeaderElection(130)) - 51369307-b0de-40aa-9d6f-41f84e1cecb7: shutdown 51369307-b0de-40aa-9d6f-41f84e1cecb7@group-AE8453F49D0B-LeaderElection25
2023-01-09 20:10:00,149 [51369307-b0de-40aa-9d6f-41f84e1cecb7@group-AE8453F49D0B-LeaderElection25] INFO  impl.RoleInfo (RoleInfo.java:updateAndGet(139)) - 51369307-b0de-40aa-9d6f-41f84e1cecb7: start 51369307-b0de-40aa-9d6f-41f84e1cecb7@group-AE8453F49D0B-FollowerState
2023-01-09 20:10:00,150 [51369307-b0de-40aa-9d6f-41f84e1cecb7@group-AE8453F49D0B-FollowerState] INFO  server.RaftServerConfigKeys (ConfUtils.java:logFallback(53)) - raft.server.rpc.first-election.timeout.min = 5s (fallback to raft.server.rpc.timeout.min)
2023-01-09 20:10:00,150 [51369307-b0de-40aa-9d6f-41f84e1cecb7@group-AE8453F49D0B-FollowerState] INFO  server.RaftServerConfigKeys (ConfUtils.java:logFallback(53)) - raft.server.rpc.first-election.timeout.max = 5200ms (fallback to raft.server.rpc.timeout.max)
2023-01-09 20:10:02,395 [37be314e-42cf-4ee9-a18e-baad7075c611@group-4B191A258550-FollowerState] INFO  impl.FollowerState (FollowerState.java:run(143)) - 37be314e-42cf-4ee9-a18e-baad7075c611@group-4B191A258550-FollowerState: change to CANDIDATE, lastRpcElapsedTime:5034915038ns, electionTimeout:5033ms
2023-01-09 20:10:02,396 [37be314e-42cf-4ee9-a18e-baad7075c611@group-4B191A258550-FollowerState] INFO  impl.RoleInfo (RoleInfo.java:shutdownFollowerState(110)) - 37be314e-42cf-4ee9-a18e-baad7075c611: shutdown 37be314e-42cf-4ee9-a18e-baad7075c611@group-4B191A258550-FollowerState
2023-01-09 20:10:02,396 [37be314e-42cf-4ee9-a18e-baad7075c611@group-4B191A258550-FollowerState] INFO  server.RaftServer$Division (RaftServerImpl.java:setRole(321)) - 37be314e-42cf-4ee9-a18e-baad7075c611@group-4B191A258550: changes role from  FOLLOWER to CANDIDATE at term 3 for changeToCandidate
2023-01-09 20:10:02,396 [37be314e-42cf-4ee9-a18e-baad7075c611@group-4B191A258550-FollowerState] INFO  server.RaftServerConfigKeys (ConfUtils.java:logGet(46)) - raft.server.leaderelection.pre-vote = false (custom)
2023-01-09 20:10:02,396 [37be314e-42cf-4ee9-a18e-baad7075c611@group-4B191A258550-FollowerState] INFO  impl.RoleInfo (RoleInfo.java:updateAndGet(139)) - 37be314e-42cf-4ee9-a18e-baad7075c611: start 37be314e-42cf-4ee9-a18e-baad7075c611@group-4B191A258550-LeaderElection26
2023-01-09 20:10:02,400 [37be314e-42cf-4ee9-a18e-baad7075c611@group-4B191A258550-LeaderElection26] INFO  impl.LeaderElection (LeaderElection.java:askForVotes(312)) - 37be314e-42cf-4ee9-a18e-baad7075c611@group-4B191A258550-LeaderElection26 ELECTION round 0: submit vote requests at term 4 for -1: peers:[22174ed7-3438-44c1-87a9-382e0277420a|rpc:10.1.0.27:36955|dataStream:10.1.0.27:45849|priority:0|startupRole:FOLLOWER, 204ebb6c-eb9c-4605-8b0a-417067302917|rpc:10.1.0.27:38461|dataStream:10.1.0.27:40035|priority:0|startupRole:FOLLOWER, 37be314e-42cf-4ee9-a18e-baad7075c611|rpc:10.1.0.27:32955|dataStream:10.1.0.27:45453|priority:1|startupRole:FOLLOWER]|listeners:[], old=null
2023-01-09 20:10:02,400 [37be314e-42cf-4ee9-a18e-baad7075c611@group-4B191A258550-LeaderElection26] INFO  server.RaftServerConfigKeys (ConfUtils.java:logFallback(53)) - raft.server.rpc.first-election.timeout.min = 5s (fallback to raft.server.rpc.timeout.min)
2023-01-09 20:10:02,400 [37be314e-42cf-4ee9-a18e-baad7075c611@group-4B191A258550-LeaderElection26-1] INFO  server.GrpcServerProtocolClient (GrpcServerProtocolClient.java:<init>(63)) - Build channel for 22174ed7-3438-44c1-87a9-382e0277420a
2023-01-09 20:10:02,400 [37be314e-42cf-4ee9-a18e-baad7075c611@group-4B191A258550-LeaderElection26] INFO  server.RaftServerConfigKeys (ConfUtils.java:logFallback(53)) - raft.server.rpc.first-election.timeout.max = 5200ms (fallback to raft.server.rpc.timeout.max)
2023-01-09 20:10:02,401 [37be314e-42cf-4ee9-a18e-baad7075c611@group-4B191A258550-LeaderElection26-2] INFO  server.GrpcServerProtocolClient (GrpcServerProtocolClient.java:<init>(63)) - Build channel for 204ebb6c-eb9c-4605-8b0a-417067302917
2023-01-09 20:10:02,410 [grpc-default-executor-6] INFO  server.RaftServer$Division (RaftServerImpl.java:requestVote(1218)) - 22174ed7-3438-44c1-87a9-382e0277420a@group-4B191A258550: receive requestVote(ELECTION, 37be314e-42cf-4ee9-a18e-baad7075c611, group-4B191A258550, 4, (t:0, i:0))
2023-01-09 20:10:02,410 [grpc-default-executor-6] INFO  impl.VoteContext (VoteContext.java:log(49)) - 22174ed7-3438-44c1-87a9-382e0277420a@group-4B191A258550-FOLLOWER: accept ELECTION from 37be314e-42cf-4ee9-a18e-baad7075c611: our priority 0 <= candidate's priority 1
2023-01-09 20:10:02,410 [grpc-default-executor-6] INFO  server.RaftServer$Division (RaftServerImpl.java:setRole(321)) - 22174ed7-3438-44c1-87a9-382e0277420a@group-4B191A258550: changes role from  FOLLOWER to FOLLOWER at term 4 for candidate:37be314e-42cf-4ee9-a18e-baad7075c611
2023-01-09 20:10:02,410 [grpc-default-executor-6] INFO  impl.RoleInfo (RoleInfo.java:shutdownFollowerState(110)) - 22174ed7-3438-44c1-87a9-382e0277420a: shutdown 22174ed7-3438-44c1-87a9-382e0277420a@group-4B191A258550-FollowerState
2023-01-09 20:10:02,410 [grpc-default-executor-6] INFO  impl.RoleInfo (RoleInfo.java:updateAndGet(139)) - 22174ed7-3438-44c1-87a9-382e0277420a: start 22174ed7-3438-44c1-87a9-382e0277420a@group-4B191A258550-FollowerState
2023-01-09 20:10:02,410 [22174ed7-3438-44c1-87a9-382e0277420a@group-4B191A258550-FollowerState] INFO  impl.FollowerState (FollowerState.java:run(152)) - 22174ed7-3438-44c1-87a9-382e0277420a@group-4B191A258550-FollowerState was interrupted
2023-01-09 20:10:02,411 [grpc-default-executor-0] INFO  server.RaftServer$Division (RaftServerImpl.java:requestVote(1218)) - 204ebb6c-eb9c-4605-8b0a-417067302917@group-4B191A258550: receive requestVote(ELECTION, 37be314e-42cf-4ee9-a18e-baad7075c611, group-4B191A258550, 4, (t:0, i:0))
2023-01-09 20:10:02,411 [grpc-default-executor-0] INFO  impl.VoteContext (VoteContext.java:log(49)) - 204ebb6c-eb9c-4605-8b0a-417067302917@group-4B191A258550-FOLLOWER: accept ELECTION from 37be314e-42cf-4ee9-a18e-baad7075c611: our priority 0 <= candidate's priority 1
2023-01-09 20:10:02,411 [grpc-default-executor-0] INFO  server.RaftServer$Division (RaftServerImpl.java:setRole(321)) - 204ebb6c-eb9c-4605-8b0a-417067302917@group-4B191A258550: changes role from  FOLLOWER to FOLLOWER at term 4 for candidate:37be314e-42cf-4ee9-a18e-baad7075c611
2023-01-09 20:10:02,411 [grpc-default-executor-0] INFO  impl.RoleInfo (RoleInfo.java:shutdownFollowerState(110)) - 204ebb6c-eb9c-4605-8b0a-417067302917: shutdown 204ebb6c-eb9c-4605-8b0a-417067302917@group-4B191A258550-FollowerState
2023-01-09 20:10:02,413 [grpc-default-executor-0] INFO  impl.RoleInfo (RoleInfo.java:updateAndGet(139)) - 204ebb6c-eb9c-4605-8b0a-417067302917: start 204ebb6c-eb9c-4605-8b0a-417067302917@group-4B191A258550-FollowerState
2023-01-09 20:10:02,413 [204ebb6c-eb9c-4605-8b0a-417067302917@group-4B191A258550-FollowerState] INFO  impl.FollowerState (FollowerState.java:run(152)) - 204ebb6c-eb9c-4605-8b0a-417067302917@group-4B191A258550-FollowerState was interrupted
2023-01-09 20:10:02,414 [22174ed7-3438-44c1-87a9-382e0277420a@group-4B191A258550-FollowerState] INFO  server.RaftServerConfigKeys (ConfUtils.java:logFallback(53)) - raft.server.rpc.first-election.timeout.min = 5s (fallback to raft.server.rpc.timeout.min)
2023-01-09 20:10:02,414 [22174ed7-3438-44c1-87a9-382e0277420a@group-4B191A258550-FollowerState] INFO  server.RaftServerConfigKeys (ConfUtils.java:logFallback(53)) - raft.server.rpc.first-election.timeout.max = 5200ms (fallback to raft.server.rpc.timeout.max)
2023-01-09 20:10:02,420 [204ebb6c-eb9c-4605-8b0a-417067302917@group-4B191A258550-FollowerState] INFO  server.RaftServerConfigKeys (ConfUtils.java:logFallback(53)) - raft.server.rpc.first-election.timeout.min = 5s (fallback to raft.server.rpc.timeout.min)
2023-01-09 20:10:02,420 [204ebb6c-eb9c-4605-8b0a-417067302917@group-4B191A258550-FollowerState] INFO  server.RaftServerConfigKeys (ConfUtils.java:logFallback(53)) - raft.server.rpc.first-election.timeout.max = 5200ms (fallback to raft.server.rpc.timeout.max)
2023-01-09 20:10:02,420 [grpc-default-executor-6] INFO  server.RaftServer$Division (RaftServerImpl.java:requestVote(1251)) - 22174ed7-3438-44c1-87a9-382e0277420a@group-4B191A258550 replies to ELECTION vote request: 37be314e-42cf-4ee9-a18e-baad7075c611<-22174ed7-3438-44c1-87a9-382e0277420a#0:OK-t4. Peer's state: 22174ed7-3438-44c1-87a9-382e0277420a@group-4B191A258550:t4, leader=null, voted=37be314e-42cf-4ee9-a18e-baad7075c611, raftlog=Memoized:22174ed7-3438-44c1-87a9-382e0277420a@group-4B191A258550-SegmentedRaftLog:OPENED:c-1, conf=-1: peers:[22174ed7-3438-44c1-87a9-382e0277420a|rpc:10.1.0.27:36955|dataStream:10.1.0.27:45849|priority:0|startupRole:FOLLOWER, 204ebb6c-eb9c-4605-8b0a-417067302917|rpc:10.1.0.27:38461|dataStream:10.1.0.27:40035|priority:0|startupRole:FOLLOWER, 37be314e-42cf-4ee9-a18e-baad7075c611|rpc:10.1.0.27:32955|dataStream:10.1.0.27:45453|priority:1|startupRole:FOLLOWER]|listeners:[], old=null
2023-01-09 20:10:02,423 [grpc-default-executor-0] INFO  server.RaftServer$Division (RaftServerImpl.java:requestVote(1251)) - 204ebb6c-eb9c-4605-8b0a-417067302917@group-4B191A258550 replies to ELECTION vote request: 37be314e-42cf-4ee9-a18e-baad7075c611<-204ebb6c-eb9c-4605-8b0a-417067302917#0:OK-t4. Peer's state: 204ebb6c-eb9c-4605-8b0a-417067302917@group-4B191A258550:t4, leader=null, voted=37be314e-42cf-4ee9-a18e-baad7075c611, raftlog=Memoized:204ebb6c-eb9c-4605-8b0a-417067302917@group-4B191A258550-SegmentedRaftLog:OPENED:c-1, conf=-1: peers:[22174ed7-3438-44c1-87a9-382e0277420a|rpc:10.1.0.27:36955|dataStream:10.1.0.27:45849|priority:0|startupRole:FOLLOWER, 204ebb6c-eb9c-4605-8b0a-417067302917|rpc:10.1.0.27:38461|dataStream:10.1.0.27:40035|priority:0|startupRole:FOLLOWER, 37be314e-42cf-4ee9-a18e-baad7075c611|rpc:10.1.0.27:32955|dataStream:10.1.0.27:45453|priority:1|startupRole:FOLLOWER]|listeners:[], old=null
2023-01-09 20:10:02,424 [37be314e-42cf-4ee9-a18e-baad7075c611@group-4B191A258550-LeaderElection26] INFO  impl.LeaderElection (LeaderElection.java:logAndReturn(90)) - 37be314e-42cf-4ee9-a18e-baad7075c611@group-4B191A258550-LeaderElection26: ELECTION PASSED received 1 response(s) and 0 exception(s):
2023-01-09 20:10:02,424 [37be314e-42cf-4ee9-a18e-baad7075c611@group-4B191A258550-LeaderElection26] INFO  impl.LeaderElection (LeaderElection.java:logAndReturn(94)) -   Response 0: 37be314e-42cf-4ee9-a18e-baad7075c611<-22174ed7-3438-44c1-87a9-382e0277420a#0:OK-t4
2023-01-09 20:10:02,424 [37be314e-42cf-4ee9-a18e-baad7075c611@group-4B191A258550-LeaderElection26] INFO  impl.LeaderElection (LeaderElection.java:askForVotes(314)) - 37be314e-42cf-4ee9-a18e-baad7075c611@group-4B191A258550-LeaderElection26 ELECTION round 0: result PASSED
2023-01-09 20:10:02,424 [37be314e-42cf-4ee9-a18e-baad7075c611@group-4B191A258550-LeaderElection26] INFO  impl.RoleInfo (RoleInfo.java:shutdownLeaderElection(130)) - 37be314e-42cf-4ee9-a18e-baad7075c611: shutdown 37be314e-42cf-4ee9-a18e-baad7075c611@group-4B191A258550-LeaderElection26
2023-01-09 20:10:02,424 [37be314e-42cf-4ee9-a18e-baad7075c611@group-4B191A258550-LeaderElection26] INFO  server.RaftServer$Division (RaftServerImpl.java:setRole(321)) - 37be314e-42cf-4ee9-a18e-baad7075c611@group-4B191A258550: changes role from CANDIDATE to LEADER at term 4 for changeToLeader
2023-01-09 20:10:02,424 [37be314e-42cf-4ee9-a18e-baad7075c611@group-4B191A258550-LeaderElection26] INFO  ratis.XceiverServerRatis (XceiverServerRatis.java:handleLeaderChangedNotification(904)) - Leader change notification received for group: group-4B191A258550 with new leaderId: 37be314e-42cf-4ee9-a18e-baad7075c611
2023-01-09 20:10:02,425 [37be314e-42cf-4ee9-a18e-baad7075c611@group-4B191A258550-LeaderElection26] INFO  server.RaftServer$Division (ServerState.java:setLeader(313)) - 37be314e-42cf-4ee9-a18e-baad7075c611@group-4B191A258550: change Leader from null to 37be314e-42cf-4ee9-a18e-baad7075c611 at term 4 for becomeLeader, leader elected after 19351ms
2023-01-09 20:10:02,425 [37be314e-42cf-4ee9-a18e-baad7075c611@group-4B191A258550-LeaderElection26] INFO  server.RaftServerConfigKeys (ConfUtils.java:logGet(46)) - raft.server.staging.catchup.gap = 1000 (default)
2023-01-09 20:10:02,425 [37be314e-42cf-4ee9-a18e-baad7075c611@group-4B191A258550-LeaderElection26] INFO  server.RaftServerConfigKeys (ConfUtils.java:logGet(46)) - raft.server.write.element-limit = 1024 (custom)
2023-01-09 20:10:02,425 [37be314e-42cf-4ee9-a18e-baad7075c611@group-4B191A258550-LeaderElection26] INFO  server.RaftServerConfigKeys (ConfUtils.java:logGet(46)) - raft.server.write.byte-limit = 1024 M (=1073741824) (custom)
2023-01-09 20:10:02,425 [37be314e-42cf-4ee9-a18e-baad7075c611@group-4B191A258550-LeaderElection26] INFO  server.RaftServerConfigKeys (ConfUtils.java:logGet(46)) - raft.server.watch.timeout = 180s (custom)
2023-01-09 20:10:02,425 [37be314e-42cf-4ee9-a18e-baad7075c611@group-4B191A258550-LeaderElection26] INFO  server.RaftServerConfigKeys (ConfUtils.java:logGet(46)) - raft.server.watch.timeout.denomination = 1s (default)
2023-01-09 20:10:02,426 [37be314e-42cf-4ee9-a18e-baad7075c611@group-4B191A258550-LeaderElection26] INFO  server.RaftServerConfigKeys (ConfUtils.java:logGet(46)) - raft.server.watch.element-limit = 65536 (default)
2023-01-09 20:10:02,426 [37be314e-42cf-4ee9-a18e-baad7075c611@group-4B191A258550-LeaderElection26] INFO  server.RaftServerConfigKeys (ConfUtils.java:logGet(46)) - raft.server.write.element-limit = 1024 (custom)
2023-01-09 20:10:02,426 [37be314e-42cf-4ee9-a18e-baad7075c611@group-4B191A258550-LeaderElection26] INFO  server.RaftServerConfigKeys (ConfUtils.java:logGet(46)) - raft.server.write.follower.gap.ratio.max = -1.0 (default)
2023-01-09 20:10:02,426 [EventQueue-PipelineReportForPipelineReportHandler] INFO  pipeline.PipelineManagerImpl (PipelineManagerImpl.java:openPipeline(367)) - Pipeline Pipeline[ Id: 1b64fb31-9dbf-4f34-a195-4b191a258550, Nodes: 204ebb6c-eb9c-4605-8b0a-417067302917{ip: 10.1.0.27, host: fv-az457-50.3faczmgjfduuxnksfsdf43hgfa.dx.internal.cloudapp.net, ports: [REPLICATION=34507, RATIS=38461, RATIS_ADMIN=38461, RATIS_SERVER=38461, RATIS_DATASTREAM=40035, STANDALONE=33253], networkLocation: /default-rack, certSerialId: null, persistedOpState: IN_SERVICE, persistedOpStateExpiryEpochSec: 0}22174ed7-3438-44c1-87a9-382e0277420a{ip: 10.1.0.27, host: fv-az457-50.3faczmgjfduuxnksfsdf43hgfa.dx.internal.cloudapp.net, ports: [REPLICATION=43141, RATIS=36955, RATIS_ADMIN=36955, RATIS_SERVER=36955, RATIS_DATASTREAM=45849, STANDALONE=33411], networkLocation: /default-rack, certSerialId: null, persistedOpState: IN_SERVICE, persistedOpStateExpiryEpochSec: 0}37be314e-42cf-4ee9-a18e-baad7075c611{ip: 10.1.0.27, host: fv-az457-50.3faczmgjfduuxnksfsdf43hgfa.dx.internal.cloudapp.net, ports: [REPLICATION=37507, RATIS=32955, RATIS_ADMIN=32955, RATIS_SERVER=32955, RATIS_DATASTREAM=45453, STANDALONE=41409], networkLocation: /default-rack, certSerialId: null, persistedOpState: IN_SERVICE, persistedOpStateExpiryEpochSec: 0}, ReplicationConfig: RATIS/THREE, State:ALLOCATED, leaderId:37be314e-42cf-4ee9-a18e-baad7075c611, CreationTimestamp2023-01-09T20:09:39.984Z[Etc/UTC]] moved to OPEN state
2023-01-09 20:10:02,429 [37be314e-42cf-4ee9-a18e-baad7075c611@group-4B191A258550-LeaderElection26] INFO  server.RaftServerConfigKeys (ConfUtils.java:logGet(46)) - raft.server.log.appender.snapshot.chunk.size.max = 16MB (=16777216) (default)
2023-01-09 20:10:02,429 [37be314e-42cf-4ee9-a18e-baad7075c611@group-4B191A258550-LeaderElection26] INFO  server.RaftServerConfigKeys (ConfUtils.java:logGet(46)) - raft.server.log.appender.buffer.byte-limit = 33554432 (custom)
2023-01-09 20:10:02,429 [37be314e-42cf-4ee9-a18e-baad7075c611@group-4B191A258550-LeaderElection26] INFO  server.RaftServerConfigKeys (ConfUtils.java:logGet(46)) - raft.server.log.appender.buffer.element-limit = 1 (custom)
2023-01-09 20:10:02,429 [37be314e-42cf-4ee9-a18e-baad7075c611@group-4B191A258550-LeaderElection26] INFO  grpc.GrpcConfigKeys (ConfUtils.java:logGet(46)) - raft.grpc.server.leader.outstanding.appends.max = 128 (default)
2023-01-09 20:10:02,429 [37be314e-42cf-4ee9-a18e-baad7075c611@group-4B191A258550-LeaderElection26] INFO  server.RaftServerConfigKeys (ConfUtils.java:logGet(46)) - raft.server.rpc.request.timeout = 60s (custom)
2023-01-09 20:10:02,429 [37be314e-42cf-4ee9-a18e-baad7075c611@group-4B191A258550-LeaderElection26] INFO  server.RaftServerConfigKeys (ConfUtils.java:logGet(46)) - raft.server.log.appender.install.snapshot.enabled = false (custom)
2023-01-09 20:10:02,430 [37be314e-42cf-4ee9-a18e-baad7075c611@group-4B191A258550-LeaderElection26] INFO  grpc.GrpcConfigKeys (ConfUtils.java:logGet(46)) - raft.grpc.server.heartbeat.channel = true (default)
2023-01-09 20:10:02,430 [37be314e-42cf-4ee9-a18e-baad7075c611@group-4B191A258550-LeaderElection26] INFO  server.RaftServerConfigKeys (ConfUtils.java:logGet(46)) - raft.server.log.appender.wait-time.min = 10ms (default)
2023-01-09 20:10:02,432 [37be314e-42cf-4ee9-a18e-baad7075c611@group-4B191A258550-LeaderElection26] INFO  server.RaftServerConfigKeys (ConfUtils.java:logGet(46)) - raft.server.log.appender.snapshot.chunk.size.max = 16MB (=16777216) (default)
2023-01-09 20:10:02,432 [37be314e-42cf-4ee9-a18e-baad7075c611@group-4B191A258550-LeaderElection26] INFO  server.RaftServerConfigKeys (ConfUtils.java:logGet(46)) - raft.server.log.appender.buffer.byte-limit = 33554432 (custom)
2023-01-09 20:10:02,433 [37be314e-42cf-4ee9-a18e-baad7075c611@group-4B191A258550-LeaderElection26] INFO  server.RaftServerConfigKeys (ConfUtils.java:logGet(46)) - raft.server.log.appender.buffer.element-limit = 1 (custom)
2023-01-09 20:10:02,433 [37be314e-42cf-4ee9-a18e-baad7075c611@group-4B191A258550-LeaderElection26] INFO  grpc.GrpcConfigKeys (ConfUtils.java:logGet(46)) - raft.grpc.server.leader.outstanding.appends.max = 128 (default)
2023-01-09 20:10:02,434 [37be314e-42cf-4ee9-a18e-baad7075c611@group-4B191A258550-LeaderElection26] INFO  server.RaftServerConfigKeys (ConfUtils.java:logGet(46)) - raft.server.rpc.request.timeout = 60s (custom)
2023-01-09 20:10:02,434 [37be314e-42cf-4ee9-a18e-baad7075c611@group-4B191A258550-LeaderElection26] INFO  server.RaftServerConfigKeys (ConfUtils.java:logGet(46)) - raft.server.log.appender.install.snapshot.enabled = false (custom)
2023-01-09 20:10:02,434 [37be314e-42cf-4ee9-a18e-baad7075c611@group-4B191A258550-LeaderElection26] INFO  grpc.GrpcConfigKeys (ConfUtils.java:logGet(46)) - raft.grpc.server.heartbeat.channel = true (default)
2023-01-09 20:10:02,434 [37be314e-42cf-4ee9-a18e-baad7075c611@group-4B191A258550-LeaderElection26] INFO  server.RaftServerConfigKeys (ConfUtils.java:logGet(46)) - raft.server.log.appender.wait-time.min = 10ms (default)
2023-01-09 20:10:02,435 [37be314e-42cf-4ee9-a18e-baad7075c611@group-4B191A258550-LeaderElection26] INFO  impl.RoleInfo (RoleInfo.java:updateAndGet(139)) - 37be314e-42cf-4ee9-a18e-baad7075c611: start 37be314e-42cf-4ee9-a18e-baad7075c611@group-4B191A258550-LeaderStateImpl
2023-01-09 20:10:02,436 [37be314e-42cf-4ee9-a18e-baad7075c611@group-4B191A258550-LeaderElection26] INFO  segmented.SegmentedRaftLogWorker (SegmentedRaftLogWorker.java:startLogSegment(452)) - 37be314e-42cf-4ee9-a18e-baad7075c611@group-4B191A258550-SegmentedRaftLogWorker: Starting segment from index:0
2023-01-09 20:10:02,438 [37be314e-42cf-4ee9-a18e-baad7075c611@group-4B191A258550-LeaderElection26] INFO  server.RaftServer$Division (ServerState.java:setRaftConf(430)) - 37be314e-42cf-4ee9-a18e-baad7075c611@group-4B191A258550: set configuration 0: peers:[22174ed7-3438-44c1-87a9-382e0277420a|rpc:10.1.0.27:36955|dataStream:10.1.0.27:45849|priority:0|startupRole:FOLLOWER, 204ebb6c-eb9c-4605-8b0a-417067302917|rpc:10.1.0.27:38461|dataStream:10.1.0.27:40035|priority:0|startupRole:FOLLOWER, 37be314e-42cf-4ee9-a18e-baad7075c611|rpc:10.1.0.27:32955|dataStream:10.1.0.27:45453|priority:1|startupRole:FOLLOWER]|listeners:[], old=null
2023-01-09 20:10:02,439 [37be314e-42cf-4ee9-a18e-baad7075c611@group-4B191A258550-SegmentedRaftLogWorker] INFO  segmented.SegmentedRaftLogWorker (SegmentedRaftLogWorker.java:execute(656)) - 37be314e-42cf-4ee9-a18e-baad7075c611@group-4B191A258550-SegmentedRaftLogWorker: created new log segment /home/runner/work/ozone/ozone/hadoop-ozone/integration-test/target/test-dir/MiniOzoneClusterImpl-dc953f1b-8f43-4e25-a114-36b3b0290d25/datanode-2/data/ratis/1b64fb31-9dbf-4f34-a195-4b191a258550/current/log_inprogress_0
2023-01-09 20:10:02,447 [22174ed7-3438-44c1-87a9-382e0277420a-server-thread2] INFO  ratis.XceiverServerRatis (XceiverServerRatis.java:handleLeaderChangedNotification(904)) - Leader change notification received for group: group-4B191A258550 with new leaderId: 37be314e-42cf-4ee9-a18e-baad7075c611
2023-01-09 20:10:02,447 [22174ed7-3438-44c1-87a9-382e0277420a-server-thread2] INFO  server.RaftServer$Division (ServerState.java:setLeader(313)) - 22174ed7-3438-44c1-87a9-382e0277420a@group-4B191A258550: change Leader from null to 37be314e-42cf-4ee9-a18e-baad7075c611 at term 4 for appendEntries, leader elected after 19815ms
2023-01-09 20:10:02,448 [204ebb6c-eb9c-4605-8b0a-417067302917-server-thread1] INFO  ratis.XceiverServerRatis (XceiverServerRatis.java:handleLeaderChangedNotification(904)) - Leader change notification received for group: group-4B191A258550 with new leaderId: 37be314e-42cf-4ee9-a18e-baad7075c611
2023-01-09 20:10:02,448 [204ebb6c-eb9c-4605-8b0a-417067302917-server-thread1] INFO  server.RaftServer$Division (ServerState.java:setLeader(313)) - 204ebb6c-eb9c-4605-8b0a-417067302917@group-4B191A258550: change Leader from null to 37be314e-42cf-4ee9-a18e-baad7075c611 at term 4 for appendEntries, leader elected after 20504ms
2023-01-09 20:10:02,448 [22174ed7-3438-44c1-87a9-382e0277420a-server-thread1] INFO  server.RaftServer$Division (ServerState.java:setRaftConf(430)) - 22174ed7-3438-44c1-87a9-382e0277420a@group-4B191A258550: set configuration 0: peers:[22174ed7-3438-44c1-87a9-382e0277420a|rpc:10.1.0.27:36955|dataStream:10.1.0.27:45849|priority:0|startupRole:FOLLOWER, 204ebb6c-eb9c-4605-8b0a-417067302917|rpc:10.1.0.27:38461|dataStream:10.1.0.27:40035|priority:0|startupRole:FOLLOWER, 37be314e-42cf-4ee9-a18e-baad7075c611|rpc:10.1.0.27:32955|dataStream:10.1.0.27:45453|priority:1|startupRole:FOLLOWER]|listeners:[], old=null
2023-01-09 20:10:02,449 [22174ed7-3438-44c1-87a9-382e0277420a-server-thread1] INFO  segmented.SegmentedRaftLogWorker (SegmentedRaftLogWorker.java:startLogSegment(452)) - 22174ed7-3438-44c1-87a9-382e0277420a@group-4B191A258550-SegmentedRaftLogWorker: Starting segment from index:0
2023-01-09 20:10:02,451 [22174ed7-3438-44c1-87a9-382e0277420a@group-4B191A258550-SegmentedRaftLogWorker] INFO  segmented.SegmentedRaftLogWorker (SegmentedRaftLogWorker.java:execute(656)) - 22174ed7-3438-44c1-87a9-382e0277420a@group-4B191A258550-SegmentedRaftLogWorker: created new log segment /home/runner/work/ozone/ozone/hadoop-ozone/integration-test/target/test-dir/MiniOzoneClusterImpl-dc953f1b-8f43-4e25-a114-36b3b0290d25/datanode-1/data/ratis/1b64fb31-9dbf-4f34-a195-4b191a258550/current/log_inprogress_0
2023-01-09 20:10:02,459 [204ebb6c-eb9c-4605-8b0a-417067302917-server-thread2] INFO  server.RaftServer$Division (ServerState.java:setRaftConf(430)) - 204ebb6c-eb9c-4605-8b0a-417067302917@group-4B191A258550: set configuration 0: peers:[22174ed7-3438-44c1-87a9-382e0277420a|rpc:10.1.0.27:36955|dataStream:10.1.0.27:45849|priority:0|startupRole:FOLLOWER, 204ebb6c-eb9c-4605-8b0a-417067302917|rpc:10.1.0.27:38461|dataStream:10.1.0.27:40035|priority:0|startupRole:FOLLOWER, 37be314e-42cf-4ee9-a18e-baad7075c611|rpc:10.1.0.27:32955|dataStream:10.1.0.27:45453|priority:1|startupRole:FOLLOWER]|listeners:[], old=null
2023-01-09 20:10:02,459 [204ebb6c-eb9c-4605-8b0a-417067302917-server-thread2] INFO  segmented.SegmentedRaftLogWorker (SegmentedRaftLogWorker.java:startLogSegment(452)) - 204ebb6c-eb9c-4605-8b0a-417067302917@group-4B191A258550-SegmentedRaftLogWorker: Starting segment from index:0
2023-01-09 20:10:02,461 [204ebb6c-eb9c-4605-8b0a-417067302917@group-4B191A258550-SegmentedRaftLogWorker] INFO  segmented.SegmentedRaftLogWorker (SegmentedRaftLogWorker.java:execute(656)) - 204ebb6c-eb9c-4605-8b0a-417067302917@group-4B191A258550-SegmentedRaftLogWorker: created new log segment /home/runner/work/ozone/ozone/hadoop-ozone/integration-test/target/test-dir/MiniOzoneClusterImpl-dc953f1b-8f43-4e25-a114-36b3b0290d25/datanode-0/data/ratis/1b64fb31-9dbf-4f34-a195-4b191a258550/current/log_inprogress_0
2023-01-09 20:10:05,217 [e77b5d09-e15c-47d2-9906-1148d6692daf@group-AE8453F49D0B-FollowerState] INFO  server.RaftServerConfigKeys (ConfUtils.java:logFallback(53)) - raft.server.rpc.first-election.timeout.min = 5s (fallback to raft.server.rpc.timeout.min)
2023-01-09 20:10:05,218 [e77b5d09-e15c-47d2-9906-1148d6692daf@group-AE8453F49D0B-FollowerState] INFO  server.RaftServerConfigKeys (ConfUtils.java:logFallback(53)) - raft.server.rpc.first-election.timeout.max = 5200ms (fallback to raft.server.rpc.timeout.max)
2023-01-09 20:10:05,264 [51369307-b0de-40aa-9d6f-41f84e1cecb7@group-AE8453F49D0B-FollowerState] INFO  impl.FollowerState (FollowerState.java:run(143)) - 51369307-b0de-40aa-9d6f-41f84e1cecb7@group-AE8453F49D0B-FollowerState: change to CANDIDATE, lastRpcElapsedTime:5114759420ns, electionTimeout:5114ms
2023-01-09 20:10:05,264 [51369307-b0de-40aa-9d6f-41f84e1cecb7@group-AE8453F49D0B-FollowerState] INFO  impl.RoleInfo (RoleInfo.java:shutdownFollowerState(110)) - 51369307-b0de-40aa-9d6f-41f84e1cecb7: shutdown 51369307-b0de-40aa-9d6f-41f84e1cecb7@group-AE8453F49D0B-FollowerState
2023-01-09 20:10:05,264 [51369307-b0de-40aa-9d6f-41f84e1cecb7@group-AE8453F49D0B-FollowerState] INFO  server.RaftServer$Division (RaftServerImpl.java:setRole(321)) - 51369307-b0de-40aa-9d6f-41f84e1cecb7@group-AE8453F49D0B: changes role from  FOLLOWER to CANDIDATE at term 3 for changeToCandidate
2023-01-09 20:10:05,264 [51369307-b0de-40aa-9d6f-41f84e1cecb7@group-AE8453F49D0B-FollowerState] INFO  server.RaftServerConfigKeys (ConfUtils.java:logGet(46)) - raft.server.leaderelection.pre-vote = false (custom)
2023-01-09 20:10:05,265 [51369307-b0de-40aa-9d6f-41f84e1cecb7@group-AE8453F49D0B-FollowerState] INFO  impl.RoleInfo (RoleInfo.java:updateAndGet(139)) - 51369307-b0de-40aa-9d6f-41f84e1cecb7: start 51369307-b0de-40aa-9d6f-41f84e1cecb7@group-AE8453F49D0B-LeaderElection27
2023-01-09 20:10:05,273 [51369307-b0de-40aa-9d6f-41f84e1cecb7@group-AE8453F49D0B-LeaderElection27] INFO  impl.LeaderElection (LeaderElection.java:askForVotes(312)) - 51369307-b0de-40aa-9d6f-41f84e1cecb7@group-AE8453F49D0B-LeaderElection27 ELECTION round 0: submit vote requests at term 4 for -1: peers:[e77b5d09-e15c-47d2-9906-1148d6692daf|rpc:10.1.0.27:40203|dataStream:10.1.0.27:33269|priority:0|startupRole:FOLLOWER, d09c218f-b416-45d6-bb77-0144cdedc1ff|rpc:10.1.0.27:37119|dataStream:10.1.0.27:40365|priority:1|startupRole:FOLLOWER, 51369307-b0de-40aa-9d6f-41f84e1cecb7|rpc:10.1.0.27:44083|dataStream:10.1.0.27:33005|priority:0|startupRole:FOLLOWER]|listeners:[], old=null
2023-01-09 20:10:05,273 [51369307-b0de-40aa-9d6f-41f84e1cecb7@group-AE8453F49D0B-LeaderElection27] INFO  server.RaftServerConfigKeys (ConfUtils.java:logFallback(53)) - raft.server.rpc.first-election.timeout.min = 5s (fallback to raft.server.rpc.timeout.min)
2023-01-09 20:10:05,273 [51369307-b0de-40aa-9d6f-41f84e1cecb7@group-AE8453F49D0B-LeaderElection27] INFO  server.RaftServerConfigKeys (ConfUtils.java:logFallback(53)) - raft.server.rpc.first-election.timeout.max = 5200ms (fallback to raft.server.rpc.timeout.max)
2023-01-09 20:10:05,279 [grpc-default-executor-4] INFO  server.RaftServer$Division (RaftServerImpl.java:requestVote(1218)) - e77b5d09-e15c-47d2-9906-1148d6692daf@group-AE8453F49D0B: receive requestVote(ELECTION, 51369307-b0de-40aa-9d6f-41f84e1cecb7, group-AE8453F49D0B, 4, (t:0, i:0))
2023-01-09 20:10:05,279 [grpc-default-executor-4] INFO  impl.VoteContext (VoteContext.java:log(49)) - e77b5d09-e15c-47d2-9906-1148d6692daf@group-AE8453F49D0B-FOLLOWER: accept ELECTION from 51369307-b0de-40aa-9d6f-41f84e1cecb7: our priority 0 <= candidate's priority 0
2023-01-09 20:10:05,279 [grpc-default-executor-6] INFO  server.RaftServer$Division (RaftServerImpl.java:requestVote(1218)) - d09c218f-b416-45d6-bb77-0144cdedc1ff@group-AE8453F49D0B: receive requestVote(ELECTION, 51369307-b0de-40aa-9d6f-41f84e1cecb7, group-AE8453F49D0B, 4, (t:0, i:0))
2023-01-09 20:10:05,279 [grpc-default-executor-4] INFO  server.RaftServer$Division (RaftServerImpl.java:setRole(321)) - e77b5d09-e15c-47d2-9906-1148d6692daf@group-AE8453F49D0B: changes role from  FOLLOWER to FOLLOWER at term 4 for candidate:51369307-b0de-40aa-9d6f-41f84e1cecb7
2023-01-09 20:10:05,280 [grpc-default-executor-6] INFO  impl.VoteContext (VoteContext.java:log(49)) - d09c218f-b416-45d6-bb77-0144cdedc1ff@group-AE8453F49D0B-FOLLOWER: reject ELECTION from 51369307-b0de-40aa-9d6f-41f84e1cecb7: our priority 1 > candidate's priority 0
2023-01-09 20:10:05,280 [grpc-default-executor-4] INFO  impl.RoleInfo (RoleInfo.java:shutdownFollowerState(110)) - e77b5d09-e15c-47d2-9906-1148d6692daf: shutdown e77b5d09-e15c-47d2-9906-1148d6692daf@group-AE8453F49D0B-FollowerState
2023-01-09 20:10:05,280 [grpc-default-executor-6] INFO  server.RaftServer$Division (RaftServerImpl.java:setRole(321)) - d09c218f-b416-45d6-bb77-0144cdedc1ff@group-AE8453F49D0B: changes role from  FOLLOWER to FOLLOWER at term 4 for candidate:51369307-b0de-40aa-9d6f-41f84e1cecb7
2023-01-09 20:10:05,280 [e77b5d09-e15c-47d2-9906-1148d6692daf@group-AE8453F49D0B-FollowerState] INFO  impl.FollowerState (FollowerState.java:run(152)) - e77b5d09-e15c-47d2-9906-1148d6692daf@group-AE8453F49D0B-FollowerState was interrupted
2023-01-09 20:10:05,280 [grpc-default-executor-6] INFO  impl.RoleInfo (RoleInfo.java:shutdownFollowerState(110)) - d09c218f-b416-45d6-bb77-0144cdedc1ff: shutdown d09c218f-b416-45d6-bb77-0144cdedc1ff@group-AE8453F49D0B-FollowerState
2023-01-09 20:10:05,280 [grpc-default-executor-4] INFO  impl.RoleInfo (RoleInfo.java:updateAndGet(139)) - e77b5d09-e15c-47d2-9906-1148d6692daf: start e77b5d09-e15c-47d2-9906-1148d6692daf@group-AE8453F49D0B-FollowerState
2023-01-09 20:10:05,281 [d09c218f-b416-45d6-bb77-0144cdedc1ff@group-AE8453F49D0B-FollowerState] INFO  impl.FollowerState (FollowerState.java:run(152)) - d09c218f-b416-45d6-bb77-0144cdedc1ff@group-AE8453F49D0B-FollowerState was interrupted
2023-01-09 20:10:05,281 [grpc-default-executor-6] INFO  impl.RoleInfo (RoleInfo.java:updateAndGet(139)) - d09c218f-b416-45d6-bb77-0144cdedc1ff: start d09c218f-b416-45d6-bb77-0144cdedc1ff@group-AE8453F49D0B-FollowerState
2023-01-09 20:10:05,282 [e77b5d09-e15c-47d2-9906-1148d6692daf@group-AE8453F49D0B-FollowerState] INFO  server.RaftServerConfigKeys (ConfUtils.java:logFallback(53)) - raft.server.rpc.first-election.timeout.min = 5s (fallback to raft.server.rpc.timeout.min)
2023-01-09 20:10:05,287 [e77b5d09-e15c-47d2-9906-1148d6692daf@group-AE8453F49D0B-FollowerState] INFO  server.RaftServerConfigKeys (ConfUtils.java:logFallback(53)) - raft.server.rpc.first-election.timeout.max = 5200ms (fallback to raft.server.rpc.timeout.max)
2023-01-09 20:10:05,288 [grpc-default-executor-4] INFO  server.RaftServer$Division (RaftServerImpl.java:requestVote(1251)) - e77b5d09-e15c-47d2-9906-1148d6692daf@group-AE8453F49D0B replies to ELECTION vote request: 51369307-b0de-40aa-9d6f-41f84e1cecb7<-e77b5d09-e15c-47d2-9906-1148d6692daf#0:OK-t4. Peer's state: e77b5d09-e15c-47d2-9906-1148d6692daf@group-AE8453F49D0B:t4, leader=null, voted=51369307-b0de-40aa-9d6f-41f84e1cecb7, raftlog=Memoized:e77b5d09-e15c-47d2-9906-1148d6692daf@group-AE8453F49D0B-SegmentedRaftLog:OPENED:c-1, conf=-1: peers:[e77b5d09-e15c-47d2-9906-1148d6692daf|rpc:10.1.0.27:40203|dataStream:10.1.0.27:33269|priority:0|startupRole:FOLLOWER, d09c218f-b416-45d6-bb77-0144cdedc1ff|rpc:10.1.0.27:37119|dataStream:10.1.0.27:40365|priority:1|startupRole:FOLLOWER, 51369307-b0de-40aa-9d6f-41f84e1cecb7|rpc:10.1.0.27:44083|dataStream:10.1.0.27:33005|priority:0|startupRole:FOLLOWER]|listeners:[], old=null
2023-01-09 20:10:05,290 [d09c218f-b416-45d6-bb77-0144cdedc1ff@group-AE8453F49D0B-FollowerState] INFO  server.RaftServerConfigKeys (ConfUtils.java:logFallback(53)) - raft.server.rpc.first-election.timeout.min = 5s (fallback to raft.server.rpc.timeout.min)
2023-01-09 20:10:05,290 [grpc-default-executor-6] INFO  server.RaftServer$Division (RaftServerImpl.java:requestVote(1251)) - d09c218f-b416-45d6-bb77-0144cdedc1ff@group-AE8453F49D0B replies to ELECTION vote request: 51369307-b0de-40aa-9d6f-41f84e1cecb7<-d09c218f-b416-45d6-bb77-0144cdedc1ff#0:FAIL-t4. Peer's state: d09c218f-b416-45d6-bb77-0144cdedc1ff@group-AE8453F49D0B:t4, leader=null, voted=null, raftlog=Memoized:d09c218f-b416-45d6-bb77-0144cdedc1ff@group-AE8453F49D0B-SegmentedRaftLog:OPENED:c-1, conf=-1: peers:[e77b5d09-e15c-47d2-9906-1148d6692daf|rpc:10.1.0.27:40203|dataStream:10.1.0.27:33269|priority:0|startupRole:FOLLOWER, d09c218f-b416-45d6-bb77-0144cdedc1ff|rpc:10.1.0.27:37119|dataStream:10.1.0.27:40365|priority:1|startupRole:FOLLOWER, 51369307-b0de-40aa-9d6f-41f84e1cecb7|rpc:10.1.0.27:44083|dataStream:10.1.0.27:33005|priority:0|startupRole:FOLLOWER]|listeners:[], old=null
2023-01-09 20:10:05,291 [d09c218f-b416-45d6-bb77-0144cdedc1ff@group-AE8453F49D0B-FollowerState] INFO  server.RaftServerConfigKeys (ConfUtils.java:logFallback(53)) - raft.server.rpc.first-election.timeout.max = 5200ms (fallback to raft.server.rpc.timeout.max)
2023-01-09 20:10:05,292 [51369307-b0de-40aa-9d6f-41f84e1cecb7@group-AE8453F49D0B-LeaderElection27] INFO  impl.LeaderElection (LeaderElection.java:logAndReturn(90)) - 51369307-b0de-40aa-9d6f-41f84e1cecb7@group-AE8453F49D0B-LeaderElection27: ELECTION REJECTED received 2 response(s) and 0 exception(s):
2023-01-09 20:10:05,292 [51369307-b0de-40aa-9d6f-41f84e1cecb7@group-AE8453F49D0B-LeaderElection27] INFO  impl.LeaderElection (LeaderElection.java:logAndReturn(94)) -   Response 0: 51369307-b0de-40aa-9d6f-41f84e1cecb7<-e77b5d09-e15c-47d2-9906-1148d6692daf#0:OK-t4
2023-01-09 20:10:05,292 [51369307-b0de-40aa-9d6f-41f84e1cecb7@group-AE8453F49D0B-LeaderElection27] INFO  impl.LeaderElection (LeaderElection.java:logAndReturn(94)) -   Response 1: 51369307-b0de-40aa-9d6f-41f84e1cecb7<-d09c218f-b416-45d6-bb77-0144cdedc1ff#0:FAIL-t4
2023-01-09 20:10:05,292 [51369307-b0de-40aa-9d6f-41f84e1cecb7@group-AE8453F49D0B-LeaderElection27] INFO  impl.LeaderElection (LeaderElection.java:askForVotes(314)) - 51369307-b0de-40aa-9d6f-41f84e1cecb7@group-AE8453F49D0B-LeaderElection27 ELECTION round 0: result REJECTED
2023-01-09 20:10:05,292 [51369307-b0de-40aa-9d6f-41f84e1cecb7@group-AE8453F49D0B-LeaderElection27] INFO  server.RaftServer$Division (RaftServerImpl.java:setRole(321)) - 51369307-b0de-40aa-9d6f-41f84e1cecb7@group-AE8453F49D0B: changes role from CANDIDATE to FOLLOWER at term 4 for REJECTED
2023-01-09 20:10:05,292 [51369307-b0de-40aa-9d6f-41f84e1cecb7@group-AE8453F49D0B-LeaderElection27] INFO  impl.RoleInfo (RoleInfo.java:shutdownLeaderElection(130)) - 51369307-b0de-40aa-9d6f-41f84e1cecb7: shutdown 51369307-b0de-40aa-9d6f-41f84e1cecb7@group-AE8453F49D0B-LeaderElection27
2023-01-09 20:10:05,292 [51369307-b0de-40aa-9d6f-41f84e1cecb7@group-AE8453F49D0B-LeaderElection27] INFO  impl.RoleInfo (RoleInfo.java:updateAndGet(139)) - 51369307-b0de-40aa-9d6f-41f84e1cecb7: start 51369307-b0de-40aa-9d6f-41f84e1cecb7@group-AE8453F49D0B-FollowerState
2023-01-09 20:10:05,292 [51369307-b0de-40aa-9d6f-41f84e1cecb7@group-AE8453F49D0B-FollowerState] INFO  server.RaftServerConfigKeys (ConfUtils.java:logFallback(53)) - raft.server.rpc.first-election.timeout.min = 5s (fallback to raft.server.rpc.timeout.min)
2023-01-09 20:10:05,292 [51369307-b0de-40aa-9d6f-41f84e1cecb7@group-AE8453F49D0B-FollowerState] INFO  server.RaftServerConfigKeys (ConfUtils.java:logFallback(53)) - raft.server.rpc.first-election.timeout.max = 5200ms (fallback to raft.server.rpc.timeout.max)
2023-01-09 20:10:10,369 [d09c218f-b416-45d6-bb77-0144cdedc1ff@group-AE8453F49D0B-FollowerState] INFO  impl.FollowerState (FollowerState.java:run(143)) - d09c218f-b416-45d6-bb77-0144cdedc1ff@group-AE8453F49D0B-FollowerState: change to CANDIDATE, lastRpcElapsedTime:5087379532ns, electionTimeout:5077ms
2023-01-09 20:10:10,369 [d09c218f-b416-45d6-bb77-0144cdedc1ff@group-AE8453F49D0B-FollowerState] INFO  impl.RoleInfo (RoleInfo.java:shutdownFollowerState(110)) - d09c218f-b416-45d6-bb77-0144cdedc1ff: shutdown d09c218f-b416-45d6-bb77-0144cdedc1ff@group-AE8453F49D0B-FollowerState
2023-01-09 20:10:10,369 [d09c218f-b416-45d6-bb77-0144cdedc1ff@group-AE8453F49D0B-FollowerState] INFO  server.RaftServer$Division (RaftServerImpl.java:setRole(321)) - d09c218f-b416-45d6-bb77-0144cdedc1ff@group-AE8453F49D0B: changes role from  FOLLOWER to CANDIDATE at term 4 for changeToCandidate
2023-01-09 20:10:10,369 [d09c218f-b416-45d6-bb77-0144cdedc1ff@group-AE8453F49D0B-FollowerState] INFO  server.RaftServerConfigKeys (ConfUtils.java:logGet(46)) - raft.server.leaderelection.pre-vote = false (custom)
2023-01-09 20:10:10,369 [d09c218f-b416-45d6-bb77-0144cdedc1ff@group-AE8453F49D0B-FollowerState] INFO  impl.RoleInfo (RoleInfo.java:updateAndGet(139)) - d09c218f-b416-45d6-bb77-0144cdedc1ff: start d09c218f-b416-45d6-bb77-0144cdedc1ff@group-AE8453F49D0B-LeaderElection28
2023-01-09 20:10:10,378 [d09c218f-b416-45d6-bb77-0144cdedc1ff@group-AE8453F49D0B-LeaderElection28] INFO  impl.LeaderElection (LeaderElection.java:askForVotes(312)) - d09c218f-b416-45d6-bb77-0144cdedc1ff@group-AE8453F49D0B-LeaderElection28 ELECTION round 0: submit vote requests at term 5 for -1: peers:[e77b5d09-e15c-47d2-9906-1148d6692daf|rpc:10.1.0.27:40203|dataStream:10.1.0.27:33269|priority:0|startupRole:FOLLOWER, d09c218f-b416-45d6-bb77-0144cdedc1ff|rpc:10.1.0.27:37119|dataStream:10.1.0.27:40365|priority:1|startupRole:FOLLOWER, 51369307-b0de-40aa-9d6f-41f84e1cecb7|rpc:10.1.0.27:44083|dataStream:10.1.0.27:33005|priority:0|startupRole:FOLLOWER]|listeners:[], old=null
2023-01-09 20:10:10,378 [d09c218f-b416-45d6-bb77-0144cdedc1ff@group-AE8453F49D0B-LeaderElection28] INFO  server.RaftServerConfigKeys (ConfUtils.java:logFallback(53)) - raft.server.rpc.first-election.timeout.min = 5s (fallback to raft.server.rpc.timeout.min)
2023-01-09 20:10:10,378 [d09c218f-b416-45d6-bb77-0144cdedc1ff@group-AE8453F49D0B-LeaderElection28-1] INFO  server.GrpcServerProtocolClient (GrpcServerProtocolClient.java:<init>(63)) - Build channel for e77b5d09-e15c-47d2-9906-1148d6692daf
2023-01-09 20:10:10,378 [d09c218f-b416-45d6-bb77-0144cdedc1ff@group-AE8453F49D0B-LeaderElection28] INFO  server.RaftServerConfigKeys (ConfUtils.java:logFallback(53)) - raft.server.rpc.first-election.timeout.max = 5200ms (fallback to raft.server.rpc.timeout.max)
2023-01-09 20:10:10,379 [d09c218f-b416-45d6-bb77-0144cdedc1ff@group-AE8453F49D0B-LeaderElection28-2] INFO  server.GrpcServerProtocolClient (GrpcServerProtocolClient.java:<init>(63)) - Build channel for 51369307-b0de-40aa-9d6f-41f84e1cecb7
2023-01-09 20:10:10,395 [grpc-default-executor-4] INFO  server.RaftServer$Division (RaftServerImpl.java:requestVote(1218)) - 51369307-b0de-40aa-9d6f-41f84e1cecb7@group-AE8453F49D0B: receive requestVote(ELECTION, d09c218f-b416-45d6-bb77-0144cdedc1ff, group-AE8453F49D0B, 5, (t:0, i:0))
2023-01-09 20:10:10,395 [grpc-default-executor-4] INFO  impl.VoteContext (VoteContext.java:log(49)) - 51369307-b0de-40aa-9d6f-41f84e1cecb7@group-AE8453F49D0B-FOLLOWER: accept ELECTION from d09c218f-b416-45d6-bb77-0144cdedc1ff: our priority 0 <= candidate's priority 1
2023-01-09 20:10:10,395 [grpc-default-executor-4] INFO  server.RaftServer$Division (RaftServerImpl.java:setRole(321)) - 51369307-b0de-40aa-9d6f-41f84e1cecb7@group-AE8453F49D0B: changes role from  FOLLOWER to FOLLOWER at term 5 for candidate:d09c218f-b416-45d6-bb77-0144cdedc1ff
2023-01-09 20:10:10,395 [grpc-default-executor-4] INFO  impl.RoleInfo (RoleInfo.java:shutdownFollowerState(110)) - 51369307-b0de-40aa-9d6f-41f84e1cecb7: shutdown 51369307-b0de-40aa-9d6f-41f84e1cecb7@group-AE8453F49D0B-FollowerState
2023-01-09 20:10:10,395 [grpc-default-executor-4] INFO  impl.RoleInfo (RoleInfo.java:updateAndGet(139)) - 51369307-b0de-40aa-9d6f-41f84e1cecb7: start 51369307-b0de-40aa-9d6f-41f84e1cecb7@group-AE8453F49D0B-FollowerState
2023-01-09 20:10:10,395 [51369307-b0de-40aa-9d6f-41f84e1cecb7@group-AE8453F49D0B-FollowerState] INFO  impl.FollowerState (FollowerState.java:run(152)) - 51369307-b0de-40aa-9d6f-41f84e1cecb7@group-AE8453F49D0B-FollowerState was interrupted
2023-01-09 20:10:10,397 [grpc-default-executor-6] INFO  server.RaftServer$Division (RaftServerImpl.java:requestVote(1218)) - e77b5d09-e15c-47d2-9906-1148d6692daf@group-AE8453F49D0B: receive requestVote(ELECTION, d09c218f-b416-45d6-bb77-0144cdedc1ff, group-AE8453F49D0B, 5, (t:0, i:0))
2023-01-09 20:10:10,397 [grpc-default-executor-6] INFO  impl.VoteContext (VoteContext.java:log(49)) - e77b5d09-e15c-47d2-9906-1148d6692daf@group-AE8453F49D0B-FOLLOWER: accept ELECTION from d09c218f-b416-45d6-bb77-0144cdedc1ff: our priority 0 <= candidate's priority 1
2023-01-09 20:10:10,397 [grpc-default-executor-6] INFO  server.RaftServer$Division (RaftServerImpl.java:setRole(321)) - e77b5d09-e15c-47d2-9906-1148d6692daf@group-AE8453F49D0B: changes role from  FOLLOWER to FOLLOWER at term 5 for candidate:d09c218f-b416-45d6-bb77-0144cdedc1ff
2023-01-09 20:10:10,397 [grpc-default-executor-6] INFO  impl.RoleInfo (RoleInfo.java:shutdownFollowerState(110)) - e77b5d09-e15c-47d2-9906-1148d6692daf: shutdown e77b5d09-e15c-47d2-9906-1148d6692daf@group-AE8453F49D0B-FollowerState
2023-01-09 20:10:10,397 [grpc-default-executor-6] INFO  impl.RoleInfo (RoleInfo.java:updateAndGet(139)) - e77b5d09-e15c-47d2-9906-1148d6692daf: start e77b5d09-e15c-47d2-9906-1148d6692daf@group-AE8453F49D0B-FollowerState
2023-01-09 20:10:10,398 [e77b5d09-e15c-47d2-9906-1148d6692daf@group-AE8453F49D0B-FollowerState] INFO  impl.FollowerState (FollowerState.java:run(152)) - e77b5d09-e15c-47d2-9906-1148d6692daf@group-AE8453F49D0B-FollowerState was interrupted
2023-01-09 20:10:10,399 [51369307-b0de-40aa-9d6f-41f84e1cecb7@group-AE8453F49D0B-FollowerState] INFO  server.RaftServerConfigKeys (ConfUtils.java:logFallback(53)) - raft.server.rpc.first-election.timeout.min = 5s (fallback to raft.server.rpc.timeout.min)
2023-01-09 20:10:10,399 [51369307-b0de-40aa-9d6f-41f84e1cecb7@group-AE8453F49D0B-FollowerState] INFO  server.RaftServerConfigKeys (ConfUtils.java:logFallback(53)) - raft.server.rpc.first-election.timeout.max = 5200ms (fallback to raft.server.rpc.timeout.max)
2023-01-09 20:10:10,408 [e77b5d09-e15c-47d2-9906-1148d6692daf@group-AE8453F49D0B-FollowerState] INFO  server.RaftServerConfigKeys (ConfUtils.java:logFallback(53)) - raft.server.rpc.first-election.timeout.min = 5s (fallback to raft.server.rpc.timeout.min)
2023-01-09 20:10:10,408 [e77b5d09-e15c-47d2-9906-1148d6692daf@group-AE8453F49D0B-FollowerState] INFO  server.RaftServerConfigKeys (ConfUtils.java:logFallback(53)) - raft.server.rpc.first-election.timeout.max = 5200ms (fallback to raft.server.rpc.timeout.max)
2023-01-09 20:10:10,408 [grpc-default-executor-4] INFO  server.RaftServer$Division (RaftServerImpl.java:requestVote(1251)) - 51369307-b0de-40aa-9d6f-41f84e1cecb7@group-AE8453F49D0B replies to ELECTION vote request: d09c218f-b416-45d6-bb77-0144cdedc1ff<-51369307-b0de-40aa-9d6f-41f84e1cecb7#0:OK-t5. Peer's state: 51369307-b0de-40aa-9d6f-41f84e1cecb7@group-AE8453F49D0B:t5, leader=null, voted=d09c218f-b416-45d6-bb77-0144cdedc1ff, raftlog=Memoized:51369307-b0de-40aa-9d6f-41f84e1cecb7@group-AE8453F49D0B-SegmentedRaftLog:OPENED:c-1, conf=-1: peers:[e77b5d09-e15c-47d2-9906-1148d6692daf|rpc:10.1.0.27:40203|dataStream:10.1.0.27:33269|priority:0|startupRole:FOLLOWER, d09c218f-b416-45d6-bb77-0144cdedc1ff|rpc:10.1.0.27:37119|dataStream:10.1.0.27:40365|priority:1|startupRole:FOLLOWER, 51369307-b0de-40aa-9d6f-41f84e1cecb7|rpc:10.1.0.27:44083|dataStream:10.1.0.27:33005|priority:0|startupRole:FOLLOWER]|listeners:[], old=null
2023-01-09 20:10:10,409 [grpc-default-executor-6] INFO  server.RaftServer$Division (RaftServerImpl.java:requestVote(1251)) - e77b5d09-e15c-47d2-9906-1148d6692daf@group-AE8453F49D0B replies to ELECTION vote request: d09c218f-b416-45d6-bb77-0144cdedc1ff<-e77b5d09-e15c-47d2-9906-1148d6692daf#0:OK-t5. Peer's state: e77b5d09-e15c-47d2-9906-1148d6692daf@group-AE8453F49D0B:t5, leader=null, voted=d09c218f-b416-45d6-bb77-0144cdedc1ff, raftlog=Memoized:e77b5d09-e15c-47d2-9906-1148d6692daf@group-AE8453F49D0B-SegmentedRaftLog:OPENED:c-1, conf=-1: peers:[e77b5d09-e15c-47d2-9906-1148d6692daf|rpc:10.1.0.27:40203|dataStream:10.1.0.27:33269|priority:0|startupRole:FOLLOWER, d09c218f-b416-45d6-bb77-0144cdedc1ff|rpc:10.1.0.27:37119|dataStream:10.1.0.27:40365|priority:1|startupRole:FOLLOWER, 51369307-b0de-40aa-9d6f-41f84e1cecb7|rpc:10.1.0.27:44083|dataStream:10.1.0.27:33005|priority:0|startupRole:FOLLOWER]|listeners:[], old=null
2023-01-09 20:10:10,412 [d09c218f-b416-45d6-bb77-0144cdedc1ff@group-AE8453F49D0B-LeaderElection28] INFO  impl.LeaderElection (LeaderElection.java:logAndReturn(90)) - d09c218f-b416-45d6-bb77-0144cdedc1ff@group-AE8453F49D0B-LeaderElection28: ELECTION PASSED received 1 response(s) and 0 exception(s):
2023-01-09 20:10:10,412 [d09c218f-b416-45d6-bb77-0144cdedc1ff@group-AE8453F49D0B-LeaderElection28] INFO  impl.LeaderElection (LeaderElection.java:logAndReturn(94)) -   Response 0: d09c218f-b416-45d6-bb77-0144cdedc1ff<-51369307-b0de-40aa-9d6f-41f84e1cecb7#0:OK-t5
2023-01-09 20:10:10,412 [d09c218f-b416-45d6-bb77-0144cdedc1ff@group-AE8453F49D0B-LeaderElection28] INFO  impl.LeaderElection (LeaderElection.java:askForVotes(314)) - d09c218f-b416-45d6-bb77-0144cdedc1ff@group-AE8453F49D0B-LeaderElection28 ELECTION round 0: result PASSED
2023-01-09 20:10:10,413 [d09c218f-b416-45d6-bb77-0144cdedc1ff@group-AE8453F49D0B-LeaderElection28] INFO  impl.RoleInfo (RoleInfo.java:shutdownLeaderElection(130)) - d09c218f-b416-45d6-bb77-0144cdedc1ff: shutdown d09c218f-b416-45d6-bb77-0144cdedc1ff@group-AE8453F49D0B-LeaderElection28
2023-01-09 20:10:10,413 [d09c218f-b416-45d6-bb77-0144cdedc1ff@group-AE8453F49D0B-LeaderElection28] INFO  server.RaftServer$Division (RaftServerImpl.java:setRole(321)) - d09c218f-b416-45d6-bb77-0144cdedc1ff@group-AE8453F49D0B: changes role from CANDIDATE to LEADER at term 5 for changeToLeader
2023-01-09 20:10:10,413 [d09c218f-b416-45d6-bb77-0144cdedc1ff@group-AE8453F49D0B-LeaderElection28] INFO  ratis.XceiverServerRatis (XceiverServerRatis.java:handleLeaderChangedNotification(904)) - Leader change notification received for group: group-AE8453F49D0B with new leaderId: d09c218f-b416-45d6-bb77-0144cdedc1ff
2023-01-09 20:10:10,413 [d09c218f-b416-45d6-bb77-0144cdedc1ff@group-AE8453F49D0B-LeaderElection28] INFO  server.RaftServer$Division (ServerState.java:setLeader(313)) - d09c218f-b416-45d6-bb77-0144cdedc1ff@group-AE8453F49D0B: change Leader from null to d09c218f-b416-45d6-bb77-0144cdedc1ff at term 5 for becomeLeader, leader elected after 25621ms
2023-01-09 20:10:10,413 [d09c218f-b416-45d6-bb77-0144cdedc1ff@group-AE8453F49D0B-LeaderElection28] INFO  server.RaftServerConfigKeys (ConfUtils.java:logGet(46)) - raft.server.staging.catchup.gap = 1000 (default)
2023-01-09 20:10:10,413 [d09c218f-b416-45d6-bb77-0144cdedc1ff@group-AE8453F49D0B-LeaderElection28] INFO  server.RaftServerConfigKeys (ConfUtils.java:logGet(46)) - raft.server.write.element-limit = 1024 (custom)
2023-01-09 20:10:10,413 [d09c218f-b416-45d6-bb77-0144cdedc1ff@group-AE8453F49D0B-LeaderElection28] INFO  server.RaftServerConfigKeys (ConfUtils.java:logGet(46)) - raft.server.write.byte-limit = 1024 M (=1073741824) (custom)
2023-01-09 20:10:10,414 [d09c218f-b416-45d6-bb77-0144cdedc1ff@group-AE8453F49D0B-LeaderElection28] INFO  server.RaftServerConfigKeys (ConfUtils.java:logGet(46)) - raft.server.watch.timeout = 180s (custom)
2023-01-09 20:10:10,414 [d09c218f-b416-45d6-bb77-0144cdedc1ff@group-AE8453F49D0B-LeaderElection28] INFO  server.RaftServerConfigKeys (ConfUtils.java:logGet(46)) - raft.server.watch.timeout.denomination = 1s (default)
2023-01-09 20:10:10,414 [d09c218f-b416-45d6-bb77-0144cdedc1ff@group-AE8453F49D0B-LeaderElection28] INFO  server.RaftServerConfigKeys (ConfUtils.java:logGet(46)) - raft.server.watch.element-limit = 65536 (default)
2023-01-09 20:10:10,414 [d09c218f-b416-45d6-bb77-0144cdedc1ff@group-AE8453F49D0B-LeaderElection28] INFO  server.RaftServerConfigKeys (ConfUtils.java:logGet(46)) - raft.server.write.element-limit = 1024 (custom)
2023-01-09 20:10:10,414 [d09c218f-b416-45d6-bb77-0144cdedc1ff@group-AE8453F49D0B-LeaderElection28] INFO  server.RaftServerConfigKeys (ConfUtils.java:logGet(46)) - raft.server.write.follower.gap.ratio.max = -1.0 (default)
2023-01-09 20:10:10,416 [EventQueue-PipelineReportForPipelineReportHandler] INFO  pipeline.PipelineManagerImpl (PipelineManagerImpl.java:openPipeline(367)) - Pipeline Pipeline[ Id: 506c1c73-3a8c-4a82-8cbb-ae8453f49d0b, Nodes: d09c218f-b416-45d6-bb77-0144cdedc1ff{ip: 10.1.0.27, host: fv-az457-50.3faczmgjfduuxnksfsdf43hgfa.dx.internal.cloudapp.net, ports: [REPLICATION=35093, RATIS=37119, RATIS_ADMIN=37119, RATIS_SERVER=37119, RATIS_DATASTREAM=40365, STANDALONE=38283], networkLocation: /default-rack, certSerialId: null, persistedOpState: IN_SERVICE, persistedOpStateExpiryEpochSec: 0}e77b5d09-e15c-47d2-9906-1148d6692daf{ip: 10.1.0.27, host: fv-az457-50.3faczmgjfduuxnksfsdf43hgfa.dx.internal.cloudapp.net, ports: [REPLICATION=39831, RATIS=40203, RATIS_ADMIN=40203, RATIS_SERVER=40203, RATIS_DATASTREAM=33269, STANDALONE=38817], networkLocation: /default-rack, certSerialId: null, persistedOpState: IN_SERVICE, persistedOpStateExpiryEpochSec: 0}51369307-b0de-40aa-9d6f-41f84e1cecb7{ip: 10.1.0.27, host: fv-az457-50.3faczmgjfduuxnksfsdf43hgfa.dx.internal.cloudapp.net, ports: [REPLICATION=42229, RATIS=44083, RATIS_ADMIN=44083, RATIS_SERVER=44083, RATIS_DATASTREAM=33005, STANDALONE=42355], networkLocation: /default-rack, certSerialId: null, persistedOpState: IN_SERVICE, persistedOpStateExpiryEpochSec: 0}, ReplicationConfig: RATIS/THREE, State:ALLOCATED, leaderId:d09c218f-b416-45d6-bb77-0144cdedc1ff, CreationTimestamp2023-01-09T20:09:42.699Z[Etc/UTC]] moved to OPEN state
2023-01-09 20:10:10,417 [d09c218f-b416-45d6-bb77-0144cdedc1ff@group-AE8453F49D0B-LeaderElection28] INFO  server.RaftServerConfigKeys (ConfUtils.java:logGet(46)) - raft.server.log.appender.snapshot.chunk.size.max = 16MB (=16777216) (default)
2023-01-09 20:10:10,417 [d09c218f-b416-45d6-bb77-0144cdedc1ff@group-AE8453F49D0B-LeaderElection28] INFO  server.RaftServerConfigKeys (ConfUtils.java:logGet(46)) - raft.server.log.appender.buffer.byte-limit = 33554432 (custom)
2023-01-09 20:10:10,417 [d09c218f-b416-45d6-bb77-0144cdedc1ff@group-AE8453F49D0B-LeaderElection28] INFO  server.RaftServerConfigKeys (ConfUtils.java:logGet(46)) - raft.server.log.appender.buffer.element-limit = 1 (custom)
2023-01-09 20:10:10,417 [d09c218f-b416-45d6-bb77-0144cdedc1ff@group-AE8453F49D0B-LeaderElection28] INFO  grpc.GrpcConfigKeys (ConfUtils.java:logGet(46)) - raft.grpc.server.leader.outstanding.appends.max = 128 (default)
2023-01-09 20:10:10,417 [d09c218f-b416-45d6-bb77-0144cdedc1ff@group-AE8453F49D0B-LeaderElection28] INFO  server.RaftServerConfigKeys (ConfUtils.java:logGet(46)) - raft.server.rpc.request.timeout = 60s (custom)
2023-01-09 20:10:10,418 [d09c218f-b416-45d6-bb77-0144cdedc1ff@group-AE8453F49D0B-LeaderElection28] INFO  server.RaftServerConfigKeys (ConfUtils.java:logGet(46)) - raft.server.log.appender.install.snapshot.enabled = false (custom)
2023-01-09 20:10:10,418 [d09c218f-b416-45d6-bb77-0144cdedc1ff@group-AE8453F49D0B-LeaderElection28] INFO  grpc.GrpcConfigKeys (ConfUtils.java:logGet(46)) - raft.grpc.server.heartbeat.channel = true (default)
2023-01-09 20:10:10,418 [d09c218f-b416-45d6-bb77-0144cdedc1ff@group-AE8453F49D0B-LeaderElection28] INFO  server.RaftServerConfigKeys (ConfUtils.java:logGet(46)) - raft.server.log.appender.wait-time.min = 10ms (default)
2023-01-09 20:10:10,419 [d09c218f-b416-45d6-bb77-0144cdedc1ff@group-AE8453F49D0B-LeaderElection28] INFO  server.RaftServerConfigKeys (ConfUtils.java:logGet(46)) - raft.server.log.appender.snapshot.chunk.size.max = 16MB (=16777216) (default)
2023-01-09 20:10:10,419 [d09c218f-b416-45d6-bb77-0144cdedc1ff@group-AE8453F49D0B-LeaderElection28] INFO  server.RaftServerConfigKeys (ConfUtils.java:logGet(46)) - raft.server.log.appender.buffer.byte-limit = 33554432 (custom)
2023-01-09 20:10:10,419 [d09c218f-b416-45d6-bb77-0144cdedc1ff@group-AE8453F49D0B-LeaderElection28] INFO  server.RaftServerConfigKeys (ConfUtils.java:logGet(46)) - raft.server.log.appender.buffer.element-limit = 1 (custom)
2023-01-09 20:10:10,421 [d09c218f-b416-45d6-bb77-0144cdedc1ff@group-AE8453F49D0B-LeaderElection28] INFO  grpc.GrpcConfigKeys (ConfUtils.java:logGet(46)) - raft.grpc.server.leader.outstanding.appends.max = 128 (default)
2023-01-09 20:10:10,421 [d09c218f-b416-45d6-bb77-0144cdedc1ff@group-AE8453F49D0B-LeaderElection28] INFO  server.RaftServerConfigKeys (ConfUtils.java:logGet(46)) - raft.server.rpc.request.timeout = 60s (custom)
2023-01-09 20:10:10,421 [d09c218f-b416-45d6-bb77-0144cdedc1ff@group-AE8453F49D0B-LeaderElection28] INFO  server.RaftServerConfigKeys (ConfUtils.java:logGet(46)) - raft.server.log.appender.install.snapshot.enabled = false (custom)
2023-01-09 20:10:10,421 [d09c218f-b416-45d6-bb77-0144cdedc1ff@group-AE8453F49D0B-LeaderElection28] INFO  grpc.GrpcConfigKeys (ConfUtils.java:logGet(46)) - raft.grpc.server.heartbeat.channel = true (default)
2023-01-09 20:10:10,421 [d09c218f-b416-45d6-bb77-0144cdedc1ff@group-AE8453F49D0B-LeaderElection28] INFO  server.RaftServerConfigKeys (ConfUtils.java:logGet(46)) - raft.server.log.appender.wait-time.min = 10ms (default)
2023-01-09 20:10:10,421 [d09c218f-b416-45d6-bb77-0144cdedc1ff@group-AE8453F49D0B-LeaderElection28] INFO  impl.RoleInfo (RoleInfo.java:updateAndGet(139)) - d09c218f-b416-45d6-bb77-0144cdedc1ff: start d09c218f-b416-45d6-bb77-0144cdedc1ff@group-AE8453F49D0B-LeaderStateImpl
2023-01-09 20:10:10,423 [d09c218f-b416-45d6-bb77-0144cdedc1ff@group-AE8453F49D0B-LeaderElection28] INFO  segmented.SegmentedRaftLogWorker (SegmentedRaftLogWorker.java:startLogSegment(452)) - d09c218f-b416-45d6-bb77-0144cdedc1ff@group-AE8453F49D0B-SegmentedRaftLogWorker: Starting segment from index:0
2023-01-09 20:10:10,425 [d09c218f-b416-45d6-bb77-0144cdedc1ff@group-AE8453F49D0B-LeaderElection28] INFO  server.RaftServer$Division (ServerState.java:setRaftConf(430)) - d09c218f-b416-45d6-bb77-0144cdedc1ff@group-AE8453F49D0B: set configuration 0: peers:[e77b5d09-e15c-47d2-9906-1148d6692daf|rpc:10.1.0.27:40203|dataStream:10.1.0.27:33269|priority:0|startupRole:FOLLOWER, d09c218f-b416-45d6-bb77-0144cdedc1ff|rpc:10.1.0.27:37119|dataStream:10.1.0.27:40365|priority:1|startupRole:FOLLOWER, 51369307-b0de-40aa-9d6f-41f84e1cecb7|rpc:10.1.0.27:44083|dataStream:10.1.0.27:33005|priority:0|startupRole:FOLLOWER]|listeners:[], old=null
2023-01-09 20:10:10,425 [d09c218f-b416-45d6-bb77-0144cdedc1ff@group-AE8453F49D0B-SegmentedRaftLogWorker] INFO  segmented.SegmentedRaftLogWorker (SegmentedRaftLogWorker.java:execute(656)) - d09c218f-b416-45d6-bb77-0144cdedc1ff@group-AE8453F49D0B-SegmentedRaftLogWorker: created new log segment /home/runner/work/ozone/ozone/hadoop-ozone/integration-test/target/test-dir/MiniOzoneClusterImpl-dc953f1b-8f43-4e25-a114-36b3b0290d25/datanode-8/data/ratis/506c1c73-3a8c-4a82-8cbb-ae8453f49d0b/current/log_inprogress_0
2023-01-09 20:10:10,437 [e77b5d09-e15c-47d2-9906-1148d6692daf-server-thread1] INFO  ratis.XceiverServerRatis (XceiverServerRatis.java:handleLeaderChangedNotification(904)) - Leader change notification received for group: group-AE8453F49D0B with new leaderId: d09c218f-b416-45d6-bb77-0144cdedc1ff
2023-01-09 20:10:10,437 [e77b5d09-e15c-47d2-9906-1148d6692daf-server-thread1] INFO  server.RaftServer$Division (ServerState.java:setLeader(313)) - e77b5d09-e15c-47d2-9906-1148d6692daf@group-AE8453F49D0B: change Leader from null to d09c218f-b416-45d6-bb77-0144cdedc1ff at term 5 for appendEntries, leader elected after 25584ms
2023-01-09 20:10:10,439 [e77b5d09-e15c-47d2-9906-1148d6692daf-server-thread2] INFO  server.RaftServer$Division (ServerState.java:setRaftConf(430)) - e77b5d09-e15c-47d2-9906-1148d6692daf@group-AE8453F49D0B: set configuration 0: peers:[e77b5d09-e15c-47d2-9906-1148d6692daf|rpc:10.1.0.27:40203|dataStream:10.1.0.27:33269|priority:0|startupRole:FOLLOWER, d09c218f-b416-45d6-bb77-0144cdedc1ff|rpc:10.1.0.27:37119|dataStream:10.1.0.27:40365|priority:1|startupRole:FOLLOWER, 51369307-b0de-40aa-9d6f-41f84e1cecb7|rpc:10.1.0.27:44083|dataStream:10.1.0.27:33005|priority:0|startupRole:FOLLOWER]|listeners:[], old=null
2023-01-09 20:10:10,439 [e77b5d09-e15c-47d2-9906-1148d6692daf-server-thread2] INFO  segmented.SegmentedRaftLogWorker (SegmentedRaftLogWorker.java:startLogSegment(452)) - e77b5d09-e15c-47d2-9906-1148d6692daf@group-AE8453F49D0B-SegmentedRaftLogWorker: Starting segment from index:0
2023-01-09 20:10:10,441 [e77b5d09-e15c-47d2-9906-1148d6692daf@group-AE8453F49D0B-SegmentedRaftLogWorker] INFO  segmented.SegmentedRaftLogWorker (SegmentedRaftLogWorker.java:execute(656)) - e77b5d09-e15c-47d2-9906-1148d6692daf@group-AE8453F49D0B-SegmentedRaftLogWorker: created new log segment /home/runner/work/ozone/ozone/hadoop-ozone/integration-test/target/test-dir/MiniOzoneClusterImpl-dc953f1b-8f43-4e25-a114-36b3b0290d25/datanode-7/data/ratis/506c1c73-3a8c-4a82-8cbb-ae8453f49d0b/current/log_inprogress_0
2023-01-09 20:10:10,448 [51369307-b0de-40aa-9d6f-41f84e1cecb7-server-thread1] INFO  ratis.XceiverServerRatis (XceiverServerRatis.java:handleLeaderChangedNotification(904)) - Leader change notification received for group: group-AE8453F49D0B with new leaderId: d09c218f-b416-45d6-bb77-0144cdedc1ff
2023-01-09 20:10:10,448 [51369307-b0de-40aa-9d6f-41f84e1cecb7-server-thread1] INFO  server.RaftServer$Division (ServerState.java:setLeader(313)) - 51369307-b0de-40aa-9d6f-41f84e1cecb7@group-AE8453F49D0B: change Leader from null to d09c218f-b416-45d6-bb77-0144cdedc1ff at term 5 for appendEntries, leader elected after 25703ms
2023-01-09 20:10:10,451 [51369307-b0de-40aa-9d6f-41f84e1cecb7-server-thread2] INFO  server.RaftServer$Division (ServerState.java:setRaftConf(430)) - 51369307-b0de-40aa-9d6f-41f84e1cecb7@group-AE8453F49D0B: set configuration 0: peers:[e77b5d09-e15c-47d2-9906-1148d6692daf|rpc:10.1.0.27:40203|dataStream:10.1.0.27:33269|priority:0|startupRole:FOLLOWER, d09c218f-b416-45d6-bb77-0144cdedc1ff|rpc:10.1.0.27:37119|dataStream:10.1.0.27:40365|priority:1|startupRole:FOLLOWER, 51369307-b0de-40aa-9d6f-41f84e1cecb7|rpc:10.1.0.27:44083|dataStream:10.1.0.27:33005|priority:0|startupRole:FOLLOWER]|listeners:[], old=null
2023-01-09 20:10:10,452 [51369307-b0de-40aa-9d6f-41f84e1cecb7-server-thread2] INFO  segmented.SegmentedRaftLogWorker (SegmentedRaftLogWorker.java:startLogSegment(452)) - 51369307-b0de-40aa-9d6f-41f84e1cecb7@group-AE8453F49D0B-SegmentedRaftLogWorker: Starting segment from index:0
2023-01-09 20:10:10,457 [51369307-b0de-40aa-9d6f-41f84e1cecb7@group-AE8453F49D0B-SegmentedRaftLogWorker] INFO  segmented.SegmentedRaftLogWorker (SegmentedRaftLogWorker.java:execute(656)) - 51369307-b0de-40aa-9d6f-41f84e1cecb7@group-AE8453F49D0B-SegmentedRaftLogWorker: created new log segment /home/runner/work/ozone/ozone/hadoop-ozone/integration-test/target/test-dir/MiniOzoneClusterImpl-dc953f1b-8f43-4e25-a114-36b3b0290d25/datanode-6/data/ratis/506c1c73-3a8c-4a82-8cbb-ae8453f49d0b/current/log_inprogress_0
]]></system-out>
  </testcase>
</testsuite>