<?xml version="1.0" encoding="UTF-8"?>
<testsuite xmlns:xsi="http://www.w3.org/2001/XMLSchema-instance" xsi:noNamespaceSchemaLocation="https://maven.apache.org/surefire/maven-surefire-plugin/xsd/surefire-test-report.xsd" name="org.apache.hadoop.ozone.client.rpc.TestDeleteWithSlowFollower" time="34.512" tests="1" errors="0" skipped="0" failures="1">
  <properties>
    <property name="awt.toolkit" value="sun.awt.X11.XToolkit"/>
    <property name="file.encoding.pkg" value="sun.io"/>
    <property name="java.specification.version" value="1.8"/>
    <property name="sun.cpu.isalist" value=""/>
    <property name="sun.jnu.encoding" value="ANSI_X3.4-1968"/>
    <property name="java.class.path" value="/github/workspace/mnt/ozone/hadoop-ozone/integration-test/target/test-classes:/github/workspace/mnt/ozone/hadoop-ozone/integration-test/target/classes:/home/user/.m2/repository/org/apache/hadoop/hadoop-ozone-common/1.1.0-SNAPSHOT/hadoop-ozone-common-1.1.0-SNAPSHOT.jar:/home/user/.m2/repository/org/apache/commons/commons-compress/1.4.1/commons-compress-1.4.1.jar:/home/user/.m2/repository/org/tukaani/xz/1.0/xz-1.0.jar:/home/user/.m2/repository/org/apache/hadoop/hadoop-hdds-common/1.1.0-SNAPSHOT/hadoop-hdds-common-1.1.0-SNAPSHOT.jar:/home/user/.m2/repository/org/apache/hadoop/hadoop-hdds-hadoop-dependency-client/1.1.0-SNAPSHOT/hadoop-hdds-hadoop-dependency-client-1.1.0-SNAPSHOT.jar:/home/user/.m2/repository/info/picocli/picocli/4.4.0/picocli-4.4.0.jar:/home/user/.m2/repository/com/fasterxml/jackson/core/jackson-annotations/2.10.3/jackson-annotations-2.10.3.jar:/home/user/.m2/repository/javax/annotation/javax.annotation-api/1.2/javax.annotation-api-1.2.jar:/home/user/.m2/repository/org/apache/ratis/ratis-server/1.0.0/ratis-server-1.0.0.jar:/home/user/.m2/repository/org/apache/ratis/ratis-client/1.0.0/ratis-client-1.0.0.jar:/home/user/.m2/repository/org/apache/ratis/ratis-metrics/1.0.0/ratis-metrics-1.0.0.jar:/home/user/.m2/repository/org/apache/ratis/ratis-netty/1.0.0/ratis-netty-1.0.0.jar:/home/user/.m2/repository/org/apache/ratis/ratis-grpc/1.0.0/ratis-grpc-1.0.0.jar:/home/user/.m2/repository/org/apache/logging/log4j/log4j-api/2.13.3/log4j-api-2.13.3.jar:/home/user/.m2/repository/org/apache/logging/log4j/log4j-core/2.13.3/log4j-core-2.13.3.jar:/home/user/.m2/repository/com/lmax/disruptor/3.4.2/disruptor-3.4.2.jar:/home/user/.m2/repository/org/apache/commons/commons-pool2/2.6.0/commons-pool2-2.6.0.jar:/home/user/.m2/repository/org/bouncycastle/bcpkix-jdk15on/1.60/bcpkix-jdk15on-1.60.jar:/home/user/.m2/repository/commons-validator/commons-validator/1.6/commons-validator-1.6.jar:/home/user/.m2/repository/commons-digester/commons-digester/1.8.1/commons-digester-1.8.1.jar:/home/user/.m2/repository/io/jaegertracing/jaeger-client/1.2.0/jaeger-client-1.2.0.jar:/home/user/.m2/repository/io/jaegertracing/jaeger-thrift/1.2.0/jaeger-thrift-1.2.0.jar:/home/user/.m2/repository/org/apache/thrift/libthrift/0.13.0/libthrift-0.13.0.jar:/home/user/.m2/repository/com/squareup/okhttp3/okhttp/4.2.2/okhttp-4.2.2.jar:/home/user/.m2/repository/com/squareup/okio/okio/2.2.2/okio-2.2.2.jar:/home/user/.m2/repository/org/jetbrains/kotlin/kotlin-stdlib/1.3.50/kotlin-stdlib-1.3.50.jar:/home/user/.m2/repository/org/jetbrains/kotlin/kotlin-stdlib-common/1.3.50/kotlin-stdlib-common-1.3.50.jar:/home/user/.m2/repository/org/jetbrains/annotations/13.0/annotations-13.0.jar:/home/user/.m2/repository/io/jaegertracing/jaeger-core/1.2.0/jaeger-core-1.2.0.jar:/home/user/.m2/repository/io/jaegertracing/jaeger-tracerresolver/1.2.0/jaeger-tracerresolver-1.2.0.jar:/home/user/.m2/repository/io/opentracing/contrib/opentracing-tracerresolver/0.1.8/opentracing-tracerresolver-0.1.8.jar:/home/user/.m2/repository/io/opentracing/opentracing-util/0.33.0/opentracing-util-0.33.0.jar:/home/user/.m2/repository/io/opentracing/opentracing-api/0.33.0/opentracing-api-0.33.0.jar:/home/user/.m2/repository/io/opentracing/opentracing-noop/0.33.0/opentracing-noop-0.33.0.jar:/home/user/.m2/repository/org/apache/hadoop/hadoop-hdds-client/1.1.0-SNAPSHOT/hadoop-hdds-client-1.1.0-SNAPSHOT.jar:/home/user/.m2/repository/org/apache/hadoop/hadoop-ozone-interface-client/1.1.0-SNAPSHOT/hadoop-ozone-interface-client-1.1.0-SNAPSHOT.jar:/home/user/.m2/repository/org/apache/hadoop/hadoop-hdds-test-utils/1.1.0-SNAPSHOT/hadoop-hdds-test-utils-1.1.0-SNAPSHOT.jar:/home/user/.m2/repository/com/google/guava/guava/28.2-jre/guava-28.2-jre.jar:/home/user/.m2/repository/com/google/guava/failureaccess/1.0.1/failureaccess-1.0.1.jar:/home/user/.m2/repository/com/google/guava/listenablefuture/9999.0-empty-to-avoid-conflict-with-guava/listenablefuture-9999.0-empty-to-avoid-conflict-with-guava.jar:/home/user/.m2/repository/com/google/code/findbugs/jsr305/3.0.0/jsr305-3.0.0.jar:/home/user/.m2/repository/org/checkerframework/checker-qual/2.10.0/checker-qual-2.10.0.jar:/home/user/.m2/repository/com/google/errorprone/error_prone_annotations/2.2.0/error_prone_annotations-2.2.0.jar:/home/user/.m2/repository/com/google/j2objc/j2objc-annotations/1.3/j2objc-annotations-1.3.jar:/home/user/.m2/repository/commons-io/commons-io/2.5/commons-io-2.5.jar:/home/user/.m2/repository/commons-logging/commons-logging/1.2/commons-logging-1.2.jar:/home/user/.m2/repository/log4j/log4j/1.2.17/log4j-1.2.17.jar:/home/user/.m2/repository/org/slf4j/slf4j-api/1.7.25/slf4j-api-1.7.25.jar:/home/user/.m2/repository/org/apache/hadoop/hadoop-hdds-server-scm/1.1.0-SNAPSHOT/hadoop-hdds-server-scm-1.1.0-SNAPSHOT.jar:/home/user/.m2/repository/org/apache/hadoop/hadoop-hdds-container-service/1.1.0-SNAPSHOT/hadoop-hdds-container-service-1.1.0-SNAPSHOT.jar:/home/user/.m2/repository/org/apache/hadoop/hadoop-hdds-hadoop-dependency-server/1.1.0-SNAPSHOT/hadoop-hdds-hadoop-dependency-server-1.1.0-SNAPSHOT.jar:/home/user/.m2/repository/org/apache/hadoop/hadoop-hdds-server-framework/1.1.0-SNAPSHOT/hadoop-hdds-server-framework-1.1.0-SNAPSHOT.jar:/home/user/.m2/repository/org/apache/hadoop/hadoop-hdds-interface-server/1.1.0-SNAPSHOT/hadoop-hdds-interface-server-1.1.0-SNAPSHOT.jar:/home/user/.m2/repository/org/apache/hadoop/hadoop-hdds-interface-admin/1.1.0-SNAPSHOT/hadoop-hdds-interface-admin-1.1.0-SNAPSHOT.jar:/home/user/.m2/repository/org/rocksdb/rocksdbjni/6.8.1/rocksdbjni-6.8.1.jar:/home/user/.m2/repository/io/prometheus/simpleclient_dropwizard/0.7.0/simpleclient_dropwizard-0.7.0.jar:/home/user/.m2/repository/io/prometheus/simpleclient/0.7.0/simpleclient-0.7.0.jar:/home/user/.m2/repository/io/prometheus/simpleclient_common/0.7.0/simpleclient_common-0.7.0.jar:/home/user/.m2/repository/com/fasterxml/jackson/datatype/jackson-datatype-jsr310/2.10.3/jackson-datatype-jsr310-2.10.3.jar:/home/user/.m2/repository/io/dropwizard/metrics/metrics-core/3.2.4/metrics-core-3.2.4.jar:/home/user/.m2/repository/org/apache/hadoop/hadoop-hdfs-client/3.2.1/hadoop-hdfs-client-3.2.1.jar:/home/user/.m2/repository/org/bouncycastle/bcprov-jdk15on/1.60/bcprov-jdk15on-1.60.jar:/home/user/.m2/repository/org/apache/hadoop/hadoop-ozone-ozone-manager/1.1.0-SNAPSHOT/hadoop-ozone-ozone-manager-1.1.0-SNAPSHOT.jar:/home/user/.m2/repository/org/apache/hadoop/hadoop-hdds-interface-client/1.1.0-SNAPSHOT/hadoop-hdds-interface-client-1.1.0-SNAPSHOT.jar:/home/user/.m2/repository/org/apache/ratis/ratis-thirdparty-misc/0.5.0/ratis-thirdparty-misc-0.5.0.jar:/home/user/.m2/repository/org/apache/hadoop/hadoop-minikdc/3.2.1/hadoop-minikdc-3.2.1.jar:/home/user/.m2/repository/org/apache/kerby/kerb-simplekdc/1.0.1/kerb-simplekdc-1.0.1.jar:/home/user/.m2/repository/org/apache/kerby/kerb-client/1.0.1/kerb-client-1.0.1.jar:/home/user/.m2/repository/org/apache/kerby/kerby-config/1.0.1/kerby-config-1.0.1.jar:/home/user/.m2/repository/org/apache/kerby/kerb-core/1.0.1/kerb-core-1.0.1.jar:/home/user/.m2/repository/org/apache/kerby/kerby-pkix/1.0.1/kerby-pkix-1.0.1.jar:/home/user/.m2/repository/org/apache/kerby/kerby-asn1/1.0.1/kerby-asn1-1.0.1.jar:/home/user/.m2/repository/org/apache/kerby/kerby-util/1.0.1/kerby-util-1.0.1.jar:/home/user/.m2/repository/org/apache/kerby/kerb-common/1.0.1/kerb-common-1.0.1.jar:/home/user/.m2/repository/org/apache/kerby/kerb-crypto/1.0.1/kerb-crypto-1.0.1.jar:/home/user/.m2/repository/org/apache/kerby/kerb-util/1.0.1/kerb-util-1.0.1.jar:/home/user/.m2/repository/org/apache/kerby/token-provider/1.0.1/token-provider-1.0.1.jar:/home/user/.m2/repository/org/apache/kerby/kerb-admin/1.0.1/kerb-admin-1.0.1.jar:/home/user/.m2/repository/org/apache/kerby/kerb-server/1.0.1/kerb-server-1.0.1.jar:/home/user/.m2/repository/org/apache/kerby/kerb-identity/1.0.1/kerb-identity-1.0.1.jar:/home/user/.m2/repository/org/apache/kerby/kerby-xdr/1.0.1/kerby-xdr-1.0.1.jar:/home/user/.m2/repository/org/slf4j/slf4j-log4j12/1.7.25/slf4j-log4j12-1.7.25.jar:/home/user/.m2/repository/org/apache/hadoop/hadoop-ozone-s3gateway/1.1.0-SNAPSHOT/hadoop-ozone-s3gateway-1.1.0-SNAPSHOT.jar:/home/user/.m2/repository/org/jboss/weld/servlet/weld-servlet/2.4.7.Final/weld-servlet-2.4.7.Final.jar:/home/user/.m2/repository/org/glassfish/jersey/containers/jersey-container-servlet-core/2.27/jersey-container-servlet-core-2.27.jar:/home/user/.m2/repository/org/glassfish/hk2/external/javax.inject/2.5.0-b42/javax.inject-2.5.0-b42.jar:/home/user/.m2/repository/org/glassfish/jersey/core/jersey-common/2.27/jersey-common-2.27.jar:/home/user/.m2/repository/org/glassfish/hk2/osgi-resource-locator/1.0.1/osgi-resource-locator-1.0.1.jar:/home/user/.m2/repository/javax/ws/rs/javax.ws.rs-api/2.1/javax.ws.rs-api-2.1.jar:/home/user/.m2/repository/org/glassfish/jersey/ext/cdi/jersey-cdi1x/2.27/jersey-cdi1x-2.27.jar:/home/user/.m2/repository/org/glassfish/jersey/inject/jersey-hk2/2.27/jersey-hk2-2.27.jar:/home/user/.m2/repository/org/glassfish/hk2/hk2-locator/2.5.0-b42/hk2-locator-2.5.0-b42.jar:/home/user/.m2/repository/org/javassist/javassist/3.22.0-CR2/javassist-3.22.0-CR2.jar:/home/user/.m2/repository/org/glassfish/hk2/hk2-api/2.5.0/hk2-api-2.5.0.jar:/home/user/.m2/repository/org/glassfish/hk2/external/jakarta.inject/2.5.0/jakarta.inject-2.5.0.jar:/home/user/.m2/repository/org/glassfish/hk2/hk2-utils/2.5.0/hk2-utils-2.5.0.jar:/home/user/.m2/repository/jakarta/annotation/jakarta.annotation-api/1.3.4/jakarta.annotation-api-1.3.4.jar:/home/user/.m2/repository/org/glassfish/hk2/external/aopalliance-repackaged/2.5.0/aopalliance-repackaged-2.5.0.jar:/home/user/.m2/repository/com/fasterxml/jackson/dataformat/jackson-dataformat-xml/2.10.3/jackson-dataformat-xml-2.10.3.jar:/home/user/.m2/repository/com/fasterxml/jackson/core/jackson-core/2.10.3/jackson-core-2.10.3.jar:/home/user/.m2/repository/com/fasterxml/jackson/module/jackson-module-jaxb-annotations/2.10.3/jackson-module-jaxb-annotations-2.10.3.jar:/home/user/.m2/repository/jakarta/xml/bind/jakarta.xml.bind-api/2.3.2/jakarta.xml.bind-api-2.3.2.jar:/home/user/.m2/repository/jakarta/activation/jakarta.activation-api/1.2.1/jakarta.activation-api-1.2.1.jar:/home/user/.m2/repository/org/codehaus/woodstox/stax2-api/3.1.4/stax2-api-3.1.4.jar:/home/user/.m2/repository/com/fasterxml/woodstox/woodstox-core/5.0.3/woodstox-core-5.0.3.jar:/home/user/.m2/repository/javax/enterprise/cdi-api/1.2/cdi-api-1.2.jar:/home/user/.m2/repository/javax/el/javax.el-api/3.0.0/javax.el-api-3.0.0.jar:/home/user/.m2/repository/javax/interceptor/javax.interceptor-api/1.2/javax.interceptor-api-1.2.jar:/home/user/.m2/repository/javax/inject/javax.inject/1/javax.inject-1.jar:/home/user/.m2/repository/com/sun/xml/bind/jaxb-impl/2.3.0.1/jaxb-impl-2.3.0.1.jar:/home/user/.m2/repository/com/sun/xml/bind/jaxb-core/2.3.0.1/jaxb-core-2.3.0.1.jar:/home/user/.m2/repository/javax/xml/bind/jaxb-api/2.3.0/jaxb-api-2.3.0.jar:/home/user/.m2/repository/javax/activation/activation/1.1.1/activation-1.1.1.jar:/home/user/.m2/repository/org/apache/hadoop/hadoop-ozone-csi/1.1.0-SNAPSHOT/hadoop-ozone-csi-1.1.0-SNAPSHOT.jar:/home/user/.m2/repository/com/google/protobuf/protobuf-java-util/3.11.0/protobuf-java-util-3.11.0.jar:/home/user/.m2/repository/com/google/code/gson/gson/2.2.4/gson-2.2.4.jar:/home/user/.m2/repository/org/apache/hadoop/hadoop-hdds-config/1.1.0-SNAPSHOT/hadoop-hdds-config-1.1.0-SNAPSHOT.jar:/home/user/.m2/repository/com/google/protobuf/protobuf-java/2.5.0/protobuf-java-2.5.0.jar:/home/user/.m2/repository/io/grpc/grpc-netty/1.29.0/grpc-netty-1.29.0.jar:/home/user/.m2/repository/io/grpc/grpc-core/1.29.0/grpc-core-1.29.0.jar:/home/user/.m2/repository/com/google/android/annotations/4.1.1.4/annotations-4.1.1.4.jar:/home/user/.m2/repository/io/perfmark/perfmark-api/0.19.0/perfmark-api-0.19.0.jar:/home/user/.m2/repository/io/netty/netty-codec-http2/4.1.48.Final/netty-codec-http2-4.1.48.Final.jar:/home/user/.m2/repository/io/netty/netty-codec/4.1.48.Final/netty-codec-4.1.48.Final.jar:/home/user/.m2/repository/io/netty/netty-handler/4.1.48.Final/netty-handler-4.1.48.Final.jar:/home/user/.m2/repository/io/netty/netty-codec-http/4.1.48.Final/netty-codec-http-4.1.48.Final.jar:/home/user/.m2/repository/io/netty/netty-handler-proxy/4.1.48.Final/netty-handler-proxy-4.1.48.Final.jar:/home/user/.m2/repository/io/netty/netty-codec-socks/4.1.48.Final/netty-codec-socks-4.1.48.Final.jar:/home/user/.m2/repository/io/netty/netty-transport-native-epoll/4.1.48.Final/netty-transport-native-epoll-4.1.48.Final.jar:/home/user/.m2/repository/io/netty/netty-common/4.1.48.Final/netty-common-4.1.48.Final.jar:/home/user/.m2/repository/io/netty/netty-buffer/4.1.48.Final/netty-buffer-4.1.48.Final.jar:/home/user/.m2/repository/io/netty/netty-transport/4.1.48.Final/netty-transport-4.1.48.Final.jar:/home/user/.m2/repository/io/netty/netty-resolver/4.1.48.Final/netty-resolver-4.1.48.Final.jar:/home/user/.m2/repository/io/netty/netty-transport-native-unix-common/4.1.48.Final/netty-transport-native-unix-common-4.1.48.Final.jar:/home/user/.m2/repository/io/grpc/grpc-protobuf/1.29.0/grpc-protobuf-1.29.0.jar:/home/user/.m2/repository/io/grpc/grpc-api/1.29.0/grpc-api-1.29.0.jar:/home/user/.m2/repository/io/grpc/grpc-context/1.29.0/grpc-context-1.29.0.jar:/home/user/.m2/repository/org/codehaus/mojo/animal-sniffer-annotations/1.18/animal-sniffer-annotations-1.18.jar:/home/user/.m2/repository/com/google/api/grpc/proto-google-common-protos/1.17.0/proto-google-common-protos-1.17.0.jar:/home/user/.m2/repository/io/grpc/grpc-protobuf-lite/1.29.0/grpc-protobuf-lite-1.29.0.jar:/home/user/.m2/repository/io/grpc/grpc-stub/1.29.0/grpc-stub-1.29.0.jar:/home/user/.m2/repository/org/apache/hadoop/hadoop-ozone-recon/1.1.0-SNAPSHOT/hadoop-ozone-recon-1.1.0-SNAPSHOT.jar:/home/user/.m2/repository/org/apache/hadoop/hadoop-ozone-reconcodegen/1.1.0-SNAPSHOT/hadoop-ozone-reconcodegen-1.1.0-SNAPSHOT.jar:/home/user/.m2/repository/com/google/inject/extensions/guice-multibindings/4.0/guice-multibindings-4.0.jar:/home/user/.m2/repository/com/google/inject/guice/4.0/guice-4.0.jar:/home/user/.m2/repository/aopalliance/aopalliance/1.0/aopalliance-1.0.jar:/home/user/.m2/repository/com/google/inject/extensions/guice-assistedinject/4.0/guice-assistedinject-4.0.jar:/home/user/.m2/repository/com/google/inject/extensions/guice-servlet/4.0/guice-servlet-4.0.jar:/home/user/.m2/repository/org/glassfish/jersey/containers/jersey-container-servlet/2.27/jersey-container-servlet-2.27.jar:/home/user/.m2/repository/org/glassfish/hk2/guice-bridge/2.5.0/guice-bridge-2.5.0.jar:/home/user/.m2/repository/org/glassfish/jersey/core/jersey-server/2.27/jersey-server-2.27.jar:/home/user/.m2/repository/org/glassfish/jersey/core/jersey-client/2.27/jersey-client-2.27.jar:/home/user/.m2/repository/org/glassfish/jersey/media/jersey-media-jaxb/2.27/jersey-media-jaxb-2.27.jar:/home/user/.m2/repository/javax/validation/validation-api/1.1.0.Final/validation-api-1.1.0.Final.jar:/home/user/.m2/repository/org/glassfish/jersey/media/jersey-media-json-jackson/2.27/jersey-media-json-jackson-2.27.jar:/home/user/.m2/repository/org/glassfish/jersey/ext/jersey-entity-filtering/2.27/jersey-entity-filtering-2.27.jar:/home/user/.m2/repository/org/jooq/jooq/3.11.10/jooq-3.11.10.jar:/home/user/.m2/repository/org/jooq/jooq-meta/3.11.10/jooq-meta-3.11.10.jar:/home/user/.m2/repository/org/jooq/jooq-codegen/3.11.10/jooq-codegen-3.11.10.jar:/home/user/.m2/repository/com/jolbox/bonecp/0.8.0.RELEASE/bonecp-0.8.0.RELEASE.jar:/home/user/.m2/repository/org/apache/derby/derby/10.14.2.0/derby-10.14.2.0.jar:/home/user/.m2/repository/org/xerial/sqlite-jdbc/3.25.2/sqlite-jdbc-3.25.2.jar:/home/user/.m2/repository/org/springframework/spring-jdbc/5.2.5.RELEASE/spring-jdbc-5.2.5.RELEASE.jar:/home/user/.m2/repository/org/springframework/spring-beans/5.2.5.RELEASE/spring-beans-5.2.5.RELEASE.jar:/home/user/.m2/repository/org/springframework/spring-core/5.2.5.RELEASE/spring-core-5.2.5.RELEASE.jar:/home/user/.m2/repository/org/springframework/spring-jcl/5.2.5.RELEASE/spring-jcl-5.2.5.RELEASE.jar:/home/user/.m2/repository/org/springframework/spring-tx/5.2.5.RELEASE/spring-tx-5.2.5.RELEASE.jar:/home/user/.m2/repository/org/apache/hadoop/hadoop-ozone-client/1.1.0-SNAPSHOT/hadoop-ozone-client-1.1.0-SNAPSHOT.jar:/home/user/.m2/repository/org/apache/hadoop/hadoop-ozone-filesystem/1.1.0-SNAPSHOT/hadoop-ozone-filesystem-1.1.0-SNAPSHOT.jar:/home/user/.m2/repository/org/apache/hadoop/hadoop-ozone-filesystem-common/1.1.0-SNAPSHOT/hadoop-ozone-filesystem-common-1.1.0-SNAPSHOT.jar:/home/user/.m2/repository/org/apache/hadoop/hadoop-ozone-tools/1.1.0-SNAPSHOT/hadoop-ozone-tools-1.1.0-SNAPSHOT.jar:/home/user/.m2/repository/org/apache/hadoop/hadoop-hdfs/3.2.1/hadoop-hdfs-3.2.1.jar:/home/user/.m2/repository/org/apache/ratis/ratis-tools/1.0.0/ratis-tools-1.0.0.jar:/home/user/.m2/repository/org/apache/ratis/ratis-proto/1.0.0/ratis-proto-1.0.0.jar:/home/user/.m2/repository/org/apache/ratis/ratis-common/1.0.0/ratis-common-1.0.0.jar:/home/user/.m2/repository/com/amazonaws/aws-java-sdk-core/1.11.615/aws-java-sdk-core-1.11.615.jar:/home/user/.m2/repository/org/apache/httpcomponents/httpclient/4.5.2/httpclient-4.5.2.jar:/home/user/.m2/repository/org/apache/httpcomponents/httpcore/4.4.4/httpcore-4.4.4.jar:/home/user/.m2/repository/software/amazon/ion/ion-java/1.0.2/ion-java-1.0.2.jar:/home/user/.m2/repository/com/fasterxml/jackson/dataformat/jackson-dataformat-cbor/2.10.3/jackson-dataformat-cbor-2.10.3.jar:/home/user/.m2/repository/joda-time/joda-time/2.8.1/joda-time-2.8.1.jar:/home/user/.m2/repository/com/amazonaws/aws-java-sdk-s3/1.11.615/aws-java-sdk-s3-1.11.615.jar:/home/user/.m2/repository/com/amazonaws/aws-java-sdk-kms/1.11.615/aws-java-sdk-kms-1.11.615.jar:/home/user/.m2/repository/com/amazonaws/jmespath-java/1.11.615/jmespath-java-1.11.615.jar:/home/user/.m2/repository/org/kohsuke/metainf-services/metainf-services/1.1/metainf-services-1.1.jar:/home/user/.m2/repository/org/apache/hadoop/hadoop-hdds-tools/1.1.0-SNAPSHOT/hadoop-hdds-tools-1.1.0-SNAPSHOT.jar:/home/user/.m2/repository/commons-cli/commons-cli/1.2/commons-cli-1.2.jar:/home/user/.m2/repository/org/apache/commons/commons-lang3/3.7/commons-lang3-3.7.jar:/home/user/.m2/repository/org/apache/hadoop/hadoop-ozone-ozone-manager/1.1.0-SNAPSHOT/hadoop-ozone-ozone-manager-1.1.0-SNAPSHOT-tests.jar:/home/user/.m2/repository/junit/junit/4.11/junit-4.11.jar:/home/user/.m2/repository/org/hamcrest/hamcrest-core/1.3/hamcrest-core-1.3.jar:/home/user/.m2/repository/org/openjdk/jmh/jmh-core/1.19/jmh-core-1.19.jar:/home/user/.m2/repository/net/sf/jopt-simple/jopt-simple/4.6/jopt-simple-4.6.jar:/home/user/.m2/repository/org/apache/commons/commons-math3/3.1.1/commons-math3-3.1.1.jar:/home/user/.m2/repository/org/openjdk/jmh/jmh-generator-annprocess/1.19/jmh-generator-annprocess-1.19.jar:/home/user/.m2/repository/org/mockito/mockito-all/1.8.5/mockito-all-1.8.5.jar:/home/user/.m2/repository/org/apache/hadoop/hadoop-kms/3.2.1/hadoop-kms-3.2.1.jar:/home/user/.m2/repository/org/apache/hadoop/hadoop-auth/3.2.1/hadoop-auth-3.2.1.jar:/home/user/.m2/repository/com/nimbusds/nimbus-jose-jwt/7.9/nimbus-jose-jwt-7.9.jar:/home/user/.m2/repository/com/github/stephenc/jcip/jcip-annotations/1.0-1/jcip-annotations-1.0-1.jar:/home/user/.m2/repository/net/minidev/json-smart/2.3/json-smart-2.3.jar:/home/user/.m2/repository/net/minidev/accessors-smart/1.2/accessors-smart-1.2.jar:/home/user/.m2/repository/org/ow2/asm/asm/5.0.4/asm-5.0.4.jar:/home/user/.m2/repository/org/apache/zookeeper/zookeeper/3.4.13/zookeeper-3.4.13.jar:/home/user/.m2/repository/org/apache/yetus/audience-annotations/0.5.0/audience-annotations-0.5.0.jar:/home/user/.m2/repository/org/apache/curator/curator-framework/2.13.0/curator-framework-2.13.0.jar:/home/user/.m2/repository/com/sun/jersey/jersey-core/1.19/jersey-core-1.19.jar:/home/user/.m2/repository/javax/ws/rs/jsr311-api/1.1.1/jsr311-api-1.1.1.jar:/home/user/.m2/repository/com/sun/jersey/jersey-server/1.19/jersey-server-1.19.jar:/home/user/.m2/repository/javax/servlet/javax.servlet-api/3.1.0/javax.servlet-api-3.1.0.jar:/home/user/.m2/repository/org/eclipse/jetty/jetty-server/9.4.26.v20200117/jetty-server-9.4.26.v20200117.jar:/home/user/.m2/repository/org/eclipse/jetty/jetty-http/9.4.26.v20200117/jetty-http-9.4.26.v20200117.jar:/home/user/.m2/repository/org/eclipse/jetty/jetty-io/9.4.26.v20200117/jetty-io-9.4.26.v20200117.jar:/home/user/.m2/repository/org/eclipse/jetty/jetty-webapp/9.4.26.v20200117/jetty-webapp-9.4.26.v20200117.jar:/home/user/.m2/repository/org/eclipse/jetty/jetty-xml/9.4.26.v20200117/jetty-xml-9.4.26.v20200117.jar:/home/user/.m2/repository/org/eclipse/jetty/jetty-servlet/9.4.26.v20200117/jetty-servlet-9.4.26.v20200117.jar:/home/user/.m2/repository/org/eclipse/jetty/jetty-security/9.4.26.v20200117/jetty-security-9.4.26.v20200117.jar:/home/user/.m2/repository/org/apache/hadoop/hadoop-common/3.2.1/hadoop-common-3.2.1.jar:/home/user/.m2/repository/commons-net/commons-net/3.6/commons-net-3.6.jar:/home/user/.m2/repository/commons-collections/commons-collections/3.2.2/commons-collections-3.2.2.jar:/home/user/.m2/repository/com/sun/jersey/jersey-servlet/1.19/jersey-servlet-1.19.jar:/home/user/.m2/repository/com/sun/jersey/jersey-json/1.19/jersey-json-1.19.jar:/home/user/.m2/repository/org/codehaus/jettison/jettison/1.1/jettison-1.1.jar:/home/user/.m2/repository/org/codehaus/jackson/jackson-jaxrs/1.9.2/jackson-jaxrs-1.9.2.jar:/home/user/.m2/repository/org/codehaus/jackson/jackson-xc/1.9.2/jackson-xc-1.9.2.jar:/home/user/.m2/repository/commons-beanutils/commons-beanutils/1.9.4/commons-beanutils-1.9.4.jar:/home/user/.m2/repository/org/apache/commons/commons-configuration2/2.1.1/commons-configuration2-2.1.1.jar:/home/user/.m2/repository/org/apache/commons/commons-text/1.4/commons-text-1.4.jar:/home/user/.m2/repository/com/google/re2j/re2j/1.1/re2j-1.1.jar:/home/user/.m2/repository/com/jcraft/jsch/0.1.54/jsch-0.1.54.jar:/home/user/.m2/repository/org/apache/curator/curator-client/2.13.0/curator-client-2.13.0.jar:/home/user/.m2/repository/org/apache/curator/curator-recipes/2.13.0/curator-recipes-2.13.0.jar:/home/user/.m2/repository/dnsjava/dnsjava/2.1.7/dnsjava-2.1.7.jar:/home/user/.m2/repository/org/slf4j/jul-to-slf4j/1.7.25/jul-to-slf4j-1.7.25.jar:/home/user/.m2/repository/org/eclipse/jetty/jetty-util/9.4.26.v20200117/jetty-util-9.4.26.v20200117.jar:/home/user/.m2/repository/com/fasterxml/jackson/core/jackson-databind/2.10.3/jackson-databind-2.10.3.jar:/home/user/.m2/repository/org/apache/hadoop/hadoop-kms/3.2.1/hadoop-kms-3.2.1-tests.jar:/home/user/.m2/repository/org/apache/hadoop/hadoop-hdds-server-scm/1.1.0-SNAPSHOT/hadoop-hdds-server-scm-1.1.0-SNAPSHOT-tests.jar:/home/user/.m2/repository/org/apache/hadoop/hadoop-hdds-container-service/1.1.0-SNAPSHOT/hadoop-hdds-container-service-1.1.0-SNAPSHOT-tests.jar:/home/user/.m2/repository/org/apache/hadoop/hadoop-hdds-common/1.1.0-SNAPSHOT/hadoop-hdds-common-1.1.0-SNAPSHOT-tests.jar:/home/user/.m2/repository/org/yaml/snakeyaml/1.16/snakeyaml-1.16.jar:/home/user/.m2/repository/org/apache/hadoop/hadoop-hdds-hadoop-dependency-test/1.1.0-SNAPSHOT/hadoop-hdds-hadoop-dependency-test-1.1.0-SNAPSHOT.jar:/home/user/.m2/repository/org/apache/hadoop/hadoop-common/3.2.1/hadoop-common-3.2.1-tests.jar:/home/user/.m2/repository/javax/servlet/jsp/jsp-api/2.1/jsp-api-2.1.jar:/home/user/.m2/repository/org/apache/hadoop/hadoop-hdfs/3.2.1/hadoop-hdfs-3.2.1-tests.jar:/home/user/.m2/repository/org/eclipse/jetty/jetty-util-ajax/9.4.26.v20200117/jetty-util-ajax-9.4.26.v20200117.jar:/home/user/.m2/repository/commons-codec/commons-codec/1.11/commons-codec-1.11.jar:/home/user/.m2/repository/commons-daemon/commons-daemon/1.0.13/commons-daemon-1.0.13.jar:/home/user/.m2/repository/io/netty/netty/3.10.5.Final/netty-3.10.5.Final.jar:/home/user/.m2/repository/io/netty/netty-all/4.1.48.Final/netty-all-4.1.48.Final.jar:/home/user/.m2/repository/org/apache/htrace/htrace-core4/4.1.0-incubating/htrace-core4-4.1.0-incubating.jar:/home/user/.m2/repository/org/fusesource/leveldbjni/leveldbjni-all/1.8/leveldbjni-all-1.8.jar:/home/user/.m2/repository/org/apache/hadoop/hadoop-distcp/3.2.1/hadoop-distcp-3.2.1.jar:/home/user/.m2/repository/org/apache/hadoop/hadoop-mapreduce-client-jobclient/3.2.1/hadoop-mapreduce-client-jobclient-3.2.1.jar:/home/user/.m2/repository/org/apache/hadoop/hadoop-mapreduce-client-common/3.2.1/hadoop-mapreduce-client-common-3.2.1.jar:/home/user/.m2/repository/org/apache/hadoop/hadoop-yarn-common/3.2.1/hadoop-yarn-common-3.2.1.jar:/home/user/.m2/repository/org/apache/hadoop/hadoop-yarn-api/3.2.1/hadoop-yarn-api-3.2.1.jar:/home/user/.m2/repository/com/sun/jersey/jersey-client/1.19/jersey-client-1.19.jar:/home/user/.m2/repository/com/sun/jersey/contribs/jersey-guice/1.19/jersey-guice-1.19.jar:/home/user/.m2/repository/com/fasterxml/jackson/jaxrs/jackson-jaxrs-json-provider/2.10.3/jackson-jaxrs-json-provider-2.10.3.jar:/home/user/.m2/repository/com/fasterxml/jackson/jaxrs/jackson-jaxrs-base/2.10.3/jackson-jaxrs-base-2.10.3.jar:/home/user/.m2/repository/org/apache/hadoop/hadoop-yarn-client/3.2.1/hadoop-yarn-client-3.2.1.jar:/home/user/.m2/repository/org/apache/hadoop/hadoop-mapreduce-client-core/3.2.1/hadoop-mapreduce-client-core-3.2.1.jar:/home/user/.m2/repository/org/apache/avro/avro/1.7.7/avro-1.7.7.jar:/home/user/.m2/repository/org/codehaus/jackson/jackson-core-asl/1.9.13/jackson-core-asl-1.9.13.jar:/home/user/.m2/repository/org/codehaus/jackson/jackson-mapper-asl/1.9.13/jackson-mapper-asl-1.9.13.jar:/home/user/.m2/repository/com/thoughtworks/paranamer/paranamer/2.3/paranamer-2.3.jar:/home/user/.m2/repository/org/xerial/snappy/snappy-java/1.0.5/snappy-java-1.0.5.jar:/home/user/.m2/repository/org/apache/hadoop/hadoop-annotations/3.2.1/hadoop-annotations-3.2.1.jar:/usr/lib/jvm/java-1.8.0-openjdk-1.8.0.232.b09-0.el7_7.x86_64/jre/../lib/tools.jar:/home/user/.m2/repository/org/apache/hadoop/hadoop-distcp/3.2.1/hadoop-distcp-3.2.1-tests.jar:"/>
    <property name="java.vm.vendor" value="Oracle Corporation"/>
    <property name="sun.arch.data.model" value="64"/>
    <property name="test.build.dir" value="/github/workspace/mnt/ozone/hadoop-ozone/integration-test/target/test-dir"/>
    <property name="test.cache.data" value=""/>
    <property name="java.vendor.url" value="http://java.oracle.com/"/>
    <property name="user.timezone" value=""/>
    <property name="java.vm.specification.version" value="1.8"/>
    <property name="os.name" value="Linux"/>
    <property name="test.build.data" value="/github/workspace/mnt/ozone/hadoop-ozone/integration-test/target/test-dir"/>
    <property name="user.country" value="US"/>
    <property name="sun.java.launcher" value="SUN_STANDARD"/>
    <property name="sun.boot.library.path" value="/usr/lib/jvm/java-1.8.0-openjdk-1.8.0.232.b09-0.el7_7.x86_64/jre/lib/amd64"/>
    <property name="sun.java.command" value="/github/workspace/mnt/ozone/hadoop-ozone/integration-test/target/surefire/surefirebooter2995003419091433060.jar /github/workspace/mnt/ozone/hadoop-ozone/integration-test/target/surefire 2020-08-28T21-01-25_217-jvmRun1 surefire5040530104599970387tmp surefire_166408172638823258131tmp"/>
    <property name="surefire.test.class.path" value="/github/workspace/mnt/ozone/hadoop-ozone/integration-test/target/test-classes:/github/workspace/mnt/ozone/hadoop-ozone/integration-test/target/classes:/home/user/.m2/repository/org/apache/hadoop/hadoop-ozone-common/1.1.0-SNAPSHOT/hadoop-ozone-common-1.1.0-SNAPSHOT.jar:/home/user/.m2/repository/org/apache/commons/commons-compress/1.4.1/commons-compress-1.4.1.jar:/home/user/.m2/repository/org/tukaani/xz/1.0/xz-1.0.jar:/home/user/.m2/repository/org/apache/hadoop/hadoop-hdds-common/1.1.0-SNAPSHOT/hadoop-hdds-common-1.1.0-SNAPSHOT.jar:/home/user/.m2/repository/org/apache/hadoop/hadoop-hdds-hadoop-dependency-client/1.1.0-SNAPSHOT/hadoop-hdds-hadoop-dependency-client-1.1.0-SNAPSHOT.jar:/home/user/.m2/repository/info/picocli/picocli/4.4.0/picocli-4.4.0.jar:/home/user/.m2/repository/com/fasterxml/jackson/core/jackson-annotations/2.10.3/jackson-annotations-2.10.3.jar:/home/user/.m2/repository/javax/annotation/javax.annotation-api/1.2/javax.annotation-api-1.2.jar:/home/user/.m2/repository/org/apache/ratis/ratis-server/1.0.0/ratis-server-1.0.0.jar:/home/user/.m2/repository/org/apache/ratis/ratis-client/1.0.0/ratis-client-1.0.0.jar:/home/user/.m2/repository/org/apache/ratis/ratis-metrics/1.0.0/ratis-metrics-1.0.0.jar:/home/user/.m2/repository/org/apache/ratis/ratis-netty/1.0.0/ratis-netty-1.0.0.jar:/home/user/.m2/repository/org/apache/ratis/ratis-grpc/1.0.0/ratis-grpc-1.0.0.jar:/home/user/.m2/repository/org/apache/logging/log4j/log4j-api/2.13.3/log4j-api-2.13.3.jar:/home/user/.m2/repository/org/apache/logging/log4j/log4j-core/2.13.3/log4j-core-2.13.3.jar:/home/user/.m2/repository/com/lmax/disruptor/3.4.2/disruptor-3.4.2.jar:/home/user/.m2/repository/org/apache/commons/commons-pool2/2.6.0/commons-pool2-2.6.0.jar:/home/user/.m2/repository/org/bouncycastle/bcpkix-jdk15on/1.60/bcpkix-jdk15on-1.60.jar:/home/user/.m2/repository/commons-validator/commons-validator/1.6/commons-validator-1.6.jar:/home/user/.m2/repository/commons-digester/commons-digester/1.8.1/commons-digester-1.8.1.jar:/home/user/.m2/repository/io/jaegertracing/jaeger-client/1.2.0/jaeger-client-1.2.0.jar:/home/user/.m2/repository/io/jaegertracing/jaeger-thrift/1.2.0/jaeger-thrift-1.2.0.jar:/home/user/.m2/repository/org/apache/thrift/libthrift/0.13.0/libthrift-0.13.0.jar:/home/user/.m2/repository/com/squareup/okhttp3/okhttp/4.2.2/okhttp-4.2.2.jar:/home/user/.m2/repository/com/squareup/okio/okio/2.2.2/okio-2.2.2.jar:/home/user/.m2/repository/org/jetbrains/kotlin/kotlin-stdlib/1.3.50/kotlin-stdlib-1.3.50.jar:/home/user/.m2/repository/org/jetbrains/kotlin/kotlin-stdlib-common/1.3.50/kotlin-stdlib-common-1.3.50.jar:/home/user/.m2/repository/org/jetbrains/annotations/13.0/annotations-13.0.jar:/home/user/.m2/repository/io/jaegertracing/jaeger-core/1.2.0/jaeger-core-1.2.0.jar:/home/user/.m2/repository/io/jaegertracing/jaeger-tracerresolver/1.2.0/jaeger-tracerresolver-1.2.0.jar:/home/user/.m2/repository/io/opentracing/contrib/opentracing-tracerresolver/0.1.8/opentracing-tracerresolver-0.1.8.jar:/home/user/.m2/repository/io/opentracing/opentracing-util/0.33.0/opentracing-util-0.33.0.jar:/home/user/.m2/repository/io/opentracing/opentracing-api/0.33.0/opentracing-api-0.33.0.jar:/home/user/.m2/repository/io/opentracing/opentracing-noop/0.33.0/opentracing-noop-0.33.0.jar:/home/user/.m2/repository/org/apache/hadoop/hadoop-hdds-client/1.1.0-SNAPSHOT/hadoop-hdds-client-1.1.0-SNAPSHOT.jar:/home/user/.m2/repository/org/apache/hadoop/hadoop-ozone-interface-client/1.1.0-SNAPSHOT/hadoop-ozone-interface-client-1.1.0-SNAPSHOT.jar:/home/user/.m2/repository/org/apache/hadoop/hadoop-hdds-test-utils/1.1.0-SNAPSHOT/hadoop-hdds-test-utils-1.1.0-SNAPSHOT.jar:/home/user/.m2/repository/com/google/guava/guava/28.2-jre/guava-28.2-jre.jar:/home/user/.m2/repository/com/google/guava/failureaccess/1.0.1/failureaccess-1.0.1.jar:/home/user/.m2/repository/com/google/guava/listenablefuture/9999.0-empty-to-avoid-conflict-with-guava/listenablefuture-9999.0-empty-to-avoid-conflict-with-guava.jar:/home/user/.m2/repository/com/google/code/findbugs/jsr305/3.0.0/jsr305-3.0.0.jar:/home/user/.m2/repository/org/checkerframework/checker-qual/2.10.0/checker-qual-2.10.0.jar:/home/user/.m2/repository/com/google/errorprone/error_prone_annotations/2.2.0/error_prone_annotations-2.2.0.jar:/home/user/.m2/repository/com/google/j2objc/j2objc-annotations/1.3/j2objc-annotations-1.3.jar:/home/user/.m2/repository/commons-io/commons-io/2.5/commons-io-2.5.jar:/home/user/.m2/repository/commons-logging/commons-logging/1.2/commons-logging-1.2.jar:/home/user/.m2/repository/log4j/log4j/1.2.17/log4j-1.2.17.jar:/home/user/.m2/repository/org/slf4j/slf4j-api/1.7.25/slf4j-api-1.7.25.jar:/home/user/.m2/repository/org/apache/hadoop/hadoop-hdds-server-scm/1.1.0-SNAPSHOT/hadoop-hdds-server-scm-1.1.0-SNAPSHOT.jar:/home/user/.m2/repository/org/apache/hadoop/hadoop-hdds-container-service/1.1.0-SNAPSHOT/hadoop-hdds-container-service-1.1.0-SNAPSHOT.jar:/home/user/.m2/repository/org/apache/hadoop/hadoop-hdds-hadoop-dependency-server/1.1.0-SNAPSHOT/hadoop-hdds-hadoop-dependency-server-1.1.0-SNAPSHOT.jar:/home/user/.m2/repository/org/apache/hadoop/hadoop-hdds-server-framework/1.1.0-SNAPSHOT/hadoop-hdds-server-framework-1.1.0-SNAPSHOT.jar:/home/user/.m2/repository/org/apache/hadoop/hadoop-hdds-interface-server/1.1.0-SNAPSHOT/hadoop-hdds-interface-server-1.1.0-SNAPSHOT.jar:/home/user/.m2/repository/org/apache/hadoop/hadoop-hdds-interface-admin/1.1.0-SNAPSHOT/hadoop-hdds-interface-admin-1.1.0-SNAPSHOT.jar:/home/user/.m2/repository/org/rocksdb/rocksdbjni/6.8.1/rocksdbjni-6.8.1.jar:/home/user/.m2/repository/io/prometheus/simpleclient_dropwizard/0.7.0/simpleclient_dropwizard-0.7.0.jar:/home/user/.m2/repository/io/prometheus/simpleclient/0.7.0/simpleclient-0.7.0.jar:/home/user/.m2/repository/io/prometheus/simpleclient_common/0.7.0/simpleclient_common-0.7.0.jar:/home/user/.m2/repository/com/fasterxml/jackson/datatype/jackson-datatype-jsr310/2.10.3/jackson-datatype-jsr310-2.10.3.jar:/home/user/.m2/repository/io/dropwizard/metrics/metrics-core/3.2.4/metrics-core-3.2.4.jar:/home/user/.m2/repository/org/apache/hadoop/hadoop-hdfs-client/3.2.1/hadoop-hdfs-client-3.2.1.jar:/home/user/.m2/repository/org/bouncycastle/bcprov-jdk15on/1.60/bcprov-jdk15on-1.60.jar:/home/user/.m2/repository/org/apache/hadoop/hadoop-ozone-ozone-manager/1.1.0-SNAPSHOT/hadoop-ozone-ozone-manager-1.1.0-SNAPSHOT.jar:/home/user/.m2/repository/org/apache/hadoop/hadoop-hdds-interface-client/1.1.0-SNAPSHOT/hadoop-hdds-interface-client-1.1.0-SNAPSHOT.jar:/home/user/.m2/repository/org/apache/ratis/ratis-thirdparty-misc/0.5.0/ratis-thirdparty-misc-0.5.0.jar:/home/user/.m2/repository/org/apache/hadoop/hadoop-minikdc/3.2.1/hadoop-minikdc-3.2.1.jar:/home/user/.m2/repository/org/apache/kerby/kerb-simplekdc/1.0.1/kerb-simplekdc-1.0.1.jar:/home/user/.m2/repository/org/apache/kerby/kerb-client/1.0.1/kerb-client-1.0.1.jar:/home/user/.m2/repository/org/apache/kerby/kerby-config/1.0.1/kerby-config-1.0.1.jar:/home/user/.m2/repository/org/apache/kerby/kerb-core/1.0.1/kerb-core-1.0.1.jar:/home/user/.m2/repository/org/apache/kerby/kerby-pkix/1.0.1/kerby-pkix-1.0.1.jar:/home/user/.m2/repository/org/apache/kerby/kerby-asn1/1.0.1/kerby-asn1-1.0.1.jar:/home/user/.m2/repository/org/apache/kerby/kerby-util/1.0.1/kerby-util-1.0.1.jar:/home/user/.m2/repository/org/apache/kerby/kerb-common/1.0.1/kerb-common-1.0.1.jar:/home/user/.m2/repository/org/apache/kerby/kerb-crypto/1.0.1/kerb-crypto-1.0.1.jar:/home/user/.m2/repository/org/apache/kerby/kerb-util/1.0.1/kerb-util-1.0.1.jar:/home/user/.m2/repository/org/apache/kerby/token-provider/1.0.1/token-provider-1.0.1.jar:/home/user/.m2/repository/org/apache/kerby/kerb-admin/1.0.1/kerb-admin-1.0.1.jar:/home/user/.m2/repository/org/apache/kerby/kerb-server/1.0.1/kerb-server-1.0.1.jar:/home/user/.m2/repository/org/apache/kerby/kerb-identity/1.0.1/kerb-identity-1.0.1.jar:/home/user/.m2/repository/org/apache/kerby/kerby-xdr/1.0.1/kerby-xdr-1.0.1.jar:/home/user/.m2/repository/org/slf4j/slf4j-log4j12/1.7.25/slf4j-log4j12-1.7.25.jar:/home/user/.m2/repository/org/apache/hadoop/hadoop-ozone-s3gateway/1.1.0-SNAPSHOT/hadoop-ozone-s3gateway-1.1.0-SNAPSHOT.jar:/home/user/.m2/repository/org/jboss/weld/servlet/weld-servlet/2.4.7.Final/weld-servlet-2.4.7.Final.jar:/home/user/.m2/repository/org/glassfish/jersey/containers/jersey-container-servlet-core/2.27/jersey-container-servlet-core-2.27.jar:/home/user/.m2/repository/org/glassfish/hk2/external/javax.inject/2.5.0-b42/javax.inject-2.5.0-b42.jar:/home/user/.m2/repository/org/glassfish/jersey/core/jersey-common/2.27/jersey-common-2.27.jar:/home/user/.m2/repository/org/glassfish/hk2/osgi-resource-locator/1.0.1/osgi-resource-locator-1.0.1.jar:/home/user/.m2/repository/javax/ws/rs/javax.ws.rs-api/2.1/javax.ws.rs-api-2.1.jar:/home/user/.m2/repository/org/glassfish/jersey/ext/cdi/jersey-cdi1x/2.27/jersey-cdi1x-2.27.jar:/home/user/.m2/repository/org/glassfish/jersey/inject/jersey-hk2/2.27/jersey-hk2-2.27.jar:/home/user/.m2/repository/org/glassfish/hk2/hk2-locator/2.5.0-b42/hk2-locator-2.5.0-b42.jar:/home/user/.m2/repository/org/javassist/javassist/3.22.0-CR2/javassist-3.22.0-CR2.jar:/home/user/.m2/repository/org/glassfish/hk2/hk2-api/2.5.0/hk2-api-2.5.0.jar:/home/user/.m2/repository/org/glassfish/hk2/external/jakarta.inject/2.5.0/jakarta.inject-2.5.0.jar:/home/user/.m2/repository/org/glassfish/hk2/hk2-utils/2.5.0/hk2-utils-2.5.0.jar:/home/user/.m2/repository/jakarta/annotation/jakarta.annotation-api/1.3.4/jakarta.annotation-api-1.3.4.jar:/home/user/.m2/repository/org/glassfish/hk2/external/aopalliance-repackaged/2.5.0/aopalliance-repackaged-2.5.0.jar:/home/user/.m2/repository/com/fasterxml/jackson/dataformat/jackson-dataformat-xml/2.10.3/jackson-dataformat-xml-2.10.3.jar:/home/user/.m2/repository/com/fasterxml/jackson/core/jackson-core/2.10.3/jackson-core-2.10.3.jar:/home/user/.m2/repository/com/fasterxml/jackson/module/jackson-module-jaxb-annotations/2.10.3/jackson-module-jaxb-annotations-2.10.3.jar:/home/user/.m2/repository/jakarta/xml/bind/jakarta.xml.bind-api/2.3.2/jakarta.xml.bind-api-2.3.2.jar:/home/user/.m2/repository/jakarta/activation/jakarta.activation-api/1.2.1/jakarta.activation-api-1.2.1.jar:/home/user/.m2/repository/org/codehaus/woodstox/stax2-api/3.1.4/stax2-api-3.1.4.jar:/home/user/.m2/repository/com/fasterxml/woodstox/woodstox-core/5.0.3/woodstox-core-5.0.3.jar:/home/user/.m2/repository/javax/enterprise/cdi-api/1.2/cdi-api-1.2.jar:/home/user/.m2/repository/javax/el/javax.el-api/3.0.0/javax.el-api-3.0.0.jar:/home/user/.m2/repository/javax/interceptor/javax.interceptor-api/1.2/javax.interceptor-api-1.2.jar:/home/user/.m2/repository/javax/inject/javax.inject/1/javax.inject-1.jar:/home/user/.m2/repository/com/sun/xml/bind/jaxb-impl/2.3.0.1/jaxb-impl-2.3.0.1.jar:/home/user/.m2/repository/com/sun/xml/bind/jaxb-core/2.3.0.1/jaxb-core-2.3.0.1.jar:/home/user/.m2/repository/javax/xml/bind/jaxb-api/2.3.0/jaxb-api-2.3.0.jar:/home/user/.m2/repository/javax/activation/activation/1.1.1/activation-1.1.1.jar:/home/user/.m2/repository/org/apache/hadoop/hadoop-ozone-csi/1.1.0-SNAPSHOT/hadoop-ozone-csi-1.1.0-SNAPSHOT.jar:/home/user/.m2/repository/com/google/protobuf/protobuf-java-util/3.11.0/protobuf-java-util-3.11.0.jar:/home/user/.m2/repository/com/google/code/gson/gson/2.2.4/gson-2.2.4.jar:/home/user/.m2/repository/org/apache/hadoop/hadoop-hdds-config/1.1.0-SNAPSHOT/hadoop-hdds-config-1.1.0-SNAPSHOT.jar:/home/user/.m2/repository/com/google/protobuf/protobuf-java/2.5.0/protobuf-java-2.5.0.jar:/home/user/.m2/repository/io/grpc/grpc-netty/1.29.0/grpc-netty-1.29.0.jar:/home/user/.m2/repository/io/grpc/grpc-core/1.29.0/grpc-core-1.29.0.jar:/home/user/.m2/repository/com/google/android/annotations/4.1.1.4/annotations-4.1.1.4.jar:/home/user/.m2/repository/io/perfmark/perfmark-api/0.19.0/perfmark-api-0.19.0.jar:/home/user/.m2/repository/io/netty/netty-codec-http2/4.1.48.Final/netty-codec-http2-4.1.48.Final.jar:/home/user/.m2/repository/io/netty/netty-codec/4.1.48.Final/netty-codec-4.1.48.Final.jar:/home/user/.m2/repository/io/netty/netty-handler/4.1.48.Final/netty-handler-4.1.48.Final.jar:/home/user/.m2/repository/io/netty/netty-codec-http/4.1.48.Final/netty-codec-http-4.1.48.Final.jar:/home/user/.m2/repository/io/netty/netty-handler-proxy/4.1.48.Final/netty-handler-proxy-4.1.48.Final.jar:/home/user/.m2/repository/io/netty/netty-codec-socks/4.1.48.Final/netty-codec-socks-4.1.48.Final.jar:/home/user/.m2/repository/io/netty/netty-transport-native-epoll/4.1.48.Final/netty-transport-native-epoll-4.1.48.Final.jar:/home/user/.m2/repository/io/netty/netty-common/4.1.48.Final/netty-common-4.1.48.Final.jar:/home/user/.m2/repository/io/netty/netty-buffer/4.1.48.Final/netty-buffer-4.1.48.Final.jar:/home/user/.m2/repository/io/netty/netty-transport/4.1.48.Final/netty-transport-4.1.48.Final.jar:/home/user/.m2/repository/io/netty/netty-resolver/4.1.48.Final/netty-resolver-4.1.48.Final.jar:/home/user/.m2/repository/io/netty/netty-transport-native-unix-common/4.1.48.Final/netty-transport-native-unix-common-4.1.48.Final.jar:/home/user/.m2/repository/io/grpc/grpc-protobuf/1.29.0/grpc-protobuf-1.29.0.jar:/home/user/.m2/repository/io/grpc/grpc-api/1.29.0/grpc-api-1.29.0.jar:/home/user/.m2/repository/io/grpc/grpc-context/1.29.0/grpc-context-1.29.0.jar:/home/user/.m2/repository/org/codehaus/mojo/animal-sniffer-annotations/1.18/animal-sniffer-annotations-1.18.jar:/home/user/.m2/repository/com/google/api/grpc/proto-google-common-protos/1.17.0/proto-google-common-protos-1.17.0.jar:/home/user/.m2/repository/io/grpc/grpc-protobuf-lite/1.29.0/grpc-protobuf-lite-1.29.0.jar:/home/user/.m2/repository/io/grpc/grpc-stub/1.29.0/grpc-stub-1.29.0.jar:/home/user/.m2/repository/org/apache/hadoop/hadoop-ozone-recon/1.1.0-SNAPSHOT/hadoop-ozone-recon-1.1.0-SNAPSHOT.jar:/home/user/.m2/repository/org/apache/hadoop/hadoop-ozone-reconcodegen/1.1.0-SNAPSHOT/hadoop-ozone-reconcodegen-1.1.0-SNAPSHOT.jar:/home/user/.m2/repository/com/google/inject/extensions/guice-multibindings/4.0/guice-multibindings-4.0.jar:/home/user/.m2/repository/com/google/inject/guice/4.0/guice-4.0.jar:/home/user/.m2/repository/aopalliance/aopalliance/1.0/aopalliance-1.0.jar:/home/user/.m2/repository/com/google/inject/extensions/guice-assistedinject/4.0/guice-assistedinject-4.0.jar:/home/user/.m2/repository/com/google/inject/extensions/guice-servlet/4.0/guice-servlet-4.0.jar:/home/user/.m2/repository/org/glassfish/jersey/containers/jersey-container-servlet/2.27/jersey-container-servlet-2.27.jar:/home/user/.m2/repository/org/glassfish/hk2/guice-bridge/2.5.0/guice-bridge-2.5.0.jar:/home/user/.m2/repository/org/glassfish/jersey/core/jersey-server/2.27/jersey-server-2.27.jar:/home/user/.m2/repository/org/glassfish/jersey/core/jersey-client/2.27/jersey-client-2.27.jar:/home/user/.m2/repository/org/glassfish/jersey/media/jersey-media-jaxb/2.27/jersey-media-jaxb-2.27.jar:/home/user/.m2/repository/javax/validation/validation-api/1.1.0.Final/validation-api-1.1.0.Final.jar:/home/user/.m2/repository/org/glassfish/jersey/media/jersey-media-json-jackson/2.27/jersey-media-json-jackson-2.27.jar:/home/user/.m2/repository/org/glassfish/jersey/ext/jersey-entity-filtering/2.27/jersey-entity-filtering-2.27.jar:/home/user/.m2/repository/org/jooq/jooq/3.11.10/jooq-3.11.10.jar:/home/user/.m2/repository/org/jooq/jooq-meta/3.11.10/jooq-meta-3.11.10.jar:/home/user/.m2/repository/org/jooq/jooq-codegen/3.11.10/jooq-codegen-3.11.10.jar:/home/user/.m2/repository/com/jolbox/bonecp/0.8.0.RELEASE/bonecp-0.8.0.RELEASE.jar:/home/user/.m2/repository/org/apache/derby/derby/10.14.2.0/derby-10.14.2.0.jar:/home/user/.m2/repository/org/xerial/sqlite-jdbc/3.25.2/sqlite-jdbc-3.25.2.jar:/home/user/.m2/repository/org/springframework/spring-jdbc/5.2.5.RELEASE/spring-jdbc-5.2.5.RELEASE.jar:/home/user/.m2/repository/org/springframework/spring-beans/5.2.5.RELEASE/spring-beans-5.2.5.RELEASE.jar:/home/user/.m2/repository/org/springframework/spring-core/5.2.5.RELEASE/spring-core-5.2.5.RELEASE.jar:/home/user/.m2/repository/org/springframework/spring-jcl/5.2.5.RELEASE/spring-jcl-5.2.5.RELEASE.jar:/home/user/.m2/repository/org/springframework/spring-tx/5.2.5.RELEASE/spring-tx-5.2.5.RELEASE.jar:/home/user/.m2/repository/org/apache/hadoop/hadoop-ozone-client/1.1.0-SNAPSHOT/hadoop-ozone-client-1.1.0-SNAPSHOT.jar:/home/user/.m2/repository/org/apache/hadoop/hadoop-ozone-filesystem/1.1.0-SNAPSHOT/hadoop-ozone-filesystem-1.1.0-SNAPSHOT.jar:/home/user/.m2/repository/org/apache/hadoop/hadoop-ozone-filesystem-common/1.1.0-SNAPSHOT/hadoop-ozone-filesystem-common-1.1.0-SNAPSHOT.jar:/home/user/.m2/repository/org/apache/hadoop/hadoop-ozone-tools/1.1.0-SNAPSHOT/hadoop-ozone-tools-1.1.0-SNAPSHOT.jar:/home/user/.m2/repository/org/apache/hadoop/hadoop-hdfs/3.2.1/hadoop-hdfs-3.2.1.jar:/home/user/.m2/repository/org/apache/ratis/ratis-tools/1.0.0/ratis-tools-1.0.0.jar:/home/user/.m2/repository/org/apache/ratis/ratis-proto/1.0.0/ratis-proto-1.0.0.jar:/home/user/.m2/repository/org/apache/ratis/ratis-common/1.0.0/ratis-common-1.0.0.jar:/home/user/.m2/repository/com/amazonaws/aws-java-sdk-core/1.11.615/aws-java-sdk-core-1.11.615.jar:/home/user/.m2/repository/org/apache/httpcomponents/httpclient/4.5.2/httpclient-4.5.2.jar:/home/user/.m2/repository/org/apache/httpcomponents/httpcore/4.4.4/httpcore-4.4.4.jar:/home/user/.m2/repository/software/amazon/ion/ion-java/1.0.2/ion-java-1.0.2.jar:/home/user/.m2/repository/com/fasterxml/jackson/dataformat/jackson-dataformat-cbor/2.10.3/jackson-dataformat-cbor-2.10.3.jar:/home/user/.m2/repository/joda-time/joda-time/2.8.1/joda-time-2.8.1.jar:/home/user/.m2/repository/com/amazonaws/aws-java-sdk-s3/1.11.615/aws-java-sdk-s3-1.11.615.jar:/home/user/.m2/repository/com/amazonaws/aws-java-sdk-kms/1.11.615/aws-java-sdk-kms-1.11.615.jar:/home/user/.m2/repository/com/amazonaws/jmespath-java/1.11.615/jmespath-java-1.11.615.jar:/home/user/.m2/repository/org/kohsuke/metainf-services/metainf-services/1.1/metainf-services-1.1.jar:/home/user/.m2/repository/org/apache/hadoop/hadoop-hdds-tools/1.1.0-SNAPSHOT/hadoop-hdds-tools-1.1.0-SNAPSHOT.jar:/home/user/.m2/repository/commons-cli/commons-cli/1.2/commons-cli-1.2.jar:/home/user/.m2/repository/org/apache/commons/commons-lang3/3.7/commons-lang3-3.7.jar:/home/user/.m2/repository/org/apache/hadoop/hadoop-ozone-ozone-manager/1.1.0-SNAPSHOT/hadoop-ozone-ozone-manager-1.1.0-SNAPSHOT-tests.jar:/home/user/.m2/repository/junit/junit/4.11/junit-4.11.jar:/home/user/.m2/repository/org/hamcrest/hamcrest-core/1.3/hamcrest-core-1.3.jar:/home/user/.m2/repository/org/openjdk/jmh/jmh-core/1.19/jmh-core-1.19.jar:/home/user/.m2/repository/net/sf/jopt-simple/jopt-simple/4.6/jopt-simple-4.6.jar:/home/user/.m2/repository/org/apache/commons/commons-math3/3.1.1/commons-math3-3.1.1.jar:/home/user/.m2/repository/org/openjdk/jmh/jmh-generator-annprocess/1.19/jmh-generator-annprocess-1.19.jar:/home/user/.m2/repository/org/mockito/mockito-all/1.8.5/mockito-all-1.8.5.jar:/home/user/.m2/repository/org/apache/hadoop/hadoop-kms/3.2.1/hadoop-kms-3.2.1.jar:/home/user/.m2/repository/org/apache/hadoop/hadoop-auth/3.2.1/hadoop-auth-3.2.1.jar:/home/user/.m2/repository/com/nimbusds/nimbus-jose-jwt/7.9/nimbus-jose-jwt-7.9.jar:/home/user/.m2/repository/com/github/stephenc/jcip/jcip-annotations/1.0-1/jcip-annotations-1.0-1.jar:/home/user/.m2/repository/net/minidev/json-smart/2.3/json-smart-2.3.jar:/home/user/.m2/repository/net/minidev/accessors-smart/1.2/accessors-smart-1.2.jar:/home/user/.m2/repository/org/ow2/asm/asm/5.0.4/asm-5.0.4.jar:/home/user/.m2/repository/org/apache/zookeeper/zookeeper/3.4.13/zookeeper-3.4.13.jar:/home/user/.m2/repository/org/apache/yetus/audience-annotations/0.5.0/audience-annotations-0.5.0.jar:/home/user/.m2/repository/org/apache/curator/curator-framework/2.13.0/curator-framework-2.13.0.jar:/home/user/.m2/repository/com/sun/jersey/jersey-core/1.19/jersey-core-1.19.jar:/home/user/.m2/repository/javax/ws/rs/jsr311-api/1.1.1/jsr311-api-1.1.1.jar:/home/user/.m2/repository/com/sun/jersey/jersey-server/1.19/jersey-server-1.19.jar:/home/user/.m2/repository/javax/servlet/javax.servlet-api/3.1.0/javax.servlet-api-3.1.0.jar:/home/user/.m2/repository/org/eclipse/jetty/jetty-server/9.4.26.v20200117/jetty-server-9.4.26.v20200117.jar:/home/user/.m2/repository/org/eclipse/jetty/jetty-http/9.4.26.v20200117/jetty-http-9.4.26.v20200117.jar:/home/user/.m2/repository/org/eclipse/jetty/jetty-io/9.4.26.v20200117/jetty-io-9.4.26.v20200117.jar:/home/user/.m2/repository/org/eclipse/jetty/jetty-webapp/9.4.26.v20200117/jetty-webapp-9.4.26.v20200117.jar:/home/user/.m2/repository/org/eclipse/jetty/jetty-xml/9.4.26.v20200117/jetty-xml-9.4.26.v20200117.jar:/home/user/.m2/repository/org/eclipse/jetty/jetty-servlet/9.4.26.v20200117/jetty-servlet-9.4.26.v20200117.jar:/home/user/.m2/repository/org/eclipse/jetty/jetty-security/9.4.26.v20200117/jetty-security-9.4.26.v20200117.jar:/home/user/.m2/repository/org/apache/hadoop/hadoop-common/3.2.1/hadoop-common-3.2.1.jar:/home/user/.m2/repository/commons-net/commons-net/3.6/commons-net-3.6.jar:/home/user/.m2/repository/commons-collections/commons-collections/3.2.2/commons-collections-3.2.2.jar:/home/user/.m2/repository/com/sun/jersey/jersey-servlet/1.19/jersey-servlet-1.19.jar:/home/user/.m2/repository/com/sun/jersey/jersey-json/1.19/jersey-json-1.19.jar:/home/user/.m2/repository/org/codehaus/jettison/jettison/1.1/jettison-1.1.jar:/home/user/.m2/repository/org/codehaus/jackson/jackson-jaxrs/1.9.2/jackson-jaxrs-1.9.2.jar:/home/user/.m2/repository/org/codehaus/jackson/jackson-xc/1.9.2/jackson-xc-1.9.2.jar:/home/user/.m2/repository/commons-beanutils/commons-beanutils/1.9.4/commons-beanutils-1.9.4.jar:/home/user/.m2/repository/org/apache/commons/commons-configuration2/2.1.1/commons-configuration2-2.1.1.jar:/home/user/.m2/repository/org/apache/commons/commons-text/1.4/commons-text-1.4.jar:/home/user/.m2/repository/com/google/re2j/re2j/1.1/re2j-1.1.jar:/home/user/.m2/repository/com/jcraft/jsch/0.1.54/jsch-0.1.54.jar:/home/user/.m2/repository/org/apache/curator/curator-client/2.13.0/curator-client-2.13.0.jar:/home/user/.m2/repository/org/apache/curator/curator-recipes/2.13.0/curator-recipes-2.13.0.jar:/home/user/.m2/repository/dnsjava/dnsjava/2.1.7/dnsjava-2.1.7.jar:/home/user/.m2/repository/org/slf4j/jul-to-slf4j/1.7.25/jul-to-slf4j-1.7.25.jar:/home/user/.m2/repository/org/eclipse/jetty/jetty-util/9.4.26.v20200117/jetty-util-9.4.26.v20200117.jar:/home/user/.m2/repository/com/fasterxml/jackson/core/jackson-databind/2.10.3/jackson-databind-2.10.3.jar:/home/user/.m2/repository/org/apache/hadoop/hadoop-kms/3.2.1/hadoop-kms-3.2.1-tests.jar:/home/user/.m2/repository/org/apache/hadoop/hadoop-hdds-server-scm/1.1.0-SNAPSHOT/hadoop-hdds-server-scm-1.1.0-SNAPSHOT-tests.jar:/home/user/.m2/repository/org/apache/hadoop/hadoop-hdds-container-service/1.1.0-SNAPSHOT/hadoop-hdds-container-service-1.1.0-SNAPSHOT-tests.jar:/home/user/.m2/repository/org/apache/hadoop/hadoop-hdds-common/1.1.0-SNAPSHOT/hadoop-hdds-common-1.1.0-SNAPSHOT-tests.jar:/home/user/.m2/repository/org/yaml/snakeyaml/1.16/snakeyaml-1.16.jar:/home/user/.m2/repository/org/apache/hadoop/hadoop-hdds-hadoop-dependency-test/1.1.0-SNAPSHOT/hadoop-hdds-hadoop-dependency-test-1.1.0-SNAPSHOT.jar:/home/user/.m2/repository/org/apache/hadoop/hadoop-common/3.2.1/hadoop-common-3.2.1-tests.jar:/home/user/.m2/repository/javax/servlet/jsp/jsp-api/2.1/jsp-api-2.1.jar:/home/user/.m2/repository/org/apache/hadoop/hadoop-hdfs/3.2.1/hadoop-hdfs-3.2.1-tests.jar:/home/user/.m2/repository/org/eclipse/jetty/jetty-util-ajax/9.4.26.v20200117/jetty-util-ajax-9.4.26.v20200117.jar:/home/user/.m2/repository/commons-codec/commons-codec/1.11/commons-codec-1.11.jar:/home/user/.m2/repository/commons-daemon/commons-daemon/1.0.13/commons-daemon-1.0.13.jar:/home/user/.m2/repository/io/netty/netty/3.10.5.Final/netty-3.10.5.Final.jar:/home/user/.m2/repository/io/netty/netty-all/4.1.48.Final/netty-all-4.1.48.Final.jar:/home/user/.m2/repository/org/apache/htrace/htrace-core4/4.1.0-incubating/htrace-core4-4.1.0-incubating.jar:/home/user/.m2/repository/org/fusesource/leveldbjni/leveldbjni-all/1.8/leveldbjni-all-1.8.jar:/home/user/.m2/repository/org/apache/hadoop/hadoop-distcp/3.2.1/hadoop-distcp-3.2.1.jar:/home/user/.m2/repository/org/apache/hadoop/hadoop-mapreduce-client-jobclient/3.2.1/hadoop-mapreduce-client-jobclient-3.2.1.jar:/home/user/.m2/repository/org/apache/hadoop/hadoop-mapreduce-client-common/3.2.1/hadoop-mapreduce-client-common-3.2.1.jar:/home/user/.m2/repository/org/apache/hadoop/hadoop-yarn-common/3.2.1/hadoop-yarn-common-3.2.1.jar:/home/user/.m2/repository/org/apache/hadoop/hadoop-yarn-api/3.2.1/hadoop-yarn-api-3.2.1.jar:/home/user/.m2/repository/com/sun/jersey/jersey-client/1.19/jersey-client-1.19.jar:/home/user/.m2/repository/com/sun/jersey/contribs/jersey-guice/1.19/jersey-guice-1.19.jar:/home/user/.m2/repository/com/fasterxml/jackson/jaxrs/jackson-jaxrs-json-provider/2.10.3/jackson-jaxrs-json-provider-2.10.3.jar:/home/user/.m2/repository/com/fasterxml/jackson/jaxrs/jackson-jaxrs-base/2.10.3/jackson-jaxrs-base-2.10.3.jar:/home/user/.m2/repository/org/apache/hadoop/hadoop-yarn-client/3.2.1/hadoop-yarn-client-3.2.1.jar:/home/user/.m2/repository/org/apache/hadoop/hadoop-mapreduce-client-core/3.2.1/hadoop-mapreduce-client-core-3.2.1.jar:/home/user/.m2/repository/org/apache/avro/avro/1.7.7/avro-1.7.7.jar:/home/user/.m2/repository/org/codehaus/jackson/jackson-core-asl/1.9.13/jackson-core-asl-1.9.13.jar:/home/user/.m2/repository/org/codehaus/jackson/jackson-mapper-asl/1.9.13/jackson-mapper-asl-1.9.13.jar:/home/user/.m2/repository/com/thoughtworks/paranamer/paranamer/2.3/paranamer-2.3.jar:/home/user/.m2/repository/org/xerial/snappy/snappy-java/1.0.5/snappy-java-1.0.5.jar:/home/user/.m2/repository/org/apache/hadoop/hadoop-annotations/3.2.1/hadoop-annotations-3.2.1.jar:/usr/lib/jvm/java-1.8.0-openjdk-1.8.0.232.b09-0.el7_7.x86_64/jre/../lib/tools.jar:/home/user/.m2/repository/org/apache/hadoop/hadoop-distcp/3.2.1/hadoop-distcp-3.2.1-tests.jar:"/>
    <property name="sun.cpu.endian" value="little"/>
    <property name="user.home" value="/home/user"/>
    <property name="user.language" value="en"/>
    <property name="java.specification.vendor" value="Oracle Corporation"/>
    <property name="java.home" value="/usr/lib/jvm/java-1.8.0-openjdk-1.8.0.232.b09-0.el7_7.x86_64/jre"/>
    <property name="java.security.krb5.conf" value="/github/workspace/mnt/ozone/hadoop-ozone/integration-test/target/test-classes/krb5.conf"/>
    <property name="basedir" value="/github/workspace/mnt/ozone/hadoop-ozone/integration-test"/>
    <property name="file.separator" value="/"/>
    <property name="line.separator" value="&#10;"/>
    <property name="java.vm.specification.vendor" value="Oracle Corporation"/>
    <property name="java.specification.name" value="Java Platform API Specification"/>
    <property name="java.awt.graphicsenv" value="sun.awt.X11GraphicsEnvironment"/>
    <property name="skip.installnpx" value="true"/>
    <property name="surefire.real.class.path" value="/github/workspace/mnt/ozone/hadoop-ozone/integration-test/target/surefire/surefirebooter2995003419091433060.jar:/home/user/.m2/repository/org/jacoco/org.jacoco.agent/0.8.5/org.jacoco.agent-0.8.5-runtime.jar"/>
    <property name="hadoop.log.dir" value="/github/workspace/mnt/ozone/hadoop-ozone/integration-test/target/log"/>
    <property name="sun.boot.class.path" value="/usr/lib/jvm/java-1.8.0-openjdk-1.8.0.232.b09-0.el7_7.x86_64/jre/lib/resources.jar:/usr/lib/jvm/java-1.8.0-openjdk-1.8.0.232.b09-0.el7_7.x86_64/jre/lib/rt.jar:/usr/lib/jvm/java-1.8.0-openjdk-1.8.0.232.b09-0.el7_7.x86_64/jre/lib/sunrsasign.jar:/usr/lib/jvm/java-1.8.0-openjdk-1.8.0.232.b09-0.el7_7.x86_64/jre/lib/jsse.jar:/usr/lib/jvm/java-1.8.0-openjdk-1.8.0.232.b09-0.el7_7.x86_64/jre/lib/jce.jar:/usr/lib/jvm/java-1.8.0-openjdk-1.8.0.232.b09-0.el7_7.x86_64/jre/lib/charsets.jar:/usr/lib/jvm/java-1.8.0-openjdk-1.8.0.232.b09-0.el7_7.x86_64/jre/lib/jfr.jar:/usr/lib/jvm/java-1.8.0-openjdk-1.8.0.232.b09-0.el7_7.x86_64/jre/classes"/>
    <property name="sun.management.compiler" value="HotSpot 64-Bit Tiered Compilers"/>
    <property name="skip.npx" value="true"/>
    <property name="java.runtime.version" value="1.8.0_232-b09"/>
    <property name="java.net.preferIPv4Stack" value="true"/>
    <property name="user.name" value="jenkins1001"/>
    <property name="path.separator" value=":"/>
    <property name="java.security.egd" value="file:///dev/urandom"/>
    <property name="os.version" value="5.3.0-1034-azure"/>
    <property name="java.endorsed.dirs" value="/usr/lib/jvm/java-1.8.0-openjdk-1.8.0.232.b09-0.el7_7.x86_64/jre/lib/endorsed"/>
    <property name="java.runtime.name" value="OpenJDK Runtime Environment"/>
    <property name="file.encoding" value="ANSI_X3.4-1968"/>
    <property name="java.vm.name" value="OpenJDK 64-Bit Server VM"/>
    <property name="test.build.webapps" value=""/>
    <property name="localRepository" value="/home/user/.m2/repository"/>
    <property name="java.vendor.url.bug" value="http://bugreport.sun.com/bugreport/"/>
    <property name="java.io.tmpdir" value="/tmp"/>
    <property name="require.test.libhadoop" value=""/>
    <property name="java.version" value="1.8.0_232"/>
    <property name="user.dir" value="/github/workspace/mnt/ozone/hadoop-ozone/integration-test"/>
    <property name="os.arch" value="amd64"/>
    <property name="java.vm.specification.name" value="Java Virtual Machine Specification"/>
    <property name="test.build.classes" value="/github/workspace/mnt/ozone/hadoop-ozone/integration-test/target/test-classes"/>
    <property name="java.awt.printerjob" value="sun.print.PSPrinterJob"/>
    <property name="sun.os.patch.level" value="unknown"/>
    <property name="hadoop.tmp.dir" value="/github/workspace/mnt/ozone/hadoop-ozone/integration-test/target/tmp"/>
    <property name="java.library.path" value="/usr/lib:/usr/java/packages/lib/amd64:/usr/lib64:/lib64:/lib:/usr/lib"/>
    <property name="java.vm.info" value="mixed mode"/>
    <property name="java.vendor" value="Oracle Corporation"/>
    <property name="java.vm.version" value="25.232-b09"/>
    <property name="java.ext.dirs" value="/usr/lib/jvm/java-1.8.0-openjdk-1.8.0.232.b09-0.el7_7.x86_64/jre/lib/ext:/usr/java/packages/lib/ext"/>
    <property name="sun.io.unicode.encoding" value="UnicodeLittle"/>
    <property name="java.class.version" value="52.0"/>
  </properties>
  <testcase name="testDeleteKeyWithSlowFollower" classname="org.apache.hadoop.ozone.client.rpc.TestDeleteWithSlowFollower" time="11.374">
    <failure type="java.lang.AssertionError">java.lang.AssertionError
	at org.junit.Assert.fail(Assert.java:86)
	at org.junit.Assert.assertTrue(Assert.java:41)
	at org.junit.Assert.assertTrue(Assert.java:52)
	at org.apache.hadoop.ozone.client.rpc.TestDeleteWithSlowFollower.testDeleteKeyWithSlowFollower(TestDeleteWithSlowFollower.java:272)
	at sun.reflect.NativeMethodAccessorImpl.invoke0(Native Method)
	at sun.reflect.NativeMethodAccessorImpl.invoke(NativeMethodAccessorImpl.java:62)
	at sun.reflect.DelegatingMethodAccessorImpl.invoke(DelegatingMethodAccessorImpl.java:43)
	at java.lang.reflect.Method.invoke(Method.java:498)
	at org.junit.runners.model.FrameworkMethod$1.runReflectiveCall(FrameworkMethod.java:47)
	at org.junit.internal.runners.model.ReflectiveCallable.run(ReflectiveCallable.java:12)
	at org.junit.runners.model.FrameworkMethod.invokeExplosively(FrameworkMethod.java:44)
	at org.junit.internal.runners.statements.InvokeMethod.evaluate(InvokeMethod.java:17)
	at org.junit.runners.ParentRunner.runLeaf(ParentRunner.java:271)
	at org.junit.runners.BlockJUnit4ClassRunner.runChild(BlockJUnit4ClassRunner.java:70)
	at org.junit.runners.BlockJUnit4ClassRunner.runChild(BlockJUnit4ClassRunner.java:50)
	at org.junit.runners.ParentRunner$3.run(ParentRunner.java:238)
	at org.junit.runners.ParentRunner$1.schedule(ParentRunner.java:63)
	at org.junit.runners.ParentRunner.runChildren(ParentRunner.java:236)
	at org.junit.runners.ParentRunner.access$000(ParentRunner.java:53)
	at org.junit.runners.ParentRunner$2.evaluate(ParentRunner.java:229)
	at org.junit.internal.runners.statements.RunBefores.evaluate(RunBefores.java:26)
	at org.junit.internal.runners.statements.RunAfters.evaluate(RunAfters.java:27)
	at org.junit.runners.ParentRunner.run(ParentRunner.java:309)
	at org.apache.maven.surefire.junit4.JUnit4Provider.execute(JUnit4Provider.java:365)
	at org.apache.maven.surefire.junit4.JUnit4Provider.executeWithRerun(JUnit4Provider.java:273)
	at org.apache.maven.surefire.junit4.JUnit4Provider.executeTestSet(JUnit4Provider.java:238)
	at org.apache.maven.surefire.junit4.JUnit4Provider.invoke(JUnit4Provider.java:159)
	at org.apache.maven.surefire.booter.ForkedBooter.invokeProviderInSameClassLoader(ForkedBooter.java:384)
	at org.apache.maven.surefire.booter.ForkedBooter.runSuitesInProcess(ForkedBooter.java:345)
	at org.apache.maven.surefire.booter.ForkedBooter.execute(ForkedBooter.java:126)
	at org.apache.maven.surefire.booter.ForkedBooter.main(ForkedBooter.java:418)
</failure>
    <system-out><![CDATA[2020-08-28 21:34:43,465 [main] WARN  server.ServerUtils (ServerUtils.java:getScmDbDir(148)) - ozone.scm.db.dirs is not configured. We recommend adding this setting. Falling back to ozone.metadata.dirs instead.
2020-08-28 21:34:43,558 [main] WARN  server.ServerUtils (ServerUtils.java:getScmDbDir(148)) - ozone.scm.db.dirs is not configured. We recommend adding this setting. Falling back to ozone.metadata.dirs instead.
2020-08-28 21:34:43,708 [main] WARN  db.DBStoreBuilder (DBStoreBuilder.java:createDBStoreBuilder(277)) - ozone.scm.db.dirs is not configured. We recommend adding this setting. Falling back to ozone.metadata.dirs instead.
2020-08-28 21:34:43,872 [main] INFO  net.NodeSchemaLoader (NodeSchemaLoader.java:loadSchemaFromFile(126)) - Loading file from sun.misc.CompoundEnumeration@4a3e3e8b
2020-08-28 21:34:43,873 [main] INFO  net.NodeSchemaLoader (NodeSchemaLoader.java:loadSchema(172)) - Loading network topology layer schema file
2020-08-28 21:34:44,002 [main] WARN  server.ServerUtils (ServerUtils.java:sanitizeUserArgs(73)) - ozone.scm.stale.node.interval value = 1000000 is larger than max = 100000 based on the key value of ozone.scm.heartbeat.thread.interval, reset to the max value 100000.
2020-08-28 21:34:44,002 [main] WARN  server.ServerUtils (ServerUtils.java:sanitizeUserArgs(73)) - ozone.scm.stale.node.interval value = 1000000 is larger than max = 100000 based on the key value of ozone.scm.heartbeat.thread.interval, reset to the max value 100000.
2020-08-28 21:34:44,006 [main] INFO  node.SCMNodeManager (SCMNodeManager.java:<init>(117)) - Entering startup safe mode.
2020-08-28 21:34:44,165 [main] INFO  algorithms.ContainerPlacementPolicyFactory (ContainerPlacementPolicyFactory.java:getPolicy(60)) - Create container placement policy of type org.apache.hadoop.hdds.scm.container.placement.algorithms.SCMContainerPlacementRandom
2020-08-28 21:34:44,200 [main] INFO  pipeline.SCMPipelineManager (SCMPipelineManager.java:initializePipelineState(161)) - No pipeline exists in current db
2020-08-28 21:34:44,233 [main] INFO  algorithms.PipelineChoosePolicyFactory (PipelineChoosePolicyFactory.java:createPipelineChoosePolicyFromClass(75)) - Create pipeline choose policy of type org.apache.hadoop.hdds.scm.pipeline.choose.algorithms.RandomPipelineChoosePolicy
2020-08-28 21:34:44,309 [main] INFO  safemode.HealthyPipelineSafeModeRule (HealthyPipelineSafeModeRule.java:<init>(89)) - Total pipeline count is 0, healthy pipeline threshold count is 0
2020-08-28 21:34:44,311 [main] INFO  safemode.OneReplicaPipelineSafeModeRule (OneReplicaPipelineSafeModeRule.java:<init>(79)) - Total pipeline count is 0, pipeline's with at least one datanode reported threshold count is 0
2020-08-28 21:34:44,719 [main] INFO  ipc.CallQueueManager (CallQueueManager.java:<init>(84)) - Using callQueue: class java.util.concurrent.LinkedBlockingQueue, queueCapacity: 2000, scheduler: class org.apache.hadoop.ipc.DefaultRpcScheduler, ipcBackoff: false.
2020-08-28 21:34:44,743 [Socket Reader #1 for port 0] INFO  ipc.Server (Server.java:run(1219)) - Starting Socket Reader #1 for port 0
2020-08-28 21:34:44,782 [Listener at 0.0.0.0/38657] INFO  ipc.CallQueueManager (CallQueueManager.java:<init>(84)) - Using callQueue: class java.util.concurrent.LinkedBlockingQueue, queueCapacity: 2000, scheduler: class org.apache.hadoop.ipc.DefaultRpcScheduler, ipcBackoff: false.
2020-08-28 21:34:44,785 [Socket Reader #1 for port 0] INFO  ipc.Server (Server.java:run(1219)) - Starting Socket Reader #1 for port 0
2020-08-28 21:34:44,800 [Listener at 0.0.0.0/37703] INFO  ipc.CallQueueManager (CallQueueManager.java:<init>(84)) - Using callQueue: class java.util.concurrent.LinkedBlockingQueue, queueCapacity: 2000, scheduler: class org.apache.hadoop.ipc.DefaultRpcScheduler, ipcBackoff: false.
2020-08-28 21:34:44,803 [Socket Reader #1 for port 0] INFO  ipc.Server (Server.java:run(1219)) - Starting Socket Reader #1 for port 0
2020-08-28 21:34:44,823 [Listener at 0.0.0.0/34981] INFO  http.BaseHttpServer (BaseHttpServer.java:newHttpServer2BuilderForOzone(207)) - Starting Web-server for scm at: http://0.0.0.0:0
2020-08-28 21:34:44,824 [Listener at 0.0.0.0/34981] INFO  http.BaseHttpServer (BaseHttpServer.java:<init>(106)) - Hadoop Security Enabled: false Ozone Security Enabled: false Ozone HTTP Security Enabled: false 
2020-08-28 21:34:44,848 [Listener at 0.0.0.0/34981] INFO  util.log (Log.java:initialized(169)) - Logging initialized @2493ms to org.eclipse.jetty.util.log.Slf4jLog
2020-08-28 21:34:44,970 [Listener at 0.0.0.0/34981] INFO  server.AuthenticationFilter (AuthenticationFilter.java:constructSecretProvider(240)) - Unable to initialize FileSignerSecretProvider, falling back to use random secrets.
2020-08-28 21:34:44,984 [Listener at 0.0.0.0/34981] WARN  http.HttpRequestLog (HttpRequestLog.java:getRequestLog(103)) - Jetty request log can only be enabled using Log4j
2020-08-28 21:34:44,990 [Listener at 0.0.0.0/34981] INFO  http.HttpServer2 (HttpServer2.java:addGlobalFilter(1019)) - Added global filter 'safety' (class=org.apache.hadoop.hdds.server.http.HttpServer2$QuotingInputFilter)
2020-08-28 21:34:44,992 [Listener at 0.0.0.0/34981] INFO  http.HttpServer2 (HttpServer2.java:addFilter(995)) - Added filter static_user_filter (class=org.apache.hadoop.http.lib.StaticUserWebFilter$StaticUserFilter) to context scm
2020-08-28 21:34:44,992 [Listener at 0.0.0.0/34981] INFO  http.HttpServer2 (HttpServer2.java:addFilter(1003)) - Added filter static_user_filter (class=org.apache.hadoop.http.lib.StaticUserWebFilter$StaticUserFilter) to context logs
2020-08-28 21:34:44,992 [Listener at 0.0.0.0/34981] INFO  http.HttpServer2 (HttpServer2.java:addFilter(1003)) - Added filter static_user_filter (class=org.apache.hadoop.http.lib.StaticUserWebFilter$StaticUserFilter) to context static
2020-08-28 21:34:45,041 [Listener at 0.0.0.0/34981] INFO  server.StorageContainerManager (StorageContainerManager.java:start(789)) - StorageContainerLocationProtocol RPC server is listening at /0.0.0.0:34981
2020-08-28 21:34:45,096 [Listener at 0.0.0.0/34981] WARN  impl.MetricsConfig (MetricsConfig.java:loadFirst(134)) - Cannot locate configuration: tried hadoop-metrics2-storagecontainermanager.properties,hadoop-metrics2.properties
2020-08-28 21:34:45,112 [Listener at 0.0.0.0/34981] INFO  impl.MetricsSystemImpl (MetricsSystemImpl.java:startTimer(374)) - Scheduled Metric snapshot period at 10 second(s).
2020-08-28 21:34:45,112 [Listener at 0.0.0.0/34981] INFO  impl.MetricsSystemImpl (MetricsSystemImpl.java:start(191)) - StorageContainerManager metrics system started
2020-08-28 21:34:45,344 [Listener at 0.0.0.0/34981] INFO  server.SCMClientProtocolServer (SCMClientProtocolServer.java:start(156)) - RPC server for Client  is listening at /0.0.0.0:34981
2020-08-28 21:34:45,346 [IPC Server Responder] INFO  ipc.Server (Server.java:run(1460)) - IPC Server Responder: starting
2020-08-28 21:34:45,348 [IPC Server listener on 0] INFO  ipc.Server (Server.java:run(1298)) - IPC Server listener on 0: starting
2020-08-28 21:34:45,357 [Listener at 0.0.0.0/34981] INFO  server.StorageContainerManager (StorageContainerManager.java:start(801)) - ScmBlockLocationProtocol RPC server is listening at /0.0.0.0:37703
2020-08-28 21:34:45,357 [Listener at 0.0.0.0/34981] INFO  server.SCMBlockProtocolServer (SCMBlockProtocolServer.java:start(149)) - RPC server for Block Protocol is listening at /0.0.0.0:37703
2020-08-28 21:34:45,358 [IPC Server Responder] INFO  ipc.Server (Server.java:run(1460)) - IPC Server Responder: starting
2020-08-28 21:34:45,358 [IPC Server listener on 0] INFO  ipc.Server (Server.java:run(1298)) - IPC Server listener on 0: starting
2020-08-28 21:34:45,365 [Listener at 0.0.0.0/34981] INFO  server.StorageContainerManager (StorageContainerManager.java:start(807)) - ScmDatanodeProtocl RPC server is listening at /0.0.0.0:38657
2020-08-28 21:34:45,365 [Listener at 0.0.0.0/34981] INFO  server.SCMDatanodeProtocolServer (SCMDatanodeProtocolServer.java:start(172)) - RPC server for DataNodes is listening at /0.0.0.0:38657
2020-08-28 21:34:45,366 [IPC Server Responder] INFO  ipc.Server (Server.java:run(1460)) - IPC Server Responder: starting
2020-08-28 21:34:45,366 [IPC Server listener on 0] INFO  ipc.Server (Server.java:run(1298)) - IPC Server listener on 0: starting
2020-08-28 21:34:45,372 [Listener at 0.0.0.0/34981] INFO  http.HttpServer2 (HttpServer2.java:bindListener(1237)) - Jetty bound to port 33331
2020-08-28 21:34:45,374 [Listener at 0.0.0.0/34981] INFO  server.Server (Server.java:doStart(359)) - jetty-9.4.26.v20200117; built: 2020-01-17T12:35:33.676Z; git: 7b38981d25d14afb4a12ff1f2596756144edf695; jvm 1.8.0_232-b09
2020-08-28 21:34:45,408 [Listener at 0.0.0.0/34981] INFO  server.session (DefaultSessionIdManager.java:doStart(333)) - DefaultSessionIdManager workerName=node0
2020-08-28 21:34:45,408 [Listener at 0.0.0.0/34981] INFO  server.session (DefaultSessionIdManager.java:doStart(338)) - No SessionScavenger set, using defaults
2020-08-28 21:34:45,410 [Listener at 0.0.0.0/34981] INFO  server.session (HouseKeeper.java:startScavenging(140)) - node0 Scavenging every 600000ms
2020-08-28 21:34:45,424 [Listener at 0.0.0.0/34981] INFO  handler.ContextHandler (ContextHandler.java:doStart(825)) - Started o.e.j.s.ServletContextHandler@3e214105{logs,/logs,file:///github/workspace/mnt/ozone/hadoop-ozone/integration-test/target/log,AVAILABLE}
2020-08-28 21:34:45,426 [Listener at 0.0.0.0/34981] INFO  handler.ContextHandler (ContextHandler.java:doStart(825)) - Started o.e.j.s.ServletContextHandler@39941489{static,/static,file:///github/workspace/mnt/ozone/hadoop-ozone/integration-test/target/test-classes/webapps/static,AVAILABLE}
2020-08-28 21:34:45,466 [Listener at 0.0.0.0/34981] INFO  handler.ContextHandler (ContextHandler.java:doStart(825)) - Started o.e.j.w.WebAppContext@62cbc478{scm,/,file:///github/workspace/mnt/ozone/hadoop-ozone/integration-test/target/test-classes/webapps/scm/,AVAILABLE}{file:/github/workspace/mnt/ozone/hadoop-ozone/integration-test/target/test-classes/webapps/scm}
2020-08-28 21:34:45,474 [Listener at 0.0.0.0/34981] INFO  server.AbstractConnector (AbstractConnector.java:doStart(330)) - Started ServerConnector@38d80d65{HTTP/1.1,[http/1.1]}{0.0.0.0:33331}
2020-08-28 21:34:45,474 [Listener at 0.0.0.0/34981] INFO  server.Server (Server.java:doStart(399)) - Started @3119ms
2020-08-28 21:34:45,476 [Listener at 0.0.0.0/34981] INFO  impl.MetricsSinkAdapter (MetricsSinkAdapter.java:start(204)) - Sink prometheus started
2020-08-28 21:34:45,476 [Listener at 0.0.0.0/34981] INFO  impl.MetricsSystemImpl (MetricsSystemImpl.java:registerSink(301)) - Registered sink prometheus
2020-08-28 21:34:45,480 [Listener at 0.0.0.0/34981] INFO  http.BaseHttpServer (BaseHttpServer.java:updateConnectorAddress(327)) - HTTP server of scm listening at http://0.0.0.0:33331
2020-08-28 21:34:45,489 [Listener at 0.0.0.0/34981] WARN  server.ServerUtils (ServerUtils.java:getDBPath(225)) - ozone.om.db.dirs is not configured. We recommend adding this setting. Falling back to ozone.metadata.dirs instead.
2020-08-28 21:34:45,491 [org.apache.hadoop.util.JvmPauseMonitor$Monitor@50ec4bfc] INFO  util.JvmPauseMonitor (JvmPauseMonitor.java:run(188)) - Starting JVM pause monitor
2020-08-28 21:34:45,601 [Listener at 0.0.0.0/34981] INFO  ha.OMHANodeDetails (OMHANodeDetails.java:loadOMHAConfig(104)) - ozone.om.internal.service.id is not defined, falling back to ozone.om.service.ids to find serviceID for OzoneManager if it is HA enabled cluster
2020-08-28 21:34:45,604 [Listener at 0.0.0.0/34981] INFO  ha.OMHANodeDetails (OMHANodeDetails.java:loadOMHAConfig(213)) - Configuration either no ozone.om.address set. Falling back to the default OM address /127.0.0.1:0
2020-08-28 21:34:45,605 [Listener at 0.0.0.0/34981] INFO  ha.OMHANodeDetails (OMHANodeDetails.java:getOMNodeDetails(241)) - OM Service ID is not set. Setting it to the default ID: omServiceIdDefault
2020-08-28 21:34:45,607 [Listener at 0.0.0.0/34981] WARN  server.ServerUtils (ServerUtils.java:getDBPath(225)) - ozone.om.db.dirs is not configured. We recommend adding this setting. Falling back to ozone.metadata.dirs instead.
2020-08-28 21:34:45,611 [Listener at 0.0.0.0/34981] WARN  server.ServerUtils (ServerUtils.java:getDBPath(225)) - ozone.om.db.dirs is not configured. We recommend adding this setting. Falling back to ozone.metadata.dirs instead.
2020-08-28 21:34:46,435 [Listener at 0.0.0.0/34981] WARN  server.ServerUtils (ServerUtils.java:getDBPath(225)) - ozone.om.db.dirs is not configured. We recommend adding this setting. Falling back to ozone.metadata.dirs instead.
2020-08-28 21:34:46,443 [Listener at 0.0.0.0/34981] INFO  codec.OmKeyInfoCodec (OmKeyInfoCodec.java:<init>(41)) - OmKeyInfoCodec ignorePipeline = true
2020-08-28 21:34:46,444 [Listener at 0.0.0.0/34981] INFO  codec.RepeatedOmKeyInfoCodec (RepeatedOmKeyInfoCodec.java:<init>(40)) - RepeatedOmKeyInfoCodec ignorePipeline = true
2020-08-28 21:34:46,585 [Listener at 0.0.0.0/34981] INFO  om.OzoneManager (OzoneManager.java:addS3GVolumeToDB(3600)) - Created Volume s3v With Owner jenkins1001 required for S3Gateway operations.
2020-08-28 21:34:46,616 [Listener at 0.0.0.0/34981] INFO  ipc.CallQueueManager (CallQueueManager.java:<init>(84)) - Using callQueue: class java.util.concurrent.LinkedBlockingQueue, queueCapacity: 2000, scheduler: class org.apache.hadoop.ipc.DefaultRpcScheduler, ipcBackoff: false.
2020-08-28 21:34:46,617 [Socket Reader #1 for port 0] INFO  ipc.Server (Server.java:run(1219)) - Starting Socket Reader #1 for port 0
2020-08-28 21:34:46,637 [Listener at 127.0.0.1/44483] INFO  impl.MetricsSystemImpl (MetricsSystemImpl.java:init(158)) - OzoneManager metrics system started (again)
2020-08-28 21:34:46,638 [Listener at 127.0.0.1/44483] INFO  om.OzoneManager (OzoneManager.java:start(1132)) - OzoneManager RPC server is listening at localhost/127.0.0.1:44483
2020-08-28 21:34:46,657 [Listener at 127.0.0.1/44483] INFO  http.BaseHttpServer (BaseHttpServer.java:newHttpServer2BuilderForOzone(207)) - Starting Web-server for ozoneManager at: http://0.0.0.0:0
2020-08-28 21:34:46,657 [Listener at 127.0.0.1/44483] INFO  http.BaseHttpServer (BaseHttpServer.java:<init>(106)) - Hadoop Security Enabled: false Ozone Security Enabled: false Ozone HTTP Security Enabled: false 
2020-08-28 21:34:46,658 [Listener at 127.0.0.1/44483] INFO  server.AuthenticationFilter (AuthenticationFilter.java:constructSecretProvider(240)) - Unable to initialize FileSignerSecretProvider, falling back to use random secrets.
2020-08-28 21:34:46,660 [Listener at 127.0.0.1/44483] WARN  http.HttpRequestLog (HttpRequestLog.java:getRequestLog(103)) - Jetty request log can only be enabled using Log4j
2020-08-28 21:34:46,661 [Listener at 127.0.0.1/44483] INFO  http.HttpServer2 (HttpServer2.java:addGlobalFilter(1019)) - Added global filter 'safety' (class=org.apache.hadoop.hdds.server.http.HttpServer2$QuotingInputFilter)
2020-08-28 21:34:46,662 [Listener at 127.0.0.1/44483] INFO  http.HttpServer2 (HttpServer2.java:addFilter(995)) - Added filter static_user_filter (class=org.apache.hadoop.http.lib.StaticUserWebFilter$StaticUserFilter) to context ozoneManager
2020-08-28 21:34:46,662 [Listener at 127.0.0.1/44483] INFO  http.HttpServer2 (HttpServer2.java:addFilter(1003)) - Added filter static_user_filter (class=org.apache.hadoop.http.lib.StaticUserWebFilter$StaticUserFilter) to context logs
2020-08-28 21:34:46,662 [Listener at 127.0.0.1/44483] INFO  http.HttpServer2 (HttpServer2.java:addFilter(1003)) - Added filter static_user_filter (class=org.apache.hadoop.http.lib.StaticUserWebFilter$StaticUserFilter) to context static
2020-08-28 21:34:46,665 [Listener at 127.0.0.1/44483] INFO  http.HttpServer2 (HttpServer2.java:bindListener(1237)) - Jetty bound to port 44913
2020-08-28 21:34:46,665 [Listener at 127.0.0.1/44483] INFO  server.Server (Server.java:doStart(359)) - jetty-9.4.26.v20200117; built: 2020-01-17T12:35:33.676Z; git: 7b38981d25d14afb4a12ff1f2596756144edf695; jvm 1.8.0_232-b09
2020-08-28 21:34:46,667 [Listener at 127.0.0.1/44483] INFO  server.session (DefaultSessionIdManager.java:doStart(333)) - DefaultSessionIdManager workerName=node0
2020-08-28 21:34:46,668 [Listener at 127.0.0.1/44483] INFO  server.session (DefaultSessionIdManager.java:doStart(338)) - No SessionScavenger set, using defaults
2020-08-28 21:34:46,668 [Listener at 127.0.0.1/44483] INFO  server.session (HouseKeeper.java:startScavenging(140)) - node0 Scavenging every 660000ms
2020-08-28 21:34:46,669 [Listener at 127.0.0.1/44483] INFO  handler.ContextHandler (ContextHandler.java:doStart(825)) - Started o.e.j.s.ServletContextHandler@69926b6e{logs,/logs,file:///github/workspace/mnt/ozone/hadoop-ozone/integration-test/target/log,AVAILABLE}
2020-08-28 21:34:46,670 [Listener at 127.0.0.1/44483] INFO  handler.ContextHandler (ContextHandler.java:doStart(825)) - Started o.e.j.s.ServletContextHandler@5a010eec{static,/static,file:///github/workspace/mnt/ozone/hadoop-ozone/integration-test/target/test-classes/webapps/static,AVAILABLE}
2020-08-28 21:34:46,674 [Listener at 127.0.0.1/44483] INFO  handler.ContextHandler (ContextHandler.java:doStart(825)) - Started o.e.j.w.WebAppContext@2ad6aeb8{ozoneManager,/,file:///github/workspace/mnt/ozone/hadoop-ozone/integration-test/target/test-classes/webapps/ozoneManager/,AVAILABLE}{file:/github/workspace/mnt/ozone/hadoop-ozone/integration-test/target/test-classes/webapps/ozoneManager}
2020-08-28 21:34:46,675 [Listener at 127.0.0.1/44483] INFO  server.AbstractConnector (AbstractConnector.java:doStart(330)) - Started ServerConnector@11896124{HTTP/1.1,[http/1.1]}{0.0.0.0:44913}
2020-08-28 21:34:46,676 [Listener at 127.0.0.1/44483] INFO  server.Server (Server.java:doStart(399)) - Started @4321ms
2020-08-28 21:34:46,676 [Listener at 127.0.0.1/44483] WARN  impl.MetricsSystemImpl (MetricsSystemImpl.java:register(276)) - Sink prometheus already exists!
2020-08-28 21:34:46,680 [Listener at 127.0.0.1/44483] INFO  http.BaseHttpServer (BaseHttpServer.java:updateConnectorAddress(327)) - HTTP server of ozoneManager listening at http://0.0.0.0:44913
2020-08-28 21:34:46,680 [IPC Server Responder] INFO  ipc.Server (Server.java:run(1460)) - IPC Server Responder: starting
2020-08-28 21:34:46,681 [IPC Server listener on 0] INFO  ipc.Server (Server.java:run(1298)) - IPC Server listener on 0: starting
2020-08-28 21:34:46,703 [org.apache.hadoop.util.JvmPauseMonitor$Monitor@8dc3019] INFO  util.JvmPauseMonitor (JvmPauseMonitor.java:run(188)) - Starting JVM pause monitor
2020-08-28 21:34:46,845 [Listener at 127.0.0.1/44483] INFO  metrics.MetricRegistries (MetricRegistriesLoader.java:load(64)) - Loaded MetricRegistries class org.apache.ratis.metrics.impl.MetricRegistriesImpl
2020-08-28 21:34:46,848 [Listener at 127.0.0.1/44483] INFO  impl.MetricsSystemImpl (MetricsSystemImpl.java:init(158)) - HddsDatanode metrics system started (again)
2020-08-28 21:34:46,853 [Listener at 127.0.0.1/44483] INFO  ozone.HddsDatanodeService (HddsDatanodeService.java:start(217)) - HddsDatanodeService host:8b499f13bb7e ip:172.17.0.2
2020-08-28 21:34:46,918 [Listener at 127.0.0.1/44483] INFO  volume.HddsVolume (HddsVolume.java:<init>(176)) - Creating Volume: /github/workspace/mnt/ozone/hadoop-ozone/integration-test/target/test-dir/MiniOzoneClusterImpl-193645e7-eb61-4b59-aa79-6176b84e3ab6/datanode-0/data-0/containers/hdds of storage type : DISK and capacity : 9223372036854775807
2020-08-28 21:34:46,920 [Listener at 127.0.0.1/44483] INFO  volume.MutableVolumeSet (MutableVolumeSet.java:initializeVolumeSet(179)) - Added Volume : /github/workspace/mnt/ozone/hadoop-ozone/integration-test/target/test-dir/MiniOzoneClusterImpl-193645e7-eb61-4b59-aa79-6176b84e3ab6/datanode-0/data-0/containers/hdds to VolumeSet
2020-08-28 21:34:46,921 [Listener at 127.0.0.1/44483] INFO  volume.ThrottledAsyncChecker (ThrottledAsyncChecker.java:schedule(141)) - Scheduling a check for /github/workspace/mnt/ozone/hadoop-ozone/integration-test/target/test-dir/MiniOzoneClusterImpl-193645e7-eb61-4b59-aa79-6176b84e3ab6/datanode-0/data-0/containers/hdds
2020-08-28 21:34:46,945 [Listener at 127.0.0.1/44483] INFO  volume.HddsVolumeChecker (HddsVolumeChecker.java:checkAllVolumes(200)) - Scheduled health check for volume /github/workspace/mnt/ozone/hadoop-ozone/integration-test/target/test-dir/MiniOzoneClusterImpl-193645e7-eb61-4b59-aa79-6176b84e3ab6/datanode-0/data-0/containers/hdds
2020-08-28 21:34:46,967 [Thread-130] INFO  ozoneimpl.ContainerReader (ContainerReader.java:readVolume(123)) - Start to verify containers on volume /github/workspace/mnt/ozone/hadoop-ozone/integration-test/target/test-dir/MiniOzoneClusterImpl-193645e7-eb61-4b59-aa79-6176b84e3ab6/datanode-0/data-0/containers/hdds
2020-08-28 21:34:46,967 [Thread-130] INFO  ozoneimpl.ContainerReader (ContainerReader.java:readVolume(148)) - Finish verifying containers on volume /github/workspace/mnt/ozone/hadoop-ozone/integration-test/target/test-dir/MiniOzoneClusterImpl-193645e7-eb61-4b59-aa79-6176b84e3ab6/datanode-0/data-0/containers/hdds
2020-08-28 21:34:46,968 [Listener at 127.0.0.1/44483] INFO  ozoneimpl.OzoneContainer (OzoneContainer.java:buildContainerSet(196)) - Build ContainerSet costs 0s
2020-08-28 21:34:47,086 [Listener at 127.0.0.1/44483] INFO  impl.RaftServerProxy (ConfUtils.java:logGet(44)) - raft.rpc.type = GRPC (default)
2020-08-28 21:34:47,150 [Listener at 127.0.0.1/44483] INFO  grpc.GrpcFactory (GrpcFactory.java:checkPooledByteBufAllocatorUseCacheForAllThreads(45)) - PERFORMANCE WARNING: useCacheForAllThreads is true that may cause Netty to create a lot garbage objects and, as a result, trigger GC.
	It is recommended to disable useCacheForAllThreads by setting -Dorg.apache.ratis.thirdparty.io.netty.allocator.useCacheForAllThreads=false in command line.
2020-08-28 21:34:47,153 [Listener at 127.0.0.1/44483] INFO  grpc.GrpcConfigKeys (ConfUtils.java:logGet(44)) - raft.grpc.server.port = 0 (default)
2020-08-28 21:34:47,154 [Listener at 127.0.0.1/44483] INFO  server.GrpcService (ConfUtils.java:logGet(44)) - raft.grpc.message.size.max = 32MB (=33554432) (custom)
2020-08-28 21:34:47,155 [Listener at 127.0.0.1/44483] INFO  server.RaftServerConfigKeys (ConfUtils.java:logGet(44)) - raft.server.log.appender.buffer.byte-limit = 33554432 (custom)
2020-08-28 21:34:47,155 [Listener at 127.0.0.1/44483] INFO  server.GrpcService (ConfUtils.java:logGet(44)) - raft.grpc.flow.control.window = 5MB (=5242880) (custom)
2020-08-28 21:34:47,156 [Listener at 127.0.0.1/44483] INFO  server.RaftServerConfigKeys (ConfUtils.java:logGet(44)) - raft.server.rpc.request.timeout = 3000ms (default)
2020-08-28 21:34:47,387 [Listener at 127.0.0.1/44483] INFO  server.RaftServerConfigKeys (ConfUtils.java:logGet(44)) - raft.server.storage.dir = [/github/workspace/mnt/ozone/hadoop-ozone/integration-test/target/test-dir/MiniOzoneClusterImpl-193645e7-eb61-4b59-aa79-6176b84e3ab6/datanode-0/data/ratis] (custom)
2020-08-28 21:34:47,470 [Listener at 127.0.0.1/44483] INFO  http.BaseHttpServer (BaseHttpServer.java:newHttpServer2BuilderForOzone(207)) - Starting Web-server for hddsDatanode at: http://0.0.0.0:0
2020-08-28 21:34:47,470 [Listener at 127.0.0.1/44483] INFO  http.BaseHttpServer (BaseHttpServer.java:<init>(106)) - Hadoop Security Enabled: false Ozone Security Enabled: false Ozone HTTP Security Enabled: false 
2020-08-28 21:34:47,472 [Listener at 127.0.0.1/44483] INFO  server.AuthenticationFilter (AuthenticationFilter.java:constructSecretProvider(240)) - Unable to initialize FileSignerSecretProvider, falling back to use random secrets.
2020-08-28 21:34:47,472 [Listener at 127.0.0.1/44483] WARN  http.HttpRequestLog (HttpRequestLog.java:getRequestLog(103)) - Jetty request log can only be enabled using Log4j
2020-08-28 21:34:47,473 [Listener at 127.0.0.1/44483] INFO  http.HttpServer2 (HttpServer2.java:addGlobalFilter(1019)) - Added global filter 'safety' (class=org.apache.hadoop.hdds.server.http.HttpServer2$QuotingInputFilter)
2020-08-28 21:34:47,474 [Listener at 127.0.0.1/44483] INFO  http.HttpServer2 (HttpServer2.java:addFilter(995)) - Added filter static_user_filter (class=org.apache.hadoop.http.lib.StaticUserWebFilter$StaticUserFilter) to context hddsDatanode
2020-08-28 21:34:47,475 [Listener at 127.0.0.1/44483] INFO  http.HttpServer2 (HttpServer2.java:addFilter(1003)) - Added filter static_user_filter (class=org.apache.hadoop.http.lib.StaticUserWebFilter$StaticUserFilter) to context logs
2020-08-28 21:34:47,475 [Listener at 127.0.0.1/44483] INFO  http.HttpServer2 (HttpServer2.java:addFilter(1003)) - Added filter static_user_filter (class=org.apache.hadoop.http.lib.StaticUserWebFilter$StaticUserFilter) to context static
2020-08-28 21:34:47,475 [Listener at 127.0.0.1/44483] INFO  http.HttpServer2 (HttpServer2.java:bindListener(1237)) - Jetty bound to port 41899
2020-08-28 21:34:47,476 [Listener at 127.0.0.1/44483] INFO  server.Server (Server.java:doStart(359)) - jetty-9.4.26.v20200117; built: 2020-01-17T12:35:33.676Z; git: 7b38981d25d14afb4a12ff1f2596756144edf695; jvm 1.8.0_232-b09
2020-08-28 21:34:47,480 [Listener at 127.0.0.1/44483] INFO  server.session (DefaultSessionIdManager.java:doStart(333)) - DefaultSessionIdManager workerName=node0
2020-08-28 21:34:47,480 [Listener at 127.0.0.1/44483] INFO  server.session (DefaultSessionIdManager.java:doStart(338)) - No SessionScavenger set, using defaults
2020-08-28 21:34:47,480 [Listener at 127.0.0.1/44483] INFO  server.session (HouseKeeper.java:startScavenging(140)) - node0 Scavenging every 660000ms
2020-08-28 21:34:47,481 [Listener at 127.0.0.1/44483] INFO  handler.ContextHandler (ContextHandler.java:doStart(825)) - Started o.e.j.s.ServletContextHandler@3dc70aa0{logs,/logs,file:///github/workspace/mnt/ozone/hadoop-ozone/integration-test/target/log,AVAILABLE}
2020-08-28 21:34:47,481 [Listener at 127.0.0.1/44483] INFO  handler.ContextHandler (ContextHandler.java:doStart(825)) - Started o.e.j.s.ServletContextHandler@26fee641{static,/static,jar:file:/home/user/.m2/repository/org/apache/hadoop/hadoop-hdds-container-service/1.1.0-SNAPSHOT/hadoop-hdds-container-service-1.1.0-SNAPSHOT.jar!/webapps/static,AVAILABLE}
2020-08-28 21:34:47,618 [Listener at 127.0.0.1/44483] INFO  handler.ContextHandler (ContextHandler.java:doStart(825)) - Started o.e.j.w.WebAppContext@42626e86{hddsDatanode,/,file:///tmp/jetty-0_0_0_0-41899-hadoop-hdds-container-service-1_1_0-SNAPSHOT_jar-_-any-4999670952386500125.dir/webapp/,AVAILABLE}{jar:file:/home/user/.m2/repository/org/apache/hadoop/hadoop-hdds-container-service/1.1.0-SNAPSHOT/hadoop-hdds-container-service-1.1.0-SNAPSHOT.jar!/webapps/hddsDatanode}
2020-08-28 21:34:47,620 [Listener at 127.0.0.1/44483] INFO  server.AbstractConnector (AbstractConnector.java:doStart(330)) - Started ServerConnector@4ff5711b{HTTP/1.1,[http/1.1]}{0.0.0.0:41899}
2020-08-28 21:34:47,620 [Listener at 127.0.0.1/44483] INFO  server.Server (Server.java:doStart(399)) - Started @5265ms
2020-08-28 21:34:47,620 [Listener at 127.0.0.1/44483] WARN  impl.MetricsSystemImpl (MetricsSystemImpl.java:register(276)) - Sink prometheus already exists!
2020-08-28 21:34:47,625 [Listener at 127.0.0.1/44483] INFO  http.BaseHttpServer (BaseHttpServer.java:updateConnectorAddress(327)) - HTTP server of hddsDatanode listening at http://0.0.0.0:41899
2020-08-28 21:34:47,632 [Listener at 127.0.0.1/44483] INFO  impl.MetricsSystemImpl (MetricsSystemImpl.java:init(158)) - HddsDatanode metrics system started (again)
2020-08-28 21:34:47,647 [org.apache.hadoop.util.JvmPauseMonitor$Monitor@53d137f6] INFO  util.JvmPauseMonitor (JvmPauseMonitor.java:run(188)) - Starting JVM pause monitor
2020-08-28 21:34:47,650 [Listener at 127.0.0.1/44483] INFO  ozone.HddsDatanodeService (HddsDatanodeService.java:start(217)) - HddsDatanodeService host:8b499f13bb7e ip:172.17.0.2
2020-08-28 21:34:47,659 [Listener at 127.0.0.1/44483] INFO  volume.HddsVolume (HddsVolume.java:<init>(176)) - Creating Volume: /github/workspace/mnt/ozone/hadoop-ozone/integration-test/target/test-dir/MiniOzoneClusterImpl-193645e7-eb61-4b59-aa79-6176b84e3ab6/datanode-1/data-0/containers/hdds of storage type : DISK and capacity : 9223372036854775807
2020-08-28 21:34:47,660 [Listener at 127.0.0.1/44483] INFO  volume.MutableVolumeSet (MutableVolumeSet.java:initializeVolumeSet(179)) - Added Volume : /github/workspace/mnt/ozone/hadoop-ozone/integration-test/target/test-dir/MiniOzoneClusterImpl-193645e7-eb61-4b59-aa79-6176b84e3ab6/datanode-1/data-0/containers/hdds to VolumeSet
2020-08-28 21:34:47,660 [Listener at 127.0.0.1/44483] INFO  volume.ThrottledAsyncChecker (ThrottledAsyncChecker.java:schedule(141)) - Scheduling a check for /github/workspace/mnt/ozone/hadoop-ozone/integration-test/target/test-dir/MiniOzoneClusterImpl-193645e7-eb61-4b59-aa79-6176b84e3ab6/datanode-1/data-0/containers/hdds
2020-08-28 21:34:47,661 [Listener at 127.0.0.1/44483] INFO  volume.HddsVolumeChecker (HddsVolumeChecker.java:checkAllVolumes(200)) - Scheduled health check for volume /github/workspace/mnt/ozone/hadoop-ozone/integration-test/target/test-dir/MiniOzoneClusterImpl-193645e7-eb61-4b59-aa79-6176b84e3ab6/datanode-1/data-0/containers/hdds
2020-08-28 21:34:47,703 [Thread-141] INFO  ozoneimpl.ContainerReader (ContainerReader.java:readVolume(123)) - Start to verify containers on volume /github/workspace/mnt/ozone/hadoop-ozone/integration-test/target/test-dir/MiniOzoneClusterImpl-193645e7-eb61-4b59-aa79-6176b84e3ab6/datanode-1/data-0/containers/hdds
2020-08-28 21:34:47,705 [Thread-141] INFO  ozoneimpl.ContainerReader (ContainerReader.java:readVolume(148)) - Finish verifying containers on volume /github/workspace/mnt/ozone/hadoop-ozone/integration-test/target/test-dir/MiniOzoneClusterImpl-193645e7-eb61-4b59-aa79-6176b84e3ab6/datanode-1/data-0/containers/hdds
2020-08-28 21:34:47,705 [Listener at 127.0.0.1/44483] INFO  ozoneimpl.OzoneContainer (OzoneContainer.java:buildContainerSet(196)) - Build ContainerSet costs 0s
2020-08-28 21:34:47,709 [Listener at 127.0.0.1/44483] INFO  impl.RaftServerProxy (ConfUtils.java:logGet(44)) - raft.rpc.type = GRPC (default)
2020-08-28 21:34:47,709 [Listener at 127.0.0.1/44483] INFO  grpc.GrpcFactory (GrpcFactory.java:checkPooledByteBufAllocatorUseCacheForAllThreads(45)) - PERFORMANCE WARNING: useCacheForAllThreads is true that may cause Netty to create a lot garbage objects and, as a result, trigger GC.
	It is recommended to disable useCacheForAllThreads by setting -Dorg.apache.ratis.thirdparty.io.netty.allocator.useCacheForAllThreads=false in command line.
2020-08-28 21:34:47,709 [Listener at 127.0.0.1/44483] INFO  grpc.GrpcConfigKeys (ConfUtils.java:logGet(44)) - raft.grpc.server.port = 0 (default)
2020-08-28 21:34:47,709 [Listener at 127.0.0.1/44483] INFO  server.GrpcService (ConfUtils.java:logGet(44)) - raft.grpc.message.size.max = 32MB (=33554432) (custom)
2020-08-28 21:34:47,710 [Listener at 127.0.0.1/44483] INFO  server.RaftServerConfigKeys (ConfUtils.java:logGet(44)) - raft.server.log.appender.buffer.byte-limit = 33554432 (custom)
2020-08-28 21:34:47,710 [Listener at 127.0.0.1/44483] INFO  server.GrpcService (ConfUtils.java:logGet(44)) - raft.grpc.flow.control.window = 5MB (=5242880) (custom)
2020-08-28 21:34:47,710 [Listener at 127.0.0.1/44483] INFO  server.RaftServerConfigKeys (ConfUtils.java:logGet(44)) - raft.server.rpc.request.timeout = 3000ms (default)
2020-08-28 21:34:47,711 [Listener at 127.0.0.1/44483] INFO  server.RaftServerConfigKeys (ConfUtils.java:logGet(44)) - raft.server.storage.dir = [/github/workspace/mnt/ozone/hadoop-ozone/integration-test/target/test-dir/MiniOzoneClusterImpl-193645e7-eb61-4b59-aa79-6176b84e3ab6/datanode-1/data/ratis] (custom)
2020-08-28 21:34:47,722 [Listener at 127.0.0.1/44483] INFO  http.BaseHttpServer (BaseHttpServer.java:newHttpServer2BuilderForOzone(207)) - Starting Web-server for hddsDatanode at: http://0.0.0.0:0
2020-08-28 21:34:47,722 [Listener at 127.0.0.1/44483] INFO  http.BaseHttpServer (BaseHttpServer.java:<init>(106)) - Hadoop Security Enabled: false Ozone Security Enabled: false Ozone HTTP Security Enabled: false 
2020-08-28 21:34:47,724 [Listener at 127.0.0.1/44483] INFO  server.AuthenticationFilter (AuthenticationFilter.java:constructSecretProvider(240)) - Unable to initialize FileSignerSecretProvider, falling back to use random secrets.
2020-08-28 21:34:47,735 [Listener at 127.0.0.1/44483] WARN  http.HttpRequestLog (HttpRequestLog.java:getRequestLog(103)) - Jetty request log can only be enabled using Log4j
2020-08-28 21:34:47,736 [Listener at 127.0.0.1/44483] INFO  http.HttpServer2 (HttpServer2.java:addGlobalFilter(1019)) - Added global filter 'safety' (class=org.apache.hadoop.hdds.server.http.HttpServer2$QuotingInputFilter)
2020-08-28 21:34:47,737 [Listener at 127.0.0.1/44483] INFO  http.HttpServer2 (HttpServer2.java:addFilter(995)) - Added filter static_user_filter (class=org.apache.hadoop.http.lib.StaticUserWebFilter$StaticUserFilter) to context hddsDatanode
2020-08-28 21:34:47,737 [Listener at 127.0.0.1/44483] INFO  http.HttpServer2 (HttpServer2.java:addFilter(1003)) - Added filter static_user_filter (class=org.apache.hadoop.http.lib.StaticUserWebFilter$StaticUserFilter) to context static
2020-08-28 21:34:47,737 [Listener at 127.0.0.1/44483] INFO  http.HttpServer2 (HttpServer2.java:addFilter(1003)) - Added filter static_user_filter (class=org.apache.hadoop.http.lib.StaticUserWebFilter$StaticUserFilter) to context logs
2020-08-28 21:34:47,738 [Listener at 127.0.0.1/44483] INFO  http.HttpServer2 (HttpServer2.java:bindListener(1237)) - Jetty bound to port 46377
2020-08-28 21:34:47,738 [Listener at 127.0.0.1/44483] INFO  server.Server (Server.java:doStart(359)) - jetty-9.4.26.v20200117; built: 2020-01-17T12:35:33.676Z; git: 7b38981d25d14afb4a12ff1f2596756144edf695; jvm 1.8.0_232-b09
2020-08-28 21:34:47,797 [Listener at 127.0.0.1/44483] INFO  server.session (DefaultSessionIdManager.java:doStart(333)) - DefaultSessionIdManager workerName=node0
2020-08-28 21:34:47,797 [Listener at 127.0.0.1/44483] INFO  server.session (DefaultSessionIdManager.java:doStart(338)) - No SessionScavenger set, using defaults
2020-08-28 21:34:47,797 [Listener at 127.0.0.1/44483] INFO  server.session (HouseKeeper.java:startScavenging(140)) - node0 Scavenging every 600000ms
2020-08-28 21:34:47,811 [Listener at 127.0.0.1/44483] INFO  handler.ContextHandler (ContextHandler.java:doStart(825)) - Started o.e.j.s.ServletContextHandler@415c5469{logs,/logs,file:///github/workspace/mnt/ozone/hadoop-ozone/integration-test/target/log,AVAILABLE}
2020-08-28 21:34:47,812 [Listener at 127.0.0.1/44483] INFO  handler.ContextHandler (ContextHandler.java:doStart(825)) - Started o.e.j.s.ServletContextHandler@19544627{static,/static,jar:file:/home/user/.m2/repository/org/apache/hadoop/hadoop-hdds-container-service/1.1.0-SNAPSHOT/hadoop-hdds-container-service-1.1.0-SNAPSHOT.jar!/webapps/static,AVAILABLE}
2020-08-28 21:34:47,818 [Datanode State Machine Task Thread - 0] INFO  datanode.InitDatanodeState (InitDatanodeState.java:persistContainerDatanodeDetails(145)) - DatanodeDetails is persisted to /github/workspace/mnt/ozone/hadoop-ozone/integration-test/target/test-dir/MiniOzoneClusterImpl-193645e7-eb61-4b59-aa79-6176b84e3ab6/datanode-0/meta/datanode.id
2020-08-28 21:34:47,944 [Listener at 127.0.0.1/44483] INFO  handler.ContextHandler (ContextHandler.java:doStart(825)) - Started o.e.j.w.WebAppContext@5680f009{hddsDatanode,/,file:///tmp/jetty-0_0_0_0-46377-hadoop-hdds-container-service-1_1_0-SNAPSHOT_jar-_-any-3524587057294085203.dir/webapp/,AVAILABLE}{jar:file:/home/user/.m2/repository/org/apache/hadoop/hadoop-hdds-container-service/1.1.0-SNAPSHOT/hadoop-hdds-container-service-1.1.0-SNAPSHOT.jar!/webapps/hddsDatanode}
2020-08-28 21:34:47,948 [Listener at 127.0.0.1/44483] INFO  server.AbstractConnector (AbstractConnector.java:doStart(330)) - Started ServerConnector@2287bbd1{HTTP/1.1,[http/1.1]}{0.0.0.0:46377}
2020-08-28 21:34:47,949 [Listener at 127.0.0.1/44483] INFO  server.Server (Server.java:doStart(399)) - Started @5594ms
2020-08-28 21:34:47,949 [Listener at 127.0.0.1/44483] WARN  impl.MetricsSystemImpl (MetricsSystemImpl.java:register(276)) - Sink prometheus already exists!
2020-08-28 21:34:47,952 [Listener at 127.0.0.1/44483] INFO  http.BaseHttpServer (BaseHttpServer.java:updateConnectorAddress(327)) - HTTP server of hddsDatanode listening at http://0.0.0.0:46377
2020-08-28 21:34:47,953 [Listener at 127.0.0.1/44483] INFO  impl.MetricsSystemImpl (MetricsSystemImpl.java:init(158)) - HddsDatanode metrics system started (again)
2020-08-28 21:34:47,955 [Listener at 127.0.0.1/44483] INFO  ozone.HddsDatanodeService (HddsDatanodeService.java:start(217)) - HddsDatanodeService host:8b499f13bb7e ip:172.17.0.2
2020-08-28 21:34:47,956 [Listener at 127.0.0.1/44483] INFO  volume.HddsVolume (HddsVolume.java:<init>(176)) - Creating Volume: /github/workspace/mnt/ozone/hadoop-ozone/integration-test/target/test-dir/MiniOzoneClusterImpl-193645e7-eb61-4b59-aa79-6176b84e3ab6/datanode-2/data-0/containers/hdds of storage type : DISK and capacity : 9223372036854775807
2020-08-28 21:34:47,957 [Listener at 127.0.0.1/44483] INFO  volume.MutableVolumeSet (MutableVolumeSet.java:initializeVolumeSet(179)) - Added Volume : /github/workspace/mnt/ozone/hadoop-ozone/integration-test/target/test-dir/MiniOzoneClusterImpl-193645e7-eb61-4b59-aa79-6176b84e3ab6/datanode-2/data-0/containers/hdds to VolumeSet
2020-08-28 21:34:47,957 [Listener at 127.0.0.1/44483] INFO  volume.ThrottledAsyncChecker (ThrottledAsyncChecker.java:schedule(141)) - Scheduling a check for /github/workspace/mnt/ozone/hadoop-ozone/integration-test/target/test-dir/MiniOzoneClusterImpl-193645e7-eb61-4b59-aa79-6176b84e3ab6/datanode-2/data-0/containers/hdds
2020-08-28 21:34:47,957 [Listener at 127.0.0.1/44483] INFO  volume.HddsVolumeChecker (HddsVolumeChecker.java:checkAllVolumes(200)) - Scheduled health check for volume /github/workspace/mnt/ozone/hadoop-ozone/integration-test/target/test-dir/MiniOzoneClusterImpl-193645e7-eb61-4b59-aa79-6176b84e3ab6/datanode-2/data-0/containers/hdds
2020-08-28 21:34:47,995 [org.apache.hadoop.util.JvmPauseMonitor$Monitor@2507a5f6] INFO  util.JvmPauseMonitor (JvmPauseMonitor.java:run(188)) - Starting JVM pause monitor
2020-08-28 21:34:48,003 [Thread-150] INFO  ozoneimpl.ContainerReader (ContainerReader.java:readVolume(123)) - Start to verify containers on volume /github/workspace/mnt/ozone/hadoop-ozone/integration-test/target/test-dir/MiniOzoneClusterImpl-193645e7-eb61-4b59-aa79-6176b84e3ab6/datanode-2/data-0/containers/hdds
2020-08-28 21:34:48,004 [Thread-150] INFO  ozoneimpl.ContainerReader (ContainerReader.java:readVolume(148)) - Finish verifying containers on volume /github/workspace/mnt/ozone/hadoop-ozone/integration-test/target/test-dir/MiniOzoneClusterImpl-193645e7-eb61-4b59-aa79-6176b84e3ab6/datanode-2/data-0/containers/hdds
2020-08-28 21:34:48,004 [Listener at 127.0.0.1/44483] INFO  ozoneimpl.OzoneContainer (OzoneContainer.java:buildContainerSet(196)) - Build ContainerSet costs 0s
2020-08-28 21:34:48,007 [Listener at 127.0.0.1/44483] INFO  impl.RaftServerProxy (ConfUtils.java:logGet(44)) - raft.rpc.type = GRPC (default)
2020-08-28 21:34:48,007 [Listener at 127.0.0.1/44483] INFO  grpc.GrpcFactory (GrpcFactory.java:checkPooledByteBufAllocatorUseCacheForAllThreads(45)) - PERFORMANCE WARNING: useCacheForAllThreads is true that may cause Netty to create a lot garbage objects and, as a result, trigger GC.
	It is recommended to disable useCacheForAllThreads by setting -Dorg.apache.ratis.thirdparty.io.netty.allocator.useCacheForAllThreads=false in command line.
2020-08-28 21:34:48,008 [Listener at 127.0.0.1/44483] INFO  grpc.GrpcConfigKeys (ConfUtils.java:logGet(44)) - raft.grpc.server.port = 0 (default)
2020-08-28 21:34:48,008 [Listener at 127.0.0.1/44483] INFO  server.GrpcService (ConfUtils.java:logGet(44)) - raft.grpc.message.size.max = 32MB (=33554432) (custom)
2020-08-28 21:34:48,008 [Listener at 127.0.0.1/44483] INFO  server.RaftServerConfigKeys (ConfUtils.java:logGet(44)) - raft.server.log.appender.buffer.byte-limit = 33554432 (custom)
2020-08-28 21:34:48,009 [Listener at 127.0.0.1/44483] INFO  server.GrpcService (ConfUtils.java:logGet(44)) - raft.grpc.flow.control.window = 5MB (=5242880) (custom)
2020-08-28 21:34:48,009 [Listener at 127.0.0.1/44483] INFO  server.RaftServerConfigKeys (ConfUtils.java:logGet(44)) - raft.server.rpc.request.timeout = 3000ms (default)
2020-08-28 21:34:48,011 [Listener at 127.0.0.1/44483] INFO  server.RaftServerConfigKeys (ConfUtils.java:logGet(44)) - raft.server.storage.dir = [/github/workspace/mnt/ozone/hadoop-ozone/integration-test/target/test-dir/MiniOzoneClusterImpl-193645e7-eb61-4b59-aa79-6176b84e3ab6/datanode-2/data/ratis] (custom)
2020-08-28 21:34:48,020 [Datanode State Machine Task Thread - 0] INFO  datanode.InitDatanodeState (InitDatanodeState.java:persistContainerDatanodeDetails(145)) - DatanodeDetails is persisted to /github/workspace/mnt/ozone/hadoop-ozone/integration-test/target/test-dir/MiniOzoneClusterImpl-193645e7-eb61-4b59-aa79-6176b84e3ab6/datanode-1/meta/datanode.id
2020-08-28 21:34:48,024 [Listener at 127.0.0.1/44483] INFO  http.BaseHttpServer (BaseHttpServer.java:newHttpServer2BuilderForOzone(207)) - Starting Web-server for hddsDatanode at: http://0.0.0.0:0
2020-08-28 21:34:48,024 [Listener at 127.0.0.1/44483] INFO  http.BaseHttpServer (BaseHttpServer.java:<init>(106)) - Hadoop Security Enabled: false Ozone Security Enabled: false Ozone HTTP Security Enabled: false 
2020-08-28 21:34:48,026 [Listener at 127.0.0.1/44483] INFO  server.AuthenticationFilter (AuthenticationFilter.java:constructSecretProvider(240)) - Unable to initialize FileSignerSecretProvider, falling back to use random secrets.
2020-08-28 21:34:48,027 [Listener at 127.0.0.1/44483] WARN  http.HttpRequestLog (HttpRequestLog.java:getRequestLog(103)) - Jetty request log can only be enabled using Log4j
2020-08-28 21:34:48,028 [Listener at 127.0.0.1/44483] INFO  http.HttpServer2 (HttpServer2.java:addGlobalFilter(1019)) - Added global filter 'safety' (class=org.apache.hadoop.hdds.server.http.HttpServer2$QuotingInputFilter)
2020-08-28 21:34:48,029 [Listener at 127.0.0.1/44483] INFO  http.HttpServer2 (HttpServer2.java:addFilter(995)) - Added filter static_user_filter (class=org.apache.hadoop.http.lib.StaticUserWebFilter$StaticUserFilter) to context hddsDatanode
2020-08-28 21:34:48,029 [Listener at 127.0.0.1/44483] INFO  http.HttpServer2 (HttpServer2.java:addFilter(1003)) - Added filter static_user_filter (class=org.apache.hadoop.http.lib.StaticUserWebFilter$StaticUserFilter) to context logs
2020-08-28 21:34:48,029 [Listener at 127.0.0.1/44483] INFO  http.HttpServer2 (HttpServer2.java:addFilter(1003)) - Added filter static_user_filter (class=org.apache.hadoop.http.lib.StaticUserWebFilter$StaticUserFilter) to context static
2020-08-28 21:34:48,030 [Listener at 127.0.0.1/44483] INFO  http.HttpServer2 (HttpServer2.java:bindListener(1237)) - Jetty bound to port 34365
2020-08-28 21:34:48,031 [Listener at 127.0.0.1/44483] INFO  server.Server (Server.java:doStart(359)) - jetty-9.4.26.v20200117; built: 2020-01-17T12:35:33.676Z; git: 7b38981d25d14afb4a12ff1f2596756144edf695; jvm 1.8.0_232-b09
2020-08-28 21:34:48,033 [Listener at 127.0.0.1/44483] INFO  server.session (DefaultSessionIdManager.java:doStart(333)) - DefaultSessionIdManager workerName=node0
2020-08-28 21:34:48,033 [Listener at 127.0.0.1/44483] INFO  server.session (DefaultSessionIdManager.java:doStart(338)) - No SessionScavenger set, using defaults
2020-08-28 21:34:48,034 [Listener at 127.0.0.1/44483] INFO  server.session (HouseKeeper.java:startScavenging(140)) - node0 Scavenging every 600000ms
2020-08-28 21:34:48,035 [Listener at 127.0.0.1/44483] INFO  handler.ContextHandler (ContextHandler.java:doStart(825)) - Started o.e.j.s.ServletContextHandler@2b3ac26d{logs,/logs,file:///github/workspace/mnt/ozone/hadoop-ozone/integration-test/target/log,AVAILABLE}
2020-08-28 21:34:48,036 [Listener at 127.0.0.1/44483] INFO  handler.ContextHandler (ContextHandler.java:doStart(825)) - Started o.e.j.s.ServletContextHandler@1b3a1e42{static,/static,jar:file:/home/user/.m2/repository/org/apache/hadoop/hadoop-hdds-container-service/1.1.0-SNAPSHOT/hadoop-hdds-container-service-1.1.0-SNAPSHOT.jar!/webapps/static,AVAILABLE}
2020-08-28 21:34:48,165 [Listener at 127.0.0.1/44483] INFO  handler.ContextHandler (ContextHandler.java:doStart(825)) - Started o.e.j.w.WebAppContext@446dc997{hddsDatanode,/,file:///tmp/jetty-0_0_0_0-34365-hadoop-hdds-container-service-1_1_0-SNAPSHOT_jar-_-any-2927481236716126581.dir/webapp/,AVAILABLE}{jar:file:/home/user/.m2/repository/org/apache/hadoop/hadoop-hdds-container-service/1.1.0-SNAPSHOT/hadoop-hdds-container-service-1.1.0-SNAPSHOT.jar!/webapps/hddsDatanode}
2020-08-28 21:34:48,168 [Listener at 127.0.0.1/44483] INFO  server.AbstractConnector (AbstractConnector.java:doStart(330)) - Started ServerConnector@37f687c1{HTTP/1.1,[http/1.1]}{0.0.0.0:34365}
2020-08-28 21:34:48,168 [Listener at 127.0.0.1/44483] INFO  server.Server (Server.java:doStart(399)) - Started @5813ms
2020-08-28 21:34:48,169 [Listener at 127.0.0.1/44483] WARN  impl.MetricsSystemImpl (MetricsSystemImpl.java:register(276)) - Sink prometheus already exists!
2020-08-28 21:34:48,173 [Listener at 127.0.0.1/44483] INFO  http.BaseHttpServer (BaseHttpServer.java:updateConnectorAddress(327)) - HTTP server of hddsDatanode listening at http://0.0.0.0:34365
2020-08-28 21:34:48,175 [Listener at 127.0.0.1/44483] INFO  ozone.MiniOzoneClusterImpl (MiniOzoneClusterImpl.java:lambda$waitForClusterToBeReady$0(177)) - Waiting for nodes to be ready. Got 0 of 3 DN Heartbeats.
2020-08-28 21:34:48,175 [Listener at 127.0.0.1/44483] INFO  ozone.MiniOzoneClusterImpl (MiniOzoneClusterImpl.java:lambda$waitForClusterToBeReady$0(180)) - Waiting for cluster to exit safe mode
2020-08-28 21:34:48,191 [org.apache.hadoop.util.JvmPauseMonitor$Monitor@1e81cc94] INFO  util.JvmPauseMonitor (JvmPauseMonitor.java:run(188)) - Starting JVM pause monitor
2020-08-28 21:34:48,194 [Datanode State Machine Task Thread - 0] INFO  datanode.InitDatanodeState (InitDatanodeState.java:persistContainerDatanodeDetails(145)) - DatanodeDetails is persisted to /github/workspace/mnt/ozone/hadoop-ozone/integration-test/target/test-dir/MiniOzoneClusterImpl-193645e7-eb61-4b59-aa79-6176b84e3ab6/datanode-2/meta/datanode.id
2020-08-28 21:34:49,176 [Listener at 127.0.0.1/44483] INFO  ozone.MiniOzoneClusterImpl (MiniOzoneClusterImpl.java:lambda$waitForClusterToBeReady$0(177)) - Waiting for nodes to be ready. Got 0 of 3 DN Heartbeats.
2020-08-28 21:34:49,176 [Listener at 127.0.0.1/44483] INFO  ozone.MiniOzoneClusterImpl (MiniOzoneClusterImpl.java:lambda$waitForClusterToBeReady$0(180)) - Waiting for cluster to exit safe mode
2020-08-28 21:34:49,711 [Datanode State Machine Task Thread - 1] INFO  ozoneimpl.OzoneContainer (OzoneContainer.java:start(245)) - Attempting to start container services.
2020-08-28 21:34:49,712 [Datanode State Machine Task Thread - 1] INFO  ozoneimpl.OzoneContainer (OzoneContainer.java:startContainerScrub(209)) - Background container scanner has been disabled.
2020-08-28 21:34:49,712 [Datanode State Machine Task Thread - 1] INFO  ratis.XceiverServerRatis (XceiverServerRatis.java:start(440)) - Starting XceiverServerRatis 5a088c0d-81d8-4f04-8dbf-5f66da507bbe at port 0
2020-08-28 21:34:49,721 [Datanode State Machine Task Thread - 1] INFO  impl.RaftServerProxy (RaftServerProxy.java:lambda$start$3(304)) - 5a088c0d-81d8-4f04-8dbf-5f66da507bbe: start RPC server
2020-08-28 21:34:49,779 [Datanode State Machine Task Thread - 1] INFO  server.GrpcService (GrpcService.java:startImpl(160)) - 5a088c0d-81d8-4f04-8dbf-5f66da507bbe: GrpcService started, listening on 0.0.0.0/0.0.0.0:42633
2020-08-28 21:34:49,780 [Datanode State Machine Task Thread - 1] INFO  ratis.XceiverServerRatis (XceiverServerRatis.java:start(452)) - XceiverServerRatis 5a088c0d-81d8-4f04-8dbf-5f66da507bbe is started using port 42633
2020-08-28 21:34:49,784 [Datanode State Machine Task Thread - 1] INFO  server.XceiverServerGrpc (XceiverServerGrpc.java:start(145)) - XceiverServerGrpc 5a088c0d-81d8-4f04-8dbf-5f66da507bbe is started using port 41515
2020-08-28 21:34:50,000 [Datanode State Machine Task Thread - 1] INFO  ozoneimpl.OzoneContainer (OzoneContainer.java:start(245)) - Attempting to start container services.
2020-08-28 21:34:50,003 [Datanode State Machine Task Thread - 1] INFO  ozoneimpl.OzoneContainer (OzoneContainer.java:startContainerScrub(209)) - Background container scanner has been disabled.
2020-08-28 21:34:50,003 [Datanode State Machine Task Thread - 1] INFO  ratis.XceiverServerRatis (XceiverServerRatis.java:start(440)) - Starting XceiverServerRatis a375023d-7f8e-49f3-9ad3-0728392d486a at port 0
2020-08-28 21:34:50,005 [Datanode State Machine Task Thread - 1] INFO  impl.RaftServerProxy (RaftServerProxy.java:lambda$start$3(304)) - a375023d-7f8e-49f3-9ad3-0728392d486a: start RPC server
2020-08-28 21:34:50,017 [Datanode State Machine Task Thread - 1] INFO  server.GrpcService (GrpcService.java:startImpl(160)) - a375023d-7f8e-49f3-9ad3-0728392d486a: GrpcService started, listening on 0.0.0.0/0.0.0.0:38435
2020-08-28 21:34:50,018 [Datanode State Machine Task Thread - 1] INFO  ratis.XceiverServerRatis (XceiverServerRatis.java:start(452)) - XceiverServerRatis a375023d-7f8e-49f3-9ad3-0728392d486a is started using port 38435
2020-08-28 21:34:50,020 [Datanode State Machine Task Thread - 1] INFO  server.XceiverServerGrpc (XceiverServerGrpc.java:start(145)) - XceiverServerGrpc a375023d-7f8e-49f3-9ad3-0728392d486a is started using port 34381
2020-08-28 21:34:50,176 [Listener at 127.0.0.1/44483] INFO  ozone.MiniOzoneClusterImpl (MiniOzoneClusterImpl.java:lambda$waitForClusterToBeReady$0(177)) - Waiting for nodes to be ready. Got 0 of 3 DN Heartbeats.
2020-08-28 21:34:50,176 [Listener at 127.0.0.1/44483] INFO  ozone.MiniOzoneClusterImpl (MiniOzoneClusterImpl.java:lambda$waitForClusterToBeReady$0(180)) - Waiting for cluster to exit safe mode
2020-08-28 21:34:50,187 [Datanode State Machine Task Thread - 1] INFO  ozoneimpl.OzoneContainer (OzoneContainer.java:start(245)) - Attempting to start container services.
2020-08-28 21:34:50,187 [Datanode State Machine Task Thread - 1] INFO  ozoneimpl.OzoneContainer (OzoneContainer.java:startContainerScrub(209)) - Background container scanner has been disabled.
2020-08-28 21:34:50,187 [Datanode State Machine Task Thread - 1] INFO  ratis.XceiverServerRatis (XceiverServerRatis.java:start(440)) - Starting XceiverServerRatis d3f82553-6c6d-415b-80cc-3853fb4af59e at port 0
2020-08-28 21:34:50,189 [Datanode State Machine Task Thread - 1] INFO  impl.RaftServerProxy (RaftServerProxy.java:lambda$start$3(304)) - d3f82553-6c6d-415b-80cc-3853fb4af59e: start RPC server
2020-08-28 21:34:50,197 [Datanode State Machine Task Thread - 1] INFO  server.GrpcService (GrpcService.java:startImpl(160)) - d3f82553-6c6d-415b-80cc-3853fb4af59e: GrpcService started, listening on 0.0.0.0/0.0.0.0:32865
2020-08-28 21:34:50,197 [Datanode State Machine Task Thread - 1] INFO  ratis.XceiverServerRatis (XceiverServerRatis.java:start(452)) - XceiverServerRatis d3f82553-6c6d-415b-80cc-3853fb4af59e is started using port 32865
2020-08-28 21:34:50,199 [Datanode State Machine Task Thread - 1] INFO  server.XceiverServerGrpc (XceiverServerGrpc.java:start(145)) - XceiverServerGrpc d3f82553-6c6d-415b-80cc-3853fb4af59e is started using port 41729
2020-08-28 21:34:51,176 [Listener at 127.0.0.1/44483] INFO  ozone.MiniOzoneClusterImpl (MiniOzoneClusterImpl.java:lambda$waitForClusterToBeReady$0(177)) - Waiting for nodes to be ready. Got 0 of 3 DN Heartbeats.
2020-08-28 21:34:51,177 [Listener at 127.0.0.1/44483] INFO  ozone.MiniOzoneClusterImpl (MiniOzoneClusterImpl.java:lambda$waitForClusterToBeReady$0(180)) - Waiting for cluster to exit safe mode
2020-08-28 21:34:51,678 [IPC Server handler 0 on default port 38657] INFO  net.NetworkTopology (NetworkTopologyImpl.java:add(111)) - Added a new node: /default-rack/5a088c0d-81d8-4f04-8dbf-5f66da507bbe
2020-08-28 21:34:51,680 [IPC Server handler 0 on default port 38657] INFO  node.SCMNodeManager (SCMNodeManager.java:register(274)) - Registered Data node : 5a088c0d-81d8-4f04-8dbf-5f66da507bbe{ip: 172.17.0.2, host: 8b499f13bb7e, networkLocation: /default-rack, certSerialId: null}
2020-08-28 21:34:51,684 [EventQueue-NodeRegistrationContainerReportForContainerSafeModeRule] INFO  safemode.SCMSafeModeManager (SCMSafeModeManager.java:validateSafeModeExitRules(214)) - ContainerSafeModeRule rule is successfully validated
2020-08-28 21:34:51,685 [EventQueue-NodeRegistrationContainerReportForDataNodeSafeModeRule] INFO  safemode.SCMSafeModeManager (DataNodeSafeModeRule.java:process(71)) - SCM in safe mode. 1 DataNodes registered, 1 required.
2020-08-28 21:34:51,686 [EventQueue-NodeRegistrationContainerReportForDataNodeSafeModeRule] INFO  safemode.SCMSafeModeManager (SCMSafeModeManager.java:validateSafeModeExitRules(214)) - DataNodeSafeModeRule rule is successfully validated
2020-08-28 21:34:51,686 [EventQueue-NodeRegistrationContainerReportForDataNodeSafeModeRule] INFO  safemode.SCMSafeModeManager (SCMSafeModeManager.java:completePreCheck(242)) - All SCM safe mode pre check rules have passed
2020-08-28 21:34:51,697 [RatisPipelineUtilsThread] INFO  pipeline.RatisPipelineProvider (RatisPipelineProvider.java:lambda$create$0(138)) - Sending CreatePipelineCommand for pipeline:PipelineID=eda010c2-04bc-4e8b-b42e-379c33525efb to datanode:5a088c0d-81d8-4f04-8dbf-5f66da507bbe
2020-08-28 21:34:51,710 [RatisPipelineUtilsThread] INFO  pipeline.PipelineStateManager (PipelineStateManager.java:addPipeline(54)) - Created pipeline Pipeline[ Id: eda010c2-04bc-4e8b-b42e-379c33525efb, Nodes: 5a088c0d-81d8-4f04-8dbf-5f66da507bbe{ip: 172.17.0.2, host: 8b499f13bb7e, networkLocation: /default-rack, certSerialId: null}, Type:RATIS, Factor:ONE, State:ALLOCATED, leaderId:, CreationTimestamp2020-08-28T21:34:51.691Z]
2020-08-28 21:34:51,713 [RatisPipelineUtilsThread] WARN  pipeline.PipelinePlacementPolicy (PipelinePlacementPolicy.java:filterViableNodes(139)) - Pipeline creation failed due to no sufficient healthy datanodes. Required 3. Found 1.
2020-08-28 21:34:51,997 [IPC Server handler 2 on default port 38657] INFO  net.NetworkTopology (NetworkTopologyImpl.java:add(111)) - Added a new node: /default-rack/a375023d-7f8e-49f3-9ad3-0728392d486a
2020-08-28 21:34:51,998 [IPC Server handler 2 on default port 38657] INFO  node.SCMNodeManager (SCMNodeManager.java:register(274)) - Registered Data node : a375023d-7f8e-49f3-9ad3-0728392d486a{ip: 172.17.0.2, host: 8b499f13bb7e, networkLocation: /default-rack, certSerialId: null}
2020-08-28 21:34:51,998 [EventQueue-NodeRegistrationContainerReportForContainerSafeModeRule] INFO  safemode.SCMSafeModeManager (SCMSafeModeManager.java:validateSafeModeExitRules(214)) - ContainerSafeModeRule rule is successfully validated
2020-08-28 21:34:51,998 [EventQueue-NodeRegistrationContainerReportForDataNodeSafeModeRule] INFO  safemode.SCMSafeModeManager (SCMSafeModeManager.java:validateSafeModeExitRules(214)) - DataNodeSafeModeRule rule is successfully validated
2020-08-28 21:34:52,000 [RatisPipelineUtilsThread] INFO  pipeline.RatisPipelineProvider (RatisPipelineProvider.java:lambda$create$0(138)) - Sending CreatePipelineCommand for pipeline:PipelineID=fe7e61bd-78aa-4c96-8311-a76080af82d2 to datanode:a375023d-7f8e-49f3-9ad3-0728392d486a
2020-08-28 21:34:52,001 [RatisPipelineUtilsThread] INFO  pipeline.PipelineStateManager (PipelineStateManager.java:addPipeline(54)) - Created pipeline Pipeline[ Id: fe7e61bd-78aa-4c96-8311-a76080af82d2, Nodes: a375023d-7f8e-49f3-9ad3-0728392d486a{ip: 172.17.0.2, host: 8b499f13bb7e, networkLocation: /default-rack, certSerialId: null}, Type:RATIS, Factor:ONE, State:ALLOCATED, leaderId:, CreationTimestamp2020-08-28T21:34:52Z]
2020-08-28 21:34:52,001 [RatisPipelineUtilsThread] WARN  pipeline.PipelinePlacementPolicy (PipelinePlacementPolicy.java:filterViableNodes(139)) - Pipeline creation failed due to no sufficient healthy datanodes. Required 3. Found 2.
2020-08-28 21:34:52,177 [Listener at 127.0.0.1/44483] INFO  ozone.MiniOzoneClusterImpl (MiniOzoneClusterImpl.java:lambda$waitForClusterToBeReady$0(177)) - Waiting for nodes to be ready. Got 2 of 3 DN Heartbeats.
2020-08-28 21:34:52,177 [Listener at 127.0.0.1/44483] INFO  ozone.MiniOzoneClusterImpl (MiniOzoneClusterImpl.java:lambda$waitForClusterToBeReady$0(180)) - Waiting for cluster to exit safe mode
2020-08-28 21:34:52,186 [IPC Server handler 3 on default port 38657] INFO  net.NetworkTopology (NetworkTopologyImpl.java:add(111)) - Added a new node: /default-rack/d3f82553-6c6d-415b-80cc-3853fb4af59e
2020-08-28 21:34:52,186 [IPC Server handler 3 on default port 38657] INFO  node.SCMNodeManager (SCMNodeManager.java:register(274)) - Registered Data node : d3f82553-6c6d-415b-80cc-3853fb4af59e{ip: 172.17.0.2, host: 8b499f13bb7e, networkLocation: /default-rack, certSerialId: null}
2020-08-28 21:34:52,187 [EventQueue-NodeRegistrationContainerReportForContainerSafeModeRule] INFO  safemode.SCMSafeModeManager (SCMSafeModeManager.java:validateSafeModeExitRules(214)) - ContainerSafeModeRule rule is successfully validated
2020-08-28 21:34:52,187 [EventQueue-NodeRegistrationContainerReportForDataNodeSafeModeRule] INFO  safemode.SCMSafeModeManager (SCMSafeModeManager.java:validateSafeModeExitRules(214)) - DataNodeSafeModeRule rule is successfully validated
2020-08-28 21:34:52,187 [RatisPipelineUtilsThread] INFO  pipeline.RatisPipelineProvider (RatisPipelineProvider.java:lambda$create$0(138)) - Sending CreatePipelineCommand for pipeline:PipelineID=240822a4-4e78-46bc-94da-6e397d611fe7 to datanode:d3f82553-6c6d-415b-80cc-3853fb4af59e
2020-08-28 21:34:52,188 [RatisPipelineUtilsThread] INFO  pipeline.PipelineStateManager (PipelineStateManager.java:addPipeline(54)) - Created pipeline Pipeline[ Id: 240822a4-4e78-46bc-94da-6e397d611fe7, Nodes: d3f82553-6c6d-415b-80cc-3853fb4af59e{ip: 172.17.0.2, host: 8b499f13bb7e, networkLocation: /default-rack, certSerialId: null}, Type:RATIS, Factor:ONE, State:ALLOCATED, leaderId:, CreationTimestamp2020-08-28T21:34:52.187Z]
2020-08-28 21:34:52,191 [RatisPipelineUtilsThread] INFO  pipeline.RatisPipelineProvider (RatisPipelineProvider.java:lambda$create$0(138)) - Sending CreatePipelineCommand for pipeline:PipelineID=e06168ef-f546-452e-933f-91fbc9b4ef62 to datanode:d3f82553-6c6d-415b-80cc-3853fb4af59e
2020-08-28 21:34:52,191 [RatisPipelineUtilsThread] INFO  pipeline.RatisPipelineProvider (RatisPipelineProvider.java:lambda$create$0(138)) - Sending CreatePipelineCommand for pipeline:PipelineID=e06168ef-f546-452e-933f-91fbc9b4ef62 to datanode:a375023d-7f8e-49f3-9ad3-0728392d486a
2020-08-28 21:34:52,192 [RatisPipelineUtilsThread] INFO  pipeline.RatisPipelineProvider (RatisPipelineProvider.java:lambda$create$0(138)) - Sending CreatePipelineCommand for pipeline:PipelineID=e06168ef-f546-452e-933f-91fbc9b4ef62 to datanode:5a088c0d-81d8-4f04-8dbf-5f66da507bbe
2020-08-28 21:34:52,192 [RatisPipelineUtilsThread] INFO  pipeline.PipelineStateManager (PipelineStateManager.java:addPipeline(54)) - Created pipeline Pipeline[ Id: e06168ef-f546-452e-933f-91fbc9b4ef62, Nodes: d3f82553-6c6d-415b-80cc-3853fb4af59e{ip: 172.17.0.2, host: 8b499f13bb7e, networkLocation: /default-rack, certSerialId: null}a375023d-7f8e-49f3-9ad3-0728392d486a{ip: 172.17.0.2, host: 8b499f13bb7e, networkLocation: /default-rack, certSerialId: null}5a088c0d-81d8-4f04-8dbf-5f66da507bbe{ip: 172.17.0.2, host: 8b499f13bb7e, networkLocation: /default-rack, certSerialId: null}, Type:RATIS, Factor:THREE, State:ALLOCATED, leaderId:, CreationTimestamp2020-08-28T21:34:52.191Z]
2020-08-28 21:34:53,177 [Listener at 127.0.0.1/44483] INFO  ozone.MiniOzoneClusterImpl (MiniOzoneClusterImpl.java:lambda$waitForClusterToBeReady$0(177)) - Nodes are ready. Got 3 of 3 DN Heartbeats.
2020-08-28 21:34:53,178 [Listener at 127.0.0.1/44483] INFO  ozone.MiniOzoneClusterImpl (MiniOzoneClusterImpl.java:lambda$waitForClusterToBeReady$0(180)) - Waiting for cluster to exit safe mode
2020-08-28 21:34:54,178 [Listener at 127.0.0.1/44483] INFO  ozone.MiniOzoneClusterImpl (MiniOzoneClusterImpl.java:lambda$waitForClusterToBeReady$0(177)) - Nodes are ready. Got 3 of 3 DN Heartbeats.
2020-08-28 21:34:54,178 [Listener at 127.0.0.1/44483] INFO  ozone.MiniOzoneClusterImpl (MiniOzoneClusterImpl.java:lambda$waitForClusterToBeReady$0(180)) - Waiting for cluster to exit safe mode
2020-08-28 21:34:54,668 [Command processor thread] INFO  impl.RaftServerProxy (RaftServerProxy.java:addNew(89)) - 5a088c0d-81d8-4f04-8dbf-5f66da507bbe: addNew group-379C33525EFB:[5a088c0d-81d8-4f04-8dbf-5f66da507bbe:172.17.0.2:42633] returns group-379C33525EFB:java.util.concurrent.CompletableFuture@4c2c5a31[Not completed]
2020-08-28 21:34:54,688 [pool-33-thread-1] INFO  impl.RaftServerImpl (RaftServerImpl.java:<init>(107)) - 5a088c0d-81d8-4f04-8dbf-5f66da507bbe: new RaftServerImpl for group-379C33525EFB:[5a088c0d-81d8-4f04-8dbf-5f66da507bbe:172.17.0.2:42633] with ContainerStateMachine:uninitialized
2020-08-28 21:34:54,690 [pool-33-thread-1] INFO  server.RaftServerConfigKeys (ConfUtils.java:logGet(44)) - raft.server.rpc.timeout.min = 5s (custom)
2020-08-28 21:34:54,691 [pool-33-thread-1] INFO  server.RaftServerConfigKeys (ConfUtils.java:logGet(44)) - raft.server.rpc.timeout.max = 5200ms (custom)
2020-08-28 21:34:54,691 [pool-33-thread-1] INFO  server.RaftServerConfigKeys (ConfUtils.java:logGet(44)) - raft.server.rpcslowness.timeout = 1000000ms (custom)
2020-08-28 21:34:54,691 [pool-33-thread-1] INFO  server.RaftServerConfigKeys (ConfUtils.java:logGet(44)) - raft.server.sleep.deviation.threshold = 300 (default)
2020-08-28 21:34:54,693 [pool-33-thread-1] INFO  server.RaftServerConfigKeys (ConfUtils.java:logGet(44)) - raft.server.log.appender.install.snapshot.enabled = false (custom)
2020-08-28 21:34:54,699 [pool-33-thread-1] INFO  impl.RaftServerImpl (ServerState.java:<init>(103)) - 5a088c0d-81d8-4f04-8dbf-5f66da507bbe@group-379C33525EFB: ConfigurationManager, init=-1: [5a088c0d-81d8-4f04-8dbf-5f66da507bbe:172.17.0.2:42633], old=null, confs=<EMPTY_MAP>
2020-08-28 21:34:54,699 [pool-33-thread-1] INFO  server.RaftServerConfigKeys (ConfUtils.java:logGet(44)) - raft.server.storage.dir = [/github/workspace/mnt/ozone/hadoop-ozone/integration-test/target/test-dir/MiniOzoneClusterImpl-193645e7-eb61-4b59-aa79-6176b84e3ab6/datanode-0/data/ratis] (custom)
2020-08-28 21:34:54,704 [pool-33-thread-1] INFO  server.RaftServerConfigKeys (ConfUtils.java:logGet(44)) - raft.server.log.corruption.policy = EXCEPTION (default)
2020-08-28 21:34:54,705 [pool-33-thread-1] INFO  storage.RaftStorageDirectory (RaftStorageDirectory.java:analyzeStorage(261)) - The storage directory /github/workspace/mnt/ozone/hadoop-ozone/integration-test/target/test-dir/MiniOzoneClusterImpl-193645e7-eb61-4b59-aa79-6176b84e3ab6/datanode-0/data/ratis/eda010c2-04bc-4e8b-b42e-379c33525efb does not exist. Creating ...
2020-08-28 21:34:54,710 [pool-33-thread-1] INFO  storage.RaftStorageDirectory (RaftStorageDirectory.java:tryLock(343)) - Lock on /github/workspace/mnt/ozone/hadoop-ozone/integration-test/target/test-dir/MiniOzoneClusterImpl-193645e7-eb61-4b59-aa79-6176b84e3ab6/datanode-0/data/ratis/eda010c2-04bc-4e8b-b42e-379c33525efb/in_use.lock acquired by nodename 30605@8b499f13bb7e
2020-08-28 21:34:54,713 [pool-33-thread-1] INFO  storage.RaftStorage (RaftStorage.java:format(84)) - Storage directory /github/workspace/mnt/ozone/hadoop-ozone/integration-test/target/test-dir/MiniOzoneClusterImpl-193645e7-eb61-4b59-aa79-6176b84e3ab6/datanode-0/data/ratis/eda010c2-04bc-4e8b-b42e-379c33525efb has been successfully formatted.
2020-08-28 21:34:54,717 [Datanode State Machine Thread - 0] WARN  statemachine.DatanodeStateMachine (DatanodeStateMachine.java:start(245)) - Interrupt the execution.
java.lang.InterruptedException: sleep interrupted
	at java.lang.Thread.sleep(Native Method)
	at org.apache.hadoop.ozone.container.common.statemachine.DatanodeStateMachine.start(DatanodeStateMachine.java:243)
	at org.apache.hadoop.ozone.container.common.statemachine.DatanodeStateMachine.lambda$startDaemon$0(DatanodeStateMachine.java:405)
	at java.lang.Thread.run(Thread.java:748)
2020-08-28 21:34:54,719 [pool-33-thread-1] INFO  ratis.ContainerStateMachine (ContainerStateMachine.java:loadSnapshot(225)) - group-379C33525EFB: The snapshot info is null. Setting the last applied indexto:(t:0, i:~)
2020-08-28 21:34:54,721 [EventQueue-PipelineReportForPipelineReportHandler] INFO  pipeline.PipelineStateManager (PipelineStateManager.java:openPipeline(131)) - Pipeline Pipeline[ Id: eda010c2-04bc-4e8b-b42e-379c33525efb, Nodes: 5a088c0d-81d8-4f04-8dbf-5f66da507bbe{ip: 172.17.0.2, host: 8b499f13bb7e, networkLocation: /default-rack, certSerialId: null}, Type:RATIS, Factor:ONE, State:ALLOCATED, leaderId:5a088c0d-81d8-4f04-8dbf-5f66da507bbe, CreationTimestamp2020-08-28T21:34:51.691Z] moved to OPEN state
2020-08-28 21:34:54,722 [pool-33-thread-1] INFO  server.RaftServerConfigKeys (ConfUtils.java:logGet(44)) - raft.server.notification.no-leader.timeout = 1000000ms (custom)
2020-08-28 21:34:54,724 [EventQueue-OpenPipelineForOneReplicaPipelineSafeModeRule] INFO  safemode.SCMSafeModeManager (SCMSafeModeManager.java:validateSafeModeExitRules(214)) - AtleastOneDatanodeReportedRule rule is successfully validated
2020-08-28 21:34:54,728 [pool-33-thread-1] INFO  server.RaftServerConfigKeys (ConfUtils.java:logGet(44)) - raft.server.log.use.memory = false (default)
2020-08-28 21:34:54,733 [pool-33-thread-1] INFO  server.RaftServerConfigKeys (ConfUtils.java:logGet(44)) - raft.server.log.purge.gap = 1000000 (custom)
2020-08-28 21:34:54,733 [EventQueue-OpenPipelineForHealthyPipelineSafeModeRule] INFO  safemode.SCMSafeModeManager (HealthyPipelineSafeModeRule.java:process(129)) - SCM in safe mode. Healthy pipelines reported count is 0, required healthy pipeline reported count is 1
2020-08-28 21:34:54,736 [pool-33-thread-1] INFO  metrics.RatisMetrics (RatisMetrics.java:lambda$create$0(36)) - Creating Metrics Registry : ratis.log_worker.5a088c0d-81d8-4f04-8dbf-5f66da507bbe@group-379C33525EFB
2020-08-28 21:34:54,744 [pool-33-thread-1] INFO  server.RaftServerConfigKeys (ConfUtils.java:logGet(44)) - raft.server.log.appender.buffer.byte-limit = 33554432 (custom)
2020-08-28 21:34:54,746 [pool-33-thread-1] INFO  server.RaftServerConfigKeys (ConfUtils.java:logGet(44)) - raft.server.log.segment.size.max = 1048576 (custom)
2020-08-28 21:34:54,754 [pool-33-thread-1] INFO  server.RaftServerConfigKeys (ConfUtils.java:logGet(44)) - raft.server.log.segment.cache.num.max = 2 (custom)
2020-08-28 21:34:54,759 [pool-33-thread-1] INFO  segmented.SegmentedRaftLogWorker (SegmentedRaftLogWorker.java:<init>(180)) - new 5a088c0d-81d8-4f04-8dbf-5f66da507bbe@group-379C33525EFB-SegmentedRaftLogWorker for RaftStorage:Storage Directory /github/workspace/mnt/ozone/hadoop-ozone/integration-test/target/test-dir/MiniOzoneClusterImpl-193645e7-eb61-4b59-aa79-6176b84e3ab6/datanode-0/data/ratis/eda010c2-04bc-4e8b-b42e-379c33525efb
2020-08-28 21:34:54,759 [pool-33-thread-1] INFO  server.RaftServerConfigKeys (ConfUtils.java:logGet(44)) - raft.server.log.queue.byte-limit = 2147483647 (custom)
2020-08-28 21:34:54,760 [pool-33-thread-1] INFO  server.RaftServerConfigKeys (ConfUtils.java:logGet(44)) - raft.server.log.queue.element-limit = 1024 (custom)
2020-08-28 21:34:54,761 [pool-33-thread-1] INFO  server.RaftServerConfigKeys (ConfUtils.java:logGet(44)) - raft.server.log.segment.size.max = 1048576 (custom)
2020-08-28 21:34:54,761 [pool-33-thread-1] INFO  server.RaftServerConfigKeys (ConfUtils.java:logGet(44)) - raft.server.log.preallocated.size = 16384 (custom)
2020-08-28 21:34:54,761 [pool-33-thread-1] INFO  server.RaftServerConfigKeys (ConfUtils.java:logGet(44)) - raft.server.log.write.buffer.size = 1048576 (custom)
2020-08-28 21:34:54,762 [pool-33-thread-1] INFO  server.RaftServerConfigKeys (ConfUtils.java:logGet(44)) - raft.server.log.force.sync.num = 128 (default)
2020-08-28 21:34:54,763 [pool-33-thread-1] INFO  server.RaftServerConfigKeys (ConfUtils.java:logGet(44)) - raft.server.log.statemachine.data.sync = true (default)
2020-08-28 21:34:54,763 [pool-33-thread-1] INFO  server.RaftServerConfigKeys (ConfUtils.java:logGet(44)) - raft.server.log.statemachine.data.sync.timeout = 10s (default)
2020-08-28 21:34:54,764 [pool-33-thread-1] INFO  server.RaftServerConfigKeys (ConfUtils.java:logGet(44)) - raft.server.log.statemachine.data.sync.timeout.retry = -1 (default)
2020-08-28 21:34:54,779 [pool-33-thread-1] INFO  server.RaftServerConfigKeys (ConfUtils.java:logGet(44)) - raft.server.log.statemachine.data.caching.enabled = true (custom)
2020-08-28 21:34:54,783 [pool-33-thread-1] INFO  segmented.SegmentedRaftLogWorker (SegmentedRaftLogWorker.java:lambda$new$0(129)) - 5a088c0d-81d8-4f04-8dbf-5f66da507bbe@group-379C33525EFB-SegmentedRaftLogWorker: flushIndex: setUnconditionally 0 -> -1
2020-08-28 21:34:54,783 [pool-33-thread-1] INFO  segmented.SegmentedRaftLogWorker (SegmentedRaftLogWorker.java:lambda$new$0(129)) - 5a088c0d-81d8-4f04-8dbf-5f66da507bbe@group-379C33525EFB-SegmentedRaftLogWorker: safeCacheEvictIndex: setUnconditionally 0 -> -1
2020-08-28 21:34:54,788 [pool-33-thread-1] INFO  server.RaftServerConfigKeys (ConfUtils.java:logGet(44)) - raft.server.snapshot.auto.trigger.enabled = true (custom)
2020-08-28 21:34:54,790 [pool-33-thread-1] INFO  server.RaftServerConfigKeys (ConfUtils.java:logGet(44)) - raft.server.snapshot.auto.trigger.threshold = 10000 (custom)
2020-08-28 21:34:54,790 [pool-33-thread-1] INFO  server.RaftServerConfigKeys (ConfUtils.java:logGet(44)) - raft.server.snapshot.retention.file.num = 5 (custom)
2020-08-28 21:34:54,791 [pool-33-thread-1] INFO  server.RaftServerConfigKeys (ConfUtils.java:logGet(44)) - raft.server.log.purge.upto.snapshot.index = false (default)
2020-08-28 21:34:54,791 [pool-33-thread-1] INFO  server.RaftServerConfigKeys (ConfUtils.java:logGet(44)) - raft.server.retrycache.expirytime = 600000ms (custom)
2020-08-28 21:34:54,826 [pool-33-thread-1] INFO  metrics.RatisMetrics (RatisMetrics.java:lambda$create$0(36)) - Creating Metrics Registry : ratis.leader_election.5a088c0d-81d8-4f04-8dbf-5f66da507bbe@group-379C33525EFB
2020-08-28 21:34:54,829 [pool-33-thread-1] INFO  metrics.RatisMetrics (RatisMetrics.java:lambda$create$0(36)) - Creating Metrics Registry : ratis.server.5a088c0d-81d8-4f04-8dbf-5f66da507bbe@group-379C33525EFB
2020-08-28 21:34:54,835 [pool-33-thread-1] INFO  impl.RaftServerImpl (RaftServerImpl.java:start(196)) - 5a088c0d-81d8-4f04-8dbf-5f66da507bbe@group-379C33525EFB: start as a follower, conf=-1: [5a088c0d-81d8-4f04-8dbf-5f66da507bbe:172.17.0.2:42633], old=null
2020-08-28 21:34:54,838 [pool-33-thread-1] INFO  impl.RaftServerImpl (RaftServerImpl.java:setRole(185)) - 5a088c0d-81d8-4f04-8dbf-5f66da507bbe@group-379C33525EFB: changes role from      null to FOLLOWER at term 0 for startAsFollower
2020-08-28 21:34:54,839 [pool-33-thread-1] INFO  impl.RoleInfo (RoleInfo.java:updateAndGet(143)) - 5a088c0d-81d8-4f04-8dbf-5f66da507bbe: start FollowerState
2020-08-28 21:34:54,841 [pool-33-thread-1] INFO  util.JmxRegister (JmxRegister.java:tryRegister(44)) - Successfully registered JMX Bean with object name Ratis:service=RaftServer,group=group-379C33525EFB,id=5a088c0d-81d8-4f04-8dbf-5f66da507bbe
2020-08-28 21:34:54,842 [pool-33-thread-1] INFO  metrics.RatisMetrics (RatisMetrics.java:lambda$create$0(36)) - Creating Metrics Registry : ratis.state_machine.5a088c0d-81d8-4f04-8dbf-5f66da507bbe@group-379C33525EFB
2020-08-28 21:34:54,861 [Command processor thread] INFO  commandhandler.CreatePipelineCommandHandler (CreatePipelineCommandHandler.java:handle(110)) - Created Pipeline RATIS ONE #id: "eda010c2-04bc-4e8b-b42e-379c33525efb"
uuid128 {
  mostSigBits: -1324039864957776245
  leastSigBits: -5463368153938370821
}
.
2020-08-28 21:34:54,861 [Command processor thread] INFO  impl.RaftServerProxy (RaftServerProxy.java:addNew(89)) - 5a088c0d-81d8-4f04-8dbf-5f66da507bbe: addNew group-91FBC9B4EF62:[d3f82553-6c6d-415b-80cc-3853fb4af59e:172.17.0.2:32865, a375023d-7f8e-49f3-9ad3-0728392d486a:172.17.0.2:38435, 5a088c0d-81d8-4f04-8dbf-5f66da507bbe:172.17.0.2:42633] returns group-91FBC9B4EF62:java.util.concurrent.CompletableFuture@7f4771cd[Not completed]
2020-08-28 21:34:54,868 [pool-33-thread-1] INFO  impl.RaftServerImpl (RaftServerImpl.java:<init>(107)) - 5a088c0d-81d8-4f04-8dbf-5f66da507bbe: new RaftServerImpl for group-91FBC9B4EF62:[d3f82553-6c6d-415b-80cc-3853fb4af59e:172.17.0.2:32865, a375023d-7f8e-49f3-9ad3-0728392d486a:172.17.0.2:38435, 5a088c0d-81d8-4f04-8dbf-5f66da507bbe:172.17.0.2:42633] with ContainerStateMachine:uninitialized
2020-08-28 21:34:54,869 [pool-33-thread-1] INFO  server.RaftServerConfigKeys (ConfUtils.java:logGet(44)) - raft.server.rpc.timeout.min = 5s (custom)
2020-08-28 21:34:54,869 [pool-33-thread-1] INFO  server.RaftServerConfigKeys (ConfUtils.java:logGet(44)) - raft.server.rpc.timeout.max = 5200ms (custom)
2020-08-28 21:34:54,869 [pool-33-thread-1] INFO  server.RaftServerConfigKeys (ConfUtils.java:logGet(44)) - raft.server.rpcslowness.timeout = 1000000ms (custom)
2020-08-28 21:34:54,870 [pool-33-thread-1] INFO  server.RaftServerConfigKeys (ConfUtils.java:logGet(44)) - raft.server.sleep.deviation.threshold = 300 (default)
2020-08-28 21:34:54,870 [pool-33-thread-1] INFO  server.RaftServerConfigKeys (ConfUtils.java:logGet(44)) - raft.server.log.appender.install.snapshot.enabled = false (custom)
2020-08-28 21:34:54,870 [pool-33-thread-1] INFO  impl.RaftServerImpl (ServerState.java:<init>(103)) - 5a088c0d-81d8-4f04-8dbf-5f66da507bbe@group-91FBC9B4EF62: ConfigurationManager, init=-1: [d3f82553-6c6d-415b-80cc-3853fb4af59e:172.17.0.2:32865, a375023d-7f8e-49f3-9ad3-0728392d486a:172.17.0.2:38435, 5a088c0d-81d8-4f04-8dbf-5f66da507bbe:172.17.0.2:42633], old=null, confs=<EMPTY_MAP>
2020-08-28 21:34:54,871 [pool-33-thread-1] INFO  server.RaftServerConfigKeys (ConfUtils.java:logGet(44)) - raft.server.storage.dir = [/github/workspace/mnt/ozone/hadoop-ozone/integration-test/target/test-dir/MiniOzoneClusterImpl-193645e7-eb61-4b59-aa79-6176b84e3ab6/datanode-0/data/ratis] (custom)
2020-08-28 21:34:54,871 [pool-33-thread-1] INFO  server.RaftServerConfigKeys (ConfUtils.java:logGet(44)) - raft.server.log.corruption.policy = EXCEPTION (default)
2020-08-28 21:34:54,872 [pool-33-thread-1] INFO  storage.RaftStorageDirectory (RaftStorageDirectory.java:analyzeStorage(261)) - The storage directory /github/workspace/mnt/ozone/hadoop-ozone/integration-test/target/test-dir/MiniOzoneClusterImpl-193645e7-eb61-4b59-aa79-6176b84e3ab6/datanode-0/data/ratis/e06168ef-f546-452e-933f-91fbc9b4ef62 does not exist. Creating ...
2020-08-28 21:34:54,873 [pool-33-thread-1] INFO  storage.RaftStorageDirectory (RaftStorageDirectory.java:tryLock(343)) - Lock on /github/workspace/mnt/ozone/hadoop-ozone/integration-test/target/test-dir/MiniOzoneClusterImpl-193645e7-eb61-4b59-aa79-6176b84e3ab6/datanode-0/data/ratis/e06168ef-f546-452e-933f-91fbc9b4ef62/in_use.lock acquired by nodename 30605@8b499f13bb7e
2020-08-28 21:34:54,874 [pool-33-thread-1] INFO  storage.RaftStorage (RaftStorage.java:format(84)) - Storage directory /github/workspace/mnt/ozone/hadoop-ozone/integration-test/target/test-dir/MiniOzoneClusterImpl-193645e7-eb61-4b59-aa79-6176b84e3ab6/datanode-0/data/ratis/e06168ef-f546-452e-933f-91fbc9b4ef62 has been successfully formatted.
2020-08-28 21:34:54,875 [pool-33-thread-1] INFO  ratis.ContainerStateMachine (ContainerStateMachine.java:loadSnapshot(225)) - group-91FBC9B4EF62: The snapshot info is null. Setting the last applied indexto:(t:0, i:~)
2020-08-28 21:34:54,875 [Datanode State Machine Thread - 0] WARN  statemachine.DatanodeStateMachine (DatanodeStateMachine.java:start(245)) - Interrupt the execution.
java.lang.InterruptedException: sleep interrupted
	at java.lang.Thread.sleep(Native Method)
	at org.apache.hadoop.ozone.container.common.statemachine.DatanodeStateMachine.start(DatanodeStateMachine.java:243)
	at org.apache.hadoop.ozone.container.common.statemachine.DatanodeStateMachine.lambda$startDaemon$0(DatanodeStateMachine.java:405)
	at java.lang.Thread.run(Thread.java:748)
2020-08-28 21:34:54,876 [pool-33-thread-1] INFO  server.RaftServerConfigKeys (ConfUtils.java:logGet(44)) - raft.server.notification.no-leader.timeout = 1000000ms (custom)
2020-08-28 21:34:54,876 [pool-33-thread-1] INFO  server.RaftServerConfigKeys (ConfUtils.java:logGet(44)) - raft.server.log.use.memory = false (default)
2020-08-28 21:34:54,877 [pool-33-thread-1] INFO  server.RaftServerConfigKeys (ConfUtils.java:logGet(44)) - raft.server.log.purge.gap = 1000000 (custom)
2020-08-28 21:34:54,879 [pool-33-thread-1] INFO  metrics.RatisMetrics (RatisMetrics.java:lambda$create$0(36)) - Creating Metrics Registry : ratis.log_worker.5a088c0d-81d8-4f04-8dbf-5f66da507bbe@group-91FBC9B4EF62
2020-08-28 21:34:54,879 [pool-33-thread-1] INFO  server.RaftServerConfigKeys (ConfUtils.java:logGet(44)) - raft.server.log.appender.buffer.byte-limit = 33554432 (custom)
2020-08-28 21:34:54,879 [pool-33-thread-1] INFO  server.RaftServerConfigKeys (ConfUtils.java:logGet(44)) - raft.server.log.segment.size.max = 1048576 (custom)
2020-08-28 21:34:54,880 [pool-33-thread-1] INFO  server.RaftServerConfigKeys (ConfUtils.java:logGet(44)) - raft.server.log.segment.cache.num.max = 2 (custom)
2020-08-28 21:34:54,880 [pool-33-thread-1] INFO  segmented.SegmentedRaftLogWorker (SegmentedRaftLogWorker.java:<init>(180)) - new 5a088c0d-81d8-4f04-8dbf-5f66da507bbe@group-91FBC9B4EF62-SegmentedRaftLogWorker for RaftStorage:Storage Directory /github/workspace/mnt/ozone/hadoop-ozone/integration-test/target/test-dir/MiniOzoneClusterImpl-193645e7-eb61-4b59-aa79-6176b84e3ab6/datanode-0/data/ratis/e06168ef-f546-452e-933f-91fbc9b4ef62
2020-08-28 21:34:54,880 [pool-33-thread-1] INFO  server.RaftServerConfigKeys (ConfUtils.java:logGet(44)) - raft.server.log.queue.byte-limit = 2147483647 (custom)
2020-08-28 21:34:54,880 [pool-33-thread-1] INFO  server.RaftServerConfigKeys (ConfUtils.java:logGet(44)) - raft.server.log.queue.element-limit = 1024 (custom)
2020-08-28 21:34:54,880 [pool-33-thread-1] INFO  server.RaftServerConfigKeys (ConfUtils.java:logGet(44)) - raft.server.log.segment.size.max = 1048576 (custom)
2020-08-28 21:34:54,881 [pool-33-thread-1] INFO  server.RaftServerConfigKeys (ConfUtils.java:logGet(44)) - raft.server.log.preallocated.size = 16384 (custom)
2020-08-28 21:34:54,881 [pool-33-thread-1] INFO  server.RaftServerConfigKeys (ConfUtils.java:logGet(44)) - raft.server.log.write.buffer.size = 1048576 (custom)
2020-08-28 21:34:54,881 [pool-33-thread-1] INFO  server.RaftServerConfigKeys (ConfUtils.java:logGet(44)) - raft.server.log.force.sync.num = 128 (default)
2020-08-28 21:34:54,881 [pool-33-thread-1] INFO  server.RaftServerConfigKeys (ConfUtils.java:logGet(44)) - raft.server.log.statemachine.data.sync = true (default)
2020-08-28 21:34:54,881 [pool-33-thread-1] INFO  server.RaftServerConfigKeys (ConfUtils.java:logGet(44)) - raft.server.log.statemachine.data.sync.timeout = 10s (default)
2020-08-28 21:34:54,881 [pool-33-thread-1] INFO  server.RaftServerConfigKeys (ConfUtils.java:logGet(44)) - raft.server.log.statemachine.data.sync.timeout.retry = -1 (default)
2020-08-28 21:34:54,883 [pool-33-thread-1] INFO  server.RaftServerConfigKeys (ConfUtils.java:logGet(44)) - raft.server.log.statemachine.data.caching.enabled = true (custom)
2020-08-28 21:34:54,883 [pool-33-thread-1] INFO  segmented.SegmentedRaftLogWorker (SegmentedRaftLogWorker.java:lambda$new$0(129)) - 5a088c0d-81d8-4f04-8dbf-5f66da507bbe@group-91FBC9B4EF62-SegmentedRaftLogWorker: flushIndex: setUnconditionally 0 -> -1
2020-08-28 21:34:54,883 [pool-33-thread-1] INFO  segmented.SegmentedRaftLogWorker (SegmentedRaftLogWorker.java:lambda$new$0(129)) - 5a088c0d-81d8-4f04-8dbf-5f66da507bbe@group-91FBC9B4EF62-SegmentedRaftLogWorker: safeCacheEvictIndex: setUnconditionally 0 -> -1
2020-08-28 21:34:54,890 [pool-33-thread-1] INFO  server.RaftServerConfigKeys (ConfUtils.java:logGet(44)) - raft.server.snapshot.auto.trigger.enabled = true (custom)
2020-08-28 21:34:54,890 [pool-33-thread-1] INFO  server.RaftServerConfigKeys (ConfUtils.java:logGet(44)) - raft.server.snapshot.auto.trigger.threshold = 10000 (custom)
2020-08-28 21:34:54,890 [pool-33-thread-1] INFO  server.RaftServerConfigKeys (ConfUtils.java:logGet(44)) - raft.server.snapshot.retention.file.num = 5 (custom)
2020-08-28 21:34:54,890 [pool-33-thread-1] INFO  server.RaftServerConfigKeys (ConfUtils.java:logGet(44)) - raft.server.log.purge.upto.snapshot.index = false (default)
2020-08-28 21:34:54,890 [pool-33-thread-1] INFO  server.RaftServerConfigKeys (ConfUtils.java:logGet(44)) - raft.server.retrycache.expirytime = 600000ms (custom)
2020-08-28 21:34:54,891 [pool-33-thread-1] INFO  metrics.RatisMetrics (RatisMetrics.java:lambda$create$0(36)) - Creating Metrics Registry : ratis.leader_election.5a088c0d-81d8-4f04-8dbf-5f66da507bbe@group-91FBC9B4EF62
2020-08-28 21:34:54,891 [pool-33-thread-1] INFO  metrics.RatisMetrics (RatisMetrics.java:lambda$create$0(36)) - Creating Metrics Registry : ratis.server.5a088c0d-81d8-4f04-8dbf-5f66da507bbe@group-91FBC9B4EF62
2020-08-28 21:34:54,892 [pool-33-thread-1] INFO  impl.RaftServerImpl (RaftServerImpl.java:start(196)) - 5a088c0d-81d8-4f04-8dbf-5f66da507bbe@group-91FBC9B4EF62: start as a follower, conf=-1: [d3f82553-6c6d-415b-80cc-3853fb4af59e:172.17.0.2:32865, a375023d-7f8e-49f3-9ad3-0728392d486a:172.17.0.2:38435, 5a088c0d-81d8-4f04-8dbf-5f66da507bbe:172.17.0.2:42633], old=null
2020-08-28 21:34:54,892 [pool-33-thread-1] INFO  impl.RaftServerImpl (RaftServerImpl.java:setRole(185)) - 5a088c0d-81d8-4f04-8dbf-5f66da507bbe@group-91FBC9B4EF62: changes role from      null to FOLLOWER at term 0 for startAsFollower
2020-08-28 21:34:54,892 [pool-33-thread-1] INFO  impl.RoleInfo (RoleInfo.java:updateAndGet(143)) - 5a088c0d-81d8-4f04-8dbf-5f66da507bbe: start FollowerState
2020-08-28 21:34:54,894 [pool-33-thread-1] INFO  util.JmxRegister (JmxRegister.java:tryRegister(44)) - Successfully registered JMX Bean with object name Ratis:service=RaftServer,group=group-91FBC9B4EF62,id=5a088c0d-81d8-4f04-8dbf-5f66da507bbe
2020-08-28 21:34:54,895 [pool-33-thread-1] INFO  metrics.RatisMetrics (RatisMetrics.java:lambda$create$0(36)) - Creating Metrics Registry : ratis.state_machine.5a088c0d-81d8-4f04-8dbf-5f66da507bbe@group-91FBC9B4EF62
2020-08-28 21:34:54,997 [Command processor thread] INFO  impl.RaftServerProxy (RaftServerProxy.java:addNew(89)) - a375023d-7f8e-49f3-9ad3-0728392d486a: addNew group-A76080AF82D2:[a375023d-7f8e-49f3-9ad3-0728392d486a:172.17.0.2:38435] returns group-A76080AF82D2:java.util.concurrent.CompletableFuture@66e518a4[Not completed]
2020-08-28 21:34:55,023 [pool-48-thread-1] INFO  impl.RaftServerImpl (RaftServerImpl.java:<init>(107)) - a375023d-7f8e-49f3-9ad3-0728392d486a: new RaftServerImpl for group-A76080AF82D2:[a375023d-7f8e-49f3-9ad3-0728392d486a:172.17.0.2:38435] with ContainerStateMachine:uninitialized
2020-08-28 21:34:55,032 [pool-48-thread-1] INFO  server.RaftServerConfigKeys (ConfUtils.java:logGet(44)) - raft.server.rpc.timeout.min = 5s (custom)
2020-08-28 21:34:55,032 [pool-48-thread-1] INFO  server.RaftServerConfigKeys (ConfUtils.java:logGet(44)) - raft.server.rpc.timeout.max = 5200ms (custom)
2020-08-28 21:34:55,032 [pool-48-thread-1] INFO  server.RaftServerConfigKeys (ConfUtils.java:logGet(44)) - raft.server.rpcslowness.timeout = 1000000ms (custom)
2020-08-28 21:34:55,032 [pool-48-thread-1] INFO  server.RaftServerConfigKeys (ConfUtils.java:logGet(44)) - raft.server.sleep.deviation.threshold = 300 (default)
2020-08-28 21:34:55,032 [pool-48-thread-1] INFO  server.RaftServerConfigKeys (ConfUtils.java:logGet(44)) - raft.server.log.appender.install.snapshot.enabled = false (custom)
2020-08-28 21:34:55,032 [pool-48-thread-1] INFO  impl.RaftServerImpl (ServerState.java:<init>(103)) - a375023d-7f8e-49f3-9ad3-0728392d486a@group-A76080AF82D2: ConfigurationManager, init=-1: [a375023d-7f8e-49f3-9ad3-0728392d486a:172.17.0.2:38435], old=null, confs=<EMPTY_MAP>
2020-08-28 21:34:55,033 [pool-48-thread-1] INFO  server.RaftServerConfigKeys (ConfUtils.java:logGet(44)) - raft.server.storage.dir = [/github/workspace/mnt/ozone/hadoop-ozone/integration-test/target/test-dir/MiniOzoneClusterImpl-193645e7-eb61-4b59-aa79-6176b84e3ab6/datanode-1/data/ratis] (custom)
2020-08-28 21:34:55,033 [pool-48-thread-1] INFO  server.RaftServerConfigKeys (ConfUtils.java:logGet(44)) - raft.server.log.corruption.policy = EXCEPTION (default)
2020-08-28 21:34:55,033 [pool-48-thread-1] INFO  storage.RaftStorageDirectory (RaftStorageDirectory.java:analyzeStorage(261)) - The storage directory /github/workspace/mnt/ozone/hadoop-ozone/integration-test/target/test-dir/MiniOzoneClusterImpl-193645e7-eb61-4b59-aa79-6176b84e3ab6/datanode-1/data/ratis/fe7e61bd-78aa-4c96-8311-a76080af82d2 does not exist. Creating ...
2020-08-28 21:34:55,039 [pool-48-thread-1] INFO  storage.RaftStorageDirectory (RaftStorageDirectory.java:tryLock(343)) - Lock on /github/workspace/mnt/ozone/hadoop-ozone/integration-test/target/test-dir/MiniOzoneClusterImpl-193645e7-eb61-4b59-aa79-6176b84e3ab6/datanode-1/data/ratis/fe7e61bd-78aa-4c96-8311-a76080af82d2/in_use.lock acquired by nodename 30605@8b499f13bb7e
2020-08-28 21:34:55,040 [pool-48-thread-1] INFO  storage.RaftStorage (RaftStorage.java:format(84)) - Storage directory /github/workspace/mnt/ozone/hadoop-ozone/integration-test/target/test-dir/MiniOzoneClusterImpl-193645e7-eb61-4b59-aa79-6176b84e3ab6/datanode-1/data/ratis/fe7e61bd-78aa-4c96-8311-a76080af82d2 has been successfully formatted.
2020-08-28 21:34:55,044 [pool-48-thread-1] INFO  ratis.ContainerStateMachine (ContainerStateMachine.java:loadSnapshot(225)) - group-A76080AF82D2: The snapshot info is null. Setting the last applied indexto:(t:0, i:~)
2020-08-28 21:34:55,047 [pool-48-thread-1] INFO  server.RaftServerConfigKeys (ConfUtils.java:logGet(44)) - raft.server.notification.no-leader.timeout = 1000000ms (custom)
2020-08-28 21:34:55,047 [pool-48-thread-1] INFO  server.RaftServerConfigKeys (ConfUtils.java:logGet(44)) - raft.server.log.use.memory = false (default)
2020-08-28 21:34:55,047 [pool-48-thread-1] INFO  server.RaftServerConfigKeys (ConfUtils.java:logGet(44)) - raft.server.log.purge.gap = 1000000 (custom)
2020-08-28 21:34:55,044 [Datanode State Machine Thread - 0] WARN  statemachine.DatanodeStateMachine (DatanodeStateMachine.java:start(245)) - Interrupt the execution.
java.lang.InterruptedException: sleep interrupted
	at java.lang.Thread.sleep(Native Method)
	at org.apache.hadoop.ozone.container.common.statemachine.DatanodeStateMachine.start(DatanodeStateMachine.java:243)
	at org.apache.hadoop.ozone.container.common.statemachine.DatanodeStateMachine.lambda$startDaemon$0(DatanodeStateMachine.java:405)
	at java.lang.Thread.run(Thread.java:748)
2020-08-28 21:34:55,048 [pool-48-thread-1] INFO  metrics.RatisMetrics (RatisMetrics.java:lambda$create$0(36)) - Creating Metrics Registry : ratis.log_worker.a375023d-7f8e-49f3-9ad3-0728392d486a@group-A76080AF82D2
2020-08-28 21:34:55,048 [pool-48-thread-1] INFO  server.RaftServerConfigKeys (ConfUtils.java:logGet(44)) - raft.server.log.appender.buffer.byte-limit = 33554432 (custom)
2020-08-28 21:34:55,048 [pool-48-thread-1] INFO  server.RaftServerConfigKeys (ConfUtils.java:logGet(44)) - raft.server.log.segment.size.max = 1048576 (custom)
2020-08-28 21:34:55,049 [pool-48-thread-1] INFO  server.RaftServerConfigKeys (ConfUtils.java:logGet(44)) - raft.server.log.segment.cache.num.max = 2 (custom)
2020-08-28 21:34:55,049 [pool-48-thread-1] INFO  segmented.SegmentedRaftLogWorker (SegmentedRaftLogWorker.java:<init>(180)) - new a375023d-7f8e-49f3-9ad3-0728392d486a@group-A76080AF82D2-SegmentedRaftLogWorker for RaftStorage:Storage Directory /github/workspace/mnt/ozone/hadoop-ozone/integration-test/target/test-dir/MiniOzoneClusterImpl-193645e7-eb61-4b59-aa79-6176b84e3ab6/datanode-1/data/ratis/fe7e61bd-78aa-4c96-8311-a76080af82d2
2020-08-28 21:34:55,050 [pool-48-thread-1] INFO  server.RaftServerConfigKeys (ConfUtils.java:logGet(44)) - raft.server.log.queue.byte-limit = 2147483647 (custom)
2020-08-28 21:34:55,050 [pool-48-thread-1] INFO  server.RaftServerConfigKeys (ConfUtils.java:logGet(44)) - raft.server.log.queue.element-limit = 1024 (custom)
2020-08-28 21:34:55,050 [pool-48-thread-1] INFO  server.RaftServerConfigKeys (ConfUtils.java:logGet(44)) - raft.server.log.segment.size.max = 1048576 (custom)
2020-08-28 21:34:55,050 [pool-48-thread-1] INFO  server.RaftServerConfigKeys (ConfUtils.java:logGet(44)) - raft.server.log.preallocated.size = 16384 (custom)
2020-08-28 21:34:55,050 [pool-48-thread-1] INFO  server.RaftServerConfigKeys (ConfUtils.java:logGet(44)) - raft.server.log.write.buffer.size = 1048576 (custom)
2020-08-28 21:34:55,050 [pool-48-thread-1] INFO  server.RaftServerConfigKeys (ConfUtils.java:logGet(44)) - raft.server.log.force.sync.num = 128 (default)
2020-08-28 21:34:55,050 [pool-48-thread-1] INFO  server.RaftServerConfigKeys (ConfUtils.java:logGet(44)) - raft.server.log.statemachine.data.sync = true (default)
2020-08-28 21:34:55,050 [pool-48-thread-1] INFO  server.RaftServerConfigKeys (ConfUtils.java:logGet(44)) - raft.server.log.statemachine.data.sync.timeout = 10s (default)
2020-08-28 21:34:55,050 [pool-48-thread-1] INFO  server.RaftServerConfigKeys (ConfUtils.java:logGet(44)) - raft.server.log.statemachine.data.sync.timeout.retry = -1 (default)
2020-08-28 21:34:55,052 [pool-48-thread-1] INFO  server.RaftServerConfigKeys (ConfUtils.java:logGet(44)) - raft.server.log.statemachine.data.caching.enabled = true (custom)
2020-08-28 21:34:55,053 [pool-48-thread-1] INFO  segmented.SegmentedRaftLogWorker (SegmentedRaftLogWorker.java:lambda$new$0(129)) - a375023d-7f8e-49f3-9ad3-0728392d486a@group-A76080AF82D2-SegmentedRaftLogWorker: flushIndex: setUnconditionally 0 -> -1
2020-08-28 21:34:55,053 [pool-48-thread-1] INFO  segmented.SegmentedRaftLogWorker (SegmentedRaftLogWorker.java:lambda$new$0(129)) - a375023d-7f8e-49f3-9ad3-0728392d486a@group-A76080AF82D2-SegmentedRaftLogWorker: safeCacheEvictIndex: setUnconditionally 0 -> -1
2020-08-28 21:34:55,053 [pool-48-thread-1] INFO  server.RaftServerConfigKeys (ConfUtils.java:logGet(44)) - raft.server.snapshot.auto.trigger.enabled = true (custom)
2020-08-28 21:34:55,054 [pool-48-thread-1] INFO  server.RaftServerConfigKeys (ConfUtils.java:logGet(44)) - raft.server.snapshot.auto.trigger.threshold = 10000 (custom)
2020-08-28 21:34:55,054 [pool-48-thread-1] INFO  server.RaftServerConfigKeys (ConfUtils.java:logGet(44)) - raft.server.snapshot.retention.file.num = 5 (custom)
2020-08-28 21:34:55,054 [pool-48-thread-1] INFO  server.RaftServerConfigKeys (ConfUtils.java:logGet(44)) - raft.server.log.purge.upto.snapshot.index = false (default)
2020-08-28 21:34:55,054 [pool-48-thread-1] INFO  server.RaftServerConfigKeys (ConfUtils.java:logGet(44)) - raft.server.retrycache.expirytime = 600000ms (custom)
2020-08-28 21:34:55,054 [pool-48-thread-1] INFO  metrics.RatisMetrics (RatisMetrics.java:lambda$create$0(36)) - Creating Metrics Registry : ratis.leader_election.a375023d-7f8e-49f3-9ad3-0728392d486a@group-A76080AF82D2
2020-08-28 21:34:55,054 [pool-48-thread-1] INFO  metrics.RatisMetrics (RatisMetrics.java:lambda$create$0(36)) - Creating Metrics Registry : ratis.server.a375023d-7f8e-49f3-9ad3-0728392d486a@group-A76080AF82D2
2020-08-28 21:34:55,055 [pool-48-thread-1] INFO  impl.RaftServerImpl (RaftServerImpl.java:start(196)) - a375023d-7f8e-49f3-9ad3-0728392d486a@group-A76080AF82D2: start as a follower, conf=-1: [a375023d-7f8e-49f3-9ad3-0728392d486a:172.17.0.2:38435], old=null
2020-08-28 21:34:55,055 [pool-48-thread-1] INFO  impl.RaftServerImpl (RaftServerImpl.java:setRole(185)) - a375023d-7f8e-49f3-9ad3-0728392d486a@group-A76080AF82D2: changes role from      null to FOLLOWER at term 0 for startAsFollower
2020-08-28 21:34:55,058 [EventQueue-PipelineReportForPipelineReportHandler] INFO  pipeline.PipelineStateManager (PipelineStateManager.java:openPipeline(131)) - Pipeline Pipeline[ Id: fe7e61bd-78aa-4c96-8311-a76080af82d2, Nodes: a375023d-7f8e-49f3-9ad3-0728392d486a{ip: 172.17.0.2, host: 8b499f13bb7e, networkLocation: /default-rack, certSerialId: null}, Type:RATIS, Factor:ONE, State:ALLOCATED, leaderId:a375023d-7f8e-49f3-9ad3-0728392d486a, CreationTimestamp2020-08-28T21:34:52Z] moved to OPEN state
2020-08-28 21:34:55,060 [EventQueue-OpenPipelineForOneReplicaPipelineSafeModeRule] INFO  safemode.SCMSafeModeManager (SCMSafeModeManager.java:validateSafeModeExitRules(214)) - AtleastOneDatanodeReportedRule rule is successfully validated
2020-08-28 21:34:55,060 [EventQueue-OpenPipelineForHealthyPipelineSafeModeRule] INFO  safemode.SCMSafeModeManager (HealthyPipelineSafeModeRule.java:process(129)) - SCM in safe mode. Healthy pipelines reported count is 0, required healthy pipeline reported count is 1
2020-08-28 21:34:55,055 [pool-48-thread-1] INFO  impl.RoleInfo (RoleInfo.java:updateAndGet(143)) - a375023d-7f8e-49f3-9ad3-0728392d486a: start FollowerState
2020-08-28 21:34:55,061 [pool-48-thread-1] INFO  util.JmxRegister (JmxRegister.java:tryRegister(44)) - Successfully registered JMX Bean with object name Ratis:service=RaftServer,group=group-A76080AF82D2,id=a375023d-7f8e-49f3-9ad3-0728392d486a
2020-08-28 21:34:55,063 [pool-48-thread-1] INFO  metrics.RatisMetrics (RatisMetrics.java:lambda$create$0(36)) - Creating Metrics Registry : ratis.state_machine.a375023d-7f8e-49f3-9ad3-0728392d486a@group-A76080AF82D2
2020-08-28 21:34:55,067 [Command processor thread] INFO  commandhandler.CreatePipelineCommandHandler (CreatePipelineCommandHandler.java:handle(110)) - Created Pipeline RATIS ONE #id: "fe7e61bd-78aa-4c96-8311-a76080af82d2"
uuid128 {
  mostSigBits: -108541874609173354
  leastSigBits: -9002230147219225902
}
.
2020-08-28 21:34:55,079 [Command processor thread] INFO  impl.RaftServerProxy (RaftServerProxy.java:addNew(89)) - a375023d-7f8e-49f3-9ad3-0728392d486a: addNew group-91FBC9B4EF62:[d3f82553-6c6d-415b-80cc-3853fb4af59e:172.17.0.2:32865, a375023d-7f8e-49f3-9ad3-0728392d486a:172.17.0.2:38435, 5a088c0d-81d8-4f04-8dbf-5f66da507bbe:172.17.0.2:42633] returns group-91FBC9B4EF62:java.util.concurrent.CompletableFuture@62da90a0[Not completed]
2020-08-28 21:34:55,081 [pool-48-thread-1] INFO  impl.RaftServerImpl (RaftServerImpl.java:<init>(107)) - a375023d-7f8e-49f3-9ad3-0728392d486a: new RaftServerImpl for group-91FBC9B4EF62:[d3f82553-6c6d-415b-80cc-3853fb4af59e:172.17.0.2:32865, a375023d-7f8e-49f3-9ad3-0728392d486a:172.17.0.2:38435, 5a088c0d-81d8-4f04-8dbf-5f66da507bbe:172.17.0.2:42633] with ContainerStateMachine:uninitialized
2020-08-28 21:34:55,081 [pool-48-thread-1] INFO  server.RaftServerConfigKeys (ConfUtils.java:logGet(44)) - raft.server.rpc.timeout.min = 5s (custom)
2020-08-28 21:34:55,081 [pool-48-thread-1] INFO  server.RaftServerConfigKeys (ConfUtils.java:logGet(44)) - raft.server.rpc.timeout.max = 5200ms (custom)
2020-08-28 21:34:55,081 [pool-48-thread-1] INFO  server.RaftServerConfigKeys (ConfUtils.java:logGet(44)) - raft.server.rpcslowness.timeout = 1000000ms (custom)
2020-08-28 21:34:55,081 [pool-48-thread-1] INFO  server.RaftServerConfigKeys (ConfUtils.java:logGet(44)) - raft.server.sleep.deviation.threshold = 300 (default)
2020-08-28 21:34:55,081 [pool-48-thread-1] INFO  server.RaftServerConfigKeys (ConfUtils.java:logGet(44)) - raft.server.log.appender.install.snapshot.enabled = false (custom)
2020-08-28 21:34:55,081 [pool-48-thread-1] INFO  impl.RaftServerImpl (ServerState.java:<init>(103)) - a375023d-7f8e-49f3-9ad3-0728392d486a@group-91FBC9B4EF62: ConfigurationManager, init=-1: [d3f82553-6c6d-415b-80cc-3853fb4af59e:172.17.0.2:32865, a375023d-7f8e-49f3-9ad3-0728392d486a:172.17.0.2:38435, 5a088c0d-81d8-4f04-8dbf-5f66da507bbe:172.17.0.2:42633], old=null, confs=<EMPTY_MAP>
2020-08-28 21:34:55,081 [pool-48-thread-1] INFO  server.RaftServerConfigKeys (ConfUtils.java:logGet(44)) - raft.server.storage.dir = [/github/workspace/mnt/ozone/hadoop-ozone/integration-test/target/test-dir/MiniOzoneClusterImpl-193645e7-eb61-4b59-aa79-6176b84e3ab6/datanode-1/data/ratis] (custom)
2020-08-28 21:34:55,081 [pool-48-thread-1] INFO  server.RaftServerConfigKeys (ConfUtils.java:logGet(44)) - raft.server.log.corruption.policy = EXCEPTION (default)
2020-08-28 21:34:55,082 [pool-48-thread-1] INFO  storage.RaftStorageDirectory (RaftStorageDirectory.java:analyzeStorage(261)) - The storage directory /github/workspace/mnt/ozone/hadoop-ozone/integration-test/target/test-dir/MiniOzoneClusterImpl-193645e7-eb61-4b59-aa79-6176b84e3ab6/datanode-1/data/ratis/e06168ef-f546-452e-933f-91fbc9b4ef62 does not exist. Creating ...
2020-08-28 21:34:55,083 [pool-48-thread-1] INFO  storage.RaftStorageDirectory (RaftStorageDirectory.java:tryLock(343)) - Lock on /github/workspace/mnt/ozone/hadoop-ozone/integration-test/target/test-dir/MiniOzoneClusterImpl-193645e7-eb61-4b59-aa79-6176b84e3ab6/datanode-1/data/ratis/e06168ef-f546-452e-933f-91fbc9b4ef62/in_use.lock acquired by nodename 30605@8b499f13bb7e
2020-08-28 21:34:55,084 [pool-48-thread-1] INFO  storage.RaftStorage (RaftStorage.java:format(84)) - Storage directory /github/workspace/mnt/ozone/hadoop-ozone/integration-test/target/test-dir/MiniOzoneClusterImpl-193645e7-eb61-4b59-aa79-6176b84e3ab6/datanode-1/data/ratis/e06168ef-f546-452e-933f-91fbc9b4ef62 has been successfully formatted.
2020-08-28 21:34:55,085 [pool-48-thread-1] INFO  ratis.ContainerStateMachine (ContainerStateMachine.java:loadSnapshot(225)) - group-91FBC9B4EF62: The snapshot info is null. Setting the last applied indexto:(t:0, i:~)
2020-08-28 21:34:55,085 [pool-48-thread-1] INFO  server.RaftServerConfigKeys (ConfUtils.java:logGet(44)) - raft.server.notification.no-leader.timeout = 1000000ms (custom)
2020-08-28 21:34:55,085 [pool-48-thread-1] INFO  server.RaftServerConfigKeys (ConfUtils.java:logGet(44)) - raft.server.log.use.memory = false (default)
2020-08-28 21:34:55,085 [pool-48-thread-1] INFO  server.RaftServerConfigKeys (ConfUtils.java:logGet(44)) - raft.server.log.purge.gap = 1000000 (custom)
2020-08-28 21:34:55,085 [pool-48-thread-1] INFO  metrics.RatisMetrics (RatisMetrics.java:lambda$create$0(36)) - Creating Metrics Registry : ratis.log_worker.a375023d-7f8e-49f3-9ad3-0728392d486a@group-91FBC9B4EF62
2020-08-28 21:34:55,085 [pool-48-thread-1] INFO  server.RaftServerConfigKeys (ConfUtils.java:logGet(44)) - raft.server.log.appender.buffer.byte-limit = 33554432 (custom)
2020-08-28 21:34:55,085 [pool-48-thread-1] INFO  server.RaftServerConfigKeys (ConfUtils.java:logGet(44)) - raft.server.log.segment.size.max = 1048576 (custom)
2020-08-28 21:34:55,086 [pool-48-thread-1] INFO  server.RaftServerConfigKeys (ConfUtils.java:logGet(44)) - raft.server.log.segment.cache.num.max = 2 (custom)
2020-08-28 21:34:55,086 [pool-48-thread-1] INFO  segmented.SegmentedRaftLogWorker (SegmentedRaftLogWorker.java:<init>(180)) - new a375023d-7f8e-49f3-9ad3-0728392d486a@group-91FBC9B4EF62-SegmentedRaftLogWorker for RaftStorage:Storage Directory /github/workspace/mnt/ozone/hadoop-ozone/integration-test/target/test-dir/MiniOzoneClusterImpl-193645e7-eb61-4b59-aa79-6176b84e3ab6/datanode-1/data/ratis/e06168ef-f546-452e-933f-91fbc9b4ef62
2020-08-28 21:34:55,086 [pool-48-thread-1] INFO  server.RaftServerConfigKeys (ConfUtils.java:logGet(44)) - raft.server.log.queue.byte-limit = 2147483647 (custom)
2020-08-28 21:34:55,086 [pool-48-thread-1] INFO  server.RaftServerConfigKeys (ConfUtils.java:logGet(44)) - raft.server.log.queue.element-limit = 1024 (custom)
2020-08-28 21:34:55,086 [pool-48-thread-1] INFO  server.RaftServerConfigKeys (ConfUtils.java:logGet(44)) - raft.server.log.segment.size.max = 1048576 (custom)
2020-08-28 21:34:55,086 [pool-48-thread-1] INFO  server.RaftServerConfigKeys (ConfUtils.java:logGet(44)) - raft.server.log.preallocated.size = 16384 (custom)
2020-08-28 21:34:55,086 [pool-48-thread-1] INFO  server.RaftServerConfigKeys (ConfUtils.java:logGet(44)) - raft.server.log.write.buffer.size = 1048576 (custom)
2020-08-28 21:34:55,086 [pool-48-thread-1] INFO  server.RaftServerConfigKeys (ConfUtils.java:logGet(44)) - raft.server.log.force.sync.num = 128 (default)
2020-08-28 21:34:55,086 [pool-48-thread-1] INFO  server.RaftServerConfigKeys (ConfUtils.java:logGet(44)) - raft.server.log.statemachine.data.sync = true (default)
2020-08-28 21:34:55,086 [pool-48-thread-1] INFO  server.RaftServerConfigKeys (ConfUtils.java:logGet(44)) - raft.server.log.statemachine.data.sync.timeout = 10s (default)
2020-08-28 21:34:55,087 [pool-48-thread-1] INFO  server.RaftServerConfigKeys (ConfUtils.java:logGet(44)) - raft.server.log.statemachine.data.sync.timeout.retry = -1 (default)
2020-08-28 21:34:55,087 [Datanode State Machine Thread - 0] WARN  statemachine.DatanodeStateMachine (DatanodeStateMachine.java:start(245)) - Interrupt the execution.
java.lang.InterruptedException: sleep interrupted
	at java.lang.Thread.sleep(Native Method)
	at org.apache.hadoop.ozone.container.common.statemachine.DatanodeStateMachine.start(DatanodeStateMachine.java:243)
	at org.apache.hadoop.ozone.container.common.statemachine.DatanodeStateMachine.lambda$startDaemon$0(DatanodeStateMachine.java:405)
	at java.lang.Thread.run(Thread.java:748)
2020-08-28 21:34:55,090 [pool-48-thread-1] INFO  server.RaftServerConfigKeys (ConfUtils.java:logGet(44)) - raft.server.log.statemachine.data.caching.enabled = true (custom)
2020-08-28 21:34:55,090 [pool-48-thread-1] INFO  segmented.SegmentedRaftLogWorker (SegmentedRaftLogWorker.java:lambda$new$0(129)) - a375023d-7f8e-49f3-9ad3-0728392d486a@group-91FBC9B4EF62-SegmentedRaftLogWorker: flushIndex: setUnconditionally 0 -> -1
2020-08-28 21:34:55,090 [pool-48-thread-1] INFO  segmented.SegmentedRaftLogWorker (SegmentedRaftLogWorker.java:lambda$new$0(129)) - a375023d-7f8e-49f3-9ad3-0728392d486a@group-91FBC9B4EF62-SegmentedRaftLogWorker: safeCacheEvictIndex: setUnconditionally 0 -> -1
2020-08-28 21:34:55,103 [pool-48-thread-1] INFO  server.RaftServerConfigKeys (ConfUtils.java:logGet(44)) - raft.server.snapshot.auto.trigger.enabled = true (custom)
2020-08-28 21:34:55,103 [pool-48-thread-1] INFO  server.RaftServerConfigKeys (ConfUtils.java:logGet(44)) - raft.server.snapshot.auto.trigger.threshold = 10000 (custom)
2020-08-28 21:34:55,103 [pool-48-thread-1] INFO  server.RaftServerConfigKeys (ConfUtils.java:logGet(44)) - raft.server.snapshot.retention.file.num = 5 (custom)
2020-08-28 21:34:55,103 [pool-48-thread-1] INFO  server.RaftServerConfigKeys (ConfUtils.java:logGet(44)) - raft.server.log.purge.upto.snapshot.index = false (default)
2020-08-28 21:34:55,103 [pool-48-thread-1] INFO  server.RaftServerConfigKeys (ConfUtils.java:logGet(44)) - raft.server.retrycache.expirytime = 600000ms (custom)
2020-08-28 21:34:55,104 [pool-48-thread-1] INFO  metrics.RatisMetrics (RatisMetrics.java:lambda$create$0(36)) - Creating Metrics Registry : ratis.leader_election.a375023d-7f8e-49f3-9ad3-0728392d486a@group-91FBC9B4EF62
2020-08-28 21:34:55,104 [pool-48-thread-1] INFO  metrics.RatisMetrics (RatisMetrics.java:lambda$create$0(36)) - Creating Metrics Registry : ratis.server.a375023d-7f8e-49f3-9ad3-0728392d486a@group-91FBC9B4EF62
2020-08-28 21:34:55,105 [pool-48-thread-1] INFO  impl.RaftServerImpl (RaftServerImpl.java:start(196)) - a375023d-7f8e-49f3-9ad3-0728392d486a@group-91FBC9B4EF62: start as a follower, conf=-1: [d3f82553-6c6d-415b-80cc-3853fb4af59e:172.17.0.2:32865, a375023d-7f8e-49f3-9ad3-0728392d486a:172.17.0.2:38435, 5a088c0d-81d8-4f04-8dbf-5f66da507bbe:172.17.0.2:42633], old=null
2020-08-28 21:34:55,105 [pool-48-thread-1] INFO  impl.RaftServerImpl (RaftServerImpl.java:setRole(185)) - a375023d-7f8e-49f3-9ad3-0728392d486a@group-91FBC9B4EF62: changes role from      null to FOLLOWER at term 0 for startAsFollower
2020-08-28 21:34:55,105 [pool-48-thread-1] INFO  impl.RoleInfo (RoleInfo.java:updateAndGet(143)) - a375023d-7f8e-49f3-9ad3-0728392d486a: start FollowerState
2020-08-28 21:34:55,105 [pool-48-thread-1] INFO  util.JmxRegister (JmxRegister.java:tryRegister(44)) - Successfully registered JMX Bean with object name Ratis:service=RaftServer,group=group-91FBC9B4EF62,id=a375023d-7f8e-49f3-9ad3-0728392d486a
2020-08-28 21:34:55,105 [pool-48-thread-1] INFO  metrics.RatisMetrics (RatisMetrics.java:lambda$create$0(36)) - Creating Metrics Registry : ratis.state_machine.a375023d-7f8e-49f3-9ad3-0728392d486a@group-91FBC9B4EF62
2020-08-28 21:34:55,179 [Listener at 127.0.0.1/44483] INFO  ozone.MiniOzoneClusterImpl (MiniOzoneClusterImpl.java:lambda$waitForClusterToBeReady$0(177)) - Nodes are ready. Got 3 of 3 DN Heartbeats.
2020-08-28 21:34:55,179 [Listener at 127.0.0.1/44483] INFO  ozone.MiniOzoneClusterImpl (MiniOzoneClusterImpl.java:lambda$waitForClusterToBeReady$0(180)) - Waiting for cluster to exit safe mode
2020-08-28 21:34:55,197 [Command processor thread] INFO  impl.RaftServerProxy (RaftServerProxy.java:addNew(89)) - d3f82553-6c6d-415b-80cc-3853fb4af59e: addNew group-6E397D611FE7:[d3f82553-6c6d-415b-80cc-3853fb4af59e:172.17.0.2:32865] returns group-6E397D611FE7:java.util.concurrent.CompletableFuture@45a49344[Not completed]
2020-08-28 21:34:55,201 [pool-63-thread-1] INFO  impl.RaftServerImpl (RaftServerImpl.java:<init>(107)) - d3f82553-6c6d-415b-80cc-3853fb4af59e: new RaftServerImpl for group-6E397D611FE7:[d3f82553-6c6d-415b-80cc-3853fb4af59e:172.17.0.2:32865] with ContainerStateMachine:uninitialized
2020-08-28 21:34:55,201 [pool-63-thread-1] INFO  server.RaftServerConfigKeys (ConfUtils.java:logGet(44)) - raft.server.rpc.timeout.min = 5s (custom)
2020-08-28 21:34:55,201 [pool-63-thread-1] INFO  server.RaftServerConfigKeys (ConfUtils.java:logGet(44)) - raft.server.rpc.timeout.max = 5200ms (custom)
2020-08-28 21:34:55,202 [pool-63-thread-1] INFO  server.RaftServerConfigKeys (ConfUtils.java:logGet(44)) - raft.server.rpcslowness.timeout = 1000000ms (custom)
2020-08-28 21:34:55,202 [pool-63-thread-1] INFO  server.RaftServerConfigKeys (ConfUtils.java:logGet(44)) - raft.server.sleep.deviation.threshold = 300 (default)
2020-08-28 21:34:55,202 [pool-63-thread-1] INFO  server.RaftServerConfigKeys (ConfUtils.java:logGet(44)) - raft.server.log.appender.install.snapshot.enabled = false (custom)
2020-08-28 21:34:55,208 [pool-63-thread-1] INFO  impl.RaftServerImpl (ServerState.java:<init>(103)) - d3f82553-6c6d-415b-80cc-3853fb4af59e@group-6E397D611FE7: ConfigurationManager, init=-1: [d3f82553-6c6d-415b-80cc-3853fb4af59e:172.17.0.2:32865], old=null, confs=<EMPTY_MAP>
2020-08-28 21:34:55,208 [pool-63-thread-1] INFO  server.RaftServerConfigKeys (ConfUtils.java:logGet(44)) - raft.server.storage.dir = [/github/workspace/mnt/ozone/hadoop-ozone/integration-test/target/test-dir/MiniOzoneClusterImpl-193645e7-eb61-4b59-aa79-6176b84e3ab6/datanode-2/data/ratis] (custom)
2020-08-28 21:34:55,208 [pool-63-thread-1] INFO  server.RaftServerConfigKeys (ConfUtils.java:logGet(44)) - raft.server.log.corruption.policy = EXCEPTION (default)
2020-08-28 21:34:55,208 [pool-63-thread-1] INFO  storage.RaftStorageDirectory (RaftStorageDirectory.java:analyzeStorage(261)) - The storage directory /github/workspace/mnt/ozone/hadoop-ozone/integration-test/target/test-dir/MiniOzoneClusterImpl-193645e7-eb61-4b59-aa79-6176b84e3ab6/datanode-2/data/ratis/240822a4-4e78-46bc-94da-6e397d611fe7 does not exist. Creating ...
2020-08-28 21:34:55,210 [pool-63-thread-1] INFO  storage.RaftStorageDirectory (RaftStorageDirectory.java:tryLock(343)) - Lock on /github/workspace/mnt/ozone/hadoop-ozone/integration-test/target/test-dir/MiniOzoneClusterImpl-193645e7-eb61-4b59-aa79-6176b84e3ab6/datanode-2/data/ratis/240822a4-4e78-46bc-94da-6e397d611fe7/in_use.lock acquired by nodename 30605@8b499f13bb7e
2020-08-28 21:34:55,216 [pool-63-thread-1] INFO  storage.RaftStorage (RaftStorage.java:format(84)) - Storage directory /github/workspace/mnt/ozone/hadoop-ozone/integration-test/target/test-dir/MiniOzoneClusterImpl-193645e7-eb61-4b59-aa79-6176b84e3ab6/datanode-2/data/ratis/240822a4-4e78-46bc-94da-6e397d611fe7 has been successfully formatted.
2020-08-28 21:34:55,216 [pool-63-thread-1] INFO  ratis.ContainerStateMachine (ContainerStateMachine.java:loadSnapshot(225)) - group-6E397D611FE7: The snapshot info is null. Setting the last applied indexto:(t:0, i:~)
2020-08-28 21:34:55,216 [Datanode State Machine Thread - 0] WARN  statemachine.DatanodeStateMachine (DatanodeStateMachine.java:start(245)) - Interrupt the execution.
java.lang.InterruptedException: sleep interrupted
	at java.lang.Thread.sleep(Native Method)
	at org.apache.hadoop.ozone.container.common.statemachine.DatanodeStateMachine.start(DatanodeStateMachine.java:243)
	at org.apache.hadoop.ozone.container.common.statemachine.DatanodeStateMachine.lambda$startDaemon$0(DatanodeStateMachine.java:405)
	at java.lang.Thread.run(Thread.java:748)
2020-08-28 21:34:55,216 [pool-63-thread-1] INFO  server.RaftServerConfigKeys (ConfUtils.java:logGet(44)) - raft.server.notification.no-leader.timeout = 1000000ms (custom)
2020-08-28 21:34:55,217 [pool-63-thread-1] INFO  server.RaftServerConfigKeys (ConfUtils.java:logGet(44)) - raft.server.log.use.memory = false (default)
2020-08-28 21:34:55,217 [pool-63-thread-1] INFO  server.RaftServerConfigKeys (ConfUtils.java:logGet(44)) - raft.server.log.purge.gap = 1000000 (custom)
2020-08-28 21:34:55,217 [pool-63-thread-1] INFO  metrics.RatisMetrics (RatisMetrics.java:lambda$create$0(36)) - Creating Metrics Registry : ratis.log_worker.d3f82553-6c6d-415b-80cc-3853fb4af59e@group-6E397D611FE7
2020-08-28 21:34:55,218 [EventQueue-PipelineReportForPipelineReportHandler] INFO  pipeline.PipelineStateManager (PipelineStateManager.java:openPipeline(131)) - Pipeline Pipeline[ Id: 240822a4-4e78-46bc-94da-6e397d611fe7, Nodes: d3f82553-6c6d-415b-80cc-3853fb4af59e{ip: 172.17.0.2, host: 8b499f13bb7e, networkLocation: /default-rack, certSerialId: null}, Type:RATIS, Factor:ONE, State:ALLOCATED, leaderId:d3f82553-6c6d-415b-80cc-3853fb4af59e, CreationTimestamp2020-08-28T21:34:52.187Z] moved to OPEN state
2020-08-28 21:34:55,218 [EventQueue-OpenPipelineForOneReplicaPipelineSafeModeRule] INFO  safemode.SCMSafeModeManager (SCMSafeModeManager.java:validateSafeModeExitRules(214)) - AtleastOneDatanodeReportedRule rule is successfully validated
2020-08-28 21:34:55,218 [EventQueue-OpenPipelineForHealthyPipelineSafeModeRule] INFO  safemode.SCMSafeModeManager (HealthyPipelineSafeModeRule.java:process(129)) - SCM in safe mode. Healthy pipelines reported count is 0, required healthy pipeline reported count is 1
2020-08-28 21:34:55,218 [pool-63-thread-1] INFO  server.RaftServerConfigKeys (ConfUtils.java:logGet(44)) - raft.server.log.appender.buffer.byte-limit = 33554432 (custom)
2020-08-28 21:34:55,218 [pool-63-thread-1] INFO  server.RaftServerConfigKeys (ConfUtils.java:logGet(44)) - raft.server.log.segment.size.max = 1048576 (custom)
2020-08-28 21:34:55,218 [pool-63-thread-1] INFO  server.RaftServerConfigKeys (ConfUtils.java:logGet(44)) - raft.server.log.segment.cache.num.max = 2 (custom)
2020-08-28 21:34:55,219 [pool-63-thread-1] INFO  segmented.SegmentedRaftLogWorker (SegmentedRaftLogWorker.java:<init>(180)) - new d3f82553-6c6d-415b-80cc-3853fb4af59e@group-6E397D611FE7-SegmentedRaftLogWorker for RaftStorage:Storage Directory /github/workspace/mnt/ozone/hadoop-ozone/integration-test/target/test-dir/MiniOzoneClusterImpl-193645e7-eb61-4b59-aa79-6176b84e3ab6/datanode-2/data/ratis/240822a4-4e78-46bc-94da-6e397d611fe7
2020-08-28 21:34:55,219 [pool-63-thread-1] INFO  server.RaftServerConfigKeys (ConfUtils.java:logGet(44)) - raft.server.log.queue.byte-limit = 2147483647 (custom)
2020-08-28 21:34:55,219 [pool-63-thread-1] INFO  server.RaftServerConfigKeys (ConfUtils.java:logGet(44)) - raft.server.log.queue.element-limit = 1024 (custom)
2020-08-28 21:34:55,219 [pool-63-thread-1] INFO  server.RaftServerConfigKeys (ConfUtils.java:logGet(44)) - raft.server.log.segment.size.max = 1048576 (custom)
2020-08-28 21:34:55,219 [pool-63-thread-1] INFO  server.RaftServerConfigKeys (ConfUtils.java:logGet(44)) - raft.server.log.preallocated.size = 16384 (custom)
2020-08-28 21:34:55,219 [pool-63-thread-1] INFO  server.RaftServerConfigKeys (ConfUtils.java:logGet(44)) - raft.server.log.write.buffer.size = 1048576 (custom)
2020-08-28 21:34:55,219 [pool-63-thread-1] INFO  server.RaftServerConfigKeys (ConfUtils.java:logGet(44)) - raft.server.log.force.sync.num = 128 (default)
2020-08-28 21:34:55,219 [pool-63-thread-1] INFO  server.RaftServerConfigKeys (ConfUtils.java:logGet(44)) - raft.server.log.statemachine.data.sync = true (default)
2020-08-28 21:34:55,220 [pool-63-thread-1] INFO  server.RaftServerConfigKeys (ConfUtils.java:logGet(44)) - raft.server.log.statemachine.data.sync.timeout = 10s (default)
2020-08-28 21:34:55,220 [pool-63-thread-1] INFO  server.RaftServerConfigKeys (ConfUtils.java:logGet(44)) - raft.server.log.statemachine.data.sync.timeout.retry = -1 (default)
2020-08-28 21:34:55,221 [pool-63-thread-1] INFO  server.RaftServerConfigKeys (ConfUtils.java:logGet(44)) - raft.server.log.statemachine.data.caching.enabled = true (custom)
2020-08-28 21:34:55,226 [pool-63-thread-1] INFO  segmented.SegmentedRaftLogWorker (SegmentedRaftLogWorker.java:lambda$new$0(129)) - d3f82553-6c6d-415b-80cc-3853fb4af59e@group-6E397D611FE7-SegmentedRaftLogWorker: flushIndex: setUnconditionally 0 -> -1
2020-08-28 21:34:55,226 [pool-63-thread-1] INFO  segmented.SegmentedRaftLogWorker (SegmentedRaftLogWorker.java:lambda$new$0(129)) - d3f82553-6c6d-415b-80cc-3853fb4af59e@group-6E397D611FE7-SegmentedRaftLogWorker: safeCacheEvictIndex: setUnconditionally 0 -> -1
2020-08-28 21:34:55,232 [pool-63-thread-1] INFO  server.RaftServerConfigKeys (ConfUtils.java:logGet(44)) - raft.server.snapshot.auto.trigger.enabled = true (custom)
2020-08-28 21:34:55,232 [pool-63-thread-1] INFO  server.RaftServerConfigKeys (ConfUtils.java:logGet(44)) - raft.server.snapshot.auto.trigger.threshold = 10000 (custom)
2020-08-28 21:34:55,232 [pool-63-thread-1] INFO  server.RaftServerConfigKeys (ConfUtils.java:logGet(44)) - raft.server.snapshot.retention.file.num = 5 (custom)
2020-08-28 21:34:55,232 [pool-63-thread-1] INFO  server.RaftServerConfigKeys (ConfUtils.java:logGet(44)) - raft.server.log.purge.upto.snapshot.index = false (default)
2020-08-28 21:34:55,232 [pool-63-thread-1] INFO  server.RaftServerConfigKeys (ConfUtils.java:logGet(44)) - raft.server.retrycache.expirytime = 600000ms (custom)
2020-08-28 21:34:55,232 [pool-63-thread-1] INFO  metrics.RatisMetrics (RatisMetrics.java:lambda$create$0(36)) - Creating Metrics Registry : ratis.leader_election.d3f82553-6c6d-415b-80cc-3853fb4af59e@group-6E397D611FE7
2020-08-28 21:34:55,233 [pool-63-thread-1] INFO  metrics.RatisMetrics (RatisMetrics.java:lambda$create$0(36)) - Creating Metrics Registry : ratis.server.d3f82553-6c6d-415b-80cc-3853fb4af59e@group-6E397D611FE7
2020-08-28 21:34:55,233 [pool-63-thread-1] INFO  impl.RaftServerImpl (RaftServerImpl.java:start(196)) - d3f82553-6c6d-415b-80cc-3853fb4af59e@group-6E397D611FE7: start as a follower, conf=-1: [d3f82553-6c6d-415b-80cc-3853fb4af59e:172.17.0.2:32865], old=null
2020-08-28 21:34:55,234 [pool-63-thread-1] INFO  impl.RaftServerImpl (RaftServerImpl.java:setRole(185)) - d3f82553-6c6d-415b-80cc-3853fb4af59e@group-6E397D611FE7: changes role from      null to FOLLOWER at term 0 for startAsFollower
2020-08-28 21:34:55,234 [pool-63-thread-1] INFO  impl.RoleInfo (RoleInfo.java:updateAndGet(143)) - d3f82553-6c6d-415b-80cc-3853fb4af59e: start FollowerState
2020-08-28 21:34:55,235 [pool-63-thread-1] INFO  util.JmxRegister (JmxRegister.java:tryRegister(44)) - Successfully registered JMX Bean with object name Ratis:service=RaftServer,group=group-6E397D611FE7,id=d3f82553-6c6d-415b-80cc-3853fb4af59e
2020-08-28 21:34:55,235 [pool-63-thread-1] INFO  metrics.RatisMetrics (RatisMetrics.java:lambda$create$0(36)) - Creating Metrics Registry : ratis.state_machine.d3f82553-6c6d-415b-80cc-3853fb4af59e@group-6E397D611FE7
2020-08-28 21:34:55,245 [Command processor thread] INFO  commandhandler.CreatePipelineCommandHandler (CreatePipelineCommandHandler.java:handle(110)) - Created Pipeline RATIS ONE #id: "240822a4-4e78-46bc-94da-6e397d611fe7"
uuid128 {
  mostSigBits: 2596363274265577148
  leastSigBits: -7720737417977585689
}
.
2020-08-28 21:34:55,245 [Command processor thread] INFO  impl.RaftServerProxy (RaftServerProxy.java:addNew(89)) - d3f82553-6c6d-415b-80cc-3853fb4af59e: addNew group-91FBC9B4EF62:[d3f82553-6c6d-415b-80cc-3853fb4af59e:172.17.0.2:32865, a375023d-7f8e-49f3-9ad3-0728392d486a:172.17.0.2:38435, 5a088c0d-81d8-4f04-8dbf-5f66da507bbe:172.17.0.2:42633] returns group-91FBC9B4EF62:java.util.concurrent.CompletableFuture@419b1f28[Not completed]
2020-08-28 21:34:55,246 [pool-63-thread-1] INFO  impl.RaftServerImpl (RaftServerImpl.java:<init>(107)) - d3f82553-6c6d-415b-80cc-3853fb4af59e: new RaftServerImpl for group-91FBC9B4EF62:[d3f82553-6c6d-415b-80cc-3853fb4af59e:172.17.0.2:32865, a375023d-7f8e-49f3-9ad3-0728392d486a:172.17.0.2:38435, 5a088c0d-81d8-4f04-8dbf-5f66da507bbe:172.17.0.2:42633] with ContainerStateMachine:uninitialized
2020-08-28 21:34:55,247 [pool-63-thread-1] INFO  server.RaftServerConfigKeys (ConfUtils.java:logGet(44)) - raft.server.rpc.timeout.min = 5s (custom)
2020-08-28 21:34:55,247 [pool-63-thread-1] INFO  server.RaftServerConfigKeys (ConfUtils.java:logGet(44)) - raft.server.rpc.timeout.max = 5200ms (custom)
2020-08-28 21:34:55,247 [pool-63-thread-1] INFO  server.RaftServerConfigKeys (ConfUtils.java:logGet(44)) - raft.server.rpcslowness.timeout = 1000000ms (custom)
2020-08-28 21:34:55,247 [pool-63-thread-1] INFO  server.RaftServerConfigKeys (ConfUtils.java:logGet(44)) - raft.server.sleep.deviation.threshold = 300 (default)
2020-08-28 21:34:55,247 [pool-63-thread-1] INFO  server.RaftServerConfigKeys (ConfUtils.java:logGet(44)) - raft.server.log.appender.install.snapshot.enabled = false (custom)
2020-08-28 21:34:55,247 [pool-63-thread-1] INFO  impl.RaftServerImpl (ServerState.java:<init>(103)) - d3f82553-6c6d-415b-80cc-3853fb4af59e@group-91FBC9B4EF62: ConfigurationManager, init=-1: [d3f82553-6c6d-415b-80cc-3853fb4af59e:172.17.0.2:32865, a375023d-7f8e-49f3-9ad3-0728392d486a:172.17.0.2:38435, 5a088c0d-81d8-4f04-8dbf-5f66da507bbe:172.17.0.2:42633], old=null, confs=<EMPTY_MAP>
2020-08-28 21:34:55,247 [pool-63-thread-1] INFO  server.RaftServerConfigKeys (ConfUtils.java:logGet(44)) - raft.server.storage.dir = [/github/workspace/mnt/ozone/hadoop-ozone/integration-test/target/test-dir/MiniOzoneClusterImpl-193645e7-eb61-4b59-aa79-6176b84e3ab6/datanode-2/data/ratis] (custom)
2020-08-28 21:34:55,247 [pool-63-thread-1] INFO  server.RaftServerConfigKeys (ConfUtils.java:logGet(44)) - raft.server.log.corruption.policy = EXCEPTION (default)
2020-08-28 21:34:55,247 [pool-63-thread-1] INFO  storage.RaftStorageDirectory (RaftStorageDirectory.java:analyzeStorage(261)) - The storage directory /github/workspace/mnt/ozone/hadoop-ozone/integration-test/target/test-dir/MiniOzoneClusterImpl-193645e7-eb61-4b59-aa79-6176b84e3ab6/datanode-2/data/ratis/e06168ef-f546-452e-933f-91fbc9b4ef62 does not exist. Creating ...
2020-08-28 21:34:55,251 [pool-63-thread-1] INFO  storage.RaftStorageDirectory (RaftStorageDirectory.java:tryLock(343)) - Lock on /github/workspace/mnt/ozone/hadoop-ozone/integration-test/target/test-dir/MiniOzoneClusterImpl-193645e7-eb61-4b59-aa79-6176b84e3ab6/datanode-2/data/ratis/e06168ef-f546-452e-933f-91fbc9b4ef62/in_use.lock acquired by nodename 30605@8b499f13bb7e
2020-08-28 21:34:55,253 [pool-63-thread-1] INFO  storage.RaftStorage (RaftStorage.java:format(84)) - Storage directory /github/workspace/mnt/ozone/hadoop-ozone/integration-test/target/test-dir/MiniOzoneClusterImpl-193645e7-eb61-4b59-aa79-6176b84e3ab6/datanode-2/data/ratis/e06168ef-f546-452e-933f-91fbc9b4ef62 has been successfully formatted.
2020-08-28 21:34:55,253 [pool-63-thread-1] INFO  ratis.ContainerStateMachine (ContainerStateMachine.java:loadSnapshot(225)) - group-91FBC9B4EF62: The snapshot info is null. Setting the last applied indexto:(t:0, i:~)
2020-08-28 21:34:55,253 [Datanode State Machine Thread - 0] WARN  statemachine.DatanodeStateMachine (DatanodeStateMachine.java:start(245)) - Interrupt the execution.
java.lang.InterruptedException: sleep interrupted
	at java.lang.Thread.sleep(Native Method)
	at org.apache.hadoop.ozone.container.common.statemachine.DatanodeStateMachine.start(DatanodeStateMachine.java:243)
	at org.apache.hadoop.ozone.container.common.statemachine.DatanodeStateMachine.lambda$startDaemon$0(DatanodeStateMachine.java:405)
	at java.lang.Thread.run(Thread.java:748)
2020-08-28 21:34:55,253 [pool-63-thread-1] INFO  server.RaftServerConfigKeys (ConfUtils.java:logGet(44)) - raft.server.notification.no-leader.timeout = 1000000ms (custom)
2020-08-28 21:34:55,253 [pool-63-thread-1] INFO  server.RaftServerConfigKeys (ConfUtils.java:logGet(44)) - raft.server.log.use.memory = false (default)
2020-08-28 21:34:55,253 [pool-63-thread-1] INFO  server.RaftServerConfigKeys (ConfUtils.java:logGet(44)) - raft.server.log.purge.gap = 1000000 (custom)
2020-08-28 21:34:55,254 [pool-63-thread-1] INFO  metrics.RatisMetrics (RatisMetrics.java:lambda$create$0(36)) - Creating Metrics Registry : ratis.log_worker.d3f82553-6c6d-415b-80cc-3853fb4af59e@group-91FBC9B4EF62
2020-08-28 21:34:55,254 [pool-63-thread-1] INFO  server.RaftServerConfigKeys (ConfUtils.java:logGet(44)) - raft.server.log.appender.buffer.byte-limit = 33554432 (custom)
2020-08-28 21:34:55,254 [pool-63-thread-1] INFO  server.RaftServerConfigKeys (ConfUtils.java:logGet(44)) - raft.server.log.segment.size.max = 1048576 (custom)
2020-08-28 21:34:55,255 [pool-63-thread-1] INFO  server.RaftServerConfigKeys (ConfUtils.java:logGet(44)) - raft.server.log.segment.cache.num.max = 2 (custom)
2020-08-28 21:34:55,255 [pool-63-thread-1] INFO  segmented.SegmentedRaftLogWorker (SegmentedRaftLogWorker.java:<init>(180)) - new d3f82553-6c6d-415b-80cc-3853fb4af59e@group-91FBC9B4EF62-SegmentedRaftLogWorker for RaftStorage:Storage Directory /github/workspace/mnt/ozone/hadoop-ozone/integration-test/target/test-dir/MiniOzoneClusterImpl-193645e7-eb61-4b59-aa79-6176b84e3ab6/datanode-2/data/ratis/e06168ef-f546-452e-933f-91fbc9b4ef62
2020-08-28 21:34:55,255 [pool-63-thread-1] INFO  server.RaftServerConfigKeys (ConfUtils.java:logGet(44)) - raft.server.log.queue.byte-limit = 2147483647 (custom)
2020-08-28 21:34:55,255 [pool-63-thread-1] INFO  server.RaftServerConfigKeys (ConfUtils.java:logGet(44)) - raft.server.log.queue.element-limit = 1024 (custom)
2020-08-28 21:34:55,255 [pool-63-thread-1] INFO  server.RaftServerConfigKeys (ConfUtils.java:logGet(44)) - raft.server.log.segment.size.max = 1048576 (custom)
2020-08-28 21:34:55,255 [pool-63-thread-1] INFO  server.RaftServerConfigKeys (ConfUtils.java:logGet(44)) - raft.server.log.preallocated.size = 16384 (custom)
2020-08-28 21:34:55,255 [pool-63-thread-1] INFO  server.RaftServerConfigKeys (ConfUtils.java:logGet(44)) - raft.server.log.write.buffer.size = 1048576 (custom)
2020-08-28 21:34:55,256 [pool-63-thread-1] INFO  server.RaftServerConfigKeys (ConfUtils.java:logGet(44)) - raft.server.log.force.sync.num = 128 (default)
2020-08-28 21:34:55,259 [pool-63-thread-1] INFO  server.RaftServerConfigKeys (ConfUtils.java:logGet(44)) - raft.server.log.statemachine.data.sync = true (default)
2020-08-28 21:34:55,259 [pool-63-thread-1] INFO  server.RaftServerConfigKeys (ConfUtils.java:logGet(44)) - raft.server.log.statemachine.data.sync.timeout = 10s (default)
2020-08-28 21:34:55,259 [pool-63-thread-1] INFO  server.RaftServerConfigKeys (ConfUtils.java:logGet(44)) - raft.server.log.statemachine.data.sync.timeout.retry = -1 (default)
2020-08-28 21:34:55,261 [pool-63-thread-1] INFO  server.RaftServerConfigKeys (ConfUtils.java:logGet(44)) - raft.server.log.statemachine.data.caching.enabled = true (custom)
2020-08-28 21:34:55,261 [pool-63-thread-1] INFO  segmented.SegmentedRaftLogWorker (SegmentedRaftLogWorker.java:lambda$new$0(129)) - d3f82553-6c6d-415b-80cc-3853fb4af59e@group-91FBC9B4EF62-SegmentedRaftLogWorker: flushIndex: setUnconditionally 0 -> -1
2020-08-28 21:34:55,261 [pool-63-thread-1] INFO  segmented.SegmentedRaftLogWorker (SegmentedRaftLogWorker.java:lambda$new$0(129)) - d3f82553-6c6d-415b-80cc-3853fb4af59e@group-91FBC9B4EF62-SegmentedRaftLogWorker: safeCacheEvictIndex: setUnconditionally 0 -> -1
2020-08-28 21:34:55,268 [pool-63-thread-1] INFO  server.RaftServerConfigKeys (ConfUtils.java:logGet(44)) - raft.server.snapshot.auto.trigger.enabled = true (custom)
2020-08-28 21:34:55,268 [pool-63-thread-1] INFO  server.RaftServerConfigKeys (ConfUtils.java:logGet(44)) - raft.server.snapshot.auto.trigger.threshold = 10000 (custom)
2020-08-28 21:34:55,269 [pool-63-thread-1] INFO  server.RaftServerConfigKeys (ConfUtils.java:logGet(44)) - raft.server.snapshot.retention.file.num = 5 (custom)
2020-08-28 21:34:55,269 [pool-63-thread-1] INFO  server.RaftServerConfigKeys (ConfUtils.java:logGet(44)) - raft.server.log.purge.upto.snapshot.index = false (default)
2020-08-28 21:34:55,271 [pool-63-thread-1] INFO  server.RaftServerConfigKeys (ConfUtils.java:logGet(44)) - raft.server.retrycache.expirytime = 600000ms (custom)
2020-08-28 21:34:55,271 [pool-63-thread-1] INFO  metrics.RatisMetrics (RatisMetrics.java:lambda$create$0(36)) - Creating Metrics Registry : ratis.leader_election.d3f82553-6c6d-415b-80cc-3853fb4af59e@group-91FBC9B4EF62
2020-08-28 21:34:55,272 [pool-63-thread-1] INFO  metrics.RatisMetrics (RatisMetrics.java:lambda$create$0(36)) - Creating Metrics Registry : ratis.server.d3f82553-6c6d-415b-80cc-3853fb4af59e@group-91FBC9B4EF62
2020-08-28 21:34:55,272 [pool-63-thread-1] INFO  impl.RaftServerImpl (RaftServerImpl.java:start(196)) - d3f82553-6c6d-415b-80cc-3853fb4af59e@group-91FBC9B4EF62: start as a follower, conf=-1: [d3f82553-6c6d-415b-80cc-3853fb4af59e:172.17.0.2:32865, a375023d-7f8e-49f3-9ad3-0728392d486a:172.17.0.2:38435, 5a088c0d-81d8-4f04-8dbf-5f66da507bbe:172.17.0.2:42633], old=null
2020-08-28 21:34:55,272 [pool-63-thread-1] INFO  impl.RaftServerImpl (RaftServerImpl.java:setRole(185)) - d3f82553-6c6d-415b-80cc-3853fb4af59e@group-91FBC9B4EF62: changes role from      null to FOLLOWER at term 0 for startAsFollower
2020-08-28 21:34:55,272 [pool-63-thread-1] INFO  impl.RoleInfo (RoleInfo.java:updateAndGet(143)) - d3f82553-6c6d-415b-80cc-3853fb4af59e: start FollowerState
2020-08-28 21:34:55,275 [pool-63-thread-1] INFO  util.JmxRegister (JmxRegister.java:tryRegister(44)) - Successfully registered JMX Bean with object name Ratis:service=RaftServer,group=group-91FBC9B4EF62,id=d3f82553-6c6d-415b-80cc-3853fb4af59e
2020-08-28 21:34:55,275 [pool-63-thread-1] INFO  metrics.RatisMetrics (RatisMetrics.java:lambda$create$0(36)) - Creating Metrics Registry : ratis.state_machine.d3f82553-6c6d-415b-80cc-3853fb4af59e@group-91FBC9B4EF62
2020-08-28 21:34:55,562 [Command processor thread] INFO  commandhandler.CreatePipelineCommandHandler (CreatePipelineCommandHandler.java:handle(110)) - Created Pipeline RATIS THREE #id: "e06168ef-f546-452e-933f-91fbc9b4ef62"
uuid128 {
  mostSigBits: -2278424556651264722
  leastSigBits: -7836384315994476702
}
.
2020-08-28 21:34:55,565 [Command processor thread] INFO  commandhandler.CreatePipelineCommandHandler (CreatePipelineCommandHandler.java:handle(110)) - Created Pipeline RATIS THREE #id: "e06168ef-f546-452e-933f-91fbc9b4ef62"
uuid128 {
  mostSigBits: -2278424556651264722
  leastSigBits: -7836384315994476702
}
.
2020-08-28 21:34:55,567 [Command processor thread] INFO  commandhandler.CreatePipelineCommandHandler (CreatePipelineCommandHandler.java:handle(110)) - Created Pipeline RATIS THREE #id: "e06168ef-f546-452e-933f-91fbc9b4ef62"
uuid128 {
  mostSigBits: -2278424556651264722
  leastSigBits: -7836384315994476702
}
.
2020-08-28 21:34:56,179 [Listener at 127.0.0.1/44483] INFO  ozone.MiniOzoneClusterImpl (MiniOzoneClusterImpl.java:lambda$waitForClusterToBeReady$0(177)) - Nodes are ready. Got 3 of 3 DN Heartbeats.
2020-08-28 21:34:56,179 [Listener at 127.0.0.1/44483] INFO  ozone.MiniOzoneClusterImpl (MiniOzoneClusterImpl.java:lambda$waitForClusterToBeReady$0(180)) - Waiting for cluster to exit safe mode
2020-08-28 21:34:57,179 [Listener at 127.0.0.1/44483] INFO  ozone.MiniOzoneClusterImpl (MiniOzoneClusterImpl.java:lambda$waitForClusterToBeReady$0(177)) - Nodes are ready. Got 3 of 3 DN Heartbeats.
2020-08-28 21:34:57,180 [Listener at 127.0.0.1/44483] INFO  ozone.MiniOzoneClusterImpl (MiniOzoneClusterImpl.java:lambda$waitForClusterToBeReady$0(180)) - Waiting for cluster to exit safe mode
2020-08-28 21:34:58,180 [Listener at 127.0.0.1/44483] INFO  ozone.MiniOzoneClusterImpl (MiniOzoneClusterImpl.java:lambda$waitForClusterToBeReady$0(177)) - Nodes are ready. Got 3 of 3 DN Heartbeats.
2020-08-28 21:34:58,180 [Listener at 127.0.0.1/44483] INFO  ozone.MiniOzoneClusterImpl (MiniOzoneClusterImpl.java:lambda$waitForClusterToBeReady$0(180)) - Waiting for cluster to exit safe mode
2020-08-28 21:34:59,180 [Listener at 127.0.0.1/44483] INFO  ozone.MiniOzoneClusterImpl (MiniOzoneClusterImpl.java:lambda$waitForClusterToBeReady$0(177)) - Nodes are ready. Got 3 of 3 DN Heartbeats.
2020-08-28 21:34:59,181 [Listener at 127.0.0.1/44483] INFO  ozone.MiniOzoneClusterImpl (MiniOzoneClusterImpl.java:lambda$waitForClusterToBeReady$0(180)) - Waiting for cluster to exit safe mode
2020-08-28 21:34:59,955 [Thread-194] INFO  impl.FollowerState (FollowerState.java:run(108)) - 5a088c0d-81d8-4f04-8dbf-5f66da507bbe@group-91FBC9B4EF62-FollowerState: change to CANDIDATE, lastRpcTime:5062ms, electionTimeout:5058ms
2020-08-28 21:34:59,958 [Thread-194] INFO  impl.RoleInfo (RoleInfo.java:shutdownFollowerState(121)) - 5a088c0d-81d8-4f04-8dbf-5f66da507bbe: shutdown FollowerState
2020-08-28 21:34:59,958 [Thread-194] INFO  impl.RaftServerImpl (RaftServerImpl.java:setRole(185)) - 5a088c0d-81d8-4f04-8dbf-5f66da507bbe@group-91FBC9B4EF62: changes role from  FOLLOWER to CANDIDATE at term 0 for changeToCandidate
2020-08-28 21:34:59,960 [Thread-194] INFO  impl.RoleInfo (RoleInfo.java:updateAndGet(143)) - 5a088c0d-81d8-4f04-8dbf-5f66da507bbe: start LeaderElection
2020-08-28 21:34:59,966 [5a088c0d-81d8-4f04-8dbf-5f66da507bbe@group-91FBC9B4EF62-LeaderElection1] INFO  impl.LeaderElection (LeaderElection.java:askForVotes(209)) - 5a088c0d-81d8-4f04-8dbf-5f66da507bbe@group-91FBC9B4EF62-LeaderElection1: begin an election at term 1 for -1: [d3f82553-6c6d-415b-80cc-3853fb4af59e:172.17.0.2:32865, a375023d-7f8e-49f3-9ad3-0728392d486a:172.17.0.2:38435, 5a088c0d-81d8-4f04-8dbf-5f66da507bbe:172.17.0.2:42633], old=null
2020-08-28 21:34:59,996 [grpc-default-executor-0] INFO  impl.RaftServerImpl (RaftServerImpl.java:setRole(185)) - d3f82553-6c6d-415b-80cc-3853fb4af59e@group-91FBC9B4EF62: changes role from  FOLLOWER to FOLLOWER at term 1 for recognizeCandidate:5a088c0d-81d8-4f04-8dbf-5f66da507bbe
2020-08-28 21:34:59,996 [grpc-default-executor-0] INFO  impl.RoleInfo (RoleInfo.java:shutdownFollowerState(121)) - d3f82553-6c6d-415b-80cc-3853fb4af59e: shutdown FollowerState
2020-08-28 21:34:59,996 [grpc-default-executor-0] INFO  impl.RoleInfo (RoleInfo.java:updateAndGet(143)) - d3f82553-6c6d-415b-80cc-3853fb4af59e: start FollowerState
2020-08-28 21:34:59,996 [Thread-204] INFO  impl.FollowerState (FollowerState.java:run(117)) - d3f82553-6c6d-415b-80cc-3853fb4af59e@group-91FBC9B4EF62-FollowerState was interrupted: java.lang.InterruptedException: sleep interrupted
2020-08-28 21:35:00,012 [Thread-192] INFO  impl.FollowerState (FollowerState.java:run(108)) - 5a088c0d-81d8-4f04-8dbf-5f66da507bbe@group-379C33525EFB-FollowerState: change to CANDIDATE, lastRpcTime:5173ms, electionTimeout:5166ms
2020-08-28 21:35:00,012 [Thread-192] INFO  impl.RoleInfo (RoleInfo.java:shutdownFollowerState(121)) - 5a088c0d-81d8-4f04-8dbf-5f66da507bbe: shutdown FollowerState
2020-08-28 21:35:00,012 [Thread-192] INFO  impl.RaftServerImpl (RaftServerImpl.java:setRole(185)) - 5a088c0d-81d8-4f04-8dbf-5f66da507bbe@group-379C33525EFB: changes role from  FOLLOWER to CANDIDATE at term 0 for changeToCandidate
2020-08-28 21:35:00,013 [Thread-192] INFO  impl.RoleInfo (RoleInfo.java:updateAndGet(143)) - 5a088c0d-81d8-4f04-8dbf-5f66da507bbe: start LeaderElection
2020-08-28 21:35:00,024 [5a088c0d-81d8-4f04-8dbf-5f66da507bbe@group-91FBC9B4EF62-LeaderElection1] INFO  impl.LeaderElection (LeaderElection.java:logAndReturn(61)) - 5a088c0d-81d8-4f04-8dbf-5f66da507bbe@group-91FBC9B4EF62-LeaderElection1: Election PASSED; received 1 response(s) [5a088c0d-81d8-4f04-8dbf-5f66da507bbe<-d3f82553-6c6d-415b-80cc-3853fb4af59e#0:OK-t1] and 0 exception(s); 5a088c0d-81d8-4f04-8dbf-5f66da507bbe@group-91FBC9B4EF62:t1, leader=null, voted=5a088c0d-81d8-4f04-8dbf-5f66da507bbe, raftlog=5a088c0d-81d8-4f04-8dbf-5f66da507bbe@group-91FBC9B4EF62-SegmentedRaftLog:OPENED:c-1,f-1,i0, conf=-1: [d3f82553-6c6d-415b-80cc-3853fb4af59e:172.17.0.2:32865, a375023d-7f8e-49f3-9ad3-0728392d486a:172.17.0.2:38435, 5a088c0d-81d8-4f04-8dbf-5f66da507bbe:172.17.0.2:42633], old=null
2020-08-28 21:35:00,026 [grpc-default-executor-0] INFO  impl.RaftServerImpl (RaftServerImpl.java:setRole(185)) - a375023d-7f8e-49f3-9ad3-0728392d486a@group-91FBC9B4EF62: changes role from  FOLLOWER to FOLLOWER at term 1 for recognizeCandidate:5a088c0d-81d8-4f04-8dbf-5f66da507bbe
2020-08-28 21:35:00,026 [grpc-default-executor-0] INFO  impl.RoleInfo (RoleInfo.java:shutdownFollowerState(121)) - a375023d-7f8e-49f3-9ad3-0728392d486a: shutdown FollowerState
2020-08-28 21:35:00,026 [grpc-default-executor-0] INFO  impl.RoleInfo (RoleInfo.java:updateAndGet(143)) - a375023d-7f8e-49f3-9ad3-0728392d486a: start FollowerState
2020-08-28 21:35:00,026 [Thread-199] INFO  impl.FollowerState (FollowerState.java:run(117)) - a375023d-7f8e-49f3-9ad3-0728392d486a@group-91FBC9B4EF62-FollowerState was interrupted: java.lang.InterruptedException: sleep interrupted
2020-08-28 21:35:00,027 [5a088c0d-81d8-4f04-8dbf-5f66da507bbe@group-91FBC9B4EF62-LeaderElection1] INFO  impl.RoleInfo (RoleInfo.java:shutdownLeaderElection(134)) - 5a088c0d-81d8-4f04-8dbf-5f66da507bbe: shutdown LeaderElection
2020-08-28 21:35:00,027 [5a088c0d-81d8-4f04-8dbf-5f66da507bbe@group-91FBC9B4EF62-LeaderElection1] INFO  impl.RaftServerImpl (RaftServerImpl.java:setRole(185)) - 5a088c0d-81d8-4f04-8dbf-5f66da507bbe@group-91FBC9B4EF62: changes role from CANDIDATE to LEADER at term 1 for changeToLeader
2020-08-28 21:35:00,027 [5a088c0d-81d8-4f04-8dbf-5f66da507bbe@group-379C33525EFB-LeaderElection2] INFO  impl.LeaderElection (LeaderElection.java:askForVotes(209)) - 5a088c0d-81d8-4f04-8dbf-5f66da507bbe@group-379C33525EFB-LeaderElection2: begin an election at term 1 for -1: [5a088c0d-81d8-4f04-8dbf-5f66da507bbe:172.17.0.2:42633], old=null
2020-08-28 21:35:00,032 [5a088c0d-81d8-4f04-8dbf-5f66da507bbe@group-91FBC9B4EF62-LeaderElection1] INFO  ratis.XceiverServerRatis (XceiverServerRatis.java:handleLeaderChangedNotification(822)) - Leader change notification received for group: group-91FBC9B4EF62 with new leaderId: 5a088c0d-81d8-4f04-8dbf-5f66da507bbe
2020-08-28 21:35:00,032 [5a088c0d-81d8-4f04-8dbf-5f66da507bbe@group-379C33525EFB-LeaderElection2] INFO  impl.RoleInfo (RoleInfo.java:shutdownLeaderElection(134)) - 5a088c0d-81d8-4f04-8dbf-5f66da507bbe: shutdown LeaderElection
2020-08-28 21:35:00,032 [Datanode State Machine Thread - 0] WARN  statemachine.DatanodeStateMachine (DatanodeStateMachine.java:start(245)) - Interrupt the execution.
java.lang.InterruptedException: sleep interrupted
	at java.lang.Thread.sleep(Native Method)
	at org.apache.hadoop.ozone.container.common.statemachine.DatanodeStateMachine.start(DatanodeStateMachine.java:243)
	at org.apache.hadoop.ozone.container.common.statemachine.DatanodeStateMachine.lambda$startDaemon$0(DatanodeStateMachine.java:405)
	at java.lang.Thread.run(Thread.java:748)
2020-08-28 21:35:00,033 [5a088c0d-81d8-4f04-8dbf-5f66da507bbe@group-379C33525EFB-LeaderElection2] INFO  impl.RaftServerImpl (RaftServerImpl.java:setRole(185)) - 5a088c0d-81d8-4f04-8dbf-5f66da507bbe@group-379C33525EFB: changes role from CANDIDATE to LEADER at term 1 for changeToLeader
2020-08-28 21:35:00,033 [5a088c0d-81d8-4f04-8dbf-5f66da507bbe@group-379C33525EFB-LeaderElection2] INFO  ratis.XceiverServerRatis (XceiverServerRatis.java:handleLeaderChangedNotification(822)) - Leader change notification received for group: group-379C33525EFB with new leaderId: 5a088c0d-81d8-4f04-8dbf-5f66da507bbe
2020-08-28 21:35:00,033 [Datanode State Machine Thread - 0] WARN  statemachine.DatanodeStateMachine (DatanodeStateMachine.java:start(233)) - Interrupt the execution.
java.lang.InterruptedException
	at java.util.concurrent.locks.AbstractQueuedSynchronizer$ConditionObject.reportInterruptAfterWait(AbstractQueuedSynchronizer.java:2014)
	at java.util.concurrent.locks.AbstractQueuedSynchronizer$ConditionObject.awaitNanos(AbstractQueuedSynchronizer.java:2088)
	at java.util.concurrent.LinkedBlockingQueue.poll(LinkedBlockingQueue.java:467)
	at java.util.concurrent.ExecutorCompletionService.poll(ExecutorCompletionService.java:202)
	at org.apache.hadoop.ozone.container.common.states.datanode.RunningDatanodeState.await(RunningDatanodeState.java:218)
	at org.apache.hadoop.ozone.container.common.states.datanode.RunningDatanodeState.await(RunningDatanodeState.java:50)
	at org.apache.hadoop.ozone.container.common.statemachine.StateContext.execute(StateContext.java:450)
	at org.apache.hadoop.ozone.container.common.statemachine.DatanodeStateMachine.start(DatanodeStateMachine.java:227)
	at org.apache.hadoop.ozone.container.common.statemachine.DatanodeStateMachine.lambda$startDaemon$0(DatanodeStateMachine.java:405)
	at java.lang.Thread.run(Thread.java:748)
2020-08-28 21:35:00,033 [5a088c0d-81d8-4f04-8dbf-5f66da507bbe@group-379C33525EFB-LeaderElection2] INFO  impl.RaftServerImpl (ServerState.java:setLeader(255)) - 5a088c0d-81d8-4f04-8dbf-5f66da507bbe@group-379C33525EFB: change Leader from null to 5a088c0d-81d8-4f04-8dbf-5f66da507bbe at term 1 for becomeLeader, leader elected after 5313ms
2020-08-28 21:35:00,034 [EventQueue-PipelineReportForPipelineReportHandler] INFO  pipeline.PipelineStateManager (PipelineStateManager.java:openPipeline(131)) - Pipeline Pipeline[ Id: e06168ef-f546-452e-933f-91fbc9b4ef62, Nodes: d3f82553-6c6d-415b-80cc-3853fb4af59e{ip: 172.17.0.2, host: 8b499f13bb7e, networkLocation: /default-rack, certSerialId: null}a375023d-7f8e-49f3-9ad3-0728392d486a{ip: 172.17.0.2, host: 8b499f13bb7e, networkLocation: /default-rack, certSerialId: null}5a088c0d-81d8-4f04-8dbf-5f66da507bbe{ip: 172.17.0.2, host: 8b499f13bb7e, networkLocation: /default-rack, certSerialId: null}, Type:RATIS, Factor:THREE, State:ALLOCATED, leaderId:5a088c0d-81d8-4f04-8dbf-5f66da507bbe, CreationTimestamp2020-08-28T21:34:52.191Z] moved to OPEN state
2020-08-28 21:35:00,034 [EventQueue-OpenPipelineForOneReplicaPipelineSafeModeRule] INFO  safemode.SCMSafeModeManager (SCMSafeModeManager.java:validateSafeModeExitRules(214)) - AtleastOneDatanodeReportedRule rule is successfully validated
2020-08-28 21:35:00,034 [EventQueue-OpenPipelineForHealthyPipelineSafeModeRule] INFO  safemode.SCMSafeModeManager (HealthyPipelineSafeModeRule.java:process(129)) - SCM in safe mode. Healthy pipelines reported count is 1, required healthy pipeline reported count is 1
2020-08-28 21:35:00,039 [EventQueue-OpenPipelineForHealthyPipelineSafeModeRule] INFO  safemode.SCMSafeModeManager (SCMSafeModeManager.java:validateSafeModeExitRules(214)) - HealthyPipelineSafeModeRule rule is successfully validated
2020-08-28 21:35:00,039 [EventQueue-OpenPipelineForHealthyPipelineSafeModeRule] INFO  safemode.SCMSafeModeManager (SCMSafeModeManager.java:validateSafeModeExitRules(228)) - ScmSafeModeManager, all rules are successfully validated
2020-08-28 21:35:00,042 [EventQueue-OpenPipelineForHealthyPipelineSafeModeRule] INFO  safemode.SCMSafeModeManager (SCMSafeModeManager.java:exitSafeMode(257)) - SCM exiting safe mode.
2020-08-28 21:35:00,032 [5a088c0d-81d8-4f04-8dbf-5f66da507bbe@group-91FBC9B4EF62-LeaderElection1] INFO  impl.RaftServerImpl (ServerState.java:setLeader(255)) - 5a088c0d-81d8-4f04-8dbf-5f66da507bbe@group-91FBC9B4EF62: change Leader from null to 5a088c0d-81d8-4f04-8dbf-5f66da507bbe at term 1 for becomeLeader, leader elected after 5156ms
2020-08-28 21:35:00,047 [5a088c0d-81d8-4f04-8dbf-5f66da507bbe@group-91FBC9B4EF62-LeaderElection1] INFO  server.RaftServerConfigKeys (ConfUtils.java:logGet(44)) - raft.server.staging.catchup.gap = 1000 (default)
2020-08-28 21:35:00,047 [5a088c0d-81d8-4f04-8dbf-5f66da507bbe@group-91FBC9B4EF62-LeaderElection1] INFO  server.RaftServerConfigKeys (ConfUtils.java:logGet(44)) - raft.server.rpc.sleep.time = 25ms (default)
2020-08-28 21:35:00,049 [5a088c0d-81d8-4f04-8dbf-5f66da507bbe@group-91FBC9B4EF62-LeaderElection1] INFO  metrics.RatisMetrics (RatisMetrics.java:lambda$create$0(36)) - Creating Metrics Registry : ratis.log_appender.5a088c0d-81d8-4f04-8dbf-5f66da507bbe@group-91FBC9B4EF62
2020-08-28 21:35:00,051 [5a088c0d-81d8-4f04-8dbf-5f66da507bbe@group-91FBC9B4EF62-LeaderElection1] INFO  server.RaftServerConfigKeys (ConfUtils.java:logGet(44)) - raft.server.write.element-limit = 1024 (custom)
2020-08-28 21:35:00,053 [5a088c0d-81d8-4f04-8dbf-5f66da507bbe@group-91FBC9B4EF62-LeaderElection1] INFO  server.RaftServerConfigKeys (ConfUtils.java:logGet(44)) - raft.server.write.byte-limit = 1073741824 (custom)
2020-08-28 21:35:00,053 [5a088c0d-81d8-4f04-8dbf-5f66da507bbe@group-379C33525EFB-LeaderElection2] INFO  server.RaftServerConfigKeys (ConfUtils.java:logGet(44)) - raft.server.staging.catchup.gap = 1000 (default)
2020-08-28 21:35:00,056 [5a088c0d-81d8-4f04-8dbf-5f66da507bbe@group-379C33525EFB-LeaderElection2] INFO  server.RaftServerConfigKeys (ConfUtils.java:logGet(44)) - raft.server.rpc.sleep.time = 25ms (default)
2020-08-28 21:35:00,056 [5a088c0d-81d8-4f04-8dbf-5f66da507bbe@group-379C33525EFB-LeaderElection2] INFO  metrics.RatisMetrics (RatisMetrics.java:lambda$create$0(36)) - Creating Metrics Registry : ratis.log_appender.5a088c0d-81d8-4f04-8dbf-5f66da507bbe@group-379C33525EFB
2020-08-28 21:35:00,056 [5a088c0d-81d8-4f04-8dbf-5f66da507bbe@group-379C33525EFB-LeaderElection2] INFO  server.RaftServerConfigKeys (ConfUtils.java:logGet(44)) - raft.server.write.element-limit = 1024 (custom)
2020-08-28 21:35:00,056 [5a088c0d-81d8-4f04-8dbf-5f66da507bbe@group-379C33525EFB-LeaderElection2] INFO  server.RaftServerConfigKeys (ConfUtils.java:logGet(44)) - raft.server.write.byte-limit = 1073741824 (custom)
2020-08-28 21:35:00,061 [5a088c0d-81d8-4f04-8dbf-5f66da507bbe@group-379C33525EFB-LeaderElection2] INFO  server.RaftServerConfigKeys (ConfUtils.java:logGet(44)) - raft.server.watch.timeout = 3000ms (custom)
2020-08-28 21:35:00,061 [5a088c0d-81d8-4f04-8dbf-5f66da507bbe@group-91FBC9B4EF62-LeaderElection1] INFO  server.RaftServerConfigKeys (ConfUtils.java:logGet(44)) - raft.server.watch.timeout = 3000ms (custom)
2020-08-28 21:35:00,062 [5a088c0d-81d8-4f04-8dbf-5f66da507bbe@group-91FBC9B4EF62-LeaderElection1] INFO  server.RaftServerConfigKeys (ConfUtils.java:logGet(44)) - raft.server.watch.timeout.denomination = 1s (default)
2020-08-28 21:35:00,062 [5a088c0d-81d8-4f04-8dbf-5f66da507bbe@group-379C33525EFB-LeaderElection2] INFO  server.RaftServerConfigKeys (ConfUtils.java:logGet(44)) - raft.server.watch.timeout.denomination = 1s (default)
2020-08-28 21:35:00,062 [5a088c0d-81d8-4f04-8dbf-5f66da507bbe@group-379C33525EFB-LeaderElection2] INFO  server.RaftServerConfigKeys (ConfUtils.java:logGet(44)) - raft.server.watch.element-limit = 65536 (default)
2020-08-28 21:35:00,067 [5a088c0d-81d8-4f04-8dbf-5f66da507bbe@group-91FBC9B4EF62-LeaderElection1] INFO  server.RaftServerConfigKeys (ConfUtils.java:logGet(44)) - raft.server.watch.element-limit = 65536 (default)
2020-08-28 21:35:00,072 [5a088c0d-81d8-4f04-8dbf-5f66da507bbe@group-91FBC9B4EF62-LeaderElection1] INFO  server.RaftServerConfigKeys (ConfUtils.java:logGet(44)) - raft.server.log.appender.snapshot.chunk.size.max = 16MB (=16777216) (default)
2020-08-28 21:35:00,072 [5a088c0d-81d8-4f04-8dbf-5f66da507bbe@group-91FBC9B4EF62-LeaderElection1] INFO  server.RaftServerConfigKeys (ConfUtils.java:logGet(44)) - raft.server.log.appender.buffer.byte-limit = 33554432 (custom)
2020-08-28 21:35:00,072 [5a088c0d-81d8-4f04-8dbf-5f66da507bbe@group-91FBC9B4EF62-LeaderElection1] INFO  server.RaftServerConfigKeys (ConfUtils.java:logGet(44)) - raft.server.log.appender.buffer.element-limit = 1 (custom)
2020-08-28 21:35:00,075 [5a088c0d-81d8-4f04-8dbf-5f66da507bbe@group-91FBC9B4EF62-LeaderElection1] INFO  grpc.GrpcConfigKeys (ConfUtils.java:logGet(44)) - raft.grpc.server.leader.outstanding.appends.max = 128 (default)
2020-08-28 21:35:00,075 [5a088c0d-81d8-4f04-8dbf-5f66da507bbe@group-91FBC9B4EF62-LeaderElection1] INFO  server.RaftServerConfigKeys (ConfUtils.java:logGet(44)) - raft.server.rpc.request.timeout = 3000ms (default)
2020-08-28 21:35:00,076 [5a088c0d-81d8-4f04-8dbf-5f66da507bbe@group-91FBC9B4EF62-LeaderElection1] INFO  server.RaftServerConfigKeys (ConfUtils.java:logGet(44)) - raft.server.log.appender.install.snapshot.enabled = false (custom)
2020-08-28 21:35:00,077 [5a088c0d-81d8-4f04-8dbf-5f66da507bbe@group-91FBC9B4EF62-LeaderElection1] INFO  metrics.RatisMetrics (RatisMetrics.java:lambda$create$0(36)) - Creating Metrics Registry : ratis_grpc.log_appender.5a088c0d-81d8-4f04-8dbf-5f66da507bbe@group-91FBC9B4EF62
2020-08-28 21:35:00,076 [5a088c0d-81d8-4f04-8dbf-5f66da507bbe@group-379C33525EFB-LeaderElection2] INFO  impl.RoleInfo (RoleInfo.java:updateAndGet(143)) - 5a088c0d-81d8-4f04-8dbf-5f66da507bbe: start LeaderState
2020-08-28 21:35:00,086 [5a088c0d-81d8-4f04-8dbf-5f66da507bbe@group-91FBC9B4EF62-LeaderElection1] INFO  server.RaftServerConfigKeys (ConfUtils.java:logGet(44)) - raft.server.log.appender.snapshot.chunk.size.max = 16MB (=16777216) (default)
2020-08-28 21:35:00,086 [5a088c0d-81d8-4f04-8dbf-5f66da507bbe@group-91FBC9B4EF62-LeaderElection1] INFO  server.RaftServerConfigKeys (ConfUtils.java:logGet(44)) - raft.server.log.appender.buffer.byte-limit = 33554432 (custom)
2020-08-28 21:35:00,086 [5a088c0d-81d8-4f04-8dbf-5f66da507bbe@group-91FBC9B4EF62-LeaderElection1] INFO  server.RaftServerConfigKeys (ConfUtils.java:logGet(44)) - raft.server.log.appender.buffer.element-limit = 1 (custom)
2020-08-28 21:35:00,087 [5a088c0d-81d8-4f04-8dbf-5f66da507bbe@group-91FBC9B4EF62-LeaderElection1] INFO  grpc.GrpcConfigKeys (ConfUtils.java:logGet(44)) - raft.grpc.server.leader.outstanding.appends.max = 128 (default)
2020-08-28 21:35:00,087 [5a088c0d-81d8-4f04-8dbf-5f66da507bbe@group-91FBC9B4EF62-LeaderElection1] INFO  server.RaftServerConfigKeys (ConfUtils.java:logGet(44)) - raft.server.rpc.request.timeout = 3000ms (default)
2020-08-28 21:35:00,087 [5a088c0d-81d8-4f04-8dbf-5f66da507bbe@group-91FBC9B4EF62-LeaderElection1] INFO  server.RaftServerConfigKeys (ConfUtils.java:logGet(44)) - raft.server.log.appender.install.snapshot.enabled = false (custom)
2020-08-28 21:35:00,212 [Listener at 127.0.0.1/44483] INFO  ozone.MiniOzoneClusterImpl (MiniOzoneClusterImpl.java:lambda$waitForClusterToBeReady$0(177)) - Nodes are ready. Got 3 of 3 DN Heartbeats.
2020-08-28 21:35:00,212 [Listener at 127.0.0.1/44483] INFO  ozone.MiniOzoneClusterImpl (MiniOzoneClusterImpl.java:lambda$waitForClusterToBeReady$0(180)) - Cluster exits safe mode
2020-08-28 21:35:00,231 [5a088c0d-81d8-4f04-8dbf-5f66da507bbe@group-379C33525EFB-LeaderElection2] INFO  segmented.SegmentedRaftLogWorker (SegmentedRaftLogWorker.java:startLogSegment(397)) - 5a088c0d-81d8-4f04-8dbf-5f66da507bbe@group-379C33525EFB-SegmentedRaftLogWorker: Starting segment from index:0
2020-08-28 21:35:00,232 [5a088c0d-81d8-4f04-8dbf-5f66da507bbe@group-91FBC9B4EF62-LeaderElection1] INFO  impl.RoleInfo (RoleInfo.java:updateAndGet(143)) - 5a088c0d-81d8-4f04-8dbf-5f66da507bbe: start LeaderState
2020-08-28 21:35:00,233 [5a088c0d-81d8-4f04-8dbf-5f66da507bbe@group-91FBC9B4EF62-LeaderElection1] INFO  segmented.SegmentedRaftLogWorker (SegmentedRaftLogWorker.java:startLogSegment(397)) - 5a088c0d-81d8-4f04-8dbf-5f66da507bbe@group-91FBC9B4EF62-SegmentedRaftLogWorker: Starting segment from index:0
2020-08-28 21:35:00,245 [5a088c0d-81d8-4f04-8dbf-5f66da507bbe@group-91FBC9B4EF62-LeaderElection1] INFO  impl.RaftServerImpl (ServerState.java:setRaftConf(356)) - 5a088c0d-81d8-4f04-8dbf-5f66da507bbe@group-91FBC9B4EF62: set configuration 0: [d3f82553-6c6d-415b-80cc-3853fb4af59e:172.17.0.2:32865, a375023d-7f8e-49f3-9ad3-0728392d486a:172.17.0.2:38435, 5a088c0d-81d8-4f04-8dbf-5f66da507bbe:172.17.0.2:42633], old=null at 0
2020-08-28 21:35:00,247 [5a088c0d-81d8-4f04-8dbf-5f66da507bbe@group-379C33525EFB-LeaderElection2] INFO  impl.RaftServerImpl (ServerState.java:setRaftConf(356)) - 5a088c0d-81d8-4f04-8dbf-5f66da507bbe@group-379C33525EFB: set configuration 0: [5a088c0d-81d8-4f04-8dbf-5f66da507bbe:172.17.0.2:42633], old=null at 0
2020-08-28 21:35:00,268 [Thread-197] INFO  impl.FollowerState (FollowerState.java:run(108)) - a375023d-7f8e-49f3-9ad3-0728392d486a@group-A76080AF82D2-FollowerState: change to CANDIDATE, lastRpcTime:5212ms, electionTimeout:5195ms
2020-08-28 21:35:00,268 [Thread-197] INFO  impl.RoleInfo (RoleInfo.java:shutdownFollowerState(121)) - a375023d-7f8e-49f3-9ad3-0728392d486a: shutdown FollowerState
2020-08-28 21:35:00,269 [Thread-197] INFO  impl.RaftServerImpl (RaftServerImpl.java:setRole(185)) - a375023d-7f8e-49f3-9ad3-0728392d486a@group-A76080AF82D2: changes role from  FOLLOWER to CANDIDATE at term 0 for changeToCandidate
2020-08-28 21:35:00,269 [Thread-197] INFO  impl.RoleInfo (RoleInfo.java:updateAndGet(143)) - a375023d-7f8e-49f3-9ad3-0728392d486a: start LeaderElection
2020-08-28 21:35:00,307 [a375023d-7f8e-49f3-9ad3-0728392d486a@group-A76080AF82D2-LeaderElection3] INFO  impl.LeaderElection (LeaderElection.java:askForVotes(209)) - a375023d-7f8e-49f3-9ad3-0728392d486a@group-A76080AF82D2-LeaderElection3: begin an election at term 1 for -1: [a375023d-7f8e-49f3-9ad3-0728392d486a:172.17.0.2:38435], old=null
2020-08-28 21:35:00,314 [a375023d-7f8e-49f3-9ad3-0728392d486a@group-A76080AF82D2-LeaderElection3] INFO  impl.RoleInfo (RoleInfo.java:shutdownLeaderElection(134)) - a375023d-7f8e-49f3-9ad3-0728392d486a: shutdown LeaderElection
2020-08-28 21:35:00,314 [a375023d-7f8e-49f3-9ad3-0728392d486a@group-A76080AF82D2-LeaderElection3] INFO  impl.RaftServerImpl (RaftServerImpl.java:setRole(185)) - a375023d-7f8e-49f3-9ad3-0728392d486a@group-A76080AF82D2: changes role from CANDIDATE to LEADER at term 1 for changeToLeader
2020-08-28 21:35:00,314 [a375023d-7f8e-49f3-9ad3-0728392d486a@group-A76080AF82D2-LeaderElection3] INFO  ratis.XceiverServerRatis (XceiverServerRatis.java:handleLeaderChangedNotification(822)) - Leader change notification received for group: group-A76080AF82D2 with new leaderId: a375023d-7f8e-49f3-9ad3-0728392d486a
2020-08-28 21:35:00,333 [a375023d-7f8e-49f3-9ad3-0728392d486a@group-A76080AF82D2-LeaderElection3] INFO  impl.RaftServerImpl (ServerState.java:setLeader(255)) - a375023d-7f8e-49f3-9ad3-0728392d486a@group-A76080AF82D2: change Leader from null to a375023d-7f8e-49f3-9ad3-0728392d486a at term 1 for becomeLeader, leader elected after 5267ms
2020-08-28 21:35:00,333 [Datanode State Machine Thread - 0] WARN  statemachine.DatanodeStateMachine (DatanodeStateMachine.java:start(245)) - Interrupt the execution.
java.lang.InterruptedException: sleep interrupted
	at java.lang.Thread.sleep(Native Method)
	at org.apache.hadoop.ozone.container.common.statemachine.DatanodeStateMachine.start(DatanodeStateMachine.java:243)
	at org.apache.hadoop.ozone.container.common.statemachine.DatanodeStateMachine.lambda$startDaemon$0(DatanodeStateMachine.java:405)
	at java.lang.Thread.run(Thread.java:748)
2020-08-28 21:35:00,333 [a375023d-7f8e-49f3-9ad3-0728392d486a@group-A76080AF82D2-LeaderElection3] INFO  server.RaftServerConfigKeys (ConfUtils.java:logGet(44)) - raft.server.staging.catchup.gap = 1000 (default)
2020-08-28 21:35:00,334 [a375023d-7f8e-49f3-9ad3-0728392d486a@group-A76080AF82D2-LeaderElection3] INFO  server.RaftServerConfigKeys (ConfUtils.java:logGet(44)) - raft.server.rpc.sleep.time = 25ms (default)
2020-08-28 21:35:00,334 [a375023d-7f8e-49f3-9ad3-0728392d486a@group-A76080AF82D2-LeaderElection3] INFO  metrics.RatisMetrics (RatisMetrics.java:lambda$create$0(36)) - Creating Metrics Registry : ratis.log_appender.a375023d-7f8e-49f3-9ad3-0728392d486a@group-A76080AF82D2
2020-08-28 21:35:00,334 [a375023d-7f8e-49f3-9ad3-0728392d486a@group-A76080AF82D2-LeaderElection3] INFO  server.RaftServerConfigKeys (ConfUtils.java:logGet(44)) - raft.server.write.element-limit = 1024 (custom)
2020-08-28 21:35:00,334 [a375023d-7f8e-49f3-9ad3-0728392d486a@group-A76080AF82D2-LeaderElection3] INFO  server.RaftServerConfigKeys (ConfUtils.java:logGet(44)) - raft.server.write.byte-limit = 1073741824 (custom)
2020-08-28 21:35:00,335 [a375023d-7f8e-49f3-9ad3-0728392d486a@group-A76080AF82D2-LeaderElection3] INFO  server.RaftServerConfigKeys (ConfUtils.java:logGet(44)) - raft.server.watch.timeout = 3000ms (custom)
2020-08-28 21:35:00,335 [a375023d-7f8e-49f3-9ad3-0728392d486a@group-A76080AF82D2-LeaderElection3] INFO  server.RaftServerConfigKeys (ConfUtils.java:logGet(44)) - raft.server.watch.timeout.denomination = 1s (default)
2020-08-28 21:35:00,336 [a375023d-7f8e-49f3-9ad3-0728392d486a@group-A76080AF82D2-LeaderElection3] INFO  server.RaftServerConfigKeys (ConfUtils.java:logGet(44)) - raft.server.watch.element-limit = 65536 (default)
2020-08-28 21:35:00,336 [a375023d-7f8e-49f3-9ad3-0728392d486a@group-A76080AF82D2-LeaderElection3] INFO  impl.RoleInfo (RoleInfo.java:updateAndGet(143)) - a375023d-7f8e-49f3-9ad3-0728392d486a: start LeaderState
2020-08-28 21:35:00,336 [a375023d-7f8e-49f3-9ad3-0728392d486a@group-A76080AF82D2-LeaderElection3] INFO  segmented.SegmentedRaftLogWorker (SegmentedRaftLogWorker.java:startLogSegment(397)) - a375023d-7f8e-49f3-9ad3-0728392d486a@group-A76080AF82D2-SegmentedRaftLogWorker: Starting segment from index:0
2020-08-28 21:35:00,343 [a375023d-7f8e-49f3-9ad3-0728392d486a@group-A76080AF82D2-LeaderElection3] INFO  impl.RaftServerImpl (ServerState.java:setRaftConf(356)) - a375023d-7f8e-49f3-9ad3-0728392d486a@group-A76080AF82D2: set configuration 0: [a375023d-7f8e-49f3-9ad3-0728392d486a:172.17.0.2:38435], old=null at 0
2020-08-28 21:35:00,350 [grpc-default-executor-0] INFO  ratis.XceiverServerRatis (XceiverServerRatis.java:handleLeaderChangedNotification(822)) - Leader change notification received for group: group-91FBC9B4EF62 with new leaderId: 5a088c0d-81d8-4f04-8dbf-5f66da507bbe
2020-08-28 21:35:00,356 [grpc-default-executor-1] INFO  ratis.XceiverServerRatis (XceiverServerRatis.java:handleLeaderChangedNotification(822)) - Leader change notification received for group: group-91FBC9B4EF62 with new leaderId: 5a088c0d-81d8-4f04-8dbf-5f66da507bbe
2020-08-28 21:35:00,359 [grpc-default-executor-1] INFO  impl.RaftServerImpl (ServerState.java:setLeader(255)) - a375023d-7f8e-49f3-9ad3-0728392d486a@group-91FBC9B4EF62: change Leader from null to 5a088c0d-81d8-4f04-8dbf-5f66da507bbe at term 1 for appendEntries, leader elected after 5271ms
2020-08-28 21:35:00,359 [grpc-default-executor-0] INFO  impl.RaftServerImpl (ServerState.java:setLeader(255)) - d3f82553-6c6d-415b-80cc-3853fb4af59e@group-91FBC9B4EF62: change Leader from null to 5a088c0d-81d8-4f04-8dbf-5f66da507bbe at term 1 for appendEntries, leader elected after 5097ms
2020-08-28 21:35:00,374 [Thread-202] INFO  impl.FollowerState (FollowerState.java:run(108)) - d3f82553-6c6d-415b-80cc-3853fb4af59e@group-6E397D611FE7-FollowerState: change to CANDIDATE, lastRpcTime:5139ms, electionTimeout:5138ms
2020-08-28 21:35:00,374 [Thread-202] INFO  impl.RoleInfo (RoleInfo.java:shutdownFollowerState(121)) - d3f82553-6c6d-415b-80cc-3853fb4af59e: shutdown FollowerState
2020-08-28 21:35:00,374 [Thread-202] INFO  impl.RaftServerImpl (RaftServerImpl.java:setRole(185)) - d3f82553-6c6d-415b-80cc-3853fb4af59e@group-6E397D611FE7: changes role from  FOLLOWER to CANDIDATE at term 0 for changeToCandidate
2020-08-28 21:35:00,386 [grpc-default-executor-0] INFO  impl.RaftServerImpl (ServerState.java:setRaftConf(356)) - d3f82553-6c6d-415b-80cc-3853fb4af59e@group-91FBC9B4EF62: set configuration 0: [d3f82553-6c6d-415b-80cc-3853fb4af59e:172.17.0.2:32865, a375023d-7f8e-49f3-9ad3-0728392d486a:172.17.0.2:38435, 5a088c0d-81d8-4f04-8dbf-5f66da507bbe:172.17.0.2:42633], old=null at 0
2020-08-28 21:35:00,387 [grpc-default-executor-0] INFO  segmented.SegmentedRaftLogWorker (SegmentedRaftLogWorker.java:startLogSegment(397)) - d3f82553-6c6d-415b-80cc-3853fb4af59e@group-91FBC9B4EF62-SegmentedRaftLogWorker: Starting segment from index:0
2020-08-28 21:35:00,388 [grpc-default-executor-1] INFO  impl.RaftServerImpl (ServerState.java:setRaftConf(356)) - a375023d-7f8e-49f3-9ad3-0728392d486a@group-91FBC9B4EF62: set configuration 0: [d3f82553-6c6d-415b-80cc-3853fb4af59e:172.17.0.2:32865, a375023d-7f8e-49f3-9ad3-0728392d486a:172.17.0.2:38435, 5a088c0d-81d8-4f04-8dbf-5f66da507bbe:172.17.0.2:42633], old=null at 0
2020-08-28 21:35:00,387 [Thread-202] INFO  impl.RoleInfo (RoleInfo.java:updateAndGet(143)) - d3f82553-6c6d-415b-80cc-3853fb4af59e: start LeaderElection
2020-08-28 21:35:00,396 [grpc-default-executor-1] INFO  segmented.SegmentedRaftLogWorker (SegmentedRaftLogWorker.java:startLogSegment(397)) - a375023d-7f8e-49f3-9ad3-0728392d486a@group-91FBC9B4EF62-SegmentedRaftLogWorker: Starting segment from index:0
2020-08-28 21:35:00,427 [d3f82553-6c6d-415b-80cc-3853fb4af59e@group-6E397D611FE7-LeaderElection4] INFO  impl.LeaderElection (LeaderElection.java:askForVotes(209)) - d3f82553-6c6d-415b-80cc-3853fb4af59e@group-6E397D611FE7-LeaderElection4: begin an election at term 1 for -1: [d3f82553-6c6d-415b-80cc-3853fb4af59e:172.17.0.2:32865], old=null
2020-08-28 21:35:00,427 [d3f82553-6c6d-415b-80cc-3853fb4af59e@group-6E397D611FE7-LeaderElection4] INFO  impl.RoleInfo (RoleInfo.java:shutdownLeaderElection(134)) - d3f82553-6c6d-415b-80cc-3853fb4af59e: shutdown LeaderElection
2020-08-28 21:35:00,428 [d3f82553-6c6d-415b-80cc-3853fb4af59e@group-6E397D611FE7-LeaderElection4] INFO  impl.RaftServerImpl (RaftServerImpl.java:setRole(185)) - d3f82553-6c6d-415b-80cc-3853fb4af59e@group-6E397D611FE7: changes role from CANDIDATE to LEADER at term 1 for changeToLeader
2020-08-28 21:35:00,428 [d3f82553-6c6d-415b-80cc-3853fb4af59e@group-6E397D611FE7-LeaderElection4] INFO  ratis.XceiverServerRatis (XceiverServerRatis.java:handleLeaderChangedNotification(822)) - Leader change notification received for group: group-6E397D611FE7 with new leaderId: d3f82553-6c6d-415b-80cc-3853fb4af59e
2020-08-28 21:35:00,428 [d3f82553-6c6d-415b-80cc-3853fb4af59e@group-6E397D611FE7-LeaderElection4] INFO  impl.RaftServerImpl (ServerState.java:setLeader(255)) - d3f82553-6c6d-415b-80cc-3853fb4af59e@group-6E397D611FE7: change Leader from null to d3f82553-6c6d-415b-80cc-3853fb4af59e at term 1 for becomeLeader, leader elected after 5211ms
2020-08-28 21:35:00,428 [Datanode State Machine Thread - 0] WARN  statemachine.DatanodeStateMachine (DatanodeStateMachine.java:start(245)) - Interrupt the execution.
java.lang.InterruptedException: sleep interrupted
	at java.lang.Thread.sleep(Native Method)
	at org.apache.hadoop.ozone.container.common.statemachine.DatanodeStateMachine.start(DatanodeStateMachine.java:243)
	at org.apache.hadoop.ozone.container.common.statemachine.DatanodeStateMachine.lambda$startDaemon$0(DatanodeStateMachine.java:405)
	at java.lang.Thread.run(Thread.java:748)
2020-08-28 21:35:00,428 [d3f82553-6c6d-415b-80cc-3853fb4af59e@group-6E397D611FE7-LeaderElection4] INFO  server.RaftServerConfigKeys (ConfUtils.java:logGet(44)) - raft.server.staging.catchup.gap = 1000 (default)
2020-08-28 21:35:00,431 [d3f82553-6c6d-415b-80cc-3853fb4af59e@group-6E397D611FE7-LeaderElection4] INFO  server.RaftServerConfigKeys (ConfUtils.java:logGet(44)) - raft.server.rpc.sleep.time = 25ms (default)
2020-08-28 21:35:00,431 [d3f82553-6c6d-415b-80cc-3853fb4af59e@group-6E397D611FE7-LeaderElection4] INFO  metrics.RatisMetrics (RatisMetrics.java:lambda$create$0(36)) - Creating Metrics Registry : ratis.log_appender.d3f82553-6c6d-415b-80cc-3853fb4af59e@group-6E397D611FE7
2020-08-28 21:35:00,431 [d3f82553-6c6d-415b-80cc-3853fb4af59e@group-6E397D611FE7-LeaderElection4] INFO  server.RaftServerConfigKeys (ConfUtils.java:logGet(44)) - raft.server.write.element-limit = 1024 (custom)
2020-08-28 21:35:00,431 [d3f82553-6c6d-415b-80cc-3853fb4af59e@group-6E397D611FE7-LeaderElection4] INFO  server.RaftServerConfigKeys (ConfUtils.java:logGet(44)) - raft.server.write.byte-limit = 1073741824 (custom)
2020-08-28 21:35:00,431 [d3f82553-6c6d-415b-80cc-3853fb4af59e@group-6E397D611FE7-LeaderElection4] INFO  server.RaftServerConfigKeys (ConfUtils.java:logGet(44)) - raft.server.watch.timeout = 3000ms (custom)
2020-08-28 21:35:00,431 [d3f82553-6c6d-415b-80cc-3853fb4af59e@group-6E397D611FE7-LeaderElection4] INFO  server.RaftServerConfigKeys (ConfUtils.java:logGet(44)) - raft.server.watch.timeout.denomination = 1s (default)
2020-08-28 21:35:00,432 [d3f82553-6c6d-415b-80cc-3853fb4af59e@group-6E397D611FE7-LeaderElection4] INFO  server.RaftServerConfigKeys (ConfUtils.java:logGet(44)) - raft.server.watch.element-limit = 65536 (default)
2020-08-28 21:35:00,432 [d3f82553-6c6d-415b-80cc-3853fb4af59e@group-6E397D611FE7-LeaderElection4] INFO  impl.RoleInfo (RoleInfo.java:updateAndGet(143)) - d3f82553-6c6d-415b-80cc-3853fb4af59e: start LeaderState
2020-08-28 21:35:00,432 [d3f82553-6c6d-415b-80cc-3853fb4af59e@group-6E397D611FE7-LeaderElection4] INFO  segmented.SegmentedRaftLogWorker (SegmentedRaftLogWorker.java:startLogSegment(397)) - d3f82553-6c6d-415b-80cc-3853fb4af59e@group-6E397D611FE7-SegmentedRaftLogWorker: Starting segment from index:0
2020-08-28 21:35:00,451 [d3f82553-6c6d-415b-80cc-3853fb4af59e@group-6E397D611FE7-LeaderElection4] INFO  impl.RaftServerImpl (ServerState.java:setRaftConf(356)) - d3f82553-6c6d-415b-80cc-3853fb4af59e@group-6E397D611FE7: set configuration 0: [d3f82553-6c6d-415b-80cc-3853fb4af59e:172.17.0.2:32865], old=null at 0
2020-08-28 21:35:00,526 [5a088c0d-81d8-4f04-8dbf-5f66da507bbe@group-379C33525EFB-SegmentedRaftLogWorker] INFO  segmented.SegmentedRaftLogWorker (SegmentedRaftLogWorker.java:execute(596)) - 5a088c0d-81d8-4f04-8dbf-5f66da507bbe@group-379C33525EFB-SegmentedRaftLogWorker: created new log segment /github/workspace/mnt/ozone/hadoop-ozone/integration-test/target/test-dir/MiniOzoneClusterImpl-193645e7-eb61-4b59-aa79-6176b84e3ab6/datanode-0/data/ratis/eda010c2-04bc-4e8b-b42e-379c33525efb/current/log_inprogress_0
2020-08-28 21:35:00,526 [5a088c0d-81d8-4f04-8dbf-5f66da507bbe@group-91FBC9B4EF62-SegmentedRaftLogWorker] INFO  segmented.SegmentedRaftLogWorker (SegmentedRaftLogWorker.java:execute(596)) - 5a088c0d-81d8-4f04-8dbf-5f66da507bbe@group-91FBC9B4EF62-SegmentedRaftLogWorker: created new log segment /github/workspace/mnt/ozone/hadoop-ozone/integration-test/target/test-dir/MiniOzoneClusterImpl-193645e7-eb61-4b59-aa79-6176b84e3ab6/datanode-0/data/ratis/e06168ef-f546-452e-933f-91fbc9b4ef62/current/log_inprogress_0
2020-08-28 21:35:00,528 [a375023d-7f8e-49f3-9ad3-0728392d486a@group-91FBC9B4EF62-SegmentedRaftLogWorker] INFO  segmented.SegmentedRaftLogWorker (SegmentedRaftLogWorker.java:execute(596)) - a375023d-7f8e-49f3-9ad3-0728392d486a@group-91FBC9B4EF62-SegmentedRaftLogWorker: created new log segment /github/workspace/mnt/ozone/hadoop-ozone/integration-test/target/test-dir/MiniOzoneClusterImpl-193645e7-eb61-4b59-aa79-6176b84e3ab6/datanode-1/data/ratis/e06168ef-f546-452e-933f-91fbc9b4ef62/current/log_inprogress_0
2020-08-28 21:35:00,529 [d3f82553-6c6d-415b-80cc-3853fb4af59e@group-6E397D611FE7-SegmentedRaftLogWorker] INFO  segmented.SegmentedRaftLogWorker (SegmentedRaftLogWorker.java:execute(596)) - d3f82553-6c6d-415b-80cc-3853fb4af59e@group-6E397D611FE7-SegmentedRaftLogWorker: created new log segment /github/workspace/mnt/ozone/hadoop-ozone/integration-test/target/test-dir/MiniOzoneClusterImpl-193645e7-eb61-4b59-aa79-6176b84e3ab6/datanode-2/data/ratis/240822a4-4e78-46bc-94da-6e397d611fe7/current/log_inprogress_0
2020-08-28 21:35:00,526 [d3f82553-6c6d-415b-80cc-3853fb4af59e@group-91FBC9B4EF62-SegmentedRaftLogWorker] INFO  segmented.SegmentedRaftLogWorker (SegmentedRaftLogWorker.java:execute(596)) - d3f82553-6c6d-415b-80cc-3853fb4af59e@group-91FBC9B4EF62-SegmentedRaftLogWorker: created new log segment /github/workspace/mnt/ozone/hadoop-ozone/integration-test/target/test-dir/MiniOzoneClusterImpl-193645e7-eb61-4b59-aa79-6176b84e3ab6/datanode-2/data/ratis/e06168ef-f546-452e-933f-91fbc9b4ef62/current/log_inprogress_0
2020-08-28 21:35:00,532 [a375023d-7f8e-49f3-9ad3-0728392d486a@group-A76080AF82D2-SegmentedRaftLogWorker] INFO  segmented.SegmentedRaftLogWorker (SegmentedRaftLogWorker.java:execute(596)) - a375023d-7f8e-49f3-9ad3-0728392d486a@group-A76080AF82D2-SegmentedRaftLogWorker: created new log segment /github/workspace/mnt/ozone/hadoop-ozone/integration-test/target/test-dir/MiniOzoneClusterImpl-193645e7-eb61-4b59-aa79-6176b84e3ab6/datanode-1/data/ratis/fe7e61bd-78aa-4c96-8311-a76080af82d2/current/log_inprogress_0
2020-08-28 21:35:00,858 [Listener at 127.0.0.1/44483] INFO  rpc.RpcClient (RpcClient.java:createVolume(315)) - Creating Volume: testcontainerstatemachinefailures, with jenkins1001 as owner.
2020-08-28 21:35:00,912 [IPC Server handler 10 on default port 44483] INFO  volume.OMVolumeCreateRequest (OMVolumeCreateRequest.java:validateAndUpdateCache(195)) - created volume:testcontainerstatemachinefailures for user:jenkins1001
2020-08-28 21:35:00,931 [Listener at 127.0.0.1/44483] INFO  rpc.RpcClient (RpcClient.java:createBucket(460)) - Creating Bucket: testcontainerstatemachinefailures/testcontainerstatemachinefailures, with Versioning false and Storage Type set to DISK and Encryption set to false 
2020-08-28 21:35:01,088 [Listener at 127.0.0.1/44483] INFO  impl.MetricsSystemImpl (MetricsSystemImpl.java:init(158)) - XceiverClientMetrics metrics system started (again)
2020-08-28 21:35:01,130 [Datanode State Machine Thread - 0] INFO  statemachine.DatanodeStateMachine (DatanodeStateMachine.java:lambda$startDaemon$0(406)) - Ozone container server started.
2020-08-28 21:35:03,045 [EventQueue-Delayed safe mode statusForReplicationManager] INFO  container.ReplicationManager (ReplicationManager.java:start(177)) - Starting Replication Monitor Thread.
2020-08-28 21:35:03,049 [ReplicationMonitor] INFO  container.ReplicationManager (ReplicationManager.java:run(241)) - Replication Monitor Thread took 3 milliseconds for processing 1 containers.
2020-08-28 21:35:03,049 [EventQueue-CloseContainerForCloseContainerEventHandler] INFO  container.CloseContainerEventHandler (CloseContainerEventHandler.java:onMessage(61)) - Close container Event triggered for container : #1
2020-08-28 21:35:03,815 [Command processor thread] ERROR commandhandler.CloseContainerCommandHandler (CloseContainerCommandHandler.java:handle(85)) - Container #1 does not exist in datanode. Container close failed.
2020-08-28 21:35:04,034 [Command processor thread] ERROR commandhandler.CloseContainerCommandHandler (CloseContainerCommandHandler.java:handle(85)) - Container #1 does not exist in datanode. Container close failed.
2020-08-28 21:35:06,104 [Listener at 127.0.0.1/44483] INFO  ozoneimpl.OzoneContainer (OzoneContainer.java:stop(259)) - Attempting to stop container services.
2020-08-28 21:35:06,105 [Listener at 127.0.0.1/44483] INFO  impl.RaftServerProxy (RaftServerProxy.java:lambda$close$4(319)) - d3f82553-6c6d-415b-80cc-3853fb4af59e: close
2020-08-28 21:35:06,107 [ForkJoinPool.commonPool-worker-1] INFO  impl.RaftServerImpl (RaftServerImpl.java:lambda$shutdown$3(263)) - d3f82553-6c6d-415b-80cc-3853fb4af59e@group-6E397D611FE7: shutdown
2020-08-28 21:35:06,107 [Listener at 127.0.0.1/44483] INFO  impl.RaftServerImpl (RaftServerImpl.java:lambda$shutdown$3(263)) - d3f82553-6c6d-415b-80cc-3853fb4af59e@group-91FBC9B4EF62: shutdown
2020-08-28 21:35:06,108 [Listener at 127.0.0.1/44483] INFO  util.JmxRegister (JmxRegister.java:unregister(73)) - Successfully un-registered JMX Bean with object name Ratis:service=RaftServer,group=group-91FBC9B4EF62,id=d3f82553-6c6d-415b-80cc-3853fb4af59e
2020-08-28 21:35:06,109 [Listener at 127.0.0.1/44483] INFO  impl.RoleInfo (RoleInfo.java:shutdownFollowerState(121)) - d3f82553-6c6d-415b-80cc-3853fb4af59e: shutdown FollowerState
2020-08-28 21:35:06,109 [Thread-223] INFO  impl.FollowerState (FollowerState.java:run(117)) - d3f82553-6c6d-415b-80cc-3853fb4af59e@group-91FBC9B4EF62-FollowerState was interrupted: java.lang.InterruptedException: sleep interrupted
2020-08-28 21:35:06,109 [Listener at 127.0.0.1/44483] INFO  impl.StateMachineUpdater (StateMachineUpdater.java:stopAndJoin(142)) - d3f82553-6c6d-415b-80cc-3853fb4af59e@group-91FBC9B4EF62-StateMachineUpdater: set stopIndex = 0
2020-08-28 21:35:06,110 [ForkJoinPool.commonPool-worker-1] INFO  util.JmxRegister (JmxRegister.java:unregister(73)) - Successfully un-registered JMX Bean with object name Ratis:service=RaftServer,group=group-6E397D611FE7,id=d3f82553-6c6d-415b-80cc-3853fb4af59e
2020-08-28 21:35:06,110 [d3f82553-6c6d-415b-80cc-3853fb4af59e@group-91FBC9B4EF62-StateMachineUpdater] INFO  ratis.ContainerStateMachine (ContainerStateMachine.java:takeSnapshot(293)) - group-91FBC9B4EF62: Taking a snapshot at:(t:1, i:0) file /github/workspace/mnt/ozone/hadoop-ozone/integration-test/target/test-dir/MiniOzoneClusterImpl-193645e7-eb61-4b59-aa79-6176b84e3ab6/datanode-2/data/ratis/e06168ef-f546-452e-933f-91fbc9b4ef62/sm/snapshot.1_0
2020-08-28 21:35:06,121 [ForkJoinPool.commonPool-worker-1] INFO  impl.RoleInfo (RoleInfo.java:shutdownLeaderState(104)) - d3f82553-6c6d-415b-80cc-3853fb4af59e: shutdown LeaderState
2020-08-28 21:35:06,122 [ForkJoinPool.commonPool-worker-1] INFO  impl.PendingRequests (PendingRequests.java:sendNotLeaderResponses(249)) - d3f82553-6c6d-415b-80cc-3853fb4af59e@group-6E397D611FE7-PendingRequests: sendNotLeaderResponses
2020-08-28 21:35:06,122 [ForkJoinPool.commonPool-worker-1] INFO  metrics.RatisMetrics (RatisMetrics.java:unregister(43)) - Unregistering Metrics Registry : ratis.log_appender.d3f82553-6c6d-415b-80cc-3853fb4af59e@group-6E397D611FE7
2020-08-28 21:35:06,123 [ForkJoinPool.commonPool-worker-1] INFO  metrics.RatisMetrics (RatisMetrics.java:unregister(43)) - Unregistering Metrics Registry : ratis.server.d3f82553-6c6d-415b-80cc-3853fb4af59e@group-6E397D611FE7
2020-08-28 21:35:06,123 [d3f82553-6c6d-415b-80cc-3853fb4af59e@group-6E397D611FE7-StateMachineUpdater] INFO  ratis.ContainerStateMachine (ContainerStateMachine.java:takeSnapshot(293)) - group-6E397D611FE7: Taking a snapshot at:(t:1, i:0) file /github/workspace/mnt/ozone/hadoop-ozone/integration-test/target/test-dir/MiniOzoneClusterImpl-193645e7-eb61-4b59-aa79-6176b84e3ab6/datanode-2/data/ratis/240822a4-4e78-46bc-94da-6e397d611fe7/sm/snapshot.1_0
2020-08-28 21:35:06,123 [ForkJoinPool.commonPool-worker-1] INFO  impl.StateMachineUpdater (StateMachineUpdater.java:stopAndJoin(142)) - d3f82553-6c6d-415b-80cc-3853fb4af59e@group-6E397D611FE7-StateMachineUpdater: set stopIndex = 0
2020-08-28 21:35:06,194 [d3f82553-6c6d-415b-80cc-3853fb4af59e@group-6E397D611FE7-StateMachineUpdater] INFO  ratis.ContainerStateMachine (ContainerStateMachine.java:takeSnapshot(304)) - group-6E397D611FE7: Finished taking a snapshot at:(t:1, i:0) file:/github/workspace/mnt/ozone/hadoop-ozone/integration-test/target/test-dir/MiniOzoneClusterImpl-193645e7-eb61-4b59-aa79-6176b84e3ab6/datanode-2/data/ratis/240822a4-4e78-46bc-94da-6e397d611fe7/sm/snapshot.1_0 time:70
2020-08-28 21:35:06,196 [d3f82553-6c6d-415b-80cc-3853fb4af59e@group-6E397D611FE7-StateMachineUpdater] INFO  impl.StateMachineUpdater (StateMachineUpdater.java:takeSnapshot(277)) - d3f82553-6c6d-415b-80cc-3853fb4af59e@group-6E397D611FE7-StateMachineUpdater: Took a snapshot at index 0
2020-08-28 21:35:06,196 [d3f82553-6c6d-415b-80cc-3853fb4af59e@group-6E397D611FE7-StateMachineUpdater] INFO  impl.StateMachineUpdater (StateMachineUpdater.java:lambda$new$0(87)) - d3f82553-6c6d-415b-80cc-3853fb4af59e@group-6E397D611FE7-StateMachineUpdater: snapshotIndex: updateIncreasingly -1 -> 0
2020-08-28 21:35:06,198 [d3f82553-6c6d-415b-80cc-3853fb4af59e@group-91FBC9B4EF62-StateMachineUpdater] INFO  ratis.ContainerStateMachine (ContainerStateMachine.java:takeSnapshot(304)) - group-91FBC9B4EF62: Finished taking a snapshot at:(t:1, i:0) file:/github/workspace/mnt/ozone/hadoop-ozone/integration-test/target/test-dir/MiniOzoneClusterImpl-193645e7-eb61-4b59-aa79-6176b84e3ab6/datanode-2/data/ratis/e06168ef-f546-452e-933f-91fbc9b4ef62/sm/snapshot.1_0 time:88
2020-08-28 21:35:06,198 [d3f82553-6c6d-415b-80cc-3853fb4af59e@group-91FBC9B4EF62-StateMachineUpdater] INFO  impl.StateMachineUpdater (StateMachineUpdater.java:takeSnapshot(277)) - d3f82553-6c6d-415b-80cc-3853fb4af59e@group-91FBC9B4EF62-StateMachineUpdater: Took a snapshot at index 0
2020-08-28 21:35:06,199 [d3f82553-6c6d-415b-80cc-3853fb4af59e@group-91FBC9B4EF62-StateMachineUpdater] INFO  impl.StateMachineUpdater (StateMachineUpdater.java:lambda$new$0(87)) - d3f82553-6c6d-415b-80cc-3853fb4af59e@group-91FBC9B4EF62-StateMachineUpdater: snapshotIndex: updateIncreasingly -1 -> 0
2020-08-28 21:35:06,200 [d3f82553-6c6d-415b-80cc-3853fb4af59e@group-91FBC9B4EF62-StateMachineUpdater] INFO  metrics.RatisMetrics (RatisMetrics.java:unregister(43)) - Unregistering Metrics Registry : ratis.state_machine.d3f82553-6c6d-415b-80cc-3853fb4af59e@group-91FBC9B4EF62
2020-08-28 21:35:06,200 [Listener at 127.0.0.1/44483] INFO  impl.RaftServerImpl (ServerState.java:close(387)) - d3f82553-6c6d-415b-80cc-3853fb4af59e@group-91FBC9B4EF62: closes. applyIndex: 0
2020-08-28 21:35:06,201 [d3f82553-6c6d-415b-80cc-3853fb4af59e@group-91FBC9B4EF62-SegmentedRaftLogWorker] INFO  segmented.SegmentedRaftLogWorker (SegmentedRaftLogWorker.java:run(327)) - d3f82553-6c6d-415b-80cc-3853fb4af59e@group-91FBC9B4EF62-SegmentedRaftLogWorker was interrupted, exiting. There are 0 tasks remaining in the queue.
2020-08-28 21:35:06,199 [d3f82553-6c6d-415b-80cc-3853fb4af59e@group-6E397D611FE7-StateMachineUpdater] INFO  metrics.RatisMetrics (RatisMetrics.java:unregister(43)) - Unregistering Metrics Registry : ratis.state_machine.d3f82553-6c6d-415b-80cc-3853fb4af59e@group-6E397D611FE7
2020-08-28 21:35:06,202 [Listener at 127.0.0.1/44483] INFO  segmented.SegmentedRaftLogWorker (SegmentedRaftLogWorker.java:close(234)) - d3f82553-6c6d-415b-80cc-3853fb4af59e@group-91FBC9B4EF62-SegmentedRaftLogWorker close()
2020-08-28 21:35:06,209 [ForkJoinPool.commonPool-worker-1] INFO  impl.RaftServerImpl (ServerState.java:close(387)) - d3f82553-6c6d-415b-80cc-3853fb4af59e@group-6E397D611FE7: closes. applyIndex: 0
2020-08-28 21:35:06,209 [d3f82553-6c6d-415b-80cc-3853fb4af59e@group-6E397D611FE7-SegmentedRaftLogWorker] INFO  segmented.SegmentedRaftLogWorker (SegmentedRaftLogWorker.java:run(327)) - d3f82553-6c6d-415b-80cc-3853fb4af59e@group-6E397D611FE7-SegmentedRaftLogWorker was interrupted, exiting. There are 0 tasks remaining in the queue.
2020-08-28 21:35:06,209 [Listener at 127.0.0.1/44483] INFO  metrics.RatisMetrics (RatisMetrics.java:unregister(43)) - Unregistering Metrics Registry : ratis.log_worker.d3f82553-6c6d-415b-80cc-3853fb4af59e@group-91FBC9B4EF62
2020-08-28 21:35:06,210 [Listener at 127.0.0.1/44483] INFO  metrics.RatisMetrics (RatisMetrics.java:unregister(43)) - Unregistering Metrics Registry : ratis.leader_election.d3f82553-6c6d-415b-80cc-3853fb4af59e@group-91FBC9B4EF62
2020-08-28 21:35:06,210 [Listener at 127.0.0.1/44483] INFO  metrics.RatisMetrics (RatisMetrics.java:unregister(43)) - Unregistering Metrics Registry : ratis.server.d3f82553-6c6d-415b-80cc-3853fb4af59e@group-91FBC9B4EF62
2020-08-28 21:35:06,210 [ForkJoinPool.commonPool-worker-1] INFO  segmented.SegmentedRaftLogWorker (SegmentedRaftLogWorker.java:close(234)) - d3f82553-6c6d-415b-80cc-3853fb4af59e@group-6E397D611FE7-SegmentedRaftLogWorker close()
2020-08-28 21:35:06,211 [ForkJoinPool.commonPool-worker-1] INFO  metrics.RatisMetrics (RatisMetrics.java:unregister(43)) - Unregistering Metrics Registry : ratis.log_worker.d3f82553-6c6d-415b-80cc-3853fb4af59e@group-6E397D611FE7
2020-08-28 21:35:06,211 [ForkJoinPool.commonPool-worker-1] INFO  metrics.RatisMetrics (RatisMetrics.java:unregister(43)) - Unregistering Metrics Registry : ratis.leader_election.d3f82553-6c6d-415b-80cc-3853fb4af59e@group-6E397D611FE7
2020-08-28 21:35:06,211 [ForkJoinPool.commonPool-worker-1] INFO  metrics.RatisMetrics (RatisMetrics.java:unregister(43)) - Unregistering Metrics Registry : ratis.server.d3f82553-6c6d-415b-80cc-3853fb4af59e@group-6E397D611FE7
2020-08-28 21:35:06,211 [Listener at 127.0.0.1/44483] INFO  server.GrpcService (GrpcService.java:closeImpl(166)) - d3f82553-6c6d-415b-80cc-3853fb4af59e: shutdown server with port 32865 now
2020-08-28 21:35:06,224 [grpc-default-executor-0] WARN  server.GrpcServerProtocolService (LogUtils.java:warn(122)) - d3f82553-6c6d-415b-80cc-3853fb4af59e: installSnapshot onError, lastRequest: 5a088c0d-81d8-4f04-8dbf-5f66da507bbe->d3f82553-6c6d-415b-80cc-3853fb4af59e#1-t1, previous=(t:0, i:0), leaderCommit=-1, initializing? false, entries: size=1, first=(t:1, i:0), CONFIGURATIONENTRY: org.apache.ratis.thirdparty.io.grpc.StatusRuntimeException: CANCELLED: cancelled before receiving half close
2020-08-28 21:35:06,225 [Listener at 127.0.0.1/44483] INFO  server.GrpcService (GrpcService.java:closeImpl(174)) - d3f82553-6c6d-415b-80cc-3853fb4af59e: shutdown server with port 32865 successfully
2020-08-28 21:35:06,226 [grpc-default-executor-0] WARN  server.GrpcLogAppender (LogUtils.java:warn(122)) - 5a088c0d-81d8-4f04-8dbf-5f66da507bbe@group-91FBC9B4EF62->d3f82553-6c6d-415b-80cc-3853fb4af59e-AppendLogResponseHandler: Failed appendEntries: org.apache.ratis.thirdparty.io.grpc.StatusRuntimeException: CANCELLED: HTTP/2 error code: CANCEL
Received Rst Stream
2020-08-28 21:35:06,230 [Listener at 127.0.0.1/44483] INFO  utils.BackgroundService (BackgroundService.java:shutdown(157)) - Shutting down service BlockDeletingService
2020-08-28 21:35:06,232 [grpc-default-executor-0] INFO  impl.FollowerInfo (FollowerInfo.java:lambda$new$0(51)) - 5a088c0d-81d8-4f04-8dbf-5f66da507bbe@group-91FBC9B4EF62->d3f82553-6c6d-415b-80cc-3853fb4af59e: nextIndex: updateUnconditionally 1 -> 0
2020-08-28 21:35:06,236 [Listener at 127.0.0.1/44483] INFO  statemachine.DatanodeStateMachine (DatanodeStateMachine.java:stopDaemon(454)) - Ozone container server stopped.
2020-08-28 21:35:06,246 [Listener at 127.0.0.1/44483] INFO  handler.ContextHandler (ContextHandler.java:doStop(1016)) - Stopped o.e.j.w.WebAppContext@446dc997{hddsDatanode,/,null,UNAVAILABLE}{jar:file:/home/user/.m2/repository/org/apache/hadoop/hadoop-hdds-container-service/1.1.0-SNAPSHOT/hadoop-hdds-container-service-1.1.0-SNAPSHOT.jar!/webapps/hddsDatanode}
2020-08-28 21:35:06,251 [Listener at 127.0.0.1/44483] INFO  server.AbstractConnector (AbstractConnector.java:doStop(380)) - Stopped ServerConnector@37f687c1{HTTP/1.1,[http/1.1]}{0.0.0.0:0}
2020-08-28 21:35:06,252 [Listener at 127.0.0.1/44483] INFO  server.session (HouseKeeper.java:stopScavenging(158)) - node0 Stopped scavenging
2020-08-28 21:35:06,252 [Listener at 127.0.0.1/44483] INFO  handler.ContextHandler (ContextHandler.java:doStop(1016)) - Stopped o.e.j.s.ServletContextHandler@1b3a1e42{static,/static,jar:file:/home/user/.m2/repository/org/apache/hadoop/hadoop-hdds-container-service/1.1.0-SNAPSHOT/hadoop-hdds-container-service-1.1.0-SNAPSHOT.jar!/webapps/static,UNAVAILABLE}
2020-08-28 21:35:06,252 [Listener at 127.0.0.1/44483] INFO  handler.ContextHandler (ContextHandler.java:doStop(1016)) - Stopped o.e.j.s.ServletContextHandler@2b3ac26d{logs,/logs,file:///github/workspace/mnt/ozone/hadoop-ozone/integration-test/target/log,UNAVAILABLE}
2020-08-28 21:35:06,391 [grpc-default-executor-2] WARN  server.GrpcLogAppender (LogUtils.java:warn(122)) - 5a088c0d-81d8-4f04-8dbf-5f66da507bbe@group-91FBC9B4EF62->d3f82553-6c6d-415b-80cc-3853fb4af59e-AppendLogResponseHandler: Failed appendEntries: org.apache.ratis.thirdparty.io.grpc.StatusRuntimeException: UNAVAILABLE: io exception
2020-08-28 21:35:06,404 [grpc-default-executor-2] INFO  impl.FollowerInfo (FollowerInfo.java:lambda$new$0(51)) - 5a088c0d-81d8-4f04-8dbf-5f66da507bbe@group-91FBC9B4EF62->d3f82553-6c6d-415b-80cc-3853fb4af59e: nextIndex: updateUnconditionally 1 -> 0
2020-08-28 21:35:06,409 [grpc-default-executor-0] WARN  server.GrpcLogAppender (LogUtils.java:warn(122)) - 5a088c0d-81d8-4f04-8dbf-5f66da507bbe@group-91FBC9B4EF62->d3f82553-6c6d-415b-80cc-3853fb4af59e-AppendLogResponseHandler: Failed appendEntries: org.apache.ratis.thirdparty.io.grpc.StatusRuntimeException: UNAVAILABLE: io exception
2020-08-28 21:35:06,421 [grpc-default-executor-0] INFO  impl.FollowerInfo (FollowerInfo.java:lambda$new$0(51)) - 5a088c0d-81d8-4f04-8dbf-5f66da507bbe@group-91FBC9B4EF62->d3f82553-6c6d-415b-80cc-3853fb4af59e: nextIndex: updateUnconditionally 1 -> 0
2020-08-28 21:35:06,488 [Datanode State Machine Thread - 0] WARN  statemachine.DatanodeStateMachine (DatanodeStateMachine.java:start(245)) - Interrupt the execution.
java.lang.InterruptedException: sleep interrupted
	at java.lang.Thread.sleep(Native Method)
	at org.apache.hadoop.ozone.container.common.statemachine.DatanodeStateMachine.start(DatanodeStateMachine.java:243)
	at org.apache.hadoop.ozone.container.common.statemachine.DatanodeStateMachine.lambda$startDaemon$0(DatanodeStateMachine.java:405)
	at java.lang.Thread.run(Thread.java:748)
2020-08-28 21:35:06,495 [Datanode State Machine Thread - 0] WARN  statemachine.DatanodeStateMachine (DatanodeStateMachine.java:start(245)) - Interrupt the execution.
java.lang.InterruptedException: sleep interrupted
	at java.lang.Thread.sleep(Native Method)
	at org.apache.hadoop.ozone.container.common.statemachine.DatanodeStateMachine.start(DatanodeStateMachine.java:243)
	at org.apache.hadoop.ozone.container.common.statemachine.DatanodeStateMachine.lambda$startDaemon$0(DatanodeStateMachine.java:405)
	at java.lang.Thread.run(Thread.java:748)
2020-08-28 21:35:06,546 [grpc-default-executor-1] WARN  server.GrpcLogAppender (LogUtils.java:warn(122)) - 5a088c0d-81d8-4f04-8dbf-5f66da507bbe@group-91FBC9B4EF62->d3f82553-6c6d-415b-80cc-3853fb4af59e-AppendLogResponseHandler: Failed appendEntries: org.apache.ratis.thirdparty.io.grpc.StatusRuntimeException: UNAVAILABLE: io exception
2020-08-28 21:35:06,556 [grpc-default-executor-1] INFO  impl.FollowerInfo (FollowerInfo.java:lambda$new$0(51)) - 5a088c0d-81d8-4f04-8dbf-5f66da507bbe@group-91FBC9B4EF62->d3f82553-6c6d-415b-80cc-3853fb4af59e: nextIndex: updateUnconditionally 1 -> 0
2020-08-28 21:35:06,560 [grpc-default-executor-1] WARN  server.GrpcLogAppender (LogUtils.java:warn(122)) - 5a088c0d-81d8-4f04-8dbf-5f66da507bbe@group-91FBC9B4EF62->d3f82553-6c6d-415b-80cc-3853fb4af59e-AppendLogResponseHandler: Failed appendEntries: org.apache.ratis.thirdparty.io.grpc.StatusRuntimeException: UNAVAILABLE: io exception
2020-08-28 21:35:06,560 [grpc-default-executor-1] INFO  impl.FollowerInfo (FollowerInfo.java:lambda$new$0(51)) - 5a088c0d-81d8-4f04-8dbf-5f66da507bbe@group-91FBC9B4EF62->d3f82553-6c6d-415b-80cc-3853fb4af59e: nextIndex: updateUnconditionally 1 -> 0
2020-08-28 21:35:09,062 [grpc-default-executor-0] WARN  server.GrpcLogAppender (LogUtils.java:warn(122)) - 5a088c0d-81d8-4f04-8dbf-5f66da507bbe@group-91FBC9B4EF62->d3f82553-6c6d-415b-80cc-3853fb4af59e-AppendLogResponseHandler: Failed appendEntries: org.apache.ratis.thirdparty.io.grpc.StatusRuntimeException: UNAVAILABLE: io exception
2020-08-28 21:35:09,063 [grpc-default-executor-0] INFO  impl.FollowerInfo (FollowerInfo.java:lambda$new$0(51)) - 5a088c0d-81d8-4f04-8dbf-5f66da507bbe@group-91FBC9B4EF62->d3f82553-6c6d-415b-80cc-3853fb4af59e: nextIndex: updateUnconditionally 1 -> 0
2020-08-28 21:35:10,136 [Thread-259] INFO  client.GrpcClientProtocolService (GrpcClientProtocolService.java:lambda$processClientRequest$0(283)) - Failed RaftClientRequest:client-C9450730B435->5a088c0d-81d8-4f04-8dbf-5f66da507bbe@group-91FBC9B4EF62, cid=9, seq=0, Watch-ALL_COMMITTED(2), Message:<EMPTY>, reply=RaftClientReply:client-C9450730B435->5a088c0d-81d8-4f04-8dbf-5f66da507bbe@group-91FBC9B4EF62, cid=9, FAILED org.apache.ratis.protocol.NotReplicatedException: Request with call Id 9 and log index 2 is not yet replicated to ALL_COMMITTED, logIndex=2, commits[5a088c0d-81d8-4f04-8dbf-5f66da507bbe:c4, d3f82553-6c6d-415b-80cc-3853fb4af59e:c0, a375023d-7f8e-49f3-9ad3-0728392d486a:c4]
2020-08-28 21:35:10,141 [Listener at 127.0.0.1/44483] WARN  scm.XceiverClientRatis (XceiverClientRatis.java:watchForCommit(265)) - 3 way commit failed on pipeline Pipeline[ Id: e06168ef-f546-452e-933f-91fbc9b4ef62, Nodes: d3f82553-6c6d-415b-80cc-3853fb4af59e{ip: 172.17.0.2, host: 8b499f13bb7e, networkLocation: /default-rack, certSerialId: null}a375023d-7f8e-49f3-9ad3-0728392d486a{ip: 172.17.0.2, host: 8b499f13bb7e, networkLocation: /default-rack, certSerialId: null}5a088c0d-81d8-4f04-8dbf-5f66da507bbe{ip: 172.17.0.2, host: 8b499f13bb7e, networkLocation: /default-rack, certSerialId: null}, Type:RATIS, Factor:THREE, State:OPEN, leaderId:5a088c0d-81d8-4f04-8dbf-5f66da507bbe, CreationTimestamp2020-08-28T21:34:52.191Z]
java.util.concurrent.ExecutionException: org.apache.ratis.protocol.NotReplicatedException: Request with call Id 9 and log index 2 is not yet replicated to ALL_COMMITTED
	at java.util.concurrent.CompletableFuture.reportGet(CompletableFuture.java:357)
	at java.util.concurrent.CompletableFuture.get(CompletableFuture.java:1908)
	at org.apache.hadoop.hdds.scm.XceiverClientRatis.watchForCommit(XceiverClientRatis.java:262)
	at org.apache.hadoop.hdds.scm.storage.CommitWatcher.watchForCommit(CommitWatcher.java:190)
	at org.apache.hadoop.hdds.scm.storage.CommitWatcher.watchOnLastIndex(CommitWatcher.java:157)
	at org.apache.hadoop.hdds.scm.storage.BlockOutputStream.watchForCommit(BlockOutputStream.java:351)
	at org.apache.hadoop.hdds.scm.storage.BlockOutputStream.handleFlush(BlockOutputStream.java:500)
	at org.apache.hadoop.hdds.scm.storage.BlockOutputStream.close(BlockOutputStream.java:514)
	at org.apache.hadoop.ozone.client.io.BlockOutputStreamEntry.close(BlockOutputStreamEntry.java:149)
	at org.apache.hadoop.ozone.client.io.KeyOutputStream.handleStreamAction(KeyOutputStream.java:483)
	at org.apache.hadoop.ozone.client.io.KeyOutputStream.handleFlushOrClose(KeyOutputStream.java:457)
	at org.apache.hadoop.ozone.client.io.KeyOutputStream.close(KeyOutputStream.java:510)
	at org.apache.hadoop.ozone.client.io.OzoneOutputStream.close(OzoneOutputStream.java:60)
	at org.apache.hadoop.ozone.client.rpc.TestDeleteWithSlowFollower.testDeleteKeyWithSlowFollower(TestDeleteWithSlowFollower.java:224)
	at sun.reflect.NativeMethodAccessorImpl.invoke0(Native Method)
	at sun.reflect.NativeMethodAccessorImpl.invoke(NativeMethodAccessorImpl.java:62)
	at sun.reflect.DelegatingMethodAccessorImpl.invoke(DelegatingMethodAccessorImpl.java:43)
	at java.lang.reflect.Method.invoke(Method.java:498)
	at org.junit.runners.model.FrameworkMethod$1.runReflectiveCall(FrameworkMethod.java:47)
	at org.junit.internal.runners.model.ReflectiveCallable.run(ReflectiveCallable.java:12)
	at org.junit.runners.model.FrameworkMethod.invokeExplosively(FrameworkMethod.java:44)
	at org.junit.internal.runners.statements.InvokeMethod.evaluate(InvokeMethod.java:17)
	at org.junit.runners.ParentRunner.runLeaf(ParentRunner.java:271)
	at org.junit.runners.BlockJUnit4ClassRunner.runChild(BlockJUnit4ClassRunner.java:70)
	at org.junit.runners.BlockJUnit4ClassRunner.runChild(BlockJUnit4ClassRunner.java:50)
	at org.junit.runners.ParentRunner$3.run(ParentRunner.java:238)
	at org.junit.runners.ParentRunner$1.schedule(ParentRunner.java:63)
	at org.junit.runners.ParentRunner.runChildren(ParentRunner.java:236)
	at org.junit.runners.ParentRunner.access$000(ParentRunner.java:53)
	at org.junit.runners.ParentRunner$2.evaluate(ParentRunner.java:229)
	at org.junit.internal.runners.statements.RunBefores.evaluate(RunBefores.java:26)
	at org.junit.internal.runners.statements.RunAfters.evaluate(RunAfters.java:27)
	at org.junit.runners.ParentRunner.run(ParentRunner.java:309)
	at org.apache.maven.surefire.junit4.JUnit4Provider.execute(JUnit4Provider.java:365)
	at org.apache.maven.surefire.junit4.JUnit4Provider.executeWithRerun(JUnit4Provider.java:273)
	at org.apache.maven.surefire.junit4.JUnit4Provider.executeTestSet(JUnit4Provider.java:238)
	at org.apache.maven.surefire.junit4.JUnit4Provider.invoke(JUnit4Provider.java:159)
	at org.apache.maven.surefire.booter.ForkedBooter.invokeProviderInSameClassLoader(ForkedBooter.java:384)
	at org.apache.maven.surefire.booter.ForkedBooter.runSuitesInProcess(ForkedBooter.java:345)
	at org.apache.maven.surefire.booter.ForkedBooter.execute(ForkedBooter.java:126)
	at org.apache.maven.surefire.booter.ForkedBooter.main(ForkedBooter.java:418)
Caused by: org.apache.ratis.protocol.NotReplicatedException: Request with call Id 9 and log index 2 is not yet replicated to ALL_COMMITTED
	at org.apache.ratis.client.impl.ClientProtoUtils.toRaftClientReply(ClientProtoUtils.java:274)
	at org.apache.ratis.grpc.client.GrpcClientProtocolClient$AsyncStreamObservers$1.onNext(GrpcClientProtocolClient.java:268)
	at org.apache.ratis.grpc.client.GrpcClientProtocolClient$AsyncStreamObservers$1.onNext(GrpcClientProtocolClient.java:263)
	at org.apache.ratis.thirdparty.io.grpc.stub.ClientCalls$StreamObserverToCallListenerAdapter.onMessage(ClientCalls.java:440)
	at org.apache.ratis.thirdparty.io.grpc.internal.ClientCallImpl$ClientStreamListenerImpl$1MessagesAvailable.runInternal(ClientCallImpl.java:658)
	at org.apache.ratis.thirdparty.io.grpc.internal.ClientCallImpl$ClientStreamListenerImpl$1MessagesAvailable.runInContext(ClientCallImpl.java:643)
	at org.apache.ratis.thirdparty.io.grpc.internal.ContextRunnable.run(ContextRunnable.java:37)
	at org.apache.ratis.thirdparty.io.grpc.internal.SerializingExecutor.run(SerializingExecutor.java:123)
	at java.util.concurrent.ThreadPoolExecutor.runWorker(ThreadPoolExecutor.java:1149)
	at java.util.concurrent.ThreadPoolExecutor$Worker.run(ThreadPoolExecutor.java:624)
	at java.lang.Thread.run(Thread.java:748)
2020-08-28 21:35:10,148 [Listener at 127.0.0.1/44483] INFO  scm.XceiverClientRatis (XceiverClientRatis.java:lambda$watchForCommit$6(283)) - Could not commit index 2 on pipeline Pipeline[ Id: e06168ef-f546-452e-933f-91fbc9b4ef62, Nodes: d3f82553-6c6d-415b-80cc-3853fb4af59e{ip: 172.17.0.2, host: 8b499f13bb7e, networkLocation: /default-rack, certSerialId: null}a375023d-7f8e-49f3-9ad3-0728392d486a{ip: 172.17.0.2, host: 8b499f13bb7e, networkLocation: /default-rack, certSerialId: null}5a088c0d-81d8-4f04-8dbf-5f66da507bbe{ip: 172.17.0.2, host: 8b499f13bb7e, networkLocation: /default-rack, certSerialId: null}, Type:RATIS, Factor:THREE, State:OPEN, leaderId:5a088c0d-81d8-4f04-8dbf-5f66da507bbe, CreationTimestamp2020-08-28T21:34:52.191Z] to all the nodes. Server d3f82553-6c6d-415b-80cc-3853fb4af59e has failed. Committed by majority.
2020-08-28 21:35:10,149 [Listener at 127.0.0.1/44483] WARN  storage.BlockOutputStream (BlockOutputStream.java:watchForCommit(357)) - Failed to commit BlockId conID: 1 locID: 104769159233929216 bcsId: 2 on Pipeline[ Id: e06168ef-f546-452e-933f-91fbc9b4ef62, Nodes: d3f82553-6c6d-415b-80cc-3853fb4af59e{ip: 172.17.0.2, host: 8b499f13bb7e, networkLocation: /default-rack, certSerialId: null}a375023d-7f8e-49f3-9ad3-0728392d486a{ip: 172.17.0.2, host: 8b499f13bb7e, networkLocation: /default-rack, certSerialId: null}5a088c0d-81d8-4f04-8dbf-5f66da507bbe{ip: 172.17.0.2, host: 8b499f13bb7e, networkLocation: /default-rack, certSerialId: null}, Type:RATIS, Factor:THREE, State:OPEN, leaderId:5a088c0d-81d8-4f04-8dbf-5f66da507bbe, CreationTimestamp2020-08-28T21:34:52.191Z]. Failed nodes: [d3f82553-6c6d-415b-80cc-3853fb4af59e{ip: null, host: null, networkLocation: /default-rack, certSerialId: null}]
2020-08-28 21:35:10,179 [grpc-default-executor-1] WARN  server.GrpcLogAppender (LogUtils.java:warn(122)) - 5a088c0d-81d8-4f04-8dbf-5f66da507bbe@group-91FBC9B4EF62->d3f82553-6c6d-415b-80cc-3853fb4af59e-AppendLogResponseHandler: Failed appendEntries: org.apache.ratis.thirdparty.io.grpc.StatusRuntimeException: UNAVAILABLE: io exception
2020-08-28 21:35:10,184 [grpc-default-executor-1] INFO  impl.FollowerInfo (FollowerInfo.java:lambda$new$0(51)) - 5a088c0d-81d8-4f04-8dbf-5f66da507bbe@group-91FBC9B4EF62->d3f82553-6c6d-415b-80cc-3853fb4af59e: nextIndex: updateUnconditionally 1 -> 0
2020-08-28 21:35:10,196 [grpc-default-executor-0] WARN  server.GrpcLogAppender (LogUtils.java:warn(122)) - 5a088c0d-81d8-4f04-8dbf-5f66da507bbe@group-91FBC9B4EF62->d3f82553-6c6d-415b-80cc-3853fb4af59e-AppendLogResponseHandler: Failed appendEntries: org.apache.ratis.thirdparty.io.grpc.StatusRuntimeException: UNAVAILABLE: io exception
2020-08-28 21:35:10,196 [Datanode State Machine Thread - 0] WARN  statemachine.DatanodeStateMachine (DatanodeStateMachine.java:start(233)) - Interrupt the execution.
java.lang.InterruptedException
	at java.util.concurrent.locks.AbstractQueuedSynchronizer.acquireInterruptibly(AbstractQueuedSynchronizer.java:1220)
	at java.util.concurrent.locks.ReentrantLock.lockInterruptibly(ReentrantLock.java:335)
	at java.util.concurrent.LinkedBlockingQueue.poll(LinkedBlockingQueue.java:462)
	at java.util.concurrent.ExecutorCompletionService.poll(ExecutorCompletionService.java:202)
	at org.apache.hadoop.ozone.container.common.states.datanode.RunningDatanodeState.await(RunningDatanodeState.java:218)
	at org.apache.hadoop.ozone.container.common.states.datanode.RunningDatanodeState.await(RunningDatanodeState.java:50)
	at org.apache.hadoop.ozone.container.common.statemachine.StateContext.execute(StateContext.java:450)
	at org.apache.hadoop.ozone.container.common.statemachine.DatanodeStateMachine.start(DatanodeStateMachine.java:227)
	at org.apache.hadoop.ozone.container.common.statemachine.DatanodeStateMachine.lambda$startDaemon$0(DatanodeStateMachine.java:405)
	at java.lang.Thread.run(Thread.java:748)
2020-08-28 21:35:10,199 [RatisApplyTransactionExecutor 1] INFO  interfaces.Container (KeyValueContainer.java:flushAndSyncDB(382)) - Container 1 is synced with bcsId 2.
2020-08-28 21:35:10,199 [RatisApplyTransactionExecutor 1] INFO  interfaces.Container (KeyValueContainer.java:flushAndSyncDB(382)) - Container 1 is synced with bcsId 2.
2020-08-28 21:35:10,199 [grpc-default-executor-0] INFO  impl.FollowerInfo (FollowerInfo.java:lambda$new$0(51)) - 5a088c0d-81d8-4f04-8dbf-5f66da507bbe@group-91FBC9B4EF62->d3f82553-6c6d-415b-80cc-3853fb4af59e: nextIndex: updateUnconditionally 1 -> 0
2020-08-28 21:35:10,207 [Datanode State Machine Thread - 0] WARN  statemachine.DatanodeStateMachine (DatanodeStateMachine.java:start(245)) - Interrupt the execution.
java.lang.InterruptedException: sleep interrupted
	at java.lang.Thread.sleep(Native Method)
	at org.apache.hadoop.ozone.container.common.statemachine.DatanodeStateMachine.start(DatanodeStateMachine.java:243)
	at org.apache.hadoop.ozone.container.common.statemachine.DatanodeStateMachine.lambda$startDaemon$0(DatanodeStateMachine.java:405)
	at java.lang.Thread.run(Thread.java:748)
2020-08-28 21:35:10,208 [RatisApplyTransactionExecutor 1] INFO  interfaces.Container (KeyValueContainer.java:close(320)) - Container 1 is closed with bcsId 2.
2020-08-28 21:35:10,209 [Datanode State Machine Thread - 0] WARN  statemachine.DatanodeStateMachine (DatanodeStateMachine.java:start(245)) - Interrupt the execution.
java.lang.InterruptedException: sleep interrupted
	at java.lang.Thread.sleep(Native Method)
	at org.apache.hadoop.ozone.container.common.statemachine.DatanodeStateMachine.start(DatanodeStateMachine.java:243)
	at org.apache.hadoop.ozone.container.common.statemachine.DatanodeStateMachine.lambda$startDaemon$0(DatanodeStateMachine.java:405)
	at java.lang.Thread.run(Thread.java:748)
2020-08-28 21:35:10,210 [EventQueue-IncrementalContainerReportForIncrementalContainerReportHandler] INFO  container.IncrementalContainerReportHandler (AbstractContainerReportHandler.java:updateContainerState(172)) - Moving container #1 to CLOSED state, datanode 5a088c0d-81d8-4f04-8dbf-5f66da507bbe{ip: 172.17.0.2, host: 8b499f13bb7e, networkLocation: /default-rack, certSerialId: null} reported CLOSED replica.
2020-08-28 21:35:10,209 [RatisApplyTransactionExecutor 1] INFO  interfaces.Container (KeyValueContainer.java:flushAndSyncDB(382)) - Container 1 is synced with bcsId 2.
2020-08-28 21:35:10,216 [RatisApplyTransactionExecutor 1] INFO  interfaces.Container (KeyValueContainer.java:flushAndSyncDB(382)) - Container 1 is synced with bcsId 2.
2020-08-28 21:35:10,216 [grpc-default-executor-1] WARN  server.GrpcLogAppender (LogUtils.java:warn(122)) - 5a088c0d-81d8-4f04-8dbf-5f66da507bbe@group-91FBC9B4EF62->d3f82553-6c6d-415b-80cc-3853fb4af59e-AppendLogResponseHandler: Failed appendEntries: org.apache.ratis.thirdparty.io.grpc.StatusRuntimeException: UNAVAILABLE: io exception
2020-08-28 21:35:10,222 [grpc-default-executor-1] INFO  impl.FollowerInfo (FollowerInfo.java:lambda$new$0(51)) - 5a088c0d-81d8-4f04-8dbf-5f66da507bbe@group-91FBC9B4EF62->d3f82553-6c6d-415b-80cc-3853fb4af59e: nextIndex: updateUnconditionally 1 -> 0
2020-08-28 21:35:10,222 [RatisApplyTransactionExecutor 1] INFO  interfaces.Container (KeyValueContainer.java:close(320)) - Container 1 is closed with bcsId 2.
2020-08-28 21:35:10,223 [Datanode State Machine Thread - 0] WARN  statemachine.DatanodeStateMachine (DatanodeStateMachine.java:start(245)) - Interrupt the execution.
java.lang.InterruptedException: sleep interrupted
	at java.lang.Thread.sleep(Native Method)
	at org.apache.hadoop.ozone.container.common.statemachine.DatanodeStateMachine.start(DatanodeStateMachine.java:243)
	at org.apache.hadoop.ozone.container.common.statemachine.DatanodeStateMachine.lambda$startDaemon$0(DatanodeStateMachine.java:405)
	at java.lang.Thread.run(Thread.java:748)
2020-08-28 21:35:10,683 [IPC Server handler 0 on default port 37703] INFO  server.SCMBlockProtocolServer (SCMBlockProtocolServer.java:deleteKeyBlocks(220)) - SCM is informed by OM to delete 1 blocks
2020-08-28 21:35:10,683 [IPC Server handler 0 on default port 37703] INFO  block.BlockManagerImpl (BlockManagerImpl.java:deleteBlocks(296)) - Deleting blocks conID: 1 locID: 104769159233929216 bcsId: 0
2020-08-28 21:35:10,813 [BlockDeletingService#2] WARN  background.BlockDeletingService (BlockDeletingService.java:isDeletionAllowed(186)) - Close Container log Index 2 is not replicated across all the servers in the pipeline e06168ef-f546-452e-933f-91fbc9b4ef62 as the min replicated index is 0. Deletion is not allowed in this container yet.
2020-08-28 21:35:11,030 [BlockDeletingService#2] WARN  background.BlockDeletingService (BlockDeletingService.java:isDeletionAllowed(186)) - Close Container log Index 2 is not replicated across all the servers in the pipeline e06168ef-f546-452e-933f-91fbc9b4ef62 as the min replicated index is 0. Deletion is not allowed in this container yet.
2020-08-28 21:35:11,522 [SCMBlockDeletingService#1] INFO  block.SCMBlockDeletingService (SCMBlockDeletingService.java:call(181)) - Totally added 2 delete blocks command for 2 datanodes, task elapsed time: 5ms
2020-08-28 21:35:11,531 [CommandWatcher-LeaseManager#LeaseMonitor] ERROR lease.LeaseManager (LeaseManager.java:run(238)) - Execution was interrupted 
java.lang.InterruptedException: sleep interrupted
	at java.lang.Thread.sleep(Native Method)
	at org.apache.hadoop.ozone.lease.LeaseManager$LeaseMonitor.run(LeaseManager.java:234)
	at java.lang.Thread.run(Thread.java:748)
2020-08-28 21:35:11,532 [CommandWatcher-LeaseManager#LeaseMonitor] ERROR lease.LeaseManager (LeaseManager.java:run(238)) - Execution was interrupted 
java.lang.InterruptedException: sleep interrupted
	at java.lang.Thread.sleep(Native Method)
	at org.apache.hadoop.ozone.lease.LeaseManager$LeaseMonitor.run(LeaseManager.java:234)
	at java.lang.Thread.run(Thread.java:748)
2020-08-28 21:35:11,814 [BlockDeletingService#2] WARN  background.BlockDeletingService (BlockDeletingService.java:isDeletionAllowed(186)) - Close Container log Index 2 is not replicated across all the servers in the pipeline e06168ef-f546-452e-933f-91fbc9b4ef62 as the min replicated index is 0. Deletion is not allowed in this container yet.
2020-08-28 21:35:12,032 [BlockDeletingService#2] WARN  background.BlockDeletingService (BlockDeletingService.java:isDeletionAllowed(186)) - Close Container log Index 2 is not replicated across all the servers in the pipeline e06168ef-f546-452e-933f-91fbc9b4ef62 as the min replicated index is 0. Deletion is not allowed in this container yet.
2020-08-28 21:35:12,312 [Command processor thread] INFO  commandhandler.DeleteBlocksCommandHandler (DeleteBlocksCommandHandler.java:handle(108)) - Start to delete container blocks, TXIDs=[1(0)], numOfContainers=1, numOfBlocks=1
]]></system-out>
  </testcase>
</testsuite>