<?xml version="1.0" encoding="UTF-8"?>
<testsuite xmlns:xsi="http://www.w3.org/2001/XMLSchema-instance" xsi:noNamespaceSchemaLocation="https://maven.apache.org/surefire/maven-surefire-plugin/xsd/surefire-test-report-3.0.xsd" version="3.0" name="org.apache.hadoop.hdds.scm.TestRatisPipelineLeader" time="181.87" tests="2" errors="1" skipped="0" failures="0">
  <properties>
    <property name="awt.toolkit" value="sun.awt.X11.XToolkit"/>
    <property name="file.encoding.pkg" value="sun.io"/>
    <property name="java.specification.version" value="1.8"/>
    <property name="sun.cpu.isalist" value=""/>
    <property name="sun.jnu.encoding" value="UTF-8"/>
    <property name="java.class.path" value="/home/runner/work/ozone/ozone/hadoop-ozone/integration-test/target/test-classes:/home/runner/work/ozone/ozone/hadoop-ozone/integration-test/target/classes:/home/runner/.m2/repository/org/apache/ozone/ozone-common/1.3.0-SNAPSHOT/ozone-common-1.3.0-SNAPSHOT.jar:/home/runner/.m2/repository/io/grpc/grpc-netty/1.44.0/grpc-netty-1.44.0.jar:/home/runner/.m2/repository/io/grpc/grpc-core/1.44.0/grpc-core-1.44.0.jar:/home/runner/.m2/repository/com/google/android/annotations/4.1.1.4/annotations-4.1.1.4.jar:/home/runner/.m2/repository/org/codehaus/mojo/animal-sniffer-annotations/1.19/animal-sniffer-annotations-1.19.jar:/home/runner/.m2/repository/com/google/errorprone/error_prone_annotations/2.2.0/error_prone_annotations-2.2.0.jar:/home/runner/.m2/repository/io/perfmark/perfmark-api/0.23.0/perfmark-api-0.23.0.jar:/home/runner/.m2/repository/io/netty/netty-codec-http2/4.1.74.Final/netty-codec-http2-4.1.74.Final.jar:/home/runner/.m2/repository/io/netty/netty-common/4.1.74.Final/netty-common-4.1.74.Final.jar:/home/runner/.m2/repository/io/netty/netty-buffer/4.1.74.Final/netty-buffer-4.1.74.Final.jar:/home/runner/.m2/repository/io/netty/netty-codec-http/4.1.74.Final/netty-codec-http-4.1.74.Final.jar:/home/runner/.m2/repository/io/netty/netty-handler-proxy/4.1.74.Final/netty-handler-proxy-4.1.74.Final.jar:/home/runner/.m2/repository/io/netty/netty-codec-socks/4.1.74.Final/netty-codec-socks-4.1.74.Final.jar:/home/runner/.m2/repository/io/netty/netty-tcnative-boringssl-static/2.0.48.Final/netty-tcnative-boringssl-static-2.0.48.Final.jar:/home/runner/.m2/repository/io/netty/netty-tcnative-classes/2.0.48.Final/netty-tcnative-classes-2.0.48.Final.jar:/home/runner/.m2/repository/io/netty/netty-tcnative/2.0.48.Final/netty-tcnative-2.0.48.Final.jar:/home/runner/.m2/repository/org/apache/commons/commons-compress/1.21/commons-compress-1.21.jar:/home/runner/.m2/repository/org/apache/ozone/hdds-common/1.3.0-SNAPSHOT/hdds-common-1.3.0-SNAPSHOT.jar:/home/runner/.m2/repository/org/apache/ozone/hdds-client/1.3.0-SNAPSHOT/hdds-client-1.3.0-SNAPSHOT.jar:/home/runner/.m2/repository/org/apache/ozone/ozone-interface-client/1.3.0-SNAPSHOT/ozone-interface-client-1.3.0-SNAPSHOT.jar:/home/runner/.m2/repository/org/apache/ozone/hdds-test-utils/1.3.0-SNAPSHOT/hdds-test-utils-1.3.0-SNAPSHOT.jar:/home/runner/.m2/repository/com/google/guava/guava/31.1-jre/guava-31.1-jre.jar:/home/runner/.m2/repository/com/google/guava/failureaccess/1.0.1/failureaccess-1.0.1.jar:/home/runner/.m2/repository/com/google/guava/listenablefuture/9999.0-empty-to-avoid-conflict-with-guava/listenablefuture-9999.0-empty-to-avoid-conflict-with-guava.jar:/home/runner/.m2/repository/com/google/code/findbugs/jsr305/3.0.0/jsr305-3.0.0.jar:/home/runner/.m2/repository/org/checkerframework/checker-qual/3.12.0/checker-qual-3.12.0.jar:/home/runner/.m2/repository/com/google/j2objc/j2objc-annotations/1.3/j2objc-annotations-1.3.jar:/home/runner/.m2/repository/commons-io/commons-io/2.11.0/commons-io-2.11.0.jar:/home/runner/.m2/repository/commons-logging/commons-logging/1.2/commons-logging-1.2.jar:/home/runner/.m2/repository/log4j/log4j/1.2.17/log4j-1.2.17.jar:/home/runner/.m2/repository/org/slf4j/slf4j-api/1.7.30/slf4j-api-1.7.30.jar:/home/runner/.m2/repository/org/apache/ozone/hdds-server-scm/1.3.0-SNAPSHOT/hdds-server-scm-1.3.0-SNAPSHOT.jar:/home/runner/.m2/repository/org/apache/ozone/hdds-container-service/1.3.0-SNAPSHOT/hdds-container-service-1.3.0-SNAPSHOT.jar:/home/runner/.m2/repository/org/apache/ozone/hdds-hadoop-dependency-server/1.3.0-SNAPSHOT/hdds-hadoop-dependency-server-1.3.0-SNAPSHOT.jar:/home/runner/.m2/repository/org/apache/hadoop/hadoop-hdfs/3.3.1/hadoop-hdfs-3.3.1.jar:/home/runner/.m2/repository/org/apache/ozone/hdds-server-framework/1.3.0-SNAPSHOT/hdds-server-framework-1.3.0-SNAPSHOT.jar:/home/runner/.m2/repository/org/apache/ozone/hdds-interface-server/1.3.0-SNAPSHOT/hdds-interface-server-1.3.0-SNAPSHOT.jar:/home/runner/.m2/repository/org/apache/logging/log4j/log4j-core/2.17.1/log4j-core-2.17.1.jar:/home/runner/.m2/repository/com/lmax/disruptor/3.4.2/disruptor-3.4.2.jar:/home/runner/.m2/repository/org/eclipse/jetty/jetty-servlet/9.4.43.v20210629/jetty-servlet-9.4.43.v20210629.jar:/home/runner/.m2/repository/org/eclipse/jetty/jetty-security/9.4.43.v20210629/jetty-security-9.4.43.v20210629.jar:/home/runner/.m2/repository/org/rocksdb/rocksdbjni/7.0.4/rocksdbjni-7.0.4.jar:/home/runner/.m2/repository/io/prometheus/simpleclient_dropwizard/0.7.0/simpleclient_dropwizard-0.7.0.jar:/home/runner/.m2/repository/io/prometheus/simpleclient/0.7.0/simpleclient-0.7.0.jar:/home/runner/.m2/repository/io/prometheus/simpleclient_common/0.7.0/simpleclient_common-0.7.0.jar:/home/runner/.m2/repository/io/dropwizard/metrics/metrics-core/3.2.4/metrics-core-3.2.4.jar:/home/runner/.m2/repository/org/apache/hadoop/hadoop-hdfs-client/3.3.1/hadoop-hdfs-client-3.3.1.jar:/home/runner/.m2/repository/org/bouncycastle/bcprov-jdk15on/1.67/bcprov-jdk15on-1.67.jar:/home/runner/.m2/repository/com/google/protobuf/protobuf-java/2.5.0/protobuf-java-2.5.0.jar:/home/runner/.m2/repository/org/apache/ozone/ozone-manager/1.3.0-SNAPSHOT/ozone-manager-1.3.0-SNAPSHOT.jar:/home/runner/.m2/repository/org/aspectj/aspectjrt/1.9.7/aspectjrt-1.9.7.jar:/home/runner/.m2/repository/org/aspectj/aspectjweaver/1.9.7/aspectjweaver-1.9.7.jar:/home/runner/.m2/repository/org/apache/ozone/hdds-interface-client/1.3.0-SNAPSHOT/hdds-interface-client-1.3.0-SNAPSHOT.jar:/home/runner/.m2/repository/org/apache/hadoop/thirdparty/hadoop-shaded-protobuf_3_7/1.1.1/hadoop-shaded-protobuf_3_7-1.1.1.jar:/home/runner/.m2/repository/org/apache/ozone/ozone-interface-storage/1.3.0-SNAPSHOT/ozone-interface-storage-1.3.0-SNAPSHOT.jar:/home/runner/.m2/repository/org/reflections/reflections/0.9.11/reflections-0.9.11.jar:/home/runner/.m2/repository/org/apache/hadoop/hadoop-minikdc/3.3.1/hadoop-minikdc-3.3.1.jar:/home/runner/.m2/repository/org/apache/kerby/kerb-simplekdc/1.0.1/kerb-simplekdc-1.0.1.jar:/home/runner/.m2/repository/org/apache/kerby/kerb-client/1.0.1/kerb-client-1.0.1.jar:/home/runner/.m2/repository/org/apache/kerby/kerby-config/1.0.1/kerby-config-1.0.1.jar:/home/runner/.m2/repository/org/apache/kerby/kerb-common/1.0.1/kerb-common-1.0.1.jar:/home/runner/.m2/repository/org/apache/kerby/kerb-crypto/1.0.1/kerb-crypto-1.0.1.jar:/home/runner/.m2/repository/org/apache/kerby/kerb-util/1.0.1/kerb-util-1.0.1.jar:/home/runner/.m2/repository/org/apache/kerby/token-provider/1.0.1/token-provider-1.0.1.jar:/home/runner/.m2/repository/org/apache/kerby/kerb-admin/1.0.1/kerb-admin-1.0.1.jar:/home/runner/.m2/repository/org/apache/kerby/kerb-server/1.0.1/kerb-server-1.0.1.jar:/home/runner/.m2/repository/org/apache/kerby/kerb-identity/1.0.1/kerb-identity-1.0.1.jar:/home/runner/.m2/repository/org/apache/kerby/kerby-xdr/1.0.1/kerby-xdr-1.0.1.jar:/home/runner/.m2/repository/org/slf4j/slf4j-log4j12/1.7.30/slf4j-log4j12-1.7.30.jar:/home/runner/.m2/repository/org/apache/ozone/ozone-s3gateway/1.3.0-SNAPSHOT/ozone-s3gateway-1.3.0-SNAPSHOT.jar:/home/runner/.m2/repository/org/javassist/javassist/3.21.0-GA/javassist-3.21.0-GA.jar:/home/runner/.m2/repository/org/jboss/weld/servlet/weld-servlet/2.4.7.Final/weld-servlet-2.4.7.Final.jar:/home/runner/.m2/repository/org/glassfish/jersey/containers/jersey-container-servlet-core/2.33/jersey-container-servlet-core-2.33.jar:/home/runner/.m2/repository/org/glassfish/hk2/external/jakarta.inject/2.6.1/jakarta.inject-2.6.1.jar:/home/runner/.m2/repository/org/glassfish/jersey/core/jersey-common/2.33/jersey-common-2.33.jar:/home/runner/.m2/repository/jakarta/ws/rs/jakarta.ws.rs-api/2.1.6/jakarta.ws.rs-api-2.1.6.jar:/home/runner/.m2/repository/org/glassfish/jersey/ext/cdi/jersey-cdi1x/2.33/jersey-cdi1x-2.33.jar:/home/runner/.m2/repository/org/glassfish/jersey/inject/jersey-hk2/2.33/jersey-hk2-2.33.jar:/home/runner/.m2/repository/org/glassfish/hk2/hk2-locator/2.6.1/hk2-locator-2.6.1.jar:/home/runner/.m2/repository/org/glassfish/jersey/media/jersey-media-jaxb/2.33/jersey-media-jaxb-2.33.jar:/home/runner/.m2/repository/org/glassfish/hk2/osgi-resource-locator/1.0.3/osgi-resource-locator-1.0.3.jar:/home/runner/.m2/repository/org/glassfish/hk2/hk2-api/2.5.0/hk2-api-2.5.0.jar:/home/runner/.m2/repository/org/glassfish/hk2/hk2-utils/2.5.0/hk2-utils-2.5.0.jar:/home/runner/.m2/repository/org/glassfish/hk2/external/aopalliance-repackaged/2.5.0/aopalliance-repackaged-2.5.0.jar:/home/runner/.m2/repository/com/fasterxml/jackson/dataformat/jackson-dataformat-xml/2.13.2/jackson-dataformat-xml-2.13.2.jar:/home/runner/.m2/repository/com/fasterxml/jackson/core/jackson-core/2.13.2/jackson-core-2.13.2.jar:/home/runner/.m2/repository/org/codehaus/woodstox/stax2-api/3.1.4/stax2-api-3.1.4.jar:/home/runner/.m2/repository/com/fasterxml/woodstox/woodstox-core/5.0.3/woodstox-core-5.0.3.jar:/home/runner/.m2/repository/com/fasterxml/jackson/module/jackson-module-jaxb-annotations/2.13.2/jackson-module-jaxb-annotations-2.13.2.jar:/home/runner/.m2/repository/jakarta/xml/bind/jakarta.xml.bind-api/2.3.3/jakarta.xml.bind-api-2.3.3.jar:/home/runner/.m2/repository/jakarta/activation/jakarta.activation-api/1.2.1/jakarta.activation-api-1.2.1.jar:/home/runner/.m2/repository/javax/enterprise/cdi-api/1.2/cdi-api-1.2.jar:/home/runner/.m2/repository/javax/el/javax.el-api/3.0.0/javax.el-api-3.0.0.jar:/home/runner/.m2/repository/javax/interceptor/javax.interceptor-api/1.2/javax.interceptor-api-1.2.jar:/home/runner/.m2/repository/javax/inject/javax.inject/1/javax.inject-1.jar:/home/runner/.m2/repository/javax/xml/bind/jaxb-api/2.3.0/jaxb-api-2.3.0.jar:/home/runner/.m2/repository/org/glassfish/jaxb/jaxb-runtime/2.3.0.1/jaxb-runtime-2.3.0.1.jar:/home/runner/.m2/repository/org/glassfish/jaxb/jaxb-core/2.3.0.1/jaxb-core-2.3.0.1.jar:/home/runner/.m2/repository/org/glassfish/jaxb/txw2/2.3.0.1/txw2-2.3.0.1.jar:/home/runner/.m2/repository/com/sun/istack/istack-commons-runtime/3.0.5/istack-commons-runtime-3.0.5.jar:/home/runner/.m2/repository/org/jvnet/staxex/stax-ex/1.7.8/stax-ex-1.7.8.jar:/home/runner/.m2/repository/com/sun/xml/fastinfoset/FastInfoset/1.2.13/FastInfoset-1.2.13.jar:/home/runner/.m2/repository/javax/activation/activation/1.1.1/activation-1.1.1.jar:/home/runner/.m2/repository/io/grpc/grpc-protobuf/1.44.0/grpc-protobuf-1.44.0.jar:/home/runner/.m2/repository/io/grpc/grpc-api/1.44.0/grpc-api-1.44.0.jar:/home/runner/.m2/repository/io/grpc/grpc-context/1.44.0/grpc-context-1.44.0.jar:/home/runner/.m2/repository/com/google/api/grpc/proto-google-common-protos/2.0.1/proto-google-common-protos-2.0.1.jar:/home/runner/.m2/repository/io/grpc/grpc-protobuf-lite/1.44.0/grpc-protobuf-lite-1.44.0.jar:/home/runner/.m2/repository/io/grpc/grpc-stub/1.44.0/grpc-stub-1.44.0.jar:/home/runner/.m2/repository/io/netty/netty-transport/4.1.74.Final/netty-transport-4.1.74.Final.jar:/home/runner/.m2/repository/io/netty/netty-resolver/4.1.74.Final/netty-resolver-4.1.74.Final.jar:/home/runner/.m2/repository/org/apache/ozone/ozone-csi/1.3.0-SNAPSHOT/ozone-csi-1.3.0-SNAPSHOT.jar:/home/runner/.m2/repository/com/google/protobuf/protobuf-java-util/3.19.2/protobuf-java-util-3.19.2.jar:/home/runner/.m2/repository/com/google/code/gson/gson/2.8.9/gson-2.8.9.jar:/home/runner/.m2/repository/org/apache/ozone/hdds-config/1.3.0-SNAPSHOT/hdds-config-1.3.0-SNAPSHOT.jar:/home/runner/.m2/repository/io/netty/netty-transport-native-epoll/4.1.74.Final/netty-transport-native-epoll-4.1.74.Final-linux-x86_64.jar:/home/runner/.m2/repository/io/netty/netty-transport-classes-epoll/4.1.74.Final/netty-transport-classes-epoll-4.1.74.Final.jar:/home/runner/.m2/repository/io/netty/netty-transport-native-unix-common/4.1.74.Final/netty-transport-native-unix-common-4.1.74.Final.jar:/home/runner/.m2/repository/org/apache/ozone/ozone-recon/1.3.0-SNAPSHOT/ozone-recon-1.3.0-SNAPSHOT.jar:/home/runner/.m2/repository/org/apache/ozone/ozone-reconcodegen/1.3.0-SNAPSHOT/ozone-reconcodegen-1.3.0-SNAPSHOT.jar:/home/runner/.m2/repository/com/google/inject/extensions/guice-multibindings/4.0/guice-multibindings-4.0.jar:/home/runner/.m2/repository/com/google/inject/guice/4.0/guice-4.0.jar:/home/runner/.m2/repository/aopalliance/aopalliance/1.0/aopalliance-1.0.jar:/home/runner/.m2/repository/com/google/inject/extensions/guice-assistedinject/4.0/guice-assistedinject-4.0.jar:/home/runner/.m2/repository/com/google/inject/extensions/guice-servlet/4.0/guice-servlet-4.0.jar:/home/runner/.m2/repository/org/glassfish/jersey/containers/jersey-container-servlet/2.33/jersey-container-servlet-2.33.jar:/home/runner/.m2/repository/org/glassfish/hk2/guice-bridge/2.5.0/guice-bridge-2.5.0.jar:/home/runner/.m2/repository/org/glassfish/jersey/core/jersey-server/2.33/jersey-server-2.33.jar:/home/runner/.m2/repository/org/glassfish/jersey/core/jersey-client/2.33/jersey-client-2.33.jar:/home/runner/.m2/repository/jakarta/annotation/jakarta.annotation-api/1.3.5/jakarta.annotation-api-1.3.5.jar:/home/runner/.m2/repository/jakarta/validation/jakarta.validation-api/2.0.2/jakarta.validation-api-2.0.2.jar:/home/runner/.m2/repository/org/glassfish/jersey/media/jersey-media-json-jackson/2.33/jersey-media-json-jackson-2.33.jar:/home/runner/.m2/repository/org/glassfish/jersey/ext/jersey-entity-filtering/2.33/jersey-entity-filtering-2.33.jar:/home/runner/.m2/repository/org/jooq/jooq/3.11.10/jooq-3.11.10.jar:/home/runner/.m2/repository/org/jooq/jooq-meta/3.11.10/jooq-meta-3.11.10.jar:/home/runner/.m2/repository/org/jooq/jooq-codegen/3.11.10/jooq-codegen-3.11.10.jar:/home/runner/.m2/repository/com/jolbox/bonecp/0.8.0.RELEASE/bonecp-0.8.0.RELEASE.jar:/home/runner/.m2/repository/org/apache/derby/derby/10.14.2.0/derby-10.14.2.0.jar:/home/runner/.m2/repository/org/xerial/sqlite-jdbc/3.25.2/sqlite-jdbc-3.25.2.jar:/home/runner/.m2/repository/org/springframework/spring-jdbc/5.2.20.RELEASE/spring-jdbc-5.2.20.RELEASE.jar:/home/runner/.m2/repository/org/springframework/spring-beans/5.2.20.RELEASE/spring-beans-5.2.20.RELEASE.jar:/home/runner/.m2/repository/org/springframework/spring-core/5.2.20.RELEASE/spring-core-5.2.20.RELEASE.jar:/home/runner/.m2/repository/org/springframework/spring-jcl/5.2.20.RELEASE/spring-jcl-5.2.20.RELEASE.jar:/home/runner/.m2/repository/org/springframework/spring-tx/5.2.20.RELEASE/spring-tx-5.2.20.RELEASE.jar:/home/runner/.m2/repository/org/apache/ozone/ozone-client/1.3.0-SNAPSHOT/ozone-client-1.3.0-SNAPSHOT.jar:/home/runner/.m2/repository/org/apache/ozone/hdds-erasurecode/1.3.0-SNAPSHOT/hdds-erasurecode-1.3.0-SNAPSHOT.jar:/home/runner/.m2/repository/com/github/spotbugs/spotbugs-annotations/3.1.12/spotbugs-annotations-3.1.12.jar:/home/runner/.m2/repository/org/apache/ozone/ozone-filesystem/1.3.0-SNAPSHOT/ozone-filesystem-1.3.0-SNAPSHOT.jar:/home/runner/.m2/repository/org/apache/ozone/ozone-filesystem-common/1.3.0-SNAPSHOT/ozone-filesystem-common-1.3.0-SNAPSHOT.jar:/home/runner/.m2/repository/org/apache/ozone/ozone-tools/1.3.0-SNAPSHOT/ozone-tools-1.3.0-SNAPSHOT.jar:/home/runner/.m2/repository/org/apache/ratis/ratis-tools/2.3.0/ratis-tools-2.3.0.jar:/home/runner/.m2/repository/com/amazonaws/aws-java-sdk-core/1.12.124/aws-java-sdk-core-1.12.124.jar:/home/runner/.m2/repository/org/apache/httpcomponents/httpclient/4.5.13/httpclient-4.5.13.jar:/home/runner/.m2/repository/org/apache/httpcomponents/httpcore/4.4.13/httpcore-4.4.13.jar:/home/runner/.m2/repository/software/amazon/ion/ion-java/1.0.2/ion-java-1.0.2.jar:/home/runner/.m2/repository/com/fasterxml/jackson/dataformat/jackson-dataformat-cbor/2.13.2/jackson-dataformat-cbor-2.13.2.jar:/home/runner/.m2/repository/joda-time/joda-time/2.8.1/joda-time-2.8.1.jar:/home/runner/.m2/repository/com/amazonaws/aws-java-sdk-s3/1.12.124/aws-java-sdk-s3-1.12.124.jar:/home/runner/.m2/repository/com/amazonaws/aws-java-sdk-kms/1.12.124/aws-java-sdk-kms-1.12.124.jar:/home/runner/.m2/repository/com/amazonaws/jmespath-java/1.12.124/jmespath-java-1.12.124.jar:/home/runner/.m2/repository/org/kohsuke/metainf-services/metainf-services/1.8/metainf-services-1.8.jar:/home/runner/.m2/repository/org/apache/ozone/hdds-tools/1.3.0-SNAPSHOT/hdds-tools-1.3.0-SNAPSHOT.jar:/home/runner/.m2/repository/commons-cli/commons-cli/1.2/commons-cli-1.2.jar:/home/runner/.m2/repository/org/apache/commons/commons-lang3/3.7/commons-lang3-3.7.jar:/home/runner/.m2/repository/org/apache/ozone/ozone-manager/1.3.0-SNAPSHOT/ozone-manager-1.3.0-SNAPSHOT-tests.jar:/home/runner/.m2/repository/org/apache/ozone/hdds-common/1.3.0-SNAPSHOT/hdds-common-1.3.0-SNAPSHOT-tests.jar:/home/runner/.m2/repository/org/apache/ozone/hdds-hadoop-dependency-client/1.3.0-SNAPSHOT/hdds-hadoop-dependency-client-1.3.0-SNAPSHOT.jar:/home/runner/.m2/repository/info/picocli/picocli/4.6.1/picocli-4.6.1.jar:/home/runner/.m2/repository/com/fasterxml/jackson/core/jackson-annotations/2.13.2/jackson-annotations-2.13.2.jar:/home/runner/.m2/repository/com/fasterxml/jackson/datatype/jackson-datatype-jsr310/2.13.2/jackson-datatype-jsr310-2.13.2.jar:/home/runner/.m2/repository/javax/annotation/javax.annotation-api/1.2/javax.annotation-api-1.2.jar:/home/runner/.m2/repository/org/apache/ratis/ratis-server/2.3.0/ratis-server-2.3.0.jar:/home/runner/.m2/repository/org/apache/ratis/ratis-client/2.3.0/ratis-client-2.3.0.jar:/home/runner/.m2/repository/org/apache/ratis/ratis-server-api/2.3.0/ratis-server-api-2.3.0.jar:/home/runner/.m2/repository/org/apache/ratis/ratis-metrics/2.3.0/ratis-metrics-2.3.0.jar:/home/runner/.m2/repository/org/apache/ratis/ratis-netty/2.3.0/ratis-netty-2.3.0.jar:/home/runner/.m2/repository/org/apache/ratis/ratis-grpc/2.3.0/ratis-grpc-2.3.0.jar:/home/runner/.m2/repository/org/apache/logging/log4j/log4j-api/2.17.1/log4j-api-2.17.1.jar:/home/runner/.m2/repository/org/apache/commons/commons-pool2/2.6.0/commons-pool2-2.6.0.jar:/home/runner/.m2/repository/org/bouncycastle/bcpkix-jdk15on/1.67/bcpkix-jdk15on-1.67.jar:/home/runner/.m2/repository/commons-validator/commons-validator/1.6/commons-validator-1.6.jar:/home/runner/.m2/repository/commons-beanutils/commons-beanutils/1.9.4/commons-beanutils-1.9.4.jar:/home/runner/.m2/repository/commons-digester/commons-digester/1.8.1/commons-digester-1.8.1.jar:/home/runner/.m2/repository/commons-collections/commons-collections/3.2.2/commons-collections-3.2.2.jar:/home/runner/.m2/repository/io/jaegertracing/jaeger-client/1.6.0/jaeger-client-1.6.0.jar:/home/runner/.m2/repository/io/jaegertracing/jaeger-thrift/1.6.0/jaeger-thrift-1.6.0.jar:/home/runner/.m2/repository/org/apache/thrift/libthrift/0.14.1/libthrift-0.14.1.jar:/home/runner/.m2/repository/com/squareup/okhttp3/okhttp/4.9.0/okhttp-4.9.0.jar:/home/runner/.m2/repository/com/squareup/okio/okio/2.8.0/okio-2.8.0.jar:/home/runner/.m2/repository/io/jaegertracing/jaeger-core/1.6.0/jaeger-core-1.6.0.jar:/home/runner/.m2/repository/io/jaegertracing/jaeger-tracerresolver/1.6.0/jaeger-tracerresolver-1.6.0.jar:/home/runner/.m2/repository/io/opentracing/contrib/opentracing-tracerresolver/0.1.8/opentracing-tracerresolver-0.1.8.jar:/home/runner/.m2/repository/org/jetbrains/kotlin/kotlin-stdlib/1.4.31/kotlin-stdlib-1.4.31.jar:/home/runner/.m2/repository/org/jetbrains/kotlin/kotlin-stdlib-common/1.4.31/kotlin-stdlib-common-1.4.31.jar:/home/runner/.m2/repository/org/jetbrains/annotations/13.0/annotations-13.0.jar:/home/runner/.m2/repository/io/opentracing/opentracing-util/0.33.0/opentracing-util-0.33.0.jar:/home/runner/.m2/repository/io/opentracing/opentracing-api/0.33.0/opentracing-api-0.33.0.jar:/home/runner/.m2/repository/io/opentracing/opentracing-noop/0.33.0/opentracing-noop-0.33.0.jar:/home/runner/.m2/repository/org/yaml/snakeyaml/1.26/snakeyaml-1.26.jar:/home/runner/.m2/repository/org/apache/ozone/hdds-interface-admin/1.3.0-SNAPSHOT/hdds-interface-admin-1.3.0-SNAPSHOT.jar:/home/runner/.m2/repository/junit/junit/4.13.1/junit-4.13.1.jar:/home/runner/.m2/repository/org/hamcrest/hamcrest-core/1.3/hamcrest-core-1.3.jar:/home/runner/.m2/repository/org/junit/jupiter/junit-jupiter-api/5.8.2/junit-jupiter-api-5.8.2.jar:/home/runner/.m2/repository/org/opentest4j/opentest4j/1.2.0/opentest4j-1.2.0.jar:/home/runner/.m2/repository/org/junit/platform/junit-platform-commons/1.8.2/junit-platform-commons-1.8.2.jar:/home/runner/.m2/repository/org/apiguardian/apiguardian-api/1.1.2/apiguardian-api-1.1.2.jar:/home/runner/.m2/repository/org/junit/jupiter/junit-jupiter-params/5.8.2/junit-jupiter-params-5.8.2.jar:/home/runner/.m2/repository/org/junit/jupiter/junit-jupiter-migrationsupport/5.8.2/junit-jupiter-migrationsupport-5.8.2.jar:/home/runner/.m2/repository/org/junit/jupiter/junit-jupiter-engine/5.8.2/junit-jupiter-engine-5.8.2.jar:/home/runner/.m2/repository/org/junit/platform/junit-platform-engine/1.8.2/junit-platform-engine-1.8.2.jar:/home/runner/.m2/repository/org/junit/vintage/junit-vintage-engine/5.8.2/junit-vintage-engine-5.8.2.jar:/home/runner/.m2/repository/org/junit/platform/junit-platform-launcher/1.8.2/junit-platform-launcher-1.8.2.jar:/home/runner/.m2/repository/org/mockito/mockito-core/2.28.2/mockito-core-2.28.2.jar:/home/runner/.m2/repository/net/bytebuddy/byte-buddy/1.9.10/byte-buddy-1.9.10.jar:/home/runner/.m2/repository/net/bytebuddy/byte-buddy-agent/1.9.10/byte-buddy-agent-1.9.10.jar:/home/runner/.m2/repository/org/objenesis/objenesis/1.0/objenesis-1.0.jar:/home/runner/.m2/repository/org/apache/hadoop/hadoop-kms/3.3.1/hadoop-kms-3.3.1.jar:/home/runner/.m2/repository/org/apache/hadoop/hadoop-auth/3.3.1/hadoop-auth-3.3.1.jar:/home/runner/.m2/repository/com/nimbusds/nimbus-jose-jwt/7.9/nimbus-jose-jwt-7.9.jar:/home/runner/.m2/repository/com/github/stephenc/jcip/jcip-annotations/1.0-1/jcip-annotations-1.0-1.jar:/home/runner/.m2/repository/net/minidev/json-smart/2.4.7/json-smart-2.4.7.jar:/home/runner/.m2/repository/net/minidev/accessors-smart/2.4.7/accessors-smart-2.4.7.jar:/home/runner/.m2/repository/org/ow2/asm/asm/5.0.4/asm-5.0.4.jar:/home/runner/.m2/repository/org/apache/zookeeper/zookeeper/3.5.6/zookeeper-3.5.6.jar:/home/runner/.m2/repository/org/apache/zookeeper/zookeeper-jute/3.5.6/zookeeper-jute-3.5.6.jar:/home/runner/.m2/repository/org/apache/yetus/audience-annotations/0.5.0/audience-annotations-0.5.0.jar:/home/runner/.m2/repository/org/apache/curator/curator-framework/4.2.0/curator-framework-4.2.0.jar:/home/runner/.m2/repository/org/apache/hadoop/thirdparty/hadoop-shaded-guava/1.1.1/hadoop-shaded-guava-1.1.1.jar:/home/runner/.m2/repository/com/sun/jersey/jersey-core/1.19/jersey-core-1.19.jar:/home/runner/.m2/repository/javax/ws/rs/jsr311-api/1.1.1/jsr311-api-1.1.1.jar:/home/runner/.m2/repository/com/sun/jersey/jersey-server/1.19/jersey-server-1.19.jar:/home/runner/.m2/repository/javax/servlet/javax.servlet-api/3.1.0/javax.servlet-api-3.1.0.jar:/home/runner/.m2/repository/org/eclipse/jetty/jetty-server/9.4.43.v20210629/jetty-server-9.4.43.v20210629.jar:/home/runner/.m2/repository/org/eclipse/jetty/jetty-http/9.4.43.v20210629/jetty-http-9.4.43.v20210629.jar:/home/runner/.m2/repository/org/eclipse/jetty/jetty-io/9.4.43.v20210629/jetty-io-9.4.43.v20210629.jar:/home/runner/.m2/repository/org/eclipse/jetty/jetty-webapp/9.4.43.v20210629/jetty-webapp-9.4.43.v20210629.jar:/home/runner/.m2/repository/org/eclipse/jetty/jetty-xml/9.4.43.v20210629/jetty-xml-9.4.43.v20210629.jar:/home/runner/.m2/repository/org/apache/hadoop/hadoop-common/3.3.1/hadoop-common-3.3.1.jar:/home/runner/.m2/repository/org/apache/commons/commons-math3/3.1.1/commons-math3-3.1.1.jar:/home/runner/.m2/repository/commons-net/commons-net/3.6/commons-net-3.6.jar:/home/runner/.m2/repository/com/sun/jersey/jersey-servlet/1.19/jersey-servlet-1.19.jar:/home/runner/.m2/repository/com/sun/jersey/jersey-json/1.19/jersey-json-1.19.jar:/home/runner/.m2/repository/org/codehaus/jettison/jettison/1.1/jettison-1.1.jar:/home/runner/.m2/repository/com/sun/xml/bind/jaxb-impl/2.2.3-1/jaxb-impl-2.2.3-1.jar:/home/runner/.m2/repository/org/codehaus/jackson/jackson-jaxrs/1.9.2/jackson-jaxrs-1.9.2.jar:/home/runner/.m2/repository/org/codehaus/jackson/jackson-xc/1.9.2/jackson-xc-1.9.2.jar:/home/runner/.m2/repository/org/apache/commons/commons-configuration2/2.1.1/commons-configuration2-2.1.1.jar:/home/runner/.m2/repository/org/apache/commons/commons-text/1.4/commons-text-1.4.jar:/home/runner/.m2/repository/com/google/re2j/re2j/1.1/re2j-1.1.jar:/home/runner/.m2/repository/com/jcraft/jsch/0.1.54/jsch-0.1.54.jar:/home/runner/.m2/repository/org/apache/curator/curator-client/4.2.0/curator-client-4.2.0.jar:/home/runner/.m2/repository/org/apache/curator/curator-recipes/4.2.0/curator-recipes-4.2.0.jar:/home/runner/.m2/repository/org/apache/kerby/kerb-core/1.0.1/kerb-core-1.0.1.jar:/home/runner/.m2/repository/org/apache/kerby/kerby-pkix/1.0.1/kerby-pkix-1.0.1.jar:/home/runner/.m2/repository/org/apache/kerby/kerby-asn1/1.0.1/kerby-asn1-1.0.1.jar:/home/runner/.m2/repository/org/apache/kerby/kerby-util/1.0.1/kerby-util-1.0.1.jar:/home/runner/.m2/repository/dnsjava/dnsjava/2.1.7/dnsjava-2.1.7.jar:/home/runner/.m2/repository/org/xerial/snappy/snappy-java/1.1.8.2/snappy-java-1.1.8.2.jar:/home/runner/.m2/repository/org/slf4j/jul-to-slf4j/1.7.30/jul-to-slf4j-1.7.30.jar:/home/runner/.m2/repository/org/eclipse/jetty/jetty-util/9.4.43.v20210629/jetty-util-9.4.43.v20210629.jar:/home/runner/.m2/repository/com/fasterxml/jackson/core/jackson-databind/2.13.2.2/jackson-databind-2.13.2.2.jar:/home/runner/.m2/repository/org/apache/hadoop/hadoop-kms/3.3.1/hadoop-kms-3.3.1-tests.jar:/home/runner/.m2/repository/org/apache/ozone/hdds-server-scm/1.3.0-SNAPSHOT/hdds-server-scm-1.3.0-SNAPSHOT-tests.jar:/home/runner/.m2/repository/org/apache/ozone/hdds-container-service/1.3.0-SNAPSHOT/hdds-container-service-1.3.0-SNAPSHOT-tests.jar:/home/runner/.m2/repository/commons-codec/commons-codec/1.11/commons-codec-1.11.jar:/home/runner/.m2/repository/io/netty/netty-codec/4.1.74.Final/netty-codec-4.1.74.Final.jar:/home/runner/.m2/repository/io/netty/netty-handler/4.1.74.Final/netty-handler-4.1.74.Final.jar:/home/runner/.m2/repository/org/apache/ozone/hdds-hadoop-dependency-test/1.3.0-SNAPSHOT/hdds-hadoop-dependency-test-1.3.0-SNAPSHOT.jar:/home/runner/.m2/repository/org/apache/hadoop/hadoop-common/3.3.1/hadoop-common-3.3.1-tests.jar:/home/runner/.m2/repository/org/assertj/assertj-core/3.12.2/assertj-core-3.12.2.jar:/home/runner/.m2/repository/org/apache/hadoop/hadoop-hdfs/3.3.1/hadoop-hdfs-3.3.1-tests.jar:/home/runner/.m2/repository/org/eclipse/jetty/jetty-util-ajax/9.4.43.v20210629/jetty-util-ajax-9.4.43.v20210629.jar:/home/runner/.m2/repository/commons-daemon/commons-daemon/1.0.13/commons-daemon-1.0.13.jar:/home/runner/.m2/repository/io/netty/netty/3.10.6.Final/netty-3.10.6.Final.jar:/home/runner/.m2/repository/io/netty/netty-all/4.1.74.Final/netty-all-4.1.74.Final.jar:/home/runner/.m2/repository/io/netty/netty-codec-dns/4.1.74.Final/netty-codec-dns-4.1.74.Final.jar:/home/runner/.m2/repository/io/netty/netty-codec-haproxy/4.1.74.Final/netty-codec-haproxy-4.1.74.Final.jar:/home/runner/.m2/repository/io/netty/netty-codec-memcache/4.1.74.Final/netty-codec-memcache-4.1.74.Final.jar:/home/runner/.m2/repository/io/netty/netty-codec-mqtt/4.1.74.Final/netty-codec-mqtt-4.1.74.Final.jar:/home/runner/.m2/repository/io/netty/netty-codec-redis/4.1.74.Final/netty-codec-redis-4.1.74.Final.jar:/home/runner/.m2/repository/io/netty/netty-codec-smtp/4.1.74.Final/netty-codec-smtp-4.1.74.Final.jar:/home/runner/.m2/repository/io/netty/netty-codec-stomp/4.1.74.Final/netty-codec-stomp-4.1.74.Final.jar:/home/runner/.m2/repository/io/netty/netty-codec-xml/4.1.74.Final/netty-codec-xml-4.1.74.Final.jar:/home/runner/.m2/repository/io/netty/netty-resolver-dns/4.1.74.Final/netty-resolver-dns-4.1.74.Final.jar:/home/runner/.m2/repository/io/netty/netty-transport-rxtx/4.1.74.Final/netty-transport-rxtx-4.1.74.Final.jar:/home/runner/.m2/repository/io/netty/netty-transport-sctp/4.1.74.Final/netty-transport-sctp-4.1.74.Final.jar:/home/runner/.m2/repository/io/netty/netty-transport-udt/4.1.74.Final/netty-transport-udt-4.1.74.Final.jar:/home/runner/.m2/repository/io/netty/netty-transport-classes-kqueue/4.1.74.Final/netty-transport-classes-kqueue-4.1.74.Final.jar:/home/runner/.m2/repository/io/netty/netty-resolver-dns-classes-macos/4.1.74.Final/netty-resolver-dns-classes-macos-4.1.74.Final.jar:/home/runner/.m2/repository/io/netty/netty-transport-native-epoll/4.1.74.Final/netty-transport-native-epoll-4.1.74.Final-linux-aarch_64.jar:/home/runner/.m2/repository/io/netty/netty-transport-native-kqueue/4.1.74.Final/netty-transport-native-kqueue-4.1.74.Final-osx-x86_64.jar:/home/runner/.m2/repository/io/netty/netty-transport-native-kqueue/4.1.74.Final/netty-transport-native-kqueue-4.1.74.Final-osx-aarch_64.jar:/home/runner/.m2/repository/io/netty/netty-resolver-dns-native-macos/4.1.74.Final/netty-resolver-dns-native-macos-4.1.74.Final-osx-x86_64.jar:/home/runner/.m2/repository/io/netty/netty-resolver-dns-native-macos/4.1.74.Final/netty-resolver-dns-native-macos-4.1.74.Final-osx-aarch_64.jar:/home/runner/.m2/repository/org/apache/htrace/htrace-core4/4.1.0-incubating/htrace-core4-4.1.0-incubating.jar:/home/runner/.m2/repository/org/fusesource/leveldbjni/leveldbjni-all/1.8/leveldbjni-all-1.8.jar:/home/runner/.m2/repository/org/apache/hadoop/hadoop-distcp/3.3.1/hadoop-distcp-3.3.1.jar:/home/runner/.m2/repository/org/apache/hadoop/hadoop-mapreduce-client-jobclient/3.3.1/hadoop-mapreduce-client-jobclient-3.3.1.jar:/home/runner/.m2/repository/org/apache/hadoop/hadoop-mapreduce-client-common/3.3.1/hadoop-mapreduce-client-common-3.3.1.jar:/home/runner/.m2/repository/org/apache/hadoop/hadoop-yarn-common/3.3.1/hadoop-yarn-common-3.3.1.jar:/home/runner/.m2/repository/org/apache/hadoop/hadoop-yarn-api/3.3.1/hadoop-yarn-api-3.3.1.jar:/home/runner/.m2/repository/com/sun/jersey/jersey-client/1.19/jersey-client-1.19.jar:/home/runner/.m2/repository/com/sun/jersey/contribs/jersey-guice/1.19/jersey-guice-1.19.jar:/home/runner/.m2/repository/com/fasterxml/jackson/jaxrs/jackson-jaxrs-json-provider/2.13.2/jackson-jaxrs-json-provider-2.13.2.jar:/home/runner/.m2/repository/com/fasterxml/jackson/jaxrs/jackson-jaxrs-base/2.13.2/jackson-jaxrs-base-2.13.2.jar:/home/runner/.m2/repository/org/apache/hadoop/hadoop-yarn-client/3.3.1/hadoop-yarn-client-3.3.1.jar:/home/runner/.m2/repository/org/eclipse/jetty/websocket/websocket-client/9.4.40.v20210413/websocket-client-9.4.40.v20210413.jar:/home/runner/.m2/repository/org/eclipse/jetty/jetty-client/9.4.40.v20210413/jetty-client-9.4.40.v20210413.jar:/home/runner/.m2/repository/org/eclipse/jetty/websocket/websocket-common/9.4.40.v20210413/websocket-common-9.4.40.v20210413.jar:/home/runner/.m2/repository/org/eclipse/jetty/websocket/websocket-api/9.4.40.v20210413/websocket-api-9.4.40.v20210413.jar:/home/runner/.m2/repository/org/jline/jline/3.9.0/jline-3.9.0.jar:/home/runner/.m2/repository/org/apache/hadoop/hadoop-mapreduce-client-core/3.3.1/hadoop-mapreduce-client-core-3.3.1.jar:/home/runner/.m2/repository/org/apache/avro/avro/1.7.7/avro-1.7.7.jar:/home/runner/.m2/repository/org/codehaus/jackson/jackson-core-asl/1.9.13/jackson-core-asl-1.9.13.jar:/home/runner/.m2/repository/org/codehaus/jackson/jackson-mapper-asl/1.9.13/jackson-mapper-asl-1.9.13.jar:/home/runner/.m2/repository/com/thoughtworks/paranamer/paranamer/2.3/paranamer-2.3.jar:/home/runner/.m2/repository/org/apache/hadoop/hadoop-annotations/3.3.1/hadoop-annotations-3.3.1.jar:/usr/lib/jvm/temurin-8-jdk-amd64/jre/../lib/tools.jar:/home/runner/.m2/repository/org/apache/hadoop/hadoop-distcp/3.3.1/hadoop-distcp-3.3.1-tests.jar:/home/runner/.m2/repository/org/apache/ratis/ratis-common/2.3.0/ratis-common-2.3.0.jar:/home/runner/.m2/repository/org/apache/ratis/ratis-thirdparty-misc/1.0.0/ratis-thirdparty-misc-1.0.0.jar:/home/runner/.m2/repository/org/apache/ratis/ratis-proto/2.3.0/ratis-proto-2.3.0.jar:/home/runner/.m2/repository/org/apache/ozone/ozone-annotation-processing/1.3.0-SNAPSHOT/ozone-annotation-processing-1.3.0-SNAPSHOT.jar:"/>
    <property name="java.vm.vendor" value="Temurin"/>
    <property name="sun.arch.data.model" value="64"/>
    <property name="test.build.dir" value="/home/runner/work/ozone/ozone/hadoop-ozone/integration-test/target/test-dir"/>
    <property name="test.cache.data" value=""/>
    <property name="java.vendor.url" value="https://adoptium.net/"/>
    <property name="user.timezone" value="Etc/UTC"/>
    <property name="java.vm.specification.version" value="1.8"/>
    <property name="os.name" value="Linux"/>
    <property name="test.build.data" value="/home/runner/work/ozone/ozone/hadoop-ozone/integration-test/target/test-dir"/>
    <property name="sun.java.launcher" value="SUN_STANDARD"/>
    <property name="sun.boot.library.path" value="/usr/lib/jvm/temurin-8-jdk-amd64/jre/lib/amd64"/>
    <property name="sun.java.command" value="/home/runner/work/ozone/ozone/hadoop-ozone/integration-test/target/surefire/surefirebooter4458801756645694047.jar /home/runner/work/ozone/ozone/hadoop-ozone/integration-test/target/surefire 2022-05-26T00-56-06_514-jvmRun1 surefire3815686459891887210tmp surefire_204266342487451994266tmp"/>
    <property name="surefire.test.class.path" value="/home/runner/work/ozone/ozone/hadoop-ozone/integration-test/target/test-classes:/home/runner/work/ozone/ozone/hadoop-ozone/integration-test/target/classes:/home/runner/.m2/repository/org/apache/ozone/ozone-common/1.3.0-SNAPSHOT/ozone-common-1.3.0-SNAPSHOT.jar:/home/runner/.m2/repository/io/grpc/grpc-netty/1.44.0/grpc-netty-1.44.0.jar:/home/runner/.m2/repository/io/grpc/grpc-core/1.44.0/grpc-core-1.44.0.jar:/home/runner/.m2/repository/com/google/android/annotations/4.1.1.4/annotations-4.1.1.4.jar:/home/runner/.m2/repository/org/codehaus/mojo/animal-sniffer-annotations/1.19/animal-sniffer-annotations-1.19.jar:/home/runner/.m2/repository/com/google/errorprone/error_prone_annotations/2.2.0/error_prone_annotations-2.2.0.jar:/home/runner/.m2/repository/io/perfmark/perfmark-api/0.23.0/perfmark-api-0.23.0.jar:/home/runner/.m2/repository/io/netty/netty-codec-http2/4.1.74.Final/netty-codec-http2-4.1.74.Final.jar:/home/runner/.m2/repository/io/netty/netty-common/4.1.74.Final/netty-common-4.1.74.Final.jar:/home/runner/.m2/repository/io/netty/netty-buffer/4.1.74.Final/netty-buffer-4.1.74.Final.jar:/home/runner/.m2/repository/io/netty/netty-codec-http/4.1.74.Final/netty-codec-http-4.1.74.Final.jar:/home/runner/.m2/repository/io/netty/netty-handler-proxy/4.1.74.Final/netty-handler-proxy-4.1.74.Final.jar:/home/runner/.m2/repository/io/netty/netty-codec-socks/4.1.74.Final/netty-codec-socks-4.1.74.Final.jar:/home/runner/.m2/repository/io/netty/netty-tcnative-boringssl-static/2.0.48.Final/netty-tcnative-boringssl-static-2.0.48.Final.jar:/home/runner/.m2/repository/io/netty/netty-tcnative-classes/2.0.48.Final/netty-tcnative-classes-2.0.48.Final.jar:/home/runner/.m2/repository/io/netty/netty-tcnative/2.0.48.Final/netty-tcnative-2.0.48.Final.jar:/home/runner/.m2/repository/org/apache/commons/commons-compress/1.21/commons-compress-1.21.jar:/home/runner/.m2/repository/org/apache/ozone/hdds-common/1.3.0-SNAPSHOT/hdds-common-1.3.0-SNAPSHOT.jar:/home/runner/.m2/repository/org/apache/ozone/hdds-client/1.3.0-SNAPSHOT/hdds-client-1.3.0-SNAPSHOT.jar:/home/runner/.m2/repository/org/apache/ozone/ozone-interface-client/1.3.0-SNAPSHOT/ozone-interface-client-1.3.0-SNAPSHOT.jar:/home/runner/.m2/repository/org/apache/ozone/hdds-test-utils/1.3.0-SNAPSHOT/hdds-test-utils-1.3.0-SNAPSHOT.jar:/home/runner/.m2/repository/com/google/guava/guava/31.1-jre/guava-31.1-jre.jar:/home/runner/.m2/repository/com/google/guava/failureaccess/1.0.1/failureaccess-1.0.1.jar:/home/runner/.m2/repository/com/google/guava/listenablefuture/9999.0-empty-to-avoid-conflict-with-guava/listenablefuture-9999.0-empty-to-avoid-conflict-with-guava.jar:/home/runner/.m2/repository/com/google/code/findbugs/jsr305/3.0.0/jsr305-3.0.0.jar:/home/runner/.m2/repository/org/checkerframework/checker-qual/3.12.0/checker-qual-3.12.0.jar:/home/runner/.m2/repository/com/google/j2objc/j2objc-annotations/1.3/j2objc-annotations-1.3.jar:/home/runner/.m2/repository/commons-io/commons-io/2.11.0/commons-io-2.11.0.jar:/home/runner/.m2/repository/commons-logging/commons-logging/1.2/commons-logging-1.2.jar:/home/runner/.m2/repository/log4j/log4j/1.2.17/log4j-1.2.17.jar:/home/runner/.m2/repository/org/slf4j/slf4j-api/1.7.30/slf4j-api-1.7.30.jar:/home/runner/.m2/repository/org/apache/ozone/hdds-server-scm/1.3.0-SNAPSHOT/hdds-server-scm-1.3.0-SNAPSHOT.jar:/home/runner/.m2/repository/org/apache/ozone/hdds-container-service/1.3.0-SNAPSHOT/hdds-container-service-1.3.0-SNAPSHOT.jar:/home/runner/.m2/repository/org/apache/ozone/hdds-hadoop-dependency-server/1.3.0-SNAPSHOT/hdds-hadoop-dependency-server-1.3.0-SNAPSHOT.jar:/home/runner/.m2/repository/org/apache/hadoop/hadoop-hdfs/3.3.1/hadoop-hdfs-3.3.1.jar:/home/runner/.m2/repository/org/apache/ozone/hdds-server-framework/1.3.0-SNAPSHOT/hdds-server-framework-1.3.0-SNAPSHOT.jar:/home/runner/.m2/repository/org/apache/ozone/hdds-interface-server/1.3.0-SNAPSHOT/hdds-interface-server-1.3.0-SNAPSHOT.jar:/home/runner/.m2/repository/org/apache/logging/log4j/log4j-core/2.17.1/log4j-core-2.17.1.jar:/home/runner/.m2/repository/com/lmax/disruptor/3.4.2/disruptor-3.4.2.jar:/home/runner/.m2/repository/org/eclipse/jetty/jetty-servlet/9.4.43.v20210629/jetty-servlet-9.4.43.v20210629.jar:/home/runner/.m2/repository/org/eclipse/jetty/jetty-security/9.4.43.v20210629/jetty-security-9.4.43.v20210629.jar:/home/runner/.m2/repository/org/rocksdb/rocksdbjni/7.0.4/rocksdbjni-7.0.4.jar:/home/runner/.m2/repository/io/prometheus/simpleclient_dropwizard/0.7.0/simpleclient_dropwizard-0.7.0.jar:/home/runner/.m2/repository/io/prometheus/simpleclient/0.7.0/simpleclient-0.7.0.jar:/home/runner/.m2/repository/io/prometheus/simpleclient_common/0.7.0/simpleclient_common-0.7.0.jar:/home/runner/.m2/repository/io/dropwizard/metrics/metrics-core/3.2.4/metrics-core-3.2.4.jar:/home/runner/.m2/repository/org/apache/hadoop/hadoop-hdfs-client/3.3.1/hadoop-hdfs-client-3.3.1.jar:/home/runner/.m2/repository/org/bouncycastle/bcprov-jdk15on/1.67/bcprov-jdk15on-1.67.jar:/home/runner/.m2/repository/com/google/protobuf/protobuf-java/2.5.0/protobuf-java-2.5.0.jar:/home/runner/.m2/repository/org/apache/ozone/ozone-manager/1.3.0-SNAPSHOT/ozone-manager-1.3.0-SNAPSHOT.jar:/home/runner/.m2/repository/org/aspectj/aspectjrt/1.9.7/aspectjrt-1.9.7.jar:/home/runner/.m2/repository/org/aspectj/aspectjweaver/1.9.7/aspectjweaver-1.9.7.jar:/home/runner/.m2/repository/org/apache/ozone/hdds-interface-client/1.3.0-SNAPSHOT/hdds-interface-client-1.3.0-SNAPSHOT.jar:/home/runner/.m2/repository/org/apache/hadoop/thirdparty/hadoop-shaded-protobuf_3_7/1.1.1/hadoop-shaded-protobuf_3_7-1.1.1.jar:/home/runner/.m2/repository/org/apache/ozone/ozone-interface-storage/1.3.0-SNAPSHOT/ozone-interface-storage-1.3.0-SNAPSHOT.jar:/home/runner/.m2/repository/org/reflections/reflections/0.9.11/reflections-0.9.11.jar:/home/runner/.m2/repository/org/apache/hadoop/hadoop-minikdc/3.3.1/hadoop-minikdc-3.3.1.jar:/home/runner/.m2/repository/org/apache/kerby/kerb-simplekdc/1.0.1/kerb-simplekdc-1.0.1.jar:/home/runner/.m2/repository/org/apache/kerby/kerb-client/1.0.1/kerb-client-1.0.1.jar:/home/runner/.m2/repository/org/apache/kerby/kerby-config/1.0.1/kerby-config-1.0.1.jar:/home/runner/.m2/repository/org/apache/kerby/kerb-common/1.0.1/kerb-common-1.0.1.jar:/home/runner/.m2/repository/org/apache/kerby/kerb-crypto/1.0.1/kerb-crypto-1.0.1.jar:/home/runner/.m2/repository/org/apache/kerby/kerb-util/1.0.1/kerb-util-1.0.1.jar:/home/runner/.m2/repository/org/apache/kerby/token-provider/1.0.1/token-provider-1.0.1.jar:/home/runner/.m2/repository/org/apache/kerby/kerb-admin/1.0.1/kerb-admin-1.0.1.jar:/home/runner/.m2/repository/org/apache/kerby/kerb-server/1.0.1/kerb-server-1.0.1.jar:/home/runner/.m2/repository/org/apache/kerby/kerb-identity/1.0.1/kerb-identity-1.0.1.jar:/home/runner/.m2/repository/org/apache/kerby/kerby-xdr/1.0.1/kerby-xdr-1.0.1.jar:/home/runner/.m2/repository/org/slf4j/slf4j-log4j12/1.7.30/slf4j-log4j12-1.7.30.jar:/home/runner/.m2/repository/org/apache/ozone/ozone-s3gateway/1.3.0-SNAPSHOT/ozone-s3gateway-1.3.0-SNAPSHOT.jar:/home/runner/.m2/repository/org/javassist/javassist/3.21.0-GA/javassist-3.21.0-GA.jar:/home/runner/.m2/repository/org/jboss/weld/servlet/weld-servlet/2.4.7.Final/weld-servlet-2.4.7.Final.jar:/home/runner/.m2/repository/org/glassfish/jersey/containers/jersey-container-servlet-core/2.33/jersey-container-servlet-core-2.33.jar:/home/runner/.m2/repository/org/glassfish/hk2/external/jakarta.inject/2.6.1/jakarta.inject-2.6.1.jar:/home/runner/.m2/repository/org/glassfish/jersey/core/jersey-common/2.33/jersey-common-2.33.jar:/home/runner/.m2/repository/jakarta/ws/rs/jakarta.ws.rs-api/2.1.6/jakarta.ws.rs-api-2.1.6.jar:/home/runner/.m2/repository/org/glassfish/jersey/ext/cdi/jersey-cdi1x/2.33/jersey-cdi1x-2.33.jar:/home/runner/.m2/repository/org/glassfish/jersey/inject/jersey-hk2/2.33/jersey-hk2-2.33.jar:/home/runner/.m2/repository/org/glassfish/hk2/hk2-locator/2.6.1/hk2-locator-2.6.1.jar:/home/runner/.m2/repository/org/glassfish/jersey/media/jersey-media-jaxb/2.33/jersey-media-jaxb-2.33.jar:/home/runner/.m2/repository/org/glassfish/hk2/osgi-resource-locator/1.0.3/osgi-resource-locator-1.0.3.jar:/home/runner/.m2/repository/org/glassfish/hk2/hk2-api/2.5.0/hk2-api-2.5.0.jar:/home/runner/.m2/repository/org/glassfish/hk2/hk2-utils/2.5.0/hk2-utils-2.5.0.jar:/home/runner/.m2/repository/org/glassfish/hk2/external/aopalliance-repackaged/2.5.0/aopalliance-repackaged-2.5.0.jar:/home/runner/.m2/repository/com/fasterxml/jackson/dataformat/jackson-dataformat-xml/2.13.2/jackson-dataformat-xml-2.13.2.jar:/home/runner/.m2/repository/com/fasterxml/jackson/core/jackson-core/2.13.2/jackson-core-2.13.2.jar:/home/runner/.m2/repository/org/codehaus/woodstox/stax2-api/3.1.4/stax2-api-3.1.4.jar:/home/runner/.m2/repository/com/fasterxml/woodstox/woodstox-core/5.0.3/woodstox-core-5.0.3.jar:/home/runner/.m2/repository/com/fasterxml/jackson/module/jackson-module-jaxb-annotations/2.13.2/jackson-module-jaxb-annotations-2.13.2.jar:/home/runner/.m2/repository/jakarta/xml/bind/jakarta.xml.bind-api/2.3.3/jakarta.xml.bind-api-2.3.3.jar:/home/runner/.m2/repository/jakarta/activation/jakarta.activation-api/1.2.1/jakarta.activation-api-1.2.1.jar:/home/runner/.m2/repository/javax/enterprise/cdi-api/1.2/cdi-api-1.2.jar:/home/runner/.m2/repository/javax/el/javax.el-api/3.0.0/javax.el-api-3.0.0.jar:/home/runner/.m2/repository/javax/interceptor/javax.interceptor-api/1.2/javax.interceptor-api-1.2.jar:/home/runner/.m2/repository/javax/inject/javax.inject/1/javax.inject-1.jar:/home/runner/.m2/repository/javax/xml/bind/jaxb-api/2.3.0/jaxb-api-2.3.0.jar:/home/runner/.m2/repository/org/glassfish/jaxb/jaxb-runtime/2.3.0.1/jaxb-runtime-2.3.0.1.jar:/home/runner/.m2/repository/org/glassfish/jaxb/jaxb-core/2.3.0.1/jaxb-core-2.3.0.1.jar:/home/runner/.m2/repository/org/glassfish/jaxb/txw2/2.3.0.1/txw2-2.3.0.1.jar:/home/runner/.m2/repository/com/sun/istack/istack-commons-runtime/3.0.5/istack-commons-runtime-3.0.5.jar:/home/runner/.m2/repository/org/jvnet/staxex/stax-ex/1.7.8/stax-ex-1.7.8.jar:/home/runner/.m2/repository/com/sun/xml/fastinfoset/FastInfoset/1.2.13/FastInfoset-1.2.13.jar:/home/runner/.m2/repository/javax/activation/activation/1.1.1/activation-1.1.1.jar:/home/runner/.m2/repository/io/grpc/grpc-protobuf/1.44.0/grpc-protobuf-1.44.0.jar:/home/runner/.m2/repository/io/grpc/grpc-api/1.44.0/grpc-api-1.44.0.jar:/home/runner/.m2/repository/io/grpc/grpc-context/1.44.0/grpc-context-1.44.0.jar:/home/runner/.m2/repository/com/google/api/grpc/proto-google-common-protos/2.0.1/proto-google-common-protos-2.0.1.jar:/home/runner/.m2/repository/io/grpc/grpc-protobuf-lite/1.44.0/grpc-protobuf-lite-1.44.0.jar:/home/runner/.m2/repository/io/grpc/grpc-stub/1.44.0/grpc-stub-1.44.0.jar:/home/runner/.m2/repository/io/netty/netty-transport/4.1.74.Final/netty-transport-4.1.74.Final.jar:/home/runner/.m2/repository/io/netty/netty-resolver/4.1.74.Final/netty-resolver-4.1.74.Final.jar:/home/runner/.m2/repository/org/apache/ozone/ozone-csi/1.3.0-SNAPSHOT/ozone-csi-1.3.0-SNAPSHOT.jar:/home/runner/.m2/repository/com/google/protobuf/protobuf-java-util/3.19.2/protobuf-java-util-3.19.2.jar:/home/runner/.m2/repository/com/google/code/gson/gson/2.8.9/gson-2.8.9.jar:/home/runner/.m2/repository/org/apache/ozone/hdds-config/1.3.0-SNAPSHOT/hdds-config-1.3.0-SNAPSHOT.jar:/home/runner/.m2/repository/io/netty/netty-transport-native-epoll/4.1.74.Final/netty-transport-native-epoll-4.1.74.Final-linux-x86_64.jar:/home/runner/.m2/repository/io/netty/netty-transport-classes-epoll/4.1.74.Final/netty-transport-classes-epoll-4.1.74.Final.jar:/home/runner/.m2/repository/io/netty/netty-transport-native-unix-common/4.1.74.Final/netty-transport-native-unix-common-4.1.74.Final.jar:/home/runner/.m2/repository/org/apache/ozone/ozone-recon/1.3.0-SNAPSHOT/ozone-recon-1.3.0-SNAPSHOT.jar:/home/runner/.m2/repository/org/apache/ozone/ozone-reconcodegen/1.3.0-SNAPSHOT/ozone-reconcodegen-1.3.0-SNAPSHOT.jar:/home/runner/.m2/repository/com/google/inject/extensions/guice-multibindings/4.0/guice-multibindings-4.0.jar:/home/runner/.m2/repository/com/google/inject/guice/4.0/guice-4.0.jar:/home/runner/.m2/repository/aopalliance/aopalliance/1.0/aopalliance-1.0.jar:/home/runner/.m2/repository/com/google/inject/extensions/guice-assistedinject/4.0/guice-assistedinject-4.0.jar:/home/runner/.m2/repository/com/google/inject/extensions/guice-servlet/4.0/guice-servlet-4.0.jar:/home/runner/.m2/repository/org/glassfish/jersey/containers/jersey-container-servlet/2.33/jersey-container-servlet-2.33.jar:/home/runner/.m2/repository/org/glassfish/hk2/guice-bridge/2.5.0/guice-bridge-2.5.0.jar:/home/runner/.m2/repository/org/glassfish/jersey/core/jersey-server/2.33/jersey-server-2.33.jar:/home/runner/.m2/repository/org/glassfish/jersey/core/jersey-client/2.33/jersey-client-2.33.jar:/home/runner/.m2/repository/jakarta/annotation/jakarta.annotation-api/1.3.5/jakarta.annotation-api-1.3.5.jar:/home/runner/.m2/repository/jakarta/validation/jakarta.validation-api/2.0.2/jakarta.validation-api-2.0.2.jar:/home/runner/.m2/repository/org/glassfish/jersey/media/jersey-media-json-jackson/2.33/jersey-media-json-jackson-2.33.jar:/home/runner/.m2/repository/org/glassfish/jersey/ext/jersey-entity-filtering/2.33/jersey-entity-filtering-2.33.jar:/home/runner/.m2/repository/org/jooq/jooq/3.11.10/jooq-3.11.10.jar:/home/runner/.m2/repository/org/jooq/jooq-meta/3.11.10/jooq-meta-3.11.10.jar:/home/runner/.m2/repository/org/jooq/jooq-codegen/3.11.10/jooq-codegen-3.11.10.jar:/home/runner/.m2/repository/com/jolbox/bonecp/0.8.0.RELEASE/bonecp-0.8.0.RELEASE.jar:/home/runner/.m2/repository/org/apache/derby/derby/10.14.2.0/derby-10.14.2.0.jar:/home/runner/.m2/repository/org/xerial/sqlite-jdbc/3.25.2/sqlite-jdbc-3.25.2.jar:/home/runner/.m2/repository/org/springframework/spring-jdbc/5.2.20.RELEASE/spring-jdbc-5.2.20.RELEASE.jar:/home/runner/.m2/repository/org/springframework/spring-beans/5.2.20.RELEASE/spring-beans-5.2.20.RELEASE.jar:/home/runner/.m2/repository/org/springframework/spring-core/5.2.20.RELEASE/spring-core-5.2.20.RELEASE.jar:/home/runner/.m2/repository/org/springframework/spring-jcl/5.2.20.RELEASE/spring-jcl-5.2.20.RELEASE.jar:/home/runner/.m2/repository/org/springframework/spring-tx/5.2.20.RELEASE/spring-tx-5.2.20.RELEASE.jar:/home/runner/.m2/repository/org/apache/ozone/ozone-client/1.3.0-SNAPSHOT/ozone-client-1.3.0-SNAPSHOT.jar:/home/runner/.m2/repository/org/apache/ozone/hdds-erasurecode/1.3.0-SNAPSHOT/hdds-erasurecode-1.3.0-SNAPSHOT.jar:/home/runner/.m2/repository/com/github/spotbugs/spotbugs-annotations/3.1.12/spotbugs-annotations-3.1.12.jar:/home/runner/.m2/repository/org/apache/ozone/ozone-filesystem/1.3.0-SNAPSHOT/ozone-filesystem-1.3.0-SNAPSHOT.jar:/home/runner/.m2/repository/org/apache/ozone/ozone-filesystem-common/1.3.0-SNAPSHOT/ozone-filesystem-common-1.3.0-SNAPSHOT.jar:/home/runner/.m2/repository/org/apache/ozone/ozone-tools/1.3.0-SNAPSHOT/ozone-tools-1.3.0-SNAPSHOT.jar:/home/runner/.m2/repository/org/apache/ratis/ratis-tools/2.3.0/ratis-tools-2.3.0.jar:/home/runner/.m2/repository/com/amazonaws/aws-java-sdk-core/1.12.124/aws-java-sdk-core-1.12.124.jar:/home/runner/.m2/repository/org/apache/httpcomponents/httpclient/4.5.13/httpclient-4.5.13.jar:/home/runner/.m2/repository/org/apache/httpcomponents/httpcore/4.4.13/httpcore-4.4.13.jar:/home/runner/.m2/repository/software/amazon/ion/ion-java/1.0.2/ion-java-1.0.2.jar:/home/runner/.m2/repository/com/fasterxml/jackson/dataformat/jackson-dataformat-cbor/2.13.2/jackson-dataformat-cbor-2.13.2.jar:/home/runner/.m2/repository/joda-time/joda-time/2.8.1/joda-time-2.8.1.jar:/home/runner/.m2/repository/com/amazonaws/aws-java-sdk-s3/1.12.124/aws-java-sdk-s3-1.12.124.jar:/home/runner/.m2/repository/com/amazonaws/aws-java-sdk-kms/1.12.124/aws-java-sdk-kms-1.12.124.jar:/home/runner/.m2/repository/com/amazonaws/jmespath-java/1.12.124/jmespath-java-1.12.124.jar:/home/runner/.m2/repository/org/kohsuke/metainf-services/metainf-services/1.8/metainf-services-1.8.jar:/home/runner/.m2/repository/org/apache/ozone/hdds-tools/1.3.0-SNAPSHOT/hdds-tools-1.3.0-SNAPSHOT.jar:/home/runner/.m2/repository/commons-cli/commons-cli/1.2/commons-cli-1.2.jar:/home/runner/.m2/repository/org/apache/commons/commons-lang3/3.7/commons-lang3-3.7.jar:/home/runner/.m2/repository/org/apache/ozone/ozone-manager/1.3.0-SNAPSHOT/ozone-manager-1.3.0-SNAPSHOT-tests.jar:/home/runner/.m2/repository/org/apache/ozone/hdds-common/1.3.0-SNAPSHOT/hdds-common-1.3.0-SNAPSHOT-tests.jar:/home/runner/.m2/repository/org/apache/ozone/hdds-hadoop-dependency-client/1.3.0-SNAPSHOT/hdds-hadoop-dependency-client-1.3.0-SNAPSHOT.jar:/home/runner/.m2/repository/info/picocli/picocli/4.6.1/picocli-4.6.1.jar:/home/runner/.m2/repository/com/fasterxml/jackson/core/jackson-annotations/2.13.2/jackson-annotations-2.13.2.jar:/home/runner/.m2/repository/com/fasterxml/jackson/datatype/jackson-datatype-jsr310/2.13.2/jackson-datatype-jsr310-2.13.2.jar:/home/runner/.m2/repository/javax/annotation/javax.annotation-api/1.2/javax.annotation-api-1.2.jar:/home/runner/.m2/repository/org/apache/ratis/ratis-server/2.3.0/ratis-server-2.3.0.jar:/home/runner/.m2/repository/org/apache/ratis/ratis-client/2.3.0/ratis-client-2.3.0.jar:/home/runner/.m2/repository/org/apache/ratis/ratis-server-api/2.3.0/ratis-server-api-2.3.0.jar:/home/runner/.m2/repository/org/apache/ratis/ratis-metrics/2.3.0/ratis-metrics-2.3.0.jar:/home/runner/.m2/repository/org/apache/ratis/ratis-netty/2.3.0/ratis-netty-2.3.0.jar:/home/runner/.m2/repository/org/apache/ratis/ratis-grpc/2.3.0/ratis-grpc-2.3.0.jar:/home/runner/.m2/repository/org/apache/logging/log4j/log4j-api/2.17.1/log4j-api-2.17.1.jar:/home/runner/.m2/repository/org/apache/commons/commons-pool2/2.6.0/commons-pool2-2.6.0.jar:/home/runner/.m2/repository/org/bouncycastle/bcpkix-jdk15on/1.67/bcpkix-jdk15on-1.67.jar:/home/runner/.m2/repository/commons-validator/commons-validator/1.6/commons-validator-1.6.jar:/home/runner/.m2/repository/commons-beanutils/commons-beanutils/1.9.4/commons-beanutils-1.9.4.jar:/home/runner/.m2/repository/commons-digester/commons-digester/1.8.1/commons-digester-1.8.1.jar:/home/runner/.m2/repository/commons-collections/commons-collections/3.2.2/commons-collections-3.2.2.jar:/home/runner/.m2/repository/io/jaegertracing/jaeger-client/1.6.0/jaeger-client-1.6.0.jar:/home/runner/.m2/repository/io/jaegertracing/jaeger-thrift/1.6.0/jaeger-thrift-1.6.0.jar:/home/runner/.m2/repository/org/apache/thrift/libthrift/0.14.1/libthrift-0.14.1.jar:/home/runner/.m2/repository/com/squareup/okhttp3/okhttp/4.9.0/okhttp-4.9.0.jar:/home/runner/.m2/repository/com/squareup/okio/okio/2.8.0/okio-2.8.0.jar:/home/runner/.m2/repository/io/jaegertracing/jaeger-core/1.6.0/jaeger-core-1.6.0.jar:/home/runner/.m2/repository/io/jaegertracing/jaeger-tracerresolver/1.6.0/jaeger-tracerresolver-1.6.0.jar:/home/runner/.m2/repository/io/opentracing/contrib/opentracing-tracerresolver/0.1.8/opentracing-tracerresolver-0.1.8.jar:/home/runner/.m2/repository/org/jetbrains/kotlin/kotlin-stdlib/1.4.31/kotlin-stdlib-1.4.31.jar:/home/runner/.m2/repository/org/jetbrains/kotlin/kotlin-stdlib-common/1.4.31/kotlin-stdlib-common-1.4.31.jar:/home/runner/.m2/repository/org/jetbrains/annotations/13.0/annotations-13.0.jar:/home/runner/.m2/repository/io/opentracing/opentracing-util/0.33.0/opentracing-util-0.33.0.jar:/home/runner/.m2/repository/io/opentracing/opentracing-api/0.33.0/opentracing-api-0.33.0.jar:/home/runner/.m2/repository/io/opentracing/opentracing-noop/0.33.0/opentracing-noop-0.33.0.jar:/home/runner/.m2/repository/org/yaml/snakeyaml/1.26/snakeyaml-1.26.jar:/home/runner/.m2/repository/org/apache/ozone/hdds-interface-admin/1.3.0-SNAPSHOT/hdds-interface-admin-1.3.0-SNAPSHOT.jar:/home/runner/.m2/repository/junit/junit/4.13.1/junit-4.13.1.jar:/home/runner/.m2/repository/org/hamcrest/hamcrest-core/1.3/hamcrest-core-1.3.jar:/home/runner/.m2/repository/org/junit/jupiter/junit-jupiter-api/5.8.2/junit-jupiter-api-5.8.2.jar:/home/runner/.m2/repository/org/opentest4j/opentest4j/1.2.0/opentest4j-1.2.0.jar:/home/runner/.m2/repository/org/junit/platform/junit-platform-commons/1.8.2/junit-platform-commons-1.8.2.jar:/home/runner/.m2/repository/org/apiguardian/apiguardian-api/1.1.2/apiguardian-api-1.1.2.jar:/home/runner/.m2/repository/org/junit/jupiter/junit-jupiter-params/5.8.2/junit-jupiter-params-5.8.2.jar:/home/runner/.m2/repository/org/junit/jupiter/junit-jupiter-migrationsupport/5.8.2/junit-jupiter-migrationsupport-5.8.2.jar:/home/runner/.m2/repository/org/junit/jupiter/junit-jupiter-engine/5.8.2/junit-jupiter-engine-5.8.2.jar:/home/runner/.m2/repository/org/junit/platform/junit-platform-engine/1.8.2/junit-platform-engine-1.8.2.jar:/home/runner/.m2/repository/org/junit/vintage/junit-vintage-engine/5.8.2/junit-vintage-engine-5.8.2.jar:/home/runner/.m2/repository/org/junit/platform/junit-platform-launcher/1.8.2/junit-platform-launcher-1.8.2.jar:/home/runner/.m2/repository/org/mockito/mockito-core/2.28.2/mockito-core-2.28.2.jar:/home/runner/.m2/repository/net/bytebuddy/byte-buddy/1.9.10/byte-buddy-1.9.10.jar:/home/runner/.m2/repository/net/bytebuddy/byte-buddy-agent/1.9.10/byte-buddy-agent-1.9.10.jar:/home/runner/.m2/repository/org/objenesis/objenesis/1.0/objenesis-1.0.jar:/home/runner/.m2/repository/org/apache/hadoop/hadoop-kms/3.3.1/hadoop-kms-3.3.1.jar:/home/runner/.m2/repository/org/apache/hadoop/hadoop-auth/3.3.1/hadoop-auth-3.3.1.jar:/home/runner/.m2/repository/com/nimbusds/nimbus-jose-jwt/7.9/nimbus-jose-jwt-7.9.jar:/home/runner/.m2/repository/com/github/stephenc/jcip/jcip-annotations/1.0-1/jcip-annotations-1.0-1.jar:/home/runner/.m2/repository/net/minidev/json-smart/2.4.7/json-smart-2.4.7.jar:/home/runner/.m2/repository/net/minidev/accessors-smart/2.4.7/accessors-smart-2.4.7.jar:/home/runner/.m2/repository/org/ow2/asm/asm/5.0.4/asm-5.0.4.jar:/home/runner/.m2/repository/org/apache/zookeeper/zookeeper/3.5.6/zookeeper-3.5.6.jar:/home/runner/.m2/repository/org/apache/zookeeper/zookeeper-jute/3.5.6/zookeeper-jute-3.5.6.jar:/home/runner/.m2/repository/org/apache/yetus/audience-annotations/0.5.0/audience-annotations-0.5.0.jar:/home/runner/.m2/repository/org/apache/curator/curator-framework/4.2.0/curator-framework-4.2.0.jar:/home/runner/.m2/repository/org/apache/hadoop/thirdparty/hadoop-shaded-guava/1.1.1/hadoop-shaded-guava-1.1.1.jar:/home/runner/.m2/repository/com/sun/jersey/jersey-core/1.19/jersey-core-1.19.jar:/home/runner/.m2/repository/javax/ws/rs/jsr311-api/1.1.1/jsr311-api-1.1.1.jar:/home/runner/.m2/repository/com/sun/jersey/jersey-server/1.19/jersey-server-1.19.jar:/home/runner/.m2/repository/javax/servlet/javax.servlet-api/3.1.0/javax.servlet-api-3.1.0.jar:/home/runner/.m2/repository/org/eclipse/jetty/jetty-server/9.4.43.v20210629/jetty-server-9.4.43.v20210629.jar:/home/runner/.m2/repository/org/eclipse/jetty/jetty-http/9.4.43.v20210629/jetty-http-9.4.43.v20210629.jar:/home/runner/.m2/repository/org/eclipse/jetty/jetty-io/9.4.43.v20210629/jetty-io-9.4.43.v20210629.jar:/home/runner/.m2/repository/org/eclipse/jetty/jetty-webapp/9.4.43.v20210629/jetty-webapp-9.4.43.v20210629.jar:/home/runner/.m2/repository/org/eclipse/jetty/jetty-xml/9.4.43.v20210629/jetty-xml-9.4.43.v20210629.jar:/home/runner/.m2/repository/org/apache/hadoop/hadoop-common/3.3.1/hadoop-common-3.3.1.jar:/home/runner/.m2/repository/org/apache/commons/commons-math3/3.1.1/commons-math3-3.1.1.jar:/home/runner/.m2/repository/commons-net/commons-net/3.6/commons-net-3.6.jar:/home/runner/.m2/repository/com/sun/jersey/jersey-servlet/1.19/jersey-servlet-1.19.jar:/home/runner/.m2/repository/com/sun/jersey/jersey-json/1.19/jersey-json-1.19.jar:/home/runner/.m2/repository/org/codehaus/jettison/jettison/1.1/jettison-1.1.jar:/home/runner/.m2/repository/com/sun/xml/bind/jaxb-impl/2.2.3-1/jaxb-impl-2.2.3-1.jar:/home/runner/.m2/repository/org/codehaus/jackson/jackson-jaxrs/1.9.2/jackson-jaxrs-1.9.2.jar:/home/runner/.m2/repository/org/codehaus/jackson/jackson-xc/1.9.2/jackson-xc-1.9.2.jar:/home/runner/.m2/repository/org/apache/commons/commons-configuration2/2.1.1/commons-configuration2-2.1.1.jar:/home/runner/.m2/repository/org/apache/commons/commons-text/1.4/commons-text-1.4.jar:/home/runner/.m2/repository/com/google/re2j/re2j/1.1/re2j-1.1.jar:/home/runner/.m2/repository/com/jcraft/jsch/0.1.54/jsch-0.1.54.jar:/home/runner/.m2/repository/org/apache/curator/curator-client/4.2.0/curator-client-4.2.0.jar:/home/runner/.m2/repository/org/apache/curator/curator-recipes/4.2.0/curator-recipes-4.2.0.jar:/home/runner/.m2/repository/org/apache/kerby/kerb-core/1.0.1/kerb-core-1.0.1.jar:/home/runner/.m2/repository/org/apache/kerby/kerby-pkix/1.0.1/kerby-pkix-1.0.1.jar:/home/runner/.m2/repository/org/apache/kerby/kerby-asn1/1.0.1/kerby-asn1-1.0.1.jar:/home/runner/.m2/repository/org/apache/kerby/kerby-util/1.0.1/kerby-util-1.0.1.jar:/home/runner/.m2/repository/dnsjava/dnsjava/2.1.7/dnsjava-2.1.7.jar:/home/runner/.m2/repository/org/xerial/snappy/snappy-java/1.1.8.2/snappy-java-1.1.8.2.jar:/home/runner/.m2/repository/org/slf4j/jul-to-slf4j/1.7.30/jul-to-slf4j-1.7.30.jar:/home/runner/.m2/repository/org/eclipse/jetty/jetty-util/9.4.43.v20210629/jetty-util-9.4.43.v20210629.jar:/home/runner/.m2/repository/com/fasterxml/jackson/core/jackson-databind/2.13.2.2/jackson-databind-2.13.2.2.jar:/home/runner/.m2/repository/org/apache/hadoop/hadoop-kms/3.3.1/hadoop-kms-3.3.1-tests.jar:/home/runner/.m2/repository/org/apache/ozone/hdds-server-scm/1.3.0-SNAPSHOT/hdds-server-scm-1.3.0-SNAPSHOT-tests.jar:/home/runner/.m2/repository/org/apache/ozone/hdds-container-service/1.3.0-SNAPSHOT/hdds-container-service-1.3.0-SNAPSHOT-tests.jar:/home/runner/.m2/repository/commons-codec/commons-codec/1.11/commons-codec-1.11.jar:/home/runner/.m2/repository/io/netty/netty-codec/4.1.74.Final/netty-codec-4.1.74.Final.jar:/home/runner/.m2/repository/io/netty/netty-handler/4.1.74.Final/netty-handler-4.1.74.Final.jar:/home/runner/.m2/repository/org/apache/ozone/hdds-hadoop-dependency-test/1.3.0-SNAPSHOT/hdds-hadoop-dependency-test-1.3.0-SNAPSHOT.jar:/home/runner/.m2/repository/org/apache/hadoop/hadoop-common/3.3.1/hadoop-common-3.3.1-tests.jar:/home/runner/.m2/repository/org/assertj/assertj-core/3.12.2/assertj-core-3.12.2.jar:/home/runner/.m2/repository/org/apache/hadoop/hadoop-hdfs/3.3.1/hadoop-hdfs-3.3.1-tests.jar:/home/runner/.m2/repository/org/eclipse/jetty/jetty-util-ajax/9.4.43.v20210629/jetty-util-ajax-9.4.43.v20210629.jar:/home/runner/.m2/repository/commons-daemon/commons-daemon/1.0.13/commons-daemon-1.0.13.jar:/home/runner/.m2/repository/io/netty/netty/3.10.6.Final/netty-3.10.6.Final.jar:/home/runner/.m2/repository/io/netty/netty-all/4.1.74.Final/netty-all-4.1.74.Final.jar:/home/runner/.m2/repository/io/netty/netty-codec-dns/4.1.74.Final/netty-codec-dns-4.1.74.Final.jar:/home/runner/.m2/repository/io/netty/netty-codec-haproxy/4.1.74.Final/netty-codec-haproxy-4.1.74.Final.jar:/home/runner/.m2/repository/io/netty/netty-codec-memcache/4.1.74.Final/netty-codec-memcache-4.1.74.Final.jar:/home/runner/.m2/repository/io/netty/netty-codec-mqtt/4.1.74.Final/netty-codec-mqtt-4.1.74.Final.jar:/home/runner/.m2/repository/io/netty/netty-codec-redis/4.1.74.Final/netty-codec-redis-4.1.74.Final.jar:/home/runner/.m2/repository/io/netty/netty-codec-smtp/4.1.74.Final/netty-codec-smtp-4.1.74.Final.jar:/home/runner/.m2/repository/io/netty/netty-codec-stomp/4.1.74.Final/netty-codec-stomp-4.1.74.Final.jar:/home/runner/.m2/repository/io/netty/netty-codec-xml/4.1.74.Final/netty-codec-xml-4.1.74.Final.jar:/home/runner/.m2/repository/io/netty/netty-resolver-dns/4.1.74.Final/netty-resolver-dns-4.1.74.Final.jar:/home/runner/.m2/repository/io/netty/netty-transport-rxtx/4.1.74.Final/netty-transport-rxtx-4.1.74.Final.jar:/home/runner/.m2/repository/io/netty/netty-transport-sctp/4.1.74.Final/netty-transport-sctp-4.1.74.Final.jar:/home/runner/.m2/repository/io/netty/netty-transport-udt/4.1.74.Final/netty-transport-udt-4.1.74.Final.jar:/home/runner/.m2/repository/io/netty/netty-transport-classes-kqueue/4.1.74.Final/netty-transport-classes-kqueue-4.1.74.Final.jar:/home/runner/.m2/repository/io/netty/netty-resolver-dns-classes-macos/4.1.74.Final/netty-resolver-dns-classes-macos-4.1.74.Final.jar:/home/runner/.m2/repository/io/netty/netty-transport-native-epoll/4.1.74.Final/netty-transport-native-epoll-4.1.74.Final-linux-aarch_64.jar:/home/runner/.m2/repository/io/netty/netty-transport-native-kqueue/4.1.74.Final/netty-transport-native-kqueue-4.1.74.Final-osx-x86_64.jar:/home/runner/.m2/repository/io/netty/netty-transport-native-kqueue/4.1.74.Final/netty-transport-native-kqueue-4.1.74.Final-osx-aarch_64.jar:/home/runner/.m2/repository/io/netty/netty-resolver-dns-native-macos/4.1.74.Final/netty-resolver-dns-native-macos-4.1.74.Final-osx-x86_64.jar:/home/runner/.m2/repository/io/netty/netty-resolver-dns-native-macos/4.1.74.Final/netty-resolver-dns-native-macos-4.1.74.Final-osx-aarch_64.jar:/home/runner/.m2/repository/org/apache/htrace/htrace-core4/4.1.0-incubating/htrace-core4-4.1.0-incubating.jar:/home/runner/.m2/repository/org/fusesource/leveldbjni/leveldbjni-all/1.8/leveldbjni-all-1.8.jar:/home/runner/.m2/repository/org/apache/hadoop/hadoop-distcp/3.3.1/hadoop-distcp-3.3.1.jar:/home/runner/.m2/repository/org/apache/hadoop/hadoop-mapreduce-client-jobclient/3.3.1/hadoop-mapreduce-client-jobclient-3.3.1.jar:/home/runner/.m2/repository/org/apache/hadoop/hadoop-mapreduce-client-common/3.3.1/hadoop-mapreduce-client-common-3.3.1.jar:/home/runner/.m2/repository/org/apache/hadoop/hadoop-yarn-common/3.3.1/hadoop-yarn-common-3.3.1.jar:/home/runner/.m2/repository/org/apache/hadoop/hadoop-yarn-api/3.3.1/hadoop-yarn-api-3.3.1.jar:/home/runner/.m2/repository/com/sun/jersey/jersey-client/1.19/jersey-client-1.19.jar:/home/runner/.m2/repository/com/sun/jersey/contribs/jersey-guice/1.19/jersey-guice-1.19.jar:/home/runner/.m2/repository/com/fasterxml/jackson/jaxrs/jackson-jaxrs-json-provider/2.13.2/jackson-jaxrs-json-provider-2.13.2.jar:/home/runner/.m2/repository/com/fasterxml/jackson/jaxrs/jackson-jaxrs-base/2.13.2/jackson-jaxrs-base-2.13.2.jar:/home/runner/.m2/repository/org/apache/hadoop/hadoop-yarn-client/3.3.1/hadoop-yarn-client-3.3.1.jar:/home/runner/.m2/repository/org/eclipse/jetty/websocket/websocket-client/9.4.40.v20210413/websocket-client-9.4.40.v20210413.jar:/home/runner/.m2/repository/org/eclipse/jetty/jetty-client/9.4.40.v20210413/jetty-client-9.4.40.v20210413.jar:/home/runner/.m2/repository/org/eclipse/jetty/websocket/websocket-common/9.4.40.v20210413/websocket-common-9.4.40.v20210413.jar:/home/runner/.m2/repository/org/eclipse/jetty/websocket/websocket-api/9.4.40.v20210413/websocket-api-9.4.40.v20210413.jar:/home/runner/.m2/repository/org/jline/jline/3.9.0/jline-3.9.0.jar:/home/runner/.m2/repository/org/apache/hadoop/hadoop-mapreduce-client-core/3.3.1/hadoop-mapreduce-client-core-3.3.1.jar:/home/runner/.m2/repository/org/apache/avro/avro/1.7.7/avro-1.7.7.jar:/home/runner/.m2/repository/org/codehaus/jackson/jackson-core-asl/1.9.13/jackson-core-asl-1.9.13.jar:/home/runner/.m2/repository/org/codehaus/jackson/jackson-mapper-asl/1.9.13/jackson-mapper-asl-1.9.13.jar:/home/runner/.m2/repository/com/thoughtworks/paranamer/paranamer/2.3/paranamer-2.3.jar:/home/runner/.m2/repository/org/apache/hadoop/hadoop-annotations/3.3.1/hadoop-annotations-3.3.1.jar:/usr/lib/jvm/temurin-8-jdk-amd64/jre/../lib/tools.jar:/home/runner/.m2/repository/org/apache/hadoop/hadoop-distcp/3.3.1/hadoop-distcp-3.3.1-tests.jar:/home/runner/.m2/repository/org/apache/ratis/ratis-common/2.3.0/ratis-common-2.3.0.jar:/home/runner/.m2/repository/org/apache/ratis/ratis-thirdparty-misc/1.0.0/ratis-thirdparty-misc-1.0.0.jar:/home/runner/.m2/repository/org/apache/ratis/ratis-proto/2.3.0/ratis-proto-2.3.0.jar:/home/runner/.m2/repository/org/apache/ozone/ozone-annotation-processing/1.3.0-SNAPSHOT/ozone-annotation-processing-1.3.0-SNAPSHOT.jar:"/>
    <property name="sun.cpu.endian" value="little"/>
    <property name="user.home" value="/home/runner"/>
    <property name="user.language" value="en"/>
    <property name="java.specification.vendor" value="Oracle Corporation"/>
    <property name="java.home" value="/usr/lib/jvm/temurin-8-jdk-amd64/jre"/>
    <property name="java.security.krb5.conf" value="/home/runner/work/ozone/ozone/hadoop-ozone/integration-test/target/test-classes/krb5.conf"/>
    <property name="basedir" value="/home/runner/work/ozone/ozone/hadoop-ozone/integration-test"/>
    <property name="file.separator" value="/"/>
    <property name="line.separator" value="&#10;"/>
    <property name="java.vm.specification.vendor" value="Oracle Corporation"/>
    <property name="java.specification.name" value="Java Platform API Specification"/>
    <property name="java.awt.graphicsenv" value="sun.awt.X11GraphicsEnvironment"/>
    <property name="skip.installnpx" value="true"/>
    <property name="surefire.fork.timeout" value="3600"/>
    <property name="surefire.real.class.path" value="/home/runner/work/ozone/ozone/hadoop-ozone/integration-test/target/surefire/surefirebooter4458801756645694047.jar:/home/runner/.m2/repository/org/jacoco/org.jacoco.agent/0.8.5/org.jacoco.agent-0.8.5-runtime.jar"/>
    <property name="hadoop.log.dir" value="/home/runner/work/ozone/ozone/hadoop-ozone/integration-test/target/log"/>
    <property name="sun.boot.class.path" value="/usr/lib/jvm/temurin-8-jdk-amd64/jre/lib/resources.jar:/usr/lib/jvm/temurin-8-jdk-amd64/jre/lib/rt.jar:/usr/lib/jvm/temurin-8-jdk-amd64/jre/lib/sunrsasign.jar:/usr/lib/jvm/temurin-8-jdk-amd64/jre/lib/jsse.jar:/usr/lib/jvm/temurin-8-jdk-amd64/jre/lib/jce.jar:/usr/lib/jvm/temurin-8-jdk-amd64/jre/lib/charsets.jar:/usr/lib/jvm/temurin-8-jdk-amd64/jre/lib/jfr.jar:/usr/lib/jvm/temurin-8-jdk-amd64/jre/classes"/>
    <property name="sun.management.compiler" value="HotSpot 64-Bit Tiered Compilers"/>
    <property name="skip.npx" value="true"/>
    <property name="java.runtime.version" value="1.8.0_332-b09"/>
    <property name="java.net.preferIPv4Stack" value="true"/>
    <property name="user.name" value="runner"/>
    <property name="path.separator" value=":"/>
    <property name="java.security.egd" value="file:///dev/urandom"/>
    <property name="os.version" value="5.4.0-1078-azure"/>
    <property name="java.endorsed.dirs" value="/usr/lib/jvm/temurin-8-jdk-amd64/jre/lib/endorsed"/>
    <property name="java.runtime.name" value="OpenJDK Runtime Environment"/>
    <property name="file.encoding" value="UTF-8"/>
    <property name="java.vm.name" value="OpenJDK 64-Bit Server VM"/>
    <property name="test.build.webapps" value=""/>
    <property name="localRepository" value="/home/runner/.m2/repository"/>
    <property name="jetty.git.hash" value="526006ecfa3af7f1a27ef3a288e2bef7ea9dd7e8"/>
    <property name="java.vendor.url.bug" value="https://github.com/adoptium/adoptium-support/issues"/>
    <property name="java.io.tmpdir" value="/tmp"/>
    <property name="require.test.libhadoop" value=""/>
    <property name="surefire.rerunFailingTestsCount" value="5"/>
    <property name="java.version" value="1.8.0_332"/>
    <property name="user.dir" value="/home/runner/work/ozone/ozone/hadoop-ozone/integration-test"/>
    <property name="os.arch" value="amd64"/>
    <property name="java.vm.specification.name" value="Java Virtual Machine Specification"/>
    <property name="test.build.classes" value="/home/runner/work/ozone/ozone/hadoop-ozone/integration-test/target/test-classes"/>
    <property name="java.awt.printerjob" value="sun.print.PSPrinterJob"/>
    <property name="sun.os.patch.level" value="unknown"/>
    <property name="hadoop.tmp.dir" value="/home/runner/work/ozone/ozone/hadoop-ozone/integration-test/target/tmp"/>
    <property name="java.library.path" value="/usr/java/packages/lib/amd64:/usr/lib64:/lib64:/lib:/usr/lib"/>
    <property name="java.vm.info" value="mixed mode"/>
    <property name="java.vendor" value="Temurin"/>
    <property name="java.vm.version" value="25.332-b09"/>
    <property name="java.ext.dirs" value="/usr/lib/jvm/temurin-8-jdk-amd64/jre/lib/ext:/usr/java/packages/lib/ext"/>
    <property name="sun.io.unicode.encoding" value="UnicodeLittle"/>
    <property name="java.class.version" value="52.0"/>
  </properties>
  <testcase name="testLeaderIdAfterLeaderChange" classname="org.apache.hadoop.hdds.scm.TestRatisPipelineLeader" time="0.025">
    <failure type="java.lang.AssertionError"><![CDATA[java.lang.AssertionError
	at org.junit.Assert.fail(Assert.java:87)
	at org.junit.Assert.assertTrue(Assert.java:42)
	at org.junit.Assert.assertTrue(Assert.java:53)
	at org.apache.hadoop.hdds.scm.TestRatisPipelineLeader.testLeaderIdAfterLeaderChange(TestRatisPipelineLeader.java:119)
	at sun.reflect.NativeMethodAccessorImpl.invoke0(Native Method)
	at sun.reflect.NativeMethodAccessorImpl.invoke(NativeMethodAccessorImpl.java:62)
	at sun.reflect.DelegatingMethodAccessorImpl.invoke(DelegatingMethodAccessorImpl.java:43)
	at java.lang.reflect.Method.invoke(Method.java:498)
	at org.junit.platform.commons.util.ReflectionUtils.invokeMethod(ReflectionUtils.java:725)
	at org.junit.jupiter.engine.execution.MethodInvocation.proceed(MethodInvocation.java:60)
	at org.junit.jupiter.engine.execution.InvocationInterceptorChain$ValidatingInvocation.proceed(InvocationInterceptorChain.java:131)
	at org.junit.jupiter.engine.extension.TimeoutInvocation.proceed(TimeoutInvocation.java:46)
	at org.junit.jupiter.engine.extension.TimeoutExtension.intercept(TimeoutExtension.java:149)
	at org.junit.jupiter.engine.extension.TimeoutExtension.interceptTestableMethod(TimeoutExtension.java:140)
	at org.junit.jupiter.engine.extension.TimeoutExtension.interceptTestMethod(TimeoutExtension.java:84)
	at org.junit.jupiter.engine.execution.ExecutableInvoker$ReflectiveInterceptorCall.lambda$ofVoidMethod$0(ExecutableInvoker.java:115)
	at org.junit.jupiter.engine.execution.ExecutableInvoker.lambda$invoke$0(ExecutableInvoker.java:105)
	at org.junit.jupiter.engine.execution.InvocationInterceptorChain$InterceptedInvocation.proceed(InvocationInterceptorChain.java:106)
	at org.junit.jupiter.engine.execution.InvocationInterceptorChain.proceed(InvocationInterceptorChain.java:64)
	at org.junit.jupiter.engine.execution.InvocationInterceptorChain.chainAndInvoke(InvocationInterceptorChain.java:45)
	at org.junit.jupiter.engine.execution.InvocationInterceptorChain.invoke(InvocationInterceptorChain.java:37)
	at org.junit.jupiter.engine.execution.ExecutableInvoker.invoke(ExecutableInvoker.java:104)
	at org.junit.jupiter.engine.execution.ExecutableInvoker.invoke(ExecutableInvoker.java:98)
	at org.junit.jupiter.engine.descriptor.TestMethodTestDescriptor.lambda$invokeTestMethod$7(TestMethodTestDescriptor.java:214)
	at org.junit.platform.engine.support.hierarchical.ThrowableCollector.execute(ThrowableCollector.java:73)
	at org.junit.jupiter.engine.descriptor.TestMethodTestDescriptor.invokeTestMethod(TestMethodTestDescriptor.java:210)
	at org.junit.jupiter.engine.descriptor.TestMethodTestDescriptor.execute(TestMethodTestDescriptor.java:135)
	at org.junit.jupiter.engine.descriptor.TestMethodTestDescriptor.execute(TestMethodTestDescriptor.java:66)
	at org.junit.platform.engine.support.hierarchical.NodeTestTask.lambda$executeRecursively$6(NodeTestTask.java:151)
	at org.junit.platform.engine.support.hierarchical.ThrowableCollector.execute(ThrowableCollector.java:73)
	at org.junit.platform.engine.support.hierarchical.NodeTestTask.lambda$executeRecursively$8(NodeTestTask.java:141)
	at org.junit.platform.engine.support.hierarchical.Node.around(Node.java:137)
	at org.junit.platform.engine.support.hierarchical.NodeTestTask.lambda$executeRecursively$9(NodeTestTask.java:139)
	at org.junit.platform.engine.support.hierarchical.ThrowableCollector.execute(ThrowableCollector.java:73)
	at org.junit.platform.engine.support.hierarchical.NodeTestTask.executeRecursively(NodeTestTask.java:138)
	at org.junit.platform.engine.support.hierarchical.NodeTestTask.execute(NodeTestTask.java:95)
	at java.util.ArrayList.forEach(ArrayList.java:1259)
	at org.junit.platform.engine.support.hierarchical.SameThreadHierarchicalTestExecutorService.invokeAll(SameThreadHierarchicalTestExecutorService.java:41)
	at org.junit.platform.engine.support.hierarchical.NodeTestTask.lambda$executeRecursively$6(NodeTestTask.java:155)
	at org.junit.platform.engine.support.hierarchical.ThrowableCollector.execute(ThrowableCollector.java:73)
	at org.junit.platform.engine.support.hierarchical.NodeTestTask.lambda$executeRecursively$8(NodeTestTask.java:141)
	at org.junit.platform.engine.support.hierarchical.Node.around(Node.java:137)
	at org.junit.platform.engine.support.hierarchical.NodeTestTask.lambda$executeRecursively$9(NodeTestTask.java:139)
	at org.junit.platform.engine.support.hierarchical.ThrowableCollector.execute(ThrowableCollector.java:73)
	at org.junit.platform.engine.support.hierarchical.NodeTestTask.executeRecursively(NodeTestTask.java:138)
	at org.junit.platform.engine.support.hierarchical.NodeTestTask.execute(NodeTestTask.java:95)
	at java.util.ArrayList.forEach(ArrayList.java:1259)
	at org.junit.platform.engine.support.hierarchical.SameThreadHierarchicalTestExecutorService.invokeAll(SameThreadHierarchicalTestExecutorService.java:41)
	at org.junit.platform.engine.support.hierarchical.NodeTestTask.lambda$executeRecursively$6(NodeTestTask.java:155)
	at org.junit.platform.engine.support.hierarchical.ThrowableCollector.execute(ThrowableCollector.java:73)
	at org.junit.platform.engine.support.hierarchical.NodeTestTask.lambda$executeRecursively$8(NodeTestTask.java:141)
	at org.junit.platform.engine.support.hierarchical.Node.around(Node.java:137)
	at org.junit.platform.engine.support.hierarchical.NodeTestTask.lambda$executeRecursively$9(NodeTestTask.java:139)
	at org.junit.platform.engine.support.hierarchical.ThrowableCollector.execute(ThrowableCollector.java:73)
	at org.junit.platform.engine.support.hierarchical.NodeTestTask.executeRecursively(NodeTestTask.java:138)
	at org.junit.platform.engine.support.hierarchical.NodeTestTask.execute(NodeTestTask.java:95)
	at org.junit.platform.engine.support.hierarchical.SameThreadHierarchicalTestExecutorService.submit(SameThreadHierarchicalTestExecutorService.java:35)
	at org.junit.platform.engine.support.hierarchical.HierarchicalTestExecutor.execute(HierarchicalTestExecutor.java:57)
	at org.junit.platform.engine.support.hierarchical.HierarchicalTestEngine.execute(HierarchicalTestEngine.java:54)
	at org.junit.platform.launcher.core.EngineExecutionOrchestrator.execute(EngineExecutionOrchestrator.java:107)
	at org.junit.platform.launcher.core.EngineExecutionOrchestrator.execute(EngineExecutionOrchestrator.java:88)
	at org.junit.platform.launcher.core.EngineExecutionOrchestrator.lambda$execute$0(EngineExecutionOrchestrator.java:54)
	at org.junit.platform.launcher.core.EngineExecutionOrchestrator.withInterceptedStreams(EngineExecutionOrchestrator.java:67)
	at org.junit.platform.launcher.core.EngineExecutionOrchestrator.execute(EngineExecutionOrchestrator.java:52)
	at org.junit.platform.launcher.core.DefaultLauncher.execute(DefaultLauncher.java:114)
	at org.junit.platform.launcher.core.DefaultLauncher.execute(DefaultLauncher.java:86)
	at org.junit.platform.launcher.core.DefaultLauncherSession$DelegatingLauncher.execute(DefaultLauncherSession.java:86)
	at org.junit.platform.launcher.core.SessionPerRequestLauncher.execute(SessionPerRequestLauncher.java:53)
	at org.apache.maven.surefire.junitplatform.JUnitPlatformProvider.execute(JUnitPlatformProvider.java:188)
	at org.apache.maven.surefire.junitplatform.JUnitPlatformProvider.invokeAllTests(JUnitPlatformProvider.java:154)
	at org.apache.maven.surefire.junitplatform.JUnitPlatformProvider.invoke(JUnitPlatformProvider.java:124)
	at org.apache.maven.surefire.booter.ForkedBooter.runSuitesInProcess(ForkedBooter.java:428)
	at org.apache.maven.surefire.booter.ForkedBooter.execute(ForkedBooter.java:162)
	at org.apache.maven.surefire.booter.ForkedBooter.run(ForkedBooter.java:562)
	at org.apache.maven.surefire.booter.ForkedBooter.main(ForkedBooter.java:548)
]]></failure>
    <system-out><![CDATA[2022-05-26 01:42:42,615 [main] WARN  server.ServerUtils (ServerUtils.java:getScmDbDir(148)) - ozone.scm.db.dirs is not configured. We recommend adding this setting. Falling back to ozone.metadata.dirs instead.
2022-05-26 01:42:42,688 [main] INFO  ha.SCMHANodeDetails (SCMHANodeDetails.java:loadSCMHAConfig(160)) - ServiceID for StorageContainerManager is null
2022-05-26 01:42:42,688 [main] INFO  ha.SCMHANodeDetails (SCMHANodeDetails.java:loadSCMHAConfig(165)) - ozone.scm.default.service.id is not defined, falling back to ozone.scm.service.ids to find serviceID for StorageContainerManager if it is HA enabled cluster
2022-05-26 01:42:42,792 [main] WARN  server.ServerUtils (ServerUtils.java:getScmDbDir(148)) - ozone.scm.db.dirs is not configured. We recommend adding this setting. Falling back to ozone.metadata.dirs instead.
2022-05-26 01:42:42,795 [main] INFO  upgrade.AbstractLayoutVersionManager (AbstractLayoutVersionManager.java:init(79)) - Initializing Layout version manager with metadata layout = ERASURE_CODED_STORAGE_SUPPORT (version = 3), software layout = ERASURE_CODED_STORAGE_SUPPORT (version = 3)
2022-05-26 01:42:42,999 [main] INFO  reflections.Reflections (Reflections.java:scan(232)) - Reflections took 133 ms to scan 7 urls, producing 127 keys and 292 values 
2022-05-26 01:42:43,566 [main] WARN  utils.HAUtils (HAUtils.java:getMetaDir(342)) - ozone.scm.db.dirs is not configured. We recommend adding this setting. Falling back to ozone.metadata.dirs instead.
2022-05-26 01:42:43,691 [main] WARN  db.DBStoreBuilder (DBStoreBuilder.java:applyDBDefinition(145)) - ozone.scm.db.dirs is not configured. We recommend adding this setting. Falling back to ozone.metadata.dirs instead.
2022-05-26 01:42:43,868 [main] INFO  net.NodeSchemaLoader (NodeSchemaLoader.java:loadSchemaFromFile(129)) - Loading schema from [jar:file:/home/runner/.m2/repository/org/apache/ozone/hdds-common/1.3.0-SNAPSHOT/hdds-common-1.3.0-SNAPSHOT.jar!/network-topology-default.xml]
2022-05-26 01:42:43,870 [main] INFO  net.NodeSchemaLoader (NodeSchemaLoader.java:loadSchema(176)) - Loading network topology layer schema file
2022-05-26 01:42:43,910 [main] INFO  metrics.MetricRegistries (MetricRegistriesLoader.java:load(64)) - Loaded MetricRegistries class org.apache.ratis.metrics.impl.MetricRegistriesImpl
2022-05-26 01:42:43,924 [main] INFO  ha.SequenceIdGenerator (SequenceIdGenerator.java:upgradeToSequenceId(347)) - upgrade localId to 109611004723200000
2022-05-26 01:42:43,924 [main] INFO  ha.SequenceIdGenerator (SequenceIdGenerator.java:upgradeToSequenceId(357)) - upgrade delTxnId to 0
2022-05-26 01:42:43,927 [main] INFO  ha.SequenceIdGenerator (SequenceIdGenerator.java:upgradeToSequenceId(374)) - upgrade containerId to 0
2022-05-26 01:42:43,929 [main] INFO  ha.SequenceIdGenerator (SequenceIdGenerator.java:<init>(218)) - Init the HA SequenceIdGenerator.
2022-05-26 01:42:43,967 [main] WARN  server.ServerUtils (ServerUtils.java:sanitizeUserArgs(73)) - ozone.scm.stale.node.interval value = 300000 is larger than max = 100000 based on the key value of ozone.scm.heartbeat.thread.interval, reset to the max value 100000.
2022-05-26 01:42:43,968 [main] WARN  server.ServerUtils (ServerUtils.java:sanitizeUserArgs(73)) - ozone.scm.stale.node.interval value = 300000 is larger than max = 100000 based on the key value of ozone.scm.heartbeat.thread.interval, reset to the max value 100000.
2022-05-26 01:42:43,975 [main] INFO  node.SCMNodeManager (SCMNodeManager.java:<init>(148)) - Entering startup safe mode.
2022-05-26 01:42:44,031 [main] INFO  algorithms.ContainerPlacementPolicyFactory (ContainerPlacementPolicyFactory.java:getPolicyInternal(86)) - Create container placement policy of type org.apache.hadoop.hdds.scm.container.placement.algorithms.SCMContainerPlacementRandom
2022-05-26 01:42:44,040 [main] INFO  pipeline.PipelineStateManagerImpl (PipelineStateManagerImpl.java:initialize(78)) - No pipeline exists in current db
2022-05-26 01:42:44,077 [main] INFO  algorithms.LeaderChoosePolicyFactory (LeaderChoosePolicyFactory.java:getPolicy(57)) - Create leader choose policy of type org.apache.hadoop.hdds.scm.pipeline.leader.choose.algorithms.MinLeaderCountChoosePolicy
2022-05-26 01:42:44,078 [main] INFO  algorithms.ContainerPlacementPolicyFactory (ContainerPlacementPolicyFactory.java:getPolicyInternal(86)) - Create container placement policy of type org.apache.hadoop.hdds.scm.container.placement.algorithms.SCMContainerPlacementRackScatter
2022-05-26 01:42:44,084 [main] INFO  pipeline.BackgroundPipelineCreator (BackgroundPipelineCreator.java:start(125)) - Starting RatisPipelineUtilsThread.
2022-05-26 01:42:44,086 [main] INFO  pipeline.BackgroundPipelineScrubber (BackgroundPipelineScrubber.java:start(126)) - Starting BackgroundPipelineScrubber Service.
2022-05-26 01:42:44,087 [main] INFO  ha.SCMServiceManager (SCMServiceManager.java:register(42)) - Registering service BackgroundPipelineCreator.
2022-05-26 01:42:44,087 [main] INFO  ha.SCMServiceManager (SCMServiceManager.java:register(42)) - Registering service BackgroundPipelineScrubber.
2022-05-26 01:42:44,096 [main] INFO  ExpiredContainerReplicaOpScrubber (BackgroundSCMService.java:start(68)) - Starting ExpiredContainerReplicaOpScrubber Service.
2022-05-26 01:42:44,100 [main] INFO  ha.SCMServiceManager (SCMServiceManager.java:register(42)) - Registering service ExpiredContainerReplicaOpScrubber.
2022-05-26 01:42:44,128 [main] INFO  algorithms.PipelineChoosePolicyFactory (PipelineChoosePolicyFactory.java:createPipelineChoosePolicyFromClass(73)) - Create pipeline choose policy of type org.apache.hadoop.hdds.scm.pipeline.choose.algorithms.RandomPipelineChoosePolicy
2022-05-26 01:42:44,152 [main] INFO  ha.SCMServiceManager (SCMServiceManager.java:register(42)) - Registering service SCMBlockDeletingService.
2022-05-26 01:42:44,193 [main] INFO  ha.SCMServiceManager (SCMServiceManager.java:register(42)) - Registering service ReplicationManager.
2022-05-26 01:42:44,193 [main] INFO  replication.ReplicationManager (ReplicationManager.java:start(179)) - Starting Replication Monitor Thread.
2022-05-26 01:42:44,207 [main] INFO  safemode.ContainerSafeModeRule (ContainerSafeModeRule.java:<init>(89)) - containers with one replica threshold count 0
2022-05-26 01:42:44,210 [ReplicationMonitor] INFO  replication.ReplicationManager (ReplicationManager.java:processAll(228)) - Replication Manager is not ready to run until 3000ms after safemode exit
2022-05-26 01:42:44,211 [main] INFO  safemode.HealthyPipelineSafeModeRule (HealthyPipelineSafeModeRule.java:initializeRule(156)) - Total pipeline count is 0, healthy pipeline threshold count is 1
2022-05-26 01:42:44,213 [main] INFO  safemode.OneReplicaPipelineSafeModeRule (OneReplicaPipelineSafeModeRule.java:initializeRule(180)) - Total pipeline count is 0, pipeline's with at least one datanode reported threshold count is 0
2022-05-26 01:42:44,502 [main] INFO  audit.AuditLogger (AuditLogger.java:refreshDebugCmdSet(120)) - Refresh DebugCmdSet for SCMAudit to [].
2022-05-26 01:42:44,533 [main] INFO  ipc.CallQueueManager (CallQueueManager.java:<init>(90)) - Using callQueue: class java.util.concurrent.LinkedBlockingQueue, queueCapacity: 2000, scheduler: class org.apache.hadoop.ipc.DefaultRpcScheduler, ipcBackoff: false.
2022-05-26 01:42:44,571 [Socket Reader #1 for port 0] INFO  ipc.Server (Server.java:run(1265)) - Starting Socket Reader #1 for port 0
2022-05-26 01:42:44,627 [Listener at 0.0.0.0/36181] INFO  audit.AuditLogger (AuditLogger.java:refreshDebugCmdSet(120)) - Refresh DebugCmdSet for SCMAudit to [].
2022-05-26 01:42:44,632 [Listener at 0.0.0.0/36181] INFO  ipc.CallQueueManager (CallQueueManager.java:<init>(90)) - Using callQueue: class java.util.concurrent.LinkedBlockingQueue, queueCapacity: 2000, scheduler: class org.apache.hadoop.ipc.DefaultRpcScheduler, ipcBackoff: false.
2022-05-26 01:42:44,636 [Socket Reader #1 for port 0] INFO  ipc.Server (Server.java:run(1265)) - Starting Socket Reader #1 for port 0
2022-05-26 01:42:44,671 [Listener at 0.0.0.0/41671] INFO  audit.AuditLogger (AuditLogger.java:refreshDebugCmdSet(120)) - Refresh DebugCmdSet for SCMAudit to [].
2022-05-26 01:42:44,684 [Listener at 0.0.0.0/41671] INFO  ipc.CallQueueManager (CallQueueManager.java:<init>(90)) - Using callQueue: class java.util.concurrent.LinkedBlockingQueue, queueCapacity: 2000, scheduler: class org.apache.hadoop.ipc.DefaultRpcScheduler, ipcBackoff: false.
2022-05-26 01:42:44,686 [Socket Reader #1 for port 0] INFO  ipc.Server (Server.java:run(1265)) - Starting Socket Reader #1 for port 0
2022-05-26 01:42:44,744 [Listener at 0.0.0.0/46577] INFO  server.StorageContainerManager (StorageContainerManager.java:<init>(400)) - 
Container Balancer status:
Key                            Value
Running                        false
Container Balancer Configuration values:
Key                                                Value
Threshold                                          10
Max Datanodes to Involve per Iteration(percent)    20
Max Size to Move per Iteration                     500GB
Max Size Entering Target per Iteration             26GB
Max Size Leaving Source per Iteration              26GB

2022-05-26 01:42:44,745 [Listener at 0.0.0.0/46577] WARN  events.EventQueue (EventQueue.java:fireEvent(194)) - No event handler registered for event TypedEvent{payloadType=SafeModeStatus, name='Safe mode status'}
2022-05-26 01:42:44,745 [Listener at 0.0.0.0/46577] INFO  ha.SCMContext (SCMContext.java:updateSafeModeStatus(211)) - Update SafeModeStatus from SafeModeStatus{safeModeStatus=true, preCheckPassed=false} to SafeModeStatus{safeModeStatus=true, preCheckPassed=false}.
2022-05-26 01:42:44,750 [Listener at 0.0.0.0/46577] INFO  server.StorageContainerManager (StorageContainerManager.java:start(1385)) - StorageContainerLocationProtocol RPC server is listening at /0.0.0.0:46577
2022-05-26 01:42:44,819 [Listener at 0.0.0.0/46577] WARN  impl.MetricsConfig (MetricsConfig.java:loadFirst(136)) - Cannot locate configuration: tried hadoop-metrics2-storagecontainermanager.properties,hadoop-metrics2.properties
2022-05-26 01:42:44,834 [Listener at 0.0.0.0/46577] INFO  impl.MetricsSystemImpl (MetricsSystemImpl.java:startTimer(378)) - Scheduled Metric snapshot period at 10 second(s).
2022-05-26 01:42:44,834 [Listener at 0.0.0.0/46577] INFO  impl.MetricsSystemImpl (MetricsSystemImpl.java:start(191)) - StorageContainerManager metrics system started
2022-05-26 01:42:45,153 [Listener at 0.0.0.0/46577] INFO  server.SCMClientProtocolServer (SCMClientProtocolServer.java:start(169)) - RPC server for Client  is listening at /0.0.0.0:46577
2022-05-26 01:42:45,154 [IPC Server Responder] INFO  ipc.Server (Server.java:run(1507)) - IPC Server Responder: starting
2022-05-26 01:42:45,155 [IPC Server listener on 0] INFO  ipc.Server (Server.java:run(1344)) - IPC Server listener on 0: starting
2022-05-26 01:42:45,158 [Listener at 0.0.0.0/46577] INFO  server.StorageContainerManager (StorageContainerManager.java:start(1400)) - ScmBlockLocationProtocol RPC server is listening at /0.0.0.0:41671
2022-05-26 01:42:45,159 [Listener at 0.0.0.0/46577] INFO  server.SCMBlockProtocolServer (SCMBlockProtocolServer.java:start(151)) - RPC server for Block Protocol is listening at /0.0.0.0:41671
2022-05-26 01:42:45,159 [IPC Server Responder] INFO  ipc.Server (Server.java:run(1507)) - IPC Server Responder: starting
2022-05-26 01:42:45,160 [IPC Server listener on 0] INFO  ipc.Server (Server.java:run(1344)) - IPC Server listener on 0: starting
2022-05-26 01:42:45,184 [Listener at 0.0.0.0/46577] INFO  server.SCMDatanodeProtocolServer (SCMDatanodeProtocolServer.java:start(183)) - ScmDatanodeProtocol RPC server for DataNodes is listening at /0.0.0.0:36181
2022-05-26 01:42:45,185 [IPC Server Responder] INFO  ipc.Server (Server.java:run(1507)) - IPC Server Responder: starting
2022-05-26 01:42:45,185 [IPC Server listener on 0] INFO  ipc.Server (Server.java:run(1344)) - IPC Server listener on 0: starting
2022-05-26 01:42:45,202 [org.apache.hadoop.util.JvmPauseMonitor$Monitor@1999e1f5] INFO  util.JvmPauseMonitor (JvmPauseMonitor.java:run(188)) - Starting JVM pause monitor
2022-05-26 01:42:45,219 [Listener at 0.0.0.0/46577] INFO  http.BaseHttpServer (BaseHttpServer.java:newHttpServer2BuilderForOzone(209)) - Starting Web-server for scm at: http://0.0.0.0:0
2022-05-26 01:42:45,219 [Listener at 0.0.0.0/46577] INFO  http.BaseHttpServer (BaseHttpServer.java:<init>(107)) - Hadoop Security Enabled: false Ozone Security Enabled: false Ozone HTTP Security Enabled: false 
2022-05-26 01:42:45,244 [Listener at 0.0.0.0/46577] INFO  util.log (Log.java:initialized(170)) - Logging initialized @4015ms to org.eclipse.jetty.util.log.Slf4jLog
2022-05-26 01:42:45,349 [Listener at 0.0.0.0/46577] INFO  server.AuthenticationFilter (AuthenticationFilter.java:constructSecretProvider(240)) - Unable to initialize FileSignerSecretProvider, falling back to use random secrets.
2022-05-26 01:42:45,354 [Listener at 0.0.0.0/46577] WARN  http.HttpRequestLog (HttpRequestLog.java:getRequestLog(103)) - Jetty request log can only be enabled using Log4j
2022-05-26 01:42:45,362 [Listener at 0.0.0.0/46577] INFO  http.HttpServer2 (HttpServer2.java:addGlobalFilter(1030)) - Added global filter 'safety' (class=org.apache.hadoop.hdds.server.http.HttpServer2$QuotingInputFilter)
2022-05-26 01:42:45,364 [Listener at 0.0.0.0/46577] INFO  http.HttpServer2 (HttpServer2.java:addFilter(1006)) - Added filter static_user_filter (class=org.apache.hadoop.http.lib.StaticUserWebFilter$StaticUserFilter) to context scm
2022-05-26 01:42:45,364 [Listener at 0.0.0.0/46577] INFO  http.HttpServer2 (HttpServer2.java:addFilter(1014)) - Added filter static_user_filter (class=org.apache.hadoop.http.lib.StaticUserWebFilter$StaticUserFilter) to context logs
2022-05-26 01:42:45,365 [Listener at 0.0.0.0/46577] INFO  http.HttpServer2 (HttpServer2.java:addFilter(1014)) - Added filter static_user_filter (class=org.apache.hadoop.http.lib.StaticUserWebFilter$StaticUserFilter) to context static
2022-05-26 01:42:45,403 [Listener at 0.0.0.0/46577] INFO  http.HttpServer2 (HttpServer2.java:bindListener(1249)) - Jetty bound to port 34033
2022-05-26 01:42:45,405 [Listener at 0.0.0.0/46577] INFO  server.Server (Server.java:doStart(375)) - jetty-9.4.43.v20210629; built: 2021-06-30T11:07:22.254Z; git: 526006ecfa3af7f1a27ef3a288e2bef7ea9dd7e8; jvm 1.8.0_332-b09
2022-05-26 01:42:45,437 [Listener at 0.0.0.0/46577] INFO  server.session (DefaultSessionIdManager.java:doStart(334)) - DefaultSessionIdManager workerName=node0
2022-05-26 01:42:45,437 [Listener at 0.0.0.0/46577] INFO  server.session (DefaultSessionIdManager.java:doStart(339)) - No SessionScavenger set, using defaults
2022-05-26 01:42:45,439 [Listener at 0.0.0.0/46577] INFO  server.session (HouseKeeper.java:startScavenging(132)) - node0 Scavenging every 660000ms
2022-05-26 01:42:45,453 [Listener at 0.0.0.0/46577] INFO  handler.ContextHandler (ContextHandler.java:doStart(915)) - Started o.e.j.s.ServletContextHandler@4d793390{logs,/logs,file:///home/runner/work/ozone/ozone/hadoop-ozone/integration-test/target/log,AVAILABLE}
2022-05-26 01:42:45,453 [Listener at 0.0.0.0/46577] INFO  handler.ContextHandler (ContextHandler.java:doStart(915)) - Started o.e.j.s.ServletContextHandler@7a364e1c{static,/static,file:///home/runner/work/ozone/ozone/hadoop-ozone/integration-test/target/test-classes/webapps/static,AVAILABLE}
2022-05-26 01:42:45,498 [Listener at 0.0.0.0/46577] INFO  handler.ContextHandler (ContextHandler.java:doStart(915)) - Started o.e.j.w.WebAppContext@639cb0c8{scm,/,file:///home/runner/work/ozone/ozone/hadoop-ozone/integration-test/target/test-classes/webapps/scm/,AVAILABLE}{file:/home/runner/work/ozone/ozone/hadoop-ozone/integration-test/target/test-classes/webapps/scm}
2022-05-26 01:42:45,508 [Listener at 0.0.0.0/46577] INFO  server.AbstractConnector (AbstractConnector.java:doStart(331)) - Started ServerConnector@6b2efcae{HTTP/1.1, (http/1.1)}{0.0.0.0:34033}
2022-05-26 01:42:45,508 [Listener at 0.0.0.0/46577] INFO  server.Server (Server.java:doStart(415)) - Started @4279ms
2022-05-26 01:42:45,510 [Listener at 0.0.0.0/46577] INFO  impl.MetricsSinkAdapter (MetricsSinkAdapter.java:start(204)) - Sink prometheus started
2022-05-26 01:42:45,510 [Listener at 0.0.0.0/46577] INFO  impl.MetricsSystemImpl (MetricsSystemImpl.java:registerSink(305)) - Registered sink prometheus
2022-05-26 01:42:45,512 [Listener at 0.0.0.0/46577] INFO  http.BaseHttpServer (BaseHttpServer.java:updateConnectorAddress(329)) - HTTP server of scm listening at http://0.0.0.0:34033
2022-05-26 01:42:45,513 [Listener at 0.0.0.0/46577] WARN  server.ServerUtils (ServerUtils.java:getDBPath(225)) - ozone.om.db.dirs is not configured. We recommend adding this setting. Falling back to ozone.metadata.dirs instead.
2022-05-26 01:42:45,578 [Listener at 0.0.0.0/46577] INFO  audit.AuditLogger (AuditLogger.java:refreshDebugCmdSet(120)) - Refresh DebugCmdSet for OMAudit to [].
2022-05-26 01:42:45,656 [Listener at 0.0.0.0/46577] INFO  ha.OMHANodeDetails (OMHANodeDetails.java:loadOMHAConfig(115)) - ozone.om.internal.service.id is not defined, falling back to ozone.om.service.ids to find serviceID for OzoneManager if it is HA enabled cluster
2022-05-26 01:42:45,659 [Listener at 0.0.0.0/46577] INFO  ha.OMHANodeDetails (OMHANodeDetails.java:loadOMHAConfig(226)) - Configuration does not have ozone.om.address set. Falling back to the default OM address /127.0.0.1:0
2022-05-26 01:42:45,659 [Listener at 0.0.0.0/46577] INFO  ha.OMHANodeDetails (OMHANodeDetails.java:getOMNodeDetailsForNonHA(254)) - OM Service ID is not set. Setting it to the default ID: omServiceIdDefault
2022-05-26 01:42:45,659 [Listener at 0.0.0.0/46577] INFO  ha.OMHANodeDetails (OMHANodeDetails.java:getOMNodeDetailsForNonHA(261)) - OM Node ID is not set. Setting it to the default ID: om1
2022-05-26 01:42:45,663 [Listener at 0.0.0.0/46577] WARN  server.ServerUtils (ServerUtils.java:getDBPath(225)) - ozone.om.db.dirs is not configured. We recommend adding this setting. Falling back to ozone.metadata.dirs instead.
2022-05-26 01:42:45,664 [Listener at 0.0.0.0/46577] INFO  upgrade.AbstractLayoutVersionManager (AbstractLayoutVersionManager.java:init(79)) - Initializing Layout version manager with metadata layout = BUCKET_LAYOUT_SUPPORT (version = 2), software layout = BUCKET_LAYOUT_SUPPORT (version = 2)
2022-05-26 01:42:45,757 [Listener at 0.0.0.0/46577] INFO  reflections.Reflections (Reflections.java:scan(232)) - Reflections took 76 ms to scan 2 urls, producing 143 keys and 371 values [using 2 cores]
2022-05-26 01:42:45,763 [Listener at 0.0.0.0/46577] INFO  upgrade.OMLayoutVersionManager (OMLayoutVersionManager.java:lambda$0(115)) - Skipping Upgrade Action MockOmUpgradeAction since it has been finalized.
2022-05-26 01:42:45,763 [Listener at 0.0.0.0/46577] WARN  server.ServerUtils (ServerUtils.java:getDBPath(225)) - ozone.om.db.dirs is not configured. We recommend adding this setting. Falling back to ozone.metadata.dirs instead.
2022-05-26 01:42:45,936 [Listener at 0.0.0.0/46577] INFO  proxy.SCMBlockLocationFailoverProxyProvider (SCMBlockLocationFailoverProxyProvider.java:<init>(114)) - Created block location fail-over proxy with 1 nodes: [nodeId=scmNodeId,nodeAddress=/0.0.0.0:41671]
2022-05-26 01:42:45,963 [Listener at 0.0.0.0/46577] INFO  proxy.SCMBlockLocationFailoverProxyProvider (SCMBlockLocationFailoverProxyProvider.java:<init>(114)) - Created block location fail-over proxy with 1 nodes: [nodeId=scmNodeId,nodeAddress=/0.0.0.0:41671]
2022-05-26 01:42:46,195 [Listener at 0.0.0.0/46577] WARN  server.ServerUtils (ServerUtils.java:getDBPath(225)) - ozone.om.db.dirs is not configured. We recommend adding this setting. Falling back to ozone.metadata.dirs instead.
2022-05-26 01:42:46,203 [Listener at 0.0.0.0/46577] INFO  codec.OmKeyInfoCodec (OmKeyInfoCodec.java:<init>(49)) - OmKeyInfoCodec ignorePipeline = true
2022-05-26 01:42:46,204 [Listener at 0.0.0.0/46577] INFO  codec.RepeatedOmKeyInfoCodec (RepeatedOmKeyInfoCodec.java:<init>(41)) - RepeatedOmKeyInfoCodec ignorePipeline = true
2022-05-26 01:42:46,423 [Listener at 0.0.0.0/46577] INFO  om.OzoneManager (OzoneManager.java:addS3GVolumeToDB(3894)) - Created Volume s3v With Owner runner required for S3Gateway operations.
2022-05-26 01:42:46,470 [Listener at 0.0.0.0/46577] WARN  server.ServerUtils (ServerUtils.java:getDefaultRatisDirectory(237)) - Storage directory for Ratis is not configured. It is a good idea to map this to an SSD disk. Falling back to ozone.metadata.dirs
2022-05-26 01:42:46,471 [Listener at 0.0.0.0/46577] WARN  utils.OzoneManagerRatisUtils (OzoneManagerRatisUtils.java:getOMRatisSnapshotDirectory(395)) - ozone.om.ratis.snapshot.dir is not configured. Falling back to ozone.metadata.dirs config
2022-05-26 01:42:46,499 [Listener at 0.0.0.0/46577] WARN  server.ServerUtils (ServerUtils.java:getDefaultRatisDirectory(237)) - Storage directory for Ratis is not configured. It is a good idea to map this to an SSD disk. Falling back to ozone.metadata.dirs
2022-05-26 01:42:46,529 [Listener at 0.0.0.0/46577] INFO  ratis.OzoneManagerRatisServer (OzoneManagerRatisServer.java:<init>(159)) - Instantiating OM Ratis server with groupID: omServiceIdDefault and peers: localhost:9872
2022-05-26 01:42:46,539 [Listener at 0.0.0.0/46577] INFO  ratis.OzoneManagerStateMachine (OzoneManagerStateMachine.java:loadSnapshotInfoFromDB(627)) - LastAppliedIndex is set from TransactionInfo from OM DB as (t:0, i:~)
2022-05-26 01:42:46,576 [Listener at 0.0.0.0/46577] INFO  server.RaftServer (ConfUtils.java:logGet(46)) - raft.rpc.type = GRPC (default)
2022-05-26 01:42:46,682 [Listener at 0.0.0.0/46577] INFO  grpc.GrpcFactory (GrpcFactory.java:checkPooledByteBufAllocatorUseCacheForAllThreads(48)) - PERFORMANCE WARNING: useCacheForAllThreads is true that may cause Netty to create a lot garbage objects and, as a result, trigger GC.
	It is recommended to disable useCacheForAllThreads by setting -Dorg.apache.ratis.thirdparty.io.netty.allocator.useCacheForAllThreads=false in command line.
2022-05-26 01:42:46,688 [Listener at 0.0.0.0/46577] INFO  grpc.GrpcConfigKeys (ConfUtils.java:logGet(46)) - raft.grpc.admin.port = -1 (default)
2022-05-26 01:42:46,689 [Listener at 0.0.0.0/46577] INFO  grpc.GrpcConfigKeys (ConfUtils.java:logGet(46)) - raft.grpc.server.port = 9872 (custom)
2022-05-26 01:42:46,690 [Listener at 0.0.0.0/46577] INFO  grpc.GrpcConfigKeys (ConfUtils.java:logGet(46)) - raft.grpc.client.port = -1 (default)
2022-05-26 01:42:46,691 [Listener at 0.0.0.0/46577] INFO  grpc.GrpcConfigKeys (ConfUtils.java:logGet(46)) - raft.grpc.server.port = 9872 (custom)
2022-05-26 01:42:46,691 [Listener at 0.0.0.0/46577] INFO  grpc.GrpcConfigKeys (ConfUtils.java:logGet(46)) - raft.grpc.server.port = 9872 (custom)
2022-05-26 01:42:46,692 [Listener at 0.0.0.0/46577] INFO  server.GrpcService (ConfUtils.java:logGet(46)) - raft.grpc.message.size.max = 33554432 (custom)
2022-05-26 01:42:46,693 [Listener at 0.0.0.0/46577] INFO  server.RaftServerConfigKeys (ConfUtils.java:logGet(46)) - raft.server.log.appender.buffer.byte-limit = 33554432 (custom)
2022-05-26 01:42:46,694 [Listener at 0.0.0.0/46577] INFO  server.GrpcService (ConfUtils.java:logGet(46)) - raft.grpc.flow.control.window = 1MB (=1048576) (default)
2022-05-26 01:42:46,694 [Listener at 0.0.0.0/46577] INFO  server.RaftServerConfigKeys (ConfUtils.java:logGet(46)) - raft.server.rpc.request.timeout = 3000ms (default)
2022-05-26 01:42:46,716 [Listener at 0.0.0.0/46577] INFO  grpc.GrpcConfigKeys (ConfUtils.java:logGet(46)) - raft.grpc.server.async.request.thread.pool.cached = true (default)
2022-05-26 01:42:46,717 [Listener at 0.0.0.0/46577] INFO  grpc.GrpcConfigKeys (ConfUtils.java:logGet(46)) - raft.grpc.server.async.request.thread.pool.size = 32 (default)
2022-05-26 01:42:47,018 [Listener at 0.0.0.0/46577] INFO  impl.DataStreamServerImpl (ConfUtils.java:logGet(46)) - raft.datastream.type = DISABLED (default)
2022-05-26 01:42:47,021 [Listener at 0.0.0.0/46577] INFO  server.RaftServerConfigKeys (ConfUtils.java:logGet(46)) - raft.server.threadpool.proxy.cached = true (default)
2022-05-26 01:42:47,022 [Listener at 0.0.0.0/46577] INFO  server.RaftServerConfigKeys (ConfUtils.java:logGet(46)) - raft.server.threadpool.proxy.size = 0 (default)
2022-05-26 01:42:47,022 [Listener at 0.0.0.0/46577] INFO  server.RaftServerConfigKeys (ConfUtils.java:logGet(46)) - raft.server.rpc.slowness.timeout = 120s (custom)
2022-05-26 01:42:47,022 [Listener at 0.0.0.0/46577] INFO  server.RaftServerConfigKeys (ConfUtils.java:logGet(46)) - raft.server.leaderelection.leader.step-down.wait-time = 10s (default)
2022-05-26 01:42:47,026 [Listener at 0.0.0.0/46577] INFO  server.RaftServerConfigKeys (ConfUtils.java:logGet(46)) - raft.server.storage.dir = [/home/runner/work/ozone/ozone/hadoop-ozone/integration-test/target/test-dir/MiniOzoneClusterImpl-4cee1738-eecc-4734-9a97-ff8680d0f2db/ozone-meta/ratis] (custom)
2022-05-26 01:42:47,036 [Listener at 0.0.0.0/46577] INFO  server.RaftServer (RaftServerProxy.java:addNew(96)) - om1: addNew group-C5BA1605619E:[om1|rpc:localhost:9872|priority:0] returns group-C5BA1605619E:java.util.concurrent.CompletableFuture@35a7c2cc[Not completed]
2022-05-26 01:42:47,037 [Listener at 0.0.0.0/46577] INFO  om.OzoneManager (OzoneManager.java:initializeRatisServer(1901)) - OzoneManager Ratis server initialized at port 9872
2022-05-26 01:42:47,051 [Listener at 0.0.0.0/46577] INFO  om.OzoneManager (OzoneManager.java:getRpcServer(1030)) - Creating RPC Server
2022-05-26 01:42:47,066 [pool-51-thread-1] INFO  server.RaftServer$Division (RaftServerImpl.java:<init>(190)) - om1: new RaftServerImpl for group-C5BA1605619E:[om1|rpc:localhost:9872|priority:0] with OzoneManagerStateMachine:uninitialized
2022-05-26 01:42:47,070 [pool-51-thread-1] INFO  server.RaftServerConfigKeys (ConfUtils.java:logGet(46)) - raft.server.rpc.timeout.min = 1s (custom)
2022-05-26 01:42:47,070 [pool-51-thread-1] INFO  server.RaftServerConfigKeys (ConfUtils.java:logGet(46)) - raft.server.rpc.timeout.max = 1200ms (custom)
2022-05-26 01:42:47,070 [pool-51-thread-1] INFO  server.RaftServerConfigKeys (ConfUtils.java:logGet(46)) - raft.server.rpc.sleep.time = 25ms (default)
2022-05-26 01:42:47,070 [pool-51-thread-1] INFO  server.RaftServerConfigKeys (ConfUtils.java:logGet(46)) - raft.server.rpc.slowness.timeout = 120s (custom)
2022-05-26 01:42:47,071 [pool-51-thread-1] INFO  server.RaftServerConfigKeys (ConfUtils.java:logGet(46)) - raft.server.leaderelection.leader.step-down.wait-time = 10s (default)
2022-05-26 01:42:47,071 [pool-51-thread-1] INFO  server.RaftServerConfigKeys (ConfUtils.java:logGet(46)) - raft.server.sleep.deviation.threshold = 300ms (default)
2022-05-26 01:42:47,078 [pool-51-thread-1] INFO  server.RaftServer$Division (ServerState.java:<init>(107)) - om1@group-C5BA1605619E: ConfigurationManager, init=-1: [om1|rpc:localhost:9872|priority:0], old=null, confs=<EMPTY_MAP>
2022-05-26 01:42:47,078 [pool-51-thread-1] INFO  server.RaftServerConfigKeys (ConfUtils.java:logGet(46)) - raft.server.storage.dir = [/home/runner/work/ozone/ozone/hadoop-ozone/integration-test/target/test-dir/MiniOzoneClusterImpl-4cee1738-eecc-4734-9a97-ff8680d0f2db/ozone-meta/ratis] (custom)
2022-05-26 01:42:47,092 [pool-51-thread-1] INFO  server.RaftServerConfigKeys (ConfUtils.java:logGet(46)) - raft.server.log.corruption.policy = EXCEPTION (default)
2022-05-26 01:42:47,093 [pool-51-thread-1] INFO  server.RaftServerConfigKeys (ConfUtils.java:logGet(46)) - raft.server.storage.free-space.min = 0MB (=0) (default)
2022-05-26 01:42:47,094 [pool-51-thread-1] INFO  storage.RaftStorageDirectory (RaftStorageDirectoryImpl.java:analyzeStorage(135)) - The storage directory /home/runner/work/ozone/ozone/hadoop-ozone/integration-test/target/test-dir/MiniOzoneClusterImpl-4cee1738-eecc-4734-9a97-ff8680d0f2db/ozone-meta/ratis/bf265839-605b-3f16-9796-c5ba1605619e does not exist. Creating ...
2022-05-26 01:42:47,103 [pool-51-thread-1] INFO  storage.RaftStorageDirectory (RaftStorageDirectoryImpl.java:tryLock(230)) - Lock on /home/runner/work/ozone/ozone/hadoop-ozone/integration-test/target/test-dir/MiniOzoneClusterImpl-4cee1738-eecc-4734-9a97-ff8680d0f2db/ozone-meta/ratis/bf265839-605b-3f16-9796-c5ba1605619e/in_use.lock acquired by nodename 11847@fv-az270-854
2022-05-26 01:42:47,109 [pool-51-thread-1] INFO  storage.RaftStorage (RaftStorageImpl.java:format(89)) - Storage directory /home/runner/work/ozone/ozone/hadoop-ozone/integration-test/target/test-dir/MiniOzoneClusterImpl-4cee1738-eecc-4734-9a97-ff8680d0f2db/ozone-meta/ratis/bf265839-605b-3f16-9796-c5ba1605619e has been successfully formatted.
2022-05-26 01:42:47,113 [pool-51-thread-1] INFO  server.RaftServerConfigKeys (ConfUtils.java:logGet(46)) - raft.server.notification.no-leader.timeout = 120s (custom)
2022-05-26 01:42:47,114 [pool-51-thread-1] INFO  server.RaftServerConfigKeys (ConfUtils.java:logGet(46)) - raft.server.log.use.memory = false (default)
2022-05-26 01:42:47,133 [pool-51-thread-1] INFO  server.RaftServerConfigKeys (ConfUtils.java:logGet(46)) - raft.server.log.purge.gap = 1000000 (custom)
2022-05-26 01:42:47,133 [pool-51-thread-1] INFO  server.RaftServerConfigKeys (ConfUtils.java:logGet(46)) - raft.server.log.appender.buffer.byte-limit = 33554432 (custom)
2022-05-26 01:42:47,135 [pool-51-thread-1] INFO  server.RaftServerConfigKeys (ConfUtils.java:logGet(46)) - raft.server.log.statemachine.data.read.timeout = 1000ms (default)
2022-05-26 01:42:47,221 [pool-51-thread-1] INFO  server.RaftServerConfigKeys (ConfUtils.java:logGet(46)) - raft.server.log.segment.size.max = 4194304 (custom)
2022-05-26 01:42:47,244 [pool-51-thread-1] INFO  server.RaftServerConfigKeys (ConfUtils.java:logGet(46)) - raft.server.log.segment.cache.num.max = 2 (custom)
2022-05-26 01:42:47,245 [pool-51-thread-1] INFO  server.RaftServerConfigKeys (ConfUtils.java:logGet(46)) - raft.server.log.segment.cache.size.max = 200MB (=209715200) (default)
2022-05-26 01:42:47,251 [pool-51-thread-1] INFO  segmented.SegmentedRaftLogWorker (SegmentedRaftLogWorker.java:<init>(187)) - new om1@group-C5BA1605619E-SegmentedRaftLogWorker for RaftStorageImpl:Storage Directory /home/runner/work/ozone/ozone/hadoop-ozone/integration-test/target/test-dir/MiniOzoneClusterImpl-4cee1738-eecc-4734-9a97-ff8680d0f2db/ozone-meta/ratis/bf265839-605b-3f16-9796-c5ba1605619e
2022-05-26 01:42:47,252 [pool-51-thread-1] INFO  server.RaftServerConfigKeys (ConfUtils.java:logGet(46)) - raft.server.log.queue.byte-limit = 64MB (=67108864) (default)
2022-05-26 01:42:47,252 [pool-51-thread-1] INFO  server.RaftServerConfigKeys (ConfUtils.java:logGet(46)) - raft.server.log.queue.element-limit = 4096 (default)
2022-05-26 01:42:47,253 [pool-51-thread-1] INFO  server.RaftServerConfigKeys (ConfUtils.java:logGet(46)) - raft.server.log.segment.size.max = 4194304 (custom)
2022-05-26 01:42:47,253 [pool-51-thread-1] INFO  server.RaftServerConfigKeys (ConfUtils.java:logGet(46)) - raft.server.log.preallocated.size = 4194304 (custom)
2022-05-26 01:42:47,254 [pool-51-thread-1] INFO  server.RaftServerConfigKeys (ConfUtils.java:logGet(46)) - raft.server.log.force.sync.num = 128 (default)
2022-05-26 01:42:47,255 [pool-51-thread-1] INFO  server.RaftServerConfigKeys (ConfUtils.java:logGet(46)) - raft.server.log.statemachine.data.sync = true (default)
2022-05-26 01:42:47,255 [pool-51-thread-1] INFO  server.RaftServerConfigKeys (ConfUtils.java:logGet(46)) - raft.server.log.statemachine.data.sync.timeout = 10s (default)
2022-05-26 01:42:47,256 [pool-51-thread-1] INFO  server.RaftServerConfigKeys (ConfUtils.java:logGet(46)) - raft.server.log.statemachine.data.sync.timeout.retry = -1 (default)
2022-05-26 01:42:47,277 [pool-51-thread-1] INFO  server.RaftServerConfigKeys (ConfUtils.java:logGet(46)) - raft.server.log.write.buffer.size = 64KB (=65536) (default)
2022-05-26 01:42:47,277 [pool-51-thread-1] INFO  server.RaftServerConfigKeys (ConfUtils.java:logGet(46)) - raft.server.log.unsafe-flush.enabled = false (default)
2022-05-26 01:42:47,278 [pool-51-thread-1] INFO  server.RaftServerConfigKeys (ConfUtils.java:logGet(46)) - raft.server.log.statemachine.data.caching.enabled = false (default)
2022-05-26 01:42:47,293 [pool-51-thread-1] INFO  segmented.SegmentedRaftLogWorker (SegmentedRaftLogWorker.java:lambda$new$0(135)) - om1@group-C5BA1605619E-SegmentedRaftLogWorker: flushIndex: setUnconditionally 0 -> -1
2022-05-26 01:42:47,293 [pool-51-thread-1] INFO  segmented.SegmentedRaftLogWorker (SegmentedRaftLogWorker.java:lambda$new$0(135)) - om1@group-C5BA1605619E-SegmentedRaftLogWorker: safeCacheEvictIndex: setUnconditionally 0 -> -1
2022-05-26 01:42:47,327 [pool-51-thread-1] INFO  server.RaftServerConfigKeys (ConfUtils.java:logGet(46)) - raft.server.snapshot.auto.trigger.enabled = true (custom)
2022-05-26 01:42:47,327 [pool-51-thread-1] INFO  server.RaftServerConfigKeys (ConfUtils.java:logGet(46)) - raft.server.snapshot.auto.trigger.threshold = 400000 (default)
2022-05-26 01:42:47,333 [pool-51-thread-1] INFO  server.RaftServerConfigKeys (ConfUtils.java:logGet(46)) - raft.server.snapshot.retention.file.num = -1 (default)
2022-05-26 01:42:47,337 [pool-51-thread-1] INFO  server.RaftServerConfigKeys (ConfUtils.java:logGet(46)) - raft.server.log.purge.upto.snapshot.index = true (custom)
2022-05-26 01:42:47,349 [pool-51-thread-1] INFO  server.RaftServerConfigKeys (ConfUtils.java:logGet(46)) - raft.server.retrycache.expirytime = 300s (custom)
2022-05-26 01:42:47,349 [pool-51-thread-1] INFO  server.RaftServerConfigKeys (ConfUtils.java:logGet(46)) - raft.server.retrycache.statistics.expirytime = 100μs (default)
2022-05-26 01:42:47,461 [pool-51-thread-1] INFO  server.RaftServerConfigKeys (ConfUtils.java:logGet(46)) - raft.server.log.appender.install.snapshot.enabled = false (custom)
2022-05-26 01:42:47,476 [pool-51-thread-1] INFO  server.RaftServerConfigKeys (ConfUtils.java:logGet(46)) - raft.server.threadpool.server.cached = true (default)
2022-05-26 01:42:47,478 [pool-51-thread-1] INFO  server.RaftServerConfigKeys (ConfUtils.java:logGet(46)) - raft.server.threadpool.server.size = 0 (default)
2022-05-26 01:42:47,478 [pool-51-thread-1] INFO  server.RaftServerConfigKeys (ConfUtils.java:logGet(46)) - raft.server.threadpool.client.cached = true (default)
2022-05-26 01:42:47,479 [pool-51-thread-1] INFO  server.RaftServerConfigKeys (ConfUtils.java:logGet(46)) - raft.server.threadpool.client.size = 0 (default)
2022-05-26 01:42:47,679 [Listener at 0.0.0.0/46577] INFO  reflections.Reflections (Reflections.java:scan(232)) - Reflections took 570 ms to scan 19 urls, producing 61 keys and 3727 values [using 2 cores]
2022-05-26 01:42:47,813 [Listener at 0.0.0.0/46577] INFO  ipc.CallQueueManager (CallQueueManager.java:<init>(90)) - Using callQueue: class java.util.concurrent.LinkedBlockingQueue, queueCapacity: 2000, scheduler: class org.apache.hadoop.ipc.DefaultRpcScheduler, ipcBackoff: false.
2022-05-26 01:42:47,822 [Socket Reader #1 for port 0] INFO  ipc.Server (Server.java:run(1265)) - Starting Socket Reader #1 for port 0
2022-05-26 01:42:47,845 [Listener at 127.0.0.1/44561] INFO  impl.MetricsSystemImpl (MetricsSystemImpl.java:init(158)) - OzoneManager metrics system started (again)
2022-05-26 01:42:47,857 [Listener at 127.0.0.1/44561] INFO  om.OzoneManager (OzoneManager.java:start(1405)) - OzoneManager RPC server is listening at localhost/127.0.0.1:44561
2022-05-26 01:42:47,857 [Listener at 127.0.0.1/44561] INFO  ratis.OzoneManagerRatisServer (OzoneManagerRatisServer.java:start(554)) - Starting OzoneManagerRatisServer om1 at port 9872
2022-05-26 01:42:47,861 [om1-impl-thread1] INFO  server.RaftServer$Division (RaftServerImpl.java:start(310)) - om1@group-C5BA1605619E: start as a follower, conf=-1: [om1|rpc:localhost:9872|priority:0], old=null
2022-05-26 01:42:47,861 [om1-impl-thread1] INFO  server.RaftServer$Division (RaftServerImpl.java:setRole(299)) - om1@group-C5BA1605619E: changes role from      null to FOLLOWER at term 0 for startAsFollower
2022-05-26 01:42:47,862 [om1-impl-thread1] INFO  impl.RoleInfo (RoleInfo.java:updateAndGet(139)) - om1: start om1@group-C5BA1605619E-FollowerState
2022-05-26 01:42:47,864 [om1-impl-thread1] INFO  util.JmxRegister (JmxRegister.java:tryRegister(44)) - Successfully registered JMX Bean with object name Ratis:service=RaftServer,group=group-C5BA1605619E,id=om1
2022-05-26 01:42:47,872 [Listener at 127.0.0.1/44561] INFO  server.RaftServer (RaftServerProxy.java:lambda$start$6(382)) - om1: start RPC server
2022-05-26 01:42:47,941 [Listener at 127.0.0.1/44561] INFO  server.GrpcService (GrpcService.java:startImpl(260)) - om1: GrpcService started, listening on 9872
2022-05-26 01:42:47,943 [Listener at 127.0.0.1/44561] INFO  om.OzoneManager (OzoneManager.java:start(1421)) - Version File has different layout version (2) than OM DB (null). That is expected if this OM has never been finalized to a newer layout version.
2022-05-26 01:42:47,945 [org.apache.ratis.util.JvmPauseMonitor$$Lambda$677/950145419@4efcf5a4] INFO  util.JvmPauseMonitor (JvmPauseMonitor.java:run(103)) - JvmPauseMonitor-om1: Started
2022-05-26 01:42:47,991 [Listener at 127.0.0.1/44561] INFO  http.BaseHttpServer (BaseHttpServer.java:newHttpServer2BuilderForOzone(209)) - Starting Web-server for ozoneManager at: http://0.0.0.0:0
2022-05-26 01:42:47,991 [Listener at 127.0.0.1/44561] INFO  http.BaseHttpServer (BaseHttpServer.java:<init>(107)) - Hadoop Security Enabled: false Ozone Security Enabled: false Ozone HTTP Security Enabled: false 
2022-05-26 01:42:47,993 [Listener at 127.0.0.1/44561] INFO  server.AuthenticationFilter (AuthenticationFilter.java:constructSecretProvider(240)) - Unable to initialize FileSignerSecretProvider, falling back to use random secrets.
2022-05-26 01:42:47,997 [Listener at 127.0.0.1/44561] WARN  http.HttpRequestLog (HttpRequestLog.java:getRequestLog(103)) - Jetty request log can only be enabled using Log4j
2022-05-26 01:42:48,005 [Listener at 127.0.0.1/44561] INFO  http.HttpServer2 (HttpServer2.java:addGlobalFilter(1030)) - Added global filter 'safety' (class=org.apache.hadoop.hdds.server.http.HttpServer2$QuotingInputFilter)
2022-05-26 01:42:48,006 [Listener at 127.0.0.1/44561] INFO  http.HttpServer2 (HttpServer2.java:addFilter(1006)) - Added filter static_user_filter (class=org.apache.hadoop.http.lib.StaticUserWebFilter$StaticUserFilter) to context ozoneManager
2022-05-26 01:42:48,006 [Listener at 127.0.0.1/44561] INFO  http.HttpServer2 (HttpServer2.java:addFilter(1014)) - Added filter static_user_filter (class=org.apache.hadoop.http.lib.StaticUserWebFilter$StaticUserFilter) to context logs
2022-05-26 01:42:48,006 [Listener at 127.0.0.1/44561] INFO  http.HttpServer2 (HttpServer2.java:addFilter(1014)) - Added filter static_user_filter (class=org.apache.hadoop.http.lib.StaticUserWebFilter$StaticUserFilter) to context static
2022-05-26 01:42:48,008 [Listener at 127.0.0.1/44561] INFO  http.HttpServer2 (HttpServer2.java:bindListener(1249)) - Jetty bound to port 32881
2022-05-26 01:42:48,008 [Listener at 127.0.0.1/44561] INFO  server.Server (Server.java:doStart(375)) - jetty-9.4.43.v20210629; built: 2021-06-30T11:07:22.254Z; git: 526006ecfa3af7f1a27ef3a288e2bef7ea9dd7e8; jvm 1.8.0_332-b09
2022-05-26 01:42:48,015 [Listener at 127.0.0.1/44561] INFO  server.session (DefaultSessionIdManager.java:doStart(334)) - DefaultSessionIdManager workerName=node0
2022-05-26 01:42:48,016 [Listener at 127.0.0.1/44561] INFO  server.session (DefaultSessionIdManager.java:doStart(339)) - No SessionScavenger set, using defaults
2022-05-26 01:42:48,016 [Listener at 127.0.0.1/44561] INFO  server.session (HouseKeeper.java:startScavenging(132)) - node0 Scavenging every 660000ms
2022-05-26 01:42:48,017 [Listener at 127.0.0.1/44561] INFO  handler.ContextHandler (ContextHandler.java:doStart(915)) - Started o.e.j.s.ServletContextHandler@38be950e{logs,/logs,file:///home/runner/work/ozone/ozone/hadoop-ozone/integration-test/target/log,AVAILABLE}
2022-05-26 01:42:48,017 [Listener at 127.0.0.1/44561] INFO  handler.ContextHandler (ContextHandler.java:doStart(915)) - Started o.e.j.s.ServletContextHandler@67367175{static,/static,file:///home/runner/work/ozone/ozone/hadoop-ozone/integration-test/target/test-classes/webapps/static,AVAILABLE}
2022-05-26 01:42:48,028 [Listener at 127.0.0.1/44561] INFO  handler.ContextHandler (ContextHandler.java:doStart(915)) - Started o.e.j.w.WebAppContext@5672c056{ozoneManager,/,file:///home/runner/work/ozone/ozone/hadoop-ozone/integration-test/target/test-classes/webapps/ozoneManager/,AVAILABLE}{file:/home/runner/work/ozone/ozone/hadoop-ozone/integration-test/target/test-classes/webapps/ozoneManager}
2022-05-26 01:42:48,034 [Listener at 127.0.0.1/44561] INFO  server.AbstractConnector (AbstractConnector.java:doStart(331)) - Started ServerConnector@58292496{HTTP/1.1, (http/1.1)}{0.0.0.0:32881}
2022-05-26 01:42:48,034 [Listener at 127.0.0.1/44561] INFO  server.Server (Server.java:doStart(415)) - Started @6805ms
2022-05-26 01:42:48,034 [Listener at 127.0.0.1/44561] WARN  impl.MetricsSystemImpl (MetricsSystemImpl.java:register(279)) - Sink prometheus already exists!
2022-05-26 01:42:48,035 [Listener at 127.0.0.1/44561] INFO  http.BaseHttpServer (BaseHttpServer.java:updateConnectorAddress(329)) - HTTP server of ozoneManager listening at http://0.0.0.0:32881
2022-05-26 01:42:48,036 [IPC Server Responder] INFO  ipc.Server (Server.java:run(1507)) - IPC Server Responder: starting
2022-05-26 01:42:48,036 [IPC Server listener on 0] INFO  ipc.Server (Server.java:run(1344)) - IPC Server listener on 0: starting
2022-05-26 01:42:48,042 [Listener at 127.0.0.1/44561] INFO  om.OzoneManager (OzoneManager.java:startTrashEmptier(1845)) - Trash Interval set to 0. Files deleted won't move to trash
2022-05-26 01:42:48,061 [org.apache.hadoop.util.JvmPauseMonitor$Monitor@702189aa] INFO  util.JvmPauseMonitor (JvmPauseMonitor.java:run(188)) - Starting JVM pause monitor
2022-05-26 01:42:48,311 [Listener at 127.0.0.1/44561] WARN  impl.MetricRegistriesImpl (MetricRegistriesImpl.java:addReporterRegistration(111)) - New reporters are added after registries were created. Some metrics will be missing from the reporter. Please add reporter before adding any new registry.
2022-05-26 01:42:48,311 [Listener at 127.0.0.1/44561] WARN  impl.MetricRegistriesImpl (MetricRegistriesImpl.java:addReporterRegistration(111)) - New reporters are added after registries were created. Some metrics will be missing from the reporter. Please add reporter before adding any new registry.
2022-05-26 01:42:48,312 [Listener at 127.0.0.1/44561] INFO  impl.MetricsSystemImpl (MetricsSystemImpl.java:init(158)) - HddsDatanode metrics system started (again)
2022-05-26 01:42:48,328 [Listener at 127.0.0.1/44561] INFO  ozone.HddsDatanodeService (HddsDatanodeService.java:start(236)) - HddsDatanodeService host:fv-az270-854.tacnzluakwdehk1hpragurqkma.bx.internal.cloudapp.net ip:10.1.0.18
2022-05-26 01:42:48,367 [Listener at 127.0.0.1/44561] INFO  upgrade.AbstractLayoutVersionManager (AbstractLayoutVersionManager.java:init(79)) - Initializing Layout version manager with metadata layout = ERASURE_CODED_STORAGE_SUPPORT (version = 3), software layout = ERASURE_CODED_STORAGE_SUPPORT (version = 3)
2022-05-26 01:42:48,415 [Listener at 127.0.0.1/44561] INFO  reflections.Reflections (Reflections.java:scan(232)) - Reflections took 46 ms to scan 7 urls, producing 127 keys and 292 values 
2022-05-26 01:42:48,423 [Listener at 127.0.0.1/44561] INFO  statemachine.DatanodeStateMachine (DatanodeStateMachine.java:getEndPointTaskThreadPoolSize(233)) - Datanode State Machine Task Thread Pool size 2
2022-05-26 01:42:48,476 [Listener at 127.0.0.1/44561] INFO  volume.HddsVolume (HddsVolume.java:<init>(120)) - Creating HddsVolume: /home/runner/work/ozone/ozone/hadoop-ozone/integration-test/target/test-dir/MiniOzoneClusterImpl-4cee1738-eecc-4734-9a97-ff8680d0f2db/datanode-0/data-0/containers/hdds of storage type : DISK capacity : 9223372036854775807
2022-05-26 01:42:48,479 [Listener at 127.0.0.1/44561] INFO  volume.MutableVolumeSet (MutableVolumeSet.java:initializeVolumeSet(168)) - Added Volume : /home/runner/work/ozone/ozone/hadoop-ozone/integration-test/target/test-dir/MiniOzoneClusterImpl-4cee1738-eecc-4734-9a97-ff8680d0f2db/datanode-0/data-0/containers/hdds to VolumeSet
2022-05-26 01:42:48,480 [Listener at 127.0.0.1/44561] INFO  volume.ThrottledAsyncChecker (ThrottledAsyncChecker.java:schedule(141)) - Scheduling a check for /home/runner/work/ozone/ozone/hadoop-ozone/integration-test/target/test-dir/MiniOzoneClusterImpl-4cee1738-eecc-4734-9a97-ff8680d0f2db/datanode-0/data-0/containers/hdds
2022-05-26 01:42:48,501 [Listener at 127.0.0.1/44561] INFO  volume.StorageVolumeChecker (StorageVolumeChecker.java:checkAllVolumes(202)) - Scheduled health check for volume /home/runner/work/ozone/ozone/hadoop-ozone/integration-test/target/test-dir/MiniOzoneClusterImpl-4cee1738-eecc-4734-9a97-ff8680d0f2db/datanode-0/data-0/containers/hdds
2022-05-26 01:42:48,518 [Listener at 127.0.0.1/44561] INFO  volume.MutableVolumeSet (MutableVolumeSet.java:initializeVolumeSet(168)) - Added Volume : /home/runner/work/ozone/ozone/hadoop-ozone/integration-test/target/test-dir/MiniOzoneClusterImpl-4cee1738-eecc-4734-9a97-ff8680d0f2db/datanode-0/data/ratis to VolumeSet
2022-05-26 01:42:48,518 [Listener at 127.0.0.1/44561] INFO  volume.ThrottledAsyncChecker (ThrottledAsyncChecker.java:schedule(141)) - Scheduling a check for /home/runner/work/ozone/ozone/hadoop-ozone/integration-test/target/test-dir/MiniOzoneClusterImpl-4cee1738-eecc-4734-9a97-ff8680d0f2db/datanode-0/data/ratis
2022-05-26 01:42:48,519 [Listener at 127.0.0.1/44561] INFO  volume.StorageVolumeChecker (StorageVolumeChecker.java:checkAllVolumes(202)) - Scheduled health check for volume /home/runner/work/ozone/ozone/hadoop-ozone/integration-test/target/test-dir/MiniOzoneClusterImpl-4cee1738-eecc-4734-9a97-ff8680d0f2db/datanode-0/data/ratis
2022-05-26 01:42:48,540 [Thread-133] INFO  ozoneimpl.ContainerReader (ContainerReader.java:readVolume(172)) - Finish verifying containers on volume /home/runner/work/ozone/ozone/hadoop-ozone/integration-test/target/test-dir/MiniOzoneClusterImpl-4cee1738-eecc-4734-9a97-ff8680d0f2db/datanode-0/data-0/containers/hdds
2022-05-26 01:42:48,541 [Listener at 127.0.0.1/44561] INFO  ozoneimpl.OzoneContainer (OzoneContainer.java:buildContainerSet(257)) - Build ContainerSet costs 0s
2022-05-26 01:42:48,585 [Listener at 127.0.0.1/44561] INFO  audit.AuditLogger (AuditLogger.java:refreshDebugCmdSet(120)) - Refresh DebugCmdSet for DNAudit to [].
2022-05-26 01:42:48,613 [Listener at 127.0.0.1/44561] INFO  server.RaftServer (ConfUtils.java:logGet(46)) - raft.rpc.type = GRPC (default)
2022-05-26 01:42:48,613 [Listener at 127.0.0.1/44561] INFO  grpc.GrpcFactory (GrpcFactory.java:checkPooledByteBufAllocatorUseCacheForAllThreads(48)) - PERFORMANCE WARNING: useCacheForAllThreads is true that may cause Netty to create a lot garbage objects and, as a result, trigger GC.
	It is recommended to disable useCacheForAllThreads by setting -Dorg.apache.ratis.thirdparty.io.netty.allocator.useCacheForAllThreads=false in command line.
2022-05-26 01:42:48,613 [Listener at 127.0.0.1/44561] INFO  grpc.GrpcConfigKeys (ConfUtils.java:logGet(46)) - raft.grpc.admin.port = 0 (custom)
2022-05-26 01:42:48,613 [Listener at 127.0.0.1/44561] INFO  grpc.GrpcConfigKeys (ConfUtils.java:logGet(46)) - raft.grpc.client.port = 0 (custom)
2022-05-26 01:42:48,614 [Listener at 127.0.0.1/44561] INFO  grpc.GrpcConfigKeys (ConfUtils.java:logGet(46)) - raft.grpc.server.port = 0 (default)
2022-05-26 01:42:48,614 [Listener at 127.0.0.1/44561] INFO  server.GrpcService (ConfUtils.java:logGet(46)) - raft.grpc.message.size.max = 32MB (=33554432) (custom)
2022-05-26 01:42:48,615 [Listener at 127.0.0.1/44561] INFO  server.RaftServerConfigKeys (ConfUtils.java:logGet(46)) - raft.server.log.appender.buffer.byte-limit = 33554432 (custom)
2022-05-26 01:42:48,615 [Listener at 127.0.0.1/44561] INFO  server.GrpcService (ConfUtils.java:logGet(46)) - raft.grpc.flow.control.window = 5MB (=5242880) (custom)
2022-05-26 01:42:48,616 [Listener at 127.0.0.1/44561] INFO  server.RaftServerConfigKeys (ConfUtils.java:logGet(46)) - raft.server.rpc.request.timeout = 60s (custom)
2022-05-26 01:42:48,617 [Listener at 127.0.0.1/44561] INFO  grpc.GrpcConfigKeys (ConfUtils.java:logGet(46)) - raft.grpc.server.async.request.thread.pool.cached = true (default)
2022-05-26 01:42:48,617 [Listener at 127.0.0.1/44561] INFO  grpc.GrpcConfigKeys (ConfUtils.java:logGet(46)) - raft.grpc.server.async.request.thread.pool.size = 32 (default)
2022-05-26 01:42:48,619 [Listener at 127.0.0.1/44561] INFO  impl.DataStreamServerImpl (ConfUtils.java:logGet(46)) - raft.datastream.type = DISABLED (default)
2022-05-26 01:42:48,620 [Listener at 127.0.0.1/44561] INFO  server.RaftServerConfigKeys (ConfUtils.java:logGet(46)) - raft.server.threadpool.proxy.cached = true (default)
2022-05-26 01:42:48,620 [Listener at 127.0.0.1/44561] INFO  server.RaftServerConfigKeys (ConfUtils.java:logGet(46)) - raft.server.threadpool.proxy.size = 0 (default)
2022-05-26 01:42:48,620 [Listener at 127.0.0.1/44561] INFO  server.RaftServerConfigKeys (ConfUtils.java:logGet(46)) - raft.server.rpc.slowness.timeout = 300s (custom)
2022-05-26 01:42:48,621 [Listener at 127.0.0.1/44561] INFO  server.RaftServerConfigKeys (ConfUtils.java:logGet(46)) - raft.server.leaderelection.leader.step-down.wait-time = 10s (default)
2022-05-26 01:42:48,621 [Listener at 127.0.0.1/44561] INFO  server.RaftServerConfigKeys (ConfUtils.java:logGet(46)) - raft.server.storage.dir = [/home/runner/work/ozone/ozone/hadoop-ozone/integration-test/target/test-dir/MiniOzoneClusterImpl-4cee1738-eecc-4734-9a97-ff8680d0f2db/datanode-0/data/ratis] (custom)
2022-05-26 01:42:48,641 [Listener at 127.0.0.1/44561] INFO  server.XceiverServerGrpc (XceiverServerGrpc.java:<init>(132)) - GrpcServer channel type EpollServerSocketChannel
2022-05-26 01:42:48,689 [Listener at 127.0.0.1/44561] INFO  http.BaseHttpServer (BaseHttpServer.java:newHttpServer2BuilderForOzone(209)) - Starting Web-server for hddsDatanode at: http://0.0.0.0:0
2022-05-26 01:42:48,690 [Listener at 127.0.0.1/44561] INFO  http.BaseHttpServer (BaseHttpServer.java:<init>(107)) - Hadoop Security Enabled: false Ozone Security Enabled: false Ozone HTTP Security Enabled: false 
2022-05-26 01:42:48,693 [Listener at 127.0.0.1/44561] INFO  server.AuthenticationFilter (AuthenticationFilter.java:constructSecretProvider(240)) - Unable to initialize FileSignerSecretProvider, falling back to use random secrets.
2022-05-26 01:42:48,696 [Listener at 127.0.0.1/44561] WARN  http.HttpRequestLog (HttpRequestLog.java:getRequestLog(103)) - Jetty request log can only be enabled using Log4j
2022-05-26 01:42:48,697 [Listener at 127.0.0.1/44561] INFO  http.HttpServer2 (HttpServer2.java:addGlobalFilter(1030)) - Added global filter 'safety' (class=org.apache.hadoop.hdds.server.http.HttpServer2$QuotingInputFilter)
2022-05-26 01:42:48,698 [Listener at 127.0.0.1/44561] INFO  http.HttpServer2 (HttpServer2.java:addFilter(1006)) - Added filter static_user_filter (class=org.apache.hadoop.http.lib.StaticUserWebFilter$StaticUserFilter) to context hddsDatanode
2022-05-26 01:42:48,701 [Listener at 127.0.0.1/44561] INFO  http.HttpServer2 (HttpServer2.java:addFilter(1014)) - Added filter static_user_filter (class=org.apache.hadoop.http.lib.StaticUserWebFilter$StaticUserFilter) to context static
2022-05-26 01:42:48,701 [Listener at 127.0.0.1/44561] INFO  http.HttpServer2 (HttpServer2.java:addFilter(1014)) - Added filter static_user_filter (class=org.apache.hadoop.http.lib.StaticUserWebFilter$StaticUserFilter) to context logs
2022-05-26 01:42:48,702 [Listener at 127.0.0.1/44561] INFO  http.HttpServer2 (HttpServer2.java:bindListener(1249)) - Jetty bound to port 41829
2022-05-26 01:42:48,702 [Listener at 127.0.0.1/44561] INFO  server.Server (Server.java:doStart(375)) - jetty-9.4.43.v20210629; built: 2021-06-30T11:07:22.254Z; git: 526006ecfa3af7f1a27ef3a288e2bef7ea9dd7e8; jvm 1.8.0_332-b09
2022-05-26 01:42:48,704 [Listener at 127.0.0.1/44561] INFO  server.session (DefaultSessionIdManager.java:doStart(334)) - DefaultSessionIdManager workerName=node0
2022-05-26 01:42:48,705 [Listener at 127.0.0.1/44561] INFO  server.session (DefaultSessionIdManager.java:doStart(339)) - No SessionScavenger set, using defaults
2022-05-26 01:42:48,705 [Listener at 127.0.0.1/44561] INFO  server.session (HouseKeeper.java:startScavenging(132)) - node0 Scavenging every 600000ms
2022-05-26 01:42:48,705 [Listener at 127.0.0.1/44561] INFO  handler.ContextHandler (ContextHandler.java:doStart(915)) - Started o.e.j.s.ServletContextHandler@46167a63{logs,/logs,file:///home/runner/work/ozone/ozone/hadoop-ozone/integration-test/target/log,AVAILABLE}
2022-05-26 01:42:48,706 [Listener at 127.0.0.1/44561] INFO  handler.ContextHandler (ContextHandler.java:doStart(915)) - Started o.e.j.s.ServletContextHandler@d7da0ae{static,/static,jar:file:/home/runner/.m2/repository/org/apache/ozone/hdds-container-service/1.3.0-SNAPSHOT/hdds-container-service-1.3.0-SNAPSHOT.jar!/webapps/static,AVAILABLE}
2022-05-26 01:42:48,877 [Listener at 127.0.0.1/44561] INFO  handler.ContextHandler (ContextHandler.java:doStart(915)) - Started o.e.j.w.WebAppContext@1c20e539{hddsDatanode,/,file:///tmp/jetty-0_0_0_0-41829-hdds-container-service-1_3_0-SNAPSHOT_jar-_-any-4777723176713565250/webapp/,AVAILABLE}{jar:file:/home/runner/.m2/repository/org/apache/ozone/hdds-container-service/1.3.0-SNAPSHOT/hdds-container-service-1.3.0-SNAPSHOT.jar!/webapps/hddsDatanode}
2022-05-26 01:42:48,879 [Listener at 127.0.0.1/44561] INFO  server.AbstractConnector (AbstractConnector.java:doStart(331)) - Started ServerConnector@368f2959{HTTP/1.1, (http/1.1)}{0.0.0.0:41829}
2022-05-26 01:42:48,879 [Listener at 127.0.0.1/44561] INFO  server.Server (Server.java:doStart(415)) - Started @7650ms
2022-05-26 01:42:48,879 [Listener at 127.0.0.1/44561] WARN  impl.MetricsSystemImpl (MetricsSystemImpl.java:register(279)) - Sink prometheus already exists!
2022-05-26 01:42:48,880 [Listener at 127.0.0.1/44561] INFO  http.BaseHttpServer (BaseHttpServer.java:updateConnectorAddress(329)) - HTTP server of hddsDatanode listening at http://0.0.0.0:41829
2022-05-26 01:42:48,882 [Listener at 127.0.0.1/44561] WARN  impl.MetricRegistriesImpl (MetricRegistriesImpl.java:addReporterRegistration(111)) - New reporters are added after registries were created. Some metrics will be missing from the reporter. Please add reporter before adding any new registry.
2022-05-26 01:42:48,883 [Listener at 127.0.0.1/44561] WARN  impl.MetricRegistriesImpl (MetricRegistriesImpl.java:addReporterRegistration(111)) - New reporters are added after registries were created. Some metrics will be missing from the reporter. Please add reporter before adding any new registry.
2022-05-26 01:42:48,883 [Listener at 127.0.0.1/44561] INFO  impl.MetricsSystemImpl (MetricsSystemImpl.java:init(158)) - HddsDatanode metrics system started (again)
2022-05-26 01:42:48,887 [Datanode State Machine Daemon Thread] INFO  statemachine.DatanodeStateMachine (DatanodeStateMachine.java:lambda$startDaemon$0(481)) - Ozone container server started.
2022-05-26 01:42:48,907 [org.apache.hadoop.util.JvmPauseMonitor$Monitor@75ffa281] INFO  util.JvmPauseMonitor (JvmPauseMonitor.java:run(188)) - Starting JVM pause monitor
2022-05-26 01:42:48,908 [Listener at 127.0.0.1/44561] INFO  ozone.HddsDatanodeService (HddsDatanodeService.java:start(236)) - HddsDatanodeService host:fv-az270-854.tacnzluakwdehk1hpragurqkma.bx.internal.cloudapp.net ip:10.1.0.18
2022-05-26 01:42:48,945 [Listener at 127.0.0.1/44561] INFO  upgrade.AbstractLayoutVersionManager (AbstractLayoutVersionManager.java:init(79)) - Initializing Layout version manager with metadata layout = ERASURE_CODED_STORAGE_SUPPORT (version = 3), software layout = ERASURE_CODED_STORAGE_SUPPORT (version = 3)
2022-05-26 01:42:48,952 [om1@group-C5BA1605619E-FollowerState] INFO  impl.FollowerState (FollowerState.java:run(143)) - om1@group-C5BA1605619E-FollowerState: change to CANDIDATE, lastRpcElapsedTime:1089858892ns, electionTimeout:1079ms
2022-05-26 01:42:48,953 [om1@group-C5BA1605619E-FollowerState] INFO  impl.RoleInfo (RoleInfo.java:shutdownFollowerState(110)) - om1: shutdown om1@group-C5BA1605619E-FollowerState
2022-05-26 01:42:48,960 [om1@group-C5BA1605619E-FollowerState] INFO  server.RaftServer$Division (RaftServerImpl.java:setRole(299)) - om1@group-C5BA1605619E: changes role from  FOLLOWER to CANDIDATE at term 0 for changeToCandidate
2022-05-26 01:42:48,963 [om1@group-C5BA1605619E-FollowerState] INFO  server.RaftServerConfigKeys (ConfUtils.java:logGet(46)) - raft.server.leaderelection.pre-vote = false (custom)
2022-05-26 01:42:48,963 [om1@group-C5BA1605619E-FollowerState] INFO  impl.RoleInfo (RoleInfo.java:updateAndGet(139)) - om1: start om1@group-C5BA1605619E-LeaderElection1
2022-05-26 01:42:48,998 [om1@group-C5BA1605619E-LeaderElection1] INFO  impl.LeaderElection (LeaderElection.java:askForVotes(310)) - om1@group-C5BA1605619E-LeaderElection1 ELECTION round 0: submit vote requests at term 1 for -1: [om1|rpc:localhost:9872|priority:0], old=null
2022-05-26 01:42:48,999 [om1@group-C5BA1605619E-LeaderElection1] INFO  impl.LeaderElection (LeaderElection.java:askForVotes(312)) - om1@group-C5BA1605619E-LeaderElection1 ELECTION round 0: result PASSED (term=1)
2022-05-26 01:42:49,000 [om1@group-C5BA1605619E-LeaderElection1] INFO  impl.RoleInfo (RoleInfo.java:shutdownLeaderElection(130)) - om1: shutdown om1@group-C5BA1605619E-LeaderElection1
2022-05-26 01:42:49,000 [om1@group-C5BA1605619E-LeaderElection1] INFO  server.RaftServer$Division (RaftServerImpl.java:setRole(299)) - om1@group-C5BA1605619E: changes role from CANDIDATE to LEADER at term 1 for changeToLeader
2022-05-26 01:42:49,000 [om1@group-C5BA1605619E-LeaderElection1] INFO  server.RaftServer$Division (ServerState.java:setLeader(287)) - om1@group-C5BA1605619E: change Leader from null to om1 at term 1 for becomeLeader, leader elected after 1887ms
2022-05-26 01:42:49,027 [om1@group-C5BA1605619E-LeaderElection1] INFO  server.RaftServerConfigKeys (ConfUtils.java:logGet(46)) - raft.server.staging.catchup.gap = 1000 (default)
2022-05-26 01:42:49,031 [om1@group-C5BA1605619E-LeaderElection1] INFO  server.RaftServerConfigKeys (ConfUtils.java:logGet(46)) - raft.server.write.element-limit = 4096 (default)
2022-05-26 01:42:49,041 [om1@group-C5BA1605619E-LeaderElection1] INFO  server.RaftServerConfigKeys (ConfUtils.java:logGet(46)) - raft.server.write.byte-limit = 64MB (=67108864) (default)
2022-05-26 01:42:49,046 [om1@group-C5BA1605619E-LeaderElection1] INFO  server.RaftServerConfigKeys (ConfUtils.java:logGet(46)) - raft.server.watch.timeout = 10s (default)
2022-05-26 01:42:49,046 [om1@group-C5BA1605619E-LeaderElection1] INFO  server.RaftServerConfigKeys (ConfUtils.java:logGet(46)) - raft.server.watch.timeout.denomination = 1s (default)
2022-05-26 01:42:49,047 [om1@group-C5BA1605619E-LeaderElection1] INFO  server.RaftServerConfigKeys (ConfUtils.java:logGet(46)) - raft.server.watch.element-limit = 65536 (default)
2022-05-26 01:42:49,061 [Listener at 127.0.0.1/44561] INFO  reflections.Reflections (Reflections.java:scan(232)) - Reflections took 115 ms to scan 7 urls, producing 127 keys and 292 values 
2022-05-26 01:42:49,062 [Listener at 127.0.0.1/44561] INFO  statemachine.DatanodeStateMachine (DatanodeStateMachine.java:getEndPointTaskThreadPoolSize(233)) - Datanode State Machine Task Thread Pool size 2
2022-05-26 01:42:49,074 [om1@group-C5BA1605619E-LeaderElection1] INFO  server.RaftServerConfigKeys (ConfUtils.java:logGet(46)) - raft.server.write.element-limit = 4096 (default)
2022-05-26 01:42:49,077 [Listener at 127.0.0.1/44561] INFO  volume.HddsVolume (HddsVolume.java:<init>(120)) - Creating HddsVolume: /home/runner/work/ozone/ozone/hadoop-ozone/integration-test/target/test-dir/MiniOzoneClusterImpl-4cee1738-eecc-4734-9a97-ff8680d0f2db/datanode-1/data-0/containers/hdds of storage type : DISK capacity : 9223372036854775807
2022-05-26 01:42:49,077 [Listener at 127.0.0.1/44561] INFO  volume.MutableVolumeSet (MutableVolumeSet.java:initializeVolumeSet(168)) - Added Volume : /home/runner/work/ozone/ozone/hadoop-ozone/integration-test/target/test-dir/MiniOzoneClusterImpl-4cee1738-eecc-4734-9a97-ff8680d0f2db/datanode-1/data-0/containers/hdds to VolumeSet
2022-05-26 01:42:49,077 [Listener at 127.0.0.1/44561] INFO  volume.ThrottledAsyncChecker (ThrottledAsyncChecker.java:schedule(141)) - Scheduling a check for /home/runner/work/ozone/ozone/hadoop-ozone/integration-test/target/test-dir/MiniOzoneClusterImpl-4cee1738-eecc-4734-9a97-ff8680d0f2db/datanode-1/data-0/containers/hdds
2022-05-26 01:42:49,078 [om1@group-C5BA1605619E-LeaderElection1] INFO  server.RaftServerConfigKeys (ConfUtils.java:logGet(46)) - raft.server.write.follower.gap.ratio.max = -1.0 (default)
2022-05-26 01:42:49,080 [om1@group-C5BA1605619E-LeaderElection1] INFO  impl.RoleInfo (RoleInfo.java:updateAndGet(139)) - om1: start om1@group-C5BA1605619E-LeaderStateImpl
2022-05-26 01:42:49,092 [Datanode State Machine Task Thread - 0] INFO  datanode.InitDatanodeState (InitDatanodeState.java:persistContainerDatanodeDetails(138)) - DatanodeDetails is persisted to /home/runner/work/ozone/ozone/hadoop-ozone/integration-test/target/test-dir/MiniOzoneClusterImpl-4cee1738-eecc-4734-9a97-ff8680d0f2db/datanode-0/meta/datanode.id
2022-05-26 01:42:49,092 [Listener at 127.0.0.1/44561] INFO  volume.StorageVolumeChecker (StorageVolumeChecker.java:checkAllVolumes(202)) - Scheduled health check for volume /home/runner/work/ozone/ozone/hadoop-ozone/integration-test/target/test-dir/MiniOzoneClusterImpl-4cee1738-eecc-4734-9a97-ff8680d0f2db/datanode-1/data-0/containers/hdds
2022-05-26 01:42:49,103 [Listener at 127.0.0.1/44561] INFO  volume.MutableVolumeSet (MutableVolumeSet.java:initializeVolumeSet(168)) - Added Volume : /home/runner/work/ozone/ozone/hadoop-ozone/integration-test/target/test-dir/MiniOzoneClusterImpl-4cee1738-eecc-4734-9a97-ff8680d0f2db/datanode-1/data/ratis to VolumeSet
2022-05-26 01:42:49,104 [Listener at 127.0.0.1/44561] INFO  volume.ThrottledAsyncChecker (ThrottledAsyncChecker.java:schedule(141)) - Scheduling a check for /home/runner/work/ozone/ozone/hadoop-ozone/integration-test/target/test-dir/MiniOzoneClusterImpl-4cee1738-eecc-4734-9a97-ff8680d0f2db/datanode-1/data/ratis
2022-05-26 01:42:49,104 [Listener at 127.0.0.1/44561] INFO  volume.StorageVolumeChecker (StorageVolumeChecker.java:checkAllVolumes(202)) - Scheduled health check for volume /home/runner/work/ozone/ozone/hadoop-ozone/integration-test/target/test-dir/MiniOzoneClusterImpl-4cee1738-eecc-4734-9a97-ff8680d0f2db/datanode-1/data/ratis
2022-05-26 01:42:49,129 [Thread-148] INFO  ozoneimpl.ContainerReader (ContainerReader.java:readVolume(172)) - Finish verifying containers on volume /home/runner/work/ozone/ozone/hadoop-ozone/integration-test/target/test-dir/MiniOzoneClusterImpl-4cee1738-eecc-4734-9a97-ff8680d0f2db/datanode-1/data-0/containers/hdds
2022-05-26 01:42:49,135 [Listener at 127.0.0.1/44561] INFO  ozoneimpl.OzoneContainer (OzoneContainer.java:buildContainerSet(257)) - Build ContainerSet costs 0s
2022-05-26 01:42:49,142 [Listener at 127.0.0.1/44561] INFO  server.RaftServer (ConfUtils.java:logGet(46)) - raft.rpc.type = GRPC (default)
2022-05-26 01:42:49,142 [Listener at 127.0.0.1/44561] INFO  grpc.GrpcFactory (GrpcFactory.java:checkPooledByteBufAllocatorUseCacheForAllThreads(48)) - PERFORMANCE WARNING: useCacheForAllThreads is true that may cause Netty to create a lot garbage objects and, as a result, trigger GC.
	It is recommended to disable useCacheForAllThreads by setting -Dorg.apache.ratis.thirdparty.io.netty.allocator.useCacheForAllThreads=false in command line.
2022-05-26 01:42:49,142 [Listener at 127.0.0.1/44561] INFO  grpc.GrpcConfigKeys (ConfUtils.java:logGet(46)) - raft.grpc.admin.port = 0 (custom)
2022-05-26 01:42:49,143 [Listener at 127.0.0.1/44561] INFO  grpc.GrpcConfigKeys (ConfUtils.java:logGet(46)) - raft.grpc.client.port = 0 (custom)
2022-05-26 01:42:49,143 [Listener at 127.0.0.1/44561] INFO  grpc.GrpcConfigKeys (ConfUtils.java:logGet(46)) - raft.grpc.server.port = 0 (default)
2022-05-26 01:42:49,143 [Listener at 127.0.0.1/44561] INFO  server.GrpcService (ConfUtils.java:logGet(46)) - raft.grpc.message.size.max = 32MB (=33554432) (custom)
2022-05-26 01:42:49,143 [Listener at 127.0.0.1/44561] INFO  server.RaftServerConfigKeys (ConfUtils.java:logGet(46)) - raft.server.log.appender.buffer.byte-limit = 33554432 (custom)
2022-05-26 01:42:49,144 [Listener at 127.0.0.1/44561] INFO  server.GrpcService (ConfUtils.java:logGet(46)) - raft.grpc.flow.control.window = 5MB (=5242880) (custom)
2022-05-26 01:42:49,144 [Listener at 127.0.0.1/44561] INFO  server.RaftServerConfigKeys (ConfUtils.java:logGet(46)) - raft.server.rpc.request.timeout = 60s (custom)
2022-05-26 01:42:49,144 [Listener at 127.0.0.1/44561] INFO  grpc.GrpcConfigKeys (ConfUtils.java:logGet(46)) - raft.grpc.server.async.request.thread.pool.cached = true (default)
2022-05-26 01:42:49,144 [Listener at 127.0.0.1/44561] INFO  grpc.GrpcConfigKeys (ConfUtils.java:logGet(46)) - raft.grpc.server.async.request.thread.pool.size = 32 (default)
2022-05-26 01:42:49,145 [Listener at 127.0.0.1/44561] INFO  impl.DataStreamServerImpl (ConfUtils.java:logGet(46)) - raft.datastream.type = DISABLED (default)
2022-05-26 01:42:49,145 [Listener at 127.0.0.1/44561] INFO  server.RaftServerConfigKeys (ConfUtils.java:logGet(46)) - raft.server.threadpool.proxy.cached = true (default)
2022-05-26 01:42:49,146 [Listener at 127.0.0.1/44561] INFO  server.RaftServerConfigKeys (ConfUtils.java:logGet(46)) - raft.server.threadpool.proxy.size = 0 (default)
2022-05-26 01:42:49,146 [Listener at 127.0.0.1/44561] INFO  server.RaftServerConfigKeys (ConfUtils.java:logGet(46)) - raft.server.rpc.slowness.timeout = 300s (custom)
2022-05-26 01:42:49,146 [Listener at 127.0.0.1/44561] INFO  server.RaftServerConfigKeys (ConfUtils.java:logGet(46)) - raft.server.leaderelection.leader.step-down.wait-time = 10s (default)
2022-05-26 01:42:49,146 [Listener at 127.0.0.1/44561] INFO  server.RaftServerConfigKeys (ConfUtils.java:logGet(46)) - raft.server.storage.dir = [/home/runner/work/ozone/ozone/hadoop-ozone/integration-test/target/test-dir/MiniOzoneClusterImpl-4cee1738-eecc-4734-9a97-ff8680d0f2db/datanode-1/data/ratis] (custom)
2022-05-26 01:42:49,135 [om1@group-C5BA1605619E-LeaderElection1] INFO  segmented.SegmentedRaftLogWorker (SegmentedRaftLogWorker.java:startLogSegment(425)) - om1@group-C5BA1605619E-SegmentedRaftLogWorker: Starting segment from index:0
2022-05-26 01:42:49,154 [Listener at 127.0.0.1/44561] INFO  server.XceiverServerGrpc (XceiverServerGrpc.java:<init>(132)) - GrpcServer channel type EpollServerSocketChannel
2022-05-26 01:42:49,173 [Listener at 127.0.0.1/44561] INFO  http.BaseHttpServer (BaseHttpServer.java:newHttpServer2BuilderForOzone(209)) - Starting Web-server for hddsDatanode at: http://0.0.0.0:0
2022-05-26 01:42:49,173 [Listener at 127.0.0.1/44561] INFO  http.BaseHttpServer (BaseHttpServer.java:<init>(107)) - Hadoop Security Enabled: false Ozone Security Enabled: false Ozone HTTP Security Enabled: false 
2022-05-26 01:42:49,174 [Listener at 127.0.0.1/44561] INFO  server.AuthenticationFilter (AuthenticationFilter.java:constructSecretProvider(240)) - Unable to initialize FileSignerSecretProvider, falling back to use random secrets.
2022-05-26 01:42:49,182 [Listener at 127.0.0.1/44561] WARN  http.HttpRequestLog (HttpRequestLog.java:getRequestLog(103)) - Jetty request log can only be enabled using Log4j
2022-05-26 01:42:49,183 [Listener at 127.0.0.1/44561] INFO  http.HttpServer2 (HttpServer2.java:addGlobalFilter(1030)) - Added global filter 'safety' (class=org.apache.hadoop.hdds.server.http.HttpServer2$QuotingInputFilter)
2022-05-26 01:42:49,184 [Listener at 127.0.0.1/44561] INFO  http.HttpServer2 (HttpServer2.java:addFilter(1006)) - Added filter static_user_filter (class=org.apache.hadoop.http.lib.StaticUserWebFilter$StaticUserFilter) to context hddsDatanode
2022-05-26 01:42:49,184 [Listener at 127.0.0.1/44561] INFO  http.HttpServer2 (HttpServer2.java:addFilter(1014)) - Added filter static_user_filter (class=org.apache.hadoop.http.lib.StaticUserWebFilter$StaticUserFilter) to context logs
2022-05-26 01:42:49,185 [Listener at 127.0.0.1/44561] INFO  http.HttpServer2 (HttpServer2.java:addFilter(1014)) - Added filter static_user_filter (class=org.apache.hadoop.http.lib.StaticUserWebFilter$StaticUserFilter) to context static
2022-05-26 01:42:49,186 [Listener at 127.0.0.1/44561] INFO  http.HttpServer2 (HttpServer2.java:bindListener(1249)) - Jetty bound to port 36089
2022-05-26 01:42:49,186 [Listener at 127.0.0.1/44561] INFO  server.Server (Server.java:doStart(375)) - jetty-9.4.43.v20210629; built: 2021-06-30T11:07:22.254Z; git: 526006ecfa3af7f1a27ef3a288e2bef7ea9dd7e8; jvm 1.8.0_332-b09
2022-05-26 01:42:49,210 [om1@group-C5BA1605619E-LeaderElection1] INFO  server.RaftServer$Division (ServerState.java:setRaftConf(393)) - om1@group-C5BA1605619E: set configuration 0: [om1|rpc:localhost:9872|admin:|client:|dataStream:|priority:0], old=null
2022-05-26 01:42:49,216 [Listener at 127.0.0.1/44561] INFO  server.session (DefaultSessionIdManager.java:doStart(334)) - DefaultSessionIdManager workerName=node0
2022-05-26 01:42:49,217 [Listener at 127.0.0.1/44561] INFO  server.session (DefaultSessionIdManager.java:doStart(339)) - No SessionScavenger set, using defaults
2022-05-26 01:42:49,217 [Listener at 127.0.0.1/44561] INFO  server.session (HouseKeeper.java:startScavenging(132)) - node0 Scavenging every 600000ms
2022-05-26 01:42:49,217 [Listener at 127.0.0.1/44561] INFO  handler.ContextHandler (ContextHandler.java:doStart(915)) - Started o.e.j.s.ServletContextHandler@23bd902f{logs,/logs,file:///home/runner/work/ozone/ozone/hadoop-ozone/integration-test/target/log,AVAILABLE}
2022-05-26 01:42:49,218 [Listener at 127.0.0.1/44561] INFO  handler.ContextHandler (ContextHandler.java:doStart(915)) - Started o.e.j.s.ServletContextHandler@605bfc81{static,/static,jar:file:/home/runner/.m2/repository/org/apache/ozone/hdds-container-service/1.3.0-SNAPSHOT/hdds-container-service-1.3.0-SNAPSHOT.jar!/webapps/static,AVAILABLE}
2022-05-26 01:42:49,265 [om1@group-C5BA1605619E-SegmentedRaftLogWorker] INFO  segmented.SegmentedRaftLogWorker (SegmentedRaftLogWorker.java:execute(629)) - om1@group-C5BA1605619E-SegmentedRaftLogWorker: created new log segment /home/runner/work/ozone/ozone/hadoop-ozone/integration-test/target/test-dir/MiniOzoneClusterImpl-4cee1738-eecc-4734-9a97-ff8680d0f2db/ozone-meta/ratis/bf265839-605b-3f16-9796-c5ba1605619e/current/log_inprogress_0
2022-05-26 01:42:49,379 [om1@group-C5BA1605619E-StateMachineUpdater] INFO  ratis.OzoneManagerStateMachine (OzoneManagerStateMachine.java:notifyConfigurationChanged(191)) - Received Configuration change notification from Ratis. New Peer list:
[id: "om1"
address: "localhost:9872"
]
2022-05-26 01:42:49,393 [Listener at 127.0.0.1/44561] INFO  handler.ContextHandler (ContextHandler.java:doStart(915)) - Started o.e.j.w.WebAppContext@44d7ea06{hddsDatanode,/,file:///tmp/jetty-0_0_0_0-36089-hdds-container-service-1_3_0-SNAPSHOT_jar-_-any-2531775759524942054/webapp/,AVAILABLE}{jar:file:/home/runner/.m2/repository/org/apache/ozone/hdds-container-service/1.3.0-SNAPSHOT/hdds-container-service-1.3.0-SNAPSHOT.jar!/webapps/hddsDatanode}
2022-05-26 01:42:49,398 [Listener at 127.0.0.1/44561] INFO  server.AbstractConnector (AbstractConnector.java:doStart(331)) - Started ServerConnector@7b53ea41{HTTP/1.1, (http/1.1)}{0.0.0.0:36089}
2022-05-26 01:42:49,398 [Listener at 127.0.0.1/44561] INFO  server.Server (Server.java:doStart(415)) - Started @8170ms
2022-05-26 01:42:49,399 [Listener at 127.0.0.1/44561] WARN  impl.MetricsSystemImpl (MetricsSystemImpl.java:register(279)) - Sink prometheus already exists!
2022-05-26 01:42:49,399 [Listener at 127.0.0.1/44561] INFO  http.BaseHttpServer (BaseHttpServer.java:updateConnectorAddress(329)) - HTTP server of hddsDatanode listening at http://0.0.0.0:36089
2022-05-26 01:42:49,400 [Datanode State Machine Daemon Thread] INFO  statemachine.DatanodeStateMachine (DatanodeStateMachine.java:lambda$startDaemon$0(481)) - Ozone container server started.
2022-05-26 01:42:49,400 [Listener at 127.0.0.1/44561] WARN  impl.MetricRegistriesImpl (MetricRegistriesImpl.java:addReporterRegistration(111)) - New reporters are added after registries were created. Some metrics will be missing from the reporter. Please add reporter before adding any new registry.
2022-05-26 01:42:49,401 [Listener at 127.0.0.1/44561] WARN  impl.MetricRegistriesImpl (MetricRegistriesImpl.java:addReporterRegistration(111)) - New reporters are added after registries were created. Some metrics will be missing from the reporter. Please add reporter before adding any new registry.
2022-05-26 01:42:49,401 [Listener at 127.0.0.1/44561] INFO  impl.MetricsSystemImpl (MetricsSystemImpl.java:init(158)) - HddsDatanode metrics system started (again)
2022-05-26 01:42:49,413 [Listener at 127.0.0.1/44561] INFO  ozone.HddsDatanodeService (HddsDatanodeService.java:start(236)) - HddsDatanodeService host:fv-az270-854.tacnzluakwdehk1hpragurqkma.bx.internal.cloudapp.net ip:10.1.0.18
2022-05-26 01:42:49,428 [org.apache.hadoop.util.JvmPauseMonitor$Monitor@721b03dc] INFO  util.JvmPauseMonitor (JvmPauseMonitor.java:run(188)) - Starting JVM pause monitor
2022-05-26 01:42:49,446 [Listener at 127.0.0.1/44561] INFO  upgrade.AbstractLayoutVersionManager (AbstractLayoutVersionManager.java:init(79)) - Initializing Layout version manager with metadata layout = ERASURE_CODED_STORAGE_SUPPORT (version = 3), software layout = ERASURE_CODED_STORAGE_SUPPORT (version = 3)
2022-05-26 01:42:49,446 [Datanode State Machine Task Thread - 0] INFO  datanode.InitDatanodeState (InitDatanodeState.java:persistContainerDatanodeDetails(138)) - DatanodeDetails is persisted to /home/runner/work/ozone/ozone/hadoop-ozone/integration-test/target/test-dir/MiniOzoneClusterImpl-4cee1738-eecc-4734-9a97-ff8680d0f2db/datanode-1/meta/datanode.id
2022-05-26 01:42:49,493 [Listener at 127.0.0.1/44561] INFO  reflections.Reflections (Reflections.java:scan(232)) - Reflections took 46 ms to scan 7 urls, producing 127 keys and 292 values 
2022-05-26 01:42:49,495 [Listener at 127.0.0.1/44561] INFO  statemachine.DatanodeStateMachine (DatanodeStateMachine.java:getEndPointTaskThreadPoolSize(233)) - Datanode State Machine Task Thread Pool size 2
2022-05-26 01:42:49,502 [Listener at 127.0.0.1/44561] INFO  volume.HddsVolume (HddsVolume.java:<init>(120)) - Creating HddsVolume: /home/runner/work/ozone/ozone/hadoop-ozone/integration-test/target/test-dir/MiniOzoneClusterImpl-4cee1738-eecc-4734-9a97-ff8680d0f2db/datanode-2/data-0/containers/hdds of storage type : DISK capacity : 9223372036854775807
2022-05-26 01:42:49,503 [Listener at 127.0.0.1/44561] INFO  volume.MutableVolumeSet (MutableVolumeSet.java:initializeVolumeSet(168)) - Added Volume : /home/runner/work/ozone/ozone/hadoop-ozone/integration-test/target/test-dir/MiniOzoneClusterImpl-4cee1738-eecc-4734-9a97-ff8680d0f2db/datanode-2/data-0/containers/hdds to VolumeSet
2022-05-26 01:42:49,503 [Listener at 127.0.0.1/44561] INFO  volume.ThrottledAsyncChecker (ThrottledAsyncChecker.java:schedule(141)) - Scheduling a check for /home/runner/work/ozone/ozone/hadoop-ozone/integration-test/target/test-dir/MiniOzoneClusterImpl-4cee1738-eecc-4734-9a97-ff8680d0f2db/datanode-2/data-0/containers/hdds
2022-05-26 01:42:49,505 [Listener at 127.0.0.1/44561] INFO  volume.StorageVolumeChecker (StorageVolumeChecker.java:checkAllVolumes(202)) - Scheduled health check for volume /home/runner/work/ozone/ozone/hadoop-ozone/integration-test/target/test-dir/MiniOzoneClusterImpl-4cee1738-eecc-4734-9a97-ff8680d0f2db/datanode-2/data-0/containers/hdds
2022-05-26 01:42:49,517 [Listener at 127.0.0.1/44561] INFO  volume.MutableVolumeSet (MutableVolumeSet.java:initializeVolumeSet(168)) - Added Volume : /home/runner/work/ozone/ozone/hadoop-ozone/integration-test/target/test-dir/MiniOzoneClusterImpl-4cee1738-eecc-4734-9a97-ff8680d0f2db/datanode-2/data/ratis to VolumeSet
2022-05-26 01:42:49,517 [Listener at 127.0.0.1/44561] INFO  volume.ThrottledAsyncChecker (ThrottledAsyncChecker.java:schedule(141)) - Scheduling a check for /home/runner/work/ozone/ozone/hadoop-ozone/integration-test/target/test-dir/MiniOzoneClusterImpl-4cee1738-eecc-4734-9a97-ff8680d0f2db/datanode-2/data/ratis
2022-05-26 01:42:49,517 [Listener at 127.0.0.1/44561] INFO  volume.StorageVolumeChecker (StorageVolumeChecker.java:checkAllVolumes(202)) - Scheduled health check for volume /home/runner/work/ozone/ozone/hadoop-ozone/integration-test/target/test-dir/MiniOzoneClusterImpl-4cee1738-eecc-4734-9a97-ff8680d0f2db/datanode-2/data/ratis
2022-05-26 01:42:49,528 [Thread-161] INFO  ozoneimpl.ContainerReader (ContainerReader.java:readVolume(172)) - Finish verifying containers on volume /home/runner/work/ozone/ozone/hadoop-ozone/integration-test/target/test-dir/MiniOzoneClusterImpl-4cee1738-eecc-4734-9a97-ff8680d0f2db/datanode-2/data-0/containers/hdds
2022-05-26 01:42:49,528 [Listener at 127.0.0.1/44561] INFO  ozoneimpl.OzoneContainer (OzoneContainer.java:buildContainerSet(257)) - Build ContainerSet costs 0s
2022-05-26 01:42:49,531 [Listener at 127.0.0.1/44561] INFO  server.RaftServer (ConfUtils.java:logGet(46)) - raft.rpc.type = GRPC (default)
2022-05-26 01:42:49,531 [Listener at 127.0.0.1/44561] INFO  grpc.GrpcFactory (GrpcFactory.java:checkPooledByteBufAllocatorUseCacheForAllThreads(48)) - PERFORMANCE WARNING: useCacheForAllThreads is true that may cause Netty to create a lot garbage objects and, as a result, trigger GC.
	It is recommended to disable useCacheForAllThreads by setting -Dorg.apache.ratis.thirdparty.io.netty.allocator.useCacheForAllThreads=false in command line.
2022-05-26 01:42:49,532 [Listener at 127.0.0.1/44561] INFO  grpc.GrpcConfigKeys (ConfUtils.java:logGet(46)) - raft.grpc.admin.port = 0 (custom)
2022-05-26 01:42:49,532 [Listener at 127.0.0.1/44561] INFO  grpc.GrpcConfigKeys (ConfUtils.java:logGet(46)) - raft.grpc.client.port = 0 (custom)
2022-05-26 01:42:49,532 [Listener at 127.0.0.1/44561] INFO  grpc.GrpcConfigKeys (ConfUtils.java:logGet(46)) - raft.grpc.server.port = 0 (default)
2022-05-26 01:42:49,532 [Listener at 127.0.0.1/44561] INFO  server.GrpcService (ConfUtils.java:logGet(46)) - raft.grpc.message.size.max = 32MB (=33554432) (custom)
2022-05-26 01:42:49,532 [Listener at 127.0.0.1/44561] INFO  server.RaftServerConfigKeys (ConfUtils.java:logGet(46)) - raft.server.log.appender.buffer.byte-limit = 33554432 (custom)
2022-05-26 01:42:49,532 [Listener at 127.0.0.1/44561] INFO  server.GrpcService (ConfUtils.java:logGet(46)) - raft.grpc.flow.control.window = 5MB (=5242880) (custom)
2022-05-26 01:42:49,533 [Listener at 127.0.0.1/44561] INFO  server.RaftServerConfigKeys (ConfUtils.java:logGet(46)) - raft.server.rpc.request.timeout = 60s (custom)
2022-05-26 01:42:49,533 [Listener at 127.0.0.1/44561] INFO  grpc.GrpcConfigKeys (ConfUtils.java:logGet(46)) - raft.grpc.server.async.request.thread.pool.cached = true (default)
2022-05-26 01:42:49,533 [Listener at 127.0.0.1/44561] INFO  grpc.GrpcConfigKeys (ConfUtils.java:logGet(46)) - raft.grpc.server.async.request.thread.pool.size = 32 (default)
2022-05-26 01:42:49,534 [Listener at 127.0.0.1/44561] INFO  impl.DataStreamServerImpl (ConfUtils.java:logGet(46)) - raft.datastream.type = DISABLED (default)
2022-05-26 01:42:49,534 [Listener at 127.0.0.1/44561] INFO  server.RaftServerConfigKeys (ConfUtils.java:logGet(46)) - raft.server.threadpool.proxy.cached = true (default)
2022-05-26 01:42:49,534 [Listener at 127.0.0.1/44561] INFO  server.RaftServerConfigKeys (ConfUtils.java:logGet(46)) - raft.server.threadpool.proxy.size = 0 (default)
2022-05-26 01:42:49,534 [Listener at 127.0.0.1/44561] INFO  server.RaftServerConfigKeys (ConfUtils.java:logGet(46)) - raft.server.rpc.slowness.timeout = 300s (custom)
2022-05-26 01:42:49,535 [Listener at 127.0.0.1/44561] INFO  server.RaftServerConfigKeys (ConfUtils.java:logGet(46)) - raft.server.leaderelection.leader.step-down.wait-time = 10s (default)
2022-05-26 01:42:49,535 [Listener at 127.0.0.1/44561] INFO  server.RaftServerConfigKeys (ConfUtils.java:logGet(46)) - raft.server.storage.dir = [/home/runner/work/ozone/ozone/hadoop-ozone/integration-test/target/test-dir/MiniOzoneClusterImpl-4cee1738-eecc-4734-9a97-ff8680d0f2db/datanode-2/data/ratis] (custom)
2022-05-26 01:42:49,536 [Listener at 127.0.0.1/44561] INFO  server.XceiverServerGrpc (XceiverServerGrpc.java:<init>(132)) - GrpcServer channel type EpollServerSocketChannel
2022-05-26 01:42:49,540 [Listener at 127.0.0.1/44561] INFO  http.BaseHttpServer (BaseHttpServer.java:newHttpServer2BuilderForOzone(209)) - Starting Web-server for hddsDatanode at: http://0.0.0.0:0
2022-05-26 01:42:49,540 [Listener at 127.0.0.1/44561] INFO  http.BaseHttpServer (BaseHttpServer.java:<init>(107)) - Hadoop Security Enabled: false Ozone Security Enabled: false Ozone HTTP Security Enabled: false 
2022-05-26 01:42:49,541 [Listener at 127.0.0.1/44561] INFO  server.AuthenticationFilter (AuthenticationFilter.java:constructSecretProvider(240)) - Unable to initialize FileSignerSecretProvider, falling back to use random secrets.
2022-05-26 01:42:49,544 [Listener at 127.0.0.1/44561] WARN  http.HttpRequestLog (HttpRequestLog.java:getRequestLog(103)) - Jetty request log can only be enabled using Log4j
2022-05-26 01:42:49,545 [Listener at 127.0.0.1/44561] INFO  http.HttpServer2 (HttpServer2.java:addGlobalFilter(1030)) - Added global filter 'safety' (class=org.apache.hadoop.hdds.server.http.HttpServer2$QuotingInputFilter)
2022-05-26 01:42:49,546 [Listener at 127.0.0.1/44561] INFO  http.HttpServer2 (HttpServer2.java:addFilter(1006)) - Added filter static_user_filter (class=org.apache.hadoop.http.lib.StaticUserWebFilter$StaticUserFilter) to context hddsDatanode
2022-05-26 01:42:49,546 [Listener at 127.0.0.1/44561] INFO  http.HttpServer2 (HttpServer2.java:addFilter(1014)) - Added filter static_user_filter (class=org.apache.hadoop.http.lib.StaticUserWebFilter$StaticUserFilter) to context static
2022-05-26 01:42:49,546 [Listener at 127.0.0.1/44561] INFO  http.HttpServer2 (HttpServer2.java:addFilter(1014)) - Added filter static_user_filter (class=org.apache.hadoop.http.lib.StaticUserWebFilter$StaticUserFilter) to context logs
2022-05-26 01:42:49,547 [Listener at 127.0.0.1/44561] INFO  http.HttpServer2 (HttpServer2.java:bindListener(1249)) - Jetty bound to port 39933
2022-05-26 01:42:49,547 [Listener at 127.0.0.1/44561] INFO  server.Server (Server.java:doStart(375)) - jetty-9.4.43.v20210629; built: 2021-06-30T11:07:22.254Z; git: 526006ecfa3af7f1a27ef3a288e2bef7ea9dd7e8; jvm 1.8.0_332-b09
2022-05-26 01:42:49,552 [Listener at 127.0.0.1/44561] INFO  server.session (DefaultSessionIdManager.java:doStart(334)) - DefaultSessionIdManager workerName=node0
2022-05-26 01:42:49,552 [Listener at 127.0.0.1/44561] INFO  server.session (DefaultSessionIdManager.java:doStart(339)) - No SessionScavenger set, using defaults
2022-05-26 01:42:49,553 [Listener at 127.0.0.1/44561] INFO  server.session (HouseKeeper.java:startScavenging(132)) - node0 Scavenging every 600000ms
2022-05-26 01:42:49,553 [Listener at 127.0.0.1/44561] INFO  handler.ContextHandler (ContextHandler.java:doStart(915)) - Started o.e.j.s.ServletContextHandler@90d0815{logs,/logs,file:///home/runner/work/ozone/ozone/hadoop-ozone/integration-test/target/log,AVAILABLE}
2022-05-26 01:42:49,554 [Listener at 127.0.0.1/44561] INFO  handler.ContextHandler (ContextHandler.java:doStart(915)) - Started o.e.j.s.ServletContextHandler@3d435f83{static,/static,jar:file:/home/runner/.m2/repository/org/apache/ozone/hdds-container-service/1.3.0-SNAPSHOT/hdds-container-service-1.3.0-SNAPSHOT.jar!/webapps/static,AVAILABLE}
2022-05-26 01:42:49,713 [Listener at 127.0.0.1/44561] INFO  handler.ContextHandler (ContextHandler.java:doStart(915)) - Started o.e.j.w.WebAppContext@323b4ac5{hddsDatanode,/,file:///tmp/jetty-0_0_0_0-39933-hdds-container-service-1_3_0-SNAPSHOT_jar-_-any-7180462048722034083/webapp/,AVAILABLE}{jar:file:/home/runner/.m2/repository/org/apache/ozone/hdds-container-service/1.3.0-SNAPSHOT/hdds-container-service-1.3.0-SNAPSHOT.jar!/webapps/hddsDatanode}
2022-05-26 01:42:49,718 [Listener at 127.0.0.1/44561] INFO  server.AbstractConnector (AbstractConnector.java:doStart(331)) - Started ServerConnector@74d682d{HTTP/1.1, (http/1.1)}{0.0.0.0:39933}
2022-05-26 01:42:49,718 [Listener at 127.0.0.1/44561] INFO  server.Server (Server.java:doStart(415)) - Started @8489ms
2022-05-26 01:42:49,718 [Listener at 127.0.0.1/44561] WARN  impl.MetricsSystemImpl (MetricsSystemImpl.java:register(279)) - Sink prometheus already exists!
2022-05-26 01:42:49,719 [Listener at 127.0.0.1/44561] INFO  http.BaseHttpServer (BaseHttpServer.java:updateConnectorAddress(329)) - HTTP server of hddsDatanode listening at http://0.0.0.0:39933
2022-05-26 01:42:49,721 [Datanode State Machine Daemon Thread] INFO  statemachine.DatanodeStateMachine (DatanodeStateMachine.java:lambda$startDaemon$0(481)) - Ozone container server started.
2022-05-26 01:42:49,724 [Listener at 127.0.0.1/44561] INFO  ozone.MiniOzoneClusterImpl (MiniOzoneClusterImpl.java:lambda$waitForClusterToBeReady$0(221)) - Waiting for nodes to be ready. Got 0 of 3 DN Heartbeats.
2022-05-26 01:42:49,724 [Listener at 127.0.0.1/44561] INFO  ozone.MiniOzoneClusterImpl (MiniOzoneClusterImpl.java:lambda$waitForClusterToBeReady$0(224)) - Waiting for cluster to exit safe mode
2022-05-26 01:42:49,725 [Listener at 127.0.0.1/44561] INFO  ozone.MiniOzoneClusterImpl (MiniOzoneClusterImpl.java:lambda$waitForClusterToBeReady$0(226)) - SCM became leader
2022-05-26 01:42:49,726 [org.apache.hadoop.util.JvmPauseMonitor$Monitor@26174ca] INFO  util.JvmPauseMonitor (JvmPauseMonitor.java:run(188)) - Starting JVM pause monitor
2022-05-26 01:42:49,727 [Datanode State Machine Task Thread - 0] INFO  datanode.InitDatanodeState (InitDatanodeState.java:persistContainerDatanodeDetails(138)) - DatanodeDetails is persisted to /home/runner/work/ozone/ozone/hadoop-ozone/integration-test/target/test-dir/MiniOzoneClusterImpl-4cee1738-eecc-4734-9a97-ff8680d0f2db/datanode-2/meta/datanode.id
2022-05-26 01:42:50,725 [Listener at 127.0.0.1/44561] INFO  ozone.MiniOzoneClusterImpl (MiniOzoneClusterImpl.java:lambda$waitForClusterToBeReady$0(221)) - Waiting for nodes to be ready. Got 0 of 3 DN Heartbeats.
2022-05-26 01:42:50,725 [Listener at 127.0.0.1/44561] INFO  ozone.MiniOzoneClusterImpl (MiniOzoneClusterImpl.java:lambda$waitForClusterToBeReady$0(224)) - Waiting for cluster to exit safe mode
2022-05-26 01:42:50,726 [Listener at 127.0.0.1/44561] INFO  ozone.MiniOzoneClusterImpl (MiniOzoneClusterImpl.java:lambda$waitForClusterToBeReady$0(226)) - SCM became leader
2022-05-26 01:42:50,978 [EndpointStateMachine task thread for /0.0.0.0:36181 - 0 ] INFO  ozoneimpl.OzoneContainer (OzoneContainer.java:start(335)) - Attempting to start container services.
2022-05-26 01:42:50,980 [EndpointStateMachine task thread for /0.0.0.0:36181 - 0 ] INFO  ozoneimpl.OzoneContainer (OzoneContainer.java:startContainerScrub(270)) - Background container scanner has been disabled.
2022-05-26 01:42:50,982 [EndpointStateMachine task thread for /0.0.0.0:36181 - 0 ] INFO  replication.ReplicationServer (ReplicationServer.java:start(111)) - ReplicationServer is started using port 41033
2022-05-26 01:42:50,984 [EndpointStateMachine task thread for /0.0.0.0:36181 - 0 ] INFO  ratis.XceiverServerRatis (XceiverServerRatis.java:start(481)) - Starting XceiverServerRatis 188e6322-4ef2-4a71-89da-608a29528fbc
2022-05-26 01:42:50,988 [EndpointStateMachine task thread for /0.0.0.0:36181 - 0 ] INFO  server.RaftServer (RaftServerProxy.java:lambda$start$6(382)) - 188e6322-4ef2-4a71-89da-608a29528fbc: start RPC server
2022-05-26 01:42:50,993 [EndpointStateMachine task thread for /0.0.0.0:36181 - 0 ] INFO  server.GrpcService (GrpcService.java:startImpl(260)) - 188e6322-4ef2-4a71-89da-608a29528fbc: GrpcService started, listening on 44013
2022-05-26 01:42:50,994 [EndpointStateMachine task thread for /0.0.0.0:36181 - 0 ] INFO  ratis.XceiverServerRatis (XceiverServerRatis.java:getRealPort(502)) - XceiverServerRatis 188e6322-4ef2-4a71-89da-608a29528fbc is started using port 44013 for RATIS
2022-05-26 01:42:50,994 [EndpointStateMachine task thread for /0.0.0.0:36181 - 0 ] INFO  ratis.XceiverServerRatis (XceiverServerRatis.java:getRealPort(502)) - XceiverServerRatis 188e6322-4ef2-4a71-89da-608a29528fbc is started using port 44013 for RATIS_ADMIN
2022-05-26 01:42:50,994 [EndpointStateMachine task thread for /0.0.0.0:36181 - 0 ] INFO  ratis.XceiverServerRatis (XceiverServerRatis.java:getRealPort(502)) - XceiverServerRatis 188e6322-4ef2-4a71-89da-608a29528fbc is started using port 44013 for RATIS_SERVER
2022-05-26 01:42:50,994 [org.apache.ratis.util.JvmPauseMonitor$$Lambda$677/950145419@625cca4c] INFO  util.JvmPauseMonitor (JvmPauseMonitor.java:run(103)) - JvmPauseMonitor-188e6322-4ef2-4a71-89da-608a29528fbc: Started
2022-05-26 01:42:51,021 [EndpointStateMachine task thread for /0.0.0.0:36181 - 0 ] INFO  server.XceiverServerGrpc (XceiverServerGrpc.java:start(180)) - XceiverServerGrpc 188e6322-4ef2-4a71-89da-608a29528fbc is started using port 45527
2022-05-26 01:42:51,431 [EndpointStateMachine task thread for /0.0.0.0:36181 - 0 ] INFO  ozoneimpl.OzoneContainer (OzoneContainer.java:start(335)) - Attempting to start container services.
2022-05-26 01:42:51,431 [EndpointStateMachine task thread for /0.0.0.0:36181 - 0 ] INFO  ozoneimpl.OzoneContainer (OzoneContainer.java:startContainerScrub(270)) - Background container scanner has been disabled.
2022-05-26 01:42:51,433 [EndpointStateMachine task thread for /0.0.0.0:36181 - 0 ] INFO  replication.ReplicationServer (ReplicationServer.java:start(111)) - ReplicationServer is started using port 42191
2022-05-26 01:42:51,433 [EndpointStateMachine task thread for /0.0.0.0:36181 - 0 ] INFO  ratis.XceiverServerRatis (XceiverServerRatis.java:start(481)) - Starting XceiverServerRatis 62c6bd2b-7e09-4371-b397-0d718b04b31f
2022-05-26 01:42:51,437 [EndpointStateMachine task thread for /0.0.0.0:36181 - 0 ] INFO  server.RaftServer (RaftServerProxy.java:lambda$start$6(382)) - 62c6bd2b-7e09-4371-b397-0d718b04b31f: start RPC server
2022-05-26 01:42:51,438 [EndpointStateMachine task thread for /0.0.0.0:36181 - 0 ] INFO  server.GrpcService (GrpcService.java:startImpl(260)) - 62c6bd2b-7e09-4371-b397-0d718b04b31f: GrpcService started, listening on 43333
2022-05-26 01:42:51,438 [EndpointStateMachine task thread for /0.0.0.0:36181 - 0 ] INFO  ratis.XceiverServerRatis (XceiverServerRatis.java:getRealPort(502)) - XceiverServerRatis 62c6bd2b-7e09-4371-b397-0d718b04b31f is started using port 43333 for RATIS
2022-05-26 01:42:51,438 [EndpointStateMachine task thread for /0.0.0.0:36181 - 0 ] INFO  ratis.XceiverServerRatis (XceiverServerRatis.java:getRealPort(502)) - XceiverServerRatis 62c6bd2b-7e09-4371-b397-0d718b04b31f is started using port 43333 for RATIS_ADMIN
2022-05-26 01:42:51,438 [EndpointStateMachine task thread for /0.0.0.0:36181 - 0 ] INFO  ratis.XceiverServerRatis (XceiverServerRatis.java:getRealPort(502)) - XceiverServerRatis 62c6bd2b-7e09-4371-b397-0d718b04b31f is started using port 43333 for RATIS_SERVER
2022-05-26 01:42:51,446 [org.apache.ratis.util.JvmPauseMonitor$$Lambda$677/950145419@7bf2459] INFO  util.JvmPauseMonitor (JvmPauseMonitor.java:run(103)) - JvmPauseMonitor-62c6bd2b-7e09-4371-b397-0d718b04b31f: Started
2022-05-26 01:42:51,446 [EndpointStateMachine task thread for /0.0.0.0:36181 - 0 ] INFO  server.XceiverServerGrpc (XceiverServerGrpc.java:start(180)) - XceiverServerGrpc 62c6bd2b-7e09-4371-b397-0d718b04b31f is started using port 39201
2022-05-26 01:42:51,726 [Listener at 127.0.0.1/44561] INFO  ozone.MiniOzoneClusterImpl (MiniOzoneClusterImpl.java:lambda$waitForClusterToBeReady$0(221)) - Waiting for nodes to be ready. Got 0 of 3 DN Heartbeats.
2022-05-26 01:42:51,726 [Listener at 127.0.0.1/44561] INFO  ozone.MiniOzoneClusterImpl (MiniOzoneClusterImpl.java:lambda$waitForClusterToBeReady$0(224)) - Waiting for cluster to exit safe mode
2022-05-26 01:42:51,726 [Listener at 127.0.0.1/44561] INFO  ozone.MiniOzoneClusterImpl (MiniOzoneClusterImpl.java:lambda$waitForClusterToBeReady$0(226)) - SCM became leader
2022-05-26 01:42:51,731 [EndpointStateMachine task thread for /0.0.0.0:36181 - 0 ] INFO  ozoneimpl.OzoneContainer (OzoneContainer.java:start(335)) - Attempting to start container services.
2022-05-26 01:42:51,731 [EndpointStateMachine task thread for /0.0.0.0:36181 - 0 ] INFO  ozoneimpl.OzoneContainer (OzoneContainer.java:startContainerScrub(270)) - Background container scanner has been disabled.
2022-05-26 01:42:51,733 [EndpointStateMachine task thread for /0.0.0.0:36181 - 0 ] INFO  replication.ReplicationServer (ReplicationServer.java:start(111)) - ReplicationServer is started using port 34015
2022-05-26 01:42:51,733 [EndpointStateMachine task thread for /0.0.0.0:36181 - 0 ] INFO  ratis.XceiverServerRatis (XceiverServerRatis.java:start(481)) - Starting XceiverServerRatis d2fc9f26-dffe-4229-be93-2517f0a7bdfc
2022-05-26 01:42:51,734 [EndpointStateMachine task thread for /0.0.0.0:36181 - 0 ] INFO  server.RaftServer (RaftServerProxy.java:lambda$start$6(382)) - d2fc9f26-dffe-4229-be93-2517f0a7bdfc: start RPC server
2022-05-26 01:42:51,735 [EndpointStateMachine task thread for /0.0.0.0:36181 - 0 ] INFO  server.GrpcService (GrpcService.java:startImpl(260)) - d2fc9f26-dffe-4229-be93-2517f0a7bdfc: GrpcService started, listening on 41827
2022-05-26 01:42:51,736 [EndpointStateMachine task thread for /0.0.0.0:36181 - 0 ] INFO  ratis.XceiverServerRatis (XceiverServerRatis.java:getRealPort(502)) - XceiverServerRatis d2fc9f26-dffe-4229-be93-2517f0a7bdfc is started using port 41827 for RATIS
2022-05-26 01:42:51,736 [org.apache.ratis.util.JvmPauseMonitor$$Lambda$677/950145419@5072d234] INFO  util.JvmPauseMonitor (JvmPauseMonitor.java:run(103)) - JvmPauseMonitor-d2fc9f26-dffe-4229-be93-2517f0a7bdfc: Started
2022-05-26 01:42:51,736 [EndpointStateMachine task thread for /0.0.0.0:36181 - 0 ] INFO  ratis.XceiverServerRatis (XceiverServerRatis.java:getRealPort(502)) - XceiverServerRatis d2fc9f26-dffe-4229-be93-2517f0a7bdfc is started using port 41827 for RATIS_ADMIN
2022-05-26 01:42:51,736 [EndpointStateMachine task thread for /0.0.0.0:36181 - 0 ] INFO  ratis.XceiverServerRatis (XceiverServerRatis.java:getRealPort(502)) - XceiverServerRatis d2fc9f26-dffe-4229-be93-2517f0a7bdfc is started using port 41827 for RATIS_SERVER
2022-05-26 01:42:51,738 [EndpointStateMachine task thread for /0.0.0.0:36181 - 0 ] INFO  server.XceiverServerGrpc (XceiverServerGrpc.java:start(180)) - XceiverServerGrpc d2fc9f26-dffe-4229-be93-2517f0a7bdfc is started using port 38341
2022-05-26 01:42:52,727 [Listener at 127.0.0.1/44561] INFO  ozone.MiniOzoneClusterImpl (MiniOzoneClusterImpl.java:lambda$waitForClusterToBeReady$0(221)) - Waiting for nodes to be ready. Got 0 of 3 DN Heartbeats.
2022-05-26 01:42:52,727 [Listener at 127.0.0.1/44561] INFO  ozone.MiniOzoneClusterImpl (MiniOzoneClusterImpl.java:lambda$waitForClusterToBeReady$0(224)) - Waiting for cluster to exit safe mode
2022-05-26 01:42:52,727 [Listener at 127.0.0.1/44561] INFO  ozone.MiniOzoneClusterImpl (MiniOzoneClusterImpl.java:lambda$waitForClusterToBeReady$0(226)) - SCM became leader
2022-05-26 01:42:52,933 [IPC Server handler 15 on default port 36181] INFO  net.NetworkTopologyImpl (NetworkTopologyImpl.java:add(112)) - Added a new node: /default-rack/188e6322-4ef2-4a71-89da-608a29528fbc
2022-05-26 01:42:52,935 [IPC Server handler 15 on default port 36181] INFO  node.SCMNodeManager (SCMNodeManager.java:register(393)) - Registered Data node : 188e6322-4ef2-4a71-89da-608a29528fbc{ip: 10.1.0.18, host: fv-az270-854.tacnzluakwdehk1hpragurqkma.bx.internal.cloudapp.net, ports: [REPLICATION=41033, RATIS=44013, RATIS_ADMIN=44013, RATIS_SERVER=44013, STANDALONE=45527], networkLocation: /default-rack, certSerialId: null, persistedOpState: null, persistedOpStateExpiryEpochSec: 0}
2022-05-26 01:42:52,939 [EventQueue-NewNodeForNewNodeHandler] INFO  pipeline.BackgroundPipelineCreator (BackgroundPipelineCreator.java:notifyEventTriggered(272)) - trigger a one-shot run on RatisPipelineUtilsThread.
2022-05-26 01:42:52,949 [EventQueue-NodeRegistrationContainerReportForContainerSafeModeRule] INFO  safemode.SCMSafeModeManager (SCMSafeModeManager.java:validateSafeModeExitRules(204)) - ContainerSafeModeRule rule is successfully validated
2022-05-26 01:42:52,949 [EventQueue-NodeRegistrationContainerReportForDataNodeSafeModeRule] INFO  safemode.SCMSafeModeManager (DataNodeSafeModeRule.java:process(71)) - SCM in safe mode. 1 DataNodes registered, 3 required.
2022-05-26 01:42:52,953 [EventQueue-PipelineReportForOneReplicaPipelineSafeModeRule] INFO  safemode.SCMSafeModeManager (SCMSafeModeManager.java:validateSafeModeExitRules(204)) - AtleastOneDatanodeReportedRule rule is successfully validated
2022-05-26 01:42:52,953 [RatisPipelineUtilsThread - 0] INFO  pipeline.RatisPipelineProvider (RatisPipelineProvider.java:lambda$create$0(195)) - Sending CreatePipelineCommand for pipeline:PipelineID=381d11b0-1194-4070-babd-2a83b72e6dca to datanode:188e6322-4ef2-4a71-89da-608a29528fbc
2022-05-26 01:42:52,965 [RatisPipelineUtilsThread - 0] INFO  pipeline.PipelineStateManagerImpl (PipelineStateManagerImpl.java:addPipeline(101)) - Created pipeline Pipeline[ Id: 381d11b0-1194-4070-babd-2a83b72e6dca, Nodes: 188e6322-4ef2-4a71-89da-608a29528fbc{ip: 10.1.0.18, host: fv-az270-854.tacnzluakwdehk1hpragurqkma.bx.internal.cloudapp.net, ports: [REPLICATION=41033, RATIS=44013, RATIS_ADMIN=44013, RATIS_SERVER=44013, STANDALONE=45527], networkLocation: /default-rack, certSerialId: null, persistedOpState: IN_SERVICE, persistedOpStateExpiryEpochSec: 0}, ReplicationConfig: RATIS/ONE, State:ALLOCATED, leaderId:, CreationTimestamp2022-05-26T01:42:52.946Z[Etc/UTC]].
2022-05-26 01:42:53,429 [IPC Server handler 16 on default port 36181] INFO  net.NetworkTopologyImpl (NetworkTopologyImpl.java:add(112)) - Added a new node: /default-rack/62c6bd2b-7e09-4371-b397-0d718b04b31f
2022-05-26 01:42:53,429 [IPC Server handler 16 on default port 36181] INFO  node.SCMNodeManager (SCMNodeManager.java:register(393)) - Registered Data node : 62c6bd2b-7e09-4371-b397-0d718b04b31f{ip: 10.1.0.18, host: fv-az270-854.tacnzluakwdehk1hpragurqkma.bx.internal.cloudapp.net, ports: [REPLICATION=42191, RATIS=43333, RATIS_ADMIN=43333, RATIS_SERVER=43333, STANDALONE=39201], networkLocation: /default-rack, certSerialId: null, persistedOpState: null, persistedOpStateExpiryEpochSec: 0}
2022-05-26 01:42:53,430 [EventQueue-NewNodeForNewNodeHandler] INFO  pipeline.BackgroundPipelineCreator (BackgroundPipelineCreator.java:notifyEventTriggered(272)) - trigger a one-shot run on RatisPipelineUtilsThread.
2022-05-26 01:42:53,430 [EventQueue-NodeRegistrationContainerReportForDataNodeSafeModeRule] INFO  safemode.SCMSafeModeManager (DataNodeSafeModeRule.java:process(71)) - SCM in safe mode. 2 DataNodes registered, 3 required.
2022-05-26 01:42:53,432 [RatisPipelineUtilsThread - 0] INFO  pipeline.RatisPipelineProvider (RatisPipelineProvider.java:lambda$create$0(195)) - Sending CreatePipelineCommand for pipeline:PipelineID=2f002a2a-2124-4196-8ccc-f27048ea8597 to datanode:62c6bd2b-7e09-4371-b397-0d718b04b31f
2022-05-26 01:42:53,433 [RatisPipelineUtilsThread - 0] INFO  pipeline.PipelineStateManagerImpl (PipelineStateManagerImpl.java:addPipeline(101)) - Created pipeline Pipeline[ Id: 2f002a2a-2124-4196-8ccc-f27048ea8597, Nodes: 62c6bd2b-7e09-4371-b397-0d718b04b31f{ip: 10.1.0.18, host: fv-az270-854.tacnzluakwdehk1hpragurqkma.bx.internal.cloudapp.net, ports: [REPLICATION=42191, RATIS=43333, RATIS_ADMIN=43333, RATIS_SERVER=43333, STANDALONE=39201], networkLocation: /default-rack, certSerialId: null, persistedOpState: IN_SERVICE, persistedOpStateExpiryEpochSec: 0}, ReplicationConfig: RATIS/ONE, State:ALLOCATED, leaderId:, CreationTimestamp2022-05-26T01:42:53.432Z[Etc/UTC]].
2022-05-26 01:42:53,728 [IPC Server handler 17 on default port 36181] INFO  net.NetworkTopologyImpl (NetworkTopologyImpl.java:add(112)) - Added a new node: /default-rack/d2fc9f26-dffe-4229-be93-2517f0a7bdfc
2022-05-26 01:42:53,728 [IPC Server handler 17 on default port 36181] INFO  node.SCMNodeManager (SCMNodeManager.java:register(393)) - Registered Data node : d2fc9f26-dffe-4229-be93-2517f0a7bdfc{ip: 10.1.0.18, host: fv-az270-854.tacnzluakwdehk1hpragurqkma.bx.internal.cloudapp.net, ports: [REPLICATION=34015, RATIS=41827, RATIS_ADMIN=41827, RATIS_SERVER=41827, STANDALONE=38341], networkLocation: /default-rack, certSerialId: null, persistedOpState: null, persistedOpStateExpiryEpochSec: 0}
2022-05-26 01:42:53,729 [Listener at 127.0.0.1/44561] INFO  ozone.MiniOzoneClusterImpl (MiniOzoneClusterImpl.java:lambda$waitForClusterToBeReady$0(221)) - Nodes are ready. Got 3 of 3 DN Heartbeats.
2022-05-26 01:42:53,730 [Listener at 127.0.0.1/44561] INFO  ozone.MiniOzoneClusterImpl (MiniOzoneClusterImpl.java:lambda$waitForClusterToBeReady$0(224)) - Waiting for cluster to exit safe mode
2022-05-26 01:42:53,730 [Listener at 127.0.0.1/44561] INFO  ozone.MiniOzoneClusterImpl (MiniOzoneClusterImpl.java:lambda$waitForClusterToBeReady$0(226)) - SCM became leader
2022-05-26 01:42:53,729 [EventQueue-NodeRegistrationContainerReportForDataNodeSafeModeRule] INFO  safemode.SCMSafeModeManager (DataNodeSafeModeRule.java:process(71)) - SCM in safe mode. 3 DataNodes registered, 3 required.
2022-05-26 01:42:53,730 [EventQueue-NodeRegistrationContainerReportForDataNodeSafeModeRule] INFO  safemode.SCMSafeModeManager (SCMSafeModeManager.java:validateSafeModeExitRules(204)) - DataNodeSafeModeRule rule is successfully validated
2022-05-26 01:42:53,730 [EventQueue-NodeRegistrationContainerReportForDataNodeSafeModeRule] INFO  safemode.SCMSafeModeManager (SCMSafeModeManager.java:completePreCheck(233)) - All SCM safe mode pre check rules have passed
2022-05-26 01:42:53,730 [EventQueue-NodeRegistrationContainerReportForDataNodeSafeModeRule] WARN  events.EventQueue (EventQueue.java:fireEvent(194)) - No event handler registered for event TypedEvent{payloadType=SafeModeStatus, name='Safe mode status'}
2022-05-26 01:42:53,730 [EventQueue-NodeRegistrationContainerReportForDataNodeSafeModeRule] INFO  ha.SCMContext (SCMContext.java:updateSafeModeStatus(211)) - Update SafeModeStatus from SafeModeStatus{safeModeStatus=true, preCheckPassed=false} to SafeModeStatus{safeModeStatus=true, preCheckPassed=true}.
2022-05-26 01:42:53,729 [EventQueue-NewNodeForNewNodeHandler] INFO  pipeline.BackgroundPipelineCreator (BackgroundPipelineCreator.java:notifyEventTriggered(272)) - trigger a one-shot run on RatisPipelineUtilsThread.
2022-05-26 01:42:53,730 [EventQueue-NodeRegistrationContainerReportForDataNodeSafeModeRule] INFO  pipeline.BackgroundPipelineCreator (BackgroundPipelineCreator.java:notifyEventTriggered(272)) - trigger a one-shot run on RatisPipelineUtilsThread.
2022-05-26 01:42:53,731 [RatisPipelineUtilsThread - 0] INFO  pipeline.RatisPipelineProvider (RatisPipelineProvider.java:lambda$create$0(195)) - Sending CreatePipelineCommand for pipeline:PipelineID=a3e472b6-791c-41d8-bb52-65cdf20291ec to datanode:d2fc9f26-dffe-4229-be93-2517f0a7bdfc
2022-05-26 01:42:53,731 [RatisPipelineUtilsThread - 0] INFO  pipeline.PipelineStateManagerImpl (PipelineStateManagerImpl.java:addPipeline(101)) - Created pipeline Pipeline[ Id: a3e472b6-791c-41d8-bb52-65cdf20291ec, Nodes: d2fc9f26-dffe-4229-be93-2517f0a7bdfc{ip: 10.1.0.18, host: fv-az270-854.tacnzluakwdehk1hpragurqkma.bx.internal.cloudapp.net, ports: [REPLICATION=34015, RATIS=41827, RATIS_ADMIN=41827, RATIS_SERVER=41827, STANDALONE=38341], networkLocation: /default-rack, certSerialId: null, persistedOpState: IN_SERVICE, persistedOpStateExpiryEpochSec: 0}, ReplicationConfig: RATIS/ONE, State:ALLOCATED, leaderId:, CreationTimestamp2022-05-26T01:42:53.731Z[Etc/UTC]].
2022-05-26 01:42:53,735 [RatisPipelineUtilsThread - 0] INFO  pipeline.RatisPipelineProvider (RatisPipelineProvider.java:lambda$create$0(195)) - Sending CreatePipelineCommand for pipeline:PipelineID=b8c7afba-3c46-46aa-912d-ea0d25b9cdfa to datanode:62c6bd2b-7e09-4371-b397-0d718b04b31f
2022-05-26 01:42:53,735 [RatisPipelineUtilsThread - 0] INFO  pipeline.RatisPipelineProvider (RatisPipelineProvider.java:lambda$create$0(195)) - Sending CreatePipelineCommand for pipeline:PipelineID=b8c7afba-3c46-46aa-912d-ea0d25b9cdfa to datanode:d2fc9f26-dffe-4229-be93-2517f0a7bdfc
2022-05-26 01:42:53,735 [RatisPipelineUtilsThread - 0] INFO  pipeline.RatisPipelineProvider (RatisPipelineProvider.java:lambda$create$0(195)) - Sending CreatePipelineCommand for pipeline:PipelineID=b8c7afba-3c46-46aa-912d-ea0d25b9cdfa to datanode:188e6322-4ef2-4a71-89da-608a29528fbc
2022-05-26 01:42:53,736 [RatisPipelineUtilsThread - 0] INFO  pipeline.PipelineStateManagerImpl (PipelineStateManagerImpl.java:addPipeline(101)) - Created pipeline Pipeline[ Id: b8c7afba-3c46-46aa-912d-ea0d25b9cdfa, Nodes: 62c6bd2b-7e09-4371-b397-0d718b04b31f{ip: 10.1.0.18, host: fv-az270-854.tacnzluakwdehk1hpragurqkma.bx.internal.cloudapp.net, ports: [REPLICATION=42191, RATIS=43333, RATIS_ADMIN=43333, RATIS_SERVER=43333, STANDALONE=39201], networkLocation: /default-rack, certSerialId: null, persistedOpState: IN_SERVICE, persistedOpStateExpiryEpochSec: 0}d2fc9f26-dffe-4229-be93-2517f0a7bdfc{ip: 10.1.0.18, host: fv-az270-854.tacnzluakwdehk1hpragurqkma.bx.internal.cloudapp.net, ports: [REPLICATION=34015, RATIS=41827, RATIS_ADMIN=41827, RATIS_SERVER=41827, STANDALONE=38341], networkLocation: /default-rack, certSerialId: null, persistedOpState: IN_SERVICE, persistedOpStateExpiryEpochSec: 0}188e6322-4ef2-4a71-89da-608a29528fbc{ip: 10.1.0.18, host: fv-az270-854.tacnzluakwdehk1hpragurqkma.bx.internal.cloudapp.net, ports: [REPLICATION=41033, RATIS=44013, RATIS_ADMIN=44013, RATIS_SERVER=44013, STANDALONE=45527], networkLocation: /default-rack, certSerialId: null, persistedOpState: IN_SERVICE, persistedOpStateExpiryEpochSec: 0}, ReplicationConfig: RATIS/THREE, State:ALLOCATED, leaderId:, CreationTimestamp2022-05-26T01:42:53.735Z[Etc/UTC]].
2022-05-26 01:42:53,737 [RatisPipelineUtilsThread - 0] INFO  pipeline.RatisPipelineProvider (RatisPipelineProvider.java:lambda$create$0(195)) - Sending CreatePipelineCommand for pipeline:PipelineID=6ad3a23f-af96-4d37-b37a-35d5594b81f9 to datanode:62c6bd2b-7e09-4371-b397-0d718b04b31f
2022-05-26 01:42:53,737 [RatisPipelineUtilsThread - 0] INFO  pipeline.RatisPipelineProvider (RatisPipelineProvider.java:lambda$create$0(195)) - Sending CreatePipelineCommand for pipeline:PipelineID=6ad3a23f-af96-4d37-b37a-35d5594b81f9 to datanode:d2fc9f26-dffe-4229-be93-2517f0a7bdfc
2022-05-26 01:42:53,737 [RatisPipelineUtilsThread - 0] INFO  pipeline.RatisPipelineProvider (RatisPipelineProvider.java:lambda$create$0(195)) - Sending CreatePipelineCommand for pipeline:PipelineID=6ad3a23f-af96-4d37-b37a-35d5594b81f9 to datanode:188e6322-4ef2-4a71-89da-608a29528fbc
2022-05-26 01:42:53,738 [RatisPipelineUtilsThread - 0] INFO  pipeline.PipelineStateManagerImpl (PipelineStateManagerImpl.java:addPipeline(101)) - Created pipeline Pipeline[ Id: 6ad3a23f-af96-4d37-b37a-35d5594b81f9, Nodes: 62c6bd2b-7e09-4371-b397-0d718b04b31f{ip: 10.1.0.18, host: fv-az270-854.tacnzluakwdehk1hpragurqkma.bx.internal.cloudapp.net, ports: [REPLICATION=42191, RATIS=43333, RATIS_ADMIN=43333, RATIS_SERVER=43333, STANDALONE=39201], networkLocation: /default-rack, certSerialId: null, persistedOpState: IN_SERVICE, persistedOpStateExpiryEpochSec: 0}d2fc9f26-dffe-4229-be93-2517f0a7bdfc{ip: 10.1.0.18, host: fv-az270-854.tacnzluakwdehk1hpragurqkma.bx.internal.cloudapp.net, ports: [REPLICATION=34015, RATIS=41827, RATIS_ADMIN=41827, RATIS_SERVER=41827, STANDALONE=38341], networkLocation: /default-rack, certSerialId: null, persistedOpState: IN_SERVICE, persistedOpStateExpiryEpochSec: 0}188e6322-4ef2-4a71-89da-608a29528fbc{ip: 10.1.0.18, host: fv-az270-854.tacnzluakwdehk1hpragurqkma.bx.internal.cloudapp.net, ports: [REPLICATION=41033, RATIS=44013, RATIS_ADMIN=44013, RATIS_SERVER=44013, STANDALONE=45527], networkLocation: /default-rack, certSerialId: null, persistedOpState: IN_SERVICE, persistedOpStateExpiryEpochSec: 0}, ReplicationConfig: RATIS/THREE, State:ALLOCATED, leaderId:, CreationTimestamp2022-05-26T01:42:53.737Z[Etc/UTC]].
2022-05-26 01:42:53,738 [RatisPipelineUtilsThread - 0] INFO  pipeline.PipelineManagerImpl (PipelineManagerImpl.java:recordMetricsForPipeline(695)) - Pipeline: PipelineID=6ad3a23f-af96-4d37-b37a-35d5594b81f9 contains same datanodes as previous pipelines: PipelineID=b8c7afba-3c46-46aa-912d-ea0d25b9cdfa nodeIds: 62c6bd2b-7e09-4371-b397-0d718b04b31f, d2fc9f26-dffe-4229-be93-2517f0a7bdfc, 188e6322-4ef2-4a71-89da-608a29528fbc
2022-05-26 01:42:54,730 [Listener at 127.0.0.1/44561] INFO  ozone.MiniOzoneClusterImpl (MiniOzoneClusterImpl.java:lambda$waitForClusterToBeReady$0(221)) - Nodes are ready. Got 3 of 3 DN Heartbeats.
2022-05-26 01:42:54,731 [Listener at 127.0.0.1/44561] INFO  ozone.MiniOzoneClusterImpl (MiniOzoneClusterImpl.java:lambda$waitForClusterToBeReady$0(224)) - Waiting for cluster to exit safe mode
2022-05-26 01:42:54,731 [Listener at 127.0.0.1/44561] INFO  ozone.MiniOzoneClusterImpl (MiniOzoneClusterImpl.java:lambda$waitForClusterToBeReady$0(226)) - SCM became leader
2022-05-26 01:42:55,731 [Listener at 127.0.0.1/44561] INFO  ozone.MiniOzoneClusterImpl (MiniOzoneClusterImpl.java:lambda$waitForClusterToBeReady$0(221)) - Nodes are ready. Got 3 of 3 DN Heartbeats.
2022-05-26 01:42:55,731 [Listener at 127.0.0.1/44561] INFO  ozone.MiniOzoneClusterImpl (MiniOzoneClusterImpl.java:lambda$waitForClusterToBeReady$0(224)) - Waiting for cluster to exit safe mode
2022-05-26 01:42:55,731 [Listener at 127.0.0.1/44561] INFO  ozone.MiniOzoneClusterImpl (MiniOzoneClusterImpl.java:lambda$waitForClusterToBeReady$0(226)) - SCM became leader
2022-05-26 01:42:55,918 [Command processor thread] INFO  server.RaftServer (RaftServerProxy.java:addNew(96)) - 188e6322-4ef2-4a71-89da-608a29528fbc: addNew group-2A83B72E6DCA:[188e6322-4ef2-4a71-89da-608a29528fbc|rpc:10.1.0.18:44013|priority:1] returns group-2A83B72E6DCA:java.util.concurrent.CompletableFuture@6171235[Not completed]
2022-05-26 01:42:55,933 [pool-68-thread-1] INFO  server.RaftServer$Division (RaftServerImpl.java:<init>(190)) - 188e6322-4ef2-4a71-89da-608a29528fbc: new RaftServerImpl for group-2A83B72E6DCA:[188e6322-4ef2-4a71-89da-608a29528fbc|rpc:10.1.0.18:44013|priority:1] with ContainerStateMachine:uninitialized
2022-05-26 01:42:55,933 [pool-68-thread-1] INFO  server.RaftServerConfigKeys (ConfUtils.java:logGet(46)) - raft.server.rpc.timeout.min = 5s (custom)
2022-05-26 01:42:55,933 [pool-68-thread-1] INFO  server.RaftServerConfigKeys (ConfUtils.java:logGet(46)) - raft.server.rpc.timeout.max = 5200ms (custom)
2022-05-26 01:42:55,933 [pool-68-thread-1] INFO  server.RaftServerConfigKeys (ConfUtils.java:logGet(46)) - raft.server.rpc.sleep.time = 25ms (default)
2022-05-26 01:42:55,933 [pool-68-thread-1] INFO  server.RaftServerConfigKeys (ConfUtils.java:logGet(46)) - raft.server.rpc.slowness.timeout = 300s (custom)
2022-05-26 01:42:55,933 [pool-68-thread-1] INFO  server.RaftServerConfigKeys (ConfUtils.java:logGet(46)) - raft.server.leaderelection.leader.step-down.wait-time = 10s (default)
2022-05-26 01:42:55,933 [pool-68-thread-1] INFO  server.RaftServerConfigKeys (ConfUtils.java:logGet(46)) - raft.server.sleep.deviation.threshold = 300ms (default)
2022-05-26 01:42:55,933 [pool-68-thread-1] INFO  server.RaftServer$Division (ServerState.java:<init>(107)) - 188e6322-4ef2-4a71-89da-608a29528fbc@group-2A83B72E6DCA: ConfigurationManager, init=-1: [188e6322-4ef2-4a71-89da-608a29528fbc|rpc:10.1.0.18:44013|priority:1], old=null, confs=<EMPTY_MAP>
2022-05-26 01:42:55,934 [pool-68-thread-1] INFO  server.RaftServerConfigKeys (ConfUtils.java:logGet(46)) - raft.server.storage.dir = [/home/runner/work/ozone/ozone/hadoop-ozone/integration-test/target/test-dir/MiniOzoneClusterImpl-4cee1738-eecc-4734-9a97-ff8680d0f2db/datanode-0/data/ratis] (custom)
2022-05-26 01:42:55,934 [pool-68-thread-1] INFO  server.RaftServerConfigKeys (ConfUtils.java:logGet(46)) - raft.server.log.corruption.policy = EXCEPTION (default)
2022-05-26 01:42:55,934 [pool-68-thread-1] INFO  server.RaftServerConfigKeys (ConfUtils.java:logGet(46)) - raft.server.storage.free-space.min = 0MB (=0) (default)
2022-05-26 01:42:55,934 [pool-68-thread-1] INFO  storage.RaftStorageDirectory (RaftStorageDirectoryImpl.java:analyzeStorage(135)) - The storage directory /home/runner/work/ozone/ozone/hadoop-ozone/integration-test/target/test-dir/MiniOzoneClusterImpl-4cee1738-eecc-4734-9a97-ff8680d0f2db/datanode-0/data/ratis/381d11b0-1194-4070-babd-2a83b72e6dca does not exist. Creating ...
2022-05-26 01:42:55,938 [pool-68-thread-1] INFO  storage.RaftStorageDirectory (RaftStorageDirectoryImpl.java:tryLock(230)) - Lock on /home/runner/work/ozone/ozone/hadoop-ozone/integration-test/target/test-dir/MiniOzoneClusterImpl-4cee1738-eecc-4734-9a97-ff8680d0f2db/datanode-0/data/ratis/381d11b0-1194-4070-babd-2a83b72e6dca/in_use.lock acquired by nodename 11847@fv-az270-854
2022-05-26 01:42:55,939 [pool-68-thread-1] INFO  storage.RaftStorage (RaftStorageImpl.java:format(89)) - Storage directory /home/runner/work/ozone/ozone/hadoop-ozone/integration-test/target/test-dir/MiniOzoneClusterImpl-4cee1738-eecc-4734-9a97-ff8680d0f2db/datanode-0/data/ratis/381d11b0-1194-4070-babd-2a83b72e6dca has been successfully formatted.
2022-05-26 01:42:55,950 [pool-68-thread-1] INFO  ratis.ContainerStateMachine (ContainerStateMachine.java:loadSnapshot(236)) - group-2A83B72E6DCA: The snapshot info is null. Setting the last applied indexto:(t:0, i:~)
2022-05-26 01:42:55,950 [pool-68-thread-1] INFO  server.RaftServerConfigKeys (ConfUtils.java:logGet(46)) - raft.server.notification.no-leader.timeout = 300s (custom)
2022-05-26 01:42:55,950 [pool-68-thread-1] INFO  server.RaftServerConfigKeys (ConfUtils.java:logGet(46)) - raft.server.log.use.memory = false (default)
2022-05-26 01:42:55,950 [pool-68-thread-1] INFO  server.RaftServerConfigKeys (ConfUtils.java:logGet(46)) - raft.server.log.purge.gap = 1000000 (custom)
2022-05-26 01:42:55,950 [pool-68-thread-1] INFO  server.RaftServerConfigKeys (ConfUtils.java:logGet(46)) - raft.server.log.appender.buffer.byte-limit = 33554432 (custom)
2022-05-26 01:42:55,951 [pool-68-thread-1] INFO  server.RaftServerConfigKeys (ConfUtils.java:logGet(46)) - raft.server.log.statemachine.data.read.timeout = 1000ms (default)
2022-05-26 01:42:55,951 [pool-68-thread-1] INFO  server.RaftServerConfigKeys (ConfUtils.java:logGet(46)) - raft.server.log.segment.size.max = 1048576 (custom)
2022-05-26 01:42:55,961 [pool-68-thread-1] INFO  server.RaftServerConfigKeys (ConfUtils.java:logGet(46)) - raft.server.log.segment.cache.num.max = 2 (custom)
2022-05-26 01:42:55,961 [pool-68-thread-1] INFO  server.RaftServerConfigKeys (ConfUtils.java:logGet(46)) - raft.server.log.segment.cache.size.max = 200MB (=209715200) (default)
2022-05-26 01:42:55,961 [pool-68-thread-1] INFO  segmented.SegmentedRaftLogWorker (SegmentedRaftLogWorker.java:<init>(187)) - new 188e6322-4ef2-4a71-89da-608a29528fbc@group-2A83B72E6DCA-SegmentedRaftLogWorker for RaftStorageImpl:Storage Directory /home/runner/work/ozone/ozone/hadoop-ozone/integration-test/target/test-dir/MiniOzoneClusterImpl-4cee1738-eecc-4734-9a97-ff8680d0f2db/datanode-0/data/ratis/381d11b0-1194-4070-babd-2a83b72e6dca
2022-05-26 01:42:55,961 [pool-68-thread-1] INFO  server.RaftServerConfigKeys (ConfUtils.java:logGet(46)) - raft.server.log.queue.byte-limit = 4294967296 (custom)
2022-05-26 01:42:55,961 [pool-68-thread-1] INFO  server.RaftServerConfigKeys (ConfUtils.java:logGet(46)) - raft.server.log.queue.element-limit = 1024 (custom)
2022-05-26 01:42:55,961 [pool-68-thread-1] INFO  server.RaftServerConfigKeys (ConfUtils.java:logGet(46)) - raft.server.log.segment.size.max = 1048576 (custom)
2022-05-26 01:42:55,961 [pool-68-thread-1] INFO  server.RaftServerConfigKeys (ConfUtils.java:logGet(46)) - raft.server.log.preallocated.size = 16384 (custom)
2022-05-26 01:42:55,961 [pool-68-thread-1] INFO  server.RaftServerConfigKeys (ConfUtils.java:logGet(46)) - raft.server.log.force.sync.num = 128 (default)
2022-05-26 01:42:55,961 [pool-68-thread-1] INFO  server.RaftServerConfigKeys (ConfUtils.java:logGet(46)) - raft.server.log.statemachine.data.sync = true (default)
2022-05-26 01:42:55,961 [pool-68-thread-1] INFO  server.RaftServerConfigKeys (ConfUtils.java:logGet(46)) - raft.server.log.statemachine.data.sync.timeout = 10s (default)
2022-05-26 01:42:55,961 [pool-68-thread-1] INFO  server.RaftServerConfigKeys (ConfUtils.java:logGet(46)) - raft.server.log.statemachine.data.sync.timeout.retry = -1 (default)
2022-05-26 01:42:55,962 [pool-68-thread-1] INFO  server.RaftServerConfigKeys (ConfUtils.java:logGet(46)) - raft.server.log.write.buffer.size = 1048576 (custom)
2022-05-26 01:42:55,963 [pool-68-thread-1] INFO  server.RaftServerConfigKeys (ConfUtils.java:logGet(46)) - raft.server.log.unsafe-flush.enabled = false (default)
2022-05-26 01:42:55,963 [pool-68-thread-1] INFO  server.RaftServerConfigKeys (ConfUtils.java:logGet(46)) - raft.server.log.statemachine.data.caching.enabled = true (custom)
2022-05-26 01:42:55,963 [pool-68-thread-1] INFO  segmented.SegmentedRaftLogWorker (SegmentedRaftLogWorker.java:lambda$new$0(135)) - 188e6322-4ef2-4a71-89da-608a29528fbc@group-2A83B72E6DCA-SegmentedRaftLogWorker: flushIndex: setUnconditionally 0 -> -1
2022-05-26 01:42:55,963 [pool-68-thread-1] INFO  segmented.SegmentedRaftLogWorker (SegmentedRaftLogWorker.java:lambda$new$0(135)) - 188e6322-4ef2-4a71-89da-608a29528fbc@group-2A83B72E6DCA-SegmentedRaftLogWorker: safeCacheEvictIndex: setUnconditionally 0 -> -1
2022-05-26 01:42:55,970 [pool-68-thread-1] INFO  server.RaftServerConfigKeys (ConfUtils.java:logGet(46)) - raft.server.snapshot.auto.trigger.enabled = true (custom)
2022-05-26 01:42:55,970 [pool-68-thread-1] INFO  server.RaftServerConfigKeys (ConfUtils.java:logGet(46)) - raft.server.snapshot.auto.trigger.threshold = 10000 (custom)
2022-05-26 01:42:55,970 [pool-68-thread-1] INFO  server.RaftServerConfigKeys (ConfUtils.java:logGet(46)) - raft.server.snapshot.retention.file.num = 5 (custom)
2022-05-26 01:42:55,971 [EventQueue-PipelineReportForPipelineReportHandler] INFO  pipeline.PipelineManagerImpl (PipelineManagerImpl.java:openPipeline(336)) - Pipeline Pipeline[ Id: 381d11b0-1194-4070-babd-2a83b72e6dca, Nodes: 188e6322-4ef2-4a71-89da-608a29528fbc{ip: 10.1.0.18, host: fv-az270-854.tacnzluakwdehk1hpragurqkma.bx.internal.cloudapp.net, ports: [REPLICATION=41033, RATIS=44013, RATIS_ADMIN=44013, RATIS_SERVER=44013, STANDALONE=45527], networkLocation: /default-rack, certSerialId: null, persistedOpState: IN_SERVICE, persistedOpStateExpiryEpochSec: 0}, ReplicationConfig: RATIS/ONE, State:ALLOCATED, leaderId:188e6322-4ef2-4a71-89da-608a29528fbc, CreationTimestamp2022-05-26T01:42:52.946Z[Etc/UTC]] moved to OPEN state
2022-05-26 01:42:55,976 [pool-68-thread-1] INFO  server.RaftServerConfigKeys (ConfUtils.java:logGet(46)) - raft.server.log.purge.upto.snapshot.index = false (default)
2022-05-26 01:42:55,976 [pool-68-thread-1] INFO  server.RaftServerConfigKeys (ConfUtils.java:logGet(46)) - raft.server.retrycache.expirytime = 600000ms (custom)
2022-05-26 01:42:55,976 [pool-68-thread-1] INFO  server.RaftServerConfigKeys (ConfUtils.java:logGet(46)) - raft.server.retrycache.statistics.expirytime = 100μs (default)
2022-05-26 01:42:55,978 [pool-68-thread-1] INFO  server.RaftServerConfigKeys (ConfUtils.java:logGet(46)) - raft.server.log.appender.install.snapshot.enabled = false (custom)
2022-05-26 01:42:55,978 [pool-68-thread-1] INFO  server.RaftServerConfigKeys (ConfUtils.java:logGet(46)) - raft.server.threadpool.server.cached = true (default)
2022-05-26 01:42:55,978 [pool-68-thread-1] INFO  server.RaftServerConfigKeys (ConfUtils.java:logGet(46)) - raft.server.threadpool.server.size = 0 (default)
2022-05-26 01:42:55,978 [pool-68-thread-1] INFO  server.RaftServerConfigKeys (ConfUtils.java:logGet(46)) - raft.server.threadpool.client.cached = true (default)
2022-05-26 01:42:55,978 [pool-68-thread-1] INFO  server.RaftServerConfigKeys (ConfUtils.java:logGet(46)) - raft.server.threadpool.client.size = 0 (default)
2022-05-26 01:42:55,979 [pool-68-thread-1] INFO  server.RaftServer$Division (RaftServerImpl.java:start(310)) - 188e6322-4ef2-4a71-89da-608a29528fbc@group-2A83B72E6DCA: start as a follower, conf=-1: [188e6322-4ef2-4a71-89da-608a29528fbc|rpc:10.1.0.18:44013|priority:1], old=null
2022-05-26 01:42:55,979 [pool-68-thread-1] INFO  server.RaftServer$Division (RaftServerImpl.java:setRole(299)) - 188e6322-4ef2-4a71-89da-608a29528fbc@group-2A83B72E6DCA: changes role from      null to FOLLOWER at term 0 for startAsFollower
2022-05-26 01:42:55,979 [pool-68-thread-1] INFO  impl.RoleInfo (RoleInfo.java:updateAndGet(139)) - 188e6322-4ef2-4a71-89da-608a29528fbc: start 188e6322-4ef2-4a71-89da-608a29528fbc@group-2A83B72E6DCA-FollowerState
2022-05-26 01:42:55,981 [EventQueue-OpenPipelineForHealthyPipelineSafeModeRule] INFO  safemode.SCMSafeModeManager (HealthyPipelineSafeModeRule.java:process(124)) - SCM in safe mode. Healthy pipelines reported count is 0, required healthy pipeline reported count is 1
2022-05-26 01:42:55,980 [pool-68-thread-1] INFO  util.JmxRegister (JmxRegister.java:tryRegister(44)) - Successfully registered JMX Bean with object name Ratis:service=RaftServer,group=group-2A83B72E6DCA,id=188e6322-4ef2-4a71-89da-608a29528fbc
2022-05-26 01:42:55,991 [Command processor thread] INFO  ratis.XceiverServerRatis (XceiverServerRatis.java:addGroup(765)) - Created group PipelineID=381d11b0-1194-4070-babd-2a83b72e6dca
2022-05-26 01:42:55,992 [Command processor thread] INFO  commandhandler.CreatePipelineCommandHandler (CreatePipelineCommandHandler.java:handle(113)) - Created Pipeline RATIS ONE PipelineID=381d11b0-1194-4070-babd-2a83b72e6dca.
2022-05-26 01:42:55,992 [Command processor thread] INFO  server.RaftServer (RaftServerProxy.java:addNew(96)) - 188e6322-4ef2-4a71-89da-608a29528fbc: addNew group-EA0D25B9CDFA:[62c6bd2b-7e09-4371-b397-0d718b04b31f|rpc:10.1.0.18:43333|priority:0, 188e6322-4ef2-4a71-89da-608a29528fbc|rpc:10.1.0.18:44013|priority:1, d2fc9f26-dffe-4229-be93-2517f0a7bdfc|rpc:10.1.0.18:41827|priority:0] returns group-EA0D25B9CDFA:java.util.concurrent.CompletableFuture@59476da6[Not completed]
2022-05-26 01:42:55,993 [pool-68-thread-1] INFO  server.RaftServer$Division (RaftServerImpl.java:<init>(190)) - 188e6322-4ef2-4a71-89da-608a29528fbc: new RaftServerImpl for group-EA0D25B9CDFA:[62c6bd2b-7e09-4371-b397-0d718b04b31f|rpc:10.1.0.18:43333|priority:0, 188e6322-4ef2-4a71-89da-608a29528fbc|rpc:10.1.0.18:44013|priority:1, d2fc9f26-dffe-4229-be93-2517f0a7bdfc|rpc:10.1.0.18:41827|priority:0] with ContainerStateMachine:uninitialized
2022-05-26 01:42:55,993 [pool-68-thread-1] INFO  server.RaftServerConfigKeys (ConfUtils.java:logGet(46)) - raft.server.rpc.timeout.min = 5s (custom)
2022-05-26 01:42:55,993 [pool-68-thread-1] INFO  server.RaftServerConfigKeys (ConfUtils.java:logGet(46)) - raft.server.rpc.timeout.max = 5200ms (custom)
2022-05-26 01:42:55,995 [pool-68-thread-1] INFO  server.RaftServerConfigKeys (ConfUtils.java:logGet(46)) - raft.server.rpc.sleep.time = 25ms (default)
2022-05-26 01:42:55,995 [pool-68-thread-1] INFO  server.RaftServerConfigKeys (ConfUtils.java:logGet(46)) - raft.server.rpc.slowness.timeout = 300s (custom)
2022-05-26 01:42:55,995 [pool-68-thread-1] INFO  server.RaftServerConfigKeys (ConfUtils.java:logGet(46)) - raft.server.leaderelection.leader.step-down.wait-time = 10s (default)
2022-05-26 01:42:55,995 [pool-68-thread-1] INFO  server.RaftServerConfigKeys (ConfUtils.java:logGet(46)) - raft.server.sleep.deviation.threshold = 300ms (default)
2022-05-26 01:42:55,995 [pool-68-thread-1] INFO  server.RaftServer$Division (ServerState.java:<init>(107)) - 188e6322-4ef2-4a71-89da-608a29528fbc@group-EA0D25B9CDFA: ConfigurationManager, init=-1: [62c6bd2b-7e09-4371-b397-0d718b04b31f|rpc:10.1.0.18:43333|priority:0, 188e6322-4ef2-4a71-89da-608a29528fbc|rpc:10.1.0.18:44013|priority:1, d2fc9f26-dffe-4229-be93-2517f0a7bdfc|rpc:10.1.0.18:41827|priority:0], old=null, confs=<EMPTY_MAP>
2022-05-26 01:42:55,995 [pool-68-thread-1] INFO  server.RaftServerConfigKeys (ConfUtils.java:logGet(46)) - raft.server.storage.dir = [/home/runner/work/ozone/ozone/hadoop-ozone/integration-test/target/test-dir/MiniOzoneClusterImpl-4cee1738-eecc-4734-9a97-ff8680d0f2db/datanode-0/data/ratis] (custom)
2022-05-26 01:42:55,996 [pool-68-thread-1] INFO  server.RaftServerConfigKeys (ConfUtils.java:logGet(46)) - raft.server.log.corruption.policy = EXCEPTION (default)
2022-05-26 01:42:55,996 [pool-68-thread-1] INFO  server.RaftServerConfigKeys (ConfUtils.java:logGet(46)) - raft.server.storage.free-space.min = 0MB (=0) (default)
2022-05-26 01:42:55,996 [pool-68-thread-1] INFO  storage.RaftStorageDirectory (RaftStorageDirectoryImpl.java:analyzeStorage(135)) - The storage directory /home/runner/work/ozone/ozone/hadoop-ozone/integration-test/target/test-dir/MiniOzoneClusterImpl-4cee1738-eecc-4734-9a97-ff8680d0f2db/datanode-0/data/ratis/b8c7afba-3c46-46aa-912d-ea0d25b9cdfa does not exist. Creating ...
2022-05-26 01:42:55,997 [pool-68-thread-1] INFO  storage.RaftStorageDirectory (RaftStorageDirectoryImpl.java:tryLock(230)) - Lock on /home/runner/work/ozone/ozone/hadoop-ozone/integration-test/target/test-dir/MiniOzoneClusterImpl-4cee1738-eecc-4734-9a97-ff8680d0f2db/datanode-0/data/ratis/b8c7afba-3c46-46aa-912d-ea0d25b9cdfa/in_use.lock acquired by nodename 11847@fv-az270-854
2022-05-26 01:42:55,998 [pool-68-thread-1] INFO  storage.RaftStorage (RaftStorageImpl.java:format(89)) - Storage directory /home/runner/work/ozone/ozone/hadoop-ozone/integration-test/target/test-dir/MiniOzoneClusterImpl-4cee1738-eecc-4734-9a97-ff8680d0f2db/datanode-0/data/ratis/b8c7afba-3c46-46aa-912d-ea0d25b9cdfa has been successfully formatted.
2022-05-26 01:42:55,998 [pool-68-thread-1] INFO  ratis.ContainerStateMachine (ContainerStateMachine.java:loadSnapshot(236)) - group-EA0D25B9CDFA: The snapshot info is null. Setting the last applied indexto:(t:0, i:~)
2022-05-26 01:42:55,998 [pool-68-thread-1] INFO  server.RaftServerConfigKeys (ConfUtils.java:logGet(46)) - raft.server.notification.no-leader.timeout = 300s (custom)
2022-05-26 01:42:55,998 [pool-68-thread-1] INFO  server.RaftServerConfigKeys (ConfUtils.java:logGet(46)) - raft.server.log.use.memory = false (default)
2022-05-26 01:42:55,998 [pool-68-thread-1] INFO  server.RaftServerConfigKeys (ConfUtils.java:logGet(46)) - raft.server.log.purge.gap = 1000000 (custom)
2022-05-26 01:42:55,998 [pool-68-thread-1] INFO  server.RaftServerConfigKeys (ConfUtils.java:logGet(46)) - raft.server.log.appender.buffer.byte-limit = 33554432 (custom)
2022-05-26 01:42:55,998 [pool-68-thread-1] INFO  server.RaftServerConfigKeys (ConfUtils.java:logGet(46)) - raft.server.log.statemachine.data.read.timeout = 1000ms (default)
2022-05-26 01:42:55,999 [pool-68-thread-1] INFO  server.RaftServerConfigKeys (ConfUtils.java:logGet(46)) - raft.server.log.segment.size.max = 1048576 (custom)
2022-05-26 01:42:56,000 [EventQueue-OpenPipelineForHealthyPipelineSafeModeRule] INFO  safemode.SCMSafeModeManager (HealthyPipelineSafeModeRule.java:process(124)) - SCM in safe mode. Healthy pipelines reported count is 0, required healthy pipeline reported count is 1
2022-05-26 01:42:56,001 [pool-68-thread-1] INFO  server.RaftServerConfigKeys (ConfUtils.java:logGet(46)) - raft.server.log.segment.cache.num.max = 2 (custom)
2022-05-26 01:42:56,001 [pool-68-thread-1] INFO  server.RaftServerConfigKeys (ConfUtils.java:logGet(46)) - raft.server.log.segment.cache.size.max = 200MB (=209715200) (default)
2022-05-26 01:42:56,001 [pool-68-thread-1] INFO  segmented.SegmentedRaftLogWorker (SegmentedRaftLogWorker.java:<init>(187)) - new 188e6322-4ef2-4a71-89da-608a29528fbc@group-EA0D25B9CDFA-SegmentedRaftLogWorker for RaftStorageImpl:Storage Directory /home/runner/work/ozone/ozone/hadoop-ozone/integration-test/target/test-dir/MiniOzoneClusterImpl-4cee1738-eecc-4734-9a97-ff8680d0f2db/datanode-0/data/ratis/b8c7afba-3c46-46aa-912d-ea0d25b9cdfa
2022-05-26 01:42:56,001 [pool-68-thread-1] INFO  server.RaftServerConfigKeys (ConfUtils.java:logGet(46)) - raft.server.log.queue.byte-limit = 4294967296 (custom)
2022-05-26 01:42:56,001 [pool-68-thread-1] INFO  server.RaftServerConfigKeys (ConfUtils.java:logGet(46)) - raft.server.log.queue.element-limit = 1024 (custom)
2022-05-26 01:42:56,001 [pool-68-thread-1] INFO  server.RaftServerConfigKeys (ConfUtils.java:logGet(46)) - raft.server.log.segment.size.max = 1048576 (custom)
2022-05-26 01:42:56,001 [pool-68-thread-1] INFO  server.RaftServerConfigKeys (ConfUtils.java:logGet(46)) - raft.server.log.preallocated.size = 16384 (custom)
2022-05-26 01:42:56,001 [pool-68-thread-1] INFO  server.RaftServerConfigKeys (ConfUtils.java:logGet(46)) - raft.server.log.force.sync.num = 128 (default)
2022-05-26 01:42:56,001 [pool-68-thread-1] INFO  server.RaftServerConfigKeys (ConfUtils.java:logGet(46)) - raft.server.log.statemachine.data.sync = true (default)
2022-05-26 01:42:56,001 [pool-68-thread-1] INFO  server.RaftServerConfigKeys (ConfUtils.java:logGet(46)) - raft.server.log.statemachine.data.sync.timeout = 10s (default)
2022-05-26 01:42:56,001 [pool-68-thread-1] INFO  server.RaftServerConfigKeys (ConfUtils.java:logGet(46)) - raft.server.log.statemachine.data.sync.timeout.retry = -1 (default)
2022-05-26 01:42:56,002 [pool-68-thread-1] INFO  server.RaftServerConfigKeys (ConfUtils.java:logGet(46)) - raft.server.log.write.buffer.size = 1048576 (custom)
2022-05-26 01:42:56,003 [pool-68-thread-1] INFO  server.RaftServerConfigKeys (ConfUtils.java:logGet(46)) - raft.server.log.unsafe-flush.enabled = false (default)
2022-05-26 01:42:56,003 [pool-68-thread-1] INFO  server.RaftServerConfigKeys (ConfUtils.java:logGet(46)) - raft.server.log.statemachine.data.caching.enabled = true (custom)
2022-05-26 01:42:56,003 [pool-68-thread-1] INFO  segmented.SegmentedRaftLogWorker (SegmentedRaftLogWorker.java:lambda$new$0(135)) - 188e6322-4ef2-4a71-89da-608a29528fbc@group-EA0D25B9CDFA-SegmentedRaftLogWorker: flushIndex: setUnconditionally 0 -> -1
2022-05-26 01:42:56,003 [pool-68-thread-1] INFO  segmented.SegmentedRaftLogWorker (SegmentedRaftLogWorker.java:lambda$new$0(135)) - 188e6322-4ef2-4a71-89da-608a29528fbc@group-EA0D25B9CDFA-SegmentedRaftLogWorker: safeCacheEvictIndex: setUnconditionally 0 -> -1
2022-05-26 01:42:56,003 [pool-68-thread-1] INFO  server.RaftServerConfigKeys (ConfUtils.java:logGet(46)) - raft.server.snapshot.auto.trigger.enabled = true (custom)
2022-05-26 01:42:56,003 [pool-68-thread-1] INFO  server.RaftServerConfigKeys (ConfUtils.java:logGet(46)) - raft.server.snapshot.auto.trigger.threshold = 10000 (custom)
2022-05-26 01:42:56,003 [pool-68-thread-1] INFO  server.RaftServerConfigKeys (ConfUtils.java:logGet(46)) - raft.server.snapshot.retention.file.num = 5 (custom)
2022-05-26 01:42:56,004 [pool-68-thread-1] INFO  server.RaftServerConfigKeys (ConfUtils.java:logGet(46)) - raft.server.log.purge.upto.snapshot.index = false (default)
2022-05-26 01:42:56,004 [pool-68-thread-1] INFO  server.RaftServerConfigKeys (ConfUtils.java:logGet(46)) - raft.server.retrycache.expirytime = 600000ms (custom)
2022-05-26 01:42:56,004 [pool-68-thread-1] INFO  server.RaftServerConfigKeys (ConfUtils.java:logGet(46)) - raft.server.retrycache.statistics.expirytime = 100μs (default)
2022-05-26 01:42:56,005 [pool-68-thread-1] INFO  server.RaftServerConfigKeys (ConfUtils.java:logGet(46)) - raft.server.log.appender.install.snapshot.enabled = false (custom)
2022-05-26 01:42:56,005 [pool-68-thread-1] INFO  server.RaftServerConfigKeys (ConfUtils.java:logGet(46)) - raft.server.threadpool.server.cached = true (default)
2022-05-26 01:42:56,005 [pool-68-thread-1] INFO  server.RaftServerConfigKeys (ConfUtils.java:logGet(46)) - raft.server.threadpool.server.size = 0 (default)
2022-05-26 01:42:56,005 [pool-68-thread-1] INFO  server.RaftServerConfigKeys (ConfUtils.java:logGet(46)) - raft.server.threadpool.client.cached = true (default)
2022-05-26 01:42:56,005 [pool-68-thread-1] INFO  server.RaftServerConfigKeys (ConfUtils.java:logGet(46)) - raft.server.threadpool.client.size = 0 (default)
2022-05-26 01:42:56,006 [pool-68-thread-1] INFO  server.RaftServer$Division (RaftServerImpl.java:start(310)) - 188e6322-4ef2-4a71-89da-608a29528fbc@group-EA0D25B9CDFA: start as a follower, conf=-1: [62c6bd2b-7e09-4371-b397-0d718b04b31f|rpc:10.1.0.18:43333|priority:0, 188e6322-4ef2-4a71-89da-608a29528fbc|rpc:10.1.0.18:44013|priority:1, d2fc9f26-dffe-4229-be93-2517f0a7bdfc|rpc:10.1.0.18:41827|priority:0], old=null
2022-05-26 01:42:56,006 [pool-68-thread-1] INFO  server.RaftServer$Division (RaftServerImpl.java:setRole(299)) - 188e6322-4ef2-4a71-89da-608a29528fbc@group-EA0D25B9CDFA: changes role from      null to FOLLOWER at term 0 for startAsFollower
2022-05-26 01:42:56,006 [pool-68-thread-1] INFO  impl.RoleInfo (RoleInfo.java:updateAndGet(139)) - 188e6322-4ef2-4a71-89da-608a29528fbc: start 188e6322-4ef2-4a71-89da-608a29528fbc@group-EA0D25B9CDFA-FollowerState
2022-05-26 01:42:56,006 [pool-68-thread-1] INFO  util.JmxRegister (JmxRegister.java:tryRegister(44)) - Successfully registered JMX Bean with object name Ratis:service=RaftServer,group=group-EA0D25B9CDFA,id=188e6322-4ef2-4a71-89da-608a29528fbc
2022-05-26 01:42:56,007 [Command processor thread] INFO  ratis.XceiverServerRatis (XceiverServerRatis.java:addGroup(765)) - Created group PipelineID=b8c7afba-3c46-46aa-912d-ea0d25b9cdfa
2022-05-26 01:42:56,429 [Command processor thread] INFO  server.RaftServer (RaftServerProxy.java:addNew(96)) - 62c6bd2b-7e09-4371-b397-0d718b04b31f: addNew group-F27048EA8597:[62c6bd2b-7e09-4371-b397-0d718b04b31f|rpc:10.1.0.18:43333|priority:1] returns group-F27048EA8597:java.util.concurrent.CompletableFuture@45a9d41c[Not completed]
2022-05-26 01:42:56,438 [pool-90-thread-1] INFO  server.RaftServer$Division (RaftServerImpl.java:<init>(190)) - 62c6bd2b-7e09-4371-b397-0d718b04b31f: new RaftServerImpl for group-F27048EA8597:[62c6bd2b-7e09-4371-b397-0d718b04b31f|rpc:10.1.0.18:43333|priority:1] with ContainerStateMachine:uninitialized
2022-05-26 01:42:56,438 [pool-90-thread-1] INFO  server.RaftServerConfigKeys (ConfUtils.java:logGet(46)) - raft.server.rpc.timeout.min = 5s (custom)
2022-05-26 01:42:56,438 [pool-90-thread-1] INFO  server.RaftServerConfigKeys (ConfUtils.java:logGet(46)) - raft.server.rpc.timeout.max = 5200ms (custom)
2022-05-26 01:42:56,438 [pool-90-thread-1] INFO  server.RaftServerConfigKeys (ConfUtils.java:logGet(46)) - raft.server.rpc.sleep.time = 25ms (default)
2022-05-26 01:42:56,438 [pool-90-thread-1] INFO  server.RaftServerConfigKeys (ConfUtils.java:logGet(46)) - raft.server.rpc.slowness.timeout = 300s (custom)
2022-05-26 01:42:56,438 [pool-90-thread-1] INFO  server.RaftServerConfigKeys (ConfUtils.java:logGet(46)) - raft.server.leaderelection.leader.step-down.wait-time = 10s (default)
2022-05-26 01:42:56,438 [pool-90-thread-1] INFO  server.RaftServerConfigKeys (ConfUtils.java:logGet(46)) - raft.server.sleep.deviation.threshold = 300ms (default)
2022-05-26 01:42:56,438 [pool-90-thread-1] INFO  server.RaftServer$Division (ServerState.java:<init>(107)) - 62c6bd2b-7e09-4371-b397-0d718b04b31f@group-F27048EA8597: ConfigurationManager, init=-1: [62c6bd2b-7e09-4371-b397-0d718b04b31f|rpc:10.1.0.18:43333|priority:1], old=null, confs=<EMPTY_MAP>
2022-05-26 01:42:56,438 [pool-90-thread-1] INFO  server.RaftServerConfigKeys (ConfUtils.java:logGet(46)) - raft.server.storage.dir = [/home/runner/work/ozone/ozone/hadoop-ozone/integration-test/target/test-dir/MiniOzoneClusterImpl-4cee1738-eecc-4734-9a97-ff8680d0f2db/datanode-1/data/ratis] (custom)
2022-05-26 01:42:56,439 [pool-90-thread-1] INFO  server.RaftServerConfigKeys (ConfUtils.java:logGet(46)) - raft.server.log.corruption.policy = EXCEPTION (default)
2022-05-26 01:42:56,439 [pool-90-thread-1] INFO  server.RaftServerConfigKeys (ConfUtils.java:logGet(46)) - raft.server.storage.free-space.min = 0MB (=0) (default)
2022-05-26 01:42:56,439 [pool-90-thread-1] INFO  storage.RaftStorageDirectory (RaftStorageDirectoryImpl.java:analyzeStorage(135)) - The storage directory /home/runner/work/ozone/ozone/hadoop-ozone/integration-test/target/test-dir/MiniOzoneClusterImpl-4cee1738-eecc-4734-9a97-ff8680d0f2db/datanode-1/data/ratis/2f002a2a-2124-4196-8ccc-f27048ea8597 does not exist. Creating ...
2022-05-26 01:42:56,441 [pool-90-thread-1] INFO  storage.RaftStorageDirectory (RaftStorageDirectoryImpl.java:tryLock(230)) - Lock on /home/runner/work/ozone/ozone/hadoop-ozone/integration-test/target/test-dir/MiniOzoneClusterImpl-4cee1738-eecc-4734-9a97-ff8680d0f2db/datanode-1/data/ratis/2f002a2a-2124-4196-8ccc-f27048ea8597/in_use.lock acquired by nodename 11847@fv-az270-854
2022-05-26 01:42:56,442 [pool-90-thread-1] INFO  storage.RaftStorage (RaftStorageImpl.java:format(89)) - Storage directory /home/runner/work/ozone/ozone/hadoop-ozone/integration-test/target/test-dir/MiniOzoneClusterImpl-4cee1738-eecc-4734-9a97-ff8680d0f2db/datanode-1/data/ratis/2f002a2a-2124-4196-8ccc-f27048ea8597 has been successfully formatted.
2022-05-26 01:42:56,449 [EventQueue-PipelineReportForPipelineReportHandler] INFO  pipeline.PipelineManagerImpl (PipelineManagerImpl.java:openPipeline(336)) - Pipeline Pipeline[ Id: 2f002a2a-2124-4196-8ccc-f27048ea8597, Nodes: 62c6bd2b-7e09-4371-b397-0d718b04b31f{ip: 10.1.0.18, host: fv-az270-854.tacnzluakwdehk1hpragurqkma.bx.internal.cloudapp.net, ports: [REPLICATION=42191, RATIS=43333, RATIS_ADMIN=43333, RATIS_SERVER=43333, STANDALONE=39201], networkLocation: /default-rack, certSerialId: null, persistedOpState: IN_SERVICE, persistedOpStateExpiryEpochSec: 0}, ReplicationConfig: RATIS/ONE, State:ALLOCATED, leaderId:62c6bd2b-7e09-4371-b397-0d718b04b31f, CreationTimestamp2022-05-26T01:42:53.432Z[Etc/UTC]] moved to OPEN state
2022-05-26 01:42:56,449 [EventQueue-OpenPipelineForHealthyPipelineSafeModeRule] INFO  safemode.SCMSafeModeManager (HealthyPipelineSafeModeRule.java:process(124)) - SCM in safe mode. Healthy pipelines reported count is 0, required healthy pipeline reported count is 1
2022-05-26 01:42:56,448 [pool-90-thread-1] INFO  ratis.ContainerStateMachine (ContainerStateMachine.java:loadSnapshot(236)) - group-F27048EA8597: The snapshot info is null. Setting the last applied indexto:(t:0, i:~)
2022-05-26 01:42:56,452 [pool-90-thread-1] INFO  server.RaftServerConfigKeys (ConfUtils.java:logGet(46)) - raft.server.notification.no-leader.timeout = 300s (custom)
2022-05-26 01:42:56,452 [pool-90-thread-1] INFO  server.RaftServerConfigKeys (ConfUtils.java:logGet(46)) - raft.server.log.use.memory = false (default)
2022-05-26 01:42:56,452 [pool-90-thread-1] INFO  server.RaftServerConfigKeys (ConfUtils.java:logGet(46)) - raft.server.log.purge.gap = 1000000 (custom)
2022-05-26 01:42:56,452 [pool-90-thread-1] INFO  server.RaftServerConfigKeys (ConfUtils.java:logGet(46)) - raft.server.log.appender.buffer.byte-limit = 33554432 (custom)
2022-05-26 01:42:56,452 [pool-90-thread-1] INFO  server.RaftServerConfigKeys (ConfUtils.java:logGet(46)) - raft.server.log.statemachine.data.read.timeout = 1000ms (default)
2022-05-26 01:42:56,452 [pool-90-thread-1] INFO  server.RaftServerConfigKeys (ConfUtils.java:logGet(46)) - raft.server.log.segment.size.max = 1048576 (custom)
2022-05-26 01:42:56,453 [pool-90-thread-1] INFO  server.RaftServerConfigKeys (ConfUtils.java:logGet(46)) - raft.server.log.segment.cache.num.max = 2 (custom)
2022-05-26 01:42:56,453 [pool-90-thread-1] INFO  server.RaftServerConfigKeys (ConfUtils.java:logGet(46)) - raft.server.log.segment.cache.size.max = 200MB (=209715200) (default)
2022-05-26 01:42:56,453 [pool-90-thread-1] INFO  segmented.SegmentedRaftLogWorker (SegmentedRaftLogWorker.java:<init>(187)) - new 62c6bd2b-7e09-4371-b397-0d718b04b31f@group-F27048EA8597-SegmentedRaftLogWorker for RaftStorageImpl:Storage Directory /home/runner/work/ozone/ozone/hadoop-ozone/integration-test/target/test-dir/MiniOzoneClusterImpl-4cee1738-eecc-4734-9a97-ff8680d0f2db/datanode-1/data/ratis/2f002a2a-2124-4196-8ccc-f27048ea8597
2022-05-26 01:42:56,453 [pool-90-thread-1] INFO  server.RaftServerConfigKeys (ConfUtils.java:logGet(46)) - raft.server.log.queue.byte-limit = 4294967296 (custom)
2022-05-26 01:42:56,453 [pool-90-thread-1] INFO  server.RaftServerConfigKeys (ConfUtils.java:logGet(46)) - raft.server.log.queue.element-limit = 1024 (custom)
2022-05-26 01:42:56,453 [pool-90-thread-1] INFO  server.RaftServerConfigKeys (ConfUtils.java:logGet(46)) - raft.server.log.segment.size.max = 1048576 (custom)
2022-05-26 01:42:56,455 [pool-90-thread-1] INFO  server.RaftServerConfigKeys (ConfUtils.java:logGet(46)) - raft.server.log.preallocated.size = 16384 (custom)
2022-05-26 01:42:56,458 [pool-90-thread-1] INFO  server.RaftServerConfigKeys (ConfUtils.java:logGet(46)) - raft.server.log.force.sync.num = 128 (default)
2022-05-26 01:42:56,458 [pool-90-thread-1] INFO  server.RaftServerConfigKeys (ConfUtils.java:logGet(46)) - raft.server.log.statemachine.data.sync = true (default)
2022-05-26 01:42:56,458 [pool-90-thread-1] INFO  server.RaftServerConfigKeys (ConfUtils.java:logGet(46)) - raft.server.log.statemachine.data.sync.timeout = 10s (default)
2022-05-26 01:42:56,458 [pool-90-thread-1] INFO  server.RaftServerConfigKeys (ConfUtils.java:logGet(46)) - raft.server.log.statemachine.data.sync.timeout.retry = -1 (default)
2022-05-26 01:42:56,459 [pool-90-thread-1] INFO  server.RaftServerConfigKeys (ConfUtils.java:logGet(46)) - raft.server.log.write.buffer.size = 1048576 (custom)
2022-05-26 01:42:56,460 [pool-90-thread-1] INFO  server.RaftServerConfigKeys (ConfUtils.java:logGet(46)) - raft.server.log.unsafe-flush.enabled = false (default)
2022-05-26 01:42:56,460 [pool-90-thread-1] INFO  server.RaftServerConfigKeys (ConfUtils.java:logGet(46)) - raft.server.log.statemachine.data.caching.enabled = true (custom)
2022-05-26 01:42:56,460 [pool-90-thread-1] INFO  segmented.SegmentedRaftLogWorker (SegmentedRaftLogWorker.java:lambda$new$0(135)) - 62c6bd2b-7e09-4371-b397-0d718b04b31f@group-F27048EA8597-SegmentedRaftLogWorker: flushIndex: setUnconditionally 0 -> -1
2022-05-26 01:42:56,460 [pool-90-thread-1] INFO  segmented.SegmentedRaftLogWorker (SegmentedRaftLogWorker.java:lambda$new$0(135)) - 62c6bd2b-7e09-4371-b397-0d718b04b31f@group-F27048EA8597-SegmentedRaftLogWorker: safeCacheEvictIndex: setUnconditionally 0 -> -1
2022-05-26 01:42:56,462 [pool-90-thread-1] INFO  server.RaftServerConfigKeys (ConfUtils.java:logGet(46)) - raft.server.snapshot.auto.trigger.enabled = true (custom)
2022-05-26 01:42:56,462 [pool-90-thread-1] INFO  server.RaftServerConfigKeys (ConfUtils.java:logGet(46)) - raft.server.snapshot.auto.trigger.threshold = 10000 (custom)
2022-05-26 01:42:56,462 [pool-90-thread-1] INFO  server.RaftServerConfigKeys (ConfUtils.java:logGet(46)) - raft.server.snapshot.retention.file.num = 5 (custom)
2022-05-26 01:42:56,462 [pool-90-thread-1] INFO  server.RaftServerConfigKeys (ConfUtils.java:logGet(46)) - raft.server.log.purge.upto.snapshot.index = false (default)
2022-05-26 01:42:56,462 [pool-90-thread-1] INFO  server.RaftServerConfigKeys (ConfUtils.java:logGet(46)) - raft.server.retrycache.expirytime = 600000ms (custom)
2022-05-26 01:42:56,462 [pool-90-thread-1] INFO  server.RaftServerConfigKeys (ConfUtils.java:logGet(46)) - raft.server.retrycache.statistics.expirytime = 100μs (default)
2022-05-26 01:42:56,464 [pool-90-thread-1] INFO  server.RaftServerConfigKeys (ConfUtils.java:logGet(46)) - raft.server.log.appender.install.snapshot.enabled = false (custom)
2022-05-26 01:42:56,464 [pool-90-thread-1] INFO  server.RaftServerConfigKeys (ConfUtils.java:logGet(46)) - raft.server.threadpool.server.cached = true (default)
2022-05-26 01:42:56,464 [pool-90-thread-1] INFO  server.RaftServerConfigKeys (ConfUtils.java:logGet(46)) - raft.server.threadpool.server.size = 0 (default)
2022-05-26 01:42:56,464 [pool-90-thread-1] INFO  server.RaftServerConfigKeys (ConfUtils.java:logGet(46)) - raft.server.threadpool.client.cached = true (default)
2022-05-26 01:42:56,464 [pool-90-thread-1] INFO  server.RaftServerConfigKeys (ConfUtils.java:logGet(46)) - raft.server.threadpool.client.size = 0 (default)
2022-05-26 01:42:56,464 [pool-90-thread-1] INFO  server.RaftServer$Division (RaftServerImpl.java:start(310)) - 62c6bd2b-7e09-4371-b397-0d718b04b31f@group-F27048EA8597: start as a follower, conf=-1: [62c6bd2b-7e09-4371-b397-0d718b04b31f|rpc:10.1.0.18:43333|priority:1], old=null
2022-05-26 01:42:56,464 [pool-90-thread-1] INFO  server.RaftServer$Division (RaftServerImpl.java:setRole(299)) - 62c6bd2b-7e09-4371-b397-0d718b04b31f@group-F27048EA8597: changes role from      null to FOLLOWER at term 0 for startAsFollower
2022-05-26 01:42:56,464 [pool-90-thread-1] INFO  impl.RoleInfo (RoleInfo.java:updateAndGet(139)) - 62c6bd2b-7e09-4371-b397-0d718b04b31f: start 62c6bd2b-7e09-4371-b397-0d718b04b31f@group-F27048EA8597-FollowerState
2022-05-26 01:42:56,464 [pool-90-thread-1] INFO  util.JmxRegister (JmxRegister.java:tryRegister(44)) - Successfully registered JMX Bean with object name Ratis:service=RaftServer,group=group-F27048EA8597,id=62c6bd2b-7e09-4371-b397-0d718b04b31f
2022-05-26 01:42:56,465 [Command processor thread] INFO  ratis.XceiverServerRatis (XceiverServerRatis.java:addGroup(765)) - Created group PipelineID=2f002a2a-2124-4196-8ccc-f27048ea8597
2022-05-26 01:42:56,465 [Command processor thread] INFO  commandhandler.CreatePipelineCommandHandler (CreatePipelineCommandHandler.java:handle(113)) - Created Pipeline RATIS ONE PipelineID=2f002a2a-2124-4196-8ccc-f27048ea8597.
2022-05-26 01:42:56,469 [Command processor thread] INFO  server.RaftServer (RaftServerProxy.java:addNew(96)) - 62c6bd2b-7e09-4371-b397-0d718b04b31f: addNew group-EA0D25B9CDFA:[62c6bd2b-7e09-4371-b397-0d718b04b31f|rpc:10.1.0.18:43333|priority:0, 188e6322-4ef2-4a71-89da-608a29528fbc|rpc:10.1.0.18:44013|priority:1, d2fc9f26-dffe-4229-be93-2517f0a7bdfc|rpc:10.1.0.18:41827|priority:0] returns group-EA0D25B9CDFA:java.util.concurrent.CompletableFuture@41964871[Not completed]
2022-05-26 01:42:56,470 [pool-90-thread-1] INFO  server.RaftServer$Division (RaftServerImpl.java:<init>(190)) - 62c6bd2b-7e09-4371-b397-0d718b04b31f: new RaftServerImpl for group-EA0D25B9CDFA:[62c6bd2b-7e09-4371-b397-0d718b04b31f|rpc:10.1.0.18:43333|priority:0, 188e6322-4ef2-4a71-89da-608a29528fbc|rpc:10.1.0.18:44013|priority:1, d2fc9f26-dffe-4229-be93-2517f0a7bdfc|rpc:10.1.0.18:41827|priority:0] with ContainerStateMachine:uninitialized
2022-05-26 01:42:56,470 [pool-90-thread-1] INFO  server.RaftServerConfigKeys (ConfUtils.java:logGet(46)) - raft.server.rpc.timeout.min = 5s (custom)
2022-05-26 01:42:56,471 [pool-90-thread-1] INFO  server.RaftServerConfigKeys (ConfUtils.java:logGet(46)) - raft.server.rpc.timeout.max = 5200ms (custom)
2022-05-26 01:42:56,471 [pool-90-thread-1] INFO  server.RaftServerConfigKeys (ConfUtils.java:logGet(46)) - raft.server.rpc.sleep.time = 25ms (default)
2022-05-26 01:42:56,471 [pool-90-thread-1] INFO  server.RaftServerConfigKeys (ConfUtils.java:logGet(46)) - raft.server.rpc.slowness.timeout = 300s (custom)
2022-05-26 01:42:56,471 [pool-90-thread-1] INFO  server.RaftServerConfigKeys (ConfUtils.java:logGet(46)) - raft.server.leaderelection.leader.step-down.wait-time = 10s (default)
2022-05-26 01:42:56,471 [pool-90-thread-1] INFO  server.RaftServerConfigKeys (ConfUtils.java:logGet(46)) - raft.server.sleep.deviation.threshold = 300ms (default)
2022-05-26 01:42:56,471 [pool-90-thread-1] INFO  server.RaftServer$Division (ServerState.java:<init>(107)) - 62c6bd2b-7e09-4371-b397-0d718b04b31f@group-EA0D25B9CDFA: ConfigurationManager, init=-1: [62c6bd2b-7e09-4371-b397-0d718b04b31f|rpc:10.1.0.18:43333|priority:0, 188e6322-4ef2-4a71-89da-608a29528fbc|rpc:10.1.0.18:44013|priority:1, d2fc9f26-dffe-4229-be93-2517f0a7bdfc|rpc:10.1.0.18:41827|priority:0], old=null, confs=<EMPTY_MAP>
2022-05-26 01:42:56,471 [pool-90-thread-1] INFO  server.RaftServerConfigKeys (ConfUtils.java:logGet(46)) - raft.server.storage.dir = [/home/runner/work/ozone/ozone/hadoop-ozone/integration-test/target/test-dir/MiniOzoneClusterImpl-4cee1738-eecc-4734-9a97-ff8680d0f2db/datanode-1/data/ratis] (custom)
2022-05-26 01:42:56,471 [pool-90-thread-1] INFO  server.RaftServerConfigKeys (ConfUtils.java:logGet(46)) - raft.server.log.corruption.policy = EXCEPTION (default)
2022-05-26 01:42:56,471 [pool-90-thread-1] INFO  server.RaftServerConfigKeys (ConfUtils.java:logGet(46)) - raft.server.storage.free-space.min = 0MB (=0) (default)
2022-05-26 01:42:56,471 [pool-90-thread-1] INFO  storage.RaftStorageDirectory (RaftStorageDirectoryImpl.java:analyzeStorage(135)) - The storage directory /home/runner/work/ozone/ozone/hadoop-ozone/integration-test/target/test-dir/MiniOzoneClusterImpl-4cee1738-eecc-4734-9a97-ff8680d0f2db/datanode-1/data/ratis/b8c7afba-3c46-46aa-912d-ea0d25b9cdfa does not exist. Creating ...
2022-05-26 01:42:56,476 [pool-90-thread-1] INFO  storage.RaftStorageDirectory (RaftStorageDirectoryImpl.java:tryLock(230)) - Lock on /home/runner/work/ozone/ozone/hadoop-ozone/integration-test/target/test-dir/MiniOzoneClusterImpl-4cee1738-eecc-4734-9a97-ff8680d0f2db/datanode-1/data/ratis/b8c7afba-3c46-46aa-912d-ea0d25b9cdfa/in_use.lock acquired by nodename 11847@fv-az270-854
2022-05-26 01:42:56,477 [pool-90-thread-1] INFO  storage.RaftStorage (RaftStorageImpl.java:format(89)) - Storage directory /home/runner/work/ozone/ozone/hadoop-ozone/integration-test/target/test-dir/MiniOzoneClusterImpl-4cee1738-eecc-4734-9a97-ff8680d0f2db/datanode-1/data/ratis/b8c7afba-3c46-46aa-912d-ea0d25b9cdfa has been successfully formatted.
2022-05-26 01:42:56,477 [pool-90-thread-1] INFO  ratis.ContainerStateMachine (ContainerStateMachine.java:loadSnapshot(236)) - group-EA0D25B9CDFA: The snapshot info is null. Setting the last applied indexto:(t:0, i:~)
2022-05-26 01:42:56,477 [pool-90-thread-1] INFO  server.RaftServerConfigKeys (ConfUtils.java:logGet(46)) - raft.server.notification.no-leader.timeout = 300s (custom)
2022-05-26 01:42:56,478 [pool-90-thread-1] INFO  server.RaftServerConfigKeys (ConfUtils.java:logGet(46)) - raft.server.log.use.memory = false (default)
2022-05-26 01:42:56,478 [pool-90-thread-1] INFO  server.RaftServerConfigKeys (ConfUtils.java:logGet(46)) - raft.server.log.purge.gap = 1000000 (custom)
2022-05-26 01:42:56,478 [pool-90-thread-1] INFO  server.RaftServerConfigKeys (ConfUtils.java:logGet(46)) - raft.server.log.appender.buffer.byte-limit = 33554432 (custom)
2022-05-26 01:42:56,478 [pool-90-thread-1] INFO  server.RaftServerConfigKeys (ConfUtils.java:logGet(46)) - raft.server.log.statemachine.data.read.timeout = 1000ms (default)
2022-05-26 01:42:56,478 [pool-90-thread-1] INFO  server.RaftServerConfigKeys (ConfUtils.java:logGet(46)) - raft.server.log.segment.size.max = 1048576 (custom)
2022-05-26 01:42:56,479 [pool-90-thread-1] INFO  server.RaftServerConfigKeys (ConfUtils.java:logGet(46)) - raft.server.log.segment.cache.num.max = 2 (custom)
2022-05-26 01:42:56,479 [pool-90-thread-1] INFO  server.RaftServerConfigKeys (ConfUtils.java:logGet(46)) - raft.server.log.segment.cache.size.max = 200MB (=209715200) (default)
2022-05-26 01:42:56,479 [pool-90-thread-1] INFO  segmented.SegmentedRaftLogWorker (SegmentedRaftLogWorker.java:<init>(187)) - new 62c6bd2b-7e09-4371-b397-0d718b04b31f@group-EA0D25B9CDFA-SegmentedRaftLogWorker for RaftStorageImpl:Storage Directory /home/runner/work/ozone/ozone/hadoop-ozone/integration-test/target/test-dir/MiniOzoneClusterImpl-4cee1738-eecc-4734-9a97-ff8680d0f2db/datanode-1/data/ratis/b8c7afba-3c46-46aa-912d-ea0d25b9cdfa
2022-05-26 01:42:56,479 [pool-90-thread-1] INFO  server.RaftServerConfigKeys (ConfUtils.java:logGet(46)) - raft.server.log.queue.byte-limit = 4294967296 (custom)
2022-05-26 01:42:56,479 [pool-90-thread-1] INFO  server.RaftServerConfigKeys (ConfUtils.java:logGet(46)) - raft.server.log.queue.element-limit = 1024 (custom)
2022-05-26 01:42:56,479 [pool-90-thread-1] INFO  server.RaftServerConfigKeys (ConfUtils.java:logGet(46)) - raft.server.log.segment.size.max = 1048576 (custom)
2022-05-26 01:42:56,479 [pool-90-thread-1] INFO  server.RaftServerConfigKeys (ConfUtils.java:logGet(46)) - raft.server.log.preallocated.size = 16384 (custom)
2022-05-26 01:42:56,479 [pool-90-thread-1] INFO  server.RaftServerConfigKeys (ConfUtils.java:logGet(46)) - raft.server.log.force.sync.num = 128 (default)
2022-05-26 01:42:56,479 [pool-90-thread-1] INFO  server.RaftServerConfigKeys (ConfUtils.java:logGet(46)) - raft.server.log.statemachine.data.sync = true (default)
2022-05-26 01:42:56,479 [pool-90-thread-1] INFO  server.RaftServerConfigKeys (ConfUtils.java:logGet(46)) - raft.server.log.statemachine.data.sync.timeout = 10s (default)
2022-05-26 01:42:56,479 [pool-90-thread-1] INFO  server.RaftServerConfigKeys (ConfUtils.java:logGet(46)) - raft.server.log.statemachine.data.sync.timeout.retry = -1 (default)
2022-05-26 01:42:56,480 [pool-90-thread-1] INFO  server.RaftServerConfigKeys (ConfUtils.java:logGet(46)) - raft.server.log.write.buffer.size = 1048576 (custom)
2022-05-26 01:42:56,481 [pool-90-thread-1] INFO  server.RaftServerConfigKeys (ConfUtils.java:logGet(46)) - raft.server.log.unsafe-flush.enabled = false (default)
2022-05-26 01:42:56,481 [pool-90-thread-1] INFO  server.RaftServerConfigKeys (ConfUtils.java:logGet(46)) - raft.server.log.statemachine.data.caching.enabled = true (custom)
2022-05-26 01:42:56,481 [pool-90-thread-1] INFO  segmented.SegmentedRaftLogWorker (SegmentedRaftLogWorker.java:lambda$new$0(135)) - 62c6bd2b-7e09-4371-b397-0d718b04b31f@group-EA0D25B9CDFA-SegmentedRaftLogWorker: flushIndex: setUnconditionally 0 -> -1
2022-05-26 01:42:56,481 [pool-90-thread-1] INFO  segmented.SegmentedRaftLogWorker (SegmentedRaftLogWorker.java:lambda$new$0(135)) - 62c6bd2b-7e09-4371-b397-0d718b04b31f@group-EA0D25B9CDFA-SegmentedRaftLogWorker: safeCacheEvictIndex: setUnconditionally 0 -> -1
2022-05-26 01:42:56,488 [pool-90-thread-1] INFO  server.RaftServerConfigKeys (ConfUtils.java:logGet(46)) - raft.server.snapshot.auto.trigger.enabled = true (custom)
2022-05-26 01:42:56,488 [pool-90-thread-1] INFO  server.RaftServerConfigKeys (ConfUtils.java:logGet(46)) - raft.server.snapshot.auto.trigger.threshold = 10000 (custom)
2022-05-26 01:42:56,488 [pool-90-thread-1] INFO  server.RaftServerConfigKeys (ConfUtils.java:logGet(46)) - raft.server.snapshot.retention.file.num = 5 (custom)
2022-05-26 01:42:56,488 [pool-90-thread-1] INFO  server.RaftServerConfigKeys (ConfUtils.java:logGet(46)) - raft.server.log.purge.upto.snapshot.index = false (default)
2022-05-26 01:42:56,488 [pool-90-thread-1] INFO  server.RaftServerConfigKeys (ConfUtils.java:logGet(46)) - raft.server.retrycache.expirytime = 600000ms (custom)
2022-05-26 01:42:56,488 [pool-90-thread-1] INFO  server.RaftServerConfigKeys (ConfUtils.java:logGet(46)) - raft.server.retrycache.statistics.expirytime = 100μs (default)
2022-05-26 01:42:56,489 [EventQueue-OpenPipelineForHealthyPipelineSafeModeRule] INFO  safemode.SCMSafeModeManager (HealthyPipelineSafeModeRule.java:process(124)) - SCM in safe mode. Healthy pipelines reported count is 0, required healthy pipeline reported count is 1
2022-05-26 01:42:56,494 [pool-90-thread-1] INFO  server.RaftServerConfigKeys (ConfUtils.java:logGet(46)) - raft.server.log.appender.install.snapshot.enabled = false (custom)
2022-05-26 01:42:56,494 [pool-90-thread-1] INFO  server.RaftServerConfigKeys (ConfUtils.java:logGet(46)) - raft.server.threadpool.server.cached = true (default)
2022-05-26 01:42:56,494 [pool-90-thread-1] INFO  server.RaftServerConfigKeys (ConfUtils.java:logGet(46)) - raft.server.threadpool.server.size = 0 (default)
2022-05-26 01:42:56,494 [pool-90-thread-1] INFO  server.RaftServerConfigKeys (ConfUtils.java:logGet(46)) - raft.server.threadpool.client.cached = true (default)
2022-05-26 01:42:56,494 [pool-90-thread-1] INFO  server.RaftServerConfigKeys (ConfUtils.java:logGet(46)) - raft.server.threadpool.client.size = 0 (default)
2022-05-26 01:42:56,494 [pool-90-thread-1] INFO  server.RaftServer$Division (RaftServerImpl.java:start(310)) - 62c6bd2b-7e09-4371-b397-0d718b04b31f@group-EA0D25B9CDFA: start as a follower, conf=-1: [62c6bd2b-7e09-4371-b397-0d718b04b31f|rpc:10.1.0.18:43333|priority:0, 188e6322-4ef2-4a71-89da-608a29528fbc|rpc:10.1.0.18:44013|priority:1, d2fc9f26-dffe-4229-be93-2517f0a7bdfc|rpc:10.1.0.18:41827|priority:0], old=null
2022-05-26 01:42:56,494 [pool-90-thread-1] INFO  server.RaftServer$Division (RaftServerImpl.java:setRole(299)) - 62c6bd2b-7e09-4371-b397-0d718b04b31f@group-EA0D25B9CDFA: changes role from      null to FOLLOWER at term 0 for startAsFollower
2022-05-26 01:42:56,494 [pool-90-thread-1] INFO  impl.RoleInfo (RoleInfo.java:updateAndGet(139)) - 62c6bd2b-7e09-4371-b397-0d718b04b31f: start 62c6bd2b-7e09-4371-b397-0d718b04b31f@group-EA0D25B9CDFA-FollowerState
2022-05-26 01:42:56,496 [pool-90-thread-1] INFO  util.JmxRegister (JmxRegister.java:tryRegister(44)) - Successfully registered JMX Bean with object name Ratis:service=RaftServer,group=group-EA0D25B9CDFA,id=62c6bd2b-7e09-4371-b397-0d718b04b31f
2022-05-26 01:42:56,498 [Command processor thread] INFO  ratis.XceiverServerRatis (XceiverServerRatis.java:addGroup(765)) - Created group PipelineID=b8c7afba-3c46-46aa-912d-ea0d25b9cdfa
2022-05-26 01:42:56,550 [grpc-default-executor-0] INFO  server.RaftServer (RaftServerProxy.java:addNew(96)) - d2fc9f26-dffe-4229-be93-2517f0a7bdfc: addNew group-EA0D25B9CDFA:[62c6bd2b-7e09-4371-b397-0d718b04b31f|rpc:10.1.0.18:43333|dataStream:|priority:0, 188e6322-4ef2-4a71-89da-608a29528fbc|rpc:10.1.0.18:44013|dataStream:|priority:1, d2fc9f26-dffe-4229-be93-2517f0a7bdfc|rpc:10.1.0.18:41827|dataStream:|priority:0] returns group-EA0D25B9CDFA:java.util.concurrent.CompletableFuture@4db8e419[Not completed]
2022-05-26 01:42:56,553 [pool-112-thread-1] INFO  server.RaftServer$Division (RaftServerImpl.java:<init>(190)) - d2fc9f26-dffe-4229-be93-2517f0a7bdfc: new RaftServerImpl for group-EA0D25B9CDFA:[62c6bd2b-7e09-4371-b397-0d718b04b31f|rpc:10.1.0.18:43333|dataStream:|priority:0, 188e6322-4ef2-4a71-89da-608a29528fbc|rpc:10.1.0.18:44013|dataStream:|priority:1, d2fc9f26-dffe-4229-be93-2517f0a7bdfc|rpc:10.1.0.18:41827|dataStream:|priority:0] with ContainerStateMachine:uninitialized
2022-05-26 01:42:56,553 [pool-112-thread-1] INFO  server.RaftServerConfigKeys (ConfUtils.java:logGet(46)) - raft.server.rpc.timeout.min = 5s (custom)
2022-05-26 01:42:56,553 [pool-112-thread-1] INFO  server.RaftServerConfigKeys (ConfUtils.java:logGet(46)) - raft.server.rpc.timeout.max = 5200ms (custom)
2022-05-26 01:42:56,553 [pool-112-thread-1] INFO  server.RaftServerConfigKeys (ConfUtils.java:logGet(46)) - raft.server.rpc.sleep.time = 25ms (default)
2022-05-26 01:42:56,553 [pool-112-thread-1] INFO  server.RaftServerConfigKeys (ConfUtils.java:logGet(46)) - raft.server.rpc.slowness.timeout = 300s (custom)
2022-05-26 01:42:56,553 [pool-112-thread-1] INFO  server.RaftServerConfigKeys (ConfUtils.java:logGet(46)) - raft.server.leaderelection.leader.step-down.wait-time = 10s (default)
2022-05-26 01:42:56,553 [pool-112-thread-1] INFO  server.RaftServerConfigKeys (ConfUtils.java:logGet(46)) - raft.server.sleep.deviation.threshold = 300ms (default)
2022-05-26 01:42:56,553 [pool-112-thread-1] INFO  server.RaftServer$Division (ServerState.java:<init>(107)) - d2fc9f26-dffe-4229-be93-2517f0a7bdfc@group-EA0D25B9CDFA: ConfigurationManager, init=-1: [62c6bd2b-7e09-4371-b397-0d718b04b31f|rpc:10.1.0.18:43333|dataStream:|priority:0, 188e6322-4ef2-4a71-89da-608a29528fbc|rpc:10.1.0.18:44013|dataStream:|priority:1, d2fc9f26-dffe-4229-be93-2517f0a7bdfc|rpc:10.1.0.18:41827|dataStream:|priority:0], old=null, confs=<EMPTY_MAP>
2022-05-26 01:42:56,553 [pool-112-thread-1] INFO  server.RaftServerConfigKeys (ConfUtils.java:logGet(46)) - raft.server.storage.dir = [/home/runner/work/ozone/ozone/hadoop-ozone/integration-test/target/test-dir/MiniOzoneClusterImpl-4cee1738-eecc-4734-9a97-ff8680d0f2db/datanode-2/data/ratis] (custom)
2022-05-26 01:42:56,554 [pool-112-thread-1] INFO  server.RaftServerConfigKeys (ConfUtils.java:logGet(46)) - raft.server.log.corruption.policy = EXCEPTION (default)
2022-05-26 01:42:56,554 [pool-112-thread-1] INFO  server.RaftServerConfigKeys (ConfUtils.java:logGet(46)) - raft.server.storage.free-space.min = 0MB (=0) (default)
2022-05-26 01:42:56,554 [pool-112-thread-1] INFO  storage.RaftStorageDirectory (RaftStorageDirectoryImpl.java:analyzeStorage(135)) - The storage directory /home/runner/work/ozone/ozone/hadoop-ozone/integration-test/target/test-dir/MiniOzoneClusterImpl-4cee1738-eecc-4734-9a97-ff8680d0f2db/datanode-2/data/ratis/b8c7afba-3c46-46aa-912d-ea0d25b9cdfa does not exist. Creating ...
2022-05-26 01:42:56,557 [pool-112-thread-1] INFO  storage.RaftStorageDirectory (RaftStorageDirectoryImpl.java:tryLock(230)) - Lock on /home/runner/work/ozone/ozone/hadoop-ozone/integration-test/target/test-dir/MiniOzoneClusterImpl-4cee1738-eecc-4734-9a97-ff8680d0f2db/datanode-2/data/ratis/b8c7afba-3c46-46aa-912d-ea0d25b9cdfa/in_use.lock acquired by nodename 11847@fv-az270-854
2022-05-26 01:42:56,558 [pool-112-thread-1] INFO  storage.RaftStorage (RaftStorageImpl.java:format(89)) - Storage directory /home/runner/work/ozone/ozone/hadoop-ozone/integration-test/target/test-dir/MiniOzoneClusterImpl-4cee1738-eecc-4734-9a97-ff8680d0f2db/datanode-2/data/ratis/b8c7afba-3c46-46aa-912d-ea0d25b9cdfa has been successfully formatted.
2022-05-26 01:42:56,567 [pool-112-thread-1] INFO  ratis.ContainerStateMachine (ContainerStateMachine.java:loadSnapshot(236)) - group-EA0D25B9CDFA: The snapshot info is null. Setting the last applied indexto:(t:0, i:~)
2022-05-26 01:42:56,567 [pool-112-thread-1] INFO  server.RaftServerConfigKeys (ConfUtils.java:logGet(46)) - raft.server.notification.no-leader.timeout = 300s (custom)
2022-05-26 01:42:56,568 [pool-112-thread-1] INFO  server.RaftServerConfigKeys (ConfUtils.java:logGet(46)) - raft.server.log.use.memory = false (default)
2022-05-26 01:42:56,568 [pool-112-thread-1] INFO  server.RaftServerConfigKeys (ConfUtils.java:logGet(46)) - raft.server.log.purge.gap = 1000000 (custom)
2022-05-26 01:42:56,568 [pool-112-thread-1] INFO  server.RaftServerConfigKeys (ConfUtils.java:logGet(46)) - raft.server.log.appender.buffer.byte-limit = 33554432 (custom)
2022-05-26 01:42:56,568 [pool-112-thread-1] INFO  server.RaftServerConfigKeys (ConfUtils.java:logGet(46)) - raft.server.log.statemachine.data.read.timeout = 1000ms (default)
2022-05-26 01:42:56,568 [pool-112-thread-1] INFO  server.RaftServerConfigKeys (ConfUtils.java:logGet(46)) - raft.server.log.segment.size.max = 1048576 (custom)
2022-05-26 01:42:56,568 [pool-112-thread-1] INFO  server.RaftServerConfigKeys (ConfUtils.java:logGet(46)) - raft.server.log.segment.cache.num.max = 2 (custom)
2022-05-26 01:42:56,569 [pool-112-thread-1] INFO  server.RaftServerConfigKeys (ConfUtils.java:logGet(46)) - raft.server.log.segment.cache.size.max = 200MB (=209715200) (default)
2022-05-26 01:42:56,569 [pool-112-thread-1] INFO  segmented.SegmentedRaftLogWorker (SegmentedRaftLogWorker.java:<init>(187)) - new d2fc9f26-dffe-4229-be93-2517f0a7bdfc@group-EA0D25B9CDFA-SegmentedRaftLogWorker for RaftStorageImpl:Storage Directory /home/runner/work/ozone/ozone/hadoop-ozone/integration-test/target/test-dir/MiniOzoneClusterImpl-4cee1738-eecc-4734-9a97-ff8680d0f2db/datanode-2/data/ratis/b8c7afba-3c46-46aa-912d-ea0d25b9cdfa
2022-05-26 01:42:56,569 [pool-112-thread-1] INFO  server.RaftServerConfigKeys (ConfUtils.java:logGet(46)) - raft.server.log.queue.byte-limit = 4294967296 (custom)
2022-05-26 01:42:56,569 [pool-112-thread-1] INFO  server.RaftServerConfigKeys (ConfUtils.java:logGet(46)) - raft.server.log.queue.element-limit = 1024 (custom)
2022-05-26 01:42:56,569 [pool-112-thread-1] INFO  server.RaftServerConfigKeys (ConfUtils.java:logGet(46)) - raft.server.log.segment.size.max = 1048576 (custom)
2022-05-26 01:42:56,569 [pool-112-thread-1] INFO  server.RaftServerConfigKeys (ConfUtils.java:logGet(46)) - raft.server.log.preallocated.size = 16384 (custom)
2022-05-26 01:42:56,569 [pool-112-thread-1] INFO  server.RaftServerConfigKeys (ConfUtils.java:logGet(46)) - raft.server.log.force.sync.num = 128 (default)
2022-05-26 01:42:56,569 [pool-112-thread-1] INFO  server.RaftServerConfigKeys (ConfUtils.java:logGet(46)) - raft.server.log.statemachine.data.sync = true (default)
2022-05-26 01:42:56,569 [pool-112-thread-1] INFO  server.RaftServerConfigKeys (ConfUtils.java:logGet(46)) - raft.server.log.statemachine.data.sync.timeout = 10s (default)
2022-05-26 01:42:56,569 [pool-112-thread-1] INFO  server.RaftServerConfigKeys (ConfUtils.java:logGet(46)) - raft.server.log.statemachine.data.sync.timeout.retry = -1 (default)
2022-05-26 01:42:56,570 [pool-112-thread-1] INFO  server.RaftServerConfigKeys (ConfUtils.java:logGet(46)) - raft.server.log.write.buffer.size = 1048576 (custom)
2022-05-26 01:42:56,571 [pool-112-thread-1] INFO  server.RaftServerConfigKeys (ConfUtils.java:logGet(46)) - raft.server.log.unsafe-flush.enabled = false (default)
2022-05-26 01:42:56,571 [pool-112-thread-1] INFO  server.RaftServerConfigKeys (ConfUtils.java:logGet(46)) - raft.server.log.statemachine.data.caching.enabled = true (custom)
2022-05-26 01:42:56,571 [pool-112-thread-1] INFO  segmented.SegmentedRaftLogWorker (SegmentedRaftLogWorker.java:lambda$new$0(135)) - d2fc9f26-dffe-4229-be93-2517f0a7bdfc@group-EA0D25B9CDFA-SegmentedRaftLogWorker: flushIndex: setUnconditionally 0 -> -1
2022-05-26 01:42:56,571 [pool-112-thread-1] INFO  segmented.SegmentedRaftLogWorker (SegmentedRaftLogWorker.java:lambda$new$0(135)) - d2fc9f26-dffe-4229-be93-2517f0a7bdfc@group-EA0D25B9CDFA-SegmentedRaftLogWorker: safeCacheEvictIndex: setUnconditionally 0 -> -1
2022-05-26 01:42:56,592 [pool-112-thread-1] INFO  server.RaftServerConfigKeys (ConfUtils.java:logGet(46)) - raft.server.snapshot.auto.trigger.enabled = true (custom)
2022-05-26 01:42:56,593 [pool-112-thread-1] INFO  server.RaftServerConfigKeys (ConfUtils.java:logGet(46)) - raft.server.snapshot.auto.trigger.threshold = 10000 (custom)
2022-05-26 01:42:56,593 [pool-112-thread-1] INFO  server.RaftServerConfigKeys (ConfUtils.java:logGet(46)) - raft.server.snapshot.retention.file.num = 5 (custom)
2022-05-26 01:42:56,593 [pool-112-thread-1] INFO  server.RaftServerConfigKeys (ConfUtils.java:logGet(46)) - raft.server.log.purge.upto.snapshot.index = false (default)
2022-05-26 01:42:56,593 [pool-112-thread-1] INFO  server.RaftServerConfigKeys (ConfUtils.java:logGet(46)) - raft.server.retrycache.expirytime = 600000ms (custom)
2022-05-26 01:42:56,593 [pool-112-thread-1] INFO  server.RaftServerConfigKeys (ConfUtils.java:logGet(46)) - raft.server.retrycache.statistics.expirytime = 100μs (default)
2022-05-26 01:42:56,594 [pool-112-thread-1] INFO  server.RaftServerConfigKeys (ConfUtils.java:logGet(46)) - raft.server.log.appender.install.snapshot.enabled = false (custom)
2022-05-26 01:42:56,594 [pool-112-thread-1] INFO  server.RaftServerConfigKeys (ConfUtils.java:logGet(46)) - raft.server.threadpool.server.cached = true (default)
2022-05-26 01:42:56,594 [pool-112-thread-1] INFO  server.RaftServerConfigKeys (ConfUtils.java:logGet(46)) - raft.server.threadpool.server.size = 0 (default)
2022-05-26 01:42:56,594 [pool-112-thread-1] INFO  server.RaftServerConfigKeys (ConfUtils.java:logGet(46)) - raft.server.threadpool.client.cached = true (default)
2022-05-26 01:42:56,594 [pool-112-thread-1] INFO  server.RaftServerConfigKeys (ConfUtils.java:logGet(46)) - raft.server.threadpool.client.size = 0 (default)
2022-05-26 01:42:56,594 [pool-112-thread-1] INFO  server.RaftServer$Division (RaftServerImpl.java:start(310)) - d2fc9f26-dffe-4229-be93-2517f0a7bdfc@group-EA0D25B9CDFA: start as a follower, conf=-1: [62c6bd2b-7e09-4371-b397-0d718b04b31f|rpc:10.1.0.18:43333|dataStream:|priority:0, 188e6322-4ef2-4a71-89da-608a29528fbc|rpc:10.1.0.18:44013|dataStream:|priority:1, d2fc9f26-dffe-4229-be93-2517f0a7bdfc|rpc:10.1.0.18:41827|dataStream:|priority:0], old=null
2022-05-26 01:42:56,594 [pool-112-thread-1] INFO  server.RaftServer$Division (RaftServerImpl.java:setRole(299)) - d2fc9f26-dffe-4229-be93-2517f0a7bdfc@group-EA0D25B9CDFA: changes role from      null to FOLLOWER at term 0 for startAsFollower
2022-05-26 01:42:56,595 [pool-112-thread-1] INFO  impl.RoleInfo (RoleInfo.java:updateAndGet(139)) - d2fc9f26-dffe-4229-be93-2517f0a7bdfc: start d2fc9f26-dffe-4229-be93-2517f0a7bdfc@group-EA0D25B9CDFA-FollowerState
2022-05-26 01:42:56,596 [pool-112-thread-1] INFO  util.JmxRegister (JmxRegister.java:tryRegister(44)) - Successfully registered JMX Bean with object name Ratis:service=RaftServer,group=group-EA0D25B9CDFA,id=d2fc9f26-dffe-4229-be93-2517f0a7bdfc
2022-05-26 01:42:56,651 [Command processor thread] INFO  commandhandler.CreatePipelineCommandHandler (CreatePipelineCommandHandler.java:handle(113)) - Created Pipeline RATIS THREE PipelineID=b8c7afba-3c46-46aa-912d-ea0d25b9cdfa.
2022-05-26 01:42:56,652 [Command processor thread] INFO  server.RaftServer (RaftServerProxy.java:addNew(96)) - 188e6322-4ef2-4a71-89da-608a29528fbc: addNew group-35D5594B81F9:[62c6bd2b-7e09-4371-b397-0d718b04b31f|rpc:10.1.0.18:43333|priority:0, 188e6322-4ef2-4a71-89da-608a29528fbc|rpc:10.1.0.18:44013|priority:0, d2fc9f26-dffe-4229-be93-2517f0a7bdfc|rpc:10.1.0.18:41827|priority:1] returns group-35D5594B81F9:java.util.concurrent.CompletableFuture@6e0dcac[Not completed]
2022-05-26 01:42:56,654 [pool-68-thread-1] INFO  server.RaftServer$Division (RaftServerImpl.java:<init>(190)) - 188e6322-4ef2-4a71-89da-608a29528fbc: new RaftServerImpl for group-35D5594B81F9:[62c6bd2b-7e09-4371-b397-0d718b04b31f|rpc:10.1.0.18:43333|priority:0, 188e6322-4ef2-4a71-89da-608a29528fbc|rpc:10.1.0.18:44013|priority:0, d2fc9f26-dffe-4229-be93-2517f0a7bdfc|rpc:10.1.0.18:41827|priority:1] with ContainerStateMachine:uninitialized
2022-05-26 01:42:56,654 [pool-68-thread-1] INFO  server.RaftServerConfigKeys (ConfUtils.java:logGet(46)) - raft.server.rpc.timeout.min = 5s (custom)
2022-05-26 01:42:56,654 [pool-68-thread-1] INFO  server.RaftServerConfigKeys (ConfUtils.java:logGet(46)) - raft.server.rpc.timeout.max = 5200ms (custom)
2022-05-26 01:42:56,654 [pool-68-thread-1] INFO  server.RaftServerConfigKeys (ConfUtils.java:logGet(46)) - raft.server.rpc.sleep.time = 25ms (default)
2022-05-26 01:42:56,654 [pool-68-thread-1] INFO  server.RaftServerConfigKeys (ConfUtils.java:logGet(46)) - raft.server.rpc.slowness.timeout = 300s (custom)
2022-05-26 01:42:56,654 [pool-68-thread-1] INFO  server.RaftServerConfigKeys (ConfUtils.java:logGet(46)) - raft.server.leaderelection.leader.step-down.wait-time = 10s (default)
2022-05-26 01:42:56,654 [pool-68-thread-1] INFO  server.RaftServerConfigKeys (ConfUtils.java:logGet(46)) - raft.server.sleep.deviation.threshold = 300ms (default)
2022-05-26 01:42:56,654 [pool-68-thread-1] INFO  server.RaftServer$Division (ServerState.java:<init>(107)) - 188e6322-4ef2-4a71-89da-608a29528fbc@group-35D5594B81F9: ConfigurationManager, init=-1: [62c6bd2b-7e09-4371-b397-0d718b04b31f|rpc:10.1.0.18:43333|priority:0, 188e6322-4ef2-4a71-89da-608a29528fbc|rpc:10.1.0.18:44013|priority:0, d2fc9f26-dffe-4229-be93-2517f0a7bdfc|rpc:10.1.0.18:41827|priority:1], old=null, confs=<EMPTY_MAP>
2022-05-26 01:42:56,654 [pool-68-thread-1] INFO  server.RaftServerConfigKeys (ConfUtils.java:logGet(46)) - raft.server.storage.dir = [/home/runner/work/ozone/ozone/hadoop-ozone/integration-test/target/test-dir/MiniOzoneClusterImpl-4cee1738-eecc-4734-9a97-ff8680d0f2db/datanode-0/data/ratis] (custom)
2022-05-26 01:42:56,654 [pool-68-thread-1] INFO  server.RaftServerConfigKeys (ConfUtils.java:logGet(46)) - raft.server.log.corruption.policy = EXCEPTION (default)
2022-05-26 01:42:56,654 [pool-68-thread-1] INFO  server.RaftServerConfigKeys (ConfUtils.java:logGet(46)) - raft.server.storage.free-space.min = 0MB (=0) (default)
2022-05-26 01:42:56,655 [pool-68-thread-1] INFO  storage.RaftStorageDirectory (RaftStorageDirectoryImpl.java:analyzeStorage(135)) - The storage directory /home/runner/work/ozone/ozone/hadoop-ozone/integration-test/target/test-dir/MiniOzoneClusterImpl-4cee1738-eecc-4734-9a97-ff8680d0f2db/datanode-0/data/ratis/6ad3a23f-af96-4d37-b37a-35d5594b81f9 does not exist. Creating ...
2022-05-26 01:42:56,655 [pool-68-thread-1] INFO  storage.RaftStorageDirectory (RaftStorageDirectoryImpl.java:tryLock(230)) - Lock on /home/runner/work/ozone/ozone/hadoop-ozone/integration-test/target/test-dir/MiniOzoneClusterImpl-4cee1738-eecc-4734-9a97-ff8680d0f2db/datanode-0/data/ratis/6ad3a23f-af96-4d37-b37a-35d5594b81f9/in_use.lock acquired by nodename 11847@fv-az270-854
2022-05-26 01:42:56,657 [pool-68-thread-1] INFO  storage.RaftStorage (RaftStorageImpl.java:format(89)) - Storage directory /home/runner/work/ozone/ozone/hadoop-ozone/integration-test/target/test-dir/MiniOzoneClusterImpl-4cee1738-eecc-4734-9a97-ff8680d0f2db/datanode-0/data/ratis/6ad3a23f-af96-4d37-b37a-35d5594b81f9 has been successfully formatted.
2022-05-26 01:42:56,657 [pool-68-thread-1] INFO  ratis.ContainerStateMachine (ContainerStateMachine.java:loadSnapshot(236)) - group-35D5594B81F9: The snapshot info is null. Setting the last applied indexto:(t:0, i:~)
2022-05-26 01:42:56,657 [pool-68-thread-1] INFO  server.RaftServerConfigKeys (ConfUtils.java:logGet(46)) - raft.server.notification.no-leader.timeout = 300s (custom)
2022-05-26 01:42:56,657 [pool-68-thread-1] INFO  server.RaftServerConfigKeys (ConfUtils.java:logGet(46)) - raft.server.log.use.memory = false (default)
2022-05-26 01:42:56,657 [pool-68-thread-1] INFO  server.RaftServerConfigKeys (ConfUtils.java:logGet(46)) - raft.server.log.purge.gap = 1000000 (custom)
2022-05-26 01:42:56,658 [pool-68-thread-1] INFO  server.RaftServerConfigKeys (ConfUtils.java:logGet(46)) - raft.server.log.appender.buffer.byte-limit = 33554432 (custom)
2022-05-26 01:42:56,658 [pool-68-thread-1] INFO  server.RaftServerConfigKeys (ConfUtils.java:logGet(46)) - raft.server.log.statemachine.data.read.timeout = 1000ms (default)
2022-05-26 01:42:56,658 [pool-68-thread-1] INFO  server.RaftServerConfigKeys (ConfUtils.java:logGet(46)) - raft.server.log.segment.size.max = 1048576 (custom)
2022-05-26 01:42:56,658 [pool-68-thread-1] INFO  server.RaftServerConfigKeys (ConfUtils.java:logGet(46)) - raft.server.log.segment.cache.num.max = 2 (custom)
2022-05-26 01:42:56,658 [pool-68-thread-1] INFO  server.RaftServerConfigKeys (ConfUtils.java:logGet(46)) - raft.server.log.segment.cache.size.max = 200MB (=209715200) (default)
2022-05-26 01:42:56,658 [pool-68-thread-1] INFO  segmented.SegmentedRaftLogWorker (SegmentedRaftLogWorker.java:<init>(187)) - new 188e6322-4ef2-4a71-89da-608a29528fbc@group-35D5594B81F9-SegmentedRaftLogWorker for RaftStorageImpl:Storage Directory /home/runner/work/ozone/ozone/hadoop-ozone/integration-test/target/test-dir/MiniOzoneClusterImpl-4cee1738-eecc-4734-9a97-ff8680d0f2db/datanode-0/data/ratis/6ad3a23f-af96-4d37-b37a-35d5594b81f9
2022-05-26 01:42:56,658 [pool-68-thread-1] INFO  server.RaftServerConfigKeys (ConfUtils.java:logGet(46)) - raft.server.log.queue.byte-limit = 4294967296 (custom)
2022-05-26 01:42:56,658 [pool-68-thread-1] INFO  server.RaftServerConfigKeys (ConfUtils.java:logGet(46)) - raft.server.log.queue.element-limit = 1024 (custom)
2022-05-26 01:42:56,658 [pool-68-thread-1] INFO  server.RaftServerConfigKeys (ConfUtils.java:logGet(46)) - raft.server.log.segment.size.max = 1048576 (custom)
2022-05-26 01:42:56,659 [pool-68-thread-1] INFO  server.RaftServerConfigKeys (ConfUtils.java:logGet(46)) - raft.server.log.preallocated.size = 16384 (custom)
2022-05-26 01:42:56,659 [pool-68-thread-1] INFO  server.RaftServerConfigKeys (ConfUtils.java:logGet(46)) - raft.server.log.force.sync.num = 128 (default)
2022-05-26 01:42:56,659 [pool-68-thread-1] INFO  server.RaftServerConfigKeys (ConfUtils.java:logGet(46)) - raft.server.log.statemachine.data.sync = true (default)
2022-05-26 01:42:56,659 [pool-68-thread-1] INFO  server.RaftServerConfigKeys (ConfUtils.java:logGet(46)) - raft.server.log.statemachine.data.sync.timeout = 10s (default)
2022-05-26 01:42:56,659 [pool-68-thread-1] INFO  server.RaftServerConfigKeys (ConfUtils.java:logGet(46)) - raft.server.log.statemachine.data.sync.timeout.retry = -1 (default)
2022-05-26 01:42:56,660 [pool-68-thread-1] INFO  server.RaftServerConfigKeys (ConfUtils.java:logGet(46)) - raft.server.log.write.buffer.size = 1048576 (custom)
2022-05-26 01:42:56,666 [EventQueue-OpenPipelineForHealthyPipelineSafeModeRule] INFO  safemode.SCMSafeModeManager (HealthyPipelineSafeModeRule.java:process(124)) - SCM in safe mode. Healthy pipelines reported count is 0, required healthy pipeline reported count is 1
2022-05-26 01:42:56,666 [pool-68-thread-1] INFO  server.RaftServerConfigKeys (ConfUtils.java:logGet(46)) - raft.server.log.unsafe-flush.enabled = false (default)
2022-05-26 01:42:56,666 [pool-68-thread-1] INFO  server.RaftServerConfigKeys (ConfUtils.java:logGet(46)) - raft.server.log.statemachine.data.caching.enabled = true (custom)
2022-05-26 01:42:56,666 [pool-68-thread-1] INFO  segmented.SegmentedRaftLogWorker (SegmentedRaftLogWorker.java:lambda$new$0(135)) - 188e6322-4ef2-4a71-89da-608a29528fbc@group-35D5594B81F9-SegmentedRaftLogWorker: flushIndex: setUnconditionally 0 -> -1
2022-05-26 01:42:56,666 [pool-68-thread-1] INFO  segmented.SegmentedRaftLogWorker (SegmentedRaftLogWorker.java:lambda$new$0(135)) - 188e6322-4ef2-4a71-89da-608a29528fbc@group-35D5594B81F9-SegmentedRaftLogWorker: safeCacheEvictIndex: setUnconditionally 0 -> -1
2022-05-26 01:42:56,667 [pool-68-thread-1] INFO  server.RaftServerConfigKeys (ConfUtils.java:logGet(46)) - raft.server.snapshot.auto.trigger.enabled = true (custom)
2022-05-26 01:42:56,667 [pool-68-thread-1] INFO  server.RaftServerConfigKeys (ConfUtils.java:logGet(46)) - raft.server.snapshot.auto.trigger.threshold = 10000 (custom)
2022-05-26 01:42:56,667 [pool-68-thread-1] INFO  server.RaftServerConfigKeys (ConfUtils.java:logGet(46)) - raft.server.snapshot.retention.file.num = 5 (custom)
2022-05-26 01:42:56,668 [pool-68-thread-1] INFO  server.RaftServerConfigKeys (ConfUtils.java:logGet(46)) - raft.server.log.purge.upto.snapshot.index = false (default)
2022-05-26 01:42:56,668 [pool-68-thread-1] INFO  server.RaftServerConfigKeys (ConfUtils.java:logGet(46)) - raft.server.retrycache.expirytime = 600000ms (custom)
2022-05-26 01:42:56,668 [pool-68-thread-1] INFO  server.RaftServerConfigKeys (ConfUtils.java:logGet(46)) - raft.server.retrycache.statistics.expirytime = 100μs (default)
2022-05-26 01:42:56,669 [pool-68-thread-1] INFO  server.RaftServerConfigKeys (ConfUtils.java:logGet(46)) - raft.server.log.appender.install.snapshot.enabled = false (custom)
2022-05-26 01:42:56,669 [pool-68-thread-1] INFO  server.RaftServerConfigKeys (ConfUtils.java:logGet(46)) - raft.server.threadpool.server.cached = true (default)
2022-05-26 01:42:56,669 [pool-68-thread-1] INFO  server.RaftServerConfigKeys (ConfUtils.java:logGet(46)) - raft.server.threadpool.server.size = 0 (default)
2022-05-26 01:42:56,669 [pool-68-thread-1] INFO  server.RaftServerConfigKeys (ConfUtils.java:logGet(46)) - raft.server.threadpool.client.cached = true (default)
2022-05-26 01:42:56,669 [pool-68-thread-1] INFO  server.RaftServerConfigKeys (ConfUtils.java:logGet(46)) - raft.server.threadpool.client.size = 0 (default)
2022-05-26 01:42:56,669 [pool-68-thread-1] INFO  server.RaftServer$Division (RaftServerImpl.java:start(310)) - 188e6322-4ef2-4a71-89da-608a29528fbc@group-35D5594B81F9: start as a follower, conf=-1: [62c6bd2b-7e09-4371-b397-0d718b04b31f|rpc:10.1.0.18:43333|priority:0, 188e6322-4ef2-4a71-89da-608a29528fbc|rpc:10.1.0.18:44013|priority:0, d2fc9f26-dffe-4229-be93-2517f0a7bdfc|rpc:10.1.0.18:41827|priority:1], old=null
2022-05-26 01:42:56,669 [pool-68-thread-1] INFO  server.RaftServer$Division (RaftServerImpl.java:setRole(299)) - 188e6322-4ef2-4a71-89da-608a29528fbc@group-35D5594B81F9: changes role from      null to FOLLOWER at term 0 for startAsFollower
2022-05-26 01:42:56,669 [pool-68-thread-1] INFO  impl.RoleInfo (RoleInfo.java:updateAndGet(139)) - 188e6322-4ef2-4a71-89da-608a29528fbc: start 188e6322-4ef2-4a71-89da-608a29528fbc@group-35D5594B81F9-FollowerState
2022-05-26 01:42:56,670 [pool-68-thread-1] INFO  util.JmxRegister (JmxRegister.java:tryRegister(44)) - Successfully registered JMX Bean with object name Ratis:service=RaftServer,group=group-35D5594B81F9,id=188e6322-4ef2-4a71-89da-608a29528fbc
2022-05-26 01:42:56,673 [Command processor thread] INFO  ratis.XceiverServerRatis (XceiverServerRatis.java:addGroup(765)) - Created group PipelineID=6ad3a23f-af96-4d37-b37a-35d5594b81f9
2022-05-26 01:42:56,691 [grpc-default-executor-1] INFO  server.RaftServer (RaftServerProxy.java:addNew(96)) - 62c6bd2b-7e09-4371-b397-0d718b04b31f: addNew group-35D5594B81F9:[62c6bd2b-7e09-4371-b397-0d718b04b31f|rpc:10.1.0.18:43333|dataStream:|priority:0, 188e6322-4ef2-4a71-89da-608a29528fbc|rpc:10.1.0.18:44013|dataStream:|priority:0, d2fc9f26-dffe-4229-be93-2517f0a7bdfc|rpc:10.1.0.18:41827|dataStream:|priority:1] returns group-35D5594B81F9:java.util.concurrent.CompletableFuture@2ee88fa5[Not completed]
2022-05-26 01:42:56,692 [pool-90-thread-1] INFO  server.RaftServer$Division (RaftServerImpl.java:<init>(190)) - 62c6bd2b-7e09-4371-b397-0d718b04b31f: new RaftServerImpl for group-35D5594B81F9:[62c6bd2b-7e09-4371-b397-0d718b04b31f|rpc:10.1.0.18:43333|dataStream:|priority:0, 188e6322-4ef2-4a71-89da-608a29528fbc|rpc:10.1.0.18:44013|dataStream:|priority:0, d2fc9f26-dffe-4229-be93-2517f0a7bdfc|rpc:10.1.0.18:41827|dataStream:|priority:1] with ContainerStateMachine:uninitialized
2022-05-26 01:42:56,692 [pool-90-thread-1] INFO  server.RaftServerConfigKeys (ConfUtils.java:logGet(46)) - raft.server.rpc.timeout.min = 5s (custom)
2022-05-26 01:42:56,692 [pool-90-thread-1] INFO  server.RaftServerConfigKeys (ConfUtils.java:logGet(46)) - raft.server.rpc.timeout.max = 5200ms (custom)
2022-05-26 01:42:56,692 [pool-90-thread-1] INFO  server.RaftServerConfigKeys (ConfUtils.java:logGet(46)) - raft.server.rpc.sleep.time = 25ms (default)
2022-05-26 01:42:56,692 [pool-90-thread-1] INFO  server.RaftServerConfigKeys (ConfUtils.java:logGet(46)) - raft.server.rpc.slowness.timeout = 300s (custom)
2022-05-26 01:42:56,692 [pool-90-thread-1] INFO  server.RaftServerConfigKeys (ConfUtils.java:logGet(46)) - raft.server.leaderelection.leader.step-down.wait-time = 10s (default)
2022-05-26 01:42:56,692 [pool-90-thread-1] INFO  server.RaftServerConfigKeys (ConfUtils.java:logGet(46)) - raft.server.sleep.deviation.threshold = 300ms (default)
2022-05-26 01:42:56,692 [pool-90-thread-1] INFO  server.RaftServer$Division (ServerState.java:<init>(107)) - 62c6bd2b-7e09-4371-b397-0d718b04b31f@group-35D5594B81F9: ConfigurationManager, init=-1: [62c6bd2b-7e09-4371-b397-0d718b04b31f|rpc:10.1.0.18:43333|dataStream:|priority:0, 188e6322-4ef2-4a71-89da-608a29528fbc|rpc:10.1.0.18:44013|dataStream:|priority:0, d2fc9f26-dffe-4229-be93-2517f0a7bdfc|rpc:10.1.0.18:41827|dataStream:|priority:1], old=null, confs=<EMPTY_MAP>
2022-05-26 01:42:56,692 [pool-90-thread-1] INFO  server.RaftServerConfigKeys (ConfUtils.java:logGet(46)) - raft.server.storage.dir = [/home/runner/work/ozone/ozone/hadoop-ozone/integration-test/target/test-dir/MiniOzoneClusterImpl-4cee1738-eecc-4734-9a97-ff8680d0f2db/datanode-1/data/ratis] (custom)
2022-05-26 01:42:56,693 [pool-90-thread-1] INFO  server.RaftServerConfigKeys (ConfUtils.java:logGet(46)) - raft.server.log.corruption.policy = EXCEPTION (default)
2022-05-26 01:42:56,693 [pool-90-thread-1] INFO  server.RaftServerConfigKeys (ConfUtils.java:logGet(46)) - raft.server.storage.free-space.min = 0MB (=0) (default)
2022-05-26 01:42:56,693 [pool-90-thread-1] INFO  storage.RaftStorageDirectory (RaftStorageDirectoryImpl.java:analyzeStorage(135)) - The storage directory /home/runner/work/ozone/ozone/hadoop-ozone/integration-test/target/test-dir/MiniOzoneClusterImpl-4cee1738-eecc-4734-9a97-ff8680d0f2db/datanode-1/data/ratis/6ad3a23f-af96-4d37-b37a-35d5594b81f9 does not exist. Creating ...
2022-05-26 01:42:56,694 [pool-90-thread-1] INFO  storage.RaftStorageDirectory (RaftStorageDirectoryImpl.java:tryLock(230)) - Lock on /home/runner/work/ozone/ozone/hadoop-ozone/integration-test/target/test-dir/MiniOzoneClusterImpl-4cee1738-eecc-4734-9a97-ff8680d0f2db/datanode-1/data/ratis/6ad3a23f-af96-4d37-b37a-35d5594b81f9/in_use.lock acquired by nodename 11847@fv-az270-854
2022-05-26 01:42:56,696 [pool-90-thread-1] INFO  storage.RaftStorage (RaftStorageImpl.java:format(89)) - Storage directory /home/runner/work/ozone/ozone/hadoop-ozone/integration-test/target/test-dir/MiniOzoneClusterImpl-4cee1738-eecc-4734-9a97-ff8680d0f2db/datanode-1/data/ratis/6ad3a23f-af96-4d37-b37a-35d5594b81f9 has been successfully formatted.
2022-05-26 01:42:56,699 [pool-90-thread-1] INFO  ratis.ContainerStateMachine (ContainerStateMachine.java:loadSnapshot(236)) - group-35D5594B81F9: The snapshot info is null. Setting the last applied indexto:(t:0, i:~)
2022-05-26 01:42:56,699 [pool-90-thread-1] INFO  server.RaftServerConfigKeys (ConfUtils.java:logGet(46)) - raft.server.notification.no-leader.timeout = 300s (custom)
2022-05-26 01:42:56,699 [pool-90-thread-1] INFO  server.RaftServerConfigKeys (ConfUtils.java:logGet(46)) - raft.server.log.use.memory = false (default)
2022-05-26 01:42:56,699 [pool-90-thread-1] INFO  server.RaftServerConfigKeys (ConfUtils.java:logGet(46)) - raft.server.log.purge.gap = 1000000 (custom)
2022-05-26 01:42:56,699 [pool-90-thread-1] INFO  server.RaftServerConfigKeys (ConfUtils.java:logGet(46)) - raft.server.log.appender.buffer.byte-limit = 33554432 (custom)
2022-05-26 01:42:56,699 [pool-90-thread-1] INFO  server.RaftServerConfigKeys (ConfUtils.java:logGet(46)) - raft.server.log.statemachine.data.read.timeout = 1000ms (default)
2022-05-26 01:42:56,705 [pool-90-thread-1] INFO  server.RaftServerConfigKeys (ConfUtils.java:logGet(46)) - raft.server.log.segment.size.max = 1048576 (custom)
2022-05-26 01:42:56,705 [pool-90-thread-1] INFO  server.RaftServerConfigKeys (ConfUtils.java:logGet(46)) - raft.server.log.segment.cache.num.max = 2 (custom)
2022-05-26 01:42:56,705 [pool-90-thread-1] INFO  server.RaftServerConfigKeys (ConfUtils.java:logGet(46)) - raft.server.log.segment.cache.size.max = 200MB (=209715200) (default)
2022-05-26 01:42:56,706 [pool-90-thread-1] INFO  segmented.SegmentedRaftLogWorker (SegmentedRaftLogWorker.java:<init>(187)) - new 62c6bd2b-7e09-4371-b397-0d718b04b31f@group-35D5594B81F9-SegmentedRaftLogWorker for RaftStorageImpl:Storage Directory /home/runner/work/ozone/ozone/hadoop-ozone/integration-test/target/test-dir/MiniOzoneClusterImpl-4cee1738-eecc-4734-9a97-ff8680d0f2db/datanode-1/data/ratis/6ad3a23f-af96-4d37-b37a-35d5594b81f9
2022-05-26 01:42:56,706 [pool-90-thread-1] INFO  server.RaftServerConfigKeys (ConfUtils.java:logGet(46)) - raft.server.log.queue.byte-limit = 4294967296 (custom)
2022-05-26 01:42:56,706 [pool-90-thread-1] INFO  server.RaftServerConfigKeys (ConfUtils.java:logGet(46)) - raft.server.log.queue.element-limit = 1024 (custom)
2022-05-26 01:42:56,706 [pool-90-thread-1] INFO  server.RaftServerConfigKeys (ConfUtils.java:logGet(46)) - raft.server.log.segment.size.max = 1048576 (custom)
2022-05-26 01:42:56,706 [pool-90-thread-1] INFO  server.RaftServerConfigKeys (ConfUtils.java:logGet(46)) - raft.server.log.preallocated.size = 16384 (custom)
2022-05-26 01:42:56,706 [pool-90-thread-1] INFO  server.RaftServerConfigKeys (ConfUtils.java:logGet(46)) - raft.server.log.force.sync.num = 128 (default)
2022-05-26 01:42:56,706 [pool-90-thread-1] INFO  server.RaftServerConfigKeys (ConfUtils.java:logGet(46)) - raft.server.log.statemachine.data.sync = true (default)
2022-05-26 01:42:56,706 [pool-90-thread-1] INFO  server.RaftServerConfigKeys (ConfUtils.java:logGet(46)) - raft.server.log.statemachine.data.sync.timeout = 10s (default)
2022-05-26 01:42:56,706 [pool-90-thread-1] INFO  server.RaftServerConfigKeys (ConfUtils.java:logGet(46)) - raft.server.log.statemachine.data.sync.timeout.retry = -1 (default)
2022-05-26 01:42:56,707 [EventQueue-OpenPipelineForHealthyPipelineSafeModeRule] INFO  safemode.SCMSafeModeManager (HealthyPipelineSafeModeRule.java:process(124)) - SCM in safe mode. Healthy pipelines reported count is 0, required healthy pipeline reported count is 1
2022-05-26 01:42:56,715 [Command processor thread] INFO  commandhandler.CreatePipelineCommandHandler (CreatePipelineCommandHandler.java:handle(113)) - Created Pipeline RATIS THREE PipelineID=b8c7afba-3c46-46aa-912d-ea0d25b9cdfa.
2022-05-26 01:42:56,716 [pool-90-thread-1] INFO  server.RaftServerConfigKeys (ConfUtils.java:logGet(46)) - raft.server.log.write.buffer.size = 1048576 (custom)
2022-05-26 01:42:56,716 [pool-90-thread-1] INFO  server.RaftServerConfigKeys (ConfUtils.java:logGet(46)) - raft.server.log.unsafe-flush.enabled = false (default)
2022-05-26 01:42:56,716 [pool-90-thread-1] INFO  server.RaftServerConfigKeys (ConfUtils.java:logGet(46)) - raft.server.log.statemachine.data.caching.enabled = true (custom)
2022-05-26 01:42:56,717 [pool-90-thread-1] INFO  segmented.SegmentedRaftLogWorker (SegmentedRaftLogWorker.java:lambda$new$0(135)) - 62c6bd2b-7e09-4371-b397-0d718b04b31f@group-35D5594B81F9-SegmentedRaftLogWorker: flushIndex: setUnconditionally 0 -> -1
2022-05-26 01:42:56,717 [pool-90-thread-1] INFO  segmented.SegmentedRaftLogWorker (SegmentedRaftLogWorker.java:lambda$new$0(135)) - 62c6bd2b-7e09-4371-b397-0d718b04b31f@group-35D5594B81F9-SegmentedRaftLogWorker: safeCacheEvictIndex: setUnconditionally 0 -> -1
2022-05-26 01:42:56,724 [pool-90-thread-1] INFO  server.RaftServerConfigKeys (ConfUtils.java:logGet(46)) - raft.server.snapshot.auto.trigger.enabled = true (custom)
2022-05-26 01:42:56,724 [pool-90-thread-1] INFO  server.RaftServerConfigKeys (ConfUtils.java:logGet(46)) - raft.server.snapshot.auto.trigger.threshold = 10000 (custom)
2022-05-26 01:42:56,724 [pool-90-thread-1] INFO  server.RaftServerConfigKeys (ConfUtils.java:logGet(46)) - raft.server.snapshot.retention.file.num = 5 (custom)
2022-05-26 01:42:56,724 [pool-90-thread-1] INFO  server.RaftServerConfigKeys (ConfUtils.java:logGet(46)) - raft.server.log.purge.upto.snapshot.index = false (default)
2022-05-26 01:42:56,724 [pool-90-thread-1] INFO  server.RaftServerConfigKeys (ConfUtils.java:logGet(46)) - raft.server.retrycache.expirytime = 600000ms (custom)
2022-05-26 01:42:56,724 [pool-90-thread-1] INFO  server.RaftServerConfigKeys (ConfUtils.java:logGet(46)) - raft.server.retrycache.statistics.expirytime = 100μs (default)
2022-05-26 01:42:56,725 [pool-90-thread-1] INFO  server.RaftServerConfigKeys (ConfUtils.java:logGet(46)) - raft.server.log.appender.install.snapshot.enabled = false (custom)
2022-05-26 01:42:56,725 [pool-90-thread-1] INFO  server.RaftServerConfigKeys (ConfUtils.java:logGet(46)) - raft.server.threadpool.server.cached = true (default)
2022-05-26 01:42:56,725 [pool-90-thread-1] INFO  server.RaftServerConfigKeys (ConfUtils.java:logGet(46)) - raft.server.threadpool.server.size = 0 (default)
2022-05-26 01:42:56,725 [pool-90-thread-1] INFO  server.RaftServerConfigKeys (ConfUtils.java:logGet(46)) - raft.server.threadpool.client.cached = true (default)
2022-05-26 01:42:56,725 [pool-90-thread-1] INFO  server.RaftServerConfigKeys (ConfUtils.java:logGet(46)) - raft.server.threadpool.client.size = 0 (default)
2022-05-26 01:42:56,725 [pool-90-thread-1] INFO  server.RaftServer$Division (RaftServerImpl.java:start(310)) - 62c6bd2b-7e09-4371-b397-0d718b04b31f@group-35D5594B81F9: start as a follower, conf=-1: [62c6bd2b-7e09-4371-b397-0d718b04b31f|rpc:10.1.0.18:43333|dataStream:|priority:0, 188e6322-4ef2-4a71-89da-608a29528fbc|rpc:10.1.0.18:44013|dataStream:|priority:0, d2fc9f26-dffe-4229-be93-2517f0a7bdfc|rpc:10.1.0.18:41827|dataStream:|priority:1], old=null
2022-05-26 01:42:56,726 [pool-90-thread-1] INFO  server.RaftServer$Division (RaftServerImpl.java:setRole(299)) - 62c6bd2b-7e09-4371-b397-0d718b04b31f@group-35D5594B81F9: changes role from      null to FOLLOWER at term 0 for startAsFollower
2022-05-26 01:42:56,726 [pool-90-thread-1] INFO  impl.RoleInfo (RoleInfo.java:updateAndGet(139)) - 62c6bd2b-7e09-4371-b397-0d718b04b31f: start 62c6bd2b-7e09-4371-b397-0d718b04b31f@group-35D5594B81F9-FollowerState
2022-05-26 01:42:56,726 [Command processor thread] INFO  server.RaftServer (RaftServerProxy.java:addNew(96)) - d2fc9f26-dffe-4229-be93-2517f0a7bdfc: addNew group-65CDF20291EC:[d2fc9f26-dffe-4229-be93-2517f0a7bdfc|rpc:10.1.0.18:41827|priority:1] returns group-65CDF20291EC:java.util.concurrent.CompletableFuture@3d1c6bfa[Not completed]
2022-05-26 01:42:56,727 [pool-112-thread-1] INFO  server.RaftServer$Division (RaftServerImpl.java:<init>(190)) - d2fc9f26-dffe-4229-be93-2517f0a7bdfc: new RaftServerImpl for group-65CDF20291EC:[d2fc9f26-dffe-4229-be93-2517f0a7bdfc|rpc:10.1.0.18:41827|priority:1] with ContainerStateMachine:uninitialized
2022-05-26 01:42:56,727 [pool-112-thread-1] INFO  server.RaftServerConfigKeys (ConfUtils.java:logGet(46)) - raft.server.rpc.timeout.min = 5s (custom)
2022-05-26 01:42:56,727 [pool-112-thread-1] INFO  server.RaftServerConfigKeys (ConfUtils.java:logGet(46)) - raft.server.rpc.timeout.max = 5200ms (custom)
2022-05-26 01:42:56,727 [pool-112-thread-1] INFO  server.RaftServerConfigKeys (ConfUtils.java:logGet(46)) - raft.server.rpc.sleep.time = 25ms (default)
2022-05-26 01:42:56,727 [pool-112-thread-1] INFO  server.RaftServerConfigKeys (ConfUtils.java:logGet(46)) - raft.server.rpc.slowness.timeout = 300s (custom)
2022-05-26 01:42:56,727 [pool-112-thread-1] INFO  server.RaftServerConfigKeys (ConfUtils.java:logGet(46)) - raft.server.leaderelection.leader.step-down.wait-time = 10s (default)
2022-05-26 01:42:56,727 [pool-112-thread-1] INFO  server.RaftServerConfigKeys (ConfUtils.java:logGet(46)) - raft.server.sleep.deviation.threshold = 300ms (default)
2022-05-26 01:42:56,727 [pool-112-thread-1] INFO  server.RaftServer$Division (ServerState.java:<init>(107)) - d2fc9f26-dffe-4229-be93-2517f0a7bdfc@group-65CDF20291EC: ConfigurationManager, init=-1: [d2fc9f26-dffe-4229-be93-2517f0a7bdfc|rpc:10.1.0.18:41827|priority:1], old=null, confs=<EMPTY_MAP>
2022-05-26 01:42:56,727 [pool-112-thread-1] INFO  server.RaftServerConfigKeys (ConfUtils.java:logGet(46)) - raft.server.storage.dir = [/home/runner/work/ozone/ozone/hadoop-ozone/integration-test/target/test-dir/MiniOzoneClusterImpl-4cee1738-eecc-4734-9a97-ff8680d0f2db/datanode-2/data/ratis] (custom)
2022-05-26 01:42:56,727 [pool-112-thread-1] INFO  server.RaftServerConfigKeys (ConfUtils.java:logGet(46)) - raft.server.log.corruption.policy = EXCEPTION (default)
2022-05-26 01:42:56,727 [pool-112-thread-1] INFO  server.RaftServerConfigKeys (ConfUtils.java:logGet(46)) - raft.server.storage.free-space.min = 0MB (=0) (default)
2022-05-26 01:42:56,728 [pool-112-thread-1] INFO  storage.RaftStorageDirectory (RaftStorageDirectoryImpl.java:analyzeStorage(135)) - The storage directory /home/runner/work/ozone/ozone/hadoop-ozone/integration-test/target/test-dir/MiniOzoneClusterImpl-4cee1738-eecc-4734-9a97-ff8680d0f2db/datanode-2/data/ratis/a3e472b6-791c-41d8-bb52-65cdf20291ec does not exist. Creating ...
2022-05-26 01:42:56,729 [pool-112-thread-1] INFO  storage.RaftStorageDirectory (RaftStorageDirectoryImpl.java:tryLock(230)) - Lock on /home/runner/work/ozone/ozone/hadoop-ozone/integration-test/target/test-dir/MiniOzoneClusterImpl-4cee1738-eecc-4734-9a97-ff8680d0f2db/datanode-2/data/ratis/a3e472b6-791c-41d8-bb52-65cdf20291ec/in_use.lock acquired by nodename 11847@fv-az270-854
2022-05-26 01:42:56,729 [pool-90-thread-1] INFO  util.JmxRegister (JmxRegister.java:tryRegister(44)) - Successfully registered JMX Bean with object name Ratis:service=RaftServer,group=group-35D5594B81F9,id=62c6bd2b-7e09-4371-b397-0d718b04b31f
2022-05-26 01:42:56,730 [pool-112-thread-1] INFO  storage.RaftStorage (RaftStorageImpl.java:format(89)) - Storage directory /home/runner/work/ozone/ozone/hadoop-ozone/integration-test/target/test-dir/MiniOzoneClusterImpl-4cee1738-eecc-4734-9a97-ff8680d0f2db/datanode-2/data/ratis/a3e472b6-791c-41d8-bb52-65cdf20291ec has been successfully formatted.
2022-05-26 01:42:56,731 [pool-112-thread-1] INFO  ratis.ContainerStateMachine (ContainerStateMachine.java:loadSnapshot(236)) - group-65CDF20291EC: The snapshot info is null. Setting the last applied indexto:(t:0, i:~)
2022-05-26 01:42:56,731 [pool-112-thread-1] INFO  server.RaftServerConfigKeys (ConfUtils.java:logGet(46)) - raft.server.notification.no-leader.timeout = 300s (custom)
2022-05-26 01:42:56,731 [pool-112-thread-1] INFO  server.RaftServerConfigKeys (ConfUtils.java:logGet(46)) - raft.server.log.use.memory = false (default)
2022-05-26 01:42:56,731 [pool-112-thread-1] INFO  server.RaftServerConfigKeys (ConfUtils.java:logGet(46)) - raft.server.log.purge.gap = 1000000 (custom)
2022-05-26 01:42:56,731 [pool-112-thread-1] INFO  server.RaftServerConfigKeys (ConfUtils.java:logGet(46)) - raft.server.log.appender.buffer.byte-limit = 33554432 (custom)
2022-05-26 01:42:56,731 [pool-112-thread-1] INFO  server.RaftServerConfigKeys (ConfUtils.java:logGet(46)) - raft.server.log.statemachine.data.read.timeout = 1000ms (default)
2022-05-26 01:42:56,731 [pool-112-thread-1] INFO  server.RaftServerConfigKeys (ConfUtils.java:logGet(46)) - raft.server.log.segment.size.max = 1048576 (custom)
2022-05-26 01:42:56,731 [pool-112-thread-1] INFO  server.RaftServerConfigKeys (ConfUtils.java:logGet(46)) - raft.server.log.segment.cache.num.max = 2 (custom)
2022-05-26 01:42:56,732 [pool-112-thread-1] INFO  server.RaftServerConfigKeys (ConfUtils.java:logGet(46)) - raft.server.log.segment.cache.size.max = 200MB (=209715200) (default)
2022-05-26 01:42:56,732 [pool-112-thread-1] INFO  segmented.SegmentedRaftLogWorker (SegmentedRaftLogWorker.java:<init>(187)) - new d2fc9f26-dffe-4229-be93-2517f0a7bdfc@group-65CDF20291EC-SegmentedRaftLogWorker for RaftStorageImpl:Storage Directory /home/runner/work/ozone/ozone/hadoop-ozone/integration-test/target/test-dir/MiniOzoneClusterImpl-4cee1738-eecc-4734-9a97-ff8680d0f2db/datanode-2/data/ratis/a3e472b6-791c-41d8-bb52-65cdf20291ec
2022-05-26 01:42:56,732 [pool-112-thread-1] INFO  server.RaftServerConfigKeys (ConfUtils.java:logGet(46)) - raft.server.log.queue.byte-limit = 4294967296 (custom)
2022-05-26 01:42:56,732 [pool-112-thread-1] INFO  server.RaftServerConfigKeys (ConfUtils.java:logGet(46)) - raft.server.log.queue.element-limit = 1024 (custom)
2022-05-26 01:42:56,732 [pool-112-thread-1] INFO  server.RaftServerConfigKeys (ConfUtils.java:logGet(46)) - raft.server.log.segment.size.max = 1048576 (custom)
2022-05-26 01:42:56,732 [pool-112-thread-1] INFO  server.RaftServerConfigKeys (ConfUtils.java:logGet(46)) - raft.server.log.preallocated.size = 16384 (custom)
2022-05-26 01:42:56,732 [pool-112-thread-1] INFO  server.RaftServerConfigKeys (ConfUtils.java:logGet(46)) - raft.server.log.force.sync.num = 128 (default)
2022-05-26 01:42:56,732 [pool-112-thread-1] INFO  server.RaftServerConfigKeys (ConfUtils.java:logGet(46)) - raft.server.log.statemachine.data.sync = true (default)
2022-05-26 01:42:56,732 [pool-112-thread-1] INFO  server.RaftServerConfigKeys (ConfUtils.java:logGet(46)) - raft.server.log.statemachine.data.sync.timeout = 10s (default)
2022-05-26 01:42:56,732 [pool-112-thread-1] INFO  server.RaftServerConfigKeys (ConfUtils.java:logGet(46)) - raft.server.log.statemachine.data.sync.timeout.retry = -1 (default)
2022-05-26 01:42:56,734 [Listener at 127.0.0.1/44561] INFO  ozone.MiniOzoneClusterImpl (MiniOzoneClusterImpl.java:lambda$waitForClusterToBeReady$0(221)) - Nodes are ready. Got 3 of 3 DN Heartbeats.
2022-05-26 01:42:56,734 [Listener at 127.0.0.1/44561] INFO  ozone.MiniOzoneClusterImpl (MiniOzoneClusterImpl.java:lambda$waitForClusterToBeReady$0(224)) - Waiting for cluster to exit safe mode
2022-05-26 01:42:56,734 [Listener at 127.0.0.1/44561] INFO  ozone.MiniOzoneClusterImpl (MiniOzoneClusterImpl.java:lambda$waitForClusterToBeReady$0(226)) - SCM became leader
2022-05-26 01:42:56,735 [pool-112-thread-1] INFO  server.RaftServerConfigKeys (ConfUtils.java:logGet(46)) - raft.server.log.write.buffer.size = 1048576 (custom)
2022-05-26 01:42:56,735 [pool-112-thread-1] INFO  server.RaftServerConfigKeys (ConfUtils.java:logGet(46)) - raft.server.log.unsafe-flush.enabled = false (default)
2022-05-26 01:42:56,736 [pool-112-thread-1] INFO  server.RaftServerConfigKeys (ConfUtils.java:logGet(46)) - raft.server.log.statemachine.data.caching.enabled = true (custom)
2022-05-26 01:42:56,736 [pool-112-thread-1] INFO  segmented.SegmentedRaftLogWorker (SegmentedRaftLogWorker.java:lambda$new$0(135)) - d2fc9f26-dffe-4229-be93-2517f0a7bdfc@group-65CDF20291EC-SegmentedRaftLogWorker: flushIndex: setUnconditionally 0 -> -1
2022-05-26 01:42:56,736 [pool-112-thread-1] INFO  segmented.SegmentedRaftLogWorker (SegmentedRaftLogWorker.java:lambda$new$0(135)) - d2fc9f26-dffe-4229-be93-2517f0a7bdfc@group-65CDF20291EC-SegmentedRaftLogWorker: safeCacheEvictIndex: setUnconditionally 0 -> -1
2022-05-26 01:42:56,740 [pool-112-thread-1] INFO  server.RaftServerConfigKeys (ConfUtils.java:logGet(46)) - raft.server.snapshot.auto.trigger.enabled = true (custom)
2022-05-26 01:42:56,740 [pool-112-thread-1] INFO  server.RaftServerConfigKeys (ConfUtils.java:logGet(46)) - raft.server.snapshot.auto.trigger.threshold = 10000 (custom)
2022-05-26 01:42:56,740 [pool-112-thread-1] INFO  server.RaftServerConfigKeys (ConfUtils.java:logGet(46)) - raft.server.snapshot.retention.file.num = 5 (custom)
2022-05-26 01:42:56,740 [pool-112-thread-1] INFO  server.RaftServerConfigKeys (ConfUtils.java:logGet(46)) - raft.server.log.purge.upto.snapshot.index = false (default)
2022-05-26 01:42:56,740 [pool-112-thread-1] INFO  server.RaftServerConfigKeys (ConfUtils.java:logGet(46)) - raft.server.retrycache.expirytime = 600000ms (custom)
2022-05-26 01:42:56,740 [pool-112-thread-1] INFO  server.RaftServerConfigKeys (ConfUtils.java:logGet(46)) - raft.server.retrycache.statistics.expirytime = 100μs (default)
2022-05-26 01:42:56,741 [pool-112-thread-1] INFO  server.RaftServerConfigKeys (ConfUtils.java:logGet(46)) - raft.server.log.appender.install.snapshot.enabled = false (custom)
2022-05-26 01:42:56,741 [pool-112-thread-1] INFO  server.RaftServerConfigKeys (ConfUtils.java:logGet(46)) - raft.server.threadpool.server.cached = true (default)
2022-05-26 01:42:56,741 [pool-112-thread-1] INFO  server.RaftServerConfigKeys (ConfUtils.java:logGet(46)) - raft.server.threadpool.server.size = 0 (default)
2022-05-26 01:42:56,741 [pool-112-thread-1] INFO  server.RaftServerConfigKeys (ConfUtils.java:logGet(46)) - raft.server.threadpool.client.cached = true (default)
2022-05-26 01:42:56,741 [pool-112-thread-1] INFO  server.RaftServerConfigKeys (ConfUtils.java:logGet(46)) - raft.server.threadpool.client.size = 0 (default)
2022-05-26 01:42:56,741 [pool-112-thread-1] INFO  server.RaftServer$Division (RaftServerImpl.java:start(310)) - d2fc9f26-dffe-4229-be93-2517f0a7bdfc@group-65CDF20291EC: start as a follower, conf=-1: [d2fc9f26-dffe-4229-be93-2517f0a7bdfc|rpc:10.1.0.18:41827|priority:1], old=null
2022-05-26 01:42:56,741 [pool-112-thread-1] INFO  server.RaftServer$Division (RaftServerImpl.java:setRole(299)) - d2fc9f26-dffe-4229-be93-2517f0a7bdfc@group-65CDF20291EC: changes role from      null to FOLLOWER at term 0 for startAsFollower
2022-05-26 01:42:56,741 [pool-112-thread-1] INFO  impl.RoleInfo (RoleInfo.java:updateAndGet(139)) - d2fc9f26-dffe-4229-be93-2517f0a7bdfc: start d2fc9f26-dffe-4229-be93-2517f0a7bdfc@group-65CDF20291EC-FollowerState
2022-05-26 01:42:56,743 [pool-112-thread-1] INFO  util.JmxRegister (JmxRegister.java:tryRegister(44)) - Successfully registered JMX Bean with object name Ratis:service=RaftServer,group=group-65CDF20291EC,id=d2fc9f26-dffe-4229-be93-2517f0a7bdfc
2022-05-26 01:42:56,743 [Command processor thread] INFO  ratis.XceiverServerRatis (XceiverServerRatis.java:addGroup(765)) - Created group PipelineID=a3e472b6-791c-41d8-bb52-65cdf20291ec
2022-05-26 01:42:56,744 [Command processor thread] INFO  commandhandler.CreatePipelineCommandHandler (CreatePipelineCommandHandler.java:handle(113)) - Created Pipeline RATIS ONE PipelineID=a3e472b6-791c-41d8-bb52-65cdf20291ec.
2022-05-26 01:42:56,744 [Command processor thread] INFO  server.RaftServer (RaftServerProxy.java:addNew(96)) - d2fc9f26-dffe-4229-be93-2517f0a7bdfc: addNew group-35D5594B81F9:[62c6bd2b-7e09-4371-b397-0d718b04b31f|rpc:10.1.0.18:43333|priority:0, 188e6322-4ef2-4a71-89da-608a29528fbc|rpc:10.1.0.18:44013|priority:0, d2fc9f26-dffe-4229-be93-2517f0a7bdfc|rpc:10.1.0.18:41827|priority:1] returns group-35D5594B81F9:java.util.concurrent.CompletableFuture@33db9229[Not completed]
2022-05-26 01:42:56,745 [pool-112-thread-1] INFO  server.RaftServer$Division (RaftServerImpl.java:<init>(190)) - d2fc9f26-dffe-4229-be93-2517f0a7bdfc: new RaftServerImpl for group-35D5594B81F9:[62c6bd2b-7e09-4371-b397-0d718b04b31f|rpc:10.1.0.18:43333|priority:0, 188e6322-4ef2-4a71-89da-608a29528fbc|rpc:10.1.0.18:44013|priority:0, d2fc9f26-dffe-4229-be93-2517f0a7bdfc|rpc:10.1.0.18:41827|priority:1] with ContainerStateMachine:uninitialized
2022-05-26 01:42:56,745 [pool-112-thread-1] INFO  server.RaftServerConfigKeys (ConfUtils.java:logGet(46)) - raft.server.rpc.timeout.min = 5s (custom)
2022-05-26 01:42:56,745 [pool-112-thread-1] INFO  server.RaftServerConfigKeys (ConfUtils.java:logGet(46)) - raft.server.rpc.timeout.max = 5200ms (custom)
2022-05-26 01:42:56,745 [pool-112-thread-1] INFO  server.RaftServerConfigKeys (ConfUtils.java:logGet(46)) - raft.server.rpc.sleep.time = 25ms (default)
2022-05-26 01:42:56,745 [pool-112-thread-1] INFO  server.RaftServerConfigKeys (ConfUtils.java:logGet(46)) - raft.server.rpc.slowness.timeout = 300s (custom)
2022-05-26 01:42:56,745 [pool-112-thread-1] INFO  server.RaftServerConfigKeys (ConfUtils.java:logGet(46)) - raft.server.leaderelection.leader.step-down.wait-time = 10s (default)
2022-05-26 01:42:56,745 [pool-112-thread-1] INFO  server.RaftServerConfigKeys (ConfUtils.java:logGet(46)) - raft.server.sleep.deviation.threshold = 300ms (default)
2022-05-26 01:42:56,745 [pool-112-thread-1] INFO  server.RaftServer$Division (ServerState.java:<init>(107)) - d2fc9f26-dffe-4229-be93-2517f0a7bdfc@group-35D5594B81F9: ConfigurationManager, init=-1: [62c6bd2b-7e09-4371-b397-0d718b04b31f|rpc:10.1.0.18:43333|priority:0, 188e6322-4ef2-4a71-89da-608a29528fbc|rpc:10.1.0.18:44013|priority:0, d2fc9f26-dffe-4229-be93-2517f0a7bdfc|rpc:10.1.0.18:41827|priority:1], old=null, confs=<EMPTY_MAP>
2022-05-26 01:42:56,749 [pool-112-thread-1] INFO  server.RaftServerConfigKeys (ConfUtils.java:logGet(46)) - raft.server.storage.dir = [/home/runner/work/ozone/ozone/hadoop-ozone/integration-test/target/test-dir/MiniOzoneClusterImpl-4cee1738-eecc-4734-9a97-ff8680d0f2db/datanode-2/data/ratis] (custom)
2022-05-26 01:42:56,751 [EventQueue-PipelineReportForPipelineReportHandler] INFO  pipeline.PipelineManagerImpl (PipelineManagerImpl.java:openPipeline(336)) - Pipeline Pipeline[ Id: a3e472b6-791c-41d8-bb52-65cdf20291ec, Nodes: d2fc9f26-dffe-4229-be93-2517f0a7bdfc{ip: 10.1.0.18, host: fv-az270-854.tacnzluakwdehk1hpragurqkma.bx.internal.cloudapp.net, ports: [REPLICATION=34015, RATIS=41827, RATIS_ADMIN=41827, RATIS_SERVER=41827, STANDALONE=38341], networkLocation: /default-rack, certSerialId: null, persistedOpState: IN_SERVICE, persistedOpStateExpiryEpochSec: 0}, ReplicationConfig: RATIS/ONE, State:ALLOCATED, leaderId:d2fc9f26-dffe-4229-be93-2517f0a7bdfc, CreationTimestamp2022-05-26T01:42:53.731Z[Etc/UTC]] moved to OPEN state
2022-05-26 01:42:56,751 [pool-112-thread-1] INFO  server.RaftServerConfigKeys (ConfUtils.java:logGet(46)) - raft.server.log.corruption.policy = EXCEPTION (default)
2022-05-26 01:42:56,751 [pool-112-thread-1] INFO  server.RaftServerConfigKeys (ConfUtils.java:logGet(46)) - raft.server.storage.free-space.min = 0MB (=0) (default)
2022-05-26 01:42:56,751 [pool-112-thread-1] INFO  storage.RaftStorageDirectory (RaftStorageDirectoryImpl.java:analyzeStorage(135)) - The storage directory /home/runner/work/ozone/ozone/hadoop-ozone/integration-test/target/test-dir/MiniOzoneClusterImpl-4cee1738-eecc-4734-9a97-ff8680d0f2db/datanode-2/data/ratis/6ad3a23f-af96-4d37-b37a-35d5594b81f9 does not exist. Creating ...
2022-05-26 01:42:56,751 [EventQueue-OpenPipelineForHealthyPipelineSafeModeRule] INFO  safemode.SCMSafeModeManager (HealthyPipelineSafeModeRule.java:process(124)) - SCM in safe mode. Healthy pipelines reported count is 0, required healthy pipeline reported count is 1
2022-05-26 01:42:56,752 [pool-112-thread-1] INFO  storage.RaftStorageDirectory (RaftStorageDirectoryImpl.java:tryLock(230)) - Lock on /home/runner/work/ozone/ozone/hadoop-ozone/integration-test/target/test-dir/MiniOzoneClusterImpl-4cee1738-eecc-4734-9a97-ff8680d0f2db/datanode-2/data/ratis/6ad3a23f-af96-4d37-b37a-35d5594b81f9/in_use.lock acquired by nodename 11847@fv-az270-854
2022-05-26 01:42:56,761 [pool-112-thread-1] INFO  storage.RaftStorage (RaftStorageImpl.java:format(89)) - Storage directory /home/runner/work/ozone/ozone/hadoop-ozone/integration-test/target/test-dir/MiniOzoneClusterImpl-4cee1738-eecc-4734-9a97-ff8680d0f2db/datanode-2/data/ratis/6ad3a23f-af96-4d37-b37a-35d5594b81f9 has been successfully formatted.
2022-05-26 01:42:56,762 [pool-112-thread-1] INFO  ratis.ContainerStateMachine (ContainerStateMachine.java:loadSnapshot(236)) - group-35D5594B81F9: The snapshot info is null. Setting the last applied indexto:(t:0, i:~)
2022-05-26 01:42:56,762 [pool-112-thread-1] INFO  server.RaftServerConfigKeys (ConfUtils.java:logGet(46)) - raft.server.notification.no-leader.timeout = 300s (custom)
2022-05-26 01:42:56,762 [pool-112-thread-1] INFO  server.RaftServerConfigKeys (ConfUtils.java:logGet(46)) - raft.server.log.use.memory = false (default)
2022-05-26 01:42:56,762 [pool-112-thread-1] INFO  server.RaftServerConfigKeys (ConfUtils.java:logGet(46)) - raft.server.log.purge.gap = 1000000 (custom)
2022-05-26 01:42:56,762 [pool-112-thread-1] INFO  server.RaftServerConfigKeys (ConfUtils.java:logGet(46)) - raft.server.log.appender.buffer.byte-limit = 33554432 (custom)
2022-05-26 01:42:56,762 [pool-112-thread-1] INFO  server.RaftServerConfigKeys (ConfUtils.java:logGet(46)) - raft.server.log.statemachine.data.read.timeout = 1000ms (default)
2022-05-26 01:42:56,762 [pool-112-thread-1] INFO  server.RaftServerConfigKeys (ConfUtils.java:logGet(46)) - raft.server.log.segment.size.max = 1048576 (custom)
2022-05-26 01:42:56,763 [EventQueue-OpenPipelineForHealthyPipelineSafeModeRule] INFO  safemode.SCMSafeModeManager (HealthyPipelineSafeModeRule.java:process(124)) - SCM in safe mode. Healthy pipelines reported count is 0, required healthy pipeline reported count is 1
2022-05-26 01:42:56,765 [pool-112-thread-1] INFO  server.RaftServerConfigKeys (ConfUtils.java:logGet(46)) - raft.server.log.segment.cache.num.max = 2 (custom)
2022-05-26 01:42:56,765 [pool-112-thread-1] INFO  server.RaftServerConfigKeys (ConfUtils.java:logGet(46)) - raft.server.log.segment.cache.size.max = 200MB (=209715200) (default)
2022-05-26 01:42:56,765 [pool-112-thread-1] INFO  segmented.SegmentedRaftLogWorker (SegmentedRaftLogWorker.java:<init>(187)) - new d2fc9f26-dffe-4229-be93-2517f0a7bdfc@group-35D5594B81F9-SegmentedRaftLogWorker for RaftStorageImpl:Storage Directory /home/runner/work/ozone/ozone/hadoop-ozone/integration-test/target/test-dir/MiniOzoneClusterImpl-4cee1738-eecc-4734-9a97-ff8680d0f2db/datanode-2/data/ratis/6ad3a23f-af96-4d37-b37a-35d5594b81f9
2022-05-26 01:42:56,765 [pool-112-thread-1] INFO  server.RaftServerConfigKeys (ConfUtils.java:logGet(46)) - raft.server.log.queue.byte-limit = 4294967296 (custom)
2022-05-26 01:42:56,765 [pool-112-thread-1] INFO  server.RaftServerConfigKeys (ConfUtils.java:logGet(46)) - raft.server.log.queue.element-limit = 1024 (custom)
2022-05-26 01:42:56,765 [pool-112-thread-1] INFO  server.RaftServerConfigKeys (ConfUtils.java:logGet(46)) - raft.server.log.segment.size.max = 1048576 (custom)
2022-05-26 01:42:56,765 [pool-112-thread-1] INFO  server.RaftServerConfigKeys (ConfUtils.java:logGet(46)) - raft.server.log.preallocated.size = 16384 (custom)
2022-05-26 01:42:56,765 [pool-112-thread-1] INFO  server.RaftServerConfigKeys (ConfUtils.java:logGet(46)) - raft.server.log.force.sync.num = 128 (default)
2022-05-26 01:42:56,765 [pool-112-thread-1] INFO  server.RaftServerConfigKeys (ConfUtils.java:logGet(46)) - raft.server.log.statemachine.data.sync = true (default)
2022-05-26 01:42:56,765 [pool-112-thread-1] INFO  server.RaftServerConfigKeys (ConfUtils.java:logGet(46)) - raft.server.log.statemachine.data.sync.timeout = 10s (default)
2022-05-26 01:42:56,765 [pool-112-thread-1] INFO  server.RaftServerConfigKeys (ConfUtils.java:logGet(46)) - raft.server.log.statemachine.data.sync.timeout.retry = -1 (default)
2022-05-26 01:42:56,766 [pool-112-thread-1] INFO  server.RaftServerConfigKeys (ConfUtils.java:logGet(46)) - raft.server.log.write.buffer.size = 1048576 (custom)
2022-05-26 01:42:56,766 [pool-112-thread-1] INFO  server.RaftServerConfigKeys (ConfUtils.java:logGet(46)) - raft.server.log.unsafe-flush.enabled = false (default)
2022-05-26 01:42:56,766 [pool-112-thread-1] INFO  server.RaftServerConfigKeys (ConfUtils.java:logGet(46)) - raft.server.log.statemachine.data.caching.enabled = true (custom)
2022-05-26 01:42:56,766 [pool-112-thread-1] INFO  segmented.SegmentedRaftLogWorker (SegmentedRaftLogWorker.java:lambda$new$0(135)) - d2fc9f26-dffe-4229-be93-2517f0a7bdfc@group-35D5594B81F9-SegmentedRaftLogWorker: flushIndex: setUnconditionally 0 -> -1
2022-05-26 01:42:56,767 [pool-112-thread-1] INFO  segmented.SegmentedRaftLogWorker (SegmentedRaftLogWorker.java:lambda$new$0(135)) - d2fc9f26-dffe-4229-be93-2517f0a7bdfc@group-35D5594B81F9-SegmentedRaftLogWorker: safeCacheEvictIndex: setUnconditionally 0 -> -1
2022-05-26 01:42:56,768 [pool-112-thread-1] INFO  server.RaftServerConfigKeys (ConfUtils.java:logGet(46)) - raft.server.snapshot.auto.trigger.enabled = true (custom)
2022-05-26 01:42:56,768 [pool-112-thread-1] INFO  server.RaftServerConfigKeys (ConfUtils.java:logGet(46)) - raft.server.snapshot.auto.trigger.threshold = 10000 (custom)
2022-05-26 01:42:56,768 [pool-112-thread-1] INFO  server.RaftServerConfigKeys (ConfUtils.java:logGet(46)) - raft.server.snapshot.retention.file.num = 5 (custom)
2022-05-26 01:42:56,768 [pool-112-thread-1] INFO  server.RaftServerConfigKeys (ConfUtils.java:logGet(46)) - raft.server.log.purge.upto.snapshot.index = false (default)
2022-05-26 01:42:56,768 [pool-112-thread-1] INFO  server.RaftServerConfigKeys (ConfUtils.java:logGet(46)) - raft.server.retrycache.expirytime = 600000ms (custom)
2022-05-26 01:42:56,768 [pool-112-thread-1] INFO  server.RaftServerConfigKeys (ConfUtils.java:logGet(46)) - raft.server.retrycache.statistics.expirytime = 100μs (default)
2022-05-26 01:42:56,774 [pool-112-thread-1] INFO  server.RaftServerConfigKeys (ConfUtils.java:logGet(46)) - raft.server.log.appender.install.snapshot.enabled = false (custom)
2022-05-26 01:42:56,774 [pool-112-thread-1] INFO  server.RaftServerConfigKeys (ConfUtils.java:logGet(46)) - raft.server.threadpool.server.cached = true (default)
2022-05-26 01:42:56,774 [pool-112-thread-1] INFO  server.RaftServerConfigKeys (ConfUtils.java:logGet(46)) - raft.server.threadpool.server.size = 0 (default)
2022-05-26 01:42:56,774 [pool-112-thread-1] INFO  server.RaftServerConfigKeys (ConfUtils.java:logGet(46)) - raft.server.threadpool.client.cached = true (default)
2022-05-26 01:42:56,774 [pool-112-thread-1] INFO  server.RaftServerConfigKeys (ConfUtils.java:logGet(46)) - raft.server.threadpool.client.size = 0 (default)
2022-05-26 01:42:56,779 [pool-112-thread-1] INFO  server.RaftServer$Division (RaftServerImpl.java:start(310)) - d2fc9f26-dffe-4229-be93-2517f0a7bdfc@group-35D5594B81F9: start as a follower, conf=-1: [62c6bd2b-7e09-4371-b397-0d718b04b31f|rpc:10.1.0.18:43333|priority:0, 188e6322-4ef2-4a71-89da-608a29528fbc|rpc:10.1.0.18:44013|priority:0, d2fc9f26-dffe-4229-be93-2517f0a7bdfc|rpc:10.1.0.18:41827|priority:1], old=null
2022-05-26 01:42:56,779 [pool-112-thread-1] INFO  server.RaftServer$Division (RaftServerImpl.java:setRole(299)) - d2fc9f26-dffe-4229-be93-2517f0a7bdfc@group-35D5594B81F9: changes role from      null to FOLLOWER at term 0 for startAsFollower
2022-05-26 01:42:56,779 [pool-112-thread-1] INFO  impl.RoleInfo (RoleInfo.java:updateAndGet(139)) - d2fc9f26-dffe-4229-be93-2517f0a7bdfc: start d2fc9f26-dffe-4229-be93-2517f0a7bdfc@group-35D5594B81F9-FollowerState
2022-05-26 01:42:56,784 [pool-112-thread-1] INFO  util.JmxRegister (JmxRegister.java:tryRegister(44)) - Successfully registered JMX Bean with object name Ratis:service=RaftServer,group=group-35D5594B81F9,id=d2fc9f26-dffe-4229-be93-2517f0a7bdfc
2022-05-26 01:42:56,786 [Command processor thread] INFO  ratis.XceiverServerRatis (XceiverServerRatis.java:addGroup(765)) - Created group PipelineID=6ad3a23f-af96-4d37-b37a-35d5594b81f9
2022-05-26 01:42:56,807 [Command processor thread] INFO  commandhandler.CreatePipelineCommandHandler (CreatePipelineCommandHandler.java:handle(113)) - Created Pipeline RATIS THREE PipelineID=6ad3a23f-af96-4d37-b37a-35d5594b81f9.
2022-05-26 01:42:56,834 [Command processor thread] INFO  commandhandler.CreatePipelineCommandHandler (CreatePipelineCommandHandler.java:handle(113)) - Created Pipeline RATIS THREE PipelineID=6ad3a23f-af96-4d37-b37a-35d5594b81f9.
2022-05-26 01:42:57,734 [Listener at 127.0.0.1/44561] INFO  ozone.MiniOzoneClusterImpl (MiniOzoneClusterImpl.java:lambda$waitForClusterToBeReady$0(221)) - Nodes are ready. Got 3 of 3 DN Heartbeats.
2022-05-26 01:42:57,735 [Listener at 127.0.0.1/44561] INFO  ozone.MiniOzoneClusterImpl (MiniOzoneClusterImpl.java:lambda$waitForClusterToBeReady$0(224)) - Waiting for cluster to exit safe mode
2022-05-26 01:42:57,735 [Listener at 127.0.0.1/44561] INFO  ozone.MiniOzoneClusterImpl (MiniOzoneClusterImpl.java:lambda$waitForClusterToBeReady$0(226)) - SCM became leader
2022-05-26 01:42:58,735 [Listener at 127.0.0.1/44561] INFO  ozone.MiniOzoneClusterImpl (MiniOzoneClusterImpl.java:lambda$waitForClusterToBeReady$0(221)) - Nodes are ready. Got 3 of 3 DN Heartbeats.
2022-05-26 01:42:58,735 [Listener at 127.0.0.1/44561] INFO  ozone.MiniOzoneClusterImpl (MiniOzoneClusterImpl.java:lambda$waitForClusterToBeReady$0(224)) - Waiting for cluster to exit safe mode
2022-05-26 01:42:58,735 [Listener at 127.0.0.1/44561] INFO  ozone.MiniOzoneClusterImpl (MiniOzoneClusterImpl.java:lambda$waitForClusterToBeReady$0(226)) - SCM became leader
2022-05-26 01:42:59,736 [Listener at 127.0.0.1/44561] INFO  ozone.MiniOzoneClusterImpl (MiniOzoneClusterImpl.java:lambda$waitForClusterToBeReady$0(221)) - Nodes are ready. Got 3 of 3 DN Heartbeats.
2022-05-26 01:42:59,736 [Listener at 127.0.0.1/44561] INFO  ozone.MiniOzoneClusterImpl (MiniOzoneClusterImpl.java:lambda$waitForClusterToBeReady$0(224)) - Waiting for cluster to exit safe mode
2022-05-26 01:42:59,736 [Listener at 127.0.0.1/44561] INFO  ozone.MiniOzoneClusterImpl (MiniOzoneClusterImpl.java:lambda$waitForClusterToBeReady$0(226)) - SCM became leader
2022-05-26 01:43:00,737 [Listener at 127.0.0.1/44561] INFO  ozone.MiniOzoneClusterImpl (MiniOzoneClusterImpl.java:lambda$waitForClusterToBeReady$0(221)) - Nodes are ready. Got 3 of 3 DN Heartbeats.
2022-05-26 01:43:00,737 [Listener at 127.0.0.1/44561] INFO  ozone.MiniOzoneClusterImpl (MiniOzoneClusterImpl.java:lambda$waitForClusterToBeReady$0(224)) - Waiting for cluster to exit safe mode
2022-05-26 01:43:00,737 [Listener at 127.0.0.1/44561] INFO  ozone.MiniOzoneClusterImpl (MiniOzoneClusterImpl.java:lambda$waitForClusterToBeReady$0(226)) - SCM became leader
2022-05-26 01:43:01,125 [188e6322-4ef2-4a71-89da-608a29528fbc@group-EA0D25B9CDFA-FollowerState] INFO  impl.FollowerState (FollowerState.java:run(143)) - 188e6322-4ef2-4a71-89da-608a29528fbc@group-EA0D25B9CDFA-FollowerState: change to CANDIDATE, lastRpcElapsedTime:5119139077ns, electionTimeout:5118ms
2022-05-26 01:43:01,125 [188e6322-4ef2-4a71-89da-608a29528fbc@group-EA0D25B9CDFA-FollowerState] INFO  impl.RoleInfo (RoleInfo.java:shutdownFollowerState(110)) - 188e6322-4ef2-4a71-89da-608a29528fbc: shutdown 188e6322-4ef2-4a71-89da-608a29528fbc@group-EA0D25B9CDFA-FollowerState
2022-05-26 01:43:01,125 [188e6322-4ef2-4a71-89da-608a29528fbc@group-EA0D25B9CDFA-FollowerState] INFO  server.RaftServer$Division (RaftServerImpl.java:setRole(299)) - 188e6322-4ef2-4a71-89da-608a29528fbc@group-EA0D25B9CDFA: changes role from  FOLLOWER to CANDIDATE at term 0 for changeToCandidate
2022-05-26 01:43:01,126 [188e6322-4ef2-4a71-89da-608a29528fbc@group-EA0D25B9CDFA-FollowerState] INFO  server.RaftServerConfigKeys (ConfUtils.java:logGet(46)) - raft.server.leaderelection.pre-vote = false (custom)
2022-05-26 01:43:01,126 [188e6322-4ef2-4a71-89da-608a29528fbc@group-EA0D25B9CDFA-FollowerState] INFO  impl.RoleInfo (RoleInfo.java:updateAndGet(139)) - 188e6322-4ef2-4a71-89da-608a29528fbc: start 188e6322-4ef2-4a71-89da-608a29528fbc@group-EA0D25B9CDFA-LeaderElection2
2022-05-26 01:43:01,128 [188e6322-4ef2-4a71-89da-608a29528fbc@group-EA0D25B9CDFA-LeaderElection2] INFO  impl.LeaderElection (LeaderElection.java:askForVotes(310)) - 188e6322-4ef2-4a71-89da-608a29528fbc@group-EA0D25B9CDFA-LeaderElection2 ELECTION round 0: submit vote requests at term 1 for -1: [62c6bd2b-7e09-4371-b397-0d718b04b31f|rpc:10.1.0.18:43333|priority:0, 188e6322-4ef2-4a71-89da-608a29528fbc|rpc:10.1.0.18:44013|priority:1, d2fc9f26-dffe-4229-be93-2517f0a7bdfc|rpc:10.1.0.18:41827|priority:0], old=null
2022-05-26 01:43:01,142 [188e6322-4ef2-4a71-89da-608a29528fbc@group-2A83B72E6DCA-FollowerState] INFO  impl.FollowerState (FollowerState.java:run(143)) - 188e6322-4ef2-4a71-89da-608a29528fbc@group-2A83B72E6DCA-FollowerState: change to CANDIDATE, lastRpcElapsedTime:5163358517ns, electionTimeout:5161ms
2022-05-26 01:43:01,143 [188e6322-4ef2-4a71-89da-608a29528fbc@group-2A83B72E6DCA-FollowerState] INFO  impl.RoleInfo (RoleInfo.java:shutdownFollowerState(110)) - 188e6322-4ef2-4a71-89da-608a29528fbc: shutdown 188e6322-4ef2-4a71-89da-608a29528fbc@group-2A83B72E6DCA-FollowerState
2022-05-26 01:43:01,143 [188e6322-4ef2-4a71-89da-608a29528fbc@group-2A83B72E6DCA-FollowerState] INFO  server.RaftServer$Division (RaftServerImpl.java:setRole(299)) - 188e6322-4ef2-4a71-89da-608a29528fbc@group-2A83B72E6DCA: changes role from  FOLLOWER to CANDIDATE at term 0 for changeToCandidate
2022-05-26 01:43:01,143 [188e6322-4ef2-4a71-89da-608a29528fbc@group-2A83B72E6DCA-FollowerState] INFO  server.RaftServerConfigKeys (ConfUtils.java:logGet(46)) - raft.server.leaderelection.pre-vote = false (custom)
2022-05-26 01:43:01,143 [188e6322-4ef2-4a71-89da-608a29528fbc@group-2A83B72E6DCA-FollowerState] INFO  impl.RoleInfo (RoleInfo.java:updateAndGet(139)) - 188e6322-4ef2-4a71-89da-608a29528fbc: start 188e6322-4ef2-4a71-89da-608a29528fbc@group-2A83B72E6DCA-LeaderElection3
2022-05-26 01:43:01,156 [grpc-default-executor-1] INFO  server.RaftServer$Division (RaftServerImpl.java:requestVote(1152)) - 62c6bd2b-7e09-4371-b397-0d718b04b31f@group-EA0D25B9CDFA: receive requestVote(ELECTION, 188e6322-4ef2-4a71-89da-608a29528fbc, group-EA0D25B9CDFA, 1, (t:0, i:0))
2022-05-26 01:43:01,159 [grpc-default-executor-1] INFO  impl.VoteContext (VoteContext.java:log(48)) - 62c6bd2b-7e09-4371-b397-0d718b04b31f@group-EA0D25B9CDFA-FOLLOWER: accept ELECTION from 188e6322-4ef2-4a71-89da-608a29528fbc: our priority 0 <= candidate's priority 1
2022-05-26 01:43:01,159 [grpc-default-executor-1] INFO  server.RaftServer$Division (RaftServerImpl.java:setRole(299)) - 62c6bd2b-7e09-4371-b397-0d718b04b31f@group-EA0D25B9CDFA: changes role from  FOLLOWER to FOLLOWER at term 1 for candidate:188e6322-4ef2-4a71-89da-608a29528fbc
2022-05-26 01:43:01,159 [grpc-default-executor-1] INFO  impl.RoleInfo (RoleInfo.java:shutdownFollowerState(110)) - 62c6bd2b-7e09-4371-b397-0d718b04b31f: shutdown 62c6bd2b-7e09-4371-b397-0d718b04b31f@group-EA0D25B9CDFA-FollowerState
2022-05-26 01:43:01,160 [62c6bd2b-7e09-4371-b397-0d718b04b31f@group-EA0D25B9CDFA-FollowerState] INFO  impl.FollowerState (FollowerState.java:run(152)) - 62c6bd2b-7e09-4371-b397-0d718b04b31f@group-EA0D25B9CDFA-FollowerState was interrupted
2022-05-26 01:43:01,160 [grpc-default-executor-1] INFO  impl.RoleInfo (RoleInfo.java:updateAndGet(139)) - 62c6bd2b-7e09-4371-b397-0d718b04b31f: start 62c6bd2b-7e09-4371-b397-0d718b04b31f@group-EA0D25B9CDFA-FollowerState
2022-05-26 01:43:01,166 [grpc-default-executor-0] INFO  server.RaftServer$Division (RaftServerImpl.java:requestVote(1152)) - d2fc9f26-dffe-4229-be93-2517f0a7bdfc@group-EA0D25B9CDFA: receive requestVote(ELECTION, 188e6322-4ef2-4a71-89da-608a29528fbc, group-EA0D25B9CDFA, 1, (t:0, i:0))
2022-05-26 01:43:01,166 [grpc-default-executor-0] INFO  impl.VoteContext (VoteContext.java:log(48)) - d2fc9f26-dffe-4229-be93-2517f0a7bdfc@group-EA0D25B9CDFA-FOLLOWER: accept ELECTION from 188e6322-4ef2-4a71-89da-608a29528fbc: our priority 0 <= candidate's priority 1
2022-05-26 01:43:01,167 [grpc-default-executor-0] INFO  server.RaftServer$Division (RaftServerImpl.java:setRole(299)) - d2fc9f26-dffe-4229-be93-2517f0a7bdfc@group-EA0D25B9CDFA: changes role from  FOLLOWER to FOLLOWER at term 1 for candidate:188e6322-4ef2-4a71-89da-608a29528fbc
2022-05-26 01:43:01,167 [grpc-default-executor-0] INFO  impl.RoleInfo (RoleInfo.java:shutdownFollowerState(110)) - d2fc9f26-dffe-4229-be93-2517f0a7bdfc: shutdown d2fc9f26-dffe-4229-be93-2517f0a7bdfc@group-EA0D25B9CDFA-FollowerState
2022-05-26 01:43:01,167 [grpc-default-executor-0] INFO  impl.RoleInfo (RoleInfo.java:updateAndGet(139)) - d2fc9f26-dffe-4229-be93-2517f0a7bdfc: start d2fc9f26-dffe-4229-be93-2517f0a7bdfc@group-EA0D25B9CDFA-FollowerState
2022-05-26 01:43:01,167 [d2fc9f26-dffe-4229-be93-2517f0a7bdfc@group-EA0D25B9CDFA-FollowerState] INFO  impl.FollowerState (FollowerState.java:run(152)) - d2fc9f26-dffe-4229-be93-2517f0a7bdfc@group-EA0D25B9CDFA-FollowerState was interrupted
2022-05-26 01:43:01,167 [188e6322-4ef2-4a71-89da-608a29528fbc@group-2A83B72E6DCA-LeaderElection3] INFO  impl.LeaderElection (LeaderElection.java:askForVotes(310)) - 188e6322-4ef2-4a71-89da-608a29528fbc@group-2A83B72E6DCA-LeaderElection3 ELECTION round 0: submit vote requests at term 1 for -1: [188e6322-4ef2-4a71-89da-608a29528fbc|rpc:10.1.0.18:44013|priority:1], old=null
2022-05-26 01:43:01,168 [188e6322-4ef2-4a71-89da-608a29528fbc@group-2A83B72E6DCA-LeaderElection3] INFO  impl.LeaderElection (LeaderElection.java:askForVotes(312)) - 188e6322-4ef2-4a71-89da-608a29528fbc@group-2A83B72E6DCA-LeaderElection3 ELECTION round 0: result PASSED (term=1)
2022-05-26 01:43:01,168 [188e6322-4ef2-4a71-89da-608a29528fbc@group-2A83B72E6DCA-LeaderElection3] INFO  impl.RoleInfo (RoleInfo.java:shutdownLeaderElection(130)) - 188e6322-4ef2-4a71-89da-608a29528fbc: shutdown 188e6322-4ef2-4a71-89da-608a29528fbc@group-2A83B72E6DCA-LeaderElection3
2022-05-26 01:43:01,168 [188e6322-4ef2-4a71-89da-608a29528fbc@group-2A83B72E6DCA-LeaderElection3] INFO  server.RaftServer$Division (RaftServerImpl.java:setRole(299)) - 188e6322-4ef2-4a71-89da-608a29528fbc@group-2A83B72E6DCA: changes role from CANDIDATE to LEADER at term 1 for changeToLeader
2022-05-26 01:43:01,168 [188e6322-4ef2-4a71-89da-608a29528fbc@group-2A83B72E6DCA-LeaderElection3] INFO  ratis.XceiverServerRatis (XceiverServerRatis.java:handleLeaderChangedNotification(863)) - Leader change notification received for group: group-2A83B72E6DCA with new leaderId: 188e6322-4ef2-4a71-89da-608a29528fbc
2022-05-26 01:43:01,168 [188e6322-4ef2-4a71-89da-608a29528fbc@group-2A83B72E6DCA-LeaderElection3] INFO  server.RaftServer$Division (ServerState.java:setLeader(287)) - 188e6322-4ef2-4a71-89da-608a29528fbc@group-2A83B72E6DCA: change Leader from null to 188e6322-4ef2-4a71-89da-608a29528fbc at term 1 for becomeLeader, leader elected after 5217ms
2022-05-26 01:43:01,168 [188e6322-4ef2-4a71-89da-608a29528fbc@group-2A83B72E6DCA-LeaderElection3] INFO  server.RaftServerConfigKeys (ConfUtils.java:logGet(46)) - raft.server.staging.catchup.gap = 1000 (default)
2022-05-26 01:43:01,169 [188e6322-4ef2-4a71-89da-608a29528fbc@group-2A83B72E6DCA-LeaderElection3] INFO  server.RaftServerConfigKeys (ConfUtils.java:logGet(46)) - raft.server.write.element-limit = 1024 (custom)
2022-05-26 01:43:01,169 [188e6322-4ef2-4a71-89da-608a29528fbc@group-2A83B72E6DCA-LeaderElection3] INFO  server.RaftServerConfigKeys (ConfUtils.java:logGet(46)) - raft.server.write.byte-limit = 1024 M (=1073741824) (custom)
2022-05-26 01:43:01,169 [188e6322-4ef2-4a71-89da-608a29528fbc@group-2A83B72E6DCA-LeaderElection3] INFO  server.RaftServerConfigKeys (ConfUtils.java:logGet(46)) - raft.server.watch.timeout = 180s (custom)
2022-05-26 01:43:01,169 [188e6322-4ef2-4a71-89da-608a29528fbc@group-2A83B72E6DCA-LeaderElection3] INFO  server.RaftServerConfigKeys (ConfUtils.java:logGet(46)) - raft.server.watch.timeout.denomination = 1s (default)
2022-05-26 01:43:01,169 [188e6322-4ef2-4a71-89da-608a29528fbc@group-2A83B72E6DCA-LeaderElection3] INFO  server.RaftServerConfigKeys (ConfUtils.java:logGet(46)) - raft.server.watch.element-limit = 65536 (default)
2022-05-26 01:43:01,169 [188e6322-4ef2-4a71-89da-608a29528fbc@group-2A83B72E6DCA-LeaderElection3] INFO  server.RaftServerConfigKeys (ConfUtils.java:logGet(46)) - raft.server.write.element-limit = 1024 (custom)
2022-05-26 01:43:01,169 [188e6322-4ef2-4a71-89da-608a29528fbc@group-2A83B72E6DCA-LeaderElection3] INFO  server.RaftServerConfigKeys (ConfUtils.java:logGet(46)) - raft.server.write.follower.gap.ratio.max = -1.0 (default)
2022-05-26 01:43:01,169 [188e6322-4ef2-4a71-89da-608a29528fbc@group-2A83B72E6DCA-LeaderElection3] INFO  impl.RoleInfo (RoleInfo.java:updateAndGet(139)) - 188e6322-4ef2-4a71-89da-608a29528fbc: start 188e6322-4ef2-4a71-89da-608a29528fbc@group-2A83B72E6DCA-LeaderStateImpl
2022-05-26 01:43:01,170 [188e6322-4ef2-4a71-89da-608a29528fbc@group-2A83B72E6DCA-LeaderElection3] INFO  segmented.SegmentedRaftLogWorker (SegmentedRaftLogWorker.java:startLogSegment(425)) - 188e6322-4ef2-4a71-89da-608a29528fbc@group-2A83B72E6DCA-SegmentedRaftLogWorker: Starting segment from index:0
2022-05-26 01:43:01,176 [188e6322-4ef2-4a71-89da-608a29528fbc@group-2A83B72E6DCA-LeaderElection3] INFO  server.RaftServer$Division (ServerState.java:setRaftConf(393)) - 188e6322-4ef2-4a71-89da-608a29528fbc@group-2A83B72E6DCA: set configuration 0: [188e6322-4ef2-4a71-89da-608a29528fbc|rpc:10.1.0.18:44013|dataStream:|priority:1], old=null
2022-05-26 01:43:01,176 [188e6322-4ef2-4a71-89da-608a29528fbc@group-2A83B72E6DCA-SegmentedRaftLogWorker] INFO  segmented.SegmentedRaftLogWorker (SegmentedRaftLogWorker.java:execute(629)) - 188e6322-4ef2-4a71-89da-608a29528fbc@group-2A83B72E6DCA-SegmentedRaftLogWorker: created new log segment /home/runner/work/ozone/ozone/hadoop-ozone/integration-test/target/test-dir/MiniOzoneClusterImpl-4cee1738-eecc-4734-9a97-ff8680d0f2db/datanode-0/data/ratis/381d11b0-1194-4070-babd-2a83b72e6dca/current/log_inprogress_0
2022-05-26 01:43:01,178 [grpc-default-executor-0] INFO  server.RaftServer$Division (RaftServerImpl.java:requestVote(1184)) - d2fc9f26-dffe-4229-be93-2517f0a7bdfc@group-EA0D25B9CDFA replies to ELECTION vote request: 188e6322-4ef2-4a71-89da-608a29528fbc<-d2fc9f26-dffe-4229-be93-2517f0a7bdfc#0:OK-t1. Peer's state: d2fc9f26-dffe-4229-be93-2517f0a7bdfc@group-EA0D25B9CDFA:t1, leader=null, voted=188e6322-4ef2-4a71-89da-608a29528fbc, raftlog=d2fc9f26-dffe-4229-be93-2517f0a7bdfc@group-EA0D25B9CDFA-SegmentedRaftLog:OPENED:c-1, conf=-1: [62c6bd2b-7e09-4371-b397-0d718b04b31f|rpc:10.1.0.18:43333|dataStream:|priority:0, 188e6322-4ef2-4a71-89da-608a29528fbc|rpc:10.1.0.18:44013|dataStream:|priority:1, d2fc9f26-dffe-4229-be93-2517f0a7bdfc|rpc:10.1.0.18:41827|dataStream:|priority:0], old=null
2022-05-26 01:43:01,179 [grpc-default-executor-1] INFO  server.RaftServer$Division (RaftServerImpl.java:requestVote(1184)) - 62c6bd2b-7e09-4371-b397-0d718b04b31f@group-EA0D25B9CDFA replies to ELECTION vote request: 188e6322-4ef2-4a71-89da-608a29528fbc<-62c6bd2b-7e09-4371-b397-0d718b04b31f#0:OK-t1. Peer's state: 62c6bd2b-7e09-4371-b397-0d718b04b31f@group-EA0D25B9CDFA:t1, leader=null, voted=188e6322-4ef2-4a71-89da-608a29528fbc, raftlog=62c6bd2b-7e09-4371-b397-0d718b04b31f@group-EA0D25B9CDFA-SegmentedRaftLog:OPENED:c-1, conf=-1: [62c6bd2b-7e09-4371-b397-0d718b04b31f|rpc:10.1.0.18:43333|priority:0, 188e6322-4ef2-4a71-89da-608a29528fbc|rpc:10.1.0.18:44013|priority:1, d2fc9f26-dffe-4229-be93-2517f0a7bdfc|rpc:10.1.0.18:41827|priority:0], old=null
2022-05-26 01:43:01,182 [EventQueue-OpenPipelineForHealthyPipelineSafeModeRule] INFO  safemode.SCMSafeModeManager (HealthyPipelineSafeModeRule.java:process(124)) - SCM in safe mode. Healthy pipelines reported count is 0, required healthy pipeline reported count is 1
2022-05-26 01:43:01,182 [188e6322-4ef2-4a71-89da-608a29528fbc@group-EA0D25B9CDFA-LeaderElection2] INFO  impl.LeaderElection (LeaderElection.java:logAndReturn(90)) - 188e6322-4ef2-4a71-89da-608a29528fbc@group-EA0D25B9CDFA-LeaderElection2: ELECTION PASSED received 1 response(s) and 0 exception(s):
2022-05-26 01:43:01,185 [188e6322-4ef2-4a71-89da-608a29528fbc@group-EA0D25B9CDFA-LeaderElection2] INFO  impl.LeaderElection (LeaderElection.java:logAndReturn(94)) -   Response 0: 188e6322-4ef2-4a71-89da-608a29528fbc<-d2fc9f26-dffe-4229-be93-2517f0a7bdfc#0:OK-t1
2022-05-26 01:43:01,185 [188e6322-4ef2-4a71-89da-608a29528fbc@group-EA0D25B9CDFA-LeaderElection2] INFO  impl.LeaderElection (LeaderElection.java:askForVotes(312)) - 188e6322-4ef2-4a71-89da-608a29528fbc@group-EA0D25B9CDFA-LeaderElection2 ELECTION round 0: result PASSED
2022-05-26 01:43:01,185 [188e6322-4ef2-4a71-89da-608a29528fbc@group-EA0D25B9CDFA-LeaderElection2] INFO  impl.RoleInfo (RoleInfo.java:shutdownLeaderElection(130)) - 188e6322-4ef2-4a71-89da-608a29528fbc: shutdown 188e6322-4ef2-4a71-89da-608a29528fbc@group-EA0D25B9CDFA-LeaderElection2
2022-05-26 01:43:01,185 [188e6322-4ef2-4a71-89da-608a29528fbc@group-EA0D25B9CDFA-LeaderElection2] INFO  server.RaftServer$Division (RaftServerImpl.java:setRole(299)) - 188e6322-4ef2-4a71-89da-608a29528fbc@group-EA0D25B9CDFA: changes role from CANDIDATE to LEADER at term 1 for changeToLeader
2022-05-26 01:43:01,185 [188e6322-4ef2-4a71-89da-608a29528fbc@group-EA0D25B9CDFA-LeaderElection2] INFO  ratis.XceiverServerRatis (XceiverServerRatis.java:handleLeaderChangedNotification(863)) - Leader change notification received for group: group-EA0D25B9CDFA with new leaderId: 188e6322-4ef2-4a71-89da-608a29528fbc
2022-05-26 01:43:01,185 [188e6322-4ef2-4a71-89da-608a29528fbc@group-EA0D25B9CDFA-LeaderElection2] INFO  server.RaftServer$Division (ServerState.java:setLeader(287)) - 188e6322-4ef2-4a71-89da-608a29528fbc@group-EA0D25B9CDFA: change Leader from null to 188e6322-4ef2-4a71-89da-608a29528fbc at term 1 for becomeLeader, leader elected after 5186ms
2022-05-26 01:43:01,185 [188e6322-4ef2-4a71-89da-608a29528fbc@group-EA0D25B9CDFA-LeaderElection2] INFO  server.RaftServerConfigKeys (ConfUtils.java:logGet(46)) - raft.server.staging.catchup.gap = 1000 (default)
2022-05-26 01:43:01,186 [188e6322-4ef2-4a71-89da-608a29528fbc@group-EA0D25B9CDFA-LeaderElection2] INFO  server.RaftServerConfigKeys (ConfUtils.java:logGet(46)) - raft.server.write.element-limit = 1024 (custom)
2022-05-26 01:43:01,186 [188e6322-4ef2-4a71-89da-608a29528fbc@group-EA0D25B9CDFA-LeaderElection2] INFO  server.RaftServerConfigKeys (ConfUtils.java:logGet(46)) - raft.server.write.byte-limit = 1024 M (=1073741824) (custom)
2022-05-26 01:43:01,186 [188e6322-4ef2-4a71-89da-608a29528fbc@group-EA0D25B9CDFA-LeaderElection2] INFO  server.RaftServerConfigKeys (ConfUtils.java:logGet(46)) - raft.server.watch.timeout = 180s (custom)
2022-05-26 01:43:01,186 [188e6322-4ef2-4a71-89da-608a29528fbc@group-EA0D25B9CDFA-LeaderElection2] INFO  server.RaftServerConfigKeys (ConfUtils.java:logGet(46)) - raft.server.watch.timeout.denomination = 1s (default)
2022-05-26 01:43:01,186 [188e6322-4ef2-4a71-89da-608a29528fbc@group-EA0D25B9CDFA-LeaderElection2] INFO  server.RaftServerConfigKeys (ConfUtils.java:logGet(46)) - raft.server.watch.element-limit = 65536 (default)
2022-05-26 01:43:01,186 [188e6322-4ef2-4a71-89da-608a29528fbc@group-EA0D25B9CDFA-LeaderElection2] INFO  server.RaftServerConfigKeys (ConfUtils.java:logGet(46)) - raft.server.write.element-limit = 1024 (custom)
2022-05-26 01:43:01,186 [188e6322-4ef2-4a71-89da-608a29528fbc@group-EA0D25B9CDFA-LeaderElection2] INFO  server.RaftServerConfigKeys (ConfUtils.java:logGet(46)) - raft.server.write.follower.gap.ratio.max = -1.0 (default)
2022-05-26 01:43:01,192 [EventQueue-PipelineReportForPipelineReportHandler] INFO  pipeline.PipelineManagerImpl (PipelineManagerImpl.java:openPipeline(336)) - Pipeline Pipeline[ Id: b8c7afba-3c46-46aa-912d-ea0d25b9cdfa, Nodes: 62c6bd2b-7e09-4371-b397-0d718b04b31f{ip: 10.1.0.18, host: fv-az270-854.tacnzluakwdehk1hpragurqkma.bx.internal.cloudapp.net, ports: [REPLICATION=42191, RATIS=43333, RATIS_ADMIN=43333, RATIS_SERVER=43333, STANDALONE=39201], networkLocation: /default-rack, certSerialId: null, persistedOpState: IN_SERVICE, persistedOpStateExpiryEpochSec: 0}d2fc9f26-dffe-4229-be93-2517f0a7bdfc{ip: 10.1.0.18, host: fv-az270-854.tacnzluakwdehk1hpragurqkma.bx.internal.cloudapp.net, ports: [REPLICATION=34015, RATIS=41827, RATIS_ADMIN=41827, RATIS_SERVER=41827, STANDALONE=38341], networkLocation: /default-rack, certSerialId: null, persistedOpState: IN_SERVICE, persistedOpStateExpiryEpochSec: 0}188e6322-4ef2-4a71-89da-608a29528fbc{ip: 10.1.0.18, host: fv-az270-854.tacnzluakwdehk1hpragurqkma.bx.internal.cloudapp.net, ports: [REPLICATION=41033, RATIS=44013, RATIS_ADMIN=44013, RATIS_SERVER=44013, STANDALONE=45527], networkLocation: /default-rack, certSerialId: null, persistedOpState: IN_SERVICE, persistedOpStateExpiryEpochSec: 0}, ReplicationConfig: RATIS/THREE, State:ALLOCATED, leaderId:188e6322-4ef2-4a71-89da-608a29528fbc, CreationTimestamp2022-05-26T01:42:53.735Z[Etc/UTC]] moved to OPEN state
2022-05-26 01:43:01,192 [EventQueue-OpenPipelineForHealthyPipelineSafeModeRule] INFO  safemode.SCMSafeModeManager (HealthyPipelineSafeModeRule.java:process(124)) - SCM in safe mode. Healthy pipelines reported count is 1, required healthy pipeline reported count is 1
2022-05-26 01:43:01,192 [EventQueue-OpenPipelineForHealthyPipelineSafeModeRule] INFO  safemode.SCMSafeModeManager (SCMSafeModeManager.java:validateSafeModeExitRules(204)) - HealthyPipelineSafeModeRule rule is successfully validated
2022-05-26 01:43:01,192 [EventQueue-OpenPipelineForHealthyPipelineSafeModeRule] INFO  safemode.SCMSafeModeManager (SCMSafeModeManager.java:validateSafeModeExitRules(219)) - ScmSafeModeManager, all rules are successfully validated
2022-05-26 01:43:01,193 [EventQueue-OpenPipelineForHealthyPipelineSafeModeRule] INFO  safemode.SCMSafeModeManager (SCMSafeModeManager.java:exitSafeMode(248)) - SCM exiting safe mode.
2022-05-26 01:43:01,193 [EventQueue-OpenPipelineForHealthyPipelineSafeModeRule] WARN  events.EventQueue (EventQueue.java:fireEvent(194)) - No event handler registered for event TypedEvent{payloadType=SafeModeStatus, name='Safe mode status'}
2022-05-26 01:43:01,193 [EventQueue-OpenPipelineForHealthyPipelineSafeModeRule] INFO  ha.SCMContext (SCMContext.java:updateSafeModeStatus(211)) - Update SafeModeStatus from SafeModeStatus{safeModeStatus=true, preCheckPassed=true} to SafeModeStatus{safeModeStatus=false, preCheckPassed=true}.
2022-05-26 01:43:01,193 [EventQueue-OpenPipelineForHealthyPipelineSafeModeRule] INFO  pipeline.BackgroundPipelineCreator (BackgroundPipelineCreator.java:notifyStatusChanged(251)) - Service BackgroundPipelineCreator transitions to RUNNING.
2022-05-26 01:43:01,193 [EventQueue-OpenPipelineForHealthyPipelineSafeModeRule] INFO  pipeline.BackgroundPipelineScrubber (BackgroundPipelineScrubber.java:notifyStatusChanged(88)) - Service BackgroundPipelineScrubber transitions to RUNNING.
2022-05-26 01:43:01,193 [EventQueue-OpenPipelineForHealthyPipelineSafeModeRule] INFO  ExpiredContainerReplicaOpScrubber (BackgroundSCMService.java:notifyStatusChanged(82)) - Service ExpiredContainerReplicaOpScrubber transitions to RUNNING.
2022-05-26 01:43:01,193 [EventQueue-OpenPipelineForHealthyPipelineSafeModeRule] INFO  replication.ReplicationManager (ReplicationManager.java:notifyStatusChanged(372)) - Service ReplicationManager transitions to RUNNING.
2022-05-26 01:43:01,197 [188e6322-4ef2-4a71-89da-608a29528fbc@group-EA0D25B9CDFA-LeaderElection2] INFO  server.RaftServerConfigKeys (ConfUtils.java:logGet(46)) - raft.server.log.appender.snapshot.chunk.size.max = 16MB (=16777216) (default)
2022-05-26 01:43:01,200 [188e6322-4ef2-4a71-89da-608a29528fbc@group-EA0D25B9CDFA-LeaderElection2] INFO  server.RaftServerConfigKeys (ConfUtils.java:logGet(46)) - raft.server.log.appender.buffer.byte-limit = 33554432 (custom)
2022-05-26 01:43:01,200 [188e6322-4ef2-4a71-89da-608a29528fbc@group-EA0D25B9CDFA-LeaderElection2] INFO  server.RaftServerConfigKeys (ConfUtils.java:logGet(46)) - raft.server.log.appender.buffer.element-limit = 1 (custom)
2022-05-26 01:43:01,203 [188e6322-4ef2-4a71-89da-608a29528fbc@group-EA0D25B9CDFA-LeaderElection2] INFO  grpc.GrpcConfigKeys (ConfUtils.java:logGet(46)) - raft.grpc.server.leader.outstanding.appends.max = 128 (default)
2022-05-26 01:43:01,203 [188e6322-4ef2-4a71-89da-608a29528fbc@group-EA0D25B9CDFA-LeaderElection2] INFO  server.RaftServerConfigKeys (ConfUtils.java:logGet(46)) - raft.server.rpc.request.timeout = 60s (custom)
2022-05-26 01:43:01,203 [188e6322-4ef2-4a71-89da-608a29528fbc@group-EA0D25B9CDFA-LeaderElection2] INFO  server.RaftServerConfigKeys (ConfUtils.java:logGet(46)) - raft.server.log.appender.install.snapshot.enabled = false (custom)
2022-05-26 01:43:01,205 [188e6322-4ef2-4a71-89da-608a29528fbc@group-EA0D25B9CDFA-LeaderElection2] INFO  server.RaftServerConfigKeys (ConfUtils.java:logGet(46)) - raft.server.log.appender.snapshot.chunk.size.max = 16MB (=16777216) (default)
2022-05-26 01:43:01,205 [188e6322-4ef2-4a71-89da-608a29528fbc@group-EA0D25B9CDFA-LeaderElection2] INFO  server.RaftServerConfigKeys (ConfUtils.java:logGet(46)) - raft.server.log.appender.buffer.byte-limit = 33554432 (custom)
2022-05-26 01:43:01,205 [188e6322-4ef2-4a71-89da-608a29528fbc@group-EA0D25B9CDFA-LeaderElection2] INFO  server.RaftServerConfigKeys (ConfUtils.java:logGet(46)) - raft.server.log.appender.buffer.element-limit = 1 (custom)
2022-05-26 01:43:01,205 [188e6322-4ef2-4a71-89da-608a29528fbc@group-EA0D25B9CDFA-LeaderElection2] INFO  grpc.GrpcConfigKeys (ConfUtils.java:logGet(46)) - raft.grpc.server.leader.outstanding.appends.max = 128 (default)
2022-05-26 01:43:01,205 [188e6322-4ef2-4a71-89da-608a29528fbc@group-EA0D25B9CDFA-LeaderElection2] INFO  server.RaftServerConfigKeys (ConfUtils.java:logGet(46)) - raft.server.rpc.request.timeout = 60s (custom)
2022-05-26 01:43:01,205 [188e6322-4ef2-4a71-89da-608a29528fbc@group-EA0D25B9CDFA-LeaderElection2] INFO  server.RaftServerConfigKeys (ConfUtils.java:logGet(46)) - raft.server.log.appender.install.snapshot.enabled = false (custom)
2022-05-26 01:43:01,206 [188e6322-4ef2-4a71-89da-608a29528fbc@group-EA0D25B9CDFA-LeaderElection2] INFO  impl.RoleInfo (RoleInfo.java:updateAndGet(139)) - 188e6322-4ef2-4a71-89da-608a29528fbc: start 188e6322-4ef2-4a71-89da-608a29528fbc@group-EA0D25B9CDFA-LeaderStateImpl
2022-05-26 01:43:01,207 [188e6322-4ef2-4a71-89da-608a29528fbc@group-EA0D25B9CDFA-LeaderElection2] INFO  segmented.SegmentedRaftLogWorker (SegmentedRaftLogWorker.java:startLogSegment(425)) - 188e6322-4ef2-4a71-89da-608a29528fbc@group-EA0D25B9CDFA-SegmentedRaftLogWorker: Starting segment from index:0
2022-05-26 01:43:01,208 [188e6322-4ef2-4a71-89da-608a29528fbc@group-EA0D25B9CDFA-SegmentedRaftLogWorker] INFO  segmented.SegmentedRaftLogWorker (SegmentedRaftLogWorker.java:execute(629)) - 188e6322-4ef2-4a71-89da-608a29528fbc@group-EA0D25B9CDFA-SegmentedRaftLogWorker: created new log segment /home/runner/work/ozone/ozone/hadoop-ozone/integration-test/target/test-dir/MiniOzoneClusterImpl-4cee1738-eecc-4734-9a97-ff8680d0f2db/datanode-0/data/ratis/b8c7afba-3c46-46aa-912d-ea0d25b9cdfa/current/log_inprogress_0
2022-05-26 01:43:01,214 [188e6322-4ef2-4a71-89da-608a29528fbc@group-EA0D25B9CDFA-LeaderElection2] INFO  server.RaftServer$Division (ServerState.java:setRaftConf(393)) - 188e6322-4ef2-4a71-89da-608a29528fbc@group-EA0D25B9CDFA: set configuration 0: [62c6bd2b-7e09-4371-b397-0d718b04b31f|rpc:10.1.0.18:43333|dataStream:|priority:0, 188e6322-4ef2-4a71-89da-608a29528fbc|rpc:10.1.0.18:44013|dataStream:|priority:1, d2fc9f26-dffe-4229-be93-2517f0a7bdfc|rpc:10.1.0.18:41827|dataStream:|priority:0], old=null
2022-05-26 01:43:01,244 [62c6bd2b-7e09-4371-b397-0d718b04b31f-server-thread1] INFO  ratis.XceiverServerRatis (XceiverServerRatis.java:handleLeaderChangedNotification(863)) - Leader change notification received for group: group-EA0D25B9CDFA with new leaderId: 188e6322-4ef2-4a71-89da-608a29528fbc
2022-05-26 01:43:01,244 [62c6bd2b-7e09-4371-b397-0d718b04b31f-server-thread1] INFO  server.RaftServer$Division (ServerState.java:setLeader(287)) - 62c6bd2b-7e09-4371-b397-0d718b04b31f@group-EA0D25B9CDFA: change Leader from null to 188e6322-4ef2-4a71-89da-608a29528fbc at term 1 for appendEntries, leader elected after 4766ms
2022-05-26 01:43:01,253 [d2fc9f26-dffe-4229-be93-2517f0a7bdfc-server-thread1] INFO  ratis.XceiverServerRatis (XceiverServerRatis.java:handleLeaderChangedNotification(863)) - Leader change notification received for group: group-EA0D25B9CDFA with new leaderId: 188e6322-4ef2-4a71-89da-608a29528fbc
2022-05-26 01:43:01,253 [d2fc9f26-dffe-4229-be93-2517f0a7bdfc-server-thread1] INFO  server.RaftServer$Division (ServerState.java:setLeader(287)) - d2fc9f26-dffe-4229-be93-2517f0a7bdfc@group-EA0D25B9CDFA: change Leader from null to 188e6322-4ef2-4a71-89da-608a29528fbc at term 1 for appendEntries, leader elected after 4685ms
2022-05-26 01:43:01,272 [d2fc9f26-dffe-4229-be93-2517f0a7bdfc-server-thread1] INFO  server.RaftServer$Division (ServerState.java:setRaftConf(393)) - d2fc9f26-dffe-4229-be93-2517f0a7bdfc@group-EA0D25B9CDFA: set configuration 0: [62c6bd2b-7e09-4371-b397-0d718b04b31f|rpc:10.1.0.18:43333|dataStream:|priority:0, 188e6322-4ef2-4a71-89da-608a29528fbc|rpc:10.1.0.18:44013|dataStream:|priority:1, d2fc9f26-dffe-4229-be93-2517f0a7bdfc|rpc:10.1.0.18:41827|dataStream:|priority:0], old=null
2022-05-26 01:43:01,272 [62c6bd2b-7e09-4371-b397-0d718b04b31f-server-thread1] INFO  server.RaftServer$Division (ServerState.java:setRaftConf(393)) - 62c6bd2b-7e09-4371-b397-0d718b04b31f@group-EA0D25B9CDFA: set configuration 0: [62c6bd2b-7e09-4371-b397-0d718b04b31f|rpc:10.1.0.18:43333|dataStream:|priority:0, 188e6322-4ef2-4a71-89da-608a29528fbc|rpc:10.1.0.18:44013|dataStream:|priority:1, d2fc9f26-dffe-4229-be93-2517f0a7bdfc|rpc:10.1.0.18:41827|dataStream:|priority:0], old=null
2022-05-26 01:43:01,273 [d2fc9f26-dffe-4229-be93-2517f0a7bdfc-server-thread1] INFO  segmented.SegmentedRaftLogWorker (SegmentedRaftLogWorker.java:startLogSegment(425)) - d2fc9f26-dffe-4229-be93-2517f0a7bdfc@group-EA0D25B9CDFA-SegmentedRaftLogWorker: Starting segment from index:0
2022-05-26 01:43:01,275 [62c6bd2b-7e09-4371-b397-0d718b04b31f-server-thread1] INFO  segmented.SegmentedRaftLogWorker (SegmentedRaftLogWorker.java:startLogSegment(425)) - 62c6bd2b-7e09-4371-b397-0d718b04b31f@group-EA0D25B9CDFA-SegmentedRaftLogWorker: Starting segment from index:0
2022-05-26 01:43:01,276 [62c6bd2b-7e09-4371-b397-0d718b04b31f@group-EA0D25B9CDFA-SegmentedRaftLogWorker] INFO  segmented.SegmentedRaftLogWorker (SegmentedRaftLogWorker.java:execute(629)) - 62c6bd2b-7e09-4371-b397-0d718b04b31f@group-EA0D25B9CDFA-SegmentedRaftLogWorker: created new log segment /home/runner/work/ozone/ozone/hadoop-ozone/integration-test/target/test-dir/MiniOzoneClusterImpl-4cee1738-eecc-4734-9a97-ff8680d0f2db/datanode-1/data/ratis/b8c7afba-3c46-46aa-912d-ea0d25b9cdfa/current/log_inprogress_0
2022-05-26 01:43:01,276 [d2fc9f26-dffe-4229-be93-2517f0a7bdfc@group-EA0D25B9CDFA-SegmentedRaftLogWorker] INFO  segmented.SegmentedRaftLogWorker (SegmentedRaftLogWorker.java:execute(629)) - d2fc9f26-dffe-4229-be93-2517f0a7bdfc@group-EA0D25B9CDFA-SegmentedRaftLogWorker: created new log segment /home/runner/work/ozone/ozone/hadoop-ozone/integration-test/target/test-dir/MiniOzoneClusterImpl-4cee1738-eecc-4734-9a97-ff8680d0f2db/datanode-2/data/ratis/b8c7afba-3c46-46aa-912d-ea0d25b9cdfa/current/log_inprogress_0
2022-05-26 01:43:01,655 [62c6bd2b-7e09-4371-b397-0d718b04b31f@group-F27048EA8597-FollowerState] INFO  impl.FollowerState (FollowerState.java:run(143)) - 62c6bd2b-7e09-4371-b397-0d718b04b31f@group-F27048EA8597-FollowerState: change to CANDIDATE, lastRpcElapsedTime:5191189015ns, electionTimeout:5190ms
2022-05-26 01:43:01,656 [62c6bd2b-7e09-4371-b397-0d718b04b31f@group-F27048EA8597-FollowerState] INFO  impl.RoleInfo (RoleInfo.java:shutdownFollowerState(110)) - 62c6bd2b-7e09-4371-b397-0d718b04b31f: shutdown 62c6bd2b-7e09-4371-b397-0d718b04b31f@group-F27048EA8597-FollowerState
2022-05-26 01:43:01,656 [62c6bd2b-7e09-4371-b397-0d718b04b31f@group-F27048EA8597-FollowerState] INFO  server.RaftServer$Division (RaftServerImpl.java:setRole(299)) - 62c6bd2b-7e09-4371-b397-0d718b04b31f@group-F27048EA8597: changes role from  FOLLOWER to CANDIDATE at term 0 for changeToCandidate
2022-05-26 01:43:01,656 [62c6bd2b-7e09-4371-b397-0d718b04b31f@group-F27048EA8597-FollowerState] INFO  server.RaftServerConfigKeys (ConfUtils.java:logGet(46)) - raft.server.leaderelection.pre-vote = false (custom)
2022-05-26 01:43:01,656 [62c6bd2b-7e09-4371-b397-0d718b04b31f@group-F27048EA8597-FollowerState] INFO  impl.RoleInfo (RoleInfo.java:updateAndGet(139)) - 62c6bd2b-7e09-4371-b397-0d718b04b31f: start 62c6bd2b-7e09-4371-b397-0d718b04b31f@group-F27048EA8597-LeaderElection4
2022-05-26 01:43:01,659 [62c6bd2b-7e09-4371-b397-0d718b04b31f@group-F27048EA8597-LeaderElection4] INFO  impl.LeaderElection (LeaderElection.java:askForVotes(310)) - 62c6bd2b-7e09-4371-b397-0d718b04b31f@group-F27048EA8597-LeaderElection4 ELECTION round 0: submit vote requests at term 1 for -1: [62c6bd2b-7e09-4371-b397-0d718b04b31f|rpc:10.1.0.18:43333|priority:1], old=null
2022-05-26 01:43:01,659 [62c6bd2b-7e09-4371-b397-0d718b04b31f@group-F27048EA8597-LeaderElection4] INFO  impl.LeaderElection (LeaderElection.java:askForVotes(312)) - 62c6bd2b-7e09-4371-b397-0d718b04b31f@group-F27048EA8597-LeaderElection4 ELECTION round 0: result PASSED (term=1)
2022-05-26 01:43:01,659 [62c6bd2b-7e09-4371-b397-0d718b04b31f@group-F27048EA8597-LeaderElection4] INFO  impl.RoleInfo (RoleInfo.java:shutdownLeaderElection(130)) - 62c6bd2b-7e09-4371-b397-0d718b04b31f: shutdown 62c6bd2b-7e09-4371-b397-0d718b04b31f@group-F27048EA8597-LeaderElection4
2022-05-26 01:43:01,659 [62c6bd2b-7e09-4371-b397-0d718b04b31f@group-F27048EA8597-LeaderElection4] INFO  server.RaftServer$Division (RaftServerImpl.java:setRole(299)) - 62c6bd2b-7e09-4371-b397-0d718b04b31f@group-F27048EA8597: changes role from CANDIDATE to LEADER at term 1 for changeToLeader
2022-05-26 01:43:01,659 [62c6bd2b-7e09-4371-b397-0d718b04b31f@group-F27048EA8597-LeaderElection4] INFO  ratis.XceiverServerRatis (XceiverServerRatis.java:handleLeaderChangedNotification(863)) - Leader change notification received for group: group-F27048EA8597 with new leaderId: 62c6bd2b-7e09-4371-b397-0d718b04b31f
2022-05-26 01:43:01,659 [62c6bd2b-7e09-4371-b397-0d718b04b31f@group-F27048EA8597-LeaderElection4] INFO  server.RaftServer$Division (ServerState.java:setLeader(287)) - 62c6bd2b-7e09-4371-b397-0d718b04b31f@group-F27048EA8597: change Leader from null to 62c6bd2b-7e09-4371-b397-0d718b04b31f at term 1 for becomeLeader, leader elected after 5207ms
2022-05-26 01:43:01,659 [62c6bd2b-7e09-4371-b397-0d718b04b31f@group-F27048EA8597-LeaderElection4] INFO  server.RaftServerConfigKeys (ConfUtils.java:logGet(46)) - raft.server.staging.catchup.gap = 1000 (default)
2022-05-26 01:43:01,659 [62c6bd2b-7e09-4371-b397-0d718b04b31f@group-F27048EA8597-LeaderElection4] INFO  server.RaftServerConfigKeys (ConfUtils.java:logGet(46)) - raft.server.write.element-limit = 1024 (custom)
2022-05-26 01:43:01,659 [62c6bd2b-7e09-4371-b397-0d718b04b31f@group-F27048EA8597-LeaderElection4] INFO  server.RaftServerConfigKeys (ConfUtils.java:logGet(46)) - raft.server.write.byte-limit = 1024 M (=1073741824) (custom)
2022-05-26 01:43:01,660 [62c6bd2b-7e09-4371-b397-0d718b04b31f@group-F27048EA8597-LeaderElection4] INFO  server.RaftServerConfigKeys (ConfUtils.java:logGet(46)) - raft.server.watch.timeout = 180s (custom)
2022-05-26 01:43:01,660 [62c6bd2b-7e09-4371-b397-0d718b04b31f@group-F27048EA8597-LeaderElection4] INFO  server.RaftServerConfigKeys (ConfUtils.java:logGet(46)) - raft.server.watch.timeout.denomination = 1s (default)
2022-05-26 01:43:01,660 [62c6bd2b-7e09-4371-b397-0d718b04b31f@group-F27048EA8597-LeaderElection4] INFO  server.RaftServerConfigKeys (ConfUtils.java:logGet(46)) - raft.server.watch.element-limit = 65536 (default)
2022-05-26 01:43:01,660 [62c6bd2b-7e09-4371-b397-0d718b04b31f@group-F27048EA8597-LeaderElection4] INFO  server.RaftServerConfigKeys (ConfUtils.java:logGet(46)) - raft.server.write.element-limit = 1024 (custom)
2022-05-26 01:43:01,660 [62c6bd2b-7e09-4371-b397-0d718b04b31f@group-F27048EA8597-LeaderElection4] INFO  server.RaftServerConfigKeys (ConfUtils.java:logGet(46)) - raft.server.write.follower.gap.ratio.max = -1.0 (default)
2022-05-26 01:43:01,660 [62c6bd2b-7e09-4371-b397-0d718b04b31f@group-F27048EA8597-LeaderElection4] INFO  impl.RoleInfo (RoleInfo.java:updateAndGet(139)) - 62c6bd2b-7e09-4371-b397-0d718b04b31f: start 62c6bd2b-7e09-4371-b397-0d718b04b31f@group-F27048EA8597-LeaderStateImpl
2022-05-26 01:43:01,661 [62c6bd2b-7e09-4371-b397-0d718b04b31f@group-F27048EA8597-LeaderElection4] INFO  segmented.SegmentedRaftLogWorker (SegmentedRaftLogWorker.java:startLogSegment(425)) - 62c6bd2b-7e09-4371-b397-0d718b04b31f@group-F27048EA8597-SegmentedRaftLogWorker: Starting segment from index:0
2022-05-26 01:43:01,662 [62c6bd2b-7e09-4371-b397-0d718b04b31f@group-F27048EA8597-SegmentedRaftLogWorker] INFO  segmented.SegmentedRaftLogWorker (SegmentedRaftLogWorker.java:execute(629)) - 62c6bd2b-7e09-4371-b397-0d718b04b31f@group-F27048EA8597-SegmentedRaftLogWorker: created new log segment /home/runner/work/ozone/ozone/hadoop-ozone/integration-test/target/test-dir/MiniOzoneClusterImpl-4cee1738-eecc-4734-9a97-ff8680d0f2db/datanode-1/data/ratis/2f002a2a-2124-4196-8ccc-f27048ea8597/current/log_inprogress_0
2022-05-26 01:43:01,670 [62c6bd2b-7e09-4371-b397-0d718b04b31f@group-F27048EA8597-LeaderElection4] INFO  server.RaftServer$Division (ServerState.java:setRaftConf(393)) - 62c6bd2b-7e09-4371-b397-0d718b04b31f@group-F27048EA8597: set configuration 0: [62c6bd2b-7e09-4371-b397-0d718b04b31f|rpc:10.1.0.18:43333|dataStream:|priority:1], old=null
2022-05-26 01:43:01,737 [Listener at 127.0.0.1/44561] INFO  ozone.MiniOzoneClusterImpl (MiniOzoneClusterImpl.java:lambda$waitForClusterToBeReady$0(221)) - Nodes are ready. Got 3 of 3 DN Heartbeats.
2022-05-26 01:43:01,738 [Listener at 127.0.0.1/44561] INFO  ozone.MiniOzoneClusterImpl (MiniOzoneClusterImpl.java:lambda$waitForClusterToBeReady$0(224)) - Cluster exits safe mode
2022-05-26 01:43:01,738 [Listener at 127.0.0.1/44561] INFO  ozone.MiniOzoneClusterImpl (MiniOzoneClusterImpl.java:lambda$waitForClusterToBeReady$0(226)) - SCM became leader
]]></system-out>
    <rerunFailure type="java.lang.AssertionError">
      <stackTrace><![CDATA[java.lang.AssertionError
	at org.junit.Assert.fail(Assert.java:87)
	at org.junit.Assert.assertTrue(Assert.java:42)
	at org.junit.Assert.assertTrue(Assert.java:53)
	at org.apache.hadoop.hdds.scm.TestRatisPipelineLeader.testLeaderIdAfterLeaderChange(TestRatisPipelineLeader.java:119)
	at sun.reflect.NativeMethodAccessorImpl.invoke0(Native Method)
	at sun.reflect.NativeMethodAccessorImpl.invoke(NativeMethodAccessorImpl.java:62)
	at sun.reflect.DelegatingMethodAccessorImpl.invoke(DelegatingMethodAccessorImpl.java:43)
	at java.lang.reflect.Method.invoke(Method.java:498)
	at org.junit.platform.commons.util.ReflectionUtils.invokeMethod(ReflectionUtils.java:725)
	at org.junit.jupiter.engine.execution.MethodInvocation.proceed(MethodInvocation.java:60)
	at org.junit.jupiter.engine.execution.InvocationInterceptorChain$ValidatingInvocation.proceed(InvocationInterceptorChain.java:131)
	at org.junit.jupiter.engine.extension.TimeoutInvocation.proceed(TimeoutInvocation.java:46)
	at org.junit.jupiter.engine.extension.TimeoutExtension.intercept(TimeoutExtension.java:149)
	at org.junit.jupiter.engine.extension.TimeoutExtension.interceptTestableMethod(TimeoutExtension.java:140)
	at org.junit.jupiter.engine.extension.TimeoutExtension.interceptTestMethod(TimeoutExtension.java:84)
	at org.junit.jupiter.engine.execution.ExecutableInvoker$ReflectiveInterceptorCall.lambda$ofVoidMethod$0(ExecutableInvoker.java:115)
	at org.junit.jupiter.engine.execution.ExecutableInvoker.lambda$invoke$0(ExecutableInvoker.java:105)
	at org.junit.jupiter.engine.execution.InvocationInterceptorChain$InterceptedInvocation.proceed(InvocationInterceptorChain.java:106)
	at org.junit.jupiter.engine.execution.InvocationInterceptorChain.proceed(InvocationInterceptorChain.java:64)
	at org.junit.jupiter.engine.execution.InvocationInterceptorChain.chainAndInvoke(InvocationInterceptorChain.java:45)
	at org.junit.jupiter.engine.execution.InvocationInterceptorChain.invoke(InvocationInterceptorChain.java:37)
	at org.junit.jupiter.engine.execution.ExecutableInvoker.invoke(ExecutableInvoker.java:104)
	at org.junit.jupiter.engine.execution.ExecutableInvoker.invoke(ExecutableInvoker.java:98)
	at org.junit.jupiter.engine.descriptor.TestMethodTestDescriptor.lambda$invokeTestMethod$7(TestMethodTestDescriptor.java:214)
	at org.junit.platform.engine.support.hierarchical.ThrowableCollector.execute(ThrowableCollector.java:73)
	at org.junit.jupiter.engine.descriptor.TestMethodTestDescriptor.invokeTestMethod(TestMethodTestDescriptor.java:210)
	at org.junit.jupiter.engine.descriptor.TestMethodTestDescriptor.execute(TestMethodTestDescriptor.java:135)
	at org.junit.jupiter.engine.descriptor.TestMethodTestDescriptor.execute(TestMethodTestDescriptor.java:66)
	at org.junit.platform.engine.support.hierarchical.NodeTestTask.lambda$executeRecursively$6(NodeTestTask.java:151)
	at org.junit.platform.engine.support.hierarchical.ThrowableCollector.execute(ThrowableCollector.java:73)
	at org.junit.platform.engine.support.hierarchical.NodeTestTask.lambda$executeRecursively$8(NodeTestTask.java:141)
	at org.junit.platform.engine.support.hierarchical.Node.around(Node.java:137)
	at org.junit.platform.engine.support.hierarchical.NodeTestTask.lambda$executeRecursively$9(NodeTestTask.java:139)
	at org.junit.platform.engine.support.hierarchical.ThrowableCollector.execute(ThrowableCollector.java:73)
	at org.junit.platform.engine.support.hierarchical.NodeTestTask.executeRecursively(NodeTestTask.java:138)
	at org.junit.platform.engine.support.hierarchical.NodeTestTask.execute(NodeTestTask.java:95)
	at java.util.ArrayList.forEach(ArrayList.java:1259)
	at org.junit.platform.engine.support.hierarchical.SameThreadHierarchicalTestExecutorService.invokeAll(SameThreadHierarchicalTestExecutorService.java:41)
	at org.junit.platform.engine.support.hierarchical.NodeTestTask.lambda$executeRecursively$6(NodeTestTask.java:155)
	at org.junit.platform.engine.support.hierarchical.ThrowableCollector.execute(ThrowableCollector.java:73)
	at org.junit.platform.engine.support.hierarchical.NodeTestTask.lambda$executeRecursively$8(NodeTestTask.java:141)
	at org.junit.platform.engine.support.hierarchical.Node.around(Node.java:137)
	at org.junit.platform.engine.support.hierarchical.NodeTestTask.lambda$executeRecursively$9(NodeTestTask.java:139)
	at org.junit.platform.engine.support.hierarchical.ThrowableCollector.execute(ThrowableCollector.java:73)
	at org.junit.platform.engine.support.hierarchical.NodeTestTask.executeRecursively(NodeTestTask.java:138)
	at org.junit.platform.engine.support.hierarchical.NodeTestTask.execute(NodeTestTask.java:95)
	at java.util.ArrayList.forEach(ArrayList.java:1259)
	at org.junit.platform.engine.support.hierarchical.SameThreadHierarchicalTestExecutorService.invokeAll(SameThreadHierarchicalTestExecutorService.java:41)
	at org.junit.platform.engine.support.hierarchical.NodeTestTask.lambda$executeRecursively$6(NodeTestTask.java:155)
	at org.junit.platform.engine.support.hierarchical.ThrowableCollector.execute(ThrowableCollector.java:73)
	at org.junit.platform.engine.support.hierarchical.NodeTestTask.lambda$executeRecursively$8(NodeTestTask.java:141)
	at org.junit.platform.engine.support.hierarchical.Node.around(Node.java:137)
	at org.junit.platform.engine.support.hierarchical.NodeTestTask.lambda$executeRecursively$9(NodeTestTask.java:139)
	at org.junit.platform.engine.support.hierarchical.ThrowableCollector.execute(ThrowableCollector.java:73)
	at org.junit.platform.engine.support.hierarchical.NodeTestTask.executeRecursively(NodeTestTask.java:138)
	at org.junit.platform.engine.support.hierarchical.NodeTestTask.execute(NodeTestTask.java:95)
	at org.junit.platform.engine.support.hierarchical.SameThreadHierarchicalTestExecutorService.submit(SameThreadHierarchicalTestExecutorService.java:35)
	at org.junit.platform.engine.support.hierarchical.HierarchicalTestExecutor.execute(HierarchicalTestExecutor.java:57)
	at org.junit.platform.engine.support.hierarchical.HierarchicalTestEngine.execute(HierarchicalTestEngine.java:54)
	at org.junit.platform.launcher.core.EngineExecutionOrchestrator.execute(EngineExecutionOrchestrator.java:107)
	at org.junit.platform.launcher.core.EngineExecutionOrchestrator.execute(EngineExecutionOrchestrator.java:88)
	at org.junit.platform.launcher.core.EngineExecutionOrchestrator.lambda$execute$0(EngineExecutionOrchestrator.java:54)
	at org.junit.platform.launcher.core.EngineExecutionOrchestrator.withInterceptedStreams(EngineExecutionOrchestrator.java:67)
	at org.junit.platform.launcher.core.EngineExecutionOrchestrator.execute(EngineExecutionOrchestrator.java:52)
	at org.junit.platform.launcher.core.DefaultLauncher.execute(DefaultLauncher.java:114)
	at org.junit.platform.launcher.core.DefaultLauncher.execute(DefaultLauncher.java:86)
	at org.junit.platform.launcher.core.DefaultLauncherSession$DelegatingLauncher.execute(DefaultLauncherSession.java:86)
	at org.junit.platform.launcher.core.SessionPerRequestLauncher.execute(SessionPerRequestLauncher.java:53)
	at org.apache.maven.surefire.junitplatform.JUnitPlatformProvider.invokeAllTests(JUnitPlatformProvider.java:165)
	at org.apache.maven.surefire.junitplatform.JUnitPlatformProvider.invoke(JUnitPlatformProvider.java:124)
	at org.apache.maven.surefire.booter.ForkedBooter.runSuitesInProcess(ForkedBooter.java:428)
	at org.apache.maven.surefire.booter.ForkedBooter.execute(ForkedBooter.java:162)
	at org.apache.maven.surefire.booter.ForkedBooter.run(ForkedBooter.java:562)
	at org.apache.maven.surefire.booter.ForkedBooter.main(ForkedBooter.java:548)
]]></stackTrace>
      <system-out><![CDATA[2022-05-26 01:43:22,432 [Listener at 127.0.0.1/44561] WARN  server.ServerUtils (ServerUtils.java:getScmDbDir(148)) - ozone.scm.db.dirs is not configured. We recommend adding this setting. Falling back to ozone.metadata.dirs instead.
2022-05-26 01:43:22,442 [Listener at 127.0.0.1/44561] INFO  ha.SCMHANodeDetails (SCMHANodeDetails.java:loadSCMHAConfig(160)) - ServiceID for StorageContainerManager is null
2022-05-26 01:43:22,442 [Listener at 127.0.0.1/44561] INFO  ha.SCMHANodeDetails (SCMHANodeDetails.java:loadSCMHAConfig(165)) - ozone.scm.default.service.id is not defined, falling back to ozone.scm.service.ids to find serviceID for StorageContainerManager if it is HA enabled cluster
2022-05-26 01:43:22,443 [Listener at 127.0.0.1/44561] WARN  server.ServerUtils (ServerUtils.java:getScmDbDir(148)) - ozone.scm.db.dirs is not configured. We recommend adding this setting. Falling back to ozone.metadata.dirs instead.
2022-05-26 01:43:22,443 [Listener at 127.0.0.1/44561] INFO  upgrade.AbstractLayoutVersionManager (AbstractLayoutVersionManager.java:init(79)) - Initializing Layout version manager with metadata layout = ERASURE_CODED_STORAGE_SUPPORT (version = 3), software layout = ERASURE_CODED_STORAGE_SUPPORT (version = 3)
2022-05-26 01:43:22,611 [Listener at 127.0.0.1/44561] INFO  reflections.Reflections (Reflections.java:scan(232)) - Reflections took 165 ms to scan 7 urls, producing 127 keys and 292 values 
2022-05-26 01:43:22,614 [Listener at 127.0.0.1/44561] WARN  utils.HAUtils (HAUtils.java:getMetaDir(342)) - ozone.scm.db.dirs is not configured. We recommend adding this setting. Falling back to ozone.metadata.dirs instead.
2022-05-26 01:43:22,615 [Listener at 127.0.0.1/44561] WARN  db.DBStoreBuilder (DBStoreBuilder.java:applyDBDefinition(145)) - ozone.scm.db.dirs is not configured. We recommend adding this setting. Falling back to ozone.metadata.dirs instead.
2022-05-26 01:43:22,819 [Listener at 127.0.0.1/44561] INFO  net.NodeSchemaLoader (NodeSchemaLoader.java:loadSchemaFromFile(129)) - Loading schema from [jar:file:/home/runner/.m2/repository/org/apache/ozone/hdds-common/1.3.0-SNAPSHOT/hdds-common-1.3.0-SNAPSHOT.jar!/network-topology-default.xml]
2022-05-26 01:43:22,820 [Listener at 127.0.0.1/44561] INFO  net.NodeSchemaLoader (NodeSchemaLoader.java:loadSchema(176)) - Loading network topology layer schema file
2022-05-26 01:43:22,837 [Listener at 127.0.0.1/44561] INFO  ha.SequenceIdGenerator (SequenceIdGenerator.java:upgradeToSequenceId(347)) - upgrade localId to 109611004723200000
2022-05-26 01:43:22,837 [Listener at 127.0.0.1/44561] INFO  ha.SequenceIdGenerator (SequenceIdGenerator.java:upgradeToSequenceId(357)) - upgrade delTxnId to 0
2022-05-26 01:43:22,838 [Listener at 127.0.0.1/44561] INFO  ha.SequenceIdGenerator (SequenceIdGenerator.java:upgradeToSequenceId(374)) - upgrade containerId to 0
2022-05-26 01:43:22,839 [Listener at 127.0.0.1/44561] INFO  ha.SequenceIdGenerator (SequenceIdGenerator.java:<init>(218)) - Init the HA SequenceIdGenerator.
2022-05-26 01:43:22,839 [Listener at 127.0.0.1/44561] WARN  server.ServerUtils (ServerUtils.java:sanitizeUserArgs(73)) - ozone.scm.stale.node.interval value = 300000 is larger than max = 100000 based on the key value of ozone.scm.heartbeat.thread.interval, reset to the max value 100000.
2022-05-26 01:43:22,839 [Listener at 127.0.0.1/44561] WARN  server.ServerUtils (ServerUtils.java:sanitizeUserArgs(73)) - ozone.scm.stale.node.interval value = 300000 is larger than max = 100000 based on the key value of ozone.scm.heartbeat.thread.interval, reset to the max value 100000.
2022-05-26 01:43:22,856 [Listener at 127.0.0.1/44561] INFO  node.SCMNodeManager (SCMNodeManager.java:<init>(148)) - Entering startup safe mode.
2022-05-26 01:43:22,857 [Listener at 127.0.0.1/44561] INFO  algorithms.ContainerPlacementPolicyFactory (ContainerPlacementPolicyFactory.java:getPolicyInternal(86)) - Create container placement policy of type org.apache.hadoop.hdds.scm.container.placement.algorithms.SCMContainerPlacementRandom
2022-05-26 01:43:22,857 [Listener at 127.0.0.1/44561] INFO  pipeline.PipelineStateManagerImpl (PipelineStateManagerImpl.java:initialize(78)) - No pipeline exists in current db
2022-05-26 01:43:22,857 [Listener at 127.0.0.1/44561] INFO  algorithms.LeaderChoosePolicyFactory (LeaderChoosePolicyFactory.java:getPolicy(57)) - Create leader choose policy of type org.apache.hadoop.hdds.scm.pipeline.leader.choose.algorithms.MinLeaderCountChoosePolicy
2022-05-26 01:43:22,857 [Listener at 127.0.0.1/44561] INFO  algorithms.ContainerPlacementPolicyFactory (ContainerPlacementPolicyFactory.java:getPolicyInternal(86)) - Create container placement policy of type org.apache.hadoop.hdds.scm.container.placement.algorithms.SCMContainerPlacementRackScatter
2022-05-26 01:43:22,857 [Listener at 127.0.0.1/44561] INFO  pipeline.BackgroundPipelineCreator (BackgroundPipelineCreator.java:start(125)) - Starting RatisPipelineUtilsThread.
2022-05-26 01:43:22,868 [Listener at 127.0.0.1/44561] INFO  pipeline.BackgroundPipelineScrubber (BackgroundPipelineScrubber.java:start(126)) - Starting BackgroundPipelineScrubber Service.
2022-05-26 01:43:22,876 [Listener at 127.0.0.1/44561] INFO  ha.SCMServiceManager (SCMServiceManager.java:register(42)) - Registering service BackgroundPipelineCreator.
2022-05-26 01:43:22,876 [Listener at 127.0.0.1/44561] INFO  ha.SCMServiceManager (SCMServiceManager.java:register(42)) - Registering service BackgroundPipelineScrubber.
2022-05-26 01:43:22,876 [Listener at 127.0.0.1/44561] INFO  ExpiredContainerReplicaOpScrubber (BackgroundSCMService.java:start(68)) - Starting ExpiredContainerReplicaOpScrubber Service.
2022-05-26 01:43:22,880 [Listener at 127.0.0.1/44561] INFO  ha.SCMServiceManager (SCMServiceManager.java:register(42)) - Registering service ExpiredContainerReplicaOpScrubber.
2022-05-26 01:43:22,881 [Listener at 127.0.0.1/44561] INFO  algorithms.PipelineChoosePolicyFactory (PipelineChoosePolicyFactory.java:createPipelineChoosePolicyFromClass(73)) - Create pipeline choose policy of type org.apache.hadoop.hdds.scm.pipeline.choose.algorithms.RandomPipelineChoosePolicy
2022-05-26 01:43:22,882 [Listener at 127.0.0.1/44561] INFO  ha.SCMServiceManager (SCMServiceManager.java:register(42)) - Registering service SCMBlockDeletingService.
2022-05-26 01:43:22,882 [Listener at 127.0.0.1/44561] INFO  ha.SCMServiceManager (SCMServiceManager.java:register(42)) - Registering service ReplicationManager.
2022-05-26 01:43:22,882 [Listener at 127.0.0.1/44561] INFO  replication.ReplicationManager (ReplicationManager.java:start(179)) - Starting Replication Monitor Thread.
2022-05-26 01:43:22,892 [Listener at 127.0.0.1/44561] INFO  safemode.ContainerSafeModeRule (ContainerSafeModeRule.java:<init>(89)) - containers with one replica threshold count 0
2022-05-26 01:43:22,893 [Listener at 127.0.0.1/44561] INFO  safemode.HealthyPipelineSafeModeRule (HealthyPipelineSafeModeRule.java:initializeRule(156)) - Total pipeline count is 0, healthy pipeline threshold count is 1
2022-05-26 01:43:22,893 [Listener at 127.0.0.1/44561] INFO  safemode.OneReplicaPipelineSafeModeRule (OneReplicaPipelineSafeModeRule.java:initializeRule(180)) - Total pipeline count is 0, pipeline's with at least one datanode reported threshold count is 0
2022-05-26 01:43:22,904 [Listener at 127.0.0.1/44561] INFO  ipc.CallQueueManager (CallQueueManager.java:<init>(90)) - Using callQueue: class java.util.concurrent.LinkedBlockingQueue, queueCapacity: 2000, scheduler: class org.apache.hadoop.ipc.DefaultRpcScheduler, ipcBackoff: false.
2022-05-26 01:43:22,916 [ReplicationMonitor] INFO  replication.ReplicationManager (ReplicationManager.java:processAll(228)) - Replication Manager is not ready to run until 3000ms after safemode exit
2022-05-26 01:43:22,925 [Listener at 0.0.0.0/45231] INFO  ipc.CallQueueManager (CallQueueManager.java:<init>(90)) - Using callQueue: class java.util.concurrent.LinkedBlockingQueue, queueCapacity: 2000, scheduler: class org.apache.hadoop.ipc.DefaultRpcScheduler, ipcBackoff: false.
2022-05-26 01:43:22,936 [Socket Reader #1 for port 0] INFO  ipc.Server (Server.java:run(1265)) - Starting Socket Reader #1 for port 0
2022-05-26 01:43:22,939 [Listener at 0.0.0.0/44427] INFO  ipc.CallQueueManager (CallQueueManager.java:<init>(90)) - Using callQueue: class java.util.concurrent.LinkedBlockingQueue, queueCapacity: 2000, scheduler: class org.apache.hadoop.ipc.DefaultRpcScheduler, ipcBackoff: false.
2022-05-26 01:43:22,948 [Socket Reader #1 for port 0] INFO  ipc.Server (Server.java:run(1265)) - Starting Socket Reader #1 for port 0
2022-05-26 01:43:22,952 [Socket Reader #1 for port 0] INFO  ipc.Server (Server.java:run(1265)) - Starting Socket Reader #1 for port 0
2022-05-26 01:43:23,001 [Listener at 0.0.0.0/37543] INFO  server.StorageContainerManager (StorageContainerManager.java:<init>(400)) - 
Container Balancer status:
Key                            Value
Running                        false
Container Balancer Configuration values:
Key                                                Value
Threshold                                          10
Max Datanodes to Involve per Iteration(percent)    20
Max Size to Move per Iteration                     500GB
Max Size Entering Target per Iteration             26GB
Max Size Leaving Source per Iteration              26GB

2022-05-26 01:43:23,001 [Listener at 0.0.0.0/37543] WARN  events.EventQueue (EventQueue.java:fireEvent(194)) - No event handler registered for event TypedEvent{payloadType=SafeModeStatus, name='Safe mode status'}
2022-05-26 01:43:23,001 [Listener at 0.0.0.0/37543] INFO  ha.SCMContext (SCMContext.java:updateSafeModeStatus(211)) - Update SafeModeStatus from SafeModeStatus{safeModeStatus=true, preCheckPassed=false} to SafeModeStatus{safeModeStatus=true, preCheckPassed=false}.
2022-05-26 01:43:23,002 [Listener at 0.0.0.0/37543] INFO  server.StorageContainerManager (StorageContainerManager.java:start(1385)) - StorageContainerLocationProtocol RPC server is listening at /0.0.0.0:37543
2022-05-26 01:43:23,003 [Listener at 0.0.0.0/37543] WARN  impl.MetricsConfig (MetricsConfig.java:loadFirst(136)) - Cannot locate configuration: tried hadoop-metrics2-storagecontainermanager.properties,hadoop-metrics2.properties
2022-05-26 01:43:23,005 [Listener at 0.0.0.0/37543] INFO  impl.MetricsSystemImpl (MetricsSystemImpl.java:startTimer(378)) - Scheduled Metric snapshot period at 10 second(s).
2022-05-26 01:43:23,005 [Listener at 0.0.0.0/37543] INFO  impl.MetricsSystemImpl (MetricsSystemImpl.java:start(191)) - StorageContainerManager metrics system started
2022-05-26 01:43:23,024 [Listener at 0.0.0.0/37543] INFO  impl.MetricsSinkAdapter (MetricsSinkAdapter.java:start(204)) - Sink prometheus started
2022-05-26 01:43:23,024 [Listener at 0.0.0.0/37543] INFO  impl.MetricsSystemImpl (MetricsSystemImpl.java:registerSink(305)) - Registered sink prometheus
2022-05-26 01:43:23,064 [Listener at 0.0.0.0/37543] INFO  server.SCMClientProtocolServer (SCMClientProtocolServer.java:start(169)) - RPC server for Client  is listening at /0.0.0.0:37543
2022-05-26 01:43:23,067 [IPC Server Responder] INFO  ipc.Server (Server.java:run(1507)) - IPC Server Responder: starting
2022-05-26 01:43:23,067 [IPC Server listener on 0] INFO  ipc.Server (Server.java:run(1344)) - IPC Server listener on 0: starting
2022-05-26 01:43:23,114 [Listener at 0.0.0.0/37543] INFO  server.StorageContainerManager (StorageContainerManager.java:start(1400)) - ScmBlockLocationProtocol RPC server is listening at /0.0.0.0:44427
2022-05-26 01:43:23,115 [Listener at 0.0.0.0/37543] INFO  server.SCMBlockProtocolServer (SCMBlockProtocolServer.java:start(151)) - RPC server for Block Protocol is listening at /0.0.0.0:44427
2022-05-26 01:43:23,116 [IPC Server Responder] INFO  ipc.Server (Server.java:run(1507)) - IPC Server Responder: starting
2022-05-26 01:43:23,124 [IPC Server listener on 0] INFO  ipc.Server (Server.java:run(1344)) - IPC Server listener on 0: starting
2022-05-26 01:43:23,144 [Listener at 0.0.0.0/37543] INFO  server.SCMDatanodeProtocolServer (SCMDatanodeProtocolServer.java:start(183)) - ScmDatanodeProtocol RPC server for DataNodes is listening at /0.0.0.0:45231
2022-05-26 01:43:23,144 [IPC Server Responder] INFO  ipc.Server (Server.java:run(1507)) - IPC Server Responder: starting
2022-05-26 01:43:23,145 [IPC Server listener on 0] INFO  ipc.Server (Server.java:run(1344)) - IPC Server listener on 0: starting
2022-05-26 01:43:23,160 [Listener at 0.0.0.0/37543] INFO  http.BaseHttpServer (BaseHttpServer.java:newHttpServer2BuilderForOzone(209)) - Starting Web-server for scm at: http://0.0.0.0:0
2022-05-26 01:43:23,160 [Listener at 0.0.0.0/37543] INFO  http.BaseHttpServer (BaseHttpServer.java:<init>(107)) - Hadoop Security Enabled: false Ozone Security Enabled: false Ozone HTTP Security Enabled: false 
2022-05-26 01:43:23,162 [Listener at 0.0.0.0/37543] INFO  server.AuthenticationFilter (AuthenticationFilter.java:constructSecretProvider(240)) - Unable to initialize FileSignerSecretProvider, falling back to use random secrets.
2022-05-26 01:43:23,168 [Listener at 0.0.0.0/37543] WARN  http.HttpRequestLog (HttpRequestLog.java:getRequestLog(103)) - Jetty request log can only be enabled using Log4j
2022-05-26 01:43:23,169 [Listener at 0.0.0.0/37543] INFO  http.HttpServer2 (HttpServer2.java:addGlobalFilter(1030)) - Added global filter 'safety' (class=org.apache.hadoop.hdds.server.http.HttpServer2$QuotingInputFilter)
2022-05-26 01:43:23,170 [Listener at 0.0.0.0/37543] INFO  http.HttpServer2 (HttpServer2.java:addFilter(1006)) - Added filter static_user_filter (class=org.apache.hadoop.http.lib.StaticUserWebFilter$StaticUserFilter) to context scm
2022-05-26 01:43:23,170 [Listener at 0.0.0.0/37543] INFO  http.HttpServer2 (HttpServer2.java:addFilter(1014)) - Added filter static_user_filter (class=org.apache.hadoop.http.lib.StaticUserWebFilter$StaticUserFilter) to context logs
2022-05-26 01:43:23,170 [Listener at 0.0.0.0/37543] INFO  http.HttpServer2 (HttpServer2.java:addFilter(1014)) - Added filter static_user_filter (class=org.apache.hadoop.http.lib.StaticUserWebFilter$StaticUserFilter) to context static
2022-05-26 01:43:23,171 [Listener at 0.0.0.0/37543] INFO  http.HttpServer2 (HttpServer2.java:bindListener(1249)) - Jetty bound to port 33649
2022-05-26 01:43:23,171 [Listener at 0.0.0.0/37543] INFO  server.Server (Server.java:doStart(375)) - jetty-9.4.43.v20210629; built: 2021-06-30T11:07:22.254Z; git: 526006ecfa3af7f1a27ef3a288e2bef7ea9dd7e8; jvm 1.8.0_332-b09
2022-05-26 01:43:23,174 [org.apache.hadoop.util.JvmPauseMonitor$Monitor@3ac18a9e] INFO  util.JvmPauseMonitor (JvmPauseMonitor.java:run(188)) - Starting JVM pause monitor
2022-05-26 01:43:23,213 [Listener at 0.0.0.0/37543] INFO  server.session (DefaultSessionIdManager.java:doStart(334)) - DefaultSessionIdManager workerName=node0
2022-05-26 01:43:23,213 [Listener at 0.0.0.0/37543] INFO  server.session (DefaultSessionIdManager.java:doStart(339)) - No SessionScavenger set, using defaults
2022-05-26 01:43:23,213 [Listener at 0.0.0.0/37543] INFO  server.session (HouseKeeper.java:startScavenging(132)) - node0 Scavenging every 600000ms
2022-05-26 01:43:23,224 [Listener at 0.0.0.0/37543] INFO  handler.ContextHandler (ContextHandler.java:doStart(915)) - Started o.e.j.s.ServletContextHandler@1bf90a59{logs,/logs,file:///home/runner/work/ozone/ozone/hadoop-ozone/integration-test/target/log,AVAILABLE}
2022-05-26 01:43:23,225 [Listener at 0.0.0.0/37543] INFO  handler.ContextHandler (ContextHandler.java:doStart(915)) - Started o.e.j.s.ServletContextHandler@6853bae{static,/static,file:///home/runner/work/ozone/ozone/hadoop-ozone/integration-test/target/test-classes/webapps/static,AVAILABLE}
2022-05-26 01:43:23,228 [Listener at 0.0.0.0/37543] INFO  handler.ContextHandler (ContextHandler.java:doStart(915)) - Started o.e.j.w.WebAppContext@66a81c48{scm,/,file:///home/runner/work/ozone/ozone/hadoop-ozone/integration-test/target/test-classes/webapps/scm/,AVAILABLE}{file:/home/runner/work/ozone/ozone/hadoop-ozone/integration-test/target/test-classes/webapps/scm}
2022-05-26 01:43:23,240 [Listener at 0.0.0.0/37543] INFO  server.AbstractConnector (AbstractConnector.java:doStart(331)) - Started ServerConnector@79d137fd{HTTP/1.1, (http/1.1)}{0.0.0.0:33649}
2022-05-26 01:43:23,240 [Listener at 0.0.0.0/37543] INFO  server.Server (Server.java:doStart(415)) - Started @42012ms
2022-05-26 01:43:23,241 [Listener at 0.0.0.0/37543] WARN  impl.MetricsSystemImpl (MetricsSystemImpl.java:register(279)) - Sink prometheus already exists!
2022-05-26 01:43:23,241 [Listener at 0.0.0.0/37543] INFO  http.BaseHttpServer (BaseHttpServer.java:updateConnectorAddress(329)) - HTTP server of scm listening at http://0.0.0.0:33649
2022-05-26 01:43:23,242 [Listener at 0.0.0.0/37543] WARN  server.ServerUtils (ServerUtils.java:getDBPath(225)) - ozone.om.db.dirs is not configured. We recommend adding this setting. Falling back to ozone.metadata.dirs instead.
2022-05-26 01:43:23,243 [Listener at 0.0.0.0/37543] INFO  ha.OMHANodeDetails (OMHANodeDetails.java:loadOMHAConfig(115)) - ozone.om.internal.service.id is not defined, falling back to ozone.om.service.ids to find serviceID for OzoneManager if it is HA enabled cluster
2022-05-26 01:43:23,243 [Listener at 0.0.0.0/37543] INFO  ha.OMHANodeDetails (OMHANodeDetails.java:loadOMHAConfig(226)) - Configuration does not have ozone.om.address set. Falling back to the default OM address /127.0.0.1:0
2022-05-26 01:43:23,243 [Listener at 0.0.0.0/37543] INFO  ha.OMHANodeDetails (OMHANodeDetails.java:getOMNodeDetailsForNonHA(254)) - OM Service ID is not set. Setting it to the default ID: omServiceIdDefault
2022-05-26 01:43:23,244 [Listener at 0.0.0.0/37543] INFO  ha.OMHANodeDetails (OMHANodeDetails.java:getOMNodeDetailsForNonHA(261)) - OM Node ID is not set. Setting it to the default ID: om1
2022-05-26 01:43:23,244 [Listener at 0.0.0.0/37543] WARN  server.ServerUtils (ServerUtils.java:getDBPath(225)) - ozone.om.db.dirs is not configured. We recommend adding this setting. Falling back to ozone.metadata.dirs instead.
2022-05-26 01:43:23,244 [Listener at 0.0.0.0/37543] INFO  upgrade.AbstractLayoutVersionManager (AbstractLayoutVersionManager.java:init(79)) - Initializing Layout version manager with metadata layout = BUCKET_LAYOUT_SUPPORT (version = 2), software layout = BUCKET_LAYOUT_SUPPORT (version = 2)
2022-05-26 01:43:23,410 [Listener at 0.0.0.0/37543] INFO  reflections.Reflections (Reflections.java:scan(232)) - Reflections took 165 ms to scan 2 urls, producing 143 keys and 371 values [using 2 cores]
2022-05-26 01:43:23,410 [Listener at 0.0.0.0/37543] INFO  upgrade.OMLayoutVersionManager (OMLayoutVersionManager.java:lambda$0(115)) - Skipping Upgrade Action MockOmUpgradeAction since it has been finalized.
2022-05-26 01:43:23,411 [Listener at 0.0.0.0/37543] WARN  server.ServerUtils (ServerUtils.java:getDBPath(225)) - ozone.om.db.dirs is not configured. We recommend adding this setting. Falling back to ozone.metadata.dirs instead.
2022-05-26 01:43:23,411 [Listener at 0.0.0.0/37543] INFO  proxy.SCMBlockLocationFailoverProxyProvider (SCMBlockLocationFailoverProxyProvider.java:<init>(114)) - Created block location fail-over proxy with 1 nodes: [nodeId=scmNodeId,nodeAddress=/0.0.0.0:44427]
2022-05-26 01:43:23,412 [Listener at 0.0.0.0/37543] INFO  proxy.SCMBlockLocationFailoverProxyProvider (SCMBlockLocationFailoverProxyProvider.java:<init>(114)) - Created block location fail-over proxy with 1 nodes: [nodeId=scmNodeId,nodeAddress=/0.0.0.0:44427]
2022-05-26 01:43:23,433 [Listener at 0.0.0.0/37543] WARN  server.ServerUtils (ServerUtils.java:getDBPath(225)) - ozone.om.db.dirs is not configured. We recommend adding this setting. Falling back to ozone.metadata.dirs instead.
2022-05-26 01:43:23,434 [Listener at 0.0.0.0/37543] INFO  codec.OmKeyInfoCodec (OmKeyInfoCodec.java:<init>(49)) - OmKeyInfoCodec ignorePipeline = true
2022-05-26 01:43:23,434 [Listener at 0.0.0.0/37543] INFO  codec.RepeatedOmKeyInfoCodec (RepeatedOmKeyInfoCodec.java:<init>(41)) - RepeatedOmKeyInfoCodec ignorePipeline = true
2022-05-26 01:43:23,630 [Listener at 0.0.0.0/37543] INFO  om.OzoneManager (OzoneManager.java:addS3GVolumeToDB(3894)) - Created Volume s3v With Owner runner required for S3Gateway operations.
2022-05-26 01:43:23,630 [Listener at 0.0.0.0/37543] WARN  server.ServerUtils (ServerUtils.java:getDefaultRatisDirectory(237)) - Storage directory for Ratis is not configured. It is a good idea to map this to an SSD disk. Falling back to ozone.metadata.dirs
2022-05-26 01:43:23,631 [Listener at 0.0.0.0/37543] WARN  utils.OzoneManagerRatisUtils (OzoneManagerRatisUtils.java:getOMRatisSnapshotDirectory(395)) - ozone.om.ratis.snapshot.dir is not configured. Falling back to ozone.metadata.dirs config
2022-05-26 01:43:23,631 [Listener at 0.0.0.0/37543] WARN  server.ServerUtils (ServerUtils.java:getDefaultRatisDirectory(237)) - Storage directory for Ratis is not configured. It is a good idea to map this to an SSD disk. Falling back to ozone.metadata.dirs
2022-05-26 01:43:23,633 [Listener at 0.0.0.0/37543] INFO  ratis.OzoneManagerRatisServer (OzoneManagerRatisServer.java:<init>(159)) - Instantiating OM Ratis server with groupID: omServiceIdDefault and peers: localhost:9872
2022-05-26 01:43:23,633 [Listener at 0.0.0.0/37543] INFO  ratis.OzoneManagerStateMachine (OzoneManagerStateMachine.java:loadSnapshotInfoFromDB(627)) - LastAppliedIndex is set from TransactionInfo from OM DB as (t:0, i:~)
2022-05-26 01:43:23,637 [Listener at 0.0.0.0/37543] INFO  server.RaftServer (ConfUtils.java:logGet(46)) - raft.rpc.type = GRPC (default)
2022-05-26 01:43:23,637 [Listener at 0.0.0.0/37543] INFO  grpc.GrpcFactory (GrpcFactory.java:checkPooledByteBufAllocatorUseCacheForAllThreads(48)) - PERFORMANCE WARNING: useCacheForAllThreads is true that may cause Netty to create a lot garbage objects and, as a result, trigger GC.
	It is recommended to disable useCacheForAllThreads by setting -Dorg.apache.ratis.thirdparty.io.netty.allocator.useCacheForAllThreads=false in command line.
2022-05-26 01:43:23,638 [Listener at 0.0.0.0/37543] INFO  grpc.GrpcConfigKeys (ConfUtils.java:logGet(46)) - raft.grpc.admin.port = -1 (default)
2022-05-26 01:43:23,639 [Listener at 0.0.0.0/37543] INFO  grpc.GrpcConfigKeys (ConfUtils.java:logGet(46)) - raft.grpc.server.port = 9872 (custom)
2022-05-26 01:43:23,639 [Listener at 0.0.0.0/37543] INFO  grpc.GrpcConfigKeys (ConfUtils.java:logGet(46)) - raft.grpc.client.port = -1 (default)
2022-05-26 01:43:23,639 [Listener at 0.0.0.0/37543] INFO  grpc.GrpcConfigKeys (ConfUtils.java:logGet(46)) - raft.grpc.server.port = 9872 (custom)
2022-05-26 01:43:23,639 [Listener at 0.0.0.0/37543] INFO  grpc.GrpcConfigKeys (ConfUtils.java:logGet(46)) - raft.grpc.server.port = 9872 (custom)
2022-05-26 01:43:23,639 [Listener at 0.0.0.0/37543] INFO  server.GrpcService (ConfUtils.java:logGet(46)) - raft.grpc.message.size.max = 33554432 (custom)
2022-05-26 01:43:23,639 [Listener at 0.0.0.0/37543] INFO  server.RaftServerConfigKeys (ConfUtils.java:logGet(46)) - raft.server.log.appender.buffer.byte-limit = 33554432 (custom)
2022-05-26 01:43:23,639 [Listener at 0.0.0.0/37543] INFO  server.GrpcService (ConfUtils.java:logGet(46)) - raft.grpc.flow.control.window = 1MB (=1048576) (default)
2022-05-26 01:43:23,639 [Listener at 0.0.0.0/37543] INFO  server.RaftServerConfigKeys (ConfUtils.java:logGet(46)) - raft.server.rpc.request.timeout = 3000ms (default)
2022-05-26 01:43:23,640 [Listener at 0.0.0.0/37543] INFO  grpc.GrpcConfigKeys (ConfUtils.java:logGet(46)) - raft.grpc.server.async.request.thread.pool.cached = true (default)
2022-05-26 01:43:23,640 [Listener at 0.0.0.0/37543] INFO  grpc.GrpcConfigKeys (ConfUtils.java:logGet(46)) - raft.grpc.server.async.request.thread.pool.size = 32 (default)
2022-05-26 01:43:23,641 [Listener at 0.0.0.0/37543] INFO  impl.DataStreamServerImpl (ConfUtils.java:logGet(46)) - raft.datastream.type = DISABLED (default)
2022-05-26 01:43:23,641 [Listener at 0.0.0.0/37543] INFO  server.RaftServerConfigKeys (ConfUtils.java:logGet(46)) - raft.server.threadpool.proxy.cached = true (default)
2022-05-26 01:43:23,641 [Listener at 0.0.0.0/37543] INFO  server.RaftServerConfigKeys (ConfUtils.java:logGet(46)) - raft.server.threadpool.proxy.size = 0 (default)
2022-05-26 01:43:23,642 [Listener at 0.0.0.0/37543] INFO  server.RaftServerConfigKeys (ConfUtils.java:logGet(46)) - raft.server.rpc.slowness.timeout = 120s (custom)
2022-05-26 01:43:23,642 [Listener at 0.0.0.0/37543] INFO  server.RaftServerConfigKeys (ConfUtils.java:logGet(46)) - raft.server.leaderelection.leader.step-down.wait-time = 10s (default)
2022-05-26 01:43:23,642 [Listener at 0.0.0.0/37543] INFO  server.RaftServerConfigKeys (ConfUtils.java:logGet(46)) - raft.server.storage.dir = [/home/runner/work/ozone/ozone/hadoop-ozone/integration-test/target/test-dir/MiniOzoneClusterImpl-2009ca84-e690-4f0e-80a4-64cb463c0d34/ozone-meta/ratis] (custom)
2022-05-26 01:43:23,660 [Listener at 0.0.0.0/37543] INFO  server.RaftServer (RaftServerProxy.java:addNew(96)) - om1: addNew group-C5BA1605619E:[om1|rpc:localhost:9872|priority:0] returns group-C5BA1605619E:java.util.concurrent.CompletableFuture@744d556f[Not completed]
2022-05-26 01:43:23,660 [pool-180-thread-1] INFO  server.RaftServer$Division (RaftServerImpl.java:<init>(190)) - om1: new RaftServerImpl for group-C5BA1605619E:[om1|rpc:localhost:9872|priority:0] with OzoneManagerStateMachine:uninitialized
2022-05-26 01:43:23,660 [Listener at 0.0.0.0/37543] INFO  om.OzoneManager (OzoneManager.java:initializeRatisServer(1901)) - OzoneManager Ratis server initialized at port 9872
2022-05-26 01:43:23,660 [pool-180-thread-1] INFO  server.RaftServerConfigKeys (ConfUtils.java:logGet(46)) - raft.server.rpc.timeout.min = 1s (custom)
2022-05-26 01:43:23,661 [pool-180-thread-1] INFO  server.RaftServerConfigKeys (ConfUtils.java:logGet(46)) - raft.server.rpc.timeout.max = 1200ms (custom)
2022-05-26 01:43:23,661 [pool-180-thread-1] INFO  server.RaftServerConfigKeys (ConfUtils.java:logGet(46)) - raft.server.rpc.sleep.time = 25ms (default)
2022-05-26 01:43:23,661 [pool-180-thread-1] INFO  server.RaftServerConfigKeys (ConfUtils.java:logGet(46)) - raft.server.rpc.slowness.timeout = 120s (custom)
2022-05-26 01:43:23,661 [Listener at 0.0.0.0/37543] INFO  om.OzoneManager (OzoneManager.java:getRpcServer(1030)) - Creating RPC Server
2022-05-26 01:43:23,661 [pool-180-thread-1] INFO  server.RaftServerConfigKeys (ConfUtils.java:logGet(46)) - raft.server.leaderelection.leader.step-down.wait-time = 10s (default)
2022-05-26 01:43:23,662 [pool-180-thread-1] INFO  server.RaftServerConfigKeys (ConfUtils.java:logGet(46)) - raft.server.sleep.deviation.threshold = 300ms (default)
2022-05-26 01:43:23,662 [pool-180-thread-1] INFO  server.RaftServer$Division (ServerState.java:<init>(107)) - om1@group-C5BA1605619E: ConfigurationManager, init=-1: [om1|rpc:localhost:9872|priority:0], old=null, confs=<EMPTY_MAP>
2022-05-26 01:43:23,662 [pool-180-thread-1] INFO  server.RaftServerConfigKeys (ConfUtils.java:logGet(46)) - raft.server.storage.dir = [/home/runner/work/ozone/ozone/hadoop-ozone/integration-test/target/test-dir/MiniOzoneClusterImpl-2009ca84-e690-4f0e-80a4-64cb463c0d34/ozone-meta/ratis] (custom)
2022-05-26 01:43:23,662 [pool-180-thread-1] INFO  server.RaftServerConfigKeys (ConfUtils.java:logGet(46)) - raft.server.log.corruption.policy = EXCEPTION (default)
2022-05-26 01:43:23,662 [pool-180-thread-1] INFO  server.RaftServerConfigKeys (ConfUtils.java:logGet(46)) - raft.server.storage.free-space.min = 0MB (=0) (default)
2022-05-26 01:43:23,662 [pool-180-thread-1] INFO  storage.RaftStorageDirectory (RaftStorageDirectoryImpl.java:analyzeStorage(135)) - The storage directory /home/runner/work/ozone/ozone/hadoop-ozone/integration-test/target/test-dir/MiniOzoneClusterImpl-2009ca84-e690-4f0e-80a4-64cb463c0d34/ozone-meta/ratis/bf265839-605b-3f16-9796-c5ba1605619e does not exist. Creating ...
2022-05-26 01:43:23,665 [pool-180-thread-1] INFO  storage.RaftStorageDirectory (RaftStorageDirectoryImpl.java:tryLock(230)) - Lock on /home/runner/work/ozone/ozone/hadoop-ozone/integration-test/target/test-dir/MiniOzoneClusterImpl-2009ca84-e690-4f0e-80a4-64cb463c0d34/ozone-meta/ratis/bf265839-605b-3f16-9796-c5ba1605619e/in_use.lock acquired by nodename 11847@fv-az270-854
2022-05-26 01:43:23,668 [pool-180-thread-1] INFO  storage.RaftStorage (RaftStorageImpl.java:format(89)) - Storage directory /home/runner/work/ozone/ozone/hadoop-ozone/integration-test/target/test-dir/MiniOzoneClusterImpl-2009ca84-e690-4f0e-80a4-64cb463c0d34/ozone-meta/ratis/bf265839-605b-3f16-9796-c5ba1605619e has been successfully formatted.
2022-05-26 01:43:23,669 [pool-180-thread-1] INFO  server.RaftServerConfigKeys (ConfUtils.java:logGet(46)) - raft.server.notification.no-leader.timeout = 120s (custom)
2022-05-26 01:43:23,669 [pool-180-thread-1] INFO  server.RaftServerConfigKeys (ConfUtils.java:logGet(46)) - raft.server.log.use.memory = false (default)
2022-05-26 01:43:23,669 [pool-180-thread-1] INFO  server.RaftServerConfigKeys (ConfUtils.java:logGet(46)) - raft.server.log.purge.gap = 1000000 (custom)
2022-05-26 01:43:23,669 [pool-180-thread-1] INFO  server.RaftServerConfigKeys (ConfUtils.java:logGet(46)) - raft.server.log.appender.buffer.byte-limit = 33554432 (custom)
2022-05-26 01:43:23,669 [pool-180-thread-1] INFO  server.RaftServerConfigKeys (ConfUtils.java:logGet(46)) - raft.server.log.statemachine.data.read.timeout = 1000ms (default)
2022-05-26 01:43:23,670 [pool-180-thread-1] INFO  server.RaftServerConfigKeys (ConfUtils.java:logGet(46)) - raft.server.log.segment.size.max = 4194304 (custom)
2022-05-26 01:43:23,671 [pool-180-thread-1] INFO  server.RaftServerConfigKeys (ConfUtils.java:logGet(46)) - raft.server.log.segment.cache.num.max = 2 (custom)
2022-05-26 01:43:23,671 [pool-180-thread-1] INFO  server.RaftServerConfigKeys (ConfUtils.java:logGet(46)) - raft.server.log.segment.cache.size.max = 200MB (=209715200) (default)
2022-05-26 01:43:23,671 [pool-180-thread-1] INFO  segmented.SegmentedRaftLogWorker (SegmentedRaftLogWorker.java:<init>(187)) - new om1@group-C5BA1605619E-SegmentedRaftLogWorker for RaftStorageImpl:Storage Directory /home/runner/work/ozone/ozone/hadoop-ozone/integration-test/target/test-dir/MiniOzoneClusterImpl-2009ca84-e690-4f0e-80a4-64cb463c0d34/ozone-meta/ratis/bf265839-605b-3f16-9796-c5ba1605619e
2022-05-26 01:43:23,671 [pool-180-thread-1] INFO  server.RaftServerConfigKeys (ConfUtils.java:logGet(46)) - raft.server.log.queue.byte-limit = 64MB (=67108864) (default)
2022-05-26 01:43:23,671 [pool-180-thread-1] INFO  server.RaftServerConfigKeys (ConfUtils.java:logGet(46)) - raft.server.log.queue.element-limit = 4096 (default)
2022-05-26 01:43:23,671 [pool-180-thread-1] INFO  server.RaftServerConfigKeys (ConfUtils.java:logGet(46)) - raft.server.log.segment.size.max = 4194304 (custom)
2022-05-26 01:43:23,671 [pool-180-thread-1] INFO  server.RaftServerConfigKeys (ConfUtils.java:logGet(46)) - raft.server.log.preallocated.size = 4194304 (custom)
2022-05-26 01:43:23,671 [pool-180-thread-1] INFO  server.RaftServerConfigKeys (ConfUtils.java:logGet(46)) - raft.server.log.force.sync.num = 128 (default)
2022-05-26 01:43:23,671 [pool-180-thread-1] INFO  server.RaftServerConfigKeys (ConfUtils.java:logGet(46)) - raft.server.log.statemachine.data.sync = true (default)
2022-05-26 01:43:23,671 [pool-180-thread-1] INFO  server.RaftServerConfigKeys (ConfUtils.java:logGet(46)) - raft.server.log.statemachine.data.sync.timeout = 10s (default)
2022-05-26 01:43:23,671 [pool-180-thread-1] INFO  server.RaftServerConfigKeys (ConfUtils.java:logGet(46)) - raft.server.log.statemachine.data.sync.timeout.retry = -1 (default)
2022-05-26 01:43:23,680 [pool-180-thread-1] INFO  server.RaftServerConfigKeys (ConfUtils.java:logGet(46)) - raft.server.log.write.buffer.size = 64KB (=65536) (default)
2022-05-26 01:43:23,681 [pool-180-thread-1] INFO  server.RaftServerConfigKeys (ConfUtils.java:logGet(46)) - raft.server.log.unsafe-flush.enabled = false (default)
2022-05-26 01:43:23,681 [pool-180-thread-1] INFO  server.RaftServerConfigKeys (ConfUtils.java:logGet(46)) - raft.server.log.statemachine.data.caching.enabled = false (default)
2022-05-26 01:43:23,681 [pool-180-thread-1] INFO  segmented.SegmentedRaftLogWorker (SegmentedRaftLogWorker.java:lambda$new$0(135)) - om1@group-C5BA1605619E-SegmentedRaftLogWorker: flushIndex: setUnconditionally 0 -> -1
2022-05-26 01:43:23,681 [pool-180-thread-1] INFO  segmented.SegmentedRaftLogWorker (SegmentedRaftLogWorker.java:lambda$new$0(135)) - om1@group-C5BA1605619E-SegmentedRaftLogWorker: safeCacheEvictIndex: setUnconditionally 0 -> -1
2022-05-26 01:43:23,712 [pool-180-thread-1] INFO  server.RaftServerConfigKeys (ConfUtils.java:logGet(46)) - raft.server.snapshot.auto.trigger.enabled = true (custom)
2022-05-26 01:43:23,712 [pool-180-thread-1] INFO  server.RaftServerConfigKeys (ConfUtils.java:logGet(46)) - raft.server.snapshot.auto.trigger.threshold = 400000 (default)
2022-05-26 01:43:23,712 [pool-180-thread-1] INFO  server.RaftServerConfigKeys (ConfUtils.java:logGet(46)) - raft.server.snapshot.retention.file.num = -1 (default)
2022-05-26 01:43:23,712 [pool-180-thread-1] INFO  server.RaftServerConfigKeys (ConfUtils.java:logGet(46)) - raft.server.log.purge.upto.snapshot.index = true (custom)
2022-05-26 01:43:23,712 [pool-180-thread-1] INFO  server.RaftServerConfigKeys (ConfUtils.java:logGet(46)) - raft.server.retrycache.expirytime = 300s (custom)
2022-05-26 01:43:23,712 [pool-180-thread-1] INFO  server.RaftServerConfigKeys (ConfUtils.java:logGet(46)) - raft.server.retrycache.statistics.expirytime = 100μs (default)
2022-05-26 01:43:23,713 [pool-180-thread-1] INFO  server.RaftServerConfigKeys (ConfUtils.java:logGet(46)) - raft.server.log.appender.install.snapshot.enabled = false (custom)
2022-05-26 01:43:23,713 [pool-180-thread-1] INFO  server.RaftServerConfigKeys (ConfUtils.java:logGet(46)) - raft.server.threadpool.server.cached = true (default)
2022-05-26 01:43:23,713 [pool-180-thread-1] INFO  server.RaftServerConfigKeys (ConfUtils.java:logGet(46)) - raft.server.threadpool.server.size = 0 (default)
2022-05-26 01:43:23,713 [pool-180-thread-1] INFO  server.RaftServerConfigKeys (ConfUtils.java:logGet(46)) - raft.server.threadpool.client.cached = true (default)
2022-05-26 01:43:23,713 [pool-180-thread-1] INFO  server.RaftServerConfigKeys (ConfUtils.java:logGet(46)) - raft.server.threadpool.client.size = 0 (default)
2022-05-26 01:43:24,441 [Listener at 0.0.0.0/37543] INFO  reflections.Reflections (Reflections.java:scan(232)) - Reflections took 778 ms to scan 19 urls, producing 61 keys and 3727 values [using 2 cores]
2022-05-26 01:43:24,442 [Listener at 0.0.0.0/37543] INFO  ipc.CallQueueManager (CallQueueManager.java:<init>(90)) - Using callQueue: class java.util.concurrent.LinkedBlockingQueue, queueCapacity: 2000, scheduler: class org.apache.hadoop.ipc.DefaultRpcScheduler, ipcBackoff: false.
2022-05-26 01:43:24,443 [Socket Reader #1 for port 0] INFO  ipc.Server (Server.java:run(1265)) - Starting Socket Reader #1 for port 0
2022-05-26 01:43:24,486 [Listener at 127.0.0.1/38663] INFO  impl.MetricsSystemImpl (MetricsSystemImpl.java:init(158)) - OzoneManager metrics system started (again)
2022-05-26 01:43:24,505 [Listener at 127.0.0.1/38663] INFO  om.OzoneManager (OzoneManager.java:start(1405)) - OzoneManager RPC server is listening at localhost/127.0.0.1:38663
2022-05-26 01:43:24,505 [Listener at 127.0.0.1/38663] INFO  ratis.OzoneManagerRatisServer (OzoneManagerRatisServer.java:start(554)) - Starting OzoneManagerRatisServer om1 at port 9872
2022-05-26 01:43:24,505 [om1-impl-thread1] INFO  server.RaftServer$Division (RaftServerImpl.java:start(310)) - om1@group-C5BA1605619E: start as a follower, conf=-1: [om1|rpc:localhost:9872|priority:0], old=null
2022-05-26 01:43:24,505 [om1-impl-thread1] INFO  server.RaftServer$Division (RaftServerImpl.java:setRole(299)) - om1@group-C5BA1605619E: changes role from      null to FOLLOWER at term 0 for startAsFollower
2022-05-26 01:43:24,505 [om1-impl-thread1] INFO  impl.RoleInfo (RoleInfo.java:updateAndGet(139)) - om1: start om1@group-C5BA1605619E-FollowerState
2022-05-26 01:43:24,508 [om1-impl-thread1] INFO  util.JmxRegister (JmxRegister.java:tryRegister(44)) - Successfully registered JMX Bean with object name Ratis:service=RaftServer,group=group-C5BA1605619E,id=om1
2022-05-26 01:43:24,520 [Listener at 127.0.0.1/38663] INFO  server.RaftServer (RaftServerProxy.java:lambda$start$6(382)) - om1: start RPC server
2022-05-26 01:43:24,544 [Listener at 127.0.0.1/38663] INFO  server.GrpcService (GrpcService.java:startImpl(260)) - om1: GrpcService started, listening on 9872
2022-05-26 01:43:24,551 [Listener at 127.0.0.1/38663] INFO  om.OzoneManager (OzoneManager.java:start(1421)) - Version File has different layout version (2) than OM DB (null). That is expected if this OM has never been finalized to a newer layout version.
2022-05-26 01:43:24,551 [org.apache.ratis.util.JvmPauseMonitor$$Lambda$677/950145419@354dbfa3] INFO  util.JvmPauseMonitor (JvmPauseMonitor.java:run(103)) - JvmPauseMonitor-om1: Started
2022-05-26 01:43:24,601 [Listener at 127.0.0.1/38663] INFO  http.BaseHttpServer (BaseHttpServer.java:newHttpServer2BuilderForOzone(209)) - Starting Web-server for ozoneManager at: http://0.0.0.0:0
2022-05-26 01:43:24,601 [Listener at 127.0.0.1/38663] INFO  http.BaseHttpServer (BaseHttpServer.java:<init>(107)) - Hadoop Security Enabled: false Ozone Security Enabled: false Ozone HTTP Security Enabled: false 
2022-05-26 01:43:24,602 [Listener at 127.0.0.1/38663] INFO  server.AuthenticationFilter (AuthenticationFilter.java:constructSecretProvider(240)) - Unable to initialize FileSignerSecretProvider, falling back to use random secrets.
2022-05-26 01:43:24,608 [Listener at 127.0.0.1/38663] WARN  http.HttpRequestLog (HttpRequestLog.java:getRequestLog(103)) - Jetty request log can only be enabled using Log4j
2022-05-26 01:43:24,609 [Listener at 127.0.0.1/38663] INFO  http.HttpServer2 (HttpServer2.java:addGlobalFilter(1030)) - Added global filter 'safety' (class=org.apache.hadoop.hdds.server.http.HttpServer2$QuotingInputFilter)
2022-05-26 01:43:24,610 [Listener at 127.0.0.1/38663] INFO  http.HttpServer2 (HttpServer2.java:addFilter(1006)) - Added filter static_user_filter (class=org.apache.hadoop.http.lib.StaticUserWebFilter$StaticUserFilter) to context ozoneManager
2022-05-26 01:43:24,610 [Listener at 127.0.0.1/38663] INFO  http.HttpServer2 (HttpServer2.java:addFilter(1014)) - Added filter static_user_filter (class=org.apache.hadoop.http.lib.StaticUserWebFilter$StaticUserFilter) to context static
2022-05-26 01:43:24,610 [Listener at 127.0.0.1/38663] INFO  http.HttpServer2 (HttpServer2.java:addFilter(1014)) - Added filter static_user_filter (class=org.apache.hadoop.http.lib.StaticUserWebFilter$StaticUserFilter) to context logs
2022-05-26 01:43:24,611 [Listener at 127.0.0.1/38663] INFO  http.HttpServer2 (HttpServer2.java:bindListener(1249)) - Jetty bound to port 40163
2022-05-26 01:43:24,611 [Listener at 127.0.0.1/38663] INFO  server.Server (Server.java:doStart(375)) - jetty-9.4.43.v20210629; built: 2021-06-30T11:07:22.254Z; git: 526006ecfa3af7f1a27ef3a288e2bef7ea9dd7e8; jvm 1.8.0_332-b09
2022-05-26 01:43:24,668 [Listener at 127.0.0.1/38663] INFO  server.session (DefaultSessionIdManager.java:doStart(334)) - DefaultSessionIdManager workerName=node0
2022-05-26 01:43:24,668 [Listener at 127.0.0.1/38663] INFO  server.session (DefaultSessionIdManager.java:doStart(339)) - No SessionScavenger set, using defaults
2022-05-26 01:43:24,669 [Listener at 127.0.0.1/38663] INFO  server.session (HouseKeeper.java:startScavenging(132)) - node0 Scavenging every 600000ms
2022-05-26 01:43:24,684 [Listener at 127.0.0.1/38663] INFO  handler.ContextHandler (ContextHandler.java:doStart(915)) - Started o.e.j.s.ServletContextHandler@59708aaa{logs,/logs,file:///home/runner/work/ozone/ozone/hadoop-ozone/integration-test/target/log,AVAILABLE}
2022-05-26 01:43:24,685 [Listener at 127.0.0.1/38663] INFO  handler.ContextHandler (ContextHandler.java:doStart(915)) - Started o.e.j.s.ServletContextHandler@5aea3e4e{static,/static,file:///home/runner/work/ozone/ozone/hadoop-ozone/integration-test/target/test-classes/webapps/static,AVAILABLE}
2022-05-26 01:43:24,688 [Listener at 127.0.0.1/38663] INFO  handler.ContextHandler (ContextHandler.java:doStart(915)) - Started o.e.j.w.WebAppContext@5d7225b5{ozoneManager,/,file:///home/runner/work/ozone/ozone/hadoop-ozone/integration-test/target/test-classes/webapps/ozoneManager/,AVAILABLE}{file:/home/runner/work/ozone/ozone/hadoop-ozone/integration-test/target/test-classes/webapps/ozoneManager}
2022-05-26 01:43:24,695 [Listener at 127.0.0.1/38663] INFO  server.AbstractConnector (AbstractConnector.java:doStart(331)) - Started ServerConnector@7e5ed9ce{HTTP/1.1, (http/1.1)}{0.0.0.0:40163}
2022-05-26 01:43:24,695 [Listener at 127.0.0.1/38663] INFO  server.Server (Server.java:doStart(415)) - Started @43466ms
2022-05-26 01:43:24,695 [Listener at 127.0.0.1/38663] WARN  impl.MetricsSystemImpl (MetricsSystemImpl.java:register(279)) - Sink prometheus already exists!
2022-05-26 01:43:24,696 [Listener at 127.0.0.1/38663] INFO  http.BaseHttpServer (BaseHttpServer.java:updateConnectorAddress(329)) - HTTP server of ozoneManager listening at http://0.0.0.0:40163
2022-05-26 01:43:24,700 [IPC Server Responder] INFO  ipc.Server (Server.java:run(1507)) - IPC Server Responder: starting
2022-05-26 01:43:24,708 [IPC Server listener on 0] INFO  ipc.Server (Server.java:run(1344)) - IPC Server listener on 0: starting
2022-05-26 01:43:24,824 [Listener at 127.0.0.1/38663] INFO  om.OzoneManager (OzoneManager.java:startTrashEmptier(1845)) - Trash Interval set to 0. Files deleted won't move to trash
2022-05-26 01:43:24,837 [org.apache.hadoop.util.JvmPauseMonitor$Monitor@195a0de5] INFO  util.JvmPauseMonitor (JvmPauseMonitor.java:run(188)) - Starting JVM pause monitor
2022-05-26 01:43:24,841 [Listener at 127.0.0.1/38663] WARN  impl.MetricRegistriesImpl (MetricRegistriesImpl.java:addReporterRegistration(111)) - New reporters are added after registries were created. Some metrics will be missing from the reporter. Please add reporter before adding any new registry.
2022-05-26 01:43:24,841 [Listener at 127.0.0.1/38663] WARN  impl.MetricRegistriesImpl (MetricRegistriesImpl.java:addReporterRegistration(111)) - New reporters are added after registries were created. Some metrics will be missing from the reporter. Please add reporter before adding any new registry.
2022-05-26 01:43:24,841 [Listener at 127.0.0.1/38663] INFO  impl.MetricsSystemImpl (MetricsSystemImpl.java:init(158)) - HddsDatanode metrics system started (again)
2022-05-26 01:43:24,857 [Listener at 127.0.0.1/38663] INFO  ozone.HddsDatanodeService (HddsDatanodeService.java:start(236)) - HddsDatanodeService host:fv-az270-854.tacnzluakwdehk1hpragurqkma.bx.internal.cloudapp.net ip:10.1.0.18
2022-05-26 01:43:24,892 [Listener at 127.0.0.1/38663] INFO  upgrade.AbstractLayoutVersionManager (AbstractLayoutVersionManager.java:init(79)) - Initializing Layout version manager with metadata layout = ERASURE_CODED_STORAGE_SUPPORT (version = 3), software layout = ERASURE_CODED_STORAGE_SUPPORT (version = 3)
2022-05-26 01:43:25,007 [Listener at 127.0.0.1/38663] INFO  reflections.Reflections (Reflections.java:scan(232)) - Reflections took 98 ms to scan 7 urls, producing 127 keys and 292 values 
2022-05-26 01:43:25,010 [Listener at 127.0.0.1/38663] INFO  statemachine.DatanodeStateMachine (DatanodeStateMachine.java:getEndPointTaskThreadPoolSize(233)) - Datanode State Machine Task Thread Pool size 2
2022-05-26 01:43:25,026 [Listener at 127.0.0.1/38663] INFO  volume.HddsVolume (HddsVolume.java:<init>(120)) - Creating HddsVolume: /home/runner/work/ozone/ozone/hadoop-ozone/integration-test/target/test-dir/MiniOzoneClusterImpl-2009ca84-e690-4f0e-80a4-64cb463c0d34/datanode-0/data-0/containers/hdds of storage type : DISK capacity : 9223372036854775807
2022-05-26 01:43:25,026 [Listener at 127.0.0.1/38663] INFO  volume.MutableVolumeSet (MutableVolumeSet.java:initializeVolumeSet(168)) - Added Volume : /home/runner/work/ozone/ozone/hadoop-ozone/integration-test/target/test-dir/MiniOzoneClusterImpl-2009ca84-e690-4f0e-80a4-64cb463c0d34/datanode-0/data-0/containers/hdds to VolumeSet
2022-05-26 01:43:25,026 [Listener at 127.0.0.1/38663] INFO  volume.ThrottledAsyncChecker (ThrottledAsyncChecker.java:schedule(141)) - Scheduling a check for /home/runner/work/ozone/ozone/hadoop-ozone/integration-test/target/test-dir/MiniOzoneClusterImpl-2009ca84-e690-4f0e-80a4-64cb463c0d34/datanode-0/data-0/containers/hdds
2022-05-26 01:43:25,040 [Listener at 127.0.0.1/38663] INFO  volume.StorageVolumeChecker (StorageVolumeChecker.java:checkAllVolumes(202)) - Scheduled health check for volume /home/runner/work/ozone/ozone/hadoop-ozone/integration-test/target/test-dir/MiniOzoneClusterImpl-2009ca84-e690-4f0e-80a4-64cb463c0d34/datanode-0/data-0/containers/hdds
2022-05-26 01:43:25,051 [Listener at 127.0.0.1/38663] INFO  volume.MutableVolumeSet (MutableVolumeSet.java:initializeVolumeSet(168)) - Added Volume : /home/runner/work/ozone/ozone/hadoop-ozone/integration-test/target/test-dir/MiniOzoneClusterImpl-2009ca84-e690-4f0e-80a4-64cb463c0d34/datanode-0/data/ratis to VolumeSet
2022-05-26 01:43:25,051 [Listener at 127.0.0.1/38663] INFO  volume.ThrottledAsyncChecker (ThrottledAsyncChecker.java:schedule(141)) - Scheduling a check for /home/runner/work/ozone/ozone/hadoop-ozone/integration-test/target/test-dir/MiniOzoneClusterImpl-2009ca84-e690-4f0e-80a4-64cb463c0d34/datanode-0/data/ratis
2022-05-26 01:43:25,069 [Listener at 127.0.0.1/38663] INFO  volume.StorageVolumeChecker (StorageVolumeChecker.java:checkAllVolumes(202)) - Scheduled health check for volume /home/runner/work/ozone/ozone/hadoop-ozone/integration-test/target/test-dir/MiniOzoneClusterImpl-2009ca84-e690-4f0e-80a4-64cb463c0d34/datanode-0/data/ratis
2022-05-26 01:43:25,093 [Thread-387] INFO  ozoneimpl.ContainerReader (ContainerReader.java:readVolume(172)) - Finish verifying containers on volume /home/runner/work/ozone/ozone/hadoop-ozone/integration-test/target/test-dir/MiniOzoneClusterImpl-2009ca84-e690-4f0e-80a4-64cb463c0d34/datanode-0/data-0/containers/hdds
2022-05-26 01:43:25,093 [Listener at 127.0.0.1/38663] INFO  ozoneimpl.OzoneContainer (OzoneContainer.java:buildContainerSet(257)) - Build ContainerSet costs 0s
2022-05-26 01:43:25,097 [Listener at 127.0.0.1/38663] INFO  server.RaftServer (ConfUtils.java:logGet(46)) - raft.rpc.type = GRPC (default)
2022-05-26 01:43:25,097 [Listener at 127.0.0.1/38663] INFO  grpc.GrpcFactory (GrpcFactory.java:checkPooledByteBufAllocatorUseCacheForAllThreads(48)) - PERFORMANCE WARNING: useCacheForAllThreads is true that may cause Netty to create a lot garbage objects and, as a result, trigger GC.
	It is recommended to disable useCacheForAllThreads by setting -Dorg.apache.ratis.thirdparty.io.netty.allocator.useCacheForAllThreads=false in command line.
2022-05-26 01:43:25,097 [Listener at 127.0.0.1/38663] INFO  grpc.GrpcConfigKeys (ConfUtils.java:logGet(46)) - raft.grpc.admin.port = 0 (custom)
2022-05-26 01:43:25,097 [Listener at 127.0.0.1/38663] INFO  grpc.GrpcConfigKeys (ConfUtils.java:logGet(46)) - raft.grpc.client.port = 0 (custom)
2022-05-26 01:43:25,097 [Listener at 127.0.0.1/38663] INFO  grpc.GrpcConfigKeys (ConfUtils.java:logGet(46)) - raft.grpc.server.port = 0 (default)
2022-05-26 01:43:25,097 [Listener at 127.0.0.1/38663] INFO  server.GrpcService (ConfUtils.java:logGet(46)) - raft.grpc.message.size.max = 32MB (=33554432) (custom)
2022-05-26 01:43:25,098 [Listener at 127.0.0.1/38663] INFO  server.RaftServerConfigKeys (ConfUtils.java:logGet(46)) - raft.server.log.appender.buffer.byte-limit = 33554432 (custom)
2022-05-26 01:43:25,098 [Listener at 127.0.0.1/38663] INFO  server.GrpcService (ConfUtils.java:logGet(46)) - raft.grpc.flow.control.window = 5MB (=5242880) (custom)
2022-05-26 01:43:25,098 [Listener at 127.0.0.1/38663] INFO  server.RaftServerConfigKeys (ConfUtils.java:logGet(46)) - raft.server.rpc.request.timeout = 60s (custom)
2022-05-26 01:43:25,098 [Listener at 127.0.0.1/38663] INFO  grpc.GrpcConfigKeys (ConfUtils.java:logGet(46)) - raft.grpc.server.async.request.thread.pool.cached = true (default)
2022-05-26 01:43:25,098 [Listener at 127.0.0.1/38663] INFO  grpc.GrpcConfigKeys (ConfUtils.java:logGet(46)) - raft.grpc.server.async.request.thread.pool.size = 32 (default)
2022-05-26 01:43:25,099 [Listener at 127.0.0.1/38663] INFO  impl.DataStreamServerImpl (ConfUtils.java:logGet(46)) - raft.datastream.type = DISABLED (default)
2022-05-26 01:43:25,099 [Listener at 127.0.0.1/38663] INFO  server.RaftServerConfigKeys (ConfUtils.java:logGet(46)) - raft.server.threadpool.proxy.cached = true (default)
2022-05-26 01:43:25,099 [Listener at 127.0.0.1/38663] INFO  server.RaftServerConfigKeys (ConfUtils.java:logGet(46)) - raft.server.threadpool.proxy.size = 0 (default)
2022-05-26 01:43:25,100 [Listener at 127.0.0.1/38663] INFO  server.RaftServerConfigKeys (ConfUtils.java:logGet(46)) - raft.server.rpc.slowness.timeout = 300s (custom)
2022-05-26 01:43:25,100 [Listener at 127.0.0.1/38663] INFO  server.RaftServerConfigKeys (ConfUtils.java:logGet(46)) - raft.server.leaderelection.leader.step-down.wait-time = 10s (default)
2022-05-26 01:43:25,100 [Listener at 127.0.0.1/38663] INFO  server.RaftServerConfigKeys (ConfUtils.java:logGet(46)) - raft.server.storage.dir = [/home/runner/work/ozone/ozone/hadoop-ozone/integration-test/target/test-dir/MiniOzoneClusterImpl-2009ca84-e690-4f0e-80a4-64cb463c0d34/datanode-0/data/ratis] (custom)
2022-05-26 01:43:25,105 [Listener at 127.0.0.1/38663] INFO  server.XceiverServerGrpc (XceiverServerGrpc.java:<init>(132)) - GrpcServer channel type EpollServerSocketChannel
2022-05-26 01:43:25,113 [Listener at 127.0.0.1/38663] INFO  http.BaseHttpServer (BaseHttpServer.java:newHttpServer2BuilderForOzone(209)) - Starting Web-server for hddsDatanode at: http://0.0.0.0:0
2022-05-26 01:43:25,113 [Listener at 127.0.0.1/38663] INFO  http.BaseHttpServer (BaseHttpServer.java:<init>(107)) - Hadoop Security Enabled: false Ozone Security Enabled: false Ozone HTTP Security Enabled: false 
2022-05-26 01:43:25,114 [Listener at 127.0.0.1/38663] INFO  server.AuthenticationFilter (AuthenticationFilter.java:constructSecretProvider(240)) - Unable to initialize FileSignerSecretProvider, falling back to use random secrets.
2022-05-26 01:43:25,120 [Listener at 127.0.0.1/38663] WARN  http.HttpRequestLog (HttpRequestLog.java:getRequestLog(103)) - Jetty request log can only be enabled using Log4j
2022-05-26 01:43:25,121 [Listener at 127.0.0.1/38663] INFO  http.HttpServer2 (HttpServer2.java:addGlobalFilter(1030)) - Added global filter 'safety' (class=org.apache.hadoop.hdds.server.http.HttpServer2$QuotingInputFilter)
2022-05-26 01:43:25,122 [Listener at 127.0.0.1/38663] INFO  http.HttpServer2 (HttpServer2.java:addFilter(1006)) - Added filter static_user_filter (class=org.apache.hadoop.http.lib.StaticUserWebFilter$StaticUserFilter) to context hddsDatanode
2022-05-26 01:43:25,123 [Listener at 127.0.0.1/38663] INFO  http.HttpServer2 (HttpServer2.java:addFilter(1014)) - Added filter static_user_filter (class=org.apache.hadoop.http.lib.StaticUserWebFilter$StaticUserFilter) to context static
2022-05-26 01:43:25,123 [Listener at 127.0.0.1/38663] INFO  http.HttpServer2 (HttpServer2.java:addFilter(1014)) - Added filter static_user_filter (class=org.apache.hadoop.http.lib.StaticUserWebFilter$StaticUserFilter) to context logs
2022-05-26 01:43:25,125 [Listener at 127.0.0.1/38663] INFO  http.HttpServer2 (HttpServer2.java:bindListener(1249)) - Jetty bound to port 42595
2022-05-26 01:43:25,125 [Listener at 127.0.0.1/38663] INFO  server.Server (Server.java:doStart(375)) - jetty-9.4.43.v20210629; built: 2021-06-30T11:07:22.254Z; git: 526006ecfa3af7f1a27ef3a288e2bef7ea9dd7e8; jvm 1.8.0_332-b09
2022-05-26 01:43:25,184 [Listener at 127.0.0.1/38663] INFO  server.session (DefaultSessionIdManager.java:doStart(334)) - DefaultSessionIdManager workerName=node0
2022-05-26 01:43:25,184 [Listener at 127.0.0.1/38663] INFO  server.session (DefaultSessionIdManager.java:doStart(339)) - No SessionScavenger set, using defaults
2022-05-26 01:43:25,184 [Listener at 127.0.0.1/38663] INFO  server.session (HouseKeeper.java:startScavenging(132)) - node0 Scavenging every 660000ms
2022-05-26 01:43:25,185 [Listener at 127.0.0.1/38663] INFO  handler.ContextHandler (ContextHandler.java:doStart(915)) - Started o.e.j.s.ServletContextHandler@31429a0a{logs,/logs,file:///home/runner/work/ozone/ozone/hadoop-ozone/integration-test/target/log,AVAILABLE}
2022-05-26 01:43:25,186 [Listener at 127.0.0.1/38663] INFO  handler.ContextHandler (ContextHandler.java:doStart(915)) - Started o.e.j.s.ServletContextHandler@2acf4eed{static,/static,jar:file:/home/runner/.m2/repository/org/apache/ozone/hdds-container-service/1.3.0-SNAPSHOT/hdds-container-service-1.3.0-SNAPSHOT.jar!/webapps/static,AVAILABLE}
2022-05-26 01:43:25,393 [Listener at 127.0.0.1/38663] INFO  handler.ContextHandler (ContextHandler.java:doStart(915)) - Started o.e.j.w.WebAppContext@29db3f23{hddsDatanode,/,file:///tmp/jetty-0_0_0_0-42595-hdds-container-service-1_3_0-SNAPSHOT_jar-_-any-1107198383942908706/webapp/,AVAILABLE}{jar:file:/home/runner/.m2/repository/org/apache/ozone/hdds-container-service/1.3.0-SNAPSHOT/hdds-container-service-1.3.0-SNAPSHOT.jar!/webapps/hddsDatanode}
2022-05-26 01:43:25,412 [Listener at 127.0.0.1/38663] INFO  server.AbstractConnector (AbstractConnector.java:doStart(331)) - Started ServerConnector@2a6b4454{HTTP/1.1, (http/1.1)}{0.0.0.0:42595}
2022-05-26 01:43:25,414 [Listener at 127.0.0.1/38663] INFO  server.Server (Server.java:doStart(415)) - Started @44184ms
2022-05-26 01:43:25,414 [Listener at 127.0.0.1/38663] WARN  impl.MetricsSystemImpl (MetricsSystemImpl.java:register(279)) - Sink prometheus already exists!
2022-05-26 01:43:25,415 [Listener at 127.0.0.1/38663] INFO  http.BaseHttpServer (BaseHttpServer.java:updateConnectorAddress(329)) - HTTP server of hddsDatanode listening at http://0.0.0.0:42595
2022-05-26 01:43:25,423 [Listener at 127.0.0.1/38663] WARN  impl.MetricRegistriesImpl (MetricRegistriesImpl.java:addReporterRegistration(111)) - New reporters are added after registries were created. Some metrics will be missing from the reporter. Please add reporter before adding any new registry.
2022-05-26 01:43:25,423 [Listener at 127.0.0.1/38663] WARN  impl.MetricRegistriesImpl (MetricRegistriesImpl.java:addReporterRegistration(111)) - New reporters are added after registries were created. Some metrics will be missing from the reporter. Please add reporter before adding any new registry.
2022-05-26 01:43:25,423 [Listener at 127.0.0.1/38663] INFO  impl.MetricsSystemImpl (MetricsSystemImpl.java:init(158)) - HddsDatanode metrics system started (again)
2022-05-26 01:43:25,428 [Datanode State Machine Daemon Thread] INFO  statemachine.DatanodeStateMachine (DatanodeStateMachine.java:lambda$startDaemon$0(481)) - Ozone container server started.
2022-05-26 01:43:25,439 [Listener at 127.0.0.1/38663] INFO  ozone.HddsDatanodeService (HddsDatanodeService.java:start(236)) - HddsDatanodeService host:fv-az270-854.tacnzluakwdehk1hpragurqkma.bx.internal.cloudapp.net ip:10.1.0.18
2022-05-26 01:43:25,457 [org.apache.hadoop.util.JvmPauseMonitor$Monitor@587a29ec] INFO  util.JvmPauseMonitor (JvmPauseMonitor.java:run(188)) - Starting JVM pause monitor
2022-05-26 01:43:25,475 [Datanode State Machine Task Thread - 0] INFO  datanode.InitDatanodeState (InitDatanodeState.java:persistContainerDatanodeDetails(138)) - DatanodeDetails is persisted to /home/runner/work/ozone/ozone/hadoop-ozone/integration-test/target/test-dir/MiniOzoneClusterImpl-2009ca84-e690-4f0e-80a4-64cb463c0d34/datanode-0/meta/datanode.id
2022-05-26 01:43:25,489 [Listener at 127.0.0.1/38663] INFO  upgrade.AbstractLayoutVersionManager (AbstractLayoutVersionManager.java:init(79)) - Initializing Layout version manager with metadata layout = ERASURE_CODED_STORAGE_SUPPORT (version = 3), software layout = ERASURE_CODED_STORAGE_SUPPORT (version = 3)
2022-05-26 01:43:25,575 [Listener at 127.0.0.1/38663] INFO  reflections.Reflections (Reflections.java:scan(232)) - Reflections took 85 ms to scan 7 urls, producing 127 keys and 292 values 
2022-05-26 01:43:25,576 [Listener at 127.0.0.1/38663] INFO  statemachine.DatanodeStateMachine (DatanodeStateMachine.java:getEndPointTaskThreadPoolSize(233)) - Datanode State Machine Task Thread Pool size 2
2022-05-26 01:43:25,597 [Listener at 127.0.0.1/38663] INFO  volume.HddsVolume (HddsVolume.java:<init>(120)) - Creating HddsVolume: /home/runner/work/ozone/ozone/hadoop-ozone/integration-test/target/test-dir/MiniOzoneClusterImpl-2009ca84-e690-4f0e-80a4-64cb463c0d34/datanode-1/data-0/containers/hdds of storage type : DISK capacity : 9223372036854775807
2022-05-26 01:43:25,597 [Listener at 127.0.0.1/38663] INFO  volume.MutableVolumeSet (MutableVolumeSet.java:initializeVolumeSet(168)) - Added Volume : /home/runner/work/ozone/ozone/hadoop-ozone/integration-test/target/test-dir/MiniOzoneClusterImpl-2009ca84-e690-4f0e-80a4-64cb463c0d34/datanode-1/data-0/containers/hdds to VolumeSet
2022-05-26 01:43:25,597 [Listener at 127.0.0.1/38663] INFO  volume.ThrottledAsyncChecker (ThrottledAsyncChecker.java:schedule(141)) - Scheduling a check for /home/runner/work/ozone/ozone/hadoop-ozone/integration-test/target/test-dir/MiniOzoneClusterImpl-2009ca84-e690-4f0e-80a4-64cb463c0d34/datanode-1/data-0/containers/hdds
2022-05-26 01:43:25,604 [Listener at 127.0.0.1/38663] INFO  volume.StorageVolumeChecker (StorageVolumeChecker.java:checkAllVolumes(202)) - Scheduled health check for volume /home/runner/work/ozone/ozone/hadoop-ozone/integration-test/target/test-dir/MiniOzoneClusterImpl-2009ca84-e690-4f0e-80a4-64cb463c0d34/datanode-1/data-0/containers/hdds
2022-05-26 01:43:25,614 [om1@group-C5BA1605619E-FollowerState] INFO  impl.FollowerState (FollowerState.java:run(143)) - om1@group-C5BA1605619E-FollowerState: change to CANDIDATE, lastRpcElapsedTime:1108606989ns, electionTimeout:1075ms
2022-05-26 01:43:25,614 [om1@group-C5BA1605619E-FollowerState] INFO  impl.RoleInfo (RoleInfo.java:shutdownFollowerState(110)) - om1: shutdown om1@group-C5BA1605619E-FollowerState
2022-05-26 01:43:25,614 [om1@group-C5BA1605619E-FollowerState] INFO  server.RaftServer$Division (RaftServerImpl.java:setRole(299)) - om1@group-C5BA1605619E: changes role from  FOLLOWER to CANDIDATE at term 0 for changeToCandidate
2022-05-26 01:43:25,614 [om1@group-C5BA1605619E-FollowerState] INFO  server.RaftServerConfigKeys (ConfUtils.java:logGet(46)) - raft.server.leaderelection.pre-vote = false (custom)
2022-05-26 01:43:25,614 [om1@group-C5BA1605619E-FollowerState] INFO  impl.RoleInfo (RoleInfo.java:updateAndGet(139)) - om1: start om1@group-C5BA1605619E-LeaderElection10
2022-05-26 01:43:25,619 [Listener at 127.0.0.1/38663] INFO  volume.MutableVolumeSet (MutableVolumeSet.java:initializeVolumeSet(168)) - Added Volume : /home/runner/work/ozone/ozone/hadoop-ozone/integration-test/target/test-dir/MiniOzoneClusterImpl-2009ca84-e690-4f0e-80a4-64cb463c0d34/datanode-1/data/ratis to VolumeSet
2022-05-26 01:43:25,619 [Listener at 127.0.0.1/38663] INFO  volume.ThrottledAsyncChecker (ThrottledAsyncChecker.java:schedule(141)) - Scheduling a check for /home/runner/work/ozone/ozone/hadoop-ozone/integration-test/target/test-dir/MiniOzoneClusterImpl-2009ca84-e690-4f0e-80a4-64cb463c0d34/datanode-1/data/ratis
2022-05-26 01:43:25,632 [Listener at 127.0.0.1/38663] INFO  volume.StorageVolumeChecker (StorageVolumeChecker.java:checkAllVolumes(202)) - Scheduled health check for volume /home/runner/work/ozone/ozone/hadoop-ozone/integration-test/target/test-dir/MiniOzoneClusterImpl-2009ca84-e690-4f0e-80a4-64cb463c0d34/datanode-1/data/ratis
2022-05-26 01:43:25,651 [om1@group-C5BA1605619E-LeaderElection10] INFO  impl.LeaderElection (LeaderElection.java:askForVotes(310)) - om1@group-C5BA1605619E-LeaderElection10 ELECTION round 0: submit vote requests at term 1 for -1: [om1|rpc:localhost:9872|priority:0], old=null
2022-05-26 01:43:25,651 [om1@group-C5BA1605619E-LeaderElection10] INFO  impl.LeaderElection (LeaderElection.java:askForVotes(312)) - om1@group-C5BA1605619E-LeaderElection10 ELECTION round 0: result PASSED (term=1)
2022-05-26 01:43:25,651 [om1@group-C5BA1605619E-LeaderElection10] INFO  impl.RoleInfo (RoleInfo.java:shutdownLeaderElection(130)) - om1: shutdown om1@group-C5BA1605619E-LeaderElection10
2022-05-26 01:43:25,651 [om1@group-C5BA1605619E-LeaderElection10] INFO  server.RaftServer$Division (RaftServerImpl.java:setRole(299)) - om1@group-C5BA1605619E: changes role from CANDIDATE to LEADER at term 1 for changeToLeader
2022-05-26 01:43:25,651 [om1@group-C5BA1605619E-LeaderElection10] INFO  server.RaftServer$Division (ServerState.java:setLeader(287)) - om1@group-C5BA1605619E: change Leader from null to om1 at term 1 for becomeLeader, leader elected after 1982ms
2022-05-26 01:43:25,652 [om1@group-C5BA1605619E-LeaderElection10] INFO  server.RaftServerConfigKeys (ConfUtils.java:logGet(46)) - raft.server.staging.catchup.gap = 1000 (default)
2022-05-26 01:43:25,652 [om1@group-C5BA1605619E-LeaderElection10] INFO  server.RaftServerConfigKeys (ConfUtils.java:logGet(46)) - raft.server.write.element-limit = 4096 (default)
2022-05-26 01:43:25,652 [om1@group-C5BA1605619E-LeaderElection10] INFO  server.RaftServerConfigKeys (ConfUtils.java:logGet(46)) - raft.server.write.byte-limit = 64MB (=67108864) (default)
2022-05-26 01:43:25,652 [om1@group-C5BA1605619E-LeaderElection10] INFO  server.RaftServerConfigKeys (ConfUtils.java:logGet(46)) - raft.server.watch.timeout = 10s (default)
2022-05-26 01:43:25,652 [om1@group-C5BA1605619E-LeaderElection10] INFO  server.RaftServerConfigKeys (ConfUtils.java:logGet(46)) - raft.server.watch.timeout.denomination = 1s (default)
2022-05-26 01:43:25,652 [om1@group-C5BA1605619E-LeaderElection10] INFO  server.RaftServerConfigKeys (ConfUtils.java:logGet(46)) - raft.server.watch.element-limit = 65536 (default)
2022-05-26 01:43:25,652 [om1@group-C5BA1605619E-LeaderElection10] INFO  server.RaftServerConfigKeys (ConfUtils.java:logGet(46)) - raft.server.write.element-limit = 4096 (default)
2022-05-26 01:43:25,652 [om1@group-C5BA1605619E-LeaderElection10] INFO  server.RaftServerConfigKeys (ConfUtils.java:logGet(46)) - raft.server.write.follower.gap.ratio.max = -1.0 (default)
2022-05-26 01:43:25,652 [om1@group-C5BA1605619E-LeaderElection10] INFO  impl.RoleInfo (RoleInfo.java:updateAndGet(139)) - om1: start om1@group-C5BA1605619E-LeaderStateImpl
2022-05-26 01:43:25,653 [om1@group-C5BA1605619E-LeaderElection10] INFO  segmented.SegmentedRaftLogWorker (SegmentedRaftLogWorker.java:startLogSegment(425)) - om1@group-C5BA1605619E-SegmentedRaftLogWorker: Starting segment from index:0
2022-05-26 01:43:25,665 [om1@group-C5BA1605619E-LeaderElection10] INFO  server.RaftServer$Division (ServerState.java:setRaftConf(393)) - om1@group-C5BA1605619E: set configuration 0: [om1|rpc:localhost:9872|admin:|client:|dataStream:|priority:0], old=null
2022-05-26 01:43:25,676 [Thread-402] INFO  ozoneimpl.ContainerReader (ContainerReader.java:readVolume(172)) - Finish verifying containers on volume /home/runner/work/ozone/ozone/hadoop-ozone/integration-test/target/test-dir/MiniOzoneClusterImpl-2009ca84-e690-4f0e-80a4-64cb463c0d34/datanode-1/data-0/containers/hdds
2022-05-26 01:43:25,676 [Listener at 127.0.0.1/38663] INFO  ozoneimpl.OzoneContainer (OzoneContainer.java:buildContainerSet(257)) - Build ContainerSet costs 0s
2022-05-26 01:43:25,678 [Listener at 127.0.0.1/38663] INFO  server.RaftServer (ConfUtils.java:logGet(46)) - raft.rpc.type = GRPC (default)
2022-05-26 01:43:25,679 [Listener at 127.0.0.1/38663] INFO  grpc.GrpcFactory (GrpcFactory.java:checkPooledByteBufAllocatorUseCacheForAllThreads(48)) - PERFORMANCE WARNING: useCacheForAllThreads is true that may cause Netty to create a lot garbage objects and, as a result, trigger GC.
	It is recommended to disable useCacheForAllThreads by setting -Dorg.apache.ratis.thirdparty.io.netty.allocator.useCacheForAllThreads=false in command line.
2022-05-26 01:43:25,679 [Listener at 127.0.0.1/38663] INFO  grpc.GrpcConfigKeys (ConfUtils.java:logGet(46)) - raft.grpc.admin.port = 0 (custom)
2022-05-26 01:43:25,679 [Listener at 127.0.0.1/38663] INFO  grpc.GrpcConfigKeys (ConfUtils.java:logGet(46)) - raft.grpc.client.port = 0 (custom)
2022-05-26 01:43:25,679 [Listener at 127.0.0.1/38663] INFO  grpc.GrpcConfigKeys (ConfUtils.java:logGet(46)) - raft.grpc.server.port = 0 (default)
2022-05-26 01:43:25,679 [Listener at 127.0.0.1/38663] INFO  server.GrpcService (ConfUtils.java:logGet(46)) - raft.grpc.message.size.max = 32MB (=33554432) (custom)
2022-05-26 01:43:25,679 [Listener at 127.0.0.1/38663] INFO  server.RaftServerConfigKeys (ConfUtils.java:logGet(46)) - raft.server.log.appender.buffer.byte-limit = 33554432 (custom)
2022-05-26 01:43:25,679 [Listener at 127.0.0.1/38663] INFO  server.GrpcService (ConfUtils.java:logGet(46)) - raft.grpc.flow.control.window = 5MB (=5242880) (custom)
2022-05-26 01:43:25,679 [Listener at 127.0.0.1/38663] INFO  server.RaftServerConfigKeys (ConfUtils.java:logGet(46)) - raft.server.rpc.request.timeout = 60s (custom)
2022-05-26 01:43:25,680 [Listener at 127.0.0.1/38663] INFO  grpc.GrpcConfigKeys (ConfUtils.java:logGet(46)) - raft.grpc.server.async.request.thread.pool.cached = true (default)
2022-05-26 01:43:25,680 [Listener at 127.0.0.1/38663] INFO  grpc.GrpcConfigKeys (ConfUtils.java:logGet(46)) - raft.grpc.server.async.request.thread.pool.size = 32 (default)
2022-05-26 01:43:25,680 [om1@group-C5BA1605619E-SegmentedRaftLogWorker] INFO  segmented.SegmentedRaftLogWorker (SegmentedRaftLogWorker.java:execute(629)) - om1@group-C5BA1605619E-SegmentedRaftLogWorker: created new log segment /home/runner/work/ozone/ozone/hadoop-ozone/integration-test/target/test-dir/MiniOzoneClusterImpl-2009ca84-e690-4f0e-80a4-64cb463c0d34/ozone-meta/ratis/bf265839-605b-3f16-9796-c5ba1605619e/current/log_inprogress_0
2022-05-26 01:43:25,686 [om1@group-C5BA1605619E-StateMachineUpdater] INFO  ratis.OzoneManagerStateMachine (OzoneManagerStateMachine.java:notifyConfigurationChanged(191)) - Received Configuration change notification from Ratis. New Peer list:
[id: "om1"
address: "localhost:9872"
]
2022-05-26 01:43:25,692 [Listener at 127.0.0.1/38663] INFO  impl.DataStreamServerImpl (ConfUtils.java:logGet(46)) - raft.datastream.type = DISABLED (default)
2022-05-26 01:43:25,692 [Listener at 127.0.0.1/38663] INFO  server.RaftServerConfigKeys (ConfUtils.java:logGet(46)) - raft.server.threadpool.proxy.cached = true (default)
2022-05-26 01:43:25,692 [Listener at 127.0.0.1/38663] INFO  server.RaftServerConfigKeys (ConfUtils.java:logGet(46)) - raft.server.threadpool.proxy.size = 0 (default)
2022-05-26 01:43:25,692 [Listener at 127.0.0.1/38663] INFO  server.RaftServerConfigKeys (ConfUtils.java:logGet(46)) - raft.server.rpc.slowness.timeout = 300s (custom)
2022-05-26 01:43:25,693 [Listener at 127.0.0.1/38663] INFO  server.RaftServerConfigKeys (ConfUtils.java:logGet(46)) - raft.server.leaderelection.leader.step-down.wait-time = 10s (default)
2022-05-26 01:43:25,693 [Listener at 127.0.0.1/38663] INFO  server.RaftServerConfigKeys (ConfUtils.java:logGet(46)) - raft.server.storage.dir = [/home/runner/work/ozone/ozone/hadoop-ozone/integration-test/target/test-dir/MiniOzoneClusterImpl-2009ca84-e690-4f0e-80a4-64cb463c0d34/datanode-1/data/ratis] (custom)
2022-05-26 01:43:25,709 [Listener at 127.0.0.1/38663] INFO  server.XceiverServerGrpc (XceiverServerGrpc.java:<init>(132)) - GrpcServer channel type EpollServerSocketChannel
2022-05-26 01:43:25,729 [Listener at 127.0.0.1/38663] INFO  http.BaseHttpServer (BaseHttpServer.java:newHttpServer2BuilderForOzone(209)) - Starting Web-server for hddsDatanode at: http://0.0.0.0:0
2022-05-26 01:43:25,729 [Listener at 127.0.0.1/38663] INFO  http.BaseHttpServer (BaseHttpServer.java:<init>(107)) - Hadoop Security Enabled: false Ozone Security Enabled: false Ozone HTTP Security Enabled: false 
2022-05-26 01:43:25,730 [Listener at 127.0.0.1/38663] INFO  server.AuthenticationFilter (AuthenticationFilter.java:constructSecretProvider(240)) - Unable to initialize FileSignerSecretProvider, falling back to use random secrets.
2022-05-26 01:43:25,733 [Listener at 127.0.0.1/38663] WARN  http.HttpRequestLog (HttpRequestLog.java:getRequestLog(103)) - Jetty request log can only be enabled using Log4j
2022-05-26 01:43:25,734 [Listener at 127.0.0.1/38663] INFO  http.HttpServer2 (HttpServer2.java:addGlobalFilter(1030)) - Added global filter 'safety' (class=org.apache.hadoop.hdds.server.http.HttpServer2$QuotingInputFilter)
2022-05-26 01:43:25,735 [Listener at 127.0.0.1/38663] INFO  http.HttpServer2 (HttpServer2.java:addFilter(1006)) - Added filter static_user_filter (class=org.apache.hadoop.http.lib.StaticUserWebFilter$StaticUserFilter) to context hddsDatanode
2022-05-26 01:43:25,735 [Listener at 127.0.0.1/38663] INFO  http.HttpServer2 (HttpServer2.java:addFilter(1014)) - Added filter static_user_filter (class=org.apache.hadoop.http.lib.StaticUserWebFilter$StaticUserFilter) to context static
2022-05-26 01:43:25,735 [Listener at 127.0.0.1/38663] INFO  http.HttpServer2 (HttpServer2.java:addFilter(1014)) - Added filter static_user_filter (class=org.apache.hadoop.http.lib.StaticUserWebFilter$StaticUserFilter) to context logs
2022-05-26 01:43:25,736 [Listener at 127.0.0.1/38663] INFO  http.HttpServer2 (HttpServer2.java:bindListener(1249)) - Jetty bound to port 42569
2022-05-26 01:43:25,736 [Listener at 127.0.0.1/38663] INFO  server.Server (Server.java:doStart(375)) - jetty-9.4.43.v20210629; built: 2021-06-30T11:07:22.254Z; git: 526006ecfa3af7f1a27ef3a288e2bef7ea9dd7e8; jvm 1.8.0_332-b09
2022-05-26 01:43:25,791 [Listener at 127.0.0.1/38663] INFO  server.session (DefaultSessionIdManager.java:doStart(334)) - DefaultSessionIdManager workerName=node0
2022-05-26 01:43:25,791 [Listener at 127.0.0.1/38663] INFO  server.session (DefaultSessionIdManager.java:doStart(339)) - No SessionScavenger set, using defaults
2022-05-26 01:43:25,791 [Listener at 127.0.0.1/38663] INFO  server.session (HouseKeeper.java:startScavenging(132)) - node0 Scavenging every 600000ms
2022-05-26 01:43:25,803 [Listener at 127.0.0.1/38663] INFO  handler.ContextHandler (ContextHandler.java:doStart(915)) - Started o.e.j.s.ServletContextHandler@308d1ec0{logs,/logs,file:///home/runner/work/ozone/ozone/hadoop-ozone/integration-test/target/log,AVAILABLE}
2022-05-26 01:43:25,803 [Listener at 127.0.0.1/38663] INFO  handler.ContextHandler (ContextHandler.java:doStart(915)) - Started o.e.j.s.ServletContextHandler@79acc359{static,/static,jar:file:/home/runner/.m2/repository/org/apache/ozone/hdds-container-service/1.3.0-SNAPSHOT/hdds-container-service-1.3.0-SNAPSHOT.jar!/webapps/static,AVAILABLE}
2022-05-26 01:43:26,149 [Listener at 127.0.0.1/38663] INFO  handler.ContextHandler (ContextHandler.java:doStart(915)) - Started o.e.j.w.WebAppContext@cf15d6{hddsDatanode,/,file:///tmp/jetty-0_0_0_0-42569-hdds-container-service-1_3_0-SNAPSHOT_jar-_-any-3283559580483532977/webapp/,AVAILABLE}{jar:file:/home/runner/.m2/repository/org/apache/ozone/hdds-container-service/1.3.0-SNAPSHOT/hdds-container-service-1.3.0-SNAPSHOT.jar!/webapps/hddsDatanode}
2022-05-26 01:43:26,157 [Listener at 127.0.0.1/38663] INFO  server.AbstractConnector (AbstractConnector.java:doStart(331)) - Started ServerConnector@7b84b4fb{HTTP/1.1, (http/1.1)}{0.0.0.0:42569}
2022-05-26 01:43:26,157 [Listener at 127.0.0.1/38663] INFO  server.Server (Server.java:doStart(415)) - Started @44928ms
2022-05-26 01:43:26,157 [Listener at 127.0.0.1/38663] WARN  impl.MetricsSystemImpl (MetricsSystemImpl.java:register(279)) - Sink prometheus already exists!
2022-05-26 01:43:26,158 [Listener at 127.0.0.1/38663] INFO  http.BaseHttpServer (BaseHttpServer.java:updateConnectorAddress(329)) - HTTP server of hddsDatanode listening at http://0.0.0.0:42569
2022-05-26 01:43:26,158 [Listener at 127.0.0.1/38663] WARN  impl.MetricRegistriesImpl (MetricRegistriesImpl.java:addReporterRegistration(111)) - New reporters are added after registries were created. Some metrics will be missing from the reporter. Please add reporter before adding any new registry.
2022-05-26 01:43:26,158 [Listener at 127.0.0.1/38663] WARN  impl.MetricRegistriesImpl (MetricRegistriesImpl.java:addReporterRegistration(111)) - New reporters are added after registries were created. Some metrics will be missing from the reporter. Please add reporter before adding any new registry.
2022-05-26 01:43:26,159 [Listener at 127.0.0.1/38663] INFO  impl.MetricsSystemImpl (MetricsSystemImpl.java:init(158)) - HddsDatanode metrics system started (again)
2022-05-26 01:43:26,174 [Datanode State Machine Daemon Thread] INFO  statemachine.DatanodeStateMachine (DatanodeStateMachine.java:lambda$startDaemon$0(481)) - Ozone container server started.
2022-05-26 01:43:26,228 [Listener at 127.0.0.1/38663] INFO  ozone.HddsDatanodeService (HddsDatanodeService.java:start(236)) - HddsDatanodeService host:fv-az270-854.tacnzluakwdehk1hpragurqkma.bx.internal.cloudapp.net ip:10.1.0.18
2022-05-26 01:43:26,248 [org.apache.hadoop.util.JvmPauseMonitor$Monitor@35448d70] INFO  util.JvmPauseMonitor (JvmPauseMonitor.java:run(188)) - Starting JVM pause monitor
2022-05-26 01:43:26,258 [Datanode State Machine Task Thread - 0] INFO  datanode.InitDatanodeState (InitDatanodeState.java:persistContainerDatanodeDetails(138)) - DatanodeDetails is persisted to /home/runner/work/ozone/ozone/hadoop-ozone/integration-test/target/test-dir/MiniOzoneClusterImpl-2009ca84-e690-4f0e-80a4-64cb463c0d34/datanode-1/meta/datanode.id
2022-05-26 01:43:26,271 [Listener at 127.0.0.1/38663] INFO  upgrade.AbstractLayoutVersionManager (AbstractLayoutVersionManager.java:init(79)) - Initializing Layout version manager with metadata layout = ERASURE_CODED_STORAGE_SUPPORT (version = 3), software layout = ERASURE_CODED_STORAGE_SUPPORT (version = 3)
2022-05-26 01:43:26,327 [Listener at 127.0.0.1/38663] INFO  reflections.Reflections (Reflections.java:scan(232)) - Reflections took 54 ms to scan 7 urls, producing 127 keys and 292 values 
2022-05-26 01:43:26,328 [Listener at 127.0.0.1/38663] INFO  statemachine.DatanodeStateMachine (DatanodeStateMachine.java:getEndPointTaskThreadPoolSize(233)) - Datanode State Machine Task Thread Pool size 2
2022-05-26 01:43:26,342 [Listener at 127.0.0.1/38663] INFO  volume.HddsVolume (HddsVolume.java:<init>(120)) - Creating HddsVolume: /home/runner/work/ozone/ozone/hadoop-ozone/integration-test/target/test-dir/MiniOzoneClusterImpl-2009ca84-e690-4f0e-80a4-64cb463c0d34/datanode-2/data-0/containers/hdds of storage type : DISK capacity : 9223372036854775807
2022-05-26 01:43:26,342 [Listener at 127.0.0.1/38663] INFO  volume.MutableVolumeSet (MutableVolumeSet.java:initializeVolumeSet(168)) - Added Volume : /home/runner/work/ozone/ozone/hadoop-ozone/integration-test/target/test-dir/MiniOzoneClusterImpl-2009ca84-e690-4f0e-80a4-64cb463c0d34/datanode-2/data-0/containers/hdds to VolumeSet
2022-05-26 01:43:26,342 [Listener at 127.0.0.1/38663] INFO  volume.ThrottledAsyncChecker (ThrottledAsyncChecker.java:schedule(141)) - Scheduling a check for /home/runner/work/ozone/ozone/hadoop-ozone/integration-test/target/test-dir/MiniOzoneClusterImpl-2009ca84-e690-4f0e-80a4-64cb463c0d34/datanode-2/data-0/containers/hdds
2022-05-26 01:43:26,352 [Listener at 127.0.0.1/38663] INFO  volume.StorageVolumeChecker (StorageVolumeChecker.java:checkAllVolumes(202)) - Scheduled health check for volume /home/runner/work/ozone/ozone/hadoop-ozone/integration-test/target/test-dir/MiniOzoneClusterImpl-2009ca84-e690-4f0e-80a4-64cb463c0d34/datanode-2/data-0/containers/hdds
2022-05-26 01:43:26,368 [Listener at 127.0.0.1/38663] INFO  volume.MutableVolumeSet (MutableVolumeSet.java:initializeVolumeSet(168)) - Added Volume : /home/runner/work/ozone/ozone/hadoop-ozone/integration-test/target/test-dir/MiniOzoneClusterImpl-2009ca84-e690-4f0e-80a4-64cb463c0d34/datanode-2/data/ratis to VolumeSet
2022-05-26 01:43:26,369 [Listener at 127.0.0.1/38663] INFO  volume.ThrottledAsyncChecker (ThrottledAsyncChecker.java:schedule(141)) - Scheduling a check for /home/runner/work/ozone/ozone/hadoop-ozone/integration-test/target/test-dir/MiniOzoneClusterImpl-2009ca84-e690-4f0e-80a4-64cb463c0d34/datanode-2/data/ratis
2022-05-26 01:43:26,369 [Listener at 127.0.0.1/38663] INFO  volume.StorageVolumeChecker (StorageVolumeChecker.java:checkAllVolumes(202)) - Scheduled health check for volume /home/runner/work/ozone/ozone/hadoop-ozone/integration-test/target/test-dir/MiniOzoneClusterImpl-2009ca84-e690-4f0e-80a4-64cb463c0d34/datanode-2/data/ratis
2022-05-26 01:43:26,396 [Thread-415] INFO  ozoneimpl.ContainerReader (ContainerReader.java:readVolume(172)) - Finish verifying containers on volume /home/runner/work/ozone/ozone/hadoop-ozone/integration-test/target/test-dir/MiniOzoneClusterImpl-2009ca84-e690-4f0e-80a4-64cb463c0d34/datanode-2/data-0/containers/hdds
2022-05-26 01:43:26,396 [Listener at 127.0.0.1/38663] INFO  ozoneimpl.OzoneContainer (OzoneContainer.java:buildContainerSet(257)) - Build ContainerSet costs 0s
2022-05-26 01:43:26,399 [Listener at 127.0.0.1/38663] INFO  server.RaftServer (ConfUtils.java:logGet(46)) - raft.rpc.type = GRPC (default)
2022-05-26 01:43:26,400 [Listener at 127.0.0.1/38663] INFO  grpc.GrpcFactory (GrpcFactory.java:checkPooledByteBufAllocatorUseCacheForAllThreads(48)) - PERFORMANCE WARNING: useCacheForAllThreads is true that may cause Netty to create a lot garbage objects and, as a result, trigger GC.
	It is recommended to disable useCacheForAllThreads by setting -Dorg.apache.ratis.thirdparty.io.netty.allocator.useCacheForAllThreads=false in command line.
2022-05-26 01:43:26,400 [Listener at 127.0.0.1/38663] INFO  grpc.GrpcConfigKeys (ConfUtils.java:logGet(46)) - raft.grpc.admin.port = 0 (custom)
2022-05-26 01:43:26,400 [Listener at 127.0.0.1/38663] INFO  grpc.GrpcConfigKeys (ConfUtils.java:logGet(46)) - raft.grpc.client.port = 0 (custom)
2022-05-26 01:43:26,400 [Listener at 127.0.0.1/38663] INFO  grpc.GrpcConfigKeys (ConfUtils.java:logGet(46)) - raft.grpc.server.port = 0 (default)
2022-05-26 01:43:26,400 [Listener at 127.0.0.1/38663] INFO  server.GrpcService (ConfUtils.java:logGet(46)) - raft.grpc.message.size.max = 32MB (=33554432) (custom)
2022-05-26 01:43:26,400 [Listener at 127.0.0.1/38663] INFO  server.RaftServerConfigKeys (ConfUtils.java:logGet(46)) - raft.server.log.appender.buffer.byte-limit = 33554432 (custom)
2022-05-26 01:43:26,401 [Listener at 127.0.0.1/38663] INFO  server.GrpcService (ConfUtils.java:logGet(46)) - raft.grpc.flow.control.window = 5MB (=5242880) (custom)
2022-05-26 01:43:26,401 [Listener at 127.0.0.1/38663] INFO  server.RaftServerConfigKeys (ConfUtils.java:logGet(46)) - raft.server.rpc.request.timeout = 60s (custom)
2022-05-26 01:43:26,401 [Listener at 127.0.0.1/38663] INFO  grpc.GrpcConfigKeys (ConfUtils.java:logGet(46)) - raft.grpc.server.async.request.thread.pool.cached = true (default)
2022-05-26 01:43:26,401 [Listener at 127.0.0.1/38663] INFO  grpc.GrpcConfigKeys (ConfUtils.java:logGet(46)) - raft.grpc.server.async.request.thread.pool.size = 32 (default)
2022-05-26 01:43:26,402 [Listener at 127.0.0.1/38663] INFO  impl.DataStreamServerImpl (ConfUtils.java:logGet(46)) - raft.datastream.type = DISABLED (default)
2022-05-26 01:43:26,402 [Listener at 127.0.0.1/38663] INFO  server.RaftServerConfigKeys (ConfUtils.java:logGet(46)) - raft.server.threadpool.proxy.cached = true (default)
2022-05-26 01:43:26,402 [Listener at 127.0.0.1/38663] INFO  server.RaftServerConfigKeys (ConfUtils.java:logGet(46)) - raft.server.threadpool.proxy.size = 0 (default)
2022-05-26 01:43:26,402 [Listener at 127.0.0.1/38663] INFO  server.RaftServerConfigKeys (ConfUtils.java:logGet(46)) - raft.server.rpc.slowness.timeout = 300s (custom)
2022-05-26 01:43:26,403 [Listener at 127.0.0.1/38663] INFO  server.RaftServerConfigKeys (ConfUtils.java:logGet(46)) - raft.server.leaderelection.leader.step-down.wait-time = 10s (default)
2022-05-26 01:43:26,403 [Listener at 127.0.0.1/38663] INFO  server.RaftServerConfigKeys (ConfUtils.java:logGet(46)) - raft.server.storage.dir = [/home/runner/work/ozone/ozone/hadoop-ozone/integration-test/target/test-dir/MiniOzoneClusterImpl-2009ca84-e690-4f0e-80a4-64cb463c0d34/datanode-2/data/ratis] (custom)
2022-05-26 01:43:26,421 [Listener at 127.0.0.1/38663] INFO  server.XceiverServerGrpc (XceiverServerGrpc.java:<init>(132)) - GrpcServer channel type EpollServerSocketChannel
2022-05-26 01:43:26,428 [Listener at 127.0.0.1/38663] INFO  http.BaseHttpServer (BaseHttpServer.java:newHttpServer2BuilderForOzone(209)) - Starting Web-server for hddsDatanode at: http://0.0.0.0:0
2022-05-26 01:43:26,428 [Listener at 127.0.0.1/38663] INFO  http.BaseHttpServer (BaseHttpServer.java:<init>(107)) - Hadoop Security Enabled: false Ozone Security Enabled: false Ozone HTTP Security Enabled: false 
2022-05-26 01:43:26,429 [Listener at 127.0.0.1/38663] INFO  server.AuthenticationFilter (AuthenticationFilter.java:constructSecretProvider(240)) - Unable to initialize FileSignerSecretProvider, falling back to use random secrets.
2022-05-26 01:43:26,440 [Listener at 127.0.0.1/38663] WARN  http.HttpRequestLog (HttpRequestLog.java:getRequestLog(103)) - Jetty request log can only be enabled using Log4j
2022-05-26 01:43:26,441 [Listener at 127.0.0.1/38663] INFO  http.HttpServer2 (HttpServer2.java:addGlobalFilter(1030)) - Added global filter 'safety' (class=org.apache.hadoop.hdds.server.http.HttpServer2$QuotingInputFilter)
2022-05-26 01:43:26,444 [Listener at 127.0.0.1/38663] INFO  http.HttpServer2 (HttpServer2.java:addFilter(1006)) - Added filter static_user_filter (class=org.apache.hadoop.http.lib.StaticUserWebFilter$StaticUserFilter) to context hddsDatanode
2022-05-26 01:43:26,445 [Listener at 127.0.0.1/38663] INFO  http.HttpServer2 (HttpServer2.java:addFilter(1014)) - Added filter static_user_filter (class=org.apache.hadoop.http.lib.StaticUserWebFilter$StaticUserFilter) to context static
2022-05-26 01:43:26,445 [Listener at 127.0.0.1/38663] INFO  http.HttpServer2 (HttpServer2.java:addFilter(1014)) - Added filter static_user_filter (class=org.apache.hadoop.http.lib.StaticUserWebFilter$StaticUserFilter) to context logs
2022-05-26 01:43:26,445 [Listener at 127.0.0.1/38663] INFO  http.HttpServer2 (HttpServer2.java:bindListener(1249)) - Jetty bound to port 45061
2022-05-26 01:43:26,445 [Listener at 127.0.0.1/38663] INFO  server.Server (Server.java:doStart(375)) - jetty-9.4.43.v20210629; built: 2021-06-30T11:07:22.254Z; git: 526006ecfa3af7f1a27ef3a288e2bef7ea9dd7e8; jvm 1.8.0_332-b09
2022-05-26 01:43:26,496 [Listener at 127.0.0.1/38663] INFO  server.session (DefaultSessionIdManager.java:doStart(334)) - DefaultSessionIdManager workerName=node0
2022-05-26 01:43:26,496 [Listener at 127.0.0.1/38663] INFO  server.session (DefaultSessionIdManager.java:doStart(339)) - No SessionScavenger set, using defaults
2022-05-26 01:43:26,497 [Listener at 127.0.0.1/38663] INFO  server.session (HouseKeeper.java:startScavenging(132)) - node0 Scavenging every 660000ms
2022-05-26 01:43:26,504 [Listener at 127.0.0.1/38663] INFO  handler.ContextHandler (ContextHandler.java:doStart(915)) - Started o.e.j.s.ServletContextHandler@11ad8d09{logs,/logs,file:///home/runner/work/ozone/ozone/hadoop-ozone/integration-test/target/log,AVAILABLE}
2022-05-26 01:43:26,512 [Listener at 127.0.0.1/38663] INFO  handler.ContextHandler (ContextHandler.java:doStart(915)) - Started o.e.j.s.ServletContextHandler@dac317c{static,/static,jar:file:/home/runner/.m2/repository/org/apache/ozone/hdds-container-service/1.3.0-SNAPSHOT/hdds-container-service-1.3.0-SNAPSHOT.jar!/webapps/static,AVAILABLE}
2022-05-26 01:43:26,828 [Listener at 127.0.0.1/38663] INFO  handler.ContextHandler (ContextHandler.java:doStart(915)) - Started o.e.j.w.WebAppContext@31cc510d{hddsDatanode,/,file:///tmp/jetty-0_0_0_0-45061-hdds-container-service-1_3_0-SNAPSHOT_jar-_-any-1903347538220369008/webapp/,AVAILABLE}{jar:file:/home/runner/.m2/repository/org/apache/ozone/hdds-container-service/1.3.0-SNAPSHOT/hdds-container-service-1.3.0-SNAPSHOT.jar!/webapps/hddsDatanode}
2022-05-26 01:43:26,840 [Listener at 127.0.0.1/38663] INFO  server.AbstractConnector (AbstractConnector.java:doStart(331)) - Started ServerConnector@14718621{HTTP/1.1, (http/1.1)}{0.0.0.0:45061}
2022-05-26 01:43:26,840 [Listener at 127.0.0.1/38663] INFO  server.Server (Server.java:doStart(415)) - Started @45611ms
2022-05-26 01:43:26,840 [Listener at 127.0.0.1/38663] WARN  impl.MetricsSystemImpl (MetricsSystemImpl.java:register(279)) - Sink prometheus already exists!
2022-05-26 01:43:26,841 [Listener at 127.0.0.1/38663] INFO  http.BaseHttpServer (BaseHttpServer.java:updateConnectorAddress(329)) - HTTP server of hddsDatanode listening at http://0.0.0.0:45061
2022-05-26 01:43:26,852 [Datanode State Machine Daemon Thread] INFO  statemachine.DatanodeStateMachine (DatanodeStateMachine.java:lambda$startDaemon$0(481)) - Ozone container server started.
2022-05-26 01:43:26,857 [Listener at 127.0.0.1/38663] INFO  ozone.MiniOzoneClusterImpl (MiniOzoneClusterImpl.java:lambda$waitForClusterToBeReady$0(221)) - Waiting for nodes to be ready. Got 0 of 3 DN Heartbeats.
2022-05-26 01:43:26,857 [Listener at 127.0.0.1/38663] INFO  ozone.MiniOzoneClusterImpl (MiniOzoneClusterImpl.java:lambda$waitForClusterToBeReady$0(224)) - Waiting for cluster to exit safe mode
2022-05-26 01:43:26,857 [Listener at 127.0.0.1/38663] INFO  ozone.MiniOzoneClusterImpl (MiniOzoneClusterImpl.java:lambda$waitForClusterToBeReady$0(226)) - SCM became leader
2022-05-26 01:43:26,892 [org.apache.hadoop.util.JvmPauseMonitor$Monitor@5e729c48] INFO  util.JvmPauseMonitor (JvmPauseMonitor.java:run(188)) - Starting JVM pause monitor
2022-05-26 01:43:26,910 [Datanode State Machine Task Thread - 0] INFO  datanode.InitDatanodeState (InitDatanodeState.java:persistContainerDatanodeDetails(138)) - DatanodeDetails is persisted to /home/runner/work/ozone/ozone/hadoop-ozone/integration-test/target/test-dir/MiniOzoneClusterImpl-2009ca84-e690-4f0e-80a4-64cb463c0d34/datanode-2/meta/datanode.id
2022-05-26 01:43:27,475 [EndpointStateMachine task thread for /0.0.0.0:45231 - 0 ] INFO  ozoneimpl.OzoneContainer (OzoneContainer.java:start(335)) - Attempting to start container services.
2022-05-26 01:43:27,475 [EndpointStateMachine task thread for /0.0.0.0:45231 - 0 ] INFO  ozoneimpl.OzoneContainer (OzoneContainer.java:startContainerScrub(270)) - Background container scanner has been disabled.
2022-05-26 01:43:27,481 [EndpointStateMachine task thread for /0.0.0.0:45231 - 0 ] INFO  replication.ReplicationServer (ReplicationServer.java:start(111)) - ReplicationServer is started using port 40397
2022-05-26 01:43:27,481 [EndpointStateMachine task thread for /0.0.0.0:45231 - 0 ] INFO  ratis.XceiverServerRatis (XceiverServerRatis.java:start(481)) - Starting XceiverServerRatis 9c641009-44c6-4a21-abd0-bbce9bac0b79
2022-05-26 01:43:27,482 [EndpointStateMachine task thread for /0.0.0.0:45231 - 0 ] INFO  server.RaftServer (RaftServerProxy.java:lambda$start$6(382)) - 9c641009-44c6-4a21-abd0-bbce9bac0b79: start RPC server
2022-05-26 01:43:27,485 [EndpointStateMachine task thread for /0.0.0.0:45231 - 0 ] INFO  server.GrpcService (GrpcService.java:startImpl(260)) - 9c641009-44c6-4a21-abd0-bbce9bac0b79: GrpcService started, listening on 44279
2022-05-26 01:43:27,485 [EndpointStateMachine task thread for /0.0.0.0:45231 - 0 ] INFO  ratis.XceiverServerRatis (XceiverServerRatis.java:getRealPort(502)) - XceiverServerRatis 9c641009-44c6-4a21-abd0-bbce9bac0b79 is started using port 44279 for RATIS
2022-05-26 01:43:27,485 [EndpointStateMachine task thread for /0.0.0.0:45231 - 0 ] INFO  ratis.XceiverServerRatis (XceiverServerRatis.java:getRealPort(502)) - XceiverServerRatis 9c641009-44c6-4a21-abd0-bbce9bac0b79 is started using port 44279 for RATIS_ADMIN
2022-05-26 01:43:27,485 [EndpointStateMachine task thread for /0.0.0.0:45231 - 0 ] INFO  ratis.XceiverServerRatis (XceiverServerRatis.java:getRealPort(502)) - XceiverServerRatis 9c641009-44c6-4a21-abd0-bbce9bac0b79 is started using port 44279 for RATIS_SERVER
2022-05-26 01:43:27,486 [org.apache.ratis.util.JvmPauseMonitor$$Lambda$677/950145419@213544d3] INFO  util.JvmPauseMonitor (JvmPauseMonitor.java:run(103)) - JvmPauseMonitor-9c641009-44c6-4a21-abd0-bbce9bac0b79: Started
2022-05-26 01:43:27,500 [EndpointStateMachine task thread for /0.0.0.0:45231 - 0 ] INFO  server.XceiverServerGrpc (XceiverServerGrpc.java:start(180)) - XceiverServerGrpc 9c641009-44c6-4a21-abd0-bbce9bac0b79 is started using port 43899
2022-05-26 01:43:27,857 [Listener at 127.0.0.1/38663] INFO  ozone.MiniOzoneClusterImpl (MiniOzoneClusterImpl.java:lambda$waitForClusterToBeReady$0(221)) - Waiting for nodes to be ready. Got 0 of 3 DN Heartbeats.
2022-05-26 01:43:27,857 [Listener at 127.0.0.1/38663] INFO  ozone.MiniOzoneClusterImpl (MiniOzoneClusterImpl.java:lambda$waitForClusterToBeReady$0(224)) - Waiting for cluster to exit safe mode
2022-05-26 01:43:27,858 [Listener at 127.0.0.1/38663] INFO  ozone.MiniOzoneClusterImpl (MiniOzoneClusterImpl.java:lambda$waitForClusterToBeReady$0(226)) - SCM became leader
2022-05-26 01:43:28,268 [EndpointStateMachine task thread for /0.0.0.0:45231 - 0 ] INFO  ozoneimpl.OzoneContainer (OzoneContainer.java:start(335)) - Attempting to start container services.
2022-05-26 01:43:28,269 [EndpointStateMachine task thread for /0.0.0.0:45231 - 0 ] INFO  ozoneimpl.OzoneContainer (OzoneContainer.java:startContainerScrub(270)) - Background container scanner has been disabled.
2022-05-26 01:43:28,270 [EndpointStateMachine task thread for /0.0.0.0:45231 - 0 ] INFO  replication.ReplicationServer (ReplicationServer.java:start(111)) - ReplicationServer is started using port 43679
2022-05-26 01:43:28,271 [EndpointStateMachine task thread for /0.0.0.0:45231 - 0 ] INFO  ratis.XceiverServerRatis (XceiverServerRatis.java:start(481)) - Starting XceiverServerRatis fc639477-34ee-4b00-ba9b-fbda3f43aca6
2022-05-26 01:43:28,271 [EndpointStateMachine task thread for /0.0.0.0:45231 - 0 ] INFO  server.RaftServer (RaftServerProxy.java:lambda$start$6(382)) - fc639477-34ee-4b00-ba9b-fbda3f43aca6: start RPC server
2022-05-26 01:43:28,277 [EndpointStateMachine task thread for /0.0.0.0:45231 - 0 ] INFO  server.GrpcService (GrpcService.java:startImpl(260)) - fc639477-34ee-4b00-ba9b-fbda3f43aca6: GrpcService started, listening on 44411
2022-05-26 01:43:28,277 [EndpointStateMachine task thread for /0.0.0.0:45231 - 0 ] INFO  ratis.XceiverServerRatis (XceiverServerRatis.java:getRealPort(502)) - XceiverServerRatis fc639477-34ee-4b00-ba9b-fbda3f43aca6 is started using port 44411 for RATIS
2022-05-26 01:43:28,277 [EndpointStateMachine task thread for /0.0.0.0:45231 - 0 ] INFO  ratis.XceiverServerRatis (XceiverServerRatis.java:getRealPort(502)) - XceiverServerRatis fc639477-34ee-4b00-ba9b-fbda3f43aca6 is started using port 44411 for RATIS_ADMIN
2022-05-26 01:43:28,277 [EndpointStateMachine task thread for /0.0.0.0:45231 - 0 ] INFO  ratis.XceiverServerRatis (XceiverServerRatis.java:getRealPort(502)) - XceiverServerRatis fc639477-34ee-4b00-ba9b-fbda3f43aca6 is started using port 44411 for RATIS_SERVER
2022-05-26 01:43:28,278 [org.apache.ratis.util.JvmPauseMonitor$$Lambda$677/950145419@3d871051] INFO  util.JvmPauseMonitor (JvmPauseMonitor.java:run(103)) - JvmPauseMonitor-fc639477-34ee-4b00-ba9b-fbda3f43aca6: Started
2022-05-26 01:43:28,297 [EndpointStateMachine task thread for /0.0.0.0:45231 - 0 ] INFO  server.XceiverServerGrpc (XceiverServerGrpc.java:start(180)) - XceiverServerGrpc fc639477-34ee-4b00-ba9b-fbda3f43aca6 is started using port 36169
2022-05-26 01:43:28,858 [Listener at 127.0.0.1/38663] INFO  ozone.MiniOzoneClusterImpl (MiniOzoneClusterImpl.java:lambda$waitForClusterToBeReady$0(221)) - Waiting for nodes to be ready. Got 0 of 3 DN Heartbeats.
2022-05-26 01:43:28,858 [Listener at 127.0.0.1/38663] INFO  ozone.MiniOzoneClusterImpl (MiniOzoneClusterImpl.java:lambda$waitForClusterToBeReady$0(224)) - Waiting for cluster to exit safe mode
2022-05-26 01:43:28,858 [Listener at 127.0.0.1/38663] INFO  ozone.MiniOzoneClusterImpl (MiniOzoneClusterImpl.java:lambda$waitForClusterToBeReady$0(226)) - SCM became leader
2022-05-26 01:43:28,903 [EndpointStateMachine task thread for /0.0.0.0:45231 - 0 ] INFO  ozoneimpl.OzoneContainer (OzoneContainer.java:start(335)) - Attempting to start container services.
2022-05-26 01:43:28,903 [EndpointStateMachine task thread for /0.0.0.0:45231 - 0 ] INFO  ozoneimpl.OzoneContainer (OzoneContainer.java:startContainerScrub(270)) - Background container scanner has been disabled.
2022-05-26 01:43:28,905 [EndpointStateMachine task thread for /0.0.0.0:45231 - 0 ] INFO  replication.ReplicationServer (ReplicationServer.java:start(111)) - ReplicationServer is started using port 45941
2022-05-26 01:43:28,905 [EndpointStateMachine task thread for /0.0.0.0:45231 - 0 ] INFO  ratis.XceiverServerRatis (XceiverServerRatis.java:start(481)) - Starting XceiverServerRatis 3cfd4efa-525d-4031-ba34-e431fc16acab
2022-05-26 01:43:28,906 [EndpointStateMachine task thread for /0.0.0.0:45231 - 0 ] INFO  server.RaftServer (RaftServerProxy.java:lambda$start$6(382)) - 3cfd4efa-525d-4031-ba34-e431fc16acab: start RPC server
2022-05-26 01:43:28,909 [EndpointStateMachine task thread for /0.0.0.0:45231 - 0 ] INFO  server.GrpcService (GrpcService.java:startImpl(260)) - 3cfd4efa-525d-4031-ba34-e431fc16acab: GrpcService started, listening on 33167
2022-05-26 01:43:28,909 [EndpointStateMachine task thread for /0.0.0.0:45231 - 0 ] INFO  ratis.XceiverServerRatis (XceiverServerRatis.java:getRealPort(502)) - XceiverServerRatis 3cfd4efa-525d-4031-ba34-e431fc16acab is started using port 33167 for RATIS
2022-05-26 01:43:28,909 [EndpointStateMachine task thread for /0.0.0.0:45231 - 0 ] INFO  ratis.XceiverServerRatis (XceiverServerRatis.java:getRealPort(502)) - XceiverServerRatis 3cfd4efa-525d-4031-ba34-e431fc16acab is started using port 33167 for RATIS_ADMIN
2022-05-26 01:43:28,909 [EndpointStateMachine task thread for /0.0.0.0:45231 - 0 ] INFO  ratis.XceiverServerRatis (XceiverServerRatis.java:getRealPort(502)) - XceiverServerRatis 3cfd4efa-525d-4031-ba34-e431fc16acab is started using port 33167 for RATIS_SERVER
2022-05-26 01:43:28,912 [org.apache.ratis.util.JvmPauseMonitor$$Lambda$677/950145419@5f53043f] INFO  util.JvmPauseMonitor (JvmPauseMonitor.java:run(103)) - JvmPauseMonitor-3cfd4efa-525d-4031-ba34-e431fc16acab: Started
2022-05-26 01:43:28,928 [EndpointStateMachine task thread for /0.0.0.0:45231 - 0 ] INFO  server.XceiverServerGrpc (XceiverServerGrpc.java:start(180)) - XceiverServerGrpc 3cfd4efa-525d-4031-ba34-e431fc16acab is started using port 38469
2022-05-26 01:43:29,458 [IPC Server handler 1 on default port 45231] INFO  net.NetworkTopologyImpl (NetworkTopologyImpl.java:add(112)) - Added a new node: /default-rack/9c641009-44c6-4a21-abd0-bbce9bac0b79
2022-05-26 01:43:29,459 [IPC Server handler 1 on default port 45231] INFO  node.SCMNodeManager (SCMNodeManager.java:register(393)) - Registered Data node : 9c641009-44c6-4a21-abd0-bbce9bac0b79{ip: 10.1.0.18, host: fv-az270-854.tacnzluakwdehk1hpragurqkma.bx.internal.cloudapp.net, ports: [REPLICATION=40397, RATIS=44279, RATIS_ADMIN=44279, RATIS_SERVER=44279, STANDALONE=43899], networkLocation: /default-rack, certSerialId: null, persistedOpState: null, persistedOpStateExpiryEpochSec: 0}
2022-05-26 01:43:29,462 [EventQueue-NodeRegistrationContainerReportForDataNodeSafeModeRule] INFO  safemode.SCMSafeModeManager (DataNodeSafeModeRule.java:process(71)) - SCM in safe mode. 1 DataNodes registered, 3 required.
2022-05-26 01:43:29,462 [EventQueue-NodeRegistrationContainerReportForContainerSafeModeRule] INFO  safemode.SCMSafeModeManager (SCMSafeModeManager.java:validateSafeModeExitRules(204)) - ContainerSafeModeRule rule is successfully validated
2022-05-26 01:43:29,471 [EventQueue-NewNodeForNewNodeHandler] INFO  pipeline.BackgroundPipelineCreator (BackgroundPipelineCreator.java:notifyEventTriggered(272)) - trigger a one-shot run on RatisPipelineUtilsThread.
2022-05-26 01:43:29,471 [RatisPipelineUtilsThread - 0] INFO  pipeline.RatisPipelineProvider (RatisPipelineProvider.java:lambda$create$0(195)) - Sending CreatePipelineCommand for pipeline:PipelineID=37339128-7b71-470c-8d72-e75cad294076 to datanode:9c641009-44c6-4a21-abd0-bbce9bac0b79
2022-05-26 01:43:29,472 [RatisPipelineUtilsThread - 0] INFO  pipeline.PipelineStateManagerImpl (PipelineStateManagerImpl.java:addPipeline(101)) - Created pipeline Pipeline[ Id: 37339128-7b71-470c-8d72-e75cad294076, Nodes: 9c641009-44c6-4a21-abd0-bbce9bac0b79{ip: 10.1.0.18, host: fv-az270-854.tacnzluakwdehk1hpragurqkma.bx.internal.cloudapp.net, ports: [REPLICATION=40397, RATIS=44279, RATIS_ADMIN=44279, RATIS_SERVER=44279, STANDALONE=43899], networkLocation: /default-rack, certSerialId: null, persistedOpState: IN_SERVICE, persistedOpStateExpiryEpochSec: 0}, ReplicationConfig: RATIS/ONE, State:ALLOCATED, leaderId:, CreationTimestamp2022-05-26T01:43:29.471Z[Etc/UTC]].
2022-05-26 01:43:29,486 [EventQueue-PipelineReportForOneReplicaPipelineSafeModeRule] INFO  safemode.SCMSafeModeManager (SCMSafeModeManager.java:validateSafeModeExitRules(204)) - AtleastOneDatanodeReportedRule rule is successfully validated
2022-05-26 01:43:29,858 [Listener at 127.0.0.1/38663] INFO  ozone.MiniOzoneClusterImpl (MiniOzoneClusterImpl.java:lambda$waitForClusterToBeReady$0(221)) - Waiting for nodes to be ready. Got 1 of 3 DN Heartbeats.
2022-05-26 01:43:29,859 [Listener at 127.0.0.1/38663] INFO  ozone.MiniOzoneClusterImpl (MiniOzoneClusterImpl.java:lambda$waitForClusterToBeReady$0(224)) - Waiting for cluster to exit safe mode
2022-05-26 01:43:29,859 [Listener at 127.0.0.1/38663] INFO  ozone.MiniOzoneClusterImpl (MiniOzoneClusterImpl.java:lambda$waitForClusterToBeReady$0(226)) - SCM became leader
2022-05-26 01:43:30,250 [IPC Server handler 0 on default port 45231] INFO  net.NetworkTopologyImpl (NetworkTopologyImpl.java:add(112)) - Added a new node: /default-rack/fc639477-34ee-4b00-ba9b-fbda3f43aca6
2022-05-26 01:43:30,250 [IPC Server handler 0 on default port 45231] INFO  node.SCMNodeManager (SCMNodeManager.java:register(393)) - Registered Data node : fc639477-34ee-4b00-ba9b-fbda3f43aca6{ip: 10.1.0.18, host: fv-az270-854.tacnzluakwdehk1hpragurqkma.bx.internal.cloudapp.net, ports: [REPLICATION=43679, RATIS=44411, RATIS_ADMIN=44411, RATIS_SERVER=44411, STANDALONE=36169], networkLocation: /default-rack, certSerialId: null, persistedOpState: null, persistedOpStateExpiryEpochSec: 0}
2022-05-26 01:43:30,250 [EventQueue-NewNodeForNewNodeHandler] INFO  pipeline.BackgroundPipelineCreator (BackgroundPipelineCreator.java:notifyEventTriggered(272)) - trigger a one-shot run on RatisPipelineUtilsThread.
2022-05-26 01:43:30,251 [EventQueue-NodeRegistrationContainerReportForDataNodeSafeModeRule] INFO  safemode.SCMSafeModeManager (DataNodeSafeModeRule.java:process(71)) - SCM in safe mode. 2 DataNodes registered, 3 required.
2022-05-26 01:43:30,258 [RatisPipelineUtilsThread - 0] INFO  pipeline.RatisPipelineProvider (RatisPipelineProvider.java:lambda$create$0(195)) - Sending CreatePipelineCommand for pipeline:PipelineID=5b7afd95-310a-4ef2-b568-2b02d7554f37 to datanode:fc639477-34ee-4b00-ba9b-fbda3f43aca6
2022-05-26 01:43:30,258 [RatisPipelineUtilsThread - 0] INFO  pipeline.PipelineStateManagerImpl (PipelineStateManagerImpl.java:addPipeline(101)) - Created pipeline Pipeline[ Id: 5b7afd95-310a-4ef2-b568-2b02d7554f37, Nodes: fc639477-34ee-4b00-ba9b-fbda3f43aca6{ip: 10.1.0.18, host: fv-az270-854.tacnzluakwdehk1hpragurqkma.bx.internal.cloudapp.net, ports: [REPLICATION=43679, RATIS=44411, RATIS_ADMIN=44411, RATIS_SERVER=44411, STANDALONE=36169], networkLocation: /default-rack, certSerialId: null, persistedOpState: IN_SERVICE, persistedOpStateExpiryEpochSec: 0}, ReplicationConfig: RATIS/ONE, State:ALLOCATED, leaderId:, CreationTimestamp2022-05-26T01:43:30.258Z[Etc/UTC]].
2022-05-26 01:43:30,860 [Listener at 127.0.0.1/38663] INFO  ozone.MiniOzoneClusterImpl (MiniOzoneClusterImpl.java:lambda$waitForClusterToBeReady$0(221)) - Waiting for nodes to be ready. Got 2 of 3 DN Heartbeats.
2022-05-26 01:43:30,860 [Listener at 127.0.0.1/38663] INFO  ozone.MiniOzoneClusterImpl (MiniOzoneClusterImpl.java:lambda$waitForClusterToBeReady$0(224)) - Waiting for cluster to exit safe mode
2022-05-26 01:43:30,860 [Listener at 127.0.0.1/38663] INFO  ozone.MiniOzoneClusterImpl (MiniOzoneClusterImpl.java:lambda$waitForClusterToBeReady$0(226)) - SCM became leader
2022-05-26 01:43:30,894 [IPC Server handler 2 on default port 45231] INFO  net.NetworkTopologyImpl (NetworkTopologyImpl.java:add(112)) - Added a new node: /default-rack/3cfd4efa-525d-4031-ba34-e431fc16acab
2022-05-26 01:43:30,895 [IPC Server handler 2 on default port 45231] INFO  node.SCMNodeManager (SCMNodeManager.java:register(393)) - Registered Data node : 3cfd4efa-525d-4031-ba34-e431fc16acab{ip: 10.1.0.18, host: fv-az270-854.tacnzluakwdehk1hpragurqkma.bx.internal.cloudapp.net, ports: [REPLICATION=45941, RATIS=33167, RATIS_ADMIN=33167, RATIS_SERVER=33167, STANDALONE=38469], networkLocation: /default-rack, certSerialId: null, persistedOpState: null, persistedOpStateExpiryEpochSec: 0}
2022-05-26 01:43:30,896 [EventQueue-NewNodeForNewNodeHandler] INFO  pipeline.BackgroundPipelineCreator (BackgroundPipelineCreator.java:notifyEventTriggered(272)) - trigger a one-shot run on RatisPipelineUtilsThread.
2022-05-26 01:43:30,896 [RatisPipelineUtilsThread - 0] INFO  pipeline.RatisPipelineProvider (RatisPipelineProvider.java:lambda$create$0(195)) - Sending CreatePipelineCommand for pipeline:PipelineID=2287a637-63eb-4e62-9966-eaf3832f7a55 to datanode:3cfd4efa-525d-4031-ba34-e431fc16acab
2022-05-26 01:43:30,896 [EventQueue-NodeRegistrationContainerReportForDataNodeSafeModeRule] INFO  safemode.SCMSafeModeManager (DataNodeSafeModeRule.java:process(71)) - SCM in safe mode. 3 DataNodes registered, 3 required.
2022-05-26 01:43:30,896 [EventQueue-NodeRegistrationContainerReportForDataNodeSafeModeRule] INFO  safemode.SCMSafeModeManager (SCMSafeModeManager.java:validateSafeModeExitRules(204)) - DataNodeSafeModeRule rule is successfully validated
2022-05-26 01:43:30,896 [EventQueue-NodeRegistrationContainerReportForDataNodeSafeModeRule] INFO  safemode.SCMSafeModeManager (SCMSafeModeManager.java:completePreCheck(233)) - All SCM safe mode pre check rules have passed
2022-05-26 01:43:30,897 [EventQueue-NodeRegistrationContainerReportForDataNodeSafeModeRule] WARN  events.EventQueue (EventQueue.java:fireEvent(194)) - No event handler registered for event TypedEvent{payloadType=SafeModeStatus, name='Safe mode status'}
2022-05-26 01:43:30,897 [EventQueue-NodeRegistrationContainerReportForDataNodeSafeModeRule] INFO  ha.SCMContext (SCMContext.java:updateSafeModeStatus(211)) - Update SafeModeStatus from SafeModeStatus{safeModeStatus=true, preCheckPassed=false} to SafeModeStatus{safeModeStatus=true, preCheckPassed=true}.
2022-05-26 01:43:30,897 [EventQueue-NodeRegistrationContainerReportForDataNodeSafeModeRule] INFO  pipeline.BackgroundPipelineCreator (BackgroundPipelineCreator.java:notifyEventTriggered(272)) - trigger a one-shot run on RatisPipelineUtilsThread.
2022-05-26 01:43:30,897 [RatisPipelineUtilsThread - 0] INFO  pipeline.PipelineStateManagerImpl (PipelineStateManagerImpl.java:addPipeline(101)) - Created pipeline Pipeline[ Id: 2287a637-63eb-4e62-9966-eaf3832f7a55, Nodes: 3cfd4efa-525d-4031-ba34-e431fc16acab{ip: 10.1.0.18, host: fv-az270-854.tacnzluakwdehk1hpragurqkma.bx.internal.cloudapp.net, ports: [REPLICATION=45941, RATIS=33167, RATIS_ADMIN=33167, RATIS_SERVER=33167, STANDALONE=38469], networkLocation: /default-rack, certSerialId: null, persistedOpState: IN_SERVICE, persistedOpStateExpiryEpochSec: 0}, ReplicationConfig: RATIS/ONE, State:ALLOCATED, leaderId:, CreationTimestamp2022-05-26T01:43:30.896Z[Etc/UTC]].
2022-05-26 01:43:30,897 [RatisPipelineUtilsThread - 0] INFO  pipeline.RatisPipelineProvider (RatisPipelineProvider.java:lambda$create$0(195)) - Sending CreatePipelineCommand for pipeline:PipelineID=66050d30-ce7a-455d-a3b3-fcd92ac9c38f to datanode:fc639477-34ee-4b00-ba9b-fbda3f43aca6
2022-05-26 01:43:30,897 [RatisPipelineUtilsThread - 0] INFO  pipeline.RatisPipelineProvider (RatisPipelineProvider.java:lambda$create$0(195)) - Sending CreatePipelineCommand for pipeline:PipelineID=66050d30-ce7a-455d-a3b3-fcd92ac9c38f to datanode:9c641009-44c6-4a21-abd0-bbce9bac0b79
2022-05-26 01:43:30,897 [RatisPipelineUtilsThread - 0] INFO  pipeline.RatisPipelineProvider (RatisPipelineProvider.java:lambda$create$0(195)) - Sending CreatePipelineCommand for pipeline:PipelineID=66050d30-ce7a-455d-a3b3-fcd92ac9c38f to datanode:3cfd4efa-525d-4031-ba34-e431fc16acab
2022-05-26 01:43:30,898 [RatisPipelineUtilsThread - 0] INFO  pipeline.PipelineStateManagerImpl (PipelineStateManagerImpl.java:addPipeline(101)) - Created pipeline Pipeline[ Id: 66050d30-ce7a-455d-a3b3-fcd92ac9c38f, Nodes: fc639477-34ee-4b00-ba9b-fbda3f43aca6{ip: 10.1.0.18, host: fv-az270-854.tacnzluakwdehk1hpragurqkma.bx.internal.cloudapp.net, ports: [REPLICATION=43679, RATIS=44411, RATIS_ADMIN=44411, RATIS_SERVER=44411, STANDALONE=36169], networkLocation: /default-rack, certSerialId: null, persistedOpState: IN_SERVICE, persistedOpStateExpiryEpochSec: 0}9c641009-44c6-4a21-abd0-bbce9bac0b79{ip: 10.1.0.18, host: fv-az270-854.tacnzluakwdehk1hpragurqkma.bx.internal.cloudapp.net, ports: [REPLICATION=40397, RATIS=44279, RATIS_ADMIN=44279, RATIS_SERVER=44279, STANDALONE=43899], networkLocation: /default-rack, certSerialId: null, persistedOpState: IN_SERVICE, persistedOpStateExpiryEpochSec: 0}3cfd4efa-525d-4031-ba34-e431fc16acab{ip: 10.1.0.18, host: fv-az270-854.tacnzluakwdehk1hpragurqkma.bx.internal.cloudapp.net, ports: [REPLICATION=45941, RATIS=33167, RATIS_ADMIN=33167, RATIS_SERVER=33167, STANDALONE=38469], networkLocation: /default-rack, certSerialId: null, persistedOpState: IN_SERVICE, persistedOpStateExpiryEpochSec: 0}, ReplicationConfig: RATIS/THREE, State:ALLOCATED, leaderId:, CreationTimestamp2022-05-26T01:43:30.897Z[Etc/UTC]].
2022-05-26 01:43:30,898 [RatisPipelineUtilsThread - 0] INFO  pipeline.RatisPipelineProvider (RatisPipelineProvider.java:lambda$create$0(195)) - Sending CreatePipelineCommand for pipeline:PipelineID=5d7e6bc3-787b-4742-9e30-b90cd273fb99 to datanode:fc639477-34ee-4b00-ba9b-fbda3f43aca6
2022-05-26 01:43:30,898 [RatisPipelineUtilsThread - 0] INFO  pipeline.RatisPipelineProvider (RatisPipelineProvider.java:lambda$create$0(195)) - Sending CreatePipelineCommand for pipeline:PipelineID=5d7e6bc3-787b-4742-9e30-b90cd273fb99 to datanode:3cfd4efa-525d-4031-ba34-e431fc16acab
2022-05-26 01:43:30,898 [RatisPipelineUtilsThread - 0] INFO  pipeline.RatisPipelineProvider (RatisPipelineProvider.java:lambda$create$0(195)) - Sending CreatePipelineCommand for pipeline:PipelineID=5d7e6bc3-787b-4742-9e30-b90cd273fb99 to datanode:9c641009-44c6-4a21-abd0-bbce9bac0b79
2022-05-26 01:43:30,899 [RatisPipelineUtilsThread - 0] INFO  pipeline.PipelineStateManagerImpl (PipelineStateManagerImpl.java:addPipeline(101)) - Created pipeline Pipeline[ Id: 5d7e6bc3-787b-4742-9e30-b90cd273fb99, Nodes: fc639477-34ee-4b00-ba9b-fbda3f43aca6{ip: 10.1.0.18, host: fv-az270-854.tacnzluakwdehk1hpragurqkma.bx.internal.cloudapp.net, ports: [REPLICATION=43679, RATIS=44411, RATIS_ADMIN=44411, RATIS_SERVER=44411, STANDALONE=36169], networkLocation: /default-rack, certSerialId: null, persistedOpState: IN_SERVICE, persistedOpStateExpiryEpochSec: 0}3cfd4efa-525d-4031-ba34-e431fc16acab{ip: 10.1.0.18, host: fv-az270-854.tacnzluakwdehk1hpragurqkma.bx.internal.cloudapp.net, ports: [REPLICATION=45941, RATIS=33167, RATIS_ADMIN=33167, RATIS_SERVER=33167, STANDALONE=38469], networkLocation: /default-rack, certSerialId: null, persistedOpState: IN_SERVICE, persistedOpStateExpiryEpochSec: 0}9c641009-44c6-4a21-abd0-bbce9bac0b79{ip: 10.1.0.18, host: fv-az270-854.tacnzluakwdehk1hpragurqkma.bx.internal.cloudapp.net, ports: [REPLICATION=40397, RATIS=44279, RATIS_ADMIN=44279, RATIS_SERVER=44279, STANDALONE=43899], networkLocation: /default-rack, certSerialId: null, persistedOpState: IN_SERVICE, persistedOpStateExpiryEpochSec: 0}, ReplicationConfig: RATIS/THREE, State:ALLOCATED, leaderId:, CreationTimestamp2022-05-26T01:43:30.898Z[Etc/UTC]].
2022-05-26 01:43:30,899 [RatisPipelineUtilsThread - 0] INFO  pipeline.PipelineManagerImpl (PipelineManagerImpl.java:recordMetricsForPipeline(695)) - Pipeline: PipelineID=5d7e6bc3-787b-4742-9e30-b90cd273fb99 contains same datanodes as previous pipelines: PipelineID=66050d30-ce7a-455d-a3b3-fcd92ac9c38f nodeIds: fc639477-34ee-4b00-ba9b-fbda3f43aca6, 3cfd4efa-525d-4031-ba34-e431fc16acab, 9c641009-44c6-4a21-abd0-bbce9bac0b79
2022-05-26 01:43:31,860 [Listener at 127.0.0.1/38663] INFO  ozone.MiniOzoneClusterImpl (MiniOzoneClusterImpl.java:lambda$waitForClusterToBeReady$0(221)) - Nodes are ready. Got 3 of 3 DN Heartbeats.
2022-05-26 01:43:31,861 [Listener at 127.0.0.1/38663] INFO  ozone.MiniOzoneClusterImpl (MiniOzoneClusterImpl.java:lambda$waitForClusterToBeReady$0(224)) - Waiting for cluster to exit safe mode
2022-05-26 01:43:31,861 [Listener at 127.0.0.1/38663] INFO  ozone.MiniOzoneClusterImpl (MiniOzoneClusterImpl.java:lambda$waitForClusterToBeReady$0(226)) - SCM became leader
2022-05-26 01:43:32,459 [Command processor thread] INFO  server.RaftServer (RaftServerProxy.java:addNew(96)) - 9c641009-44c6-4a21-abd0-bbce9bac0b79: addNew group-E75CAD294076:[9c641009-44c6-4a21-abd0-bbce9bac0b79|rpc:10.1.0.18:44279|priority:1] returns group-E75CAD294076:java.util.concurrent.CompletableFuture@b669eac[Not completed]
2022-05-26 01:43:32,472 [pool-195-thread-1] INFO  server.RaftServer$Division (RaftServerImpl.java:<init>(190)) - 9c641009-44c6-4a21-abd0-bbce9bac0b79: new RaftServerImpl for group-E75CAD294076:[9c641009-44c6-4a21-abd0-bbce9bac0b79|rpc:10.1.0.18:44279|priority:1] with ContainerStateMachine:uninitialized
2022-05-26 01:43:32,472 [pool-195-thread-1] INFO  server.RaftServerConfigKeys (ConfUtils.java:logGet(46)) - raft.server.rpc.timeout.min = 5s (custom)
2022-05-26 01:43:32,472 [pool-195-thread-1] INFO  server.RaftServerConfigKeys (ConfUtils.java:logGet(46)) - raft.server.rpc.timeout.max = 5200ms (custom)
2022-05-26 01:43:32,472 [pool-195-thread-1] INFO  server.RaftServerConfigKeys (ConfUtils.java:logGet(46)) - raft.server.rpc.sleep.time = 25ms (default)
2022-05-26 01:43:32,472 [pool-195-thread-1] INFO  server.RaftServerConfigKeys (ConfUtils.java:logGet(46)) - raft.server.rpc.slowness.timeout = 300s (custom)
2022-05-26 01:43:32,472 [pool-195-thread-1] INFO  server.RaftServerConfigKeys (ConfUtils.java:logGet(46)) - raft.server.leaderelection.leader.step-down.wait-time = 10s (default)
2022-05-26 01:43:32,472 [pool-195-thread-1] INFO  server.RaftServerConfigKeys (ConfUtils.java:logGet(46)) - raft.server.sleep.deviation.threshold = 300ms (default)
2022-05-26 01:43:32,472 [pool-195-thread-1] INFO  server.RaftServer$Division (ServerState.java:<init>(107)) - 9c641009-44c6-4a21-abd0-bbce9bac0b79@group-E75CAD294076: ConfigurationManager, init=-1: [9c641009-44c6-4a21-abd0-bbce9bac0b79|rpc:10.1.0.18:44279|priority:1], old=null, confs=<EMPTY_MAP>
2022-05-26 01:43:32,472 [pool-195-thread-1] INFO  server.RaftServerConfigKeys (ConfUtils.java:logGet(46)) - raft.server.storage.dir = [/home/runner/work/ozone/ozone/hadoop-ozone/integration-test/target/test-dir/MiniOzoneClusterImpl-2009ca84-e690-4f0e-80a4-64cb463c0d34/datanode-0/data/ratis] (custom)
2022-05-26 01:43:32,473 [pool-195-thread-1] INFO  server.RaftServerConfigKeys (ConfUtils.java:logGet(46)) - raft.server.log.corruption.policy = EXCEPTION (default)
2022-05-26 01:43:32,473 [pool-195-thread-1] INFO  server.RaftServerConfigKeys (ConfUtils.java:logGet(46)) - raft.server.storage.free-space.min = 0MB (=0) (default)
2022-05-26 01:43:32,473 [pool-195-thread-1] INFO  storage.RaftStorageDirectory (RaftStorageDirectoryImpl.java:analyzeStorage(135)) - The storage directory /home/runner/work/ozone/ozone/hadoop-ozone/integration-test/target/test-dir/MiniOzoneClusterImpl-2009ca84-e690-4f0e-80a4-64cb463c0d34/datanode-0/data/ratis/37339128-7b71-470c-8d72-e75cad294076 does not exist. Creating ...
2022-05-26 01:43:32,474 [pool-195-thread-1] INFO  storage.RaftStorageDirectory (RaftStorageDirectoryImpl.java:tryLock(230)) - Lock on /home/runner/work/ozone/ozone/hadoop-ozone/integration-test/target/test-dir/MiniOzoneClusterImpl-2009ca84-e690-4f0e-80a4-64cb463c0d34/datanode-0/data/ratis/37339128-7b71-470c-8d72-e75cad294076/in_use.lock acquired by nodename 11847@fv-az270-854
2022-05-26 01:43:32,475 [pool-195-thread-1] INFO  storage.RaftStorage (RaftStorageImpl.java:format(89)) - Storage directory /home/runner/work/ozone/ozone/hadoop-ozone/integration-test/target/test-dir/MiniOzoneClusterImpl-2009ca84-e690-4f0e-80a4-64cb463c0d34/datanode-0/data/ratis/37339128-7b71-470c-8d72-e75cad294076 has been successfully formatted.
2022-05-26 01:43:32,476 [pool-195-thread-1] INFO  ratis.ContainerStateMachine (ContainerStateMachine.java:loadSnapshot(236)) - group-E75CAD294076: The snapshot info is null. Setting the last applied indexto:(t:0, i:~)
2022-05-26 01:43:32,476 [pool-195-thread-1] INFO  server.RaftServerConfigKeys (ConfUtils.java:logGet(46)) - raft.server.notification.no-leader.timeout = 300s (custom)
2022-05-26 01:43:32,476 [pool-195-thread-1] INFO  server.RaftServerConfigKeys (ConfUtils.java:logGet(46)) - raft.server.log.use.memory = false (default)
2022-05-26 01:43:32,476 [pool-195-thread-1] INFO  server.RaftServerConfigKeys (ConfUtils.java:logGet(46)) - raft.server.log.purge.gap = 1000000 (custom)
2022-05-26 01:43:32,476 [pool-195-thread-1] INFO  server.RaftServerConfigKeys (ConfUtils.java:logGet(46)) - raft.server.log.appender.buffer.byte-limit = 33554432 (custom)
2022-05-26 01:43:32,476 [pool-195-thread-1] INFO  server.RaftServerConfigKeys (ConfUtils.java:logGet(46)) - raft.server.log.statemachine.data.read.timeout = 1000ms (default)
2022-05-26 01:43:32,477 [pool-195-thread-1] INFO  server.RaftServerConfigKeys (ConfUtils.java:logGet(46)) - raft.server.log.segment.size.max = 1048576 (custom)
2022-05-26 01:43:32,477 [pool-195-thread-1] INFO  server.RaftServerConfigKeys (ConfUtils.java:logGet(46)) - raft.server.log.segment.cache.num.max = 2 (custom)
2022-05-26 01:43:32,477 [pool-195-thread-1] INFO  server.RaftServerConfigKeys (ConfUtils.java:logGet(46)) - raft.server.log.segment.cache.size.max = 200MB (=209715200) (default)
2022-05-26 01:43:32,477 [pool-195-thread-1] INFO  segmented.SegmentedRaftLogWorker (SegmentedRaftLogWorker.java:<init>(187)) - new 9c641009-44c6-4a21-abd0-bbce9bac0b79@group-E75CAD294076-SegmentedRaftLogWorker for RaftStorageImpl:Storage Directory /home/runner/work/ozone/ozone/hadoop-ozone/integration-test/target/test-dir/MiniOzoneClusterImpl-2009ca84-e690-4f0e-80a4-64cb463c0d34/datanode-0/data/ratis/37339128-7b71-470c-8d72-e75cad294076
2022-05-26 01:43:32,477 [pool-195-thread-1] INFO  server.RaftServerConfigKeys (ConfUtils.java:logGet(46)) - raft.server.log.queue.byte-limit = 4294967296 (custom)
2022-05-26 01:43:32,477 [pool-195-thread-1] INFO  server.RaftServerConfigKeys (ConfUtils.java:logGet(46)) - raft.server.log.queue.element-limit = 1024 (custom)
2022-05-26 01:43:32,477 [pool-195-thread-1] INFO  server.RaftServerConfigKeys (ConfUtils.java:logGet(46)) - raft.server.log.segment.size.max = 1048576 (custom)
2022-05-26 01:43:32,477 [pool-195-thread-1] INFO  server.RaftServerConfigKeys (ConfUtils.java:logGet(46)) - raft.server.log.preallocated.size = 16384 (custom)
2022-05-26 01:43:32,477 [pool-195-thread-1] INFO  server.RaftServerConfigKeys (ConfUtils.java:logGet(46)) - raft.server.log.force.sync.num = 128 (default)
2022-05-26 01:43:32,477 [pool-195-thread-1] INFO  server.RaftServerConfigKeys (ConfUtils.java:logGet(46)) - raft.server.log.statemachine.data.sync = true (default)
2022-05-26 01:43:32,477 [pool-195-thread-1] INFO  server.RaftServerConfigKeys (ConfUtils.java:logGet(46)) - raft.server.log.statemachine.data.sync.timeout = 10s (default)
2022-05-26 01:43:32,477 [EventQueue-PipelineReportForPipelineReportHandler] INFO  pipeline.PipelineManagerImpl (PipelineManagerImpl.java:openPipeline(336)) - Pipeline Pipeline[ Id: 37339128-7b71-470c-8d72-e75cad294076, Nodes: 9c641009-44c6-4a21-abd0-bbce9bac0b79{ip: 10.1.0.18, host: fv-az270-854.tacnzluakwdehk1hpragurqkma.bx.internal.cloudapp.net, ports: [REPLICATION=40397, RATIS=44279, RATIS_ADMIN=44279, RATIS_SERVER=44279, STANDALONE=43899], networkLocation: /default-rack, certSerialId: null, persistedOpState: IN_SERVICE, persistedOpStateExpiryEpochSec: 0}, ReplicationConfig: RATIS/ONE, State:ALLOCATED, leaderId:9c641009-44c6-4a21-abd0-bbce9bac0b79, CreationTimestamp2022-05-26T01:43:29.471Z[Etc/UTC]] moved to OPEN state
2022-05-26 01:43:32,477 [pool-195-thread-1] INFO  server.RaftServerConfigKeys (ConfUtils.java:logGet(46)) - raft.server.log.statemachine.data.sync.timeout.retry = -1 (default)
2022-05-26 01:43:32,488 [pool-195-thread-1] INFO  server.RaftServerConfigKeys (ConfUtils.java:logGet(46)) - raft.server.log.write.buffer.size = 1048576 (custom)
2022-05-26 01:43:32,488 [pool-195-thread-1] INFO  server.RaftServerConfigKeys (ConfUtils.java:logGet(46)) - raft.server.log.unsafe-flush.enabled = false (default)
2022-05-26 01:43:32,488 [pool-195-thread-1] INFO  server.RaftServerConfigKeys (ConfUtils.java:logGet(46)) - raft.server.log.statemachine.data.caching.enabled = true (custom)
2022-05-26 01:43:32,489 [pool-195-thread-1] INFO  segmented.SegmentedRaftLogWorker (SegmentedRaftLogWorker.java:lambda$new$0(135)) - 9c641009-44c6-4a21-abd0-bbce9bac0b79@group-E75CAD294076-SegmentedRaftLogWorker: flushIndex: setUnconditionally 0 -> -1
2022-05-26 01:43:32,489 [pool-195-thread-1] INFO  segmented.SegmentedRaftLogWorker (SegmentedRaftLogWorker.java:lambda$new$0(135)) - 9c641009-44c6-4a21-abd0-bbce9bac0b79@group-E75CAD294076-SegmentedRaftLogWorker: safeCacheEvictIndex: setUnconditionally 0 -> -1
2022-05-26 01:43:32,496 [pool-195-thread-1] INFO  server.RaftServerConfigKeys (ConfUtils.java:logGet(46)) - raft.server.snapshot.auto.trigger.enabled = true (custom)
2022-05-26 01:43:32,496 [pool-195-thread-1] INFO  server.RaftServerConfigKeys (ConfUtils.java:logGet(46)) - raft.server.snapshot.auto.trigger.threshold = 10000 (custom)
2022-05-26 01:43:32,496 [pool-195-thread-1] INFO  server.RaftServerConfigKeys (ConfUtils.java:logGet(46)) - raft.server.snapshot.retention.file.num = 5 (custom)
2022-05-26 01:43:32,496 [pool-195-thread-1] INFO  server.RaftServerConfigKeys (ConfUtils.java:logGet(46)) - raft.server.log.purge.upto.snapshot.index = false (default)
2022-05-26 01:43:32,496 [pool-195-thread-1] INFO  server.RaftServerConfigKeys (ConfUtils.java:logGet(46)) - raft.server.retrycache.expirytime = 600000ms (custom)
2022-05-26 01:43:32,497 [pool-195-thread-1] INFO  server.RaftServerConfigKeys (ConfUtils.java:logGet(46)) - raft.server.retrycache.statistics.expirytime = 100μs (default)
2022-05-26 01:43:32,498 [pool-195-thread-1] INFO  server.RaftServerConfigKeys (ConfUtils.java:logGet(46)) - raft.server.log.appender.install.snapshot.enabled = false (custom)
2022-05-26 01:43:32,498 [pool-195-thread-1] INFO  server.RaftServerConfigKeys (ConfUtils.java:logGet(46)) - raft.server.threadpool.server.cached = true (default)
2022-05-26 01:43:32,498 [pool-195-thread-1] INFO  server.RaftServerConfigKeys (ConfUtils.java:logGet(46)) - raft.server.threadpool.server.size = 0 (default)
2022-05-26 01:43:32,498 [pool-195-thread-1] INFO  server.RaftServerConfigKeys (ConfUtils.java:logGet(46)) - raft.server.threadpool.client.cached = true (default)
2022-05-26 01:43:32,498 [pool-195-thread-1] INFO  server.RaftServerConfigKeys (ConfUtils.java:logGet(46)) - raft.server.threadpool.client.size = 0 (default)
2022-05-26 01:43:32,498 [pool-195-thread-1] INFO  server.RaftServer$Division (RaftServerImpl.java:start(310)) - 9c641009-44c6-4a21-abd0-bbce9bac0b79@group-E75CAD294076: start as a follower, conf=-1: [9c641009-44c6-4a21-abd0-bbce9bac0b79|rpc:10.1.0.18:44279|priority:1], old=null
2022-05-26 01:43:32,498 [pool-195-thread-1] INFO  server.RaftServer$Division (RaftServerImpl.java:setRole(299)) - 9c641009-44c6-4a21-abd0-bbce9bac0b79@group-E75CAD294076: changes role from      null to FOLLOWER at term 0 for startAsFollower
2022-05-26 01:43:32,498 [pool-195-thread-1] INFO  impl.RoleInfo (RoleInfo.java:updateAndGet(139)) - 9c641009-44c6-4a21-abd0-bbce9bac0b79: start 9c641009-44c6-4a21-abd0-bbce9bac0b79@group-E75CAD294076-FollowerState
2022-05-26 01:43:32,499 [pool-195-thread-1] INFO  util.JmxRegister (JmxRegister.java:tryRegister(44)) - Successfully registered JMX Bean with object name Ratis:service=RaftServer,group=group-E75CAD294076,id=9c641009-44c6-4a21-abd0-bbce9bac0b79
2022-05-26 01:43:32,500 [EventQueue-OpenPipelineForHealthyPipelineSafeModeRule] INFO  safemode.SCMSafeModeManager (HealthyPipelineSafeModeRule.java:process(124)) - SCM in safe mode. Healthy pipelines reported count is 0, required healthy pipeline reported count is 1
2022-05-26 01:43:32,501 [Command processor thread] INFO  ratis.XceiverServerRatis (XceiverServerRatis.java:addGroup(765)) - Created group PipelineID=37339128-7b71-470c-8d72-e75cad294076
2022-05-26 01:43:32,501 [Command processor thread] INFO  commandhandler.CreatePipelineCommandHandler (CreatePipelineCommandHandler.java:handle(113)) - Created Pipeline RATIS ONE PipelineID=37339128-7b71-470c-8d72-e75cad294076.
2022-05-26 01:43:32,501 [Command processor thread] INFO  server.RaftServer (RaftServerProxy.java:addNew(96)) - 9c641009-44c6-4a21-abd0-bbce9bac0b79: addNew group-FCD92AC9C38F:[9c641009-44c6-4a21-abd0-bbce9bac0b79|rpc:10.1.0.18:44279|priority:1, 3cfd4efa-525d-4031-ba34-e431fc16acab|rpc:10.1.0.18:33167|priority:0, fc639477-34ee-4b00-ba9b-fbda3f43aca6|rpc:10.1.0.18:44411|priority:0] returns group-FCD92AC9C38F:java.util.concurrent.CompletableFuture@f591b18[Not completed]
2022-05-26 01:43:32,503 [pool-195-thread-1] INFO  server.RaftServer$Division (RaftServerImpl.java:<init>(190)) - 9c641009-44c6-4a21-abd0-bbce9bac0b79: new RaftServerImpl for group-FCD92AC9C38F:[9c641009-44c6-4a21-abd0-bbce9bac0b79|rpc:10.1.0.18:44279|priority:1, 3cfd4efa-525d-4031-ba34-e431fc16acab|rpc:10.1.0.18:33167|priority:0, fc639477-34ee-4b00-ba9b-fbda3f43aca6|rpc:10.1.0.18:44411|priority:0] with ContainerStateMachine:uninitialized
2022-05-26 01:43:32,503 [pool-195-thread-1] INFO  server.RaftServerConfigKeys (ConfUtils.java:logGet(46)) - raft.server.rpc.timeout.min = 5s (custom)
2022-05-26 01:43:32,503 [pool-195-thread-1] INFO  server.RaftServerConfigKeys (ConfUtils.java:logGet(46)) - raft.server.rpc.timeout.max = 5200ms (custom)
2022-05-26 01:43:32,504 [pool-195-thread-1] INFO  server.RaftServerConfigKeys (ConfUtils.java:logGet(46)) - raft.server.rpc.sleep.time = 25ms (default)
2022-05-26 01:43:32,504 [pool-195-thread-1] INFO  server.RaftServerConfigKeys (ConfUtils.java:logGet(46)) - raft.server.rpc.slowness.timeout = 300s (custom)
2022-05-26 01:43:32,504 [pool-195-thread-1] INFO  server.RaftServerConfigKeys (ConfUtils.java:logGet(46)) - raft.server.leaderelection.leader.step-down.wait-time = 10s (default)
2022-05-26 01:43:32,504 [pool-195-thread-1] INFO  server.RaftServerConfigKeys (ConfUtils.java:logGet(46)) - raft.server.sleep.deviation.threshold = 300ms (default)
2022-05-26 01:43:32,504 [pool-195-thread-1] INFO  server.RaftServer$Division (ServerState.java:<init>(107)) - 9c641009-44c6-4a21-abd0-bbce9bac0b79@group-FCD92AC9C38F: ConfigurationManager, init=-1: [9c641009-44c6-4a21-abd0-bbce9bac0b79|rpc:10.1.0.18:44279|priority:1, 3cfd4efa-525d-4031-ba34-e431fc16acab|rpc:10.1.0.18:33167|priority:0, fc639477-34ee-4b00-ba9b-fbda3f43aca6|rpc:10.1.0.18:44411|priority:0], old=null, confs=<EMPTY_MAP>
2022-05-26 01:43:32,504 [pool-195-thread-1] INFO  server.RaftServerConfigKeys (ConfUtils.java:logGet(46)) - raft.server.storage.dir = [/home/runner/work/ozone/ozone/hadoop-ozone/integration-test/target/test-dir/MiniOzoneClusterImpl-2009ca84-e690-4f0e-80a4-64cb463c0d34/datanode-0/data/ratis] (custom)
2022-05-26 01:43:32,504 [pool-195-thread-1] INFO  server.RaftServerConfigKeys (ConfUtils.java:logGet(46)) - raft.server.log.corruption.policy = EXCEPTION (default)
2022-05-26 01:43:32,504 [pool-195-thread-1] INFO  server.RaftServerConfigKeys (ConfUtils.java:logGet(46)) - raft.server.storage.free-space.min = 0MB (=0) (default)
2022-05-26 01:43:32,504 [pool-195-thread-1] INFO  storage.RaftStorageDirectory (RaftStorageDirectoryImpl.java:analyzeStorage(135)) - The storage directory /home/runner/work/ozone/ozone/hadoop-ozone/integration-test/target/test-dir/MiniOzoneClusterImpl-2009ca84-e690-4f0e-80a4-64cb463c0d34/datanode-0/data/ratis/66050d30-ce7a-455d-a3b3-fcd92ac9c38f does not exist. Creating ...
2022-05-26 01:43:32,515 [pool-195-thread-1] INFO  storage.RaftStorageDirectory (RaftStorageDirectoryImpl.java:tryLock(230)) - Lock on /home/runner/work/ozone/ozone/hadoop-ozone/integration-test/target/test-dir/MiniOzoneClusterImpl-2009ca84-e690-4f0e-80a4-64cb463c0d34/datanode-0/data/ratis/66050d30-ce7a-455d-a3b3-fcd92ac9c38f/in_use.lock acquired by nodename 11847@fv-az270-854
2022-05-26 01:43:32,521 [pool-195-thread-1] INFO  storage.RaftStorage (RaftStorageImpl.java:format(89)) - Storage directory /home/runner/work/ozone/ozone/hadoop-ozone/integration-test/target/test-dir/MiniOzoneClusterImpl-2009ca84-e690-4f0e-80a4-64cb463c0d34/datanode-0/data/ratis/66050d30-ce7a-455d-a3b3-fcd92ac9c38f has been successfully formatted.
2022-05-26 01:43:32,521 [pool-195-thread-1] INFO  ratis.ContainerStateMachine (ContainerStateMachine.java:loadSnapshot(236)) - group-FCD92AC9C38F: The snapshot info is null. Setting the last applied indexto:(t:0, i:~)
2022-05-26 01:43:32,521 [pool-195-thread-1] INFO  server.RaftServerConfigKeys (ConfUtils.java:logGet(46)) - raft.server.notification.no-leader.timeout = 300s (custom)
2022-05-26 01:43:32,521 [pool-195-thread-1] INFO  server.RaftServerConfigKeys (ConfUtils.java:logGet(46)) - raft.server.log.use.memory = false (default)
2022-05-26 01:43:32,521 [pool-195-thread-1] INFO  server.RaftServerConfigKeys (ConfUtils.java:logGet(46)) - raft.server.log.purge.gap = 1000000 (custom)
2022-05-26 01:43:32,521 [pool-195-thread-1] INFO  server.RaftServerConfigKeys (ConfUtils.java:logGet(46)) - raft.server.log.appender.buffer.byte-limit = 33554432 (custom)
2022-05-26 01:43:32,521 [pool-195-thread-1] INFO  server.RaftServerConfigKeys (ConfUtils.java:logGet(46)) - raft.server.log.statemachine.data.read.timeout = 1000ms (default)
2022-05-26 01:43:32,522 [pool-195-thread-1] INFO  server.RaftServerConfigKeys (ConfUtils.java:logGet(46)) - raft.server.log.segment.size.max = 1048576 (custom)
2022-05-26 01:43:32,522 [pool-195-thread-1] INFO  server.RaftServerConfigKeys (ConfUtils.java:logGet(46)) - raft.server.log.segment.cache.num.max = 2 (custom)
2022-05-26 01:43:32,522 [pool-195-thread-1] INFO  server.RaftServerConfigKeys (ConfUtils.java:logGet(46)) - raft.server.log.segment.cache.size.max = 200MB (=209715200) (default)
2022-05-26 01:43:32,522 [pool-195-thread-1] INFO  segmented.SegmentedRaftLogWorker (SegmentedRaftLogWorker.java:<init>(187)) - new 9c641009-44c6-4a21-abd0-bbce9bac0b79@group-FCD92AC9C38F-SegmentedRaftLogWorker for RaftStorageImpl:Storage Directory /home/runner/work/ozone/ozone/hadoop-ozone/integration-test/target/test-dir/MiniOzoneClusterImpl-2009ca84-e690-4f0e-80a4-64cb463c0d34/datanode-0/data/ratis/66050d30-ce7a-455d-a3b3-fcd92ac9c38f
2022-05-26 01:43:32,522 [pool-195-thread-1] INFO  server.RaftServerConfigKeys (ConfUtils.java:logGet(46)) - raft.server.log.queue.byte-limit = 4294967296 (custom)
2022-05-26 01:43:32,522 [pool-195-thread-1] INFO  server.RaftServerConfigKeys (ConfUtils.java:logGet(46)) - raft.server.log.queue.element-limit = 1024 (custom)
2022-05-26 01:43:32,522 [pool-195-thread-1] INFO  server.RaftServerConfigKeys (ConfUtils.java:logGet(46)) - raft.server.log.segment.size.max = 1048576 (custom)
2022-05-26 01:43:32,522 [pool-195-thread-1] INFO  server.RaftServerConfigKeys (ConfUtils.java:logGet(46)) - raft.server.log.preallocated.size = 16384 (custom)
2022-05-26 01:43:32,522 [pool-195-thread-1] INFO  server.RaftServerConfigKeys (ConfUtils.java:logGet(46)) - raft.server.log.force.sync.num = 128 (default)
2022-05-26 01:43:32,522 [pool-195-thread-1] INFO  server.RaftServerConfigKeys (ConfUtils.java:logGet(46)) - raft.server.log.statemachine.data.sync = true (default)
2022-05-26 01:43:32,522 [pool-195-thread-1] INFO  server.RaftServerConfigKeys (ConfUtils.java:logGet(46)) - raft.server.log.statemachine.data.sync.timeout = 10s (default)
2022-05-26 01:43:32,522 [pool-195-thread-1] INFO  server.RaftServerConfigKeys (ConfUtils.java:logGet(46)) - raft.server.log.statemachine.data.sync.timeout.retry = -1 (default)
2022-05-26 01:43:32,523 [pool-195-thread-1] INFO  server.RaftServerConfigKeys (ConfUtils.java:logGet(46)) - raft.server.log.write.buffer.size = 1048576 (custom)
2022-05-26 01:43:32,523 [pool-195-thread-1] INFO  server.RaftServerConfigKeys (ConfUtils.java:logGet(46)) - raft.server.log.unsafe-flush.enabled = false (default)
2022-05-26 01:43:32,523 [pool-195-thread-1] INFO  server.RaftServerConfigKeys (ConfUtils.java:logGet(46)) - raft.server.log.statemachine.data.caching.enabled = true (custom)
2022-05-26 01:43:32,523 [pool-195-thread-1] INFO  segmented.SegmentedRaftLogWorker (SegmentedRaftLogWorker.java:lambda$new$0(135)) - 9c641009-44c6-4a21-abd0-bbce9bac0b79@group-FCD92AC9C38F-SegmentedRaftLogWorker: flushIndex: setUnconditionally 0 -> -1
2022-05-26 01:43:32,523 [pool-195-thread-1] INFO  segmented.SegmentedRaftLogWorker (SegmentedRaftLogWorker.java:lambda$new$0(135)) - 9c641009-44c6-4a21-abd0-bbce9bac0b79@group-FCD92AC9C38F-SegmentedRaftLogWorker: safeCacheEvictIndex: setUnconditionally 0 -> -1
2022-05-26 01:43:32,535 [pool-195-thread-1] INFO  server.RaftServerConfigKeys (ConfUtils.java:logGet(46)) - raft.server.snapshot.auto.trigger.enabled = true (custom)
2022-05-26 01:43:32,535 [pool-195-thread-1] INFO  server.RaftServerConfigKeys (ConfUtils.java:logGet(46)) - raft.server.snapshot.auto.trigger.threshold = 10000 (custom)
2022-05-26 01:43:32,535 [pool-195-thread-1] INFO  server.RaftServerConfigKeys (ConfUtils.java:logGet(46)) - raft.server.snapshot.retention.file.num = 5 (custom)
2022-05-26 01:43:32,535 [pool-195-thread-1] INFO  server.RaftServerConfigKeys (ConfUtils.java:logGet(46)) - raft.server.log.purge.upto.snapshot.index = false (default)
2022-05-26 01:43:32,535 [pool-195-thread-1] INFO  server.RaftServerConfigKeys (ConfUtils.java:logGet(46)) - raft.server.retrycache.expirytime = 600000ms (custom)
2022-05-26 01:43:32,535 [pool-195-thread-1] INFO  server.RaftServerConfigKeys (ConfUtils.java:logGet(46)) - raft.server.retrycache.statistics.expirytime = 100μs (default)
2022-05-26 01:43:32,535 [EventQueue-OpenPipelineForHealthyPipelineSafeModeRule] INFO  safemode.SCMSafeModeManager (HealthyPipelineSafeModeRule.java:process(124)) - SCM in safe mode. Healthy pipelines reported count is 0, required healthy pipeline reported count is 1
2022-05-26 01:43:32,536 [pool-195-thread-1] INFO  server.RaftServerConfigKeys (ConfUtils.java:logGet(46)) - raft.server.log.appender.install.snapshot.enabled = false (custom)
2022-05-26 01:43:32,536 [pool-195-thread-1] INFO  server.RaftServerConfigKeys (ConfUtils.java:logGet(46)) - raft.server.threadpool.server.cached = true (default)
2022-05-26 01:43:32,536 [pool-195-thread-1] INFO  server.RaftServerConfigKeys (ConfUtils.java:logGet(46)) - raft.server.threadpool.server.size = 0 (default)
2022-05-26 01:43:32,536 [pool-195-thread-1] INFO  server.RaftServerConfigKeys (ConfUtils.java:logGet(46)) - raft.server.threadpool.client.cached = true (default)
2022-05-26 01:43:32,536 [pool-195-thread-1] INFO  server.RaftServerConfigKeys (ConfUtils.java:logGet(46)) - raft.server.threadpool.client.size = 0 (default)
2022-05-26 01:43:32,536 [pool-195-thread-1] INFO  server.RaftServer$Division (RaftServerImpl.java:start(310)) - 9c641009-44c6-4a21-abd0-bbce9bac0b79@group-FCD92AC9C38F: start as a follower, conf=-1: [9c641009-44c6-4a21-abd0-bbce9bac0b79|rpc:10.1.0.18:44279|priority:1, 3cfd4efa-525d-4031-ba34-e431fc16acab|rpc:10.1.0.18:33167|priority:0, fc639477-34ee-4b00-ba9b-fbda3f43aca6|rpc:10.1.0.18:44411|priority:0], old=null
2022-05-26 01:43:32,536 [pool-195-thread-1] INFO  server.RaftServer$Division (RaftServerImpl.java:setRole(299)) - 9c641009-44c6-4a21-abd0-bbce9bac0b79@group-FCD92AC9C38F: changes role from      null to FOLLOWER at term 0 for startAsFollower
2022-05-26 01:43:32,536 [pool-195-thread-1] INFO  impl.RoleInfo (RoleInfo.java:updateAndGet(139)) - 9c641009-44c6-4a21-abd0-bbce9bac0b79: start 9c641009-44c6-4a21-abd0-bbce9bac0b79@group-FCD92AC9C38F-FollowerState
2022-05-26 01:43:32,539 [pool-195-thread-1] INFO  util.JmxRegister (JmxRegister.java:tryRegister(44)) - Successfully registered JMX Bean with object name Ratis:service=RaftServer,group=group-FCD92AC9C38F,id=9c641009-44c6-4a21-abd0-bbce9bac0b79
2022-05-26 01:43:32,540 [Command processor thread] INFO  ratis.XceiverServerRatis (XceiverServerRatis.java:addGroup(765)) - Created group PipelineID=66050d30-ce7a-455d-a3b3-fcd92ac9c38f
2022-05-26 01:43:32,621 [grpc-default-executor-0] INFO  server.RaftServer (RaftServerProxy.java:addNew(96)) - fc639477-34ee-4b00-ba9b-fbda3f43aca6: addNew group-FCD92AC9C38F:[9c641009-44c6-4a21-abd0-bbce9bac0b79|rpc:10.1.0.18:44279|dataStream:|priority:1, 3cfd4efa-525d-4031-ba34-e431fc16acab|rpc:10.1.0.18:33167|dataStream:|priority:0, fc639477-34ee-4b00-ba9b-fbda3f43aca6|rpc:10.1.0.18:44411|dataStream:|priority:0] returns group-FCD92AC9C38F:java.util.concurrent.CompletableFuture@1f90e167[Not completed]
2022-05-26 01:43:32,622 [pool-217-thread-1] INFO  server.RaftServer$Division (RaftServerImpl.java:<init>(190)) - fc639477-34ee-4b00-ba9b-fbda3f43aca6: new RaftServerImpl for group-FCD92AC9C38F:[9c641009-44c6-4a21-abd0-bbce9bac0b79|rpc:10.1.0.18:44279|dataStream:|priority:1, 3cfd4efa-525d-4031-ba34-e431fc16acab|rpc:10.1.0.18:33167|dataStream:|priority:0, fc639477-34ee-4b00-ba9b-fbda3f43aca6|rpc:10.1.0.18:44411|dataStream:|priority:0] with ContainerStateMachine:uninitialized
2022-05-26 01:43:32,622 [pool-217-thread-1] INFO  server.RaftServerConfigKeys (ConfUtils.java:logGet(46)) - raft.server.rpc.timeout.min = 5s (custom)
2022-05-26 01:43:32,622 [pool-217-thread-1] INFO  server.RaftServerConfigKeys (ConfUtils.java:logGet(46)) - raft.server.rpc.timeout.max = 5200ms (custom)
2022-05-26 01:43:32,622 [pool-217-thread-1] INFO  server.RaftServerConfigKeys (ConfUtils.java:logGet(46)) - raft.server.rpc.sleep.time = 25ms (default)
2022-05-26 01:43:32,622 [pool-217-thread-1] INFO  server.RaftServerConfigKeys (ConfUtils.java:logGet(46)) - raft.server.rpc.slowness.timeout = 300s (custom)
2022-05-26 01:43:32,622 [pool-217-thread-1] INFO  server.RaftServerConfigKeys (ConfUtils.java:logGet(46)) - raft.server.leaderelection.leader.step-down.wait-time = 10s (default)
2022-05-26 01:43:32,622 [pool-217-thread-1] INFO  server.RaftServerConfigKeys (ConfUtils.java:logGet(46)) - raft.server.sleep.deviation.threshold = 300ms (default)
2022-05-26 01:43:32,622 [pool-217-thread-1] INFO  server.RaftServer$Division (ServerState.java:<init>(107)) - fc639477-34ee-4b00-ba9b-fbda3f43aca6@group-FCD92AC9C38F: ConfigurationManager, init=-1: [9c641009-44c6-4a21-abd0-bbce9bac0b79|rpc:10.1.0.18:44279|dataStream:|priority:1, 3cfd4efa-525d-4031-ba34-e431fc16acab|rpc:10.1.0.18:33167|dataStream:|priority:0, fc639477-34ee-4b00-ba9b-fbda3f43aca6|rpc:10.1.0.18:44411|dataStream:|priority:0], old=null, confs=<EMPTY_MAP>
2022-05-26 01:43:32,622 [pool-217-thread-1] INFO  server.RaftServerConfigKeys (ConfUtils.java:logGet(46)) - raft.server.storage.dir = [/home/runner/work/ozone/ozone/hadoop-ozone/integration-test/target/test-dir/MiniOzoneClusterImpl-2009ca84-e690-4f0e-80a4-64cb463c0d34/datanode-1/data/ratis] (custom)
2022-05-26 01:43:32,622 [pool-217-thread-1] INFO  server.RaftServerConfigKeys (ConfUtils.java:logGet(46)) - raft.server.log.corruption.policy = EXCEPTION (default)
2022-05-26 01:43:32,622 [pool-217-thread-1] INFO  server.RaftServerConfigKeys (ConfUtils.java:logGet(46)) - raft.server.storage.free-space.min = 0MB (=0) (default)
2022-05-26 01:43:32,623 [pool-217-thread-1] INFO  storage.RaftStorageDirectory (RaftStorageDirectoryImpl.java:analyzeStorage(135)) - The storage directory /home/runner/work/ozone/ozone/hadoop-ozone/integration-test/target/test-dir/MiniOzoneClusterImpl-2009ca84-e690-4f0e-80a4-64cb463c0d34/datanode-1/data/ratis/66050d30-ce7a-455d-a3b3-fcd92ac9c38f does not exist. Creating ...
2022-05-26 01:43:32,632 [pool-217-thread-1] INFO  storage.RaftStorageDirectory (RaftStorageDirectoryImpl.java:tryLock(230)) - Lock on /home/runner/work/ozone/ozone/hadoop-ozone/integration-test/target/test-dir/MiniOzoneClusterImpl-2009ca84-e690-4f0e-80a4-64cb463c0d34/datanode-1/data/ratis/66050d30-ce7a-455d-a3b3-fcd92ac9c38f/in_use.lock acquired by nodename 11847@fv-az270-854
2022-05-26 01:43:32,640 [pool-217-thread-1] INFO  storage.RaftStorage (RaftStorageImpl.java:format(89)) - Storage directory /home/runner/work/ozone/ozone/hadoop-ozone/integration-test/target/test-dir/MiniOzoneClusterImpl-2009ca84-e690-4f0e-80a4-64cb463c0d34/datanode-1/data/ratis/66050d30-ce7a-455d-a3b3-fcd92ac9c38f has been successfully formatted.
2022-05-26 01:43:32,641 [pool-217-thread-1] INFO  ratis.ContainerStateMachine (ContainerStateMachine.java:loadSnapshot(236)) - group-FCD92AC9C38F: The snapshot info is null. Setting the last applied indexto:(t:0, i:~)
2022-05-26 01:43:32,641 [pool-217-thread-1] INFO  server.RaftServerConfigKeys (ConfUtils.java:logGet(46)) - raft.server.notification.no-leader.timeout = 300s (custom)
2022-05-26 01:43:32,641 [pool-217-thread-1] INFO  server.RaftServerConfigKeys (ConfUtils.java:logGet(46)) - raft.server.log.use.memory = false (default)
2022-05-26 01:43:32,641 [pool-217-thread-1] INFO  server.RaftServerConfigKeys (ConfUtils.java:logGet(46)) - raft.server.log.purge.gap = 1000000 (custom)
2022-05-26 01:43:32,641 [pool-217-thread-1] INFO  server.RaftServerConfigKeys (ConfUtils.java:logGet(46)) - raft.server.log.appender.buffer.byte-limit = 33554432 (custom)
2022-05-26 01:43:32,641 [pool-217-thread-1] INFO  server.RaftServerConfigKeys (ConfUtils.java:logGet(46)) - raft.server.log.statemachine.data.read.timeout = 1000ms (default)
2022-05-26 01:43:32,641 [pool-217-thread-1] INFO  server.RaftServerConfigKeys (ConfUtils.java:logGet(46)) - raft.server.log.segment.size.max = 1048576 (custom)
2022-05-26 01:43:32,642 [pool-217-thread-1] INFO  server.RaftServerConfigKeys (ConfUtils.java:logGet(46)) - raft.server.log.segment.cache.num.max = 2 (custom)
2022-05-26 01:43:32,642 [pool-217-thread-1] INFO  server.RaftServerConfigKeys (ConfUtils.java:logGet(46)) - raft.server.log.segment.cache.size.max = 200MB (=209715200) (default)
2022-05-26 01:43:32,642 [pool-217-thread-1] INFO  segmented.SegmentedRaftLogWorker (SegmentedRaftLogWorker.java:<init>(187)) - new fc639477-34ee-4b00-ba9b-fbda3f43aca6@group-FCD92AC9C38F-SegmentedRaftLogWorker for RaftStorageImpl:Storage Directory /home/runner/work/ozone/ozone/hadoop-ozone/integration-test/target/test-dir/MiniOzoneClusterImpl-2009ca84-e690-4f0e-80a4-64cb463c0d34/datanode-1/data/ratis/66050d30-ce7a-455d-a3b3-fcd92ac9c38f
2022-05-26 01:43:32,642 [pool-217-thread-1] INFO  server.RaftServerConfigKeys (ConfUtils.java:logGet(46)) - raft.server.log.queue.byte-limit = 4294967296 (custom)
2022-05-26 01:43:32,642 [pool-217-thread-1] INFO  server.RaftServerConfigKeys (ConfUtils.java:logGet(46)) - raft.server.log.queue.element-limit = 1024 (custom)
2022-05-26 01:43:32,642 [pool-217-thread-1] INFO  server.RaftServerConfigKeys (ConfUtils.java:logGet(46)) - raft.server.log.segment.size.max = 1048576 (custom)
2022-05-26 01:43:32,642 [pool-217-thread-1] INFO  server.RaftServerConfigKeys (ConfUtils.java:logGet(46)) - raft.server.log.preallocated.size = 16384 (custom)
2022-05-26 01:43:32,642 [pool-217-thread-1] INFO  server.RaftServerConfigKeys (ConfUtils.java:logGet(46)) - raft.server.log.force.sync.num = 128 (default)
2022-05-26 01:43:32,642 [pool-217-thread-1] INFO  server.RaftServerConfigKeys (ConfUtils.java:logGet(46)) - raft.server.log.statemachine.data.sync = true (default)
2022-05-26 01:43:32,642 [pool-217-thread-1] INFO  server.RaftServerConfigKeys (ConfUtils.java:logGet(46)) - raft.server.log.statemachine.data.sync.timeout = 10s (default)
2022-05-26 01:43:32,642 [pool-217-thread-1] INFO  server.RaftServerConfigKeys (ConfUtils.java:logGet(46)) - raft.server.log.statemachine.data.sync.timeout.retry = -1 (default)
2022-05-26 01:43:32,643 [pool-217-thread-1] INFO  server.RaftServerConfigKeys (ConfUtils.java:logGet(46)) - raft.server.log.write.buffer.size = 1048576 (custom)
2022-05-26 01:43:32,643 [pool-217-thread-1] INFO  server.RaftServerConfigKeys (ConfUtils.java:logGet(46)) - raft.server.log.unsafe-flush.enabled = false (default)
2022-05-26 01:43:32,643 [pool-217-thread-1] INFO  server.RaftServerConfigKeys (ConfUtils.java:logGet(46)) - raft.server.log.statemachine.data.caching.enabled = true (custom)
2022-05-26 01:43:32,644 [pool-217-thread-1] INFO  segmented.SegmentedRaftLogWorker (SegmentedRaftLogWorker.java:lambda$new$0(135)) - fc639477-34ee-4b00-ba9b-fbda3f43aca6@group-FCD92AC9C38F-SegmentedRaftLogWorker: flushIndex: setUnconditionally 0 -> -1
2022-05-26 01:43:32,644 [pool-217-thread-1] INFO  segmented.SegmentedRaftLogWorker (SegmentedRaftLogWorker.java:lambda$new$0(135)) - fc639477-34ee-4b00-ba9b-fbda3f43aca6@group-FCD92AC9C38F-SegmentedRaftLogWorker: safeCacheEvictIndex: setUnconditionally 0 -> -1
2022-05-26 01:43:32,645 [pool-217-thread-1] INFO  server.RaftServerConfigKeys (ConfUtils.java:logGet(46)) - raft.server.snapshot.auto.trigger.enabled = true (custom)
2022-05-26 01:43:32,645 [pool-217-thread-1] INFO  server.RaftServerConfigKeys (ConfUtils.java:logGet(46)) - raft.server.snapshot.auto.trigger.threshold = 10000 (custom)
2022-05-26 01:43:32,645 [pool-217-thread-1] INFO  server.RaftServerConfigKeys (ConfUtils.java:logGet(46)) - raft.server.snapshot.retention.file.num = 5 (custom)
2022-05-26 01:43:32,645 [pool-217-thread-1] INFO  server.RaftServerConfigKeys (ConfUtils.java:logGet(46)) - raft.server.log.purge.upto.snapshot.index = false (default)
2022-05-26 01:43:32,645 [pool-217-thread-1] INFO  server.RaftServerConfigKeys (ConfUtils.java:logGet(46)) - raft.server.retrycache.expirytime = 600000ms (custom)
2022-05-26 01:43:32,645 [pool-217-thread-1] INFO  server.RaftServerConfigKeys (ConfUtils.java:logGet(46)) - raft.server.retrycache.statistics.expirytime = 100μs (default)
2022-05-26 01:43:32,646 [pool-217-thread-1] INFO  server.RaftServerConfigKeys (ConfUtils.java:logGet(46)) - raft.server.log.appender.install.snapshot.enabled = false (custom)
2022-05-26 01:43:32,646 [pool-217-thread-1] INFO  server.RaftServerConfigKeys (ConfUtils.java:logGet(46)) - raft.server.threadpool.server.cached = true (default)
2022-05-26 01:43:32,646 [pool-217-thread-1] INFO  server.RaftServerConfigKeys (ConfUtils.java:logGet(46)) - raft.server.threadpool.server.size = 0 (default)
2022-05-26 01:43:32,646 [pool-217-thread-1] INFO  server.RaftServerConfigKeys (ConfUtils.java:logGet(46)) - raft.server.threadpool.client.cached = true (default)
2022-05-26 01:43:32,646 [pool-217-thread-1] INFO  server.RaftServerConfigKeys (ConfUtils.java:logGet(46)) - raft.server.threadpool.client.size = 0 (default)
2022-05-26 01:43:32,646 [pool-217-thread-1] INFO  server.RaftServer$Division (RaftServerImpl.java:start(310)) - fc639477-34ee-4b00-ba9b-fbda3f43aca6@group-FCD92AC9C38F: start as a follower, conf=-1: [9c641009-44c6-4a21-abd0-bbce9bac0b79|rpc:10.1.0.18:44279|dataStream:|priority:1, 3cfd4efa-525d-4031-ba34-e431fc16acab|rpc:10.1.0.18:33167|dataStream:|priority:0, fc639477-34ee-4b00-ba9b-fbda3f43aca6|rpc:10.1.0.18:44411|dataStream:|priority:0], old=null
2022-05-26 01:43:32,647 [pool-217-thread-1] INFO  server.RaftServer$Division (RaftServerImpl.java:setRole(299)) - fc639477-34ee-4b00-ba9b-fbda3f43aca6@group-FCD92AC9C38F: changes role from      null to FOLLOWER at term 0 for startAsFollower
2022-05-26 01:43:32,647 [pool-217-thread-1] INFO  impl.RoleInfo (RoleInfo.java:updateAndGet(139)) - fc639477-34ee-4b00-ba9b-fbda3f43aca6: start fc639477-34ee-4b00-ba9b-fbda3f43aca6@group-FCD92AC9C38F-FollowerState
2022-05-26 01:43:32,648 [pool-217-thread-1] INFO  util.JmxRegister (JmxRegister.java:tryRegister(44)) - Successfully registered JMX Bean with object name Ratis:service=RaftServer,group=group-FCD92AC9C38F,id=fc639477-34ee-4b00-ba9b-fbda3f43aca6
2022-05-26 01:43:32,696 [grpc-default-executor-0] INFO  server.RaftServer (RaftServerProxy.java:addNew(96)) - 3cfd4efa-525d-4031-ba34-e431fc16acab: addNew group-FCD92AC9C38F:[9c641009-44c6-4a21-abd0-bbce9bac0b79|rpc:10.1.0.18:44279|dataStream:|priority:1, 3cfd4efa-525d-4031-ba34-e431fc16acab|rpc:10.1.0.18:33167|dataStream:|priority:0, fc639477-34ee-4b00-ba9b-fbda3f43aca6|rpc:10.1.0.18:44411|dataStream:|priority:0] returns group-FCD92AC9C38F:java.util.concurrent.CompletableFuture@1985e6d[Not completed]
2022-05-26 01:43:32,703 [pool-239-thread-1] INFO  server.RaftServer$Division (RaftServerImpl.java:<init>(190)) - 3cfd4efa-525d-4031-ba34-e431fc16acab: new RaftServerImpl for group-FCD92AC9C38F:[9c641009-44c6-4a21-abd0-bbce9bac0b79|rpc:10.1.0.18:44279|dataStream:|priority:1, 3cfd4efa-525d-4031-ba34-e431fc16acab|rpc:10.1.0.18:33167|dataStream:|priority:0, fc639477-34ee-4b00-ba9b-fbda3f43aca6|rpc:10.1.0.18:44411|dataStream:|priority:0] with ContainerStateMachine:uninitialized
2022-05-26 01:43:32,703 [pool-239-thread-1] INFO  server.RaftServerConfigKeys (ConfUtils.java:logGet(46)) - raft.server.rpc.timeout.min = 5s (custom)
2022-05-26 01:43:32,703 [pool-239-thread-1] INFO  server.RaftServerConfigKeys (ConfUtils.java:logGet(46)) - raft.server.rpc.timeout.max = 5200ms (custom)
2022-05-26 01:43:32,703 [pool-239-thread-1] INFO  server.RaftServerConfigKeys (ConfUtils.java:logGet(46)) - raft.server.rpc.sleep.time = 25ms (default)
2022-05-26 01:43:32,704 [pool-239-thread-1] INFO  server.RaftServerConfigKeys (ConfUtils.java:logGet(46)) - raft.server.rpc.slowness.timeout = 300s (custom)
2022-05-26 01:43:32,704 [pool-239-thread-1] INFO  server.RaftServerConfigKeys (ConfUtils.java:logGet(46)) - raft.server.leaderelection.leader.step-down.wait-time = 10s (default)
2022-05-26 01:43:32,704 [pool-239-thread-1] INFO  server.RaftServerConfigKeys (ConfUtils.java:logGet(46)) - raft.server.sleep.deviation.threshold = 300ms (default)
2022-05-26 01:43:32,704 [pool-239-thread-1] INFO  server.RaftServer$Division (ServerState.java:<init>(107)) - 3cfd4efa-525d-4031-ba34-e431fc16acab@group-FCD92AC9C38F: ConfigurationManager, init=-1: [9c641009-44c6-4a21-abd0-bbce9bac0b79|rpc:10.1.0.18:44279|dataStream:|priority:1, 3cfd4efa-525d-4031-ba34-e431fc16acab|rpc:10.1.0.18:33167|dataStream:|priority:0, fc639477-34ee-4b00-ba9b-fbda3f43aca6|rpc:10.1.0.18:44411|dataStream:|priority:0], old=null, confs=<EMPTY_MAP>
2022-05-26 01:43:32,704 [pool-239-thread-1] INFO  server.RaftServerConfigKeys (ConfUtils.java:logGet(46)) - raft.server.storage.dir = [/home/runner/work/ozone/ozone/hadoop-ozone/integration-test/target/test-dir/MiniOzoneClusterImpl-2009ca84-e690-4f0e-80a4-64cb463c0d34/datanode-2/data/ratis] (custom)
2022-05-26 01:43:32,704 [pool-239-thread-1] INFO  server.RaftServerConfigKeys (ConfUtils.java:logGet(46)) - raft.server.log.corruption.policy = EXCEPTION (default)
2022-05-26 01:43:32,704 [pool-239-thread-1] INFO  server.RaftServerConfigKeys (ConfUtils.java:logGet(46)) - raft.server.storage.free-space.min = 0MB (=0) (default)
2022-05-26 01:43:32,704 [pool-239-thread-1] INFO  storage.RaftStorageDirectory (RaftStorageDirectoryImpl.java:analyzeStorage(135)) - The storage directory /home/runner/work/ozone/ozone/hadoop-ozone/integration-test/target/test-dir/MiniOzoneClusterImpl-2009ca84-e690-4f0e-80a4-64cb463c0d34/datanode-2/data/ratis/66050d30-ce7a-455d-a3b3-fcd92ac9c38f does not exist. Creating ...
2022-05-26 01:43:32,710 [pool-239-thread-1] INFO  storage.RaftStorageDirectory (RaftStorageDirectoryImpl.java:tryLock(230)) - Lock on /home/runner/work/ozone/ozone/hadoop-ozone/integration-test/target/test-dir/MiniOzoneClusterImpl-2009ca84-e690-4f0e-80a4-64cb463c0d34/datanode-2/data/ratis/66050d30-ce7a-455d-a3b3-fcd92ac9c38f/in_use.lock acquired by nodename 11847@fv-az270-854
2022-05-26 01:43:32,711 [pool-239-thread-1] INFO  storage.RaftStorage (RaftStorageImpl.java:format(89)) - Storage directory /home/runner/work/ozone/ozone/hadoop-ozone/integration-test/target/test-dir/MiniOzoneClusterImpl-2009ca84-e690-4f0e-80a4-64cb463c0d34/datanode-2/data/ratis/66050d30-ce7a-455d-a3b3-fcd92ac9c38f has been successfully formatted.
2022-05-26 01:43:32,712 [pool-239-thread-1] INFO  ratis.ContainerStateMachine (ContainerStateMachine.java:loadSnapshot(236)) - group-FCD92AC9C38F: The snapshot info is null. Setting the last applied indexto:(t:0, i:~)
2022-05-26 01:43:32,712 [pool-239-thread-1] INFO  server.RaftServerConfigKeys (ConfUtils.java:logGet(46)) - raft.server.notification.no-leader.timeout = 300s (custom)
2022-05-26 01:43:32,712 [pool-239-thread-1] INFO  server.RaftServerConfigKeys (ConfUtils.java:logGet(46)) - raft.server.log.use.memory = false (default)
2022-05-26 01:43:32,712 [pool-239-thread-1] INFO  server.RaftServerConfigKeys (ConfUtils.java:logGet(46)) - raft.server.log.purge.gap = 1000000 (custom)
2022-05-26 01:43:32,712 [pool-239-thread-1] INFO  server.RaftServerConfigKeys (ConfUtils.java:logGet(46)) - raft.server.log.appender.buffer.byte-limit = 33554432 (custom)
2022-05-26 01:43:32,712 [pool-239-thread-1] INFO  server.RaftServerConfigKeys (ConfUtils.java:logGet(46)) - raft.server.log.statemachine.data.read.timeout = 1000ms (default)
2022-05-26 01:43:32,712 [pool-239-thread-1] INFO  server.RaftServerConfigKeys (ConfUtils.java:logGet(46)) - raft.server.log.segment.size.max = 1048576 (custom)
2022-05-26 01:43:32,713 [pool-239-thread-1] INFO  server.RaftServerConfigKeys (ConfUtils.java:logGet(46)) - raft.server.log.segment.cache.num.max = 2 (custom)
2022-05-26 01:43:32,713 [pool-239-thread-1] INFO  server.RaftServerConfigKeys (ConfUtils.java:logGet(46)) - raft.server.log.segment.cache.size.max = 200MB (=209715200) (default)
2022-05-26 01:43:32,713 [pool-239-thread-1] INFO  segmented.SegmentedRaftLogWorker (SegmentedRaftLogWorker.java:<init>(187)) - new 3cfd4efa-525d-4031-ba34-e431fc16acab@group-FCD92AC9C38F-SegmentedRaftLogWorker for RaftStorageImpl:Storage Directory /home/runner/work/ozone/ozone/hadoop-ozone/integration-test/target/test-dir/MiniOzoneClusterImpl-2009ca84-e690-4f0e-80a4-64cb463c0d34/datanode-2/data/ratis/66050d30-ce7a-455d-a3b3-fcd92ac9c38f
2022-05-26 01:43:32,713 [pool-239-thread-1] INFO  server.RaftServerConfigKeys (ConfUtils.java:logGet(46)) - raft.server.log.queue.byte-limit = 4294967296 (custom)
2022-05-26 01:43:32,713 [pool-239-thread-1] INFO  server.RaftServerConfigKeys (ConfUtils.java:logGet(46)) - raft.server.log.queue.element-limit = 1024 (custom)
2022-05-26 01:43:32,713 [pool-239-thread-1] INFO  server.RaftServerConfigKeys (ConfUtils.java:logGet(46)) - raft.server.log.segment.size.max = 1048576 (custom)
2022-05-26 01:43:32,713 [pool-239-thread-1] INFO  server.RaftServerConfigKeys (ConfUtils.java:logGet(46)) - raft.server.log.preallocated.size = 16384 (custom)
2022-05-26 01:43:32,713 [pool-239-thread-1] INFO  server.RaftServerConfigKeys (ConfUtils.java:logGet(46)) - raft.server.log.force.sync.num = 128 (default)
2022-05-26 01:43:32,713 [pool-239-thread-1] INFO  server.RaftServerConfigKeys (ConfUtils.java:logGet(46)) - raft.server.log.statemachine.data.sync = true (default)
2022-05-26 01:43:32,713 [pool-239-thread-1] INFO  server.RaftServerConfigKeys (ConfUtils.java:logGet(46)) - raft.server.log.statemachine.data.sync.timeout = 10s (default)
2022-05-26 01:43:32,713 [pool-239-thread-1] INFO  server.RaftServerConfigKeys (ConfUtils.java:logGet(46)) - raft.server.log.statemachine.data.sync.timeout.retry = -1 (default)
2022-05-26 01:43:32,715 [pool-239-thread-1] INFO  server.RaftServerConfigKeys (ConfUtils.java:logGet(46)) - raft.server.log.write.buffer.size = 1048576 (custom)
2022-05-26 01:43:32,715 [pool-239-thread-1] INFO  server.RaftServerConfigKeys (ConfUtils.java:logGet(46)) - raft.server.log.unsafe-flush.enabled = false (default)
2022-05-26 01:43:32,715 [pool-239-thread-1] INFO  server.RaftServerConfigKeys (ConfUtils.java:logGet(46)) - raft.server.log.statemachine.data.caching.enabled = true (custom)
2022-05-26 01:43:32,724 [pool-239-thread-1] INFO  segmented.SegmentedRaftLogWorker (SegmentedRaftLogWorker.java:lambda$new$0(135)) - 3cfd4efa-525d-4031-ba34-e431fc16acab@group-FCD92AC9C38F-SegmentedRaftLogWorker: flushIndex: setUnconditionally 0 -> -1
2022-05-26 01:43:32,724 [pool-239-thread-1] INFO  segmented.SegmentedRaftLogWorker (SegmentedRaftLogWorker.java:lambda$new$0(135)) - 3cfd4efa-525d-4031-ba34-e431fc16acab@group-FCD92AC9C38F-SegmentedRaftLogWorker: safeCacheEvictIndex: setUnconditionally 0 -> -1
2022-05-26 01:43:32,744 [pool-239-thread-1] INFO  server.RaftServerConfigKeys (ConfUtils.java:logGet(46)) - raft.server.snapshot.auto.trigger.enabled = true (custom)
2022-05-26 01:43:32,744 [pool-239-thread-1] INFO  server.RaftServerConfigKeys (ConfUtils.java:logGet(46)) - raft.server.snapshot.auto.trigger.threshold = 10000 (custom)
2022-05-26 01:43:32,744 [pool-239-thread-1] INFO  server.RaftServerConfigKeys (ConfUtils.java:logGet(46)) - raft.server.snapshot.retention.file.num = 5 (custom)
2022-05-26 01:43:32,745 [pool-239-thread-1] INFO  server.RaftServerConfigKeys (ConfUtils.java:logGet(46)) - raft.server.log.purge.upto.snapshot.index = false (default)
2022-05-26 01:43:32,745 [pool-239-thread-1] INFO  server.RaftServerConfigKeys (ConfUtils.java:logGet(46)) - raft.server.retrycache.expirytime = 600000ms (custom)
2022-05-26 01:43:32,745 [pool-239-thread-1] INFO  server.RaftServerConfigKeys (ConfUtils.java:logGet(46)) - raft.server.retrycache.statistics.expirytime = 100μs (default)
2022-05-26 01:43:32,746 [pool-239-thread-1] INFO  server.RaftServerConfigKeys (ConfUtils.java:logGet(46)) - raft.server.log.appender.install.snapshot.enabled = false (custom)
2022-05-26 01:43:32,746 [pool-239-thread-1] INFO  server.RaftServerConfigKeys (ConfUtils.java:logGet(46)) - raft.server.threadpool.server.cached = true (default)
2022-05-26 01:43:32,746 [pool-239-thread-1] INFO  server.RaftServerConfigKeys (ConfUtils.java:logGet(46)) - raft.server.threadpool.server.size = 0 (default)
2022-05-26 01:43:32,746 [pool-239-thread-1] INFO  server.RaftServerConfigKeys (ConfUtils.java:logGet(46)) - raft.server.threadpool.client.cached = true (default)
2022-05-26 01:43:32,746 [pool-239-thread-1] INFO  server.RaftServerConfigKeys (ConfUtils.java:logGet(46)) - raft.server.threadpool.client.size = 0 (default)
2022-05-26 01:43:32,746 [pool-239-thread-1] INFO  server.RaftServer$Division (RaftServerImpl.java:start(310)) - 3cfd4efa-525d-4031-ba34-e431fc16acab@group-FCD92AC9C38F: start as a follower, conf=-1: [9c641009-44c6-4a21-abd0-bbce9bac0b79|rpc:10.1.0.18:44279|dataStream:|priority:1, 3cfd4efa-525d-4031-ba34-e431fc16acab|rpc:10.1.0.18:33167|dataStream:|priority:0, fc639477-34ee-4b00-ba9b-fbda3f43aca6|rpc:10.1.0.18:44411|dataStream:|priority:0], old=null
2022-05-26 01:43:32,746 [pool-239-thread-1] INFO  server.RaftServer$Division (RaftServerImpl.java:setRole(299)) - 3cfd4efa-525d-4031-ba34-e431fc16acab@group-FCD92AC9C38F: changes role from      null to FOLLOWER at term 0 for startAsFollower
2022-05-26 01:43:32,746 [pool-239-thread-1] INFO  impl.RoleInfo (RoleInfo.java:updateAndGet(139)) - 3cfd4efa-525d-4031-ba34-e431fc16acab: start 3cfd4efa-525d-4031-ba34-e431fc16acab@group-FCD92AC9C38F-FollowerState
2022-05-26 01:43:32,752 [pool-239-thread-1] INFO  util.JmxRegister (JmxRegister.java:tryRegister(44)) - Successfully registered JMX Bean with object name Ratis:service=RaftServer,group=group-FCD92AC9C38F,id=3cfd4efa-525d-4031-ba34-e431fc16acab
2022-05-26 01:43:32,783 [Command processor thread] INFO  commandhandler.CreatePipelineCommandHandler (CreatePipelineCommandHandler.java:handle(113)) - Created Pipeline RATIS THREE PipelineID=66050d30-ce7a-455d-a3b3-fcd92ac9c38f.
2022-05-26 01:43:32,783 [Command processor thread] INFO  server.RaftServer (RaftServerProxy.java:addNew(96)) - 9c641009-44c6-4a21-abd0-bbce9bac0b79: addNew group-B90CD273FB99:[9c641009-44c6-4a21-abd0-bbce9bac0b79|rpc:10.1.0.18:44279|priority:0, 3cfd4efa-525d-4031-ba34-e431fc16acab|rpc:10.1.0.18:33167|priority:1, fc639477-34ee-4b00-ba9b-fbda3f43aca6|rpc:10.1.0.18:44411|priority:0] returns group-B90CD273FB99:java.util.concurrent.CompletableFuture@229c27d8[Not completed]
2022-05-26 01:43:32,784 [pool-195-thread-1] INFO  server.RaftServer$Division (RaftServerImpl.java:<init>(190)) - 9c641009-44c6-4a21-abd0-bbce9bac0b79: new RaftServerImpl for group-B90CD273FB99:[9c641009-44c6-4a21-abd0-bbce9bac0b79|rpc:10.1.0.18:44279|priority:0, 3cfd4efa-525d-4031-ba34-e431fc16acab|rpc:10.1.0.18:33167|priority:1, fc639477-34ee-4b00-ba9b-fbda3f43aca6|rpc:10.1.0.18:44411|priority:0] with ContainerStateMachine:uninitialized
2022-05-26 01:43:32,784 [pool-195-thread-1] INFO  server.RaftServerConfigKeys (ConfUtils.java:logGet(46)) - raft.server.rpc.timeout.min = 5s (custom)
2022-05-26 01:43:32,784 [pool-195-thread-1] INFO  server.RaftServerConfigKeys (ConfUtils.java:logGet(46)) - raft.server.rpc.timeout.max = 5200ms (custom)
2022-05-26 01:43:32,784 [pool-195-thread-1] INFO  server.RaftServerConfigKeys (ConfUtils.java:logGet(46)) - raft.server.rpc.sleep.time = 25ms (default)
2022-05-26 01:43:32,784 [pool-195-thread-1] INFO  server.RaftServerConfigKeys (ConfUtils.java:logGet(46)) - raft.server.rpc.slowness.timeout = 300s (custom)
2022-05-26 01:43:32,784 [pool-195-thread-1] INFO  server.RaftServerConfigKeys (ConfUtils.java:logGet(46)) - raft.server.leaderelection.leader.step-down.wait-time = 10s (default)
2022-05-26 01:43:32,784 [pool-195-thread-1] INFO  server.RaftServerConfigKeys (ConfUtils.java:logGet(46)) - raft.server.sleep.deviation.threshold = 300ms (default)
2022-05-26 01:43:32,784 [pool-195-thread-1] INFO  server.RaftServer$Division (ServerState.java:<init>(107)) - 9c641009-44c6-4a21-abd0-bbce9bac0b79@group-B90CD273FB99: ConfigurationManager, init=-1: [9c641009-44c6-4a21-abd0-bbce9bac0b79|rpc:10.1.0.18:44279|priority:0, 3cfd4efa-525d-4031-ba34-e431fc16acab|rpc:10.1.0.18:33167|priority:1, fc639477-34ee-4b00-ba9b-fbda3f43aca6|rpc:10.1.0.18:44411|priority:0], old=null, confs=<EMPTY_MAP>
2022-05-26 01:43:32,784 [pool-195-thread-1] INFO  server.RaftServerConfigKeys (ConfUtils.java:logGet(46)) - raft.server.storage.dir = [/home/runner/work/ozone/ozone/hadoop-ozone/integration-test/target/test-dir/MiniOzoneClusterImpl-2009ca84-e690-4f0e-80a4-64cb463c0d34/datanode-0/data/ratis] (custom)
2022-05-26 01:43:32,784 [pool-195-thread-1] INFO  server.RaftServerConfigKeys (ConfUtils.java:logGet(46)) - raft.server.log.corruption.policy = EXCEPTION (default)
2022-05-26 01:43:32,784 [pool-195-thread-1] INFO  server.RaftServerConfigKeys (ConfUtils.java:logGet(46)) - raft.server.storage.free-space.min = 0MB (=0) (default)
2022-05-26 01:43:32,784 [pool-195-thread-1] INFO  storage.RaftStorageDirectory (RaftStorageDirectoryImpl.java:analyzeStorage(135)) - The storage directory /home/runner/work/ozone/ozone/hadoop-ozone/integration-test/target/test-dir/MiniOzoneClusterImpl-2009ca84-e690-4f0e-80a4-64cb463c0d34/datanode-0/data/ratis/5d7e6bc3-787b-4742-9e30-b90cd273fb99 does not exist. Creating ...
2022-05-26 01:43:32,785 [pool-195-thread-1] INFO  storage.RaftStorageDirectory (RaftStorageDirectoryImpl.java:tryLock(230)) - Lock on /home/runner/work/ozone/ozone/hadoop-ozone/integration-test/target/test-dir/MiniOzoneClusterImpl-2009ca84-e690-4f0e-80a4-64cb463c0d34/datanode-0/data/ratis/5d7e6bc3-787b-4742-9e30-b90cd273fb99/in_use.lock acquired by nodename 11847@fv-az270-854
2022-05-26 01:43:32,786 [pool-195-thread-1] INFO  storage.RaftStorage (RaftStorageImpl.java:format(89)) - Storage directory /home/runner/work/ozone/ozone/hadoop-ozone/integration-test/target/test-dir/MiniOzoneClusterImpl-2009ca84-e690-4f0e-80a4-64cb463c0d34/datanode-0/data/ratis/5d7e6bc3-787b-4742-9e30-b90cd273fb99 has been successfully formatted.
2022-05-26 01:43:32,787 [pool-195-thread-1] INFO  ratis.ContainerStateMachine (ContainerStateMachine.java:loadSnapshot(236)) - group-B90CD273FB99: The snapshot info is null. Setting the last applied indexto:(t:0, i:~)
2022-05-26 01:43:32,787 [pool-195-thread-1] INFO  server.RaftServerConfigKeys (ConfUtils.java:logGet(46)) - raft.server.notification.no-leader.timeout = 300s (custom)
2022-05-26 01:43:32,787 [pool-195-thread-1] INFO  server.RaftServerConfigKeys (ConfUtils.java:logGet(46)) - raft.server.log.use.memory = false (default)
2022-05-26 01:43:32,787 [pool-195-thread-1] INFO  server.RaftServerConfigKeys (ConfUtils.java:logGet(46)) - raft.server.log.purge.gap = 1000000 (custom)
2022-05-26 01:43:32,787 [pool-195-thread-1] INFO  server.RaftServerConfigKeys (ConfUtils.java:logGet(46)) - raft.server.log.appender.buffer.byte-limit = 33554432 (custom)
2022-05-26 01:43:32,787 [pool-195-thread-1] INFO  server.RaftServerConfigKeys (ConfUtils.java:logGet(46)) - raft.server.log.statemachine.data.read.timeout = 1000ms (default)
2022-05-26 01:43:32,787 [pool-195-thread-1] INFO  server.RaftServerConfigKeys (ConfUtils.java:logGet(46)) - raft.server.log.segment.size.max = 1048576 (custom)
2022-05-26 01:43:32,787 [pool-195-thread-1] INFO  server.RaftServerConfigKeys (ConfUtils.java:logGet(46)) - raft.server.log.segment.cache.num.max = 2 (custom)
2022-05-26 01:43:32,788 [pool-195-thread-1] INFO  server.RaftServerConfigKeys (ConfUtils.java:logGet(46)) - raft.server.log.segment.cache.size.max = 200MB (=209715200) (default)
2022-05-26 01:43:32,788 [pool-195-thread-1] INFO  segmented.SegmentedRaftLogWorker (SegmentedRaftLogWorker.java:<init>(187)) - new 9c641009-44c6-4a21-abd0-bbce9bac0b79@group-B90CD273FB99-SegmentedRaftLogWorker for RaftStorageImpl:Storage Directory /home/runner/work/ozone/ozone/hadoop-ozone/integration-test/target/test-dir/MiniOzoneClusterImpl-2009ca84-e690-4f0e-80a4-64cb463c0d34/datanode-0/data/ratis/5d7e6bc3-787b-4742-9e30-b90cd273fb99
2022-05-26 01:43:32,788 [pool-195-thread-1] INFO  server.RaftServerConfigKeys (ConfUtils.java:logGet(46)) - raft.server.log.queue.byte-limit = 4294967296 (custom)
2022-05-26 01:43:32,788 [pool-195-thread-1] INFO  server.RaftServerConfigKeys (ConfUtils.java:logGet(46)) - raft.server.log.queue.element-limit = 1024 (custom)
2022-05-26 01:43:32,788 [pool-195-thread-1] INFO  server.RaftServerConfigKeys (ConfUtils.java:logGet(46)) - raft.server.log.segment.size.max = 1048576 (custom)
2022-05-26 01:43:32,788 [pool-195-thread-1] INFO  server.RaftServerConfigKeys (ConfUtils.java:logGet(46)) - raft.server.log.preallocated.size = 16384 (custom)
2022-05-26 01:43:32,788 [pool-195-thread-1] INFO  server.RaftServerConfigKeys (ConfUtils.java:logGet(46)) - raft.server.log.force.sync.num = 128 (default)
2022-05-26 01:43:32,788 [pool-195-thread-1] INFO  server.RaftServerConfigKeys (ConfUtils.java:logGet(46)) - raft.server.log.statemachine.data.sync = true (default)
2022-05-26 01:43:32,788 [pool-195-thread-1] INFO  server.RaftServerConfigKeys (ConfUtils.java:logGet(46)) - raft.server.log.statemachine.data.sync.timeout = 10s (default)
2022-05-26 01:43:32,788 [pool-195-thread-1] INFO  server.RaftServerConfigKeys (ConfUtils.java:logGet(46)) - raft.server.log.statemachine.data.sync.timeout.retry = -1 (default)
2022-05-26 01:43:32,788 [EventQueue-OpenPipelineForHealthyPipelineSafeModeRule] INFO  safemode.SCMSafeModeManager (HealthyPipelineSafeModeRule.java:process(124)) - SCM in safe mode. Healthy pipelines reported count is 0, required healthy pipeline reported count is 1
2022-05-26 01:43:32,789 [pool-195-thread-1] INFO  server.RaftServerConfigKeys (ConfUtils.java:logGet(46)) - raft.server.log.write.buffer.size = 1048576 (custom)
2022-05-26 01:43:32,789 [pool-195-thread-1] INFO  server.RaftServerConfigKeys (ConfUtils.java:logGet(46)) - raft.server.log.unsafe-flush.enabled = false (default)
2022-05-26 01:43:32,791 [pool-195-thread-1] INFO  server.RaftServerConfigKeys (ConfUtils.java:logGet(46)) - raft.server.log.statemachine.data.caching.enabled = true (custom)
2022-05-26 01:43:32,791 [pool-195-thread-1] INFO  segmented.SegmentedRaftLogWorker (SegmentedRaftLogWorker.java:lambda$new$0(135)) - 9c641009-44c6-4a21-abd0-bbce9bac0b79@group-B90CD273FB99-SegmentedRaftLogWorker: flushIndex: setUnconditionally 0 -> -1
2022-05-26 01:43:32,791 [pool-195-thread-1] INFO  segmented.SegmentedRaftLogWorker (SegmentedRaftLogWorker.java:lambda$new$0(135)) - 9c641009-44c6-4a21-abd0-bbce9bac0b79@group-B90CD273FB99-SegmentedRaftLogWorker: safeCacheEvictIndex: setUnconditionally 0 -> -1
2022-05-26 01:43:32,808 [pool-195-thread-1] INFO  server.RaftServerConfigKeys (ConfUtils.java:logGet(46)) - raft.server.snapshot.auto.trigger.enabled = true (custom)
2022-05-26 01:43:32,808 [pool-195-thread-1] INFO  server.RaftServerConfigKeys (ConfUtils.java:logGet(46)) - raft.server.snapshot.auto.trigger.threshold = 10000 (custom)
2022-05-26 01:43:32,808 [pool-195-thread-1] INFO  server.RaftServerConfigKeys (ConfUtils.java:logGet(46)) - raft.server.snapshot.retention.file.num = 5 (custom)
2022-05-26 01:43:32,808 [pool-195-thread-1] INFO  server.RaftServerConfigKeys (ConfUtils.java:logGet(46)) - raft.server.log.purge.upto.snapshot.index = false (default)
2022-05-26 01:43:32,808 [pool-195-thread-1] INFO  server.RaftServerConfigKeys (ConfUtils.java:logGet(46)) - raft.server.retrycache.expirytime = 600000ms (custom)
2022-05-26 01:43:32,808 [pool-195-thread-1] INFO  server.RaftServerConfigKeys (ConfUtils.java:logGet(46)) - raft.server.retrycache.statistics.expirytime = 100μs (default)
2022-05-26 01:43:32,809 [pool-195-thread-1] INFO  server.RaftServerConfigKeys (ConfUtils.java:logGet(46)) - raft.server.log.appender.install.snapshot.enabled = false (custom)
2022-05-26 01:43:32,809 [pool-195-thread-1] INFO  server.RaftServerConfigKeys (ConfUtils.java:logGet(46)) - raft.server.threadpool.server.cached = true (default)
2022-05-26 01:43:32,809 [pool-195-thread-1] INFO  server.RaftServerConfigKeys (ConfUtils.java:logGet(46)) - raft.server.threadpool.server.size = 0 (default)
2022-05-26 01:43:32,809 [pool-195-thread-1] INFO  server.RaftServerConfigKeys (ConfUtils.java:logGet(46)) - raft.server.threadpool.client.cached = true (default)
2022-05-26 01:43:32,809 [pool-195-thread-1] INFO  server.RaftServerConfigKeys (ConfUtils.java:logGet(46)) - raft.server.threadpool.client.size = 0 (default)
2022-05-26 01:43:32,809 [pool-195-thread-1] INFO  server.RaftServer$Division (RaftServerImpl.java:start(310)) - 9c641009-44c6-4a21-abd0-bbce9bac0b79@group-B90CD273FB99: start as a follower, conf=-1: [9c641009-44c6-4a21-abd0-bbce9bac0b79|rpc:10.1.0.18:44279|priority:0, 3cfd4efa-525d-4031-ba34-e431fc16acab|rpc:10.1.0.18:33167|priority:1, fc639477-34ee-4b00-ba9b-fbda3f43aca6|rpc:10.1.0.18:44411|priority:0], old=null
2022-05-26 01:43:32,809 [pool-195-thread-1] INFO  server.RaftServer$Division (RaftServerImpl.java:setRole(299)) - 9c641009-44c6-4a21-abd0-bbce9bac0b79@group-B90CD273FB99: changes role from      null to FOLLOWER at term 0 for startAsFollower
2022-05-26 01:43:32,810 [pool-195-thread-1] INFO  impl.RoleInfo (RoleInfo.java:updateAndGet(139)) - 9c641009-44c6-4a21-abd0-bbce9bac0b79: start 9c641009-44c6-4a21-abd0-bbce9bac0b79@group-B90CD273FB99-FollowerState
2022-05-26 01:43:32,813 [pool-195-thread-1] INFO  util.JmxRegister (JmxRegister.java:tryRegister(44)) - Successfully registered JMX Bean with object name Ratis:service=RaftServer,group=group-B90CD273FB99,id=9c641009-44c6-4a21-abd0-bbce9bac0b79
2022-05-26 01:43:32,825 [Command processor thread] INFO  ratis.XceiverServerRatis (XceiverServerRatis.java:addGroup(765)) - Created group PipelineID=5d7e6bc3-787b-4742-9e30-b90cd273fb99
2022-05-26 01:43:32,843 [grpc-default-executor-0] INFO  server.RaftServer (RaftServerProxy.java:addNew(96)) - fc639477-34ee-4b00-ba9b-fbda3f43aca6: addNew group-B90CD273FB99:[9c641009-44c6-4a21-abd0-bbce9bac0b79|rpc:10.1.0.18:44279|dataStream:|priority:0, 3cfd4efa-525d-4031-ba34-e431fc16acab|rpc:10.1.0.18:33167|dataStream:|priority:1, fc639477-34ee-4b00-ba9b-fbda3f43aca6|rpc:10.1.0.18:44411|dataStream:|priority:0] returns group-B90CD273FB99:java.util.concurrent.CompletableFuture@1b9df323[Not completed]
2022-05-26 01:43:32,844 [pool-217-thread-1] INFO  server.RaftServer$Division (RaftServerImpl.java:<init>(190)) - fc639477-34ee-4b00-ba9b-fbda3f43aca6: new RaftServerImpl for group-B90CD273FB99:[9c641009-44c6-4a21-abd0-bbce9bac0b79|rpc:10.1.0.18:44279|dataStream:|priority:0, 3cfd4efa-525d-4031-ba34-e431fc16acab|rpc:10.1.0.18:33167|dataStream:|priority:1, fc639477-34ee-4b00-ba9b-fbda3f43aca6|rpc:10.1.0.18:44411|dataStream:|priority:0] with ContainerStateMachine:uninitialized
2022-05-26 01:43:32,844 [pool-217-thread-1] INFO  server.RaftServerConfigKeys (ConfUtils.java:logGet(46)) - raft.server.rpc.timeout.min = 5s (custom)
2022-05-26 01:43:32,844 [pool-217-thread-1] INFO  server.RaftServerConfigKeys (ConfUtils.java:logGet(46)) - raft.server.rpc.timeout.max = 5200ms (custom)
2022-05-26 01:43:32,844 [pool-217-thread-1] INFO  server.RaftServerConfigKeys (ConfUtils.java:logGet(46)) - raft.server.rpc.sleep.time = 25ms (default)
2022-05-26 01:43:32,844 [pool-217-thread-1] INFO  server.RaftServerConfigKeys (ConfUtils.java:logGet(46)) - raft.server.rpc.slowness.timeout = 300s (custom)
2022-05-26 01:43:32,844 [pool-217-thread-1] INFO  server.RaftServerConfigKeys (ConfUtils.java:logGet(46)) - raft.server.leaderelection.leader.step-down.wait-time = 10s (default)
2022-05-26 01:43:32,844 [pool-217-thread-1] INFO  server.RaftServerConfigKeys (ConfUtils.java:logGet(46)) - raft.server.sleep.deviation.threshold = 300ms (default)
2022-05-26 01:43:32,844 [pool-217-thread-1] INFO  server.RaftServer$Division (ServerState.java:<init>(107)) - fc639477-34ee-4b00-ba9b-fbda3f43aca6@group-B90CD273FB99: ConfigurationManager, init=-1: [9c641009-44c6-4a21-abd0-bbce9bac0b79|rpc:10.1.0.18:44279|dataStream:|priority:0, 3cfd4efa-525d-4031-ba34-e431fc16acab|rpc:10.1.0.18:33167|dataStream:|priority:1, fc639477-34ee-4b00-ba9b-fbda3f43aca6|rpc:10.1.0.18:44411|dataStream:|priority:0], old=null, confs=<EMPTY_MAP>
2022-05-26 01:43:32,844 [pool-217-thread-1] INFO  server.RaftServerConfigKeys (ConfUtils.java:logGet(46)) - raft.server.storage.dir = [/home/runner/work/ozone/ozone/hadoop-ozone/integration-test/target/test-dir/MiniOzoneClusterImpl-2009ca84-e690-4f0e-80a4-64cb463c0d34/datanode-1/data/ratis] (custom)
2022-05-26 01:43:32,844 [pool-217-thread-1] INFO  server.RaftServerConfigKeys (ConfUtils.java:logGet(46)) - raft.server.log.corruption.policy = EXCEPTION (default)
2022-05-26 01:43:32,844 [pool-217-thread-1] INFO  server.RaftServerConfigKeys (ConfUtils.java:logGet(46)) - raft.server.storage.free-space.min = 0MB (=0) (default)
2022-05-26 01:43:32,844 [pool-217-thread-1] INFO  storage.RaftStorageDirectory (RaftStorageDirectoryImpl.java:analyzeStorage(135)) - The storage directory /home/runner/work/ozone/ozone/hadoop-ozone/integration-test/target/test-dir/MiniOzoneClusterImpl-2009ca84-e690-4f0e-80a4-64cb463c0d34/datanode-1/data/ratis/5d7e6bc3-787b-4742-9e30-b90cd273fb99 does not exist. Creating ...
2022-05-26 01:43:32,845 [pool-217-thread-1] INFO  storage.RaftStorageDirectory (RaftStorageDirectoryImpl.java:tryLock(230)) - Lock on /home/runner/work/ozone/ozone/hadoop-ozone/integration-test/target/test-dir/MiniOzoneClusterImpl-2009ca84-e690-4f0e-80a4-64cb463c0d34/datanode-1/data/ratis/5d7e6bc3-787b-4742-9e30-b90cd273fb99/in_use.lock acquired by nodename 11847@fv-az270-854
2022-05-26 01:43:32,846 [pool-217-thread-1] INFO  storage.RaftStorage (RaftStorageImpl.java:format(89)) - Storage directory /home/runner/work/ozone/ozone/hadoop-ozone/integration-test/target/test-dir/MiniOzoneClusterImpl-2009ca84-e690-4f0e-80a4-64cb463c0d34/datanode-1/data/ratis/5d7e6bc3-787b-4742-9e30-b90cd273fb99 has been successfully formatted.
2022-05-26 01:43:32,846 [pool-217-thread-1] INFO  ratis.ContainerStateMachine (ContainerStateMachine.java:loadSnapshot(236)) - group-B90CD273FB99: The snapshot info is null. Setting the last applied indexto:(t:0, i:~)
2022-05-26 01:43:32,847 [pool-217-thread-1] INFO  server.RaftServerConfigKeys (ConfUtils.java:logGet(46)) - raft.server.notification.no-leader.timeout = 300s (custom)
2022-05-26 01:43:32,847 [pool-217-thread-1] INFO  server.RaftServerConfigKeys (ConfUtils.java:logGet(46)) - raft.server.log.use.memory = false (default)
2022-05-26 01:43:32,847 [pool-217-thread-1] INFO  server.RaftServerConfigKeys (ConfUtils.java:logGet(46)) - raft.server.log.purge.gap = 1000000 (custom)
2022-05-26 01:43:32,847 [pool-217-thread-1] INFO  server.RaftServerConfigKeys (ConfUtils.java:logGet(46)) - raft.server.log.appender.buffer.byte-limit = 33554432 (custom)
2022-05-26 01:43:32,847 [pool-217-thread-1] INFO  server.RaftServerConfigKeys (ConfUtils.java:logGet(46)) - raft.server.log.statemachine.data.read.timeout = 1000ms (default)
2022-05-26 01:43:32,847 [pool-217-thread-1] INFO  server.RaftServerConfigKeys (ConfUtils.java:logGet(46)) - raft.server.log.segment.size.max = 1048576 (custom)
2022-05-26 01:43:32,848 [pool-217-thread-1] INFO  server.RaftServerConfigKeys (ConfUtils.java:logGet(46)) - raft.server.log.segment.cache.num.max = 2 (custom)
2022-05-26 01:43:32,848 [pool-217-thread-1] INFO  server.RaftServerConfigKeys (ConfUtils.java:logGet(46)) - raft.server.log.segment.cache.size.max = 200MB (=209715200) (default)
2022-05-26 01:43:32,848 [pool-217-thread-1] INFO  segmented.SegmentedRaftLogWorker (SegmentedRaftLogWorker.java:<init>(187)) - new fc639477-34ee-4b00-ba9b-fbda3f43aca6@group-B90CD273FB99-SegmentedRaftLogWorker for RaftStorageImpl:Storage Directory /home/runner/work/ozone/ozone/hadoop-ozone/integration-test/target/test-dir/MiniOzoneClusterImpl-2009ca84-e690-4f0e-80a4-64cb463c0d34/datanode-1/data/ratis/5d7e6bc3-787b-4742-9e30-b90cd273fb99
2022-05-26 01:43:32,848 [pool-217-thread-1] INFO  server.RaftServerConfigKeys (ConfUtils.java:logGet(46)) - raft.server.log.queue.byte-limit = 4294967296 (custom)
2022-05-26 01:43:32,848 [pool-217-thread-1] INFO  server.RaftServerConfigKeys (ConfUtils.java:logGet(46)) - raft.server.log.queue.element-limit = 1024 (custom)
2022-05-26 01:43:32,848 [pool-217-thread-1] INFO  server.RaftServerConfigKeys (ConfUtils.java:logGet(46)) - raft.server.log.segment.size.max = 1048576 (custom)
2022-05-26 01:43:32,848 [pool-217-thread-1] INFO  server.RaftServerConfigKeys (ConfUtils.java:logGet(46)) - raft.server.log.preallocated.size = 16384 (custom)
2022-05-26 01:43:32,848 [pool-217-thread-1] INFO  server.RaftServerConfigKeys (ConfUtils.java:logGet(46)) - raft.server.log.force.sync.num = 128 (default)
2022-05-26 01:43:32,848 [pool-217-thread-1] INFO  server.RaftServerConfigKeys (ConfUtils.java:logGet(46)) - raft.server.log.statemachine.data.sync = true (default)
2022-05-26 01:43:32,848 [pool-217-thread-1] INFO  server.RaftServerConfigKeys (ConfUtils.java:logGet(46)) - raft.server.log.statemachine.data.sync.timeout = 10s (default)
2022-05-26 01:43:32,848 [pool-217-thread-1] INFO  server.RaftServerConfigKeys (ConfUtils.java:logGet(46)) - raft.server.log.statemachine.data.sync.timeout.retry = -1 (default)
2022-05-26 01:43:32,849 [pool-217-thread-1] INFO  server.RaftServerConfigKeys (ConfUtils.java:logGet(46)) - raft.server.log.write.buffer.size = 1048576 (custom)
2022-05-26 01:43:32,850 [pool-217-thread-1] INFO  server.RaftServerConfigKeys (ConfUtils.java:logGet(46)) - raft.server.log.unsafe-flush.enabled = false (default)
2022-05-26 01:43:32,850 [pool-217-thread-1] INFO  server.RaftServerConfigKeys (ConfUtils.java:logGet(46)) - raft.server.log.statemachine.data.caching.enabled = true (custom)
2022-05-26 01:43:32,850 [pool-217-thread-1] INFO  segmented.SegmentedRaftLogWorker (SegmentedRaftLogWorker.java:lambda$new$0(135)) - fc639477-34ee-4b00-ba9b-fbda3f43aca6@group-B90CD273FB99-SegmentedRaftLogWorker: flushIndex: setUnconditionally 0 -> -1
2022-05-26 01:43:32,850 [pool-217-thread-1] INFO  segmented.SegmentedRaftLogWorker (SegmentedRaftLogWorker.java:lambda$new$0(135)) - fc639477-34ee-4b00-ba9b-fbda3f43aca6@group-B90CD273FB99-SegmentedRaftLogWorker: safeCacheEvictIndex: setUnconditionally 0 -> -1
2022-05-26 01:43:32,860 [pool-217-thread-1] INFO  server.RaftServerConfigKeys (ConfUtils.java:logGet(46)) - raft.server.snapshot.auto.trigger.enabled = true (custom)
2022-05-26 01:43:32,860 [pool-217-thread-1] INFO  server.RaftServerConfigKeys (ConfUtils.java:logGet(46)) - raft.server.snapshot.auto.trigger.threshold = 10000 (custom)
2022-05-26 01:43:32,860 [pool-217-thread-1] INFO  server.RaftServerConfigKeys (ConfUtils.java:logGet(46)) - raft.server.snapshot.retention.file.num = 5 (custom)
2022-05-26 01:43:32,860 [pool-217-thread-1] INFO  server.RaftServerConfigKeys (ConfUtils.java:logGet(46)) - raft.server.log.purge.upto.snapshot.index = false (default)
2022-05-26 01:43:32,860 [pool-217-thread-1] INFO  server.RaftServerConfigKeys (ConfUtils.java:logGet(46)) - raft.server.retrycache.expirytime = 600000ms (custom)
2022-05-26 01:43:32,860 [pool-217-thread-1] INFO  server.RaftServerConfigKeys (ConfUtils.java:logGet(46)) - raft.server.retrycache.statistics.expirytime = 100μs (default)
2022-05-26 01:43:32,861 [pool-217-thread-1] INFO  server.RaftServerConfigKeys (ConfUtils.java:logGet(46)) - raft.server.log.appender.install.snapshot.enabled = false (custom)
2022-05-26 01:43:32,861 [pool-217-thread-1] INFO  server.RaftServerConfigKeys (ConfUtils.java:logGet(46)) - raft.server.threadpool.server.cached = true (default)
2022-05-26 01:43:32,861 [pool-217-thread-1] INFO  server.RaftServerConfigKeys (ConfUtils.java:logGet(46)) - raft.server.threadpool.server.size = 0 (default)
2022-05-26 01:43:32,861 [pool-217-thread-1] INFO  server.RaftServerConfigKeys (ConfUtils.java:logGet(46)) - raft.server.threadpool.client.cached = true (default)
2022-05-26 01:43:32,861 [pool-217-thread-1] INFO  server.RaftServerConfigKeys (ConfUtils.java:logGet(46)) - raft.server.threadpool.client.size = 0 (default)
2022-05-26 01:43:32,861 [pool-217-thread-1] INFO  server.RaftServer$Division (RaftServerImpl.java:start(310)) - fc639477-34ee-4b00-ba9b-fbda3f43aca6@group-B90CD273FB99: start as a follower, conf=-1: [9c641009-44c6-4a21-abd0-bbce9bac0b79|rpc:10.1.0.18:44279|dataStream:|priority:0, 3cfd4efa-525d-4031-ba34-e431fc16acab|rpc:10.1.0.18:33167|dataStream:|priority:1, fc639477-34ee-4b00-ba9b-fbda3f43aca6|rpc:10.1.0.18:44411|dataStream:|priority:0], old=null
2022-05-26 01:43:32,861 [Listener at 127.0.0.1/38663] INFO  ozone.MiniOzoneClusterImpl (MiniOzoneClusterImpl.java:lambda$waitForClusterToBeReady$0(221)) - Nodes are ready. Got 3 of 3 DN Heartbeats.
2022-05-26 01:43:32,862 [Listener at 127.0.0.1/38663] INFO  ozone.MiniOzoneClusterImpl (MiniOzoneClusterImpl.java:lambda$waitForClusterToBeReady$0(224)) - Waiting for cluster to exit safe mode
2022-05-26 01:43:32,862 [Listener at 127.0.0.1/38663] INFO  ozone.MiniOzoneClusterImpl (MiniOzoneClusterImpl.java:lambda$waitForClusterToBeReady$0(226)) - SCM became leader
2022-05-26 01:43:32,862 [pool-217-thread-1] INFO  server.RaftServer$Division (RaftServerImpl.java:setRole(299)) - fc639477-34ee-4b00-ba9b-fbda3f43aca6@group-B90CD273FB99: changes role from      null to FOLLOWER at term 0 for startAsFollower
2022-05-26 01:43:32,862 [pool-217-thread-1] INFO  impl.RoleInfo (RoleInfo.java:updateAndGet(139)) - fc639477-34ee-4b00-ba9b-fbda3f43aca6: start fc639477-34ee-4b00-ba9b-fbda3f43aca6@group-B90CD273FB99-FollowerState
2022-05-26 01:43:32,865 [pool-217-thread-1] INFO  util.JmxRegister (JmxRegister.java:tryRegister(44)) - Successfully registered JMX Bean with object name Ratis:service=RaftServer,group=group-B90CD273FB99,id=fc639477-34ee-4b00-ba9b-fbda3f43aca6
2022-05-26 01:43:32,906 [pool-239-thread-1] INFO  server.RaftServer$Division (RaftServerImpl.java:<init>(190)) - 3cfd4efa-525d-4031-ba34-e431fc16acab: new RaftServerImpl for group-B90CD273FB99:[9c641009-44c6-4a21-abd0-bbce9bac0b79|rpc:10.1.0.18:44279|dataStream:|priority:0, 3cfd4efa-525d-4031-ba34-e431fc16acab|rpc:10.1.0.18:33167|dataStream:|priority:1, fc639477-34ee-4b00-ba9b-fbda3f43aca6|rpc:10.1.0.18:44411|dataStream:|priority:0] with ContainerStateMachine:uninitialized
2022-05-26 01:43:32,906 [pool-239-thread-1] INFO  server.RaftServerConfigKeys (ConfUtils.java:logGet(46)) - raft.server.rpc.timeout.min = 5s (custom)
2022-05-26 01:43:32,906 [pool-239-thread-1] INFO  server.RaftServerConfigKeys (ConfUtils.java:logGet(46)) - raft.server.rpc.timeout.max = 5200ms (custom)
2022-05-26 01:43:32,906 [pool-239-thread-1] INFO  server.RaftServerConfigKeys (ConfUtils.java:logGet(46)) - raft.server.rpc.sleep.time = 25ms (default)
2022-05-26 01:43:32,906 [pool-239-thread-1] INFO  server.RaftServerConfigKeys (ConfUtils.java:logGet(46)) - raft.server.rpc.slowness.timeout = 300s (custom)
2022-05-26 01:43:32,906 [pool-239-thread-1] INFO  server.RaftServerConfigKeys (ConfUtils.java:logGet(46)) - raft.server.leaderelection.leader.step-down.wait-time = 10s (default)
2022-05-26 01:43:32,906 [pool-239-thread-1] INFO  server.RaftServerConfigKeys (ConfUtils.java:logGet(46)) - raft.server.sleep.deviation.threshold = 300ms (default)
2022-05-26 01:43:32,906 [pool-239-thread-1] INFO  server.RaftServer$Division (ServerState.java:<init>(107)) - 3cfd4efa-525d-4031-ba34-e431fc16acab@group-B90CD273FB99: ConfigurationManager, init=-1: [9c641009-44c6-4a21-abd0-bbce9bac0b79|rpc:10.1.0.18:44279|dataStream:|priority:0, 3cfd4efa-525d-4031-ba34-e431fc16acab|rpc:10.1.0.18:33167|dataStream:|priority:1, fc639477-34ee-4b00-ba9b-fbda3f43aca6|rpc:10.1.0.18:44411|dataStream:|priority:0], old=null, confs=<EMPTY_MAP>
2022-05-26 01:43:32,907 [pool-239-thread-1] INFO  server.RaftServerConfigKeys (ConfUtils.java:logGet(46)) - raft.server.storage.dir = [/home/runner/work/ozone/ozone/hadoop-ozone/integration-test/target/test-dir/MiniOzoneClusterImpl-2009ca84-e690-4f0e-80a4-64cb463c0d34/datanode-2/data/ratis] (custom)
2022-05-26 01:43:32,907 [pool-239-thread-1] INFO  server.RaftServerConfigKeys (ConfUtils.java:logGet(46)) - raft.server.log.corruption.policy = EXCEPTION (default)
2022-05-26 01:43:32,907 [pool-239-thread-1] INFO  server.RaftServerConfigKeys (ConfUtils.java:logGet(46)) - raft.server.storage.free-space.min = 0MB (=0) (default)
2022-05-26 01:43:32,907 [pool-239-thread-1] INFO  storage.RaftStorageDirectory (RaftStorageDirectoryImpl.java:analyzeStorage(135)) - The storage directory /home/runner/work/ozone/ozone/hadoop-ozone/integration-test/target/test-dir/MiniOzoneClusterImpl-2009ca84-e690-4f0e-80a4-64cb463c0d34/datanode-2/data/ratis/5d7e6bc3-787b-4742-9e30-b90cd273fb99 does not exist. Creating ...
2022-05-26 01:43:32,907 [grpc-default-executor-0] INFO  server.RaftServer (RaftServerProxy.java:addNew(96)) - 3cfd4efa-525d-4031-ba34-e431fc16acab: addNew group-B90CD273FB99:[9c641009-44c6-4a21-abd0-bbce9bac0b79|rpc:10.1.0.18:44279|dataStream:|priority:0, 3cfd4efa-525d-4031-ba34-e431fc16acab|rpc:10.1.0.18:33167|dataStream:|priority:1, fc639477-34ee-4b00-ba9b-fbda3f43aca6|rpc:10.1.0.18:44411|dataStream:|priority:0] returns group-B90CD273FB99:java.util.concurrent.CompletableFuture@7558fd3b[Not completed]
2022-05-26 01:43:32,909 [pool-239-thread-1] INFO  storage.RaftStorageDirectory (RaftStorageDirectoryImpl.java:tryLock(230)) - Lock on /home/runner/work/ozone/ozone/hadoop-ozone/integration-test/target/test-dir/MiniOzoneClusterImpl-2009ca84-e690-4f0e-80a4-64cb463c0d34/datanode-2/data/ratis/5d7e6bc3-787b-4742-9e30-b90cd273fb99/in_use.lock acquired by nodename 11847@fv-az270-854
2022-05-26 01:43:32,913 [pool-239-thread-1] INFO  storage.RaftStorage (RaftStorageImpl.java:format(89)) - Storage directory /home/runner/work/ozone/ozone/hadoop-ozone/integration-test/target/test-dir/MiniOzoneClusterImpl-2009ca84-e690-4f0e-80a4-64cb463c0d34/datanode-2/data/ratis/5d7e6bc3-787b-4742-9e30-b90cd273fb99 has been successfully formatted.
2022-05-26 01:43:32,914 [pool-239-thread-1] INFO  ratis.ContainerStateMachine (ContainerStateMachine.java:loadSnapshot(236)) - group-B90CD273FB99: The snapshot info is null. Setting the last applied indexto:(t:0, i:~)
2022-05-26 01:43:32,914 [pool-239-thread-1] INFO  server.RaftServerConfigKeys (ConfUtils.java:logGet(46)) - raft.server.notification.no-leader.timeout = 300s (custom)
2022-05-26 01:43:32,914 [pool-239-thread-1] INFO  server.RaftServerConfigKeys (ConfUtils.java:logGet(46)) - raft.server.log.use.memory = false (default)
2022-05-26 01:43:32,914 [pool-239-thread-1] INFO  server.RaftServerConfigKeys (ConfUtils.java:logGet(46)) - raft.server.log.purge.gap = 1000000 (custom)
2022-05-26 01:43:32,914 [pool-239-thread-1] INFO  server.RaftServerConfigKeys (ConfUtils.java:logGet(46)) - raft.server.log.appender.buffer.byte-limit = 33554432 (custom)
2022-05-26 01:43:32,914 [pool-239-thread-1] INFO  server.RaftServerConfigKeys (ConfUtils.java:logGet(46)) - raft.server.log.statemachine.data.read.timeout = 1000ms (default)
2022-05-26 01:43:32,915 [pool-239-thread-1] INFO  server.RaftServerConfigKeys (ConfUtils.java:logGet(46)) - raft.server.log.segment.size.max = 1048576 (custom)
2022-05-26 01:43:32,915 [pool-239-thread-1] INFO  server.RaftServerConfigKeys (ConfUtils.java:logGet(46)) - raft.server.log.segment.cache.num.max = 2 (custom)
2022-05-26 01:43:32,915 [pool-239-thread-1] INFO  server.RaftServerConfigKeys (ConfUtils.java:logGet(46)) - raft.server.log.segment.cache.size.max = 200MB (=209715200) (default)
2022-05-26 01:43:32,915 [pool-239-thread-1] INFO  segmented.SegmentedRaftLogWorker (SegmentedRaftLogWorker.java:<init>(187)) - new 3cfd4efa-525d-4031-ba34-e431fc16acab@group-B90CD273FB99-SegmentedRaftLogWorker for RaftStorageImpl:Storage Directory /home/runner/work/ozone/ozone/hadoop-ozone/integration-test/target/test-dir/MiniOzoneClusterImpl-2009ca84-e690-4f0e-80a4-64cb463c0d34/datanode-2/data/ratis/5d7e6bc3-787b-4742-9e30-b90cd273fb99
2022-05-26 01:43:32,915 [pool-239-thread-1] INFO  server.RaftServerConfigKeys (ConfUtils.java:logGet(46)) - raft.server.log.queue.byte-limit = 4294967296 (custom)
2022-05-26 01:43:32,915 [pool-239-thread-1] INFO  server.RaftServerConfigKeys (ConfUtils.java:logGet(46)) - raft.server.log.queue.element-limit = 1024 (custom)
2022-05-26 01:43:32,915 [pool-239-thread-1] INFO  server.RaftServerConfigKeys (ConfUtils.java:logGet(46)) - raft.server.log.segment.size.max = 1048576 (custom)
2022-05-26 01:43:32,915 [pool-239-thread-1] INFO  server.RaftServerConfigKeys (ConfUtils.java:logGet(46)) - raft.server.log.preallocated.size = 16384 (custom)
2022-05-26 01:43:32,915 [pool-239-thread-1] INFO  server.RaftServerConfigKeys (ConfUtils.java:logGet(46)) - raft.server.log.force.sync.num = 128 (default)
2022-05-26 01:43:32,915 [pool-239-thread-1] INFO  server.RaftServerConfigKeys (ConfUtils.java:logGet(46)) - raft.server.log.statemachine.data.sync = true (default)
2022-05-26 01:43:32,915 [pool-239-thread-1] INFO  server.RaftServerConfigKeys (ConfUtils.java:logGet(46)) - raft.server.log.statemachine.data.sync.timeout = 10s (default)
2022-05-26 01:43:32,915 [pool-239-thread-1] INFO  server.RaftServerConfigKeys (ConfUtils.java:logGet(46)) - raft.server.log.statemachine.data.sync.timeout.retry = -1 (default)
2022-05-26 01:43:32,916 [pool-239-thread-1] INFO  server.RaftServerConfigKeys (ConfUtils.java:logGet(46)) - raft.server.log.write.buffer.size = 1048576 (custom)
2022-05-26 01:43:32,916 [pool-239-thread-1] INFO  server.RaftServerConfigKeys (ConfUtils.java:logGet(46)) - raft.server.log.unsafe-flush.enabled = false (default)
2022-05-26 01:43:32,916 [pool-239-thread-1] INFO  server.RaftServerConfigKeys (ConfUtils.java:logGet(46)) - raft.server.log.statemachine.data.caching.enabled = true (custom)
2022-05-26 01:43:32,917 [pool-239-thread-1] INFO  segmented.SegmentedRaftLogWorker (SegmentedRaftLogWorker.java:lambda$new$0(135)) - 3cfd4efa-525d-4031-ba34-e431fc16acab@group-B90CD273FB99-SegmentedRaftLogWorker: flushIndex: setUnconditionally 0 -> -1
2022-05-26 01:43:32,917 [pool-239-thread-1] INFO  segmented.SegmentedRaftLogWorker (SegmentedRaftLogWorker.java:lambda$new$0(135)) - 3cfd4efa-525d-4031-ba34-e431fc16acab@group-B90CD273FB99-SegmentedRaftLogWorker: safeCacheEvictIndex: setUnconditionally 0 -> -1
2022-05-26 01:43:32,924 [pool-239-thread-1] INFO  server.RaftServerConfigKeys (ConfUtils.java:logGet(46)) - raft.server.snapshot.auto.trigger.enabled = true (custom)
2022-05-26 01:43:32,924 [pool-239-thread-1] INFO  server.RaftServerConfigKeys (ConfUtils.java:logGet(46)) - raft.server.snapshot.auto.trigger.threshold = 10000 (custom)
2022-05-26 01:43:32,924 [pool-239-thread-1] INFO  server.RaftServerConfigKeys (ConfUtils.java:logGet(46)) - raft.server.snapshot.retention.file.num = 5 (custom)
2022-05-26 01:43:32,924 [pool-239-thread-1] INFO  server.RaftServerConfigKeys (ConfUtils.java:logGet(46)) - raft.server.log.purge.upto.snapshot.index = false (default)
2022-05-26 01:43:32,925 [pool-239-thread-1] INFO  server.RaftServerConfigKeys (ConfUtils.java:logGet(46)) - raft.server.retrycache.expirytime = 600000ms (custom)
2022-05-26 01:43:32,926 [pool-239-thread-1] INFO  server.RaftServerConfigKeys (ConfUtils.java:logGet(46)) - raft.server.retrycache.statistics.expirytime = 100μs (default)
2022-05-26 01:43:32,927 [pool-239-thread-1] INFO  server.RaftServerConfigKeys (ConfUtils.java:logGet(46)) - raft.server.log.appender.install.snapshot.enabled = false (custom)
2022-05-26 01:43:32,927 [pool-239-thread-1] INFO  server.RaftServerConfigKeys (ConfUtils.java:logGet(46)) - raft.server.threadpool.server.cached = true (default)
2022-05-26 01:43:32,927 [pool-239-thread-1] INFO  server.RaftServerConfigKeys (ConfUtils.java:logGet(46)) - raft.server.threadpool.server.size = 0 (default)
2022-05-26 01:43:32,927 [pool-239-thread-1] INFO  server.RaftServerConfigKeys (ConfUtils.java:logGet(46)) - raft.server.threadpool.client.cached = true (default)
2022-05-26 01:43:32,927 [pool-239-thread-1] INFO  server.RaftServerConfigKeys (ConfUtils.java:logGet(46)) - raft.server.threadpool.client.size = 0 (default)
2022-05-26 01:43:32,927 [pool-239-thread-1] INFO  server.RaftServer$Division (RaftServerImpl.java:start(310)) - 3cfd4efa-525d-4031-ba34-e431fc16acab@group-B90CD273FB99: start as a follower, conf=-1: [9c641009-44c6-4a21-abd0-bbce9bac0b79|rpc:10.1.0.18:44279|dataStream:|priority:0, 3cfd4efa-525d-4031-ba34-e431fc16acab|rpc:10.1.0.18:33167|dataStream:|priority:1, fc639477-34ee-4b00-ba9b-fbda3f43aca6|rpc:10.1.0.18:44411|dataStream:|priority:0], old=null
2022-05-26 01:43:32,927 [pool-239-thread-1] INFO  server.RaftServer$Division (RaftServerImpl.java:setRole(299)) - 3cfd4efa-525d-4031-ba34-e431fc16acab@group-B90CD273FB99: changes role from      null to FOLLOWER at term 0 for startAsFollower
2022-05-26 01:43:32,927 [pool-239-thread-1] INFO  impl.RoleInfo (RoleInfo.java:updateAndGet(139)) - 3cfd4efa-525d-4031-ba34-e431fc16acab: start 3cfd4efa-525d-4031-ba34-e431fc16acab@group-B90CD273FB99-FollowerState
2022-05-26 01:43:32,928 [pool-239-thread-1] INFO  util.JmxRegister (JmxRegister.java:tryRegister(44)) - Successfully registered JMX Bean with object name Ratis:service=RaftServer,group=group-B90CD273FB99,id=3cfd4efa-525d-4031-ba34-e431fc16acab
2022-05-26 01:43:32,957 [Command processor thread] INFO  commandhandler.CreatePipelineCommandHandler (CreatePipelineCommandHandler.java:handle(113)) - Created Pipeline RATIS THREE PipelineID=5d7e6bc3-787b-4742-9e30-b90cd273fb99.
2022-05-26 01:43:33,249 [Command processor thread] INFO  server.RaftServer (RaftServerProxy.java:addNew(96)) - fc639477-34ee-4b00-ba9b-fbda3f43aca6: addNew group-2B02D7554F37:[fc639477-34ee-4b00-ba9b-fbda3f43aca6|rpc:10.1.0.18:44411|priority:1] returns group-2B02D7554F37:java.util.concurrent.CompletableFuture@31f01237[Not completed]
2022-05-26 01:43:33,250 [pool-217-thread-1] INFO  server.RaftServer$Division (RaftServerImpl.java:<init>(190)) - fc639477-34ee-4b00-ba9b-fbda3f43aca6: new RaftServerImpl for group-2B02D7554F37:[fc639477-34ee-4b00-ba9b-fbda3f43aca6|rpc:10.1.0.18:44411|priority:1] with ContainerStateMachine:uninitialized
2022-05-26 01:43:33,250 [pool-217-thread-1] INFO  server.RaftServerConfigKeys (ConfUtils.java:logGet(46)) - raft.server.rpc.timeout.min = 5s (custom)
2022-05-26 01:43:33,250 [pool-217-thread-1] INFO  server.RaftServerConfigKeys (ConfUtils.java:logGet(46)) - raft.server.rpc.timeout.max = 5200ms (custom)
2022-05-26 01:43:33,250 [pool-217-thread-1] INFO  server.RaftServerConfigKeys (ConfUtils.java:logGet(46)) - raft.server.rpc.sleep.time = 25ms (default)
2022-05-26 01:43:33,250 [pool-217-thread-1] INFO  server.RaftServerConfigKeys (ConfUtils.java:logGet(46)) - raft.server.rpc.slowness.timeout = 300s (custom)
2022-05-26 01:43:33,250 [pool-217-thread-1] INFO  server.RaftServerConfigKeys (ConfUtils.java:logGet(46)) - raft.server.leaderelection.leader.step-down.wait-time = 10s (default)
2022-05-26 01:43:33,250 [pool-217-thread-1] INFO  server.RaftServerConfigKeys (ConfUtils.java:logGet(46)) - raft.server.sleep.deviation.threshold = 300ms (default)
2022-05-26 01:43:33,250 [pool-217-thread-1] INFO  server.RaftServer$Division (ServerState.java:<init>(107)) - fc639477-34ee-4b00-ba9b-fbda3f43aca6@group-2B02D7554F37: ConfigurationManager, init=-1: [fc639477-34ee-4b00-ba9b-fbda3f43aca6|rpc:10.1.0.18:44411|priority:1], old=null, confs=<EMPTY_MAP>
2022-05-26 01:43:33,250 [pool-217-thread-1] INFO  server.RaftServerConfigKeys (ConfUtils.java:logGet(46)) - raft.server.storage.dir = [/home/runner/work/ozone/ozone/hadoop-ozone/integration-test/target/test-dir/MiniOzoneClusterImpl-2009ca84-e690-4f0e-80a4-64cb463c0d34/datanode-1/data/ratis] (custom)
2022-05-26 01:43:33,251 [pool-217-thread-1] INFO  server.RaftServerConfigKeys (ConfUtils.java:logGet(46)) - raft.server.log.corruption.policy = EXCEPTION (default)
2022-05-26 01:43:33,251 [pool-217-thread-1] INFO  server.RaftServerConfigKeys (ConfUtils.java:logGet(46)) - raft.server.storage.free-space.min = 0MB (=0) (default)
2022-05-26 01:43:33,251 [pool-217-thread-1] INFO  storage.RaftStorageDirectory (RaftStorageDirectoryImpl.java:analyzeStorage(135)) - The storage directory /home/runner/work/ozone/ozone/hadoop-ozone/integration-test/target/test-dir/MiniOzoneClusterImpl-2009ca84-e690-4f0e-80a4-64cb463c0d34/datanode-1/data/ratis/5b7afd95-310a-4ef2-b568-2b02d7554f37 does not exist. Creating ...
2022-05-26 01:43:33,254 [pool-217-thread-1] INFO  storage.RaftStorageDirectory (RaftStorageDirectoryImpl.java:tryLock(230)) - Lock on /home/runner/work/ozone/ozone/hadoop-ozone/integration-test/target/test-dir/MiniOzoneClusterImpl-2009ca84-e690-4f0e-80a4-64cb463c0d34/datanode-1/data/ratis/5b7afd95-310a-4ef2-b568-2b02d7554f37/in_use.lock acquired by nodename 11847@fv-az270-854
2022-05-26 01:43:33,256 [pool-217-thread-1] INFO  storage.RaftStorage (RaftStorageImpl.java:format(89)) - Storage directory /home/runner/work/ozone/ozone/hadoop-ozone/integration-test/target/test-dir/MiniOzoneClusterImpl-2009ca84-e690-4f0e-80a4-64cb463c0d34/datanode-1/data/ratis/5b7afd95-310a-4ef2-b568-2b02d7554f37 has been successfully formatted.
2022-05-26 01:43:33,256 [pool-217-thread-1] INFO  ratis.ContainerStateMachine (ContainerStateMachine.java:loadSnapshot(236)) - group-2B02D7554F37: The snapshot info is null. Setting the last applied indexto:(t:0, i:~)
2022-05-26 01:43:33,256 [pool-217-thread-1] INFO  server.RaftServerConfigKeys (ConfUtils.java:logGet(46)) - raft.server.notification.no-leader.timeout = 300s (custom)
2022-05-26 01:43:33,256 [pool-217-thread-1] INFO  server.RaftServerConfigKeys (ConfUtils.java:logGet(46)) - raft.server.log.use.memory = false (default)
2022-05-26 01:43:33,256 [pool-217-thread-1] INFO  server.RaftServerConfigKeys (ConfUtils.java:logGet(46)) - raft.server.log.purge.gap = 1000000 (custom)
2022-05-26 01:43:33,256 [pool-217-thread-1] INFO  server.RaftServerConfigKeys (ConfUtils.java:logGet(46)) - raft.server.log.appender.buffer.byte-limit = 33554432 (custom)
2022-05-26 01:43:33,256 [pool-217-thread-1] INFO  server.RaftServerConfigKeys (ConfUtils.java:logGet(46)) - raft.server.log.statemachine.data.read.timeout = 1000ms (default)
2022-05-26 01:43:33,256 [pool-217-thread-1] INFO  server.RaftServerConfigKeys (ConfUtils.java:logGet(46)) - raft.server.log.segment.size.max = 1048576 (custom)
2022-05-26 01:43:33,257 [pool-217-thread-1] INFO  server.RaftServerConfigKeys (ConfUtils.java:logGet(46)) - raft.server.log.segment.cache.num.max = 2 (custom)
2022-05-26 01:43:33,257 [pool-217-thread-1] INFO  server.RaftServerConfigKeys (ConfUtils.java:logGet(46)) - raft.server.log.segment.cache.size.max = 200MB (=209715200) (default)
2022-05-26 01:43:33,257 [pool-217-thread-1] INFO  segmented.SegmentedRaftLogWorker (SegmentedRaftLogWorker.java:<init>(187)) - new fc639477-34ee-4b00-ba9b-fbda3f43aca6@group-2B02D7554F37-SegmentedRaftLogWorker for RaftStorageImpl:Storage Directory /home/runner/work/ozone/ozone/hadoop-ozone/integration-test/target/test-dir/MiniOzoneClusterImpl-2009ca84-e690-4f0e-80a4-64cb463c0d34/datanode-1/data/ratis/5b7afd95-310a-4ef2-b568-2b02d7554f37
2022-05-26 01:43:33,257 [pool-217-thread-1] INFO  server.RaftServerConfigKeys (ConfUtils.java:logGet(46)) - raft.server.log.queue.byte-limit = 4294967296 (custom)
2022-05-26 01:43:33,257 [pool-217-thread-1] INFO  server.RaftServerConfigKeys (ConfUtils.java:logGet(46)) - raft.server.log.queue.element-limit = 1024 (custom)
2022-05-26 01:43:33,257 [pool-217-thread-1] INFO  server.RaftServerConfigKeys (ConfUtils.java:logGet(46)) - raft.server.log.segment.size.max = 1048576 (custom)
2022-05-26 01:43:33,257 [pool-217-thread-1] INFO  server.RaftServerConfigKeys (ConfUtils.java:logGet(46)) - raft.server.log.preallocated.size = 16384 (custom)
2022-05-26 01:43:33,257 [pool-217-thread-1] INFO  server.RaftServerConfigKeys (ConfUtils.java:logGet(46)) - raft.server.log.force.sync.num = 128 (default)
2022-05-26 01:43:33,257 [pool-217-thread-1] INFO  server.RaftServerConfigKeys (ConfUtils.java:logGet(46)) - raft.server.log.statemachine.data.sync = true (default)
2022-05-26 01:43:33,257 [pool-217-thread-1] INFO  server.RaftServerConfigKeys (ConfUtils.java:logGet(46)) - raft.server.log.statemachine.data.sync.timeout = 10s (default)
2022-05-26 01:43:33,257 [pool-217-thread-1] INFO  server.RaftServerConfigKeys (ConfUtils.java:logGet(46)) - raft.server.log.statemachine.data.sync.timeout.retry = -1 (default)
2022-05-26 01:43:33,259 [EventQueue-PipelineReportForPipelineReportHandler] INFO  pipeline.PipelineManagerImpl (PipelineManagerImpl.java:openPipeline(336)) - Pipeline Pipeline[ Id: 5b7afd95-310a-4ef2-b568-2b02d7554f37, Nodes: fc639477-34ee-4b00-ba9b-fbda3f43aca6{ip: 10.1.0.18, host: fv-az270-854.tacnzluakwdehk1hpragurqkma.bx.internal.cloudapp.net, ports: [REPLICATION=43679, RATIS=44411, RATIS_ADMIN=44411, RATIS_SERVER=44411, STANDALONE=36169], networkLocation: /default-rack, certSerialId: null, persistedOpState: IN_SERVICE, persistedOpStateExpiryEpochSec: 0}, ReplicationConfig: RATIS/ONE, State:ALLOCATED, leaderId:fc639477-34ee-4b00-ba9b-fbda3f43aca6, CreationTimestamp2022-05-26T01:43:30.258Z[Etc/UTC]] moved to OPEN state
2022-05-26 01:43:33,260 [EventQueue-OpenPipelineForHealthyPipelineSafeModeRule] INFO  safemode.SCMSafeModeManager (HealthyPipelineSafeModeRule.java:process(124)) - SCM in safe mode. Healthy pipelines reported count is 0, required healthy pipeline reported count is 1
2022-05-26 01:43:33,263 [pool-217-thread-1] INFO  server.RaftServerConfigKeys (ConfUtils.java:logGet(46)) - raft.server.log.write.buffer.size = 1048576 (custom)
2022-05-26 01:43:33,265 [pool-217-thread-1] INFO  server.RaftServerConfigKeys (ConfUtils.java:logGet(46)) - raft.server.log.unsafe-flush.enabled = false (default)
2022-05-26 01:43:33,265 [pool-217-thread-1] INFO  server.RaftServerConfigKeys (ConfUtils.java:logGet(46)) - raft.server.log.statemachine.data.caching.enabled = true (custom)
2022-05-26 01:43:33,265 [pool-217-thread-1] INFO  segmented.SegmentedRaftLogWorker (SegmentedRaftLogWorker.java:lambda$new$0(135)) - fc639477-34ee-4b00-ba9b-fbda3f43aca6@group-2B02D7554F37-SegmentedRaftLogWorker: flushIndex: setUnconditionally 0 -> -1
2022-05-26 01:43:33,265 [pool-217-thread-1] INFO  segmented.SegmentedRaftLogWorker (SegmentedRaftLogWorker.java:lambda$new$0(135)) - fc639477-34ee-4b00-ba9b-fbda3f43aca6@group-2B02D7554F37-SegmentedRaftLogWorker: safeCacheEvictIndex: setUnconditionally 0 -> -1
2022-05-26 01:43:33,266 [pool-217-thread-1] INFO  server.RaftServerConfigKeys (ConfUtils.java:logGet(46)) - raft.server.snapshot.auto.trigger.enabled = true (custom)
2022-05-26 01:43:33,266 [pool-217-thread-1] INFO  server.RaftServerConfigKeys (ConfUtils.java:logGet(46)) - raft.server.snapshot.auto.trigger.threshold = 10000 (custom)
2022-05-26 01:43:33,266 [pool-217-thread-1] INFO  server.RaftServerConfigKeys (ConfUtils.java:logGet(46)) - raft.server.snapshot.retention.file.num = 5 (custom)
2022-05-26 01:43:33,266 [pool-217-thread-1] INFO  server.RaftServerConfigKeys (ConfUtils.java:logGet(46)) - raft.server.log.purge.upto.snapshot.index = false (default)
2022-05-26 01:43:33,266 [pool-217-thread-1] INFO  server.RaftServerConfigKeys (ConfUtils.java:logGet(46)) - raft.server.retrycache.expirytime = 600000ms (custom)
2022-05-26 01:43:33,266 [pool-217-thread-1] INFO  server.RaftServerConfigKeys (ConfUtils.java:logGet(46)) - raft.server.retrycache.statistics.expirytime = 100μs (default)
2022-05-26 01:43:33,267 [pool-217-thread-1] INFO  server.RaftServerConfigKeys (ConfUtils.java:logGet(46)) - raft.server.log.appender.install.snapshot.enabled = false (custom)
2022-05-26 01:43:33,267 [pool-217-thread-1] INFO  server.RaftServerConfigKeys (ConfUtils.java:logGet(46)) - raft.server.threadpool.server.cached = true (default)
2022-05-26 01:43:33,267 [pool-217-thread-1] INFO  server.RaftServerConfigKeys (ConfUtils.java:logGet(46)) - raft.server.threadpool.server.size = 0 (default)
2022-05-26 01:43:33,267 [pool-217-thread-1] INFO  server.RaftServerConfigKeys (ConfUtils.java:logGet(46)) - raft.server.threadpool.client.cached = true (default)
2022-05-26 01:43:33,267 [pool-217-thread-1] INFO  server.RaftServerConfigKeys (ConfUtils.java:logGet(46)) - raft.server.threadpool.client.size = 0 (default)
2022-05-26 01:43:33,267 [pool-217-thread-1] INFO  server.RaftServer$Division (RaftServerImpl.java:start(310)) - fc639477-34ee-4b00-ba9b-fbda3f43aca6@group-2B02D7554F37: start as a follower, conf=-1: [fc639477-34ee-4b00-ba9b-fbda3f43aca6|rpc:10.1.0.18:44411|priority:1], old=null
2022-05-26 01:43:33,267 [pool-217-thread-1] INFO  server.RaftServer$Division (RaftServerImpl.java:setRole(299)) - fc639477-34ee-4b00-ba9b-fbda3f43aca6@group-2B02D7554F37: changes role from      null to FOLLOWER at term 0 for startAsFollower
2022-05-26 01:43:33,267 [pool-217-thread-1] INFO  impl.RoleInfo (RoleInfo.java:updateAndGet(139)) - fc639477-34ee-4b00-ba9b-fbda3f43aca6: start fc639477-34ee-4b00-ba9b-fbda3f43aca6@group-2B02D7554F37-FollowerState
2022-05-26 01:43:33,277 [pool-217-thread-1] INFO  util.JmxRegister (JmxRegister.java:tryRegister(44)) - Successfully registered JMX Bean with object name Ratis:service=RaftServer,group=group-2B02D7554F37,id=fc639477-34ee-4b00-ba9b-fbda3f43aca6
2022-05-26 01:43:33,284 [Command processor thread] INFO  ratis.XceiverServerRatis (XceiverServerRatis.java:addGroup(765)) - Created group PipelineID=5b7afd95-310a-4ef2-b568-2b02d7554f37
2022-05-26 01:43:33,284 [Command processor thread] INFO  commandhandler.CreatePipelineCommandHandler (CreatePipelineCommandHandler.java:handle(113)) - Created Pipeline RATIS ONE PipelineID=5b7afd95-310a-4ef2-b568-2b02d7554f37.
2022-05-26 01:43:33,862 [Listener at 127.0.0.1/38663] INFO  ozone.MiniOzoneClusterImpl (MiniOzoneClusterImpl.java:lambda$waitForClusterToBeReady$0(221)) - Nodes are ready. Got 3 of 3 DN Heartbeats.
2022-05-26 01:43:33,862 [Listener at 127.0.0.1/38663] INFO  ozone.MiniOzoneClusterImpl (MiniOzoneClusterImpl.java:lambda$waitForClusterToBeReady$0(224)) - Waiting for cluster to exit safe mode
2022-05-26 01:43:33,862 [Listener at 127.0.0.1/38663] INFO  ozone.MiniOzoneClusterImpl (MiniOzoneClusterImpl.java:lambda$waitForClusterToBeReady$0(226)) - SCM became leader
2022-05-26 01:43:33,892 [Command processor thread] INFO  server.RaftServer (RaftServerProxy.java:addNew(96)) - 3cfd4efa-525d-4031-ba34-e431fc16acab: addNew group-EAF3832F7A55:[3cfd4efa-525d-4031-ba34-e431fc16acab|rpc:10.1.0.18:33167|priority:1] returns group-EAF3832F7A55:java.util.concurrent.CompletableFuture@1f224afb[Not completed]
2022-05-26 01:43:33,894 [pool-239-thread-1] INFO  server.RaftServer$Division (RaftServerImpl.java:<init>(190)) - 3cfd4efa-525d-4031-ba34-e431fc16acab: new RaftServerImpl for group-EAF3832F7A55:[3cfd4efa-525d-4031-ba34-e431fc16acab|rpc:10.1.0.18:33167|priority:1] with ContainerStateMachine:uninitialized
2022-05-26 01:43:33,894 [pool-239-thread-1] INFO  server.RaftServerConfigKeys (ConfUtils.java:logGet(46)) - raft.server.rpc.timeout.min = 5s (custom)
2022-05-26 01:43:33,894 [pool-239-thread-1] INFO  server.RaftServerConfigKeys (ConfUtils.java:logGet(46)) - raft.server.rpc.timeout.max = 5200ms (custom)
2022-05-26 01:43:33,894 [pool-239-thread-1] INFO  server.RaftServerConfigKeys (ConfUtils.java:logGet(46)) - raft.server.rpc.sleep.time = 25ms (default)
2022-05-26 01:43:33,894 [pool-239-thread-1] INFO  server.RaftServerConfigKeys (ConfUtils.java:logGet(46)) - raft.server.rpc.slowness.timeout = 300s (custom)
2022-05-26 01:43:33,894 [pool-239-thread-1] INFO  server.RaftServerConfigKeys (ConfUtils.java:logGet(46)) - raft.server.leaderelection.leader.step-down.wait-time = 10s (default)
2022-05-26 01:43:33,894 [pool-239-thread-1] INFO  server.RaftServerConfigKeys (ConfUtils.java:logGet(46)) - raft.server.sleep.deviation.threshold = 300ms (default)
2022-05-26 01:43:33,894 [pool-239-thread-1] INFO  server.RaftServer$Division (ServerState.java:<init>(107)) - 3cfd4efa-525d-4031-ba34-e431fc16acab@group-EAF3832F7A55: ConfigurationManager, init=-1: [3cfd4efa-525d-4031-ba34-e431fc16acab|rpc:10.1.0.18:33167|priority:1], old=null, confs=<EMPTY_MAP>
2022-05-26 01:43:33,894 [pool-239-thread-1] INFO  server.RaftServerConfigKeys (ConfUtils.java:logGet(46)) - raft.server.storage.dir = [/home/runner/work/ozone/ozone/hadoop-ozone/integration-test/target/test-dir/MiniOzoneClusterImpl-2009ca84-e690-4f0e-80a4-64cb463c0d34/datanode-2/data/ratis] (custom)
2022-05-26 01:43:33,894 [pool-239-thread-1] INFO  server.RaftServerConfigKeys (ConfUtils.java:logGet(46)) - raft.server.log.corruption.policy = EXCEPTION (default)
2022-05-26 01:43:33,894 [pool-239-thread-1] INFO  server.RaftServerConfigKeys (ConfUtils.java:logGet(46)) - raft.server.storage.free-space.min = 0MB (=0) (default)
2022-05-26 01:43:33,895 [pool-239-thread-1] INFO  storage.RaftStorageDirectory (RaftStorageDirectoryImpl.java:analyzeStorage(135)) - The storage directory /home/runner/work/ozone/ozone/hadoop-ozone/integration-test/target/test-dir/MiniOzoneClusterImpl-2009ca84-e690-4f0e-80a4-64cb463c0d34/datanode-2/data/ratis/2287a637-63eb-4e62-9966-eaf3832f7a55 does not exist. Creating ...
2022-05-26 01:43:33,896 [pool-239-thread-1] INFO  storage.RaftStorageDirectory (RaftStorageDirectoryImpl.java:tryLock(230)) - Lock on /home/runner/work/ozone/ozone/hadoop-ozone/integration-test/target/test-dir/MiniOzoneClusterImpl-2009ca84-e690-4f0e-80a4-64cb463c0d34/datanode-2/data/ratis/2287a637-63eb-4e62-9966-eaf3832f7a55/in_use.lock acquired by nodename 11847@fv-az270-854
2022-05-26 01:43:33,899 [pool-239-thread-1] INFO  storage.RaftStorage (RaftStorageImpl.java:format(89)) - Storage directory /home/runner/work/ozone/ozone/hadoop-ozone/integration-test/target/test-dir/MiniOzoneClusterImpl-2009ca84-e690-4f0e-80a4-64cb463c0d34/datanode-2/data/ratis/2287a637-63eb-4e62-9966-eaf3832f7a55 has been successfully formatted.
2022-05-26 01:43:33,899 [pool-239-thread-1] INFO  ratis.ContainerStateMachine (ContainerStateMachine.java:loadSnapshot(236)) - group-EAF3832F7A55: The snapshot info is null. Setting the last applied indexto:(t:0, i:~)
2022-05-26 01:43:33,903 [EventQueue-PipelineReportForPipelineReportHandler] INFO  pipeline.PipelineManagerImpl (PipelineManagerImpl.java:openPipeline(336)) - Pipeline Pipeline[ Id: 2287a637-63eb-4e62-9966-eaf3832f7a55, Nodes: 3cfd4efa-525d-4031-ba34-e431fc16acab{ip: 10.1.0.18, host: fv-az270-854.tacnzluakwdehk1hpragurqkma.bx.internal.cloudapp.net, ports: [REPLICATION=45941, RATIS=33167, RATIS_ADMIN=33167, RATIS_SERVER=33167, STANDALONE=38469], networkLocation: /default-rack, certSerialId: null, persistedOpState: IN_SERVICE, persistedOpStateExpiryEpochSec: 0}, ReplicationConfig: RATIS/ONE, State:ALLOCATED, leaderId:3cfd4efa-525d-4031-ba34-e431fc16acab, CreationTimestamp2022-05-26T01:43:30.896Z[Etc/UTC]] moved to OPEN state
2022-05-26 01:43:33,904 [EventQueue-OpenPipelineForHealthyPipelineSafeModeRule] INFO  safemode.SCMSafeModeManager (HealthyPipelineSafeModeRule.java:process(124)) - SCM in safe mode. Healthy pipelines reported count is 0, required healthy pipeline reported count is 1
2022-05-26 01:43:33,907 [pool-239-thread-1] INFO  server.RaftServerConfigKeys (ConfUtils.java:logGet(46)) - raft.server.notification.no-leader.timeout = 300s (custom)
2022-05-26 01:43:33,908 [pool-239-thread-1] INFO  server.RaftServerConfigKeys (ConfUtils.java:logGet(46)) - raft.server.log.use.memory = false (default)
2022-05-26 01:43:33,908 [pool-239-thread-1] INFO  server.RaftServerConfigKeys (ConfUtils.java:logGet(46)) - raft.server.log.purge.gap = 1000000 (custom)
2022-05-26 01:43:33,908 [pool-239-thread-1] INFO  server.RaftServerConfigKeys (ConfUtils.java:logGet(46)) - raft.server.log.appender.buffer.byte-limit = 33554432 (custom)
2022-05-26 01:43:33,908 [pool-239-thread-1] INFO  server.RaftServerConfigKeys (ConfUtils.java:logGet(46)) - raft.server.log.statemachine.data.read.timeout = 1000ms (default)
2022-05-26 01:43:33,909 [pool-239-thread-1] INFO  server.RaftServerConfigKeys (ConfUtils.java:logGet(46)) - raft.server.log.segment.size.max = 1048576 (custom)
2022-05-26 01:43:33,909 [pool-239-thread-1] INFO  server.RaftServerConfigKeys (ConfUtils.java:logGet(46)) - raft.server.log.segment.cache.num.max = 2 (custom)
2022-05-26 01:43:33,909 [pool-239-thread-1] INFO  server.RaftServerConfigKeys (ConfUtils.java:logGet(46)) - raft.server.log.segment.cache.size.max = 200MB (=209715200) (default)
2022-05-26 01:43:33,909 [pool-239-thread-1] INFO  segmented.SegmentedRaftLogWorker (SegmentedRaftLogWorker.java:<init>(187)) - new 3cfd4efa-525d-4031-ba34-e431fc16acab@group-EAF3832F7A55-SegmentedRaftLogWorker for RaftStorageImpl:Storage Directory /home/runner/work/ozone/ozone/hadoop-ozone/integration-test/target/test-dir/MiniOzoneClusterImpl-2009ca84-e690-4f0e-80a4-64cb463c0d34/datanode-2/data/ratis/2287a637-63eb-4e62-9966-eaf3832f7a55
2022-05-26 01:43:33,910 [pool-239-thread-1] INFO  server.RaftServerConfigKeys (ConfUtils.java:logGet(46)) - raft.server.log.queue.byte-limit = 4294967296 (custom)
2022-05-26 01:43:33,910 [pool-239-thread-1] INFO  server.RaftServerConfigKeys (ConfUtils.java:logGet(46)) - raft.server.log.queue.element-limit = 1024 (custom)
2022-05-26 01:43:33,910 [pool-239-thread-1] INFO  server.RaftServerConfigKeys (ConfUtils.java:logGet(46)) - raft.server.log.segment.size.max = 1048576 (custom)
2022-05-26 01:43:33,910 [pool-239-thread-1] INFO  server.RaftServerConfigKeys (ConfUtils.java:logGet(46)) - raft.server.log.preallocated.size = 16384 (custom)
2022-05-26 01:43:33,910 [pool-239-thread-1] INFO  server.RaftServerConfigKeys (ConfUtils.java:logGet(46)) - raft.server.log.force.sync.num = 128 (default)
2022-05-26 01:43:33,910 [pool-239-thread-1] INFO  server.RaftServerConfigKeys (ConfUtils.java:logGet(46)) - raft.server.log.statemachine.data.sync = true (default)
2022-05-26 01:43:33,910 [pool-239-thread-1] INFO  server.RaftServerConfigKeys (ConfUtils.java:logGet(46)) - raft.server.log.statemachine.data.sync.timeout = 10s (default)
2022-05-26 01:43:33,910 [pool-239-thread-1] INFO  server.RaftServerConfigKeys (ConfUtils.java:logGet(46)) - raft.server.log.statemachine.data.sync.timeout.retry = -1 (default)
2022-05-26 01:43:33,911 [pool-239-thread-1] INFO  server.RaftServerConfigKeys (ConfUtils.java:logGet(46)) - raft.server.log.write.buffer.size = 1048576 (custom)
2022-05-26 01:43:33,911 [pool-239-thread-1] INFO  server.RaftServerConfigKeys (ConfUtils.java:logGet(46)) - raft.server.log.unsafe-flush.enabled = false (default)
2022-05-26 01:43:33,911 [pool-239-thread-1] INFO  server.RaftServerConfigKeys (ConfUtils.java:logGet(46)) - raft.server.log.statemachine.data.caching.enabled = true (custom)
2022-05-26 01:43:33,912 [pool-239-thread-1] INFO  segmented.SegmentedRaftLogWorker (SegmentedRaftLogWorker.java:lambda$new$0(135)) - 3cfd4efa-525d-4031-ba34-e431fc16acab@group-EAF3832F7A55-SegmentedRaftLogWorker: flushIndex: setUnconditionally 0 -> -1
2022-05-26 01:43:33,912 [pool-239-thread-1] INFO  segmented.SegmentedRaftLogWorker (SegmentedRaftLogWorker.java:lambda$new$0(135)) - 3cfd4efa-525d-4031-ba34-e431fc16acab@group-EAF3832F7A55-SegmentedRaftLogWorker: safeCacheEvictIndex: setUnconditionally 0 -> -1
2022-05-26 01:43:33,912 [pool-239-thread-1] INFO  server.RaftServerConfigKeys (ConfUtils.java:logGet(46)) - raft.server.snapshot.auto.trigger.enabled = true (custom)
2022-05-26 01:43:33,912 [pool-239-thread-1] INFO  server.RaftServerConfigKeys (ConfUtils.java:logGet(46)) - raft.server.snapshot.auto.trigger.threshold = 10000 (custom)
2022-05-26 01:43:33,912 [pool-239-thread-1] INFO  server.RaftServerConfigKeys (ConfUtils.java:logGet(46)) - raft.server.snapshot.retention.file.num = 5 (custom)
2022-05-26 01:43:33,912 [pool-239-thread-1] INFO  server.RaftServerConfigKeys (ConfUtils.java:logGet(46)) - raft.server.log.purge.upto.snapshot.index = false (default)
2022-05-26 01:43:33,912 [pool-239-thread-1] INFO  server.RaftServerConfigKeys (ConfUtils.java:logGet(46)) - raft.server.retrycache.expirytime = 600000ms (custom)
2022-05-26 01:43:33,912 [pool-239-thread-1] INFO  server.RaftServerConfigKeys (ConfUtils.java:logGet(46)) - raft.server.retrycache.statistics.expirytime = 100μs (default)
2022-05-26 01:43:33,913 [pool-239-thread-1] INFO  server.RaftServerConfigKeys (ConfUtils.java:logGet(46)) - raft.server.log.appender.install.snapshot.enabled = false (custom)
2022-05-26 01:43:33,913 [pool-239-thread-1] INFO  server.RaftServerConfigKeys (ConfUtils.java:logGet(46)) - raft.server.threadpool.server.cached = true (default)
2022-05-26 01:43:33,913 [pool-239-thread-1] INFO  server.RaftServerConfigKeys (ConfUtils.java:logGet(46)) - raft.server.threadpool.server.size = 0 (default)
2022-05-26 01:43:33,913 [pool-239-thread-1] INFO  server.RaftServerConfigKeys (ConfUtils.java:logGet(46)) - raft.server.threadpool.client.cached = true (default)
2022-05-26 01:43:33,913 [pool-239-thread-1] INFO  server.RaftServerConfigKeys (ConfUtils.java:logGet(46)) - raft.server.threadpool.client.size = 0 (default)
2022-05-26 01:43:33,913 [pool-239-thread-1] INFO  server.RaftServer$Division (RaftServerImpl.java:start(310)) - 3cfd4efa-525d-4031-ba34-e431fc16acab@group-EAF3832F7A55: start as a follower, conf=-1: [3cfd4efa-525d-4031-ba34-e431fc16acab|rpc:10.1.0.18:33167|priority:1], old=null
2022-05-26 01:43:33,913 [pool-239-thread-1] INFO  server.RaftServer$Division (RaftServerImpl.java:setRole(299)) - 3cfd4efa-525d-4031-ba34-e431fc16acab@group-EAF3832F7A55: changes role from      null to FOLLOWER at term 0 for startAsFollower
2022-05-26 01:43:33,914 [pool-239-thread-1] INFO  impl.RoleInfo (RoleInfo.java:updateAndGet(139)) - 3cfd4efa-525d-4031-ba34-e431fc16acab: start 3cfd4efa-525d-4031-ba34-e431fc16acab@group-EAF3832F7A55-FollowerState
2022-05-26 01:43:33,927 [pool-239-thread-1] INFO  util.JmxRegister (JmxRegister.java:tryRegister(44)) - Successfully registered JMX Bean with object name Ratis:service=RaftServer,group=group-EAF3832F7A55,id=3cfd4efa-525d-4031-ba34-e431fc16acab
2022-05-26 01:43:33,938 [Command processor thread] INFO  ratis.XceiverServerRatis (XceiverServerRatis.java:addGroup(765)) - Created group PipelineID=2287a637-63eb-4e62-9966-eaf3832f7a55
2022-05-26 01:43:33,938 [Command processor thread] INFO  commandhandler.CreatePipelineCommandHandler (CreatePipelineCommandHandler.java:handle(113)) - Created Pipeline RATIS ONE PipelineID=2287a637-63eb-4e62-9966-eaf3832f7a55.
2022-05-26 01:43:34,863 [Listener at 127.0.0.1/38663] INFO  ozone.MiniOzoneClusterImpl (MiniOzoneClusterImpl.java:lambda$waitForClusterToBeReady$0(221)) - Nodes are ready. Got 3 of 3 DN Heartbeats.
2022-05-26 01:43:34,863 [Listener at 127.0.0.1/38663] INFO  ozone.MiniOzoneClusterImpl (MiniOzoneClusterImpl.java:lambda$waitForClusterToBeReady$0(224)) - Waiting for cluster to exit safe mode
2022-05-26 01:43:34,863 [Listener at 127.0.0.1/38663] INFO  ozone.MiniOzoneClusterImpl (MiniOzoneClusterImpl.java:lambda$waitForClusterToBeReady$0(226)) - SCM became leader
2022-05-26 01:43:35,863 [Listener at 127.0.0.1/38663] INFO  ozone.MiniOzoneClusterImpl (MiniOzoneClusterImpl.java:lambda$waitForClusterToBeReady$0(221)) - Nodes are ready. Got 3 of 3 DN Heartbeats.
2022-05-26 01:43:35,864 [Listener at 127.0.0.1/38663] INFO  ozone.MiniOzoneClusterImpl (MiniOzoneClusterImpl.java:lambda$waitForClusterToBeReady$0(224)) - Waiting for cluster to exit safe mode
2022-05-26 01:43:35,864 [Listener at 127.0.0.1/38663] INFO  ozone.MiniOzoneClusterImpl (MiniOzoneClusterImpl.java:lambda$waitForClusterToBeReady$0(226)) - SCM became leader
2022-05-26 01:43:36,864 [Listener at 127.0.0.1/38663] INFO  ozone.MiniOzoneClusterImpl (MiniOzoneClusterImpl.java:lambda$waitForClusterToBeReady$0(221)) - Nodes are ready. Got 3 of 3 DN Heartbeats.
2022-05-26 01:43:36,864 [Listener at 127.0.0.1/38663] INFO  ozone.MiniOzoneClusterImpl (MiniOzoneClusterImpl.java:lambda$waitForClusterToBeReady$0(224)) - Waiting for cluster to exit safe mode
2022-05-26 01:43:36,864 [Listener at 127.0.0.1/38663] INFO  ozone.MiniOzoneClusterImpl (MiniOzoneClusterImpl.java:lambda$waitForClusterToBeReady$0(226)) - SCM became leader
2022-05-26 01:43:37,616 [9c641009-44c6-4a21-abd0-bbce9bac0b79@group-E75CAD294076-FollowerState] INFO  impl.FollowerState (FollowerState.java:run(143)) - 9c641009-44c6-4a21-abd0-bbce9bac0b79@group-E75CAD294076-FollowerState: change to CANDIDATE, lastRpcElapsedTime:5118257429ns, electionTimeout:5117ms
2022-05-26 01:43:37,617 [9c641009-44c6-4a21-abd0-bbce9bac0b79@group-E75CAD294076-FollowerState] INFO  impl.RoleInfo (RoleInfo.java:shutdownFollowerState(110)) - 9c641009-44c6-4a21-abd0-bbce9bac0b79: shutdown 9c641009-44c6-4a21-abd0-bbce9bac0b79@group-E75CAD294076-FollowerState
2022-05-26 01:43:37,617 [9c641009-44c6-4a21-abd0-bbce9bac0b79@group-E75CAD294076-FollowerState] INFO  server.RaftServer$Division (RaftServerImpl.java:setRole(299)) - 9c641009-44c6-4a21-abd0-bbce9bac0b79@group-E75CAD294076: changes role from  FOLLOWER to CANDIDATE at term 0 for changeToCandidate
2022-05-26 01:43:37,617 [9c641009-44c6-4a21-abd0-bbce9bac0b79@group-E75CAD294076-FollowerState] INFO  server.RaftServerConfigKeys (ConfUtils.java:logGet(46)) - raft.server.leaderelection.pre-vote = false (custom)
2022-05-26 01:43:37,617 [9c641009-44c6-4a21-abd0-bbce9bac0b79@group-E75CAD294076-FollowerState] INFO  impl.RoleInfo (RoleInfo.java:updateAndGet(139)) - 9c641009-44c6-4a21-abd0-bbce9bac0b79: start 9c641009-44c6-4a21-abd0-bbce9bac0b79@group-E75CAD294076-LeaderElection11
2022-05-26 01:43:37,634 [9c641009-44c6-4a21-abd0-bbce9bac0b79@group-E75CAD294076-LeaderElection11] INFO  impl.LeaderElection (LeaderElection.java:askForVotes(310)) - 9c641009-44c6-4a21-abd0-bbce9bac0b79@group-E75CAD294076-LeaderElection11 ELECTION round 0: submit vote requests at term 1 for -1: [9c641009-44c6-4a21-abd0-bbce9bac0b79|rpc:10.1.0.18:44279|priority:1], old=null
2022-05-26 01:43:37,634 [9c641009-44c6-4a21-abd0-bbce9bac0b79@group-E75CAD294076-LeaderElection11] INFO  impl.LeaderElection (LeaderElection.java:askForVotes(312)) - 9c641009-44c6-4a21-abd0-bbce9bac0b79@group-E75CAD294076-LeaderElection11 ELECTION round 0: result PASSED (term=1)
2022-05-26 01:43:37,634 [9c641009-44c6-4a21-abd0-bbce9bac0b79@group-E75CAD294076-LeaderElection11] INFO  impl.RoleInfo (RoleInfo.java:shutdownLeaderElection(130)) - 9c641009-44c6-4a21-abd0-bbce9bac0b79: shutdown 9c641009-44c6-4a21-abd0-bbce9bac0b79@group-E75CAD294076-LeaderElection11
2022-05-26 01:43:37,634 [9c641009-44c6-4a21-abd0-bbce9bac0b79@group-E75CAD294076-LeaderElection11] INFO  server.RaftServer$Division (RaftServerImpl.java:setRole(299)) - 9c641009-44c6-4a21-abd0-bbce9bac0b79@group-E75CAD294076: changes role from CANDIDATE to LEADER at term 1 for changeToLeader
2022-05-26 01:43:37,634 [9c641009-44c6-4a21-abd0-bbce9bac0b79@group-E75CAD294076-LeaderElection11] INFO  ratis.XceiverServerRatis (XceiverServerRatis.java:handleLeaderChangedNotification(863)) - Leader change notification received for group: group-E75CAD294076 with new leaderId: 9c641009-44c6-4a21-abd0-bbce9bac0b79
2022-05-26 01:43:37,634 [9c641009-44c6-4a21-abd0-bbce9bac0b79@group-E75CAD294076-LeaderElection11] INFO  server.RaftServer$Division (ServerState.java:setLeader(287)) - 9c641009-44c6-4a21-abd0-bbce9bac0b79@group-E75CAD294076: change Leader from null to 9c641009-44c6-4a21-abd0-bbce9bac0b79 at term 1 for becomeLeader, leader elected after 5157ms
2022-05-26 01:43:37,634 [9c641009-44c6-4a21-abd0-bbce9bac0b79@group-E75CAD294076-LeaderElection11] INFO  server.RaftServerConfigKeys (ConfUtils.java:logGet(46)) - raft.server.staging.catchup.gap = 1000 (default)
2022-05-26 01:43:37,634 [9c641009-44c6-4a21-abd0-bbce9bac0b79@group-E75CAD294076-LeaderElection11] INFO  server.RaftServerConfigKeys (ConfUtils.java:logGet(46)) - raft.server.write.element-limit = 1024 (custom)
2022-05-26 01:43:37,634 [9c641009-44c6-4a21-abd0-bbce9bac0b79@group-E75CAD294076-LeaderElection11] INFO  server.RaftServerConfigKeys (ConfUtils.java:logGet(46)) - raft.server.write.byte-limit = 1024 M (=1073741824) (custom)
2022-05-26 01:43:37,635 [9c641009-44c6-4a21-abd0-bbce9bac0b79@group-E75CAD294076-LeaderElection11] INFO  server.RaftServerConfigKeys (ConfUtils.java:logGet(46)) - raft.server.watch.timeout = 180s (custom)
2022-05-26 01:43:37,635 [9c641009-44c6-4a21-abd0-bbce9bac0b79@group-E75CAD294076-LeaderElection11] INFO  server.RaftServerConfigKeys (ConfUtils.java:logGet(46)) - raft.server.watch.timeout.denomination = 1s (default)
2022-05-26 01:43:37,635 [9c641009-44c6-4a21-abd0-bbce9bac0b79@group-E75CAD294076-LeaderElection11] INFO  server.RaftServerConfigKeys (ConfUtils.java:logGet(46)) - raft.server.watch.element-limit = 65536 (default)
2022-05-26 01:43:37,635 [9c641009-44c6-4a21-abd0-bbce9bac0b79@group-E75CAD294076-LeaderElection11] INFO  server.RaftServerConfigKeys (ConfUtils.java:logGet(46)) - raft.server.write.element-limit = 1024 (custom)
2022-05-26 01:43:37,635 [9c641009-44c6-4a21-abd0-bbce9bac0b79@group-E75CAD294076-LeaderElection11] INFO  server.RaftServerConfigKeys (ConfUtils.java:logGet(46)) - raft.server.write.follower.gap.ratio.max = -1.0 (default)
2022-05-26 01:43:37,635 [9c641009-44c6-4a21-abd0-bbce9bac0b79@group-E75CAD294076-LeaderElection11] INFO  impl.RoleInfo (RoleInfo.java:updateAndGet(139)) - 9c641009-44c6-4a21-abd0-bbce9bac0b79: start 9c641009-44c6-4a21-abd0-bbce9bac0b79@group-E75CAD294076-LeaderStateImpl
2022-05-26 01:43:37,635 [9c641009-44c6-4a21-abd0-bbce9bac0b79@group-E75CAD294076-LeaderElection11] INFO  segmented.SegmentedRaftLogWorker (SegmentedRaftLogWorker.java:startLogSegment(425)) - 9c641009-44c6-4a21-abd0-bbce9bac0b79@group-E75CAD294076-SegmentedRaftLogWorker: Starting segment from index:0
2022-05-26 01:43:37,638 [EventQueue-OpenPipelineForHealthyPipelineSafeModeRule] INFO  safemode.SCMSafeModeManager (HealthyPipelineSafeModeRule.java:process(124)) - SCM in safe mode. Healthy pipelines reported count is 0, required healthy pipeline reported count is 1
2022-05-26 01:43:37,640 [9c641009-44c6-4a21-abd0-bbce9bac0b79@group-E75CAD294076-SegmentedRaftLogWorker] INFO  segmented.SegmentedRaftLogWorker (SegmentedRaftLogWorker.java:execute(629)) - 9c641009-44c6-4a21-abd0-bbce9bac0b79@group-E75CAD294076-SegmentedRaftLogWorker: created new log segment /home/runner/work/ozone/ozone/hadoop-ozone/integration-test/target/test-dir/MiniOzoneClusterImpl-2009ca84-e690-4f0e-80a4-64cb463c0d34/datanode-0/data/ratis/37339128-7b71-470c-8d72-e75cad294076/current/log_inprogress_0
2022-05-26 01:43:37,648 [9c641009-44c6-4a21-abd0-bbce9bac0b79@group-E75CAD294076-LeaderElection11] INFO  server.RaftServer$Division (ServerState.java:setRaftConf(393)) - 9c641009-44c6-4a21-abd0-bbce9bac0b79@group-E75CAD294076: set configuration 0: [9c641009-44c6-4a21-abd0-bbce9bac0b79|rpc:10.1.0.18:44279|dataStream:|priority:1], old=null
2022-05-26 01:43:37,679 [9c641009-44c6-4a21-abd0-bbce9bac0b79@group-FCD92AC9C38F-FollowerState] INFO  impl.FollowerState (FollowerState.java:run(143)) - 9c641009-44c6-4a21-abd0-bbce9bac0b79@group-FCD92AC9C38F-FollowerState: change to CANDIDATE, lastRpcElapsedTime:5142847283ns, electionTimeout:5139ms
2022-05-26 01:43:37,680 [9c641009-44c6-4a21-abd0-bbce9bac0b79@group-FCD92AC9C38F-FollowerState] INFO  impl.RoleInfo (RoleInfo.java:shutdownFollowerState(110)) - 9c641009-44c6-4a21-abd0-bbce9bac0b79: shutdown 9c641009-44c6-4a21-abd0-bbce9bac0b79@group-FCD92AC9C38F-FollowerState
2022-05-26 01:43:37,680 [9c641009-44c6-4a21-abd0-bbce9bac0b79@group-FCD92AC9C38F-FollowerState] INFO  server.RaftServer$Division (RaftServerImpl.java:setRole(299)) - 9c641009-44c6-4a21-abd0-bbce9bac0b79@group-FCD92AC9C38F: changes role from  FOLLOWER to CANDIDATE at term 0 for changeToCandidate
2022-05-26 01:43:37,680 [9c641009-44c6-4a21-abd0-bbce9bac0b79@group-FCD92AC9C38F-FollowerState] INFO  server.RaftServerConfigKeys (ConfUtils.java:logGet(46)) - raft.server.leaderelection.pre-vote = false (custom)
2022-05-26 01:43:37,680 [9c641009-44c6-4a21-abd0-bbce9bac0b79@group-FCD92AC9C38F-FollowerState] INFO  impl.RoleInfo (RoleInfo.java:updateAndGet(139)) - 9c641009-44c6-4a21-abd0-bbce9bac0b79: start 9c641009-44c6-4a21-abd0-bbce9bac0b79@group-FCD92AC9C38F-LeaderElection12
2022-05-26 01:43:37,688 [9c641009-44c6-4a21-abd0-bbce9bac0b79@group-FCD92AC9C38F-LeaderElection12] INFO  impl.LeaderElection (LeaderElection.java:askForVotes(310)) - 9c641009-44c6-4a21-abd0-bbce9bac0b79@group-FCD92AC9C38F-LeaderElection12 ELECTION round 0: submit vote requests at term 1 for -1: [9c641009-44c6-4a21-abd0-bbce9bac0b79|rpc:10.1.0.18:44279|priority:1, 3cfd4efa-525d-4031-ba34-e431fc16acab|rpc:10.1.0.18:33167|priority:0, fc639477-34ee-4b00-ba9b-fbda3f43aca6|rpc:10.1.0.18:44411|priority:0], old=null
2022-05-26 01:43:37,740 [grpc-default-executor-0] INFO  server.RaftServer$Division (RaftServerImpl.java:requestVote(1152)) - fc639477-34ee-4b00-ba9b-fbda3f43aca6@group-FCD92AC9C38F: receive requestVote(ELECTION, 9c641009-44c6-4a21-abd0-bbce9bac0b79, group-FCD92AC9C38F, 1, (t:0, i:0))
2022-05-26 01:43:37,740 [grpc-default-executor-0] INFO  impl.VoteContext (VoteContext.java:log(48)) - fc639477-34ee-4b00-ba9b-fbda3f43aca6@group-FCD92AC9C38F-FOLLOWER: accept ELECTION from 9c641009-44c6-4a21-abd0-bbce9bac0b79: our priority 0 <= candidate's priority 1
2022-05-26 01:43:37,741 [grpc-default-executor-0] INFO  server.RaftServer$Division (RaftServerImpl.java:setRole(299)) - fc639477-34ee-4b00-ba9b-fbda3f43aca6@group-FCD92AC9C38F: changes role from  FOLLOWER to FOLLOWER at term 1 for candidate:9c641009-44c6-4a21-abd0-bbce9bac0b79
2022-05-26 01:43:37,741 [grpc-default-executor-0] INFO  impl.RoleInfo (RoleInfo.java:shutdownFollowerState(110)) - fc639477-34ee-4b00-ba9b-fbda3f43aca6: shutdown fc639477-34ee-4b00-ba9b-fbda3f43aca6@group-FCD92AC9C38F-FollowerState
2022-05-26 01:43:37,741 [grpc-default-executor-0] INFO  impl.RoleInfo (RoleInfo.java:updateAndGet(139)) - fc639477-34ee-4b00-ba9b-fbda3f43aca6: start fc639477-34ee-4b00-ba9b-fbda3f43aca6@group-FCD92AC9C38F-FollowerState
2022-05-26 01:43:37,741 [fc639477-34ee-4b00-ba9b-fbda3f43aca6@group-FCD92AC9C38F-FollowerState] INFO  impl.FollowerState (FollowerState.java:run(152)) - fc639477-34ee-4b00-ba9b-fbda3f43aca6@group-FCD92AC9C38F-FollowerState was interrupted
2022-05-26 01:43:37,746 [grpc-default-executor-0] INFO  server.RaftServer$Division (RaftServerImpl.java:requestVote(1184)) - fc639477-34ee-4b00-ba9b-fbda3f43aca6@group-FCD92AC9C38F replies to ELECTION vote request: 9c641009-44c6-4a21-abd0-bbce9bac0b79<-fc639477-34ee-4b00-ba9b-fbda3f43aca6#0:OK-t1. Peer's state: fc639477-34ee-4b00-ba9b-fbda3f43aca6@group-FCD92AC9C38F:t1, leader=null, voted=9c641009-44c6-4a21-abd0-bbce9bac0b79, raftlog=fc639477-34ee-4b00-ba9b-fbda3f43aca6@group-FCD92AC9C38F-SegmentedRaftLog:OPENED:c-1, conf=-1: [9c641009-44c6-4a21-abd0-bbce9bac0b79|rpc:10.1.0.18:44279|dataStream:|priority:1, 3cfd4efa-525d-4031-ba34-e431fc16acab|rpc:10.1.0.18:33167|dataStream:|priority:0, fc639477-34ee-4b00-ba9b-fbda3f43aca6|rpc:10.1.0.18:44411|dataStream:|priority:0], old=null
2022-05-26 01:43:37,748 [9c641009-44c6-4a21-abd0-bbce9bac0b79@group-FCD92AC9C38F-LeaderElection12] INFO  impl.LeaderElection (LeaderElection.java:logAndReturn(90)) - 9c641009-44c6-4a21-abd0-bbce9bac0b79@group-FCD92AC9C38F-LeaderElection12: ELECTION PASSED received 1 response(s) and 0 exception(s):
2022-05-26 01:43:37,748 [9c641009-44c6-4a21-abd0-bbce9bac0b79@group-FCD92AC9C38F-LeaderElection12] INFO  impl.LeaderElection (LeaderElection.java:logAndReturn(94)) -   Response 0: 9c641009-44c6-4a21-abd0-bbce9bac0b79<-fc639477-34ee-4b00-ba9b-fbda3f43aca6#0:OK-t1
2022-05-26 01:43:37,748 [9c641009-44c6-4a21-abd0-bbce9bac0b79@group-FCD92AC9C38F-LeaderElection12] INFO  impl.LeaderElection (LeaderElection.java:askForVotes(312)) - 9c641009-44c6-4a21-abd0-bbce9bac0b79@group-FCD92AC9C38F-LeaderElection12 ELECTION round 0: result PASSED
2022-05-26 01:43:37,748 [9c641009-44c6-4a21-abd0-bbce9bac0b79@group-FCD92AC9C38F-LeaderElection12] INFO  impl.RoleInfo (RoleInfo.java:shutdownLeaderElection(130)) - 9c641009-44c6-4a21-abd0-bbce9bac0b79: shutdown 9c641009-44c6-4a21-abd0-bbce9bac0b79@group-FCD92AC9C38F-LeaderElection12
2022-05-26 01:43:37,749 [9c641009-44c6-4a21-abd0-bbce9bac0b79@group-FCD92AC9C38F-LeaderElection12] INFO  server.RaftServer$Division (RaftServerImpl.java:setRole(299)) - 9c641009-44c6-4a21-abd0-bbce9bac0b79@group-FCD92AC9C38F: changes role from CANDIDATE to LEADER at term 1 for changeToLeader
2022-05-26 01:43:37,749 [9c641009-44c6-4a21-abd0-bbce9bac0b79@group-FCD92AC9C38F-LeaderElection12] INFO  ratis.XceiverServerRatis (XceiverServerRatis.java:handleLeaderChangedNotification(863)) - Leader change notification received for group: group-FCD92AC9C38F with new leaderId: 9c641009-44c6-4a21-abd0-bbce9bac0b79
2022-05-26 01:43:37,749 [9c641009-44c6-4a21-abd0-bbce9bac0b79@group-FCD92AC9C38F-LeaderElection12] INFO  server.RaftServer$Division (ServerState.java:setLeader(287)) - 9c641009-44c6-4a21-abd0-bbce9bac0b79@group-FCD92AC9C38F: change Leader from null to 9c641009-44c6-4a21-abd0-bbce9bac0b79 at term 1 for becomeLeader, leader elected after 5227ms
2022-05-26 01:43:37,749 [9c641009-44c6-4a21-abd0-bbce9bac0b79@group-FCD92AC9C38F-LeaderElection12] INFO  server.RaftServerConfigKeys (ConfUtils.java:logGet(46)) - raft.server.staging.catchup.gap = 1000 (default)
2022-05-26 01:43:37,749 [9c641009-44c6-4a21-abd0-bbce9bac0b79@group-FCD92AC9C38F-LeaderElection12] INFO  server.RaftServerConfigKeys (ConfUtils.java:logGet(46)) - raft.server.write.element-limit = 1024 (custom)
2022-05-26 01:43:37,749 [9c641009-44c6-4a21-abd0-bbce9bac0b79@group-FCD92AC9C38F-LeaderElection12] INFO  server.RaftServerConfigKeys (ConfUtils.java:logGet(46)) - raft.server.write.byte-limit = 1024 M (=1073741824) (custom)
2022-05-26 01:43:37,749 [9c641009-44c6-4a21-abd0-bbce9bac0b79@group-FCD92AC9C38F-LeaderElection12] INFO  server.RaftServerConfigKeys (ConfUtils.java:logGet(46)) - raft.server.watch.timeout = 180s (custom)
2022-05-26 01:43:37,749 [9c641009-44c6-4a21-abd0-bbce9bac0b79@group-FCD92AC9C38F-LeaderElection12] INFO  server.RaftServerConfigKeys (ConfUtils.java:logGet(46)) - raft.server.watch.timeout.denomination = 1s (default)
2022-05-26 01:43:37,749 [9c641009-44c6-4a21-abd0-bbce9bac0b79@group-FCD92AC9C38F-LeaderElection12] INFO  server.RaftServerConfigKeys (ConfUtils.java:logGet(46)) - raft.server.watch.element-limit = 65536 (default)
2022-05-26 01:43:37,750 [9c641009-44c6-4a21-abd0-bbce9bac0b79@group-FCD92AC9C38F-LeaderElection12] INFO  server.RaftServerConfigKeys (ConfUtils.java:logGet(46)) - raft.server.write.element-limit = 1024 (custom)
2022-05-26 01:43:37,750 [9c641009-44c6-4a21-abd0-bbce9bac0b79@group-FCD92AC9C38F-LeaderElection12] INFO  server.RaftServerConfigKeys (ConfUtils.java:logGet(46)) - raft.server.write.follower.gap.ratio.max = -1.0 (default)
2022-05-26 01:43:37,750 [9c641009-44c6-4a21-abd0-bbce9bac0b79@group-FCD92AC9C38F-LeaderElection12] INFO  server.RaftServerConfigKeys (ConfUtils.java:logGet(46)) - raft.server.log.appender.snapshot.chunk.size.max = 16MB (=16777216) (default)
2022-05-26 01:43:37,750 [9c641009-44c6-4a21-abd0-bbce9bac0b79@group-FCD92AC9C38F-LeaderElection12] INFO  server.RaftServerConfigKeys (ConfUtils.java:logGet(46)) - raft.server.log.appender.buffer.byte-limit = 33554432 (custom)
2022-05-26 01:43:37,750 [9c641009-44c6-4a21-abd0-bbce9bac0b79@group-FCD92AC9C38F-LeaderElection12] INFO  server.RaftServerConfigKeys (ConfUtils.java:logGet(46)) - raft.server.log.appender.buffer.element-limit = 1 (custom)
2022-05-26 01:43:37,750 [9c641009-44c6-4a21-abd0-bbce9bac0b79@group-FCD92AC9C38F-LeaderElection12] INFO  grpc.GrpcConfigKeys (ConfUtils.java:logGet(46)) - raft.grpc.server.leader.outstanding.appends.max = 128 (default)
2022-05-26 01:43:37,750 [9c641009-44c6-4a21-abd0-bbce9bac0b79@group-FCD92AC9C38F-LeaderElection12] INFO  server.RaftServerConfigKeys (ConfUtils.java:logGet(46)) - raft.server.rpc.request.timeout = 60s (custom)
2022-05-26 01:43:37,750 [9c641009-44c6-4a21-abd0-bbce9bac0b79@group-FCD92AC9C38F-LeaderElection12] INFO  server.RaftServerConfigKeys (ConfUtils.java:logGet(46)) - raft.server.log.appender.install.snapshot.enabled = false (custom)
2022-05-26 01:43:37,751 [9c641009-44c6-4a21-abd0-bbce9bac0b79@group-FCD92AC9C38F-LeaderElection12] INFO  server.RaftServerConfigKeys (ConfUtils.java:logGet(46)) - raft.server.log.appender.snapshot.chunk.size.max = 16MB (=16777216) (default)
2022-05-26 01:43:37,751 [9c641009-44c6-4a21-abd0-bbce9bac0b79@group-FCD92AC9C38F-LeaderElection12] INFO  server.RaftServerConfigKeys (ConfUtils.java:logGet(46)) - raft.server.log.appender.buffer.byte-limit = 33554432 (custom)
2022-05-26 01:43:37,751 [9c641009-44c6-4a21-abd0-bbce9bac0b79@group-FCD92AC9C38F-LeaderElection12] INFO  server.RaftServerConfigKeys (ConfUtils.java:logGet(46)) - raft.server.log.appender.buffer.element-limit = 1 (custom)
2022-05-26 01:43:37,751 [9c641009-44c6-4a21-abd0-bbce9bac0b79@group-FCD92AC9C38F-LeaderElection12] INFO  grpc.GrpcConfigKeys (ConfUtils.java:logGet(46)) - raft.grpc.server.leader.outstanding.appends.max = 128 (default)
2022-05-26 01:43:37,751 [9c641009-44c6-4a21-abd0-bbce9bac0b79@group-FCD92AC9C38F-LeaderElection12] INFO  server.RaftServerConfigKeys (ConfUtils.java:logGet(46)) - raft.server.rpc.request.timeout = 60s (custom)
2022-05-26 01:43:37,751 [9c641009-44c6-4a21-abd0-bbce9bac0b79@group-FCD92AC9C38F-LeaderElection12] INFO  server.RaftServerConfigKeys (ConfUtils.java:logGet(46)) - raft.server.log.appender.install.snapshot.enabled = false (custom)
2022-05-26 01:43:37,752 [9c641009-44c6-4a21-abd0-bbce9bac0b79@group-FCD92AC9C38F-LeaderElection12] INFO  impl.RoleInfo (RoleInfo.java:updateAndGet(139)) - 9c641009-44c6-4a21-abd0-bbce9bac0b79: start 9c641009-44c6-4a21-abd0-bbce9bac0b79@group-FCD92AC9C38F-LeaderStateImpl
2022-05-26 01:43:37,752 [grpc-default-executor-1] INFO  server.RaftServer$Division (RaftServerImpl.java:requestVote(1152)) - 3cfd4efa-525d-4031-ba34-e431fc16acab@group-FCD92AC9C38F: receive requestVote(ELECTION, 9c641009-44c6-4a21-abd0-bbce9bac0b79, group-FCD92AC9C38F, 1, (t:0, i:0))
2022-05-26 01:43:37,754 [grpc-default-executor-1] INFO  impl.VoteContext (VoteContext.java:log(48)) - 3cfd4efa-525d-4031-ba34-e431fc16acab@group-FCD92AC9C38F-FOLLOWER: accept ELECTION from 9c641009-44c6-4a21-abd0-bbce9bac0b79: our priority 0 <= candidate's priority 1
2022-05-26 01:43:37,754 [grpc-default-executor-1] INFO  server.RaftServer$Division (RaftServerImpl.java:setRole(299)) - 3cfd4efa-525d-4031-ba34-e431fc16acab@group-FCD92AC9C38F: changes role from  FOLLOWER to FOLLOWER at term 1 for candidate:9c641009-44c6-4a21-abd0-bbce9bac0b79
2022-05-26 01:43:37,754 [grpc-default-executor-1] INFO  impl.RoleInfo (RoleInfo.java:shutdownFollowerState(110)) - 3cfd4efa-525d-4031-ba34-e431fc16acab: shutdown 3cfd4efa-525d-4031-ba34-e431fc16acab@group-FCD92AC9C38F-FollowerState
2022-05-26 01:43:37,754 [grpc-default-executor-1] INFO  impl.RoleInfo (RoleInfo.java:updateAndGet(139)) - 3cfd4efa-525d-4031-ba34-e431fc16acab: start 3cfd4efa-525d-4031-ba34-e431fc16acab@group-FCD92AC9C38F-FollowerState
2022-05-26 01:43:37,754 [3cfd4efa-525d-4031-ba34-e431fc16acab@group-FCD92AC9C38F-FollowerState] INFO  impl.FollowerState (FollowerState.java:run(152)) - 3cfd4efa-525d-4031-ba34-e431fc16acab@group-FCD92AC9C38F-FollowerState was interrupted
2022-05-26 01:43:37,760 [EventQueue-OpenPipelineForHealthyPipelineSafeModeRule] INFO  safemode.SCMSafeModeManager (HealthyPipelineSafeModeRule.java:process(124)) - SCM in safe mode. Healthy pipelines reported count is 0, required healthy pipeline reported count is 1
2022-05-26 01:43:37,760 [EventQueue-PipelineReportForPipelineReportHandler] INFO  pipeline.PipelineManagerImpl (PipelineManagerImpl.java:openPipeline(336)) - Pipeline Pipeline[ Id: 66050d30-ce7a-455d-a3b3-fcd92ac9c38f, Nodes: fc639477-34ee-4b00-ba9b-fbda3f43aca6{ip: 10.1.0.18, host: fv-az270-854.tacnzluakwdehk1hpragurqkma.bx.internal.cloudapp.net, ports: [REPLICATION=43679, RATIS=44411, RATIS_ADMIN=44411, RATIS_SERVER=44411, STANDALONE=36169], networkLocation: /default-rack, certSerialId: null, persistedOpState: IN_SERVICE, persistedOpStateExpiryEpochSec: 0}9c641009-44c6-4a21-abd0-bbce9bac0b79{ip: 10.1.0.18, host: fv-az270-854.tacnzluakwdehk1hpragurqkma.bx.internal.cloudapp.net, ports: [REPLICATION=40397, RATIS=44279, RATIS_ADMIN=44279, RATIS_SERVER=44279, STANDALONE=43899], networkLocation: /default-rack, certSerialId: null, persistedOpState: IN_SERVICE, persistedOpStateExpiryEpochSec: 0}3cfd4efa-525d-4031-ba34-e431fc16acab{ip: 10.1.0.18, host: fv-az270-854.tacnzluakwdehk1hpragurqkma.bx.internal.cloudapp.net, ports: [REPLICATION=45941, RATIS=33167, RATIS_ADMIN=33167, RATIS_SERVER=33167, STANDALONE=38469], networkLocation: /default-rack, certSerialId: null, persistedOpState: IN_SERVICE, persistedOpStateExpiryEpochSec: 0}, ReplicationConfig: RATIS/THREE, State:ALLOCATED, leaderId:9c641009-44c6-4a21-abd0-bbce9bac0b79, CreationTimestamp2022-05-26T01:43:30.897Z[Etc/UTC]] moved to OPEN state
2022-05-26 01:43:37,773 [EventQueue-OpenPipelineForHealthyPipelineSafeModeRule] INFO  safemode.SCMSafeModeManager (HealthyPipelineSafeModeRule.java:process(124)) - SCM in safe mode. Healthy pipelines reported count is 1, required healthy pipeline reported count is 1
2022-05-26 01:43:37,773 [EventQueue-OpenPipelineForHealthyPipelineSafeModeRule] INFO  safemode.SCMSafeModeManager (SCMSafeModeManager.java:validateSafeModeExitRules(204)) - HealthyPipelineSafeModeRule rule is successfully validated
2022-05-26 01:43:37,773 [EventQueue-OpenPipelineForHealthyPipelineSafeModeRule] INFO  safemode.SCMSafeModeManager (SCMSafeModeManager.java:validateSafeModeExitRules(219)) - ScmSafeModeManager, all rules are successfully validated
2022-05-26 01:43:37,773 [EventQueue-OpenPipelineForHealthyPipelineSafeModeRule] INFO  safemode.SCMSafeModeManager (SCMSafeModeManager.java:exitSafeMode(248)) - SCM exiting safe mode.
2022-05-26 01:43:37,773 [EventQueue-OpenPipelineForHealthyPipelineSafeModeRule] WARN  events.EventQueue (EventQueue.java:fireEvent(194)) - No event handler registered for event TypedEvent{payloadType=SafeModeStatus, name='Safe mode status'}
2022-05-26 01:43:37,773 [EventQueue-OpenPipelineForHealthyPipelineSafeModeRule] INFO  ha.SCMContext (SCMContext.java:updateSafeModeStatus(211)) - Update SafeModeStatus from SafeModeStatus{safeModeStatus=true, preCheckPassed=true} to SafeModeStatus{safeModeStatus=false, preCheckPassed=true}.
2022-05-26 01:43:37,773 [EventQueue-OpenPipelineForHealthyPipelineSafeModeRule] INFO  pipeline.BackgroundPipelineCreator (BackgroundPipelineCreator.java:notifyStatusChanged(251)) - Service BackgroundPipelineCreator transitions to RUNNING.
2022-05-26 01:43:37,773 [EventQueue-OpenPipelineForHealthyPipelineSafeModeRule] INFO  pipeline.BackgroundPipelineScrubber (BackgroundPipelineScrubber.java:notifyStatusChanged(88)) - Service BackgroundPipelineScrubber transitions to RUNNING.
2022-05-26 01:43:37,773 [EventQueue-OpenPipelineForHealthyPipelineSafeModeRule] INFO  ExpiredContainerReplicaOpScrubber (BackgroundSCMService.java:notifyStatusChanged(82)) - Service ExpiredContainerReplicaOpScrubber transitions to RUNNING.
2022-05-26 01:43:37,773 [EventQueue-OpenPipelineForHealthyPipelineSafeModeRule] INFO  replication.ReplicationManager (ReplicationManager.java:notifyStatusChanged(372)) - Service ReplicationManager transitions to RUNNING.
2022-05-26 01:43:37,755 [grpc-default-executor-1] INFO  server.RaftServer$Division (RaftServerImpl.java:requestVote(1184)) - 3cfd4efa-525d-4031-ba34-e431fc16acab@group-FCD92AC9C38F replies to ELECTION vote request: 9c641009-44c6-4a21-abd0-bbce9bac0b79<-3cfd4efa-525d-4031-ba34-e431fc16acab#0:OK-t1. Peer's state: 3cfd4efa-525d-4031-ba34-e431fc16acab@group-FCD92AC9C38F:t1, leader=null, voted=9c641009-44c6-4a21-abd0-bbce9bac0b79, raftlog=3cfd4efa-525d-4031-ba34-e431fc16acab@group-FCD92AC9C38F-SegmentedRaftLog:OPENED:c-1, conf=-1: [9c641009-44c6-4a21-abd0-bbce9bac0b79|rpc:10.1.0.18:44279|dataStream:|priority:1, 3cfd4efa-525d-4031-ba34-e431fc16acab|rpc:10.1.0.18:33167|dataStream:|priority:0, fc639477-34ee-4b00-ba9b-fbda3f43aca6|rpc:10.1.0.18:44411|dataStream:|priority:0], old=null
2022-05-26 01:43:37,755 [9c641009-44c6-4a21-abd0-bbce9bac0b79@group-FCD92AC9C38F-LeaderElection12] INFO  segmented.SegmentedRaftLogWorker (SegmentedRaftLogWorker.java:startLogSegment(425)) - 9c641009-44c6-4a21-abd0-bbce9bac0b79@group-FCD92AC9C38F-SegmentedRaftLogWorker: Starting segment from index:0
2022-05-26 01:43:37,778 [9c641009-44c6-4a21-abd0-bbce9bac0b79@group-FCD92AC9C38F-SegmentedRaftLogWorker] INFO  segmented.SegmentedRaftLogWorker (SegmentedRaftLogWorker.java:execute(629)) - 9c641009-44c6-4a21-abd0-bbce9bac0b79@group-FCD92AC9C38F-SegmentedRaftLogWorker: created new log segment /home/runner/work/ozone/ozone/hadoop-ozone/integration-test/target/test-dir/MiniOzoneClusterImpl-2009ca84-e690-4f0e-80a4-64cb463c0d34/datanode-0/data/ratis/66050d30-ce7a-455d-a3b3-fcd92ac9c38f/current/log_inprogress_0
2022-05-26 01:43:37,794 [9c641009-44c6-4a21-abd0-bbce9bac0b79@group-FCD92AC9C38F-LeaderElection12] INFO  server.RaftServer$Division (ServerState.java:setRaftConf(393)) - 9c641009-44c6-4a21-abd0-bbce9bac0b79@group-FCD92AC9C38F: set configuration 0: [9c641009-44c6-4a21-abd0-bbce9bac0b79|rpc:10.1.0.18:44279|dataStream:|priority:1, 3cfd4efa-525d-4031-ba34-e431fc16acab|rpc:10.1.0.18:33167|dataStream:|priority:0, fc639477-34ee-4b00-ba9b-fbda3f43aca6|rpc:10.1.0.18:44411|dataStream:|priority:0], old=null
2022-05-26 01:43:37,812 [3cfd4efa-525d-4031-ba34-e431fc16acab-server-thread1] INFO  ratis.XceiverServerRatis (XceiverServerRatis.java:handleLeaderChangedNotification(863)) - Leader change notification received for group: group-FCD92AC9C38F with new leaderId: 9c641009-44c6-4a21-abd0-bbce9bac0b79
2022-05-26 01:43:37,813 [3cfd4efa-525d-4031-ba34-e431fc16acab-server-thread1] INFO  server.RaftServer$Division (ServerState.java:setLeader(287)) - 3cfd4efa-525d-4031-ba34-e431fc16acab@group-FCD92AC9C38F: change Leader from null to 9c641009-44c6-4a21-abd0-bbce9bac0b79 at term 1 for appendEntries, leader elected after 5100ms
2022-05-26 01:43:37,836 [3cfd4efa-525d-4031-ba34-e431fc16acab-server-thread1] INFO  server.RaftServer$Division (ServerState.java:setRaftConf(393)) - 3cfd4efa-525d-4031-ba34-e431fc16acab@group-FCD92AC9C38F: set configuration 0: [9c641009-44c6-4a21-abd0-bbce9bac0b79|rpc:10.1.0.18:44279|dataStream:|priority:1, 3cfd4efa-525d-4031-ba34-e431fc16acab|rpc:10.1.0.18:33167|dataStream:|priority:0, fc639477-34ee-4b00-ba9b-fbda3f43aca6|rpc:10.1.0.18:44411|dataStream:|priority:0], old=null
2022-05-26 01:43:37,836 [3cfd4efa-525d-4031-ba34-e431fc16acab-server-thread1] INFO  segmented.SegmentedRaftLogWorker (SegmentedRaftLogWorker.java:startLogSegment(425)) - 3cfd4efa-525d-4031-ba34-e431fc16acab@group-FCD92AC9C38F-SegmentedRaftLogWorker: Starting segment from index:0
2022-05-26 01:43:37,840 [fc639477-34ee-4b00-ba9b-fbda3f43aca6-server-thread1] INFO  ratis.XceiverServerRatis (XceiverServerRatis.java:handleLeaderChangedNotification(863)) - Leader change notification received for group: group-FCD92AC9C38F with new leaderId: 9c641009-44c6-4a21-abd0-bbce9bac0b79
2022-05-26 01:43:37,840 [fc639477-34ee-4b00-ba9b-fbda3f43aca6-server-thread1] INFO  server.RaftServer$Division (ServerState.java:setLeader(287)) - fc639477-34ee-4b00-ba9b-fbda3f43aca6@group-FCD92AC9C38F: change Leader from null to 9c641009-44c6-4a21-abd0-bbce9bac0b79 at term 1 for appendEntries, leader elected after 5199ms
2022-05-26 01:43:37,844 [3cfd4efa-525d-4031-ba34-e431fc16acab@group-FCD92AC9C38F-SegmentedRaftLogWorker] INFO  segmented.SegmentedRaftLogWorker (SegmentedRaftLogWorker.java:execute(629)) - 3cfd4efa-525d-4031-ba34-e431fc16acab@group-FCD92AC9C38F-SegmentedRaftLogWorker: created new log segment /home/runner/work/ozone/ozone/hadoop-ozone/integration-test/target/test-dir/MiniOzoneClusterImpl-2009ca84-e690-4f0e-80a4-64cb463c0d34/datanode-2/data/ratis/66050d30-ce7a-455d-a3b3-fcd92ac9c38f/current/log_inprogress_0
2022-05-26 01:43:37,848 [fc639477-34ee-4b00-ba9b-fbda3f43aca6-server-thread1] INFO  server.RaftServer$Division (ServerState.java:setRaftConf(393)) - fc639477-34ee-4b00-ba9b-fbda3f43aca6@group-FCD92AC9C38F: set configuration 0: [9c641009-44c6-4a21-abd0-bbce9bac0b79|rpc:10.1.0.18:44279|dataStream:|priority:1, 3cfd4efa-525d-4031-ba34-e431fc16acab|rpc:10.1.0.18:33167|dataStream:|priority:0, fc639477-34ee-4b00-ba9b-fbda3f43aca6|rpc:10.1.0.18:44411|dataStream:|priority:0], old=null
2022-05-26 01:43:37,848 [fc639477-34ee-4b00-ba9b-fbda3f43aca6-server-thread1] INFO  segmented.SegmentedRaftLogWorker (SegmentedRaftLogWorker.java:startLogSegment(425)) - fc639477-34ee-4b00-ba9b-fbda3f43aca6@group-FCD92AC9C38F-SegmentedRaftLogWorker: Starting segment from index:0
2022-05-26 01:43:37,850 [fc639477-34ee-4b00-ba9b-fbda3f43aca6@group-FCD92AC9C38F-SegmentedRaftLogWorker] INFO  segmented.SegmentedRaftLogWorker (SegmentedRaftLogWorker.java:execute(629)) - fc639477-34ee-4b00-ba9b-fbda3f43aca6@group-FCD92AC9C38F-SegmentedRaftLogWorker: created new log segment /home/runner/work/ozone/ozone/hadoop-ozone/integration-test/target/test-dir/MiniOzoneClusterImpl-2009ca84-e690-4f0e-80a4-64cb463c0d34/datanode-1/data/ratis/66050d30-ce7a-455d-a3b3-fcd92ac9c38f/current/log_inprogress_0
2022-05-26 01:43:37,858 [9c641009-44c6-4a21-abd0-bbce9bac0b79@group-B90CD273FB99-FollowerState] INFO  impl.FollowerState (FollowerState.java:run(143)) - 9c641009-44c6-4a21-abd0-bbce9bac0b79@group-B90CD273FB99-FollowerState: change to CANDIDATE, lastRpcElapsedTime:5048603023ns, electionTimeout:5044ms
2022-05-26 01:43:37,858 [9c641009-44c6-4a21-abd0-bbce9bac0b79@group-B90CD273FB99-FollowerState] INFO  impl.RoleInfo (RoleInfo.java:shutdownFollowerState(110)) - 9c641009-44c6-4a21-abd0-bbce9bac0b79: shutdown 9c641009-44c6-4a21-abd0-bbce9bac0b79@group-B90CD273FB99-FollowerState
2022-05-26 01:43:37,858 [9c641009-44c6-4a21-abd0-bbce9bac0b79@group-B90CD273FB99-FollowerState] INFO  server.RaftServer$Division (RaftServerImpl.java:setRole(299)) - 9c641009-44c6-4a21-abd0-bbce9bac0b79@group-B90CD273FB99: changes role from  FOLLOWER to CANDIDATE at term 0 for changeToCandidate
2022-05-26 01:43:37,858 [9c641009-44c6-4a21-abd0-bbce9bac0b79@group-B90CD273FB99-FollowerState] INFO  server.RaftServerConfigKeys (ConfUtils.java:logGet(46)) - raft.server.leaderelection.pre-vote = false (custom)
2022-05-26 01:43:37,858 [9c641009-44c6-4a21-abd0-bbce9bac0b79@group-B90CD273FB99-FollowerState] INFO  impl.RoleInfo (RoleInfo.java:updateAndGet(139)) - 9c641009-44c6-4a21-abd0-bbce9bac0b79: start 9c641009-44c6-4a21-abd0-bbce9bac0b79@group-B90CD273FB99-LeaderElection13
2022-05-26 01:43:37,865 [Listener at 127.0.0.1/38663] INFO  ozone.MiniOzoneClusterImpl (MiniOzoneClusterImpl.java:lambda$waitForClusterToBeReady$0(221)) - Nodes are ready. Got 3 of 3 DN Heartbeats.
2022-05-26 01:43:37,865 [Listener at 127.0.0.1/38663] INFO  ozone.MiniOzoneClusterImpl (MiniOzoneClusterImpl.java:lambda$waitForClusterToBeReady$0(224)) - Cluster exits safe mode
2022-05-26 01:43:37,865 [Listener at 127.0.0.1/38663] INFO  ozone.MiniOzoneClusterImpl (MiniOzoneClusterImpl.java:lambda$waitForClusterToBeReady$0(226)) - SCM became leader
]]></system-out>
    </rerunFailure>
    <rerunFailure type="java.lang.AssertionError">
      <stackTrace><![CDATA[java.lang.AssertionError
	at org.junit.Assert.fail(Assert.java:87)
	at org.junit.Assert.assertTrue(Assert.java:42)
	at org.junit.Assert.assertTrue(Assert.java:53)
	at org.apache.hadoop.hdds.scm.TestRatisPipelineLeader.testLeaderIdAfterLeaderChange(TestRatisPipelineLeader.java:119)
	at sun.reflect.NativeMethodAccessorImpl.invoke0(Native Method)
	at sun.reflect.NativeMethodAccessorImpl.invoke(NativeMethodAccessorImpl.java:62)
	at sun.reflect.DelegatingMethodAccessorImpl.invoke(DelegatingMethodAccessorImpl.java:43)
	at java.lang.reflect.Method.invoke(Method.java:498)
	at org.junit.platform.commons.util.ReflectionUtils.invokeMethod(ReflectionUtils.java:725)
	at org.junit.jupiter.engine.execution.MethodInvocation.proceed(MethodInvocation.java:60)
	at org.junit.jupiter.engine.execution.InvocationInterceptorChain$ValidatingInvocation.proceed(InvocationInterceptorChain.java:131)
	at org.junit.jupiter.engine.extension.TimeoutInvocation.proceed(TimeoutInvocation.java:46)
	at org.junit.jupiter.engine.extension.TimeoutExtension.intercept(TimeoutExtension.java:149)
	at org.junit.jupiter.engine.extension.TimeoutExtension.interceptTestableMethod(TimeoutExtension.java:140)
	at org.junit.jupiter.engine.extension.TimeoutExtension.interceptTestMethod(TimeoutExtension.java:84)
	at org.junit.jupiter.engine.execution.ExecutableInvoker$ReflectiveInterceptorCall.lambda$ofVoidMethod$0(ExecutableInvoker.java:115)
	at org.junit.jupiter.engine.execution.ExecutableInvoker.lambda$invoke$0(ExecutableInvoker.java:105)
	at org.junit.jupiter.engine.execution.InvocationInterceptorChain$InterceptedInvocation.proceed(InvocationInterceptorChain.java:106)
	at org.junit.jupiter.engine.execution.InvocationInterceptorChain.proceed(InvocationInterceptorChain.java:64)
	at org.junit.jupiter.engine.execution.InvocationInterceptorChain.chainAndInvoke(InvocationInterceptorChain.java:45)
	at org.junit.jupiter.engine.execution.InvocationInterceptorChain.invoke(InvocationInterceptorChain.java:37)
	at org.junit.jupiter.engine.execution.ExecutableInvoker.invoke(ExecutableInvoker.java:104)
	at org.junit.jupiter.engine.execution.ExecutableInvoker.invoke(ExecutableInvoker.java:98)
	at org.junit.jupiter.engine.descriptor.TestMethodTestDescriptor.lambda$invokeTestMethod$7(TestMethodTestDescriptor.java:214)
	at org.junit.platform.engine.support.hierarchical.ThrowableCollector.execute(ThrowableCollector.java:73)
	at org.junit.jupiter.engine.descriptor.TestMethodTestDescriptor.invokeTestMethod(TestMethodTestDescriptor.java:210)
	at org.junit.jupiter.engine.descriptor.TestMethodTestDescriptor.execute(TestMethodTestDescriptor.java:135)
	at org.junit.jupiter.engine.descriptor.TestMethodTestDescriptor.execute(TestMethodTestDescriptor.java:66)
	at org.junit.platform.engine.support.hierarchical.NodeTestTask.lambda$executeRecursively$6(NodeTestTask.java:151)
	at org.junit.platform.engine.support.hierarchical.ThrowableCollector.execute(ThrowableCollector.java:73)
	at org.junit.platform.engine.support.hierarchical.NodeTestTask.lambda$executeRecursively$8(NodeTestTask.java:141)
	at org.junit.platform.engine.support.hierarchical.Node.around(Node.java:137)
	at org.junit.platform.engine.support.hierarchical.NodeTestTask.lambda$executeRecursively$9(NodeTestTask.java:139)
	at org.junit.platform.engine.support.hierarchical.ThrowableCollector.execute(ThrowableCollector.java:73)
	at org.junit.platform.engine.support.hierarchical.NodeTestTask.executeRecursively(NodeTestTask.java:138)
	at org.junit.platform.engine.support.hierarchical.NodeTestTask.execute(NodeTestTask.java:95)
	at java.util.ArrayList.forEach(ArrayList.java:1259)
	at org.junit.platform.engine.support.hierarchical.SameThreadHierarchicalTestExecutorService.invokeAll(SameThreadHierarchicalTestExecutorService.java:41)
	at org.junit.platform.engine.support.hierarchical.NodeTestTask.lambda$executeRecursively$6(NodeTestTask.java:155)
	at org.junit.platform.engine.support.hierarchical.ThrowableCollector.execute(ThrowableCollector.java:73)
	at org.junit.platform.engine.support.hierarchical.NodeTestTask.lambda$executeRecursively$8(NodeTestTask.java:141)
	at org.junit.platform.engine.support.hierarchical.Node.around(Node.java:137)
	at org.junit.platform.engine.support.hierarchical.NodeTestTask.lambda$executeRecursively$9(NodeTestTask.java:139)
	at org.junit.platform.engine.support.hierarchical.ThrowableCollector.execute(ThrowableCollector.java:73)
	at org.junit.platform.engine.support.hierarchical.NodeTestTask.executeRecursively(NodeTestTask.java:138)
	at org.junit.platform.engine.support.hierarchical.NodeTestTask.execute(NodeTestTask.java:95)
	at java.util.ArrayList.forEach(ArrayList.java:1259)
	at org.junit.platform.engine.support.hierarchical.SameThreadHierarchicalTestExecutorService.invokeAll(SameThreadHierarchicalTestExecutorService.java:41)
	at org.junit.platform.engine.support.hierarchical.NodeTestTask.lambda$executeRecursively$6(NodeTestTask.java:155)
	at org.junit.platform.engine.support.hierarchical.ThrowableCollector.execute(ThrowableCollector.java:73)
	at org.junit.platform.engine.support.hierarchical.NodeTestTask.lambda$executeRecursively$8(NodeTestTask.java:141)
	at org.junit.platform.engine.support.hierarchical.Node.around(Node.java:137)
	at org.junit.platform.engine.support.hierarchical.NodeTestTask.lambda$executeRecursively$9(NodeTestTask.java:139)
	at org.junit.platform.engine.support.hierarchical.ThrowableCollector.execute(ThrowableCollector.java:73)
	at org.junit.platform.engine.support.hierarchical.NodeTestTask.executeRecursively(NodeTestTask.java:138)
	at org.junit.platform.engine.support.hierarchical.NodeTestTask.execute(NodeTestTask.java:95)
	at org.junit.platform.engine.support.hierarchical.SameThreadHierarchicalTestExecutorService.submit(SameThreadHierarchicalTestExecutorService.java:35)
	at org.junit.platform.engine.support.hierarchical.HierarchicalTestExecutor.execute(HierarchicalTestExecutor.java:57)
	at org.junit.platform.engine.support.hierarchical.HierarchicalTestEngine.execute(HierarchicalTestEngine.java:54)
	at org.junit.platform.launcher.core.EngineExecutionOrchestrator.execute(EngineExecutionOrchestrator.java:107)
	at org.junit.platform.launcher.core.EngineExecutionOrchestrator.execute(EngineExecutionOrchestrator.java:88)
	at org.junit.platform.launcher.core.EngineExecutionOrchestrator.lambda$execute$0(EngineExecutionOrchestrator.java:54)
	at org.junit.platform.launcher.core.EngineExecutionOrchestrator.withInterceptedStreams(EngineExecutionOrchestrator.java:67)
	at org.junit.platform.launcher.core.EngineExecutionOrchestrator.execute(EngineExecutionOrchestrator.java:52)
	at org.junit.platform.launcher.core.DefaultLauncher.execute(DefaultLauncher.java:114)
	at org.junit.platform.launcher.core.DefaultLauncher.execute(DefaultLauncher.java:86)
	at org.junit.platform.launcher.core.DefaultLauncherSession$DelegatingLauncher.execute(DefaultLauncherSession.java:86)
	at org.junit.platform.launcher.core.SessionPerRequestLauncher.execute(SessionPerRequestLauncher.java:53)
	at org.apache.maven.surefire.junitplatform.JUnitPlatformProvider.invokeAllTests(JUnitPlatformProvider.java:165)
	at org.apache.maven.surefire.junitplatform.JUnitPlatformProvider.invoke(JUnitPlatformProvider.java:124)
	at org.apache.maven.surefire.booter.ForkedBooter.runSuitesInProcess(ForkedBooter.java:428)
	at org.apache.maven.surefire.booter.ForkedBooter.execute(ForkedBooter.java:162)
	at org.apache.maven.surefire.booter.ForkedBooter.run(ForkedBooter.java:562)
	at org.apache.maven.surefire.booter.ForkedBooter.main(ForkedBooter.java:548)
]]></stackTrace>
      <system-out><![CDATA[2022-05-26 01:43:58,601 [Listener at 127.0.0.1/38663] WARN  server.ServerUtils (ServerUtils.java:getScmDbDir(148)) - ozone.scm.db.dirs is not configured. We recommend adding this setting. Falling back to ozone.metadata.dirs instead.
2022-05-26 01:43:58,607 [Listener at 127.0.0.1/38663] INFO  ha.SCMHANodeDetails (SCMHANodeDetails.java:loadSCMHAConfig(160)) - ServiceID for StorageContainerManager is null
2022-05-26 01:43:58,607 [Listener at 127.0.0.1/38663] INFO  ha.SCMHANodeDetails (SCMHANodeDetails.java:loadSCMHAConfig(165)) - ozone.scm.default.service.id is not defined, falling back to ozone.scm.service.ids to find serviceID for StorageContainerManager if it is HA enabled cluster
2022-05-26 01:43:58,607 [Listener at 127.0.0.1/38663] WARN  server.ServerUtils (ServerUtils.java:getScmDbDir(148)) - ozone.scm.db.dirs is not configured. We recommend adding this setting. Falling back to ozone.metadata.dirs instead.
2022-05-26 01:43:58,608 [Listener at 127.0.0.1/38663] INFO  upgrade.AbstractLayoutVersionManager (AbstractLayoutVersionManager.java:init(79)) - Initializing Layout version manager with metadata layout = ERASURE_CODED_STORAGE_SUPPORT (version = 3), software layout = ERASURE_CODED_STORAGE_SUPPORT (version = 3)
2022-05-26 01:43:58,712 [Listener at 127.0.0.1/38663] INFO  reflections.Reflections (Reflections.java:scan(232)) - Reflections took 97 ms to scan 7 urls, producing 127 keys and 292 values 
2022-05-26 01:43:58,713 [Listener at 127.0.0.1/38663] WARN  utils.HAUtils (HAUtils.java:getMetaDir(342)) - ozone.scm.db.dirs is not configured. We recommend adding this setting. Falling back to ozone.metadata.dirs instead.
2022-05-26 01:43:58,716 [Listener at 127.0.0.1/38663] WARN  db.DBStoreBuilder (DBStoreBuilder.java:applyDBDefinition(145)) - ozone.scm.db.dirs is not configured. We recommend adding this setting. Falling back to ozone.metadata.dirs instead.
2022-05-26 01:43:58,957 [Listener at 127.0.0.1/38663] INFO  net.NodeSchemaLoader (NodeSchemaLoader.java:loadSchemaFromFile(129)) - Loading schema from [jar:file:/home/runner/.m2/repository/org/apache/ozone/hdds-common/1.3.0-SNAPSHOT/hdds-common-1.3.0-SNAPSHOT.jar!/network-topology-default.xml]
2022-05-26 01:43:58,958 [Listener at 127.0.0.1/38663] INFO  net.NodeSchemaLoader (NodeSchemaLoader.java:loadSchema(176)) - Loading network topology layer schema file
2022-05-26 01:43:58,960 [Listener at 127.0.0.1/38663] INFO  ha.SequenceIdGenerator (SequenceIdGenerator.java:upgradeToSequenceId(347)) - upgrade localId to 109611004723200000
2022-05-26 01:43:58,960 [Listener at 127.0.0.1/38663] INFO  ha.SequenceIdGenerator (SequenceIdGenerator.java:upgradeToSequenceId(357)) - upgrade delTxnId to 0
2022-05-26 01:43:58,961 [Listener at 127.0.0.1/38663] INFO  ha.SequenceIdGenerator (SequenceIdGenerator.java:upgradeToSequenceId(374)) - upgrade containerId to 0
2022-05-26 01:43:58,961 [Listener at 127.0.0.1/38663] INFO  ha.SequenceIdGenerator (SequenceIdGenerator.java:<init>(218)) - Init the HA SequenceIdGenerator.
2022-05-26 01:43:58,961 [Listener at 127.0.0.1/38663] WARN  server.ServerUtils (ServerUtils.java:sanitizeUserArgs(73)) - ozone.scm.stale.node.interval value = 300000 is larger than max = 100000 based on the key value of ozone.scm.heartbeat.thread.interval, reset to the max value 100000.
2022-05-26 01:43:58,961 [Listener at 127.0.0.1/38663] WARN  server.ServerUtils (ServerUtils.java:sanitizeUserArgs(73)) - ozone.scm.stale.node.interval value = 300000 is larger than max = 100000 based on the key value of ozone.scm.heartbeat.thread.interval, reset to the max value 100000.
2022-05-26 01:43:58,968 [Listener at 127.0.0.1/38663] INFO  node.SCMNodeManager (SCMNodeManager.java:<init>(148)) - Entering startup safe mode.
2022-05-26 01:43:58,969 [Listener at 127.0.0.1/38663] INFO  algorithms.ContainerPlacementPolicyFactory (ContainerPlacementPolicyFactory.java:getPolicyInternal(86)) - Create container placement policy of type org.apache.hadoop.hdds.scm.container.placement.algorithms.SCMContainerPlacementRandom
2022-05-26 01:43:58,969 [Listener at 127.0.0.1/38663] INFO  pipeline.PipelineStateManagerImpl (PipelineStateManagerImpl.java:initialize(78)) - No pipeline exists in current db
2022-05-26 01:43:58,969 [Listener at 127.0.0.1/38663] INFO  algorithms.LeaderChoosePolicyFactory (LeaderChoosePolicyFactory.java:getPolicy(57)) - Create leader choose policy of type org.apache.hadoop.hdds.scm.pipeline.leader.choose.algorithms.MinLeaderCountChoosePolicy
2022-05-26 01:43:58,969 [Listener at 127.0.0.1/38663] INFO  algorithms.ContainerPlacementPolicyFactory (ContainerPlacementPolicyFactory.java:getPolicyInternal(86)) - Create container placement policy of type org.apache.hadoop.hdds.scm.container.placement.algorithms.SCMContainerPlacementRackScatter
2022-05-26 01:43:58,969 [Listener at 127.0.0.1/38663] INFO  pipeline.BackgroundPipelineCreator (BackgroundPipelineCreator.java:start(125)) - Starting RatisPipelineUtilsThread.
2022-05-26 01:43:58,972 [Listener at 127.0.0.1/38663] INFO  pipeline.BackgroundPipelineScrubber (BackgroundPipelineScrubber.java:start(126)) - Starting BackgroundPipelineScrubber Service.
2022-05-26 01:43:58,998 [Listener at 127.0.0.1/38663] INFO  ha.SCMServiceManager (SCMServiceManager.java:register(42)) - Registering service BackgroundPipelineCreator.
2022-05-26 01:43:58,998 [Listener at 127.0.0.1/38663] INFO  ha.SCMServiceManager (SCMServiceManager.java:register(42)) - Registering service BackgroundPipelineScrubber.
2022-05-26 01:43:58,998 [Listener at 127.0.0.1/38663] INFO  ExpiredContainerReplicaOpScrubber (BackgroundSCMService.java:start(68)) - Starting ExpiredContainerReplicaOpScrubber Service.
2022-05-26 01:43:59,004 [Listener at 127.0.0.1/38663] INFO  ha.SCMServiceManager (SCMServiceManager.java:register(42)) - Registering service ExpiredContainerReplicaOpScrubber.
2022-05-26 01:43:59,005 [Listener at 127.0.0.1/38663] INFO  algorithms.PipelineChoosePolicyFactory (PipelineChoosePolicyFactory.java:createPipelineChoosePolicyFromClass(73)) - Create pipeline choose policy of type org.apache.hadoop.hdds.scm.pipeline.choose.algorithms.RandomPipelineChoosePolicy
2022-05-26 01:43:59,005 [Listener at 127.0.0.1/38663] INFO  ha.SCMServiceManager (SCMServiceManager.java:register(42)) - Registering service SCMBlockDeletingService.
2022-05-26 01:43:59,005 [Listener at 127.0.0.1/38663] INFO  ha.SCMServiceManager (SCMServiceManager.java:register(42)) - Registering service ReplicationManager.
2022-05-26 01:43:59,006 [Listener at 127.0.0.1/38663] INFO  replication.ReplicationManager (ReplicationManager.java:start(179)) - Starting Replication Monitor Thread.
2022-05-26 01:43:59,008 [Listener at 127.0.0.1/38663] INFO  safemode.ContainerSafeModeRule (ContainerSafeModeRule.java:<init>(89)) - containers with one replica threshold count 0
2022-05-26 01:43:59,009 [Listener at 127.0.0.1/38663] INFO  safemode.HealthyPipelineSafeModeRule (HealthyPipelineSafeModeRule.java:initializeRule(156)) - Total pipeline count is 0, healthy pipeline threshold count is 1
2022-05-26 01:43:59,009 [Listener at 127.0.0.1/38663] INFO  safemode.OneReplicaPipelineSafeModeRule (OneReplicaPipelineSafeModeRule.java:initializeRule(180)) - Total pipeline count is 0, pipeline's with at least one datanode reported threshold count is 0
2022-05-26 01:43:59,016 [ReplicationMonitor] INFO  replication.ReplicationManager (ReplicationManager.java:processAll(228)) - Replication Manager is not ready to run until 3000ms after safemode exit
2022-05-26 01:43:59,024 [Listener at 127.0.0.1/38663] INFO  ipc.CallQueueManager (CallQueueManager.java:<init>(90)) - Using callQueue: class java.util.concurrent.LinkedBlockingQueue, queueCapacity: 2000, scheduler: class org.apache.hadoop.ipc.DefaultRpcScheduler, ipcBackoff: false.
2022-05-26 01:43:59,032 [Socket Reader #1 for port 0] INFO  ipc.Server (Server.java:run(1265)) - Starting Socket Reader #1 for port 0
2022-05-26 01:43:59,033 [Listener at 0.0.0.0/32881] INFO  ipc.CallQueueManager (CallQueueManager.java:<init>(90)) - Using callQueue: class java.util.concurrent.LinkedBlockingQueue, queueCapacity: 2000, scheduler: class org.apache.hadoop.ipc.DefaultRpcScheduler, ipcBackoff: false.
2022-05-26 01:43:59,036 [Socket Reader #1 for port 0] INFO  ipc.Server (Server.java:run(1265)) - Starting Socket Reader #1 for port 0
2022-05-26 01:43:59,041 [Listener at 0.0.0.0/33867] INFO  ipc.CallQueueManager (CallQueueManager.java:<init>(90)) - Using callQueue: class java.util.concurrent.LinkedBlockingQueue, queueCapacity: 2000, scheduler: class org.apache.hadoop.ipc.DefaultRpcScheduler, ipcBackoff: false.
2022-05-26 01:43:59,049 [Socket Reader #1 for port 0] INFO  ipc.Server (Server.java:run(1265)) - Starting Socket Reader #1 for port 0
2022-05-26 01:43:59,114 [Listener at 0.0.0.0/42977] INFO  server.StorageContainerManager (StorageContainerManager.java:<init>(400)) - 
Container Balancer status:
Key                            Value
Running                        false
Container Balancer Configuration values:
Key                                                Value
Threshold                                          10
Max Datanodes to Involve per Iteration(percent)    20
Max Size to Move per Iteration                     500GB
Max Size Entering Target per Iteration             26GB
Max Size Leaving Source per Iteration              26GB

2022-05-26 01:43:59,114 [Listener at 0.0.0.0/42977] WARN  events.EventQueue (EventQueue.java:fireEvent(194)) - No event handler registered for event TypedEvent{payloadType=SafeModeStatus, name='Safe mode status'}
2022-05-26 01:43:59,114 [Listener at 0.0.0.0/42977] INFO  ha.SCMContext (SCMContext.java:updateSafeModeStatus(211)) - Update SafeModeStatus from SafeModeStatus{safeModeStatus=true, preCheckPassed=false} to SafeModeStatus{safeModeStatus=true, preCheckPassed=false}.
2022-05-26 01:43:59,114 [Listener at 0.0.0.0/42977] INFO  server.StorageContainerManager (StorageContainerManager.java:start(1385)) - StorageContainerLocationProtocol RPC server is listening at /0.0.0.0:42977
2022-05-26 01:43:59,123 [Listener at 0.0.0.0/42977] WARN  impl.MetricsConfig (MetricsConfig.java:loadFirst(136)) - Cannot locate configuration: tried hadoop-metrics2-storagecontainermanager.properties,hadoop-metrics2.properties
2022-05-26 01:43:59,123 [Listener at 0.0.0.0/42977] INFO  impl.MetricsSystemImpl (MetricsSystemImpl.java:startTimer(378)) - Scheduled Metric snapshot period at 10 second(s).
2022-05-26 01:43:59,124 [Listener at 0.0.0.0/42977] INFO  impl.MetricsSystemImpl (MetricsSystemImpl.java:start(191)) - StorageContainerManager metrics system started
2022-05-26 01:43:59,183 [Listener at 0.0.0.0/42977] INFO  impl.MetricsSinkAdapter (MetricsSinkAdapter.java:start(204)) - Sink prometheus started
2022-05-26 01:43:59,183 [Listener at 0.0.0.0/42977] INFO  impl.MetricsSystemImpl (MetricsSystemImpl.java:registerSink(305)) - Registered sink prometheus
2022-05-26 01:43:59,248 [Listener at 0.0.0.0/42977] INFO  server.SCMClientProtocolServer (SCMClientProtocolServer.java:start(169)) - RPC server for Client  is listening at /0.0.0.0:42977
2022-05-26 01:43:59,249 [IPC Server Responder] INFO  ipc.Server (Server.java:run(1507)) - IPC Server Responder: starting
2022-05-26 01:43:59,265 [IPC Server listener on 0] INFO  ipc.Server (Server.java:run(1344)) - IPC Server listener on 0: starting
2022-05-26 01:43:59,275 [Listener at 0.0.0.0/42977] INFO  server.StorageContainerManager (StorageContainerManager.java:start(1400)) - ScmBlockLocationProtocol RPC server is listening at /0.0.0.0:33867
2022-05-26 01:43:59,275 [Listener at 0.0.0.0/42977] INFO  server.SCMBlockProtocolServer (SCMBlockProtocolServer.java:start(151)) - RPC server for Block Protocol is listening at /0.0.0.0:33867
2022-05-26 01:43:59,275 [IPC Server Responder] INFO  ipc.Server (Server.java:run(1507)) - IPC Server Responder: starting
2022-05-26 01:43:59,276 [IPC Server listener on 0] INFO  ipc.Server (Server.java:run(1344)) - IPC Server listener on 0: starting
2022-05-26 01:43:59,365 [Listener at 0.0.0.0/42977] INFO  server.SCMDatanodeProtocolServer (SCMDatanodeProtocolServer.java:start(183)) - ScmDatanodeProtocol RPC server for DataNodes is listening at /0.0.0.0:32881
2022-05-26 01:43:59,366 [IPC Server Responder] INFO  ipc.Server (Server.java:run(1507)) - IPC Server Responder: starting
2022-05-26 01:43:59,366 [IPC Server listener on 0] INFO  ipc.Server (Server.java:run(1344)) - IPC Server listener on 0: starting
2022-05-26 01:43:59,430 [Listener at 0.0.0.0/42977] INFO  http.BaseHttpServer (BaseHttpServer.java:newHttpServer2BuilderForOzone(209)) - Starting Web-server for scm at: http://0.0.0.0:0
2022-05-26 01:43:59,430 [Listener at 0.0.0.0/42977] INFO  http.BaseHttpServer (BaseHttpServer.java:<init>(107)) - Hadoop Security Enabled: false Ozone Security Enabled: false Ozone HTTP Security Enabled: false 
2022-05-26 01:43:59,431 [Listener at 0.0.0.0/42977] INFO  server.AuthenticationFilter (AuthenticationFilter.java:constructSecretProvider(240)) - Unable to initialize FileSignerSecretProvider, falling back to use random secrets.
2022-05-26 01:43:59,433 [Listener at 0.0.0.0/42977] WARN  http.HttpRequestLog (HttpRequestLog.java:getRequestLog(103)) - Jetty request log can only be enabled using Log4j
2022-05-26 01:43:59,434 [org.apache.hadoop.util.JvmPauseMonitor$Monitor@807b29c] INFO  util.JvmPauseMonitor (JvmPauseMonitor.java:run(188)) - Starting JVM pause monitor
2022-05-26 01:43:59,468 [Listener at 0.0.0.0/42977] INFO  http.HttpServer2 (HttpServer2.java:addGlobalFilter(1030)) - Added global filter 'safety' (class=org.apache.hadoop.hdds.server.http.HttpServer2$QuotingInputFilter)
2022-05-26 01:43:59,469 [Listener at 0.0.0.0/42977] INFO  http.HttpServer2 (HttpServer2.java:addFilter(1006)) - Added filter static_user_filter (class=org.apache.hadoop.http.lib.StaticUserWebFilter$StaticUserFilter) to context scm
2022-05-26 01:43:59,469 [Listener at 0.0.0.0/42977] INFO  http.HttpServer2 (HttpServer2.java:addFilter(1014)) - Added filter static_user_filter (class=org.apache.hadoop.http.lib.StaticUserWebFilter$StaticUserFilter) to context static
2022-05-26 01:43:59,469 [Listener at 0.0.0.0/42977] INFO  http.HttpServer2 (HttpServer2.java:addFilter(1014)) - Added filter static_user_filter (class=org.apache.hadoop.http.lib.StaticUserWebFilter$StaticUserFilter) to context logs
2022-05-26 01:43:59,470 [Listener at 0.0.0.0/42977] INFO  http.HttpServer2 (HttpServer2.java:bindListener(1249)) - Jetty bound to port 34427
2022-05-26 01:43:59,470 [Listener at 0.0.0.0/42977] INFO  server.Server (Server.java:doStart(375)) - jetty-9.4.43.v20210629; built: 2021-06-30T11:07:22.254Z; git: 526006ecfa3af7f1a27ef3a288e2bef7ea9dd7e8; jvm 1.8.0_332-b09
2022-05-26 01:43:59,484 [Listener at 0.0.0.0/42977] INFO  server.session (DefaultSessionIdManager.java:doStart(334)) - DefaultSessionIdManager workerName=node0
2022-05-26 01:43:59,485 [Listener at 0.0.0.0/42977] INFO  server.session (DefaultSessionIdManager.java:doStart(339)) - No SessionScavenger set, using defaults
2022-05-26 01:43:59,485 [Listener at 0.0.0.0/42977] INFO  server.session (HouseKeeper.java:startScavenging(132)) - node0 Scavenging every 600000ms
2022-05-26 01:43:59,508 [Listener at 0.0.0.0/42977] INFO  handler.ContextHandler (ContextHandler.java:doStart(915)) - Started o.e.j.s.ServletContextHandler@3fd7a2bd{logs,/logs,file:///home/runner/work/ozone/ozone/hadoop-ozone/integration-test/target/log,AVAILABLE}
2022-05-26 01:43:59,509 [Listener at 0.0.0.0/42977] INFO  handler.ContextHandler (ContextHandler.java:doStart(915)) - Started o.e.j.s.ServletContextHandler@15050e17{static,/static,file:///home/runner/work/ozone/ozone/hadoop-ozone/integration-test/target/test-classes/webapps/static,AVAILABLE}
2022-05-26 01:43:59,515 [Listener at 0.0.0.0/42977] INFO  handler.ContextHandler (ContextHandler.java:doStart(915)) - Started o.e.j.w.WebAppContext@3a2cf8b1{scm,/,file:///home/runner/work/ozone/ozone/hadoop-ozone/integration-test/target/test-classes/webapps/scm/,AVAILABLE}{file:/home/runner/work/ozone/ozone/hadoop-ozone/integration-test/target/test-classes/webapps/scm}
2022-05-26 01:43:59,521 [Listener at 0.0.0.0/42977] INFO  server.AbstractConnector (AbstractConnector.java:doStart(331)) - Started ServerConnector@77c5ba4{HTTP/1.1, (http/1.1)}{0.0.0.0:34427}
2022-05-26 01:43:59,521 [Listener at 0.0.0.0/42977] INFO  server.Server (Server.java:doStart(415)) - Started @78292ms
2022-05-26 01:43:59,521 [Listener at 0.0.0.0/42977] WARN  impl.MetricsSystemImpl (MetricsSystemImpl.java:register(279)) - Sink prometheus already exists!
2022-05-26 01:43:59,524 [Listener at 0.0.0.0/42977] INFO  http.BaseHttpServer (BaseHttpServer.java:updateConnectorAddress(329)) - HTTP server of scm listening at http://0.0.0.0:34427
2022-05-26 01:43:59,524 [Listener at 0.0.0.0/42977] WARN  server.ServerUtils (ServerUtils.java:getDBPath(225)) - ozone.om.db.dirs is not configured. We recommend adding this setting. Falling back to ozone.metadata.dirs instead.
2022-05-26 01:43:59,528 [Listener at 0.0.0.0/42977] INFO  ha.OMHANodeDetails (OMHANodeDetails.java:loadOMHAConfig(115)) - ozone.om.internal.service.id is not defined, falling back to ozone.om.service.ids to find serviceID for OzoneManager if it is HA enabled cluster
2022-05-26 01:43:59,529 [Listener at 0.0.0.0/42977] INFO  ha.OMHANodeDetails (OMHANodeDetails.java:loadOMHAConfig(226)) - Configuration does not have ozone.om.address set. Falling back to the default OM address /127.0.0.1:0
2022-05-26 01:43:59,529 [Listener at 0.0.0.0/42977] INFO  ha.OMHANodeDetails (OMHANodeDetails.java:getOMNodeDetailsForNonHA(254)) - OM Service ID is not set. Setting it to the default ID: omServiceIdDefault
2022-05-26 01:43:59,529 [Listener at 0.0.0.0/42977] INFO  ha.OMHANodeDetails (OMHANodeDetails.java:getOMNodeDetailsForNonHA(261)) - OM Node ID is not set. Setting it to the default ID: om1
2022-05-26 01:43:59,529 [Listener at 0.0.0.0/42977] WARN  server.ServerUtils (ServerUtils.java:getDBPath(225)) - ozone.om.db.dirs is not configured. We recommend adding this setting. Falling back to ozone.metadata.dirs instead.
2022-05-26 01:43:59,530 [Listener at 0.0.0.0/42977] INFO  upgrade.AbstractLayoutVersionManager (AbstractLayoutVersionManager.java:init(79)) - Initializing Layout version manager with metadata layout = BUCKET_LAYOUT_SUPPORT (version = 2), software layout = BUCKET_LAYOUT_SUPPORT (version = 2)
2022-05-26 01:43:59,735 [Listener at 0.0.0.0/42977] INFO  reflections.Reflections (Reflections.java:scan(232)) - Reflections took 205 ms to scan 2 urls, producing 143 keys and 371 values [using 2 cores]
2022-05-26 01:43:59,736 [Listener at 0.0.0.0/42977] INFO  upgrade.OMLayoutVersionManager (OMLayoutVersionManager.java:lambda$0(115)) - Skipping Upgrade Action MockOmUpgradeAction since it has been finalized.
2022-05-26 01:43:59,736 [Listener at 0.0.0.0/42977] WARN  server.ServerUtils (ServerUtils.java:getDBPath(225)) - ozone.om.db.dirs is not configured. We recommend adding this setting. Falling back to ozone.metadata.dirs instead.
2022-05-26 01:43:59,737 [Listener at 0.0.0.0/42977] INFO  proxy.SCMBlockLocationFailoverProxyProvider (SCMBlockLocationFailoverProxyProvider.java:<init>(114)) - Created block location fail-over proxy with 1 nodes: [nodeId=scmNodeId,nodeAddress=/0.0.0.0:33867]
2022-05-26 01:43:59,738 [Listener at 0.0.0.0/42977] INFO  proxy.SCMBlockLocationFailoverProxyProvider (SCMBlockLocationFailoverProxyProvider.java:<init>(114)) - Created block location fail-over proxy with 1 nodes: [nodeId=scmNodeId,nodeAddress=/0.0.0.0:33867]
2022-05-26 01:43:59,796 [Listener at 0.0.0.0/42977] WARN  server.ServerUtils (ServerUtils.java:getDBPath(225)) - ozone.om.db.dirs is not configured. We recommend adding this setting. Falling back to ozone.metadata.dirs instead.
2022-05-26 01:43:59,805 [Listener at 0.0.0.0/42977] INFO  codec.OmKeyInfoCodec (OmKeyInfoCodec.java:<init>(49)) - OmKeyInfoCodec ignorePipeline = true
2022-05-26 01:43:59,805 [Listener at 0.0.0.0/42977] INFO  codec.RepeatedOmKeyInfoCodec (RepeatedOmKeyInfoCodec.java:<init>(41)) - RepeatedOmKeyInfoCodec ignorePipeline = true
2022-05-26 01:44:00,249 [Listener at 0.0.0.0/42977] INFO  om.OzoneManager (OzoneManager.java:addS3GVolumeToDB(3894)) - Created Volume s3v With Owner runner required for S3Gateway operations.
2022-05-26 01:44:00,250 [Listener at 0.0.0.0/42977] WARN  server.ServerUtils (ServerUtils.java:getDefaultRatisDirectory(237)) - Storage directory for Ratis is not configured. It is a good idea to map this to an SSD disk. Falling back to ozone.metadata.dirs
2022-05-26 01:44:00,250 [Listener at 0.0.0.0/42977] WARN  utils.OzoneManagerRatisUtils (OzoneManagerRatisUtils.java:getOMRatisSnapshotDirectory(395)) - ozone.om.ratis.snapshot.dir is not configured. Falling back to ozone.metadata.dirs config
2022-05-26 01:44:00,252 [Listener at 0.0.0.0/42977] WARN  server.ServerUtils (ServerUtils.java:getDefaultRatisDirectory(237)) - Storage directory for Ratis is not configured. It is a good idea to map this to an SSD disk. Falling back to ozone.metadata.dirs
2022-05-26 01:44:00,253 [Listener at 0.0.0.0/42977] INFO  ratis.OzoneManagerRatisServer (OzoneManagerRatisServer.java:<init>(159)) - Instantiating OM Ratis server with groupID: omServiceIdDefault and peers: localhost:9872
2022-05-26 01:44:00,253 [Listener at 0.0.0.0/42977] INFO  ratis.OzoneManagerStateMachine (OzoneManagerStateMachine.java:loadSnapshotInfoFromDB(627)) - LastAppliedIndex is set from TransactionInfo from OM DB as (t:0, i:~)
2022-05-26 01:44:00,256 [Listener at 0.0.0.0/42977] INFO  server.RaftServer (ConfUtils.java:logGet(46)) - raft.rpc.type = GRPC (default)
2022-05-26 01:44:00,256 [Listener at 0.0.0.0/42977] INFO  grpc.GrpcFactory (GrpcFactory.java:checkPooledByteBufAllocatorUseCacheForAllThreads(48)) - PERFORMANCE WARNING: useCacheForAllThreads is true that may cause Netty to create a lot garbage objects and, as a result, trigger GC.
	It is recommended to disable useCacheForAllThreads by setting -Dorg.apache.ratis.thirdparty.io.netty.allocator.useCacheForAllThreads=false in command line.
2022-05-26 01:44:00,256 [Listener at 0.0.0.0/42977] INFO  grpc.GrpcConfigKeys (ConfUtils.java:logGet(46)) - raft.grpc.admin.port = -1 (default)
2022-05-26 01:44:00,256 [Listener at 0.0.0.0/42977] INFO  grpc.GrpcConfigKeys (ConfUtils.java:logGet(46)) - raft.grpc.server.port = 9872 (custom)
2022-05-26 01:44:00,257 [Listener at 0.0.0.0/42977] INFO  grpc.GrpcConfigKeys (ConfUtils.java:logGet(46)) - raft.grpc.client.port = -1 (default)
2022-05-26 01:44:00,258 [Listener at 0.0.0.0/42977] INFO  grpc.GrpcConfigKeys (ConfUtils.java:logGet(46)) - raft.grpc.server.port = 9872 (custom)
2022-05-26 01:44:00,258 [Listener at 0.0.0.0/42977] INFO  grpc.GrpcConfigKeys (ConfUtils.java:logGet(46)) - raft.grpc.server.port = 9872 (custom)
2022-05-26 01:44:00,258 [Listener at 0.0.0.0/42977] INFO  server.GrpcService (ConfUtils.java:logGet(46)) - raft.grpc.message.size.max = 33554432 (custom)
2022-05-26 01:44:00,258 [Listener at 0.0.0.0/42977] INFO  server.RaftServerConfigKeys (ConfUtils.java:logGet(46)) - raft.server.log.appender.buffer.byte-limit = 33554432 (custom)
2022-05-26 01:44:00,258 [Listener at 0.0.0.0/42977] INFO  server.GrpcService (ConfUtils.java:logGet(46)) - raft.grpc.flow.control.window = 1MB (=1048576) (default)
2022-05-26 01:44:00,258 [Listener at 0.0.0.0/42977] INFO  server.RaftServerConfigKeys (ConfUtils.java:logGet(46)) - raft.server.rpc.request.timeout = 3000ms (default)
2022-05-26 01:44:00,259 [Listener at 0.0.0.0/42977] INFO  grpc.GrpcConfigKeys (ConfUtils.java:logGet(46)) - raft.grpc.server.async.request.thread.pool.cached = true (default)
2022-05-26 01:44:00,259 [Listener at 0.0.0.0/42977] INFO  grpc.GrpcConfigKeys (ConfUtils.java:logGet(46)) - raft.grpc.server.async.request.thread.pool.size = 32 (default)
2022-05-26 01:44:00,264 [Listener at 0.0.0.0/42977] INFO  impl.DataStreamServerImpl (ConfUtils.java:logGet(46)) - raft.datastream.type = DISABLED (default)
2022-05-26 01:44:00,265 [Listener at 0.0.0.0/42977] INFO  server.RaftServerConfigKeys (ConfUtils.java:logGet(46)) - raft.server.threadpool.proxy.cached = true (default)
2022-05-26 01:44:00,265 [Listener at 0.0.0.0/42977] INFO  server.RaftServerConfigKeys (ConfUtils.java:logGet(46)) - raft.server.threadpool.proxy.size = 0 (default)
2022-05-26 01:44:00,265 [Listener at 0.0.0.0/42977] INFO  server.RaftServerConfigKeys (ConfUtils.java:logGet(46)) - raft.server.rpc.slowness.timeout = 120s (custom)
2022-05-26 01:44:00,265 [Listener at 0.0.0.0/42977] INFO  server.RaftServerConfigKeys (ConfUtils.java:logGet(46)) - raft.server.leaderelection.leader.step-down.wait-time = 10s (default)
2022-05-26 01:44:00,267 [Listener at 0.0.0.0/42977] INFO  server.RaftServerConfigKeys (ConfUtils.java:logGet(46)) - raft.server.storage.dir = [/home/runner/work/ozone/ozone/hadoop-ozone/integration-test/target/test-dir/MiniOzoneClusterImpl-a6c467d1-2397-44e1-8ce0-4bb4627e7e2b/ozone-meta/ratis] (custom)
2022-05-26 01:44:00,296 [Listener at 0.0.0.0/42977] INFO  server.RaftServer (RaftServerProxy.java:addNew(96)) - om1: addNew group-C5BA1605619E:[om1|rpc:localhost:9872|priority:0] returns group-C5BA1605619E:java.util.concurrent.CompletableFuture@6f8c22b2[Not completed]
2022-05-26 01:44:00,296 [Listener at 0.0.0.0/42977] INFO  om.OzoneManager (OzoneManager.java:initializeRatisServer(1901)) - OzoneManager Ratis server initialized at port 9872
2022-05-26 01:44:00,305 [Listener at 0.0.0.0/42977] INFO  om.OzoneManager (OzoneManager.java:getRpcServer(1030)) - Creating RPC Server
2022-05-26 01:44:00,312 [pool-307-thread-1] INFO  server.RaftServer$Division (RaftServerImpl.java:<init>(190)) - om1: new RaftServerImpl for group-C5BA1605619E:[om1|rpc:localhost:9872|priority:0] with OzoneManagerStateMachine:uninitialized
2022-05-26 01:44:00,312 [pool-307-thread-1] INFO  server.RaftServerConfigKeys (ConfUtils.java:logGet(46)) - raft.server.rpc.timeout.min = 1s (custom)
2022-05-26 01:44:00,312 [pool-307-thread-1] INFO  server.RaftServerConfigKeys (ConfUtils.java:logGet(46)) - raft.server.rpc.timeout.max = 1200ms (custom)
2022-05-26 01:44:00,312 [pool-307-thread-1] INFO  server.RaftServerConfigKeys (ConfUtils.java:logGet(46)) - raft.server.rpc.sleep.time = 25ms (default)
2022-05-26 01:44:00,312 [pool-307-thread-1] INFO  server.RaftServerConfigKeys (ConfUtils.java:logGet(46)) - raft.server.rpc.slowness.timeout = 120s (custom)
2022-05-26 01:44:00,312 [pool-307-thread-1] INFO  server.RaftServerConfigKeys (ConfUtils.java:logGet(46)) - raft.server.leaderelection.leader.step-down.wait-time = 10s (default)
2022-05-26 01:44:00,312 [pool-307-thread-1] INFO  server.RaftServerConfigKeys (ConfUtils.java:logGet(46)) - raft.server.sleep.deviation.threshold = 300ms (default)
2022-05-26 01:44:00,312 [pool-307-thread-1] INFO  server.RaftServer$Division (ServerState.java:<init>(107)) - om1@group-C5BA1605619E: ConfigurationManager, init=-1: [om1|rpc:localhost:9872|priority:0], old=null, confs=<EMPTY_MAP>
2022-05-26 01:44:00,313 [pool-307-thread-1] INFO  server.RaftServerConfigKeys (ConfUtils.java:logGet(46)) - raft.server.storage.dir = [/home/runner/work/ozone/ozone/hadoop-ozone/integration-test/target/test-dir/MiniOzoneClusterImpl-a6c467d1-2397-44e1-8ce0-4bb4627e7e2b/ozone-meta/ratis] (custom)
2022-05-26 01:44:00,313 [pool-307-thread-1] INFO  server.RaftServerConfigKeys (ConfUtils.java:logGet(46)) - raft.server.log.corruption.policy = EXCEPTION (default)
2022-05-26 01:44:00,313 [pool-307-thread-1] INFO  server.RaftServerConfigKeys (ConfUtils.java:logGet(46)) - raft.server.storage.free-space.min = 0MB (=0) (default)
2022-05-26 01:44:00,313 [pool-307-thread-1] INFO  storage.RaftStorageDirectory (RaftStorageDirectoryImpl.java:analyzeStorage(135)) - The storage directory /home/runner/work/ozone/ozone/hadoop-ozone/integration-test/target/test-dir/MiniOzoneClusterImpl-a6c467d1-2397-44e1-8ce0-4bb4627e7e2b/ozone-meta/ratis/bf265839-605b-3f16-9796-c5ba1605619e does not exist. Creating ...
2022-05-26 01:44:00,320 [pool-307-thread-1] INFO  storage.RaftStorageDirectory (RaftStorageDirectoryImpl.java:tryLock(230)) - Lock on /home/runner/work/ozone/ozone/hadoop-ozone/integration-test/target/test-dir/MiniOzoneClusterImpl-a6c467d1-2397-44e1-8ce0-4bb4627e7e2b/ozone-meta/ratis/bf265839-605b-3f16-9796-c5ba1605619e/in_use.lock acquired by nodename 11847@fv-az270-854
2022-05-26 01:44:00,324 [pool-307-thread-1] INFO  storage.RaftStorage (RaftStorageImpl.java:format(89)) - Storage directory /home/runner/work/ozone/ozone/hadoop-ozone/integration-test/target/test-dir/MiniOzoneClusterImpl-a6c467d1-2397-44e1-8ce0-4bb4627e7e2b/ozone-meta/ratis/bf265839-605b-3f16-9796-c5ba1605619e has been successfully formatted.
2022-05-26 01:44:00,325 [pool-307-thread-1] INFO  server.RaftServerConfigKeys (ConfUtils.java:logGet(46)) - raft.server.notification.no-leader.timeout = 120s (custom)
2022-05-26 01:44:00,325 [pool-307-thread-1] INFO  server.RaftServerConfigKeys (ConfUtils.java:logGet(46)) - raft.server.log.use.memory = false (default)
2022-05-26 01:44:00,325 [pool-307-thread-1] INFO  server.RaftServerConfigKeys (ConfUtils.java:logGet(46)) - raft.server.log.purge.gap = 1000000 (custom)
2022-05-26 01:44:00,325 [pool-307-thread-1] INFO  server.RaftServerConfigKeys (ConfUtils.java:logGet(46)) - raft.server.log.appender.buffer.byte-limit = 33554432 (custom)
2022-05-26 01:44:00,325 [pool-307-thread-1] INFO  server.RaftServerConfigKeys (ConfUtils.java:logGet(46)) - raft.server.log.statemachine.data.read.timeout = 1000ms (default)
2022-05-26 01:44:00,326 [pool-307-thread-1] INFO  server.RaftServerConfigKeys (ConfUtils.java:logGet(46)) - raft.server.log.segment.size.max = 4194304 (custom)
2022-05-26 01:44:00,332 [pool-307-thread-1] INFO  server.RaftServerConfigKeys (ConfUtils.java:logGet(46)) - raft.server.log.segment.cache.num.max = 2 (custom)
2022-05-26 01:44:00,332 [pool-307-thread-1] INFO  server.RaftServerConfigKeys (ConfUtils.java:logGet(46)) - raft.server.log.segment.cache.size.max = 200MB (=209715200) (default)
2022-05-26 01:44:00,332 [pool-307-thread-1] INFO  segmented.SegmentedRaftLogWorker (SegmentedRaftLogWorker.java:<init>(187)) - new om1@group-C5BA1605619E-SegmentedRaftLogWorker for RaftStorageImpl:Storage Directory /home/runner/work/ozone/ozone/hadoop-ozone/integration-test/target/test-dir/MiniOzoneClusterImpl-a6c467d1-2397-44e1-8ce0-4bb4627e7e2b/ozone-meta/ratis/bf265839-605b-3f16-9796-c5ba1605619e
2022-05-26 01:44:00,332 [pool-307-thread-1] INFO  server.RaftServerConfigKeys (ConfUtils.java:logGet(46)) - raft.server.log.queue.byte-limit = 64MB (=67108864) (default)
2022-05-26 01:44:00,332 [pool-307-thread-1] INFO  server.RaftServerConfigKeys (ConfUtils.java:logGet(46)) - raft.server.log.queue.element-limit = 4096 (default)
2022-05-26 01:44:00,332 [pool-307-thread-1] INFO  server.RaftServerConfigKeys (ConfUtils.java:logGet(46)) - raft.server.log.segment.size.max = 4194304 (custom)
2022-05-26 01:44:00,332 [pool-307-thread-1] INFO  server.RaftServerConfigKeys (ConfUtils.java:logGet(46)) - raft.server.log.preallocated.size = 4194304 (custom)
2022-05-26 01:44:00,332 [pool-307-thread-1] INFO  server.RaftServerConfigKeys (ConfUtils.java:logGet(46)) - raft.server.log.force.sync.num = 128 (default)
2022-05-26 01:44:00,356 [pool-307-thread-1] INFO  server.RaftServerConfigKeys (ConfUtils.java:logGet(46)) - raft.server.log.statemachine.data.sync = true (default)
2022-05-26 01:44:00,357 [pool-307-thread-1] INFO  server.RaftServerConfigKeys (ConfUtils.java:logGet(46)) - raft.server.log.statemachine.data.sync.timeout = 10s (default)
2022-05-26 01:44:00,357 [pool-307-thread-1] INFO  server.RaftServerConfigKeys (ConfUtils.java:logGet(46)) - raft.server.log.statemachine.data.sync.timeout.retry = -1 (default)
2022-05-26 01:44:00,358 [pool-307-thread-1] INFO  server.RaftServerConfigKeys (ConfUtils.java:logGet(46)) - raft.server.log.write.buffer.size = 64KB (=65536) (default)
2022-05-26 01:44:00,358 [pool-307-thread-1] INFO  server.RaftServerConfigKeys (ConfUtils.java:logGet(46)) - raft.server.log.unsafe-flush.enabled = false (default)
2022-05-26 01:44:00,358 [pool-307-thread-1] INFO  server.RaftServerConfigKeys (ConfUtils.java:logGet(46)) - raft.server.log.statemachine.data.caching.enabled = false (default)
2022-05-26 01:44:00,359 [pool-307-thread-1] INFO  segmented.SegmentedRaftLogWorker (SegmentedRaftLogWorker.java:lambda$new$0(135)) - om1@group-C5BA1605619E-SegmentedRaftLogWorker: flushIndex: setUnconditionally 0 -> -1
2022-05-26 01:44:00,359 [pool-307-thread-1] INFO  segmented.SegmentedRaftLogWorker (SegmentedRaftLogWorker.java:lambda$new$0(135)) - om1@group-C5BA1605619E-SegmentedRaftLogWorker: safeCacheEvictIndex: setUnconditionally 0 -> -1
2022-05-26 01:44:00,364 [pool-307-thread-1] INFO  server.RaftServerConfigKeys (ConfUtils.java:logGet(46)) - raft.server.snapshot.auto.trigger.enabled = true (custom)
2022-05-26 01:44:00,364 [pool-307-thread-1] INFO  server.RaftServerConfigKeys (ConfUtils.java:logGet(46)) - raft.server.snapshot.auto.trigger.threshold = 400000 (default)
2022-05-26 01:44:00,364 [pool-307-thread-1] INFO  server.RaftServerConfigKeys (ConfUtils.java:logGet(46)) - raft.server.snapshot.retention.file.num = -1 (default)
2022-05-26 01:44:00,364 [pool-307-thread-1] INFO  server.RaftServerConfigKeys (ConfUtils.java:logGet(46)) - raft.server.log.purge.upto.snapshot.index = true (custom)
2022-05-26 01:44:00,364 [pool-307-thread-1] INFO  server.RaftServerConfigKeys (ConfUtils.java:logGet(46)) - raft.server.retrycache.expirytime = 300s (custom)
2022-05-26 01:44:00,364 [pool-307-thread-1] INFO  server.RaftServerConfigKeys (ConfUtils.java:logGet(46)) - raft.server.retrycache.statistics.expirytime = 100μs (default)
2022-05-26 01:44:00,365 [pool-307-thread-1] INFO  server.RaftServerConfigKeys (ConfUtils.java:logGet(46)) - raft.server.log.appender.install.snapshot.enabled = false (custom)
2022-05-26 01:44:00,365 [pool-307-thread-1] INFO  server.RaftServerConfigKeys (ConfUtils.java:logGet(46)) - raft.server.threadpool.server.cached = true (default)
2022-05-26 01:44:00,365 [pool-307-thread-1] INFO  server.RaftServerConfigKeys (ConfUtils.java:logGet(46)) - raft.server.threadpool.server.size = 0 (default)
2022-05-26 01:44:00,366 [pool-307-thread-1] INFO  server.RaftServerConfigKeys (ConfUtils.java:logGet(46)) - raft.server.threadpool.client.cached = true (default)
2022-05-26 01:44:00,366 [pool-307-thread-1] INFO  server.RaftServerConfigKeys (ConfUtils.java:logGet(46)) - raft.server.threadpool.client.size = 0 (default)
2022-05-26 01:44:01,899 [Listener at 0.0.0.0/42977] INFO  reflections.Reflections (Reflections.java:scan(232)) - Reflections took 1592 ms to scan 19 urls, producing 61 keys and 3727 values [using 2 cores]
2022-05-26 01:44:01,900 [Listener at 0.0.0.0/42977] INFO  ipc.CallQueueManager (CallQueueManager.java:<init>(90)) - Using callQueue: class java.util.concurrent.LinkedBlockingQueue, queueCapacity: 2000, scheduler: class org.apache.hadoop.ipc.DefaultRpcScheduler, ipcBackoff: false.
2022-05-26 01:44:01,909 [Socket Reader #1 for port 0] INFO  ipc.Server (Server.java:run(1265)) - Starting Socket Reader #1 for port 0
2022-05-26 01:44:01,974 [Listener at 127.0.0.1/34495] INFO  impl.MetricsSystemImpl (MetricsSystemImpl.java:init(158)) - OzoneManager metrics system started (again)
2022-05-26 01:44:01,991 [Listener at 127.0.0.1/34495] INFO  om.OzoneManager (OzoneManager.java:start(1405)) - OzoneManager RPC server is listening at localhost/127.0.0.1:34495
2022-05-26 01:44:01,992 [Listener at 127.0.0.1/34495] INFO  ratis.OzoneManagerRatisServer (OzoneManagerRatisServer.java:start(554)) - Starting OzoneManagerRatisServer om1 at port 9872
2022-05-26 01:44:01,992 [om1-impl-thread1] INFO  server.RaftServer$Division (RaftServerImpl.java:start(310)) - om1@group-C5BA1605619E: start as a follower, conf=-1: [om1|rpc:localhost:9872|priority:0], old=null
2022-05-26 01:44:01,992 [om1-impl-thread1] INFO  server.RaftServer$Division (RaftServerImpl.java:setRole(299)) - om1@group-C5BA1605619E: changes role from      null to FOLLOWER at term 0 for startAsFollower
2022-05-26 01:44:01,992 [om1-impl-thread1] INFO  impl.RoleInfo (RoleInfo.java:updateAndGet(139)) - om1: start om1@group-C5BA1605619E-FollowerState
2022-05-26 01:44:02,002 [om1-impl-thread1] INFO  util.JmxRegister (JmxRegister.java:tryRegister(44)) - Successfully registered JMX Bean with object name Ratis:service=RaftServer,group=group-C5BA1605619E,id=om1
2022-05-26 01:44:02,007 [Listener at 127.0.0.1/34495] INFO  server.RaftServer (RaftServerProxy.java:lambda$start$6(382)) - om1: start RPC server
2022-05-26 01:44:02,039 [Listener at 127.0.0.1/34495] INFO  server.GrpcService (GrpcService.java:startImpl(260)) - om1: GrpcService started, listening on 9872
2022-05-26 01:44:02,040 [Listener at 127.0.0.1/34495] INFO  om.OzoneManager (OzoneManager.java:start(1421)) - Version File has different layout version (2) than OM DB (null). That is expected if this OM has never been finalized to a newer layout version.
2022-05-26 01:44:02,040 [org.apache.ratis.util.JvmPauseMonitor$$Lambda$677/950145419@f2d9eb] INFO  util.JvmPauseMonitor (JvmPauseMonitor.java:run(103)) - JvmPauseMonitor-om1: Started
2022-05-26 01:44:02,064 [Listener at 127.0.0.1/34495] INFO  http.BaseHttpServer (BaseHttpServer.java:newHttpServer2BuilderForOzone(209)) - Starting Web-server for ozoneManager at: http://0.0.0.0:0
2022-05-26 01:44:02,064 [Listener at 127.0.0.1/34495] INFO  http.BaseHttpServer (BaseHttpServer.java:<init>(107)) - Hadoop Security Enabled: false Ozone Security Enabled: false Ozone HTTP Security Enabled: false 
2022-05-26 01:44:02,065 [Listener at 127.0.0.1/34495] INFO  server.AuthenticationFilter (AuthenticationFilter.java:constructSecretProvider(240)) - Unable to initialize FileSignerSecretProvider, falling back to use random secrets.
2022-05-26 01:44:02,068 [Listener at 127.0.0.1/34495] WARN  http.HttpRequestLog (HttpRequestLog.java:getRequestLog(103)) - Jetty request log can only be enabled using Log4j
2022-05-26 01:44:02,070 [Listener at 127.0.0.1/34495] INFO  http.HttpServer2 (HttpServer2.java:addGlobalFilter(1030)) - Added global filter 'safety' (class=org.apache.hadoop.hdds.server.http.HttpServer2$QuotingInputFilter)
2022-05-26 01:44:02,070 [Listener at 127.0.0.1/34495] INFO  http.HttpServer2 (HttpServer2.java:addFilter(1006)) - Added filter static_user_filter (class=org.apache.hadoop.http.lib.StaticUserWebFilter$StaticUserFilter) to context ozoneManager
2022-05-26 01:44:02,070 [Listener at 127.0.0.1/34495] INFO  http.HttpServer2 (HttpServer2.java:addFilter(1014)) - Added filter static_user_filter (class=org.apache.hadoop.http.lib.StaticUserWebFilter$StaticUserFilter) to context static
2022-05-26 01:44:02,070 [Listener at 127.0.0.1/34495] INFO  http.HttpServer2 (HttpServer2.java:addFilter(1014)) - Added filter static_user_filter (class=org.apache.hadoop.http.lib.StaticUserWebFilter$StaticUserFilter) to context logs
2022-05-26 01:44:02,071 [Listener at 127.0.0.1/34495] INFO  http.HttpServer2 (HttpServer2.java:bindListener(1249)) - Jetty bound to port 33855
2022-05-26 01:44:02,071 [Listener at 127.0.0.1/34495] INFO  server.Server (Server.java:doStart(375)) - jetty-9.4.43.v20210629; built: 2021-06-30T11:07:22.254Z; git: 526006ecfa3af7f1a27ef3a288e2bef7ea9dd7e8; jvm 1.8.0_332-b09
2022-05-26 01:44:02,104 [Listener at 127.0.0.1/34495] INFO  server.session (DefaultSessionIdManager.java:doStart(334)) - DefaultSessionIdManager workerName=node0
2022-05-26 01:44:02,104 [Listener at 127.0.0.1/34495] INFO  server.session (DefaultSessionIdManager.java:doStart(339)) - No SessionScavenger set, using defaults
2022-05-26 01:44:02,105 [Listener at 127.0.0.1/34495] INFO  server.session (HouseKeeper.java:startScavenging(132)) - node0 Scavenging every 660000ms
2022-05-26 01:44:02,112 [Listener at 127.0.0.1/34495] INFO  handler.ContextHandler (ContextHandler.java:doStart(915)) - Started o.e.j.s.ServletContextHandler@3e77de0a{logs,/logs,file:///home/runner/work/ozone/ozone/hadoop-ozone/integration-test/target/log,AVAILABLE}
2022-05-26 01:44:02,113 [Listener at 127.0.0.1/34495] INFO  handler.ContextHandler (ContextHandler.java:doStart(915)) - Started o.e.j.s.ServletContextHandler@c4ced8e{static,/static,file:///home/runner/work/ozone/ozone/hadoop-ozone/integration-test/target/test-classes/webapps/static,AVAILABLE}
2022-05-26 01:44:02,116 [Listener at 127.0.0.1/34495] INFO  handler.ContextHandler (ContextHandler.java:doStart(915)) - Started o.e.j.w.WebAppContext@2d19622c{ozoneManager,/,file:///home/runner/work/ozone/ozone/hadoop-ozone/integration-test/target/test-classes/webapps/ozoneManager/,AVAILABLE}{file:/home/runner/work/ozone/ozone/hadoop-ozone/integration-test/target/test-classes/webapps/ozoneManager}
2022-05-26 01:44:02,132 [Listener at 127.0.0.1/34495] INFO  server.AbstractConnector (AbstractConnector.java:doStart(331)) - Started ServerConnector@5ad6760c{HTTP/1.1, (http/1.1)}{0.0.0.0:33855}
2022-05-26 01:44:02,132 [Listener at 127.0.0.1/34495] INFO  server.Server (Server.java:doStart(415)) - Started @80903ms
2022-05-26 01:44:02,132 [Listener at 127.0.0.1/34495] WARN  impl.MetricsSystemImpl (MetricsSystemImpl.java:register(279)) - Sink prometheus already exists!
2022-05-26 01:44:02,133 [Listener at 127.0.0.1/34495] INFO  http.BaseHttpServer (BaseHttpServer.java:updateConnectorAddress(329)) - HTTP server of ozoneManager listening at http://0.0.0.0:33855
2022-05-26 01:44:02,140 [IPC Server Responder] INFO  ipc.Server (Server.java:run(1507)) - IPC Server Responder: starting
2022-05-26 01:44:02,140 [IPC Server listener on 0] INFO  ipc.Server (Server.java:run(1344)) - IPC Server listener on 0: starting
2022-05-26 01:44:02,316 [Listener at 127.0.0.1/34495] INFO  om.OzoneManager (OzoneManager.java:startTrashEmptier(1845)) - Trash Interval set to 0. Files deleted won't move to trash
2022-05-26 01:44:02,356 [org.apache.hadoop.util.JvmPauseMonitor$Monitor@6254a37b] INFO  util.JvmPauseMonitor (JvmPauseMonitor.java:run(188)) - Starting JVM pause monitor
2022-05-26 01:44:02,369 [Listener at 127.0.0.1/34495] WARN  impl.MetricRegistriesImpl (MetricRegistriesImpl.java:addReporterRegistration(111)) - New reporters are added after registries were created. Some metrics will be missing from the reporter. Please add reporter before adding any new registry.
2022-05-26 01:44:02,369 [Listener at 127.0.0.1/34495] WARN  impl.MetricRegistriesImpl (MetricRegistriesImpl.java:addReporterRegistration(111)) - New reporters are added after registries were created. Some metrics will be missing from the reporter. Please add reporter before adding any new registry.
2022-05-26 01:44:02,369 [Listener at 127.0.0.1/34495] INFO  impl.MetricsSystemImpl (MetricsSystemImpl.java:init(158)) - HddsDatanode metrics system started (again)
2022-05-26 01:44:02,429 [Listener at 127.0.0.1/34495] INFO  ozone.HddsDatanodeService (HddsDatanodeService.java:start(236)) - HddsDatanodeService host:fv-az270-854.tacnzluakwdehk1hpragurqkma.bx.internal.cloudapp.net ip:10.1.0.18
2022-05-26 01:44:02,471 [Listener at 127.0.0.1/34495] INFO  upgrade.AbstractLayoutVersionManager (AbstractLayoutVersionManager.java:init(79)) - Initializing Layout version manager with metadata layout = ERASURE_CODED_STORAGE_SUPPORT (version = 3), software layout = ERASURE_CODED_STORAGE_SUPPORT (version = 3)
2022-05-26 01:44:02,616 [Listener at 127.0.0.1/34495] INFO  reflections.Reflections (Reflections.java:scan(232)) - Reflections took 141 ms to scan 7 urls, producing 127 keys and 292 values 
2022-05-26 01:44:02,617 [Listener at 127.0.0.1/34495] INFO  statemachine.DatanodeStateMachine (DatanodeStateMachine.java:getEndPointTaskThreadPoolSize(233)) - Datanode State Machine Task Thread Pool size 2
2022-05-26 01:44:02,633 [Listener at 127.0.0.1/34495] INFO  volume.HddsVolume (HddsVolume.java:<init>(120)) - Creating HddsVolume: /home/runner/work/ozone/ozone/hadoop-ozone/integration-test/target/test-dir/MiniOzoneClusterImpl-a6c467d1-2397-44e1-8ce0-4bb4627e7e2b/datanode-0/data-0/containers/hdds of storage type : DISK capacity : 9223372036854775807
2022-05-26 01:44:02,633 [Listener at 127.0.0.1/34495] INFO  volume.MutableVolumeSet (MutableVolumeSet.java:initializeVolumeSet(168)) - Added Volume : /home/runner/work/ozone/ozone/hadoop-ozone/integration-test/target/test-dir/MiniOzoneClusterImpl-a6c467d1-2397-44e1-8ce0-4bb4627e7e2b/datanode-0/data-0/containers/hdds to VolumeSet
2022-05-26 01:44:02,633 [Listener at 127.0.0.1/34495] INFO  volume.ThrottledAsyncChecker (ThrottledAsyncChecker.java:schedule(141)) - Scheduling a check for /home/runner/work/ozone/ozone/hadoop-ozone/integration-test/target/test-dir/MiniOzoneClusterImpl-a6c467d1-2397-44e1-8ce0-4bb4627e7e2b/datanode-0/data-0/containers/hdds
2022-05-26 01:44:02,652 [Listener at 127.0.0.1/34495] INFO  volume.StorageVolumeChecker (StorageVolumeChecker.java:checkAllVolumes(202)) - Scheduled health check for volume /home/runner/work/ozone/ozone/hadoop-ozone/integration-test/target/test-dir/MiniOzoneClusterImpl-a6c467d1-2397-44e1-8ce0-4bb4627e7e2b/datanode-0/data-0/containers/hdds
2022-05-26 01:44:02,671 [Listener at 127.0.0.1/34495] INFO  volume.MutableVolumeSet (MutableVolumeSet.java:initializeVolumeSet(168)) - Added Volume : /home/runner/work/ozone/ozone/hadoop-ozone/integration-test/target/test-dir/MiniOzoneClusterImpl-a6c467d1-2397-44e1-8ce0-4bb4627e7e2b/datanode-0/data/ratis to VolumeSet
2022-05-26 01:44:02,671 [Listener at 127.0.0.1/34495] INFO  volume.ThrottledAsyncChecker (ThrottledAsyncChecker.java:schedule(141)) - Scheduling a check for /home/runner/work/ozone/ozone/hadoop-ozone/integration-test/target/test-dir/MiniOzoneClusterImpl-a6c467d1-2397-44e1-8ce0-4bb4627e7e2b/datanode-0/data/ratis
2022-05-26 01:44:02,671 [Listener at 127.0.0.1/34495] INFO  volume.StorageVolumeChecker (StorageVolumeChecker.java:checkAllVolumes(202)) - Scheduled health check for volume /home/runner/work/ozone/ozone/hadoop-ozone/integration-test/target/test-dir/MiniOzoneClusterImpl-a6c467d1-2397-44e1-8ce0-4bb4627e7e2b/datanode-0/data/ratis
2022-05-26 01:44:02,732 [Thread-639] INFO  ozoneimpl.ContainerReader (ContainerReader.java:readVolume(172)) - Finish verifying containers on volume /home/runner/work/ozone/ozone/hadoop-ozone/integration-test/target/test-dir/MiniOzoneClusterImpl-a6c467d1-2397-44e1-8ce0-4bb4627e7e2b/datanode-0/data-0/containers/hdds
2022-05-26 01:44:02,732 [Listener at 127.0.0.1/34495] INFO  ozoneimpl.OzoneContainer (OzoneContainer.java:buildContainerSet(257)) - Build ContainerSet costs 0s
2022-05-26 01:44:02,734 [Listener at 127.0.0.1/34495] INFO  server.RaftServer (ConfUtils.java:logGet(46)) - raft.rpc.type = GRPC (default)
2022-05-26 01:44:02,735 [Listener at 127.0.0.1/34495] INFO  grpc.GrpcFactory (GrpcFactory.java:checkPooledByteBufAllocatorUseCacheForAllThreads(48)) - PERFORMANCE WARNING: useCacheForAllThreads is true that may cause Netty to create a lot garbage objects and, as a result, trigger GC.
	It is recommended to disable useCacheForAllThreads by setting -Dorg.apache.ratis.thirdparty.io.netty.allocator.useCacheForAllThreads=false in command line.
2022-05-26 01:44:02,735 [Listener at 127.0.0.1/34495] INFO  grpc.GrpcConfigKeys (ConfUtils.java:logGet(46)) - raft.grpc.admin.port = 0 (custom)
2022-05-26 01:44:02,735 [Listener at 127.0.0.1/34495] INFO  grpc.GrpcConfigKeys (ConfUtils.java:logGet(46)) - raft.grpc.client.port = 0 (custom)
2022-05-26 01:44:02,735 [Listener at 127.0.0.1/34495] INFO  grpc.GrpcConfigKeys (ConfUtils.java:logGet(46)) - raft.grpc.server.port = 0 (default)
2022-05-26 01:44:02,735 [Listener at 127.0.0.1/34495] INFO  server.GrpcService (ConfUtils.java:logGet(46)) - raft.grpc.message.size.max = 32MB (=33554432) (custom)
2022-05-26 01:44:02,735 [Listener at 127.0.0.1/34495] INFO  server.RaftServerConfigKeys (ConfUtils.java:logGet(46)) - raft.server.log.appender.buffer.byte-limit = 33554432 (custom)
2022-05-26 01:44:02,735 [Listener at 127.0.0.1/34495] INFO  server.GrpcService (ConfUtils.java:logGet(46)) - raft.grpc.flow.control.window = 5MB (=5242880) (custom)
2022-05-26 01:44:02,735 [Listener at 127.0.0.1/34495] INFO  server.RaftServerConfigKeys (ConfUtils.java:logGet(46)) - raft.server.rpc.request.timeout = 60s (custom)
2022-05-26 01:44:02,736 [Listener at 127.0.0.1/34495] INFO  grpc.GrpcConfigKeys (ConfUtils.java:logGet(46)) - raft.grpc.server.async.request.thread.pool.cached = true (default)
2022-05-26 01:44:02,736 [Listener at 127.0.0.1/34495] INFO  grpc.GrpcConfigKeys (ConfUtils.java:logGet(46)) - raft.grpc.server.async.request.thread.pool.size = 32 (default)
2022-05-26 01:44:02,737 [Listener at 127.0.0.1/34495] INFO  impl.DataStreamServerImpl (ConfUtils.java:logGet(46)) - raft.datastream.type = DISABLED (default)
2022-05-26 01:44:02,737 [Listener at 127.0.0.1/34495] INFO  server.RaftServerConfigKeys (ConfUtils.java:logGet(46)) - raft.server.threadpool.proxy.cached = true (default)
2022-05-26 01:44:02,737 [Listener at 127.0.0.1/34495] INFO  server.RaftServerConfigKeys (ConfUtils.java:logGet(46)) - raft.server.threadpool.proxy.size = 0 (default)
2022-05-26 01:44:02,737 [Listener at 127.0.0.1/34495] INFO  server.RaftServerConfigKeys (ConfUtils.java:logGet(46)) - raft.server.rpc.slowness.timeout = 300s (custom)
2022-05-26 01:44:02,737 [Listener at 127.0.0.1/34495] INFO  server.RaftServerConfigKeys (ConfUtils.java:logGet(46)) - raft.server.leaderelection.leader.step-down.wait-time = 10s (default)
2022-05-26 01:44:02,738 [Listener at 127.0.0.1/34495] INFO  server.RaftServerConfigKeys (ConfUtils.java:logGet(46)) - raft.server.storage.dir = [/home/runner/work/ozone/ozone/hadoop-ozone/integration-test/target/test-dir/MiniOzoneClusterImpl-a6c467d1-2397-44e1-8ce0-4bb4627e7e2b/datanode-0/data/ratis] (custom)
2022-05-26 01:44:02,740 [Listener at 127.0.0.1/34495] INFO  server.XceiverServerGrpc (XceiverServerGrpc.java:<init>(132)) - GrpcServer channel type EpollServerSocketChannel
2022-05-26 01:44:02,749 [Listener at 127.0.0.1/34495] INFO  http.BaseHttpServer (BaseHttpServer.java:newHttpServer2BuilderForOzone(209)) - Starting Web-server for hddsDatanode at: http://0.0.0.0:0
2022-05-26 01:44:02,749 [Listener at 127.0.0.1/34495] INFO  http.BaseHttpServer (BaseHttpServer.java:<init>(107)) - Hadoop Security Enabled: false Ozone Security Enabled: false Ozone HTTP Security Enabled: false 
2022-05-26 01:44:02,750 [Listener at 127.0.0.1/34495] INFO  server.AuthenticationFilter (AuthenticationFilter.java:constructSecretProvider(240)) - Unable to initialize FileSignerSecretProvider, falling back to use random secrets.
2022-05-26 01:44:02,764 [Listener at 127.0.0.1/34495] WARN  http.HttpRequestLog (HttpRequestLog.java:getRequestLog(103)) - Jetty request log can only be enabled using Log4j
2022-05-26 01:44:02,776 [Listener at 127.0.0.1/34495] INFO  http.HttpServer2 (HttpServer2.java:addGlobalFilter(1030)) - Added global filter 'safety' (class=org.apache.hadoop.hdds.server.http.HttpServer2$QuotingInputFilter)
2022-05-26 01:44:02,777 [Listener at 127.0.0.1/34495] INFO  http.HttpServer2 (HttpServer2.java:addFilter(1006)) - Added filter static_user_filter (class=org.apache.hadoop.http.lib.StaticUserWebFilter$StaticUserFilter) to context hddsDatanode
2022-05-26 01:44:02,777 [Listener at 127.0.0.1/34495] INFO  http.HttpServer2 (HttpServer2.java:addFilter(1014)) - Added filter static_user_filter (class=org.apache.hadoop.http.lib.StaticUserWebFilter$StaticUserFilter) to context static
2022-05-26 01:44:02,777 [Listener at 127.0.0.1/34495] INFO  http.HttpServer2 (HttpServer2.java:addFilter(1014)) - Added filter static_user_filter (class=org.apache.hadoop.http.lib.StaticUserWebFilter$StaticUserFilter) to context logs
2022-05-26 01:44:02,778 [Listener at 127.0.0.1/34495] INFO  http.HttpServer2 (HttpServer2.java:bindListener(1249)) - Jetty bound to port 42701
2022-05-26 01:44:02,778 [Listener at 127.0.0.1/34495] INFO  server.Server (Server.java:doStart(375)) - jetty-9.4.43.v20210629; built: 2021-06-30T11:07:22.254Z; git: 526006ecfa3af7f1a27ef3a288e2bef7ea9dd7e8; jvm 1.8.0_332-b09
2022-05-26 01:44:02,828 [Listener at 127.0.0.1/34495] INFO  server.session (DefaultSessionIdManager.java:doStart(334)) - DefaultSessionIdManager workerName=node0
2022-05-26 01:44:02,828 [Listener at 127.0.0.1/34495] INFO  server.session (DefaultSessionIdManager.java:doStart(339)) - No SessionScavenger set, using defaults
2022-05-26 01:44:02,828 [Listener at 127.0.0.1/34495] INFO  server.session (HouseKeeper.java:startScavenging(132)) - node0 Scavenging every 660000ms
2022-05-26 01:44:02,852 [Listener at 127.0.0.1/34495] INFO  handler.ContextHandler (ContextHandler.java:doStart(915)) - Started o.e.j.s.ServletContextHandler@48835d79{logs,/logs,file:///home/runner/work/ozone/ozone/hadoop-ozone/integration-test/target/log,AVAILABLE}
2022-05-26 01:44:02,853 [Listener at 127.0.0.1/34495] INFO  handler.ContextHandler (ContextHandler.java:doStart(915)) - Started o.e.j.s.ServletContextHandler@1ffed69a{static,/static,jar:file:/home/runner/.m2/repository/org/apache/ozone/hdds-container-service/1.3.0-SNAPSHOT/hdds-container-service-1.3.0-SNAPSHOT.jar!/webapps/static,AVAILABLE}
2022-05-26 01:44:03,084 [om1@group-C5BA1605619E-FollowerState] INFO  impl.FollowerState (FollowerState.java:run(143)) - om1@group-C5BA1605619E-FollowerState: change to CANDIDATE, lastRpcElapsedTime:1092007480ns, electionTimeout:1064ms
2022-05-26 01:44:03,084 [om1@group-C5BA1605619E-FollowerState] INFO  impl.RoleInfo (RoleInfo.java:shutdownFollowerState(110)) - om1: shutdown om1@group-C5BA1605619E-FollowerState
2022-05-26 01:44:03,084 [om1@group-C5BA1605619E-FollowerState] INFO  server.RaftServer$Division (RaftServerImpl.java:setRole(299)) - om1@group-C5BA1605619E: changes role from  FOLLOWER to CANDIDATE at term 0 for changeToCandidate
2022-05-26 01:44:03,085 [om1@group-C5BA1605619E-FollowerState] INFO  server.RaftServerConfigKeys (ConfUtils.java:logGet(46)) - raft.server.leaderelection.pre-vote = false (custom)
2022-05-26 01:44:03,085 [om1@group-C5BA1605619E-FollowerState] INFO  impl.RoleInfo (RoleInfo.java:updateAndGet(139)) - om1: start om1@group-C5BA1605619E-LeaderElection20
2022-05-26 01:44:03,115 [om1@group-C5BA1605619E-LeaderElection20] INFO  impl.LeaderElection (LeaderElection.java:askForVotes(310)) - om1@group-C5BA1605619E-LeaderElection20 ELECTION round 0: submit vote requests at term 1 for -1: [om1|rpc:localhost:9872|priority:0], old=null
2022-05-26 01:44:03,115 [om1@group-C5BA1605619E-LeaderElection20] INFO  impl.LeaderElection (LeaderElection.java:askForVotes(312)) - om1@group-C5BA1605619E-LeaderElection20 ELECTION round 0: result PASSED (term=1)
2022-05-26 01:44:03,115 [om1@group-C5BA1605619E-LeaderElection20] INFO  impl.RoleInfo (RoleInfo.java:shutdownLeaderElection(130)) - om1: shutdown om1@group-C5BA1605619E-LeaderElection20
2022-05-26 01:44:03,115 [om1@group-C5BA1605619E-LeaderElection20] INFO  server.RaftServer$Division (RaftServerImpl.java:setRole(299)) - om1@group-C5BA1605619E: changes role from CANDIDATE to LEADER at term 1 for changeToLeader
2022-05-26 01:44:03,115 [om1@group-C5BA1605619E-LeaderElection20] INFO  server.RaftServer$Division (ServerState.java:setLeader(287)) - om1@group-C5BA1605619E: change Leader from null to om1 at term 1 for becomeLeader, leader elected after 2790ms
2022-05-26 01:44:03,115 [om1@group-C5BA1605619E-LeaderElection20] INFO  server.RaftServerConfigKeys (ConfUtils.java:logGet(46)) - raft.server.staging.catchup.gap = 1000 (default)
2022-05-26 01:44:03,115 [om1@group-C5BA1605619E-LeaderElection20] INFO  server.RaftServerConfigKeys (ConfUtils.java:logGet(46)) - raft.server.write.element-limit = 4096 (default)
2022-05-26 01:44:03,115 [om1@group-C5BA1605619E-LeaderElection20] INFO  server.RaftServerConfigKeys (ConfUtils.java:logGet(46)) - raft.server.write.byte-limit = 64MB (=67108864) (default)
2022-05-26 01:44:03,115 [om1@group-C5BA1605619E-LeaderElection20] INFO  server.RaftServerConfigKeys (ConfUtils.java:logGet(46)) - raft.server.watch.timeout = 10s (default)
2022-05-26 01:44:03,116 [om1@group-C5BA1605619E-LeaderElection20] INFO  server.RaftServerConfigKeys (ConfUtils.java:logGet(46)) - raft.server.watch.timeout.denomination = 1s (default)
2022-05-26 01:44:03,116 [om1@group-C5BA1605619E-LeaderElection20] INFO  server.RaftServerConfigKeys (ConfUtils.java:logGet(46)) - raft.server.watch.element-limit = 65536 (default)
2022-05-26 01:44:03,116 [om1@group-C5BA1605619E-LeaderElection20] INFO  server.RaftServerConfigKeys (ConfUtils.java:logGet(46)) - raft.server.write.element-limit = 4096 (default)
2022-05-26 01:44:03,116 [om1@group-C5BA1605619E-LeaderElection20] INFO  server.RaftServerConfigKeys (ConfUtils.java:logGet(46)) - raft.server.write.follower.gap.ratio.max = -1.0 (default)
2022-05-26 01:44:03,116 [om1@group-C5BA1605619E-LeaderElection20] INFO  impl.RoleInfo (RoleInfo.java:updateAndGet(139)) - om1: start om1@group-C5BA1605619E-LeaderStateImpl
2022-05-26 01:44:03,116 [om1@group-C5BA1605619E-LeaderElection20] INFO  segmented.SegmentedRaftLogWorker (SegmentedRaftLogWorker.java:startLogSegment(425)) - om1@group-C5BA1605619E-SegmentedRaftLogWorker: Starting segment from index:0
2022-05-26 01:44:03,131 [om1@group-C5BA1605619E-LeaderElection20] INFO  server.RaftServer$Division (ServerState.java:setRaftConf(393)) - om1@group-C5BA1605619E: set configuration 0: [om1|rpc:localhost:9872|admin:|client:|dataStream:|priority:0], old=null
2022-05-26 01:44:03,160 [om1@group-C5BA1605619E-SegmentedRaftLogWorker] INFO  segmented.SegmentedRaftLogWorker (SegmentedRaftLogWorker.java:execute(629)) - om1@group-C5BA1605619E-SegmentedRaftLogWorker: created new log segment /home/runner/work/ozone/ozone/hadoop-ozone/integration-test/target/test-dir/MiniOzoneClusterImpl-a6c467d1-2397-44e1-8ce0-4bb4627e7e2b/ozone-meta/ratis/bf265839-605b-3f16-9796-c5ba1605619e/current/log_inprogress_0
2022-05-26 01:44:03,162 [om1@group-C5BA1605619E-StateMachineUpdater] INFO  ratis.OzoneManagerStateMachine (OzoneManagerStateMachine.java:notifyConfigurationChanged(191)) - Received Configuration change notification from Ratis. New Peer list:
[id: "om1"
address: "localhost:9872"
]
2022-05-26 01:44:03,409 [Listener at 127.0.0.1/34495] INFO  handler.ContextHandler (ContextHandler.java:doStart(915)) - Started o.e.j.w.WebAppContext@5c32f2bf{hddsDatanode,/,file:///tmp/jetty-0_0_0_0-42701-hdds-container-service-1_3_0-SNAPSHOT_jar-_-any-8663101503400137292/webapp/,AVAILABLE}{jar:file:/home/runner/.m2/repository/org/apache/ozone/hdds-container-service/1.3.0-SNAPSHOT/hdds-container-service-1.3.0-SNAPSHOT.jar!/webapps/hddsDatanode}
2022-05-26 01:44:03,414 [Listener at 127.0.0.1/34495] INFO  server.AbstractConnector (AbstractConnector.java:doStart(331)) - Started ServerConnector@606ea72{HTTP/1.1, (http/1.1)}{0.0.0.0:42701}
2022-05-26 01:44:03,415 [Listener at 127.0.0.1/34495] INFO  server.Server (Server.java:doStart(415)) - Started @82186ms
2022-05-26 01:44:03,415 [Listener at 127.0.0.1/34495] WARN  impl.MetricsSystemImpl (MetricsSystemImpl.java:register(279)) - Sink prometheus already exists!
2022-05-26 01:44:03,415 [Listener at 127.0.0.1/34495] INFO  http.BaseHttpServer (BaseHttpServer.java:updateConnectorAddress(329)) - HTTP server of hddsDatanode listening at http://0.0.0.0:42701
2022-05-26 01:44:03,416 [Listener at 127.0.0.1/34495] WARN  impl.MetricRegistriesImpl (MetricRegistriesImpl.java:addReporterRegistration(111)) - New reporters are added after registries were created. Some metrics will be missing from the reporter. Please add reporter before adding any new registry.
2022-05-26 01:44:03,416 [Listener at 127.0.0.1/34495] WARN  impl.MetricRegistriesImpl (MetricRegistriesImpl.java:addReporterRegistration(111)) - New reporters are added after registries were created. Some metrics will be missing from the reporter. Please add reporter before adding any new registry.
2022-05-26 01:44:03,416 [Listener at 127.0.0.1/34495] INFO  impl.MetricsSystemImpl (MetricsSystemImpl.java:init(158)) - HddsDatanode metrics system started (again)
2022-05-26 01:44:03,441 [Datanode State Machine Daemon Thread] INFO  statemachine.DatanodeStateMachine (DatanodeStateMachine.java:lambda$startDaemon$0(481)) - Ozone container server started.
2022-05-26 01:44:03,452 [Listener at 127.0.0.1/34495] INFO  ozone.HddsDatanodeService (HddsDatanodeService.java:start(236)) - HddsDatanodeService host:fv-az270-854.tacnzluakwdehk1hpragurqkma.bx.internal.cloudapp.net ip:10.1.0.18
2022-05-26 01:44:03,490 [Listener at 127.0.0.1/34495] INFO  upgrade.AbstractLayoutVersionManager (AbstractLayoutVersionManager.java:init(79)) - Initializing Layout version manager with metadata layout = ERASURE_CODED_STORAGE_SUPPORT (version = 3), software layout = ERASURE_CODED_STORAGE_SUPPORT (version = 3)
2022-05-26 01:44:03,525 [org.apache.hadoop.util.JvmPauseMonitor$Monitor@755cbb4c] INFO  util.JvmPauseMonitor (JvmPauseMonitor.java:run(188)) - Starting JVM pause monitor
2022-05-26 01:44:03,543 [Datanode State Machine Task Thread - 0] INFO  datanode.InitDatanodeState (InitDatanodeState.java:persistContainerDatanodeDetails(138)) - DatanodeDetails is persisted to /home/runner/work/ozone/ozone/hadoop-ozone/integration-test/target/test-dir/MiniOzoneClusterImpl-a6c467d1-2397-44e1-8ce0-4bb4627e7e2b/datanode-0/meta/datanode.id
2022-05-26 01:44:03,633 [Listener at 127.0.0.1/34495] INFO  reflections.Reflections (Reflections.java:scan(232)) - Reflections took 140 ms to scan 7 urls, producing 127 keys and 292 values 
2022-05-26 01:44:03,634 [Listener at 127.0.0.1/34495] INFO  statemachine.DatanodeStateMachine (DatanodeStateMachine.java:getEndPointTaskThreadPoolSize(233)) - Datanode State Machine Task Thread Pool size 2
2022-05-26 01:44:03,650 [Listener at 127.0.0.1/34495] INFO  volume.HddsVolume (HddsVolume.java:<init>(120)) - Creating HddsVolume: /home/runner/work/ozone/ozone/hadoop-ozone/integration-test/target/test-dir/MiniOzoneClusterImpl-a6c467d1-2397-44e1-8ce0-4bb4627e7e2b/datanode-1/data-0/containers/hdds of storage type : DISK capacity : 9223372036854775807
2022-05-26 01:44:03,650 [Listener at 127.0.0.1/34495] INFO  volume.MutableVolumeSet (MutableVolumeSet.java:initializeVolumeSet(168)) - Added Volume : /home/runner/work/ozone/ozone/hadoop-ozone/integration-test/target/test-dir/MiniOzoneClusterImpl-a6c467d1-2397-44e1-8ce0-4bb4627e7e2b/datanode-1/data-0/containers/hdds to VolumeSet
2022-05-26 01:44:03,650 [Listener at 127.0.0.1/34495] INFO  volume.ThrottledAsyncChecker (ThrottledAsyncChecker.java:schedule(141)) - Scheduling a check for /home/runner/work/ozone/ozone/hadoop-ozone/integration-test/target/test-dir/MiniOzoneClusterImpl-a6c467d1-2397-44e1-8ce0-4bb4627e7e2b/datanode-1/data-0/containers/hdds
2022-05-26 01:44:03,664 [Listener at 127.0.0.1/34495] INFO  volume.StorageVolumeChecker (StorageVolumeChecker.java:checkAllVolumes(202)) - Scheduled health check for volume /home/runner/work/ozone/ozone/hadoop-ozone/integration-test/target/test-dir/MiniOzoneClusterImpl-a6c467d1-2397-44e1-8ce0-4bb4627e7e2b/datanode-1/data-0/containers/hdds
2022-05-26 01:44:03,720 [Listener at 127.0.0.1/34495] INFO  volume.MutableVolumeSet (MutableVolumeSet.java:initializeVolumeSet(168)) - Added Volume : /home/runner/work/ozone/ozone/hadoop-ozone/integration-test/target/test-dir/MiniOzoneClusterImpl-a6c467d1-2397-44e1-8ce0-4bb4627e7e2b/datanode-1/data/ratis to VolumeSet
2022-05-26 01:44:03,720 [Listener at 127.0.0.1/34495] INFO  volume.ThrottledAsyncChecker (ThrottledAsyncChecker.java:schedule(141)) - Scheduling a check for /home/runner/work/ozone/ozone/hadoop-ozone/integration-test/target/test-dir/MiniOzoneClusterImpl-a6c467d1-2397-44e1-8ce0-4bb4627e7e2b/datanode-1/data/ratis
2022-05-26 01:44:03,720 [Listener at 127.0.0.1/34495] INFO  volume.StorageVolumeChecker (StorageVolumeChecker.java:checkAllVolumes(202)) - Scheduled health check for volume /home/runner/work/ozone/ozone/hadoop-ozone/integration-test/target/test-dir/MiniOzoneClusterImpl-a6c467d1-2397-44e1-8ce0-4bb4627e7e2b/datanode-1/data/ratis
2022-05-26 01:44:03,745 [Thread-654] INFO  ozoneimpl.ContainerReader (ContainerReader.java:readVolume(172)) - Finish verifying containers on volume /home/runner/work/ozone/ozone/hadoop-ozone/integration-test/target/test-dir/MiniOzoneClusterImpl-a6c467d1-2397-44e1-8ce0-4bb4627e7e2b/datanode-1/data-0/containers/hdds
2022-05-26 01:44:03,745 [Listener at 127.0.0.1/34495] INFO  ozoneimpl.OzoneContainer (OzoneContainer.java:buildContainerSet(257)) - Build ContainerSet costs 0s
2022-05-26 01:44:03,747 [Listener at 127.0.0.1/34495] INFO  server.RaftServer (ConfUtils.java:logGet(46)) - raft.rpc.type = GRPC (default)
2022-05-26 01:44:03,748 [Listener at 127.0.0.1/34495] INFO  grpc.GrpcFactory (GrpcFactory.java:checkPooledByteBufAllocatorUseCacheForAllThreads(48)) - PERFORMANCE WARNING: useCacheForAllThreads is true that may cause Netty to create a lot garbage objects and, as a result, trigger GC.
	It is recommended to disable useCacheForAllThreads by setting -Dorg.apache.ratis.thirdparty.io.netty.allocator.useCacheForAllThreads=false in command line.
2022-05-26 01:44:03,748 [Listener at 127.0.0.1/34495] INFO  grpc.GrpcConfigKeys (ConfUtils.java:logGet(46)) - raft.grpc.admin.port = 0 (custom)
2022-05-26 01:44:03,748 [Listener at 127.0.0.1/34495] INFO  grpc.GrpcConfigKeys (ConfUtils.java:logGet(46)) - raft.grpc.client.port = 0 (custom)
2022-05-26 01:44:03,748 [Listener at 127.0.0.1/34495] INFO  grpc.GrpcConfigKeys (ConfUtils.java:logGet(46)) - raft.grpc.server.port = 0 (default)
2022-05-26 01:44:03,748 [Listener at 127.0.0.1/34495] INFO  server.GrpcService (ConfUtils.java:logGet(46)) - raft.grpc.message.size.max = 32MB (=33554432) (custom)
2022-05-26 01:44:03,748 [Listener at 127.0.0.1/34495] INFO  server.RaftServerConfigKeys (ConfUtils.java:logGet(46)) - raft.server.log.appender.buffer.byte-limit = 33554432 (custom)
2022-05-26 01:44:03,748 [Listener at 127.0.0.1/34495] INFO  server.GrpcService (ConfUtils.java:logGet(46)) - raft.grpc.flow.control.window = 5MB (=5242880) (custom)
2022-05-26 01:44:03,748 [Listener at 127.0.0.1/34495] INFO  server.RaftServerConfigKeys (ConfUtils.java:logGet(46)) - raft.server.rpc.request.timeout = 60s (custom)
2022-05-26 01:44:03,749 [Listener at 127.0.0.1/34495] INFO  grpc.GrpcConfigKeys (ConfUtils.java:logGet(46)) - raft.grpc.server.async.request.thread.pool.cached = true (default)
2022-05-26 01:44:03,749 [Listener at 127.0.0.1/34495] INFO  grpc.GrpcConfigKeys (ConfUtils.java:logGet(46)) - raft.grpc.server.async.request.thread.pool.size = 32 (default)
2022-05-26 01:44:03,750 [Listener at 127.0.0.1/34495] INFO  impl.DataStreamServerImpl (ConfUtils.java:logGet(46)) - raft.datastream.type = DISABLED (default)
2022-05-26 01:44:03,750 [Listener at 127.0.0.1/34495] INFO  server.RaftServerConfigKeys (ConfUtils.java:logGet(46)) - raft.server.threadpool.proxy.cached = true (default)
2022-05-26 01:44:03,750 [Listener at 127.0.0.1/34495] INFO  server.RaftServerConfigKeys (ConfUtils.java:logGet(46)) - raft.server.threadpool.proxy.size = 0 (default)
2022-05-26 01:44:03,750 [Listener at 127.0.0.1/34495] INFO  server.RaftServerConfigKeys (ConfUtils.java:logGet(46)) - raft.server.rpc.slowness.timeout = 300s (custom)
2022-05-26 01:44:03,750 [Listener at 127.0.0.1/34495] INFO  server.RaftServerConfigKeys (ConfUtils.java:logGet(46)) - raft.server.leaderelection.leader.step-down.wait-time = 10s (default)
2022-05-26 01:44:03,750 [Listener at 127.0.0.1/34495] INFO  server.RaftServerConfigKeys (ConfUtils.java:logGet(46)) - raft.server.storage.dir = [/home/runner/work/ozone/ozone/hadoop-ozone/integration-test/target/test-dir/MiniOzoneClusterImpl-a6c467d1-2397-44e1-8ce0-4bb4627e7e2b/datanode-1/data/ratis] (custom)
2022-05-26 01:44:03,772 [Listener at 127.0.0.1/34495] INFO  server.XceiverServerGrpc (XceiverServerGrpc.java:<init>(132)) - GrpcServer channel type EpollServerSocketChannel
2022-05-26 01:44:03,794 [Listener at 127.0.0.1/34495] INFO  http.BaseHttpServer (BaseHttpServer.java:newHttpServer2BuilderForOzone(209)) - Starting Web-server for hddsDatanode at: http://0.0.0.0:0
2022-05-26 01:44:03,794 [Listener at 127.0.0.1/34495] INFO  http.BaseHttpServer (BaseHttpServer.java:<init>(107)) - Hadoop Security Enabled: false Ozone Security Enabled: false Ozone HTTP Security Enabled: false 
2022-05-26 01:44:03,795 [Listener at 127.0.0.1/34495] INFO  server.AuthenticationFilter (AuthenticationFilter.java:constructSecretProvider(240)) - Unable to initialize FileSignerSecretProvider, falling back to use random secrets.
2022-05-26 01:44:03,798 [Listener at 127.0.0.1/34495] WARN  http.HttpRequestLog (HttpRequestLog.java:getRequestLog(103)) - Jetty request log can only be enabled using Log4j
2022-05-26 01:44:03,799 [Listener at 127.0.0.1/34495] INFO  http.HttpServer2 (HttpServer2.java:addGlobalFilter(1030)) - Added global filter 'safety' (class=org.apache.hadoop.hdds.server.http.HttpServer2$QuotingInputFilter)
2022-05-26 01:44:03,799 [Listener at 127.0.0.1/34495] INFO  http.HttpServer2 (HttpServer2.java:addFilter(1006)) - Added filter static_user_filter (class=org.apache.hadoop.http.lib.StaticUserWebFilter$StaticUserFilter) to context hddsDatanode
2022-05-26 01:44:03,800 [Listener at 127.0.0.1/34495] INFO  http.HttpServer2 (HttpServer2.java:addFilter(1014)) - Added filter static_user_filter (class=org.apache.hadoop.http.lib.StaticUserWebFilter$StaticUserFilter) to context static
2022-05-26 01:44:03,800 [Listener at 127.0.0.1/34495] INFO  http.HttpServer2 (HttpServer2.java:addFilter(1014)) - Added filter static_user_filter (class=org.apache.hadoop.http.lib.StaticUserWebFilter$StaticUserFilter) to context logs
2022-05-26 01:44:03,800 [Listener at 127.0.0.1/34495] INFO  http.HttpServer2 (HttpServer2.java:bindListener(1249)) - Jetty bound to port 44621
2022-05-26 01:44:03,800 [Listener at 127.0.0.1/34495] INFO  server.Server (Server.java:doStart(375)) - jetty-9.4.43.v20210629; built: 2021-06-30T11:07:22.254Z; git: 526006ecfa3af7f1a27ef3a288e2bef7ea9dd7e8; jvm 1.8.0_332-b09
2022-05-26 01:44:03,846 [Listener at 127.0.0.1/34495] INFO  server.session (DefaultSessionIdManager.java:doStart(334)) - DefaultSessionIdManager workerName=node0
2022-05-26 01:44:03,847 [Listener at 127.0.0.1/34495] INFO  server.session (DefaultSessionIdManager.java:doStart(339)) - No SessionScavenger set, using defaults
2022-05-26 01:44:03,847 [Listener at 127.0.0.1/34495] INFO  server.session (HouseKeeper.java:startScavenging(132)) - node0 Scavenging every 600000ms
2022-05-26 01:44:03,855 [Listener at 127.0.0.1/34495] INFO  handler.ContextHandler (ContextHandler.java:doStart(915)) - Started o.e.j.s.ServletContextHandler@5387e079{logs,/logs,file:///home/runner/work/ozone/ozone/hadoop-ozone/integration-test/target/log,AVAILABLE}
2022-05-26 01:44:03,855 [Listener at 127.0.0.1/34495] INFO  handler.ContextHandler (ContextHandler.java:doStart(915)) - Started o.e.j.s.ServletContextHandler@249dd7e6{static,/static,jar:file:/home/runner/.m2/repository/org/apache/ozone/hdds-container-service/1.3.0-SNAPSHOT/hdds-container-service-1.3.0-SNAPSHOT.jar!/webapps/static,AVAILABLE}
2022-05-26 01:44:04,264 [Listener at 127.0.0.1/34495] INFO  handler.ContextHandler (ContextHandler.java:doStart(915)) - Started o.e.j.w.WebAppContext@77320275{hddsDatanode,/,file:///tmp/jetty-0_0_0_0-44621-hdds-container-service-1_3_0-SNAPSHOT_jar-_-any-4497373447377873697/webapp/,AVAILABLE}{jar:file:/home/runner/.m2/repository/org/apache/ozone/hdds-container-service/1.3.0-SNAPSHOT/hdds-container-service-1.3.0-SNAPSHOT.jar!/webapps/hddsDatanode}
2022-05-26 01:44:04,288 [Listener at 127.0.0.1/34495] INFO  server.AbstractConnector (AbstractConnector.java:doStart(331)) - Started ServerConnector@76dc4e{HTTP/1.1, (http/1.1)}{0.0.0.0:44621}
2022-05-26 01:44:04,288 [Listener at 127.0.0.1/34495] INFO  server.Server (Server.java:doStart(415)) - Started @83060ms
2022-05-26 01:44:04,288 [Listener at 127.0.0.1/34495] WARN  impl.MetricsSystemImpl (MetricsSystemImpl.java:register(279)) - Sink prometheus already exists!
2022-05-26 01:44:04,290 [Listener at 127.0.0.1/34495] INFO  http.BaseHttpServer (BaseHttpServer.java:updateConnectorAddress(329)) - HTTP server of hddsDatanode listening at http://0.0.0.0:44621
2022-05-26 01:44:04,292 [Listener at 127.0.0.1/34495] WARN  impl.MetricRegistriesImpl (MetricRegistriesImpl.java:addReporterRegistration(111)) - New reporters are added after registries were created. Some metrics will be missing from the reporter. Please add reporter before adding any new registry.
2022-05-26 01:44:04,292 [Listener at 127.0.0.1/34495] WARN  impl.MetricRegistriesImpl (MetricRegistriesImpl.java:addReporterRegistration(111)) - New reporters are added after registries were created. Some metrics will be missing from the reporter. Please add reporter before adding any new registry.
2022-05-26 01:44:04,292 [Listener at 127.0.0.1/34495] INFO  impl.MetricsSystemImpl (MetricsSystemImpl.java:init(158)) - HddsDatanode metrics system started (again)
2022-05-26 01:44:04,303 [Datanode State Machine Daemon Thread] INFO  statemachine.DatanodeStateMachine (DatanodeStateMachine.java:lambda$startDaemon$0(481)) - Ozone container server started.
2022-05-26 01:44:04,312 [org.apache.hadoop.util.JvmPauseMonitor$Monitor@2b5a2008] INFO  util.JvmPauseMonitor (JvmPauseMonitor.java:run(188)) - Starting JVM pause monitor
2022-05-26 01:44:04,319 [Listener at 127.0.0.1/34495] INFO  ozone.HddsDatanodeService (HddsDatanodeService.java:start(236)) - HddsDatanodeService host:fv-az270-854.tacnzluakwdehk1hpragurqkma.bx.internal.cloudapp.net ip:10.1.0.18
2022-05-26 01:44:04,337 [Datanode State Machine Task Thread - 0] INFO  datanode.InitDatanodeState (InitDatanodeState.java:persistContainerDatanodeDetails(138)) - DatanodeDetails is persisted to /home/runner/work/ozone/ozone/hadoop-ozone/integration-test/target/test-dir/MiniOzoneClusterImpl-a6c467d1-2397-44e1-8ce0-4bb4627e7e2b/datanode-1/meta/datanode.id
2022-05-26 01:44:04,389 [Listener at 127.0.0.1/34495] INFO  upgrade.AbstractLayoutVersionManager (AbstractLayoutVersionManager.java:init(79)) - Initializing Layout version manager with metadata layout = ERASURE_CODED_STORAGE_SUPPORT (version = 3), software layout = ERASURE_CODED_STORAGE_SUPPORT (version = 3)
2022-05-26 01:44:04,449 [Listener at 127.0.0.1/34495] INFO  reflections.Reflections (Reflections.java:scan(232)) - Reflections took 58 ms to scan 7 urls, producing 127 keys and 292 values 
2022-05-26 01:44:04,450 [Listener at 127.0.0.1/34495] INFO  statemachine.DatanodeStateMachine (DatanodeStateMachine.java:getEndPointTaskThreadPoolSize(233)) - Datanode State Machine Task Thread Pool size 2
2022-05-26 01:44:04,451 [Listener at 127.0.0.1/34495] INFO  volume.HddsVolume (HddsVolume.java:<init>(120)) - Creating HddsVolume: /home/runner/work/ozone/ozone/hadoop-ozone/integration-test/target/test-dir/MiniOzoneClusterImpl-a6c467d1-2397-44e1-8ce0-4bb4627e7e2b/datanode-2/data-0/containers/hdds of storage type : DISK capacity : 9223372036854775807
2022-05-26 01:44:04,451 [Listener at 127.0.0.1/34495] INFO  volume.MutableVolumeSet (MutableVolumeSet.java:initializeVolumeSet(168)) - Added Volume : /home/runner/work/ozone/ozone/hadoop-ozone/integration-test/target/test-dir/MiniOzoneClusterImpl-a6c467d1-2397-44e1-8ce0-4bb4627e7e2b/datanode-2/data-0/containers/hdds to VolumeSet
2022-05-26 01:44:04,451 [Listener at 127.0.0.1/34495] INFO  volume.ThrottledAsyncChecker (ThrottledAsyncChecker.java:schedule(141)) - Scheduling a check for /home/runner/work/ozone/ozone/hadoop-ozone/integration-test/target/test-dir/MiniOzoneClusterImpl-a6c467d1-2397-44e1-8ce0-4bb4627e7e2b/datanode-2/data-0/containers/hdds
2022-05-26 01:44:04,453 [Listener at 127.0.0.1/34495] INFO  volume.StorageVolumeChecker (StorageVolumeChecker.java:checkAllVolumes(202)) - Scheduled health check for volume /home/runner/work/ozone/ozone/hadoop-ozone/integration-test/target/test-dir/MiniOzoneClusterImpl-a6c467d1-2397-44e1-8ce0-4bb4627e7e2b/datanode-2/data-0/containers/hdds
2022-05-26 01:44:04,481 [Listener at 127.0.0.1/34495] INFO  volume.MutableVolumeSet (MutableVolumeSet.java:initializeVolumeSet(168)) - Added Volume : /home/runner/work/ozone/ozone/hadoop-ozone/integration-test/target/test-dir/MiniOzoneClusterImpl-a6c467d1-2397-44e1-8ce0-4bb4627e7e2b/datanode-2/data/ratis to VolumeSet
2022-05-26 01:44:04,481 [Listener at 127.0.0.1/34495] INFO  volume.ThrottledAsyncChecker (ThrottledAsyncChecker.java:schedule(141)) - Scheduling a check for /home/runner/work/ozone/ozone/hadoop-ozone/integration-test/target/test-dir/MiniOzoneClusterImpl-a6c467d1-2397-44e1-8ce0-4bb4627e7e2b/datanode-2/data/ratis
2022-05-26 01:44:04,481 [Listener at 127.0.0.1/34495] INFO  volume.StorageVolumeChecker (StorageVolumeChecker.java:checkAllVolumes(202)) - Scheduled health check for volume /home/runner/work/ozone/ozone/hadoop-ozone/integration-test/target/test-dir/MiniOzoneClusterImpl-a6c467d1-2397-44e1-8ce0-4bb4627e7e2b/datanode-2/data/ratis
2022-05-26 01:44:04,512 [Thread-667] INFO  ozoneimpl.ContainerReader (ContainerReader.java:readVolume(172)) - Finish verifying containers on volume /home/runner/work/ozone/ozone/hadoop-ozone/integration-test/target/test-dir/MiniOzoneClusterImpl-a6c467d1-2397-44e1-8ce0-4bb4627e7e2b/datanode-2/data-0/containers/hdds
2022-05-26 01:44:04,512 [Listener at 127.0.0.1/34495] INFO  ozoneimpl.OzoneContainer (OzoneContainer.java:buildContainerSet(257)) - Build ContainerSet costs 0s
2022-05-26 01:44:04,515 [Listener at 127.0.0.1/34495] INFO  server.RaftServer (ConfUtils.java:logGet(46)) - raft.rpc.type = GRPC (default)
2022-05-26 01:44:04,515 [Listener at 127.0.0.1/34495] INFO  grpc.GrpcFactory (GrpcFactory.java:checkPooledByteBufAllocatorUseCacheForAllThreads(48)) - PERFORMANCE WARNING: useCacheForAllThreads is true that may cause Netty to create a lot garbage objects and, as a result, trigger GC.
	It is recommended to disable useCacheForAllThreads by setting -Dorg.apache.ratis.thirdparty.io.netty.allocator.useCacheForAllThreads=false in command line.
2022-05-26 01:44:04,516 [Listener at 127.0.0.1/34495] INFO  grpc.GrpcConfigKeys (ConfUtils.java:logGet(46)) - raft.grpc.admin.port = 0 (custom)
2022-05-26 01:44:04,516 [Listener at 127.0.0.1/34495] INFO  grpc.GrpcConfigKeys (ConfUtils.java:logGet(46)) - raft.grpc.client.port = 0 (custom)
2022-05-26 01:44:04,516 [Listener at 127.0.0.1/34495] INFO  grpc.GrpcConfigKeys (ConfUtils.java:logGet(46)) - raft.grpc.server.port = 0 (default)
2022-05-26 01:44:04,516 [Listener at 127.0.0.1/34495] INFO  server.GrpcService (ConfUtils.java:logGet(46)) - raft.grpc.message.size.max = 32MB (=33554432) (custom)
2022-05-26 01:44:04,516 [Listener at 127.0.0.1/34495] INFO  server.RaftServerConfigKeys (ConfUtils.java:logGet(46)) - raft.server.log.appender.buffer.byte-limit = 33554432 (custom)
2022-05-26 01:44:04,516 [Listener at 127.0.0.1/34495] INFO  server.GrpcService (ConfUtils.java:logGet(46)) - raft.grpc.flow.control.window = 5MB (=5242880) (custom)
2022-05-26 01:44:04,516 [Listener at 127.0.0.1/34495] INFO  server.RaftServerConfigKeys (ConfUtils.java:logGet(46)) - raft.server.rpc.request.timeout = 60s (custom)
2022-05-26 01:44:04,516 [Listener at 127.0.0.1/34495] INFO  grpc.GrpcConfigKeys (ConfUtils.java:logGet(46)) - raft.grpc.server.async.request.thread.pool.cached = true (default)
2022-05-26 01:44:04,516 [Listener at 127.0.0.1/34495] INFO  grpc.GrpcConfigKeys (ConfUtils.java:logGet(46)) - raft.grpc.server.async.request.thread.pool.size = 32 (default)
2022-05-26 01:44:04,518 [Listener at 127.0.0.1/34495] INFO  impl.DataStreamServerImpl (ConfUtils.java:logGet(46)) - raft.datastream.type = DISABLED (default)
2022-05-26 01:44:04,519 [Listener at 127.0.0.1/34495] INFO  server.RaftServerConfigKeys (ConfUtils.java:logGet(46)) - raft.server.threadpool.proxy.cached = true (default)
2022-05-26 01:44:04,519 [Listener at 127.0.0.1/34495] INFO  server.RaftServerConfigKeys (ConfUtils.java:logGet(46)) - raft.server.threadpool.proxy.size = 0 (default)
2022-05-26 01:44:04,519 [Listener at 127.0.0.1/34495] INFO  server.RaftServerConfigKeys (ConfUtils.java:logGet(46)) - raft.server.rpc.slowness.timeout = 300s (custom)
2022-05-26 01:44:04,519 [Listener at 127.0.0.1/34495] INFO  server.RaftServerConfigKeys (ConfUtils.java:logGet(46)) - raft.server.leaderelection.leader.step-down.wait-time = 10s (default)
2022-05-26 01:44:04,519 [Listener at 127.0.0.1/34495] INFO  server.RaftServerConfigKeys (ConfUtils.java:logGet(46)) - raft.server.storage.dir = [/home/runner/work/ozone/ozone/hadoop-ozone/integration-test/target/test-dir/MiniOzoneClusterImpl-a6c467d1-2397-44e1-8ce0-4bb4627e7e2b/datanode-2/data/ratis] (custom)
2022-05-26 01:44:04,521 [Listener at 127.0.0.1/34495] INFO  server.XceiverServerGrpc (XceiverServerGrpc.java:<init>(132)) - GrpcServer channel type EpollServerSocketChannel
2022-05-26 01:44:04,535 [Listener at 127.0.0.1/34495] INFO  http.BaseHttpServer (BaseHttpServer.java:newHttpServer2BuilderForOzone(209)) - Starting Web-server for hddsDatanode at: http://0.0.0.0:0
2022-05-26 01:44:04,535 [Listener at 127.0.0.1/34495] INFO  http.BaseHttpServer (BaseHttpServer.java:<init>(107)) - Hadoop Security Enabled: false Ozone Security Enabled: false Ozone HTTP Security Enabled: false 
2022-05-26 01:44:04,536 [Listener at 127.0.0.1/34495] INFO  server.AuthenticationFilter (AuthenticationFilter.java:constructSecretProvider(240)) - Unable to initialize FileSignerSecretProvider, falling back to use random secrets.
2022-05-26 01:44:04,552 [Listener at 127.0.0.1/34495] WARN  http.HttpRequestLog (HttpRequestLog.java:getRequestLog(103)) - Jetty request log can only be enabled using Log4j
2022-05-26 01:44:04,553 [Listener at 127.0.0.1/34495] INFO  http.HttpServer2 (HttpServer2.java:addGlobalFilter(1030)) - Added global filter 'safety' (class=org.apache.hadoop.hdds.server.http.HttpServer2$QuotingInputFilter)
2022-05-26 01:44:04,554 [Listener at 127.0.0.1/34495] INFO  http.HttpServer2 (HttpServer2.java:addFilter(1006)) - Added filter static_user_filter (class=org.apache.hadoop.http.lib.StaticUserWebFilter$StaticUserFilter) to context hddsDatanode
2022-05-26 01:44:04,554 [Listener at 127.0.0.1/34495] INFO  http.HttpServer2 (HttpServer2.java:addFilter(1014)) - Added filter static_user_filter (class=org.apache.hadoop.http.lib.StaticUserWebFilter$StaticUserFilter) to context logs
2022-05-26 01:44:04,554 [Listener at 127.0.0.1/34495] INFO  http.HttpServer2 (HttpServer2.java:addFilter(1014)) - Added filter static_user_filter (class=org.apache.hadoop.http.lib.StaticUserWebFilter$StaticUserFilter) to context static
2022-05-26 01:44:04,555 [Listener at 127.0.0.1/34495] INFO  http.HttpServer2 (HttpServer2.java:bindListener(1249)) - Jetty bound to port 34465
2022-05-26 01:44:04,555 [Listener at 127.0.0.1/34495] INFO  server.Server (Server.java:doStart(375)) - jetty-9.4.43.v20210629; built: 2021-06-30T11:07:22.254Z; git: 526006ecfa3af7f1a27ef3a288e2bef7ea9dd7e8; jvm 1.8.0_332-b09
2022-05-26 01:44:04,559 [Listener at 127.0.0.1/34495] INFO  server.session (DefaultSessionIdManager.java:doStart(334)) - DefaultSessionIdManager workerName=node0
2022-05-26 01:44:04,559 [Listener at 127.0.0.1/34495] INFO  server.session (DefaultSessionIdManager.java:doStart(339)) - No SessionScavenger set, using defaults
2022-05-26 01:44:04,560 [Listener at 127.0.0.1/34495] INFO  server.session (HouseKeeper.java:startScavenging(132)) - node0 Scavenging every 600000ms
2022-05-26 01:44:04,560 [Listener at 127.0.0.1/34495] INFO  handler.ContextHandler (ContextHandler.java:doStart(915)) - Started o.e.j.s.ServletContextHandler@45d58964{logs,/logs,file:///home/runner/work/ozone/ozone/hadoop-ozone/integration-test/target/log,AVAILABLE}
2022-05-26 01:44:04,561 [Listener at 127.0.0.1/34495] INFO  handler.ContextHandler (ContextHandler.java:doStart(915)) - Started o.e.j.s.ServletContextHandler@4a9296a3{static,/static,jar:file:/home/runner/.m2/repository/org/apache/ozone/hdds-container-service/1.3.0-SNAPSHOT/hdds-container-service-1.3.0-SNAPSHOT.jar!/webapps/static,AVAILABLE}
2022-05-26 01:44:05,057 [Listener at 127.0.0.1/34495] INFO  handler.ContextHandler (ContextHandler.java:doStart(915)) - Started o.e.j.w.WebAppContext@5e128aa2{hddsDatanode,/,file:///tmp/jetty-0_0_0_0-34465-hdds-container-service-1_3_0-SNAPSHOT_jar-_-any-7538454414976834327/webapp/,AVAILABLE}{jar:file:/home/runner/.m2/repository/org/apache/ozone/hdds-container-service/1.3.0-SNAPSHOT/hdds-container-service-1.3.0-SNAPSHOT.jar!/webapps/hddsDatanode}
2022-05-26 01:44:05,065 [Listener at 127.0.0.1/34495] INFO  server.AbstractConnector (AbstractConnector.java:doStart(331)) - Started ServerConnector@3614d53{HTTP/1.1, (http/1.1)}{0.0.0.0:34465}
2022-05-26 01:44:05,065 [Listener at 127.0.0.1/34495] INFO  server.Server (Server.java:doStart(415)) - Started @83836ms
2022-05-26 01:44:05,065 [Listener at 127.0.0.1/34495] WARN  impl.MetricsSystemImpl (MetricsSystemImpl.java:register(279)) - Sink prometheus already exists!
2022-05-26 01:44:05,073 [Listener at 127.0.0.1/34495] INFO  http.BaseHttpServer (BaseHttpServer.java:updateConnectorAddress(329)) - HTTP server of hddsDatanode listening at http://0.0.0.0:34465
2022-05-26 01:44:05,080 [Listener at 127.0.0.1/34495] INFO  ozone.MiniOzoneClusterImpl (MiniOzoneClusterImpl.java:lambda$waitForClusterToBeReady$0(221)) - Waiting for nodes to be ready. Got 0 of 3 DN Heartbeats.
2022-05-26 01:44:05,080 [Listener at 127.0.0.1/34495] INFO  ozone.MiniOzoneClusterImpl (MiniOzoneClusterImpl.java:lambda$waitForClusterToBeReady$0(224)) - Waiting for cluster to exit safe mode
2022-05-26 01:44:05,080 [Listener at 127.0.0.1/34495] INFO  ozone.MiniOzoneClusterImpl (MiniOzoneClusterImpl.java:lambda$waitForClusterToBeReady$0(226)) - SCM became leader
2022-05-26 01:44:05,080 [Datanode State Machine Daemon Thread] INFO  statemachine.DatanodeStateMachine (DatanodeStateMachine.java:lambda$startDaemon$0(481)) - Ozone container server started.
2022-05-26 01:44:05,200 [org.apache.hadoop.util.JvmPauseMonitor$Monitor@4468c39] INFO  util.JvmPauseMonitor (JvmPauseMonitor.java:run(188)) - Starting JVM pause monitor
2022-05-26 01:44:05,210 [Datanode State Machine Task Thread - 0] INFO  datanode.InitDatanodeState (InitDatanodeState.java:persistContainerDatanodeDetails(138)) - DatanodeDetails is persisted to /home/runner/work/ozone/ozone/hadoop-ozone/integration-test/target/test-dir/MiniOzoneClusterImpl-a6c467d1-2397-44e1-8ce0-4bb4627e7e2b/datanode-2/meta/datanode.id
2022-05-26 01:44:05,565 [EndpointStateMachine task thread for /0.0.0.0:32881 - 0 ] INFO  ozoneimpl.OzoneContainer (OzoneContainer.java:start(335)) - Attempting to start container services.
2022-05-26 01:44:05,565 [EndpointStateMachine task thread for /0.0.0.0:32881 - 0 ] INFO  ozoneimpl.OzoneContainer (OzoneContainer.java:startContainerScrub(270)) - Background container scanner has been disabled.
2022-05-26 01:44:05,567 [EndpointStateMachine task thread for /0.0.0.0:32881 - 0 ] INFO  replication.ReplicationServer (ReplicationServer.java:start(111)) - ReplicationServer is started using port 42757
2022-05-26 01:44:05,568 [EndpointStateMachine task thread for /0.0.0.0:32881 - 0 ] INFO  ratis.XceiverServerRatis (XceiverServerRatis.java:start(481)) - Starting XceiverServerRatis d9576437-3cbb-4170-b2cc-8965e43834d5
2022-05-26 01:44:05,568 [EndpointStateMachine task thread for /0.0.0.0:32881 - 0 ] INFO  server.RaftServer (RaftServerProxy.java:lambda$start$6(382)) - d9576437-3cbb-4170-b2cc-8965e43834d5: start RPC server
2022-05-26 01:44:05,577 [EndpointStateMachine task thread for /0.0.0.0:32881 - 0 ] INFO  server.GrpcService (GrpcService.java:startImpl(260)) - d9576437-3cbb-4170-b2cc-8965e43834d5: GrpcService started, listening on 42177
2022-05-26 01:44:05,577 [EndpointStateMachine task thread for /0.0.0.0:32881 - 0 ] INFO  ratis.XceiverServerRatis (XceiverServerRatis.java:getRealPort(502)) - XceiverServerRatis d9576437-3cbb-4170-b2cc-8965e43834d5 is started using port 42177 for RATIS
2022-05-26 01:44:05,577 [EndpointStateMachine task thread for /0.0.0.0:32881 - 0 ] INFO  ratis.XceiverServerRatis (XceiverServerRatis.java:getRealPort(502)) - XceiverServerRatis d9576437-3cbb-4170-b2cc-8965e43834d5 is started using port 42177 for RATIS_ADMIN
2022-05-26 01:44:05,577 [EndpointStateMachine task thread for /0.0.0.0:32881 - 0 ] INFO  ratis.XceiverServerRatis (XceiverServerRatis.java:getRealPort(502)) - XceiverServerRatis d9576437-3cbb-4170-b2cc-8965e43834d5 is started using port 42177 for RATIS_SERVER
2022-05-26 01:44:05,577 [org.apache.ratis.util.JvmPauseMonitor$$Lambda$677/950145419@7433ecb] INFO  util.JvmPauseMonitor (JvmPauseMonitor.java:run(103)) - JvmPauseMonitor-d9576437-3cbb-4170-b2cc-8965e43834d5: Started
2022-05-26 01:44:05,625 [EndpointStateMachine task thread for /0.0.0.0:32881 - 0 ] INFO  server.XceiverServerGrpc (XceiverServerGrpc.java:start(180)) - XceiverServerGrpc d9576437-3cbb-4170-b2cc-8965e43834d5 is started using port 33197
2022-05-26 01:44:06,080 [Listener at 127.0.0.1/34495] INFO  ozone.MiniOzoneClusterImpl (MiniOzoneClusterImpl.java:lambda$waitForClusterToBeReady$0(221)) - Waiting for nodes to be ready. Got 0 of 3 DN Heartbeats.
2022-05-26 01:44:06,081 [Listener at 127.0.0.1/34495] INFO  ozone.MiniOzoneClusterImpl (MiniOzoneClusterImpl.java:lambda$waitForClusterToBeReady$0(224)) - Waiting for cluster to exit safe mode
2022-05-26 01:44:06,081 [Listener at 127.0.0.1/34495] INFO  ozone.MiniOzoneClusterImpl (MiniOzoneClusterImpl.java:lambda$waitForClusterToBeReady$0(226)) - SCM became leader
2022-05-26 01:44:06,352 [EndpointStateMachine task thread for /0.0.0.0:32881 - 0 ] INFO  ozoneimpl.OzoneContainer (OzoneContainer.java:start(335)) - Attempting to start container services.
2022-05-26 01:44:06,352 [EndpointStateMachine task thread for /0.0.0.0:32881 - 0 ] INFO  ozoneimpl.OzoneContainer (OzoneContainer.java:startContainerScrub(270)) - Background container scanner has been disabled.
2022-05-26 01:44:06,354 [EndpointStateMachine task thread for /0.0.0.0:32881 - 0 ] INFO  replication.ReplicationServer (ReplicationServer.java:start(111)) - ReplicationServer is started using port 38595
2022-05-26 01:44:06,355 [EndpointStateMachine task thread for /0.0.0.0:32881 - 0 ] INFO  ratis.XceiverServerRatis (XceiverServerRatis.java:start(481)) - Starting XceiverServerRatis 9e488448-403c-4c27-a8c6-f2923e8aa025
2022-05-26 01:44:06,355 [EndpointStateMachine task thread for /0.0.0.0:32881 - 0 ] INFO  server.RaftServer (RaftServerProxy.java:lambda$start$6(382)) - 9e488448-403c-4c27-a8c6-f2923e8aa025: start RPC server
2022-05-26 01:44:06,369 [EndpointStateMachine task thread for /0.0.0.0:32881 - 0 ] INFO  server.GrpcService (GrpcService.java:startImpl(260)) - 9e488448-403c-4c27-a8c6-f2923e8aa025: GrpcService started, listening on 33371
2022-05-26 01:44:06,369 [EndpointStateMachine task thread for /0.0.0.0:32881 - 0 ] INFO  ratis.XceiverServerRatis (XceiverServerRatis.java:getRealPort(502)) - XceiverServerRatis 9e488448-403c-4c27-a8c6-f2923e8aa025 is started using port 33371 for RATIS
2022-05-26 01:44:06,369 [EndpointStateMachine task thread for /0.0.0.0:32881 - 0 ] INFO  ratis.XceiverServerRatis (XceiverServerRatis.java:getRealPort(502)) - XceiverServerRatis 9e488448-403c-4c27-a8c6-f2923e8aa025 is started using port 33371 for RATIS_ADMIN
2022-05-26 01:44:06,369 [EndpointStateMachine task thread for /0.0.0.0:32881 - 0 ] INFO  ratis.XceiverServerRatis (XceiverServerRatis.java:getRealPort(502)) - XceiverServerRatis 9e488448-403c-4c27-a8c6-f2923e8aa025 is started using port 33371 for RATIS_SERVER
2022-05-26 01:44:06,375 [org.apache.ratis.util.JvmPauseMonitor$$Lambda$677/950145419@213b3bcc] INFO  util.JvmPauseMonitor (JvmPauseMonitor.java:run(103)) - JvmPauseMonitor-9e488448-403c-4c27-a8c6-f2923e8aa025: Started
2022-05-26 01:44:06,389 [EndpointStateMachine task thread for /0.0.0.0:32881 - 0 ] INFO  server.XceiverServerGrpc (XceiverServerGrpc.java:start(180)) - XceiverServerGrpc 9e488448-403c-4c27-a8c6-f2923e8aa025 is started using port 40539
2022-05-26 01:44:07,081 [Listener at 127.0.0.1/34495] INFO  ozone.MiniOzoneClusterImpl (MiniOzoneClusterImpl.java:lambda$waitForClusterToBeReady$0(221)) - Waiting for nodes to be ready. Got 0 of 3 DN Heartbeats.
2022-05-26 01:44:07,081 [Listener at 127.0.0.1/34495] INFO  ozone.MiniOzoneClusterImpl (MiniOzoneClusterImpl.java:lambda$waitForClusterToBeReady$0(224)) - Waiting for cluster to exit safe mode
2022-05-26 01:44:07,081 [Listener at 127.0.0.1/34495] INFO  ozone.MiniOzoneClusterImpl (MiniOzoneClusterImpl.java:lambda$waitForClusterToBeReady$0(226)) - SCM became leader
2022-05-26 01:44:07,215 [EndpointStateMachine task thread for /0.0.0.0:32881 - 0 ] INFO  ozoneimpl.OzoneContainer (OzoneContainer.java:start(335)) - Attempting to start container services.
2022-05-26 01:44:07,216 [EndpointStateMachine task thread for /0.0.0.0:32881 - 0 ] INFO  ozoneimpl.OzoneContainer (OzoneContainer.java:startContainerScrub(270)) - Background container scanner has been disabled.
2022-05-26 01:44:07,228 [EndpointStateMachine task thread for /0.0.0.0:32881 - 0 ] INFO  replication.ReplicationServer (ReplicationServer.java:start(111)) - ReplicationServer is started using port 38477
2022-05-26 01:44:07,229 [EndpointStateMachine task thread for /0.0.0.0:32881 - 0 ] INFO  ratis.XceiverServerRatis (XceiverServerRatis.java:start(481)) - Starting XceiverServerRatis abcba7be-10dc-405a-b916-1047518ee4a9
2022-05-26 01:44:07,232 [EndpointStateMachine task thread for /0.0.0.0:32881 - 0 ] INFO  server.RaftServer (RaftServerProxy.java:lambda$start$6(382)) - abcba7be-10dc-405a-b916-1047518ee4a9: start RPC server
2022-05-26 01:44:07,260 [EndpointStateMachine task thread for /0.0.0.0:32881 - 0 ] INFO  server.GrpcService (GrpcService.java:startImpl(260)) - abcba7be-10dc-405a-b916-1047518ee4a9: GrpcService started, listening on 44915
2022-05-26 01:44:07,264 [EndpointStateMachine task thread for /0.0.0.0:32881 - 0 ] INFO  ratis.XceiverServerRatis (XceiverServerRatis.java:getRealPort(502)) - XceiverServerRatis abcba7be-10dc-405a-b916-1047518ee4a9 is started using port 44915 for RATIS
2022-05-26 01:44:07,264 [EndpointStateMachine task thread for /0.0.0.0:32881 - 0 ] INFO  ratis.XceiverServerRatis (XceiverServerRatis.java:getRealPort(502)) - XceiverServerRatis abcba7be-10dc-405a-b916-1047518ee4a9 is started using port 44915 for RATIS_ADMIN
2022-05-26 01:44:07,264 [EndpointStateMachine task thread for /0.0.0.0:32881 - 0 ] INFO  ratis.XceiverServerRatis (XceiverServerRatis.java:getRealPort(502)) - XceiverServerRatis abcba7be-10dc-405a-b916-1047518ee4a9 is started using port 44915 for RATIS_SERVER
2022-05-26 01:44:07,264 [org.apache.ratis.util.JvmPauseMonitor$$Lambda$677/950145419@69146862] INFO  util.JvmPauseMonitor (JvmPauseMonitor.java:run(103)) - JvmPauseMonitor-abcba7be-10dc-405a-b916-1047518ee4a9: Started
2022-05-26 01:44:07,294 [EndpointStateMachine task thread for /0.0.0.0:32881 - 0 ] INFO  server.XceiverServerGrpc (XceiverServerGrpc.java:start(180)) - XceiverServerGrpc abcba7be-10dc-405a-b916-1047518ee4a9 is started using port 36447
2022-05-26 01:44:07,529 [IPC Server handler 4 on default port 32881] INFO  net.NetworkTopologyImpl (NetworkTopologyImpl.java:add(112)) - Added a new node: /default-rack/d9576437-3cbb-4170-b2cc-8965e43834d5
2022-05-26 01:44:07,529 [IPC Server handler 4 on default port 32881] INFO  node.SCMNodeManager (SCMNodeManager.java:register(393)) - Registered Data node : d9576437-3cbb-4170-b2cc-8965e43834d5{ip: 10.1.0.18, host: fv-az270-854.tacnzluakwdehk1hpragurqkma.bx.internal.cloudapp.net, ports: [REPLICATION=42757, RATIS=42177, RATIS_ADMIN=42177, RATIS_SERVER=42177, STANDALONE=33197], networkLocation: /default-rack, certSerialId: null, persistedOpState: null, persistedOpStateExpiryEpochSec: 0}
2022-05-26 01:44:07,532 [EventQueue-NodeRegistrationContainerReportForContainerSafeModeRule] INFO  safemode.SCMSafeModeManager (SCMSafeModeManager.java:validateSafeModeExitRules(204)) - ContainerSafeModeRule rule is successfully validated
2022-05-26 01:44:07,533 [EventQueue-NodeRegistrationContainerReportForDataNodeSafeModeRule] INFO  safemode.SCMSafeModeManager (DataNodeSafeModeRule.java:process(71)) - SCM in safe mode. 1 DataNodes registered, 3 required.
2022-05-26 01:44:07,549 [EventQueue-NewNodeForNewNodeHandler] INFO  pipeline.BackgroundPipelineCreator (BackgroundPipelineCreator.java:notifyEventTriggered(272)) - trigger a one-shot run on RatisPipelineUtilsThread.
2022-05-26 01:44:07,549 [RatisPipelineUtilsThread - 0] INFO  pipeline.RatisPipelineProvider (RatisPipelineProvider.java:lambda$create$0(195)) - Sending CreatePipelineCommand for pipeline:PipelineID=239f03d2-ddb9-4f20-8686-20d740ffde98 to datanode:d9576437-3cbb-4170-b2cc-8965e43834d5
2022-05-26 01:44:07,552 [RatisPipelineUtilsThread - 0] INFO  pipeline.PipelineStateManagerImpl (PipelineStateManagerImpl.java:addPipeline(101)) - Created pipeline Pipeline[ Id: 239f03d2-ddb9-4f20-8686-20d740ffde98, Nodes: d9576437-3cbb-4170-b2cc-8965e43834d5{ip: 10.1.0.18, host: fv-az270-854.tacnzluakwdehk1hpragurqkma.bx.internal.cloudapp.net, ports: [REPLICATION=42757, RATIS=42177, RATIS_ADMIN=42177, RATIS_SERVER=42177, STANDALONE=33197], networkLocation: /default-rack, certSerialId: null, persistedOpState: IN_SERVICE, persistedOpStateExpiryEpochSec: 0}, ReplicationConfig: RATIS/ONE, State:ALLOCATED, leaderId:, CreationTimestamp2022-05-26T01:44:07.549Z[Etc/UTC]].
2022-05-26 01:44:07,568 [EventQueue-PipelineReportForOneReplicaPipelineSafeModeRule] INFO  safemode.SCMSafeModeManager (SCMSafeModeManager.java:validateSafeModeExitRules(204)) - AtleastOneDatanodeReportedRule rule is successfully validated
2022-05-26 01:44:08,082 [Listener at 127.0.0.1/34495] INFO  ozone.MiniOzoneClusterImpl (MiniOzoneClusterImpl.java:lambda$waitForClusterToBeReady$0(221)) - Waiting for nodes to be ready. Got 1 of 3 DN Heartbeats.
2022-05-26 01:44:08,083 [Listener at 127.0.0.1/34495] INFO  ozone.MiniOzoneClusterImpl (MiniOzoneClusterImpl.java:lambda$waitForClusterToBeReady$0(224)) - Waiting for cluster to exit safe mode
2022-05-26 01:44:08,083 [Listener at 127.0.0.1/34495] INFO  ozone.MiniOzoneClusterImpl (MiniOzoneClusterImpl.java:lambda$waitForClusterToBeReady$0(226)) - SCM became leader
2022-05-26 01:44:08,316 [IPC Server handler 1 on default port 32881] INFO  net.NetworkTopologyImpl (NetworkTopologyImpl.java:add(112)) - Added a new node: /default-rack/9e488448-403c-4c27-a8c6-f2923e8aa025
2022-05-26 01:44:08,316 [IPC Server handler 1 on default port 32881] INFO  node.SCMNodeManager (SCMNodeManager.java:register(393)) - Registered Data node : 9e488448-403c-4c27-a8c6-f2923e8aa025{ip: 10.1.0.18, host: fv-az270-854.tacnzluakwdehk1hpragurqkma.bx.internal.cloudapp.net, ports: [REPLICATION=38595, RATIS=33371, RATIS_ADMIN=33371, RATIS_SERVER=33371, STANDALONE=40539], networkLocation: /default-rack, certSerialId: null, persistedOpState: null, persistedOpStateExpiryEpochSec: 0}
2022-05-26 01:44:08,316 [EventQueue-NewNodeForNewNodeHandler] INFO  pipeline.BackgroundPipelineCreator (BackgroundPipelineCreator.java:notifyEventTriggered(272)) - trigger a one-shot run on RatisPipelineUtilsThread.
2022-05-26 01:44:08,321 [EventQueue-NodeRegistrationContainerReportForDataNodeSafeModeRule] INFO  safemode.SCMSafeModeManager (DataNodeSafeModeRule.java:process(71)) - SCM in safe mode. 2 DataNodes registered, 3 required.
2022-05-26 01:44:08,324 [RatisPipelineUtilsThread - 0] INFO  pipeline.RatisPipelineProvider (RatisPipelineProvider.java:lambda$create$0(195)) - Sending CreatePipelineCommand for pipeline:PipelineID=d8563b1b-d24d-4cc6-81bf-6351c7f9ea52 to datanode:9e488448-403c-4c27-a8c6-f2923e8aa025
2022-05-26 01:44:08,325 [RatisPipelineUtilsThread - 0] INFO  pipeline.PipelineStateManagerImpl (PipelineStateManagerImpl.java:addPipeline(101)) - Created pipeline Pipeline[ Id: d8563b1b-d24d-4cc6-81bf-6351c7f9ea52, Nodes: 9e488448-403c-4c27-a8c6-f2923e8aa025{ip: 10.1.0.18, host: fv-az270-854.tacnzluakwdehk1hpragurqkma.bx.internal.cloudapp.net, ports: [REPLICATION=38595, RATIS=33371, RATIS_ADMIN=33371, RATIS_SERVER=33371, STANDALONE=40539], networkLocation: /default-rack, certSerialId: null, persistedOpState: IN_SERVICE, persistedOpStateExpiryEpochSec: 0}, ReplicationConfig: RATIS/ONE, State:ALLOCATED, leaderId:, CreationTimestamp2022-05-26T01:44:08.324Z[Etc/UTC]].
2022-05-26 01:44:09,083 [Listener at 127.0.0.1/34495] INFO  ozone.MiniOzoneClusterImpl (MiniOzoneClusterImpl.java:lambda$waitForClusterToBeReady$0(221)) - Waiting for nodes to be ready. Got 2 of 3 DN Heartbeats.
2022-05-26 01:44:09,083 [Listener at 127.0.0.1/34495] INFO  ozone.MiniOzoneClusterImpl (MiniOzoneClusterImpl.java:lambda$waitForClusterToBeReady$0(224)) - Waiting for cluster to exit safe mode
2022-05-26 01:44:09,083 [Listener at 127.0.0.1/34495] INFO  ozone.MiniOzoneClusterImpl (MiniOzoneClusterImpl.java:lambda$waitForClusterToBeReady$0(226)) - SCM became leader
2022-05-26 01:44:09,205 [IPC Server handler 0 on default port 32881] INFO  net.NetworkTopologyImpl (NetworkTopologyImpl.java:add(112)) - Added a new node: /default-rack/abcba7be-10dc-405a-b916-1047518ee4a9
2022-05-26 01:44:09,209 [IPC Server handler 0 on default port 32881] INFO  node.SCMNodeManager (SCMNodeManager.java:register(393)) - Registered Data node : abcba7be-10dc-405a-b916-1047518ee4a9{ip: 10.1.0.18, host: fv-az270-854.tacnzluakwdehk1hpragurqkma.bx.internal.cloudapp.net, ports: [REPLICATION=38477, RATIS=44915, RATIS_ADMIN=44915, RATIS_SERVER=44915, STANDALONE=36447], networkLocation: /default-rack, certSerialId: null, persistedOpState: null, persistedOpStateExpiryEpochSec: 0}
2022-05-26 01:44:09,209 [EventQueue-NewNodeForNewNodeHandler] INFO  pipeline.BackgroundPipelineCreator (BackgroundPipelineCreator.java:notifyEventTriggered(272)) - trigger a one-shot run on RatisPipelineUtilsThread.
2022-05-26 01:44:09,209 [EventQueue-NodeRegistrationContainerReportForDataNodeSafeModeRule] INFO  safemode.SCMSafeModeManager (DataNodeSafeModeRule.java:process(71)) - SCM in safe mode. 3 DataNodes registered, 3 required.
2022-05-26 01:44:09,209 [EventQueue-NodeRegistrationContainerReportForDataNodeSafeModeRule] INFO  safemode.SCMSafeModeManager (SCMSafeModeManager.java:validateSafeModeExitRules(204)) - DataNodeSafeModeRule rule is successfully validated
2022-05-26 01:44:09,209 [EventQueue-NodeRegistrationContainerReportForDataNodeSafeModeRule] INFO  safemode.SCMSafeModeManager (SCMSafeModeManager.java:completePreCheck(233)) - All SCM safe mode pre check rules have passed
2022-05-26 01:44:09,209 [EventQueue-NodeRegistrationContainerReportForDataNodeSafeModeRule] WARN  events.EventQueue (EventQueue.java:fireEvent(194)) - No event handler registered for event TypedEvent{payloadType=SafeModeStatus, name='Safe mode status'}
2022-05-26 01:44:09,209 [EventQueue-NodeRegistrationContainerReportForDataNodeSafeModeRule] INFO  ha.SCMContext (SCMContext.java:updateSafeModeStatus(211)) - Update SafeModeStatus from SafeModeStatus{safeModeStatus=true, preCheckPassed=false} to SafeModeStatus{safeModeStatus=true, preCheckPassed=true}.
2022-05-26 01:44:09,209 [EventQueue-NodeRegistrationContainerReportForDataNodeSafeModeRule] INFO  pipeline.BackgroundPipelineCreator (BackgroundPipelineCreator.java:notifyEventTriggered(272)) - trigger a one-shot run on RatisPipelineUtilsThread.
2022-05-26 01:44:09,210 [RatisPipelineUtilsThread - 0] INFO  pipeline.RatisPipelineProvider (RatisPipelineProvider.java:lambda$create$0(195)) - Sending CreatePipelineCommand for pipeline:PipelineID=7eb2308d-d660-4520-a18b-31aed82fff5b to datanode:abcba7be-10dc-405a-b916-1047518ee4a9
2022-05-26 01:44:09,210 [RatisPipelineUtilsThread - 0] INFO  pipeline.PipelineStateManagerImpl (PipelineStateManagerImpl.java:addPipeline(101)) - Created pipeline Pipeline[ Id: 7eb2308d-d660-4520-a18b-31aed82fff5b, Nodes: abcba7be-10dc-405a-b916-1047518ee4a9{ip: 10.1.0.18, host: fv-az270-854.tacnzluakwdehk1hpragurqkma.bx.internal.cloudapp.net, ports: [REPLICATION=38477, RATIS=44915, RATIS_ADMIN=44915, RATIS_SERVER=44915, STANDALONE=36447], networkLocation: /default-rack, certSerialId: null, persistedOpState: IN_SERVICE, persistedOpStateExpiryEpochSec: 0}, ReplicationConfig: RATIS/ONE, State:ALLOCATED, leaderId:, CreationTimestamp2022-05-26T01:44:09.210Z[Etc/UTC]].
2022-05-26 01:44:09,211 [RatisPipelineUtilsThread - 0] INFO  pipeline.RatisPipelineProvider (RatisPipelineProvider.java:lambda$create$0(195)) - Sending CreatePipelineCommand for pipeline:PipelineID=1a694b44-7d19-439d-a3f0-b4d433286ebb to datanode:9e488448-403c-4c27-a8c6-f2923e8aa025
2022-05-26 01:44:09,211 [RatisPipelineUtilsThread - 0] INFO  pipeline.RatisPipelineProvider (RatisPipelineProvider.java:lambda$create$0(195)) - Sending CreatePipelineCommand for pipeline:PipelineID=1a694b44-7d19-439d-a3f0-b4d433286ebb to datanode:abcba7be-10dc-405a-b916-1047518ee4a9
2022-05-26 01:44:09,211 [RatisPipelineUtilsThread - 0] INFO  pipeline.RatisPipelineProvider (RatisPipelineProvider.java:lambda$create$0(195)) - Sending CreatePipelineCommand for pipeline:PipelineID=1a694b44-7d19-439d-a3f0-b4d433286ebb to datanode:d9576437-3cbb-4170-b2cc-8965e43834d5
2022-05-26 01:44:09,211 [RatisPipelineUtilsThread - 0] INFO  pipeline.PipelineStateManagerImpl (PipelineStateManagerImpl.java:addPipeline(101)) - Created pipeline Pipeline[ Id: 1a694b44-7d19-439d-a3f0-b4d433286ebb, Nodes: 9e488448-403c-4c27-a8c6-f2923e8aa025{ip: 10.1.0.18, host: fv-az270-854.tacnzluakwdehk1hpragurqkma.bx.internal.cloudapp.net, ports: [REPLICATION=38595, RATIS=33371, RATIS_ADMIN=33371, RATIS_SERVER=33371, STANDALONE=40539], networkLocation: /default-rack, certSerialId: null, persistedOpState: IN_SERVICE, persistedOpStateExpiryEpochSec: 0}abcba7be-10dc-405a-b916-1047518ee4a9{ip: 10.1.0.18, host: fv-az270-854.tacnzluakwdehk1hpragurqkma.bx.internal.cloudapp.net, ports: [REPLICATION=38477, RATIS=44915, RATIS_ADMIN=44915, RATIS_SERVER=44915, STANDALONE=36447], networkLocation: /default-rack, certSerialId: null, persistedOpState: IN_SERVICE, persistedOpStateExpiryEpochSec: 0}d9576437-3cbb-4170-b2cc-8965e43834d5{ip: 10.1.0.18, host: fv-az270-854.tacnzluakwdehk1hpragurqkma.bx.internal.cloudapp.net, ports: [REPLICATION=42757, RATIS=42177, RATIS_ADMIN=42177, RATIS_SERVER=42177, STANDALONE=33197], networkLocation: /default-rack, certSerialId: null, persistedOpState: IN_SERVICE, persistedOpStateExpiryEpochSec: 0}, ReplicationConfig: RATIS/THREE, State:ALLOCATED, leaderId:, CreationTimestamp2022-05-26T01:44:09.211Z[Etc/UTC]].
2022-05-26 01:44:09,212 [RatisPipelineUtilsThread - 0] INFO  pipeline.RatisPipelineProvider (RatisPipelineProvider.java:lambda$create$0(195)) - Sending CreatePipelineCommand for pipeline:PipelineID=83952d7b-8789-4a34-832c-56dd1fc4aa1b to datanode:d9576437-3cbb-4170-b2cc-8965e43834d5
2022-05-26 01:44:09,212 [RatisPipelineUtilsThread - 0] INFO  pipeline.RatisPipelineProvider (RatisPipelineProvider.java:lambda$create$0(195)) - Sending CreatePipelineCommand for pipeline:PipelineID=83952d7b-8789-4a34-832c-56dd1fc4aa1b to datanode:9e488448-403c-4c27-a8c6-f2923e8aa025
2022-05-26 01:44:09,212 [RatisPipelineUtilsThread - 0] INFO  pipeline.RatisPipelineProvider (RatisPipelineProvider.java:lambda$create$0(195)) - Sending CreatePipelineCommand for pipeline:PipelineID=83952d7b-8789-4a34-832c-56dd1fc4aa1b to datanode:abcba7be-10dc-405a-b916-1047518ee4a9
2022-05-26 01:44:09,213 [RatisPipelineUtilsThread - 0] INFO  pipeline.PipelineStateManagerImpl (PipelineStateManagerImpl.java:addPipeline(101)) - Created pipeline Pipeline[ Id: 83952d7b-8789-4a34-832c-56dd1fc4aa1b, Nodes: d9576437-3cbb-4170-b2cc-8965e43834d5{ip: 10.1.0.18, host: fv-az270-854.tacnzluakwdehk1hpragurqkma.bx.internal.cloudapp.net, ports: [REPLICATION=42757, RATIS=42177, RATIS_ADMIN=42177, RATIS_SERVER=42177, STANDALONE=33197], networkLocation: /default-rack, certSerialId: null, persistedOpState: IN_SERVICE, persistedOpStateExpiryEpochSec: 0}9e488448-403c-4c27-a8c6-f2923e8aa025{ip: 10.1.0.18, host: fv-az270-854.tacnzluakwdehk1hpragurqkma.bx.internal.cloudapp.net, ports: [REPLICATION=38595, RATIS=33371, RATIS_ADMIN=33371, RATIS_SERVER=33371, STANDALONE=40539], networkLocation: /default-rack, certSerialId: null, persistedOpState: IN_SERVICE, persistedOpStateExpiryEpochSec: 0}abcba7be-10dc-405a-b916-1047518ee4a9{ip: 10.1.0.18, host: fv-az270-854.tacnzluakwdehk1hpragurqkma.bx.internal.cloudapp.net, ports: [REPLICATION=38477, RATIS=44915, RATIS_ADMIN=44915, RATIS_SERVER=44915, STANDALONE=36447], networkLocation: /default-rack, certSerialId: null, persistedOpState: IN_SERVICE, persistedOpStateExpiryEpochSec: 0}, ReplicationConfig: RATIS/THREE, State:ALLOCATED, leaderId:, CreationTimestamp2022-05-26T01:44:09.212Z[Etc/UTC]].
2022-05-26 01:44:09,213 [RatisPipelineUtilsThread - 0] INFO  pipeline.PipelineManagerImpl (PipelineManagerImpl.java:recordMetricsForPipeline(695)) - Pipeline: PipelineID=83952d7b-8789-4a34-832c-56dd1fc4aa1b contains same datanodes as previous pipelines: PipelineID=1a694b44-7d19-439d-a3f0-b4d433286ebb nodeIds: d9576437-3cbb-4170-b2cc-8965e43834d5, 9e488448-403c-4c27-a8c6-f2923e8aa025, abcba7be-10dc-405a-b916-1047518ee4a9
2022-05-26 01:44:10,084 [Listener at 127.0.0.1/34495] INFO  ozone.MiniOzoneClusterImpl (MiniOzoneClusterImpl.java:lambda$waitForClusterToBeReady$0(221)) - Nodes are ready. Got 3 of 3 DN Heartbeats.
2022-05-26 01:44:10,085 [Listener at 127.0.0.1/34495] INFO  ozone.MiniOzoneClusterImpl (MiniOzoneClusterImpl.java:lambda$waitForClusterToBeReady$0(224)) - Waiting for cluster to exit safe mode
2022-05-26 01:44:10,085 [Listener at 127.0.0.1/34495] INFO  ozone.MiniOzoneClusterImpl (MiniOzoneClusterImpl.java:lambda$waitForClusterToBeReady$0(226)) - SCM became leader
2022-05-26 01:44:10,525 [Command processor thread] INFO  server.RaftServer (RaftServerProxy.java:addNew(96)) - d9576437-3cbb-4170-b2cc-8965e43834d5: addNew group-20D740FFDE98:[d9576437-3cbb-4170-b2cc-8965e43834d5|rpc:10.1.0.18:42177|priority:1] returns group-20D740FFDE98:java.util.concurrent.CompletableFuture@3d38a13f[Not completed]
2022-05-26 01:44:10,533 [pool-322-thread-1] INFO  server.RaftServer$Division (RaftServerImpl.java:<init>(190)) - d9576437-3cbb-4170-b2cc-8965e43834d5: new RaftServerImpl for group-20D740FFDE98:[d9576437-3cbb-4170-b2cc-8965e43834d5|rpc:10.1.0.18:42177|priority:1] with ContainerStateMachine:uninitialized
2022-05-26 01:44:10,533 [pool-322-thread-1] INFO  server.RaftServerConfigKeys (ConfUtils.java:logGet(46)) - raft.server.rpc.timeout.min = 5s (custom)
2022-05-26 01:44:10,533 [pool-322-thread-1] INFO  server.RaftServerConfigKeys (ConfUtils.java:logGet(46)) - raft.server.rpc.timeout.max = 5200ms (custom)
2022-05-26 01:44:10,533 [pool-322-thread-1] INFO  server.RaftServerConfigKeys (ConfUtils.java:logGet(46)) - raft.server.rpc.sleep.time = 25ms (default)
2022-05-26 01:44:10,534 [pool-322-thread-1] INFO  server.RaftServerConfigKeys (ConfUtils.java:logGet(46)) - raft.server.rpc.slowness.timeout = 300s (custom)
2022-05-26 01:44:10,534 [pool-322-thread-1] INFO  server.RaftServerConfigKeys (ConfUtils.java:logGet(46)) - raft.server.leaderelection.leader.step-down.wait-time = 10s (default)
2022-05-26 01:44:10,534 [pool-322-thread-1] INFO  server.RaftServerConfigKeys (ConfUtils.java:logGet(46)) - raft.server.sleep.deviation.threshold = 300ms (default)
2022-05-26 01:44:10,534 [pool-322-thread-1] INFO  server.RaftServer$Division (ServerState.java:<init>(107)) - d9576437-3cbb-4170-b2cc-8965e43834d5@group-20D740FFDE98: ConfigurationManager, init=-1: [d9576437-3cbb-4170-b2cc-8965e43834d5|rpc:10.1.0.18:42177|priority:1], old=null, confs=<EMPTY_MAP>
2022-05-26 01:44:10,534 [pool-322-thread-1] INFO  server.RaftServerConfigKeys (ConfUtils.java:logGet(46)) - raft.server.storage.dir = [/home/runner/work/ozone/ozone/hadoop-ozone/integration-test/target/test-dir/MiniOzoneClusterImpl-a6c467d1-2397-44e1-8ce0-4bb4627e7e2b/datanode-0/data/ratis] (custom)
2022-05-26 01:44:10,534 [pool-322-thread-1] INFO  server.RaftServerConfigKeys (ConfUtils.java:logGet(46)) - raft.server.log.corruption.policy = EXCEPTION (default)
2022-05-26 01:44:10,534 [pool-322-thread-1] INFO  server.RaftServerConfigKeys (ConfUtils.java:logGet(46)) - raft.server.storage.free-space.min = 0MB (=0) (default)
2022-05-26 01:44:10,534 [pool-322-thread-1] INFO  storage.RaftStorageDirectory (RaftStorageDirectoryImpl.java:analyzeStorage(135)) - The storage directory /home/runner/work/ozone/ozone/hadoop-ozone/integration-test/target/test-dir/MiniOzoneClusterImpl-a6c467d1-2397-44e1-8ce0-4bb4627e7e2b/datanode-0/data/ratis/239f03d2-ddb9-4f20-8686-20d740ffde98 does not exist. Creating ...
2022-05-26 01:44:10,539 [pool-322-thread-1] INFO  storage.RaftStorageDirectory (RaftStorageDirectoryImpl.java:tryLock(230)) - Lock on /home/runner/work/ozone/ozone/hadoop-ozone/integration-test/target/test-dir/MiniOzoneClusterImpl-a6c467d1-2397-44e1-8ce0-4bb4627e7e2b/datanode-0/data/ratis/239f03d2-ddb9-4f20-8686-20d740ffde98/in_use.lock acquired by nodename 11847@fv-az270-854
2022-05-26 01:44:10,553 [pool-322-thread-1] INFO  storage.RaftStorage (RaftStorageImpl.java:format(89)) - Storage directory /home/runner/work/ozone/ozone/hadoop-ozone/integration-test/target/test-dir/MiniOzoneClusterImpl-a6c467d1-2397-44e1-8ce0-4bb4627e7e2b/datanode-0/data/ratis/239f03d2-ddb9-4f20-8686-20d740ffde98 has been successfully formatted.
2022-05-26 01:44:10,564 [pool-322-thread-1] INFO  ratis.ContainerStateMachine (ContainerStateMachine.java:loadSnapshot(236)) - group-20D740FFDE98: The snapshot info is null. Setting the last applied indexto:(t:0, i:~)
2022-05-26 01:44:10,564 [pool-322-thread-1] INFO  server.RaftServerConfigKeys (ConfUtils.java:logGet(46)) - raft.server.notification.no-leader.timeout = 300s (custom)
2022-05-26 01:44:10,564 [pool-322-thread-1] INFO  server.RaftServerConfigKeys (ConfUtils.java:logGet(46)) - raft.server.log.use.memory = false (default)
2022-05-26 01:44:10,564 [pool-322-thread-1] INFO  server.RaftServerConfigKeys (ConfUtils.java:logGet(46)) - raft.server.log.purge.gap = 1000000 (custom)
2022-05-26 01:44:10,564 [pool-322-thread-1] INFO  server.RaftServerConfigKeys (ConfUtils.java:logGet(46)) - raft.server.log.appender.buffer.byte-limit = 33554432 (custom)
2022-05-26 01:44:10,564 [pool-322-thread-1] INFO  server.RaftServerConfigKeys (ConfUtils.java:logGet(46)) - raft.server.log.statemachine.data.read.timeout = 1000ms (default)
2022-05-26 01:44:10,564 [pool-322-thread-1] INFO  server.RaftServerConfigKeys (ConfUtils.java:logGet(46)) - raft.server.log.segment.size.max = 1048576 (custom)
2022-05-26 01:44:10,565 [pool-322-thread-1] INFO  server.RaftServerConfigKeys (ConfUtils.java:logGet(46)) - raft.server.log.segment.cache.num.max = 2 (custom)
2022-05-26 01:44:10,565 [pool-322-thread-1] INFO  server.RaftServerConfigKeys (ConfUtils.java:logGet(46)) - raft.server.log.segment.cache.size.max = 200MB (=209715200) (default)
2022-05-26 01:44:10,565 [pool-322-thread-1] INFO  segmented.SegmentedRaftLogWorker (SegmentedRaftLogWorker.java:<init>(187)) - new d9576437-3cbb-4170-b2cc-8965e43834d5@group-20D740FFDE98-SegmentedRaftLogWorker for RaftStorageImpl:Storage Directory /home/runner/work/ozone/ozone/hadoop-ozone/integration-test/target/test-dir/MiniOzoneClusterImpl-a6c467d1-2397-44e1-8ce0-4bb4627e7e2b/datanode-0/data/ratis/239f03d2-ddb9-4f20-8686-20d740ffde98
2022-05-26 01:44:10,565 [pool-322-thread-1] INFO  server.RaftServerConfigKeys (ConfUtils.java:logGet(46)) - raft.server.log.queue.byte-limit = 4294967296 (custom)
2022-05-26 01:44:10,565 [pool-322-thread-1] INFO  server.RaftServerConfigKeys (ConfUtils.java:logGet(46)) - raft.server.log.queue.element-limit = 1024 (custom)
2022-05-26 01:44:10,565 [pool-322-thread-1] INFO  server.RaftServerConfigKeys (ConfUtils.java:logGet(46)) - raft.server.log.segment.size.max = 1048576 (custom)
2022-05-26 01:44:10,565 [pool-322-thread-1] INFO  server.RaftServerConfigKeys (ConfUtils.java:logGet(46)) - raft.server.log.preallocated.size = 16384 (custom)
2022-05-26 01:44:10,565 [pool-322-thread-1] INFO  server.RaftServerConfigKeys (ConfUtils.java:logGet(46)) - raft.server.log.force.sync.num = 128 (default)
2022-05-26 01:44:10,565 [pool-322-thread-1] INFO  server.RaftServerConfigKeys (ConfUtils.java:logGet(46)) - raft.server.log.statemachine.data.sync = true (default)
2022-05-26 01:44:10,565 [pool-322-thread-1] INFO  server.RaftServerConfigKeys (ConfUtils.java:logGet(46)) - raft.server.log.statemachine.data.sync.timeout = 10s (default)
2022-05-26 01:44:10,565 [pool-322-thread-1] INFO  server.RaftServerConfigKeys (ConfUtils.java:logGet(46)) - raft.server.log.statemachine.data.sync.timeout.retry = -1 (default)
2022-05-26 01:44:10,566 [pool-322-thread-1] INFO  server.RaftServerConfigKeys (ConfUtils.java:logGet(46)) - raft.server.log.write.buffer.size = 1048576 (custom)
2022-05-26 01:44:10,566 [pool-322-thread-1] INFO  server.RaftServerConfigKeys (ConfUtils.java:logGet(46)) - raft.server.log.unsafe-flush.enabled = false (default)
2022-05-26 01:44:10,566 [pool-322-thread-1] INFO  server.RaftServerConfigKeys (ConfUtils.java:logGet(46)) - raft.server.log.statemachine.data.caching.enabled = true (custom)
2022-05-26 01:44:10,567 [pool-322-thread-1] INFO  segmented.SegmentedRaftLogWorker (SegmentedRaftLogWorker.java:lambda$new$0(135)) - d9576437-3cbb-4170-b2cc-8965e43834d5@group-20D740FFDE98-SegmentedRaftLogWorker: flushIndex: setUnconditionally 0 -> -1
2022-05-26 01:44:10,567 [pool-322-thread-1] INFO  segmented.SegmentedRaftLogWorker (SegmentedRaftLogWorker.java:lambda$new$0(135)) - d9576437-3cbb-4170-b2cc-8965e43834d5@group-20D740FFDE98-SegmentedRaftLogWorker: safeCacheEvictIndex: setUnconditionally 0 -> -1
2022-05-26 01:44:10,571 [pool-322-thread-1] INFO  server.RaftServerConfigKeys (ConfUtils.java:logGet(46)) - raft.server.snapshot.auto.trigger.enabled = true (custom)
2022-05-26 01:44:10,571 [pool-322-thread-1] INFO  server.RaftServerConfigKeys (ConfUtils.java:logGet(46)) - raft.server.snapshot.auto.trigger.threshold = 10000 (custom)
2022-05-26 01:44:10,571 [pool-322-thread-1] INFO  server.RaftServerConfigKeys (ConfUtils.java:logGet(46)) - raft.server.snapshot.retention.file.num = 5 (custom)
2022-05-26 01:44:10,571 [pool-322-thread-1] INFO  server.RaftServerConfigKeys (ConfUtils.java:logGet(46)) - raft.server.log.purge.upto.snapshot.index = false (default)
2022-05-26 01:44:10,571 [pool-322-thread-1] INFO  server.RaftServerConfigKeys (ConfUtils.java:logGet(46)) - raft.server.retrycache.expirytime = 600000ms (custom)
2022-05-26 01:44:10,571 [pool-322-thread-1] INFO  server.RaftServerConfigKeys (ConfUtils.java:logGet(46)) - raft.server.retrycache.statistics.expirytime = 100μs (default)
2022-05-26 01:44:10,572 [pool-322-thread-1] INFO  server.RaftServerConfigKeys (ConfUtils.java:logGet(46)) - raft.server.log.appender.install.snapshot.enabled = false (custom)
2022-05-26 01:44:10,572 [pool-322-thread-1] INFO  server.RaftServerConfigKeys (ConfUtils.java:logGet(46)) - raft.server.threadpool.server.cached = true (default)
2022-05-26 01:44:10,572 [pool-322-thread-1] INFO  server.RaftServerConfigKeys (ConfUtils.java:logGet(46)) - raft.server.threadpool.server.size = 0 (default)
2022-05-26 01:44:10,572 [pool-322-thread-1] INFO  server.RaftServerConfigKeys (ConfUtils.java:logGet(46)) - raft.server.threadpool.client.cached = true (default)
2022-05-26 01:44:10,572 [pool-322-thread-1] INFO  server.RaftServerConfigKeys (ConfUtils.java:logGet(46)) - raft.server.threadpool.client.size = 0 (default)
2022-05-26 01:44:10,572 [pool-322-thread-1] INFO  server.RaftServer$Division (RaftServerImpl.java:start(310)) - d9576437-3cbb-4170-b2cc-8965e43834d5@group-20D740FFDE98: start as a follower, conf=-1: [d9576437-3cbb-4170-b2cc-8965e43834d5|rpc:10.1.0.18:42177|priority:1], old=null
2022-05-26 01:44:10,572 [pool-322-thread-1] INFO  server.RaftServer$Division (RaftServerImpl.java:setRole(299)) - d9576437-3cbb-4170-b2cc-8965e43834d5@group-20D740FFDE98: changes role from      null to FOLLOWER at term 0 for startAsFollower
2022-05-26 01:44:10,572 [pool-322-thread-1] INFO  impl.RoleInfo (RoleInfo.java:updateAndGet(139)) - d9576437-3cbb-4170-b2cc-8965e43834d5: start d9576437-3cbb-4170-b2cc-8965e43834d5@group-20D740FFDE98-FollowerState
2022-05-26 01:44:10,573 [EventQueue-PipelineReportForPipelineReportHandler] INFO  pipeline.PipelineManagerImpl (PipelineManagerImpl.java:openPipeline(336)) - Pipeline Pipeline[ Id: 239f03d2-ddb9-4f20-8686-20d740ffde98, Nodes: d9576437-3cbb-4170-b2cc-8965e43834d5{ip: 10.1.0.18, host: fv-az270-854.tacnzluakwdehk1hpragurqkma.bx.internal.cloudapp.net, ports: [REPLICATION=42757, RATIS=42177, RATIS_ADMIN=42177, RATIS_SERVER=42177, STANDALONE=33197], networkLocation: /default-rack, certSerialId: null, persistedOpState: IN_SERVICE, persistedOpStateExpiryEpochSec: 0}, ReplicationConfig: RATIS/ONE, State:ALLOCATED, leaderId:d9576437-3cbb-4170-b2cc-8965e43834d5, CreationTimestamp2022-05-26T01:44:07.549Z[Etc/UTC]] moved to OPEN state
2022-05-26 01:44:10,581 [pool-322-thread-1] INFO  util.JmxRegister (JmxRegister.java:tryRegister(44)) - Successfully registered JMX Bean with object name Ratis:service=RaftServer,group=group-20D740FFDE98,id=d9576437-3cbb-4170-b2cc-8965e43834d5
2022-05-26 01:44:10,609 [EventQueue-OpenPipelineForHealthyPipelineSafeModeRule] INFO  safemode.SCMSafeModeManager (HealthyPipelineSafeModeRule.java:process(124)) - SCM in safe mode. Healthy pipelines reported count is 0, required healthy pipeline reported count is 1
2022-05-26 01:44:10,609 [Command processor thread] INFO  ratis.XceiverServerRatis (XceiverServerRatis.java:addGroup(765)) - Created group PipelineID=239f03d2-ddb9-4f20-8686-20d740ffde98
2022-05-26 01:44:10,609 [Command processor thread] INFO  commandhandler.CreatePipelineCommandHandler (CreatePipelineCommandHandler.java:handle(113)) - Created Pipeline RATIS ONE PipelineID=239f03d2-ddb9-4f20-8686-20d740ffde98.
2022-05-26 01:44:10,609 [Command processor thread] INFO  server.RaftServer (RaftServerProxy.java:addNew(96)) - d9576437-3cbb-4170-b2cc-8965e43834d5: addNew group-B4D433286EBB:[9e488448-403c-4c27-a8c6-f2923e8aa025|rpc:10.1.0.18:33371|priority:1, d9576437-3cbb-4170-b2cc-8965e43834d5|rpc:10.1.0.18:42177|priority:0, abcba7be-10dc-405a-b916-1047518ee4a9|rpc:10.1.0.18:44915|priority:0] returns group-B4D433286EBB:java.util.concurrent.CompletableFuture@39072240[Not completed]
2022-05-26 01:44:10,610 [pool-322-thread-1] INFO  server.RaftServer$Division (RaftServerImpl.java:<init>(190)) - d9576437-3cbb-4170-b2cc-8965e43834d5: new RaftServerImpl for group-B4D433286EBB:[9e488448-403c-4c27-a8c6-f2923e8aa025|rpc:10.1.0.18:33371|priority:1, d9576437-3cbb-4170-b2cc-8965e43834d5|rpc:10.1.0.18:42177|priority:0, abcba7be-10dc-405a-b916-1047518ee4a9|rpc:10.1.0.18:44915|priority:0] with ContainerStateMachine:uninitialized
2022-05-26 01:44:10,610 [pool-322-thread-1] INFO  server.RaftServerConfigKeys (ConfUtils.java:logGet(46)) - raft.server.rpc.timeout.min = 5s (custom)
2022-05-26 01:44:10,610 [pool-322-thread-1] INFO  server.RaftServerConfigKeys (ConfUtils.java:logGet(46)) - raft.server.rpc.timeout.max = 5200ms (custom)
2022-05-26 01:44:10,610 [pool-322-thread-1] INFO  server.RaftServerConfigKeys (ConfUtils.java:logGet(46)) - raft.server.rpc.sleep.time = 25ms (default)
2022-05-26 01:44:10,610 [pool-322-thread-1] INFO  server.RaftServerConfigKeys (ConfUtils.java:logGet(46)) - raft.server.rpc.slowness.timeout = 300s (custom)
2022-05-26 01:44:10,610 [pool-322-thread-1] INFO  server.RaftServerConfigKeys (ConfUtils.java:logGet(46)) - raft.server.leaderelection.leader.step-down.wait-time = 10s (default)
2022-05-26 01:44:10,610 [pool-322-thread-1] INFO  server.RaftServerConfigKeys (ConfUtils.java:logGet(46)) - raft.server.sleep.deviation.threshold = 300ms (default)
2022-05-26 01:44:10,611 [pool-322-thread-1] INFO  server.RaftServer$Division (ServerState.java:<init>(107)) - d9576437-3cbb-4170-b2cc-8965e43834d5@group-B4D433286EBB: ConfigurationManager, init=-1: [9e488448-403c-4c27-a8c6-f2923e8aa025|rpc:10.1.0.18:33371|priority:1, d9576437-3cbb-4170-b2cc-8965e43834d5|rpc:10.1.0.18:42177|priority:0, abcba7be-10dc-405a-b916-1047518ee4a9|rpc:10.1.0.18:44915|priority:0], old=null, confs=<EMPTY_MAP>
2022-05-26 01:44:10,611 [pool-322-thread-1] INFO  server.RaftServerConfigKeys (ConfUtils.java:logGet(46)) - raft.server.storage.dir = [/home/runner/work/ozone/ozone/hadoop-ozone/integration-test/target/test-dir/MiniOzoneClusterImpl-a6c467d1-2397-44e1-8ce0-4bb4627e7e2b/datanode-0/data/ratis] (custom)
2022-05-26 01:44:10,611 [pool-322-thread-1] INFO  server.RaftServerConfigKeys (ConfUtils.java:logGet(46)) - raft.server.log.corruption.policy = EXCEPTION (default)
2022-05-26 01:44:10,611 [pool-322-thread-1] INFO  server.RaftServerConfigKeys (ConfUtils.java:logGet(46)) - raft.server.storage.free-space.min = 0MB (=0) (default)
2022-05-26 01:44:10,611 [pool-322-thread-1] INFO  storage.RaftStorageDirectory (RaftStorageDirectoryImpl.java:analyzeStorage(135)) - The storage directory /home/runner/work/ozone/ozone/hadoop-ozone/integration-test/target/test-dir/MiniOzoneClusterImpl-a6c467d1-2397-44e1-8ce0-4bb4627e7e2b/datanode-0/data/ratis/1a694b44-7d19-439d-a3f0-b4d433286ebb does not exist. Creating ...
2022-05-26 01:44:10,616 [pool-322-thread-1] INFO  storage.RaftStorageDirectory (RaftStorageDirectoryImpl.java:tryLock(230)) - Lock on /home/runner/work/ozone/ozone/hadoop-ozone/integration-test/target/test-dir/MiniOzoneClusterImpl-a6c467d1-2397-44e1-8ce0-4bb4627e7e2b/datanode-0/data/ratis/1a694b44-7d19-439d-a3f0-b4d433286ebb/in_use.lock acquired by nodename 11847@fv-az270-854
2022-05-26 01:44:10,621 [pool-322-thread-1] INFO  storage.RaftStorage (RaftStorageImpl.java:format(89)) - Storage directory /home/runner/work/ozone/ozone/hadoop-ozone/integration-test/target/test-dir/MiniOzoneClusterImpl-a6c467d1-2397-44e1-8ce0-4bb4627e7e2b/datanode-0/data/ratis/1a694b44-7d19-439d-a3f0-b4d433286ebb has been successfully formatted.
2022-05-26 01:44:10,621 [pool-322-thread-1] INFO  ratis.ContainerStateMachine (ContainerStateMachine.java:loadSnapshot(236)) - group-B4D433286EBB: The snapshot info is null. Setting the last applied indexto:(t:0, i:~)
2022-05-26 01:44:10,621 [pool-322-thread-1] INFO  server.RaftServerConfigKeys (ConfUtils.java:logGet(46)) - raft.server.notification.no-leader.timeout = 300s (custom)
2022-05-26 01:44:10,621 [pool-322-thread-1] INFO  server.RaftServerConfigKeys (ConfUtils.java:logGet(46)) - raft.server.log.use.memory = false (default)
2022-05-26 01:44:10,621 [pool-322-thread-1] INFO  server.RaftServerConfigKeys (ConfUtils.java:logGet(46)) - raft.server.log.purge.gap = 1000000 (custom)
2022-05-26 01:44:10,621 [pool-322-thread-1] INFO  server.RaftServerConfigKeys (ConfUtils.java:logGet(46)) - raft.server.log.appender.buffer.byte-limit = 33554432 (custom)
2022-05-26 01:44:10,621 [pool-322-thread-1] INFO  server.RaftServerConfigKeys (ConfUtils.java:logGet(46)) - raft.server.log.statemachine.data.read.timeout = 1000ms (default)
2022-05-26 01:44:10,623 [pool-322-thread-1] INFO  server.RaftServerConfigKeys (ConfUtils.java:logGet(46)) - raft.server.log.segment.size.max = 1048576 (custom)
2022-05-26 01:44:10,623 [EventQueue-OpenPipelineForHealthyPipelineSafeModeRule] INFO  safemode.SCMSafeModeManager (HealthyPipelineSafeModeRule.java:process(124)) - SCM in safe mode. Healthy pipelines reported count is 0, required healthy pipeline reported count is 1
2022-05-26 01:44:10,624 [pool-322-thread-1] INFO  server.RaftServerConfigKeys (ConfUtils.java:logGet(46)) - raft.server.log.segment.cache.num.max = 2 (custom)
2022-05-26 01:44:10,624 [pool-322-thread-1] INFO  server.RaftServerConfigKeys (ConfUtils.java:logGet(46)) - raft.server.log.segment.cache.size.max = 200MB (=209715200) (default)
2022-05-26 01:44:10,624 [pool-322-thread-1] INFO  segmented.SegmentedRaftLogWorker (SegmentedRaftLogWorker.java:<init>(187)) - new d9576437-3cbb-4170-b2cc-8965e43834d5@group-B4D433286EBB-SegmentedRaftLogWorker for RaftStorageImpl:Storage Directory /home/runner/work/ozone/ozone/hadoop-ozone/integration-test/target/test-dir/MiniOzoneClusterImpl-a6c467d1-2397-44e1-8ce0-4bb4627e7e2b/datanode-0/data/ratis/1a694b44-7d19-439d-a3f0-b4d433286ebb
2022-05-26 01:44:10,624 [pool-322-thread-1] INFO  server.RaftServerConfigKeys (ConfUtils.java:logGet(46)) - raft.server.log.queue.byte-limit = 4294967296 (custom)
2022-05-26 01:44:10,624 [pool-322-thread-1] INFO  server.RaftServerConfigKeys (ConfUtils.java:logGet(46)) - raft.server.log.queue.element-limit = 1024 (custom)
2022-05-26 01:44:10,625 [pool-322-thread-1] INFO  server.RaftServerConfigKeys (ConfUtils.java:logGet(46)) - raft.server.log.segment.size.max = 1048576 (custom)
2022-05-26 01:44:10,625 [pool-322-thread-1] INFO  server.RaftServerConfigKeys (ConfUtils.java:logGet(46)) - raft.server.log.preallocated.size = 16384 (custom)
2022-05-26 01:44:10,625 [pool-322-thread-1] INFO  server.RaftServerConfigKeys (ConfUtils.java:logGet(46)) - raft.server.log.force.sync.num = 128 (default)
2022-05-26 01:44:10,625 [pool-322-thread-1] INFO  server.RaftServerConfigKeys (ConfUtils.java:logGet(46)) - raft.server.log.statemachine.data.sync = true (default)
2022-05-26 01:44:10,625 [pool-322-thread-1] INFO  server.RaftServerConfigKeys (ConfUtils.java:logGet(46)) - raft.server.log.statemachine.data.sync.timeout = 10s (default)
2022-05-26 01:44:10,625 [pool-322-thread-1] INFO  server.RaftServerConfigKeys (ConfUtils.java:logGet(46)) - raft.server.log.statemachine.data.sync.timeout.retry = -1 (default)
2022-05-26 01:44:10,629 [pool-322-thread-1] INFO  server.RaftServerConfigKeys (ConfUtils.java:logGet(46)) - raft.server.log.write.buffer.size = 1048576 (custom)
2022-05-26 01:44:10,629 [pool-322-thread-1] INFO  server.RaftServerConfigKeys (ConfUtils.java:logGet(46)) - raft.server.log.unsafe-flush.enabled = false (default)
2022-05-26 01:44:10,629 [pool-322-thread-1] INFO  server.RaftServerConfigKeys (ConfUtils.java:logGet(46)) - raft.server.log.statemachine.data.caching.enabled = true (custom)
2022-05-26 01:44:10,629 [pool-322-thread-1] INFO  segmented.SegmentedRaftLogWorker (SegmentedRaftLogWorker.java:lambda$new$0(135)) - d9576437-3cbb-4170-b2cc-8965e43834d5@group-B4D433286EBB-SegmentedRaftLogWorker: flushIndex: setUnconditionally 0 -> -1
2022-05-26 01:44:10,629 [pool-322-thread-1] INFO  segmented.SegmentedRaftLogWorker (SegmentedRaftLogWorker.java:lambda$new$0(135)) - d9576437-3cbb-4170-b2cc-8965e43834d5@group-B4D433286EBB-SegmentedRaftLogWorker: safeCacheEvictIndex: setUnconditionally 0 -> -1
2022-05-26 01:44:10,648 [pool-322-thread-1] INFO  server.RaftServerConfigKeys (ConfUtils.java:logGet(46)) - raft.server.snapshot.auto.trigger.enabled = true (custom)
2022-05-26 01:44:10,648 [pool-322-thread-1] INFO  server.RaftServerConfigKeys (ConfUtils.java:logGet(46)) - raft.server.snapshot.auto.trigger.threshold = 10000 (custom)
2022-05-26 01:44:10,648 [pool-322-thread-1] INFO  server.RaftServerConfigKeys (ConfUtils.java:logGet(46)) - raft.server.snapshot.retention.file.num = 5 (custom)
2022-05-26 01:44:10,648 [pool-322-thread-1] INFO  server.RaftServerConfigKeys (ConfUtils.java:logGet(46)) - raft.server.log.purge.upto.snapshot.index = false (default)
2022-05-26 01:44:10,648 [pool-322-thread-1] INFO  server.RaftServerConfigKeys (ConfUtils.java:logGet(46)) - raft.server.retrycache.expirytime = 600000ms (custom)
2022-05-26 01:44:10,648 [pool-322-thread-1] INFO  server.RaftServerConfigKeys (ConfUtils.java:logGet(46)) - raft.server.retrycache.statistics.expirytime = 100μs (default)
2022-05-26 01:44:10,649 [pool-322-thread-1] INFO  server.RaftServerConfigKeys (ConfUtils.java:logGet(46)) - raft.server.log.appender.install.snapshot.enabled = false (custom)
2022-05-26 01:44:10,649 [pool-322-thread-1] INFO  server.RaftServerConfigKeys (ConfUtils.java:logGet(46)) - raft.server.threadpool.server.cached = true (default)
2022-05-26 01:44:10,649 [pool-322-thread-1] INFO  server.RaftServerConfigKeys (ConfUtils.java:logGet(46)) - raft.server.threadpool.server.size = 0 (default)
2022-05-26 01:44:10,649 [pool-322-thread-1] INFO  server.RaftServerConfigKeys (ConfUtils.java:logGet(46)) - raft.server.threadpool.client.cached = true (default)
2022-05-26 01:44:10,650 [pool-322-thread-1] INFO  server.RaftServerConfigKeys (ConfUtils.java:logGet(46)) - raft.server.threadpool.client.size = 0 (default)
2022-05-26 01:44:10,650 [pool-322-thread-1] INFO  server.RaftServer$Division (RaftServerImpl.java:start(310)) - d9576437-3cbb-4170-b2cc-8965e43834d5@group-B4D433286EBB: start as a follower, conf=-1: [9e488448-403c-4c27-a8c6-f2923e8aa025|rpc:10.1.0.18:33371|priority:1, d9576437-3cbb-4170-b2cc-8965e43834d5|rpc:10.1.0.18:42177|priority:0, abcba7be-10dc-405a-b916-1047518ee4a9|rpc:10.1.0.18:44915|priority:0], old=null
2022-05-26 01:44:10,650 [pool-322-thread-1] INFO  server.RaftServer$Division (RaftServerImpl.java:setRole(299)) - d9576437-3cbb-4170-b2cc-8965e43834d5@group-B4D433286EBB: changes role from      null to FOLLOWER at term 0 for startAsFollower
2022-05-26 01:44:10,650 [pool-322-thread-1] INFO  impl.RoleInfo (RoleInfo.java:updateAndGet(139)) - d9576437-3cbb-4170-b2cc-8965e43834d5: start d9576437-3cbb-4170-b2cc-8965e43834d5@group-B4D433286EBB-FollowerState
2022-05-26 01:44:10,664 [pool-322-thread-1] INFO  util.JmxRegister (JmxRegister.java:tryRegister(44)) - Successfully registered JMX Bean with object name Ratis:service=RaftServer,group=group-B4D433286EBB,id=d9576437-3cbb-4170-b2cc-8965e43834d5
2022-05-26 01:44:10,672 [Command processor thread] INFO  ratis.XceiverServerRatis (XceiverServerRatis.java:addGroup(765)) - Created group PipelineID=1a694b44-7d19-439d-a3f0-b4d433286ebb
2022-05-26 01:44:10,724 [grpc-default-executor-0] INFO  server.RaftServer (RaftServerProxy.java:addNew(96)) - 9e488448-403c-4c27-a8c6-f2923e8aa025: addNew group-B4D433286EBB:[9e488448-403c-4c27-a8c6-f2923e8aa025|rpc:10.1.0.18:33371|dataStream:|priority:1, d9576437-3cbb-4170-b2cc-8965e43834d5|rpc:10.1.0.18:42177|dataStream:|priority:0, abcba7be-10dc-405a-b916-1047518ee4a9|rpc:10.1.0.18:44915|dataStream:|priority:0] returns group-B4D433286EBB:java.util.concurrent.CompletableFuture@42829f1f[Not completed]
2022-05-26 01:44:10,725 [pool-344-thread-1] INFO  server.RaftServer$Division (RaftServerImpl.java:<init>(190)) - 9e488448-403c-4c27-a8c6-f2923e8aa025: new RaftServerImpl for group-B4D433286EBB:[9e488448-403c-4c27-a8c6-f2923e8aa025|rpc:10.1.0.18:33371|dataStream:|priority:1, d9576437-3cbb-4170-b2cc-8965e43834d5|rpc:10.1.0.18:42177|dataStream:|priority:0, abcba7be-10dc-405a-b916-1047518ee4a9|rpc:10.1.0.18:44915|dataStream:|priority:0] with ContainerStateMachine:uninitialized
2022-05-26 01:44:10,725 [pool-344-thread-1] INFO  server.RaftServerConfigKeys (ConfUtils.java:logGet(46)) - raft.server.rpc.timeout.min = 5s (custom)
2022-05-26 01:44:10,725 [pool-344-thread-1] INFO  server.RaftServerConfigKeys (ConfUtils.java:logGet(46)) - raft.server.rpc.timeout.max = 5200ms (custom)
2022-05-26 01:44:10,725 [pool-344-thread-1] INFO  server.RaftServerConfigKeys (ConfUtils.java:logGet(46)) - raft.server.rpc.sleep.time = 25ms (default)
2022-05-26 01:44:10,725 [pool-344-thread-1] INFO  server.RaftServerConfigKeys (ConfUtils.java:logGet(46)) - raft.server.rpc.slowness.timeout = 300s (custom)
2022-05-26 01:44:10,725 [pool-344-thread-1] INFO  server.RaftServerConfigKeys (ConfUtils.java:logGet(46)) - raft.server.leaderelection.leader.step-down.wait-time = 10s (default)
2022-05-26 01:44:10,725 [pool-344-thread-1] INFO  server.RaftServerConfigKeys (ConfUtils.java:logGet(46)) - raft.server.sleep.deviation.threshold = 300ms (default)
2022-05-26 01:44:10,725 [pool-344-thread-1] INFO  server.RaftServer$Division (ServerState.java:<init>(107)) - 9e488448-403c-4c27-a8c6-f2923e8aa025@group-B4D433286EBB: ConfigurationManager, init=-1: [9e488448-403c-4c27-a8c6-f2923e8aa025|rpc:10.1.0.18:33371|dataStream:|priority:1, d9576437-3cbb-4170-b2cc-8965e43834d5|rpc:10.1.0.18:42177|dataStream:|priority:0, abcba7be-10dc-405a-b916-1047518ee4a9|rpc:10.1.0.18:44915|dataStream:|priority:0], old=null, confs=<EMPTY_MAP>
2022-05-26 01:44:10,725 [pool-344-thread-1] INFO  server.RaftServerConfigKeys (ConfUtils.java:logGet(46)) - raft.server.storage.dir = [/home/runner/work/ozone/ozone/hadoop-ozone/integration-test/target/test-dir/MiniOzoneClusterImpl-a6c467d1-2397-44e1-8ce0-4bb4627e7e2b/datanode-1/data/ratis] (custom)
2022-05-26 01:44:10,725 [pool-344-thread-1] INFO  server.RaftServerConfigKeys (ConfUtils.java:logGet(46)) - raft.server.log.corruption.policy = EXCEPTION (default)
2022-05-26 01:44:10,726 [pool-344-thread-1] INFO  server.RaftServerConfigKeys (ConfUtils.java:logGet(46)) - raft.server.storage.free-space.min = 0MB (=0) (default)
2022-05-26 01:44:10,726 [pool-344-thread-1] INFO  storage.RaftStorageDirectory (RaftStorageDirectoryImpl.java:analyzeStorage(135)) - The storage directory /home/runner/work/ozone/ozone/hadoop-ozone/integration-test/target/test-dir/MiniOzoneClusterImpl-a6c467d1-2397-44e1-8ce0-4bb4627e7e2b/datanode-1/data/ratis/1a694b44-7d19-439d-a3f0-b4d433286ebb does not exist. Creating ...
2022-05-26 01:44:10,748 [pool-344-thread-1] INFO  storage.RaftStorageDirectory (RaftStorageDirectoryImpl.java:tryLock(230)) - Lock on /home/runner/work/ozone/ozone/hadoop-ozone/integration-test/target/test-dir/MiniOzoneClusterImpl-a6c467d1-2397-44e1-8ce0-4bb4627e7e2b/datanode-1/data/ratis/1a694b44-7d19-439d-a3f0-b4d433286ebb/in_use.lock acquired by nodename 11847@fv-az270-854
2022-05-26 01:44:10,752 [pool-344-thread-1] INFO  storage.RaftStorage (RaftStorageImpl.java:format(89)) - Storage directory /home/runner/work/ozone/ozone/hadoop-ozone/integration-test/target/test-dir/MiniOzoneClusterImpl-a6c467d1-2397-44e1-8ce0-4bb4627e7e2b/datanode-1/data/ratis/1a694b44-7d19-439d-a3f0-b4d433286ebb has been successfully formatted.
2022-05-26 01:44:10,765 [pool-344-thread-1] INFO  ratis.ContainerStateMachine (ContainerStateMachine.java:loadSnapshot(236)) - group-B4D433286EBB: The snapshot info is null. Setting the last applied indexto:(t:0, i:~)
2022-05-26 01:44:10,765 [pool-344-thread-1] INFO  server.RaftServerConfigKeys (ConfUtils.java:logGet(46)) - raft.server.notification.no-leader.timeout = 300s (custom)
2022-05-26 01:44:10,765 [pool-344-thread-1] INFO  server.RaftServerConfigKeys (ConfUtils.java:logGet(46)) - raft.server.log.use.memory = false (default)
2022-05-26 01:44:10,765 [pool-344-thread-1] INFO  server.RaftServerConfigKeys (ConfUtils.java:logGet(46)) - raft.server.log.purge.gap = 1000000 (custom)
2022-05-26 01:44:10,765 [pool-344-thread-1] INFO  server.RaftServerConfigKeys (ConfUtils.java:logGet(46)) - raft.server.log.appender.buffer.byte-limit = 33554432 (custom)
2022-05-26 01:44:10,765 [pool-344-thread-1] INFO  server.RaftServerConfigKeys (ConfUtils.java:logGet(46)) - raft.server.log.statemachine.data.read.timeout = 1000ms (default)
2022-05-26 01:44:10,765 [pool-344-thread-1] INFO  server.RaftServerConfigKeys (ConfUtils.java:logGet(46)) - raft.server.log.segment.size.max = 1048576 (custom)
2022-05-26 01:44:10,766 [pool-344-thread-1] INFO  server.RaftServerConfigKeys (ConfUtils.java:logGet(46)) - raft.server.log.segment.cache.num.max = 2 (custom)
2022-05-26 01:44:10,766 [pool-344-thread-1] INFO  server.RaftServerConfigKeys (ConfUtils.java:logGet(46)) - raft.server.log.segment.cache.size.max = 200MB (=209715200) (default)
2022-05-26 01:44:10,766 [pool-344-thread-1] INFO  segmented.SegmentedRaftLogWorker (SegmentedRaftLogWorker.java:<init>(187)) - new 9e488448-403c-4c27-a8c6-f2923e8aa025@group-B4D433286EBB-SegmentedRaftLogWorker for RaftStorageImpl:Storage Directory /home/runner/work/ozone/ozone/hadoop-ozone/integration-test/target/test-dir/MiniOzoneClusterImpl-a6c467d1-2397-44e1-8ce0-4bb4627e7e2b/datanode-1/data/ratis/1a694b44-7d19-439d-a3f0-b4d433286ebb
2022-05-26 01:44:10,766 [pool-344-thread-1] INFO  server.RaftServerConfigKeys (ConfUtils.java:logGet(46)) - raft.server.log.queue.byte-limit = 4294967296 (custom)
2022-05-26 01:44:10,766 [pool-344-thread-1] INFO  server.RaftServerConfigKeys (ConfUtils.java:logGet(46)) - raft.server.log.queue.element-limit = 1024 (custom)
2022-05-26 01:44:10,766 [pool-344-thread-1] INFO  server.RaftServerConfigKeys (ConfUtils.java:logGet(46)) - raft.server.log.segment.size.max = 1048576 (custom)
2022-05-26 01:44:10,766 [pool-344-thread-1] INFO  server.RaftServerConfigKeys (ConfUtils.java:logGet(46)) - raft.server.log.preallocated.size = 16384 (custom)
2022-05-26 01:44:10,766 [pool-344-thread-1] INFO  server.RaftServerConfigKeys (ConfUtils.java:logGet(46)) - raft.server.log.force.sync.num = 128 (default)
2022-05-26 01:44:10,766 [pool-344-thread-1] INFO  server.RaftServerConfigKeys (ConfUtils.java:logGet(46)) - raft.server.log.statemachine.data.sync = true (default)
2022-05-26 01:44:10,766 [pool-344-thread-1] INFO  server.RaftServerConfigKeys (ConfUtils.java:logGet(46)) - raft.server.log.statemachine.data.sync.timeout = 10s (default)
2022-05-26 01:44:10,766 [pool-344-thread-1] INFO  server.RaftServerConfigKeys (ConfUtils.java:logGet(46)) - raft.server.log.statemachine.data.sync.timeout.retry = -1 (default)
2022-05-26 01:44:10,767 [pool-344-thread-1] INFO  server.RaftServerConfigKeys (ConfUtils.java:logGet(46)) - raft.server.log.write.buffer.size = 1048576 (custom)
2022-05-26 01:44:10,768 [pool-344-thread-1] INFO  server.RaftServerConfigKeys (ConfUtils.java:logGet(46)) - raft.server.log.unsafe-flush.enabled = false (default)
2022-05-26 01:44:10,768 [pool-344-thread-1] INFO  server.RaftServerConfigKeys (ConfUtils.java:logGet(46)) - raft.server.log.statemachine.data.caching.enabled = true (custom)
2022-05-26 01:44:10,768 [pool-344-thread-1] INFO  segmented.SegmentedRaftLogWorker (SegmentedRaftLogWorker.java:lambda$new$0(135)) - 9e488448-403c-4c27-a8c6-f2923e8aa025@group-B4D433286EBB-SegmentedRaftLogWorker: flushIndex: setUnconditionally 0 -> -1
2022-05-26 01:44:10,772 [pool-344-thread-1] INFO  segmented.SegmentedRaftLogWorker (SegmentedRaftLogWorker.java:lambda$new$0(135)) - 9e488448-403c-4c27-a8c6-f2923e8aa025@group-B4D433286EBB-SegmentedRaftLogWorker: safeCacheEvictIndex: setUnconditionally 0 -> -1
2022-05-26 01:44:10,788 [pool-344-thread-1] INFO  server.RaftServerConfigKeys (ConfUtils.java:logGet(46)) - raft.server.snapshot.auto.trigger.enabled = true (custom)
2022-05-26 01:44:10,788 [pool-344-thread-1] INFO  server.RaftServerConfigKeys (ConfUtils.java:logGet(46)) - raft.server.snapshot.auto.trigger.threshold = 10000 (custom)
2022-05-26 01:44:10,788 [pool-344-thread-1] INFO  server.RaftServerConfigKeys (ConfUtils.java:logGet(46)) - raft.server.snapshot.retention.file.num = 5 (custom)
2022-05-26 01:44:10,788 [pool-344-thread-1] INFO  server.RaftServerConfigKeys (ConfUtils.java:logGet(46)) - raft.server.log.purge.upto.snapshot.index = false (default)
2022-05-26 01:44:10,788 [pool-344-thread-1] INFO  server.RaftServerConfigKeys (ConfUtils.java:logGet(46)) - raft.server.retrycache.expirytime = 600000ms (custom)
2022-05-26 01:44:10,788 [pool-344-thread-1] INFO  server.RaftServerConfigKeys (ConfUtils.java:logGet(46)) - raft.server.retrycache.statistics.expirytime = 100μs (default)
2022-05-26 01:44:10,791 [pool-344-thread-1] INFO  server.RaftServerConfigKeys (ConfUtils.java:logGet(46)) - raft.server.log.appender.install.snapshot.enabled = false (custom)
2022-05-26 01:44:10,791 [pool-344-thread-1] INFO  server.RaftServerConfigKeys (ConfUtils.java:logGet(46)) - raft.server.threadpool.server.cached = true (default)
2022-05-26 01:44:10,791 [pool-344-thread-1] INFO  server.RaftServerConfigKeys (ConfUtils.java:logGet(46)) - raft.server.threadpool.server.size = 0 (default)
2022-05-26 01:44:10,791 [pool-344-thread-1] INFO  server.RaftServerConfigKeys (ConfUtils.java:logGet(46)) - raft.server.threadpool.client.cached = true (default)
2022-05-26 01:44:10,791 [pool-344-thread-1] INFO  server.RaftServerConfigKeys (ConfUtils.java:logGet(46)) - raft.server.threadpool.client.size = 0 (default)
2022-05-26 01:44:10,791 [pool-344-thread-1] INFO  server.RaftServer$Division (RaftServerImpl.java:start(310)) - 9e488448-403c-4c27-a8c6-f2923e8aa025@group-B4D433286EBB: start as a follower, conf=-1: [9e488448-403c-4c27-a8c6-f2923e8aa025|rpc:10.1.0.18:33371|dataStream:|priority:1, d9576437-3cbb-4170-b2cc-8965e43834d5|rpc:10.1.0.18:42177|dataStream:|priority:0, abcba7be-10dc-405a-b916-1047518ee4a9|rpc:10.1.0.18:44915|dataStream:|priority:0], old=null
2022-05-26 01:44:10,791 [pool-344-thread-1] INFO  server.RaftServer$Division (RaftServerImpl.java:setRole(299)) - 9e488448-403c-4c27-a8c6-f2923e8aa025@group-B4D433286EBB: changes role from      null to FOLLOWER at term 0 for startAsFollower
2022-05-26 01:44:10,791 [pool-344-thread-1] INFO  impl.RoleInfo (RoleInfo.java:updateAndGet(139)) - 9e488448-403c-4c27-a8c6-f2923e8aa025: start 9e488448-403c-4c27-a8c6-f2923e8aa025@group-B4D433286EBB-FollowerState
2022-05-26 01:44:10,811 [pool-344-thread-1] INFO  util.JmxRegister (JmxRegister.java:tryRegister(44)) - Successfully registered JMX Bean with object name Ratis:service=RaftServer,group=group-B4D433286EBB,id=9e488448-403c-4c27-a8c6-f2923e8aa025
2022-05-26 01:44:10,936 [grpc-default-executor-1] INFO  server.RaftServer (RaftServerProxy.java:addNew(96)) - abcba7be-10dc-405a-b916-1047518ee4a9: addNew group-B4D433286EBB:[9e488448-403c-4c27-a8c6-f2923e8aa025|rpc:10.1.0.18:33371|dataStream:|priority:1, d9576437-3cbb-4170-b2cc-8965e43834d5|rpc:10.1.0.18:42177|dataStream:|priority:0, abcba7be-10dc-405a-b916-1047518ee4a9|rpc:10.1.0.18:44915|dataStream:|priority:0] returns group-B4D433286EBB:java.util.concurrent.CompletableFuture@4b9fce5f[Not completed]
2022-05-26 01:44:10,937 [pool-366-thread-1] INFO  server.RaftServer$Division (RaftServerImpl.java:<init>(190)) - abcba7be-10dc-405a-b916-1047518ee4a9: new RaftServerImpl for group-B4D433286EBB:[9e488448-403c-4c27-a8c6-f2923e8aa025|rpc:10.1.0.18:33371|dataStream:|priority:1, d9576437-3cbb-4170-b2cc-8965e43834d5|rpc:10.1.0.18:42177|dataStream:|priority:0, abcba7be-10dc-405a-b916-1047518ee4a9|rpc:10.1.0.18:44915|dataStream:|priority:0] with ContainerStateMachine:uninitialized
2022-05-26 01:44:10,937 [pool-366-thread-1] INFO  server.RaftServerConfigKeys (ConfUtils.java:logGet(46)) - raft.server.rpc.timeout.min = 5s (custom)
2022-05-26 01:44:10,937 [pool-366-thread-1] INFO  server.RaftServerConfigKeys (ConfUtils.java:logGet(46)) - raft.server.rpc.timeout.max = 5200ms (custom)
2022-05-26 01:44:10,937 [pool-366-thread-1] INFO  server.RaftServerConfigKeys (ConfUtils.java:logGet(46)) - raft.server.rpc.sleep.time = 25ms (default)
2022-05-26 01:44:10,937 [pool-366-thread-1] INFO  server.RaftServerConfigKeys (ConfUtils.java:logGet(46)) - raft.server.rpc.slowness.timeout = 300s (custom)
2022-05-26 01:44:10,937 [pool-366-thread-1] INFO  server.RaftServerConfigKeys (ConfUtils.java:logGet(46)) - raft.server.leaderelection.leader.step-down.wait-time = 10s (default)
2022-05-26 01:44:10,937 [pool-366-thread-1] INFO  server.RaftServerConfigKeys (ConfUtils.java:logGet(46)) - raft.server.sleep.deviation.threshold = 300ms (default)
2022-05-26 01:44:10,937 [pool-366-thread-1] INFO  server.RaftServer$Division (ServerState.java:<init>(107)) - abcba7be-10dc-405a-b916-1047518ee4a9@group-B4D433286EBB: ConfigurationManager, init=-1: [9e488448-403c-4c27-a8c6-f2923e8aa025|rpc:10.1.0.18:33371|dataStream:|priority:1, d9576437-3cbb-4170-b2cc-8965e43834d5|rpc:10.1.0.18:42177|dataStream:|priority:0, abcba7be-10dc-405a-b916-1047518ee4a9|rpc:10.1.0.18:44915|dataStream:|priority:0], old=null, confs=<EMPTY_MAP>
2022-05-26 01:44:10,938 [pool-366-thread-1] INFO  server.RaftServerConfigKeys (ConfUtils.java:logGet(46)) - raft.server.storage.dir = [/home/runner/work/ozone/ozone/hadoop-ozone/integration-test/target/test-dir/MiniOzoneClusterImpl-a6c467d1-2397-44e1-8ce0-4bb4627e7e2b/datanode-2/data/ratis] (custom)
2022-05-26 01:44:10,938 [pool-366-thread-1] INFO  server.RaftServerConfigKeys (ConfUtils.java:logGet(46)) - raft.server.log.corruption.policy = EXCEPTION (default)
2022-05-26 01:44:10,938 [pool-366-thread-1] INFO  server.RaftServerConfigKeys (ConfUtils.java:logGet(46)) - raft.server.storage.free-space.min = 0MB (=0) (default)
2022-05-26 01:44:10,938 [pool-366-thread-1] INFO  storage.RaftStorageDirectory (RaftStorageDirectoryImpl.java:analyzeStorage(135)) - The storage directory /home/runner/work/ozone/ozone/hadoop-ozone/integration-test/target/test-dir/MiniOzoneClusterImpl-a6c467d1-2397-44e1-8ce0-4bb4627e7e2b/datanode-2/data/ratis/1a694b44-7d19-439d-a3f0-b4d433286ebb does not exist. Creating ...
2022-05-26 01:44:10,941 [pool-366-thread-1] INFO  storage.RaftStorageDirectory (RaftStorageDirectoryImpl.java:tryLock(230)) - Lock on /home/runner/work/ozone/ozone/hadoop-ozone/integration-test/target/test-dir/MiniOzoneClusterImpl-a6c467d1-2397-44e1-8ce0-4bb4627e7e2b/datanode-2/data/ratis/1a694b44-7d19-439d-a3f0-b4d433286ebb/in_use.lock acquired by nodename 11847@fv-az270-854
2022-05-26 01:44:10,946 [pool-366-thread-1] INFO  storage.RaftStorage (RaftStorageImpl.java:format(89)) - Storage directory /home/runner/work/ozone/ozone/hadoop-ozone/integration-test/target/test-dir/MiniOzoneClusterImpl-a6c467d1-2397-44e1-8ce0-4bb4627e7e2b/datanode-2/data/ratis/1a694b44-7d19-439d-a3f0-b4d433286ebb has been successfully formatted.
2022-05-26 01:44:10,946 [pool-366-thread-1] INFO  ratis.ContainerStateMachine (ContainerStateMachine.java:loadSnapshot(236)) - group-B4D433286EBB: The snapshot info is null. Setting the last applied indexto:(t:0, i:~)
2022-05-26 01:44:10,946 [pool-366-thread-1] INFO  server.RaftServerConfigKeys (ConfUtils.java:logGet(46)) - raft.server.notification.no-leader.timeout = 300s (custom)
2022-05-26 01:44:10,946 [pool-366-thread-1] INFO  server.RaftServerConfigKeys (ConfUtils.java:logGet(46)) - raft.server.log.use.memory = false (default)
2022-05-26 01:44:10,946 [pool-366-thread-1] INFO  server.RaftServerConfigKeys (ConfUtils.java:logGet(46)) - raft.server.log.purge.gap = 1000000 (custom)
2022-05-26 01:44:10,946 [pool-366-thread-1] INFO  server.RaftServerConfigKeys (ConfUtils.java:logGet(46)) - raft.server.log.appender.buffer.byte-limit = 33554432 (custom)
2022-05-26 01:44:10,947 [pool-366-thread-1] INFO  server.RaftServerConfigKeys (ConfUtils.java:logGet(46)) - raft.server.log.statemachine.data.read.timeout = 1000ms (default)
2022-05-26 01:44:10,947 [pool-366-thread-1] INFO  server.RaftServerConfigKeys (ConfUtils.java:logGet(46)) - raft.server.log.segment.size.max = 1048576 (custom)
2022-05-26 01:44:10,947 [pool-366-thread-1] INFO  server.RaftServerConfigKeys (ConfUtils.java:logGet(46)) - raft.server.log.segment.cache.num.max = 2 (custom)
2022-05-26 01:44:10,947 [pool-366-thread-1] INFO  server.RaftServerConfigKeys (ConfUtils.java:logGet(46)) - raft.server.log.segment.cache.size.max = 200MB (=209715200) (default)
2022-05-26 01:44:10,964 [pool-366-thread-1] INFO  segmented.SegmentedRaftLogWorker (SegmentedRaftLogWorker.java:<init>(187)) - new abcba7be-10dc-405a-b916-1047518ee4a9@group-B4D433286EBB-SegmentedRaftLogWorker for RaftStorageImpl:Storage Directory /home/runner/work/ozone/ozone/hadoop-ozone/integration-test/target/test-dir/MiniOzoneClusterImpl-a6c467d1-2397-44e1-8ce0-4bb4627e7e2b/datanode-2/data/ratis/1a694b44-7d19-439d-a3f0-b4d433286ebb
2022-05-26 01:44:10,964 [pool-366-thread-1] INFO  server.RaftServerConfigKeys (ConfUtils.java:logGet(46)) - raft.server.log.queue.byte-limit = 4294967296 (custom)
2022-05-26 01:44:10,964 [pool-366-thread-1] INFO  server.RaftServerConfigKeys (ConfUtils.java:logGet(46)) - raft.server.log.queue.element-limit = 1024 (custom)
2022-05-26 01:44:10,964 [pool-366-thread-1] INFO  server.RaftServerConfigKeys (ConfUtils.java:logGet(46)) - raft.server.log.segment.size.max = 1048576 (custom)
2022-05-26 01:44:10,964 [pool-366-thread-1] INFO  server.RaftServerConfigKeys (ConfUtils.java:logGet(46)) - raft.server.log.preallocated.size = 16384 (custom)
2022-05-26 01:44:10,964 [pool-366-thread-1] INFO  server.RaftServerConfigKeys (ConfUtils.java:logGet(46)) - raft.server.log.force.sync.num = 128 (default)
2022-05-26 01:44:10,964 [pool-366-thread-1] INFO  server.RaftServerConfigKeys (ConfUtils.java:logGet(46)) - raft.server.log.statemachine.data.sync = true (default)
2022-05-26 01:44:10,964 [pool-366-thread-1] INFO  server.RaftServerConfigKeys (ConfUtils.java:logGet(46)) - raft.server.log.statemachine.data.sync.timeout = 10s (default)
2022-05-26 01:44:10,964 [pool-366-thread-1] INFO  server.RaftServerConfigKeys (ConfUtils.java:logGet(46)) - raft.server.log.statemachine.data.sync.timeout.retry = -1 (default)
2022-05-26 01:44:10,965 [pool-366-thread-1] INFO  server.RaftServerConfigKeys (ConfUtils.java:logGet(46)) - raft.server.log.write.buffer.size = 1048576 (custom)
2022-05-26 01:44:10,965 [pool-366-thread-1] INFO  server.RaftServerConfigKeys (ConfUtils.java:logGet(46)) - raft.server.log.unsafe-flush.enabled = false (default)
2022-05-26 01:44:10,965 [pool-366-thread-1] INFO  server.RaftServerConfigKeys (ConfUtils.java:logGet(46)) - raft.server.log.statemachine.data.caching.enabled = true (custom)
2022-05-26 01:44:10,966 [pool-366-thread-1] INFO  segmented.SegmentedRaftLogWorker (SegmentedRaftLogWorker.java:lambda$new$0(135)) - abcba7be-10dc-405a-b916-1047518ee4a9@group-B4D433286EBB-SegmentedRaftLogWorker: flushIndex: setUnconditionally 0 -> -1
2022-05-26 01:44:10,966 [pool-366-thread-1] INFO  segmented.SegmentedRaftLogWorker (SegmentedRaftLogWorker.java:lambda$new$0(135)) - abcba7be-10dc-405a-b916-1047518ee4a9@group-B4D433286EBB-SegmentedRaftLogWorker: safeCacheEvictIndex: setUnconditionally 0 -> -1
2022-05-26 01:44:10,968 [pool-366-thread-1] INFO  server.RaftServerConfigKeys (ConfUtils.java:logGet(46)) - raft.server.snapshot.auto.trigger.enabled = true (custom)
2022-05-26 01:44:10,968 [pool-366-thread-1] INFO  server.RaftServerConfigKeys (ConfUtils.java:logGet(46)) - raft.server.snapshot.auto.trigger.threshold = 10000 (custom)
2022-05-26 01:44:10,968 [pool-366-thread-1] INFO  server.RaftServerConfigKeys (ConfUtils.java:logGet(46)) - raft.server.snapshot.retention.file.num = 5 (custom)
2022-05-26 01:44:10,968 [pool-366-thread-1] INFO  server.RaftServerConfigKeys (ConfUtils.java:logGet(46)) - raft.server.log.purge.upto.snapshot.index = false (default)
2022-05-26 01:44:10,968 [pool-366-thread-1] INFO  server.RaftServerConfigKeys (ConfUtils.java:logGet(46)) - raft.server.retrycache.expirytime = 600000ms (custom)
2022-05-26 01:44:10,968 [pool-366-thread-1] INFO  server.RaftServerConfigKeys (ConfUtils.java:logGet(46)) - raft.server.retrycache.statistics.expirytime = 100μs (default)
2022-05-26 01:44:10,969 [pool-366-thread-1] INFO  server.RaftServerConfigKeys (ConfUtils.java:logGet(46)) - raft.server.log.appender.install.snapshot.enabled = false (custom)
2022-05-26 01:44:10,969 [pool-366-thread-1] INFO  server.RaftServerConfigKeys (ConfUtils.java:logGet(46)) - raft.server.threadpool.server.cached = true (default)
2022-05-26 01:44:10,969 [pool-366-thread-1] INFO  server.RaftServerConfigKeys (ConfUtils.java:logGet(46)) - raft.server.threadpool.server.size = 0 (default)
2022-05-26 01:44:10,969 [pool-366-thread-1] INFO  server.RaftServerConfigKeys (ConfUtils.java:logGet(46)) - raft.server.threadpool.client.cached = true (default)
2022-05-26 01:44:10,970 [pool-366-thread-1] INFO  server.RaftServerConfigKeys (ConfUtils.java:logGet(46)) - raft.server.threadpool.client.size = 0 (default)
2022-05-26 01:44:10,970 [pool-366-thread-1] INFO  server.RaftServer$Division (RaftServerImpl.java:start(310)) - abcba7be-10dc-405a-b916-1047518ee4a9@group-B4D433286EBB: start as a follower, conf=-1: [9e488448-403c-4c27-a8c6-f2923e8aa025|rpc:10.1.0.18:33371|dataStream:|priority:1, d9576437-3cbb-4170-b2cc-8965e43834d5|rpc:10.1.0.18:42177|dataStream:|priority:0, abcba7be-10dc-405a-b916-1047518ee4a9|rpc:10.1.0.18:44915|dataStream:|priority:0], old=null
2022-05-26 01:44:10,970 [pool-366-thread-1] INFO  server.RaftServer$Division (RaftServerImpl.java:setRole(299)) - abcba7be-10dc-405a-b916-1047518ee4a9@group-B4D433286EBB: changes role from      null to FOLLOWER at term 0 for startAsFollower
2022-05-26 01:44:10,970 [pool-366-thread-1] INFO  impl.RoleInfo (RoleInfo.java:updateAndGet(139)) - abcba7be-10dc-405a-b916-1047518ee4a9: start abcba7be-10dc-405a-b916-1047518ee4a9@group-B4D433286EBB-FollowerState
2022-05-26 01:44:10,975 [pool-366-thread-1] INFO  util.JmxRegister (JmxRegister.java:tryRegister(44)) - Successfully registered JMX Bean with object name Ratis:service=RaftServer,group=group-B4D433286EBB,id=abcba7be-10dc-405a-b916-1047518ee4a9
2022-05-26 01:44:11,018 [Command processor thread] INFO  commandhandler.CreatePipelineCommandHandler (CreatePipelineCommandHandler.java:handle(113)) - Created Pipeline RATIS THREE PipelineID=1a694b44-7d19-439d-a3f0-b4d433286ebb.
2022-05-26 01:44:11,019 [Command processor thread] INFO  server.RaftServer (RaftServerProxy.java:addNew(96)) - d9576437-3cbb-4170-b2cc-8965e43834d5: addNew group-56DD1FC4AA1B:[9e488448-403c-4c27-a8c6-f2923e8aa025|rpc:10.1.0.18:33371|priority:0, d9576437-3cbb-4170-b2cc-8965e43834d5|rpc:10.1.0.18:42177|priority:0, abcba7be-10dc-405a-b916-1047518ee4a9|rpc:10.1.0.18:44915|priority:1] returns group-56DD1FC4AA1B:java.util.concurrent.CompletableFuture@daaa250[Not completed]
2022-05-26 01:44:11,019 [pool-322-thread-1] INFO  server.RaftServer$Division (RaftServerImpl.java:<init>(190)) - d9576437-3cbb-4170-b2cc-8965e43834d5: new RaftServerImpl for group-56DD1FC4AA1B:[9e488448-403c-4c27-a8c6-f2923e8aa025|rpc:10.1.0.18:33371|priority:0, d9576437-3cbb-4170-b2cc-8965e43834d5|rpc:10.1.0.18:42177|priority:0, abcba7be-10dc-405a-b916-1047518ee4a9|rpc:10.1.0.18:44915|priority:1] with ContainerStateMachine:uninitialized
2022-05-26 01:44:11,020 [pool-322-thread-1] INFO  server.RaftServerConfigKeys (ConfUtils.java:logGet(46)) - raft.server.rpc.timeout.min = 5s (custom)
2022-05-26 01:44:11,020 [pool-322-thread-1] INFO  server.RaftServerConfigKeys (ConfUtils.java:logGet(46)) - raft.server.rpc.timeout.max = 5200ms (custom)
2022-05-26 01:44:11,020 [pool-322-thread-1] INFO  server.RaftServerConfigKeys (ConfUtils.java:logGet(46)) - raft.server.rpc.sleep.time = 25ms (default)
2022-05-26 01:44:11,020 [pool-322-thread-1] INFO  server.RaftServerConfigKeys (ConfUtils.java:logGet(46)) - raft.server.rpc.slowness.timeout = 300s (custom)
2022-05-26 01:44:11,020 [pool-322-thread-1] INFO  server.RaftServerConfigKeys (ConfUtils.java:logGet(46)) - raft.server.leaderelection.leader.step-down.wait-time = 10s (default)
2022-05-26 01:44:11,020 [pool-322-thread-1] INFO  server.RaftServerConfigKeys (ConfUtils.java:logGet(46)) - raft.server.sleep.deviation.threshold = 300ms (default)
2022-05-26 01:44:11,020 [pool-322-thread-1] INFO  server.RaftServer$Division (ServerState.java:<init>(107)) - d9576437-3cbb-4170-b2cc-8965e43834d5@group-56DD1FC4AA1B: ConfigurationManager, init=-1: [9e488448-403c-4c27-a8c6-f2923e8aa025|rpc:10.1.0.18:33371|priority:0, d9576437-3cbb-4170-b2cc-8965e43834d5|rpc:10.1.0.18:42177|priority:0, abcba7be-10dc-405a-b916-1047518ee4a9|rpc:10.1.0.18:44915|priority:1], old=null, confs=<EMPTY_MAP>
2022-05-26 01:44:11,020 [pool-322-thread-1] INFO  server.RaftServerConfigKeys (ConfUtils.java:logGet(46)) - raft.server.storage.dir = [/home/runner/work/ozone/ozone/hadoop-ozone/integration-test/target/test-dir/MiniOzoneClusterImpl-a6c467d1-2397-44e1-8ce0-4bb4627e7e2b/datanode-0/data/ratis] (custom)
2022-05-26 01:44:11,020 [pool-322-thread-1] INFO  server.RaftServerConfigKeys (ConfUtils.java:logGet(46)) - raft.server.log.corruption.policy = EXCEPTION (default)
2022-05-26 01:44:11,020 [pool-322-thread-1] INFO  server.RaftServerConfigKeys (ConfUtils.java:logGet(46)) - raft.server.storage.free-space.min = 0MB (=0) (default)
2022-05-26 01:44:11,020 [pool-322-thread-1] INFO  storage.RaftStorageDirectory (RaftStorageDirectoryImpl.java:analyzeStorage(135)) - The storage directory /home/runner/work/ozone/ozone/hadoop-ozone/integration-test/target/test-dir/MiniOzoneClusterImpl-a6c467d1-2397-44e1-8ce0-4bb4627e7e2b/datanode-0/data/ratis/83952d7b-8789-4a34-832c-56dd1fc4aa1b does not exist. Creating ...
2022-05-26 01:44:11,021 [pool-322-thread-1] INFO  storage.RaftStorageDirectory (RaftStorageDirectoryImpl.java:tryLock(230)) - Lock on /home/runner/work/ozone/ozone/hadoop-ozone/integration-test/target/test-dir/MiniOzoneClusterImpl-a6c467d1-2397-44e1-8ce0-4bb4627e7e2b/datanode-0/data/ratis/83952d7b-8789-4a34-832c-56dd1fc4aa1b/in_use.lock acquired by nodename 11847@fv-az270-854
2022-05-26 01:44:11,022 [pool-322-thread-1] INFO  storage.RaftStorage (RaftStorageImpl.java:format(89)) - Storage directory /home/runner/work/ozone/ozone/hadoop-ozone/integration-test/target/test-dir/MiniOzoneClusterImpl-a6c467d1-2397-44e1-8ce0-4bb4627e7e2b/datanode-0/data/ratis/83952d7b-8789-4a34-832c-56dd1fc4aa1b has been successfully formatted.
2022-05-26 01:44:11,022 [pool-322-thread-1] INFO  ratis.ContainerStateMachine (ContainerStateMachine.java:loadSnapshot(236)) - group-56DD1FC4AA1B: The snapshot info is null. Setting the last applied indexto:(t:0, i:~)
2022-05-26 01:44:11,023 [pool-322-thread-1] INFO  server.RaftServerConfigKeys (ConfUtils.java:logGet(46)) - raft.server.notification.no-leader.timeout = 300s (custom)
2022-05-26 01:44:11,023 [pool-322-thread-1] INFO  server.RaftServerConfigKeys (ConfUtils.java:logGet(46)) - raft.server.log.use.memory = false (default)
2022-05-26 01:44:11,023 [pool-322-thread-1] INFO  server.RaftServerConfigKeys (ConfUtils.java:logGet(46)) - raft.server.log.purge.gap = 1000000 (custom)
2022-05-26 01:44:11,023 [pool-322-thread-1] INFO  server.RaftServerConfigKeys (ConfUtils.java:logGet(46)) - raft.server.log.appender.buffer.byte-limit = 33554432 (custom)
2022-05-26 01:44:11,023 [pool-322-thread-1] INFO  server.RaftServerConfigKeys (ConfUtils.java:logGet(46)) - raft.server.log.statemachine.data.read.timeout = 1000ms (default)
2022-05-26 01:44:11,023 [pool-322-thread-1] INFO  server.RaftServerConfigKeys (ConfUtils.java:logGet(46)) - raft.server.log.segment.size.max = 1048576 (custom)
2022-05-26 01:44:11,023 [pool-322-thread-1] INFO  server.RaftServerConfigKeys (ConfUtils.java:logGet(46)) - raft.server.log.segment.cache.num.max = 2 (custom)
2022-05-26 01:44:11,023 [pool-322-thread-1] INFO  server.RaftServerConfigKeys (ConfUtils.java:logGet(46)) - raft.server.log.segment.cache.size.max = 200MB (=209715200) (default)
2022-05-26 01:44:11,023 [pool-322-thread-1] INFO  segmented.SegmentedRaftLogWorker (SegmentedRaftLogWorker.java:<init>(187)) - new d9576437-3cbb-4170-b2cc-8965e43834d5@group-56DD1FC4AA1B-SegmentedRaftLogWorker for RaftStorageImpl:Storage Directory /home/runner/work/ozone/ozone/hadoop-ozone/integration-test/target/test-dir/MiniOzoneClusterImpl-a6c467d1-2397-44e1-8ce0-4bb4627e7e2b/datanode-0/data/ratis/83952d7b-8789-4a34-832c-56dd1fc4aa1b
2022-05-26 01:44:11,023 [pool-322-thread-1] INFO  server.RaftServerConfigKeys (ConfUtils.java:logGet(46)) - raft.server.log.queue.byte-limit = 4294967296 (custom)
2022-05-26 01:44:11,023 [pool-322-thread-1] INFO  server.RaftServerConfigKeys (ConfUtils.java:logGet(46)) - raft.server.log.queue.element-limit = 1024 (custom)
2022-05-26 01:44:11,024 [pool-322-thread-1] INFO  server.RaftServerConfigKeys (ConfUtils.java:logGet(46)) - raft.server.log.segment.size.max = 1048576 (custom)
2022-05-26 01:44:11,024 [pool-322-thread-1] INFO  server.RaftServerConfigKeys (ConfUtils.java:logGet(46)) - raft.server.log.preallocated.size = 16384 (custom)
2022-05-26 01:44:11,024 [pool-322-thread-1] INFO  server.RaftServerConfigKeys (ConfUtils.java:logGet(46)) - raft.server.log.force.sync.num = 128 (default)
2022-05-26 01:44:11,024 [pool-322-thread-1] INFO  server.RaftServerConfigKeys (ConfUtils.java:logGet(46)) - raft.server.log.statemachine.data.sync = true (default)
2022-05-26 01:44:11,024 [pool-322-thread-1] INFO  server.RaftServerConfigKeys (ConfUtils.java:logGet(46)) - raft.server.log.statemachine.data.sync.timeout = 10s (default)
2022-05-26 01:44:11,024 [pool-322-thread-1] INFO  server.RaftServerConfigKeys (ConfUtils.java:logGet(46)) - raft.server.log.statemachine.data.sync.timeout.retry = -1 (default)
2022-05-26 01:44:11,026 [EventQueue-OpenPipelineForHealthyPipelineSafeModeRule] INFO  safemode.SCMSafeModeManager (HealthyPipelineSafeModeRule.java:process(124)) - SCM in safe mode. Healthy pipelines reported count is 0, required healthy pipeline reported count is 1
2022-05-26 01:44:11,033 [pool-322-thread-1] INFO  server.RaftServerConfigKeys (ConfUtils.java:logGet(46)) - raft.server.log.write.buffer.size = 1048576 (custom)
2022-05-26 01:44:11,033 [pool-322-thread-1] INFO  server.RaftServerConfigKeys (ConfUtils.java:logGet(46)) - raft.server.log.unsafe-flush.enabled = false (default)
2022-05-26 01:44:11,035 [pool-322-thread-1] INFO  server.RaftServerConfigKeys (ConfUtils.java:logGet(46)) - raft.server.log.statemachine.data.caching.enabled = true (custom)
2022-05-26 01:44:11,035 [pool-322-thread-1] INFO  segmented.SegmentedRaftLogWorker (SegmentedRaftLogWorker.java:lambda$new$0(135)) - d9576437-3cbb-4170-b2cc-8965e43834d5@group-56DD1FC4AA1B-SegmentedRaftLogWorker: flushIndex: setUnconditionally 0 -> -1
2022-05-26 01:44:11,035 [pool-322-thread-1] INFO  segmented.SegmentedRaftLogWorker (SegmentedRaftLogWorker.java:lambda$new$0(135)) - d9576437-3cbb-4170-b2cc-8965e43834d5@group-56DD1FC4AA1B-SegmentedRaftLogWorker: safeCacheEvictIndex: setUnconditionally 0 -> -1
2022-05-26 01:44:11,035 [pool-322-thread-1] INFO  server.RaftServerConfigKeys (ConfUtils.java:logGet(46)) - raft.server.snapshot.auto.trigger.enabled = true (custom)
2022-05-26 01:44:11,035 [pool-322-thread-1] INFO  server.RaftServerConfigKeys (ConfUtils.java:logGet(46)) - raft.server.snapshot.auto.trigger.threshold = 10000 (custom)
2022-05-26 01:44:11,035 [pool-322-thread-1] INFO  server.RaftServerConfigKeys (ConfUtils.java:logGet(46)) - raft.server.snapshot.retention.file.num = 5 (custom)
2022-05-26 01:44:11,035 [pool-322-thread-1] INFO  server.RaftServerConfigKeys (ConfUtils.java:logGet(46)) - raft.server.log.purge.upto.snapshot.index = false (default)
2022-05-26 01:44:11,035 [pool-322-thread-1] INFO  server.RaftServerConfigKeys (ConfUtils.java:logGet(46)) - raft.server.retrycache.expirytime = 600000ms (custom)
2022-05-26 01:44:11,035 [pool-322-thread-1] INFO  server.RaftServerConfigKeys (ConfUtils.java:logGet(46)) - raft.server.retrycache.statistics.expirytime = 100μs (default)
2022-05-26 01:44:11,036 [pool-322-thread-1] INFO  server.RaftServerConfigKeys (ConfUtils.java:logGet(46)) - raft.server.log.appender.install.snapshot.enabled = false (custom)
2022-05-26 01:44:11,036 [pool-322-thread-1] INFO  server.RaftServerConfigKeys (ConfUtils.java:logGet(46)) - raft.server.threadpool.server.cached = true (default)
2022-05-26 01:44:11,036 [pool-322-thread-1] INFO  server.RaftServerConfigKeys (ConfUtils.java:logGet(46)) - raft.server.threadpool.server.size = 0 (default)
2022-05-26 01:44:11,036 [pool-322-thread-1] INFO  server.RaftServerConfigKeys (ConfUtils.java:logGet(46)) - raft.server.threadpool.client.cached = true (default)
2022-05-26 01:44:11,037 [pool-322-thread-1] INFO  server.RaftServerConfigKeys (ConfUtils.java:logGet(46)) - raft.server.threadpool.client.size = 0 (default)
2022-05-26 01:44:11,037 [pool-322-thread-1] INFO  server.RaftServer$Division (RaftServerImpl.java:start(310)) - d9576437-3cbb-4170-b2cc-8965e43834d5@group-56DD1FC4AA1B: start as a follower, conf=-1: [9e488448-403c-4c27-a8c6-f2923e8aa025|rpc:10.1.0.18:33371|priority:0, d9576437-3cbb-4170-b2cc-8965e43834d5|rpc:10.1.0.18:42177|priority:0, abcba7be-10dc-405a-b916-1047518ee4a9|rpc:10.1.0.18:44915|priority:1], old=null
2022-05-26 01:44:11,037 [pool-322-thread-1] INFO  server.RaftServer$Division (RaftServerImpl.java:setRole(299)) - d9576437-3cbb-4170-b2cc-8965e43834d5@group-56DD1FC4AA1B: changes role from      null to FOLLOWER at term 0 for startAsFollower
2022-05-26 01:44:11,037 [pool-322-thread-1] INFO  impl.RoleInfo (RoleInfo.java:updateAndGet(139)) - d9576437-3cbb-4170-b2cc-8965e43834d5: start d9576437-3cbb-4170-b2cc-8965e43834d5@group-56DD1FC4AA1B-FollowerState
2022-05-26 01:44:11,037 [pool-322-thread-1] INFO  util.JmxRegister (JmxRegister.java:tryRegister(44)) - Successfully registered JMX Bean with object name Ratis:service=RaftServer,group=group-56DD1FC4AA1B,id=d9576437-3cbb-4170-b2cc-8965e43834d5
2022-05-26 01:44:11,038 [Command processor thread] INFO  ratis.XceiverServerRatis (XceiverServerRatis.java:addGroup(765)) - Created group PipelineID=83952d7b-8789-4a34-832c-56dd1fc4aa1b
2022-05-26 01:44:11,072 [grpc-default-executor-1] INFO  server.RaftServer (RaftServerProxy.java:addNew(96)) - 9e488448-403c-4c27-a8c6-f2923e8aa025: addNew group-56DD1FC4AA1B:[9e488448-403c-4c27-a8c6-f2923e8aa025|rpc:10.1.0.18:33371|dataStream:|priority:0, d9576437-3cbb-4170-b2cc-8965e43834d5|rpc:10.1.0.18:42177|dataStream:|priority:0, abcba7be-10dc-405a-b916-1047518ee4a9|rpc:10.1.0.18:44915|dataStream:|priority:1] returns group-56DD1FC4AA1B:java.util.concurrent.CompletableFuture@4b20be7b[Not completed]
2022-05-26 01:44:11,075 [pool-344-thread-1] INFO  server.RaftServer$Division (RaftServerImpl.java:<init>(190)) - 9e488448-403c-4c27-a8c6-f2923e8aa025: new RaftServerImpl for group-56DD1FC4AA1B:[9e488448-403c-4c27-a8c6-f2923e8aa025|rpc:10.1.0.18:33371|dataStream:|priority:0, d9576437-3cbb-4170-b2cc-8965e43834d5|rpc:10.1.0.18:42177|dataStream:|priority:0, abcba7be-10dc-405a-b916-1047518ee4a9|rpc:10.1.0.18:44915|dataStream:|priority:1] with ContainerStateMachine:uninitialized
2022-05-26 01:44:11,075 [pool-344-thread-1] INFO  server.RaftServerConfigKeys (ConfUtils.java:logGet(46)) - raft.server.rpc.timeout.min = 5s (custom)
2022-05-26 01:44:11,075 [pool-344-thread-1] INFO  server.RaftServerConfigKeys (ConfUtils.java:logGet(46)) - raft.server.rpc.timeout.max = 5200ms (custom)
2022-05-26 01:44:11,075 [pool-344-thread-1] INFO  server.RaftServerConfigKeys (ConfUtils.java:logGet(46)) - raft.server.rpc.sleep.time = 25ms (default)
2022-05-26 01:44:11,075 [pool-344-thread-1] INFO  server.RaftServerConfigKeys (ConfUtils.java:logGet(46)) - raft.server.rpc.slowness.timeout = 300s (custom)
2022-05-26 01:44:11,075 [pool-344-thread-1] INFO  server.RaftServerConfigKeys (ConfUtils.java:logGet(46)) - raft.server.leaderelection.leader.step-down.wait-time = 10s (default)
2022-05-26 01:44:11,075 [pool-344-thread-1] INFO  server.RaftServerConfigKeys (ConfUtils.java:logGet(46)) - raft.server.sleep.deviation.threshold = 300ms (default)
2022-05-26 01:44:11,075 [pool-344-thread-1] INFO  server.RaftServer$Division (ServerState.java:<init>(107)) - 9e488448-403c-4c27-a8c6-f2923e8aa025@group-56DD1FC4AA1B: ConfigurationManager, init=-1: [9e488448-403c-4c27-a8c6-f2923e8aa025|rpc:10.1.0.18:33371|dataStream:|priority:0, d9576437-3cbb-4170-b2cc-8965e43834d5|rpc:10.1.0.18:42177|dataStream:|priority:0, abcba7be-10dc-405a-b916-1047518ee4a9|rpc:10.1.0.18:44915|dataStream:|priority:1], old=null, confs=<EMPTY_MAP>
2022-05-26 01:44:11,076 [pool-344-thread-1] INFO  server.RaftServerConfigKeys (ConfUtils.java:logGet(46)) - raft.server.storage.dir = [/home/runner/work/ozone/ozone/hadoop-ozone/integration-test/target/test-dir/MiniOzoneClusterImpl-a6c467d1-2397-44e1-8ce0-4bb4627e7e2b/datanode-1/data/ratis] (custom)
2022-05-26 01:44:11,076 [pool-344-thread-1] INFO  server.RaftServerConfigKeys (ConfUtils.java:logGet(46)) - raft.server.log.corruption.policy = EXCEPTION (default)
2022-05-26 01:44:11,076 [pool-344-thread-1] INFO  server.RaftServerConfigKeys (ConfUtils.java:logGet(46)) - raft.server.storage.free-space.min = 0MB (=0) (default)
2022-05-26 01:44:11,076 [pool-344-thread-1] INFO  storage.RaftStorageDirectory (RaftStorageDirectoryImpl.java:analyzeStorage(135)) - The storage directory /home/runner/work/ozone/ozone/hadoop-ozone/integration-test/target/test-dir/MiniOzoneClusterImpl-a6c467d1-2397-44e1-8ce0-4bb4627e7e2b/datanode-1/data/ratis/83952d7b-8789-4a34-832c-56dd1fc4aa1b does not exist. Creating ...
2022-05-26 01:44:11,077 [pool-344-thread-1] INFO  storage.RaftStorageDirectory (RaftStorageDirectoryImpl.java:tryLock(230)) - Lock on /home/runner/work/ozone/ozone/hadoop-ozone/integration-test/target/test-dir/MiniOzoneClusterImpl-a6c467d1-2397-44e1-8ce0-4bb4627e7e2b/datanode-1/data/ratis/83952d7b-8789-4a34-832c-56dd1fc4aa1b/in_use.lock acquired by nodename 11847@fv-az270-854
2022-05-26 01:44:11,078 [pool-344-thread-1] INFO  storage.RaftStorage (RaftStorageImpl.java:format(89)) - Storage directory /home/runner/work/ozone/ozone/hadoop-ozone/integration-test/target/test-dir/MiniOzoneClusterImpl-a6c467d1-2397-44e1-8ce0-4bb4627e7e2b/datanode-1/data/ratis/83952d7b-8789-4a34-832c-56dd1fc4aa1b has been successfully formatted.
2022-05-26 01:44:11,078 [pool-344-thread-1] INFO  ratis.ContainerStateMachine (ContainerStateMachine.java:loadSnapshot(236)) - group-56DD1FC4AA1B: The snapshot info is null. Setting the last applied indexto:(t:0, i:~)
2022-05-26 01:44:11,078 [pool-344-thread-1] INFO  server.RaftServerConfigKeys (ConfUtils.java:logGet(46)) - raft.server.notification.no-leader.timeout = 300s (custom)
2022-05-26 01:44:11,079 [pool-344-thread-1] INFO  server.RaftServerConfigKeys (ConfUtils.java:logGet(46)) - raft.server.log.use.memory = false (default)
2022-05-26 01:44:11,079 [pool-344-thread-1] INFO  server.RaftServerConfigKeys (ConfUtils.java:logGet(46)) - raft.server.log.purge.gap = 1000000 (custom)
2022-05-26 01:44:11,079 [pool-344-thread-1] INFO  server.RaftServerConfigKeys (ConfUtils.java:logGet(46)) - raft.server.log.appender.buffer.byte-limit = 33554432 (custom)
2022-05-26 01:44:11,079 [pool-344-thread-1] INFO  server.RaftServerConfigKeys (ConfUtils.java:logGet(46)) - raft.server.log.statemachine.data.read.timeout = 1000ms (default)
2022-05-26 01:44:11,079 [pool-344-thread-1] INFO  server.RaftServerConfigKeys (ConfUtils.java:logGet(46)) - raft.server.log.segment.size.max = 1048576 (custom)
2022-05-26 01:44:11,080 [pool-344-thread-1] INFO  server.RaftServerConfigKeys (ConfUtils.java:logGet(46)) - raft.server.log.segment.cache.num.max = 2 (custom)
2022-05-26 01:44:11,080 [pool-344-thread-1] INFO  server.RaftServerConfigKeys (ConfUtils.java:logGet(46)) - raft.server.log.segment.cache.size.max = 200MB (=209715200) (default)
2022-05-26 01:44:11,080 [pool-344-thread-1] INFO  segmented.SegmentedRaftLogWorker (SegmentedRaftLogWorker.java:<init>(187)) - new 9e488448-403c-4c27-a8c6-f2923e8aa025@group-56DD1FC4AA1B-SegmentedRaftLogWorker for RaftStorageImpl:Storage Directory /home/runner/work/ozone/ozone/hadoop-ozone/integration-test/target/test-dir/MiniOzoneClusterImpl-a6c467d1-2397-44e1-8ce0-4bb4627e7e2b/datanode-1/data/ratis/83952d7b-8789-4a34-832c-56dd1fc4aa1b
2022-05-26 01:44:11,080 [pool-344-thread-1] INFO  server.RaftServerConfigKeys (ConfUtils.java:logGet(46)) - raft.server.log.queue.byte-limit = 4294967296 (custom)
2022-05-26 01:44:11,080 [pool-344-thread-1] INFO  server.RaftServerConfigKeys (ConfUtils.java:logGet(46)) - raft.server.log.queue.element-limit = 1024 (custom)
2022-05-26 01:44:11,080 [pool-344-thread-1] INFO  server.RaftServerConfigKeys (ConfUtils.java:logGet(46)) - raft.server.log.segment.size.max = 1048576 (custom)
2022-05-26 01:44:11,080 [pool-344-thread-1] INFO  server.RaftServerConfigKeys (ConfUtils.java:logGet(46)) - raft.server.log.preallocated.size = 16384 (custom)
2022-05-26 01:44:11,080 [pool-344-thread-1] INFO  server.RaftServerConfigKeys (ConfUtils.java:logGet(46)) - raft.server.log.force.sync.num = 128 (default)
2022-05-26 01:44:11,080 [pool-344-thread-1] INFO  server.RaftServerConfigKeys (ConfUtils.java:logGet(46)) - raft.server.log.statemachine.data.sync = true (default)
2022-05-26 01:44:11,080 [pool-344-thread-1] INFO  server.RaftServerConfigKeys (ConfUtils.java:logGet(46)) - raft.server.log.statemachine.data.sync.timeout = 10s (default)
2022-05-26 01:44:11,080 [pool-344-thread-1] INFO  server.RaftServerConfigKeys (ConfUtils.java:logGet(46)) - raft.server.log.statemachine.data.sync.timeout.retry = -1 (default)
2022-05-26 01:44:11,081 [pool-344-thread-1] INFO  server.RaftServerConfigKeys (ConfUtils.java:logGet(46)) - raft.server.log.write.buffer.size = 1048576 (custom)
2022-05-26 01:44:11,082 [pool-344-thread-1] INFO  server.RaftServerConfigKeys (ConfUtils.java:logGet(46)) - raft.server.log.unsafe-flush.enabled = false (default)
2022-05-26 01:44:11,082 [pool-344-thread-1] INFO  server.RaftServerConfigKeys (ConfUtils.java:logGet(46)) - raft.server.log.statemachine.data.caching.enabled = true (custom)
2022-05-26 01:44:11,082 [pool-344-thread-1] INFO  segmented.SegmentedRaftLogWorker (SegmentedRaftLogWorker.java:lambda$new$0(135)) - 9e488448-403c-4c27-a8c6-f2923e8aa025@group-56DD1FC4AA1B-SegmentedRaftLogWorker: flushIndex: setUnconditionally 0 -> -1
2022-05-26 01:44:11,082 [pool-344-thread-1] INFO  segmented.SegmentedRaftLogWorker (SegmentedRaftLogWorker.java:lambda$new$0(135)) - 9e488448-403c-4c27-a8c6-f2923e8aa025@group-56DD1FC4AA1B-SegmentedRaftLogWorker: safeCacheEvictIndex: setUnconditionally 0 -> -1
2022-05-26 01:44:11,085 [Listener at 127.0.0.1/34495] INFO  ozone.MiniOzoneClusterImpl (MiniOzoneClusterImpl.java:lambda$waitForClusterToBeReady$0(221)) - Nodes are ready. Got 3 of 3 DN Heartbeats.
2022-05-26 01:44:11,085 [Listener at 127.0.0.1/34495] INFO  ozone.MiniOzoneClusterImpl (MiniOzoneClusterImpl.java:lambda$waitForClusterToBeReady$0(224)) - Waiting for cluster to exit safe mode
2022-05-26 01:44:11,085 [Listener at 127.0.0.1/34495] INFO  ozone.MiniOzoneClusterImpl (MiniOzoneClusterImpl.java:lambda$waitForClusterToBeReady$0(226)) - SCM became leader
2022-05-26 01:44:11,096 [pool-344-thread-1] INFO  server.RaftServerConfigKeys (ConfUtils.java:logGet(46)) - raft.server.snapshot.auto.trigger.enabled = true (custom)
2022-05-26 01:44:11,096 [pool-344-thread-1] INFO  server.RaftServerConfigKeys (ConfUtils.java:logGet(46)) - raft.server.snapshot.auto.trigger.threshold = 10000 (custom)
2022-05-26 01:44:11,096 [pool-344-thread-1] INFO  server.RaftServerConfigKeys (ConfUtils.java:logGet(46)) - raft.server.snapshot.retention.file.num = 5 (custom)
2022-05-26 01:44:11,096 [pool-344-thread-1] INFO  server.RaftServerConfigKeys (ConfUtils.java:logGet(46)) - raft.server.log.purge.upto.snapshot.index = false (default)
2022-05-26 01:44:11,096 [pool-344-thread-1] INFO  server.RaftServerConfigKeys (ConfUtils.java:logGet(46)) - raft.server.retrycache.expirytime = 600000ms (custom)
2022-05-26 01:44:11,096 [pool-344-thread-1] INFO  server.RaftServerConfigKeys (ConfUtils.java:logGet(46)) - raft.server.retrycache.statistics.expirytime = 100μs (default)
2022-05-26 01:44:11,097 [pool-344-thread-1] INFO  server.RaftServerConfigKeys (ConfUtils.java:logGet(46)) - raft.server.log.appender.install.snapshot.enabled = false (custom)
2022-05-26 01:44:11,097 [pool-344-thread-1] INFO  server.RaftServerConfigKeys (ConfUtils.java:logGet(46)) - raft.server.threadpool.server.cached = true (default)
2022-05-26 01:44:11,097 [pool-344-thread-1] INFO  server.RaftServerConfigKeys (ConfUtils.java:logGet(46)) - raft.server.threadpool.server.size = 0 (default)
2022-05-26 01:44:11,097 [pool-344-thread-1] INFO  server.RaftServerConfigKeys (ConfUtils.java:logGet(46)) - raft.server.threadpool.client.cached = true (default)
2022-05-26 01:44:11,097 [pool-344-thread-1] INFO  server.RaftServerConfigKeys (ConfUtils.java:logGet(46)) - raft.server.threadpool.client.size = 0 (default)
2022-05-26 01:44:11,097 [pool-344-thread-1] INFO  server.RaftServer$Division (RaftServerImpl.java:start(310)) - 9e488448-403c-4c27-a8c6-f2923e8aa025@group-56DD1FC4AA1B: start as a follower, conf=-1: [9e488448-403c-4c27-a8c6-f2923e8aa025|rpc:10.1.0.18:33371|dataStream:|priority:0, d9576437-3cbb-4170-b2cc-8965e43834d5|rpc:10.1.0.18:42177|dataStream:|priority:0, abcba7be-10dc-405a-b916-1047518ee4a9|rpc:10.1.0.18:44915|dataStream:|priority:1], old=null
2022-05-26 01:44:11,097 [pool-344-thread-1] INFO  server.RaftServer$Division (RaftServerImpl.java:setRole(299)) - 9e488448-403c-4c27-a8c6-f2923e8aa025@group-56DD1FC4AA1B: changes role from      null to FOLLOWER at term 0 for startAsFollower
2022-05-26 01:44:11,097 [pool-344-thread-1] INFO  impl.RoleInfo (RoleInfo.java:updateAndGet(139)) - 9e488448-403c-4c27-a8c6-f2923e8aa025: start 9e488448-403c-4c27-a8c6-f2923e8aa025@group-56DD1FC4AA1B-FollowerState
2022-05-26 01:44:11,108 [pool-344-thread-1] INFO  util.JmxRegister (JmxRegister.java:tryRegister(44)) - Successfully registered JMX Bean with object name Ratis:service=RaftServer,group=group-56DD1FC4AA1B,id=9e488448-403c-4c27-a8c6-f2923e8aa025
2022-05-26 01:44:11,184 [grpc-default-executor-1] INFO  server.RaftServer (RaftServerProxy.java:addNew(96)) - abcba7be-10dc-405a-b916-1047518ee4a9: addNew group-56DD1FC4AA1B:[9e488448-403c-4c27-a8c6-f2923e8aa025|rpc:10.1.0.18:33371|dataStream:|priority:0, d9576437-3cbb-4170-b2cc-8965e43834d5|rpc:10.1.0.18:42177|dataStream:|priority:0, abcba7be-10dc-405a-b916-1047518ee4a9|rpc:10.1.0.18:44915|dataStream:|priority:1] returns group-56DD1FC4AA1B:java.util.concurrent.CompletableFuture@54761def[Not completed]
2022-05-26 01:44:11,185 [pool-366-thread-1] INFO  server.RaftServer$Division (RaftServerImpl.java:<init>(190)) - abcba7be-10dc-405a-b916-1047518ee4a9: new RaftServerImpl for group-56DD1FC4AA1B:[9e488448-403c-4c27-a8c6-f2923e8aa025|rpc:10.1.0.18:33371|dataStream:|priority:0, d9576437-3cbb-4170-b2cc-8965e43834d5|rpc:10.1.0.18:42177|dataStream:|priority:0, abcba7be-10dc-405a-b916-1047518ee4a9|rpc:10.1.0.18:44915|dataStream:|priority:1] with ContainerStateMachine:uninitialized
2022-05-26 01:44:11,185 [pool-366-thread-1] INFO  server.RaftServerConfigKeys (ConfUtils.java:logGet(46)) - raft.server.rpc.timeout.min = 5s (custom)
2022-05-26 01:44:11,185 [pool-366-thread-1] INFO  server.RaftServerConfigKeys (ConfUtils.java:logGet(46)) - raft.server.rpc.timeout.max = 5200ms (custom)
2022-05-26 01:44:11,185 [pool-366-thread-1] INFO  server.RaftServerConfigKeys (ConfUtils.java:logGet(46)) - raft.server.rpc.sleep.time = 25ms (default)
2022-05-26 01:44:11,185 [pool-366-thread-1] INFO  server.RaftServerConfigKeys (ConfUtils.java:logGet(46)) - raft.server.rpc.slowness.timeout = 300s (custom)
2022-05-26 01:44:11,185 [pool-366-thread-1] INFO  server.RaftServerConfigKeys (ConfUtils.java:logGet(46)) - raft.server.leaderelection.leader.step-down.wait-time = 10s (default)
2022-05-26 01:44:11,185 [pool-366-thread-1] INFO  server.RaftServerConfigKeys (ConfUtils.java:logGet(46)) - raft.server.sleep.deviation.threshold = 300ms (default)
2022-05-26 01:44:11,185 [pool-366-thread-1] INFO  server.RaftServer$Division (ServerState.java:<init>(107)) - abcba7be-10dc-405a-b916-1047518ee4a9@group-56DD1FC4AA1B: ConfigurationManager, init=-1: [9e488448-403c-4c27-a8c6-f2923e8aa025|rpc:10.1.0.18:33371|dataStream:|priority:0, d9576437-3cbb-4170-b2cc-8965e43834d5|rpc:10.1.0.18:42177|dataStream:|priority:0, abcba7be-10dc-405a-b916-1047518ee4a9|rpc:10.1.0.18:44915|dataStream:|priority:1], old=null, confs=<EMPTY_MAP>
2022-05-26 01:44:11,185 [pool-366-thread-1] INFO  server.RaftServerConfigKeys (ConfUtils.java:logGet(46)) - raft.server.storage.dir = [/home/runner/work/ozone/ozone/hadoop-ozone/integration-test/target/test-dir/MiniOzoneClusterImpl-a6c467d1-2397-44e1-8ce0-4bb4627e7e2b/datanode-2/data/ratis] (custom)
2022-05-26 01:44:11,185 [pool-366-thread-1] INFO  server.RaftServerConfigKeys (ConfUtils.java:logGet(46)) - raft.server.log.corruption.policy = EXCEPTION (default)
2022-05-26 01:44:11,185 [pool-366-thread-1] INFO  server.RaftServerConfigKeys (ConfUtils.java:logGet(46)) - raft.server.storage.free-space.min = 0MB (=0) (default)
2022-05-26 01:44:11,186 [pool-366-thread-1] INFO  storage.RaftStorageDirectory (RaftStorageDirectoryImpl.java:analyzeStorage(135)) - The storage directory /home/runner/work/ozone/ozone/hadoop-ozone/integration-test/target/test-dir/MiniOzoneClusterImpl-a6c467d1-2397-44e1-8ce0-4bb4627e7e2b/datanode-2/data/ratis/83952d7b-8789-4a34-832c-56dd1fc4aa1b does not exist. Creating ...
2022-05-26 01:44:11,187 [pool-366-thread-1] INFO  storage.RaftStorageDirectory (RaftStorageDirectoryImpl.java:tryLock(230)) - Lock on /home/runner/work/ozone/ozone/hadoop-ozone/integration-test/target/test-dir/MiniOzoneClusterImpl-a6c467d1-2397-44e1-8ce0-4bb4627e7e2b/datanode-2/data/ratis/83952d7b-8789-4a34-832c-56dd1fc4aa1b/in_use.lock acquired by nodename 11847@fv-az270-854
2022-05-26 01:44:11,188 [pool-366-thread-1] INFO  storage.RaftStorage (RaftStorageImpl.java:format(89)) - Storage directory /home/runner/work/ozone/ozone/hadoop-ozone/integration-test/target/test-dir/MiniOzoneClusterImpl-a6c467d1-2397-44e1-8ce0-4bb4627e7e2b/datanode-2/data/ratis/83952d7b-8789-4a34-832c-56dd1fc4aa1b has been successfully formatted.
2022-05-26 01:44:11,188 [pool-366-thread-1] INFO  ratis.ContainerStateMachine (ContainerStateMachine.java:loadSnapshot(236)) - group-56DD1FC4AA1B: The snapshot info is null. Setting the last applied indexto:(t:0, i:~)
2022-05-26 01:44:11,188 [pool-366-thread-1] INFO  server.RaftServerConfigKeys (ConfUtils.java:logGet(46)) - raft.server.notification.no-leader.timeout = 300s (custom)
2022-05-26 01:44:11,188 [pool-366-thread-1] INFO  server.RaftServerConfigKeys (ConfUtils.java:logGet(46)) - raft.server.log.use.memory = false (default)
2022-05-26 01:44:11,188 [pool-366-thread-1] INFO  server.RaftServerConfigKeys (ConfUtils.java:logGet(46)) - raft.server.log.purge.gap = 1000000 (custom)
2022-05-26 01:44:11,188 [pool-366-thread-1] INFO  server.RaftServerConfigKeys (ConfUtils.java:logGet(46)) - raft.server.log.appender.buffer.byte-limit = 33554432 (custom)
2022-05-26 01:44:11,189 [pool-366-thread-1] INFO  server.RaftServerConfigKeys (ConfUtils.java:logGet(46)) - raft.server.log.statemachine.data.read.timeout = 1000ms (default)
2022-05-26 01:44:11,189 [pool-366-thread-1] INFO  server.RaftServerConfigKeys (ConfUtils.java:logGet(46)) - raft.server.log.segment.size.max = 1048576 (custom)
2022-05-26 01:44:11,189 [pool-366-thread-1] INFO  server.RaftServerConfigKeys (ConfUtils.java:logGet(46)) - raft.server.log.segment.cache.num.max = 2 (custom)
2022-05-26 01:44:11,189 [pool-366-thread-1] INFO  server.RaftServerConfigKeys (ConfUtils.java:logGet(46)) - raft.server.log.segment.cache.size.max = 200MB (=209715200) (default)
2022-05-26 01:44:11,189 [pool-366-thread-1] INFO  segmented.SegmentedRaftLogWorker (SegmentedRaftLogWorker.java:<init>(187)) - new abcba7be-10dc-405a-b916-1047518ee4a9@group-56DD1FC4AA1B-SegmentedRaftLogWorker for RaftStorageImpl:Storage Directory /home/runner/work/ozone/ozone/hadoop-ozone/integration-test/target/test-dir/MiniOzoneClusterImpl-a6c467d1-2397-44e1-8ce0-4bb4627e7e2b/datanode-2/data/ratis/83952d7b-8789-4a34-832c-56dd1fc4aa1b
2022-05-26 01:44:11,189 [pool-366-thread-1] INFO  server.RaftServerConfigKeys (ConfUtils.java:logGet(46)) - raft.server.log.queue.byte-limit = 4294967296 (custom)
2022-05-26 01:44:11,189 [pool-366-thread-1] INFO  server.RaftServerConfigKeys (ConfUtils.java:logGet(46)) - raft.server.log.queue.element-limit = 1024 (custom)
2022-05-26 01:44:11,189 [pool-366-thread-1] INFO  server.RaftServerConfigKeys (ConfUtils.java:logGet(46)) - raft.server.log.segment.size.max = 1048576 (custom)
2022-05-26 01:44:11,189 [pool-366-thread-1] INFO  server.RaftServerConfigKeys (ConfUtils.java:logGet(46)) - raft.server.log.preallocated.size = 16384 (custom)
2022-05-26 01:44:11,189 [pool-366-thread-1] INFO  server.RaftServerConfigKeys (ConfUtils.java:logGet(46)) - raft.server.log.force.sync.num = 128 (default)
2022-05-26 01:44:11,189 [pool-366-thread-1] INFO  server.RaftServerConfigKeys (ConfUtils.java:logGet(46)) - raft.server.log.statemachine.data.sync = true (default)
2022-05-26 01:44:11,189 [pool-366-thread-1] INFO  server.RaftServerConfigKeys (ConfUtils.java:logGet(46)) - raft.server.log.statemachine.data.sync.timeout = 10s (default)
2022-05-26 01:44:11,189 [pool-366-thread-1] INFO  server.RaftServerConfigKeys (ConfUtils.java:logGet(46)) - raft.server.log.statemachine.data.sync.timeout.retry = -1 (default)
2022-05-26 01:44:11,190 [pool-366-thread-1] INFO  server.RaftServerConfigKeys (ConfUtils.java:logGet(46)) - raft.server.log.write.buffer.size = 1048576 (custom)
2022-05-26 01:44:11,190 [pool-366-thread-1] INFO  server.RaftServerConfigKeys (ConfUtils.java:logGet(46)) - raft.server.log.unsafe-flush.enabled = false (default)
2022-05-26 01:44:11,190 [pool-366-thread-1] INFO  server.RaftServerConfigKeys (ConfUtils.java:logGet(46)) - raft.server.log.statemachine.data.caching.enabled = true (custom)
2022-05-26 01:44:11,196 [pool-366-thread-1] INFO  segmented.SegmentedRaftLogWorker (SegmentedRaftLogWorker.java:lambda$new$0(135)) - abcba7be-10dc-405a-b916-1047518ee4a9@group-56DD1FC4AA1B-SegmentedRaftLogWorker: flushIndex: setUnconditionally 0 -> -1
2022-05-26 01:44:11,196 [pool-366-thread-1] INFO  segmented.SegmentedRaftLogWorker (SegmentedRaftLogWorker.java:lambda$new$0(135)) - abcba7be-10dc-405a-b916-1047518ee4a9@group-56DD1FC4AA1B-SegmentedRaftLogWorker: safeCacheEvictIndex: setUnconditionally 0 -> -1
2022-05-26 01:44:11,202 [pool-366-thread-1] INFO  server.RaftServerConfigKeys (ConfUtils.java:logGet(46)) - raft.server.snapshot.auto.trigger.enabled = true (custom)
2022-05-26 01:44:11,202 [pool-366-thread-1] INFO  server.RaftServerConfigKeys (ConfUtils.java:logGet(46)) - raft.server.snapshot.auto.trigger.threshold = 10000 (custom)
2022-05-26 01:44:11,202 [pool-366-thread-1] INFO  server.RaftServerConfigKeys (ConfUtils.java:logGet(46)) - raft.server.snapshot.retention.file.num = 5 (custom)
2022-05-26 01:44:11,202 [pool-366-thread-1] INFO  server.RaftServerConfigKeys (ConfUtils.java:logGet(46)) - raft.server.log.purge.upto.snapshot.index = false (default)
2022-05-26 01:44:11,202 [pool-366-thread-1] INFO  server.RaftServerConfigKeys (ConfUtils.java:logGet(46)) - raft.server.retrycache.expirytime = 600000ms (custom)
2022-05-26 01:44:11,202 [pool-366-thread-1] INFO  server.RaftServerConfigKeys (ConfUtils.java:logGet(46)) - raft.server.retrycache.statistics.expirytime = 100μs (default)
2022-05-26 01:44:11,203 [pool-366-thread-1] INFO  server.RaftServerConfigKeys (ConfUtils.java:logGet(46)) - raft.server.log.appender.install.snapshot.enabled = false (custom)
2022-05-26 01:44:11,203 [pool-366-thread-1] INFO  server.RaftServerConfigKeys (ConfUtils.java:logGet(46)) - raft.server.threadpool.server.cached = true (default)
2022-05-26 01:44:11,204 [pool-366-thread-1] INFO  server.RaftServerConfigKeys (ConfUtils.java:logGet(46)) - raft.server.threadpool.server.size = 0 (default)
2022-05-26 01:44:11,204 [pool-366-thread-1] INFO  server.RaftServerConfigKeys (ConfUtils.java:logGet(46)) - raft.server.threadpool.client.cached = true (default)
2022-05-26 01:44:11,204 [pool-366-thread-1] INFO  server.RaftServerConfigKeys (ConfUtils.java:logGet(46)) - raft.server.threadpool.client.size = 0 (default)
2022-05-26 01:44:11,204 [pool-366-thread-1] INFO  server.RaftServer$Division (RaftServerImpl.java:start(310)) - abcba7be-10dc-405a-b916-1047518ee4a9@group-56DD1FC4AA1B: start as a follower, conf=-1: [9e488448-403c-4c27-a8c6-f2923e8aa025|rpc:10.1.0.18:33371|dataStream:|priority:0, d9576437-3cbb-4170-b2cc-8965e43834d5|rpc:10.1.0.18:42177|dataStream:|priority:0, abcba7be-10dc-405a-b916-1047518ee4a9|rpc:10.1.0.18:44915|dataStream:|priority:1], old=null
2022-05-26 01:44:11,204 [pool-366-thread-1] INFO  server.RaftServer$Division (RaftServerImpl.java:setRole(299)) - abcba7be-10dc-405a-b916-1047518ee4a9@group-56DD1FC4AA1B: changes role from      null to FOLLOWER at term 0 for startAsFollower
2022-05-26 01:44:11,204 [pool-366-thread-1] INFO  impl.RoleInfo (RoleInfo.java:updateAndGet(139)) - abcba7be-10dc-405a-b916-1047518ee4a9: start abcba7be-10dc-405a-b916-1047518ee4a9@group-56DD1FC4AA1B-FollowerState
2022-05-26 01:44:11,216 [pool-366-thread-1] INFO  util.JmxRegister (JmxRegister.java:tryRegister(44)) - Successfully registered JMX Bean with object name Ratis:service=RaftServer,group=group-56DD1FC4AA1B,id=abcba7be-10dc-405a-b916-1047518ee4a9
2022-05-26 01:44:11,281 [Command processor thread] INFO  commandhandler.CreatePipelineCommandHandler (CreatePipelineCommandHandler.java:handle(113)) - Created Pipeline RATIS THREE PipelineID=83952d7b-8789-4a34-832c-56dd1fc4aa1b.
2022-05-26 01:44:11,313 [Command processor thread] INFO  server.RaftServer (RaftServerProxy.java:addNew(96)) - 9e488448-403c-4c27-a8c6-f2923e8aa025: addNew group-6351C7F9EA52:[9e488448-403c-4c27-a8c6-f2923e8aa025|rpc:10.1.0.18:33371|priority:1] returns group-6351C7F9EA52:java.util.concurrent.CompletableFuture@51084252[Not completed]
2022-05-26 01:44:11,314 [pool-344-thread-1] INFO  server.RaftServer$Division (RaftServerImpl.java:<init>(190)) - 9e488448-403c-4c27-a8c6-f2923e8aa025: new RaftServerImpl for group-6351C7F9EA52:[9e488448-403c-4c27-a8c6-f2923e8aa025|rpc:10.1.0.18:33371|priority:1] with ContainerStateMachine:uninitialized
2022-05-26 01:44:11,314 [pool-344-thread-1] INFO  server.RaftServerConfigKeys (ConfUtils.java:logGet(46)) - raft.server.rpc.timeout.min = 5s (custom)
2022-05-26 01:44:11,314 [pool-344-thread-1] INFO  server.RaftServerConfigKeys (ConfUtils.java:logGet(46)) - raft.server.rpc.timeout.max = 5200ms (custom)
2022-05-26 01:44:11,314 [pool-344-thread-1] INFO  server.RaftServerConfigKeys (ConfUtils.java:logGet(46)) - raft.server.rpc.sleep.time = 25ms (default)
2022-05-26 01:44:11,314 [pool-344-thread-1] INFO  server.RaftServerConfigKeys (ConfUtils.java:logGet(46)) - raft.server.rpc.slowness.timeout = 300s (custom)
2022-05-26 01:44:11,314 [pool-344-thread-1] INFO  server.RaftServerConfigKeys (ConfUtils.java:logGet(46)) - raft.server.leaderelection.leader.step-down.wait-time = 10s (default)
2022-05-26 01:44:11,314 [pool-344-thread-1] INFO  server.RaftServerConfigKeys (ConfUtils.java:logGet(46)) - raft.server.sleep.deviation.threshold = 300ms (default)
2022-05-26 01:44:11,314 [pool-344-thread-1] INFO  server.RaftServer$Division (ServerState.java:<init>(107)) - 9e488448-403c-4c27-a8c6-f2923e8aa025@group-6351C7F9EA52: ConfigurationManager, init=-1: [9e488448-403c-4c27-a8c6-f2923e8aa025|rpc:10.1.0.18:33371|priority:1], old=null, confs=<EMPTY_MAP>
2022-05-26 01:44:11,314 [pool-344-thread-1] INFO  server.RaftServerConfigKeys (ConfUtils.java:logGet(46)) - raft.server.storage.dir = [/home/runner/work/ozone/ozone/hadoop-ozone/integration-test/target/test-dir/MiniOzoneClusterImpl-a6c467d1-2397-44e1-8ce0-4bb4627e7e2b/datanode-1/data/ratis] (custom)
2022-05-26 01:44:11,314 [pool-344-thread-1] INFO  server.RaftServerConfigKeys (ConfUtils.java:logGet(46)) - raft.server.log.corruption.policy = EXCEPTION (default)
2022-05-26 01:44:11,314 [pool-344-thread-1] INFO  server.RaftServerConfigKeys (ConfUtils.java:logGet(46)) - raft.server.storage.free-space.min = 0MB (=0) (default)
2022-05-26 01:44:11,314 [pool-344-thread-1] INFO  storage.RaftStorageDirectory (RaftStorageDirectoryImpl.java:analyzeStorage(135)) - The storage directory /home/runner/work/ozone/ozone/hadoop-ozone/integration-test/target/test-dir/MiniOzoneClusterImpl-a6c467d1-2397-44e1-8ce0-4bb4627e7e2b/datanode-1/data/ratis/d8563b1b-d24d-4cc6-81bf-6351c7f9ea52 does not exist. Creating ...
2022-05-26 01:44:11,316 [pool-344-thread-1] INFO  storage.RaftStorageDirectory (RaftStorageDirectoryImpl.java:tryLock(230)) - Lock on /home/runner/work/ozone/ozone/hadoop-ozone/integration-test/target/test-dir/MiniOzoneClusterImpl-a6c467d1-2397-44e1-8ce0-4bb4627e7e2b/datanode-1/data/ratis/d8563b1b-d24d-4cc6-81bf-6351c7f9ea52/in_use.lock acquired by nodename 11847@fv-az270-854
2022-05-26 01:44:11,317 [pool-344-thread-1] INFO  storage.RaftStorage (RaftStorageImpl.java:format(89)) - Storage directory /home/runner/work/ozone/ozone/hadoop-ozone/integration-test/target/test-dir/MiniOzoneClusterImpl-a6c467d1-2397-44e1-8ce0-4bb4627e7e2b/datanode-1/data/ratis/d8563b1b-d24d-4cc6-81bf-6351c7f9ea52 has been successfully formatted.
2022-05-26 01:44:11,317 [pool-344-thread-1] INFO  ratis.ContainerStateMachine (ContainerStateMachine.java:loadSnapshot(236)) - group-6351C7F9EA52: The snapshot info is null. Setting the last applied indexto:(t:0, i:~)
2022-05-26 01:44:11,319 [EventQueue-PipelineReportForPipelineReportHandler] INFO  pipeline.PipelineManagerImpl (PipelineManagerImpl.java:openPipeline(336)) - Pipeline Pipeline[ Id: d8563b1b-d24d-4cc6-81bf-6351c7f9ea52, Nodes: 9e488448-403c-4c27-a8c6-f2923e8aa025{ip: 10.1.0.18, host: fv-az270-854.tacnzluakwdehk1hpragurqkma.bx.internal.cloudapp.net, ports: [REPLICATION=38595, RATIS=33371, RATIS_ADMIN=33371, RATIS_SERVER=33371, STANDALONE=40539], networkLocation: /default-rack, certSerialId: null, persistedOpState: IN_SERVICE, persistedOpStateExpiryEpochSec: 0}, ReplicationConfig: RATIS/ONE, State:ALLOCATED, leaderId:9e488448-403c-4c27-a8c6-f2923e8aa025, CreationTimestamp2022-05-26T01:44:08.324Z[Etc/UTC]] moved to OPEN state
2022-05-26 01:44:11,320 [EventQueue-OpenPipelineForHealthyPipelineSafeModeRule] INFO  safemode.SCMSafeModeManager (HealthyPipelineSafeModeRule.java:process(124)) - SCM in safe mode. Healthy pipelines reported count is 0, required healthy pipeline reported count is 1
2022-05-26 01:44:11,321 [pool-344-thread-1] INFO  server.RaftServerConfigKeys (ConfUtils.java:logGet(46)) - raft.server.notification.no-leader.timeout = 300s (custom)
2022-05-26 01:44:11,322 [pool-344-thread-1] INFO  server.RaftServerConfigKeys (ConfUtils.java:logGet(46)) - raft.server.log.use.memory = false (default)
2022-05-26 01:44:11,322 [pool-344-thread-1] INFO  server.RaftServerConfigKeys (ConfUtils.java:logGet(46)) - raft.server.log.purge.gap = 1000000 (custom)
2022-05-26 01:44:11,322 [pool-344-thread-1] INFO  server.RaftServerConfigKeys (ConfUtils.java:logGet(46)) - raft.server.log.appender.buffer.byte-limit = 33554432 (custom)
2022-05-26 01:44:11,322 [pool-344-thread-1] INFO  server.RaftServerConfigKeys (ConfUtils.java:logGet(46)) - raft.server.log.statemachine.data.read.timeout = 1000ms (default)
2022-05-26 01:44:11,323 [pool-344-thread-1] INFO  server.RaftServerConfigKeys (ConfUtils.java:logGet(46)) - raft.server.log.segment.size.max = 1048576 (custom)
2022-05-26 01:44:11,323 [pool-344-thread-1] INFO  server.RaftServerConfigKeys (ConfUtils.java:logGet(46)) - raft.server.log.segment.cache.num.max = 2 (custom)
2022-05-26 01:44:11,323 [pool-344-thread-1] INFO  server.RaftServerConfigKeys (ConfUtils.java:logGet(46)) - raft.server.log.segment.cache.size.max = 200MB (=209715200) (default)
2022-05-26 01:44:11,323 [pool-344-thread-1] INFO  segmented.SegmentedRaftLogWorker (SegmentedRaftLogWorker.java:<init>(187)) - new 9e488448-403c-4c27-a8c6-f2923e8aa025@group-6351C7F9EA52-SegmentedRaftLogWorker for RaftStorageImpl:Storage Directory /home/runner/work/ozone/ozone/hadoop-ozone/integration-test/target/test-dir/MiniOzoneClusterImpl-a6c467d1-2397-44e1-8ce0-4bb4627e7e2b/datanode-1/data/ratis/d8563b1b-d24d-4cc6-81bf-6351c7f9ea52
2022-05-26 01:44:11,323 [pool-344-thread-1] INFO  server.RaftServerConfigKeys (ConfUtils.java:logGet(46)) - raft.server.log.queue.byte-limit = 4294967296 (custom)
2022-05-26 01:44:11,323 [pool-344-thread-1] INFO  server.RaftServerConfigKeys (ConfUtils.java:logGet(46)) - raft.server.log.queue.element-limit = 1024 (custom)
2022-05-26 01:44:11,323 [pool-344-thread-1] INFO  server.RaftServerConfigKeys (ConfUtils.java:logGet(46)) - raft.server.log.segment.size.max = 1048576 (custom)
2022-05-26 01:44:11,323 [pool-344-thread-1] INFO  server.RaftServerConfigKeys (ConfUtils.java:logGet(46)) - raft.server.log.preallocated.size = 16384 (custom)
2022-05-26 01:44:11,323 [pool-344-thread-1] INFO  server.RaftServerConfigKeys (ConfUtils.java:logGet(46)) - raft.server.log.force.sync.num = 128 (default)
2022-05-26 01:44:11,323 [pool-344-thread-1] INFO  server.RaftServerConfigKeys (ConfUtils.java:logGet(46)) - raft.server.log.statemachine.data.sync = true (default)
2022-05-26 01:44:11,323 [pool-344-thread-1] INFO  server.RaftServerConfigKeys (ConfUtils.java:logGet(46)) - raft.server.log.statemachine.data.sync.timeout = 10s (default)
2022-05-26 01:44:11,323 [pool-344-thread-1] INFO  server.RaftServerConfigKeys (ConfUtils.java:logGet(46)) - raft.server.log.statemachine.data.sync.timeout.retry = -1 (default)
2022-05-26 01:44:11,324 [pool-344-thread-1] INFO  server.RaftServerConfigKeys (ConfUtils.java:logGet(46)) - raft.server.log.write.buffer.size = 1048576 (custom)
2022-05-26 01:44:11,325 [pool-344-thread-1] INFO  server.RaftServerConfigKeys (ConfUtils.java:logGet(46)) - raft.server.log.unsafe-flush.enabled = false (default)
2022-05-26 01:44:11,326 [pool-344-thread-1] INFO  server.RaftServerConfigKeys (ConfUtils.java:logGet(46)) - raft.server.log.statemachine.data.caching.enabled = true (custom)
2022-05-26 01:44:11,326 [pool-344-thread-1] INFO  segmented.SegmentedRaftLogWorker (SegmentedRaftLogWorker.java:lambda$new$0(135)) - 9e488448-403c-4c27-a8c6-f2923e8aa025@group-6351C7F9EA52-SegmentedRaftLogWorker: flushIndex: setUnconditionally 0 -> -1
2022-05-26 01:44:11,326 [pool-344-thread-1] INFO  segmented.SegmentedRaftLogWorker (SegmentedRaftLogWorker.java:lambda$new$0(135)) - 9e488448-403c-4c27-a8c6-f2923e8aa025@group-6351C7F9EA52-SegmentedRaftLogWorker: safeCacheEvictIndex: setUnconditionally 0 -> -1
2022-05-26 01:44:11,336 [pool-344-thread-1] INFO  server.RaftServerConfigKeys (ConfUtils.java:logGet(46)) - raft.server.snapshot.auto.trigger.enabled = true (custom)
2022-05-26 01:44:11,336 [pool-344-thread-1] INFO  server.RaftServerConfigKeys (ConfUtils.java:logGet(46)) - raft.server.snapshot.auto.trigger.threshold = 10000 (custom)
2022-05-26 01:44:11,336 [pool-344-thread-1] INFO  server.RaftServerConfigKeys (ConfUtils.java:logGet(46)) - raft.server.snapshot.retention.file.num = 5 (custom)
2022-05-26 01:44:11,336 [pool-344-thread-1] INFO  server.RaftServerConfigKeys (ConfUtils.java:logGet(46)) - raft.server.log.purge.upto.snapshot.index = false (default)
2022-05-26 01:44:11,337 [pool-344-thread-1] INFO  server.RaftServerConfigKeys (ConfUtils.java:logGet(46)) - raft.server.retrycache.expirytime = 600000ms (custom)
2022-05-26 01:44:11,338 [pool-344-thread-1] INFO  server.RaftServerConfigKeys (ConfUtils.java:logGet(46)) - raft.server.retrycache.statistics.expirytime = 100μs (default)
2022-05-26 01:44:11,338 [pool-344-thread-1] INFO  server.RaftServerConfigKeys (ConfUtils.java:logGet(46)) - raft.server.log.appender.install.snapshot.enabled = false (custom)
2022-05-26 01:44:11,339 [pool-344-thread-1] INFO  server.RaftServerConfigKeys (ConfUtils.java:logGet(46)) - raft.server.threadpool.server.cached = true (default)
2022-05-26 01:44:11,339 [pool-344-thread-1] INFO  server.RaftServerConfigKeys (ConfUtils.java:logGet(46)) - raft.server.threadpool.server.size = 0 (default)
2022-05-26 01:44:11,339 [pool-344-thread-1] INFO  server.RaftServerConfigKeys (ConfUtils.java:logGet(46)) - raft.server.threadpool.client.cached = true (default)
2022-05-26 01:44:11,339 [pool-344-thread-1] INFO  server.RaftServerConfigKeys (ConfUtils.java:logGet(46)) - raft.server.threadpool.client.size = 0 (default)
2022-05-26 01:44:11,339 [pool-344-thread-1] INFO  server.RaftServer$Division (RaftServerImpl.java:start(310)) - 9e488448-403c-4c27-a8c6-f2923e8aa025@group-6351C7F9EA52: start as a follower, conf=-1: [9e488448-403c-4c27-a8c6-f2923e8aa025|rpc:10.1.0.18:33371|priority:1], old=null
2022-05-26 01:44:11,339 [pool-344-thread-1] INFO  server.RaftServer$Division (RaftServerImpl.java:setRole(299)) - 9e488448-403c-4c27-a8c6-f2923e8aa025@group-6351C7F9EA52: changes role from      null to FOLLOWER at term 0 for startAsFollower
2022-05-26 01:44:11,339 [pool-344-thread-1] INFO  impl.RoleInfo (RoleInfo.java:updateAndGet(139)) - 9e488448-403c-4c27-a8c6-f2923e8aa025: start 9e488448-403c-4c27-a8c6-f2923e8aa025@group-6351C7F9EA52-FollowerState
2022-05-26 01:44:11,340 [pool-344-thread-1] INFO  util.JmxRegister (JmxRegister.java:tryRegister(44)) - Successfully registered JMX Bean with object name Ratis:service=RaftServer,group=group-6351C7F9EA52,id=9e488448-403c-4c27-a8c6-f2923e8aa025
2022-05-26 01:44:11,348 [Command processor thread] INFO  ratis.XceiverServerRatis (XceiverServerRatis.java:addGroup(765)) - Created group PipelineID=d8563b1b-d24d-4cc6-81bf-6351c7f9ea52
2022-05-26 01:44:11,348 [Command processor thread] INFO  commandhandler.CreatePipelineCommandHandler (CreatePipelineCommandHandler.java:handle(113)) - Created Pipeline RATIS ONE PipelineID=d8563b1b-d24d-4cc6-81bf-6351c7f9ea52.
2022-05-26 01:44:12,085 [Listener at 127.0.0.1/34495] INFO  ozone.MiniOzoneClusterImpl (MiniOzoneClusterImpl.java:lambda$waitForClusterToBeReady$0(221)) - Nodes are ready. Got 3 of 3 DN Heartbeats.
2022-05-26 01:44:12,086 [Listener at 127.0.0.1/34495] INFO  ozone.MiniOzoneClusterImpl (MiniOzoneClusterImpl.java:lambda$waitForClusterToBeReady$0(224)) - Waiting for cluster to exit safe mode
2022-05-26 01:44:12,086 [Listener at 127.0.0.1/34495] INFO  ozone.MiniOzoneClusterImpl (MiniOzoneClusterImpl.java:lambda$waitForClusterToBeReady$0(226)) - SCM became leader
2022-05-26 01:44:12,204 [Command processor thread] INFO  server.RaftServer (RaftServerProxy.java:addNew(96)) - abcba7be-10dc-405a-b916-1047518ee4a9: addNew group-31AED82FFF5B:[abcba7be-10dc-405a-b916-1047518ee4a9|rpc:10.1.0.18:44915|priority:1] returns group-31AED82FFF5B:java.util.concurrent.CompletableFuture@4fbb06ad[Not completed]
2022-05-26 01:44:12,205 [pool-366-thread-1] INFO  server.RaftServer$Division (RaftServerImpl.java:<init>(190)) - abcba7be-10dc-405a-b916-1047518ee4a9: new RaftServerImpl for group-31AED82FFF5B:[abcba7be-10dc-405a-b916-1047518ee4a9|rpc:10.1.0.18:44915|priority:1] with ContainerStateMachine:uninitialized
2022-05-26 01:44:12,205 [pool-366-thread-1] INFO  server.RaftServerConfigKeys (ConfUtils.java:logGet(46)) - raft.server.rpc.timeout.min = 5s (custom)
2022-05-26 01:44:12,205 [pool-366-thread-1] INFO  server.RaftServerConfigKeys (ConfUtils.java:logGet(46)) - raft.server.rpc.timeout.max = 5200ms (custom)
2022-05-26 01:44:12,205 [pool-366-thread-1] INFO  server.RaftServerConfigKeys (ConfUtils.java:logGet(46)) - raft.server.rpc.sleep.time = 25ms (default)
2022-05-26 01:44:12,205 [pool-366-thread-1] INFO  server.RaftServerConfigKeys (ConfUtils.java:logGet(46)) - raft.server.rpc.slowness.timeout = 300s (custom)
2022-05-26 01:44:12,205 [pool-366-thread-1] INFO  server.RaftServerConfigKeys (ConfUtils.java:logGet(46)) - raft.server.leaderelection.leader.step-down.wait-time = 10s (default)
2022-05-26 01:44:12,206 [pool-366-thread-1] INFO  server.RaftServerConfigKeys (ConfUtils.java:logGet(46)) - raft.server.sleep.deviation.threshold = 300ms (default)
2022-05-26 01:44:12,206 [pool-366-thread-1] INFO  server.RaftServer$Division (ServerState.java:<init>(107)) - abcba7be-10dc-405a-b916-1047518ee4a9@group-31AED82FFF5B: ConfigurationManager, init=-1: [abcba7be-10dc-405a-b916-1047518ee4a9|rpc:10.1.0.18:44915|priority:1], old=null, confs=<EMPTY_MAP>
2022-05-26 01:44:12,206 [pool-366-thread-1] INFO  server.RaftServerConfigKeys (ConfUtils.java:logGet(46)) - raft.server.storage.dir = [/home/runner/work/ozone/ozone/hadoop-ozone/integration-test/target/test-dir/MiniOzoneClusterImpl-a6c467d1-2397-44e1-8ce0-4bb4627e7e2b/datanode-2/data/ratis] (custom)
2022-05-26 01:44:12,206 [pool-366-thread-1] INFO  server.RaftServerConfigKeys (ConfUtils.java:logGet(46)) - raft.server.log.corruption.policy = EXCEPTION (default)
2022-05-26 01:44:12,206 [pool-366-thread-1] INFO  server.RaftServerConfigKeys (ConfUtils.java:logGet(46)) - raft.server.storage.free-space.min = 0MB (=0) (default)
2022-05-26 01:44:12,206 [pool-366-thread-1] INFO  storage.RaftStorageDirectory (RaftStorageDirectoryImpl.java:analyzeStorage(135)) - The storage directory /home/runner/work/ozone/ozone/hadoop-ozone/integration-test/target/test-dir/MiniOzoneClusterImpl-a6c467d1-2397-44e1-8ce0-4bb4627e7e2b/datanode-2/data/ratis/7eb2308d-d660-4520-a18b-31aed82fff5b does not exist. Creating ...
2022-05-26 01:44:12,212 [pool-366-thread-1] INFO  storage.RaftStorageDirectory (RaftStorageDirectoryImpl.java:tryLock(230)) - Lock on /home/runner/work/ozone/ozone/hadoop-ozone/integration-test/target/test-dir/MiniOzoneClusterImpl-a6c467d1-2397-44e1-8ce0-4bb4627e7e2b/datanode-2/data/ratis/7eb2308d-d660-4520-a18b-31aed82fff5b/in_use.lock acquired by nodename 11847@fv-az270-854
2022-05-26 01:44:12,213 [pool-366-thread-1] INFO  storage.RaftStorage (RaftStorageImpl.java:format(89)) - Storage directory /home/runner/work/ozone/ozone/hadoop-ozone/integration-test/target/test-dir/MiniOzoneClusterImpl-a6c467d1-2397-44e1-8ce0-4bb4627e7e2b/datanode-2/data/ratis/7eb2308d-d660-4520-a18b-31aed82fff5b has been successfully formatted.
2022-05-26 01:44:12,213 [pool-366-thread-1] INFO  ratis.ContainerStateMachine (ContainerStateMachine.java:loadSnapshot(236)) - group-31AED82FFF5B: The snapshot info is null. Setting the last applied indexto:(t:0, i:~)
2022-05-26 01:44:12,213 [pool-366-thread-1] INFO  server.RaftServerConfigKeys (ConfUtils.java:logGet(46)) - raft.server.notification.no-leader.timeout = 300s (custom)
2022-05-26 01:44:12,214 [pool-366-thread-1] INFO  server.RaftServerConfigKeys (ConfUtils.java:logGet(46)) - raft.server.log.use.memory = false (default)
2022-05-26 01:44:12,214 [pool-366-thread-1] INFO  server.RaftServerConfigKeys (ConfUtils.java:logGet(46)) - raft.server.log.purge.gap = 1000000 (custom)
2022-05-26 01:44:12,214 [pool-366-thread-1] INFO  server.RaftServerConfigKeys (ConfUtils.java:logGet(46)) - raft.server.log.appender.buffer.byte-limit = 33554432 (custom)
2022-05-26 01:44:12,214 [pool-366-thread-1] INFO  server.RaftServerConfigKeys (ConfUtils.java:logGet(46)) - raft.server.log.statemachine.data.read.timeout = 1000ms (default)
2022-05-26 01:44:12,214 [pool-366-thread-1] INFO  server.RaftServerConfigKeys (ConfUtils.java:logGet(46)) - raft.server.log.segment.size.max = 1048576 (custom)
2022-05-26 01:44:12,214 [pool-366-thread-1] INFO  server.RaftServerConfigKeys (ConfUtils.java:logGet(46)) - raft.server.log.segment.cache.num.max = 2 (custom)
2022-05-26 01:44:12,214 [pool-366-thread-1] INFO  server.RaftServerConfigKeys (ConfUtils.java:logGet(46)) - raft.server.log.segment.cache.size.max = 200MB (=209715200) (default)
2022-05-26 01:44:12,214 [pool-366-thread-1] INFO  segmented.SegmentedRaftLogWorker (SegmentedRaftLogWorker.java:<init>(187)) - new abcba7be-10dc-405a-b916-1047518ee4a9@group-31AED82FFF5B-SegmentedRaftLogWorker for RaftStorageImpl:Storage Directory /home/runner/work/ozone/ozone/hadoop-ozone/integration-test/target/test-dir/MiniOzoneClusterImpl-a6c467d1-2397-44e1-8ce0-4bb4627e7e2b/datanode-2/data/ratis/7eb2308d-d660-4520-a18b-31aed82fff5b
2022-05-26 01:44:12,214 [pool-366-thread-1] INFO  server.RaftServerConfigKeys (ConfUtils.java:logGet(46)) - raft.server.log.queue.byte-limit = 4294967296 (custom)
2022-05-26 01:44:12,214 [pool-366-thread-1] INFO  server.RaftServerConfigKeys (ConfUtils.java:logGet(46)) - raft.server.log.queue.element-limit = 1024 (custom)
2022-05-26 01:44:12,214 [pool-366-thread-1] INFO  server.RaftServerConfigKeys (ConfUtils.java:logGet(46)) - raft.server.log.segment.size.max = 1048576 (custom)
2022-05-26 01:44:12,214 [pool-366-thread-1] INFO  server.RaftServerConfigKeys (ConfUtils.java:logGet(46)) - raft.server.log.preallocated.size = 16384 (custom)
2022-05-26 01:44:12,215 [pool-366-thread-1] INFO  server.RaftServerConfigKeys (ConfUtils.java:logGet(46)) - raft.server.log.force.sync.num = 128 (default)
2022-05-26 01:44:12,215 [pool-366-thread-1] INFO  server.RaftServerConfigKeys (ConfUtils.java:logGet(46)) - raft.server.log.statemachine.data.sync = true (default)
2022-05-26 01:44:12,215 [pool-366-thread-1] INFO  server.RaftServerConfigKeys (ConfUtils.java:logGet(46)) - raft.server.log.statemachine.data.sync.timeout = 10s (default)
2022-05-26 01:44:12,215 [pool-366-thread-1] INFO  server.RaftServerConfigKeys (ConfUtils.java:logGet(46)) - raft.server.log.statemachine.data.sync.timeout.retry = -1 (default)
2022-05-26 01:44:12,215 [EventQueue-PipelineReportForPipelineReportHandler] INFO  pipeline.PipelineManagerImpl (PipelineManagerImpl.java:openPipeline(336)) - Pipeline Pipeline[ Id: 7eb2308d-d660-4520-a18b-31aed82fff5b, Nodes: abcba7be-10dc-405a-b916-1047518ee4a9{ip: 10.1.0.18, host: fv-az270-854.tacnzluakwdehk1hpragurqkma.bx.internal.cloudapp.net, ports: [REPLICATION=38477, RATIS=44915, RATIS_ADMIN=44915, RATIS_SERVER=44915, STANDALONE=36447], networkLocation: /default-rack, certSerialId: null, persistedOpState: IN_SERVICE, persistedOpStateExpiryEpochSec: 0}, ReplicationConfig: RATIS/ONE, State:ALLOCATED, leaderId:abcba7be-10dc-405a-b916-1047518ee4a9, CreationTimestamp2022-05-26T01:44:09.210Z[Etc/UTC]] moved to OPEN state
2022-05-26 01:44:12,215 [pool-366-thread-1] INFO  server.RaftServerConfigKeys (ConfUtils.java:logGet(46)) - raft.server.log.write.buffer.size = 1048576 (custom)
2022-05-26 01:44:12,216 [EventQueue-OpenPipelineForHealthyPipelineSafeModeRule] INFO  safemode.SCMSafeModeManager (HealthyPipelineSafeModeRule.java:process(124)) - SCM in safe mode. Healthy pipelines reported count is 0, required healthy pipeline reported count is 1
2022-05-26 01:44:12,220 [pool-366-thread-1] INFO  server.RaftServerConfigKeys (ConfUtils.java:logGet(46)) - raft.server.log.unsafe-flush.enabled = false (default)
2022-05-26 01:44:12,220 [pool-366-thread-1] INFO  server.RaftServerConfigKeys (ConfUtils.java:logGet(46)) - raft.server.log.statemachine.data.caching.enabled = true (custom)
2022-05-26 01:44:12,220 [pool-366-thread-1] INFO  segmented.SegmentedRaftLogWorker (SegmentedRaftLogWorker.java:lambda$new$0(135)) - abcba7be-10dc-405a-b916-1047518ee4a9@group-31AED82FFF5B-SegmentedRaftLogWorker: flushIndex: setUnconditionally 0 -> -1
2022-05-26 01:44:12,221 [pool-366-thread-1] INFO  segmented.SegmentedRaftLogWorker (SegmentedRaftLogWorker.java:lambda$new$0(135)) - abcba7be-10dc-405a-b916-1047518ee4a9@group-31AED82FFF5B-SegmentedRaftLogWorker: safeCacheEvictIndex: setUnconditionally 0 -> -1
2022-05-26 01:44:12,221 [pool-366-thread-1] INFO  server.RaftServerConfigKeys (ConfUtils.java:logGet(46)) - raft.server.snapshot.auto.trigger.enabled = true (custom)
2022-05-26 01:44:12,221 [pool-366-thread-1] INFO  server.RaftServerConfigKeys (ConfUtils.java:logGet(46)) - raft.server.snapshot.auto.trigger.threshold = 10000 (custom)
2022-05-26 01:44:12,221 [pool-366-thread-1] INFO  server.RaftServerConfigKeys (ConfUtils.java:logGet(46)) - raft.server.snapshot.retention.file.num = 5 (custom)
2022-05-26 01:44:12,221 [pool-366-thread-1] INFO  server.RaftServerConfigKeys (ConfUtils.java:logGet(46)) - raft.server.log.purge.upto.snapshot.index = false (default)
2022-05-26 01:44:12,221 [pool-366-thread-1] INFO  server.RaftServerConfigKeys (ConfUtils.java:logGet(46)) - raft.server.retrycache.expirytime = 600000ms (custom)
2022-05-26 01:44:12,221 [pool-366-thread-1] INFO  server.RaftServerConfigKeys (ConfUtils.java:logGet(46)) - raft.server.retrycache.statistics.expirytime = 100μs (default)
2022-05-26 01:44:12,242 [pool-366-thread-1] INFO  server.RaftServerConfigKeys (ConfUtils.java:logGet(46)) - raft.server.log.appender.install.snapshot.enabled = false (custom)
2022-05-26 01:44:12,242 [pool-366-thread-1] INFO  server.RaftServerConfigKeys (ConfUtils.java:logGet(46)) - raft.server.threadpool.server.cached = true (default)
2022-05-26 01:44:12,242 [pool-366-thread-1] INFO  server.RaftServerConfigKeys (ConfUtils.java:logGet(46)) - raft.server.threadpool.server.size = 0 (default)
2022-05-26 01:44:12,242 [pool-366-thread-1] INFO  server.RaftServerConfigKeys (ConfUtils.java:logGet(46)) - raft.server.threadpool.client.cached = true (default)
2022-05-26 01:44:12,242 [pool-366-thread-1] INFO  server.RaftServerConfigKeys (ConfUtils.java:logGet(46)) - raft.server.threadpool.client.size = 0 (default)
2022-05-26 01:44:12,242 [pool-366-thread-1] INFO  server.RaftServer$Division (RaftServerImpl.java:start(310)) - abcba7be-10dc-405a-b916-1047518ee4a9@group-31AED82FFF5B: start as a follower, conf=-1: [abcba7be-10dc-405a-b916-1047518ee4a9|rpc:10.1.0.18:44915|priority:1], old=null
2022-05-26 01:44:12,242 [pool-366-thread-1] INFO  server.RaftServer$Division (RaftServerImpl.java:setRole(299)) - abcba7be-10dc-405a-b916-1047518ee4a9@group-31AED82FFF5B: changes role from      null to FOLLOWER at term 0 for startAsFollower
2022-05-26 01:44:12,243 [pool-366-thread-1] INFO  impl.RoleInfo (RoleInfo.java:updateAndGet(139)) - abcba7be-10dc-405a-b916-1047518ee4a9: start abcba7be-10dc-405a-b916-1047518ee4a9@group-31AED82FFF5B-FollowerState
2022-05-26 01:44:12,254 [pool-366-thread-1] INFO  util.JmxRegister (JmxRegister.java:tryRegister(44)) - Successfully registered JMX Bean with object name Ratis:service=RaftServer,group=group-31AED82FFF5B,id=abcba7be-10dc-405a-b916-1047518ee4a9
2022-05-26 01:44:12,256 [Command processor thread] INFO  ratis.XceiverServerRatis (XceiverServerRatis.java:addGroup(765)) - Created group PipelineID=7eb2308d-d660-4520-a18b-31aed82fff5b
2022-05-26 01:44:12,256 [Command processor thread] INFO  commandhandler.CreatePipelineCommandHandler (CreatePipelineCommandHandler.java:handle(113)) - Created Pipeline RATIS ONE PipelineID=7eb2308d-d660-4520-a18b-31aed82fff5b.
2022-05-26 01:44:13,086 [Listener at 127.0.0.1/34495] INFO  ozone.MiniOzoneClusterImpl (MiniOzoneClusterImpl.java:lambda$waitForClusterToBeReady$0(221)) - Nodes are ready. Got 3 of 3 DN Heartbeats.
2022-05-26 01:44:13,086 [Listener at 127.0.0.1/34495] INFO  ozone.MiniOzoneClusterImpl (MiniOzoneClusterImpl.java:lambda$waitForClusterToBeReady$0(224)) - Waiting for cluster to exit safe mode
2022-05-26 01:44:13,086 [Listener at 127.0.0.1/34495] INFO  ozone.MiniOzoneClusterImpl (MiniOzoneClusterImpl.java:lambda$waitForClusterToBeReady$0(226)) - SCM became leader
2022-05-26 01:44:14,087 [Listener at 127.0.0.1/34495] INFO  ozone.MiniOzoneClusterImpl (MiniOzoneClusterImpl.java:lambda$waitForClusterToBeReady$0(221)) - Nodes are ready. Got 3 of 3 DN Heartbeats.
2022-05-26 01:44:14,087 [Listener at 127.0.0.1/34495] INFO  ozone.MiniOzoneClusterImpl (MiniOzoneClusterImpl.java:lambda$waitForClusterToBeReady$0(224)) - Waiting for cluster to exit safe mode
2022-05-26 01:44:14,087 [Listener at 127.0.0.1/34495] INFO  ozone.MiniOzoneClusterImpl (MiniOzoneClusterImpl.java:lambda$waitForClusterToBeReady$0(226)) - SCM became leader
2022-05-26 01:44:15,087 [Listener at 127.0.0.1/34495] INFO  ozone.MiniOzoneClusterImpl (MiniOzoneClusterImpl.java:lambda$waitForClusterToBeReady$0(221)) - Nodes are ready. Got 3 of 3 DN Heartbeats.
2022-05-26 01:44:15,087 [Listener at 127.0.0.1/34495] INFO  ozone.MiniOzoneClusterImpl (MiniOzoneClusterImpl.java:lambda$waitForClusterToBeReady$0(224)) - Waiting for cluster to exit safe mode
2022-05-26 01:44:15,087 [Listener at 127.0.0.1/34495] INFO  ozone.MiniOzoneClusterImpl (MiniOzoneClusterImpl.java:lambda$waitForClusterToBeReady$0(226)) - SCM became leader
2022-05-26 01:44:15,618 [d9576437-3cbb-4170-b2cc-8965e43834d5@group-20D740FFDE98-FollowerState] INFO  impl.FollowerState (FollowerState.java:run(143)) - d9576437-3cbb-4170-b2cc-8965e43834d5@group-20D740FFDE98-FollowerState: change to CANDIDATE, lastRpcElapsedTime:5046049669ns, electionTimeout:5037ms
2022-05-26 01:44:15,619 [d9576437-3cbb-4170-b2cc-8965e43834d5@group-20D740FFDE98-FollowerState] INFO  impl.RoleInfo (RoleInfo.java:shutdownFollowerState(110)) - d9576437-3cbb-4170-b2cc-8965e43834d5: shutdown d9576437-3cbb-4170-b2cc-8965e43834d5@group-20D740FFDE98-FollowerState
2022-05-26 01:44:15,619 [d9576437-3cbb-4170-b2cc-8965e43834d5@group-20D740FFDE98-FollowerState] INFO  server.RaftServer$Division (RaftServerImpl.java:setRole(299)) - d9576437-3cbb-4170-b2cc-8965e43834d5@group-20D740FFDE98: changes role from  FOLLOWER to CANDIDATE at term 0 for changeToCandidate
2022-05-26 01:44:15,619 [d9576437-3cbb-4170-b2cc-8965e43834d5@group-20D740FFDE98-FollowerState] INFO  server.RaftServerConfigKeys (ConfUtils.java:logGet(46)) - raft.server.leaderelection.pre-vote = false (custom)
2022-05-26 01:44:15,619 [d9576437-3cbb-4170-b2cc-8965e43834d5@group-20D740FFDE98-FollowerState] INFO  impl.RoleInfo (RoleInfo.java:updateAndGet(139)) - d9576437-3cbb-4170-b2cc-8965e43834d5: start d9576437-3cbb-4170-b2cc-8965e43834d5@group-20D740FFDE98-LeaderElection21
2022-05-26 01:44:15,640 [d9576437-3cbb-4170-b2cc-8965e43834d5@group-20D740FFDE98-LeaderElection21] INFO  impl.LeaderElection (LeaderElection.java:askForVotes(310)) - d9576437-3cbb-4170-b2cc-8965e43834d5@group-20D740FFDE98-LeaderElection21 ELECTION round 0: submit vote requests at term 1 for -1: [d9576437-3cbb-4170-b2cc-8965e43834d5|rpc:10.1.0.18:42177|priority:1], old=null
2022-05-26 01:44:15,640 [d9576437-3cbb-4170-b2cc-8965e43834d5@group-20D740FFDE98-LeaderElection21] INFO  impl.LeaderElection (LeaderElection.java:askForVotes(312)) - d9576437-3cbb-4170-b2cc-8965e43834d5@group-20D740FFDE98-LeaderElection21 ELECTION round 0: result PASSED (term=1)
2022-05-26 01:44:15,640 [d9576437-3cbb-4170-b2cc-8965e43834d5@group-20D740FFDE98-LeaderElection21] INFO  impl.RoleInfo (RoleInfo.java:shutdownLeaderElection(130)) - d9576437-3cbb-4170-b2cc-8965e43834d5: shutdown d9576437-3cbb-4170-b2cc-8965e43834d5@group-20D740FFDE98-LeaderElection21
2022-05-26 01:44:15,641 [d9576437-3cbb-4170-b2cc-8965e43834d5@group-20D740FFDE98-LeaderElection21] INFO  server.RaftServer$Division (RaftServerImpl.java:setRole(299)) - d9576437-3cbb-4170-b2cc-8965e43834d5@group-20D740FFDE98: changes role from CANDIDATE to LEADER at term 1 for changeToLeader
2022-05-26 01:44:15,641 [d9576437-3cbb-4170-b2cc-8965e43834d5@group-20D740FFDE98-LeaderElection21] INFO  ratis.XceiverServerRatis (XceiverServerRatis.java:handleLeaderChangedNotification(863)) - Leader change notification received for group: group-20D740FFDE98 with new leaderId: d9576437-3cbb-4170-b2cc-8965e43834d5
2022-05-26 01:44:15,641 [d9576437-3cbb-4170-b2cc-8965e43834d5@group-20D740FFDE98-LeaderElection21] INFO  server.RaftServer$Division (ServerState.java:setLeader(287)) - d9576437-3cbb-4170-b2cc-8965e43834d5@group-20D740FFDE98: change Leader from null to d9576437-3cbb-4170-b2cc-8965e43834d5 at term 1 for becomeLeader, leader elected after 5076ms
2022-05-26 01:44:15,641 [d9576437-3cbb-4170-b2cc-8965e43834d5@group-20D740FFDE98-LeaderElection21] INFO  server.RaftServerConfigKeys (ConfUtils.java:logGet(46)) - raft.server.staging.catchup.gap = 1000 (default)
2022-05-26 01:44:15,641 [d9576437-3cbb-4170-b2cc-8965e43834d5@group-20D740FFDE98-LeaderElection21] INFO  server.RaftServerConfigKeys (ConfUtils.java:logGet(46)) - raft.server.write.element-limit = 1024 (custom)
2022-05-26 01:44:15,641 [d9576437-3cbb-4170-b2cc-8965e43834d5@group-20D740FFDE98-LeaderElection21] INFO  server.RaftServerConfigKeys (ConfUtils.java:logGet(46)) - raft.server.write.byte-limit = 1024 M (=1073741824) (custom)
2022-05-26 01:44:15,641 [d9576437-3cbb-4170-b2cc-8965e43834d5@group-20D740FFDE98-LeaderElection21] INFO  server.RaftServerConfigKeys (ConfUtils.java:logGet(46)) - raft.server.watch.timeout = 180s (custom)
2022-05-26 01:44:15,641 [d9576437-3cbb-4170-b2cc-8965e43834d5@group-20D740FFDE98-LeaderElection21] INFO  server.RaftServerConfigKeys (ConfUtils.java:logGet(46)) - raft.server.watch.timeout.denomination = 1s (default)
2022-05-26 01:44:15,642 [d9576437-3cbb-4170-b2cc-8965e43834d5@group-20D740FFDE98-LeaderElection21] INFO  server.RaftServerConfigKeys (ConfUtils.java:logGet(46)) - raft.server.watch.element-limit = 65536 (default)
2022-05-26 01:44:15,642 [d9576437-3cbb-4170-b2cc-8965e43834d5@group-20D740FFDE98-LeaderElection21] INFO  server.RaftServerConfigKeys (ConfUtils.java:logGet(46)) - raft.server.write.element-limit = 1024 (custom)
2022-05-26 01:44:15,642 [d9576437-3cbb-4170-b2cc-8965e43834d5@group-20D740FFDE98-LeaderElection21] INFO  server.RaftServerConfigKeys (ConfUtils.java:logGet(46)) - raft.server.write.follower.gap.ratio.max = -1.0 (default)
2022-05-26 01:44:15,642 [d9576437-3cbb-4170-b2cc-8965e43834d5@group-20D740FFDE98-LeaderElection21] INFO  impl.RoleInfo (RoleInfo.java:updateAndGet(139)) - d9576437-3cbb-4170-b2cc-8965e43834d5: start d9576437-3cbb-4170-b2cc-8965e43834d5@group-20D740FFDE98-LeaderStateImpl
2022-05-26 01:44:15,642 [d9576437-3cbb-4170-b2cc-8965e43834d5@group-20D740FFDE98-LeaderElection21] INFO  segmented.SegmentedRaftLogWorker (SegmentedRaftLogWorker.java:startLogSegment(425)) - d9576437-3cbb-4170-b2cc-8965e43834d5@group-20D740FFDE98-SegmentedRaftLogWorker: Starting segment from index:0
2022-05-26 01:44:15,644 [EventQueue-OpenPipelineForHealthyPipelineSafeModeRule] INFO  safemode.SCMSafeModeManager (HealthyPipelineSafeModeRule.java:process(124)) - SCM in safe mode. Healthy pipelines reported count is 0, required healthy pipeline reported count is 1
2022-05-26 01:44:15,651 [d9576437-3cbb-4170-b2cc-8965e43834d5@group-20D740FFDE98-SegmentedRaftLogWorker] INFO  segmented.SegmentedRaftLogWorker (SegmentedRaftLogWorker.java:execute(629)) - d9576437-3cbb-4170-b2cc-8965e43834d5@group-20D740FFDE98-SegmentedRaftLogWorker: created new log segment /home/runner/work/ozone/ozone/hadoop-ozone/integration-test/target/test-dir/MiniOzoneClusterImpl-a6c467d1-2397-44e1-8ce0-4bb4627e7e2b/datanode-0/data/ratis/239f03d2-ddb9-4f20-8686-20d740ffde98/current/log_inprogress_0
2022-05-26 01:44:15,685 [d9576437-3cbb-4170-b2cc-8965e43834d5@group-B4D433286EBB-FollowerState] INFO  impl.FollowerState (FollowerState.java:run(143)) - d9576437-3cbb-4170-b2cc-8965e43834d5@group-B4D433286EBB-FollowerState: change to CANDIDATE, lastRpcElapsedTime:5034896008ns, electionTimeout:5020ms
2022-05-26 01:44:15,685 [d9576437-3cbb-4170-b2cc-8965e43834d5@group-B4D433286EBB-FollowerState] INFO  impl.RoleInfo (RoleInfo.java:shutdownFollowerState(110)) - d9576437-3cbb-4170-b2cc-8965e43834d5: shutdown d9576437-3cbb-4170-b2cc-8965e43834d5@group-B4D433286EBB-FollowerState
2022-05-26 01:44:15,685 [d9576437-3cbb-4170-b2cc-8965e43834d5@group-B4D433286EBB-FollowerState] INFO  server.RaftServer$Division (RaftServerImpl.java:setRole(299)) - d9576437-3cbb-4170-b2cc-8965e43834d5@group-B4D433286EBB: changes role from  FOLLOWER to CANDIDATE at term 0 for changeToCandidate
2022-05-26 01:44:15,685 [d9576437-3cbb-4170-b2cc-8965e43834d5@group-B4D433286EBB-FollowerState] INFO  server.RaftServerConfigKeys (ConfUtils.java:logGet(46)) - raft.server.leaderelection.pre-vote = false (custom)
2022-05-26 01:44:15,685 [d9576437-3cbb-4170-b2cc-8965e43834d5@group-B4D433286EBB-FollowerState] INFO  impl.RoleInfo (RoleInfo.java:updateAndGet(139)) - d9576437-3cbb-4170-b2cc-8965e43834d5: start d9576437-3cbb-4170-b2cc-8965e43834d5@group-B4D433286EBB-LeaderElection22
2022-05-26 01:44:15,688 [d9576437-3cbb-4170-b2cc-8965e43834d5@group-20D740FFDE98-LeaderElection21] INFO  server.RaftServer$Division (ServerState.java:setRaftConf(393)) - d9576437-3cbb-4170-b2cc-8965e43834d5@group-20D740FFDE98: set configuration 0: [d9576437-3cbb-4170-b2cc-8965e43834d5|rpc:10.1.0.18:42177|dataStream:|priority:1], old=null
2022-05-26 01:44:15,733 [d9576437-3cbb-4170-b2cc-8965e43834d5@group-B4D433286EBB-LeaderElection22] INFO  impl.LeaderElection (LeaderElection.java:askForVotes(310)) - d9576437-3cbb-4170-b2cc-8965e43834d5@group-B4D433286EBB-LeaderElection22 ELECTION round 0: submit vote requests at term 1 for -1: [9e488448-403c-4c27-a8c6-f2923e8aa025|rpc:10.1.0.18:33371|priority:1, d9576437-3cbb-4170-b2cc-8965e43834d5|rpc:10.1.0.18:42177|priority:0, abcba7be-10dc-405a-b916-1047518ee4a9|rpc:10.1.0.18:44915|priority:0], old=null
2022-05-26 01:44:15,821 [grpc-default-executor-1] INFO  server.RaftServer$Division (RaftServerImpl.java:requestVote(1152)) - abcba7be-10dc-405a-b916-1047518ee4a9@group-B4D433286EBB: receive requestVote(ELECTION, d9576437-3cbb-4170-b2cc-8965e43834d5, group-B4D433286EBB, 1, (t:0, i:0))
2022-05-26 01:44:15,829 [grpc-default-executor-0] INFO  server.RaftServer$Division (RaftServerImpl.java:requestVote(1152)) - 9e488448-403c-4c27-a8c6-f2923e8aa025@group-B4D433286EBB: receive requestVote(ELECTION, d9576437-3cbb-4170-b2cc-8965e43834d5, group-B4D433286EBB, 1, (t:0, i:0))
2022-05-26 01:44:15,830 [grpc-default-executor-0] INFO  impl.VoteContext (VoteContext.java:log(48)) - 9e488448-403c-4c27-a8c6-f2923e8aa025@group-B4D433286EBB-FOLLOWER: reject ELECTION from d9576437-3cbb-4170-b2cc-8965e43834d5: our priority 1 > candidate's priority 0
2022-05-26 01:44:15,830 [grpc-default-executor-0] INFO  server.RaftServer$Division (RaftServerImpl.java:setRole(299)) - 9e488448-403c-4c27-a8c6-f2923e8aa025@group-B4D433286EBB: changes role from  FOLLOWER to FOLLOWER at term 1 for candidate:d9576437-3cbb-4170-b2cc-8965e43834d5
2022-05-26 01:44:15,830 [grpc-default-executor-0] INFO  impl.RoleInfo (RoleInfo.java:shutdownFollowerState(110)) - 9e488448-403c-4c27-a8c6-f2923e8aa025: shutdown 9e488448-403c-4c27-a8c6-f2923e8aa025@group-B4D433286EBB-FollowerState
2022-05-26 01:44:15,830 [9e488448-403c-4c27-a8c6-f2923e8aa025@group-B4D433286EBB-FollowerState] INFO  impl.FollowerState (FollowerState.java:run(152)) - 9e488448-403c-4c27-a8c6-f2923e8aa025@group-B4D433286EBB-FollowerState was interrupted
2022-05-26 01:44:15,830 [grpc-default-executor-1] INFO  impl.VoteContext (VoteContext.java:log(48)) - abcba7be-10dc-405a-b916-1047518ee4a9@group-B4D433286EBB-FOLLOWER: accept ELECTION from d9576437-3cbb-4170-b2cc-8965e43834d5: our priority 0 <= candidate's priority 0
2022-05-26 01:44:15,830 [grpc-default-executor-0] INFO  impl.RoleInfo (RoleInfo.java:updateAndGet(139)) - 9e488448-403c-4c27-a8c6-f2923e8aa025: start 9e488448-403c-4c27-a8c6-f2923e8aa025@group-B4D433286EBB-FollowerState
2022-05-26 01:44:15,830 [grpc-default-executor-1] INFO  server.RaftServer$Division (RaftServerImpl.java:setRole(299)) - abcba7be-10dc-405a-b916-1047518ee4a9@group-B4D433286EBB: changes role from  FOLLOWER to FOLLOWER at term 1 for candidate:d9576437-3cbb-4170-b2cc-8965e43834d5
2022-05-26 01:44:15,832 [grpc-default-executor-1] INFO  impl.RoleInfo (RoleInfo.java:shutdownFollowerState(110)) - abcba7be-10dc-405a-b916-1047518ee4a9: shutdown abcba7be-10dc-405a-b916-1047518ee4a9@group-B4D433286EBB-FollowerState
2022-05-26 01:44:15,833 [grpc-default-executor-1] INFO  impl.RoleInfo (RoleInfo.java:updateAndGet(139)) - abcba7be-10dc-405a-b916-1047518ee4a9: start abcba7be-10dc-405a-b916-1047518ee4a9@group-B4D433286EBB-FollowerState
2022-05-26 01:44:15,833 [abcba7be-10dc-405a-b916-1047518ee4a9@group-B4D433286EBB-FollowerState] INFO  impl.FollowerState (FollowerState.java:run(152)) - abcba7be-10dc-405a-b916-1047518ee4a9@group-B4D433286EBB-FollowerState was interrupted
2022-05-26 01:44:15,836 [grpc-default-executor-0] INFO  server.RaftServer$Division (RaftServerImpl.java:requestVote(1184)) - 9e488448-403c-4c27-a8c6-f2923e8aa025@group-B4D433286EBB replies to ELECTION vote request: d9576437-3cbb-4170-b2cc-8965e43834d5<-9e488448-403c-4c27-a8c6-f2923e8aa025#0:FAIL-t1. Peer's state: 9e488448-403c-4c27-a8c6-f2923e8aa025@group-B4D433286EBB:t1, leader=null, voted=null, raftlog=9e488448-403c-4c27-a8c6-f2923e8aa025@group-B4D433286EBB-SegmentedRaftLog:OPENED:c-1, conf=-1: [9e488448-403c-4c27-a8c6-f2923e8aa025|rpc:10.1.0.18:33371|dataStream:|priority:1, d9576437-3cbb-4170-b2cc-8965e43834d5|rpc:10.1.0.18:42177|dataStream:|priority:0, abcba7be-10dc-405a-b916-1047518ee4a9|rpc:10.1.0.18:44915|dataStream:|priority:0], old=null
2022-05-26 01:44:15,865 [d9576437-3cbb-4170-b2cc-8965e43834d5@group-B4D433286EBB-LeaderElection22] INFO  impl.LeaderElection (LeaderElection.java:logAndReturn(90)) - d9576437-3cbb-4170-b2cc-8965e43834d5@group-B4D433286EBB-LeaderElection22: ELECTION REJECTED received 1 response(s) and 0 exception(s):
2022-05-26 01:44:15,865 [d9576437-3cbb-4170-b2cc-8965e43834d5@group-B4D433286EBB-LeaderElection22] INFO  impl.LeaderElection (LeaderElection.java:logAndReturn(94)) -   Response 0: d9576437-3cbb-4170-b2cc-8965e43834d5<-9e488448-403c-4c27-a8c6-f2923e8aa025#0:FAIL-t1
2022-05-26 01:44:15,865 [d9576437-3cbb-4170-b2cc-8965e43834d5@group-B4D433286EBB-LeaderElection22] INFO  impl.LeaderElection (LeaderElection.java:askForVotes(312)) - d9576437-3cbb-4170-b2cc-8965e43834d5@group-B4D433286EBB-LeaderElection22 ELECTION round 0: result REJECTED
2022-05-26 01:44:15,866 [grpc-default-executor-1] INFO  server.RaftServer$Division (RaftServerImpl.java:requestVote(1184)) - abcba7be-10dc-405a-b916-1047518ee4a9@group-B4D433286EBB replies to ELECTION vote request: d9576437-3cbb-4170-b2cc-8965e43834d5<-abcba7be-10dc-405a-b916-1047518ee4a9#0:OK-t1. Peer's state: abcba7be-10dc-405a-b916-1047518ee4a9@group-B4D433286EBB:t1, leader=null, voted=d9576437-3cbb-4170-b2cc-8965e43834d5, raftlog=abcba7be-10dc-405a-b916-1047518ee4a9@group-B4D433286EBB-SegmentedRaftLog:OPENED:c-1, conf=-1: [9e488448-403c-4c27-a8c6-f2923e8aa025|rpc:10.1.0.18:33371|dataStream:|priority:1, d9576437-3cbb-4170-b2cc-8965e43834d5|rpc:10.1.0.18:42177|dataStream:|priority:0, abcba7be-10dc-405a-b916-1047518ee4a9|rpc:10.1.0.18:44915|dataStream:|priority:0], old=null
2022-05-26 01:44:15,884 [d9576437-3cbb-4170-b2cc-8965e43834d5@group-B4D433286EBB-LeaderElection22] INFO  server.RaftServer$Division (RaftServerImpl.java:setRole(299)) - d9576437-3cbb-4170-b2cc-8965e43834d5@group-B4D433286EBB: changes role from CANDIDATE to FOLLOWER at term 1 for REJECTED
2022-05-26 01:44:15,884 [d9576437-3cbb-4170-b2cc-8965e43834d5@group-B4D433286EBB-LeaderElection22] INFO  impl.RoleInfo (RoleInfo.java:shutdownLeaderElection(130)) - d9576437-3cbb-4170-b2cc-8965e43834d5: shutdown d9576437-3cbb-4170-b2cc-8965e43834d5@group-B4D433286EBB-LeaderElection22
2022-05-26 01:44:15,884 [d9576437-3cbb-4170-b2cc-8965e43834d5@group-B4D433286EBB-LeaderElection22] INFO  impl.RoleInfo (RoleInfo.java:updateAndGet(139)) - d9576437-3cbb-4170-b2cc-8965e43834d5: start d9576437-3cbb-4170-b2cc-8965e43834d5@group-B4D433286EBB-FollowerState
2022-05-26 01:44:16,088 [Listener at 127.0.0.1/34495] INFO  ozone.MiniOzoneClusterImpl (MiniOzoneClusterImpl.java:lambda$waitForClusterToBeReady$0(221)) - Nodes are ready. Got 3 of 3 DN Heartbeats.
2022-05-26 01:44:16,092 [Listener at 127.0.0.1/34495] INFO  ozone.MiniOzoneClusterImpl (MiniOzoneClusterImpl.java:lambda$waitForClusterToBeReady$0(224)) - Waiting for cluster to exit safe mode
2022-05-26 01:44:16,092 [Listener at 127.0.0.1/34495] INFO  ozone.MiniOzoneClusterImpl (MiniOzoneClusterImpl.java:lambda$waitForClusterToBeReady$0(226)) - SCM became leader
2022-05-26 01:44:16,131 [d9576437-3cbb-4170-b2cc-8965e43834d5@group-56DD1FC4AA1B-FollowerState] INFO  impl.FollowerState (FollowerState.java:run(143)) - d9576437-3cbb-4170-b2cc-8965e43834d5@group-56DD1FC4AA1B-FollowerState: change to CANDIDATE, lastRpcElapsedTime:5093956352ns, electionTimeout:5093ms
2022-05-26 01:44:16,131 [d9576437-3cbb-4170-b2cc-8965e43834d5@group-56DD1FC4AA1B-FollowerState] INFO  impl.RoleInfo (RoleInfo.java:shutdownFollowerState(110)) - d9576437-3cbb-4170-b2cc-8965e43834d5: shutdown d9576437-3cbb-4170-b2cc-8965e43834d5@group-56DD1FC4AA1B-FollowerState
2022-05-26 01:44:16,131 [d9576437-3cbb-4170-b2cc-8965e43834d5@group-56DD1FC4AA1B-FollowerState] INFO  server.RaftServer$Division (RaftServerImpl.java:setRole(299)) - d9576437-3cbb-4170-b2cc-8965e43834d5@group-56DD1FC4AA1B: changes role from  FOLLOWER to CANDIDATE at term 0 for changeToCandidate
2022-05-26 01:44:16,131 [d9576437-3cbb-4170-b2cc-8965e43834d5@group-56DD1FC4AA1B-FollowerState] INFO  server.RaftServerConfigKeys (ConfUtils.java:logGet(46)) - raft.server.leaderelection.pre-vote = false (custom)
2022-05-26 01:44:16,131 [d9576437-3cbb-4170-b2cc-8965e43834d5@group-56DD1FC4AA1B-FollowerState] INFO  impl.RoleInfo (RoleInfo.java:updateAndGet(139)) - d9576437-3cbb-4170-b2cc-8965e43834d5: start d9576437-3cbb-4170-b2cc-8965e43834d5@group-56DD1FC4AA1B-LeaderElection23
2022-05-26 01:44:16,169 [d9576437-3cbb-4170-b2cc-8965e43834d5@group-56DD1FC4AA1B-LeaderElection23] INFO  impl.LeaderElection (LeaderElection.java:askForVotes(310)) - d9576437-3cbb-4170-b2cc-8965e43834d5@group-56DD1FC4AA1B-LeaderElection23 ELECTION round 0: submit vote requests at term 1 for -1: [9e488448-403c-4c27-a8c6-f2923e8aa025|rpc:10.1.0.18:33371|priority:0, d9576437-3cbb-4170-b2cc-8965e43834d5|rpc:10.1.0.18:42177|priority:0, abcba7be-10dc-405a-b916-1047518ee4a9|rpc:10.1.0.18:44915|priority:1], old=null
2022-05-26 01:44:16,184 [grpc-default-executor-0] INFO  server.RaftServer$Division (RaftServerImpl.java:requestVote(1152)) - abcba7be-10dc-405a-b916-1047518ee4a9@group-56DD1FC4AA1B: receive requestVote(ELECTION, d9576437-3cbb-4170-b2cc-8965e43834d5, group-56DD1FC4AA1B, 1, (t:0, i:0))
2022-05-26 01:44:16,184 [grpc-default-executor-1] INFO  server.RaftServer$Division (RaftServerImpl.java:requestVote(1152)) - 9e488448-403c-4c27-a8c6-f2923e8aa025@group-56DD1FC4AA1B: receive requestVote(ELECTION, d9576437-3cbb-4170-b2cc-8965e43834d5, group-56DD1FC4AA1B, 1, (t:0, i:0))
2022-05-26 01:44:16,185 [grpc-default-executor-1] INFO  impl.VoteContext (VoteContext.java:log(48)) - 9e488448-403c-4c27-a8c6-f2923e8aa025@group-56DD1FC4AA1B-FOLLOWER: accept ELECTION from d9576437-3cbb-4170-b2cc-8965e43834d5: our priority 0 <= candidate's priority 0
2022-05-26 01:44:16,185 [grpc-default-executor-1] INFO  server.RaftServer$Division (RaftServerImpl.java:setRole(299)) - 9e488448-403c-4c27-a8c6-f2923e8aa025@group-56DD1FC4AA1B: changes role from  FOLLOWER to FOLLOWER at term 1 for candidate:d9576437-3cbb-4170-b2cc-8965e43834d5
2022-05-26 01:44:16,185 [grpc-default-executor-1] INFO  impl.RoleInfo (RoleInfo.java:shutdownFollowerState(110)) - 9e488448-403c-4c27-a8c6-f2923e8aa025: shutdown 9e488448-403c-4c27-a8c6-f2923e8aa025@group-56DD1FC4AA1B-FollowerState
2022-05-26 01:44:16,185 [grpc-default-executor-1] INFO  impl.RoleInfo (RoleInfo.java:updateAndGet(139)) - 9e488448-403c-4c27-a8c6-f2923e8aa025: start 9e488448-403c-4c27-a8c6-f2923e8aa025@group-56DD1FC4AA1B-FollowerState
2022-05-26 01:44:16,184 [grpc-default-executor-0] INFO  impl.VoteContext (VoteContext.java:log(48)) - abcba7be-10dc-405a-b916-1047518ee4a9@group-56DD1FC4AA1B-FOLLOWER: reject ELECTION from d9576437-3cbb-4170-b2cc-8965e43834d5: our priority 1 > candidate's priority 0
2022-05-26 01:44:16,185 [grpc-default-executor-0] INFO  server.RaftServer$Division (RaftServerImpl.java:setRole(299)) - abcba7be-10dc-405a-b916-1047518ee4a9@group-56DD1FC4AA1B: changes role from  FOLLOWER to FOLLOWER at term 1 for candidate:d9576437-3cbb-4170-b2cc-8965e43834d5
2022-05-26 01:44:16,185 [grpc-default-executor-0] INFO  impl.RoleInfo (RoleInfo.java:shutdownFollowerState(110)) - abcba7be-10dc-405a-b916-1047518ee4a9: shutdown abcba7be-10dc-405a-b916-1047518ee4a9@group-56DD1FC4AA1B-FollowerState
2022-05-26 01:44:16,185 [9e488448-403c-4c27-a8c6-f2923e8aa025@group-56DD1FC4AA1B-FollowerState] INFO  impl.FollowerState (FollowerState.java:run(152)) - 9e488448-403c-4c27-a8c6-f2923e8aa025@group-56DD1FC4AA1B-FollowerState was interrupted
2022-05-26 01:44:16,197 [grpc-default-executor-0] INFO  impl.RoleInfo (RoleInfo.java:updateAndGet(139)) - abcba7be-10dc-405a-b916-1047518ee4a9: start abcba7be-10dc-405a-b916-1047518ee4a9@group-56DD1FC4AA1B-FollowerState
2022-05-26 01:44:16,197 [abcba7be-10dc-405a-b916-1047518ee4a9@group-56DD1FC4AA1B-FollowerState] INFO  impl.FollowerState (FollowerState.java:run(152)) - abcba7be-10dc-405a-b916-1047518ee4a9@group-56DD1FC4AA1B-FollowerState was interrupted
2022-05-26 01:44:16,215 [grpc-default-executor-1] INFO  server.RaftServer$Division (RaftServerImpl.java:requestVote(1184)) - 9e488448-403c-4c27-a8c6-f2923e8aa025@group-56DD1FC4AA1B replies to ELECTION vote request: d9576437-3cbb-4170-b2cc-8965e43834d5<-9e488448-403c-4c27-a8c6-f2923e8aa025#0:OK-t1. Peer's state: 9e488448-403c-4c27-a8c6-f2923e8aa025@group-56DD1FC4AA1B:t1, leader=null, voted=d9576437-3cbb-4170-b2cc-8965e43834d5, raftlog=9e488448-403c-4c27-a8c6-f2923e8aa025@group-56DD1FC4AA1B-SegmentedRaftLog:OPENED:c-1, conf=-1: [9e488448-403c-4c27-a8c6-f2923e8aa025|rpc:10.1.0.18:33371|dataStream:|priority:0, d9576437-3cbb-4170-b2cc-8965e43834d5|rpc:10.1.0.18:42177|dataStream:|priority:0, abcba7be-10dc-405a-b916-1047518ee4a9|rpc:10.1.0.18:44915|dataStream:|priority:1], old=null
2022-05-26 01:44:16,217 [grpc-default-executor-0] INFO  server.RaftServer$Division (RaftServerImpl.java:requestVote(1184)) - abcba7be-10dc-405a-b916-1047518ee4a9@group-56DD1FC4AA1B replies to ELECTION vote request: d9576437-3cbb-4170-b2cc-8965e43834d5<-abcba7be-10dc-405a-b916-1047518ee4a9#0:FAIL-t1. Peer's state: abcba7be-10dc-405a-b916-1047518ee4a9@group-56DD1FC4AA1B:t1, leader=null, voted=null, raftlog=abcba7be-10dc-405a-b916-1047518ee4a9@group-56DD1FC4AA1B-SegmentedRaftLog:OPENED:c-1, conf=-1: [9e488448-403c-4c27-a8c6-f2923e8aa025|rpc:10.1.0.18:33371|dataStream:|priority:0, d9576437-3cbb-4170-b2cc-8965e43834d5|rpc:10.1.0.18:42177|dataStream:|priority:0, abcba7be-10dc-405a-b916-1047518ee4a9|rpc:10.1.0.18:44915|dataStream:|priority:1], old=null
2022-05-26 01:44:16,219 [d9576437-3cbb-4170-b2cc-8965e43834d5@group-56DD1FC4AA1B-LeaderElection23] INFO  impl.LeaderElection (LeaderElection.java:logAndReturn(90)) - d9576437-3cbb-4170-b2cc-8965e43834d5@group-56DD1FC4AA1B-LeaderElection23: ELECTION REJECTED received 2 response(s) and 0 exception(s):
2022-05-26 01:44:16,224 [d9576437-3cbb-4170-b2cc-8965e43834d5@group-56DD1FC4AA1B-LeaderElection23] INFO  impl.LeaderElection (LeaderElection.java:logAndReturn(94)) -   Response 0: d9576437-3cbb-4170-b2cc-8965e43834d5<-9e488448-403c-4c27-a8c6-f2923e8aa025#0:OK-t1
2022-05-26 01:44:16,224 [d9576437-3cbb-4170-b2cc-8965e43834d5@group-56DD1FC4AA1B-LeaderElection23] INFO  impl.LeaderElection (LeaderElection.java:logAndReturn(94)) -   Response 1: d9576437-3cbb-4170-b2cc-8965e43834d5<-abcba7be-10dc-405a-b916-1047518ee4a9#0:FAIL-t1
2022-05-26 01:44:16,224 [d9576437-3cbb-4170-b2cc-8965e43834d5@group-56DD1FC4AA1B-LeaderElection23] INFO  impl.LeaderElection (LeaderElection.java:askForVotes(312)) - d9576437-3cbb-4170-b2cc-8965e43834d5@group-56DD1FC4AA1B-LeaderElection23 ELECTION round 0: result REJECTED
2022-05-26 01:44:16,224 [d9576437-3cbb-4170-b2cc-8965e43834d5@group-56DD1FC4AA1B-LeaderElection23] INFO  server.RaftServer$Division (RaftServerImpl.java:setRole(299)) - d9576437-3cbb-4170-b2cc-8965e43834d5@group-56DD1FC4AA1B: changes role from CANDIDATE to FOLLOWER at term 1 for REJECTED
2022-05-26 01:44:16,224 [d9576437-3cbb-4170-b2cc-8965e43834d5@group-56DD1FC4AA1B-LeaderElection23] INFO  impl.RoleInfo (RoleInfo.java:shutdownLeaderElection(130)) - d9576437-3cbb-4170-b2cc-8965e43834d5: shutdown d9576437-3cbb-4170-b2cc-8965e43834d5@group-56DD1FC4AA1B-LeaderElection23
2022-05-26 01:44:16,224 [d9576437-3cbb-4170-b2cc-8965e43834d5@group-56DD1FC4AA1B-LeaderElection23] INFO  impl.RoleInfo (RoleInfo.java:updateAndGet(139)) - d9576437-3cbb-4170-b2cc-8965e43834d5: start d9576437-3cbb-4170-b2cc-8965e43834d5@group-56DD1FC4AA1B-FollowerState
2022-05-26 01:44:16,469 [9e488448-403c-4c27-a8c6-f2923e8aa025@group-6351C7F9EA52-FollowerState] INFO  impl.FollowerState (FollowerState.java:run(143)) - 9e488448-403c-4c27-a8c6-f2923e8aa025@group-6351C7F9EA52-FollowerState: change to CANDIDATE, lastRpcElapsedTime:5130445172ns, electionTimeout:5129ms
2022-05-26 01:44:16,470 [9e488448-403c-4c27-a8c6-f2923e8aa025@group-6351C7F9EA52-FollowerState] INFO  impl.RoleInfo (RoleInfo.java:shutdownFollowerState(110)) - 9e488448-403c-4c27-a8c6-f2923e8aa025: shutdown 9e488448-403c-4c27-a8c6-f2923e8aa025@group-6351C7F9EA52-FollowerState
2022-05-26 01:44:16,470 [9e488448-403c-4c27-a8c6-f2923e8aa025@group-6351C7F9EA52-FollowerState] INFO  server.RaftServer$Division (RaftServerImpl.java:setRole(299)) - 9e488448-403c-4c27-a8c6-f2923e8aa025@group-6351C7F9EA52: changes role from  FOLLOWER to CANDIDATE at term 0 for changeToCandidate
2022-05-26 01:44:16,471 [9e488448-403c-4c27-a8c6-f2923e8aa025@group-6351C7F9EA52-FollowerState] INFO  server.RaftServerConfigKeys (ConfUtils.java:logGet(46)) - raft.server.leaderelection.pre-vote = false (custom)
2022-05-26 01:44:16,471 [9e488448-403c-4c27-a8c6-f2923e8aa025@group-6351C7F9EA52-FollowerState] INFO  impl.RoleInfo (RoleInfo.java:updateAndGet(139)) - 9e488448-403c-4c27-a8c6-f2923e8aa025: start 9e488448-403c-4c27-a8c6-f2923e8aa025@group-6351C7F9EA52-LeaderElection24
2022-05-26 01:44:16,491 [9e488448-403c-4c27-a8c6-f2923e8aa025@group-6351C7F9EA52-LeaderElection24] INFO  impl.LeaderElection (LeaderElection.java:askForVotes(310)) - 9e488448-403c-4c27-a8c6-f2923e8aa025@group-6351C7F9EA52-LeaderElection24 ELECTION round 0: submit vote requests at term 1 for -1: [9e488448-403c-4c27-a8c6-f2923e8aa025|rpc:10.1.0.18:33371|priority:1], old=null
2022-05-26 01:44:16,491 [9e488448-403c-4c27-a8c6-f2923e8aa025@group-6351C7F9EA52-LeaderElection24] INFO  impl.LeaderElection (LeaderElection.java:askForVotes(312)) - 9e488448-403c-4c27-a8c6-f2923e8aa025@group-6351C7F9EA52-LeaderElection24 ELECTION round 0: result PASSED (term=1)
2022-05-26 01:44:16,491 [9e488448-403c-4c27-a8c6-f2923e8aa025@group-6351C7F9EA52-LeaderElection24] INFO  impl.RoleInfo (RoleInfo.java:shutdownLeaderElection(130)) - 9e488448-403c-4c27-a8c6-f2923e8aa025: shutdown 9e488448-403c-4c27-a8c6-f2923e8aa025@group-6351C7F9EA52-LeaderElection24
2022-05-26 01:44:16,491 [9e488448-403c-4c27-a8c6-f2923e8aa025@group-6351C7F9EA52-LeaderElection24] INFO  server.RaftServer$Division (RaftServerImpl.java:setRole(299)) - 9e488448-403c-4c27-a8c6-f2923e8aa025@group-6351C7F9EA52: changes role from CANDIDATE to LEADER at term 1 for changeToLeader
2022-05-26 01:44:16,491 [9e488448-403c-4c27-a8c6-f2923e8aa025@group-6351C7F9EA52-LeaderElection24] INFO  ratis.XceiverServerRatis (XceiverServerRatis.java:handleLeaderChangedNotification(863)) - Leader change notification received for group: group-6351C7F9EA52 with new leaderId: 9e488448-403c-4c27-a8c6-f2923e8aa025
2022-05-26 01:44:16,492 [9e488448-403c-4c27-a8c6-f2923e8aa025@group-6351C7F9EA52-LeaderElection24] INFO  server.RaftServer$Division (ServerState.java:setLeader(287)) - 9e488448-403c-4c27-a8c6-f2923e8aa025@group-6351C7F9EA52: change Leader from null to 9e488448-403c-4c27-a8c6-f2923e8aa025 at term 1 for becomeLeader, leader elected after 5169ms
2022-05-26 01:44:16,492 [9e488448-403c-4c27-a8c6-f2923e8aa025@group-6351C7F9EA52-LeaderElection24] INFO  server.RaftServerConfigKeys (ConfUtils.java:logGet(46)) - raft.server.staging.catchup.gap = 1000 (default)
2022-05-26 01:44:16,492 [9e488448-403c-4c27-a8c6-f2923e8aa025@group-6351C7F9EA52-LeaderElection24] INFO  server.RaftServerConfigKeys (ConfUtils.java:logGet(46)) - raft.server.write.element-limit = 1024 (custom)
2022-05-26 01:44:16,493 [9e488448-403c-4c27-a8c6-f2923e8aa025@group-6351C7F9EA52-LeaderElection24] INFO  server.RaftServerConfigKeys (ConfUtils.java:logGet(46)) - raft.server.write.byte-limit = 1024 M (=1073741824) (custom)
2022-05-26 01:44:16,493 [EventQueue-OpenPipelineForHealthyPipelineSafeModeRule] INFO  safemode.SCMSafeModeManager (HealthyPipelineSafeModeRule.java:process(124)) - SCM in safe mode. Healthy pipelines reported count is 0, required healthy pipeline reported count is 1
2022-05-26 01:44:16,495 [9e488448-403c-4c27-a8c6-f2923e8aa025@group-6351C7F9EA52-LeaderElection24] INFO  server.RaftServerConfigKeys (ConfUtils.java:logGet(46)) - raft.server.watch.timeout = 180s (custom)
2022-05-26 01:44:16,495 [9e488448-403c-4c27-a8c6-f2923e8aa025@group-6351C7F9EA52-LeaderElection24] INFO  server.RaftServerConfigKeys (ConfUtils.java:logGet(46)) - raft.server.watch.timeout.denomination = 1s (default)
2022-05-26 01:44:16,496 [9e488448-403c-4c27-a8c6-f2923e8aa025@group-6351C7F9EA52-LeaderElection24] INFO  server.RaftServerConfigKeys (ConfUtils.java:logGet(46)) - raft.server.watch.element-limit = 65536 (default)
2022-05-26 01:44:16,496 [9e488448-403c-4c27-a8c6-f2923e8aa025@group-6351C7F9EA52-LeaderElection24] INFO  server.RaftServerConfigKeys (ConfUtils.java:logGet(46)) - raft.server.write.element-limit = 1024 (custom)
2022-05-26 01:44:16,496 [9e488448-403c-4c27-a8c6-f2923e8aa025@group-6351C7F9EA52-LeaderElection24] INFO  server.RaftServerConfigKeys (ConfUtils.java:logGet(46)) - raft.server.write.follower.gap.ratio.max = -1.0 (default)
2022-05-26 01:44:16,497 [9e488448-403c-4c27-a8c6-f2923e8aa025@group-6351C7F9EA52-LeaderElection24] INFO  impl.RoleInfo (RoleInfo.java:updateAndGet(139)) - 9e488448-403c-4c27-a8c6-f2923e8aa025: start 9e488448-403c-4c27-a8c6-f2923e8aa025@group-6351C7F9EA52-LeaderStateImpl
2022-05-26 01:44:16,498 [9e488448-403c-4c27-a8c6-f2923e8aa025@group-6351C7F9EA52-LeaderElection24] INFO  segmented.SegmentedRaftLogWorker (SegmentedRaftLogWorker.java:startLogSegment(425)) - 9e488448-403c-4c27-a8c6-f2923e8aa025@group-6351C7F9EA52-SegmentedRaftLogWorker: Starting segment from index:0
2022-05-26 01:44:16,504 [9e488448-403c-4c27-a8c6-f2923e8aa025@group-6351C7F9EA52-SegmentedRaftLogWorker] INFO  segmented.SegmentedRaftLogWorker (SegmentedRaftLogWorker.java:execute(629)) - 9e488448-403c-4c27-a8c6-f2923e8aa025@group-6351C7F9EA52-SegmentedRaftLogWorker: created new log segment /home/runner/work/ozone/ozone/hadoop-ozone/integration-test/target/test-dir/MiniOzoneClusterImpl-a6c467d1-2397-44e1-8ce0-4bb4627e7e2b/datanode-1/data/ratis/d8563b1b-d24d-4cc6-81bf-6351c7f9ea52/current/log_inprogress_0
2022-05-26 01:44:16,520 [9e488448-403c-4c27-a8c6-f2923e8aa025@group-6351C7F9EA52-LeaderElection24] INFO  server.RaftServer$Division (ServerState.java:setRaftConf(393)) - 9e488448-403c-4c27-a8c6-f2923e8aa025@group-6351C7F9EA52: set configuration 0: [9e488448-403c-4c27-a8c6-f2923e8aa025|rpc:10.1.0.18:33371|dataStream:|priority:1], old=null
2022-05-26 01:44:17,093 [Listener at 127.0.0.1/34495] INFO  ozone.MiniOzoneClusterImpl (MiniOzoneClusterImpl.java:lambda$waitForClusterToBeReady$0(221)) - Nodes are ready. Got 3 of 3 DN Heartbeats.
2022-05-26 01:44:17,093 [Listener at 127.0.0.1/34495] INFO  ozone.MiniOzoneClusterImpl (MiniOzoneClusterImpl.java:lambda$waitForClusterToBeReady$0(224)) - Waiting for cluster to exit safe mode
2022-05-26 01:44:17,093 [Listener at 127.0.0.1/34495] INFO  ozone.MiniOzoneClusterImpl (MiniOzoneClusterImpl.java:lambda$waitForClusterToBeReady$0(226)) - SCM became leader
2022-05-26 01:44:17,326 [abcba7be-10dc-405a-b916-1047518ee4a9@group-31AED82FFF5B-FollowerState] INFO  impl.FollowerState (FollowerState.java:run(143)) - abcba7be-10dc-405a-b916-1047518ee4a9@group-31AED82FFF5B-FollowerState: change to CANDIDATE, lastRpcElapsedTime:5082997886ns, electionTimeout:5070ms
2022-05-26 01:44:17,326 [abcba7be-10dc-405a-b916-1047518ee4a9@group-31AED82FFF5B-FollowerState] INFO  impl.RoleInfo (RoleInfo.java:shutdownFollowerState(110)) - abcba7be-10dc-405a-b916-1047518ee4a9: shutdown abcba7be-10dc-405a-b916-1047518ee4a9@group-31AED82FFF5B-FollowerState
2022-05-26 01:44:17,326 [abcba7be-10dc-405a-b916-1047518ee4a9@group-31AED82FFF5B-FollowerState] INFO  server.RaftServer$Division (RaftServerImpl.java:setRole(299)) - abcba7be-10dc-405a-b916-1047518ee4a9@group-31AED82FFF5B: changes role from  FOLLOWER to CANDIDATE at term 0 for changeToCandidate
2022-05-26 01:44:17,326 [abcba7be-10dc-405a-b916-1047518ee4a9@group-31AED82FFF5B-FollowerState] INFO  server.RaftServerConfigKeys (ConfUtils.java:logGet(46)) - raft.server.leaderelection.pre-vote = false (custom)
2022-05-26 01:44:17,326 [abcba7be-10dc-405a-b916-1047518ee4a9@group-31AED82FFF5B-FollowerState] INFO  impl.RoleInfo (RoleInfo.java:updateAndGet(139)) - abcba7be-10dc-405a-b916-1047518ee4a9: start abcba7be-10dc-405a-b916-1047518ee4a9@group-31AED82FFF5B-LeaderElection25
2022-05-26 01:44:17,356 [abcba7be-10dc-405a-b916-1047518ee4a9@group-31AED82FFF5B-LeaderElection25] INFO  impl.LeaderElection (LeaderElection.java:askForVotes(310)) - abcba7be-10dc-405a-b916-1047518ee4a9@group-31AED82FFF5B-LeaderElection25 ELECTION round 0: submit vote requests at term 1 for -1: [abcba7be-10dc-405a-b916-1047518ee4a9|rpc:10.1.0.18:44915|priority:1], old=null
2022-05-26 01:44:17,356 [abcba7be-10dc-405a-b916-1047518ee4a9@group-31AED82FFF5B-LeaderElection25] INFO  impl.LeaderElection (LeaderElection.java:askForVotes(312)) - abcba7be-10dc-405a-b916-1047518ee4a9@group-31AED82FFF5B-LeaderElection25 ELECTION round 0: result PASSED (term=1)
2022-05-26 01:44:17,356 [abcba7be-10dc-405a-b916-1047518ee4a9@group-31AED82FFF5B-LeaderElection25] INFO  impl.RoleInfo (RoleInfo.java:shutdownLeaderElection(130)) - abcba7be-10dc-405a-b916-1047518ee4a9: shutdown abcba7be-10dc-405a-b916-1047518ee4a9@group-31AED82FFF5B-LeaderElection25
2022-05-26 01:44:17,356 [abcba7be-10dc-405a-b916-1047518ee4a9@group-31AED82FFF5B-LeaderElection25] INFO  server.RaftServer$Division (RaftServerImpl.java:setRole(299)) - abcba7be-10dc-405a-b916-1047518ee4a9@group-31AED82FFF5B: changes role from CANDIDATE to LEADER at term 1 for changeToLeader
2022-05-26 01:44:17,356 [abcba7be-10dc-405a-b916-1047518ee4a9@group-31AED82FFF5B-LeaderElection25] INFO  ratis.XceiverServerRatis (XceiverServerRatis.java:handleLeaderChangedNotification(863)) - Leader change notification received for group: group-31AED82FFF5B with new leaderId: abcba7be-10dc-405a-b916-1047518ee4a9
2022-05-26 01:44:17,356 [abcba7be-10dc-405a-b916-1047518ee4a9@group-31AED82FFF5B-LeaderElection25] INFO  server.RaftServer$Division (ServerState.java:setLeader(287)) - abcba7be-10dc-405a-b916-1047518ee4a9@group-31AED82FFF5B: change Leader from null to abcba7be-10dc-405a-b916-1047518ee4a9 at term 1 for becomeLeader, leader elected after 5142ms
2022-05-26 01:44:17,357 [abcba7be-10dc-405a-b916-1047518ee4a9@group-31AED82FFF5B-LeaderElection25] INFO  server.RaftServerConfigKeys (ConfUtils.java:logGet(46)) - raft.server.staging.catchup.gap = 1000 (default)
2022-05-26 01:44:17,357 [abcba7be-10dc-405a-b916-1047518ee4a9@group-31AED82FFF5B-LeaderElection25] INFO  server.RaftServerConfigKeys (ConfUtils.java:logGet(46)) - raft.server.write.element-limit = 1024 (custom)
2022-05-26 01:44:17,357 [abcba7be-10dc-405a-b916-1047518ee4a9@group-31AED82FFF5B-LeaderElection25] INFO  server.RaftServerConfigKeys (ConfUtils.java:logGet(46)) - raft.server.write.byte-limit = 1024 M (=1073741824) (custom)
2022-05-26 01:44:17,357 [abcba7be-10dc-405a-b916-1047518ee4a9@group-31AED82FFF5B-LeaderElection25] INFO  server.RaftServerConfigKeys (ConfUtils.java:logGet(46)) - raft.server.watch.timeout = 180s (custom)
2022-05-26 01:44:17,357 [abcba7be-10dc-405a-b916-1047518ee4a9@group-31AED82FFF5B-LeaderElection25] INFO  server.RaftServerConfigKeys (ConfUtils.java:logGet(46)) - raft.server.watch.timeout.denomination = 1s (default)
2022-05-26 01:44:17,357 [abcba7be-10dc-405a-b916-1047518ee4a9@group-31AED82FFF5B-LeaderElection25] INFO  server.RaftServerConfigKeys (ConfUtils.java:logGet(46)) - raft.server.watch.element-limit = 65536 (default)
2022-05-26 01:44:17,357 [abcba7be-10dc-405a-b916-1047518ee4a9@group-31AED82FFF5B-LeaderElection25] INFO  server.RaftServerConfigKeys (ConfUtils.java:logGet(46)) - raft.server.write.element-limit = 1024 (custom)
2022-05-26 01:44:17,357 [abcba7be-10dc-405a-b916-1047518ee4a9@group-31AED82FFF5B-LeaderElection25] INFO  server.RaftServerConfigKeys (ConfUtils.java:logGet(46)) - raft.server.write.follower.gap.ratio.max = -1.0 (default)
2022-05-26 01:44:17,357 [abcba7be-10dc-405a-b916-1047518ee4a9@group-31AED82FFF5B-LeaderElection25] INFO  impl.RoleInfo (RoleInfo.java:updateAndGet(139)) - abcba7be-10dc-405a-b916-1047518ee4a9: start abcba7be-10dc-405a-b916-1047518ee4a9@group-31AED82FFF5B-LeaderStateImpl
2022-05-26 01:44:17,358 [abcba7be-10dc-405a-b916-1047518ee4a9@group-31AED82FFF5B-LeaderElection25] INFO  segmented.SegmentedRaftLogWorker (SegmentedRaftLogWorker.java:startLogSegment(425)) - abcba7be-10dc-405a-b916-1047518ee4a9@group-31AED82FFF5B-SegmentedRaftLogWorker: Starting segment from index:0
2022-05-26 01:44:17,359 [EventQueue-OpenPipelineForHealthyPipelineSafeModeRule] INFO  safemode.SCMSafeModeManager (HealthyPipelineSafeModeRule.java:process(124)) - SCM in safe mode. Healthy pipelines reported count is 0, required healthy pipeline reported count is 1
2022-05-26 01:44:17,360 [abcba7be-10dc-405a-b916-1047518ee4a9@group-31AED82FFF5B-SegmentedRaftLogWorker] INFO  segmented.SegmentedRaftLogWorker (SegmentedRaftLogWorker.java:execute(629)) - abcba7be-10dc-405a-b916-1047518ee4a9@group-31AED82FFF5B-SegmentedRaftLogWorker: created new log segment /home/runner/work/ozone/ozone/hadoop-ozone/integration-test/target/test-dir/MiniOzoneClusterImpl-a6c467d1-2397-44e1-8ce0-4bb4627e7e2b/datanode-2/data/ratis/7eb2308d-d660-4520-a18b-31aed82fff5b/current/log_inprogress_0
2022-05-26 01:44:17,377 [abcba7be-10dc-405a-b916-1047518ee4a9@group-31AED82FFF5B-LeaderElection25] INFO  server.RaftServer$Division (ServerState.java:setRaftConf(393)) - abcba7be-10dc-405a-b916-1047518ee4a9@group-31AED82FFF5B: set configuration 0: [abcba7be-10dc-405a-b916-1047518ee4a9|rpc:10.1.0.18:44915|dataStream:|priority:1], old=null
2022-05-26 01:44:18,093 [Listener at 127.0.0.1/34495] INFO  ozone.MiniOzoneClusterImpl (MiniOzoneClusterImpl.java:lambda$waitForClusterToBeReady$0(221)) - Nodes are ready. Got 3 of 3 DN Heartbeats.
2022-05-26 01:44:18,093 [Listener at 127.0.0.1/34495] INFO  ozone.MiniOzoneClusterImpl (MiniOzoneClusterImpl.java:lambda$waitForClusterToBeReady$0(224)) - Waiting for cluster to exit safe mode
2022-05-26 01:44:18,093 [Listener at 127.0.0.1/34495] INFO  ozone.MiniOzoneClusterImpl (MiniOzoneClusterImpl.java:lambda$waitForClusterToBeReady$0(226)) - SCM became leader
2022-05-26 01:44:19,094 [Listener at 127.0.0.1/34495] INFO  ozone.MiniOzoneClusterImpl (MiniOzoneClusterImpl.java:lambda$waitForClusterToBeReady$0(221)) - Nodes are ready. Got 3 of 3 DN Heartbeats.
2022-05-26 01:44:19,094 [Listener at 127.0.0.1/34495] INFO  ozone.MiniOzoneClusterImpl (MiniOzoneClusterImpl.java:lambda$waitForClusterToBeReady$0(224)) - Waiting for cluster to exit safe mode
2022-05-26 01:44:19,094 [Listener at 127.0.0.1/34495] INFO  ozone.MiniOzoneClusterImpl (MiniOzoneClusterImpl.java:lambda$waitForClusterToBeReady$0(226)) - SCM became leader
2022-05-26 01:44:20,094 [Listener at 127.0.0.1/34495] INFO  ozone.MiniOzoneClusterImpl (MiniOzoneClusterImpl.java:lambda$waitForClusterToBeReady$0(221)) - Nodes are ready. Got 3 of 3 DN Heartbeats.
2022-05-26 01:44:20,095 [Listener at 127.0.0.1/34495] INFO  ozone.MiniOzoneClusterImpl (MiniOzoneClusterImpl.java:lambda$waitForClusterToBeReady$0(224)) - Waiting for cluster to exit safe mode
2022-05-26 01:44:20,095 [Listener at 127.0.0.1/34495] INFO  ozone.MiniOzoneClusterImpl (MiniOzoneClusterImpl.java:lambda$waitForClusterToBeReady$0(226)) - SCM became leader
2022-05-26 01:44:20,975 [9e488448-403c-4c27-a8c6-f2923e8aa025@group-B4D433286EBB-FollowerState] INFO  impl.FollowerState (FollowerState.java:run(143)) - 9e488448-403c-4c27-a8c6-f2923e8aa025@group-B4D433286EBB-FollowerState: change to CANDIDATE, lastRpcElapsedTime:5145400350ns, electionTimeout:5126ms
2022-05-26 01:44:20,975 [9e488448-403c-4c27-a8c6-f2923e8aa025@group-B4D433286EBB-FollowerState] INFO  impl.RoleInfo (RoleInfo.java:shutdownFollowerState(110)) - 9e488448-403c-4c27-a8c6-f2923e8aa025: shutdown 9e488448-403c-4c27-a8c6-f2923e8aa025@group-B4D433286EBB-FollowerState
2022-05-26 01:44:20,976 [9e488448-403c-4c27-a8c6-f2923e8aa025@group-B4D433286EBB-FollowerState] INFO  server.RaftServer$Division (RaftServerImpl.java:setRole(299)) - 9e488448-403c-4c27-a8c6-f2923e8aa025@group-B4D433286EBB: changes role from  FOLLOWER to CANDIDATE at term 1 for changeToCandidate
2022-05-26 01:44:20,976 [9e488448-403c-4c27-a8c6-f2923e8aa025@group-B4D433286EBB-FollowerState] INFO  server.RaftServerConfigKeys (ConfUtils.java:logGet(46)) - raft.server.leaderelection.pre-vote = false (custom)
2022-05-26 01:44:20,976 [9e488448-403c-4c27-a8c6-f2923e8aa025@group-B4D433286EBB-FollowerState] INFO  impl.RoleInfo (RoleInfo.java:updateAndGet(139)) - 9e488448-403c-4c27-a8c6-f2923e8aa025: start 9e488448-403c-4c27-a8c6-f2923e8aa025@group-B4D433286EBB-LeaderElection26
2022-05-26 01:44:20,990 [9e488448-403c-4c27-a8c6-f2923e8aa025@group-B4D433286EBB-LeaderElection26] INFO  impl.LeaderElection (LeaderElection.java:askForVotes(310)) - 9e488448-403c-4c27-a8c6-f2923e8aa025@group-B4D433286EBB-LeaderElection26 ELECTION round 0: submit vote requests at term 2 for -1: [9e488448-403c-4c27-a8c6-f2923e8aa025|rpc:10.1.0.18:33371|dataStream:|priority:1, d9576437-3cbb-4170-b2cc-8965e43834d5|rpc:10.1.0.18:42177|dataStream:|priority:0, abcba7be-10dc-405a-b916-1047518ee4a9|rpc:10.1.0.18:44915|dataStream:|priority:0], old=null
2022-05-26 01:44:21,034 [d9576437-3cbb-4170-b2cc-8965e43834d5@group-B4D433286EBB-FollowerState] INFO  impl.FollowerState (FollowerState.java:run(143)) - d9576437-3cbb-4170-b2cc-8965e43834d5@group-B4D433286EBB-FollowerState: change to CANDIDATE, lastRpcElapsedTime:5150457923ns, electionTimeout:5150ms
2022-05-26 01:44:21,035 [d9576437-3cbb-4170-b2cc-8965e43834d5@group-B4D433286EBB-FollowerState] INFO  impl.RoleInfo (RoleInfo.java:shutdownFollowerState(110)) - d9576437-3cbb-4170-b2cc-8965e43834d5: shutdown d9576437-3cbb-4170-b2cc-8965e43834d5@group-B4D433286EBB-FollowerState
2022-05-26 01:44:21,035 [d9576437-3cbb-4170-b2cc-8965e43834d5@group-B4D433286EBB-FollowerState] INFO  server.RaftServer$Division (RaftServerImpl.java:setRole(299)) - d9576437-3cbb-4170-b2cc-8965e43834d5@group-B4D433286EBB: changes role from  FOLLOWER to CANDIDATE at term 1 for changeToCandidate
2022-05-26 01:44:21,035 [d9576437-3cbb-4170-b2cc-8965e43834d5@group-B4D433286EBB-FollowerState] INFO  server.RaftServerConfigKeys (ConfUtils.java:logGet(46)) - raft.server.leaderelection.pre-vote = false (custom)
2022-05-26 01:44:21,035 [d9576437-3cbb-4170-b2cc-8965e43834d5@group-B4D433286EBB-FollowerState] INFO  impl.RoleInfo (RoleInfo.java:updateAndGet(139)) - d9576437-3cbb-4170-b2cc-8965e43834d5: start d9576437-3cbb-4170-b2cc-8965e43834d5@group-B4D433286EBB-LeaderElection27
2022-05-26 01:44:21,047 [abcba7be-10dc-405a-b916-1047518ee4a9@group-B4D433286EBB-FollowerState] INFO  impl.FollowerState (FollowerState.java:run(143)) - abcba7be-10dc-405a-b916-1047518ee4a9@group-B4D433286EBB-FollowerState: change to CANDIDATE, lastRpcElapsedTime:5180794058ns, electionTimeout:5161ms
2022-05-26 01:44:21,050 [grpc-default-executor-0] INFO  server.RaftServer$Division (RaftServerImpl.java:requestVote(1152)) - d9576437-3cbb-4170-b2cc-8965e43834d5@group-B4D433286EBB: receive requestVote(ELECTION, 9e488448-403c-4c27-a8c6-f2923e8aa025, group-B4D433286EBB, 2, (t:0, i:0))
2022-05-26 01:44:21,050 [abcba7be-10dc-405a-b916-1047518ee4a9@group-B4D433286EBB-FollowerState] INFO  impl.RoleInfo (RoleInfo.java:shutdownFollowerState(110)) - abcba7be-10dc-405a-b916-1047518ee4a9: shutdown abcba7be-10dc-405a-b916-1047518ee4a9@group-B4D433286EBB-FollowerState
2022-05-26 01:44:21,050 [abcba7be-10dc-405a-b916-1047518ee4a9@group-B4D433286EBB-FollowerState] INFO  server.RaftServer$Division (RaftServerImpl.java:setRole(299)) - abcba7be-10dc-405a-b916-1047518ee4a9@group-B4D433286EBB: changes role from  FOLLOWER to CANDIDATE at term 1 for changeToCandidate
2022-05-26 01:44:21,050 [abcba7be-10dc-405a-b916-1047518ee4a9@group-B4D433286EBB-FollowerState] INFO  server.RaftServerConfigKeys (ConfUtils.java:logGet(46)) - raft.server.leaderelection.pre-vote = false (custom)
2022-05-26 01:44:21,050 [abcba7be-10dc-405a-b916-1047518ee4a9@group-B4D433286EBB-FollowerState] INFO  impl.RoleInfo (RoleInfo.java:updateAndGet(139)) - abcba7be-10dc-405a-b916-1047518ee4a9: start abcba7be-10dc-405a-b916-1047518ee4a9@group-B4D433286EBB-LeaderElection28
2022-05-26 01:44:21,095 [Listener at 127.0.0.1/34495] INFO  ozone.MiniOzoneClusterImpl (MiniOzoneClusterImpl.java:lambda$waitForClusterToBeReady$0(221)) - Nodes are ready. Got 3 of 3 DN Heartbeats.
2022-05-26 01:44:21,095 [Listener at 127.0.0.1/34495] INFO  ozone.MiniOzoneClusterImpl (MiniOzoneClusterImpl.java:lambda$waitForClusterToBeReady$0(224)) - Waiting for cluster to exit safe mode
2022-05-26 01:44:21,095 [Listener at 127.0.0.1/34495] INFO  ozone.MiniOzoneClusterImpl (MiniOzoneClusterImpl.java:lambda$waitForClusterToBeReady$0(226)) - SCM became leader
2022-05-26 01:44:21,101 [d9576437-3cbb-4170-b2cc-8965e43834d5@group-B4D433286EBB-LeaderElection27] INFO  impl.LeaderElection (LeaderElection.java:askForVotes(310)) - d9576437-3cbb-4170-b2cc-8965e43834d5@group-B4D433286EBB-LeaderElection27 ELECTION round 0: submit vote requests at term 2 for -1: [9e488448-403c-4c27-a8c6-f2923e8aa025|rpc:10.1.0.18:33371|priority:1, d9576437-3cbb-4170-b2cc-8965e43834d5|rpc:10.1.0.18:42177|priority:0, abcba7be-10dc-405a-b916-1047518ee4a9|rpc:10.1.0.18:44915|priority:0], old=null
2022-05-26 01:44:21,102 [grpc-default-executor-0] INFO  impl.VoteContext (VoteContext.java:log(48)) - d9576437-3cbb-4170-b2cc-8965e43834d5@group-B4D433286EBB-CANDIDATE: reject ELECTION from 9e488448-403c-4c27-a8c6-f2923e8aa025: already has voted for d9576437-3cbb-4170-b2cc-8965e43834d5 at current term 2
2022-05-26 01:44:21,102 [grpc-default-executor-0] INFO  server.RaftServer$Division (RaftServerImpl.java:requestVote(1184)) - d9576437-3cbb-4170-b2cc-8965e43834d5@group-B4D433286EBB replies to ELECTION vote request: 9e488448-403c-4c27-a8c6-f2923e8aa025<-d9576437-3cbb-4170-b2cc-8965e43834d5#0:FAIL-t2. Peer's state: d9576437-3cbb-4170-b2cc-8965e43834d5@group-B4D433286EBB:t2, leader=null, voted=d9576437-3cbb-4170-b2cc-8965e43834d5, raftlog=d9576437-3cbb-4170-b2cc-8965e43834d5@group-B4D433286EBB-SegmentedRaftLog:OPENED:c-1, conf=-1: [9e488448-403c-4c27-a8c6-f2923e8aa025|rpc:10.1.0.18:33371|priority:1, d9576437-3cbb-4170-b2cc-8965e43834d5|rpc:10.1.0.18:42177|priority:0, abcba7be-10dc-405a-b916-1047518ee4a9|rpc:10.1.0.18:44915|priority:0], old=null
2022-05-26 01:44:21,119 [grpc-default-executor-0] INFO  server.RaftServer$Division (RaftServerImpl.java:requestVote(1152)) - abcba7be-10dc-405a-b916-1047518ee4a9@group-B4D433286EBB: receive requestVote(ELECTION, 9e488448-403c-4c27-a8c6-f2923e8aa025, group-B4D433286EBB, 2, (t:0, i:0))
2022-05-26 01:44:21,120 [grpc-default-executor-1] INFO  server.RaftServer$Division (RaftServerImpl.java:requestVote(1152)) - 9e488448-403c-4c27-a8c6-f2923e8aa025@group-B4D433286EBB: receive requestVote(ELECTION, d9576437-3cbb-4170-b2cc-8965e43834d5, group-B4D433286EBB, 2, (t:0, i:0))
2022-05-26 01:44:21,128 [grpc-default-executor-1] INFO  impl.VoteContext (VoteContext.java:log(48)) - 9e488448-403c-4c27-a8c6-f2923e8aa025@group-B4D433286EBB-CANDIDATE: reject ELECTION from d9576437-3cbb-4170-b2cc-8965e43834d5: already has voted for 9e488448-403c-4c27-a8c6-f2923e8aa025 at current term 2
2022-05-26 01:44:21,129 [grpc-default-executor-1] INFO  server.RaftServer$Division (RaftServerImpl.java:requestVote(1184)) - 9e488448-403c-4c27-a8c6-f2923e8aa025@group-B4D433286EBB replies to ELECTION vote request: d9576437-3cbb-4170-b2cc-8965e43834d5<-9e488448-403c-4c27-a8c6-f2923e8aa025#0:FAIL-t2. Peer's state: 9e488448-403c-4c27-a8c6-f2923e8aa025@group-B4D433286EBB:t2, leader=null, voted=9e488448-403c-4c27-a8c6-f2923e8aa025, raftlog=9e488448-403c-4c27-a8c6-f2923e8aa025@group-B4D433286EBB-SegmentedRaftLog:OPENED:c-1, conf=-1: [9e488448-403c-4c27-a8c6-f2923e8aa025|rpc:10.1.0.18:33371|dataStream:|priority:1, d9576437-3cbb-4170-b2cc-8965e43834d5|rpc:10.1.0.18:42177|dataStream:|priority:0, abcba7be-10dc-405a-b916-1047518ee4a9|rpc:10.1.0.18:44915|dataStream:|priority:0], old=null
2022-05-26 01:44:21,130 [d9576437-3cbb-4170-b2cc-8965e43834d5@group-B4D433286EBB-LeaderElection27] INFO  impl.LeaderElection (LeaderElection.java:logAndReturn(90)) - d9576437-3cbb-4170-b2cc-8965e43834d5@group-B4D433286EBB-LeaderElection27: ELECTION REJECTED received 1 response(s) and 0 exception(s):
2022-05-26 01:44:21,130 [d9576437-3cbb-4170-b2cc-8965e43834d5@group-B4D433286EBB-LeaderElection27] INFO  impl.LeaderElection (LeaderElection.java:logAndReturn(94)) -   Response 0: d9576437-3cbb-4170-b2cc-8965e43834d5<-9e488448-403c-4c27-a8c6-f2923e8aa025#0:FAIL-t2
2022-05-26 01:44:21,130 [d9576437-3cbb-4170-b2cc-8965e43834d5@group-B4D433286EBB-LeaderElection27] INFO  impl.LeaderElection (LeaderElection.java:askForVotes(312)) - d9576437-3cbb-4170-b2cc-8965e43834d5@group-B4D433286EBB-LeaderElection27 ELECTION round 0: result REJECTED
2022-05-26 01:44:21,130 [d9576437-3cbb-4170-b2cc-8965e43834d5@group-B4D433286EBB-LeaderElection27] INFO  server.RaftServer$Division (RaftServerImpl.java:setRole(299)) - d9576437-3cbb-4170-b2cc-8965e43834d5@group-B4D433286EBB: changes role from CANDIDATE to FOLLOWER at term 2 for REJECTED
2022-05-26 01:44:21,130 [d9576437-3cbb-4170-b2cc-8965e43834d5@group-B4D433286EBB-LeaderElection27] INFO  impl.RoleInfo (RoleInfo.java:shutdownLeaderElection(130)) - d9576437-3cbb-4170-b2cc-8965e43834d5: shutdown d9576437-3cbb-4170-b2cc-8965e43834d5@group-B4D433286EBB-LeaderElection27
2022-05-26 01:44:21,130 [d9576437-3cbb-4170-b2cc-8965e43834d5@group-B4D433286EBB-LeaderElection27] INFO  impl.RoleInfo (RoleInfo.java:updateAndGet(139)) - d9576437-3cbb-4170-b2cc-8965e43834d5: start d9576437-3cbb-4170-b2cc-8965e43834d5@group-B4D433286EBB-FollowerState
2022-05-26 01:44:21,130 [abcba7be-10dc-405a-b916-1047518ee4a9@group-B4D433286EBB-LeaderElection28] INFO  impl.LeaderElection (LeaderElection.java:askForVotes(310)) - abcba7be-10dc-405a-b916-1047518ee4a9@group-B4D433286EBB-LeaderElection28 ELECTION round 0: submit vote requests at term 2 for -1: [9e488448-403c-4c27-a8c6-f2923e8aa025|rpc:10.1.0.18:33371|dataStream:|priority:1, d9576437-3cbb-4170-b2cc-8965e43834d5|rpc:10.1.0.18:42177|dataStream:|priority:0, abcba7be-10dc-405a-b916-1047518ee4a9|rpc:10.1.0.18:44915|dataStream:|priority:0], old=null
2022-05-26 01:44:21,152 [grpc-default-executor-0] INFO  impl.VoteContext (VoteContext.java:log(48)) - abcba7be-10dc-405a-b916-1047518ee4a9@group-B4D433286EBB-CANDIDATE: reject ELECTION from 9e488448-403c-4c27-a8c6-f2923e8aa025: already has voted for abcba7be-10dc-405a-b916-1047518ee4a9 at current term 2
2022-05-26 01:44:21,152 [grpc-default-executor-0] INFO  server.RaftServer$Division (RaftServerImpl.java:requestVote(1184)) - abcba7be-10dc-405a-b916-1047518ee4a9@group-B4D433286EBB replies to ELECTION vote request: 9e488448-403c-4c27-a8c6-f2923e8aa025<-abcba7be-10dc-405a-b916-1047518ee4a9#0:FAIL-t2. Peer's state: abcba7be-10dc-405a-b916-1047518ee4a9@group-B4D433286EBB:t2, leader=null, voted=abcba7be-10dc-405a-b916-1047518ee4a9, raftlog=abcba7be-10dc-405a-b916-1047518ee4a9@group-B4D433286EBB-SegmentedRaftLog:OPENED:c-1, conf=-1: [9e488448-403c-4c27-a8c6-f2923e8aa025|rpc:10.1.0.18:33371|dataStream:|priority:1, d9576437-3cbb-4170-b2cc-8965e43834d5|rpc:10.1.0.18:42177|dataStream:|priority:0, abcba7be-10dc-405a-b916-1047518ee4a9|rpc:10.1.0.18:44915|dataStream:|priority:0], old=null
2022-05-26 01:44:21,174 [9e488448-403c-4c27-a8c6-f2923e8aa025@group-B4D433286EBB-LeaderElection26] INFO  impl.LeaderElection (LeaderElection.java:logAndReturn(90)) - 9e488448-403c-4c27-a8c6-f2923e8aa025@group-B4D433286EBB-LeaderElection26: ELECTION REJECTED received 2 response(s) and 0 exception(s):
2022-05-26 01:44:21,195 [9e488448-403c-4c27-a8c6-f2923e8aa025@group-B4D433286EBB-LeaderElection26] INFO  impl.LeaderElection (LeaderElection.java:logAndReturn(94)) -   Response 0: 9e488448-403c-4c27-a8c6-f2923e8aa025<-d9576437-3cbb-4170-b2cc-8965e43834d5#0:FAIL-t2
2022-05-26 01:44:21,195 [9e488448-403c-4c27-a8c6-f2923e8aa025@group-B4D433286EBB-LeaderElection26] INFO  impl.LeaderElection (LeaderElection.java:logAndReturn(94)) -   Response 1: 9e488448-403c-4c27-a8c6-f2923e8aa025<-abcba7be-10dc-405a-b916-1047518ee4a9#0:FAIL-t2
2022-05-26 01:44:21,195 [9e488448-403c-4c27-a8c6-f2923e8aa025@group-B4D433286EBB-LeaderElection26] INFO  impl.LeaderElection (LeaderElection.java:askForVotes(312)) - 9e488448-403c-4c27-a8c6-f2923e8aa025@group-B4D433286EBB-LeaderElection26 ELECTION round 0: result REJECTED
2022-05-26 01:44:21,195 [9e488448-403c-4c27-a8c6-f2923e8aa025@group-B4D433286EBB-LeaderElection26] INFO  server.RaftServer$Division (RaftServerImpl.java:setRole(299)) - 9e488448-403c-4c27-a8c6-f2923e8aa025@group-B4D433286EBB: changes role from CANDIDATE to FOLLOWER at term 2 for REJECTED
2022-05-26 01:44:21,195 [9e488448-403c-4c27-a8c6-f2923e8aa025@group-B4D433286EBB-LeaderElection26] INFO  impl.RoleInfo (RoleInfo.java:shutdownLeaderElection(130)) - 9e488448-403c-4c27-a8c6-f2923e8aa025: shutdown 9e488448-403c-4c27-a8c6-f2923e8aa025@group-B4D433286EBB-LeaderElection26
2022-05-26 01:44:21,195 [9e488448-403c-4c27-a8c6-f2923e8aa025@group-B4D433286EBB-LeaderElection26] INFO  impl.RoleInfo (RoleInfo.java:updateAndGet(139)) - 9e488448-403c-4c27-a8c6-f2923e8aa025: start 9e488448-403c-4c27-a8c6-f2923e8aa025@group-B4D433286EBB-FollowerState
2022-05-26 01:44:21,196 [grpc-default-executor-0] INFO  server.RaftServer$Division (RaftServerImpl.java:requestVote(1152)) - abcba7be-10dc-405a-b916-1047518ee4a9@group-B4D433286EBB: receive requestVote(ELECTION, d9576437-3cbb-4170-b2cc-8965e43834d5, group-B4D433286EBB, 2, (t:0, i:0))
2022-05-26 01:44:21,203 [grpc-default-executor-2] INFO  server.RaftServer$Division (RaftServerImpl.java:requestVote(1152)) - 9e488448-403c-4c27-a8c6-f2923e8aa025@group-B4D433286EBB: receive requestVote(ELECTION, abcba7be-10dc-405a-b916-1047518ee4a9, group-B4D433286EBB, 2, (t:0, i:0))
2022-05-26 01:44:21,205 [grpc-default-executor-2] INFO  impl.VoteContext (VoteContext.java:log(48)) - 9e488448-403c-4c27-a8c6-f2923e8aa025@group-B4D433286EBB-FOLLOWER: reject ELECTION from abcba7be-10dc-405a-b916-1047518ee4a9: already has voted for 9e488448-403c-4c27-a8c6-f2923e8aa025 at current term 2
2022-05-26 01:44:21,205 [grpc-default-executor-2] INFO  server.RaftServer$Division (RaftServerImpl.java:requestVote(1184)) - 9e488448-403c-4c27-a8c6-f2923e8aa025@group-B4D433286EBB replies to ELECTION vote request: abcba7be-10dc-405a-b916-1047518ee4a9<-9e488448-403c-4c27-a8c6-f2923e8aa025#0:FAIL-t2. Peer's state: 9e488448-403c-4c27-a8c6-f2923e8aa025@group-B4D433286EBB:t2, leader=null, voted=9e488448-403c-4c27-a8c6-f2923e8aa025, raftlog=9e488448-403c-4c27-a8c6-f2923e8aa025@group-B4D433286EBB-SegmentedRaftLog:OPENED:c-1, conf=-1: [9e488448-403c-4c27-a8c6-f2923e8aa025|rpc:10.1.0.18:33371|dataStream:|priority:1, d9576437-3cbb-4170-b2cc-8965e43834d5|rpc:10.1.0.18:42177|dataStream:|priority:0, abcba7be-10dc-405a-b916-1047518ee4a9|rpc:10.1.0.18:44915|dataStream:|priority:0], old=null
2022-05-26 01:44:21,196 [grpc-default-executor-1] INFO  server.RaftServer$Division (RaftServerImpl.java:requestVote(1152)) - d9576437-3cbb-4170-b2cc-8965e43834d5@group-B4D433286EBB: receive requestVote(ELECTION, abcba7be-10dc-405a-b916-1047518ee4a9, group-B4D433286EBB, 2, (t:0, i:0))
2022-05-26 01:44:21,206 [grpc-default-executor-1] INFO  impl.VoteContext (VoteContext.java:log(48)) - d9576437-3cbb-4170-b2cc-8965e43834d5@group-B4D433286EBB-FOLLOWER: reject ELECTION from abcba7be-10dc-405a-b916-1047518ee4a9: already has voted for d9576437-3cbb-4170-b2cc-8965e43834d5 at current term 2
2022-05-26 01:44:21,206 [grpc-default-executor-1] INFO  server.RaftServer$Division (RaftServerImpl.java:requestVote(1184)) - d9576437-3cbb-4170-b2cc-8965e43834d5@group-B4D433286EBB replies to ELECTION vote request: abcba7be-10dc-405a-b916-1047518ee4a9<-d9576437-3cbb-4170-b2cc-8965e43834d5#0:FAIL-t2. Peer's state: d9576437-3cbb-4170-b2cc-8965e43834d5@group-B4D433286EBB:t2, leader=null, voted=d9576437-3cbb-4170-b2cc-8965e43834d5, raftlog=d9576437-3cbb-4170-b2cc-8965e43834d5@group-B4D433286EBB-SegmentedRaftLog:OPENED:c-1, conf=-1: [9e488448-403c-4c27-a8c6-f2923e8aa025|rpc:10.1.0.18:33371|priority:1, d9576437-3cbb-4170-b2cc-8965e43834d5|rpc:10.1.0.18:42177|priority:0, abcba7be-10dc-405a-b916-1047518ee4a9|rpc:10.1.0.18:44915|priority:0], old=null
2022-05-26 01:44:21,204 [grpc-default-executor-0] INFO  impl.VoteContext (VoteContext.java:log(48)) - abcba7be-10dc-405a-b916-1047518ee4a9@group-B4D433286EBB-CANDIDATE: reject ELECTION from d9576437-3cbb-4170-b2cc-8965e43834d5: already has voted for abcba7be-10dc-405a-b916-1047518ee4a9 at current term 2
2022-05-26 01:44:21,208 [grpc-default-executor-0] INFO  server.RaftServer$Division (RaftServerImpl.java:requestVote(1184)) - abcba7be-10dc-405a-b916-1047518ee4a9@group-B4D433286EBB replies to ELECTION vote request: d9576437-3cbb-4170-b2cc-8965e43834d5<-abcba7be-10dc-405a-b916-1047518ee4a9#0:FAIL-t2. Peer's state: abcba7be-10dc-405a-b916-1047518ee4a9@group-B4D433286EBB:t2, leader=null, voted=abcba7be-10dc-405a-b916-1047518ee4a9, raftlog=abcba7be-10dc-405a-b916-1047518ee4a9@group-B4D433286EBB-SegmentedRaftLog:OPENED:c-1, conf=-1: [9e488448-403c-4c27-a8c6-f2923e8aa025|rpc:10.1.0.18:33371|dataStream:|priority:1, d9576437-3cbb-4170-b2cc-8965e43834d5|rpc:10.1.0.18:42177|dataStream:|priority:0, abcba7be-10dc-405a-b916-1047518ee4a9|rpc:10.1.0.18:44915|dataStream:|priority:0], old=null
2022-05-26 01:44:21,208 [abcba7be-10dc-405a-b916-1047518ee4a9@group-B4D433286EBB-LeaderElection28] INFO  impl.LeaderElection (LeaderElection.java:logAndReturn(90)) - abcba7be-10dc-405a-b916-1047518ee4a9@group-B4D433286EBB-LeaderElection28: ELECTION REJECTED received 1 response(s) and 0 exception(s):
2022-05-26 01:44:21,209 [abcba7be-10dc-405a-b916-1047518ee4a9@group-B4D433286EBB-LeaderElection28] INFO  impl.LeaderElection (LeaderElection.java:logAndReturn(94)) -   Response 0: abcba7be-10dc-405a-b916-1047518ee4a9<-9e488448-403c-4c27-a8c6-f2923e8aa025#0:FAIL-t2
2022-05-26 01:44:21,209 [abcba7be-10dc-405a-b916-1047518ee4a9@group-B4D433286EBB-LeaderElection28] INFO  impl.LeaderElection (LeaderElection.java:askForVotes(312)) - abcba7be-10dc-405a-b916-1047518ee4a9@group-B4D433286EBB-LeaderElection28 ELECTION round 0: result REJECTED
2022-05-26 01:44:21,209 [abcba7be-10dc-405a-b916-1047518ee4a9@group-B4D433286EBB-LeaderElection28] INFO  server.RaftServer$Division (RaftServerImpl.java:setRole(299)) - abcba7be-10dc-405a-b916-1047518ee4a9@group-B4D433286EBB: changes role from CANDIDATE to FOLLOWER at term 2 for REJECTED
2022-05-26 01:44:21,209 [abcba7be-10dc-405a-b916-1047518ee4a9@group-B4D433286EBB-LeaderElection28] INFO  impl.RoleInfo (RoleInfo.java:shutdownLeaderElection(130)) - abcba7be-10dc-405a-b916-1047518ee4a9: shutdown abcba7be-10dc-405a-b916-1047518ee4a9@group-B4D433286EBB-LeaderElection28
2022-05-26 01:44:21,209 [abcba7be-10dc-405a-b916-1047518ee4a9@group-B4D433286EBB-LeaderElection28] INFO  impl.RoleInfo (RoleInfo.java:updateAndGet(139)) - abcba7be-10dc-405a-b916-1047518ee4a9: start abcba7be-10dc-405a-b916-1047518ee4a9@group-B4D433286EBB-FollowerState
2022-05-26 01:44:21,352 [d9576437-3cbb-4170-b2cc-8965e43834d5@group-56DD1FC4AA1B-FollowerState] INFO  impl.FollowerState (FollowerState.java:run(143)) - d9576437-3cbb-4170-b2cc-8965e43834d5@group-56DD1FC4AA1B-FollowerState: change to CANDIDATE, lastRpcElapsedTime:5127677493ns, electionTimeout:5107ms
2022-05-26 01:44:21,353 [d9576437-3cbb-4170-b2cc-8965e43834d5@group-56DD1FC4AA1B-FollowerState] INFO  impl.RoleInfo (RoleInfo.java:shutdownFollowerState(110)) - d9576437-3cbb-4170-b2cc-8965e43834d5: shutdown d9576437-3cbb-4170-b2cc-8965e43834d5@group-56DD1FC4AA1B-FollowerState
2022-05-26 01:44:21,353 [d9576437-3cbb-4170-b2cc-8965e43834d5@group-56DD1FC4AA1B-FollowerState] INFO  server.RaftServer$Division (RaftServerImpl.java:setRole(299)) - d9576437-3cbb-4170-b2cc-8965e43834d5@group-56DD1FC4AA1B: changes role from  FOLLOWER to CANDIDATE at term 1 for changeToCandidate
2022-05-26 01:44:21,353 [d9576437-3cbb-4170-b2cc-8965e43834d5@group-56DD1FC4AA1B-FollowerState] INFO  server.RaftServerConfigKeys (ConfUtils.java:logGet(46)) - raft.server.leaderelection.pre-vote = false (custom)
2022-05-26 01:44:21,353 [d9576437-3cbb-4170-b2cc-8965e43834d5@group-56DD1FC4AA1B-FollowerState] INFO  impl.RoleInfo (RoleInfo.java:updateAndGet(139)) - d9576437-3cbb-4170-b2cc-8965e43834d5: start d9576437-3cbb-4170-b2cc-8965e43834d5@group-56DD1FC4AA1B-LeaderElection29
2022-05-26 01:44:21,373 [d9576437-3cbb-4170-b2cc-8965e43834d5@group-56DD1FC4AA1B-LeaderElection29] INFO  impl.LeaderElection (LeaderElection.java:askForVotes(310)) - d9576437-3cbb-4170-b2cc-8965e43834d5@group-56DD1FC4AA1B-LeaderElection29 ELECTION round 0: submit vote requests at term 2 for -1: [9e488448-403c-4c27-a8c6-f2923e8aa025|rpc:10.1.0.18:33371|priority:0, d9576437-3cbb-4170-b2cc-8965e43834d5|rpc:10.1.0.18:42177|priority:0, abcba7be-10dc-405a-b916-1047518ee4a9|rpc:10.1.0.18:44915|priority:1], old=null
2022-05-26 01:44:21,396 [grpc-default-executor-0] INFO  server.RaftServer$Division (RaftServerImpl.java:requestVote(1152)) - 9e488448-403c-4c27-a8c6-f2923e8aa025@group-56DD1FC4AA1B: receive requestVote(ELECTION, d9576437-3cbb-4170-b2cc-8965e43834d5, group-56DD1FC4AA1B, 2, (t:0, i:0))
2022-05-26 01:44:21,396 [grpc-default-executor-0] INFO  impl.VoteContext (VoteContext.java:log(48)) - 9e488448-403c-4c27-a8c6-f2923e8aa025@group-56DD1FC4AA1B-FOLLOWER: accept ELECTION from d9576437-3cbb-4170-b2cc-8965e43834d5: our priority 0 <= candidate's priority 0
2022-05-26 01:44:21,396 [grpc-default-executor-0] INFO  server.RaftServer$Division (RaftServerImpl.java:setRole(299)) - 9e488448-403c-4c27-a8c6-f2923e8aa025@group-56DD1FC4AA1B: changes role from  FOLLOWER to FOLLOWER at term 2 for candidate:d9576437-3cbb-4170-b2cc-8965e43834d5
2022-05-26 01:44:21,396 [grpc-default-executor-0] INFO  impl.RoleInfo (RoleInfo.java:shutdownFollowerState(110)) - 9e488448-403c-4c27-a8c6-f2923e8aa025: shutdown 9e488448-403c-4c27-a8c6-f2923e8aa025@group-56DD1FC4AA1B-FollowerState
2022-05-26 01:44:21,396 [9e488448-403c-4c27-a8c6-f2923e8aa025@group-56DD1FC4AA1B-FollowerState] INFO  impl.FollowerState (FollowerState.java:run(152)) - 9e488448-403c-4c27-a8c6-f2923e8aa025@group-56DD1FC4AA1B-FollowerState was interrupted
2022-05-26 01:44:21,396 [grpc-default-executor-0] INFO  impl.RoleInfo (RoleInfo.java:updateAndGet(139)) - 9e488448-403c-4c27-a8c6-f2923e8aa025: start 9e488448-403c-4c27-a8c6-f2923e8aa025@group-56DD1FC4AA1B-FollowerState
2022-05-26 01:44:21,401 [abcba7be-10dc-405a-b916-1047518ee4a9@group-56DD1FC4AA1B-FollowerState] INFO  impl.FollowerState (FollowerState.java:run(143)) - abcba7be-10dc-405a-b916-1047518ee4a9@group-56DD1FC4AA1B-FollowerState: change to CANDIDATE, lastRpcElapsedTime:5204035687ns, electionTimeout:5182ms
2022-05-26 01:44:21,401 [grpc-default-executor-0] INFO  server.RaftServer$Division (RaftServerImpl.java:requestVote(1184)) - 9e488448-403c-4c27-a8c6-f2923e8aa025@group-56DD1FC4AA1B replies to ELECTION vote request: d9576437-3cbb-4170-b2cc-8965e43834d5<-9e488448-403c-4c27-a8c6-f2923e8aa025#0:OK-t2. Peer's state: 9e488448-403c-4c27-a8c6-f2923e8aa025@group-56DD1FC4AA1B:t2, leader=null, voted=d9576437-3cbb-4170-b2cc-8965e43834d5, raftlog=9e488448-403c-4c27-a8c6-f2923e8aa025@group-56DD1FC4AA1B-SegmentedRaftLog:OPENED:c-1, conf=-1: [9e488448-403c-4c27-a8c6-f2923e8aa025|rpc:10.1.0.18:33371|dataStream:|priority:0, d9576437-3cbb-4170-b2cc-8965e43834d5|rpc:10.1.0.18:42177|dataStream:|priority:0, abcba7be-10dc-405a-b916-1047518ee4a9|rpc:10.1.0.18:44915|dataStream:|priority:1], old=null
2022-05-26 01:44:21,401 [abcba7be-10dc-405a-b916-1047518ee4a9@group-56DD1FC4AA1B-FollowerState] INFO  impl.RoleInfo (RoleInfo.java:shutdownFollowerState(110)) - abcba7be-10dc-405a-b916-1047518ee4a9: shutdown abcba7be-10dc-405a-b916-1047518ee4a9@group-56DD1FC4AA1B-FollowerState
2022-05-26 01:44:21,401 [abcba7be-10dc-405a-b916-1047518ee4a9@group-56DD1FC4AA1B-FollowerState] INFO  server.RaftServer$Division (RaftServerImpl.java:setRole(299)) - abcba7be-10dc-405a-b916-1047518ee4a9@group-56DD1FC4AA1B: changes role from  FOLLOWER to CANDIDATE at term 1 for changeToCandidate
2022-05-26 01:44:21,401 [abcba7be-10dc-405a-b916-1047518ee4a9@group-56DD1FC4AA1B-FollowerState] INFO  server.RaftServerConfigKeys (ConfUtils.java:logGet(46)) - raft.server.leaderelection.pre-vote = false (custom)
2022-05-26 01:44:21,401 [abcba7be-10dc-405a-b916-1047518ee4a9@group-56DD1FC4AA1B-FollowerState] INFO  impl.RoleInfo (RoleInfo.java:updateAndGet(139)) - abcba7be-10dc-405a-b916-1047518ee4a9: start abcba7be-10dc-405a-b916-1047518ee4a9@group-56DD1FC4AA1B-LeaderElection30
2022-05-26 01:44:21,424 [abcba7be-10dc-405a-b916-1047518ee4a9@group-56DD1FC4AA1B-LeaderElection30] INFO  impl.LeaderElection (LeaderElection.java:askForVotes(310)) - abcba7be-10dc-405a-b916-1047518ee4a9@group-56DD1FC4AA1B-LeaderElection30 ELECTION round 0: submit vote requests at term 2 for -1: [9e488448-403c-4c27-a8c6-f2923e8aa025|rpc:10.1.0.18:33371|dataStream:|priority:0, d9576437-3cbb-4170-b2cc-8965e43834d5|rpc:10.1.0.18:42177|dataStream:|priority:0, abcba7be-10dc-405a-b916-1047518ee4a9|rpc:10.1.0.18:44915|dataStream:|priority:1], old=null
2022-05-26 01:44:21,429 [grpc-default-executor-1] INFO  server.RaftServer$Division (RaftServerImpl.java:requestVote(1152)) - abcba7be-10dc-405a-b916-1047518ee4a9@group-56DD1FC4AA1B: receive requestVote(ELECTION, d9576437-3cbb-4170-b2cc-8965e43834d5, group-56DD1FC4AA1B, 2, (t:0, i:0))
2022-05-26 01:44:21,429 [grpc-default-executor-1] INFO  impl.VoteContext (VoteContext.java:log(48)) - abcba7be-10dc-405a-b916-1047518ee4a9@group-56DD1FC4AA1B-CANDIDATE: reject ELECTION from d9576437-3cbb-4170-b2cc-8965e43834d5: already has voted for abcba7be-10dc-405a-b916-1047518ee4a9 at current term 2
2022-05-26 01:44:21,429 [grpc-default-executor-1] INFO  server.RaftServer$Division (RaftServerImpl.java:requestVote(1184)) - abcba7be-10dc-405a-b916-1047518ee4a9@group-56DD1FC4AA1B replies to ELECTION vote request: d9576437-3cbb-4170-b2cc-8965e43834d5<-abcba7be-10dc-405a-b916-1047518ee4a9#0:FAIL-t2. Peer's state: abcba7be-10dc-405a-b916-1047518ee4a9@group-56DD1FC4AA1B:t2, leader=null, voted=abcba7be-10dc-405a-b916-1047518ee4a9, raftlog=abcba7be-10dc-405a-b916-1047518ee4a9@group-56DD1FC4AA1B-SegmentedRaftLog:OPENED:c-1, conf=-1: [9e488448-403c-4c27-a8c6-f2923e8aa025|rpc:10.1.0.18:33371|dataStream:|priority:0, d9576437-3cbb-4170-b2cc-8965e43834d5|rpc:10.1.0.18:42177|dataStream:|priority:0, abcba7be-10dc-405a-b916-1047518ee4a9|rpc:10.1.0.18:44915|dataStream:|priority:1], old=null
2022-05-26 01:44:21,446 [grpc-default-executor-1] INFO  server.RaftServer$Division (RaftServerImpl.java:requestVote(1152)) - 9e488448-403c-4c27-a8c6-f2923e8aa025@group-56DD1FC4AA1B: receive requestVote(ELECTION, abcba7be-10dc-405a-b916-1047518ee4a9, group-56DD1FC4AA1B, 2, (t:0, i:0))
2022-05-26 01:44:21,446 [grpc-default-executor-1] INFO  impl.VoteContext (VoteContext.java:log(48)) - 9e488448-403c-4c27-a8c6-f2923e8aa025@group-56DD1FC4AA1B-FOLLOWER: reject ELECTION from abcba7be-10dc-405a-b916-1047518ee4a9: already has voted for d9576437-3cbb-4170-b2cc-8965e43834d5 at current term 2
2022-05-26 01:44:21,446 [grpc-default-executor-1] INFO  server.RaftServer$Division (RaftServerImpl.java:requestVote(1184)) - 9e488448-403c-4c27-a8c6-f2923e8aa025@group-56DD1FC4AA1B replies to ELECTION vote request: abcba7be-10dc-405a-b916-1047518ee4a9<-9e488448-403c-4c27-a8c6-f2923e8aa025#0:FAIL-t2. Peer's state: 9e488448-403c-4c27-a8c6-f2923e8aa025@group-56DD1FC4AA1B:t2, leader=null, voted=d9576437-3cbb-4170-b2cc-8965e43834d5, raftlog=9e488448-403c-4c27-a8c6-f2923e8aa025@group-56DD1FC4AA1B-SegmentedRaftLog:OPENED:c-1, conf=-1: [9e488448-403c-4c27-a8c6-f2923e8aa025|rpc:10.1.0.18:33371|dataStream:|priority:0, d9576437-3cbb-4170-b2cc-8965e43834d5|rpc:10.1.0.18:42177|dataStream:|priority:0, abcba7be-10dc-405a-b916-1047518ee4a9|rpc:10.1.0.18:44915|dataStream:|priority:1], old=null
2022-05-26 01:44:21,446 [d9576437-3cbb-4170-b2cc-8965e43834d5@group-56DD1FC4AA1B-LeaderElection29] INFO  impl.LeaderElection (LeaderElection.java:logAndReturn(90)) - d9576437-3cbb-4170-b2cc-8965e43834d5@group-56DD1FC4AA1B-LeaderElection29: ELECTION REJECTED received 2 response(s) and 0 exception(s):
2022-05-26 01:44:21,448 [d9576437-3cbb-4170-b2cc-8965e43834d5@group-56DD1FC4AA1B-LeaderElection29] INFO  impl.LeaderElection (LeaderElection.java:logAndReturn(94)) -   Response 0: d9576437-3cbb-4170-b2cc-8965e43834d5<-9e488448-403c-4c27-a8c6-f2923e8aa025#0:OK-t2
2022-05-26 01:44:21,448 [d9576437-3cbb-4170-b2cc-8965e43834d5@group-56DD1FC4AA1B-LeaderElection29] INFO  impl.LeaderElection (LeaderElection.java:logAndReturn(94)) -   Response 1: d9576437-3cbb-4170-b2cc-8965e43834d5<-abcba7be-10dc-405a-b916-1047518ee4a9#0:FAIL-t2
2022-05-26 01:44:21,448 [d9576437-3cbb-4170-b2cc-8965e43834d5@group-56DD1FC4AA1B-LeaderElection29] INFO  impl.LeaderElection (LeaderElection.java:askForVotes(312)) - d9576437-3cbb-4170-b2cc-8965e43834d5@group-56DD1FC4AA1B-LeaderElection29 ELECTION round 0: result REJECTED
2022-05-26 01:44:21,448 [d9576437-3cbb-4170-b2cc-8965e43834d5@group-56DD1FC4AA1B-LeaderElection29] INFO  server.RaftServer$Division (RaftServerImpl.java:setRole(299)) - d9576437-3cbb-4170-b2cc-8965e43834d5@group-56DD1FC4AA1B: changes role from CANDIDATE to FOLLOWER at term 2 for REJECTED
2022-05-26 01:44:21,448 [d9576437-3cbb-4170-b2cc-8965e43834d5@group-56DD1FC4AA1B-LeaderElection29] INFO  impl.RoleInfo (RoleInfo.java:shutdownLeaderElection(130)) - d9576437-3cbb-4170-b2cc-8965e43834d5: shutdown d9576437-3cbb-4170-b2cc-8965e43834d5@group-56DD1FC4AA1B-LeaderElection29
2022-05-26 01:44:21,448 [d9576437-3cbb-4170-b2cc-8965e43834d5@group-56DD1FC4AA1B-LeaderElection29] INFO  impl.RoleInfo (RoleInfo.java:updateAndGet(139)) - d9576437-3cbb-4170-b2cc-8965e43834d5: start d9576437-3cbb-4170-b2cc-8965e43834d5@group-56DD1FC4AA1B-FollowerState
2022-05-26 01:44:21,472 [grpc-default-executor-1] INFO  server.RaftServer$Division (RaftServerImpl.java:requestVote(1152)) - d9576437-3cbb-4170-b2cc-8965e43834d5@group-56DD1FC4AA1B: receive requestVote(ELECTION, abcba7be-10dc-405a-b916-1047518ee4a9, group-56DD1FC4AA1B, 2, (t:0, i:0))
2022-05-26 01:44:21,473 [grpc-default-executor-1] INFO  impl.VoteContext (VoteContext.java:log(48)) - d9576437-3cbb-4170-b2cc-8965e43834d5@group-56DD1FC4AA1B-FOLLOWER: reject ELECTION from abcba7be-10dc-405a-b916-1047518ee4a9: already has voted for d9576437-3cbb-4170-b2cc-8965e43834d5 at current term 2
2022-05-26 01:44:21,473 [grpc-default-executor-1] INFO  server.RaftServer$Division (RaftServerImpl.java:requestVote(1184)) - d9576437-3cbb-4170-b2cc-8965e43834d5@group-56DD1FC4AA1B replies to ELECTION vote request: abcba7be-10dc-405a-b916-1047518ee4a9<-d9576437-3cbb-4170-b2cc-8965e43834d5#0:FAIL-t2. Peer's state: d9576437-3cbb-4170-b2cc-8965e43834d5@group-56DD1FC4AA1B:t2, leader=null, voted=d9576437-3cbb-4170-b2cc-8965e43834d5, raftlog=d9576437-3cbb-4170-b2cc-8965e43834d5@group-56DD1FC4AA1B-SegmentedRaftLog:OPENED:c-1, conf=-1: [9e488448-403c-4c27-a8c6-f2923e8aa025|rpc:10.1.0.18:33371|priority:0, d9576437-3cbb-4170-b2cc-8965e43834d5|rpc:10.1.0.18:42177|priority:0, abcba7be-10dc-405a-b916-1047518ee4a9|rpc:10.1.0.18:44915|priority:1], old=null
2022-05-26 01:44:21,494 [abcba7be-10dc-405a-b916-1047518ee4a9@group-56DD1FC4AA1B-LeaderElection30] INFO  impl.LeaderElection (LeaderElection.java:logAndReturn(90)) - abcba7be-10dc-405a-b916-1047518ee4a9@group-56DD1FC4AA1B-LeaderElection30: ELECTION REJECTED received 2 response(s) and 0 exception(s):
2022-05-26 01:44:21,494 [abcba7be-10dc-405a-b916-1047518ee4a9@group-56DD1FC4AA1B-LeaderElection30] INFO  impl.LeaderElection (LeaderElection.java:logAndReturn(94)) -   Response 0: abcba7be-10dc-405a-b916-1047518ee4a9<-9e488448-403c-4c27-a8c6-f2923e8aa025#0:FAIL-t2
2022-05-26 01:44:21,494 [abcba7be-10dc-405a-b916-1047518ee4a9@group-56DD1FC4AA1B-LeaderElection30] INFO  impl.LeaderElection (LeaderElection.java:logAndReturn(94)) -   Response 1: abcba7be-10dc-405a-b916-1047518ee4a9<-d9576437-3cbb-4170-b2cc-8965e43834d5#0:FAIL-t2
2022-05-26 01:44:21,494 [abcba7be-10dc-405a-b916-1047518ee4a9@group-56DD1FC4AA1B-LeaderElection30] INFO  impl.LeaderElection (LeaderElection.java:askForVotes(312)) - abcba7be-10dc-405a-b916-1047518ee4a9@group-56DD1FC4AA1B-LeaderElection30 ELECTION round 0: result REJECTED
2022-05-26 01:44:21,494 [abcba7be-10dc-405a-b916-1047518ee4a9@group-56DD1FC4AA1B-LeaderElection30] INFO  server.RaftServer$Division (RaftServerImpl.java:setRole(299)) - abcba7be-10dc-405a-b916-1047518ee4a9@group-56DD1FC4AA1B: changes role from CANDIDATE to FOLLOWER at term 2 for REJECTED
2022-05-26 01:44:21,494 [abcba7be-10dc-405a-b916-1047518ee4a9@group-56DD1FC4AA1B-LeaderElection30] INFO  impl.RoleInfo (RoleInfo.java:shutdownLeaderElection(130)) - abcba7be-10dc-405a-b916-1047518ee4a9: shutdown abcba7be-10dc-405a-b916-1047518ee4a9@group-56DD1FC4AA1B-LeaderElection30
2022-05-26 01:44:21,494 [abcba7be-10dc-405a-b916-1047518ee4a9@group-56DD1FC4AA1B-LeaderElection30] INFO  impl.RoleInfo (RoleInfo.java:updateAndGet(139)) - abcba7be-10dc-405a-b916-1047518ee4a9: start abcba7be-10dc-405a-b916-1047518ee4a9@group-56DD1FC4AA1B-FollowerState
2022-05-26 01:44:22,095 [Listener at 127.0.0.1/34495] INFO  ozone.MiniOzoneClusterImpl (MiniOzoneClusterImpl.java:lambda$waitForClusterToBeReady$0(221)) - Nodes are ready. Got 3 of 3 DN Heartbeats.
2022-05-26 01:44:22,096 [Listener at 127.0.0.1/34495] INFO  ozone.MiniOzoneClusterImpl (MiniOzoneClusterImpl.java:lambda$waitForClusterToBeReady$0(224)) - Waiting for cluster to exit safe mode
2022-05-26 01:44:22,097 [Listener at 127.0.0.1/34495] INFO  ozone.MiniOzoneClusterImpl (MiniOzoneClusterImpl.java:lambda$waitForClusterToBeReady$0(226)) - SCM became leader
2022-05-26 01:44:23,097 [Listener at 127.0.0.1/34495] INFO  ozone.MiniOzoneClusterImpl (MiniOzoneClusterImpl.java:lambda$waitForClusterToBeReady$0(221)) - Nodes are ready. Got 3 of 3 DN Heartbeats.
2022-05-26 01:44:23,097 [Listener at 127.0.0.1/34495] INFO  ozone.MiniOzoneClusterImpl (MiniOzoneClusterImpl.java:lambda$waitForClusterToBeReady$0(224)) - Waiting for cluster to exit safe mode
2022-05-26 01:44:23,097 [Listener at 127.0.0.1/34495] INFO  ozone.MiniOzoneClusterImpl (MiniOzoneClusterImpl.java:lambda$waitForClusterToBeReady$0(226)) - SCM became leader
2022-05-26 01:44:24,097 [Listener at 127.0.0.1/34495] INFO  ozone.MiniOzoneClusterImpl (MiniOzoneClusterImpl.java:lambda$waitForClusterToBeReady$0(221)) - Nodes are ready. Got 3 of 3 DN Heartbeats.
2022-05-26 01:44:24,098 [Listener at 127.0.0.1/34495] INFO  ozone.MiniOzoneClusterImpl (MiniOzoneClusterImpl.java:lambda$waitForClusterToBeReady$0(224)) - Waiting for cluster to exit safe mode
2022-05-26 01:44:24,098 [Listener at 127.0.0.1/34495] INFO  ozone.MiniOzoneClusterImpl (MiniOzoneClusterImpl.java:lambda$waitForClusterToBeReady$0(226)) - SCM became leader
2022-05-26 01:44:25,098 [Listener at 127.0.0.1/34495] INFO  ozone.MiniOzoneClusterImpl (MiniOzoneClusterImpl.java:lambda$waitForClusterToBeReady$0(221)) - Nodes are ready. Got 3 of 3 DN Heartbeats.
2022-05-26 01:44:25,098 [Listener at 127.0.0.1/34495] INFO  ozone.MiniOzoneClusterImpl (MiniOzoneClusterImpl.java:lambda$waitForClusterToBeReady$0(224)) - Waiting for cluster to exit safe mode
2022-05-26 01:44:25,098 [Listener at 127.0.0.1/34495] INFO  ozone.MiniOzoneClusterImpl (MiniOzoneClusterImpl.java:lambda$waitForClusterToBeReady$0(226)) - SCM became leader
2022-05-26 01:44:26,098 [Listener at 127.0.0.1/34495] INFO  ozone.MiniOzoneClusterImpl (MiniOzoneClusterImpl.java:lambda$waitForClusterToBeReady$0(221)) - Nodes are ready. Got 3 of 3 DN Heartbeats.
2022-05-26 01:44:26,099 [Listener at 127.0.0.1/34495] INFO  ozone.MiniOzoneClusterImpl (MiniOzoneClusterImpl.java:lambda$waitForClusterToBeReady$0(224)) - Waiting for cluster to exit safe mode
2022-05-26 01:44:26,099 [Listener at 127.0.0.1/34495] INFO  ozone.MiniOzoneClusterImpl (MiniOzoneClusterImpl.java:lambda$waitForClusterToBeReady$0(226)) - SCM became leader
2022-05-26 01:44:26,204 [9e488448-403c-4c27-a8c6-f2923e8aa025@group-B4D433286EBB-FollowerState] INFO  impl.FollowerState (FollowerState.java:run(143)) - 9e488448-403c-4c27-a8c6-f2923e8aa025@group-B4D433286EBB-FollowerState: change to CANDIDATE, lastRpcElapsedTime:5008767450ns, electionTimeout:5001ms
2022-05-26 01:44:26,204 [9e488448-403c-4c27-a8c6-f2923e8aa025@group-B4D433286EBB-FollowerState] INFO  impl.RoleInfo (RoleInfo.java:shutdownFollowerState(110)) - 9e488448-403c-4c27-a8c6-f2923e8aa025: shutdown 9e488448-403c-4c27-a8c6-f2923e8aa025@group-B4D433286EBB-FollowerState
2022-05-26 01:44:26,204 [9e488448-403c-4c27-a8c6-f2923e8aa025@group-B4D433286EBB-FollowerState] INFO  server.RaftServer$Division (RaftServerImpl.java:setRole(299)) - 9e488448-403c-4c27-a8c6-f2923e8aa025@group-B4D433286EBB: changes role from  FOLLOWER to CANDIDATE at term 2 for changeToCandidate
2022-05-26 01:44:26,204 [9e488448-403c-4c27-a8c6-f2923e8aa025@group-B4D433286EBB-FollowerState] INFO  server.RaftServerConfigKeys (ConfUtils.java:logGet(46)) - raft.server.leaderelection.pre-vote = false (custom)
2022-05-26 01:44:26,205 [9e488448-403c-4c27-a8c6-f2923e8aa025@group-B4D433286EBB-FollowerState] INFO  impl.RoleInfo (RoleInfo.java:updateAndGet(139)) - 9e488448-403c-4c27-a8c6-f2923e8aa025: start 9e488448-403c-4c27-a8c6-f2923e8aa025@group-B4D433286EBB-LeaderElection31
2022-05-26 01:44:26,218 [9e488448-403c-4c27-a8c6-f2923e8aa025@group-B4D433286EBB-LeaderElection31] INFO  impl.LeaderElection (LeaderElection.java:askForVotes(310)) - 9e488448-403c-4c27-a8c6-f2923e8aa025@group-B4D433286EBB-LeaderElection31 ELECTION round 0: submit vote requests at term 3 for -1: [9e488448-403c-4c27-a8c6-f2923e8aa025|rpc:10.1.0.18:33371|dataStream:|priority:1, d9576437-3cbb-4170-b2cc-8965e43834d5|rpc:10.1.0.18:42177|dataStream:|priority:0, abcba7be-10dc-405a-b916-1047518ee4a9|rpc:10.1.0.18:44915|dataStream:|priority:0], old=null
2022-05-26 01:44:26,253 [grpc-default-executor-1] INFO  server.RaftServer$Division (RaftServerImpl.java:requestVote(1152)) - d9576437-3cbb-4170-b2cc-8965e43834d5@group-B4D433286EBB: receive requestVote(ELECTION, 9e488448-403c-4c27-a8c6-f2923e8aa025, group-B4D433286EBB, 3, (t:0, i:0))
2022-05-26 01:44:26,253 [grpc-default-executor-1] INFO  impl.VoteContext (VoteContext.java:log(48)) - d9576437-3cbb-4170-b2cc-8965e43834d5@group-B4D433286EBB-FOLLOWER: accept ELECTION from 9e488448-403c-4c27-a8c6-f2923e8aa025: our priority 0 <= candidate's priority 1
2022-05-26 01:44:26,253 [grpc-default-executor-1] INFO  server.RaftServer$Division (RaftServerImpl.java:setRole(299)) - d9576437-3cbb-4170-b2cc-8965e43834d5@group-B4D433286EBB: changes role from  FOLLOWER to FOLLOWER at term 3 for candidate:9e488448-403c-4c27-a8c6-f2923e8aa025
2022-05-26 01:44:26,253 [grpc-default-executor-1] INFO  impl.RoleInfo (RoleInfo.java:shutdownFollowerState(110)) - d9576437-3cbb-4170-b2cc-8965e43834d5: shutdown d9576437-3cbb-4170-b2cc-8965e43834d5@group-B4D433286EBB-FollowerState
2022-05-26 01:44:26,253 [grpc-default-executor-1] INFO  impl.RoleInfo (RoleInfo.java:updateAndGet(139)) - d9576437-3cbb-4170-b2cc-8965e43834d5: start d9576437-3cbb-4170-b2cc-8965e43834d5@group-B4D433286EBB-FollowerState
2022-05-26 01:44:26,253 [d9576437-3cbb-4170-b2cc-8965e43834d5@group-B4D433286EBB-FollowerState] INFO  impl.FollowerState (FollowerState.java:run(152)) - d9576437-3cbb-4170-b2cc-8965e43834d5@group-B4D433286EBB-FollowerState was interrupted
2022-05-26 01:44:26,276 [grpc-default-executor-1] INFO  server.RaftServer$Division (RaftServerImpl.java:requestVote(1184)) - d9576437-3cbb-4170-b2cc-8965e43834d5@group-B4D433286EBB replies to ELECTION vote request: 9e488448-403c-4c27-a8c6-f2923e8aa025<-d9576437-3cbb-4170-b2cc-8965e43834d5#0:OK-t3. Peer's state: d9576437-3cbb-4170-b2cc-8965e43834d5@group-B4D433286EBB:t3, leader=null, voted=9e488448-403c-4c27-a8c6-f2923e8aa025, raftlog=d9576437-3cbb-4170-b2cc-8965e43834d5@group-B4D433286EBB-SegmentedRaftLog:OPENED:c-1, conf=-1: [9e488448-403c-4c27-a8c6-f2923e8aa025|rpc:10.1.0.18:33371|priority:1, d9576437-3cbb-4170-b2cc-8965e43834d5|rpc:10.1.0.18:42177|priority:0, abcba7be-10dc-405a-b916-1047518ee4a9|rpc:10.1.0.18:44915|priority:0], old=null
2022-05-26 01:44:26,288 [grpc-default-executor-1] INFO  server.RaftServer$Division (RaftServerImpl.java:requestVote(1152)) - abcba7be-10dc-405a-b916-1047518ee4a9@group-B4D433286EBB: receive requestVote(ELECTION, 9e488448-403c-4c27-a8c6-f2923e8aa025, group-B4D433286EBB, 3, (t:0, i:0))
2022-05-26 01:44:26,288 [grpc-default-executor-1] INFO  impl.VoteContext (VoteContext.java:log(48)) - abcba7be-10dc-405a-b916-1047518ee4a9@group-B4D433286EBB-FOLLOWER: accept ELECTION from 9e488448-403c-4c27-a8c6-f2923e8aa025: our priority 0 <= candidate's priority 1
2022-05-26 01:44:26,288 [grpc-default-executor-1] INFO  server.RaftServer$Division (RaftServerImpl.java:setRole(299)) - abcba7be-10dc-405a-b916-1047518ee4a9@group-B4D433286EBB: changes role from  FOLLOWER to FOLLOWER at term 3 for candidate:9e488448-403c-4c27-a8c6-f2923e8aa025
2022-05-26 01:44:26,288 [grpc-default-executor-1] INFO  impl.RoleInfo (RoleInfo.java:shutdownFollowerState(110)) - abcba7be-10dc-405a-b916-1047518ee4a9: shutdown abcba7be-10dc-405a-b916-1047518ee4a9@group-B4D433286EBB-FollowerState
2022-05-26 01:44:26,288 [grpc-default-executor-1] INFO  impl.RoleInfo (RoleInfo.java:updateAndGet(139)) - abcba7be-10dc-405a-b916-1047518ee4a9: start abcba7be-10dc-405a-b916-1047518ee4a9@group-B4D433286EBB-FollowerState
2022-05-26 01:44:26,288 [abcba7be-10dc-405a-b916-1047518ee4a9@group-B4D433286EBB-FollowerState] INFO  impl.FollowerState (FollowerState.java:run(152)) - abcba7be-10dc-405a-b916-1047518ee4a9@group-B4D433286EBB-FollowerState was interrupted
2022-05-26 01:44:26,301 [9e488448-403c-4c27-a8c6-f2923e8aa025@group-B4D433286EBB-LeaderElection31] INFO  impl.LeaderElection (LeaderElection.java:logAndReturn(90)) - 9e488448-403c-4c27-a8c6-f2923e8aa025@group-B4D433286EBB-LeaderElection31: ELECTION PASSED received 1 response(s) and 0 exception(s):
2022-05-26 01:44:26,314 [9e488448-403c-4c27-a8c6-f2923e8aa025@group-B4D433286EBB-LeaderElection31] INFO  impl.LeaderElection (LeaderElection.java:logAndReturn(94)) -   Response 0: 9e488448-403c-4c27-a8c6-f2923e8aa025<-d9576437-3cbb-4170-b2cc-8965e43834d5#0:OK-t3
2022-05-26 01:44:26,314 [9e488448-403c-4c27-a8c6-f2923e8aa025@group-B4D433286EBB-LeaderElection31] INFO  impl.LeaderElection (LeaderElection.java:askForVotes(312)) - 9e488448-403c-4c27-a8c6-f2923e8aa025@group-B4D433286EBB-LeaderElection31 ELECTION round 0: result PASSED
2022-05-26 01:44:26,314 [9e488448-403c-4c27-a8c6-f2923e8aa025@group-B4D433286EBB-LeaderElection31] INFO  impl.RoleInfo (RoleInfo.java:shutdownLeaderElection(130)) - 9e488448-403c-4c27-a8c6-f2923e8aa025: shutdown 9e488448-403c-4c27-a8c6-f2923e8aa025@group-B4D433286EBB-LeaderElection31
2022-05-26 01:44:26,314 [9e488448-403c-4c27-a8c6-f2923e8aa025@group-B4D433286EBB-LeaderElection31] INFO  server.RaftServer$Division (RaftServerImpl.java:setRole(299)) - 9e488448-403c-4c27-a8c6-f2923e8aa025@group-B4D433286EBB: changes role from CANDIDATE to LEADER at term 3 for changeToLeader
2022-05-26 01:44:26,314 [9e488448-403c-4c27-a8c6-f2923e8aa025@group-B4D433286EBB-LeaderElection31] INFO  ratis.XceiverServerRatis (XceiverServerRatis.java:handleLeaderChangedNotification(863)) - Leader change notification received for group: group-B4D433286EBB with new leaderId: 9e488448-403c-4c27-a8c6-f2923e8aa025
2022-05-26 01:44:26,314 [9e488448-403c-4c27-a8c6-f2923e8aa025@group-B4D433286EBB-LeaderElection31] INFO  server.RaftServer$Division (ServerState.java:setLeader(287)) - 9e488448-403c-4c27-a8c6-f2923e8aa025@group-B4D433286EBB: change Leader from null to 9e488448-403c-4c27-a8c6-f2923e8aa025 at term 3 for becomeLeader, leader elected after 15549ms
2022-05-26 01:44:26,314 [9e488448-403c-4c27-a8c6-f2923e8aa025@group-B4D433286EBB-LeaderElection31] INFO  server.RaftServerConfigKeys (ConfUtils.java:logGet(46)) - raft.server.staging.catchup.gap = 1000 (default)
2022-05-26 01:44:26,315 [9e488448-403c-4c27-a8c6-f2923e8aa025@group-B4D433286EBB-LeaderElection31] INFO  server.RaftServerConfigKeys (ConfUtils.java:logGet(46)) - raft.server.write.element-limit = 1024 (custom)
2022-05-26 01:44:26,315 [9e488448-403c-4c27-a8c6-f2923e8aa025@group-B4D433286EBB-LeaderElection31] INFO  server.RaftServerConfigKeys (ConfUtils.java:logGet(46)) - raft.server.write.byte-limit = 1024 M (=1073741824) (custom)
2022-05-26 01:44:26,315 [9e488448-403c-4c27-a8c6-f2923e8aa025@group-B4D433286EBB-LeaderElection31] INFO  server.RaftServerConfigKeys (ConfUtils.java:logGet(46)) - raft.server.watch.timeout = 180s (custom)
2022-05-26 01:44:26,315 [9e488448-403c-4c27-a8c6-f2923e8aa025@group-B4D433286EBB-LeaderElection31] INFO  server.RaftServerConfigKeys (ConfUtils.java:logGet(46)) - raft.server.watch.timeout.denomination = 1s (default)
2022-05-26 01:44:26,315 [9e488448-403c-4c27-a8c6-f2923e8aa025@group-B4D433286EBB-LeaderElection31] INFO  server.RaftServerConfigKeys (ConfUtils.java:logGet(46)) - raft.server.watch.element-limit = 65536 (default)
2022-05-26 01:44:26,315 [9e488448-403c-4c27-a8c6-f2923e8aa025@group-B4D433286EBB-LeaderElection31] INFO  server.RaftServerConfigKeys (ConfUtils.java:logGet(46)) - raft.server.write.element-limit = 1024 (custom)
2022-05-26 01:44:26,315 [9e488448-403c-4c27-a8c6-f2923e8aa025@group-B4D433286EBB-LeaderElection31] INFO  server.RaftServerConfigKeys (ConfUtils.java:logGet(46)) - raft.server.write.follower.gap.ratio.max = -1.0 (default)
2022-05-26 01:44:26,316 [9e488448-403c-4c27-a8c6-f2923e8aa025@group-B4D433286EBB-LeaderElection31] INFO  server.RaftServerConfigKeys (ConfUtils.java:logGet(46)) - raft.server.log.appender.snapshot.chunk.size.max = 16MB (=16777216) (default)
2022-05-26 01:44:26,316 [9e488448-403c-4c27-a8c6-f2923e8aa025@group-B4D433286EBB-LeaderElection31] INFO  server.RaftServerConfigKeys (ConfUtils.java:logGet(46)) - raft.server.log.appender.buffer.byte-limit = 33554432 (custom)
2022-05-26 01:44:26,316 [9e488448-403c-4c27-a8c6-f2923e8aa025@group-B4D433286EBB-LeaderElection31] INFO  server.RaftServerConfigKeys (ConfUtils.java:logGet(46)) - raft.server.log.appender.buffer.element-limit = 1 (custom)
2022-05-26 01:44:26,314 [grpc-default-executor-1] INFO  server.RaftServer$Division (RaftServerImpl.java:requestVote(1184)) - abcba7be-10dc-405a-b916-1047518ee4a9@group-B4D433286EBB replies to ELECTION vote request: 9e488448-403c-4c27-a8c6-f2923e8aa025<-abcba7be-10dc-405a-b916-1047518ee4a9#0:OK-t3. Peer's state: abcba7be-10dc-405a-b916-1047518ee4a9@group-B4D433286EBB:t3, leader=null, voted=9e488448-403c-4c27-a8c6-f2923e8aa025, raftlog=abcba7be-10dc-405a-b916-1047518ee4a9@group-B4D433286EBB-SegmentedRaftLog:OPENED:c-1, conf=-1: [9e488448-403c-4c27-a8c6-f2923e8aa025|rpc:10.1.0.18:33371|dataStream:|priority:1, d9576437-3cbb-4170-b2cc-8965e43834d5|rpc:10.1.0.18:42177|dataStream:|priority:0, abcba7be-10dc-405a-b916-1047518ee4a9|rpc:10.1.0.18:44915|dataStream:|priority:0], old=null
2022-05-26 01:44:26,317 [EventQueue-PipelineReportForPipelineReportHandler] INFO  pipeline.PipelineManagerImpl (PipelineManagerImpl.java:openPipeline(336)) - Pipeline Pipeline[ Id: 1a694b44-7d19-439d-a3f0-b4d433286ebb, Nodes: 9e488448-403c-4c27-a8c6-f2923e8aa025{ip: 10.1.0.18, host: fv-az270-854.tacnzluakwdehk1hpragurqkma.bx.internal.cloudapp.net, ports: [REPLICATION=38595, RATIS=33371, RATIS_ADMIN=33371, RATIS_SERVER=33371, STANDALONE=40539], networkLocation: /default-rack, certSerialId: null, persistedOpState: IN_SERVICE, persistedOpStateExpiryEpochSec: 0}abcba7be-10dc-405a-b916-1047518ee4a9{ip: 10.1.0.18, host: fv-az270-854.tacnzluakwdehk1hpragurqkma.bx.internal.cloudapp.net, ports: [REPLICATION=38477, RATIS=44915, RATIS_ADMIN=44915, RATIS_SERVER=44915, STANDALONE=36447], networkLocation: /default-rack, certSerialId: null, persistedOpState: IN_SERVICE, persistedOpStateExpiryEpochSec: 0}d9576437-3cbb-4170-b2cc-8965e43834d5{ip: 10.1.0.18, host: fv-az270-854.tacnzluakwdehk1hpragurqkma.bx.internal.cloudapp.net, ports: [REPLICATION=42757, RATIS=42177, RATIS_ADMIN=42177, RATIS_SERVER=42177, STANDALONE=33197], networkLocation: /default-rack, certSerialId: null, persistedOpState: IN_SERVICE, persistedOpStateExpiryEpochSec: 0}, ReplicationConfig: RATIS/THREE, State:ALLOCATED, leaderId:9e488448-403c-4c27-a8c6-f2923e8aa025, CreationTimestamp2022-05-26T01:44:09.211Z[Etc/UTC]] moved to OPEN state
2022-05-26 01:44:26,331 [9e488448-403c-4c27-a8c6-f2923e8aa025@group-B4D433286EBB-LeaderElection31] INFO  grpc.GrpcConfigKeys (ConfUtils.java:logGet(46)) - raft.grpc.server.leader.outstanding.appends.max = 128 (default)
2022-05-26 01:44:26,332 [9e488448-403c-4c27-a8c6-f2923e8aa025@group-B4D433286EBB-LeaderElection31] INFO  server.RaftServerConfigKeys (ConfUtils.java:logGet(46)) - raft.server.rpc.request.timeout = 60s (custom)
2022-05-26 01:44:26,333 [9e488448-403c-4c27-a8c6-f2923e8aa025@group-B4D433286EBB-LeaderElection31] INFO  server.RaftServerConfigKeys (ConfUtils.java:logGet(46)) - raft.server.log.appender.install.snapshot.enabled = false (custom)
2022-05-26 01:44:26,333 [9e488448-403c-4c27-a8c6-f2923e8aa025@group-B4D433286EBB-LeaderElection31] INFO  server.RaftServerConfigKeys (ConfUtils.java:logGet(46)) - raft.server.log.appender.snapshot.chunk.size.max = 16MB (=16777216) (default)
2022-05-26 01:44:26,337 [9e488448-403c-4c27-a8c6-f2923e8aa025@group-B4D433286EBB-LeaderElection31] INFO  server.RaftServerConfigKeys (ConfUtils.java:logGet(46)) - raft.server.log.appender.buffer.byte-limit = 33554432 (custom)
2022-05-26 01:44:26,337 [9e488448-403c-4c27-a8c6-f2923e8aa025@group-B4D433286EBB-LeaderElection31] INFO  server.RaftServerConfigKeys (ConfUtils.java:logGet(46)) - raft.server.log.appender.buffer.element-limit = 1 (custom)
2022-05-26 01:44:26,337 [9e488448-403c-4c27-a8c6-f2923e8aa025@group-B4D433286EBB-LeaderElection31] INFO  grpc.GrpcConfigKeys (ConfUtils.java:logGet(46)) - raft.grpc.server.leader.outstanding.appends.max = 128 (default)
2022-05-26 01:44:26,337 [9e488448-403c-4c27-a8c6-f2923e8aa025@group-B4D433286EBB-LeaderElection31] INFO  server.RaftServerConfigKeys (ConfUtils.java:logGet(46)) - raft.server.rpc.request.timeout = 60s (custom)
2022-05-26 01:44:26,337 [9e488448-403c-4c27-a8c6-f2923e8aa025@group-B4D433286EBB-LeaderElection31] INFO  server.RaftServerConfigKeys (ConfUtils.java:logGet(46)) - raft.server.log.appender.install.snapshot.enabled = false (custom)
2022-05-26 01:44:26,337 [9e488448-403c-4c27-a8c6-f2923e8aa025@group-B4D433286EBB-LeaderElection31] INFO  impl.RoleInfo (RoleInfo.java:updateAndGet(139)) - 9e488448-403c-4c27-a8c6-f2923e8aa025: start 9e488448-403c-4c27-a8c6-f2923e8aa025@group-B4D433286EBB-LeaderStateImpl
2022-05-26 01:44:26,337 [9e488448-403c-4c27-a8c6-f2923e8aa025@group-B4D433286EBB-LeaderElection31] INFO  segmented.SegmentedRaftLogWorker (SegmentedRaftLogWorker.java:startLogSegment(425)) - 9e488448-403c-4c27-a8c6-f2923e8aa025@group-B4D433286EBB-SegmentedRaftLogWorker: Starting segment from index:0
2022-05-26 01:44:26,339 [EventQueue-OpenPipelineForHealthyPipelineSafeModeRule] INFO  safemode.SCMSafeModeManager (HealthyPipelineSafeModeRule.java:process(124)) - SCM in safe mode. Healthy pipelines reported count is 0, required healthy pipeline reported count is 1
2022-05-26 01:44:26,340 [9e488448-403c-4c27-a8c6-f2923e8aa025@group-B4D433286EBB-SegmentedRaftLogWorker] INFO  segmented.SegmentedRaftLogWorker (SegmentedRaftLogWorker.java:execute(629)) - 9e488448-403c-4c27-a8c6-f2923e8aa025@group-B4D433286EBB-SegmentedRaftLogWorker: created new log segment /home/runner/work/ozone/ozone/hadoop-ozone/integration-test/target/test-dir/MiniOzoneClusterImpl-a6c467d1-2397-44e1-8ce0-4bb4627e7e2b/datanode-1/data/ratis/1a694b44-7d19-439d-a3f0-b4d433286ebb/current/log_inprogress_0
2022-05-26 01:44:26,356 [9e488448-403c-4c27-a8c6-f2923e8aa025@group-B4D433286EBB-LeaderElection31] INFO  server.RaftServer$Division (ServerState.java:setRaftConf(393)) - 9e488448-403c-4c27-a8c6-f2923e8aa025@group-B4D433286EBB: set configuration 0: [9e488448-403c-4c27-a8c6-f2923e8aa025|rpc:10.1.0.18:33371|dataStream:|priority:1, d9576437-3cbb-4170-b2cc-8965e43834d5|rpc:10.1.0.18:42177|dataStream:|priority:0, abcba7be-10dc-405a-b916-1047518ee4a9|rpc:10.1.0.18:44915|dataStream:|priority:0], old=null
2022-05-26 01:44:26,357 [EventQueue-OpenPipelineForHealthyPipelineSafeModeRule] INFO  safemode.SCMSafeModeManager (HealthyPipelineSafeModeRule.java:process(124)) - SCM in safe mode. Healthy pipelines reported count is 1, required healthy pipeline reported count is 1
2022-05-26 01:44:26,357 [EventQueue-OpenPipelineForHealthyPipelineSafeModeRule] INFO  safemode.SCMSafeModeManager (SCMSafeModeManager.java:validateSafeModeExitRules(204)) - HealthyPipelineSafeModeRule rule is successfully validated
2022-05-26 01:44:26,357 [EventQueue-OpenPipelineForHealthyPipelineSafeModeRule] INFO  safemode.SCMSafeModeManager (SCMSafeModeManager.java:validateSafeModeExitRules(219)) - ScmSafeModeManager, all rules are successfully validated
2022-05-26 01:44:26,357 [EventQueue-OpenPipelineForHealthyPipelineSafeModeRule] INFO  safemode.SCMSafeModeManager (SCMSafeModeManager.java:exitSafeMode(248)) - SCM exiting safe mode.
2022-05-26 01:44:26,357 [EventQueue-OpenPipelineForHealthyPipelineSafeModeRule] WARN  events.EventQueue (EventQueue.java:fireEvent(194)) - No event handler registered for event TypedEvent{payloadType=SafeModeStatus, name='Safe mode status'}
2022-05-26 01:44:26,357 [EventQueue-OpenPipelineForHealthyPipelineSafeModeRule] INFO  ha.SCMContext (SCMContext.java:updateSafeModeStatus(211)) - Update SafeModeStatus from SafeModeStatus{safeModeStatus=true, preCheckPassed=true} to SafeModeStatus{safeModeStatus=false, preCheckPassed=true}.
2022-05-26 01:44:26,357 [EventQueue-OpenPipelineForHealthyPipelineSafeModeRule] INFO  pipeline.BackgroundPipelineCreator (BackgroundPipelineCreator.java:notifyStatusChanged(251)) - Service BackgroundPipelineCreator transitions to RUNNING.
2022-05-26 01:44:26,357 [EventQueue-OpenPipelineForHealthyPipelineSafeModeRule] INFO  pipeline.BackgroundPipelineScrubber (BackgroundPipelineScrubber.java:notifyStatusChanged(88)) - Service BackgroundPipelineScrubber transitions to RUNNING.
2022-05-26 01:44:26,357 [EventQueue-OpenPipelineForHealthyPipelineSafeModeRule] INFO  ExpiredContainerReplicaOpScrubber (BackgroundSCMService.java:notifyStatusChanged(82)) - Service ExpiredContainerReplicaOpScrubber transitions to RUNNING.
2022-05-26 01:44:26,357 [EventQueue-OpenPipelineForHealthyPipelineSafeModeRule] INFO  replication.ReplicationManager (ReplicationManager.java:notifyStatusChanged(372)) - Service ReplicationManager transitions to RUNNING.
2022-05-26 01:44:26,393 [d9576437-3cbb-4170-b2cc-8965e43834d5-server-thread1] INFO  ratis.XceiverServerRatis (XceiverServerRatis.java:handleLeaderChangedNotification(863)) - Leader change notification received for group: group-B4D433286EBB with new leaderId: 9e488448-403c-4c27-a8c6-f2923e8aa025
2022-05-26 01:44:26,393 [d9576437-3cbb-4170-b2cc-8965e43834d5-server-thread1] INFO  server.RaftServer$Division (ServerState.java:setLeader(287)) - d9576437-3cbb-4170-b2cc-8965e43834d5@group-B4D433286EBB: change Leader from null to 9e488448-403c-4c27-a8c6-f2923e8aa025 at term 3 for appendEntries, leader elected after 15771ms
2022-05-26 01:44:26,404 [abcba7be-10dc-405a-b916-1047518ee4a9-server-thread1] INFO  ratis.XceiverServerRatis (XceiverServerRatis.java:handleLeaderChangedNotification(863)) - Leader change notification received for group: group-B4D433286EBB with new leaderId: 9e488448-403c-4c27-a8c6-f2923e8aa025
2022-05-26 01:44:26,404 [abcba7be-10dc-405a-b916-1047518ee4a9-server-thread1] INFO  server.RaftServer$Division (ServerState.java:setLeader(287)) - abcba7be-10dc-405a-b916-1047518ee4a9@group-B4D433286EBB: change Leader from null to 9e488448-403c-4c27-a8c6-f2923e8aa025 at term 3 for appendEntries, leader elected after 15457ms
2022-05-26 01:44:26,419 [d9576437-3cbb-4170-b2cc-8965e43834d5-server-thread1] INFO  server.RaftServer$Division (ServerState.java:setRaftConf(393)) - d9576437-3cbb-4170-b2cc-8965e43834d5@group-B4D433286EBB: set configuration 0: [9e488448-403c-4c27-a8c6-f2923e8aa025|rpc:10.1.0.18:33371|dataStream:|priority:1, d9576437-3cbb-4170-b2cc-8965e43834d5|rpc:10.1.0.18:42177|dataStream:|priority:0, abcba7be-10dc-405a-b916-1047518ee4a9|rpc:10.1.0.18:44915|dataStream:|priority:0], old=null
2022-05-26 01:44:26,419 [d9576437-3cbb-4170-b2cc-8965e43834d5-server-thread1] INFO  segmented.SegmentedRaftLogWorker (SegmentedRaftLogWorker.java:startLogSegment(425)) - d9576437-3cbb-4170-b2cc-8965e43834d5@group-B4D433286EBB-SegmentedRaftLogWorker: Starting segment from index:0
2022-05-26 01:44:26,420 [d9576437-3cbb-4170-b2cc-8965e43834d5@group-B4D433286EBB-SegmentedRaftLogWorker] INFO  segmented.SegmentedRaftLogWorker (SegmentedRaftLogWorker.java:execute(629)) - d9576437-3cbb-4170-b2cc-8965e43834d5@group-B4D433286EBB-SegmentedRaftLogWorker: created new log segment /home/runner/work/ozone/ozone/hadoop-ozone/integration-test/target/test-dir/MiniOzoneClusterImpl-a6c467d1-2397-44e1-8ce0-4bb4627e7e2b/datanode-0/data/ratis/1a694b44-7d19-439d-a3f0-b4d433286ebb/current/log_inprogress_0
2022-05-26 01:44:26,436 [abcba7be-10dc-405a-b916-1047518ee4a9-server-thread1] INFO  server.RaftServer$Division (ServerState.java:setRaftConf(393)) - abcba7be-10dc-405a-b916-1047518ee4a9@group-B4D433286EBB: set configuration 0: [9e488448-403c-4c27-a8c6-f2923e8aa025|rpc:10.1.0.18:33371|dataStream:|priority:1, d9576437-3cbb-4170-b2cc-8965e43834d5|rpc:10.1.0.18:42177|dataStream:|priority:0, abcba7be-10dc-405a-b916-1047518ee4a9|rpc:10.1.0.18:44915|dataStream:|priority:0], old=null
2022-05-26 01:44:26,436 [abcba7be-10dc-405a-b916-1047518ee4a9-server-thread1] INFO  segmented.SegmentedRaftLogWorker (SegmentedRaftLogWorker.java:startLogSegment(425)) - abcba7be-10dc-405a-b916-1047518ee4a9@group-B4D433286EBB-SegmentedRaftLogWorker: Starting segment from index:0
2022-05-26 01:44:26,454 [abcba7be-10dc-405a-b916-1047518ee4a9@group-B4D433286EBB-SegmentedRaftLogWorker] INFO  segmented.SegmentedRaftLogWorker (SegmentedRaftLogWorker.java:execute(629)) - abcba7be-10dc-405a-b916-1047518ee4a9@group-B4D433286EBB-SegmentedRaftLogWorker: created new log segment /home/runner/work/ozone/ozone/hadoop-ozone/integration-test/target/test-dir/MiniOzoneClusterImpl-a6c467d1-2397-44e1-8ce0-4bb4627e7e2b/datanode-2/data/ratis/1a694b44-7d19-439d-a3f0-b4d433286ebb/current/log_inprogress_0
2022-05-26 01:44:26,531 [d9576437-3cbb-4170-b2cc-8965e43834d5@group-56DD1FC4AA1B-FollowerState] INFO  impl.FollowerState (FollowerState.java:run(143)) - d9576437-3cbb-4170-b2cc-8965e43834d5@group-56DD1FC4AA1B-FollowerState: change to CANDIDATE, lastRpcElapsedTime:5082847209ns, electionTimeout:5055ms
2022-05-26 01:44:26,531 [d9576437-3cbb-4170-b2cc-8965e43834d5@group-56DD1FC4AA1B-FollowerState] INFO  impl.RoleInfo (RoleInfo.java:shutdownFollowerState(110)) - d9576437-3cbb-4170-b2cc-8965e43834d5: shutdown d9576437-3cbb-4170-b2cc-8965e43834d5@group-56DD1FC4AA1B-FollowerState
2022-05-26 01:44:26,531 [d9576437-3cbb-4170-b2cc-8965e43834d5@group-56DD1FC4AA1B-FollowerState] INFO  server.RaftServer$Division (RaftServerImpl.java:setRole(299)) - d9576437-3cbb-4170-b2cc-8965e43834d5@group-56DD1FC4AA1B: changes role from  FOLLOWER to CANDIDATE at term 2 for changeToCandidate
2022-05-26 01:44:26,531 [d9576437-3cbb-4170-b2cc-8965e43834d5@group-56DD1FC4AA1B-FollowerState] INFO  server.RaftServerConfigKeys (ConfUtils.java:logGet(46)) - raft.server.leaderelection.pre-vote = false (custom)
2022-05-26 01:44:26,531 [d9576437-3cbb-4170-b2cc-8965e43834d5@group-56DD1FC4AA1B-FollowerState] INFO  impl.RoleInfo (RoleInfo.java:updateAndGet(139)) - d9576437-3cbb-4170-b2cc-8965e43834d5: start d9576437-3cbb-4170-b2cc-8965e43834d5@group-56DD1FC4AA1B-LeaderElection32
2022-05-26 01:44:26,546 [d9576437-3cbb-4170-b2cc-8965e43834d5@group-56DD1FC4AA1B-LeaderElection32] INFO  impl.LeaderElection (LeaderElection.java:askForVotes(310)) - d9576437-3cbb-4170-b2cc-8965e43834d5@group-56DD1FC4AA1B-LeaderElection32 ELECTION round 0: submit vote requests at term 3 for -1: [9e488448-403c-4c27-a8c6-f2923e8aa025|rpc:10.1.0.18:33371|priority:0, d9576437-3cbb-4170-b2cc-8965e43834d5|rpc:10.1.0.18:42177|priority:0, abcba7be-10dc-405a-b916-1047518ee4a9|rpc:10.1.0.18:44915|priority:1], old=null
2022-05-26 01:44:26,593 [grpc-default-executor-0] INFO  server.RaftServer$Division (RaftServerImpl.java:requestVote(1152)) - 9e488448-403c-4c27-a8c6-f2923e8aa025@group-56DD1FC4AA1B: receive requestVote(ELECTION, d9576437-3cbb-4170-b2cc-8965e43834d5, group-56DD1FC4AA1B, 3, (t:0, i:0))
2022-05-26 01:44:26,593 [grpc-default-executor-0] INFO  impl.VoteContext (VoteContext.java:log(48)) - 9e488448-403c-4c27-a8c6-f2923e8aa025@group-56DD1FC4AA1B-FOLLOWER: accept ELECTION from d9576437-3cbb-4170-b2cc-8965e43834d5: our priority 0 <= candidate's priority 0
2022-05-26 01:44:26,593 [grpc-default-executor-0] INFO  server.RaftServer$Division (RaftServerImpl.java:setRole(299)) - 9e488448-403c-4c27-a8c6-f2923e8aa025@group-56DD1FC4AA1B: changes role from  FOLLOWER to FOLLOWER at term 3 for candidate:d9576437-3cbb-4170-b2cc-8965e43834d5
2022-05-26 01:44:26,593 [grpc-default-executor-0] INFO  impl.RoleInfo (RoleInfo.java:shutdownFollowerState(110)) - 9e488448-403c-4c27-a8c6-f2923e8aa025: shutdown 9e488448-403c-4c27-a8c6-f2923e8aa025@group-56DD1FC4AA1B-FollowerState
2022-05-26 01:44:26,593 [grpc-default-executor-0] INFO  impl.RoleInfo (RoleInfo.java:updateAndGet(139)) - 9e488448-403c-4c27-a8c6-f2923e8aa025: start 9e488448-403c-4c27-a8c6-f2923e8aa025@group-56DD1FC4AA1B-FollowerState
2022-05-26 01:44:26,593 [9e488448-403c-4c27-a8c6-f2923e8aa025@group-56DD1FC4AA1B-FollowerState] INFO  impl.FollowerState (FollowerState.java:run(152)) - 9e488448-403c-4c27-a8c6-f2923e8aa025@group-56DD1FC4AA1B-FollowerState was interrupted
2022-05-26 01:44:26,598 [grpc-default-executor-0] INFO  server.RaftServer$Division (RaftServerImpl.java:requestVote(1184)) - 9e488448-403c-4c27-a8c6-f2923e8aa025@group-56DD1FC4AA1B replies to ELECTION vote request: d9576437-3cbb-4170-b2cc-8965e43834d5<-9e488448-403c-4c27-a8c6-f2923e8aa025#0:OK-t3. Peer's state: 9e488448-403c-4c27-a8c6-f2923e8aa025@group-56DD1FC4AA1B:t3, leader=null, voted=d9576437-3cbb-4170-b2cc-8965e43834d5, raftlog=9e488448-403c-4c27-a8c6-f2923e8aa025@group-56DD1FC4AA1B-SegmentedRaftLog:OPENED:c-1, conf=-1: [9e488448-403c-4c27-a8c6-f2923e8aa025|rpc:10.1.0.18:33371|dataStream:|priority:0, d9576437-3cbb-4170-b2cc-8965e43834d5|rpc:10.1.0.18:42177|dataStream:|priority:0, abcba7be-10dc-405a-b916-1047518ee4a9|rpc:10.1.0.18:44915|dataStream:|priority:1], old=null
2022-05-26 01:44:26,606 [grpc-default-executor-0] INFO  server.RaftServer$Division (RaftServerImpl.java:requestVote(1152)) - abcba7be-10dc-405a-b916-1047518ee4a9@group-56DD1FC4AA1B: receive requestVote(ELECTION, d9576437-3cbb-4170-b2cc-8965e43834d5, group-56DD1FC4AA1B, 3, (t:0, i:0))
2022-05-26 01:44:26,607 [grpc-default-executor-0] INFO  impl.VoteContext (VoteContext.java:log(48)) - abcba7be-10dc-405a-b916-1047518ee4a9@group-56DD1FC4AA1B-FOLLOWER: reject ELECTION from d9576437-3cbb-4170-b2cc-8965e43834d5: our priority 1 > candidate's priority 0
2022-05-26 01:44:26,607 [grpc-default-executor-0] INFO  server.RaftServer$Division (RaftServerImpl.java:setRole(299)) - abcba7be-10dc-405a-b916-1047518ee4a9@group-56DD1FC4AA1B: changes role from  FOLLOWER to FOLLOWER at term 3 for candidate:d9576437-3cbb-4170-b2cc-8965e43834d5
2022-05-26 01:44:26,607 [grpc-default-executor-0] INFO  impl.RoleInfo (RoleInfo.java:shutdownFollowerState(110)) - abcba7be-10dc-405a-b916-1047518ee4a9: shutdown abcba7be-10dc-405a-b916-1047518ee4a9@group-56DD1FC4AA1B-FollowerState
2022-05-26 01:44:26,607 [grpc-default-executor-0] INFO  impl.RoleInfo (RoleInfo.java:updateAndGet(139)) - abcba7be-10dc-405a-b916-1047518ee4a9: start abcba7be-10dc-405a-b916-1047518ee4a9@group-56DD1FC4AA1B-FollowerState
2022-05-26 01:44:26,607 [abcba7be-10dc-405a-b916-1047518ee4a9@group-56DD1FC4AA1B-FollowerState] INFO  impl.FollowerState (FollowerState.java:run(152)) - abcba7be-10dc-405a-b916-1047518ee4a9@group-56DD1FC4AA1B-FollowerState was interrupted
2022-05-26 01:44:26,608 [grpc-default-executor-0] INFO  server.RaftServer$Division (RaftServerImpl.java:requestVote(1184)) - abcba7be-10dc-405a-b916-1047518ee4a9@group-56DD1FC4AA1B replies to ELECTION vote request: d9576437-3cbb-4170-b2cc-8965e43834d5<-abcba7be-10dc-405a-b916-1047518ee4a9#0:FAIL-t3. Peer's state: abcba7be-10dc-405a-b916-1047518ee4a9@group-56DD1FC4AA1B:t3, leader=null, voted=null, raftlog=abcba7be-10dc-405a-b916-1047518ee4a9@group-56DD1FC4AA1B-SegmentedRaftLog:OPENED:c-1, conf=-1: [9e488448-403c-4c27-a8c6-f2923e8aa025|rpc:10.1.0.18:33371|dataStream:|priority:0, d9576437-3cbb-4170-b2cc-8965e43834d5|rpc:10.1.0.18:42177|dataStream:|priority:0, abcba7be-10dc-405a-b916-1047518ee4a9|rpc:10.1.0.18:44915|dataStream:|priority:1], old=null
2022-05-26 01:44:26,612 [d9576437-3cbb-4170-b2cc-8965e43834d5@group-56DD1FC4AA1B-LeaderElection32] INFO  impl.LeaderElection (LeaderElection.java:logAndReturn(90)) - d9576437-3cbb-4170-b2cc-8965e43834d5@group-56DD1FC4AA1B-LeaderElection32: ELECTION REJECTED received 2 response(s) and 0 exception(s):
2022-05-26 01:44:26,612 [d9576437-3cbb-4170-b2cc-8965e43834d5@group-56DD1FC4AA1B-LeaderElection32] INFO  impl.LeaderElection (LeaderElection.java:logAndReturn(94)) -   Response 0: d9576437-3cbb-4170-b2cc-8965e43834d5<-9e488448-403c-4c27-a8c6-f2923e8aa025#0:OK-t3
2022-05-26 01:44:26,612 [d9576437-3cbb-4170-b2cc-8965e43834d5@group-56DD1FC4AA1B-LeaderElection32] INFO  impl.LeaderElection (LeaderElection.java:logAndReturn(94)) -   Response 1: d9576437-3cbb-4170-b2cc-8965e43834d5<-abcba7be-10dc-405a-b916-1047518ee4a9#0:FAIL-t3
2022-05-26 01:44:26,612 [d9576437-3cbb-4170-b2cc-8965e43834d5@group-56DD1FC4AA1B-LeaderElection32] INFO  impl.LeaderElection (LeaderElection.java:askForVotes(312)) - d9576437-3cbb-4170-b2cc-8965e43834d5@group-56DD1FC4AA1B-LeaderElection32 ELECTION round 0: result REJECTED
2022-05-26 01:44:26,613 [d9576437-3cbb-4170-b2cc-8965e43834d5@group-56DD1FC4AA1B-LeaderElection32] INFO  server.RaftServer$Division (RaftServerImpl.java:setRole(299)) - d9576437-3cbb-4170-b2cc-8965e43834d5@group-56DD1FC4AA1B: changes role from CANDIDATE to FOLLOWER at term 3 for REJECTED
2022-05-26 01:44:26,613 [d9576437-3cbb-4170-b2cc-8965e43834d5@group-56DD1FC4AA1B-LeaderElection32] INFO  impl.RoleInfo (RoleInfo.java:shutdownLeaderElection(130)) - d9576437-3cbb-4170-b2cc-8965e43834d5: shutdown d9576437-3cbb-4170-b2cc-8965e43834d5@group-56DD1FC4AA1B-LeaderElection32
2022-05-26 01:44:26,613 [d9576437-3cbb-4170-b2cc-8965e43834d5@group-56DD1FC4AA1B-LeaderElection32] INFO  impl.RoleInfo (RoleInfo.java:updateAndGet(139)) - d9576437-3cbb-4170-b2cc-8965e43834d5: start d9576437-3cbb-4170-b2cc-8965e43834d5@group-56DD1FC4AA1B-FollowerState
2022-05-26 01:44:27,099 [Listener at 127.0.0.1/34495] INFO  ozone.MiniOzoneClusterImpl (MiniOzoneClusterImpl.java:lambda$waitForClusterToBeReady$0(221)) - Nodes are ready. Got 3 of 3 DN Heartbeats.
2022-05-26 01:44:27,100 [Listener at 127.0.0.1/34495] INFO  ozone.MiniOzoneClusterImpl (MiniOzoneClusterImpl.java:lambda$waitForClusterToBeReady$0(224)) - Cluster exits safe mode
2022-05-26 01:44:27,100 [Listener at 127.0.0.1/34495] INFO  ozone.MiniOzoneClusterImpl (MiniOzoneClusterImpl.java:lambda$waitForClusterToBeReady$0(226)) - SCM became leader
]]></system-out>
    </rerunFailure>
    <rerunFailure type="java.lang.AssertionError">
      <stackTrace><![CDATA[java.lang.AssertionError
	at org.junit.Assert.fail(Assert.java:87)
	at org.junit.Assert.assertTrue(Assert.java:42)
	at org.junit.Assert.assertTrue(Assert.java:53)
	at org.apache.hadoop.hdds.scm.TestRatisPipelineLeader.testLeaderIdAfterLeaderChange(TestRatisPipelineLeader.java:119)
	at sun.reflect.NativeMethodAccessorImpl.invoke0(Native Method)
	at sun.reflect.NativeMethodAccessorImpl.invoke(NativeMethodAccessorImpl.java:62)
	at sun.reflect.DelegatingMethodAccessorImpl.invoke(DelegatingMethodAccessorImpl.java:43)
	at java.lang.reflect.Method.invoke(Method.java:498)
	at org.junit.platform.commons.util.ReflectionUtils.invokeMethod(ReflectionUtils.java:725)
	at org.junit.jupiter.engine.execution.MethodInvocation.proceed(MethodInvocation.java:60)
	at org.junit.jupiter.engine.execution.InvocationInterceptorChain$ValidatingInvocation.proceed(InvocationInterceptorChain.java:131)
	at org.junit.jupiter.engine.extension.TimeoutInvocation.proceed(TimeoutInvocation.java:46)
	at org.junit.jupiter.engine.extension.TimeoutExtension.intercept(TimeoutExtension.java:149)
	at org.junit.jupiter.engine.extension.TimeoutExtension.interceptTestableMethod(TimeoutExtension.java:140)
	at org.junit.jupiter.engine.extension.TimeoutExtension.interceptTestMethod(TimeoutExtension.java:84)
	at org.junit.jupiter.engine.execution.ExecutableInvoker$ReflectiveInterceptorCall.lambda$ofVoidMethod$0(ExecutableInvoker.java:115)
	at org.junit.jupiter.engine.execution.ExecutableInvoker.lambda$invoke$0(ExecutableInvoker.java:105)
	at org.junit.jupiter.engine.execution.InvocationInterceptorChain$InterceptedInvocation.proceed(InvocationInterceptorChain.java:106)
	at org.junit.jupiter.engine.execution.InvocationInterceptorChain.proceed(InvocationInterceptorChain.java:64)
	at org.junit.jupiter.engine.execution.InvocationInterceptorChain.chainAndInvoke(InvocationInterceptorChain.java:45)
	at org.junit.jupiter.engine.execution.InvocationInterceptorChain.invoke(InvocationInterceptorChain.java:37)
	at org.junit.jupiter.engine.execution.ExecutableInvoker.invoke(ExecutableInvoker.java:104)
	at org.junit.jupiter.engine.execution.ExecutableInvoker.invoke(ExecutableInvoker.java:98)
	at org.junit.jupiter.engine.descriptor.TestMethodTestDescriptor.lambda$invokeTestMethod$7(TestMethodTestDescriptor.java:214)
	at org.junit.platform.engine.support.hierarchical.ThrowableCollector.execute(ThrowableCollector.java:73)
	at org.junit.jupiter.engine.descriptor.TestMethodTestDescriptor.invokeTestMethod(TestMethodTestDescriptor.java:210)
	at org.junit.jupiter.engine.descriptor.TestMethodTestDescriptor.execute(TestMethodTestDescriptor.java:135)
	at org.junit.jupiter.engine.descriptor.TestMethodTestDescriptor.execute(TestMethodTestDescriptor.java:66)
	at org.junit.platform.engine.support.hierarchical.NodeTestTask.lambda$executeRecursively$6(NodeTestTask.java:151)
	at org.junit.platform.engine.support.hierarchical.ThrowableCollector.execute(ThrowableCollector.java:73)
	at org.junit.platform.engine.support.hierarchical.NodeTestTask.lambda$executeRecursively$8(NodeTestTask.java:141)
	at org.junit.platform.engine.support.hierarchical.Node.around(Node.java:137)
	at org.junit.platform.engine.support.hierarchical.NodeTestTask.lambda$executeRecursively$9(NodeTestTask.java:139)
	at org.junit.platform.engine.support.hierarchical.ThrowableCollector.execute(ThrowableCollector.java:73)
	at org.junit.platform.engine.support.hierarchical.NodeTestTask.executeRecursively(NodeTestTask.java:138)
	at org.junit.platform.engine.support.hierarchical.NodeTestTask.execute(NodeTestTask.java:95)
	at java.util.ArrayList.forEach(ArrayList.java:1259)
	at org.junit.platform.engine.support.hierarchical.SameThreadHierarchicalTestExecutorService.invokeAll(SameThreadHierarchicalTestExecutorService.java:41)
	at org.junit.platform.engine.support.hierarchical.NodeTestTask.lambda$executeRecursively$6(NodeTestTask.java:155)
	at org.junit.platform.engine.support.hierarchical.ThrowableCollector.execute(ThrowableCollector.java:73)
	at org.junit.platform.engine.support.hierarchical.NodeTestTask.lambda$executeRecursively$8(NodeTestTask.java:141)
	at org.junit.platform.engine.support.hierarchical.Node.around(Node.java:137)
	at org.junit.platform.engine.support.hierarchical.NodeTestTask.lambda$executeRecursively$9(NodeTestTask.java:139)
	at org.junit.platform.engine.support.hierarchical.ThrowableCollector.execute(ThrowableCollector.java:73)
	at org.junit.platform.engine.support.hierarchical.NodeTestTask.executeRecursively(NodeTestTask.java:138)
	at org.junit.platform.engine.support.hierarchical.NodeTestTask.execute(NodeTestTask.java:95)
	at java.util.ArrayList.forEach(ArrayList.java:1259)
	at org.junit.platform.engine.support.hierarchical.SameThreadHierarchicalTestExecutorService.invokeAll(SameThreadHierarchicalTestExecutorService.java:41)
	at org.junit.platform.engine.support.hierarchical.NodeTestTask.lambda$executeRecursively$6(NodeTestTask.java:155)
	at org.junit.platform.engine.support.hierarchical.ThrowableCollector.execute(ThrowableCollector.java:73)
	at org.junit.platform.engine.support.hierarchical.NodeTestTask.lambda$executeRecursively$8(NodeTestTask.java:141)
	at org.junit.platform.engine.support.hierarchical.Node.around(Node.java:137)
	at org.junit.platform.engine.support.hierarchical.NodeTestTask.lambda$executeRecursively$9(NodeTestTask.java:139)
	at org.junit.platform.engine.support.hierarchical.ThrowableCollector.execute(ThrowableCollector.java:73)
	at org.junit.platform.engine.support.hierarchical.NodeTestTask.executeRecursively(NodeTestTask.java:138)
	at org.junit.platform.engine.support.hierarchical.NodeTestTask.execute(NodeTestTask.java:95)
	at org.junit.platform.engine.support.hierarchical.SameThreadHierarchicalTestExecutorService.submit(SameThreadHierarchicalTestExecutorService.java:35)
	at org.junit.platform.engine.support.hierarchical.HierarchicalTestExecutor.execute(HierarchicalTestExecutor.java:57)
	at org.junit.platform.engine.support.hierarchical.HierarchicalTestEngine.execute(HierarchicalTestEngine.java:54)
	at org.junit.platform.launcher.core.EngineExecutionOrchestrator.execute(EngineExecutionOrchestrator.java:107)
	at org.junit.platform.launcher.core.EngineExecutionOrchestrator.execute(EngineExecutionOrchestrator.java:88)
	at org.junit.platform.launcher.core.EngineExecutionOrchestrator.lambda$execute$0(EngineExecutionOrchestrator.java:54)
	at org.junit.platform.launcher.core.EngineExecutionOrchestrator.withInterceptedStreams(EngineExecutionOrchestrator.java:67)
	at org.junit.platform.launcher.core.EngineExecutionOrchestrator.execute(EngineExecutionOrchestrator.java:52)
	at org.junit.platform.launcher.core.DefaultLauncher.execute(DefaultLauncher.java:114)
	at org.junit.platform.launcher.core.DefaultLauncher.execute(DefaultLauncher.java:86)
	at org.junit.platform.launcher.core.DefaultLauncherSession$DelegatingLauncher.execute(DefaultLauncherSession.java:86)
	at org.junit.platform.launcher.core.SessionPerRequestLauncher.execute(SessionPerRequestLauncher.java:53)
	at org.apache.maven.surefire.junitplatform.JUnitPlatformProvider.invokeAllTests(JUnitPlatformProvider.java:165)
	at org.apache.maven.surefire.junitplatform.JUnitPlatformProvider.invoke(JUnitPlatformProvider.java:124)
	at org.apache.maven.surefire.booter.ForkedBooter.runSuitesInProcess(ForkedBooter.java:428)
	at org.apache.maven.surefire.booter.ForkedBooter.execute(ForkedBooter.java:162)
	at org.apache.maven.surefire.booter.ForkedBooter.run(ForkedBooter.java:562)
	at org.apache.maven.surefire.booter.ForkedBooter.main(ForkedBooter.java:548)
]]></stackTrace>
      <system-out><![CDATA[2022-05-26 01:44:47,968 [Listener at 127.0.0.1/34495] WARN  server.ServerUtils (ServerUtils.java:getScmDbDir(148)) - ozone.scm.db.dirs is not configured. We recommend adding this setting. Falling back to ozone.metadata.dirs instead.
2022-05-26 01:44:47,978 [Listener at 127.0.0.1/34495] INFO  ha.SCMHANodeDetails (SCMHANodeDetails.java:loadSCMHAConfig(160)) - ServiceID for StorageContainerManager is null
2022-05-26 01:44:47,978 [Listener at 127.0.0.1/34495] INFO  ha.SCMHANodeDetails (SCMHANodeDetails.java:loadSCMHAConfig(165)) - ozone.scm.default.service.id is not defined, falling back to ozone.scm.service.ids to find serviceID for StorageContainerManager if it is HA enabled cluster
2022-05-26 01:44:47,979 [Listener at 127.0.0.1/34495] WARN  server.ServerUtils (ServerUtils.java:getScmDbDir(148)) - ozone.scm.db.dirs is not configured. We recommend adding this setting. Falling back to ozone.metadata.dirs instead.
2022-05-26 01:44:47,979 [Listener at 127.0.0.1/34495] INFO  upgrade.AbstractLayoutVersionManager (AbstractLayoutVersionManager.java:init(79)) - Initializing Layout version manager with metadata layout = ERASURE_CODED_STORAGE_SUPPORT (version = 3), software layout = ERASURE_CODED_STORAGE_SUPPORT (version = 3)
2022-05-26 01:44:48,137 [Listener at 127.0.0.1/34495] INFO  reflections.Reflections (Reflections.java:scan(232)) - Reflections took 157 ms to scan 7 urls, producing 127 keys and 292 values 
2022-05-26 01:44:48,153 [Listener at 127.0.0.1/34495] WARN  utils.HAUtils (HAUtils.java:getMetaDir(342)) - ozone.scm.db.dirs is not configured. We recommend adding this setting. Falling back to ozone.metadata.dirs instead.
2022-05-26 01:44:48,154 [Listener at 127.0.0.1/34495] WARN  db.DBStoreBuilder (DBStoreBuilder.java:applyDBDefinition(145)) - ozone.scm.db.dirs is not configured. We recommend adding this setting. Falling back to ozone.metadata.dirs instead.
2022-05-26 01:44:48,549 [Listener at 127.0.0.1/34495] INFO  net.NodeSchemaLoader (NodeSchemaLoader.java:loadSchemaFromFile(129)) - Loading schema from [jar:file:/home/runner/.m2/repository/org/apache/ozone/hdds-common/1.3.0-SNAPSHOT/hdds-common-1.3.0-SNAPSHOT.jar!/network-topology-default.xml]
2022-05-26 01:44:48,550 [Listener at 127.0.0.1/34495] INFO  net.NodeSchemaLoader (NodeSchemaLoader.java:loadSchema(176)) - Loading network topology layer schema file
2022-05-26 01:44:48,552 [Listener at 127.0.0.1/34495] INFO  ha.SequenceIdGenerator (SequenceIdGenerator.java:upgradeToSequenceId(347)) - upgrade localId to 109611004723200000
2022-05-26 01:44:48,552 [Listener at 127.0.0.1/34495] INFO  ha.SequenceIdGenerator (SequenceIdGenerator.java:upgradeToSequenceId(357)) - upgrade delTxnId to 0
2022-05-26 01:44:48,552 [Listener at 127.0.0.1/34495] INFO  ha.SequenceIdGenerator (SequenceIdGenerator.java:upgradeToSequenceId(374)) - upgrade containerId to 0
2022-05-26 01:44:48,552 [Listener at 127.0.0.1/34495] INFO  ha.SequenceIdGenerator (SequenceIdGenerator.java:<init>(218)) - Init the HA SequenceIdGenerator.
2022-05-26 01:44:48,553 [Listener at 127.0.0.1/34495] WARN  server.ServerUtils (ServerUtils.java:sanitizeUserArgs(73)) - ozone.scm.stale.node.interval value = 300000 is larger than max = 100000 based on the key value of ozone.scm.heartbeat.thread.interval, reset to the max value 100000.
2022-05-26 01:44:48,553 [Listener at 127.0.0.1/34495] WARN  server.ServerUtils (ServerUtils.java:sanitizeUserArgs(73)) - ozone.scm.stale.node.interval value = 300000 is larger than max = 100000 based on the key value of ozone.scm.heartbeat.thread.interval, reset to the max value 100000.
2022-05-26 01:44:48,556 [Listener at 127.0.0.1/34495] INFO  node.SCMNodeManager (SCMNodeManager.java:<init>(148)) - Entering startup safe mode.
2022-05-26 01:44:48,556 [Listener at 127.0.0.1/34495] INFO  algorithms.ContainerPlacementPolicyFactory (ContainerPlacementPolicyFactory.java:getPolicyInternal(86)) - Create container placement policy of type org.apache.hadoop.hdds.scm.container.placement.algorithms.SCMContainerPlacementRandom
2022-05-26 01:44:48,557 [Listener at 127.0.0.1/34495] INFO  pipeline.PipelineStateManagerImpl (PipelineStateManagerImpl.java:initialize(78)) - No pipeline exists in current db
2022-05-26 01:44:48,557 [Listener at 127.0.0.1/34495] INFO  algorithms.LeaderChoosePolicyFactory (LeaderChoosePolicyFactory.java:getPolicy(57)) - Create leader choose policy of type org.apache.hadoop.hdds.scm.pipeline.leader.choose.algorithms.MinLeaderCountChoosePolicy
2022-05-26 01:44:48,557 [Listener at 127.0.0.1/34495] INFO  algorithms.ContainerPlacementPolicyFactory (ContainerPlacementPolicyFactory.java:getPolicyInternal(86)) - Create container placement policy of type org.apache.hadoop.hdds.scm.container.placement.algorithms.SCMContainerPlacementRackScatter
2022-05-26 01:44:48,557 [Listener at 127.0.0.1/34495] INFO  pipeline.BackgroundPipelineCreator (BackgroundPipelineCreator.java:start(125)) - Starting RatisPipelineUtilsThread.
2022-05-26 01:44:48,558 [Listener at 127.0.0.1/34495] INFO  pipeline.BackgroundPipelineScrubber (BackgroundPipelineScrubber.java:start(126)) - Starting BackgroundPipelineScrubber Service.
2022-05-26 01:44:48,558 [Listener at 127.0.0.1/34495] INFO  ha.SCMServiceManager (SCMServiceManager.java:register(42)) - Registering service BackgroundPipelineCreator.
2022-05-26 01:44:48,558 [Listener at 127.0.0.1/34495] INFO  ha.SCMServiceManager (SCMServiceManager.java:register(42)) - Registering service BackgroundPipelineScrubber.
2022-05-26 01:44:48,558 [Listener at 127.0.0.1/34495] INFO  ExpiredContainerReplicaOpScrubber (BackgroundSCMService.java:start(68)) - Starting ExpiredContainerReplicaOpScrubber Service.
2022-05-26 01:44:48,558 [Listener at 127.0.0.1/34495] INFO  ha.SCMServiceManager (SCMServiceManager.java:register(42)) - Registering service ExpiredContainerReplicaOpScrubber.
2022-05-26 01:44:48,559 [Listener at 127.0.0.1/34495] INFO  algorithms.PipelineChoosePolicyFactory (PipelineChoosePolicyFactory.java:createPipelineChoosePolicyFromClass(73)) - Create pipeline choose policy of type org.apache.hadoop.hdds.scm.pipeline.choose.algorithms.RandomPipelineChoosePolicy
2022-05-26 01:44:48,559 [Listener at 127.0.0.1/34495] INFO  ha.SCMServiceManager (SCMServiceManager.java:register(42)) - Registering service SCMBlockDeletingService.
2022-05-26 01:44:48,560 [Listener at 127.0.0.1/34495] INFO  ha.SCMServiceManager (SCMServiceManager.java:register(42)) - Registering service ReplicationManager.
2022-05-26 01:44:48,560 [Listener at 127.0.0.1/34495] INFO  replication.ReplicationManager (ReplicationManager.java:start(179)) - Starting Replication Monitor Thread.
2022-05-26 01:44:48,569 [Listener at 127.0.0.1/34495] INFO  safemode.ContainerSafeModeRule (ContainerSafeModeRule.java:<init>(89)) - containers with one replica threshold count 0
2022-05-26 01:44:48,569 [Listener at 127.0.0.1/34495] INFO  safemode.HealthyPipelineSafeModeRule (HealthyPipelineSafeModeRule.java:initializeRule(156)) - Total pipeline count is 0, healthy pipeline threshold count is 1
2022-05-26 01:44:48,569 [Listener at 127.0.0.1/34495] INFO  safemode.OneReplicaPipelineSafeModeRule (OneReplicaPipelineSafeModeRule.java:initializeRule(180)) - Total pipeline count is 0, pipeline's with at least one datanode reported threshold count is 0
2022-05-26 01:44:48,570 [Listener at 127.0.0.1/34495] INFO  ipc.CallQueueManager (CallQueueManager.java:<init>(90)) - Using callQueue: class java.util.concurrent.LinkedBlockingQueue, queueCapacity: 2000, scheduler: class org.apache.hadoop.ipc.DefaultRpcScheduler, ipcBackoff: false.
2022-05-26 01:44:48,604 [Socket Reader #1 for port 0] INFO  ipc.Server (Server.java:run(1265)) - Starting Socket Reader #1 for port 0
2022-05-26 01:44:48,605 [Listener at 0.0.0.0/39813] INFO  ipc.CallQueueManager (CallQueueManager.java:<init>(90)) - Using callQueue: class java.util.concurrent.LinkedBlockingQueue, queueCapacity: 2000, scheduler: class org.apache.hadoop.ipc.DefaultRpcScheduler, ipcBackoff: false.
2022-05-26 01:44:48,606 [Socket Reader #1 for port 0] INFO  ipc.Server (Server.java:run(1265)) - Starting Socket Reader #1 for port 0
2022-05-26 01:44:48,620 [Listener at 0.0.0.0/34429] INFO  ipc.CallQueueManager (CallQueueManager.java:<init>(90)) - Using callQueue: class java.util.concurrent.LinkedBlockingQueue, queueCapacity: 2000, scheduler: class org.apache.hadoop.ipc.DefaultRpcScheduler, ipcBackoff: false.
2022-05-26 01:44:48,629 [Socket Reader #1 for port 0] INFO  ipc.Server (Server.java:run(1265)) - Starting Socket Reader #1 for port 0
2022-05-26 01:44:48,637 [ReplicationMonitor] INFO  replication.ReplicationManager (ReplicationManager.java:processAll(228)) - Replication Manager is not ready to run until 3000ms after safemode exit
2022-05-26 01:44:48,752 [Listener at 0.0.0.0/40221] INFO  server.StorageContainerManager (StorageContainerManager.java:<init>(400)) - 
Container Balancer status:
Key                            Value
Running                        false
Container Balancer Configuration values:
Key                                                Value
Threshold                                          10
Max Datanodes to Involve per Iteration(percent)    20
Max Size to Move per Iteration                     500GB
Max Size Entering Target per Iteration             26GB
Max Size Leaving Source per Iteration              26GB

2022-05-26 01:44:48,752 [Listener at 0.0.0.0/40221] WARN  events.EventQueue (EventQueue.java:fireEvent(194)) - No event handler registered for event TypedEvent{payloadType=SafeModeStatus, name='Safe mode status'}
2022-05-26 01:44:48,752 [Listener at 0.0.0.0/40221] INFO  ha.SCMContext (SCMContext.java:updateSafeModeStatus(211)) - Update SafeModeStatus from SafeModeStatus{safeModeStatus=true, preCheckPassed=false} to SafeModeStatus{safeModeStatus=true, preCheckPassed=false}.
2022-05-26 01:44:48,753 [Listener at 0.0.0.0/40221] INFO  server.StorageContainerManager (StorageContainerManager.java:start(1385)) - StorageContainerLocationProtocol RPC server is listening at /0.0.0.0:40221
2022-05-26 01:44:48,758 [Listener at 0.0.0.0/40221] WARN  impl.MetricsConfig (MetricsConfig.java:loadFirst(136)) - Cannot locate configuration: tried hadoop-metrics2-storagecontainermanager.properties,hadoop-metrics2.properties
2022-05-26 01:44:48,759 [Listener at 0.0.0.0/40221] INFO  impl.MetricsSystemImpl (MetricsSystemImpl.java:startTimer(378)) - Scheduled Metric snapshot period at 10 second(s).
2022-05-26 01:44:48,759 [Listener at 0.0.0.0/40221] INFO  impl.MetricsSystemImpl (MetricsSystemImpl.java:start(191)) - StorageContainerManager metrics system started
2022-05-26 01:44:48,884 [Listener at 0.0.0.0/40221] INFO  impl.MetricsSinkAdapter (MetricsSinkAdapter.java:start(204)) - Sink prometheus started
2022-05-26 01:44:48,884 [Listener at 0.0.0.0/40221] INFO  impl.MetricsSystemImpl (MetricsSystemImpl.java:registerSink(305)) - Registered sink prometheus
2022-05-26 01:44:48,933 [Listener at 0.0.0.0/40221] INFO  server.SCMClientProtocolServer (SCMClientProtocolServer.java:start(169)) - RPC server for Client  is listening at /0.0.0.0:40221
2022-05-26 01:44:48,944 [IPC Server Responder] INFO  ipc.Server (Server.java:run(1507)) - IPC Server Responder: starting
2022-05-26 01:44:48,944 [IPC Server listener on 0] INFO  ipc.Server (Server.java:run(1344)) - IPC Server listener on 0: starting
2022-05-26 01:44:48,956 [Listener at 0.0.0.0/40221] INFO  server.StorageContainerManager (StorageContainerManager.java:start(1400)) - ScmBlockLocationProtocol RPC server is listening at /0.0.0.0:34429
2022-05-26 01:44:48,956 [Listener at 0.0.0.0/40221] INFO  server.SCMBlockProtocolServer (SCMBlockProtocolServer.java:start(151)) - RPC server for Block Protocol is listening at /0.0.0.0:34429
2022-05-26 01:44:48,957 [IPC Server Responder] INFO  ipc.Server (Server.java:run(1507)) - IPC Server Responder: starting
2022-05-26 01:44:48,957 [IPC Server listener on 0] INFO  ipc.Server (Server.java:run(1344)) - IPC Server listener on 0: starting
2022-05-26 01:44:48,964 [Listener at 0.0.0.0/40221] INFO  server.SCMDatanodeProtocolServer (SCMDatanodeProtocolServer.java:start(183)) - ScmDatanodeProtocol RPC server for DataNodes is listening at /0.0.0.0:39813
2022-05-26 01:44:48,964 [IPC Server Responder] INFO  ipc.Server (Server.java:run(1507)) - IPC Server Responder: starting
2022-05-26 01:44:48,965 [IPC Server listener on 0] INFO  ipc.Server (Server.java:run(1344)) - IPC Server listener on 0: starting
2022-05-26 01:44:48,999 [Listener at 0.0.0.0/40221] INFO  http.BaseHttpServer (BaseHttpServer.java:newHttpServer2BuilderForOzone(209)) - Starting Web-server for scm at: http://0.0.0.0:0
2022-05-26 01:44:48,999 [Listener at 0.0.0.0/40221] INFO  http.BaseHttpServer (BaseHttpServer.java:<init>(107)) - Hadoop Security Enabled: false Ozone Security Enabled: false Ozone HTTP Security Enabled: false 
2022-05-26 01:44:49,017 [Listener at 0.0.0.0/40221] INFO  server.AuthenticationFilter (AuthenticationFilter.java:constructSecretProvider(240)) - Unable to initialize FileSignerSecretProvider, falling back to use random secrets.
2022-05-26 01:44:49,030 [Listener at 0.0.0.0/40221] WARN  http.HttpRequestLog (HttpRequestLog.java:getRequestLog(103)) - Jetty request log can only be enabled using Log4j
2022-05-26 01:44:49,031 [Listener at 0.0.0.0/40221] INFO  http.HttpServer2 (HttpServer2.java:addGlobalFilter(1030)) - Added global filter 'safety' (class=org.apache.hadoop.hdds.server.http.HttpServer2$QuotingInputFilter)
2022-05-26 01:44:49,032 [Listener at 0.0.0.0/40221] INFO  http.HttpServer2 (HttpServer2.java:addFilter(1006)) - Added filter static_user_filter (class=org.apache.hadoop.http.lib.StaticUserWebFilter$StaticUserFilter) to context scm
2022-05-26 01:44:49,032 [Listener at 0.0.0.0/40221] INFO  http.HttpServer2 (HttpServer2.java:addFilter(1014)) - Added filter static_user_filter (class=org.apache.hadoop.http.lib.StaticUserWebFilter$StaticUserFilter) to context static
2022-05-26 01:44:49,032 [Listener at 0.0.0.0/40221] INFO  http.HttpServer2 (HttpServer2.java:addFilter(1014)) - Added filter static_user_filter (class=org.apache.hadoop.http.lib.StaticUserWebFilter$StaticUserFilter) to context logs
2022-05-26 01:44:49,033 [Listener at 0.0.0.0/40221] INFO  http.HttpServer2 (HttpServer2.java:bindListener(1249)) - Jetty bound to port 46623
2022-05-26 01:44:49,033 [Listener at 0.0.0.0/40221] INFO  server.Server (Server.java:doStart(375)) - jetty-9.4.43.v20210629; built: 2021-06-30T11:07:22.254Z; git: 526006ecfa3af7f1a27ef3a288e2bef7ea9dd7e8; jvm 1.8.0_332-b09
2022-05-26 01:44:49,047 [Listener at 0.0.0.0/40221] INFO  server.session (DefaultSessionIdManager.java:doStart(334)) - DefaultSessionIdManager workerName=node0
2022-05-26 01:44:49,048 [Listener at 0.0.0.0/40221] INFO  server.session (DefaultSessionIdManager.java:doStart(339)) - No SessionScavenger set, using defaults
2022-05-26 01:44:49,048 [org.apache.hadoop.util.JvmPauseMonitor$Monitor@d03ed5d] INFO  util.JvmPauseMonitor (JvmPauseMonitor.java:run(188)) - Starting JVM pause monitor
2022-05-26 01:44:49,057 [Listener at 0.0.0.0/40221] INFO  server.session (HouseKeeper.java:startScavenging(132)) - node0 Scavenging every 660000ms
2022-05-26 01:44:49,077 [Listener at 0.0.0.0/40221] INFO  handler.ContextHandler (ContextHandler.java:doStart(915)) - Started o.e.j.s.ServletContextHandler@2f5d1a20{logs,/logs,file:///home/runner/work/ozone/ozone/hadoop-ozone/integration-test/target/log,AVAILABLE}
2022-05-26 01:44:49,077 [Listener at 0.0.0.0/40221] INFO  handler.ContextHandler (ContextHandler.java:doStart(915)) - Started o.e.j.s.ServletContextHandler@664a6cfd{static,/static,file:///home/runner/work/ozone/ozone/hadoop-ozone/integration-test/target/test-classes/webapps/static,AVAILABLE}
2022-05-26 01:44:49,087 [Listener at 0.0.0.0/40221] INFO  handler.ContextHandler (ContextHandler.java:doStart(915)) - Started o.e.j.w.WebAppContext@5bc0d62d{scm,/,file:///home/runner/work/ozone/ozone/hadoop-ozone/integration-test/target/test-classes/webapps/scm/,AVAILABLE}{file:/home/runner/work/ozone/ozone/hadoop-ozone/integration-test/target/test-classes/webapps/scm}
2022-05-26 01:44:49,108 [Listener at 0.0.0.0/40221] INFO  server.AbstractConnector (AbstractConnector.java:doStart(331)) - Started ServerConnector@727aec08{HTTP/1.1, (http/1.1)}{0.0.0.0:46623}
2022-05-26 01:44:49,109 [Listener at 0.0.0.0/40221] INFO  server.Server (Server.java:doStart(415)) - Started @127880ms
2022-05-26 01:44:49,109 [Listener at 0.0.0.0/40221] WARN  impl.MetricsSystemImpl (MetricsSystemImpl.java:register(279)) - Sink prometheus already exists!
2022-05-26 01:44:49,109 [Listener at 0.0.0.0/40221] INFO  http.BaseHttpServer (BaseHttpServer.java:updateConnectorAddress(329)) - HTTP server of scm listening at http://0.0.0.0:46623
2022-05-26 01:44:49,109 [Listener at 0.0.0.0/40221] WARN  server.ServerUtils (ServerUtils.java:getDBPath(225)) - ozone.om.db.dirs is not configured. We recommend adding this setting. Falling back to ozone.metadata.dirs instead.
2022-05-26 01:44:49,111 [Listener at 0.0.0.0/40221] INFO  ha.OMHANodeDetails (OMHANodeDetails.java:loadOMHAConfig(115)) - ozone.om.internal.service.id is not defined, falling back to ozone.om.service.ids to find serviceID for OzoneManager if it is HA enabled cluster
2022-05-26 01:44:49,111 [Listener at 0.0.0.0/40221] INFO  ha.OMHANodeDetails (OMHANodeDetails.java:loadOMHAConfig(226)) - Configuration does not have ozone.om.address set. Falling back to the default OM address /127.0.0.1:0
2022-05-26 01:44:49,111 [Listener at 0.0.0.0/40221] INFO  ha.OMHANodeDetails (OMHANodeDetails.java:getOMNodeDetailsForNonHA(254)) - OM Service ID is not set. Setting it to the default ID: omServiceIdDefault
2022-05-26 01:44:49,111 [Listener at 0.0.0.0/40221] INFO  ha.OMHANodeDetails (OMHANodeDetails.java:getOMNodeDetailsForNonHA(261)) - OM Node ID is not set. Setting it to the default ID: om1
2022-05-26 01:44:49,112 [Listener at 0.0.0.0/40221] WARN  server.ServerUtils (ServerUtils.java:getDBPath(225)) - ozone.om.db.dirs is not configured. We recommend adding this setting. Falling back to ozone.metadata.dirs instead.
2022-05-26 01:44:49,112 [Listener at 0.0.0.0/40221] INFO  upgrade.AbstractLayoutVersionManager (AbstractLayoutVersionManager.java:init(79)) - Initializing Layout version manager with metadata layout = BUCKET_LAYOUT_SUPPORT (version = 2), software layout = BUCKET_LAYOUT_SUPPORT (version = 2)
2022-05-26 01:44:49,380 [Listener at 0.0.0.0/40221] INFO  reflections.Reflections (Reflections.java:scan(232)) - Reflections took 267 ms to scan 2 urls, producing 143 keys and 371 values [using 2 cores]
2022-05-26 01:44:49,381 [Listener at 0.0.0.0/40221] INFO  upgrade.OMLayoutVersionManager (OMLayoutVersionManager.java:lambda$0(115)) - Skipping Upgrade Action MockOmUpgradeAction since it has been finalized.
2022-05-26 01:44:49,381 [Listener at 0.0.0.0/40221] WARN  server.ServerUtils (ServerUtils.java:getDBPath(225)) - ozone.om.db.dirs is not configured. We recommend adding this setting. Falling back to ozone.metadata.dirs instead.
2022-05-26 01:44:49,382 [Listener at 0.0.0.0/40221] INFO  proxy.SCMBlockLocationFailoverProxyProvider (SCMBlockLocationFailoverProxyProvider.java:<init>(114)) - Created block location fail-over proxy with 1 nodes: [nodeId=scmNodeId,nodeAddress=/0.0.0.0:34429]
2022-05-26 01:44:49,383 [Listener at 0.0.0.0/40221] INFO  proxy.SCMBlockLocationFailoverProxyProvider (SCMBlockLocationFailoverProxyProvider.java:<init>(114)) - Created block location fail-over proxy with 1 nodes: [nodeId=scmNodeId,nodeAddress=/0.0.0.0:34429]
2022-05-26 01:44:49,446 [Listener at 0.0.0.0/40221] WARN  server.ServerUtils (ServerUtils.java:getDBPath(225)) - ozone.om.db.dirs is not configured. We recommend adding this setting. Falling back to ozone.metadata.dirs instead.
2022-05-26 01:44:49,447 [Listener at 0.0.0.0/40221] INFO  codec.OmKeyInfoCodec (OmKeyInfoCodec.java:<init>(49)) - OmKeyInfoCodec ignorePipeline = true
2022-05-26 01:44:49,447 [Listener at 0.0.0.0/40221] INFO  codec.RepeatedOmKeyInfoCodec (RepeatedOmKeyInfoCodec.java:<init>(41)) - RepeatedOmKeyInfoCodec ignorePipeline = true
2022-05-26 01:44:49,913 [Listener at 0.0.0.0/40221] INFO  om.OzoneManager (OzoneManager.java:addS3GVolumeToDB(3894)) - Created Volume s3v With Owner runner required for S3Gateway operations.
2022-05-26 01:44:49,913 [Listener at 0.0.0.0/40221] WARN  server.ServerUtils (ServerUtils.java:getDefaultRatisDirectory(237)) - Storage directory for Ratis is not configured. It is a good idea to map this to an SSD disk. Falling back to ozone.metadata.dirs
2022-05-26 01:44:49,914 [Listener at 0.0.0.0/40221] WARN  utils.OzoneManagerRatisUtils (OzoneManagerRatisUtils.java:getOMRatisSnapshotDirectory(395)) - ozone.om.ratis.snapshot.dir is not configured. Falling back to ozone.metadata.dirs config
2022-05-26 01:44:49,914 [Listener at 0.0.0.0/40221] WARN  server.ServerUtils (ServerUtils.java:getDefaultRatisDirectory(237)) - Storage directory for Ratis is not configured. It is a good idea to map this to an SSD disk. Falling back to ozone.metadata.dirs
2022-05-26 01:44:49,935 [Listener at 0.0.0.0/40221] INFO  ratis.OzoneManagerRatisServer (OzoneManagerRatisServer.java:<init>(159)) - Instantiating OM Ratis server with groupID: omServiceIdDefault and peers: localhost:9872
2022-05-26 01:44:49,935 [Listener at 0.0.0.0/40221] INFO  ratis.OzoneManagerStateMachine (OzoneManagerStateMachine.java:loadSnapshotInfoFromDB(627)) - LastAppliedIndex is set from TransactionInfo from OM DB as (t:0, i:~)
2022-05-26 01:44:49,936 [Listener at 0.0.0.0/40221] INFO  server.RaftServer (ConfUtils.java:logGet(46)) - raft.rpc.type = GRPC (default)
2022-05-26 01:44:49,936 [Listener at 0.0.0.0/40221] INFO  grpc.GrpcFactory (GrpcFactory.java:checkPooledByteBufAllocatorUseCacheForAllThreads(48)) - PERFORMANCE WARNING: useCacheForAllThreads is true that may cause Netty to create a lot garbage objects and, as a result, trigger GC.
	It is recommended to disable useCacheForAllThreads by setting -Dorg.apache.ratis.thirdparty.io.netty.allocator.useCacheForAllThreads=false in command line.
2022-05-26 01:44:49,937 [Listener at 0.0.0.0/40221] INFO  grpc.GrpcConfigKeys (ConfUtils.java:logGet(46)) - raft.grpc.admin.port = -1 (default)
2022-05-26 01:44:49,937 [Listener at 0.0.0.0/40221] INFO  grpc.GrpcConfigKeys (ConfUtils.java:logGet(46)) - raft.grpc.server.port = 9872 (custom)
2022-05-26 01:44:49,937 [Listener at 0.0.0.0/40221] INFO  grpc.GrpcConfigKeys (ConfUtils.java:logGet(46)) - raft.grpc.client.port = -1 (default)
2022-05-26 01:44:49,937 [Listener at 0.0.0.0/40221] INFO  grpc.GrpcConfigKeys (ConfUtils.java:logGet(46)) - raft.grpc.server.port = 9872 (custom)
2022-05-26 01:44:49,937 [Listener at 0.0.0.0/40221] INFO  grpc.GrpcConfigKeys (ConfUtils.java:logGet(46)) - raft.grpc.server.port = 9872 (custom)
2022-05-26 01:44:49,937 [Listener at 0.0.0.0/40221] INFO  server.GrpcService (ConfUtils.java:logGet(46)) - raft.grpc.message.size.max = 33554432 (custom)
2022-05-26 01:44:49,937 [Listener at 0.0.0.0/40221] INFO  server.RaftServerConfigKeys (ConfUtils.java:logGet(46)) - raft.server.log.appender.buffer.byte-limit = 33554432 (custom)
2022-05-26 01:44:49,937 [Listener at 0.0.0.0/40221] INFO  server.GrpcService (ConfUtils.java:logGet(46)) - raft.grpc.flow.control.window = 1MB (=1048576) (default)
2022-05-26 01:44:49,937 [Listener at 0.0.0.0/40221] INFO  server.RaftServerConfigKeys (ConfUtils.java:logGet(46)) - raft.server.rpc.request.timeout = 3000ms (default)
2022-05-26 01:44:49,938 [Listener at 0.0.0.0/40221] INFO  grpc.GrpcConfigKeys (ConfUtils.java:logGet(46)) - raft.grpc.server.async.request.thread.pool.cached = true (default)
2022-05-26 01:44:49,938 [Listener at 0.0.0.0/40221] INFO  grpc.GrpcConfigKeys (ConfUtils.java:logGet(46)) - raft.grpc.server.async.request.thread.pool.size = 32 (default)
2022-05-26 01:44:49,939 [Listener at 0.0.0.0/40221] INFO  impl.DataStreamServerImpl (ConfUtils.java:logGet(46)) - raft.datastream.type = DISABLED (default)
2022-05-26 01:44:49,939 [Listener at 0.0.0.0/40221] INFO  server.RaftServerConfigKeys (ConfUtils.java:logGet(46)) - raft.server.threadpool.proxy.cached = true (default)
2022-05-26 01:44:49,939 [Listener at 0.0.0.0/40221] INFO  server.RaftServerConfigKeys (ConfUtils.java:logGet(46)) - raft.server.threadpool.proxy.size = 0 (default)
2022-05-26 01:44:49,940 [Listener at 0.0.0.0/40221] INFO  server.RaftServerConfigKeys (ConfUtils.java:logGet(46)) - raft.server.rpc.slowness.timeout = 120s (custom)
2022-05-26 01:44:49,940 [Listener at 0.0.0.0/40221] INFO  server.RaftServerConfigKeys (ConfUtils.java:logGet(46)) - raft.server.leaderelection.leader.step-down.wait-time = 10s (default)
2022-05-26 01:44:49,941 [Listener at 0.0.0.0/40221] INFO  server.RaftServerConfigKeys (ConfUtils.java:logGet(46)) - raft.server.storage.dir = [/home/runner/work/ozone/ozone/hadoop-ozone/integration-test/target/test-dir/MiniOzoneClusterImpl-d805c563-f850-4cee-aec1-f3ddb982742c/ozone-meta/ratis] (custom)
2022-05-26 01:44:49,944 [Listener at 0.0.0.0/40221] INFO  server.RaftServer (RaftServerProxy.java:addNew(96)) - om1: addNew group-C5BA1605619E:[om1|rpc:localhost:9872|priority:0] returns group-C5BA1605619E:java.util.concurrent.CompletableFuture@1eedcb1[Not completed]
2022-05-26 01:44:49,944 [Listener at 0.0.0.0/40221] INFO  om.OzoneManager (OzoneManager.java:initializeRatisServer(1901)) - OzoneManager Ratis server initialized at port 9872
2022-05-26 01:44:49,945 [Listener at 0.0.0.0/40221] INFO  om.OzoneManager (OzoneManager.java:getRpcServer(1030)) - Creating RPC Server
2022-05-26 01:44:49,947 [pool-434-thread-1] INFO  server.RaftServer$Division (RaftServerImpl.java:<init>(190)) - om1: new RaftServerImpl for group-C5BA1605619E:[om1|rpc:localhost:9872|priority:0] with OzoneManagerStateMachine:uninitialized
2022-05-26 01:44:49,947 [pool-434-thread-1] INFO  server.RaftServerConfigKeys (ConfUtils.java:logGet(46)) - raft.server.rpc.timeout.min = 1s (custom)
2022-05-26 01:44:49,947 [pool-434-thread-1] INFO  server.RaftServerConfigKeys (ConfUtils.java:logGet(46)) - raft.server.rpc.timeout.max = 1200ms (custom)
2022-05-26 01:44:49,947 [pool-434-thread-1] INFO  server.RaftServerConfigKeys (ConfUtils.java:logGet(46)) - raft.server.rpc.sleep.time = 25ms (default)
2022-05-26 01:44:49,948 [pool-434-thread-1] INFO  server.RaftServerConfigKeys (ConfUtils.java:logGet(46)) - raft.server.rpc.slowness.timeout = 120s (custom)
2022-05-26 01:44:49,948 [pool-434-thread-1] INFO  server.RaftServerConfigKeys (ConfUtils.java:logGet(46)) - raft.server.leaderelection.leader.step-down.wait-time = 10s (default)
2022-05-26 01:44:49,948 [pool-434-thread-1] INFO  server.RaftServerConfigKeys (ConfUtils.java:logGet(46)) - raft.server.sleep.deviation.threshold = 300ms (default)
2022-05-26 01:44:49,948 [pool-434-thread-1] INFO  server.RaftServer$Division (ServerState.java:<init>(107)) - om1@group-C5BA1605619E: ConfigurationManager, init=-1: [om1|rpc:localhost:9872|priority:0], old=null, confs=<EMPTY_MAP>
2022-05-26 01:44:49,949 [pool-434-thread-1] INFO  server.RaftServerConfigKeys (ConfUtils.java:logGet(46)) - raft.server.storage.dir = [/home/runner/work/ozone/ozone/hadoop-ozone/integration-test/target/test-dir/MiniOzoneClusterImpl-d805c563-f850-4cee-aec1-f3ddb982742c/ozone-meta/ratis] (custom)
2022-05-26 01:44:49,949 [pool-434-thread-1] INFO  server.RaftServerConfigKeys (ConfUtils.java:logGet(46)) - raft.server.log.corruption.policy = EXCEPTION (default)
2022-05-26 01:44:49,949 [pool-434-thread-1] INFO  server.RaftServerConfigKeys (ConfUtils.java:logGet(46)) - raft.server.storage.free-space.min = 0MB (=0) (default)
2022-05-26 01:44:49,949 [pool-434-thread-1] INFO  storage.RaftStorageDirectory (RaftStorageDirectoryImpl.java:analyzeStorage(135)) - The storage directory /home/runner/work/ozone/ozone/hadoop-ozone/integration-test/target/test-dir/MiniOzoneClusterImpl-d805c563-f850-4cee-aec1-f3ddb982742c/ozone-meta/ratis/bf265839-605b-3f16-9796-c5ba1605619e does not exist. Creating ...
2022-05-26 01:44:49,964 [pool-434-thread-1] INFO  storage.RaftStorageDirectory (RaftStorageDirectoryImpl.java:tryLock(230)) - Lock on /home/runner/work/ozone/ozone/hadoop-ozone/integration-test/target/test-dir/MiniOzoneClusterImpl-d805c563-f850-4cee-aec1-f3ddb982742c/ozone-meta/ratis/bf265839-605b-3f16-9796-c5ba1605619e/in_use.lock acquired by nodename 11847@fv-az270-854
2022-05-26 01:44:49,966 [pool-434-thread-1] INFO  storage.RaftStorage (RaftStorageImpl.java:format(89)) - Storage directory /home/runner/work/ozone/ozone/hadoop-ozone/integration-test/target/test-dir/MiniOzoneClusterImpl-d805c563-f850-4cee-aec1-f3ddb982742c/ozone-meta/ratis/bf265839-605b-3f16-9796-c5ba1605619e has been successfully formatted.
2022-05-26 01:44:49,967 [pool-434-thread-1] INFO  server.RaftServerConfigKeys (ConfUtils.java:logGet(46)) - raft.server.notification.no-leader.timeout = 120s (custom)
2022-05-26 01:44:49,967 [pool-434-thread-1] INFO  server.RaftServerConfigKeys (ConfUtils.java:logGet(46)) - raft.server.log.use.memory = false (default)
2022-05-26 01:44:49,967 [pool-434-thread-1] INFO  server.RaftServerConfigKeys (ConfUtils.java:logGet(46)) - raft.server.log.purge.gap = 1000000 (custom)
2022-05-26 01:44:49,967 [pool-434-thread-1] INFO  server.RaftServerConfigKeys (ConfUtils.java:logGet(46)) - raft.server.log.appender.buffer.byte-limit = 33554432 (custom)
2022-05-26 01:44:49,967 [pool-434-thread-1] INFO  server.RaftServerConfigKeys (ConfUtils.java:logGet(46)) - raft.server.log.statemachine.data.read.timeout = 1000ms (default)
2022-05-26 01:44:49,968 [pool-434-thread-1] INFO  server.RaftServerConfigKeys (ConfUtils.java:logGet(46)) - raft.server.log.segment.size.max = 4194304 (custom)
2022-05-26 01:44:49,968 [pool-434-thread-1] INFO  server.RaftServerConfigKeys (ConfUtils.java:logGet(46)) - raft.server.log.segment.cache.num.max = 2 (custom)
2022-05-26 01:44:49,968 [pool-434-thread-1] INFO  server.RaftServerConfigKeys (ConfUtils.java:logGet(46)) - raft.server.log.segment.cache.size.max = 200MB (=209715200) (default)
2022-05-26 01:44:49,968 [pool-434-thread-1] INFO  segmented.SegmentedRaftLogWorker (SegmentedRaftLogWorker.java:<init>(187)) - new om1@group-C5BA1605619E-SegmentedRaftLogWorker for RaftStorageImpl:Storage Directory /home/runner/work/ozone/ozone/hadoop-ozone/integration-test/target/test-dir/MiniOzoneClusterImpl-d805c563-f850-4cee-aec1-f3ddb982742c/ozone-meta/ratis/bf265839-605b-3f16-9796-c5ba1605619e
2022-05-26 01:44:49,968 [pool-434-thread-1] INFO  server.RaftServerConfigKeys (ConfUtils.java:logGet(46)) - raft.server.log.queue.byte-limit = 64MB (=67108864) (default)
2022-05-26 01:44:49,968 [pool-434-thread-1] INFO  server.RaftServerConfigKeys (ConfUtils.java:logGet(46)) - raft.server.log.queue.element-limit = 4096 (default)
2022-05-26 01:44:49,968 [pool-434-thread-1] INFO  server.RaftServerConfigKeys (ConfUtils.java:logGet(46)) - raft.server.log.segment.size.max = 4194304 (custom)
2022-05-26 01:44:49,968 [pool-434-thread-1] INFO  server.RaftServerConfigKeys (ConfUtils.java:logGet(46)) - raft.server.log.preallocated.size = 4194304 (custom)
2022-05-26 01:44:49,968 [pool-434-thread-1] INFO  server.RaftServerConfigKeys (ConfUtils.java:logGet(46)) - raft.server.log.force.sync.num = 128 (default)
2022-05-26 01:44:49,968 [pool-434-thread-1] INFO  server.RaftServerConfigKeys (ConfUtils.java:logGet(46)) - raft.server.log.statemachine.data.sync = true (default)
2022-05-26 01:44:49,968 [pool-434-thread-1] INFO  server.RaftServerConfigKeys (ConfUtils.java:logGet(46)) - raft.server.log.statemachine.data.sync.timeout = 10s (default)
2022-05-26 01:44:49,968 [pool-434-thread-1] INFO  server.RaftServerConfigKeys (ConfUtils.java:logGet(46)) - raft.server.log.statemachine.data.sync.timeout.retry = -1 (default)
2022-05-26 01:44:49,981 [pool-434-thread-1] INFO  server.RaftServerConfigKeys (ConfUtils.java:logGet(46)) - raft.server.log.write.buffer.size = 64KB (=65536) (default)
2022-05-26 01:44:49,982 [pool-434-thread-1] INFO  server.RaftServerConfigKeys (ConfUtils.java:logGet(46)) - raft.server.log.unsafe-flush.enabled = false (default)
2022-05-26 01:44:49,982 [pool-434-thread-1] INFO  server.RaftServerConfigKeys (ConfUtils.java:logGet(46)) - raft.server.log.statemachine.data.caching.enabled = false (default)
2022-05-26 01:44:49,982 [pool-434-thread-1] INFO  segmented.SegmentedRaftLogWorker (SegmentedRaftLogWorker.java:lambda$new$0(135)) - om1@group-C5BA1605619E-SegmentedRaftLogWorker: flushIndex: setUnconditionally 0 -> -1
2022-05-26 01:44:49,982 [pool-434-thread-1] INFO  segmented.SegmentedRaftLogWorker (SegmentedRaftLogWorker.java:lambda$new$0(135)) - om1@group-C5BA1605619E-SegmentedRaftLogWorker: safeCacheEvictIndex: setUnconditionally 0 -> -1
2022-05-26 01:44:50,008 [pool-434-thread-1] INFO  server.RaftServerConfigKeys (ConfUtils.java:logGet(46)) - raft.server.snapshot.auto.trigger.enabled = true (custom)
2022-05-26 01:44:50,008 [pool-434-thread-1] INFO  server.RaftServerConfigKeys (ConfUtils.java:logGet(46)) - raft.server.snapshot.auto.trigger.threshold = 400000 (default)
2022-05-26 01:44:50,008 [pool-434-thread-1] INFO  server.RaftServerConfigKeys (ConfUtils.java:logGet(46)) - raft.server.snapshot.retention.file.num = -1 (default)
2022-05-26 01:44:50,008 [pool-434-thread-1] INFO  server.RaftServerConfigKeys (ConfUtils.java:logGet(46)) - raft.server.log.purge.upto.snapshot.index = true (custom)
2022-05-26 01:44:50,008 [pool-434-thread-1] INFO  server.RaftServerConfigKeys (ConfUtils.java:logGet(46)) - raft.server.retrycache.expirytime = 300s (custom)
2022-05-26 01:44:50,008 [pool-434-thread-1] INFO  server.RaftServerConfigKeys (ConfUtils.java:logGet(46)) - raft.server.retrycache.statistics.expirytime = 100μs (default)
2022-05-26 01:44:50,009 [pool-434-thread-1] INFO  server.RaftServerConfigKeys (ConfUtils.java:logGet(46)) - raft.server.log.appender.install.snapshot.enabled = false (custom)
2022-05-26 01:44:50,009 [pool-434-thread-1] INFO  server.RaftServerConfigKeys (ConfUtils.java:logGet(46)) - raft.server.threadpool.server.cached = true (default)
2022-05-26 01:44:50,009 [pool-434-thread-1] INFO  server.RaftServerConfigKeys (ConfUtils.java:logGet(46)) - raft.server.threadpool.server.size = 0 (default)
2022-05-26 01:44:50,009 [pool-434-thread-1] INFO  server.RaftServerConfigKeys (ConfUtils.java:logGet(46)) - raft.server.threadpool.client.cached = true (default)
2022-05-26 01:44:50,009 [pool-434-thread-1] INFO  server.RaftServerConfigKeys (ConfUtils.java:logGet(46)) - raft.server.threadpool.client.size = 0 (default)
2022-05-26 01:44:51,064 [Listener at 0.0.0.0/40221] INFO  reflections.Reflections (Reflections.java:scan(232)) - Reflections took 1118 ms to scan 19 urls, producing 61 keys and 3727 values [using 2 cores]
2022-05-26 01:44:51,066 [Listener at 0.0.0.0/40221] INFO  ipc.CallQueueManager (CallQueueManager.java:<init>(90)) - Using callQueue: class java.util.concurrent.LinkedBlockingQueue, queueCapacity: 2000, scheduler: class org.apache.hadoop.ipc.DefaultRpcScheduler, ipcBackoff: false.
2022-05-26 01:44:51,067 [Socket Reader #1 for port 0] INFO  ipc.Server (Server.java:run(1265)) - Starting Socket Reader #1 for port 0
2022-05-26 01:44:51,157 [Listener at 127.0.0.1/36169] INFO  impl.MetricsSystemImpl (MetricsSystemImpl.java:init(158)) - OzoneManager metrics system started (again)
2022-05-26 01:44:51,208 [Listener at 127.0.0.1/36169] INFO  om.OzoneManager (OzoneManager.java:start(1405)) - OzoneManager RPC server is listening at localhost/127.0.0.1:36169
2022-05-26 01:44:51,209 [Listener at 127.0.0.1/36169] INFO  ratis.OzoneManagerRatisServer (OzoneManagerRatisServer.java:start(554)) - Starting OzoneManagerRatisServer om1 at port 9872
2022-05-26 01:44:51,209 [om1-impl-thread1] INFO  server.RaftServer$Division (RaftServerImpl.java:start(310)) - om1@group-C5BA1605619E: start as a follower, conf=-1: [om1|rpc:localhost:9872|priority:0], old=null
2022-05-26 01:44:51,209 [om1-impl-thread1] INFO  server.RaftServer$Division (RaftServerImpl.java:setRole(299)) - om1@group-C5BA1605619E: changes role from      null to FOLLOWER at term 0 for startAsFollower
2022-05-26 01:44:51,209 [om1-impl-thread1] INFO  impl.RoleInfo (RoleInfo.java:updateAndGet(139)) - om1: start om1@group-C5BA1605619E-FollowerState
2022-05-26 01:44:51,209 [om1-impl-thread1] INFO  util.JmxRegister (JmxRegister.java:tryRegister(44)) - Successfully registered JMX Bean with object name Ratis:service=RaftServer,group=group-C5BA1605619E,id=om1
2022-05-26 01:44:51,220 [Listener at 127.0.0.1/36169] INFO  server.RaftServer (RaftServerProxy.java:lambda$start$6(382)) - om1: start RPC server
2022-05-26 01:44:51,237 [Listener at 127.0.0.1/36169] INFO  server.GrpcService (GrpcService.java:startImpl(260)) - om1: GrpcService started, listening on 9872
2022-05-26 01:44:51,244 [Listener at 127.0.0.1/36169] INFO  om.OzoneManager (OzoneManager.java:start(1421)) - Version File has different layout version (2) than OM DB (null). That is expected if this OM has never been finalized to a newer layout version.
2022-05-26 01:44:51,244 [org.apache.ratis.util.JvmPauseMonitor$$Lambda$677/950145419@68cebde1] INFO  util.JvmPauseMonitor (JvmPauseMonitor.java:run(103)) - JvmPauseMonitor-om1: Started
2022-05-26 01:44:51,259 [Listener at 127.0.0.1/36169] INFO  http.BaseHttpServer (BaseHttpServer.java:newHttpServer2BuilderForOzone(209)) - Starting Web-server for ozoneManager at: http://0.0.0.0:0
2022-05-26 01:44:51,259 [Listener at 127.0.0.1/36169] INFO  http.BaseHttpServer (BaseHttpServer.java:<init>(107)) - Hadoop Security Enabled: false Ozone Security Enabled: false Ozone HTTP Security Enabled: false 
2022-05-26 01:44:51,260 [Listener at 127.0.0.1/36169] INFO  server.AuthenticationFilter (AuthenticationFilter.java:constructSecretProvider(240)) - Unable to initialize FileSignerSecretProvider, falling back to use random secrets.
2022-05-26 01:44:51,304 [Listener at 127.0.0.1/36169] WARN  http.HttpRequestLog (HttpRequestLog.java:getRequestLog(103)) - Jetty request log can only be enabled using Log4j
2022-05-26 01:44:51,305 [Listener at 127.0.0.1/36169] INFO  http.HttpServer2 (HttpServer2.java:addGlobalFilter(1030)) - Added global filter 'safety' (class=org.apache.hadoop.hdds.server.http.HttpServer2$QuotingInputFilter)
2022-05-26 01:44:51,306 [Listener at 127.0.0.1/36169] INFO  http.HttpServer2 (HttpServer2.java:addFilter(1006)) - Added filter static_user_filter (class=org.apache.hadoop.http.lib.StaticUserWebFilter$StaticUserFilter) to context ozoneManager
2022-05-26 01:44:51,306 [Listener at 127.0.0.1/36169] INFO  http.HttpServer2 (HttpServer2.java:addFilter(1014)) - Added filter static_user_filter (class=org.apache.hadoop.http.lib.StaticUserWebFilter$StaticUserFilter) to context static
2022-05-26 01:44:51,306 [Listener at 127.0.0.1/36169] INFO  http.HttpServer2 (HttpServer2.java:addFilter(1014)) - Added filter static_user_filter (class=org.apache.hadoop.http.lib.StaticUserWebFilter$StaticUserFilter) to context logs
2022-05-26 01:44:51,306 [Listener at 127.0.0.1/36169] INFO  http.HttpServer2 (HttpServer2.java:bindListener(1249)) - Jetty bound to port 42027
2022-05-26 01:44:51,307 [Listener at 127.0.0.1/36169] INFO  server.Server (Server.java:doStart(375)) - jetty-9.4.43.v20210629; built: 2021-06-30T11:07:22.254Z; git: 526006ecfa3af7f1a27ef3a288e2bef7ea9dd7e8; jvm 1.8.0_332-b09
2022-05-26 01:44:51,412 [Listener at 127.0.0.1/36169] INFO  server.session (DefaultSessionIdManager.java:doStart(334)) - DefaultSessionIdManager workerName=node0
2022-05-26 01:44:51,412 [Listener at 127.0.0.1/36169] INFO  server.session (DefaultSessionIdManager.java:doStart(339)) - No SessionScavenger set, using defaults
2022-05-26 01:44:51,413 [Listener at 127.0.0.1/36169] INFO  server.session (HouseKeeper.java:startScavenging(132)) - node0 Scavenging every 600000ms
2022-05-26 01:44:51,444 [Listener at 127.0.0.1/36169] INFO  handler.ContextHandler (ContextHandler.java:doStart(915)) - Started o.e.j.s.ServletContextHandler@4ccffa70{logs,/logs,file:///home/runner/work/ozone/ozone/hadoop-ozone/integration-test/target/log,AVAILABLE}
2022-05-26 01:44:51,445 [Listener at 127.0.0.1/36169] INFO  handler.ContextHandler (ContextHandler.java:doStart(915)) - Started o.e.j.s.ServletContextHandler@b878400{static,/static,file:///home/runner/work/ozone/ozone/hadoop-ozone/integration-test/target/test-classes/webapps/static,AVAILABLE}
2022-05-26 01:44:51,448 [Listener at 127.0.0.1/36169] INFO  handler.ContextHandler (ContextHandler.java:doStart(915)) - Started o.e.j.w.WebAppContext@1a92a239{ozoneManager,/,file:///home/runner/work/ozone/ozone/hadoop-ozone/integration-test/target/test-classes/webapps/ozoneManager/,AVAILABLE}{file:/home/runner/work/ozone/ozone/hadoop-ozone/integration-test/target/test-classes/webapps/ozoneManager}
2022-05-26 01:44:51,460 [Listener at 127.0.0.1/36169] INFO  server.AbstractConnector (AbstractConnector.java:doStart(331)) - Started ServerConnector@455baacf{HTTP/1.1, (http/1.1)}{0.0.0.0:42027}
2022-05-26 01:44:51,460 [Listener at 127.0.0.1/36169] INFO  server.Server (Server.java:doStart(415)) - Started @130231ms
2022-05-26 01:44:51,460 [Listener at 127.0.0.1/36169] WARN  impl.MetricsSystemImpl (MetricsSystemImpl.java:register(279)) - Sink prometheus already exists!
2022-05-26 01:44:51,464 [Listener at 127.0.0.1/36169] INFO  http.BaseHttpServer (BaseHttpServer.java:updateConnectorAddress(329)) - HTTP server of ozoneManager listening at http://0.0.0.0:42027
2022-05-26 01:44:51,484 [IPC Server Responder] INFO  ipc.Server (Server.java:run(1507)) - IPC Server Responder: starting
2022-05-26 01:44:51,484 [IPC Server listener on 0] INFO  ipc.Server (Server.java:run(1344)) - IPC Server listener on 0: starting
2022-05-26 01:44:51,520 [Listener at 127.0.0.1/36169] INFO  om.OzoneManager (OzoneManager.java:startTrashEmptier(1845)) - Trash Interval set to 0. Files deleted won't move to trash
2022-05-26 01:44:51,574 [org.apache.hadoop.util.JvmPauseMonitor$Monitor@49249169] INFO  util.JvmPauseMonitor (JvmPauseMonitor.java:run(188)) - Starting JVM pause monitor
2022-05-26 01:44:51,583 [Listener at 127.0.0.1/36169] WARN  impl.MetricRegistriesImpl (MetricRegistriesImpl.java:addReporterRegistration(111)) - New reporters are added after registries were created. Some metrics will be missing from the reporter. Please add reporter before adding any new registry.
2022-05-26 01:44:51,583 [Listener at 127.0.0.1/36169] WARN  impl.MetricRegistriesImpl (MetricRegistriesImpl.java:addReporterRegistration(111)) - New reporters are added after registries were created. Some metrics will be missing from the reporter. Please add reporter before adding any new registry.
2022-05-26 01:44:51,583 [Listener at 127.0.0.1/36169] INFO  impl.MetricsSystemImpl (MetricsSystemImpl.java:init(158)) - HddsDatanode metrics system started (again)
2022-05-26 01:44:51,636 [Listener at 127.0.0.1/36169] INFO  ozone.HddsDatanodeService (HddsDatanodeService.java:start(236)) - HddsDatanodeService host:fv-az270-854.tacnzluakwdehk1hpragurqkma.bx.internal.cloudapp.net ip:10.1.0.18
2022-05-26 01:44:51,723 [Listener at 127.0.0.1/36169] INFO  upgrade.AbstractLayoutVersionManager (AbstractLayoutVersionManager.java:init(79)) - Initializing Layout version manager with metadata layout = ERASURE_CODED_STORAGE_SUPPORT (version = 3), software layout = ERASURE_CODED_STORAGE_SUPPORT (version = 3)
2022-05-26 01:44:51,904 [Listener at 127.0.0.1/36169] INFO  reflections.Reflections (Reflections.java:scan(232)) - Reflections took 169 ms to scan 7 urls, producing 127 keys and 292 values 
2022-05-26 01:44:51,905 [Listener at 127.0.0.1/36169] INFO  statemachine.DatanodeStateMachine (DatanodeStateMachine.java:getEndPointTaskThreadPoolSize(233)) - Datanode State Machine Task Thread Pool size 2
2022-05-26 01:44:51,923 [Listener at 127.0.0.1/36169] INFO  volume.HddsVolume (HddsVolume.java:<init>(120)) - Creating HddsVolume: /home/runner/work/ozone/ozone/hadoop-ozone/integration-test/target/test-dir/MiniOzoneClusterImpl-d805c563-f850-4cee-aec1-f3ddb982742c/datanode-0/data-0/containers/hdds of storage type : DISK capacity : 9223372036854775807
2022-05-26 01:44:51,923 [Listener at 127.0.0.1/36169] INFO  volume.MutableVolumeSet (MutableVolumeSet.java:initializeVolumeSet(168)) - Added Volume : /home/runner/work/ozone/ozone/hadoop-ozone/integration-test/target/test-dir/MiniOzoneClusterImpl-d805c563-f850-4cee-aec1-f3ddb982742c/datanode-0/data-0/containers/hdds to VolumeSet
2022-05-26 01:44:51,923 [Listener at 127.0.0.1/36169] INFO  volume.ThrottledAsyncChecker (ThrottledAsyncChecker.java:schedule(141)) - Scheduling a check for /home/runner/work/ozone/ozone/hadoop-ozone/integration-test/target/test-dir/MiniOzoneClusterImpl-d805c563-f850-4cee-aec1-f3ddb982742c/datanode-0/data-0/containers/hdds
2022-05-26 01:44:51,931 [Listener at 127.0.0.1/36169] INFO  volume.StorageVolumeChecker (StorageVolumeChecker.java:checkAllVolumes(202)) - Scheduled health check for volume /home/runner/work/ozone/ozone/hadoop-ozone/integration-test/target/test-dir/MiniOzoneClusterImpl-d805c563-f850-4cee-aec1-f3ddb982742c/datanode-0/data-0/containers/hdds
2022-05-26 01:44:51,942 [Listener at 127.0.0.1/36169] INFO  volume.MutableVolumeSet (MutableVolumeSet.java:initializeVolumeSet(168)) - Added Volume : /home/runner/work/ozone/ozone/hadoop-ozone/integration-test/target/test-dir/MiniOzoneClusterImpl-d805c563-f850-4cee-aec1-f3ddb982742c/datanode-0/data/ratis to VolumeSet
2022-05-26 01:44:51,942 [Listener at 127.0.0.1/36169] INFO  volume.ThrottledAsyncChecker (ThrottledAsyncChecker.java:schedule(141)) - Scheduling a check for /home/runner/work/ozone/ozone/hadoop-ozone/integration-test/target/test-dir/MiniOzoneClusterImpl-d805c563-f850-4cee-aec1-f3ddb982742c/datanode-0/data/ratis
2022-05-26 01:44:51,952 [Listener at 127.0.0.1/36169] INFO  volume.StorageVolumeChecker (StorageVolumeChecker.java:checkAllVolumes(202)) - Scheduled health check for volume /home/runner/work/ozone/ozone/hadoop-ozone/integration-test/target/test-dir/MiniOzoneClusterImpl-d805c563-f850-4cee-aec1-f3ddb982742c/datanode-0/data/ratis
2022-05-26 01:44:52,014 [Thread-934] INFO  ozoneimpl.ContainerReader (ContainerReader.java:readVolume(172)) - Finish verifying containers on volume /home/runner/work/ozone/ozone/hadoop-ozone/integration-test/target/test-dir/MiniOzoneClusterImpl-d805c563-f850-4cee-aec1-f3ddb982742c/datanode-0/data-0/containers/hdds
2022-05-26 01:44:52,014 [Listener at 127.0.0.1/36169] INFO  ozoneimpl.OzoneContainer (OzoneContainer.java:buildContainerSet(257)) - Build ContainerSet costs 0s
2022-05-26 01:44:52,016 [Listener at 127.0.0.1/36169] INFO  server.RaftServer (ConfUtils.java:logGet(46)) - raft.rpc.type = GRPC (default)
2022-05-26 01:44:52,016 [Listener at 127.0.0.1/36169] INFO  grpc.GrpcFactory (GrpcFactory.java:checkPooledByteBufAllocatorUseCacheForAllThreads(48)) - PERFORMANCE WARNING: useCacheForAllThreads is true that may cause Netty to create a lot garbage objects and, as a result, trigger GC.
	It is recommended to disable useCacheForAllThreads by setting -Dorg.apache.ratis.thirdparty.io.netty.allocator.useCacheForAllThreads=false in command line.
2022-05-26 01:44:52,016 [Listener at 127.0.0.1/36169] INFO  grpc.GrpcConfigKeys (ConfUtils.java:logGet(46)) - raft.grpc.admin.port = 0 (custom)
2022-05-26 01:44:52,016 [Listener at 127.0.0.1/36169] INFO  grpc.GrpcConfigKeys (ConfUtils.java:logGet(46)) - raft.grpc.client.port = 0 (custom)
2022-05-26 01:44:52,016 [Listener at 127.0.0.1/36169] INFO  grpc.GrpcConfigKeys (ConfUtils.java:logGet(46)) - raft.grpc.server.port = 0 (default)
2022-05-26 01:44:52,016 [Listener at 127.0.0.1/36169] INFO  server.GrpcService (ConfUtils.java:logGet(46)) - raft.grpc.message.size.max = 32MB (=33554432) (custom)
2022-05-26 01:44:52,016 [Listener at 127.0.0.1/36169] INFO  server.RaftServerConfigKeys (ConfUtils.java:logGet(46)) - raft.server.log.appender.buffer.byte-limit = 33554432 (custom)
2022-05-26 01:44:52,017 [Listener at 127.0.0.1/36169] INFO  server.GrpcService (ConfUtils.java:logGet(46)) - raft.grpc.flow.control.window = 5MB (=5242880) (custom)
2022-05-26 01:44:52,017 [Listener at 127.0.0.1/36169] INFO  server.RaftServerConfigKeys (ConfUtils.java:logGet(46)) - raft.server.rpc.request.timeout = 60s (custom)
2022-05-26 01:44:52,017 [Listener at 127.0.0.1/36169] INFO  grpc.GrpcConfigKeys (ConfUtils.java:logGet(46)) - raft.grpc.server.async.request.thread.pool.cached = true (default)
2022-05-26 01:44:52,017 [Listener at 127.0.0.1/36169] INFO  grpc.GrpcConfigKeys (ConfUtils.java:logGet(46)) - raft.grpc.server.async.request.thread.pool.size = 32 (default)
2022-05-26 01:44:52,018 [Listener at 127.0.0.1/36169] INFO  impl.DataStreamServerImpl (ConfUtils.java:logGet(46)) - raft.datastream.type = DISABLED (default)
2022-05-26 01:44:52,018 [Listener at 127.0.0.1/36169] INFO  server.RaftServerConfigKeys (ConfUtils.java:logGet(46)) - raft.server.threadpool.proxy.cached = true (default)
2022-05-26 01:44:52,018 [Listener at 127.0.0.1/36169] INFO  server.RaftServerConfigKeys (ConfUtils.java:logGet(46)) - raft.server.threadpool.proxy.size = 0 (default)
2022-05-26 01:44:52,019 [Listener at 127.0.0.1/36169] INFO  server.RaftServerConfigKeys (ConfUtils.java:logGet(46)) - raft.server.rpc.slowness.timeout = 300s (custom)
2022-05-26 01:44:52,019 [Listener at 127.0.0.1/36169] INFO  server.RaftServerConfigKeys (ConfUtils.java:logGet(46)) - raft.server.leaderelection.leader.step-down.wait-time = 10s (default)
2022-05-26 01:44:52,019 [Listener at 127.0.0.1/36169] INFO  server.RaftServerConfigKeys (ConfUtils.java:logGet(46)) - raft.server.storage.dir = [/home/runner/work/ozone/ozone/hadoop-ozone/integration-test/target/test-dir/MiniOzoneClusterImpl-d805c563-f850-4cee-aec1-f3ddb982742c/datanode-0/data/ratis] (custom)
2022-05-26 01:44:52,025 [Listener at 127.0.0.1/36169] INFO  server.XceiverServerGrpc (XceiverServerGrpc.java:<init>(132)) - GrpcServer channel type EpollServerSocketChannel
2022-05-26 01:44:52,037 [Listener at 127.0.0.1/36169] INFO  http.BaseHttpServer (BaseHttpServer.java:newHttpServer2BuilderForOzone(209)) - Starting Web-server for hddsDatanode at: http://0.0.0.0:0
2022-05-26 01:44:52,037 [Listener at 127.0.0.1/36169] INFO  http.BaseHttpServer (BaseHttpServer.java:<init>(107)) - Hadoop Security Enabled: false Ozone Security Enabled: false Ozone HTTP Security Enabled: false 
2022-05-26 01:44:52,060 [Listener at 127.0.0.1/36169] INFO  server.AuthenticationFilter (AuthenticationFilter.java:constructSecretProvider(240)) - Unable to initialize FileSignerSecretProvider, falling back to use random secrets.
2022-05-26 01:44:52,088 [Listener at 127.0.0.1/36169] WARN  http.HttpRequestLog (HttpRequestLog.java:getRequestLog(103)) - Jetty request log can only be enabled using Log4j
2022-05-26 01:44:52,092 [Listener at 127.0.0.1/36169] INFO  http.HttpServer2 (HttpServer2.java:addGlobalFilter(1030)) - Added global filter 'safety' (class=org.apache.hadoop.hdds.server.http.HttpServer2$QuotingInputFilter)
2022-05-26 01:44:52,093 [Listener at 127.0.0.1/36169] INFO  http.HttpServer2 (HttpServer2.java:addFilter(1006)) - Added filter static_user_filter (class=org.apache.hadoop.http.lib.StaticUserWebFilter$StaticUserFilter) to context hddsDatanode
2022-05-26 01:44:52,093 [Listener at 127.0.0.1/36169] INFO  http.HttpServer2 (HttpServer2.java:addFilter(1014)) - Added filter static_user_filter (class=org.apache.hadoop.http.lib.StaticUserWebFilter$StaticUserFilter) to context logs
2022-05-26 01:44:52,093 [Listener at 127.0.0.1/36169] INFO  http.HttpServer2 (HttpServer2.java:addFilter(1014)) - Added filter static_user_filter (class=org.apache.hadoop.http.lib.StaticUserWebFilter$StaticUserFilter) to context static
2022-05-26 01:44:52,094 [Listener at 127.0.0.1/36169] INFO  http.HttpServer2 (HttpServer2.java:bindListener(1249)) - Jetty bound to port 34055
2022-05-26 01:44:52,094 [Listener at 127.0.0.1/36169] INFO  server.Server (Server.java:doStart(375)) - jetty-9.4.43.v20210629; built: 2021-06-30T11:07:22.254Z; git: 526006ecfa3af7f1a27ef3a288e2bef7ea9dd7e8; jvm 1.8.0_332-b09
2022-05-26 01:44:52,214 [Listener at 127.0.0.1/36169] INFO  server.session (DefaultSessionIdManager.java:doStart(334)) - DefaultSessionIdManager workerName=node0
2022-05-26 01:44:52,215 [Listener at 127.0.0.1/36169] INFO  server.session (DefaultSessionIdManager.java:doStart(339)) - No SessionScavenger set, using defaults
2022-05-26 01:44:52,215 [Listener at 127.0.0.1/36169] INFO  server.session (HouseKeeper.java:startScavenging(132)) - node0 Scavenging every 600000ms
2022-05-26 01:44:52,216 [Listener at 127.0.0.1/36169] INFO  handler.ContextHandler (ContextHandler.java:doStart(915)) - Started o.e.j.s.ServletContextHandler@1642ae82{logs,/logs,file:///home/runner/work/ozone/ozone/hadoop-ozone/integration-test/target/log,AVAILABLE}
2022-05-26 01:44:52,216 [Listener at 127.0.0.1/36169] INFO  handler.ContextHandler (ContextHandler.java:doStart(915)) - Started o.e.j.s.ServletContextHandler@6f5467ac{static,/static,jar:file:/home/runner/.m2/repository/org/apache/ozone/hdds-container-service/1.3.0-SNAPSHOT/hdds-container-service-1.3.0-SNAPSHOT.jar!/webapps/static,AVAILABLE}
2022-05-26 01:44:52,333 [om1@group-C5BA1605619E-FollowerState] INFO  impl.FollowerState (FollowerState.java:run(143)) - om1@group-C5BA1605619E-FollowerState: change to CANDIDATE, lastRpcElapsedTime:1123890751ns, electionTimeout:1123ms
2022-05-26 01:44:52,333 [om1@group-C5BA1605619E-FollowerState] INFO  impl.RoleInfo (RoleInfo.java:shutdownFollowerState(110)) - om1: shutdown om1@group-C5BA1605619E-FollowerState
2022-05-26 01:44:52,333 [om1@group-C5BA1605619E-FollowerState] INFO  server.RaftServer$Division (RaftServerImpl.java:setRole(299)) - om1@group-C5BA1605619E: changes role from  FOLLOWER to CANDIDATE at term 0 for changeToCandidate
2022-05-26 01:44:52,333 [om1@group-C5BA1605619E-FollowerState] INFO  server.RaftServerConfigKeys (ConfUtils.java:logGet(46)) - raft.server.leaderelection.pre-vote = false (custom)
2022-05-26 01:44:52,333 [om1@group-C5BA1605619E-FollowerState] INFO  impl.RoleInfo (RoleInfo.java:updateAndGet(139)) - om1: start om1@group-C5BA1605619E-LeaderElection38
2022-05-26 01:44:52,360 [om1@group-C5BA1605619E-LeaderElection38] INFO  impl.LeaderElection (LeaderElection.java:askForVotes(310)) - om1@group-C5BA1605619E-LeaderElection38 ELECTION round 0: submit vote requests at term 1 for -1: [om1|rpc:localhost:9872|priority:0], old=null
2022-05-26 01:44:52,360 [om1@group-C5BA1605619E-LeaderElection38] INFO  impl.LeaderElection (LeaderElection.java:askForVotes(312)) - om1@group-C5BA1605619E-LeaderElection38 ELECTION round 0: result PASSED (term=1)
2022-05-26 01:44:52,360 [om1@group-C5BA1605619E-LeaderElection38] INFO  impl.RoleInfo (RoleInfo.java:shutdownLeaderElection(130)) - om1: shutdown om1@group-C5BA1605619E-LeaderElection38
2022-05-26 01:44:52,360 [om1@group-C5BA1605619E-LeaderElection38] INFO  server.RaftServer$Division (RaftServerImpl.java:setRole(299)) - om1@group-C5BA1605619E: changes role from CANDIDATE to LEADER at term 1 for changeToLeader
2022-05-26 01:44:52,360 [om1@group-C5BA1605619E-LeaderElection38] INFO  server.RaftServer$Division (ServerState.java:setLeader(287)) - om1@group-C5BA1605619E: change Leader from null to om1 at term 1 for becomeLeader, leader elected after 2393ms
2022-05-26 01:44:52,360 [om1@group-C5BA1605619E-LeaderElection38] INFO  server.RaftServerConfigKeys (ConfUtils.java:logGet(46)) - raft.server.staging.catchup.gap = 1000 (default)
2022-05-26 01:44:52,360 [om1@group-C5BA1605619E-LeaderElection38] INFO  server.RaftServerConfigKeys (ConfUtils.java:logGet(46)) - raft.server.write.element-limit = 4096 (default)
2022-05-26 01:44:52,360 [om1@group-C5BA1605619E-LeaderElection38] INFO  server.RaftServerConfigKeys (ConfUtils.java:logGet(46)) - raft.server.write.byte-limit = 64MB (=67108864) (default)
2022-05-26 01:44:52,361 [om1@group-C5BA1605619E-LeaderElection38] INFO  server.RaftServerConfigKeys (ConfUtils.java:logGet(46)) - raft.server.watch.timeout = 10s (default)
2022-05-26 01:44:52,361 [om1@group-C5BA1605619E-LeaderElection38] INFO  server.RaftServerConfigKeys (ConfUtils.java:logGet(46)) - raft.server.watch.timeout.denomination = 1s (default)
2022-05-26 01:44:52,361 [om1@group-C5BA1605619E-LeaderElection38] INFO  server.RaftServerConfigKeys (ConfUtils.java:logGet(46)) - raft.server.watch.element-limit = 65536 (default)
2022-05-26 01:44:52,361 [om1@group-C5BA1605619E-LeaderElection38] INFO  server.RaftServerConfigKeys (ConfUtils.java:logGet(46)) - raft.server.write.element-limit = 4096 (default)
2022-05-26 01:44:52,361 [om1@group-C5BA1605619E-LeaderElection38] INFO  server.RaftServerConfigKeys (ConfUtils.java:logGet(46)) - raft.server.write.follower.gap.ratio.max = -1.0 (default)
2022-05-26 01:44:52,361 [om1@group-C5BA1605619E-LeaderElection38] INFO  impl.RoleInfo (RoleInfo.java:updateAndGet(139)) - om1: start om1@group-C5BA1605619E-LeaderStateImpl
2022-05-26 01:44:52,361 [om1@group-C5BA1605619E-LeaderElection38] INFO  segmented.SegmentedRaftLogWorker (SegmentedRaftLogWorker.java:startLogSegment(425)) - om1@group-C5BA1605619E-SegmentedRaftLogWorker: Starting segment from index:0
2022-05-26 01:44:52,364 [om1@group-C5BA1605619E-LeaderElection38] INFO  server.RaftServer$Division (ServerState.java:setRaftConf(393)) - om1@group-C5BA1605619E: set configuration 0: [om1|rpc:localhost:9872|admin:|client:|dataStream:|priority:0], old=null
2022-05-26 01:44:52,404 [om1@group-C5BA1605619E-SegmentedRaftLogWorker] INFO  segmented.SegmentedRaftLogWorker (SegmentedRaftLogWorker.java:execute(629)) - om1@group-C5BA1605619E-SegmentedRaftLogWorker: created new log segment /home/runner/work/ozone/ozone/hadoop-ozone/integration-test/target/test-dir/MiniOzoneClusterImpl-d805c563-f850-4cee-aec1-f3ddb982742c/ozone-meta/ratis/bf265839-605b-3f16-9796-c5ba1605619e/current/log_inprogress_0
2022-05-26 01:44:52,408 [om1@group-C5BA1605619E-StateMachineUpdater] INFO  ratis.OzoneManagerStateMachine (OzoneManagerStateMachine.java:notifyConfigurationChanged(191)) - Received Configuration change notification from Ratis. New Peer list:
[id: "om1"
address: "localhost:9872"
]
2022-05-26 01:44:52,769 [Listener at 127.0.0.1/36169] INFO  handler.ContextHandler (ContextHandler.java:doStart(915)) - Started o.e.j.w.WebAppContext@25cd8307{hddsDatanode,/,file:///tmp/jetty-0_0_0_0-34055-hdds-container-service-1_3_0-SNAPSHOT_jar-_-any-1736711194127270211/webapp/,AVAILABLE}{jar:file:/home/runner/.m2/repository/org/apache/ozone/hdds-container-service/1.3.0-SNAPSHOT/hdds-container-service-1.3.0-SNAPSHOT.jar!/webapps/hddsDatanode}
2022-05-26 01:44:52,776 [Listener at 127.0.0.1/36169] INFO  server.AbstractConnector (AbstractConnector.java:doStart(331)) - Started ServerConnector@2ad63b2{HTTP/1.1, (http/1.1)}{0.0.0.0:34055}
2022-05-26 01:44:52,777 [Listener at 127.0.0.1/36169] INFO  server.Server (Server.java:doStart(415)) - Started @131548ms
2022-05-26 01:44:52,777 [Listener at 127.0.0.1/36169] WARN  impl.MetricsSystemImpl (MetricsSystemImpl.java:register(279)) - Sink prometheus already exists!
2022-05-26 01:44:52,777 [Listener at 127.0.0.1/36169] INFO  http.BaseHttpServer (BaseHttpServer.java:updateConnectorAddress(329)) - HTTP server of hddsDatanode listening at http://0.0.0.0:34055
2022-05-26 01:44:52,778 [Listener at 127.0.0.1/36169] WARN  impl.MetricRegistriesImpl (MetricRegistriesImpl.java:addReporterRegistration(111)) - New reporters are added after registries were created. Some metrics will be missing from the reporter. Please add reporter before adding any new registry.
2022-05-26 01:44:52,778 [Listener at 127.0.0.1/36169] WARN  impl.MetricRegistriesImpl (MetricRegistriesImpl.java:addReporterRegistration(111)) - New reporters are added after registries were created. Some metrics will be missing from the reporter. Please add reporter before adding any new registry.
2022-05-26 01:44:52,778 [Listener at 127.0.0.1/36169] INFO  impl.MetricsSystemImpl (MetricsSystemImpl.java:init(158)) - HddsDatanode metrics system started (again)
2022-05-26 01:44:52,804 [Datanode State Machine Daemon Thread] INFO  statemachine.DatanodeStateMachine (DatanodeStateMachine.java:lambda$startDaemon$0(481)) - Ozone container server started.
2022-05-26 01:44:52,850 [Listener at 127.0.0.1/36169] INFO  ozone.HddsDatanodeService (HddsDatanodeService.java:start(236)) - HddsDatanodeService host:fv-az270-854.tacnzluakwdehk1hpragurqkma.bx.internal.cloudapp.net ip:10.1.0.18
2022-05-26 01:44:52,899 [org.apache.hadoop.util.JvmPauseMonitor$Monitor@7cc4d8d6] INFO  util.JvmPauseMonitor (JvmPauseMonitor.java:run(188)) - Starting JVM pause monitor
2022-05-26 01:44:52,902 [Datanode State Machine Task Thread - 0] INFO  datanode.InitDatanodeState (InitDatanodeState.java:persistContainerDatanodeDetails(138)) - DatanodeDetails is persisted to /home/runner/work/ozone/ozone/hadoop-ozone/integration-test/target/test-dir/MiniOzoneClusterImpl-d805c563-f850-4cee-aec1-f3ddb982742c/datanode-0/meta/datanode.id
2022-05-26 01:44:52,911 [Listener at 127.0.0.1/36169] INFO  upgrade.AbstractLayoutVersionManager (AbstractLayoutVersionManager.java:init(79)) - Initializing Layout version manager with metadata layout = ERASURE_CODED_STORAGE_SUPPORT (version = 3), software layout = ERASURE_CODED_STORAGE_SUPPORT (version = 3)
2022-05-26 01:44:53,022 [Listener at 127.0.0.1/36169] INFO  reflections.Reflections (Reflections.java:scan(232)) - Reflections took 106 ms to scan 7 urls, producing 127 keys and 292 values 
2022-05-26 01:44:53,033 [Listener at 127.0.0.1/36169] INFO  statemachine.DatanodeStateMachine (DatanodeStateMachine.java:getEndPointTaskThreadPoolSize(233)) - Datanode State Machine Task Thread Pool size 2
2022-05-26 01:44:53,034 [Listener at 127.0.0.1/36169] INFO  volume.HddsVolume (HddsVolume.java:<init>(120)) - Creating HddsVolume: /home/runner/work/ozone/ozone/hadoop-ozone/integration-test/target/test-dir/MiniOzoneClusterImpl-d805c563-f850-4cee-aec1-f3ddb982742c/datanode-1/data-0/containers/hdds of storage type : DISK capacity : 9223372036854775807
2022-05-26 01:44:53,035 [Listener at 127.0.0.1/36169] INFO  volume.MutableVolumeSet (MutableVolumeSet.java:initializeVolumeSet(168)) - Added Volume : /home/runner/work/ozone/ozone/hadoop-ozone/integration-test/target/test-dir/MiniOzoneClusterImpl-d805c563-f850-4cee-aec1-f3ddb982742c/datanode-1/data-0/containers/hdds to VolumeSet
2022-05-26 01:44:53,035 [Listener at 127.0.0.1/36169] INFO  volume.ThrottledAsyncChecker (ThrottledAsyncChecker.java:schedule(141)) - Scheduling a check for /home/runner/work/ozone/ozone/hadoop-ozone/integration-test/target/test-dir/MiniOzoneClusterImpl-d805c563-f850-4cee-aec1-f3ddb982742c/datanode-1/data-0/containers/hdds
2022-05-26 01:44:53,052 [Listener at 127.0.0.1/36169] INFO  volume.StorageVolumeChecker (StorageVolumeChecker.java:checkAllVolumes(202)) - Scheduled health check for volume /home/runner/work/ozone/ozone/hadoop-ozone/integration-test/target/test-dir/MiniOzoneClusterImpl-d805c563-f850-4cee-aec1-f3ddb982742c/datanode-1/data-0/containers/hdds
2022-05-26 01:44:53,089 [Listener at 127.0.0.1/36169] INFO  volume.MutableVolumeSet (MutableVolumeSet.java:initializeVolumeSet(168)) - Added Volume : /home/runner/work/ozone/ozone/hadoop-ozone/integration-test/target/test-dir/MiniOzoneClusterImpl-d805c563-f850-4cee-aec1-f3ddb982742c/datanode-1/data/ratis to VolumeSet
2022-05-26 01:44:53,089 [Listener at 127.0.0.1/36169] INFO  volume.ThrottledAsyncChecker (ThrottledAsyncChecker.java:schedule(141)) - Scheduling a check for /home/runner/work/ozone/ozone/hadoop-ozone/integration-test/target/test-dir/MiniOzoneClusterImpl-d805c563-f850-4cee-aec1-f3ddb982742c/datanode-1/data/ratis
2022-05-26 01:44:53,090 [Listener at 127.0.0.1/36169] INFO  volume.StorageVolumeChecker (StorageVolumeChecker.java:checkAllVolumes(202)) - Scheduled health check for volume /home/runner/work/ozone/ozone/hadoop-ozone/integration-test/target/test-dir/MiniOzoneClusterImpl-d805c563-f850-4cee-aec1-f3ddb982742c/datanode-1/data/ratis
2022-05-26 01:44:53,101 [Thread-949] INFO  ozoneimpl.ContainerReader (ContainerReader.java:readVolume(172)) - Finish verifying containers on volume /home/runner/work/ozone/ozone/hadoop-ozone/integration-test/target/test-dir/MiniOzoneClusterImpl-d805c563-f850-4cee-aec1-f3ddb982742c/datanode-1/data-0/containers/hdds
2022-05-26 01:44:53,101 [Listener at 127.0.0.1/36169] INFO  ozoneimpl.OzoneContainer (OzoneContainer.java:buildContainerSet(257)) - Build ContainerSet costs 0s
2022-05-26 01:44:53,103 [Listener at 127.0.0.1/36169] INFO  server.RaftServer (ConfUtils.java:logGet(46)) - raft.rpc.type = GRPC (default)
2022-05-26 01:44:53,103 [Listener at 127.0.0.1/36169] INFO  grpc.GrpcFactory (GrpcFactory.java:checkPooledByteBufAllocatorUseCacheForAllThreads(48)) - PERFORMANCE WARNING: useCacheForAllThreads is true that may cause Netty to create a lot garbage objects and, as a result, trigger GC.
	It is recommended to disable useCacheForAllThreads by setting -Dorg.apache.ratis.thirdparty.io.netty.allocator.useCacheForAllThreads=false in command line.
2022-05-26 01:44:53,103 [Listener at 127.0.0.1/36169] INFO  grpc.GrpcConfigKeys (ConfUtils.java:logGet(46)) - raft.grpc.admin.port = 0 (custom)
2022-05-26 01:44:53,103 [Listener at 127.0.0.1/36169] INFO  grpc.GrpcConfigKeys (ConfUtils.java:logGet(46)) - raft.grpc.client.port = 0 (custom)
2022-05-26 01:44:53,103 [Listener at 127.0.0.1/36169] INFO  grpc.GrpcConfigKeys (ConfUtils.java:logGet(46)) - raft.grpc.server.port = 0 (default)
2022-05-26 01:44:53,103 [Listener at 127.0.0.1/36169] INFO  server.GrpcService (ConfUtils.java:logGet(46)) - raft.grpc.message.size.max = 32MB (=33554432) (custom)
2022-05-26 01:44:53,103 [Listener at 127.0.0.1/36169] INFO  server.RaftServerConfigKeys (ConfUtils.java:logGet(46)) - raft.server.log.appender.buffer.byte-limit = 33554432 (custom)
2022-05-26 01:44:53,104 [Listener at 127.0.0.1/36169] INFO  server.GrpcService (ConfUtils.java:logGet(46)) - raft.grpc.flow.control.window = 5MB (=5242880) (custom)
2022-05-26 01:44:53,104 [Listener at 127.0.0.1/36169] INFO  server.RaftServerConfigKeys (ConfUtils.java:logGet(46)) - raft.server.rpc.request.timeout = 60s (custom)
2022-05-26 01:44:53,104 [Listener at 127.0.0.1/36169] INFO  grpc.GrpcConfigKeys (ConfUtils.java:logGet(46)) - raft.grpc.server.async.request.thread.pool.cached = true (default)
2022-05-26 01:44:53,104 [Listener at 127.0.0.1/36169] INFO  grpc.GrpcConfigKeys (ConfUtils.java:logGet(46)) - raft.grpc.server.async.request.thread.pool.size = 32 (default)
2022-05-26 01:44:53,105 [Listener at 127.0.0.1/36169] INFO  impl.DataStreamServerImpl (ConfUtils.java:logGet(46)) - raft.datastream.type = DISABLED (default)
2022-05-26 01:44:53,105 [Listener at 127.0.0.1/36169] INFO  server.RaftServerConfigKeys (ConfUtils.java:logGet(46)) - raft.server.threadpool.proxy.cached = true (default)
2022-05-26 01:44:53,106 [Listener at 127.0.0.1/36169] INFO  server.RaftServerConfigKeys (ConfUtils.java:logGet(46)) - raft.server.threadpool.proxy.size = 0 (default)
2022-05-26 01:44:53,106 [Listener at 127.0.0.1/36169] INFO  server.RaftServerConfigKeys (ConfUtils.java:logGet(46)) - raft.server.rpc.slowness.timeout = 300s (custom)
2022-05-26 01:44:53,106 [Listener at 127.0.0.1/36169] INFO  server.RaftServerConfigKeys (ConfUtils.java:logGet(46)) - raft.server.leaderelection.leader.step-down.wait-time = 10s (default)
2022-05-26 01:44:53,106 [Listener at 127.0.0.1/36169] INFO  server.RaftServerConfigKeys (ConfUtils.java:logGet(46)) - raft.server.storage.dir = [/home/runner/work/ozone/ozone/hadoop-ozone/integration-test/target/test-dir/MiniOzoneClusterImpl-d805c563-f850-4cee-aec1-f3ddb982742c/datanode-1/data/ratis] (custom)
2022-05-26 01:44:53,107 [Listener at 127.0.0.1/36169] INFO  server.XceiverServerGrpc (XceiverServerGrpc.java:<init>(132)) - GrpcServer channel type EpollServerSocketChannel
2022-05-26 01:44:53,110 [Listener at 127.0.0.1/36169] INFO  http.BaseHttpServer (BaseHttpServer.java:newHttpServer2BuilderForOzone(209)) - Starting Web-server for hddsDatanode at: http://0.0.0.0:0
2022-05-26 01:44:53,110 [Listener at 127.0.0.1/36169] INFO  http.BaseHttpServer (BaseHttpServer.java:<init>(107)) - Hadoop Security Enabled: false Ozone Security Enabled: false Ozone HTTP Security Enabled: false 
2022-05-26 01:44:53,111 [Listener at 127.0.0.1/36169] INFO  server.AuthenticationFilter (AuthenticationFilter.java:constructSecretProvider(240)) - Unable to initialize FileSignerSecretProvider, falling back to use random secrets.
2022-05-26 01:44:53,112 [Listener at 127.0.0.1/36169] WARN  http.HttpRequestLog (HttpRequestLog.java:getRequestLog(103)) - Jetty request log can only be enabled using Log4j
2022-05-26 01:44:53,112 [Listener at 127.0.0.1/36169] INFO  http.HttpServer2 (HttpServer2.java:addGlobalFilter(1030)) - Added global filter 'safety' (class=org.apache.hadoop.hdds.server.http.HttpServer2$QuotingInputFilter)
2022-05-26 01:44:53,113 [Listener at 127.0.0.1/36169] INFO  http.HttpServer2 (HttpServer2.java:addFilter(1006)) - Added filter static_user_filter (class=org.apache.hadoop.http.lib.StaticUserWebFilter$StaticUserFilter) to context hddsDatanode
2022-05-26 01:44:53,113 [Listener at 127.0.0.1/36169] INFO  http.HttpServer2 (HttpServer2.java:addFilter(1014)) - Added filter static_user_filter (class=org.apache.hadoop.http.lib.StaticUserWebFilter$StaticUserFilter) to context static
2022-05-26 01:44:53,113 [Listener at 127.0.0.1/36169] INFO  http.HttpServer2 (HttpServer2.java:addFilter(1014)) - Added filter static_user_filter (class=org.apache.hadoop.http.lib.StaticUserWebFilter$StaticUserFilter) to context logs
2022-05-26 01:44:53,113 [Listener at 127.0.0.1/36169] INFO  http.HttpServer2 (HttpServer2.java:bindListener(1249)) - Jetty bound to port 34645
2022-05-26 01:44:53,113 [Listener at 127.0.0.1/36169] INFO  server.Server (Server.java:doStart(375)) - jetty-9.4.43.v20210629; built: 2021-06-30T11:07:22.254Z; git: 526006ecfa3af7f1a27ef3a288e2bef7ea9dd7e8; jvm 1.8.0_332-b09
2022-05-26 01:44:53,115 [Listener at 127.0.0.1/36169] INFO  server.session (DefaultSessionIdManager.java:doStart(334)) - DefaultSessionIdManager workerName=node0
2022-05-26 01:44:53,115 [Listener at 127.0.0.1/36169] INFO  server.session (DefaultSessionIdManager.java:doStart(339)) - No SessionScavenger set, using defaults
2022-05-26 01:44:53,116 [Listener at 127.0.0.1/36169] INFO  server.session (HouseKeeper.java:startScavenging(132)) - node0 Scavenging every 660000ms
2022-05-26 01:44:53,117 [Listener at 127.0.0.1/36169] INFO  handler.ContextHandler (ContextHandler.java:doStart(915)) - Started o.e.j.s.ServletContextHandler@47a782a1{logs,/logs,file:///home/runner/work/ozone/ozone/hadoop-ozone/integration-test/target/log,AVAILABLE}
2022-05-26 01:44:53,117 [Listener at 127.0.0.1/36169] INFO  handler.ContextHandler (ContextHandler.java:doStart(915)) - Started o.e.j.s.ServletContextHandler@6e0e8b7b{static,/static,jar:file:/home/runner/.m2/repository/org/apache/ozone/hdds-container-service/1.3.0-SNAPSHOT/hdds-container-service-1.3.0-SNAPSHOT.jar!/webapps/static,AVAILABLE}
2022-05-26 01:44:53,467 [Listener at 127.0.0.1/36169] INFO  handler.ContextHandler (ContextHandler.java:doStart(915)) - Started o.e.j.w.WebAppContext@12b4dc17{hddsDatanode,/,file:///tmp/jetty-0_0_0_0-34645-hdds-container-service-1_3_0-SNAPSHOT_jar-_-any-4550382970203374370/webapp/,AVAILABLE}{jar:file:/home/runner/.m2/repository/org/apache/ozone/hdds-container-service/1.3.0-SNAPSHOT/hdds-container-service-1.3.0-SNAPSHOT.jar!/webapps/hddsDatanode}
2022-05-26 01:44:53,478 [Listener at 127.0.0.1/36169] INFO  server.AbstractConnector (AbstractConnector.java:doStart(331)) - Started ServerConnector@7b86cf94{HTTP/1.1, (http/1.1)}{0.0.0.0:34645}
2022-05-26 01:44:53,478 [Listener at 127.0.0.1/36169] INFO  server.Server (Server.java:doStart(415)) - Started @132249ms
2022-05-26 01:44:53,478 [Listener at 127.0.0.1/36169] WARN  impl.MetricsSystemImpl (MetricsSystemImpl.java:register(279)) - Sink prometheus already exists!
2022-05-26 01:44:53,492 [Listener at 127.0.0.1/36169] INFO  http.BaseHttpServer (BaseHttpServer.java:updateConnectorAddress(329)) - HTTP server of hddsDatanode listening at http://0.0.0.0:34645
2022-05-26 01:44:53,504 [Listener at 127.0.0.1/36169] WARN  impl.MetricRegistriesImpl (MetricRegistriesImpl.java:addReporterRegistration(111)) - New reporters are added after registries were created. Some metrics will be missing from the reporter. Please add reporter before adding any new registry.
2022-05-26 01:44:53,504 [Listener at 127.0.0.1/36169] WARN  impl.MetricRegistriesImpl (MetricRegistriesImpl.java:addReporterRegistration(111)) - New reporters are added after registries were created. Some metrics will be missing from the reporter. Please add reporter before adding any new registry.
2022-05-26 01:44:53,504 [Datanode State Machine Daemon Thread] INFO  statemachine.DatanodeStateMachine (DatanodeStateMachine.java:lambda$startDaemon$0(481)) - Ozone container server started.
2022-05-26 01:44:53,504 [Listener at 127.0.0.1/36169] INFO  impl.MetricsSystemImpl (MetricsSystemImpl.java:init(158)) - HddsDatanode metrics system started (again)
2022-05-26 01:44:53,580 [org.apache.hadoop.util.JvmPauseMonitor$Monitor@6904b24] INFO  util.JvmPauseMonitor (JvmPauseMonitor.java:run(188)) - Starting JVM pause monitor
2022-05-26 01:44:53,604 [Datanode State Machine Task Thread - 0] INFO  datanode.InitDatanodeState (InitDatanodeState.java:persistContainerDatanodeDetails(138)) - DatanodeDetails is persisted to /home/runner/work/ozone/ozone/hadoop-ozone/integration-test/target/test-dir/MiniOzoneClusterImpl-d805c563-f850-4cee-aec1-f3ddb982742c/datanode-1/meta/datanode.id
2022-05-26 01:44:53,608 [Listener at 127.0.0.1/36169] INFO  ozone.HddsDatanodeService (HddsDatanodeService.java:start(236)) - HddsDatanodeService host:fv-az270-854.tacnzluakwdehk1hpragurqkma.bx.internal.cloudapp.net ip:10.1.0.18
2022-05-26 01:44:53,668 [Listener at 127.0.0.1/36169] INFO  upgrade.AbstractLayoutVersionManager (AbstractLayoutVersionManager.java:init(79)) - Initializing Layout version manager with metadata layout = ERASURE_CODED_STORAGE_SUPPORT (version = 3), software layout = ERASURE_CODED_STORAGE_SUPPORT (version = 3)
2022-05-26 01:44:53,799 [Listener at 127.0.0.1/36169] INFO  reflections.Reflections (Reflections.java:scan(232)) - Reflections took 130 ms to scan 7 urls, producing 127 keys and 292 values 
2022-05-26 01:44:53,809 [Listener at 127.0.0.1/36169] INFO  statemachine.DatanodeStateMachine (DatanodeStateMachine.java:getEndPointTaskThreadPoolSize(233)) - Datanode State Machine Task Thread Pool size 2
2022-05-26 01:44:53,828 [Listener at 127.0.0.1/36169] INFO  volume.HddsVolume (HddsVolume.java:<init>(120)) - Creating HddsVolume: /home/runner/work/ozone/ozone/hadoop-ozone/integration-test/target/test-dir/MiniOzoneClusterImpl-d805c563-f850-4cee-aec1-f3ddb982742c/datanode-2/data-0/containers/hdds of storage type : DISK capacity : 9223372036854775807
2022-05-26 01:44:53,829 [Listener at 127.0.0.1/36169] INFO  volume.MutableVolumeSet (MutableVolumeSet.java:initializeVolumeSet(168)) - Added Volume : /home/runner/work/ozone/ozone/hadoop-ozone/integration-test/target/test-dir/MiniOzoneClusterImpl-d805c563-f850-4cee-aec1-f3ddb982742c/datanode-2/data-0/containers/hdds to VolumeSet
2022-05-26 01:44:53,829 [Listener at 127.0.0.1/36169] INFO  volume.ThrottledAsyncChecker (ThrottledAsyncChecker.java:schedule(141)) - Scheduling a check for /home/runner/work/ozone/ozone/hadoop-ozone/integration-test/target/test-dir/MiniOzoneClusterImpl-d805c563-f850-4cee-aec1-f3ddb982742c/datanode-2/data-0/containers/hdds
2022-05-26 01:44:53,852 [Listener at 127.0.0.1/36169] INFO  volume.StorageVolumeChecker (StorageVolumeChecker.java:checkAllVolumes(202)) - Scheduled health check for volume /home/runner/work/ozone/ozone/hadoop-ozone/integration-test/target/test-dir/MiniOzoneClusterImpl-d805c563-f850-4cee-aec1-f3ddb982742c/datanode-2/data-0/containers/hdds
2022-05-26 01:44:53,872 [Listener at 127.0.0.1/36169] INFO  volume.MutableVolumeSet (MutableVolumeSet.java:initializeVolumeSet(168)) - Added Volume : /home/runner/work/ozone/ozone/hadoop-ozone/integration-test/target/test-dir/MiniOzoneClusterImpl-d805c563-f850-4cee-aec1-f3ddb982742c/datanode-2/data/ratis to VolumeSet
2022-05-26 01:44:53,872 [Listener at 127.0.0.1/36169] INFO  volume.ThrottledAsyncChecker (ThrottledAsyncChecker.java:schedule(141)) - Scheduling a check for /home/runner/work/ozone/ozone/hadoop-ozone/integration-test/target/test-dir/MiniOzoneClusterImpl-d805c563-f850-4cee-aec1-f3ddb982742c/datanode-2/data/ratis
2022-05-26 01:44:53,892 [Listener at 127.0.0.1/36169] INFO  volume.StorageVolumeChecker (StorageVolumeChecker.java:checkAllVolumes(202)) - Scheduled health check for volume /home/runner/work/ozone/ozone/hadoop-ozone/integration-test/target/test-dir/MiniOzoneClusterImpl-d805c563-f850-4cee-aec1-f3ddb982742c/datanode-2/data/ratis
2022-05-26 01:44:53,957 [Thread-962] INFO  ozoneimpl.ContainerReader (ContainerReader.java:readVolume(172)) - Finish verifying containers on volume /home/runner/work/ozone/ozone/hadoop-ozone/integration-test/target/test-dir/MiniOzoneClusterImpl-d805c563-f850-4cee-aec1-f3ddb982742c/datanode-2/data-0/containers/hdds
2022-05-26 01:44:53,957 [Listener at 127.0.0.1/36169] INFO  ozoneimpl.OzoneContainer (OzoneContainer.java:buildContainerSet(257)) - Build ContainerSet costs 0s
2022-05-26 01:44:53,959 [Listener at 127.0.0.1/36169] INFO  server.RaftServer (ConfUtils.java:logGet(46)) - raft.rpc.type = GRPC (default)
2022-05-26 01:44:53,960 [Listener at 127.0.0.1/36169] INFO  grpc.GrpcFactory (GrpcFactory.java:checkPooledByteBufAllocatorUseCacheForAllThreads(48)) - PERFORMANCE WARNING: useCacheForAllThreads is true that may cause Netty to create a lot garbage objects and, as a result, trigger GC.
	It is recommended to disable useCacheForAllThreads by setting -Dorg.apache.ratis.thirdparty.io.netty.allocator.useCacheForAllThreads=false in command line.
2022-05-26 01:44:53,960 [Listener at 127.0.0.1/36169] INFO  grpc.GrpcConfigKeys (ConfUtils.java:logGet(46)) - raft.grpc.admin.port = 0 (custom)
2022-05-26 01:44:53,960 [Listener at 127.0.0.1/36169] INFO  grpc.GrpcConfigKeys (ConfUtils.java:logGet(46)) - raft.grpc.client.port = 0 (custom)
2022-05-26 01:44:53,961 [Listener at 127.0.0.1/36169] INFO  grpc.GrpcConfigKeys (ConfUtils.java:logGet(46)) - raft.grpc.server.port = 0 (default)
2022-05-26 01:44:53,961 [Listener at 127.0.0.1/36169] INFO  server.GrpcService (ConfUtils.java:logGet(46)) - raft.grpc.message.size.max = 32MB (=33554432) (custom)
2022-05-26 01:44:53,961 [Listener at 127.0.0.1/36169] INFO  server.RaftServerConfigKeys (ConfUtils.java:logGet(46)) - raft.server.log.appender.buffer.byte-limit = 33554432 (custom)
2022-05-26 01:44:53,961 [Listener at 127.0.0.1/36169] INFO  server.GrpcService (ConfUtils.java:logGet(46)) - raft.grpc.flow.control.window = 5MB (=5242880) (custom)
2022-05-26 01:44:53,961 [Listener at 127.0.0.1/36169] INFO  server.RaftServerConfigKeys (ConfUtils.java:logGet(46)) - raft.server.rpc.request.timeout = 60s (custom)
2022-05-26 01:44:53,961 [Listener at 127.0.0.1/36169] INFO  grpc.GrpcConfigKeys (ConfUtils.java:logGet(46)) - raft.grpc.server.async.request.thread.pool.cached = true (default)
2022-05-26 01:44:53,961 [Listener at 127.0.0.1/36169] INFO  grpc.GrpcConfigKeys (ConfUtils.java:logGet(46)) - raft.grpc.server.async.request.thread.pool.size = 32 (default)
2022-05-26 01:44:53,963 [Listener at 127.0.0.1/36169] INFO  impl.DataStreamServerImpl (ConfUtils.java:logGet(46)) - raft.datastream.type = DISABLED (default)
2022-05-26 01:44:53,964 [Listener at 127.0.0.1/36169] INFO  server.RaftServerConfigKeys (ConfUtils.java:logGet(46)) - raft.server.threadpool.proxy.cached = true (default)
2022-05-26 01:44:53,964 [Listener at 127.0.0.1/36169] INFO  server.RaftServerConfigKeys (ConfUtils.java:logGet(46)) - raft.server.threadpool.proxy.size = 0 (default)
2022-05-26 01:44:53,964 [Listener at 127.0.0.1/36169] INFO  server.RaftServerConfigKeys (ConfUtils.java:logGet(46)) - raft.server.rpc.slowness.timeout = 300s (custom)
2022-05-26 01:44:53,964 [Listener at 127.0.0.1/36169] INFO  server.RaftServerConfigKeys (ConfUtils.java:logGet(46)) - raft.server.leaderelection.leader.step-down.wait-time = 10s (default)
2022-05-26 01:44:53,964 [Listener at 127.0.0.1/36169] INFO  server.RaftServerConfigKeys (ConfUtils.java:logGet(46)) - raft.server.storage.dir = [/home/runner/work/ozone/ozone/hadoop-ozone/integration-test/target/test-dir/MiniOzoneClusterImpl-d805c563-f850-4cee-aec1-f3ddb982742c/datanode-2/data/ratis] (custom)
2022-05-26 01:44:53,989 [Listener at 127.0.0.1/36169] INFO  server.XceiverServerGrpc (XceiverServerGrpc.java:<init>(132)) - GrpcServer channel type EpollServerSocketChannel
2022-05-26 01:44:53,997 [Listener at 127.0.0.1/36169] INFO  http.BaseHttpServer (BaseHttpServer.java:newHttpServer2BuilderForOzone(209)) - Starting Web-server for hddsDatanode at: http://0.0.0.0:0
2022-05-26 01:44:53,997 [Listener at 127.0.0.1/36169] INFO  http.BaseHttpServer (BaseHttpServer.java:<init>(107)) - Hadoop Security Enabled: false Ozone Security Enabled: false Ozone HTTP Security Enabled: false 
2022-05-26 01:44:53,998 [Listener at 127.0.0.1/36169] INFO  server.AuthenticationFilter (AuthenticationFilter.java:constructSecretProvider(240)) - Unable to initialize FileSignerSecretProvider, falling back to use random secrets.
2022-05-26 01:44:53,998 [Listener at 127.0.0.1/36169] WARN  http.HttpRequestLog (HttpRequestLog.java:getRequestLog(103)) - Jetty request log can only be enabled using Log4j
2022-05-26 01:44:53,999 [Listener at 127.0.0.1/36169] INFO  http.HttpServer2 (HttpServer2.java:addGlobalFilter(1030)) - Added global filter 'safety' (class=org.apache.hadoop.hdds.server.http.HttpServer2$QuotingInputFilter)
2022-05-26 01:44:54,001 [Listener at 127.0.0.1/36169] INFO  http.HttpServer2 (HttpServer2.java:addFilter(1006)) - Added filter static_user_filter (class=org.apache.hadoop.http.lib.StaticUserWebFilter$StaticUserFilter) to context hddsDatanode
2022-05-26 01:44:54,001 [Listener at 127.0.0.1/36169] INFO  http.HttpServer2 (HttpServer2.java:addFilter(1014)) - Added filter static_user_filter (class=org.apache.hadoop.http.lib.StaticUserWebFilter$StaticUserFilter) to context static
2022-05-26 01:44:54,001 [Listener at 127.0.0.1/36169] INFO  http.HttpServer2 (HttpServer2.java:addFilter(1014)) - Added filter static_user_filter (class=org.apache.hadoop.http.lib.StaticUserWebFilter$StaticUserFilter) to context logs
2022-05-26 01:44:54,002 [Listener at 127.0.0.1/36169] INFO  http.HttpServer2 (HttpServer2.java:bindListener(1249)) - Jetty bound to port 45321
2022-05-26 01:44:54,002 [Listener at 127.0.0.1/36169] INFO  server.Server (Server.java:doStart(375)) - jetty-9.4.43.v20210629; built: 2021-06-30T11:07:22.254Z; git: 526006ecfa3af7f1a27ef3a288e2bef7ea9dd7e8; jvm 1.8.0_332-b09
2022-05-26 01:44:54,026 [Listener at 127.0.0.1/36169] INFO  server.session (DefaultSessionIdManager.java:doStart(334)) - DefaultSessionIdManager workerName=node0
2022-05-26 01:44:54,026 [Listener at 127.0.0.1/36169] INFO  server.session (DefaultSessionIdManager.java:doStart(339)) - No SessionScavenger set, using defaults
2022-05-26 01:44:54,027 [Listener at 127.0.0.1/36169] INFO  server.session (HouseKeeper.java:startScavenging(132)) - node0 Scavenging every 600000ms
2022-05-26 01:44:54,036 [Listener at 127.0.0.1/36169] INFO  handler.ContextHandler (ContextHandler.java:doStart(915)) - Started o.e.j.s.ServletContextHandler@2d6a3255{logs,/logs,file:///home/runner/work/ozone/ozone/hadoop-ozone/integration-test/target/log,AVAILABLE}
2022-05-26 01:44:54,037 [Listener at 127.0.0.1/36169] INFO  handler.ContextHandler (ContextHandler.java:doStart(915)) - Started o.e.j.s.ServletContextHandler@c95132f{static,/static,jar:file:/home/runner/.m2/repository/org/apache/ozone/hdds-container-service/1.3.0-SNAPSHOT/hdds-container-service-1.3.0-SNAPSHOT.jar!/webapps/static,AVAILABLE}
2022-05-26 01:44:54,576 [Listener at 127.0.0.1/36169] INFO  handler.ContextHandler (ContextHandler.java:doStart(915)) - Started o.e.j.w.WebAppContext@232dee99{hddsDatanode,/,file:///tmp/jetty-0_0_0_0-45321-hdds-container-service-1_3_0-SNAPSHOT_jar-_-any-3893066961209507653/webapp/,AVAILABLE}{jar:file:/home/runner/.m2/repository/org/apache/ozone/hdds-container-service/1.3.0-SNAPSHOT/hdds-container-service-1.3.0-SNAPSHOT.jar!/webapps/hddsDatanode}
2022-05-26 01:44:54,577 [Listener at 127.0.0.1/36169] INFO  server.AbstractConnector (AbstractConnector.java:doStart(331)) - Started ServerConnector@316a06f{HTTP/1.1, (http/1.1)}{0.0.0.0:45321}
2022-05-26 01:44:54,577 [Listener at 127.0.0.1/36169] INFO  server.Server (Server.java:doStart(415)) - Started @133349ms
2022-05-26 01:44:54,580 [Listener at 127.0.0.1/36169] WARN  impl.MetricsSystemImpl (MetricsSystemImpl.java:register(279)) - Sink prometheus already exists!
2022-05-26 01:44:54,594 [Listener at 127.0.0.1/36169] INFO  http.BaseHttpServer (BaseHttpServer.java:updateConnectorAddress(329)) - HTTP server of hddsDatanode listening at http://0.0.0.0:45321
2022-05-26 01:44:54,603 [Listener at 127.0.0.1/36169] INFO  ozone.MiniOzoneClusterImpl (MiniOzoneClusterImpl.java:lambda$waitForClusterToBeReady$0(221)) - Waiting for nodes to be ready. Got 0 of 3 DN Heartbeats.
2022-05-26 01:44:54,603 [Listener at 127.0.0.1/36169] INFO  ozone.MiniOzoneClusterImpl (MiniOzoneClusterImpl.java:lambda$waitForClusterToBeReady$0(224)) - Waiting for cluster to exit safe mode
2022-05-26 01:44:54,604 [Listener at 127.0.0.1/36169] INFO  ozone.MiniOzoneClusterImpl (MiniOzoneClusterImpl.java:lambda$waitForClusterToBeReady$0(226)) - SCM became leader
2022-05-26 01:44:54,604 [Datanode State Machine Daemon Thread] INFO  statemachine.DatanodeStateMachine (DatanodeStateMachine.java:lambda$startDaemon$0(481)) - Ozone container server started.
2022-05-26 01:44:54,671 [org.apache.hadoop.util.JvmPauseMonitor$Monitor@244e4e78] INFO  util.JvmPauseMonitor (JvmPauseMonitor.java:run(188)) - Starting JVM pause monitor
2022-05-26 01:44:54,676 [Datanode State Machine Task Thread - 0] INFO  datanode.InitDatanodeState (InitDatanodeState.java:persistContainerDatanodeDetails(138)) - DatanodeDetails is persisted to /home/runner/work/ozone/ozone/hadoop-ozone/integration-test/target/test-dir/MiniOzoneClusterImpl-d805c563-f850-4cee-aec1-f3ddb982742c/datanode-2/meta/datanode.id
2022-05-26 01:44:54,969 [EndpointStateMachine task thread for /0.0.0.0:39813 - 0 ] INFO  ozoneimpl.OzoneContainer (OzoneContainer.java:start(335)) - Attempting to start container services.
2022-05-26 01:44:54,969 [EndpointStateMachine task thread for /0.0.0.0:39813 - 0 ] INFO  ozoneimpl.OzoneContainer (OzoneContainer.java:startContainerScrub(270)) - Background container scanner has been disabled.
2022-05-26 01:44:54,973 [EndpointStateMachine task thread for /0.0.0.0:39813 - 0 ] INFO  replication.ReplicationServer (ReplicationServer.java:start(111)) - ReplicationServer is started using port 42799
2022-05-26 01:44:54,973 [EndpointStateMachine task thread for /0.0.0.0:39813 - 0 ] INFO  ratis.XceiverServerRatis (XceiverServerRatis.java:start(481)) - Starting XceiverServerRatis edbf8a14-b096-4dc8-9781-888c2152b3d5
2022-05-26 01:44:54,974 [EndpointStateMachine task thread for /0.0.0.0:39813 - 0 ] INFO  server.RaftServer (RaftServerProxy.java:lambda$start$6(382)) - edbf8a14-b096-4dc8-9781-888c2152b3d5: start RPC server
2022-05-26 01:44:54,990 [EndpointStateMachine task thread for /0.0.0.0:39813 - 0 ] INFO  server.GrpcService (GrpcService.java:startImpl(260)) - edbf8a14-b096-4dc8-9781-888c2152b3d5: GrpcService started, listening on 41319
2022-05-26 01:44:54,990 [EndpointStateMachine task thread for /0.0.0.0:39813 - 0 ] INFO  ratis.XceiverServerRatis (XceiverServerRatis.java:getRealPort(502)) - XceiverServerRatis edbf8a14-b096-4dc8-9781-888c2152b3d5 is started using port 41319 for RATIS
2022-05-26 01:44:54,990 [EndpointStateMachine task thread for /0.0.0.0:39813 - 0 ] INFO  ratis.XceiverServerRatis (XceiverServerRatis.java:getRealPort(502)) - XceiverServerRatis edbf8a14-b096-4dc8-9781-888c2152b3d5 is started using port 41319 for RATIS_ADMIN
2022-05-26 01:44:54,990 [org.apache.ratis.util.JvmPauseMonitor$$Lambda$677/950145419@8cb6dda] INFO  util.JvmPauseMonitor (JvmPauseMonitor.java:run(103)) - JvmPauseMonitor-edbf8a14-b096-4dc8-9781-888c2152b3d5: Started
2022-05-26 01:44:54,990 [EndpointStateMachine task thread for /0.0.0.0:39813 - 0 ] INFO  ratis.XceiverServerRatis (XceiverServerRatis.java:getRealPort(502)) - XceiverServerRatis edbf8a14-b096-4dc8-9781-888c2152b3d5 is started using port 41319 for RATIS_SERVER
2022-05-26 01:44:55,005 [EndpointStateMachine task thread for /0.0.0.0:39813 - 0 ] INFO  server.XceiverServerGrpc (XceiverServerGrpc.java:start(180)) - XceiverServerGrpc edbf8a14-b096-4dc8-9781-888c2152b3d5 is started using port 36627
2022-05-26 01:44:55,594 [EndpointStateMachine task thread for /0.0.0.0:39813 - 0 ] INFO  ozoneimpl.OzoneContainer (OzoneContainer.java:start(335)) - Attempting to start container services.
2022-05-26 01:44:55,594 [EndpointStateMachine task thread for /0.0.0.0:39813 - 0 ] INFO  ozoneimpl.OzoneContainer (OzoneContainer.java:startContainerScrub(270)) - Background container scanner has been disabled.
2022-05-26 01:44:55,604 [Listener at 127.0.0.1/36169] INFO  ozone.MiniOzoneClusterImpl (MiniOzoneClusterImpl.java:lambda$waitForClusterToBeReady$0(221)) - Waiting for nodes to be ready. Got 0 of 3 DN Heartbeats.
2022-05-26 01:44:55,604 [Listener at 127.0.0.1/36169] INFO  ozone.MiniOzoneClusterImpl (MiniOzoneClusterImpl.java:lambda$waitForClusterToBeReady$0(224)) - Waiting for cluster to exit safe mode
2022-05-26 01:44:55,604 [Listener at 127.0.0.1/36169] INFO  ozone.MiniOzoneClusterImpl (MiniOzoneClusterImpl.java:lambda$waitForClusterToBeReady$0(226)) - SCM became leader
2022-05-26 01:44:55,628 [EndpointStateMachine task thread for /0.0.0.0:39813 - 0 ] INFO  replication.ReplicationServer (ReplicationServer.java:start(111)) - ReplicationServer is started using port 39169
2022-05-26 01:44:55,629 [EndpointStateMachine task thread for /0.0.0.0:39813 - 0 ] INFO  ratis.XceiverServerRatis (XceiverServerRatis.java:start(481)) - Starting XceiverServerRatis a8ebbba9-0f49-4666-952c-6956f6fecf4e
2022-05-26 01:44:55,636 [EndpointStateMachine task thread for /0.0.0.0:39813 - 0 ] INFO  server.RaftServer (RaftServerProxy.java:lambda$start$6(382)) - a8ebbba9-0f49-4666-952c-6956f6fecf4e: start RPC server
2022-05-26 01:44:55,658 [EndpointStateMachine task thread for /0.0.0.0:39813 - 0 ] INFO  server.GrpcService (GrpcService.java:startImpl(260)) - a8ebbba9-0f49-4666-952c-6956f6fecf4e: GrpcService started, listening on 35309
2022-05-26 01:44:55,660 [EndpointStateMachine task thread for /0.0.0.0:39813 - 0 ] INFO  ratis.XceiverServerRatis (XceiverServerRatis.java:getRealPort(502)) - XceiverServerRatis a8ebbba9-0f49-4666-952c-6956f6fecf4e is started using port 35309 for RATIS
2022-05-26 01:44:55,660 [EndpointStateMachine task thread for /0.0.0.0:39813 - 0 ] INFO  ratis.XceiverServerRatis (XceiverServerRatis.java:getRealPort(502)) - XceiverServerRatis a8ebbba9-0f49-4666-952c-6956f6fecf4e is started using port 35309 for RATIS_ADMIN
2022-05-26 01:44:55,660 [EndpointStateMachine task thread for /0.0.0.0:39813 - 0 ] INFO  ratis.XceiverServerRatis (XceiverServerRatis.java:getRealPort(502)) - XceiverServerRatis a8ebbba9-0f49-4666-952c-6956f6fecf4e is started using port 35309 for RATIS_SERVER
2022-05-26 01:44:55,660 [org.apache.ratis.util.JvmPauseMonitor$$Lambda$677/950145419@6928b8bf] INFO  util.JvmPauseMonitor (JvmPauseMonitor.java:run(103)) - JvmPauseMonitor-a8ebbba9-0f49-4666-952c-6956f6fecf4e: Started
2022-05-26 01:44:55,700 [EndpointStateMachine task thread for /0.0.0.0:39813 - 0 ] INFO  server.XceiverServerGrpc (XceiverServerGrpc.java:start(180)) - XceiverServerGrpc a8ebbba9-0f49-4666-952c-6956f6fecf4e is started using port 45571
2022-05-26 01:44:56,604 [Listener at 127.0.0.1/36169] INFO  ozone.MiniOzoneClusterImpl (MiniOzoneClusterImpl.java:lambda$waitForClusterToBeReady$0(221)) - Waiting for nodes to be ready. Got 0 of 3 DN Heartbeats.
2022-05-26 01:44:56,605 [Listener at 127.0.0.1/36169] INFO  ozone.MiniOzoneClusterImpl (MiniOzoneClusterImpl.java:lambda$waitForClusterToBeReady$0(224)) - Waiting for cluster to exit safe mode
2022-05-26 01:44:56,605 [Listener at 127.0.0.1/36169] INFO  ozone.MiniOzoneClusterImpl (MiniOzoneClusterImpl.java:lambda$waitForClusterToBeReady$0(226)) - SCM became leader
2022-05-26 01:44:56,720 [EndpointStateMachine task thread for /0.0.0.0:39813 - 0 ] INFO  ozoneimpl.OzoneContainer (OzoneContainer.java:start(335)) - Attempting to start container services.
2022-05-26 01:44:56,720 [EndpointStateMachine task thread for /0.0.0.0:39813 - 0 ] INFO  ozoneimpl.OzoneContainer (OzoneContainer.java:startContainerScrub(270)) - Background container scanner has been disabled.
2022-05-26 01:44:56,723 [EndpointStateMachine task thread for /0.0.0.0:39813 - 0 ] INFO  replication.ReplicationServer (ReplicationServer.java:start(111)) - ReplicationServer is started using port 43323
2022-05-26 01:44:56,723 [EndpointStateMachine task thread for /0.0.0.0:39813 - 0 ] INFO  ratis.XceiverServerRatis (XceiverServerRatis.java:start(481)) - Starting XceiverServerRatis 0cf574f5-d1b5-41cb-a7af-8959df5ed1cc
2022-05-26 01:44:56,724 [EndpointStateMachine task thread for /0.0.0.0:39813 - 0 ] INFO  server.RaftServer (RaftServerProxy.java:lambda$start$6(382)) - 0cf574f5-d1b5-41cb-a7af-8959df5ed1cc: start RPC server
2022-05-26 01:44:56,729 [EndpointStateMachine task thread for /0.0.0.0:39813 - 0 ] INFO  server.GrpcService (GrpcService.java:startImpl(260)) - 0cf574f5-d1b5-41cb-a7af-8959df5ed1cc: GrpcService started, listening on 36043
2022-05-26 01:44:56,729 [EndpointStateMachine task thread for /0.0.0.0:39813 - 0 ] INFO  ratis.XceiverServerRatis (XceiverServerRatis.java:getRealPort(502)) - XceiverServerRatis 0cf574f5-d1b5-41cb-a7af-8959df5ed1cc is started using port 36043 for RATIS
2022-05-26 01:44:56,729 [EndpointStateMachine task thread for /0.0.0.0:39813 - 0 ] INFO  ratis.XceiverServerRatis (XceiverServerRatis.java:getRealPort(502)) - XceiverServerRatis 0cf574f5-d1b5-41cb-a7af-8959df5ed1cc is started using port 36043 for RATIS_ADMIN
2022-05-26 01:44:56,729 [EndpointStateMachine task thread for /0.0.0.0:39813 - 0 ] INFO  ratis.XceiverServerRatis (XceiverServerRatis.java:getRealPort(502)) - XceiverServerRatis 0cf574f5-d1b5-41cb-a7af-8959df5ed1cc is started using port 36043 for RATIS_SERVER
2022-05-26 01:44:56,730 [org.apache.ratis.util.JvmPauseMonitor$$Lambda$677/950145419@298dc46d] INFO  util.JvmPauseMonitor (JvmPauseMonitor.java:run(103)) - JvmPauseMonitor-0cf574f5-d1b5-41cb-a7af-8959df5ed1cc: Started
2022-05-26 01:44:56,781 [EndpointStateMachine task thread for /0.0.0.0:39813 - 0 ] INFO  server.XceiverServerGrpc (XceiverServerGrpc.java:start(180)) - XceiverServerGrpc 0cf574f5-d1b5-41cb-a7af-8959df5ed1cc is started using port 41691
2022-05-26 01:44:56,902 [IPC Server handler 2 on default port 39813] INFO  net.NetworkTopologyImpl (NetworkTopologyImpl.java:add(112)) - Added a new node: /default-rack/edbf8a14-b096-4dc8-9781-888c2152b3d5
2022-05-26 01:44:56,902 [IPC Server handler 2 on default port 39813] INFO  node.SCMNodeManager (SCMNodeManager.java:register(393)) - Registered Data node : edbf8a14-b096-4dc8-9781-888c2152b3d5{ip: 10.1.0.18, host: fv-az270-854.tacnzluakwdehk1hpragurqkma.bx.internal.cloudapp.net, ports: [REPLICATION=42799, RATIS=41319, RATIS_ADMIN=41319, RATIS_SERVER=41319, STANDALONE=36627], networkLocation: /default-rack, certSerialId: null, persistedOpState: null, persistedOpStateExpiryEpochSec: 0}
2022-05-26 01:44:56,904 [EventQueue-NodeRegistrationContainerReportForDataNodeSafeModeRule] INFO  safemode.SCMSafeModeManager (DataNodeSafeModeRule.java:process(71)) - SCM in safe mode. 1 DataNodes registered, 3 required.
2022-05-26 01:44:56,904 [EventQueue-NodeRegistrationContainerReportForContainerSafeModeRule] INFO  safemode.SCMSafeModeManager (SCMSafeModeManager.java:validateSafeModeExitRules(204)) - ContainerSafeModeRule rule is successfully validated
2022-05-26 01:44:56,921 [EventQueue-NewNodeForNewNodeHandler] INFO  pipeline.BackgroundPipelineCreator (BackgroundPipelineCreator.java:notifyEventTriggered(272)) - trigger a one-shot run on RatisPipelineUtilsThread.
2022-05-26 01:44:56,921 [EventQueue-PipelineReportForOneReplicaPipelineSafeModeRule] INFO  safemode.SCMSafeModeManager (SCMSafeModeManager.java:validateSafeModeExitRules(204)) - AtleastOneDatanodeReportedRule rule is successfully validated
2022-05-26 01:44:56,922 [RatisPipelineUtilsThread - 0] INFO  pipeline.RatisPipelineProvider (RatisPipelineProvider.java:lambda$create$0(195)) - Sending CreatePipelineCommand for pipeline:PipelineID=47735931-8b73-4ae2-a171-98889492684d to datanode:edbf8a14-b096-4dc8-9781-888c2152b3d5
2022-05-26 01:44:56,936 [RatisPipelineUtilsThread - 0] INFO  pipeline.PipelineStateManagerImpl (PipelineStateManagerImpl.java:addPipeline(101)) - Created pipeline Pipeline[ Id: 47735931-8b73-4ae2-a171-98889492684d, Nodes: edbf8a14-b096-4dc8-9781-888c2152b3d5{ip: 10.1.0.18, host: fv-az270-854.tacnzluakwdehk1hpragurqkma.bx.internal.cloudapp.net, ports: [REPLICATION=42799, RATIS=41319, RATIS_ADMIN=41319, RATIS_SERVER=41319, STANDALONE=36627], networkLocation: /default-rack, certSerialId: null, persistedOpState: IN_SERVICE, persistedOpStateExpiryEpochSec: 0}, ReplicationConfig: RATIS/ONE, State:ALLOCATED, leaderId:, CreationTimestamp2022-05-26T01:44:56.922Z[Etc/UTC]].
2022-05-26 01:44:57,582 [IPC Server handler 0 on default port 39813] INFO  net.NetworkTopologyImpl (NetworkTopologyImpl.java:add(112)) - Added a new node: /default-rack/a8ebbba9-0f49-4666-952c-6956f6fecf4e
2022-05-26 01:44:57,582 [IPC Server handler 0 on default port 39813] INFO  node.SCMNodeManager (SCMNodeManager.java:register(393)) - Registered Data node : a8ebbba9-0f49-4666-952c-6956f6fecf4e{ip: 10.1.0.18, host: fv-az270-854.tacnzluakwdehk1hpragurqkma.bx.internal.cloudapp.net, ports: [REPLICATION=39169, RATIS=35309, RATIS_ADMIN=35309, RATIS_SERVER=35309, STANDALONE=45571], networkLocation: /default-rack, certSerialId: null, persistedOpState: null, persistedOpStateExpiryEpochSec: 0}
2022-05-26 01:44:57,582 [EventQueue-NewNodeForNewNodeHandler] INFO  pipeline.BackgroundPipelineCreator (BackgroundPipelineCreator.java:notifyEventTriggered(272)) - trigger a one-shot run on RatisPipelineUtilsThread.
2022-05-26 01:44:57,582 [EventQueue-NodeRegistrationContainerReportForDataNodeSafeModeRule] INFO  safemode.SCMSafeModeManager (DataNodeSafeModeRule.java:process(71)) - SCM in safe mode. 2 DataNodes registered, 3 required.
2022-05-26 01:44:57,584 [RatisPipelineUtilsThread - 0] INFO  pipeline.RatisPipelineProvider (RatisPipelineProvider.java:lambda$create$0(195)) - Sending CreatePipelineCommand for pipeline:PipelineID=8431e1a9-94de-4e4e-b196-431c40285254 to datanode:a8ebbba9-0f49-4666-952c-6956f6fecf4e
2022-05-26 01:44:57,585 [RatisPipelineUtilsThread - 0] INFO  pipeline.PipelineStateManagerImpl (PipelineStateManagerImpl.java:addPipeline(101)) - Created pipeline Pipeline[ Id: 8431e1a9-94de-4e4e-b196-431c40285254, Nodes: a8ebbba9-0f49-4666-952c-6956f6fecf4e{ip: 10.1.0.18, host: fv-az270-854.tacnzluakwdehk1hpragurqkma.bx.internal.cloudapp.net, ports: [REPLICATION=39169, RATIS=35309, RATIS_ADMIN=35309, RATIS_SERVER=35309, STANDALONE=45571], networkLocation: /default-rack, certSerialId: null, persistedOpState: IN_SERVICE, persistedOpStateExpiryEpochSec: 0}, ReplicationConfig: RATIS/ONE, State:ALLOCATED, leaderId:, CreationTimestamp2022-05-26T01:44:57.584Z[Etc/UTC]].
2022-05-26 01:44:57,605 [Listener at 127.0.0.1/36169] INFO  ozone.MiniOzoneClusterImpl (MiniOzoneClusterImpl.java:lambda$waitForClusterToBeReady$0(221)) - Waiting for nodes to be ready. Got 2 of 3 DN Heartbeats.
2022-05-26 01:44:57,605 [Listener at 127.0.0.1/36169] INFO  ozone.MiniOzoneClusterImpl (MiniOzoneClusterImpl.java:lambda$waitForClusterToBeReady$0(224)) - Waiting for cluster to exit safe mode
2022-05-26 01:44:57,605 [Listener at 127.0.0.1/36169] INFO  ozone.MiniOzoneClusterImpl (MiniOzoneClusterImpl.java:lambda$waitForClusterToBeReady$0(226)) - SCM became leader
2022-05-26 01:44:58,609 [Listener at 127.0.0.1/36169] INFO  ozone.MiniOzoneClusterImpl (MiniOzoneClusterImpl.java:lambda$waitForClusterToBeReady$0(221)) - Waiting for nodes to be ready. Got 2 of 3 DN Heartbeats.
2022-05-26 01:44:58,609 [Listener at 127.0.0.1/36169] INFO  ozone.MiniOzoneClusterImpl (MiniOzoneClusterImpl.java:lambda$waitForClusterToBeReady$0(224)) - Waiting for cluster to exit safe mode
2022-05-26 01:44:58,609 [Listener at 127.0.0.1/36169] INFO  ozone.MiniOzoneClusterImpl (MiniOzoneClusterImpl.java:lambda$waitForClusterToBeReady$0(226)) - SCM became leader
2022-05-26 01:44:58,672 [IPC Server handler 1 on default port 39813] INFO  net.NetworkTopologyImpl (NetworkTopologyImpl.java:add(112)) - Added a new node: /default-rack/0cf574f5-d1b5-41cb-a7af-8959df5ed1cc
2022-05-26 01:44:58,673 [IPC Server handler 1 on default port 39813] INFO  node.SCMNodeManager (SCMNodeManager.java:register(393)) - Registered Data node : 0cf574f5-d1b5-41cb-a7af-8959df5ed1cc{ip: 10.1.0.18, host: fv-az270-854.tacnzluakwdehk1hpragurqkma.bx.internal.cloudapp.net, ports: [REPLICATION=43323, RATIS=36043, RATIS_ADMIN=36043, RATIS_SERVER=36043, STANDALONE=41691], networkLocation: /default-rack, certSerialId: null, persistedOpState: null, persistedOpStateExpiryEpochSec: 0}
2022-05-26 01:44:58,674 [EventQueue-NewNodeForNewNodeHandler] INFO  pipeline.BackgroundPipelineCreator (BackgroundPipelineCreator.java:notifyEventTriggered(272)) - trigger a one-shot run on RatisPipelineUtilsThread.
2022-05-26 01:44:58,674 [RatisPipelineUtilsThread - 0] INFO  pipeline.RatisPipelineProvider (RatisPipelineProvider.java:lambda$create$0(195)) - Sending CreatePipelineCommand for pipeline:PipelineID=99458632-5908-4f9f-933f-653b29c46411 to datanode:0cf574f5-d1b5-41cb-a7af-8959df5ed1cc
2022-05-26 01:44:58,675 [RatisPipelineUtilsThread - 0] INFO  pipeline.PipelineStateManagerImpl (PipelineStateManagerImpl.java:addPipeline(101)) - Created pipeline Pipeline[ Id: 99458632-5908-4f9f-933f-653b29c46411, Nodes: 0cf574f5-d1b5-41cb-a7af-8959df5ed1cc{ip: 10.1.0.18, host: fv-az270-854.tacnzluakwdehk1hpragurqkma.bx.internal.cloudapp.net, ports: [REPLICATION=43323, RATIS=36043, RATIS_ADMIN=36043, RATIS_SERVER=36043, STANDALONE=41691], networkLocation: /default-rack, certSerialId: null, persistedOpState: IN_SERVICE, persistedOpStateExpiryEpochSec: 0}, ReplicationConfig: RATIS/ONE, State:ALLOCATED, leaderId:, CreationTimestamp2022-05-26T01:44:58.674Z[Etc/UTC]].
2022-05-26 01:44:58,675 [EventQueue-NodeRegistrationContainerReportForDataNodeSafeModeRule] INFO  safemode.SCMSafeModeManager (DataNodeSafeModeRule.java:process(71)) - SCM in safe mode. 3 DataNodes registered, 3 required.
2022-05-26 01:44:58,675 [EventQueue-NodeRegistrationContainerReportForDataNodeSafeModeRule] INFO  safemode.SCMSafeModeManager (SCMSafeModeManager.java:validateSafeModeExitRules(204)) - DataNodeSafeModeRule rule is successfully validated
2022-05-26 01:44:58,675 [EventQueue-NodeRegistrationContainerReportForDataNodeSafeModeRule] INFO  safemode.SCMSafeModeManager (SCMSafeModeManager.java:completePreCheck(233)) - All SCM safe mode pre check rules have passed
2022-05-26 01:44:58,675 [EventQueue-NodeRegistrationContainerReportForDataNodeSafeModeRule] WARN  events.EventQueue (EventQueue.java:fireEvent(194)) - No event handler registered for event TypedEvent{payloadType=SafeModeStatus, name='Safe mode status'}
2022-05-26 01:44:58,675 [EventQueue-NodeRegistrationContainerReportForDataNodeSafeModeRule] INFO  ha.SCMContext (SCMContext.java:updateSafeModeStatus(211)) - Update SafeModeStatus from SafeModeStatus{safeModeStatus=true, preCheckPassed=false} to SafeModeStatus{safeModeStatus=true, preCheckPassed=true}.
2022-05-26 01:44:58,676 [EventQueue-NodeRegistrationContainerReportForDataNodeSafeModeRule] INFO  pipeline.BackgroundPipelineCreator (BackgroundPipelineCreator.java:notifyEventTriggered(272)) - trigger a one-shot run on RatisPipelineUtilsThread.
2022-05-26 01:44:58,676 [RatisPipelineUtilsThread - 0] INFO  pipeline.RatisPipelineProvider (RatisPipelineProvider.java:lambda$create$0(195)) - Sending CreatePipelineCommand for pipeline:PipelineID=848bc10d-fe4e-440a-8f33-2bec6b05e71e to datanode:0cf574f5-d1b5-41cb-a7af-8959df5ed1cc
2022-05-26 01:44:58,677 [RatisPipelineUtilsThread - 0] INFO  pipeline.RatisPipelineProvider (RatisPipelineProvider.java:lambda$create$0(195)) - Sending CreatePipelineCommand for pipeline:PipelineID=848bc10d-fe4e-440a-8f33-2bec6b05e71e to datanode:a8ebbba9-0f49-4666-952c-6956f6fecf4e
2022-05-26 01:44:58,677 [RatisPipelineUtilsThread - 0] INFO  pipeline.RatisPipelineProvider (RatisPipelineProvider.java:lambda$create$0(195)) - Sending CreatePipelineCommand for pipeline:PipelineID=848bc10d-fe4e-440a-8f33-2bec6b05e71e to datanode:edbf8a14-b096-4dc8-9781-888c2152b3d5
2022-05-26 01:44:58,677 [RatisPipelineUtilsThread - 0] INFO  pipeline.PipelineStateManagerImpl (PipelineStateManagerImpl.java:addPipeline(101)) - Created pipeline Pipeline[ Id: 848bc10d-fe4e-440a-8f33-2bec6b05e71e, Nodes: 0cf574f5-d1b5-41cb-a7af-8959df5ed1cc{ip: 10.1.0.18, host: fv-az270-854.tacnzluakwdehk1hpragurqkma.bx.internal.cloudapp.net, ports: [REPLICATION=43323, RATIS=36043, RATIS_ADMIN=36043, RATIS_SERVER=36043, STANDALONE=41691], networkLocation: /default-rack, certSerialId: null, persistedOpState: IN_SERVICE, persistedOpStateExpiryEpochSec: 0}a8ebbba9-0f49-4666-952c-6956f6fecf4e{ip: 10.1.0.18, host: fv-az270-854.tacnzluakwdehk1hpragurqkma.bx.internal.cloudapp.net, ports: [REPLICATION=39169, RATIS=35309, RATIS_ADMIN=35309, RATIS_SERVER=35309, STANDALONE=45571], networkLocation: /default-rack, certSerialId: null, persistedOpState: IN_SERVICE, persistedOpStateExpiryEpochSec: 0}edbf8a14-b096-4dc8-9781-888c2152b3d5{ip: 10.1.0.18, host: fv-az270-854.tacnzluakwdehk1hpragurqkma.bx.internal.cloudapp.net, ports: [REPLICATION=42799, RATIS=41319, RATIS_ADMIN=41319, RATIS_SERVER=41319, STANDALONE=36627], networkLocation: /default-rack, certSerialId: null, persistedOpState: IN_SERVICE, persistedOpStateExpiryEpochSec: 0}, ReplicationConfig: RATIS/THREE, State:ALLOCATED, leaderId:, CreationTimestamp2022-05-26T01:44:58.676Z[Etc/UTC]].
2022-05-26 01:44:58,678 [RatisPipelineUtilsThread - 0] INFO  pipeline.RatisPipelineProvider (RatisPipelineProvider.java:lambda$create$0(195)) - Sending CreatePipelineCommand for pipeline:PipelineID=eac6b18b-12e2-43da-810d-d76ec0c11fce to datanode:0cf574f5-d1b5-41cb-a7af-8959df5ed1cc
2022-05-26 01:44:58,678 [RatisPipelineUtilsThread - 0] INFO  pipeline.RatisPipelineProvider (RatisPipelineProvider.java:lambda$create$0(195)) - Sending CreatePipelineCommand for pipeline:PipelineID=eac6b18b-12e2-43da-810d-d76ec0c11fce to datanode:edbf8a14-b096-4dc8-9781-888c2152b3d5
2022-05-26 01:44:58,678 [RatisPipelineUtilsThread - 0] INFO  pipeline.RatisPipelineProvider (RatisPipelineProvider.java:lambda$create$0(195)) - Sending CreatePipelineCommand for pipeline:PipelineID=eac6b18b-12e2-43da-810d-d76ec0c11fce to datanode:a8ebbba9-0f49-4666-952c-6956f6fecf4e
2022-05-26 01:44:58,678 [RatisPipelineUtilsThread - 0] INFO  pipeline.PipelineStateManagerImpl (PipelineStateManagerImpl.java:addPipeline(101)) - Created pipeline Pipeline[ Id: eac6b18b-12e2-43da-810d-d76ec0c11fce, Nodes: 0cf574f5-d1b5-41cb-a7af-8959df5ed1cc{ip: 10.1.0.18, host: fv-az270-854.tacnzluakwdehk1hpragurqkma.bx.internal.cloudapp.net, ports: [REPLICATION=43323, RATIS=36043, RATIS_ADMIN=36043, RATIS_SERVER=36043, STANDALONE=41691], networkLocation: /default-rack, certSerialId: null, persistedOpState: IN_SERVICE, persistedOpStateExpiryEpochSec: 0}edbf8a14-b096-4dc8-9781-888c2152b3d5{ip: 10.1.0.18, host: fv-az270-854.tacnzluakwdehk1hpragurqkma.bx.internal.cloudapp.net, ports: [REPLICATION=42799, RATIS=41319, RATIS_ADMIN=41319, RATIS_SERVER=41319, STANDALONE=36627], networkLocation: /default-rack, certSerialId: null, persistedOpState: IN_SERVICE, persistedOpStateExpiryEpochSec: 0}a8ebbba9-0f49-4666-952c-6956f6fecf4e{ip: 10.1.0.18, host: fv-az270-854.tacnzluakwdehk1hpragurqkma.bx.internal.cloudapp.net, ports: [REPLICATION=39169, RATIS=35309, RATIS_ADMIN=35309, RATIS_SERVER=35309, STANDALONE=45571], networkLocation: /default-rack, certSerialId: null, persistedOpState: IN_SERVICE, persistedOpStateExpiryEpochSec: 0}, ReplicationConfig: RATIS/THREE, State:ALLOCATED, leaderId:, CreationTimestamp2022-05-26T01:44:58.678Z[Etc/UTC]].
2022-05-26 01:44:58,678 [RatisPipelineUtilsThread - 0] INFO  pipeline.PipelineManagerImpl (PipelineManagerImpl.java:recordMetricsForPipeline(695)) - Pipeline: PipelineID=eac6b18b-12e2-43da-810d-d76ec0c11fce contains same datanodes as previous pipelines: PipelineID=848bc10d-fe4e-440a-8f33-2bec6b05e71e nodeIds: 0cf574f5-d1b5-41cb-a7af-8959df5ed1cc, edbf8a14-b096-4dc8-9781-888c2152b3d5, a8ebbba9-0f49-4666-952c-6956f6fecf4e
2022-05-26 01:44:59,609 [Listener at 127.0.0.1/36169] INFO  ozone.MiniOzoneClusterImpl (MiniOzoneClusterImpl.java:lambda$waitForClusterToBeReady$0(221)) - Nodes are ready. Got 3 of 3 DN Heartbeats.
2022-05-26 01:44:59,613 [Listener at 127.0.0.1/36169] INFO  ozone.MiniOzoneClusterImpl (MiniOzoneClusterImpl.java:lambda$waitForClusterToBeReady$0(224)) - Waiting for cluster to exit safe mode
2022-05-26 01:44:59,613 [Listener at 127.0.0.1/36169] INFO  ozone.MiniOzoneClusterImpl (MiniOzoneClusterImpl.java:lambda$waitForClusterToBeReady$0(226)) - SCM became leader
2022-05-26 01:44:59,903 [Command processor thread] INFO  server.RaftServer (RaftServerProxy.java:addNew(96)) - edbf8a14-b096-4dc8-9781-888c2152b3d5: addNew group-98889492684D:[edbf8a14-b096-4dc8-9781-888c2152b3d5|rpc:10.1.0.18:41319|priority:1] returns group-98889492684D:java.util.concurrent.CompletableFuture@1d435fbb[Not completed]
2022-05-26 01:44:59,932 [pool-449-thread-1] INFO  server.RaftServer$Division (RaftServerImpl.java:<init>(190)) - edbf8a14-b096-4dc8-9781-888c2152b3d5: new RaftServerImpl for group-98889492684D:[edbf8a14-b096-4dc8-9781-888c2152b3d5|rpc:10.1.0.18:41319|priority:1] with ContainerStateMachine:uninitialized
2022-05-26 01:44:59,932 [pool-449-thread-1] INFO  server.RaftServerConfigKeys (ConfUtils.java:logGet(46)) - raft.server.rpc.timeout.min = 5s (custom)
2022-05-26 01:44:59,932 [pool-449-thread-1] INFO  server.RaftServerConfigKeys (ConfUtils.java:logGet(46)) - raft.server.rpc.timeout.max = 5200ms (custom)
2022-05-26 01:44:59,933 [pool-449-thread-1] INFO  server.RaftServerConfigKeys (ConfUtils.java:logGet(46)) - raft.server.rpc.sleep.time = 25ms (default)
2022-05-26 01:44:59,933 [pool-449-thread-1] INFO  server.RaftServerConfigKeys (ConfUtils.java:logGet(46)) - raft.server.rpc.slowness.timeout = 300s (custom)
2022-05-26 01:44:59,933 [pool-449-thread-1] INFO  server.RaftServerConfigKeys (ConfUtils.java:logGet(46)) - raft.server.leaderelection.leader.step-down.wait-time = 10s (default)
2022-05-26 01:44:59,933 [pool-449-thread-1] INFO  server.RaftServerConfigKeys (ConfUtils.java:logGet(46)) - raft.server.sleep.deviation.threshold = 300ms (default)
2022-05-26 01:44:59,933 [pool-449-thread-1] INFO  server.RaftServer$Division (ServerState.java:<init>(107)) - edbf8a14-b096-4dc8-9781-888c2152b3d5@group-98889492684D: ConfigurationManager, init=-1: [edbf8a14-b096-4dc8-9781-888c2152b3d5|rpc:10.1.0.18:41319|priority:1], old=null, confs=<EMPTY_MAP>
2022-05-26 01:44:59,933 [pool-449-thread-1] INFO  server.RaftServerConfigKeys (ConfUtils.java:logGet(46)) - raft.server.storage.dir = [/home/runner/work/ozone/ozone/hadoop-ozone/integration-test/target/test-dir/MiniOzoneClusterImpl-d805c563-f850-4cee-aec1-f3ddb982742c/datanode-0/data/ratis] (custom)
2022-05-26 01:44:59,933 [pool-449-thread-1] INFO  server.RaftServerConfigKeys (ConfUtils.java:logGet(46)) - raft.server.log.corruption.policy = EXCEPTION (default)
2022-05-26 01:44:59,933 [pool-449-thread-1] INFO  server.RaftServerConfigKeys (ConfUtils.java:logGet(46)) - raft.server.storage.free-space.min = 0MB (=0) (default)
2022-05-26 01:44:59,933 [pool-449-thread-1] INFO  storage.RaftStorageDirectory (RaftStorageDirectoryImpl.java:analyzeStorage(135)) - The storage directory /home/runner/work/ozone/ozone/hadoop-ozone/integration-test/target/test-dir/MiniOzoneClusterImpl-d805c563-f850-4cee-aec1-f3ddb982742c/datanode-0/data/ratis/47735931-8b73-4ae2-a171-98889492684d does not exist. Creating ...
2022-05-26 01:44:59,944 [pool-449-thread-1] INFO  storage.RaftStorageDirectory (RaftStorageDirectoryImpl.java:tryLock(230)) - Lock on /home/runner/work/ozone/ozone/hadoop-ozone/integration-test/target/test-dir/MiniOzoneClusterImpl-d805c563-f850-4cee-aec1-f3ddb982742c/datanode-0/data/ratis/47735931-8b73-4ae2-a171-98889492684d/in_use.lock acquired by nodename 11847@fv-az270-854
2022-05-26 01:44:59,948 [pool-449-thread-1] INFO  storage.RaftStorage (RaftStorageImpl.java:format(89)) - Storage directory /home/runner/work/ozone/ozone/hadoop-ozone/integration-test/target/test-dir/MiniOzoneClusterImpl-d805c563-f850-4cee-aec1-f3ddb982742c/datanode-0/data/ratis/47735931-8b73-4ae2-a171-98889492684d has been successfully formatted.
2022-05-26 01:44:59,950 [pool-449-thread-1] INFO  ratis.ContainerStateMachine (ContainerStateMachine.java:loadSnapshot(236)) - group-98889492684D: The snapshot info is null. Setting the last applied indexto:(t:0, i:~)
2022-05-26 01:44:59,950 [pool-449-thread-1] INFO  server.RaftServerConfigKeys (ConfUtils.java:logGet(46)) - raft.server.notification.no-leader.timeout = 300s (custom)
2022-05-26 01:44:59,950 [pool-449-thread-1] INFO  server.RaftServerConfigKeys (ConfUtils.java:logGet(46)) - raft.server.log.use.memory = false (default)
2022-05-26 01:44:59,950 [pool-449-thread-1] INFO  server.RaftServerConfigKeys (ConfUtils.java:logGet(46)) - raft.server.log.purge.gap = 1000000 (custom)
2022-05-26 01:44:59,950 [pool-449-thread-1] INFO  server.RaftServerConfigKeys (ConfUtils.java:logGet(46)) - raft.server.log.appender.buffer.byte-limit = 33554432 (custom)
2022-05-26 01:44:59,950 [pool-449-thread-1] INFO  server.RaftServerConfigKeys (ConfUtils.java:logGet(46)) - raft.server.log.statemachine.data.read.timeout = 1000ms (default)
2022-05-26 01:44:59,950 [pool-449-thread-1] INFO  server.RaftServerConfigKeys (ConfUtils.java:logGet(46)) - raft.server.log.segment.size.max = 1048576 (custom)
2022-05-26 01:44:59,951 [pool-449-thread-1] INFO  server.RaftServerConfigKeys (ConfUtils.java:logGet(46)) - raft.server.log.segment.cache.num.max = 2 (custom)
2022-05-26 01:44:59,951 [pool-449-thread-1] INFO  server.RaftServerConfigKeys (ConfUtils.java:logGet(46)) - raft.server.log.segment.cache.size.max = 200MB (=209715200) (default)
2022-05-26 01:44:59,951 [pool-449-thread-1] INFO  segmented.SegmentedRaftLogWorker (SegmentedRaftLogWorker.java:<init>(187)) - new edbf8a14-b096-4dc8-9781-888c2152b3d5@group-98889492684D-SegmentedRaftLogWorker for RaftStorageImpl:Storage Directory /home/runner/work/ozone/ozone/hadoop-ozone/integration-test/target/test-dir/MiniOzoneClusterImpl-d805c563-f850-4cee-aec1-f3ddb982742c/datanode-0/data/ratis/47735931-8b73-4ae2-a171-98889492684d
2022-05-26 01:44:59,951 [pool-449-thread-1] INFO  server.RaftServerConfigKeys (ConfUtils.java:logGet(46)) - raft.server.log.queue.byte-limit = 4294967296 (custom)
2022-05-26 01:44:59,951 [pool-449-thread-1] INFO  server.RaftServerConfigKeys (ConfUtils.java:logGet(46)) - raft.server.log.queue.element-limit = 1024 (custom)
2022-05-26 01:44:59,951 [pool-449-thread-1] INFO  server.RaftServerConfigKeys (ConfUtils.java:logGet(46)) - raft.server.log.segment.size.max = 1048576 (custom)
2022-05-26 01:44:59,951 [pool-449-thread-1] INFO  server.RaftServerConfigKeys (ConfUtils.java:logGet(46)) - raft.server.log.preallocated.size = 16384 (custom)
2022-05-26 01:44:59,951 [pool-449-thread-1] INFO  server.RaftServerConfigKeys (ConfUtils.java:logGet(46)) - raft.server.log.force.sync.num = 128 (default)
2022-05-26 01:44:59,951 [pool-449-thread-1] INFO  server.RaftServerConfigKeys (ConfUtils.java:logGet(46)) - raft.server.log.statemachine.data.sync = true (default)
2022-05-26 01:44:59,951 [pool-449-thread-1] INFO  server.RaftServerConfigKeys (ConfUtils.java:logGet(46)) - raft.server.log.statemachine.data.sync.timeout = 10s (default)
2022-05-26 01:44:59,951 [pool-449-thread-1] INFO  server.RaftServerConfigKeys (ConfUtils.java:logGet(46)) - raft.server.log.statemachine.data.sync.timeout.retry = -1 (default)
2022-05-26 01:44:59,956 [pool-449-thread-1] INFO  server.RaftServerConfigKeys (ConfUtils.java:logGet(46)) - raft.server.log.write.buffer.size = 1048576 (custom)
2022-05-26 01:44:59,956 [pool-449-thread-1] INFO  server.RaftServerConfigKeys (ConfUtils.java:logGet(46)) - raft.server.log.unsafe-flush.enabled = false (default)
2022-05-26 01:44:59,956 [pool-449-thread-1] INFO  server.RaftServerConfigKeys (ConfUtils.java:logGet(46)) - raft.server.log.statemachine.data.caching.enabled = true (custom)
2022-05-26 01:44:59,957 [pool-449-thread-1] INFO  segmented.SegmentedRaftLogWorker (SegmentedRaftLogWorker.java:lambda$new$0(135)) - edbf8a14-b096-4dc8-9781-888c2152b3d5@group-98889492684D-SegmentedRaftLogWorker: flushIndex: setUnconditionally 0 -> -1
2022-05-26 01:44:59,957 [pool-449-thread-1] INFO  segmented.SegmentedRaftLogWorker (SegmentedRaftLogWorker.java:lambda$new$0(135)) - edbf8a14-b096-4dc8-9781-888c2152b3d5@group-98889492684D-SegmentedRaftLogWorker: safeCacheEvictIndex: setUnconditionally 0 -> -1
2022-05-26 01:44:59,960 [pool-449-thread-1] INFO  server.RaftServerConfigKeys (ConfUtils.java:logGet(46)) - raft.server.snapshot.auto.trigger.enabled = true (custom)
2022-05-26 01:44:59,960 [pool-449-thread-1] INFO  server.RaftServerConfigKeys (ConfUtils.java:logGet(46)) - raft.server.snapshot.auto.trigger.threshold = 10000 (custom)
2022-05-26 01:44:59,960 [pool-449-thread-1] INFO  server.RaftServerConfigKeys (ConfUtils.java:logGet(46)) - raft.server.snapshot.retention.file.num = 5 (custom)
2022-05-26 01:44:59,960 [pool-449-thread-1] INFO  server.RaftServerConfigKeys (ConfUtils.java:logGet(46)) - raft.server.log.purge.upto.snapshot.index = false (default)
2022-05-26 01:44:59,960 [pool-449-thread-1] INFO  server.RaftServerConfigKeys (ConfUtils.java:logGet(46)) - raft.server.retrycache.expirytime = 600000ms (custom)
2022-05-26 01:44:59,960 [pool-449-thread-1] INFO  server.RaftServerConfigKeys (ConfUtils.java:logGet(46)) - raft.server.retrycache.statistics.expirytime = 100μs (default)
2022-05-26 01:44:59,961 [EventQueue-PipelineReportForPipelineReportHandler] INFO  pipeline.PipelineManagerImpl (PipelineManagerImpl.java:openPipeline(336)) - Pipeline Pipeline[ Id: 47735931-8b73-4ae2-a171-98889492684d, Nodes: edbf8a14-b096-4dc8-9781-888c2152b3d5{ip: 10.1.0.18, host: fv-az270-854.tacnzluakwdehk1hpragurqkma.bx.internal.cloudapp.net, ports: [REPLICATION=42799, RATIS=41319, RATIS_ADMIN=41319, RATIS_SERVER=41319, STANDALONE=36627], networkLocation: /default-rack, certSerialId: null, persistedOpState: IN_SERVICE, persistedOpStateExpiryEpochSec: 0}, ReplicationConfig: RATIS/ONE, State:ALLOCATED, leaderId:edbf8a14-b096-4dc8-9781-888c2152b3d5, CreationTimestamp2022-05-26T01:44:56.922Z[Etc/UTC]] moved to OPEN state
2022-05-26 01:44:59,981 [pool-449-thread-1] INFO  server.RaftServerConfigKeys (ConfUtils.java:logGet(46)) - raft.server.log.appender.install.snapshot.enabled = false (custom)
2022-05-26 01:44:59,981 [pool-449-thread-1] INFO  server.RaftServerConfigKeys (ConfUtils.java:logGet(46)) - raft.server.threadpool.server.cached = true (default)
2022-05-26 01:44:59,981 [pool-449-thread-1] INFO  server.RaftServerConfigKeys (ConfUtils.java:logGet(46)) - raft.server.threadpool.server.size = 0 (default)
2022-05-26 01:44:59,981 [pool-449-thread-1] INFO  server.RaftServerConfigKeys (ConfUtils.java:logGet(46)) - raft.server.threadpool.client.cached = true (default)
2022-05-26 01:44:59,981 [pool-449-thread-1] INFO  server.RaftServerConfigKeys (ConfUtils.java:logGet(46)) - raft.server.threadpool.client.size = 0 (default)
2022-05-26 01:44:59,981 [pool-449-thread-1] INFO  server.RaftServer$Division (RaftServerImpl.java:start(310)) - edbf8a14-b096-4dc8-9781-888c2152b3d5@group-98889492684D: start as a follower, conf=-1: [edbf8a14-b096-4dc8-9781-888c2152b3d5|rpc:10.1.0.18:41319|priority:1], old=null
2022-05-26 01:44:59,981 [pool-449-thread-1] INFO  server.RaftServer$Division (RaftServerImpl.java:setRole(299)) - edbf8a14-b096-4dc8-9781-888c2152b3d5@group-98889492684D: changes role from      null to FOLLOWER at term 0 for startAsFollower
2022-05-26 01:44:59,981 [pool-449-thread-1] INFO  impl.RoleInfo (RoleInfo.java:updateAndGet(139)) - edbf8a14-b096-4dc8-9781-888c2152b3d5: start edbf8a14-b096-4dc8-9781-888c2152b3d5@group-98889492684D-FollowerState
2022-05-26 01:44:59,981 [pool-449-thread-1] INFO  util.JmxRegister (JmxRegister.java:tryRegister(44)) - Successfully registered JMX Bean with object name Ratis:service=RaftServer,group=group-98889492684D,id=edbf8a14-b096-4dc8-9781-888c2152b3d5
2022-05-26 01:44:59,982 [Command processor thread] INFO  ratis.XceiverServerRatis (XceiverServerRatis.java:addGroup(765)) - Created group PipelineID=47735931-8b73-4ae2-a171-98889492684d
2022-05-26 01:45:00,022 [Command processor thread] INFO  commandhandler.CreatePipelineCommandHandler (CreatePipelineCommandHandler.java:handle(113)) - Created Pipeline RATIS ONE PipelineID=47735931-8b73-4ae2-a171-98889492684d.
2022-05-26 01:45:00,022 [Command processor thread] INFO  server.RaftServer (RaftServerProxy.java:addNew(96)) - edbf8a14-b096-4dc8-9781-888c2152b3d5: addNew group-2BEC6B05E71E:[edbf8a14-b096-4dc8-9781-888c2152b3d5|rpc:10.1.0.18:41319|priority:0, 0cf574f5-d1b5-41cb-a7af-8959df5ed1cc|rpc:10.1.0.18:36043|priority:0, a8ebbba9-0f49-4666-952c-6956f6fecf4e|rpc:10.1.0.18:35309|priority:1] returns group-2BEC6B05E71E:java.util.concurrent.CompletableFuture@197cc8cb[Not completed]
2022-05-26 01:45:00,023 [pool-449-thread-1] INFO  server.RaftServer$Division (RaftServerImpl.java:<init>(190)) - edbf8a14-b096-4dc8-9781-888c2152b3d5: new RaftServerImpl for group-2BEC6B05E71E:[edbf8a14-b096-4dc8-9781-888c2152b3d5|rpc:10.1.0.18:41319|priority:0, 0cf574f5-d1b5-41cb-a7af-8959df5ed1cc|rpc:10.1.0.18:36043|priority:0, a8ebbba9-0f49-4666-952c-6956f6fecf4e|rpc:10.1.0.18:35309|priority:1] with ContainerStateMachine:uninitialized
2022-05-26 01:45:00,023 [pool-449-thread-1] INFO  server.RaftServerConfigKeys (ConfUtils.java:logGet(46)) - raft.server.rpc.timeout.min = 5s (custom)
2022-05-26 01:45:00,023 [pool-449-thread-1] INFO  server.RaftServerConfigKeys (ConfUtils.java:logGet(46)) - raft.server.rpc.timeout.max = 5200ms (custom)
2022-05-26 01:45:00,023 [pool-449-thread-1] INFO  server.RaftServerConfigKeys (ConfUtils.java:logGet(46)) - raft.server.rpc.sleep.time = 25ms (default)
2022-05-26 01:45:00,023 [pool-449-thread-1] INFO  server.RaftServerConfigKeys (ConfUtils.java:logGet(46)) - raft.server.rpc.slowness.timeout = 300s (custom)
2022-05-26 01:45:00,023 [pool-449-thread-1] INFO  server.RaftServerConfigKeys (ConfUtils.java:logGet(46)) - raft.server.leaderelection.leader.step-down.wait-time = 10s (default)
2022-05-26 01:45:00,023 [pool-449-thread-1] INFO  server.RaftServerConfigKeys (ConfUtils.java:logGet(46)) - raft.server.sleep.deviation.threshold = 300ms (default)
2022-05-26 01:45:00,023 [pool-449-thread-1] INFO  server.RaftServer$Division (ServerState.java:<init>(107)) - edbf8a14-b096-4dc8-9781-888c2152b3d5@group-2BEC6B05E71E: ConfigurationManager, init=-1: [edbf8a14-b096-4dc8-9781-888c2152b3d5|rpc:10.1.0.18:41319|priority:0, 0cf574f5-d1b5-41cb-a7af-8959df5ed1cc|rpc:10.1.0.18:36043|priority:0, a8ebbba9-0f49-4666-952c-6956f6fecf4e|rpc:10.1.0.18:35309|priority:1], old=null, confs=<EMPTY_MAP>
2022-05-26 01:45:00,023 [pool-449-thread-1] INFO  server.RaftServerConfigKeys (ConfUtils.java:logGet(46)) - raft.server.storage.dir = [/home/runner/work/ozone/ozone/hadoop-ozone/integration-test/target/test-dir/MiniOzoneClusterImpl-d805c563-f850-4cee-aec1-f3ddb982742c/datanode-0/data/ratis] (custom)
2022-05-26 01:45:00,024 [pool-449-thread-1] INFO  server.RaftServerConfigKeys (ConfUtils.java:logGet(46)) - raft.server.log.corruption.policy = EXCEPTION (default)
2022-05-26 01:45:00,024 [pool-449-thread-1] INFO  server.RaftServerConfigKeys (ConfUtils.java:logGet(46)) - raft.server.storage.free-space.min = 0MB (=0) (default)
2022-05-26 01:45:00,024 [pool-449-thread-1] INFO  storage.RaftStorageDirectory (RaftStorageDirectoryImpl.java:analyzeStorage(135)) - The storage directory /home/runner/work/ozone/ozone/hadoop-ozone/integration-test/target/test-dir/MiniOzoneClusterImpl-d805c563-f850-4cee-aec1-f3ddb982742c/datanode-0/data/ratis/848bc10d-fe4e-440a-8f33-2bec6b05e71e does not exist. Creating ...
2022-05-26 01:45:00,027 [EventQueue-OpenPipelineForHealthyPipelineSafeModeRule] INFO  safemode.SCMSafeModeManager (HealthyPipelineSafeModeRule.java:process(124)) - SCM in safe mode. Healthy pipelines reported count is 0, required healthy pipeline reported count is 1
2022-05-26 01:45:00,028 [pool-449-thread-1] INFO  storage.RaftStorageDirectory (RaftStorageDirectoryImpl.java:tryLock(230)) - Lock on /home/runner/work/ozone/ozone/hadoop-ozone/integration-test/target/test-dir/MiniOzoneClusterImpl-d805c563-f850-4cee-aec1-f3ddb982742c/datanode-0/data/ratis/848bc10d-fe4e-440a-8f33-2bec6b05e71e/in_use.lock acquired by nodename 11847@fv-az270-854
2022-05-26 01:45:00,028 [pool-449-thread-1] INFO  storage.RaftStorage (RaftStorageImpl.java:format(89)) - Storage directory /home/runner/work/ozone/ozone/hadoop-ozone/integration-test/target/test-dir/MiniOzoneClusterImpl-d805c563-f850-4cee-aec1-f3ddb982742c/datanode-0/data/ratis/848bc10d-fe4e-440a-8f33-2bec6b05e71e has been successfully formatted.
2022-05-26 01:45:00,029 [pool-449-thread-1] INFO  ratis.ContainerStateMachine (ContainerStateMachine.java:loadSnapshot(236)) - group-2BEC6B05E71E: The snapshot info is null. Setting the last applied indexto:(t:0, i:~)
2022-05-26 01:45:00,029 [pool-449-thread-1] INFO  server.RaftServerConfigKeys (ConfUtils.java:logGet(46)) - raft.server.notification.no-leader.timeout = 300s (custom)
2022-05-26 01:45:00,029 [pool-449-thread-1] INFO  server.RaftServerConfigKeys (ConfUtils.java:logGet(46)) - raft.server.log.use.memory = false (default)
2022-05-26 01:45:00,029 [pool-449-thread-1] INFO  server.RaftServerConfigKeys (ConfUtils.java:logGet(46)) - raft.server.log.purge.gap = 1000000 (custom)
2022-05-26 01:45:00,029 [pool-449-thread-1] INFO  server.RaftServerConfigKeys (ConfUtils.java:logGet(46)) - raft.server.log.appender.buffer.byte-limit = 33554432 (custom)
2022-05-26 01:45:00,029 [pool-449-thread-1] INFO  server.RaftServerConfigKeys (ConfUtils.java:logGet(46)) - raft.server.log.statemachine.data.read.timeout = 1000ms (default)
2022-05-26 01:45:00,029 [pool-449-thread-1] INFO  server.RaftServerConfigKeys (ConfUtils.java:logGet(46)) - raft.server.log.segment.size.max = 1048576 (custom)
2022-05-26 01:45:00,030 [pool-449-thread-1] INFO  server.RaftServerConfigKeys (ConfUtils.java:logGet(46)) - raft.server.log.segment.cache.num.max = 2 (custom)
2022-05-26 01:45:00,030 [pool-449-thread-1] INFO  server.RaftServerConfigKeys (ConfUtils.java:logGet(46)) - raft.server.log.segment.cache.size.max = 200MB (=209715200) (default)
2022-05-26 01:45:00,030 [pool-449-thread-1] INFO  segmented.SegmentedRaftLogWorker (SegmentedRaftLogWorker.java:<init>(187)) - new edbf8a14-b096-4dc8-9781-888c2152b3d5@group-2BEC6B05E71E-SegmentedRaftLogWorker for RaftStorageImpl:Storage Directory /home/runner/work/ozone/ozone/hadoop-ozone/integration-test/target/test-dir/MiniOzoneClusterImpl-d805c563-f850-4cee-aec1-f3ddb982742c/datanode-0/data/ratis/848bc10d-fe4e-440a-8f33-2bec6b05e71e
2022-05-26 01:45:00,030 [pool-449-thread-1] INFO  server.RaftServerConfigKeys (ConfUtils.java:logGet(46)) - raft.server.log.queue.byte-limit = 4294967296 (custom)
2022-05-26 01:45:00,030 [pool-449-thread-1] INFO  server.RaftServerConfigKeys (ConfUtils.java:logGet(46)) - raft.server.log.queue.element-limit = 1024 (custom)
2022-05-26 01:45:00,030 [pool-449-thread-1] INFO  server.RaftServerConfigKeys (ConfUtils.java:logGet(46)) - raft.server.log.segment.size.max = 1048576 (custom)
2022-05-26 01:45:00,030 [pool-449-thread-1] INFO  server.RaftServerConfigKeys (ConfUtils.java:logGet(46)) - raft.server.log.preallocated.size = 16384 (custom)
2022-05-26 01:45:00,030 [pool-449-thread-1] INFO  server.RaftServerConfigKeys (ConfUtils.java:logGet(46)) - raft.server.log.force.sync.num = 128 (default)
2022-05-26 01:45:00,030 [pool-449-thread-1] INFO  server.RaftServerConfigKeys (ConfUtils.java:logGet(46)) - raft.server.log.statemachine.data.sync = true (default)
2022-05-26 01:45:00,030 [pool-449-thread-1] INFO  server.RaftServerConfigKeys (ConfUtils.java:logGet(46)) - raft.server.log.statemachine.data.sync.timeout = 10s (default)
2022-05-26 01:45:00,030 [pool-449-thread-1] INFO  server.RaftServerConfigKeys (ConfUtils.java:logGet(46)) - raft.server.log.statemachine.data.sync.timeout.retry = -1 (default)
2022-05-26 01:45:00,031 [pool-449-thread-1] INFO  server.RaftServerConfigKeys (ConfUtils.java:logGet(46)) - raft.server.log.write.buffer.size = 1048576 (custom)
2022-05-26 01:45:00,031 [pool-449-thread-1] INFO  server.RaftServerConfigKeys (ConfUtils.java:logGet(46)) - raft.server.log.unsafe-flush.enabled = false (default)
2022-05-26 01:45:00,031 [pool-449-thread-1] INFO  server.RaftServerConfigKeys (ConfUtils.java:logGet(46)) - raft.server.log.statemachine.data.caching.enabled = true (custom)
2022-05-26 01:45:00,031 [pool-449-thread-1] INFO  segmented.SegmentedRaftLogWorker (SegmentedRaftLogWorker.java:lambda$new$0(135)) - edbf8a14-b096-4dc8-9781-888c2152b3d5@group-2BEC6B05E71E-SegmentedRaftLogWorker: flushIndex: setUnconditionally 0 -> -1
2022-05-26 01:45:00,031 [pool-449-thread-1] INFO  segmented.SegmentedRaftLogWorker (SegmentedRaftLogWorker.java:lambda$new$0(135)) - edbf8a14-b096-4dc8-9781-888c2152b3d5@group-2BEC6B05E71E-SegmentedRaftLogWorker: safeCacheEvictIndex: setUnconditionally 0 -> -1
2022-05-26 01:45:00,040 [pool-449-thread-1] INFO  server.RaftServerConfigKeys (ConfUtils.java:logGet(46)) - raft.server.snapshot.auto.trigger.enabled = true (custom)
2022-05-26 01:45:00,040 [pool-449-thread-1] INFO  server.RaftServerConfigKeys (ConfUtils.java:logGet(46)) - raft.server.snapshot.auto.trigger.threshold = 10000 (custom)
2022-05-26 01:45:00,040 [pool-449-thread-1] INFO  server.RaftServerConfigKeys (ConfUtils.java:logGet(46)) - raft.server.snapshot.retention.file.num = 5 (custom)
2022-05-26 01:45:00,040 [pool-449-thread-1] INFO  server.RaftServerConfigKeys (ConfUtils.java:logGet(46)) - raft.server.log.purge.upto.snapshot.index = false (default)
2022-05-26 01:45:00,040 [pool-449-thread-1] INFO  server.RaftServerConfigKeys (ConfUtils.java:logGet(46)) - raft.server.retrycache.expirytime = 600000ms (custom)
2022-05-26 01:45:00,040 [pool-449-thread-1] INFO  server.RaftServerConfigKeys (ConfUtils.java:logGet(46)) - raft.server.retrycache.statistics.expirytime = 100μs (default)
2022-05-26 01:45:00,041 [pool-449-thread-1] INFO  server.RaftServerConfigKeys (ConfUtils.java:logGet(46)) - raft.server.log.appender.install.snapshot.enabled = false (custom)
2022-05-26 01:45:00,041 [pool-449-thread-1] INFO  server.RaftServerConfigKeys (ConfUtils.java:logGet(46)) - raft.server.threadpool.server.cached = true (default)
2022-05-26 01:45:00,042 [pool-449-thread-1] INFO  server.RaftServerConfigKeys (ConfUtils.java:logGet(46)) - raft.server.threadpool.server.size = 0 (default)
2022-05-26 01:45:00,042 [pool-449-thread-1] INFO  server.RaftServerConfigKeys (ConfUtils.java:logGet(46)) - raft.server.threadpool.client.cached = true (default)
2022-05-26 01:45:00,042 [pool-449-thread-1] INFO  server.RaftServerConfigKeys (ConfUtils.java:logGet(46)) - raft.server.threadpool.client.size = 0 (default)
2022-05-26 01:45:00,042 [pool-449-thread-1] INFO  server.RaftServer$Division (RaftServerImpl.java:start(310)) - edbf8a14-b096-4dc8-9781-888c2152b3d5@group-2BEC6B05E71E: start as a follower, conf=-1: [edbf8a14-b096-4dc8-9781-888c2152b3d5|rpc:10.1.0.18:41319|priority:0, 0cf574f5-d1b5-41cb-a7af-8959df5ed1cc|rpc:10.1.0.18:36043|priority:0, a8ebbba9-0f49-4666-952c-6956f6fecf4e|rpc:10.1.0.18:35309|priority:1], old=null
2022-05-26 01:45:00,042 [pool-449-thread-1] INFO  server.RaftServer$Division (RaftServerImpl.java:setRole(299)) - edbf8a14-b096-4dc8-9781-888c2152b3d5@group-2BEC6B05E71E: changes role from      null to FOLLOWER at term 0 for startAsFollower
2022-05-26 01:45:00,042 [pool-449-thread-1] INFO  impl.RoleInfo (RoleInfo.java:updateAndGet(139)) - edbf8a14-b096-4dc8-9781-888c2152b3d5: start edbf8a14-b096-4dc8-9781-888c2152b3d5@group-2BEC6B05E71E-FollowerState
2022-05-26 01:45:00,042 [EventQueue-OpenPipelineForHealthyPipelineSafeModeRule] INFO  safemode.SCMSafeModeManager (HealthyPipelineSafeModeRule.java:process(124)) - SCM in safe mode. Healthy pipelines reported count is 0, required healthy pipeline reported count is 1
2022-05-26 01:45:00,056 [pool-449-thread-1] INFO  util.JmxRegister (JmxRegister.java:tryRegister(44)) - Successfully registered JMX Bean with object name Ratis:service=RaftServer,group=group-2BEC6B05E71E,id=edbf8a14-b096-4dc8-9781-888c2152b3d5
2022-05-26 01:45:00,060 [Command processor thread] INFO  ratis.XceiverServerRatis (XceiverServerRatis.java:addGroup(765)) - Created group PipelineID=848bc10d-fe4e-440a-8f33-2bec6b05e71e
2022-05-26 01:45:00,166 [grpc-default-executor-0] INFO  server.RaftServer (RaftServerProxy.java:addNew(96)) - 0cf574f5-d1b5-41cb-a7af-8959df5ed1cc: addNew group-2BEC6B05E71E:[edbf8a14-b096-4dc8-9781-888c2152b3d5|rpc:10.1.0.18:41319|dataStream:|priority:0, 0cf574f5-d1b5-41cb-a7af-8959df5ed1cc|rpc:10.1.0.18:36043|dataStream:|priority:0, a8ebbba9-0f49-4666-952c-6956f6fecf4e|rpc:10.1.0.18:35309|dataStream:|priority:1] returns group-2BEC6B05E71E:java.util.concurrent.CompletableFuture@c24fdd2[Not completed]
2022-05-26 01:45:00,189 [pool-493-thread-1] INFO  server.RaftServer$Division (RaftServerImpl.java:<init>(190)) - 0cf574f5-d1b5-41cb-a7af-8959df5ed1cc: new RaftServerImpl for group-2BEC6B05E71E:[edbf8a14-b096-4dc8-9781-888c2152b3d5|rpc:10.1.0.18:41319|dataStream:|priority:0, 0cf574f5-d1b5-41cb-a7af-8959df5ed1cc|rpc:10.1.0.18:36043|dataStream:|priority:0, a8ebbba9-0f49-4666-952c-6956f6fecf4e|rpc:10.1.0.18:35309|dataStream:|priority:1] with ContainerStateMachine:uninitialized
2022-05-26 01:45:00,189 [pool-493-thread-1] INFO  server.RaftServerConfigKeys (ConfUtils.java:logGet(46)) - raft.server.rpc.timeout.min = 5s (custom)
2022-05-26 01:45:00,189 [pool-493-thread-1] INFO  server.RaftServerConfigKeys (ConfUtils.java:logGet(46)) - raft.server.rpc.timeout.max = 5200ms (custom)
2022-05-26 01:45:00,189 [pool-493-thread-1] INFO  server.RaftServerConfigKeys (ConfUtils.java:logGet(46)) - raft.server.rpc.sleep.time = 25ms (default)
2022-05-26 01:45:00,189 [pool-493-thread-1] INFO  server.RaftServerConfigKeys (ConfUtils.java:logGet(46)) - raft.server.rpc.slowness.timeout = 300s (custom)
2022-05-26 01:45:00,189 [pool-493-thread-1] INFO  server.RaftServerConfigKeys (ConfUtils.java:logGet(46)) - raft.server.leaderelection.leader.step-down.wait-time = 10s (default)
2022-05-26 01:45:00,189 [pool-493-thread-1] INFO  server.RaftServerConfigKeys (ConfUtils.java:logGet(46)) - raft.server.sleep.deviation.threshold = 300ms (default)
2022-05-26 01:45:00,189 [pool-493-thread-1] INFO  server.RaftServer$Division (ServerState.java:<init>(107)) - 0cf574f5-d1b5-41cb-a7af-8959df5ed1cc@group-2BEC6B05E71E: ConfigurationManager, init=-1: [edbf8a14-b096-4dc8-9781-888c2152b3d5|rpc:10.1.0.18:41319|dataStream:|priority:0, 0cf574f5-d1b5-41cb-a7af-8959df5ed1cc|rpc:10.1.0.18:36043|dataStream:|priority:0, a8ebbba9-0f49-4666-952c-6956f6fecf4e|rpc:10.1.0.18:35309|dataStream:|priority:1], old=null, confs=<EMPTY_MAP>
2022-05-26 01:45:00,189 [pool-493-thread-1] INFO  server.RaftServerConfigKeys (ConfUtils.java:logGet(46)) - raft.server.storage.dir = [/home/runner/work/ozone/ozone/hadoop-ozone/integration-test/target/test-dir/MiniOzoneClusterImpl-d805c563-f850-4cee-aec1-f3ddb982742c/datanode-2/data/ratis] (custom)
2022-05-26 01:45:00,189 [pool-493-thread-1] INFO  server.RaftServerConfigKeys (ConfUtils.java:logGet(46)) - raft.server.log.corruption.policy = EXCEPTION (default)
2022-05-26 01:45:00,189 [pool-493-thread-1] INFO  server.RaftServerConfigKeys (ConfUtils.java:logGet(46)) - raft.server.storage.free-space.min = 0MB (=0) (default)
2022-05-26 01:45:00,190 [pool-493-thread-1] INFO  storage.RaftStorageDirectory (RaftStorageDirectoryImpl.java:analyzeStorage(135)) - The storage directory /home/runner/work/ozone/ozone/hadoop-ozone/integration-test/target/test-dir/MiniOzoneClusterImpl-d805c563-f850-4cee-aec1-f3ddb982742c/datanode-2/data/ratis/848bc10d-fe4e-440a-8f33-2bec6b05e71e does not exist. Creating ...
2022-05-26 01:45:00,209 [pool-493-thread-1] INFO  storage.RaftStorageDirectory (RaftStorageDirectoryImpl.java:tryLock(230)) - Lock on /home/runner/work/ozone/ozone/hadoop-ozone/integration-test/target/test-dir/MiniOzoneClusterImpl-d805c563-f850-4cee-aec1-f3ddb982742c/datanode-2/data/ratis/848bc10d-fe4e-440a-8f33-2bec6b05e71e/in_use.lock acquired by nodename 11847@fv-az270-854
2022-05-26 01:45:00,214 [pool-493-thread-1] INFO  storage.RaftStorage (RaftStorageImpl.java:format(89)) - Storage directory /home/runner/work/ozone/ozone/hadoop-ozone/integration-test/target/test-dir/MiniOzoneClusterImpl-d805c563-f850-4cee-aec1-f3ddb982742c/datanode-2/data/ratis/848bc10d-fe4e-440a-8f33-2bec6b05e71e has been successfully formatted.
2022-05-26 01:45:00,216 [pool-493-thread-1] INFO  ratis.ContainerStateMachine (ContainerStateMachine.java:loadSnapshot(236)) - group-2BEC6B05E71E: The snapshot info is null. Setting the last applied indexto:(t:0, i:~)
2022-05-26 01:45:00,225 [pool-493-thread-1] INFO  server.RaftServerConfigKeys (ConfUtils.java:logGet(46)) - raft.server.notification.no-leader.timeout = 300s (custom)
2022-05-26 01:45:00,225 [pool-493-thread-1] INFO  server.RaftServerConfigKeys (ConfUtils.java:logGet(46)) - raft.server.log.use.memory = false (default)
2022-05-26 01:45:00,225 [pool-493-thread-1] INFO  server.RaftServerConfigKeys (ConfUtils.java:logGet(46)) - raft.server.log.purge.gap = 1000000 (custom)
2022-05-26 01:45:00,225 [pool-493-thread-1] INFO  server.RaftServerConfigKeys (ConfUtils.java:logGet(46)) - raft.server.log.appender.buffer.byte-limit = 33554432 (custom)
2022-05-26 01:45:00,225 [pool-493-thread-1] INFO  server.RaftServerConfigKeys (ConfUtils.java:logGet(46)) - raft.server.log.statemachine.data.read.timeout = 1000ms (default)
2022-05-26 01:45:00,225 [pool-493-thread-1] INFO  server.RaftServerConfigKeys (ConfUtils.java:logGet(46)) - raft.server.log.segment.size.max = 1048576 (custom)
2022-05-26 01:45:00,226 [pool-493-thread-1] INFO  server.RaftServerConfigKeys (ConfUtils.java:logGet(46)) - raft.server.log.segment.cache.num.max = 2 (custom)
2022-05-26 01:45:00,226 [pool-493-thread-1] INFO  server.RaftServerConfigKeys (ConfUtils.java:logGet(46)) - raft.server.log.segment.cache.size.max = 200MB (=209715200) (default)
2022-05-26 01:45:00,226 [pool-493-thread-1] INFO  segmented.SegmentedRaftLogWorker (SegmentedRaftLogWorker.java:<init>(187)) - new 0cf574f5-d1b5-41cb-a7af-8959df5ed1cc@group-2BEC6B05E71E-SegmentedRaftLogWorker for RaftStorageImpl:Storage Directory /home/runner/work/ozone/ozone/hadoop-ozone/integration-test/target/test-dir/MiniOzoneClusterImpl-d805c563-f850-4cee-aec1-f3ddb982742c/datanode-2/data/ratis/848bc10d-fe4e-440a-8f33-2bec6b05e71e
2022-05-26 01:45:00,226 [pool-493-thread-1] INFO  server.RaftServerConfigKeys (ConfUtils.java:logGet(46)) - raft.server.log.queue.byte-limit = 4294967296 (custom)
2022-05-26 01:45:00,226 [pool-493-thread-1] INFO  server.RaftServerConfigKeys (ConfUtils.java:logGet(46)) - raft.server.log.queue.element-limit = 1024 (custom)
2022-05-26 01:45:00,226 [pool-493-thread-1] INFO  server.RaftServerConfigKeys (ConfUtils.java:logGet(46)) - raft.server.log.segment.size.max = 1048576 (custom)
2022-05-26 01:45:00,226 [pool-493-thread-1] INFO  server.RaftServerConfigKeys (ConfUtils.java:logGet(46)) - raft.server.log.preallocated.size = 16384 (custom)
2022-05-26 01:45:00,226 [pool-493-thread-1] INFO  server.RaftServerConfigKeys (ConfUtils.java:logGet(46)) - raft.server.log.force.sync.num = 128 (default)
2022-05-26 01:45:00,226 [pool-493-thread-1] INFO  server.RaftServerConfigKeys (ConfUtils.java:logGet(46)) - raft.server.log.statemachine.data.sync = true (default)
2022-05-26 01:45:00,226 [pool-493-thread-1] INFO  server.RaftServerConfigKeys (ConfUtils.java:logGet(46)) - raft.server.log.statemachine.data.sync.timeout = 10s (default)
2022-05-26 01:45:00,226 [pool-493-thread-1] INFO  server.RaftServerConfigKeys (ConfUtils.java:logGet(46)) - raft.server.log.statemachine.data.sync.timeout.retry = -1 (default)
2022-05-26 01:45:00,227 [pool-493-thread-1] INFO  server.RaftServerConfigKeys (ConfUtils.java:logGet(46)) - raft.server.log.write.buffer.size = 1048576 (custom)
2022-05-26 01:45:00,227 [pool-493-thread-1] INFO  server.RaftServerConfigKeys (ConfUtils.java:logGet(46)) - raft.server.log.unsafe-flush.enabled = false (default)
2022-05-26 01:45:00,227 [pool-493-thread-1] INFO  server.RaftServerConfigKeys (ConfUtils.java:logGet(46)) - raft.server.log.statemachine.data.caching.enabled = true (custom)
2022-05-26 01:45:00,227 [pool-493-thread-1] INFO  segmented.SegmentedRaftLogWorker (SegmentedRaftLogWorker.java:lambda$new$0(135)) - 0cf574f5-d1b5-41cb-a7af-8959df5ed1cc@group-2BEC6B05E71E-SegmentedRaftLogWorker: flushIndex: setUnconditionally 0 -> -1
2022-05-26 01:45:00,227 [pool-493-thread-1] INFO  segmented.SegmentedRaftLogWorker (SegmentedRaftLogWorker.java:lambda$new$0(135)) - 0cf574f5-d1b5-41cb-a7af-8959df5ed1cc@group-2BEC6B05E71E-SegmentedRaftLogWorker: safeCacheEvictIndex: setUnconditionally 0 -> -1
2022-05-26 01:45:00,228 [pool-493-thread-1] INFO  server.RaftServerConfigKeys (ConfUtils.java:logGet(46)) - raft.server.snapshot.auto.trigger.enabled = true (custom)
2022-05-26 01:45:00,228 [pool-493-thread-1] INFO  server.RaftServerConfigKeys (ConfUtils.java:logGet(46)) - raft.server.snapshot.auto.trigger.threshold = 10000 (custom)
2022-05-26 01:45:00,228 [pool-493-thread-1] INFO  server.RaftServerConfigKeys (ConfUtils.java:logGet(46)) - raft.server.snapshot.retention.file.num = 5 (custom)
2022-05-26 01:45:00,228 [pool-493-thread-1] INFO  server.RaftServerConfigKeys (ConfUtils.java:logGet(46)) - raft.server.log.purge.upto.snapshot.index = false (default)
2022-05-26 01:45:00,228 [pool-493-thread-1] INFO  server.RaftServerConfigKeys (ConfUtils.java:logGet(46)) - raft.server.retrycache.expirytime = 600000ms (custom)
2022-05-26 01:45:00,228 [pool-493-thread-1] INFO  server.RaftServerConfigKeys (ConfUtils.java:logGet(46)) - raft.server.retrycache.statistics.expirytime = 100μs (default)
2022-05-26 01:45:00,229 [pool-493-thread-1] INFO  server.RaftServerConfigKeys (ConfUtils.java:logGet(46)) - raft.server.log.appender.install.snapshot.enabled = false (custom)
2022-05-26 01:45:00,229 [pool-493-thread-1] INFO  server.RaftServerConfigKeys (ConfUtils.java:logGet(46)) - raft.server.threadpool.server.cached = true (default)
2022-05-26 01:45:00,229 [pool-493-thread-1] INFO  server.RaftServerConfigKeys (ConfUtils.java:logGet(46)) - raft.server.threadpool.server.size = 0 (default)
2022-05-26 01:45:00,229 [pool-493-thread-1] INFO  server.RaftServerConfigKeys (ConfUtils.java:logGet(46)) - raft.server.threadpool.client.cached = true (default)
2022-05-26 01:45:00,229 [pool-493-thread-1] INFO  server.RaftServerConfigKeys (ConfUtils.java:logGet(46)) - raft.server.threadpool.client.size = 0 (default)
2022-05-26 01:45:00,229 [pool-493-thread-1] INFO  server.RaftServer$Division (RaftServerImpl.java:start(310)) - 0cf574f5-d1b5-41cb-a7af-8959df5ed1cc@group-2BEC6B05E71E: start as a follower, conf=-1: [edbf8a14-b096-4dc8-9781-888c2152b3d5|rpc:10.1.0.18:41319|dataStream:|priority:0, 0cf574f5-d1b5-41cb-a7af-8959df5ed1cc|rpc:10.1.0.18:36043|dataStream:|priority:0, a8ebbba9-0f49-4666-952c-6956f6fecf4e|rpc:10.1.0.18:35309|dataStream:|priority:1], old=null
2022-05-26 01:45:00,230 [pool-493-thread-1] INFO  server.RaftServer$Division (RaftServerImpl.java:setRole(299)) - 0cf574f5-d1b5-41cb-a7af-8959df5ed1cc@group-2BEC6B05E71E: changes role from      null to FOLLOWER at term 0 for startAsFollower
2022-05-26 01:45:00,230 [pool-493-thread-1] INFO  impl.RoleInfo (RoleInfo.java:updateAndGet(139)) - 0cf574f5-d1b5-41cb-a7af-8959df5ed1cc: start 0cf574f5-d1b5-41cb-a7af-8959df5ed1cc@group-2BEC6B05E71E-FollowerState
2022-05-26 01:45:00,230 [pool-493-thread-1] INFO  util.JmxRegister (JmxRegister.java:tryRegister(44)) - Successfully registered JMX Bean with object name Ratis:service=RaftServer,group=group-2BEC6B05E71E,id=0cf574f5-d1b5-41cb-a7af-8959df5ed1cc
2022-05-26 01:45:00,332 [grpc-default-executor-0] INFO  server.RaftServer (RaftServerProxy.java:addNew(96)) - a8ebbba9-0f49-4666-952c-6956f6fecf4e: addNew group-2BEC6B05E71E:[edbf8a14-b096-4dc8-9781-888c2152b3d5|rpc:10.1.0.18:41319|dataStream:|priority:0, 0cf574f5-d1b5-41cb-a7af-8959df5ed1cc|rpc:10.1.0.18:36043|dataStream:|priority:0, a8ebbba9-0f49-4666-952c-6956f6fecf4e|rpc:10.1.0.18:35309|dataStream:|priority:1] returns group-2BEC6B05E71E:java.util.concurrent.CompletableFuture@57f729ca[Not completed]
2022-05-26 01:45:00,341 [pool-471-thread-1] INFO  server.RaftServer$Division (RaftServerImpl.java:<init>(190)) - a8ebbba9-0f49-4666-952c-6956f6fecf4e: new RaftServerImpl for group-2BEC6B05E71E:[edbf8a14-b096-4dc8-9781-888c2152b3d5|rpc:10.1.0.18:41319|dataStream:|priority:0, 0cf574f5-d1b5-41cb-a7af-8959df5ed1cc|rpc:10.1.0.18:36043|dataStream:|priority:0, a8ebbba9-0f49-4666-952c-6956f6fecf4e|rpc:10.1.0.18:35309|dataStream:|priority:1] with ContainerStateMachine:uninitialized
2022-05-26 01:45:00,341 [pool-471-thread-1] INFO  server.RaftServerConfigKeys (ConfUtils.java:logGet(46)) - raft.server.rpc.timeout.min = 5s (custom)
2022-05-26 01:45:00,341 [pool-471-thread-1] INFO  server.RaftServerConfigKeys (ConfUtils.java:logGet(46)) - raft.server.rpc.timeout.max = 5200ms (custom)
2022-05-26 01:45:00,341 [pool-471-thread-1] INFO  server.RaftServerConfigKeys (ConfUtils.java:logGet(46)) - raft.server.rpc.sleep.time = 25ms (default)
2022-05-26 01:45:00,341 [pool-471-thread-1] INFO  server.RaftServerConfigKeys (ConfUtils.java:logGet(46)) - raft.server.rpc.slowness.timeout = 300s (custom)
2022-05-26 01:45:00,341 [pool-471-thread-1] INFO  server.RaftServerConfigKeys (ConfUtils.java:logGet(46)) - raft.server.leaderelection.leader.step-down.wait-time = 10s (default)
2022-05-26 01:45:00,341 [pool-471-thread-1] INFO  server.RaftServerConfigKeys (ConfUtils.java:logGet(46)) - raft.server.sleep.deviation.threshold = 300ms (default)
2022-05-26 01:45:00,341 [pool-471-thread-1] INFO  server.RaftServer$Division (ServerState.java:<init>(107)) - a8ebbba9-0f49-4666-952c-6956f6fecf4e@group-2BEC6B05E71E: ConfigurationManager, init=-1: [edbf8a14-b096-4dc8-9781-888c2152b3d5|rpc:10.1.0.18:41319|dataStream:|priority:0, 0cf574f5-d1b5-41cb-a7af-8959df5ed1cc|rpc:10.1.0.18:36043|dataStream:|priority:0, a8ebbba9-0f49-4666-952c-6956f6fecf4e|rpc:10.1.0.18:35309|dataStream:|priority:1], old=null, confs=<EMPTY_MAP>
2022-05-26 01:45:00,341 [pool-471-thread-1] INFO  server.RaftServerConfigKeys (ConfUtils.java:logGet(46)) - raft.server.storage.dir = [/home/runner/work/ozone/ozone/hadoop-ozone/integration-test/target/test-dir/MiniOzoneClusterImpl-d805c563-f850-4cee-aec1-f3ddb982742c/datanode-1/data/ratis] (custom)
2022-05-26 01:45:00,341 [pool-471-thread-1] INFO  server.RaftServerConfigKeys (ConfUtils.java:logGet(46)) - raft.server.log.corruption.policy = EXCEPTION (default)
2022-05-26 01:45:00,341 [pool-471-thread-1] INFO  server.RaftServerConfigKeys (ConfUtils.java:logGet(46)) - raft.server.storage.free-space.min = 0MB (=0) (default)
2022-05-26 01:45:00,341 [pool-471-thread-1] INFO  storage.RaftStorageDirectory (RaftStorageDirectoryImpl.java:analyzeStorage(135)) - The storage directory /home/runner/work/ozone/ozone/hadoop-ozone/integration-test/target/test-dir/MiniOzoneClusterImpl-d805c563-f850-4cee-aec1-f3ddb982742c/datanode-1/data/ratis/848bc10d-fe4e-440a-8f33-2bec6b05e71e does not exist. Creating ...
2022-05-26 01:45:00,352 [pool-471-thread-1] INFO  storage.RaftStorageDirectory (RaftStorageDirectoryImpl.java:tryLock(230)) - Lock on /home/runner/work/ozone/ozone/hadoop-ozone/integration-test/target/test-dir/MiniOzoneClusterImpl-d805c563-f850-4cee-aec1-f3ddb982742c/datanode-1/data/ratis/848bc10d-fe4e-440a-8f33-2bec6b05e71e/in_use.lock acquired by nodename 11847@fv-az270-854
2022-05-26 01:45:00,353 [pool-471-thread-1] INFO  storage.RaftStorage (RaftStorageImpl.java:format(89)) - Storage directory /home/runner/work/ozone/ozone/hadoop-ozone/integration-test/target/test-dir/MiniOzoneClusterImpl-d805c563-f850-4cee-aec1-f3ddb982742c/datanode-1/data/ratis/848bc10d-fe4e-440a-8f33-2bec6b05e71e has been successfully formatted.
2022-05-26 01:45:00,354 [pool-471-thread-1] INFO  ratis.ContainerStateMachine (ContainerStateMachine.java:loadSnapshot(236)) - group-2BEC6B05E71E: The snapshot info is null. Setting the last applied indexto:(t:0, i:~)
2022-05-26 01:45:00,354 [pool-471-thread-1] INFO  server.RaftServerConfigKeys (ConfUtils.java:logGet(46)) - raft.server.notification.no-leader.timeout = 300s (custom)
2022-05-26 01:45:00,354 [pool-471-thread-1] INFO  server.RaftServerConfigKeys (ConfUtils.java:logGet(46)) - raft.server.log.use.memory = false (default)
2022-05-26 01:45:00,355 [pool-471-thread-1] INFO  server.RaftServerConfigKeys (ConfUtils.java:logGet(46)) - raft.server.log.purge.gap = 1000000 (custom)
2022-05-26 01:45:00,355 [pool-471-thread-1] INFO  server.RaftServerConfigKeys (ConfUtils.java:logGet(46)) - raft.server.log.appender.buffer.byte-limit = 33554432 (custom)
2022-05-26 01:45:00,355 [pool-471-thread-1] INFO  server.RaftServerConfigKeys (ConfUtils.java:logGet(46)) - raft.server.log.statemachine.data.read.timeout = 1000ms (default)
2022-05-26 01:45:00,355 [pool-471-thread-1] INFO  server.RaftServerConfigKeys (ConfUtils.java:logGet(46)) - raft.server.log.segment.size.max = 1048576 (custom)
2022-05-26 01:45:00,355 [pool-471-thread-1] INFO  server.RaftServerConfigKeys (ConfUtils.java:logGet(46)) - raft.server.log.segment.cache.num.max = 2 (custom)
2022-05-26 01:45:00,355 [pool-471-thread-1] INFO  server.RaftServerConfigKeys (ConfUtils.java:logGet(46)) - raft.server.log.segment.cache.size.max = 200MB (=209715200) (default)
2022-05-26 01:45:00,356 [pool-471-thread-1] INFO  segmented.SegmentedRaftLogWorker (SegmentedRaftLogWorker.java:<init>(187)) - new a8ebbba9-0f49-4666-952c-6956f6fecf4e@group-2BEC6B05E71E-SegmentedRaftLogWorker for RaftStorageImpl:Storage Directory /home/runner/work/ozone/ozone/hadoop-ozone/integration-test/target/test-dir/MiniOzoneClusterImpl-d805c563-f850-4cee-aec1-f3ddb982742c/datanode-1/data/ratis/848bc10d-fe4e-440a-8f33-2bec6b05e71e
2022-05-26 01:45:00,356 [pool-471-thread-1] INFO  server.RaftServerConfigKeys (ConfUtils.java:logGet(46)) - raft.server.log.queue.byte-limit = 4294967296 (custom)
2022-05-26 01:45:00,356 [pool-471-thread-1] INFO  server.RaftServerConfigKeys (ConfUtils.java:logGet(46)) - raft.server.log.queue.element-limit = 1024 (custom)
2022-05-26 01:45:00,356 [pool-471-thread-1] INFO  server.RaftServerConfigKeys (ConfUtils.java:logGet(46)) - raft.server.log.segment.size.max = 1048576 (custom)
2022-05-26 01:45:00,356 [pool-471-thread-1] INFO  server.RaftServerConfigKeys (ConfUtils.java:logGet(46)) - raft.server.log.preallocated.size = 16384 (custom)
2022-05-26 01:45:00,356 [pool-471-thread-1] INFO  server.RaftServerConfigKeys (ConfUtils.java:logGet(46)) - raft.server.log.force.sync.num = 128 (default)
2022-05-26 01:45:00,376 [pool-471-thread-1] INFO  server.RaftServerConfigKeys (ConfUtils.java:logGet(46)) - raft.server.log.statemachine.data.sync = true (default)
2022-05-26 01:45:00,376 [pool-471-thread-1] INFO  server.RaftServerConfigKeys (ConfUtils.java:logGet(46)) - raft.server.log.statemachine.data.sync.timeout = 10s (default)
2022-05-26 01:45:00,376 [pool-471-thread-1] INFO  server.RaftServerConfigKeys (ConfUtils.java:logGet(46)) - raft.server.log.statemachine.data.sync.timeout.retry = -1 (default)
2022-05-26 01:45:00,377 [pool-471-thread-1] INFO  server.RaftServerConfigKeys (ConfUtils.java:logGet(46)) - raft.server.log.write.buffer.size = 1048576 (custom)
2022-05-26 01:45:00,377 [pool-471-thread-1] INFO  server.RaftServerConfigKeys (ConfUtils.java:logGet(46)) - raft.server.log.unsafe-flush.enabled = false (default)
2022-05-26 01:45:00,377 [pool-471-thread-1] INFO  server.RaftServerConfigKeys (ConfUtils.java:logGet(46)) - raft.server.log.statemachine.data.caching.enabled = true (custom)
2022-05-26 01:45:00,377 [pool-471-thread-1] INFO  segmented.SegmentedRaftLogWorker (SegmentedRaftLogWorker.java:lambda$new$0(135)) - a8ebbba9-0f49-4666-952c-6956f6fecf4e@group-2BEC6B05E71E-SegmentedRaftLogWorker: flushIndex: setUnconditionally 0 -> -1
2022-05-26 01:45:00,377 [pool-471-thread-1] INFO  segmented.SegmentedRaftLogWorker (SegmentedRaftLogWorker.java:lambda$new$0(135)) - a8ebbba9-0f49-4666-952c-6956f6fecf4e@group-2BEC6B05E71E-SegmentedRaftLogWorker: safeCacheEvictIndex: setUnconditionally 0 -> -1
2022-05-26 01:45:00,379 [pool-471-thread-1] INFO  server.RaftServerConfigKeys (ConfUtils.java:logGet(46)) - raft.server.snapshot.auto.trigger.enabled = true (custom)
2022-05-26 01:45:00,379 [pool-471-thread-1] INFO  server.RaftServerConfigKeys (ConfUtils.java:logGet(46)) - raft.server.snapshot.auto.trigger.threshold = 10000 (custom)
2022-05-26 01:45:00,379 [pool-471-thread-1] INFO  server.RaftServerConfigKeys (ConfUtils.java:logGet(46)) - raft.server.snapshot.retention.file.num = 5 (custom)
2022-05-26 01:45:00,379 [pool-471-thread-1] INFO  server.RaftServerConfigKeys (ConfUtils.java:logGet(46)) - raft.server.log.purge.upto.snapshot.index = false (default)
2022-05-26 01:45:00,380 [pool-471-thread-1] INFO  server.RaftServerConfigKeys (ConfUtils.java:logGet(46)) - raft.server.retrycache.expirytime = 600000ms (custom)
2022-05-26 01:45:00,380 [pool-471-thread-1] INFO  server.RaftServerConfigKeys (ConfUtils.java:logGet(46)) - raft.server.retrycache.statistics.expirytime = 100μs (default)
2022-05-26 01:45:00,381 [pool-471-thread-1] INFO  server.RaftServerConfigKeys (ConfUtils.java:logGet(46)) - raft.server.log.appender.install.snapshot.enabled = false (custom)
2022-05-26 01:45:00,381 [pool-471-thread-1] INFO  server.RaftServerConfigKeys (ConfUtils.java:logGet(46)) - raft.server.threadpool.server.cached = true (default)
2022-05-26 01:45:00,381 [pool-471-thread-1] INFO  server.RaftServerConfigKeys (ConfUtils.java:logGet(46)) - raft.server.threadpool.server.size = 0 (default)
2022-05-26 01:45:00,381 [pool-471-thread-1] INFO  server.RaftServerConfigKeys (ConfUtils.java:logGet(46)) - raft.server.threadpool.client.cached = true (default)
2022-05-26 01:45:00,381 [pool-471-thread-1] INFO  server.RaftServerConfigKeys (ConfUtils.java:logGet(46)) - raft.server.threadpool.client.size = 0 (default)
2022-05-26 01:45:00,381 [pool-471-thread-1] INFO  server.RaftServer$Division (RaftServerImpl.java:start(310)) - a8ebbba9-0f49-4666-952c-6956f6fecf4e@group-2BEC6B05E71E: start as a follower, conf=-1: [edbf8a14-b096-4dc8-9781-888c2152b3d5|rpc:10.1.0.18:41319|dataStream:|priority:0, 0cf574f5-d1b5-41cb-a7af-8959df5ed1cc|rpc:10.1.0.18:36043|dataStream:|priority:0, a8ebbba9-0f49-4666-952c-6956f6fecf4e|rpc:10.1.0.18:35309|dataStream:|priority:1], old=null
2022-05-26 01:45:00,381 [pool-471-thread-1] INFO  server.RaftServer$Division (RaftServerImpl.java:setRole(299)) - a8ebbba9-0f49-4666-952c-6956f6fecf4e@group-2BEC6B05E71E: changes role from      null to FOLLOWER at term 0 for startAsFollower
2022-05-26 01:45:00,381 [pool-471-thread-1] INFO  impl.RoleInfo (RoleInfo.java:updateAndGet(139)) - a8ebbba9-0f49-4666-952c-6956f6fecf4e: start a8ebbba9-0f49-4666-952c-6956f6fecf4e@group-2BEC6B05E71E-FollowerState
2022-05-26 01:45:00,388 [pool-471-thread-1] INFO  util.JmxRegister (JmxRegister.java:tryRegister(44)) - Successfully registered JMX Bean with object name Ratis:service=RaftServer,group=group-2BEC6B05E71E,id=a8ebbba9-0f49-4666-952c-6956f6fecf4e
2022-05-26 01:45:00,464 [Command processor thread] INFO  commandhandler.CreatePipelineCommandHandler (CreatePipelineCommandHandler.java:handle(113)) - Created Pipeline RATIS THREE PipelineID=848bc10d-fe4e-440a-8f33-2bec6b05e71e.
2022-05-26 01:45:00,484 [Command processor thread] INFO  server.RaftServer (RaftServerProxy.java:addNew(96)) - edbf8a14-b096-4dc8-9781-888c2152b3d5: addNew group-D76EC0C11FCE:[edbf8a14-b096-4dc8-9781-888c2152b3d5|rpc:10.1.0.18:41319|priority:0, 0cf574f5-d1b5-41cb-a7af-8959df5ed1cc|rpc:10.1.0.18:36043|priority:1, a8ebbba9-0f49-4666-952c-6956f6fecf4e|rpc:10.1.0.18:35309|priority:0] returns group-D76EC0C11FCE:java.util.concurrent.CompletableFuture@2053120b[Not completed]
2022-05-26 01:45:00,485 [pool-449-thread-1] INFO  server.RaftServer$Division (RaftServerImpl.java:<init>(190)) - edbf8a14-b096-4dc8-9781-888c2152b3d5: new RaftServerImpl for group-D76EC0C11FCE:[edbf8a14-b096-4dc8-9781-888c2152b3d5|rpc:10.1.0.18:41319|priority:0, 0cf574f5-d1b5-41cb-a7af-8959df5ed1cc|rpc:10.1.0.18:36043|priority:1, a8ebbba9-0f49-4666-952c-6956f6fecf4e|rpc:10.1.0.18:35309|priority:0] with ContainerStateMachine:uninitialized
2022-05-26 01:45:00,486 [pool-449-thread-1] INFO  server.RaftServerConfigKeys (ConfUtils.java:logGet(46)) - raft.server.rpc.timeout.min = 5s (custom)
2022-05-26 01:45:00,486 [pool-449-thread-1] INFO  server.RaftServerConfigKeys (ConfUtils.java:logGet(46)) - raft.server.rpc.timeout.max = 5200ms (custom)
2022-05-26 01:45:00,486 [pool-449-thread-1] INFO  server.RaftServerConfigKeys (ConfUtils.java:logGet(46)) - raft.server.rpc.sleep.time = 25ms (default)
2022-05-26 01:45:00,486 [pool-449-thread-1] INFO  server.RaftServerConfigKeys (ConfUtils.java:logGet(46)) - raft.server.rpc.slowness.timeout = 300s (custom)
2022-05-26 01:45:00,486 [pool-449-thread-1] INFO  server.RaftServerConfigKeys (ConfUtils.java:logGet(46)) - raft.server.leaderelection.leader.step-down.wait-time = 10s (default)
2022-05-26 01:45:00,486 [pool-449-thread-1] INFO  server.RaftServerConfigKeys (ConfUtils.java:logGet(46)) - raft.server.sleep.deviation.threshold = 300ms (default)
2022-05-26 01:45:00,486 [pool-449-thread-1] INFO  server.RaftServer$Division (ServerState.java:<init>(107)) - edbf8a14-b096-4dc8-9781-888c2152b3d5@group-D76EC0C11FCE: ConfigurationManager, init=-1: [edbf8a14-b096-4dc8-9781-888c2152b3d5|rpc:10.1.0.18:41319|priority:0, 0cf574f5-d1b5-41cb-a7af-8959df5ed1cc|rpc:10.1.0.18:36043|priority:1, a8ebbba9-0f49-4666-952c-6956f6fecf4e|rpc:10.1.0.18:35309|priority:0], old=null, confs=<EMPTY_MAP>
2022-05-26 01:45:00,486 [pool-449-thread-1] INFO  server.RaftServerConfigKeys (ConfUtils.java:logGet(46)) - raft.server.storage.dir = [/home/runner/work/ozone/ozone/hadoop-ozone/integration-test/target/test-dir/MiniOzoneClusterImpl-d805c563-f850-4cee-aec1-f3ddb982742c/datanode-0/data/ratis] (custom)
2022-05-26 01:45:00,486 [pool-449-thread-1] INFO  server.RaftServerConfigKeys (ConfUtils.java:logGet(46)) - raft.server.log.corruption.policy = EXCEPTION (default)
2022-05-26 01:45:00,486 [pool-449-thread-1] INFO  server.RaftServerConfigKeys (ConfUtils.java:logGet(46)) - raft.server.storage.free-space.min = 0MB (=0) (default)
2022-05-26 01:45:00,486 [pool-449-thread-1] INFO  storage.RaftStorageDirectory (RaftStorageDirectoryImpl.java:analyzeStorage(135)) - The storage directory /home/runner/work/ozone/ozone/hadoop-ozone/integration-test/target/test-dir/MiniOzoneClusterImpl-d805c563-f850-4cee-aec1-f3ddb982742c/datanode-0/data/ratis/eac6b18b-12e2-43da-810d-d76ec0c11fce does not exist. Creating ...
2022-05-26 01:45:00,487 [pool-449-thread-1] INFO  storage.RaftStorageDirectory (RaftStorageDirectoryImpl.java:tryLock(230)) - Lock on /home/runner/work/ozone/ozone/hadoop-ozone/integration-test/target/test-dir/MiniOzoneClusterImpl-d805c563-f850-4cee-aec1-f3ddb982742c/datanode-0/data/ratis/eac6b18b-12e2-43da-810d-d76ec0c11fce/in_use.lock acquired by nodename 11847@fv-az270-854
2022-05-26 01:45:00,489 [pool-449-thread-1] INFO  storage.RaftStorage (RaftStorageImpl.java:format(89)) - Storage directory /home/runner/work/ozone/ozone/hadoop-ozone/integration-test/target/test-dir/MiniOzoneClusterImpl-d805c563-f850-4cee-aec1-f3ddb982742c/datanode-0/data/ratis/eac6b18b-12e2-43da-810d-d76ec0c11fce has been successfully formatted.
2022-05-26 01:45:00,489 [pool-449-thread-1] INFO  ratis.ContainerStateMachine (ContainerStateMachine.java:loadSnapshot(236)) - group-D76EC0C11FCE: The snapshot info is null. Setting the last applied indexto:(t:0, i:~)
2022-05-26 01:45:00,489 [pool-449-thread-1] INFO  server.RaftServerConfigKeys (ConfUtils.java:logGet(46)) - raft.server.notification.no-leader.timeout = 300s (custom)
2022-05-26 01:45:00,489 [pool-449-thread-1] INFO  server.RaftServerConfigKeys (ConfUtils.java:logGet(46)) - raft.server.log.use.memory = false (default)
2022-05-26 01:45:00,489 [pool-449-thread-1] INFO  server.RaftServerConfigKeys (ConfUtils.java:logGet(46)) - raft.server.log.purge.gap = 1000000 (custom)
2022-05-26 01:45:00,489 [pool-449-thread-1] INFO  server.RaftServerConfigKeys (ConfUtils.java:logGet(46)) - raft.server.log.appender.buffer.byte-limit = 33554432 (custom)
2022-05-26 01:45:00,489 [pool-449-thread-1] INFO  server.RaftServerConfigKeys (ConfUtils.java:logGet(46)) - raft.server.log.statemachine.data.read.timeout = 1000ms (default)
2022-05-26 01:45:00,489 [pool-449-thread-1] INFO  server.RaftServerConfigKeys (ConfUtils.java:logGet(46)) - raft.server.log.segment.size.max = 1048576 (custom)
2022-05-26 01:45:00,490 [pool-449-thread-1] INFO  server.RaftServerConfigKeys (ConfUtils.java:logGet(46)) - raft.server.log.segment.cache.num.max = 2 (custom)
2022-05-26 01:45:00,490 [pool-449-thread-1] INFO  server.RaftServerConfigKeys (ConfUtils.java:logGet(46)) - raft.server.log.segment.cache.size.max = 200MB (=209715200) (default)
2022-05-26 01:45:00,490 [pool-449-thread-1] INFO  segmented.SegmentedRaftLogWorker (SegmentedRaftLogWorker.java:<init>(187)) - new edbf8a14-b096-4dc8-9781-888c2152b3d5@group-D76EC0C11FCE-SegmentedRaftLogWorker for RaftStorageImpl:Storage Directory /home/runner/work/ozone/ozone/hadoop-ozone/integration-test/target/test-dir/MiniOzoneClusterImpl-d805c563-f850-4cee-aec1-f3ddb982742c/datanode-0/data/ratis/eac6b18b-12e2-43da-810d-d76ec0c11fce
2022-05-26 01:45:00,490 [pool-449-thread-1] INFO  server.RaftServerConfigKeys (ConfUtils.java:logGet(46)) - raft.server.log.queue.byte-limit = 4294967296 (custom)
2022-05-26 01:45:00,490 [pool-449-thread-1] INFO  server.RaftServerConfigKeys (ConfUtils.java:logGet(46)) - raft.server.log.queue.element-limit = 1024 (custom)
2022-05-26 01:45:00,490 [pool-449-thread-1] INFO  server.RaftServerConfigKeys (ConfUtils.java:logGet(46)) - raft.server.log.segment.size.max = 1048576 (custom)
2022-05-26 01:45:00,490 [pool-449-thread-1] INFO  server.RaftServerConfigKeys (ConfUtils.java:logGet(46)) - raft.server.log.preallocated.size = 16384 (custom)
2022-05-26 01:45:00,490 [pool-449-thread-1] INFO  server.RaftServerConfigKeys (ConfUtils.java:logGet(46)) - raft.server.log.force.sync.num = 128 (default)
2022-05-26 01:45:00,490 [pool-449-thread-1] INFO  server.RaftServerConfigKeys (ConfUtils.java:logGet(46)) - raft.server.log.statemachine.data.sync = true (default)
2022-05-26 01:45:00,490 [pool-449-thread-1] INFO  server.RaftServerConfigKeys (ConfUtils.java:logGet(46)) - raft.server.log.statemachine.data.sync.timeout = 10s (default)
2022-05-26 01:45:00,490 [pool-449-thread-1] INFO  server.RaftServerConfigKeys (ConfUtils.java:logGet(46)) - raft.server.log.statemachine.data.sync.timeout.retry = -1 (default)
2022-05-26 01:45:00,491 [pool-449-thread-1] INFO  server.RaftServerConfigKeys (ConfUtils.java:logGet(46)) - raft.server.log.write.buffer.size = 1048576 (custom)
2022-05-26 01:45:00,491 [pool-449-thread-1] INFO  server.RaftServerConfigKeys (ConfUtils.java:logGet(46)) - raft.server.log.unsafe-flush.enabled = false (default)
2022-05-26 01:45:00,491 [pool-449-thread-1] INFO  server.RaftServerConfigKeys (ConfUtils.java:logGet(46)) - raft.server.log.statemachine.data.caching.enabled = true (custom)
2022-05-26 01:45:00,494 [pool-449-thread-1] INFO  segmented.SegmentedRaftLogWorker (SegmentedRaftLogWorker.java:lambda$new$0(135)) - edbf8a14-b096-4dc8-9781-888c2152b3d5@group-D76EC0C11FCE-SegmentedRaftLogWorker: flushIndex: setUnconditionally 0 -> -1
2022-05-26 01:45:00,494 [EventQueue-OpenPipelineForHealthyPipelineSafeModeRule] INFO  safemode.SCMSafeModeManager (HealthyPipelineSafeModeRule.java:process(124)) - SCM in safe mode. Healthy pipelines reported count is 0, required healthy pipeline reported count is 1
2022-05-26 01:45:00,497 [pool-449-thread-1] INFO  segmented.SegmentedRaftLogWorker (SegmentedRaftLogWorker.java:lambda$new$0(135)) - edbf8a14-b096-4dc8-9781-888c2152b3d5@group-D76EC0C11FCE-SegmentedRaftLogWorker: safeCacheEvictIndex: setUnconditionally 0 -> -1
2022-05-26 01:45:00,503 [pool-449-thread-1] INFO  server.RaftServerConfigKeys (ConfUtils.java:logGet(46)) - raft.server.snapshot.auto.trigger.enabled = true (custom)
2022-05-26 01:45:00,504 [pool-449-thread-1] INFO  server.RaftServerConfigKeys (ConfUtils.java:logGet(46)) - raft.server.snapshot.auto.trigger.threshold = 10000 (custom)
2022-05-26 01:45:00,506 [pool-449-thread-1] INFO  server.RaftServerConfigKeys (ConfUtils.java:logGet(46)) - raft.server.snapshot.retention.file.num = 5 (custom)
2022-05-26 01:45:00,506 [pool-449-thread-1] INFO  server.RaftServerConfigKeys (ConfUtils.java:logGet(46)) - raft.server.log.purge.upto.snapshot.index = false (default)
2022-05-26 01:45:00,506 [pool-449-thread-1] INFO  server.RaftServerConfigKeys (ConfUtils.java:logGet(46)) - raft.server.retrycache.expirytime = 600000ms (custom)
2022-05-26 01:45:00,506 [pool-449-thread-1] INFO  server.RaftServerConfigKeys (ConfUtils.java:logGet(46)) - raft.server.retrycache.statistics.expirytime = 100μs (default)
2022-05-26 01:45:00,507 [pool-449-thread-1] INFO  server.RaftServerConfigKeys (ConfUtils.java:logGet(46)) - raft.server.log.appender.install.snapshot.enabled = false (custom)
2022-05-26 01:45:00,507 [pool-449-thread-1] INFO  server.RaftServerConfigKeys (ConfUtils.java:logGet(46)) - raft.server.threadpool.server.cached = true (default)
2022-05-26 01:45:00,507 [pool-449-thread-1] INFO  server.RaftServerConfigKeys (ConfUtils.java:logGet(46)) - raft.server.threadpool.server.size = 0 (default)
2022-05-26 01:45:00,507 [pool-449-thread-1] INFO  server.RaftServerConfigKeys (ConfUtils.java:logGet(46)) - raft.server.threadpool.client.cached = true (default)
2022-05-26 01:45:00,508 [pool-449-thread-1] INFO  server.RaftServerConfigKeys (ConfUtils.java:logGet(46)) - raft.server.threadpool.client.size = 0 (default)
2022-05-26 01:45:00,508 [pool-449-thread-1] INFO  server.RaftServer$Division (RaftServerImpl.java:start(310)) - edbf8a14-b096-4dc8-9781-888c2152b3d5@group-D76EC0C11FCE: start as a follower, conf=-1: [edbf8a14-b096-4dc8-9781-888c2152b3d5|rpc:10.1.0.18:41319|priority:0, 0cf574f5-d1b5-41cb-a7af-8959df5ed1cc|rpc:10.1.0.18:36043|priority:1, a8ebbba9-0f49-4666-952c-6956f6fecf4e|rpc:10.1.0.18:35309|priority:0], old=null
2022-05-26 01:45:00,508 [pool-449-thread-1] INFO  server.RaftServer$Division (RaftServerImpl.java:setRole(299)) - edbf8a14-b096-4dc8-9781-888c2152b3d5@group-D76EC0C11FCE: changes role from      null to FOLLOWER at term 0 for startAsFollower
2022-05-26 01:45:00,508 [pool-449-thread-1] INFO  impl.RoleInfo (RoleInfo.java:updateAndGet(139)) - edbf8a14-b096-4dc8-9781-888c2152b3d5: start edbf8a14-b096-4dc8-9781-888c2152b3d5@group-D76EC0C11FCE-FollowerState
2022-05-26 01:45:00,522 [pool-449-thread-1] INFO  util.JmxRegister (JmxRegister.java:tryRegister(44)) - Successfully registered JMX Bean with object name Ratis:service=RaftServer,group=group-D76EC0C11FCE,id=edbf8a14-b096-4dc8-9781-888c2152b3d5
2022-05-26 01:45:00,528 [Command processor thread] INFO  ratis.XceiverServerRatis (XceiverServerRatis.java:addGroup(765)) - Created group PipelineID=eac6b18b-12e2-43da-810d-d76ec0c11fce
2022-05-26 01:45:00,580 [Command processor thread] INFO  server.RaftServer (RaftServerProxy.java:addNew(96)) - a8ebbba9-0f49-4666-952c-6956f6fecf4e: addNew group-431C40285254:[a8ebbba9-0f49-4666-952c-6956f6fecf4e|rpc:10.1.0.18:35309|priority:1] returns group-431C40285254:java.util.concurrent.CompletableFuture@6926a4bf[Not completed]
2022-05-26 01:45:00,581 [pool-471-thread-1] INFO  server.RaftServer$Division (RaftServerImpl.java:<init>(190)) - a8ebbba9-0f49-4666-952c-6956f6fecf4e: new RaftServerImpl for group-431C40285254:[a8ebbba9-0f49-4666-952c-6956f6fecf4e|rpc:10.1.0.18:35309|priority:1] with ContainerStateMachine:uninitialized
2022-05-26 01:45:00,581 [pool-471-thread-1] INFO  server.RaftServerConfigKeys (ConfUtils.java:logGet(46)) - raft.server.rpc.timeout.min = 5s (custom)
2022-05-26 01:45:00,581 [pool-471-thread-1] INFO  server.RaftServerConfigKeys (ConfUtils.java:logGet(46)) - raft.server.rpc.timeout.max = 5200ms (custom)
2022-05-26 01:45:00,581 [pool-471-thread-1] INFO  server.RaftServerConfigKeys (ConfUtils.java:logGet(46)) - raft.server.rpc.sleep.time = 25ms (default)
2022-05-26 01:45:00,581 [pool-471-thread-1] INFO  server.RaftServerConfigKeys (ConfUtils.java:logGet(46)) - raft.server.rpc.slowness.timeout = 300s (custom)
2022-05-26 01:45:00,581 [pool-471-thread-1] INFO  server.RaftServerConfigKeys (ConfUtils.java:logGet(46)) - raft.server.leaderelection.leader.step-down.wait-time = 10s (default)
2022-05-26 01:45:00,581 [pool-471-thread-1] INFO  server.RaftServerConfigKeys (ConfUtils.java:logGet(46)) - raft.server.sleep.deviation.threshold = 300ms (default)
2022-05-26 01:45:00,581 [pool-471-thread-1] INFO  server.RaftServer$Division (ServerState.java:<init>(107)) - a8ebbba9-0f49-4666-952c-6956f6fecf4e@group-431C40285254: ConfigurationManager, init=-1: [a8ebbba9-0f49-4666-952c-6956f6fecf4e|rpc:10.1.0.18:35309|priority:1], old=null, confs=<EMPTY_MAP>
2022-05-26 01:45:00,582 [pool-471-thread-1] INFO  server.RaftServerConfigKeys (ConfUtils.java:logGet(46)) - raft.server.storage.dir = [/home/runner/work/ozone/ozone/hadoop-ozone/integration-test/target/test-dir/MiniOzoneClusterImpl-d805c563-f850-4cee-aec1-f3ddb982742c/datanode-1/data/ratis] (custom)
2022-05-26 01:45:00,582 [pool-471-thread-1] INFO  server.RaftServerConfigKeys (ConfUtils.java:logGet(46)) - raft.server.log.corruption.policy = EXCEPTION (default)
2022-05-26 01:45:00,582 [pool-471-thread-1] INFO  server.RaftServerConfigKeys (ConfUtils.java:logGet(46)) - raft.server.storage.free-space.min = 0MB (=0) (default)
2022-05-26 01:45:00,582 [pool-471-thread-1] INFO  storage.RaftStorageDirectory (RaftStorageDirectoryImpl.java:analyzeStorage(135)) - The storage directory /home/runner/work/ozone/ozone/hadoop-ozone/integration-test/target/test-dir/MiniOzoneClusterImpl-d805c563-f850-4cee-aec1-f3ddb982742c/datanode-1/data/ratis/8431e1a9-94de-4e4e-b196-431c40285254 does not exist. Creating ...
2022-05-26 01:45:00,583 [grpc-default-executor-0] INFO  server.RaftServer (RaftServerProxy.java:addNew(96)) - 0cf574f5-d1b5-41cb-a7af-8959df5ed1cc: addNew group-D76EC0C11FCE:[edbf8a14-b096-4dc8-9781-888c2152b3d5|rpc:10.1.0.18:41319|dataStream:|priority:0, 0cf574f5-d1b5-41cb-a7af-8959df5ed1cc|rpc:10.1.0.18:36043|dataStream:|priority:1, a8ebbba9-0f49-4666-952c-6956f6fecf4e|rpc:10.1.0.18:35309|dataStream:|priority:0] returns group-D76EC0C11FCE:java.util.concurrent.CompletableFuture@56510e0f[Not completed]
2022-05-26 01:45:00,584 [pool-471-thread-1] INFO  storage.RaftStorageDirectory (RaftStorageDirectoryImpl.java:tryLock(230)) - Lock on /home/runner/work/ozone/ozone/hadoop-ozone/integration-test/target/test-dir/MiniOzoneClusterImpl-d805c563-f850-4cee-aec1-f3ddb982742c/datanode-1/data/ratis/8431e1a9-94de-4e4e-b196-431c40285254/in_use.lock acquired by nodename 11847@fv-az270-854
2022-05-26 01:45:00,584 [pool-493-thread-1] INFO  server.RaftServer$Division (RaftServerImpl.java:<init>(190)) - 0cf574f5-d1b5-41cb-a7af-8959df5ed1cc: new RaftServerImpl for group-D76EC0C11FCE:[edbf8a14-b096-4dc8-9781-888c2152b3d5|rpc:10.1.0.18:41319|dataStream:|priority:0, 0cf574f5-d1b5-41cb-a7af-8959df5ed1cc|rpc:10.1.0.18:36043|dataStream:|priority:1, a8ebbba9-0f49-4666-952c-6956f6fecf4e|rpc:10.1.0.18:35309|dataStream:|priority:0] with ContainerStateMachine:uninitialized
2022-05-26 01:45:00,585 [pool-493-thread-1] INFO  server.RaftServerConfigKeys (ConfUtils.java:logGet(46)) - raft.server.rpc.timeout.min = 5s (custom)
2022-05-26 01:45:00,585 [pool-493-thread-1] INFO  server.RaftServerConfigKeys (ConfUtils.java:logGet(46)) - raft.server.rpc.timeout.max = 5200ms (custom)
2022-05-26 01:45:00,585 [pool-493-thread-1] INFO  server.RaftServerConfigKeys (ConfUtils.java:logGet(46)) - raft.server.rpc.sleep.time = 25ms (default)
2022-05-26 01:45:00,585 [pool-493-thread-1] INFO  server.RaftServerConfigKeys (ConfUtils.java:logGet(46)) - raft.server.rpc.slowness.timeout = 300s (custom)
2022-05-26 01:45:00,585 [pool-493-thread-1] INFO  server.RaftServerConfigKeys (ConfUtils.java:logGet(46)) - raft.server.leaderelection.leader.step-down.wait-time = 10s (default)
2022-05-26 01:45:00,585 [pool-493-thread-1] INFO  server.RaftServerConfigKeys (ConfUtils.java:logGet(46)) - raft.server.sleep.deviation.threshold = 300ms (default)
2022-05-26 01:45:00,585 [pool-493-thread-1] INFO  server.RaftServer$Division (ServerState.java:<init>(107)) - 0cf574f5-d1b5-41cb-a7af-8959df5ed1cc@group-D76EC0C11FCE: ConfigurationManager, init=-1: [edbf8a14-b096-4dc8-9781-888c2152b3d5|rpc:10.1.0.18:41319|dataStream:|priority:0, 0cf574f5-d1b5-41cb-a7af-8959df5ed1cc|rpc:10.1.0.18:36043|dataStream:|priority:1, a8ebbba9-0f49-4666-952c-6956f6fecf4e|rpc:10.1.0.18:35309|dataStream:|priority:0], old=null, confs=<EMPTY_MAP>
2022-05-26 01:45:00,585 [pool-493-thread-1] INFO  server.RaftServerConfigKeys (ConfUtils.java:logGet(46)) - raft.server.storage.dir = [/home/runner/work/ozone/ozone/hadoop-ozone/integration-test/target/test-dir/MiniOzoneClusterImpl-d805c563-f850-4cee-aec1-f3ddb982742c/datanode-2/data/ratis] (custom)
2022-05-26 01:45:00,585 [pool-493-thread-1] INFO  server.RaftServerConfigKeys (ConfUtils.java:logGet(46)) - raft.server.log.corruption.policy = EXCEPTION (default)
2022-05-26 01:45:00,585 [pool-493-thread-1] INFO  server.RaftServerConfigKeys (ConfUtils.java:logGet(46)) - raft.server.storage.free-space.min = 0MB (=0) (default)
2022-05-26 01:45:00,585 [pool-493-thread-1] INFO  storage.RaftStorageDirectory (RaftStorageDirectoryImpl.java:analyzeStorage(135)) - The storage directory /home/runner/work/ozone/ozone/hadoop-ozone/integration-test/target/test-dir/MiniOzoneClusterImpl-d805c563-f850-4cee-aec1-f3ddb982742c/datanode-2/data/ratis/eac6b18b-12e2-43da-810d-d76ec0c11fce does not exist. Creating ...
2022-05-26 01:45:00,585 [pool-471-thread-1] INFO  storage.RaftStorage (RaftStorageImpl.java:format(89)) - Storage directory /home/runner/work/ozone/ozone/hadoop-ozone/integration-test/target/test-dir/MiniOzoneClusterImpl-d805c563-f850-4cee-aec1-f3ddb982742c/datanode-1/data/ratis/8431e1a9-94de-4e4e-b196-431c40285254 has been successfully formatted.
2022-05-26 01:45:00,586 [pool-471-thread-1] INFO  ratis.ContainerStateMachine (ContainerStateMachine.java:loadSnapshot(236)) - group-431C40285254: The snapshot info is null. Setting the last applied indexto:(t:0, i:~)
2022-05-26 01:45:00,586 [pool-471-thread-1] INFO  server.RaftServerConfigKeys (ConfUtils.java:logGet(46)) - raft.server.notification.no-leader.timeout = 300s (custom)
2022-05-26 01:45:00,586 [pool-471-thread-1] INFO  server.RaftServerConfigKeys (ConfUtils.java:logGet(46)) - raft.server.log.use.memory = false (default)
2022-05-26 01:45:00,586 [pool-471-thread-1] INFO  server.RaftServerConfigKeys (ConfUtils.java:logGet(46)) - raft.server.log.purge.gap = 1000000 (custom)
2022-05-26 01:45:00,586 [pool-471-thread-1] INFO  server.RaftServerConfigKeys (ConfUtils.java:logGet(46)) - raft.server.log.appender.buffer.byte-limit = 33554432 (custom)
2022-05-26 01:45:00,586 [pool-471-thread-1] INFO  server.RaftServerConfigKeys (ConfUtils.java:logGet(46)) - raft.server.log.statemachine.data.read.timeout = 1000ms (default)
2022-05-26 01:45:00,586 [pool-471-thread-1] INFO  server.RaftServerConfigKeys (ConfUtils.java:logGet(46)) - raft.server.log.segment.size.max = 1048576 (custom)
2022-05-26 01:45:00,587 [pool-471-thread-1] INFO  server.RaftServerConfigKeys (ConfUtils.java:logGet(46)) - raft.server.log.segment.cache.num.max = 2 (custom)
2022-05-26 01:45:00,587 [pool-471-thread-1] INFO  server.RaftServerConfigKeys (ConfUtils.java:logGet(46)) - raft.server.log.segment.cache.size.max = 200MB (=209715200) (default)
2022-05-26 01:45:00,587 [pool-471-thread-1] INFO  segmented.SegmentedRaftLogWorker (SegmentedRaftLogWorker.java:<init>(187)) - new a8ebbba9-0f49-4666-952c-6956f6fecf4e@group-431C40285254-SegmentedRaftLogWorker for RaftStorageImpl:Storage Directory /home/runner/work/ozone/ozone/hadoop-ozone/integration-test/target/test-dir/MiniOzoneClusterImpl-d805c563-f850-4cee-aec1-f3ddb982742c/datanode-1/data/ratis/8431e1a9-94de-4e4e-b196-431c40285254
2022-05-26 01:45:00,587 [pool-471-thread-1] INFO  server.RaftServerConfigKeys (ConfUtils.java:logGet(46)) - raft.server.log.queue.byte-limit = 4294967296 (custom)
2022-05-26 01:45:00,587 [pool-471-thread-1] INFO  server.RaftServerConfigKeys (ConfUtils.java:logGet(46)) - raft.server.log.queue.element-limit = 1024 (custom)
2022-05-26 01:45:00,587 [pool-471-thread-1] INFO  server.RaftServerConfigKeys (ConfUtils.java:logGet(46)) - raft.server.log.segment.size.max = 1048576 (custom)
2022-05-26 01:45:00,587 [pool-471-thread-1] INFO  server.RaftServerConfigKeys (ConfUtils.java:logGet(46)) - raft.server.log.preallocated.size = 16384 (custom)
2022-05-26 01:45:00,587 [pool-471-thread-1] INFO  server.RaftServerConfigKeys (ConfUtils.java:logGet(46)) - raft.server.log.force.sync.num = 128 (default)
2022-05-26 01:45:00,587 [pool-471-thread-1] INFO  server.RaftServerConfigKeys (ConfUtils.java:logGet(46)) - raft.server.log.statemachine.data.sync = true (default)
2022-05-26 01:45:00,587 [pool-471-thread-1] INFO  server.RaftServerConfigKeys (ConfUtils.java:logGet(46)) - raft.server.log.statemachine.data.sync.timeout = 10s (default)
2022-05-26 01:45:00,587 [pool-471-thread-1] INFO  server.RaftServerConfigKeys (ConfUtils.java:logGet(46)) - raft.server.log.statemachine.data.sync.timeout.retry = -1 (default)
2022-05-26 01:45:00,587 [EventQueue-PipelineReportForPipelineReportHandler] INFO  pipeline.PipelineManagerImpl (PipelineManagerImpl.java:openPipeline(336)) - Pipeline Pipeline[ Id: 8431e1a9-94de-4e4e-b196-431c40285254, Nodes: a8ebbba9-0f49-4666-952c-6956f6fecf4e{ip: 10.1.0.18, host: fv-az270-854.tacnzluakwdehk1hpragurqkma.bx.internal.cloudapp.net, ports: [REPLICATION=39169, RATIS=35309, RATIS_ADMIN=35309, RATIS_SERVER=35309, STANDALONE=45571], networkLocation: /default-rack, certSerialId: null, persistedOpState: IN_SERVICE, persistedOpStateExpiryEpochSec: 0}, ReplicationConfig: RATIS/ONE, State:ALLOCATED, leaderId:a8ebbba9-0f49-4666-952c-6956f6fecf4e, CreationTimestamp2022-05-26T01:44:57.584Z[Etc/UTC]] moved to OPEN state
2022-05-26 01:45:00,588 [EventQueue-OpenPipelineForHealthyPipelineSafeModeRule] INFO  safemode.SCMSafeModeManager (HealthyPipelineSafeModeRule.java:process(124)) - SCM in safe mode. Healthy pipelines reported count is 0, required healthy pipeline reported count is 1
2022-05-26 01:45:00,588 [pool-471-thread-1] INFO  server.RaftServerConfigKeys (ConfUtils.java:logGet(46)) - raft.server.log.write.buffer.size = 1048576 (custom)
2022-05-26 01:45:00,594 [pool-471-thread-1] INFO  server.RaftServerConfigKeys (ConfUtils.java:logGet(46)) - raft.server.log.unsafe-flush.enabled = false (default)
2022-05-26 01:45:00,594 [pool-471-thread-1] INFO  server.RaftServerConfigKeys (ConfUtils.java:logGet(46)) - raft.server.log.statemachine.data.caching.enabled = true (custom)
2022-05-26 01:45:00,594 [pool-471-thread-1] INFO  segmented.SegmentedRaftLogWorker (SegmentedRaftLogWorker.java:lambda$new$0(135)) - a8ebbba9-0f49-4666-952c-6956f6fecf4e@group-431C40285254-SegmentedRaftLogWorker: flushIndex: setUnconditionally 0 -> -1
2022-05-26 01:45:00,594 [pool-471-thread-1] INFO  segmented.SegmentedRaftLogWorker (SegmentedRaftLogWorker.java:lambda$new$0(135)) - a8ebbba9-0f49-4666-952c-6956f6fecf4e@group-431C40285254-SegmentedRaftLogWorker: safeCacheEvictIndex: setUnconditionally 0 -> -1
2022-05-26 01:45:00,594 [pool-471-thread-1] INFO  server.RaftServerConfigKeys (ConfUtils.java:logGet(46)) - raft.server.snapshot.auto.trigger.enabled = true (custom)
2022-05-26 01:45:00,600 [pool-493-thread-1] INFO  storage.RaftStorageDirectory (RaftStorageDirectoryImpl.java:tryLock(230)) - Lock on /home/runner/work/ozone/ozone/hadoop-ozone/integration-test/target/test-dir/MiniOzoneClusterImpl-d805c563-f850-4cee-aec1-f3ddb982742c/datanode-2/data/ratis/eac6b18b-12e2-43da-810d-d76ec0c11fce/in_use.lock acquired by nodename 11847@fv-az270-854
2022-05-26 01:45:00,607 [pool-471-thread-1] INFO  server.RaftServerConfigKeys (ConfUtils.java:logGet(46)) - raft.server.snapshot.auto.trigger.threshold = 10000 (custom)
2022-05-26 01:45:00,607 [pool-471-thread-1] INFO  server.RaftServerConfigKeys (ConfUtils.java:logGet(46)) - raft.server.snapshot.retention.file.num = 5 (custom)
2022-05-26 01:45:00,607 [pool-471-thread-1] INFO  server.RaftServerConfigKeys (ConfUtils.java:logGet(46)) - raft.server.log.purge.upto.snapshot.index = false (default)
2022-05-26 01:45:00,607 [pool-471-thread-1] INFO  server.RaftServerConfigKeys (ConfUtils.java:logGet(46)) - raft.server.retrycache.expirytime = 600000ms (custom)
2022-05-26 01:45:00,607 [pool-471-thread-1] INFO  server.RaftServerConfigKeys (ConfUtils.java:logGet(46)) - raft.server.retrycache.statistics.expirytime = 100μs (default)
2022-05-26 01:45:00,608 [pool-471-thread-1] INFO  server.RaftServerConfigKeys (ConfUtils.java:logGet(46)) - raft.server.log.appender.install.snapshot.enabled = false (custom)
2022-05-26 01:45:00,608 [pool-471-thread-1] INFO  server.RaftServerConfigKeys (ConfUtils.java:logGet(46)) - raft.server.threadpool.server.cached = true (default)
2022-05-26 01:45:00,608 [pool-471-thread-1] INFO  server.RaftServerConfigKeys (ConfUtils.java:logGet(46)) - raft.server.threadpool.server.size = 0 (default)
2022-05-26 01:45:00,608 [pool-471-thread-1] INFO  server.RaftServerConfigKeys (ConfUtils.java:logGet(46)) - raft.server.threadpool.client.cached = true (default)
2022-05-26 01:45:00,608 [pool-471-thread-1] INFO  server.RaftServerConfigKeys (ConfUtils.java:logGet(46)) - raft.server.threadpool.client.size = 0 (default)
2022-05-26 01:45:00,608 [pool-471-thread-1] INFO  server.RaftServer$Division (RaftServerImpl.java:start(310)) - a8ebbba9-0f49-4666-952c-6956f6fecf4e@group-431C40285254: start as a follower, conf=-1: [a8ebbba9-0f49-4666-952c-6956f6fecf4e|rpc:10.1.0.18:35309|priority:1], old=null
2022-05-26 01:45:00,608 [pool-471-thread-1] INFO  server.RaftServer$Division (RaftServerImpl.java:setRole(299)) - a8ebbba9-0f49-4666-952c-6956f6fecf4e@group-431C40285254: changes role from      null to FOLLOWER at term 0 for startAsFollower
2022-05-26 01:45:00,608 [pool-471-thread-1] INFO  impl.RoleInfo (RoleInfo.java:updateAndGet(139)) - a8ebbba9-0f49-4666-952c-6956f6fecf4e: start a8ebbba9-0f49-4666-952c-6956f6fecf4e@group-431C40285254-FollowerState
2022-05-26 01:45:00,609 [pool-493-thread-1] INFO  storage.RaftStorage (RaftStorageImpl.java:format(89)) - Storage directory /home/runner/work/ozone/ozone/hadoop-ozone/integration-test/target/test-dir/MiniOzoneClusterImpl-d805c563-f850-4cee-aec1-f3ddb982742c/datanode-2/data/ratis/eac6b18b-12e2-43da-810d-d76ec0c11fce has been successfully formatted.
2022-05-26 01:45:00,614 [Listener at 127.0.0.1/36169] INFO  ozone.MiniOzoneClusterImpl (MiniOzoneClusterImpl.java:lambda$waitForClusterToBeReady$0(221)) - Nodes are ready. Got 3 of 3 DN Heartbeats.
2022-05-26 01:45:00,614 [Listener at 127.0.0.1/36169] INFO  ozone.MiniOzoneClusterImpl (MiniOzoneClusterImpl.java:lambda$waitForClusterToBeReady$0(224)) - Waiting for cluster to exit safe mode
2022-05-26 01:45:00,614 [Listener at 127.0.0.1/36169] INFO  ozone.MiniOzoneClusterImpl (MiniOzoneClusterImpl.java:lambda$waitForClusterToBeReady$0(226)) - SCM became leader
2022-05-26 01:45:00,622 [pool-471-thread-1] INFO  util.JmxRegister (JmxRegister.java:tryRegister(44)) - Successfully registered JMX Bean with object name Ratis:service=RaftServer,group=group-431C40285254,id=a8ebbba9-0f49-4666-952c-6956f6fecf4e
2022-05-26 01:45:00,632 [pool-493-thread-1] INFO  ratis.ContainerStateMachine (ContainerStateMachine.java:loadSnapshot(236)) - group-D76EC0C11FCE: The snapshot info is null. Setting the last applied indexto:(t:0, i:~)
2022-05-26 01:45:00,632 [pool-493-thread-1] INFO  server.RaftServerConfigKeys (ConfUtils.java:logGet(46)) - raft.server.notification.no-leader.timeout = 300s (custom)
2022-05-26 01:45:00,632 [pool-493-thread-1] INFO  server.RaftServerConfigKeys (ConfUtils.java:logGet(46)) - raft.server.log.use.memory = false (default)
2022-05-26 01:45:00,632 [pool-493-thread-1] INFO  server.RaftServerConfigKeys (ConfUtils.java:logGet(46)) - raft.server.log.purge.gap = 1000000 (custom)
2022-05-26 01:45:00,632 [pool-493-thread-1] INFO  server.RaftServerConfigKeys (ConfUtils.java:logGet(46)) - raft.server.log.appender.buffer.byte-limit = 33554432 (custom)
2022-05-26 01:45:00,632 [pool-493-thread-1] INFO  server.RaftServerConfigKeys (ConfUtils.java:logGet(46)) - raft.server.log.statemachine.data.read.timeout = 1000ms (default)
2022-05-26 01:45:00,633 [pool-493-thread-1] INFO  server.RaftServerConfigKeys (ConfUtils.java:logGet(46)) - raft.server.log.segment.size.max = 1048576 (custom)
2022-05-26 01:45:00,633 [pool-493-thread-1] INFO  server.RaftServerConfigKeys (ConfUtils.java:logGet(46)) - raft.server.log.segment.cache.num.max = 2 (custom)
2022-05-26 01:45:00,633 [pool-493-thread-1] INFO  server.RaftServerConfigKeys (ConfUtils.java:logGet(46)) - raft.server.log.segment.cache.size.max = 200MB (=209715200) (default)
2022-05-26 01:45:00,633 [pool-493-thread-1] INFO  segmented.SegmentedRaftLogWorker (SegmentedRaftLogWorker.java:<init>(187)) - new 0cf574f5-d1b5-41cb-a7af-8959df5ed1cc@group-D76EC0C11FCE-SegmentedRaftLogWorker for RaftStorageImpl:Storage Directory /home/runner/work/ozone/ozone/hadoop-ozone/integration-test/target/test-dir/MiniOzoneClusterImpl-d805c563-f850-4cee-aec1-f3ddb982742c/datanode-2/data/ratis/eac6b18b-12e2-43da-810d-d76ec0c11fce
2022-05-26 01:45:00,633 [pool-493-thread-1] INFO  server.RaftServerConfigKeys (ConfUtils.java:logGet(46)) - raft.server.log.queue.byte-limit = 4294967296 (custom)
2022-05-26 01:45:00,633 [pool-493-thread-1] INFO  server.RaftServerConfigKeys (ConfUtils.java:logGet(46)) - raft.server.log.queue.element-limit = 1024 (custom)
2022-05-26 01:45:00,633 [pool-493-thread-1] INFO  server.RaftServerConfigKeys (ConfUtils.java:logGet(46)) - raft.server.log.segment.size.max = 1048576 (custom)
2022-05-26 01:45:00,633 [pool-493-thread-1] INFO  server.RaftServerConfigKeys (ConfUtils.java:logGet(46)) - raft.server.log.preallocated.size = 16384 (custom)
2022-05-26 01:45:00,633 [pool-493-thread-1] INFO  server.RaftServerConfigKeys (ConfUtils.java:logGet(46)) - raft.server.log.force.sync.num = 128 (default)
2022-05-26 01:45:00,633 [pool-493-thread-1] INFO  server.RaftServerConfigKeys (ConfUtils.java:logGet(46)) - raft.server.log.statemachine.data.sync = true (default)
2022-05-26 01:45:00,633 [pool-493-thread-1] INFO  server.RaftServerConfigKeys (ConfUtils.java:logGet(46)) - raft.server.log.statemachine.data.sync.timeout = 10s (default)
2022-05-26 01:45:00,633 [pool-493-thread-1] INFO  server.RaftServerConfigKeys (ConfUtils.java:logGet(46)) - raft.server.log.statemachine.data.sync.timeout.retry = -1 (default)
2022-05-26 01:45:00,634 [pool-493-thread-1] INFO  server.RaftServerConfigKeys (ConfUtils.java:logGet(46)) - raft.server.log.write.buffer.size = 1048576 (custom)
2022-05-26 01:45:00,634 [pool-493-thread-1] INFO  server.RaftServerConfigKeys (ConfUtils.java:logGet(46)) - raft.server.log.unsafe-flush.enabled = false (default)
2022-05-26 01:45:00,634 [pool-493-thread-1] INFO  server.RaftServerConfigKeys (ConfUtils.java:logGet(46)) - raft.server.log.statemachine.data.caching.enabled = true (custom)
2022-05-26 01:45:00,635 [pool-493-thread-1] INFO  segmented.SegmentedRaftLogWorker (SegmentedRaftLogWorker.java:lambda$new$0(135)) - 0cf574f5-d1b5-41cb-a7af-8959df5ed1cc@group-D76EC0C11FCE-SegmentedRaftLogWorker: flushIndex: setUnconditionally 0 -> -1
2022-05-26 01:45:00,635 [pool-493-thread-1] INFO  segmented.SegmentedRaftLogWorker (SegmentedRaftLogWorker.java:lambda$new$0(135)) - 0cf574f5-d1b5-41cb-a7af-8959df5ed1cc@group-D76EC0C11FCE-SegmentedRaftLogWorker: safeCacheEvictIndex: setUnconditionally 0 -> -1
2022-05-26 01:45:00,635 [Command processor thread] INFO  ratis.XceiverServerRatis (XceiverServerRatis.java:addGroup(765)) - Created group PipelineID=8431e1a9-94de-4e4e-b196-431c40285254
2022-05-26 01:45:00,635 [Command processor thread] INFO  commandhandler.CreatePipelineCommandHandler (CreatePipelineCommandHandler.java:handle(113)) - Created Pipeline RATIS ONE PipelineID=8431e1a9-94de-4e4e-b196-431c40285254.
2022-05-26 01:45:00,635 [Command processor thread] INFO  server.RaftServer (RaftServerProxy.java:addNew(96)) - a8ebbba9-0f49-4666-952c-6956f6fecf4e: addNew group-D76EC0C11FCE:[edbf8a14-b096-4dc8-9781-888c2152b3d5|rpc:10.1.0.18:41319|priority:0, 0cf574f5-d1b5-41cb-a7af-8959df5ed1cc|rpc:10.1.0.18:36043|priority:1, a8ebbba9-0f49-4666-952c-6956f6fecf4e|rpc:10.1.0.18:35309|priority:0] returns group-D76EC0C11FCE:java.util.concurrent.CompletableFuture@67e157eb[Not completed]
2022-05-26 01:45:00,636 [pool-471-thread-1] INFO  server.RaftServer$Division (RaftServerImpl.java:<init>(190)) - a8ebbba9-0f49-4666-952c-6956f6fecf4e: new RaftServerImpl for group-D76EC0C11FCE:[edbf8a14-b096-4dc8-9781-888c2152b3d5|rpc:10.1.0.18:41319|priority:0, 0cf574f5-d1b5-41cb-a7af-8959df5ed1cc|rpc:10.1.0.18:36043|priority:1, a8ebbba9-0f49-4666-952c-6956f6fecf4e|rpc:10.1.0.18:35309|priority:0] with ContainerStateMachine:uninitialized
2022-05-26 01:45:00,636 [pool-471-thread-1] INFO  server.RaftServerConfigKeys (ConfUtils.java:logGet(46)) - raft.server.rpc.timeout.min = 5s (custom)
2022-05-26 01:45:00,636 [pool-471-thread-1] INFO  server.RaftServerConfigKeys (ConfUtils.java:logGet(46)) - raft.server.rpc.timeout.max = 5200ms (custom)
2022-05-26 01:45:00,636 [pool-471-thread-1] INFO  server.RaftServerConfigKeys (ConfUtils.java:logGet(46)) - raft.server.rpc.sleep.time = 25ms (default)
2022-05-26 01:45:00,636 [pool-471-thread-1] INFO  server.RaftServerConfigKeys (ConfUtils.java:logGet(46)) - raft.server.rpc.slowness.timeout = 300s (custom)
2022-05-26 01:45:00,636 [pool-471-thread-1] INFO  server.RaftServerConfigKeys (ConfUtils.java:logGet(46)) - raft.server.leaderelection.leader.step-down.wait-time = 10s (default)
2022-05-26 01:45:00,636 [pool-471-thread-1] INFO  server.RaftServerConfigKeys (ConfUtils.java:logGet(46)) - raft.server.sleep.deviation.threshold = 300ms (default)
2022-05-26 01:45:00,636 [pool-471-thread-1] INFO  server.RaftServer$Division (ServerState.java:<init>(107)) - a8ebbba9-0f49-4666-952c-6956f6fecf4e@group-D76EC0C11FCE: ConfigurationManager, init=-1: [edbf8a14-b096-4dc8-9781-888c2152b3d5|rpc:10.1.0.18:41319|priority:0, 0cf574f5-d1b5-41cb-a7af-8959df5ed1cc|rpc:10.1.0.18:36043|priority:1, a8ebbba9-0f49-4666-952c-6956f6fecf4e|rpc:10.1.0.18:35309|priority:0], old=null, confs=<EMPTY_MAP>
2022-05-26 01:45:00,636 [pool-471-thread-1] INFO  server.RaftServerConfigKeys (ConfUtils.java:logGet(46)) - raft.server.storage.dir = [/home/runner/work/ozone/ozone/hadoop-ozone/integration-test/target/test-dir/MiniOzoneClusterImpl-d805c563-f850-4cee-aec1-f3ddb982742c/datanode-1/data/ratis] (custom)
2022-05-26 01:45:00,636 [pool-471-thread-1] INFO  server.RaftServerConfigKeys (ConfUtils.java:logGet(46)) - raft.server.log.corruption.policy = EXCEPTION (default)
2022-05-26 01:45:00,636 [pool-471-thread-1] INFO  server.RaftServerConfigKeys (ConfUtils.java:logGet(46)) - raft.server.storage.free-space.min = 0MB (=0) (default)
2022-05-26 01:45:00,637 [pool-471-thread-1] INFO  storage.RaftStorageDirectory (RaftStorageDirectoryImpl.java:analyzeStorage(135)) - The storage directory /home/runner/work/ozone/ozone/hadoop-ozone/integration-test/target/test-dir/MiniOzoneClusterImpl-d805c563-f850-4cee-aec1-f3ddb982742c/datanode-1/data/ratis/eac6b18b-12e2-43da-810d-d76ec0c11fce does not exist. Creating ...
2022-05-26 01:45:00,637 [pool-471-thread-1] INFO  storage.RaftStorageDirectory (RaftStorageDirectoryImpl.java:tryLock(230)) - Lock on /home/runner/work/ozone/ozone/hadoop-ozone/integration-test/target/test-dir/MiniOzoneClusterImpl-d805c563-f850-4cee-aec1-f3ddb982742c/datanode-1/data/ratis/eac6b18b-12e2-43da-810d-d76ec0c11fce/in_use.lock acquired by nodename 11847@fv-az270-854
2022-05-26 01:45:00,638 [pool-471-thread-1] INFO  storage.RaftStorage (RaftStorageImpl.java:format(89)) - Storage directory /home/runner/work/ozone/ozone/hadoop-ozone/integration-test/target/test-dir/MiniOzoneClusterImpl-d805c563-f850-4cee-aec1-f3ddb982742c/datanode-1/data/ratis/eac6b18b-12e2-43da-810d-d76ec0c11fce has been successfully formatted.
2022-05-26 01:45:00,659 [pool-493-thread-1] INFO  server.RaftServerConfigKeys (ConfUtils.java:logGet(46)) - raft.server.snapshot.auto.trigger.enabled = true (custom)
2022-05-26 01:45:00,659 [pool-493-thread-1] INFO  server.RaftServerConfigKeys (ConfUtils.java:logGet(46)) - raft.server.snapshot.auto.trigger.threshold = 10000 (custom)
2022-05-26 01:45:00,659 [pool-493-thread-1] INFO  server.RaftServerConfigKeys (ConfUtils.java:logGet(46)) - raft.server.snapshot.retention.file.num = 5 (custom)
2022-05-26 01:45:00,659 [pool-493-thread-1] INFO  server.RaftServerConfigKeys (ConfUtils.java:logGet(46)) - raft.server.log.purge.upto.snapshot.index = false (default)
2022-05-26 01:45:00,659 [pool-493-thread-1] INFO  server.RaftServerConfigKeys (ConfUtils.java:logGet(46)) - raft.server.retrycache.expirytime = 600000ms (custom)
2022-05-26 01:45:00,659 [pool-493-thread-1] INFO  server.RaftServerConfigKeys (ConfUtils.java:logGet(46)) - raft.server.retrycache.statistics.expirytime = 100μs (default)
2022-05-26 01:45:00,660 [pool-471-thread-1] INFO  ratis.ContainerStateMachine (ContainerStateMachine.java:loadSnapshot(236)) - group-D76EC0C11FCE: The snapshot info is null. Setting the last applied indexto:(t:0, i:~)
2022-05-26 01:45:00,660 [pool-471-thread-1] INFO  server.RaftServerConfigKeys (ConfUtils.java:logGet(46)) - raft.server.notification.no-leader.timeout = 300s (custom)
2022-05-26 01:45:00,660 [pool-471-thread-1] INFO  server.RaftServerConfigKeys (ConfUtils.java:logGet(46)) - raft.server.log.use.memory = false (default)
2022-05-26 01:45:00,660 [pool-471-thread-1] INFO  server.RaftServerConfigKeys (ConfUtils.java:logGet(46)) - raft.server.log.purge.gap = 1000000 (custom)
2022-05-26 01:45:00,660 [pool-471-thread-1] INFO  server.RaftServerConfigKeys (ConfUtils.java:logGet(46)) - raft.server.log.appender.buffer.byte-limit = 33554432 (custom)
2022-05-26 01:45:00,660 [pool-471-thread-1] INFO  server.RaftServerConfigKeys (ConfUtils.java:logGet(46)) - raft.server.log.statemachine.data.read.timeout = 1000ms (default)
2022-05-26 01:45:00,660 [pool-471-thread-1] INFO  server.RaftServerConfigKeys (ConfUtils.java:logGet(46)) - raft.server.log.segment.size.max = 1048576 (custom)
2022-05-26 01:45:00,661 [pool-471-thread-1] INFO  server.RaftServerConfigKeys (ConfUtils.java:logGet(46)) - raft.server.log.segment.cache.num.max = 2 (custom)
2022-05-26 01:45:00,661 [pool-471-thread-1] INFO  server.RaftServerConfigKeys (ConfUtils.java:logGet(46)) - raft.server.log.segment.cache.size.max = 200MB (=209715200) (default)
2022-05-26 01:45:00,661 [pool-471-thread-1] INFO  segmented.SegmentedRaftLogWorker (SegmentedRaftLogWorker.java:<init>(187)) - new a8ebbba9-0f49-4666-952c-6956f6fecf4e@group-D76EC0C11FCE-SegmentedRaftLogWorker for RaftStorageImpl:Storage Directory /home/runner/work/ozone/ozone/hadoop-ozone/integration-test/target/test-dir/MiniOzoneClusterImpl-d805c563-f850-4cee-aec1-f3ddb982742c/datanode-1/data/ratis/eac6b18b-12e2-43da-810d-d76ec0c11fce
2022-05-26 01:45:00,661 [pool-471-thread-1] INFO  server.RaftServerConfigKeys (ConfUtils.java:logGet(46)) - raft.server.log.queue.byte-limit = 4294967296 (custom)
2022-05-26 01:45:00,661 [pool-471-thread-1] INFO  server.RaftServerConfigKeys (ConfUtils.java:logGet(46)) - raft.server.log.queue.element-limit = 1024 (custom)
2022-05-26 01:45:00,661 [pool-471-thread-1] INFO  server.RaftServerConfigKeys (ConfUtils.java:logGet(46)) - raft.server.log.segment.size.max = 1048576 (custom)
2022-05-26 01:45:00,661 [pool-471-thread-1] INFO  server.RaftServerConfigKeys (ConfUtils.java:logGet(46)) - raft.server.log.preallocated.size = 16384 (custom)
2022-05-26 01:45:00,661 [pool-471-thread-1] INFO  server.RaftServerConfigKeys (ConfUtils.java:logGet(46)) - raft.server.log.force.sync.num = 128 (default)
2022-05-26 01:45:00,661 [pool-471-thread-1] INFO  server.RaftServerConfigKeys (ConfUtils.java:logGet(46)) - raft.server.log.statemachine.data.sync = true (default)
2022-05-26 01:45:00,661 [pool-471-thread-1] INFO  server.RaftServerConfigKeys (ConfUtils.java:logGet(46)) - raft.server.log.statemachine.data.sync.timeout = 10s (default)
2022-05-26 01:45:00,661 [pool-471-thread-1] INFO  server.RaftServerConfigKeys (ConfUtils.java:logGet(46)) - raft.server.log.statemachine.data.sync.timeout.retry = -1 (default)
2022-05-26 01:45:00,662 [pool-471-thread-1] INFO  server.RaftServerConfigKeys (ConfUtils.java:logGet(46)) - raft.server.log.write.buffer.size = 1048576 (custom)
2022-05-26 01:45:00,662 [pool-471-thread-1] INFO  server.RaftServerConfigKeys (ConfUtils.java:logGet(46)) - raft.server.log.unsafe-flush.enabled = false (default)
2022-05-26 01:45:00,662 [pool-471-thread-1] INFO  server.RaftServerConfigKeys (ConfUtils.java:logGet(46)) - raft.server.log.statemachine.data.caching.enabled = true (custom)
2022-05-26 01:45:00,663 [pool-471-thread-1] INFO  segmented.SegmentedRaftLogWorker (SegmentedRaftLogWorker.java:lambda$new$0(135)) - a8ebbba9-0f49-4666-952c-6956f6fecf4e@group-D76EC0C11FCE-SegmentedRaftLogWorker: flushIndex: setUnconditionally 0 -> -1
2022-05-26 01:45:00,663 [pool-471-thread-1] INFO  segmented.SegmentedRaftLogWorker (SegmentedRaftLogWorker.java:lambda$new$0(135)) - a8ebbba9-0f49-4666-952c-6956f6fecf4e@group-D76EC0C11FCE-SegmentedRaftLogWorker: safeCacheEvictIndex: setUnconditionally 0 -> -1
2022-05-26 01:45:00,665 [pool-493-thread-1] INFO  server.RaftServerConfigKeys (ConfUtils.java:logGet(46)) - raft.server.log.appender.install.snapshot.enabled = false (custom)
2022-05-26 01:45:00,665 [pool-493-thread-1] INFO  server.RaftServerConfigKeys (ConfUtils.java:logGet(46)) - raft.server.threadpool.server.cached = true (default)
2022-05-26 01:45:00,665 [pool-493-thread-1] INFO  server.RaftServerConfigKeys (ConfUtils.java:logGet(46)) - raft.server.threadpool.server.size = 0 (default)
2022-05-26 01:45:00,665 [pool-493-thread-1] INFO  server.RaftServerConfigKeys (ConfUtils.java:logGet(46)) - raft.server.threadpool.client.cached = true (default)
2022-05-26 01:45:00,665 [pool-493-thread-1] INFO  server.RaftServerConfigKeys (ConfUtils.java:logGet(46)) - raft.server.threadpool.client.size = 0 (default)
2022-05-26 01:45:00,665 [pool-493-thread-1] INFO  server.RaftServer$Division (RaftServerImpl.java:start(310)) - 0cf574f5-d1b5-41cb-a7af-8959df5ed1cc@group-D76EC0C11FCE: start as a follower, conf=-1: [edbf8a14-b096-4dc8-9781-888c2152b3d5|rpc:10.1.0.18:41319|dataStream:|priority:0, 0cf574f5-d1b5-41cb-a7af-8959df5ed1cc|rpc:10.1.0.18:36043|dataStream:|priority:1, a8ebbba9-0f49-4666-952c-6956f6fecf4e|rpc:10.1.0.18:35309|dataStream:|priority:0], old=null
2022-05-26 01:45:00,665 [pool-493-thread-1] INFO  server.RaftServer$Division (RaftServerImpl.java:setRole(299)) - 0cf574f5-d1b5-41cb-a7af-8959df5ed1cc@group-D76EC0C11FCE: changes role from      null to FOLLOWER at term 0 for startAsFollower
2022-05-26 01:45:00,673 [pool-471-thread-1] INFO  server.RaftServerConfigKeys (ConfUtils.java:logGet(46)) - raft.server.snapshot.auto.trigger.enabled = true (custom)
2022-05-26 01:45:00,674 [pool-471-thread-1] INFO  server.RaftServerConfigKeys (ConfUtils.java:logGet(46)) - raft.server.snapshot.auto.trigger.threshold = 10000 (custom)
2022-05-26 01:45:00,674 [pool-471-thread-1] INFO  server.RaftServerConfigKeys (ConfUtils.java:logGet(46)) - raft.server.snapshot.retention.file.num = 5 (custom)
2022-05-26 01:45:00,674 [pool-471-thread-1] INFO  server.RaftServerConfigKeys (ConfUtils.java:logGet(46)) - raft.server.log.purge.upto.snapshot.index = false (default)
2022-05-26 01:45:00,674 [pool-471-thread-1] INFO  server.RaftServerConfigKeys (ConfUtils.java:logGet(46)) - raft.server.retrycache.expirytime = 600000ms (custom)
2022-05-26 01:45:00,674 [pool-471-thread-1] INFO  server.RaftServerConfigKeys (ConfUtils.java:logGet(46)) - raft.server.retrycache.statistics.expirytime = 100μs (default)
2022-05-26 01:45:00,675 [pool-471-thread-1] INFO  server.RaftServerConfigKeys (ConfUtils.java:logGet(46)) - raft.server.log.appender.install.snapshot.enabled = false (custom)
2022-05-26 01:45:00,675 [pool-471-thread-1] INFO  server.RaftServerConfigKeys (ConfUtils.java:logGet(46)) - raft.server.threadpool.server.cached = true (default)
2022-05-26 01:45:00,675 [pool-471-thread-1] INFO  server.RaftServerConfigKeys (ConfUtils.java:logGet(46)) - raft.server.threadpool.server.size = 0 (default)
2022-05-26 01:45:00,675 [pool-471-thread-1] INFO  server.RaftServerConfigKeys (ConfUtils.java:logGet(46)) - raft.server.threadpool.client.cached = true (default)
2022-05-26 01:45:00,675 [pool-471-thread-1] INFO  server.RaftServerConfigKeys (ConfUtils.java:logGet(46)) - raft.server.threadpool.client.size = 0 (default)
2022-05-26 01:45:00,675 [pool-471-thread-1] INFO  server.RaftServer$Division (RaftServerImpl.java:start(310)) - a8ebbba9-0f49-4666-952c-6956f6fecf4e@group-D76EC0C11FCE: start as a follower, conf=-1: [edbf8a14-b096-4dc8-9781-888c2152b3d5|rpc:10.1.0.18:41319|priority:0, 0cf574f5-d1b5-41cb-a7af-8959df5ed1cc|rpc:10.1.0.18:36043|priority:1, a8ebbba9-0f49-4666-952c-6956f6fecf4e|rpc:10.1.0.18:35309|priority:0], old=null
2022-05-26 01:45:00,675 [pool-471-thread-1] INFO  server.RaftServer$Division (RaftServerImpl.java:setRole(299)) - a8ebbba9-0f49-4666-952c-6956f6fecf4e@group-D76EC0C11FCE: changes role from      null to FOLLOWER at term 0 for startAsFollower
2022-05-26 01:45:00,675 [pool-471-thread-1] INFO  impl.RoleInfo (RoleInfo.java:updateAndGet(139)) - a8ebbba9-0f49-4666-952c-6956f6fecf4e: start a8ebbba9-0f49-4666-952c-6956f6fecf4e@group-D76EC0C11FCE-FollowerState
2022-05-26 01:45:00,688 [pool-471-thread-1] INFO  util.JmxRegister (JmxRegister.java:tryRegister(44)) - Successfully registered JMX Bean with object name Ratis:service=RaftServer,group=group-D76EC0C11FCE,id=a8ebbba9-0f49-4666-952c-6956f6fecf4e
2022-05-26 01:45:00,704 [Command processor thread] INFO  ratis.XceiverServerRatis (XceiverServerRatis.java:addGroup(765)) - Created group PipelineID=eac6b18b-12e2-43da-810d-d76ec0c11fce
2022-05-26 01:45:00,704 [pool-493-thread-1] INFO  impl.RoleInfo (RoleInfo.java:updateAndGet(139)) - 0cf574f5-d1b5-41cb-a7af-8959df5ed1cc: start 0cf574f5-d1b5-41cb-a7af-8959df5ed1cc@group-D76EC0C11FCE-FollowerState
2022-05-26 01:45:00,706 [pool-493-thread-1] INFO  util.JmxRegister (JmxRegister.java:tryRegister(44)) - Successfully registered JMX Bean with object name Ratis:service=RaftServer,group=group-D76EC0C11FCE,id=0cf574f5-d1b5-41cb-a7af-8959df5ed1cc
2022-05-26 01:45:00,732 [EventQueue-OpenPipelineForHealthyPipelineSafeModeRule] INFO  safemode.SCMSafeModeManager (HealthyPipelineSafeModeRule.java:process(124)) - SCM in safe mode. Healthy pipelines reported count is 0, required healthy pipeline reported count is 1
2022-05-26 01:45:00,935 [Command processor thread] INFO  commandhandler.CreatePipelineCommandHandler (CreatePipelineCommandHandler.java:handle(113)) - Created Pipeline RATIS THREE PipelineID=eac6b18b-12e2-43da-810d-d76ec0c11fce.
2022-05-26 01:45:00,981 [Command processor thread] INFO  commandhandler.CreatePipelineCommandHandler (CreatePipelineCommandHandler.java:handle(113)) - Created Pipeline RATIS THREE PipelineID=eac6b18b-12e2-43da-810d-d76ec0c11fce.
2022-05-26 01:45:01,614 [Listener at 127.0.0.1/36169] INFO  ozone.MiniOzoneClusterImpl (MiniOzoneClusterImpl.java:lambda$waitForClusterToBeReady$0(221)) - Nodes are ready. Got 3 of 3 DN Heartbeats.
2022-05-26 01:45:01,614 [Listener at 127.0.0.1/36169] INFO  ozone.MiniOzoneClusterImpl (MiniOzoneClusterImpl.java:lambda$waitForClusterToBeReady$0(224)) - Waiting for cluster to exit safe mode
2022-05-26 01:45:01,615 [Listener at 127.0.0.1/36169] INFO  ozone.MiniOzoneClusterImpl (MiniOzoneClusterImpl.java:lambda$waitForClusterToBeReady$0(226)) - SCM became leader
2022-05-26 01:45:01,673 [Command processor thread] INFO  server.RaftServer (RaftServerProxy.java:addNew(96)) - 0cf574f5-d1b5-41cb-a7af-8959df5ed1cc: addNew group-653B29C46411:[0cf574f5-d1b5-41cb-a7af-8959df5ed1cc|rpc:10.1.0.18:36043|priority:1] returns group-653B29C46411:java.util.concurrent.CompletableFuture@34c4d79a[Not completed]
2022-05-26 01:45:01,673 [pool-493-thread-1] INFO  server.RaftServer$Division (RaftServerImpl.java:<init>(190)) - 0cf574f5-d1b5-41cb-a7af-8959df5ed1cc: new RaftServerImpl for group-653B29C46411:[0cf574f5-d1b5-41cb-a7af-8959df5ed1cc|rpc:10.1.0.18:36043|priority:1] with ContainerStateMachine:uninitialized
2022-05-26 01:45:01,674 [pool-493-thread-1] INFO  server.RaftServerConfigKeys (ConfUtils.java:logGet(46)) - raft.server.rpc.timeout.min = 5s (custom)
2022-05-26 01:45:01,674 [pool-493-thread-1] INFO  server.RaftServerConfigKeys (ConfUtils.java:logGet(46)) - raft.server.rpc.timeout.max = 5200ms (custom)
2022-05-26 01:45:01,674 [pool-493-thread-1] INFO  server.RaftServerConfigKeys (ConfUtils.java:logGet(46)) - raft.server.rpc.sleep.time = 25ms (default)
2022-05-26 01:45:01,674 [pool-493-thread-1] INFO  server.RaftServerConfigKeys (ConfUtils.java:logGet(46)) - raft.server.rpc.slowness.timeout = 300s (custom)
2022-05-26 01:45:01,674 [pool-493-thread-1] INFO  server.RaftServerConfigKeys (ConfUtils.java:logGet(46)) - raft.server.leaderelection.leader.step-down.wait-time = 10s (default)
2022-05-26 01:45:01,674 [pool-493-thread-1] INFO  server.RaftServerConfigKeys (ConfUtils.java:logGet(46)) - raft.server.sleep.deviation.threshold = 300ms (default)
2022-05-26 01:45:01,674 [pool-493-thread-1] INFO  server.RaftServer$Division (ServerState.java:<init>(107)) - 0cf574f5-d1b5-41cb-a7af-8959df5ed1cc@group-653B29C46411: ConfigurationManager, init=-1: [0cf574f5-d1b5-41cb-a7af-8959df5ed1cc|rpc:10.1.0.18:36043|priority:1], old=null, confs=<EMPTY_MAP>
2022-05-26 01:45:01,674 [pool-493-thread-1] INFO  server.RaftServerConfigKeys (ConfUtils.java:logGet(46)) - raft.server.storage.dir = [/home/runner/work/ozone/ozone/hadoop-ozone/integration-test/target/test-dir/MiniOzoneClusterImpl-d805c563-f850-4cee-aec1-f3ddb982742c/datanode-2/data/ratis] (custom)
2022-05-26 01:45:01,674 [pool-493-thread-1] INFO  server.RaftServerConfigKeys (ConfUtils.java:logGet(46)) - raft.server.log.corruption.policy = EXCEPTION (default)
2022-05-26 01:45:01,674 [pool-493-thread-1] INFO  server.RaftServerConfigKeys (ConfUtils.java:logGet(46)) - raft.server.storage.free-space.min = 0MB (=0) (default)
2022-05-26 01:45:01,674 [pool-493-thread-1] INFO  storage.RaftStorageDirectory (RaftStorageDirectoryImpl.java:analyzeStorage(135)) - The storage directory /home/runner/work/ozone/ozone/hadoop-ozone/integration-test/target/test-dir/MiniOzoneClusterImpl-d805c563-f850-4cee-aec1-f3ddb982742c/datanode-2/data/ratis/99458632-5908-4f9f-933f-653b29c46411 does not exist. Creating ...
2022-05-26 01:45:01,675 [pool-493-thread-1] INFO  storage.RaftStorageDirectory (RaftStorageDirectoryImpl.java:tryLock(230)) - Lock on /home/runner/work/ozone/ozone/hadoop-ozone/integration-test/target/test-dir/MiniOzoneClusterImpl-d805c563-f850-4cee-aec1-f3ddb982742c/datanode-2/data/ratis/99458632-5908-4f9f-933f-653b29c46411/in_use.lock acquired by nodename 11847@fv-az270-854
2022-05-26 01:45:01,677 [pool-493-thread-1] INFO  storage.RaftStorage (RaftStorageImpl.java:format(89)) - Storage directory /home/runner/work/ozone/ozone/hadoop-ozone/integration-test/target/test-dir/MiniOzoneClusterImpl-d805c563-f850-4cee-aec1-f3ddb982742c/datanode-2/data/ratis/99458632-5908-4f9f-933f-653b29c46411 has been successfully formatted.
2022-05-26 01:45:01,677 [pool-493-thread-1] INFO  ratis.ContainerStateMachine (ContainerStateMachine.java:loadSnapshot(236)) - group-653B29C46411: The snapshot info is null. Setting the last applied indexto:(t:0, i:~)
2022-05-26 01:45:01,677 [pool-493-thread-1] INFO  server.RaftServerConfigKeys (ConfUtils.java:logGet(46)) - raft.server.notification.no-leader.timeout = 300s (custom)
2022-05-26 01:45:01,677 [pool-493-thread-1] INFO  server.RaftServerConfigKeys (ConfUtils.java:logGet(46)) - raft.server.log.use.memory = false (default)
2022-05-26 01:45:01,677 [pool-493-thread-1] INFO  server.RaftServerConfigKeys (ConfUtils.java:logGet(46)) - raft.server.log.purge.gap = 1000000 (custom)
2022-05-26 01:45:01,679 [EventQueue-PipelineReportForPipelineReportHandler] INFO  pipeline.PipelineManagerImpl (PipelineManagerImpl.java:openPipeline(336)) - Pipeline Pipeline[ Id: 99458632-5908-4f9f-933f-653b29c46411, Nodes: 0cf574f5-d1b5-41cb-a7af-8959df5ed1cc{ip: 10.1.0.18, host: fv-az270-854.tacnzluakwdehk1hpragurqkma.bx.internal.cloudapp.net, ports: [REPLICATION=43323, RATIS=36043, RATIS_ADMIN=36043, RATIS_SERVER=36043, STANDALONE=41691], networkLocation: /default-rack, certSerialId: null, persistedOpState: IN_SERVICE, persistedOpStateExpiryEpochSec: 0}, ReplicationConfig: RATIS/ONE, State:ALLOCATED, leaderId:0cf574f5-d1b5-41cb-a7af-8959df5ed1cc, CreationTimestamp2022-05-26T01:44:58.674Z[Etc/UTC]] moved to OPEN state
2022-05-26 01:45:01,681 [EventQueue-OpenPipelineForHealthyPipelineSafeModeRule] INFO  safemode.SCMSafeModeManager (HealthyPipelineSafeModeRule.java:process(124)) - SCM in safe mode. Healthy pipelines reported count is 0, required healthy pipeline reported count is 1
2022-05-26 01:45:01,681 [pool-493-thread-1] INFO  server.RaftServerConfigKeys (ConfUtils.java:logGet(46)) - raft.server.log.appender.buffer.byte-limit = 33554432 (custom)
2022-05-26 01:45:01,682 [pool-493-thread-1] INFO  server.RaftServerConfigKeys (ConfUtils.java:logGet(46)) - raft.server.log.statemachine.data.read.timeout = 1000ms (default)
2022-05-26 01:45:01,682 [pool-493-thread-1] INFO  server.RaftServerConfigKeys (ConfUtils.java:logGet(46)) - raft.server.log.segment.size.max = 1048576 (custom)
2022-05-26 01:45:01,683 [pool-493-thread-1] INFO  server.RaftServerConfigKeys (ConfUtils.java:logGet(46)) - raft.server.log.segment.cache.num.max = 2 (custom)
2022-05-26 01:45:01,683 [pool-493-thread-1] INFO  server.RaftServerConfigKeys (ConfUtils.java:logGet(46)) - raft.server.log.segment.cache.size.max = 200MB (=209715200) (default)
2022-05-26 01:45:01,684 [pool-493-thread-1] INFO  segmented.SegmentedRaftLogWorker (SegmentedRaftLogWorker.java:<init>(187)) - new 0cf574f5-d1b5-41cb-a7af-8959df5ed1cc@group-653B29C46411-SegmentedRaftLogWorker for RaftStorageImpl:Storage Directory /home/runner/work/ozone/ozone/hadoop-ozone/integration-test/target/test-dir/MiniOzoneClusterImpl-d805c563-f850-4cee-aec1-f3ddb982742c/datanode-2/data/ratis/99458632-5908-4f9f-933f-653b29c46411
2022-05-26 01:45:01,685 [pool-493-thread-1] INFO  server.RaftServerConfigKeys (ConfUtils.java:logGet(46)) - raft.server.log.queue.byte-limit = 4294967296 (custom)
2022-05-26 01:45:01,685 [pool-493-thread-1] INFO  server.RaftServerConfigKeys (ConfUtils.java:logGet(46)) - raft.server.log.queue.element-limit = 1024 (custom)
2022-05-26 01:45:01,685 [pool-493-thread-1] INFO  server.RaftServerConfigKeys (ConfUtils.java:logGet(46)) - raft.server.log.segment.size.max = 1048576 (custom)
2022-05-26 01:45:01,685 [pool-493-thread-1] INFO  server.RaftServerConfigKeys (ConfUtils.java:logGet(46)) - raft.server.log.preallocated.size = 16384 (custom)
2022-05-26 01:45:01,685 [pool-493-thread-1] INFO  server.RaftServerConfigKeys (ConfUtils.java:logGet(46)) - raft.server.log.force.sync.num = 128 (default)
2022-05-26 01:45:01,685 [pool-493-thread-1] INFO  server.RaftServerConfigKeys (ConfUtils.java:logGet(46)) - raft.server.log.statemachine.data.sync = true (default)
2022-05-26 01:45:01,685 [pool-493-thread-1] INFO  server.RaftServerConfigKeys (ConfUtils.java:logGet(46)) - raft.server.log.statemachine.data.sync.timeout = 10s (default)
2022-05-26 01:45:01,685 [pool-493-thread-1] INFO  server.RaftServerConfigKeys (ConfUtils.java:logGet(46)) - raft.server.log.statemachine.data.sync.timeout.retry = -1 (default)
2022-05-26 01:45:01,686 [pool-493-thread-1] INFO  server.RaftServerConfigKeys (ConfUtils.java:logGet(46)) - raft.server.log.write.buffer.size = 1048576 (custom)
2022-05-26 01:45:01,687 [pool-493-thread-1] INFO  server.RaftServerConfigKeys (ConfUtils.java:logGet(46)) - raft.server.log.unsafe-flush.enabled = false (default)
2022-05-26 01:45:01,687 [pool-493-thread-1] INFO  server.RaftServerConfigKeys (ConfUtils.java:logGet(46)) - raft.server.log.statemachine.data.caching.enabled = true (custom)
2022-05-26 01:45:01,687 [pool-493-thread-1] INFO  segmented.SegmentedRaftLogWorker (SegmentedRaftLogWorker.java:lambda$new$0(135)) - 0cf574f5-d1b5-41cb-a7af-8959df5ed1cc@group-653B29C46411-SegmentedRaftLogWorker: flushIndex: setUnconditionally 0 -> -1
2022-05-26 01:45:01,687 [pool-493-thread-1] INFO  segmented.SegmentedRaftLogWorker (SegmentedRaftLogWorker.java:lambda$new$0(135)) - 0cf574f5-d1b5-41cb-a7af-8959df5ed1cc@group-653B29C46411-SegmentedRaftLogWorker: safeCacheEvictIndex: setUnconditionally 0 -> -1
2022-05-26 01:45:01,687 [pool-493-thread-1] INFO  server.RaftServerConfigKeys (ConfUtils.java:logGet(46)) - raft.server.snapshot.auto.trigger.enabled = true (custom)
2022-05-26 01:45:01,687 [pool-493-thread-1] INFO  server.RaftServerConfigKeys (ConfUtils.java:logGet(46)) - raft.server.snapshot.auto.trigger.threshold = 10000 (custom)
2022-05-26 01:45:01,687 [pool-493-thread-1] INFO  server.RaftServerConfigKeys (ConfUtils.java:logGet(46)) - raft.server.snapshot.retention.file.num = 5 (custom)
2022-05-26 01:45:01,687 [pool-493-thread-1] INFO  server.RaftServerConfigKeys (ConfUtils.java:logGet(46)) - raft.server.log.purge.upto.snapshot.index = false (default)
2022-05-26 01:45:01,687 [pool-493-thread-1] INFO  server.RaftServerConfigKeys (ConfUtils.java:logGet(46)) - raft.server.retrycache.expirytime = 600000ms (custom)
2022-05-26 01:45:01,687 [pool-493-thread-1] INFO  server.RaftServerConfigKeys (ConfUtils.java:logGet(46)) - raft.server.retrycache.statistics.expirytime = 100μs (default)
2022-05-26 01:45:01,688 [pool-493-thread-1] INFO  server.RaftServerConfigKeys (ConfUtils.java:logGet(46)) - raft.server.log.appender.install.snapshot.enabled = false (custom)
2022-05-26 01:45:01,688 [pool-493-thread-1] INFO  server.RaftServerConfigKeys (ConfUtils.java:logGet(46)) - raft.server.threadpool.server.cached = true (default)
2022-05-26 01:45:01,688 [pool-493-thread-1] INFO  server.RaftServerConfigKeys (ConfUtils.java:logGet(46)) - raft.server.threadpool.server.size = 0 (default)
2022-05-26 01:45:01,692 [pool-493-thread-1] INFO  server.RaftServerConfigKeys (ConfUtils.java:logGet(46)) - raft.server.threadpool.client.cached = true (default)
2022-05-26 01:45:01,692 [pool-493-thread-1] INFO  server.RaftServerConfigKeys (ConfUtils.java:logGet(46)) - raft.server.threadpool.client.size = 0 (default)
2022-05-26 01:45:01,692 [pool-493-thread-1] INFO  server.RaftServer$Division (RaftServerImpl.java:start(310)) - 0cf574f5-d1b5-41cb-a7af-8959df5ed1cc@group-653B29C46411: start as a follower, conf=-1: [0cf574f5-d1b5-41cb-a7af-8959df5ed1cc|rpc:10.1.0.18:36043|priority:1], old=null
2022-05-26 01:45:01,692 [pool-493-thread-1] INFO  server.RaftServer$Division (RaftServerImpl.java:setRole(299)) - 0cf574f5-d1b5-41cb-a7af-8959df5ed1cc@group-653B29C46411: changes role from      null to FOLLOWER at term 0 for startAsFollower
2022-05-26 01:45:01,692 [pool-493-thread-1] INFO  impl.RoleInfo (RoleInfo.java:updateAndGet(139)) - 0cf574f5-d1b5-41cb-a7af-8959df5ed1cc: start 0cf574f5-d1b5-41cb-a7af-8959df5ed1cc@group-653B29C46411-FollowerState
2022-05-26 01:45:01,728 [pool-493-thread-1] INFO  util.JmxRegister (JmxRegister.java:tryRegister(44)) - Successfully registered JMX Bean with object name Ratis:service=RaftServer,group=group-653B29C46411,id=0cf574f5-d1b5-41cb-a7af-8959df5ed1cc
2022-05-26 01:45:01,729 [Command processor thread] INFO  ratis.XceiverServerRatis (XceiverServerRatis.java:addGroup(765)) - Created group PipelineID=99458632-5908-4f9f-933f-653b29c46411
2022-05-26 01:45:01,729 [Command processor thread] INFO  commandhandler.CreatePipelineCommandHandler (CreatePipelineCommandHandler.java:handle(113)) - Created Pipeline RATIS ONE PipelineID=99458632-5908-4f9f-933f-653b29c46411.
2022-05-26 01:45:02,615 [Listener at 127.0.0.1/36169] INFO  ozone.MiniOzoneClusterImpl (MiniOzoneClusterImpl.java:lambda$waitForClusterToBeReady$0(221)) - Nodes are ready. Got 3 of 3 DN Heartbeats.
2022-05-26 01:45:02,615 [Listener at 127.0.0.1/36169] INFO  ozone.MiniOzoneClusterImpl (MiniOzoneClusterImpl.java:lambda$waitForClusterToBeReady$0(224)) - Waiting for cluster to exit safe mode
2022-05-26 01:45:02,615 [Listener at 127.0.0.1/36169] INFO  ozone.MiniOzoneClusterImpl (MiniOzoneClusterImpl.java:lambda$waitForClusterToBeReady$0(226)) - SCM became leader
2022-05-26 01:45:03,615 [Listener at 127.0.0.1/36169] INFO  ozone.MiniOzoneClusterImpl (MiniOzoneClusterImpl.java:lambda$waitForClusterToBeReady$0(221)) - Nodes are ready. Got 3 of 3 DN Heartbeats.
2022-05-26 01:45:03,616 [Listener at 127.0.0.1/36169] INFO  ozone.MiniOzoneClusterImpl (MiniOzoneClusterImpl.java:lambda$waitForClusterToBeReady$0(224)) - Waiting for cluster to exit safe mode
2022-05-26 01:45:03,616 [Listener at 127.0.0.1/36169] INFO  ozone.MiniOzoneClusterImpl (MiniOzoneClusterImpl.java:lambda$waitForClusterToBeReady$0(226)) - SCM became leader
2022-05-26 01:45:04,619 [Listener at 127.0.0.1/36169] INFO  ozone.MiniOzoneClusterImpl (MiniOzoneClusterImpl.java:lambda$waitForClusterToBeReady$0(221)) - Nodes are ready. Got 3 of 3 DN Heartbeats.
2022-05-26 01:45:04,619 [Listener at 127.0.0.1/36169] INFO  ozone.MiniOzoneClusterImpl (MiniOzoneClusterImpl.java:lambda$waitForClusterToBeReady$0(224)) - Waiting for cluster to exit safe mode
2022-05-26 01:45:04,619 [Listener at 127.0.0.1/36169] INFO  ozone.MiniOzoneClusterImpl (MiniOzoneClusterImpl.java:lambda$waitForClusterToBeReady$0(226)) - SCM became leader
2022-05-26 01:45:05,106 [edbf8a14-b096-4dc8-9781-888c2152b3d5@group-98889492684D-FollowerState] INFO  impl.FollowerState (FollowerState.java:run(143)) - edbf8a14-b096-4dc8-9781-888c2152b3d5@group-98889492684D-FollowerState: change to CANDIDATE, lastRpcElapsedTime:5125265217ns, electionTimeout:5124ms
2022-05-26 01:45:05,107 [edbf8a14-b096-4dc8-9781-888c2152b3d5@group-98889492684D-FollowerState] INFO  impl.RoleInfo (RoleInfo.java:shutdownFollowerState(110)) - edbf8a14-b096-4dc8-9781-888c2152b3d5: shutdown edbf8a14-b096-4dc8-9781-888c2152b3d5@group-98889492684D-FollowerState
2022-05-26 01:45:05,107 [edbf8a14-b096-4dc8-9781-888c2152b3d5@group-98889492684D-FollowerState] INFO  server.RaftServer$Division (RaftServerImpl.java:setRole(299)) - edbf8a14-b096-4dc8-9781-888c2152b3d5@group-98889492684D: changes role from  FOLLOWER to CANDIDATE at term 0 for changeToCandidate
2022-05-26 01:45:05,107 [edbf8a14-b096-4dc8-9781-888c2152b3d5@group-98889492684D-FollowerState] INFO  server.RaftServerConfigKeys (ConfUtils.java:logGet(46)) - raft.server.leaderelection.pre-vote = false (custom)
2022-05-26 01:45:05,107 [edbf8a14-b096-4dc8-9781-888c2152b3d5@group-98889492684D-FollowerState] INFO  impl.RoleInfo (RoleInfo.java:updateAndGet(139)) - edbf8a14-b096-4dc8-9781-888c2152b3d5: start edbf8a14-b096-4dc8-9781-888c2152b3d5@group-98889492684D-LeaderElection39
2022-05-26 01:45:05,149 [edbf8a14-b096-4dc8-9781-888c2152b3d5@group-98889492684D-LeaderElection39] INFO  impl.LeaderElection (LeaderElection.java:askForVotes(310)) - edbf8a14-b096-4dc8-9781-888c2152b3d5@group-98889492684D-LeaderElection39 ELECTION round 0: submit vote requests at term 1 for -1: [edbf8a14-b096-4dc8-9781-888c2152b3d5|rpc:10.1.0.18:41319|priority:1], old=null
2022-05-26 01:45:05,149 [edbf8a14-b096-4dc8-9781-888c2152b3d5@group-98889492684D-LeaderElection39] INFO  impl.LeaderElection (LeaderElection.java:askForVotes(312)) - edbf8a14-b096-4dc8-9781-888c2152b3d5@group-98889492684D-LeaderElection39 ELECTION round 0: result PASSED (term=1)
2022-05-26 01:45:05,149 [edbf8a14-b096-4dc8-9781-888c2152b3d5@group-98889492684D-LeaderElection39] INFO  impl.RoleInfo (RoleInfo.java:shutdownLeaderElection(130)) - edbf8a14-b096-4dc8-9781-888c2152b3d5: shutdown edbf8a14-b096-4dc8-9781-888c2152b3d5@group-98889492684D-LeaderElection39
2022-05-26 01:45:05,149 [edbf8a14-b096-4dc8-9781-888c2152b3d5@group-98889492684D-LeaderElection39] INFO  server.RaftServer$Division (RaftServerImpl.java:setRole(299)) - edbf8a14-b096-4dc8-9781-888c2152b3d5@group-98889492684D: changes role from CANDIDATE to LEADER at term 1 for changeToLeader
2022-05-26 01:45:05,149 [edbf8a14-b096-4dc8-9781-888c2152b3d5@group-98889492684D-LeaderElection39] INFO  ratis.XceiverServerRatis (XceiverServerRatis.java:handleLeaderChangedNotification(863)) - Leader change notification received for group: group-98889492684D with new leaderId: edbf8a14-b096-4dc8-9781-888c2152b3d5
2022-05-26 01:45:05,150 [edbf8a14-b096-4dc8-9781-888c2152b3d5@group-98889492684D-LeaderElection39] INFO  server.RaftServer$Division (ServerState.java:setLeader(287)) - edbf8a14-b096-4dc8-9781-888c2152b3d5@group-98889492684D: change Leader from null to edbf8a14-b096-4dc8-9781-888c2152b3d5 at term 1 for becomeLeader, leader elected after 5199ms
2022-05-26 01:45:05,150 [edbf8a14-b096-4dc8-9781-888c2152b3d5@group-98889492684D-LeaderElection39] INFO  server.RaftServerConfigKeys (ConfUtils.java:logGet(46)) - raft.server.staging.catchup.gap = 1000 (default)
2022-05-26 01:45:05,150 [edbf8a14-b096-4dc8-9781-888c2152b3d5@group-98889492684D-LeaderElection39] INFO  server.RaftServerConfigKeys (ConfUtils.java:logGet(46)) - raft.server.write.element-limit = 1024 (custom)
2022-05-26 01:45:05,150 [edbf8a14-b096-4dc8-9781-888c2152b3d5@group-98889492684D-LeaderElection39] INFO  server.RaftServerConfigKeys (ConfUtils.java:logGet(46)) - raft.server.write.byte-limit = 1024 M (=1073741824) (custom)
2022-05-26 01:45:05,150 [edbf8a14-b096-4dc8-9781-888c2152b3d5@group-98889492684D-LeaderElection39] INFO  server.RaftServerConfigKeys (ConfUtils.java:logGet(46)) - raft.server.watch.timeout = 180s (custom)
2022-05-26 01:45:05,150 [edbf8a14-b096-4dc8-9781-888c2152b3d5@group-98889492684D-LeaderElection39] INFO  server.RaftServerConfigKeys (ConfUtils.java:logGet(46)) - raft.server.watch.timeout.denomination = 1s (default)
2022-05-26 01:45:05,150 [edbf8a14-b096-4dc8-9781-888c2152b3d5@group-98889492684D-LeaderElection39] INFO  server.RaftServerConfigKeys (ConfUtils.java:logGet(46)) - raft.server.watch.element-limit = 65536 (default)
2022-05-26 01:45:05,151 [edbf8a14-b096-4dc8-9781-888c2152b3d5@group-98889492684D-LeaderElection39] INFO  server.RaftServerConfigKeys (ConfUtils.java:logGet(46)) - raft.server.write.element-limit = 1024 (custom)
2022-05-26 01:45:05,151 [edbf8a14-b096-4dc8-9781-888c2152b3d5@group-2BEC6B05E71E-FollowerState] INFO  impl.FollowerState (FollowerState.java:run(143)) - edbf8a14-b096-4dc8-9781-888c2152b3d5@group-2BEC6B05E71E-FollowerState: change to CANDIDATE, lastRpcElapsedTime:5108857683ns, electionTimeout:5094ms
2022-05-26 01:45:05,151 [edbf8a14-b096-4dc8-9781-888c2152b3d5@group-2BEC6B05E71E-FollowerState] INFO  impl.RoleInfo (RoleInfo.java:shutdownFollowerState(110)) - edbf8a14-b096-4dc8-9781-888c2152b3d5: shutdown edbf8a14-b096-4dc8-9781-888c2152b3d5@group-2BEC6B05E71E-FollowerState
2022-05-26 01:45:05,151 [edbf8a14-b096-4dc8-9781-888c2152b3d5@group-2BEC6B05E71E-FollowerState] INFO  server.RaftServer$Division (RaftServerImpl.java:setRole(299)) - edbf8a14-b096-4dc8-9781-888c2152b3d5@group-2BEC6B05E71E: changes role from  FOLLOWER to CANDIDATE at term 0 for changeToCandidate
2022-05-26 01:45:05,151 [edbf8a14-b096-4dc8-9781-888c2152b3d5@group-2BEC6B05E71E-FollowerState] INFO  server.RaftServerConfigKeys (ConfUtils.java:logGet(46)) - raft.server.leaderelection.pre-vote = false (custom)
2022-05-26 01:45:05,151 [edbf8a14-b096-4dc8-9781-888c2152b3d5@group-2BEC6B05E71E-FollowerState] INFO  impl.RoleInfo (RoleInfo.java:updateAndGet(139)) - edbf8a14-b096-4dc8-9781-888c2152b3d5: start edbf8a14-b096-4dc8-9781-888c2152b3d5@group-2BEC6B05E71E-LeaderElection40
2022-05-26 01:45:05,151 [edbf8a14-b096-4dc8-9781-888c2152b3d5@group-98889492684D-LeaderElection39] INFO  server.RaftServerConfigKeys (ConfUtils.java:logGet(46)) - raft.server.write.follower.gap.ratio.max = -1.0 (default)
2022-05-26 01:45:05,151 [edbf8a14-b096-4dc8-9781-888c2152b3d5@group-98889492684D-LeaderElection39] INFO  impl.RoleInfo (RoleInfo.java:updateAndGet(139)) - edbf8a14-b096-4dc8-9781-888c2152b3d5: start edbf8a14-b096-4dc8-9781-888c2152b3d5@group-98889492684D-LeaderStateImpl
2022-05-26 01:45:05,151 [edbf8a14-b096-4dc8-9781-888c2152b3d5@group-98889492684D-LeaderElection39] INFO  segmented.SegmentedRaftLogWorker (SegmentedRaftLogWorker.java:startLogSegment(425)) - edbf8a14-b096-4dc8-9781-888c2152b3d5@group-98889492684D-SegmentedRaftLogWorker: Starting segment from index:0
2022-05-26 01:45:05,152 [EventQueue-OpenPipelineForHealthyPipelineSafeModeRule] INFO  safemode.SCMSafeModeManager (HealthyPipelineSafeModeRule.java:process(124)) - SCM in safe mode. Healthy pipelines reported count is 0, required healthy pipeline reported count is 1
2022-05-26 01:45:05,176 [edbf8a14-b096-4dc8-9781-888c2152b3d5@group-98889492684D-LeaderElection39] INFO  server.RaftServer$Division (ServerState.java:setRaftConf(393)) - edbf8a14-b096-4dc8-9781-888c2152b3d5@group-98889492684D: set configuration 0: [edbf8a14-b096-4dc8-9781-888c2152b3d5|rpc:10.1.0.18:41319|dataStream:|priority:1], old=null
2022-05-26 01:45:05,180 [edbf8a14-b096-4dc8-9781-888c2152b3d5@group-98889492684D-SegmentedRaftLogWorker] INFO  segmented.SegmentedRaftLogWorker (SegmentedRaftLogWorker.java:execute(629)) - edbf8a14-b096-4dc8-9781-888c2152b3d5@group-98889492684D-SegmentedRaftLogWorker: created new log segment /home/runner/work/ozone/ozone/hadoop-ozone/integration-test/target/test-dir/MiniOzoneClusterImpl-d805c563-f850-4cee-aec1-f3ddb982742c/datanode-0/data/ratis/47735931-8b73-4ae2-a171-98889492684d/current/log_inprogress_0
2022-05-26 01:45:05,193 [edbf8a14-b096-4dc8-9781-888c2152b3d5@group-2BEC6B05E71E-LeaderElection40] INFO  impl.LeaderElection (LeaderElection.java:askForVotes(310)) - edbf8a14-b096-4dc8-9781-888c2152b3d5@group-2BEC6B05E71E-LeaderElection40 ELECTION round 0: submit vote requests at term 1 for -1: [edbf8a14-b096-4dc8-9781-888c2152b3d5|rpc:10.1.0.18:41319|priority:0, 0cf574f5-d1b5-41cb-a7af-8959df5ed1cc|rpc:10.1.0.18:36043|priority:0, a8ebbba9-0f49-4666-952c-6956f6fecf4e|rpc:10.1.0.18:35309|priority:1], old=null
2022-05-26 01:45:05,252 [grpc-default-executor-0] INFO  server.RaftServer$Division (RaftServerImpl.java:requestVote(1152)) - 0cf574f5-d1b5-41cb-a7af-8959df5ed1cc@group-2BEC6B05E71E: receive requestVote(ELECTION, edbf8a14-b096-4dc8-9781-888c2152b3d5, group-2BEC6B05E71E, 1, (t:0, i:0))
2022-05-26 01:45:05,253 [grpc-default-executor-0] INFO  impl.VoteContext (VoteContext.java:log(48)) - 0cf574f5-d1b5-41cb-a7af-8959df5ed1cc@group-2BEC6B05E71E-FOLLOWER: accept ELECTION from edbf8a14-b096-4dc8-9781-888c2152b3d5: our priority 0 <= candidate's priority 0
2022-05-26 01:45:05,253 [grpc-default-executor-0] INFO  server.RaftServer$Division (RaftServerImpl.java:setRole(299)) - 0cf574f5-d1b5-41cb-a7af-8959df5ed1cc@group-2BEC6B05E71E: changes role from  FOLLOWER to FOLLOWER at term 1 for candidate:edbf8a14-b096-4dc8-9781-888c2152b3d5
2022-05-26 01:45:05,253 [grpc-default-executor-0] INFO  impl.RoleInfo (RoleInfo.java:shutdownFollowerState(110)) - 0cf574f5-d1b5-41cb-a7af-8959df5ed1cc: shutdown 0cf574f5-d1b5-41cb-a7af-8959df5ed1cc@group-2BEC6B05E71E-FollowerState
2022-05-26 01:45:05,253 [grpc-default-executor-0] INFO  impl.RoleInfo (RoleInfo.java:updateAndGet(139)) - 0cf574f5-d1b5-41cb-a7af-8959df5ed1cc: start 0cf574f5-d1b5-41cb-a7af-8959df5ed1cc@group-2BEC6B05E71E-FollowerState
2022-05-26 01:45:05,253 [0cf574f5-d1b5-41cb-a7af-8959df5ed1cc@group-2BEC6B05E71E-FollowerState] INFO  impl.FollowerState (FollowerState.java:run(152)) - 0cf574f5-d1b5-41cb-a7af-8959df5ed1cc@group-2BEC6B05E71E-FollowerState was interrupted
2022-05-26 01:45:05,267 [grpc-default-executor-1] INFO  server.RaftServer$Division (RaftServerImpl.java:requestVote(1152)) - a8ebbba9-0f49-4666-952c-6956f6fecf4e@group-2BEC6B05E71E: receive requestVote(ELECTION, edbf8a14-b096-4dc8-9781-888c2152b3d5, group-2BEC6B05E71E, 1, (t:0, i:0))
2022-05-26 01:45:05,267 [grpc-default-executor-1] INFO  impl.VoteContext (VoteContext.java:log(48)) - a8ebbba9-0f49-4666-952c-6956f6fecf4e@group-2BEC6B05E71E-FOLLOWER: reject ELECTION from edbf8a14-b096-4dc8-9781-888c2152b3d5: our priority 1 > candidate's priority 0
2022-05-26 01:45:05,267 [grpc-default-executor-1] INFO  server.RaftServer$Division (RaftServerImpl.java:setRole(299)) - a8ebbba9-0f49-4666-952c-6956f6fecf4e@group-2BEC6B05E71E: changes role from  FOLLOWER to FOLLOWER at term 1 for candidate:edbf8a14-b096-4dc8-9781-888c2152b3d5
2022-05-26 01:45:05,267 [grpc-default-executor-1] INFO  impl.RoleInfo (RoleInfo.java:shutdownFollowerState(110)) - a8ebbba9-0f49-4666-952c-6956f6fecf4e: shutdown a8ebbba9-0f49-4666-952c-6956f6fecf4e@group-2BEC6B05E71E-FollowerState
2022-05-26 01:45:05,267 [grpc-default-executor-1] INFO  impl.RoleInfo (RoleInfo.java:updateAndGet(139)) - a8ebbba9-0f49-4666-952c-6956f6fecf4e: start a8ebbba9-0f49-4666-952c-6956f6fecf4e@group-2BEC6B05E71E-FollowerState
2022-05-26 01:45:05,267 [a8ebbba9-0f49-4666-952c-6956f6fecf4e@group-2BEC6B05E71E-FollowerState] INFO  impl.FollowerState (FollowerState.java:run(152)) - a8ebbba9-0f49-4666-952c-6956f6fecf4e@group-2BEC6B05E71E-FollowerState was interrupted
2022-05-26 01:45:05,277 [grpc-default-executor-1] INFO  server.RaftServer$Division (RaftServerImpl.java:requestVote(1184)) - a8ebbba9-0f49-4666-952c-6956f6fecf4e@group-2BEC6B05E71E replies to ELECTION vote request: edbf8a14-b096-4dc8-9781-888c2152b3d5<-a8ebbba9-0f49-4666-952c-6956f6fecf4e#0:FAIL-t1. Peer's state: a8ebbba9-0f49-4666-952c-6956f6fecf4e@group-2BEC6B05E71E:t1, leader=null, voted=null, raftlog=a8ebbba9-0f49-4666-952c-6956f6fecf4e@group-2BEC6B05E71E-SegmentedRaftLog:OPENED:c-1, conf=-1: [edbf8a14-b096-4dc8-9781-888c2152b3d5|rpc:10.1.0.18:41319|dataStream:|priority:0, 0cf574f5-d1b5-41cb-a7af-8959df5ed1cc|rpc:10.1.0.18:36043|dataStream:|priority:0, a8ebbba9-0f49-4666-952c-6956f6fecf4e|rpc:10.1.0.18:35309|dataStream:|priority:1], old=null
2022-05-26 01:45:05,280 [grpc-default-executor-0] INFO  server.RaftServer$Division (RaftServerImpl.java:requestVote(1184)) - 0cf574f5-d1b5-41cb-a7af-8959df5ed1cc@group-2BEC6B05E71E replies to ELECTION vote request: edbf8a14-b096-4dc8-9781-888c2152b3d5<-0cf574f5-d1b5-41cb-a7af-8959df5ed1cc#0:OK-t1. Peer's state: 0cf574f5-d1b5-41cb-a7af-8959df5ed1cc@group-2BEC6B05E71E:t1, leader=null, voted=edbf8a14-b096-4dc8-9781-888c2152b3d5, raftlog=0cf574f5-d1b5-41cb-a7af-8959df5ed1cc@group-2BEC6B05E71E-SegmentedRaftLog:OPENED:c-1, conf=-1: [edbf8a14-b096-4dc8-9781-888c2152b3d5|rpc:10.1.0.18:41319|dataStream:|priority:0, 0cf574f5-d1b5-41cb-a7af-8959df5ed1cc|rpc:10.1.0.18:36043|dataStream:|priority:0, a8ebbba9-0f49-4666-952c-6956f6fecf4e|rpc:10.1.0.18:35309|dataStream:|priority:1], old=null
2022-05-26 01:45:05,285 [edbf8a14-b096-4dc8-9781-888c2152b3d5@group-2BEC6B05E71E-LeaderElection40] INFO  impl.LeaderElection (LeaderElection.java:logAndReturn(90)) - edbf8a14-b096-4dc8-9781-888c2152b3d5@group-2BEC6B05E71E-LeaderElection40: ELECTION REJECTED received 1 response(s) and 0 exception(s):
2022-05-26 01:45:05,286 [edbf8a14-b096-4dc8-9781-888c2152b3d5@group-2BEC6B05E71E-LeaderElection40] INFO  impl.LeaderElection (LeaderElection.java:logAndReturn(94)) -   Response 0: edbf8a14-b096-4dc8-9781-888c2152b3d5<-a8ebbba9-0f49-4666-952c-6956f6fecf4e#0:FAIL-t1
2022-05-26 01:45:05,286 [edbf8a14-b096-4dc8-9781-888c2152b3d5@group-2BEC6B05E71E-LeaderElection40] INFO  impl.LeaderElection (LeaderElection.java:askForVotes(312)) - edbf8a14-b096-4dc8-9781-888c2152b3d5@group-2BEC6B05E71E-LeaderElection40 ELECTION round 0: result REJECTED
2022-05-26 01:45:05,286 [edbf8a14-b096-4dc8-9781-888c2152b3d5@group-2BEC6B05E71E-LeaderElection40] INFO  server.RaftServer$Division (RaftServerImpl.java:setRole(299)) - edbf8a14-b096-4dc8-9781-888c2152b3d5@group-2BEC6B05E71E: changes role from CANDIDATE to FOLLOWER at term 1 for REJECTED
2022-05-26 01:45:05,286 [edbf8a14-b096-4dc8-9781-888c2152b3d5@group-2BEC6B05E71E-LeaderElection40] INFO  impl.RoleInfo (RoleInfo.java:shutdownLeaderElection(130)) - edbf8a14-b096-4dc8-9781-888c2152b3d5: shutdown edbf8a14-b096-4dc8-9781-888c2152b3d5@group-2BEC6B05E71E-LeaderElection40
2022-05-26 01:45:05,286 [edbf8a14-b096-4dc8-9781-888c2152b3d5@group-2BEC6B05E71E-LeaderElection40] INFO  impl.RoleInfo (RoleInfo.java:updateAndGet(139)) - edbf8a14-b096-4dc8-9781-888c2152b3d5: start edbf8a14-b096-4dc8-9781-888c2152b3d5@group-2BEC6B05E71E-FollowerState
2022-05-26 01:45:05,619 [Listener at 127.0.0.1/36169] INFO  ozone.MiniOzoneClusterImpl (MiniOzoneClusterImpl.java:lambda$waitForClusterToBeReady$0(221)) - Nodes are ready. Got 3 of 3 DN Heartbeats.
2022-05-26 01:45:05,621 [Listener at 127.0.0.1/36169] INFO  ozone.MiniOzoneClusterImpl (MiniOzoneClusterImpl.java:lambda$waitForClusterToBeReady$0(224)) - Waiting for cluster to exit safe mode
2022-05-26 01:45:05,621 [Listener at 127.0.0.1/36169] INFO  ozone.MiniOzoneClusterImpl (MiniOzoneClusterImpl.java:lambda$waitForClusterToBeReady$0(226)) - SCM became leader
2022-05-26 01:45:05,697 [a8ebbba9-0f49-4666-952c-6956f6fecf4e@group-431C40285254-FollowerState] INFO  impl.FollowerState (FollowerState.java:run(143)) - a8ebbba9-0f49-4666-952c-6956f6fecf4e@group-431C40285254-FollowerState: change to CANDIDATE, lastRpcElapsedTime:5088704891ns, electionTimeout:5075ms
2022-05-26 01:45:05,697 [a8ebbba9-0f49-4666-952c-6956f6fecf4e@group-431C40285254-FollowerState] INFO  impl.RoleInfo (RoleInfo.java:shutdownFollowerState(110)) - a8ebbba9-0f49-4666-952c-6956f6fecf4e: shutdown a8ebbba9-0f49-4666-952c-6956f6fecf4e@group-431C40285254-FollowerState
2022-05-26 01:45:05,697 [a8ebbba9-0f49-4666-952c-6956f6fecf4e@group-431C40285254-FollowerState] INFO  server.RaftServer$Division (RaftServerImpl.java:setRole(299)) - a8ebbba9-0f49-4666-952c-6956f6fecf4e@group-431C40285254: changes role from  FOLLOWER to CANDIDATE at term 0 for changeToCandidate
2022-05-26 01:45:05,698 [a8ebbba9-0f49-4666-952c-6956f6fecf4e@group-431C40285254-FollowerState] INFO  server.RaftServerConfigKeys (ConfUtils.java:logGet(46)) - raft.server.leaderelection.pre-vote = false (custom)
2022-05-26 01:45:05,698 [a8ebbba9-0f49-4666-952c-6956f6fecf4e@group-431C40285254-FollowerState] INFO  impl.RoleInfo (RoleInfo.java:updateAndGet(139)) - a8ebbba9-0f49-4666-952c-6956f6fecf4e: start a8ebbba9-0f49-4666-952c-6956f6fecf4e@group-431C40285254-LeaderElection41
2022-05-26 01:45:05,712 [edbf8a14-b096-4dc8-9781-888c2152b3d5@group-D76EC0C11FCE-FollowerState] INFO  impl.FollowerState (FollowerState.java:run(143)) - edbf8a14-b096-4dc8-9781-888c2152b3d5@group-D76EC0C11FCE-FollowerState: change to CANDIDATE, lastRpcElapsedTime:5203988436ns, electionTimeout:5189ms
2022-05-26 01:45:05,712 [edbf8a14-b096-4dc8-9781-888c2152b3d5@group-D76EC0C11FCE-FollowerState] INFO  impl.RoleInfo (RoleInfo.java:shutdownFollowerState(110)) - edbf8a14-b096-4dc8-9781-888c2152b3d5: shutdown edbf8a14-b096-4dc8-9781-888c2152b3d5@group-D76EC0C11FCE-FollowerState
2022-05-26 01:45:05,712 [edbf8a14-b096-4dc8-9781-888c2152b3d5@group-D76EC0C11FCE-FollowerState] INFO  server.RaftServer$Division (RaftServerImpl.java:setRole(299)) - edbf8a14-b096-4dc8-9781-888c2152b3d5@group-D76EC0C11FCE: changes role from  FOLLOWER to CANDIDATE at term 0 for changeToCandidate
2022-05-26 01:45:05,712 [edbf8a14-b096-4dc8-9781-888c2152b3d5@group-D76EC0C11FCE-FollowerState] INFO  server.RaftServerConfigKeys (ConfUtils.java:logGet(46)) - raft.server.leaderelection.pre-vote = false (custom)
2022-05-26 01:45:05,712 [edbf8a14-b096-4dc8-9781-888c2152b3d5@group-D76EC0C11FCE-FollowerState] INFO  impl.RoleInfo (RoleInfo.java:updateAndGet(139)) - edbf8a14-b096-4dc8-9781-888c2152b3d5: start edbf8a14-b096-4dc8-9781-888c2152b3d5@group-D76EC0C11FCE-LeaderElection42
2022-05-26 01:45:05,748 [edbf8a14-b096-4dc8-9781-888c2152b3d5@group-D76EC0C11FCE-LeaderElection42] INFO  impl.LeaderElection (LeaderElection.java:askForVotes(310)) - edbf8a14-b096-4dc8-9781-888c2152b3d5@group-D76EC0C11FCE-LeaderElection42 ELECTION round 0: submit vote requests at term 1 for -1: [edbf8a14-b096-4dc8-9781-888c2152b3d5|rpc:10.1.0.18:41319|priority:0, 0cf574f5-d1b5-41cb-a7af-8959df5ed1cc|rpc:10.1.0.18:36043|priority:1, a8ebbba9-0f49-4666-952c-6956f6fecf4e|rpc:10.1.0.18:35309|priority:0], old=null
2022-05-26 01:45:05,756 [a8ebbba9-0f49-4666-952c-6956f6fecf4e@group-431C40285254-LeaderElection41] INFO  impl.LeaderElection (LeaderElection.java:askForVotes(310)) - a8ebbba9-0f49-4666-952c-6956f6fecf4e@group-431C40285254-LeaderElection41 ELECTION round 0: submit vote requests at term 1 for -1: [a8ebbba9-0f49-4666-952c-6956f6fecf4e|rpc:10.1.0.18:35309|priority:1], old=null
2022-05-26 01:45:05,756 [a8ebbba9-0f49-4666-952c-6956f6fecf4e@group-431C40285254-LeaderElection41] INFO  impl.LeaderElection (LeaderElection.java:askForVotes(312)) - a8ebbba9-0f49-4666-952c-6956f6fecf4e@group-431C40285254-LeaderElection41 ELECTION round 0: result PASSED (term=1)
2022-05-26 01:45:05,756 [a8ebbba9-0f49-4666-952c-6956f6fecf4e@group-431C40285254-LeaderElection41] INFO  impl.RoleInfo (RoleInfo.java:shutdownLeaderElection(130)) - a8ebbba9-0f49-4666-952c-6956f6fecf4e: shutdown a8ebbba9-0f49-4666-952c-6956f6fecf4e@group-431C40285254-LeaderElection41
2022-05-26 01:45:05,756 [a8ebbba9-0f49-4666-952c-6956f6fecf4e@group-431C40285254-LeaderElection41] INFO  server.RaftServer$Division (RaftServerImpl.java:setRole(299)) - a8ebbba9-0f49-4666-952c-6956f6fecf4e@group-431C40285254: changes role from CANDIDATE to LEADER at term 1 for changeToLeader
2022-05-26 01:45:05,756 [a8ebbba9-0f49-4666-952c-6956f6fecf4e@group-431C40285254-LeaderElection41] INFO  ratis.XceiverServerRatis (XceiverServerRatis.java:handleLeaderChangedNotification(863)) - Leader change notification received for group: group-431C40285254 with new leaderId: a8ebbba9-0f49-4666-952c-6956f6fecf4e
2022-05-26 01:45:05,757 [a8ebbba9-0f49-4666-952c-6956f6fecf4e@group-431C40285254-LeaderElection41] INFO  server.RaftServer$Division (ServerState.java:setLeader(287)) - a8ebbba9-0f49-4666-952c-6956f6fecf4e@group-431C40285254: change Leader from null to a8ebbba9-0f49-4666-952c-6956f6fecf4e at term 1 for becomeLeader, leader elected after 5170ms
2022-05-26 01:45:05,757 [a8ebbba9-0f49-4666-952c-6956f6fecf4e@group-431C40285254-LeaderElection41] INFO  server.RaftServerConfigKeys (ConfUtils.java:logGet(46)) - raft.server.staging.catchup.gap = 1000 (default)
2022-05-26 01:45:05,757 [a8ebbba9-0f49-4666-952c-6956f6fecf4e@group-431C40285254-LeaderElection41] INFO  server.RaftServerConfigKeys (ConfUtils.java:logGet(46)) - raft.server.write.element-limit = 1024 (custom)
2022-05-26 01:45:05,757 [a8ebbba9-0f49-4666-952c-6956f6fecf4e@group-431C40285254-LeaderElection41] INFO  server.RaftServerConfigKeys (ConfUtils.java:logGet(46)) - raft.server.write.byte-limit = 1024 M (=1073741824) (custom)
2022-05-26 01:45:05,757 [a8ebbba9-0f49-4666-952c-6956f6fecf4e@group-431C40285254-LeaderElection41] INFO  server.RaftServerConfigKeys (ConfUtils.java:logGet(46)) - raft.server.watch.timeout = 180s (custom)
2022-05-26 01:45:05,757 [a8ebbba9-0f49-4666-952c-6956f6fecf4e@group-431C40285254-LeaderElection41] INFO  server.RaftServerConfigKeys (ConfUtils.java:logGet(46)) - raft.server.watch.timeout.denomination = 1s (default)
2022-05-26 01:45:05,757 [a8ebbba9-0f49-4666-952c-6956f6fecf4e@group-431C40285254-LeaderElection41] INFO  server.RaftServerConfigKeys (ConfUtils.java:logGet(46)) - raft.server.watch.element-limit = 65536 (default)
2022-05-26 01:45:05,757 [a8ebbba9-0f49-4666-952c-6956f6fecf4e@group-431C40285254-LeaderElection41] INFO  server.RaftServerConfigKeys (ConfUtils.java:logGet(46)) - raft.server.write.element-limit = 1024 (custom)
2022-05-26 01:45:05,757 [a8ebbba9-0f49-4666-952c-6956f6fecf4e@group-431C40285254-LeaderElection41] INFO  server.RaftServerConfigKeys (ConfUtils.java:logGet(46)) - raft.server.write.follower.gap.ratio.max = -1.0 (default)
2022-05-26 01:45:05,757 [a8ebbba9-0f49-4666-952c-6956f6fecf4e@group-431C40285254-LeaderElection41] INFO  impl.RoleInfo (RoleInfo.java:updateAndGet(139)) - a8ebbba9-0f49-4666-952c-6956f6fecf4e: start a8ebbba9-0f49-4666-952c-6956f6fecf4e@group-431C40285254-LeaderStateImpl
2022-05-26 01:45:05,758 [a8ebbba9-0f49-4666-952c-6956f6fecf4e@group-431C40285254-LeaderElection41] INFO  segmented.SegmentedRaftLogWorker (SegmentedRaftLogWorker.java:startLogSegment(425)) - a8ebbba9-0f49-4666-952c-6956f6fecf4e@group-431C40285254-SegmentedRaftLogWorker: Starting segment from index:0
2022-05-26 01:45:05,759 [a8ebbba9-0f49-4666-952c-6956f6fecf4e@group-431C40285254-SegmentedRaftLogWorker] INFO  segmented.SegmentedRaftLogWorker (SegmentedRaftLogWorker.java:execute(629)) - a8ebbba9-0f49-4666-952c-6956f6fecf4e@group-431C40285254-SegmentedRaftLogWorker: created new log segment /home/runner/work/ozone/ozone/hadoop-ozone/integration-test/target/test-dir/MiniOzoneClusterImpl-d805c563-f850-4cee-aec1-f3ddb982742c/datanode-1/data/ratis/8431e1a9-94de-4e4e-b196-431c40285254/current/log_inprogress_0
2022-05-26 01:45:05,763 [a8ebbba9-0f49-4666-952c-6956f6fecf4e@group-D76EC0C11FCE-FollowerState] INFO  impl.FollowerState (FollowerState.java:run(143)) - a8ebbba9-0f49-4666-952c-6956f6fecf4e@group-D76EC0C11FCE-FollowerState: change to CANDIDATE, lastRpcElapsedTime:5087923079ns, electionTimeout:5074ms
2022-05-26 01:45:05,763 [a8ebbba9-0f49-4666-952c-6956f6fecf4e@group-D76EC0C11FCE-FollowerState] INFO  impl.RoleInfo (RoleInfo.java:shutdownFollowerState(110)) - a8ebbba9-0f49-4666-952c-6956f6fecf4e: shutdown a8ebbba9-0f49-4666-952c-6956f6fecf4e@group-D76EC0C11FCE-FollowerState
2022-05-26 01:45:05,763 [a8ebbba9-0f49-4666-952c-6956f6fecf4e@group-D76EC0C11FCE-FollowerState] INFO  server.RaftServer$Division (RaftServerImpl.java:setRole(299)) - a8ebbba9-0f49-4666-952c-6956f6fecf4e@group-D76EC0C11FCE: changes role from  FOLLOWER to CANDIDATE at term 0 for changeToCandidate
2022-05-26 01:45:05,763 [a8ebbba9-0f49-4666-952c-6956f6fecf4e@group-D76EC0C11FCE-FollowerState] INFO  server.RaftServerConfigKeys (ConfUtils.java:logGet(46)) - raft.server.leaderelection.pre-vote = false (custom)
2022-05-26 01:45:05,763 [a8ebbba9-0f49-4666-952c-6956f6fecf4e@group-D76EC0C11FCE-FollowerState] INFO  impl.RoleInfo (RoleInfo.java:updateAndGet(139)) - a8ebbba9-0f49-4666-952c-6956f6fecf4e: start a8ebbba9-0f49-4666-952c-6956f6fecf4e@group-D76EC0C11FCE-LeaderElection43
2022-05-26 01:45:05,768 [grpc-default-executor-0] INFO  server.RaftServer$Division (RaftServerImpl.java:requestVote(1152)) - a8ebbba9-0f49-4666-952c-6956f6fecf4e@group-D76EC0C11FCE: receive requestVote(ELECTION, edbf8a14-b096-4dc8-9781-888c2152b3d5, group-D76EC0C11FCE, 1, (t:0, i:0))
2022-05-26 01:45:05,768 [grpc-default-executor-0] INFO  impl.VoteContext (VoteContext.java:log(48)) - a8ebbba9-0f49-4666-952c-6956f6fecf4e@group-D76EC0C11FCE-CANDIDATE: accept ELECTION from edbf8a14-b096-4dc8-9781-888c2152b3d5: our priority 0 <= candidate's priority 0
2022-05-26 01:45:05,768 [grpc-default-executor-0] INFO  server.RaftServer$Division (RaftServerImpl.java:setRole(299)) - a8ebbba9-0f49-4666-952c-6956f6fecf4e@group-D76EC0C11FCE: changes role from CANDIDATE to FOLLOWER at term 1 for candidate:edbf8a14-b096-4dc8-9781-888c2152b3d5
2022-05-26 01:45:05,768 [grpc-default-executor-0] INFO  impl.RoleInfo (RoleInfo.java:shutdownLeaderElection(130)) - a8ebbba9-0f49-4666-952c-6956f6fecf4e: shutdown a8ebbba9-0f49-4666-952c-6956f6fecf4e@group-D76EC0C11FCE-LeaderElection43
2022-05-26 01:45:05,769 [grpc-default-executor-0] INFO  impl.RoleInfo (RoleInfo.java:updateAndGet(139)) - a8ebbba9-0f49-4666-952c-6956f6fecf4e: start a8ebbba9-0f49-4666-952c-6956f6fecf4e@group-D76EC0C11FCE-FollowerState
2022-05-26 01:45:05,769 [a8ebbba9-0f49-4666-952c-6956f6fecf4e@group-431C40285254-LeaderElection41] INFO  server.RaftServer$Division (ServerState.java:setRaftConf(393)) - a8ebbba9-0f49-4666-952c-6956f6fecf4e@group-431C40285254: set configuration 0: [a8ebbba9-0f49-4666-952c-6956f6fecf4e|rpc:10.1.0.18:35309|dataStream:|priority:1], old=null
2022-05-26 01:45:05,789 [EventQueue-OpenPipelineForHealthyPipelineSafeModeRule] INFO  safemode.SCMSafeModeManager (HealthyPipelineSafeModeRule.java:process(124)) - SCM in safe mode. Healthy pipelines reported count is 0, required healthy pipeline reported count is 1
2022-05-26 01:45:05,793 [grpc-default-executor-0] INFO  server.RaftServer$Division (RaftServerImpl.java:requestVote(1184)) - a8ebbba9-0f49-4666-952c-6956f6fecf4e@group-D76EC0C11FCE replies to ELECTION vote request: edbf8a14-b096-4dc8-9781-888c2152b3d5<-a8ebbba9-0f49-4666-952c-6956f6fecf4e#0:OK-t1. Peer's state: a8ebbba9-0f49-4666-952c-6956f6fecf4e@group-D76EC0C11FCE:t1, leader=null, voted=edbf8a14-b096-4dc8-9781-888c2152b3d5, raftlog=a8ebbba9-0f49-4666-952c-6956f6fecf4e@group-D76EC0C11FCE-SegmentedRaftLog:OPENED:c-1, conf=-1: [edbf8a14-b096-4dc8-9781-888c2152b3d5|rpc:10.1.0.18:41319|priority:0, 0cf574f5-d1b5-41cb-a7af-8959df5ed1cc|rpc:10.1.0.18:36043|priority:1, a8ebbba9-0f49-4666-952c-6956f6fecf4e|rpc:10.1.0.18:35309|priority:0], old=null
2022-05-26 01:45:05,816 [grpc-default-executor-0] INFO  server.RaftServer$Division (RaftServerImpl.java:requestVote(1152)) - 0cf574f5-d1b5-41cb-a7af-8959df5ed1cc@group-D76EC0C11FCE: receive requestVote(ELECTION, edbf8a14-b096-4dc8-9781-888c2152b3d5, group-D76EC0C11FCE, 1, (t:0, i:0))
2022-05-26 01:45:05,816 [grpc-default-executor-0] INFO  impl.VoteContext (VoteContext.java:log(48)) - 0cf574f5-d1b5-41cb-a7af-8959df5ed1cc@group-D76EC0C11FCE-FOLLOWER: reject ELECTION from edbf8a14-b096-4dc8-9781-888c2152b3d5: our priority 1 > candidate's priority 0
2022-05-26 01:45:05,816 [grpc-default-executor-0] INFO  server.RaftServer$Division (RaftServerImpl.java:setRole(299)) - 0cf574f5-d1b5-41cb-a7af-8959df5ed1cc@group-D76EC0C11FCE: changes role from  FOLLOWER to FOLLOWER at term 1 for candidate:edbf8a14-b096-4dc8-9781-888c2152b3d5
2022-05-26 01:45:05,816 [grpc-default-executor-0] INFO  impl.RoleInfo (RoleInfo.java:shutdownFollowerState(110)) - 0cf574f5-d1b5-41cb-a7af-8959df5ed1cc: shutdown 0cf574f5-d1b5-41cb-a7af-8959df5ed1cc@group-D76EC0C11FCE-FollowerState
2022-05-26 01:45:05,816 [grpc-default-executor-0] INFO  impl.RoleInfo (RoleInfo.java:updateAndGet(139)) - 0cf574f5-d1b5-41cb-a7af-8959df5ed1cc: start 0cf574f5-d1b5-41cb-a7af-8959df5ed1cc@group-D76EC0C11FCE-FollowerState
2022-05-26 01:45:05,818 [0cf574f5-d1b5-41cb-a7af-8959df5ed1cc@group-D76EC0C11FCE-FollowerState] INFO  impl.FollowerState (FollowerState.java:run(152)) - 0cf574f5-d1b5-41cb-a7af-8959df5ed1cc@group-D76EC0C11FCE-FollowerState was interrupted
2022-05-26 01:45:05,821 [grpc-default-executor-0] INFO  server.RaftServer$Division (RaftServerImpl.java:requestVote(1184)) - 0cf574f5-d1b5-41cb-a7af-8959df5ed1cc@group-D76EC0C11FCE replies to ELECTION vote request: edbf8a14-b096-4dc8-9781-888c2152b3d5<-0cf574f5-d1b5-41cb-a7af-8959df5ed1cc#0:FAIL-t1. Peer's state: 0cf574f5-d1b5-41cb-a7af-8959df5ed1cc@group-D76EC0C11FCE:t1, leader=null, voted=null, raftlog=0cf574f5-d1b5-41cb-a7af-8959df5ed1cc@group-D76EC0C11FCE-SegmentedRaftLog:OPENED:c-1, conf=-1: [edbf8a14-b096-4dc8-9781-888c2152b3d5|rpc:10.1.0.18:41319|dataStream:|priority:0, 0cf574f5-d1b5-41cb-a7af-8959df5ed1cc|rpc:10.1.0.18:36043|dataStream:|priority:1, a8ebbba9-0f49-4666-952c-6956f6fecf4e|rpc:10.1.0.18:35309|dataStream:|priority:0], old=null
2022-05-26 01:45:05,834 [edbf8a14-b096-4dc8-9781-888c2152b3d5@group-D76EC0C11FCE-LeaderElection42] INFO  impl.LeaderElection (LeaderElection.java:logAndReturn(90)) - edbf8a14-b096-4dc8-9781-888c2152b3d5@group-D76EC0C11FCE-LeaderElection42: ELECTION REJECTED received 2 response(s) and 0 exception(s):
2022-05-26 01:45:05,834 [edbf8a14-b096-4dc8-9781-888c2152b3d5@group-D76EC0C11FCE-LeaderElection42] INFO  impl.LeaderElection (LeaderElection.java:logAndReturn(94)) -   Response 0: edbf8a14-b096-4dc8-9781-888c2152b3d5<-0cf574f5-d1b5-41cb-a7af-8959df5ed1cc#0:FAIL-t1
2022-05-26 01:45:05,834 [edbf8a14-b096-4dc8-9781-888c2152b3d5@group-D76EC0C11FCE-LeaderElection42] INFO  impl.LeaderElection (LeaderElection.java:logAndReturn(94)) -   Response 1: edbf8a14-b096-4dc8-9781-888c2152b3d5<-a8ebbba9-0f49-4666-952c-6956f6fecf4e#0:OK-t1
2022-05-26 01:45:05,834 [edbf8a14-b096-4dc8-9781-888c2152b3d5@group-D76EC0C11FCE-LeaderElection42] INFO  impl.LeaderElection (LeaderElection.java:askForVotes(312)) - edbf8a14-b096-4dc8-9781-888c2152b3d5@group-D76EC0C11FCE-LeaderElection42 ELECTION round 0: result REJECTED
2022-05-26 01:45:05,834 [edbf8a14-b096-4dc8-9781-888c2152b3d5@group-D76EC0C11FCE-LeaderElection42] INFO  server.RaftServer$Division (RaftServerImpl.java:setRole(299)) - edbf8a14-b096-4dc8-9781-888c2152b3d5@group-D76EC0C11FCE: changes role from CANDIDATE to FOLLOWER at term 1 for REJECTED
2022-05-26 01:45:05,834 [edbf8a14-b096-4dc8-9781-888c2152b3d5@group-D76EC0C11FCE-LeaderElection42] INFO  impl.RoleInfo (RoleInfo.java:shutdownLeaderElection(130)) - edbf8a14-b096-4dc8-9781-888c2152b3d5: shutdown edbf8a14-b096-4dc8-9781-888c2152b3d5@group-D76EC0C11FCE-LeaderElection42
2022-05-26 01:45:05,834 [edbf8a14-b096-4dc8-9781-888c2152b3d5@group-D76EC0C11FCE-LeaderElection42] INFO  impl.RoleInfo (RoleInfo.java:updateAndGet(139)) - edbf8a14-b096-4dc8-9781-888c2152b3d5: start edbf8a14-b096-4dc8-9781-888c2152b3d5@group-D76EC0C11FCE-FollowerState
2022-05-26 01:45:06,621 [Listener at 127.0.0.1/36169] INFO  ozone.MiniOzoneClusterImpl (MiniOzoneClusterImpl.java:lambda$waitForClusterToBeReady$0(221)) - Nodes are ready. Got 3 of 3 DN Heartbeats.
2022-05-26 01:45:06,622 [Listener at 127.0.0.1/36169] INFO  ozone.MiniOzoneClusterImpl (MiniOzoneClusterImpl.java:lambda$waitForClusterToBeReady$0(224)) - Waiting for cluster to exit safe mode
2022-05-26 01:45:06,622 [Listener at 127.0.0.1/36169] INFO  ozone.MiniOzoneClusterImpl (MiniOzoneClusterImpl.java:lambda$waitForClusterToBeReady$0(226)) - SCM became leader
2022-05-26 01:45:06,902 [0cf574f5-d1b5-41cb-a7af-8959df5ed1cc@group-653B29C46411-FollowerState] INFO  impl.FollowerState (FollowerState.java:run(143)) - 0cf574f5-d1b5-41cb-a7af-8959df5ed1cc@group-653B29C46411-FollowerState: change to CANDIDATE, lastRpcElapsedTime:5210402319ns, electionTimeout:5172ms
2022-05-26 01:45:06,903 [0cf574f5-d1b5-41cb-a7af-8959df5ed1cc@group-653B29C46411-FollowerState] INFO  impl.RoleInfo (RoleInfo.java:shutdownFollowerState(110)) - 0cf574f5-d1b5-41cb-a7af-8959df5ed1cc: shutdown 0cf574f5-d1b5-41cb-a7af-8959df5ed1cc@group-653B29C46411-FollowerState
2022-05-26 01:45:06,903 [0cf574f5-d1b5-41cb-a7af-8959df5ed1cc@group-653B29C46411-FollowerState] INFO  server.RaftServer$Division (RaftServerImpl.java:setRole(299)) - 0cf574f5-d1b5-41cb-a7af-8959df5ed1cc@group-653B29C46411: changes role from  FOLLOWER to CANDIDATE at term 0 for changeToCandidate
2022-05-26 01:45:06,903 [0cf574f5-d1b5-41cb-a7af-8959df5ed1cc@group-653B29C46411-FollowerState] INFO  server.RaftServerConfigKeys (ConfUtils.java:logGet(46)) - raft.server.leaderelection.pre-vote = false (custom)
2022-05-26 01:45:06,903 [0cf574f5-d1b5-41cb-a7af-8959df5ed1cc@group-653B29C46411-FollowerState] INFO  impl.RoleInfo (RoleInfo.java:updateAndGet(139)) - 0cf574f5-d1b5-41cb-a7af-8959df5ed1cc: start 0cf574f5-d1b5-41cb-a7af-8959df5ed1cc@group-653B29C46411-LeaderElection44
2022-05-26 01:45:06,920 [0cf574f5-d1b5-41cb-a7af-8959df5ed1cc@group-653B29C46411-LeaderElection44] INFO  impl.LeaderElection (LeaderElection.java:askForVotes(310)) - 0cf574f5-d1b5-41cb-a7af-8959df5ed1cc@group-653B29C46411-LeaderElection44 ELECTION round 0: submit vote requests at term 1 for -1: [0cf574f5-d1b5-41cb-a7af-8959df5ed1cc|rpc:10.1.0.18:36043|priority:1], old=null
2022-05-26 01:45:06,920 [0cf574f5-d1b5-41cb-a7af-8959df5ed1cc@group-653B29C46411-LeaderElection44] INFO  impl.LeaderElection (LeaderElection.java:askForVotes(312)) - 0cf574f5-d1b5-41cb-a7af-8959df5ed1cc@group-653B29C46411-LeaderElection44 ELECTION round 0: result PASSED (term=1)
2022-05-26 01:45:06,920 [0cf574f5-d1b5-41cb-a7af-8959df5ed1cc@group-653B29C46411-LeaderElection44] INFO  impl.RoleInfo (RoleInfo.java:shutdownLeaderElection(130)) - 0cf574f5-d1b5-41cb-a7af-8959df5ed1cc: shutdown 0cf574f5-d1b5-41cb-a7af-8959df5ed1cc@group-653B29C46411-LeaderElection44
2022-05-26 01:45:06,920 [0cf574f5-d1b5-41cb-a7af-8959df5ed1cc@group-653B29C46411-LeaderElection44] INFO  server.RaftServer$Division (RaftServerImpl.java:setRole(299)) - 0cf574f5-d1b5-41cb-a7af-8959df5ed1cc@group-653B29C46411: changes role from CANDIDATE to LEADER at term 1 for changeToLeader
2022-05-26 01:45:06,920 [0cf574f5-d1b5-41cb-a7af-8959df5ed1cc@group-653B29C46411-LeaderElection44] INFO  ratis.XceiverServerRatis (XceiverServerRatis.java:handleLeaderChangedNotification(863)) - Leader change notification received for group: group-653B29C46411 with new leaderId: 0cf574f5-d1b5-41cb-a7af-8959df5ed1cc
2022-05-26 01:45:06,925 [EventQueue-OpenPipelineForHealthyPipelineSafeModeRule] INFO  safemode.SCMSafeModeManager (HealthyPipelineSafeModeRule.java:process(124)) - SCM in safe mode. Healthy pipelines reported count is 0, required healthy pipeline reported count is 1
2022-05-26 01:45:06,927 [0cf574f5-d1b5-41cb-a7af-8959df5ed1cc@group-653B29C46411-LeaderElection44] INFO  server.RaftServer$Division (ServerState.java:setLeader(287)) - 0cf574f5-d1b5-41cb-a7af-8959df5ed1cc@group-653B29C46411: change Leader from null to 0cf574f5-d1b5-41cb-a7af-8959df5ed1cc at term 1 for becomeLeader, leader elected after 5243ms
2022-05-26 01:45:06,927 [0cf574f5-d1b5-41cb-a7af-8959df5ed1cc@group-653B29C46411-LeaderElection44] INFO  server.RaftServerConfigKeys (ConfUtils.java:logGet(46)) - raft.server.staging.catchup.gap = 1000 (default)
2022-05-26 01:45:06,927 [0cf574f5-d1b5-41cb-a7af-8959df5ed1cc@group-653B29C46411-LeaderElection44] INFO  server.RaftServerConfigKeys (ConfUtils.java:logGet(46)) - raft.server.write.element-limit = 1024 (custom)
2022-05-26 01:45:06,927 [0cf574f5-d1b5-41cb-a7af-8959df5ed1cc@group-653B29C46411-LeaderElection44] INFO  server.RaftServerConfigKeys (ConfUtils.java:logGet(46)) - raft.server.write.byte-limit = 1024 M (=1073741824) (custom)
2022-05-26 01:45:06,927 [0cf574f5-d1b5-41cb-a7af-8959df5ed1cc@group-653B29C46411-LeaderElection44] INFO  server.RaftServerConfigKeys (ConfUtils.java:logGet(46)) - raft.server.watch.timeout = 180s (custom)
2022-05-26 01:45:06,927 [0cf574f5-d1b5-41cb-a7af-8959df5ed1cc@group-653B29C46411-LeaderElection44] INFO  server.RaftServerConfigKeys (ConfUtils.java:logGet(46)) - raft.server.watch.timeout.denomination = 1s (default)
2022-05-26 01:45:06,927 [0cf574f5-d1b5-41cb-a7af-8959df5ed1cc@group-653B29C46411-LeaderElection44] INFO  server.RaftServerConfigKeys (ConfUtils.java:logGet(46)) - raft.server.watch.element-limit = 65536 (default)
2022-05-26 01:45:06,927 [0cf574f5-d1b5-41cb-a7af-8959df5ed1cc@group-653B29C46411-LeaderElection44] INFO  server.RaftServerConfigKeys (ConfUtils.java:logGet(46)) - raft.server.write.element-limit = 1024 (custom)
2022-05-26 01:45:06,927 [0cf574f5-d1b5-41cb-a7af-8959df5ed1cc@group-653B29C46411-LeaderElection44] INFO  server.RaftServerConfigKeys (ConfUtils.java:logGet(46)) - raft.server.write.follower.gap.ratio.max = -1.0 (default)
2022-05-26 01:45:06,928 [0cf574f5-d1b5-41cb-a7af-8959df5ed1cc@group-653B29C46411-LeaderElection44] INFO  impl.RoleInfo (RoleInfo.java:updateAndGet(139)) - 0cf574f5-d1b5-41cb-a7af-8959df5ed1cc: start 0cf574f5-d1b5-41cb-a7af-8959df5ed1cc@group-653B29C46411-LeaderStateImpl
2022-05-26 01:45:06,928 [0cf574f5-d1b5-41cb-a7af-8959df5ed1cc@group-653B29C46411-LeaderElection44] INFO  segmented.SegmentedRaftLogWorker (SegmentedRaftLogWorker.java:startLogSegment(425)) - 0cf574f5-d1b5-41cb-a7af-8959df5ed1cc@group-653B29C46411-SegmentedRaftLogWorker: Starting segment from index:0
2022-05-26 01:45:06,949 [0cf574f5-d1b5-41cb-a7af-8959df5ed1cc@group-653B29C46411-SegmentedRaftLogWorker] INFO  segmented.SegmentedRaftLogWorker (SegmentedRaftLogWorker.java:execute(629)) - 0cf574f5-d1b5-41cb-a7af-8959df5ed1cc@group-653B29C46411-SegmentedRaftLogWorker: created new log segment /home/runner/work/ozone/ozone/hadoop-ozone/integration-test/target/test-dir/MiniOzoneClusterImpl-d805c563-f850-4cee-aec1-f3ddb982742c/datanode-2/data/ratis/99458632-5908-4f9f-933f-653b29c46411/current/log_inprogress_0
2022-05-26 01:45:06,984 [0cf574f5-d1b5-41cb-a7af-8959df5ed1cc@group-653B29C46411-LeaderElection44] INFO  server.RaftServer$Division (ServerState.java:setRaftConf(393)) - 0cf574f5-d1b5-41cb-a7af-8959df5ed1cc@group-653B29C46411: set configuration 0: [0cf574f5-d1b5-41cb-a7af-8959df5ed1cc|rpc:10.1.0.18:36043|dataStream:|priority:1], old=null
2022-05-26 01:45:07,623 [Listener at 127.0.0.1/36169] INFO  ozone.MiniOzoneClusterImpl (MiniOzoneClusterImpl.java:lambda$waitForClusterToBeReady$0(221)) - Nodes are ready. Got 3 of 3 DN Heartbeats.
2022-05-26 01:45:07,623 [Listener at 127.0.0.1/36169] INFO  ozone.MiniOzoneClusterImpl (MiniOzoneClusterImpl.java:lambda$waitForClusterToBeReady$0(224)) - Waiting for cluster to exit safe mode
2022-05-26 01:45:07,623 [Listener at 127.0.0.1/36169] INFO  ozone.MiniOzoneClusterImpl (MiniOzoneClusterImpl.java:lambda$waitForClusterToBeReady$0(226)) - SCM became leader
2022-05-26 01:45:08,623 [Listener at 127.0.0.1/36169] INFO  ozone.MiniOzoneClusterImpl (MiniOzoneClusterImpl.java:lambda$waitForClusterToBeReady$0(221)) - Nodes are ready. Got 3 of 3 DN Heartbeats.
2022-05-26 01:45:08,623 [Listener at 127.0.0.1/36169] INFO  ozone.MiniOzoneClusterImpl (MiniOzoneClusterImpl.java:lambda$waitForClusterToBeReady$0(224)) - Waiting for cluster to exit safe mode
2022-05-26 01:45:08,623 [Listener at 127.0.0.1/36169] INFO  ozone.MiniOzoneClusterImpl (MiniOzoneClusterImpl.java:lambda$waitForClusterToBeReady$0(226)) - SCM became leader
2022-05-26 01:45:09,624 [Listener at 127.0.0.1/36169] INFO  ozone.MiniOzoneClusterImpl (MiniOzoneClusterImpl.java:lambda$waitForClusterToBeReady$0(221)) - Nodes are ready. Got 3 of 3 DN Heartbeats.
2022-05-26 01:45:09,624 [Listener at 127.0.0.1/36169] INFO  ozone.MiniOzoneClusterImpl (MiniOzoneClusterImpl.java:lambda$waitForClusterToBeReady$0(224)) - Waiting for cluster to exit safe mode
2022-05-26 01:45:09,624 [Listener at 127.0.0.1/36169] INFO  ozone.MiniOzoneClusterImpl (MiniOzoneClusterImpl.java:lambda$waitForClusterToBeReady$0(226)) - SCM became leader
2022-05-26 01:45:10,328 [edbf8a14-b096-4dc8-9781-888c2152b3d5@group-2BEC6B05E71E-FollowerState] INFO  impl.FollowerState (FollowerState.java:run(143)) - edbf8a14-b096-4dc8-9781-888c2152b3d5@group-2BEC6B05E71E-FollowerState: change to CANDIDATE, lastRpcElapsedTime:5041680387ns, electionTimeout:5028ms
2022-05-26 01:45:10,328 [edbf8a14-b096-4dc8-9781-888c2152b3d5@group-2BEC6B05E71E-FollowerState] INFO  impl.RoleInfo (RoleInfo.java:shutdownFollowerState(110)) - edbf8a14-b096-4dc8-9781-888c2152b3d5: shutdown edbf8a14-b096-4dc8-9781-888c2152b3d5@group-2BEC6B05E71E-FollowerState
2022-05-26 01:45:10,328 [edbf8a14-b096-4dc8-9781-888c2152b3d5@group-2BEC6B05E71E-FollowerState] INFO  server.RaftServer$Division (RaftServerImpl.java:setRole(299)) - edbf8a14-b096-4dc8-9781-888c2152b3d5@group-2BEC6B05E71E: changes role from  FOLLOWER to CANDIDATE at term 1 for changeToCandidate
2022-05-26 01:45:10,328 [edbf8a14-b096-4dc8-9781-888c2152b3d5@group-2BEC6B05E71E-FollowerState] INFO  server.RaftServerConfigKeys (ConfUtils.java:logGet(46)) - raft.server.leaderelection.pre-vote = false (custom)
2022-05-26 01:45:10,328 [edbf8a14-b096-4dc8-9781-888c2152b3d5@group-2BEC6B05E71E-FollowerState] INFO  impl.RoleInfo (RoleInfo.java:updateAndGet(139)) - edbf8a14-b096-4dc8-9781-888c2152b3d5: start edbf8a14-b096-4dc8-9781-888c2152b3d5@group-2BEC6B05E71E-LeaderElection45
2022-05-26 01:45:10,361 [edbf8a14-b096-4dc8-9781-888c2152b3d5@group-2BEC6B05E71E-LeaderElection45] INFO  impl.LeaderElection (LeaderElection.java:askForVotes(310)) - edbf8a14-b096-4dc8-9781-888c2152b3d5@group-2BEC6B05E71E-LeaderElection45 ELECTION round 0: submit vote requests at term 2 for -1: [edbf8a14-b096-4dc8-9781-888c2152b3d5|rpc:10.1.0.18:41319|priority:0, 0cf574f5-d1b5-41cb-a7af-8959df5ed1cc|rpc:10.1.0.18:36043|priority:0, a8ebbba9-0f49-4666-952c-6956f6fecf4e|rpc:10.1.0.18:35309|priority:1], old=null
2022-05-26 01:45:10,390 [grpc-default-executor-0] INFO  server.RaftServer$Division (RaftServerImpl.java:requestVote(1152)) - a8ebbba9-0f49-4666-952c-6956f6fecf4e@group-2BEC6B05E71E: receive requestVote(ELECTION, edbf8a14-b096-4dc8-9781-888c2152b3d5, group-2BEC6B05E71E, 2, (t:0, i:0))
2022-05-26 01:45:10,391 [grpc-default-executor-0] INFO  impl.VoteContext (VoteContext.java:log(48)) - a8ebbba9-0f49-4666-952c-6956f6fecf4e@group-2BEC6B05E71E-FOLLOWER: reject ELECTION from edbf8a14-b096-4dc8-9781-888c2152b3d5: our priority 1 > candidate's priority 0
2022-05-26 01:45:10,391 [grpc-default-executor-0] INFO  server.RaftServer$Division (RaftServerImpl.java:setRole(299)) - a8ebbba9-0f49-4666-952c-6956f6fecf4e@group-2BEC6B05E71E: changes role from  FOLLOWER to FOLLOWER at term 2 for candidate:edbf8a14-b096-4dc8-9781-888c2152b3d5
2022-05-26 01:45:10,391 [grpc-default-executor-0] INFO  impl.RoleInfo (RoleInfo.java:shutdownFollowerState(110)) - a8ebbba9-0f49-4666-952c-6956f6fecf4e: shutdown a8ebbba9-0f49-4666-952c-6956f6fecf4e@group-2BEC6B05E71E-FollowerState
2022-05-26 01:45:10,391 [grpc-default-executor-0] INFO  impl.RoleInfo (RoleInfo.java:updateAndGet(139)) - a8ebbba9-0f49-4666-952c-6956f6fecf4e: start a8ebbba9-0f49-4666-952c-6956f6fecf4e@group-2BEC6B05E71E-FollowerState
2022-05-26 01:45:10,391 [a8ebbba9-0f49-4666-952c-6956f6fecf4e@group-2BEC6B05E71E-FollowerState] INFO  impl.FollowerState (FollowerState.java:run(152)) - a8ebbba9-0f49-4666-952c-6956f6fecf4e@group-2BEC6B05E71E-FollowerState was interrupted
2022-05-26 01:45:10,393 [grpc-default-executor-0] INFO  server.RaftServer$Division (RaftServerImpl.java:requestVote(1184)) - a8ebbba9-0f49-4666-952c-6956f6fecf4e@group-2BEC6B05E71E replies to ELECTION vote request: edbf8a14-b096-4dc8-9781-888c2152b3d5<-a8ebbba9-0f49-4666-952c-6956f6fecf4e#0:FAIL-t2. Peer's state: a8ebbba9-0f49-4666-952c-6956f6fecf4e@group-2BEC6B05E71E:t2, leader=null, voted=null, raftlog=a8ebbba9-0f49-4666-952c-6956f6fecf4e@group-2BEC6B05E71E-SegmentedRaftLog:OPENED:c-1, conf=-1: [edbf8a14-b096-4dc8-9781-888c2152b3d5|rpc:10.1.0.18:41319|dataStream:|priority:0, 0cf574f5-d1b5-41cb-a7af-8959df5ed1cc|rpc:10.1.0.18:36043|dataStream:|priority:0, a8ebbba9-0f49-4666-952c-6956f6fecf4e|rpc:10.1.0.18:35309|dataStream:|priority:1], old=null
2022-05-26 01:45:10,409 [edbf8a14-b096-4dc8-9781-888c2152b3d5@group-2BEC6B05E71E-LeaderElection45] INFO  impl.LeaderElection (LeaderElection.java:logAndReturn(90)) - edbf8a14-b096-4dc8-9781-888c2152b3d5@group-2BEC6B05E71E-LeaderElection45: ELECTION REJECTED received 1 response(s) and 0 exception(s):
2022-05-26 01:45:10,409 [edbf8a14-b096-4dc8-9781-888c2152b3d5@group-2BEC6B05E71E-LeaderElection45] INFO  impl.LeaderElection (LeaderElection.java:logAndReturn(94)) -   Response 0: edbf8a14-b096-4dc8-9781-888c2152b3d5<-a8ebbba9-0f49-4666-952c-6956f6fecf4e#0:FAIL-t2
2022-05-26 01:45:10,409 [edbf8a14-b096-4dc8-9781-888c2152b3d5@group-2BEC6B05E71E-LeaderElection45] INFO  impl.LeaderElection (LeaderElection.java:askForVotes(312)) - edbf8a14-b096-4dc8-9781-888c2152b3d5@group-2BEC6B05E71E-LeaderElection45 ELECTION round 0: result REJECTED
2022-05-26 01:45:10,409 [edbf8a14-b096-4dc8-9781-888c2152b3d5@group-2BEC6B05E71E-LeaderElection45] INFO  server.RaftServer$Division (RaftServerImpl.java:setRole(299)) - edbf8a14-b096-4dc8-9781-888c2152b3d5@group-2BEC6B05E71E: changes role from CANDIDATE to FOLLOWER at term 2 for REJECTED
2022-05-26 01:45:10,409 [edbf8a14-b096-4dc8-9781-888c2152b3d5@group-2BEC6B05E71E-LeaderElection45] INFO  impl.RoleInfo (RoleInfo.java:shutdownLeaderElection(130)) - edbf8a14-b096-4dc8-9781-888c2152b3d5: shutdown edbf8a14-b096-4dc8-9781-888c2152b3d5@group-2BEC6B05E71E-LeaderElection45
2022-05-26 01:45:10,409 [edbf8a14-b096-4dc8-9781-888c2152b3d5@group-2BEC6B05E71E-LeaderElection45] INFO  impl.RoleInfo (RoleInfo.java:updateAndGet(139)) - edbf8a14-b096-4dc8-9781-888c2152b3d5: start edbf8a14-b096-4dc8-9781-888c2152b3d5@group-2BEC6B05E71E-FollowerState
2022-05-26 01:45:10,432 [0cf574f5-d1b5-41cb-a7af-8959df5ed1cc@group-2BEC6B05E71E-FollowerState] INFO  impl.FollowerState (FollowerState.java:run(143)) - 0cf574f5-d1b5-41cb-a7af-8959df5ed1cc@group-2BEC6B05E71E-FollowerState: change to CANDIDATE, lastRpcElapsedTime:5152505266ns, electionTimeout:5128ms
2022-05-26 01:45:10,433 [0cf574f5-d1b5-41cb-a7af-8959df5ed1cc@group-2BEC6B05E71E-FollowerState] INFO  impl.RoleInfo (RoleInfo.java:shutdownFollowerState(110)) - 0cf574f5-d1b5-41cb-a7af-8959df5ed1cc: shutdown 0cf574f5-d1b5-41cb-a7af-8959df5ed1cc@group-2BEC6B05E71E-FollowerState
2022-05-26 01:45:10,433 [0cf574f5-d1b5-41cb-a7af-8959df5ed1cc@group-2BEC6B05E71E-FollowerState] INFO  server.RaftServer$Division (RaftServerImpl.java:setRole(299)) - 0cf574f5-d1b5-41cb-a7af-8959df5ed1cc@group-2BEC6B05E71E: changes role from  FOLLOWER to CANDIDATE at term 1 for changeToCandidate
2022-05-26 01:45:10,433 [0cf574f5-d1b5-41cb-a7af-8959df5ed1cc@group-2BEC6B05E71E-FollowerState] INFO  server.RaftServerConfigKeys (ConfUtils.java:logGet(46)) - raft.server.leaderelection.pre-vote = false (custom)
2022-05-26 01:45:10,433 [0cf574f5-d1b5-41cb-a7af-8959df5ed1cc@group-2BEC6B05E71E-FollowerState] INFO  impl.RoleInfo (RoleInfo.java:updateAndGet(139)) - 0cf574f5-d1b5-41cb-a7af-8959df5ed1cc: start 0cf574f5-d1b5-41cb-a7af-8959df5ed1cc@group-2BEC6B05E71E-LeaderElection46
2022-05-26 01:45:10,467 [grpc-default-executor-0] INFO  server.RaftServer$Division (RaftServerImpl.java:requestVote(1152)) - 0cf574f5-d1b5-41cb-a7af-8959df5ed1cc@group-2BEC6B05E71E: receive requestVote(ELECTION, edbf8a14-b096-4dc8-9781-888c2152b3d5, group-2BEC6B05E71E, 2, (t:0, i:0))
2022-05-26 01:45:10,467 [grpc-default-executor-0] INFO  impl.VoteContext (VoteContext.java:log(48)) - 0cf574f5-d1b5-41cb-a7af-8959df5ed1cc@group-2BEC6B05E71E-CANDIDATE: accept ELECTION from edbf8a14-b096-4dc8-9781-888c2152b3d5: our priority 0 <= candidate's priority 0
2022-05-26 01:45:10,467 [grpc-default-executor-0] INFO  server.RaftServer$Division (RaftServerImpl.java:setRole(299)) - 0cf574f5-d1b5-41cb-a7af-8959df5ed1cc@group-2BEC6B05E71E: changes role from CANDIDATE to FOLLOWER at term 2 for candidate:edbf8a14-b096-4dc8-9781-888c2152b3d5
2022-05-26 01:45:10,467 [grpc-default-executor-0] INFO  impl.RoleInfo (RoleInfo.java:shutdownLeaderElection(130)) - 0cf574f5-d1b5-41cb-a7af-8959df5ed1cc: shutdown 0cf574f5-d1b5-41cb-a7af-8959df5ed1cc@group-2BEC6B05E71E-LeaderElection46
2022-05-26 01:45:10,467 [grpc-default-executor-0] INFO  impl.RoleInfo (RoleInfo.java:updateAndGet(139)) - 0cf574f5-d1b5-41cb-a7af-8959df5ed1cc: start 0cf574f5-d1b5-41cb-a7af-8959df5ed1cc@group-2BEC6B05E71E-FollowerState
2022-05-26 01:45:10,496 [0cf574f5-d1b5-41cb-a7af-8959df5ed1cc@group-2BEC6B05E71E-LeaderElection46] INFO  impl.LeaderElection (LeaderElection.java:run(231)) - 0cf574f5-d1b5-41cb-a7af-8959df5ed1cc@group-2BEC6B05E71E-LeaderElection46: skip running since this is already CLOSING
2022-05-26 01:45:10,497 [grpc-default-executor-0] INFO  server.RaftServer$Division (RaftServerImpl.java:requestVote(1184)) - 0cf574f5-d1b5-41cb-a7af-8959df5ed1cc@group-2BEC6B05E71E replies to ELECTION vote request: edbf8a14-b096-4dc8-9781-888c2152b3d5<-0cf574f5-d1b5-41cb-a7af-8959df5ed1cc#0:OK-t2. Peer's state: 0cf574f5-d1b5-41cb-a7af-8959df5ed1cc@group-2BEC6B05E71E:t2, leader=null, voted=edbf8a14-b096-4dc8-9781-888c2152b3d5, raftlog=0cf574f5-d1b5-41cb-a7af-8959df5ed1cc@group-2BEC6B05E71E-SegmentedRaftLog:OPENED:c-1, conf=-1: [edbf8a14-b096-4dc8-9781-888c2152b3d5|rpc:10.1.0.18:41319|dataStream:|priority:0, 0cf574f5-d1b5-41cb-a7af-8959df5ed1cc|rpc:10.1.0.18:36043|dataStream:|priority:0, a8ebbba9-0f49-4666-952c-6956f6fecf4e|rpc:10.1.0.18:35309|dataStream:|priority:1], old=null
2022-05-26 01:45:10,624 [Listener at 127.0.0.1/36169] INFO  ozone.MiniOzoneClusterImpl (MiniOzoneClusterImpl.java:lambda$waitForClusterToBeReady$0(221)) - Nodes are ready. Got 3 of 3 DN Heartbeats.
2022-05-26 01:45:10,625 [Listener at 127.0.0.1/36169] INFO  ozone.MiniOzoneClusterImpl (MiniOzoneClusterImpl.java:lambda$waitForClusterToBeReady$0(224)) - Waiting for cluster to exit safe mode
2022-05-26 01:45:10,625 [Listener at 127.0.0.1/36169] INFO  ozone.MiniOzoneClusterImpl (MiniOzoneClusterImpl.java:lambda$waitForClusterToBeReady$0(226)) - SCM became leader
2022-05-26 01:45:10,865 [edbf8a14-b096-4dc8-9781-888c2152b3d5@group-D76EC0C11FCE-FollowerState] INFO  impl.FollowerState (FollowerState.java:run(143)) - edbf8a14-b096-4dc8-9781-888c2152b3d5@group-D76EC0C11FCE-FollowerState: change to CANDIDATE, lastRpcElapsedTime:5031103532ns, electionTimeout:5029ms
2022-05-26 01:45:10,866 [edbf8a14-b096-4dc8-9781-888c2152b3d5@group-D76EC0C11FCE-FollowerState] INFO  impl.RoleInfo (RoleInfo.java:shutdownFollowerState(110)) - edbf8a14-b096-4dc8-9781-888c2152b3d5: shutdown edbf8a14-b096-4dc8-9781-888c2152b3d5@group-D76EC0C11FCE-FollowerState
2022-05-26 01:45:10,866 [edbf8a14-b096-4dc8-9781-888c2152b3d5@group-D76EC0C11FCE-FollowerState] INFO  server.RaftServer$Division (RaftServerImpl.java:setRole(299)) - edbf8a14-b096-4dc8-9781-888c2152b3d5@group-D76EC0C11FCE: changes role from  FOLLOWER to CANDIDATE at term 1 for changeToCandidate
2022-05-26 01:45:10,867 [edbf8a14-b096-4dc8-9781-888c2152b3d5@group-D76EC0C11FCE-FollowerState] INFO  server.RaftServerConfigKeys (ConfUtils.java:logGet(46)) - raft.server.leaderelection.pre-vote = false (custom)
2022-05-26 01:45:10,867 [edbf8a14-b096-4dc8-9781-888c2152b3d5@group-D76EC0C11FCE-FollowerState] INFO  impl.RoleInfo (RoleInfo.java:updateAndGet(139)) - edbf8a14-b096-4dc8-9781-888c2152b3d5: start edbf8a14-b096-4dc8-9781-888c2152b3d5@group-D76EC0C11FCE-LeaderElection47
2022-05-26 01:45:10,901 [edbf8a14-b096-4dc8-9781-888c2152b3d5@group-D76EC0C11FCE-LeaderElection47] INFO  impl.LeaderElection (LeaderElection.java:askForVotes(310)) - edbf8a14-b096-4dc8-9781-888c2152b3d5@group-D76EC0C11FCE-LeaderElection47 ELECTION round 0: submit vote requests at term 2 for -1: [edbf8a14-b096-4dc8-9781-888c2152b3d5|rpc:10.1.0.18:41319|priority:0, 0cf574f5-d1b5-41cb-a7af-8959df5ed1cc|rpc:10.1.0.18:36043|priority:1, a8ebbba9-0f49-4666-952c-6956f6fecf4e|rpc:10.1.0.18:35309|priority:0], old=null
2022-05-26 01:45:10,905 [grpc-default-executor-0] INFO  server.RaftServer$Division (RaftServerImpl.java:requestVote(1152)) - 0cf574f5-d1b5-41cb-a7af-8959df5ed1cc@group-D76EC0C11FCE: receive requestVote(ELECTION, edbf8a14-b096-4dc8-9781-888c2152b3d5, group-D76EC0C11FCE, 2, (t:0, i:0))
2022-05-26 01:45:10,905 [grpc-default-executor-0] INFO  impl.VoteContext (VoteContext.java:log(48)) - 0cf574f5-d1b5-41cb-a7af-8959df5ed1cc@group-D76EC0C11FCE-FOLLOWER: reject ELECTION from edbf8a14-b096-4dc8-9781-888c2152b3d5: our priority 1 > candidate's priority 0
2022-05-26 01:45:10,905 [grpc-default-executor-0] INFO  server.RaftServer$Division (RaftServerImpl.java:setRole(299)) - 0cf574f5-d1b5-41cb-a7af-8959df5ed1cc@group-D76EC0C11FCE: changes role from  FOLLOWER to FOLLOWER at term 2 for candidate:edbf8a14-b096-4dc8-9781-888c2152b3d5
2022-05-26 01:45:10,905 [grpc-default-executor-0] INFO  impl.RoleInfo (RoleInfo.java:shutdownFollowerState(110)) - 0cf574f5-d1b5-41cb-a7af-8959df5ed1cc: shutdown 0cf574f5-d1b5-41cb-a7af-8959df5ed1cc@group-D76EC0C11FCE-FollowerState
2022-05-26 01:45:10,905 [grpc-default-executor-0] INFO  impl.RoleInfo (RoleInfo.java:updateAndGet(139)) - 0cf574f5-d1b5-41cb-a7af-8959df5ed1cc: start 0cf574f5-d1b5-41cb-a7af-8959df5ed1cc@group-D76EC0C11FCE-FollowerState
2022-05-26 01:45:10,905 [a8ebbba9-0f49-4666-952c-6956f6fecf4e@group-D76EC0C11FCE-FollowerState] INFO  impl.FollowerState (FollowerState.java:run(143)) - a8ebbba9-0f49-4666-952c-6956f6fecf4e@group-D76EC0C11FCE-FollowerState: change to CANDIDATE, lastRpcElapsedTime:5112628094ns, electionTimeout:5049ms
2022-05-26 01:45:10,905 [a8ebbba9-0f49-4666-952c-6956f6fecf4e@group-D76EC0C11FCE-FollowerState] INFO  impl.RoleInfo (RoleInfo.java:shutdownFollowerState(110)) - a8ebbba9-0f49-4666-952c-6956f6fecf4e: shutdown a8ebbba9-0f49-4666-952c-6956f6fecf4e@group-D76EC0C11FCE-FollowerState
2022-05-26 01:45:10,905 [a8ebbba9-0f49-4666-952c-6956f6fecf4e@group-D76EC0C11FCE-FollowerState] INFO  server.RaftServer$Division (RaftServerImpl.java:setRole(299)) - a8ebbba9-0f49-4666-952c-6956f6fecf4e@group-D76EC0C11FCE: changes role from  FOLLOWER to CANDIDATE at term 1 for changeToCandidate
2022-05-26 01:45:10,912 [0cf574f5-d1b5-41cb-a7af-8959df5ed1cc@group-D76EC0C11FCE-FollowerState] INFO  impl.FollowerState (FollowerState.java:run(152)) - 0cf574f5-d1b5-41cb-a7af-8959df5ed1cc@group-D76EC0C11FCE-FollowerState was interrupted
2022-05-26 01:45:10,921 [grpc-default-executor-0] INFO  server.RaftServer$Division (RaftServerImpl.java:requestVote(1184)) - 0cf574f5-d1b5-41cb-a7af-8959df5ed1cc@group-D76EC0C11FCE replies to ELECTION vote request: edbf8a14-b096-4dc8-9781-888c2152b3d5<-0cf574f5-d1b5-41cb-a7af-8959df5ed1cc#0:FAIL-t2. Peer's state: 0cf574f5-d1b5-41cb-a7af-8959df5ed1cc@group-D76EC0C11FCE:t2, leader=null, voted=null, raftlog=0cf574f5-d1b5-41cb-a7af-8959df5ed1cc@group-D76EC0C11FCE-SegmentedRaftLog:OPENED:c-1, conf=-1: [edbf8a14-b096-4dc8-9781-888c2152b3d5|rpc:10.1.0.18:41319|dataStream:|priority:0, 0cf574f5-d1b5-41cb-a7af-8959df5ed1cc|rpc:10.1.0.18:36043|dataStream:|priority:1, a8ebbba9-0f49-4666-952c-6956f6fecf4e|rpc:10.1.0.18:35309|dataStream:|priority:0], old=null
2022-05-26 01:45:10,925 [edbf8a14-b096-4dc8-9781-888c2152b3d5@group-D76EC0C11FCE-LeaderElection47] INFO  impl.LeaderElection (LeaderElection.java:logAndReturn(90)) - edbf8a14-b096-4dc8-9781-888c2152b3d5@group-D76EC0C11FCE-LeaderElection47: ELECTION REJECTED received 1 response(s) and 0 exception(s):
2022-05-26 01:45:10,925 [edbf8a14-b096-4dc8-9781-888c2152b3d5@group-D76EC0C11FCE-LeaderElection47] INFO  impl.LeaderElection (LeaderElection.java:logAndReturn(94)) -   Response 0: edbf8a14-b096-4dc8-9781-888c2152b3d5<-0cf574f5-d1b5-41cb-a7af-8959df5ed1cc#0:FAIL-t2
2022-05-26 01:45:10,925 [edbf8a14-b096-4dc8-9781-888c2152b3d5@group-D76EC0C11FCE-LeaderElection47] INFO  impl.LeaderElection (LeaderElection.java:askForVotes(312)) - edbf8a14-b096-4dc8-9781-888c2152b3d5@group-D76EC0C11FCE-LeaderElection47 ELECTION round 0: result REJECTED
2022-05-26 01:45:10,925 [edbf8a14-b096-4dc8-9781-888c2152b3d5@group-D76EC0C11FCE-LeaderElection47] INFO  server.RaftServer$Division (RaftServerImpl.java:setRole(299)) - edbf8a14-b096-4dc8-9781-888c2152b3d5@group-D76EC0C11FCE: changes role from CANDIDATE to FOLLOWER at term 2 for REJECTED
2022-05-26 01:45:10,925 [edbf8a14-b096-4dc8-9781-888c2152b3d5@group-D76EC0C11FCE-LeaderElection47] INFO  impl.RoleInfo (RoleInfo.java:shutdownLeaderElection(130)) - edbf8a14-b096-4dc8-9781-888c2152b3d5: shutdown edbf8a14-b096-4dc8-9781-888c2152b3d5@group-D76EC0C11FCE-LeaderElection47
2022-05-26 01:45:10,925 [edbf8a14-b096-4dc8-9781-888c2152b3d5@group-D76EC0C11FCE-LeaderElection47] INFO  impl.RoleInfo (RoleInfo.java:updateAndGet(139)) - edbf8a14-b096-4dc8-9781-888c2152b3d5: start edbf8a14-b096-4dc8-9781-888c2152b3d5@group-D76EC0C11FCE-FollowerState
2022-05-26 01:45:10,944 [a8ebbba9-0f49-4666-952c-6956f6fecf4e@group-D76EC0C11FCE-FollowerState] INFO  server.RaftServerConfigKeys (ConfUtils.java:logGet(46)) - raft.server.leaderelection.pre-vote = false (custom)
2022-05-26 01:45:10,952 [a8ebbba9-0f49-4666-952c-6956f6fecf4e@group-D76EC0C11FCE-FollowerState] INFO  impl.RoleInfo (RoleInfo.java:updateAndGet(139)) - a8ebbba9-0f49-4666-952c-6956f6fecf4e: start a8ebbba9-0f49-4666-952c-6956f6fecf4e@group-D76EC0C11FCE-LeaderElection48
2022-05-26 01:45:10,976 [grpc-default-executor-0] INFO  server.RaftServer$Division (RaftServerImpl.java:requestVote(1152)) - a8ebbba9-0f49-4666-952c-6956f6fecf4e@group-D76EC0C11FCE: receive requestVote(ELECTION, edbf8a14-b096-4dc8-9781-888c2152b3d5, group-D76EC0C11FCE, 2, (t:0, i:0))
2022-05-26 01:45:10,976 [grpc-default-executor-0] INFO  impl.VoteContext (VoteContext.java:log(48)) - a8ebbba9-0f49-4666-952c-6956f6fecf4e@group-D76EC0C11FCE-CANDIDATE: accept ELECTION from edbf8a14-b096-4dc8-9781-888c2152b3d5: our priority 0 <= candidate's priority 0
2022-05-26 01:45:10,976 [grpc-default-executor-0] INFO  server.RaftServer$Division (RaftServerImpl.java:setRole(299)) - a8ebbba9-0f49-4666-952c-6956f6fecf4e@group-D76EC0C11FCE: changes role from CANDIDATE to FOLLOWER at term 2 for candidate:edbf8a14-b096-4dc8-9781-888c2152b3d5
2022-05-26 01:45:10,976 [grpc-default-executor-0] INFO  impl.RoleInfo (RoleInfo.java:shutdownLeaderElection(130)) - a8ebbba9-0f49-4666-952c-6956f6fecf4e: shutdown a8ebbba9-0f49-4666-952c-6956f6fecf4e@group-D76EC0C11FCE-LeaderElection48
2022-05-26 01:45:10,976 [grpc-default-executor-0] INFO  impl.RoleInfo (RoleInfo.java:updateAndGet(139)) - a8ebbba9-0f49-4666-952c-6956f6fecf4e: start a8ebbba9-0f49-4666-952c-6956f6fecf4e@group-D76EC0C11FCE-FollowerState
2022-05-26 01:45:10,978 [grpc-default-executor-0] INFO  server.RaftServer$Division (RaftServerImpl.java:requestVote(1184)) - a8ebbba9-0f49-4666-952c-6956f6fecf4e@group-D76EC0C11FCE replies to ELECTION vote request: edbf8a14-b096-4dc8-9781-888c2152b3d5<-a8ebbba9-0f49-4666-952c-6956f6fecf4e#0:OK-t2. Peer's state: a8ebbba9-0f49-4666-952c-6956f6fecf4e@group-D76EC0C11FCE:t2, leader=null, voted=edbf8a14-b096-4dc8-9781-888c2152b3d5, raftlog=a8ebbba9-0f49-4666-952c-6956f6fecf4e@group-D76EC0C11FCE-SegmentedRaftLog:OPENED:c-1, conf=-1: [edbf8a14-b096-4dc8-9781-888c2152b3d5|rpc:10.1.0.18:41319|priority:0, 0cf574f5-d1b5-41cb-a7af-8959df5ed1cc|rpc:10.1.0.18:36043|priority:1, a8ebbba9-0f49-4666-952c-6956f6fecf4e|rpc:10.1.0.18:35309|priority:0], old=null
2022-05-26 01:45:10,985 [a8ebbba9-0f49-4666-952c-6956f6fecf4e@group-D76EC0C11FCE-LeaderElection48] INFO  impl.LeaderElection (LeaderElection.java:run(231)) - a8ebbba9-0f49-4666-952c-6956f6fecf4e@group-D76EC0C11FCE-LeaderElection48: skip running since this is already CLOSING
2022-05-26 01:45:11,625 [Listener at 127.0.0.1/36169] INFO  ozone.MiniOzoneClusterImpl (MiniOzoneClusterImpl.java:lambda$waitForClusterToBeReady$0(221)) - Nodes are ready. Got 3 of 3 DN Heartbeats.
2022-05-26 01:45:11,626 [Listener at 127.0.0.1/36169] INFO  ozone.MiniOzoneClusterImpl (MiniOzoneClusterImpl.java:lambda$waitForClusterToBeReady$0(224)) - Waiting for cluster to exit safe mode
2022-05-26 01:45:11,626 [Listener at 127.0.0.1/36169] INFO  ozone.MiniOzoneClusterImpl (MiniOzoneClusterImpl.java:lambda$waitForClusterToBeReady$0(226)) - SCM became leader
2022-05-26 01:45:12,627 [Listener at 127.0.0.1/36169] INFO  ozone.MiniOzoneClusterImpl (MiniOzoneClusterImpl.java:lambda$waitForClusterToBeReady$0(221)) - Nodes are ready. Got 3 of 3 DN Heartbeats.
2022-05-26 01:45:12,627 [Listener at 127.0.0.1/36169] INFO  ozone.MiniOzoneClusterImpl (MiniOzoneClusterImpl.java:lambda$waitForClusterToBeReady$0(224)) - Waiting for cluster to exit safe mode
2022-05-26 01:45:12,627 [Listener at 127.0.0.1/36169] INFO  ozone.MiniOzoneClusterImpl (MiniOzoneClusterImpl.java:lambda$waitForClusterToBeReady$0(226)) - SCM became leader
2022-05-26 01:45:13,627 [Listener at 127.0.0.1/36169] INFO  ozone.MiniOzoneClusterImpl (MiniOzoneClusterImpl.java:lambda$waitForClusterToBeReady$0(221)) - Nodes are ready. Got 3 of 3 DN Heartbeats.
2022-05-26 01:45:13,628 [Listener at 127.0.0.1/36169] INFO  ozone.MiniOzoneClusterImpl (MiniOzoneClusterImpl.java:lambda$waitForClusterToBeReady$0(224)) - Waiting for cluster to exit safe mode
2022-05-26 01:45:13,628 [Listener at 127.0.0.1/36169] INFO  ozone.MiniOzoneClusterImpl (MiniOzoneClusterImpl.java:lambda$waitForClusterToBeReady$0(226)) - SCM became leader
2022-05-26 01:45:14,628 [Listener at 127.0.0.1/36169] INFO  ozone.MiniOzoneClusterImpl (MiniOzoneClusterImpl.java:lambda$waitForClusterToBeReady$0(221)) - Nodes are ready. Got 3 of 3 DN Heartbeats.
2022-05-26 01:45:14,628 [Listener at 127.0.0.1/36169] INFO  ozone.MiniOzoneClusterImpl (MiniOzoneClusterImpl.java:lambda$waitForClusterToBeReady$0(224)) - Waiting for cluster to exit safe mode
2022-05-26 01:45:14,628 [Listener at 127.0.0.1/36169] INFO  ozone.MiniOzoneClusterImpl (MiniOzoneClusterImpl.java:lambda$waitForClusterToBeReady$0(226)) - SCM became leader
2022-05-26 01:45:15,563 [a8ebbba9-0f49-4666-952c-6956f6fecf4e@group-2BEC6B05E71E-FollowerState] INFO  impl.FollowerState (FollowerState.java:run(143)) - a8ebbba9-0f49-4666-952c-6956f6fecf4e@group-2BEC6B05E71E-FollowerState: change to CANDIDATE, lastRpcElapsedTime:5171583200ns, electionTimeout:5167ms
2022-05-26 01:45:15,563 [a8ebbba9-0f49-4666-952c-6956f6fecf4e@group-2BEC6B05E71E-FollowerState] INFO  impl.RoleInfo (RoleInfo.java:shutdownFollowerState(110)) - a8ebbba9-0f49-4666-952c-6956f6fecf4e: shutdown a8ebbba9-0f49-4666-952c-6956f6fecf4e@group-2BEC6B05E71E-FollowerState
2022-05-26 01:45:15,563 [a8ebbba9-0f49-4666-952c-6956f6fecf4e@group-2BEC6B05E71E-FollowerState] INFO  server.RaftServer$Division (RaftServerImpl.java:setRole(299)) - a8ebbba9-0f49-4666-952c-6956f6fecf4e@group-2BEC6B05E71E: changes role from  FOLLOWER to CANDIDATE at term 2 for changeToCandidate
2022-05-26 01:45:15,563 [a8ebbba9-0f49-4666-952c-6956f6fecf4e@group-2BEC6B05E71E-FollowerState] INFO  server.RaftServerConfigKeys (ConfUtils.java:logGet(46)) - raft.server.leaderelection.pre-vote = false (custom)
2022-05-26 01:45:15,563 [a8ebbba9-0f49-4666-952c-6956f6fecf4e@group-2BEC6B05E71E-FollowerState] INFO  impl.RoleInfo (RoleInfo.java:updateAndGet(139)) - a8ebbba9-0f49-4666-952c-6956f6fecf4e: start a8ebbba9-0f49-4666-952c-6956f6fecf4e@group-2BEC6B05E71E-LeaderElection49
2022-05-26 01:45:15,572 [edbf8a14-b096-4dc8-9781-888c2152b3d5@group-2BEC6B05E71E-FollowerState] INFO  impl.FollowerState (FollowerState.java:run(143)) - edbf8a14-b096-4dc8-9781-888c2152b3d5@group-2BEC6B05E71E-FollowerState: change to CANDIDATE, lastRpcElapsedTime:5162699874ns, electionTimeout:5143ms
2022-05-26 01:45:15,572 [edbf8a14-b096-4dc8-9781-888c2152b3d5@group-2BEC6B05E71E-FollowerState] INFO  impl.RoleInfo (RoleInfo.java:shutdownFollowerState(110)) - edbf8a14-b096-4dc8-9781-888c2152b3d5: shutdown edbf8a14-b096-4dc8-9781-888c2152b3d5@group-2BEC6B05E71E-FollowerState
2022-05-26 01:45:15,572 [edbf8a14-b096-4dc8-9781-888c2152b3d5@group-2BEC6B05E71E-FollowerState] INFO  server.RaftServer$Division (RaftServerImpl.java:setRole(299)) - edbf8a14-b096-4dc8-9781-888c2152b3d5@group-2BEC6B05E71E: changes role from  FOLLOWER to CANDIDATE at term 2 for changeToCandidate
2022-05-26 01:45:15,572 [edbf8a14-b096-4dc8-9781-888c2152b3d5@group-2BEC6B05E71E-FollowerState] INFO  server.RaftServerConfigKeys (ConfUtils.java:logGet(46)) - raft.server.leaderelection.pre-vote = false (custom)
2022-05-26 01:45:15,572 [edbf8a14-b096-4dc8-9781-888c2152b3d5@group-2BEC6B05E71E-FollowerState] INFO  impl.RoleInfo (RoleInfo.java:updateAndGet(139)) - edbf8a14-b096-4dc8-9781-888c2152b3d5: start edbf8a14-b096-4dc8-9781-888c2152b3d5@group-2BEC6B05E71E-LeaderElection50
2022-05-26 01:45:15,584 [a8ebbba9-0f49-4666-952c-6956f6fecf4e@group-2BEC6B05E71E-LeaderElection49] INFO  impl.LeaderElection (LeaderElection.java:askForVotes(310)) - a8ebbba9-0f49-4666-952c-6956f6fecf4e@group-2BEC6B05E71E-LeaderElection49 ELECTION round 0: submit vote requests at term 3 for -1: [edbf8a14-b096-4dc8-9781-888c2152b3d5|rpc:10.1.0.18:41319|dataStream:|priority:0, 0cf574f5-d1b5-41cb-a7af-8959df5ed1cc|rpc:10.1.0.18:36043|dataStream:|priority:0, a8ebbba9-0f49-4666-952c-6956f6fecf4e|rpc:10.1.0.18:35309|dataStream:|priority:1], old=null
2022-05-26 01:45:15,601 [edbf8a14-b096-4dc8-9781-888c2152b3d5@group-2BEC6B05E71E-LeaderElection50] INFO  impl.LeaderElection (LeaderElection.java:askForVotes(310)) - edbf8a14-b096-4dc8-9781-888c2152b3d5@group-2BEC6B05E71E-LeaderElection50 ELECTION round 0: submit vote requests at term 3 for -1: [edbf8a14-b096-4dc8-9781-888c2152b3d5|rpc:10.1.0.18:41319|priority:0, 0cf574f5-d1b5-41cb-a7af-8959df5ed1cc|rpc:10.1.0.18:36043|priority:0, a8ebbba9-0f49-4666-952c-6956f6fecf4e|rpc:10.1.0.18:35309|priority:1], old=null
2022-05-26 01:45:15,611 [0cf574f5-d1b5-41cb-a7af-8959df5ed1cc@group-2BEC6B05E71E-FollowerState] INFO  impl.FollowerState (FollowerState.java:run(143)) - 0cf574f5-d1b5-41cb-a7af-8959df5ed1cc@group-2BEC6B05E71E-FollowerState: change to CANDIDATE, lastRpcElapsedTime:5113933378ns, electionTimeout:5108ms
2022-05-26 01:45:15,613 [0cf574f5-d1b5-41cb-a7af-8959df5ed1cc@group-2BEC6B05E71E-FollowerState] INFO  impl.RoleInfo (RoleInfo.java:shutdownFollowerState(110)) - 0cf574f5-d1b5-41cb-a7af-8959df5ed1cc: shutdown 0cf574f5-d1b5-41cb-a7af-8959df5ed1cc@group-2BEC6B05E71E-FollowerState
2022-05-26 01:45:15,613 [0cf574f5-d1b5-41cb-a7af-8959df5ed1cc@group-2BEC6B05E71E-FollowerState] INFO  server.RaftServer$Division (RaftServerImpl.java:setRole(299)) - 0cf574f5-d1b5-41cb-a7af-8959df5ed1cc@group-2BEC6B05E71E: changes role from  FOLLOWER to CANDIDATE at term 2 for changeToCandidate
2022-05-26 01:45:15,613 [grpc-default-executor-0] INFO  server.RaftServer$Division (RaftServerImpl.java:requestVote(1152)) - 0cf574f5-d1b5-41cb-a7af-8959df5ed1cc@group-2BEC6B05E71E: receive requestVote(ELECTION, edbf8a14-b096-4dc8-9781-888c2152b3d5, group-2BEC6B05E71E, 3, (t:0, i:0))
2022-05-26 01:45:15,613 [0cf574f5-d1b5-41cb-a7af-8959df5ed1cc@group-2BEC6B05E71E-FollowerState] INFO  server.RaftServerConfigKeys (ConfUtils.java:logGet(46)) - raft.server.leaderelection.pre-vote = false (custom)
2022-05-26 01:45:15,613 [0cf574f5-d1b5-41cb-a7af-8959df5ed1cc@group-2BEC6B05E71E-FollowerState] INFO  impl.RoleInfo (RoleInfo.java:updateAndGet(139)) - 0cf574f5-d1b5-41cb-a7af-8959df5ed1cc: start 0cf574f5-d1b5-41cb-a7af-8959df5ed1cc@group-2BEC6B05E71E-LeaderElection51
2022-05-26 01:45:15,613 [grpc-default-executor-0] INFO  impl.VoteContext (VoteContext.java:log(48)) - 0cf574f5-d1b5-41cb-a7af-8959df5ed1cc@group-2BEC6B05E71E-CANDIDATE: accept ELECTION from edbf8a14-b096-4dc8-9781-888c2152b3d5: our priority 0 <= candidate's priority 0
2022-05-26 01:45:15,613 [grpc-default-executor-0] INFO  server.RaftServer$Division (RaftServerImpl.java:setRole(299)) - 0cf574f5-d1b5-41cb-a7af-8959df5ed1cc@group-2BEC6B05E71E: changes role from CANDIDATE to FOLLOWER at term 3 for candidate:edbf8a14-b096-4dc8-9781-888c2152b3d5
2022-05-26 01:45:15,613 [grpc-default-executor-0] INFO  impl.RoleInfo (RoleInfo.java:shutdownLeaderElection(130)) - 0cf574f5-d1b5-41cb-a7af-8959df5ed1cc: shutdown 0cf574f5-d1b5-41cb-a7af-8959df5ed1cc@group-2BEC6B05E71E-LeaderElection51
2022-05-26 01:45:15,613 [grpc-default-executor-0] INFO  impl.RoleInfo (RoleInfo.java:updateAndGet(139)) - 0cf574f5-d1b5-41cb-a7af-8959df5ed1cc: start 0cf574f5-d1b5-41cb-a7af-8959df5ed1cc@group-2BEC6B05E71E-FollowerState
2022-05-26 01:45:15,614 [0cf574f5-d1b5-41cb-a7af-8959df5ed1cc@group-2BEC6B05E71E-LeaderElection51] INFO  impl.LeaderElection (LeaderElection.java:run(231)) - 0cf574f5-d1b5-41cb-a7af-8959df5ed1cc@group-2BEC6B05E71E-LeaderElection51: skip running since this is already CLOSING
2022-05-26 01:45:15,616 [grpc-default-executor-0] INFO  server.RaftServer$Division (RaftServerImpl.java:requestVote(1184)) - 0cf574f5-d1b5-41cb-a7af-8959df5ed1cc@group-2BEC6B05E71E replies to ELECTION vote request: edbf8a14-b096-4dc8-9781-888c2152b3d5<-0cf574f5-d1b5-41cb-a7af-8959df5ed1cc#0:OK-t3. Peer's state: 0cf574f5-d1b5-41cb-a7af-8959df5ed1cc@group-2BEC6B05E71E:t3, leader=null, voted=edbf8a14-b096-4dc8-9781-888c2152b3d5, raftlog=0cf574f5-d1b5-41cb-a7af-8959df5ed1cc@group-2BEC6B05E71E-SegmentedRaftLog:OPENED:c-1, conf=-1: [edbf8a14-b096-4dc8-9781-888c2152b3d5|rpc:10.1.0.18:41319|dataStream:|priority:0, 0cf574f5-d1b5-41cb-a7af-8959df5ed1cc|rpc:10.1.0.18:36043|dataStream:|priority:0, a8ebbba9-0f49-4666-952c-6956f6fecf4e|rpc:10.1.0.18:35309|dataStream:|priority:1], old=null
2022-05-26 01:45:15,628 [Listener at 127.0.0.1/36169] INFO  ozone.MiniOzoneClusterImpl (MiniOzoneClusterImpl.java:lambda$waitForClusterToBeReady$0(221)) - Nodes are ready. Got 3 of 3 DN Heartbeats.
2022-05-26 01:45:15,629 [Listener at 127.0.0.1/36169] INFO  ozone.MiniOzoneClusterImpl (MiniOzoneClusterImpl.java:lambda$waitForClusterToBeReady$0(224)) - Waiting for cluster to exit safe mode
2022-05-26 01:45:15,629 [Listener at 127.0.0.1/36169] INFO  ozone.MiniOzoneClusterImpl (MiniOzoneClusterImpl.java:lambda$waitForClusterToBeReady$0(226)) - SCM became leader
2022-05-26 01:45:15,690 [grpc-default-executor-2] INFO  server.RaftServer$Division (RaftServerImpl.java:requestVote(1152)) - edbf8a14-b096-4dc8-9781-888c2152b3d5@group-2BEC6B05E71E: receive requestVote(ELECTION, a8ebbba9-0f49-4666-952c-6956f6fecf4e, group-2BEC6B05E71E, 3, (t:0, i:0))
2022-05-26 01:45:15,691 [grpc-default-executor-2] INFO  impl.VoteContext (VoteContext.java:log(48)) - edbf8a14-b096-4dc8-9781-888c2152b3d5@group-2BEC6B05E71E-CANDIDATE: reject ELECTION from a8ebbba9-0f49-4666-952c-6956f6fecf4e: already has voted for edbf8a14-b096-4dc8-9781-888c2152b3d5 at current term 3
2022-05-26 01:45:15,691 [grpc-default-executor-1] INFO  server.RaftServer$Division (RaftServerImpl.java:requestVote(1152)) - a8ebbba9-0f49-4666-952c-6956f6fecf4e@group-2BEC6B05E71E: receive requestVote(ELECTION, edbf8a14-b096-4dc8-9781-888c2152b3d5, group-2BEC6B05E71E, 3, (t:0, i:0))
2022-05-26 01:45:15,691 [grpc-default-executor-1] INFO  impl.VoteContext (VoteContext.java:log(48)) - a8ebbba9-0f49-4666-952c-6956f6fecf4e@group-2BEC6B05E71E-CANDIDATE: reject ELECTION from edbf8a14-b096-4dc8-9781-888c2152b3d5: already has voted for a8ebbba9-0f49-4666-952c-6956f6fecf4e at current term 3
2022-05-26 01:45:15,691 [grpc-default-executor-1] INFO  server.RaftServer$Division (RaftServerImpl.java:requestVote(1184)) - a8ebbba9-0f49-4666-952c-6956f6fecf4e@group-2BEC6B05E71E replies to ELECTION vote request: edbf8a14-b096-4dc8-9781-888c2152b3d5<-a8ebbba9-0f49-4666-952c-6956f6fecf4e#0:FAIL-t3. Peer's state: a8ebbba9-0f49-4666-952c-6956f6fecf4e@group-2BEC6B05E71E:t3, leader=null, voted=a8ebbba9-0f49-4666-952c-6956f6fecf4e, raftlog=a8ebbba9-0f49-4666-952c-6956f6fecf4e@group-2BEC6B05E71E-SegmentedRaftLog:OPENED:c-1, conf=-1: [edbf8a14-b096-4dc8-9781-888c2152b3d5|rpc:10.1.0.18:41319|dataStream:|priority:0, 0cf574f5-d1b5-41cb-a7af-8959df5ed1cc|rpc:10.1.0.18:36043|dataStream:|priority:0, a8ebbba9-0f49-4666-952c-6956f6fecf4e|rpc:10.1.0.18:35309|dataStream:|priority:1], old=null
2022-05-26 01:45:15,709 [edbf8a14-b096-4dc8-9781-888c2152b3d5@group-2BEC6B05E71E-LeaderElection50] INFO  impl.LeaderElection (LeaderElection.java:logAndReturn(90)) - edbf8a14-b096-4dc8-9781-888c2152b3d5@group-2BEC6B05E71E-LeaderElection50: ELECTION REJECTED received 2 response(s) and 0 exception(s):
2022-05-26 01:45:15,709 [edbf8a14-b096-4dc8-9781-888c2152b3d5@group-2BEC6B05E71E-LeaderElection50] INFO  impl.LeaderElection (LeaderElection.java:logAndReturn(94)) -   Response 0: edbf8a14-b096-4dc8-9781-888c2152b3d5<-0cf574f5-d1b5-41cb-a7af-8959df5ed1cc#0:OK-t3
2022-05-26 01:45:15,709 [edbf8a14-b096-4dc8-9781-888c2152b3d5@group-2BEC6B05E71E-LeaderElection50] INFO  impl.LeaderElection (LeaderElection.java:logAndReturn(94)) -   Response 1: edbf8a14-b096-4dc8-9781-888c2152b3d5<-a8ebbba9-0f49-4666-952c-6956f6fecf4e#0:FAIL-t3
2022-05-26 01:45:15,709 [edbf8a14-b096-4dc8-9781-888c2152b3d5@group-2BEC6B05E71E-LeaderElection50] INFO  impl.LeaderElection (LeaderElection.java:askForVotes(312)) - edbf8a14-b096-4dc8-9781-888c2152b3d5@group-2BEC6B05E71E-LeaderElection50 ELECTION round 0: result REJECTED
2022-05-26 01:45:15,728 [grpc-default-executor-0] INFO  server.RaftServer$Division (RaftServerImpl.java:requestVote(1152)) - 0cf574f5-d1b5-41cb-a7af-8959df5ed1cc@group-2BEC6B05E71E: receive requestVote(ELECTION, a8ebbba9-0f49-4666-952c-6956f6fecf4e, group-2BEC6B05E71E, 3, (t:0, i:0))
2022-05-26 01:45:15,728 [grpc-default-executor-2] INFO  server.RaftServer$Division (RaftServerImpl.java:requestVote(1184)) - edbf8a14-b096-4dc8-9781-888c2152b3d5@group-2BEC6B05E71E replies to ELECTION vote request: a8ebbba9-0f49-4666-952c-6956f6fecf4e<-edbf8a14-b096-4dc8-9781-888c2152b3d5#0:FAIL-t3. Peer's state: edbf8a14-b096-4dc8-9781-888c2152b3d5@group-2BEC6B05E71E:t3, leader=null, voted=edbf8a14-b096-4dc8-9781-888c2152b3d5, raftlog=edbf8a14-b096-4dc8-9781-888c2152b3d5@group-2BEC6B05E71E-SegmentedRaftLog:OPENED:c-1, conf=-1: [edbf8a14-b096-4dc8-9781-888c2152b3d5|rpc:10.1.0.18:41319|priority:0, 0cf574f5-d1b5-41cb-a7af-8959df5ed1cc|rpc:10.1.0.18:36043|priority:0, a8ebbba9-0f49-4666-952c-6956f6fecf4e|rpc:10.1.0.18:35309|priority:1], old=null
2022-05-26 01:45:15,733 [edbf8a14-b096-4dc8-9781-888c2152b3d5@group-2BEC6B05E71E-LeaderElection50] INFO  server.RaftServer$Division (RaftServerImpl.java:setRole(299)) - edbf8a14-b096-4dc8-9781-888c2152b3d5@group-2BEC6B05E71E: changes role from CANDIDATE to FOLLOWER at term 3 for REJECTED
2022-05-26 01:45:15,733 [edbf8a14-b096-4dc8-9781-888c2152b3d5@group-2BEC6B05E71E-LeaderElection50] INFO  impl.RoleInfo (RoleInfo.java:shutdownLeaderElection(130)) - edbf8a14-b096-4dc8-9781-888c2152b3d5: shutdown edbf8a14-b096-4dc8-9781-888c2152b3d5@group-2BEC6B05E71E-LeaderElection50
2022-05-26 01:45:15,733 [edbf8a14-b096-4dc8-9781-888c2152b3d5@group-2BEC6B05E71E-LeaderElection50] INFO  impl.RoleInfo (RoleInfo.java:updateAndGet(139)) - edbf8a14-b096-4dc8-9781-888c2152b3d5: start edbf8a14-b096-4dc8-9781-888c2152b3d5@group-2BEC6B05E71E-FollowerState
2022-05-26 01:45:15,733 [grpc-default-executor-0] INFO  impl.VoteContext (VoteContext.java:log(48)) - 0cf574f5-d1b5-41cb-a7af-8959df5ed1cc@group-2BEC6B05E71E-FOLLOWER: reject ELECTION from a8ebbba9-0f49-4666-952c-6956f6fecf4e: already has voted for edbf8a14-b096-4dc8-9781-888c2152b3d5 at current term 3
2022-05-26 01:45:15,765 [grpc-default-executor-0] INFO  server.RaftServer$Division (RaftServerImpl.java:requestVote(1184)) - 0cf574f5-d1b5-41cb-a7af-8959df5ed1cc@group-2BEC6B05E71E replies to ELECTION vote request: a8ebbba9-0f49-4666-952c-6956f6fecf4e<-0cf574f5-d1b5-41cb-a7af-8959df5ed1cc#0:FAIL-t3. Peer's state: 0cf574f5-d1b5-41cb-a7af-8959df5ed1cc@group-2BEC6B05E71E:t3, leader=null, voted=edbf8a14-b096-4dc8-9781-888c2152b3d5, raftlog=0cf574f5-d1b5-41cb-a7af-8959df5ed1cc@group-2BEC6B05E71E-SegmentedRaftLog:OPENED:c-1, conf=-1: [edbf8a14-b096-4dc8-9781-888c2152b3d5|rpc:10.1.0.18:41319|dataStream:|priority:0, 0cf574f5-d1b5-41cb-a7af-8959df5ed1cc|rpc:10.1.0.18:36043|dataStream:|priority:0, a8ebbba9-0f49-4666-952c-6956f6fecf4e|rpc:10.1.0.18:35309|dataStream:|priority:1], old=null
2022-05-26 01:45:15,771 [a8ebbba9-0f49-4666-952c-6956f6fecf4e@group-2BEC6B05E71E-LeaderElection49] INFO  impl.LeaderElection (LeaderElection.java:logAndReturn(90)) - a8ebbba9-0f49-4666-952c-6956f6fecf4e@group-2BEC6B05E71E-LeaderElection49: ELECTION REJECTED received 2 response(s) and 0 exception(s):
2022-05-26 01:45:15,771 [a8ebbba9-0f49-4666-952c-6956f6fecf4e@group-2BEC6B05E71E-LeaderElection49] INFO  impl.LeaderElection (LeaderElection.java:logAndReturn(94)) -   Response 0: a8ebbba9-0f49-4666-952c-6956f6fecf4e<-edbf8a14-b096-4dc8-9781-888c2152b3d5#0:FAIL-t3
2022-05-26 01:45:15,771 [a8ebbba9-0f49-4666-952c-6956f6fecf4e@group-2BEC6B05E71E-LeaderElection49] INFO  impl.LeaderElection (LeaderElection.java:logAndReturn(94)) -   Response 1: a8ebbba9-0f49-4666-952c-6956f6fecf4e<-0cf574f5-d1b5-41cb-a7af-8959df5ed1cc#0:FAIL-t3
2022-05-26 01:45:15,772 [a8ebbba9-0f49-4666-952c-6956f6fecf4e@group-2BEC6B05E71E-LeaderElection49] INFO  impl.LeaderElection (LeaderElection.java:askForVotes(312)) - a8ebbba9-0f49-4666-952c-6956f6fecf4e@group-2BEC6B05E71E-LeaderElection49 ELECTION round 0: result REJECTED
2022-05-26 01:45:15,772 [a8ebbba9-0f49-4666-952c-6956f6fecf4e@group-2BEC6B05E71E-LeaderElection49] INFO  server.RaftServer$Division (RaftServerImpl.java:setRole(299)) - a8ebbba9-0f49-4666-952c-6956f6fecf4e@group-2BEC6B05E71E: changes role from CANDIDATE to FOLLOWER at term 3 for REJECTED
2022-05-26 01:45:15,772 [a8ebbba9-0f49-4666-952c-6956f6fecf4e@group-2BEC6B05E71E-LeaderElection49] INFO  impl.RoleInfo (RoleInfo.java:shutdownLeaderElection(130)) - a8ebbba9-0f49-4666-952c-6956f6fecf4e: shutdown a8ebbba9-0f49-4666-952c-6956f6fecf4e@group-2BEC6B05E71E-LeaderElection49
2022-05-26 01:45:15,772 [a8ebbba9-0f49-4666-952c-6956f6fecf4e@group-2BEC6B05E71E-LeaderElection49] INFO  impl.RoleInfo (RoleInfo.java:updateAndGet(139)) - a8ebbba9-0f49-4666-952c-6956f6fecf4e: start a8ebbba9-0f49-4666-952c-6956f6fecf4e@group-2BEC6B05E71E-FollowerState
2022-05-26 01:45:15,935 [0cf574f5-d1b5-41cb-a7af-8959df5ed1cc@group-D76EC0C11FCE-FollowerState] INFO  impl.FollowerState (FollowerState.java:run(143)) - 0cf574f5-d1b5-41cb-a7af-8959df5ed1cc@group-D76EC0C11FCE-FollowerState: change to CANDIDATE, lastRpcElapsedTime:5030215182ns, electionTimeout:5018ms
2022-05-26 01:45:15,937 [0cf574f5-d1b5-41cb-a7af-8959df5ed1cc@group-D76EC0C11FCE-FollowerState] INFO  impl.RoleInfo (RoleInfo.java:shutdownFollowerState(110)) - 0cf574f5-d1b5-41cb-a7af-8959df5ed1cc: shutdown 0cf574f5-d1b5-41cb-a7af-8959df5ed1cc@group-D76EC0C11FCE-FollowerState
2022-05-26 01:45:15,937 [0cf574f5-d1b5-41cb-a7af-8959df5ed1cc@group-D76EC0C11FCE-FollowerState] INFO  server.RaftServer$Division (RaftServerImpl.java:setRole(299)) - 0cf574f5-d1b5-41cb-a7af-8959df5ed1cc@group-D76EC0C11FCE: changes role from  FOLLOWER to CANDIDATE at term 2 for changeToCandidate
2022-05-26 01:45:15,937 [0cf574f5-d1b5-41cb-a7af-8959df5ed1cc@group-D76EC0C11FCE-FollowerState] INFO  server.RaftServerConfigKeys (ConfUtils.java:logGet(46)) - raft.server.leaderelection.pre-vote = false (custom)
2022-05-26 01:45:15,937 [0cf574f5-d1b5-41cb-a7af-8959df5ed1cc@group-D76EC0C11FCE-FollowerState] INFO  impl.RoleInfo (RoleInfo.java:updateAndGet(139)) - 0cf574f5-d1b5-41cb-a7af-8959df5ed1cc: start 0cf574f5-d1b5-41cb-a7af-8959df5ed1cc@group-D76EC0C11FCE-LeaderElection52
2022-05-26 01:45:15,958 [0cf574f5-d1b5-41cb-a7af-8959df5ed1cc@group-D76EC0C11FCE-LeaderElection52] INFO  impl.LeaderElection (LeaderElection.java:askForVotes(310)) - 0cf574f5-d1b5-41cb-a7af-8959df5ed1cc@group-D76EC0C11FCE-LeaderElection52 ELECTION round 0: submit vote requests at term 3 for -1: [edbf8a14-b096-4dc8-9781-888c2152b3d5|rpc:10.1.0.18:41319|dataStream:|priority:0, 0cf574f5-d1b5-41cb-a7af-8959df5ed1cc|rpc:10.1.0.18:36043|dataStream:|priority:1, a8ebbba9-0f49-4666-952c-6956f6fecf4e|rpc:10.1.0.18:35309|dataStream:|priority:0], old=null
2022-05-26 01:45:16,047 [grpc-default-executor-2] INFO  server.RaftServer$Division (RaftServerImpl.java:requestVote(1152)) - a8ebbba9-0f49-4666-952c-6956f6fecf4e@group-D76EC0C11FCE: receive requestVote(ELECTION, 0cf574f5-d1b5-41cb-a7af-8959df5ed1cc, group-D76EC0C11FCE, 3, (t:0, i:0))
2022-05-26 01:45:16,047 [grpc-default-executor-2] INFO  impl.VoteContext (VoteContext.java:log(48)) - a8ebbba9-0f49-4666-952c-6956f6fecf4e@group-D76EC0C11FCE-FOLLOWER: accept ELECTION from 0cf574f5-d1b5-41cb-a7af-8959df5ed1cc: our priority 0 <= candidate's priority 1
2022-05-26 01:45:16,047 [grpc-default-executor-2] INFO  server.RaftServer$Division (RaftServerImpl.java:setRole(299)) - a8ebbba9-0f49-4666-952c-6956f6fecf4e@group-D76EC0C11FCE: changes role from  FOLLOWER to FOLLOWER at term 3 for candidate:0cf574f5-d1b5-41cb-a7af-8959df5ed1cc
2022-05-26 01:45:16,047 [grpc-default-executor-2] INFO  impl.RoleInfo (RoleInfo.java:shutdownFollowerState(110)) - a8ebbba9-0f49-4666-952c-6956f6fecf4e: shutdown a8ebbba9-0f49-4666-952c-6956f6fecf4e@group-D76EC0C11FCE-FollowerState
2022-05-26 01:45:16,047 [grpc-default-executor-2] INFO  impl.RoleInfo (RoleInfo.java:updateAndGet(139)) - a8ebbba9-0f49-4666-952c-6956f6fecf4e: start a8ebbba9-0f49-4666-952c-6956f6fecf4e@group-D76EC0C11FCE-FollowerState
2022-05-26 01:45:16,048 [a8ebbba9-0f49-4666-952c-6956f6fecf4e@group-D76EC0C11FCE-FollowerState] INFO  impl.FollowerState (FollowerState.java:run(152)) - a8ebbba9-0f49-4666-952c-6956f6fecf4e@group-D76EC0C11FCE-FollowerState was interrupted
2022-05-26 01:45:16,058 [grpc-default-executor-0] INFO  server.RaftServer$Division (RaftServerImpl.java:requestVote(1152)) - edbf8a14-b096-4dc8-9781-888c2152b3d5@group-D76EC0C11FCE: receive requestVote(ELECTION, 0cf574f5-d1b5-41cb-a7af-8959df5ed1cc, group-D76EC0C11FCE, 3, (t:0, i:0))
2022-05-26 01:45:16,058 [grpc-default-executor-0] INFO  impl.VoteContext (VoteContext.java:log(48)) - edbf8a14-b096-4dc8-9781-888c2152b3d5@group-D76EC0C11FCE-FOLLOWER: accept ELECTION from 0cf574f5-d1b5-41cb-a7af-8959df5ed1cc: our priority 0 <= candidate's priority 1
2022-05-26 01:45:16,058 [grpc-default-executor-0] INFO  server.RaftServer$Division (RaftServerImpl.java:setRole(299)) - edbf8a14-b096-4dc8-9781-888c2152b3d5@group-D76EC0C11FCE: changes role from  FOLLOWER to FOLLOWER at term 3 for candidate:0cf574f5-d1b5-41cb-a7af-8959df5ed1cc
2022-05-26 01:45:16,058 [grpc-default-executor-0] INFO  impl.RoleInfo (RoleInfo.java:shutdownFollowerState(110)) - edbf8a14-b096-4dc8-9781-888c2152b3d5: shutdown edbf8a14-b096-4dc8-9781-888c2152b3d5@group-D76EC0C11FCE-FollowerState
2022-05-26 01:45:16,059 [grpc-default-executor-0] INFO  impl.RoleInfo (RoleInfo.java:updateAndGet(139)) - edbf8a14-b096-4dc8-9781-888c2152b3d5: start edbf8a14-b096-4dc8-9781-888c2152b3d5@group-D76EC0C11FCE-FollowerState
2022-05-26 01:45:16,059 [edbf8a14-b096-4dc8-9781-888c2152b3d5@group-D76EC0C11FCE-FollowerState] INFO  impl.FollowerState (FollowerState.java:run(152)) - edbf8a14-b096-4dc8-9781-888c2152b3d5@group-D76EC0C11FCE-FollowerState was interrupted
2022-05-26 01:45:16,060 [grpc-default-executor-2] INFO  server.RaftServer$Division (RaftServerImpl.java:requestVote(1184)) - a8ebbba9-0f49-4666-952c-6956f6fecf4e@group-D76EC0C11FCE replies to ELECTION vote request: 0cf574f5-d1b5-41cb-a7af-8959df5ed1cc<-a8ebbba9-0f49-4666-952c-6956f6fecf4e#0:OK-t3. Peer's state: a8ebbba9-0f49-4666-952c-6956f6fecf4e@group-D76EC0C11FCE:t3, leader=null, voted=0cf574f5-d1b5-41cb-a7af-8959df5ed1cc, raftlog=a8ebbba9-0f49-4666-952c-6956f6fecf4e@group-D76EC0C11FCE-SegmentedRaftLog:OPENED:c-1, conf=-1: [edbf8a14-b096-4dc8-9781-888c2152b3d5|rpc:10.1.0.18:41319|priority:0, 0cf574f5-d1b5-41cb-a7af-8959df5ed1cc|rpc:10.1.0.18:36043|priority:1, a8ebbba9-0f49-4666-952c-6956f6fecf4e|rpc:10.1.0.18:35309|priority:0], old=null
2022-05-26 01:45:16,068 [0cf574f5-d1b5-41cb-a7af-8959df5ed1cc@group-D76EC0C11FCE-LeaderElection52] INFO  impl.LeaderElection (LeaderElection.java:logAndReturn(90)) - 0cf574f5-d1b5-41cb-a7af-8959df5ed1cc@group-D76EC0C11FCE-LeaderElection52: ELECTION PASSED received 1 response(s) and 0 exception(s):
2022-05-26 01:45:16,068 [0cf574f5-d1b5-41cb-a7af-8959df5ed1cc@group-D76EC0C11FCE-LeaderElection52] INFO  impl.LeaderElection (LeaderElection.java:logAndReturn(94)) -   Response 0: 0cf574f5-d1b5-41cb-a7af-8959df5ed1cc<-a8ebbba9-0f49-4666-952c-6956f6fecf4e#0:OK-t3
2022-05-26 01:45:16,068 [grpc-default-executor-0] INFO  server.RaftServer$Division (RaftServerImpl.java:requestVote(1184)) - edbf8a14-b096-4dc8-9781-888c2152b3d5@group-D76EC0C11FCE replies to ELECTION vote request: 0cf574f5-d1b5-41cb-a7af-8959df5ed1cc<-edbf8a14-b096-4dc8-9781-888c2152b3d5#0:OK-t3. Peer's state: edbf8a14-b096-4dc8-9781-888c2152b3d5@group-D76EC0C11FCE:t3, leader=null, voted=0cf574f5-d1b5-41cb-a7af-8959df5ed1cc, raftlog=edbf8a14-b096-4dc8-9781-888c2152b3d5@group-D76EC0C11FCE-SegmentedRaftLog:OPENED:c-1, conf=-1: [edbf8a14-b096-4dc8-9781-888c2152b3d5|rpc:10.1.0.18:41319|priority:0, 0cf574f5-d1b5-41cb-a7af-8959df5ed1cc|rpc:10.1.0.18:36043|priority:1, a8ebbba9-0f49-4666-952c-6956f6fecf4e|rpc:10.1.0.18:35309|priority:0], old=null
2022-05-26 01:45:16,068 [0cf574f5-d1b5-41cb-a7af-8959df5ed1cc@group-D76EC0C11FCE-LeaderElection52] INFO  impl.LeaderElection (LeaderElection.java:askForVotes(312)) - 0cf574f5-d1b5-41cb-a7af-8959df5ed1cc@group-D76EC0C11FCE-LeaderElection52 ELECTION round 0: result PASSED
2022-05-26 01:45:16,069 [0cf574f5-d1b5-41cb-a7af-8959df5ed1cc@group-D76EC0C11FCE-LeaderElection52] INFO  impl.RoleInfo (RoleInfo.java:shutdownLeaderElection(130)) - 0cf574f5-d1b5-41cb-a7af-8959df5ed1cc: shutdown 0cf574f5-d1b5-41cb-a7af-8959df5ed1cc@group-D76EC0C11FCE-LeaderElection52
2022-05-26 01:45:16,069 [0cf574f5-d1b5-41cb-a7af-8959df5ed1cc@group-D76EC0C11FCE-LeaderElection52] INFO  server.RaftServer$Division (RaftServerImpl.java:setRole(299)) - 0cf574f5-d1b5-41cb-a7af-8959df5ed1cc@group-D76EC0C11FCE: changes role from CANDIDATE to LEADER at term 3 for changeToLeader
2022-05-26 01:45:16,069 [0cf574f5-d1b5-41cb-a7af-8959df5ed1cc@group-D76EC0C11FCE-LeaderElection52] INFO  ratis.XceiverServerRatis (XceiverServerRatis.java:handleLeaderChangedNotification(863)) - Leader change notification received for group: group-D76EC0C11FCE with new leaderId: 0cf574f5-d1b5-41cb-a7af-8959df5ed1cc
2022-05-26 01:45:16,069 [0cf574f5-d1b5-41cb-a7af-8959df5ed1cc@group-D76EC0C11FCE-LeaderElection52] INFO  server.RaftServer$Division (ServerState.java:setLeader(287)) - 0cf574f5-d1b5-41cb-a7af-8959df5ed1cc@group-D76EC0C11FCE: change Leader from null to 0cf574f5-d1b5-41cb-a7af-8959df5ed1cc at term 3 for becomeLeader, leader elected after 15437ms
2022-05-26 01:45:16,070 [0cf574f5-d1b5-41cb-a7af-8959df5ed1cc@group-D76EC0C11FCE-LeaderElection52] INFO  server.RaftServerConfigKeys (ConfUtils.java:logGet(46)) - raft.server.staging.catchup.gap = 1000 (default)
2022-05-26 01:45:16,070 [0cf574f5-d1b5-41cb-a7af-8959df5ed1cc@group-D76EC0C11FCE-LeaderElection52] INFO  server.RaftServerConfigKeys (ConfUtils.java:logGet(46)) - raft.server.write.element-limit = 1024 (custom)
2022-05-26 01:45:16,070 [0cf574f5-d1b5-41cb-a7af-8959df5ed1cc@group-D76EC0C11FCE-LeaderElection52] INFO  server.RaftServerConfigKeys (ConfUtils.java:logGet(46)) - raft.server.write.byte-limit = 1024 M (=1073741824) (custom)
2022-05-26 01:45:16,070 [0cf574f5-d1b5-41cb-a7af-8959df5ed1cc@group-D76EC0C11FCE-LeaderElection52] INFO  server.RaftServerConfigKeys (ConfUtils.java:logGet(46)) - raft.server.watch.timeout = 180s (custom)
2022-05-26 01:45:16,070 [0cf574f5-d1b5-41cb-a7af-8959df5ed1cc@group-D76EC0C11FCE-LeaderElection52] INFO  server.RaftServerConfigKeys (ConfUtils.java:logGet(46)) - raft.server.watch.timeout.denomination = 1s (default)
2022-05-26 01:45:16,070 [0cf574f5-d1b5-41cb-a7af-8959df5ed1cc@group-D76EC0C11FCE-LeaderElection52] INFO  server.RaftServerConfigKeys (ConfUtils.java:logGet(46)) - raft.server.watch.element-limit = 65536 (default)
2022-05-26 01:45:16,070 [0cf574f5-d1b5-41cb-a7af-8959df5ed1cc@group-D76EC0C11FCE-LeaderElection52] INFO  server.RaftServerConfigKeys (ConfUtils.java:logGet(46)) - raft.server.write.element-limit = 1024 (custom)
2022-05-26 01:45:16,070 [0cf574f5-d1b5-41cb-a7af-8959df5ed1cc@group-D76EC0C11FCE-LeaderElection52] INFO  server.RaftServerConfigKeys (ConfUtils.java:logGet(46)) - raft.server.write.follower.gap.ratio.max = -1.0 (default)
2022-05-26 01:45:16,071 [0cf574f5-d1b5-41cb-a7af-8959df5ed1cc@group-D76EC0C11FCE-LeaderElection52] INFO  server.RaftServerConfigKeys (ConfUtils.java:logGet(46)) - raft.server.log.appender.snapshot.chunk.size.max = 16MB (=16777216) (default)
2022-05-26 01:45:16,071 [0cf574f5-d1b5-41cb-a7af-8959df5ed1cc@group-D76EC0C11FCE-LeaderElection52] INFO  server.RaftServerConfigKeys (ConfUtils.java:logGet(46)) - raft.server.log.appender.buffer.byte-limit = 33554432 (custom)
2022-05-26 01:45:16,071 [0cf574f5-d1b5-41cb-a7af-8959df5ed1cc@group-D76EC0C11FCE-LeaderElection52] INFO  server.RaftServerConfigKeys (ConfUtils.java:logGet(46)) - raft.server.log.appender.buffer.element-limit = 1 (custom)
2022-05-26 01:45:16,071 [0cf574f5-d1b5-41cb-a7af-8959df5ed1cc@group-D76EC0C11FCE-LeaderElection52] INFO  grpc.GrpcConfigKeys (ConfUtils.java:logGet(46)) - raft.grpc.server.leader.outstanding.appends.max = 128 (default)
2022-05-26 01:45:16,071 [0cf574f5-d1b5-41cb-a7af-8959df5ed1cc@group-D76EC0C11FCE-LeaderElection52] INFO  server.RaftServerConfigKeys (ConfUtils.java:logGet(46)) - raft.server.rpc.request.timeout = 60s (custom)
2022-05-26 01:45:16,071 [0cf574f5-d1b5-41cb-a7af-8959df5ed1cc@group-D76EC0C11FCE-LeaderElection52] INFO  server.RaftServerConfigKeys (ConfUtils.java:logGet(46)) - raft.server.log.appender.install.snapshot.enabled = false (custom)
2022-05-26 01:45:16,114 [0cf574f5-d1b5-41cb-a7af-8959df5ed1cc@group-D76EC0C11FCE-LeaderElection52] INFO  server.RaftServerConfigKeys (ConfUtils.java:logGet(46)) - raft.server.log.appender.snapshot.chunk.size.max = 16MB (=16777216) (default)
2022-05-26 01:45:16,114 [0cf574f5-d1b5-41cb-a7af-8959df5ed1cc@group-D76EC0C11FCE-LeaderElection52] INFO  server.RaftServerConfigKeys (ConfUtils.java:logGet(46)) - raft.server.log.appender.buffer.byte-limit = 33554432 (custom)
2022-05-26 01:45:16,114 [0cf574f5-d1b5-41cb-a7af-8959df5ed1cc@group-D76EC0C11FCE-LeaderElection52] INFO  server.RaftServerConfigKeys (ConfUtils.java:logGet(46)) - raft.server.log.appender.buffer.element-limit = 1 (custom)
2022-05-26 01:45:16,114 [0cf574f5-d1b5-41cb-a7af-8959df5ed1cc@group-D76EC0C11FCE-LeaderElection52] INFO  grpc.GrpcConfigKeys (ConfUtils.java:logGet(46)) - raft.grpc.server.leader.outstanding.appends.max = 128 (default)
2022-05-26 01:45:16,114 [0cf574f5-d1b5-41cb-a7af-8959df5ed1cc@group-D76EC0C11FCE-LeaderElection52] INFO  server.RaftServerConfigKeys (ConfUtils.java:logGet(46)) - raft.server.rpc.request.timeout = 60s (custom)
2022-05-26 01:45:16,114 [0cf574f5-d1b5-41cb-a7af-8959df5ed1cc@group-D76EC0C11FCE-LeaderElection52] INFO  server.RaftServerConfigKeys (ConfUtils.java:logGet(46)) - raft.server.log.appender.install.snapshot.enabled = false (custom)
2022-05-26 01:45:16,114 [0cf574f5-d1b5-41cb-a7af-8959df5ed1cc@group-D76EC0C11FCE-LeaderElection52] INFO  impl.RoleInfo (RoleInfo.java:updateAndGet(139)) - 0cf574f5-d1b5-41cb-a7af-8959df5ed1cc: start 0cf574f5-d1b5-41cb-a7af-8959df5ed1cc@group-D76EC0C11FCE-LeaderStateImpl
2022-05-26 01:45:16,115 [0cf574f5-d1b5-41cb-a7af-8959df5ed1cc@group-D76EC0C11FCE-LeaderElection52] INFO  segmented.SegmentedRaftLogWorker (SegmentedRaftLogWorker.java:startLogSegment(425)) - 0cf574f5-d1b5-41cb-a7af-8959df5ed1cc@group-D76EC0C11FCE-SegmentedRaftLogWorker: Starting segment from index:0
2022-05-26 01:45:16,116 [EventQueue-PipelineReportForPipelineReportHandler] INFO  pipeline.PipelineManagerImpl (PipelineManagerImpl.java:openPipeline(336)) - Pipeline Pipeline[ Id: eac6b18b-12e2-43da-810d-d76ec0c11fce, Nodes: 0cf574f5-d1b5-41cb-a7af-8959df5ed1cc{ip: 10.1.0.18, host: fv-az270-854.tacnzluakwdehk1hpragurqkma.bx.internal.cloudapp.net, ports: [REPLICATION=43323, RATIS=36043, RATIS_ADMIN=36043, RATIS_SERVER=36043, STANDALONE=41691], networkLocation: /default-rack, certSerialId: null, persistedOpState: IN_SERVICE, persistedOpStateExpiryEpochSec: 0}edbf8a14-b096-4dc8-9781-888c2152b3d5{ip: 10.1.0.18, host: fv-az270-854.tacnzluakwdehk1hpragurqkma.bx.internal.cloudapp.net, ports: [REPLICATION=42799, RATIS=41319, RATIS_ADMIN=41319, RATIS_SERVER=41319, STANDALONE=36627], networkLocation: /default-rack, certSerialId: null, persistedOpState: IN_SERVICE, persistedOpStateExpiryEpochSec: 0}a8ebbba9-0f49-4666-952c-6956f6fecf4e{ip: 10.1.0.18, host: fv-az270-854.tacnzluakwdehk1hpragurqkma.bx.internal.cloudapp.net, ports: [REPLICATION=39169, RATIS=35309, RATIS_ADMIN=35309, RATIS_SERVER=35309, STANDALONE=45571], networkLocation: /default-rack, certSerialId: null, persistedOpState: IN_SERVICE, persistedOpStateExpiryEpochSec: 0}, ReplicationConfig: RATIS/THREE, State:ALLOCATED, leaderId:0cf574f5-d1b5-41cb-a7af-8959df5ed1cc, CreationTimestamp2022-05-26T01:44:58.678Z[Etc/UTC]] moved to OPEN state
2022-05-26 01:45:16,118 [0cf574f5-d1b5-41cb-a7af-8959df5ed1cc@group-D76EC0C11FCE-SegmentedRaftLogWorker] INFO  segmented.SegmentedRaftLogWorker (SegmentedRaftLogWorker.java:execute(629)) - 0cf574f5-d1b5-41cb-a7af-8959df5ed1cc@group-D76EC0C11FCE-SegmentedRaftLogWorker: created new log segment /home/runner/work/ozone/ozone/hadoop-ozone/integration-test/target/test-dir/MiniOzoneClusterImpl-d805c563-f850-4cee-aec1-f3ddb982742c/datanode-2/data/ratis/eac6b18b-12e2-43da-810d-d76ec0c11fce/current/log_inprogress_0
2022-05-26 01:45:16,117 [EventQueue-OpenPipelineForHealthyPipelineSafeModeRule] INFO  safemode.SCMSafeModeManager (HealthyPipelineSafeModeRule.java:process(124)) - SCM in safe mode. Healthy pipelines reported count is 0, required healthy pipeline reported count is 1
2022-05-26 01:45:16,172 [0cf574f5-d1b5-41cb-a7af-8959df5ed1cc@group-D76EC0C11FCE-LeaderElection52] INFO  server.RaftServer$Division (ServerState.java:setRaftConf(393)) - 0cf574f5-d1b5-41cb-a7af-8959df5ed1cc@group-D76EC0C11FCE: set configuration 0: [edbf8a14-b096-4dc8-9781-888c2152b3d5|rpc:10.1.0.18:41319|dataStream:|priority:0, 0cf574f5-d1b5-41cb-a7af-8959df5ed1cc|rpc:10.1.0.18:36043|dataStream:|priority:1, a8ebbba9-0f49-4666-952c-6956f6fecf4e|rpc:10.1.0.18:35309|dataStream:|priority:0], old=null
2022-05-26 01:45:16,197 [EventQueue-OpenPipelineForHealthyPipelineSafeModeRule] INFO  safemode.SCMSafeModeManager (HealthyPipelineSafeModeRule.java:process(124)) - SCM in safe mode. Healthy pipelines reported count is 1, required healthy pipeline reported count is 1
2022-05-26 01:45:16,197 [EventQueue-OpenPipelineForHealthyPipelineSafeModeRule] INFO  safemode.SCMSafeModeManager (SCMSafeModeManager.java:validateSafeModeExitRules(204)) - HealthyPipelineSafeModeRule rule is successfully validated
2022-05-26 01:45:16,197 [EventQueue-OpenPipelineForHealthyPipelineSafeModeRule] INFO  safemode.SCMSafeModeManager (SCMSafeModeManager.java:validateSafeModeExitRules(219)) - ScmSafeModeManager, all rules are successfully validated
2022-05-26 01:45:16,197 [EventQueue-OpenPipelineForHealthyPipelineSafeModeRule] INFO  safemode.SCMSafeModeManager (SCMSafeModeManager.java:exitSafeMode(248)) - SCM exiting safe mode.
2022-05-26 01:45:16,197 [EventQueue-OpenPipelineForHealthyPipelineSafeModeRule] WARN  events.EventQueue (EventQueue.java:fireEvent(194)) - No event handler registered for event TypedEvent{payloadType=SafeModeStatus, name='Safe mode status'}
2022-05-26 01:45:16,197 [EventQueue-OpenPipelineForHealthyPipelineSafeModeRule] INFO  ha.SCMContext (SCMContext.java:updateSafeModeStatus(211)) - Update SafeModeStatus from SafeModeStatus{safeModeStatus=true, preCheckPassed=true} to SafeModeStatus{safeModeStatus=false, preCheckPassed=true}.
2022-05-26 01:45:16,197 [EventQueue-OpenPipelineForHealthyPipelineSafeModeRule] INFO  pipeline.BackgroundPipelineCreator (BackgroundPipelineCreator.java:notifyStatusChanged(251)) - Service BackgroundPipelineCreator transitions to RUNNING.
2022-05-26 01:45:16,197 [EventQueue-OpenPipelineForHealthyPipelineSafeModeRule] INFO  pipeline.BackgroundPipelineScrubber (BackgroundPipelineScrubber.java:notifyStatusChanged(88)) - Service BackgroundPipelineScrubber transitions to RUNNING.
2022-05-26 01:45:16,197 [EventQueue-OpenPipelineForHealthyPipelineSafeModeRule] INFO  ExpiredContainerReplicaOpScrubber (BackgroundSCMService.java:notifyStatusChanged(82)) - Service ExpiredContainerReplicaOpScrubber transitions to RUNNING.
2022-05-26 01:45:16,197 [EventQueue-OpenPipelineForHealthyPipelineSafeModeRule] INFO  replication.ReplicationManager (ReplicationManager.java:notifyStatusChanged(372)) - Service ReplicationManager transitions to RUNNING.
2022-05-26 01:45:16,220 [edbf8a14-b096-4dc8-9781-888c2152b3d5-server-thread1] INFO  ratis.XceiverServerRatis (XceiverServerRatis.java:handleLeaderChangedNotification(863)) - Leader change notification received for group: group-D76EC0C11FCE with new leaderId: 0cf574f5-d1b5-41cb-a7af-8959df5ed1cc
2022-05-26 01:45:16,220 [edbf8a14-b096-4dc8-9781-888c2152b3d5-server-thread1] INFO  server.RaftServer$Division (ServerState.java:setLeader(287)) - edbf8a14-b096-4dc8-9781-888c2152b3d5@group-D76EC0C11FCE: change Leader from null to 0cf574f5-d1b5-41cb-a7af-8959df5ed1cc at term 3 for appendEntries, leader elected after 15731ms
2022-05-26 01:45:16,264 [a8ebbba9-0f49-4666-952c-6956f6fecf4e-server-thread1] INFO  ratis.XceiverServerRatis (XceiverServerRatis.java:handleLeaderChangedNotification(863)) - Leader change notification received for group: group-D76EC0C11FCE with new leaderId: 0cf574f5-d1b5-41cb-a7af-8959df5ed1cc
2022-05-26 01:45:16,264 [a8ebbba9-0f49-4666-952c-6956f6fecf4e-server-thread1] INFO  server.RaftServer$Division (ServerState.java:setLeader(287)) - a8ebbba9-0f49-4666-952c-6956f6fecf4e@group-D76EC0C11FCE: change Leader from null to 0cf574f5-d1b5-41cb-a7af-8959df5ed1cc at term 3 for appendEntries, leader elected after 15604ms
2022-05-26 01:45:16,271 [edbf8a14-b096-4dc8-9781-888c2152b3d5-server-thread1] INFO  server.RaftServer$Division (ServerState.java:setRaftConf(393)) - edbf8a14-b096-4dc8-9781-888c2152b3d5@group-D76EC0C11FCE: set configuration 0: [edbf8a14-b096-4dc8-9781-888c2152b3d5|rpc:10.1.0.18:41319|dataStream:|priority:0, 0cf574f5-d1b5-41cb-a7af-8959df5ed1cc|rpc:10.1.0.18:36043|dataStream:|priority:1, a8ebbba9-0f49-4666-952c-6956f6fecf4e|rpc:10.1.0.18:35309|dataStream:|priority:0], old=null
2022-05-26 01:45:16,272 [edbf8a14-b096-4dc8-9781-888c2152b3d5-server-thread1] INFO  segmented.SegmentedRaftLogWorker (SegmentedRaftLogWorker.java:startLogSegment(425)) - edbf8a14-b096-4dc8-9781-888c2152b3d5@group-D76EC0C11FCE-SegmentedRaftLogWorker: Starting segment from index:0
2022-05-26 01:45:16,285 [edbf8a14-b096-4dc8-9781-888c2152b3d5@group-D76EC0C11FCE-SegmentedRaftLogWorker] INFO  segmented.SegmentedRaftLogWorker (SegmentedRaftLogWorker.java:execute(629)) - edbf8a14-b096-4dc8-9781-888c2152b3d5@group-D76EC0C11FCE-SegmentedRaftLogWorker: created new log segment /home/runner/work/ozone/ozone/hadoop-ozone/integration-test/target/test-dir/MiniOzoneClusterImpl-d805c563-f850-4cee-aec1-f3ddb982742c/datanode-0/data/ratis/eac6b18b-12e2-43da-810d-d76ec0c11fce/current/log_inprogress_0
2022-05-26 01:45:16,321 [a8ebbba9-0f49-4666-952c-6956f6fecf4e-server-thread1] INFO  server.RaftServer$Division (ServerState.java:setRaftConf(393)) - a8ebbba9-0f49-4666-952c-6956f6fecf4e@group-D76EC0C11FCE: set configuration 0: [edbf8a14-b096-4dc8-9781-888c2152b3d5|rpc:10.1.0.18:41319|dataStream:|priority:0, 0cf574f5-d1b5-41cb-a7af-8959df5ed1cc|rpc:10.1.0.18:36043|dataStream:|priority:1, a8ebbba9-0f49-4666-952c-6956f6fecf4e|rpc:10.1.0.18:35309|dataStream:|priority:0], old=null
2022-05-26 01:45:16,321 [a8ebbba9-0f49-4666-952c-6956f6fecf4e-server-thread1] INFO  segmented.SegmentedRaftLogWorker (SegmentedRaftLogWorker.java:startLogSegment(425)) - a8ebbba9-0f49-4666-952c-6956f6fecf4e@group-D76EC0C11FCE-SegmentedRaftLogWorker: Starting segment from index:0
2022-05-26 01:45:16,323 [a8ebbba9-0f49-4666-952c-6956f6fecf4e@group-D76EC0C11FCE-SegmentedRaftLogWorker] INFO  segmented.SegmentedRaftLogWorker (SegmentedRaftLogWorker.java:execute(629)) - a8ebbba9-0f49-4666-952c-6956f6fecf4e@group-D76EC0C11FCE-SegmentedRaftLogWorker: created new log segment /home/runner/work/ozone/ozone/hadoop-ozone/integration-test/target/test-dir/MiniOzoneClusterImpl-d805c563-f850-4cee-aec1-f3ddb982742c/datanode-1/data/ratis/eac6b18b-12e2-43da-810d-d76ec0c11fce/current/log_inprogress_0
2022-05-26 01:45:16,629 [Listener at 127.0.0.1/36169] INFO  ozone.MiniOzoneClusterImpl (MiniOzoneClusterImpl.java:lambda$waitForClusterToBeReady$0(221)) - Nodes are ready. Got 3 of 3 DN Heartbeats.
2022-05-26 01:45:16,629 [Listener at 127.0.0.1/36169] INFO  ozone.MiniOzoneClusterImpl (MiniOzoneClusterImpl.java:lambda$waitForClusterToBeReady$0(224)) - Cluster exits safe mode
2022-05-26 01:45:16,629 [Listener at 127.0.0.1/36169] INFO  ozone.MiniOzoneClusterImpl (MiniOzoneClusterImpl.java:lambda$waitForClusterToBeReady$0(226)) - SCM became leader
]]></system-out>
    </rerunFailure>
    <rerunFailure type="java.lang.AssertionError">
      <stackTrace><![CDATA[java.lang.AssertionError
	at org.junit.Assert.fail(Assert.java:87)
	at org.junit.Assert.assertTrue(Assert.java:42)
	at org.junit.Assert.assertTrue(Assert.java:53)
	at org.apache.hadoop.hdds.scm.TestRatisPipelineLeader.testLeaderIdAfterLeaderChange(TestRatisPipelineLeader.java:119)
	at sun.reflect.NativeMethodAccessorImpl.invoke0(Native Method)
	at sun.reflect.NativeMethodAccessorImpl.invoke(NativeMethodAccessorImpl.java:62)
	at sun.reflect.DelegatingMethodAccessorImpl.invoke(DelegatingMethodAccessorImpl.java:43)
	at java.lang.reflect.Method.invoke(Method.java:498)
	at org.junit.platform.commons.util.ReflectionUtils.invokeMethod(ReflectionUtils.java:725)
	at org.junit.jupiter.engine.execution.MethodInvocation.proceed(MethodInvocation.java:60)
	at org.junit.jupiter.engine.execution.InvocationInterceptorChain$ValidatingInvocation.proceed(InvocationInterceptorChain.java:131)
	at org.junit.jupiter.engine.extension.TimeoutInvocation.proceed(TimeoutInvocation.java:46)
	at org.junit.jupiter.engine.extension.TimeoutExtension.intercept(TimeoutExtension.java:149)
	at org.junit.jupiter.engine.extension.TimeoutExtension.interceptTestableMethod(TimeoutExtension.java:140)
	at org.junit.jupiter.engine.extension.TimeoutExtension.interceptTestMethod(TimeoutExtension.java:84)
	at org.junit.jupiter.engine.execution.ExecutableInvoker$ReflectiveInterceptorCall.lambda$ofVoidMethod$0(ExecutableInvoker.java:115)
	at org.junit.jupiter.engine.execution.ExecutableInvoker.lambda$invoke$0(ExecutableInvoker.java:105)
	at org.junit.jupiter.engine.execution.InvocationInterceptorChain$InterceptedInvocation.proceed(InvocationInterceptorChain.java:106)
	at org.junit.jupiter.engine.execution.InvocationInterceptorChain.proceed(InvocationInterceptorChain.java:64)
	at org.junit.jupiter.engine.execution.InvocationInterceptorChain.chainAndInvoke(InvocationInterceptorChain.java:45)
	at org.junit.jupiter.engine.execution.InvocationInterceptorChain.invoke(InvocationInterceptorChain.java:37)
	at org.junit.jupiter.engine.execution.ExecutableInvoker.invoke(ExecutableInvoker.java:104)
	at org.junit.jupiter.engine.execution.ExecutableInvoker.invoke(ExecutableInvoker.java:98)
	at org.junit.jupiter.engine.descriptor.TestMethodTestDescriptor.lambda$invokeTestMethod$7(TestMethodTestDescriptor.java:214)
	at org.junit.platform.engine.support.hierarchical.ThrowableCollector.execute(ThrowableCollector.java:73)
	at org.junit.jupiter.engine.descriptor.TestMethodTestDescriptor.invokeTestMethod(TestMethodTestDescriptor.java:210)
	at org.junit.jupiter.engine.descriptor.TestMethodTestDescriptor.execute(TestMethodTestDescriptor.java:135)
	at org.junit.jupiter.engine.descriptor.TestMethodTestDescriptor.execute(TestMethodTestDescriptor.java:66)
	at org.junit.platform.engine.support.hierarchical.NodeTestTask.lambda$executeRecursively$6(NodeTestTask.java:151)
	at org.junit.platform.engine.support.hierarchical.ThrowableCollector.execute(ThrowableCollector.java:73)
	at org.junit.platform.engine.support.hierarchical.NodeTestTask.lambda$executeRecursively$8(NodeTestTask.java:141)
	at org.junit.platform.engine.support.hierarchical.Node.around(Node.java:137)
	at org.junit.platform.engine.support.hierarchical.NodeTestTask.lambda$executeRecursively$9(NodeTestTask.java:139)
	at org.junit.platform.engine.support.hierarchical.ThrowableCollector.execute(ThrowableCollector.java:73)
	at org.junit.platform.engine.support.hierarchical.NodeTestTask.executeRecursively(NodeTestTask.java:138)
	at org.junit.platform.engine.support.hierarchical.NodeTestTask.execute(NodeTestTask.java:95)
	at java.util.ArrayList.forEach(ArrayList.java:1259)
	at org.junit.platform.engine.support.hierarchical.SameThreadHierarchicalTestExecutorService.invokeAll(SameThreadHierarchicalTestExecutorService.java:41)
	at org.junit.platform.engine.support.hierarchical.NodeTestTask.lambda$executeRecursively$6(NodeTestTask.java:155)
	at org.junit.platform.engine.support.hierarchical.ThrowableCollector.execute(ThrowableCollector.java:73)
	at org.junit.platform.engine.support.hierarchical.NodeTestTask.lambda$executeRecursively$8(NodeTestTask.java:141)
	at org.junit.platform.engine.support.hierarchical.Node.around(Node.java:137)
	at org.junit.platform.engine.support.hierarchical.NodeTestTask.lambda$executeRecursively$9(NodeTestTask.java:139)
	at org.junit.platform.engine.support.hierarchical.ThrowableCollector.execute(ThrowableCollector.java:73)
	at org.junit.platform.engine.support.hierarchical.NodeTestTask.executeRecursively(NodeTestTask.java:138)
	at org.junit.platform.engine.support.hierarchical.NodeTestTask.execute(NodeTestTask.java:95)
	at java.util.ArrayList.forEach(ArrayList.java:1259)
	at org.junit.platform.engine.support.hierarchical.SameThreadHierarchicalTestExecutorService.invokeAll(SameThreadHierarchicalTestExecutorService.java:41)
	at org.junit.platform.engine.support.hierarchical.NodeTestTask.lambda$executeRecursively$6(NodeTestTask.java:155)
	at org.junit.platform.engine.support.hierarchical.ThrowableCollector.execute(ThrowableCollector.java:73)
	at org.junit.platform.engine.support.hierarchical.NodeTestTask.lambda$executeRecursively$8(NodeTestTask.java:141)
	at org.junit.platform.engine.support.hierarchical.Node.around(Node.java:137)
	at org.junit.platform.engine.support.hierarchical.NodeTestTask.lambda$executeRecursively$9(NodeTestTask.java:139)
	at org.junit.platform.engine.support.hierarchical.ThrowableCollector.execute(ThrowableCollector.java:73)
	at org.junit.platform.engine.support.hierarchical.NodeTestTask.executeRecursively(NodeTestTask.java:138)
	at org.junit.platform.engine.support.hierarchical.NodeTestTask.execute(NodeTestTask.java:95)
	at org.junit.platform.engine.support.hierarchical.SameThreadHierarchicalTestExecutorService.submit(SameThreadHierarchicalTestExecutorService.java:35)
	at org.junit.platform.engine.support.hierarchical.HierarchicalTestExecutor.execute(HierarchicalTestExecutor.java:57)
	at org.junit.platform.engine.support.hierarchical.HierarchicalTestEngine.execute(HierarchicalTestEngine.java:54)
	at org.junit.platform.launcher.core.EngineExecutionOrchestrator.execute(EngineExecutionOrchestrator.java:107)
	at org.junit.platform.launcher.core.EngineExecutionOrchestrator.execute(EngineExecutionOrchestrator.java:88)
	at org.junit.platform.launcher.core.EngineExecutionOrchestrator.lambda$execute$0(EngineExecutionOrchestrator.java:54)
	at org.junit.platform.launcher.core.EngineExecutionOrchestrator.withInterceptedStreams(EngineExecutionOrchestrator.java:67)
	at org.junit.platform.launcher.core.EngineExecutionOrchestrator.execute(EngineExecutionOrchestrator.java:52)
	at org.junit.platform.launcher.core.DefaultLauncher.execute(DefaultLauncher.java:114)
	at org.junit.platform.launcher.core.DefaultLauncher.execute(DefaultLauncher.java:86)
	at org.junit.platform.launcher.core.DefaultLauncherSession$DelegatingLauncher.execute(DefaultLauncherSession.java:86)
	at org.junit.platform.launcher.core.SessionPerRequestLauncher.execute(SessionPerRequestLauncher.java:53)
	at org.apache.maven.surefire.junitplatform.JUnitPlatformProvider.invokeAllTests(JUnitPlatformProvider.java:165)
	at org.apache.maven.surefire.junitplatform.JUnitPlatformProvider.invoke(JUnitPlatformProvider.java:124)
	at org.apache.maven.surefire.booter.ForkedBooter.runSuitesInProcess(ForkedBooter.java:428)
	at org.apache.maven.surefire.booter.ForkedBooter.execute(ForkedBooter.java:162)
	at org.apache.maven.surefire.booter.ForkedBooter.run(ForkedBooter.java:562)
	at org.apache.maven.surefire.booter.ForkedBooter.main(ForkedBooter.java:548)
]]></stackTrace>
      <system-out><![CDATA[2022-05-26 01:45:37,658 [Listener at 127.0.0.1/36169] WARN  server.ServerUtils (ServerUtils.java:getScmDbDir(148)) - ozone.scm.db.dirs is not configured. We recommend adding this setting. Falling back to ozone.metadata.dirs instead.
2022-05-26 01:45:37,666 [Listener at 127.0.0.1/36169] INFO  ha.SCMHANodeDetails (SCMHANodeDetails.java:loadSCMHAConfig(160)) - ServiceID for StorageContainerManager is null
2022-05-26 01:45:37,666 [Listener at 127.0.0.1/36169] INFO  ha.SCMHANodeDetails (SCMHANodeDetails.java:loadSCMHAConfig(165)) - ozone.scm.default.service.id is not defined, falling back to ozone.scm.service.ids to find serviceID for StorageContainerManager if it is HA enabled cluster
2022-05-26 01:45:37,666 [Listener at 127.0.0.1/36169] WARN  server.ServerUtils (ServerUtils.java:getScmDbDir(148)) - ozone.scm.db.dirs is not configured. We recommend adding this setting. Falling back to ozone.metadata.dirs instead.
2022-05-26 01:45:37,667 [Listener at 127.0.0.1/36169] INFO  upgrade.AbstractLayoutVersionManager (AbstractLayoutVersionManager.java:init(79)) - Initializing Layout version manager with metadata layout = ERASURE_CODED_STORAGE_SUPPORT (version = 3), software layout = ERASURE_CODED_STORAGE_SUPPORT (version = 3)
2022-05-26 01:45:37,839 [Listener at 127.0.0.1/36169] INFO  reflections.Reflections (Reflections.java:scan(232)) - Reflections took 167 ms to scan 7 urls, producing 127 keys and 292 values 
2022-05-26 01:45:37,849 [Listener at 127.0.0.1/36169] WARN  utils.HAUtils (HAUtils.java:getMetaDir(342)) - ozone.scm.db.dirs is not configured. We recommend adding this setting. Falling back to ozone.metadata.dirs instead.
2022-05-26 01:45:37,850 [Listener at 127.0.0.1/36169] WARN  db.DBStoreBuilder (DBStoreBuilder.java:applyDBDefinition(145)) - ozone.scm.db.dirs is not configured. We recommend adding this setting. Falling back to ozone.metadata.dirs instead.
2022-05-26 01:45:38,285 [Listener at 127.0.0.1/36169] INFO  net.NodeSchemaLoader (NodeSchemaLoader.java:loadSchemaFromFile(129)) - Loading schema from [jar:file:/home/runner/.m2/repository/org/apache/ozone/hdds-common/1.3.0-SNAPSHOT/hdds-common-1.3.0-SNAPSHOT.jar!/network-topology-default.xml]
2022-05-26 01:45:38,286 [Listener at 127.0.0.1/36169] INFO  net.NodeSchemaLoader (NodeSchemaLoader.java:loadSchema(176)) - Loading network topology layer schema file
2022-05-26 01:45:38,297 [Listener at 127.0.0.1/36169] INFO  ha.SequenceIdGenerator (SequenceIdGenerator.java:upgradeToSequenceId(347)) - upgrade localId to 109611004723200000
2022-05-26 01:45:38,297 [Listener at 127.0.0.1/36169] INFO  ha.SequenceIdGenerator (SequenceIdGenerator.java:upgradeToSequenceId(357)) - upgrade delTxnId to 0
2022-05-26 01:45:38,297 [Listener at 127.0.0.1/36169] INFO  ha.SequenceIdGenerator (SequenceIdGenerator.java:upgradeToSequenceId(374)) - upgrade containerId to 0
2022-05-26 01:45:38,297 [Listener at 127.0.0.1/36169] INFO  ha.SequenceIdGenerator (SequenceIdGenerator.java:<init>(218)) - Init the HA SequenceIdGenerator.
2022-05-26 01:45:38,298 [Listener at 127.0.0.1/36169] WARN  server.ServerUtils (ServerUtils.java:sanitizeUserArgs(73)) - ozone.scm.stale.node.interval value = 300000 is larger than max = 100000 based on the key value of ozone.scm.heartbeat.thread.interval, reset to the max value 100000.
2022-05-26 01:45:38,298 [Listener at 127.0.0.1/36169] WARN  server.ServerUtils (ServerUtils.java:sanitizeUserArgs(73)) - ozone.scm.stale.node.interval value = 300000 is larger than max = 100000 based on the key value of ozone.scm.heartbeat.thread.interval, reset to the max value 100000.
2022-05-26 01:45:38,311 [Listener at 127.0.0.1/36169] INFO  node.SCMNodeManager (SCMNodeManager.java:<init>(148)) - Entering startup safe mode.
2022-05-26 01:45:38,311 [Listener at 127.0.0.1/36169] INFO  algorithms.ContainerPlacementPolicyFactory (ContainerPlacementPolicyFactory.java:getPolicyInternal(86)) - Create container placement policy of type org.apache.hadoop.hdds.scm.container.placement.algorithms.SCMContainerPlacementRandom
2022-05-26 01:45:38,312 [Listener at 127.0.0.1/36169] INFO  pipeline.PipelineStateManagerImpl (PipelineStateManagerImpl.java:initialize(78)) - No pipeline exists in current db
2022-05-26 01:45:38,312 [Listener at 127.0.0.1/36169] INFO  algorithms.LeaderChoosePolicyFactory (LeaderChoosePolicyFactory.java:getPolicy(57)) - Create leader choose policy of type org.apache.hadoop.hdds.scm.pipeline.leader.choose.algorithms.MinLeaderCountChoosePolicy
2022-05-26 01:45:38,312 [Listener at 127.0.0.1/36169] INFO  algorithms.ContainerPlacementPolicyFactory (ContainerPlacementPolicyFactory.java:getPolicyInternal(86)) - Create container placement policy of type org.apache.hadoop.hdds.scm.container.placement.algorithms.SCMContainerPlacementRackScatter
2022-05-26 01:45:38,312 [Listener at 127.0.0.1/36169] INFO  pipeline.BackgroundPipelineCreator (BackgroundPipelineCreator.java:start(125)) - Starting RatisPipelineUtilsThread.
2022-05-26 01:45:38,342 [Listener at 127.0.0.1/36169] INFO  pipeline.BackgroundPipelineScrubber (BackgroundPipelineScrubber.java:start(126)) - Starting BackgroundPipelineScrubber Service.
2022-05-26 01:45:38,342 [Listener at 127.0.0.1/36169] INFO  ha.SCMServiceManager (SCMServiceManager.java:register(42)) - Registering service BackgroundPipelineCreator.
2022-05-26 01:45:38,342 [Listener at 127.0.0.1/36169] INFO  ha.SCMServiceManager (SCMServiceManager.java:register(42)) - Registering service BackgroundPipelineScrubber.
2022-05-26 01:45:38,342 [Listener at 127.0.0.1/36169] INFO  ExpiredContainerReplicaOpScrubber (BackgroundSCMService.java:start(68)) - Starting ExpiredContainerReplicaOpScrubber Service.
2022-05-26 01:45:38,343 [Listener at 127.0.0.1/36169] INFO  ha.SCMServiceManager (SCMServiceManager.java:register(42)) - Registering service ExpiredContainerReplicaOpScrubber.
2022-05-26 01:45:38,343 [Listener at 127.0.0.1/36169] INFO  algorithms.PipelineChoosePolicyFactory (PipelineChoosePolicyFactory.java:createPipelineChoosePolicyFromClass(73)) - Create pipeline choose policy of type org.apache.hadoop.hdds.scm.pipeline.choose.algorithms.RandomPipelineChoosePolicy
2022-05-26 01:45:38,344 [Listener at 127.0.0.1/36169] INFO  ha.SCMServiceManager (SCMServiceManager.java:register(42)) - Registering service SCMBlockDeletingService.
2022-05-26 01:45:38,344 [Listener at 127.0.0.1/36169] INFO  ha.SCMServiceManager (SCMServiceManager.java:register(42)) - Registering service ReplicationManager.
2022-05-26 01:45:38,344 [Listener at 127.0.0.1/36169] INFO  replication.ReplicationManager (ReplicationManager.java:start(179)) - Starting Replication Monitor Thread.
2022-05-26 01:45:38,345 [Listener at 127.0.0.1/36169] INFO  safemode.ContainerSafeModeRule (ContainerSafeModeRule.java:<init>(89)) - containers with one replica threshold count 0
2022-05-26 01:45:38,345 [Listener at 127.0.0.1/36169] INFO  safemode.HealthyPipelineSafeModeRule (HealthyPipelineSafeModeRule.java:initializeRule(156)) - Total pipeline count is 0, healthy pipeline threshold count is 1
2022-05-26 01:45:38,345 [Listener at 127.0.0.1/36169] INFO  safemode.OneReplicaPipelineSafeModeRule (OneReplicaPipelineSafeModeRule.java:initializeRule(180)) - Total pipeline count is 0, pipeline's with at least one datanode reported threshold count is 0
2022-05-26 01:45:38,346 [Listener at 127.0.0.1/36169] INFO  ipc.CallQueueManager (CallQueueManager.java:<init>(90)) - Using callQueue: class java.util.concurrent.LinkedBlockingQueue, queueCapacity: 2000, scheduler: class org.apache.hadoop.ipc.DefaultRpcScheduler, ipcBackoff: false.
2022-05-26 01:45:38,346 [Socket Reader #1 for port 0] INFO  ipc.Server (Server.java:run(1265)) - Starting Socket Reader #1 for port 0
2022-05-26 01:45:38,347 [Listener at 0.0.0.0/42687] INFO  ipc.CallQueueManager (CallQueueManager.java:<init>(90)) - Using callQueue: class java.util.concurrent.LinkedBlockingQueue, queueCapacity: 2000, scheduler: class org.apache.hadoop.ipc.DefaultRpcScheduler, ipcBackoff: false.
2022-05-26 01:45:38,348 [Socket Reader #1 for port 0] INFO  ipc.Server (Server.java:run(1265)) - Starting Socket Reader #1 for port 0
2022-05-26 01:45:38,348 [Listener at 0.0.0.0/33177] INFO  ipc.CallQueueManager (CallQueueManager.java:<init>(90)) - Using callQueue: class java.util.concurrent.LinkedBlockingQueue, queueCapacity: 2000, scheduler: class org.apache.hadoop.ipc.DefaultRpcScheduler, ipcBackoff: false.
2022-05-26 01:45:38,363 [Socket Reader #1 for port 0] INFO  ipc.Server (Server.java:run(1265)) - Starting Socket Reader #1 for port 0
2022-05-26 01:45:38,380 [ReplicationMonitor] INFO  replication.ReplicationManager (ReplicationManager.java:processAll(228)) - Replication Manager is not ready to run until 3000ms after safemode exit
2022-05-26 01:45:38,482 [Listener at 0.0.0.0/43233] INFO  server.StorageContainerManager (StorageContainerManager.java:<init>(400)) - 
Container Balancer status:
Key                            Value
Running                        false
Container Balancer Configuration values:
Key                                                Value
Threshold                                          10
Max Datanodes to Involve per Iteration(percent)    20
Max Size to Move per Iteration                     500GB
Max Size Entering Target per Iteration             26GB
Max Size Leaving Source per Iteration              26GB

2022-05-26 01:45:38,482 [Listener at 0.0.0.0/43233] WARN  events.EventQueue (EventQueue.java:fireEvent(194)) - No event handler registered for event TypedEvent{payloadType=SafeModeStatus, name='Safe mode status'}
2022-05-26 01:45:38,482 [Listener at 0.0.0.0/43233] INFO  ha.SCMContext (SCMContext.java:updateSafeModeStatus(211)) - Update SafeModeStatus from SafeModeStatus{safeModeStatus=true, preCheckPassed=false} to SafeModeStatus{safeModeStatus=true, preCheckPassed=false}.
2022-05-26 01:45:38,483 [Listener at 0.0.0.0/43233] INFO  server.StorageContainerManager (StorageContainerManager.java:start(1385)) - StorageContainerLocationProtocol RPC server is listening at /0.0.0.0:43233
2022-05-26 01:45:38,484 [Listener at 0.0.0.0/43233] WARN  impl.MetricsConfig (MetricsConfig.java:loadFirst(136)) - Cannot locate configuration: tried hadoop-metrics2-storagecontainermanager.properties,hadoop-metrics2.properties
2022-05-26 01:45:38,489 [Listener at 0.0.0.0/43233] INFO  impl.MetricsSystemImpl (MetricsSystemImpl.java:startTimer(378)) - Scheduled Metric snapshot period at 10 second(s).
2022-05-26 01:45:38,489 [Listener at 0.0.0.0/43233] INFO  impl.MetricsSystemImpl (MetricsSystemImpl.java:start(191)) - StorageContainerManager metrics system started
2022-05-26 01:45:38,584 [Listener at 0.0.0.0/43233] INFO  impl.MetricsSinkAdapter (MetricsSinkAdapter.java:start(204)) - Sink prometheus started
2022-05-26 01:45:38,584 [Listener at 0.0.0.0/43233] INFO  impl.MetricsSystemImpl (MetricsSystemImpl.java:registerSink(305)) - Registered sink prometheus
2022-05-26 01:45:38,623 [Listener at 0.0.0.0/43233] INFO  server.SCMClientProtocolServer (SCMClientProtocolServer.java:start(169)) - RPC server for Client  is listening at /0.0.0.0:43233
2022-05-26 01:45:38,624 [IPC Server Responder] INFO  ipc.Server (Server.java:run(1507)) - IPC Server Responder: starting
2022-05-26 01:45:38,624 [IPC Server listener on 0] INFO  ipc.Server (Server.java:run(1344)) - IPC Server listener on 0: starting
2022-05-26 01:45:38,814 [Listener at 0.0.0.0/43233] INFO  server.StorageContainerManager (StorageContainerManager.java:start(1400)) - ScmBlockLocationProtocol RPC server is listening at /0.0.0.0:33177
2022-05-26 01:45:38,814 [Listener at 0.0.0.0/43233] INFO  server.SCMBlockProtocolServer (SCMBlockProtocolServer.java:start(151)) - RPC server for Block Protocol is listening at /0.0.0.0:33177
2022-05-26 01:45:38,815 [IPC Server Responder] INFO  ipc.Server (Server.java:run(1507)) - IPC Server Responder: starting
2022-05-26 01:45:38,822 [IPC Server listener on 0] INFO  ipc.Server (Server.java:run(1344)) - IPC Server listener on 0: starting
2022-05-26 01:45:38,894 [Listener at 0.0.0.0/43233] INFO  server.SCMDatanodeProtocolServer (SCMDatanodeProtocolServer.java:start(183)) - ScmDatanodeProtocol RPC server for DataNodes is listening at /0.0.0.0:42687
2022-05-26 01:45:38,894 [IPC Server Responder] INFO  ipc.Server (Server.java:run(1507)) - IPC Server Responder: starting
2022-05-26 01:45:38,895 [IPC Server listener on 0] INFO  ipc.Server (Server.java:run(1344)) - IPC Server listener on 0: starting
2022-05-26 01:45:38,932 [Listener at 0.0.0.0/43233] INFO  http.BaseHttpServer (BaseHttpServer.java:newHttpServer2BuilderForOzone(209)) - Starting Web-server for scm at: http://0.0.0.0:0
2022-05-26 01:45:38,932 [Listener at 0.0.0.0/43233] INFO  http.BaseHttpServer (BaseHttpServer.java:<init>(107)) - Hadoop Security Enabled: false Ozone Security Enabled: false Ozone HTTP Security Enabled: false 
2022-05-26 01:45:38,933 [org.apache.hadoop.util.JvmPauseMonitor$Monitor@53418cc0] INFO  util.JvmPauseMonitor (JvmPauseMonitor.java:run(188)) - Starting JVM pause monitor
2022-05-26 01:45:38,934 [Listener at 0.0.0.0/43233] INFO  server.AuthenticationFilter (AuthenticationFilter.java:constructSecretProvider(240)) - Unable to initialize FileSignerSecretProvider, falling back to use random secrets.
2022-05-26 01:45:38,935 [Listener at 0.0.0.0/43233] WARN  http.HttpRequestLog (HttpRequestLog.java:getRequestLog(103)) - Jetty request log can only be enabled using Log4j
2022-05-26 01:45:38,936 [Listener at 0.0.0.0/43233] INFO  http.HttpServer2 (HttpServer2.java:addGlobalFilter(1030)) - Added global filter 'safety' (class=org.apache.hadoop.hdds.server.http.HttpServer2$QuotingInputFilter)
2022-05-26 01:45:38,936 [Listener at 0.0.0.0/43233] INFO  http.HttpServer2 (HttpServer2.java:addFilter(1006)) - Added filter static_user_filter (class=org.apache.hadoop.http.lib.StaticUserWebFilter$StaticUserFilter) to context scm
2022-05-26 01:45:38,936 [Listener at 0.0.0.0/43233] INFO  http.HttpServer2 (HttpServer2.java:addFilter(1014)) - Added filter static_user_filter (class=org.apache.hadoop.http.lib.StaticUserWebFilter$StaticUserFilter) to context logs
2022-05-26 01:45:38,936 [Listener at 0.0.0.0/43233] INFO  http.HttpServer2 (HttpServer2.java:addFilter(1014)) - Added filter static_user_filter (class=org.apache.hadoop.http.lib.StaticUserWebFilter$StaticUserFilter) to context static
2022-05-26 01:45:38,937 [Listener at 0.0.0.0/43233] INFO  http.HttpServer2 (HttpServer2.java:bindListener(1249)) - Jetty bound to port 33219
2022-05-26 01:45:38,937 [Listener at 0.0.0.0/43233] INFO  server.Server (Server.java:doStart(375)) - jetty-9.4.43.v20210629; built: 2021-06-30T11:07:22.254Z; git: 526006ecfa3af7f1a27ef3a288e2bef7ea9dd7e8; jvm 1.8.0_332-b09
2022-05-26 01:45:38,942 [Listener at 0.0.0.0/43233] INFO  server.session (DefaultSessionIdManager.java:doStart(334)) - DefaultSessionIdManager workerName=node0
2022-05-26 01:45:38,942 [Listener at 0.0.0.0/43233] INFO  server.session (DefaultSessionIdManager.java:doStart(339)) - No SessionScavenger set, using defaults
2022-05-26 01:45:38,949 [Listener at 0.0.0.0/43233] INFO  server.session (HouseKeeper.java:startScavenging(132)) - node0 Scavenging every 660000ms
2022-05-26 01:45:38,952 [Listener at 0.0.0.0/43233] INFO  handler.ContextHandler (ContextHandler.java:doStart(915)) - Started o.e.j.s.ServletContextHandler@22b51ab4{logs,/logs,file:///home/runner/work/ozone/ozone/hadoop-ozone/integration-test/target/log,AVAILABLE}
2022-05-26 01:45:38,985 [Listener at 0.0.0.0/43233] INFO  handler.ContextHandler (ContextHandler.java:doStart(915)) - Started o.e.j.s.ServletContextHandler@7556a83e{static,/static,file:///home/runner/work/ozone/ozone/hadoop-ozone/integration-test/target/test-classes/webapps/static,AVAILABLE}
2022-05-26 01:45:38,988 [Listener at 0.0.0.0/43233] INFO  handler.ContextHandler (ContextHandler.java:doStart(915)) - Started o.e.j.w.WebAppContext@52e2ea7a{scm,/,file:///home/runner/work/ozone/ozone/hadoop-ozone/integration-test/target/test-classes/webapps/scm/,AVAILABLE}{file:/home/runner/work/ozone/ozone/hadoop-ozone/integration-test/target/test-classes/webapps/scm}
2022-05-26 01:45:39,004 [Listener at 0.0.0.0/43233] INFO  server.AbstractConnector (AbstractConnector.java:doStart(331)) - Started ServerConnector@216bd7cb{HTTP/1.1, (http/1.1)}{0.0.0.0:33219}
2022-05-26 01:45:39,005 [Listener at 0.0.0.0/43233] INFO  server.Server (Server.java:doStart(415)) - Started @177776ms
2022-05-26 01:45:39,005 [Listener at 0.0.0.0/43233] WARN  impl.MetricsSystemImpl (MetricsSystemImpl.java:register(279)) - Sink prometheus already exists!
2022-05-26 01:45:39,005 [Listener at 0.0.0.0/43233] INFO  http.BaseHttpServer (BaseHttpServer.java:updateConnectorAddress(329)) - HTTP server of scm listening at http://0.0.0.0:33219
2022-05-26 01:45:39,006 [Listener at 0.0.0.0/43233] WARN  server.ServerUtils (ServerUtils.java:getDBPath(225)) - ozone.om.db.dirs is not configured. We recommend adding this setting. Falling back to ozone.metadata.dirs instead.
2022-05-26 01:45:39,015 [Listener at 0.0.0.0/43233] INFO  ha.OMHANodeDetails (OMHANodeDetails.java:loadOMHAConfig(115)) - ozone.om.internal.service.id is not defined, falling back to ozone.om.service.ids to find serviceID for OzoneManager if it is HA enabled cluster
2022-05-26 01:45:39,015 [Listener at 0.0.0.0/43233] INFO  ha.OMHANodeDetails (OMHANodeDetails.java:loadOMHAConfig(226)) - Configuration does not have ozone.om.address set. Falling back to the default OM address /127.0.0.1:0
2022-05-26 01:45:39,015 [Listener at 0.0.0.0/43233] INFO  ha.OMHANodeDetails (OMHANodeDetails.java:getOMNodeDetailsForNonHA(254)) - OM Service ID is not set. Setting it to the default ID: omServiceIdDefault
2022-05-26 01:45:39,015 [Listener at 0.0.0.0/43233] INFO  ha.OMHANodeDetails (OMHANodeDetails.java:getOMNodeDetailsForNonHA(261)) - OM Node ID is not set. Setting it to the default ID: om1
2022-05-26 01:45:39,016 [Listener at 0.0.0.0/43233] WARN  server.ServerUtils (ServerUtils.java:getDBPath(225)) - ozone.om.db.dirs is not configured. We recommend adding this setting. Falling back to ozone.metadata.dirs instead.
2022-05-26 01:45:39,016 [Listener at 0.0.0.0/43233] INFO  upgrade.AbstractLayoutVersionManager (AbstractLayoutVersionManager.java:init(79)) - Initializing Layout version manager with metadata layout = BUCKET_LAYOUT_SUPPORT (version = 2), software layout = BUCKET_LAYOUT_SUPPORT (version = 2)
2022-05-26 01:45:39,292 [Listener at 0.0.0.0/43233] INFO  reflections.Reflections (Reflections.java:scan(232)) - Reflections took 275 ms to scan 2 urls, producing 143 keys and 371 values [using 2 cores]
2022-05-26 01:45:39,292 [Listener at 0.0.0.0/43233] INFO  upgrade.OMLayoutVersionManager (OMLayoutVersionManager.java:lambda$0(115)) - Skipping Upgrade Action MockOmUpgradeAction since it has been finalized.
2022-05-26 01:45:39,293 [Listener at 0.0.0.0/43233] WARN  server.ServerUtils (ServerUtils.java:getDBPath(225)) - ozone.om.db.dirs is not configured. We recommend adding this setting. Falling back to ozone.metadata.dirs instead.
2022-05-26 01:45:39,293 [Listener at 0.0.0.0/43233] INFO  proxy.SCMBlockLocationFailoverProxyProvider (SCMBlockLocationFailoverProxyProvider.java:<init>(114)) - Created block location fail-over proxy with 1 nodes: [nodeId=scmNodeId,nodeAddress=/0.0.0.0:33177]
2022-05-26 01:45:39,294 [Listener at 0.0.0.0/43233] INFO  proxy.SCMBlockLocationFailoverProxyProvider (SCMBlockLocationFailoverProxyProvider.java:<init>(114)) - Created block location fail-over proxy with 1 nodes: [nodeId=scmNodeId,nodeAddress=/0.0.0.0:33177]
2022-05-26 01:45:39,405 [Listener at 0.0.0.0/43233] WARN  server.ServerUtils (ServerUtils.java:getDBPath(225)) - ozone.om.db.dirs is not configured. We recommend adding this setting. Falling back to ozone.metadata.dirs instead.
2022-05-26 01:45:39,406 [Listener at 0.0.0.0/43233] INFO  codec.OmKeyInfoCodec (OmKeyInfoCodec.java:<init>(49)) - OmKeyInfoCodec ignorePipeline = true
2022-05-26 01:45:39,406 [Listener at 0.0.0.0/43233] INFO  codec.RepeatedOmKeyInfoCodec (RepeatedOmKeyInfoCodec.java:<init>(41)) - RepeatedOmKeyInfoCodec ignorePipeline = true
2022-05-26 01:45:39,901 [Listener at 0.0.0.0/43233] INFO  om.OzoneManager (OzoneManager.java:addS3GVolumeToDB(3894)) - Created Volume s3v With Owner runner required for S3Gateway operations.
2022-05-26 01:45:39,901 [Listener at 0.0.0.0/43233] WARN  server.ServerUtils (ServerUtils.java:getDefaultRatisDirectory(237)) - Storage directory for Ratis is not configured. It is a good idea to map this to an SSD disk. Falling back to ozone.metadata.dirs
2022-05-26 01:45:39,902 [Listener at 0.0.0.0/43233] WARN  utils.OzoneManagerRatisUtils (OzoneManagerRatisUtils.java:getOMRatisSnapshotDirectory(395)) - ozone.om.ratis.snapshot.dir is not configured. Falling back to ozone.metadata.dirs config
2022-05-26 01:45:39,902 [Listener at 0.0.0.0/43233] WARN  server.ServerUtils (ServerUtils.java:getDefaultRatisDirectory(237)) - Storage directory for Ratis is not configured. It is a good idea to map this to an SSD disk. Falling back to ozone.metadata.dirs
2022-05-26 01:45:39,903 [Listener at 0.0.0.0/43233] INFO  ratis.OzoneManagerRatisServer (OzoneManagerRatisServer.java:<init>(159)) - Instantiating OM Ratis server with groupID: omServiceIdDefault and peers: localhost:9872
2022-05-26 01:45:39,903 [Listener at 0.0.0.0/43233] INFO  ratis.OzoneManagerStateMachine (OzoneManagerStateMachine.java:loadSnapshotInfoFromDB(627)) - LastAppliedIndex is set from TransactionInfo from OM DB as (t:0, i:~)
2022-05-26 01:45:39,904 [Listener at 0.0.0.0/43233] INFO  server.RaftServer (ConfUtils.java:logGet(46)) - raft.rpc.type = GRPC (default)
2022-05-26 01:45:39,904 [Listener at 0.0.0.0/43233] INFO  grpc.GrpcFactory (GrpcFactory.java:checkPooledByteBufAllocatorUseCacheForAllThreads(48)) - PERFORMANCE WARNING: useCacheForAllThreads is true that may cause Netty to create a lot garbage objects and, as a result, trigger GC.
	It is recommended to disable useCacheForAllThreads by setting -Dorg.apache.ratis.thirdparty.io.netty.allocator.useCacheForAllThreads=false in command line.
2022-05-26 01:45:39,904 [Listener at 0.0.0.0/43233] INFO  grpc.GrpcConfigKeys (ConfUtils.java:logGet(46)) - raft.grpc.admin.port = -1 (default)
2022-05-26 01:45:39,904 [Listener at 0.0.0.0/43233] INFO  grpc.GrpcConfigKeys (ConfUtils.java:logGet(46)) - raft.grpc.server.port = 9872 (custom)
2022-05-26 01:45:39,904 [Listener at 0.0.0.0/43233] INFO  grpc.GrpcConfigKeys (ConfUtils.java:logGet(46)) - raft.grpc.client.port = -1 (default)
2022-05-26 01:45:39,904 [Listener at 0.0.0.0/43233] INFO  grpc.GrpcConfigKeys (ConfUtils.java:logGet(46)) - raft.grpc.server.port = 9872 (custom)
2022-05-26 01:45:39,905 [Listener at 0.0.0.0/43233] INFO  grpc.GrpcConfigKeys (ConfUtils.java:logGet(46)) - raft.grpc.server.port = 9872 (custom)
2022-05-26 01:45:39,905 [Listener at 0.0.0.0/43233] INFO  server.GrpcService (ConfUtils.java:logGet(46)) - raft.grpc.message.size.max = 33554432 (custom)
2022-05-26 01:45:39,905 [Listener at 0.0.0.0/43233] INFO  server.RaftServerConfigKeys (ConfUtils.java:logGet(46)) - raft.server.log.appender.buffer.byte-limit = 33554432 (custom)
2022-05-26 01:45:39,905 [Listener at 0.0.0.0/43233] INFO  server.GrpcService (ConfUtils.java:logGet(46)) - raft.grpc.flow.control.window = 1MB (=1048576) (default)
2022-05-26 01:45:39,905 [Listener at 0.0.0.0/43233] INFO  server.RaftServerConfigKeys (ConfUtils.java:logGet(46)) - raft.server.rpc.request.timeout = 3000ms (default)
2022-05-26 01:45:39,905 [Listener at 0.0.0.0/43233] INFO  grpc.GrpcConfigKeys (ConfUtils.java:logGet(46)) - raft.grpc.server.async.request.thread.pool.cached = true (default)
2022-05-26 01:45:39,905 [Listener at 0.0.0.0/43233] INFO  grpc.GrpcConfigKeys (ConfUtils.java:logGet(46)) - raft.grpc.server.async.request.thread.pool.size = 32 (default)
2022-05-26 01:45:39,907 [Listener at 0.0.0.0/43233] INFO  impl.DataStreamServerImpl (ConfUtils.java:logGet(46)) - raft.datastream.type = DISABLED (default)
2022-05-26 01:45:39,907 [Listener at 0.0.0.0/43233] INFO  server.RaftServerConfigKeys (ConfUtils.java:logGet(46)) - raft.server.threadpool.proxy.cached = true (default)
2022-05-26 01:45:39,907 [Listener at 0.0.0.0/43233] INFO  server.RaftServerConfigKeys (ConfUtils.java:logGet(46)) - raft.server.threadpool.proxy.size = 0 (default)
2022-05-26 01:45:39,907 [Listener at 0.0.0.0/43233] INFO  server.RaftServerConfigKeys (ConfUtils.java:logGet(46)) - raft.server.rpc.slowness.timeout = 120s (custom)
2022-05-26 01:45:39,907 [Listener at 0.0.0.0/43233] INFO  server.RaftServerConfigKeys (ConfUtils.java:logGet(46)) - raft.server.leaderelection.leader.step-down.wait-time = 10s (default)
2022-05-26 01:45:39,907 [Listener at 0.0.0.0/43233] INFO  server.RaftServerConfigKeys (ConfUtils.java:logGet(46)) - raft.server.storage.dir = [/home/runner/work/ozone/ozone/hadoop-ozone/integration-test/target/test-dir/MiniOzoneClusterImpl-aa3443fb-1a09-40de-9b9d-4cb3f15163de/ozone-meta/ratis] (custom)
2022-05-26 01:45:39,908 [Listener at 0.0.0.0/43233] INFO  server.RaftServer (RaftServerProxy.java:addNew(96)) - om1: addNew group-C5BA1605619E:[om1|rpc:localhost:9872|priority:0] returns group-C5BA1605619E:java.util.concurrent.CompletableFuture@3d4fc9f5[Not completed]
2022-05-26 01:45:39,908 [Listener at 0.0.0.0/43233] INFO  om.OzoneManager (OzoneManager.java:initializeRatisServer(1901)) - OzoneManager Ratis server initialized at port 9872
2022-05-26 01:45:39,909 [Listener at 0.0.0.0/43233] INFO  om.OzoneManager (OzoneManager.java:getRpcServer(1030)) - Creating RPC Server
2022-05-26 01:45:39,910 [pool-561-thread-1] INFO  server.RaftServer$Division (RaftServerImpl.java:<init>(190)) - om1: new RaftServerImpl for group-C5BA1605619E:[om1|rpc:localhost:9872|priority:0] with OzoneManagerStateMachine:uninitialized
2022-05-26 01:45:39,910 [pool-561-thread-1] INFO  server.RaftServerConfigKeys (ConfUtils.java:logGet(46)) - raft.server.rpc.timeout.min = 1s (custom)
2022-05-26 01:45:39,910 [pool-561-thread-1] INFO  server.RaftServerConfigKeys (ConfUtils.java:logGet(46)) - raft.server.rpc.timeout.max = 1200ms (custom)
2022-05-26 01:45:39,910 [pool-561-thread-1] INFO  server.RaftServerConfigKeys (ConfUtils.java:logGet(46)) - raft.server.rpc.sleep.time = 25ms (default)
2022-05-26 01:45:39,910 [pool-561-thread-1] INFO  server.RaftServerConfigKeys (ConfUtils.java:logGet(46)) - raft.server.rpc.slowness.timeout = 120s (custom)
2022-05-26 01:45:39,910 [pool-561-thread-1] INFO  server.RaftServerConfigKeys (ConfUtils.java:logGet(46)) - raft.server.leaderelection.leader.step-down.wait-time = 10s (default)
2022-05-26 01:45:39,910 [pool-561-thread-1] INFO  server.RaftServerConfigKeys (ConfUtils.java:logGet(46)) - raft.server.sleep.deviation.threshold = 300ms (default)
2022-05-26 01:45:39,910 [pool-561-thread-1] INFO  server.RaftServer$Division (ServerState.java:<init>(107)) - om1@group-C5BA1605619E: ConfigurationManager, init=-1: [om1|rpc:localhost:9872|priority:0], old=null, confs=<EMPTY_MAP>
2022-05-26 01:45:39,910 [pool-561-thread-1] INFO  server.RaftServerConfigKeys (ConfUtils.java:logGet(46)) - raft.server.storage.dir = [/home/runner/work/ozone/ozone/hadoop-ozone/integration-test/target/test-dir/MiniOzoneClusterImpl-aa3443fb-1a09-40de-9b9d-4cb3f15163de/ozone-meta/ratis] (custom)
2022-05-26 01:45:39,910 [pool-561-thread-1] INFO  server.RaftServerConfigKeys (ConfUtils.java:logGet(46)) - raft.server.log.corruption.policy = EXCEPTION (default)
2022-05-26 01:45:39,910 [pool-561-thread-1] INFO  server.RaftServerConfigKeys (ConfUtils.java:logGet(46)) - raft.server.storage.free-space.min = 0MB (=0) (default)
2022-05-26 01:45:39,910 [pool-561-thread-1] INFO  storage.RaftStorageDirectory (RaftStorageDirectoryImpl.java:analyzeStorage(135)) - The storage directory /home/runner/work/ozone/ozone/hadoop-ozone/integration-test/target/test-dir/MiniOzoneClusterImpl-aa3443fb-1a09-40de-9b9d-4cb3f15163de/ozone-meta/ratis/bf265839-605b-3f16-9796-c5ba1605619e does not exist. Creating ...
2022-05-26 01:45:39,912 [pool-561-thread-1] INFO  storage.RaftStorageDirectory (RaftStorageDirectoryImpl.java:tryLock(230)) - Lock on /home/runner/work/ozone/ozone/hadoop-ozone/integration-test/target/test-dir/MiniOzoneClusterImpl-aa3443fb-1a09-40de-9b9d-4cb3f15163de/ozone-meta/ratis/bf265839-605b-3f16-9796-c5ba1605619e/in_use.lock acquired by nodename 11847@fv-az270-854
2022-05-26 01:45:39,917 [pool-561-thread-1] INFO  storage.RaftStorage (RaftStorageImpl.java:format(89)) - Storage directory /home/runner/work/ozone/ozone/hadoop-ozone/integration-test/target/test-dir/MiniOzoneClusterImpl-aa3443fb-1a09-40de-9b9d-4cb3f15163de/ozone-meta/ratis/bf265839-605b-3f16-9796-c5ba1605619e has been successfully formatted.
2022-05-26 01:45:39,917 [pool-561-thread-1] INFO  server.RaftServerConfigKeys (ConfUtils.java:logGet(46)) - raft.server.notification.no-leader.timeout = 120s (custom)
2022-05-26 01:45:39,918 [pool-561-thread-1] INFO  server.RaftServerConfigKeys (ConfUtils.java:logGet(46)) - raft.server.log.use.memory = false (default)
2022-05-26 01:45:39,918 [pool-561-thread-1] INFO  server.RaftServerConfigKeys (ConfUtils.java:logGet(46)) - raft.server.log.purge.gap = 1000000 (custom)
2022-05-26 01:45:39,918 [pool-561-thread-1] INFO  server.RaftServerConfigKeys (ConfUtils.java:logGet(46)) - raft.server.log.appender.buffer.byte-limit = 33554432 (custom)
2022-05-26 01:45:39,918 [pool-561-thread-1] INFO  server.RaftServerConfigKeys (ConfUtils.java:logGet(46)) - raft.server.log.statemachine.data.read.timeout = 1000ms (default)
2022-05-26 01:45:39,918 [pool-561-thread-1] INFO  server.RaftServerConfigKeys (ConfUtils.java:logGet(46)) - raft.server.log.segment.size.max = 4194304 (custom)
2022-05-26 01:45:39,918 [pool-561-thread-1] INFO  server.RaftServerConfigKeys (ConfUtils.java:logGet(46)) - raft.server.log.segment.cache.num.max = 2 (custom)
2022-05-26 01:45:39,918 [pool-561-thread-1] INFO  server.RaftServerConfigKeys (ConfUtils.java:logGet(46)) - raft.server.log.segment.cache.size.max = 200MB (=209715200) (default)
2022-05-26 01:45:39,918 [pool-561-thread-1] INFO  segmented.SegmentedRaftLogWorker (SegmentedRaftLogWorker.java:<init>(187)) - new om1@group-C5BA1605619E-SegmentedRaftLogWorker for RaftStorageImpl:Storage Directory /home/runner/work/ozone/ozone/hadoop-ozone/integration-test/target/test-dir/MiniOzoneClusterImpl-aa3443fb-1a09-40de-9b9d-4cb3f15163de/ozone-meta/ratis/bf265839-605b-3f16-9796-c5ba1605619e
2022-05-26 01:45:39,918 [pool-561-thread-1] INFO  server.RaftServerConfigKeys (ConfUtils.java:logGet(46)) - raft.server.log.queue.byte-limit = 64MB (=67108864) (default)
2022-05-26 01:45:39,918 [pool-561-thread-1] INFO  server.RaftServerConfigKeys (ConfUtils.java:logGet(46)) - raft.server.log.queue.element-limit = 4096 (default)
2022-05-26 01:45:39,918 [pool-561-thread-1] INFO  server.RaftServerConfigKeys (ConfUtils.java:logGet(46)) - raft.server.log.segment.size.max = 4194304 (custom)
2022-05-26 01:45:39,918 [pool-561-thread-1] INFO  server.RaftServerConfigKeys (ConfUtils.java:logGet(46)) - raft.server.log.preallocated.size = 4194304 (custom)
2022-05-26 01:45:39,918 [pool-561-thread-1] INFO  server.RaftServerConfigKeys (ConfUtils.java:logGet(46)) - raft.server.log.force.sync.num = 128 (default)
2022-05-26 01:45:39,918 [pool-561-thread-1] INFO  server.RaftServerConfigKeys (ConfUtils.java:logGet(46)) - raft.server.log.statemachine.data.sync = true (default)
2022-05-26 01:45:39,919 [pool-561-thread-1] INFO  server.RaftServerConfigKeys (ConfUtils.java:logGet(46)) - raft.server.log.statemachine.data.sync.timeout = 10s (default)
2022-05-26 01:45:39,919 [pool-561-thread-1] INFO  server.RaftServerConfigKeys (ConfUtils.java:logGet(46)) - raft.server.log.statemachine.data.sync.timeout.retry = -1 (default)
2022-05-26 01:45:39,919 [pool-561-thread-1] INFO  server.RaftServerConfigKeys (ConfUtils.java:logGet(46)) - raft.server.log.write.buffer.size = 64KB (=65536) (default)
2022-05-26 01:45:39,919 [pool-561-thread-1] INFO  server.RaftServerConfigKeys (ConfUtils.java:logGet(46)) - raft.server.log.unsafe-flush.enabled = false (default)
2022-05-26 01:45:39,919 [pool-561-thread-1] INFO  server.RaftServerConfigKeys (ConfUtils.java:logGet(46)) - raft.server.log.statemachine.data.caching.enabled = false (default)
2022-05-26 01:45:39,920 [pool-561-thread-1] INFO  segmented.SegmentedRaftLogWorker (SegmentedRaftLogWorker.java:lambda$new$0(135)) - om1@group-C5BA1605619E-SegmentedRaftLogWorker: flushIndex: setUnconditionally 0 -> -1
2022-05-26 01:45:39,920 [pool-561-thread-1] INFO  segmented.SegmentedRaftLogWorker (SegmentedRaftLogWorker.java:lambda$new$0(135)) - om1@group-C5BA1605619E-SegmentedRaftLogWorker: safeCacheEvictIndex: setUnconditionally 0 -> -1
2022-05-26 01:45:39,932 [pool-561-thread-1] INFO  server.RaftServerConfigKeys (ConfUtils.java:logGet(46)) - raft.server.snapshot.auto.trigger.enabled = true (custom)
2022-05-26 01:45:39,932 [pool-561-thread-1] INFO  server.RaftServerConfigKeys (ConfUtils.java:logGet(46)) - raft.server.snapshot.auto.trigger.threshold = 400000 (default)
2022-05-26 01:45:39,932 [pool-561-thread-1] INFO  server.RaftServerConfigKeys (ConfUtils.java:logGet(46)) - raft.server.snapshot.retention.file.num = -1 (default)
2022-05-26 01:45:39,932 [pool-561-thread-1] INFO  server.RaftServerConfigKeys (ConfUtils.java:logGet(46)) - raft.server.log.purge.upto.snapshot.index = true (custom)
2022-05-26 01:45:39,932 [pool-561-thread-1] INFO  server.RaftServerConfigKeys (ConfUtils.java:logGet(46)) - raft.server.retrycache.expirytime = 300s (custom)
2022-05-26 01:45:39,932 [pool-561-thread-1] INFO  server.RaftServerConfigKeys (ConfUtils.java:logGet(46)) - raft.server.retrycache.statistics.expirytime = 100μs (default)
2022-05-26 01:45:39,933 [pool-561-thread-1] INFO  server.RaftServerConfigKeys (ConfUtils.java:logGet(46)) - raft.server.log.appender.install.snapshot.enabled = false (custom)
2022-05-26 01:45:39,933 [pool-561-thread-1] INFO  server.RaftServerConfigKeys (ConfUtils.java:logGet(46)) - raft.server.threadpool.server.cached = true (default)
2022-05-26 01:45:39,934 [pool-561-thread-1] INFO  server.RaftServerConfigKeys (ConfUtils.java:logGet(46)) - raft.server.threadpool.server.size = 0 (default)
2022-05-26 01:45:39,934 [pool-561-thread-1] INFO  server.RaftServerConfigKeys (ConfUtils.java:logGet(46)) - raft.server.threadpool.client.cached = true (default)
2022-05-26 01:45:39,934 [pool-561-thread-1] INFO  server.RaftServerConfigKeys (ConfUtils.java:logGet(46)) - raft.server.threadpool.client.size = 0 (default)
2022-05-26 01:45:41,172 [Listener at 0.0.0.0/43233] INFO  reflections.Reflections (Reflections.java:scan(232)) - Reflections took 1263 ms to scan 19 urls, producing 61 keys and 3727 values [using 2 cores]
2022-05-26 01:45:41,173 [Listener at 0.0.0.0/43233] INFO  ipc.CallQueueManager (CallQueueManager.java:<init>(90)) - Using callQueue: class java.util.concurrent.LinkedBlockingQueue, queueCapacity: 2000, scheduler: class org.apache.hadoop.ipc.DefaultRpcScheduler, ipcBackoff: false.
2022-05-26 01:45:41,209 [Socket Reader #1 for port 0] INFO  ipc.Server (Server.java:run(1265)) - Starting Socket Reader #1 for port 0
2022-05-26 01:45:41,369 [Listener at 127.0.0.1/38069] INFO  impl.MetricsSystemImpl (MetricsSystemImpl.java:init(158)) - OzoneManager metrics system started (again)
2022-05-26 01:45:41,413 [Listener at 127.0.0.1/38069] INFO  om.OzoneManager (OzoneManager.java:start(1405)) - OzoneManager RPC server is listening at localhost/127.0.0.1:38069
2022-05-26 01:45:41,413 [Listener at 127.0.0.1/38069] INFO  ratis.OzoneManagerRatisServer (OzoneManagerRatisServer.java:start(554)) - Starting OzoneManagerRatisServer om1 at port 9872
2022-05-26 01:45:41,414 [om1-impl-thread1] INFO  server.RaftServer$Division (RaftServerImpl.java:start(310)) - om1@group-C5BA1605619E: start as a follower, conf=-1: [om1|rpc:localhost:9872|priority:0], old=null
2022-05-26 01:45:41,414 [om1-impl-thread1] INFO  server.RaftServer$Division (RaftServerImpl.java:setRole(299)) - om1@group-C5BA1605619E: changes role from      null to FOLLOWER at term 0 for startAsFollower
2022-05-26 01:45:41,414 [om1-impl-thread1] INFO  impl.RoleInfo (RoleInfo.java:updateAndGet(139)) - om1: start om1@group-C5BA1605619E-FollowerState
2022-05-26 01:45:41,440 [om1-impl-thread1] INFO  util.JmxRegister (JmxRegister.java:tryRegister(44)) - Successfully registered JMX Bean with object name Ratis:service=RaftServer,group=group-C5BA1605619E,id=om1
2022-05-26 01:45:41,460 [Listener at 127.0.0.1/38069] INFO  server.RaftServer (RaftServerProxy.java:lambda$start$6(382)) - om1: start RPC server
2022-05-26 01:45:41,521 [Listener at 127.0.0.1/38069] INFO  server.GrpcService (GrpcService.java:startImpl(260)) - om1: GrpcService started, listening on 9872
2022-05-26 01:45:41,522 [Listener at 127.0.0.1/38069] INFO  om.OzoneManager (OzoneManager.java:start(1421)) - Version File has different layout version (2) than OM DB (null). That is expected if this OM has never been finalized to a newer layout version.
2022-05-26 01:45:41,522 [org.apache.ratis.util.JvmPauseMonitor$$Lambda$677/950145419@34137044] INFO  util.JvmPauseMonitor (JvmPauseMonitor.java:run(103)) - JvmPauseMonitor-om1: Started
2022-05-26 01:45:41,556 [Listener at 127.0.0.1/38069] INFO  http.BaseHttpServer (BaseHttpServer.java:newHttpServer2BuilderForOzone(209)) - Starting Web-server for ozoneManager at: http://0.0.0.0:0
2022-05-26 01:45:41,556 [Listener at 127.0.0.1/38069] INFO  http.BaseHttpServer (BaseHttpServer.java:<init>(107)) - Hadoop Security Enabled: false Ozone Security Enabled: false Ozone HTTP Security Enabled: false 
2022-05-26 01:45:41,557 [Listener at 127.0.0.1/38069] INFO  server.AuthenticationFilter (AuthenticationFilter.java:constructSecretProvider(240)) - Unable to initialize FileSignerSecretProvider, falling back to use random secrets.
2022-05-26 01:45:41,558 [Listener at 127.0.0.1/38069] WARN  http.HttpRequestLog (HttpRequestLog.java:getRequestLog(103)) - Jetty request log can only be enabled using Log4j
2022-05-26 01:45:41,559 [Listener at 127.0.0.1/38069] INFO  http.HttpServer2 (HttpServer2.java:addGlobalFilter(1030)) - Added global filter 'safety' (class=org.apache.hadoop.hdds.server.http.HttpServer2$QuotingInputFilter)
2022-05-26 01:45:41,559 [Listener at 127.0.0.1/38069] INFO  http.HttpServer2 (HttpServer2.java:addFilter(1006)) - Added filter static_user_filter (class=org.apache.hadoop.http.lib.StaticUserWebFilter$StaticUserFilter) to context ozoneManager
2022-05-26 01:45:41,559 [Listener at 127.0.0.1/38069] INFO  http.HttpServer2 (HttpServer2.java:addFilter(1014)) - Added filter static_user_filter (class=org.apache.hadoop.http.lib.StaticUserWebFilter$StaticUserFilter) to context static
2022-05-26 01:45:41,559 [Listener at 127.0.0.1/38069] INFO  http.HttpServer2 (HttpServer2.java:addFilter(1014)) - Added filter static_user_filter (class=org.apache.hadoop.http.lib.StaticUserWebFilter$StaticUserFilter) to context logs
2022-05-26 01:45:41,560 [Listener at 127.0.0.1/38069] INFO  http.HttpServer2 (HttpServer2.java:bindListener(1249)) - Jetty bound to port 45043
2022-05-26 01:45:41,560 [Listener at 127.0.0.1/38069] INFO  server.Server (Server.java:doStart(375)) - jetty-9.4.43.v20210629; built: 2021-06-30T11:07:22.254Z; git: 526006ecfa3af7f1a27ef3a288e2bef7ea9dd7e8; jvm 1.8.0_332-b09
2022-05-26 01:45:41,562 [Listener at 127.0.0.1/38069] INFO  server.session (DefaultSessionIdManager.java:doStart(334)) - DefaultSessionIdManager workerName=node0
2022-05-26 01:45:41,562 [Listener at 127.0.0.1/38069] INFO  server.session (DefaultSessionIdManager.java:doStart(339)) - No SessionScavenger set, using defaults
2022-05-26 01:45:41,562 [Listener at 127.0.0.1/38069] INFO  server.session (HouseKeeper.java:startScavenging(132)) - node0 Scavenging every 660000ms
2022-05-26 01:45:41,563 [Listener at 127.0.0.1/38069] INFO  handler.ContextHandler (ContextHandler.java:doStart(915)) - Started o.e.j.s.ServletContextHandler@40e5736f{logs,/logs,file:///home/runner/work/ozone/ozone/hadoop-ozone/integration-test/target/log,AVAILABLE}
2022-05-26 01:45:41,563 [Listener at 127.0.0.1/38069] INFO  handler.ContextHandler (ContextHandler.java:doStart(915)) - Started o.e.j.s.ServletContextHandler@66e9f5fe{static,/static,file:///home/runner/work/ozone/ozone/hadoop-ozone/integration-test/target/test-classes/webapps/static,AVAILABLE}
2022-05-26 01:45:41,566 [Listener at 127.0.0.1/38069] INFO  handler.ContextHandler (ContextHandler.java:doStart(915)) - Started o.e.j.w.WebAppContext@59a630d4{ozoneManager,/,file:///home/runner/work/ozone/ozone/hadoop-ozone/integration-test/target/test-classes/webapps/ozoneManager/,AVAILABLE}{file:/home/runner/work/ozone/ozone/hadoop-ozone/integration-test/target/test-classes/webapps/ozoneManager}
2022-05-26 01:45:41,584 [Listener at 127.0.0.1/38069] INFO  server.AbstractConnector (AbstractConnector.java:doStart(331)) - Started ServerConnector@127b659c{HTTP/1.1, (http/1.1)}{0.0.0.0:45043}
2022-05-26 01:45:41,584 [Listener at 127.0.0.1/38069] INFO  server.Server (Server.java:doStart(415)) - Started @180356ms
2022-05-26 01:45:41,585 [Listener at 127.0.0.1/38069] WARN  impl.MetricsSystemImpl (MetricsSystemImpl.java:register(279)) - Sink prometheus already exists!
2022-05-26 01:45:41,588 [Listener at 127.0.0.1/38069] INFO  http.BaseHttpServer (BaseHttpServer.java:updateConnectorAddress(329)) - HTTP server of ozoneManager listening at http://0.0.0.0:45043
2022-05-26 01:45:41,601 [IPC Server Responder] INFO  ipc.Server (Server.java:run(1507)) - IPC Server Responder: starting
2022-05-26 01:45:41,626 [Listener at 127.0.0.1/38069] INFO  om.OzoneManager (OzoneManager.java:startTrashEmptier(1845)) - Trash Interval set to 0. Files deleted won't move to trash
2022-05-26 01:45:41,662 [org.apache.hadoop.util.JvmPauseMonitor$Monitor@16107de0] INFO  util.JvmPauseMonitor (JvmPauseMonitor.java:run(188)) - Starting JVM pause monitor
2022-05-26 01:45:41,668 [IPC Server listener on 0] INFO  ipc.Server (Server.java:run(1344)) - IPC Server listener on 0: starting
2022-05-26 01:45:41,692 [Listener at 127.0.0.1/38069] WARN  impl.MetricRegistriesImpl (MetricRegistriesImpl.java:addReporterRegistration(111)) - New reporters are added after registries were created. Some metrics will be missing from the reporter. Please add reporter before adding any new registry.
2022-05-26 01:45:41,692 [Listener at 127.0.0.1/38069] WARN  impl.MetricRegistriesImpl (MetricRegistriesImpl.java:addReporterRegistration(111)) - New reporters are added after registries were created. Some metrics will be missing from the reporter. Please add reporter before adding any new registry.
2022-05-26 01:45:41,692 [Listener at 127.0.0.1/38069] INFO  impl.MetricsSystemImpl (MetricsSystemImpl.java:init(158)) - HddsDatanode metrics system started (again)
2022-05-26 01:45:41,744 [Listener at 127.0.0.1/38069] INFO  ozone.HddsDatanodeService (HddsDatanodeService.java:start(236)) - HddsDatanodeService host:fv-az270-854.tacnzluakwdehk1hpragurqkma.bx.internal.cloudapp.net ip:10.1.0.18
2022-05-26 01:45:41,817 [Listener at 127.0.0.1/38069] INFO  upgrade.AbstractLayoutVersionManager (AbstractLayoutVersionManager.java:init(79)) - Initializing Layout version manager with metadata layout = ERASURE_CODED_STORAGE_SUPPORT (version = 3), software layout = ERASURE_CODED_STORAGE_SUPPORT (version = 3)
2022-05-26 01:45:41,960 [Listener at 127.0.0.1/38069] INFO  reflections.Reflections (Reflections.java:scan(232)) - Reflections took 141 ms to scan 7 urls, producing 127 keys and 292 values 
2022-05-26 01:45:41,970 [Listener at 127.0.0.1/38069] INFO  statemachine.DatanodeStateMachine (DatanodeStateMachine.java:getEndPointTaskThreadPoolSize(233)) - Datanode State Machine Task Thread Pool size 2
2022-05-26 01:45:41,971 [Listener at 127.0.0.1/38069] INFO  volume.HddsVolume (HddsVolume.java:<init>(120)) - Creating HddsVolume: /home/runner/work/ozone/ozone/hadoop-ozone/integration-test/target/test-dir/MiniOzoneClusterImpl-aa3443fb-1a09-40de-9b9d-4cb3f15163de/datanode-0/data-0/containers/hdds of storage type : DISK capacity : 9223372036854775807
2022-05-26 01:45:41,971 [Listener at 127.0.0.1/38069] INFO  volume.MutableVolumeSet (MutableVolumeSet.java:initializeVolumeSet(168)) - Added Volume : /home/runner/work/ozone/ozone/hadoop-ozone/integration-test/target/test-dir/MiniOzoneClusterImpl-aa3443fb-1a09-40de-9b9d-4cb3f15163de/datanode-0/data-0/containers/hdds to VolumeSet
2022-05-26 01:45:41,971 [Listener at 127.0.0.1/38069] INFO  volume.ThrottledAsyncChecker (ThrottledAsyncChecker.java:schedule(141)) - Scheduling a check for /home/runner/work/ozone/ozone/hadoop-ozone/integration-test/target/test-dir/MiniOzoneClusterImpl-aa3443fb-1a09-40de-9b9d-4cb3f15163de/datanode-0/data-0/containers/hdds
2022-05-26 01:45:41,972 [Listener at 127.0.0.1/38069] INFO  volume.StorageVolumeChecker (StorageVolumeChecker.java:checkAllVolumes(202)) - Scheduled health check for volume /home/runner/work/ozone/ozone/hadoop-ozone/integration-test/target/test-dir/MiniOzoneClusterImpl-aa3443fb-1a09-40de-9b9d-4cb3f15163de/datanode-0/data-0/containers/hdds
2022-05-26 01:45:41,988 [Listener at 127.0.0.1/38069] INFO  volume.MutableVolumeSet (MutableVolumeSet.java:initializeVolumeSet(168)) - Added Volume : /home/runner/work/ozone/ozone/hadoop-ozone/integration-test/target/test-dir/MiniOzoneClusterImpl-aa3443fb-1a09-40de-9b9d-4cb3f15163de/datanode-0/data/ratis to VolumeSet
2022-05-26 01:45:41,988 [Listener at 127.0.0.1/38069] INFO  volume.ThrottledAsyncChecker (ThrottledAsyncChecker.java:schedule(141)) - Scheduling a check for /home/runner/work/ozone/ozone/hadoop-ozone/integration-test/target/test-dir/MiniOzoneClusterImpl-aa3443fb-1a09-40de-9b9d-4cb3f15163de/datanode-0/data/ratis
2022-05-26 01:45:41,988 [Listener at 127.0.0.1/38069] INFO  volume.StorageVolumeChecker (StorageVolumeChecker.java:checkAllVolumes(202)) - Scheduled health check for volume /home/runner/work/ozone/ozone/hadoop-ozone/integration-test/target/test-dir/MiniOzoneClusterImpl-aa3443fb-1a09-40de-9b9d-4cb3f15163de/datanode-0/data/ratis
2022-05-26 01:45:41,999 [Thread-1221] INFO  ozoneimpl.ContainerReader (ContainerReader.java:readVolume(172)) - Finish verifying containers on volume /home/runner/work/ozone/ozone/hadoop-ozone/integration-test/target/test-dir/MiniOzoneClusterImpl-aa3443fb-1a09-40de-9b9d-4cb3f15163de/datanode-0/data-0/containers/hdds
2022-05-26 01:45:41,999 [Listener at 127.0.0.1/38069] INFO  ozoneimpl.OzoneContainer (OzoneContainer.java:buildContainerSet(257)) - Build ContainerSet costs 0s
2022-05-26 01:45:42,001 [Listener at 127.0.0.1/38069] INFO  server.RaftServer (ConfUtils.java:logGet(46)) - raft.rpc.type = GRPC (default)
2022-05-26 01:45:42,001 [Listener at 127.0.0.1/38069] INFO  grpc.GrpcFactory (GrpcFactory.java:checkPooledByteBufAllocatorUseCacheForAllThreads(48)) - PERFORMANCE WARNING: useCacheForAllThreads is true that may cause Netty to create a lot garbage objects and, as a result, trigger GC.
	It is recommended to disable useCacheForAllThreads by setting -Dorg.apache.ratis.thirdparty.io.netty.allocator.useCacheForAllThreads=false in command line.
2022-05-26 01:45:42,001 [Listener at 127.0.0.1/38069] INFO  grpc.GrpcConfigKeys (ConfUtils.java:logGet(46)) - raft.grpc.admin.port = 0 (custom)
2022-05-26 01:45:42,001 [Listener at 127.0.0.1/38069] INFO  grpc.GrpcConfigKeys (ConfUtils.java:logGet(46)) - raft.grpc.client.port = 0 (custom)
2022-05-26 01:45:42,001 [Listener at 127.0.0.1/38069] INFO  grpc.GrpcConfigKeys (ConfUtils.java:logGet(46)) - raft.grpc.server.port = 0 (default)
2022-05-26 01:45:42,001 [Listener at 127.0.0.1/38069] INFO  server.GrpcService (ConfUtils.java:logGet(46)) - raft.grpc.message.size.max = 32MB (=33554432) (custom)
2022-05-26 01:45:42,001 [Listener at 127.0.0.1/38069] INFO  server.RaftServerConfigKeys (ConfUtils.java:logGet(46)) - raft.server.log.appender.buffer.byte-limit = 33554432 (custom)
2022-05-26 01:45:42,002 [Listener at 127.0.0.1/38069] INFO  server.GrpcService (ConfUtils.java:logGet(46)) - raft.grpc.flow.control.window = 5MB (=5242880) (custom)
2022-05-26 01:45:42,002 [Listener at 127.0.0.1/38069] INFO  server.RaftServerConfigKeys (ConfUtils.java:logGet(46)) - raft.server.rpc.request.timeout = 60s (custom)
2022-05-26 01:45:42,002 [Listener at 127.0.0.1/38069] INFO  grpc.GrpcConfigKeys (ConfUtils.java:logGet(46)) - raft.grpc.server.async.request.thread.pool.cached = true (default)
2022-05-26 01:45:42,002 [Listener at 127.0.0.1/38069] INFO  grpc.GrpcConfigKeys (ConfUtils.java:logGet(46)) - raft.grpc.server.async.request.thread.pool.size = 32 (default)
2022-05-26 01:45:42,003 [Listener at 127.0.0.1/38069] INFO  impl.DataStreamServerImpl (ConfUtils.java:logGet(46)) - raft.datastream.type = DISABLED (default)
2022-05-26 01:45:42,003 [Listener at 127.0.0.1/38069] INFO  server.RaftServerConfigKeys (ConfUtils.java:logGet(46)) - raft.server.threadpool.proxy.cached = true (default)
2022-05-26 01:45:42,003 [Listener at 127.0.0.1/38069] INFO  server.RaftServerConfigKeys (ConfUtils.java:logGet(46)) - raft.server.threadpool.proxy.size = 0 (default)
2022-05-26 01:45:42,003 [Listener at 127.0.0.1/38069] INFO  server.RaftServerConfigKeys (ConfUtils.java:logGet(46)) - raft.server.rpc.slowness.timeout = 300s (custom)
2022-05-26 01:45:42,003 [Listener at 127.0.0.1/38069] INFO  server.RaftServerConfigKeys (ConfUtils.java:logGet(46)) - raft.server.leaderelection.leader.step-down.wait-time = 10s (default)
2022-05-26 01:45:42,004 [Listener at 127.0.0.1/38069] INFO  server.RaftServerConfigKeys (ConfUtils.java:logGet(46)) - raft.server.storage.dir = [/home/runner/work/ozone/ozone/hadoop-ozone/integration-test/target/test-dir/MiniOzoneClusterImpl-aa3443fb-1a09-40de-9b9d-4cb3f15163de/datanode-0/data/ratis] (custom)
2022-05-26 01:45:42,005 [Listener at 127.0.0.1/38069] INFO  server.XceiverServerGrpc (XceiverServerGrpc.java:<init>(132)) - GrpcServer channel type EpollServerSocketChannel
2022-05-26 01:45:42,007 [Listener at 127.0.0.1/38069] INFO  http.BaseHttpServer (BaseHttpServer.java:newHttpServer2BuilderForOzone(209)) - Starting Web-server for hddsDatanode at: http://0.0.0.0:0
2022-05-26 01:45:42,007 [Listener at 127.0.0.1/38069] INFO  http.BaseHttpServer (BaseHttpServer.java:<init>(107)) - Hadoop Security Enabled: false Ozone Security Enabled: false Ozone HTTP Security Enabled: false 
2022-05-26 01:45:42,008 [Listener at 127.0.0.1/38069] INFO  server.AuthenticationFilter (AuthenticationFilter.java:constructSecretProvider(240)) - Unable to initialize FileSignerSecretProvider, falling back to use random secrets.
2022-05-26 01:45:42,009 [Listener at 127.0.0.1/38069] WARN  http.HttpRequestLog (HttpRequestLog.java:getRequestLog(103)) - Jetty request log can only be enabled using Log4j
2022-05-26 01:45:42,009 [Listener at 127.0.0.1/38069] INFO  http.HttpServer2 (HttpServer2.java:addGlobalFilter(1030)) - Added global filter 'safety' (class=org.apache.hadoop.hdds.server.http.HttpServer2$QuotingInputFilter)
2022-05-26 01:45:42,010 [Listener at 127.0.0.1/38069] INFO  http.HttpServer2 (HttpServer2.java:addFilter(1006)) - Added filter static_user_filter (class=org.apache.hadoop.http.lib.StaticUserWebFilter$StaticUserFilter) to context hddsDatanode
2022-05-26 01:45:42,010 [Listener at 127.0.0.1/38069] INFO  http.HttpServer2 (HttpServer2.java:addFilter(1014)) - Added filter static_user_filter (class=org.apache.hadoop.http.lib.StaticUserWebFilter$StaticUserFilter) to context static
2022-05-26 01:45:42,010 [Listener at 127.0.0.1/38069] INFO  http.HttpServer2 (HttpServer2.java:addFilter(1014)) - Added filter static_user_filter (class=org.apache.hadoop.http.lib.StaticUserWebFilter$StaticUserFilter) to context logs
2022-05-26 01:45:42,010 [Listener at 127.0.0.1/38069] INFO  http.HttpServer2 (HttpServer2.java:bindListener(1249)) - Jetty bound to port 35275
2022-05-26 01:45:42,010 [Listener at 127.0.0.1/38069] INFO  server.Server (Server.java:doStart(375)) - jetty-9.4.43.v20210629; built: 2021-06-30T11:07:22.254Z; git: 526006ecfa3af7f1a27ef3a288e2bef7ea9dd7e8; jvm 1.8.0_332-b09
2022-05-26 01:45:42,052 [Listener at 127.0.0.1/38069] INFO  server.session (DefaultSessionIdManager.java:doStart(334)) - DefaultSessionIdManager workerName=node0
2022-05-26 01:45:42,053 [Listener at 127.0.0.1/38069] INFO  server.session (DefaultSessionIdManager.java:doStart(339)) - No SessionScavenger set, using defaults
2022-05-26 01:45:42,053 [Listener at 127.0.0.1/38069] INFO  server.session (HouseKeeper.java:startScavenging(132)) - node0 Scavenging every 600000ms
2022-05-26 01:45:42,053 [Listener at 127.0.0.1/38069] INFO  handler.ContextHandler (ContextHandler.java:doStart(915)) - Started o.e.j.s.ServletContextHandler@243171b6{logs,/logs,file:///home/runner/work/ozone/ozone/hadoop-ozone/integration-test/target/log,AVAILABLE}
2022-05-26 01:45:42,054 [Listener at 127.0.0.1/38069] INFO  handler.ContextHandler (ContextHandler.java:doStart(915)) - Started o.e.j.s.ServletContextHandler@a419bf5{static,/static,jar:file:/home/runner/.m2/repository/org/apache/ozone/hdds-container-service/1.3.0-SNAPSHOT/hdds-container-service-1.3.0-SNAPSHOT.jar!/webapps/static,AVAILABLE}
2022-05-26 01:45:42,492 [om1@group-C5BA1605619E-FollowerState] INFO  impl.FollowerState (FollowerState.java:run(143)) - om1@group-C5BA1605619E-FollowerState: change to CANDIDATE, lastRpcElapsedTime:1077899718ns, electionTimeout:1051ms
2022-05-26 01:45:42,492 [om1@group-C5BA1605619E-FollowerState] INFO  impl.RoleInfo (RoleInfo.java:shutdownFollowerState(110)) - om1: shutdown om1@group-C5BA1605619E-FollowerState
2022-05-26 01:45:42,492 [om1@group-C5BA1605619E-FollowerState] INFO  server.RaftServer$Division (RaftServerImpl.java:setRole(299)) - om1@group-C5BA1605619E: changes role from  FOLLOWER to CANDIDATE at term 0 for changeToCandidate
2022-05-26 01:45:42,492 [om1@group-C5BA1605619E-FollowerState] INFO  server.RaftServerConfigKeys (ConfUtils.java:logGet(46)) - raft.server.leaderelection.pre-vote = false (custom)
2022-05-26 01:45:42,492 [om1@group-C5BA1605619E-FollowerState] INFO  impl.RoleInfo (RoleInfo.java:updateAndGet(139)) - om1: start om1@group-C5BA1605619E-LeaderElection56
2022-05-26 01:45:42,590 [om1@group-C5BA1605619E-LeaderElection56] INFO  impl.LeaderElection (LeaderElection.java:askForVotes(310)) - om1@group-C5BA1605619E-LeaderElection56 ELECTION round 0: submit vote requests at term 1 for -1: [om1|rpc:localhost:9872|priority:0], old=null
2022-05-26 01:45:42,590 [om1@group-C5BA1605619E-LeaderElection56] INFO  impl.LeaderElection (LeaderElection.java:askForVotes(312)) - om1@group-C5BA1605619E-LeaderElection56 ELECTION round 0: result PASSED (term=1)
2022-05-26 01:45:42,590 [om1@group-C5BA1605619E-LeaderElection56] INFO  impl.RoleInfo (RoleInfo.java:shutdownLeaderElection(130)) - om1: shutdown om1@group-C5BA1605619E-LeaderElection56
2022-05-26 01:45:42,590 [om1@group-C5BA1605619E-LeaderElection56] INFO  server.RaftServer$Division (RaftServerImpl.java:setRole(299)) - om1@group-C5BA1605619E: changes role from CANDIDATE to LEADER at term 1 for changeToLeader
2022-05-26 01:45:42,590 [om1@group-C5BA1605619E-LeaderElection56] INFO  server.RaftServer$Division (ServerState.java:setLeader(287)) - om1@group-C5BA1605619E: change Leader from null to om1 at term 1 for becomeLeader, leader elected after 2672ms
2022-05-26 01:45:42,590 [om1@group-C5BA1605619E-LeaderElection56] INFO  server.RaftServerConfigKeys (ConfUtils.java:logGet(46)) - raft.server.staging.catchup.gap = 1000 (default)
2022-05-26 01:45:42,590 [om1@group-C5BA1605619E-LeaderElection56] INFO  server.RaftServerConfigKeys (ConfUtils.java:logGet(46)) - raft.server.write.element-limit = 4096 (default)
2022-05-26 01:45:42,590 [om1@group-C5BA1605619E-LeaderElection56] INFO  server.RaftServerConfigKeys (ConfUtils.java:logGet(46)) - raft.server.write.byte-limit = 64MB (=67108864) (default)
2022-05-26 01:45:42,591 [om1@group-C5BA1605619E-LeaderElection56] INFO  server.RaftServerConfigKeys (ConfUtils.java:logGet(46)) - raft.server.watch.timeout = 10s (default)
2022-05-26 01:45:42,591 [om1@group-C5BA1605619E-LeaderElection56] INFO  server.RaftServerConfigKeys (ConfUtils.java:logGet(46)) - raft.server.watch.timeout.denomination = 1s (default)
2022-05-26 01:45:42,591 [om1@group-C5BA1605619E-LeaderElection56] INFO  server.RaftServerConfigKeys (ConfUtils.java:logGet(46)) - raft.server.watch.element-limit = 65536 (default)
2022-05-26 01:45:42,591 [om1@group-C5BA1605619E-LeaderElection56] INFO  server.RaftServerConfigKeys (ConfUtils.java:logGet(46)) - raft.server.write.element-limit = 4096 (default)
2022-05-26 01:45:42,591 [om1@group-C5BA1605619E-LeaderElection56] INFO  server.RaftServerConfigKeys (ConfUtils.java:logGet(46)) - raft.server.write.follower.gap.ratio.max = -1.0 (default)
2022-05-26 01:45:42,591 [om1@group-C5BA1605619E-LeaderElection56] INFO  impl.RoleInfo (RoleInfo.java:updateAndGet(139)) - om1: start om1@group-C5BA1605619E-LeaderStateImpl
2022-05-26 01:45:42,591 [om1@group-C5BA1605619E-LeaderElection56] INFO  segmented.SegmentedRaftLogWorker (SegmentedRaftLogWorker.java:startLogSegment(425)) - om1@group-C5BA1605619E-SegmentedRaftLogWorker: Starting segment from index:0
2022-05-26 01:45:42,607 [om1@group-C5BA1605619E-LeaderElection56] INFO  server.RaftServer$Division (ServerState.java:setRaftConf(393)) - om1@group-C5BA1605619E: set configuration 0: [om1|rpc:localhost:9872|admin:|client:|dataStream:|priority:0], old=null
2022-05-26 01:45:42,636 [om1@group-C5BA1605619E-SegmentedRaftLogWorker] INFO  segmented.SegmentedRaftLogWorker (SegmentedRaftLogWorker.java:execute(629)) - om1@group-C5BA1605619E-SegmentedRaftLogWorker: created new log segment /home/runner/work/ozone/ozone/hadoop-ozone/integration-test/target/test-dir/MiniOzoneClusterImpl-aa3443fb-1a09-40de-9b9d-4cb3f15163de/ozone-meta/ratis/bf265839-605b-3f16-9796-c5ba1605619e/current/log_inprogress_0
2022-05-26 01:45:42,644 [om1@group-C5BA1605619E-StateMachineUpdater] INFO  ratis.OzoneManagerStateMachine (OzoneManagerStateMachine.java:notifyConfigurationChanged(191)) - Received Configuration change notification from Ratis. New Peer list:
[id: "om1"
address: "localhost:9872"
]
2022-05-26 01:45:42,650 [Listener at 127.0.0.1/38069] INFO  handler.ContextHandler (ContextHandler.java:doStart(915)) - Started o.e.j.w.WebAppContext@42c9b9f5{hddsDatanode,/,file:///tmp/jetty-0_0_0_0-35275-hdds-container-service-1_3_0-SNAPSHOT_jar-_-any-5835637671830436415/webapp/,AVAILABLE}{jar:file:/home/runner/.m2/repository/org/apache/ozone/hdds-container-service/1.3.0-SNAPSHOT/hdds-container-service-1.3.0-SNAPSHOT.jar!/webapps/hddsDatanode}
2022-05-26 01:45:42,664 [Listener at 127.0.0.1/38069] INFO  server.AbstractConnector (AbstractConnector.java:doStart(331)) - Started ServerConnector@17d8267c{HTTP/1.1, (http/1.1)}{0.0.0.0:35275}
2022-05-26 01:45:42,664 [Listener at 127.0.0.1/38069] INFO  server.Server (Server.java:doStart(415)) - Started @181435ms
2022-05-26 01:45:42,664 [Listener at 127.0.0.1/38069] WARN  impl.MetricsSystemImpl (MetricsSystemImpl.java:register(279)) - Sink prometheus already exists!
2022-05-26 01:45:42,672 [Listener at 127.0.0.1/38069] INFO  http.BaseHttpServer (BaseHttpServer.java:updateConnectorAddress(329)) - HTTP server of hddsDatanode listening at http://0.0.0.0:35275
2022-05-26 01:45:42,680 [Listener at 127.0.0.1/38069] WARN  impl.MetricRegistriesImpl (MetricRegistriesImpl.java:addReporterRegistration(111)) - New reporters are added after registries were created. Some metrics will be missing from the reporter. Please add reporter before adding any new registry.
2022-05-26 01:45:42,680 [Listener at 127.0.0.1/38069] WARN  impl.MetricRegistriesImpl (MetricRegistriesImpl.java:addReporterRegistration(111)) - New reporters are added after registries were created. Some metrics will be missing from the reporter. Please add reporter before adding any new registry.
2022-05-26 01:45:42,680 [Listener at 127.0.0.1/38069] INFO  impl.MetricsSystemImpl (MetricsSystemImpl.java:init(158)) - HddsDatanode metrics system started (again)
2022-05-26 01:45:42,698 [Datanode State Machine Daemon Thread] INFO  statemachine.DatanodeStateMachine (DatanodeStateMachine.java:lambda$startDaemon$0(481)) - Ozone container server started.
2022-05-26 01:45:42,784 [org.apache.hadoop.util.JvmPauseMonitor$Monitor@3bffe6e1] INFO  util.JvmPauseMonitor (JvmPauseMonitor.java:run(188)) - Starting JVM pause monitor
2022-05-26 01:45:42,800 [Datanode State Machine Task Thread - 0] INFO  datanode.InitDatanodeState (InitDatanodeState.java:persistContainerDatanodeDetails(138)) - DatanodeDetails is persisted to /home/runner/work/ozone/ozone/hadoop-ozone/integration-test/target/test-dir/MiniOzoneClusterImpl-aa3443fb-1a09-40de-9b9d-4cb3f15163de/datanode-0/meta/datanode.id
2022-05-26 01:45:42,807 [Listener at 127.0.0.1/38069] INFO  ozone.HddsDatanodeService (HddsDatanodeService.java:start(236)) - HddsDatanodeService host:fv-az270-854.tacnzluakwdehk1hpragurqkma.bx.internal.cloudapp.net ip:10.1.0.18
2022-05-26 01:45:42,899 [Listener at 127.0.0.1/38069] INFO  upgrade.AbstractLayoutVersionManager (AbstractLayoutVersionManager.java:init(79)) - Initializing Layout version manager with metadata layout = ERASURE_CODED_STORAGE_SUPPORT (version = 3), software layout = ERASURE_CODED_STORAGE_SUPPORT (version = 3)
2022-05-26 01:45:43,048 [Listener at 127.0.0.1/38069] INFO  reflections.Reflections (Reflections.java:scan(232)) - Reflections took 135 ms to scan 7 urls, producing 127 keys and 292 values 
2022-05-26 01:45:43,053 [Listener at 127.0.0.1/38069] INFO  statemachine.DatanodeStateMachine (DatanodeStateMachine.java:getEndPointTaskThreadPoolSize(233)) - Datanode State Machine Task Thread Pool size 2
2022-05-26 01:45:43,060 [Listener at 127.0.0.1/38069] INFO  volume.HddsVolume (HddsVolume.java:<init>(120)) - Creating HddsVolume: /home/runner/work/ozone/ozone/hadoop-ozone/integration-test/target/test-dir/MiniOzoneClusterImpl-aa3443fb-1a09-40de-9b9d-4cb3f15163de/datanode-1/data-0/containers/hdds of storage type : DISK capacity : 9223372036854775807
2022-05-26 01:45:43,061 [Listener at 127.0.0.1/38069] INFO  volume.MutableVolumeSet (MutableVolumeSet.java:initializeVolumeSet(168)) - Added Volume : /home/runner/work/ozone/ozone/hadoop-ozone/integration-test/target/test-dir/MiniOzoneClusterImpl-aa3443fb-1a09-40de-9b9d-4cb3f15163de/datanode-1/data-0/containers/hdds to VolumeSet
2022-05-26 01:45:43,062 [Listener at 127.0.0.1/38069] INFO  volume.ThrottledAsyncChecker (ThrottledAsyncChecker.java:schedule(141)) - Scheduling a check for /home/runner/work/ozone/ozone/hadoop-ozone/integration-test/target/test-dir/MiniOzoneClusterImpl-aa3443fb-1a09-40de-9b9d-4cb3f15163de/datanode-1/data-0/containers/hdds
2022-05-26 01:45:43,068 [Listener at 127.0.0.1/38069] INFO  volume.StorageVolumeChecker (StorageVolumeChecker.java:checkAllVolumes(202)) - Scheduled health check for volume /home/runner/work/ozone/ozone/hadoop-ozone/integration-test/target/test-dir/MiniOzoneClusterImpl-aa3443fb-1a09-40de-9b9d-4cb3f15163de/datanode-1/data-0/containers/hdds
2022-05-26 01:45:43,085 [Listener at 127.0.0.1/38069] INFO  volume.MutableVolumeSet (MutableVolumeSet.java:initializeVolumeSet(168)) - Added Volume : /home/runner/work/ozone/ozone/hadoop-ozone/integration-test/target/test-dir/MiniOzoneClusterImpl-aa3443fb-1a09-40de-9b9d-4cb3f15163de/datanode-1/data/ratis to VolumeSet
2022-05-26 01:45:43,085 [Listener at 127.0.0.1/38069] INFO  volume.ThrottledAsyncChecker (ThrottledAsyncChecker.java:schedule(141)) - Scheduling a check for /home/runner/work/ozone/ozone/hadoop-ozone/integration-test/target/test-dir/MiniOzoneClusterImpl-aa3443fb-1a09-40de-9b9d-4cb3f15163de/datanode-1/data/ratis
2022-05-26 01:45:43,108 [Listener at 127.0.0.1/38069] INFO  volume.StorageVolumeChecker (StorageVolumeChecker.java:checkAllVolumes(202)) - Scheduled health check for volume /home/runner/work/ozone/ozone/hadoop-ozone/integration-test/target/test-dir/MiniOzoneClusterImpl-aa3443fb-1a09-40de-9b9d-4cb3f15163de/datanode-1/data/ratis
2022-05-26 01:45:43,126 [Thread-1236] INFO  ozoneimpl.ContainerReader (ContainerReader.java:readVolume(172)) - Finish verifying containers on volume /home/runner/work/ozone/ozone/hadoop-ozone/integration-test/target/test-dir/MiniOzoneClusterImpl-aa3443fb-1a09-40de-9b9d-4cb3f15163de/datanode-1/data-0/containers/hdds
2022-05-26 01:45:43,126 [Listener at 127.0.0.1/38069] INFO  ozoneimpl.OzoneContainer (OzoneContainer.java:buildContainerSet(257)) - Build ContainerSet costs 0s
2022-05-26 01:45:43,128 [Listener at 127.0.0.1/38069] INFO  server.RaftServer (ConfUtils.java:logGet(46)) - raft.rpc.type = GRPC (default)
2022-05-26 01:45:43,128 [Listener at 127.0.0.1/38069] INFO  grpc.GrpcFactory (GrpcFactory.java:checkPooledByteBufAllocatorUseCacheForAllThreads(48)) - PERFORMANCE WARNING: useCacheForAllThreads is true that may cause Netty to create a lot garbage objects and, as a result, trigger GC.
	It is recommended to disable useCacheForAllThreads by setting -Dorg.apache.ratis.thirdparty.io.netty.allocator.useCacheForAllThreads=false in command line.
2022-05-26 01:45:43,128 [Listener at 127.0.0.1/38069] INFO  grpc.GrpcConfigKeys (ConfUtils.java:logGet(46)) - raft.grpc.admin.port = 0 (custom)
2022-05-26 01:45:43,129 [Listener at 127.0.0.1/38069] INFO  grpc.GrpcConfigKeys (ConfUtils.java:logGet(46)) - raft.grpc.client.port = 0 (custom)
2022-05-26 01:45:43,129 [Listener at 127.0.0.1/38069] INFO  grpc.GrpcConfigKeys (ConfUtils.java:logGet(46)) - raft.grpc.server.port = 0 (default)
2022-05-26 01:45:43,129 [Listener at 127.0.0.1/38069] INFO  server.GrpcService (ConfUtils.java:logGet(46)) - raft.grpc.message.size.max = 32MB (=33554432) (custom)
2022-05-26 01:45:43,129 [Listener at 127.0.0.1/38069] INFO  server.RaftServerConfigKeys (ConfUtils.java:logGet(46)) - raft.server.log.appender.buffer.byte-limit = 33554432 (custom)
2022-05-26 01:45:43,129 [Listener at 127.0.0.1/38069] INFO  server.GrpcService (ConfUtils.java:logGet(46)) - raft.grpc.flow.control.window = 5MB (=5242880) (custom)
2022-05-26 01:45:43,129 [Listener at 127.0.0.1/38069] INFO  server.RaftServerConfigKeys (ConfUtils.java:logGet(46)) - raft.server.rpc.request.timeout = 60s (custom)
2022-05-26 01:45:43,129 [Listener at 127.0.0.1/38069] INFO  grpc.GrpcConfigKeys (ConfUtils.java:logGet(46)) - raft.grpc.server.async.request.thread.pool.cached = true (default)
2022-05-26 01:45:43,129 [Listener at 127.0.0.1/38069] INFO  grpc.GrpcConfigKeys (ConfUtils.java:logGet(46)) - raft.grpc.server.async.request.thread.pool.size = 32 (default)
2022-05-26 01:45:43,131 [Listener at 127.0.0.1/38069] INFO  impl.DataStreamServerImpl (ConfUtils.java:logGet(46)) - raft.datastream.type = DISABLED (default)
2022-05-26 01:45:43,131 [Listener at 127.0.0.1/38069] INFO  server.RaftServerConfigKeys (ConfUtils.java:logGet(46)) - raft.server.threadpool.proxy.cached = true (default)
2022-05-26 01:45:43,131 [Listener at 127.0.0.1/38069] INFO  server.RaftServerConfigKeys (ConfUtils.java:logGet(46)) - raft.server.threadpool.proxy.size = 0 (default)
2022-05-26 01:45:43,131 [Listener at 127.0.0.1/38069] INFO  server.RaftServerConfigKeys (ConfUtils.java:logGet(46)) - raft.server.rpc.slowness.timeout = 300s (custom)
2022-05-26 01:45:43,131 [Listener at 127.0.0.1/38069] INFO  server.RaftServerConfigKeys (ConfUtils.java:logGet(46)) - raft.server.leaderelection.leader.step-down.wait-time = 10s (default)
2022-05-26 01:45:43,131 [Listener at 127.0.0.1/38069] INFO  server.RaftServerConfigKeys (ConfUtils.java:logGet(46)) - raft.server.storage.dir = [/home/runner/work/ozone/ozone/hadoop-ozone/integration-test/target/test-dir/MiniOzoneClusterImpl-aa3443fb-1a09-40de-9b9d-4cb3f15163de/datanode-1/data/ratis] (custom)
2022-05-26 01:45:43,132 [Listener at 127.0.0.1/38069] INFO  server.XceiverServerGrpc (XceiverServerGrpc.java:<init>(132)) - GrpcServer channel type EpollServerSocketChannel
2022-05-26 01:45:43,135 [Listener at 127.0.0.1/38069] INFO  http.BaseHttpServer (BaseHttpServer.java:newHttpServer2BuilderForOzone(209)) - Starting Web-server for hddsDatanode at: http://0.0.0.0:0
2022-05-26 01:45:43,135 [Listener at 127.0.0.1/38069] INFO  http.BaseHttpServer (BaseHttpServer.java:<init>(107)) - Hadoop Security Enabled: false Ozone Security Enabled: false Ozone HTTP Security Enabled: false 
2022-05-26 01:45:43,136 [Listener at 127.0.0.1/38069] INFO  server.AuthenticationFilter (AuthenticationFilter.java:constructSecretProvider(240)) - Unable to initialize FileSignerSecretProvider, falling back to use random secrets.
2022-05-26 01:45:43,137 [Listener at 127.0.0.1/38069] WARN  http.HttpRequestLog (HttpRequestLog.java:getRequestLog(103)) - Jetty request log can only be enabled using Log4j
2022-05-26 01:45:43,137 [Listener at 127.0.0.1/38069] INFO  http.HttpServer2 (HttpServer2.java:addGlobalFilter(1030)) - Added global filter 'safety' (class=org.apache.hadoop.hdds.server.http.HttpServer2$QuotingInputFilter)
2022-05-26 01:45:43,138 [Listener at 127.0.0.1/38069] INFO  http.HttpServer2 (HttpServer2.java:addFilter(1006)) - Added filter static_user_filter (class=org.apache.hadoop.http.lib.StaticUserWebFilter$StaticUserFilter) to context hddsDatanode
2022-05-26 01:45:43,138 [Listener at 127.0.0.1/38069] INFO  http.HttpServer2 (HttpServer2.java:addFilter(1014)) - Added filter static_user_filter (class=org.apache.hadoop.http.lib.StaticUserWebFilter$StaticUserFilter) to context logs
2022-05-26 01:45:43,138 [Listener at 127.0.0.1/38069] INFO  http.HttpServer2 (HttpServer2.java:addFilter(1014)) - Added filter static_user_filter (class=org.apache.hadoop.http.lib.StaticUserWebFilter$StaticUserFilter) to context static
2022-05-26 01:45:43,138 [Listener at 127.0.0.1/38069] INFO  http.HttpServer2 (HttpServer2.java:bindListener(1249)) - Jetty bound to port 34805
2022-05-26 01:45:43,138 [Listener at 127.0.0.1/38069] INFO  server.Server (Server.java:doStart(375)) - jetty-9.4.43.v20210629; built: 2021-06-30T11:07:22.254Z; git: 526006ecfa3af7f1a27ef3a288e2bef7ea9dd7e8; jvm 1.8.0_332-b09
2022-05-26 01:45:43,248 [Listener at 127.0.0.1/38069] INFO  server.session (DefaultSessionIdManager.java:doStart(334)) - DefaultSessionIdManager workerName=node0
2022-05-26 01:45:43,248 [Listener at 127.0.0.1/38069] INFO  server.session (DefaultSessionIdManager.java:doStart(339)) - No SessionScavenger set, using defaults
2022-05-26 01:45:43,249 [Listener at 127.0.0.1/38069] INFO  server.session (HouseKeeper.java:startScavenging(132)) - node0 Scavenging every 660000ms
2022-05-26 01:45:43,256 [Listener at 127.0.0.1/38069] INFO  handler.ContextHandler (ContextHandler.java:doStart(915)) - Started o.e.j.s.ServletContextHandler@65adf2ef{logs,/logs,file:///home/runner/work/ozone/ozone/hadoop-ozone/integration-test/target/log,AVAILABLE}
2022-05-26 01:45:43,257 [Listener at 127.0.0.1/38069] INFO  handler.ContextHandler (ContextHandler.java:doStart(915)) - Started o.e.j.s.ServletContextHandler@413ebdd2{static,/static,jar:file:/home/runner/.m2/repository/org/apache/ozone/hdds-container-service/1.3.0-SNAPSHOT/hdds-container-service-1.3.0-SNAPSHOT.jar!/webapps/static,AVAILABLE}
2022-05-26 01:45:43,824 [Listener at 127.0.0.1/38069] INFO  handler.ContextHandler (ContextHandler.java:doStart(915)) - Started o.e.j.w.WebAppContext@a3ca0b4{hddsDatanode,/,file:///tmp/jetty-0_0_0_0-34805-hdds-container-service-1_3_0-SNAPSHOT_jar-_-any-8657126734124969863/webapp/,AVAILABLE}{jar:file:/home/runner/.m2/repository/org/apache/ozone/hdds-container-service/1.3.0-SNAPSHOT/hdds-container-service-1.3.0-SNAPSHOT.jar!/webapps/hddsDatanode}
2022-05-26 01:45:43,825 [Listener at 127.0.0.1/38069] INFO  server.AbstractConnector (AbstractConnector.java:doStart(331)) - Started ServerConnector@56563440{HTTP/1.1, (http/1.1)}{0.0.0.0:34805}
2022-05-26 01:45:43,825 [Listener at 127.0.0.1/38069] INFO  server.Server (Server.java:doStart(415)) - Started @182596ms
2022-05-26 01:45:43,825 [Listener at 127.0.0.1/38069] WARN  impl.MetricsSystemImpl (MetricsSystemImpl.java:register(279)) - Sink prometheus already exists!
2022-05-26 01:45:43,826 [Listener at 127.0.0.1/38069] INFO  http.BaseHttpServer (BaseHttpServer.java:updateConnectorAddress(329)) - HTTP server of hddsDatanode listening at http://0.0.0.0:34805
2022-05-26 01:45:43,832 [Listener at 127.0.0.1/38069] WARN  impl.MetricRegistriesImpl (MetricRegistriesImpl.java:addReporterRegistration(111)) - New reporters are added after registries were created. Some metrics will be missing from the reporter. Please add reporter before adding any new registry.
2022-05-26 01:45:43,832 [Listener at 127.0.0.1/38069] WARN  impl.MetricRegistriesImpl (MetricRegistriesImpl.java:addReporterRegistration(111)) - New reporters are added after registries were created. Some metrics will be missing from the reporter. Please add reporter before adding any new registry.
2022-05-26 01:45:43,832 [Listener at 127.0.0.1/38069] INFO  impl.MetricsSystemImpl (MetricsSystemImpl.java:init(158)) - HddsDatanode metrics system started (again)
2022-05-26 01:45:43,840 [Datanode State Machine Daemon Thread] INFO  statemachine.DatanodeStateMachine (DatanodeStateMachine.java:lambda$startDaemon$0(481)) - Ozone container server started.
2022-05-26 01:45:43,915 [Listener at 127.0.0.1/38069] INFO  ozone.HddsDatanodeService (HddsDatanodeService.java:start(236)) - HddsDatanodeService host:fv-az270-854.tacnzluakwdehk1hpragurqkma.bx.internal.cloudapp.net ip:10.1.0.18
2022-05-26 01:45:43,975 [Listener at 127.0.0.1/38069] INFO  upgrade.AbstractLayoutVersionManager (AbstractLayoutVersionManager.java:init(79)) - Initializing Layout version manager with metadata layout = ERASURE_CODED_STORAGE_SUPPORT (version = 3), software layout = ERASURE_CODED_STORAGE_SUPPORT (version = 3)
2022-05-26 01:45:44,032 [org.apache.hadoop.util.JvmPauseMonitor$Monitor@3bb6b2bb] INFO  util.JvmPauseMonitor (JvmPauseMonitor.java:run(188)) - Starting JVM pause monitor
2022-05-26 01:45:44,040 [Datanode State Machine Task Thread - 0] INFO  datanode.InitDatanodeState (InitDatanodeState.java:persistContainerDatanodeDetails(138)) - DatanodeDetails is persisted to /home/runner/work/ozone/ozone/hadoop-ozone/integration-test/target/test-dir/MiniOzoneClusterImpl-aa3443fb-1a09-40de-9b9d-4cb3f15163de/datanode-1/meta/datanode.id
2022-05-26 01:45:44,081 [Listener at 127.0.0.1/38069] INFO  reflections.Reflections (Reflections.java:scan(232)) - Reflections took 89 ms to scan 7 urls, producing 127 keys and 292 values 
2022-05-26 01:45:44,082 [Listener at 127.0.0.1/38069] INFO  statemachine.DatanodeStateMachine (DatanodeStateMachine.java:getEndPointTaskThreadPoolSize(233)) - Datanode State Machine Task Thread Pool size 2
2022-05-26 01:45:44,083 [Listener at 127.0.0.1/38069] INFO  volume.HddsVolume (HddsVolume.java:<init>(120)) - Creating HddsVolume: /home/runner/work/ozone/ozone/hadoop-ozone/integration-test/target/test-dir/MiniOzoneClusterImpl-aa3443fb-1a09-40de-9b9d-4cb3f15163de/datanode-2/data-0/containers/hdds of storage type : DISK capacity : 9223372036854775807
2022-05-26 01:45:44,083 [Listener at 127.0.0.1/38069] INFO  volume.MutableVolumeSet (MutableVolumeSet.java:initializeVolumeSet(168)) - Added Volume : /home/runner/work/ozone/ozone/hadoop-ozone/integration-test/target/test-dir/MiniOzoneClusterImpl-aa3443fb-1a09-40de-9b9d-4cb3f15163de/datanode-2/data-0/containers/hdds to VolumeSet
2022-05-26 01:45:44,083 [Listener at 127.0.0.1/38069] INFO  volume.ThrottledAsyncChecker (ThrottledAsyncChecker.java:schedule(141)) - Scheduling a check for /home/runner/work/ozone/ozone/hadoop-ozone/integration-test/target/test-dir/MiniOzoneClusterImpl-aa3443fb-1a09-40de-9b9d-4cb3f15163de/datanode-2/data-0/containers/hdds
2022-05-26 01:45:44,088 [Listener at 127.0.0.1/38069] INFO  volume.StorageVolumeChecker (StorageVolumeChecker.java:checkAllVolumes(202)) - Scheduled health check for volume /home/runner/work/ozone/ozone/hadoop-ozone/integration-test/target/test-dir/MiniOzoneClusterImpl-aa3443fb-1a09-40de-9b9d-4cb3f15163de/datanode-2/data-0/containers/hdds
2022-05-26 01:45:44,100 [Listener at 127.0.0.1/38069] INFO  volume.MutableVolumeSet (MutableVolumeSet.java:initializeVolumeSet(168)) - Added Volume : /home/runner/work/ozone/ozone/hadoop-ozone/integration-test/target/test-dir/MiniOzoneClusterImpl-aa3443fb-1a09-40de-9b9d-4cb3f15163de/datanode-2/data/ratis to VolumeSet
2022-05-26 01:45:44,100 [Listener at 127.0.0.1/38069] INFO  volume.ThrottledAsyncChecker (ThrottledAsyncChecker.java:schedule(141)) - Scheduling a check for /home/runner/work/ozone/ozone/hadoop-ozone/integration-test/target/test-dir/MiniOzoneClusterImpl-aa3443fb-1a09-40de-9b9d-4cb3f15163de/datanode-2/data/ratis
2022-05-26 01:45:44,116 [Listener at 127.0.0.1/38069] INFO  volume.StorageVolumeChecker (StorageVolumeChecker.java:checkAllVolumes(202)) - Scheduled health check for volume /home/runner/work/ozone/ozone/hadoop-ozone/integration-test/target/test-dir/MiniOzoneClusterImpl-aa3443fb-1a09-40de-9b9d-4cb3f15163de/datanode-2/data/ratis
2022-05-26 01:45:44,174 [Thread-1249] INFO  ozoneimpl.ContainerReader (ContainerReader.java:readVolume(172)) - Finish verifying containers on volume /home/runner/work/ozone/ozone/hadoop-ozone/integration-test/target/test-dir/MiniOzoneClusterImpl-aa3443fb-1a09-40de-9b9d-4cb3f15163de/datanode-2/data-0/containers/hdds
2022-05-26 01:45:44,176 [Listener at 127.0.0.1/38069] INFO  ozoneimpl.OzoneContainer (OzoneContainer.java:buildContainerSet(257)) - Build ContainerSet costs 0s
2022-05-26 01:45:44,179 [Listener at 127.0.0.1/38069] INFO  server.RaftServer (ConfUtils.java:logGet(46)) - raft.rpc.type = GRPC (default)
2022-05-26 01:45:44,179 [Listener at 127.0.0.1/38069] INFO  grpc.GrpcFactory (GrpcFactory.java:checkPooledByteBufAllocatorUseCacheForAllThreads(48)) - PERFORMANCE WARNING: useCacheForAllThreads is true that may cause Netty to create a lot garbage objects and, as a result, trigger GC.
	It is recommended to disable useCacheForAllThreads by setting -Dorg.apache.ratis.thirdparty.io.netty.allocator.useCacheForAllThreads=false in command line.
2022-05-26 01:45:44,179 [Listener at 127.0.0.1/38069] INFO  grpc.GrpcConfigKeys (ConfUtils.java:logGet(46)) - raft.grpc.admin.port = 0 (custom)
2022-05-26 01:45:44,180 [Listener at 127.0.0.1/38069] INFO  grpc.GrpcConfigKeys (ConfUtils.java:logGet(46)) - raft.grpc.client.port = 0 (custom)
2022-05-26 01:45:44,180 [Listener at 127.0.0.1/38069] INFO  grpc.GrpcConfigKeys (ConfUtils.java:logGet(46)) - raft.grpc.server.port = 0 (default)
2022-05-26 01:45:44,180 [Listener at 127.0.0.1/38069] INFO  server.GrpcService (ConfUtils.java:logGet(46)) - raft.grpc.message.size.max = 32MB (=33554432) (custom)
2022-05-26 01:45:44,180 [Listener at 127.0.0.1/38069] INFO  server.RaftServerConfigKeys (ConfUtils.java:logGet(46)) - raft.server.log.appender.buffer.byte-limit = 33554432 (custom)
2022-05-26 01:45:44,181 [Listener at 127.0.0.1/38069] INFO  server.GrpcService (ConfUtils.java:logGet(46)) - raft.grpc.flow.control.window = 5MB (=5242880) (custom)
2022-05-26 01:45:44,181 [Listener at 127.0.0.1/38069] INFO  server.RaftServerConfigKeys (ConfUtils.java:logGet(46)) - raft.server.rpc.request.timeout = 60s (custom)
2022-05-26 01:45:44,181 [Listener at 127.0.0.1/38069] INFO  grpc.GrpcConfigKeys (ConfUtils.java:logGet(46)) - raft.grpc.server.async.request.thread.pool.cached = true (default)
2022-05-26 01:45:44,181 [Listener at 127.0.0.1/38069] INFO  grpc.GrpcConfigKeys (ConfUtils.java:logGet(46)) - raft.grpc.server.async.request.thread.pool.size = 32 (default)
2022-05-26 01:45:44,182 [Listener at 127.0.0.1/38069] INFO  impl.DataStreamServerImpl (ConfUtils.java:logGet(46)) - raft.datastream.type = DISABLED (default)
2022-05-26 01:45:44,182 [Listener at 127.0.0.1/38069] INFO  server.RaftServerConfigKeys (ConfUtils.java:logGet(46)) - raft.server.threadpool.proxy.cached = true (default)
2022-05-26 01:45:44,182 [Listener at 127.0.0.1/38069] INFO  server.RaftServerConfigKeys (ConfUtils.java:logGet(46)) - raft.server.threadpool.proxy.size = 0 (default)
2022-05-26 01:45:44,182 [Listener at 127.0.0.1/38069] INFO  server.RaftServerConfigKeys (ConfUtils.java:logGet(46)) - raft.server.rpc.slowness.timeout = 300s (custom)
2022-05-26 01:45:44,183 [Listener at 127.0.0.1/38069] INFO  server.RaftServerConfigKeys (ConfUtils.java:logGet(46)) - raft.server.leaderelection.leader.step-down.wait-time = 10s (default)
2022-05-26 01:45:44,183 [Listener at 127.0.0.1/38069] INFO  server.RaftServerConfigKeys (ConfUtils.java:logGet(46)) - raft.server.storage.dir = [/home/runner/work/ozone/ozone/hadoop-ozone/integration-test/target/test-dir/MiniOzoneClusterImpl-aa3443fb-1a09-40de-9b9d-4cb3f15163de/datanode-2/data/ratis] (custom)
2022-05-26 01:45:44,217 [Listener at 127.0.0.1/38069] INFO  server.XceiverServerGrpc (XceiverServerGrpc.java:<init>(132)) - GrpcServer channel type EpollServerSocketChannel
2022-05-26 01:45:44,225 [Listener at 127.0.0.1/38069] INFO  http.BaseHttpServer (BaseHttpServer.java:newHttpServer2BuilderForOzone(209)) - Starting Web-server for hddsDatanode at: http://0.0.0.0:0
2022-05-26 01:45:44,225 [Listener at 127.0.0.1/38069] INFO  http.BaseHttpServer (BaseHttpServer.java:<init>(107)) - Hadoop Security Enabled: false Ozone Security Enabled: false Ozone HTTP Security Enabled: false 
2022-05-26 01:45:44,226 [Listener at 127.0.0.1/38069] INFO  server.AuthenticationFilter (AuthenticationFilter.java:constructSecretProvider(240)) - Unable to initialize FileSignerSecretProvider, falling back to use random secrets.
2022-05-26 01:45:44,240 [Listener at 127.0.0.1/38069] WARN  http.HttpRequestLog (HttpRequestLog.java:getRequestLog(103)) - Jetty request log can only be enabled using Log4j
2022-05-26 01:45:44,241 [Listener at 127.0.0.1/38069] INFO  http.HttpServer2 (HttpServer2.java:addGlobalFilter(1030)) - Added global filter 'safety' (class=org.apache.hadoop.hdds.server.http.HttpServer2$QuotingInputFilter)
2022-05-26 01:45:44,241 [Listener at 127.0.0.1/38069] INFO  http.HttpServer2 (HttpServer2.java:addFilter(1006)) - Added filter static_user_filter (class=org.apache.hadoop.http.lib.StaticUserWebFilter$StaticUserFilter) to context hddsDatanode
2022-05-26 01:45:44,241 [Listener at 127.0.0.1/38069] INFO  http.HttpServer2 (HttpServer2.java:addFilter(1014)) - Added filter static_user_filter (class=org.apache.hadoop.http.lib.StaticUserWebFilter$StaticUserFilter) to context static
2022-05-26 01:45:44,241 [Listener at 127.0.0.1/38069] INFO  http.HttpServer2 (HttpServer2.java:addFilter(1014)) - Added filter static_user_filter (class=org.apache.hadoop.http.lib.StaticUserWebFilter$StaticUserFilter) to context logs
2022-05-26 01:45:44,242 [Listener at 127.0.0.1/38069] INFO  http.HttpServer2 (HttpServer2.java:bindListener(1249)) - Jetty bound to port 40601
2022-05-26 01:45:44,242 [Listener at 127.0.0.1/38069] INFO  server.Server (Server.java:doStart(375)) - jetty-9.4.43.v20210629; built: 2021-06-30T11:07:22.254Z; git: 526006ecfa3af7f1a27ef3a288e2bef7ea9dd7e8; jvm 1.8.0_332-b09
2022-05-26 01:45:44,261 [Listener at 127.0.0.1/38069] INFO  server.session (DefaultSessionIdManager.java:doStart(334)) - DefaultSessionIdManager workerName=node0
2022-05-26 01:45:44,261 [Listener at 127.0.0.1/38069] INFO  server.session (DefaultSessionIdManager.java:doStart(339)) - No SessionScavenger set, using defaults
2022-05-26 01:45:44,261 [Listener at 127.0.0.1/38069] INFO  server.session (HouseKeeper.java:startScavenging(132)) - node0 Scavenging every 600000ms
2022-05-26 01:45:44,262 [Listener at 127.0.0.1/38069] INFO  handler.ContextHandler (ContextHandler.java:doStart(915)) - Started o.e.j.s.ServletContextHandler@6246a249{logs,/logs,file:///home/runner/work/ozone/ozone/hadoop-ozone/integration-test/target/log,AVAILABLE}
2022-05-26 01:45:44,262 [Listener at 127.0.0.1/38069] INFO  handler.ContextHandler (ContextHandler.java:doStart(915)) - Started o.e.j.s.ServletContextHandler@7f0bc723{static,/static,jar:file:/home/runner/.m2/repository/org/apache/ozone/hdds-container-service/1.3.0-SNAPSHOT/hdds-container-service-1.3.0-SNAPSHOT.jar!/webapps/static,AVAILABLE}
2022-05-26 01:45:44,877 [EndpointStateMachine task thread for /0.0.0.0:42687 - 0 ] INFO  ozoneimpl.OzoneContainer (OzoneContainer.java:start(335)) - Attempting to start container services.
2022-05-26 01:45:44,877 [EndpointStateMachine task thread for /0.0.0.0:42687 - 0 ] INFO  ozoneimpl.OzoneContainer (OzoneContainer.java:startContainerScrub(270)) - Background container scanner has been disabled.
2022-05-26 01:45:44,884 [EndpointStateMachine task thread for /0.0.0.0:42687 - 0 ] INFO  replication.ReplicationServer (ReplicationServer.java:start(111)) - ReplicationServer is started using port 35429
2022-05-26 01:45:44,885 [EndpointStateMachine task thread for /0.0.0.0:42687 - 0 ] INFO  ratis.XceiverServerRatis (XceiverServerRatis.java:start(481)) - Starting XceiverServerRatis 2ddbf39d-335e-406c-b5fb-c9241fde00d0
2022-05-26 01:45:44,885 [EndpointStateMachine task thread for /0.0.0.0:42687 - 0 ] INFO  server.RaftServer (RaftServerProxy.java:lambda$start$6(382)) - 2ddbf39d-335e-406c-b5fb-c9241fde00d0: start RPC server
2022-05-26 01:45:44,911 [EndpointStateMachine task thread for /0.0.0.0:42687 - 0 ] INFO  server.GrpcService (GrpcService.java:startImpl(260)) - 2ddbf39d-335e-406c-b5fb-c9241fde00d0: GrpcService started, listening on 44127
2022-05-26 01:45:44,924 [EndpointStateMachine task thread for /0.0.0.0:42687 - 0 ] INFO  ratis.XceiverServerRatis (XceiverServerRatis.java:getRealPort(502)) - XceiverServerRatis 2ddbf39d-335e-406c-b5fb-c9241fde00d0 is started using port 44127 for RATIS
2022-05-26 01:45:44,924 [EndpointStateMachine task thread for /0.0.0.0:42687 - 0 ] INFO  ratis.XceiverServerRatis (XceiverServerRatis.java:getRealPort(502)) - XceiverServerRatis 2ddbf39d-335e-406c-b5fb-c9241fde00d0 is started using port 44127 for RATIS_ADMIN
2022-05-26 01:45:44,924 [EndpointStateMachine task thread for /0.0.0.0:42687 - 0 ] INFO  ratis.XceiverServerRatis (XceiverServerRatis.java:getRealPort(502)) - XceiverServerRatis 2ddbf39d-335e-406c-b5fb-c9241fde00d0 is started using port 44127 for RATIS_SERVER
2022-05-26 01:45:44,924 [org.apache.ratis.util.JvmPauseMonitor$$Lambda$677/950145419@4010f6ab] INFO  util.JvmPauseMonitor (JvmPauseMonitor.java:run(103)) - JvmPauseMonitor-2ddbf39d-335e-406c-b5fb-c9241fde00d0: Started
2022-05-26 01:45:44,969 [EndpointStateMachine task thread for /0.0.0.0:42687 - 0 ] INFO  server.XceiverServerGrpc (XceiverServerGrpc.java:start(180)) - XceiverServerGrpc 2ddbf39d-335e-406c-b5fb-c9241fde00d0 is started using port 40009
2022-05-26 01:45:45,057 [Listener at 127.0.0.1/38069] INFO  handler.ContextHandler (ContextHandler.java:doStart(915)) - Started o.e.j.w.WebAppContext@154e31a5{hddsDatanode,/,file:///tmp/jetty-0_0_0_0-40601-hdds-container-service-1_3_0-SNAPSHOT_jar-_-any-7489471242781458933/webapp/,AVAILABLE}{jar:file:/home/runner/.m2/repository/org/apache/ozone/hdds-container-service/1.3.0-SNAPSHOT/hdds-container-service-1.3.0-SNAPSHOT.jar!/webapps/hddsDatanode}
2022-05-26 01:45:45,088 [Listener at 127.0.0.1/38069] INFO  server.AbstractConnector (AbstractConnector.java:doStart(331)) - Started ServerConnector@2b68172f{HTTP/1.1, (http/1.1)}{0.0.0.0:40601}
2022-05-26 01:45:45,088 [Listener at 127.0.0.1/38069] INFO  server.Server (Server.java:doStart(415)) - Started @183859ms
2022-05-26 01:45:45,088 [Listener at 127.0.0.1/38069] WARN  impl.MetricsSystemImpl (MetricsSystemImpl.java:register(279)) - Sink prometheus already exists!
2022-05-26 01:45:45,096 [Listener at 127.0.0.1/38069] INFO  http.BaseHttpServer (BaseHttpServer.java:updateConnectorAddress(329)) - HTTP server of hddsDatanode listening at http://0.0.0.0:40601
2022-05-26 01:45:45,100 [Listener at 127.0.0.1/38069] INFO  ozone.MiniOzoneClusterImpl (MiniOzoneClusterImpl.java:lambda$waitForClusterToBeReady$0(221)) - Waiting for nodes to be ready. Got 0 of 3 DN Heartbeats.
2022-05-26 01:45:45,100 [Listener at 127.0.0.1/38069] INFO  ozone.MiniOzoneClusterImpl (MiniOzoneClusterImpl.java:lambda$waitForClusterToBeReady$0(224)) - Waiting for cluster to exit safe mode
2022-05-26 01:45:45,100 [Listener at 127.0.0.1/38069] INFO  ozone.MiniOzoneClusterImpl (MiniOzoneClusterImpl.java:lambda$waitForClusterToBeReady$0(226)) - SCM became leader
2022-05-26 01:45:45,100 [Datanode State Machine Daemon Thread] INFO  statemachine.DatanodeStateMachine (DatanodeStateMachine.java:lambda$startDaemon$0(481)) - Ozone container server started.
2022-05-26 01:45:45,137 [org.apache.hadoop.util.JvmPauseMonitor$Monitor@32067e0f] INFO  util.JvmPauseMonitor (JvmPauseMonitor.java:run(188)) - Starting JVM pause monitor
2022-05-26 01:45:45,148 [Datanode State Machine Task Thread - 0] INFO  datanode.InitDatanodeState (InitDatanodeState.java:persistContainerDatanodeDetails(138)) - DatanodeDetails is persisted to /home/runner/work/ozone/ozone/hadoop-ozone/integration-test/target/test-dir/MiniOzoneClusterImpl-aa3443fb-1a09-40de-9b9d-4cb3f15163de/datanode-2/meta/datanode.id
2022-05-26 01:45:46,056 [EndpointStateMachine task thread for /0.0.0.0:42687 - 0 ] INFO  ozoneimpl.OzoneContainer (OzoneContainer.java:start(335)) - Attempting to start container services.
2022-05-26 01:45:46,056 [EndpointStateMachine task thread for /0.0.0.0:42687 - 0 ] INFO  ozoneimpl.OzoneContainer (OzoneContainer.java:startContainerScrub(270)) - Background container scanner has been disabled.
2022-05-26 01:45:46,076 [EndpointStateMachine task thread for /0.0.0.0:42687 - 0 ] INFO  replication.ReplicationServer (ReplicationServer.java:start(111)) - ReplicationServer is started using port 35421
2022-05-26 01:45:46,077 [EndpointStateMachine task thread for /0.0.0.0:42687 - 0 ] INFO  ratis.XceiverServerRatis (XceiverServerRatis.java:start(481)) - Starting XceiverServerRatis bcb35490-9c47-4ca0-b956-34db424624d7
2022-05-26 01:45:46,078 [EndpointStateMachine task thread for /0.0.0.0:42687 - 0 ] INFO  server.RaftServer (RaftServerProxy.java:lambda$start$6(382)) - bcb35490-9c47-4ca0-b956-34db424624d7: start RPC server
2022-05-26 01:45:46,100 [Listener at 127.0.0.1/38069] INFO  ozone.MiniOzoneClusterImpl (MiniOzoneClusterImpl.java:lambda$waitForClusterToBeReady$0(221)) - Waiting for nodes to be ready. Got 0 of 3 DN Heartbeats.
2022-05-26 01:45:46,101 [Listener at 127.0.0.1/38069] INFO  ozone.MiniOzoneClusterImpl (MiniOzoneClusterImpl.java:lambda$waitForClusterToBeReady$0(224)) - Waiting for cluster to exit safe mode
2022-05-26 01:45:46,101 [Listener at 127.0.0.1/38069] INFO  ozone.MiniOzoneClusterImpl (MiniOzoneClusterImpl.java:lambda$waitForClusterToBeReady$0(226)) - SCM became leader
2022-05-26 01:45:46,136 [EndpointStateMachine task thread for /0.0.0.0:42687 - 0 ] INFO  server.GrpcService (GrpcService.java:startImpl(260)) - bcb35490-9c47-4ca0-b956-34db424624d7: GrpcService started, listening on 44911
2022-05-26 01:45:46,138 [EndpointStateMachine task thread for /0.0.0.0:42687 - 0 ] INFO  ratis.XceiverServerRatis (XceiverServerRatis.java:getRealPort(502)) - XceiverServerRatis bcb35490-9c47-4ca0-b956-34db424624d7 is started using port 44911 for RATIS
2022-05-26 01:45:46,138 [EndpointStateMachine task thread for /0.0.0.0:42687 - 0 ] INFO  ratis.XceiverServerRatis (XceiverServerRatis.java:getRealPort(502)) - XceiverServerRatis bcb35490-9c47-4ca0-b956-34db424624d7 is started using port 44911 for RATIS_ADMIN
2022-05-26 01:45:46,138 [EndpointStateMachine task thread for /0.0.0.0:42687 - 0 ] INFO  ratis.XceiverServerRatis (XceiverServerRatis.java:getRealPort(502)) - XceiverServerRatis bcb35490-9c47-4ca0-b956-34db424624d7 is started using port 44911 for RATIS_SERVER
2022-05-26 01:45:46,144 [org.apache.ratis.util.JvmPauseMonitor$$Lambda$677/950145419@341680d4] INFO  util.JvmPauseMonitor (JvmPauseMonitor.java:run(103)) - JvmPauseMonitor-bcb35490-9c47-4ca0-b956-34db424624d7: Started
2022-05-26 01:45:46,185 [EndpointStateMachine task thread for /0.0.0.0:42687 - 0 ] INFO  server.XceiverServerGrpc (XceiverServerGrpc.java:start(180)) - XceiverServerGrpc bcb35490-9c47-4ca0-b956-34db424624d7 is started using port 39255
2022-05-26 01:45:46,787 [IPC Server handler 5 on default port 42687] INFO  net.NetworkTopologyImpl (NetworkTopologyImpl.java:add(112)) - Added a new node: /default-rack/2ddbf39d-335e-406c-b5fb-c9241fde00d0
2022-05-26 01:45:46,787 [IPC Server handler 5 on default port 42687] INFO  node.SCMNodeManager (SCMNodeManager.java:register(393)) - Registered Data node : 2ddbf39d-335e-406c-b5fb-c9241fde00d0{ip: 10.1.0.18, host: fv-az270-854.tacnzluakwdehk1hpragurqkma.bx.internal.cloudapp.net, ports: [REPLICATION=35429, RATIS=44127, RATIS_ADMIN=44127, RATIS_SERVER=44127, STANDALONE=40009], networkLocation: /default-rack, certSerialId: null, persistedOpState: null, persistedOpStateExpiryEpochSec: 0}
2022-05-26 01:45:46,832 [EventQueue-NodeRegistrationContainerReportForDataNodeSafeModeRule] INFO  safemode.SCMSafeModeManager (DataNodeSafeModeRule.java:process(71)) - SCM in safe mode. 1 DataNodes registered, 3 required.
2022-05-26 01:45:46,835 [EventQueue-NodeRegistrationContainerReportForContainerSafeModeRule] INFO  safemode.SCMSafeModeManager (SCMSafeModeManager.java:validateSafeModeExitRules(204)) - ContainerSafeModeRule rule is successfully validated
2022-05-26 01:45:46,857 [EventQueue-NewNodeForNewNodeHandler] INFO  pipeline.BackgroundPipelineCreator (BackgroundPipelineCreator.java:notifyEventTriggered(272)) - trigger a one-shot run on RatisPipelineUtilsThread.
2022-05-26 01:45:46,885 [EventQueue-PipelineReportForOneReplicaPipelineSafeModeRule] INFO  safemode.SCMSafeModeManager (SCMSafeModeManager.java:validateSafeModeExitRules(204)) - AtleastOneDatanodeReportedRule rule is successfully validated
2022-05-26 01:45:46,893 [RatisPipelineUtilsThread - 0] INFO  pipeline.RatisPipelineProvider (RatisPipelineProvider.java:lambda$create$0(195)) - Sending CreatePipelineCommand for pipeline:PipelineID=5cd1ae9d-73ed-48d9-8c71-829a3c1757e1 to datanode:2ddbf39d-335e-406c-b5fb-c9241fde00d0
2022-05-26 01:45:46,896 [RatisPipelineUtilsThread - 0] INFO  pipeline.PipelineStateManagerImpl (PipelineStateManagerImpl.java:addPipeline(101)) - Created pipeline Pipeline[ Id: 5cd1ae9d-73ed-48d9-8c71-829a3c1757e1, Nodes: 2ddbf39d-335e-406c-b5fb-c9241fde00d0{ip: 10.1.0.18, host: fv-az270-854.tacnzluakwdehk1hpragurqkma.bx.internal.cloudapp.net, ports: [REPLICATION=35429, RATIS=44127, RATIS_ADMIN=44127, RATIS_SERVER=44127, STANDALONE=40009], networkLocation: /default-rack, certSerialId: null, persistedOpState: IN_SERVICE, persistedOpStateExpiryEpochSec: 0}, ReplicationConfig: RATIS/ONE, State:ALLOCATED, leaderId:, CreationTimestamp2022-05-26T01:45:46.893Z[Etc/UTC]].
2022-05-26 01:45:47,101 [Listener at 127.0.0.1/38069] INFO  ozone.MiniOzoneClusterImpl (MiniOzoneClusterImpl.java:lambda$waitForClusterToBeReady$0(221)) - Waiting for nodes to be ready. Got 1 of 3 DN Heartbeats.
2022-05-26 01:45:47,101 [Listener at 127.0.0.1/38069] INFO  ozone.MiniOzoneClusterImpl (MiniOzoneClusterImpl.java:lambda$waitForClusterToBeReady$0(224)) - Waiting for cluster to exit safe mode
2022-05-26 01:45:47,101 [Listener at 127.0.0.1/38069] INFO  ozone.MiniOzoneClusterImpl (MiniOzoneClusterImpl.java:lambda$waitForClusterToBeReady$0(226)) - SCM became leader
2022-05-26 01:45:47,161 [EndpointStateMachine task thread for /0.0.0.0:42687 - 0 ] INFO  ozoneimpl.OzoneContainer (OzoneContainer.java:start(335)) - Attempting to start container services.
2022-05-26 01:45:47,193 [EndpointStateMachine task thread for /0.0.0.0:42687 - 0 ] INFO  ozoneimpl.OzoneContainer (OzoneContainer.java:startContainerScrub(270)) - Background container scanner has been disabled.
2022-05-26 01:45:47,230 [EndpointStateMachine task thread for /0.0.0.0:42687 - 0 ] INFO  replication.ReplicationServer (ReplicationServer.java:start(111)) - ReplicationServer is started using port 46873
2022-05-26 01:45:47,236 [EndpointStateMachine task thread for /0.0.0.0:42687 - 0 ] INFO  ratis.XceiverServerRatis (XceiverServerRatis.java:start(481)) - Starting XceiverServerRatis d7b58387-0038-4812-9582-2122bfcfd866
2022-05-26 01:45:47,240 [EndpointStateMachine task thread for /0.0.0.0:42687 - 0 ] INFO  server.RaftServer (RaftServerProxy.java:lambda$start$6(382)) - d7b58387-0038-4812-9582-2122bfcfd866: start RPC server
2022-05-26 01:45:47,255 [EndpointStateMachine task thread for /0.0.0.0:42687 - 0 ] INFO  server.GrpcService (GrpcService.java:startImpl(260)) - d7b58387-0038-4812-9582-2122bfcfd866: GrpcService started, listening on 40429
2022-05-26 01:45:47,255 [EndpointStateMachine task thread for /0.0.0.0:42687 - 0 ] INFO  ratis.XceiverServerRatis (XceiverServerRatis.java:getRealPort(502)) - XceiverServerRatis d7b58387-0038-4812-9582-2122bfcfd866 is started using port 40429 for RATIS
2022-05-26 01:45:47,255 [EndpointStateMachine task thread for /0.0.0.0:42687 - 0 ] INFO  ratis.XceiverServerRatis (XceiverServerRatis.java:getRealPort(502)) - XceiverServerRatis d7b58387-0038-4812-9582-2122bfcfd866 is started using port 40429 for RATIS_ADMIN
2022-05-26 01:45:47,255 [EndpointStateMachine task thread for /0.0.0.0:42687 - 0 ] INFO  ratis.XceiverServerRatis (XceiverServerRatis.java:getRealPort(502)) - XceiverServerRatis d7b58387-0038-4812-9582-2122bfcfd866 is started using port 40429 for RATIS_SERVER
2022-05-26 01:45:47,255 [org.apache.ratis.util.JvmPauseMonitor$$Lambda$677/950145419@75b89996] INFO  util.JvmPauseMonitor (JvmPauseMonitor.java:run(103)) - JvmPauseMonitor-d7b58387-0038-4812-9582-2122bfcfd866: Started
2022-05-26 01:45:47,309 [EndpointStateMachine task thread for /0.0.0.0:42687 - 0 ] INFO  server.XceiverServerGrpc (XceiverServerGrpc.java:start(180)) - XceiverServerGrpc d7b58387-0038-4812-9582-2122bfcfd866 is started using port 44007
2022-05-26 01:45:48,041 [IPC Server handler 6 on default port 42687] INFO  net.NetworkTopologyImpl (NetworkTopologyImpl.java:add(112)) - Added a new node: /default-rack/bcb35490-9c47-4ca0-b956-34db424624d7
2022-05-26 01:45:48,042 [IPC Server handler 6 on default port 42687] INFO  node.SCMNodeManager (SCMNodeManager.java:register(393)) - Registered Data node : bcb35490-9c47-4ca0-b956-34db424624d7{ip: 10.1.0.18, host: fv-az270-854.tacnzluakwdehk1hpragurqkma.bx.internal.cloudapp.net, ports: [REPLICATION=35421, RATIS=44911, RATIS_ADMIN=44911, RATIS_SERVER=44911, STANDALONE=39255], networkLocation: /default-rack, certSerialId: null, persistedOpState: null, persistedOpStateExpiryEpochSec: 0}
2022-05-26 01:45:48,042 [EventQueue-NewNodeForNewNodeHandler] INFO  pipeline.BackgroundPipelineCreator (BackgroundPipelineCreator.java:notifyEventTriggered(272)) - trigger a one-shot run on RatisPipelineUtilsThread.
2022-05-26 01:45:48,076 [EventQueue-NodeRegistrationContainerReportForDataNodeSafeModeRule] INFO  safemode.SCMSafeModeManager (DataNodeSafeModeRule.java:process(71)) - SCM in safe mode. 2 DataNodes registered, 3 required.
2022-05-26 01:45:48,102 [Listener at 127.0.0.1/38069] INFO  ozone.MiniOzoneClusterImpl (MiniOzoneClusterImpl.java:lambda$waitForClusterToBeReady$0(221)) - Waiting for nodes to be ready. Got 2 of 3 DN Heartbeats.
2022-05-26 01:45:48,102 [Listener at 127.0.0.1/38069] INFO  ozone.MiniOzoneClusterImpl (MiniOzoneClusterImpl.java:lambda$waitForClusterToBeReady$0(224)) - Waiting for cluster to exit safe mode
2022-05-26 01:45:48,102 [Listener at 127.0.0.1/38069] INFO  ozone.MiniOzoneClusterImpl (MiniOzoneClusterImpl.java:lambda$waitForClusterToBeReady$0(226)) - SCM became leader
2022-05-26 01:45:48,103 [RatisPipelineUtilsThread - 0] INFO  pipeline.RatisPipelineProvider (RatisPipelineProvider.java:lambda$create$0(195)) - Sending CreatePipelineCommand for pipeline:PipelineID=4edc844f-36be-4762-9db5-84249ca4062c to datanode:bcb35490-9c47-4ca0-b956-34db424624d7
2022-05-26 01:45:48,104 [RatisPipelineUtilsThread - 0] INFO  pipeline.PipelineStateManagerImpl (PipelineStateManagerImpl.java:addPipeline(101)) - Created pipeline Pipeline[ Id: 4edc844f-36be-4762-9db5-84249ca4062c, Nodes: bcb35490-9c47-4ca0-b956-34db424624d7{ip: 10.1.0.18, host: fv-az270-854.tacnzluakwdehk1hpragurqkma.bx.internal.cloudapp.net, ports: [REPLICATION=35421, RATIS=44911, RATIS_ADMIN=44911, RATIS_SERVER=44911, STANDALONE=39255], networkLocation: /default-rack, certSerialId: null, persistedOpState: IN_SERVICE, persistedOpStateExpiryEpochSec: 0}, ReplicationConfig: RATIS/ONE, State:ALLOCATED, leaderId:, CreationTimestamp2022-05-26T01:45:48.103Z[Etc/UTC]].
2022-05-26 01:45:49,104 [Listener at 127.0.0.1/38069] INFO  ozone.MiniOzoneClusterImpl (MiniOzoneClusterImpl.java:lambda$waitForClusterToBeReady$0(221)) - Waiting for nodes to be ready. Got 2 of 3 DN Heartbeats.
2022-05-26 01:45:49,104 [Listener at 127.0.0.1/38069] INFO  ozone.MiniOzoneClusterImpl (MiniOzoneClusterImpl.java:lambda$waitForClusterToBeReady$0(224)) - Waiting for cluster to exit safe mode
2022-05-26 01:45:49,104 [Listener at 127.0.0.1/38069] INFO  ozone.MiniOzoneClusterImpl (MiniOzoneClusterImpl.java:lambda$waitForClusterToBeReady$0(226)) - SCM became leader
2022-05-26 01:45:49,140 [IPC Server handler 5 on default port 42687] INFO  net.NetworkTopologyImpl (NetworkTopologyImpl.java:add(112)) - Added a new node: /default-rack/d7b58387-0038-4812-9582-2122bfcfd866
2022-05-26 01:45:49,141 [IPC Server handler 5 on default port 42687] INFO  node.SCMNodeManager (SCMNodeManager.java:register(393)) - Registered Data node : d7b58387-0038-4812-9582-2122bfcfd866{ip: 10.1.0.18, host: fv-az270-854.tacnzluakwdehk1hpragurqkma.bx.internal.cloudapp.net, ports: [REPLICATION=46873, RATIS=40429, RATIS_ADMIN=40429, RATIS_SERVER=40429, STANDALONE=44007], networkLocation: /default-rack, certSerialId: null, persistedOpState: null, persistedOpStateExpiryEpochSec: 0}
2022-05-26 01:45:49,141 [EventQueue-NewNodeForNewNodeHandler] INFO  pipeline.BackgroundPipelineCreator (BackgroundPipelineCreator.java:notifyEventTriggered(272)) - trigger a one-shot run on RatisPipelineUtilsThread.
2022-05-26 01:45:49,144 [EventQueue-NodeRegistrationContainerReportForDataNodeSafeModeRule] INFO  safemode.SCMSafeModeManager (DataNodeSafeModeRule.java:process(71)) - SCM in safe mode. 3 DataNodes registered, 3 required.
2022-05-26 01:45:49,144 [EventQueue-NodeRegistrationContainerReportForDataNodeSafeModeRule] INFO  safemode.SCMSafeModeManager (SCMSafeModeManager.java:validateSafeModeExitRules(204)) - DataNodeSafeModeRule rule is successfully validated
2022-05-26 01:45:49,144 [EventQueue-NodeRegistrationContainerReportForDataNodeSafeModeRule] INFO  safemode.SCMSafeModeManager (SCMSafeModeManager.java:completePreCheck(233)) - All SCM safe mode pre check rules have passed
2022-05-26 01:45:49,144 [EventQueue-NodeRegistrationContainerReportForDataNodeSafeModeRule] WARN  events.EventQueue (EventQueue.java:fireEvent(194)) - No event handler registered for event TypedEvent{payloadType=SafeModeStatus, name='Safe mode status'}
2022-05-26 01:45:49,144 [EventQueue-NodeRegistrationContainerReportForDataNodeSafeModeRule] INFO  ha.SCMContext (SCMContext.java:updateSafeModeStatus(211)) - Update SafeModeStatus from SafeModeStatus{safeModeStatus=true, preCheckPassed=false} to SafeModeStatus{safeModeStatus=true, preCheckPassed=true}.
2022-05-26 01:45:49,144 [EventQueue-NodeRegistrationContainerReportForDataNodeSafeModeRule] INFO  pipeline.BackgroundPipelineCreator (BackgroundPipelineCreator.java:notifyEventTriggered(272)) - trigger a one-shot run on RatisPipelineUtilsThread.
2022-05-26 01:45:49,174 [RatisPipelineUtilsThread - 0] INFO  pipeline.RatisPipelineProvider (RatisPipelineProvider.java:lambda$create$0(195)) - Sending CreatePipelineCommand for pipeline:PipelineID=1acc4110-4f8a-4672-8610-02acc01f80aa to datanode:d7b58387-0038-4812-9582-2122bfcfd866
2022-05-26 01:45:49,174 [RatisPipelineUtilsThread - 0] INFO  pipeline.PipelineStateManagerImpl (PipelineStateManagerImpl.java:addPipeline(101)) - Created pipeline Pipeline[ Id: 1acc4110-4f8a-4672-8610-02acc01f80aa, Nodes: d7b58387-0038-4812-9582-2122bfcfd866{ip: 10.1.0.18, host: fv-az270-854.tacnzluakwdehk1hpragurqkma.bx.internal.cloudapp.net, ports: [REPLICATION=46873, RATIS=40429, RATIS_ADMIN=40429, RATIS_SERVER=40429, STANDALONE=44007], networkLocation: /default-rack, certSerialId: null, persistedOpState: IN_SERVICE, persistedOpStateExpiryEpochSec: 0}, ReplicationConfig: RATIS/ONE, State:ALLOCATED, leaderId:, CreationTimestamp2022-05-26T01:45:49.174Z[Etc/UTC]].
2022-05-26 01:45:49,175 [RatisPipelineUtilsThread - 0] INFO  pipeline.RatisPipelineProvider (RatisPipelineProvider.java:lambda$create$0(195)) - Sending CreatePipelineCommand for pipeline:PipelineID=676f0365-e2d2-4fd6-b3db-cf5bb0e4e03b to datanode:bcb35490-9c47-4ca0-b956-34db424624d7
2022-05-26 01:45:49,175 [RatisPipelineUtilsThread - 0] INFO  pipeline.RatisPipelineProvider (RatisPipelineProvider.java:lambda$create$0(195)) - Sending CreatePipelineCommand for pipeline:PipelineID=676f0365-e2d2-4fd6-b3db-cf5bb0e4e03b to datanode:d7b58387-0038-4812-9582-2122bfcfd866
2022-05-26 01:45:49,175 [RatisPipelineUtilsThread - 0] INFO  pipeline.RatisPipelineProvider (RatisPipelineProvider.java:lambda$create$0(195)) - Sending CreatePipelineCommand for pipeline:PipelineID=676f0365-e2d2-4fd6-b3db-cf5bb0e4e03b to datanode:2ddbf39d-335e-406c-b5fb-c9241fde00d0
2022-05-26 01:45:49,175 [RatisPipelineUtilsThread - 0] INFO  pipeline.PipelineStateManagerImpl (PipelineStateManagerImpl.java:addPipeline(101)) - Created pipeline Pipeline[ Id: 676f0365-e2d2-4fd6-b3db-cf5bb0e4e03b, Nodes: bcb35490-9c47-4ca0-b956-34db424624d7{ip: 10.1.0.18, host: fv-az270-854.tacnzluakwdehk1hpragurqkma.bx.internal.cloudapp.net, ports: [REPLICATION=35421, RATIS=44911, RATIS_ADMIN=44911, RATIS_SERVER=44911, STANDALONE=39255], networkLocation: /default-rack, certSerialId: null, persistedOpState: IN_SERVICE, persistedOpStateExpiryEpochSec: 0}d7b58387-0038-4812-9582-2122bfcfd866{ip: 10.1.0.18, host: fv-az270-854.tacnzluakwdehk1hpragurqkma.bx.internal.cloudapp.net, ports: [REPLICATION=46873, RATIS=40429, RATIS_ADMIN=40429, RATIS_SERVER=40429, STANDALONE=44007], networkLocation: /default-rack, certSerialId: null, persistedOpState: IN_SERVICE, persistedOpStateExpiryEpochSec: 0}2ddbf39d-335e-406c-b5fb-c9241fde00d0{ip: 10.1.0.18, host: fv-az270-854.tacnzluakwdehk1hpragurqkma.bx.internal.cloudapp.net, ports: [REPLICATION=35429, RATIS=44127, RATIS_ADMIN=44127, RATIS_SERVER=44127, STANDALONE=40009], networkLocation: /default-rack, certSerialId: null, persistedOpState: IN_SERVICE, persistedOpStateExpiryEpochSec: 0}, ReplicationConfig: RATIS/THREE, State:ALLOCATED, leaderId:, CreationTimestamp2022-05-26T01:45:49.175Z[Etc/UTC]].
2022-05-26 01:45:49,176 [RatisPipelineUtilsThread - 0] INFO  pipeline.RatisPipelineProvider (RatisPipelineProvider.java:lambda$create$0(195)) - Sending CreatePipelineCommand for pipeline:PipelineID=4fcb894d-4468-499b-bda8-cc35161e154e to datanode:d7b58387-0038-4812-9582-2122bfcfd866
2022-05-26 01:45:49,178 [RatisPipelineUtilsThread - 0] INFO  pipeline.RatisPipelineProvider (RatisPipelineProvider.java:lambda$create$0(195)) - Sending CreatePipelineCommand for pipeline:PipelineID=4fcb894d-4468-499b-bda8-cc35161e154e to datanode:bcb35490-9c47-4ca0-b956-34db424624d7
2022-05-26 01:45:49,178 [RatisPipelineUtilsThread - 0] INFO  pipeline.RatisPipelineProvider (RatisPipelineProvider.java:lambda$create$0(195)) - Sending CreatePipelineCommand for pipeline:PipelineID=4fcb894d-4468-499b-bda8-cc35161e154e to datanode:2ddbf39d-335e-406c-b5fb-c9241fde00d0
2022-05-26 01:45:49,178 [RatisPipelineUtilsThread - 0] INFO  pipeline.PipelineStateManagerImpl (PipelineStateManagerImpl.java:addPipeline(101)) - Created pipeline Pipeline[ Id: 4fcb894d-4468-499b-bda8-cc35161e154e, Nodes: d7b58387-0038-4812-9582-2122bfcfd866{ip: 10.1.0.18, host: fv-az270-854.tacnzluakwdehk1hpragurqkma.bx.internal.cloudapp.net, ports: [REPLICATION=46873, RATIS=40429, RATIS_ADMIN=40429, RATIS_SERVER=40429, STANDALONE=44007], networkLocation: /default-rack, certSerialId: null, persistedOpState: IN_SERVICE, persistedOpStateExpiryEpochSec: 0}bcb35490-9c47-4ca0-b956-34db424624d7{ip: 10.1.0.18, host: fv-az270-854.tacnzluakwdehk1hpragurqkma.bx.internal.cloudapp.net, ports: [REPLICATION=35421, RATIS=44911, RATIS_ADMIN=44911, RATIS_SERVER=44911, STANDALONE=39255], networkLocation: /default-rack, certSerialId: null, persistedOpState: IN_SERVICE, persistedOpStateExpiryEpochSec: 0}2ddbf39d-335e-406c-b5fb-c9241fde00d0{ip: 10.1.0.18, host: fv-az270-854.tacnzluakwdehk1hpragurqkma.bx.internal.cloudapp.net, ports: [REPLICATION=35429, RATIS=44127, RATIS_ADMIN=44127, RATIS_SERVER=44127, STANDALONE=40009], networkLocation: /default-rack, certSerialId: null, persistedOpState: IN_SERVICE, persistedOpStateExpiryEpochSec: 0}, ReplicationConfig: RATIS/THREE, State:ALLOCATED, leaderId:, CreationTimestamp2022-05-26T01:45:49.176Z[Etc/UTC]].
2022-05-26 01:45:49,178 [RatisPipelineUtilsThread - 0] INFO  pipeline.PipelineManagerImpl (PipelineManagerImpl.java:recordMetricsForPipeline(695)) - Pipeline: PipelineID=4fcb894d-4468-499b-bda8-cc35161e154e contains same datanodes as previous pipelines: PipelineID=676f0365-e2d2-4fd6-b3db-cf5bb0e4e03b nodeIds: d7b58387-0038-4812-9582-2122bfcfd866, bcb35490-9c47-4ca0-b956-34db424624d7, 2ddbf39d-335e-406c-b5fb-c9241fde00d0
2022-05-26 01:45:49,788 [Command processor thread] INFO  server.RaftServer (RaftServerProxy.java:addNew(96)) - 2ddbf39d-335e-406c-b5fb-c9241fde00d0: addNew group-829A3C1757E1:[2ddbf39d-335e-406c-b5fb-c9241fde00d0|rpc:10.1.0.18:44127|priority:1] returns group-829A3C1757E1:java.util.concurrent.CompletableFuture@54eb0d03[Not completed]
2022-05-26 01:45:49,840 [pool-576-thread-1] INFO  server.RaftServer$Division (RaftServerImpl.java:<init>(190)) - 2ddbf39d-335e-406c-b5fb-c9241fde00d0: new RaftServerImpl for group-829A3C1757E1:[2ddbf39d-335e-406c-b5fb-c9241fde00d0|rpc:10.1.0.18:44127|priority:1] with ContainerStateMachine:uninitialized
2022-05-26 01:45:49,840 [pool-576-thread-1] INFO  server.RaftServerConfigKeys (ConfUtils.java:logGet(46)) - raft.server.rpc.timeout.min = 5s (custom)
2022-05-26 01:45:49,840 [pool-576-thread-1] INFO  server.RaftServerConfigKeys (ConfUtils.java:logGet(46)) - raft.server.rpc.timeout.max = 5200ms (custom)
2022-05-26 01:45:49,840 [pool-576-thread-1] INFO  server.RaftServerConfigKeys (ConfUtils.java:logGet(46)) - raft.server.rpc.sleep.time = 25ms (default)
2022-05-26 01:45:49,840 [pool-576-thread-1] INFO  server.RaftServerConfigKeys (ConfUtils.java:logGet(46)) - raft.server.rpc.slowness.timeout = 300s (custom)
2022-05-26 01:45:49,840 [pool-576-thread-1] INFO  server.RaftServerConfigKeys (ConfUtils.java:logGet(46)) - raft.server.leaderelection.leader.step-down.wait-time = 10s (default)
2022-05-26 01:45:49,840 [pool-576-thread-1] INFO  server.RaftServerConfigKeys (ConfUtils.java:logGet(46)) - raft.server.sleep.deviation.threshold = 300ms (default)
2022-05-26 01:45:49,840 [pool-576-thread-1] INFO  server.RaftServer$Division (ServerState.java:<init>(107)) - 2ddbf39d-335e-406c-b5fb-c9241fde00d0@group-829A3C1757E1: ConfigurationManager, init=-1: [2ddbf39d-335e-406c-b5fb-c9241fde00d0|rpc:10.1.0.18:44127|priority:1], old=null, confs=<EMPTY_MAP>
2022-05-26 01:45:49,840 [pool-576-thread-1] INFO  server.RaftServerConfigKeys (ConfUtils.java:logGet(46)) - raft.server.storage.dir = [/home/runner/work/ozone/ozone/hadoop-ozone/integration-test/target/test-dir/MiniOzoneClusterImpl-aa3443fb-1a09-40de-9b9d-4cb3f15163de/datanode-0/data/ratis] (custom)
2022-05-26 01:45:49,841 [pool-576-thread-1] INFO  server.RaftServerConfigKeys (ConfUtils.java:logGet(46)) - raft.server.log.corruption.policy = EXCEPTION (default)
2022-05-26 01:45:49,841 [pool-576-thread-1] INFO  server.RaftServerConfigKeys (ConfUtils.java:logGet(46)) - raft.server.storage.free-space.min = 0MB (=0) (default)
2022-05-26 01:45:49,841 [pool-576-thread-1] INFO  storage.RaftStorageDirectory (RaftStorageDirectoryImpl.java:analyzeStorage(135)) - The storage directory /home/runner/work/ozone/ozone/hadoop-ozone/integration-test/target/test-dir/MiniOzoneClusterImpl-aa3443fb-1a09-40de-9b9d-4cb3f15163de/datanode-0/data/ratis/5cd1ae9d-73ed-48d9-8c71-829a3c1757e1 does not exist. Creating ...
2022-05-26 01:45:49,852 [pool-576-thread-1] INFO  storage.RaftStorageDirectory (RaftStorageDirectoryImpl.java:tryLock(230)) - Lock on /home/runner/work/ozone/ozone/hadoop-ozone/integration-test/target/test-dir/MiniOzoneClusterImpl-aa3443fb-1a09-40de-9b9d-4cb3f15163de/datanode-0/data/ratis/5cd1ae9d-73ed-48d9-8c71-829a3c1757e1/in_use.lock acquired by nodename 11847@fv-az270-854
2022-05-26 01:45:49,857 [pool-576-thread-1] INFO  storage.RaftStorage (RaftStorageImpl.java:format(89)) - Storage directory /home/runner/work/ozone/ozone/hadoop-ozone/integration-test/target/test-dir/MiniOzoneClusterImpl-aa3443fb-1a09-40de-9b9d-4cb3f15163de/datanode-0/data/ratis/5cd1ae9d-73ed-48d9-8c71-829a3c1757e1 has been successfully formatted.
2022-05-26 01:45:49,864 [pool-576-thread-1] INFO  ratis.ContainerStateMachine (ContainerStateMachine.java:loadSnapshot(236)) - group-829A3C1757E1: The snapshot info is null. Setting the last applied indexto:(t:0, i:~)
2022-05-26 01:45:49,864 [pool-576-thread-1] INFO  server.RaftServerConfigKeys (ConfUtils.java:logGet(46)) - raft.server.notification.no-leader.timeout = 300s (custom)
2022-05-26 01:45:49,864 [pool-576-thread-1] INFO  server.RaftServerConfigKeys (ConfUtils.java:logGet(46)) - raft.server.log.use.memory = false (default)
2022-05-26 01:45:49,864 [pool-576-thread-1] INFO  server.RaftServerConfigKeys (ConfUtils.java:logGet(46)) - raft.server.log.purge.gap = 1000000 (custom)
2022-05-26 01:45:49,864 [pool-576-thread-1] INFO  server.RaftServerConfigKeys (ConfUtils.java:logGet(46)) - raft.server.log.appender.buffer.byte-limit = 33554432 (custom)
2022-05-26 01:45:49,864 [pool-576-thread-1] INFO  server.RaftServerConfigKeys (ConfUtils.java:logGet(46)) - raft.server.log.statemachine.data.read.timeout = 1000ms (default)
2022-05-26 01:45:49,864 [pool-576-thread-1] INFO  server.RaftServerConfigKeys (ConfUtils.java:logGet(46)) - raft.server.log.segment.size.max = 1048576 (custom)
2022-05-26 01:45:49,865 [pool-576-thread-1] INFO  server.RaftServerConfigKeys (ConfUtils.java:logGet(46)) - raft.server.log.segment.cache.num.max = 2 (custom)
2022-05-26 01:45:49,865 [pool-576-thread-1] INFO  server.RaftServerConfigKeys (ConfUtils.java:logGet(46)) - raft.server.log.segment.cache.size.max = 200MB (=209715200) (default)
2022-05-26 01:45:49,865 [pool-576-thread-1] INFO  segmented.SegmentedRaftLogWorker (SegmentedRaftLogWorker.java:<init>(187)) - new 2ddbf39d-335e-406c-b5fb-c9241fde00d0@group-829A3C1757E1-SegmentedRaftLogWorker for RaftStorageImpl:Storage Directory /home/runner/work/ozone/ozone/hadoop-ozone/integration-test/target/test-dir/MiniOzoneClusterImpl-aa3443fb-1a09-40de-9b9d-4cb3f15163de/datanode-0/data/ratis/5cd1ae9d-73ed-48d9-8c71-829a3c1757e1
2022-05-26 01:45:49,865 [pool-576-thread-1] INFO  server.RaftServerConfigKeys (ConfUtils.java:logGet(46)) - raft.server.log.queue.byte-limit = 4294967296 (custom)
2022-05-26 01:45:49,865 [pool-576-thread-1] INFO  server.RaftServerConfigKeys (ConfUtils.java:logGet(46)) - raft.server.log.queue.element-limit = 1024 (custom)
2022-05-26 01:45:49,865 [pool-576-thread-1] INFO  server.RaftServerConfigKeys (ConfUtils.java:logGet(46)) - raft.server.log.segment.size.max = 1048576 (custom)
2022-05-26 01:45:49,865 [pool-576-thread-1] INFO  server.RaftServerConfigKeys (ConfUtils.java:logGet(46)) - raft.server.log.preallocated.size = 16384 (custom)
2022-05-26 01:45:49,865 [pool-576-thread-1] INFO  server.RaftServerConfigKeys (ConfUtils.java:logGet(46)) - raft.server.log.force.sync.num = 128 (default)
2022-05-26 01:45:49,865 [pool-576-thread-1] INFO  server.RaftServerConfigKeys (ConfUtils.java:logGet(46)) - raft.server.log.statemachine.data.sync = true (default)
2022-05-26 01:45:49,865 [pool-576-thread-1] INFO  server.RaftServerConfigKeys (ConfUtils.java:logGet(46)) - raft.server.log.statemachine.data.sync.timeout = 10s (default)
2022-05-26 01:45:49,865 [pool-576-thread-1] INFO  server.RaftServerConfigKeys (ConfUtils.java:logGet(46)) - raft.server.log.statemachine.data.sync.timeout.retry = -1 (default)
2022-05-26 01:45:49,866 [pool-576-thread-1] INFO  server.RaftServerConfigKeys (ConfUtils.java:logGet(46)) - raft.server.log.write.buffer.size = 1048576 (custom)
2022-05-26 01:45:49,866 [pool-576-thread-1] INFO  server.RaftServerConfigKeys (ConfUtils.java:logGet(46)) - raft.server.log.unsafe-flush.enabled = false (default)
2022-05-26 01:45:49,866 [pool-576-thread-1] INFO  server.RaftServerConfigKeys (ConfUtils.java:logGet(46)) - raft.server.log.statemachine.data.caching.enabled = true (custom)
2022-05-26 01:45:49,867 [pool-576-thread-1] INFO  segmented.SegmentedRaftLogWorker (SegmentedRaftLogWorker.java:lambda$new$0(135)) - 2ddbf39d-335e-406c-b5fb-c9241fde00d0@group-829A3C1757E1-SegmentedRaftLogWorker: flushIndex: setUnconditionally 0 -> -1
2022-05-26 01:45:49,867 [pool-576-thread-1] INFO  segmented.SegmentedRaftLogWorker (SegmentedRaftLogWorker.java:lambda$new$0(135)) - 2ddbf39d-335e-406c-b5fb-c9241fde00d0@group-829A3C1757E1-SegmentedRaftLogWorker: safeCacheEvictIndex: setUnconditionally 0 -> -1
2022-05-26 01:45:49,879 [pool-576-thread-1] INFO  server.RaftServerConfigKeys (ConfUtils.java:logGet(46)) - raft.server.snapshot.auto.trigger.enabled = true (custom)
2022-05-26 01:45:49,879 [pool-576-thread-1] INFO  server.RaftServerConfigKeys (ConfUtils.java:logGet(46)) - raft.server.snapshot.auto.trigger.threshold = 10000 (custom)
2022-05-26 01:45:49,879 [pool-576-thread-1] INFO  server.RaftServerConfigKeys (ConfUtils.java:logGet(46)) - raft.server.snapshot.retention.file.num = 5 (custom)
2022-05-26 01:45:49,879 [pool-576-thread-1] INFO  server.RaftServerConfigKeys (ConfUtils.java:logGet(46)) - raft.server.log.purge.upto.snapshot.index = false (default)
2022-05-26 01:45:49,879 [pool-576-thread-1] INFO  server.RaftServerConfigKeys (ConfUtils.java:logGet(46)) - raft.server.retrycache.expirytime = 600000ms (custom)
2022-05-26 01:45:49,879 [pool-576-thread-1] INFO  server.RaftServerConfigKeys (ConfUtils.java:logGet(46)) - raft.server.retrycache.statistics.expirytime = 100μs (default)
2022-05-26 01:45:49,892 [pool-576-thread-1] INFO  server.RaftServerConfigKeys (ConfUtils.java:logGet(46)) - raft.server.log.appender.install.snapshot.enabled = false (custom)
2022-05-26 01:45:49,892 [pool-576-thread-1] INFO  server.RaftServerConfigKeys (ConfUtils.java:logGet(46)) - raft.server.threadpool.server.cached = true (default)
2022-05-26 01:45:49,892 [pool-576-thread-1] INFO  server.RaftServerConfigKeys (ConfUtils.java:logGet(46)) - raft.server.threadpool.server.size = 0 (default)
2022-05-26 01:45:49,892 [pool-576-thread-1] INFO  server.RaftServerConfigKeys (ConfUtils.java:logGet(46)) - raft.server.threadpool.client.cached = true (default)
2022-05-26 01:45:49,892 [pool-576-thread-1] INFO  server.RaftServerConfigKeys (ConfUtils.java:logGet(46)) - raft.server.threadpool.client.size = 0 (default)
2022-05-26 01:45:49,892 [pool-576-thread-1] INFO  server.RaftServer$Division (RaftServerImpl.java:start(310)) - 2ddbf39d-335e-406c-b5fb-c9241fde00d0@group-829A3C1757E1: start as a follower, conf=-1: [2ddbf39d-335e-406c-b5fb-c9241fde00d0|rpc:10.1.0.18:44127|priority:1], old=null
2022-05-26 01:45:49,892 [pool-576-thread-1] INFO  server.RaftServer$Division (RaftServerImpl.java:setRole(299)) - 2ddbf39d-335e-406c-b5fb-c9241fde00d0@group-829A3C1757E1: changes role from      null to FOLLOWER at term 0 for startAsFollower
2022-05-26 01:45:49,893 [pool-576-thread-1] INFO  impl.RoleInfo (RoleInfo.java:updateAndGet(139)) - 2ddbf39d-335e-406c-b5fb-c9241fde00d0: start 2ddbf39d-335e-406c-b5fb-c9241fde00d0@group-829A3C1757E1-FollowerState
2022-05-26 01:45:49,899 [pool-576-thread-1] INFO  util.JmxRegister (JmxRegister.java:tryRegister(44)) - Successfully registered JMX Bean with object name Ratis:service=RaftServer,group=group-829A3C1757E1,id=2ddbf39d-335e-406c-b5fb-c9241fde00d0
2022-05-26 01:45:49,904 [EventQueue-PipelineReportForPipelineReportHandler] INFO  pipeline.PipelineManagerImpl (PipelineManagerImpl.java:openPipeline(336)) - Pipeline Pipeline[ Id: 5cd1ae9d-73ed-48d9-8c71-829a3c1757e1, Nodes: 2ddbf39d-335e-406c-b5fb-c9241fde00d0{ip: 10.1.0.18, host: fv-az270-854.tacnzluakwdehk1hpragurqkma.bx.internal.cloudapp.net, ports: [REPLICATION=35429, RATIS=44127, RATIS_ADMIN=44127, RATIS_SERVER=44127, STANDALONE=40009], networkLocation: /default-rack, certSerialId: null, persistedOpState: IN_SERVICE, persistedOpStateExpiryEpochSec: 0}, ReplicationConfig: RATIS/ONE, State:ALLOCATED, leaderId:2ddbf39d-335e-406c-b5fb-c9241fde00d0, CreationTimestamp2022-05-26T01:45:46.893Z[Etc/UTC]] moved to OPEN state
2022-05-26 01:45:49,929 [Command processor thread] INFO  ratis.XceiverServerRatis (XceiverServerRatis.java:addGroup(765)) - Created group PipelineID=5cd1ae9d-73ed-48d9-8c71-829a3c1757e1
2022-05-26 01:45:49,929 [Command processor thread] INFO  commandhandler.CreatePipelineCommandHandler (CreatePipelineCommandHandler.java:handle(113)) - Created Pipeline RATIS ONE PipelineID=5cd1ae9d-73ed-48d9-8c71-829a3c1757e1.
2022-05-26 01:45:49,929 [Command processor thread] INFO  server.RaftServer (RaftServerProxy.java:addNew(96)) - 2ddbf39d-335e-406c-b5fb-c9241fde00d0: addNew group-CF5BB0E4E03B:[bcb35490-9c47-4ca0-b956-34db424624d7|rpc:10.1.0.18:44911|priority:0, 2ddbf39d-335e-406c-b5fb-c9241fde00d0|rpc:10.1.0.18:44127|priority:0, d7b58387-0038-4812-9582-2122bfcfd866|rpc:10.1.0.18:40429|priority:1] returns group-CF5BB0E4E03B:java.util.concurrent.CompletableFuture@50d48346[Not completed]
2022-05-26 01:45:49,931 [pool-576-thread-1] INFO  server.RaftServer$Division (RaftServerImpl.java:<init>(190)) - 2ddbf39d-335e-406c-b5fb-c9241fde00d0: new RaftServerImpl for group-CF5BB0E4E03B:[bcb35490-9c47-4ca0-b956-34db424624d7|rpc:10.1.0.18:44911|priority:0, 2ddbf39d-335e-406c-b5fb-c9241fde00d0|rpc:10.1.0.18:44127|priority:0, d7b58387-0038-4812-9582-2122bfcfd866|rpc:10.1.0.18:40429|priority:1] with ContainerStateMachine:uninitialized
2022-05-26 01:45:49,947 [pool-576-thread-1] INFO  server.RaftServerConfigKeys (ConfUtils.java:logGet(46)) - raft.server.rpc.timeout.min = 5s (custom)
2022-05-26 01:45:49,947 [pool-576-thread-1] INFO  server.RaftServerConfigKeys (ConfUtils.java:logGet(46)) - raft.server.rpc.timeout.max = 5200ms (custom)
2022-05-26 01:45:49,947 [pool-576-thread-1] INFO  server.RaftServerConfigKeys (ConfUtils.java:logGet(46)) - raft.server.rpc.sleep.time = 25ms (default)
2022-05-26 01:45:49,947 [pool-576-thread-1] INFO  server.RaftServerConfigKeys (ConfUtils.java:logGet(46)) - raft.server.rpc.slowness.timeout = 300s (custom)
2022-05-26 01:45:49,947 [pool-576-thread-1] INFO  server.RaftServerConfigKeys (ConfUtils.java:logGet(46)) - raft.server.leaderelection.leader.step-down.wait-time = 10s (default)
2022-05-26 01:45:49,947 [pool-576-thread-1] INFO  server.RaftServerConfigKeys (ConfUtils.java:logGet(46)) - raft.server.sleep.deviation.threshold = 300ms (default)
2022-05-26 01:45:49,948 [pool-576-thread-1] INFO  server.RaftServer$Division (ServerState.java:<init>(107)) - 2ddbf39d-335e-406c-b5fb-c9241fde00d0@group-CF5BB0E4E03B: ConfigurationManager, init=-1: [bcb35490-9c47-4ca0-b956-34db424624d7|rpc:10.1.0.18:44911|priority:0, 2ddbf39d-335e-406c-b5fb-c9241fde00d0|rpc:10.1.0.18:44127|priority:0, d7b58387-0038-4812-9582-2122bfcfd866|rpc:10.1.0.18:40429|priority:1], old=null, confs=<EMPTY_MAP>
2022-05-26 01:45:49,948 [pool-576-thread-1] INFO  server.RaftServerConfigKeys (ConfUtils.java:logGet(46)) - raft.server.storage.dir = [/home/runner/work/ozone/ozone/hadoop-ozone/integration-test/target/test-dir/MiniOzoneClusterImpl-aa3443fb-1a09-40de-9b9d-4cb3f15163de/datanode-0/data/ratis] (custom)
2022-05-26 01:45:49,948 [pool-576-thread-1] INFO  server.RaftServerConfigKeys (ConfUtils.java:logGet(46)) - raft.server.log.corruption.policy = EXCEPTION (default)
2022-05-26 01:45:49,948 [pool-576-thread-1] INFO  server.RaftServerConfigKeys (ConfUtils.java:logGet(46)) - raft.server.storage.free-space.min = 0MB (=0) (default)
2022-05-26 01:45:49,948 [pool-576-thread-1] INFO  storage.RaftStorageDirectory (RaftStorageDirectoryImpl.java:analyzeStorage(135)) - The storage directory /home/runner/work/ozone/ozone/hadoop-ozone/integration-test/target/test-dir/MiniOzoneClusterImpl-aa3443fb-1a09-40de-9b9d-4cb3f15163de/datanode-0/data/ratis/676f0365-e2d2-4fd6-b3db-cf5bb0e4e03b does not exist. Creating ...
2022-05-26 01:45:49,966 [EventQueue-OpenPipelineForHealthyPipelineSafeModeRule] INFO  safemode.SCMSafeModeManager (HealthyPipelineSafeModeRule.java:process(124)) - SCM in safe mode. Healthy pipelines reported count is 0, required healthy pipeline reported count is 1
2022-05-26 01:45:49,983 [pool-576-thread-1] INFO  storage.RaftStorageDirectory (RaftStorageDirectoryImpl.java:tryLock(230)) - Lock on /home/runner/work/ozone/ozone/hadoop-ozone/integration-test/target/test-dir/MiniOzoneClusterImpl-aa3443fb-1a09-40de-9b9d-4cb3f15163de/datanode-0/data/ratis/676f0365-e2d2-4fd6-b3db-cf5bb0e4e03b/in_use.lock acquired by nodename 11847@fv-az270-854
2022-05-26 01:45:49,984 [pool-576-thread-1] INFO  storage.RaftStorage (RaftStorageImpl.java:format(89)) - Storage directory /home/runner/work/ozone/ozone/hadoop-ozone/integration-test/target/test-dir/MiniOzoneClusterImpl-aa3443fb-1a09-40de-9b9d-4cb3f15163de/datanode-0/data/ratis/676f0365-e2d2-4fd6-b3db-cf5bb0e4e03b has been successfully formatted.
2022-05-26 01:45:49,984 [pool-576-thread-1] INFO  ratis.ContainerStateMachine (ContainerStateMachine.java:loadSnapshot(236)) - group-CF5BB0E4E03B: The snapshot info is null. Setting the last applied indexto:(t:0, i:~)
2022-05-26 01:45:49,984 [pool-576-thread-1] INFO  server.RaftServerConfigKeys (ConfUtils.java:logGet(46)) - raft.server.notification.no-leader.timeout = 300s (custom)
2022-05-26 01:45:49,985 [pool-576-thread-1] INFO  server.RaftServerConfigKeys (ConfUtils.java:logGet(46)) - raft.server.log.use.memory = false (default)
2022-05-26 01:45:49,985 [pool-576-thread-1] INFO  server.RaftServerConfigKeys (ConfUtils.java:logGet(46)) - raft.server.log.purge.gap = 1000000 (custom)
2022-05-26 01:45:49,985 [pool-576-thread-1] INFO  server.RaftServerConfigKeys (ConfUtils.java:logGet(46)) - raft.server.log.appender.buffer.byte-limit = 33554432 (custom)
2022-05-26 01:45:49,985 [pool-576-thread-1] INFO  server.RaftServerConfigKeys (ConfUtils.java:logGet(46)) - raft.server.log.statemachine.data.read.timeout = 1000ms (default)
2022-05-26 01:45:49,985 [pool-576-thread-1] INFO  server.RaftServerConfigKeys (ConfUtils.java:logGet(46)) - raft.server.log.segment.size.max = 1048576 (custom)
2022-05-26 01:45:49,985 [pool-576-thread-1] INFO  server.RaftServerConfigKeys (ConfUtils.java:logGet(46)) - raft.server.log.segment.cache.num.max = 2 (custom)
2022-05-26 01:45:49,985 [pool-576-thread-1] INFO  server.RaftServerConfigKeys (ConfUtils.java:logGet(46)) - raft.server.log.segment.cache.size.max = 200MB (=209715200) (default)
2022-05-26 01:45:49,985 [pool-576-thread-1] INFO  segmented.SegmentedRaftLogWorker (SegmentedRaftLogWorker.java:<init>(187)) - new 2ddbf39d-335e-406c-b5fb-c9241fde00d0@group-CF5BB0E4E03B-SegmentedRaftLogWorker for RaftStorageImpl:Storage Directory /home/runner/work/ozone/ozone/hadoop-ozone/integration-test/target/test-dir/MiniOzoneClusterImpl-aa3443fb-1a09-40de-9b9d-4cb3f15163de/datanode-0/data/ratis/676f0365-e2d2-4fd6-b3db-cf5bb0e4e03b
2022-05-26 01:45:49,985 [pool-576-thread-1] INFO  server.RaftServerConfigKeys (ConfUtils.java:logGet(46)) - raft.server.log.queue.byte-limit = 4294967296 (custom)
2022-05-26 01:45:49,985 [pool-576-thread-1] INFO  server.RaftServerConfigKeys (ConfUtils.java:logGet(46)) - raft.server.log.queue.element-limit = 1024 (custom)
2022-05-26 01:45:49,985 [pool-576-thread-1] INFO  server.RaftServerConfigKeys (ConfUtils.java:logGet(46)) - raft.server.log.segment.size.max = 1048576 (custom)
2022-05-26 01:45:49,985 [pool-576-thread-1] INFO  server.RaftServerConfigKeys (ConfUtils.java:logGet(46)) - raft.server.log.preallocated.size = 16384 (custom)
2022-05-26 01:45:49,986 [pool-576-thread-1] INFO  server.RaftServerConfigKeys (ConfUtils.java:logGet(46)) - raft.server.log.force.sync.num = 128 (default)
2022-05-26 01:45:49,986 [pool-576-thread-1] INFO  server.RaftServerConfigKeys (ConfUtils.java:logGet(46)) - raft.server.log.statemachine.data.sync = true (default)
2022-05-26 01:45:49,986 [pool-576-thread-1] INFO  server.RaftServerConfigKeys (ConfUtils.java:logGet(46)) - raft.server.log.statemachine.data.sync.timeout = 10s (default)
2022-05-26 01:45:49,986 [pool-576-thread-1] INFO  server.RaftServerConfigKeys (ConfUtils.java:logGet(46)) - raft.server.log.statemachine.data.sync.timeout.retry = -1 (default)
2022-05-26 01:45:49,986 [pool-576-thread-1] INFO  server.RaftServerConfigKeys (ConfUtils.java:logGet(46)) - raft.server.log.write.buffer.size = 1048576 (custom)
2022-05-26 01:45:49,987 [pool-576-thread-1] INFO  server.RaftServerConfigKeys (ConfUtils.java:logGet(46)) - raft.server.log.unsafe-flush.enabled = false (default)
2022-05-26 01:45:49,987 [pool-576-thread-1] INFO  server.RaftServerConfigKeys (ConfUtils.java:logGet(46)) - raft.server.log.statemachine.data.caching.enabled = true (custom)
2022-05-26 01:45:49,987 [pool-576-thread-1] INFO  segmented.SegmentedRaftLogWorker (SegmentedRaftLogWorker.java:lambda$new$0(135)) - 2ddbf39d-335e-406c-b5fb-c9241fde00d0@group-CF5BB0E4E03B-SegmentedRaftLogWorker: flushIndex: setUnconditionally 0 -> -1
2022-05-26 01:45:49,987 [pool-576-thread-1] INFO  segmented.SegmentedRaftLogWorker (SegmentedRaftLogWorker.java:lambda$new$0(135)) - 2ddbf39d-335e-406c-b5fb-c9241fde00d0@group-CF5BB0E4E03B-SegmentedRaftLogWorker: safeCacheEvictIndex: setUnconditionally 0 -> -1
2022-05-26 01:45:50,000 [EventQueue-OpenPipelineForHealthyPipelineSafeModeRule] INFO  safemode.SCMSafeModeManager (HealthyPipelineSafeModeRule.java:process(124)) - SCM in safe mode. Healthy pipelines reported count is 0, required healthy pipeline reported count is 1
2022-05-26 01:45:50,000 [pool-576-thread-1] INFO  server.RaftServerConfigKeys (ConfUtils.java:logGet(46)) - raft.server.snapshot.auto.trigger.enabled = true (custom)
2022-05-26 01:45:50,000 [pool-576-thread-1] INFO  server.RaftServerConfigKeys (ConfUtils.java:logGet(46)) - raft.server.snapshot.auto.trigger.threshold = 10000 (custom)
2022-05-26 01:45:50,000 [pool-576-thread-1] INFO  server.RaftServerConfigKeys (ConfUtils.java:logGet(46)) - raft.server.snapshot.retention.file.num = 5 (custom)
2022-05-26 01:45:50,000 [pool-576-thread-1] INFO  server.RaftServerConfigKeys (ConfUtils.java:logGet(46)) - raft.server.log.purge.upto.snapshot.index = false (default)
2022-05-26 01:45:50,000 [pool-576-thread-1] INFO  server.RaftServerConfigKeys (ConfUtils.java:logGet(46)) - raft.server.retrycache.expirytime = 600000ms (custom)
2022-05-26 01:45:50,000 [pool-576-thread-1] INFO  server.RaftServerConfigKeys (ConfUtils.java:logGet(46)) - raft.server.retrycache.statistics.expirytime = 100μs (default)
2022-05-26 01:45:50,001 [pool-576-thread-1] INFO  server.RaftServerConfigKeys (ConfUtils.java:logGet(46)) - raft.server.log.appender.install.snapshot.enabled = false (custom)
2022-05-26 01:45:50,001 [pool-576-thread-1] INFO  server.RaftServerConfigKeys (ConfUtils.java:logGet(46)) - raft.server.threadpool.server.cached = true (default)
2022-05-26 01:45:50,001 [pool-576-thread-1] INFO  server.RaftServerConfigKeys (ConfUtils.java:logGet(46)) - raft.server.threadpool.server.size = 0 (default)
2022-05-26 01:45:50,002 [pool-576-thread-1] INFO  server.RaftServerConfigKeys (ConfUtils.java:logGet(46)) - raft.server.threadpool.client.cached = true (default)
2022-05-26 01:45:50,002 [pool-576-thread-1] INFO  server.RaftServerConfigKeys (ConfUtils.java:logGet(46)) - raft.server.threadpool.client.size = 0 (default)
2022-05-26 01:45:50,002 [pool-576-thread-1] INFO  server.RaftServer$Division (RaftServerImpl.java:start(310)) - 2ddbf39d-335e-406c-b5fb-c9241fde00d0@group-CF5BB0E4E03B: start as a follower, conf=-1: [bcb35490-9c47-4ca0-b956-34db424624d7|rpc:10.1.0.18:44911|priority:0, 2ddbf39d-335e-406c-b5fb-c9241fde00d0|rpc:10.1.0.18:44127|priority:0, d7b58387-0038-4812-9582-2122bfcfd866|rpc:10.1.0.18:40429|priority:1], old=null
2022-05-26 01:45:50,002 [pool-576-thread-1] INFO  server.RaftServer$Division (RaftServerImpl.java:setRole(299)) - 2ddbf39d-335e-406c-b5fb-c9241fde00d0@group-CF5BB0E4E03B: changes role from      null to FOLLOWER at term 0 for startAsFollower
2022-05-26 01:45:50,002 [pool-576-thread-1] INFO  impl.RoleInfo (RoleInfo.java:updateAndGet(139)) - 2ddbf39d-335e-406c-b5fb-c9241fde00d0: start 2ddbf39d-335e-406c-b5fb-c9241fde00d0@group-CF5BB0E4E03B-FollowerState
2022-05-26 01:45:50,004 [pool-576-thread-1] INFO  util.JmxRegister (JmxRegister.java:tryRegister(44)) - Successfully registered JMX Bean with object name Ratis:service=RaftServer,group=group-CF5BB0E4E03B,id=2ddbf39d-335e-406c-b5fb-c9241fde00d0
2022-05-26 01:45:50,028 [Command processor thread] INFO  ratis.XceiverServerRatis (XceiverServerRatis.java:addGroup(765)) - Created group PipelineID=676f0365-e2d2-4fd6-b3db-cf5bb0e4e03b
2022-05-26 01:45:50,081 [grpc-default-executor-0] INFO  server.RaftServer (RaftServerProxy.java:addNew(96)) - bcb35490-9c47-4ca0-b956-34db424624d7: addNew group-CF5BB0E4E03B:[bcb35490-9c47-4ca0-b956-34db424624d7|rpc:10.1.0.18:44911|dataStream:|priority:0, 2ddbf39d-335e-406c-b5fb-c9241fde00d0|rpc:10.1.0.18:44127|dataStream:|priority:0, d7b58387-0038-4812-9582-2122bfcfd866|rpc:10.1.0.18:40429|dataStream:|priority:1] returns group-CF5BB0E4E03B:java.util.concurrent.CompletableFuture@257944c[Not completed]
2022-05-26 01:45:50,108 [Listener at 127.0.0.1/38069] INFO  ozone.MiniOzoneClusterImpl (MiniOzoneClusterImpl.java:lambda$waitForClusterToBeReady$0(221)) - Nodes are ready. Got 3 of 3 DN Heartbeats.
2022-05-26 01:45:50,108 [Listener at 127.0.0.1/38069] INFO  ozone.MiniOzoneClusterImpl (MiniOzoneClusterImpl.java:lambda$waitForClusterToBeReady$0(224)) - Waiting for cluster to exit safe mode
2022-05-26 01:45:50,108 [Listener at 127.0.0.1/38069] INFO  ozone.MiniOzoneClusterImpl (MiniOzoneClusterImpl.java:lambda$waitForClusterToBeReady$0(226)) - SCM became leader
2022-05-26 01:45:50,122 [pool-598-thread-1] INFO  server.RaftServer$Division (RaftServerImpl.java:<init>(190)) - bcb35490-9c47-4ca0-b956-34db424624d7: new RaftServerImpl for group-CF5BB0E4E03B:[bcb35490-9c47-4ca0-b956-34db424624d7|rpc:10.1.0.18:44911|dataStream:|priority:0, 2ddbf39d-335e-406c-b5fb-c9241fde00d0|rpc:10.1.0.18:44127|dataStream:|priority:0, d7b58387-0038-4812-9582-2122bfcfd866|rpc:10.1.0.18:40429|dataStream:|priority:1] with ContainerStateMachine:uninitialized
2022-05-26 01:45:50,122 [pool-598-thread-1] INFO  server.RaftServerConfigKeys (ConfUtils.java:logGet(46)) - raft.server.rpc.timeout.min = 5s (custom)
2022-05-26 01:45:50,122 [pool-598-thread-1] INFO  server.RaftServerConfigKeys (ConfUtils.java:logGet(46)) - raft.server.rpc.timeout.max = 5200ms (custom)
2022-05-26 01:45:50,122 [pool-598-thread-1] INFO  server.RaftServerConfigKeys (ConfUtils.java:logGet(46)) - raft.server.rpc.sleep.time = 25ms (default)
2022-05-26 01:45:50,122 [pool-598-thread-1] INFO  server.RaftServerConfigKeys (ConfUtils.java:logGet(46)) - raft.server.rpc.slowness.timeout = 300s (custom)
2022-05-26 01:45:50,122 [pool-598-thread-1] INFO  server.RaftServerConfigKeys (ConfUtils.java:logGet(46)) - raft.server.leaderelection.leader.step-down.wait-time = 10s (default)
2022-05-26 01:45:50,122 [pool-598-thread-1] INFO  server.RaftServerConfigKeys (ConfUtils.java:logGet(46)) - raft.server.sleep.deviation.threshold = 300ms (default)
2022-05-26 01:45:50,122 [pool-598-thread-1] INFO  server.RaftServer$Division (ServerState.java:<init>(107)) - bcb35490-9c47-4ca0-b956-34db424624d7@group-CF5BB0E4E03B: ConfigurationManager, init=-1: [bcb35490-9c47-4ca0-b956-34db424624d7|rpc:10.1.0.18:44911|dataStream:|priority:0, 2ddbf39d-335e-406c-b5fb-c9241fde00d0|rpc:10.1.0.18:44127|dataStream:|priority:0, d7b58387-0038-4812-9582-2122bfcfd866|rpc:10.1.0.18:40429|dataStream:|priority:1], old=null, confs=<EMPTY_MAP>
2022-05-26 01:45:50,122 [pool-598-thread-1] INFO  server.RaftServerConfigKeys (ConfUtils.java:logGet(46)) - raft.server.storage.dir = [/home/runner/work/ozone/ozone/hadoop-ozone/integration-test/target/test-dir/MiniOzoneClusterImpl-aa3443fb-1a09-40de-9b9d-4cb3f15163de/datanode-1/data/ratis] (custom)
2022-05-26 01:45:50,122 [pool-598-thread-1] INFO  server.RaftServerConfigKeys (ConfUtils.java:logGet(46)) - raft.server.log.corruption.policy = EXCEPTION (default)
2022-05-26 01:45:50,122 [pool-598-thread-1] INFO  server.RaftServerConfigKeys (ConfUtils.java:logGet(46)) - raft.server.storage.free-space.min = 0MB (=0) (default)
2022-05-26 01:45:50,123 [pool-598-thread-1] INFO  storage.RaftStorageDirectory (RaftStorageDirectoryImpl.java:analyzeStorage(135)) - The storage directory /home/runner/work/ozone/ozone/hadoop-ozone/integration-test/target/test-dir/MiniOzoneClusterImpl-aa3443fb-1a09-40de-9b9d-4cb3f15163de/datanode-1/data/ratis/676f0365-e2d2-4fd6-b3db-cf5bb0e4e03b does not exist. Creating ...
2022-05-26 01:45:50,124 [pool-598-thread-1] INFO  storage.RaftStorageDirectory (RaftStorageDirectoryImpl.java:tryLock(230)) - Lock on /home/runner/work/ozone/ozone/hadoop-ozone/integration-test/target/test-dir/MiniOzoneClusterImpl-aa3443fb-1a09-40de-9b9d-4cb3f15163de/datanode-1/data/ratis/676f0365-e2d2-4fd6-b3db-cf5bb0e4e03b/in_use.lock acquired by nodename 11847@fv-az270-854
2022-05-26 01:45:50,125 [pool-598-thread-1] INFO  storage.RaftStorage (RaftStorageImpl.java:format(89)) - Storage directory /home/runner/work/ozone/ozone/hadoop-ozone/integration-test/target/test-dir/MiniOzoneClusterImpl-aa3443fb-1a09-40de-9b9d-4cb3f15163de/datanode-1/data/ratis/676f0365-e2d2-4fd6-b3db-cf5bb0e4e03b has been successfully formatted.
2022-05-26 01:45:50,156 [pool-598-thread-1] INFO  ratis.ContainerStateMachine (ContainerStateMachine.java:loadSnapshot(236)) - group-CF5BB0E4E03B: The snapshot info is null. Setting the last applied indexto:(t:0, i:~)
2022-05-26 01:45:50,156 [pool-598-thread-1] INFO  server.RaftServerConfigKeys (ConfUtils.java:logGet(46)) - raft.server.notification.no-leader.timeout = 300s (custom)
2022-05-26 01:45:50,156 [pool-598-thread-1] INFO  server.RaftServerConfigKeys (ConfUtils.java:logGet(46)) - raft.server.log.use.memory = false (default)
2022-05-26 01:45:50,156 [pool-598-thread-1] INFO  server.RaftServerConfigKeys (ConfUtils.java:logGet(46)) - raft.server.log.purge.gap = 1000000 (custom)
2022-05-26 01:45:50,156 [pool-598-thread-1] INFO  server.RaftServerConfigKeys (ConfUtils.java:logGet(46)) - raft.server.log.appender.buffer.byte-limit = 33554432 (custom)
2022-05-26 01:45:50,156 [pool-598-thread-1] INFO  server.RaftServerConfigKeys (ConfUtils.java:logGet(46)) - raft.server.log.statemachine.data.read.timeout = 1000ms (default)
2022-05-26 01:45:50,157 [pool-598-thread-1] INFO  server.RaftServerConfigKeys (ConfUtils.java:logGet(46)) - raft.server.log.segment.size.max = 1048576 (custom)
2022-05-26 01:45:50,157 [pool-598-thread-1] INFO  server.RaftServerConfigKeys (ConfUtils.java:logGet(46)) - raft.server.log.segment.cache.num.max = 2 (custom)
2022-05-26 01:45:50,157 [pool-598-thread-1] INFO  server.RaftServerConfigKeys (ConfUtils.java:logGet(46)) - raft.server.log.segment.cache.size.max = 200MB (=209715200) (default)
2022-05-26 01:45:50,157 [pool-598-thread-1] INFO  segmented.SegmentedRaftLogWorker (SegmentedRaftLogWorker.java:<init>(187)) - new bcb35490-9c47-4ca0-b956-34db424624d7@group-CF5BB0E4E03B-SegmentedRaftLogWorker for RaftStorageImpl:Storage Directory /home/runner/work/ozone/ozone/hadoop-ozone/integration-test/target/test-dir/MiniOzoneClusterImpl-aa3443fb-1a09-40de-9b9d-4cb3f15163de/datanode-1/data/ratis/676f0365-e2d2-4fd6-b3db-cf5bb0e4e03b
2022-05-26 01:45:50,157 [pool-598-thread-1] INFO  server.RaftServerConfigKeys (ConfUtils.java:logGet(46)) - raft.server.log.queue.byte-limit = 4294967296 (custom)
2022-05-26 01:45:50,157 [pool-598-thread-1] INFO  server.RaftServerConfigKeys (ConfUtils.java:logGet(46)) - raft.server.log.queue.element-limit = 1024 (custom)
2022-05-26 01:45:50,157 [pool-598-thread-1] INFO  server.RaftServerConfigKeys (ConfUtils.java:logGet(46)) - raft.server.log.segment.size.max = 1048576 (custom)
2022-05-26 01:45:50,157 [pool-598-thread-1] INFO  server.RaftServerConfigKeys (ConfUtils.java:logGet(46)) - raft.server.log.preallocated.size = 16384 (custom)
2022-05-26 01:45:50,157 [pool-598-thread-1] INFO  server.RaftServerConfigKeys (ConfUtils.java:logGet(46)) - raft.server.log.force.sync.num = 128 (default)
2022-05-26 01:45:50,157 [pool-598-thread-1] INFO  server.RaftServerConfigKeys (ConfUtils.java:logGet(46)) - raft.server.log.statemachine.data.sync = true (default)
2022-05-26 01:45:50,157 [pool-598-thread-1] INFO  server.RaftServerConfigKeys (ConfUtils.java:logGet(46)) - raft.server.log.statemachine.data.sync.timeout = 10s (default)
2022-05-26 01:45:50,157 [pool-598-thread-1] INFO  server.RaftServerConfigKeys (ConfUtils.java:logGet(46)) - raft.server.log.statemachine.data.sync.timeout.retry = -1 (default)
2022-05-26 01:45:50,158 [pool-598-thread-1] INFO  server.RaftServerConfigKeys (ConfUtils.java:logGet(46)) - raft.server.log.write.buffer.size = 1048576 (custom)
2022-05-26 01:45:50,159 [pool-598-thread-1] INFO  server.RaftServerConfigKeys (ConfUtils.java:logGet(46)) - raft.server.log.unsafe-flush.enabled = false (default)
2022-05-26 01:45:50,159 [pool-598-thread-1] INFO  server.RaftServerConfigKeys (ConfUtils.java:logGet(46)) - raft.server.log.statemachine.data.caching.enabled = true (custom)
2022-05-26 01:45:50,159 [pool-598-thread-1] INFO  segmented.SegmentedRaftLogWorker (SegmentedRaftLogWorker.java:lambda$new$0(135)) - bcb35490-9c47-4ca0-b956-34db424624d7@group-CF5BB0E4E03B-SegmentedRaftLogWorker: flushIndex: setUnconditionally 0 -> -1
2022-05-26 01:45:50,159 [pool-598-thread-1] INFO  segmented.SegmentedRaftLogWorker (SegmentedRaftLogWorker.java:lambda$new$0(135)) - bcb35490-9c47-4ca0-b956-34db424624d7@group-CF5BB0E4E03B-SegmentedRaftLogWorker: safeCacheEvictIndex: setUnconditionally 0 -> -1
2022-05-26 01:45:50,204 [pool-598-thread-1] INFO  server.RaftServerConfigKeys (ConfUtils.java:logGet(46)) - raft.server.snapshot.auto.trigger.enabled = true (custom)
2022-05-26 01:45:50,204 [pool-598-thread-1] INFO  server.RaftServerConfigKeys (ConfUtils.java:logGet(46)) - raft.server.snapshot.auto.trigger.threshold = 10000 (custom)
2022-05-26 01:45:50,204 [pool-598-thread-1] INFO  server.RaftServerConfigKeys (ConfUtils.java:logGet(46)) - raft.server.snapshot.retention.file.num = 5 (custom)
2022-05-26 01:45:50,204 [pool-598-thread-1] INFO  server.RaftServerConfigKeys (ConfUtils.java:logGet(46)) - raft.server.log.purge.upto.snapshot.index = false (default)
2022-05-26 01:45:50,204 [pool-598-thread-1] INFO  server.RaftServerConfigKeys (ConfUtils.java:logGet(46)) - raft.server.retrycache.expirytime = 600000ms (custom)
2022-05-26 01:45:50,204 [pool-598-thread-1] INFO  server.RaftServerConfigKeys (ConfUtils.java:logGet(46)) - raft.server.retrycache.statistics.expirytime = 100μs (default)
2022-05-26 01:45:50,205 [pool-598-thread-1] INFO  server.RaftServerConfigKeys (ConfUtils.java:logGet(46)) - raft.server.log.appender.install.snapshot.enabled = false (custom)
2022-05-26 01:45:50,205 [pool-598-thread-1] INFO  server.RaftServerConfigKeys (ConfUtils.java:logGet(46)) - raft.server.threadpool.server.cached = true (default)
2022-05-26 01:45:50,206 [pool-598-thread-1] INFO  server.RaftServerConfigKeys (ConfUtils.java:logGet(46)) - raft.server.threadpool.server.size = 0 (default)
2022-05-26 01:45:50,206 [pool-598-thread-1] INFO  server.RaftServerConfigKeys (ConfUtils.java:logGet(46)) - raft.server.threadpool.client.cached = true (default)
2022-05-26 01:45:50,206 [pool-598-thread-1] INFO  server.RaftServerConfigKeys (ConfUtils.java:logGet(46)) - raft.server.threadpool.client.size = 0 (default)
2022-05-26 01:45:50,206 [pool-598-thread-1] INFO  server.RaftServer$Division (RaftServerImpl.java:start(310)) - bcb35490-9c47-4ca0-b956-34db424624d7@group-CF5BB0E4E03B: start as a follower, conf=-1: [bcb35490-9c47-4ca0-b956-34db424624d7|rpc:10.1.0.18:44911|dataStream:|priority:0, 2ddbf39d-335e-406c-b5fb-c9241fde00d0|rpc:10.1.0.18:44127|dataStream:|priority:0, d7b58387-0038-4812-9582-2122bfcfd866|rpc:10.1.0.18:40429|dataStream:|priority:1], old=null
2022-05-26 01:45:50,206 [pool-598-thread-1] INFO  server.RaftServer$Division (RaftServerImpl.java:setRole(299)) - bcb35490-9c47-4ca0-b956-34db424624d7@group-CF5BB0E4E03B: changes role from      null to FOLLOWER at term 0 for startAsFollower
2022-05-26 01:45:50,206 [pool-598-thread-1] INFO  impl.RoleInfo (RoleInfo.java:updateAndGet(139)) - bcb35490-9c47-4ca0-b956-34db424624d7: start bcb35490-9c47-4ca0-b956-34db424624d7@group-CF5BB0E4E03B-FollowerState
2022-05-26 01:45:50,206 [pool-598-thread-1] INFO  util.JmxRegister (JmxRegister.java:tryRegister(44)) - Successfully registered JMX Bean with object name Ratis:service=RaftServer,group=group-CF5BB0E4E03B,id=bcb35490-9c47-4ca0-b956-34db424624d7
2022-05-26 01:45:50,334 [grpc-default-executor-0] INFO  server.RaftServer (RaftServerProxy.java:addNew(96)) - d7b58387-0038-4812-9582-2122bfcfd866: addNew group-CF5BB0E4E03B:[bcb35490-9c47-4ca0-b956-34db424624d7|rpc:10.1.0.18:44911|dataStream:|priority:0, 2ddbf39d-335e-406c-b5fb-c9241fde00d0|rpc:10.1.0.18:44127|dataStream:|priority:0, d7b58387-0038-4812-9582-2122bfcfd866|rpc:10.1.0.18:40429|dataStream:|priority:1] returns group-CF5BB0E4E03B:java.util.concurrent.CompletableFuture@bb17648[Not completed]
2022-05-26 01:45:50,357 [pool-620-thread-1] INFO  server.RaftServer$Division (RaftServerImpl.java:<init>(190)) - d7b58387-0038-4812-9582-2122bfcfd866: new RaftServerImpl for group-CF5BB0E4E03B:[bcb35490-9c47-4ca0-b956-34db424624d7|rpc:10.1.0.18:44911|dataStream:|priority:0, 2ddbf39d-335e-406c-b5fb-c9241fde00d0|rpc:10.1.0.18:44127|dataStream:|priority:0, d7b58387-0038-4812-9582-2122bfcfd866|rpc:10.1.0.18:40429|dataStream:|priority:1] with ContainerStateMachine:uninitialized
2022-05-26 01:45:50,357 [pool-620-thread-1] INFO  server.RaftServerConfigKeys (ConfUtils.java:logGet(46)) - raft.server.rpc.timeout.min = 5s (custom)
2022-05-26 01:45:50,357 [pool-620-thread-1] INFO  server.RaftServerConfigKeys (ConfUtils.java:logGet(46)) - raft.server.rpc.timeout.max = 5200ms (custom)
2022-05-26 01:45:50,357 [pool-620-thread-1] INFO  server.RaftServerConfigKeys (ConfUtils.java:logGet(46)) - raft.server.rpc.sleep.time = 25ms (default)
2022-05-26 01:45:50,357 [pool-620-thread-1] INFO  server.RaftServerConfigKeys (ConfUtils.java:logGet(46)) - raft.server.rpc.slowness.timeout = 300s (custom)
2022-05-26 01:45:50,357 [pool-620-thread-1] INFO  server.RaftServerConfigKeys (ConfUtils.java:logGet(46)) - raft.server.leaderelection.leader.step-down.wait-time = 10s (default)
2022-05-26 01:45:50,357 [pool-620-thread-1] INFO  server.RaftServerConfigKeys (ConfUtils.java:logGet(46)) - raft.server.sleep.deviation.threshold = 300ms (default)
2022-05-26 01:45:50,357 [pool-620-thread-1] INFO  server.RaftServer$Division (ServerState.java:<init>(107)) - d7b58387-0038-4812-9582-2122bfcfd866@group-CF5BB0E4E03B: ConfigurationManager, init=-1: [bcb35490-9c47-4ca0-b956-34db424624d7|rpc:10.1.0.18:44911|dataStream:|priority:0, 2ddbf39d-335e-406c-b5fb-c9241fde00d0|rpc:10.1.0.18:44127|dataStream:|priority:0, d7b58387-0038-4812-9582-2122bfcfd866|rpc:10.1.0.18:40429|dataStream:|priority:1], old=null, confs=<EMPTY_MAP>
2022-05-26 01:45:50,357 [pool-620-thread-1] INFO  server.RaftServerConfigKeys (ConfUtils.java:logGet(46)) - raft.server.storage.dir = [/home/runner/work/ozone/ozone/hadoop-ozone/integration-test/target/test-dir/MiniOzoneClusterImpl-aa3443fb-1a09-40de-9b9d-4cb3f15163de/datanode-2/data/ratis] (custom)
2022-05-26 01:45:50,357 [pool-620-thread-1] INFO  server.RaftServerConfigKeys (ConfUtils.java:logGet(46)) - raft.server.log.corruption.policy = EXCEPTION (default)
2022-05-26 01:45:50,357 [pool-620-thread-1] INFO  server.RaftServerConfigKeys (ConfUtils.java:logGet(46)) - raft.server.storage.free-space.min = 0MB (=0) (default)
2022-05-26 01:45:50,357 [pool-620-thread-1] INFO  storage.RaftStorageDirectory (RaftStorageDirectoryImpl.java:analyzeStorage(135)) - The storage directory /home/runner/work/ozone/ozone/hadoop-ozone/integration-test/target/test-dir/MiniOzoneClusterImpl-aa3443fb-1a09-40de-9b9d-4cb3f15163de/datanode-2/data/ratis/676f0365-e2d2-4fd6-b3db-cf5bb0e4e03b does not exist. Creating ...
2022-05-26 01:45:50,368 [pool-620-thread-1] INFO  storage.RaftStorageDirectory (RaftStorageDirectoryImpl.java:tryLock(230)) - Lock on /home/runner/work/ozone/ozone/hadoop-ozone/integration-test/target/test-dir/MiniOzoneClusterImpl-aa3443fb-1a09-40de-9b9d-4cb3f15163de/datanode-2/data/ratis/676f0365-e2d2-4fd6-b3db-cf5bb0e4e03b/in_use.lock acquired by nodename 11847@fv-az270-854
2022-05-26 01:45:50,370 [pool-620-thread-1] INFO  storage.RaftStorage (RaftStorageImpl.java:format(89)) - Storage directory /home/runner/work/ozone/ozone/hadoop-ozone/integration-test/target/test-dir/MiniOzoneClusterImpl-aa3443fb-1a09-40de-9b9d-4cb3f15163de/datanode-2/data/ratis/676f0365-e2d2-4fd6-b3db-cf5bb0e4e03b has been successfully formatted.
2022-05-26 01:45:50,370 [pool-620-thread-1] INFO  ratis.ContainerStateMachine (ContainerStateMachine.java:loadSnapshot(236)) - group-CF5BB0E4E03B: The snapshot info is null. Setting the last applied indexto:(t:0, i:~)
2022-05-26 01:45:50,371 [pool-620-thread-1] INFO  server.RaftServerConfigKeys (ConfUtils.java:logGet(46)) - raft.server.notification.no-leader.timeout = 300s (custom)
2022-05-26 01:45:50,371 [pool-620-thread-1] INFO  server.RaftServerConfigKeys (ConfUtils.java:logGet(46)) - raft.server.log.use.memory = false (default)
2022-05-26 01:45:50,404 [pool-620-thread-1] INFO  server.RaftServerConfigKeys (ConfUtils.java:logGet(46)) - raft.server.log.purge.gap = 1000000 (custom)
2022-05-26 01:45:50,404 [pool-620-thread-1] INFO  server.RaftServerConfigKeys (ConfUtils.java:logGet(46)) - raft.server.log.appender.buffer.byte-limit = 33554432 (custom)
2022-05-26 01:45:50,404 [pool-620-thread-1] INFO  server.RaftServerConfigKeys (ConfUtils.java:logGet(46)) - raft.server.log.statemachine.data.read.timeout = 1000ms (default)
2022-05-26 01:45:50,404 [pool-620-thread-1] INFO  server.RaftServerConfigKeys (ConfUtils.java:logGet(46)) - raft.server.log.segment.size.max = 1048576 (custom)
2022-05-26 01:45:50,407 [pool-620-thread-1] INFO  server.RaftServerConfigKeys (ConfUtils.java:logGet(46)) - raft.server.log.segment.cache.num.max = 2 (custom)
2022-05-26 01:45:50,407 [pool-620-thread-1] INFO  server.RaftServerConfigKeys (ConfUtils.java:logGet(46)) - raft.server.log.segment.cache.size.max = 200MB (=209715200) (default)
2022-05-26 01:45:50,407 [pool-620-thread-1] INFO  segmented.SegmentedRaftLogWorker (SegmentedRaftLogWorker.java:<init>(187)) - new d7b58387-0038-4812-9582-2122bfcfd866@group-CF5BB0E4E03B-SegmentedRaftLogWorker for RaftStorageImpl:Storage Directory /home/runner/work/ozone/ozone/hadoop-ozone/integration-test/target/test-dir/MiniOzoneClusterImpl-aa3443fb-1a09-40de-9b9d-4cb3f15163de/datanode-2/data/ratis/676f0365-e2d2-4fd6-b3db-cf5bb0e4e03b
2022-05-26 01:45:50,407 [pool-620-thread-1] INFO  server.RaftServerConfigKeys (ConfUtils.java:logGet(46)) - raft.server.log.queue.byte-limit = 4294967296 (custom)
2022-05-26 01:45:50,407 [pool-620-thread-1] INFO  server.RaftServerConfigKeys (ConfUtils.java:logGet(46)) - raft.server.log.queue.element-limit = 1024 (custom)
2022-05-26 01:45:50,407 [pool-620-thread-1] INFO  server.RaftServerConfigKeys (ConfUtils.java:logGet(46)) - raft.server.log.segment.size.max = 1048576 (custom)
2022-05-26 01:45:50,407 [pool-620-thread-1] INFO  server.RaftServerConfigKeys (ConfUtils.java:logGet(46)) - raft.server.log.preallocated.size = 16384 (custom)
2022-05-26 01:45:50,408 [pool-620-thread-1] INFO  server.RaftServerConfigKeys (ConfUtils.java:logGet(46)) - raft.server.log.force.sync.num = 128 (default)
2022-05-26 01:45:50,408 [pool-620-thread-1] INFO  server.RaftServerConfigKeys (ConfUtils.java:logGet(46)) - raft.server.log.statemachine.data.sync = true (default)
2022-05-26 01:45:50,408 [pool-620-thread-1] INFO  server.RaftServerConfigKeys (ConfUtils.java:logGet(46)) - raft.server.log.statemachine.data.sync.timeout = 10s (default)
2022-05-26 01:45:50,408 [pool-620-thread-1] INFO  server.RaftServerConfigKeys (ConfUtils.java:logGet(46)) - raft.server.log.statemachine.data.sync.timeout.retry = -1 (default)
2022-05-26 01:45:50,408 [pool-620-thread-1] INFO  server.RaftServerConfigKeys (ConfUtils.java:logGet(46)) - raft.server.log.write.buffer.size = 1048576 (custom)
2022-05-26 01:45:50,409 [pool-620-thread-1] INFO  server.RaftServerConfigKeys (ConfUtils.java:logGet(46)) - raft.server.log.unsafe-flush.enabled = false (default)
2022-05-26 01:45:50,409 [pool-620-thread-1] INFO  server.RaftServerConfigKeys (ConfUtils.java:logGet(46)) - raft.server.log.statemachine.data.caching.enabled = true (custom)
2022-05-26 01:45:50,409 [pool-620-thread-1] INFO  segmented.SegmentedRaftLogWorker (SegmentedRaftLogWorker.java:lambda$new$0(135)) - d7b58387-0038-4812-9582-2122bfcfd866@group-CF5BB0E4E03B-SegmentedRaftLogWorker: flushIndex: setUnconditionally 0 -> -1
2022-05-26 01:45:50,409 [pool-620-thread-1] INFO  segmented.SegmentedRaftLogWorker (SegmentedRaftLogWorker.java:lambda$new$0(135)) - d7b58387-0038-4812-9582-2122bfcfd866@group-CF5BB0E4E03B-SegmentedRaftLogWorker: safeCacheEvictIndex: setUnconditionally 0 -> -1
2022-05-26 01:45:50,431 [pool-620-thread-1] INFO  server.RaftServerConfigKeys (ConfUtils.java:logGet(46)) - raft.server.snapshot.auto.trigger.enabled = true (custom)
2022-05-26 01:45:50,431 [pool-620-thread-1] INFO  server.RaftServerConfigKeys (ConfUtils.java:logGet(46)) - raft.server.snapshot.auto.trigger.threshold = 10000 (custom)
2022-05-26 01:45:50,431 [pool-620-thread-1] INFO  server.RaftServerConfigKeys (ConfUtils.java:logGet(46)) - raft.server.snapshot.retention.file.num = 5 (custom)
2022-05-26 01:45:50,431 [pool-620-thread-1] INFO  server.RaftServerConfigKeys (ConfUtils.java:logGet(46)) - raft.server.log.purge.upto.snapshot.index = false (default)
2022-05-26 01:45:50,431 [pool-620-thread-1] INFO  server.RaftServerConfigKeys (ConfUtils.java:logGet(46)) - raft.server.retrycache.expirytime = 600000ms (custom)
2022-05-26 01:45:50,431 [pool-620-thread-1] INFO  server.RaftServerConfigKeys (ConfUtils.java:logGet(46)) - raft.server.retrycache.statistics.expirytime = 100μs (default)
2022-05-26 01:45:50,433 [pool-620-thread-1] INFO  server.RaftServerConfigKeys (ConfUtils.java:logGet(46)) - raft.server.log.appender.install.snapshot.enabled = false (custom)
2022-05-26 01:45:50,433 [pool-620-thread-1] INFO  server.RaftServerConfigKeys (ConfUtils.java:logGet(46)) - raft.server.threadpool.server.cached = true (default)
2022-05-26 01:45:50,433 [pool-620-thread-1] INFO  server.RaftServerConfigKeys (ConfUtils.java:logGet(46)) - raft.server.threadpool.server.size = 0 (default)
2022-05-26 01:45:50,433 [pool-620-thread-1] INFO  server.RaftServerConfigKeys (ConfUtils.java:logGet(46)) - raft.server.threadpool.client.cached = true (default)
2022-05-26 01:45:50,433 [pool-620-thread-1] INFO  server.RaftServerConfigKeys (ConfUtils.java:logGet(46)) - raft.server.threadpool.client.size = 0 (default)
2022-05-26 01:45:50,433 [pool-620-thread-1] INFO  server.RaftServer$Division (RaftServerImpl.java:start(310)) - d7b58387-0038-4812-9582-2122bfcfd866@group-CF5BB0E4E03B: start as a follower, conf=-1: [bcb35490-9c47-4ca0-b956-34db424624d7|rpc:10.1.0.18:44911|dataStream:|priority:0, 2ddbf39d-335e-406c-b5fb-c9241fde00d0|rpc:10.1.0.18:44127|dataStream:|priority:0, d7b58387-0038-4812-9582-2122bfcfd866|rpc:10.1.0.18:40429|dataStream:|priority:1], old=null
2022-05-26 01:45:50,433 [pool-620-thread-1] INFO  server.RaftServer$Division (RaftServerImpl.java:setRole(299)) - d7b58387-0038-4812-9582-2122bfcfd866@group-CF5BB0E4E03B: changes role from      null to FOLLOWER at term 0 for startAsFollower
2022-05-26 01:45:50,433 [pool-620-thread-1] INFO  impl.RoleInfo (RoleInfo.java:updateAndGet(139)) - d7b58387-0038-4812-9582-2122bfcfd866: start d7b58387-0038-4812-9582-2122bfcfd866@group-CF5BB0E4E03B-FollowerState
2022-05-26 01:45:50,452 [pool-620-thread-1] INFO  util.JmxRegister (JmxRegister.java:tryRegister(44)) - Successfully registered JMX Bean with object name Ratis:service=RaftServer,group=group-CF5BB0E4E03B,id=d7b58387-0038-4812-9582-2122bfcfd866
2022-05-26 01:45:50,513 [Command processor thread] INFO  commandhandler.CreatePipelineCommandHandler (CreatePipelineCommandHandler.java:handle(113)) - Created Pipeline RATIS THREE PipelineID=676f0365-e2d2-4fd6-b3db-cf5bb0e4e03b.
2022-05-26 01:45:50,513 [Command processor thread] INFO  server.RaftServer (RaftServerProxy.java:addNew(96)) - 2ddbf39d-335e-406c-b5fb-c9241fde00d0: addNew group-CC35161E154E:[bcb35490-9c47-4ca0-b956-34db424624d7|rpc:10.1.0.18:44911|priority:0, 2ddbf39d-335e-406c-b5fb-c9241fde00d0|rpc:10.1.0.18:44127|priority:1, d7b58387-0038-4812-9582-2122bfcfd866|rpc:10.1.0.18:40429|priority:0] returns group-CC35161E154E:java.util.concurrent.CompletableFuture@8048f91[Not completed]
2022-05-26 01:45:50,516 [pool-576-thread-1] INFO  server.RaftServer$Division (RaftServerImpl.java:<init>(190)) - 2ddbf39d-335e-406c-b5fb-c9241fde00d0: new RaftServerImpl for group-CC35161E154E:[bcb35490-9c47-4ca0-b956-34db424624d7|rpc:10.1.0.18:44911|priority:0, 2ddbf39d-335e-406c-b5fb-c9241fde00d0|rpc:10.1.0.18:44127|priority:1, d7b58387-0038-4812-9582-2122bfcfd866|rpc:10.1.0.18:40429|priority:0] with ContainerStateMachine:uninitialized
2022-05-26 01:45:50,517 [pool-576-thread-1] INFO  server.RaftServerConfigKeys (ConfUtils.java:logGet(46)) - raft.server.rpc.timeout.min = 5s (custom)
2022-05-26 01:45:50,517 [pool-576-thread-1] INFO  server.RaftServerConfigKeys (ConfUtils.java:logGet(46)) - raft.server.rpc.timeout.max = 5200ms (custom)
2022-05-26 01:45:50,517 [pool-576-thread-1] INFO  server.RaftServerConfigKeys (ConfUtils.java:logGet(46)) - raft.server.rpc.sleep.time = 25ms (default)
2022-05-26 01:45:50,517 [pool-576-thread-1] INFO  server.RaftServerConfigKeys (ConfUtils.java:logGet(46)) - raft.server.rpc.slowness.timeout = 300s (custom)
2022-05-26 01:45:50,517 [pool-576-thread-1] INFO  server.RaftServerConfigKeys (ConfUtils.java:logGet(46)) - raft.server.leaderelection.leader.step-down.wait-time = 10s (default)
2022-05-26 01:45:50,517 [pool-576-thread-1] INFO  server.RaftServerConfigKeys (ConfUtils.java:logGet(46)) - raft.server.sleep.deviation.threshold = 300ms (default)
2022-05-26 01:45:50,517 [pool-576-thread-1] INFO  server.RaftServer$Division (ServerState.java:<init>(107)) - 2ddbf39d-335e-406c-b5fb-c9241fde00d0@group-CC35161E154E: ConfigurationManager, init=-1: [bcb35490-9c47-4ca0-b956-34db424624d7|rpc:10.1.0.18:44911|priority:0, 2ddbf39d-335e-406c-b5fb-c9241fde00d0|rpc:10.1.0.18:44127|priority:1, d7b58387-0038-4812-9582-2122bfcfd866|rpc:10.1.0.18:40429|priority:0], old=null, confs=<EMPTY_MAP>
2022-05-26 01:45:50,517 [pool-576-thread-1] INFO  server.RaftServerConfigKeys (ConfUtils.java:logGet(46)) - raft.server.storage.dir = [/home/runner/work/ozone/ozone/hadoop-ozone/integration-test/target/test-dir/MiniOzoneClusterImpl-aa3443fb-1a09-40de-9b9d-4cb3f15163de/datanode-0/data/ratis] (custom)
2022-05-26 01:45:50,517 [pool-576-thread-1] INFO  server.RaftServerConfigKeys (ConfUtils.java:logGet(46)) - raft.server.log.corruption.policy = EXCEPTION (default)
2022-05-26 01:45:50,517 [pool-576-thread-1] INFO  server.RaftServerConfigKeys (ConfUtils.java:logGet(46)) - raft.server.storage.free-space.min = 0MB (=0) (default)
2022-05-26 01:45:50,517 [pool-576-thread-1] INFO  storage.RaftStorageDirectory (RaftStorageDirectoryImpl.java:analyzeStorage(135)) - The storage directory /home/runner/work/ozone/ozone/hadoop-ozone/integration-test/target/test-dir/MiniOzoneClusterImpl-aa3443fb-1a09-40de-9b9d-4cb3f15163de/datanode-0/data/ratis/4fcb894d-4468-499b-bda8-cc35161e154e does not exist. Creating ...
2022-05-26 01:45:50,524 [pool-576-thread-1] INFO  storage.RaftStorageDirectory (RaftStorageDirectoryImpl.java:tryLock(230)) - Lock on /home/runner/work/ozone/ozone/hadoop-ozone/integration-test/target/test-dir/MiniOzoneClusterImpl-aa3443fb-1a09-40de-9b9d-4cb3f15163de/datanode-0/data/ratis/4fcb894d-4468-499b-bda8-cc35161e154e/in_use.lock acquired by nodename 11847@fv-az270-854
2022-05-26 01:45:50,528 [pool-576-thread-1] INFO  storage.RaftStorage (RaftStorageImpl.java:format(89)) - Storage directory /home/runner/work/ozone/ozone/hadoop-ozone/integration-test/target/test-dir/MiniOzoneClusterImpl-aa3443fb-1a09-40de-9b9d-4cb3f15163de/datanode-0/data/ratis/4fcb894d-4468-499b-bda8-cc35161e154e has been successfully formatted.
2022-05-26 01:45:50,529 [pool-576-thread-1] INFO  ratis.ContainerStateMachine (ContainerStateMachine.java:loadSnapshot(236)) - group-CC35161E154E: The snapshot info is null. Setting the last applied indexto:(t:0, i:~)
2022-05-26 01:45:50,529 [pool-576-thread-1] INFO  server.RaftServerConfigKeys (ConfUtils.java:logGet(46)) - raft.server.notification.no-leader.timeout = 300s (custom)
2022-05-26 01:45:50,529 [pool-576-thread-1] INFO  server.RaftServerConfigKeys (ConfUtils.java:logGet(46)) - raft.server.log.use.memory = false (default)
2022-05-26 01:45:50,529 [pool-576-thread-1] INFO  server.RaftServerConfigKeys (ConfUtils.java:logGet(46)) - raft.server.log.purge.gap = 1000000 (custom)
2022-05-26 01:45:50,529 [pool-576-thread-1] INFO  server.RaftServerConfigKeys (ConfUtils.java:logGet(46)) - raft.server.log.appender.buffer.byte-limit = 33554432 (custom)
2022-05-26 01:45:50,529 [pool-576-thread-1] INFO  server.RaftServerConfigKeys (ConfUtils.java:logGet(46)) - raft.server.log.statemachine.data.read.timeout = 1000ms (default)
2022-05-26 01:45:50,529 [pool-576-thread-1] INFO  server.RaftServerConfigKeys (ConfUtils.java:logGet(46)) - raft.server.log.segment.size.max = 1048576 (custom)
2022-05-26 01:45:50,530 [pool-576-thread-1] INFO  server.RaftServerConfigKeys (ConfUtils.java:logGet(46)) - raft.server.log.segment.cache.num.max = 2 (custom)
2022-05-26 01:45:50,530 [pool-576-thread-1] INFO  server.RaftServerConfigKeys (ConfUtils.java:logGet(46)) - raft.server.log.segment.cache.size.max = 200MB (=209715200) (default)
2022-05-26 01:45:50,530 [pool-576-thread-1] INFO  segmented.SegmentedRaftLogWorker (SegmentedRaftLogWorker.java:<init>(187)) - new 2ddbf39d-335e-406c-b5fb-c9241fde00d0@group-CC35161E154E-SegmentedRaftLogWorker for RaftStorageImpl:Storage Directory /home/runner/work/ozone/ozone/hadoop-ozone/integration-test/target/test-dir/MiniOzoneClusterImpl-aa3443fb-1a09-40de-9b9d-4cb3f15163de/datanode-0/data/ratis/4fcb894d-4468-499b-bda8-cc35161e154e
2022-05-26 01:45:50,530 [pool-576-thread-1] INFO  server.RaftServerConfigKeys (ConfUtils.java:logGet(46)) - raft.server.log.queue.byte-limit = 4294967296 (custom)
2022-05-26 01:45:50,530 [pool-576-thread-1] INFO  server.RaftServerConfigKeys (ConfUtils.java:logGet(46)) - raft.server.log.queue.element-limit = 1024 (custom)
2022-05-26 01:45:50,530 [pool-576-thread-1] INFO  server.RaftServerConfigKeys (ConfUtils.java:logGet(46)) - raft.server.log.segment.size.max = 1048576 (custom)
2022-05-26 01:45:50,530 [pool-576-thread-1] INFO  server.RaftServerConfigKeys (ConfUtils.java:logGet(46)) - raft.server.log.preallocated.size = 16384 (custom)
2022-05-26 01:45:50,530 [pool-576-thread-1] INFO  server.RaftServerConfigKeys (ConfUtils.java:logGet(46)) - raft.server.log.force.sync.num = 128 (default)
2022-05-26 01:45:50,530 [pool-576-thread-1] INFO  server.RaftServerConfigKeys (ConfUtils.java:logGet(46)) - raft.server.log.statemachine.data.sync = true (default)
2022-05-26 01:45:50,530 [pool-576-thread-1] INFO  server.RaftServerConfigKeys (ConfUtils.java:logGet(46)) - raft.server.log.statemachine.data.sync.timeout = 10s (default)
2022-05-26 01:45:50,530 [pool-576-thread-1] INFO  server.RaftServerConfigKeys (ConfUtils.java:logGet(46)) - raft.server.log.statemachine.data.sync.timeout.retry = -1 (default)
2022-05-26 01:45:50,530 [EventQueue-OpenPipelineForHealthyPipelineSafeModeRule] INFO  safemode.SCMSafeModeManager (HealthyPipelineSafeModeRule.java:process(124)) - SCM in safe mode. Healthy pipelines reported count is 0, required healthy pipeline reported count is 1
2022-05-26 01:45:50,531 [pool-576-thread-1] INFO  server.RaftServerConfigKeys (ConfUtils.java:logGet(46)) - raft.server.log.write.buffer.size = 1048576 (custom)
2022-05-26 01:45:50,545 [pool-576-thread-1] INFO  server.RaftServerConfigKeys (ConfUtils.java:logGet(46)) - raft.server.log.unsafe-flush.enabled = false (default)
2022-05-26 01:45:50,545 [pool-576-thread-1] INFO  server.RaftServerConfigKeys (ConfUtils.java:logGet(46)) - raft.server.log.statemachine.data.caching.enabled = true (custom)
2022-05-26 01:45:50,547 [pool-576-thread-1] INFO  segmented.SegmentedRaftLogWorker (SegmentedRaftLogWorker.java:lambda$new$0(135)) - 2ddbf39d-335e-406c-b5fb-c9241fde00d0@group-CC35161E154E-SegmentedRaftLogWorker: flushIndex: setUnconditionally 0 -> -1
2022-05-26 01:45:50,547 [pool-576-thread-1] INFO  segmented.SegmentedRaftLogWorker (SegmentedRaftLogWorker.java:lambda$new$0(135)) - 2ddbf39d-335e-406c-b5fb-c9241fde00d0@group-CC35161E154E-SegmentedRaftLogWorker: safeCacheEvictIndex: setUnconditionally 0 -> -1
2022-05-26 01:45:50,552 [pool-576-thread-1] INFO  server.RaftServerConfigKeys (ConfUtils.java:logGet(46)) - raft.server.snapshot.auto.trigger.enabled = true (custom)
2022-05-26 01:45:50,552 [pool-576-thread-1] INFO  server.RaftServerConfigKeys (ConfUtils.java:logGet(46)) - raft.server.snapshot.auto.trigger.threshold = 10000 (custom)
2022-05-26 01:45:50,552 [pool-576-thread-1] INFO  server.RaftServerConfigKeys (ConfUtils.java:logGet(46)) - raft.server.snapshot.retention.file.num = 5 (custom)
2022-05-26 01:45:50,552 [pool-576-thread-1] INFO  server.RaftServerConfigKeys (ConfUtils.java:logGet(46)) - raft.server.log.purge.upto.snapshot.index = false (default)
2022-05-26 01:45:50,552 [pool-576-thread-1] INFO  server.RaftServerConfigKeys (ConfUtils.java:logGet(46)) - raft.server.retrycache.expirytime = 600000ms (custom)
2022-05-26 01:45:50,552 [pool-576-thread-1] INFO  server.RaftServerConfigKeys (ConfUtils.java:logGet(46)) - raft.server.retrycache.statistics.expirytime = 100μs (default)
2022-05-26 01:45:50,553 [pool-576-thread-1] INFO  server.RaftServerConfigKeys (ConfUtils.java:logGet(46)) - raft.server.log.appender.install.snapshot.enabled = false (custom)
2022-05-26 01:45:50,553 [pool-576-thread-1] INFO  server.RaftServerConfigKeys (ConfUtils.java:logGet(46)) - raft.server.threadpool.server.cached = true (default)
2022-05-26 01:45:50,553 [pool-576-thread-1] INFO  server.RaftServerConfigKeys (ConfUtils.java:logGet(46)) - raft.server.threadpool.server.size = 0 (default)
2022-05-26 01:45:50,553 [pool-576-thread-1] INFO  server.RaftServerConfigKeys (ConfUtils.java:logGet(46)) - raft.server.threadpool.client.cached = true (default)
2022-05-26 01:45:50,553 [pool-576-thread-1] INFO  server.RaftServerConfigKeys (ConfUtils.java:logGet(46)) - raft.server.threadpool.client.size = 0 (default)
2022-05-26 01:45:50,554 [pool-576-thread-1] INFO  server.RaftServer$Division (RaftServerImpl.java:start(310)) - 2ddbf39d-335e-406c-b5fb-c9241fde00d0@group-CC35161E154E: start as a follower, conf=-1: [bcb35490-9c47-4ca0-b956-34db424624d7|rpc:10.1.0.18:44911|priority:0, 2ddbf39d-335e-406c-b5fb-c9241fde00d0|rpc:10.1.0.18:44127|priority:1, d7b58387-0038-4812-9582-2122bfcfd866|rpc:10.1.0.18:40429|priority:0], old=null
2022-05-26 01:45:50,554 [pool-576-thread-1] INFO  server.RaftServer$Division (RaftServerImpl.java:setRole(299)) - 2ddbf39d-335e-406c-b5fb-c9241fde00d0@group-CC35161E154E: changes role from      null to FOLLOWER at term 0 for startAsFollower
2022-05-26 01:45:50,554 [pool-576-thread-1] INFO  impl.RoleInfo (RoleInfo.java:updateAndGet(139)) - 2ddbf39d-335e-406c-b5fb-c9241fde00d0: start 2ddbf39d-335e-406c-b5fb-c9241fde00d0@group-CC35161E154E-FollowerState
2022-05-26 01:45:50,567 [pool-576-thread-1] INFO  util.JmxRegister (JmxRegister.java:tryRegister(44)) - Successfully registered JMX Bean with object name Ratis:service=RaftServer,group=group-CC35161E154E,id=2ddbf39d-335e-406c-b5fb-c9241fde00d0
2022-05-26 01:45:50,571 [Command processor thread] INFO  ratis.XceiverServerRatis (XceiverServerRatis.java:addGroup(765)) - Created group PipelineID=4fcb894d-4468-499b-bda8-cc35161e154e
2022-05-26 01:45:50,620 [grpc-default-executor-0] INFO  server.RaftServer (RaftServerProxy.java:addNew(96)) - d7b58387-0038-4812-9582-2122bfcfd866: addNew group-CC35161E154E:[bcb35490-9c47-4ca0-b956-34db424624d7|rpc:10.1.0.18:44911|dataStream:|priority:0, 2ddbf39d-335e-406c-b5fb-c9241fde00d0|rpc:10.1.0.18:44127|dataStream:|priority:1, d7b58387-0038-4812-9582-2122bfcfd866|rpc:10.1.0.18:40429|dataStream:|priority:0] returns group-CC35161E154E:java.util.concurrent.CompletableFuture@3b240105[Not completed]
2022-05-26 01:45:50,622 [pool-620-thread-1] INFO  server.RaftServer$Division (RaftServerImpl.java:<init>(190)) - d7b58387-0038-4812-9582-2122bfcfd866: new RaftServerImpl for group-CC35161E154E:[bcb35490-9c47-4ca0-b956-34db424624d7|rpc:10.1.0.18:44911|dataStream:|priority:0, 2ddbf39d-335e-406c-b5fb-c9241fde00d0|rpc:10.1.0.18:44127|dataStream:|priority:1, d7b58387-0038-4812-9582-2122bfcfd866|rpc:10.1.0.18:40429|dataStream:|priority:0] with ContainerStateMachine:uninitialized
2022-05-26 01:45:50,622 [pool-620-thread-1] INFO  server.RaftServerConfigKeys (ConfUtils.java:logGet(46)) - raft.server.rpc.timeout.min = 5s (custom)
2022-05-26 01:45:50,622 [pool-620-thread-1] INFO  server.RaftServerConfigKeys (ConfUtils.java:logGet(46)) - raft.server.rpc.timeout.max = 5200ms (custom)
2022-05-26 01:45:50,622 [pool-620-thread-1] INFO  server.RaftServerConfigKeys (ConfUtils.java:logGet(46)) - raft.server.rpc.sleep.time = 25ms (default)
2022-05-26 01:45:50,622 [pool-620-thread-1] INFO  server.RaftServerConfigKeys (ConfUtils.java:logGet(46)) - raft.server.rpc.slowness.timeout = 300s (custom)
2022-05-26 01:45:50,622 [pool-620-thread-1] INFO  server.RaftServerConfigKeys (ConfUtils.java:logGet(46)) - raft.server.leaderelection.leader.step-down.wait-time = 10s (default)
2022-05-26 01:45:50,622 [pool-620-thread-1] INFO  server.RaftServerConfigKeys (ConfUtils.java:logGet(46)) - raft.server.sleep.deviation.threshold = 300ms (default)
2022-05-26 01:45:50,622 [pool-620-thread-1] INFO  server.RaftServer$Division (ServerState.java:<init>(107)) - d7b58387-0038-4812-9582-2122bfcfd866@group-CC35161E154E: ConfigurationManager, init=-1: [bcb35490-9c47-4ca0-b956-34db424624d7|rpc:10.1.0.18:44911|dataStream:|priority:0, 2ddbf39d-335e-406c-b5fb-c9241fde00d0|rpc:10.1.0.18:44127|dataStream:|priority:1, d7b58387-0038-4812-9582-2122bfcfd866|rpc:10.1.0.18:40429|dataStream:|priority:0], old=null, confs=<EMPTY_MAP>
2022-05-26 01:45:50,623 [pool-620-thread-1] INFO  server.RaftServerConfigKeys (ConfUtils.java:logGet(46)) - raft.server.storage.dir = [/home/runner/work/ozone/ozone/hadoop-ozone/integration-test/target/test-dir/MiniOzoneClusterImpl-aa3443fb-1a09-40de-9b9d-4cb3f15163de/datanode-2/data/ratis] (custom)
2022-05-26 01:45:50,623 [pool-620-thread-1] INFO  server.RaftServerConfigKeys (ConfUtils.java:logGet(46)) - raft.server.log.corruption.policy = EXCEPTION (default)
2022-05-26 01:45:50,623 [pool-620-thread-1] INFO  server.RaftServerConfigKeys (ConfUtils.java:logGet(46)) - raft.server.storage.free-space.min = 0MB (=0) (default)
2022-05-26 01:45:50,623 [pool-620-thread-1] INFO  storage.RaftStorageDirectory (RaftStorageDirectoryImpl.java:analyzeStorage(135)) - The storage directory /home/runner/work/ozone/ozone/hadoop-ozone/integration-test/target/test-dir/MiniOzoneClusterImpl-aa3443fb-1a09-40de-9b9d-4cb3f15163de/datanode-2/data/ratis/4fcb894d-4468-499b-bda8-cc35161e154e does not exist. Creating ...
2022-05-26 01:45:50,624 [pool-620-thread-1] INFO  storage.RaftStorageDirectory (RaftStorageDirectoryImpl.java:tryLock(230)) - Lock on /home/runner/work/ozone/ozone/hadoop-ozone/integration-test/target/test-dir/MiniOzoneClusterImpl-aa3443fb-1a09-40de-9b9d-4cb3f15163de/datanode-2/data/ratis/4fcb894d-4468-499b-bda8-cc35161e154e/in_use.lock acquired by nodename 11847@fv-az270-854
2022-05-26 01:45:50,625 [pool-620-thread-1] INFO  storage.RaftStorage (RaftStorageImpl.java:format(89)) - Storage directory /home/runner/work/ozone/ozone/hadoop-ozone/integration-test/target/test-dir/MiniOzoneClusterImpl-aa3443fb-1a09-40de-9b9d-4cb3f15163de/datanode-2/data/ratis/4fcb894d-4468-499b-bda8-cc35161e154e has been successfully formatted.
2022-05-26 01:45:50,627 [pool-620-thread-1] INFO  ratis.ContainerStateMachine (ContainerStateMachine.java:loadSnapshot(236)) - group-CC35161E154E: The snapshot info is null. Setting the last applied indexto:(t:0, i:~)
2022-05-26 01:45:50,627 [pool-620-thread-1] INFO  server.RaftServerConfigKeys (ConfUtils.java:logGet(46)) - raft.server.notification.no-leader.timeout = 300s (custom)
2022-05-26 01:45:50,627 [pool-620-thread-1] INFO  server.RaftServerConfigKeys (ConfUtils.java:logGet(46)) - raft.server.log.use.memory = false (default)
2022-05-26 01:45:50,627 [pool-620-thread-1] INFO  server.RaftServerConfigKeys (ConfUtils.java:logGet(46)) - raft.server.log.purge.gap = 1000000 (custom)
2022-05-26 01:45:50,627 [pool-620-thread-1] INFO  server.RaftServerConfigKeys (ConfUtils.java:logGet(46)) - raft.server.log.appender.buffer.byte-limit = 33554432 (custom)
2022-05-26 01:45:50,627 [pool-620-thread-1] INFO  server.RaftServerConfigKeys (ConfUtils.java:logGet(46)) - raft.server.log.statemachine.data.read.timeout = 1000ms (default)
2022-05-26 01:45:50,627 [pool-620-thread-1] INFO  server.RaftServerConfigKeys (ConfUtils.java:logGet(46)) - raft.server.log.segment.size.max = 1048576 (custom)
2022-05-26 01:45:50,628 [pool-620-thread-1] INFO  server.RaftServerConfigKeys (ConfUtils.java:logGet(46)) - raft.server.log.segment.cache.num.max = 2 (custom)
2022-05-26 01:45:50,628 [pool-620-thread-1] INFO  server.RaftServerConfigKeys (ConfUtils.java:logGet(46)) - raft.server.log.segment.cache.size.max = 200MB (=209715200) (default)
2022-05-26 01:45:50,628 [pool-620-thread-1] INFO  segmented.SegmentedRaftLogWorker (SegmentedRaftLogWorker.java:<init>(187)) - new d7b58387-0038-4812-9582-2122bfcfd866@group-CC35161E154E-SegmentedRaftLogWorker for RaftStorageImpl:Storage Directory /home/runner/work/ozone/ozone/hadoop-ozone/integration-test/target/test-dir/MiniOzoneClusterImpl-aa3443fb-1a09-40de-9b9d-4cb3f15163de/datanode-2/data/ratis/4fcb894d-4468-499b-bda8-cc35161e154e
2022-05-26 01:45:50,628 [pool-620-thread-1] INFO  server.RaftServerConfigKeys (ConfUtils.java:logGet(46)) - raft.server.log.queue.byte-limit = 4294967296 (custom)
2022-05-26 01:45:50,628 [pool-620-thread-1] INFO  server.RaftServerConfigKeys (ConfUtils.java:logGet(46)) - raft.server.log.queue.element-limit = 1024 (custom)
2022-05-26 01:45:50,628 [pool-620-thread-1] INFO  server.RaftServerConfigKeys (ConfUtils.java:logGet(46)) - raft.server.log.segment.size.max = 1048576 (custom)
2022-05-26 01:45:50,628 [pool-620-thread-1] INFO  server.RaftServerConfigKeys (ConfUtils.java:logGet(46)) - raft.server.log.preallocated.size = 16384 (custom)
2022-05-26 01:45:50,628 [pool-620-thread-1] INFO  server.RaftServerConfigKeys (ConfUtils.java:logGet(46)) - raft.server.log.force.sync.num = 128 (default)
2022-05-26 01:45:50,628 [pool-620-thread-1] INFO  server.RaftServerConfigKeys (ConfUtils.java:logGet(46)) - raft.server.log.statemachine.data.sync = true (default)
2022-05-26 01:45:50,628 [pool-620-thread-1] INFO  server.RaftServerConfigKeys (ConfUtils.java:logGet(46)) - raft.server.log.statemachine.data.sync.timeout = 10s (default)
2022-05-26 01:45:50,628 [pool-620-thread-1] INFO  server.RaftServerConfigKeys (ConfUtils.java:logGet(46)) - raft.server.log.statemachine.data.sync.timeout.retry = -1 (default)
2022-05-26 01:45:50,629 [pool-620-thread-1] INFO  server.RaftServerConfigKeys (ConfUtils.java:logGet(46)) - raft.server.log.write.buffer.size = 1048576 (custom)
2022-05-26 01:45:50,630 [pool-620-thread-1] INFO  server.RaftServerConfigKeys (ConfUtils.java:logGet(46)) - raft.server.log.unsafe-flush.enabled = false (default)
2022-05-26 01:45:50,630 [pool-620-thread-1] INFO  server.RaftServerConfigKeys (ConfUtils.java:logGet(46)) - raft.server.log.statemachine.data.caching.enabled = true (custom)
2022-05-26 01:45:50,630 [pool-620-thread-1] INFO  segmented.SegmentedRaftLogWorker (SegmentedRaftLogWorker.java:lambda$new$0(135)) - d7b58387-0038-4812-9582-2122bfcfd866@group-CC35161E154E-SegmentedRaftLogWorker: flushIndex: setUnconditionally 0 -> -1
2022-05-26 01:45:50,630 [pool-620-thread-1] INFO  segmented.SegmentedRaftLogWorker (SegmentedRaftLogWorker.java:lambda$new$0(135)) - d7b58387-0038-4812-9582-2122bfcfd866@group-CC35161E154E-SegmentedRaftLogWorker: safeCacheEvictIndex: setUnconditionally 0 -> -1
2022-05-26 01:45:50,644 [pool-620-thread-1] INFO  server.RaftServerConfigKeys (ConfUtils.java:logGet(46)) - raft.server.snapshot.auto.trigger.enabled = true (custom)
2022-05-26 01:45:50,644 [pool-620-thread-1] INFO  server.RaftServerConfigKeys (ConfUtils.java:logGet(46)) - raft.server.snapshot.auto.trigger.threshold = 10000 (custom)
2022-05-26 01:45:50,644 [pool-620-thread-1] INFO  server.RaftServerConfigKeys (ConfUtils.java:logGet(46)) - raft.server.snapshot.retention.file.num = 5 (custom)
2022-05-26 01:45:50,644 [pool-620-thread-1] INFO  server.RaftServerConfigKeys (ConfUtils.java:logGet(46)) - raft.server.log.purge.upto.snapshot.index = false (default)
2022-05-26 01:45:50,645 [pool-620-thread-1] INFO  server.RaftServerConfigKeys (ConfUtils.java:logGet(46)) - raft.server.retrycache.expirytime = 600000ms (custom)
2022-05-26 01:45:50,645 [pool-620-thread-1] INFO  server.RaftServerConfigKeys (ConfUtils.java:logGet(46)) - raft.server.retrycache.statistics.expirytime = 100μs (default)
2022-05-26 01:45:50,646 [pool-620-thread-1] INFO  server.RaftServerConfigKeys (ConfUtils.java:logGet(46)) - raft.server.log.appender.install.snapshot.enabled = false (custom)
2022-05-26 01:45:50,646 [pool-620-thread-1] INFO  server.RaftServerConfigKeys (ConfUtils.java:logGet(46)) - raft.server.threadpool.server.cached = true (default)
2022-05-26 01:45:50,646 [pool-620-thread-1] INFO  server.RaftServerConfigKeys (ConfUtils.java:logGet(46)) - raft.server.threadpool.server.size = 0 (default)
2022-05-26 01:45:50,646 [pool-620-thread-1] INFO  server.RaftServerConfigKeys (ConfUtils.java:logGet(46)) - raft.server.threadpool.client.cached = true (default)
2022-05-26 01:45:50,646 [pool-620-thread-1] INFO  server.RaftServerConfigKeys (ConfUtils.java:logGet(46)) - raft.server.threadpool.client.size = 0 (default)
2022-05-26 01:45:50,646 [pool-620-thread-1] INFO  server.RaftServer$Division (RaftServerImpl.java:start(310)) - d7b58387-0038-4812-9582-2122bfcfd866@group-CC35161E154E: start as a follower, conf=-1: [bcb35490-9c47-4ca0-b956-34db424624d7|rpc:10.1.0.18:44911|dataStream:|priority:0, 2ddbf39d-335e-406c-b5fb-c9241fde00d0|rpc:10.1.0.18:44127|dataStream:|priority:1, d7b58387-0038-4812-9582-2122bfcfd866|rpc:10.1.0.18:40429|dataStream:|priority:0], old=null
2022-05-26 01:45:50,646 [pool-620-thread-1] INFO  server.RaftServer$Division (RaftServerImpl.java:setRole(299)) - d7b58387-0038-4812-9582-2122bfcfd866@group-CC35161E154E: changes role from      null to FOLLOWER at term 0 for startAsFollower
2022-05-26 01:45:50,646 [pool-620-thread-1] INFO  impl.RoleInfo (RoleInfo.java:updateAndGet(139)) - d7b58387-0038-4812-9582-2122bfcfd866: start d7b58387-0038-4812-9582-2122bfcfd866@group-CC35161E154E-FollowerState
2022-05-26 01:45:50,664 [pool-620-thread-1] INFO  util.JmxRegister (JmxRegister.java:tryRegister(44)) - Successfully registered JMX Bean with object name Ratis:service=RaftServer,group=group-CC35161E154E,id=d7b58387-0038-4812-9582-2122bfcfd866
2022-05-26 01:45:50,784 [grpc-default-executor-0] INFO  server.RaftServer (RaftServerProxy.java:addNew(96)) - bcb35490-9c47-4ca0-b956-34db424624d7: addNew group-CC35161E154E:[bcb35490-9c47-4ca0-b956-34db424624d7|rpc:10.1.0.18:44911|dataStream:|priority:0, 2ddbf39d-335e-406c-b5fb-c9241fde00d0|rpc:10.1.0.18:44127|dataStream:|priority:1, d7b58387-0038-4812-9582-2122bfcfd866|rpc:10.1.0.18:40429|dataStream:|priority:0] returns group-CC35161E154E:java.util.concurrent.CompletableFuture@5132e501[Not completed]
2022-05-26 01:45:50,785 [pool-598-thread-1] INFO  server.RaftServer$Division (RaftServerImpl.java:<init>(190)) - bcb35490-9c47-4ca0-b956-34db424624d7: new RaftServerImpl for group-CC35161E154E:[bcb35490-9c47-4ca0-b956-34db424624d7|rpc:10.1.0.18:44911|dataStream:|priority:0, 2ddbf39d-335e-406c-b5fb-c9241fde00d0|rpc:10.1.0.18:44127|dataStream:|priority:1, d7b58387-0038-4812-9582-2122bfcfd866|rpc:10.1.0.18:40429|dataStream:|priority:0] with ContainerStateMachine:uninitialized
2022-05-26 01:45:50,785 [pool-598-thread-1] INFO  server.RaftServerConfigKeys (ConfUtils.java:logGet(46)) - raft.server.rpc.timeout.min = 5s (custom)
2022-05-26 01:45:50,785 [pool-598-thread-1] INFO  server.RaftServerConfigKeys (ConfUtils.java:logGet(46)) - raft.server.rpc.timeout.max = 5200ms (custom)
2022-05-26 01:45:50,785 [pool-598-thread-1] INFO  server.RaftServerConfigKeys (ConfUtils.java:logGet(46)) - raft.server.rpc.sleep.time = 25ms (default)
2022-05-26 01:45:50,785 [pool-598-thread-1] INFO  server.RaftServerConfigKeys (ConfUtils.java:logGet(46)) - raft.server.rpc.slowness.timeout = 300s (custom)
2022-05-26 01:45:50,785 [pool-598-thread-1] INFO  server.RaftServerConfigKeys (ConfUtils.java:logGet(46)) - raft.server.leaderelection.leader.step-down.wait-time = 10s (default)
2022-05-26 01:45:50,785 [pool-598-thread-1] INFO  server.RaftServerConfigKeys (ConfUtils.java:logGet(46)) - raft.server.sleep.deviation.threshold = 300ms (default)
2022-05-26 01:45:50,785 [pool-598-thread-1] INFO  server.RaftServer$Division (ServerState.java:<init>(107)) - bcb35490-9c47-4ca0-b956-34db424624d7@group-CC35161E154E: ConfigurationManager, init=-1: [bcb35490-9c47-4ca0-b956-34db424624d7|rpc:10.1.0.18:44911|dataStream:|priority:0, 2ddbf39d-335e-406c-b5fb-c9241fde00d0|rpc:10.1.0.18:44127|dataStream:|priority:1, d7b58387-0038-4812-9582-2122bfcfd866|rpc:10.1.0.18:40429|dataStream:|priority:0], old=null, confs=<EMPTY_MAP>
2022-05-26 01:45:50,785 [pool-598-thread-1] INFO  server.RaftServerConfigKeys (ConfUtils.java:logGet(46)) - raft.server.storage.dir = [/home/runner/work/ozone/ozone/hadoop-ozone/integration-test/target/test-dir/MiniOzoneClusterImpl-aa3443fb-1a09-40de-9b9d-4cb3f15163de/datanode-1/data/ratis] (custom)
2022-05-26 01:45:50,786 [pool-598-thread-1] INFO  server.RaftServerConfigKeys (ConfUtils.java:logGet(46)) - raft.server.log.corruption.policy = EXCEPTION (default)
2022-05-26 01:45:50,786 [pool-598-thread-1] INFO  server.RaftServerConfigKeys (ConfUtils.java:logGet(46)) - raft.server.storage.free-space.min = 0MB (=0) (default)
2022-05-26 01:45:50,786 [pool-598-thread-1] INFO  storage.RaftStorageDirectory (RaftStorageDirectoryImpl.java:analyzeStorage(135)) - The storage directory /home/runner/work/ozone/ozone/hadoop-ozone/integration-test/target/test-dir/MiniOzoneClusterImpl-aa3443fb-1a09-40de-9b9d-4cb3f15163de/datanode-1/data/ratis/4fcb894d-4468-499b-bda8-cc35161e154e does not exist. Creating ...
2022-05-26 01:45:50,787 [pool-598-thread-1] INFO  storage.RaftStorageDirectory (RaftStorageDirectoryImpl.java:tryLock(230)) - Lock on /home/runner/work/ozone/ozone/hadoop-ozone/integration-test/target/test-dir/MiniOzoneClusterImpl-aa3443fb-1a09-40de-9b9d-4cb3f15163de/datanode-1/data/ratis/4fcb894d-4468-499b-bda8-cc35161e154e/in_use.lock acquired by nodename 11847@fv-az270-854
2022-05-26 01:45:50,788 [pool-598-thread-1] INFO  storage.RaftStorage (RaftStorageImpl.java:format(89)) - Storage directory /home/runner/work/ozone/ozone/hadoop-ozone/integration-test/target/test-dir/MiniOzoneClusterImpl-aa3443fb-1a09-40de-9b9d-4cb3f15163de/datanode-1/data/ratis/4fcb894d-4468-499b-bda8-cc35161e154e has been successfully formatted.
2022-05-26 01:45:50,789 [pool-598-thread-1] INFO  ratis.ContainerStateMachine (ContainerStateMachine.java:loadSnapshot(236)) - group-CC35161E154E: The snapshot info is null. Setting the last applied indexto:(t:0, i:~)
2022-05-26 01:45:50,789 [pool-598-thread-1] INFO  server.RaftServerConfigKeys (ConfUtils.java:logGet(46)) - raft.server.notification.no-leader.timeout = 300s (custom)
2022-05-26 01:45:50,789 [pool-598-thread-1] INFO  server.RaftServerConfigKeys (ConfUtils.java:logGet(46)) - raft.server.log.use.memory = false (default)
2022-05-26 01:45:50,789 [pool-598-thread-1] INFO  server.RaftServerConfigKeys (ConfUtils.java:logGet(46)) - raft.server.log.purge.gap = 1000000 (custom)
2022-05-26 01:45:50,789 [pool-598-thread-1] INFO  server.RaftServerConfigKeys (ConfUtils.java:logGet(46)) - raft.server.log.appender.buffer.byte-limit = 33554432 (custom)
2022-05-26 01:45:50,789 [pool-598-thread-1] INFO  server.RaftServerConfigKeys (ConfUtils.java:logGet(46)) - raft.server.log.statemachine.data.read.timeout = 1000ms (default)
2022-05-26 01:45:50,789 [pool-598-thread-1] INFO  server.RaftServerConfigKeys (ConfUtils.java:logGet(46)) - raft.server.log.segment.size.max = 1048576 (custom)
2022-05-26 01:45:50,789 [pool-598-thread-1] INFO  server.RaftServerConfigKeys (ConfUtils.java:logGet(46)) - raft.server.log.segment.cache.num.max = 2 (custom)
2022-05-26 01:45:50,790 [pool-598-thread-1] INFO  server.RaftServerConfigKeys (ConfUtils.java:logGet(46)) - raft.server.log.segment.cache.size.max = 200MB (=209715200) (default)
2022-05-26 01:45:50,790 [pool-598-thread-1] INFO  segmented.SegmentedRaftLogWorker (SegmentedRaftLogWorker.java:<init>(187)) - new bcb35490-9c47-4ca0-b956-34db424624d7@group-CC35161E154E-SegmentedRaftLogWorker for RaftStorageImpl:Storage Directory /home/runner/work/ozone/ozone/hadoop-ozone/integration-test/target/test-dir/MiniOzoneClusterImpl-aa3443fb-1a09-40de-9b9d-4cb3f15163de/datanode-1/data/ratis/4fcb894d-4468-499b-bda8-cc35161e154e
2022-05-26 01:45:50,790 [pool-598-thread-1] INFO  server.RaftServerConfigKeys (ConfUtils.java:logGet(46)) - raft.server.log.queue.byte-limit = 4294967296 (custom)
2022-05-26 01:45:50,790 [pool-598-thread-1] INFO  server.RaftServerConfigKeys (ConfUtils.java:logGet(46)) - raft.server.log.queue.element-limit = 1024 (custom)
2022-05-26 01:45:50,790 [pool-598-thread-1] INFO  server.RaftServerConfigKeys (ConfUtils.java:logGet(46)) - raft.server.log.segment.size.max = 1048576 (custom)
2022-05-26 01:45:50,790 [pool-598-thread-1] INFO  server.RaftServerConfigKeys (ConfUtils.java:logGet(46)) - raft.server.log.preallocated.size = 16384 (custom)
2022-05-26 01:45:50,790 [pool-598-thread-1] INFO  server.RaftServerConfigKeys (ConfUtils.java:logGet(46)) - raft.server.log.force.sync.num = 128 (default)
2022-05-26 01:45:50,790 [pool-598-thread-1] INFO  server.RaftServerConfigKeys (ConfUtils.java:logGet(46)) - raft.server.log.statemachine.data.sync = true (default)
2022-05-26 01:45:50,790 [pool-598-thread-1] INFO  server.RaftServerConfigKeys (ConfUtils.java:logGet(46)) - raft.server.log.statemachine.data.sync.timeout = 10s (default)
2022-05-26 01:45:50,790 [pool-598-thread-1] INFO  server.RaftServerConfigKeys (ConfUtils.java:logGet(46)) - raft.server.log.statemachine.data.sync.timeout.retry = -1 (default)
2022-05-26 01:45:50,791 [pool-598-thread-1] INFO  server.RaftServerConfigKeys (ConfUtils.java:logGet(46)) - raft.server.log.write.buffer.size = 1048576 (custom)
2022-05-26 01:45:50,791 [pool-598-thread-1] INFO  server.RaftServerConfigKeys (ConfUtils.java:logGet(46)) - raft.server.log.unsafe-flush.enabled = false (default)
2022-05-26 01:45:50,791 [pool-598-thread-1] INFO  server.RaftServerConfigKeys (ConfUtils.java:logGet(46)) - raft.server.log.statemachine.data.caching.enabled = true (custom)
2022-05-26 01:45:50,792 [pool-598-thread-1] INFO  segmented.SegmentedRaftLogWorker (SegmentedRaftLogWorker.java:lambda$new$0(135)) - bcb35490-9c47-4ca0-b956-34db424624d7@group-CC35161E154E-SegmentedRaftLogWorker: flushIndex: setUnconditionally 0 -> -1
2022-05-26 01:45:50,792 [pool-598-thread-1] INFO  segmented.SegmentedRaftLogWorker (SegmentedRaftLogWorker.java:lambda$new$0(135)) - bcb35490-9c47-4ca0-b956-34db424624d7@group-CC35161E154E-SegmentedRaftLogWorker: safeCacheEvictIndex: setUnconditionally 0 -> -1
2022-05-26 01:45:50,796 [pool-598-thread-1] INFO  server.RaftServerConfigKeys (ConfUtils.java:logGet(46)) - raft.server.snapshot.auto.trigger.enabled = true (custom)
2022-05-26 01:45:50,796 [pool-598-thread-1] INFO  server.RaftServerConfigKeys (ConfUtils.java:logGet(46)) - raft.server.snapshot.auto.trigger.threshold = 10000 (custom)
2022-05-26 01:45:50,796 [pool-598-thread-1] INFO  server.RaftServerConfigKeys (ConfUtils.java:logGet(46)) - raft.server.snapshot.retention.file.num = 5 (custom)
2022-05-26 01:45:50,796 [pool-598-thread-1] INFO  server.RaftServerConfigKeys (ConfUtils.java:logGet(46)) - raft.server.log.purge.upto.snapshot.index = false (default)
2022-05-26 01:45:50,796 [pool-598-thread-1] INFO  server.RaftServerConfigKeys (ConfUtils.java:logGet(46)) - raft.server.retrycache.expirytime = 600000ms (custom)
2022-05-26 01:45:50,796 [pool-598-thread-1] INFO  server.RaftServerConfigKeys (ConfUtils.java:logGet(46)) - raft.server.retrycache.statistics.expirytime = 100μs (default)
2022-05-26 01:45:50,797 [pool-598-thread-1] INFO  server.RaftServerConfigKeys (ConfUtils.java:logGet(46)) - raft.server.log.appender.install.snapshot.enabled = false (custom)
2022-05-26 01:45:50,797 [pool-598-thread-1] INFO  server.RaftServerConfigKeys (ConfUtils.java:logGet(46)) - raft.server.threadpool.server.cached = true (default)
2022-05-26 01:45:50,797 [pool-598-thread-1] INFO  server.RaftServerConfigKeys (ConfUtils.java:logGet(46)) - raft.server.threadpool.server.size = 0 (default)
2022-05-26 01:45:50,798 [pool-598-thread-1] INFO  server.RaftServerConfigKeys (ConfUtils.java:logGet(46)) - raft.server.threadpool.client.cached = true (default)
2022-05-26 01:45:50,798 [pool-598-thread-1] INFO  server.RaftServerConfigKeys (ConfUtils.java:logGet(46)) - raft.server.threadpool.client.size = 0 (default)
2022-05-26 01:45:50,798 [pool-598-thread-1] INFO  server.RaftServer$Division (RaftServerImpl.java:start(310)) - bcb35490-9c47-4ca0-b956-34db424624d7@group-CC35161E154E: start as a follower, conf=-1: [bcb35490-9c47-4ca0-b956-34db424624d7|rpc:10.1.0.18:44911|dataStream:|priority:0, 2ddbf39d-335e-406c-b5fb-c9241fde00d0|rpc:10.1.0.18:44127|dataStream:|priority:1, d7b58387-0038-4812-9582-2122bfcfd866|rpc:10.1.0.18:40429|dataStream:|priority:0], old=null
2022-05-26 01:45:50,798 [pool-598-thread-1] INFO  server.RaftServer$Division (RaftServerImpl.java:setRole(299)) - bcb35490-9c47-4ca0-b956-34db424624d7@group-CC35161E154E: changes role from      null to FOLLOWER at term 0 for startAsFollower
2022-05-26 01:45:50,798 [pool-598-thread-1] INFO  impl.RoleInfo (RoleInfo.java:updateAndGet(139)) - bcb35490-9c47-4ca0-b956-34db424624d7: start bcb35490-9c47-4ca0-b956-34db424624d7@group-CC35161E154E-FollowerState
2022-05-26 01:45:50,799 [pool-598-thread-1] INFO  util.JmxRegister (JmxRegister.java:tryRegister(44)) - Successfully registered JMX Bean with object name Ratis:service=RaftServer,group=group-CC35161E154E,id=bcb35490-9c47-4ca0-b956-34db424624d7
2022-05-26 01:45:50,805 [Command processor thread] INFO  commandhandler.CreatePipelineCommandHandler (CreatePipelineCommandHandler.java:handle(113)) - Created Pipeline RATIS THREE PipelineID=4fcb894d-4468-499b-bda8-cc35161e154e.
2022-05-26 01:45:51,042 [Command processor thread] INFO  server.RaftServer (RaftServerProxy.java:addNew(96)) - bcb35490-9c47-4ca0-b956-34db424624d7: addNew group-84249CA4062C:[bcb35490-9c47-4ca0-b956-34db424624d7|rpc:10.1.0.18:44911|priority:1] returns group-84249CA4062C:java.util.concurrent.CompletableFuture@196dfb88[Not completed]
2022-05-26 01:45:51,043 [pool-598-thread-1] INFO  server.RaftServer$Division (RaftServerImpl.java:<init>(190)) - bcb35490-9c47-4ca0-b956-34db424624d7: new RaftServerImpl for group-84249CA4062C:[bcb35490-9c47-4ca0-b956-34db424624d7|rpc:10.1.0.18:44911|priority:1] with ContainerStateMachine:uninitialized
2022-05-26 01:45:51,043 [pool-598-thread-1] INFO  server.RaftServerConfigKeys (ConfUtils.java:logGet(46)) - raft.server.rpc.timeout.min = 5s (custom)
2022-05-26 01:45:51,043 [pool-598-thread-1] INFO  server.RaftServerConfigKeys (ConfUtils.java:logGet(46)) - raft.server.rpc.timeout.max = 5200ms (custom)
2022-05-26 01:45:51,044 [pool-598-thread-1] INFO  server.RaftServerConfigKeys (ConfUtils.java:logGet(46)) - raft.server.rpc.sleep.time = 25ms (default)
2022-05-26 01:45:51,044 [pool-598-thread-1] INFO  server.RaftServerConfigKeys (ConfUtils.java:logGet(46)) - raft.server.rpc.slowness.timeout = 300s (custom)
2022-05-26 01:45:51,044 [pool-598-thread-1] INFO  server.RaftServerConfigKeys (ConfUtils.java:logGet(46)) - raft.server.leaderelection.leader.step-down.wait-time = 10s (default)
2022-05-26 01:45:51,044 [pool-598-thread-1] INFO  server.RaftServerConfigKeys (ConfUtils.java:logGet(46)) - raft.server.sleep.deviation.threshold = 300ms (default)
2022-05-26 01:45:51,044 [pool-598-thread-1] INFO  server.RaftServer$Division (ServerState.java:<init>(107)) - bcb35490-9c47-4ca0-b956-34db424624d7@group-84249CA4062C: ConfigurationManager, init=-1: [bcb35490-9c47-4ca0-b956-34db424624d7|rpc:10.1.0.18:44911|priority:1], old=null, confs=<EMPTY_MAP>
2022-05-26 01:45:51,044 [pool-598-thread-1] INFO  server.RaftServerConfigKeys (ConfUtils.java:logGet(46)) - raft.server.storage.dir = [/home/runner/work/ozone/ozone/hadoop-ozone/integration-test/target/test-dir/MiniOzoneClusterImpl-aa3443fb-1a09-40de-9b9d-4cb3f15163de/datanode-1/data/ratis] (custom)
2022-05-26 01:45:51,044 [pool-598-thread-1] INFO  server.RaftServerConfigKeys (ConfUtils.java:logGet(46)) - raft.server.log.corruption.policy = EXCEPTION (default)
2022-05-26 01:45:51,044 [pool-598-thread-1] INFO  server.RaftServerConfigKeys (ConfUtils.java:logGet(46)) - raft.server.storage.free-space.min = 0MB (=0) (default)
2022-05-26 01:45:51,044 [pool-598-thread-1] INFO  storage.RaftStorageDirectory (RaftStorageDirectoryImpl.java:analyzeStorage(135)) - The storage directory /home/runner/work/ozone/ozone/hadoop-ozone/integration-test/target/test-dir/MiniOzoneClusterImpl-aa3443fb-1a09-40de-9b9d-4cb3f15163de/datanode-1/data/ratis/4edc844f-36be-4762-9db5-84249ca4062c does not exist. Creating ...
2022-05-26 01:45:51,046 [pool-598-thread-1] INFO  storage.RaftStorageDirectory (RaftStorageDirectoryImpl.java:tryLock(230)) - Lock on /home/runner/work/ozone/ozone/hadoop-ozone/integration-test/target/test-dir/MiniOzoneClusterImpl-aa3443fb-1a09-40de-9b9d-4cb3f15163de/datanode-1/data/ratis/4edc844f-36be-4762-9db5-84249ca4062c/in_use.lock acquired by nodename 11847@fv-az270-854
2022-05-26 01:45:51,052 [pool-598-thread-1] INFO  storage.RaftStorage (RaftStorageImpl.java:format(89)) - Storage directory /home/runner/work/ozone/ozone/hadoop-ozone/integration-test/target/test-dir/MiniOzoneClusterImpl-aa3443fb-1a09-40de-9b9d-4cb3f15163de/datanode-1/data/ratis/4edc844f-36be-4762-9db5-84249ca4062c has been successfully formatted.
2022-05-26 01:45:51,053 [pool-598-thread-1] INFO  ratis.ContainerStateMachine (ContainerStateMachine.java:loadSnapshot(236)) - group-84249CA4062C: The snapshot info is null. Setting the last applied indexto:(t:0, i:~)
2022-05-26 01:45:51,053 [pool-598-thread-1] INFO  server.RaftServerConfigKeys (ConfUtils.java:logGet(46)) - raft.server.notification.no-leader.timeout = 300s (custom)
2022-05-26 01:45:51,053 [pool-598-thread-1] INFO  server.RaftServerConfigKeys (ConfUtils.java:logGet(46)) - raft.server.log.use.memory = false (default)
2022-05-26 01:45:51,053 [EventQueue-PipelineReportForPipelineReportHandler] INFO  pipeline.PipelineManagerImpl (PipelineManagerImpl.java:openPipeline(336)) - Pipeline Pipeline[ Id: 4edc844f-36be-4762-9db5-84249ca4062c, Nodes: bcb35490-9c47-4ca0-b956-34db424624d7{ip: 10.1.0.18, host: fv-az270-854.tacnzluakwdehk1hpragurqkma.bx.internal.cloudapp.net, ports: [REPLICATION=35421, RATIS=44911, RATIS_ADMIN=44911, RATIS_SERVER=44911, STANDALONE=39255], networkLocation: /default-rack, certSerialId: null, persistedOpState: IN_SERVICE, persistedOpStateExpiryEpochSec: 0}, ReplicationConfig: RATIS/ONE, State:ALLOCATED, leaderId:bcb35490-9c47-4ca0-b956-34db424624d7, CreationTimestamp2022-05-26T01:45:48.103Z[Etc/UTC]] moved to OPEN state
2022-05-26 01:45:51,054 [EventQueue-OpenPipelineForHealthyPipelineSafeModeRule] INFO  safemode.SCMSafeModeManager (HealthyPipelineSafeModeRule.java:process(124)) - SCM in safe mode. Healthy pipelines reported count is 0, required healthy pipeline reported count is 1
2022-05-26 01:45:51,060 [pool-598-thread-1] INFO  server.RaftServerConfigKeys (ConfUtils.java:logGet(46)) - raft.server.log.purge.gap = 1000000 (custom)
2022-05-26 01:45:51,065 [pool-598-thread-1] INFO  server.RaftServerConfigKeys (ConfUtils.java:logGet(46)) - raft.server.log.appender.buffer.byte-limit = 33554432 (custom)
2022-05-26 01:45:51,065 [pool-598-thread-1] INFO  server.RaftServerConfigKeys (ConfUtils.java:logGet(46)) - raft.server.log.statemachine.data.read.timeout = 1000ms (default)
2022-05-26 01:45:51,065 [pool-598-thread-1] INFO  server.RaftServerConfigKeys (ConfUtils.java:logGet(46)) - raft.server.log.segment.size.max = 1048576 (custom)
2022-05-26 01:45:51,065 [pool-598-thread-1] INFO  server.RaftServerConfigKeys (ConfUtils.java:logGet(46)) - raft.server.log.segment.cache.num.max = 2 (custom)
2022-05-26 01:45:51,065 [pool-598-thread-1] INFO  server.RaftServerConfigKeys (ConfUtils.java:logGet(46)) - raft.server.log.segment.cache.size.max = 200MB (=209715200) (default)
2022-05-26 01:45:51,065 [pool-598-thread-1] INFO  segmented.SegmentedRaftLogWorker (SegmentedRaftLogWorker.java:<init>(187)) - new bcb35490-9c47-4ca0-b956-34db424624d7@group-84249CA4062C-SegmentedRaftLogWorker for RaftStorageImpl:Storage Directory /home/runner/work/ozone/ozone/hadoop-ozone/integration-test/target/test-dir/MiniOzoneClusterImpl-aa3443fb-1a09-40de-9b9d-4cb3f15163de/datanode-1/data/ratis/4edc844f-36be-4762-9db5-84249ca4062c
2022-05-26 01:45:51,066 [pool-598-thread-1] INFO  server.RaftServerConfigKeys (ConfUtils.java:logGet(46)) - raft.server.log.queue.byte-limit = 4294967296 (custom)
2022-05-26 01:45:51,066 [pool-598-thread-1] INFO  server.RaftServerConfigKeys (ConfUtils.java:logGet(46)) - raft.server.log.queue.element-limit = 1024 (custom)
2022-05-26 01:45:51,066 [pool-598-thread-1] INFO  server.RaftServerConfigKeys (ConfUtils.java:logGet(46)) - raft.server.log.segment.size.max = 1048576 (custom)
2022-05-26 01:45:51,066 [pool-598-thread-1] INFO  server.RaftServerConfigKeys (ConfUtils.java:logGet(46)) - raft.server.log.preallocated.size = 16384 (custom)
2022-05-26 01:45:51,066 [pool-598-thread-1] INFO  server.RaftServerConfigKeys (ConfUtils.java:logGet(46)) - raft.server.log.force.sync.num = 128 (default)
2022-05-26 01:45:51,066 [pool-598-thread-1] INFO  server.RaftServerConfigKeys (ConfUtils.java:logGet(46)) - raft.server.log.statemachine.data.sync = true (default)
2022-05-26 01:45:51,066 [pool-598-thread-1] INFO  server.RaftServerConfigKeys (ConfUtils.java:logGet(46)) - raft.server.log.statemachine.data.sync.timeout = 10s (default)
2022-05-26 01:45:51,066 [pool-598-thread-1] INFO  server.RaftServerConfigKeys (ConfUtils.java:logGet(46)) - raft.server.log.statemachine.data.sync.timeout.retry = -1 (default)
2022-05-26 01:45:51,067 [pool-598-thread-1] INFO  server.RaftServerConfigKeys (ConfUtils.java:logGet(46)) - raft.server.log.write.buffer.size = 1048576 (custom)
2022-05-26 01:45:51,067 [pool-598-thread-1] INFO  server.RaftServerConfigKeys (ConfUtils.java:logGet(46)) - raft.server.log.unsafe-flush.enabled = false (default)
2022-05-26 01:45:51,067 [pool-598-thread-1] INFO  server.RaftServerConfigKeys (ConfUtils.java:logGet(46)) - raft.server.log.statemachine.data.caching.enabled = true (custom)
2022-05-26 01:45:51,067 [pool-598-thread-1] INFO  segmented.SegmentedRaftLogWorker (SegmentedRaftLogWorker.java:lambda$new$0(135)) - bcb35490-9c47-4ca0-b956-34db424624d7@group-84249CA4062C-SegmentedRaftLogWorker: flushIndex: setUnconditionally 0 -> -1
2022-05-26 01:45:51,068 [pool-598-thread-1] INFO  segmented.SegmentedRaftLogWorker (SegmentedRaftLogWorker.java:lambda$new$0(135)) - bcb35490-9c47-4ca0-b956-34db424624d7@group-84249CA4062C-SegmentedRaftLogWorker: safeCacheEvictIndex: setUnconditionally 0 -> -1
2022-05-26 01:45:51,108 [Listener at 127.0.0.1/38069] INFO  ozone.MiniOzoneClusterImpl (MiniOzoneClusterImpl.java:lambda$waitForClusterToBeReady$0(221)) - Nodes are ready. Got 3 of 3 DN Heartbeats.
2022-05-26 01:45:51,109 [Listener at 127.0.0.1/38069] INFO  ozone.MiniOzoneClusterImpl (MiniOzoneClusterImpl.java:lambda$waitForClusterToBeReady$0(224)) - Waiting for cluster to exit safe mode
2022-05-26 01:45:51,109 [Listener at 127.0.0.1/38069] INFO  ozone.MiniOzoneClusterImpl (MiniOzoneClusterImpl.java:lambda$waitForClusterToBeReady$0(226)) - SCM became leader
2022-05-26 01:45:51,112 [pool-598-thread-1] INFO  server.RaftServerConfigKeys (ConfUtils.java:logGet(46)) - raft.server.snapshot.auto.trigger.enabled = true (custom)
2022-05-26 01:45:51,112 [pool-598-thread-1] INFO  server.RaftServerConfigKeys (ConfUtils.java:logGet(46)) - raft.server.snapshot.auto.trigger.threshold = 10000 (custom)
2022-05-26 01:45:51,112 [pool-598-thread-1] INFO  server.RaftServerConfigKeys (ConfUtils.java:logGet(46)) - raft.server.snapshot.retention.file.num = 5 (custom)
2022-05-26 01:45:51,112 [pool-598-thread-1] INFO  server.RaftServerConfigKeys (ConfUtils.java:logGet(46)) - raft.server.log.purge.upto.snapshot.index = false (default)
2022-05-26 01:45:51,112 [pool-598-thread-1] INFO  server.RaftServerConfigKeys (ConfUtils.java:logGet(46)) - raft.server.retrycache.expirytime = 600000ms (custom)
2022-05-26 01:45:51,112 [pool-598-thread-1] INFO  server.RaftServerConfigKeys (ConfUtils.java:logGet(46)) - raft.server.retrycache.statistics.expirytime = 100μs (default)
2022-05-26 01:45:51,113 [pool-598-thread-1] INFO  server.RaftServerConfigKeys (ConfUtils.java:logGet(46)) - raft.server.log.appender.install.snapshot.enabled = false (custom)
2022-05-26 01:45:51,113 [pool-598-thread-1] INFO  server.RaftServerConfigKeys (ConfUtils.java:logGet(46)) - raft.server.threadpool.server.cached = true (default)
2022-05-26 01:45:51,113 [pool-598-thread-1] INFO  server.RaftServerConfigKeys (ConfUtils.java:logGet(46)) - raft.server.threadpool.server.size = 0 (default)
2022-05-26 01:45:51,113 [pool-598-thread-1] INFO  server.RaftServerConfigKeys (ConfUtils.java:logGet(46)) - raft.server.threadpool.client.cached = true (default)
2022-05-26 01:45:51,113 [pool-598-thread-1] INFO  server.RaftServerConfigKeys (ConfUtils.java:logGet(46)) - raft.server.threadpool.client.size = 0 (default)
2022-05-26 01:45:51,114 [pool-598-thread-1] INFO  server.RaftServer$Division (RaftServerImpl.java:start(310)) - bcb35490-9c47-4ca0-b956-34db424624d7@group-84249CA4062C: start as a follower, conf=-1: [bcb35490-9c47-4ca0-b956-34db424624d7|rpc:10.1.0.18:44911|priority:1], old=null
2022-05-26 01:45:51,114 [pool-598-thread-1] INFO  server.RaftServer$Division (RaftServerImpl.java:setRole(299)) - bcb35490-9c47-4ca0-b956-34db424624d7@group-84249CA4062C: changes role from      null to FOLLOWER at term 0 for startAsFollower
2022-05-26 01:45:51,114 [pool-598-thread-1] INFO  impl.RoleInfo (RoleInfo.java:updateAndGet(139)) - bcb35490-9c47-4ca0-b956-34db424624d7: start bcb35490-9c47-4ca0-b956-34db424624d7@group-84249CA4062C-FollowerState
2022-05-26 01:45:51,131 [pool-598-thread-1] INFO  util.JmxRegister (JmxRegister.java:tryRegister(44)) - Successfully registered JMX Bean with object name Ratis:service=RaftServer,group=group-84249CA4062C,id=bcb35490-9c47-4ca0-b956-34db424624d7
2022-05-26 01:45:51,139 [Command processor thread] INFO  ratis.XceiverServerRatis (XceiverServerRatis.java:addGroup(765)) - Created group PipelineID=4edc844f-36be-4762-9db5-84249ca4062c
2022-05-26 01:45:51,139 [Command processor thread] INFO  commandhandler.CreatePipelineCommandHandler (CreatePipelineCommandHandler.java:handle(113)) - Created Pipeline RATIS ONE PipelineID=4edc844f-36be-4762-9db5-84249ca4062c.
2022-05-26 01:45:52,109 [Listener at 127.0.0.1/38069] INFO  ozone.MiniOzoneClusterImpl (MiniOzoneClusterImpl.java:lambda$waitForClusterToBeReady$0(221)) - Nodes are ready. Got 3 of 3 DN Heartbeats.
2022-05-26 01:45:52,109 [Listener at 127.0.0.1/38069] INFO  ozone.MiniOzoneClusterImpl (MiniOzoneClusterImpl.java:lambda$waitForClusterToBeReady$0(224)) - Waiting for cluster to exit safe mode
2022-05-26 01:45:52,109 [Listener at 127.0.0.1/38069] INFO  ozone.MiniOzoneClusterImpl (MiniOzoneClusterImpl.java:lambda$waitForClusterToBeReady$0(226)) - SCM became leader
2022-05-26 01:45:52,137 [Command processor thread] INFO  server.RaftServer (RaftServerProxy.java:addNew(96)) - d7b58387-0038-4812-9582-2122bfcfd866: addNew group-02ACC01F80AA:[d7b58387-0038-4812-9582-2122bfcfd866|rpc:10.1.0.18:40429|priority:1] returns group-02ACC01F80AA:java.util.concurrent.CompletableFuture@371d9421[Not completed]
2022-05-26 01:45:52,137 [pool-620-thread-1] INFO  server.RaftServer$Division (RaftServerImpl.java:<init>(190)) - d7b58387-0038-4812-9582-2122bfcfd866: new RaftServerImpl for group-02ACC01F80AA:[d7b58387-0038-4812-9582-2122bfcfd866|rpc:10.1.0.18:40429|priority:1] with ContainerStateMachine:uninitialized
2022-05-26 01:45:52,138 [pool-620-thread-1] INFO  server.RaftServerConfigKeys (ConfUtils.java:logGet(46)) - raft.server.rpc.timeout.min = 5s (custom)
2022-05-26 01:45:52,138 [pool-620-thread-1] INFO  server.RaftServerConfigKeys (ConfUtils.java:logGet(46)) - raft.server.rpc.timeout.max = 5200ms (custom)
2022-05-26 01:45:52,138 [pool-620-thread-1] INFO  server.RaftServerConfigKeys (ConfUtils.java:logGet(46)) - raft.server.rpc.sleep.time = 25ms (default)
2022-05-26 01:45:52,138 [pool-620-thread-1] INFO  server.RaftServerConfigKeys (ConfUtils.java:logGet(46)) - raft.server.rpc.slowness.timeout = 300s (custom)
2022-05-26 01:45:52,138 [pool-620-thread-1] INFO  server.RaftServerConfigKeys (ConfUtils.java:logGet(46)) - raft.server.leaderelection.leader.step-down.wait-time = 10s (default)
2022-05-26 01:45:52,138 [pool-620-thread-1] INFO  server.RaftServerConfigKeys (ConfUtils.java:logGet(46)) - raft.server.sleep.deviation.threshold = 300ms (default)
2022-05-26 01:45:52,138 [pool-620-thread-1] INFO  server.RaftServer$Division (ServerState.java:<init>(107)) - d7b58387-0038-4812-9582-2122bfcfd866@group-02ACC01F80AA: ConfigurationManager, init=-1: [d7b58387-0038-4812-9582-2122bfcfd866|rpc:10.1.0.18:40429|priority:1], old=null, confs=<EMPTY_MAP>
2022-05-26 01:45:52,138 [pool-620-thread-1] INFO  server.RaftServerConfigKeys (ConfUtils.java:logGet(46)) - raft.server.storage.dir = [/home/runner/work/ozone/ozone/hadoop-ozone/integration-test/target/test-dir/MiniOzoneClusterImpl-aa3443fb-1a09-40de-9b9d-4cb3f15163de/datanode-2/data/ratis] (custom)
2022-05-26 01:45:52,138 [pool-620-thread-1] INFO  server.RaftServerConfigKeys (ConfUtils.java:logGet(46)) - raft.server.log.corruption.policy = EXCEPTION (default)
2022-05-26 01:45:52,138 [pool-620-thread-1] INFO  server.RaftServerConfigKeys (ConfUtils.java:logGet(46)) - raft.server.storage.free-space.min = 0MB (=0) (default)
2022-05-26 01:45:52,138 [pool-620-thread-1] INFO  storage.RaftStorageDirectory (RaftStorageDirectoryImpl.java:analyzeStorage(135)) - The storage directory /home/runner/work/ozone/ozone/hadoop-ozone/integration-test/target/test-dir/MiniOzoneClusterImpl-aa3443fb-1a09-40de-9b9d-4cb3f15163de/datanode-2/data/ratis/1acc4110-4f8a-4672-8610-02acc01f80aa does not exist. Creating ...
2022-05-26 01:45:52,141 [pool-620-thread-1] INFO  storage.RaftStorageDirectory (RaftStorageDirectoryImpl.java:tryLock(230)) - Lock on /home/runner/work/ozone/ozone/hadoop-ozone/integration-test/target/test-dir/MiniOzoneClusterImpl-aa3443fb-1a09-40de-9b9d-4cb3f15163de/datanode-2/data/ratis/1acc4110-4f8a-4672-8610-02acc01f80aa/in_use.lock acquired by nodename 11847@fv-az270-854
2022-05-26 01:45:52,149 [pool-620-thread-1] INFO  storage.RaftStorage (RaftStorageImpl.java:format(89)) - Storage directory /home/runner/work/ozone/ozone/hadoop-ozone/integration-test/target/test-dir/MiniOzoneClusterImpl-aa3443fb-1a09-40de-9b9d-4cb3f15163de/datanode-2/data/ratis/1acc4110-4f8a-4672-8610-02acc01f80aa has been successfully formatted.
2022-05-26 01:45:52,150 [pool-620-thread-1] INFO  ratis.ContainerStateMachine (ContainerStateMachine.java:loadSnapshot(236)) - group-02ACC01F80AA: The snapshot info is null. Setting the last applied indexto:(t:0, i:~)
2022-05-26 01:45:52,150 [pool-620-thread-1] INFO  server.RaftServerConfigKeys (ConfUtils.java:logGet(46)) - raft.server.notification.no-leader.timeout = 300s (custom)
2022-05-26 01:45:52,150 [pool-620-thread-1] INFO  server.RaftServerConfigKeys (ConfUtils.java:logGet(46)) - raft.server.log.use.memory = false (default)
2022-05-26 01:45:52,150 [pool-620-thread-1] INFO  server.RaftServerConfigKeys (ConfUtils.java:logGet(46)) - raft.server.log.purge.gap = 1000000 (custom)
2022-05-26 01:45:52,150 [pool-620-thread-1] INFO  server.RaftServerConfigKeys (ConfUtils.java:logGet(46)) - raft.server.log.appender.buffer.byte-limit = 33554432 (custom)
2022-05-26 01:45:52,150 [pool-620-thread-1] INFO  server.RaftServerConfigKeys (ConfUtils.java:logGet(46)) - raft.server.log.statemachine.data.read.timeout = 1000ms (default)
2022-05-26 01:45:52,150 [pool-620-thread-1] INFO  server.RaftServerConfigKeys (ConfUtils.java:logGet(46)) - raft.server.log.segment.size.max = 1048576 (custom)
2022-05-26 01:45:52,150 [pool-620-thread-1] INFO  server.RaftServerConfigKeys (ConfUtils.java:logGet(46)) - raft.server.log.segment.cache.num.max = 2 (custom)
2022-05-26 01:45:52,150 [pool-620-thread-1] INFO  server.RaftServerConfigKeys (ConfUtils.java:logGet(46)) - raft.server.log.segment.cache.size.max = 200MB (=209715200) (default)
2022-05-26 01:45:52,150 [pool-620-thread-1] INFO  segmented.SegmentedRaftLogWorker (SegmentedRaftLogWorker.java:<init>(187)) - new d7b58387-0038-4812-9582-2122bfcfd866@group-02ACC01F80AA-SegmentedRaftLogWorker for RaftStorageImpl:Storage Directory /home/runner/work/ozone/ozone/hadoop-ozone/integration-test/target/test-dir/MiniOzoneClusterImpl-aa3443fb-1a09-40de-9b9d-4cb3f15163de/datanode-2/data/ratis/1acc4110-4f8a-4672-8610-02acc01f80aa
2022-05-26 01:45:52,151 [pool-620-thread-1] INFO  server.RaftServerConfigKeys (ConfUtils.java:logGet(46)) - raft.server.log.queue.byte-limit = 4294967296 (custom)
2022-05-26 01:45:52,151 [pool-620-thread-1] INFO  server.RaftServerConfigKeys (ConfUtils.java:logGet(46)) - raft.server.log.queue.element-limit = 1024 (custom)
2022-05-26 01:45:52,151 [pool-620-thread-1] INFO  server.RaftServerConfigKeys (ConfUtils.java:logGet(46)) - raft.server.log.segment.size.max = 1048576 (custom)
2022-05-26 01:45:52,151 [pool-620-thread-1] INFO  server.RaftServerConfigKeys (ConfUtils.java:logGet(46)) - raft.server.log.preallocated.size = 16384 (custom)
2022-05-26 01:45:52,151 [pool-620-thread-1] INFO  server.RaftServerConfigKeys (ConfUtils.java:logGet(46)) - raft.server.log.force.sync.num = 128 (default)
2022-05-26 01:45:52,151 [pool-620-thread-1] INFO  server.RaftServerConfigKeys (ConfUtils.java:logGet(46)) - raft.server.log.statemachine.data.sync = true (default)
2022-05-26 01:45:52,151 [pool-620-thread-1] INFO  server.RaftServerConfigKeys (ConfUtils.java:logGet(46)) - raft.server.log.statemachine.data.sync.timeout = 10s (default)
2022-05-26 01:45:52,151 [pool-620-thread-1] INFO  server.RaftServerConfigKeys (ConfUtils.java:logGet(46)) - raft.server.log.statemachine.data.sync.timeout.retry = -1 (default)
2022-05-26 01:45:52,151 [EventQueue-PipelineReportForPipelineReportHandler] INFO  pipeline.PipelineManagerImpl (PipelineManagerImpl.java:openPipeline(336)) - Pipeline Pipeline[ Id: 1acc4110-4f8a-4672-8610-02acc01f80aa, Nodes: d7b58387-0038-4812-9582-2122bfcfd866{ip: 10.1.0.18, host: fv-az270-854.tacnzluakwdehk1hpragurqkma.bx.internal.cloudapp.net, ports: [REPLICATION=46873, RATIS=40429, RATIS_ADMIN=40429, RATIS_SERVER=40429, STANDALONE=44007], networkLocation: /default-rack, certSerialId: null, persistedOpState: IN_SERVICE, persistedOpStateExpiryEpochSec: 0}, ReplicationConfig: RATIS/ONE, State:ALLOCATED, leaderId:d7b58387-0038-4812-9582-2122bfcfd866, CreationTimestamp2022-05-26T01:45:49.174Z[Etc/UTC]] moved to OPEN state
2022-05-26 01:45:52,151 [EventQueue-OpenPipelineForHealthyPipelineSafeModeRule] INFO  safemode.SCMSafeModeManager (HealthyPipelineSafeModeRule.java:process(124)) - SCM in safe mode. Healthy pipelines reported count is 0, required healthy pipeline reported count is 1
2022-05-26 01:45:52,152 [pool-620-thread-1] INFO  server.RaftServerConfigKeys (ConfUtils.java:logGet(46)) - raft.server.log.write.buffer.size = 1048576 (custom)
2022-05-26 01:45:52,157 [pool-620-thread-1] INFO  server.RaftServerConfigKeys (ConfUtils.java:logGet(46)) - raft.server.log.unsafe-flush.enabled = false (default)
2022-05-26 01:45:52,157 [pool-620-thread-1] INFO  server.RaftServerConfigKeys (ConfUtils.java:logGet(46)) - raft.server.log.statemachine.data.caching.enabled = true (custom)
2022-05-26 01:45:52,157 [pool-620-thread-1] INFO  segmented.SegmentedRaftLogWorker (SegmentedRaftLogWorker.java:lambda$new$0(135)) - d7b58387-0038-4812-9582-2122bfcfd866@group-02ACC01F80AA-SegmentedRaftLogWorker: flushIndex: setUnconditionally 0 -> -1
2022-05-26 01:45:52,158 [pool-620-thread-1] INFO  segmented.SegmentedRaftLogWorker (SegmentedRaftLogWorker.java:lambda$new$0(135)) - d7b58387-0038-4812-9582-2122bfcfd866@group-02ACC01F80AA-SegmentedRaftLogWorker: safeCacheEvictIndex: setUnconditionally 0 -> -1
2022-05-26 01:45:52,168 [pool-620-thread-1] INFO  server.RaftServerConfigKeys (ConfUtils.java:logGet(46)) - raft.server.snapshot.auto.trigger.enabled = true (custom)
2022-05-26 01:45:52,168 [pool-620-thread-1] INFO  server.RaftServerConfigKeys (ConfUtils.java:logGet(46)) - raft.server.snapshot.auto.trigger.threshold = 10000 (custom)
2022-05-26 01:45:52,168 [pool-620-thread-1] INFO  server.RaftServerConfigKeys (ConfUtils.java:logGet(46)) - raft.server.snapshot.retention.file.num = 5 (custom)
2022-05-26 01:45:52,168 [pool-620-thread-1] INFO  server.RaftServerConfigKeys (ConfUtils.java:logGet(46)) - raft.server.log.purge.upto.snapshot.index = false (default)
2022-05-26 01:45:52,168 [pool-620-thread-1] INFO  server.RaftServerConfigKeys (ConfUtils.java:logGet(46)) - raft.server.retrycache.expirytime = 600000ms (custom)
2022-05-26 01:45:52,168 [pool-620-thread-1] INFO  server.RaftServerConfigKeys (ConfUtils.java:logGet(46)) - raft.server.retrycache.statistics.expirytime = 100μs (default)
2022-05-26 01:45:52,169 [pool-620-thread-1] INFO  server.RaftServerConfigKeys (ConfUtils.java:logGet(46)) - raft.server.log.appender.install.snapshot.enabled = false (custom)
2022-05-26 01:45:52,169 [pool-620-thread-1] INFO  server.RaftServerConfigKeys (ConfUtils.java:logGet(46)) - raft.server.threadpool.server.cached = true (default)
2022-05-26 01:45:52,169 [pool-620-thread-1] INFO  server.RaftServerConfigKeys (ConfUtils.java:logGet(46)) - raft.server.threadpool.server.size = 0 (default)
2022-05-26 01:45:52,169 [pool-620-thread-1] INFO  server.RaftServerConfigKeys (ConfUtils.java:logGet(46)) - raft.server.threadpool.client.cached = true (default)
2022-05-26 01:45:52,169 [pool-620-thread-1] INFO  server.RaftServerConfigKeys (ConfUtils.java:logGet(46)) - raft.server.threadpool.client.size = 0 (default)
2022-05-26 01:45:52,169 [pool-620-thread-1] INFO  server.RaftServer$Division (RaftServerImpl.java:start(310)) - d7b58387-0038-4812-9582-2122bfcfd866@group-02ACC01F80AA: start as a follower, conf=-1: [d7b58387-0038-4812-9582-2122bfcfd866|rpc:10.1.0.18:40429|priority:1], old=null
2022-05-26 01:45:52,170 [pool-620-thread-1] INFO  server.RaftServer$Division (RaftServerImpl.java:setRole(299)) - d7b58387-0038-4812-9582-2122bfcfd866@group-02ACC01F80AA: changes role from      null to FOLLOWER at term 0 for startAsFollower
2022-05-26 01:45:52,170 [pool-620-thread-1] INFO  impl.RoleInfo (RoleInfo.java:updateAndGet(139)) - d7b58387-0038-4812-9582-2122bfcfd866: start d7b58387-0038-4812-9582-2122bfcfd866@group-02ACC01F80AA-FollowerState
2022-05-26 01:45:52,170 [pool-620-thread-1] INFO  util.JmxRegister (JmxRegister.java:tryRegister(44)) - Successfully registered JMX Bean with object name Ratis:service=RaftServer,group=group-02ACC01F80AA,id=d7b58387-0038-4812-9582-2122bfcfd866
2022-05-26 01:45:52,171 [Command processor thread] INFO  ratis.XceiverServerRatis (XceiverServerRatis.java:addGroup(765)) - Created group PipelineID=1acc4110-4f8a-4672-8610-02acc01f80aa
2022-05-26 01:45:52,171 [Command processor thread] INFO  commandhandler.CreatePipelineCommandHandler (CreatePipelineCommandHandler.java:handle(113)) - Created Pipeline RATIS ONE PipelineID=1acc4110-4f8a-4672-8610-02acc01f80aa.
2022-05-26 01:45:53,112 [Listener at 127.0.0.1/38069] INFO  ozone.MiniOzoneClusterImpl (MiniOzoneClusterImpl.java:lambda$waitForClusterToBeReady$0(221)) - Nodes are ready. Got 3 of 3 DN Heartbeats.
2022-05-26 01:45:53,113 [Listener at 127.0.0.1/38069] INFO  ozone.MiniOzoneClusterImpl (MiniOzoneClusterImpl.java:lambda$waitForClusterToBeReady$0(224)) - Waiting for cluster to exit safe mode
2022-05-26 01:45:53,113 [Listener at 127.0.0.1/38069] INFO  ozone.MiniOzoneClusterImpl (MiniOzoneClusterImpl.java:lambda$waitForClusterToBeReady$0(226)) - SCM became leader
2022-05-26 01:45:54,113 [Listener at 127.0.0.1/38069] INFO  ozone.MiniOzoneClusterImpl (MiniOzoneClusterImpl.java:lambda$waitForClusterToBeReady$0(221)) - Nodes are ready. Got 3 of 3 DN Heartbeats.
2022-05-26 01:45:54,113 [Listener at 127.0.0.1/38069] INFO  ozone.MiniOzoneClusterImpl (MiniOzoneClusterImpl.java:lambda$waitForClusterToBeReady$0(224)) - Waiting for cluster to exit safe mode
2022-05-26 01:45:54,113 [Listener at 127.0.0.1/38069] INFO  ozone.MiniOzoneClusterImpl (MiniOzoneClusterImpl.java:lambda$waitForClusterToBeReady$0(226)) - SCM became leader
2022-05-26 01:45:54,992 [2ddbf39d-335e-406c-b5fb-c9241fde00d0@group-829A3C1757E1-FollowerState] INFO  impl.FollowerState (FollowerState.java:run(143)) - 2ddbf39d-335e-406c-b5fb-c9241fde00d0@group-829A3C1757E1-FollowerState: change to CANDIDATE, lastRpcElapsedTime:5099781401ns, electionTimeout:5093ms
2022-05-26 01:45:54,993 [2ddbf39d-335e-406c-b5fb-c9241fde00d0@group-829A3C1757E1-FollowerState] INFO  impl.RoleInfo (RoleInfo.java:shutdownFollowerState(110)) - 2ddbf39d-335e-406c-b5fb-c9241fde00d0: shutdown 2ddbf39d-335e-406c-b5fb-c9241fde00d0@group-829A3C1757E1-FollowerState
2022-05-26 01:45:54,993 [2ddbf39d-335e-406c-b5fb-c9241fde00d0@group-829A3C1757E1-FollowerState] INFO  server.RaftServer$Division (RaftServerImpl.java:setRole(299)) - 2ddbf39d-335e-406c-b5fb-c9241fde00d0@group-829A3C1757E1: changes role from  FOLLOWER to CANDIDATE at term 0 for changeToCandidate
2022-05-26 01:45:54,993 [2ddbf39d-335e-406c-b5fb-c9241fde00d0@group-829A3C1757E1-FollowerState] INFO  server.RaftServerConfigKeys (ConfUtils.java:logGet(46)) - raft.server.leaderelection.pre-vote = false (custom)
2022-05-26 01:45:54,993 [2ddbf39d-335e-406c-b5fb-c9241fde00d0@group-829A3C1757E1-FollowerState] INFO  impl.RoleInfo (RoleInfo.java:updateAndGet(139)) - 2ddbf39d-335e-406c-b5fb-c9241fde00d0: start 2ddbf39d-335e-406c-b5fb-c9241fde00d0@group-829A3C1757E1-LeaderElection57
2022-05-26 01:45:55,064 [2ddbf39d-335e-406c-b5fb-c9241fde00d0@group-829A3C1757E1-LeaderElection57] INFO  impl.LeaderElection (LeaderElection.java:askForVotes(310)) - 2ddbf39d-335e-406c-b5fb-c9241fde00d0@group-829A3C1757E1-LeaderElection57 ELECTION round 0: submit vote requests at term 1 for -1: [2ddbf39d-335e-406c-b5fb-c9241fde00d0|rpc:10.1.0.18:44127|priority:1], old=null
2022-05-26 01:45:55,064 [2ddbf39d-335e-406c-b5fb-c9241fde00d0@group-829A3C1757E1-LeaderElection57] INFO  impl.LeaderElection (LeaderElection.java:askForVotes(312)) - 2ddbf39d-335e-406c-b5fb-c9241fde00d0@group-829A3C1757E1-LeaderElection57 ELECTION round 0: result PASSED (term=1)
2022-05-26 01:45:55,064 [2ddbf39d-335e-406c-b5fb-c9241fde00d0@group-829A3C1757E1-LeaderElection57] INFO  impl.RoleInfo (RoleInfo.java:shutdownLeaderElection(130)) - 2ddbf39d-335e-406c-b5fb-c9241fde00d0: shutdown 2ddbf39d-335e-406c-b5fb-c9241fde00d0@group-829A3C1757E1-LeaderElection57
2022-05-26 01:45:55,064 [2ddbf39d-335e-406c-b5fb-c9241fde00d0@group-829A3C1757E1-LeaderElection57] INFO  server.RaftServer$Division (RaftServerImpl.java:setRole(299)) - 2ddbf39d-335e-406c-b5fb-c9241fde00d0@group-829A3C1757E1: changes role from CANDIDATE to LEADER at term 1 for changeToLeader
2022-05-26 01:45:55,064 [2ddbf39d-335e-406c-b5fb-c9241fde00d0@group-829A3C1757E1-LeaderElection57] INFO  ratis.XceiverServerRatis (XceiverServerRatis.java:handleLeaderChangedNotification(863)) - Leader change notification received for group: group-829A3C1757E1 with new leaderId: 2ddbf39d-335e-406c-b5fb-c9241fde00d0
2022-05-26 01:45:55,065 [2ddbf39d-335e-406c-b5fb-c9241fde00d0@group-829A3C1757E1-LeaderElection57] INFO  server.RaftServer$Division (ServerState.java:setLeader(287)) - 2ddbf39d-335e-406c-b5fb-c9241fde00d0@group-829A3C1757E1: change Leader from null to 2ddbf39d-335e-406c-b5fb-c9241fde00d0 at term 1 for becomeLeader, leader elected after 5200ms
2022-05-26 01:45:55,065 [2ddbf39d-335e-406c-b5fb-c9241fde00d0@group-829A3C1757E1-LeaderElection57] INFO  server.RaftServerConfigKeys (ConfUtils.java:logGet(46)) - raft.server.staging.catchup.gap = 1000 (default)
2022-05-26 01:45:55,065 [2ddbf39d-335e-406c-b5fb-c9241fde00d0@group-829A3C1757E1-LeaderElection57] INFO  server.RaftServerConfigKeys (ConfUtils.java:logGet(46)) - raft.server.write.element-limit = 1024 (custom)
2022-05-26 01:45:55,065 [2ddbf39d-335e-406c-b5fb-c9241fde00d0@group-829A3C1757E1-LeaderElection57] INFO  server.RaftServerConfigKeys (ConfUtils.java:logGet(46)) - raft.server.write.byte-limit = 1024 M (=1073741824) (custom)
2022-05-26 01:45:55,065 [2ddbf39d-335e-406c-b5fb-c9241fde00d0@group-829A3C1757E1-LeaderElection57] INFO  server.RaftServerConfigKeys (ConfUtils.java:logGet(46)) - raft.server.watch.timeout = 180s (custom)
2022-05-26 01:45:55,065 [2ddbf39d-335e-406c-b5fb-c9241fde00d0@group-829A3C1757E1-LeaderElection57] INFO  server.RaftServerConfigKeys (ConfUtils.java:logGet(46)) - raft.server.watch.timeout.denomination = 1s (default)
2022-05-26 01:45:55,065 [2ddbf39d-335e-406c-b5fb-c9241fde00d0@group-829A3C1757E1-LeaderElection57] INFO  server.RaftServerConfigKeys (ConfUtils.java:logGet(46)) - raft.server.watch.element-limit = 65536 (default)
2022-05-26 01:45:55,065 [2ddbf39d-335e-406c-b5fb-c9241fde00d0@group-829A3C1757E1-LeaderElection57] INFO  server.RaftServerConfigKeys (ConfUtils.java:logGet(46)) - raft.server.write.element-limit = 1024 (custom)
2022-05-26 01:45:55,065 [2ddbf39d-335e-406c-b5fb-c9241fde00d0@group-829A3C1757E1-LeaderElection57] INFO  server.RaftServerConfigKeys (ConfUtils.java:logGet(46)) - raft.server.write.follower.gap.ratio.max = -1.0 (default)
2022-05-26 01:45:55,065 [2ddbf39d-335e-406c-b5fb-c9241fde00d0@group-829A3C1757E1-LeaderElection57] INFO  impl.RoleInfo (RoleInfo.java:updateAndGet(139)) - 2ddbf39d-335e-406c-b5fb-c9241fde00d0: start 2ddbf39d-335e-406c-b5fb-c9241fde00d0@group-829A3C1757E1-LeaderStateImpl
2022-05-26 01:45:55,066 [2ddbf39d-335e-406c-b5fb-c9241fde00d0@group-829A3C1757E1-LeaderElection57] INFO  segmented.SegmentedRaftLogWorker (SegmentedRaftLogWorker.java:startLogSegment(425)) - 2ddbf39d-335e-406c-b5fb-c9241fde00d0@group-829A3C1757E1-SegmentedRaftLogWorker: Starting segment from index:0
2022-05-26 01:45:55,069 [2ddbf39d-335e-406c-b5fb-c9241fde00d0@group-829A3C1757E1-SegmentedRaftLogWorker] INFO  segmented.SegmentedRaftLogWorker (SegmentedRaftLogWorker.java:execute(629)) - 2ddbf39d-335e-406c-b5fb-c9241fde00d0@group-829A3C1757E1-SegmentedRaftLogWorker: created new log segment /home/runner/work/ozone/ozone/hadoop-ozone/integration-test/target/test-dir/MiniOzoneClusterImpl-aa3443fb-1a09-40de-9b9d-4cb3f15163de/datanode-0/data/ratis/5cd1ae9d-73ed-48d9-8c71-829a3c1757e1/current/log_inprogress_0
2022-05-26 01:45:55,100 [EventQueue-OpenPipelineForHealthyPipelineSafeModeRule] INFO  safemode.SCMSafeModeManager (HealthyPipelineSafeModeRule.java:process(124)) - SCM in safe mode. Healthy pipelines reported count is 0, required healthy pipeline reported count is 1
2022-05-26 01:45:55,101 [2ddbf39d-335e-406c-b5fb-c9241fde00d0@group-829A3C1757E1-LeaderElection57] INFO  server.RaftServer$Division (ServerState.java:setRaftConf(393)) - 2ddbf39d-335e-406c-b5fb-c9241fde00d0@group-829A3C1757E1: set configuration 0: [2ddbf39d-335e-406c-b5fb-c9241fde00d0|rpc:10.1.0.18:44127|dataStream:|priority:1], old=null
2022-05-26 01:45:55,113 [Listener at 127.0.0.1/38069] INFO  ozone.MiniOzoneClusterImpl (MiniOzoneClusterImpl.java:lambda$waitForClusterToBeReady$0(221)) - Nodes are ready. Got 3 of 3 DN Heartbeats.
2022-05-26 01:45:55,114 [Listener at 127.0.0.1/38069] INFO  ozone.MiniOzoneClusterImpl (MiniOzoneClusterImpl.java:lambda$waitForClusterToBeReady$0(224)) - Waiting for cluster to exit safe mode
2022-05-26 01:45:55,114 [Listener at 127.0.0.1/38069] INFO  ozone.MiniOzoneClusterImpl (MiniOzoneClusterImpl.java:lambda$waitForClusterToBeReady$0(226)) - SCM became leader
2022-05-26 01:45:55,164 [2ddbf39d-335e-406c-b5fb-c9241fde00d0@group-CF5BB0E4E03B-FollowerState] INFO  impl.FollowerState (FollowerState.java:run(143)) - 2ddbf39d-335e-406c-b5fb-c9241fde00d0@group-CF5BB0E4E03B-FollowerState: change to CANDIDATE, lastRpcElapsedTime:5161981382ns, electionTimeout:5144ms
2022-05-26 01:45:55,164 [2ddbf39d-335e-406c-b5fb-c9241fde00d0@group-CF5BB0E4E03B-FollowerState] INFO  impl.RoleInfo (RoleInfo.java:shutdownFollowerState(110)) - 2ddbf39d-335e-406c-b5fb-c9241fde00d0: shutdown 2ddbf39d-335e-406c-b5fb-c9241fde00d0@group-CF5BB0E4E03B-FollowerState
2022-05-26 01:45:55,164 [2ddbf39d-335e-406c-b5fb-c9241fde00d0@group-CF5BB0E4E03B-FollowerState] INFO  server.RaftServer$Division (RaftServerImpl.java:setRole(299)) - 2ddbf39d-335e-406c-b5fb-c9241fde00d0@group-CF5BB0E4E03B: changes role from  FOLLOWER to CANDIDATE at term 0 for changeToCandidate
2022-05-26 01:45:55,164 [2ddbf39d-335e-406c-b5fb-c9241fde00d0@group-CF5BB0E4E03B-FollowerState] INFO  server.RaftServerConfigKeys (ConfUtils.java:logGet(46)) - raft.server.leaderelection.pre-vote = false (custom)
2022-05-26 01:45:55,164 [2ddbf39d-335e-406c-b5fb-c9241fde00d0@group-CF5BB0E4E03B-FollowerState] INFO  impl.RoleInfo (RoleInfo.java:updateAndGet(139)) - 2ddbf39d-335e-406c-b5fb-c9241fde00d0: start 2ddbf39d-335e-406c-b5fb-c9241fde00d0@group-CF5BB0E4E03B-LeaderElection58
2022-05-26 01:45:55,207 [2ddbf39d-335e-406c-b5fb-c9241fde00d0@group-CF5BB0E4E03B-LeaderElection58] INFO  impl.LeaderElection (LeaderElection.java:askForVotes(310)) - 2ddbf39d-335e-406c-b5fb-c9241fde00d0@group-CF5BB0E4E03B-LeaderElection58 ELECTION round 0: submit vote requests at term 1 for -1: [bcb35490-9c47-4ca0-b956-34db424624d7|rpc:10.1.0.18:44911|priority:0, 2ddbf39d-335e-406c-b5fb-c9241fde00d0|rpc:10.1.0.18:44127|priority:0, d7b58387-0038-4812-9582-2122bfcfd866|rpc:10.1.0.18:40429|priority:1], old=null
2022-05-26 01:45:55,280 [grpc-default-executor-0] INFO  server.RaftServer$Division (RaftServerImpl.java:requestVote(1152)) - bcb35490-9c47-4ca0-b956-34db424624d7@group-CF5BB0E4E03B: receive requestVote(ELECTION, 2ddbf39d-335e-406c-b5fb-c9241fde00d0, group-CF5BB0E4E03B, 1, (t:0, i:0))
2022-05-26 01:45:55,280 [grpc-default-executor-0] INFO  impl.VoteContext (VoteContext.java:log(48)) - bcb35490-9c47-4ca0-b956-34db424624d7@group-CF5BB0E4E03B-FOLLOWER: accept ELECTION from 2ddbf39d-335e-406c-b5fb-c9241fde00d0: our priority 0 <= candidate's priority 0
2022-05-26 01:45:55,280 [grpc-default-executor-0] INFO  server.RaftServer$Division (RaftServerImpl.java:setRole(299)) - bcb35490-9c47-4ca0-b956-34db424624d7@group-CF5BB0E4E03B: changes role from  FOLLOWER to FOLLOWER at term 1 for candidate:2ddbf39d-335e-406c-b5fb-c9241fde00d0
2022-05-26 01:45:55,280 [grpc-default-executor-0] INFO  impl.RoleInfo (RoleInfo.java:shutdownFollowerState(110)) - bcb35490-9c47-4ca0-b956-34db424624d7: shutdown bcb35490-9c47-4ca0-b956-34db424624d7@group-CF5BB0E4E03B-FollowerState
2022-05-26 01:45:55,280 [grpc-default-executor-0] INFO  impl.RoleInfo (RoleInfo.java:updateAndGet(139)) - bcb35490-9c47-4ca0-b956-34db424624d7: start bcb35490-9c47-4ca0-b956-34db424624d7@group-CF5BB0E4E03B-FollowerState
2022-05-26 01:45:55,280 [bcb35490-9c47-4ca0-b956-34db424624d7@group-CF5BB0E4E03B-FollowerState] INFO  impl.FollowerState (FollowerState.java:run(152)) - bcb35490-9c47-4ca0-b956-34db424624d7@group-CF5BB0E4E03B-FollowerState was interrupted
2022-05-26 01:45:55,282 [grpc-default-executor-0] INFO  server.RaftServer$Division (RaftServerImpl.java:requestVote(1184)) - bcb35490-9c47-4ca0-b956-34db424624d7@group-CF5BB0E4E03B replies to ELECTION vote request: 2ddbf39d-335e-406c-b5fb-c9241fde00d0<-bcb35490-9c47-4ca0-b956-34db424624d7#0:OK-t1. Peer's state: bcb35490-9c47-4ca0-b956-34db424624d7@group-CF5BB0E4E03B:t1, leader=null, voted=2ddbf39d-335e-406c-b5fb-c9241fde00d0, raftlog=bcb35490-9c47-4ca0-b956-34db424624d7@group-CF5BB0E4E03B-SegmentedRaftLog:OPENED:c-1, conf=-1: [bcb35490-9c47-4ca0-b956-34db424624d7|rpc:10.1.0.18:44911|dataStream:|priority:0, 2ddbf39d-335e-406c-b5fb-c9241fde00d0|rpc:10.1.0.18:44127|dataStream:|priority:0, d7b58387-0038-4812-9582-2122bfcfd866|rpc:10.1.0.18:40429|dataStream:|priority:1], old=null
2022-05-26 01:45:55,354 [grpc-default-executor-1] INFO  server.RaftServer$Division (RaftServerImpl.java:requestVote(1152)) - d7b58387-0038-4812-9582-2122bfcfd866@group-CF5BB0E4E03B: receive requestVote(ELECTION, 2ddbf39d-335e-406c-b5fb-c9241fde00d0, group-CF5BB0E4E03B, 1, (t:0, i:0))
2022-05-26 01:45:55,354 [grpc-default-executor-1] INFO  impl.VoteContext (VoteContext.java:log(48)) - d7b58387-0038-4812-9582-2122bfcfd866@group-CF5BB0E4E03B-FOLLOWER: reject ELECTION from 2ddbf39d-335e-406c-b5fb-c9241fde00d0: our priority 1 > candidate's priority 0
2022-05-26 01:45:55,354 [grpc-default-executor-1] INFO  server.RaftServer$Division (RaftServerImpl.java:setRole(299)) - d7b58387-0038-4812-9582-2122bfcfd866@group-CF5BB0E4E03B: changes role from  FOLLOWER to FOLLOWER at term 1 for candidate:2ddbf39d-335e-406c-b5fb-c9241fde00d0
2022-05-26 01:45:55,354 [grpc-default-executor-1] INFO  impl.RoleInfo (RoleInfo.java:shutdownFollowerState(110)) - d7b58387-0038-4812-9582-2122bfcfd866: shutdown d7b58387-0038-4812-9582-2122bfcfd866@group-CF5BB0E4E03B-FollowerState
2022-05-26 01:45:55,354 [grpc-default-executor-1] INFO  impl.RoleInfo (RoleInfo.java:updateAndGet(139)) - d7b58387-0038-4812-9582-2122bfcfd866: start d7b58387-0038-4812-9582-2122bfcfd866@group-CF5BB0E4E03B-FollowerState
2022-05-26 01:45:55,354 [d7b58387-0038-4812-9582-2122bfcfd866@group-CF5BB0E4E03B-FollowerState] INFO  impl.FollowerState (FollowerState.java:run(152)) - d7b58387-0038-4812-9582-2122bfcfd866@group-CF5BB0E4E03B-FollowerState was interrupted
2022-05-26 01:45:55,405 [grpc-default-executor-1] INFO  server.RaftServer$Division (RaftServerImpl.java:requestVote(1184)) - d7b58387-0038-4812-9582-2122bfcfd866@group-CF5BB0E4E03B replies to ELECTION vote request: 2ddbf39d-335e-406c-b5fb-c9241fde00d0<-d7b58387-0038-4812-9582-2122bfcfd866#0:FAIL-t1. Peer's state: d7b58387-0038-4812-9582-2122bfcfd866@group-CF5BB0E4E03B:t1, leader=null, voted=null, raftlog=d7b58387-0038-4812-9582-2122bfcfd866@group-CF5BB0E4E03B-SegmentedRaftLog:OPENED:c-1, conf=-1: [bcb35490-9c47-4ca0-b956-34db424624d7|rpc:10.1.0.18:44911|dataStream:|priority:0, 2ddbf39d-335e-406c-b5fb-c9241fde00d0|rpc:10.1.0.18:44127|dataStream:|priority:0, d7b58387-0038-4812-9582-2122bfcfd866|rpc:10.1.0.18:40429|dataStream:|priority:1], old=null
2022-05-26 01:45:55,412 [2ddbf39d-335e-406c-b5fb-c9241fde00d0@group-CF5BB0E4E03B-LeaderElection58] INFO  impl.LeaderElection (LeaderElection.java:logAndReturn(90)) - 2ddbf39d-335e-406c-b5fb-c9241fde00d0@group-CF5BB0E4E03B-LeaderElection58: ELECTION REJECTED received 2 response(s) and 0 exception(s):
2022-05-26 01:45:55,412 [2ddbf39d-335e-406c-b5fb-c9241fde00d0@group-CF5BB0E4E03B-LeaderElection58] INFO  impl.LeaderElection (LeaderElection.java:logAndReturn(94)) -   Response 0: 2ddbf39d-335e-406c-b5fb-c9241fde00d0<-bcb35490-9c47-4ca0-b956-34db424624d7#0:OK-t1
2022-05-26 01:45:55,412 [2ddbf39d-335e-406c-b5fb-c9241fde00d0@group-CF5BB0E4E03B-LeaderElection58] INFO  impl.LeaderElection (LeaderElection.java:logAndReturn(94)) -   Response 1: 2ddbf39d-335e-406c-b5fb-c9241fde00d0<-d7b58387-0038-4812-9582-2122bfcfd866#0:FAIL-t1
2022-05-26 01:45:55,413 [2ddbf39d-335e-406c-b5fb-c9241fde00d0@group-CF5BB0E4E03B-LeaderElection58] INFO  impl.LeaderElection (LeaderElection.java:askForVotes(312)) - 2ddbf39d-335e-406c-b5fb-c9241fde00d0@group-CF5BB0E4E03B-LeaderElection58 ELECTION round 0: result REJECTED
2022-05-26 01:45:55,413 [2ddbf39d-335e-406c-b5fb-c9241fde00d0@group-CF5BB0E4E03B-LeaderElection58] INFO  server.RaftServer$Division (RaftServerImpl.java:setRole(299)) - 2ddbf39d-335e-406c-b5fb-c9241fde00d0@group-CF5BB0E4E03B: changes role from CANDIDATE to FOLLOWER at term 1 for REJECTED
2022-05-26 01:45:55,413 [2ddbf39d-335e-406c-b5fb-c9241fde00d0@group-CF5BB0E4E03B-LeaderElection58] INFO  impl.RoleInfo (RoleInfo.java:shutdownLeaderElection(130)) - 2ddbf39d-335e-406c-b5fb-c9241fde00d0: shutdown 2ddbf39d-335e-406c-b5fb-c9241fde00d0@group-CF5BB0E4E03B-LeaderElection58
2022-05-26 01:45:55,413 [2ddbf39d-335e-406c-b5fb-c9241fde00d0@group-CF5BB0E4E03B-LeaderElection58] INFO  impl.RoleInfo (RoleInfo.java:updateAndGet(139)) - 2ddbf39d-335e-406c-b5fb-c9241fde00d0: start 2ddbf39d-335e-406c-b5fb-c9241fde00d0@group-CF5BB0E4E03B-FollowerState
2022-05-26 01:45:55,673 [2ddbf39d-335e-406c-b5fb-c9241fde00d0@group-CC35161E154E-FollowerState] INFO  impl.FollowerState (FollowerState.java:run(143)) - 2ddbf39d-335e-406c-b5fb-c9241fde00d0@group-CC35161E154E-FollowerState: change to CANDIDATE, lastRpcElapsedTime:5118873167ns, electionTimeout:5102ms
2022-05-26 01:45:55,674 [2ddbf39d-335e-406c-b5fb-c9241fde00d0@group-CC35161E154E-FollowerState] INFO  impl.RoleInfo (RoleInfo.java:shutdownFollowerState(110)) - 2ddbf39d-335e-406c-b5fb-c9241fde00d0: shutdown 2ddbf39d-335e-406c-b5fb-c9241fde00d0@group-CC35161E154E-FollowerState
2022-05-26 01:45:55,674 [2ddbf39d-335e-406c-b5fb-c9241fde00d0@group-CC35161E154E-FollowerState] INFO  server.RaftServer$Division (RaftServerImpl.java:setRole(299)) - 2ddbf39d-335e-406c-b5fb-c9241fde00d0@group-CC35161E154E: changes role from  FOLLOWER to CANDIDATE at term 0 for changeToCandidate
2022-05-26 01:45:55,674 [2ddbf39d-335e-406c-b5fb-c9241fde00d0@group-CC35161E154E-FollowerState] INFO  server.RaftServerConfigKeys (ConfUtils.java:logGet(46)) - raft.server.leaderelection.pre-vote = false (custom)
2022-05-26 01:45:55,674 [2ddbf39d-335e-406c-b5fb-c9241fde00d0@group-CC35161E154E-FollowerState] INFO  impl.RoleInfo (RoleInfo.java:updateAndGet(139)) - 2ddbf39d-335e-406c-b5fb-c9241fde00d0: start 2ddbf39d-335e-406c-b5fb-c9241fde00d0@group-CC35161E154E-LeaderElection59
2022-05-26 01:45:55,688 [d7b58387-0038-4812-9582-2122bfcfd866@group-CC35161E154E-FollowerState] INFO  impl.FollowerState (FollowerState.java:run(143)) - d7b58387-0038-4812-9582-2122bfcfd866@group-CC35161E154E-FollowerState: change to CANDIDATE, lastRpcElapsedTime:5041846273ns, electionTimeout:5017ms
2022-05-26 01:45:55,688 [d7b58387-0038-4812-9582-2122bfcfd866@group-CC35161E154E-FollowerState] INFO  impl.RoleInfo (RoleInfo.java:shutdownFollowerState(110)) - d7b58387-0038-4812-9582-2122bfcfd866: shutdown d7b58387-0038-4812-9582-2122bfcfd866@group-CC35161E154E-FollowerState
2022-05-26 01:45:55,688 [d7b58387-0038-4812-9582-2122bfcfd866@group-CC35161E154E-FollowerState] INFO  server.RaftServer$Division (RaftServerImpl.java:setRole(299)) - d7b58387-0038-4812-9582-2122bfcfd866@group-CC35161E154E: changes role from  FOLLOWER to CANDIDATE at term 0 for changeToCandidate
2022-05-26 01:45:55,688 [d7b58387-0038-4812-9582-2122bfcfd866@group-CC35161E154E-FollowerState] INFO  server.RaftServerConfigKeys (ConfUtils.java:logGet(46)) - raft.server.leaderelection.pre-vote = false (custom)
2022-05-26 01:45:55,688 [d7b58387-0038-4812-9582-2122bfcfd866@group-CC35161E154E-FollowerState] INFO  impl.RoleInfo (RoleInfo.java:updateAndGet(139)) - d7b58387-0038-4812-9582-2122bfcfd866: start d7b58387-0038-4812-9582-2122bfcfd866@group-CC35161E154E-LeaderElection60
2022-05-26 01:45:55,754 [2ddbf39d-335e-406c-b5fb-c9241fde00d0@group-CC35161E154E-LeaderElection59] INFO  impl.LeaderElection (LeaderElection.java:askForVotes(310)) - 2ddbf39d-335e-406c-b5fb-c9241fde00d0@group-CC35161E154E-LeaderElection59 ELECTION round 0: submit vote requests at term 1 for -1: [bcb35490-9c47-4ca0-b956-34db424624d7|rpc:10.1.0.18:44911|priority:0, 2ddbf39d-335e-406c-b5fb-c9241fde00d0|rpc:10.1.0.18:44127|priority:1, d7b58387-0038-4812-9582-2122bfcfd866|rpc:10.1.0.18:40429|priority:0], old=null
2022-05-26 01:45:55,785 [grpc-default-executor-1] INFO  server.RaftServer$Division (RaftServerImpl.java:requestVote(1152)) - bcb35490-9c47-4ca0-b956-34db424624d7@group-CC35161E154E: receive requestVote(ELECTION, 2ddbf39d-335e-406c-b5fb-c9241fde00d0, group-CC35161E154E, 1, (t:0, i:0))
2022-05-26 01:45:55,785 [grpc-default-executor-1] INFO  impl.VoteContext (VoteContext.java:log(48)) - bcb35490-9c47-4ca0-b956-34db424624d7@group-CC35161E154E-FOLLOWER: accept ELECTION from 2ddbf39d-335e-406c-b5fb-c9241fde00d0: our priority 0 <= candidate's priority 1
2022-05-26 01:45:55,785 [grpc-default-executor-1] INFO  server.RaftServer$Division (RaftServerImpl.java:setRole(299)) - bcb35490-9c47-4ca0-b956-34db424624d7@group-CC35161E154E: changes role from  FOLLOWER to FOLLOWER at term 1 for candidate:2ddbf39d-335e-406c-b5fb-c9241fde00d0
2022-05-26 01:45:55,785 [grpc-default-executor-1] INFO  impl.RoleInfo (RoleInfo.java:shutdownFollowerState(110)) - bcb35490-9c47-4ca0-b956-34db424624d7: shutdown bcb35490-9c47-4ca0-b956-34db424624d7@group-CC35161E154E-FollowerState
2022-05-26 01:45:55,785 [grpc-default-executor-1] INFO  impl.RoleInfo (RoleInfo.java:updateAndGet(139)) - bcb35490-9c47-4ca0-b956-34db424624d7: start bcb35490-9c47-4ca0-b956-34db424624d7@group-CC35161E154E-FollowerState
2022-05-26 01:45:55,785 [bcb35490-9c47-4ca0-b956-34db424624d7@group-CC35161E154E-FollowerState] INFO  impl.FollowerState (FollowerState.java:run(152)) - bcb35490-9c47-4ca0-b956-34db424624d7@group-CC35161E154E-FollowerState was interrupted
2022-05-26 01:45:55,786 [d7b58387-0038-4812-9582-2122bfcfd866@group-CC35161E154E-LeaderElection60] INFO  impl.LeaderElection (LeaderElection.java:askForVotes(310)) - d7b58387-0038-4812-9582-2122bfcfd866@group-CC35161E154E-LeaderElection60 ELECTION round 0: submit vote requests at term 1 for -1: [bcb35490-9c47-4ca0-b956-34db424624d7|rpc:10.1.0.18:44911|dataStream:|priority:0, 2ddbf39d-335e-406c-b5fb-c9241fde00d0|rpc:10.1.0.18:44127|dataStream:|priority:1, d7b58387-0038-4812-9582-2122bfcfd866|rpc:10.1.0.18:40429|dataStream:|priority:0], old=null
2022-05-26 01:45:55,795 [grpc-default-executor-1] INFO  server.RaftServer$Division (RaftServerImpl.java:requestVote(1184)) - bcb35490-9c47-4ca0-b956-34db424624d7@group-CC35161E154E replies to ELECTION vote request: 2ddbf39d-335e-406c-b5fb-c9241fde00d0<-bcb35490-9c47-4ca0-b956-34db424624d7#0:OK-t1. Peer's state: bcb35490-9c47-4ca0-b956-34db424624d7@group-CC35161E154E:t1, leader=null, voted=2ddbf39d-335e-406c-b5fb-c9241fde00d0, raftlog=bcb35490-9c47-4ca0-b956-34db424624d7@group-CC35161E154E-SegmentedRaftLog:OPENED:c-1, conf=-1: [bcb35490-9c47-4ca0-b956-34db424624d7|rpc:10.1.0.18:44911|dataStream:|priority:0, 2ddbf39d-335e-406c-b5fb-c9241fde00d0|rpc:10.1.0.18:44127|dataStream:|priority:1, d7b58387-0038-4812-9582-2122bfcfd866|rpc:10.1.0.18:40429|dataStream:|priority:0], old=null
2022-05-26 01:45:55,799 [2ddbf39d-335e-406c-b5fb-c9241fde00d0@group-CC35161E154E-LeaderElection59] INFO  impl.LeaderElection (LeaderElection.java:logAndReturn(90)) - 2ddbf39d-335e-406c-b5fb-c9241fde00d0@group-CC35161E154E-LeaderElection59: ELECTION PASSED received 1 response(s) and 0 exception(s):
2022-05-26 01:45:55,837 [2ddbf39d-335e-406c-b5fb-c9241fde00d0@group-CC35161E154E-LeaderElection59] INFO  impl.LeaderElection (LeaderElection.java:logAndReturn(94)) -   Response 0: 2ddbf39d-335e-406c-b5fb-c9241fde00d0<-bcb35490-9c47-4ca0-b956-34db424624d7#0:OK-t1
2022-05-26 01:45:55,837 [2ddbf39d-335e-406c-b5fb-c9241fde00d0@group-CC35161E154E-LeaderElection59] INFO  impl.LeaderElection (LeaderElection.java:askForVotes(312)) - 2ddbf39d-335e-406c-b5fb-c9241fde00d0@group-CC35161E154E-LeaderElection59 ELECTION round 0: result PASSED
2022-05-26 01:45:55,837 [2ddbf39d-335e-406c-b5fb-c9241fde00d0@group-CC35161E154E-LeaderElection59] INFO  impl.RoleInfo (RoleInfo.java:shutdownLeaderElection(130)) - 2ddbf39d-335e-406c-b5fb-c9241fde00d0: shutdown 2ddbf39d-335e-406c-b5fb-c9241fde00d0@group-CC35161E154E-LeaderElection59
2022-05-26 01:45:55,837 [2ddbf39d-335e-406c-b5fb-c9241fde00d0@group-CC35161E154E-LeaderElection59] INFO  server.RaftServer$Division (RaftServerImpl.java:setRole(299)) - 2ddbf39d-335e-406c-b5fb-c9241fde00d0@group-CC35161E154E: changes role from CANDIDATE to LEADER at term 1 for changeToLeader
2022-05-26 01:45:55,837 [2ddbf39d-335e-406c-b5fb-c9241fde00d0@group-CC35161E154E-LeaderElection59] INFO  ratis.XceiverServerRatis (XceiverServerRatis.java:handleLeaderChangedNotification(863)) - Leader change notification received for group: group-CC35161E154E with new leaderId: 2ddbf39d-335e-406c-b5fb-c9241fde00d0
2022-05-26 01:45:55,837 [2ddbf39d-335e-406c-b5fb-c9241fde00d0@group-CC35161E154E-LeaderElection59] INFO  server.RaftServer$Division (ServerState.java:setLeader(287)) - 2ddbf39d-335e-406c-b5fb-c9241fde00d0@group-CC35161E154E: change Leader from null to 2ddbf39d-335e-406c-b5fb-c9241fde00d0 at term 1 for becomeLeader, leader elected after 5308ms
2022-05-26 01:45:55,837 [2ddbf39d-335e-406c-b5fb-c9241fde00d0@group-CC35161E154E-LeaderElection59] INFO  server.RaftServerConfigKeys (ConfUtils.java:logGet(46)) - raft.server.staging.catchup.gap = 1000 (default)
2022-05-26 01:45:55,837 [2ddbf39d-335e-406c-b5fb-c9241fde00d0@group-CC35161E154E-LeaderElection59] INFO  server.RaftServerConfigKeys (ConfUtils.java:logGet(46)) - raft.server.write.element-limit = 1024 (custom)
2022-05-26 01:45:55,837 [2ddbf39d-335e-406c-b5fb-c9241fde00d0@group-CC35161E154E-LeaderElection59] INFO  server.RaftServerConfigKeys (ConfUtils.java:logGet(46)) - raft.server.write.byte-limit = 1024 M (=1073741824) (custom)
2022-05-26 01:45:55,838 [2ddbf39d-335e-406c-b5fb-c9241fde00d0@group-CC35161E154E-LeaderElection59] INFO  server.RaftServerConfigKeys (ConfUtils.java:logGet(46)) - raft.server.watch.timeout = 180s (custom)
2022-05-26 01:45:55,838 [2ddbf39d-335e-406c-b5fb-c9241fde00d0@group-CC35161E154E-LeaderElection59] INFO  server.RaftServerConfigKeys (ConfUtils.java:logGet(46)) - raft.server.watch.timeout.denomination = 1s (default)
2022-05-26 01:45:55,838 [2ddbf39d-335e-406c-b5fb-c9241fde00d0@group-CC35161E154E-LeaderElection59] INFO  server.RaftServerConfigKeys (ConfUtils.java:logGet(46)) - raft.server.watch.element-limit = 65536 (default)
2022-05-26 01:45:55,838 [2ddbf39d-335e-406c-b5fb-c9241fde00d0@group-CC35161E154E-LeaderElection59] INFO  server.RaftServerConfigKeys (ConfUtils.java:logGet(46)) - raft.server.write.element-limit = 1024 (custom)
2022-05-26 01:45:55,838 [2ddbf39d-335e-406c-b5fb-c9241fde00d0@group-CC35161E154E-LeaderElection59] INFO  server.RaftServerConfigKeys (ConfUtils.java:logGet(46)) - raft.server.write.follower.gap.ratio.max = -1.0 (default)
2022-05-26 01:45:55,839 [2ddbf39d-335e-406c-b5fb-c9241fde00d0@group-CC35161E154E-LeaderElection59] INFO  server.RaftServerConfigKeys (ConfUtils.java:logGet(46)) - raft.server.log.appender.snapshot.chunk.size.max = 16MB (=16777216) (default)
2022-05-26 01:45:55,839 [2ddbf39d-335e-406c-b5fb-c9241fde00d0@group-CC35161E154E-LeaderElection59] INFO  server.RaftServerConfigKeys (ConfUtils.java:logGet(46)) - raft.server.log.appender.buffer.byte-limit = 33554432 (custom)
2022-05-26 01:45:55,839 [2ddbf39d-335e-406c-b5fb-c9241fde00d0@group-CC35161E154E-LeaderElection59] INFO  server.RaftServerConfigKeys (ConfUtils.java:logGet(46)) - raft.server.log.appender.buffer.element-limit = 1 (custom)
2022-05-26 01:45:55,839 [2ddbf39d-335e-406c-b5fb-c9241fde00d0@group-CC35161E154E-LeaderElection59] INFO  grpc.GrpcConfigKeys (ConfUtils.java:logGet(46)) - raft.grpc.server.leader.outstanding.appends.max = 128 (default)
2022-05-26 01:45:55,839 [2ddbf39d-335e-406c-b5fb-c9241fde00d0@group-CC35161E154E-LeaderElection59] INFO  server.RaftServerConfigKeys (ConfUtils.java:logGet(46)) - raft.server.rpc.request.timeout = 60s (custom)
2022-05-26 01:45:55,839 [2ddbf39d-335e-406c-b5fb-c9241fde00d0@group-CC35161E154E-LeaderElection59] INFO  server.RaftServerConfigKeys (ConfUtils.java:logGet(46)) - raft.server.log.appender.install.snapshot.enabled = false (custom)
2022-05-26 01:45:55,840 [2ddbf39d-335e-406c-b5fb-c9241fde00d0@group-CC35161E154E-LeaderElection59] INFO  server.RaftServerConfigKeys (ConfUtils.java:logGet(46)) - raft.server.log.appender.snapshot.chunk.size.max = 16MB (=16777216) (default)
2022-05-26 01:45:55,842 [EventQueue-PipelineReportForPipelineReportHandler] INFO  pipeline.PipelineManagerImpl (PipelineManagerImpl.java:openPipeline(336)) - Pipeline Pipeline[ Id: 4fcb894d-4468-499b-bda8-cc35161e154e, Nodes: d7b58387-0038-4812-9582-2122bfcfd866{ip: 10.1.0.18, host: fv-az270-854.tacnzluakwdehk1hpragurqkma.bx.internal.cloudapp.net, ports: [REPLICATION=46873, RATIS=40429, RATIS_ADMIN=40429, RATIS_SERVER=40429, STANDALONE=44007], networkLocation: /default-rack, certSerialId: null, persistedOpState: IN_SERVICE, persistedOpStateExpiryEpochSec: 0}bcb35490-9c47-4ca0-b956-34db424624d7{ip: 10.1.0.18, host: fv-az270-854.tacnzluakwdehk1hpragurqkma.bx.internal.cloudapp.net, ports: [REPLICATION=35421, RATIS=44911, RATIS_ADMIN=44911, RATIS_SERVER=44911, STANDALONE=39255], networkLocation: /default-rack, certSerialId: null, persistedOpState: IN_SERVICE, persistedOpStateExpiryEpochSec: 0}2ddbf39d-335e-406c-b5fb-c9241fde00d0{ip: 10.1.0.18, host: fv-az270-854.tacnzluakwdehk1hpragurqkma.bx.internal.cloudapp.net, ports: [REPLICATION=35429, RATIS=44127, RATIS_ADMIN=44127, RATIS_SERVER=44127, STANDALONE=40009], networkLocation: /default-rack, certSerialId: null, persistedOpState: IN_SERVICE, persistedOpStateExpiryEpochSec: 0}, ReplicationConfig: RATIS/THREE, State:ALLOCATED, leaderId:2ddbf39d-335e-406c-b5fb-c9241fde00d0, CreationTimestamp2022-05-26T01:45:49.176Z[Etc/UTC]] moved to OPEN state
2022-05-26 01:45:55,842 [EventQueue-OpenPipelineForHealthyPipelineSafeModeRule] INFO  safemode.SCMSafeModeManager (HealthyPipelineSafeModeRule.java:process(124)) - SCM in safe mode. Healthy pipelines reported count is 0, required healthy pipeline reported count is 1
2022-05-26 01:45:55,840 [grpc-default-executor-1] INFO  server.RaftServer$Division (RaftServerImpl.java:requestVote(1152)) - d7b58387-0038-4812-9582-2122bfcfd866@group-CC35161E154E: receive requestVote(ELECTION, 2ddbf39d-335e-406c-b5fb-c9241fde00d0, group-CC35161E154E, 1, (t:0, i:0))
2022-05-26 01:45:55,857 [EventQueue-OpenPipelineForHealthyPipelineSafeModeRule] INFO  safemode.SCMSafeModeManager (HealthyPipelineSafeModeRule.java:process(124)) - SCM in safe mode. Healthy pipelines reported count is 1, required healthy pipeline reported count is 1
2022-05-26 01:45:55,850 [2ddbf39d-335e-406c-b5fb-c9241fde00d0@group-CC35161E154E-LeaderElection59] INFO  server.RaftServerConfigKeys (ConfUtils.java:logGet(46)) - raft.server.log.appender.buffer.byte-limit = 33554432 (custom)
2022-05-26 01:45:55,859 [EventQueue-OpenPipelineForHealthyPipelineSafeModeRule] INFO  safemode.SCMSafeModeManager (SCMSafeModeManager.java:validateSafeModeExitRules(204)) - HealthyPipelineSafeModeRule rule is successfully validated
2022-05-26 01:45:55,860 [EventQueue-OpenPipelineForHealthyPipelineSafeModeRule] INFO  safemode.SCMSafeModeManager (SCMSafeModeManager.java:validateSafeModeExitRules(219)) - ScmSafeModeManager, all rules are successfully validated
2022-05-26 01:45:55,860 [EventQueue-OpenPipelineForHealthyPipelineSafeModeRule] INFO  safemode.SCMSafeModeManager (SCMSafeModeManager.java:exitSafeMode(248)) - SCM exiting safe mode.
2022-05-26 01:45:55,860 [EventQueue-OpenPipelineForHealthyPipelineSafeModeRule] WARN  events.EventQueue (EventQueue.java:fireEvent(194)) - No event handler registered for event TypedEvent{payloadType=SafeModeStatus, name='Safe mode status'}
2022-05-26 01:45:55,860 [EventQueue-OpenPipelineForHealthyPipelineSafeModeRule] INFO  ha.SCMContext (SCMContext.java:updateSafeModeStatus(211)) - Update SafeModeStatus from SafeModeStatus{safeModeStatus=true, preCheckPassed=true} to SafeModeStatus{safeModeStatus=false, preCheckPassed=true}.
2022-05-26 01:45:55,860 [EventQueue-OpenPipelineForHealthyPipelineSafeModeRule] INFO  pipeline.BackgroundPipelineCreator (BackgroundPipelineCreator.java:notifyStatusChanged(251)) - Service BackgroundPipelineCreator transitions to RUNNING.
2022-05-26 01:45:55,860 [EventQueue-OpenPipelineForHealthyPipelineSafeModeRule] INFO  pipeline.BackgroundPipelineScrubber (BackgroundPipelineScrubber.java:notifyStatusChanged(88)) - Service BackgroundPipelineScrubber transitions to RUNNING.
2022-05-26 01:45:55,859 [grpc-default-executor-1] INFO  impl.VoteContext (VoteContext.java:log(48)) - d7b58387-0038-4812-9582-2122bfcfd866@group-CC35161E154E-CANDIDATE: reject ELECTION from 2ddbf39d-335e-406c-b5fb-c9241fde00d0: already has voted for d7b58387-0038-4812-9582-2122bfcfd866 at current term 1
2022-05-26 01:45:55,864 [EventQueue-OpenPipelineForHealthyPipelineSafeModeRule] INFO  ExpiredContainerReplicaOpScrubber (BackgroundSCMService.java:notifyStatusChanged(82)) - Service ExpiredContainerReplicaOpScrubber transitions to RUNNING.
2022-05-26 01:45:55,864 [EventQueue-OpenPipelineForHealthyPipelineSafeModeRule] INFO  replication.ReplicationManager (ReplicationManager.java:notifyStatusChanged(372)) - Service ReplicationManager transitions to RUNNING.
2022-05-26 01:45:55,860 [2ddbf39d-335e-406c-b5fb-c9241fde00d0@group-CC35161E154E-LeaderElection59] INFO  server.RaftServerConfigKeys (ConfUtils.java:logGet(46)) - raft.server.log.appender.buffer.element-limit = 1 (custom)
2022-05-26 01:45:55,864 [grpc-default-executor-1] INFO  server.RaftServer$Division (RaftServerImpl.java:requestVote(1184)) - d7b58387-0038-4812-9582-2122bfcfd866@group-CC35161E154E replies to ELECTION vote request: 2ddbf39d-335e-406c-b5fb-c9241fde00d0<-d7b58387-0038-4812-9582-2122bfcfd866#0:FAIL-t1. Peer's state: d7b58387-0038-4812-9582-2122bfcfd866@group-CC35161E154E:t1, leader=null, voted=d7b58387-0038-4812-9582-2122bfcfd866, raftlog=d7b58387-0038-4812-9582-2122bfcfd866@group-CC35161E154E-SegmentedRaftLog:OPENED:c-1, conf=-1: [bcb35490-9c47-4ca0-b956-34db424624d7|rpc:10.1.0.18:44911|dataStream:|priority:0, 2ddbf39d-335e-406c-b5fb-c9241fde00d0|rpc:10.1.0.18:44127|dataStream:|priority:1, d7b58387-0038-4812-9582-2122bfcfd866|rpc:10.1.0.18:40429|dataStream:|priority:0], old=null
2022-05-26 01:45:55,872 [2ddbf39d-335e-406c-b5fb-c9241fde00d0@group-CC35161E154E-LeaderElection59] INFO  grpc.GrpcConfigKeys (ConfUtils.java:logGet(46)) - raft.grpc.server.leader.outstanding.appends.max = 128 (default)
2022-05-26 01:45:55,872 [2ddbf39d-335e-406c-b5fb-c9241fde00d0@group-CC35161E154E-LeaderElection59] INFO  server.RaftServerConfigKeys (ConfUtils.java:logGet(46)) - raft.server.rpc.request.timeout = 60s (custom)
2022-05-26 01:45:55,872 [2ddbf39d-335e-406c-b5fb-c9241fde00d0@group-CC35161E154E-LeaderElection59] INFO  server.RaftServerConfigKeys (ConfUtils.java:logGet(46)) - raft.server.log.appender.install.snapshot.enabled = false (custom)
2022-05-26 01:45:55,872 [2ddbf39d-335e-406c-b5fb-c9241fde00d0@group-CC35161E154E-LeaderElection59] INFO  impl.RoleInfo (RoleInfo.java:updateAndGet(139)) - 2ddbf39d-335e-406c-b5fb-c9241fde00d0: start 2ddbf39d-335e-406c-b5fb-c9241fde00d0@group-CC35161E154E-LeaderStateImpl
2022-05-26 01:45:55,873 [2ddbf39d-335e-406c-b5fb-c9241fde00d0@group-CC35161E154E-LeaderElection59] INFO  segmented.SegmentedRaftLogWorker (SegmentedRaftLogWorker.java:startLogSegment(425)) - 2ddbf39d-335e-406c-b5fb-c9241fde00d0@group-CC35161E154E-SegmentedRaftLogWorker: Starting segment from index:0
2022-05-26 01:45:55,874 [2ddbf39d-335e-406c-b5fb-c9241fde00d0@group-CC35161E154E-SegmentedRaftLogWorker] INFO  segmented.SegmentedRaftLogWorker (SegmentedRaftLogWorker.java:execute(629)) - 2ddbf39d-335e-406c-b5fb-c9241fde00d0@group-CC35161E154E-SegmentedRaftLogWorker: created new log segment /home/runner/work/ozone/ozone/hadoop-ozone/integration-test/target/test-dir/MiniOzoneClusterImpl-aa3443fb-1a09-40de-9b9d-4cb3f15163de/datanode-0/data/ratis/4fcb894d-4468-499b-bda8-cc35161e154e/current/log_inprogress_0
2022-05-26 01:45:55,906 [grpc-default-executor-2] INFO  server.RaftServer$Division (RaftServerImpl.java:requestVote(1152)) - bcb35490-9c47-4ca0-b956-34db424624d7@group-CC35161E154E: receive requestVote(ELECTION, d7b58387-0038-4812-9582-2122bfcfd866, group-CC35161E154E, 1, (t:0, i:0))
2022-05-26 01:45:55,907 [2ddbf39d-335e-406c-b5fb-c9241fde00d0@group-CC35161E154E-LeaderElection59] INFO  server.RaftServer$Division (ServerState.java:setRaftConf(393)) - 2ddbf39d-335e-406c-b5fb-c9241fde00d0@group-CC35161E154E: set configuration 0: [bcb35490-9c47-4ca0-b956-34db424624d7|rpc:10.1.0.18:44911|dataStream:|priority:0, 2ddbf39d-335e-406c-b5fb-c9241fde00d0|rpc:10.1.0.18:44127|dataStream:|priority:1, d7b58387-0038-4812-9582-2122bfcfd866|rpc:10.1.0.18:40429|dataStream:|priority:0], old=null
2022-05-26 01:45:55,906 [grpc-default-executor-0] INFO  server.RaftServer$Division (RaftServerImpl.java:requestVote(1152)) - 2ddbf39d-335e-406c-b5fb-c9241fde00d0@group-CC35161E154E: receive requestVote(ELECTION, d7b58387-0038-4812-9582-2122bfcfd866, group-CC35161E154E, 1, (t:0, i:0))
2022-05-26 01:45:55,907 [grpc-default-executor-0] INFO  impl.VoteContext (VoteContext.java:log(48)) - 2ddbf39d-335e-406c-b5fb-c9241fde00d0@group-CC35161E154E-LEADER: reject ELECTION from d7b58387-0038-4812-9582-2122bfcfd866: already has voted for 2ddbf39d-335e-406c-b5fb-c9241fde00d0 at current term 1
2022-05-26 01:45:55,907 [grpc-default-executor-0] INFO  server.RaftServer$Division (RaftServerImpl.java:requestVote(1184)) - 2ddbf39d-335e-406c-b5fb-c9241fde00d0@group-CC35161E154E replies to ELECTION vote request: d7b58387-0038-4812-9582-2122bfcfd866<-2ddbf39d-335e-406c-b5fb-c9241fde00d0#0:FAIL-t1. Peer's state: 2ddbf39d-335e-406c-b5fb-c9241fde00d0@group-CC35161E154E:t1, leader=2ddbf39d-335e-406c-b5fb-c9241fde00d0, voted=2ddbf39d-335e-406c-b5fb-c9241fde00d0, raftlog=2ddbf39d-335e-406c-b5fb-c9241fde00d0@group-CC35161E154E-SegmentedRaftLog:OPENED:c-1, conf=0: [bcb35490-9c47-4ca0-b956-34db424624d7|rpc:10.1.0.18:44911|dataStream:|priority:0, 2ddbf39d-335e-406c-b5fb-c9241fde00d0|rpc:10.1.0.18:44127|dataStream:|priority:1, d7b58387-0038-4812-9582-2122bfcfd866|rpc:10.1.0.18:40429|dataStream:|priority:0], old=null
2022-05-26 01:45:55,941 [grpc-default-executor-2] INFO  impl.VoteContext (VoteContext.java:log(48)) - bcb35490-9c47-4ca0-b956-34db424624d7@group-CC35161E154E-FOLLOWER: reject ELECTION from d7b58387-0038-4812-9582-2122bfcfd866: already has voted for 2ddbf39d-335e-406c-b5fb-c9241fde00d0 at current term 1
2022-05-26 01:45:55,941 [grpc-default-executor-2] INFO  server.RaftServer$Division (RaftServerImpl.java:requestVote(1184)) - bcb35490-9c47-4ca0-b956-34db424624d7@group-CC35161E154E replies to ELECTION vote request: d7b58387-0038-4812-9582-2122bfcfd866<-bcb35490-9c47-4ca0-b956-34db424624d7#0:FAIL-t1. Peer's state: bcb35490-9c47-4ca0-b956-34db424624d7@group-CC35161E154E:t1, leader=null, voted=2ddbf39d-335e-406c-b5fb-c9241fde00d0, raftlog=bcb35490-9c47-4ca0-b956-34db424624d7@group-CC35161E154E-SegmentedRaftLog:OPENED:c-1, conf=-1: [bcb35490-9c47-4ca0-b956-34db424624d7|rpc:10.1.0.18:44911|dataStream:|priority:0, 2ddbf39d-335e-406c-b5fb-c9241fde00d0|rpc:10.1.0.18:44127|dataStream:|priority:1, d7b58387-0038-4812-9582-2122bfcfd866|rpc:10.1.0.18:40429|dataStream:|priority:0], old=null
2022-05-26 01:45:55,942 [d7b58387-0038-4812-9582-2122bfcfd866@group-CC35161E154E-LeaderElection60] INFO  impl.LeaderElection (LeaderElection.java:logAndReturn(90)) - d7b58387-0038-4812-9582-2122bfcfd866@group-CC35161E154E-LeaderElection60: ELECTION REJECTED received 1 response(s) and 0 exception(s):
2022-05-26 01:45:55,942 [d7b58387-0038-4812-9582-2122bfcfd866@group-CC35161E154E-LeaderElection60] INFO  impl.LeaderElection (LeaderElection.java:logAndReturn(94)) -   Response 0: d7b58387-0038-4812-9582-2122bfcfd866<-2ddbf39d-335e-406c-b5fb-c9241fde00d0#0:FAIL-t1
2022-05-26 01:45:55,942 [d7b58387-0038-4812-9582-2122bfcfd866@group-CC35161E154E-LeaderElection60] INFO  impl.LeaderElection (LeaderElection.java:askForVotes(312)) - d7b58387-0038-4812-9582-2122bfcfd866@group-CC35161E154E-LeaderElection60 ELECTION round 0: result REJECTED
2022-05-26 01:45:55,942 [d7b58387-0038-4812-9582-2122bfcfd866@group-CC35161E154E-LeaderElection60] INFO  server.RaftServer$Division (RaftServerImpl.java:setRole(299)) - d7b58387-0038-4812-9582-2122bfcfd866@group-CC35161E154E: changes role from CANDIDATE to FOLLOWER at term 1 for REJECTED
2022-05-26 01:45:55,942 [d7b58387-0038-4812-9582-2122bfcfd866@group-CC35161E154E-LeaderElection60] INFO  impl.RoleInfo (RoleInfo.java:shutdownLeaderElection(130)) - d7b58387-0038-4812-9582-2122bfcfd866: shutdown d7b58387-0038-4812-9582-2122bfcfd866@group-CC35161E154E-LeaderElection60
2022-05-26 01:45:55,942 [d7b58387-0038-4812-9582-2122bfcfd866@group-CC35161E154E-LeaderElection60] INFO  impl.RoleInfo (RoleInfo.java:updateAndGet(139)) - d7b58387-0038-4812-9582-2122bfcfd866: start d7b58387-0038-4812-9582-2122bfcfd866@group-CC35161E154E-FollowerState
2022-05-26 01:45:56,000 [d7b58387-0038-4812-9582-2122bfcfd866-server-thread1] INFO  ratis.XceiverServerRatis (XceiverServerRatis.java:handleLeaderChangedNotification(863)) - Leader change notification received for group: group-CC35161E154E with new leaderId: 2ddbf39d-335e-406c-b5fb-c9241fde00d0
2022-05-26 01:45:56,012 [d7b58387-0038-4812-9582-2122bfcfd866-server-thread1] INFO  server.RaftServer$Division (ServerState.java:setLeader(287)) - d7b58387-0038-4812-9582-2122bfcfd866@group-CC35161E154E: change Leader from null to 2ddbf39d-335e-406c-b5fb-c9241fde00d0 at term 1 for appendEntries, leader elected after 5373ms
2022-05-26 01:45:56,020 [d7b58387-0038-4812-9582-2122bfcfd866-server-thread1] INFO  server.RaftServer$Division (ServerState.java:setRaftConf(393)) - d7b58387-0038-4812-9582-2122bfcfd866@group-CC35161E154E: set configuration 0: [bcb35490-9c47-4ca0-b956-34db424624d7|rpc:10.1.0.18:44911|dataStream:|priority:0, 2ddbf39d-335e-406c-b5fb-c9241fde00d0|rpc:10.1.0.18:44127|dataStream:|priority:1, d7b58387-0038-4812-9582-2122bfcfd866|rpc:10.1.0.18:40429|dataStream:|priority:0], old=null
2022-05-26 01:45:56,021 [d7b58387-0038-4812-9582-2122bfcfd866-server-thread1] INFO  segmented.SegmentedRaftLogWorker (SegmentedRaftLogWorker.java:startLogSegment(425)) - d7b58387-0038-4812-9582-2122bfcfd866@group-CC35161E154E-SegmentedRaftLogWorker: Starting segment from index:0
2022-05-26 01:45:56,028 [d7b58387-0038-4812-9582-2122bfcfd866@group-CC35161E154E-SegmentedRaftLogWorker] INFO  segmented.SegmentedRaftLogWorker (SegmentedRaftLogWorker.java:execute(629)) - d7b58387-0038-4812-9582-2122bfcfd866@group-CC35161E154E-SegmentedRaftLogWorker: created new log segment /home/runner/work/ozone/ozone/hadoop-ozone/integration-test/target/test-dir/MiniOzoneClusterImpl-aa3443fb-1a09-40de-9b9d-4cb3f15163de/datanode-2/data/ratis/4fcb894d-4468-499b-bda8-cc35161e154e/current/log_inprogress_0
2022-05-26 01:45:56,048 [bcb35490-9c47-4ca0-b956-34db424624d7-server-thread1] INFO  ratis.XceiverServerRatis (XceiverServerRatis.java:handleLeaderChangedNotification(863)) - Leader change notification received for group: group-CC35161E154E with new leaderId: 2ddbf39d-335e-406c-b5fb-c9241fde00d0
2022-05-26 01:45:56,048 [bcb35490-9c47-4ca0-b956-34db424624d7-server-thread1] INFO  server.RaftServer$Division (ServerState.java:setLeader(287)) - bcb35490-9c47-4ca0-b956-34db424624d7@group-CC35161E154E: change Leader from null to 2ddbf39d-335e-406c-b5fb-c9241fde00d0 at term 1 for appendEntries, leader elected after 5259ms
2022-05-26 01:45:56,061 [bcb35490-9c47-4ca0-b956-34db424624d7-server-thread1] INFO  server.RaftServer$Division (ServerState.java:setRaftConf(393)) - bcb35490-9c47-4ca0-b956-34db424624d7@group-CC35161E154E: set configuration 0: [bcb35490-9c47-4ca0-b956-34db424624d7|rpc:10.1.0.18:44911|dataStream:|priority:0, 2ddbf39d-335e-406c-b5fb-c9241fde00d0|rpc:10.1.0.18:44127|dataStream:|priority:1, d7b58387-0038-4812-9582-2122bfcfd866|rpc:10.1.0.18:40429|dataStream:|priority:0], old=null
2022-05-26 01:45:56,061 [bcb35490-9c47-4ca0-b956-34db424624d7-server-thread1] INFO  segmented.SegmentedRaftLogWorker (SegmentedRaftLogWorker.java:startLogSegment(425)) - bcb35490-9c47-4ca0-b956-34db424624d7@group-CC35161E154E-SegmentedRaftLogWorker: Starting segment from index:0
2022-05-26 01:45:56,065 [bcb35490-9c47-4ca0-b956-34db424624d7@group-CC35161E154E-SegmentedRaftLogWorker] INFO  segmented.SegmentedRaftLogWorker (SegmentedRaftLogWorker.java:execute(629)) - bcb35490-9c47-4ca0-b956-34db424624d7@group-CC35161E154E-SegmentedRaftLogWorker: created new log segment /home/runner/work/ozone/ozone/hadoop-ozone/integration-test/target/test-dir/MiniOzoneClusterImpl-aa3443fb-1a09-40de-9b9d-4cb3f15163de/datanode-1/data/ratis/4fcb894d-4468-499b-bda8-cc35161e154e/current/log_inprogress_0
2022-05-26 01:45:56,114 [Listener at 127.0.0.1/38069] INFO  ozone.MiniOzoneClusterImpl (MiniOzoneClusterImpl.java:lambda$waitForClusterToBeReady$0(221)) - Nodes are ready. Got 3 of 3 DN Heartbeats.
2022-05-26 01:45:56,114 [Listener at 127.0.0.1/38069] INFO  ozone.MiniOzoneClusterImpl (MiniOzoneClusterImpl.java:lambda$waitForClusterToBeReady$0(224)) - Cluster exits safe mode
2022-05-26 01:45:56,114 [Listener at 127.0.0.1/38069] INFO  ozone.MiniOzoneClusterImpl (MiniOzoneClusterImpl.java:lambda$waitForClusterToBeReady$0(226)) - SCM became leader
]]></system-out>
    </rerunFailure>
    <rerunError type="java.util.concurrent.TimeoutException">
      <stackTrace><![CDATA[java.util.concurrent.TimeoutException: testLeaderIdAfterLeaderChange() timed out after 120000 milliseconds
	at org.junit.jupiter.engine.extension.TimeoutInvocation.createTimeoutException(TimeoutInvocation.java:70)
	at org.junit.jupiter.engine.extension.TimeoutInvocation.proceed(TimeoutInvocation.java:59)
	at org.junit.jupiter.engine.extension.TimeoutExtension.intercept(TimeoutExtension.java:149)
	at org.junit.jupiter.engine.extension.TimeoutExtension.interceptTestableMethod(TimeoutExtension.java:140)
	at org.junit.jupiter.engine.extension.TimeoutExtension.interceptTestMethod(TimeoutExtension.java:84)
	at org.junit.jupiter.engine.execution.ExecutableInvoker$ReflectiveInterceptorCall.lambda$ofVoidMethod$0(ExecutableInvoker.java:115)
	at org.junit.jupiter.engine.execution.ExecutableInvoker.lambda$invoke$0(ExecutableInvoker.java:105)
	at org.junit.jupiter.engine.execution.InvocationInterceptorChain$InterceptedInvocation.proceed(InvocationInterceptorChain.java:106)
	at org.junit.jupiter.engine.execution.InvocationInterceptorChain.proceed(InvocationInterceptorChain.java:64)
	at org.junit.jupiter.engine.execution.InvocationInterceptorChain.chainAndInvoke(InvocationInterceptorChain.java:45)
	at org.junit.jupiter.engine.execution.InvocationInterceptorChain.invoke(InvocationInterceptorChain.java:37)
	at org.junit.jupiter.engine.execution.ExecutableInvoker.invoke(ExecutableInvoker.java:104)
	at org.junit.jupiter.engine.execution.ExecutableInvoker.invoke(ExecutableInvoker.java:98)
	at org.junit.jupiter.engine.descriptor.TestMethodTestDescriptor.lambda$invokeTestMethod$7(TestMethodTestDescriptor.java:214)
	at org.junit.platform.engine.support.hierarchical.ThrowableCollector.execute(ThrowableCollector.java:73)
	at org.junit.jupiter.engine.descriptor.TestMethodTestDescriptor.invokeTestMethod(TestMethodTestDescriptor.java:210)
	at org.junit.jupiter.engine.descriptor.TestMethodTestDescriptor.execute(TestMethodTestDescriptor.java:135)
	at org.junit.jupiter.engine.descriptor.TestMethodTestDescriptor.execute(TestMethodTestDescriptor.java:66)
	at org.junit.platform.engine.support.hierarchical.NodeTestTask.lambda$executeRecursively$6(NodeTestTask.java:151)
	at org.junit.platform.engine.support.hierarchical.ThrowableCollector.execute(ThrowableCollector.java:73)
	at org.junit.platform.engine.support.hierarchical.NodeTestTask.lambda$executeRecursively$8(NodeTestTask.java:141)
	at org.junit.platform.engine.support.hierarchical.Node.around(Node.java:137)
	at org.junit.platform.engine.support.hierarchical.NodeTestTask.lambda$executeRecursively$9(NodeTestTask.java:139)
	at org.junit.platform.engine.support.hierarchical.ThrowableCollector.execute(ThrowableCollector.java:73)
	at org.junit.platform.engine.support.hierarchical.NodeTestTask.executeRecursively(NodeTestTask.java:138)
	at org.junit.platform.engine.support.hierarchical.NodeTestTask.execute(NodeTestTask.java:95)
	at java.util.ArrayList.forEach(ArrayList.java:1259)
	at org.junit.platform.engine.support.hierarchical.SameThreadHierarchicalTestExecutorService.invokeAll(SameThreadHierarchicalTestExecutorService.java:41)
	at org.junit.platform.engine.support.hierarchical.NodeTestTask.lambda$executeRecursively$6(NodeTestTask.java:155)
	at org.junit.platform.engine.support.hierarchical.ThrowableCollector.execute(ThrowableCollector.java:73)
	at org.junit.platform.engine.support.hierarchical.NodeTestTask.lambda$executeRecursively$8(NodeTestTask.java:141)
	at org.junit.platform.engine.support.hierarchical.Node.around(Node.java:137)
	at org.junit.platform.engine.support.hierarchical.NodeTestTask.lambda$executeRecursively$9(NodeTestTask.java:139)
	at org.junit.platform.engine.support.hierarchical.ThrowableCollector.execute(ThrowableCollector.java:73)
	at org.junit.platform.engine.support.hierarchical.NodeTestTask.executeRecursively(NodeTestTask.java:138)
	at org.junit.platform.engine.support.hierarchical.NodeTestTask.execute(NodeTestTask.java:95)
	at java.util.ArrayList.forEach(ArrayList.java:1259)
	at org.junit.platform.engine.support.hierarchical.SameThreadHierarchicalTestExecutorService.invokeAll(SameThreadHierarchicalTestExecutorService.java:41)
	at org.junit.platform.engine.support.hierarchical.NodeTestTask.lambda$executeRecursively$6(NodeTestTask.java:155)
	at org.junit.platform.engine.support.hierarchical.ThrowableCollector.execute(ThrowableCollector.java:73)
	at org.junit.platform.engine.support.hierarchical.NodeTestTask.lambda$executeRecursively$8(NodeTestTask.java:141)
	at org.junit.platform.engine.support.hierarchical.Node.around(Node.java:137)
	at org.junit.platform.engine.support.hierarchical.NodeTestTask.lambda$executeRecursively$9(NodeTestTask.java:139)
	at org.junit.platform.engine.support.hierarchical.ThrowableCollector.execute(ThrowableCollector.java:73)
	at org.junit.platform.engine.support.hierarchical.NodeTestTask.executeRecursively(NodeTestTask.java:138)
	at org.junit.platform.engine.support.hierarchical.NodeTestTask.execute(NodeTestTask.java:95)
	at org.junit.platform.engine.support.hierarchical.SameThreadHierarchicalTestExecutorService.submit(SameThreadHierarchicalTestExecutorService.java:35)
	at org.junit.platform.engine.support.hierarchical.HierarchicalTestExecutor.execute(HierarchicalTestExecutor.java:57)
	at org.junit.platform.engine.support.hierarchical.HierarchicalTestEngine.execute(HierarchicalTestEngine.java:54)
	at org.junit.platform.launcher.core.EngineExecutionOrchestrator.execute(EngineExecutionOrchestrator.java:107)
	at org.junit.platform.launcher.core.EngineExecutionOrchestrator.execute(EngineExecutionOrchestrator.java:88)
	at org.junit.platform.launcher.core.EngineExecutionOrchestrator.lambda$execute$0(EngineExecutionOrchestrator.java:54)
	at org.junit.platform.launcher.core.EngineExecutionOrchestrator.withInterceptedStreams(EngineExecutionOrchestrator.java:67)
	at org.junit.platform.launcher.core.EngineExecutionOrchestrator.execute(EngineExecutionOrchestrator.java:52)
	at org.junit.platform.launcher.core.DefaultLauncher.execute(DefaultLauncher.java:114)
	at org.junit.platform.launcher.core.DefaultLauncher.execute(DefaultLauncher.java:86)
	at org.junit.platform.launcher.core.DefaultLauncherSession$DelegatingLauncher.execute(DefaultLauncherSession.java:86)
	at org.junit.platform.launcher.core.SessionPerRequestLauncher.execute(SessionPerRequestLauncher.java:53)
	at org.apache.maven.surefire.junitplatform.JUnitPlatformProvider.invokeAllTests(JUnitPlatformProvider.java:165)
	at org.apache.maven.surefire.junitplatform.JUnitPlatformProvider.invoke(JUnitPlatformProvider.java:124)
	at org.apache.maven.surefire.booter.ForkedBooter.runSuitesInProcess(ForkedBooter.java:428)
	at org.apache.maven.surefire.booter.ForkedBooter.execute(ForkedBooter.java:162)
	at org.apache.maven.surefire.booter.ForkedBooter.run(ForkedBooter.java:562)
	at org.apache.maven.surefire.booter.ForkedBooter.main(ForkedBooter.java:548)
]]></stackTrace>
      <system-out><![CDATA[2022-05-26 01:46:17,170 [Listener at 127.0.0.1/38069] WARN  server.ServerUtils (ServerUtils.java:getScmDbDir(148)) - ozone.scm.db.dirs is not configured. We recommend adding this setting. Falling back to ozone.metadata.dirs instead.
2022-05-26 01:46:17,217 [Listener at 127.0.0.1/38069] INFO  ha.SCMHANodeDetails (SCMHANodeDetails.java:loadSCMHAConfig(160)) - ServiceID for StorageContainerManager is null
2022-05-26 01:46:17,218 [Listener at 127.0.0.1/38069] INFO  ha.SCMHANodeDetails (SCMHANodeDetails.java:loadSCMHAConfig(165)) - ozone.scm.default.service.id is not defined, falling back to ozone.scm.service.ids to find serviceID for StorageContainerManager if it is HA enabled cluster
2022-05-26 01:46:17,218 [Listener at 127.0.0.1/38069] WARN  server.ServerUtils (ServerUtils.java:getScmDbDir(148)) - ozone.scm.db.dirs is not configured. We recommend adding this setting. Falling back to ozone.metadata.dirs instead.
2022-05-26 01:46:17,218 [Listener at 127.0.0.1/38069] INFO  upgrade.AbstractLayoutVersionManager (AbstractLayoutVersionManager.java:init(79)) - Initializing Layout version manager with metadata layout = ERASURE_CODED_STORAGE_SUPPORT (version = 3), software layout = ERASURE_CODED_STORAGE_SUPPORT (version = 3)
2022-05-26 01:46:17,346 [Listener at 127.0.0.1/38069] INFO  reflections.Reflections (Reflections.java:scan(232)) - Reflections took 127 ms to scan 7 urls, producing 127 keys and 292 values 
2022-05-26 01:46:17,353 [Listener at 127.0.0.1/38069] WARN  utils.HAUtils (HAUtils.java:getMetaDir(342)) - ozone.scm.db.dirs is not configured. We recommend adding this setting. Falling back to ozone.metadata.dirs instead.
2022-05-26 01:46:17,372 [Listener at 127.0.0.1/38069] WARN  db.DBStoreBuilder (DBStoreBuilder.java:applyDBDefinition(145)) - ozone.scm.db.dirs is not configured. We recommend adding this setting. Falling back to ozone.metadata.dirs instead.
2022-05-26 01:46:17,808 [Listener at 127.0.0.1/38069] INFO  net.NodeSchemaLoader (NodeSchemaLoader.java:loadSchemaFromFile(129)) - Loading schema from [jar:file:/home/runner/.m2/repository/org/apache/ozone/hdds-common/1.3.0-SNAPSHOT/hdds-common-1.3.0-SNAPSHOT.jar!/network-topology-default.xml]
2022-05-26 01:46:17,808 [Listener at 127.0.0.1/38069] INFO  net.NodeSchemaLoader (NodeSchemaLoader.java:loadSchema(176)) - Loading network topology layer schema file
2022-05-26 01:46:17,812 [Listener at 127.0.0.1/38069] INFO  ha.SequenceIdGenerator (SequenceIdGenerator.java:upgradeToSequenceId(347)) - upgrade localId to 109611004723200000
2022-05-26 01:46:17,812 [Listener at 127.0.0.1/38069] INFO  ha.SequenceIdGenerator (SequenceIdGenerator.java:upgradeToSequenceId(357)) - upgrade delTxnId to 0
2022-05-26 01:46:17,813 [Listener at 127.0.0.1/38069] INFO  ha.SequenceIdGenerator (SequenceIdGenerator.java:upgradeToSequenceId(374)) - upgrade containerId to 0
2022-05-26 01:46:17,813 [Listener at 127.0.0.1/38069] INFO  ha.SequenceIdGenerator (SequenceIdGenerator.java:<init>(218)) - Init the HA SequenceIdGenerator.
2022-05-26 01:46:17,813 [Listener at 127.0.0.1/38069] WARN  server.ServerUtils (ServerUtils.java:sanitizeUserArgs(73)) - ozone.scm.stale.node.interval value = 300000 is larger than max = 100000 based on the key value of ozone.scm.heartbeat.thread.interval, reset to the max value 100000.
2022-05-26 01:46:17,814 [Listener at 127.0.0.1/38069] WARN  server.ServerUtils (ServerUtils.java:sanitizeUserArgs(73)) - ozone.scm.stale.node.interval value = 300000 is larger than max = 100000 based on the key value of ozone.scm.heartbeat.thread.interval, reset to the max value 100000.
2022-05-26 01:46:17,814 [Listener at 127.0.0.1/38069] INFO  node.SCMNodeManager (SCMNodeManager.java:<init>(148)) - Entering startup safe mode.
2022-05-26 01:46:17,814 [Listener at 127.0.0.1/38069] INFO  algorithms.ContainerPlacementPolicyFactory (ContainerPlacementPolicyFactory.java:getPolicyInternal(86)) - Create container placement policy of type org.apache.hadoop.hdds.scm.container.placement.algorithms.SCMContainerPlacementRandom
2022-05-26 01:46:17,814 [Listener at 127.0.0.1/38069] INFO  pipeline.PipelineStateManagerImpl (PipelineStateManagerImpl.java:initialize(78)) - No pipeline exists in current db
2022-05-26 01:46:17,815 [Listener at 127.0.0.1/38069] INFO  algorithms.LeaderChoosePolicyFactory (LeaderChoosePolicyFactory.java:getPolicy(57)) - Create leader choose policy of type org.apache.hadoop.hdds.scm.pipeline.leader.choose.algorithms.MinLeaderCountChoosePolicy
2022-05-26 01:46:17,815 [Listener at 127.0.0.1/38069] INFO  algorithms.ContainerPlacementPolicyFactory (ContainerPlacementPolicyFactory.java:getPolicyInternal(86)) - Create container placement policy of type org.apache.hadoop.hdds.scm.container.placement.algorithms.SCMContainerPlacementRackScatter
2022-05-26 01:46:17,815 [Listener at 127.0.0.1/38069] INFO  pipeline.BackgroundPipelineCreator (BackgroundPipelineCreator.java:start(125)) - Starting RatisPipelineUtilsThread.
2022-05-26 01:46:17,815 [Listener at 127.0.0.1/38069] INFO  pipeline.BackgroundPipelineScrubber (BackgroundPipelineScrubber.java:start(126)) - Starting BackgroundPipelineScrubber Service.
2022-05-26 01:46:17,815 [Listener at 127.0.0.1/38069] INFO  ha.SCMServiceManager (SCMServiceManager.java:register(42)) - Registering service BackgroundPipelineCreator.
2022-05-26 01:46:17,816 [Listener at 127.0.0.1/38069] INFO  ha.SCMServiceManager (SCMServiceManager.java:register(42)) - Registering service BackgroundPipelineScrubber.
2022-05-26 01:46:17,816 [Listener at 127.0.0.1/38069] INFO  ExpiredContainerReplicaOpScrubber (BackgroundSCMService.java:start(68)) - Starting ExpiredContainerReplicaOpScrubber Service.
2022-05-26 01:46:17,828 [Listener at 127.0.0.1/38069] INFO  ha.SCMServiceManager (SCMServiceManager.java:register(42)) - Registering service ExpiredContainerReplicaOpScrubber.
2022-05-26 01:46:17,828 [Listener at 127.0.0.1/38069] INFO  algorithms.PipelineChoosePolicyFactory (PipelineChoosePolicyFactory.java:createPipelineChoosePolicyFromClass(73)) - Create pipeline choose policy of type org.apache.hadoop.hdds.scm.pipeline.choose.algorithms.RandomPipelineChoosePolicy
2022-05-26 01:46:17,829 [Listener at 127.0.0.1/38069] INFO  ha.SCMServiceManager (SCMServiceManager.java:register(42)) - Registering service SCMBlockDeletingService.
2022-05-26 01:46:17,829 [Listener at 127.0.0.1/38069] INFO  ha.SCMServiceManager (SCMServiceManager.java:register(42)) - Registering service ReplicationManager.
2022-05-26 01:46:17,829 [Listener at 127.0.0.1/38069] INFO  replication.ReplicationManager (ReplicationManager.java:start(179)) - Starting Replication Monitor Thread.
2022-05-26 01:46:17,856 [Listener at 127.0.0.1/38069] INFO  safemode.ContainerSafeModeRule (ContainerSafeModeRule.java:<init>(89)) - containers with one replica threshold count 0
2022-05-26 01:46:17,856 [Listener at 127.0.0.1/38069] INFO  safemode.HealthyPipelineSafeModeRule (HealthyPipelineSafeModeRule.java:initializeRule(156)) - Total pipeline count is 0, healthy pipeline threshold count is 1
2022-05-26 01:46:17,856 [Listener at 127.0.0.1/38069] INFO  safemode.OneReplicaPipelineSafeModeRule (OneReplicaPipelineSafeModeRule.java:initializeRule(180)) - Total pipeline count is 0, pipeline's with at least one datanode reported threshold count is 0
2022-05-26 01:46:17,857 [Listener at 127.0.0.1/38069] INFO  ipc.CallQueueManager (CallQueueManager.java:<init>(90)) - Using callQueue: class java.util.concurrent.LinkedBlockingQueue, queueCapacity: 2000, scheduler: class org.apache.hadoop.ipc.DefaultRpcScheduler, ipcBackoff: false.
2022-05-26 01:46:17,858 [Socket Reader #1 for port 0] INFO  ipc.Server (Server.java:run(1265)) - Starting Socket Reader #1 for port 0
2022-05-26 01:46:17,858 [Listener at 0.0.0.0/46173] INFO  ipc.CallQueueManager (CallQueueManager.java:<init>(90)) - Using callQueue: class java.util.concurrent.LinkedBlockingQueue, queueCapacity: 2000, scheduler: class org.apache.hadoop.ipc.DefaultRpcScheduler, ipcBackoff: false.
2022-05-26 01:46:17,859 [Socket Reader #1 for port 0] INFO  ipc.Server (Server.java:run(1265)) - Starting Socket Reader #1 for port 0
2022-05-26 01:46:17,859 [Listener at 0.0.0.0/37653] INFO  ipc.CallQueueManager (CallQueueManager.java:<init>(90)) - Using callQueue: class java.util.concurrent.LinkedBlockingQueue, queueCapacity: 2000, scheduler: class org.apache.hadoop.ipc.DefaultRpcScheduler, ipcBackoff: false.
2022-05-26 01:46:17,905 [ReplicationMonitor] INFO  replication.ReplicationManager (ReplicationManager.java:processAll(228)) - Replication Manager is not ready to run until 3000ms after safemode exit
2022-05-26 01:46:17,957 [Socket Reader #1 for port 0] INFO  ipc.Server (Server.java:run(1265)) - Starting Socket Reader #1 for port 0
2022-05-26 01:46:18,071 [Listener at 0.0.0.0/46481] INFO  server.StorageContainerManager (StorageContainerManager.java:<init>(400)) - 
Container Balancer status:
Key                            Value
Running                        false
Container Balancer Configuration values:
Key                                                Value
Threshold                                          10
Max Datanodes to Involve per Iteration(percent)    20
Max Size to Move per Iteration                     500GB
Max Size Entering Target per Iteration             26GB
Max Size Leaving Source per Iteration              26GB

2022-05-26 01:46:18,071 [Listener at 0.0.0.0/46481] WARN  events.EventQueue (EventQueue.java:fireEvent(194)) - No event handler registered for event TypedEvent{payloadType=SafeModeStatus, name='Safe mode status'}
2022-05-26 01:46:18,072 [Listener at 0.0.0.0/46481] INFO  ha.SCMContext (SCMContext.java:updateSafeModeStatus(211)) - Update SafeModeStatus from SafeModeStatus{safeModeStatus=true, preCheckPassed=false} to SafeModeStatus{safeModeStatus=true, preCheckPassed=false}.
2022-05-26 01:46:18,080 [Listener at 0.0.0.0/46481] INFO  server.StorageContainerManager (StorageContainerManager.java:start(1385)) - StorageContainerLocationProtocol RPC server is listening at /0.0.0.0:46481
2022-05-26 01:46:18,081 [Listener at 0.0.0.0/46481] WARN  impl.MetricsConfig (MetricsConfig.java:loadFirst(136)) - Cannot locate configuration: tried hadoop-metrics2-storagecontainermanager.properties,hadoop-metrics2.properties
2022-05-26 01:46:18,085 [Listener at 0.0.0.0/46481] INFO  impl.MetricsSystemImpl (MetricsSystemImpl.java:startTimer(378)) - Scheduled Metric snapshot period at 10 second(s).
2022-05-26 01:46:18,085 [Listener at 0.0.0.0/46481] INFO  impl.MetricsSystemImpl (MetricsSystemImpl.java:start(191)) - StorageContainerManager metrics system started
2022-05-26 01:46:18,141 [Listener at 0.0.0.0/46481] INFO  impl.MetricsSinkAdapter (MetricsSinkAdapter.java:start(204)) - Sink prometheus started
2022-05-26 01:46:18,141 [Listener at 0.0.0.0/46481] INFO  impl.MetricsSystemImpl (MetricsSystemImpl.java:registerSink(305)) - Registered sink prometheus
2022-05-26 01:46:18,188 [Listener at 0.0.0.0/46481] INFO  server.SCMClientProtocolServer (SCMClientProtocolServer.java:start(169)) - RPC server for Client  is listening at /0.0.0.0:46481
2022-05-26 01:46:18,196 [IPC Server Responder] INFO  ipc.Server (Server.java:run(1507)) - IPC Server Responder: starting
2022-05-26 01:46:18,206 [Listener at 0.0.0.0/46481] INFO  server.StorageContainerManager (StorageContainerManager.java:start(1400)) - ScmBlockLocationProtocol RPC server is listening at /0.0.0.0:37653
2022-05-26 01:46:18,209 [Listener at 0.0.0.0/46481] INFO  server.SCMBlockProtocolServer (SCMBlockProtocolServer.java:start(151)) - RPC server for Block Protocol is listening at /0.0.0.0:37653
2022-05-26 01:46:18,204 [IPC Server listener on 0] INFO  ipc.Server (Server.java:run(1344)) - IPC Server listener on 0: starting
2022-05-26 01:46:18,212 [IPC Server Responder] INFO  ipc.Server (Server.java:run(1507)) - IPC Server Responder: starting
2022-05-26 01:46:18,212 [IPC Server listener on 0] INFO  ipc.Server (Server.java:run(1344)) - IPC Server listener on 0: starting
2022-05-26 01:46:18,229 [Listener at 0.0.0.0/46481] INFO  server.SCMDatanodeProtocolServer (SCMDatanodeProtocolServer.java:start(183)) - ScmDatanodeProtocol RPC server for DataNodes is listening at /0.0.0.0:46173
2022-05-26 01:46:18,230 [IPC Server Responder] INFO  ipc.Server (Server.java:run(1507)) - IPC Server Responder: starting
2022-05-26 01:46:18,230 [IPC Server listener on 0] INFO  ipc.Server (Server.java:run(1344)) - IPC Server listener on 0: starting
2022-05-26 01:46:18,244 [Listener at 0.0.0.0/46481] INFO  http.BaseHttpServer (BaseHttpServer.java:newHttpServer2BuilderForOzone(209)) - Starting Web-server for scm at: http://0.0.0.0:0
2022-05-26 01:46:18,245 [Listener at 0.0.0.0/46481] INFO  http.BaseHttpServer (BaseHttpServer.java:<init>(107)) - Hadoop Security Enabled: false Ozone Security Enabled: false Ozone HTTP Security Enabled: false 
2022-05-26 01:46:18,246 [Listener at 0.0.0.0/46481] INFO  server.AuthenticationFilter (AuthenticationFilter.java:constructSecretProvider(240)) - Unable to initialize FileSignerSecretProvider, falling back to use random secrets.
2022-05-26 01:46:18,260 [Listener at 0.0.0.0/46481] WARN  http.HttpRequestLog (HttpRequestLog.java:getRequestLog(103)) - Jetty request log can only be enabled using Log4j
2022-05-26 01:46:18,266 [Listener at 0.0.0.0/46481] INFO  http.HttpServer2 (HttpServer2.java:addGlobalFilter(1030)) - Added global filter 'safety' (class=org.apache.hadoop.hdds.server.http.HttpServer2$QuotingInputFilter)
2022-05-26 01:46:18,267 [Listener at 0.0.0.0/46481] INFO  http.HttpServer2 (HttpServer2.java:addFilter(1006)) - Added filter static_user_filter (class=org.apache.hadoop.http.lib.StaticUserWebFilter$StaticUserFilter) to context scm
2022-05-26 01:46:18,267 [Listener at 0.0.0.0/46481] INFO  http.HttpServer2 (HttpServer2.java:addFilter(1014)) - Added filter static_user_filter (class=org.apache.hadoop.http.lib.StaticUserWebFilter$StaticUserFilter) to context static
2022-05-26 01:46:18,267 [Listener at 0.0.0.0/46481] INFO  http.HttpServer2 (HttpServer2.java:addFilter(1014)) - Added filter static_user_filter (class=org.apache.hadoop.http.lib.StaticUserWebFilter$StaticUserFilter) to context logs
2022-05-26 01:46:18,267 [Listener at 0.0.0.0/46481] INFO  http.HttpServer2 (HttpServer2.java:bindListener(1249)) - Jetty bound to port 43329
2022-05-26 01:46:18,267 [Listener at 0.0.0.0/46481] INFO  server.Server (Server.java:doStart(375)) - jetty-9.4.43.v20210629; built: 2021-06-30T11:07:22.254Z; git: 526006ecfa3af7f1a27ef3a288e2bef7ea9dd7e8; jvm 1.8.0_332-b09
2022-05-26 01:46:18,276 [org.apache.hadoop.util.JvmPauseMonitor$Monitor@4dae96a] INFO  util.JvmPauseMonitor (JvmPauseMonitor.java:run(188)) - Starting JVM pause monitor
2022-05-26 01:46:18,332 [Listener at 0.0.0.0/46481] INFO  server.session (DefaultSessionIdManager.java:doStart(334)) - DefaultSessionIdManager workerName=node0
2022-05-26 01:46:18,332 [Listener at 0.0.0.0/46481] INFO  server.session (DefaultSessionIdManager.java:doStart(339)) - No SessionScavenger set, using defaults
2022-05-26 01:46:18,332 [Listener at 0.0.0.0/46481] INFO  server.session (HouseKeeper.java:startScavenging(132)) - node0 Scavenging every 660000ms
2022-05-26 01:46:18,361 [Listener at 0.0.0.0/46481] INFO  handler.ContextHandler (ContextHandler.java:doStart(915)) - Started o.e.j.s.ServletContextHandler@86cc19{logs,/logs,file:///home/runner/work/ozone/ozone/hadoop-ozone/integration-test/target/log,AVAILABLE}
2022-05-26 01:46:18,361 [Listener at 0.0.0.0/46481] INFO  handler.ContextHandler (ContextHandler.java:doStart(915)) - Started o.e.j.s.ServletContextHandler@3ca35bd{static,/static,file:///home/runner/work/ozone/ozone/hadoop-ozone/integration-test/target/test-classes/webapps/static,AVAILABLE}
2022-05-26 01:46:18,364 [Listener at 0.0.0.0/46481] INFO  handler.ContextHandler (ContextHandler.java:doStart(915)) - Started o.e.j.w.WebAppContext@77f30472{scm,/,file:///home/runner/work/ozone/ozone/hadoop-ozone/integration-test/target/test-classes/webapps/scm/,AVAILABLE}{file:/home/runner/work/ozone/ozone/hadoop-ozone/integration-test/target/test-classes/webapps/scm}
2022-05-26 01:46:18,417 [Listener at 0.0.0.0/46481] INFO  server.AbstractConnector (AbstractConnector.java:doStart(331)) - Started ServerConnector@3835302c{HTTP/1.1, (http/1.1)}{0.0.0.0:43329}
2022-05-26 01:46:18,418 [Listener at 0.0.0.0/46481] INFO  server.Server (Server.java:doStart(415)) - Started @217189ms
2022-05-26 01:46:18,418 [Listener at 0.0.0.0/46481] WARN  impl.MetricsSystemImpl (MetricsSystemImpl.java:register(279)) - Sink prometheus already exists!
2022-05-26 01:46:18,420 [Listener at 0.0.0.0/46481] INFO  http.BaseHttpServer (BaseHttpServer.java:updateConnectorAddress(329)) - HTTP server of scm listening at http://0.0.0.0:43329
2022-05-26 01:46:18,420 [Listener at 0.0.0.0/46481] WARN  server.ServerUtils (ServerUtils.java:getDBPath(225)) - ozone.om.db.dirs is not configured. We recommend adding this setting. Falling back to ozone.metadata.dirs instead.
2022-05-26 01:46:18,429 [Listener at 0.0.0.0/46481] INFO  ha.OMHANodeDetails (OMHANodeDetails.java:loadOMHAConfig(115)) - ozone.om.internal.service.id is not defined, falling back to ozone.om.service.ids to find serviceID for OzoneManager if it is HA enabled cluster
2022-05-26 01:46:18,429 [Listener at 0.0.0.0/46481] INFO  ha.OMHANodeDetails (OMHANodeDetails.java:loadOMHAConfig(226)) - Configuration does not have ozone.om.address set. Falling back to the default OM address /127.0.0.1:0
2022-05-26 01:46:18,429 [Listener at 0.0.0.0/46481] INFO  ha.OMHANodeDetails (OMHANodeDetails.java:getOMNodeDetailsForNonHA(254)) - OM Service ID is not set. Setting it to the default ID: omServiceIdDefault
2022-05-26 01:46:18,429 [Listener at 0.0.0.0/46481] INFO  ha.OMHANodeDetails (OMHANodeDetails.java:getOMNodeDetailsForNonHA(261)) - OM Node ID is not set. Setting it to the default ID: om1
2022-05-26 01:46:18,429 [Listener at 0.0.0.0/46481] WARN  server.ServerUtils (ServerUtils.java:getDBPath(225)) - ozone.om.db.dirs is not configured. We recommend adding this setting. Falling back to ozone.metadata.dirs instead.
2022-05-26 01:46:18,430 [Listener at 0.0.0.0/46481] INFO  upgrade.AbstractLayoutVersionManager (AbstractLayoutVersionManager.java:init(79)) - Initializing Layout version manager with metadata layout = BUCKET_LAYOUT_SUPPORT (version = 2), software layout = BUCKET_LAYOUT_SUPPORT (version = 2)
2022-05-26 01:46:18,674 [Listener at 0.0.0.0/46481] INFO  reflections.Reflections (Reflections.java:scan(232)) - Reflections took 243 ms to scan 2 urls, producing 143 keys and 371 values [using 2 cores]
2022-05-26 01:46:18,675 [Listener at 0.0.0.0/46481] INFO  upgrade.OMLayoutVersionManager (OMLayoutVersionManager.java:lambda$0(115)) - Skipping Upgrade Action MockOmUpgradeAction since it has been finalized.
2022-05-26 01:46:18,675 [Listener at 0.0.0.0/46481] WARN  server.ServerUtils (ServerUtils.java:getDBPath(225)) - ozone.om.db.dirs is not configured. We recommend adding this setting. Falling back to ozone.metadata.dirs instead.
2022-05-26 01:46:18,675 [Listener at 0.0.0.0/46481] INFO  proxy.SCMBlockLocationFailoverProxyProvider (SCMBlockLocationFailoverProxyProvider.java:<init>(114)) - Created block location fail-over proxy with 1 nodes: [nodeId=scmNodeId,nodeAddress=/0.0.0.0:37653]
2022-05-26 01:46:18,676 [Listener at 0.0.0.0/46481] INFO  proxy.SCMBlockLocationFailoverProxyProvider (SCMBlockLocationFailoverProxyProvider.java:<init>(114)) - Created block location fail-over proxy with 1 nodes: [nodeId=scmNodeId,nodeAddress=/0.0.0.0:37653]
2022-05-26 01:46:18,729 [Listener at 0.0.0.0/46481] WARN  server.ServerUtils (ServerUtils.java:getDBPath(225)) - ozone.om.db.dirs is not configured. We recommend adding this setting. Falling back to ozone.metadata.dirs instead.
2022-05-26 01:46:18,729 [Listener at 0.0.0.0/46481] INFO  codec.OmKeyInfoCodec (OmKeyInfoCodec.java:<init>(49)) - OmKeyInfoCodec ignorePipeline = true
2022-05-26 01:46:18,729 [Listener at 0.0.0.0/46481] INFO  codec.RepeatedOmKeyInfoCodec (RepeatedOmKeyInfoCodec.java:<init>(41)) - RepeatedOmKeyInfoCodec ignorePipeline = true
2022-05-26 01:46:19,242 [Listener at 0.0.0.0/46481] INFO  om.OzoneManager (OzoneManager.java:addS3GVolumeToDB(3894)) - Created Volume s3v With Owner runner required for S3Gateway operations.
2022-05-26 01:46:19,242 [Listener at 0.0.0.0/46481] WARN  server.ServerUtils (ServerUtils.java:getDefaultRatisDirectory(237)) - Storage directory for Ratis is not configured. It is a good idea to map this to an SSD disk. Falling back to ozone.metadata.dirs
2022-05-26 01:46:19,242 [Listener at 0.0.0.0/46481] WARN  utils.OzoneManagerRatisUtils (OzoneManagerRatisUtils.java:getOMRatisSnapshotDirectory(395)) - ozone.om.ratis.snapshot.dir is not configured. Falling back to ozone.metadata.dirs config
2022-05-26 01:46:19,242 [Listener at 0.0.0.0/46481] WARN  server.ServerUtils (ServerUtils.java:getDefaultRatisDirectory(237)) - Storage directory for Ratis is not configured. It is a good idea to map this to an SSD disk. Falling back to ozone.metadata.dirs
2022-05-26 01:46:19,247 [Listener at 0.0.0.0/46481] INFO  ratis.OzoneManagerRatisServer (OzoneManagerRatisServer.java:<init>(159)) - Instantiating OM Ratis server with groupID: omServiceIdDefault and peers: localhost:9872
2022-05-26 01:46:19,248 [Listener at 0.0.0.0/46481] INFO  ratis.OzoneManagerStateMachine (OzoneManagerStateMachine.java:loadSnapshotInfoFromDB(627)) - LastAppliedIndex is set from TransactionInfo from OM DB as (t:0, i:~)
2022-05-26 01:46:19,253 [Listener at 0.0.0.0/46481] INFO  server.RaftServer (ConfUtils.java:logGet(46)) - raft.rpc.type = GRPC (default)
2022-05-26 01:46:19,253 [Listener at 0.0.0.0/46481] INFO  grpc.GrpcFactory (GrpcFactory.java:checkPooledByteBufAllocatorUseCacheForAllThreads(48)) - PERFORMANCE WARNING: useCacheForAllThreads is true that may cause Netty to create a lot garbage objects and, as a result, trigger GC.
	It is recommended to disable useCacheForAllThreads by setting -Dorg.apache.ratis.thirdparty.io.netty.allocator.useCacheForAllThreads=false in command line.
2022-05-26 01:46:19,253 [Listener at 0.0.0.0/46481] INFO  grpc.GrpcConfigKeys (ConfUtils.java:logGet(46)) - raft.grpc.admin.port = -1 (default)
2022-05-26 01:46:19,253 [Listener at 0.0.0.0/46481] INFO  grpc.GrpcConfigKeys (ConfUtils.java:logGet(46)) - raft.grpc.server.port = 9872 (custom)
2022-05-26 01:46:19,253 [Listener at 0.0.0.0/46481] INFO  grpc.GrpcConfigKeys (ConfUtils.java:logGet(46)) - raft.grpc.client.port = -1 (default)
2022-05-26 01:46:19,253 [Listener at 0.0.0.0/46481] INFO  grpc.GrpcConfigKeys (ConfUtils.java:logGet(46)) - raft.grpc.server.port = 9872 (custom)
2022-05-26 01:46:19,254 [Listener at 0.0.0.0/46481] INFO  grpc.GrpcConfigKeys (ConfUtils.java:logGet(46)) - raft.grpc.server.port = 9872 (custom)
2022-05-26 01:46:19,254 [Listener at 0.0.0.0/46481] INFO  server.GrpcService (ConfUtils.java:logGet(46)) - raft.grpc.message.size.max = 33554432 (custom)
2022-05-26 01:46:19,254 [Listener at 0.0.0.0/46481] INFO  server.RaftServerConfigKeys (ConfUtils.java:logGet(46)) - raft.server.log.appender.buffer.byte-limit = 33554432 (custom)
2022-05-26 01:46:19,254 [Listener at 0.0.0.0/46481] INFO  server.GrpcService (ConfUtils.java:logGet(46)) - raft.grpc.flow.control.window = 1MB (=1048576) (default)
2022-05-26 01:46:19,254 [Listener at 0.0.0.0/46481] INFO  server.RaftServerConfigKeys (ConfUtils.java:logGet(46)) - raft.server.rpc.request.timeout = 3000ms (default)
2022-05-26 01:46:19,254 [Listener at 0.0.0.0/46481] INFO  grpc.GrpcConfigKeys (ConfUtils.java:logGet(46)) - raft.grpc.server.async.request.thread.pool.cached = true (default)
2022-05-26 01:46:19,254 [Listener at 0.0.0.0/46481] INFO  grpc.GrpcConfigKeys (ConfUtils.java:logGet(46)) - raft.grpc.server.async.request.thread.pool.size = 32 (default)
2022-05-26 01:46:19,256 [Listener at 0.0.0.0/46481] INFO  impl.DataStreamServerImpl (ConfUtils.java:logGet(46)) - raft.datastream.type = DISABLED (default)
2022-05-26 01:46:19,256 [Listener at 0.0.0.0/46481] INFO  server.RaftServerConfigKeys (ConfUtils.java:logGet(46)) - raft.server.threadpool.proxy.cached = true (default)
2022-05-26 01:46:19,256 [Listener at 0.0.0.0/46481] INFO  server.RaftServerConfigKeys (ConfUtils.java:logGet(46)) - raft.server.threadpool.proxy.size = 0 (default)
2022-05-26 01:46:19,256 [Listener at 0.0.0.0/46481] INFO  server.RaftServerConfigKeys (ConfUtils.java:logGet(46)) - raft.server.rpc.slowness.timeout = 120s (custom)
2022-05-26 01:46:19,256 [Listener at 0.0.0.0/46481] INFO  server.RaftServerConfigKeys (ConfUtils.java:logGet(46)) - raft.server.leaderelection.leader.step-down.wait-time = 10s (default)
2022-05-26 01:46:19,256 [Listener at 0.0.0.0/46481] INFO  server.RaftServerConfigKeys (ConfUtils.java:logGet(46)) - raft.server.storage.dir = [/home/runner/work/ozone/ozone/hadoop-ozone/integration-test/target/test-dir/MiniOzoneClusterImpl-6102e5ce-5215-4002-8b5c-988ca6cc3a5c/ozone-meta/ratis] (custom)
2022-05-26 01:46:19,257 [Listener at 0.0.0.0/46481] INFO  server.RaftServer (RaftServerProxy.java:addNew(96)) - om1: addNew group-C5BA1605619E:[om1|rpc:localhost:9872|priority:0] returns group-C5BA1605619E:java.util.concurrent.CompletableFuture@45f0d8f5[Not completed]
2022-05-26 01:46:19,257 [Listener at 0.0.0.0/46481] INFO  om.OzoneManager (OzoneManager.java:initializeRatisServer(1901)) - OzoneManager Ratis server initialized at port 9872
2022-05-26 01:46:19,258 [Listener at 0.0.0.0/46481] INFO  om.OzoneManager (OzoneManager.java:getRpcServer(1030)) - Creating RPC Server
2022-05-26 01:46:19,259 [pool-688-thread-1] INFO  server.RaftServer$Division (RaftServerImpl.java:<init>(190)) - om1: new RaftServerImpl for group-C5BA1605619E:[om1|rpc:localhost:9872|priority:0] with OzoneManagerStateMachine:uninitialized
2022-05-26 01:46:19,259 [pool-688-thread-1] INFO  server.RaftServerConfigKeys (ConfUtils.java:logGet(46)) - raft.server.rpc.timeout.min = 1s (custom)
2022-05-26 01:46:19,259 [pool-688-thread-1] INFO  server.RaftServerConfigKeys (ConfUtils.java:logGet(46)) - raft.server.rpc.timeout.max = 1200ms (custom)
2022-05-26 01:46:19,259 [pool-688-thread-1] INFO  server.RaftServerConfigKeys (ConfUtils.java:logGet(46)) - raft.server.rpc.sleep.time = 25ms (default)
2022-05-26 01:46:19,259 [pool-688-thread-1] INFO  server.RaftServerConfigKeys (ConfUtils.java:logGet(46)) - raft.server.rpc.slowness.timeout = 120s (custom)
2022-05-26 01:46:19,259 [pool-688-thread-1] INFO  server.RaftServerConfigKeys (ConfUtils.java:logGet(46)) - raft.server.leaderelection.leader.step-down.wait-time = 10s (default)
2022-05-26 01:46:19,259 [pool-688-thread-1] INFO  server.RaftServerConfigKeys (ConfUtils.java:logGet(46)) - raft.server.sleep.deviation.threshold = 300ms (default)
2022-05-26 01:46:19,259 [pool-688-thread-1] INFO  server.RaftServer$Division (ServerState.java:<init>(107)) - om1@group-C5BA1605619E: ConfigurationManager, init=-1: [om1|rpc:localhost:9872|priority:0], old=null, confs=<EMPTY_MAP>
2022-05-26 01:46:19,259 [pool-688-thread-1] INFO  server.RaftServerConfigKeys (ConfUtils.java:logGet(46)) - raft.server.storage.dir = [/home/runner/work/ozone/ozone/hadoop-ozone/integration-test/target/test-dir/MiniOzoneClusterImpl-6102e5ce-5215-4002-8b5c-988ca6cc3a5c/ozone-meta/ratis] (custom)
2022-05-26 01:46:19,259 [pool-688-thread-1] INFO  server.RaftServerConfigKeys (ConfUtils.java:logGet(46)) - raft.server.log.corruption.policy = EXCEPTION (default)
2022-05-26 01:46:19,259 [pool-688-thread-1] INFO  server.RaftServerConfigKeys (ConfUtils.java:logGet(46)) - raft.server.storage.free-space.min = 0MB (=0) (default)
2022-05-26 01:46:19,260 [pool-688-thread-1] INFO  storage.RaftStorageDirectory (RaftStorageDirectoryImpl.java:analyzeStorage(135)) - The storage directory /home/runner/work/ozone/ozone/hadoop-ozone/integration-test/target/test-dir/MiniOzoneClusterImpl-6102e5ce-5215-4002-8b5c-988ca6cc3a5c/ozone-meta/ratis/bf265839-605b-3f16-9796-c5ba1605619e does not exist. Creating ...
2022-05-26 01:46:19,261 [pool-688-thread-1] INFO  storage.RaftStorageDirectory (RaftStorageDirectoryImpl.java:tryLock(230)) - Lock on /home/runner/work/ozone/ozone/hadoop-ozone/integration-test/target/test-dir/MiniOzoneClusterImpl-6102e5ce-5215-4002-8b5c-988ca6cc3a5c/ozone-meta/ratis/bf265839-605b-3f16-9796-c5ba1605619e/in_use.lock acquired by nodename 11847@fv-az270-854
2022-05-26 01:46:19,262 [pool-688-thread-1] INFO  storage.RaftStorage (RaftStorageImpl.java:format(89)) - Storage directory /home/runner/work/ozone/ozone/hadoop-ozone/integration-test/target/test-dir/MiniOzoneClusterImpl-6102e5ce-5215-4002-8b5c-988ca6cc3a5c/ozone-meta/ratis/bf265839-605b-3f16-9796-c5ba1605619e has been successfully formatted.
2022-05-26 01:46:19,262 [pool-688-thread-1] INFO  server.RaftServerConfigKeys (ConfUtils.java:logGet(46)) - raft.server.notification.no-leader.timeout = 120s (custom)
2022-05-26 01:46:19,262 [pool-688-thread-1] INFO  server.RaftServerConfigKeys (ConfUtils.java:logGet(46)) - raft.server.log.use.memory = false (default)
2022-05-26 01:46:19,262 [pool-688-thread-1] INFO  server.RaftServerConfigKeys (ConfUtils.java:logGet(46)) - raft.server.log.purge.gap = 1000000 (custom)
2022-05-26 01:46:19,262 [pool-688-thread-1] INFO  server.RaftServerConfigKeys (ConfUtils.java:logGet(46)) - raft.server.log.appender.buffer.byte-limit = 33554432 (custom)
2022-05-26 01:46:19,262 [pool-688-thread-1] INFO  server.RaftServerConfigKeys (ConfUtils.java:logGet(46)) - raft.server.log.statemachine.data.read.timeout = 1000ms (default)
2022-05-26 01:46:19,263 [pool-688-thread-1] INFO  server.RaftServerConfigKeys (ConfUtils.java:logGet(46)) - raft.server.log.segment.size.max = 4194304 (custom)
2022-05-26 01:46:19,263 [pool-688-thread-1] INFO  server.RaftServerConfigKeys (ConfUtils.java:logGet(46)) - raft.server.log.segment.cache.num.max = 2 (custom)
2022-05-26 01:46:19,263 [pool-688-thread-1] INFO  server.RaftServerConfigKeys (ConfUtils.java:logGet(46)) - raft.server.log.segment.cache.size.max = 200MB (=209715200) (default)
2022-05-26 01:46:19,263 [pool-688-thread-1] INFO  segmented.SegmentedRaftLogWorker (SegmentedRaftLogWorker.java:<init>(187)) - new om1@group-C5BA1605619E-SegmentedRaftLogWorker for RaftStorageImpl:Storage Directory /home/runner/work/ozone/ozone/hadoop-ozone/integration-test/target/test-dir/MiniOzoneClusterImpl-6102e5ce-5215-4002-8b5c-988ca6cc3a5c/ozone-meta/ratis/bf265839-605b-3f16-9796-c5ba1605619e
2022-05-26 01:46:19,263 [pool-688-thread-1] INFO  server.RaftServerConfigKeys (ConfUtils.java:logGet(46)) - raft.server.log.queue.byte-limit = 64MB (=67108864) (default)
2022-05-26 01:46:19,263 [pool-688-thread-1] INFO  server.RaftServerConfigKeys (ConfUtils.java:logGet(46)) - raft.server.log.queue.element-limit = 4096 (default)
2022-05-26 01:46:19,263 [pool-688-thread-1] INFO  server.RaftServerConfigKeys (ConfUtils.java:logGet(46)) - raft.server.log.segment.size.max = 4194304 (custom)
2022-05-26 01:46:19,263 [pool-688-thread-1] INFO  server.RaftServerConfigKeys (ConfUtils.java:logGet(46)) - raft.server.log.preallocated.size = 4194304 (custom)
2022-05-26 01:46:19,263 [pool-688-thread-1] INFO  server.RaftServerConfigKeys (ConfUtils.java:logGet(46)) - raft.server.log.force.sync.num = 128 (default)
2022-05-26 01:46:19,263 [pool-688-thread-1] INFO  server.RaftServerConfigKeys (ConfUtils.java:logGet(46)) - raft.server.log.statemachine.data.sync = true (default)
2022-05-26 01:46:19,263 [pool-688-thread-1] INFO  server.RaftServerConfigKeys (ConfUtils.java:logGet(46)) - raft.server.log.statemachine.data.sync.timeout = 10s (default)
2022-05-26 01:46:19,263 [pool-688-thread-1] INFO  server.RaftServerConfigKeys (ConfUtils.java:logGet(46)) - raft.server.log.statemachine.data.sync.timeout.retry = -1 (default)
2022-05-26 01:46:19,295 [pool-688-thread-1] INFO  server.RaftServerConfigKeys (ConfUtils.java:logGet(46)) - raft.server.log.write.buffer.size = 64KB (=65536) (default)
2022-05-26 01:46:19,295 [pool-688-thread-1] INFO  server.RaftServerConfigKeys (ConfUtils.java:logGet(46)) - raft.server.log.unsafe-flush.enabled = false (default)
2022-05-26 01:46:19,295 [pool-688-thread-1] INFO  server.RaftServerConfigKeys (ConfUtils.java:logGet(46)) - raft.server.log.statemachine.data.caching.enabled = false (default)
2022-05-26 01:46:19,295 [pool-688-thread-1] INFO  segmented.SegmentedRaftLogWorker (SegmentedRaftLogWorker.java:lambda$new$0(135)) - om1@group-C5BA1605619E-SegmentedRaftLogWorker: flushIndex: setUnconditionally 0 -> -1
2022-05-26 01:46:19,295 [pool-688-thread-1] INFO  segmented.SegmentedRaftLogWorker (SegmentedRaftLogWorker.java:lambda$new$0(135)) - om1@group-C5BA1605619E-SegmentedRaftLogWorker: safeCacheEvictIndex: setUnconditionally 0 -> -1
2022-05-26 01:46:19,340 [pool-688-thread-1] INFO  server.RaftServerConfigKeys (ConfUtils.java:logGet(46)) - raft.server.snapshot.auto.trigger.enabled = true (custom)
2022-05-26 01:46:19,340 [pool-688-thread-1] INFO  server.RaftServerConfigKeys (ConfUtils.java:logGet(46)) - raft.server.snapshot.auto.trigger.threshold = 400000 (default)
2022-05-26 01:46:19,340 [pool-688-thread-1] INFO  server.RaftServerConfigKeys (ConfUtils.java:logGet(46)) - raft.server.snapshot.retention.file.num = -1 (default)
2022-05-26 01:46:19,340 [pool-688-thread-1] INFO  server.RaftServerConfigKeys (ConfUtils.java:logGet(46)) - raft.server.log.purge.upto.snapshot.index = true (custom)
2022-05-26 01:46:19,340 [pool-688-thread-1] INFO  server.RaftServerConfigKeys (ConfUtils.java:logGet(46)) - raft.server.retrycache.expirytime = 300s (custom)
2022-05-26 01:46:19,340 [pool-688-thread-1] INFO  server.RaftServerConfigKeys (ConfUtils.java:logGet(46)) - raft.server.retrycache.statistics.expirytime = 100μs (default)
2022-05-26 01:46:19,341 [pool-688-thread-1] INFO  server.RaftServerConfigKeys (ConfUtils.java:logGet(46)) - raft.server.log.appender.install.snapshot.enabled = false (custom)
2022-05-26 01:46:19,342 [pool-688-thread-1] INFO  server.RaftServerConfigKeys (ConfUtils.java:logGet(46)) - raft.server.threadpool.server.cached = true (default)
2022-05-26 01:46:19,342 [pool-688-thread-1] INFO  server.RaftServerConfigKeys (ConfUtils.java:logGet(46)) - raft.server.threadpool.server.size = 0 (default)
2022-05-26 01:46:19,342 [pool-688-thread-1] INFO  server.RaftServerConfigKeys (ConfUtils.java:logGet(46)) - raft.server.threadpool.client.cached = true (default)
2022-05-26 01:46:19,342 [pool-688-thread-1] INFO  server.RaftServerConfigKeys (ConfUtils.java:logGet(46)) - raft.server.threadpool.client.size = 0 (default)
2022-05-26 01:46:20,548 [Listener at 0.0.0.0/46481] INFO  reflections.Reflections (Reflections.java:scan(232)) - Reflections took 1289 ms to scan 19 urls, producing 61 keys and 3727 values [using 2 cores]
2022-05-26 01:46:20,549 [Listener at 0.0.0.0/46481] INFO  ipc.CallQueueManager (CallQueueManager.java:<init>(90)) - Using callQueue: class java.util.concurrent.LinkedBlockingQueue, queueCapacity: 2000, scheduler: class org.apache.hadoop.ipc.DefaultRpcScheduler, ipcBackoff: false.
2022-05-26 01:46:20,556 [Socket Reader #1 for port 0] INFO  ipc.Server (Server.java:run(1265)) - Starting Socket Reader #1 for port 0
2022-05-26 01:46:20,708 [Listener at 127.0.0.1/39025] INFO  impl.MetricsSystemImpl (MetricsSystemImpl.java:init(158)) - OzoneManager metrics system started (again)
2022-05-26 01:46:20,745 [Listener at 127.0.0.1/39025] INFO  om.OzoneManager (OzoneManager.java:start(1405)) - OzoneManager RPC server is listening at localhost/127.0.0.1:39025
2022-05-26 01:46:20,745 [Listener at 127.0.0.1/39025] INFO  ratis.OzoneManagerRatisServer (OzoneManagerRatisServer.java:start(554)) - Starting OzoneManagerRatisServer om1 at port 9872
2022-05-26 01:46:20,745 [om1-impl-thread1] INFO  server.RaftServer$Division (RaftServerImpl.java:start(310)) - om1@group-C5BA1605619E: start as a follower, conf=-1: [om1|rpc:localhost:9872|priority:0], old=null
2022-05-26 01:46:20,745 [om1-impl-thread1] INFO  server.RaftServer$Division (RaftServerImpl.java:setRole(299)) - om1@group-C5BA1605619E: changes role from      null to FOLLOWER at term 0 for startAsFollower
2022-05-26 01:46:20,745 [om1-impl-thread1] INFO  impl.RoleInfo (RoleInfo.java:updateAndGet(139)) - om1: start om1@group-C5BA1605619E-FollowerState
2022-05-26 01:46:20,747 [om1-impl-thread1] INFO  util.JmxRegister (JmxRegister.java:tryRegister(44)) - Successfully registered JMX Bean with object name Ratis:service=RaftServer,group=group-C5BA1605619E,id=om1
2022-05-26 01:46:20,748 [Listener at 127.0.0.1/39025] INFO  server.RaftServer (RaftServerProxy.java:lambda$start$6(382)) - om1: start RPC server
2022-05-26 01:46:20,813 [Listener at 127.0.0.1/39025] INFO  server.GrpcService (GrpcService.java:startImpl(260)) - om1: GrpcService started, listening on 9872
2022-05-26 01:46:20,813 [Listener at 127.0.0.1/39025] INFO  om.OzoneManager (OzoneManager.java:start(1421)) - Version File has different layout version (2) than OM DB (null). That is expected if this OM has never been finalized to a newer layout version.
2022-05-26 01:46:20,814 [org.apache.ratis.util.JvmPauseMonitor$$Lambda$677/950145419@7cc25917] INFO  util.JvmPauseMonitor (JvmPauseMonitor.java:run(103)) - JvmPauseMonitor-om1: Started
2022-05-26 01:46:20,828 [Listener at 127.0.0.1/39025] INFO  http.BaseHttpServer (BaseHttpServer.java:newHttpServer2BuilderForOzone(209)) - Starting Web-server for ozoneManager at: http://0.0.0.0:0
2022-05-26 01:46:20,828 [Listener at 127.0.0.1/39025] INFO  http.BaseHttpServer (BaseHttpServer.java:<init>(107)) - Hadoop Security Enabled: false Ozone Security Enabled: false Ozone HTTP Security Enabled: false 
2022-05-26 01:46:20,829 [Listener at 127.0.0.1/39025] INFO  server.AuthenticationFilter (AuthenticationFilter.java:constructSecretProvider(240)) - Unable to initialize FileSignerSecretProvider, falling back to use random secrets.
2022-05-26 01:46:20,900 [Listener at 127.0.0.1/39025] WARN  http.HttpRequestLog (HttpRequestLog.java:getRequestLog(103)) - Jetty request log can only be enabled using Log4j
2022-05-26 01:46:20,901 [Listener at 127.0.0.1/39025] INFO  http.HttpServer2 (HttpServer2.java:addGlobalFilter(1030)) - Added global filter 'safety' (class=org.apache.hadoop.hdds.server.http.HttpServer2$QuotingInputFilter)
2022-05-26 01:46:20,901 [Listener at 127.0.0.1/39025] INFO  http.HttpServer2 (HttpServer2.java:addFilter(1006)) - Added filter static_user_filter (class=org.apache.hadoop.http.lib.StaticUserWebFilter$StaticUserFilter) to context ozoneManager
2022-05-26 01:46:20,902 [Listener at 127.0.0.1/39025] INFO  http.HttpServer2 (HttpServer2.java:addFilter(1014)) - Added filter static_user_filter (class=org.apache.hadoop.http.lib.StaticUserWebFilter$StaticUserFilter) to context static
2022-05-26 01:46:20,902 [Listener at 127.0.0.1/39025] INFO  http.HttpServer2 (HttpServer2.java:addFilter(1014)) - Added filter static_user_filter (class=org.apache.hadoop.http.lib.StaticUserWebFilter$StaticUserFilter) to context logs
2022-05-26 01:46:20,902 [Listener at 127.0.0.1/39025] INFO  http.HttpServer2 (HttpServer2.java:bindListener(1249)) - Jetty bound to port 46273
2022-05-26 01:46:20,902 [Listener at 127.0.0.1/39025] INFO  server.Server (Server.java:doStart(375)) - jetty-9.4.43.v20210629; built: 2021-06-30T11:07:22.254Z; git: 526006ecfa3af7f1a27ef3a288e2bef7ea9dd7e8; jvm 1.8.0_332-b09
2022-05-26 01:46:20,957 [Listener at 127.0.0.1/39025] INFO  server.session (DefaultSessionIdManager.java:doStart(334)) - DefaultSessionIdManager workerName=node0
2022-05-26 01:46:20,958 [Listener at 127.0.0.1/39025] INFO  server.session (DefaultSessionIdManager.java:doStart(339)) - No SessionScavenger set, using defaults
2022-05-26 01:46:20,958 [Listener at 127.0.0.1/39025] INFO  server.session (HouseKeeper.java:startScavenging(132)) - node0 Scavenging every 660000ms
2022-05-26 01:46:20,959 [Listener at 127.0.0.1/39025] INFO  handler.ContextHandler (ContextHandler.java:doStart(915)) - Started o.e.j.s.ServletContextHandler@4c612396{logs,/logs,file:///home/runner/work/ozone/ozone/hadoop-ozone/integration-test/target/log,AVAILABLE}
2022-05-26 01:46:20,959 [Listener at 127.0.0.1/39025] INFO  handler.ContextHandler (ContextHandler.java:doStart(915)) - Started o.e.j.s.ServletContextHandler@1cbc3d6e{static,/static,file:///home/runner/work/ozone/ozone/hadoop-ozone/integration-test/target/test-classes/webapps/static,AVAILABLE}
2022-05-26 01:46:20,982 [Listener at 127.0.0.1/39025] INFO  handler.ContextHandler (ContextHandler.java:doStart(915)) - Started o.e.j.w.WebAppContext@45d7158d{ozoneManager,/,file:///home/runner/work/ozone/ozone/hadoop-ozone/integration-test/target/test-classes/webapps/ozoneManager/,AVAILABLE}{file:/home/runner/work/ozone/ozone/hadoop-ozone/integration-test/target/test-classes/webapps/ozoneManager}
2022-05-26 01:46:21,036 [Listener at 127.0.0.1/39025] INFO  server.AbstractConnector (AbstractConnector.java:doStart(331)) - Started ServerConnector@17f82819{HTTP/1.1, (http/1.1)}{0.0.0.0:46273}
2022-05-26 01:46:21,036 [Listener at 127.0.0.1/39025] INFO  server.Server (Server.java:doStart(415)) - Started @219807ms
2022-05-26 01:46:21,036 [Listener at 127.0.0.1/39025] WARN  impl.MetricsSystemImpl (MetricsSystemImpl.java:register(279)) - Sink prometheus already exists!
2022-05-26 01:46:21,037 [Listener at 127.0.0.1/39025] INFO  http.BaseHttpServer (BaseHttpServer.java:updateConnectorAddress(329)) - HTTP server of ozoneManager listening at http://0.0.0.0:46273
2022-05-26 01:46:21,076 [IPC Server Responder] INFO  ipc.Server (Server.java:run(1507)) - IPC Server Responder: starting
2022-05-26 01:46:21,088 [IPC Server listener on 0] INFO  ipc.Server (Server.java:run(1344)) - IPC Server listener on 0: starting
2022-05-26 01:46:21,230 [Listener at 127.0.0.1/39025] INFO  om.OzoneManager (OzoneManager.java:startTrashEmptier(1845)) - Trash Interval set to 0. Files deleted won't move to trash
2022-05-26 01:46:21,271 [Listener at 127.0.0.1/39025] WARN  impl.MetricRegistriesImpl (MetricRegistriesImpl.java:addReporterRegistration(111)) - New reporters are added after registries were created. Some metrics will be missing from the reporter. Please add reporter before adding any new registry.
2022-05-26 01:46:21,271 [Listener at 127.0.0.1/39025] WARN  impl.MetricRegistriesImpl (MetricRegistriesImpl.java:addReporterRegistration(111)) - New reporters are added after registries were created. Some metrics will be missing from the reporter. Please add reporter before adding any new registry.
2022-05-26 01:46:21,271 [Listener at 127.0.0.1/39025] INFO  impl.MetricsSystemImpl (MetricsSystemImpl.java:init(158)) - HddsDatanode metrics system started (again)
2022-05-26 01:46:21,276 [org.apache.hadoop.util.JvmPauseMonitor$Monitor@54ccb107] INFO  util.JvmPauseMonitor (JvmPauseMonitor.java:run(188)) - Starting JVM pause monitor
2022-05-26 01:46:21,316 [Listener at 127.0.0.1/39025] INFO  ozone.HddsDatanodeService (HddsDatanodeService.java:start(236)) - HddsDatanodeService host:fv-az270-854.tacnzluakwdehk1hpragurqkma.bx.internal.cloudapp.net ip:10.1.0.18
2022-05-26 01:46:21,382 [Listener at 127.0.0.1/39025] INFO  upgrade.AbstractLayoutVersionManager (AbstractLayoutVersionManager.java:init(79)) - Initializing Layout version manager with metadata layout = ERASURE_CODED_STORAGE_SUPPORT (version = 3), software layout = ERASURE_CODED_STORAGE_SUPPORT (version = 3)
2022-05-26 01:46:21,567 [Listener at 127.0.0.1/39025] INFO  reflections.Reflections (Reflections.java:scan(232)) - Reflections took 183 ms to scan 7 urls, producing 127 keys and 292 values 
2022-05-26 01:46:21,569 [Listener at 127.0.0.1/39025] INFO  statemachine.DatanodeStateMachine (DatanodeStateMachine.java:getEndPointTaskThreadPoolSize(233)) - Datanode State Machine Task Thread Pool size 2
2022-05-26 01:46:21,581 [Listener at 127.0.0.1/39025] INFO  volume.HddsVolume (HddsVolume.java:<init>(120)) - Creating HddsVolume: /home/runner/work/ozone/ozone/hadoop-ozone/integration-test/target/test-dir/MiniOzoneClusterImpl-6102e5ce-5215-4002-8b5c-988ca6cc3a5c/datanode-0/data-0/containers/hdds of storage type : DISK capacity : 9223372036854775807
2022-05-26 01:46:21,581 [Listener at 127.0.0.1/39025] INFO  volume.MutableVolumeSet (MutableVolumeSet.java:initializeVolumeSet(168)) - Added Volume : /home/runner/work/ozone/ozone/hadoop-ozone/integration-test/target/test-dir/MiniOzoneClusterImpl-6102e5ce-5215-4002-8b5c-988ca6cc3a5c/datanode-0/data-0/containers/hdds to VolumeSet
2022-05-26 01:46:21,581 [Listener at 127.0.0.1/39025] INFO  volume.ThrottledAsyncChecker (ThrottledAsyncChecker.java:schedule(141)) - Scheduling a check for /home/runner/work/ozone/ozone/hadoop-ozone/integration-test/target/test-dir/MiniOzoneClusterImpl-6102e5ce-5215-4002-8b5c-988ca6cc3a5c/datanode-0/data-0/containers/hdds
2022-05-26 01:46:21,582 [Listener at 127.0.0.1/39025] INFO  volume.StorageVolumeChecker (StorageVolumeChecker.java:checkAllVolumes(202)) - Scheduled health check for volume /home/runner/work/ozone/ozone/hadoop-ozone/integration-test/target/test-dir/MiniOzoneClusterImpl-6102e5ce-5215-4002-8b5c-988ca6cc3a5c/datanode-0/data-0/containers/hdds
2022-05-26 01:46:21,611 [Listener at 127.0.0.1/39025] INFO  volume.MutableVolumeSet (MutableVolumeSet.java:initializeVolumeSet(168)) - Added Volume : /home/runner/work/ozone/ozone/hadoop-ozone/integration-test/target/test-dir/MiniOzoneClusterImpl-6102e5ce-5215-4002-8b5c-988ca6cc3a5c/datanode-0/data/ratis to VolumeSet
2022-05-26 01:46:21,611 [Listener at 127.0.0.1/39025] INFO  volume.ThrottledAsyncChecker (ThrottledAsyncChecker.java:schedule(141)) - Scheduling a check for /home/runner/work/ozone/ozone/hadoop-ozone/integration-test/target/test-dir/MiniOzoneClusterImpl-6102e5ce-5215-4002-8b5c-988ca6cc3a5c/datanode-0/data/ratis
2022-05-26 01:46:21,611 [Listener at 127.0.0.1/39025] INFO  volume.StorageVolumeChecker (StorageVolumeChecker.java:checkAllVolumes(202)) - Scheduled health check for volume /home/runner/work/ozone/ozone/hadoop-ozone/integration-test/target/test-dir/MiniOzoneClusterImpl-6102e5ce-5215-4002-8b5c-988ca6cc3a5c/datanode-0/data/ratis
2022-05-26 01:46:21,670 [Thread-1484] INFO  ozoneimpl.ContainerReader (ContainerReader.java:readVolume(172)) - Finish verifying containers on volume /home/runner/work/ozone/ozone/hadoop-ozone/integration-test/target/test-dir/MiniOzoneClusterImpl-6102e5ce-5215-4002-8b5c-988ca6cc3a5c/datanode-0/data-0/containers/hdds
2022-05-26 01:46:21,670 [Listener at 127.0.0.1/39025] INFO  ozoneimpl.OzoneContainer (OzoneContainer.java:buildContainerSet(257)) - Build ContainerSet costs 0s
2022-05-26 01:46:21,672 [Listener at 127.0.0.1/39025] INFO  server.RaftServer (ConfUtils.java:logGet(46)) - raft.rpc.type = GRPC (default)
2022-05-26 01:46:21,673 [Listener at 127.0.0.1/39025] INFO  grpc.GrpcFactory (GrpcFactory.java:checkPooledByteBufAllocatorUseCacheForAllThreads(48)) - PERFORMANCE WARNING: useCacheForAllThreads is true that may cause Netty to create a lot garbage objects and, as a result, trigger GC.
	It is recommended to disable useCacheForAllThreads by setting -Dorg.apache.ratis.thirdparty.io.netty.allocator.useCacheForAllThreads=false in command line.
2022-05-26 01:46:21,673 [Listener at 127.0.0.1/39025] INFO  grpc.GrpcConfigKeys (ConfUtils.java:logGet(46)) - raft.grpc.admin.port = 0 (custom)
2022-05-26 01:46:21,673 [Listener at 127.0.0.1/39025] INFO  grpc.GrpcConfigKeys (ConfUtils.java:logGet(46)) - raft.grpc.client.port = 0 (custom)
2022-05-26 01:46:21,673 [Listener at 127.0.0.1/39025] INFO  grpc.GrpcConfigKeys (ConfUtils.java:logGet(46)) - raft.grpc.server.port = 0 (default)
2022-05-26 01:46:21,673 [Listener at 127.0.0.1/39025] INFO  server.GrpcService (ConfUtils.java:logGet(46)) - raft.grpc.message.size.max = 32MB (=33554432) (custom)
2022-05-26 01:46:21,673 [Listener at 127.0.0.1/39025] INFO  server.RaftServerConfigKeys (ConfUtils.java:logGet(46)) - raft.server.log.appender.buffer.byte-limit = 33554432 (custom)
2022-05-26 01:46:21,673 [Listener at 127.0.0.1/39025] INFO  server.GrpcService (ConfUtils.java:logGet(46)) - raft.grpc.flow.control.window = 5MB (=5242880) (custom)
2022-05-26 01:46:21,673 [Listener at 127.0.0.1/39025] INFO  server.RaftServerConfigKeys (ConfUtils.java:logGet(46)) - raft.server.rpc.request.timeout = 60s (custom)
2022-05-26 01:46:21,674 [Listener at 127.0.0.1/39025] INFO  grpc.GrpcConfigKeys (ConfUtils.java:logGet(46)) - raft.grpc.server.async.request.thread.pool.cached = true (default)
2022-05-26 01:46:21,674 [Listener at 127.0.0.1/39025] INFO  grpc.GrpcConfigKeys (ConfUtils.java:logGet(46)) - raft.grpc.server.async.request.thread.pool.size = 32 (default)
2022-05-26 01:46:21,675 [Listener at 127.0.0.1/39025] INFO  impl.DataStreamServerImpl (ConfUtils.java:logGet(46)) - raft.datastream.type = DISABLED (default)
2022-05-26 01:46:21,675 [Listener at 127.0.0.1/39025] INFO  server.RaftServerConfigKeys (ConfUtils.java:logGet(46)) - raft.server.threadpool.proxy.cached = true (default)
2022-05-26 01:46:21,675 [Listener at 127.0.0.1/39025] INFO  server.RaftServerConfigKeys (ConfUtils.java:logGet(46)) - raft.server.threadpool.proxy.size = 0 (default)
2022-05-26 01:46:21,675 [Listener at 127.0.0.1/39025] INFO  server.RaftServerConfigKeys (ConfUtils.java:logGet(46)) - raft.server.rpc.slowness.timeout = 300s (custom)
2022-05-26 01:46:21,675 [Listener at 127.0.0.1/39025] INFO  server.RaftServerConfigKeys (ConfUtils.java:logGet(46)) - raft.server.leaderelection.leader.step-down.wait-time = 10s (default)
2022-05-26 01:46:21,675 [Listener at 127.0.0.1/39025] INFO  server.RaftServerConfigKeys (ConfUtils.java:logGet(46)) - raft.server.storage.dir = [/home/runner/work/ozone/ozone/hadoop-ozone/integration-test/target/test-dir/MiniOzoneClusterImpl-6102e5ce-5215-4002-8b5c-988ca6cc3a5c/datanode-0/data/ratis] (custom)
2022-05-26 01:46:21,677 [Listener at 127.0.0.1/39025] INFO  server.XceiverServerGrpc (XceiverServerGrpc.java:<init>(132)) - GrpcServer channel type EpollServerSocketChannel
2022-05-26 01:46:21,680 [Listener at 127.0.0.1/39025] INFO  http.BaseHttpServer (BaseHttpServer.java:newHttpServer2BuilderForOzone(209)) - Starting Web-server for hddsDatanode at: http://0.0.0.0:0
2022-05-26 01:46:21,680 [Listener at 127.0.0.1/39025] INFO  http.BaseHttpServer (BaseHttpServer.java:<init>(107)) - Hadoop Security Enabled: false Ozone Security Enabled: false Ozone HTTP Security Enabled: false 
2022-05-26 01:46:21,681 [Listener at 127.0.0.1/39025] INFO  server.AuthenticationFilter (AuthenticationFilter.java:constructSecretProvider(240)) - Unable to initialize FileSignerSecretProvider, falling back to use random secrets.
2022-05-26 01:46:21,681 [Listener at 127.0.0.1/39025] WARN  http.HttpRequestLog (HttpRequestLog.java:getRequestLog(103)) - Jetty request log can only be enabled using Log4j
2022-05-26 01:46:21,682 [Listener at 127.0.0.1/39025] INFO  http.HttpServer2 (HttpServer2.java:addGlobalFilter(1030)) - Added global filter 'safety' (class=org.apache.hadoop.hdds.server.http.HttpServer2$QuotingInputFilter)
2022-05-26 01:46:21,682 [Listener at 127.0.0.1/39025] INFO  http.HttpServer2 (HttpServer2.java:addFilter(1006)) - Added filter static_user_filter (class=org.apache.hadoop.http.lib.StaticUserWebFilter$StaticUserFilter) to context hddsDatanode
2022-05-26 01:46:21,682 [Listener at 127.0.0.1/39025] INFO  http.HttpServer2 (HttpServer2.java:addFilter(1014)) - Added filter static_user_filter (class=org.apache.hadoop.http.lib.StaticUserWebFilter$StaticUserFilter) to context static
2022-05-26 01:46:21,682 [Listener at 127.0.0.1/39025] INFO  http.HttpServer2 (HttpServer2.java:addFilter(1014)) - Added filter static_user_filter (class=org.apache.hadoop.http.lib.StaticUserWebFilter$StaticUserFilter) to context logs
2022-05-26 01:46:21,683 [Listener at 127.0.0.1/39025] INFO  http.HttpServer2 (HttpServer2.java:bindListener(1249)) - Jetty bound to port 40561
2022-05-26 01:46:21,683 [Listener at 127.0.0.1/39025] INFO  server.Server (Server.java:doStart(375)) - jetty-9.4.43.v20210629; built: 2021-06-30T11:07:22.254Z; git: 526006ecfa3af7f1a27ef3a288e2bef7ea9dd7e8; jvm 1.8.0_332-b09
2022-05-26 01:46:21,684 [Listener at 127.0.0.1/39025] INFO  server.session (DefaultSessionIdManager.java:doStart(334)) - DefaultSessionIdManager workerName=node0
2022-05-26 01:46:21,684 [Listener at 127.0.0.1/39025] INFO  server.session (DefaultSessionIdManager.java:doStart(339)) - No SessionScavenger set, using defaults
2022-05-26 01:46:21,684 [Listener at 127.0.0.1/39025] INFO  server.session (HouseKeeper.java:startScavenging(132)) - node0 Scavenging every 660000ms
2022-05-26 01:46:21,690 [Listener at 127.0.0.1/39025] INFO  handler.ContextHandler (ContextHandler.java:doStart(915)) - Started o.e.j.s.ServletContextHandler@3bb0a95c{logs,/logs,file:///home/runner/work/ozone/ozone/hadoop-ozone/integration-test/target/log,AVAILABLE}
2022-05-26 01:46:21,691 [Listener at 127.0.0.1/39025] INFO  handler.ContextHandler (ContextHandler.java:doStart(915)) - Started o.e.j.s.ServletContextHandler@b3013ba{static,/static,jar:file:/home/runner/.m2/repository/org/apache/ozone/hdds-container-service/1.3.0-SNAPSHOT/hdds-container-service-1.3.0-SNAPSHOT.jar!/webapps/static,AVAILABLE}
2022-05-26 01:46:21,829 [om1@group-C5BA1605619E-FollowerState] INFO  impl.FollowerState (FollowerState.java:run(143)) - om1@group-C5BA1605619E-FollowerState: change to CANDIDATE, lastRpcElapsedTime:1083920148ns, electionTimeout:1081ms
2022-05-26 01:46:21,829 [om1@group-C5BA1605619E-FollowerState] INFO  impl.RoleInfo (RoleInfo.java:shutdownFollowerState(110)) - om1: shutdown om1@group-C5BA1605619E-FollowerState
2022-05-26 01:46:21,829 [om1@group-C5BA1605619E-FollowerState] INFO  server.RaftServer$Division (RaftServerImpl.java:setRole(299)) - om1@group-C5BA1605619E: changes role from  FOLLOWER to CANDIDATE at term 0 for changeToCandidate
2022-05-26 01:46:21,829 [om1@group-C5BA1605619E-FollowerState] INFO  server.RaftServerConfigKeys (ConfUtils.java:logGet(46)) - raft.server.leaderelection.pre-vote = false (custom)
2022-05-26 01:46:21,829 [om1@group-C5BA1605619E-FollowerState] INFO  impl.RoleInfo (RoleInfo.java:updateAndGet(139)) - om1: start om1@group-C5BA1605619E-LeaderElection68
2022-05-26 01:46:21,914 [om1@group-C5BA1605619E-LeaderElection68] INFO  impl.LeaderElection (LeaderElection.java:askForVotes(310)) - om1@group-C5BA1605619E-LeaderElection68 ELECTION round 0: submit vote requests at term 1 for -1: [om1|rpc:localhost:9872|priority:0], old=null
2022-05-26 01:46:21,914 [om1@group-C5BA1605619E-LeaderElection68] INFO  impl.LeaderElection (LeaderElection.java:askForVotes(312)) - om1@group-C5BA1605619E-LeaderElection68 ELECTION round 0: result PASSED (term=1)
2022-05-26 01:46:21,914 [om1@group-C5BA1605619E-LeaderElection68] INFO  impl.RoleInfo (RoleInfo.java:shutdownLeaderElection(130)) - om1: shutdown om1@group-C5BA1605619E-LeaderElection68
2022-05-26 01:46:21,915 [om1@group-C5BA1605619E-LeaderElection68] INFO  server.RaftServer$Division (RaftServerImpl.java:setRole(299)) - om1@group-C5BA1605619E: changes role from CANDIDATE to LEADER at term 1 for changeToLeader
2022-05-26 01:46:21,915 [om1@group-C5BA1605619E-LeaderElection68] INFO  server.RaftServer$Division (ServerState.java:setLeader(287)) - om1@group-C5BA1605619E: change Leader from null to om1 at term 1 for becomeLeader, leader elected after 2652ms
2022-05-26 01:46:21,915 [om1@group-C5BA1605619E-LeaderElection68] INFO  server.RaftServerConfigKeys (ConfUtils.java:logGet(46)) - raft.server.staging.catchup.gap = 1000 (default)
2022-05-26 01:46:21,915 [om1@group-C5BA1605619E-LeaderElection68] INFO  server.RaftServerConfigKeys (ConfUtils.java:logGet(46)) - raft.server.write.element-limit = 4096 (default)
2022-05-26 01:46:21,915 [om1@group-C5BA1605619E-LeaderElection68] INFO  server.RaftServerConfigKeys (ConfUtils.java:logGet(46)) - raft.server.write.byte-limit = 64MB (=67108864) (default)
2022-05-26 01:46:21,915 [om1@group-C5BA1605619E-LeaderElection68] INFO  server.RaftServerConfigKeys (ConfUtils.java:logGet(46)) - raft.server.watch.timeout = 10s (default)
2022-05-26 01:46:21,915 [om1@group-C5BA1605619E-LeaderElection68] INFO  server.RaftServerConfigKeys (ConfUtils.java:logGet(46)) - raft.server.watch.timeout.denomination = 1s (default)
2022-05-26 01:46:21,915 [om1@group-C5BA1605619E-LeaderElection68] INFO  server.RaftServerConfigKeys (ConfUtils.java:logGet(46)) - raft.server.watch.element-limit = 65536 (default)
2022-05-26 01:46:21,915 [om1@group-C5BA1605619E-LeaderElection68] INFO  server.RaftServerConfigKeys (ConfUtils.java:logGet(46)) - raft.server.write.element-limit = 4096 (default)
2022-05-26 01:46:21,915 [om1@group-C5BA1605619E-LeaderElection68] INFO  server.RaftServerConfigKeys (ConfUtils.java:logGet(46)) - raft.server.write.follower.gap.ratio.max = -1.0 (default)
2022-05-26 01:46:21,915 [om1@group-C5BA1605619E-LeaderElection68] INFO  impl.RoleInfo (RoleInfo.java:updateAndGet(139)) - om1: start om1@group-C5BA1605619E-LeaderStateImpl
2022-05-26 01:46:21,916 [om1@group-C5BA1605619E-LeaderElection68] INFO  segmented.SegmentedRaftLogWorker (SegmentedRaftLogWorker.java:startLogSegment(425)) - om1@group-C5BA1605619E-SegmentedRaftLogWorker: Starting segment from index:0
2022-05-26 01:46:21,940 [om1@group-C5BA1605619E-SegmentedRaftLogWorker] INFO  segmented.SegmentedRaftLogWorker (SegmentedRaftLogWorker.java:execute(629)) - om1@group-C5BA1605619E-SegmentedRaftLogWorker: created new log segment /home/runner/work/ozone/ozone/hadoop-ozone/integration-test/target/test-dir/MiniOzoneClusterImpl-6102e5ce-5215-4002-8b5c-988ca6cc3a5c/ozone-meta/ratis/bf265839-605b-3f16-9796-c5ba1605619e/current/log_inprogress_0
2022-05-26 01:46:21,954 [om1@group-C5BA1605619E-LeaderElection68] INFO  server.RaftServer$Division (ServerState.java:setRaftConf(393)) - om1@group-C5BA1605619E: set configuration 0: [om1|rpc:localhost:9872|admin:|client:|dataStream:|priority:0], old=null
2022-05-26 01:46:21,984 [om1@group-C5BA1605619E-StateMachineUpdater] INFO  ratis.OzoneManagerStateMachine (OzoneManagerStateMachine.java:notifyConfigurationChanged(191)) - Received Configuration change notification from Ratis. New Peer list:
[id: "om1"
address: "localhost:9872"
]
2022-05-26 01:46:22,387 [Listener at 127.0.0.1/39025] INFO  handler.ContextHandler (ContextHandler.java:doStart(915)) - Started o.e.j.w.WebAppContext@21aa13cf{hddsDatanode,/,file:///tmp/jetty-0_0_0_0-40561-hdds-container-service-1_3_0-SNAPSHOT_jar-_-any-703577731136739226/webapp/,AVAILABLE}{jar:file:/home/runner/.m2/repository/org/apache/ozone/hdds-container-service/1.3.0-SNAPSHOT/hdds-container-service-1.3.0-SNAPSHOT.jar!/webapps/hddsDatanode}
2022-05-26 01:46:22,459 [Listener at 127.0.0.1/39025] INFO  server.AbstractConnector (AbstractConnector.java:doStart(331)) - Started ServerConnector@1ee23559{HTTP/1.1, (http/1.1)}{0.0.0.0:40561}
2022-05-26 01:46:22,459 [Listener at 127.0.0.1/39025] INFO  server.Server (Server.java:doStart(415)) - Started @221230ms
2022-05-26 01:46:22,459 [Listener at 127.0.0.1/39025] WARN  impl.MetricsSystemImpl (MetricsSystemImpl.java:register(279)) - Sink prometheus already exists!
2022-05-26 01:46:22,460 [Listener at 127.0.0.1/39025] INFO  http.BaseHttpServer (BaseHttpServer.java:updateConnectorAddress(329)) - HTTP server of hddsDatanode listening at http://0.0.0.0:40561
2022-05-26 01:46:22,501 [Listener at 127.0.0.1/39025] WARN  impl.MetricRegistriesImpl (MetricRegistriesImpl.java:addReporterRegistration(111)) - New reporters are added after registries were created. Some metrics will be missing from the reporter. Please add reporter before adding any new registry.
2022-05-26 01:46:22,501 [Listener at 127.0.0.1/39025] WARN  impl.MetricRegistriesImpl (MetricRegistriesImpl.java:addReporterRegistration(111)) - New reporters are added after registries were created. Some metrics will be missing from the reporter. Please add reporter before adding any new registry.
2022-05-26 01:46:22,501 [Listener at 127.0.0.1/39025] INFO  impl.MetricsSystemImpl (MetricsSystemImpl.java:init(158)) - HddsDatanode metrics system started (again)
2022-05-26 01:46:22,520 [Datanode State Machine Daemon Thread] INFO  statemachine.DatanodeStateMachine (DatanodeStateMachine.java:lambda$startDaemon$0(481)) - Ozone container server started.
2022-05-26 01:46:22,540 [org.apache.hadoop.util.JvmPauseMonitor$Monitor@793d7ac9] INFO  util.JvmPauseMonitor (JvmPauseMonitor.java:run(188)) - Starting JVM pause monitor
2022-05-26 01:46:22,591 [Datanode State Machine Task Thread - 0] INFO  datanode.InitDatanodeState (InitDatanodeState.java:persistContainerDatanodeDetails(138)) - DatanodeDetails is persisted to /home/runner/work/ozone/ozone/hadoop-ozone/integration-test/target/test-dir/MiniOzoneClusterImpl-6102e5ce-5215-4002-8b5c-988ca6cc3a5c/datanode-0/meta/datanode.id
2022-05-26 01:46:22,593 [Listener at 127.0.0.1/39025] INFO  ozone.HddsDatanodeService (HddsDatanodeService.java:start(236)) - HddsDatanodeService host:fv-az270-854.tacnzluakwdehk1hpragurqkma.bx.internal.cloudapp.net ip:10.1.0.18
2022-05-26 01:46:22,671 [Listener at 127.0.0.1/39025] INFO  upgrade.AbstractLayoutVersionManager (AbstractLayoutVersionManager.java:init(79)) - Initializing Layout version manager with metadata layout = ERASURE_CODED_STORAGE_SUPPORT (version = 3), software layout = ERASURE_CODED_STORAGE_SUPPORT (version = 3)
2022-05-26 01:46:22,742 [Listener at 127.0.0.1/39025] INFO  reflections.Reflections (Reflections.java:scan(232)) - Reflections took 66 ms to scan 7 urls, producing 127 keys and 292 values 
2022-05-26 01:46:22,743 [Listener at 127.0.0.1/39025] INFO  statemachine.DatanodeStateMachine (DatanodeStateMachine.java:getEndPointTaskThreadPoolSize(233)) - Datanode State Machine Task Thread Pool size 2
2022-05-26 01:46:22,784 [Listener at 127.0.0.1/39025] INFO  volume.HddsVolume (HddsVolume.java:<init>(120)) - Creating HddsVolume: /home/runner/work/ozone/ozone/hadoop-ozone/integration-test/target/test-dir/MiniOzoneClusterImpl-6102e5ce-5215-4002-8b5c-988ca6cc3a5c/datanode-1/data-0/containers/hdds of storage type : DISK capacity : 9223372036854775807
2022-05-26 01:46:22,785 [Listener at 127.0.0.1/39025] INFO  volume.MutableVolumeSet (MutableVolumeSet.java:initializeVolumeSet(168)) - Added Volume : /home/runner/work/ozone/ozone/hadoop-ozone/integration-test/target/test-dir/MiniOzoneClusterImpl-6102e5ce-5215-4002-8b5c-988ca6cc3a5c/datanode-1/data-0/containers/hdds to VolumeSet
2022-05-26 01:46:22,785 [Listener at 127.0.0.1/39025] INFO  volume.ThrottledAsyncChecker (ThrottledAsyncChecker.java:schedule(141)) - Scheduling a check for /home/runner/work/ozone/ozone/hadoop-ozone/integration-test/target/test-dir/MiniOzoneClusterImpl-6102e5ce-5215-4002-8b5c-988ca6cc3a5c/datanode-1/data-0/containers/hdds
2022-05-26 01:46:22,796 [Listener at 127.0.0.1/39025] INFO  volume.StorageVolumeChecker (StorageVolumeChecker.java:checkAllVolumes(202)) - Scheduled health check for volume /home/runner/work/ozone/ozone/hadoop-ozone/integration-test/target/test-dir/MiniOzoneClusterImpl-6102e5ce-5215-4002-8b5c-988ca6cc3a5c/datanode-1/data-0/containers/hdds
2022-05-26 01:46:22,830 [Listener at 127.0.0.1/39025] INFO  volume.MutableVolumeSet (MutableVolumeSet.java:initializeVolumeSet(168)) - Added Volume : /home/runner/work/ozone/ozone/hadoop-ozone/integration-test/target/test-dir/MiniOzoneClusterImpl-6102e5ce-5215-4002-8b5c-988ca6cc3a5c/datanode-1/data/ratis to VolumeSet
2022-05-26 01:46:22,831 [Listener at 127.0.0.1/39025] INFO  volume.ThrottledAsyncChecker (ThrottledAsyncChecker.java:schedule(141)) - Scheduling a check for /home/runner/work/ozone/ozone/hadoop-ozone/integration-test/target/test-dir/MiniOzoneClusterImpl-6102e5ce-5215-4002-8b5c-988ca6cc3a5c/datanode-1/data/ratis
2022-05-26 01:46:22,856 [Listener at 127.0.0.1/39025] INFO  volume.StorageVolumeChecker (StorageVolumeChecker.java:checkAllVolumes(202)) - Scheduled health check for volume /home/runner/work/ozone/ozone/hadoop-ozone/integration-test/target/test-dir/MiniOzoneClusterImpl-6102e5ce-5215-4002-8b5c-988ca6cc3a5c/datanode-1/data/ratis
2022-05-26 01:46:22,893 [Thread-1499] INFO  ozoneimpl.ContainerReader (ContainerReader.java:readVolume(172)) - Finish verifying containers on volume /home/runner/work/ozone/ozone/hadoop-ozone/integration-test/target/test-dir/MiniOzoneClusterImpl-6102e5ce-5215-4002-8b5c-988ca6cc3a5c/datanode-1/data-0/containers/hdds
2022-05-26 01:46:22,894 [Listener at 127.0.0.1/39025] INFO  ozoneimpl.OzoneContainer (OzoneContainer.java:buildContainerSet(257)) - Build ContainerSet costs 0s
2022-05-26 01:46:22,927 [Listener at 127.0.0.1/39025] INFO  server.RaftServer (ConfUtils.java:logGet(46)) - raft.rpc.type = GRPC (default)
2022-05-26 01:46:22,928 [Listener at 127.0.0.1/39025] INFO  grpc.GrpcFactory (GrpcFactory.java:checkPooledByteBufAllocatorUseCacheForAllThreads(48)) - PERFORMANCE WARNING: useCacheForAllThreads is true that may cause Netty to create a lot garbage objects and, as a result, trigger GC.
	It is recommended to disable useCacheForAllThreads by setting -Dorg.apache.ratis.thirdparty.io.netty.allocator.useCacheForAllThreads=false in command line.
2022-05-26 01:46:22,928 [Listener at 127.0.0.1/39025] INFO  grpc.GrpcConfigKeys (ConfUtils.java:logGet(46)) - raft.grpc.admin.port = 0 (custom)
2022-05-26 01:46:22,928 [Listener at 127.0.0.1/39025] INFO  grpc.GrpcConfigKeys (ConfUtils.java:logGet(46)) - raft.grpc.client.port = 0 (custom)
2022-05-26 01:46:22,928 [Listener at 127.0.0.1/39025] INFO  grpc.GrpcConfigKeys (ConfUtils.java:logGet(46)) - raft.grpc.server.port = 0 (default)
2022-05-26 01:46:22,928 [Listener at 127.0.0.1/39025] INFO  server.GrpcService (ConfUtils.java:logGet(46)) - raft.grpc.message.size.max = 32MB (=33554432) (custom)
2022-05-26 01:46:22,928 [Listener at 127.0.0.1/39025] INFO  server.RaftServerConfigKeys (ConfUtils.java:logGet(46)) - raft.server.log.appender.buffer.byte-limit = 33554432 (custom)
2022-05-26 01:46:22,928 [Listener at 127.0.0.1/39025] INFO  server.GrpcService (ConfUtils.java:logGet(46)) - raft.grpc.flow.control.window = 5MB (=5242880) (custom)
2022-05-26 01:46:22,928 [Listener at 127.0.0.1/39025] INFO  server.RaftServerConfigKeys (ConfUtils.java:logGet(46)) - raft.server.rpc.request.timeout = 60s (custom)
2022-05-26 01:46:22,929 [Listener at 127.0.0.1/39025] INFO  grpc.GrpcConfigKeys (ConfUtils.java:logGet(46)) - raft.grpc.server.async.request.thread.pool.cached = true (default)
2022-05-26 01:46:22,929 [Listener at 127.0.0.1/39025] INFO  grpc.GrpcConfigKeys (ConfUtils.java:logGet(46)) - raft.grpc.server.async.request.thread.pool.size = 32 (default)
2022-05-26 01:46:22,930 [Listener at 127.0.0.1/39025] INFO  impl.DataStreamServerImpl (ConfUtils.java:logGet(46)) - raft.datastream.type = DISABLED (default)
2022-05-26 01:46:22,930 [Listener at 127.0.0.1/39025] INFO  server.RaftServerConfigKeys (ConfUtils.java:logGet(46)) - raft.server.threadpool.proxy.cached = true (default)
2022-05-26 01:46:22,930 [Listener at 127.0.0.1/39025] INFO  server.RaftServerConfigKeys (ConfUtils.java:logGet(46)) - raft.server.threadpool.proxy.size = 0 (default)
2022-05-26 01:46:22,930 [Listener at 127.0.0.1/39025] INFO  server.RaftServerConfigKeys (ConfUtils.java:logGet(46)) - raft.server.rpc.slowness.timeout = 300s (custom)
2022-05-26 01:46:22,930 [Listener at 127.0.0.1/39025] INFO  server.RaftServerConfigKeys (ConfUtils.java:logGet(46)) - raft.server.leaderelection.leader.step-down.wait-time = 10s (default)
2022-05-26 01:46:22,930 [Listener at 127.0.0.1/39025] INFO  server.RaftServerConfigKeys (ConfUtils.java:logGet(46)) - raft.server.storage.dir = [/home/runner/work/ozone/ozone/hadoop-ozone/integration-test/target/test-dir/MiniOzoneClusterImpl-6102e5ce-5215-4002-8b5c-988ca6cc3a5c/datanode-1/data/ratis] (custom)
2022-05-26 01:46:22,939 [Listener at 127.0.0.1/39025] INFO  server.XceiverServerGrpc (XceiverServerGrpc.java:<init>(132)) - GrpcServer channel type EpollServerSocketChannel
2022-05-26 01:46:22,958 [Listener at 127.0.0.1/39025] INFO  http.BaseHttpServer (BaseHttpServer.java:newHttpServer2BuilderForOzone(209)) - Starting Web-server for hddsDatanode at: http://0.0.0.0:0
2022-05-26 01:46:22,958 [Listener at 127.0.0.1/39025] INFO  http.BaseHttpServer (BaseHttpServer.java:<init>(107)) - Hadoop Security Enabled: false Ozone Security Enabled: false Ozone HTTP Security Enabled: false 
2022-05-26 01:46:22,959 [Listener at 127.0.0.1/39025] INFO  server.AuthenticationFilter (AuthenticationFilter.java:constructSecretProvider(240)) - Unable to initialize FileSignerSecretProvider, falling back to use random secrets.
2022-05-26 01:46:22,961 [Listener at 127.0.0.1/39025] WARN  http.HttpRequestLog (HttpRequestLog.java:getRequestLog(103)) - Jetty request log can only be enabled using Log4j
2022-05-26 01:46:22,962 [Listener at 127.0.0.1/39025] INFO  http.HttpServer2 (HttpServer2.java:addGlobalFilter(1030)) - Added global filter 'safety' (class=org.apache.hadoop.hdds.server.http.HttpServer2$QuotingInputFilter)
2022-05-26 01:46:22,962 [Listener at 127.0.0.1/39025] INFO  http.HttpServer2 (HttpServer2.java:addFilter(1006)) - Added filter static_user_filter (class=org.apache.hadoop.http.lib.StaticUserWebFilter$StaticUserFilter) to context hddsDatanode
2022-05-26 01:46:22,962 [Listener at 127.0.0.1/39025] INFO  http.HttpServer2 (HttpServer2.java:addFilter(1014)) - Added filter static_user_filter (class=org.apache.hadoop.http.lib.StaticUserWebFilter$StaticUserFilter) to context logs
2022-05-26 01:46:22,962 [Listener at 127.0.0.1/39025] INFO  http.HttpServer2 (HttpServer2.java:addFilter(1014)) - Added filter static_user_filter (class=org.apache.hadoop.http.lib.StaticUserWebFilter$StaticUserFilter) to context static
2022-05-26 01:46:22,963 [Listener at 127.0.0.1/39025] INFO  http.HttpServer2 (HttpServer2.java:bindListener(1249)) - Jetty bound to port 40611
2022-05-26 01:46:22,963 [Listener at 127.0.0.1/39025] INFO  server.Server (Server.java:doStart(375)) - jetty-9.4.43.v20210629; built: 2021-06-30T11:07:22.254Z; git: 526006ecfa3af7f1a27ef3a288e2bef7ea9dd7e8; jvm 1.8.0_332-b09
2022-05-26 01:46:22,965 [Listener at 127.0.0.1/39025] INFO  server.session (DefaultSessionIdManager.java:doStart(334)) - DefaultSessionIdManager workerName=node0
2022-05-26 01:46:22,965 [Listener at 127.0.0.1/39025] INFO  server.session (DefaultSessionIdManager.java:doStart(339)) - No SessionScavenger set, using defaults
2022-05-26 01:46:22,965 [Listener at 127.0.0.1/39025] INFO  server.session (HouseKeeper.java:startScavenging(132)) - node0 Scavenging every 600000ms
2022-05-26 01:46:22,966 [Listener at 127.0.0.1/39025] INFO  handler.ContextHandler (ContextHandler.java:doStart(915)) - Started o.e.j.s.ServletContextHandler@5e3a8ffc{logs,/logs,file:///home/runner/work/ozone/ozone/hadoop-ozone/integration-test/target/log,AVAILABLE}
2022-05-26 01:46:22,966 [Listener at 127.0.0.1/39025] INFO  handler.ContextHandler (ContextHandler.java:doStart(915)) - Started o.e.j.s.ServletContextHandler@7b7d69c7{static,/static,jar:file:/home/runner/.m2/repository/org/apache/ozone/hdds-container-service/1.3.0-SNAPSHOT/hdds-container-service-1.3.0-SNAPSHOT.jar!/webapps/static,AVAILABLE}
2022-05-26 01:46:23,474 [Listener at 127.0.0.1/39025] INFO  handler.ContextHandler (ContextHandler.java:doStart(915)) - Started o.e.j.w.WebAppContext@1fa6f90f{hddsDatanode,/,file:///tmp/jetty-0_0_0_0-40611-hdds-container-service-1_3_0-SNAPSHOT_jar-_-any-8593895406125371819/webapp/,AVAILABLE}{jar:file:/home/runner/.m2/repository/org/apache/ozone/hdds-container-service/1.3.0-SNAPSHOT/hdds-container-service-1.3.0-SNAPSHOT.jar!/webapps/hddsDatanode}
2022-05-26 01:46:23,490 [Listener at 127.0.0.1/39025] INFO  server.AbstractConnector (AbstractConnector.java:doStart(331)) - Started ServerConnector@6d27e8ae{HTTP/1.1, (http/1.1)}{0.0.0.0:40611}
2022-05-26 01:46:23,490 [Listener at 127.0.0.1/39025] INFO  server.Server (Server.java:doStart(415)) - Started @222261ms
2022-05-26 01:46:23,490 [Listener at 127.0.0.1/39025] WARN  impl.MetricsSystemImpl (MetricsSystemImpl.java:register(279)) - Sink prometheus already exists!
2022-05-26 01:46:23,508 [Listener at 127.0.0.1/39025] INFO  http.BaseHttpServer (BaseHttpServer.java:updateConnectorAddress(329)) - HTTP server of hddsDatanode listening at http://0.0.0.0:40611
2022-05-26 01:46:23,521 [Listener at 127.0.0.1/39025] WARN  impl.MetricRegistriesImpl (MetricRegistriesImpl.java:addReporterRegistration(111)) - New reporters are added after registries were created. Some metrics will be missing from the reporter. Please add reporter before adding any new registry.
2022-05-26 01:46:23,521 [Listener at 127.0.0.1/39025] WARN  impl.MetricRegistriesImpl (MetricRegistriesImpl.java:addReporterRegistration(111)) - New reporters are added after registries were created. Some metrics will be missing from the reporter. Please add reporter before adding any new registry.
2022-05-26 01:46:23,521 [Listener at 127.0.0.1/39025] INFO  impl.MetricsSystemImpl (MetricsSystemImpl.java:init(158)) - HddsDatanode metrics system started (again)
2022-05-26 01:46:23,539 [Datanode State Machine Daemon Thread] INFO  statemachine.DatanodeStateMachine (DatanodeStateMachine.java:lambda$startDaemon$0(481)) - Ozone container server started.
2022-05-26 01:46:23,595 [Listener at 127.0.0.1/39025] INFO  ozone.HddsDatanodeService (HddsDatanodeService.java:start(236)) - HddsDatanodeService host:fv-az270-854.tacnzluakwdehk1hpragurqkma.bx.internal.cloudapp.net ip:10.1.0.18
2022-05-26 01:46:23,639 [org.apache.hadoop.util.JvmPauseMonitor$Monitor@1e697bfd] INFO  util.JvmPauseMonitor (JvmPauseMonitor.java:run(188)) - Starting JVM pause monitor
2022-05-26 01:46:23,653 [Listener at 127.0.0.1/39025] INFO  upgrade.AbstractLayoutVersionManager (AbstractLayoutVersionManager.java:init(79)) - Initializing Layout version manager with metadata layout = ERASURE_CODED_STORAGE_SUPPORT (version = 3), software layout = ERASURE_CODED_STORAGE_SUPPORT (version = 3)
2022-05-26 01:46:23,674 [Datanode State Machine Task Thread - 0] INFO  datanode.InitDatanodeState (InitDatanodeState.java:persistContainerDatanodeDetails(138)) - DatanodeDetails is persisted to /home/runner/work/ozone/ozone/hadoop-ozone/integration-test/target/test-dir/MiniOzoneClusterImpl-6102e5ce-5215-4002-8b5c-988ca6cc3a5c/datanode-1/meta/datanode.id
2022-05-26 01:46:23,830 [Listener at 127.0.0.1/39025] INFO  reflections.Reflections (Reflections.java:scan(232)) - Reflections took 175 ms to scan 7 urls, producing 127 keys and 292 values 
2022-05-26 01:46:23,876 [Listener at 127.0.0.1/39025] INFO  statemachine.DatanodeStateMachine (DatanodeStateMachine.java:getEndPointTaskThreadPoolSize(233)) - Datanode State Machine Task Thread Pool size 2
2022-05-26 01:46:23,896 [Listener at 127.0.0.1/39025] INFO  volume.HddsVolume (HddsVolume.java:<init>(120)) - Creating HddsVolume: /home/runner/work/ozone/ozone/hadoop-ozone/integration-test/target/test-dir/MiniOzoneClusterImpl-6102e5ce-5215-4002-8b5c-988ca6cc3a5c/datanode-2/data-0/containers/hdds of storage type : DISK capacity : 9223372036854775807
2022-05-26 01:46:23,897 [Listener at 127.0.0.1/39025] INFO  volume.MutableVolumeSet (MutableVolumeSet.java:initializeVolumeSet(168)) - Added Volume : /home/runner/work/ozone/ozone/hadoop-ozone/integration-test/target/test-dir/MiniOzoneClusterImpl-6102e5ce-5215-4002-8b5c-988ca6cc3a5c/datanode-2/data-0/containers/hdds to VolumeSet
2022-05-26 01:46:23,897 [Listener at 127.0.0.1/39025] INFO  volume.ThrottledAsyncChecker (ThrottledAsyncChecker.java:schedule(141)) - Scheduling a check for /home/runner/work/ozone/ozone/hadoop-ozone/integration-test/target/test-dir/MiniOzoneClusterImpl-6102e5ce-5215-4002-8b5c-988ca6cc3a5c/datanode-2/data-0/containers/hdds
2022-05-26 01:46:23,908 [Listener at 127.0.0.1/39025] INFO  volume.StorageVolumeChecker (StorageVolumeChecker.java:checkAllVolumes(202)) - Scheduled health check for volume /home/runner/work/ozone/ozone/hadoop-ozone/integration-test/target/test-dir/MiniOzoneClusterImpl-6102e5ce-5215-4002-8b5c-988ca6cc3a5c/datanode-2/data-0/containers/hdds
2022-05-26 01:46:23,962 [Listener at 127.0.0.1/39025] INFO  volume.MutableVolumeSet (MutableVolumeSet.java:initializeVolumeSet(168)) - Added Volume : /home/runner/work/ozone/ozone/hadoop-ozone/integration-test/target/test-dir/MiniOzoneClusterImpl-6102e5ce-5215-4002-8b5c-988ca6cc3a5c/datanode-2/data/ratis to VolumeSet
2022-05-26 01:46:23,962 [Listener at 127.0.0.1/39025] INFO  volume.ThrottledAsyncChecker (ThrottledAsyncChecker.java:schedule(141)) - Scheduling a check for /home/runner/work/ozone/ozone/hadoop-ozone/integration-test/target/test-dir/MiniOzoneClusterImpl-6102e5ce-5215-4002-8b5c-988ca6cc3a5c/datanode-2/data/ratis
2022-05-26 01:46:23,963 [Listener at 127.0.0.1/39025] INFO  volume.StorageVolumeChecker (StorageVolumeChecker.java:checkAllVolumes(202)) - Scheduled health check for volume /home/runner/work/ozone/ozone/hadoop-ozone/integration-test/target/test-dir/MiniOzoneClusterImpl-6102e5ce-5215-4002-8b5c-988ca6cc3a5c/datanode-2/data/ratis
2022-05-26 01:46:24,028 [Thread-1512] INFO  ozoneimpl.ContainerReader (ContainerReader.java:readVolume(172)) - Finish verifying containers on volume /home/runner/work/ozone/ozone/hadoop-ozone/integration-test/target/test-dir/MiniOzoneClusterImpl-6102e5ce-5215-4002-8b5c-988ca6cc3a5c/datanode-2/data-0/containers/hdds
2022-05-26 01:46:24,028 [Listener at 127.0.0.1/39025] INFO  ozoneimpl.OzoneContainer (OzoneContainer.java:buildContainerSet(257)) - Build ContainerSet costs 0s
2022-05-26 01:46:24,030 [Listener at 127.0.0.1/39025] INFO  server.RaftServer (ConfUtils.java:logGet(46)) - raft.rpc.type = GRPC (default)
2022-05-26 01:46:24,040 [Listener at 127.0.0.1/39025] INFO  grpc.GrpcFactory (GrpcFactory.java:checkPooledByteBufAllocatorUseCacheForAllThreads(48)) - PERFORMANCE WARNING: useCacheForAllThreads is true that may cause Netty to create a lot garbage objects and, as a result, trigger GC.
	It is recommended to disable useCacheForAllThreads by setting -Dorg.apache.ratis.thirdparty.io.netty.allocator.useCacheForAllThreads=false in command line.
2022-05-26 01:46:24,040 [Listener at 127.0.0.1/39025] INFO  grpc.GrpcConfigKeys (ConfUtils.java:logGet(46)) - raft.grpc.admin.port = 0 (custom)
2022-05-26 01:46:24,048 [Listener at 127.0.0.1/39025] INFO  grpc.GrpcConfigKeys (ConfUtils.java:logGet(46)) - raft.grpc.client.port = 0 (custom)
2022-05-26 01:46:24,048 [Listener at 127.0.0.1/39025] INFO  grpc.GrpcConfigKeys (ConfUtils.java:logGet(46)) - raft.grpc.server.port = 0 (default)
2022-05-26 01:46:24,048 [Listener at 127.0.0.1/39025] INFO  server.GrpcService (ConfUtils.java:logGet(46)) - raft.grpc.message.size.max = 32MB (=33554432) (custom)
2022-05-26 01:46:24,048 [Listener at 127.0.0.1/39025] INFO  server.RaftServerConfigKeys (ConfUtils.java:logGet(46)) - raft.server.log.appender.buffer.byte-limit = 33554432 (custom)
2022-05-26 01:46:24,048 [Listener at 127.0.0.1/39025] INFO  server.GrpcService (ConfUtils.java:logGet(46)) - raft.grpc.flow.control.window = 5MB (=5242880) (custom)
2022-05-26 01:46:24,049 [Listener at 127.0.0.1/39025] INFO  server.RaftServerConfigKeys (ConfUtils.java:logGet(46)) - raft.server.rpc.request.timeout = 60s (custom)
2022-05-26 01:46:24,049 [Listener at 127.0.0.1/39025] INFO  grpc.GrpcConfigKeys (ConfUtils.java:logGet(46)) - raft.grpc.server.async.request.thread.pool.cached = true (default)
2022-05-26 01:46:24,049 [Listener at 127.0.0.1/39025] INFO  grpc.GrpcConfigKeys (ConfUtils.java:logGet(46)) - raft.grpc.server.async.request.thread.pool.size = 32 (default)
2022-05-26 01:46:24,050 [Listener at 127.0.0.1/39025] INFO  impl.DataStreamServerImpl (ConfUtils.java:logGet(46)) - raft.datastream.type = DISABLED (default)
2022-05-26 01:46:24,050 [Listener at 127.0.0.1/39025] INFO  server.RaftServerConfigKeys (ConfUtils.java:logGet(46)) - raft.server.threadpool.proxy.cached = true (default)
2022-05-26 01:46:24,050 [Listener at 127.0.0.1/39025] INFO  server.RaftServerConfigKeys (ConfUtils.java:logGet(46)) - raft.server.threadpool.proxy.size = 0 (default)
2022-05-26 01:46:24,050 [Listener at 127.0.0.1/39025] INFO  server.RaftServerConfigKeys (ConfUtils.java:logGet(46)) - raft.server.rpc.slowness.timeout = 300s (custom)
2022-05-26 01:46:24,050 [Listener at 127.0.0.1/39025] INFO  server.RaftServerConfigKeys (ConfUtils.java:logGet(46)) - raft.server.leaderelection.leader.step-down.wait-time = 10s (default)
2022-05-26 01:46:24,051 [Listener at 127.0.0.1/39025] INFO  server.RaftServerConfigKeys (ConfUtils.java:logGet(46)) - raft.server.storage.dir = [/home/runner/work/ozone/ozone/hadoop-ozone/integration-test/target/test-dir/MiniOzoneClusterImpl-6102e5ce-5215-4002-8b5c-988ca6cc3a5c/datanode-2/data/ratis] (custom)
2022-05-26 01:46:24,060 [Listener at 127.0.0.1/39025] INFO  server.XceiverServerGrpc (XceiverServerGrpc.java:<init>(132)) - GrpcServer channel type EpollServerSocketChannel
2022-05-26 01:46:24,081 [Listener at 127.0.0.1/39025] INFO  http.BaseHttpServer (BaseHttpServer.java:newHttpServer2BuilderForOzone(209)) - Starting Web-server for hddsDatanode at: http://0.0.0.0:0
2022-05-26 01:46:24,081 [Listener at 127.0.0.1/39025] INFO  http.BaseHttpServer (BaseHttpServer.java:<init>(107)) - Hadoop Security Enabled: false Ozone Security Enabled: false Ozone HTTP Security Enabled: false 
2022-05-26 01:46:24,082 [Listener at 127.0.0.1/39025] INFO  server.AuthenticationFilter (AuthenticationFilter.java:constructSecretProvider(240)) - Unable to initialize FileSignerSecretProvider, falling back to use random secrets.
2022-05-26 01:46:24,100 [Listener at 127.0.0.1/39025] WARN  http.HttpRequestLog (HttpRequestLog.java:getRequestLog(103)) - Jetty request log can only be enabled using Log4j
2022-05-26 01:46:24,101 [Listener at 127.0.0.1/39025] INFO  http.HttpServer2 (HttpServer2.java:addGlobalFilter(1030)) - Added global filter 'safety' (class=org.apache.hadoop.hdds.server.http.HttpServer2$QuotingInputFilter)
2022-05-26 01:46:24,103 [Listener at 127.0.0.1/39025] INFO  http.HttpServer2 (HttpServer2.java:addFilter(1006)) - Added filter static_user_filter (class=org.apache.hadoop.http.lib.StaticUserWebFilter$StaticUserFilter) to context hddsDatanode
2022-05-26 01:46:24,103 [Listener at 127.0.0.1/39025] INFO  http.HttpServer2 (HttpServer2.java:addFilter(1014)) - Added filter static_user_filter (class=org.apache.hadoop.http.lib.StaticUserWebFilter$StaticUserFilter) to context static
2022-05-26 01:46:24,106 [Listener at 127.0.0.1/39025] INFO  http.HttpServer2 (HttpServer2.java:addFilter(1014)) - Added filter static_user_filter (class=org.apache.hadoop.http.lib.StaticUserWebFilter$StaticUserFilter) to context logs
2022-05-26 01:46:24,107 [Listener at 127.0.0.1/39025] INFO  http.HttpServer2 (HttpServer2.java:bindListener(1249)) - Jetty bound to port 41249
2022-05-26 01:46:24,107 [Listener at 127.0.0.1/39025] INFO  server.Server (Server.java:doStart(375)) - jetty-9.4.43.v20210629; built: 2021-06-30T11:07:22.254Z; git: 526006ecfa3af7f1a27ef3a288e2bef7ea9dd7e8; jvm 1.8.0_332-b09
2022-05-26 01:46:24,108 [Listener at 127.0.0.1/39025] INFO  server.session (DefaultSessionIdManager.java:doStart(334)) - DefaultSessionIdManager workerName=node0
2022-05-26 01:46:24,108 [Listener at 127.0.0.1/39025] INFO  server.session (DefaultSessionIdManager.java:doStart(339)) - No SessionScavenger set, using defaults
2022-05-26 01:46:24,109 [Listener at 127.0.0.1/39025] INFO  server.session (HouseKeeper.java:startScavenging(132)) - node0 Scavenging every 600000ms
2022-05-26 01:46:24,109 [Listener at 127.0.0.1/39025] INFO  handler.ContextHandler (ContextHandler.java:doStart(915)) - Started o.e.j.s.ServletContextHandler@179f9f90{logs,/logs,file:///home/runner/work/ozone/ozone/hadoop-ozone/integration-test/target/log,AVAILABLE}
2022-05-26 01:46:24,110 [Listener at 127.0.0.1/39025] INFO  handler.ContextHandler (ContextHandler.java:doStart(915)) - Started o.e.j.s.ServletContextHandler@6f89fc23{static,/static,jar:file:/home/runner/.m2/repository/org/apache/ozone/hdds-container-service/1.3.0-SNAPSHOT/hdds-container-service-1.3.0-SNAPSHOT.jar!/webapps/static,AVAILABLE}
2022-05-26 01:46:24,664 [EndpointStateMachine task thread for /0.0.0.0:46173 - 0 ] INFO  ozoneimpl.OzoneContainer (OzoneContainer.java:start(335)) - Attempting to start container services.
2022-05-26 01:46:24,665 [EndpointStateMachine task thread for /0.0.0.0:46173 - 0 ] INFO  ozoneimpl.OzoneContainer (OzoneContainer.java:startContainerScrub(270)) - Background container scanner has been disabled.
2022-05-26 01:46:24,692 [EndpointStateMachine task thread for /0.0.0.0:46173 - 0 ] INFO  replication.ReplicationServer (ReplicationServer.java:start(111)) - ReplicationServer is started using port 35853
2022-05-26 01:46:24,692 [EndpointStateMachine task thread for /0.0.0.0:46173 - 0 ] INFO  ratis.XceiverServerRatis (XceiverServerRatis.java:start(481)) - Starting XceiverServerRatis 13b42a2e-e9c9-4ea7-85e1-9ff027944fc9
2022-05-26 01:46:24,693 [EndpointStateMachine task thread for /0.0.0.0:46173 - 0 ] INFO  server.RaftServer (RaftServerProxy.java:lambda$start$6(382)) - 13b42a2e-e9c9-4ea7-85e1-9ff027944fc9: start RPC server
2022-05-26 01:46:24,736 [EndpointStateMachine task thread for /0.0.0.0:46173 - 0 ] INFO  server.GrpcService (GrpcService.java:startImpl(260)) - 13b42a2e-e9c9-4ea7-85e1-9ff027944fc9: GrpcService started, listening on 43047
2022-05-26 01:46:24,736 [EndpointStateMachine task thread for /0.0.0.0:46173 - 0 ] INFO  ratis.XceiverServerRatis (XceiverServerRatis.java:getRealPort(502)) - XceiverServerRatis 13b42a2e-e9c9-4ea7-85e1-9ff027944fc9 is started using port 43047 for RATIS
2022-05-26 01:46:24,736 [EndpointStateMachine task thread for /0.0.0.0:46173 - 0 ] INFO  ratis.XceiverServerRatis (XceiverServerRatis.java:getRealPort(502)) - XceiverServerRatis 13b42a2e-e9c9-4ea7-85e1-9ff027944fc9 is started using port 43047 for RATIS_ADMIN
2022-05-26 01:46:24,736 [EndpointStateMachine task thread for /0.0.0.0:46173 - 0 ] INFO  ratis.XceiverServerRatis (XceiverServerRatis.java:getRealPort(502)) - XceiverServerRatis 13b42a2e-e9c9-4ea7-85e1-9ff027944fc9 is started using port 43047 for RATIS_SERVER
2022-05-26 01:46:24,736 [org.apache.ratis.util.JvmPauseMonitor$$Lambda$677/950145419@2667f157] INFO  util.JvmPauseMonitor (JvmPauseMonitor.java:run(103)) - JvmPauseMonitor-13b42a2e-e9c9-4ea7-85e1-9ff027944fc9: Started
2022-05-26 01:46:24,788 [EndpointStateMachine task thread for /0.0.0.0:46173 - 0 ] INFO  server.XceiverServerGrpc (XceiverServerGrpc.java:start(180)) - XceiverServerGrpc 13b42a2e-e9c9-4ea7-85e1-9ff027944fc9 is started using port 33841
2022-05-26 01:46:24,954 [Listener at 127.0.0.1/39025] INFO  handler.ContextHandler (ContextHandler.java:doStart(915)) - Started o.e.j.w.WebAppContext@7540314e{hddsDatanode,/,file:///tmp/jetty-0_0_0_0-41249-hdds-container-service-1_3_0-SNAPSHOT_jar-_-any-6473929205200372525/webapp/,AVAILABLE}{jar:file:/home/runner/.m2/repository/org/apache/ozone/hdds-container-service/1.3.0-SNAPSHOT/hdds-container-service-1.3.0-SNAPSHOT.jar!/webapps/hddsDatanode}
2022-05-26 01:46:24,960 [Listener at 127.0.0.1/39025] INFO  server.AbstractConnector (AbstractConnector.java:doStart(331)) - Started ServerConnector@ad5bb92{HTTP/1.1, (http/1.1)}{0.0.0.0:41249}
2022-05-26 01:46:24,960 [Listener at 127.0.0.1/39025] INFO  server.Server (Server.java:doStart(415)) - Started @223731ms
2022-05-26 01:46:24,960 [Listener at 127.0.0.1/39025] WARN  impl.MetricsSystemImpl (MetricsSystemImpl.java:register(279)) - Sink prometheus already exists!
2022-05-26 01:46:24,995 [Listener at 127.0.0.1/39025] INFO  http.BaseHttpServer (BaseHttpServer.java:updateConnectorAddress(329)) - HTTP server of hddsDatanode listening at http://0.0.0.0:41249
2022-05-26 01:46:25,016 [Listener at 127.0.0.1/39025] INFO  ozone.MiniOzoneClusterImpl (MiniOzoneClusterImpl.java:lambda$waitForClusterToBeReady$0(221)) - Waiting for nodes to be ready. Got 0 of 3 DN Heartbeats.
2022-05-26 01:46:25,016 [Listener at 127.0.0.1/39025] INFO  ozone.MiniOzoneClusterImpl (MiniOzoneClusterImpl.java:lambda$waitForClusterToBeReady$0(224)) - Waiting for cluster to exit safe mode
2022-05-26 01:46:25,016 [Listener at 127.0.0.1/39025] INFO  ozone.MiniOzoneClusterImpl (MiniOzoneClusterImpl.java:lambda$waitForClusterToBeReady$0(226)) - SCM became leader
2022-05-26 01:46:25,016 [Datanode State Machine Daemon Thread] INFO  statemachine.DatanodeStateMachine (DatanodeStateMachine.java:lambda$startDaemon$0(481)) - Ozone container server started.
2022-05-26 01:46:25,048 [org.apache.hadoop.util.JvmPauseMonitor$Monitor@34281bca] INFO  util.JvmPauseMonitor (JvmPauseMonitor.java:run(188)) - Starting JVM pause monitor
2022-05-26 01:46:25,076 [Datanode State Machine Task Thread - 0] INFO  datanode.InitDatanodeState (InitDatanodeState.java:persistContainerDatanodeDetails(138)) - DatanodeDetails is persisted to /home/runner/work/ozone/ozone/hadoop-ozone/integration-test/target/test-dir/MiniOzoneClusterImpl-6102e5ce-5215-4002-8b5c-988ca6cc3a5c/datanode-2/meta/datanode.id
2022-05-26 01:46:25,709 [EndpointStateMachine task thread for /0.0.0.0:46173 - 0 ] INFO  ozoneimpl.OzoneContainer (OzoneContainer.java:start(335)) - Attempting to start container services.
2022-05-26 01:46:25,709 [EndpointStateMachine task thread for /0.0.0.0:46173 - 0 ] INFO  ozoneimpl.OzoneContainer (OzoneContainer.java:startContainerScrub(270)) - Background container scanner has been disabled.
2022-05-26 01:46:25,720 [EndpointStateMachine task thread for /0.0.0.0:46173 - 0 ] INFO  replication.ReplicationServer (ReplicationServer.java:start(111)) - ReplicationServer is started using port 34923
2022-05-26 01:46:25,721 [EndpointStateMachine task thread for /0.0.0.0:46173 - 0 ] INFO  ratis.XceiverServerRatis (XceiverServerRatis.java:start(481)) - Starting XceiverServerRatis 8a233994-06fc-4896-836d-f0eef08dbba3
2022-05-26 01:46:25,728 [EndpointStateMachine task thread for /0.0.0.0:46173 - 0 ] INFO  server.RaftServer (RaftServerProxy.java:lambda$start$6(382)) - 8a233994-06fc-4896-836d-f0eef08dbba3: start RPC server
2022-05-26 01:46:25,747 [EndpointStateMachine task thread for /0.0.0.0:46173 - 0 ] INFO  server.GrpcService (GrpcService.java:startImpl(260)) - 8a233994-06fc-4896-836d-f0eef08dbba3: GrpcService started, listening on 40213
2022-05-26 01:46:25,748 [EndpointStateMachine task thread for /0.0.0.0:46173 - 0 ] INFO  ratis.XceiverServerRatis (XceiverServerRatis.java:getRealPort(502)) - XceiverServerRatis 8a233994-06fc-4896-836d-f0eef08dbba3 is started using port 40213 for RATIS
2022-05-26 01:46:25,748 [EndpointStateMachine task thread for /0.0.0.0:46173 - 0 ] INFO  ratis.XceiverServerRatis (XceiverServerRatis.java:getRealPort(502)) - XceiverServerRatis 8a233994-06fc-4896-836d-f0eef08dbba3 is started using port 40213 for RATIS_ADMIN
2022-05-26 01:46:25,748 [EndpointStateMachine task thread for /0.0.0.0:46173 - 0 ] INFO  ratis.XceiverServerRatis (XceiverServerRatis.java:getRealPort(502)) - XceiverServerRatis 8a233994-06fc-4896-836d-f0eef08dbba3 is started using port 40213 for RATIS_SERVER
2022-05-26 01:46:25,844 [org.apache.ratis.util.JvmPauseMonitor$$Lambda$677/950145419@5b6c1ccc] INFO  util.JvmPauseMonitor (JvmPauseMonitor.java:run(103)) - JvmPauseMonitor-8a233994-06fc-4896-836d-f0eef08dbba3: Started
2022-05-26 01:46:25,848 [EndpointStateMachine task thread for /0.0.0.0:46173 - 0 ] INFO  server.XceiverServerGrpc (XceiverServerGrpc.java:start(180)) - XceiverServerGrpc 8a233994-06fc-4896-836d-f0eef08dbba3 is started using port 37939
2022-05-26 01:46:26,017 [Listener at 127.0.0.1/39025] INFO  ozone.MiniOzoneClusterImpl (MiniOzoneClusterImpl.java:lambda$waitForClusterToBeReady$0(221)) - Waiting for nodes to be ready. Got 0 of 3 DN Heartbeats.
2022-05-26 01:46:26,017 [Listener at 127.0.0.1/39025] INFO  ozone.MiniOzoneClusterImpl (MiniOzoneClusterImpl.java:lambda$waitForClusterToBeReady$0(224)) - Waiting for cluster to exit safe mode
2022-05-26 01:46:26,017 [Listener at 127.0.0.1/39025] INFO  ozone.MiniOzoneClusterImpl (MiniOzoneClusterImpl.java:lambda$waitForClusterToBeReady$0(226)) - SCM became leader
2022-05-26 01:46:26,543 [IPC Server handler 0 on default port 46173] INFO  net.NetworkTopologyImpl (NetworkTopologyImpl.java:add(112)) - Added a new node: /default-rack/13b42a2e-e9c9-4ea7-85e1-9ff027944fc9
2022-05-26 01:46:26,543 [IPC Server handler 0 on default port 46173] INFO  node.SCMNodeManager (SCMNodeManager.java:register(393)) - Registered Data node : 13b42a2e-e9c9-4ea7-85e1-9ff027944fc9{ip: 10.1.0.18, host: fv-az270-854.tacnzluakwdehk1hpragurqkma.bx.internal.cloudapp.net, ports: [REPLICATION=35853, RATIS=43047, RATIS_ADMIN=43047, RATIS_SERVER=43047, STANDALONE=33841], networkLocation: /default-rack, certSerialId: null, persistedOpState: null, persistedOpStateExpiryEpochSec: 0}
2022-05-26 01:46:26,545 [EventQueue-NodeRegistrationContainerReportForContainerSafeModeRule] INFO  safemode.SCMSafeModeManager (SCMSafeModeManager.java:validateSafeModeExitRules(204)) - ContainerSafeModeRule rule is successfully validated
2022-05-26 01:46:26,545 [EventQueue-NodeRegistrationContainerReportForDataNodeSafeModeRule] INFO  safemode.SCMSafeModeManager (DataNodeSafeModeRule.java:process(71)) - SCM in safe mode. 1 DataNodes registered, 3 required.
2022-05-26 01:46:26,577 [EventQueue-NewNodeForNewNodeHandler] INFO  pipeline.BackgroundPipelineCreator (BackgroundPipelineCreator.java:notifyEventTriggered(272)) - trigger a one-shot run on RatisPipelineUtilsThread.
2022-05-26 01:46:26,577 [EventQueue-PipelineReportForOneReplicaPipelineSafeModeRule] INFO  safemode.SCMSafeModeManager (SCMSafeModeManager.java:validateSafeModeExitRules(204)) - AtleastOneDatanodeReportedRule rule is successfully validated
2022-05-26 01:46:26,577 [RatisPipelineUtilsThread - 0] INFO  pipeline.RatisPipelineProvider (RatisPipelineProvider.java:lambda$create$0(195)) - Sending CreatePipelineCommand for pipeline:PipelineID=7b67d137-7154-4e78-983a-c5542a47b21a to datanode:13b42a2e-e9c9-4ea7-85e1-9ff027944fc9
2022-05-26 01:46:26,578 [RatisPipelineUtilsThread - 0] INFO  pipeline.PipelineStateManagerImpl (PipelineStateManagerImpl.java:addPipeline(101)) - Created pipeline Pipeline[ Id: 7b67d137-7154-4e78-983a-c5542a47b21a, Nodes: 13b42a2e-e9c9-4ea7-85e1-9ff027944fc9{ip: 10.1.0.18, host: fv-az270-854.tacnzluakwdehk1hpragurqkma.bx.internal.cloudapp.net, ports: [REPLICATION=35853, RATIS=43047, RATIS_ADMIN=43047, RATIS_SERVER=43047, STANDALONE=33841], networkLocation: /default-rack, certSerialId: null, persistedOpState: IN_SERVICE, persistedOpStateExpiryEpochSec: 0}, ReplicationConfig: RATIS/ONE, State:ALLOCATED, leaderId:, CreationTimestamp2022-05-26T01:46:26.577Z[Etc/UTC]].
2022-05-26 01:46:27,017 [Listener at 127.0.0.1/39025] INFO  ozone.MiniOzoneClusterImpl (MiniOzoneClusterImpl.java:lambda$waitForClusterToBeReady$0(221)) - Waiting for nodes to be ready. Got 1 of 3 DN Heartbeats.
2022-05-26 01:46:27,017 [Listener at 127.0.0.1/39025] INFO  ozone.MiniOzoneClusterImpl (MiniOzoneClusterImpl.java:lambda$waitForClusterToBeReady$0(224)) - Waiting for cluster to exit safe mode
2022-05-26 01:46:27,017 [Listener at 127.0.0.1/39025] INFO  ozone.MiniOzoneClusterImpl (MiniOzoneClusterImpl.java:lambda$waitForClusterToBeReady$0(226)) - SCM became leader
2022-05-26 01:46:27,088 [EndpointStateMachine task thread for /0.0.0.0:46173 - 0 ] INFO  ozoneimpl.OzoneContainer (OzoneContainer.java:start(335)) - Attempting to start container services.
2022-05-26 01:46:27,112 [EndpointStateMachine task thread for /0.0.0.0:46173 - 0 ] INFO  ozoneimpl.OzoneContainer (OzoneContainer.java:startContainerScrub(270)) - Background container scanner has been disabled.
2022-05-26 01:46:27,114 [EndpointStateMachine task thread for /0.0.0.0:46173 - 0 ] INFO  replication.ReplicationServer (ReplicationServer.java:start(111)) - ReplicationServer is started using port 44527
2022-05-26 01:46:27,114 [EndpointStateMachine task thread for /0.0.0.0:46173 - 0 ] INFO  ratis.XceiverServerRatis (XceiverServerRatis.java:start(481)) - Starting XceiverServerRatis 74164fff-0da3-452b-8e38-1858412758e6
2022-05-26 01:46:27,115 [EndpointStateMachine task thread for /0.0.0.0:46173 - 0 ] INFO  server.RaftServer (RaftServerProxy.java:lambda$start$6(382)) - 74164fff-0da3-452b-8e38-1858412758e6: start RPC server
2022-05-26 01:46:27,138 [EndpointStateMachine task thread for /0.0.0.0:46173 - 0 ] INFO  server.GrpcService (GrpcService.java:startImpl(260)) - 74164fff-0da3-452b-8e38-1858412758e6: GrpcService started, listening on 39183
2022-05-26 01:46:27,140 [EndpointStateMachine task thread for /0.0.0.0:46173 - 0 ] INFO  ratis.XceiverServerRatis (XceiverServerRatis.java:getRealPort(502)) - XceiverServerRatis 74164fff-0da3-452b-8e38-1858412758e6 is started using port 39183 for RATIS
2022-05-26 01:46:27,140 [EndpointStateMachine task thread for /0.0.0.0:46173 - 0 ] INFO  ratis.XceiverServerRatis (XceiverServerRatis.java:getRealPort(502)) - XceiverServerRatis 74164fff-0da3-452b-8e38-1858412758e6 is started using port 39183 for RATIS_ADMIN
2022-05-26 01:46:27,140 [EndpointStateMachine task thread for /0.0.0.0:46173 - 0 ] INFO  ratis.XceiverServerRatis (XceiverServerRatis.java:getRealPort(502)) - XceiverServerRatis 74164fff-0da3-452b-8e38-1858412758e6 is started using port 39183 for RATIS_SERVER
2022-05-26 01:46:27,140 [org.apache.ratis.util.JvmPauseMonitor$$Lambda$677/950145419@d7545b4] INFO  util.JvmPauseMonitor (JvmPauseMonitor.java:run(103)) - JvmPauseMonitor-74164fff-0da3-452b-8e38-1858412758e6: Started
2022-05-26 01:46:27,221 [EndpointStateMachine task thread for /0.0.0.0:46173 - 0 ] INFO  server.XceiverServerGrpc (XceiverServerGrpc.java:start(180)) - XceiverServerGrpc 74164fff-0da3-452b-8e38-1858412758e6 is started using port 43501
2022-05-26 01:46:27,640 [IPC Server handler 1 on default port 46173] INFO  net.NetworkTopologyImpl (NetworkTopologyImpl.java:add(112)) - Added a new node: /default-rack/8a233994-06fc-4896-836d-f0eef08dbba3
2022-05-26 01:46:27,640 [IPC Server handler 1 on default port 46173] INFO  node.SCMNodeManager (SCMNodeManager.java:register(393)) - Registered Data node : 8a233994-06fc-4896-836d-f0eef08dbba3{ip: 10.1.0.18, host: fv-az270-854.tacnzluakwdehk1hpragurqkma.bx.internal.cloudapp.net, ports: [REPLICATION=34923, RATIS=40213, RATIS_ADMIN=40213, RATIS_SERVER=40213, STANDALONE=37939], networkLocation: /default-rack, certSerialId: null, persistedOpState: null, persistedOpStateExpiryEpochSec: 0}
2022-05-26 01:46:27,641 [EventQueue-NewNodeForNewNodeHandler] INFO  pipeline.BackgroundPipelineCreator (BackgroundPipelineCreator.java:notifyEventTriggered(272)) - trigger a one-shot run on RatisPipelineUtilsThread.
2022-05-26 01:46:27,646 [EventQueue-NodeRegistrationContainerReportForDataNodeSafeModeRule] INFO  safemode.SCMSafeModeManager (DataNodeSafeModeRule.java:process(71)) - SCM in safe mode. 2 DataNodes registered, 3 required.
2022-05-26 01:46:27,680 [RatisPipelineUtilsThread - 0] INFO  pipeline.RatisPipelineProvider (RatisPipelineProvider.java:lambda$create$0(195)) - Sending CreatePipelineCommand for pipeline:PipelineID=091f67ce-c766-447c-8c5f-7eb1d91eee50 to datanode:8a233994-06fc-4896-836d-f0eef08dbba3
2022-05-26 01:46:27,681 [RatisPipelineUtilsThread - 0] INFO  pipeline.PipelineStateManagerImpl (PipelineStateManagerImpl.java:addPipeline(101)) - Created pipeline Pipeline[ Id: 091f67ce-c766-447c-8c5f-7eb1d91eee50, Nodes: 8a233994-06fc-4896-836d-f0eef08dbba3{ip: 10.1.0.18, host: fv-az270-854.tacnzluakwdehk1hpragurqkma.bx.internal.cloudapp.net, ports: [REPLICATION=34923, RATIS=40213, RATIS_ADMIN=40213, RATIS_SERVER=40213, STANDALONE=37939], networkLocation: /default-rack, certSerialId: null, persistedOpState: IN_SERVICE, persistedOpStateExpiryEpochSec: 0}, ReplicationConfig: RATIS/ONE, State:ALLOCATED, leaderId:, CreationTimestamp2022-05-26T01:46:27.680Z[Etc/UTC]].
2022-05-26 01:46:28,018 [Listener at 127.0.0.1/39025] INFO  ozone.MiniOzoneClusterImpl (MiniOzoneClusterImpl.java:lambda$waitForClusterToBeReady$0(221)) - Waiting for nodes to be ready. Got 2 of 3 DN Heartbeats.
2022-05-26 01:46:28,018 [Listener at 127.0.0.1/39025] INFO  ozone.MiniOzoneClusterImpl (MiniOzoneClusterImpl.java:lambda$waitForClusterToBeReady$0(224)) - Waiting for cluster to exit safe mode
2022-05-26 01:46:28,018 [Listener at 127.0.0.1/39025] INFO  ozone.MiniOzoneClusterImpl (MiniOzoneClusterImpl.java:lambda$waitForClusterToBeReady$0(226)) - SCM became leader
2022-05-26 01:46:29,018 [Listener at 127.0.0.1/39025] INFO  ozone.MiniOzoneClusterImpl (MiniOzoneClusterImpl.java:lambda$waitForClusterToBeReady$0(221)) - Waiting for nodes to be ready. Got 2 of 3 DN Heartbeats.
2022-05-26 01:46:29,018 [Listener at 127.0.0.1/39025] INFO  ozone.MiniOzoneClusterImpl (MiniOzoneClusterImpl.java:lambda$waitForClusterToBeReady$0(224)) - Waiting for cluster to exit safe mode
2022-05-26 01:46:29,019 [Listener at 127.0.0.1/39025] INFO  ozone.MiniOzoneClusterImpl (MiniOzoneClusterImpl.java:lambda$waitForClusterToBeReady$0(226)) - SCM became leader
2022-05-26 01:46:29,050 [IPC Server handler 2 on default port 46173] INFO  net.NetworkTopologyImpl (NetworkTopologyImpl.java:add(112)) - Added a new node: /default-rack/74164fff-0da3-452b-8e38-1858412758e6
2022-05-26 01:46:29,054 [IPC Server handler 2 on default port 46173] INFO  node.SCMNodeManager (SCMNodeManager.java:register(393)) - Registered Data node : 74164fff-0da3-452b-8e38-1858412758e6{ip: 10.1.0.18, host: fv-az270-854.tacnzluakwdehk1hpragurqkma.bx.internal.cloudapp.net, ports: [REPLICATION=44527, RATIS=39183, RATIS_ADMIN=39183, RATIS_SERVER=39183, STANDALONE=43501], networkLocation: /default-rack, certSerialId: null, persistedOpState: null, persistedOpStateExpiryEpochSec: 0}
2022-05-26 01:46:29,054 [EventQueue-NewNodeForNewNodeHandler] INFO  pipeline.BackgroundPipelineCreator (BackgroundPipelineCreator.java:notifyEventTriggered(272)) - trigger a one-shot run on RatisPipelineUtilsThread.
2022-05-26 01:46:29,064 [EventQueue-NodeRegistrationContainerReportForDataNodeSafeModeRule] INFO  safemode.SCMSafeModeManager (DataNodeSafeModeRule.java:process(71)) - SCM in safe mode. 3 DataNodes registered, 3 required.
2022-05-26 01:46:29,064 [EventQueue-NodeRegistrationContainerReportForDataNodeSafeModeRule] INFO  safemode.SCMSafeModeManager (SCMSafeModeManager.java:validateSafeModeExitRules(204)) - DataNodeSafeModeRule rule is successfully validated
2022-05-26 01:46:29,064 [EventQueue-NodeRegistrationContainerReportForDataNodeSafeModeRule] INFO  safemode.SCMSafeModeManager (SCMSafeModeManager.java:completePreCheck(233)) - All SCM safe mode pre check rules have passed
2022-05-26 01:46:29,064 [EventQueue-NodeRegistrationContainerReportForDataNodeSafeModeRule] WARN  events.EventQueue (EventQueue.java:fireEvent(194)) - No event handler registered for event TypedEvent{payloadType=SafeModeStatus, name='Safe mode status'}
2022-05-26 01:46:29,064 [EventQueue-NodeRegistrationContainerReportForDataNodeSafeModeRule] INFO  ha.SCMContext (SCMContext.java:updateSafeModeStatus(211)) - Update SafeModeStatus from SafeModeStatus{safeModeStatus=true, preCheckPassed=false} to SafeModeStatus{safeModeStatus=true, preCheckPassed=true}.
2022-05-26 01:46:29,064 [EventQueue-NodeRegistrationContainerReportForDataNodeSafeModeRule] INFO  pipeline.BackgroundPipelineCreator (BackgroundPipelineCreator.java:notifyEventTriggered(272)) - trigger a one-shot run on RatisPipelineUtilsThread.
2022-05-26 01:46:29,080 [RatisPipelineUtilsThread - 0] INFO  pipeline.RatisPipelineProvider (RatisPipelineProvider.java:lambda$create$0(195)) - Sending CreatePipelineCommand for pipeline:PipelineID=deb83095-5ffe-4b03-904a-3be03801cc0f to datanode:74164fff-0da3-452b-8e38-1858412758e6
2022-05-26 01:46:29,081 [RatisPipelineUtilsThread - 0] INFO  pipeline.PipelineStateManagerImpl (PipelineStateManagerImpl.java:addPipeline(101)) - Created pipeline Pipeline[ Id: deb83095-5ffe-4b03-904a-3be03801cc0f, Nodes: 74164fff-0da3-452b-8e38-1858412758e6{ip: 10.1.0.18, host: fv-az270-854.tacnzluakwdehk1hpragurqkma.bx.internal.cloudapp.net, ports: [REPLICATION=44527, RATIS=39183, RATIS_ADMIN=39183, RATIS_SERVER=39183, STANDALONE=43501], networkLocation: /default-rack, certSerialId: null, persistedOpState: IN_SERVICE, persistedOpStateExpiryEpochSec: 0}, ReplicationConfig: RATIS/ONE, State:ALLOCATED, leaderId:, CreationTimestamp2022-05-26T01:46:29.080Z[Etc/UTC]].
2022-05-26 01:46:29,081 [RatisPipelineUtilsThread - 0] INFO  pipeline.RatisPipelineProvider (RatisPipelineProvider.java:lambda$create$0(195)) - Sending CreatePipelineCommand for pipeline:PipelineID=31932152-a468-408e-b1eb-33809f806f51 to datanode:8a233994-06fc-4896-836d-f0eef08dbba3
2022-05-26 01:46:29,081 [RatisPipelineUtilsThread - 0] INFO  pipeline.RatisPipelineProvider (RatisPipelineProvider.java:lambda$create$0(195)) - Sending CreatePipelineCommand for pipeline:PipelineID=31932152-a468-408e-b1eb-33809f806f51 to datanode:13b42a2e-e9c9-4ea7-85e1-9ff027944fc9
2022-05-26 01:46:29,081 [RatisPipelineUtilsThread - 0] INFO  pipeline.RatisPipelineProvider (RatisPipelineProvider.java:lambda$create$0(195)) - Sending CreatePipelineCommand for pipeline:PipelineID=31932152-a468-408e-b1eb-33809f806f51 to datanode:74164fff-0da3-452b-8e38-1858412758e6
2022-05-26 01:46:29,081 [RatisPipelineUtilsThread - 0] INFO  pipeline.PipelineStateManagerImpl (PipelineStateManagerImpl.java:addPipeline(101)) - Created pipeline Pipeline[ Id: 31932152-a468-408e-b1eb-33809f806f51, Nodes: 8a233994-06fc-4896-836d-f0eef08dbba3{ip: 10.1.0.18, host: fv-az270-854.tacnzluakwdehk1hpragurqkma.bx.internal.cloudapp.net, ports: [REPLICATION=34923, RATIS=40213, RATIS_ADMIN=40213, RATIS_SERVER=40213, STANDALONE=37939], networkLocation: /default-rack, certSerialId: null, persistedOpState: IN_SERVICE, persistedOpStateExpiryEpochSec: 0}13b42a2e-e9c9-4ea7-85e1-9ff027944fc9{ip: 10.1.0.18, host: fv-az270-854.tacnzluakwdehk1hpragurqkma.bx.internal.cloudapp.net, ports: [REPLICATION=35853, RATIS=43047, RATIS_ADMIN=43047, RATIS_SERVER=43047, STANDALONE=33841], networkLocation: /default-rack, certSerialId: null, persistedOpState: IN_SERVICE, persistedOpStateExpiryEpochSec: 0}74164fff-0da3-452b-8e38-1858412758e6{ip: 10.1.0.18, host: fv-az270-854.tacnzluakwdehk1hpragurqkma.bx.internal.cloudapp.net, ports: [REPLICATION=44527, RATIS=39183, RATIS_ADMIN=39183, RATIS_SERVER=39183, STANDALONE=43501], networkLocation: /default-rack, certSerialId: null, persistedOpState: IN_SERVICE, persistedOpStateExpiryEpochSec: 0}, ReplicationConfig: RATIS/THREE, State:ALLOCATED, leaderId:, CreationTimestamp2022-05-26T01:46:29.081Z[Etc/UTC]].
2022-05-26 01:46:29,082 [RatisPipelineUtilsThread - 0] INFO  pipeline.RatisPipelineProvider (RatisPipelineProvider.java:lambda$create$0(195)) - Sending CreatePipelineCommand for pipeline:PipelineID=aaf370b2-7968-4555-b82f-d0772473f178 to datanode:13b42a2e-e9c9-4ea7-85e1-9ff027944fc9
2022-05-26 01:46:29,082 [RatisPipelineUtilsThread - 0] INFO  pipeline.RatisPipelineProvider (RatisPipelineProvider.java:lambda$create$0(195)) - Sending CreatePipelineCommand for pipeline:PipelineID=aaf370b2-7968-4555-b82f-d0772473f178 to datanode:8a233994-06fc-4896-836d-f0eef08dbba3
2022-05-26 01:46:29,082 [RatisPipelineUtilsThread - 0] INFO  pipeline.RatisPipelineProvider (RatisPipelineProvider.java:lambda$create$0(195)) - Sending CreatePipelineCommand for pipeline:PipelineID=aaf370b2-7968-4555-b82f-d0772473f178 to datanode:74164fff-0da3-452b-8e38-1858412758e6
2022-05-26 01:46:29,082 [RatisPipelineUtilsThread - 0] INFO  pipeline.PipelineStateManagerImpl (PipelineStateManagerImpl.java:addPipeline(101)) - Created pipeline Pipeline[ Id: aaf370b2-7968-4555-b82f-d0772473f178, Nodes: 13b42a2e-e9c9-4ea7-85e1-9ff027944fc9{ip: 10.1.0.18, host: fv-az270-854.tacnzluakwdehk1hpragurqkma.bx.internal.cloudapp.net, ports: [REPLICATION=35853, RATIS=43047, RATIS_ADMIN=43047, RATIS_SERVER=43047, STANDALONE=33841], networkLocation: /default-rack, certSerialId: null, persistedOpState: IN_SERVICE, persistedOpStateExpiryEpochSec: 0}8a233994-06fc-4896-836d-f0eef08dbba3{ip: 10.1.0.18, host: fv-az270-854.tacnzluakwdehk1hpragurqkma.bx.internal.cloudapp.net, ports: [REPLICATION=34923, RATIS=40213, RATIS_ADMIN=40213, RATIS_SERVER=40213, STANDALONE=37939], networkLocation: /default-rack, certSerialId: null, persistedOpState: IN_SERVICE, persistedOpStateExpiryEpochSec: 0}74164fff-0da3-452b-8e38-1858412758e6{ip: 10.1.0.18, host: fv-az270-854.tacnzluakwdehk1hpragurqkma.bx.internal.cloudapp.net, ports: [REPLICATION=44527, RATIS=39183, RATIS_ADMIN=39183, RATIS_SERVER=39183, STANDALONE=43501], networkLocation: /default-rack, certSerialId: null, persistedOpState: IN_SERVICE, persistedOpStateExpiryEpochSec: 0}, ReplicationConfig: RATIS/THREE, State:ALLOCATED, leaderId:, CreationTimestamp2022-05-26T01:46:29.082Z[Etc/UTC]].
2022-05-26 01:46:29,082 [RatisPipelineUtilsThread - 0] INFO  pipeline.PipelineManagerImpl (PipelineManagerImpl.java:recordMetricsForPipeline(695)) - Pipeline: PipelineID=aaf370b2-7968-4555-b82f-d0772473f178 contains same datanodes as previous pipelines: PipelineID=31932152-a468-408e-b1eb-33809f806f51 nodeIds: 13b42a2e-e9c9-4ea7-85e1-9ff027944fc9, 8a233994-06fc-4896-836d-f0eef08dbba3, 74164fff-0da3-452b-8e38-1858412758e6
2022-05-26 01:46:29,544 [Command processor thread] INFO  server.RaftServer (RaftServerProxy.java:addNew(96)) - 13b42a2e-e9c9-4ea7-85e1-9ff027944fc9: addNew group-C5542A47B21A:[13b42a2e-e9c9-4ea7-85e1-9ff027944fc9|rpc:10.1.0.18:43047|priority:1] returns group-C5542A47B21A:java.util.concurrent.CompletableFuture@724da7e6[Not completed]
2022-05-26 01:46:29,605 [pool-703-thread-1] INFO  server.RaftServer$Division (RaftServerImpl.java:<init>(190)) - 13b42a2e-e9c9-4ea7-85e1-9ff027944fc9: new RaftServerImpl for group-C5542A47B21A:[13b42a2e-e9c9-4ea7-85e1-9ff027944fc9|rpc:10.1.0.18:43047|priority:1] with ContainerStateMachine:uninitialized
2022-05-26 01:46:29,605 [pool-703-thread-1] INFO  server.RaftServerConfigKeys (ConfUtils.java:logGet(46)) - raft.server.rpc.timeout.min = 5s (custom)
2022-05-26 01:46:29,605 [pool-703-thread-1] INFO  server.RaftServerConfigKeys (ConfUtils.java:logGet(46)) - raft.server.rpc.timeout.max = 5200ms (custom)
2022-05-26 01:46:29,605 [pool-703-thread-1] INFO  server.RaftServerConfigKeys (ConfUtils.java:logGet(46)) - raft.server.rpc.sleep.time = 25ms (default)
2022-05-26 01:46:29,605 [pool-703-thread-1] INFO  server.RaftServerConfigKeys (ConfUtils.java:logGet(46)) - raft.server.rpc.slowness.timeout = 300s (custom)
2022-05-26 01:46:29,605 [pool-703-thread-1] INFO  server.RaftServerConfigKeys (ConfUtils.java:logGet(46)) - raft.server.leaderelection.leader.step-down.wait-time = 10s (default)
2022-05-26 01:46:29,605 [pool-703-thread-1] INFO  server.RaftServerConfigKeys (ConfUtils.java:logGet(46)) - raft.server.sleep.deviation.threshold = 300ms (default)
2022-05-26 01:46:29,605 [pool-703-thread-1] INFO  server.RaftServer$Division (ServerState.java:<init>(107)) - 13b42a2e-e9c9-4ea7-85e1-9ff027944fc9@group-C5542A47B21A: ConfigurationManager, init=-1: [13b42a2e-e9c9-4ea7-85e1-9ff027944fc9|rpc:10.1.0.18:43047|priority:1], old=null, confs=<EMPTY_MAP>
2022-05-26 01:46:29,605 [pool-703-thread-1] INFO  server.RaftServerConfigKeys (ConfUtils.java:logGet(46)) - raft.server.storage.dir = [/home/runner/work/ozone/ozone/hadoop-ozone/integration-test/target/test-dir/MiniOzoneClusterImpl-6102e5ce-5215-4002-8b5c-988ca6cc3a5c/datanode-0/data/ratis] (custom)
2022-05-26 01:46:29,605 [pool-703-thread-1] INFO  server.RaftServerConfigKeys (ConfUtils.java:logGet(46)) - raft.server.log.corruption.policy = EXCEPTION (default)
2022-05-26 01:46:29,605 [pool-703-thread-1] INFO  server.RaftServerConfigKeys (ConfUtils.java:logGet(46)) - raft.server.storage.free-space.min = 0MB (=0) (default)
2022-05-26 01:46:29,605 [pool-703-thread-1] INFO  storage.RaftStorageDirectory (RaftStorageDirectoryImpl.java:analyzeStorage(135)) - The storage directory /home/runner/work/ozone/ozone/hadoop-ozone/integration-test/target/test-dir/MiniOzoneClusterImpl-6102e5ce-5215-4002-8b5c-988ca6cc3a5c/datanode-0/data/ratis/7b67d137-7154-4e78-983a-c5542a47b21a does not exist. Creating ...
2022-05-26 01:46:29,612 [pool-703-thread-1] INFO  storage.RaftStorageDirectory (RaftStorageDirectoryImpl.java:tryLock(230)) - Lock on /home/runner/work/ozone/ozone/hadoop-ozone/integration-test/target/test-dir/MiniOzoneClusterImpl-6102e5ce-5215-4002-8b5c-988ca6cc3a5c/datanode-0/data/ratis/7b67d137-7154-4e78-983a-c5542a47b21a/in_use.lock acquired by nodename 11847@fv-az270-854
2022-05-26 01:46:29,617 [pool-703-thread-1] INFO  storage.RaftStorage (RaftStorageImpl.java:format(89)) - Storage directory /home/runner/work/ozone/ozone/hadoop-ozone/integration-test/target/test-dir/MiniOzoneClusterImpl-6102e5ce-5215-4002-8b5c-988ca6cc3a5c/datanode-0/data/ratis/7b67d137-7154-4e78-983a-c5542a47b21a has been successfully formatted.
2022-05-26 01:46:29,619 [pool-703-thread-1] INFO  ratis.ContainerStateMachine (ContainerStateMachine.java:loadSnapshot(236)) - group-C5542A47B21A: The snapshot info is null. Setting the last applied indexto:(t:0, i:~)
2022-05-26 01:46:29,619 [pool-703-thread-1] INFO  server.RaftServerConfigKeys (ConfUtils.java:logGet(46)) - raft.server.notification.no-leader.timeout = 300s (custom)
2022-05-26 01:46:29,619 [pool-703-thread-1] INFO  server.RaftServerConfigKeys (ConfUtils.java:logGet(46)) - raft.server.log.use.memory = false (default)
2022-05-26 01:46:29,619 [pool-703-thread-1] INFO  server.RaftServerConfigKeys (ConfUtils.java:logGet(46)) - raft.server.log.purge.gap = 1000000 (custom)
2022-05-26 01:46:29,619 [pool-703-thread-1] INFO  server.RaftServerConfigKeys (ConfUtils.java:logGet(46)) - raft.server.log.appender.buffer.byte-limit = 33554432 (custom)
2022-05-26 01:46:29,619 [pool-703-thread-1] INFO  server.RaftServerConfigKeys (ConfUtils.java:logGet(46)) - raft.server.log.statemachine.data.read.timeout = 1000ms (default)
2022-05-26 01:46:29,619 [pool-703-thread-1] INFO  server.RaftServerConfigKeys (ConfUtils.java:logGet(46)) - raft.server.log.segment.size.max = 1048576 (custom)
2022-05-26 01:46:29,620 [pool-703-thread-1] INFO  server.RaftServerConfigKeys (ConfUtils.java:logGet(46)) - raft.server.log.segment.cache.num.max = 2 (custom)
2022-05-26 01:46:29,620 [pool-703-thread-1] INFO  server.RaftServerConfigKeys (ConfUtils.java:logGet(46)) - raft.server.log.segment.cache.size.max = 200MB (=209715200) (default)
2022-05-26 01:46:29,620 [pool-703-thread-1] INFO  segmented.SegmentedRaftLogWorker (SegmentedRaftLogWorker.java:<init>(187)) - new 13b42a2e-e9c9-4ea7-85e1-9ff027944fc9@group-C5542A47B21A-SegmentedRaftLogWorker for RaftStorageImpl:Storage Directory /home/runner/work/ozone/ozone/hadoop-ozone/integration-test/target/test-dir/MiniOzoneClusterImpl-6102e5ce-5215-4002-8b5c-988ca6cc3a5c/datanode-0/data/ratis/7b67d137-7154-4e78-983a-c5542a47b21a
2022-05-26 01:46:29,620 [pool-703-thread-1] INFO  server.RaftServerConfigKeys (ConfUtils.java:logGet(46)) - raft.server.log.queue.byte-limit = 4294967296 (custom)
2022-05-26 01:46:29,620 [pool-703-thread-1] INFO  server.RaftServerConfigKeys (ConfUtils.java:logGet(46)) - raft.server.log.queue.element-limit = 1024 (custom)
2022-05-26 01:46:29,620 [pool-703-thread-1] INFO  server.RaftServerConfigKeys (ConfUtils.java:logGet(46)) - raft.server.log.segment.size.max = 1048576 (custom)
2022-05-26 01:46:29,620 [pool-703-thread-1] INFO  server.RaftServerConfigKeys (ConfUtils.java:logGet(46)) - raft.server.log.preallocated.size = 16384 (custom)
2022-05-26 01:46:29,620 [pool-703-thread-1] INFO  server.RaftServerConfigKeys (ConfUtils.java:logGet(46)) - raft.server.log.force.sync.num = 128 (default)
2022-05-26 01:46:29,620 [pool-703-thread-1] INFO  server.RaftServerConfigKeys (ConfUtils.java:logGet(46)) - raft.server.log.statemachine.data.sync = true (default)
2022-05-26 01:46:29,620 [pool-703-thread-1] INFO  server.RaftServerConfigKeys (ConfUtils.java:logGet(46)) - raft.server.log.statemachine.data.sync.timeout = 10s (default)
2022-05-26 01:46:29,620 [pool-703-thread-1] INFO  server.RaftServerConfigKeys (ConfUtils.java:logGet(46)) - raft.server.log.statemachine.data.sync.timeout.retry = -1 (default)
2022-05-26 01:46:29,621 [pool-703-thread-1] INFO  server.RaftServerConfigKeys (ConfUtils.java:logGet(46)) - raft.server.log.write.buffer.size = 1048576 (custom)
2022-05-26 01:46:29,622 [pool-703-thread-1] INFO  server.RaftServerConfigKeys (ConfUtils.java:logGet(46)) - raft.server.log.unsafe-flush.enabled = false (default)
2022-05-26 01:46:29,622 [pool-703-thread-1] INFO  server.RaftServerConfigKeys (ConfUtils.java:logGet(46)) - raft.server.log.statemachine.data.caching.enabled = true (custom)
2022-05-26 01:46:29,622 [pool-703-thread-1] INFO  segmented.SegmentedRaftLogWorker (SegmentedRaftLogWorker.java:lambda$new$0(135)) - 13b42a2e-e9c9-4ea7-85e1-9ff027944fc9@group-C5542A47B21A-SegmentedRaftLogWorker: flushIndex: setUnconditionally 0 -> -1
2022-05-26 01:46:29,622 [pool-703-thread-1] INFO  segmented.SegmentedRaftLogWorker (SegmentedRaftLogWorker.java:lambda$new$0(135)) - 13b42a2e-e9c9-4ea7-85e1-9ff027944fc9@group-C5542A47B21A-SegmentedRaftLogWorker: safeCacheEvictIndex: setUnconditionally 0 -> -1
2022-05-26 01:46:29,622 [pool-703-thread-1] INFO  server.RaftServerConfigKeys (ConfUtils.java:logGet(46)) - raft.server.snapshot.auto.trigger.enabled = true (custom)
2022-05-26 01:46:29,622 [pool-703-thread-1] INFO  server.RaftServerConfigKeys (ConfUtils.java:logGet(46)) - raft.server.snapshot.auto.trigger.threshold = 10000 (custom)
2022-05-26 01:46:29,622 [pool-703-thread-1] INFO  server.RaftServerConfigKeys (ConfUtils.java:logGet(46)) - raft.server.snapshot.retention.file.num = 5 (custom)
2022-05-26 01:46:29,622 [pool-703-thread-1] INFO  server.RaftServerConfigKeys (ConfUtils.java:logGet(46)) - raft.server.log.purge.upto.snapshot.index = false (default)
2022-05-26 01:46:29,622 [pool-703-thread-1] INFO  server.RaftServerConfigKeys (ConfUtils.java:logGet(46)) - raft.server.retrycache.expirytime = 600000ms (custom)
2022-05-26 01:46:29,622 [pool-703-thread-1] INFO  server.RaftServerConfigKeys (ConfUtils.java:logGet(46)) - raft.server.retrycache.statistics.expirytime = 100μs (default)
2022-05-26 01:46:29,623 [EventQueue-PipelineReportForPipelineReportHandler] INFO  pipeline.PipelineManagerImpl (PipelineManagerImpl.java:openPipeline(336)) - Pipeline Pipeline[ Id: 7b67d137-7154-4e78-983a-c5542a47b21a, Nodes: 13b42a2e-e9c9-4ea7-85e1-9ff027944fc9{ip: 10.1.0.18, host: fv-az270-854.tacnzluakwdehk1hpragurqkma.bx.internal.cloudapp.net, ports: [REPLICATION=35853, RATIS=43047, RATIS_ADMIN=43047, RATIS_SERVER=43047, STANDALONE=33841], networkLocation: /default-rack, certSerialId: null, persistedOpState: IN_SERVICE, persistedOpStateExpiryEpochSec: 0}, ReplicationConfig: RATIS/ONE, State:ALLOCATED, leaderId:13b42a2e-e9c9-4ea7-85e1-9ff027944fc9, CreationTimestamp2022-05-26T01:46:26.577Z[Etc/UTC]] moved to OPEN state
2022-05-26 01:46:29,689 [pool-703-thread-1] INFO  server.RaftServerConfigKeys (ConfUtils.java:logGet(46)) - raft.server.log.appender.install.snapshot.enabled = false (custom)
2022-05-26 01:46:29,689 [pool-703-thread-1] INFO  server.RaftServerConfigKeys (ConfUtils.java:logGet(46)) - raft.server.threadpool.server.cached = true (default)
2022-05-26 01:46:29,689 [pool-703-thread-1] INFO  server.RaftServerConfigKeys (ConfUtils.java:logGet(46)) - raft.server.threadpool.server.size = 0 (default)
2022-05-26 01:46:29,689 [pool-703-thread-1] INFO  server.RaftServerConfigKeys (ConfUtils.java:logGet(46)) - raft.server.threadpool.client.cached = true (default)
2022-05-26 01:46:29,689 [pool-703-thread-1] INFO  server.RaftServerConfigKeys (ConfUtils.java:logGet(46)) - raft.server.threadpool.client.size = 0 (default)
2022-05-26 01:46:29,689 [pool-703-thread-1] INFO  server.RaftServer$Division (RaftServerImpl.java:start(310)) - 13b42a2e-e9c9-4ea7-85e1-9ff027944fc9@group-C5542A47B21A: start as a follower, conf=-1: [13b42a2e-e9c9-4ea7-85e1-9ff027944fc9|rpc:10.1.0.18:43047|priority:1], old=null
2022-05-26 01:46:29,689 [pool-703-thread-1] INFO  server.RaftServer$Division (RaftServerImpl.java:setRole(299)) - 13b42a2e-e9c9-4ea7-85e1-9ff027944fc9@group-C5542A47B21A: changes role from      null to FOLLOWER at term 0 for startAsFollower
2022-05-26 01:46:29,689 [pool-703-thread-1] INFO  impl.RoleInfo (RoleInfo.java:updateAndGet(139)) - 13b42a2e-e9c9-4ea7-85e1-9ff027944fc9: start 13b42a2e-e9c9-4ea7-85e1-9ff027944fc9@group-C5542A47B21A-FollowerState
2022-05-26 01:46:29,690 [EventQueue-OpenPipelineForHealthyPipelineSafeModeRule] INFO  safemode.SCMSafeModeManager (HealthyPipelineSafeModeRule.java:process(124)) - SCM in safe mode. Healthy pipelines reported count is 0, required healthy pipeline reported count is 1
2022-05-26 01:46:29,716 [pool-703-thread-1] INFO  util.JmxRegister (JmxRegister.java:tryRegister(44)) - Successfully registered JMX Bean with object name Ratis:service=RaftServer,group=group-C5542A47B21A,id=13b42a2e-e9c9-4ea7-85e1-9ff027944fc9
2022-05-26 01:46:29,732 [Command processor thread] INFO  ratis.XceiverServerRatis (XceiverServerRatis.java:addGroup(765)) - Created group PipelineID=7b67d137-7154-4e78-983a-c5542a47b21a
2022-05-26 01:46:29,732 [Command processor thread] INFO  commandhandler.CreatePipelineCommandHandler (CreatePipelineCommandHandler.java:handle(113)) - Created Pipeline RATIS ONE PipelineID=7b67d137-7154-4e78-983a-c5542a47b21a.
2022-05-26 01:46:29,732 [Command processor thread] INFO  server.RaftServer (RaftServerProxy.java:addNew(96)) - 13b42a2e-e9c9-4ea7-85e1-9ff027944fc9: addNew group-33809F806F51:[13b42a2e-e9c9-4ea7-85e1-9ff027944fc9|rpc:10.1.0.18:43047|priority:0, 8a233994-06fc-4896-836d-f0eef08dbba3|rpc:10.1.0.18:40213|priority:1, 74164fff-0da3-452b-8e38-1858412758e6|rpc:10.1.0.18:39183|priority:0] returns group-33809F806F51:java.util.concurrent.CompletableFuture@76723d77[Not completed]
2022-05-26 01:46:29,733 [pool-703-thread-1] INFO  server.RaftServer$Division (RaftServerImpl.java:<init>(190)) - 13b42a2e-e9c9-4ea7-85e1-9ff027944fc9: new RaftServerImpl for group-33809F806F51:[13b42a2e-e9c9-4ea7-85e1-9ff027944fc9|rpc:10.1.0.18:43047|priority:0, 8a233994-06fc-4896-836d-f0eef08dbba3|rpc:10.1.0.18:40213|priority:1, 74164fff-0da3-452b-8e38-1858412758e6|rpc:10.1.0.18:39183|priority:0] with ContainerStateMachine:uninitialized
2022-05-26 01:46:29,733 [pool-703-thread-1] INFO  server.RaftServerConfigKeys (ConfUtils.java:logGet(46)) - raft.server.rpc.timeout.min = 5s (custom)
2022-05-26 01:46:29,733 [pool-703-thread-1] INFO  server.RaftServerConfigKeys (ConfUtils.java:logGet(46)) - raft.server.rpc.timeout.max = 5200ms (custom)
2022-05-26 01:46:29,733 [pool-703-thread-1] INFO  server.RaftServerConfigKeys (ConfUtils.java:logGet(46)) - raft.server.rpc.sleep.time = 25ms (default)
2022-05-26 01:46:29,733 [pool-703-thread-1] INFO  server.RaftServerConfigKeys (ConfUtils.java:logGet(46)) - raft.server.rpc.slowness.timeout = 300s (custom)
2022-05-26 01:46:29,733 [pool-703-thread-1] INFO  server.RaftServerConfigKeys (ConfUtils.java:logGet(46)) - raft.server.leaderelection.leader.step-down.wait-time = 10s (default)
2022-05-26 01:46:29,733 [pool-703-thread-1] INFO  server.RaftServerConfigKeys (ConfUtils.java:logGet(46)) - raft.server.sleep.deviation.threshold = 300ms (default)
2022-05-26 01:46:29,733 [pool-703-thread-1] INFO  server.RaftServer$Division (ServerState.java:<init>(107)) - 13b42a2e-e9c9-4ea7-85e1-9ff027944fc9@group-33809F806F51: ConfigurationManager, init=-1: [13b42a2e-e9c9-4ea7-85e1-9ff027944fc9|rpc:10.1.0.18:43047|priority:0, 8a233994-06fc-4896-836d-f0eef08dbba3|rpc:10.1.0.18:40213|priority:1, 74164fff-0da3-452b-8e38-1858412758e6|rpc:10.1.0.18:39183|priority:0], old=null, confs=<EMPTY_MAP>
2022-05-26 01:46:29,733 [pool-703-thread-1] INFO  server.RaftServerConfigKeys (ConfUtils.java:logGet(46)) - raft.server.storage.dir = [/home/runner/work/ozone/ozone/hadoop-ozone/integration-test/target/test-dir/MiniOzoneClusterImpl-6102e5ce-5215-4002-8b5c-988ca6cc3a5c/datanode-0/data/ratis] (custom)
2022-05-26 01:46:29,733 [pool-703-thread-1] INFO  server.RaftServerConfigKeys (ConfUtils.java:logGet(46)) - raft.server.log.corruption.policy = EXCEPTION (default)
2022-05-26 01:46:29,734 [pool-703-thread-1] INFO  server.RaftServerConfigKeys (ConfUtils.java:logGet(46)) - raft.server.storage.free-space.min = 0MB (=0) (default)
2022-05-26 01:46:29,734 [pool-703-thread-1] INFO  storage.RaftStorageDirectory (RaftStorageDirectoryImpl.java:analyzeStorage(135)) - The storage directory /home/runner/work/ozone/ozone/hadoop-ozone/integration-test/target/test-dir/MiniOzoneClusterImpl-6102e5ce-5215-4002-8b5c-988ca6cc3a5c/datanode-0/data/ratis/31932152-a468-408e-b1eb-33809f806f51 does not exist. Creating ...
2022-05-26 01:46:29,741 [pool-703-thread-1] INFO  storage.RaftStorageDirectory (RaftStorageDirectoryImpl.java:tryLock(230)) - Lock on /home/runner/work/ozone/ozone/hadoop-ozone/integration-test/target/test-dir/MiniOzoneClusterImpl-6102e5ce-5215-4002-8b5c-988ca6cc3a5c/datanode-0/data/ratis/31932152-a468-408e-b1eb-33809f806f51/in_use.lock acquired by nodename 11847@fv-az270-854
2022-05-26 01:46:29,744 [pool-703-thread-1] INFO  storage.RaftStorage (RaftStorageImpl.java:format(89)) - Storage directory /home/runner/work/ozone/ozone/hadoop-ozone/integration-test/target/test-dir/MiniOzoneClusterImpl-6102e5ce-5215-4002-8b5c-988ca6cc3a5c/datanode-0/data/ratis/31932152-a468-408e-b1eb-33809f806f51 has been successfully formatted.
2022-05-26 01:46:29,760 [pool-703-thread-1] INFO  ratis.ContainerStateMachine (ContainerStateMachine.java:loadSnapshot(236)) - group-33809F806F51: The snapshot info is null. Setting the last applied indexto:(t:0, i:~)
2022-05-26 01:46:29,777 [pool-703-thread-1] INFO  server.RaftServerConfigKeys (ConfUtils.java:logGet(46)) - raft.server.notification.no-leader.timeout = 300s (custom)
2022-05-26 01:46:29,777 [pool-703-thread-1] INFO  server.RaftServerConfigKeys (ConfUtils.java:logGet(46)) - raft.server.log.use.memory = false (default)
2022-05-26 01:46:29,777 [pool-703-thread-1] INFO  server.RaftServerConfigKeys (ConfUtils.java:logGet(46)) - raft.server.log.purge.gap = 1000000 (custom)
2022-05-26 01:46:29,777 [pool-703-thread-1] INFO  server.RaftServerConfigKeys (ConfUtils.java:logGet(46)) - raft.server.log.appender.buffer.byte-limit = 33554432 (custom)
2022-05-26 01:46:29,777 [pool-703-thread-1] INFO  server.RaftServerConfigKeys (ConfUtils.java:logGet(46)) - raft.server.log.statemachine.data.read.timeout = 1000ms (default)
2022-05-26 01:46:29,777 [pool-703-thread-1] INFO  server.RaftServerConfigKeys (ConfUtils.java:logGet(46)) - raft.server.log.segment.size.max = 1048576 (custom)
2022-05-26 01:46:29,778 [pool-703-thread-1] INFO  server.RaftServerConfigKeys (ConfUtils.java:logGet(46)) - raft.server.log.segment.cache.num.max = 2 (custom)
2022-05-26 01:46:29,778 [pool-703-thread-1] INFO  server.RaftServerConfigKeys (ConfUtils.java:logGet(46)) - raft.server.log.segment.cache.size.max = 200MB (=209715200) (default)
2022-05-26 01:46:29,778 [pool-703-thread-1] INFO  segmented.SegmentedRaftLogWorker (SegmentedRaftLogWorker.java:<init>(187)) - new 13b42a2e-e9c9-4ea7-85e1-9ff027944fc9@group-33809F806F51-SegmentedRaftLogWorker for RaftStorageImpl:Storage Directory /home/runner/work/ozone/ozone/hadoop-ozone/integration-test/target/test-dir/MiniOzoneClusterImpl-6102e5ce-5215-4002-8b5c-988ca6cc3a5c/datanode-0/data/ratis/31932152-a468-408e-b1eb-33809f806f51
2022-05-26 01:46:29,778 [pool-703-thread-1] INFO  server.RaftServerConfigKeys (ConfUtils.java:logGet(46)) - raft.server.log.queue.byte-limit = 4294967296 (custom)
2022-05-26 01:46:29,778 [pool-703-thread-1] INFO  server.RaftServerConfigKeys (ConfUtils.java:logGet(46)) - raft.server.log.queue.element-limit = 1024 (custom)
2022-05-26 01:46:29,778 [pool-703-thread-1] INFO  server.RaftServerConfigKeys (ConfUtils.java:logGet(46)) - raft.server.log.segment.size.max = 1048576 (custom)
2022-05-26 01:46:29,778 [pool-703-thread-1] INFO  server.RaftServerConfigKeys (ConfUtils.java:logGet(46)) - raft.server.log.preallocated.size = 16384 (custom)
2022-05-26 01:46:29,778 [pool-703-thread-1] INFO  server.RaftServerConfigKeys (ConfUtils.java:logGet(46)) - raft.server.log.force.sync.num = 128 (default)
2022-05-26 01:46:29,778 [pool-703-thread-1] INFO  server.RaftServerConfigKeys (ConfUtils.java:logGet(46)) - raft.server.log.statemachine.data.sync = true (default)
2022-05-26 01:46:29,778 [pool-703-thread-1] INFO  server.RaftServerConfigKeys (ConfUtils.java:logGet(46)) - raft.server.log.statemachine.data.sync.timeout = 10s (default)
2022-05-26 01:46:29,778 [pool-703-thread-1] INFO  server.RaftServerConfigKeys (ConfUtils.java:logGet(46)) - raft.server.log.statemachine.data.sync.timeout.retry = -1 (default)
2022-05-26 01:46:29,779 [pool-703-thread-1] INFO  server.RaftServerConfigKeys (ConfUtils.java:logGet(46)) - raft.server.log.write.buffer.size = 1048576 (custom)
2022-05-26 01:46:29,780 [pool-703-thread-1] INFO  server.RaftServerConfigKeys (ConfUtils.java:logGet(46)) - raft.server.log.unsafe-flush.enabled = false (default)
2022-05-26 01:46:29,780 [pool-703-thread-1] INFO  server.RaftServerConfigKeys (ConfUtils.java:logGet(46)) - raft.server.log.statemachine.data.caching.enabled = true (custom)
2022-05-26 01:46:29,780 [pool-703-thread-1] INFO  segmented.SegmentedRaftLogWorker (SegmentedRaftLogWorker.java:lambda$new$0(135)) - 13b42a2e-e9c9-4ea7-85e1-9ff027944fc9@group-33809F806F51-SegmentedRaftLogWorker: flushIndex: setUnconditionally 0 -> -1
2022-05-26 01:46:29,780 [pool-703-thread-1] INFO  segmented.SegmentedRaftLogWorker (SegmentedRaftLogWorker.java:lambda$new$0(135)) - 13b42a2e-e9c9-4ea7-85e1-9ff027944fc9@group-33809F806F51-SegmentedRaftLogWorker: safeCacheEvictIndex: setUnconditionally 0 -> -1
2022-05-26 01:46:29,812 [pool-703-thread-1] INFO  server.RaftServerConfigKeys (ConfUtils.java:logGet(46)) - raft.server.snapshot.auto.trigger.enabled = true (custom)
2022-05-26 01:46:29,812 [pool-703-thread-1] INFO  server.RaftServerConfigKeys (ConfUtils.java:logGet(46)) - raft.server.snapshot.auto.trigger.threshold = 10000 (custom)
2022-05-26 01:46:29,812 [pool-703-thread-1] INFO  server.RaftServerConfigKeys (ConfUtils.java:logGet(46)) - raft.server.snapshot.retention.file.num = 5 (custom)
2022-05-26 01:46:29,812 [pool-703-thread-1] INFO  server.RaftServerConfigKeys (ConfUtils.java:logGet(46)) - raft.server.log.purge.upto.snapshot.index = false (default)
2022-05-26 01:46:29,812 [pool-703-thread-1] INFO  server.RaftServerConfigKeys (ConfUtils.java:logGet(46)) - raft.server.retrycache.expirytime = 600000ms (custom)
2022-05-26 01:46:29,812 [pool-703-thread-1] INFO  server.RaftServerConfigKeys (ConfUtils.java:logGet(46)) - raft.server.retrycache.statistics.expirytime = 100μs (default)
2022-05-26 01:46:29,813 [EventQueue-OpenPipelineForHealthyPipelineSafeModeRule] INFO  safemode.SCMSafeModeManager (HealthyPipelineSafeModeRule.java:process(124)) - SCM in safe mode. Healthy pipelines reported count is 0, required healthy pipeline reported count is 1
2022-05-26 01:46:29,814 [pool-703-thread-1] INFO  server.RaftServerConfigKeys (ConfUtils.java:logGet(46)) - raft.server.log.appender.install.snapshot.enabled = false (custom)
2022-05-26 01:46:29,814 [pool-703-thread-1] INFO  server.RaftServerConfigKeys (ConfUtils.java:logGet(46)) - raft.server.threadpool.server.cached = true (default)
2022-05-26 01:46:29,814 [pool-703-thread-1] INFO  server.RaftServerConfigKeys (ConfUtils.java:logGet(46)) - raft.server.threadpool.server.size = 0 (default)
2022-05-26 01:46:29,814 [pool-703-thread-1] INFO  server.RaftServerConfigKeys (ConfUtils.java:logGet(46)) - raft.server.threadpool.client.cached = true (default)
2022-05-26 01:46:29,814 [pool-703-thread-1] INFO  server.RaftServerConfigKeys (ConfUtils.java:logGet(46)) - raft.server.threadpool.client.size = 0 (default)
2022-05-26 01:46:29,814 [pool-703-thread-1] INFO  server.RaftServer$Division (RaftServerImpl.java:start(310)) - 13b42a2e-e9c9-4ea7-85e1-9ff027944fc9@group-33809F806F51: start as a follower, conf=-1: [13b42a2e-e9c9-4ea7-85e1-9ff027944fc9|rpc:10.1.0.18:43047|priority:0, 8a233994-06fc-4896-836d-f0eef08dbba3|rpc:10.1.0.18:40213|priority:1, 74164fff-0da3-452b-8e38-1858412758e6|rpc:10.1.0.18:39183|priority:0], old=null
2022-05-26 01:46:29,814 [pool-703-thread-1] INFO  server.RaftServer$Division (RaftServerImpl.java:setRole(299)) - 13b42a2e-e9c9-4ea7-85e1-9ff027944fc9@group-33809F806F51: changes role from      null to FOLLOWER at term 0 for startAsFollower
2022-05-26 01:46:29,814 [pool-703-thread-1] INFO  impl.RoleInfo (RoleInfo.java:updateAndGet(139)) - 13b42a2e-e9c9-4ea7-85e1-9ff027944fc9: start 13b42a2e-e9c9-4ea7-85e1-9ff027944fc9@group-33809F806F51-FollowerState
2022-05-26 01:46:29,822 [pool-703-thread-1] INFO  util.JmxRegister (JmxRegister.java:tryRegister(44)) - Successfully registered JMX Bean with object name Ratis:service=RaftServer,group=group-33809F806F51,id=13b42a2e-e9c9-4ea7-85e1-9ff027944fc9
2022-05-26 01:46:29,828 [Command processor thread] INFO  ratis.XceiverServerRatis (XceiverServerRatis.java:addGroup(765)) - Created group PipelineID=31932152-a468-408e-b1eb-33809f806f51
2022-05-26 01:46:29,995 [grpc-default-executor-0] INFO  server.RaftServer (RaftServerProxy.java:addNew(96)) - 8a233994-06fc-4896-836d-f0eef08dbba3: addNew group-33809F806F51:[13b42a2e-e9c9-4ea7-85e1-9ff027944fc9|rpc:10.1.0.18:43047|dataStream:|priority:0, 8a233994-06fc-4896-836d-f0eef08dbba3|rpc:10.1.0.18:40213|dataStream:|priority:1, 74164fff-0da3-452b-8e38-1858412758e6|rpc:10.1.0.18:39183|dataStream:|priority:0] returns group-33809F806F51:java.util.concurrent.CompletableFuture@26eac574[Not completed]
2022-05-26 01:46:29,996 [pool-725-thread-1] INFO  server.RaftServer$Division (RaftServerImpl.java:<init>(190)) - 8a233994-06fc-4896-836d-f0eef08dbba3: new RaftServerImpl for group-33809F806F51:[13b42a2e-e9c9-4ea7-85e1-9ff027944fc9|rpc:10.1.0.18:43047|dataStream:|priority:0, 8a233994-06fc-4896-836d-f0eef08dbba3|rpc:10.1.0.18:40213|dataStream:|priority:1, 74164fff-0da3-452b-8e38-1858412758e6|rpc:10.1.0.18:39183|dataStream:|priority:0] with ContainerStateMachine:uninitialized
2022-05-26 01:46:29,996 [pool-725-thread-1] INFO  server.RaftServerConfigKeys (ConfUtils.java:logGet(46)) - raft.server.rpc.timeout.min = 5s (custom)
2022-05-26 01:46:29,996 [pool-725-thread-1] INFO  server.RaftServerConfigKeys (ConfUtils.java:logGet(46)) - raft.server.rpc.timeout.max = 5200ms (custom)
2022-05-26 01:46:29,996 [pool-725-thread-1] INFO  server.RaftServerConfigKeys (ConfUtils.java:logGet(46)) - raft.server.rpc.sleep.time = 25ms (default)
2022-05-26 01:46:29,996 [pool-725-thread-1] INFO  server.RaftServerConfigKeys (ConfUtils.java:logGet(46)) - raft.server.rpc.slowness.timeout = 300s (custom)
2022-05-26 01:46:29,996 [pool-725-thread-1] INFO  server.RaftServerConfigKeys (ConfUtils.java:logGet(46)) - raft.server.leaderelection.leader.step-down.wait-time = 10s (default)
2022-05-26 01:46:29,996 [pool-725-thread-1] INFO  server.RaftServerConfigKeys (ConfUtils.java:logGet(46)) - raft.server.sleep.deviation.threshold = 300ms (default)
2022-05-26 01:46:29,996 [pool-725-thread-1] INFO  server.RaftServer$Division (ServerState.java:<init>(107)) - 8a233994-06fc-4896-836d-f0eef08dbba3@group-33809F806F51: ConfigurationManager, init=-1: [13b42a2e-e9c9-4ea7-85e1-9ff027944fc9|rpc:10.1.0.18:43047|dataStream:|priority:0, 8a233994-06fc-4896-836d-f0eef08dbba3|rpc:10.1.0.18:40213|dataStream:|priority:1, 74164fff-0da3-452b-8e38-1858412758e6|rpc:10.1.0.18:39183|dataStream:|priority:0], old=null, confs=<EMPTY_MAP>
2022-05-26 01:46:29,996 [pool-725-thread-1] INFO  server.RaftServerConfigKeys (ConfUtils.java:logGet(46)) - raft.server.storage.dir = [/home/runner/work/ozone/ozone/hadoop-ozone/integration-test/target/test-dir/MiniOzoneClusterImpl-6102e5ce-5215-4002-8b5c-988ca6cc3a5c/datanode-1/data/ratis] (custom)
2022-05-26 01:46:29,997 [pool-725-thread-1] INFO  server.RaftServerConfigKeys (ConfUtils.java:logGet(46)) - raft.server.log.corruption.policy = EXCEPTION (default)
2022-05-26 01:46:29,997 [pool-725-thread-1] INFO  server.RaftServerConfigKeys (ConfUtils.java:logGet(46)) - raft.server.storage.free-space.min = 0MB (=0) (default)
2022-05-26 01:46:29,997 [pool-725-thread-1] INFO  storage.RaftStorageDirectory (RaftStorageDirectoryImpl.java:analyzeStorage(135)) - The storage directory /home/runner/work/ozone/ozone/hadoop-ozone/integration-test/target/test-dir/MiniOzoneClusterImpl-6102e5ce-5215-4002-8b5c-988ca6cc3a5c/datanode-1/data/ratis/31932152-a468-408e-b1eb-33809f806f51 does not exist. Creating ...
2022-05-26 01:46:29,998 [pool-725-thread-1] INFO  storage.RaftStorageDirectory (RaftStorageDirectoryImpl.java:tryLock(230)) - Lock on /home/runner/work/ozone/ozone/hadoop-ozone/integration-test/target/test-dir/MiniOzoneClusterImpl-6102e5ce-5215-4002-8b5c-988ca6cc3a5c/datanode-1/data/ratis/31932152-a468-408e-b1eb-33809f806f51/in_use.lock acquired by nodename 11847@fv-az270-854
2022-05-26 01:46:29,999 [pool-725-thread-1] INFO  storage.RaftStorage (RaftStorageImpl.java:format(89)) - Storage directory /home/runner/work/ozone/ozone/hadoop-ozone/integration-test/target/test-dir/MiniOzoneClusterImpl-6102e5ce-5215-4002-8b5c-988ca6cc3a5c/datanode-1/data/ratis/31932152-a468-408e-b1eb-33809f806f51 has been successfully formatted.
2022-05-26 01:46:30,019 [Listener at 127.0.0.1/39025] INFO  ozone.MiniOzoneClusterImpl (MiniOzoneClusterImpl.java:lambda$waitForClusterToBeReady$0(221)) - Nodes are ready. Got 3 of 3 DN Heartbeats.
2022-05-26 01:46:30,019 [Listener at 127.0.0.1/39025] INFO  ozone.MiniOzoneClusterImpl (MiniOzoneClusterImpl.java:lambda$waitForClusterToBeReady$0(224)) - Waiting for cluster to exit safe mode
2022-05-26 01:46:30,019 [Listener at 127.0.0.1/39025] INFO  ozone.MiniOzoneClusterImpl (MiniOzoneClusterImpl.java:lambda$waitForClusterToBeReady$0(226)) - SCM became leader
2022-05-26 01:46:30,045 [pool-725-thread-1] INFO  ratis.ContainerStateMachine (ContainerStateMachine.java:loadSnapshot(236)) - group-33809F806F51: The snapshot info is null. Setting the last applied indexto:(t:0, i:~)
2022-05-26 01:46:30,045 [pool-725-thread-1] INFO  server.RaftServerConfigKeys (ConfUtils.java:logGet(46)) - raft.server.notification.no-leader.timeout = 300s (custom)
2022-05-26 01:46:30,045 [pool-725-thread-1] INFO  server.RaftServerConfigKeys (ConfUtils.java:logGet(46)) - raft.server.log.use.memory = false (default)
2022-05-26 01:46:30,045 [pool-725-thread-1] INFO  server.RaftServerConfigKeys (ConfUtils.java:logGet(46)) - raft.server.log.purge.gap = 1000000 (custom)
2022-05-26 01:46:30,045 [pool-725-thread-1] INFO  server.RaftServerConfigKeys (ConfUtils.java:logGet(46)) - raft.server.log.appender.buffer.byte-limit = 33554432 (custom)
2022-05-26 01:46:30,045 [pool-725-thread-1] INFO  server.RaftServerConfigKeys (ConfUtils.java:logGet(46)) - raft.server.log.statemachine.data.read.timeout = 1000ms (default)
2022-05-26 01:46:30,048 [pool-725-thread-1] INFO  server.RaftServerConfigKeys (ConfUtils.java:logGet(46)) - raft.server.log.segment.size.max = 1048576 (custom)
2022-05-26 01:46:30,048 [pool-725-thread-1] INFO  server.RaftServerConfigKeys (ConfUtils.java:logGet(46)) - raft.server.log.segment.cache.num.max = 2 (custom)
2022-05-26 01:46:30,048 [pool-725-thread-1] INFO  server.RaftServerConfigKeys (ConfUtils.java:logGet(46)) - raft.server.log.segment.cache.size.max = 200MB (=209715200) (default)
2022-05-26 01:46:30,048 [pool-725-thread-1] INFO  segmented.SegmentedRaftLogWorker (SegmentedRaftLogWorker.java:<init>(187)) - new 8a233994-06fc-4896-836d-f0eef08dbba3@group-33809F806F51-SegmentedRaftLogWorker for RaftStorageImpl:Storage Directory /home/runner/work/ozone/ozone/hadoop-ozone/integration-test/target/test-dir/MiniOzoneClusterImpl-6102e5ce-5215-4002-8b5c-988ca6cc3a5c/datanode-1/data/ratis/31932152-a468-408e-b1eb-33809f806f51
2022-05-26 01:46:30,048 [pool-725-thread-1] INFO  server.RaftServerConfigKeys (ConfUtils.java:logGet(46)) - raft.server.log.queue.byte-limit = 4294967296 (custom)
2022-05-26 01:46:30,049 [pool-725-thread-1] INFO  server.RaftServerConfigKeys (ConfUtils.java:logGet(46)) - raft.server.log.queue.element-limit = 1024 (custom)
2022-05-26 01:46:30,049 [pool-725-thread-1] INFO  server.RaftServerConfigKeys (ConfUtils.java:logGet(46)) - raft.server.log.segment.size.max = 1048576 (custom)
2022-05-26 01:46:30,049 [pool-725-thread-1] INFO  server.RaftServerConfigKeys (ConfUtils.java:logGet(46)) - raft.server.log.preallocated.size = 16384 (custom)
2022-05-26 01:46:30,049 [pool-725-thread-1] INFO  server.RaftServerConfigKeys (ConfUtils.java:logGet(46)) - raft.server.log.force.sync.num = 128 (default)
2022-05-26 01:46:30,049 [pool-725-thread-1] INFO  server.RaftServerConfigKeys (ConfUtils.java:logGet(46)) - raft.server.log.statemachine.data.sync = true (default)
2022-05-26 01:46:30,049 [pool-725-thread-1] INFO  server.RaftServerConfigKeys (ConfUtils.java:logGet(46)) - raft.server.log.statemachine.data.sync.timeout = 10s (default)
2022-05-26 01:46:30,049 [pool-725-thread-1] INFO  server.RaftServerConfigKeys (ConfUtils.java:logGet(46)) - raft.server.log.statemachine.data.sync.timeout.retry = -1 (default)
2022-05-26 01:46:30,052 [pool-725-thread-1] INFO  server.RaftServerConfigKeys (ConfUtils.java:logGet(46)) - raft.server.log.write.buffer.size = 1048576 (custom)
2022-05-26 01:46:30,053 [pool-725-thread-1] INFO  server.RaftServerConfigKeys (ConfUtils.java:logGet(46)) - raft.server.log.unsafe-flush.enabled = false (default)
2022-05-26 01:46:30,053 [pool-725-thread-1] INFO  server.RaftServerConfigKeys (ConfUtils.java:logGet(46)) - raft.server.log.statemachine.data.caching.enabled = true (custom)
2022-05-26 01:46:30,053 [pool-725-thread-1] INFO  segmented.SegmentedRaftLogWorker (SegmentedRaftLogWorker.java:lambda$new$0(135)) - 8a233994-06fc-4896-836d-f0eef08dbba3@group-33809F806F51-SegmentedRaftLogWorker: flushIndex: setUnconditionally 0 -> -1
2022-05-26 01:46:30,053 [pool-725-thread-1] INFO  segmented.SegmentedRaftLogWorker (SegmentedRaftLogWorker.java:lambda$new$0(135)) - 8a233994-06fc-4896-836d-f0eef08dbba3@group-33809F806F51-SegmentedRaftLogWorker: safeCacheEvictIndex: setUnconditionally 0 -> -1
2022-05-26 01:46:30,093 [pool-725-thread-1] INFO  server.RaftServerConfigKeys (ConfUtils.java:logGet(46)) - raft.server.snapshot.auto.trigger.enabled = true (custom)
2022-05-26 01:46:30,093 [pool-725-thread-1] INFO  server.RaftServerConfigKeys (ConfUtils.java:logGet(46)) - raft.server.snapshot.auto.trigger.threshold = 10000 (custom)
2022-05-26 01:46:30,093 [pool-725-thread-1] INFO  server.RaftServerConfigKeys (ConfUtils.java:logGet(46)) - raft.server.snapshot.retention.file.num = 5 (custom)
2022-05-26 01:46:30,093 [pool-725-thread-1] INFO  server.RaftServerConfigKeys (ConfUtils.java:logGet(46)) - raft.server.log.purge.upto.snapshot.index = false (default)
2022-05-26 01:46:30,093 [pool-725-thread-1] INFO  server.RaftServerConfigKeys (ConfUtils.java:logGet(46)) - raft.server.retrycache.expirytime = 600000ms (custom)
2022-05-26 01:46:30,093 [pool-725-thread-1] INFO  server.RaftServerConfigKeys (ConfUtils.java:logGet(46)) - raft.server.retrycache.statistics.expirytime = 100μs (default)
2022-05-26 01:46:30,094 [pool-725-thread-1] INFO  server.RaftServerConfigKeys (ConfUtils.java:logGet(46)) - raft.server.log.appender.install.snapshot.enabled = false (custom)
2022-05-26 01:46:30,095 [pool-725-thread-1] INFO  server.RaftServerConfigKeys (ConfUtils.java:logGet(46)) - raft.server.threadpool.server.cached = true (default)
2022-05-26 01:46:30,095 [pool-725-thread-1] INFO  server.RaftServerConfigKeys (ConfUtils.java:logGet(46)) - raft.server.threadpool.server.size = 0 (default)
2022-05-26 01:46:30,095 [pool-725-thread-1] INFO  server.RaftServerConfigKeys (ConfUtils.java:logGet(46)) - raft.server.threadpool.client.cached = true (default)
2022-05-26 01:46:30,095 [pool-725-thread-1] INFO  server.RaftServerConfigKeys (ConfUtils.java:logGet(46)) - raft.server.threadpool.client.size = 0 (default)
2022-05-26 01:46:30,095 [pool-725-thread-1] INFO  server.RaftServer$Division (RaftServerImpl.java:start(310)) - 8a233994-06fc-4896-836d-f0eef08dbba3@group-33809F806F51: start as a follower, conf=-1: [13b42a2e-e9c9-4ea7-85e1-9ff027944fc9|rpc:10.1.0.18:43047|dataStream:|priority:0, 8a233994-06fc-4896-836d-f0eef08dbba3|rpc:10.1.0.18:40213|dataStream:|priority:1, 74164fff-0da3-452b-8e38-1858412758e6|rpc:10.1.0.18:39183|dataStream:|priority:0], old=null
2022-05-26 01:46:30,095 [pool-725-thread-1] INFO  server.RaftServer$Division (RaftServerImpl.java:setRole(299)) - 8a233994-06fc-4896-836d-f0eef08dbba3@group-33809F806F51: changes role from      null to FOLLOWER at term 0 for startAsFollower
2022-05-26 01:46:30,095 [pool-725-thread-1] INFO  impl.RoleInfo (RoleInfo.java:updateAndGet(139)) - 8a233994-06fc-4896-836d-f0eef08dbba3: start 8a233994-06fc-4896-836d-f0eef08dbba3@group-33809F806F51-FollowerState
2022-05-26 01:46:30,116 [pool-725-thread-1] INFO  util.JmxRegister (JmxRegister.java:tryRegister(44)) - Successfully registered JMX Bean with object name Ratis:service=RaftServer,group=group-33809F806F51,id=8a233994-06fc-4896-836d-f0eef08dbba3
2022-05-26 01:46:30,236 [grpc-default-executor-0] INFO  server.RaftServer (RaftServerProxy.java:addNew(96)) - 74164fff-0da3-452b-8e38-1858412758e6: addNew group-33809F806F51:[13b42a2e-e9c9-4ea7-85e1-9ff027944fc9|rpc:10.1.0.18:43047|dataStream:|priority:0, 8a233994-06fc-4896-836d-f0eef08dbba3|rpc:10.1.0.18:40213|dataStream:|priority:1, 74164fff-0da3-452b-8e38-1858412758e6|rpc:10.1.0.18:39183|dataStream:|priority:0] returns group-33809F806F51:java.util.concurrent.CompletableFuture@3ededfd2[Not completed]
2022-05-26 01:46:30,257 [pool-747-thread-1] INFO  server.RaftServer$Division (RaftServerImpl.java:<init>(190)) - 74164fff-0da3-452b-8e38-1858412758e6: new RaftServerImpl for group-33809F806F51:[13b42a2e-e9c9-4ea7-85e1-9ff027944fc9|rpc:10.1.0.18:43047|dataStream:|priority:0, 8a233994-06fc-4896-836d-f0eef08dbba3|rpc:10.1.0.18:40213|dataStream:|priority:1, 74164fff-0da3-452b-8e38-1858412758e6|rpc:10.1.0.18:39183|dataStream:|priority:0] with ContainerStateMachine:uninitialized
2022-05-26 01:46:30,257 [pool-747-thread-1] INFO  server.RaftServerConfigKeys (ConfUtils.java:logGet(46)) - raft.server.rpc.timeout.min = 5s (custom)
2022-05-26 01:46:30,257 [pool-747-thread-1] INFO  server.RaftServerConfigKeys (ConfUtils.java:logGet(46)) - raft.server.rpc.timeout.max = 5200ms (custom)
2022-05-26 01:46:30,257 [pool-747-thread-1] INFO  server.RaftServerConfigKeys (ConfUtils.java:logGet(46)) - raft.server.rpc.sleep.time = 25ms (default)
2022-05-26 01:46:30,257 [pool-747-thread-1] INFO  server.RaftServerConfigKeys (ConfUtils.java:logGet(46)) - raft.server.rpc.slowness.timeout = 300s (custom)
2022-05-26 01:46:30,257 [pool-747-thread-1] INFO  server.RaftServerConfigKeys (ConfUtils.java:logGet(46)) - raft.server.leaderelection.leader.step-down.wait-time = 10s (default)
2022-05-26 01:46:30,257 [pool-747-thread-1] INFO  server.RaftServerConfigKeys (ConfUtils.java:logGet(46)) - raft.server.sleep.deviation.threshold = 300ms (default)
2022-05-26 01:46:30,257 [pool-747-thread-1] INFO  server.RaftServer$Division (ServerState.java:<init>(107)) - 74164fff-0da3-452b-8e38-1858412758e6@group-33809F806F51: ConfigurationManager, init=-1: [13b42a2e-e9c9-4ea7-85e1-9ff027944fc9|rpc:10.1.0.18:43047|dataStream:|priority:0, 8a233994-06fc-4896-836d-f0eef08dbba3|rpc:10.1.0.18:40213|dataStream:|priority:1, 74164fff-0da3-452b-8e38-1858412758e6|rpc:10.1.0.18:39183|dataStream:|priority:0], old=null, confs=<EMPTY_MAP>
2022-05-26 01:46:30,257 [pool-747-thread-1] INFO  server.RaftServerConfigKeys (ConfUtils.java:logGet(46)) - raft.server.storage.dir = [/home/runner/work/ozone/ozone/hadoop-ozone/integration-test/target/test-dir/MiniOzoneClusterImpl-6102e5ce-5215-4002-8b5c-988ca6cc3a5c/datanode-2/data/ratis] (custom)
2022-05-26 01:46:30,257 [pool-747-thread-1] INFO  server.RaftServerConfigKeys (ConfUtils.java:logGet(46)) - raft.server.log.corruption.policy = EXCEPTION (default)
2022-05-26 01:46:30,257 [pool-747-thread-1] INFO  server.RaftServerConfigKeys (ConfUtils.java:logGet(46)) - raft.server.storage.free-space.min = 0MB (=0) (default)
2022-05-26 01:46:30,257 [pool-747-thread-1] INFO  storage.RaftStorageDirectory (RaftStorageDirectoryImpl.java:analyzeStorage(135)) - The storage directory /home/runner/work/ozone/ozone/hadoop-ozone/integration-test/target/test-dir/MiniOzoneClusterImpl-6102e5ce-5215-4002-8b5c-988ca6cc3a5c/datanode-2/data/ratis/31932152-a468-408e-b1eb-33809f806f51 does not exist. Creating ...
2022-05-26 01:46:30,266 [pool-747-thread-1] INFO  storage.RaftStorageDirectory (RaftStorageDirectoryImpl.java:tryLock(230)) - Lock on /home/runner/work/ozone/ozone/hadoop-ozone/integration-test/target/test-dir/MiniOzoneClusterImpl-6102e5ce-5215-4002-8b5c-988ca6cc3a5c/datanode-2/data/ratis/31932152-a468-408e-b1eb-33809f806f51/in_use.lock acquired by nodename 11847@fv-az270-854
2022-05-26 01:46:30,272 [pool-747-thread-1] INFO  storage.RaftStorage (RaftStorageImpl.java:format(89)) - Storage directory /home/runner/work/ozone/ozone/hadoop-ozone/integration-test/target/test-dir/MiniOzoneClusterImpl-6102e5ce-5215-4002-8b5c-988ca6cc3a5c/datanode-2/data/ratis/31932152-a468-408e-b1eb-33809f806f51 has been successfully formatted.
2022-05-26 01:46:30,278 [pool-747-thread-1] INFO  ratis.ContainerStateMachine (ContainerStateMachine.java:loadSnapshot(236)) - group-33809F806F51: The snapshot info is null. Setting the last applied indexto:(t:0, i:~)
2022-05-26 01:46:30,278 [pool-747-thread-1] INFO  server.RaftServerConfigKeys (ConfUtils.java:logGet(46)) - raft.server.notification.no-leader.timeout = 300s (custom)
2022-05-26 01:46:30,278 [pool-747-thread-1] INFO  server.RaftServerConfigKeys (ConfUtils.java:logGet(46)) - raft.server.log.use.memory = false (default)
2022-05-26 01:46:30,278 [pool-747-thread-1] INFO  server.RaftServerConfigKeys (ConfUtils.java:logGet(46)) - raft.server.log.purge.gap = 1000000 (custom)
2022-05-26 01:46:30,278 [pool-747-thread-1] INFO  server.RaftServerConfigKeys (ConfUtils.java:logGet(46)) - raft.server.log.appender.buffer.byte-limit = 33554432 (custom)
2022-05-26 01:46:30,278 [pool-747-thread-1] INFO  server.RaftServerConfigKeys (ConfUtils.java:logGet(46)) - raft.server.log.statemachine.data.read.timeout = 1000ms (default)
2022-05-26 01:46:30,278 [pool-747-thread-1] INFO  server.RaftServerConfigKeys (ConfUtils.java:logGet(46)) - raft.server.log.segment.size.max = 1048576 (custom)
2022-05-26 01:46:30,279 [pool-747-thread-1] INFO  server.RaftServerConfigKeys (ConfUtils.java:logGet(46)) - raft.server.log.segment.cache.num.max = 2 (custom)
2022-05-26 01:46:30,279 [pool-747-thread-1] INFO  server.RaftServerConfigKeys (ConfUtils.java:logGet(46)) - raft.server.log.segment.cache.size.max = 200MB (=209715200) (default)
2022-05-26 01:46:30,279 [pool-747-thread-1] INFO  segmented.SegmentedRaftLogWorker (SegmentedRaftLogWorker.java:<init>(187)) - new 74164fff-0da3-452b-8e38-1858412758e6@group-33809F806F51-SegmentedRaftLogWorker for RaftStorageImpl:Storage Directory /home/runner/work/ozone/ozone/hadoop-ozone/integration-test/target/test-dir/MiniOzoneClusterImpl-6102e5ce-5215-4002-8b5c-988ca6cc3a5c/datanode-2/data/ratis/31932152-a468-408e-b1eb-33809f806f51
2022-05-26 01:46:30,279 [pool-747-thread-1] INFO  server.RaftServerConfigKeys (ConfUtils.java:logGet(46)) - raft.server.log.queue.byte-limit = 4294967296 (custom)
2022-05-26 01:46:30,279 [pool-747-thread-1] INFO  server.RaftServerConfigKeys (ConfUtils.java:logGet(46)) - raft.server.log.queue.element-limit = 1024 (custom)
2022-05-26 01:46:30,279 [pool-747-thread-1] INFO  server.RaftServerConfigKeys (ConfUtils.java:logGet(46)) - raft.server.log.segment.size.max = 1048576 (custom)
2022-05-26 01:46:30,279 [pool-747-thread-1] INFO  server.RaftServerConfigKeys (ConfUtils.java:logGet(46)) - raft.server.log.preallocated.size = 16384 (custom)
2022-05-26 01:46:30,279 [pool-747-thread-1] INFO  server.RaftServerConfigKeys (ConfUtils.java:logGet(46)) - raft.server.log.force.sync.num = 128 (default)
2022-05-26 01:46:30,279 [pool-747-thread-1] INFO  server.RaftServerConfigKeys (ConfUtils.java:logGet(46)) - raft.server.log.statemachine.data.sync = true (default)
2022-05-26 01:46:30,279 [pool-747-thread-1] INFO  server.RaftServerConfigKeys (ConfUtils.java:logGet(46)) - raft.server.log.statemachine.data.sync.timeout = 10s (default)
2022-05-26 01:46:30,279 [pool-747-thread-1] INFO  server.RaftServerConfigKeys (ConfUtils.java:logGet(46)) - raft.server.log.statemachine.data.sync.timeout.retry = -1 (default)
2022-05-26 01:46:30,280 [pool-747-thread-1] INFO  server.RaftServerConfigKeys (ConfUtils.java:logGet(46)) - raft.server.log.write.buffer.size = 1048576 (custom)
2022-05-26 01:46:30,281 [pool-747-thread-1] INFO  server.RaftServerConfigKeys (ConfUtils.java:logGet(46)) - raft.server.log.unsafe-flush.enabled = false (default)
2022-05-26 01:46:30,281 [pool-747-thread-1] INFO  server.RaftServerConfigKeys (ConfUtils.java:logGet(46)) - raft.server.log.statemachine.data.caching.enabled = true (custom)
2022-05-26 01:46:30,281 [pool-747-thread-1] INFO  segmented.SegmentedRaftLogWorker (SegmentedRaftLogWorker.java:lambda$new$0(135)) - 74164fff-0da3-452b-8e38-1858412758e6@group-33809F806F51-SegmentedRaftLogWorker: flushIndex: setUnconditionally 0 -> -1
2022-05-26 01:46:30,281 [pool-747-thread-1] INFO  segmented.SegmentedRaftLogWorker (SegmentedRaftLogWorker.java:lambda$new$0(135)) - 74164fff-0da3-452b-8e38-1858412758e6@group-33809F806F51-SegmentedRaftLogWorker: safeCacheEvictIndex: setUnconditionally 0 -> -1
2022-05-26 01:46:30,300 [pool-747-thread-1] INFO  server.RaftServerConfigKeys (ConfUtils.java:logGet(46)) - raft.server.snapshot.auto.trigger.enabled = true (custom)
2022-05-26 01:46:30,300 [pool-747-thread-1] INFO  server.RaftServerConfigKeys (ConfUtils.java:logGet(46)) - raft.server.snapshot.auto.trigger.threshold = 10000 (custom)
2022-05-26 01:46:30,300 [pool-747-thread-1] INFO  server.RaftServerConfigKeys (ConfUtils.java:logGet(46)) - raft.server.snapshot.retention.file.num = 5 (custom)
2022-05-26 01:46:30,300 [pool-747-thread-1] INFO  server.RaftServerConfigKeys (ConfUtils.java:logGet(46)) - raft.server.log.purge.upto.snapshot.index = false (default)
2022-05-26 01:46:30,300 [pool-747-thread-1] INFO  server.RaftServerConfigKeys (ConfUtils.java:logGet(46)) - raft.server.retrycache.expirytime = 600000ms (custom)
2022-05-26 01:46:30,300 [pool-747-thread-1] INFO  server.RaftServerConfigKeys (ConfUtils.java:logGet(46)) - raft.server.retrycache.statistics.expirytime = 100μs (default)
2022-05-26 01:46:30,301 [pool-747-thread-1] INFO  server.RaftServerConfigKeys (ConfUtils.java:logGet(46)) - raft.server.log.appender.install.snapshot.enabled = false (custom)
2022-05-26 01:46:30,301 [pool-747-thread-1] INFO  server.RaftServerConfigKeys (ConfUtils.java:logGet(46)) - raft.server.threadpool.server.cached = true (default)
2022-05-26 01:46:30,301 [pool-747-thread-1] INFO  server.RaftServerConfigKeys (ConfUtils.java:logGet(46)) - raft.server.threadpool.server.size = 0 (default)
2022-05-26 01:46:30,302 [pool-747-thread-1] INFO  server.RaftServerConfigKeys (ConfUtils.java:logGet(46)) - raft.server.threadpool.client.cached = true (default)
2022-05-26 01:46:30,302 [pool-747-thread-1] INFO  server.RaftServerConfigKeys (ConfUtils.java:logGet(46)) - raft.server.threadpool.client.size = 0 (default)
2022-05-26 01:46:30,302 [pool-747-thread-1] INFO  server.RaftServer$Division (RaftServerImpl.java:start(310)) - 74164fff-0da3-452b-8e38-1858412758e6@group-33809F806F51: start as a follower, conf=-1: [13b42a2e-e9c9-4ea7-85e1-9ff027944fc9|rpc:10.1.0.18:43047|dataStream:|priority:0, 8a233994-06fc-4896-836d-f0eef08dbba3|rpc:10.1.0.18:40213|dataStream:|priority:1, 74164fff-0da3-452b-8e38-1858412758e6|rpc:10.1.0.18:39183|dataStream:|priority:0], old=null
2022-05-26 01:46:30,302 [pool-747-thread-1] INFO  server.RaftServer$Division (RaftServerImpl.java:setRole(299)) - 74164fff-0da3-452b-8e38-1858412758e6@group-33809F806F51: changes role from      null to FOLLOWER at term 0 for startAsFollower
2022-05-26 01:46:30,302 [pool-747-thread-1] INFO  impl.RoleInfo (RoleInfo.java:updateAndGet(139)) - 74164fff-0da3-452b-8e38-1858412758e6: start 74164fff-0da3-452b-8e38-1858412758e6@group-33809F806F51-FollowerState
2022-05-26 01:46:30,312 [pool-747-thread-1] INFO  util.JmxRegister (JmxRegister.java:tryRegister(44)) - Successfully registered JMX Bean with object name Ratis:service=RaftServer,group=group-33809F806F51,id=74164fff-0da3-452b-8e38-1858412758e6
2022-05-26 01:46:30,363 [Command processor thread] INFO  commandhandler.CreatePipelineCommandHandler (CreatePipelineCommandHandler.java:handle(113)) - Created Pipeline RATIS THREE PipelineID=31932152-a468-408e-b1eb-33809f806f51.
2022-05-26 01:46:30,363 [Command processor thread] INFO  server.RaftServer (RaftServerProxy.java:addNew(96)) - 13b42a2e-e9c9-4ea7-85e1-9ff027944fc9: addNew group-D0772473F178:[13b42a2e-e9c9-4ea7-85e1-9ff027944fc9|rpc:10.1.0.18:43047|priority:0, 8a233994-06fc-4896-836d-f0eef08dbba3|rpc:10.1.0.18:40213|priority:0, 74164fff-0da3-452b-8e38-1858412758e6|rpc:10.1.0.18:39183|priority:1] returns group-D0772473F178:java.util.concurrent.CompletableFuture@19de69fa[Not completed]
2022-05-26 01:46:30,364 [pool-703-thread-1] INFO  server.RaftServer$Division (RaftServerImpl.java:<init>(190)) - 13b42a2e-e9c9-4ea7-85e1-9ff027944fc9: new RaftServerImpl for group-D0772473F178:[13b42a2e-e9c9-4ea7-85e1-9ff027944fc9|rpc:10.1.0.18:43047|priority:0, 8a233994-06fc-4896-836d-f0eef08dbba3|rpc:10.1.0.18:40213|priority:0, 74164fff-0da3-452b-8e38-1858412758e6|rpc:10.1.0.18:39183|priority:1] with ContainerStateMachine:uninitialized
2022-05-26 01:46:30,364 [pool-703-thread-1] INFO  server.RaftServerConfigKeys (ConfUtils.java:logGet(46)) - raft.server.rpc.timeout.min = 5s (custom)
2022-05-26 01:46:30,364 [pool-703-thread-1] INFO  server.RaftServerConfigKeys (ConfUtils.java:logGet(46)) - raft.server.rpc.timeout.max = 5200ms (custom)
2022-05-26 01:46:30,364 [pool-703-thread-1] INFO  server.RaftServerConfigKeys (ConfUtils.java:logGet(46)) - raft.server.rpc.sleep.time = 25ms (default)
2022-05-26 01:46:30,364 [pool-703-thread-1] INFO  server.RaftServerConfigKeys (ConfUtils.java:logGet(46)) - raft.server.rpc.slowness.timeout = 300s (custom)
2022-05-26 01:46:30,364 [pool-703-thread-1] INFO  server.RaftServerConfigKeys (ConfUtils.java:logGet(46)) - raft.server.leaderelection.leader.step-down.wait-time = 10s (default)
2022-05-26 01:46:30,364 [pool-703-thread-1] INFO  server.RaftServerConfigKeys (ConfUtils.java:logGet(46)) - raft.server.sleep.deviation.threshold = 300ms (default)
2022-05-26 01:46:30,364 [pool-703-thread-1] INFO  server.RaftServer$Division (ServerState.java:<init>(107)) - 13b42a2e-e9c9-4ea7-85e1-9ff027944fc9@group-D0772473F178: ConfigurationManager, init=-1: [13b42a2e-e9c9-4ea7-85e1-9ff027944fc9|rpc:10.1.0.18:43047|priority:0, 8a233994-06fc-4896-836d-f0eef08dbba3|rpc:10.1.0.18:40213|priority:0, 74164fff-0da3-452b-8e38-1858412758e6|rpc:10.1.0.18:39183|priority:1], old=null, confs=<EMPTY_MAP>
2022-05-26 01:46:30,365 [pool-703-thread-1] INFO  server.RaftServerConfigKeys (ConfUtils.java:logGet(46)) - raft.server.storage.dir = [/home/runner/work/ozone/ozone/hadoop-ozone/integration-test/target/test-dir/MiniOzoneClusterImpl-6102e5ce-5215-4002-8b5c-988ca6cc3a5c/datanode-0/data/ratis] (custom)
2022-05-26 01:46:30,365 [pool-703-thread-1] INFO  server.RaftServerConfigKeys (ConfUtils.java:logGet(46)) - raft.server.log.corruption.policy = EXCEPTION (default)
2022-05-26 01:46:30,365 [pool-703-thread-1] INFO  server.RaftServerConfigKeys (ConfUtils.java:logGet(46)) - raft.server.storage.free-space.min = 0MB (=0) (default)
2022-05-26 01:46:30,365 [pool-703-thread-1] INFO  storage.RaftStorageDirectory (RaftStorageDirectoryImpl.java:analyzeStorage(135)) - The storage directory /home/runner/work/ozone/ozone/hadoop-ozone/integration-test/target/test-dir/MiniOzoneClusterImpl-6102e5ce-5215-4002-8b5c-988ca6cc3a5c/datanode-0/data/ratis/aaf370b2-7968-4555-b82f-d0772473f178 does not exist. Creating ...
2022-05-26 01:46:30,375 [pool-703-thread-1] INFO  storage.RaftStorageDirectory (RaftStorageDirectoryImpl.java:tryLock(230)) - Lock on /home/runner/work/ozone/ozone/hadoop-ozone/integration-test/target/test-dir/MiniOzoneClusterImpl-6102e5ce-5215-4002-8b5c-988ca6cc3a5c/datanode-0/data/ratis/aaf370b2-7968-4555-b82f-d0772473f178/in_use.lock acquired by nodename 11847@fv-az270-854
2022-05-26 01:46:30,394 [pool-703-thread-1] INFO  storage.RaftStorage (RaftStorageImpl.java:format(89)) - Storage directory /home/runner/work/ozone/ozone/hadoop-ozone/integration-test/target/test-dir/MiniOzoneClusterImpl-6102e5ce-5215-4002-8b5c-988ca6cc3a5c/datanode-0/data/ratis/aaf370b2-7968-4555-b82f-d0772473f178 has been successfully formatted.
2022-05-26 01:46:30,395 [pool-703-thread-1] INFO  ratis.ContainerStateMachine (ContainerStateMachine.java:loadSnapshot(236)) - group-D0772473F178: The snapshot info is null. Setting the last applied indexto:(t:0, i:~)
2022-05-26 01:46:30,395 [pool-703-thread-1] INFO  server.RaftServerConfigKeys (ConfUtils.java:logGet(46)) - raft.server.notification.no-leader.timeout = 300s (custom)
2022-05-26 01:46:30,395 [pool-703-thread-1] INFO  server.RaftServerConfigKeys (ConfUtils.java:logGet(46)) - raft.server.log.use.memory = false (default)
2022-05-26 01:46:30,395 [pool-703-thread-1] INFO  server.RaftServerConfigKeys (ConfUtils.java:logGet(46)) - raft.server.log.purge.gap = 1000000 (custom)
2022-05-26 01:46:30,395 [pool-703-thread-1] INFO  server.RaftServerConfigKeys (ConfUtils.java:logGet(46)) - raft.server.log.appender.buffer.byte-limit = 33554432 (custom)
2022-05-26 01:46:30,395 [pool-703-thread-1] INFO  server.RaftServerConfigKeys (ConfUtils.java:logGet(46)) - raft.server.log.statemachine.data.read.timeout = 1000ms (default)
2022-05-26 01:46:30,395 [pool-703-thread-1] INFO  server.RaftServerConfigKeys (ConfUtils.java:logGet(46)) - raft.server.log.segment.size.max = 1048576 (custom)
2022-05-26 01:46:30,395 [pool-703-thread-1] INFO  server.RaftServerConfigKeys (ConfUtils.java:logGet(46)) - raft.server.log.segment.cache.num.max = 2 (custom)
2022-05-26 01:46:30,395 [pool-703-thread-1] INFO  server.RaftServerConfigKeys (ConfUtils.java:logGet(46)) - raft.server.log.segment.cache.size.max = 200MB (=209715200) (default)
2022-05-26 01:46:30,396 [pool-703-thread-1] INFO  segmented.SegmentedRaftLogWorker (SegmentedRaftLogWorker.java:<init>(187)) - new 13b42a2e-e9c9-4ea7-85e1-9ff027944fc9@group-D0772473F178-SegmentedRaftLogWorker for RaftStorageImpl:Storage Directory /home/runner/work/ozone/ozone/hadoop-ozone/integration-test/target/test-dir/MiniOzoneClusterImpl-6102e5ce-5215-4002-8b5c-988ca6cc3a5c/datanode-0/data/ratis/aaf370b2-7968-4555-b82f-d0772473f178
2022-05-26 01:46:30,396 [pool-703-thread-1] INFO  server.RaftServerConfigKeys (ConfUtils.java:logGet(46)) - raft.server.log.queue.byte-limit = 4294967296 (custom)
2022-05-26 01:46:30,396 [pool-703-thread-1] INFO  server.RaftServerConfigKeys (ConfUtils.java:logGet(46)) - raft.server.log.queue.element-limit = 1024 (custom)
2022-05-26 01:46:30,396 [pool-703-thread-1] INFO  server.RaftServerConfigKeys (ConfUtils.java:logGet(46)) - raft.server.log.segment.size.max = 1048576 (custom)
2022-05-26 01:46:30,396 [pool-703-thread-1] INFO  server.RaftServerConfigKeys (ConfUtils.java:logGet(46)) - raft.server.log.preallocated.size = 16384 (custom)
2022-05-26 01:46:30,396 [pool-703-thread-1] INFO  server.RaftServerConfigKeys (ConfUtils.java:logGet(46)) - raft.server.log.force.sync.num = 128 (default)
2022-05-26 01:46:30,396 [pool-703-thread-1] INFO  server.RaftServerConfigKeys (ConfUtils.java:logGet(46)) - raft.server.log.statemachine.data.sync = true (default)
2022-05-26 01:46:30,396 [pool-703-thread-1] INFO  server.RaftServerConfigKeys (ConfUtils.java:logGet(46)) - raft.server.log.statemachine.data.sync.timeout = 10s (default)
2022-05-26 01:46:30,396 [pool-703-thread-1] INFO  server.RaftServerConfigKeys (ConfUtils.java:logGet(46)) - raft.server.log.statemachine.data.sync.timeout.retry = -1 (default)
2022-05-26 01:46:30,397 [EventQueue-OpenPipelineForHealthyPipelineSafeModeRule] INFO  safemode.SCMSafeModeManager (HealthyPipelineSafeModeRule.java:process(124)) - SCM in safe mode. Healthy pipelines reported count is 0, required healthy pipeline reported count is 1
2022-05-26 01:46:30,398 [pool-703-thread-1] INFO  server.RaftServerConfigKeys (ConfUtils.java:logGet(46)) - raft.server.log.write.buffer.size = 1048576 (custom)
2022-05-26 01:46:30,399 [pool-703-thread-1] INFO  server.RaftServerConfigKeys (ConfUtils.java:logGet(46)) - raft.server.log.unsafe-flush.enabled = false (default)
2022-05-26 01:46:30,399 [pool-703-thread-1] INFO  server.RaftServerConfigKeys (ConfUtils.java:logGet(46)) - raft.server.log.statemachine.data.caching.enabled = true (custom)
2022-05-26 01:46:30,399 [pool-703-thread-1] INFO  segmented.SegmentedRaftLogWorker (SegmentedRaftLogWorker.java:lambda$new$0(135)) - 13b42a2e-e9c9-4ea7-85e1-9ff027944fc9@group-D0772473F178-SegmentedRaftLogWorker: flushIndex: setUnconditionally 0 -> -1
2022-05-26 01:46:30,399 [pool-703-thread-1] INFO  segmented.SegmentedRaftLogWorker (SegmentedRaftLogWorker.java:lambda$new$0(135)) - 13b42a2e-e9c9-4ea7-85e1-9ff027944fc9@group-D0772473F178-SegmentedRaftLogWorker: safeCacheEvictIndex: setUnconditionally 0 -> -1
2022-05-26 01:46:30,436 [pool-703-thread-1] INFO  server.RaftServerConfigKeys (ConfUtils.java:logGet(46)) - raft.server.snapshot.auto.trigger.enabled = true (custom)
2022-05-26 01:46:30,436 [pool-703-thread-1] INFO  server.RaftServerConfigKeys (ConfUtils.java:logGet(46)) - raft.server.snapshot.auto.trigger.threshold = 10000 (custom)
2022-05-26 01:46:30,436 [pool-703-thread-1] INFO  server.RaftServerConfigKeys (ConfUtils.java:logGet(46)) - raft.server.snapshot.retention.file.num = 5 (custom)
2022-05-26 01:46:30,436 [pool-703-thread-1] INFO  server.RaftServerConfigKeys (ConfUtils.java:logGet(46)) - raft.server.log.purge.upto.snapshot.index = false (default)
2022-05-26 01:46:30,436 [pool-703-thread-1] INFO  server.RaftServerConfigKeys (ConfUtils.java:logGet(46)) - raft.server.retrycache.expirytime = 600000ms (custom)
2022-05-26 01:46:30,436 [pool-703-thread-1] INFO  server.RaftServerConfigKeys (ConfUtils.java:logGet(46)) - raft.server.retrycache.statistics.expirytime = 100μs (default)
2022-05-26 01:46:30,438 [pool-703-thread-1] INFO  server.RaftServerConfigKeys (ConfUtils.java:logGet(46)) - raft.server.log.appender.install.snapshot.enabled = false (custom)
2022-05-26 01:46:30,438 [pool-703-thread-1] INFO  server.RaftServerConfigKeys (ConfUtils.java:logGet(46)) - raft.server.threadpool.server.cached = true (default)
2022-05-26 01:46:30,438 [pool-703-thread-1] INFO  server.RaftServerConfigKeys (ConfUtils.java:logGet(46)) - raft.server.threadpool.server.size = 0 (default)
2022-05-26 01:46:30,438 [pool-703-thread-1] INFO  server.RaftServerConfigKeys (ConfUtils.java:logGet(46)) - raft.server.threadpool.client.cached = true (default)
2022-05-26 01:46:30,438 [pool-703-thread-1] INFO  server.RaftServerConfigKeys (ConfUtils.java:logGet(46)) - raft.server.threadpool.client.size = 0 (default)
2022-05-26 01:46:30,438 [pool-703-thread-1] INFO  server.RaftServer$Division (RaftServerImpl.java:start(310)) - 13b42a2e-e9c9-4ea7-85e1-9ff027944fc9@group-D0772473F178: start as a follower, conf=-1: [13b42a2e-e9c9-4ea7-85e1-9ff027944fc9|rpc:10.1.0.18:43047|priority:0, 8a233994-06fc-4896-836d-f0eef08dbba3|rpc:10.1.0.18:40213|priority:0, 74164fff-0da3-452b-8e38-1858412758e6|rpc:10.1.0.18:39183|priority:1], old=null
2022-05-26 01:46:30,438 [pool-703-thread-1] INFO  server.RaftServer$Division (RaftServerImpl.java:setRole(299)) - 13b42a2e-e9c9-4ea7-85e1-9ff027944fc9@group-D0772473F178: changes role from      null to FOLLOWER at term 0 for startAsFollower
2022-05-26 01:46:30,438 [pool-703-thread-1] INFO  impl.RoleInfo (RoleInfo.java:updateAndGet(139)) - 13b42a2e-e9c9-4ea7-85e1-9ff027944fc9: start 13b42a2e-e9c9-4ea7-85e1-9ff027944fc9@group-D0772473F178-FollowerState
2022-05-26 01:46:30,444 [pool-703-thread-1] INFO  util.JmxRegister (JmxRegister.java:tryRegister(44)) - Successfully registered JMX Bean with object name Ratis:service=RaftServer,group=group-D0772473F178,id=13b42a2e-e9c9-4ea7-85e1-9ff027944fc9
2022-05-26 01:46:30,452 [Command processor thread] INFO  ratis.XceiverServerRatis (XceiverServerRatis.java:addGroup(765)) - Created group PipelineID=aaf370b2-7968-4555-b82f-d0772473f178
2022-05-26 01:46:30,549 [grpc-default-executor-0] INFO  server.RaftServer (RaftServerProxy.java:addNew(96)) - 8a233994-06fc-4896-836d-f0eef08dbba3: addNew group-D0772473F178:[13b42a2e-e9c9-4ea7-85e1-9ff027944fc9|rpc:10.1.0.18:43047|dataStream:|priority:0, 8a233994-06fc-4896-836d-f0eef08dbba3|rpc:10.1.0.18:40213|dataStream:|priority:0, 74164fff-0da3-452b-8e38-1858412758e6|rpc:10.1.0.18:39183|dataStream:|priority:1] returns group-D0772473F178:java.util.concurrent.CompletableFuture@3ff309eb[Not completed]
2022-05-26 01:46:30,549 [pool-725-thread-1] INFO  server.RaftServer$Division (RaftServerImpl.java:<init>(190)) - 8a233994-06fc-4896-836d-f0eef08dbba3: new RaftServerImpl for group-D0772473F178:[13b42a2e-e9c9-4ea7-85e1-9ff027944fc9|rpc:10.1.0.18:43047|dataStream:|priority:0, 8a233994-06fc-4896-836d-f0eef08dbba3|rpc:10.1.0.18:40213|dataStream:|priority:0, 74164fff-0da3-452b-8e38-1858412758e6|rpc:10.1.0.18:39183|dataStream:|priority:1] with ContainerStateMachine:uninitialized
2022-05-26 01:46:30,550 [pool-725-thread-1] INFO  server.RaftServerConfigKeys (ConfUtils.java:logGet(46)) - raft.server.rpc.timeout.min = 5s (custom)
2022-05-26 01:46:30,550 [pool-725-thread-1] INFO  server.RaftServerConfigKeys (ConfUtils.java:logGet(46)) - raft.server.rpc.timeout.max = 5200ms (custom)
2022-05-26 01:46:30,550 [pool-725-thread-1] INFO  server.RaftServerConfigKeys (ConfUtils.java:logGet(46)) - raft.server.rpc.sleep.time = 25ms (default)
2022-05-26 01:46:30,550 [pool-725-thread-1] INFO  server.RaftServerConfigKeys (ConfUtils.java:logGet(46)) - raft.server.rpc.slowness.timeout = 300s (custom)
2022-05-26 01:46:30,550 [pool-725-thread-1] INFO  server.RaftServerConfigKeys (ConfUtils.java:logGet(46)) - raft.server.leaderelection.leader.step-down.wait-time = 10s (default)
2022-05-26 01:46:30,550 [pool-725-thread-1] INFO  server.RaftServerConfigKeys (ConfUtils.java:logGet(46)) - raft.server.sleep.deviation.threshold = 300ms (default)
2022-05-26 01:46:30,550 [pool-725-thread-1] INFO  server.RaftServer$Division (ServerState.java:<init>(107)) - 8a233994-06fc-4896-836d-f0eef08dbba3@group-D0772473F178: ConfigurationManager, init=-1: [13b42a2e-e9c9-4ea7-85e1-9ff027944fc9|rpc:10.1.0.18:43047|dataStream:|priority:0, 8a233994-06fc-4896-836d-f0eef08dbba3|rpc:10.1.0.18:40213|dataStream:|priority:0, 74164fff-0da3-452b-8e38-1858412758e6|rpc:10.1.0.18:39183|dataStream:|priority:1], old=null, confs=<EMPTY_MAP>
2022-05-26 01:46:30,550 [pool-725-thread-1] INFO  server.RaftServerConfigKeys (ConfUtils.java:logGet(46)) - raft.server.storage.dir = [/home/runner/work/ozone/ozone/hadoop-ozone/integration-test/target/test-dir/MiniOzoneClusterImpl-6102e5ce-5215-4002-8b5c-988ca6cc3a5c/datanode-1/data/ratis] (custom)
2022-05-26 01:46:30,550 [pool-725-thread-1] INFO  server.RaftServerConfigKeys (ConfUtils.java:logGet(46)) - raft.server.log.corruption.policy = EXCEPTION (default)
2022-05-26 01:46:30,550 [pool-725-thread-1] INFO  server.RaftServerConfigKeys (ConfUtils.java:logGet(46)) - raft.server.storage.free-space.min = 0MB (=0) (default)
2022-05-26 01:46:30,550 [pool-725-thread-1] INFO  storage.RaftStorageDirectory (RaftStorageDirectoryImpl.java:analyzeStorage(135)) - The storage directory /home/runner/work/ozone/ozone/hadoop-ozone/integration-test/target/test-dir/MiniOzoneClusterImpl-6102e5ce-5215-4002-8b5c-988ca6cc3a5c/datanode-1/data/ratis/aaf370b2-7968-4555-b82f-d0772473f178 does not exist. Creating ...
2022-05-26 01:46:30,551 [pool-725-thread-1] INFO  storage.RaftStorageDirectory (RaftStorageDirectoryImpl.java:tryLock(230)) - Lock on /home/runner/work/ozone/ozone/hadoop-ozone/integration-test/target/test-dir/MiniOzoneClusterImpl-6102e5ce-5215-4002-8b5c-988ca6cc3a5c/datanode-1/data/ratis/aaf370b2-7968-4555-b82f-d0772473f178/in_use.lock acquired by nodename 11847@fv-az270-854
2022-05-26 01:46:30,552 [pool-725-thread-1] INFO  storage.RaftStorage (RaftStorageImpl.java:format(89)) - Storage directory /home/runner/work/ozone/ozone/hadoop-ozone/integration-test/target/test-dir/MiniOzoneClusterImpl-6102e5ce-5215-4002-8b5c-988ca6cc3a5c/datanode-1/data/ratis/aaf370b2-7968-4555-b82f-d0772473f178 has been successfully formatted.
2022-05-26 01:46:30,553 [pool-725-thread-1] INFO  ratis.ContainerStateMachine (ContainerStateMachine.java:loadSnapshot(236)) - group-D0772473F178: The snapshot info is null. Setting the last applied indexto:(t:0, i:~)
2022-05-26 01:46:30,553 [pool-725-thread-1] INFO  server.RaftServerConfigKeys (ConfUtils.java:logGet(46)) - raft.server.notification.no-leader.timeout = 300s (custom)
2022-05-26 01:46:30,553 [pool-725-thread-1] INFO  server.RaftServerConfigKeys (ConfUtils.java:logGet(46)) - raft.server.log.use.memory = false (default)
2022-05-26 01:46:30,553 [pool-725-thread-1] INFO  server.RaftServerConfigKeys (ConfUtils.java:logGet(46)) - raft.server.log.purge.gap = 1000000 (custom)
2022-05-26 01:46:30,553 [pool-725-thread-1] INFO  server.RaftServerConfigKeys (ConfUtils.java:logGet(46)) - raft.server.log.appender.buffer.byte-limit = 33554432 (custom)
2022-05-26 01:46:30,554 [pool-725-thread-1] INFO  server.RaftServerConfigKeys (ConfUtils.java:logGet(46)) - raft.server.log.statemachine.data.read.timeout = 1000ms (default)
2022-05-26 01:46:30,554 [pool-725-thread-1] INFO  server.RaftServerConfigKeys (ConfUtils.java:logGet(46)) - raft.server.log.segment.size.max = 1048576 (custom)
2022-05-26 01:46:30,555 [pool-725-thread-1] INFO  server.RaftServerConfigKeys (ConfUtils.java:logGet(46)) - raft.server.log.segment.cache.num.max = 2 (custom)
2022-05-26 01:46:30,555 [pool-725-thread-1] INFO  server.RaftServerConfigKeys (ConfUtils.java:logGet(46)) - raft.server.log.segment.cache.size.max = 200MB (=209715200) (default)
2022-05-26 01:46:30,555 [pool-725-thread-1] INFO  segmented.SegmentedRaftLogWorker (SegmentedRaftLogWorker.java:<init>(187)) - new 8a233994-06fc-4896-836d-f0eef08dbba3@group-D0772473F178-SegmentedRaftLogWorker for RaftStorageImpl:Storage Directory /home/runner/work/ozone/ozone/hadoop-ozone/integration-test/target/test-dir/MiniOzoneClusterImpl-6102e5ce-5215-4002-8b5c-988ca6cc3a5c/datanode-1/data/ratis/aaf370b2-7968-4555-b82f-d0772473f178
2022-05-26 01:46:30,555 [pool-725-thread-1] INFO  server.RaftServerConfigKeys (ConfUtils.java:logGet(46)) - raft.server.log.queue.byte-limit = 4294967296 (custom)
2022-05-26 01:46:30,555 [pool-725-thread-1] INFO  server.RaftServerConfigKeys (ConfUtils.java:logGet(46)) - raft.server.log.queue.element-limit = 1024 (custom)
2022-05-26 01:46:30,555 [pool-725-thread-1] INFO  server.RaftServerConfigKeys (ConfUtils.java:logGet(46)) - raft.server.log.segment.size.max = 1048576 (custom)
2022-05-26 01:46:30,555 [pool-725-thread-1] INFO  server.RaftServerConfigKeys (ConfUtils.java:logGet(46)) - raft.server.log.preallocated.size = 16384 (custom)
2022-05-26 01:46:30,555 [pool-725-thread-1] INFO  server.RaftServerConfigKeys (ConfUtils.java:logGet(46)) - raft.server.log.force.sync.num = 128 (default)
2022-05-26 01:46:30,555 [pool-725-thread-1] INFO  server.RaftServerConfigKeys (ConfUtils.java:logGet(46)) - raft.server.log.statemachine.data.sync = true (default)
2022-05-26 01:46:30,555 [pool-725-thread-1] INFO  server.RaftServerConfigKeys (ConfUtils.java:logGet(46)) - raft.server.log.statemachine.data.sync.timeout = 10s (default)
2022-05-26 01:46:30,555 [pool-725-thread-1] INFO  server.RaftServerConfigKeys (ConfUtils.java:logGet(46)) - raft.server.log.statemachine.data.sync.timeout.retry = -1 (default)
2022-05-26 01:46:30,556 [pool-725-thread-1] INFO  server.RaftServerConfigKeys (ConfUtils.java:logGet(46)) - raft.server.log.write.buffer.size = 1048576 (custom)
2022-05-26 01:46:30,557 [pool-725-thread-1] INFO  server.RaftServerConfigKeys (ConfUtils.java:logGet(46)) - raft.server.log.unsafe-flush.enabled = false (default)
2022-05-26 01:46:30,557 [pool-725-thread-1] INFO  server.RaftServerConfigKeys (ConfUtils.java:logGet(46)) - raft.server.log.statemachine.data.caching.enabled = true (custom)
2022-05-26 01:46:30,557 [pool-725-thread-1] INFO  segmented.SegmentedRaftLogWorker (SegmentedRaftLogWorker.java:lambda$new$0(135)) - 8a233994-06fc-4896-836d-f0eef08dbba3@group-D0772473F178-SegmentedRaftLogWorker: flushIndex: setUnconditionally 0 -> -1
2022-05-26 01:46:30,557 [pool-725-thread-1] INFO  segmented.SegmentedRaftLogWorker (SegmentedRaftLogWorker.java:lambda$new$0(135)) - 8a233994-06fc-4896-836d-f0eef08dbba3@group-D0772473F178-SegmentedRaftLogWorker: safeCacheEvictIndex: setUnconditionally 0 -> -1
2022-05-26 01:46:30,574 [pool-725-thread-1] INFO  server.RaftServerConfigKeys (ConfUtils.java:logGet(46)) - raft.server.snapshot.auto.trigger.enabled = true (custom)
2022-05-26 01:46:30,574 [pool-725-thread-1] INFO  server.RaftServerConfigKeys (ConfUtils.java:logGet(46)) - raft.server.snapshot.auto.trigger.threshold = 10000 (custom)
2022-05-26 01:46:30,574 [pool-725-thread-1] INFO  server.RaftServerConfigKeys (ConfUtils.java:logGet(46)) - raft.server.snapshot.retention.file.num = 5 (custom)
2022-05-26 01:46:30,574 [pool-725-thread-1] INFO  server.RaftServerConfigKeys (ConfUtils.java:logGet(46)) - raft.server.log.purge.upto.snapshot.index = false (default)
2022-05-26 01:46:30,574 [pool-725-thread-1] INFO  server.RaftServerConfigKeys (ConfUtils.java:logGet(46)) - raft.server.retrycache.expirytime = 600000ms (custom)
2022-05-26 01:46:30,574 [pool-725-thread-1] INFO  server.RaftServerConfigKeys (ConfUtils.java:logGet(46)) - raft.server.retrycache.statistics.expirytime = 100μs (default)
2022-05-26 01:46:30,593 [pool-725-thread-1] INFO  server.RaftServerConfigKeys (ConfUtils.java:logGet(46)) - raft.server.log.appender.install.snapshot.enabled = false (custom)
2022-05-26 01:46:30,593 [pool-725-thread-1] INFO  server.RaftServerConfigKeys (ConfUtils.java:logGet(46)) - raft.server.threadpool.server.cached = true (default)
2022-05-26 01:46:30,593 [pool-725-thread-1] INFO  server.RaftServerConfigKeys (ConfUtils.java:logGet(46)) - raft.server.threadpool.server.size = 0 (default)
2022-05-26 01:46:30,593 [pool-725-thread-1] INFO  server.RaftServerConfigKeys (ConfUtils.java:logGet(46)) - raft.server.threadpool.client.cached = true (default)
2022-05-26 01:46:30,593 [pool-725-thread-1] INFO  server.RaftServerConfigKeys (ConfUtils.java:logGet(46)) - raft.server.threadpool.client.size = 0 (default)
2022-05-26 01:46:30,593 [pool-725-thread-1] INFO  server.RaftServer$Division (RaftServerImpl.java:start(310)) - 8a233994-06fc-4896-836d-f0eef08dbba3@group-D0772473F178: start as a follower, conf=-1: [13b42a2e-e9c9-4ea7-85e1-9ff027944fc9|rpc:10.1.0.18:43047|dataStream:|priority:0, 8a233994-06fc-4896-836d-f0eef08dbba3|rpc:10.1.0.18:40213|dataStream:|priority:0, 74164fff-0da3-452b-8e38-1858412758e6|rpc:10.1.0.18:39183|dataStream:|priority:1], old=null
2022-05-26 01:46:30,593 [pool-725-thread-1] INFO  server.RaftServer$Division (RaftServerImpl.java:setRole(299)) - 8a233994-06fc-4896-836d-f0eef08dbba3@group-D0772473F178: changes role from      null to FOLLOWER at term 0 for startAsFollower
2022-05-26 01:46:30,593 [pool-725-thread-1] INFO  impl.RoleInfo (RoleInfo.java:updateAndGet(139)) - 8a233994-06fc-4896-836d-f0eef08dbba3: start 8a233994-06fc-4896-836d-f0eef08dbba3@group-D0772473F178-FollowerState
2022-05-26 01:46:30,629 [pool-725-thread-1] INFO  util.JmxRegister (JmxRegister.java:tryRegister(44)) - Successfully registered JMX Bean with object name Ratis:service=RaftServer,group=group-D0772473F178,id=8a233994-06fc-4896-836d-f0eef08dbba3
2022-05-26 01:46:30,638 [Command processor thread] INFO  server.RaftServer (RaftServerProxy.java:addNew(96)) - 8a233994-06fc-4896-836d-f0eef08dbba3: addNew group-7EB1D91EEE50:[8a233994-06fc-4896-836d-f0eef08dbba3|rpc:10.1.0.18:40213|priority:1] returns group-7EB1D91EEE50:java.util.concurrent.CompletableFuture@605d6fba[Not completed]
2022-05-26 01:46:30,646 [pool-725-thread-1] INFO  server.RaftServer$Division (RaftServerImpl.java:<init>(190)) - 8a233994-06fc-4896-836d-f0eef08dbba3: new RaftServerImpl for group-7EB1D91EEE50:[8a233994-06fc-4896-836d-f0eef08dbba3|rpc:10.1.0.18:40213|priority:1] with ContainerStateMachine:uninitialized
2022-05-26 01:46:30,692 [pool-725-thread-1] INFO  server.RaftServerConfigKeys (ConfUtils.java:logGet(46)) - raft.server.rpc.timeout.min = 5s (custom)
2022-05-26 01:46:30,692 [pool-725-thread-1] INFO  server.RaftServerConfigKeys (ConfUtils.java:logGet(46)) - raft.server.rpc.timeout.max = 5200ms (custom)
2022-05-26 01:46:30,692 [pool-725-thread-1] INFO  server.RaftServerConfigKeys (ConfUtils.java:logGet(46)) - raft.server.rpc.sleep.time = 25ms (default)
2022-05-26 01:46:30,692 [pool-725-thread-1] INFO  server.RaftServerConfigKeys (ConfUtils.java:logGet(46)) - raft.server.rpc.slowness.timeout = 300s (custom)
2022-05-26 01:46:30,692 [pool-725-thread-1] INFO  server.RaftServerConfigKeys (ConfUtils.java:logGet(46)) - raft.server.leaderelection.leader.step-down.wait-time = 10s (default)
2022-05-26 01:46:30,692 [pool-725-thread-1] INFO  server.RaftServerConfigKeys (ConfUtils.java:logGet(46)) - raft.server.sleep.deviation.threshold = 300ms (default)
2022-05-26 01:46:30,692 [pool-725-thread-1] INFO  server.RaftServer$Division (ServerState.java:<init>(107)) - 8a233994-06fc-4896-836d-f0eef08dbba3@group-7EB1D91EEE50: ConfigurationManager, init=-1: [8a233994-06fc-4896-836d-f0eef08dbba3|rpc:10.1.0.18:40213|priority:1], old=null, confs=<EMPTY_MAP>
2022-05-26 01:46:30,692 [pool-725-thread-1] INFO  server.RaftServerConfigKeys (ConfUtils.java:logGet(46)) - raft.server.storage.dir = [/home/runner/work/ozone/ozone/hadoop-ozone/integration-test/target/test-dir/MiniOzoneClusterImpl-6102e5ce-5215-4002-8b5c-988ca6cc3a5c/datanode-1/data/ratis] (custom)
2022-05-26 01:46:30,693 [pool-725-thread-1] INFO  server.RaftServerConfigKeys (ConfUtils.java:logGet(46)) - raft.server.log.corruption.policy = EXCEPTION (default)
2022-05-26 01:46:30,693 [pool-725-thread-1] INFO  server.RaftServerConfigKeys (ConfUtils.java:logGet(46)) - raft.server.storage.free-space.min = 0MB (=0) (default)
2022-05-26 01:46:30,693 [pool-725-thread-1] INFO  storage.RaftStorageDirectory (RaftStorageDirectoryImpl.java:analyzeStorage(135)) - The storage directory /home/runner/work/ozone/ozone/hadoop-ozone/integration-test/target/test-dir/MiniOzoneClusterImpl-6102e5ce-5215-4002-8b5c-988ca6cc3a5c/datanode-1/data/ratis/091f67ce-c766-447c-8c5f-7eb1d91eee50 does not exist. Creating ...
2022-05-26 01:46:30,694 [pool-725-thread-1] INFO  storage.RaftStorageDirectory (RaftStorageDirectoryImpl.java:tryLock(230)) - Lock on /home/runner/work/ozone/ozone/hadoop-ozone/integration-test/target/test-dir/MiniOzoneClusterImpl-6102e5ce-5215-4002-8b5c-988ca6cc3a5c/datanode-1/data/ratis/091f67ce-c766-447c-8c5f-7eb1d91eee50/in_use.lock acquired by nodename 11847@fv-az270-854
2022-05-26 01:46:30,695 [pool-725-thread-1] INFO  storage.RaftStorage (RaftStorageImpl.java:format(89)) - Storage directory /home/runner/work/ozone/ozone/hadoop-ozone/integration-test/target/test-dir/MiniOzoneClusterImpl-6102e5ce-5215-4002-8b5c-988ca6cc3a5c/datanode-1/data/ratis/091f67ce-c766-447c-8c5f-7eb1d91eee50 has been successfully formatted.
2022-05-26 01:46:30,695 [pool-725-thread-1] INFO  ratis.ContainerStateMachine (ContainerStateMachine.java:loadSnapshot(236)) - group-7EB1D91EEE50: The snapshot info is null. Setting the last applied indexto:(t:0, i:~)
2022-05-26 01:46:30,696 [pool-725-thread-1] INFO  server.RaftServerConfigKeys (ConfUtils.java:logGet(46)) - raft.server.notification.no-leader.timeout = 300s (custom)
2022-05-26 01:46:30,696 [pool-725-thread-1] INFO  server.RaftServerConfigKeys (ConfUtils.java:logGet(46)) - raft.server.log.use.memory = false (default)
2022-05-26 01:46:30,696 [pool-725-thread-1] INFO  server.RaftServerConfigKeys (ConfUtils.java:logGet(46)) - raft.server.log.purge.gap = 1000000 (custom)
2022-05-26 01:46:30,696 [pool-725-thread-1] INFO  server.RaftServerConfigKeys (ConfUtils.java:logGet(46)) - raft.server.log.appender.buffer.byte-limit = 33554432 (custom)
2022-05-26 01:46:30,696 [pool-725-thread-1] INFO  server.RaftServerConfigKeys (ConfUtils.java:logGet(46)) - raft.server.log.statemachine.data.read.timeout = 1000ms (default)
2022-05-26 01:46:30,699 [pool-725-thread-1] INFO  server.RaftServerConfigKeys (ConfUtils.java:logGet(46)) - raft.server.log.segment.size.max = 1048576 (custom)
2022-05-26 01:46:30,700 [pool-725-thread-1] INFO  server.RaftServerConfigKeys (ConfUtils.java:logGet(46)) - raft.server.log.segment.cache.num.max = 2 (custom)
2022-05-26 01:46:30,700 [pool-725-thread-1] INFO  server.RaftServerConfigKeys (ConfUtils.java:logGet(46)) - raft.server.log.segment.cache.size.max = 200MB (=209715200) (default)
2022-05-26 01:46:30,700 [pool-725-thread-1] INFO  segmented.SegmentedRaftLogWorker (SegmentedRaftLogWorker.java:<init>(187)) - new 8a233994-06fc-4896-836d-f0eef08dbba3@group-7EB1D91EEE50-SegmentedRaftLogWorker for RaftStorageImpl:Storage Directory /home/runner/work/ozone/ozone/hadoop-ozone/integration-test/target/test-dir/MiniOzoneClusterImpl-6102e5ce-5215-4002-8b5c-988ca6cc3a5c/datanode-1/data/ratis/091f67ce-c766-447c-8c5f-7eb1d91eee50
2022-05-26 01:46:30,700 [pool-725-thread-1] INFO  server.RaftServerConfigKeys (ConfUtils.java:logGet(46)) - raft.server.log.queue.byte-limit = 4294967296 (custom)
2022-05-26 01:46:30,700 [pool-725-thread-1] INFO  server.RaftServerConfigKeys (ConfUtils.java:logGet(46)) - raft.server.log.queue.element-limit = 1024 (custom)
2022-05-26 01:46:30,700 [pool-725-thread-1] INFO  server.RaftServerConfigKeys (ConfUtils.java:logGet(46)) - raft.server.log.segment.size.max = 1048576 (custom)
2022-05-26 01:46:30,700 [pool-725-thread-1] INFO  server.RaftServerConfigKeys (ConfUtils.java:logGet(46)) - raft.server.log.preallocated.size = 16384 (custom)
2022-05-26 01:46:30,700 [pool-725-thread-1] INFO  server.RaftServerConfigKeys (ConfUtils.java:logGet(46)) - raft.server.log.force.sync.num = 128 (default)
2022-05-26 01:46:30,700 [pool-725-thread-1] INFO  server.RaftServerConfigKeys (ConfUtils.java:logGet(46)) - raft.server.log.statemachine.data.sync = true (default)
2022-05-26 01:46:30,700 [pool-725-thread-1] INFO  server.RaftServerConfigKeys (ConfUtils.java:logGet(46)) - raft.server.log.statemachine.data.sync.timeout = 10s (default)
2022-05-26 01:46:30,700 [pool-725-thread-1] INFO  server.RaftServerConfigKeys (ConfUtils.java:logGet(46)) - raft.server.log.statemachine.data.sync.timeout.retry = -1 (default)
2022-05-26 01:46:30,701 [EventQueue-PipelineReportForPipelineReportHandler] INFO  pipeline.PipelineManagerImpl (PipelineManagerImpl.java:openPipeline(336)) - Pipeline Pipeline[ Id: 091f67ce-c766-447c-8c5f-7eb1d91eee50, Nodes: 8a233994-06fc-4896-836d-f0eef08dbba3{ip: 10.1.0.18, host: fv-az270-854.tacnzluakwdehk1hpragurqkma.bx.internal.cloudapp.net, ports: [REPLICATION=34923, RATIS=40213, RATIS_ADMIN=40213, RATIS_SERVER=40213, STANDALONE=37939], networkLocation: /default-rack, certSerialId: null, persistedOpState: IN_SERVICE, persistedOpStateExpiryEpochSec: 0}, ReplicationConfig: RATIS/ONE, State:ALLOCATED, leaderId:8a233994-06fc-4896-836d-f0eef08dbba3, CreationTimestamp2022-05-26T01:46:27.680Z[Etc/UTC]] moved to OPEN state
2022-05-26 01:46:30,701 [EventQueue-OpenPipelineForHealthyPipelineSafeModeRule] INFO  safemode.SCMSafeModeManager (HealthyPipelineSafeModeRule.java:process(124)) - SCM in safe mode. Healthy pipelines reported count is 0, required healthy pipeline reported count is 1
2022-05-26 01:46:30,702 [pool-725-thread-1] INFO  server.RaftServerConfigKeys (ConfUtils.java:logGet(46)) - raft.server.log.write.buffer.size = 1048576 (custom)
2022-05-26 01:46:30,726 [pool-725-thread-1] INFO  server.RaftServerConfigKeys (ConfUtils.java:logGet(46)) - raft.server.log.unsafe-flush.enabled = false (default)
2022-05-26 01:46:30,726 [pool-725-thread-1] INFO  server.RaftServerConfigKeys (ConfUtils.java:logGet(46)) - raft.server.log.statemachine.data.caching.enabled = true (custom)
2022-05-26 01:46:30,726 [pool-725-thread-1] INFO  segmented.SegmentedRaftLogWorker (SegmentedRaftLogWorker.java:lambda$new$0(135)) - 8a233994-06fc-4896-836d-f0eef08dbba3@group-7EB1D91EEE50-SegmentedRaftLogWorker: flushIndex: setUnconditionally 0 -> -1
2022-05-26 01:46:30,726 [pool-725-thread-1] INFO  segmented.SegmentedRaftLogWorker (SegmentedRaftLogWorker.java:lambda$new$0(135)) - 8a233994-06fc-4896-836d-f0eef08dbba3@group-7EB1D91EEE50-SegmentedRaftLogWorker: safeCacheEvictIndex: setUnconditionally 0 -> -1
2022-05-26 01:46:30,725 [grpc-default-executor-0] INFO  server.RaftServer (RaftServerProxy.java:addNew(96)) - 74164fff-0da3-452b-8e38-1858412758e6: addNew group-D0772473F178:[13b42a2e-e9c9-4ea7-85e1-9ff027944fc9|rpc:10.1.0.18:43047|dataStream:|priority:0, 8a233994-06fc-4896-836d-f0eef08dbba3|rpc:10.1.0.18:40213|dataStream:|priority:0, 74164fff-0da3-452b-8e38-1858412758e6|rpc:10.1.0.18:39183|dataStream:|priority:1] returns group-D0772473F178:java.util.concurrent.CompletableFuture@1a6acc0d[Not completed]
2022-05-26 01:46:30,728 [pool-725-thread-1] INFO  server.RaftServerConfigKeys (ConfUtils.java:logGet(46)) - raft.server.snapshot.auto.trigger.enabled = true (custom)
2022-05-26 01:46:30,728 [pool-725-thread-1] INFO  server.RaftServerConfigKeys (ConfUtils.java:logGet(46)) - raft.server.snapshot.auto.trigger.threshold = 10000 (custom)
2022-05-26 01:46:30,728 [pool-725-thread-1] INFO  server.RaftServerConfigKeys (ConfUtils.java:logGet(46)) - raft.server.snapshot.retention.file.num = 5 (custom)
2022-05-26 01:46:30,728 [pool-725-thread-1] INFO  server.RaftServerConfigKeys (ConfUtils.java:logGet(46)) - raft.server.log.purge.upto.snapshot.index = false (default)
2022-05-26 01:46:30,728 [pool-725-thread-1] INFO  server.RaftServerConfigKeys (ConfUtils.java:logGet(46)) - raft.server.retrycache.expirytime = 600000ms (custom)
2022-05-26 01:46:30,728 [pool-725-thread-1] INFO  server.RaftServerConfigKeys (ConfUtils.java:logGet(46)) - raft.server.retrycache.statistics.expirytime = 100μs (default)
2022-05-26 01:46:30,729 [pool-747-thread-1] INFO  server.RaftServer$Division (RaftServerImpl.java:<init>(190)) - 74164fff-0da3-452b-8e38-1858412758e6: new RaftServerImpl for group-D0772473F178:[13b42a2e-e9c9-4ea7-85e1-9ff027944fc9|rpc:10.1.0.18:43047|dataStream:|priority:0, 8a233994-06fc-4896-836d-f0eef08dbba3|rpc:10.1.0.18:40213|dataStream:|priority:0, 74164fff-0da3-452b-8e38-1858412758e6|rpc:10.1.0.18:39183|dataStream:|priority:1] with ContainerStateMachine:uninitialized
2022-05-26 01:46:30,729 [pool-747-thread-1] INFO  server.RaftServerConfigKeys (ConfUtils.java:logGet(46)) - raft.server.rpc.timeout.min = 5s (custom)
2022-05-26 01:46:30,729 [pool-747-thread-1] INFO  server.RaftServerConfigKeys (ConfUtils.java:logGet(46)) - raft.server.rpc.timeout.max = 5200ms (custom)
2022-05-26 01:46:30,729 [pool-747-thread-1] INFO  server.RaftServerConfigKeys (ConfUtils.java:logGet(46)) - raft.server.rpc.sleep.time = 25ms (default)
2022-05-26 01:46:30,729 [pool-747-thread-1] INFO  server.RaftServerConfigKeys (ConfUtils.java:logGet(46)) - raft.server.rpc.slowness.timeout = 300s (custom)
2022-05-26 01:46:30,729 [pool-747-thread-1] INFO  server.RaftServerConfigKeys (ConfUtils.java:logGet(46)) - raft.server.leaderelection.leader.step-down.wait-time = 10s (default)
2022-05-26 01:46:30,729 [pool-747-thread-1] INFO  server.RaftServerConfigKeys (ConfUtils.java:logGet(46)) - raft.server.sleep.deviation.threshold = 300ms (default)
2022-05-26 01:46:30,729 [pool-747-thread-1] INFO  server.RaftServer$Division (ServerState.java:<init>(107)) - 74164fff-0da3-452b-8e38-1858412758e6@group-D0772473F178: ConfigurationManager, init=-1: [13b42a2e-e9c9-4ea7-85e1-9ff027944fc9|rpc:10.1.0.18:43047|dataStream:|priority:0, 8a233994-06fc-4896-836d-f0eef08dbba3|rpc:10.1.0.18:40213|dataStream:|priority:0, 74164fff-0da3-452b-8e38-1858412758e6|rpc:10.1.0.18:39183|dataStream:|priority:1], old=null, confs=<EMPTY_MAP>
2022-05-26 01:46:30,729 [pool-747-thread-1] INFO  server.RaftServerConfigKeys (ConfUtils.java:logGet(46)) - raft.server.storage.dir = [/home/runner/work/ozone/ozone/hadoop-ozone/integration-test/target/test-dir/MiniOzoneClusterImpl-6102e5ce-5215-4002-8b5c-988ca6cc3a5c/datanode-2/data/ratis] (custom)
2022-05-26 01:46:30,729 [pool-747-thread-1] INFO  server.RaftServerConfigKeys (ConfUtils.java:logGet(46)) - raft.server.log.corruption.policy = EXCEPTION (default)
2022-05-26 01:46:30,729 [pool-747-thread-1] INFO  server.RaftServerConfigKeys (ConfUtils.java:logGet(46)) - raft.server.storage.free-space.min = 0MB (=0) (default)
2022-05-26 01:46:30,729 [pool-747-thread-1] INFO  storage.RaftStorageDirectory (RaftStorageDirectoryImpl.java:analyzeStorage(135)) - The storage directory /home/runner/work/ozone/ozone/hadoop-ozone/integration-test/target/test-dir/MiniOzoneClusterImpl-6102e5ce-5215-4002-8b5c-988ca6cc3a5c/datanode-2/data/ratis/aaf370b2-7968-4555-b82f-d0772473f178 does not exist. Creating ...
2022-05-26 01:46:30,729 [pool-725-thread-1] INFO  server.RaftServerConfigKeys (ConfUtils.java:logGet(46)) - raft.server.log.appender.install.snapshot.enabled = false (custom)
2022-05-26 01:46:30,730 [pool-725-thread-1] INFO  server.RaftServerConfigKeys (ConfUtils.java:logGet(46)) - raft.server.threadpool.server.cached = true (default)
2022-05-26 01:46:30,730 [pool-725-thread-1] INFO  server.RaftServerConfigKeys (ConfUtils.java:logGet(46)) - raft.server.threadpool.server.size = 0 (default)
2022-05-26 01:46:30,730 [pool-725-thread-1] INFO  server.RaftServerConfigKeys (ConfUtils.java:logGet(46)) - raft.server.threadpool.client.cached = true (default)
2022-05-26 01:46:30,730 [pool-725-thread-1] INFO  server.RaftServerConfigKeys (ConfUtils.java:logGet(46)) - raft.server.threadpool.client.size = 0 (default)
2022-05-26 01:46:30,730 [pool-725-thread-1] INFO  server.RaftServer$Division (RaftServerImpl.java:start(310)) - 8a233994-06fc-4896-836d-f0eef08dbba3@group-7EB1D91EEE50: start as a follower, conf=-1: [8a233994-06fc-4896-836d-f0eef08dbba3|rpc:10.1.0.18:40213|priority:1], old=null
2022-05-26 01:46:30,730 [pool-725-thread-1] INFO  server.RaftServer$Division (RaftServerImpl.java:setRole(299)) - 8a233994-06fc-4896-836d-f0eef08dbba3@group-7EB1D91EEE50: changes role from      null to FOLLOWER at term 0 for startAsFollower
2022-05-26 01:46:30,730 [pool-725-thread-1] INFO  impl.RoleInfo (RoleInfo.java:updateAndGet(139)) - 8a233994-06fc-4896-836d-f0eef08dbba3: start 8a233994-06fc-4896-836d-f0eef08dbba3@group-7EB1D91EEE50-FollowerState
2022-05-26 01:46:30,732 [pool-747-thread-1] INFO  storage.RaftStorageDirectory (RaftStorageDirectoryImpl.java:tryLock(230)) - Lock on /home/runner/work/ozone/ozone/hadoop-ozone/integration-test/target/test-dir/MiniOzoneClusterImpl-6102e5ce-5215-4002-8b5c-988ca6cc3a5c/datanode-2/data/ratis/aaf370b2-7968-4555-b82f-d0772473f178/in_use.lock acquired by nodename 11847@fv-az270-854
2022-05-26 01:46:30,734 [pool-747-thread-1] INFO  storage.RaftStorage (RaftStorageImpl.java:format(89)) - Storage directory /home/runner/work/ozone/ozone/hadoop-ozone/integration-test/target/test-dir/MiniOzoneClusterImpl-6102e5ce-5215-4002-8b5c-988ca6cc3a5c/datanode-2/data/ratis/aaf370b2-7968-4555-b82f-d0772473f178 has been successfully formatted.
2022-05-26 01:46:30,734 [pool-725-thread-1] INFO  util.JmxRegister (JmxRegister.java:tryRegister(44)) - Successfully registered JMX Bean with object name Ratis:service=RaftServer,group=group-7EB1D91EEE50,id=8a233994-06fc-4896-836d-f0eef08dbba3
2022-05-26 01:46:30,744 [Command processor thread] INFO  ratis.XceiverServerRatis (XceiverServerRatis.java:addGroup(765)) - Created group PipelineID=091f67ce-c766-447c-8c5f-7eb1d91eee50
2022-05-26 01:46:30,744 [Command processor thread] INFO  commandhandler.CreatePipelineCommandHandler (CreatePipelineCommandHandler.java:handle(113)) - Created Pipeline RATIS ONE PipelineID=091f67ce-c766-447c-8c5f-7eb1d91eee50.
2022-05-26 01:46:30,744 [pool-747-thread-1] INFO  ratis.ContainerStateMachine (ContainerStateMachine.java:loadSnapshot(236)) - group-D0772473F178: The snapshot info is null. Setting the last applied indexto:(t:0, i:~)
2022-05-26 01:46:30,744 [pool-747-thread-1] INFO  server.RaftServerConfigKeys (ConfUtils.java:logGet(46)) - raft.server.notification.no-leader.timeout = 300s (custom)
2022-05-26 01:46:30,744 [pool-747-thread-1] INFO  server.RaftServerConfigKeys (ConfUtils.java:logGet(46)) - raft.server.log.use.memory = false (default)
2022-05-26 01:46:30,744 [pool-747-thread-1] INFO  server.RaftServerConfigKeys (ConfUtils.java:logGet(46)) - raft.server.log.purge.gap = 1000000 (custom)
2022-05-26 01:46:30,744 [pool-747-thread-1] INFO  server.RaftServerConfigKeys (ConfUtils.java:logGet(46)) - raft.server.log.appender.buffer.byte-limit = 33554432 (custom)
2022-05-26 01:46:30,744 [pool-747-thread-1] INFO  server.RaftServerConfigKeys (ConfUtils.java:logGet(46)) - raft.server.log.statemachine.data.read.timeout = 1000ms (default)
2022-05-26 01:46:30,744 [pool-747-thread-1] INFO  server.RaftServerConfigKeys (ConfUtils.java:logGet(46)) - raft.server.log.segment.size.max = 1048576 (custom)
2022-05-26 01:46:30,745 [pool-747-thread-1] INFO  server.RaftServerConfigKeys (ConfUtils.java:logGet(46)) - raft.server.log.segment.cache.num.max = 2 (custom)
2022-05-26 01:46:30,745 [pool-747-thread-1] INFO  server.RaftServerConfigKeys (ConfUtils.java:logGet(46)) - raft.server.log.segment.cache.size.max = 200MB (=209715200) (default)
2022-05-26 01:46:30,745 [pool-747-thread-1] INFO  segmented.SegmentedRaftLogWorker (SegmentedRaftLogWorker.java:<init>(187)) - new 74164fff-0da3-452b-8e38-1858412758e6@group-D0772473F178-SegmentedRaftLogWorker for RaftStorageImpl:Storage Directory /home/runner/work/ozone/ozone/hadoop-ozone/integration-test/target/test-dir/MiniOzoneClusterImpl-6102e5ce-5215-4002-8b5c-988ca6cc3a5c/datanode-2/data/ratis/aaf370b2-7968-4555-b82f-d0772473f178
2022-05-26 01:46:30,745 [pool-747-thread-1] INFO  server.RaftServerConfigKeys (ConfUtils.java:logGet(46)) - raft.server.log.queue.byte-limit = 4294967296 (custom)
2022-05-26 01:46:30,745 [pool-747-thread-1] INFO  server.RaftServerConfigKeys (ConfUtils.java:logGet(46)) - raft.server.log.queue.element-limit = 1024 (custom)
2022-05-26 01:46:30,745 [pool-747-thread-1] INFO  server.RaftServerConfigKeys (ConfUtils.java:logGet(46)) - raft.server.log.segment.size.max = 1048576 (custom)
2022-05-26 01:46:30,745 [pool-747-thread-1] INFO  server.RaftServerConfigKeys (ConfUtils.java:logGet(46)) - raft.server.log.preallocated.size = 16384 (custom)
2022-05-26 01:46:30,745 [pool-747-thread-1] INFO  server.RaftServerConfigKeys (ConfUtils.java:logGet(46)) - raft.server.log.force.sync.num = 128 (default)
2022-05-26 01:46:30,745 [pool-747-thread-1] INFO  server.RaftServerConfigKeys (ConfUtils.java:logGet(46)) - raft.server.log.statemachine.data.sync = true (default)
2022-05-26 01:46:30,745 [pool-747-thread-1] INFO  server.RaftServerConfigKeys (ConfUtils.java:logGet(46)) - raft.server.log.statemachine.data.sync.timeout = 10s (default)
2022-05-26 01:46:30,745 [pool-747-thread-1] INFO  server.RaftServerConfigKeys (ConfUtils.java:logGet(46)) - raft.server.log.statemachine.data.sync.timeout.retry = -1 (default)
2022-05-26 01:46:30,746 [pool-747-thread-1] INFO  server.RaftServerConfigKeys (ConfUtils.java:logGet(46)) - raft.server.log.write.buffer.size = 1048576 (custom)
2022-05-26 01:46:30,747 [pool-747-thread-1] INFO  server.RaftServerConfigKeys (ConfUtils.java:logGet(46)) - raft.server.log.unsafe-flush.enabled = false (default)
2022-05-26 01:46:30,747 [pool-747-thread-1] INFO  server.RaftServerConfigKeys (ConfUtils.java:logGet(46)) - raft.server.log.statemachine.data.caching.enabled = true (custom)
2022-05-26 01:46:30,747 [pool-747-thread-1] INFO  segmented.SegmentedRaftLogWorker (SegmentedRaftLogWorker.java:lambda$new$0(135)) - 74164fff-0da3-452b-8e38-1858412758e6@group-D0772473F178-SegmentedRaftLogWorker: flushIndex: setUnconditionally 0 -> -1
2022-05-26 01:46:30,747 [pool-747-thread-1] INFO  segmented.SegmentedRaftLogWorker (SegmentedRaftLogWorker.java:lambda$new$0(135)) - 74164fff-0da3-452b-8e38-1858412758e6@group-D0772473F178-SegmentedRaftLogWorker: safeCacheEvictIndex: setUnconditionally 0 -> -1
2022-05-26 01:46:30,766 [pool-747-thread-1] INFO  server.RaftServerConfigKeys (ConfUtils.java:logGet(46)) - raft.server.snapshot.auto.trigger.enabled = true (custom)
2022-05-26 01:46:30,766 [pool-747-thread-1] INFO  server.RaftServerConfigKeys (ConfUtils.java:logGet(46)) - raft.server.snapshot.auto.trigger.threshold = 10000 (custom)
2022-05-26 01:46:30,766 [pool-747-thread-1] INFO  server.RaftServerConfigKeys (ConfUtils.java:logGet(46)) - raft.server.snapshot.retention.file.num = 5 (custom)
2022-05-26 01:46:30,766 [pool-747-thread-1] INFO  server.RaftServerConfigKeys (ConfUtils.java:logGet(46)) - raft.server.log.purge.upto.snapshot.index = false (default)
2022-05-26 01:46:30,766 [pool-747-thread-1] INFO  server.RaftServerConfigKeys (ConfUtils.java:logGet(46)) - raft.server.retrycache.expirytime = 600000ms (custom)
2022-05-26 01:46:30,766 [pool-747-thread-1] INFO  server.RaftServerConfigKeys (ConfUtils.java:logGet(46)) - raft.server.retrycache.statistics.expirytime = 100μs (default)
2022-05-26 01:46:30,767 [pool-747-thread-1] INFO  server.RaftServerConfigKeys (ConfUtils.java:logGet(46)) - raft.server.log.appender.install.snapshot.enabled = false (custom)
2022-05-26 01:46:30,767 [pool-747-thread-1] INFO  server.RaftServerConfigKeys (ConfUtils.java:logGet(46)) - raft.server.threadpool.server.cached = true (default)
2022-05-26 01:46:30,767 [pool-747-thread-1] INFO  server.RaftServerConfigKeys (ConfUtils.java:logGet(46)) - raft.server.threadpool.server.size = 0 (default)
2022-05-26 01:46:30,767 [pool-747-thread-1] INFO  server.RaftServerConfigKeys (ConfUtils.java:logGet(46)) - raft.server.threadpool.client.cached = true (default)
2022-05-26 01:46:30,767 [pool-747-thread-1] INFO  server.RaftServerConfigKeys (ConfUtils.java:logGet(46)) - raft.server.threadpool.client.size = 0 (default)
2022-05-26 01:46:30,768 [pool-747-thread-1] INFO  server.RaftServer$Division (RaftServerImpl.java:start(310)) - 74164fff-0da3-452b-8e38-1858412758e6@group-D0772473F178: start as a follower, conf=-1: [13b42a2e-e9c9-4ea7-85e1-9ff027944fc9|rpc:10.1.0.18:43047|dataStream:|priority:0, 8a233994-06fc-4896-836d-f0eef08dbba3|rpc:10.1.0.18:40213|dataStream:|priority:0, 74164fff-0da3-452b-8e38-1858412758e6|rpc:10.1.0.18:39183|dataStream:|priority:1], old=null
2022-05-26 01:46:30,768 [pool-747-thread-1] INFO  server.RaftServer$Division (RaftServerImpl.java:setRole(299)) - 74164fff-0da3-452b-8e38-1858412758e6@group-D0772473F178: changes role from      null to FOLLOWER at term 0 for startAsFollower
2022-05-26 01:46:30,776 [pool-747-thread-1] INFO  impl.RoleInfo (RoleInfo.java:updateAndGet(139)) - 74164fff-0da3-452b-8e38-1858412758e6: start 74164fff-0da3-452b-8e38-1858412758e6@group-D0772473F178-FollowerState
2022-05-26 01:46:30,784 [pool-747-thread-1] INFO  util.JmxRegister (JmxRegister.java:tryRegister(44)) - Successfully registered JMX Bean with object name Ratis:service=RaftServer,group=group-D0772473F178,id=74164fff-0da3-452b-8e38-1858412758e6
2022-05-26 01:46:30,841 [Command processor thread] INFO  commandhandler.CreatePipelineCommandHandler (CreatePipelineCommandHandler.java:handle(113)) - Created Pipeline RATIS THREE PipelineID=aaf370b2-7968-4555-b82f-d0772473f178.
2022-05-26 01:46:31,019 [Listener at 127.0.0.1/39025] INFO  ozone.MiniOzoneClusterImpl (MiniOzoneClusterImpl.java:lambda$waitForClusterToBeReady$0(221)) - Nodes are ready. Got 3 of 3 DN Heartbeats.
2022-05-26 01:46:31,019 [Listener at 127.0.0.1/39025] INFO  ozone.MiniOzoneClusterImpl (MiniOzoneClusterImpl.java:lambda$waitForClusterToBeReady$0(224)) - Waiting for cluster to exit safe mode
2022-05-26 01:46:31,020 [Listener at 127.0.0.1/39025] INFO  ozone.MiniOzoneClusterImpl (MiniOzoneClusterImpl.java:lambda$waitForClusterToBeReady$0(226)) - SCM became leader
2022-05-26 01:46:32,020 [Listener at 127.0.0.1/39025] INFO  ozone.MiniOzoneClusterImpl (MiniOzoneClusterImpl.java:lambda$waitForClusterToBeReady$0(221)) - Nodes are ready. Got 3 of 3 DN Heartbeats.
2022-05-26 01:46:32,020 [Listener at 127.0.0.1/39025] INFO  ozone.MiniOzoneClusterImpl (MiniOzoneClusterImpl.java:lambda$waitForClusterToBeReady$0(224)) - Waiting for cluster to exit safe mode
2022-05-26 01:46:32,020 [Listener at 127.0.0.1/39025] INFO  ozone.MiniOzoneClusterImpl (MiniOzoneClusterImpl.java:lambda$waitForClusterToBeReady$0(226)) - SCM became leader
2022-05-26 01:46:32,051 [Command processor thread] INFO  server.RaftServer (RaftServerProxy.java:addNew(96)) - 74164fff-0da3-452b-8e38-1858412758e6: addNew group-3BE03801CC0F:[74164fff-0da3-452b-8e38-1858412758e6|rpc:10.1.0.18:39183|priority:1] returns group-3BE03801CC0F:java.util.concurrent.CompletableFuture@4fbcb341[Not completed]
2022-05-26 01:46:32,051 [pool-747-thread-1] INFO  server.RaftServer$Division (RaftServerImpl.java:<init>(190)) - 74164fff-0da3-452b-8e38-1858412758e6: new RaftServerImpl for group-3BE03801CC0F:[74164fff-0da3-452b-8e38-1858412758e6|rpc:10.1.0.18:39183|priority:1] with ContainerStateMachine:uninitialized
2022-05-26 01:46:32,052 [pool-747-thread-1] INFO  server.RaftServerConfigKeys (ConfUtils.java:logGet(46)) - raft.server.rpc.timeout.min = 5s (custom)
2022-05-26 01:46:32,052 [pool-747-thread-1] INFO  server.RaftServerConfigKeys (ConfUtils.java:logGet(46)) - raft.server.rpc.timeout.max = 5200ms (custom)
2022-05-26 01:46:32,052 [pool-747-thread-1] INFO  server.RaftServerConfigKeys (ConfUtils.java:logGet(46)) - raft.server.rpc.sleep.time = 25ms (default)
2022-05-26 01:46:32,052 [pool-747-thread-1] INFO  server.RaftServerConfigKeys (ConfUtils.java:logGet(46)) - raft.server.rpc.slowness.timeout = 300s (custom)
2022-05-26 01:46:32,052 [pool-747-thread-1] INFO  server.RaftServerConfigKeys (ConfUtils.java:logGet(46)) - raft.server.leaderelection.leader.step-down.wait-time = 10s (default)
2022-05-26 01:46:32,052 [pool-747-thread-1] INFO  server.RaftServerConfigKeys (ConfUtils.java:logGet(46)) - raft.server.sleep.deviation.threshold = 300ms (default)
2022-05-26 01:46:32,052 [pool-747-thread-1] INFO  server.RaftServer$Division (ServerState.java:<init>(107)) - 74164fff-0da3-452b-8e38-1858412758e6@group-3BE03801CC0F: ConfigurationManager, init=-1: [74164fff-0da3-452b-8e38-1858412758e6|rpc:10.1.0.18:39183|priority:1], old=null, confs=<EMPTY_MAP>
2022-05-26 01:46:32,052 [pool-747-thread-1] INFO  server.RaftServerConfigKeys (ConfUtils.java:logGet(46)) - raft.server.storage.dir = [/home/runner/work/ozone/ozone/hadoop-ozone/integration-test/target/test-dir/MiniOzoneClusterImpl-6102e5ce-5215-4002-8b5c-988ca6cc3a5c/datanode-2/data/ratis] (custom)
2022-05-26 01:46:32,052 [pool-747-thread-1] INFO  server.RaftServerConfigKeys (ConfUtils.java:logGet(46)) - raft.server.log.corruption.policy = EXCEPTION (default)
2022-05-26 01:46:32,052 [pool-747-thread-1] INFO  server.RaftServerConfigKeys (ConfUtils.java:logGet(46)) - raft.server.storage.free-space.min = 0MB (=0) (default)
2022-05-26 01:46:32,052 [pool-747-thread-1] INFO  storage.RaftStorageDirectory (RaftStorageDirectoryImpl.java:analyzeStorage(135)) - The storage directory /home/runner/work/ozone/ozone/hadoop-ozone/integration-test/target/test-dir/MiniOzoneClusterImpl-6102e5ce-5215-4002-8b5c-988ca6cc3a5c/datanode-2/data/ratis/deb83095-5ffe-4b03-904a-3be03801cc0f does not exist. Creating ...
2022-05-26 01:46:32,055 [pool-747-thread-1] INFO  storage.RaftStorageDirectory (RaftStorageDirectoryImpl.java:tryLock(230)) - Lock on /home/runner/work/ozone/ozone/hadoop-ozone/integration-test/target/test-dir/MiniOzoneClusterImpl-6102e5ce-5215-4002-8b5c-988ca6cc3a5c/datanode-2/data/ratis/deb83095-5ffe-4b03-904a-3be03801cc0f/in_use.lock acquired by nodename 11847@fv-az270-854
2022-05-26 01:46:32,057 [pool-747-thread-1] INFO  storage.RaftStorage (RaftStorageImpl.java:format(89)) - Storage directory /home/runner/work/ozone/ozone/hadoop-ozone/integration-test/target/test-dir/MiniOzoneClusterImpl-6102e5ce-5215-4002-8b5c-988ca6cc3a5c/datanode-2/data/ratis/deb83095-5ffe-4b03-904a-3be03801cc0f has been successfully formatted.
2022-05-26 01:46:32,057 [pool-747-thread-1] INFO  ratis.ContainerStateMachine (ContainerStateMachine.java:loadSnapshot(236)) - group-3BE03801CC0F: The snapshot info is null. Setting the last applied indexto:(t:0, i:~)
2022-05-26 01:46:32,057 [pool-747-thread-1] INFO  server.RaftServerConfigKeys (ConfUtils.java:logGet(46)) - raft.server.notification.no-leader.timeout = 300s (custom)
2022-05-26 01:46:32,057 [pool-747-thread-1] INFO  server.RaftServerConfigKeys (ConfUtils.java:logGet(46)) - raft.server.log.use.memory = false (default)
2022-05-26 01:46:32,057 [pool-747-thread-1] INFO  server.RaftServerConfigKeys (ConfUtils.java:logGet(46)) - raft.server.log.purge.gap = 1000000 (custom)
2022-05-26 01:46:32,057 [pool-747-thread-1] INFO  server.RaftServerConfigKeys (ConfUtils.java:logGet(46)) - raft.server.log.appender.buffer.byte-limit = 33554432 (custom)
2022-05-26 01:46:32,057 [pool-747-thread-1] INFO  server.RaftServerConfigKeys (ConfUtils.java:logGet(46)) - raft.server.log.statemachine.data.read.timeout = 1000ms (default)
2022-05-26 01:46:32,057 [pool-747-thread-1] INFO  server.RaftServerConfigKeys (ConfUtils.java:logGet(46)) - raft.server.log.segment.size.max = 1048576 (custom)
2022-05-26 01:46:32,058 [pool-747-thread-1] INFO  server.RaftServerConfigKeys (ConfUtils.java:logGet(46)) - raft.server.log.segment.cache.num.max = 2 (custom)
2022-05-26 01:46:32,058 [pool-747-thread-1] INFO  server.RaftServerConfigKeys (ConfUtils.java:logGet(46)) - raft.server.log.segment.cache.size.max = 200MB (=209715200) (default)
2022-05-26 01:46:32,058 [pool-747-thread-1] INFO  segmented.SegmentedRaftLogWorker (SegmentedRaftLogWorker.java:<init>(187)) - new 74164fff-0da3-452b-8e38-1858412758e6@group-3BE03801CC0F-SegmentedRaftLogWorker for RaftStorageImpl:Storage Directory /home/runner/work/ozone/ozone/hadoop-ozone/integration-test/target/test-dir/MiniOzoneClusterImpl-6102e5ce-5215-4002-8b5c-988ca6cc3a5c/datanode-2/data/ratis/deb83095-5ffe-4b03-904a-3be03801cc0f
2022-05-26 01:46:32,058 [pool-747-thread-1] INFO  server.RaftServerConfigKeys (ConfUtils.java:logGet(46)) - raft.server.log.queue.byte-limit = 4294967296 (custom)
2022-05-26 01:46:32,058 [pool-747-thread-1] INFO  server.RaftServerConfigKeys (ConfUtils.java:logGet(46)) - raft.server.log.queue.element-limit = 1024 (custom)
2022-05-26 01:46:32,058 [pool-747-thread-1] INFO  server.RaftServerConfigKeys (ConfUtils.java:logGet(46)) - raft.server.log.segment.size.max = 1048576 (custom)
2022-05-26 01:46:32,058 [pool-747-thread-1] INFO  server.RaftServerConfigKeys (ConfUtils.java:logGet(46)) - raft.server.log.preallocated.size = 16384 (custom)
2022-05-26 01:46:32,058 [pool-747-thread-1] INFO  server.RaftServerConfigKeys (ConfUtils.java:logGet(46)) - raft.server.log.force.sync.num = 128 (default)
2022-05-26 01:46:32,058 [pool-747-thread-1] INFO  server.RaftServerConfigKeys (ConfUtils.java:logGet(46)) - raft.server.log.statemachine.data.sync = true (default)
2022-05-26 01:46:32,058 [pool-747-thread-1] INFO  server.RaftServerConfigKeys (ConfUtils.java:logGet(46)) - raft.server.log.statemachine.data.sync.timeout = 10s (default)
2022-05-26 01:46:32,058 [pool-747-thread-1] INFO  server.RaftServerConfigKeys (ConfUtils.java:logGet(46)) - raft.server.log.statemachine.data.sync.timeout.retry = -1 (default)
2022-05-26 01:46:32,059 [pool-747-thread-1] INFO  server.RaftServerConfigKeys (ConfUtils.java:logGet(46)) - raft.server.log.write.buffer.size = 1048576 (custom)
2022-05-26 01:46:32,060 [pool-747-thread-1] INFO  server.RaftServerConfigKeys (ConfUtils.java:logGet(46)) - raft.server.log.unsafe-flush.enabled = false (default)
2022-05-26 01:46:32,060 [pool-747-thread-1] INFO  server.RaftServerConfigKeys (ConfUtils.java:logGet(46)) - raft.server.log.statemachine.data.caching.enabled = true (custom)
2022-05-26 01:46:32,061 [EventQueue-PipelineReportForPipelineReportHandler] INFO  pipeline.PipelineManagerImpl (PipelineManagerImpl.java:openPipeline(336)) - Pipeline Pipeline[ Id: deb83095-5ffe-4b03-904a-3be03801cc0f, Nodes: 74164fff-0da3-452b-8e38-1858412758e6{ip: 10.1.0.18, host: fv-az270-854.tacnzluakwdehk1hpragurqkma.bx.internal.cloudapp.net, ports: [REPLICATION=44527, RATIS=39183, RATIS_ADMIN=39183, RATIS_SERVER=39183, STANDALONE=43501], networkLocation: /default-rack, certSerialId: null, persistedOpState: IN_SERVICE, persistedOpStateExpiryEpochSec: 0}, ReplicationConfig: RATIS/ONE, State:ALLOCATED, leaderId:74164fff-0da3-452b-8e38-1858412758e6, CreationTimestamp2022-05-26T01:46:29.080Z[Etc/UTC]] moved to OPEN state
2022-05-26 01:46:32,062 [EventQueue-OpenPipelineForHealthyPipelineSafeModeRule] INFO  safemode.SCMSafeModeManager (HealthyPipelineSafeModeRule.java:process(124)) - SCM in safe mode. Healthy pipelines reported count is 0, required healthy pipeline reported count is 1
2022-05-26 01:46:32,066 [pool-747-thread-1] INFO  segmented.SegmentedRaftLogWorker (SegmentedRaftLogWorker.java:lambda$new$0(135)) - 74164fff-0da3-452b-8e38-1858412758e6@group-3BE03801CC0F-SegmentedRaftLogWorker: flushIndex: setUnconditionally 0 -> -1
2022-05-26 01:46:32,068 [pool-747-thread-1] INFO  segmented.SegmentedRaftLogWorker (SegmentedRaftLogWorker.java:lambda$new$0(135)) - 74164fff-0da3-452b-8e38-1858412758e6@group-3BE03801CC0F-SegmentedRaftLogWorker: safeCacheEvictIndex: setUnconditionally 0 -> -1
2022-05-26 01:46:32,072 [pool-747-thread-1] INFO  server.RaftServerConfigKeys (ConfUtils.java:logGet(46)) - raft.server.snapshot.auto.trigger.enabled = true (custom)
2022-05-26 01:46:32,072 [pool-747-thread-1] INFO  server.RaftServerConfigKeys (ConfUtils.java:logGet(46)) - raft.server.snapshot.auto.trigger.threshold = 10000 (custom)
2022-05-26 01:46:32,072 [pool-747-thread-1] INFO  server.RaftServerConfigKeys (ConfUtils.java:logGet(46)) - raft.server.snapshot.retention.file.num = 5 (custom)
2022-05-26 01:46:32,072 [pool-747-thread-1] INFO  server.RaftServerConfigKeys (ConfUtils.java:logGet(46)) - raft.server.log.purge.upto.snapshot.index = false (default)
2022-05-26 01:46:32,072 [pool-747-thread-1] INFO  server.RaftServerConfigKeys (ConfUtils.java:logGet(46)) - raft.server.retrycache.expirytime = 600000ms (custom)
2022-05-26 01:46:32,072 [pool-747-thread-1] INFO  server.RaftServerConfigKeys (ConfUtils.java:logGet(46)) - raft.server.retrycache.statistics.expirytime = 100μs (default)
2022-05-26 01:46:32,074 [pool-747-thread-1] INFO  server.RaftServerConfigKeys (ConfUtils.java:logGet(46)) - raft.server.log.appender.install.snapshot.enabled = false (custom)
2022-05-26 01:46:32,074 [pool-747-thread-1] INFO  server.RaftServerConfigKeys (ConfUtils.java:logGet(46)) - raft.server.threadpool.server.cached = true (default)
2022-05-26 01:46:32,074 [pool-747-thread-1] INFO  server.RaftServerConfigKeys (ConfUtils.java:logGet(46)) - raft.server.threadpool.server.size = 0 (default)
2022-05-26 01:46:32,074 [pool-747-thread-1] INFO  server.RaftServerConfigKeys (ConfUtils.java:logGet(46)) - raft.server.threadpool.client.cached = true (default)
2022-05-26 01:46:32,074 [pool-747-thread-1] INFO  server.RaftServerConfigKeys (ConfUtils.java:logGet(46)) - raft.server.threadpool.client.size = 0 (default)
2022-05-26 01:46:32,074 [pool-747-thread-1] INFO  server.RaftServer$Division (RaftServerImpl.java:start(310)) - 74164fff-0da3-452b-8e38-1858412758e6@group-3BE03801CC0F: start as a follower, conf=-1: [74164fff-0da3-452b-8e38-1858412758e6|rpc:10.1.0.18:39183|priority:1], old=null
2022-05-26 01:46:32,074 [pool-747-thread-1] INFO  server.RaftServer$Division (RaftServerImpl.java:setRole(299)) - 74164fff-0da3-452b-8e38-1858412758e6@group-3BE03801CC0F: changes role from      null to FOLLOWER at term 0 for startAsFollower
2022-05-26 01:46:32,074 [pool-747-thread-1] INFO  impl.RoleInfo (RoleInfo.java:updateAndGet(139)) - 74164fff-0da3-452b-8e38-1858412758e6: start 74164fff-0da3-452b-8e38-1858412758e6@group-3BE03801CC0F-FollowerState
2022-05-26 01:46:32,084 [pool-747-thread-1] INFO  util.JmxRegister (JmxRegister.java:tryRegister(44)) - Successfully registered JMX Bean with object name Ratis:service=RaftServer,group=group-3BE03801CC0F,id=74164fff-0da3-452b-8e38-1858412758e6
2022-05-26 01:46:32,085 [Command processor thread] INFO  ratis.XceiverServerRatis (XceiverServerRatis.java:addGroup(765)) - Created group PipelineID=deb83095-5ffe-4b03-904a-3be03801cc0f
2022-05-26 01:46:32,085 [Command processor thread] INFO  commandhandler.CreatePipelineCommandHandler (CreatePipelineCommandHandler.java:handle(113)) - Created Pipeline RATIS ONE PipelineID=deb83095-5ffe-4b03-904a-3be03801cc0f.
2022-05-26 01:46:33,020 [Listener at 127.0.0.1/39025] INFO  ozone.MiniOzoneClusterImpl (MiniOzoneClusterImpl.java:lambda$waitForClusterToBeReady$0(221)) - Nodes are ready. Got 3 of 3 DN Heartbeats.
2022-05-26 01:46:33,021 [Listener at 127.0.0.1/39025] INFO  ozone.MiniOzoneClusterImpl (MiniOzoneClusterImpl.java:lambda$waitForClusterToBeReady$0(224)) - Waiting for cluster to exit safe mode
2022-05-26 01:46:33,021 [Listener at 127.0.0.1/39025] INFO  ozone.MiniOzoneClusterImpl (MiniOzoneClusterImpl.java:lambda$waitForClusterToBeReady$0(226)) - SCM became leader
2022-05-26 01:46:34,025 [Listener at 127.0.0.1/39025] INFO  ozone.MiniOzoneClusterImpl (MiniOzoneClusterImpl.java:lambda$waitForClusterToBeReady$0(221)) - Nodes are ready. Got 3 of 3 DN Heartbeats.
2022-05-26 01:46:34,025 [Listener at 127.0.0.1/39025] INFO  ozone.MiniOzoneClusterImpl (MiniOzoneClusterImpl.java:lambda$waitForClusterToBeReady$0(224)) - Waiting for cluster to exit safe mode
2022-05-26 01:46:34,026 [Listener at 127.0.0.1/39025] INFO  ozone.MiniOzoneClusterImpl (MiniOzoneClusterImpl.java:lambda$waitForClusterToBeReady$0(226)) - SCM became leader
2022-05-26 01:46:34,848 [13b42a2e-e9c9-4ea7-85e1-9ff027944fc9@group-33809F806F51-FollowerState] INFO  impl.FollowerState (FollowerState.java:run(143)) - 13b42a2e-e9c9-4ea7-85e1-9ff027944fc9@group-33809F806F51-FollowerState: change to CANDIDATE, lastRpcElapsedTime:5034235014ns, electionTimeout:5026ms
2022-05-26 01:46:34,848 [13b42a2e-e9c9-4ea7-85e1-9ff027944fc9@group-33809F806F51-FollowerState] INFO  impl.RoleInfo (RoleInfo.java:shutdownFollowerState(110)) - 13b42a2e-e9c9-4ea7-85e1-9ff027944fc9: shutdown 13b42a2e-e9c9-4ea7-85e1-9ff027944fc9@group-33809F806F51-FollowerState
2022-05-26 01:46:34,849 [13b42a2e-e9c9-4ea7-85e1-9ff027944fc9@group-33809F806F51-FollowerState] INFO  server.RaftServer$Division (RaftServerImpl.java:setRole(299)) - 13b42a2e-e9c9-4ea7-85e1-9ff027944fc9@group-33809F806F51: changes role from  FOLLOWER to CANDIDATE at term 0 for changeToCandidate
2022-05-26 01:46:34,849 [13b42a2e-e9c9-4ea7-85e1-9ff027944fc9@group-33809F806F51-FollowerState] INFO  server.RaftServerConfigKeys (ConfUtils.java:logGet(46)) - raft.server.leaderelection.pre-vote = false (custom)
2022-05-26 01:46:34,849 [13b42a2e-e9c9-4ea7-85e1-9ff027944fc9@group-33809F806F51-FollowerState] INFO  impl.RoleInfo (RoleInfo.java:updateAndGet(139)) - 13b42a2e-e9c9-4ea7-85e1-9ff027944fc9: start 13b42a2e-e9c9-4ea7-85e1-9ff027944fc9@group-33809F806F51-LeaderElection69
2022-05-26 01:46:34,875 [13b42a2e-e9c9-4ea7-85e1-9ff027944fc9@group-33809F806F51-LeaderElection69] INFO  impl.LeaderElection (LeaderElection.java:askForVotes(310)) - 13b42a2e-e9c9-4ea7-85e1-9ff027944fc9@group-33809F806F51-LeaderElection69 ELECTION round 0: submit vote requests at term 1 for -1: [13b42a2e-e9c9-4ea7-85e1-9ff027944fc9|rpc:10.1.0.18:43047|priority:0, 8a233994-06fc-4896-836d-f0eef08dbba3|rpc:10.1.0.18:40213|priority:1, 74164fff-0da3-452b-8e38-1858412758e6|rpc:10.1.0.18:39183|priority:0], old=null
2022-05-26 01:46:34,912 [grpc-default-executor-0] INFO  server.RaftServer$Division (RaftServerImpl.java:requestVote(1152)) - 8a233994-06fc-4896-836d-f0eef08dbba3@group-33809F806F51: receive requestVote(ELECTION, 13b42a2e-e9c9-4ea7-85e1-9ff027944fc9, group-33809F806F51, 1, (t:0, i:0))
2022-05-26 01:46:34,912 [grpc-default-executor-0] INFO  impl.VoteContext (VoteContext.java:log(48)) - 8a233994-06fc-4896-836d-f0eef08dbba3@group-33809F806F51-FOLLOWER: reject ELECTION from 13b42a2e-e9c9-4ea7-85e1-9ff027944fc9: our priority 1 > candidate's priority 0
2022-05-26 01:46:34,912 [grpc-default-executor-0] INFO  server.RaftServer$Division (RaftServerImpl.java:setRole(299)) - 8a233994-06fc-4896-836d-f0eef08dbba3@group-33809F806F51: changes role from  FOLLOWER to FOLLOWER at term 1 for candidate:13b42a2e-e9c9-4ea7-85e1-9ff027944fc9
2022-05-26 01:46:34,912 [grpc-default-executor-0] INFO  impl.RoleInfo (RoleInfo.java:shutdownFollowerState(110)) - 8a233994-06fc-4896-836d-f0eef08dbba3: shutdown 8a233994-06fc-4896-836d-f0eef08dbba3@group-33809F806F51-FollowerState
2022-05-26 01:46:34,912 [grpc-default-executor-0] INFO  impl.RoleInfo (RoleInfo.java:updateAndGet(139)) - 8a233994-06fc-4896-836d-f0eef08dbba3: start 8a233994-06fc-4896-836d-f0eef08dbba3@group-33809F806F51-FollowerState
2022-05-26 01:46:34,912 [8a233994-06fc-4896-836d-f0eef08dbba3@group-33809F806F51-FollowerState] INFO  impl.FollowerState (FollowerState.java:run(152)) - 8a233994-06fc-4896-836d-f0eef08dbba3@group-33809F806F51-FollowerState was interrupted
2022-05-26 01:46:34,926 [grpc-default-executor-0] INFO  server.RaftServer$Division (RaftServerImpl.java:requestVote(1184)) - 8a233994-06fc-4896-836d-f0eef08dbba3@group-33809F806F51 replies to ELECTION vote request: 13b42a2e-e9c9-4ea7-85e1-9ff027944fc9<-8a233994-06fc-4896-836d-f0eef08dbba3#0:FAIL-t1. Peer's state: 8a233994-06fc-4896-836d-f0eef08dbba3@group-33809F806F51:t1, leader=null, voted=null, raftlog=8a233994-06fc-4896-836d-f0eef08dbba3@group-33809F806F51-SegmentedRaftLog:OPENED:c-1, conf=-1: [13b42a2e-e9c9-4ea7-85e1-9ff027944fc9|rpc:10.1.0.18:43047|dataStream:|priority:0, 8a233994-06fc-4896-836d-f0eef08dbba3|rpc:10.1.0.18:40213|dataStream:|priority:1, 74164fff-0da3-452b-8e38-1858412758e6|rpc:10.1.0.18:39183|dataStream:|priority:0], old=null
2022-05-26 01:46:34,933 [13b42a2e-e9c9-4ea7-85e1-9ff027944fc9@group-C5542A47B21A-FollowerState] INFO  impl.FollowerState (FollowerState.java:run(143)) - 13b42a2e-e9c9-4ea7-85e1-9ff027944fc9@group-C5542A47B21A-FollowerState: change to CANDIDATE, lastRpcElapsedTime:5243845379ns, electionTimeout:5173ms
2022-05-26 01:46:34,934 [13b42a2e-e9c9-4ea7-85e1-9ff027944fc9@group-C5542A47B21A-FollowerState] INFO  impl.RoleInfo (RoleInfo.java:shutdownFollowerState(110)) - 13b42a2e-e9c9-4ea7-85e1-9ff027944fc9: shutdown 13b42a2e-e9c9-4ea7-85e1-9ff027944fc9@group-C5542A47B21A-FollowerState
2022-05-26 01:46:34,934 [13b42a2e-e9c9-4ea7-85e1-9ff027944fc9@group-C5542A47B21A-FollowerState] INFO  server.RaftServer$Division (RaftServerImpl.java:setRole(299)) - 13b42a2e-e9c9-4ea7-85e1-9ff027944fc9@group-C5542A47B21A: changes role from  FOLLOWER to CANDIDATE at term 0 for changeToCandidate
2022-05-26 01:46:34,939 [13b42a2e-e9c9-4ea7-85e1-9ff027944fc9@group-C5542A47B21A-FollowerState] INFO  server.RaftServerConfigKeys (ConfUtils.java:logGet(46)) - raft.server.leaderelection.pre-vote = false (custom)
2022-05-26 01:46:34,939 [13b42a2e-e9c9-4ea7-85e1-9ff027944fc9@group-C5542A47B21A-FollowerState] INFO  impl.RoleInfo (RoleInfo.java:updateAndGet(139)) - 13b42a2e-e9c9-4ea7-85e1-9ff027944fc9: start 13b42a2e-e9c9-4ea7-85e1-9ff027944fc9@group-C5542A47B21A-LeaderElection70
2022-05-26 01:46:34,973 [13b42a2e-e9c9-4ea7-85e1-9ff027944fc9@group-33809F806F51-LeaderElection69] INFO  impl.LeaderElection (LeaderElection.java:logAndReturn(90)) - 13b42a2e-e9c9-4ea7-85e1-9ff027944fc9@group-33809F806F51-LeaderElection69: ELECTION REJECTED received 1 response(s) and 0 exception(s):
2022-05-26 01:46:35,026 [13b42a2e-e9c9-4ea7-85e1-9ff027944fc9@group-33809F806F51-LeaderElection69] INFO  impl.LeaderElection (LeaderElection.java:logAndReturn(94)) -   Response 0: 13b42a2e-e9c9-4ea7-85e1-9ff027944fc9<-8a233994-06fc-4896-836d-f0eef08dbba3#0:FAIL-t1
2022-05-26 01:46:35,026 [13b42a2e-e9c9-4ea7-85e1-9ff027944fc9@group-33809F806F51-LeaderElection69] INFO  impl.LeaderElection (LeaderElection.java:askForVotes(312)) - 13b42a2e-e9c9-4ea7-85e1-9ff027944fc9@group-33809F806F51-LeaderElection69 ELECTION round 0: result REJECTED
2022-05-26 01:46:35,026 [13b42a2e-e9c9-4ea7-85e1-9ff027944fc9@group-33809F806F51-LeaderElection69] INFO  server.RaftServer$Division (RaftServerImpl.java:setRole(299)) - 13b42a2e-e9c9-4ea7-85e1-9ff027944fc9@group-33809F806F51: changes role from CANDIDATE to FOLLOWER at term 1 for REJECTED
2022-05-26 01:46:35,026 [13b42a2e-e9c9-4ea7-85e1-9ff027944fc9@group-33809F806F51-LeaderElection69] INFO  impl.RoleInfo (RoleInfo.java:shutdownLeaderElection(130)) - 13b42a2e-e9c9-4ea7-85e1-9ff027944fc9: shutdown 13b42a2e-e9c9-4ea7-85e1-9ff027944fc9@group-33809F806F51-LeaderElection69
2022-05-26 01:46:35,026 [13b42a2e-e9c9-4ea7-85e1-9ff027944fc9@group-33809F806F51-LeaderElection69] INFO  impl.RoleInfo (RoleInfo.java:updateAndGet(139)) - 13b42a2e-e9c9-4ea7-85e1-9ff027944fc9: start 13b42a2e-e9c9-4ea7-85e1-9ff027944fc9@group-33809F806F51-FollowerState
2022-05-26 01:46:35,026 [Listener at 127.0.0.1/39025] INFO  ozone.MiniOzoneClusterImpl (MiniOzoneClusterImpl.java:lambda$waitForClusterToBeReady$0(221)) - Nodes are ready. Got 3 of 3 DN Heartbeats.
2022-05-26 01:46:35,027 [Listener at 127.0.0.1/39025] INFO  ozone.MiniOzoneClusterImpl (MiniOzoneClusterImpl.java:lambda$waitForClusterToBeReady$0(224)) - Waiting for cluster to exit safe mode
2022-05-26 01:46:35,027 [Listener at 127.0.0.1/39025] INFO  ozone.MiniOzoneClusterImpl (MiniOzoneClusterImpl.java:lambda$waitForClusterToBeReady$0(226)) - SCM became leader
2022-05-26 01:46:35,026 [grpc-default-executor-1] INFO  server.RaftServer$Division (RaftServerImpl.java:requestVote(1152)) - 74164fff-0da3-452b-8e38-1858412758e6@group-33809F806F51: receive requestVote(ELECTION, 13b42a2e-e9c9-4ea7-85e1-9ff027944fc9, group-33809F806F51, 1, (t:0, i:0))
2022-05-26 01:46:35,030 [grpc-default-executor-1] INFO  impl.VoteContext (VoteContext.java:log(48)) - 74164fff-0da3-452b-8e38-1858412758e6@group-33809F806F51-FOLLOWER: accept ELECTION from 13b42a2e-e9c9-4ea7-85e1-9ff027944fc9: our priority 0 <= candidate's priority 0
2022-05-26 01:46:35,030 [grpc-default-executor-1] INFO  server.RaftServer$Division (RaftServerImpl.java:setRole(299)) - 74164fff-0da3-452b-8e38-1858412758e6@group-33809F806F51: changes role from  FOLLOWER to FOLLOWER at term 1 for candidate:13b42a2e-e9c9-4ea7-85e1-9ff027944fc9
2022-05-26 01:46:35,030 [grpc-default-executor-1] INFO  impl.RoleInfo (RoleInfo.java:shutdownFollowerState(110)) - 74164fff-0da3-452b-8e38-1858412758e6: shutdown 74164fff-0da3-452b-8e38-1858412758e6@group-33809F806F51-FollowerState
2022-05-26 01:46:35,027 [13b42a2e-e9c9-4ea7-85e1-9ff027944fc9@group-C5542A47B21A-LeaderElection70] INFO  impl.LeaderElection (LeaderElection.java:askForVotes(310)) - 13b42a2e-e9c9-4ea7-85e1-9ff027944fc9@group-C5542A47B21A-LeaderElection70 ELECTION round 0: submit vote requests at term 1 for -1: [13b42a2e-e9c9-4ea7-85e1-9ff027944fc9|rpc:10.1.0.18:43047|priority:1], old=null
2022-05-26 01:46:35,030 [13b42a2e-e9c9-4ea7-85e1-9ff027944fc9@group-C5542A47B21A-LeaderElection70] INFO  impl.LeaderElection (LeaderElection.java:askForVotes(312)) - 13b42a2e-e9c9-4ea7-85e1-9ff027944fc9@group-C5542A47B21A-LeaderElection70 ELECTION round 0: result PASSED (term=1)
2022-05-26 01:46:35,030 [13b42a2e-e9c9-4ea7-85e1-9ff027944fc9@group-C5542A47B21A-LeaderElection70] INFO  impl.RoleInfo (RoleInfo.java:shutdownLeaderElection(130)) - 13b42a2e-e9c9-4ea7-85e1-9ff027944fc9: shutdown 13b42a2e-e9c9-4ea7-85e1-9ff027944fc9@group-C5542A47B21A-LeaderElection70
2022-05-26 01:46:35,030 [13b42a2e-e9c9-4ea7-85e1-9ff027944fc9@group-C5542A47B21A-LeaderElection70] INFO  server.RaftServer$Division (RaftServerImpl.java:setRole(299)) - 13b42a2e-e9c9-4ea7-85e1-9ff027944fc9@group-C5542A47B21A: changes role from CANDIDATE to LEADER at term 1 for changeToLeader
2022-05-26 01:46:35,030 [13b42a2e-e9c9-4ea7-85e1-9ff027944fc9@group-C5542A47B21A-LeaderElection70] INFO  ratis.XceiverServerRatis (XceiverServerRatis.java:handleLeaderChangedNotification(863)) - Leader change notification received for group: group-C5542A47B21A with new leaderId: 13b42a2e-e9c9-4ea7-85e1-9ff027944fc9
2022-05-26 01:46:35,052 [13b42a2e-e9c9-4ea7-85e1-9ff027944fc9@group-C5542A47B21A-LeaderElection70] INFO  server.RaftServer$Division (ServerState.java:setLeader(287)) - 13b42a2e-e9c9-4ea7-85e1-9ff027944fc9@group-C5542A47B21A: change Leader from null to 13b42a2e-e9c9-4ea7-85e1-9ff027944fc9 at term 1 for becomeLeader, leader elected after 5411ms
2022-05-26 01:46:35,052 [13b42a2e-e9c9-4ea7-85e1-9ff027944fc9@group-C5542A47B21A-LeaderElection70] INFO  server.RaftServerConfigKeys (ConfUtils.java:logGet(46)) - raft.server.staging.catchup.gap = 1000 (default)
2022-05-26 01:46:35,052 [13b42a2e-e9c9-4ea7-85e1-9ff027944fc9@group-C5542A47B21A-LeaderElection70] INFO  server.RaftServerConfigKeys (ConfUtils.java:logGet(46)) - raft.server.write.element-limit = 1024 (custom)
2022-05-26 01:46:35,053 [13b42a2e-e9c9-4ea7-85e1-9ff027944fc9@group-C5542A47B21A-LeaderElection70] INFO  server.RaftServerConfigKeys (ConfUtils.java:logGet(46)) - raft.server.write.byte-limit = 1024 M (=1073741824) (custom)
2022-05-26 01:46:35,053 [13b42a2e-e9c9-4ea7-85e1-9ff027944fc9@group-C5542A47B21A-LeaderElection70] INFO  server.RaftServerConfigKeys (ConfUtils.java:logGet(46)) - raft.server.watch.timeout = 180s (custom)
2022-05-26 01:46:35,053 [13b42a2e-e9c9-4ea7-85e1-9ff027944fc9@group-C5542A47B21A-LeaderElection70] INFO  server.RaftServerConfigKeys (ConfUtils.java:logGet(46)) - raft.server.watch.timeout.denomination = 1s (default)
2022-05-26 01:46:35,053 [13b42a2e-e9c9-4ea7-85e1-9ff027944fc9@group-C5542A47B21A-LeaderElection70] INFO  server.RaftServerConfigKeys (ConfUtils.java:logGet(46)) - raft.server.watch.element-limit = 65536 (default)
2022-05-26 01:46:35,053 [13b42a2e-e9c9-4ea7-85e1-9ff027944fc9@group-C5542A47B21A-LeaderElection70] INFO  server.RaftServerConfigKeys (ConfUtils.java:logGet(46)) - raft.server.write.element-limit = 1024 (custom)
2022-05-26 01:46:35,053 [13b42a2e-e9c9-4ea7-85e1-9ff027944fc9@group-C5542A47B21A-LeaderElection70] INFO  server.RaftServerConfigKeys (ConfUtils.java:logGet(46)) - raft.server.write.follower.gap.ratio.max = -1.0 (default)
2022-05-26 01:46:35,053 [13b42a2e-e9c9-4ea7-85e1-9ff027944fc9@group-C5542A47B21A-LeaderElection70] INFO  impl.RoleInfo (RoleInfo.java:updateAndGet(139)) - 13b42a2e-e9c9-4ea7-85e1-9ff027944fc9: start 13b42a2e-e9c9-4ea7-85e1-9ff027944fc9@group-C5542A47B21A-LeaderStateImpl
2022-05-26 01:46:35,053 [13b42a2e-e9c9-4ea7-85e1-9ff027944fc9@group-C5542A47B21A-LeaderElection70] INFO  segmented.SegmentedRaftLogWorker (SegmentedRaftLogWorker.java:startLogSegment(425)) - 13b42a2e-e9c9-4ea7-85e1-9ff027944fc9@group-C5542A47B21A-SegmentedRaftLogWorker: Starting segment from index:0
2022-05-26 01:46:35,055 [13b42a2e-e9c9-4ea7-85e1-9ff027944fc9@group-C5542A47B21A-SegmentedRaftLogWorker] INFO  segmented.SegmentedRaftLogWorker (SegmentedRaftLogWorker.java:execute(629)) - 13b42a2e-e9c9-4ea7-85e1-9ff027944fc9@group-C5542A47B21A-SegmentedRaftLogWorker: created new log segment /home/runner/work/ozone/ozone/hadoop-ozone/integration-test/target/test-dir/MiniOzoneClusterImpl-6102e5ce-5215-4002-8b5c-988ca6cc3a5c/datanode-0/data/ratis/7b67d137-7154-4e78-983a-c5542a47b21a/current/log_inprogress_0
2022-05-26 01:46:35,056 [EventQueue-OpenPipelineForHealthyPipelineSafeModeRule] INFO  safemode.SCMSafeModeManager (HealthyPipelineSafeModeRule.java:process(124)) - SCM in safe mode. Healthy pipelines reported count is 0, required healthy pipeline reported count is 1
2022-05-26 01:46:35,059 [grpc-default-executor-1] INFO  impl.RoleInfo (RoleInfo.java:updateAndGet(139)) - 74164fff-0da3-452b-8e38-1858412758e6: start 74164fff-0da3-452b-8e38-1858412758e6@group-33809F806F51-FollowerState
2022-05-26 01:46:35,059 [74164fff-0da3-452b-8e38-1858412758e6@group-33809F806F51-FollowerState] INFO  impl.FollowerState (FollowerState.java:run(152)) - 74164fff-0da3-452b-8e38-1858412758e6@group-33809F806F51-FollowerState was interrupted
2022-05-26 01:46:35,079 [13b42a2e-e9c9-4ea7-85e1-9ff027944fc9@group-C5542A47B21A-LeaderElection70] INFO  server.RaftServer$Division (ServerState.java:setRaftConf(393)) - 13b42a2e-e9c9-4ea7-85e1-9ff027944fc9@group-C5542A47B21A: set configuration 0: [13b42a2e-e9c9-4ea7-85e1-9ff027944fc9|rpc:10.1.0.18:43047|dataStream:|priority:1], old=null
2022-05-26 01:46:35,092 [grpc-default-executor-1] INFO  server.RaftServer$Division (RaftServerImpl.java:requestVote(1184)) - 74164fff-0da3-452b-8e38-1858412758e6@group-33809F806F51 replies to ELECTION vote request: 13b42a2e-e9c9-4ea7-85e1-9ff027944fc9<-74164fff-0da3-452b-8e38-1858412758e6#0:OK-t1. Peer's state: 74164fff-0da3-452b-8e38-1858412758e6@group-33809F806F51:t1, leader=null, voted=13b42a2e-e9c9-4ea7-85e1-9ff027944fc9, raftlog=74164fff-0da3-452b-8e38-1858412758e6@group-33809F806F51-SegmentedRaftLog:OPENED:c-1, conf=-1: [13b42a2e-e9c9-4ea7-85e1-9ff027944fc9|rpc:10.1.0.18:43047|dataStream:|priority:0, 8a233994-06fc-4896-836d-f0eef08dbba3|rpc:10.1.0.18:40213|dataStream:|priority:1, 74164fff-0da3-452b-8e38-1858412758e6|rpc:10.1.0.18:39183|dataStream:|priority:0], old=null
2022-05-26 01:46:35,623 [13b42a2e-e9c9-4ea7-85e1-9ff027944fc9@group-D0772473F178-FollowerState] INFO  impl.FollowerState (FollowerState.java:run(143)) - 13b42a2e-e9c9-4ea7-85e1-9ff027944fc9@group-D0772473F178-FollowerState: change to CANDIDATE, lastRpcElapsedTime:5184792740ns, electionTimeout:5178ms
2022-05-26 01:46:35,623 [13b42a2e-e9c9-4ea7-85e1-9ff027944fc9@group-D0772473F178-FollowerState] INFO  impl.RoleInfo (RoleInfo.java:shutdownFollowerState(110)) - 13b42a2e-e9c9-4ea7-85e1-9ff027944fc9: shutdown 13b42a2e-e9c9-4ea7-85e1-9ff027944fc9@group-D0772473F178-FollowerState
2022-05-26 01:46:35,623 [13b42a2e-e9c9-4ea7-85e1-9ff027944fc9@group-D0772473F178-FollowerState] INFO  server.RaftServer$Division (RaftServerImpl.java:setRole(299)) - 13b42a2e-e9c9-4ea7-85e1-9ff027944fc9@group-D0772473F178: changes role from  FOLLOWER to CANDIDATE at term 0 for changeToCandidate
2022-05-26 01:46:35,623 [13b42a2e-e9c9-4ea7-85e1-9ff027944fc9@group-D0772473F178-FollowerState] INFO  server.RaftServerConfigKeys (ConfUtils.java:logGet(46)) - raft.server.leaderelection.pre-vote = false (custom)
2022-05-26 01:46:35,623 [13b42a2e-e9c9-4ea7-85e1-9ff027944fc9@group-D0772473F178-FollowerState] INFO  impl.RoleInfo (RoleInfo.java:updateAndGet(139)) - 13b42a2e-e9c9-4ea7-85e1-9ff027944fc9: start 13b42a2e-e9c9-4ea7-85e1-9ff027944fc9@group-D0772473F178-LeaderElection71
2022-05-26 01:46:35,684 [13b42a2e-e9c9-4ea7-85e1-9ff027944fc9@group-D0772473F178-LeaderElection71] INFO  impl.LeaderElection (LeaderElection.java:askForVotes(310)) - 13b42a2e-e9c9-4ea7-85e1-9ff027944fc9@group-D0772473F178-LeaderElection71 ELECTION round 0: submit vote requests at term 1 for -1: [13b42a2e-e9c9-4ea7-85e1-9ff027944fc9|rpc:10.1.0.18:43047|priority:0, 8a233994-06fc-4896-836d-f0eef08dbba3|rpc:10.1.0.18:40213|priority:0, 74164fff-0da3-452b-8e38-1858412758e6|rpc:10.1.0.18:39183|priority:1], old=null
2022-05-26 01:46:35,695 [8a233994-06fc-4896-836d-f0eef08dbba3@group-D0772473F178-FollowerState] INFO  impl.FollowerState (FollowerState.java:run(143)) - 8a233994-06fc-4896-836d-f0eef08dbba3@group-D0772473F178-FollowerState: change to CANDIDATE, lastRpcElapsedTime:5101902067ns, electionTimeout:5065ms
2022-05-26 01:46:35,695 [8a233994-06fc-4896-836d-f0eef08dbba3@group-D0772473F178-FollowerState] INFO  impl.RoleInfo (RoleInfo.java:shutdownFollowerState(110)) - 8a233994-06fc-4896-836d-f0eef08dbba3: shutdown 8a233994-06fc-4896-836d-f0eef08dbba3@group-D0772473F178-FollowerState
2022-05-26 01:46:35,695 [8a233994-06fc-4896-836d-f0eef08dbba3@group-D0772473F178-FollowerState] INFO  server.RaftServer$Division (RaftServerImpl.java:setRole(299)) - 8a233994-06fc-4896-836d-f0eef08dbba3@group-D0772473F178: changes role from  FOLLOWER to CANDIDATE at term 0 for changeToCandidate
2022-05-26 01:46:35,696 [8a233994-06fc-4896-836d-f0eef08dbba3@group-D0772473F178-FollowerState] INFO  server.RaftServerConfigKeys (ConfUtils.java:logGet(46)) - raft.server.leaderelection.pre-vote = false (custom)
2022-05-26 01:46:35,696 [8a233994-06fc-4896-836d-f0eef08dbba3@group-D0772473F178-FollowerState] INFO  impl.RoleInfo (RoleInfo.java:updateAndGet(139)) - 8a233994-06fc-4896-836d-f0eef08dbba3: start 8a233994-06fc-4896-836d-f0eef08dbba3@group-D0772473F178-LeaderElection72
2022-05-26 01:46:35,713 [grpc-default-executor-1] INFO  server.RaftServer$Division (RaftServerImpl.java:requestVote(1152)) - 8a233994-06fc-4896-836d-f0eef08dbba3@group-D0772473F178: receive requestVote(ELECTION, 13b42a2e-e9c9-4ea7-85e1-9ff027944fc9, group-D0772473F178, 1, (t:0, i:0))
2022-05-26 01:46:35,713 [grpc-default-executor-1] INFO  impl.VoteContext (VoteContext.java:log(48)) - 8a233994-06fc-4896-836d-f0eef08dbba3@group-D0772473F178-CANDIDATE: accept ELECTION from 13b42a2e-e9c9-4ea7-85e1-9ff027944fc9: our priority 0 <= candidate's priority 0
2022-05-26 01:46:35,713 [grpc-default-executor-1] INFO  server.RaftServer$Division (RaftServerImpl.java:setRole(299)) - 8a233994-06fc-4896-836d-f0eef08dbba3@group-D0772473F178: changes role from CANDIDATE to FOLLOWER at term 1 for candidate:13b42a2e-e9c9-4ea7-85e1-9ff027944fc9
2022-05-26 01:46:35,713 [grpc-default-executor-1] INFO  impl.RoleInfo (RoleInfo.java:shutdownLeaderElection(130)) - 8a233994-06fc-4896-836d-f0eef08dbba3: shutdown 8a233994-06fc-4896-836d-f0eef08dbba3@group-D0772473F178-LeaderElection72
2022-05-26 01:46:35,713 [grpc-default-executor-1] INFO  impl.RoleInfo (RoleInfo.java:updateAndGet(139)) - 8a233994-06fc-4896-836d-f0eef08dbba3: start 8a233994-06fc-4896-836d-f0eef08dbba3@group-D0772473F178-FollowerState
2022-05-26 01:46:35,713 [grpc-default-executor-0] INFO  server.RaftServer$Division (RaftServerImpl.java:requestVote(1152)) - 74164fff-0da3-452b-8e38-1858412758e6@group-D0772473F178: receive requestVote(ELECTION, 13b42a2e-e9c9-4ea7-85e1-9ff027944fc9, group-D0772473F178, 1, (t:0, i:0))
2022-05-26 01:46:35,714 [grpc-default-executor-0] INFO  impl.VoteContext (VoteContext.java:log(48)) - 74164fff-0da3-452b-8e38-1858412758e6@group-D0772473F178-FOLLOWER: reject ELECTION from 13b42a2e-e9c9-4ea7-85e1-9ff027944fc9: our priority 1 > candidate's priority 0
2022-05-26 01:46:35,714 [grpc-default-executor-0] INFO  server.RaftServer$Division (RaftServerImpl.java:setRole(299)) - 74164fff-0da3-452b-8e38-1858412758e6@group-D0772473F178: changes role from  FOLLOWER to FOLLOWER at term 1 for candidate:13b42a2e-e9c9-4ea7-85e1-9ff027944fc9
2022-05-26 01:46:35,714 [grpc-default-executor-0] INFO  impl.RoleInfo (RoleInfo.java:shutdownFollowerState(110)) - 74164fff-0da3-452b-8e38-1858412758e6: shutdown 74164fff-0da3-452b-8e38-1858412758e6@group-D0772473F178-FollowerState
2022-05-26 01:46:35,715 [grpc-default-executor-1] INFO  server.RaftServer$Division (RaftServerImpl.java:requestVote(1184)) - 8a233994-06fc-4896-836d-f0eef08dbba3@group-D0772473F178 replies to ELECTION vote request: 13b42a2e-e9c9-4ea7-85e1-9ff027944fc9<-8a233994-06fc-4896-836d-f0eef08dbba3#0:OK-t1. Peer's state: 8a233994-06fc-4896-836d-f0eef08dbba3@group-D0772473F178:t1, leader=null, voted=13b42a2e-e9c9-4ea7-85e1-9ff027944fc9, raftlog=8a233994-06fc-4896-836d-f0eef08dbba3@group-D0772473F178-SegmentedRaftLog:OPENED:c-1, conf=-1: [13b42a2e-e9c9-4ea7-85e1-9ff027944fc9|rpc:10.1.0.18:43047|dataStream:|priority:0, 8a233994-06fc-4896-836d-f0eef08dbba3|rpc:10.1.0.18:40213|dataStream:|priority:0, 74164fff-0da3-452b-8e38-1858412758e6|rpc:10.1.0.18:39183|dataStream:|priority:1], old=null
2022-05-26 01:46:35,738 [grpc-default-executor-0] INFO  impl.RoleInfo (RoleInfo.java:updateAndGet(139)) - 74164fff-0da3-452b-8e38-1858412758e6: start 74164fff-0da3-452b-8e38-1858412758e6@group-D0772473F178-FollowerState
2022-05-26 01:46:35,738 [74164fff-0da3-452b-8e38-1858412758e6@group-D0772473F178-FollowerState] INFO  impl.FollowerState (FollowerState.java:run(152)) - 74164fff-0da3-452b-8e38-1858412758e6@group-D0772473F178-FollowerState was interrupted
2022-05-26 01:46:35,775 [grpc-default-executor-0] INFO  server.RaftServer$Division (RaftServerImpl.java:requestVote(1184)) - 74164fff-0da3-452b-8e38-1858412758e6@group-D0772473F178 replies to ELECTION vote request: 13b42a2e-e9c9-4ea7-85e1-9ff027944fc9<-74164fff-0da3-452b-8e38-1858412758e6#0:FAIL-t1. Peer's state: 74164fff-0da3-452b-8e38-1858412758e6@group-D0772473F178:t1, leader=null, voted=null, raftlog=74164fff-0da3-452b-8e38-1858412758e6@group-D0772473F178-SegmentedRaftLog:OPENED:c-1, conf=-1: [13b42a2e-e9c9-4ea7-85e1-9ff027944fc9|rpc:10.1.0.18:43047|dataStream:|priority:0, 8a233994-06fc-4896-836d-f0eef08dbba3|rpc:10.1.0.18:40213|dataStream:|priority:0, 74164fff-0da3-452b-8e38-1858412758e6|rpc:10.1.0.18:39183|dataStream:|priority:1], old=null
2022-05-26 01:46:35,776 [13b42a2e-e9c9-4ea7-85e1-9ff027944fc9@group-D0772473F178-LeaderElection71] INFO  impl.LeaderElection (LeaderElection.java:logAndReturn(90)) - 13b42a2e-e9c9-4ea7-85e1-9ff027944fc9@group-D0772473F178-LeaderElection71: ELECTION REJECTED received 2 response(s) and 0 exception(s):
2022-05-26 01:46:35,776 [13b42a2e-e9c9-4ea7-85e1-9ff027944fc9@group-D0772473F178-LeaderElection71] INFO  impl.LeaderElection (LeaderElection.java:logAndReturn(94)) -   Response 0: 13b42a2e-e9c9-4ea7-85e1-9ff027944fc9<-8a233994-06fc-4896-836d-f0eef08dbba3#0:OK-t1
2022-05-26 01:46:35,776 [13b42a2e-e9c9-4ea7-85e1-9ff027944fc9@group-D0772473F178-LeaderElection71] INFO  impl.LeaderElection (LeaderElection.java:logAndReturn(94)) -   Response 1: 13b42a2e-e9c9-4ea7-85e1-9ff027944fc9<-74164fff-0da3-452b-8e38-1858412758e6#0:FAIL-t1
2022-05-26 01:46:35,776 [13b42a2e-e9c9-4ea7-85e1-9ff027944fc9@group-D0772473F178-LeaderElection71] INFO  impl.LeaderElection (LeaderElection.java:askForVotes(312)) - 13b42a2e-e9c9-4ea7-85e1-9ff027944fc9@group-D0772473F178-LeaderElection71 ELECTION round 0: result REJECTED
2022-05-26 01:46:35,776 [13b42a2e-e9c9-4ea7-85e1-9ff027944fc9@group-D0772473F178-LeaderElection71] INFO  server.RaftServer$Division (RaftServerImpl.java:setRole(299)) - 13b42a2e-e9c9-4ea7-85e1-9ff027944fc9@group-D0772473F178: changes role from CANDIDATE to FOLLOWER at term 1 for REJECTED
2022-05-26 01:46:35,776 [13b42a2e-e9c9-4ea7-85e1-9ff027944fc9@group-D0772473F178-LeaderElection71] INFO  impl.RoleInfo (RoleInfo.java:shutdownLeaderElection(130)) - 13b42a2e-e9c9-4ea7-85e1-9ff027944fc9: shutdown 13b42a2e-e9c9-4ea7-85e1-9ff027944fc9@group-D0772473F178-LeaderElection71
2022-05-26 01:46:35,777 [13b42a2e-e9c9-4ea7-85e1-9ff027944fc9@group-D0772473F178-LeaderElection71] INFO  impl.RoleInfo (RoleInfo.java:updateAndGet(139)) - 13b42a2e-e9c9-4ea7-85e1-9ff027944fc9: start 13b42a2e-e9c9-4ea7-85e1-9ff027944fc9@group-D0772473F178-FollowerState
2022-05-26 01:46:35,935 [8a233994-06fc-4896-836d-f0eef08dbba3@group-7EB1D91EEE50-FollowerState] INFO  impl.FollowerState (FollowerState.java:run(143)) - 8a233994-06fc-4896-836d-f0eef08dbba3@group-7EB1D91EEE50-FollowerState: change to CANDIDATE, lastRpcElapsedTime:5204806921ns, electionTimeout:5200ms
2022-05-26 01:46:35,936 [8a233994-06fc-4896-836d-f0eef08dbba3@group-7EB1D91EEE50-FollowerState] INFO  impl.RoleInfo (RoleInfo.java:shutdownFollowerState(110)) - 8a233994-06fc-4896-836d-f0eef08dbba3: shutdown 8a233994-06fc-4896-836d-f0eef08dbba3@group-7EB1D91EEE50-FollowerState
2022-05-26 01:46:35,936 [8a233994-06fc-4896-836d-f0eef08dbba3@group-7EB1D91EEE50-FollowerState] INFO  server.RaftServer$Division (RaftServerImpl.java:setRole(299)) - 8a233994-06fc-4896-836d-f0eef08dbba3@group-7EB1D91EEE50: changes role from  FOLLOWER to CANDIDATE at term 0 for changeToCandidate
2022-05-26 01:46:35,936 [8a233994-06fc-4896-836d-f0eef08dbba3@group-7EB1D91EEE50-FollowerState] INFO  server.RaftServerConfigKeys (ConfUtils.java:logGet(46)) - raft.server.leaderelection.pre-vote = false (custom)
2022-05-26 01:46:35,936 [8a233994-06fc-4896-836d-f0eef08dbba3@group-7EB1D91EEE50-FollowerState] INFO  impl.RoleInfo (RoleInfo.java:updateAndGet(139)) - 8a233994-06fc-4896-836d-f0eef08dbba3: start 8a233994-06fc-4896-836d-f0eef08dbba3@group-7EB1D91EEE50-LeaderElection73
2022-05-26 01:46:35,988 [8a233994-06fc-4896-836d-f0eef08dbba3@group-7EB1D91EEE50-LeaderElection73] INFO  impl.LeaderElection (LeaderElection.java:askForVotes(310)) - 8a233994-06fc-4896-836d-f0eef08dbba3@group-7EB1D91EEE50-LeaderElection73 ELECTION round 0: submit vote requests at term 1 for -1: [8a233994-06fc-4896-836d-f0eef08dbba3|rpc:10.1.0.18:40213|priority:1], old=null
2022-05-26 01:46:35,988 [8a233994-06fc-4896-836d-f0eef08dbba3@group-7EB1D91EEE50-LeaderElection73] INFO  impl.LeaderElection (LeaderElection.java:askForVotes(312)) - 8a233994-06fc-4896-836d-f0eef08dbba3@group-7EB1D91EEE50-LeaderElection73 ELECTION round 0: result PASSED (term=1)
2022-05-26 01:46:35,988 [8a233994-06fc-4896-836d-f0eef08dbba3@group-7EB1D91EEE50-LeaderElection73] INFO  impl.RoleInfo (RoleInfo.java:shutdownLeaderElection(130)) - 8a233994-06fc-4896-836d-f0eef08dbba3: shutdown 8a233994-06fc-4896-836d-f0eef08dbba3@group-7EB1D91EEE50-LeaderElection73
2022-05-26 01:46:35,988 [8a233994-06fc-4896-836d-f0eef08dbba3@group-7EB1D91EEE50-LeaderElection73] INFO  server.RaftServer$Division (RaftServerImpl.java:setRole(299)) - 8a233994-06fc-4896-836d-f0eef08dbba3@group-7EB1D91EEE50: changes role from CANDIDATE to LEADER at term 1 for changeToLeader
2022-05-26 01:46:35,988 [8a233994-06fc-4896-836d-f0eef08dbba3@group-7EB1D91EEE50-LeaderElection73] INFO  ratis.XceiverServerRatis (XceiverServerRatis.java:handleLeaderChangedNotification(863)) - Leader change notification received for group: group-7EB1D91EEE50 with new leaderId: 8a233994-06fc-4896-836d-f0eef08dbba3
2022-05-26 01:46:35,989 [8a233994-06fc-4896-836d-f0eef08dbba3@group-7EB1D91EEE50-LeaderElection73] INFO  server.RaftServer$Division (ServerState.java:setLeader(287)) - 8a233994-06fc-4896-836d-f0eef08dbba3@group-7EB1D91EEE50: change Leader from null to 8a233994-06fc-4896-836d-f0eef08dbba3 at term 1 for becomeLeader, leader elected after 5292ms
2022-05-26 01:46:35,989 [8a233994-06fc-4896-836d-f0eef08dbba3@group-7EB1D91EEE50-LeaderElection73] INFO  server.RaftServerConfigKeys (ConfUtils.java:logGet(46)) - raft.server.staging.catchup.gap = 1000 (default)
2022-05-26 01:46:35,989 [8a233994-06fc-4896-836d-f0eef08dbba3@group-7EB1D91EEE50-LeaderElection73] INFO  server.RaftServerConfigKeys (ConfUtils.java:logGet(46)) - raft.server.write.element-limit = 1024 (custom)
2022-05-26 01:46:35,989 [8a233994-06fc-4896-836d-f0eef08dbba3@group-7EB1D91EEE50-LeaderElection73] INFO  server.RaftServerConfigKeys (ConfUtils.java:logGet(46)) - raft.server.write.byte-limit = 1024 M (=1073741824) (custom)
2022-05-26 01:46:35,990 [EventQueue-OpenPipelineForHealthyPipelineSafeModeRule] INFO  safemode.SCMSafeModeManager (HealthyPipelineSafeModeRule.java:process(124)) - SCM in safe mode. Healthy pipelines reported count is 0, required healthy pipeline reported count is 1
2022-05-26 01:46:35,992 [8a233994-06fc-4896-836d-f0eef08dbba3@group-7EB1D91EEE50-LeaderElection73] INFO  server.RaftServerConfigKeys (ConfUtils.java:logGet(46)) - raft.server.watch.timeout = 180s (custom)
2022-05-26 01:46:35,992 [8a233994-06fc-4896-836d-f0eef08dbba3@group-7EB1D91EEE50-LeaderElection73] INFO  server.RaftServerConfigKeys (ConfUtils.java:logGet(46)) - raft.server.watch.timeout.denomination = 1s (default)
2022-05-26 01:46:35,992 [8a233994-06fc-4896-836d-f0eef08dbba3@group-7EB1D91EEE50-LeaderElection73] INFO  server.RaftServerConfigKeys (ConfUtils.java:logGet(46)) - raft.server.watch.element-limit = 65536 (default)
2022-05-26 01:46:35,992 [8a233994-06fc-4896-836d-f0eef08dbba3@group-7EB1D91EEE50-LeaderElection73] INFO  server.RaftServerConfigKeys (ConfUtils.java:logGet(46)) - raft.server.write.element-limit = 1024 (custom)
2022-05-26 01:46:35,992 [8a233994-06fc-4896-836d-f0eef08dbba3@group-7EB1D91EEE50-LeaderElection73] INFO  server.RaftServerConfigKeys (ConfUtils.java:logGet(46)) - raft.server.write.follower.gap.ratio.max = -1.0 (default)
2022-05-26 01:46:35,992 [8a233994-06fc-4896-836d-f0eef08dbba3@group-7EB1D91EEE50-LeaderElection73] INFO  impl.RoleInfo (RoleInfo.java:updateAndGet(139)) - 8a233994-06fc-4896-836d-f0eef08dbba3: start 8a233994-06fc-4896-836d-f0eef08dbba3@group-7EB1D91EEE50-LeaderStateImpl
2022-05-26 01:46:35,993 [8a233994-06fc-4896-836d-f0eef08dbba3@group-7EB1D91EEE50-LeaderElection73] INFO  segmented.SegmentedRaftLogWorker (SegmentedRaftLogWorker.java:startLogSegment(425)) - 8a233994-06fc-4896-836d-f0eef08dbba3@group-7EB1D91EEE50-SegmentedRaftLogWorker: Starting segment from index:0
2022-05-26 01:46:35,997 [8a233994-06fc-4896-836d-f0eef08dbba3@group-7EB1D91EEE50-LeaderElection73] INFO  server.RaftServer$Division (ServerState.java:setRaftConf(393)) - 8a233994-06fc-4896-836d-f0eef08dbba3@group-7EB1D91EEE50: set configuration 0: [8a233994-06fc-4896-836d-f0eef08dbba3|rpc:10.1.0.18:40213|dataStream:|priority:1], old=null
2022-05-26 01:46:36,028 [Listener at 127.0.0.1/39025] INFO  ozone.MiniOzoneClusterImpl (MiniOzoneClusterImpl.java:lambda$waitForClusterToBeReady$0(221)) - Nodes are ready. Got 3 of 3 DN Heartbeats.
2022-05-26 01:46:36,028 [Listener at 127.0.0.1/39025] INFO  ozone.MiniOzoneClusterImpl (MiniOzoneClusterImpl.java:lambda$waitForClusterToBeReady$0(224)) - Waiting for cluster to exit safe mode
2022-05-26 01:46:36,028 [Listener at 127.0.0.1/39025] INFO  ozone.MiniOzoneClusterImpl (MiniOzoneClusterImpl.java:lambda$waitForClusterToBeReady$0(226)) - SCM became leader
2022-05-26 01:46:36,040 [8a233994-06fc-4896-836d-f0eef08dbba3@group-7EB1D91EEE50-SegmentedRaftLogWorker] INFO  segmented.SegmentedRaftLogWorker (SegmentedRaftLogWorker.java:execute(629)) - 8a233994-06fc-4896-836d-f0eef08dbba3@group-7EB1D91EEE50-SegmentedRaftLogWorker: created new log segment /home/runner/work/ozone/ozone/hadoop-ozone/integration-test/target/test-dir/MiniOzoneClusterImpl-6102e5ce-5215-4002-8b5c-988ca6cc3a5c/datanode-1/data/ratis/091f67ce-c766-447c-8c5f-7eb1d91eee50/current/log_inprogress_0
2022-05-26 01:46:37,028 [Listener at 127.0.0.1/39025] INFO  ozone.MiniOzoneClusterImpl (MiniOzoneClusterImpl.java:lambda$waitForClusterToBeReady$0(221)) - Nodes are ready. Got 3 of 3 DN Heartbeats.
2022-05-26 01:46:37,028 [Listener at 127.0.0.1/39025] INFO  ozone.MiniOzoneClusterImpl (MiniOzoneClusterImpl.java:lambda$waitForClusterToBeReady$0(224)) - Waiting for cluster to exit safe mode
2022-05-26 01:46:37,028 [Listener at 127.0.0.1/39025] INFO  ozone.MiniOzoneClusterImpl (MiniOzoneClusterImpl.java:lambda$waitForClusterToBeReady$0(226)) - SCM became leader
2022-05-26 01:46:37,168 [74164fff-0da3-452b-8e38-1858412758e6@group-3BE03801CC0F-FollowerState] INFO  impl.FollowerState (FollowerState.java:run(143)) - 74164fff-0da3-452b-8e38-1858412758e6@group-3BE03801CC0F-FollowerState: change to CANDIDATE, lastRpcElapsedTime:5093951444ns, electionTimeout:5040ms
2022-05-26 01:46:37,168 [74164fff-0da3-452b-8e38-1858412758e6@group-3BE03801CC0F-FollowerState] INFO  impl.RoleInfo (RoleInfo.java:shutdownFollowerState(110)) - 74164fff-0da3-452b-8e38-1858412758e6: shutdown 74164fff-0da3-452b-8e38-1858412758e6@group-3BE03801CC0F-FollowerState
2022-05-26 01:46:37,168 [74164fff-0da3-452b-8e38-1858412758e6@group-3BE03801CC0F-FollowerState] INFO  server.RaftServer$Division (RaftServerImpl.java:setRole(299)) - 74164fff-0da3-452b-8e38-1858412758e6@group-3BE03801CC0F: changes role from  FOLLOWER to CANDIDATE at term 0 for changeToCandidate
2022-05-26 01:46:37,168 [74164fff-0da3-452b-8e38-1858412758e6@group-3BE03801CC0F-FollowerState] INFO  server.RaftServerConfigKeys (ConfUtils.java:logGet(46)) - raft.server.leaderelection.pre-vote = false (custom)
2022-05-26 01:46:37,168 [74164fff-0da3-452b-8e38-1858412758e6@group-3BE03801CC0F-FollowerState] INFO  impl.RoleInfo (RoleInfo.java:updateAndGet(139)) - 74164fff-0da3-452b-8e38-1858412758e6: start 74164fff-0da3-452b-8e38-1858412758e6@group-3BE03801CC0F-LeaderElection74
2022-05-26 01:46:37,250 [74164fff-0da3-452b-8e38-1858412758e6@group-3BE03801CC0F-LeaderElection74] INFO  impl.LeaderElection (LeaderElection.java:askForVotes(310)) - 74164fff-0da3-452b-8e38-1858412758e6@group-3BE03801CC0F-LeaderElection74 ELECTION round 0: submit vote requests at term 1 for -1: [74164fff-0da3-452b-8e38-1858412758e6|rpc:10.1.0.18:39183|priority:1], old=null
2022-05-26 01:46:37,250 [74164fff-0da3-452b-8e38-1858412758e6@group-3BE03801CC0F-LeaderElection74] INFO  impl.LeaderElection (LeaderElection.java:askForVotes(312)) - 74164fff-0da3-452b-8e38-1858412758e6@group-3BE03801CC0F-LeaderElection74 ELECTION round 0: result PASSED (term=1)
2022-05-26 01:46:37,250 [74164fff-0da3-452b-8e38-1858412758e6@group-3BE03801CC0F-LeaderElection74] INFO  impl.RoleInfo (RoleInfo.java:shutdownLeaderElection(130)) - 74164fff-0da3-452b-8e38-1858412758e6: shutdown 74164fff-0da3-452b-8e38-1858412758e6@group-3BE03801CC0F-LeaderElection74
2022-05-26 01:46:37,250 [74164fff-0da3-452b-8e38-1858412758e6@group-3BE03801CC0F-LeaderElection74] INFO  server.RaftServer$Division (RaftServerImpl.java:setRole(299)) - 74164fff-0da3-452b-8e38-1858412758e6@group-3BE03801CC0F: changes role from CANDIDATE to LEADER at term 1 for changeToLeader
2022-05-26 01:46:37,250 [74164fff-0da3-452b-8e38-1858412758e6@group-3BE03801CC0F-LeaderElection74] INFO  ratis.XceiverServerRatis (XceiverServerRatis.java:handleLeaderChangedNotification(863)) - Leader change notification received for group: group-3BE03801CC0F with new leaderId: 74164fff-0da3-452b-8e38-1858412758e6
2022-05-26 01:46:37,251 [74164fff-0da3-452b-8e38-1858412758e6@group-3BE03801CC0F-LeaderElection74] INFO  server.RaftServer$Division (ServerState.java:setLeader(287)) - 74164fff-0da3-452b-8e38-1858412758e6@group-3BE03801CC0F: change Leader from null to 74164fff-0da3-452b-8e38-1858412758e6 at term 1 for becomeLeader, leader elected after 5192ms
2022-05-26 01:46:37,251 [74164fff-0da3-452b-8e38-1858412758e6@group-3BE03801CC0F-LeaderElection74] INFO  server.RaftServerConfigKeys (ConfUtils.java:logGet(46)) - raft.server.staging.catchup.gap = 1000 (default)
2022-05-26 01:46:37,251 [74164fff-0da3-452b-8e38-1858412758e6@group-3BE03801CC0F-LeaderElection74] INFO  server.RaftServerConfigKeys (ConfUtils.java:logGet(46)) - raft.server.write.element-limit = 1024 (custom)
2022-05-26 01:46:37,251 [74164fff-0da3-452b-8e38-1858412758e6@group-3BE03801CC0F-LeaderElection74] INFO  server.RaftServerConfigKeys (ConfUtils.java:logGet(46)) - raft.server.write.byte-limit = 1024 M (=1073741824) (custom)
2022-05-26 01:46:37,251 [EventQueue-OpenPipelineForHealthyPipelineSafeModeRule] INFO  safemode.SCMSafeModeManager (HealthyPipelineSafeModeRule.java:process(124)) - SCM in safe mode. Healthy pipelines reported count is 0, required healthy pipeline reported count is 1
2022-05-26 01:46:37,252 [74164fff-0da3-452b-8e38-1858412758e6@group-3BE03801CC0F-LeaderElection74] INFO  server.RaftServerConfigKeys (ConfUtils.java:logGet(46)) - raft.server.watch.timeout = 180s (custom)
2022-05-26 01:46:37,252 [74164fff-0da3-452b-8e38-1858412758e6@group-3BE03801CC0F-LeaderElection74] INFO  server.RaftServerConfigKeys (ConfUtils.java:logGet(46)) - raft.server.watch.timeout.denomination = 1s (default)
2022-05-26 01:46:37,252 [74164fff-0da3-452b-8e38-1858412758e6@group-3BE03801CC0F-LeaderElection74] INFO  server.RaftServerConfigKeys (ConfUtils.java:logGet(46)) - raft.server.watch.element-limit = 65536 (default)
2022-05-26 01:46:37,252 [74164fff-0da3-452b-8e38-1858412758e6@group-3BE03801CC0F-LeaderElection74] INFO  server.RaftServerConfigKeys (ConfUtils.java:logGet(46)) - raft.server.write.element-limit = 1024 (custom)
2022-05-26 01:46:37,252 [74164fff-0da3-452b-8e38-1858412758e6@group-3BE03801CC0F-LeaderElection74] INFO  server.RaftServerConfigKeys (ConfUtils.java:logGet(46)) - raft.server.write.follower.gap.ratio.max = -1.0 (default)
2022-05-26 01:46:37,252 [74164fff-0da3-452b-8e38-1858412758e6@group-3BE03801CC0F-LeaderElection74] INFO  impl.RoleInfo (RoleInfo.java:updateAndGet(139)) - 74164fff-0da3-452b-8e38-1858412758e6: start 74164fff-0da3-452b-8e38-1858412758e6@group-3BE03801CC0F-LeaderStateImpl
2022-05-26 01:46:37,253 [74164fff-0da3-452b-8e38-1858412758e6@group-3BE03801CC0F-LeaderElection74] INFO  segmented.SegmentedRaftLogWorker (SegmentedRaftLogWorker.java:startLogSegment(425)) - 74164fff-0da3-452b-8e38-1858412758e6@group-3BE03801CC0F-SegmentedRaftLogWorker: Starting segment from index:0
2022-05-26 01:46:37,254 [74164fff-0da3-452b-8e38-1858412758e6@group-3BE03801CC0F-SegmentedRaftLogWorker] INFO  segmented.SegmentedRaftLogWorker (SegmentedRaftLogWorker.java:execute(629)) - 74164fff-0da3-452b-8e38-1858412758e6@group-3BE03801CC0F-SegmentedRaftLogWorker: created new log segment /home/runner/work/ozone/ozone/hadoop-ozone/integration-test/target/test-dir/MiniOzoneClusterImpl-6102e5ce-5215-4002-8b5c-988ca6cc3a5c/datanode-2/data/ratis/deb83095-5ffe-4b03-904a-3be03801cc0f/current/log_inprogress_0
2022-05-26 01:46:37,270 [74164fff-0da3-452b-8e38-1858412758e6@group-3BE03801CC0F-LeaderElection74] INFO  server.RaftServer$Division (ServerState.java:setRaftConf(393)) - 74164fff-0da3-452b-8e38-1858412758e6@group-3BE03801CC0F: set configuration 0: [74164fff-0da3-452b-8e38-1858412758e6|rpc:10.1.0.18:39183|dataStream:|priority:1], old=null
2022-05-26 01:46:38,029 [Listener at 127.0.0.1/39025] INFO  ozone.MiniOzoneClusterImpl (MiniOzoneClusterImpl.java:lambda$waitForClusterToBeReady$0(221)) - Nodes are ready. Got 3 of 3 DN Heartbeats.
2022-05-26 01:46:38,029 [Listener at 127.0.0.1/39025] INFO  ozone.MiniOzoneClusterImpl (MiniOzoneClusterImpl.java:lambda$waitForClusterToBeReady$0(224)) - Waiting for cluster to exit safe mode
2022-05-26 01:46:38,029 [Listener at 127.0.0.1/39025] INFO  ozone.MiniOzoneClusterImpl (MiniOzoneClusterImpl.java:lambda$waitForClusterToBeReady$0(226)) - SCM became leader
2022-05-26 01:46:39,029 [Listener at 127.0.0.1/39025] INFO  ozone.MiniOzoneClusterImpl (MiniOzoneClusterImpl.java:lambda$waitForClusterToBeReady$0(221)) - Nodes are ready. Got 3 of 3 DN Heartbeats.
2022-05-26 01:46:39,029 [Listener at 127.0.0.1/39025] INFO  ozone.MiniOzoneClusterImpl (MiniOzoneClusterImpl.java:lambda$waitForClusterToBeReady$0(224)) - Waiting for cluster to exit safe mode
2022-05-26 01:46:39,029 [Listener at 127.0.0.1/39025] INFO  ozone.MiniOzoneClusterImpl (MiniOzoneClusterImpl.java:lambda$waitForClusterToBeReady$0(226)) - SCM became leader
2022-05-26 01:46:40,030 [Listener at 127.0.0.1/39025] INFO  ozone.MiniOzoneClusterImpl (MiniOzoneClusterImpl.java:lambda$waitForClusterToBeReady$0(221)) - Nodes are ready. Got 3 of 3 DN Heartbeats.
2022-05-26 01:46:40,030 [Listener at 127.0.0.1/39025] INFO  ozone.MiniOzoneClusterImpl (MiniOzoneClusterImpl.java:lambda$waitForClusterToBeReady$0(224)) - Waiting for cluster to exit safe mode
2022-05-26 01:46:40,030 [Listener at 127.0.0.1/39025] INFO  ozone.MiniOzoneClusterImpl (MiniOzoneClusterImpl.java:lambda$waitForClusterToBeReady$0(226)) - SCM became leader
2022-05-26 01:46:40,054 [8a233994-06fc-4896-836d-f0eef08dbba3@group-33809F806F51-FollowerState] INFO  impl.FollowerState (FollowerState.java:run(143)) - 8a233994-06fc-4896-836d-f0eef08dbba3@group-33809F806F51-FollowerState: change to CANDIDATE, lastRpcElapsedTime:5142106008ns, electionTimeout:5114ms
2022-05-26 01:46:40,054 [8a233994-06fc-4896-836d-f0eef08dbba3@group-33809F806F51-FollowerState] INFO  impl.RoleInfo (RoleInfo.java:shutdownFollowerState(110)) - 8a233994-06fc-4896-836d-f0eef08dbba3: shutdown 8a233994-06fc-4896-836d-f0eef08dbba3@group-33809F806F51-FollowerState
2022-05-26 01:46:40,054 [8a233994-06fc-4896-836d-f0eef08dbba3@group-33809F806F51-FollowerState] INFO  server.RaftServer$Division (RaftServerImpl.java:setRole(299)) - 8a233994-06fc-4896-836d-f0eef08dbba3@group-33809F806F51: changes role from  FOLLOWER to CANDIDATE at term 1 for changeToCandidate
2022-05-26 01:46:40,054 [8a233994-06fc-4896-836d-f0eef08dbba3@group-33809F806F51-FollowerState] INFO  server.RaftServerConfigKeys (ConfUtils.java:logGet(46)) - raft.server.leaderelection.pre-vote = false (custom)
2022-05-26 01:46:40,054 [8a233994-06fc-4896-836d-f0eef08dbba3@group-33809F806F51-FollowerState] INFO  impl.RoleInfo (RoleInfo.java:updateAndGet(139)) - 8a233994-06fc-4896-836d-f0eef08dbba3: start 8a233994-06fc-4896-836d-f0eef08dbba3@group-33809F806F51-LeaderElection75
2022-05-26 01:46:40,089 [8a233994-06fc-4896-836d-f0eef08dbba3@group-33809F806F51-LeaderElection75] INFO  impl.LeaderElection (LeaderElection.java:askForVotes(310)) - 8a233994-06fc-4896-836d-f0eef08dbba3@group-33809F806F51-LeaderElection75 ELECTION round 0: submit vote requests at term 2 for -1: [13b42a2e-e9c9-4ea7-85e1-9ff027944fc9|rpc:10.1.0.18:43047|dataStream:|priority:0, 8a233994-06fc-4896-836d-f0eef08dbba3|rpc:10.1.0.18:40213|dataStream:|priority:1, 74164fff-0da3-452b-8e38-1858412758e6|rpc:10.1.0.18:39183|dataStream:|priority:0], old=null
2022-05-26 01:46:40,128 [grpc-default-executor-0] INFO  server.RaftServer$Division (RaftServerImpl.java:requestVote(1152)) - 74164fff-0da3-452b-8e38-1858412758e6@group-33809F806F51: receive requestVote(ELECTION, 8a233994-06fc-4896-836d-f0eef08dbba3, group-33809F806F51, 2, (t:0, i:0))
2022-05-26 01:46:40,147 [grpc-default-executor-0] INFO  impl.VoteContext (VoteContext.java:log(48)) - 74164fff-0da3-452b-8e38-1858412758e6@group-33809F806F51-FOLLOWER: accept ELECTION from 8a233994-06fc-4896-836d-f0eef08dbba3: our priority 0 <= candidate's priority 1
2022-05-26 01:46:40,147 [grpc-default-executor-1] INFO  server.RaftServer$Division (RaftServerImpl.java:requestVote(1152)) - 13b42a2e-e9c9-4ea7-85e1-9ff027944fc9@group-33809F806F51: receive requestVote(ELECTION, 8a233994-06fc-4896-836d-f0eef08dbba3, group-33809F806F51, 2, (t:0, i:0))
2022-05-26 01:46:40,147 [grpc-default-executor-0] INFO  server.RaftServer$Division (RaftServerImpl.java:setRole(299)) - 74164fff-0da3-452b-8e38-1858412758e6@group-33809F806F51: changes role from  FOLLOWER to FOLLOWER at term 2 for candidate:8a233994-06fc-4896-836d-f0eef08dbba3
2022-05-26 01:46:40,148 [grpc-default-executor-0] INFO  impl.RoleInfo (RoleInfo.java:shutdownFollowerState(110)) - 74164fff-0da3-452b-8e38-1858412758e6: shutdown 74164fff-0da3-452b-8e38-1858412758e6@group-33809F806F51-FollowerState
2022-05-26 01:46:40,148 [grpc-default-executor-0] INFO  impl.RoleInfo (RoleInfo.java:updateAndGet(139)) - 74164fff-0da3-452b-8e38-1858412758e6: start 74164fff-0da3-452b-8e38-1858412758e6@group-33809F806F51-FollowerState
2022-05-26 01:46:40,148 [74164fff-0da3-452b-8e38-1858412758e6@group-33809F806F51-FollowerState] INFO  impl.FollowerState (FollowerState.java:run(152)) - 74164fff-0da3-452b-8e38-1858412758e6@group-33809F806F51-FollowerState was interrupted
2022-05-26 01:46:40,147 [grpc-default-executor-1] INFO  impl.VoteContext (VoteContext.java:log(48)) - 13b42a2e-e9c9-4ea7-85e1-9ff027944fc9@group-33809F806F51-FOLLOWER: accept ELECTION from 8a233994-06fc-4896-836d-f0eef08dbba3: our priority 0 <= candidate's priority 1
2022-05-26 01:46:40,148 [grpc-default-executor-1] INFO  server.RaftServer$Division (RaftServerImpl.java:setRole(299)) - 13b42a2e-e9c9-4ea7-85e1-9ff027944fc9@group-33809F806F51: changes role from  FOLLOWER to FOLLOWER at term 2 for candidate:8a233994-06fc-4896-836d-f0eef08dbba3
2022-05-26 01:46:40,148 [grpc-default-executor-1] INFO  impl.RoleInfo (RoleInfo.java:shutdownFollowerState(110)) - 13b42a2e-e9c9-4ea7-85e1-9ff027944fc9: shutdown 13b42a2e-e9c9-4ea7-85e1-9ff027944fc9@group-33809F806F51-FollowerState
2022-05-26 01:46:40,152 [13b42a2e-e9c9-4ea7-85e1-9ff027944fc9@group-33809F806F51-FollowerState] INFO  impl.FollowerState (FollowerState.java:shouldRun(117)) - 13b42a2e-e9c9-4ea7-85e1-9ff027944fc9@group-33809F806F51-FollowerState: Stopping now (isRunning? false, role = FOLLOWER)
2022-05-26 01:46:40,165 [grpc-default-executor-0] INFO  server.RaftServer$Division (RaftServerImpl.java:requestVote(1184)) - 74164fff-0da3-452b-8e38-1858412758e6@group-33809F806F51 replies to ELECTION vote request: 8a233994-06fc-4896-836d-f0eef08dbba3<-74164fff-0da3-452b-8e38-1858412758e6#0:OK-t2. Peer's state: 74164fff-0da3-452b-8e38-1858412758e6@group-33809F806F51:t2, leader=null, voted=8a233994-06fc-4896-836d-f0eef08dbba3, raftlog=74164fff-0da3-452b-8e38-1858412758e6@group-33809F806F51-SegmentedRaftLog:OPENED:c-1, conf=-1: [13b42a2e-e9c9-4ea7-85e1-9ff027944fc9|rpc:10.1.0.18:43047|dataStream:|priority:0, 8a233994-06fc-4896-836d-f0eef08dbba3|rpc:10.1.0.18:40213|dataStream:|priority:1, 74164fff-0da3-452b-8e38-1858412758e6|rpc:10.1.0.18:39183|dataStream:|priority:0], old=null
2022-05-26 01:46:40,171 [8a233994-06fc-4896-836d-f0eef08dbba3@group-33809F806F51-LeaderElection75] INFO  impl.LeaderElection (LeaderElection.java:logAndReturn(90)) - 8a233994-06fc-4896-836d-f0eef08dbba3@group-33809F806F51-LeaderElection75: ELECTION PASSED received 1 response(s) and 0 exception(s):
2022-05-26 01:46:40,171 [8a233994-06fc-4896-836d-f0eef08dbba3@group-33809F806F51-LeaderElection75] INFO  impl.LeaderElection (LeaderElection.java:logAndReturn(94)) -   Response 0: 8a233994-06fc-4896-836d-f0eef08dbba3<-74164fff-0da3-452b-8e38-1858412758e6#0:OK-t2
2022-05-26 01:46:40,171 [8a233994-06fc-4896-836d-f0eef08dbba3@group-33809F806F51-LeaderElection75] INFO  impl.LeaderElection (LeaderElection.java:askForVotes(312)) - 8a233994-06fc-4896-836d-f0eef08dbba3@group-33809F806F51-LeaderElection75 ELECTION round 0: result PASSED
2022-05-26 01:46:40,171 [8a233994-06fc-4896-836d-f0eef08dbba3@group-33809F806F51-LeaderElection75] INFO  impl.RoleInfo (RoleInfo.java:shutdownLeaderElection(130)) - 8a233994-06fc-4896-836d-f0eef08dbba3: shutdown 8a233994-06fc-4896-836d-f0eef08dbba3@group-33809F806F51-LeaderElection75
2022-05-26 01:46:40,171 [8a233994-06fc-4896-836d-f0eef08dbba3@group-33809F806F51-LeaderElection75] INFO  server.RaftServer$Division (RaftServerImpl.java:setRole(299)) - 8a233994-06fc-4896-836d-f0eef08dbba3@group-33809F806F51: changes role from CANDIDATE to LEADER at term 2 for changeToLeader
2022-05-26 01:46:40,171 [8a233994-06fc-4896-836d-f0eef08dbba3@group-33809F806F51-LeaderElection75] INFO  ratis.XceiverServerRatis (XceiverServerRatis.java:handleLeaderChangedNotification(863)) - Leader change notification received for group: group-33809F806F51 with new leaderId: 8a233994-06fc-4896-836d-f0eef08dbba3
2022-05-26 01:46:40,171 [8a233994-06fc-4896-836d-f0eef08dbba3@group-33809F806F51-LeaderElection75] INFO  server.RaftServer$Division (ServerState.java:setLeader(287)) - 8a233994-06fc-4896-836d-f0eef08dbba3@group-33809F806F51: change Leader from null to 8a233994-06fc-4896-836d-f0eef08dbba3 at term 2 for becomeLeader, leader elected after 10126ms
2022-05-26 01:46:40,171 [8a233994-06fc-4896-836d-f0eef08dbba3@group-33809F806F51-LeaderElection75] INFO  server.RaftServerConfigKeys (ConfUtils.java:logGet(46)) - raft.server.staging.catchup.gap = 1000 (default)
2022-05-26 01:46:40,172 [8a233994-06fc-4896-836d-f0eef08dbba3@group-33809F806F51-LeaderElection75] INFO  server.RaftServerConfigKeys (ConfUtils.java:logGet(46)) - raft.server.write.element-limit = 1024 (custom)
2022-05-26 01:46:40,172 [8a233994-06fc-4896-836d-f0eef08dbba3@group-33809F806F51-LeaderElection75] INFO  server.RaftServerConfigKeys (ConfUtils.java:logGet(46)) - raft.server.write.byte-limit = 1024 M (=1073741824) (custom)
2022-05-26 01:46:40,172 [8a233994-06fc-4896-836d-f0eef08dbba3@group-33809F806F51-LeaderElection75] INFO  server.RaftServerConfigKeys (ConfUtils.java:logGet(46)) - raft.server.watch.timeout = 180s (custom)
2022-05-26 01:46:40,172 [8a233994-06fc-4896-836d-f0eef08dbba3@group-33809F806F51-LeaderElection75] INFO  server.RaftServerConfigKeys (ConfUtils.java:logGet(46)) - raft.server.watch.timeout.denomination = 1s (default)
2022-05-26 01:46:40,172 [8a233994-06fc-4896-836d-f0eef08dbba3@group-33809F806F51-LeaderElection75] INFO  server.RaftServerConfigKeys (ConfUtils.java:logGet(46)) - raft.server.watch.element-limit = 65536 (default)
2022-05-26 01:46:40,172 [8a233994-06fc-4896-836d-f0eef08dbba3@group-33809F806F51-LeaderElection75] INFO  server.RaftServerConfigKeys (ConfUtils.java:logGet(46)) - raft.server.write.element-limit = 1024 (custom)
2022-05-26 01:46:40,172 [8a233994-06fc-4896-836d-f0eef08dbba3@group-33809F806F51-LeaderElection75] INFO  server.RaftServerConfigKeys (ConfUtils.java:logGet(46)) - raft.server.write.follower.gap.ratio.max = -1.0 (default)
2022-05-26 01:46:40,173 [8a233994-06fc-4896-836d-f0eef08dbba3@group-33809F806F51-LeaderElection75] INFO  server.RaftServerConfigKeys (ConfUtils.java:logGet(46)) - raft.server.log.appender.snapshot.chunk.size.max = 16MB (=16777216) (default)
2022-05-26 01:46:40,173 [8a233994-06fc-4896-836d-f0eef08dbba3@group-33809F806F51-LeaderElection75] INFO  server.RaftServerConfigKeys (ConfUtils.java:logGet(46)) - raft.server.log.appender.buffer.byte-limit = 33554432 (custom)
2022-05-26 01:46:40,173 [8a233994-06fc-4896-836d-f0eef08dbba3@group-33809F806F51-LeaderElection75] INFO  server.RaftServerConfigKeys (ConfUtils.java:logGet(46)) - raft.server.log.appender.buffer.element-limit = 1 (custom)
2022-05-26 01:46:40,173 [8a233994-06fc-4896-836d-f0eef08dbba3@group-33809F806F51-LeaderElection75] INFO  grpc.GrpcConfigKeys (ConfUtils.java:logGet(46)) - raft.grpc.server.leader.outstanding.appends.max = 128 (default)
2022-05-26 01:46:40,173 [8a233994-06fc-4896-836d-f0eef08dbba3@group-33809F806F51-LeaderElection75] INFO  server.RaftServerConfigKeys (ConfUtils.java:logGet(46)) - raft.server.rpc.request.timeout = 60s (custom)
2022-05-26 01:46:40,173 [8a233994-06fc-4896-836d-f0eef08dbba3@group-33809F806F51-LeaderElection75] INFO  server.RaftServerConfigKeys (ConfUtils.java:logGet(46)) - raft.server.log.appender.install.snapshot.enabled = false (custom)
2022-05-26 01:46:40,175 [8a233994-06fc-4896-836d-f0eef08dbba3@group-33809F806F51-LeaderElection75] INFO  server.RaftServerConfigKeys (ConfUtils.java:logGet(46)) - raft.server.log.appender.snapshot.chunk.size.max = 16MB (=16777216) (default)
2022-05-26 01:46:40,175 [8a233994-06fc-4896-836d-f0eef08dbba3@group-33809F806F51-LeaderElection75] INFO  server.RaftServerConfigKeys (ConfUtils.java:logGet(46)) - raft.server.log.appender.buffer.byte-limit = 33554432 (custom)
2022-05-26 01:46:40,175 [8a233994-06fc-4896-836d-f0eef08dbba3@group-33809F806F51-LeaderElection75] INFO  server.RaftServerConfigKeys (ConfUtils.java:logGet(46)) - raft.server.log.appender.buffer.element-limit = 1 (custom)
2022-05-26 01:46:40,175 [8a233994-06fc-4896-836d-f0eef08dbba3@group-33809F806F51-LeaderElection75] INFO  grpc.GrpcConfigKeys (ConfUtils.java:logGet(46)) - raft.grpc.server.leader.outstanding.appends.max = 128 (default)
2022-05-26 01:46:40,175 [8a233994-06fc-4896-836d-f0eef08dbba3@group-33809F806F51-LeaderElection75] INFO  server.RaftServerConfigKeys (ConfUtils.java:logGet(46)) - raft.server.rpc.request.timeout = 60s (custom)
2022-05-26 01:46:40,175 [8a233994-06fc-4896-836d-f0eef08dbba3@group-33809F806F51-LeaderElection75] INFO  server.RaftServerConfigKeys (ConfUtils.java:logGet(46)) - raft.server.log.appender.install.snapshot.enabled = false (custom)
2022-05-26 01:46:40,176 [EventQueue-PipelineReportForPipelineReportHandler] INFO  pipeline.PipelineManagerImpl (PipelineManagerImpl.java:openPipeline(336)) - Pipeline Pipeline[ Id: 31932152-a468-408e-b1eb-33809f806f51, Nodes: 8a233994-06fc-4896-836d-f0eef08dbba3{ip: 10.1.0.18, host: fv-az270-854.tacnzluakwdehk1hpragurqkma.bx.internal.cloudapp.net, ports: [REPLICATION=34923, RATIS=40213, RATIS_ADMIN=40213, RATIS_SERVER=40213, STANDALONE=37939], networkLocation: /default-rack, certSerialId: null, persistedOpState: IN_SERVICE, persistedOpStateExpiryEpochSec: 0}13b42a2e-e9c9-4ea7-85e1-9ff027944fc9{ip: 10.1.0.18, host: fv-az270-854.tacnzluakwdehk1hpragurqkma.bx.internal.cloudapp.net, ports: [REPLICATION=35853, RATIS=43047, RATIS_ADMIN=43047, RATIS_SERVER=43047, STANDALONE=33841], networkLocation: /default-rack, certSerialId: null, persistedOpState: IN_SERVICE, persistedOpStateExpiryEpochSec: 0}74164fff-0da3-452b-8e38-1858412758e6{ip: 10.1.0.18, host: fv-az270-854.tacnzluakwdehk1hpragurqkma.bx.internal.cloudapp.net, ports: [REPLICATION=44527, RATIS=39183, RATIS_ADMIN=39183, RATIS_SERVER=39183, STANDALONE=43501], networkLocation: /default-rack, certSerialId: null, persistedOpState: IN_SERVICE, persistedOpStateExpiryEpochSec: 0}, ReplicationConfig: RATIS/THREE, State:ALLOCATED, leaderId:8a233994-06fc-4896-836d-f0eef08dbba3, CreationTimestamp2022-05-26T01:46:29.081Z[Etc/UTC]] moved to OPEN state
2022-05-26 01:46:40,181 [grpc-default-executor-1] INFO  impl.RoleInfo (RoleInfo.java:updateAndGet(139)) - 13b42a2e-e9c9-4ea7-85e1-9ff027944fc9: start 13b42a2e-e9c9-4ea7-85e1-9ff027944fc9@group-33809F806F51-FollowerState
2022-05-26 01:46:40,176 [EventQueue-OpenPipelineForHealthyPipelineSafeModeRule] INFO  safemode.SCMSafeModeManager (HealthyPipelineSafeModeRule.java:process(124)) - SCM in safe mode. Healthy pipelines reported count is 0, required healthy pipeline reported count is 1
2022-05-26 01:46:40,176 [8a233994-06fc-4896-836d-f0eef08dbba3@group-33809F806F51-LeaderElection75] INFO  impl.RoleInfo (RoleInfo.java:updateAndGet(139)) - 8a233994-06fc-4896-836d-f0eef08dbba3: start 8a233994-06fc-4896-836d-f0eef08dbba3@group-33809F806F51-LeaderStateImpl
2022-05-26 01:46:40,219 [8a233994-06fc-4896-836d-f0eef08dbba3@group-33809F806F51-LeaderElection75] INFO  segmented.SegmentedRaftLogWorker (SegmentedRaftLogWorker.java:startLogSegment(425)) - 8a233994-06fc-4896-836d-f0eef08dbba3@group-33809F806F51-SegmentedRaftLogWorker: Starting segment from index:0
2022-05-26 01:46:40,218 [EventQueue-OpenPipelineForHealthyPipelineSafeModeRule] INFO  safemode.SCMSafeModeManager (HealthyPipelineSafeModeRule.java:process(124)) - SCM in safe mode. Healthy pipelines reported count is 1, required healthy pipeline reported count is 1
2022-05-26 01:46:40,224 [EventQueue-OpenPipelineForHealthyPipelineSafeModeRule] INFO  safemode.SCMSafeModeManager (SCMSafeModeManager.java:validateSafeModeExitRules(204)) - HealthyPipelineSafeModeRule rule is successfully validated
2022-05-26 01:46:40,224 [EventQueue-OpenPipelineForHealthyPipelineSafeModeRule] INFO  safemode.SCMSafeModeManager (SCMSafeModeManager.java:validateSafeModeExitRules(219)) - ScmSafeModeManager, all rules are successfully validated
2022-05-26 01:46:40,205 [grpc-default-executor-1] INFO  server.RaftServer$Division (RaftServerImpl.java:requestVote(1184)) - 13b42a2e-e9c9-4ea7-85e1-9ff027944fc9@group-33809F806F51 replies to ELECTION vote request: 8a233994-06fc-4896-836d-f0eef08dbba3<-13b42a2e-e9c9-4ea7-85e1-9ff027944fc9#0:OK-t2. Peer's state: 13b42a2e-e9c9-4ea7-85e1-9ff027944fc9@group-33809F806F51:t2, leader=null, voted=8a233994-06fc-4896-836d-f0eef08dbba3, raftlog=13b42a2e-e9c9-4ea7-85e1-9ff027944fc9@group-33809F806F51-SegmentedRaftLog:OPENED:c-1, conf=-1: [13b42a2e-e9c9-4ea7-85e1-9ff027944fc9|rpc:10.1.0.18:43047|priority:0, 8a233994-06fc-4896-836d-f0eef08dbba3|rpc:10.1.0.18:40213|priority:1, 74164fff-0da3-452b-8e38-1858412758e6|rpc:10.1.0.18:39183|priority:0], old=null
2022-05-26 01:46:40,224 [EventQueue-OpenPipelineForHealthyPipelineSafeModeRule] INFO  safemode.SCMSafeModeManager (SCMSafeModeManager.java:exitSafeMode(248)) - SCM exiting safe mode.
2022-05-26 01:46:40,224 [EventQueue-OpenPipelineForHealthyPipelineSafeModeRule] WARN  events.EventQueue (EventQueue.java:fireEvent(194)) - No event handler registered for event TypedEvent{payloadType=SafeModeStatus, name='Safe mode status'}
2022-05-26 01:46:40,224 [EventQueue-OpenPipelineForHealthyPipelineSafeModeRule] INFO  ha.SCMContext (SCMContext.java:updateSafeModeStatus(211)) - Update SafeModeStatus from SafeModeStatus{safeModeStatus=true, preCheckPassed=true} to SafeModeStatus{safeModeStatus=false, preCheckPassed=true}.
2022-05-26 01:46:40,224 [EventQueue-OpenPipelineForHealthyPipelineSafeModeRule] INFO  pipeline.BackgroundPipelineCreator (BackgroundPipelineCreator.java:notifyStatusChanged(251)) - Service BackgroundPipelineCreator transitions to RUNNING.
2022-05-26 01:46:40,224 [EventQueue-OpenPipelineForHealthyPipelineSafeModeRule] INFO  pipeline.BackgroundPipelineScrubber (BackgroundPipelineScrubber.java:notifyStatusChanged(88)) - Service BackgroundPipelineScrubber transitions to RUNNING.
2022-05-26 01:46:40,224 [EventQueue-OpenPipelineForHealthyPipelineSafeModeRule] INFO  ExpiredContainerReplicaOpScrubber (BackgroundSCMService.java:notifyStatusChanged(82)) - Service ExpiredContainerReplicaOpScrubber transitions to RUNNING.
2022-05-26 01:46:40,224 [EventQueue-OpenPipelineForHealthyPipelineSafeModeRule] INFO  replication.ReplicationManager (ReplicationManager.java:notifyStatusChanged(372)) - Service ReplicationManager transitions to RUNNING.
2022-05-26 01:46:40,225 [8a233994-06fc-4896-836d-f0eef08dbba3@group-33809F806F51-SegmentedRaftLogWorker] INFO  segmented.SegmentedRaftLogWorker (SegmentedRaftLogWorker.java:execute(629)) - 8a233994-06fc-4896-836d-f0eef08dbba3@group-33809F806F51-SegmentedRaftLogWorker: created new log segment /home/runner/work/ozone/ozone/hadoop-ozone/integration-test/target/test-dir/MiniOzoneClusterImpl-6102e5ce-5215-4002-8b5c-988ca6cc3a5c/datanode-1/data/ratis/31932152-a468-408e-b1eb-33809f806f51/current/log_inprogress_0
2022-05-26 01:46:40,294 [8a233994-06fc-4896-836d-f0eef08dbba3@group-33809F806F51-LeaderElection75] INFO  server.RaftServer$Division (ServerState.java:setRaftConf(393)) - 8a233994-06fc-4896-836d-f0eef08dbba3@group-33809F806F51: set configuration 0: [13b42a2e-e9c9-4ea7-85e1-9ff027944fc9|rpc:10.1.0.18:43047|dataStream:|priority:0, 8a233994-06fc-4896-836d-f0eef08dbba3|rpc:10.1.0.18:40213|dataStream:|priority:1, 74164fff-0da3-452b-8e38-1858412758e6|rpc:10.1.0.18:39183|dataStream:|priority:0], old=null
2022-05-26 01:46:40,307 [13b42a2e-e9c9-4ea7-85e1-9ff027944fc9-server-thread1] INFO  ratis.XceiverServerRatis (XceiverServerRatis.java:handleLeaderChangedNotification(863)) - Leader change notification received for group: group-33809F806F51 with new leaderId: 8a233994-06fc-4896-836d-f0eef08dbba3
2022-05-26 01:46:40,307 [13b42a2e-e9c9-4ea7-85e1-9ff027944fc9-server-thread1] INFO  server.RaftServer$Division (ServerState.java:setLeader(287)) - 13b42a2e-e9c9-4ea7-85e1-9ff027944fc9@group-33809F806F51: change Leader from null to 8a233994-06fc-4896-836d-f0eef08dbba3 at term 2 for appendEntries, leader elected after 10530ms
2022-05-26 01:46:40,352 [74164fff-0da3-452b-8e38-1858412758e6-server-thread1] INFO  ratis.XceiverServerRatis (XceiverServerRatis.java:handleLeaderChangedNotification(863)) - Leader change notification received for group: group-33809F806F51 with new leaderId: 8a233994-06fc-4896-836d-f0eef08dbba3
2022-05-26 01:46:40,352 [74164fff-0da3-452b-8e38-1858412758e6-server-thread1] INFO  server.RaftServer$Division (ServerState.java:setLeader(287)) - 74164fff-0da3-452b-8e38-1858412758e6@group-33809F806F51: change Leader from null to 8a233994-06fc-4896-836d-f0eef08dbba3 at term 2 for appendEntries, leader elected after 10074ms
2022-05-26 01:46:40,375 [13b42a2e-e9c9-4ea7-85e1-9ff027944fc9-server-thread1] INFO  server.RaftServer$Division (ServerState.java:setRaftConf(393)) - 13b42a2e-e9c9-4ea7-85e1-9ff027944fc9@group-33809F806F51: set configuration 0: [13b42a2e-e9c9-4ea7-85e1-9ff027944fc9|rpc:10.1.0.18:43047|dataStream:|priority:0, 8a233994-06fc-4896-836d-f0eef08dbba3|rpc:10.1.0.18:40213|dataStream:|priority:1, 74164fff-0da3-452b-8e38-1858412758e6|rpc:10.1.0.18:39183|dataStream:|priority:0], old=null
2022-05-26 01:46:40,375 [13b42a2e-e9c9-4ea7-85e1-9ff027944fc9-server-thread1] INFO  segmented.SegmentedRaftLogWorker (SegmentedRaftLogWorker.java:startLogSegment(425)) - 13b42a2e-e9c9-4ea7-85e1-9ff027944fc9@group-33809F806F51-SegmentedRaftLogWorker: Starting segment from index:0
2022-05-26 01:46:40,377 [74164fff-0da3-452b-8e38-1858412758e6-server-thread1] INFO  server.RaftServer$Division (ServerState.java:setRaftConf(393)) - 74164fff-0da3-452b-8e38-1858412758e6@group-33809F806F51: set configuration 0: [13b42a2e-e9c9-4ea7-85e1-9ff027944fc9|rpc:10.1.0.18:43047|dataStream:|priority:0, 8a233994-06fc-4896-836d-f0eef08dbba3|rpc:10.1.0.18:40213|dataStream:|priority:1, 74164fff-0da3-452b-8e38-1858412758e6|rpc:10.1.0.18:39183|dataStream:|priority:0], old=null
2022-05-26 01:46:40,377 [74164fff-0da3-452b-8e38-1858412758e6-server-thread1] INFO  segmented.SegmentedRaftLogWorker (SegmentedRaftLogWorker.java:startLogSegment(425)) - 74164fff-0da3-452b-8e38-1858412758e6@group-33809F806F51-SegmentedRaftLogWorker: Starting segment from index:0
2022-05-26 01:46:40,378 [13b42a2e-e9c9-4ea7-85e1-9ff027944fc9@group-33809F806F51-SegmentedRaftLogWorker] INFO  segmented.SegmentedRaftLogWorker (SegmentedRaftLogWorker.java:execute(629)) - 13b42a2e-e9c9-4ea7-85e1-9ff027944fc9@group-33809F806F51-SegmentedRaftLogWorker: created new log segment /home/runner/work/ozone/ozone/hadoop-ozone/integration-test/target/test-dir/MiniOzoneClusterImpl-6102e5ce-5215-4002-8b5c-988ca6cc3a5c/datanode-0/data/ratis/31932152-a468-408e-b1eb-33809f806f51/current/log_inprogress_0
2022-05-26 01:46:40,382 [74164fff-0da3-452b-8e38-1858412758e6@group-33809F806F51-SegmentedRaftLogWorker] INFO  segmented.SegmentedRaftLogWorker (SegmentedRaftLogWorker.java:execute(629)) - 74164fff-0da3-452b-8e38-1858412758e6@group-33809F806F51-SegmentedRaftLogWorker: created new log segment /home/runner/work/ozone/ozone/hadoop-ozone/integration-test/target/test-dir/MiniOzoneClusterImpl-6102e5ce-5215-4002-8b5c-988ca6cc3a5c/datanode-2/data/ratis/31932152-a468-408e-b1eb-33809f806f51/current/log_inprogress_0
2022-05-26 01:46:40,807 [13b42a2e-e9c9-4ea7-85e1-9ff027944fc9@group-D0772473F178-FollowerState] INFO  impl.FollowerState (FollowerState.java:run(143)) - 13b42a2e-e9c9-4ea7-85e1-9ff027944fc9@group-D0772473F178-FollowerState: change to CANDIDATE, lastRpcElapsedTime:5030447324ns, electionTimeout:5027ms
2022-05-26 01:46:40,807 [13b42a2e-e9c9-4ea7-85e1-9ff027944fc9@group-D0772473F178-FollowerState] INFO  impl.RoleInfo (RoleInfo.java:shutdownFollowerState(110)) - 13b42a2e-e9c9-4ea7-85e1-9ff027944fc9: shutdown 13b42a2e-e9c9-4ea7-85e1-9ff027944fc9@group-D0772473F178-FollowerState
2022-05-26 01:46:40,807 [13b42a2e-e9c9-4ea7-85e1-9ff027944fc9@group-D0772473F178-FollowerState] INFO  server.RaftServer$Division (RaftServerImpl.java:setRole(299)) - 13b42a2e-e9c9-4ea7-85e1-9ff027944fc9@group-D0772473F178: changes role from  FOLLOWER to CANDIDATE at term 1 for changeToCandidate
2022-05-26 01:46:40,807 [13b42a2e-e9c9-4ea7-85e1-9ff027944fc9@group-D0772473F178-FollowerState] INFO  server.RaftServerConfigKeys (ConfUtils.java:logGet(46)) - raft.server.leaderelection.pre-vote = false (custom)
2022-05-26 01:46:40,807 [13b42a2e-e9c9-4ea7-85e1-9ff027944fc9@group-D0772473F178-FollowerState] INFO  impl.RoleInfo (RoleInfo.java:updateAndGet(139)) - 13b42a2e-e9c9-4ea7-85e1-9ff027944fc9: start 13b42a2e-e9c9-4ea7-85e1-9ff027944fc9@group-D0772473F178-LeaderElection76
2022-05-26 01:46:40,828 [13b42a2e-e9c9-4ea7-85e1-9ff027944fc9@group-D0772473F178-LeaderElection76] INFO  impl.LeaderElection (LeaderElection.java:askForVotes(310)) - 13b42a2e-e9c9-4ea7-85e1-9ff027944fc9@group-D0772473F178-LeaderElection76 ELECTION round 0: submit vote requests at term 2 for -1: [13b42a2e-e9c9-4ea7-85e1-9ff027944fc9|rpc:10.1.0.18:43047|priority:0, 8a233994-06fc-4896-836d-f0eef08dbba3|rpc:10.1.0.18:40213|priority:0, 74164fff-0da3-452b-8e38-1858412758e6|rpc:10.1.0.18:39183|priority:1], old=null
2022-05-26 01:46:40,869 [grpc-default-executor-2] INFO  server.RaftServer$Division (RaftServerImpl.java:requestVote(1152)) - 8a233994-06fc-4896-836d-f0eef08dbba3@group-D0772473F178: receive requestVote(ELECTION, 13b42a2e-e9c9-4ea7-85e1-9ff027944fc9, group-D0772473F178, 2, (t:0, i:0))
2022-05-26 01:46:40,869 [grpc-default-executor-2] INFO  impl.VoteContext (VoteContext.java:log(48)) - 8a233994-06fc-4896-836d-f0eef08dbba3@group-D0772473F178-FOLLOWER: accept ELECTION from 13b42a2e-e9c9-4ea7-85e1-9ff027944fc9: our priority 0 <= candidate's priority 0
2022-05-26 01:46:40,869 [grpc-default-executor-2] INFO  server.RaftServer$Division (RaftServerImpl.java:setRole(299)) - 8a233994-06fc-4896-836d-f0eef08dbba3@group-D0772473F178: changes role from  FOLLOWER to FOLLOWER at term 2 for candidate:13b42a2e-e9c9-4ea7-85e1-9ff027944fc9
2022-05-26 01:46:40,869 [grpc-default-executor-2] INFO  impl.RoleInfo (RoleInfo.java:shutdownFollowerState(110)) - 8a233994-06fc-4896-836d-f0eef08dbba3: shutdown 8a233994-06fc-4896-836d-f0eef08dbba3@group-D0772473F178-FollowerState
2022-05-26 01:46:40,869 [grpc-default-executor-2] INFO  impl.RoleInfo (RoleInfo.java:updateAndGet(139)) - 8a233994-06fc-4896-836d-f0eef08dbba3: start 8a233994-06fc-4896-836d-f0eef08dbba3@group-D0772473F178-FollowerState
2022-05-26 01:46:40,869 [8a233994-06fc-4896-836d-f0eef08dbba3@group-D0772473F178-FollowerState] INFO  impl.FollowerState (FollowerState.java:run(152)) - 8a233994-06fc-4896-836d-f0eef08dbba3@group-D0772473F178-FollowerState was interrupted
2022-05-26 01:46:40,893 [grpc-default-executor-1] INFO  server.RaftServer$Division (RaftServerImpl.java:requestVote(1152)) - 74164fff-0da3-452b-8e38-1858412758e6@group-D0772473F178: receive requestVote(ELECTION, 13b42a2e-e9c9-4ea7-85e1-9ff027944fc9, group-D0772473F178, 2, (t:0, i:0))
2022-05-26 01:46:40,893 [grpc-default-executor-1] INFO  impl.VoteContext (VoteContext.java:log(48)) - 74164fff-0da3-452b-8e38-1858412758e6@group-D0772473F178-FOLLOWER: reject ELECTION from 13b42a2e-e9c9-4ea7-85e1-9ff027944fc9: our priority 1 > candidate's priority 0
2022-05-26 01:46:40,893 [grpc-default-executor-1] INFO  server.RaftServer$Division (RaftServerImpl.java:setRole(299)) - 74164fff-0da3-452b-8e38-1858412758e6@group-D0772473F178: changes role from  FOLLOWER to FOLLOWER at term 2 for candidate:13b42a2e-e9c9-4ea7-85e1-9ff027944fc9
2022-05-26 01:46:40,893 [grpc-default-executor-1] INFO  impl.RoleInfo (RoleInfo.java:shutdownFollowerState(110)) - 74164fff-0da3-452b-8e38-1858412758e6: shutdown 74164fff-0da3-452b-8e38-1858412758e6@group-D0772473F178-FollowerState
2022-05-26 01:46:40,893 [grpc-default-executor-1] INFO  impl.RoleInfo (RoleInfo.java:updateAndGet(139)) - 74164fff-0da3-452b-8e38-1858412758e6: start 74164fff-0da3-452b-8e38-1858412758e6@group-D0772473F178-FollowerState
2022-05-26 01:46:40,894 [grpc-default-executor-1] INFO  server.RaftServer$Division (RaftServerImpl.java:requestVote(1184)) - 74164fff-0da3-452b-8e38-1858412758e6@group-D0772473F178 replies to ELECTION vote request: 13b42a2e-e9c9-4ea7-85e1-9ff027944fc9<-74164fff-0da3-452b-8e38-1858412758e6#0:FAIL-t2. Peer's state: 74164fff-0da3-452b-8e38-1858412758e6@group-D0772473F178:t2, leader=null, voted=null, raftlog=74164fff-0da3-452b-8e38-1858412758e6@group-D0772473F178-SegmentedRaftLog:OPENED:c-1, conf=-1: [13b42a2e-e9c9-4ea7-85e1-9ff027944fc9|rpc:10.1.0.18:43047|dataStream:|priority:0, 8a233994-06fc-4896-836d-f0eef08dbba3|rpc:10.1.0.18:40213|dataStream:|priority:0, 74164fff-0da3-452b-8e38-1858412758e6|rpc:10.1.0.18:39183|dataStream:|priority:1], old=null
2022-05-26 01:46:40,894 [74164fff-0da3-452b-8e38-1858412758e6@group-D0772473F178-FollowerState] INFO  impl.FollowerState (FollowerState.java:shouldRun(117)) - 74164fff-0da3-452b-8e38-1858412758e6@group-D0772473F178-FollowerState: Stopping now (isRunning? false, role = FOLLOWER)
2022-05-26 01:46:40,924 [grpc-default-executor-2] INFO  server.RaftServer$Division (RaftServerImpl.java:requestVote(1184)) - 8a233994-06fc-4896-836d-f0eef08dbba3@group-D0772473F178 replies to ELECTION vote request: 13b42a2e-e9c9-4ea7-85e1-9ff027944fc9<-8a233994-06fc-4896-836d-f0eef08dbba3#0:OK-t2. Peer's state: 8a233994-06fc-4896-836d-f0eef08dbba3@group-D0772473F178:t2, leader=null, voted=13b42a2e-e9c9-4ea7-85e1-9ff027944fc9, raftlog=8a233994-06fc-4896-836d-f0eef08dbba3@group-D0772473F178-SegmentedRaftLog:OPENED:c-1, conf=-1: [13b42a2e-e9c9-4ea7-85e1-9ff027944fc9|rpc:10.1.0.18:43047|dataStream:|priority:0, 8a233994-06fc-4896-836d-f0eef08dbba3|rpc:10.1.0.18:40213|dataStream:|priority:0, 74164fff-0da3-452b-8e38-1858412758e6|rpc:10.1.0.18:39183|dataStream:|priority:1], old=null
2022-05-26 01:46:40,932 [13b42a2e-e9c9-4ea7-85e1-9ff027944fc9@group-D0772473F178-LeaderElection76] INFO  impl.LeaderElection (LeaderElection.java:logAndReturn(90)) - 13b42a2e-e9c9-4ea7-85e1-9ff027944fc9@group-D0772473F178-LeaderElection76: ELECTION REJECTED received 1 response(s) and 0 exception(s):
2022-05-26 01:46:40,932 [13b42a2e-e9c9-4ea7-85e1-9ff027944fc9@group-D0772473F178-LeaderElection76] INFO  impl.LeaderElection (LeaderElection.java:logAndReturn(94)) -   Response 0: 13b42a2e-e9c9-4ea7-85e1-9ff027944fc9<-74164fff-0da3-452b-8e38-1858412758e6#0:FAIL-t2
2022-05-26 01:46:40,932 [13b42a2e-e9c9-4ea7-85e1-9ff027944fc9@group-D0772473F178-LeaderElection76] INFO  impl.LeaderElection (LeaderElection.java:askForVotes(312)) - 13b42a2e-e9c9-4ea7-85e1-9ff027944fc9@group-D0772473F178-LeaderElection76 ELECTION round 0: result REJECTED
2022-05-26 01:46:40,932 [13b42a2e-e9c9-4ea7-85e1-9ff027944fc9@group-D0772473F178-LeaderElection76] INFO  server.RaftServer$Division (RaftServerImpl.java:setRole(299)) - 13b42a2e-e9c9-4ea7-85e1-9ff027944fc9@group-D0772473F178: changes role from CANDIDATE to FOLLOWER at term 2 for REJECTED
2022-05-26 01:46:40,932 [13b42a2e-e9c9-4ea7-85e1-9ff027944fc9@group-D0772473F178-LeaderElection76] INFO  impl.RoleInfo (RoleInfo.java:shutdownLeaderElection(130)) - 13b42a2e-e9c9-4ea7-85e1-9ff027944fc9: shutdown 13b42a2e-e9c9-4ea7-85e1-9ff027944fc9@group-D0772473F178-LeaderElection76
2022-05-26 01:46:40,932 [13b42a2e-e9c9-4ea7-85e1-9ff027944fc9@group-D0772473F178-LeaderElection76] INFO  impl.RoleInfo (RoleInfo.java:updateAndGet(139)) - 13b42a2e-e9c9-4ea7-85e1-9ff027944fc9: start 13b42a2e-e9c9-4ea7-85e1-9ff027944fc9@group-D0772473F178-FollowerState
2022-05-26 01:46:41,033 [Listener at 127.0.0.1/39025] INFO  ozone.MiniOzoneClusterImpl (MiniOzoneClusterImpl.java:lambda$waitForClusterToBeReady$0(221)) - Nodes are ready. Got 3 of 3 DN Heartbeats.
2022-05-26 01:46:41,034 [Listener at 127.0.0.1/39025] INFO  ozone.MiniOzoneClusterImpl (MiniOzoneClusterImpl.java:lambda$waitForClusterToBeReady$0(224)) - Cluster exits safe mode
2022-05-26 01:46:41,034 [Listener at 127.0.0.1/39025] INFO  ozone.MiniOzoneClusterImpl (MiniOzoneClusterImpl.java:lambda$waitForClusterToBeReady$0(226)) - SCM became leader
2022-05-26 01:46:46,003 [13b42a2e-e9c9-4ea7-85e1-9ff027944fc9@group-D0772473F178-FollowerState] INFO  impl.FollowerState (FollowerState.java:run(143)) - 13b42a2e-e9c9-4ea7-85e1-9ff027944fc9@group-D0772473F178-FollowerState: change to CANDIDATE, lastRpcElapsedTime:5070499359ns, electionTimeout:5061ms
2022-05-26 01:46:46,003 [13b42a2e-e9c9-4ea7-85e1-9ff027944fc9@group-D0772473F178-FollowerState] INFO  impl.RoleInfo (RoleInfo.java:shutdownFollowerState(110)) - 13b42a2e-e9c9-4ea7-85e1-9ff027944fc9: shutdown 13b42a2e-e9c9-4ea7-85e1-9ff027944fc9@group-D0772473F178-FollowerState
2022-05-26 01:46:46,003 [13b42a2e-e9c9-4ea7-85e1-9ff027944fc9@group-D0772473F178-FollowerState] INFO  server.RaftServer$Division (RaftServerImpl.java:setRole(299)) - 13b42a2e-e9c9-4ea7-85e1-9ff027944fc9@group-D0772473F178: changes role from  FOLLOWER to CANDIDATE at term 2 for changeToCandidate
2022-05-26 01:46:46,003 [13b42a2e-e9c9-4ea7-85e1-9ff027944fc9@group-D0772473F178-FollowerState] INFO  server.RaftServerConfigKeys (ConfUtils.java:logGet(46)) - raft.server.leaderelection.pre-vote = false (custom)
2022-05-26 01:46:46,003 [13b42a2e-e9c9-4ea7-85e1-9ff027944fc9@group-D0772473F178-FollowerState] INFO  impl.RoleInfo (RoleInfo.java:updateAndGet(139)) - 13b42a2e-e9c9-4ea7-85e1-9ff027944fc9: start 13b42a2e-e9c9-4ea7-85e1-9ff027944fc9@group-D0772473F178-LeaderElection77
2022-05-26 01:46:46,061 [13b42a2e-e9c9-4ea7-85e1-9ff027944fc9@group-D0772473F178-LeaderElection77] INFO  impl.LeaderElection (LeaderElection.java:askForVotes(310)) - 13b42a2e-e9c9-4ea7-85e1-9ff027944fc9@group-D0772473F178-LeaderElection77 ELECTION round 0: submit vote requests at term 3 for -1: [13b42a2e-e9c9-4ea7-85e1-9ff027944fc9|rpc:10.1.0.18:43047|priority:0, 8a233994-06fc-4896-836d-f0eef08dbba3|rpc:10.1.0.18:40213|priority:0, 74164fff-0da3-452b-8e38-1858412758e6|rpc:10.1.0.18:39183|priority:1], old=null
2022-05-26 01:46:46,082 [grpc-default-executor-1] INFO  server.RaftServer$Division (RaftServerImpl.java:requestVote(1152)) - 8a233994-06fc-4896-836d-f0eef08dbba3@group-D0772473F178: receive requestVote(ELECTION, 13b42a2e-e9c9-4ea7-85e1-9ff027944fc9, group-D0772473F178, 3, (t:0, i:0))
2022-05-26 01:46:46,082 [grpc-default-executor-1] INFO  impl.VoteContext (VoteContext.java:log(48)) - 8a233994-06fc-4896-836d-f0eef08dbba3@group-D0772473F178-FOLLOWER: accept ELECTION from 13b42a2e-e9c9-4ea7-85e1-9ff027944fc9: our priority 0 <= candidate's priority 0
2022-05-26 01:46:46,082 [grpc-default-executor-1] INFO  server.RaftServer$Division (RaftServerImpl.java:setRole(299)) - 8a233994-06fc-4896-836d-f0eef08dbba3@group-D0772473F178: changes role from  FOLLOWER to FOLLOWER at term 3 for candidate:13b42a2e-e9c9-4ea7-85e1-9ff027944fc9
2022-05-26 01:46:46,082 [grpc-default-executor-1] INFO  impl.RoleInfo (RoleInfo.java:shutdownFollowerState(110)) - 8a233994-06fc-4896-836d-f0eef08dbba3: shutdown 8a233994-06fc-4896-836d-f0eef08dbba3@group-D0772473F178-FollowerState
2022-05-26 01:46:46,082 [grpc-default-executor-1] INFO  impl.RoleInfo (RoleInfo.java:updateAndGet(139)) - 8a233994-06fc-4896-836d-f0eef08dbba3: start 8a233994-06fc-4896-836d-f0eef08dbba3@group-D0772473F178-FollowerState
2022-05-26 01:46:46,082 [8a233994-06fc-4896-836d-f0eef08dbba3@group-D0772473F178-FollowerState] INFO  impl.FollowerState (FollowerState.java:run(152)) - 8a233994-06fc-4896-836d-f0eef08dbba3@group-D0772473F178-FollowerState was interrupted
2022-05-26 01:46:46,082 [Listener at 127.0.0.1/39025] INFO  ozoneimpl.OzoneContainer (OzoneContainer.java:stop(356)) - Attempting to stop container services.
2022-05-26 01:46:46,086 [74164fff-0da3-452b-8e38-1858412758e6@group-D0772473F178-FollowerState] INFO  impl.FollowerState (FollowerState.java:run(143)) - 74164fff-0da3-452b-8e38-1858412758e6@group-D0772473F178-FollowerState: change to CANDIDATE, lastRpcElapsedTime:5192494584ns, electionTimeout:5154ms
2022-05-26 01:46:46,086 [74164fff-0da3-452b-8e38-1858412758e6@group-D0772473F178-FollowerState] INFO  impl.RoleInfo (RoleInfo.java:shutdownFollowerState(110)) - 74164fff-0da3-452b-8e38-1858412758e6: shutdown 74164fff-0da3-452b-8e38-1858412758e6@group-D0772473F178-FollowerState
2022-05-26 01:46:46,086 [74164fff-0da3-452b-8e38-1858412758e6@group-D0772473F178-FollowerState] INFO  server.RaftServer$Division (RaftServerImpl.java:setRole(299)) - 74164fff-0da3-452b-8e38-1858412758e6@group-D0772473F178: changes role from  FOLLOWER to CANDIDATE at term 2 for changeToCandidate
2022-05-26 01:46:46,086 [74164fff-0da3-452b-8e38-1858412758e6@group-D0772473F178-FollowerState] INFO  server.RaftServerConfigKeys (ConfUtils.java:logGet(46)) - raft.server.leaderelection.pre-vote = false (custom)
2022-05-26 01:46:46,086 [74164fff-0da3-452b-8e38-1858412758e6@group-D0772473F178-FollowerState] INFO  impl.RoleInfo (RoleInfo.java:updateAndGet(139)) - 74164fff-0da3-452b-8e38-1858412758e6: start 74164fff-0da3-452b-8e38-1858412758e6@group-D0772473F178-LeaderElection78
2022-05-26 01:46:46,087 [grpc-default-executor-1] INFO  server.RaftServer$Division (RaftServerImpl.java:requestVote(1184)) - 8a233994-06fc-4896-836d-f0eef08dbba3@group-D0772473F178 replies to ELECTION vote request: 13b42a2e-e9c9-4ea7-85e1-9ff027944fc9<-8a233994-06fc-4896-836d-f0eef08dbba3#0:OK-t3. Peer's state: 8a233994-06fc-4896-836d-f0eef08dbba3@group-D0772473F178:t3, leader=null, voted=13b42a2e-e9c9-4ea7-85e1-9ff027944fc9, raftlog=8a233994-06fc-4896-836d-f0eef08dbba3@group-D0772473F178-SegmentedRaftLog:OPENED:c-1, conf=-1: [13b42a2e-e9c9-4ea7-85e1-9ff027944fc9|rpc:10.1.0.18:43047|dataStream:|priority:0, 8a233994-06fc-4896-836d-f0eef08dbba3|rpc:10.1.0.18:40213|dataStream:|priority:0, 74164fff-0da3-452b-8e38-1858412758e6|rpc:10.1.0.18:39183|dataStream:|priority:1], old=null
2022-05-26 01:46:46,125 [grpc-default-executor-1] INFO  server.RaftServer$Division (RaftServerImpl.java:requestVote(1152)) - 74164fff-0da3-452b-8e38-1858412758e6@group-D0772473F178: receive requestVote(ELECTION, 13b42a2e-e9c9-4ea7-85e1-9ff027944fc9, group-D0772473F178, 3, (t:0, i:0))
2022-05-26 01:46:46,148 [grpc-default-executor-1] INFO  impl.VoteContext (VoteContext.java:log(48)) - 74164fff-0da3-452b-8e38-1858412758e6@group-D0772473F178-CANDIDATE: reject ELECTION from 13b42a2e-e9c9-4ea7-85e1-9ff027944fc9: already has voted for 74164fff-0da3-452b-8e38-1858412758e6 at current term 3
2022-05-26 01:46:46,148 [grpc-default-executor-1] INFO  server.RaftServer$Division (RaftServerImpl.java:requestVote(1184)) - 74164fff-0da3-452b-8e38-1858412758e6@group-D0772473F178 replies to ELECTION vote request: 13b42a2e-e9c9-4ea7-85e1-9ff027944fc9<-74164fff-0da3-452b-8e38-1858412758e6#0:FAIL-t3. Peer's state: 74164fff-0da3-452b-8e38-1858412758e6@group-D0772473F178:t3, leader=null, voted=74164fff-0da3-452b-8e38-1858412758e6, raftlog=74164fff-0da3-452b-8e38-1858412758e6@group-D0772473F178-SegmentedRaftLog:OPENED:c-1, conf=-1: [13b42a2e-e9c9-4ea7-85e1-9ff027944fc9|rpc:10.1.0.18:43047|dataStream:|priority:0, 8a233994-06fc-4896-836d-f0eef08dbba3|rpc:10.1.0.18:40213|dataStream:|priority:0, 74164fff-0da3-452b-8e38-1858412758e6|rpc:10.1.0.18:39183|dataStream:|priority:1], old=null
2022-05-26 01:46:46,149 [13b42a2e-e9c9-4ea7-85e1-9ff027944fc9@group-D0772473F178-LeaderElection77] INFO  impl.LeaderElection (LeaderElection.java:logAndReturn(90)) - 13b42a2e-e9c9-4ea7-85e1-9ff027944fc9@group-D0772473F178-LeaderElection77: ELECTION REJECTED received 1 response(s) and 0 exception(s):
2022-05-26 01:46:46,153 [13b42a2e-e9c9-4ea7-85e1-9ff027944fc9@group-D0772473F178-LeaderElection77] INFO  impl.LeaderElection (LeaderElection.java:logAndReturn(94)) -   Response 0: 13b42a2e-e9c9-4ea7-85e1-9ff027944fc9<-74164fff-0da3-452b-8e38-1858412758e6#0:FAIL-t3
2022-05-26 01:46:46,153 [13b42a2e-e9c9-4ea7-85e1-9ff027944fc9@group-D0772473F178-LeaderElection77] INFO  impl.LeaderElection (LeaderElection.java:askForVotes(312)) - 13b42a2e-e9c9-4ea7-85e1-9ff027944fc9@group-D0772473F178-LeaderElection77 ELECTION round 0: result REJECTED
2022-05-26 01:46:46,153 [13b42a2e-e9c9-4ea7-85e1-9ff027944fc9@group-D0772473F178-LeaderElection77] INFO  server.RaftServer$Division (RaftServerImpl.java:setRole(299)) - 13b42a2e-e9c9-4ea7-85e1-9ff027944fc9@group-D0772473F178: changes role from CANDIDATE to FOLLOWER at term 3 for REJECTED
2022-05-26 01:46:46,153 [13b42a2e-e9c9-4ea7-85e1-9ff027944fc9@group-D0772473F178-LeaderElection77] INFO  impl.RoleInfo (RoleInfo.java:shutdownLeaderElection(130)) - 13b42a2e-e9c9-4ea7-85e1-9ff027944fc9: shutdown 13b42a2e-e9c9-4ea7-85e1-9ff027944fc9@group-D0772473F178-LeaderElection77
2022-05-26 01:46:46,153 [13b42a2e-e9c9-4ea7-85e1-9ff027944fc9@group-D0772473F178-LeaderElection77] INFO  impl.RoleInfo (RoleInfo.java:updateAndGet(139)) - 13b42a2e-e9c9-4ea7-85e1-9ff027944fc9: start 13b42a2e-e9c9-4ea7-85e1-9ff027944fc9@group-D0772473F178-FollowerState
2022-05-26 01:46:46,153 [Listener at 127.0.0.1/39025] INFO  server.RaftServer (RaftServerProxy.java:lambda$close$7(398)) - 13b42a2e-e9c9-4ea7-85e1-9ff027944fc9: close
2022-05-26 01:46:46,176 [74164fff-0da3-452b-8e38-1858412758e6@group-D0772473F178-LeaderElection78] INFO  impl.LeaderElection (LeaderElection.java:askForVotes(310)) - 74164fff-0da3-452b-8e38-1858412758e6@group-D0772473F178-LeaderElection78 ELECTION round 0: submit vote requests at term 3 for -1: [13b42a2e-e9c9-4ea7-85e1-9ff027944fc9|rpc:10.1.0.18:43047|dataStream:|priority:0, 8a233994-06fc-4896-836d-f0eef08dbba3|rpc:10.1.0.18:40213|dataStream:|priority:0, 74164fff-0da3-452b-8e38-1858412758e6|rpc:10.1.0.18:39183|dataStream:|priority:1], old=null
2022-05-26 01:46:46,188 [Listener at 127.0.0.1/39025] INFO  server.RaftServer$Division (RaftServerImpl.java:lambda$close$4(434)) - 13b42a2e-e9c9-4ea7-85e1-9ff027944fc9@group-33809F806F51: shutdown
2022-05-26 01:46:46,188 [Listener at 127.0.0.1/39025] INFO  util.JmxRegister (JmxRegister.java:unregister(73)) - Successfully un-registered JMX Bean with object name Ratis:service=RaftServer,group=group-33809F806F51,id=13b42a2e-e9c9-4ea7-85e1-9ff027944fc9
2022-05-26 01:46:46,188 [Listener at 127.0.0.1/39025] INFO  impl.RoleInfo (RoleInfo.java:shutdownFollowerState(110)) - 13b42a2e-e9c9-4ea7-85e1-9ff027944fc9: shutdown 13b42a2e-e9c9-4ea7-85e1-9ff027944fc9@group-33809F806F51-FollowerState
2022-05-26 01:46:46,188 [Listener at 127.0.0.1/39025] INFO  impl.StateMachineUpdater (StateMachineUpdater.java:stopAndJoin(153)) - 13b42a2e-e9c9-4ea7-85e1-9ff027944fc9@group-33809F806F51-StateMachineUpdater: set stopIndex = 0
2022-05-26 01:46:46,188 [13b42a2e-e9c9-4ea7-85e1-9ff027944fc9@group-33809F806F51-FollowerState] INFO  impl.FollowerState (FollowerState.java:run(152)) - 13b42a2e-e9c9-4ea7-85e1-9ff027944fc9@group-33809F806F51-FollowerState was interrupted
2022-05-26 01:46:46,189 [13b42a2e-e9c9-4ea7-85e1-9ff027944fc9@group-33809F806F51-StateMachineUpdater] INFO  ratis.ContainerStateMachine (ContainerStateMachine.java:takeSnapshot(304)) - group-33809F806F51: Taking a snapshot at:(t:2, i:0) file /home/runner/work/ozone/ozone/hadoop-ozone/integration-test/target/test-dir/MiniOzoneClusterImpl-6102e5ce-5215-4002-8b5c-988ca6cc3a5c/datanode-0/data/ratis/31932152-a468-408e-b1eb-33809f806f51/sm/snapshot.2_0
2022-05-26 01:46:46,194 [13b42a2e-e9c9-4ea7-85e1-9ff027944fc9@group-33809F806F51-StateMachineUpdater] INFO  ratis.ContainerStateMachine (ContainerStateMachine.java:takeSnapshot(315)) - group-33809F806F51: Finished taking a snapshot at:(t:2, i:0) file:/home/runner/work/ozone/ozone/hadoop-ozone/integration-test/target/test-dir/MiniOzoneClusterImpl-6102e5ce-5215-4002-8b5c-988ca6cc3a5c/datanode-0/data/ratis/31932152-a468-408e-b1eb-33809f806f51/sm/snapshot.2_0 took: 6 ms
2022-05-26 01:46:46,194 [13b42a2e-e9c9-4ea7-85e1-9ff027944fc9@group-33809F806F51-StateMachineUpdater] INFO  impl.StateMachineUpdater (StateMachineUpdater.java:takeSnapshot(287)) - 13b42a2e-e9c9-4ea7-85e1-9ff027944fc9@group-33809F806F51-StateMachineUpdater: Took a snapshot at index 0
2022-05-26 01:46:46,194 [13b42a2e-e9c9-4ea7-85e1-9ff027944fc9@group-33809F806F51-StateMachineUpdater] INFO  impl.StateMachineUpdater (StateMachineUpdater.java:lambda$new$0(92)) - 13b42a2e-e9c9-4ea7-85e1-9ff027944fc9@group-33809F806F51-StateMachineUpdater: snapshotIndex: updateIncreasingly -1 -> 0
2022-05-26 01:46:46,200 [Listener at 127.0.0.1/39025] INFO  server.RaftServer$Division (ServerState.java:close(429)) - 13b42a2e-e9c9-4ea7-85e1-9ff027944fc9@group-33809F806F51: closes. applyIndex: 0
2022-05-26 01:46:46,200 [13b42a2e-e9c9-4ea7-85e1-9ff027944fc9@group-33809F806F51-SegmentedRaftLogWorker] INFO  segmented.SegmentedRaftLogWorker (SegmentedRaftLogWorker.java:run(336)) - 13b42a2e-e9c9-4ea7-85e1-9ff027944fc9@group-33809F806F51-SegmentedRaftLogWorker was interrupted, exiting. There are 0 tasks remaining in the queue.
2022-05-26 01:46:46,216 [Listener at 127.0.0.1/39025] INFO  segmented.SegmentedRaftLogWorker (SegmentedRaftLogWorker.java:close(246)) - 13b42a2e-e9c9-4ea7-85e1-9ff027944fc9@group-33809F806F51-SegmentedRaftLogWorker close()
2022-05-26 01:46:46,224 [Listener at 127.0.0.1/39025] INFO  server.RaftServer$Division (RaftServerImpl.java:lambda$close$4(434)) - 13b42a2e-e9c9-4ea7-85e1-9ff027944fc9@group-C5542A47B21A: shutdown
2022-05-26 01:46:46,225 [Listener at 127.0.0.1/39025] INFO  util.JmxRegister (JmxRegister.java:unregister(73)) - Successfully un-registered JMX Bean with object name Ratis:service=RaftServer,group=group-C5542A47B21A,id=13b42a2e-e9c9-4ea7-85e1-9ff027944fc9
2022-05-26 01:46:46,225 [Listener at 127.0.0.1/39025] INFO  impl.RoleInfo (RoleInfo.java:shutdownLeaderState(93)) - 13b42a2e-e9c9-4ea7-85e1-9ff027944fc9: shutdown 13b42a2e-e9c9-4ea7-85e1-9ff027944fc9@group-C5542A47B21A-LeaderStateImpl
2022-05-26 01:46:46,225 [Listener at 127.0.0.1/39025] INFO  impl.PendingRequests (PendingRequests.java:sendNotLeaderResponses(282)) - 13b42a2e-e9c9-4ea7-85e1-9ff027944fc9@group-C5542A47B21A-PendingRequests: sendNotLeaderResponses
2022-05-26 01:46:46,226 [Listener at 127.0.0.1/39025] INFO  impl.StateMachineUpdater (StateMachineUpdater.java:stopAndJoin(153)) - 13b42a2e-e9c9-4ea7-85e1-9ff027944fc9@group-C5542A47B21A-StateMachineUpdater: set stopIndex = 0
2022-05-26 01:46:46,226 [13b42a2e-e9c9-4ea7-85e1-9ff027944fc9@group-C5542A47B21A-StateMachineUpdater] INFO  ratis.ContainerStateMachine (ContainerStateMachine.java:takeSnapshot(304)) - group-C5542A47B21A: Taking a snapshot at:(t:1, i:0) file /home/runner/work/ozone/ozone/hadoop-ozone/integration-test/target/test-dir/MiniOzoneClusterImpl-6102e5ce-5215-4002-8b5c-988ca6cc3a5c/datanode-0/data/ratis/7b67d137-7154-4e78-983a-c5542a47b21a/sm/snapshot.1_0
2022-05-26 01:46:46,227 [13b42a2e-e9c9-4ea7-85e1-9ff027944fc9@group-C5542A47B21A-StateMachineUpdater] INFO  ratis.ContainerStateMachine (ContainerStateMachine.java:takeSnapshot(315)) - group-C5542A47B21A: Finished taking a snapshot at:(t:1, i:0) file:/home/runner/work/ozone/ozone/hadoop-ozone/integration-test/target/test-dir/MiniOzoneClusterImpl-6102e5ce-5215-4002-8b5c-988ca6cc3a5c/datanode-0/data/ratis/7b67d137-7154-4e78-983a-c5542a47b21a/sm/snapshot.1_0 took: 1 ms
2022-05-26 01:46:46,227 [13b42a2e-e9c9-4ea7-85e1-9ff027944fc9@group-C5542A47B21A-StateMachineUpdater] INFO  impl.StateMachineUpdater (StateMachineUpdater.java:takeSnapshot(287)) - 13b42a2e-e9c9-4ea7-85e1-9ff027944fc9@group-C5542A47B21A-StateMachineUpdater: Took a snapshot at index 0
2022-05-26 01:46:46,227 [13b42a2e-e9c9-4ea7-85e1-9ff027944fc9@group-C5542A47B21A-StateMachineUpdater] INFO  impl.StateMachineUpdater (StateMachineUpdater.java:lambda$new$0(92)) - 13b42a2e-e9c9-4ea7-85e1-9ff027944fc9@group-C5542A47B21A-StateMachineUpdater: snapshotIndex: updateIncreasingly -1 -> 0
2022-05-26 01:46:46,228 [Listener at 127.0.0.1/39025] INFO  server.RaftServer$Division (ServerState.java:close(429)) - 13b42a2e-e9c9-4ea7-85e1-9ff027944fc9@group-C5542A47B21A: closes. applyIndex: 0
2022-05-26 01:46:46,252 [13b42a2e-e9c9-4ea7-85e1-9ff027944fc9@group-C5542A47B21A-SegmentedRaftLogWorker] INFO  segmented.SegmentedRaftLogWorker (SegmentedRaftLogWorker.java:run(336)) - 13b42a2e-e9c9-4ea7-85e1-9ff027944fc9@group-C5542A47B21A-SegmentedRaftLogWorker was interrupted, exiting. There are 0 tasks remaining in the queue.
2022-05-26 01:46:46,257 [Listener at 127.0.0.1/39025] INFO  segmented.SegmentedRaftLogWorker (SegmentedRaftLogWorker.java:close(246)) - 13b42a2e-e9c9-4ea7-85e1-9ff027944fc9@group-C5542A47B21A-SegmentedRaftLogWorker close()
2022-05-26 01:46:46,270 [Listener at 127.0.0.1/39025] INFO  server.RaftServer$Division (RaftServerImpl.java:lambda$close$4(434)) - 13b42a2e-e9c9-4ea7-85e1-9ff027944fc9@group-D0772473F178: shutdown
2022-05-26 01:46:46,270 [Listener at 127.0.0.1/39025] INFO  util.JmxRegister (JmxRegister.java:unregister(73)) - Successfully un-registered JMX Bean with object name Ratis:service=RaftServer,group=group-D0772473F178,id=13b42a2e-e9c9-4ea7-85e1-9ff027944fc9
2022-05-26 01:46:46,270 [Listener at 127.0.0.1/39025] INFO  impl.RoleInfo (RoleInfo.java:shutdownFollowerState(110)) - 13b42a2e-e9c9-4ea7-85e1-9ff027944fc9: shutdown 13b42a2e-e9c9-4ea7-85e1-9ff027944fc9@group-D0772473F178-FollowerState
2022-05-26 01:46:46,270 [Listener at 127.0.0.1/39025] INFO  impl.StateMachineUpdater (StateMachineUpdater.java:stopAndJoin(153)) - 13b42a2e-e9c9-4ea7-85e1-9ff027944fc9@group-D0772473F178-StateMachineUpdater: set stopIndex = -1
2022-05-26 01:46:46,272 [Listener at 127.0.0.1/39025] INFO  server.RaftServer$Division (ServerState.java:close(429)) - 13b42a2e-e9c9-4ea7-85e1-9ff027944fc9@group-D0772473F178: closes. applyIndex: -1
2022-05-26 01:46:46,276 [13b42a2e-e9c9-4ea7-85e1-9ff027944fc9@group-D0772473F178-FollowerState] INFO  impl.FollowerState (FollowerState.java:run(152)) - 13b42a2e-e9c9-4ea7-85e1-9ff027944fc9@group-D0772473F178-FollowerState was interrupted
2022-05-26 01:46:46,276 [13b42a2e-e9c9-4ea7-85e1-9ff027944fc9@group-D0772473F178-SegmentedRaftLogWorker] INFO  segmented.SegmentedRaftLogWorker (SegmentedRaftLogWorker.java:run(336)) - 13b42a2e-e9c9-4ea7-85e1-9ff027944fc9@group-D0772473F178-SegmentedRaftLogWorker was interrupted, exiting. There are 0 tasks remaining in the queue.
2022-05-26 01:46:46,279 [Listener at 127.0.0.1/39025] INFO  segmented.SegmentedRaftLogWorker (SegmentedRaftLogWorker.java:close(246)) - 13b42a2e-e9c9-4ea7-85e1-9ff027944fc9@group-D0772473F178-SegmentedRaftLogWorker close()
2022-05-26 01:46:46,289 [Listener at 127.0.0.1/39025] INFO  server.GrpcService (GrpcService.java:closeImpl(269)) - 13b42a2e-e9c9-4ea7-85e1-9ff027944fc9: shutdown server with port 43047 now
2022-05-26 01:46:46,290 [grpc-default-executor-2] WARN  server.GrpcServerProtocolService (LogUtils.java:warn(122)) - 13b42a2e-e9c9-4ea7-85e1-9ff027944fc9: installSnapshot onError, lastRequest: 8a233994-06fc-4896-836d-f0eef08dbba3->13b42a2e-e9c9-4ea7-85e1-9ff027944fc9#1-t2,previous=(t:0, i:0),leaderCommit=0,initializing? true,entries: size=1, first=(t:2, i:0), CONFIGURATIONENTRY: org.apache.ratis.thirdparty.io.grpc.StatusRuntimeException: CANCELLED: client cancelled
2022-05-26 01:46:46,311 [grpc-default-executor-2] WARN  server.GrpcLogAppender (LogUtils.java:warn(122)) - 8a233994-06fc-4896-836d-f0eef08dbba3@group-33809F806F51->13b42a2e-e9c9-4ea7-85e1-9ff027944fc9-AppendLogResponseHandler: Failed appendEntries: org.apache.ratis.thirdparty.io.grpc.StatusRuntimeException: CANCELLED: RST_STREAM closed stream. HTTP/2 error code: CANCEL
2022-05-26 01:46:46,311 [grpc-default-executor-2] WARN  server.GrpcLogAppender (GrpcLogAppender.java:resetClient(111)) - 8a233994-06fc-4896-836d-f0eef08dbba3@group-33809F806F51->13b42a2e-e9c9-4ea7-85e1-9ff027944fc9-GrpcLogAppender: Leader has not got in touch with Follower 8a233994-06fc-4896-836d-f0eef08dbba3@group-33809F806F51->13b42a2e-e9c9-4ea7-85e1-9ff027944fc9(c0,m0,n1, attendVote=true, lastRpcSendTime=811, lastRpcResponseTime=796) yet, just keep nextIndex unchanged and retry.
2022-05-26 01:46:46,319 [grpc-default-executor-1] INFO  server.RaftServer$Division (RaftServerImpl.java:requestVote(1152)) - 8a233994-06fc-4896-836d-f0eef08dbba3@group-D0772473F178: receive requestVote(ELECTION, 74164fff-0da3-452b-8e38-1858412758e6, group-D0772473F178, 3, (t:0, i:0))
2022-05-26 01:46:46,320 [grpc-default-executor-1] INFO  impl.VoteContext (VoteContext.java:log(48)) - 8a233994-06fc-4896-836d-f0eef08dbba3@group-D0772473F178-FOLLOWER: reject ELECTION from 74164fff-0da3-452b-8e38-1858412758e6: already has voted for 13b42a2e-e9c9-4ea7-85e1-9ff027944fc9 at current term 3
2022-05-26 01:46:46,320 [grpc-default-executor-1] INFO  server.RaftServer$Division (RaftServerImpl.java:requestVote(1184)) - 8a233994-06fc-4896-836d-f0eef08dbba3@group-D0772473F178 replies to ELECTION vote request: 74164fff-0da3-452b-8e38-1858412758e6<-8a233994-06fc-4896-836d-f0eef08dbba3#0:FAIL-t3. Peer's state: 8a233994-06fc-4896-836d-f0eef08dbba3@group-D0772473F178:t3, leader=null, voted=13b42a2e-e9c9-4ea7-85e1-9ff027944fc9, raftlog=8a233994-06fc-4896-836d-f0eef08dbba3@group-D0772473F178-SegmentedRaftLog:OPENED:c-1, conf=-1: [13b42a2e-e9c9-4ea7-85e1-9ff027944fc9|rpc:10.1.0.18:43047|dataStream:|priority:0, 8a233994-06fc-4896-836d-f0eef08dbba3|rpc:10.1.0.18:40213|dataStream:|priority:0, 74164fff-0da3-452b-8e38-1858412758e6|rpc:10.1.0.18:39183|dataStream:|priority:1], old=null
2022-05-26 01:46:46,357 [grpc-default-executor-2] INFO  server.RaftServer$Division (RaftServerImpl.java:requestVote(1152)) - 13b42a2e-e9c9-4ea7-85e1-9ff027944fc9@group-D0772473F178: receive requestVote(ELECTION, 74164fff-0da3-452b-8e38-1858412758e6, group-D0772473F178, 3, (t:0, i:0))
2022-05-26 01:46:46,357 [grpc-default-executor-2] WARN  server.GrpcServerProtocolService (LogUtils.java:warn(122)) - 13b42a2e-e9c9-4ea7-85e1-9ff027944fc9: Failed requestVote 74164fff-0da3-452b-8e38-1858412758e6->13b42a2e-e9c9-4ea7-85e1-9ff027944fc9#0: org.apache.ratis.protocol.exceptions.ServerNotReadyException: 13b42a2e-e9c9-4ea7-85e1-9ff027944fc9@group-D0772473F178 is not in [RUNNING]: current state is CLOSED
2022-05-26 01:46:46,402 [74164fff-0da3-452b-8e38-1858412758e6@group-D0772473F178-LeaderElection78] INFO  impl.LeaderElection (LogUtils.java:infoOrTrace(137)) - 74164fff-0da3-452b-8e38-1858412758e6@group-D0772473F178-LeaderElection78 got exception when requesting votes: java.util.concurrent.ExecutionException: org.apache.ratis.thirdparty.io.grpc.StatusRuntimeException: INTERNAL: 13b42a2e-e9c9-4ea7-85e1-9ff027944fc9@group-D0772473F178 is not in [RUNNING]: current state is CLOSED
2022-05-26 01:46:46,402 [74164fff-0da3-452b-8e38-1858412758e6@group-D0772473F178-LeaderElection78] INFO  impl.LeaderElection (LeaderElection.java:logAndReturn(90)) - 74164fff-0da3-452b-8e38-1858412758e6@group-D0772473F178-LeaderElection78: ELECTION REJECTED received 1 response(s) and 1 exception(s):
2022-05-26 01:46:46,402 [74164fff-0da3-452b-8e38-1858412758e6@group-D0772473F178-LeaderElection78] INFO  impl.LeaderElection (LeaderElection.java:logAndReturn(94)) -   Response 0: 74164fff-0da3-452b-8e38-1858412758e6<-8a233994-06fc-4896-836d-f0eef08dbba3#0:FAIL-t3
2022-05-26 01:46:46,402 [74164fff-0da3-452b-8e38-1858412758e6@group-D0772473F178-LeaderElection78] INFO  impl.LeaderElection (LogUtils.java:infoOrTrace(137)) -   Exception 1: java.util.concurrent.ExecutionException: org.apache.ratis.thirdparty.io.grpc.StatusRuntimeException: INTERNAL: 13b42a2e-e9c9-4ea7-85e1-9ff027944fc9@group-D0772473F178 is not in [RUNNING]: current state is CLOSED
2022-05-26 01:46:46,402 [74164fff-0da3-452b-8e38-1858412758e6@group-D0772473F178-LeaderElection78] INFO  impl.LeaderElection (LeaderElection.java:askForVotes(312)) - 74164fff-0da3-452b-8e38-1858412758e6@group-D0772473F178-LeaderElection78 ELECTION round 0: result REJECTED
2022-05-26 01:46:46,403 [74164fff-0da3-452b-8e38-1858412758e6@group-D0772473F178-LeaderElection78] INFO  server.RaftServer$Division (RaftServerImpl.java:setRole(299)) - 74164fff-0da3-452b-8e38-1858412758e6@group-D0772473F178: changes role from CANDIDATE to FOLLOWER at term 3 for REJECTED
2022-05-26 01:46:46,403 [74164fff-0da3-452b-8e38-1858412758e6@group-D0772473F178-LeaderElection78] INFO  impl.RoleInfo (RoleInfo.java:shutdownLeaderElection(130)) - 74164fff-0da3-452b-8e38-1858412758e6: shutdown 74164fff-0da3-452b-8e38-1858412758e6@group-D0772473F178-LeaderElection78
2022-05-26 01:46:46,403 [74164fff-0da3-452b-8e38-1858412758e6@group-D0772473F178-LeaderElection78] INFO  impl.RoleInfo (RoleInfo.java:updateAndGet(139)) - 74164fff-0da3-452b-8e38-1858412758e6: start 74164fff-0da3-452b-8e38-1858412758e6@group-D0772473F178-FollowerState
2022-05-26 01:46:48,058 [grpc-default-executor-1] WARN  server.GrpcLogAppender (LogUtils.java:warn(122)) - 8a233994-06fc-4896-836d-f0eef08dbba3@group-33809F806F51->13b42a2e-e9c9-4ea7-85e1-9ff027944fc9-AppendLogResponseHandler: Failed appendEntries: org.apache.ratis.thirdparty.io.grpc.StatusRuntimeException: UNAVAILABLE: io exception
2022-05-26 01:46:48,059 [grpc-default-executor-1] WARN  server.GrpcLogAppender (GrpcLogAppender.java:resetClient(111)) - 8a233994-06fc-4896-836d-f0eef08dbba3@group-33809F806F51->13b42a2e-e9c9-4ea7-85e1-9ff027944fc9-GrpcLogAppender: Leader has not got in touch with Follower 8a233994-06fc-4896-836d-f0eef08dbba3@group-33809F806F51->13b42a2e-e9c9-4ea7-85e1-9ff027944fc9(c0,m0,n1, attendVote=true, lastRpcSendTime=2558, lastRpcResponseTime=2543) yet, just keep nextIndex unchanged and retry.
2022-05-26 01:46:49,327 [grpc-default-executor-2] WARN  server.GrpcLogAppender (LogUtils.java:warn(122)) - 8a233994-06fc-4896-836d-f0eef08dbba3@group-33809F806F51->13b42a2e-e9c9-4ea7-85e1-9ff027944fc9-AppendLogResponseHandler: Failed appendEntries: org.apache.ratis.thirdparty.io.grpc.StatusRuntimeException: UNAVAILABLE: io exception
2022-05-26 01:46:49,328 [grpc-default-executor-2] WARN  server.GrpcLogAppender (GrpcLogAppender.java:resetClient(111)) - 8a233994-06fc-4896-836d-f0eef08dbba3@group-33809F806F51->13b42a2e-e9c9-4ea7-85e1-9ff027944fc9-GrpcLogAppender: Leader has not got in touch with Follower 8a233994-06fc-4896-836d-f0eef08dbba3@group-33809F806F51->13b42a2e-e9c9-4ea7-85e1-9ff027944fc9(c0,m0,n1, attendVote=true, lastRpcSendTime=1268, lastRpcResponseTime=3813) yet, just keep nextIndex unchanged and retry.
2022-05-26 01:46:50,601 [grpc-default-executor-1] WARN  server.GrpcLogAppender (LogUtils.java:warn(122)) - 8a233994-06fc-4896-836d-f0eef08dbba3@group-33809F806F51->13b42a2e-e9c9-4ea7-85e1-9ff027944fc9-AppendLogResponseHandler: Failed appendEntries: org.apache.ratis.thirdparty.io.grpc.StatusRuntimeException: UNAVAILABLE: io exception
2022-05-26 01:46:50,601 [grpc-default-executor-1] WARN  server.GrpcLogAppender (GrpcLogAppender.java:resetClient(111)) - 8a233994-06fc-4896-836d-f0eef08dbba3@group-33809F806F51->13b42a2e-e9c9-4ea7-85e1-9ff027944fc9-GrpcLogAppender: Leader has not got in touch with Follower 8a233994-06fc-4896-836d-f0eef08dbba3@group-33809F806F51->13b42a2e-e9c9-4ea7-85e1-9ff027944fc9(c0,m0,n1, attendVote=true, lastRpcSendTime=1, lastRpcResponseTime=5086) yet, just keep nextIndex unchanged and retry.
2022-05-26 01:46:51,225 [8a233994-06fc-4896-836d-f0eef08dbba3@group-D0772473F178-FollowerState] INFO  impl.FollowerState (FollowerState.java:run(143)) - 8a233994-06fc-4896-836d-f0eef08dbba3@group-D0772473F178-FollowerState: change to CANDIDATE, lastRpcElapsedTime:5138155183ns, electionTimeout:5133ms
2022-05-26 01:46:51,225 [8a233994-06fc-4896-836d-f0eef08dbba3@group-D0772473F178-FollowerState] INFO  impl.RoleInfo (RoleInfo.java:shutdownFollowerState(110)) - 8a233994-06fc-4896-836d-f0eef08dbba3: shutdown 8a233994-06fc-4896-836d-f0eef08dbba3@group-D0772473F178-FollowerState
2022-05-26 01:46:51,225 [8a233994-06fc-4896-836d-f0eef08dbba3@group-D0772473F178-FollowerState] INFO  server.RaftServer$Division (RaftServerImpl.java:setRole(299)) - 8a233994-06fc-4896-836d-f0eef08dbba3@group-D0772473F178: changes role from  FOLLOWER to CANDIDATE at term 3 for changeToCandidate
2022-05-26 01:46:51,225 [8a233994-06fc-4896-836d-f0eef08dbba3@group-D0772473F178-FollowerState] INFO  server.RaftServerConfigKeys (ConfUtils.java:logGet(46)) - raft.server.leaderelection.pre-vote = false (custom)
2022-05-26 01:46:51,225 [8a233994-06fc-4896-836d-f0eef08dbba3@group-D0772473F178-FollowerState] INFO  impl.RoleInfo (RoleInfo.java:updateAndGet(139)) - 8a233994-06fc-4896-836d-f0eef08dbba3: start 8a233994-06fc-4896-836d-f0eef08dbba3@group-D0772473F178-LeaderElection79
2022-05-26 01:46:51,283 [8a233994-06fc-4896-836d-f0eef08dbba3@group-D0772473F178-LeaderElection79] INFO  impl.LeaderElection (LeaderElection.java:askForVotes(310)) - 8a233994-06fc-4896-836d-f0eef08dbba3@group-D0772473F178-LeaderElection79 ELECTION round 0: submit vote requests at term 4 for -1: [13b42a2e-e9c9-4ea7-85e1-9ff027944fc9|rpc:10.1.0.18:43047|dataStream:|priority:0, 8a233994-06fc-4896-836d-f0eef08dbba3|rpc:10.1.0.18:40213|dataStream:|priority:0, 74164fff-0da3-452b-8e38-1858412758e6|rpc:10.1.0.18:39183|dataStream:|priority:1], old=null
2022-05-26 01:46:51,335 [8a233994-06fc-4896-836d-f0eef08dbba3@group-D0772473F178-LeaderElection79] INFO  impl.LeaderElection (LogUtils.java:infoOrTrace(137)) - 8a233994-06fc-4896-836d-f0eef08dbba3@group-D0772473F178-LeaderElection79 got exception when requesting votes: java.util.concurrent.ExecutionException: org.apache.ratis.thirdparty.io.grpc.StatusRuntimeException: UNAVAILABLE: io exception
2022-05-26 01:46:51,380 [grpc-default-executor-2] INFO  server.RaftServer$Division (RaftServerImpl.java:requestVote(1152)) - 74164fff-0da3-452b-8e38-1858412758e6@group-D0772473F178: receive requestVote(ELECTION, 8a233994-06fc-4896-836d-f0eef08dbba3, group-D0772473F178, 4, (t:0, i:0))
2022-05-26 01:46:51,390 [grpc-default-executor-2] INFO  impl.VoteContext (VoteContext.java:log(48)) - 74164fff-0da3-452b-8e38-1858412758e6@group-D0772473F178-FOLLOWER: reject ELECTION from 8a233994-06fc-4896-836d-f0eef08dbba3: our priority 1 > candidate's priority 0
2022-05-26 01:46:51,390 [grpc-default-executor-2] INFO  server.RaftServer$Division (RaftServerImpl.java:setRole(299)) - 74164fff-0da3-452b-8e38-1858412758e6@group-D0772473F178: changes role from  FOLLOWER to FOLLOWER at term 4 for candidate:8a233994-06fc-4896-836d-f0eef08dbba3
2022-05-26 01:46:51,390 [grpc-default-executor-2] INFO  impl.RoleInfo (RoleInfo.java:shutdownFollowerState(110)) - 74164fff-0da3-452b-8e38-1858412758e6: shutdown 74164fff-0da3-452b-8e38-1858412758e6@group-D0772473F178-FollowerState
2022-05-26 01:46:51,391 [grpc-default-executor-2] INFO  impl.RoleInfo (RoleInfo.java:updateAndGet(139)) - 74164fff-0da3-452b-8e38-1858412758e6: start 74164fff-0da3-452b-8e38-1858412758e6@group-D0772473F178-FollowerState
2022-05-26 01:46:51,391 [74164fff-0da3-452b-8e38-1858412758e6@group-D0772473F178-FollowerState] INFO  impl.FollowerState (FollowerState.java:run(152)) - 74164fff-0da3-452b-8e38-1858412758e6@group-D0772473F178-FollowerState was interrupted
2022-05-26 01:46:51,400 [grpc-default-executor-2] INFO  server.RaftServer$Division (RaftServerImpl.java:requestVote(1184)) - 74164fff-0da3-452b-8e38-1858412758e6@group-D0772473F178 replies to ELECTION vote request: 8a233994-06fc-4896-836d-f0eef08dbba3<-74164fff-0da3-452b-8e38-1858412758e6#0:FAIL-t4. Peer's state: 74164fff-0da3-452b-8e38-1858412758e6@group-D0772473F178:t4, leader=null, voted=null, raftlog=74164fff-0da3-452b-8e38-1858412758e6@group-D0772473F178-SegmentedRaftLog:OPENED:c-1, conf=-1: [13b42a2e-e9c9-4ea7-85e1-9ff027944fc9|rpc:10.1.0.18:43047|dataStream:|priority:0, 8a233994-06fc-4896-836d-f0eef08dbba3|rpc:10.1.0.18:40213|dataStream:|priority:0, 74164fff-0da3-452b-8e38-1858412758e6|rpc:10.1.0.18:39183|dataStream:|priority:1], old=null
2022-05-26 01:46:51,408 [8a233994-06fc-4896-836d-f0eef08dbba3@group-D0772473F178-LeaderElection79] INFO  impl.LeaderElection (LeaderElection.java:logAndReturn(90)) - 8a233994-06fc-4896-836d-f0eef08dbba3@group-D0772473F178-LeaderElection79: ELECTION REJECTED received 1 response(s) and 1 exception(s):
2022-05-26 01:46:51,408 [8a233994-06fc-4896-836d-f0eef08dbba3@group-D0772473F178-LeaderElection79] INFO  impl.LeaderElection (LeaderElection.java:logAndReturn(94)) -   Response 0: 8a233994-06fc-4896-836d-f0eef08dbba3<-74164fff-0da3-452b-8e38-1858412758e6#0:FAIL-t4
2022-05-26 01:46:51,408 [8a233994-06fc-4896-836d-f0eef08dbba3@group-D0772473F178-LeaderElection79] INFO  impl.LeaderElection (LogUtils.java:infoOrTrace(137)) -   Exception 1: java.util.concurrent.ExecutionException: org.apache.ratis.thirdparty.io.grpc.StatusRuntimeException: UNAVAILABLE: io exception
2022-05-26 01:46:51,408 [8a233994-06fc-4896-836d-f0eef08dbba3@group-D0772473F178-LeaderElection79] INFO  impl.LeaderElection (LeaderElection.java:askForVotes(312)) - 8a233994-06fc-4896-836d-f0eef08dbba3@group-D0772473F178-LeaderElection79 ELECTION round 0: result REJECTED
2022-05-26 01:46:51,408 [8a233994-06fc-4896-836d-f0eef08dbba3@group-D0772473F178-LeaderElection79] INFO  server.RaftServer$Division (RaftServerImpl.java:setRole(299)) - 8a233994-06fc-4896-836d-f0eef08dbba3@group-D0772473F178: changes role from CANDIDATE to FOLLOWER at term 4 for REJECTED
2022-05-26 01:46:51,408 [8a233994-06fc-4896-836d-f0eef08dbba3@group-D0772473F178-LeaderElection79] INFO  impl.RoleInfo (RoleInfo.java:shutdownLeaderElection(130)) - 8a233994-06fc-4896-836d-f0eef08dbba3: shutdown 8a233994-06fc-4896-836d-f0eef08dbba3@group-D0772473F178-LeaderElection79
2022-05-26 01:46:51,408 [8a233994-06fc-4896-836d-f0eef08dbba3@group-D0772473F178-LeaderElection79] INFO  impl.RoleInfo (RoleInfo.java:updateAndGet(139)) - 8a233994-06fc-4896-836d-f0eef08dbba3: start 8a233994-06fc-4896-836d-f0eef08dbba3@group-D0772473F178-FollowerState
2022-05-26 01:46:51,867 [grpc-default-executor-2] WARN  server.GrpcLogAppender (LogUtils.java:warn(122)) - 8a233994-06fc-4896-836d-f0eef08dbba3@group-33809F806F51->13b42a2e-e9c9-4ea7-85e1-9ff027944fc9-AppendLogResponseHandler: Failed appendEntries: org.apache.ratis.thirdparty.io.grpc.StatusRuntimeException: UNAVAILABLE: io exception
2022-05-26 01:46:51,895 [grpc-default-executor-2] WARN  server.GrpcLogAppender (GrpcLogAppender.java:resetClient(111)) - 8a233994-06fc-4896-836d-f0eef08dbba3@group-33809F806F51->13b42a2e-e9c9-4ea7-85e1-9ff027944fc9-GrpcLogAppender: Leader has not got in touch with Follower 8a233994-06fc-4896-836d-f0eef08dbba3@group-33809F806F51->13b42a2e-e9c9-4ea7-85e1-9ff027944fc9(c0,m0,n1, attendVote=true, lastRpcSendTime=0, lastRpcResponseTime=6380) yet, just keep nextIndex unchanged and retry.
2022-05-26 01:46:53,145 [grpc-default-executor-1] WARN  server.GrpcLogAppender (LogUtils.java:warn(122)) - 8a233994-06fc-4896-836d-f0eef08dbba3@group-33809F806F51->13b42a2e-e9c9-4ea7-85e1-9ff027944fc9-AppendLogResponseHandler: Failed appendEntries: org.apache.ratis.thirdparty.io.grpc.StatusRuntimeException: UNAVAILABLE: io exception
2022-05-26 01:46:53,146 [grpc-default-executor-1] WARN  server.GrpcLogAppender (GrpcLogAppender.java:resetClient(111)) - 8a233994-06fc-4896-836d-f0eef08dbba3@group-33809F806F51->13b42a2e-e9c9-4ea7-85e1-9ff027944fc9-GrpcLogAppender: Leader has not got in touch with Follower 8a233994-06fc-4896-836d-f0eef08dbba3@group-33809F806F51->13b42a2e-e9c9-4ea7-85e1-9ff027944fc9(c0,m0,n1, attendVote=true, lastRpcSendTime=1251, lastRpcResponseTime=7631) yet, just keep nextIndex unchanged and retry.
2022-05-26 01:46:54,409 [grpc-default-executor-2] WARN  server.GrpcLogAppender (LogUtils.java:warn(122)) - 8a233994-06fc-4896-836d-f0eef08dbba3@group-33809F806F51->13b42a2e-e9c9-4ea7-85e1-9ff027944fc9-AppendLogResponseHandler: Failed appendEntries: org.apache.ratis.thirdparty.io.grpc.StatusRuntimeException: UNAVAILABLE: io exception
2022-05-26 01:46:54,409 [grpc-default-executor-2] WARN  server.GrpcLogAppender (GrpcLogAppender.java:resetClient(111)) - 8a233994-06fc-4896-836d-f0eef08dbba3@group-33809F806F51->13b42a2e-e9c9-4ea7-85e1-9ff027944fc9-GrpcLogAppender: Leader has not got in touch with Follower 8a233994-06fc-4896-836d-f0eef08dbba3@group-33809F806F51->13b42a2e-e9c9-4ea7-85e1-9ff027944fc9(c0,m0,n1, attendVote=true, lastRpcSendTime=1261, lastRpcResponseTime=8894) yet, just keep nextIndex unchanged and retry.
2022-05-26 01:46:55,674 [grpc-default-executor-2] WARN  server.GrpcLogAppender (LogUtils.java:warn(122)) - 8a233994-06fc-4896-836d-f0eef08dbba3@group-33809F806F51->13b42a2e-e9c9-4ea7-85e1-9ff027944fc9-AppendLogResponseHandler: Failed appendEntries: org.apache.ratis.thirdparty.io.grpc.StatusRuntimeException: UNAVAILABLE: io exception
2022-05-26 01:46:55,675 [grpc-default-executor-2] WARN  server.GrpcLogAppender (GrpcLogAppender.java:resetClient(111)) - 8a233994-06fc-4896-836d-f0eef08dbba3@group-33809F806F51->13b42a2e-e9c9-4ea7-85e1-9ff027944fc9-GrpcLogAppender: Leader has not got in touch with Follower 8a233994-06fc-4896-836d-f0eef08dbba3@group-33809F806F51->13b42a2e-e9c9-4ea7-85e1-9ff027944fc9(c0,m0,n1, attendVote=true, lastRpcSendTime=0, lastRpcResponseTime=10159) yet, just keep nextIndex unchanged and retry.
2022-05-26 01:46:56,598 [74164fff-0da3-452b-8e38-1858412758e6@group-D0772473F178-FollowerState] INFO  impl.FollowerState (FollowerState.java:run(143)) - 74164fff-0da3-452b-8e38-1858412758e6@group-D0772473F178-FollowerState: change to CANDIDATE, lastRpcElapsedTime:5207726634ns, electionTimeout:5199ms
2022-05-26 01:46:56,598 [74164fff-0da3-452b-8e38-1858412758e6@group-D0772473F178-FollowerState] INFO  impl.RoleInfo (RoleInfo.java:shutdownFollowerState(110)) - 74164fff-0da3-452b-8e38-1858412758e6: shutdown 74164fff-0da3-452b-8e38-1858412758e6@group-D0772473F178-FollowerState
2022-05-26 01:46:56,598 [74164fff-0da3-452b-8e38-1858412758e6@group-D0772473F178-FollowerState] INFO  server.RaftServer$Division (RaftServerImpl.java:setRole(299)) - 74164fff-0da3-452b-8e38-1858412758e6@group-D0772473F178: changes role from  FOLLOWER to CANDIDATE at term 4 for changeToCandidate
2022-05-26 01:46:56,599 [74164fff-0da3-452b-8e38-1858412758e6@group-D0772473F178-FollowerState] INFO  server.RaftServerConfigKeys (ConfUtils.java:logGet(46)) - raft.server.leaderelection.pre-vote = false (custom)
2022-05-26 01:46:56,599 [74164fff-0da3-452b-8e38-1858412758e6@group-D0772473F178-FollowerState] INFO  impl.RoleInfo (RoleInfo.java:updateAndGet(139)) - 74164fff-0da3-452b-8e38-1858412758e6: start 74164fff-0da3-452b-8e38-1858412758e6@group-D0772473F178-LeaderElection80
2022-05-26 01:46:56,610 [8a233994-06fc-4896-836d-f0eef08dbba3@group-D0772473F178-FollowerState] INFO  impl.FollowerState (FollowerState.java:run(143)) - 8a233994-06fc-4896-836d-f0eef08dbba3@group-D0772473F178-FollowerState: change to CANDIDATE, lastRpcElapsedTime:5201537946ns, electionTimeout:5136ms
2022-05-26 01:46:56,610 [8a233994-06fc-4896-836d-f0eef08dbba3@group-D0772473F178-FollowerState] INFO  impl.RoleInfo (RoleInfo.java:shutdownFollowerState(110)) - 8a233994-06fc-4896-836d-f0eef08dbba3: shutdown 8a233994-06fc-4896-836d-f0eef08dbba3@group-D0772473F178-FollowerState
2022-05-26 01:46:56,610 [8a233994-06fc-4896-836d-f0eef08dbba3@group-D0772473F178-FollowerState] INFO  server.RaftServer$Division (RaftServerImpl.java:setRole(299)) - 8a233994-06fc-4896-836d-f0eef08dbba3@group-D0772473F178: changes role from  FOLLOWER to CANDIDATE at term 4 for changeToCandidate
2022-05-26 01:46:56,610 [8a233994-06fc-4896-836d-f0eef08dbba3@group-D0772473F178-FollowerState] INFO  server.RaftServerConfigKeys (ConfUtils.java:logGet(46)) - raft.server.leaderelection.pre-vote = false (custom)
2022-05-26 01:46:56,610 [8a233994-06fc-4896-836d-f0eef08dbba3@group-D0772473F178-FollowerState] INFO  impl.RoleInfo (RoleInfo.java:updateAndGet(139)) - 8a233994-06fc-4896-836d-f0eef08dbba3: start 8a233994-06fc-4896-836d-f0eef08dbba3@group-D0772473F178-LeaderElection81
2022-05-26 01:46:56,632 [74164fff-0da3-452b-8e38-1858412758e6@group-D0772473F178-LeaderElection80] INFO  impl.LeaderElection (LeaderElection.java:askForVotes(310)) - 74164fff-0da3-452b-8e38-1858412758e6@group-D0772473F178-LeaderElection80 ELECTION round 0: submit vote requests at term 5 for -1: [13b42a2e-e9c9-4ea7-85e1-9ff027944fc9|rpc:10.1.0.18:43047|dataStream:|priority:0, 8a233994-06fc-4896-836d-f0eef08dbba3|rpc:10.1.0.18:40213|dataStream:|priority:0, 74164fff-0da3-452b-8e38-1858412758e6|rpc:10.1.0.18:39183|dataStream:|priority:1], old=null
2022-05-26 01:46:56,697 [8a233994-06fc-4896-836d-f0eef08dbba3@group-D0772473F178-LeaderElection81] INFO  impl.LeaderElection (LeaderElection.java:askForVotes(310)) - 8a233994-06fc-4896-836d-f0eef08dbba3@group-D0772473F178-LeaderElection81 ELECTION round 0: submit vote requests at term 5 for -1: [13b42a2e-e9c9-4ea7-85e1-9ff027944fc9|rpc:10.1.0.18:43047|dataStream:|priority:0, 8a233994-06fc-4896-836d-f0eef08dbba3|rpc:10.1.0.18:40213|dataStream:|priority:0, 74164fff-0da3-452b-8e38-1858412758e6|rpc:10.1.0.18:39183|dataStream:|priority:1], old=null
2022-05-26 01:46:56,762 [8a233994-06fc-4896-836d-f0eef08dbba3@group-D0772473F178-LeaderElection81] INFO  impl.LeaderElection (LogUtils.java:infoOrTrace(137)) - 8a233994-06fc-4896-836d-f0eef08dbba3@group-D0772473F178-LeaderElection81 got exception when requesting votes: java.util.concurrent.ExecutionException: org.apache.ratis.thirdparty.io.grpc.StatusRuntimeException: UNAVAILABLE: io exception
2022-05-26 01:46:56,764 [grpc-default-executor-2] INFO  server.RaftServer$Division (RaftServerImpl.java:requestVote(1152)) - 13b42a2e-e9c9-4ea7-85e1-9ff027944fc9@group-D0772473F178: receive requestVote(ELECTION, 74164fff-0da3-452b-8e38-1858412758e6, group-D0772473F178, 5, (t:0, i:0))
2022-05-26 01:46:56,765 [grpc-default-executor-2] WARN  server.GrpcServerProtocolService (LogUtils.java:warn(122)) - 13b42a2e-e9c9-4ea7-85e1-9ff027944fc9: Failed requestVote 74164fff-0da3-452b-8e38-1858412758e6->13b42a2e-e9c9-4ea7-85e1-9ff027944fc9#0: org.apache.ratis.protocol.exceptions.ServerNotReadyException: 13b42a2e-e9c9-4ea7-85e1-9ff027944fc9@group-D0772473F178 is not in [RUNNING]: current state is CLOSED
2022-05-26 01:46:56,768 [74164fff-0da3-452b-8e38-1858412758e6@group-D0772473F178-LeaderElection80] INFO  impl.LeaderElection (LogUtils.java:infoOrTrace(137)) - 74164fff-0da3-452b-8e38-1858412758e6@group-D0772473F178-LeaderElection80 got exception when requesting votes: java.util.concurrent.ExecutionException: org.apache.ratis.thirdparty.io.grpc.StatusRuntimeException: INTERNAL: 13b42a2e-e9c9-4ea7-85e1-9ff027944fc9@group-D0772473F178 is not in [RUNNING]: current state is CLOSED
2022-05-26 01:46:56,764 [grpc-default-executor-1] INFO  server.RaftServer$Division (RaftServerImpl.java:requestVote(1152)) - 8a233994-06fc-4896-836d-f0eef08dbba3@group-D0772473F178: receive requestVote(ELECTION, 74164fff-0da3-452b-8e38-1858412758e6, group-D0772473F178, 5, (t:0, i:0))
2022-05-26 01:46:56,768 [grpc-default-executor-1] INFO  impl.VoteContext (VoteContext.java:log(48)) - 8a233994-06fc-4896-836d-f0eef08dbba3@group-D0772473F178-CANDIDATE: reject ELECTION from 74164fff-0da3-452b-8e38-1858412758e6: already has voted for 8a233994-06fc-4896-836d-f0eef08dbba3 at current term 5
2022-05-26 01:46:56,769 [grpc-default-executor-1] INFO  server.RaftServer$Division (RaftServerImpl.java:requestVote(1184)) - 8a233994-06fc-4896-836d-f0eef08dbba3@group-D0772473F178 replies to ELECTION vote request: 74164fff-0da3-452b-8e38-1858412758e6<-8a233994-06fc-4896-836d-f0eef08dbba3#0:FAIL-t5. Peer's state: 8a233994-06fc-4896-836d-f0eef08dbba3@group-D0772473F178:t5, leader=null, voted=8a233994-06fc-4896-836d-f0eef08dbba3, raftlog=8a233994-06fc-4896-836d-f0eef08dbba3@group-D0772473F178-SegmentedRaftLog:OPENED:c-1, conf=-1: [13b42a2e-e9c9-4ea7-85e1-9ff027944fc9|rpc:10.1.0.18:43047|dataStream:|priority:0, 8a233994-06fc-4896-836d-f0eef08dbba3|rpc:10.1.0.18:40213|dataStream:|priority:0, 74164fff-0da3-452b-8e38-1858412758e6|rpc:10.1.0.18:39183|dataStream:|priority:1], old=null
2022-05-26 01:46:56,771 [74164fff-0da3-452b-8e38-1858412758e6@group-D0772473F178-LeaderElection80] INFO  impl.LeaderElection (LeaderElection.java:logAndReturn(90)) - 74164fff-0da3-452b-8e38-1858412758e6@group-D0772473F178-LeaderElection80: ELECTION REJECTED received 1 response(s) and 1 exception(s):
2022-05-26 01:46:56,771 [74164fff-0da3-452b-8e38-1858412758e6@group-D0772473F178-LeaderElection80] INFO  impl.LeaderElection (LeaderElection.java:logAndReturn(94)) -   Response 0: 74164fff-0da3-452b-8e38-1858412758e6<-8a233994-06fc-4896-836d-f0eef08dbba3#0:FAIL-t5
2022-05-26 01:46:56,771 [74164fff-0da3-452b-8e38-1858412758e6@group-D0772473F178-LeaderElection80] INFO  impl.LeaderElection (LogUtils.java:infoOrTrace(137)) -   Exception 1: java.util.concurrent.ExecutionException: org.apache.ratis.thirdparty.io.grpc.StatusRuntimeException: INTERNAL: 13b42a2e-e9c9-4ea7-85e1-9ff027944fc9@group-D0772473F178 is not in [RUNNING]: current state is CLOSED
2022-05-26 01:46:56,771 [74164fff-0da3-452b-8e38-1858412758e6@group-D0772473F178-LeaderElection80] INFO  impl.LeaderElection (LeaderElection.java:askForVotes(312)) - 74164fff-0da3-452b-8e38-1858412758e6@group-D0772473F178-LeaderElection80 ELECTION round 0: result REJECTED
2022-05-26 01:46:56,771 [74164fff-0da3-452b-8e38-1858412758e6@group-D0772473F178-LeaderElection80] INFO  server.RaftServer$Division (RaftServerImpl.java:setRole(299)) - 74164fff-0da3-452b-8e38-1858412758e6@group-D0772473F178: changes role from CANDIDATE to FOLLOWER at term 5 for REJECTED
2022-05-26 01:46:56,771 [74164fff-0da3-452b-8e38-1858412758e6@group-D0772473F178-LeaderElection80] INFO  impl.RoleInfo (RoleInfo.java:shutdownLeaderElection(130)) - 74164fff-0da3-452b-8e38-1858412758e6: shutdown 74164fff-0da3-452b-8e38-1858412758e6@group-D0772473F178-LeaderElection80
2022-05-26 01:46:56,771 [74164fff-0da3-452b-8e38-1858412758e6@group-D0772473F178-LeaderElection80] INFO  impl.RoleInfo (RoleInfo.java:updateAndGet(139)) - 74164fff-0da3-452b-8e38-1858412758e6: start 74164fff-0da3-452b-8e38-1858412758e6@group-D0772473F178-FollowerState
2022-05-26 01:46:56,840 [grpc-default-executor-2] INFO  server.RaftServer$Division (RaftServerImpl.java:requestVote(1152)) - 74164fff-0da3-452b-8e38-1858412758e6@group-D0772473F178: receive requestVote(ELECTION, 8a233994-06fc-4896-836d-f0eef08dbba3, group-D0772473F178, 5, (t:0, i:0))
2022-05-26 01:46:56,841 [grpc-default-executor-2] INFO  impl.VoteContext (VoteContext.java:log(48)) - 74164fff-0da3-452b-8e38-1858412758e6@group-D0772473F178-FOLLOWER: reject ELECTION from 8a233994-06fc-4896-836d-f0eef08dbba3: already has voted for 74164fff-0da3-452b-8e38-1858412758e6 at current term 5
2022-05-26 01:46:56,841 [grpc-default-executor-2] INFO  server.RaftServer$Division (RaftServerImpl.java:requestVote(1184)) - 74164fff-0da3-452b-8e38-1858412758e6@group-D0772473F178 replies to ELECTION vote request: 8a233994-06fc-4896-836d-f0eef08dbba3<-74164fff-0da3-452b-8e38-1858412758e6#0:FAIL-t5. Peer's state: 74164fff-0da3-452b-8e38-1858412758e6@group-D0772473F178:t5, leader=null, voted=74164fff-0da3-452b-8e38-1858412758e6, raftlog=74164fff-0da3-452b-8e38-1858412758e6@group-D0772473F178-SegmentedRaftLog:OPENED:c-1, conf=-1: [13b42a2e-e9c9-4ea7-85e1-9ff027944fc9|rpc:10.1.0.18:43047|dataStream:|priority:0, 8a233994-06fc-4896-836d-f0eef08dbba3|rpc:10.1.0.18:40213|dataStream:|priority:0, 74164fff-0da3-452b-8e38-1858412758e6|rpc:10.1.0.18:39183|dataStream:|priority:1], old=null
2022-05-26 01:46:56,844 [8a233994-06fc-4896-836d-f0eef08dbba3@group-D0772473F178-LeaderElection81] INFO  impl.LeaderElection (LeaderElection.java:logAndReturn(90)) - 8a233994-06fc-4896-836d-f0eef08dbba3@group-D0772473F178-LeaderElection81: ELECTION REJECTED received 1 response(s) and 1 exception(s):
2022-05-26 01:46:56,847 [8a233994-06fc-4896-836d-f0eef08dbba3@group-D0772473F178-LeaderElection81] INFO  impl.LeaderElection (LeaderElection.java:logAndReturn(94)) -   Response 0: 8a233994-06fc-4896-836d-f0eef08dbba3<-74164fff-0da3-452b-8e38-1858412758e6#0:FAIL-t5
2022-05-26 01:46:56,847 [8a233994-06fc-4896-836d-f0eef08dbba3@group-D0772473F178-LeaderElection81] INFO  impl.LeaderElection (LogUtils.java:infoOrTrace(137)) -   Exception 1: java.util.concurrent.ExecutionException: org.apache.ratis.thirdparty.io.grpc.StatusRuntimeException: UNAVAILABLE: io exception
2022-05-26 01:46:56,847 [8a233994-06fc-4896-836d-f0eef08dbba3@group-D0772473F178-LeaderElection81] INFO  impl.LeaderElection (LeaderElection.java:askForVotes(312)) - 8a233994-06fc-4896-836d-f0eef08dbba3@group-D0772473F178-LeaderElection81 ELECTION round 0: result REJECTED
2022-05-26 01:46:56,847 [8a233994-06fc-4896-836d-f0eef08dbba3@group-D0772473F178-LeaderElection81] INFO  server.RaftServer$Division (RaftServerImpl.java:setRole(299)) - 8a233994-06fc-4896-836d-f0eef08dbba3@group-D0772473F178: changes role from CANDIDATE to FOLLOWER at term 5 for REJECTED
2022-05-26 01:46:56,847 [8a233994-06fc-4896-836d-f0eef08dbba3@group-D0772473F178-LeaderElection81] INFO  impl.RoleInfo (RoleInfo.java:shutdownLeaderElection(130)) - 8a233994-06fc-4896-836d-f0eef08dbba3: shutdown 8a233994-06fc-4896-836d-f0eef08dbba3@group-D0772473F178-LeaderElection81
2022-05-26 01:46:56,848 [8a233994-06fc-4896-836d-f0eef08dbba3@group-D0772473F178-LeaderElection81] INFO  impl.RoleInfo (RoleInfo.java:updateAndGet(139)) - 8a233994-06fc-4896-836d-f0eef08dbba3: start 8a233994-06fc-4896-836d-f0eef08dbba3@group-D0772473F178-FollowerState
2022-05-26 01:46:56,926 [grpc-default-executor-2] WARN  server.GrpcLogAppender (LogUtils.java:warn(122)) - 8a233994-06fc-4896-836d-f0eef08dbba3@group-33809F806F51->13b42a2e-e9c9-4ea7-85e1-9ff027944fc9-AppendLogResponseHandler: Failed appendEntries: org.apache.ratis.thirdparty.io.grpc.StatusRuntimeException: UNAVAILABLE: io exception
2022-05-26 01:46:56,960 [grpc-default-executor-2] WARN  server.GrpcLogAppender (GrpcLogAppender.java:resetClient(111)) - 8a233994-06fc-4896-836d-f0eef08dbba3@group-33809F806F51->13b42a2e-e9c9-4ea7-85e1-9ff027944fc9-GrpcLogAppender: Leader has not got in touch with Follower 8a233994-06fc-4896-836d-f0eef08dbba3@group-33809F806F51->13b42a2e-e9c9-4ea7-85e1-9ff027944fc9(c0,m0,n1, attendVote=true, lastRpcSendTime=33, lastRpcResponseTime=11444) yet, just keep nextIndex unchanged and retry.
2022-05-26 01:46:58,192 [grpc-default-executor-2] WARN  server.GrpcLogAppender (LogUtils.java:warn(122)) - 8a233994-06fc-4896-836d-f0eef08dbba3@group-33809F806F51->13b42a2e-e9c9-4ea7-85e1-9ff027944fc9-AppendLogResponseHandler: Failed appendEntries: org.apache.ratis.thirdparty.io.grpc.StatusRuntimeException: UNAVAILABLE: io exception
2022-05-26 01:46:58,193 [grpc-default-executor-2] WARN  server.GrpcLogAppender (GrpcLogAppender.java:resetClient(111)) - 8a233994-06fc-4896-836d-f0eef08dbba3@group-33809F806F51->13b42a2e-e9c9-4ea7-85e1-9ff027944fc9-GrpcLogAppender: Leader has not got in touch with Follower 8a233994-06fc-4896-836d-f0eef08dbba3@group-33809F806F51->13b42a2e-e9c9-4ea7-85e1-9ff027944fc9(c0,m0,n1, attendVote=true, lastRpcSendTime=0, lastRpcResponseTime=12677) yet, just keep nextIndex unchanged and retry.
2022-05-26 01:46:59,445 [grpc-default-executor-2] WARN  server.GrpcLogAppender (LogUtils.java:warn(122)) - 8a233994-06fc-4896-836d-f0eef08dbba3@group-33809F806F51->13b42a2e-e9c9-4ea7-85e1-9ff027944fc9-AppendLogResponseHandler: Failed appendEntries: org.apache.ratis.thirdparty.io.grpc.StatusRuntimeException: UNAVAILABLE: io exception
2022-05-26 01:46:59,446 [grpc-default-executor-2] WARN  server.GrpcLogAppender (GrpcLogAppender.java:resetClient(111)) - 8a233994-06fc-4896-836d-f0eef08dbba3@group-33809F806F51->13b42a2e-e9c9-4ea7-85e1-9ff027944fc9-GrpcLogAppender: Leader has not got in touch with Follower 8a233994-06fc-4896-836d-f0eef08dbba3@group-33809F806F51->13b42a2e-e9c9-4ea7-85e1-9ff027944fc9(c0,m0,n1, attendVote=true, lastRpcSendTime=1254, lastRpcResponseTime=13931) yet, just keep nextIndex unchanged and retry.
2022-05-26 01:47:00,712 [grpc-default-executor-1] WARN  server.GrpcLogAppender (LogUtils.java:warn(122)) - 8a233994-06fc-4896-836d-f0eef08dbba3@group-33809F806F51->13b42a2e-e9c9-4ea7-85e1-9ff027944fc9-AppendLogResponseHandler: Failed appendEntries: org.apache.ratis.thirdparty.io.grpc.StatusRuntimeException: UNAVAILABLE: io exception
2022-05-26 01:47:00,728 [grpc-default-executor-1] WARN  server.GrpcLogAppender (GrpcLogAppender.java:resetClient(111)) - 8a233994-06fc-4896-836d-f0eef08dbba3@group-33809F806F51->13b42a2e-e9c9-4ea7-85e1-9ff027944fc9-GrpcLogAppender: Leader has not got in touch with Follower 8a233994-06fc-4896-836d-f0eef08dbba3@group-33809F806F51->13b42a2e-e9c9-4ea7-85e1-9ff027944fc9(c0,m0,n1, attendVote=true, lastRpcSendTime=0, lastRpcResponseTime=15212) yet, just keep nextIndex unchanged and retry.
2022-05-26 01:47:01,980 [74164fff-0da3-452b-8e38-1858412758e6@group-D0772473F178-FollowerState] INFO  impl.FollowerState (FollowerState.java:run(143)) - 74164fff-0da3-452b-8e38-1858412758e6@group-D0772473F178-FollowerState: change to CANDIDATE, lastRpcElapsedTime:5208600413ns, electionTimeout:5140ms
2022-05-26 01:47:01,980 [74164fff-0da3-452b-8e38-1858412758e6@group-D0772473F178-FollowerState] INFO  impl.RoleInfo (RoleInfo.java:shutdownFollowerState(110)) - 74164fff-0da3-452b-8e38-1858412758e6: shutdown 74164fff-0da3-452b-8e38-1858412758e6@group-D0772473F178-FollowerState
2022-05-26 01:47:01,980 [74164fff-0da3-452b-8e38-1858412758e6@group-D0772473F178-FollowerState] INFO  server.RaftServer$Division (RaftServerImpl.java:setRole(299)) - 74164fff-0da3-452b-8e38-1858412758e6@group-D0772473F178: changes role from  FOLLOWER to CANDIDATE at term 5 for changeToCandidate
2022-05-26 01:47:01,980 [74164fff-0da3-452b-8e38-1858412758e6@group-D0772473F178-FollowerState] INFO  server.RaftServerConfigKeys (ConfUtils.java:logGet(46)) - raft.server.leaderelection.pre-vote = false (custom)
2022-05-26 01:47:01,980 [74164fff-0da3-452b-8e38-1858412758e6@group-D0772473F178-FollowerState] INFO  impl.RoleInfo (RoleInfo.java:updateAndGet(139)) - 74164fff-0da3-452b-8e38-1858412758e6: start 74164fff-0da3-452b-8e38-1858412758e6@group-D0772473F178-LeaderElection82
2022-05-26 01:47:01,981 [grpc-default-executor-1] WARN  server.GrpcLogAppender (LogUtils.java:warn(122)) - 8a233994-06fc-4896-836d-f0eef08dbba3@group-33809F806F51->13b42a2e-e9c9-4ea7-85e1-9ff027944fc9-AppendLogResponseHandler: Failed appendEntries: org.apache.ratis.thirdparty.io.grpc.StatusRuntimeException: UNAVAILABLE: io exception
2022-05-26 01:47:01,982 [grpc-default-executor-1] WARN  server.GrpcLogAppender (GrpcLogAppender.java:resetClient(111)) - 8a233994-06fc-4896-836d-f0eef08dbba3@group-33809F806F51->13b42a2e-e9c9-4ea7-85e1-9ff027944fc9-GrpcLogAppender: Leader has not got in touch with Follower 8a233994-06fc-4896-836d-f0eef08dbba3@group-33809F806F51->13b42a2e-e9c9-4ea7-85e1-9ff027944fc9(c0,m0,n1, attendVote=true, lastRpcSendTime=1254, lastRpcResponseTime=16466) yet, just keep nextIndex unchanged and retry.
2022-05-26 01:47:02,013 [74164fff-0da3-452b-8e38-1858412758e6@group-D0772473F178-LeaderElection82] INFO  impl.LeaderElection (LeaderElection.java:askForVotes(310)) - 74164fff-0da3-452b-8e38-1858412758e6@group-D0772473F178-LeaderElection82 ELECTION round 0: submit vote requests at term 6 for -1: [13b42a2e-e9c9-4ea7-85e1-9ff027944fc9|rpc:10.1.0.18:43047|dataStream:|priority:0, 8a233994-06fc-4896-836d-f0eef08dbba3|rpc:10.1.0.18:40213|dataStream:|priority:0, 74164fff-0da3-452b-8e38-1858412758e6|rpc:10.1.0.18:39183|dataStream:|priority:1], old=null
2022-05-26 01:47:02,042 [grpc-default-executor-1] INFO  server.RaftServer$Division (RaftServerImpl.java:requestVote(1152)) - 13b42a2e-e9c9-4ea7-85e1-9ff027944fc9@group-D0772473F178: receive requestVote(ELECTION, 74164fff-0da3-452b-8e38-1858412758e6, group-D0772473F178, 6, (t:0, i:0))
2022-05-26 01:47:02,042 [grpc-default-executor-1] WARN  server.GrpcServerProtocolService (LogUtils.java:warn(122)) - 13b42a2e-e9c9-4ea7-85e1-9ff027944fc9: Failed requestVote 74164fff-0da3-452b-8e38-1858412758e6->13b42a2e-e9c9-4ea7-85e1-9ff027944fc9#0: org.apache.ratis.protocol.exceptions.ServerNotReadyException: 13b42a2e-e9c9-4ea7-85e1-9ff027944fc9@group-D0772473F178 is not in [RUNNING]: current state is CLOSED
2022-05-26 01:47:02,047 [74164fff-0da3-452b-8e38-1858412758e6@group-D0772473F178-LeaderElection82] INFO  impl.LeaderElection (LogUtils.java:infoOrTrace(137)) - 74164fff-0da3-452b-8e38-1858412758e6@group-D0772473F178-LeaderElection82 got exception when requesting votes: java.util.concurrent.ExecutionException: org.apache.ratis.thirdparty.io.grpc.StatusRuntimeException: INTERNAL: 13b42a2e-e9c9-4ea7-85e1-9ff027944fc9@group-D0772473F178 is not in [RUNNING]: current state is CLOSED
2022-05-26 01:47:02,048 [8a233994-06fc-4896-836d-f0eef08dbba3@group-D0772473F178-FollowerState] INFO  impl.FollowerState (FollowerState.java:run(143)) - 8a233994-06fc-4896-836d-f0eef08dbba3@group-D0772473F178-FollowerState: change to CANDIDATE, lastRpcElapsedTime:5200591300ns, electionTimeout:5194ms
2022-05-26 01:47:02,048 [8a233994-06fc-4896-836d-f0eef08dbba3@group-D0772473F178-FollowerState] INFO  impl.RoleInfo (RoleInfo.java:shutdownFollowerState(110)) - 8a233994-06fc-4896-836d-f0eef08dbba3: shutdown 8a233994-06fc-4896-836d-f0eef08dbba3@group-D0772473F178-FollowerState
2022-05-26 01:47:02,048 [8a233994-06fc-4896-836d-f0eef08dbba3@group-D0772473F178-FollowerState] INFO  server.RaftServer$Division (RaftServerImpl.java:setRole(299)) - 8a233994-06fc-4896-836d-f0eef08dbba3@group-D0772473F178: changes role from  FOLLOWER to CANDIDATE at term 5 for changeToCandidate
2022-05-26 01:47:02,048 [8a233994-06fc-4896-836d-f0eef08dbba3@group-D0772473F178-FollowerState] INFO  server.RaftServerConfigKeys (ConfUtils.java:logGet(46)) - raft.server.leaderelection.pre-vote = false (custom)
2022-05-26 01:47:02,048 [8a233994-06fc-4896-836d-f0eef08dbba3@group-D0772473F178-FollowerState] INFO  impl.RoleInfo (RoleInfo.java:updateAndGet(139)) - 8a233994-06fc-4896-836d-f0eef08dbba3: start 8a233994-06fc-4896-836d-f0eef08dbba3@group-D0772473F178-LeaderElection83
2022-05-26 01:47:02,094 [8a233994-06fc-4896-836d-f0eef08dbba3@group-D0772473F178-LeaderElection83] INFO  impl.LeaderElection (LeaderElection.java:askForVotes(310)) - 8a233994-06fc-4896-836d-f0eef08dbba3@group-D0772473F178-LeaderElection83 ELECTION round 0: submit vote requests at term 6 for -1: [13b42a2e-e9c9-4ea7-85e1-9ff027944fc9|rpc:10.1.0.18:43047|dataStream:|priority:0, 8a233994-06fc-4896-836d-f0eef08dbba3|rpc:10.1.0.18:40213|dataStream:|priority:0, 74164fff-0da3-452b-8e38-1858412758e6|rpc:10.1.0.18:39183|dataStream:|priority:1], old=null
2022-05-26 01:47:02,108 [8a233994-06fc-4896-836d-f0eef08dbba3@group-D0772473F178-LeaderElection83] INFO  impl.LeaderElection (LogUtils.java:infoOrTrace(137)) - 8a233994-06fc-4896-836d-f0eef08dbba3@group-D0772473F178-LeaderElection83 got exception when requesting votes: java.util.concurrent.ExecutionException: org.apache.ratis.thirdparty.io.grpc.StatusRuntimeException: UNAVAILABLE: io exception
2022-05-26 01:47:02,118 [grpc-default-executor-1] INFO  server.RaftServer$Division (RaftServerImpl.java:requestVote(1152)) - 8a233994-06fc-4896-836d-f0eef08dbba3@group-D0772473F178: receive requestVote(ELECTION, 74164fff-0da3-452b-8e38-1858412758e6, group-D0772473F178, 6, (t:0, i:0))
2022-05-26 01:47:02,119 [grpc-default-executor-1] INFO  impl.VoteContext (VoteContext.java:log(48)) - 8a233994-06fc-4896-836d-f0eef08dbba3@group-D0772473F178-CANDIDATE: reject ELECTION from 74164fff-0da3-452b-8e38-1858412758e6: already has voted for 8a233994-06fc-4896-836d-f0eef08dbba3 at current term 6
2022-05-26 01:47:02,119 [grpc-default-executor-1] INFO  server.RaftServer$Division (RaftServerImpl.java:requestVote(1184)) - 8a233994-06fc-4896-836d-f0eef08dbba3@group-D0772473F178 replies to ELECTION vote request: 74164fff-0da3-452b-8e38-1858412758e6<-8a233994-06fc-4896-836d-f0eef08dbba3#0:FAIL-t6. Peer's state: 8a233994-06fc-4896-836d-f0eef08dbba3@group-D0772473F178:t6, leader=null, voted=8a233994-06fc-4896-836d-f0eef08dbba3, raftlog=8a233994-06fc-4896-836d-f0eef08dbba3@group-D0772473F178-SegmentedRaftLog:OPENED:c-1, conf=-1: [13b42a2e-e9c9-4ea7-85e1-9ff027944fc9|rpc:10.1.0.18:43047|dataStream:|priority:0, 8a233994-06fc-4896-836d-f0eef08dbba3|rpc:10.1.0.18:40213|dataStream:|priority:0, 74164fff-0da3-452b-8e38-1858412758e6|rpc:10.1.0.18:39183|dataStream:|priority:1], old=null
2022-05-26 01:47:02,120 [74164fff-0da3-452b-8e38-1858412758e6@group-D0772473F178-LeaderElection82] INFO  impl.LeaderElection (LeaderElection.java:logAndReturn(90)) - 74164fff-0da3-452b-8e38-1858412758e6@group-D0772473F178-LeaderElection82: ELECTION REJECTED received 1 response(s) and 1 exception(s):
2022-05-26 01:47:02,120 [74164fff-0da3-452b-8e38-1858412758e6@group-D0772473F178-LeaderElection82] INFO  impl.LeaderElection (LeaderElection.java:logAndReturn(94)) -   Response 0: 74164fff-0da3-452b-8e38-1858412758e6<-8a233994-06fc-4896-836d-f0eef08dbba3#0:FAIL-t6
2022-05-26 01:47:02,120 [74164fff-0da3-452b-8e38-1858412758e6@group-D0772473F178-LeaderElection82] INFO  impl.LeaderElection (LogUtils.java:infoOrTrace(137)) -   Exception 1: java.util.concurrent.ExecutionException: org.apache.ratis.thirdparty.io.grpc.StatusRuntimeException: INTERNAL: 13b42a2e-e9c9-4ea7-85e1-9ff027944fc9@group-D0772473F178 is not in [RUNNING]: current state is CLOSED
2022-05-26 01:47:02,120 [74164fff-0da3-452b-8e38-1858412758e6@group-D0772473F178-LeaderElection82] INFO  impl.LeaderElection (LeaderElection.java:askForVotes(312)) - 74164fff-0da3-452b-8e38-1858412758e6@group-D0772473F178-LeaderElection82 ELECTION round 0: result REJECTED
2022-05-26 01:47:02,120 [74164fff-0da3-452b-8e38-1858412758e6@group-D0772473F178-LeaderElection82] INFO  server.RaftServer$Division (RaftServerImpl.java:setRole(299)) - 74164fff-0da3-452b-8e38-1858412758e6@group-D0772473F178: changes role from CANDIDATE to FOLLOWER at term 6 for REJECTED
2022-05-26 01:47:02,120 [74164fff-0da3-452b-8e38-1858412758e6@group-D0772473F178-LeaderElection82] INFO  impl.RoleInfo (RoleInfo.java:shutdownLeaderElection(130)) - 74164fff-0da3-452b-8e38-1858412758e6: shutdown 74164fff-0da3-452b-8e38-1858412758e6@group-D0772473F178-LeaderElection82
2022-05-26 01:47:02,120 [74164fff-0da3-452b-8e38-1858412758e6@group-D0772473F178-LeaderElection82] INFO  impl.RoleInfo (RoleInfo.java:updateAndGet(139)) - 74164fff-0da3-452b-8e38-1858412758e6: start 74164fff-0da3-452b-8e38-1858412758e6@group-D0772473F178-FollowerState
2022-05-26 01:47:02,157 [grpc-default-executor-1] INFO  server.RaftServer$Division (RaftServerImpl.java:requestVote(1152)) - 74164fff-0da3-452b-8e38-1858412758e6@group-D0772473F178: receive requestVote(ELECTION, 8a233994-06fc-4896-836d-f0eef08dbba3, group-D0772473F178, 6, (t:0, i:0))
2022-05-26 01:47:02,157 [grpc-default-executor-1] INFO  impl.VoteContext (VoteContext.java:log(48)) - 74164fff-0da3-452b-8e38-1858412758e6@group-D0772473F178-FOLLOWER: reject ELECTION from 8a233994-06fc-4896-836d-f0eef08dbba3: already has voted for 74164fff-0da3-452b-8e38-1858412758e6 at current term 6
2022-05-26 01:47:02,157 [grpc-default-executor-1] INFO  server.RaftServer$Division (RaftServerImpl.java:requestVote(1184)) - 74164fff-0da3-452b-8e38-1858412758e6@group-D0772473F178 replies to ELECTION vote request: 8a233994-06fc-4896-836d-f0eef08dbba3<-74164fff-0da3-452b-8e38-1858412758e6#0:FAIL-t6. Peer's state: 74164fff-0da3-452b-8e38-1858412758e6@group-D0772473F178:t6, leader=null, voted=74164fff-0da3-452b-8e38-1858412758e6, raftlog=74164fff-0da3-452b-8e38-1858412758e6@group-D0772473F178-SegmentedRaftLog:OPENED:c-1, conf=-1: [13b42a2e-e9c9-4ea7-85e1-9ff027944fc9|rpc:10.1.0.18:43047|dataStream:|priority:0, 8a233994-06fc-4896-836d-f0eef08dbba3|rpc:10.1.0.18:40213|dataStream:|priority:0, 74164fff-0da3-452b-8e38-1858412758e6|rpc:10.1.0.18:39183|dataStream:|priority:1], old=null
2022-05-26 01:47:02,158 [8a233994-06fc-4896-836d-f0eef08dbba3@group-D0772473F178-LeaderElection83] INFO  impl.LeaderElection (LeaderElection.java:logAndReturn(90)) - 8a233994-06fc-4896-836d-f0eef08dbba3@group-D0772473F178-LeaderElection83: ELECTION REJECTED received 1 response(s) and 1 exception(s):
2022-05-26 01:47:02,158 [8a233994-06fc-4896-836d-f0eef08dbba3@group-D0772473F178-LeaderElection83] INFO  impl.LeaderElection (LeaderElection.java:logAndReturn(94)) -   Response 0: 8a233994-06fc-4896-836d-f0eef08dbba3<-74164fff-0da3-452b-8e38-1858412758e6#0:FAIL-t6
2022-05-26 01:47:02,158 [8a233994-06fc-4896-836d-f0eef08dbba3@group-D0772473F178-LeaderElection83] INFO  impl.LeaderElection (LogUtils.java:infoOrTrace(137)) -   Exception 1: java.util.concurrent.ExecutionException: org.apache.ratis.thirdparty.io.grpc.StatusRuntimeException: UNAVAILABLE: io exception
2022-05-26 01:47:02,158 [8a233994-06fc-4896-836d-f0eef08dbba3@group-D0772473F178-LeaderElection83] INFO  impl.LeaderElection (LeaderElection.java:askForVotes(312)) - 8a233994-06fc-4896-836d-f0eef08dbba3@group-D0772473F178-LeaderElection83 ELECTION round 0: result REJECTED
2022-05-26 01:47:02,158 [8a233994-06fc-4896-836d-f0eef08dbba3@group-D0772473F178-LeaderElection83] INFO  server.RaftServer$Division (RaftServerImpl.java:setRole(299)) - 8a233994-06fc-4896-836d-f0eef08dbba3@group-D0772473F178: changes role from CANDIDATE to FOLLOWER at term 6 for REJECTED
2022-05-26 01:47:02,158 [8a233994-06fc-4896-836d-f0eef08dbba3@group-D0772473F178-LeaderElection83] INFO  impl.RoleInfo (RoleInfo.java:shutdownLeaderElection(130)) - 8a233994-06fc-4896-836d-f0eef08dbba3: shutdown 8a233994-06fc-4896-836d-f0eef08dbba3@group-D0772473F178-LeaderElection83
2022-05-26 01:47:02,158 [8a233994-06fc-4896-836d-f0eef08dbba3@group-D0772473F178-LeaderElection83] INFO  impl.RoleInfo (RoleInfo.java:updateAndGet(139)) - 8a233994-06fc-4896-836d-f0eef08dbba3: start 8a233994-06fc-4896-836d-f0eef08dbba3@group-D0772473F178-FollowerState
2022-05-26 01:47:03,236 [grpc-default-executor-2] WARN  server.GrpcLogAppender (LogUtils.java:warn(122)) - 8a233994-06fc-4896-836d-f0eef08dbba3@group-33809F806F51->13b42a2e-e9c9-4ea7-85e1-9ff027944fc9-AppendLogResponseHandler: Failed appendEntries: org.apache.ratis.thirdparty.io.grpc.StatusRuntimeException: UNAVAILABLE: io exception
2022-05-26 01:47:03,252 [grpc-default-executor-2] WARN  server.GrpcLogAppender (GrpcLogAppender.java:resetClient(111)) - 8a233994-06fc-4896-836d-f0eef08dbba3@group-33809F806F51->13b42a2e-e9c9-4ea7-85e1-9ff027944fc9-GrpcLogAppender: Leader has not got in touch with Follower 8a233994-06fc-4896-836d-f0eef08dbba3@group-33809F806F51->13b42a2e-e9c9-4ea7-85e1-9ff027944fc9(c0,m0,n1, attendVote=true, lastRpcSendTime=16, lastRpcResponseTime=17737) yet, just keep nextIndex unchanged and retry.
2022-05-26 01:47:04,488 [grpc-default-executor-1] WARN  server.GrpcLogAppender (LogUtils.java:warn(122)) - 8a233994-06fc-4896-836d-f0eef08dbba3@group-33809F806F51->13b42a2e-e9c9-4ea7-85e1-9ff027944fc9-AppendLogResponseHandler: Failed appendEntries: org.apache.ratis.thirdparty.io.grpc.StatusRuntimeException: UNAVAILABLE: io exception
2022-05-26 01:47:04,489 [grpc-default-executor-1] WARN  server.GrpcLogAppender (GrpcLogAppender.java:resetClient(111)) - 8a233994-06fc-4896-836d-f0eef08dbba3@group-33809F806F51->13b42a2e-e9c9-4ea7-85e1-9ff027944fc9-GrpcLogAppender: Leader has not got in touch with Follower 8a233994-06fc-4896-836d-f0eef08dbba3@group-33809F806F51->13b42a2e-e9c9-4ea7-85e1-9ff027944fc9(c0,m0,n1, attendVote=true, lastRpcSendTime=1253, lastRpcResponseTime=18974) yet, just keep nextIndex unchanged and retry.
2022-05-26 01:47:05,748 [grpc-default-executor-1] WARN  server.GrpcLogAppender (LogUtils.java:warn(122)) - 8a233994-06fc-4896-836d-f0eef08dbba3@group-33809F806F51->13b42a2e-e9c9-4ea7-85e1-9ff027944fc9-AppendLogResponseHandler: Failed appendEntries: org.apache.ratis.thirdparty.io.grpc.StatusRuntimeException: UNAVAILABLE: io exception
2022-05-26 01:47:05,749 [grpc-default-executor-1] WARN  server.GrpcLogAppender (GrpcLogAppender.java:resetClient(111)) - 8a233994-06fc-4896-836d-f0eef08dbba3@group-33809F806F51->13b42a2e-e9c9-4ea7-85e1-9ff027944fc9-GrpcLogAppender: Leader has not got in touch with Follower 8a233994-06fc-4896-836d-f0eef08dbba3@group-33809F806F51->13b42a2e-e9c9-4ea7-85e1-9ff027944fc9(c0,m0,n1, attendVote=true, lastRpcSendTime=0, lastRpcResponseTime=20234) yet, just keep nextIndex unchanged and retry.
2022-05-26 01:47:07,001 [grpc-default-executor-1] WARN  server.GrpcLogAppender (LogUtils.java:warn(122)) - 8a233994-06fc-4896-836d-f0eef08dbba3@group-33809F806F51->13b42a2e-e9c9-4ea7-85e1-9ff027944fc9-AppendLogResponseHandler: Failed appendEntries: org.apache.ratis.thirdparty.io.grpc.StatusRuntimeException: UNAVAILABLE: io exception
2022-05-26 01:47:07,002 [grpc-default-executor-1] WARN  server.GrpcLogAppender (GrpcLogAppender.java:resetClient(111)) - 8a233994-06fc-4896-836d-f0eef08dbba3@group-33809F806F51->13b42a2e-e9c9-4ea7-85e1-9ff027944fc9-GrpcLogAppender: Leader has not got in touch with Follower 8a233994-06fc-4896-836d-f0eef08dbba3@group-33809F806F51->13b42a2e-e9c9-4ea7-85e1-9ff027944fc9(c0,m0,n1, attendVote=true, lastRpcSendTime=0, lastRpcResponseTime=21486) yet, just keep nextIndex unchanged and retry.
2022-05-26 01:47:07,271 [74164fff-0da3-452b-8e38-1858412758e6@group-D0772473F178-FollowerState] INFO  impl.FollowerState (FollowerState.java:run(143)) - 74164fff-0da3-452b-8e38-1858412758e6@group-D0772473F178-FollowerState: change to CANDIDATE, lastRpcElapsedTime:5150474262ns, electionTimeout:5072ms
2022-05-26 01:47:07,271 [74164fff-0da3-452b-8e38-1858412758e6@group-D0772473F178-FollowerState] INFO  impl.RoleInfo (RoleInfo.java:shutdownFollowerState(110)) - 74164fff-0da3-452b-8e38-1858412758e6: shutdown 74164fff-0da3-452b-8e38-1858412758e6@group-D0772473F178-FollowerState
2022-05-26 01:47:07,271 [74164fff-0da3-452b-8e38-1858412758e6@group-D0772473F178-FollowerState] INFO  server.RaftServer$Division (RaftServerImpl.java:setRole(299)) - 74164fff-0da3-452b-8e38-1858412758e6@group-D0772473F178: changes role from  FOLLOWER to CANDIDATE at term 6 for changeToCandidate
2022-05-26 01:47:07,271 [74164fff-0da3-452b-8e38-1858412758e6@group-D0772473F178-FollowerState] INFO  server.RaftServerConfigKeys (ConfUtils.java:logGet(46)) - raft.server.leaderelection.pre-vote = false (custom)
2022-05-26 01:47:07,271 [74164fff-0da3-452b-8e38-1858412758e6@group-D0772473F178-FollowerState] INFO  impl.RoleInfo (RoleInfo.java:updateAndGet(139)) - 74164fff-0da3-452b-8e38-1858412758e6: start 74164fff-0da3-452b-8e38-1858412758e6@group-D0772473F178-LeaderElection84
2022-05-26 01:47:07,301 [8a233994-06fc-4896-836d-f0eef08dbba3@group-D0772473F178-FollowerState] INFO  impl.FollowerState (FollowerState.java:run(143)) - 8a233994-06fc-4896-836d-f0eef08dbba3@group-D0772473F178-FollowerState: change to CANDIDATE, lastRpcElapsedTime:5143057056ns, electionTimeout:5097ms
2022-05-26 01:47:07,302 [8a233994-06fc-4896-836d-f0eef08dbba3@group-D0772473F178-FollowerState] INFO  impl.RoleInfo (RoleInfo.java:shutdownFollowerState(110)) - 8a233994-06fc-4896-836d-f0eef08dbba3: shutdown 8a233994-06fc-4896-836d-f0eef08dbba3@group-D0772473F178-FollowerState
2022-05-26 01:47:07,302 [8a233994-06fc-4896-836d-f0eef08dbba3@group-D0772473F178-FollowerState] INFO  server.RaftServer$Division (RaftServerImpl.java:setRole(299)) - 8a233994-06fc-4896-836d-f0eef08dbba3@group-D0772473F178: changes role from  FOLLOWER to CANDIDATE at term 6 for changeToCandidate
2022-05-26 01:47:07,302 [8a233994-06fc-4896-836d-f0eef08dbba3@group-D0772473F178-FollowerState] INFO  server.RaftServerConfigKeys (ConfUtils.java:logGet(46)) - raft.server.leaderelection.pre-vote = false (custom)
2022-05-26 01:47:07,302 [8a233994-06fc-4896-836d-f0eef08dbba3@group-D0772473F178-FollowerState] INFO  impl.RoleInfo (RoleInfo.java:updateAndGet(139)) - 8a233994-06fc-4896-836d-f0eef08dbba3: start 8a233994-06fc-4896-836d-f0eef08dbba3@group-D0772473F178-LeaderElection85
2022-05-26 01:47:07,324 [74164fff-0da3-452b-8e38-1858412758e6@group-D0772473F178-LeaderElection84] INFO  impl.LeaderElection (LeaderElection.java:askForVotes(310)) - 74164fff-0da3-452b-8e38-1858412758e6@group-D0772473F178-LeaderElection84 ELECTION round 0: submit vote requests at term 7 for -1: [13b42a2e-e9c9-4ea7-85e1-9ff027944fc9|rpc:10.1.0.18:43047|dataStream:|priority:0, 8a233994-06fc-4896-836d-f0eef08dbba3|rpc:10.1.0.18:40213|dataStream:|priority:0, 74164fff-0da3-452b-8e38-1858412758e6|rpc:10.1.0.18:39183|dataStream:|priority:1], old=null
2022-05-26 01:47:07,343 [grpc-default-executor-1] INFO  server.RaftServer$Division (RaftServerImpl.java:requestVote(1152)) - 13b42a2e-e9c9-4ea7-85e1-9ff027944fc9@group-D0772473F178: receive requestVote(ELECTION, 74164fff-0da3-452b-8e38-1858412758e6, group-D0772473F178, 7, (t:0, i:0))
2022-05-26 01:47:07,344 [grpc-default-executor-1] WARN  server.GrpcServerProtocolService (LogUtils.java:warn(122)) - 13b42a2e-e9c9-4ea7-85e1-9ff027944fc9: Failed requestVote 74164fff-0da3-452b-8e38-1858412758e6->13b42a2e-e9c9-4ea7-85e1-9ff027944fc9#0: org.apache.ratis.protocol.exceptions.ServerNotReadyException: 13b42a2e-e9c9-4ea7-85e1-9ff027944fc9@group-D0772473F178 is not in [RUNNING]: current state is CLOSED
2022-05-26 01:47:07,352 [74164fff-0da3-452b-8e38-1858412758e6@group-D0772473F178-LeaderElection84] INFO  impl.LeaderElection (LogUtils.java:infoOrTrace(137)) - 74164fff-0da3-452b-8e38-1858412758e6@group-D0772473F178-LeaderElection84 got exception when requesting votes: java.util.concurrent.ExecutionException: org.apache.ratis.thirdparty.io.grpc.StatusRuntimeException: INTERNAL: 13b42a2e-e9c9-4ea7-85e1-9ff027944fc9@group-D0772473F178 is not in [RUNNING]: current state is CLOSED
2022-05-26 01:47:07,368 [8a233994-06fc-4896-836d-f0eef08dbba3@group-D0772473F178-LeaderElection85] INFO  impl.LeaderElection (LeaderElection.java:askForVotes(310)) - 8a233994-06fc-4896-836d-f0eef08dbba3@group-D0772473F178-LeaderElection85 ELECTION round 0: submit vote requests at term 7 for -1: [13b42a2e-e9c9-4ea7-85e1-9ff027944fc9|rpc:10.1.0.18:43047|dataStream:|priority:0, 8a233994-06fc-4896-836d-f0eef08dbba3|rpc:10.1.0.18:40213|dataStream:|priority:0, 74164fff-0da3-452b-8e38-1858412758e6|rpc:10.1.0.18:39183|dataStream:|priority:1], old=null
2022-05-26 01:47:07,384 [8a233994-06fc-4896-836d-f0eef08dbba3@group-D0772473F178-LeaderElection85] INFO  impl.LeaderElection (LogUtils.java:infoOrTrace(137)) - 8a233994-06fc-4896-836d-f0eef08dbba3@group-D0772473F178-LeaderElection85 got exception when requesting votes: java.util.concurrent.ExecutionException: org.apache.ratis.thirdparty.io.grpc.StatusRuntimeException: UNAVAILABLE: io exception
2022-05-26 01:47:07,396 [grpc-default-executor-1] INFO  server.RaftServer$Division (RaftServerImpl.java:requestVote(1152)) - 8a233994-06fc-4896-836d-f0eef08dbba3@group-D0772473F178: receive requestVote(ELECTION, 74164fff-0da3-452b-8e38-1858412758e6, group-D0772473F178, 7, (t:0, i:0))
2022-05-26 01:47:07,397 [grpc-default-executor-1] INFO  impl.VoteContext (VoteContext.java:log(48)) - 8a233994-06fc-4896-836d-f0eef08dbba3@group-D0772473F178-CANDIDATE: reject ELECTION from 74164fff-0da3-452b-8e38-1858412758e6: already has voted for 8a233994-06fc-4896-836d-f0eef08dbba3 at current term 7
2022-05-26 01:47:07,397 [grpc-default-executor-1] INFO  server.RaftServer$Division (RaftServerImpl.java:requestVote(1184)) - 8a233994-06fc-4896-836d-f0eef08dbba3@group-D0772473F178 replies to ELECTION vote request: 74164fff-0da3-452b-8e38-1858412758e6<-8a233994-06fc-4896-836d-f0eef08dbba3#0:FAIL-t7. Peer's state: 8a233994-06fc-4896-836d-f0eef08dbba3@group-D0772473F178:t7, leader=null, voted=8a233994-06fc-4896-836d-f0eef08dbba3, raftlog=8a233994-06fc-4896-836d-f0eef08dbba3@group-D0772473F178-SegmentedRaftLog:OPENED:c-1, conf=-1: [13b42a2e-e9c9-4ea7-85e1-9ff027944fc9|rpc:10.1.0.18:43047|dataStream:|priority:0, 8a233994-06fc-4896-836d-f0eef08dbba3|rpc:10.1.0.18:40213|dataStream:|priority:0, 74164fff-0da3-452b-8e38-1858412758e6|rpc:10.1.0.18:39183|dataStream:|priority:1], old=null
2022-05-26 01:47:07,403 [74164fff-0da3-452b-8e38-1858412758e6@group-D0772473F178-LeaderElection84] INFO  impl.LeaderElection (LeaderElection.java:logAndReturn(90)) - 74164fff-0da3-452b-8e38-1858412758e6@group-D0772473F178-LeaderElection84: ELECTION REJECTED received 1 response(s) and 1 exception(s):
2022-05-26 01:47:07,403 [74164fff-0da3-452b-8e38-1858412758e6@group-D0772473F178-LeaderElection84] INFO  impl.LeaderElection (LeaderElection.java:logAndReturn(94)) -   Response 0: 74164fff-0da3-452b-8e38-1858412758e6<-8a233994-06fc-4896-836d-f0eef08dbba3#0:FAIL-t7
2022-05-26 01:47:07,403 [74164fff-0da3-452b-8e38-1858412758e6@group-D0772473F178-LeaderElection84] INFO  impl.LeaderElection (LogUtils.java:infoOrTrace(137)) -   Exception 1: java.util.concurrent.ExecutionException: org.apache.ratis.thirdparty.io.grpc.StatusRuntimeException: INTERNAL: 13b42a2e-e9c9-4ea7-85e1-9ff027944fc9@group-D0772473F178 is not in [RUNNING]: current state is CLOSED
2022-05-26 01:47:07,403 [74164fff-0da3-452b-8e38-1858412758e6@group-D0772473F178-LeaderElection84] INFO  impl.LeaderElection (LeaderElection.java:askForVotes(312)) - 74164fff-0da3-452b-8e38-1858412758e6@group-D0772473F178-LeaderElection84 ELECTION round 0: result REJECTED
2022-05-26 01:47:07,403 [74164fff-0da3-452b-8e38-1858412758e6@group-D0772473F178-LeaderElection84] INFO  server.RaftServer$Division (RaftServerImpl.java:setRole(299)) - 74164fff-0da3-452b-8e38-1858412758e6@group-D0772473F178: changes role from CANDIDATE to FOLLOWER at term 7 for REJECTED
2022-05-26 01:47:07,403 [74164fff-0da3-452b-8e38-1858412758e6@group-D0772473F178-LeaderElection84] INFO  impl.RoleInfo (RoleInfo.java:shutdownLeaderElection(130)) - 74164fff-0da3-452b-8e38-1858412758e6: shutdown 74164fff-0da3-452b-8e38-1858412758e6@group-D0772473F178-LeaderElection84
2022-05-26 01:47:07,403 [74164fff-0da3-452b-8e38-1858412758e6@group-D0772473F178-LeaderElection84] INFO  impl.RoleInfo (RoleInfo.java:updateAndGet(139)) - 74164fff-0da3-452b-8e38-1858412758e6: start 74164fff-0da3-452b-8e38-1858412758e6@group-D0772473F178-FollowerState
2022-05-26 01:47:07,472 [grpc-default-executor-1] INFO  server.RaftServer$Division (RaftServerImpl.java:requestVote(1152)) - 74164fff-0da3-452b-8e38-1858412758e6@group-D0772473F178: receive requestVote(ELECTION, 8a233994-06fc-4896-836d-f0eef08dbba3, group-D0772473F178, 7, (t:0, i:0))
2022-05-26 01:47:07,477 [grpc-default-executor-1] INFO  impl.VoteContext (VoteContext.java:log(48)) - 74164fff-0da3-452b-8e38-1858412758e6@group-D0772473F178-FOLLOWER: reject ELECTION from 8a233994-06fc-4896-836d-f0eef08dbba3: already has voted for 74164fff-0da3-452b-8e38-1858412758e6 at current term 7
2022-05-26 01:47:07,477 [grpc-default-executor-1] INFO  server.RaftServer$Division (RaftServerImpl.java:requestVote(1184)) - 74164fff-0da3-452b-8e38-1858412758e6@group-D0772473F178 replies to ELECTION vote request: 8a233994-06fc-4896-836d-f0eef08dbba3<-74164fff-0da3-452b-8e38-1858412758e6#0:FAIL-t7. Peer's state: 74164fff-0da3-452b-8e38-1858412758e6@group-D0772473F178:t7, leader=null, voted=74164fff-0da3-452b-8e38-1858412758e6, raftlog=74164fff-0da3-452b-8e38-1858412758e6@group-D0772473F178-SegmentedRaftLog:OPENED:c-1, conf=-1: [13b42a2e-e9c9-4ea7-85e1-9ff027944fc9|rpc:10.1.0.18:43047|dataStream:|priority:0, 8a233994-06fc-4896-836d-f0eef08dbba3|rpc:10.1.0.18:40213|dataStream:|priority:0, 74164fff-0da3-452b-8e38-1858412758e6|rpc:10.1.0.18:39183|dataStream:|priority:1], old=null
2022-05-26 01:47:07,480 [8a233994-06fc-4896-836d-f0eef08dbba3@group-D0772473F178-LeaderElection85] INFO  impl.LeaderElection (LeaderElection.java:logAndReturn(90)) - 8a233994-06fc-4896-836d-f0eef08dbba3@group-D0772473F178-LeaderElection85: ELECTION REJECTED received 1 response(s) and 1 exception(s):
2022-05-26 01:47:07,480 [8a233994-06fc-4896-836d-f0eef08dbba3@group-D0772473F178-LeaderElection85] INFO  impl.LeaderElection (LeaderElection.java:logAndReturn(94)) -   Response 0: 8a233994-06fc-4896-836d-f0eef08dbba3<-74164fff-0da3-452b-8e38-1858412758e6#0:FAIL-t7
2022-05-26 01:47:07,480 [8a233994-06fc-4896-836d-f0eef08dbba3@group-D0772473F178-LeaderElection85] INFO  impl.LeaderElection (LogUtils.java:infoOrTrace(137)) -   Exception 1: java.util.concurrent.ExecutionException: org.apache.ratis.thirdparty.io.grpc.StatusRuntimeException: UNAVAILABLE: io exception
2022-05-26 01:47:07,480 [8a233994-06fc-4896-836d-f0eef08dbba3@group-D0772473F178-LeaderElection85] INFO  impl.LeaderElection (LeaderElection.java:askForVotes(312)) - 8a233994-06fc-4896-836d-f0eef08dbba3@group-D0772473F178-LeaderElection85 ELECTION round 0: result REJECTED
2022-05-26 01:47:07,480 [8a233994-06fc-4896-836d-f0eef08dbba3@group-D0772473F178-LeaderElection85] INFO  server.RaftServer$Division (RaftServerImpl.java:setRole(299)) - 8a233994-06fc-4896-836d-f0eef08dbba3@group-D0772473F178: changes role from CANDIDATE to FOLLOWER at term 7 for REJECTED
2022-05-26 01:47:07,480 [8a233994-06fc-4896-836d-f0eef08dbba3@group-D0772473F178-LeaderElection85] INFO  impl.RoleInfo (RoleInfo.java:shutdownLeaderElection(130)) - 8a233994-06fc-4896-836d-f0eef08dbba3: shutdown 8a233994-06fc-4896-836d-f0eef08dbba3@group-D0772473F178-LeaderElection85
2022-05-26 01:47:07,480 [8a233994-06fc-4896-836d-f0eef08dbba3@group-D0772473F178-LeaderElection85] INFO  impl.RoleInfo (RoleInfo.java:updateAndGet(139)) - 8a233994-06fc-4896-836d-f0eef08dbba3: start 8a233994-06fc-4896-836d-f0eef08dbba3@group-D0772473F178-FollowerState
2022-05-26 01:47:08,256 [grpc-default-executor-1] WARN  server.GrpcLogAppender (LogUtils.java:warn(122)) - 8a233994-06fc-4896-836d-f0eef08dbba3@group-33809F806F51->13b42a2e-e9c9-4ea7-85e1-9ff027944fc9-AppendLogResponseHandler: Failed appendEntries: org.apache.ratis.thirdparty.io.grpc.StatusRuntimeException: UNAVAILABLE: io exception
2022-05-26 01:47:08,258 [grpc-default-executor-1] WARN  server.GrpcLogAppender (GrpcLogAppender.java:resetClient(111)) - 8a233994-06fc-4896-836d-f0eef08dbba3@group-33809F806F51->13b42a2e-e9c9-4ea7-85e1-9ff027944fc9-GrpcLogAppender: Leader has not got in touch with Follower 8a233994-06fc-4896-836d-f0eef08dbba3@group-33809F806F51->13b42a2e-e9c9-4ea7-85e1-9ff027944fc9(c0,m0,n1, attendVote=true, lastRpcSendTime=3, lastRpcResponseTime=22742) yet, just keep nextIndex unchanged and retry.
2022-05-26 01:47:09,505 [grpc-default-executor-1] WARN  server.GrpcLogAppender (LogUtils.java:warn(122)) - 8a233994-06fc-4896-836d-f0eef08dbba3@group-33809F806F51->13b42a2e-e9c9-4ea7-85e1-9ff027944fc9-AppendLogResponseHandler: Failed appendEntries: org.apache.ratis.thirdparty.io.grpc.StatusRuntimeException: UNAVAILABLE: io exception
2022-05-26 01:47:09,505 [grpc-default-executor-1] WARN  server.GrpcLogAppender (GrpcLogAppender.java:resetClient(111)) - 8a233994-06fc-4896-836d-f0eef08dbba3@group-33809F806F51->13b42a2e-e9c9-4ea7-85e1-9ff027944fc9-GrpcLogAppender: Leader has not got in touch with Follower 8a233994-06fc-4896-836d-f0eef08dbba3@group-33809F806F51->13b42a2e-e9c9-4ea7-85e1-9ff027944fc9(c0,m0,n1, attendVote=true, lastRpcSendTime=0, lastRpcResponseTime=23990) yet, just keep nextIndex unchanged and retry.
2022-05-26 01:47:10,755 [grpc-default-executor-1] WARN  server.GrpcLogAppender (LogUtils.java:warn(122)) - 8a233994-06fc-4896-836d-f0eef08dbba3@group-33809F806F51->13b42a2e-e9c9-4ea7-85e1-9ff027944fc9-AppendLogResponseHandler: Failed appendEntries: org.apache.ratis.thirdparty.io.grpc.StatusRuntimeException: UNAVAILABLE: io exception
2022-05-26 01:47:10,756 [grpc-default-executor-1] WARN  server.GrpcLogAppender (GrpcLogAppender.java:resetClient(111)) - 8a233994-06fc-4896-836d-f0eef08dbba3@group-33809F806F51->13b42a2e-e9c9-4ea7-85e1-9ff027944fc9-GrpcLogAppender: Leader has not got in touch with Follower 8a233994-06fc-4896-836d-f0eef08dbba3@group-33809F806F51->13b42a2e-e9c9-4ea7-85e1-9ff027944fc9(c0,m0,n1, attendVote=true, lastRpcSendTime=0, lastRpcResponseTime=25241) yet, just keep nextIndex unchanged and retry.
2022-05-26 01:47:12,011 [grpc-default-executor-1] WARN  server.GrpcLogAppender (LogUtils.java:warn(122)) - 8a233994-06fc-4896-836d-f0eef08dbba3@group-33809F806F51->13b42a2e-e9c9-4ea7-85e1-9ff027944fc9-AppendLogResponseHandler: Failed appendEntries: org.apache.ratis.thirdparty.io.grpc.StatusRuntimeException: UNAVAILABLE: io exception
2022-05-26 01:47:12,011 [grpc-default-executor-1] WARN  server.GrpcLogAppender (GrpcLogAppender.java:resetClient(111)) - 8a233994-06fc-4896-836d-f0eef08dbba3@group-33809F806F51->13b42a2e-e9c9-4ea7-85e1-9ff027944fc9-GrpcLogAppender: Leader has not got in touch with Follower 8a233994-06fc-4896-836d-f0eef08dbba3@group-33809F806F51->13b42a2e-e9c9-4ea7-85e1-9ff027944fc9(c0,m0,n1, attendVote=true, lastRpcSendTime=1256, lastRpcResponseTime=26496) yet, just keep nextIndex unchanged and retry.
2022-05-26 01:47:12,466 [74164fff-0da3-452b-8e38-1858412758e6@group-D0772473F178-FollowerState] INFO  impl.FollowerState (FollowerState.java:run(143)) - 74164fff-0da3-452b-8e38-1858412758e6@group-D0772473F178-FollowerState: change to CANDIDATE, lastRpcElapsedTime:5062520690ns, electionTimeout:5041ms
2022-05-26 01:47:12,466 [74164fff-0da3-452b-8e38-1858412758e6@group-D0772473F178-FollowerState] INFO  impl.RoleInfo (RoleInfo.java:shutdownFollowerState(110)) - 74164fff-0da3-452b-8e38-1858412758e6: shutdown 74164fff-0da3-452b-8e38-1858412758e6@group-D0772473F178-FollowerState
2022-05-26 01:47:12,466 [74164fff-0da3-452b-8e38-1858412758e6@group-D0772473F178-FollowerState] INFO  server.RaftServer$Division (RaftServerImpl.java:setRole(299)) - 74164fff-0da3-452b-8e38-1858412758e6@group-D0772473F178: changes role from  FOLLOWER to CANDIDATE at term 7 for changeToCandidate
2022-05-26 01:47:12,466 [74164fff-0da3-452b-8e38-1858412758e6@group-D0772473F178-FollowerState] INFO  server.RaftServerConfigKeys (ConfUtils.java:logGet(46)) - raft.server.leaderelection.pre-vote = false (custom)
2022-05-26 01:47:12,466 [74164fff-0da3-452b-8e38-1858412758e6@group-D0772473F178-FollowerState] INFO  impl.RoleInfo (RoleInfo.java:updateAndGet(139)) - 74164fff-0da3-452b-8e38-1858412758e6: start 74164fff-0da3-452b-8e38-1858412758e6@group-D0772473F178-LeaderElection86
2022-05-26 01:47:12,521 [8a233994-06fc-4896-836d-f0eef08dbba3@group-D0772473F178-FollowerState] INFO  impl.FollowerState (FollowerState.java:run(143)) - 8a233994-06fc-4896-836d-f0eef08dbba3@group-D0772473F178-FollowerState: change to CANDIDATE, lastRpcElapsedTime:5040823984ns, electionTimeout:5033ms
2022-05-26 01:47:12,521 [8a233994-06fc-4896-836d-f0eef08dbba3@group-D0772473F178-FollowerState] INFO  impl.RoleInfo (RoleInfo.java:shutdownFollowerState(110)) - 8a233994-06fc-4896-836d-f0eef08dbba3: shutdown 8a233994-06fc-4896-836d-f0eef08dbba3@group-D0772473F178-FollowerState
2022-05-26 01:47:12,521 [8a233994-06fc-4896-836d-f0eef08dbba3@group-D0772473F178-FollowerState] INFO  server.RaftServer$Division (RaftServerImpl.java:setRole(299)) - 8a233994-06fc-4896-836d-f0eef08dbba3@group-D0772473F178: changes role from  FOLLOWER to CANDIDATE at term 7 for changeToCandidate
2022-05-26 01:47:12,521 [8a233994-06fc-4896-836d-f0eef08dbba3@group-D0772473F178-FollowerState] INFO  server.RaftServerConfigKeys (ConfUtils.java:logGet(46)) - raft.server.leaderelection.pre-vote = false (custom)
2022-05-26 01:47:12,521 [8a233994-06fc-4896-836d-f0eef08dbba3@group-D0772473F178-FollowerState] INFO  impl.RoleInfo (RoleInfo.java:updateAndGet(139)) - 8a233994-06fc-4896-836d-f0eef08dbba3: start 8a233994-06fc-4896-836d-f0eef08dbba3@group-D0772473F178-LeaderElection87
2022-05-26 01:47:12,522 [74164fff-0da3-452b-8e38-1858412758e6@group-D0772473F178-LeaderElection86] INFO  impl.LeaderElection (LeaderElection.java:askForVotes(310)) - 74164fff-0da3-452b-8e38-1858412758e6@group-D0772473F178-LeaderElection86 ELECTION round 0: submit vote requests at term 8 for -1: [13b42a2e-e9c9-4ea7-85e1-9ff027944fc9|rpc:10.1.0.18:43047|dataStream:|priority:0, 8a233994-06fc-4896-836d-f0eef08dbba3|rpc:10.1.0.18:40213|dataStream:|priority:0, 74164fff-0da3-452b-8e38-1858412758e6|rpc:10.1.0.18:39183|dataStream:|priority:1], old=null
2022-05-26 01:47:12,624 [8a233994-06fc-4896-836d-f0eef08dbba3@group-D0772473F178-LeaderElection87] INFO  impl.LeaderElection (LeaderElection.java:askForVotes(310)) - 8a233994-06fc-4896-836d-f0eef08dbba3@group-D0772473F178-LeaderElection87 ELECTION round 0: submit vote requests at term 8 for -1: [13b42a2e-e9c9-4ea7-85e1-9ff027944fc9|rpc:10.1.0.18:43047|dataStream:|priority:0, 8a233994-06fc-4896-836d-f0eef08dbba3|rpc:10.1.0.18:40213|dataStream:|priority:0, 74164fff-0da3-452b-8e38-1858412758e6|rpc:10.1.0.18:39183|dataStream:|priority:1], old=null
2022-05-26 01:47:12,640 [8a233994-06fc-4896-836d-f0eef08dbba3@group-D0772473F178-LeaderElection87] INFO  impl.LeaderElection (LogUtils.java:infoOrTrace(137)) - 8a233994-06fc-4896-836d-f0eef08dbba3@group-D0772473F178-LeaderElection87 got exception when requesting votes: java.util.concurrent.ExecutionException: org.apache.ratis.thirdparty.io.grpc.StatusRuntimeException: UNAVAILABLE: io exception
2022-05-26 01:47:12,645 [grpc-default-executor-1] INFO  server.RaftServer$Division (RaftServerImpl.java:requestVote(1152)) - 13b42a2e-e9c9-4ea7-85e1-9ff027944fc9@group-D0772473F178: receive requestVote(ELECTION, 74164fff-0da3-452b-8e38-1858412758e6, group-D0772473F178, 8, (t:0, i:0))
2022-05-26 01:47:12,655 [grpc-default-executor-1] WARN  server.GrpcServerProtocolService (LogUtils.java:warn(122)) - 13b42a2e-e9c9-4ea7-85e1-9ff027944fc9: Failed requestVote 74164fff-0da3-452b-8e38-1858412758e6->13b42a2e-e9c9-4ea7-85e1-9ff027944fc9#0: org.apache.ratis.protocol.exceptions.ServerNotReadyException: 13b42a2e-e9c9-4ea7-85e1-9ff027944fc9@group-D0772473F178 is not in [RUNNING]: current state is CLOSED
2022-05-26 01:47:12,676 [grpc-default-executor-2] INFO  server.RaftServer$Division (RaftServerImpl.java:requestVote(1152)) - 8a233994-06fc-4896-836d-f0eef08dbba3@group-D0772473F178: receive requestVote(ELECTION, 74164fff-0da3-452b-8e38-1858412758e6, group-D0772473F178, 8, (t:0, i:0))
2022-05-26 01:47:12,676 [grpc-default-executor-2] INFO  impl.VoteContext (VoteContext.java:log(48)) - 8a233994-06fc-4896-836d-f0eef08dbba3@group-D0772473F178-CANDIDATE: reject ELECTION from 74164fff-0da3-452b-8e38-1858412758e6: already has voted for 8a233994-06fc-4896-836d-f0eef08dbba3 at current term 8
2022-05-26 01:47:12,676 [grpc-default-executor-2] INFO  server.RaftServer$Division (RaftServerImpl.java:requestVote(1184)) - 8a233994-06fc-4896-836d-f0eef08dbba3@group-D0772473F178 replies to ELECTION vote request: 74164fff-0da3-452b-8e38-1858412758e6<-8a233994-06fc-4896-836d-f0eef08dbba3#0:FAIL-t8. Peer's state: 8a233994-06fc-4896-836d-f0eef08dbba3@group-D0772473F178:t8, leader=null, voted=8a233994-06fc-4896-836d-f0eef08dbba3, raftlog=8a233994-06fc-4896-836d-f0eef08dbba3@group-D0772473F178-SegmentedRaftLog:OPENED:c-1, conf=-1: [13b42a2e-e9c9-4ea7-85e1-9ff027944fc9|rpc:10.1.0.18:43047|dataStream:|priority:0, 8a233994-06fc-4896-836d-f0eef08dbba3|rpc:10.1.0.18:40213|dataStream:|priority:0, 74164fff-0da3-452b-8e38-1858412758e6|rpc:10.1.0.18:39183|dataStream:|priority:1], old=null
2022-05-26 01:47:12,681 [grpc-default-executor-0] INFO  server.RaftServer$Division (RaftServerImpl.java:requestVote(1152)) - 74164fff-0da3-452b-8e38-1858412758e6@group-D0772473F178: receive requestVote(ELECTION, 8a233994-06fc-4896-836d-f0eef08dbba3, group-D0772473F178, 8, (t:0, i:0))
2022-05-26 01:47:12,681 [grpc-default-executor-0] INFO  impl.VoteContext (VoteContext.java:log(48)) - 74164fff-0da3-452b-8e38-1858412758e6@group-D0772473F178-CANDIDATE: reject ELECTION from 8a233994-06fc-4896-836d-f0eef08dbba3: already has voted for 74164fff-0da3-452b-8e38-1858412758e6 at current term 8
2022-05-26 01:47:12,681 [grpc-default-executor-0] INFO  server.RaftServer$Division (RaftServerImpl.java:requestVote(1184)) - 74164fff-0da3-452b-8e38-1858412758e6@group-D0772473F178 replies to ELECTION vote request: 8a233994-06fc-4896-836d-f0eef08dbba3<-74164fff-0da3-452b-8e38-1858412758e6#0:FAIL-t8. Peer's state: 74164fff-0da3-452b-8e38-1858412758e6@group-D0772473F178:t8, leader=null, voted=74164fff-0da3-452b-8e38-1858412758e6, raftlog=74164fff-0da3-452b-8e38-1858412758e6@group-D0772473F178-SegmentedRaftLog:OPENED:c-1, conf=-1: [13b42a2e-e9c9-4ea7-85e1-9ff027944fc9|rpc:10.1.0.18:43047|dataStream:|priority:0, 8a233994-06fc-4896-836d-f0eef08dbba3|rpc:10.1.0.18:40213|dataStream:|priority:0, 74164fff-0da3-452b-8e38-1858412758e6|rpc:10.1.0.18:39183|dataStream:|priority:1], old=null
2022-05-26 01:47:12,684 [8a233994-06fc-4896-836d-f0eef08dbba3@group-D0772473F178-LeaderElection87] INFO  impl.LeaderElection (LeaderElection.java:logAndReturn(90)) - 8a233994-06fc-4896-836d-f0eef08dbba3@group-D0772473F178-LeaderElection87: ELECTION REJECTED received 1 response(s) and 1 exception(s):
2022-05-26 01:47:12,705 [8a233994-06fc-4896-836d-f0eef08dbba3@group-D0772473F178-LeaderElection87] INFO  impl.LeaderElection (LeaderElection.java:logAndReturn(94)) -   Response 0: 8a233994-06fc-4896-836d-f0eef08dbba3<-74164fff-0da3-452b-8e38-1858412758e6#0:FAIL-t8
2022-05-26 01:47:12,705 [8a233994-06fc-4896-836d-f0eef08dbba3@group-D0772473F178-LeaderElection87] INFO  impl.LeaderElection (LogUtils.java:infoOrTrace(137)) -   Exception 1: java.util.concurrent.ExecutionException: org.apache.ratis.thirdparty.io.grpc.StatusRuntimeException: UNAVAILABLE: io exception
2022-05-26 01:47:12,705 [8a233994-06fc-4896-836d-f0eef08dbba3@group-D0772473F178-LeaderElection87] INFO  impl.LeaderElection (LeaderElection.java:askForVotes(312)) - 8a233994-06fc-4896-836d-f0eef08dbba3@group-D0772473F178-LeaderElection87 ELECTION round 0: result REJECTED
2022-05-26 01:47:12,705 [8a233994-06fc-4896-836d-f0eef08dbba3@group-D0772473F178-LeaderElection87] INFO  server.RaftServer$Division (RaftServerImpl.java:setRole(299)) - 8a233994-06fc-4896-836d-f0eef08dbba3@group-D0772473F178: changes role from CANDIDATE to FOLLOWER at term 8 for REJECTED
2022-05-26 01:47:12,705 [8a233994-06fc-4896-836d-f0eef08dbba3@group-D0772473F178-LeaderElection87] INFO  impl.RoleInfo (RoleInfo.java:shutdownLeaderElection(130)) - 8a233994-06fc-4896-836d-f0eef08dbba3: shutdown 8a233994-06fc-4896-836d-f0eef08dbba3@group-D0772473F178-LeaderElection87
2022-05-26 01:47:12,705 [8a233994-06fc-4896-836d-f0eef08dbba3@group-D0772473F178-LeaderElection87] INFO  impl.RoleInfo (RoleInfo.java:updateAndGet(139)) - 8a233994-06fc-4896-836d-f0eef08dbba3: start 8a233994-06fc-4896-836d-f0eef08dbba3@group-D0772473F178-FollowerState
2022-05-26 01:47:12,709 [74164fff-0da3-452b-8e38-1858412758e6@group-D0772473F178-LeaderElection86] INFO  impl.LeaderElection (LogUtils.java:infoOrTrace(137)) - 74164fff-0da3-452b-8e38-1858412758e6@group-D0772473F178-LeaderElection86 got exception when requesting votes: java.util.concurrent.ExecutionException: org.apache.ratis.thirdparty.io.grpc.StatusRuntimeException: INTERNAL: 13b42a2e-e9c9-4ea7-85e1-9ff027944fc9@group-D0772473F178 is not in [RUNNING]: current state is CLOSED
2022-05-26 01:47:12,711 [74164fff-0da3-452b-8e38-1858412758e6@group-D0772473F178-LeaderElection86] INFO  impl.LeaderElection (LeaderElection.java:logAndReturn(90)) - 74164fff-0da3-452b-8e38-1858412758e6@group-D0772473F178-LeaderElection86: ELECTION REJECTED received 1 response(s) and 1 exception(s):
2022-05-26 01:47:12,712 [74164fff-0da3-452b-8e38-1858412758e6@group-D0772473F178-LeaderElection86] INFO  impl.LeaderElection (LeaderElection.java:logAndReturn(94)) -   Response 0: 74164fff-0da3-452b-8e38-1858412758e6<-8a233994-06fc-4896-836d-f0eef08dbba3#0:FAIL-t8
2022-05-26 01:47:12,712 [74164fff-0da3-452b-8e38-1858412758e6@group-D0772473F178-LeaderElection86] INFO  impl.LeaderElection (LogUtils.java:infoOrTrace(137)) -   Exception 1: java.util.concurrent.ExecutionException: org.apache.ratis.thirdparty.io.grpc.StatusRuntimeException: INTERNAL: 13b42a2e-e9c9-4ea7-85e1-9ff027944fc9@group-D0772473F178 is not in [RUNNING]: current state is CLOSED
2022-05-26 01:47:12,712 [74164fff-0da3-452b-8e38-1858412758e6@group-D0772473F178-LeaderElection86] INFO  impl.LeaderElection (LeaderElection.java:askForVotes(312)) - 74164fff-0da3-452b-8e38-1858412758e6@group-D0772473F178-LeaderElection86 ELECTION round 0: result REJECTED
2022-05-26 01:47:12,712 [74164fff-0da3-452b-8e38-1858412758e6@group-D0772473F178-LeaderElection86] INFO  server.RaftServer$Division (RaftServerImpl.java:setRole(299)) - 74164fff-0da3-452b-8e38-1858412758e6@group-D0772473F178: changes role from CANDIDATE to FOLLOWER at term 8 for REJECTED
2022-05-26 01:47:12,712 [74164fff-0da3-452b-8e38-1858412758e6@group-D0772473F178-LeaderElection86] INFO  impl.RoleInfo (RoleInfo.java:shutdownLeaderElection(130)) - 74164fff-0da3-452b-8e38-1858412758e6: shutdown 74164fff-0da3-452b-8e38-1858412758e6@group-D0772473F178-LeaderElection86
2022-05-26 01:47:12,712 [74164fff-0da3-452b-8e38-1858412758e6@group-D0772473F178-LeaderElection86] INFO  impl.RoleInfo (RoleInfo.java:updateAndGet(139)) - 74164fff-0da3-452b-8e38-1858412758e6: start 74164fff-0da3-452b-8e38-1858412758e6@group-D0772473F178-FollowerState
2022-05-26 01:47:13,262 [grpc-default-executor-1] WARN  server.GrpcLogAppender (LogUtils.java:warn(122)) - 8a233994-06fc-4896-836d-f0eef08dbba3@group-33809F806F51->13b42a2e-e9c9-4ea7-85e1-9ff027944fc9-AppendLogResponseHandler: Failed appendEntries: org.apache.ratis.thirdparty.io.grpc.StatusRuntimeException: UNAVAILABLE: io exception
2022-05-26 01:47:13,263 [grpc-default-executor-1] WARN  server.GrpcLogAppender (GrpcLogAppender.java:resetClient(111)) - 8a233994-06fc-4896-836d-f0eef08dbba3@group-33809F806F51->13b42a2e-e9c9-4ea7-85e1-9ff027944fc9-GrpcLogAppender: Leader has not got in touch with Follower 8a233994-06fc-4896-836d-f0eef08dbba3@group-33809F806F51->13b42a2e-e9c9-4ea7-85e1-9ff027944fc9(c0,m0,n1, attendVote=true, lastRpcSendTime=0, lastRpcResponseTime=27748) yet, just keep nextIndex unchanged and retry.
2022-05-26 01:47:14,536 [grpc-default-executor-1] WARN  server.GrpcLogAppender (LogUtils.java:warn(122)) - 8a233994-06fc-4896-836d-f0eef08dbba3@group-33809F806F51->13b42a2e-e9c9-4ea7-85e1-9ff027944fc9-AppendLogResponseHandler: Failed appendEntries: org.apache.ratis.thirdparty.io.grpc.StatusRuntimeException: UNAVAILABLE: io exception
2022-05-26 01:47:14,537 [grpc-default-executor-1] WARN  server.GrpcLogAppender (GrpcLogAppender.java:resetClient(111)) - 8a233994-06fc-4896-836d-f0eef08dbba3@group-33809F806F51->13b42a2e-e9c9-4ea7-85e1-9ff027944fc9-GrpcLogAppender: Leader has not got in touch with Follower 8a233994-06fc-4896-836d-f0eef08dbba3@group-33809F806F51->13b42a2e-e9c9-4ea7-85e1-9ff027944fc9(c0,m0,n1, attendVote=true, lastRpcSendTime=1275, lastRpcResponseTime=29022) yet, just keep nextIndex unchanged and retry.
2022-05-26 01:47:15,790 [grpc-default-executor-1] WARN  server.GrpcLogAppender (LogUtils.java:warn(122)) - 8a233994-06fc-4896-836d-f0eef08dbba3@group-33809F806F51->13b42a2e-e9c9-4ea7-85e1-9ff027944fc9-AppendLogResponseHandler: Failed appendEntries: org.apache.ratis.thirdparty.io.grpc.StatusRuntimeException: UNAVAILABLE: io exception
2022-05-26 01:47:15,792 [grpc-default-executor-1] WARN  server.GrpcLogAppender (GrpcLogAppender.java:resetClient(111)) - 8a233994-06fc-4896-836d-f0eef08dbba3@group-33809F806F51->13b42a2e-e9c9-4ea7-85e1-9ff027944fc9-GrpcLogAppender: Leader has not got in touch with Follower 8a233994-06fc-4896-836d-f0eef08dbba3@group-33809F806F51->13b42a2e-e9c9-4ea7-85e1-9ff027944fc9(c0,m0,n1, attendVote=true, lastRpcSendTime=1252, lastRpcResponseTime=30277) yet, just keep nextIndex unchanged and retry.
2022-05-26 01:47:17,053 [grpc-default-executor-1] WARN  server.GrpcLogAppender (LogUtils.java:warn(122)) - 8a233994-06fc-4896-836d-f0eef08dbba3@group-33809F806F51->13b42a2e-e9c9-4ea7-85e1-9ff027944fc9-AppendLogResponseHandler: Failed appendEntries: org.apache.ratis.thirdparty.io.grpc.StatusRuntimeException: UNAVAILABLE: io exception
2022-05-26 01:47:17,053 [grpc-default-executor-1] WARN  server.GrpcLogAppender (GrpcLogAppender.java:resetClient(111)) - 8a233994-06fc-4896-836d-f0eef08dbba3@group-33809F806F51->13b42a2e-e9c9-4ea7-85e1-9ff027944fc9-GrpcLogAppender: Leader has not got in touch with Follower 8a233994-06fc-4896-836d-f0eef08dbba3@group-33809F806F51->13b42a2e-e9c9-4ea7-85e1-9ff027944fc9(c0,m0,n1, attendVote=true, lastRpcSendTime=1, lastRpcResponseTime=31538) yet, just keep nextIndex unchanged and retry.
2022-05-26 01:47:17,737 [74164fff-0da3-452b-8e38-1858412758e6@group-D0772473F178-FollowerState] INFO  impl.FollowerState (FollowerState.java:run(143)) - 74164fff-0da3-452b-8e38-1858412758e6@group-D0772473F178-FollowerState: change to CANDIDATE, lastRpcElapsedTime:5025464337ns, electionTimeout:5025ms
2022-05-26 01:47:17,737 [74164fff-0da3-452b-8e38-1858412758e6@group-D0772473F178-FollowerState] INFO  impl.RoleInfo (RoleInfo.java:shutdownFollowerState(110)) - 74164fff-0da3-452b-8e38-1858412758e6: shutdown 74164fff-0da3-452b-8e38-1858412758e6@group-D0772473F178-FollowerState
2022-05-26 01:47:17,737 [74164fff-0da3-452b-8e38-1858412758e6@group-D0772473F178-FollowerState] INFO  server.RaftServer$Division (RaftServerImpl.java:setRole(299)) - 74164fff-0da3-452b-8e38-1858412758e6@group-D0772473F178: changes role from  FOLLOWER to CANDIDATE at term 8 for changeToCandidate
2022-05-26 01:47:17,737 [74164fff-0da3-452b-8e38-1858412758e6@group-D0772473F178-FollowerState] INFO  server.RaftServerConfigKeys (ConfUtils.java:logGet(46)) - raft.server.leaderelection.pre-vote = false (custom)
2022-05-26 01:47:17,738 [74164fff-0da3-452b-8e38-1858412758e6@group-D0772473F178-FollowerState] INFO  impl.RoleInfo (RoleInfo.java:updateAndGet(139)) - 74164fff-0da3-452b-8e38-1858412758e6: start 74164fff-0da3-452b-8e38-1858412758e6@group-D0772473F178-LeaderElection88
2022-05-26 01:47:17,811 [74164fff-0da3-452b-8e38-1858412758e6@group-D0772473F178-LeaderElection88] INFO  impl.LeaderElection (LeaderElection.java:askForVotes(310)) - 74164fff-0da3-452b-8e38-1858412758e6@group-D0772473F178-LeaderElection88 ELECTION round 0: submit vote requests at term 9 for -1: [13b42a2e-e9c9-4ea7-85e1-9ff027944fc9|rpc:10.1.0.18:43047|dataStream:|priority:0, 8a233994-06fc-4896-836d-f0eef08dbba3|rpc:10.1.0.18:40213|dataStream:|priority:0, 74164fff-0da3-452b-8e38-1858412758e6|rpc:10.1.0.18:39183|dataStream:|priority:1], old=null
2022-05-26 01:47:17,873 [grpc-default-executor-1] INFO  server.RaftServer$Division (RaftServerImpl.java:requestVote(1152)) - 13b42a2e-e9c9-4ea7-85e1-9ff027944fc9@group-D0772473F178: receive requestVote(ELECTION, 74164fff-0da3-452b-8e38-1858412758e6, group-D0772473F178, 9, (t:0, i:0))
2022-05-26 01:47:17,873 [grpc-default-executor-1] WARN  server.GrpcServerProtocolService (LogUtils.java:warn(122)) - 13b42a2e-e9c9-4ea7-85e1-9ff027944fc9: Failed requestVote 74164fff-0da3-452b-8e38-1858412758e6->13b42a2e-e9c9-4ea7-85e1-9ff027944fc9#0: org.apache.ratis.protocol.exceptions.ServerNotReadyException: 13b42a2e-e9c9-4ea7-85e1-9ff027944fc9@group-D0772473F178 is not in [RUNNING]: current state is CLOSED
2022-05-26 01:47:17,878 [74164fff-0da3-452b-8e38-1858412758e6@group-D0772473F178-LeaderElection88] INFO  impl.LeaderElection (LogUtils.java:infoOrTrace(137)) - 74164fff-0da3-452b-8e38-1858412758e6@group-D0772473F178-LeaderElection88 got exception when requesting votes: java.util.concurrent.ExecutionException: org.apache.ratis.thirdparty.io.grpc.StatusRuntimeException: INTERNAL: 13b42a2e-e9c9-4ea7-85e1-9ff027944fc9@group-D0772473F178 is not in [RUNNING]: current state is CLOSED
2022-05-26 01:47:17,912 [8a233994-06fc-4896-836d-f0eef08dbba3@group-D0772473F178-FollowerState] INFO  impl.FollowerState (FollowerState.java:run(143)) - 8a233994-06fc-4896-836d-f0eef08dbba3@group-D0772473F178-FollowerState: change to CANDIDATE, lastRpcElapsedTime:5206689092ns, electionTimeout:5164ms
2022-05-26 01:47:17,912 [8a233994-06fc-4896-836d-f0eef08dbba3@group-D0772473F178-FollowerState] INFO  impl.RoleInfo (RoleInfo.java:shutdownFollowerState(110)) - 8a233994-06fc-4896-836d-f0eef08dbba3: shutdown 8a233994-06fc-4896-836d-f0eef08dbba3@group-D0772473F178-FollowerState
2022-05-26 01:47:17,912 [8a233994-06fc-4896-836d-f0eef08dbba3@group-D0772473F178-FollowerState] INFO  server.RaftServer$Division (RaftServerImpl.java:setRole(299)) - 8a233994-06fc-4896-836d-f0eef08dbba3@group-D0772473F178: changes role from  FOLLOWER to CANDIDATE at term 8 for changeToCandidate
2022-05-26 01:47:17,912 [8a233994-06fc-4896-836d-f0eef08dbba3@group-D0772473F178-FollowerState] INFO  server.RaftServerConfigKeys (ConfUtils.java:logGet(46)) - raft.server.leaderelection.pre-vote = false (custom)
2022-05-26 01:47:17,912 [8a233994-06fc-4896-836d-f0eef08dbba3@group-D0772473F178-FollowerState] INFO  impl.RoleInfo (RoleInfo.java:updateAndGet(139)) - 8a233994-06fc-4896-836d-f0eef08dbba3: start 8a233994-06fc-4896-836d-f0eef08dbba3@group-D0772473F178-LeaderElection89
2022-05-26 01:47:17,933 [grpc-default-executor-1] INFO  server.RaftServer$Division (RaftServerImpl.java:requestVote(1152)) - 8a233994-06fc-4896-836d-f0eef08dbba3@group-D0772473F178: receive requestVote(ELECTION, 74164fff-0da3-452b-8e38-1858412758e6, group-D0772473F178, 9, (t:0, i:0))
2022-05-26 01:47:17,933 [grpc-default-executor-1] INFO  impl.VoteContext (VoteContext.java:log(48)) - 8a233994-06fc-4896-836d-f0eef08dbba3@group-D0772473F178-CANDIDATE: accept ELECTION from 74164fff-0da3-452b-8e38-1858412758e6: our priority 0 <= candidate's priority 1
2022-05-26 01:47:17,933 [grpc-default-executor-1] INFO  server.RaftServer$Division (RaftServerImpl.java:setRole(299)) - 8a233994-06fc-4896-836d-f0eef08dbba3@group-D0772473F178: changes role from CANDIDATE to FOLLOWER at term 9 for candidate:74164fff-0da3-452b-8e38-1858412758e6
2022-05-26 01:47:17,933 [grpc-default-executor-1] INFO  impl.RoleInfo (RoleInfo.java:shutdownLeaderElection(130)) - 8a233994-06fc-4896-836d-f0eef08dbba3: shutdown 8a233994-06fc-4896-836d-f0eef08dbba3@group-D0772473F178-LeaderElection89
2022-05-26 01:47:17,933 [grpc-default-executor-1] INFO  impl.RoleInfo (RoleInfo.java:updateAndGet(139)) - 8a233994-06fc-4896-836d-f0eef08dbba3: start 8a233994-06fc-4896-836d-f0eef08dbba3@group-D0772473F178-FollowerState
2022-05-26 01:47:17,937 [grpc-default-executor-1] INFO  server.RaftServer$Division (RaftServerImpl.java:requestVote(1184)) - 8a233994-06fc-4896-836d-f0eef08dbba3@group-D0772473F178 replies to ELECTION vote request: 74164fff-0da3-452b-8e38-1858412758e6<-8a233994-06fc-4896-836d-f0eef08dbba3#0:OK-t9. Peer's state: 8a233994-06fc-4896-836d-f0eef08dbba3@group-D0772473F178:t9, leader=null, voted=74164fff-0da3-452b-8e38-1858412758e6, raftlog=8a233994-06fc-4896-836d-f0eef08dbba3@group-D0772473F178-SegmentedRaftLog:OPENED:c-1, conf=-1: [13b42a2e-e9c9-4ea7-85e1-9ff027944fc9|rpc:10.1.0.18:43047|dataStream:|priority:0, 8a233994-06fc-4896-836d-f0eef08dbba3|rpc:10.1.0.18:40213|dataStream:|priority:0, 74164fff-0da3-452b-8e38-1858412758e6|rpc:10.1.0.18:39183|dataStream:|priority:1], old=null
2022-05-26 01:47:17,940 [74164fff-0da3-452b-8e38-1858412758e6@group-D0772473F178-LeaderElection88] INFO  impl.LeaderElection (LeaderElection.java:logAndReturn(90)) - 74164fff-0da3-452b-8e38-1858412758e6@group-D0772473F178-LeaderElection88: ELECTION PASSED received 1 response(s) and 1 exception(s):
2022-05-26 01:47:17,940 [74164fff-0da3-452b-8e38-1858412758e6@group-D0772473F178-LeaderElection88] INFO  impl.LeaderElection (LeaderElection.java:logAndReturn(94)) -   Response 0: 74164fff-0da3-452b-8e38-1858412758e6<-8a233994-06fc-4896-836d-f0eef08dbba3#0:OK-t9
2022-05-26 01:47:17,940 [74164fff-0da3-452b-8e38-1858412758e6@group-D0772473F178-LeaderElection88] INFO  impl.LeaderElection (LogUtils.java:infoOrTrace(137)) -   Exception 1: java.util.concurrent.ExecutionException: org.apache.ratis.thirdparty.io.grpc.StatusRuntimeException: INTERNAL: 13b42a2e-e9c9-4ea7-85e1-9ff027944fc9@group-D0772473F178 is not in [RUNNING]: current state is CLOSED
2022-05-26 01:47:17,940 [74164fff-0da3-452b-8e38-1858412758e6@group-D0772473F178-LeaderElection88] INFO  impl.LeaderElection (LeaderElection.java:askForVotes(312)) - 74164fff-0da3-452b-8e38-1858412758e6@group-D0772473F178-LeaderElection88 ELECTION round 0: result PASSED
2022-05-26 01:47:17,940 [74164fff-0da3-452b-8e38-1858412758e6@group-D0772473F178-LeaderElection88] INFO  impl.RoleInfo (RoleInfo.java:shutdownLeaderElection(130)) - 74164fff-0da3-452b-8e38-1858412758e6: shutdown 74164fff-0da3-452b-8e38-1858412758e6@group-D0772473F178-LeaderElection88
2022-05-26 01:47:17,940 [74164fff-0da3-452b-8e38-1858412758e6@group-D0772473F178-LeaderElection88] INFO  server.RaftServer$Division (RaftServerImpl.java:setRole(299)) - 74164fff-0da3-452b-8e38-1858412758e6@group-D0772473F178: changes role from CANDIDATE to LEADER at term 9 for changeToLeader
2022-05-26 01:47:17,940 [74164fff-0da3-452b-8e38-1858412758e6@group-D0772473F178-LeaderElection88] INFO  ratis.XceiverServerRatis (XceiverServerRatis.java:handleLeaderChangedNotification(863)) - Leader change notification received for group: group-D0772473F178 with new leaderId: 74164fff-0da3-452b-8e38-1858412758e6
2022-05-26 01:47:17,940 [74164fff-0da3-452b-8e38-1858412758e6@group-D0772473F178-LeaderElection88] INFO  server.RaftServer$Division (ServerState.java:setLeader(287)) - 74164fff-0da3-452b-8e38-1858412758e6@group-D0772473F178: change Leader from null to 74164fff-0da3-452b-8e38-1858412758e6 at term 9 for becomeLeader, leader elected after 47195ms
2022-05-26 01:47:17,940 [74164fff-0da3-452b-8e38-1858412758e6@group-D0772473F178-LeaderElection88] INFO  server.RaftServerConfigKeys (ConfUtils.java:logGet(46)) - raft.server.staging.catchup.gap = 1000 (default)
2022-05-26 01:47:17,940 [74164fff-0da3-452b-8e38-1858412758e6@group-D0772473F178-LeaderElection88] INFO  server.RaftServerConfigKeys (ConfUtils.java:logGet(46)) - raft.server.write.element-limit = 1024 (custom)
2022-05-26 01:47:17,940 [74164fff-0da3-452b-8e38-1858412758e6@group-D0772473F178-LeaderElection88] INFO  server.RaftServerConfigKeys (ConfUtils.java:logGet(46)) - raft.server.write.byte-limit = 1024 M (=1073741824) (custom)
2022-05-26 01:47:17,941 [74164fff-0da3-452b-8e38-1858412758e6@group-D0772473F178-LeaderElection88] INFO  server.RaftServerConfigKeys (ConfUtils.java:logGet(46)) - raft.server.watch.timeout = 180s (custom)
2022-05-26 01:47:17,941 [74164fff-0da3-452b-8e38-1858412758e6@group-D0772473F178-LeaderElection88] INFO  server.RaftServerConfigKeys (ConfUtils.java:logGet(46)) - raft.server.watch.timeout.denomination = 1s (default)
2022-05-26 01:47:17,941 [74164fff-0da3-452b-8e38-1858412758e6@group-D0772473F178-LeaderElection88] INFO  server.RaftServerConfigKeys (ConfUtils.java:logGet(46)) - raft.server.watch.element-limit = 65536 (default)
2022-05-26 01:47:17,941 [74164fff-0da3-452b-8e38-1858412758e6@group-D0772473F178-LeaderElection88] INFO  server.RaftServerConfigKeys (ConfUtils.java:logGet(46)) - raft.server.write.element-limit = 1024 (custom)
2022-05-26 01:47:17,941 [74164fff-0da3-452b-8e38-1858412758e6@group-D0772473F178-LeaderElection88] INFO  server.RaftServerConfigKeys (ConfUtils.java:logGet(46)) - raft.server.write.follower.gap.ratio.max = -1.0 (default)
2022-05-26 01:47:17,942 [74164fff-0da3-452b-8e38-1858412758e6@group-D0772473F178-LeaderElection88] INFO  server.RaftServerConfigKeys (ConfUtils.java:logGet(46)) - raft.server.log.appender.snapshot.chunk.size.max = 16MB (=16777216) (default)
2022-05-26 01:47:17,942 [74164fff-0da3-452b-8e38-1858412758e6@group-D0772473F178-LeaderElection88] INFO  server.RaftServerConfigKeys (ConfUtils.java:logGet(46)) - raft.server.log.appender.buffer.byte-limit = 33554432 (custom)
2022-05-26 01:47:17,942 [74164fff-0da3-452b-8e38-1858412758e6@group-D0772473F178-LeaderElection88] INFO  server.RaftServerConfigKeys (ConfUtils.java:logGet(46)) - raft.server.log.appender.buffer.element-limit = 1 (custom)
2022-05-26 01:47:17,942 [74164fff-0da3-452b-8e38-1858412758e6@group-D0772473F178-LeaderElection88] INFO  grpc.GrpcConfigKeys (ConfUtils.java:logGet(46)) - raft.grpc.server.leader.outstanding.appends.max = 128 (default)
2022-05-26 01:47:17,942 [74164fff-0da3-452b-8e38-1858412758e6@group-D0772473F178-LeaderElection88] INFO  server.RaftServerConfigKeys (ConfUtils.java:logGet(46)) - raft.server.rpc.request.timeout = 60s (custom)
2022-05-26 01:47:17,942 [74164fff-0da3-452b-8e38-1858412758e6@group-D0772473F178-LeaderElection88] INFO  server.RaftServerConfigKeys (ConfUtils.java:logGet(46)) - raft.server.log.appender.install.snapshot.enabled = false (custom)
2022-05-26 01:47:17,943 [74164fff-0da3-452b-8e38-1858412758e6@group-D0772473F178-LeaderElection88] INFO  server.RaftServerConfigKeys (ConfUtils.java:logGet(46)) - raft.server.log.appender.snapshot.chunk.size.max = 16MB (=16777216) (default)
2022-05-26 01:47:17,943 [74164fff-0da3-452b-8e38-1858412758e6@group-D0772473F178-LeaderElection88] INFO  server.RaftServerConfigKeys (ConfUtils.java:logGet(46)) - raft.server.log.appender.buffer.byte-limit = 33554432 (custom)
2022-05-26 01:47:17,943 [74164fff-0da3-452b-8e38-1858412758e6@group-D0772473F178-LeaderElection88] INFO  server.RaftServerConfigKeys (ConfUtils.java:logGet(46)) - raft.server.log.appender.buffer.element-limit = 1 (custom)
2022-05-26 01:47:17,943 [74164fff-0da3-452b-8e38-1858412758e6@group-D0772473F178-LeaderElection88] INFO  grpc.GrpcConfigKeys (ConfUtils.java:logGet(46)) - raft.grpc.server.leader.outstanding.appends.max = 128 (default)
2022-05-26 01:47:17,943 [74164fff-0da3-452b-8e38-1858412758e6@group-D0772473F178-LeaderElection88] INFO  server.RaftServerConfigKeys (ConfUtils.java:logGet(46)) - raft.server.rpc.request.timeout = 60s (custom)
2022-05-26 01:47:17,943 [74164fff-0da3-452b-8e38-1858412758e6@group-D0772473F178-LeaderElection88] INFO  server.RaftServerConfigKeys (ConfUtils.java:logGet(46)) - raft.server.log.appender.install.snapshot.enabled = false (custom)
2022-05-26 01:47:17,944 [74164fff-0da3-452b-8e38-1858412758e6@group-D0772473F178-LeaderElection88] INFO  impl.RoleInfo (RoleInfo.java:updateAndGet(139)) - 74164fff-0da3-452b-8e38-1858412758e6: start 74164fff-0da3-452b-8e38-1858412758e6@group-D0772473F178-LeaderStateImpl
2022-05-26 01:47:17,949 [EventQueue-PipelineReportForPipelineReportHandler] INFO  pipeline.PipelineManagerImpl (PipelineManagerImpl.java:openPipeline(336)) - Pipeline Pipeline[ Id: aaf370b2-7968-4555-b82f-d0772473f178, Nodes: 13b42a2e-e9c9-4ea7-85e1-9ff027944fc9{ip: 10.1.0.18, host: fv-az270-854.tacnzluakwdehk1hpragurqkma.bx.internal.cloudapp.net, ports: [REPLICATION=35853, RATIS=43047, RATIS_ADMIN=43047, RATIS_SERVER=43047, STANDALONE=33841], networkLocation: /default-rack, certSerialId: null, persistedOpState: IN_SERVICE, persistedOpStateExpiryEpochSec: 0}8a233994-06fc-4896-836d-f0eef08dbba3{ip: 10.1.0.18, host: fv-az270-854.tacnzluakwdehk1hpragurqkma.bx.internal.cloudapp.net, ports: [REPLICATION=34923, RATIS=40213, RATIS_ADMIN=40213, RATIS_SERVER=40213, STANDALONE=37939], networkLocation: /default-rack, certSerialId: null, persistedOpState: IN_SERVICE, persistedOpStateExpiryEpochSec: 0}74164fff-0da3-452b-8e38-1858412758e6{ip: 10.1.0.18, host: fv-az270-854.tacnzluakwdehk1hpragurqkma.bx.internal.cloudapp.net, ports: [REPLICATION=44527, RATIS=39183, RATIS_ADMIN=39183, RATIS_SERVER=39183, STANDALONE=43501], networkLocation: /default-rack, certSerialId: null, persistedOpState: IN_SERVICE, persistedOpStateExpiryEpochSec: 0}, ReplicationConfig: RATIS/THREE, State:ALLOCATED, leaderId:74164fff-0da3-452b-8e38-1858412758e6, CreationTimestamp2022-05-26T01:46:29.082Z[Etc/UTC]] moved to OPEN state
2022-05-26 01:47:17,956 [8a233994-06fc-4896-836d-f0eef08dbba3@group-D0772473F178-LeaderElection89] INFO  impl.LeaderElection (LeaderElection.java:run(231)) - 8a233994-06fc-4896-836d-f0eef08dbba3@group-D0772473F178-LeaderElection89: skip running since this is already CLOSING
2022-05-26 01:47:17,968 [74164fff-0da3-452b-8e38-1858412758e6@group-D0772473F178-LeaderElection88] INFO  segmented.SegmentedRaftLogWorker (SegmentedRaftLogWorker.java:startLogSegment(425)) - 74164fff-0da3-452b-8e38-1858412758e6@group-D0772473F178-SegmentedRaftLogWorker: Starting segment from index:0
2022-05-26 01:47:17,970 [74164fff-0da3-452b-8e38-1858412758e6@group-D0772473F178-SegmentedRaftLogWorker] INFO  segmented.SegmentedRaftLogWorker (SegmentedRaftLogWorker.java:execute(629)) - 74164fff-0da3-452b-8e38-1858412758e6@group-D0772473F178-SegmentedRaftLogWorker: created new log segment /home/runner/work/ozone/ozone/hadoop-ozone/integration-test/target/test-dir/MiniOzoneClusterImpl-6102e5ce-5215-4002-8b5c-988ca6cc3a5c/datanode-2/data/ratis/aaf370b2-7968-4555-b82f-d0772473f178/current/log_inprogress_0
2022-05-26 01:47:17,989 [74164fff-0da3-452b-8e38-1858412758e6@group-D0772473F178-LeaderElection88] INFO  server.RaftServer$Division (ServerState.java:setRaftConf(393)) - 74164fff-0da3-452b-8e38-1858412758e6@group-D0772473F178: set configuration 0: [13b42a2e-e9c9-4ea7-85e1-9ff027944fc9|rpc:10.1.0.18:43047|dataStream:|priority:0, 8a233994-06fc-4896-836d-f0eef08dbba3|rpc:10.1.0.18:40213|dataStream:|priority:0, 74164fff-0da3-452b-8e38-1858412758e6|rpc:10.1.0.18:39183|dataStream:|priority:1], old=null
2022-05-26 01:47:18,076 [8a233994-06fc-4896-836d-f0eef08dbba3-server-thread1] INFO  ratis.XceiverServerRatis (XceiverServerRatis.java:handleLeaderChangedNotification(863)) - Leader change notification received for group: group-D0772473F178 with new leaderId: 74164fff-0da3-452b-8e38-1858412758e6
2022-05-26 01:47:18,076 [8a233994-06fc-4896-836d-f0eef08dbba3-server-thread1] INFO  server.RaftServer$Division (ServerState.java:setLeader(287)) - 8a233994-06fc-4896-836d-f0eef08dbba3@group-D0772473F178: change Leader from null to 74164fff-0da3-452b-8e38-1858412758e6 at term 9 for appendEntries, leader elected after 47523ms
2022-05-26 01:47:18,077 [8a233994-06fc-4896-836d-f0eef08dbba3-server-thread1] INFO  server.RaftServer$Division (ServerState.java:setRaftConf(393)) - 8a233994-06fc-4896-836d-f0eef08dbba3@group-D0772473F178: set configuration 0: [13b42a2e-e9c9-4ea7-85e1-9ff027944fc9|rpc:10.1.0.18:43047|dataStream:|priority:0, 8a233994-06fc-4896-836d-f0eef08dbba3|rpc:10.1.0.18:40213|dataStream:|priority:0, 74164fff-0da3-452b-8e38-1858412758e6|rpc:10.1.0.18:39183|dataStream:|priority:1], old=null
2022-05-26 01:47:18,078 [8a233994-06fc-4896-836d-f0eef08dbba3-server-thread1] INFO  segmented.SegmentedRaftLogWorker (SegmentedRaftLogWorker.java:startLogSegment(425)) - 8a233994-06fc-4896-836d-f0eef08dbba3@group-D0772473F178-SegmentedRaftLogWorker: Starting segment from index:0
2022-05-26 01:47:18,080 [8a233994-06fc-4896-836d-f0eef08dbba3@group-D0772473F178-SegmentedRaftLogWorker] INFO  segmented.SegmentedRaftLogWorker (SegmentedRaftLogWorker.java:execute(629)) - 8a233994-06fc-4896-836d-f0eef08dbba3@group-D0772473F178-SegmentedRaftLogWorker: created new log segment /home/runner/work/ozone/ozone/hadoop-ozone/integration-test/target/test-dir/MiniOzoneClusterImpl-6102e5ce-5215-4002-8b5c-988ca6cc3a5c/datanode-1/data/ratis/aaf370b2-7968-4555-b82f-d0772473f178/current/log_inprogress_0
2022-05-26 01:47:18,310 [grpc-default-executor-1] WARN  server.GrpcLogAppender (LogUtils.java:warn(122)) - 8a233994-06fc-4896-836d-f0eef08dbba3@group-33809F806F51->13b42a2e-e9c9-4ea7-85e1-9ff027944fc9-AppendLogResponseHandler: Failed appendEntries: org.apache.ratis.thirdparty.io.grpc.StatusRuntimeException: UNAVAILABLE: io exception
2022-05-26 01:47:18,310 [grpc-default-executor-1] WARN  server.GrpcLogAppender (GrpcLogAppender.java:resetClient(111)) - 8a233994-06fc-4896-836d-f0eef08dbba3@group-33809F806F51->13b42a2e-e9c9-4ea7-85e1-9ff027944fc9-GrpcLogAppender: Leader has not got in touch with Follower 8a233994-06fc-4896-836d-f0eef08dbba3@group-33809F806F51->13b42a2e-e9c9-4ea7-85e1-9ff027944fc9(c0,m0,n1, attendVote=true, lastRpcSendTime=1258, lastRpcResponseTime=32795) yet, just keep nextIndex unchanged and retry.
2022-05-26 01:47:19,575 [grpc-default-executor-1] WARN  server.GrpcLogAppender (LogUtils.java:warn(122)) - 8a233994-06fc-4896-836d-f0eef08dbba3@group-33809F806F51->13b42a2e-e9c9-4ea7-85e1-9ff027944fc9-AppendLogResponseHandler: Failed appendEntries: org.apache.ratis.thirdparty.io.grpc.StatusRuntimeException: UNAVAILABLE: io exception
2022-05-26 01:47:19,575 [grpc-default-executor-1] WARN  server.GrpcLogAppender (GrpcLogAppender.java:resetClient(111)) - 8a233994-06fc-4896-836d-f0eef08dbba3@group-33809F806F51->13b42a2e-e9c9-4ea7-85e1-9ff027944fc9-GrpcLogAppender: Leader has not got in touch with Follower 8a233994-06fc-4896-836d-f0eef08dbba3@group-33809F806F51->13b42a2e-e9c9-4ea7-85e1-9ff027944fc9(c0,m0,n1, attendVote=true, lastRpcSendTime=0, lastRpcResponseTime=34060) yet, just keep nextIndex unchanged and retry.
2022-05-26 01:47:20,825 [grpc-default-executor-1] WARN  server.GrpcLogAppender (LogUtils.java:warn(122)) - 8a233994-06fc-4896-836d-f0eef08dbba3@group-33809F806F51->13b42a2e-e9c9-4ea7-85e1-9ff027944fc9-AppendLogResponseHandler: Failed appendEntries: org.apache.ratis.thirdparty.io.grpc.StatusRuntimeException: UNAVAILABLE: io exception
2022-05-26 01:47:20,826 [grpc-default-executor-1] WARN  server.GrpcLogAppender (GrpcLogAppender.java:resetClient(111)) - 8a233994-06fc-4896-836d-f0eef08dbba3@group-33809F806F51->13b42a2e-e9c9-4ea7-85e1-9ff027944fc9-GrpcLogAppender: Leader has not got in touch with Follower 8a233994-06fc-4896-836d-f0eef08dbba3@group-33809F806F51->13b42a2e-e9c9-4ea7-85e1-9ff027944fc9(c0,m0,n1, attendVote=true, lastRpcSendTime=0, lastRpcResponseTime=35310) yet, just keep nextIndex unchanged and retry.
2022-05-26 01:47:22,096 [grpc-default-executor-1] WARN  server.GrpcLogAppender (LogUtils.java:warn(122)) - 8a233994-06fc-4896-836d-f0eef08dbba3@group-33809F806F51->13b42a2e-e9c9-4ea7-85e1-9ff027944fc9-AppendLogResponseHandler: Failed appendEntries: org.apache.ratis.thirdparty.io.grpc.StatusRuntimeException: UNAVAILABLE: io exception
2022-05-26 01:47:22,097 [grpc-default-executor-1] WARN  server.GrpcLogAppender (GrpcLogAppender.java:resetClient(111)) - 8a233994-06fc-4896-836d-f0eef08dbba3@group-33809F806F51->13b42a2e-e9c9-4ea7-85e1-9ff027944fc9-GrpcLogAppender: Leader has not got in touch with Follower 8a233994-06fc-4896-836d-f0eef08dbba3@group-33809F806F51->13b42a2e-e9c9-4ea7-85e1-9ff027944fc9(c0,m0,n1, attendVote=true, lastRpcSendTime=1272, lastRpcResponseTime=36582) yet, just keep nextIndex unchanged and retry.
2022-05-26 01:47:23,382 [grpc-default-executor-1] WARN  server.GrpcLogAppender (LogUtils.java:warn(122)) - 8a233994-06fc-4896-836d-f0eef08dbba3@group-33809F806F51->13b42a2e-e9c9-4ea7-85e1-9ff027944fc9-AppendLogResponseHandler: Failed appendEntries: org.apache.ratis.thirdparty.io.grpc.StatusRuntimeException: UNAVAILABLE: io exception
2022-05-26 01:47:23,391 [grpc-default-executor-1] WARN  server.GrpcLogAppender (GrpcLogAppender.java:resetClient(111)) - 8a233994-06fc-4896-836d-f0eef08dbba3@group-33809F806F51->13b42a2e-e9c9-4ea7-85e1-9ff027944fc9-GrpcLogAppender: Leader has not got in touch with Follower 8a233994-06fc-4896-836d-f0eef08dbba3@group-33809F806F51->13b42a2e-e9c9-4ea7-85e1-9ff027944fc9(c0,m0,n1, attendVote=true, lastRpcSendTime=1293, lastRpcResponseTime=37875) yet, just keep nextIndex unchanged and retry.
2022-05-26 01:47:24,652 [grpc-default-executor-1] WARN  server.GrpcLogAppender (LogUtils.java:warn(122)) - 8a233994-06fc-4896-836d-f0eef08dbba3@group-33809F806F51->13b42a2e-e9c9-4ea7-85e1-9ff027944fc9-AppendLogResponseHandler: Failed appendEntries: org.apache.ratis.thirdparty.io.grpc.StatusRuntimeException: UNAVAILABLE: io exception
2022-05-26 01:47:24,653 [grpc-default-executor-1] WARN  server.GrpcLogAppender (GrpcLogAppender.java:resetClient(111)) - 8a233994-06fc-4896-836d-f0eef08dbba3@group-33809F806F51->13b42a2e-e9c9-4ea7-85e1-9ff027944fc9-GrpcLogAppender: Leader has not got in touch with Follower 8a233994-06fc-4896-836d-f0eef08dbba3@group-33809F806F51->13b42a2e-e9c9-4ea7-85e1-9ff027944fc9(c0,m0,n1, attendVote=true, lastRpcSendTime=8, lastRpcResponseTime=39137) yet, just keep nextIndex unchanged and retry.
2022-05-26 01:47:25,895 [grpc-default-executor-1] WARN  server.GrpcLogAppender (LogUtils.java:warn(122)) - 8a233994-06fc-4896-836d-f0eef08dbba3@group-33809F806F51->13b42a2e-e9c9-4ea7-85e1-9ff027944fc9-AppendLogResponseHandler: Failed appendEntries: org.apache.ratis.thirdparty.io.grpc.StatusRuntimeException: UNAVAILABLE: io exception
2022-05-26 01:47:25,895 [grpc-default-executor-1] WARN  server.GrpcLogAppender (GrpcLogAppender.java:resetClient(111)) - 8a233994-06fc-4896-836d-f0eef08dbba3@group-33809F806F51->13b42a2e-e9c9-4ea7-85e1-9ff027944fc9-GrpcLogAppender: Leader has not got in touch with Follower 8a233994-06fc-4896-836d-f0eef08dbba3@group-33809F806F51->13b42a2e-e9c9-4ea7-85e1-9ff027944fc9(c0,m0,n1, attendVote=true, lastRpcSendTime=0, lastRpcResponseTime=40380) yet, just keep nextIndex unchanged and retry.
2022-05-26 01:47:27,172 [grpc-default-executor-1] WARN  server.GrpcLogAppender (LogUtils.java:warn(122)) - 8a233994-06fc-4896-836d-f0eef08dbba3@group-33809F806F51->13b42a2e-e9c9-4ea7-85e1-9ff027944fc9-AppendLogResponseHandler: Failed appendEntries: org.apache.ratis.thirdparty.io.grpc.StatusRuntimeException: UNAVAILABLE: io exception
2022-05-26 01:47:27,173 [grpc-default-executor-1] WARN  server.GrpcLogAppender (GrpcLogAppender.java:resetClient(111)) - 8a233994-06fc-4896-836d-f0eef08dbba3@group-33809F806F51->13b42a2e-e9c9-4ea7-85e1-9ff027944fc9-GrpcLogAppender: Leader has not got in touch with Follower 8a233994-06fc-4896-836d-f0eef08dbba3@group-33809F806F51->13b42a2e-e9c9-4ea7-85e1-9ff027944fc9(c0,m0,n1, attendVote=true, lastRpcSendTime=0, lastRpcResponseTime=41657) yet, just keep nextIndex unchanged and retry.
2022-05-26 01:47:28,423 [grpc-default-executor-1] WARN  server.GrpcLogAppender (LogUtils.java:warn(122)) - 8a233994-06fc-4896-836d-f0eef08dbba3@group-33809F806F51->13b42a2e-e9c9-4ea7-85e1-9ff027944fc9-AppendLogResponseHandler: Failed appendEntries: org.apache.ratis.thirdparty.io.grpc.StatusRuntimeException: UNAVAILABLE: io exception
2022-05-26 01:47:28,423 [grpc-default-executor-1] WARN  server.GrpcLogAppender (GrpcLogAppender.java:resetClient(111)) - 8a233994-06fc-4896-836d-f0eef08dbba3@group-33809F806F51->13b42a2e-e9c9-4ea7-85e1-9ff027944fc9-GrpcLogAppender: Leader has not got in touch with Follower 8a233994-06fc-4896-836d-f0eef08dbba3@group-33809F806F51->13b42a2e-e9c9-4ea7-85e1-9ff027944fc9(c0,m0,n1, attendVote=true, lastRpcSendTime=1251, lastRpcResponseTime=42908) yet, just keep nextIndex unchanged and retry.
2022-05-26 01:47:29,717 [grpc-default-executor-1] WARN  server.GrpcLogAppender (LogUtils.java:warn(122)) - 8a233994-06fc-4896-836d-f0eef08dbba3@group-33809F806F51->13b42a2e-e9c9-4ea7-85e1-9ff027944fc9-AppendLogResponseHandler: Failed appendEntries: org.apache.ratis.thirdparty.io.grpc.StatusRuntimeException: UNAVAILABLE: io exception
2022-05-26 01:47:29,717 [grpc-default-executor-1] WARN  server.GrpcLogAppender (GrpcLogAppender.java:resetClient(111)) - 8a233994-06fc-4896-836d-f0eef08dbba3@group-33809F806F51->13b42a2e-e9c9-4ea7-85e1-9ff027944fc9-GrpcLogAppender: Leader has not got in touch with Follower 8a233994-06fc-4896-836d-f0eef08dbba3@group-33809F806F51->13b42a2e-e9c9-4ea7-85e1-9ff027944fc9(c0,m0,n1, attendVote=true, lastRpcSendTime=0, lastRpcResponseTime=44202) yet, just keep nextIndex unchanged and retry.
2022-05-26 01:47:30,989 [grpc-default-executor-1] WARN  server.GrpcLogAppender (LogUtils.java:warn(122)) - 8a233994-06fc-4896-836d-f0eef08dbba3@group-33809F806F51->13b42a2e-e9c9-4ea7-85e1-9ff027944fc9-AppendLogResponseHandler: Failed appendEntries: org.apache.ratis.thirdparty.io.grpc.StatusRuntimeException: UNAVAILABLE: io exception
2022-05-26 01:47:30,989 [grpc-default-executor-1] WARN  server.GrpcLogAppender (GrpcLogAppender.java:resetClient(111)) - 8a233994-06fc-4896-836d-f0eef08dbba3@group-33809F806F51->13b42a2e-e9c9-4ea7-85e1-9ff027944fc9-GrpcLogAppender: Leader has not got in touch with Follower 8a233994-06fc-4896-836d-f0eef08dbba3@group-33809F806F51->13b42a2e-e9c9-4ea7-85e1-9ff027944fc9(c0,m0,n1, attendVote=true, lastRpcSendTime=0, lastRpcResponseTime=45474) yet, just keep nextIndex unchanged and retry.
2022-05-26 01:47:32,252 [grpc-default-executor-1] WARN  server.GrpcLogAppender (LogUtils.java:warn(122)) - 8a233994-06fc-4896-836d-f0eef08dbba3@group-33809F806F51->13b42a2e-e9c9-4ea7-85e1-9ff027944fc9-AppendLogResponseHandler: Failed appendEntries: org.apache.ratis.thirdparty.io.grpc.StatusRuntimeException: UNAVAILABLE: io exception
2022-05-26 01:47:32,253 [grpc-default-executor-1] WARN  server.GrpcLogAppender (GrpcLogAppender.java:resetClient(111)) - 8a233994-06fc-4896-836d-f0eef08dbba3@group-33809F806F51->13b42a2e-e9c9-4ea7-85e1-9ff027944fc9-GrpcLogAppender: Leader has not got in touch with Follower 8a233994-06fc-4896-836d-f0eef08dbba3@group-33809F806F51->13b42a2e-e9c9-4ea7-85e1-9ff027944fc9(c0,m0,n1, attendVote=true, lastRpcSendTime=4, lastRpcResponseTime=46737) yet, just keep nextIndex unchanged and retry.
2022-05-26 01:47:33,526 [grpc-default-executor-1] WARN  server.GrpcLogAppender (LogUtils.java:warn(122)) - 8a233994-06fc-4896-836d-f0eef08dbba3@group-33809F806F51->13b42a2e-e9c9-4ea7-85e1-9ff027944fc9-AppendLogResponseHandler: Failed appendEntries: org.apache.ratis.thirdparty.io.grpc.StatusRuntimeException: UNAVAILABLE: io exception
2022-05-26 01:47:33,527 [grpc-default-executor-1] WARN  server.GrpcLogAppender (GrpcLogAppender.java:resetClient(111)) - 8a233994-06fc-4896-836d-f0eef08dbba3@group-33809F806F51->13b42a2e-e9c9-4ea7-85e1-9ff027944fc9-GrpcLogAppender: Leader has not got in touch with Follower 8a233994-06fc-4896-836d-f0eef08dbba3@group-33809F806F51->13b42a2e-e9c9-4ea7-85e1-9ff027944fc9(c0,m0,n1, attendVote=true, lastRpcSendTime=0, lastRpcResponseTime=48012) yet, just keep nextIndex unchanged and retry.
2022-05-26 01:47:34,781 [grpc-default-executor-1] WARN  server.GrpcLogAppender (LogUtils.java:warn(122)) - 8a233994-06fc-4896-836d-f0eef08dbba3@group-33809F806F51->13b42a2e-e9c9-4ea7-85e1-9ff027944fc9-AppendLogResponseHandler: Failed appendEntries: org.apache.ratis.thirdparty.io.grpc.StatusRuntimeException: UNAVAILABLE: io exception
2022-05-26 01:47:34,781 [grpc-default-executor-1] WARN  server.GrpcLogAppender (GrpcLogAppender.java:resetClient(111)) - 8a233994-06fc-4896-836d-f0eef08dbba3@group-33809F806F51->13b42a2e-e9c9-4ea7-85e1-9ff027944fc9-GrpcLogAppender: Leader has not got in touch with Follower 8a233994-06fc-4896-836d-f0eef08dbba3@group-33809F806F51->13b42a2e-e9c9-4ea7-85e1-9ff027944fc9(c0,m0,n1, attendVote=true, lastRpcSendTime=0, lastRpcResponseTime=49266) yet, just keep nextIndex unchanged and retry.
2022-05-26 01:47:36,031 [grpc-default-executor-1] WARN  server.GrpcLogAppender (LogUtils.java:warn(122)) - 8a233994-06fc-4896-836d-f0eef08dbba3@group-33809F806F51->13b42a2e-e9c9-4ea7-85e1-9ff027944fc9-AppendLogResponseHandler: Failed appendEntries: org.apache.ratis.thirdparty.io.grpc.StatusRuntimeException: UNAVAILABLE: io exception
2022-05-26 01:47:36,031 [grpc-default-executor-1] WARN  server.GrpcLogAppender (GrpcLogAppender.java:resetClient(111)) - 8a233994-06fc-4896-836d-f0eef08dbba3@group-33809F806F51->13b42a2e-e9c9-4ea7-85e1-9ff027944fc9-GrpcLogAppender: Leader has not got in touch with Follower 8a233994-06fc-4896-836d-f0eef08dbba3@group-33809F806F51->13b42a2e-e9c9-4ea7-85e1-9ff027944fc9(c0,m0,n1, attendVote=true, lastRpcSendTime=0, lastRpcResponseTime=50516) yet, just keep nextIndex unchanged and retry.
2022-05-26 01:47:37,302 [grpc-default-executor-1] WARN  server.GrpcLogAppender (LogUtils.java:warn(122)) - 8a233994-06fc-4896-836d-f0eef08dbba3@group-33809F806F51->13b42a2e-e9c9-4ea7-85e1-9ff027944fc9-AppendLogResponseHandler: Failed appendEntries: org.apache.ratis.thirdparty.io.grpc.StatusRuntimeException: UNAVAILABLE: io exception
2022-05-26 01:47:37,303 [grpc-default-executor-1] WARN  server.GrpcLogAppender (GrpcLogAppender.java:resetClient(111)) - 8a233994-06fc-4896-836d-f0eef08dbba3@group-33809F806F51->13b42a2e-e9c9-4ea7-85e1-9ff027944fc9-GrpcLogAppender: Leader has not got in touch with Follower 8a233994-06fc-4896-836d-f0eef08dbba3@group-33809F806F51->13b42a2e-e9c9-4ea7-85e1-9ff027944fc9(c0,m0,n1, attendVote=true, lastRpcSendTime=2, lastRpcResponseTime=51788) yet, just keep nextIndex unchanged and retry.
2022-05-26 01:47:38,552 [grpc-default-executor-1] WARN  server.GrpcLogAppender (LogUtils.java:warn(122)) - 8a233994-06fc-4896-836d-f0eef08dbba3@group-33809F806F51->13b42a2e-e9c9-4ea7-85e1-9ff027944fc9-AppendLogResponseHandler: Failed appendEntries: org.apache.ratis.thirdparty.io.grpc.StatusRuntimeException: UNAVAILABLE: io exception
2022-05-26 01:47:38,553 [grpc-default-executor-1] WARN  server.GrpcLogAppender (GrpcLogAppender.java:resetClient(111)) - 8a233994-06fc-4896-836d-f0eef08dbba3@group-33809F806F51->13b42a2e-e9c9-4ea7-85e1-9ff027944fc9-GrpcLogAppender: Leader has not got in touch with Follower 8a233994-06fc-4896-836d-f0eef08dbba3@group-33809F806F51->13b42a2e-e9c9-4ea7-85e1-9ff027944fc9(c0,m0,n1, attendVote=true, lastRpcSendTime=0, lastRpcResponseTime=53038) yet, just keep nextIndex unchanged and retry.
2022-05-26 01:47:39,827 [grpc-default-executor-1] WARN  server.GrpcLogAppender (LogUtils.java:warn(122)) - 8a233994-06fc-4896-836d-f0eef08dbba3@group-33809F806F51->13b42a2e-e9c9-4ea7-85e1-9ff027944fc9-AppendLogResponseHandler: Failed appendEntries: org.apache.ratis.thirdparty.io.grpc.StatusRuntimeException: UNAVAILABLE: io exception
2022-05-26 01:47:39,827 [grpc-default-executor-1] WARN  server.GrpcLogAppender (GrpcLogAppender.java:resetClient(111)) - 8a233994-06fc-4896-836d-f0eef08dbba3@group-33809F806F51->13b42a2e-e9c9-4ea7-85e1-9ff027944fc9-GrpcLogAppender: Leader has not got in touch with Follower 8a233994-06fc-4896-836d-f0eef08dbba3@group-33809F806F51->13b42a2e-e9c9-4ea7-85e1-9ff027944fc9(c0,m0,n1, attendVote=true, lastRpcSendTime=0, lastRpcResponseTime=54312) yet, just keep nextIndex unchanged and retry.
2022-05-26 01:47:41,077 [grpc-default-executor-1] WARN  server.GrpcLogAppender (LogUtils.java:warn(122)) - 8a233994-06fc-4896-836d-f0eef08dbba3@group-33809F806F51->13b42a2e-e9c9-4ea7-85e1-9ff027944fc9-AppendLogResponseHandler: Failed appendEntries: org.apache.ratis.thirdparty.io.grpc.StatusRuntimeException: UNAVAILABLE: io exception
2022-05-26 01:47:41,078 [grpc-default-executor-1] WARN  server.GrpcLogAppender (GrpcLogAppender.java:resetClient(111)) - 8a233994-06fc-4896-836d-f0eef08dbba3@group-33809F806F51->13b42a2e-e9c9-4ea7-85e1-9ff027944fc9-GrpcLogAppender: Leader has not got in touch with Follower 8a233994-06fc-4896-836d-f0eef08dbba3@group-33809F806F51->13b42a2e-e9c9-4ea7-85e1-9ff027944fc9(c0,m0,n1, attendVote=true, lastRpcSendTime=0, lastRpcResponseTime=55563) yet, just keep nextIndex unchanged and retry.
2022-05-26 01:47:42,336 [grpc-default-executor-1] WARN  server.GrpcLogAppender (LogUtils.java:warn(122)) - 8a233994-06fc-4896-836d-f0eef08dbba3@group-33809F806F51->13b42a2e-e9c9-4ea7-85e1-9ff027944fc9-AppendLogResponseHandler: Failed appendEntries: org.apache.ratis.thirdparty.io.grpc.StatusRuntimeException: UNAVAILABLE: io exception
2022-05-26 01:47:42,337 [grpc-default-executor-1] WARN  server.GrpcLogAppender (GrpcLogAppender.java:resetClient(111)) - 8a233994-06fc-4896-836d-f0eef08dbba3@group-33809F806F51->13b42a2e-e9c9-4ea7-85e1-9ff027944fc9-GrpcLogAppender: Leader has not got in touch with Follower 8a233994-06fc-4896-836d-f0eef08dbba3@group-33809F806F51->13b42a2e-e9c9-4ea7-85e1-9ff027944fc9(c0,m0,n1, attendVote=true, lastRpcSendTime=3, lastRpcResponseTime=56821) yet, just keep nextIndex unchanged and retry.
2022-05-26 01:47:43,600 [grpc-default-executor-1] WARN  server.GrpcLogAppender (LogUtils.java:warn(122)) - 8a233994-06fc-4896-836d-f0eef08dbba3@group-33809F806F51->13b42a2e-e9c9-4ea7-85e1-9ff027944fc9-AppendLogResponseHandler: Failed appendEntries: org.apache.ratis.thirdparty.io.grpc.StatusRuntimeException: UNAVAILABLE: io exception
2022-05-26 01:47:43,601 [grpc-default-executor-1] WARN  server.GrpcLogAppender (GrpcLogAppender.java:resetClient(111)) - 8a233994-06fc-4896-836d-f0eef08dbba3@group-33809F806F51->13b42a2e-e9c9-4ea7-85e1-9ff027944fc9-GrpcLogAppender: Leader has not got in touch with Follower 8a233994-06fc-4896-836d-f0eef08dbba3@group-33809F806F51->13b42a2e-e9c9-4ea7-85e1-9ff027944fc9(c0,m0,n1, attendVote=true, lastRpcSendTime=0, lastRpcResponseTime=58086) yet, just keep nextIndex unchanged and retry.
2022-05-26 01:47:44,875 [grpc-default-executor-1] WARN  server.GrpcLogAppender (LogUtils.java:warn(122)) - 8a233994-06fc-4896-836d-f0eef08dbba3@group-33809F806F51->13b42a2e-e9c9-4ea7-85e1-9ff027944fc9-AppendLogResponseHandler: Failed appendEntries: org.apache.ratis.thirdparty.io.grpc.StatusRuntimeException: UNAVAILABLE: io exception
2022-05-26 01:47:44,876 [grpc-default-executor-1] WARN  server.GrpcLogAppender (GrpcLogAppender.java:resetClient(111)) - 8a233994-06fc-4896-836d-f0eef08dbba3@group-33809F806F51->13b42a2e-e9c9-4ea7-85e1-9ff027944fc9-GrpcLogAppender: Leader has not got in touch with Follower 8a233994-06fc-4896-836d-f0eef08dbba3@group-33809F806F51->13b42a2e-e9c9-4ea7-85e1-9ff027944fc9(c0,m0,n1, attendVote=true, lastRpcSendTime=7, lastRpcResponseTime=59360) yet, just keep nextIndex unchanged and retry.
2022-05-26 01:47:46,120 [grpc-default-executor-1] WARN  server.GrpcLogAppender (LogUtils.java:warn(122)) - 8a233994-06fc-4896-836d-f0eef08dbba3@group-33809F806F51->13b42a2e-e9c9-4ea7-85e1-9ff027944fc9-AppendLogResponseHandler: Failed appendEntries: org.apache.ratis.thirdparty.io.grpc.StatusRuntimeException: UNAVAILABLE: io exception
2022-05-26 01:47:46,121 [grpc-default-executor-1] WARN  server.GrpcLogAppender (GrpcLogAppender.java:resetClient(111)) - 8a233994-06fc-4896-836d-f0eef08dbba3@group-33809F806F51->13b42a2e-e9c9-4ea7-85e1-9ff027944fc9-GrpcLogAppender: Leader has not got in touch with Follower 8a233994-06fc-4896-836d-f0eef08dbba3@group-33809F806F51->13b42a2e-e9c9-4ea7-85e1-9ff027944fc9(c0,m0,n1, attendVote=true, lastRpcSendTime=1253, lastRpcResponseTime=60606) yet, just keep nextIndex unchanged and retry.
2022-05-26 01:47:47,372 [grpc-default-executor-1] WARN  server.GrpcLogAppender (LogUtils.java:warn(122)) - 8a233994-06fc-4896-836d-f0eef08dbba3@group-33809F806F51->13b42a2e-e9c9-4ea7-85e1-9ff027944fc9-AppendLogResponseHandler: Failed appendEntries: org.apache.ratis.thirdparty.io.grpc.StatusRuntimeException: UNAVAILABLE: io exception
2022-05-26 01:47:47,372 [grpc-default-executor-1] WARN  server.GrpcLogAppender (GrpcLogAppender.java:resetClient(111)) - 8a233994-06fc-4896-836d-f0eef08dbba3@group-33809F806F51->13b42a2e-e9c9-4ea7-85e1-9ff027944fc9-GrpcLogAppender: Leader has not got in touch with Follower 8a233994-06fc-4896-836d-f0eef08dbba3@group-33809F806F51->13b42a2e-e9c9-4ea7-85e1-9ff027944fc9(c0,m0,n1, attendVote=true, lastRpcSendTime=1251, lastRpcResponseTime=61857) yet, just keep nextIndex unchanged and retry.
2022-05-26 01:47:48,627 [grpc-default-executor-0] WARN  server.GrpcLogAppender (LogUtils.java:warn(122)) - 8a233994-06fc-4896-836d-f0eef08dbba3@group-33809F806F51->13b42a2e-e9c9-4ea7-85e1-9ff027944fc9-AppendLogResponseHandler: Failed appendEntries: org.apache.ratis.thirdparty.io.grpc.StatusRuntimeException: UNAVAILABLE: io exception
2022-05-26 01:47:48,628 [grpc-default-executor-0] WARN  server.GrpcLogAppender (GrpcLogAppender.java:resetClient(111)) - 8a233994-06fc-4896-836d-f0eef08dbba3@group-33809F806F51->13b42a2e-e9c9-4ea7-85e1-9ff027944fc9-GrpcLogAppender: Leader has not got in touch with Follower 8a233994-06fc-4896-836d-f0eef08dbba3@group-33809F806F51->13b42a2e-e9c9-4ea7-85e1-9ff027944fc9(c0,m0,n1, attendVote=true, lastRpcSendTime=1255, lastRpcResponseTime=63113) yet, just keep nextIndex unchanged and retry.
2022-05-26 01:47:49,879 [grpc-default-executor-1] WARN  server.GrpcLogAppender (LogUtils.java:warn(122)) - 8a233994-06fc-4896-836d-f0eef08dbba3@group-33809F806F51->13b42a2e-e9c9-4ea7-85e1-9ff027944fc9-AppendLogResponseHandler: Failed appendEntries: org.apache.ratis.thirdparty.io.grpc.StatusRuntimeException: UNAVAILABLE: io exception
2022-05-26 01:47:49,880 [grpc-default-executor-1] WARN  server.GrpcLogAppender (GrpcLogAppender.java:resetClient(111)) - 8a233994-06fc-4896-836d-f0eef08dbba3@group-33809F806F51->13b42a2e-e9c9-4ea7-85e1-9ff027944fc9-GrpcLogAppender: Leader has not got in touch with Follower 8a233994-06fc-4896-836d-f0eef08dbba3@group-33809F806F51->13b42a2e-e9c9-4ea7-85e1-9ff027944fc9(c0,m0,n1, attendVote=true, lastRpcSendTime=0, lastRpcResponseTime=64365) yet, just keep nextIndex unchanged and retry.
2022-05-26 01:47:51,140 [grpc-default-executor-1] WARN  server.GrpcLogAppender (LogUtils.java:warn(122)) - 8a233994-06fc-4896-836d-f0eef08dbba3@group-33809F806F51->13b42a2e-e9c9-4ea7-85e1-9ff027944fc9-AppendLogResponseHandler: Failed appendEntries: org.apache.ratis.thirdparty.io.grpc.StatusRuntimeException: UNAVAILABLE: io exception
2022-05-26 01:47:51,141 [grpc-default-executor-1] WARN  server.GrpcLogAppender (GrpcLogAppender.java:resetClient(111)) - 8a233994-06fc-4896-836d-f0eef08dbba3@group-33809F806F51->13b42a2e-e9c9-4ea7-85e1-9ff027944fc9-GrpcLogAppender: Leader has not got in touch with Follower 8a233994-06fc-4896-836d-f0eef08dbba3@group-33809F806F51->13b42a2e-e9c9-4ea7-85e1-9ff027944fc9(c0,m0,n1, attendVote=true, lastRpcSendTime=1261, lastRpcResponseTime=65626) yet, just keep nextIndex unchanged and retry.
2022-05-26 01:47:52,391 [grpc-default-executor-1] WARN  server.GrpcLogAppender (LogUtils.java:warn(122)) - 8a233994-06fc-4896-836d-f0eef08dbba3@group-33809F806F51->13b42a2e-e9c9-4ea7-85e1-9ff027944fc9-AppendLogResponseHandler: Failed appendEntries: org.apache.ratis.thirdparty.io.grpc.StatusRuntimeException: UNAVAILABLE: io exception
2022-05-26 01:47:52,392 [grpc-default-executor-1] WARN  server.GrpcLogAppender (GrpcLogAppender.java:resetClient(111)) - 8a233994-06fc-4896-836d-f0eef08dbba3@group-33809F806F51->13b42a2e-e9c9-4ea7-85e1-9ff027944fc9-GrpcLogAppender: Leader has not got in touch with Follower 8a233994-06fc-4896-836d-f0eef08dbba3@group-33809F806F51->13b42a2e-e9c9-4ea7-85e1-9ff027944fc9(c0,m0,n1, attendVote=true, lastRpcSendTime=0, lastRpcResponseTime=66877) yet, just keep nextIndex unchanged and retry.
2022-05-26 01:47:53,664 [grpc-default-executor-1] WARN  server.GrpcLogAppender (LogUtils.java:warn(122)) - 8a233994-06fc-4896-836d-f0eef08dbba3@group-33809F806F51->13b42a2e-e9c9-4ea7-85e1-9ff027944fc9-AppendLogResponseHandler: Failed appendEntries: org.apache.ratis.thirdparty.io.grpc.StatusRuntimeException: UNAVAILABLE: io exception
2022-05-26 01:47:53,665 [grpc-default-executor-1] WARN  server.GrpcLogAppender (GrpcLogAppender.java:resetClient(111)) - 8a233994-06fc-4896-836d-f0eef08dbba3@group-33809F806F51->13b42a2e-e9c9-4ea7-85e1-9ff027944fc9-GrpcLogAppender: Leader has not got in touch with Follower 8a233994-06fc-4896-836d-f0eef08dbba3@group-33809F806F51->13b42a2e-e9c9-4ea7-85e1-9ff027944fc9(c0,m0,n1, attendVote=true, lastRpcSendTime=0, lastRpcResponseTime=68150) yet, just keep nextIndex unchanged and retry.
2022-05-26 01:47:54,915 [grpc-default-executor-1] WARN  server.GrpcLogAppender (LogUtils.java:warn(122)) - 8a233994-06fc-4896-836d-f0eef08dbba3@group-33809F806F51->13b42a2e-e9c9-4ea7-85e1-9ff027944fc9-AppendLogResponseHandler: Failed appendEntries: org.apache.ratis.thirdparty.io.grpc.StatusRuntimeException: UNAVAILABLE: io exception
2022-05-26 01:47:54,915 [grpc-default-executor-1] WARN  server.GrpcLogAppender (GrpcLogAppender.java:resetClient(111)) - 8a233994-06fc-4896-836d-f0eef08dbba3@group-33809F806F51->13b42a2e-e9c9-4ea7-85e1-9ff027944fc9-GrpcLogAppender: Leader has not got in touch with Follower 8a233994-06fc-4896-836d-f0eef08dbba3@group-33809F806F51->13b42a2e-e9c9-4ea7-85e1-9ff027944fc9(c0,m0,n1, attendVote=true, lastRpcSendTime=0, lastRpcResponseTime=69400) yet, just keep nextIndex unchanged and retry.
2022-05-26 01:47:56,165 [grpc-default-executor-1] WARN  server.GrpcLogAppender (LogUtils.java:warn(122)) - 8a233994-06fc-4896-836d-f0eef08dbba3@group-33809F806F51->13b42a2e-e9c9-4ea7-85e1-9ff027944fc9-AppendLogResponseHandler: Failed appendEntries: org.apache.ratis.thirdparty.io.grpc.StatusRuntimeException: UNAVAILABLE: io exception
2022-05-26 01:47:56,166 [grpc-default-executor-1] WARN  server.GrpcLogAppender (GrpcLogAppender.java:resetClient(111)) - 8a233994-06fc-4896-836d-f0eef08dbba3@group-33809F806F51->13b42a2e-e9c9-4ea7-85e1-9ff027944fc9-GrpcLogAppender: Leader has not got in touch with Follower 8a233994-06fc-4896-836d-f0eef08dbba3@group-33809F806F51->13b42a2e-e9c9-4ea7-85e1-9ff027944fc9(c0,m0,n1, attendVote=true, lastRpcSendTime=0, lastRpcResponseTime=70650) yet, just keep nextIndex unchanged and retry.
2022-05-26 01:47:57,415 [grpc-default-executor-1] WARN  server.GrpcLogAppender (LogUtils.java:warn(122)) - 8a233994-06fc-4896-836d-f0eef08dbba3@group-33809F806F51->13b42a2e-e9c9-4ea7-85e1-9ff027944fc9-AppendLogResponseHandler: Failed appendEntries: org.apache.ratis.thirdparty.io.grpc.StatusRuntimeException: UNAVAILABLE: io exception
2022-05-26 01:47:57,416 [grpc-default-executor-1] WARN  server.GrpcLogAppender (GrpcLogAppender.java:resetClient(111)) - 8a233994-06fc-4896-836d-f0eef08dbba3@group-33809F806F51->13b42a2e-e9c9-4ea7-85e1-9ff027944fc9-GrpcLogAppender: Leader has not got in touch with Follower 8a233994-06fc-4896-836d-f0eef08dbba3@group-33809F806F51->13b42a2e-e9c9-4ea7-85e1-9ff027944fc9(c0,m0,n1, attendVote=true, lastRpcSendTime=1251, lastRpcResponseTime=71901) yet, just keep nextIndex unchanged and retry.
2022-05-26 01:47:58,672 [grpc-default-executor-1] WARN  server.GrpcLogAppender (LogUtils.java:warn(122)) - 8a233994-06fc-4896-836d-f0eef08dbba3@group-33809F806F51->13b42a2e-e9c9-4ea7-85e1-9ff027944fc9-AppendLogResponseHandler: Failed appendEntries: org.apache.ratis.thirdparty.io.grpc.StatusRuntimeException: UNAVAILABLE: io exception
2022-05-26 01:47:58,673 [grpc-default-executor-1] WARN  server.GrpcLogAppender (GrpcLogAppender.java:resetClient(111)) - 8a233994-06fc-4896-836d-f0eef08dbba3@group-33809F806F51->13b42a2e-e9c9-4ea7-85e1-9ff027944fc9-GrpcLogAppender: Leader has not got in touch with Follower 8a233994-06fc-4896-836d-f0eef08dbba3@group-33809F806F51->13b42a2e-e9c9-4ea7-85e1-9ff027944fc9(c0,m0,n1, attendVote=true, lastRpcSendTime=4, lastRpcResponseTime=73157) yet, just keep nextIndex unchanged and retry.
2022-05-26 01:47:59,919 [grpc-default-executor-1] WARN  server.GrpcLogAppender (LogUtils.java:warn(122)) - 8a233994-06fc-4896-836d-f0eef08dbba3@group-33809F806F51->13b42a2e-e9c9-4ea7-85e1-9ff027944fc9-AppendLogResponseHandler: Failed appendEntries: org.apache.ratis.thirdparty.io.grpc.StatusRuntimeException: UNAVAILABLE: io exception
2022-05-26 01:47:59,919 [grpc-default-executor-1] WARN  server.GrpcLogAppender (GrpcLogAppender.java:resetClient(111)) - 8a233994-06fc-4896-836d-f0eef08dbba3@group-33809F806F51->13b42a2e-e9c9-4ea7-85e1-9ff027944fc9-GrpcLogAppender: Leader has not got in touch with Follower 8a233994-06fc-4896-836d-f0eef08dbba3@group-33809F806F51->13b42a2e-e9c9-4ea7-85e1-9ff027944fc9(c0,m0,n1, attendVote=true, lastRpcSendTime=0, lastRpcResponseTime=74404) yet, just keep nextIndex unchanged and retry.
2022-05-26 01:48:01,170 [grpc-default-executor-1] WARN  server.GrpcLogAppender (LogUtils.java:warn(122)) - 8a233994-06fc-4896-836d-f0eef08dbba3@group-33809F806F51->13b42a2e-e9c9-4ea7-85e1-9ff027944fc9-AppendLogResponseHandler: Failed appendEntries: org.apache.ratis.thirdparty.io.grpc.StatusRuntimeException: UNAVAILABLE: io exception
2022-05-26 01:48:01,171 [grpc-default-executor-1] WARN  server.GrpcLogAppender (GrpcLogAppender.java:resetClient(111)) - 8a233994-06fc-4896-836d-f0eef08dbba3@group-33809F806F51->13b42a2e-e9c9-4ea7-85e1-9ff027944fc9-GrpcLogAppender: Leader has not got in touch with Follower 8a233994-06fc-4896-836d-f0eef08dbba3@group-33809F806F51->13b42a2e-e9c9-4ea7-85e1-9ff027944fc9(c0,m0,n1, attendVote=true, lastRpcSendTime=0, lastRpcResponseTime=75656) yet, just keep nextIndex unchanged and retry.
2022-05-26 01:48:02,444 [grpc-default-executor-1] WARN  server.GrpcLogAppender (LogUtils.java:warn(122)) - 8a233994-06fc-4896-836d-f0eef08dbba3@group-33809F806F51->13b42a2e-e9c9-4ea7-85e1-9ff027944fc9-AppendLogResponseHandler: Failed appendEntries: org.apache.ratis.thirdparty.io.grpc.StatusRuntimeException: UNAVAILABLE: io exception
2022-05-26 01:48:02,445 [grpc-default-executor-1] WARN  server.GrpcLogAppender (GrpcLogAppender.java:resetClient(111)) - 8a233994-06fc-4896-836d-f0eef08dbba3@group-33809F806F51->13b42a2e-e9c9-4ea7-85e1-9ff027944fc9-GrpcLogAppender: Leader has not got in touch with Follower 8a233994-06fc-4896-836d-f0eef08dbba3@group-33809F806F51->13b42a2e-e9c9-4ea7-85e1-9ff027944fc9(c0,m0,n1, attendVote=true, lastRpcSendTime=1274, lastRpcResponseTime=76930) yet, just keep nextIndex unchanged and retry.
2022-05-26 01:48:03,721 [grpc-default-executor-1] WARN  server.GrpcLogAppender (LogUtils.java:warn(122)) - 8a233994-06fc-4896-836d-f0eef08dbba3@group-33809F806F51->13b42a2e-e9c9-4ea7-85e1-9ff027944fc9-AppendLogResponseHandler: Failed appendEntries: org.apache.ratis.thirdparty.io.grpc.StatusRuntimeException: UNAVAILABLE: io exception
2022-05-26 01:48:03,722 [grpc-default-executor-1] WARN  server.GrpcLogAppender (GrpcLogAppender.java:resetClient(111)) - 8a233994-06fc-4896-836d-f0eef08dbba3@group-33809F806F51->13b42a2e-e9c9-4ea7-85e1-9ff027944fc9-GrpcLogAppender: Leader has not got in touch with Follower 8a233994-06fc-4896-836d-f0eef08dbba3@group-33809F806F51->13b42a2e-e9c9-4ea7-85e1-9ff027944fc9(c0,m0,n1, attendVote=true, lastRpcSendTime=1276, lastRpcResponseTime=78206) yet, just keep nextIndex unchanged and retry.
2022-05-26 01:48:04,988 [grpc-default-executor-1] WARN  server.GrpcLogAppender (LogUtils.java:warn(122)) - 8a233994-06fc-4896-836d-f0eef08dbba3@group-33809F806F51->13b42a2e-e9c9-4ea7-85e1-9ff027944fc9-AppendLogResponseHandler: Failed appendEntries: org.apache.ratis.thirdparty.io.grpc.StatusRuntimeException: UNAVAILABLE: io exception
2022-05-26 01:48:04,989 [grpc-default-executor-1] WARN  server.GrpcLogAppender (GrpcLogAppender.java:resetClient(111)) - 8a233994-06fc-4896-836d-f0eef08dbba3@group-33809F806F51->13b42a2e-e9c9-4ea7-85e1-9ff027944fc9-GrpcLogAppender: Leader has not got in touch with Follower 8a233994-06fc-4896-836d-f0eef08dbba3@group-33809F806F51->13b42a2e-e9c9-4ea7-85e1-9ff027944fc9(c0,m0,n1, attendVote=true, lastRpcSendTime=4, lastRpcResponseTime=79473) yet, just keep nextIndex unchanged and retry.
2022-05-26 01:48:06,246 [grpc-default-executor-1] WARN  server.GrpcLogAppender (LogUtils.java:warn(122)) - 8a233994-06fc-4896-836d-f0eef08dbba3@group-33809F806F51->13b42a2e-e9c9-4ea7-85e1-9ff027944fc9-AppendLogResponseHandler: Failed appendEntries: org.apache.ratis.thirdparty.io.grpc.StatusRuntimeException: UNAVAILABLE: io exception
2022-05-26 01:48:06,246 [grpc-default-executor-1] WARN  server.GrpcLogAppender (GrpcLogAppender.java:resetClient(111)) - 8a233994-06fc-4896-836d-f0eef08dbba3@group-33809F806F51->13b42a2e-e9c9-4ea7-85e1-9ff027944fc9-GrpcLogAppender: Leader has not got in touch with Follower 8a233994-06fc-4896-836d-f0eef08dbba3@group-33809F806F51->13b42a2e-e9c9-4ea7-85e1-9ff027944fc9(c0,m0,n1, attendVote=true, lastRpcSendTime=0, lastRpcResponseTime=80731) yet, just keep nextIndex unchanged and retry.
2022-05-26 01:48:07,526 [grpc-default-executor-1] WARN  server.GrpcLogAppender (LogUtils.java:warn(122)) - 8a233994-06fc-4896-836d-f0eef08dbba3@group-33809F806F51->13b42a2e-e9c9-4ea7-85e1-9ff027944fc9-AppendLogResponseHandler: Failed appendEntries: org.apache.ratis.thirdparty.io.grpc.StatusRuntimeException: UNAVAILABLE: io exception
2022-05-26 01:48:07,527 [grpc-default-executor-1] WARN  server.GrpcLogAppender (GrpcLogAppender.java:resetClient(111)) - 8a233994-06fc-4896-836d-f0eef08dbba3@group-33809F806F51->13b42a2e-e9c9-4ea7-85e1-9ff027944fc9-GrpcLogAppender: Leader has not got in touch with Follower 8a233994-06fc-4896-836d-f0eef08dbba3@group-33809F806F51->13b42a2e-e9c9-4ea7-85e1-9ff027944fc9(c0,m0,n1, attendVote=true, lastRpcSendTime=0, lastRpcResponseTime=82012) yet, just keep nextIndex unchanged and retry.
2022-05-26 01:48:08,789 [grpc-default-executor-1] WARN  server.GrpcLogAppender (LogUtils.java:warn(122)) - 8a233994-06fc-4896-836d-f0eef08dbba3@group-33809F806F51->13b42a2e-e9c9-4ea7-85e1-9ff027944fc9-AppendLogResponseHandler: Failed appendEntries: org.apache.ratis.thirdparty.io.grpc.StatusRuntimeException: UNAVAILABLE: io exception
2022-05-26 01:48:08,789 [grpc-default-executor-1] WARN  server.GrpcLogAppender (GrpcLogAppender.java:resetClient(111)) - 8a233994-06fc-4896-836d-f0eef08dbba3@group-33809F806F51->13b42a2e-e9c9-4ea7-85e1-9ff027944fc9-GrpcLogAppender: Leader has not got in touch with Follower 8a233994-06fc-4896-836d-f0eef08dbba3@group-33809F806F51->13b42a2e-e9c9-4ea7-85e1-9ff027944fc9(c0,m0,n1, attendVote=true, lastRpcSendTime=0, lastRpcResponseTime=83274) yet, just keep nextIndex unchanged and retry.
2022-05-26 01:48:10,047 [grpc-default-executor-1] WARN  server.GrpcLogAppender (LogUtils.java:warn(122)) - 8a233994-06fc-4896-836d-f0eef08dbba3@group-33809F806F51->13b42a2e-e9c9-4ea7-85e1-9ff027944fc9-AppendLogResponseHandler: Failed appendEntries: org.apache.ratis.thirdparty.io.grpc.StatusRuntimeException: UNAVAILABLE: io exception
2022-05-26 01:48:10,048 [grpc-default-executor-1] WARN  server.GrpcLogAppender (GrpcLogAppender.java:resetClient(111)) - 8a233994-06fc-4896-836d-f0eef08dbba3@group-33809F806F51->13b42a2e-e9c9-4ea7-85e1-9ff027944fc9-GrpcLogAppender: Leader has not got in touch with Follower 8a233994-06fc-4896-836d-f0eef08dbba3@group-33809F806F51->13b42a2e-e9c9-4ea7-85e1-9ff027944fc9(c0,m0,n1, attendVote=true, lastRpcSendTime=1259, lastRpcResponseTime=84533) yet, just keep nextIndex unchanged and retry.
2022-05-26 01:48:11,308 [grpc-default-executor-1] WARN  server.GrpcLogAppender (LogUtils.java:warn(122)) - 8a233994-06fc-4896-836d-f0eef08dbba3@group-33809F806F51->13b42a2e-e9c9-4ea7-85e1-9ff027944fc9-AppendLogResponseHandler: Failed appendEntries: org.apache.ratis.thirdparty.io.grpc.StatusRuntimeException: UNAVAILABLE: io exception
2022-05-26 01:48:11,309 [grpc-default-executor-1] WARN  server.GrpcLogAppender (GrpcLogAppender.java:resetClient(111)) - 8a233994-06fc-4896-836d-f0eef08dbba3@group-33809F806F51->13b42a2e-e9c9-4ea7-85e1-9ff027944fc9-GrpcLogAppender: Leader has not got in touch with Follower 8a233994-06fc-4896-836d-f0eef08dbba3@group-33809F806F51->13b42a2e-e9c9-4ea7-85e1-9ff027944fc9(c0,m0,n1, attendVote=true, lastRpcSendTime=3, lastRpcResponseTime=85793) yet, just keep nextIndex unchanged and retry.
2022-05-26 01:48:12,559 [grpc-default-executor-1] WARN  server.GrpcLogAppender (LogUtils.java:warn(122)) - 8a233994-06fc-4896-836d-f0eef08dbba3@group-33809F806F51->13b42a2e-e9c9-4ea7-85e1-9ff027944fc9-AppendLogResponseHandler: Failed appendEntries: org.apache.ratis.thirdparty.io.grpc.StatusRuntimeException: UNAVAILABLE: io exception
2022-05-26 01:48:12,559 [grpc-default-executor-1] WARN  server.GrpcLogAppender (GrpcLogAppender.java:resetClient(111)) - 8a233994-06fc-4896-836d-f0eef08dbba3@group-33809F806F51->13b42a2e-e9c9-4ea7-85e1-9ff027944fc9-GrpcLogAppender: Leader has not got in touch with Follower 8a233994-06fc-4896-836d-f0eef08dbba3@group-33809F806F51->13b42a2e-e9c9-4ea7-85e1-9ff027944fc9(c0,m0,n1, attendVote=true, lastRpcSendTime=1254, lastRpcResponseTime=87044) yet, just keep nextIndex unchanged and retry.
2022-05-26 01:48:13,820 [grpc-default-executor-1] WARN  server.GrpcLogAppender (LogUtils.java:warn(122)) - 8a233994-06fc-4896-836d-f0eef08dbba3@group-33809F806F51->13b42a2e-e9c9-4ea7-85e1-9ff027944fc9-AppendLogResponseHandler: Failed appendEntries: org.apache.ratis.thirdparty.io.grpc.StatusRuntimeException: UNAVAILABLE: io exception
2022-05-26 01:48:13,821 [grpc-default-executor-1] WARN  server.GrpcLogAppender (GrpcLogAppender.java:resetClient(111)) - 8a233994-06fc-4896-836d-f0eef08dbba3@group-33809F806F51->13b42a2e-e9c9-4ea7-85e1-9ff027944fc9-GrpcLogAppender: Leader has not got in touch with Follower 8a233994-06fc-4896-836d-f0eef08dbba3@group-33809F806F51->13b42a2e-e9c9-4ea7-85e1-9ff027944fc9(c0,m0,n1, attendVote=true, lastRpcSendTime=1260, lastRpcResponseTime=88306) yet, just keep nextIndex unchanged and retry.
2022-05-26 01:48:15,094 [grpc-default-executor-1] WARN  server.GrpcLogAppender (LogUtils.java:warn(122)) - 8a233994-06fc-4896-836d-f0eef08dbba3@group-33809F806F51->13b42a2e-e9c9-4ea7-85e1-9ff027944fc9-AppendLogResponseHandler: Failed appendEntries: org.apache.ratis.thirdparty.io.grpc.StatusRuntimeException: UNAVAILABLE: io exception
2022-05-26 01:48:15,095 [grpc-default-executor-1] WARN  server.GrpcLogAppender (GrpcLogAppender.java:resetClient(111)) - 8a233994-06fc-4896-836d-f0eef08dbba3@group-33809F806F51->13b42a2e-e9c9-4ea7-85e1-9ff027944fc9-GrpcLogAppender: Leader has not got in touch with Follower 8a233994-06fc-4896-836d-f0eef08dbba3@group-33809F806F51->13b42a2e-e9c9-4ea7-85e1-9ff027944fc9(c0,m0,n1, attendVote=true, lastRpcSendTime=0, lastRpcResponseTime=89579) yet, just keep nextIndex unchanged and retry.
2022-05-26 01:48:16,346 [grpc-default-executor-1] WARN  server.GrpcLogAppender (LogUtils.java:warn(122)) - 8a233994-06fc-4896-836d-f0eef08dbba3@group-33809F806F51->13b42a2e-e9c9-4ea7-85e1-9ff027944fc9-AppendLogResponseHandler: Failed appendEntries: org.apache.ratis.thirdparty.io.grpc.StatusRuntimeException: UNAVAILABLE: io exception
2022-05-26 01:48:16,347 [grpc-default-executor-1] WARN  server.GrpcLogAppender (GrpcLogAppender.java:resetClient(111)) - 8a233994-06fc-4896-836d-f0eef08dbba3@group-33809F806F51->13b42a2e-e9c9-4ea7-85e1-9ff027944fc9-GrpcLogAppender: Leader has not got in touch with Follower 8a233994-06fc-4896-836d-f0eef08dbba3@group-33809F806F51->13b42a2e-e9c9-4ea7-85e1-9ff027944fc9(c0,m0,n1, attendVote=true, lastRpcSendTime=1252, lastRpcResponseTime=90831) yet, just keep nextIndex unchanged and retry.
2022-05-26 01:48:17,607 [grpc-default-executor-1] WARN  server.GrpcLogAppender (LogUtils.java:warn(122)) - 8a233994-06fc-4896-836d-f0eef08dbba3@group-33809F806F51->13b42a2e-e9c9-4ea7-85e1-9ff027944fc9-AppendLogResponseHandler: Failed appendEntries: org.apache.ratis.thirdparty.io.grpc.StatusRuntimeException: UNAVAILABLE: io exception
2022-05-26 01:48:17,607 [grpc-default-executor-1] WARN  server.GrpcLogAppender (GrpcLogAppender.java:resetClient(111)) - 8a233994-06fc-4896-836d-f0eef08dbba3@group-33809F806F51->13b42a2e-e9c9-4ea7-85e1-9ff027944fc9-GrpcLogAppender: Leader has not got in touch with Follower 8a233994-06fc-4896-836d-f0eef08dbba3@group-33809F806F51->13b42a2e-e9c9-4ea7-85e1-9ff027944fc9(c0,m0,n1, attendVote=true, lastRpcSendTime=0, lastRpcResponseTime=92092) yet, just keep nextIndex unchanged and retry.
2022-05-26 01:48:17,988 [java.util.concurrent.ThreadPoolExecutor$Worker@39caa8a4[State = -1, empty queue]] WARN  server.GrpcLogAppender (GrpcLogAppender.java:timeoutAppendRequest(239)) - 74164fff-0da3-452b-8e38-1858412758e6@group-D0772473F178->13b42a2e-e9c9-4ea7-85e1-9ff027944fc9-GrpcLogAppender: HEARTBEAT appendEntries Timeout, request=AppendEntriesRequest:cid=0,entriesCount=0,lastEntry=null
2022-05-26 01:48:17,989 [java.util.concurrent.ThreadPoolExecutor$Worker@39caa8a4[State = -1, empty queue]] WARN  server.GrpcLogAppender (GrpcLogAppender.java:timeoutAppendRequest(239)) - 74164fff-0da3-452b-8e38-1858412758e6@group-D0772473F178->13b42a2e-e9c9-4ea7-85e1-9ff027944fc9-GrpcLogAppender:  appendEntries Timeout, request=AppendEntriesRequest:cid=1,entriesCount=1,lastEntry=(t:9, i:0)
2022-05-26 01:48:18,004 [java.util.concurrent.ThreadPoolExecutor$Worker@39caa8a4[State = -1, empty queue]] WARN  server.GrpcLogAppender (GrpcLogAppender.java:timeoutAppendRequest(239)) - 74164fff-0da3-452b-8e38-1858412758e6@group-D0772473F178->13b42a2e-e9c9-4ea7-85e1-9ff027944fc9-GrpcLogAppender: HEARTBEAT appendEntries Timeout, request=AppendEntriesRequest:cid=2,entriesCount=0,lastEntry=null
2022-05-26 01:48:18,085 [java.util.concurrent.ThreadPoolExecutor$Worker@39caa8a4[State = -1, empty queue]] WARN  server.GrpcLogAppender (GrpcLogAppender.java:timeoutAppendRequest(239)) - 74164fff-0da3-452b-8e38-1858412758e6@group-D0772473F178->13b42a2e-e9c9-4ea7-85e1-9ff027944fc9-GrpcLogAppender: HEARTBEAT appendEntries Timeout, request=AppendEntriesRequest:cid=3,entriesCount=0,lastEntry=null
2022-05-26 01:48:18,857 [grpc-default-executor-0] WARN  server.GrpcLogAppender (LogUtils.java:warn(122)) - 8a233994-06fc-4896-836d-f0eef08dbba3@group-33809F806F51->13b42a2e-e9c9-4ea7-85e1-9ff027944fc9-AppendLogResponseHandler: Failed appendEntries: org.apache.ratis.thirdparty.io.grpc.StatusRuntimeException: UNAVAILABLE: io exception
2022-05-26 01:48:18,858 [grpc-default-executor-0] WARN  server.GrpcLogAppender (GrpcLogAppender.java:resetClient(111)) - 8a233994-06fc-4896-836d-f0eef08dbba3@group-33809F806F51->13b42a2e-e9c9-4ea7-85e1-9ff027944fc9-GrpcLogAppender: Leader has not got in touch with Follower 8a233994-06fc-4896-836d-f0eef08dbba3@group-33809F806F51->13b42a2e-e9c9-4ea7-85e1-9ff027944fc9(c0,m0,n1, attendVote=true, lastRpcSendTime=0, lastRpcResponseTime=93343) yet, just keep nextIndex unchanged and retry.
2022-05-26 01:48:19,335 [java.util.concurrent.ThreadPoolExecutor$Worker@39caa8a4[State = -1, empty queue]] WARN  server.GrpcLogAppender (GrpcLogAppender.java:timeoutAppendRequest(239)) - 74164fff-0da3-452b-8e38-1858412758e6@group-D0772473F178->13b42a2e-e9c9-4ea7-85e1-9ff027944fc9-GrpcLogAppender: HEARTBEAT appendEntries Timeout, request=AppendEntriesRequest:cid=4,entriesCount=0,lastEntry=null
2022-05-26 01:48:20,119 [grpc-default-executor-1] WARN  server.GrpcLogAppender (LogUtils.java:warn(122)) - 8a233994-06fc-4896-836d-f0eef08dbba3@group-33809F806F51->13b42a2e-e9c9-4ea7-85e1-9ff027944fc9-AppendLogResponseHandler: Failed appendEntries: org.apache.ratis.thirdparty.io.grpc.StatusRuntimeException: UNAVAILABLE: io exception
2022-05-26 01:48:20,119 [grpc-default-executor-1] WARN  server.GrpcLogAppender (GrpcLogAppender.java:resetClient(111)) - 8a233994-06fc-4896-836d-f0eef08dbba3@group-33809F806F51->13b42a2e-e9c9-4ea7-85e1-9ff027944fc9-GrpcLogAppender: Leader has not got in touch with Follower 8a233994-06fc-4896-836d-f0eef08dbba3@group-33809F806F51->13b42a2e-e9c9-4ea7-85e1-9ff027944fc9(c0,m0,n1, attendVote=true, lastRpcSendTime=1261, lastRpcResponseTime=94604) yet, just keep nextIndex unchanged and retry.
2022-05-26 01:48:20,585 [java.util.concurrent.ThreadPoolExecutor$Worker@39caa8a4[State = -1, empty queue]] WARN  server.GrpcLogAppender (GrpcLogAppender.java:timeoutAppendRequest(239)) - 74164fff-0da3-452b-8e38-1858412758e6@group-D0772473F178->13b42a2e-e9c9-4ea7-85e1-9ff027944fc9-GrpcLogAppender: HEARTBEAT appendEntries Timeout, request=AppendEntriesRequest:cid=5,entriesCount=0,lastEntry=null
2022-05-26 01:48:21,141 [EventQueue-StaleNodeForStaleNodeHandler] INFO  node.StaleNodeHandler (StaleNodeHandler.java:onMessage(58)) - Datanode 13b42a2e-e9c9-4ea7-85e1-9ff027944fc9{ip: 10.1.0.18, host: fv-az270-854.tacnzluakwdehk1hpragurqkma.bx.internal.cloudapp.net, ports: [REPLICATION=35853, RATIS=43047, RATIS_ADMIN=43047, RATIS_SERVER=43047, STANDALONE=33841], networkLocation: /default-rack, certSerialId: null, persistedOpState: IN_SERVICE, persistedOpStateExpiryEpochSec: 0} moved to stale state. Finalizing its pipelines [PipelineID=31932152-a468-408e-b1eb-33809f806f51, PipelineID=7b67d137-7154-4e78-983a-c5542a47b21a, PipelineID=aaf370b2-7968-4555-b82f-d0772473f178]
2022-05-26 01:48:21,142 [EventQueue-StaleNodeForStaleNodeHandler] INFO  pipeline.PipelineManagerImpl (PipelineManagerImpl.java:closePipeline(410)) - Pipeline Pipeline[ Id: 31932152-a468-408e-b1eb-33809f806f51, Nodes: 8a233994-06fc-4896-836d-f0eef08dbba3{ip: 10.1.0.18, host: fv-az270-854.tacnzluakwdehk1hpragurqkma.bx.internal.cloudapp.net, ports: [REPLICATION=34923, RATIS=40213, RATIS_ADMIN=40213, RATIS_SERVER=40213, STANDALONE=37939], networkLocation: /default-rack, certSerialId: null, persistedOpState: IN_SERVICE, persistedOpStateExpiryEpochSec: 0}13b42a2e-e9c9-4ea7-85e1-9ff027944fc9{ip: 10.1.0.18, host: fv-az270-854.tacnzluakwdehk1hpragurqkma.bx.internal.cloudapp.net, ports: [REPLICATION=35853, RATIS=43047, RATIS_ADMIN=43047, RATIS_SERVER=43047, STANDALONE=33841], networkLocation: /default-rack, certSerialId: null, persistedOpState: IN_SERVICE, persistedOpStateExpiryEpochSec: 0}74164fff-0da3-452b-8e38-1858412758e6{ip: 10.1.0.18, host: fv-az270-854.tacnzluakwdehk1hpragurqkma.bx.internal.cloudapp.net, ports: [REPLICATION=44527, RATIS=39183, RATIS_ADMIN=39183, RATIS_SERVER=39183, STANDALONE=43501], networkLocation: /default-rack, certSerialId: null, persistedOpState: IN_SERVICE, persistedOpStateExpiryEpochSec: 0}, ReplicationConfig: RATIS/THREE, State:OPEN, leaderId:8a233994-06fc-4896-836d-f0eef08dbba3, CreationTimestamp2022-05-26T01:46:29.081Z[Etc/UTC]] moved to CLOSED state
2022-05-26 01:48:21,143 [EventQueue-StaleNodeForStaleNodeHandler] INFO  pipeline.PipelineManagerImpl (PipelineManagerImpl.java:closePipeline(410)) - Pipeline Pipeline[ Id: 7b67d137-7154-4e78-983a-c5542a47b21a, Nodes: 13b42a2e-e9c9-4ea7-85e1-9ff027944fc9{ip: 10.1.0.18, host: fv-az270-854.tacnzluakwdehk1hpragurqkma.bx.internal.cloudapp.net, ports: [REPLICATION=35853, RATIS=43047, RATIS_ADMIN=43047, RATIS_SERVER=43047, STANDALONE=33841], networkLocation: /default-rack, certSerialId: null, persistedOpState: IN_SERVICE, persistedOpStateExpiryEpochSec: 0}, ReplicationConfig: RATIS/ONE, State:OPEN, leaderId:13b42a2e-e9c9-4ea7-85e1-9ff027944fc9, CreationTimestamp2022-05-26T01:46:26.577Z[Etc/UTC]] moved to CLOSED state
2022-05-26 01:48:21,143 [EventQueue-StaleNodeForStaleNodeHandler] INFO  pipeline.PipelineManagerImpl (PipelineManagerImpl.java:closePipeline(410)) - Pipeline Pipeline[ Id: aaf370b2-7968-4555-b82f-d0772473f178, Nodes: 13b42a2e-e9c9-4ea7-85e1-9ff027944fc9{ip: 10.1.0.18, host: fv-az270-854.tacnzluakwdehk1hpragurqkma.bx.internal.cloudapp.net, ports: [REPLICATION=35853, RATIS=43047, RATIS_ADMIN=43047, RATIS_SERVER=43047, STANDALONE=33841], networkLocation: /default-rack, certSerialId: null, persistedOpState: IN_SERVICE, persistedOpStateExpiryEpochSec: 0}8a233994-06fc-4896-836d-f0eef08dbba3{ip: 10.1.0.18, host: fv-az270-854.tacnzluakwdehk1hpragurqkma.bx.internal.cloudapp.net, ports: [REPLICATION=34923, RATIS=40213, RATIS_ADMIN=40213, RATIS_SERVER=40213, STANDALONE=37939], networkLocation: /default-rack, certSerialId: null, persistedOpState: IN_SERVICE, persistedOpStateExpiryEpochSec: 0}74164fff-0da3-452b-8e38-1858412758e6{ip: 10.1.0.18, host: fv-az270-854.tacnzluakwdehk1hpragurqkma.bx.internal.cloudapp.net, ports: [REPLICATION=44527, RATIS=39183, RATIS_ADMIN=39183, RATIS_SERVER=39183, STANDALONE=43501], networkLocation: /default-rack, certSerialId: null, persistedOpState: IN_SERVICE, persistedOpStateExpiryEpochSec: 0}, ReplicationConfig: RATIS/THREE, State:OPEN, leaderId:74164fff-0da3-452b-8e38-1858412758e6, CreationTimestamp2022-05-26T01:46:29.082Z[Etc/UTC]] moved to CLOSED state
2022-05-26 01:48:21,440 [grpc-default-executor-3] WARN  server.GrpcLogAppender (LogUtils.java:warn(122)) - 8a233994-06fc-4896-836d-f0eef08dbba3@group-33809F806F51->13b42a2e-e9c9-4ea7-85e1-9ff027944fc9-AppendLogResponseHandler: Failed appendEntries: org.apache.ratis.thirdparty.io.grpc.StatusRuntimeException: UNAVAILABLE: io exception
2022-05-26 01:48:21,449 [grpc-default-executor-3] WARN  server.GrpcLogAppender (GrpcLogAppender.java:resetClient(111)) - 8a233994-06fc-4896-836d-f0eef08dbba3@group-33809F806F51->13b42a2e-e9c9-4ea7-85e1-9ff027944fc9-GrpcLogAppender: Leader has not got in touch with Follower 8a233994-06fc-4896-836d-f0eef08dbba3@group-33809F806F51->13b42a2e-e9c9-4ea7-85e1-9ff027944fc9(c0,m0,n1, attendVote=true, lastRpcSendTime=8, lastRpcResponseTime=95934) yet, just keep nextIndex unchanged and retry.
2022-05-26 01:48:21,836 [java.util.concurrent.ThreadPoolExecutor$Worker@39caa8a4[State = -1, empty queue]] WARN  server.GrpcLogAppender (GrpcLogAppender.java:timeoutAppendRequest(239)) - 74164fff-0da3-452b-8e38-1858412758e6@group-D0772473F178->13b42a2e-e9c9-4ea7-85e1-9ff027944fc9-GrpcLogAppender: HEARTBEAT appendEntries Timeout, request=AppendEntriesRequest:cid=6,entriesCount=0,lastEntry=null
2022-05-26 01:48:22,692 [grpc-default-executor-3] WARN  server.GrpcLogAppender (LogUtils.java:warn(122)) - 8a233994-06fc-4896-836d-f0eef08dbba3@group-33809F806F51->13b42a2e-e9c9-4ea7-85e1-9ff027944fc9-AppendLogResponseHandler: Failed appendEntries: org.apache.ratis.thirdparty.io.grpc.StatusRuntimeException: UNAVAILABLE: io exception
2022-05-26 01:48:22,693 [grpc-default-executor-3] WARN  server.GrpcLogAppender (GrpcLogAppender.java:resetClient(111)) - 8a233994-06fc-4896-836d-f0eef08dbba3@group-33809F806F51->13b42a2e-e9c9-4ea7-85e1-9ff027944fc9-GrpcLogAppender: Leader has not got in touch with Follower 8a233994-06fc-4896-836d-f0eef08dbba3@group-33809F806F51->13b42a2e-e9c9-4ea7-85e1-9ff027944fc9(c0,m0,n1, attendVote=true, lastRpcSendTime=0, lastRpcResponseTime=97178) yet, just keep nextIndex unchanged and retry.
2022-05-26 01:48:23,086 [java.util.concurrent.ThreadPoolExecutor$Worker@39caa8a4[State = -1, empty queue]] WARN  server.GrpcLogAppender (GrpcLogAppender.java:timeoutAppendRequest(239)) - 74164fff-0da3-452b-8e38-1858412758e6@group-D0772473F178->13b42a2e-e9c9-4ea7-85e1-9ff027944fc9-GrpcLogAppender: HEARTBEAT appendEntries Timeout, request=AppendEntriesRequest:cid=7,entriesCount=0,lastEntry=null
2022-05-26 01:48:23,948 [grpc-default-executor-0] WARN  server.GrpcLogAppender (LogUtils.java:warn(122)) - 8a233994-06fc-4896-836d-f0eef08dbba3@group-33809F806F51->13b42a2e-e9c9-4ea7-85e1-9ff027944fc9-AppendLogResponseHandler: Failed appendEntries: org.apache.ratis.thirdparty.io.grpc.StatusRuntimeException: UNAVAILABLE: io exception
2022-05-26 01:48:23,949 [grpc-default-executor-0] WARN  server.GrpcLogAppender (GrpcLogAppender.java:resetClient(111)) - 8a233994-06fc-4896-836d-f0eef08dbba3@group-33809F806F51->13b42a2e-e9c9-4ea7-85e1-9ff027944fc9-GrpcLogAppender: Leader has not got in touch with Follower 8a233994-06fc-4896-836d-f0eef08dbba3@group-33809F806F51->13b42a2e-e9c9-4ea7-85e1-9ff027944fc9(c0,m0,n1, attendVote=true, lastRpcSendTime=0, lastRpcResponseTime=98433) yet, just keep nextIndex unchanged and retry.
2022-05-26 01:48:24,337 [java.util.concurrent.ThreadPoolExecutor$Worker@39caa8a4[State = -1, empty queue]] WARN  server.GrpcLogAppender (GrpcLogAppender.java:timeoutAppendRequest(239)) - 74164fff-0da3-452b-8e38-1858412758e6@group-D0772473F178->13b42a2e-e9c9-4ea7-85e1-9ff027944fc9-GrpcLogAppender: HEARTBEAT appendEntries Timeout, request=AppendEntriesRequest:cid=8,entriesCount=0,lastEntry=null
2022-05-26 01:48:25,203 [grpc-default-executor-3] WARN  server.GrpcLogAppender (LogUtils.java:warn(122)) - 8a233994-06fc-4896-836d-f0eef08dbba3@group-33809F806F51->13b42a2e-e9c9-4ea7-85e1-9ff027944fc9-AppendLogResponseHandler: Failed appendEntries: org.apache.ratis.thirdparty.io.grpc.StatusRuntimeException: UNAVAILABLE: io exception
2022-05-26 01:48:25,204 [grpc-default-executor-3] WARN  server.GrpcLogAppender (GrpcLogAppender.java:resetClient(111)) - 8a233994-06fc-4896-836d-f0eef08dbba3@group-33809F806F51->13b42a2e-e9c9-4ea7-85e1-9ff027944fc9-GrpcLogAppender: Leader has not got in touch with Follower 8a233994-06fc-4896-836d-f0eef08dbba3@group-33809F806F51->13b42a2e-e9c9-4ea7-85e1-9ff027944fc9(c0,m0,n1, attendVote=true, lastRpcSendTime=0, lastRpcResponseTime=99689) yet, just keep nextIndex unchanged and retry.
2022-05-26 01:48:25,587 [java.util.concurrent.ThreadPoolExecutor$Worker@39caa8a4[State = -1, empty queue]] WARN  server.GrpcLogAppender (GrpcLogAppender.java:timeoutAppendRequest(239)) - 74164fff-0da3-452b-8e38-1858412758e6@group-D0772473F178->13b42a2e-e9c9-4ea7-85e1-9ff027944fc9-GrpcLogAppender: HEARTBEAT appendEntries Timeout, request=AppendEntriesRequest:cid=9,entriesCount=0,lastEntry=null
2022-05-26 01:48:26,474 [grpc-default-executor-3] WARN  server.GrpcLogAppender (LogUtils.java:warn(122)) - 8a233994-06fc-4896-836d-f0eef08dbba3@group-33809F806F51->13b42a2e-e9c9-4ea7-85e1-9ff027944fc9-AppendLogResponseHandler: Failed appendEntries: org.apache.ratis.thirdparty.io.grpc.StatusRuntimeException: UNAVAILABLE: io exception
2022-05-26 01:48:26,475 [grpc-default-executor-3] WARN  server.GrpcLogAppender (GrpcLogAppender.java:resetClient(111)) - 8a233994-06fc-4896-836d-f0eef08dbba3@group-33809F806F51->13b42a2e-e9c9-4ea7-85e1-9ff027944fc9-GrpcLogAppender: Leader has not got in touch with Follower 8a233994-06fc-4896-836d-f0eef08dbba3@group-33809F806F51->13b42a2e-e9c9-4ea7-85e1-9ff027944fc9(c0,m0,n1, attendVote=true, lastRpcSendTime=2, lastRpcResponseTime=100960) yet, just keep nextIndex unchanged and retry.
2022-05-26 01:48:26,838 [java.util.concurrent.ThreadPoolExecutor$Worker@39caa8a4[State = -1, empty queue]] WARN  server.GrpcLogAppender (GrpcLogAppender.java:timeoutAppendRequest(239)) - 74164fff-0da3-452b-8e38-1858412758e6@group-D0772473F178->13b42a2e-e9c9-4ea7-85e1-9ff027944fc9-GrpcLogAppender: HEARTBEAT appendEntries Timeout, request=AppendEntriesRequest:cid=10,entriesCount=0,lastEntry=null
2022-05-26 01:48:27,730 [grpc-default-executor-3] WARN  server.GrpcLogAppender (LogUtils.java:warn(122)) - 8a233994-06fc-4896-836d-f0eef08dbba3@group-33809F806F51->13b42a2e-e9c9-4ea7-85e1-9ff027944fc9-AppendLogResponseHandler: Failed appendEntries: org.apache.ratis.thirdparty.io.grpc.StatusRuntimeException: UNAVAILABLE: io exception
2022-05-26 01:48:27,730 [grpc-default-executor-3] WARN  server.GrpcLogAppender (GrpcLogAppender.java:resetClient(111)) - 8a233994-06fc-4896-836d-f0eef08dbba3@group-33809F806F51->13b42a2e-e9c9-4ea7-85e1-9ff027944fc9-GrpcLogAppender: Leader has not got in touch with Follower 8a233994-06fc-4896-836d-f0eef08dbba3@group-33809F806F51->13b42a2e-e9c9-4ea7-85e1-9ff027944fc9(c0,m0,n1, attendVote=true, lastRpcSendTime=0, lastRpcResponseTime=102215) yet, just keep nextIndex unchanged and retry.
2022-05-26 01:48:28,088 [java.util.concurrent.ThreadPoolExecutor$Worker@39caa8a4[State = -1, empty queue]] WARN  server.GrpcLogAppender (GrpcLogAppender.java:timeoutAppendRequest(239)) - 74164fff-0da3-452b-8e38-1858412758e6@group-D0772473F178->13b42a2e-e9c9-4ea7-85e1-9ff027944fc9-GrpcLogAppender: HEARTBEAT appendEntries Timeout, request=AppendEntriesRequest:cid=11,entriesCount=0,lastEntry=null
2022-05-26 01:48:28,988 [grpc-default-executor-0] WARN  server.GrpcLogAppender (LogUtils.java:warn(122)) - 8a233994-06fc-4896-836d-f0eef08dbba3@group-33809F806F51->13b42a2e-e9c9-4ea7-85e1-9ff027944fc9-AppendLogResponseHandler: Failed appendEntries: org.apache.ratis.thirdparty.io.grpc.StatusRuntimeException: UNAVAILABLE: io exception
2022-05-26 01:48:28,988 [grpc-default-executor-0] WARN  server.GrpcLogAppender (GrpcLogAppender.java:resetClient(111)) - 8a233994-06fc-4896-836d-f0eef08dbba3@group-33809F806F51->13b42a2e-e9c9-4ea7-85e1-9ff027944fc9-GrpcLogAppender: Leader has not got in touch with Follower 8a233994-06fc-4896-836d-f0eef08dbba3@group-33809F806F51->13b42a2e-e9c9-4ea7-85e1-9ff027944fc9(c0,m0,n1, attendVote=true, lastRpcSendTime=1, lastRpcResponseTime=103473) yet, just keep nextIndex unchanged and retry.
2022-05-26 01:48:29,087 [RatisPipelineUtilsThread - 0] ERROR scm.SCMCommonPlacementPolicy (SCMCommonPlacementPolicy.java:filterNodesWithSpace(172)) - Unable to find enough nodes that meet the space requirement of 1073741824 bytes for metadata and 5368709120 bytes for data in healthy node set. Required 3. Found 2.
2022-05-26 01:48:29,340 [java.util.concurrent.ThreadPoolExecutor$Worker@39caa8a4[State = -1, empty queue]] WARN  server.GrpcLogAppender (GrpcLogAppender.java:timeoutAppendRequest(239)) - 74164fff-0da3-452b-8e38-1858412758e6@group-D0772473F178->13b42a2e-e9c9-4ea7-85e1-9ff027944fc9-GrpcLogAppender: HEARTBEAT appendEntries Timeout, request=AppendEntriesRequest:cid=12,entriesCount=0,lastEntry=null
2022-05-26 01:48:30,273 [grpc-default-executor-3] WARN  server.GrpcLogAppender (LogUtils.java:warn(122)) - 8a233994-06fc-4896-836d-f0eef08dbba3@group-33809F806F51->13b42a2e-e9c9-4ea7-85e1-9ff027944fc9-AppendLogResponseHandler: Failed appendEntries: org.apache.ratis.thirdparty.io.grpc.StatusRuntimeException: UNAVAILABLE: io exception
2022-05-26 01:48:30,274 [grpc-default-executor-3] WARN  server.GrpcLogAppender (GrpcLogAppender.java:resetClient(111)) - 8a233994-06fc-4896-836d-f0eef08dbba3@group-33809F806F51->13b42a2e-e9c9-4ea7-85e1-9ff027944fc9-GrpcLogAppender: Leader has not got in touch with Follower 8a233994-06fc-4896-836d-f0eef08dbba3@group-33809F806F51->13b42a2e-e9c9-4ea7-85e1-9ff027944fc9(c0,m0,n1, attendVote=true, lastRpcSendTime=0, lastRpcResponseTime=104759) yet, just keep nextIndex unchanged and retry.
2022-05-26 01:48:30,593 [java.util.concurrent.ThreadPoolExecutor$Worker@39caa8a4[State = -1, empty queue]] WARN  server.GrpcLogAppender (GrpcLogAppender.java:timeoutAppendRequest(239)) - 74164fff-0da3-452b-8e38-1858412758e6@group-D0772473F178->13b42a2e-e9c9-4ea7-85e1-9ff027944fc9-GrpcLogAppender: HEARTBEAT appendEntries Timeout, request=AppendEntriesRequest:cid=13,entriesCount=0,lastEntry=null
2022-05-26 01:48:31,536 [grpc-default-executor-3] WARN  server.GrpcLogAppender (LogUtils.java:warn(122)) - 8a233994-06fc-4896-836d-f0eef08dbba3@group-33809F806F51->13b42a2e-e9c9-4ea7-85e1-9ff027944fc9-AppendLogResponseHandler: Failed appendEntries: org.apache.ratis.thirdparty.io.grpc.StatusRuntimeException: UNAVAILABLE: io exception
2022-05-26 01:48:31,536 [grpc-default-executor-3] WARN  server.GrpcLogAppender (GrpcLogAppender.java:resetClient(111)) - 8a233994-06fc-4896-836d-f0eef08dbba3@group-33809F806F51->13b42a2e-e9c9-4ea7-85e1-9ff027944fc9-GrpcLogAppender: Leader has not got in touch with Follower 8a233994-06fc-4896-836d-f0eef08dbba3@group-33809F806F51->13b42a2e-e9c9-4ea7-85e1-9ff027944fc9(c0,m0,n1, attendVote=true, lastRpcSendTime=1263, lastRpcResponseTime=106021) yet, just keep nextIndex unchanged and retry.
2022-05-26 01:48:31,843 [java.util.concurrent.ThreadPoolExecutor$Worker@39caa8a4[State = -1, empty queue]] WARN  server.GrpcLogAppender (GrpcLogAppender.java:timeoutAppendRequest(239)) - 74164fff-0da3-452b-8e38-1858412758e6@group-D0772473F178->13b42a2e-e9c9-4ea7-85e1-9ff027944fc9-GrpcLogAppender: HEARTBEAT appendEntries Timeout, request=AppendEntriesRequest:cid=14,entriesCount=0,lastEntry=null
2022-05-26 01:48:32,793 [grpc-default-executor-3] WARN  server.GrpcLogAppender (LogUtils.java:warn(122)) - 8a233994-06fc-4896-836d-f0eef08dbba3@group-33809F806F51->13b42a2e-e9c9-4ea7-85e1-9ff027944fc9-AppendLogResponseHandler: Failed appendEntries: org.apache.ratis.thirdparty.io.grpc.StatusRuntimeException: UNAVAILABLE: io exception
2022-05-26 01:48:32,794 [grpc-default-executor-3] WARN  server.GrpcLogAppender (GrpcLogAppender.java:resetClient(111)) - 8a233994-06fc-4896-836d-f0eef08dbba3@group-33809F806F51->13b42a2e-e9c9-4ea7-85e1-9ff027944fc9-GrpcLogAppender: Leader has not got in touch with Follower 8a233994-06fc-4896-836d-f0eef08dbba3@group-33809F806F51->13b42a2e-e9c9-4ea7-85e1-9ff027944fc9(c0,m0,n1, attendVote=true, lastRpcSendTime=1256, lastRpcResponseTime=107278) yet, just keep nextIndex unchanged and retry.
2022-05-26 01:48:33,116 [java.util.concurrent.ThreadPoolExecutor$Worker@39caa8a4[State = -1, empty queue]] WARN  server.GrpcLogAppender (GrpcLogAppender.java:timeoutAppendRequest(239)) - 74164fff-0da3-452b-8e38-1858412758e6@group-D0772473F178->13b42a2e-e9c9-4ea7-85e1-9ff027944fc9-GrpcLogAppender: HEARTBEAT appendEntries Timeout, request=AppendEntriesRequest:cid=15,entriesCount=0,lastEntry=null
2022-05-26 01:48:34,082 [grpc-default-executor-0] WARN  server.GrpcLogAppender (LogUtils.java:warn(122)) - 8a233994-06fc-4896-836d-f0eef08dbba3@group-33809F806F51->13b42a2e-e9c9-4ea7-85e1-9ff027944fc9-AppendLogResponseHandler: Failed appendEntries: org.apache.ratis.thirdparty.io.grpc.StatusRuntimeException: UNAVAILABLE: io exception
2022-05-26 01:48:34,082 [grpc-default-executor-0] WARN  server.GrpcLogAppender (GrpcLogAppender.java:resetClient(111)) - 8a233994-06fc-4896-836d-f0eef08dbba3@group-33809F806F51->13b42a2e-e9c9-4ea7-85e1-9ff027944fc9-GrpcLogAppender: Leader has not got in touch with Follower 8a233994-06fc-4896-836d-f0eef08dbba3@group-33809F806F51->13b42a2e-e9c9-4ea7-85e1-9ff027944fc9(c0,m0,n1, attendVote=true, lastRpcSendTime=0, lastRpcResponseTime=108567) yet, just keep nextIndex unchanged and retry.
2022-05-26 01:48:34,344 [java.util.concurrent.ThreadPoolExecutor$Worker@39caa8a4[State = -1, empty queue]] WARN  server.GrpcLogAppender (GrpcLogAppender.java:timeoutAppendRequest(239)) - 74164fff-0da3-452b-8e38-1858412758e6@group-D0772473F178->13b42a2e-e9c9-4ea7-85e1-9ff027944fc9-GrpcLogAppender: HEARTBEAT appendEntries Timeout, request=AppendEntriesRequest:cid=16,entriesCount=0,lastEntry=null
2022-05-26 01:48:35,344 [grpc-default-executor-0] WARN  server.GrpcLogAppender (LogUtils.java:warn(122)) - 8a233994-06fc-4896-836d-f0eef08dbba3@group-33809F806F51->13b42a2e-e9c9-4ea7-85e1-9ff027944fc9-AppendLogResponseHandler: Failed appendEntries: org.apache.ratis.thirdparty.io.grpc.StatusRuntimeException: UNAVAILABLE: io exception
2022-05-26 01:48:35,345 [grpc-default-executor-0] WARN  server.GrpcLogAppender (GrpcLogAppender.java:resetClient(111)) - 8a233994-06fc-4896-836d-f0eef08dbba3@group-33809F806F51->13b42a2e-e9c9-4ea7-85e1-9ff027944fc9-GrpcLogAppender: Leader has not got in touch with Follower 8a233994-06fc-4896-836d-f0eef08dbba3@group-33809F806F51->13b42a2e-e9c9-4ea7-85e1-9ff027944fc9(c0,m0,n1, attendVote=true, lastRpcSendTime=1263, lastRpcResponseTime=109830) yet, just keep nextIndex unchanged and retry.
2022-05-26 01:48:35,595 [java.util.concurrent.ThreadPoolExecutor$Worker@39caa8a4[State = -1, empty queue]] WARN  server.GrpcLogAppender (GrpcLogAppender.java:timeoutAppendRequest(239)) - 74164fff-0da3-452b-8e38-1858412758e6@group-D0772473F178->13b42a2e-e9c9-4ea7-85e1-9ff027944fc9-GrpcLogAppender: HEARTBEAT appendEntries Timeout, request=AppendEntriesRequest:cid=17,entriesCount=0,lastEntry=null
2022-05-26 01:48:36,595 [grpc-default-executor-0] WARN  server.GrpcLogAppender (LogUtils.java:warn(122)) - 8a233994-06fc-4896-836d-f0eef08dbba3@group-33809F806F51->13b42a2e-e9c9-4ea7-85e1-9ff027944fc9-AppendLogResponseHandler: Failed appendEntries: org.apache.ratis.thirdparty.io.grpc.StatusRuntimeException: UNAVAILABLE: io exception
2022-05-26 01:48:36,596 [grpc-default-executor-0] WARN  server.GrpcLogAppender (GrpcLogAppender.java:resetClient(111)) - 8a233994-06fc-4896-836d-f0eef08dbba3@group-33809F806F51->13b42a2e-e9c9-4ea7-85e1-9ff027944fc9-GrpcLogAppender: Leader has not got in touch with Follower 8a233994-06fc-4896-836d-f0eef08dbba3@group-33809F806F51->13b42a2e-e9c9-4ea7-85e1-9ff027944fc9(c0,m0,n1, attendVote=true, lastRpcSendTime=0, lastRpcResponseTime=111081) yet, just keep nextIndex unchanged and retry.
2022-05-26 01:48:36,845 [java.util.concurrent.ThreadPoolExecutor$Worker@39caa8a4[State = -1, empty queue]] WARN  server.GrpcLogAppender (GrpcLogAppender.java:timeoutAppendRequest(239)) - 74164fff-0da3-452b-8e38-1858412758e6@group-D0772473F178->13b42a2e-e9c9-4ea7-85e1-9ff027944fc9-GrpcLogAppender: HEARTBEAT appendEntries Timeout, request=AppendEntriesRequest:cid=18,entriesCount=0,lastEntry=null
2022-05-26 01:48:37,849 [grpc-default-executor-0] WARN  server.GrpcLogAppender (LogUtils.java:warn(122)) - 8a233994-06fc-4896-836d-f0eef08dbba3@group-33809F806F51->13b42a2e-e9c9-4ea7-85e1-9ff027944fc9-AppendLogResponseHandler: Failed appendEntries: org.apache.ratis.thirdparty.io.grpc.StatusRuntimeException: UNAVAILABLE: io exception
2022-05-26 01:48:37,850 [grpc-default-executor-0] WARN  server.GrpcLogAppender (GrpcLogAppender.java:resetClient(111)) - 8a233994-06fc-4896-836d-f0eef08dbba3@group-33809F806F51->13b42a2e-e9c9-4ea7-85e1-9ff027944fc9-GrpcLogAppender: Leader has not got in touch with Follower 8a233994-06fc-4896-836d-f0eef08dbba3@group-33809F806F51->13b42a2e-e9c9-4ea7-85e1-9ff027944fc9(c0,m0,n1, attendVote=true, lastRpcSendTime=1254, lastRpcResponseTime=112334) yet, just keep nextIndex unchanged and retry.
2022-05-26 01:48:38,096 [java.util.concurrent.ThreadPoolExecutor$Worker@39caa8a4[State = -1, empty queue]] WARN  server.GrpcLogAppender (GrpcLogAppender.java:timeoutAppendRequest(239)) - 74164fff-0da3-452b-8e38-1858412758e6@group-D0772473F178->13b42a2e-e9c9-4ea7-85e1-9ff027944fc9-GrpcLogAppender: HEARTBEAT appendEntries Timeout, request=AppendEntriesRequest:cid=19,entriesCount=0,lastEntry=null
2022-05-26 01:48:39,101 [grpc-default-executor-3] WARN  server.GrpcLogAppender (LogUtils.java:warn(122)) - 8a233994-06fc-4896-836d-f0eef08dbba3@group-33809F806F51->13b42a2e-e9c9-4ea7-85e1-9ff027944fc9-AppendLogResponseHandler: Failed appendEntries: org.apache.ratis.thirdparty.io.grpc.StatusRuntimeException: UNAVAILABLE: io exception
2022-05-26 01:48:39,101 [grpc-default-executor-3] WARN  server.GrpcLogAppender (GrpcLogAppender.java:resetClient(111)) - 8a233994-06fc-4896-836d-f0eef08dbba3@group-33809F806F51->13b42a2e-e9c9-4ea7-85e1-9ff027944fc9-GrpcLogAppender: Leader has not got in touch with Follower 8a233994-06fc-4896-836d-f0eef08dbba3@group-33809F806F51->13b42a2e-e9c9-4ea7-85e1-9ff027944fc9(c0,m0,n1, attendVote=true, lastRpcSendTime=0, lastRpcResponseTime=113586) yet, just keep nextIndex unchanged and retry.
2022-05-26 01:48:39,346 [java.util.concurrent.ThreadPoolExecutor$Worker@39caa8a4[State = -1, empty queue]] WARN  server.GrpcLogAppender (GrpcLogAppender.java:timeoutAppendRequest(239)) - 74164fff-0da3-452b-8e38-1858412758e6@group-D0772473F178->13b42a2e-e9c9-4ea7-85e1-9ff027944fc9-GrpcLogAppender: HEARTBEAT appendEntries Timeout, request=AppendEntriesRequest:cid=20,entriesCount=0,lastEntry=null
2022-05-26 01:48:40,352 [grpc-default-executor-3] WARN  server.GrpcLogAppender (LogUtils.java:warn(122)) - 8a233994-06fc-4896-836d-f0eef08dbba3@group-33809F806F51->13b42a2e-e9c9-4ea7-85e1-9ff027944fc9-AppendLogResponseHandler: Failed appendEntries: org.apache.ratis.thirdparty.io.grpc.StatusRuntimeException: UNAVAILABLE: io exception
2022-05-26 01:48:40,353 [grpc-default-executor-3] WARN  server.GrpcLogAppender (GrpcLogAppender.java:resetClient(111)) - 8a233994-06fc-4896-836d-f0eef08dbba3@group-33809F806F51->13b42a2e-e9c9-4ea7-85e1-9ff027944fc9-GrpcLogAppender: Leader has not got in touch with Follower 8a233994-06fc-4896-836d-f0eef08dbba3@group-33809F806F51->13b42a2e-e9c9-4ea7-85e1-9ff027944fc9(c0,m0,n1, attendVote=true, lastRpcSendTime=1252, lastRpcResponseTime=114837) yet, just keep nextIndex unchanged and retry.
2022-05-26 01:48:40,596 [java.util.concurrent.ThreadPoolExecutor$Worker@39caa8a4[State = -1, empty queue]] WARN  server.GrpcLogAppender (GrpcLogAppender.java:timeoutAppendRequest(239)) - 74164fff-0da3-452b-8e38-1858412758e6@group-D0772473F178->13b42a2e-e9c9-4ea7-85e1-9ff027944fc9-GrpcLogAppender: HEARTBEAT appendEntries Timeout, request=AppendEntriesRequest:cid=21,entriesCount=0,lastEntry=null
2022-05-26 01:48:41,046 [Listener at 127.0.0.1/39025] WARN  server.RaftServer (RaftServerProxy.java:lambda$close$7(404)) - 13b42a2e-e9c9-4ea7-85e1-9ff027944fc9: Failed to close GRPC server
java.io.InterruptedIOException: 13b42a2e-e9c9-4ea7-85e1-9ff027944fc9: shutdown server with port 43047 failed
	at org.apache.ratis.util.IOUtils.toInterruptedIOException(IOUtils.java:49)
	at org.apache.ratis.grpc.server.GrpcService.closeImpl(GrpcService.java:276)
	at org.apache.ratis.util.LifeCycle.lambda$checkStateAndClose$4(LifeCycle.java:299)
	at org.apache.ratis.util.LifeCycle.checkStateAndClose(LifeCycle.java:319)
	at org.apache.ratis.util.LifeCycle.checkStateAndClose(LifeCycle.java:297)
	at org.apache.ratis.server.RaftServerRpcWithProxy.close(RaftServerRpcWithProxy.java:80)
	at org.apache.ratis.server.impl.RaftServerProxy.lambda$close$7(RaftServerProxy.java:402)
	at org.apache.ratis.util.LifeCycle.lambda$checkStateAndClose$4(LifeCycle.java:299)
	at org.apache.ratis.util.LifeCycle.checkStateAndClose(LifeCycle.java:319)
	at org.apache.ratis.util.LifeCycle.checkStateAndClose(LifeCycle.java:297)
	at org.apache.ratis.server.impl.RaftServerProxy.close(RaftServerProxy.java:397)
	at org.apache.hadoop.ozone.container.common.transport.server.ratis.XceiverServerRatis.stop(XceiverServerRatis.java:513)
	at org.apache.hadoop.ozone.container.ozoneimpl.OzoneContainer.stop(OzoneContainer.java:359)
	at org.apache.hadoop.ozone.container.common.statemachine.DatanodeStateMachine.close(DatanodeStateMachine.java:394)
	at org.apache.hadoop.ozone.container.common.statemachine.DatanodeStateMachine.stopDaemon(DatanodeStateMachine.java:568)
	at org.apache.hadoop.ozone.HddsDatanodeService.stop(HddsDatanodeService.java:571)
	at org.apache.hadoop.hdds.scm.TestRatisPipelineLeader.testLeaderIdAfterLeaderChange(TestRatisPipelineLeader.java:125)
	at sun.reflect.NativeMethodAccessorImpl.invoke0(Native Method)
	at sun.reflect.NativeMethodAccessorImpl.invoke(NativeMethodAccessorImpl.java:62)
	at sun.reflect.DelegatingMethodAccessorImpl.invoke(DelegatingMethodAccessorImpl.java:43)
	at java.lang.reflect.Method.invoke(Method.java:498)
	at org.junit.platform.commons.util.ReflectionUtils.invokeMethod(ReflectionUtils.java:725)
	at org.junit.jupiter.engine.execution.MethodInvocation.proceed(MethodInvocation.java:60)
	at org.junit.jupiter.engine.execution.InvocationInterceptorChain$ValidatingInvocation.proceed(InvocationInterceptorChain.java:131)
	at org.junit.jupiter.engine.extension.TimeoutInvocation.proceed(TimeoutInvocation.java:46)
	at org.junit.jupiter.engine.extension.TimeoutExtension.intercept(TimeoutExtension.java:149)
	at org.junit.jupiter.engine.extension.TimeoutExtension.interceptTestableMethod(TimeoutExtension.java:140)
	at org.junit.jupiter.engine.extension.TimeoutExtension.interceptTestMethod(TimeoutExtension.java:84)
	at org.junit.jupiter.engine.execution.ExecutableInvoker$ReflectiveInterceptorCall.lambda$ofVoidMethod$0(ExecutableInvoker.java:115)
	at org.junit.jupiter.engine.execution.ExecutableInvoker.lambda$invoke$0(ExecutableInvoker.java:105)
	at org.junit.jupiter.engine.execution.InvocationInterceptorChain$InterceptedInvocation.proceed(InvocationInterceptorChain.java:106)
	at org.junit.jupiter.engine.execution.InvocationInterceptorChain.proceed(InvocationInterceptorChain.java:64)
	at org.junit.jupiter.engine.execution.InvocationInterceptorChain.chainAndInvoke(InvocationInterceptorChain.java:45)
	at org.junit.jupiter.engine.execution.InvocationInterceptorChain.invoke(InvocationInterceptorChain.java:37)
	at org.junit.jupiter.engine.execution.ExecutableInvoker.invoke(ExecutableInvoker.java:104)
	at org.junit.jupiter.engine.execution.ExecutableInvoker.invoke(ExecutableInvoker.java:98)
	at org.junit.jupiter.engine.descriptor.TestMethodTestDescriptor.lambda$invokeTestMethod$7(TestMethodTestDescriptor.java:214)
	at org.junit.platform.engine.support.hierarchical.ThrowableCollector.execute(ThrowableCollector.java:73)
	at org.junit.jupiter.engine.descriptor.TestMethodTestDescriptor.invokeTestMethod(TestMethodTestDescriptor.java:210)
	at org.junit.jupiter.engine.descriptor.TestMethodTestDescriptor.execute(TestMethodTestDescriptor.java:135)
	at org.junit.jupiter.engine.descriptor.TestMethodTestDescriptor.execute(TestMethodTestDescriptor.java:66)
	at org.junit.platform.engine.support.hierarchical.NodeTestTask.lambda$executeRecursively$6(NodeTestTask.java:151)
	at org.junit.platform.engine.support.hierarchical.ThrowableCollector.execute(ThrowableCollector.java:73)
	at org.junit.platform.engine.support.hierarchical.NodeTestTask.lambda$executeRecursively$8(NodeTestTask.java:141)
	at org.junit.platform.engine.support.hierarchical.Node.around(Node.java:137)
	at org.junit.platform.engine.support.hierarchical.NodeTestTask.lambda$executeRecursively$9(NodeTestTask.java:139)
	at org.junit.platform.engine.support.hierarchical.ThrowableCollector.execute(ThrowableCollector.java:73)
	at org.junit.platform.engine.support.hierarchical.NodeTestTask.executeRecursively(NodeTestTask.java:138)
	at org.junit.platform.engine.support.hierarchical.NodeTestTask.execute(NodeTestTask.java:95)
	at java.util.ArrayList.forEach(ArrayList.java:1259)
	at org.junit.platform.engine.support.hierarchical.SameThreadHierarchicalTestExecutorService.invokeAll(SameThreadHierarchicalTestExecutorService.java:41)
	at org.junit.platform.engine.support.hierarchical.NodeTestTask.lambda$executeRecursively$6(NodeTestTask.java:155)
	at org.junit.platform.engine.support.hierarchical.ThrowableCollector.execute(ThrowableCollector.java:73)
	at org.junit.platform.engine.support.hierarchical.NodeTestTask.lambda$executeRecursively$8(NodeTestTask.java:141)
	at org.junit.platform.engine.support.hierarchical.Node.around(Node.java:137)
	at org.junit.platform.engine.support.hierarchical.NodeTestTask.lambda$executeRecursively$9(NodeTestTask.java:139)
	at org.junit.platform.engine.support.hierarchical.ThrowableCollector.execute(ThrowableCollector.java:73)
	at org.junit.platform.engine.support.hierarchical.NodeTestTask.executeRecursively(NodeTestTask.java:138)
	at org.junit.platform.engine.support.hierarchical.NodeTestTask.execute(NodeTestTask.java:95)
	at java.util.ArrayList.forEach(ArrayList.java:1259)
	at org.junit.platform.engine.support.hierarchical.SameThreadHierarchicalTestExecutorService.invokeAll(SameThreadHierarchicalTestExecutorService.java:41)
	at org.junit.platform.engine.support.hierarchical.NodeTestTask.lambda$executeRecursively$6(NodeTestTask.java:155)
	at org.junit.platform.engine.support.hierarchical.ThrowableCollector.execute(ThrowableCollector.java:73)
	at org.junit.platform.engine.support.hierarchical.NodeTestTask.lambda$executeRecursively$8(NodeTestTask.java:141)
	at org.junit.platform.engine.support.hierarchical.Node.around(Node.java:137)
	at org.junit.platform.engine.support.hierarchical.NodeTestTask.lambda$executeRecursively$9(NodeTestTask.java:139)
	at org.junit.platform.engine.support.hierarchical.ThrowableCollector.execute(ThrowableCollector.java:73)
	at org.junit.platform.engine.support.hierarchical.NodeTestTask.executeRecursively(NodeTestTask.java:138)
	at org.junit.platform.engine.support.hierarchical.NodeTestTask.execute(NodeTestTask.java:95)
	at org.junit.platform.engine.support.hierarchical.SameThreadHierarchicalTestExecutorService.submit(SameThreadHierarchicalTestExecutorService.java:35)
	at org.junit.platform.engine.support.hierarchical.HierarchicalTestExecutor.execute(HierarchicalTestExecutor.java:57)
	at org.junit.platform.engine.support.hierarchical.HierarchicalTestEngine.execute(HierarchicalTestEngine.java:54)
	at org.junit.platform.launcher.core.EngineExecutionOrchestrator.execute(EngineExecutionOrchestrator.java:107)
	at org.junit.platform.launcher.core.EngineExecutionOrchestrator.execute(EngineExecutionOrchestrator.java:88)
	at org.junit.platform.launcher.core.EngineExecutionOrchestrator.lambda$execute$0(EngineExecutionOrchestrator.java:54)
	at org.junit.platform.launcher.core.EngineExecutionOrchestrator.withInterceptedStreams(EngineExecutionOrchestrator.java:67)
	at org.junit.platform.launcher.core.EngineExecutionOrchestrator.execute(EngineExecutionOrchestrator.java:52)
	at org.junit.platform.launcher.core.DefaultLauncher.execute(DefaultLauncher.java:114)
	at org.junit.platform.launcher.core.DefaultLauncher.execute(DefaultLauncher.java:86)
	at org.junit.platform.launcher.core.DefaultLauncherSession$DelegatingLauncher.execute(DefaultLauncherSession.java:86)
	at org.junit.platform.launcher.core.SessionPerRequestLauncher.execute(SessionPerRequestLauncher.java:53)
	at org.apache.maven.surefire.junitplatform.JUnitPlatformProvider.invokeAllTests(JUnitPlatformProvider.java:165)
	at org.apache.maven.surefire.junitplatform.JUnitPlatformProvider.invoke(JUnitPlatformProvider.java:124)
	at org.apache.maven.surefire.booter.ForkedBooter.runSuitesInProcess(ForkedBooter.java:428)
	at org.apache.maven.surefire.booter.ForkedBooter.execute(ForkedBooter.java:162)
	at org.apache.maven.surefire.booter.ForkedBooter.run(ForkedBooter.java:562)
	at org.apache.maven.surefire.booter.ForkedBooter.main(ForkedBooter.java:548)
Caused by: java.lang.InterruptedException
	at java.lang.Object.wait(Native Method)
	at java.lang.Object.wait(Object.java:502)
	at org.apache.ratis.thirdparty.io.grpc.internal.ServerImpl.awaitTermination(ServerImpl.java:320)
	at org.apache.ratis.grpc.server.GrpcService.closeImpl(GrpcService.java:273)
	... 85 more
2022-05-26 01:48:41,048 [org.apache.ratis.util.JvmPauseMonitor$$Lambda$677/950145419@2667f157] INFO  util.JvmPauseMonitor (JvmPauseMonitor.java:run(109)) - JvmPauseMonitor-13b42a2e-e9c9-4ea7-85e1-9ff027944fc9: Stopped
2022-05-26 01:48:41,621 [grpc-default-executor-3] WARN  server.GrpcLogAppender (LogUtils.java:warn(122)) - 8a233994-06fc-4896-836d-f0eef08dbba3@group-33809F806F51->13b42a2e-e9c9-4ea7-85e1-9ff027944fc9-AppendLogResponseHandler: Failed appendEntries: org.apache.ratis.thirdparty.io.grpc.StatusRuntimeException: UNAVAILABLE: io exception
2022-05-26 01:48:41,621 [grpc-default-executor-3] WARN  server.GrpcLogAppender (GrpcLogAppender.java:resetClient(111)) - 8a233994-06fc-4896-836d-f0eef08dbba3@group-33809F806F51->13b42a2e-e9c9-4ea7-85e1-9ff027944fc9-GrpcLogAppender: Leader has not got in touch with Follower 8a233994-06fc-4896-836d-f0eef08dbba3@group-33809F806F51->13b42a2e-e9c9-4ea7-85e1-9ff027944fc9(c0,m0,n1, attendVote=true, lastRpcSendTime=0, lastRpcResponseTime=116106) yet, just keep nextIndex unchanged and retry.
2022-05-26 01:48:41,847 [java.util.concurrent.ThreadPoolExecutor$Worker@39caa8a4[State = -1, empty queue]] WARN  server.GrpcLogAppender (GrpcLogAppender.java:timeoutAppendRequest(239)) - 74164fff-0da3-452b-8e38-1858412758e6@group-D0772473F178->13b42a2e-e9c9-4ea7-85e1-9ff027944fc9-GrpcLogAppender: HEARTBEAT appendEntries Timeout, request=AppendEntriesRequest:cid=22,entriesCount=0,lastEntry=null
2022-05-26 01:48:42,873 [grpc-default-executor-0] WARN  server.GrpcLogAppender (LogUtils.java:warn(122)) - 8a233994-06fc-4896-836d-f0eef08dbba3@group-33809F806F51->13b42a2e-e9c9-4ea7-85e1-9ff027944fc9-AppendLogResponseHandler: Failed appendEntries: org.apache.ratis.thirdparty.io.grpc.StatusRuntimeException: UNAVAILABLE: io exception
2022-05-26 01:48:42,873 [grpc-default-executor-0] WARN  server.GrpcLogAppender (GrpcLogAppender.java:resetClient(111)) - 8a233994-06fc-4896-836d-f0eef08dbba3@group-33809F806F51->13b42a2e-e9c9-4ea7-85e1-9ff027944fc9-GrpcLogAppender: Leader has not got in touch with Follower 8a233994-06fc-4896-836d-f0eef08dbba3@group-33809F806F51->13b42a2e-e9c9-4ea7-85e1-9ff027944fc9(c0,m0,n1, attendVote=true, lastRpcSendTime=0, lastRpcResponseTime=117358) yet, just keep nextIndex unchanged and retry.
2022-05-26 01:48:43,097 [java.util.concurrent.ThreadPoolExecutor$Worker@39caa8a4[State = -1, empty queue]] WARN  server.GrpcLogAppender (GrpcLogAppender.java:timeoutAppendRequest(239)) - 74164fff-0da3-452b-8e38-1858412758e6@group-D0772473F178->13b42a2e-e9c9-4ea7-85e1-9ff027944fc9-GrpcLogAppender: HEARTBEAT appendEntries Timeout, request=AppendEntriesRequest:cid=23,entriesCount=0,lastEntry=null
2022-05-26 01:48:43,128 [Listener at 127.0.0.1/39025] INFO  utils.BackgroundService (BackgroundService.java:shutdown(132)) - Shutting down service BlockDeletingService
2022-05-26 01:48:44,133 [grpc-default-executor-1] WARN  server.GrpcLogAppender (LogUtils.java:warn(122)) - 8a233994-06fc-4896-836d-f0eef08dbba3@group-33809F806F51->13b42a2e-e9c9-4ea7-85e1-9ff027944fc9-AppendLogResponseHandler: Failed appendEntries: org.apache.ratis.thirdparty.io.grpc.StatusRuntimeException: UNAVAILABLE: io exception
2022-05-26 01:48:44,133 [grpc-default-executor-1] WARN  server.GrpcLogAppender (GrpcLogAppender.java:resetClient(111)) - 8a233994-06fc-4896-836d-f0eef08dbba3@group-33809F806F51->13b42a2e-e9c9-4ea7-85e1-9ff027944fc9-GrpcLogAppender: Leader has not got in touch with Follower 8a233994-06fc-4896-836d-f0eef08dbba3@group-33809F806F51->13b42a2e-e9c9-4ea7-85e1-9ff027944fc9(c0,m0,n1, attendVote=true, lastRpcSendTime=3, lastRpcResponseTime=118618) yet, just keep nextIndex unchanged and retry.
2022-05-26 01:48:44,348 [java.util.concurrent.ThreadPoolExecutor$Worker@39caa8a4[State = -1, empty queue]] WARN  server.GrpcLogAppender (GrpcLogAppender.java:timeoutAppendRequest(239)) - 74164fff-0da3-452b-8e38-1858412758e6@group-D0772473F178->13b42a2e-e9c9-4ea7-85e1-9ff027944fc9-GrpcLogAppender: HEARTBEAT appendEntries Timeout, request=AppendEntriesRequest:cid=24,entriesCount=0,lastEntry=null
2022-05-26 01:48:45,387 [grpc-default-executor-3] WARN  server.GrpcLogAppender (LogUtils.java:warn(122)) - 8a233994-06fc-4896-836d-f0eef08dbba3@group-33809F806F51->13b42a2e-e9c9-4ea7-85e1-9ff027944fc9-AppendLogResponseHandler: Failed appendEntries: org.apache.ratis.thirdparty.io.grpc.StatusRuntimeException: UNAVAILABLE: io exception
2022-05-26 01:48:45,388 [grpc-default-executor-3] WARN  server.GrpcLogAppender (GrpcLogAppender.java:resetClient(111)) - 8a233994-06fc-4896-836d-f0eef08dbba3@group-33809F806F51->13b42a2e-e9c9-4ea7-85e1-9ff027944fc9-GrpcLogAppender: Leader has not got in touch with Follower 8a233994-06fc-4896-836d-f0eef08dbba3@group-33809F806F51->13b42a2e-e9c9-4ea7-85e1-9ff027944fc9(c0,m0,n1, attendVote=true, lastRpcSendTime=0, lastRpcResponseTime=119872) yet, just keep nextIndex unchanged and retry.
2022-05-26 01:48:45,598 [java.util.concurrent.ThreadPoolExecutor$Worker@39caa8a4[State = -1, empty queue]] WARN  server.GrpcLogAppender (GrpcLogAppender.java:timeoutAppendRequest(239)) - 74164fff-0da3-452b-8e38-1858412758e6@group-D0772473F178->13b42a2e-e9c9-4ea7-85e1-9ff027944fc9-GrpcLogAppender: HEARTBEAT appendEntries Timeout, request=AppendEntriesRequest:cid=25,entriesCount=0,lastEntry=null
2022-05-26 01:48:46,165 [Listener at 127.0.0.1/39025] INFO  statemachine.DatanodeStateMachine (DatanodeStateMachine.java:stopDaemon(569)) - Ozone container server stopped.
2022-05-26 01:48:46,172 [Listener at 127.0.0.1/39025] INFO  handler.ContextHandler (ContextHandler.java:doStop(1153)) - Stopped o.e.j.w.WebAppContext@21aa13cf{hddsDatanode,/,null,STOPPED}{jar:file:/home/runner/.m2/repository/org/apache/ozone/hdds-container-service/1.3.0-SNAPSHOT/hdds-container-service-1.3.0-SNAPSHOT.jar!/webapps/hddsDatanode}
2022-05-26 01:48:46,185 [Listener at 127.0.0.1/39025] INFO  server.AbstractConnector (AbstractConnector.java:doStop(381)) - Stopped ServerConnector@1ee23559{HTTP/1.1, (http/1.1)}{0.0.0.0:0}
2022-05-26 01:48:46,185 [Listener at 127.0.0.1/39025] INFO  server.session (HouseKeeper.java:stopScavenging(149)) - node0 Stopped scavenging
2022-05-26 01:48:46,188 [Listener at 127.0.0.1/39025] INFO  handler.ContextHandler (ContextHandler.java:doStop(1153)) - Stopped o.e.j.s.ServletContextHandler@b3013ba{static,/static,jar:file:/home/runner/.m2/repository/org/apache/ozone/hdds-container-service/1.3.0-SNAPSHOT/hdds-container-service-1.3.0-SNAPSHOT.jar!/webapps/static,STOPPED}
2022-05-26 01:48:46,188 [Listener at 127.0.0.1/39025] INFO  handler.ContextHandler (ContextHandler.java:doStop(1153)) - Stopped o.e.j.s.ServletContextHandler@3bb0a95c{logs,/logs,file:///home/runner/work/ozone/ozone/hadoop-ozone/integration-test/target/log,STOPPED}
2022-05-26 01:48:46,674 [grpc-default-executor-3] WARN  server.GrpcLogAppender (LogUtils.java:warn(122)) - 8a233994-06fc-4896-836d-f0eef08dbba3@group-33809F806F51->13b42a2e-e9c9-4ea7-85e1-9ff027944fc9-AppendLogResponseHandler: Failed appendEntries: org.apache.ratis.thirdparty.io.grpc.StatusRuntimeException: UNAVAILABLE: io exception
2022-05-26 01:48:46,674 [grpc-default-executor-3] WARN  server.GrpcLogAppender (GrpcLogAppender.java:resetClient(111)) - 8a233994-06fc-4896-836d-f0eef08dbba3@group-33809F806F51->13b42a2e-e9c9-4ea7-85e1-9ff027944fc9-GrpcLogAppender: Leader has not got in touch with Follower 8a233994-06fc-4896-836d-f0eef08dbba3@group-33809F806F51->13b42a2e-e9c9-4ea7-85e1-9ff027944fc9(c0,m0,n1, attendVote=true, lastRpcSendTime=1287, lastRpcResponseTime=121159) yet, just keep nextIndex unchanged and retry.
2022-05-26 01:48:46,849 [java.util.concurrent.ThreadPoolExecutor$Worker@39caa8a4[State = -1, empty queue]] WARN  server.GrpcLogAppender (GrpcLogAppender.java:timeoutAppendRequest(239)) - 74164fff-0da3-452b-8e38-1858412758e6@group-D0772473F178->13b42a2e-e9c9-4ea7-85e1-9ff027944fc9-GrpcLogAppender: HEARTBEAT appendEntries Timeout, request=AppendEntriesRequest:cid=26,entriesCount=0,lastEntry=null
2022-05-26 01:48:47,930 [grpc-default-executor-3] WARN  server.GrpcLogAppender (LogUtils.java:warn(122)) - 8a233994-06fc-4896-836d-f0eef08dbba3@group-33809F806F51->13b42a2e-e9c9-4ea7-85e1-9ff027944fc9-AppendLogResponseHandler: Failed appendEntries: org.apache.ratis.thirdparty.io.grpc.StatusRuntimeException: UNAVAILABLE: io exception
2022-05-26 01:48:47,931 [grpc-default-executor-3] WARN  server.GrpcLogAppender (GrpcLogAppender.java:resetClient(111)) - 8a233994-06fc-4896-836d-f0eef08dbba3@group-33809F806F51->13b42a2e-e9c9-4ea7-85e1-9ff027944fc9-GrpcLogAppender: Leader has not got in touch with Follower 8a233994-06fc-4896-836d-f0eef08dbba3@group-33809F806F51->13b42a2e-e9c9-4ea7-85e1-9ff027944fc9(c0,m0,n1, attendVote=true, lastRpcSendTime=1254, lastRpcResponseTime=122416) yet, just keep nextIndex unchanged and retry.
2022-05-26 01:48:48,099 [java.util.concurrent.ThreadPoolExecutor$Worker@39caa8a4[State = -1, empty queue]] WARN  server.GrpcLogAppender (GrpcLogAppender.java:timeoutAppendRequest(239)) - 74164fff-0da3-452b-8e38-1858412758e6@group-D0772473F178->13b42a2e-e9c9-4ea7-85e1-9ff027944fc9-GrpcLogAppender: HEARTBEAT appendEntries Timeout, request=AppendEntriesRequest:cid=27,entriesCount=0,lastEntry=null
2022-05-26 01:48:49,187 [grpc-default-executor-3] WARN  server.GrpcLogAppender (LogUtils.java:warn(122)) - 8a233994-06fc-4896-836d-f0eef08dbba3@group-33809F806F51->13b42a2e-e9c9-4ea7-85e1-9ff027944fc9-AppendLogResponseHandler: Failed appendEntries: org.apache.ratis.thirdparty.io.grpc.StatusRuntimeException: UNAVAILABLE: io exception
2022-05-26 01:48:49,188 [grpc-default-executor-3] WARN  server.GrpcLogAppender (GrpcLogAppender.java:resetClient(111)) - 8a233994-06fc-4896-836d-f0eef08dbba3@group-33809F806F51->13b42a2e-e9c9-4ea7-85e1-9ff027944fc9-GrpcLogAppender: Leader has not got in touch with Follower 8a233994-06fc-4896-836d-f0eef08dbba3@group-33809F806F51->13b42a2e-e9c9-4ea7-85e1-9ff027944fc9(c0,m0,n1, attendVote=true, lastRpcSendTime=1254, lastRpcResponseTime=123673) yet, just keep nextIndex unchanged and retry.
2022-05-26 01:48:49,349 [java.util.concurrent.ThreadPoolExecutor$Worker@39caa8a4[State = -1, empty queue]] WARN  server.GrpcLogAppender (GrpcLogAppender.java:timeoutAppendRequest(239)) - 74164fff-0da3-452b-8e38-1858412758e6@group-D0772473F178->13b42a2e-e9c9-4ea7-85e1-9ff027944fc9-GrpcLogAppender: HEARTBEAT appendEntries Timeout, request=AppendEntriesRequest:cid=28,entriesCount=0,lastEntry=null
2022-05-26 01:48:50,453 [grpc-default-executor-3] WARN  server.GrpcLogAppender (LogUtils.java:warn(122)) - 8a233994-06fc-4896-836d-f0eef08dbba3@group-33809F806F51->13b42a2e-e9c9-4ea7-85e1-9ff027944fc9-AppendLogResponseHandler: Failed appendEntries: org.apache.ratis.thirdparty.io.grpc.StatusRuntimeException: UNAVAILABLE: io exception
2022-05-26 01:48:50,454 [grpc-default-executor-3] WARN  server.GrpcLogAppender (GrpcLogAppender.java:resetClient(111)) - 8a233994-06fc-4896-836d-f0eef08dbba3@group-33809F806F51->13b42a2e-e9c9-4ea7-85e1-9ff027944fc9-GrpcLogAppender: Leader has not got in touch with Follower 8a233994-06fc-4896-836d-f0eef08dbba3@group-33809F806F51->13b42a2e-e9c9-4ea7-85e1-9ff027944fc9(c0,m0,n1, attendVote=true, lastRpcSendTime=0, lastRpcResponseTime=124938) yet, just keep nextIndex unchanged and retry.
2022-05-26 01:48:50,600 [java.util.concurrent.ThreadPoolExecutor$Worker@39caa8a4[State = -1, empty queue]] WARN  server.GrpcLogAppender (GrpcLogAppender.java:timeoutAppendRequest(239)) - 74164fff-0da3-452b-8e38-1858412758e6@group-D0772473F178->13b42a2e-e9c9-4ea7-85e1-9ff027944fc9-GrpcLogAppender: HEARTBEAT appendEntries Timeout, request=AppendEntriesRequest:cid=29,entriesCount=0,lastEntry=null
2022-05-26 01:48:51,704 [grpc-default-executor-3] WARN  server.GrpcLogAppender (LogUtils.java:warn(122)) - 8a233994-06fc-4896-836d-f0eef08dbba3@group-33809F806F51->13b42a2e-e9c9-4ea7-85e1-9ff027944fc9-AppendLogResponseHandler: Failed appendEntries: org.apache.ratis.thirdparty.io.grpc.StatusRuntimeException: UNAVAILABLE: io exception
2022-05-26 01:48:51,705 [grpc-default-executor-3] WARN  server.GrpcLogAppender (GrpcLogAppender.java:resetClient(111)) - 8a233994-06fc-4896-836d-f0eef08dbba3@group-33809F806F51->13b42a2e-e9c9-4ea7-85e1-9ff027944fc9-GrpcLogAppender: Leader has not got in touch with Follower 8a233994-06fc-4896-836d-f0eef08dbba3@group-33809F806F51->13b42a2e-e9c9-4ea7-85e1-9ff027944fc9(c0,m0,n1, attendVote=true, lastRpcSendTime=1251, lastRpcResponseTime=126189) yet, just keep nextIndex unchanged and retry.
2022-05-26 01:48:51,852 [java.util.concurrent.ThreadPoolExecutor$Worker@39caa8a4[State = -1, empty queue]] WARN  server.GrpcLogAppender (GrpcLogAppender.java:timeoutAppendRequest(239)) - 74164fff-0da3-452b-8e38-1858412758e6@group-D0772473F178->13b42a2e-e9c9-4ea7-85e1-9ff027944fc9-GrpcLogAppender: HEARTBEAT appendEntries Timeout, request=AppendEntriesRequest:cid=30,entriesCount=0,lastEntry=null
2022-05-26 01:48:52,961 [grpc-default-executor-3] WARN  server.GrpcLogAppender (LogUtils.java:warn(122)) - 8a233994-06fc-4896-836d-f0eef08dbba3@group-33809F806F51->13b42a2e-e9c9-4ea7-85e1-9ff027944fc9-AppendLogResponseHandler: Failed appendEntries: org.apache.ratis.thirdparty.io.grpc.StatusRuntimeException: UNAVAILABLE: io exception
2022-05-26 01:48:52,961 [grpc-default-executor-3] WARN  server.GrpcLogAppender (GrpcLogAppender.java:resetClient(111)) - 8a233994-06fc-4896-836d-f0eef08dbba3@group-33809F806F51->13b42a2e-e9c9-4ea7-85e1-9ff027944fc9-GrpcLogAppender: Leader has not got in touch with Follower 8a233994-06fc-4896-836d-f0eef08dbba3@group-33809F806F51->13b42a2e-e9c9-4ea7-85e1-9ff027944fc9(c0,m0,n1, attendVote=true, lastRpcSendTime=1255, lastRpcResponseTime=127446) yet, just keep nextIndex unchanged and retry.
2022-05-26 01:48:53,103 [java.util.concurrent.ThreadPoolExecutor$Worker@39caa8a4[State = -1, empty queue]] WARN  server.GrpcLogAppender (GrpcLogAppender.java:timeoutAppendRequest(239)) - 74164fff-0da3-452b-8e38-1858412758e6@group-D0772473F178->13b42a2e-e9c9-4ea7-85e1-9ff027944fc9-GrpcLogAppender: HEARTBEAT appendEntries Timeout, request=AppendEntriesRequest:cid=31,entriesCount=0,lastEntry=null
2022-05-26 01:48:54,222 [grpc-default-executor-3] WARN  server.GrpcLogAppender (LogUtils.java:warn(122)) - 8a233994-06fc-4896-836d-f0eef08dbba3@group-33809F806F51->13b42a2e-e9c9-4ea7-85e1-9ff027944fc9-AppendLogResponseHandler: Failed appendEntries: org.apache.ratis.thirdparty.io.grpc.StatusRuntimeException: UNAVAILABLE: io exception
2022-05-26 01:48:54,222 [grpc-default-executor-3] WARN  server.GrpcLogAppender (GrpcLogAppender.java:resetClient(111)) - 8a233994-06fc-4896-836d-f0eef08dbba3@group-33809F806F51->13b42a2e-e9c9-4ea7-85e1-9ff027944fc9-GrpcLogAppender: Leader has not got in touch with Follower 8a233994-06fc-4896-836d-f0eef08dbba3@group-33809F806F51->13b42a2e-e9c9-4ea7-85e1-9ff027944fc9(c0,m0,n1, attendVote=true, lastRpcSendTime=1260, lastRpcResponseTime=128707) yet, just keep nextIndex unchanged and retry.
2022-05-26 01:48:54,360 [java.util.concurrent.ThreadPoolExecutor$Worker@39caa8a4[State = -1, empty queue]] WARN  server.GrpcLogAppender (GrpcLogAppender.java:timeoutAppendRequest(239)) - 74164fff-0da3-452b-8e38-1858412758e6@group-D0772473F178->13b42a2e-e9c9-4ea7-85e1-9ff027944fc9-GrpcLogAppender: HEARTBEAT appendEntries Timeout, request=AppendEntriesRequest:cid=32,entriesCount=0,lastEntry=null
2022-05-26 01:48:55,480 [grpc-default-executor-3] WARN  server.GrpcLogAppender (LogUtils.java:warn(122)) - 8a233994-06fc-4896-836d-f0eef08dbba3@group-33809F806F51->13b42a2e-e9c9-4ea7-85e1-9ff027944fc9-AppendLogResponseHandler: Failed appendEntries: org.apache.ratis.thirdparty.io.grpc.StatusRuntimeException: UNAVAILABLE: io exception
2022-05-26 01:48:55,481 [grpc-default-executor-3] WARN  server.GrpcLogAppender (GrpcLogAppender.java:resetClient(111)) - 8a233994-06fc-4896-836d-f0eef08dbba3@group-33809F806F51->13b42a2e-e9c9-4ea7-85e1-9ff027944fc9-GrpcLogAppender: Leader has not got in touch with Follower 8a233994-06fc-4896-836d-f0eef08dbba3@group-33809F806F51->13b42a2e-e9c9-4ea7-85e1-9ff027944fc9(c0,m0,n1, attendVote=true, lastRpcSendTime=1258, lastRpcResponseTime=129966) yet, just keep nextIndex unchanged and retry.
2022-05-26 01:48:55,607 [java.util.concurrent.ThreadPoolExecutor$Worker@39caa8a4[State = -1, empty queue]] WARN  server.GrpcLogAppender (GrpcLogAppender.java:timeoutAppendRequest(239)) - 74164fff-0da3-452b-8e38-1858412758e6@group-D0772473F178->13b42a2e-e9c9-4ea7-85e1-9ff027944fc9-GrpcLogAppender: HEARTBEAT appendEntries Timeout, request=AppendEntriesRequest:cid=33,entriesCount=0,lastEntry=null
2022-05-26 01:48:56,760 [grpc-default-executor-0] WARN  server.GrpcLogAppender (LogUtils.java:warn(122)) - 8a233994-06fc-4896-836d-f0eef08dbba3@group-33809F806F51->13b42a2e-e9c9-4ea7-85e1-9ff027944fc9-AppendLogResponseHandler: Failed appendEntries: org.apache.ratis.thirdparty.io.grpc.StatusRuntimeException: UNAVAILABLE: io exception
2022-05-26 01:48:56,761 [grpc-default-executor-0] WARN  server.GrpcLogAppender (GrpcLogAppender.java:resetClient(111)) - 8a233994-06fc-4896-836d-f0eef08dbba3@group-33809F806F51->13b42a2e-e9c9-4ea7-85e1-9ff027944fc9-GrpcLogAppender: Leader has not got in touch with Follower 8a233994-06fc-4896-836d-f0eef08dbba3@group-33809F806F51->13b42a2e-e9c9-4ea7-85e1-9ff027944fc9(c0,m0,n1, attendVote=true, lastRpcSendTime=4, lastRpcResponseTime=131246) yet, just keep nextIndex unchanged and retry.
2022-05-26 01:48:56,857 [java.util.concurrent.ThreadPoolExecutor$Worker@39caa8a4[State = -1, empty queue]] WARN  server.GrpcLogAppender (GrpcLogAppender.java:timeoutAppendRequest(239)) - 74164fff-0da3-452b-8e38-1858412758e6@group-D0772473F178->13b42a2e-e9c9-4ea7-85e1-9ff027944fc9-GrpcLogAppender: HEARTBEAT appendEntries Timeout, request=AppendEntriesRequest:cid=34,entriesCount=0,lastEntry=null
2022-05-26 01:48:58,027 [grpc-default-executor-0] WARN  server.GrpcLogAppender (LogUtils.java:warn(122)) - 8a233994-06fc-4896-836d-f0eef08dbba3@group-33809F806F51->13b42a2e-e9c9-4ea7-85e1-9ff027944fc9-AppendLogResponseHandler: Failed appendEntries: org.apache.ratis.thirdparty.io.grpc.StatusRuntimeException: UNAVAILABLE: io exception
2022-05-26 01:48:58,028 [grpc-default-executor-0] WARN  server.GrpcLogAppender (GrpcLogAppender.java:resetClient(111)) - 8a233994-06fc-4896-836d-f0eef08dbba3@group-33809F806F51->13b42a2e-e9c9-4ea7-85e1-9ff027944fc9-GrpcLogAppender: Leader has not got in touch with Follower 8a233994-06fc-4896-836d-f0eef08dbba3@group-33809F806F51->13b42a2e-e9c9-4ea7-85e1-9ff027944fc9(c0,m0,n1, attendVote=true, lastRpcSendTime=1270, lastRpcResponseTime=132512) yet, just keep nextIndex unchanged and retry.
2022-05-26 01:48:58,108 [java.util.concurrent.ThreadPoolExecutor$Worker@39caa8a4[State = -1, empty queue]] WARN  server.GrpcLogAppender (GrpcLogAppender.java:timeoutAppendRequest(239)) - 74164fff-0da3-452b-8e38-1858412758e6@group-D0772473F178->13b42a2e-e9c9-4ea7-85e1-9ff027944fc9-GrpcLogAppender: HEARTBEAT appendEntries Timeout, request=AppendEntriesRequest:cid=35,entriesCount=0,lastEntry=null
2022-05-26 01:48:59,279 [grpc-default-executor-0] WARN  server.GrpcLogAppender (LogUtils.java:warn(122)) - 8a233994-06fc-4896-836d-f0eef08dbba3@group-33809F806F51->13b42a2e-e9c9-4ea7-85e1-9ff027944fc9-AppendLogResponseHandler: Failed appendEntries: org.apache.ratis.thirdparty.io.grpc.StatusRuntimeException: UNAVAILABLE: io exception
2022-05-26 01:48:59,280 [grpc-default-executor-0] WARN  server.GrpcLogAppender (GrpcLogAppender.java:resetClient(111)) - 8a233994-06fc-4896-836d-f0eef08dbba3@group-33809F806F51->13b42a2e-e9c9-4ea7-85e1-9ff027944fc9-GrpcLogAppender: Leader has not got in touch with Follower 8a233994-06fc-4896-836d-f0eef08dbba3@group-33809F806F51->13b42a2e-e9c9-4ea7-85e1-9ff027944fc9(c0,m0,n1, attendVote=true, lastRpcSendTime=1250, lastRpcResponseTime=133765) yet, just keep nextIndex unchanged and retry.
2022-05-26 01:48:59,365 [java.util.concurrent.ThreadPoolExecutor$Worker@39caa8a4[State = -1, empty queue]] WARN  server.GrpcLogAppender (GrpcLogAppender.java:timeoutAppendRequest(239)) - 74164fff-0da3-452b-8e38-1858412758e6@group-D0772473F178->13b42a2e-e9c9-4ea7-85e1-9ff027944fc9-GrpcLogAppender: HEARTBEAT appendEntries Timeout, request=AppendEntriesRequest:cid=36,entriesCount=0,lastEntry=null
2022-05-26 01:49:00,536 [grpc-default-executor-0] WARN  server.GrpcLogAppender (LogUtils.java:warn(122)) - 8a233994-06fc-4896-836d-f0eef08dbba3@group-33809F806F51->13b42a2e-e9c9-4ea7-85e1-9ff027944fc9-AppendLogResponseHandler: Failed appendEntries: org.apache.ratis.thirdparty.io.grpc.StatusRuntimeException: UNAVAILABLE: io exception
2022-05-26 01:49:00,537 [grpc-default-executor-0] WARN  server.GrpcLogAppender (GrpcLogAppender.java:resetClient(111)) - 8a233994-06fc-4896-836d-f0eef08dbba3@group-33809F806F51->13b42a2e-e9c9-4ea7-85e1-9ff027944fc9-GrpcLogAppender: Leader has not got in touch with Follower 8a233994-06fc-4896-836d-f0eef08dbba3@group-33809F806F51->13b42a2e-e9c9-4ea7-85e1-9ff027944fc9(c0,m0,n1, attendVote=true, lastRpcSendTime=1253, lastRpcResponseTime=135021) yet, just keep nextIndex unchanged and retry.
2022-05-26 01:49:00,613 [java.util.concurrent.ThreadPoolExecutor$Worker@39caa8a4[State = -1, empty queue]] WARN  server.GrpcLogAppender (GrpcLogAppender.java:timeoutAppendRequest(239)) - 74164fff-0da3-452b-8e38-1858412758e6@group-D0772473F178->13b42a2e-e9c9-4ea7-85e1-9ff027944fc9-GrpcLogAppender: HEARTBEAT appendEntries Timeout, request=AppendEntriesRequest:cid=37,entriesCount=0,lastEntry=null
2022-05-26 01:49:01,797 [grpc-default-executor-0] WARN  server.GrpcLogAppender (LogUtils.java:warn(122)) - 8a233994-06fc-4896-836d-f0eef08dbba3@group-33809F806F51->13b42a2e-e9c9-4ea7-85e1-9ff027944fc9-AppendLogResponseHandler: Failed appendEntries: org.apache.ratis.thirdparty.io.grpc.StatusRuntimeException: UNAVAILABLE: io exception
2022-05-26 01:49:01,798 [grpc-default-executor-0] WARN  server.GrpcLogAppender (GrpcLogAppender.java:resetClient(111)) - 8a233994-06fc-4896-836d-f0eef08dbba3@group-33809F806F51->13b42a2e-e9c9-4ea7-85e1-9ff027944fc9-GrpcLogAppender: Leader has not got in touch with Follower 8a233994-06fc-4896-836d-f0eef08dbba3@group-33809F806F51->13b42a2e-e9c9-4ea7-85e1-9ff027944fc9(c0,m0,n1, attendVote=true, lastRpcSendTime=0, lastRpcResponseTime=136282) yet, just keep nextIndex unchanged and retry.
2022-05-26 01:49:01,861 [java.util.concurrent.ThreadPoolExecutor$Worker@39caa8a4[State = -1, empty queue]] WARN  server.GrpcLogAppender (GrpcLogAppender.java:timeoutAppendRequest(239)) - 74164fff-0da3-452b-8e38-1858412758e6@group-D0772473F178->13b42a2e-e9c9-4ea7-85e1-9ff027944fc9-GrpcLogAppender: HEARTBEAT appendEntries Timeout, request=AppendEntriesRequest:cid=38,entriesCount=0,lastEntry=null
2022-05-26 01:49:03,047 [grpc-default-executor-0] WARN  server.GrpcLogAppender (LogUtils.java:warn(122)) - 8a233994-06fc-4896-836d-f0eef08dbba3@group-33809F806F51->13b42a2e-e9c9-4ea7-85e1-9ff027944fc9-AppendLogResponseHandler: Failed appendEntries: org.apache.ratis.thirdparty.io.grpc.StatusRuntimeException: UNAVAILABLE: io exception
2022-05-26 01:49:03,048 [grpc-default-executor-0] WARN  server.GrpcLogAppender (GrpcLogAppender.java:resetClient(111)) - 8a233994-06fc-4896-836d-f0eef08dbba3@group-33809F806F51->13b42a2e-e9c9-4ea7-85e1-9ff027944fc9-GrpcLogAppender: Leader has not got in touch with Follower 8a233994-06fc-4896-836d-f0eef08dbba3@group-33809F806F51->13b42a2e-e9c9-4ea7-85e1-9ff027944fc9(c0,m0,n1, attendVote=true, lastRpcSendTime=1250, lastRpcResponseTime=137533) yet, just keep nextIndex unchanged and retry.
2022-05-26 01:49:03,112 [java.util.concurrent.ThreadPoolExecutor$Worker@39caa8a4[State = -1, empty queue]] WARN  server.GrpcLogAppender (GrpcLogAppender.java:timeoutAppendRequest(239)) - 74164fff-0da3-452b-8e38-1858412758e6@group-D0772473F178->13b42a2e-e9c9-4ea7-85e1-9ff027944fc9-GrpcLogAppender: HEARTBEAT appendEntries Timeout, request=AppendEntriesRequest:cid=39,entriesCount=0,lastEntry=null
2022-05-26 01:49:04,310 [grpc-default-executor-0] WARN  server.GrpcLogAppender (LogUtils.java:warn(122)) - 8a233994-06fc-4896-836d-f0eef08dbba3@group-33809F806F51->13b42a2e-e9c9-4ea7-85e1-9ff027944fc9-AppendLogResponseHandler: Failed appendEntries: org.apache.ratis.thirdparty.io.grpc.StatusRuntimeException: UNAVAILABLE: io exception
2022-05-26 01:49:04,311 [grpc-default-executor-0] WARN  server.GrpcLogAppender (GrpcLogAppender.java:resetClient(111)) - 8a233994-06fc-4896-836d-f0eef08dbba3@group-33809F806F51->13b42a2e-e9c9-4ea7-85e1-9ff027944fc9-GrpcLogAppender: Leader has not got in touch with Follower 8a233994-06fc-4896-836d-f0eef08dbba3@group-33809F806F51->13b42a2e-e9c9-4ea7-85e1-9ff027944fc9(c0,m0,n1, attendVote=true, lastRpcSendTime=0, lastRpcResponseTime=138795) yet, just keep nextIndex unchanged and retry.
2022-05-26 01:49:04,362 [java.util.concurrent.ThreadPoolExecutor$Worker@39caa8a4[State = -1, empty queue]] WARN  server.GrpcLogAppender (GrpcLogAppender.java:timeoutAppendRequest(239)) - 74164fff-0da3-452b-8e38-1858412758e6@group-D0772473F178->13b42a2e-e9c9-4ea7-85e1-9ff027944fc9-GrpcLogAppender: HEARTBEAT appendEntries Timeout, request=AppendEntriesRequest:cid=40,entriesCount=0,lastEntry=null
2022-05-26 01:49:05,591 [grpc-default-executor-0] WARN  server.GrpcLogAppender (LogUtils.java:warn(122)) - 8a233994-06fc-4896-836d-f0eef08dbba3@group-33809F806F51->13b42a2e-e9c9-4ea7-85e1-9ff027944fc9-AppendLogResponseHandler: Failed appendEntries: org.apache.ratis.thirdparty.io.grpc.StatusRuntimeException: UNAVAILABLE: io exception
2022-05-26 01:49:05,592 [grpc-default-executor-0] WARN  server.GrpcLogAppender (GrpcLogAppender.java:resetClient(111)) - 8a233994-06fc-4896-836d-f0eef08dbba3@group-33809F806F51->13b42a2e-e9c9-4ea7-85e1-9ff027944fc9-GrpcLogAppender: Leader has not got in touch with Follower 8a233994-06fc-4896-836d-f0eef08dbba3@group-33809F806F51->13b42a2e-e9c9-4ea7-85e1-9ff027944fc9(c0,m0,n1, attendVote=true, lastRpcSendTime=0, lastRpcResponseTime=140076) yet, just keep nextIndex unchanged and retry.
2022-05-26 01:49:05,614 [java.util.concurrent.ThreadPoolExecutor$Worker@39caa8a4[State = -1, empty queue]] WARN  server.GrpcLogAppender (GrpcLogAppender.java:timeoutAppendRequest(239)) - 74164fff-0da3-452b-8e38-1858412758e6@group-D0772473F178->13b42a2e-e9c9-4ea7-85e1-9ff027944fc9-GrpcLogAppender: HEARTBEAT appendEntries Timeout, request=AppendEntriesRequest:cid=41,entriesCount=0,lastEntry=null
]]></system-out>
    </rerunError>
  </testcase>
  <testcase name="testLeaderIdUsedOnFirstCall" classname="org.apache.hadoop.hdds.scm.TestRatisPipelineLeader" time="1.741">
    <flakyFailure type="java.lang.AssertionError">
      <stackTrace><![CDATA[java.lang.AssertionError
	at org.junit.Assert.fail(Assert.java:87)
	at org.junit.Assert.assertTrue(Assert.java:42)
	at org.junit.Assert.assertTrue(Assert.java:53)
	at org.apache.hadoop.hdds.scm.TestRatisPipelineLeader.testLeaderIdUsedOnFirstCall(TestRatisPipelineLeader.java:85)
	at sun.reflect.NativeMethodAccessorImpl.invoke0(Native Method)
	at sun.reflect.NativeMethodAccessorImpl.invoke(NativeMethodAccessorImpl.java:62)
	at sun.reflect.DelegatingMethodAccessorImpl.invoke(DelegatingMethodAccessorImpl.java:43)
	at java.lang.reflect.Method.invoke(Method.java:498)
	at org.junit.platform.commons.util.ReflectionUtils.invokeMethod(ReflectionUtils.java:725)
	at org.junit.jupiter.engine.execution.MethodInvocation.proceed(MethodInvocation.java:60)
	at org.junit.jupiter.engine.execution.InvocationInterceptorChain$ValidatingInvocation.proceed(InvocationInterceptorChain.java:131)
	at org.junit.jupiter.engine.extension.TimeoutInvocation.proceed(TimeoutInvocation.java:46)
	at org.junit.jupiter.engine.extension.TimeoutExtension.intercept(TimeoutExtension.java:149)
	at org.junit.jupiter.engine.extension.TimeoutExtension.interceptTestableMethod(TimeoutExtension.java:140)
	at org.junit.jupiter.engine.extension.TimeoutExtension.interceptTestMethod(TimeoutExtension.java:84)
	at org.junit.jupiter.engine.execution.ExecutableInvoker$ReflectiveInterceptorCall.lambda$ofVoidMethod$0(ExecutableInvoker.java:115)
	at org.junit.jupiter.engine.execution.ExecutableInvoker.lambda$invoke$0(ExecutableInvoker.java:105)
	at org.junit.jupiter.engine.execution.InvocationInterceptorChain$InterceptedInvocation.proceed(InvocationInterceptorChain.java:106)
	at org.junit.jupiter.engine.execution.InvocationInterceptorChain.proceed(InvocationInterceptorChain.java:64)
	at org.junit.jupiter.engine.execution.InvocationInterceptorChain.chainAndInvoke(InvocationInterceptorChain.java:45)
	at org.junit.jupiter.engine.execution.InvocationInterceptorChain.invoke(InvocationInterceptorChain.java:37)
	at org.junit.jupiter.engine.execution.ExecutableInvoker.invoke(ExecutableInvoker.java:104)
	at org.junit.jupiter.engine.execution.ExecutableInvoker.invoke(ExecutableInvoker.java:98)
	at org.junit.jupiter.engine.descriptor.TestMethodTestDescriptor.lambda$invokeTestMethod$7(TestMethodTestDescriptor.java:214)
	at org.junit.platform.engine.support.hierarchical.ThrowableCollector.execute(ThrowableCollector.java:73)
	at org.junit.jupiter.engine.descriptor.TestMethodTestDescriptor.invokeTestMethod(TestMethodTestDescriptor.java:210)
	at org.junit.jupiter.engine.descriptor.TestMethodTestDescriptor.execute(TestMethodTestDescriptor.java:135)
	at org.junit.jupiter.engine.descriptor.TestMethodTestDescriptor.execute(TestMethodTestDescriptor.java:66)
	at org.junit.platform.engine.support.hierarchical.NodeTestTask.lambda$executeRecursively$6(NodeTestTask.java:151)
	at org.junit.platform.engine.support.hierarchical.ThrowableCollector.execute(ThrowableCollector.java:73)
	at org.junit.platform.engine.support.hierarchical.NodeTestTask.lambda$executeRecursively$8(NodeTestTask.java:141)
	at org.junit.platform.engine.support.hierarchical.Node.around(Node.java:137)
	at org.junit.platform.engine.support.hierarchical.NodeTestTask.lambda$executeRecursively$9(NodeTestTask.java:139)
	at org.junit.platform.engine.support.hierarchical.ThrowableCollector.execute(ThrowableCollector.java:73)
	at org.junit.platform.engine.support.hierarchical.NodeTestTask.executeRecursively(NodeTestTask.java:138)
	at org.junit.platform.engine.support.hierarchical.NodeTestTask.execute(NodeTestTask.java:95)
	at java.util.ArrayList.forEach(ArrayList.java:1259)
	at org.junit.platform.engine.support.hierarchical.SameThreadHierarchicalTestExecutorService.invokeAll(SameThreadHierarchicalTestExecutorService.java:41)
	at org.junit.platform.engine.support.hierarchical.NodeTestTask.lambda$executeRecursively$6(NodeTestTask.java:155)
	at org.junit.platform.engine.support.hierarchical.ThrowableCollector.execute(ThrowableCollector.java:73)
	at org.junit.platform.engine.support.hierarchical.NodeTestTask.lambda$executeRecursively$8(NodeTestTask.java:141)
	at org.junit.platform.engine.support.hierarchical.Node.around(Node.java:137)
	at org.junit.platform.engine.support.hierarchical.NodeTestTask.lambda$executeRecursively$9(NodeTestTask.java:139)
	at org.junit.platform.engine.support.hierarchical.ThrowableCollector.execute(ThrowableCollector.java:73)
	at org.junit.platform.engine.support.hierarchical.NodeTestTask.executeRecursively(NodeTestTask.java:138)
	at org.junit.platform.engine.support.hierarchical.NodeTestTask.execute(NodeTestTask.java:95)
	at java.util.ArrayList.forEach(ArrayList.java:1259)
	at org.junit.platform.engine.support.hierarchical.SameThreadHierarchicalTestExecutorService.invokeAll(SameThreadHierarchicalTestExecutorService.java:41)
	at org.junit.platform.engine.support.hierarchical.NodeTestTask.lambda$executeRecursively$6(NodeTestTask.java:155)
	at org.junit.platform.engine.support.hierarchical.ThrowableCollector.execute(ThrowableCollector.java:73)
	at org.junit.platform.engine.support.hierarchical.NodeTestTask.lambda$executeRecursively$8(NodeTestTask.java:141)
	at org.junit.platform.engine.support.hierarchical.Node.around(Node.java:137)
	at org.junit.platform.engine.support.hierarchical.NodeTestTask.lambda$executeRecursively$9(NodeTestTask.java:139)
	at org.junit.platform.engine.support.hierarchical.ThrowableCollector.execute(ThrowableCollector.java:73)
	at org.junit.platform.engine.support.hierarchical.NodeTestTask.executeRecursively(NodeTestTask.java:138)
	at org.junit.platform.engine.support.hierarchical.NodeTestTask.execute(NodeTestTask.java:95)
	at org.junit.platform.engine.support.hierarchical.SameThreadHierarchicalTestExecutorService.submit(SameThreadHierarchicalTestExecutorService.java:35)
	at org.junit.platform.engine.support.hierarchical.HierarchicalTestExecutor.execute(HierarchicalTestExecutor.java:57)
	at org.junit.platform.engine.support.hierarchical.HierarchicalTestEngine.execute(HierarchicalTestEngine.java:54)
	at org.junit.platform.launcher.core.EngineExecutionOrchestrator.execute(EngineExecutionOrchestrator.java:107)
	at org.junit.platform.launcher.core.EngineExecutionOrchestrator.execute(EngineExecutionOrchestrator.java:88)
	at org.junit.platform.launcher.core.EngineExecutionOrchestrator.lambda$execute$0(EngineExecutionOrchestrator.java:54)
	at org.junit.platform.launcher.core.EngineExecutionOrchestrator.withInterceptedStreams(EngineExecutionOrchestrator.java:67)
	at org.junit.platform.launcher.core.EngineExecutionOrchestrator.execute(EngineExecutionOrchestrator.java:52)
	at org.junit.platform.launcher.core.DefaultLauncher.execute(DefaultLauncher.java:114)
	at org.junit.platform.launcher.core.DefaultLauncher.execute(DefaultLauncher.java:86)
	at org.junit.platform.launcher.core.DefaultLauncherSession$DelegatingLauncher.execute(DefaultLauncherSession.java:86)
	at org.junit.platform.launcher.core.SessionPerRequestLauncher.execute(SessionPerRequestLauncher.java:53)
	at org.apache.maven.surefire.junitplatform.JUnitPlatformProvider.execute(JUnitPlatformProvider.java:188)
	at org.apache.maven.surefire.junitplatform.JUnitPlatformProvider.invokeAllTests(JUnitPlatformProvider.java:154)
	at org.apache.maven.surefire.junitplatform.JUnitPlatformProvider.invoke(JUnitPlatformProvider.java:124)
	at org.apache.maven.surefire.booter.ForkedBooter.runSuitesInProcess(ForkedBooter.java:428)
	at org.apache.maven.surefire.booter.ForkedBooter.execute(ForkedBooter.java:162)
	at org.apache.maven.surefire.booter.ForkedBooter.run(ForkedBooter.java:562)
	at org.apache.maven.surefire.booter.ForkedBooter.main(ForkedBooter.java:548)
]]></stackTrace>
      <system-out><![CDATA[2022-05-26 01:43:01,774 [188e6322-4ef2-4a71-89da-608a29528fbc@group-35D5594B81F9-FollowerState] INFO  impl.FollowerState (FollowerState.java:run(143)) - 188e6322-4ef2-4a71-89da-608a29528fbc@group-35D5594B81F9-FollowerState: change to CANDIDATE, lastRpcElapsedTime:5104402957ns, electionTimeout:5103ms
2022-05-26 01:43:01,774 [188e6322-4ef2-4a71-89da-608a29528fbc@group-35D5594B81F9-FollowerState] INFO  impl.RoleInfo (RoleInfo.java:shutdownFollowerState(110)) - 188e6322-4ef2-4a71-89da-608a29528fbc: shutdown 188e6322-4ef2-4a71-89da-608a29528fbc@group-35D5594B81F9-FollowerState
2022-05-26 01:43:01,774 [188e6322-4ef2-4a71-89da-608a29528fbc@group-35D5594B81F9-FollowerState] INFO  server.RaftServer$Division (RaftServerImpl.java:setRole(299)) - 188e6322-4ef2-4a71-89da-608a29528fbc@group-35D5594B81F9: changes role from  FOLLOWER to CANDIDATE at term 0 for changeToCandidate
2022-05-26 01:43:01,774 [188e6322-4ef2-4a71-89da-608a29528fbc@group-35D5594B81F9-FollowerState] INFO  server.RaftServerConfigKeys (ConfUtils.java:logGet(46)) - raft.server.leaderelection.pre-vote = false (custom)
2022-05-26 01:43:01,774 [188e6322-4ef2-4a71-89da-608a29528fbc@group-35D5594B81F9-FollowerState] INFO  impl.RoleInfo (RoleInfo.java:updateAndGet(139)) - 188e6322-4ef2-4a71-89da-608a29528fbc: start 188e6322-4ef2-4a71-89da-608a29528fbc@group-35D5594B81F9-LeaderElection5
]]></system-out>
    </flakyFailure>
    <flakyFailure type="java.lang.AssertionError">
      <stackTrace><![CDATA[java.lang.AssertionError
	at org.junit.Assert.fail(Assert.java:87)
	at org.junit.Assert.assertTrue(Assert.java:42)
	at org.junit.Assert.assertTrue(Assert.java:53)
	at org.apache.hadoop.hdds.scm.TestRatisPipelineLeader.testLeaderIdUsedOnFirstCall(TestRatisPipelineLeader.java:85)
	at sun.reflect.NativeMethodAccessorImpl.invoke0(Native Method)
	at sun.reflect.NativeMethodAccessorImpl.invoke(NativeMethodAccessorImpl.java:62)
	at sun.reflect.DelegatingMethodAccessorImpl.invoke(DelegatingMethodAccessorImpl.java:43)
	at java.lang.reflect.Method.invoke(Method.java:498)
	at org.junit.platform.commons.util.ReflectionUtils.invokeMethod(ReflectionUtils.java:725)
	at org.junit.jupiter.engine.execution.MethodInvocation.proceed(MethodInvocation.java:60)
	at org.junit.jupiter.engine.execution.InvocationInterceptorChain$ValidatingInvocation.proceed(InvocationInterceptorChain.java:131)
	at org.junit.jupiter.engine.extension.TimeoutInvocation.proceed(TimeoutInvocation.java:46)
	at org.junit.jupiter.engine.extension.TimeoutExtension.intercept(TimeoutExtension.java:149)
	at org.junit.jupiter.engine.extension.TimeoutExtension.interceptTestableMethod(TimeoutExtension.java:140)
	at org.junit.jupiter.engine.extension.TimeoutExtension.interceptTestMethod(TimeoutExtension.java:84)
	at org.junit.jupiter.engine.execution.ExecutableInvoker$ReflectiveInterceptorCall.lambda$ofVoidMethod$0(ExecutableInvoker.java:115)
	at org.junit.jupiter.engine.execution.ExecutableInvoker.lambda$invoke$0(ExecutableInvoker.java:105)
	at org.junit.jupiter.engine.execution.InvocationInterceptorChain$InterceptedInvocation.proceed(InvocationInterceptorChain.java:106)
	at org.junit.jupiter.engine.execution.InvocationInterceptorChain.proceed(InvocationInterceptorChain.java:64)
	at org.junit.jupiter.engine.execution.InvocationInterceptorChain.chainAndInvoke(InvocationInterceptorChain.java:45)
	at org.junit.jupiter.engine.execution.InvocationInterceptorChain.invoke(InvocationInterceptorChain.java:37)
	at org.junit.jupiter.engine.execution.ExecutableInvoker.invoke(ExecutableInvoker.java:104)
	at org.junit.jupiter.engine.execution.ExecutableInvoker.invoke(ExecutableInvoker.java:98)
	at org.junit.jupiter.engine.descriptor.TestMethodTestDescriptor.lambda$invokeTestMethod$7(TestMethodTestDescriptor.java:214)
	at org.junit.platform.engine.support.hierarchical.ThrowableCollector.execute(ThrowableCollector.java:73)
	at org.junit.jupiter.engine.descriptor.TestMethodTestDescriptor.invokeTestMethod(TestMethodTestDescriptor.java:210)
	at org.junit.jupiter.engine.descriptor.TestMethodTestDescriptor.execute(TestMethodTestDescriptor.java:135)
	at org.junit.jupiter.engine.descriptor.TestMethodTestDescriptor.execute(TestMethodTestDescriptor.java:66)
	at org.junit.platform.engine.support.hierarchical.NodeTestTask.lambda$executeRecursively$6(NodeTestTask.java:151)
	at org.junit.platform.engine.support.hierarchical.ThrowableCollector.execute(ThrowableCollector.java:73)
	at org.junit.platform.engine.support.hierarchical.NodeTestTask.lambda$executeRecursively$8(NodeTestTask.java:141)
	at org.junit.platform.engine.support.hierarchical.Node.around(Node.java:137)
	at org.junit.platform.engine.support.hierarchical.NodeTestTask.lambda$executeRecursively$9(NodeTestTask.java:139)
	at org.junit.platform.engine.support.hierarchical.ThrowableCollector.execute(ThrowableCollector.java:73)
	at org.junit.platform.engine.support.hierarchical.NodeTestTask.executeRecursively(NodeTestTask.java:138)
	at org.junit.platform.engine.support.hierarchical.NodeTestTask.execute(NodeTestTask.java:95)
	at java.util.ArrayList.forEach(ArrayList.java:1259)
	at org.junit.platform.engine.support.hierarchical.SameThreadHierarchicalTestExecutorService.invokeAll(SameThreadHierarchicalTestExecutorService.java:41)
	at org.junit.platform.engine.support.hierarchical.NodeTestTask.lambda$executeRecursively$6(NodeTestTask.java:155)
	at org.junit.platform.engine.support.hierarchical.ThrowableCollector.execute(ThrowableCollector.java:73)
	at org.junit.platform.engine.support.hierarchical.NodeTestTask.lambda$executeRecursively$8(NodeTestTask.java:141)
	at org.junit.platform.engine.support.hierarchical.Node.around(Node.java:137)
	at org.junit.platform.engine.support.hierarchical.NodeTestTask.lambda$executeRecursively$9(NodeTestTask.java:139)
	at org.junit.platform.engine.support.hierarchical.ThrowableCollector.execute(ThrowableCollector.java:73)
	at org.junit.platform.engine.support.hierarchical.NodeTestTask.executeRecursively(NodeTestTask.java:138)
	at org.junit.platform.engine.support.hierarchical.NodeTestTask.execute(NodeTestTask.java:95)
	at java.util.ArrayList.forEach(ArrayList.java:1259)
	at org.junit.platform.engine.support.hierarchical.SameThreadHierarchicalTestExecutorService.invokeAll(SameThreadHierarchicalTestExecutorService.java:41)
	at org.junit.platform.engine.support.hierarchical.NodeTestTask.lambda$executeRecursively$6(NodeTestTask.java:155)
	at org.junit.platform.engine.support.hierarchical.ThrowableCollector.execute(ThrowableCollector.java:73)
	at org.junit.platform.engine.support.hierarchical.NodeTestTask.lambda$executeRecursively$8(NodeTestTask.java:141)
	at org.junit.platform.engine.support.hierarchical.Node.around(Node.java:137)
	at org.junit.platform.engine.support.hierarchical.NodeTestTask.lambda$executeRecursively$9(NodeTestTask.java:139)
	at org.junit.platform.engine.support.hierarchical.ThrowableCollector.execute(ThrowableCollector.java:73)
	at org.junit.platform.engine.support.hierarchical.NodeTestTask.executeRecursively(NodeTestTask.java:138)
	at org.junit.platform.engine.support.hierarchical.NodeTestTask.execute(NodeTestTask.java:95)
	at org.junit.platform.engine.support.hierarchical.SameThreadHierarchicalTestExecutorService.submit(SameThreadHierarchicalTestExecutorService.java:35)
	at org.junit.platform.engine.support.hierarchical.HierarchicalTestExecutor.execute(HierarchicalTestExecutor.java:57)
	at org.junit.platform.engine.support.hierarchical.HierarchicalTestEngine.execute(HierarchicalTestEngine.java:54)
	at org.junit.platform.launcher.core.EngineExecutionOrchestrator.execute(EngineExecutionOrchestrator.java:107)
	at org.junit.platform.launcher.core.EngineExecutionOrchestrator.execute(EngineExecutionOrchestrator.java:88)
	at org.junit.platform.launcher.core.EngineExecutionOrchestrator.lambda$execute$0(EngineExecutionOrchestrator.java:54)
	at org.junit.platform.launcher.core.EngineExecutionOrchestrator.withInterceptedStreams(EngineExecutionOrchestrator.java:67)
	at org.junit.platform.launcher.core.EngineExecutionOrchestrator.execute(EngineExecutionOrchestrator.java:52)
	at org.junit.platform.launcher.core.DefaultLauncher.execute(DefaultLauncher.java:114)
	at org.junit.platform.launcher.core.DefaultLauncher.execute(DefaultLauncher.java:86)
	at org.junit.platform.launcher.core.DefaultLauncherSession$DelegatingLauncher.execute(DefaultLauncherSession.java:86)
	at org.junit.platform.launcher.core.SessionPerRequestLauncher.execute(SessionPerRequestLauncher.java:53)
	at org.apache.maven.surefire.junitplatform.JUnitPlatformProvider.invokeAllTests(JUnitPlatformProvider.java:165)
	at org.apache.maven.surefire.junitplatform.JUnitPlatformProvider.invoke(JUnitPlatformProvider.java:124)
	at org.apache.maven.surefire.booter.ForkedBooter.runSuitesInProcess(ForkedBooter.java:428)
	at org.apache.maven.surefire.booter.ForkedBooter.execute(ForkedBooter.java:162)
	at org.apache.maven.surefire.booter.ForkedBooter.run(ForkedBooter.java:562)
	at org.apache.maven.surefire.booter.ForkedBooter.main(ForkedBooter.java:548)
]]></stackTrace>
    </flakyFailure>
    <flakyFailure type="java.lang.AssertionError">
      <stackTrace><![CDATA[java.lang.AssertionError
	at org.junit.Assert.fail(Assert.java:87)
	at org.junit.Assert.assertTrue(Assert.java:42)
	at org.junit.Assert.assertTrue(Assert.java:53)
	at org.apache.hadoop.hdds.scm.TestRatisPipelineLeader.testLeaderIdUsedOnFirstCall(TestRatisPipelineLeader.java:85)
	at sun.reflect.NativeMethodAccessorImpl.invoke0(Native Method)
	at sun.reflect.NativeMethodAccessorImpl.invoke(NativeMethodAccessorImpl.java:62)
	at sun.reflect.DelegatingMethodAccessorImpl.invoke(DelegatingMethodAccessorImpl.java:43)
	at java.lang.reflect.Method.invoke(Method.java:498)
	at org.junit.platform.commons.util.ReflectionUtils.invokeMethod(ReflectionUtils.java:725)
	at org.junit.jupiter.engine.execution.MethodInvocation.proceed(MethodInvocation.java:60)
	at org.junit.jupiter.engine.execution.InvocationInterceptorChain$ValidatingInvocation.proceed(InvocationInterceptorChain.java:131)
	at org.junit.jupiter.engine.extension.TimeoutInvocation.proceed(TimeoutInvocation.java:46)
	at org.junit.jupiter.engine.extension.TimeoutExtension.intercept(TimeoutExtension.java:149)
	at org.junit.jupiter.engine.extension.TimeoutExtension.interceptTestableMethod(TimeoutExtension.java:140)
	at org.junit.jupiter.engine.extension.TimeoutExtension.interceptTestMethod(TimeoutExtension.java:84)
	at org.junit.jupiter.engine.execution.ExecutableInvoker$ReflectiveInterceptorCall.lambda$ofVoidMethod$0(ExecutableInvoker.java:115)
	at org.junit.jupiter.engine.execution.ExecutableInvoker.lambda$invoke$0(ExecutableInvoker.java:105)
	at org.junit.jupiter.engine.execution.InvocationInterceptorChain$InterceptedInvocation.proceed(InvocationInterceptorChain.java:106)
	at org.junit.jupiter.engine.execution.InvocationInterceptorChain.proceed(InvocationInterceptorChain.java:64)
	at org.junit.jupiter.engine.execution.InvocationInterceptorChain.chainAndInvoke(InvocationInterceptorChain.java:45)
	at org.junit.jupiter.engine.execution.InvocationInterceptorChain.invoke(InvocationInterceptorChain.java:37)
	at org.junit.jupiter.engine.execution.ExecutableInvoker.invoke(ExecutableInvoker.java:104)
	at org.junit.jupiter.engine.execution.ExecutableInvoker.invoke(ExecutableInvoker.java:98)
	at org.junit.jupiter.engine.descriptor.TestMethodTestDescriptor.lambda$invokeTestMethod$7(TestMethodTestDescriptor.java:214)
	at org.junit.platform.engine.support.hierarchical.ThrowableCollector.execute(ThrowableCollector.java:73)
	at org.junit.jupiter.engine.descriptor.TestMethodTestDescriptor.invokeTestMethod(TestMethodTestDescriptor.java:210)
	at org.junit.jupiter.engine.descriptor.TestMethodTestDescriptor.execute(TestMethodTestDescriptor.java:135)
	at org.junit.jupiter.engine.descriptor.TestMethodTestDescriptor.execute(TestMethodTestDescriptor.java:66)
	at org.junit.platform.engine.support.hierarchical.NodeTestTask.lambda$executeRecursively$6(NodeTestTask.java:151)
	at org.junit.platform.engine.support.hierarchical.ThrowableCollector.execute(ThrowableCollector.java:73)
	at org.junit.platform.engine.support.hierarchical.NodeTestTask.lambda$executeRecursively$8(NodeTestTask.java:141)
	at org.junit.platform.engine.support.hierarchical.Node.around(Node.java:137)
	at org.junit.platform.engine.support.hierarchical.NodeTestTask.lambda$executeRecursively$9(NodeTestTask.java:139)
	at org.junit.platform.engine.support.hierarchical.ThrowableCollector.execute(ThrowableCollector.java:73)
	at org.junit.platform.engine.support.hierarchical.NodeTestTask.executeRecursively(NodeTestTask.java:138)
	at org.junit.platform.engine.support.hierarchical.NodeTestTask.execute(NodeTestTask.java:95)
	at java.util.ArrayList.forEach(ArrayList.java:1259)
	at org.junit.platform.engine.support.hierarchical.SameThreadHierarchicalTestExecutorService.invokeAll(SameThreadHierarchicalTestExecutorService.java:41)
	at org.junit.platform.engine.support.hierarchical.NodeTestTask.lambda$executeRecursively$6(NodeTestTask.java:155)
	at org.junit.platform.engine.support.hierarchical.ThrowableCollector.execute(ThrowableCollector.java:73)
	at org.junit.platform.engine.support.hierarchical.NodeTestTask.lambda$executeRecursively$8(NodeTestTask.java:141)
	at org.junit.platform.engine.support.hierarchical.Node.around(Node.java:137)
	at org.junit.platform.engine.support.hierarchical.NodeTestTask.lambda$executeRecursively$9(NodeTestTask.java:139)
	at org.junit.platform.engine.support.hierarchical.ThrowableCollector.execute(ThrowableCollector.java:73)
	at org.junit.platform.engine.support.hierarchical.NodeTestTask.executeRecursively(NodeTestTask.java:138)
	at org.junit.platform.engine.support.hierarchical.NodeTestTask.execute(NodeTestTask.java:95)
	at java.util.ArrayList.forEach(ArrayList.java:1259)
	at org.junit.platform.engine.support.hierarchical.SameThreadHierarchicalTestExecutorService.invokeAll(SameThreadHierarchicalTestExecutorService.java:41)
	at org.junit.platform.engine.support.hierarchical.NodeTestTask.lambda$executeRecursively$6(NodeTestTask.java:155)
	at org.junit.platform.engine.support.hierarchical.ThrowableCollector.execute(ThrowableCollector.java:73)
	at org.junit.platform.engine.support.hierarchical.NodeTestTask.lambda$executeRecursively$8(NodeTestTask.java:141)
	at org.junit.platform.engine.support.hierarchical.Node.around(Node.java:137)
	at org.junit.platform.engine.support.hierarchical.NodeTestTask.lambda$executeRecursively$9(NodeTestTask.java:139)
	at org.junit.platform.engine.support.hierarchical.ThrowableCollector.execute(ThrowableCollector.java:73)
	at org.junit.platform.engine.support.hierarchical.NodeTestTask.executeRecursively(NodeTestTask.java:138)
	at org.junit.platform.engine.support.hierarchical.NodeTestTask.execute(NodeTestTask.java:95)
	at org.junit.platform.engine.support.hierarchical.SameThreadHierarchicalTestExecutorService.submit(SameThreadHierarchicalTestExecutorService.java:35)
	at org.junit.platform.engine.support.hierarchical.HierarchicalTestExecutor.execute(HierarchicalTestExecutor.java:57)
	at org.junit.platform.engine.support.hierarchical.HierarchicalTestEngine.execute(HierarchicalTestEngine.java:54)
	at org.junit.platform.launcher.core.EngineExecutionOrchestrator.execute(EngineExecutionOrchestrator.java:107)
	at org.junit.platform.launcher.core.EngineExecutionOrchestrator.execute(EngineExecutionOrchestrator.java:88)
	at org.junit.platform.launcher.core.EngineExecutionOrchestrator.lambda$execute$0(EngineExecutionOrchestrator.java:54)
	at org.junit.platform.launcher.core.EngineExecutionOrchestrator.withInterceptedStreams(EngineExecutionOrchestrator.java:67)
	at org.junit.platform.launcher.core.EngineExecutionOrchestrator.execute(EngineExecutionOrchestrator.java:52)
	at org.junit.platform.launcher.core.DefaultLauncher.execute(DefaultLauncher.java:114)
	at org.junit.platform.launcher.core.DefaultLauncher.execute(DefaultLauncher.java:86)
	at org.junit.platform.launcher.core.DefaultLauncherSession$DelegatingLauncher.execute(DefaultLauncherSession.java:86)
	at org.junit.platform.launcher.core.SessionPerRequestLauncher.execute(SessionPerRequestLauncher.java:53)
	at org.apache.maven.surefire.junitplatform.JUnitPlatformProvider.invokeAllTests(JUnitPlatformProvider.java:165)
	at org.apache.maven.surefire.junitplatform.JUnitPlatformProvider.invoke(JUnitPlatformProvider.java:124)
	at org.apache.maven.surefire.booter.ForkedBooter.runSuitesInProcess(ForkedBooter.java:428)
	at org.apache.maven.surefire.booter.ForkedBooter.execute(ForkedBooter.java:162)
	at org.apache.maven.surefire.booter.ForkedBooter.run(ForkedBooter.java:562)
	at org.apache.maven.surefire.booter.ForkedBooter.main(ForkedBooter.java:548)
]]></stackTrace>
    </flakyFailure>
    <flakyFailure type="java.lang.AssertionError">
      <stackTrace><![CDATA[java.lang.AssertionError
	at org.junit.Assert.fail(Assert.java:87)
	at org.junit.Assert.assertTrue(Assert.java:42)
	at org.junit.Assert.assertTrue(Assert.java:53)
	at org.apache.hadoop.hdds.scm.TestRatisPipelineLeader.testLeaderIdUsedOnFirstCall(TestRatisPipelineLeader.java:85)
	at sun.reflect.NativeMethodAccessorImpl.invoke0(Native Method)
	at sun.reflect.NativeMethodAccessorImpl.invoke(NativeMethodAccessorImpl.java:62)
	at sun.reflect.DelegatingMethodAccessorImpl.invoke(DelegatingMethodAccessorImpl.java:43)
	at java.lang.reflect.Method.invoke(Method.java:498)
	at org.junit.platform.commons.util.ReflectionUtils.invokeMethod(ReflectionUtils.java:725)
	at org.junit.jupiter.engine.execution.MethodInvocation.proceed(MethodInvocation.java:60)
	at org.junit.jupiter.engine.execution.InvocationInterceptorChain$ValidatingInvocation.proceed(InvocationInterceptorChain.java:131)
	at org.junit.jupiter.engine.extension.TimeoutInvocation.proceed(TimeoutInvocation.java:46)
	at org.junit.jupiter.engine.extension.TimeoutExtension.intercept(TimeoutExtension.java:149)
	at org.junit.jupiter.engine.extension.TimeoutExtension.interceptTestableMethod(TimeoutExtension.java:140)
	at org.junit.jupiter.engine.extension.TimeoutExtension.interceptTestMethod(TimeoutExtension.java:84)
	at org.junit.jupiter.engine.execution.ExecutableInvoker$ReflectiveInterceptorCall.lambda$ofVoidMethod$0(ExecutableInvoker.java:115)
	at org.junit.jupiter.engine.execution.ExecutableInvoker.lambda$invoke$0(ExecutableInvoker.java:105)
	at org.junit.jupiter.engine.execution.InvocationInterceptorChain$InterceptedInvocation.proceed(InvocationInterceptorChain.java:106)
	at org.junit.jupiter.engine.execution.InvocationInterceptorChain.proceed(InvocationInterceptorChain.java:64)
	at org.junit.jupiter.engine.execution.InvocationInterceptorChain.chainAndInvoke(InvocationInterceptorChain.java:45)
	at org.junit.jupiter.engine.execution.InvocationInterceptorChain.invoke(InvocationInterceptorChain.java:37)
	at org.junit.jupiter.engine.execution.ExecutableInvoker.invoke(ExecutableInvoker.java:104)
	at org.junit.jupiter.engine.execution.ExecutableInvoker.invoke(ExecutableInvoker.java:98)
	at org.junit.jupiter.engine.descriptor.TestMethodTestDescriptor.lambda$invokeTestMethod$7(TestMethodTestDescriptor.java:214)
	at org.junit.platform.engine.support.hierarchical.ThrowableCollector.execute(ThrowableCollector.java:73)
	at org.junit.jupiter.engine.descriptor.TestMethodTestDescriptor.invokeTestMethod(TestMethodTestDescriptor.java:210)
	at org.junit.jupiter.engine.descriptor.TestMethodTestDescriptor.execute(TestMethodTestDescriptor.java:135)
	at org.junit.jupiter.engine.descriptor.TestMethodTestDescriptor.execute(TestMethodTestDescriptor.java:66)
	at org.junit.platform.engine.support.hierarchical.NodeTestTask.lambda$executeRecursively$6(NodeTestTask.java:151)
	at org.junit.platform.engine.support.hierarchical.ThrowableCollector.execute(ThrowableCollector.java:73)
	at org.junit.platform.engine.support.hierarchical.NodeTestTask.lambda$executeRecursively$8(NodeTestTask.java:141)
	at org.junit.platform.engine.support.hierarchical.Node.around(Node.java:137)
	at org.junit.platform.engine.support.hierarchical.NodeTestTask.lambda$executeRecursively$9(NodeTestTask.java:139)
	at org.junit.platform.engine.support.hierarchical.ThrowableCollector.execute(ThrowableCollector.java:73)
	at org.junit.platform.engine.support.hierarchical.NodeTestTask.executeRecursively(NodeTestTask.java:138)
	at org.junit.platform.engine.support.hierarchical.NodeTestTask.execute(NodeTestTask.java:95)
	at java.util.ArrayList.forEach(ArrayList.java:1259)
	at org.junit.platform.engine.support.hierarchical.SameThreadHierarchicalTestExecutorService.invokeAll(SameThreadHierarchicalTestExecutorService.java:41)
	at org.junit.platform.engine.support.hierarchical.NodeTestTask.lambda$executeRecursively$6(NodeTestTask.java:155)
	at org.junit.platform.engine.support.hierarchical.ThrowableCollector.execute(ThrowableCollector.java:73)
	at org.junit.platform.engine.support.hierarchical.NodeTestTask.lambda$executeRecursively$8(NodeTestTask.java:141)
	at org.junit.platform.engine.support.hierarchical.Node.around(Node.java:137)
	at org.junit.platform.engine.support.hierarchical.NodeTestTask.lambda$executeRecursively$9(NodeTestTask.java:139)
	at org.junit.platform.engine.support.hierarchical.ThrowableCollector.execute(ThrowableCollector.java:73)
	at org.junit.platform.engine.support.hierarchical.NodeTestTask.executeRecursively(NodeTestTask.java:138)
	at org.junit.platform.engine.support.hierarchical.NodeTestTask.execute(NodeTestTask.java:95)
	at java.util.ArrayList.forEach(ArrayList.java:1259)
	at org.junit.platform.engine.support.hierarchical.SameThreadHierarchicalTestExecutorService.invokeAll(SameThreadHierarchicalTestExecutorService.java:41)
	at org.junit.platform.engine.support.hierarchical.NodeTestTask.lambda$executeRecursively$6(NodeTestTask.java:155)
	at org.junit.platform.engine.support.hierarchical.ThrowableCollector.execute(ThrowableCollector.java:73)
	at org.junit.platform.engine.support.hierarchical.NodeTestTask.lambda$executeRecursively$8(NodeTestTask.java:141)
	at org.junit.platform.engine.support.hierarchical.Node.around(Node.java:137)
	at org.junit.platform.engine.support.hierarchical.NodeTestTask.lambda$executeRecursively$9(NodeTestTask.java:139)
	at org.junit.platform.engine.support.hierarchical.ThrowableCollector.execute(ThrowableCollector.java:73)
	at org.junit.platform.engine.support.hierarchical.NodeTestTask.executeRecursively(NodeTestTask.java:138)
	at org.junit.platform.engine.support.hierarchical.NodeTestTask.execute(NodeTestTask.java:95)
	at org.junit.platform.engine.support.hierarchical.SameThreadHierarchicalTestExecutorService.submit(SameThreadHierarchicalTestExecutorService.java:35)
	at org.junit.platform.engine.support.hierarchical.HierarchicalTestExecutor.execute(HierarchicalTestExecutor.java:57)
	at org.junit.platform.engine.support.hierarchical.HierarchicalTestEngine.execute(HierarchicalTestEngine.java:54)
	at org.junit.platform.launcher.core.EngineExecutionOrchestrator.execute(EngineExecutionOrchestrator.java:107)
	at org.junit.platform.launcher.core.EngineExecutionOrchestrator.execute(EngineExecutionOrchestrator.java:88)
	at org.junit.platform.launcher.core.EngineExecutionOrchestrator.lambda$execute$0(EngineExecutionOrchestrator.java:54)
	at org.junit.platform.launcher.core.EngineExecutionOrchestrator.withInterceptedStreams(EngineExecutionOrchestrator.java:67)
	at org.junit.platform.launcher.core.EngineExecutionOrchestrator.execute(EngineExecutionOrchestrator.java:52)
	at org.junit.platform.launcher.core.DefaultLauncher.execute(DefaultLauncher.java:114)
	at org.junit.platform.launcher.core.DefaultLauncher.execute(DefaultLauncher.java:86)
	at org.junit.platform.launcher.core.DefaultLauncherSession$DelegatingLauncher.execute(DefaultLauncherSession.java:86)
	at org.junit.platform.launcher.core.SessionPerRequestLauncher.execute(SessionPerRequestLauncher.java:53)
	at org.apache.maven.surefire.junitplatform.JUnitPlatformProvider.invokeAllTests(JUnitPlatformProvider.java:165)
	at org.apache.maven.surefire.junitplatform.JUnitPlatformProvider.invoke(JUnitPlatformProvider.java:124)
	at org.apache.maven.surefire.booter.ForkedBooter.runSuitesInProcess(ForkedBooter.java:428)
	at org.apache.maven.surefire.booter.ForkedBooter.execute(ForkedBooter.java:162)
	at org.apache.maven.surefire.booter.ForkedBooter.run(ForkedBooter.java:562)
	at org.apache.maven.surefire.booter.ForkedBooter.main(ForkedBooter.java:548)
]]></stackTrace>
    </flakyFailure>
    <flakyFailure type="java.lang.AssertionError">
      <stackTrace><![CDATA[java.lang.AssertionError
	at org.junit.Assert.fail(Assert.java:87)
	at org.junit.Assert.assertTrue(Assert.java:42)
	at org.junit.Assert.assertTrue(Assert.java:53)
	at org.apache.hadoop.hdds.scm.TestRatisPipelineLeader.testLeaderIdUsedOnFirstCall(TestRatisPipelineLeader.java:85)
	at sun.reflect.NativeMethodAccessorImpl.invoke0(Native Method)
	at sun.reflect.NativeMethodAccessorImpl.invoke(NativeMethodAccessorImpl.java:62)
	at sun.reflect.DelegatingMethodAccessorImpl.invoke(DelegatingMethodAccessorImpl.java:43)
	at java.lang.reflect.Method.invoke(Method.java:498)
	at org.junit.platform.commons.util.ReflectionUtils.invokeMethod(ReflectionUtils.java:725)
	at org.junit.jupiter.engine.execution.MethodInvocation.proceed(MethodInvocation.java:60)
	at org.junit.jupiter.engine.execution.InvocationInterceptorChain$ValidatingInvocation.proceed(InvocationInterceptorChain.java:131)
	at org.junit.jupiter.engine.extension.TimeoutInvocation.proceed(TimeoutInvocation.java:46)
	at org.junit.jupiter.engine.extension.TimeoutExtension.intercept(TimeoutExtension.java:149)
	at org.junit.jupiter.engine.extension.TimeoutExtension.interceptTestableMethod(TimeoutExtension.java:140)
	at org.junit.jupiter.engine.extension.TimeoutExtension.interceptTestMethod(TimeoutExtension.java:84)
	at org.junit.jupiter.engine.execution.ExecutableInvoker$ReflectiveInterceptorCall.lambda$ofVoidMethod$0(ExecutableInvoker.java:115)
	at org.junit.jupiter.engine.execution.ExecutableInvoker.lambda$invoke$0(ExecutableInvoker.java:105)
	at org.junit.jupiter.engine.execution.InvocationInterceptorChain$InterceptedInvocation.proceed(InvocationInterceptorChain.java:106)
	at org.junit.jupiter.engine.execution.InvocationInterceptorChain.proceed(InvocationInterceptorChain.java:64)
	at org.junit.jupiter.engine.execution.InvocationInterceptorChain.chainAndInvoke(InvocationInterceptorChain.java:45)
	at org.junit.jupiter.engine.execution.InvocationInterceptorChain.invoke(InvocationInterceptorChain.java:37)
	at org.junit.jupiter.engine.execution.ExecutableInvoker.invoke(ExecutableInvoker.java:104)
	at org.junit.jupiter.engine.execution.ExecutableInvoker.invoke(ExecutableInvoker.java:98)
	at org.junit.jupiter.engine.descriptor.TestMethodTestDescriptor.lambda$invokeTestMethod$7(TestMethodTestDescriptor.java:214)
	at org.junit.platform.engine.support.hierarchical.ThrowableCollector.execute(ThrowableCollector.java:73)
	at org.junit.jupiter.engine.descriptor.TestMethodTestDescriptor.invokeTestMethod(TestMethodTestDescriptor.java:210)
	at org.junit.jupiter.engine.descriptor.TestMethodTestDescriptor.execute(TestMethodTestDescriptor.java:135)
	at org.junit.jupiter.engine.descriptor.TestMethodTestDescriptor.execute(TestMethodTestDescriptor.java:66)
	at org.junit.platform.engine.support.hierarchical.NodeTestTask.lambda$executeRecursively$6(NodeTestTask.java:151)
	at org.junit.platform.engine.support.hierarchical.ThrowableCollector.execute(ThrowableCollector.java:73)
	at org.junit.platform.engine.support.hierarchical.NodeTestTask.lambda$executeRecursively$8(NodeTestTask.java:141)
	at org.junit.platform.engine.support.hierarchical.Node.around(Node.java:137)
	at org.junit.platform.engine.support.hierarchical.NodeTestTask.lambda$executeRecursively$9(NodeTestTask.java:139)
	at org.junit.platform.engine.support.hierarchical.ThrowableCollector.execute(ThrowableCollector.java:73)
	at org.junit.platform.engine.support.hierarchical.NodeTestTask.executeRecursively(NodeTestTask.java:138)
	at org.junit.platform.engine.support.hierarchical.NodeTestTask.execute(NodeTestTask.java:95)
	at java.util.ArrayList.forEach(ArrayList.java:1259)
	at org.junit.platform.engine.support.hierarchical.SameThreadHierarchicalTestExecutorService.invokeAll(SameThreadHierarchicalTestExecutorService.java:41)
	at org.junit.platform.engine.support.hierarchical.NodeTestTask.lambda$executeRecursively$6(NodeTestTask.java:155)
	at org.junit.platform.engine.support.hierarchical.ThrowableCollector.execute(ThrowableCollector.java:73)
	at org.junit.platform.engine.support.hierarchical.NodeTestTask.lambda$executeRecursively$8(NodeTestTask.java:141)
	at org.junit.platform.engine.support.hierarchical.Node.around(Node.java:137)
	at org.junit.platform.engine.support.hierarchical.NodeTestTask.lambda$executeRecursively$9(NodeTestTask.java:139)
	at org.junit.platform.engine.support.hierarchical.ThrowableCollector.execute(ThrowableCollector.java:73)
	at org.junit.platform.engine.support.hierarchical.NodeTestTask.executeRecursively(NodeTestTask.java:138)
	at org.junit.platform.engine.support.hierarchical.NodeTestTask.execute(NodeTestTask.java:95)
	at java.util.ArrayList.forEach(ArrayList.java:1259)
	at org.junit.platform.engine.support.hierarchical.SameThreadHierarchicalTestExecutorService.invokeAll(SameThreadHierarchicalTestExecutorService.java:41)
	at org.junit.platform.engine.support.hierarchical.NodeTestTask.lambda$executeRecursively$6(NodeTestTask.java:155)
	at org.junit.platform.engine.support.hierarchical.ThrowableCollector.execute(ThrowableCollector.java:73)
	at org.junit.platform.engine.support.hierarchical.NodeTestTask.lambda$executeRecursively$8(NodeTestTask.java:141)
	at org.junit.platform.engine.support.hierarchical.Node.around(Node.java:137)
	at org.junit.platform.engine.support.hierarchical.NodeTestTask.lambda$executeRecursively$9(NodeTestTask.java:139)
	at org.junit.platform.engine.support.hierarchical.ThrowableCollector.execute(ThrowableCollector.java:73)
	at org.junit.platform.engine.support.hierarchical.NodeTestTask.executeRecursively(NodeTestTask.java:138)
	at org.junit.platform.engine.support.hierarchical.NodeTestTask.execute(NodeTestTask.java:95)
	at org.junit.platform.engine.support.hierarchical.SameThreadHierarchicalTestExecutorService.submit(SameThreadHierarchicalTestExecutorService.java:35)
	at org.junit.platform.engine.support.hierarchical.HierarchicalTestExecutor.execute(HierarchicalTestExecutor.java:57)
	at org.junit.platform.engine.support.hierarchical.HierarchicalTestEngine.execute(HierarchicalTestEngine.java:54)
	at org.junit.platform.launcher.core.EngineExecutionOrchestrator.execute(EngineExecutionOrchestrator.java:107)
	at org.junit.platform.launcher.core.EngineExecutionOrchestrator.execute(EngineExecutionOrchestrator.java:88)
	at org.junit.platform.launcher.core.EngineExecutionOrchestrator.lambda$execute$0(EngineExecutionOrchestrator.java:54)
	at org.junit.platform.launcher.core.EngineExecutionOrchestrator.withInterceptedStreams(EngineExecutionOrchestrator.java:67)
	at org.junit.platform.launcher.core.EngineExecutionOrchestrator.execute(EngineExecutionOrchestrator.java:52)
	at org.junit.platform.launcher.core.DefaultLauncher.execute(DefaultLauncher.java:114)
	at org.junit.platform.launcher.core.DefaultLauncher.execute(DefaultLauncher.java:86)
	at org.junit.platform.launcher.core.DefaultLauncherSession$DelegatingLauncher.execute(DefaultLauncherSession.java:86)
	at org.junit.platform.launcher.core.SessionPerRequestLauncher.execute(SessionPerRequestLauncher.java:53)
	at org.apache.maven.surefire.junitplatform.JUnitPlatformProvider.invokeAllTests(JUnitPlatformProvider.java:165)
	at org.apache.maven.surefire.junitplatform.JUnitPlatformProvider.invoke(JUnitPlatformProvider.java:124)
	at org.apache.maven.surefire.booter.ForkedBooter.runSuitesInProcess(ForkedBooter.java:428)
	at org.apache.maven.surefire.booter.ForkedBooter.execute(ForkedBooter.java:162)
	at org.apache.maven.surefire.booter.ForkedBooter.run(ForkedBooter.java:562)
	at org.apache.maven.surefire.booter.ForkedBooter.main(ForkedBooter.java:548)
]]></stackTrace>
    </flakyFailure>
  </testcase>
</testsuite>