<?xml version="1.0" encoding="UTF-8"?>
<testsuite xmlns:xsi="http://www.w3.org/2001/XMLSchema-instance" xsi:noNamespaceSchemaLocation="https://maven.apache.org/surefire/maven-surefire-plugin/xsd/surefire-test-report.xsd" name="org.apache.hadoop.ozone.om.TestOzoneManagerPrepare" time="315.883" tests="6" errors="4" skipped="1" failures="0">
  <properties>
    <property name="awt.toolkit" value="sun.awt.X11.XToolkit"/>
    <property name="file.encoding.pkg" value="sun.io"/>
    <property name="java.specification.version" value="1.8"/>
    <property name="sun.cpu.isalist" value=""/>
    <property name="sun.jnu.encoding" value="UTF-8"/>
    <property name="java.class.path" value="/home/runner/work/ozone/ozone/hadoop-ozone/integration-test/target/test-classes:/home/runner/work/ozone/ozone/hadoop-ozone/integration-test/target/classes:/home/runner/.m2/repository/org/apache/ozone/ozone-common/1.2.0-SNAPSHOT/ozone-common-1.2.0-SNAPSHOT.jar:/home/runner/.m2/repository/org/apache/commons/commons-compress/1.21/commons-compress-1.21.jar:/home/runner/.m2/repository/org/apache/ozone/hdds-common/1.2.0-SNAPSHOT/hdds-common-1.2.0-SNAPSHOT.jar:/home/runner/.m2/repository/org/apache/ozone/hdds-client/1.2.0-SNAPSHOT/hdds-client-1.2.0-SNAPSHOT.jar:/home/runner/.m2/repository/org/apache/ozone/ozone-interface-client/1.2.0-SNAPSHOT/ozone-interface-client-1.2.0-SNAPSHOT.jar:/home/runner/.m2/repository/org/apache/ozone/hdds-server-framework/1.2.0-SNAPSHOT/hdds-server-framework-1.2.0-SNAPSHOT.jar:/home/runner/.m2/repository/org/apache/ozone/hdds-interface-server/1.2.0-SNAPSHOT/hdds-interface-server-1.2.0-SNAPSHOT.jar:/home/runner/.m2/repository/org/eclipse/jetty/jetty-servlet/9.4.43.v20210629/jetty-servlet-9.4.43.v20210629.jar:/home/runner/.m2/repository/org/eclipse/jetty/jetty-security/9.4.43.v20210629/jetty-security-9.4.43.v20210629.jar:/home/runner/.m2/repository/org/rocksdb/rocksdbjni/6.20.3/rocksdbjni-6.20.3.jar:/home/runner/.m2/repository/io/prometheus/simpleclient_dropwizard/0.7.0/simpleclient_dropwizard-0.7.0.jar:/home/runner/.m2/repository/io/prometheus/simpleclient/0.7.0/simpleclient-0.7.0.jar:/home/runner/.m2/repository/io/prometheus/simpleclient_common/0.7.0/simpleclient_common-0.7.0.jar:/home/runner/.m2/repository/com/fasterxml/jackson/datatype/jackson-datatype-jsr310/2.12.1/jackson-datatype-jsr310-2.12.1.jar:/home/runner/.m2/repository/org/apache/ozone/hdds-test-utils/1.2.0-SNAPSHOT/hdds-test-utils-1.2.0-SNAPSHOT.jar:/home/runner/.m2/repository/com/google/guava/guava/30.1.1-jre/guava-30.1.1-jre.jar:/home/runner/.m2/repository/com/google/guava/failureaccess/1.0.1/failureaccess-1.0.1.jar:/home/runner/.m2/repository/com/google/guava/listenablefuture/9999.0-empty-to-avoid-conflict-with-guava/listenablefuture-9999.0-empty-to-avoid-conflict-with-guava.jar:/home/runner/.m2/repository/com/google/code/findbugs/jsr305/3.0.0/jsr305-3.0.0.jar:/home/runner/.m2/repository/org/checkerframework/checker-qual/3.8.0/checker-qual-3.8.0.jar:/home/runner/.m2/repository/com/google/errorprone/error_prone_annotations/2.2.0/error_prone_annotations-2.2.0.jar:/home/runner/.m2/repository/com/google/j2objc/j2objc-annotations/1.3/j2objc-annotations-1.3.jar:/home/runner/.m2/repository/commons-io/commons-io/2.11.0/commons-io-2.11.0.jar:/home/runner/.m2/repository/commons-logging/commons-logging/1.2/commons-logging-1.2.jar:/home/runner/.m2/repository/log4j/log4j/1.2.17/log4j-1.2.17.jar:/home/runner/.m2/repository/org/slf4j/slf4j-api/1.7.30/slf4j-api-1.7.30.jar:/home/runner/.m2/repository/org/apache/ozone/hdds-server-scm/1.2.0-SNAPSHOT/hdds-server-scm-1.2.0-SNAPSHOT.jar:/home/runner/.m2/repository/org/apache/ozone/hdds-container-service/1.2.0-SNAPSHOT/hdds-container-service-1.2.0-SNAPSHOT.jar:/home/runner/.m2/repository/org/apache/ozone/hdds-hadoop-dependency-server/1.2.0-SNAPSHOT/hdds-hadoop-dependency-server-1.2.0-SNAPSHOT.jar:/home/runner/.m2/repository/org/apache/hadoop/hadoop-hdfs/3.3.1/hadoop-hdfs-3.3.1.jar:/home/runner/.m2/repository/io/dropwizard/metrics/metrics-core/3.2.4/metrics-core-3.2.4.jar:/home/runner/.m2/repository/org/apache/hadoop/hadoop-hdfs-client/3.3.1/hadoop-hdfs-client-3.3.1.jar:/home/runner/.m2/repository/org/bouncycastle/bcprov-jdk15on/1.67/bcprov-jdk15on-1.67.jar:/home/runner/.m2/repository/com/google/protobuf/protobuf-java/2.5.0/protobuf-java-2.5.0.jar:/home/runner/.m2/repository/org/apache/ozone/ozone-manager/1.2.0-SNAPSHOT/ozone-manager-1.2.0-SNAPSHOT.jar:/home/runner/.m2/repository/org/aspectj/aspectjrt/1.9.7/aspectjrt-1.9.7.jar:/home/runner/.m2/repository/org/aspectj/aspectjweaver/1.9.7/aspectjweaver-1.9.7.jar:/home/runner/.m2/repository/org/apache/ozone/hdds-interface-client/1.2.0-SNAPSHOT/hdds-interface-client-1.2.0-SNAPSHOT.jar:/home/runner/.m2/repository/org/apache/hadoop/thirdparty/hadoop-shaded-protobuf_3_7/1.1.1/hadoop-shaded-protobuf_3_7-1.1.1.jar:/home/runner/.m2/repository/org/apache/ozone/ozone-interface-storage/1.2.0-SNAPSHOT/ozone-interface-storage-1.2.0-SNAPSHOT.jar:/home/runner/.m2/repository/org/reflections/reflections/0.9.11/reflections-0.9.11.jar:/home/runner/.m2/repository/org/apache/hadoop/hadoop-minikdc/3.3.1/hadoop-minikdc-3.3.1.jar:/home/runner/.m2/repository/org/apache/kerby/kerb-simplekdc/1.0.1/kerb-simplekdc-1.0.1.jar:/home/runner/.m2/repository/org/apache/kerby/kerb-client/1.0.1/kerb-client-1.0.1.jar:/home/runner/.m2/repository/org/apache/kerby/kerby-config/1.0.1/kerby-config-1.0.1.jar:/home/runner/.m2/repository/org/apache/kerby/kerb-common/1.0.1/kerb-common-1.0.1.jar:/home/runner/.m2/repository/org/apache/kerby/kerb-crypto/1.0.1/kerb-crypto-1.0.1.jar:/home/runner/.m2/repository/org/apache/kerby/kerb-util/1.0.1/kerb-util-1.0.1.jar:/home/runner/.m2/repository/org/apache/kerby/token-provider/1.0.1/token-provider-1.0.1.jar:/home/runner/.m2/repository/org/apache/kerby/kerb-admin/1.0.1/kerb-admin-1.0.1.jar:/home/runner/.m2/repository/org/apache/kerby/kerb-server/1.0.1/kerb-server-1.0.1.jar:/home/runner/.m2/repository/org/apache/kerby/kerb-identity/1.0.1/kerb-identity-1.0.1.jar:/home/runner/.m2/repository/org/apache/kerby/kerby-xdr/1.0.1/kerby-xdr-1.0.1.jar:/home/runner/.m2/repository/org/slf4j/slf4j-log4j12/1.7.30/slf4j-log4j12-1.7.30.jar:/home/runner/.m2/repository/org/apache/ozone/ozone-s3gateway/1.2.0-SNAPSHOT/ozone-s3gateway-1.2.0-SNAPSHOT.jar:/home/runner/.m2/repository/org/javassist/javassist/3.21.0-GA/javassist-3.21.0-GA.jar:/home/runner/.m2/repository/org/jboss/weld/servlet/weld-servlet/2.4.7.Final/weld-servlet-2.4.7.Final.jar:/home/runner/.m2/repository/org/glassfish/jersey/containers/jersey-container-servlet-core/2.33/jersey-container-servlet-core-2.33.jar:/home/runner/.m2/repository/org/glassfish/hk2/external/jakarta.inject/2.6.1/jakarta.inject-2.6.1.jar:/home/runner/.m2/repository/org/glassfish/jersey/core/jersey-common/2.33/jersey-common-2.33.jar:/home/runner/.m2/repository/jakarta/ws/rs/jakarta.ws.rs-api/2.1.6/jakarta.ws.rs-api-2.1.6.jar:/home/runner/.m2/repository/org/glassfish/jersey/ext/cdi/jersey-cdi1x/2.33/jersey-cdi1x-2.33.jar:/home/runner/.m2/repository/org/glassfish/jersey/inject/jersey-hk2/2.33/jersey-hk2-2.33.jar:/home/runner/.m2/repository/org/glassfish/hk2/hk2-locator/2.6.1/hk2-locator-2.6.1.jar:/home/runner/.m2/repository/org/glassfish/jersey/media/jersey-media-jaxb/2.33/jersey-media-jaxb-2.33.jar:/home/runner/.m2/repository/org/glassfish/hk2/osgi-resource-locator/1.0.3/osgi-resource-locator-1.0.3.jar:/home/runner/.m2/repository/org/glassfish/hk2/hk2-api/2.5.0/hk2-api-2.5.0.jar:/home/runner/.m2/repository/org/glassfish/hk2/hk2-utils/2.5.0/hk2-utils-2.5.0.jar:/home/runner/.m2/repository/org/glassfish/hk2/external/aopalliance-repackaged/2.5.0/aopalliance-repackaged-2.5.0.jar:/home/runner/.m2/repository/com/fasterxml/jackson/dataformat/jackson-dataformat-xml/2.12.1/jackson-dataformat-xml-2.12.1.jar:/home/runner/.m2/repository/com/fasterxml/jackson/core/jackson-core/2.12.1/jackson-core-2.12.1.jar:/home/runner/.m2/repository/com/fasterxml/jackson/module/jackson-module-jaxb-annotations/2.12.1/jackson-module-jaxb-annotations-2.12.1.jar:/home/runner/.m2/repository/jakarta/xml/bind/jakarta.xml.bind-api/2.3.2/jakarta.xml.bind-api-2.3.2.jar:/home/runner/.m2/repository/org/codehaus/woodstox/stax2-api/3.1.4/stax2-api-3.1.4.jar:/home/runner/.m2/repository/com/fasterxml/woodstox/woodstox-core/5.0.3/woodstox-core-5.0.3.jar:/home/runner/.m2/repository/javax/enterprise/cdi-api/1.2/cdi-api-1.2.jar:/home/runner/.m2/repository/javax/el/javax.el-api/3.0.0/javax.el-api-3.0.0.jar:/home/runner/.m2/repository/javax/interceptor/javax.interceptor-api/1.2/javax.interceptor-api-1.2.jar:/home/runner/.m2/repository/javax/inject/javax.inject/1/javax.inject-1.jar:/home/runner/.m2/repository/javax/xml/bind/jaxb-api/2.3.0/jaxb-api-2.3.0.jar:/home/runner/.m2/repository/org/glassfish/jaxb/jaxb-runtime/2.3.0.1/jaxb-runtime-2.3.0.1.jar:/home/runner/.m2/repository/org/glassfish/jaxb/jaxb-core/2.3.0.1/jaxb-core-2.3.0.1.jar:/home/runner/.m2/repository/org/glassfish/jaxb/txw2/2.3.0.1/txw2-2.3.0.1.jar:/home/runner/.m2/repository/com/sun/istack/istack-commons-runtime/3.0.5/istack-commons-runtime-3.0.5.jar:/home/runner/.m2/repository/org/jvnet/staxex/stax-ex/1.7.8/stax-ex-1.7.8.jar:/home/runner/.m2/repository/com/sun/xml/fastinfoset/FastInfoset/1.2.13/FastInfoset-1.2.13.jar:/home/runner/.m2/repository/javax/activation/activation/1.1.1/activation-1.1.1.jar:/home/runner/.m2/repository/org/apache/ozone/ozone-csi/1.2.0-SNAPSHOT/ozone-csi-1.2.0-SNAPSHOT.jar:/home/runner/.m2/repository/com/google/protobuf/protobuf-java-util/3.12.0/protobuf-java-util-3.12.0.jar:/home/runner/.m2/repository/com/google/code/gson/gson/2.2.4/gson-2.2.4.jar:/home/runner/.m2/repository/org/apache/ozone/hdds-config/1.2.0-SNAPSHOT/hdds-config-1.2.0-SNAPSHOT.jar:/home/runner/.m2/repository/io/grpc/grpc-netty/1.33.0/grpc-netty-1.33.0.jar:/home/runner/.m2/repository/io/grpc/grpc-core/1.33.0/grpc-core-1.33.0.jar:/home/runner/.m2/repository/com/google/android/annotations/4.1.1.4/annotations-4.1.1.4.jar:/home/runner/.m2/repository/io/netty/netty-codec-http2/4.1.63.Final/netty-codec-http2-4.1.63.Final.jar:/home/runner/.m2/repository/io/netty/netty-codec-http/4.1.63.Final/netty-codec-http-4.1.63.Final.jar:/home/runner/.m2/repository/io/netty/netty-handler-proxy/4.1.63.Final/netty-handler-proxy-4.1.63.Final.jar:/home/runner/.m2/repository/io/netty/netty-codec-socks/4.1.63.Final/netty-codec-socks-4.1.63.Final.jar:/home/runner/.m2/repository/io/perfmark/perfmark-api/0.19.0/perfmark-api-0.19.0.jar:/home/runner/.m2/repository/org/codehaus/mojo/animal-sniffer-annotations/1.18/animal-sniffer-annotations-1.18.jar:/home/runner/.m2/repository/io/netty/netty-transport-native-epoll/4.1.63.Final/netty-transport-native-epoll-4.1.63.Final.jar:/home/runner/.m2/repository/io/netty/netty-common/4.1.63.Final/netty-common-4.1.63.Final.jar:/home/runner/.m2/repository/io/netty/netty-buffer/4.1.63.Final/netty-buffer-4.1.63.Final.jar:/home/runner/.m2/repository/io/netty/netty-transport-native-unix-common/4.1.63.Final/netty-transport-native-unix-common-4.1.63.Final.jar:/home/runner/.m2/repository/io/grpc/grpc-protobuf/1.33.0/grpc-protobuf-1.33.0.jar:/home/runner/.m2/repository/io/grpc/grpc-api/1.33.0/grpc-api-1.33.0.jar:/home/runner/.m2/repository/io/grpc/grpc-context/1.33.0/grpc-context-1.33.0.jar:/home/runner/.m2/repository/com/google/api/grpc/proto-google-common-protos/1.17.0/proto-google-common-protos-1.17.0.jar:/home/runner/.m2/repository/io/grpc/grpc-protobuf-lite/1.33.0/grpc-protobuf-lite-1.33.0.jar:/home/runner/.m2/repository/io/grpc/grpc-stub/1.33.0/grpc-stub-1.33.0.jar:/home/runner/.m2/repository/org/apache/ozone/ozone-recon/1.2.0-SNAPSHOT/ozone-recon-1.2.0-SNAPSHOT.jar:/home/runner/.m2/repository/org/apache/ozone/ozone-reconcodegen/1.2.0-SNAPSHOT/ozone-reconcodegen-1.2.0-SNAPSHOT.jar:/home/runner/.m2/repository/com/google/inject/extensions/guice-multibindings/4.0/guice-multibindings-4.0.jar:/home/runner/.m2/repository/com/google/inject/guice/4.0/guice-4.0.jar:/home/runner/.m2/repository/aopalliance/aopalliance/1.0/aopalliance-1.0.jar:/home/runner/.m2/repository/com/google/inject/extensions/guice-assistedinject/4.0/guice-assistedinject-4.0.jar:/home/runner/.m2/repository/com/google/inject/extensions/guice-servlet/4.0/guice-servlet-4.0.jar:/home/runner/.m2/repository/org/glassfish/jersey/containers/jersey-container-servlet/2.33/jersey-container-servlet-2.33.jar:/home/runner/.m2/repository/org/glassfish/hk2/guice-bridge/2.5.0/guice-bridge-2.5.0.jar:/home/runner/.m2/repository/org/glassfish/jersey/core/jersey-server/2.33/jersey-server-2.33.jar:/home/runner/.m2/repository/org/glassfish/jersey/core/jersey-client/2.33/jersey-client-2.33.jar:/home/runner/.m2/repository/jakarta/annotation/jakarta.annotation-api/1.3.5/jakarta.annotation-api-1.3.5.jar:/home/runner/.m2/repository/jakarta/validation/jakarta.validation-api/2.0.2/jakarta.validation-api-2.0.2.jar:/home/runner/.m2/repository/org/glassfish/jersey/media/jersey-media-json-jackson/2.33/jersey-media-json-jackson-2.33.jar:/home/runner/.m2/repository/org/glassfish/jersey/ext/jersey-entity-filtering/2.33/jersey-entity-filtering-2.33.jar:/home/runner/.m2/repository/org/jooq/jooq/3.11.10/jooq-3.11.10.jar:/home/runner/.m2/repository/org/jooq/jooq-meta/3.11.10/jooq-meta-3.11.10.jar:/home/runner/.m2/repository/org/jooq/jooq-codegen/3.11.10/jooq-codegen-3.11.10.jar:/home/runner/.m2/repository/com/jolbox/bonecp/0.8.0.RELEASE/bonecp-0.8.0.RELEASE.jar:/home/runner/.m2/repository/org/apache/derby/derby/10.14.2.0/derby-10.14.2.0.jar:/home/runner/.m2/repository/org/xerial/sqlite-jdbc/3.25.2/sqlite-jdbc-3.25.2.jar:/home/runner/.m2/repository/org/springframework/spring-jdbc/5.2.17.RELEASE/spring-jdbc-5.2.17.RELEASE.jar:/home/runner/.m2/repository/org/springframework/spring-beans/5.2.17.RELEASE/spring-beans-5.2.17.RELEASE.jar:/home/runner/.m2/repository/org/springframework/spring-core/5.2.17.RELEASE/spring-core-5.2.17.RELEASE.jar:/home/runner/.m2/repository/org/springframework/spring-jcl/5.2.17.RELEASE/spring-jcl-5.2.17.RELEASE.jar:/home/runner/.m2/repository/org/springframework/spring-tx/5.2.17.RELEASE/spring-tx-5.2.17.RELEASE.jar:/home/runner/.m2/repository/org/apache/ozone/ozone-client/1.2.0-SNAPSHOT/ozone-client-1.2.0-SNAPSHOT.jar:/home/runner/.m2/repository/org/apache/ozone/ozone-filesystem/1.2.0-SNAPSHOT/ozone-filesystem-1.2.0-SNAPSHOT.jar:/home/runner/.m2/repository/org/apache/ozone/ozone-filesystem-common/1.2.0-SNAPSHOT/ozone-filesystem-common-1.2.0-SNAPSHOT.jar:/home/runner/.m2/repository/org/apache/ozone/ozone-tools/1.2.0-SNAPSHOT/ozone-tools-1.2.0-SNAPSHOT.jar:/home/runner/.m2/repository/org/apache/ratis/ratis-tools/2.2.0/ratis-tools-2.2.0.jar:/home/runner/.m2/repository/com/amazonaws/aws-java-sdk-core/1.11.1034/aws-java-sdk-core-1.11.1034.jar:/home/runner/.m2/repository/org/apache/httpcomponents/httpclient/4.5.13/httpclient-4.5.13.jar:/home/runner/.m2/repository/org/apache/httpcomponents/httpcore/4.4.13/httpcore-4.4.13.jar:/home/runner/.m2/repository/software/amazon/ion/ion-java/1.0.2/ion-java-1.0.2.jar:/home/runner/.m2/repository/com/fasterxml/jackson/dataformat/jackson-dataformat-cbor/2.12.1/jackson-dataformat-cbor-2.12.1.jar:/home/runner/.m2/repository/joda-time/joda-time/2.8.1/joda-time-2.8.1.jar:/home/runner/.m2/repository/com/amazonaws/aws-java-sdk-s3/1.11.1034/aws-java-sdk-s3-1.11.1034.jar:/home/runner/.m2/repository/com/amazonaws/aws-java-sdk-kms/1.11.1034/aws-java-sdk-kms-1.11.1034.jar:/home/runner/.m2/repository/com/amazonaws/jmespath-java/1.11.1034/jmespath-java-1.11.1034.jar:/home/runner/.m2/repository/org/kohsuke/metainf-services/metainf-services/1.8/metainf-services-1.8.jar:/home/runner/.m2/repository/org/apache/ozone/hdds-tools/1.2.0-SNAPSHOT/hdds-tools-1.2.0-SNAPSHOT.jar:/home/runner/.m2/repository/commons-cli/commons-cli/1.2/commons-cli-1.2.jar:/home/runner/.m2/repository/org/apache/commons/commons-lang3/3.7/commons-lang3-3.7.jar:/home/runner/.m2/repository/org/apache/ozone/ozone-manager/1.2.0-SNAPSHOT/ozone-manager-1.2.0-SNAPSHOT-tests.jar:/home/runner/.m2/repository/org/apache/ozone/hdds-common/1.2.0-SNAPSHOT/hdds-common-1.2.0-SNAPSHOT-tests.jar:/home/runner/.m2/repository/org/apache/ozone/hdds-hadoop-dependency-client/1.2.0-SNAPSHOT/hdds-hadoop-dependency-client-1.2.0-SNAPSHOT.jar:/home/runner/.m2/repository/info/picocli/picocli/4.6.1/picocli-4.6.1.jar:/home/runner/.m2/repository/com/fasterxml/jackson/core/jackson-annotations/2.12.1/jackson-annotations-2.12.1.jar:/home/runner/.m2/repository/javax/annotation/javax.annotation-api/1.2/javax.annotation-api-1.2.jar:/home/runner/.m2/repository/org/apache/ratis/ratis-server/2.2.0/ratis-server-2.2.0.jar:/home/runner/.m2/repository/org/apache/ratis/ratis-client/2.2.0/ratis-client-2.2.0.jar:/home/runner/.m2/repository/org/apache/ratis/ratis-server-api/2.2.0/ratis-server-api-2.2.0.jar:/home/runner/.m2/repository/org/apache/ratis/ratis-metrics/2.2.0/ratis-metrics-2.2.0.jar:/home/runner/.m2/repository/org/apache/ratis/ratis-netty/2.2.0/ratis-netty-2.2.0.jar:/home/runner/.m2/repository/org/apache/ratis/ratis-grpc/2.2.0/ratis-grpc-2.2.0.jar:/home/runner/.m2/repository/org/apache/logging/log4j/log4j-api/2.13.3/log4j-api-2.13.3.jar:/home/runner/.m2/repository/org/apache/logging/log4j/log4j-core/2.13.3/log4j-core-2.13.3.jar:/home/runner/.m2/repository/com/lmax/disruptor/3.4.2/disruptor-3.4.2.jar:/home/runner/.m2/repository/org/apache/commons/commons-pool2/2.6.0/commons-pool2-2.6.0.jar:/home/runner/.m2/repository/org/bouncycastle/bcpkix-jdk15on/1.67/bcpkix-jdk15on-1.67.jar:/home/runner/.m2/repository/commons-validator/commons-validator/1.6/commons-validator-1.6.jar:/home/runner/.m2/repository/commons-beanutils/commons-beanutils/1.9.4/commons-beanutils-1.9.4.jar:/home/runner/.m2/repository/commons-digester/commons-digester/1.8.1/commons-digester-1.8.1.jar:/home/runner/.m2/repository/commons-collections/commons-collections/3.2.2/commons-collections-3.2.2.jar:/home/runner/.m2/repository/io/jaegertracing/jaeger-client/1.6.0/jaeger-client-1.6.0.jar:/home/runner/.m2/repository/io/jaegertracing/jaeger-thrift/1.6.0/jaeger-thrift-1.6.0.jar:/home/runner/.m2/repository/org/apache/thrift/libthrift/0.14.1/libthrift-0.14.1.jar:/home/runner/.m2/repository/com/squareup/okhttp3/okhttp/4.9.0/okhttp-4.9.0.jar:/home/runner/.m2/repository/com/squareup/okio/okio/2.8.0/okio-2.8.0.jar:/home/runner/.m2/repository/io/jaegertracing/jaeger-core/1.6.0/jaeger-core-1.6.0.jar:/home/runner/.m2/repository/io/jaegertracing/jaeger-tracerresolver/1.6.0/jaeger-tracerresolver-1.6.0.jar:/home/runner/.m2/repository/io/opentracing/contrib/opentracing-tracerresolver/0.1.8/opentracing-tracerresolver-0.1.8.jar:/home/runner/.m2/repository/org/jetbrains/kotlin/kotlin-stdlib/1.4.31/kotlin-stdlib-1.4.31.jar:/home/runner/.m2/repository/org/jetbrains/kotlin/kotlin-stdlib-common/1.4.31/kotlin-stdlib-common-1.4.31.jar:/home/runner/.m2/repository/org/jetbrains/annotations/13.0/annotations-13.0.jar:/home/runner/.m2/repository/io/opentracing/opentracing-util/0.33.0/opentracing-util-0.33.0.jar:/home/runner/.m2/repository/io/opentracing/opentracing-api/0.33.0/opentracing-api-0.33.0.jar:/home/runner/.m2/repository/io/opentracing/opentracing-noop/0.33.0/opentracing-noop-0.33.0.jar:/home/runner/.m2/repository/org/yaml/snakeyaml/1.26/snakeyaml-1.26.jar:/home/runner/.m2/repository/org/apache/ozone/hdds-interface-admin/1.2.0-SNAPSHOT/hdds-interface-admin-1.2.0-SNAPSHOT.jar:/home/runner/.m2/repository/junit/junit/4.13.1/junit-4.13.1.jar:/home/runner/.m2/repository/org/hamcrest/hamcrest-core/1.3/hamcrest-core-1.3.jar:/home/runner/.m2/repository/org/junit/jupiter/junit-jupiter-api/5.7.0/junit-jupiter-api-5.7.0.jar:/home/runner/.m2/repository/org/apiguardian/apiguardian-api/1.1.0/apiguardian-api-1.1.0.jar:/home/runner/.m2/repository/org/opentest4j/opentest4j/1.2.0/opentest4j-1.2.0.jar:/home/runner/.m2/repository/org/junit/platform/junit-platform-commons/1.7.0/junit-platform-commons-1.7.0.jar:/home/runner/.m2/repository/org/junit/jupiter/junit-jupiter-engine/5.7.0/junit-jupiter-engine-5.7.0.jar:/home/runner/.m2/repository/org/junit/platform/junit-platform-engine/1.7.0/junit-platform-engine-1.7.0.jar:/home/runner/.m2/repository/org/junit/vintage/junit-vintage-engine/5.7.0/junit-vintage-engine-5.7.0.jar:/home/runner/.m2/repository/org/junit/platform/junit-platform-launcher/1.7.0/junit-platform-launcher-1.7.0.jar:/home/runner/.m2/repository/org/openjdk/jmh/jmh-core/1.19/jmh-core-1.19.jar:/home/runner/.m2/repository/net/sf/jopt-simple/jopt-simple/4.6/jopt-simple-4.6.jar:/home/runner/.m2/repository/org/apache/commons/commons-math3/3.1.1/commons-math3-3.1.1.jar:/home/runner/.m2/repository/org/openjdk/jmh/jmh-generator-annprocess/1.19/jmh-generator-annprocess-1.19.jar:/home/runner/.m2/repository/org/mockito/mockito-core/2.28.2/mockito-core-2.28.2.jar:/home/runner/.m2/repository/net/bytebuddy/byte-buddy/1.9.10/byte-buddy-1.9.10.jar:/home/runner/.m2/repository/net/bytebuddy/byte-buddy-agent/1.9.10/byte-buddy-agent-1.9.10.jar:/home/runner/.m2/repository/org/objenesis/objenesis/1.0/objenesis-1.0.jar:/home/runner/.m2/repository/org/apache/hadoop/hadoop-kms/3.3.1/hadoop-kms-3.3.1.jar:/home/runner/.m2/repository/org/apache/hadoop/hadoop-auth/3.3.1/hadoop-auth-3.3.1.jar:/home/runner/.m2/repository/com/nimbusds/nimbus-jose-jwt/7.9/nimbus-jose-jwt-7.9.jar:/home/runner/.m2/repository/com/github/stephenc/jcip/jcip-annotations/1.0-1/jcip-annotations-1.0-1.jar:/home/runner/.m2/repository/net/minidev/json-smart/2.3.1/json-smart-2.3.1.jar:/home/runner/.m2/repository/net/minidev/accessors-smart/2.3.1/accessors-smart-2.3.1.jar:/home/runner/.m2/repository/org/ow2/asm/asm/5.0.4/asm-5.0.4.jar:/home/runner/.m2/repository/org/apache/zookeeper/zookeeper/3.5.6/zookeeper-3.5.6.jar:/home/runner/.m2/repository/org/apache/zookeeper/zookeeper-jute/3.5.6/zookeeper-jute-3.5.6.jar:/home/runner/.m2/repository/org/apache/yetus/audience-annotations/0.5.0/audience-annotations-0.5.0.jar:/home/runner/.m2/repository/org/apache/curator/curator-framework/4.2.0/curator-framework-4.2.0.jar:/home/runner/.m2/repository/org/apache/hadoop/thirdparty/hadoop-shaded-guava/1.1.1/hadoop-shaded-guava-1.1.1.jar:/home/runner/.m2/repository/com/sun/jersey/jersey-core/1.19/jersey-core-1.19.jar:/home/runner/.m2/repository/javax/ws/rs/jsr311-api/1.1.1/jsr311-api-1.1.1.jar:/home/runner/.m2/repository/com/sun/jersey/jersey-server/1.19/jersey-server-1.19.jar:/home/runner/.m2/repository/javax/servlet/javax.servlet-api/3.1.0/javax.servlet-api-3.1.0.jar:/home/runner/.m2/repository/org/eclipse/jetty/jetty-server/9.4.43.v20210629/jetty-server-9.4.43.v20210629.jar:/home/runner/.m2/repository/org/eclipse/jetty/jetty-http/9.4.43.v20210629/jetty-http-9.4.43.v20210629.jar:/home/runner/.m2/repository/org/eclipse/jetty/jetty-io/9.4.43.v20210629/jetty-io-9.4.43.v20210629.jar:/home/runner/.m2/repository/org/eclipse/jetty/jetty-webapp/9.4.43.v20210629/jetty-webapp-9.4.43.v20210629.jar:/home/runner/.m2/repository/org/eclipse/jetty/jetty-xml/9.4.43.v20210629/jetty-xml-9.4.43.v20210629.jar:/home/runner/.m2/repository/org/apache/hadoop/hadoop-common/3.3.1/hadoop-common-3.3.1.jar:/home/runner/.m2/repository/commons-net/commons-net/3.6/commons-net-3.6.jar:/home/runner/.m2/repository/jakarta/activation/jakarta.activation-api/1.2.1/jakarta.activation-api-1.2.1.jar:/home/runner/.m2/repository/com/sun/jersey/jersey-servlet/1.19/jersey-servlet-1.19.jar:/home/runner/.m2/repository/com/sun/jersey/jersey-json/1.19/jersey-json-1.19.jar:/home/runner/.m2/repository/org/codehaus/jettison/jettison/1.1/jettison-1.1.jar:/home/runner/.m2/repository/com/sun/xml/bind/jaxb-impl/2.2.3-1/jaxb-impl-2.2.3-1.jar:/home/runner/.m2/repository/org/codehaus/jackson/jackson-jaxrs/1.9.2/jackson-jaxrs-1.9.2.jar:/home/runner/.m2/repository/org/codehaus/jackson/jackson-xc/1.9.2/jackson-xc-1.9.2.jar:/home/runner/.m2/repository/org/apache/commons/commons-configuration2/2.1.1/commons-configuration2-2.1.1.jar:/home/runner/.m2/repository/org/apache/commons/commons-text/1.4/commons-text-1.4.jar:/home/runner/.m2/repository/com/google/re2j/re2j/1.1/re2j-1.1.jar:/home/runner/.m2/repository/com/jcraft/jsch/0.1.54/jsch-0.1.54.jar:/home/runner/.m2/repository/org/apache/curator/curator-client/4.2.0/curator-client-4.2.0.jar:/home/runner/.m2/repository/org/apache/curator/curator-recipes/4.2.0/curator-recipes-4.2.0.jar:/home/runner/.m2/repository/org/apache/kerby/kerb-core/1.0.1/kerb-core-1.0.1.jar:/home/runner/.m2/repository/org/apache/kerby/kerby-pkix/1.0.1/kerby-pkix-1.0.1.jar:/home/runner/.m2/repository/org/apache/kerby/kerby-asn1/1.0.1/kerby-asn1-1.0.1.jar:/home/runner/.m2/repository/org/apache/kerby/kerby-util/1.0.1/kerby-util-1.0.1.jar:/home/runner/.m2/repository/dnsjava/dnsjava/2.1.7/dnsjava-2.1.7.jar:/home/runner/.m2/repository/org/xerial/snappy/snappy-java/1.1.8.2/snappy-java-1.1.8.2.jar:/home/runner/.m2/repository/org/slf4j/jul-to-slf4j/1.7.30/jul-to-slf4j-1.7.30.jar:/home/runner/.m2/repository/org/eclipse/jetty/jetty-util/9.4.43.v20210629/jetty-util-9.4.43.v20210629.jar:/home/runner/.m2/repository/com/fasterxml/jackson/core/jackson-databind/2.12.1/jackson-databind-2.12.1.jar:/home/runner/.m2/repository/org/apache/hadoop/hadoop-kms/3.3.1/hadoop-kms-3.3.1-tests.jar:/home/runner/.m2/repository/org/apache/ozone/hdds-server-scm/1.2.0-SNAPSHOT/hdds-server-scm-1.2.0-SNAPSHOT-tests.jar:/home/runner/.m2/repository/org/apache/ozone/hdds-container-service/1.2.0-SNAPSHOT/hdds-container-service-1.2.0-SNAPSHOT-tests.jar:/home/runner/.m2/repository/commons-codec/commons-codec/1.11/commons-codec-1.11.jar:/home/runner/.m2/repository/io/netty/netty-transport/4.1.63.Final/netty-transport-4.1.63.Final.jar:/home/runner/.m2/repository/io/netty/netty-resolver/4.1.63.Final/netty-resolver-4.1.63.Final.jar:/home/runner/.m2/repository/io/netty/netty-codec/4.1.63.Final/netty-codec-4.1.63.Final.jar:/home/runner/.m2/repository/io/netty/netty-handler/4.1.63.Final/netty-handler-4.1.63.Final.jar:/home/runner/.m2/repository/org/apache/ozone/hdds-hadoop-dependency-test/1.2.0-SNAPSHOT/hdds-hadoop-dependency-test-1.2.0-SNAPSHOT.jar:/home/runner/.m2/repository/org/apache/hadoop/hadoop-common/3.3.1/hadoop-common-3.3.1-tests.jar:/home/runner/.m2/repository/org/assertj/assertj-core/3.12.2/assertj-core-3.12.2.jar:/home/runner/.m2/repository/org/apache/hadoop/hadoop-hdfs/3.3.1/hadoop-hdfs-3.3.1-tests.jar:/home/runner/.m2/repository/org/eclipse/jetty/jetty-util-ajax/9.4.43.v20210629/jetty-util-ajax-9.4.43.v20210629.jar:/home/runner/.m2/repository/commons-daemon/commons-daemon/1.0.13/commons-daemon-1.0.13.jar:/home/runner/.m2/repository/io/netty/netty/3.10.6.Final/netty-3.10.6.Final.jar:/home/runner/.m2/repository/io/netty/netty-all/4.1.63.Final/netty-all-4.1.63.Final.jar:/home/runner/.m2/repository/org/apache/htrace/htrace-core4/4.1.0-incubating/htrace-core4-4.1.0-incubating.jar:/home/runner/.m2/repository/org/fusesource/leveldbjni/leveldbjni-all/1.8/leveldbjni-all-1.8.jar:/home/runner/.m2/repository/org/apache/hadoop/hadoop-distcp/3.3.1/hadoop-distcp-3.3.1.jar:/home/runner/.m2/repository/org/apache/hadoop/hadoop-mapreduce-client-jobclient/3.3.1/hadoop-mapreduce-client-jobclient-3.3.1.jar:/home/runner/.m2/repository/org/apache/hadoop/hadoop-mapreduce-client-common/3.3.1/hadoop-mapreduce-client-common-3.3.1.jar:/home/runner/.m2/repository/org/apache/hadoop/hadoop-yarn-common/3.3.1/hadoop-yarn-common-3.3.1.jar:/home/runner/.m2/repository/org/apache/hadoop/hadoop-yarn-api/3.3.1/hadoop-yarn-api-3.3.1.jar:/home/runner/.m2/repository/com/sun/jersey/jersey-client/1.19/jersey-client-1.19.jar:/home/runner/.m2/repository/com/sun/jersey/contribs/jersey-guice/1.19/jersey-guice-1.19.jar:/home/runner/.m2/repository/com/fasterxml/jackson/jaxrs/jackson-jaxrs-json-provider/2.12.1/jackson-jaxrs-json-provider-2.12.1.jar:/home/runner/.m2/repository/com/fasterxml/jackson/jaxrs/jackson-jaxrs-base/2.12.1/jackson-jaxrs-base-2.12.1.jar:/home/runner/.m2/repository/org/apache/hadoop/hadoop-yarn-client/3.3.1/hadoop-yarn-client-3.3.1.jar:/home/runner/.m2/repository/org/eclipse/jetty/websocket/websocket-client/9.4.40.v20210413/websocket-client-9.4.40.v20210413.jar:/home/runner/.m2/repository/org/eclipse/jetty/jetty-client/9.4.40.v20210413/jetty-client-9.4.40.v20210413.jar:/home/runner/.m2/repository/org/eclipse/jetty/websocket/websocket-common/9.4.40.v20210413/websocket-common-9.4.40.v20210413.jar:/home/runner/.m2/repository/org/eclipse/jetty/websocket/websocket-api/9.4.40.v20210413/websocket-api-9.4.40.v20210413.jar:/home/runner/.m2/repository/org/jline/jline/3.9.0/jline-3.9.0.jar:/home/runner/.m2/repository/org/apache/hadoop/hadoop-mapreduce-client-core/3.3.1/hadoop-mapreduce-client-core-3.3.1.jar:/home/runner/.m2/repository/org/apache/avro/avro/1.7.7/avro-1.7.7.jar:/home/runner/.m2/repository/org/codehaus/jackson/jackson-core-asl/1.9.13/jackson-core-asl-1.9.13.jar:/home/runner/.m2/repository/org/codehaus/jackson/jackson-mapper-asl/1.9.13/jackson-mapper-asl-1.9.13.jar:/home/runner/.m2/repository/com/thoughtworks/paranamer/paranamer/2.3/paranamer-2.3.jar:/home/runner/.m2/repository/org/apache/hadoop/hadoop-annotations/3.3.1/hadoop-annotations-3.3.1.jar:/usr/lib/jvm/adoptopenjdk-8-hotspot-amd64/jre/../lib/tools.jar:/home/runner/.m2/repository/org/apache/hadoop/hadoop-distcp/3.3.1/hadoop-distcp-3.3.1-tests.jar:/home/runner/.m2/repository/org/apache/ratis/ratis-common/2.2.0/ratis-common-2.2.0.jar:/home/runner/.m2/repository/org/apache/ratis/ratis-thirdparty-misc/0.7.0/ratis-thirdparty-misc-0.7.0.jar:/home/runner/.m2/repository/org/apache/ratis/ratis-proto/2.2.0/ratis-proto-2.2.0.jar:"/>
    <property name="java.vm.vendor" value="AdoptOpenJDK"/>
    <property name="sun.arch.data.model" value="64"/>
    <property name="test.build.dir" value="/home/runner/work/ozone/ozone/hadoop-ozone/integration-test/target/test-dir"/>
    <property name="test.cache.data" value=""/>
    <property name="java.vendor.url" value="https://adoptopenjdk.net/"/>
    <property name="user.timezone" value=""/>
    <property name="java.vm.specification.version" value="1.8"/>
    <property name="os.name" value="Linux"/>
    <property name="test.build.data" value="/home/runner/work/ozone/ozone/hadoop-ozone/integration-test/target/test-dir"/>
    <property name="sun.java.launcher" value="SUN_STANDARD"/>
    <property name="sun.boot.library.path" value="/usr/lib/jvm/adoptopenjdk-8-hotspot-amd64/jre/lib/amd64"/>
    <property name="sun.java.command" value="/home/runner/work/ozone/ozone/hadoop-ozone/integration-test/target/surefire/surefirebooter5101588795244205298.jar /home/runner/work/ozone/ozone/hadoop-ozone/integration-test/target/surefire 2021-10-24T12-48-39_944-jvmRun1 surefire831047788241044937tmp surefire_14788486194798685046tmp"/>
    <property name="surefire.test.class.path" value="/home/runner/work/ozone/ozone/hadoop-ozone/integration-test/target/test-classes:/home/runner/work/ozone/ozone/hadoop-ozone/integration-test/target/classes:/home/runner/.m2/repository/org/apache/ozone/ozone-common/1.2.0-SNAPSHOT/ozone-common-1.2.0-SNAPSHOT.jar:/home/runner/.m2/repository/org/apache/commons/commons-compress/1.21/commons-compress-1.21.jar:/home/runner/.m2/repository/org/apache/ozone/hdds-common/1.2.0-SNAPSHOT/hdds-common-1.2.0-SNAPSHOT.jar:/home/runner/.m2/repository/org/apache/ozone/hdds-client/1.2.0-SNAPSHOT/hdds-client-1.2.0-SNAPSHOT.jar:/home/runner/.m2/repository/org/apache/ozone/ozone-interface-client/1.2.0-SNAPSHOT/ozone-interface-client-1.2.0-SNAPSHOT.jar:/home/runner/.m2/repository/org/apache/ozone/hdds-server-framework/1.2.0-SNAPSHOT/hdds-server-framework-1.2.0-SNAPSHOT.jar:/home/runner/.m2/repository/org/apache/ozone/hdds-interface-server/1.2.0-SNAPSHOT/hdds-interface-server-1.2.0-SNAPSHOT.jar:/home/runner/.m2/repository/org/eclipse/jetty/jetty-servlet/9.4.43.v20210629/jetty-servlet-9.4.43.v20210629.jar:/home/runner/.m2/repository/org/eclipse/jetty/jetty-security/9.4.43.v20210629/jetty-security-9.4.43.v20210629.jar:/home/runner/.m2/repository/org/rocksdb/rocksdbjni/6.20.3/rocksdbjni-6.20.3.jar:/home/runner/.m2/repository/io/prometheus/simpleclient_dropwizard/0.7.0/simpleclient_dropwizard-0.7.0.jar:/home/runner/.m2/repository/io/prometheus/simpleclient/0.7.0/simpleclient-0.7.0.jar:/home/runner/.m2/repository/io/prometheus/simpleclient_common/0.7.0/simpleclient_common-0.7.0.jar:/home/runner/.m2/repository/com/fasterxml/jackson/datatype/jackson-datatype-jsr310/2.12.1/jackson-datatype-jsr310-2.12.1.jar:/home/runner/.m2/repository/org/apache/ozone/hdds-test-utils/1.2.0-SNAPSHOT/hdds-test-utils-1.2.0-SNAPSHOT.jar:/home/runner/.m2/repository/com/google/guava/guava/30.1.1-jre/guava-30.1.1-jre.jar:/home/runner/.m2/repository/com/google/guava/failureaccess/1.0.1/failureaccess-1.0.1.jar:/home/runner/.m2/repository/com/google/guava/listenablefuture/9999.0-empty-to-avoid-conflict-with-guava/listenablefuture-9999.0-empty-to-avoid-conflict-with-guava.jar:/home/runner/.m2/repository/com/google/code/findbugs/jsr305/3.0.0/jsr305-3.0.0.jar:/home/runner/.m2/repository/org/checkerframework/checker-qual/3.8.0/checker-qual-3.8.0.jar:/home/runner/.m2/repository/com/google/errorprone/error_prone_annotations/2.2.0/error_prone_annotations-2.2.0.jar:/home/runner/.m2/repository/com/google/j2objc/j2objc-annotations/1.3/j2objc-annotations-1.3.jar:/home/runner/.m2/repository/commons-io/commons-io/2.11.0/commons-io-2.11.0.jar:/home/runner/.m2/repository/commons-logging/commons-logging/1.2/commons-logging-1.2.jar:/home/runner/.m2/repository/log4j/log4j/1.2.17/log4j-1.2.17.jar:/home/runner/.m2/repository/org/slf4j/slf4j-api/1.7.30/slf4j-api-1.7.30.jar:/home/runner/.m2/repository/org/apache/ozone/hdds-server-scm/1.2.0-SNAPSHOT/hdds-server-scm-1.2.0-SNAPSHOT.jar:/home/runner/.m2/repository/org/apache/ozone/hdds-container-service/1.2.0-SNAPSHOT/hdds-container-service-1.2.0-SNAPSHOT.jar:/home/runner/.m2/repository/org/apache/ozone/hdds-hadoop-dependency-server/1.2.0-SNAPSHOT/hdds-hadoop-dependency-server-1.2.0-SNAPSHOT.jar:/home/runner/.m2/repository/org/apache/hadoop/hadoop-hdfs/3.3.1/hadoop-hdfs-3.3.1.jar:/home/runner/.m2/repository/io/dropwizard/metrics/metrics-core/3.2.4/metrics-core-3.2.4.jar:/home/runner/.m2/repository/org/apache/hadoop/hadoop-hdfs-client/3.3.1/hadoop-hdfs-client-3.3.1.jar:/home/runner/.m2/repository/org/bouncycastle/bcprov-jdk15on/1.67/bcprov-jdk15on-1.67.jar:/home/runner/.m2/repository/com/google/protobuf/protobuf-java/2.5.0/protobuf-java-2.5.0.jar:/home/runner/.m2/repository/org/apache/ozone/ozone-manager/1.2.0-SNAPSHOT/ozone-manager-1.2.0-SNAPSHOT.jar:/home/runner/.m2/repository/org/aspectj/aspectjrt/1.9.7/aspectjrt-1.9.7.jar:/home/runner/.m2/repository/org/aspectj/aspectjweaver/1.9.7/aspectjweaver-1.9.7.jar:/home/runner/.m2/repository/org/apache/ozone/hdds-interface-client/1.2.0-SNAPSHOT/hdds-interface-client-1.2.0-SNAPSHOT.jar:/home/runner/.m2/repository/org/apache/hadoop/thirdparty/hadoop-shaded-protobuf_3_7/1.1.1/hadoop-shaded-protobuf_3_7-1.1.1.jar:/home/runner/.m2/repository/org/apache/ozone/ozone-interface-storage/1.2.0-SNAPSHOT/ozone-interface-storage-1.2.0-SNAPSHOT.jar:/home/runner/.m2/repository/org/reflections/reflections/0.9.11/reflections-0.9.11.jar:/home/runner/.m2/repository/org/apache/hadoop/hadoop-minikdc/3.3.1/hadoop-minikdc-3.3.1.jar:/home/runner/.m2/repository/org/apache/kerby/kerb-simplekdc/1.0.1/kerb-simplekdc-1.0.1.jar:/home/runner/.m2/repository/org/apache/kerby/kerb-client/1.0.1/kerb-client-1.0.1.jar:/home/runner/.m2/repository/org/apache/kerby/kerby-config/1.0.1/kerby-config-1.0.1.jar:/home/runner/.m2/repository/org/apache/kerby/kerb-common/1.0.1/kerb-common-1.0.1.jar:/home/runner/.m2/repository/org/apache/kerby/kerb-crypto/1.0.1/kerb-crypto-1.0.1.jar:/home/runner/.m2/repository/org/apache/kerby/kerb-util/1.0.1/kerb-util-1.0.1.jar:/home/runner/.m2/repository/org/apache/kerby/token-provider/1.0.1/token-provider-1.0.1.jar:/home/runner/.m2/repository/org/apache/kerby/kerb-admin/1.0.1/kerb-admin-1.0.1.jar:/home/runner/.m2/repository/org/apache/kerby/kerb-server/1.0.1/kerb-server-1.0.1.jar:/home/runner/.m2/repository/org/apache/kerby/kerb-identity/1.0.1/kerb-identity-1.0.1.jar:/home/runner/.m2/repository/org/apache/kerby/kerby-xdr/1.0.1/kerby-xdr-1.0.1.jar:/home/runner/.m2/repository/org/slf4j/slf4j-log4j12/1.7.30/slf4j-log4j12-1.7.30.jar:/home/runner/.m2/repository/org/apache/ozone/ozone-s3gateway/1.2.0-SNAPSHOT/ozone-s3gateway-1.2.0-SNAPSHOT.jar:/home/runner/.m2/repository/org/javassist/javassist/3.21.0-GA/javassist-3.21.0-GA.jar:/home/runner/.m2/repository/org/jboss/weld/servlet/weld-servlet/2.4.7.Final/weld-servlet-2.4.7.Final.jar:/home/runner/.m2/repository/org/glassfish/jersey/containers/jersey-container-servlet-core/2.33/jersey-container-servlet-core-2.33.jar:/home/runner/.m2/repository/org/glassfish/hk2/external/jakarta.inject/2.6.1/jakarta.inject-2.6.1.jar:/home/runner/.m2/repository/org/glassfish/jersey/core/jersey-common/2.33/jersey-common-2.33.jar:/home/runner/.m2/repository/jakarta/ws/rs/jakarta.ws.rs-api/2.1.6/jakarta.ws.rs-api-2.1.6.jar:/home/runner/.m2/repository/org/glassfish/jersey/ext/cdi/jersey-cdi1x/2.33/jersey-cdi1x-2.33.jar:/home/runner/.m2/repository/org/glassfish/jersey/inject/jersey-hk2/2.33/jersey-hk2-2.33.jar:/home/runner/.m2/repository/org/glassfish/hk2/hk2-locator/2.6.1/hk2-locator-2.6.1.jar:/home/runner/.m2/repository/org/glassfish/jersey/media/jersey-media-jaxb/2.33/jersey-media-jaxb-2.33.jar:/home/runner/.m2/repository/org/glassfish/hk2/osgi-resource-locator/1.0.3/osgi-resource-locator-1.0.3.jar:/home/runner/.m2/repository/org/glassfish/hk2/hk2-api/2.5.0/hk2-api-2.5.0.jar:/home/runner/.m2/repository/org/glassfish/hk2/hk2-utils/2.5.0/hk2-utils-2.5.0.jar:/home/runner/.m2/repository/org/glassfish/hk2/external/aopalliance-repackaged/2.5.0/aopalliance-repackaged-2.5.0.jar:/home/runner/.m2/repository/com/fasterxml/jackson/dataformat/jackson-dataformat-xml/2.12.1/jackson-dataformat-xml-2.12.1.jar:/home/runner/.m2/repository/com/fasterxml/jackson/core/jackson-core/2.12.1/jackson-core-2.12.1.jar:/home/runner/.m2/repository/com/fasterxml/jackson/module/jackson-module-jaxb-annotations/2.12.1/jackson-module-jaxb-annotations-2.12.1.jar:/home/runner/.m2/repository/jakarta/xml/bind/jakarta.xml.bind-api/2.3.2/jakarta.xml.bind-api-2.3.2.jar:/home/runner/.m2/repository/org/codehaus/woodstox/stax2-api/3.1.4/stax2-api-3.1.4.jar:/home/runner/.m2/repository/com/fasterxml/woodstox/woodstox-core/5.0.3/woodstox-core-5.0.3.jar:/home/runner/.m2/repository/javax/enterprise/cdi-api/1.2/cdi-api-1.2.jar:/home/runner/.m2/repository/javax/el/javax.el-api/3.0.0/javax.el-api-3.0.0.jar:/home/runner/.m2/repository/javax/interceptor/javax.interceptor-api/1.2/javax.interceptor-api-1.2.jar:/home/runner/.m2/repository/javax/inject/javax.inject/1/javax.inject-1.jar:/home/runner/.m2/repository/javax/xml/bind/jaxb-api/2.3.0/jaxb-api-2.3.0.jar:/home/runner/.m2/repository/org/glassfish/jaxb/jaxb-runtime/2.3.0.1/jaxb-runtime-2.3.0.1.jar:/home/runner/.m2/repository/org/glassfish/jaxb/jaxb-core/2.3.0.1/jaxb-core-2.3.0.1.jar:/home/runner/.m2/repository/org/glassfish/jaxb/txw2/2.3.0.1/txw2-2.3.0.1.jar:/home/runner/.m2/repository/com/sun/istack/istack-commons-runtime/3.0.5/istack-commons-runtime-3.0.5.jar:/home/runner/.m2/repository/org/jvnet/staxex/stax-ex/1.7.8/stax-ex-1.7.8.jar:/home/runner/.m2/repository/com/sun/xml/fastinfoset/FastInfoset/1.2.13/FastInfoset-1.2.13.jar:/home/runner/.m2/repository/javax/activation/activation/1.1.1/activation-1.1.1.jar:/home/runner/.m2/repository/org/apache/ozone/ozone-csi/1.2.0-SNAPSHOT/ozone-csi-1.2.0-SNAPSHOT.jar:/home/runner/.m2/repository/com/google/protobuf/protobuf-java-util/3.12.0/protobuf-java-util-3.12.0.jar:/home/runner/.m2/repository/com/google/code/gson/gson/2.2.4/gson-2.2.4.jar:/home/runner/.m2/repository/org/apache/ozone/hdds-config/1.2.0-SNAPSHOT/hdds-config-1.2.0-SNAPSHOT.jar:/home/runner/.m2/repository/io/grpc/grpc-netty/1.33.0/grpc-netty-1.33.0.jar:/home/runner/.m2/repository/io/grpc/grpc-core/1.33.0/grpc-core-1.33.0.jar:/home/runner/.m2/repository/com/google/android/annotations/4.1.1.4/annotations-4.1.1.4.jar:/home/runner/.m2/repository/io/netty/netty-codec-http2/4.1.63.Final/netty-codec-http2-4.1.63.Final.jar:/home/runner/.m2/repository/io/netty/netty-codec-http/4.1.63.Final/netty-codec-http-4.1.63.Final.jar:/home/runner/.m2/repository/io/netty/netty-handler-proxy/4.1.63.Final/netty-handler-proxy-4.1.63.Final.jar:/home/runner/.m2/repository/io/netty/netty-codec-socks/4.1.63.Final/netty-codec-socks-4.1.63.Final.jar:/home/runner/.m2/repository/io/perfmark/perfmark-api/0.19.0/perfmark-api-0.19.0.jar:/home/runner/.m2/repository/org/codehaus/mojo/animal-sniffer-annotations/1.18/animal-sniffer-annotations-1.18.jar:/home/runner/.m2/repository/io/netty/netty-transport-native-epoll/4.1.63.Final/netty-transport-native-epoll-4.1.63.Final.jar:/home/runner/.m2/repository/io/netty/netty-common/4.1.63.Final/netty-common-4.1.63.Final.jar:/home/runner/.m2/repository/io/netty/netty-buffer/4.1.63.Final/netty-buffer-4.1.63.Final.jar:/home/runner/.m2/repository/io/netty/netty-transport-native-unix-common/4.1.63.Final/netty-transport-native-unix-common-4.1.63.Final.jar:/home/runner/.m2/repository/io/grpc/grpc-protobuf/1.33.0/grpc-protobuf-1.33.0.jar:/home/runner/.m2/repository/io/grpc/grpc-api/1.33.0/grpc-api-1.33.0.jar:/home/runner/.m2/repository/io/grpc/grpc-context/1.33.0/grpc-context-1.33.0.jar:/home/runner/.m2/repository/com/google/api/grpc/proto-google-common-protos/1.17.0/proto-google-common-protos-1.17.0.jar:/home/runner/.m2/repository/io/grpc/grpc-protobuf-lite/1.33.0/grpc-protobuf-lite-1.33.0.jar:/home/runner/.m2/repository/io/grpc/grpc-stub/1.33.0/grpc-stub-1.33.0.jar:/home/runner/.m2/repository/org/apache/ozone/ozone-recon/1.2.0-SNAPSHOT/ozone-recon-1.2.0-SNAPSHOT.jar:/home/runner/.m2/repository/org/apache/ozone/ozone-reconcodegen/1.2.0-SNAPSHOT/ozone-reconcodegen-1.2.0-SNAPSHOT.jar:/home/runner/.m2/repository/com/google/inject/extensions/guice-multibindings/4.0/guice-multibindings-4.0.jar:/home/runner/.m2/repository/com/google/inject/guice/4.0/guice-4.0.jar:/home/runner/.m2/repository/aopalliance/aopalliance/1.0/aopalliance-1.0.jar:/home/runner/.m2/repository/com/google/inject/extensions/guice-assistedinject/4.0/guice-assistedinject-4.0.jar:/home/runner/.m2/repository/com/google/inject/extensions/guice-servlet/4.0/guice-servlet-4.0.jar:/home/runner/.m2/repository/org/glassfish/jersey/containers/jersey-container-servlet/2.33/jersey-container-servlet-2.33.jar:/home/runner/.m2/repository/org/glassfish/hk2/guice-bridge/2.5.0/guice-bridge-2.5.0.jar:/home/runner/.m2/repository/org/glassfish/jersey/core/jersey-server/2.33/jersey-server-2.33.jar:/home/runner/.m2/repository/org/glassfish/jersey/core/jersey-client/2.33/jersey-client-2.33.jar:/home/runner/.m2/repository/jakarta/annotation/jakarta.annotation-api/1.3.5/jakarta.annotation-api-1.3.5.jar:/home/runner/.m2/repository/jakarta/validation/jakarta.validation-api/2.0.2/jakarta.validation-api-2.0.2.jar:/home/runner/.m2/repository/org/glassfish/jersey/media/jersey-media-json-jackson/2.33/jersey-media-json-jackson-2.33.jar:/home/runner/.m2/repository/org/glassfish/jersey/ext/jersey-entity-filtering/2.33/jersey-entity-filtering-2.33.jar:/home/runner/.m2/repository/org/jooq/jooq/3.11.10/jooq-3.11.10.jar:/home/runner/.m2/repository/org/jooq/jooq-meta/3.11.10/jooq-meta-3.11.10.jar:/home/runner/.m2/repository/org/jooq/jooq-codegen/3.11.10/jooq-codegen-3.11.10.jar:/home/runner/.m2/repository/com/jolbox/bonecp/0.8.0.RELEASE/bonecp-0.8.0.RELEASE.jar:/home/runner/.m2/repository/org/apache/derby/derby/10.14.2.0/derby-10.14.2.0.jar:/home/runner/.m2/repository/org/xerial/sqlite-jdbc/3.25.2/sqlite-jdbc-3.25.2.jar:/home/runner/.m2/repository/org/springframework/spring-jdbc/5.2.17.RELEASE/spring-jdbc-5.2.17.RELEASE.jar:/home/runner/.m2/repository/org/springframework/spring-beans/5.2.17.RELEASE/spring-beans-5.2.17.RELEASE.jar:/home/runner/.m2/repository/org/springframework/spring-core/5.2.17.RELEASE/spring-core-5.2.17.RELEASE.jar:/home/runner/.m2/repository/org/springframework/spring-jcl/5.2.17.RELEASE/spring-jcl-5.2.17.RELEASE.jar:/home/runner/.m2/repository/org/springframework/spring-tx/5.2.17.RELEASE/spring-tx-5.2.17.RELEASE.jar:/home/runner/.m2/repository/org/apache/ozone/ozone-client/1.2.0-SNAPSHOT/ozone-client-1.2.0-SNAPSHOT.jar:/home/runner/.m2/repository/org/apache/ozone/ozone-filesystem/1.2.0-SNAPSHOT/ozone-filesystem-1.2.0-SNAPSHOT.jar:/home/runner/.m2/repository/org/apache/ozone/ozone-filesystem-common/1.2.0-SNAPSHOT/ozone-filesystem-common-1.2.0-SNAPSHOT.jar:/home/runner/.m2/repository/org/apache/ozone/ozone-tools/1.2.0-SNAPSHOT/ozone-tools-1.2.0-SNAPSHOT.jar:/home/runner/.m2/repository/org/apache/ratis/ratis-tools/2.2.0/ratis-tools-2.2.0.jar:/home/runner/.m2/repository/com/amazonaws/aws-java-sdk-core/1.11.1034/aws-java-sdk-core-1.11.1034.jar:/home/runner/.m2/repository/org/apache/httpcomponents/httpclient/4.5.13/httpclient-4.5.13.jar:/home/runner/.m2/repository/org/apache/httpcomponents/httpcore/4.4.13/httpcore-4.4.13.jar:/home/runner/.m2/repository/software/amazon/ion/ion-java/1.0.2/ion-java-1.0.2.jar:/home/runner/.m2/repository/com/fasterxml/jackson/dataformat/jackson-dataformat-cbor/2.12.1/jackson-dataformat-cbor-2.12.1.jar:/home/runner/.m2/repository/joda-time/joda-time/2.8.1/joda-time-2.8.1.jar:/home/runner/.m2/repository/com/amazonaws/aws-java-sdk-s3/1.11.1034/aws-java-sdk-s3-1.11.1034.jar:/home/runner/.m2/repository/com/amazonaws/aws-java-sdk-kms/1.11.1034/aws-java-sdk-kms-1.11.1034.jar:/home/runner/.m2/repository/com/amazonaws/jmespath-java/1.11.1034/jmespath-java-1.11.1034.jar:/home/runner/.m2/repository/org/kohsuke/metainf-services/metainf-services/1.8/metainf-services-1.8.jar:/home/runner/.m2/repository/org/apache/ozone/hdds-tools/1.2.0-SNAPSHOT/hdds-tools-1.2.0-SNAPSHOT.jar:/home/runner/.m2/repository/commons-cli/commons-cli/1.2/commons-cli-1.2.jar:/home/runner/.m2/repository/org/apache/commons/commons-lang3/3.7/commons-lang3-3.7.jar:/home/runner/.m2/repository/org/apache/ozone/ozone-manager/1.2.0-SNAPSHOT/ozone-manager-1.2.0-SNAPSHOT-tests.jar:/home/runner/.m2/repository/org/apache/ozone/hdds-common/1.2.0-SNAPSHOT/hdds-common-1.2.0-SNAPSHOT-tests.jar:/home/runner/.m2/repository/org/apache/ozone/hdds-hadoop-dependency-client/1.2.0-SNAPSHOT/hdds-hadoop-dependency-client-1.2.0-SNAPSHOT.jar:/home/runner/.m2/repository/info/picocli/picocli/4.6.1/picocli-4.6.1.jar:/home/runner/.m2/repository/com/fasterxml/jackson/core/jackson-annotations/2.12.1/jackson-annotations-2.12.1.jar:/home/runner/.m2/repository/javax/annotation/javax.annotation-api/1.2/javax.annotation-api-1.2.jar:/home/runner/.m2/repository/org/apache/ratis/ratis-server/2.2.0/ratis-server-2.2.0.jar:/home/runner/.m2/repository/org/apache/ratis/ratis-client/2.2.0/ratis-client-2.2.0.jar:/home/runner/.m2/repository/org/apache/ratis/ratis-server-api/2.2.0/ratis-server-api-2.2.0.jar:/home/runner/.m2/repository/org/apache/ratis/ratis-metrics/2.2.0/ratis-metrics-2.2.0.jar:/home/runner/.m2/repository/org/apache/ratis/ratis-netty/2.2.0/ratis-netty-2.2.0.jar:/home/runner/.m2/repository/org/apache/ratis/ratis-grpc/2.2.0/ratis-grpc-2.2.0.jar:/home/runner/.m2/repository/org/apache/logging/log4j/log4j-api/2.13.3/log4j-api-2.13.3.jar:/home/runner/.m2/repository/org/apache/logging/log4j/log4j-core/2.13.3/log4j-core-2.13.3.jar:/home/runner/.m2/repository/com/lmax/disruptor/3.4.2/disruptor-3.4.2.jar:/home/runner/.m2/repository/org/apache/commons/commons-pool2/2.6.0/commons-pool2-2.6.0.jar:/home/runner/.m2/repository/org/bouncycastle/bcpkix-jdk15on/1.67/bcpkix-jdk15on-1.67.jar:/home/runner/.m2/repository/commons-validator/commons-validator/1.6/commons-validator-1.6.jar:/home/runner/.m2/repository/commons-beanutils/commons-beanutils/1.9.4/commons-beanutils-1.9.4.jar:/home/runner/.m2/repository/commons-digester/commons-digester/1.8.1/commons-digester-1.8.1.jar:/home/runner/.m2/repository/commons-collections/commons-collections/3.2.2/commons-collections-3.2.2.jar:/home/runner/.m2/repository/io/jaegertracing/jaeger-client/1.6.0/jaeger-client-1.6.0.jar:/home/runner/.m2/repository/io/jaegertracing/jaeger-thrift/1.6.0/jaeger-thrift-1.6.0.jar:/home/runner/.m2/repository/org/apache/thrift/libthrift/0.14.1/libthrift-0.14.1.jar:/home/runner/.m2/repository/com/squareup/okhttp3/okhttp/4.9.0/okhttp-4.9.0.jar:/home/runner/.m2/repository/com/squareup/okio/okio/2.8.0/okio-2.8.0.jar:/home/runner/.m2/repository/io/jaegertracing/jaeger-core/1.6.0/jaeger-core-1.6.0.jar:/home/runner/.m2/repository/io/jaegertracing/jaeger-tracerresolver/1.6.0/jaeger-tracerresolver-1.6.0.jar:/home/runner/.m2/repository/io/opentracing/contrib/opentracing-tracerresolver/0.1.8/opentracing-tracerresolver-0.1.8.jar:/home/runner/.m2/repository/org/jetbrains/kotlin/kotlin-stdlib/1.4.31/kotlin-stdlib-1.4.31.jar:/home/runner/.m2/repository/org/jetbrains/kotlin/kotlin-stdlib-common/1.4.31/kotlin-stdlib-common-1.4.31.jar:/home/runner/.m2/repository/org/jetbrains/annotations/13.0/annotations-13.0.jar:/home/runner/.m2/repository/io/opentracing/opentracing-util/0.33.0/opentracing-util-0.33.0.jar:/home/runner/.m2/repository/io/opentracing/opentracing-api/0.33.0/opentracing-api-0.33.0.jar:/home/runner/.m2/repository/io/opentracing/opentracing-noop/0.33.0/opentracing-noop-0.33.0.jar:/home/runner/.m2/repository/org/yaml/snakeyaml/1.26/snakeyaml-1.26.jar:/home/runner/.m2/repository/org/apache/ozone/hdds-interface-admin/1.2.0-SNAPSHOT/hdds-interface-admin-1.2.0-SNAPSHOT.jar:/home/runner/.m2/repository/junit/junit/4.13.1/junit-4.13.1.jar:/home/runner/.m2/repository/org/hamcrest/hamcrest-core/1.3/hamcrest-core-1.3.jar:/home/runner/.m2/repository/org/junit/jupiter/junit-jupiter-api/5.7.0/junit-jupiter-api-5.7.0.jar:/home/runner/.m2/repository/org/apiguardian/apiguardian-api/1.1.0/apiguardian-api-1.1.0.jar:/home/runner/.m2/repository/org/opentest4j/opentest4j/1.2.0/opentest4j-1.2.0.jar:/home/runner/.m2/repository/org/junit/platform/junit-platform-commons/1.7.0/junit-platform-commons-1.7.0.jar:/home/runner/.m2/repository/org/junit/jupiter/junit-jupiter-engine/5.7.0/junit-jupiter-engine-5.7.0.jar:/home/runner/.m2/repository/org/junit/platform/junit-platform-engine/1.7.0/junit-platform-engine-1.7.0.jar:/home/runner/.m2/repository/org/junit/vintage/junit-vintage-engine/5.7.0/junit-vintage-engine-5.7.0.jar:/home/runner/.m2/repository/org/junit/platform/junit-platform-launcher/1.7.0/junit-platform-launcher-1.7.0.jar:/home/runner/.m2/repository/org/openjdk/jmh/jmh-core/1.19/jmh-core-1.19.jar:/home/runner/.m2/repository/net/sf/jopt-simple/jopt-simple/4.6/jopt-simple-4.6.jar:/home/runner/.m2/repository/org/apache/commons/commons-math3/3.1.1/commons-math3-3.1.1.jar:/home/runner/.m2/repository/org/openjdk/jmh/jmh-generator-annprocess/1.19/jmh-generator-annprocess-1.19.jar:/home/runner/.m2/repository/org/mockito/mockito-core/2.28.2/mockito-core-2.28.2.jar:/home/runner/.m2/repository/net/bytebuddy/byte-buddy/1.9.10/byte-buddy-1.9.10.jar:/home/runner/.m2/repository/net/bytebuddy/byte-buddy-agent/1.9.10/byte-buddy-agent-1.9.10.jar:/home/runner/.m2/repository/org/objenesis/objenesis/1.0/objenesis-1.0.jar:/home/runner/.m2/repository/org/apache/hadoop/hadoop-kms/3.3.1/hadoop-kms-3.3.1.jar:/home/runner/.m2/repository/org/apache/hadoop/hadoop-auth/3.3.1/hadoop-auth-3.3.1.jar:/home/runner/.m2/repository/com/nimbusds/nimbus-jose-jwt/7.9/nimbus-jose-jwt-7.9.jar:/home/runner/.m2/repository/com/github/stephenc/jcip/jcip-annotations/1.0-1/jcip-annotations-1.0-1.jar:/home/runner/.m2/repository/net/minidev/json-smart/2.3.1/json-smart-2.3.1.jar:/home/runner/.m2/repository/net/minidev/accessors-smart/2.3.1/accessors-smart-2.3.1.jar:/home/runner/.m2/repository/org/ow2/asm/asm/5.0.4/asm-5.0.4.jar:/home/runner/.m2/repository/org/apache/zookeeper/zookeeper/3.5.6/zookeeper-3.5.6.jar:/home/runner/.m2/repository/org/apache/zookeeper/zookeeper-jute/3.5.6/zookeeper-jute-3.5.6.jar:/home/runner/.m2/repository/org/apache/yetus/audience-annotations/0.5.0/audience-annotations-0.5.0.jar:/home/runner/.m2/repository/org/apache/curator/curator-framework/4.2.0/curator-framework-4.2.0.jar:/home/runner/.m2/repository/org/apache/hadoop/thirdparty/hadoop-shaded-guava/1.1.1/hadoop-shaded-guava-1.1.1.jar:/home/runner/.m2/repository/com/sun/jersey/jersey-core/1.19/jersey-core-1.19.jar:/home/runner/.m2/repository/javax/ws/rs/jsr311-api/1.1.1/jsr311-api-1.1.1.jar:/home/runner/.m2/repository/com/sun/jersey/jersey-server/1.19/jersey-server-1.19.jar:/home/runner/.m2/repository/javax/servlet/javax.servlet-api/3.1.0/javax.servlet-api-3.1.0.jar:/home/runner/.m2/repository/org/eclipse/jetty/jetty-server/9.4.43.v20210629/jetty-server-9.4.43.v20210629.jar:/home/runner/.m2/repository/org/eclipse/jetty/jetty-http/9.4.43.v20210629/jetty-http-9.4.43.v20210629.jar:/home/runner/.m2/repository/org/eclipse/jetty/jetty-io/9.4.43.v20210629/jetty-io-9.4.43.v20210629.jar:/home/runner/.m2/repository/org/eclipse/jetty/jetty-webapp/9.4.43.v20210629/jetty-webapp-9.4.43.v20210629.jar:/home/runner/.m2/repository/org/eclipse/jetty/jetty-xml/9.4.43.v20210629/jetty-xml-9.4.43.v20210629.jar:/home/runner/.m2/repository/org/apache/hadoop/hadoop-common/3.3.1/hadoop-common-3.3.1.jar:/home/runner/.m2/repository/commons-net/commons-net/3.6/commons-net-3.6.jar:/home/runner/.m2/repository/jakarta/activation/jakarta.activation-api/1.2.1/jakarta.activation-api-1.2.1.jar:/home/runner/.m2/repository/com/sun/jersey/jersey-servlet/1.19/jersey-servlet-1.19.jar:/home/runner/.m2/repository/com/sun/jersey/jersey-json/1.19/jersey-json-1.19.jar:/home/runner/.m2/repository/org/codehaus/jettison/jettison/1.1/jettison-1.1.jar:/home/runner/.m2/repository/com/sun/xml/bind/jaxb-impl/2.2.3-1/jaxb-impl-2.2.3-1.jar:/home/runner/.m2/repository/org/codehaus/jackson/jackson-jaxrs/1.9.2/jackson-jaxrs-1.9.2.jar:/home/runner/.m2/repository/org/codehaus/jackson/jackson-xc/1.9.2/jackson-xc-1.9.2.jar:/home/runner/.m2/repository/org/apache/commons/commons-configuration2/2.1.1/commons-configuration2-2.1.1.jar:/home/runner/.m2/repository/org/apache/commons/commons-text/1.4/commons-text-1.4.jar:/home/runner/.m2/repository/com/google/re2j/re2j/1.1/re2j-1.1.jar:/home/runner/.m2/repository/com/jcraft/jsch/0.1.54/jsch-0.1.54.jar:/home/runner/.m2/repository/org/apache/curator/curator-client/4.2.0/curator-client-4.2.0.jar:/home/runner/.m2/repository/org/apache/curator/curator-recipes/4.2.0/curator-recipes-4.2.0.jar:/home/runner/.m2/repository/org/apache/kerby/kerb-core/1.0.1/kerb-core-1.0.1.jar:/home/runner/.m2/repository/org/apache/kerby/kerby-pkix/1.0.1/kerby-pkix-1.0.1.jar:/home/runner/.m2/repository/org/apache/kerby/kerby-asn1/1.0.1/kerby-asn1-1.0.1.jar:/home/runner/.m2/repository/org/apache/kerby/kerby-util/1.0.1/kerby-util-1.0.1.jar:/home/runner/.m2/repository/dnsjava/dnsjava/2.1.7/dnsjava-2.1.7.jar:/home/runner/.m2/repository/org/xerial/snappy/snappy-java/1.1.8.2/snappy-java-1.1.8.2.jar:/home/runner/.m2/repository/org/slf4j/jul-to-slf4j/1.7.30/jul-to-slf4j-1.7.30.jar:/home/runner/.m2/repository/org/eclipse/jetty/jetty-util/9.4.43.v20210629/jetty-util-9.4.43.v20210629.jar:/home/runner/.m2/repository/com/fasterxml/jackson/core/jackson-databind/2.12.1/jackson-databind-2.12.1.jar:/home/runner/.m2/repository/org/apache/hadoop/hadoop-kms/3.3.1/hadoop-kms-3.3.1-tests.jar:/home/runner/.m2/repository/org/apache/ozone/hdds-server-scm/1.2.0-SNAPSHOT/hdds-server-scm-1.2.0-SNAPSHOT-tests.jar:/home/runner/.m2/repository/org/apache/ozone/hdds-container-service/1.2.0-SNAPSHOT/hdds-container-service-1.2.0-SNAPSHOT-tests.jar:/home/runner/.m2/repository/commons-codec/commons-codec/1.11/commons-codec-1.11.jar:/home/runner/.m2/repository/io/netty/netty-transport/4.1.63.Final/netty-transport-4.1.63.Final.jar:/home/runner/.m2/repository/io/netty/netty-resolver/4.1.63.Final/netty-resolver-4.1.63.Final.jar:/home/runner/.m2/repository/io/netty/netty-codec/4.1.63.Final/netty-codec-4.1.63.Final.jar:/home/runner/.m2/repository/io/netty/netty-handler/4.1.63.Final/netty-handler-4.1.63.Final.jar:/home/runner/.m2/repository/org/apache/ozone/hdds-hadoop-dependency-test/1.2.0-SNAPSHOT/hdds-hadoop-dependency-test-1.2.0-SNAPSHOT.jar:/home/runner/.m2/repository/org/apache/hadoop/hadoop-common/3.3.1/hadoop-common-3.3.1-tests.jar:/home/runner/.m2/repository/org/assertj/assertj-core/3.12.2/assertj-core-3.12.2.jar:/home/runner/.m2/repository/org/apache/hadoop/hadoop-hdfs/3.3.1/hadoop-hdfs-3.3.1-tests.jar:/home/runner/.m2/repository/org/eclipse/jetty/jetty-util-ajax/9.4.43.v20210629/jetty-util-ajax-9.4.43.v20210629.jar:/home/runner/.m2/repository/commons-daemon/commons-daemon/1.0.13/commons-daemon-1.0.13.jar:/home/runner/.m2/repository/io/netty/netty/3.10.6.Final/netty-3.10.6.Final.jar:/home/runner/.m2/repository/io/netty/netty-all/4.1.63.Final/netty-all-4.1.63.Final.jar:/home/runner/.m2/repository/org/apache/htrace/htrace-core4/4.1.0-incubating/htrace-core4-4.1.0-incubating.jar:/home/runner/.m2/repository/org/fusesource/leveldbjni/leveldbjni-all/1.8/leveldbjni-all-1.8.jar:/home/runner/.m2/repository/org/apache/hadoop/hadoop-distcp/3.3.1/hadoop-distcp-3.3.1.jar:/home/runner/.m2/repository/org/apache/hadoop/hadoop-mapreduce-client-jobclient/3.3.1/hadoop-mapreduce-client-jobclient-3.3.1.jar:/home/runner/.m2/repository/org/apache/hadoop/hadoop-mapreduce-client-common/3.3.1/hadoop-mapreduce-client-common-3.3.1.jar:/home/runner/.m2/repository/org/apache/hadoop/hadoop-yarn-common/3.3.1/hadoop-yarn-common-3.3.1.jar:/home/runner/.m2/repository/org/apache/hadoop/hadoop-yarn-api/3.3.1/hadoop-yarn-api-3.3.1.jar:/home/runner/.m2/repository/com/sun/jersey/jersey-client/1.19/jersey-client-1.19.jar:/home/runner/.m2/repository/com/sun/jersey/contribs/jersey-guice/1.19/jersey-guice-1.19.jar:/home/runner/.m2/repository/com/fasterxml/jackson/jaxrs/jackson-jaxrs-json-provider/2.12.1/jackson-jaxrs-json-provider-2.12.1.jar:/home/runner/.m2/repository/com/fasterxml/jackson/jaxrs/jackson-jaxrs-base/2.12.1/jackson-jaxrs-base-2.12.1.jar:/home/runner/.m2/repository/org/apache/hadoop/hadoop-yarn-client/3.3.1/hadoop-yarn-client-3.3.1.jar:/home/runner/.m2/repository/org/eclipse/jetty/websocket/websocket-client/9.4.40.v20210413/websocket-client-9.4.40.v20210413.jar:/home/runner/.m2/repository/org/eclipse/jetty/jetty-client/9.4.40.v20210413/jetty-client-9.4.40.v20210413.jar:/home/runner/.m2/repository/org/eclipse/jetty/websocket/websocket-common/9.4.40.v20210413/websocket-common-9.4.40.v20210413.jar:/home/runner/.m2/repository/org/eclipse/jetty/websocket/websocket-api/9.4.40.v20210413/websocket-api-9.4.40.v20210413.jar:/home/runner/.m2/repository/org/jline/jline/3.9.0/jline-3.9.0.jar:/home/runner/.m2/repository/org/apache/hadoop/hadoop-mapreduce-client-core/3.3.1/hadoop-mapreduce-client-core-3.3.1.jar:/home/runner/.m2/repository/org/apache/avro/avro/1.7.7/avro-1.7.7.jar:/home/runner/.m2/repository/org/codehaus/jackson/jackson-core-asl/1.9.13/jackson-core-asl-1.9.13.jar:/home/runner/.m2/repository/org/codehaus/jackson/jackson-mapper-asl/1.9.13/jackson-mapper-asl-1.9.13.jar:/home/runner/.m2/repository/com/thoughtworks/paranamer/paranamer/2.3/paranamer-2.3.jar:/home/runner/.m2/repository/org/apache/hadoop/hadoop-annotations/3.3.1/hadoop-annotations-3.3.1.jar:/usr/lib/jvm/adoptopenjdk-8-hotspot-amd64/jre/../lib/tools.jar:/home/runner/.m2/repository/org/apache/hadoop/hadoop-distcp/3.3.1/hadoop-distcp-3.3.1-tests.jar:/home/runner/.m2/repository/org/apache/ratis/ratis-common/2.2.0/ratis-common-2.2.0.jar:/home/runner/.m2/repository/org/apache/ratis/ratis-thirdparty-misc/0.7.0/ratis-thirdparty-misc-0.7.0.jar:/home/runner/.m2/repository/org/apache/ratis/ratis-proto/2.2.0/ratis-proto-2.2.0.jar:"/>
    <property name="sun.cpu.endian" value="little"/>
    <property name="user.home" value="/home/runner"/>
    <property name="user.language" value="en"/>
    <property name="java.specification.vendor" value="Oracle Corporation"/>
    <property name="java.home" value="/usr/lib/jvm/adoptopenjdk-8-hotspot-amd64/jre"/>
    <property name="java.security.krb5.conf" value="/home/runner/work/ozone/ozone/hadoop-ozone/integration-test/target/test-classes/krb5.conf"/>
    <property name="basedir" value="/home/runner/work/ozone/ozone/hadoop-ozone/integration-test"/>
    <property name="file.separator" value="/"/>
    <property name="line.separator" value="&#10;"/>
    <property name="java.vm.specification.vendor" value="Oracle Corporation"/>
    <property name="java.specification.name" value="Java Platform API Specification"/>
    <property name="java.awt.graphicsenv" value="sun.awt.X11GraphicsEnvironment"/>
    <property name="skip.installnpx" value="true"/>
    <property name="surefire.real.class.path" value="/home/runner/work/ozone/ozone/hadoop-ozone/integration-test/target/surefire/surefirebooter5101588795244205298.jar:/home/runner/.m2/repository/org/jacoco/org.jacoco.agent/0.8.5/org.jacoco.agent-0.8.5-runtime.jar"/>
    <property name="hadoop.log.dir" value="/home/runner/work/ozone/ozone/hadoop-ozone/integration-test/target/log"/>
    <property name="sun.boot.class.path" value="/usr/lib/jvm/adoptopenjdk-8-hotspot-amd64/jre/lib/resources.jar:/usr/lib/jvm/adoptopenjdk-8-hotspot-amd64/jre/lib/rt.jar:/usr/lib/jvm/adoptopenjdk-8-hotspot-amd64/jre/lib/sunrsasign.jar:/usr/lib/jvm/adoptopenjdk-8-hotspot-amd64/jre/lib/jsse.jar:/usr/lib/jvm/adoptopenjdk-8-hotspot-amd64/jre/lib/jce.jar:/usr/lib/jvm/adoptopenjdk-8-hotspot-amd64/jre/lib/charsets.jar:/usr/lib/jvm/adoptopenjdk-8-hotspot-amd64/jre/lib/jfr.jar:/usr/lib/jvm/adoptopenjdk-8-hotspot-amd64/jre/classes"/>
    <property name="sun.management.compiler" value="HotSpot 64-Bit Tiered Compilers"/>
    <property name="skip.npx" value="true"/>
    <property name="java.runtime.version" value="1.8.0_292-b10"/>
    <property name="java.net.preferIPv4Stack" value="true"/>
    <property name="user.name" value="runner"/>
    <property name="path.separator" value=":"/>
    <property name="java.security.egd" value="file:///dev/urandom"/>
    <property name="os.version" value="5.4.0-1061-azure"/>
    <property name="java.endorsed.dirs" value="/usr/lib/jvm/adoptopenjdk-8-hotspot-amd64/jre/lib/endorsed"/>
    <property name="java.runtime.name" value="OpenJDK Runtime Environment"/>
    <property name="file.encoding" value="UTF-8"/>
    <property name="java.vm.name" value="OpenJDK 64-Bit Server VM"/>
    <property name="test.build.webapps" value=""/>
    <property name="localRepository" value="/home/runner/.m2/repository"/>
    <property name="java.vendor.url.bug" value="https://github.com/AdoptOpenJDK/openjdk-support/issues"/>
    <property name="java.io.tmpdir" value="/tmp"/>
    <property name="require.test.libhadoop" value=""/>
    <property name="java.version" value="1.8.0_292"/>
    <property name="user.dir" value="/home/runner/work/ozone/ozone/hadoop-ozone/integration-test"/>
    <property name="os.arch" value="amd64"/>
    <property name="java.vm.specification.name" value="Java Virtual Machine Specification"/>
    <property name="test.build.classes" value="/home/runner/work/ozone/ozone/hadoop-ozone/integration-test/target/test-classes"/>
    <property name="java.awt.printerjob" value="sun.print.PSPrinterJob"/>
    <property name="sun.os.patch.level" value="unknown"/>
    <property name="hadoop.tmp.dir" value="/home/runner/work/ozone/ozone/hadoop-ozone/integration-test/target/tmp"/>
    <property name="java.library.path" value="/usr/java/packages/lib/amd64:/usr/lib64:/lib64:/lib:/usr/lib"/>
    <property name="java.vm.info" value="mixed mode"/>
    <property name="java.vendor" value="AdoptOpenJDK"/>
    <property name="java.vm.version" value="25.292-b10"/>
    <property name="java.ext.dirs" value="/usr/lib/jvm/adoptopenjdk-8-hotspot-amd64/jre/lib/ext:/usr/java/packages/lib/ext"/>
    <property name="sun.io.unicode.encoding" value="UnicodeLittle"/>
    <property name="java.class.version" value="52.0"/>
  </properties>
  <testcase name="testPrepareFailsWhenTwoOmsAreDown" classname="org.apache.hadoop.ozone.om.TestOzoneManagerPrepare" time="0">
    <skipped message="Saving on CI time since this is a pessimistic test. We should not be able to do anything with 2 OMs down."/>
    <system-out><![CDATA[2021-10-24 12:56:04,533 [main] WARN  server.ServerUtils (ServerUtils.java:getScmDbDir(148)) - ozone.scm.db.dirs is not configured. We recommend adding this setting. Falling back to ozone.metadata.dirs instead.
2021-10-24 12:56:04,616 [main] INFO  ha.SCMHANodeDetails (SCMHANodeDetails.java:loadSCMHAConfig(157)) - ServiceID for StorageContainerManager is null
2021-10-24 12:56:04,616 [main] INFO  ha.SCMHANodeDetails (SCMHANodeDetails.java:loadSCMHAConfig(162)) - ozone.scm.default.service.id is not defined, falling back to ozone.scm.service.ids to find serviceID for StorageContainerManager if it is HA enabled cluster
2021-10-24 12:56:04,724 [main] WARN  server.ServerUtils (ServerUtils.java:getScmDbDir(148)) - ozone.scm.db.dirs is not configured. We recommend adding this setting. Falling back to ozone.metadata.dirs instead.
2021-10-24 12:56:04,727 [main] INFO  upgrade.AbstractLayoutVersionManager (AbstractLayoutVersionManager.java:init(79)) - Initializing Layout version manager with metadata layout = SCM_HA (version = 2), software layout = SCM_HA (version = 2)
2021-10-24 12:56:04,957 [main] INFO  reflections.Reflections (Reflections.java:scan(232)) - Reflections took 135 ms to scan 7 urls, producing 119 keys and 279 values 
2021-10-24 12:56:05,525 [main] WARN  utils.HAUtils (HAUtils.java:getMetaDir(342)) - ozone.scm.db.dirs is not configured. We recommend adding this setting. Falling back to ozone.metadata.dirs instead.
2021-10-24 12:56:05,637 [main] WARN  db.DBStoreBuilder (DBStoreBuilder.java:applyDBDefinition(145)) - ozone.scm.db.dirs is not configured. We recommend adding this setting. Falling back to ozone.metadata.dirs instead.
2021-10-24 12:56:05,783 [main] INFO  net.NodeSchemaLoader (NodeSchemaLoader.java:loadSchemaFromFile(129)) - Loading schema from [jar:file:/home/runner/.m2/repository/org/apache/ozone/hdds-common/1.2.0-SNAPSHOT/hdds-common-1.2.0-SNAPSHOT.jar!/network-topology-default.xml]
2021-10-24 12:56:05,785 [main] INFO  net.NodeSchemaLoader (NodeSchemaLoader.java:loadSchema(176)) - Loading network topology layer schema file
2021-10-24 12:56:05,823 [main] INFO  metrics.MetricRegistries (MetricRegistriesLoader.java:load(64)) - Loaded MetricRegistries class org.apache.ratis.metrics.impl.MetricRegistriesImpl
2021-10-24 12:56:05,842 [main] INFO  ha.SequenceIdGenerator (SequenceIdGenerator.java:upgradeToSequenceId(347)) - upgrade localId to 107544261427200000
2021-10-24 12:56:05,842 [main] INFO  ha.SequenceIdGenerator (SequenceIdGenerator.java:upgradeToSequenceId(357)) - upgrade delTxnId to 0
2021-10-24 12:56:05,845 [main] INFO  ha.SequenceIdGenerator (SequenceIdGenerator.java:upgradeToSequenceId(371)) - upgrade containerId to 0
2021-10-24 12:56:05,847 [main] INFO  ha.SequenceIdGenerator (SequenceIdGenerator.java:<init>(218)) - Init the HA SequenceIdGenerator.
2021-10-24 12:56:05,881 [main] WARN  server.ServerUtils (ServerUtils.java:sanitizeUserArgs(73)) - ozone.scm.stale.node.interval value = 300000 is larger than max = 100000 based on the key value of ozone.scm.heartbeat.thread.interval, reset to the max value 100000.
2021-10-24 12:56:05,882 [main] WARN  server.ServerUtils (ServerUtils.java:sanitizeUserArgs(73)) - ozone.scm.stale.node.interval value = 300000 is larger than max = 100000 based on the key value of ozone.scm.heartbeat.thread.interval, reset to the max value 100000.
2021-10-24 12:56:05,887 [main] INFO  node.SCMNodeManager (SCMNodeManager.java:<init>(144)) - Entering startup safe mode.
2021-10-24 12:56:05,939 [main] INFO  algorithms.ContainerPlacementPolicyFactory (ContainerPlacementPolicyFactory.java:getPolicy(60)) - Create container placement policy of type org.apache.hadoop.hdds.scm.container.placement.algorithms.SCMContainerPlacementRandom
2021-10-24 12:56:05,948 [main] INFO  pipeline.PipelineStateManagerImpl (PipelineStateManagerImpl.java:initialize(78)) - No pipeline exists in current db
2021-10-24 12:56:05,976 [main] INFO  algorithms.LeaderChoosePolicyFactory (LeaderChoosePolicyFactory.java:getPolicy(57)) - Create leader choose policy of type org.apache.hadoop.hdds.scm.pipeline.leader.choose.algorithms.MinLeaderCountChoosePolicy
2021-10-24 12:56:05,981 [main] INFO  ha.SCMServiceManager (SCMServiceManager.java:register(43)) - Registering service BackgroundPipelineCreator.
2021-10-24 12:56:05,981 [main] INFO  pipeline.BackgroundPipelineCreator (BackgroundPipelineCreator.java:start(130)) - Starting RatisPipelineUtilsThread.
2021-10-24 12:56:06,010 [main] INFO  algorithms.PipelineChoosePolicyFactory (PipelineChoosePolicyFactory.java:createPipelineChoosePolicyFromClass(73)) - Create pipeline choose policy of type org.apache.hadoop.hdds.scm.pipeline.choose.algorithms.RandomPipelineChoosePolicy
2021-10-24 12:56:06,024 [main] INFO  ha.SCMServiceManager (SCMServiceManager.java:register(43)) - Registering service SCMBlockDeletingService.
2021-10-24 12:56:06,045 [main] INFO  ha.SCMServiceManager (SCMServiceManager.java:register(43)) - Registering service ReplicationManager.
2021-10-24 12:56:06,047 [main] INFO  container.ReplicationManager (ReplicationManager.java:start(319)) - Starting Replication Monitor Thread.
2021-10-24 12:56:06,059 [ReplicationMonitor] INFO  container.ReplicationManager (ReplicationManager.java:processAll(371)) - Replication Monitor Thread took 1 milliseconds for processing 0 containers.
2021-10-24 12:56:06,060 [main] INFO  safemode.ContainerSafeModeRule (ContainerSafeModeRule.java:<init>(89)) - containers with one replica threshold count 0
2021-10-24 12:56:06,063 [main] INFO  safemode.HealthyPipelineSafeModeRule (HealthyPipelineSafeModeRule.java:initializeRule(156)) - Total pipeline count is 0, healthy pipeline threshold count is 1
2021-10-24 12:56:06,066 [main] INFO  safemode.OneReplicaPipelineSafeModeRule (OneReplicaPipelineSafeModeRule.java:initializeRule(180)) - Total pipeline count is 0, pipeline's with at least one datanode reported threshold count is 0
2021-10-24 12:56:06,420 [main] INFO  ipc.CallQueueManager (CallQueueManager.java:<init>(90)) - Using callQueue: class java.util.concurrent.LinkedBlockingQueue, queueCapacity: 2000, scheduler: class org.apache.hadoop.ipc.DefaultRpcScheduler, ipcBackoff: false.
2021-10-24 12:56:06,454 [Socket Reader #1 for port 0] INFO  ipc.Server (Server.java:run(1265)) - Starting Socket Reader #1 for port 0
2021-10-24 12:56:06,488 [Listener at 0.0.0.0/35721] INFO  ipc.CallQueueManager (CallQueueManager.java:<init>(90)) - Using callQueue: class java.util.concurrent.LinkedBlockingQueue, queueCapacity: 2000, scheduler: class org.apache.hadoop.ipc.DefaultRpcScheduler, ipcBackoff: false.
2021-10-24 12:56:06,489 [Socket Reader #1 for port 0] INFO  ipc.Server (Server.java:run(1265)) - Starting Socket Reader #1 for port 0
2021-10-24 12:56:06,503 [Listener at 0.0.0.0/37701] INFO  ipc.CallQueueManager (CallQueueManager.java:<init>(90)) - Using callQueue: class java.util.concurrent.LinkedBlockingQueue, queueCapacity: 2000, scheduler: class org.apache.hadoop.ipc.DefaultRpcScheduler, ipcBackoff: false.
2021-10-24 12:56:06,507 [Socket Reader #1 for port 0] INFO  ipc.Server (Server.java:run(1265)) - Starting Socket Reader #1 for port 0
2021-10-24 12:56:06,546 [Listener at 0.0.0.0/40671] INFO  algorithms.ContainerPlacementPolicyFactory (ContainerPlacementPolicyFactory.java:getPolicy(60)) - Create container placement policy of type org.apache.hadoop.hdds.scm.container.placement.algorithms.SCMContainerPlacementRandom
2021-10-24 12:56:06,550 [Listener at 0.0.0.0/40671] INFO  server.StorageContainerManager (StorageContainerManager.java:<init>(388)) - 
Container Balancer status:
Key                            Value
Running                        false
Container Balancer Configuration values:
Key                                                Value
Threshold                                          0.1
Max Datanodes to Involve per Iteration(ratio)      0.2
Max Size to Move per Iteration                     32212254720B

2021-10-24 12:56:06,551 [Listener at 0.0.0.0/40671] WARN  events.EventQueue (EventQueue.java:fireEvent(194)) - No event handler registered for event TypedEvent{payloadType=SafeModeStatus, name='Safe mode status'}
2021-10-24 12:56:06,551 [Listener at 0.0.0.0/40671] INFO  ha.SCMContext (SCMContext.java:updateSafeModeStatus(205)) - Update SafeModeStatus from SafeModeStatus{safeModeStatus=true, preCheckPassed=false} to SafeModeStatus{safeModeStatus=true, preCheckPassed=false}.
2021-10-24 12:56:06,553 [Listener at 0.0.0.0/40671] INFO  server.StorageContainerManager (StorageContainerManager.java:start(1303)) - StorageContainerLocationProtocol RPC server is listening at /0.0.0.0:40671
2021-10-24 12:56:06,615 [Listener at 0.0.0.0/40671] WARN  impl.MetricsConfig (MetricsConfig.java:loadFirst(136)) - Cannot locate configuration: tried hadoop-metrics2-storagecontainermanager.properties,hadoop-metrics2.properties
2021-10-24 12:56:06,633 [Listener at 0.0.0.0/40671] INFO  impl.MetricsSystemImpl (MetricsSystemImpl.java:startTimer(378)) - Scheduled Metric snapshot period at 10 second(s).
2021-10-24 12:56:06,634 [Listener at 0.0.0.0/40671] INFO  impl.MetricsSystemImpl (MetricsSystemImpl.java:start(191)) - StorageContainerManager metrics system started
2021-10-24 12:56:06,987 [Listener at 0.0.0.0/40671] INFO  server.SCMClientProtocolServer (SCMClientProtocolServer.java:start(164)) - RPC server for Client  is listening at /0.0.0.0:40671
2021-10-24 12:56:06,989 [IPC Server Responder] INFO  ipc.Server (Server.java:run(1507)) - IPC Server Responder: starting
2021-10-24 12:56:06,990 [IPC Server listener on 0] INFO  ipc.Server (Server.java:run(1344)) - IPC Server listener on 0: starting
2021-10-24 12:56:06,999 [Listener at 0.0.0.0/40671] INFO  server.StorageContainerManager (StorageContainerManager.java:start(1318)) - ScmBlockLocationProtocol RPC server is listening at /0.0.0.0:37701
2021-10-24 12:56:07,000 [Listener at 0.0.0.0/40671] INFO  server.SCMBlockProtocolServer (SCMBlockProtocolServer.java:start(151)) - RPC server for Block Protocol is listening at /0.0.0.0:37701
2021-10-24 12:56:07,001 [IPC Server Responder] INFO  ipc.Server (Server.java:run(1507)) - IPC Server Responder: starting
2021-10-24 12:56:07,001 [IPC Server listener on 0] INFO  ipc.Server (Server.java:run(1344)) - IPC Server listener on 0: starting
2021-10-24 12:56:07,004 [Listener at 0.0.0.0/40671] INFO  server.StorageContainerManager (StorageContainerManager.java:start(1324)) - ScmDatanodeProtocl RPC server is listening at /0.0.0.0:35721
2021-10-24 12:56:07,005 [Listener at 0.0.0.0/40671] INFO  server.SCMDatanodeProtocolServer (SCMDatanodeProtocolServer.java:start(181)) - RPC server for DataNodes is listening at /0.0.0.0:35721
2021-10-24 12:56:07,007 [IPC Server Responder] INFO  ipc.Server (Server.java:run(1507)) - IPC Server Responder: starting
2021-10-24 12:56:07,007 [IPC Server listener on 0] INFO  ipc.Server (Server.java:run(1344)) - IPC Server listener on 0: starting
2021-10-24 12:56:07,026 [org.apache.hadoop.util.JvmPauseMonitor$Monitor@cbdc0f4] INFO  util.JvmPauseMonitor (JvmPauseMonitor.java:run(188)) - Starting JVM pause monitor
2021-10-24 12:56:07,036 [Listener at 0.0.0.0/40671] INFO  http.BaseHttpServer (BaseHttpServer.java:newHttpServer2BuilderForOzone(209)) - Starting Web-server for scm at: http://0.0.0.0:0
2021-10-24 12:56:07,037 [Listener at 0.0.0.0/40671] INFO  http.BaseHttpServer (BaseHttpServer.java:<init>(107)) - Hadoop Security Enabled: false Ozone Security Enabled: false Ozone HTTP Security Enabled: false 
2021-10-24 12:56:07,063 [Listener at 0.0.0.0/40671] INFO  util.log (Log.java:initialized(170)) - Logging initialized @3831ms to org.eclipse.jetty.util.log.Slf4jLog
2021-10-24 12:56:07,165 [Listener at 0.0.0.0/40671] INFO  server.AuthenticationFilter (AuthenticationFilter.java:constructSecretProvider(240)) - Unable to initialize FileSignerSecretProvider, falling back to use random secrets.
2021-10-24 12:56:07,169 [Listener at 0.0.0.0/40671] WARN  http.HttpRequestLog (HttpRequestLog.java:getRequestLog(103)) - Jetty request log can only be enabled using Log4j
2021-10-24 12:56:07,177 [Listener at 0.0.0.0/40671] INFO  http.HttpServer2 (HttpServer2.java:addGlobalFilter(1030)) - Added global filter 'safety' (class=org.apache.hadoop.hdds.server.http.HttpServer2$QuotingInputFilter)
2021-10-24 12:56:07,179 [Listener at 0.0.0.0/40671] INFO  http.HttpServer2 (HttpServer2.java:addFilter(1006)) - Added filter static_user_filter (class=org.apache.hadoop.http.lib.StaticUserWebFilter$StaticUserFilter) to context scm
2021-10-24 12:56:07,179 [Listener at 0.0.0.0/40671] INFO  http.HttpServer2 (HttpServer2.java:addFilter(1014)) - Added filter static_user_filter (class=org.apache.hadoop.http.lib.StaticUserWebFilter$StaticUserFilter) to context logs
2021-10-24 12:56:07,179 [Listener at 0.0.0.0/40671] INFO  http.HttpServer2 (HttpServer2.java:addFilter(1014)) - Added filter static_user_filter (class=org.apache.hadoop.http.lib.StaticUserWebFilter$StaticUserFilter) to context static
2021-10-24 12:56:07,216 [Listener at 0.0.0.0/40671] INFO  http.HttpServer2 (HttpServer2.java:bindListener(1249)) - Jetty bound to port 41873
2021-10-24 12:56:07,218 [Listener at 0.0.0.0/40671] INFO  server.Server (Server.java:doStart(375)) - jetty-9.4.43.v20210629; built: 2021-06-30T11:07:22.254Z; git: 526006ecfa3af7f1a27ef3a288e2bef7ea9dd7e8; jvm 1.8.0_292-b10
2021-10-24 12:56:07,243 [Listener at 0.0.0.0/40671] INFO  server.session (DefaultSessionIdManager.java:doStart(334)) - DefaultSessionIdManager workerName=node0
2021-10-24 12:56:07,243 [Listener at 0.0.0.0/40671] INFO  server.session (DefaultSessionIdManager.java:doStart(339)) - No SessionScavenger set, using defaults
2021-10-24 12:56:07,244 [Listener at 0.0.0.0/40671] INFO  server.session (HouseKeeper.java:startScavenging(132)) - node0 Scavenging every 660000ms
2021-10-24 12:56:07,256 [Listener at 0.0.0.0/40671] INFO  handler.ContextHandler (ContextHandler.java:doStart(915)) - Started o.e.j.s.ServletContextHandler@af94b0b{logs,/logs,file:///home/runner/work/ozone/ozone/hadoop-ozone/integration-test/target/log,AVAILABLE}
2021-10-24 12:56:07,256 [Listener at 0.0.0.0/40671] INFO  handler.ContextHandler (ContextHandler.java:doStart(915)) - Started o.e.j.s.ServletContextHandler@9a37591{static,/static,file:///home/runner/work/ozone/ozone/hadoop-ozone/integration-test/target/test-classes/webapps/static,AVAILABLE}
2021-10-24 12:56:07,295 [Listener at 0.0.0.0/40671] INFO  handler.ContextHandler (ContextHandler.java:doStart(915)) - Started o.e.j.w.WebAppContext@1859b996{scm,/,file:///home/runner/work/ozone/ozone/hadoop-ozone/integration-test/target/test-classes/webapps/scm/,AVAILABLE}{file:/home/runner/work/ozone/ozone/hadoop-ozone/integration-test/target/test-classes/webapps/scm}
2021-10-24 12:56:07,304 [Listener at 0.0.0.0/40671] INFO  server.AbstractConnector (AbstractConnector.java:doStart(331)) - Started ServerConnector@406808eb{HTTP/1.1, (http/1.1)}{0.0.0.0:41873}
2021-10-24 12:56:07,304 [Listener at 0.0.0.0/40671] INFO  server.Server (Server.java:doStart(415)) - Started @4073ms
2021-10-24 12:56:07,306 [Listener at 0.0.0.0/40671] INFO  impl.MetricsSinkAdapter (MetricsSinkAdapter.java:start(204)) - Sink prometheus started
2021-10-24 12:56:07,307 [Listener at 0.0.0.0/40671] INFO  impl.MetricsSystemImpl (MetricsSystemImpl.java:registerSink(305)) - Registered sink prometheus
2021-10-24 12:56:07,308 [Listener at 0.0.0.0/40671] INFO  http.BaseHttpServer (BaseHttpServer.java:updateConnectorAddress(329)) - HTTP server of scm listening at http://0.0.0.0:41873
2021-10-24 12:56:07,396 [Listener at 0.0.0.0/40671] INFO  ha.OMHANodeDetails (OMHANodeDetails.java:loadOMHAConfig(118)) - ServiceID for OzoneManager is om-service-test1
2021-10-24 12:56:07,400 [Listener at 0.0.0.0/40671] INFO  ha.OMHANodeDetails (OMHANodeDetails.java:loadOMHAConfig(194)) - Found matching OM address with OMServiceId: om-service-test1, OMNodeId: omNode-1, RPC Address: localhost:13892 and Ratis port: 13896
2021-10-24 12:56:07,401 [Listener at 0.0.0.0/40671] INFO  ha.OMHANodeDetails (ConfUtils.java:setNodeSpecificConfigs(108)) - Setting configuration key ozone.om.http-address with value of key ozone.om.http-address.om-service-test1.omNode-1: 127.0.0.1:13894
2021-10-24 12:56:07,401 [Listener at 0.0.0.0/40671] INFO  ha.OMHANodeDetails (ConfUtils.java:setNodeSpecificConfigs(108)) - Setting configuration key ozone.om.https-address with value of key ozone.om.https-address.om-service-test1.omNode-1: 127.0.0.1:13895
2021-10-24 12:56:07,401 [Listener at 0.0.0.0/40671] INFO  ha.OMHANodeDetails (ConfUtils.java:setNodeSpecificConfigs(108)) - Setting configuration key ozone.om.address with value of key ozone.om.address.om-service-test1.omNode-1: 127.0.0.1:13892
2021-10-24 12:56:07,401 [Listener at 0.0.0.0/40671] WARN  server.ServerUtils (ServerUtils.java:getDBPath(225)) - ozone.om.db.dirs is not configured. We recommend adding this setting. Falling back to ozone.metadata.dirs instead.
OM initialization succeeded.Current cluster id for sd=/home/runner/work/ozone/ozone/hadoop-ozone/integration-test/target/test-dir/MiniOzoneClusterImpl-cd96da87-0819-4dc2-95d7-841b147881f8/omNode-1/om;cid=cd96da87-0819-4dc2-95d7-841b147881f8;layoutVersion=0
2021-10-24 12:56:07,635 [Listener at 0.0.0.0/40671] INFO  ha.OMHANodeDetails (OMHANodeDetails.java:loadOMHAConfig(118)) - ServiceID for OzoneManager is om-service-test1
2021-10-24 12:56:07,636 [Listener at 0.0.0.0/40671] INFO  ha.OMHANodeDetails (OMHANodeDetails.java:loadOMHAConfig(194)) - Found matching OM address with OMServiceId: om-service-test1, OMNodeId: omNode-1, RPC Address: localhost:13892 and Ratis port: 13896
2021-10-24 12:56:07,636 [Listener at 0.0.0.0/40671] INFO  ha.OMHANodeDetails (ConfUtils.java:setNodeSpecificConfigs(108)) - Setting configuration key ozone.om.http-address with value of key ozone.om.http-address.om-service-test1.omNode-1: 127.0.0.1:13894
2021-10-24 12:56:07,636 [Listener at 0.0.0.0/40671] INFO  ha.OMHANodeDetails (ConfUtils.java:setNodeSpecificConfigs(108)) - Setting configuration key ozone.om.https-address with value of key ozone.om.https-address.om-service-test1.omNode-1: 127.0.0.1:13895
2021-10-24 12:56:07,637 [Listener at 0.0.0.0/40671] INFO  ha.OMHANodeDetails (ConfUtils.java:setNodeSpecificConfigs(108)) - Setting configuration key ozone.om.address with value of key ozone.om.address.om-service-test1.omNode-1: 127.0.0.1:13892
2021-10-24 12:56:07,637 [Listener at 0.0.0.0/40671] WARN  server.ServerUtils (ServerUtils.java:getDBPath(225)) - ozone.om.db.dirs is not configured. We recommend adding this setting. Falling back to ozone.metadata.dirs instead.
2021-10-24 12:56:07,639 [Listener at 0.0.0.0/40671] INFO  upgrade.AbstractLayoutVersionManager (AbstractLayoutVersionManager.java:init(79)) - Initializing Layout version manager with metadata layout = INITIAL_VERSION (version = 0), software layout = INITIAL_VERSION (version = 0)
2021-10-24 12:56:07,687 [Listener at 0.0.0.0/40671] INFO  reflections.Reflections (Reflections.java:scan(232)) - Reflections took 43 ms to scan 2 urls, producing 131 keys and 342 values [using 2 cores]
2021-10-24 12:56:07,695 [Listener at 0.0.0.0/40671] INFO  upgrade.OMLayoutVersionManager (OMLayoutVersionManager.java:lambda$0(115)) - Skipping Upgrade Action MockOmUpgradeAction since it has been finalized.
2021-10-24 12:56:07,697 [Listener at 0.0.0.0/40671] WARN  server.ServerUtils (ServerUtils.java:getDBPath(225)) - ozone.om.db.dirs is not configured. We recommend adding this setting. Falling back to ozone.metadata.dirs instead.
2021-10-24 12:56:07,855 [Listener at 0.0.0.0/40671] WARN  server.ServerUtils (ServerUtils.java:getDBPath(225)) - ozone.om.db.dirs is not configured. We recommend adding this setting. Falling back to ozone.metadata.dirs instead.
2021-10-24 12:56:07,863 [Listener at 0.0.0.0/40671] INFO  codec.OmKeyInfoCodec (OmKeyInfoCodec.java:<init>(51)) - OmKeyInfoCodec ignorePipeline = true
2021-10-24 12:56:07,865 [Listener at 0.0.0.0/40671] INFO  codec.RepeatedOmKeyInfoCodec (RepeatedOmKeyInfoCodec.java:<init>(42)) - RepeatedOmKeyInfoCodec ignorePipeline = true
2021-10-24 12:56:08,077 [Listener at 0.0.0.0/40671] INFO  om.OzoneManager (OzoneManager.java:addS3GVolumeToDB(4151)) - Created Volume s3v With Owner runner required for S3Gateway operations.
2021-10-24 12:56:08,144 [Listener at 0.0.0.0/40671] WARN  server.ServerUtils (ServerUtils.java:getDefaultRatisDirectory(237)) - Storage directory for Ratis is not configured. It is a good idea to map this to an SSD disk. Falling back to ozone.metadata.dirs
2021-10-24 12:56:08,145 [Listener at 0.0.0.0/40671] WARN  utils.OzoneManagerRatisUtils (OzoneManagerRatisUtils.java:getOMRatisSnapshotDirectory(435)) - ozone.om.ratis.snapshot.dir is not configured. Falling back to ozone.metadata.dirs config
2021-10-24 12:56:08,167 [Listener at 0.0.0.0/40671] INFO  snapshot.OzoneManagerSnapshotProvider (OzoneManagerSnapshotProvider.java:<init>(76)) - Initializing OM Snapshot Provider
2021-10-24 12:56:08,288 [Listener at 0.0.0.0/40671] WARN  server.ServerUtils (ServerUtils.java:getDefaultRatisDirectory(237)) - Storage directory for Ratis is not configured. It is a good idea to map this to an SSD disk. Falling back to ozone.metadata.dirs
2021-10-24 12:56:08,318 [Listener at 0.0.0.0/40671] INFO  ratis.OzoneManagerRatisServer (OzoneManagerRatisServer.java:<init>(159)) - Instantiating OM Ratis server with groupID: om-service-test1 and peers: localhost:13896, localhost:13908, localhost:13902
2021-10-24 12:56:08,329 [Listener at 0.0.0.0/40671] INFO  ratis.OzoneManagerStateMachine (OzoneManagerStateMachine.java:loadSnapshotInfoFromDB(605)) - LastAppliedIndex is set from TransactionInfo from OM DB as (t:0, i:~)
2021-10-24 12:56:08,362 [Listener at 0.0.0.0/40671] INFO  server.RaftServer (ConfUtils.java:logGet(44)) - raft.rpc.type = GRPC (default)
2021-10-24 12:56:08,439 [Listener at 0.0.0.0/40671] INFO  grpc.GrpcFactory (GrpcFactory.java:checkPooledByteBufAllocatorUseCacheForAllThreads(48)) - PERFORMANCE WARNING: useCacheForAllThreads is true that may cause Netty to create a lot garbage objects and, as a result, trigger GC.
	It is recommended to disable useCacheForAllThreads by setting -Dorg.apache.ratis.thirdparty.io.netty.allocator.useCacheForAllThreads=false in command line.
2021-10-24 12:56:08,445 [Listener at 0.0.0.0/40671] INFO  grpc.GrpcConfigKeys (ConfUtils.java:logGet(44)) - raft.grpc.admin.port = -1 (default)
2021-10-24 12:56:08,446 [Listener at 0.0.0.0/40671] INFO  grpc.GrpcConfigKeys (ConfUtils.java:logGet(44)) - raft.grpc.server.port = 13896 (custom)
2021-10-24 12:56:08,446 [Listener at 0.0.0.0/40671] INFO  grpc.GrpcConfigKeys (ConfUtils.java:logGet(44)) - raft.grpc.client.port = -1 (default)
2021-10-24 12:56:08,446 [Listener at 0.0.0.0/40671] INFO  grpc.GrpcConfigKeys (ConfUtils.java:logGet(44)) - raft.grpc.server.port = 13896 (custom)
2021-10-24 12:56:08,446 [Listener at 0.0.0.0/40671] INFO  grpc.GrpcConfigKeys (ConfUtils.java:logGet(44)) - raft.grpc.server.port = 13896 (custom)
2021-10-24 12:56:08,450 [Listener at 0.0.0.0/40671] INFO  server.GrpcService (ConfUtils.java:logGet(44)) - raft.grpc.message.size.max = 33554432 (custom)
2021-10-24 12:56:08,451 [Listener at 0.0.0.0/40671] INFO  server.RaftServerConfigKeys (ConfUtils.java:logGet(44)) - raft.server.log.appender.buffer.byte-limit = 33554432 (custom)
2021-10-24 12:56:08,452 [Listener at 0.0.0.0/40671] INFO  server.GrpcService (ConfUtils.java:logGet(44)) - raft.grpc.flow.control.window = 1MB (=1048576) (default)
2021-10-24 12:56:08,452 [Listener at 0.0.0.0/40671] INFO  server.RaftServerConfigKeys (ConfUtils.java:logGet(44)) - raft.server.rpc.request.timeout = 3000ms (default)
2021-10-24 12:56:08,739 [Listener at 0.0.0.0/40671] INFO  impl.DataStreamServerImpl (ConfUtils.java:logGet(44)) - raft.datastream.type = DISABLED (default)
2021-10-24 12:56:08,742 [Listener at 0.0.0.0/40671] INFO  server.RaftServerConfigKeys (ConfUtils.java:logGet(44)) - raft.server.rpc.slowness.timeout = 2s (custom)
2021-10-24 12:56:08,742 [Listener at 0.0.0.0/40671] INFO  server.RaftServerConfigKeys (ConfUtils.java:logGet(44)) - raft.server.leaderelection.leader.step-down.wait-time = 10s (default)
2021-10-24 12:56:08,757 [Listener at 0.0.0.0/40671] INFO  server.RaftServerConfigKeys (ConfUtils.java:logGet(44)) - raft.server.storage.dir = [/home/runner/work/ozone/ozone/hadoop-ozone/integration-test/target/test-dir/MiniOzoneClusterImpl-cd96da87-0819-4dc2-95d7-841b147881f8/omNode-1/ratis] (custom)
2021-10-24 12:56:08,763 [Listener at 0.0.0.0/40671] INFO  server.RaftServer (RaftServerProxy.java:addNew(95)) - omNode-1: addNew group-523986131536:[omNode-3|rpc:localhost:13908|priority:0, omNode-1|rpc:localhost:13896|priority:0, omNode-2|rpc:localhost:13902|priority:0] returns group-523986131536:java.util.concurrent.CompletableFuture@162807e5[Not completed]
2021-10-24 12:56:08,763 [Listener at 0.0.0.0/40671] INFO  om.OzoneManager (OzoneManager.java:initializeRatisServer(1605)) - OzoneManager Ratis server initialized at port 13896
2021-10-24 12:56:08,777 [Listener at 0.0.0.0/40671] INFO  ipc.CallQueueManager (CallQueueManager.java:<init>(90)) - Using callQueue: class java.util.concurrent.LinkedBlockingQueue, queueCapacity: 2000, scheduler: class org.apache.hadoop.ipc.DefaultRpcScheduler, ipcBackoff: false.
2021-10-24 12:56:08,778 [Socket Reader #1 for port 13892] INFO  ipc.Server (Server.java:run(1265)) - Starting Socket Reader #1 for port 13892
2021-10-24 12:56:08,804 [pool-39-thread-1] INFO  server.RaftServer$Division (RaftServerImpl.java:<init>(184)) - omNode-1: new RaftServerImpl for group-523986131536:[omNode-3|rpc:localhost:13908|priority:0, omNode-1|rpc:localhost:13896|priority:0, omNode-2|rpc:localhost:13902|priority:0] with OzoneManagerStateMachine:uninitialized
2021-10-24 12:56:08,817 [pool-39-thread-1] INFO  server.RaftServerConfigKeys (ConfUtils.java:logGet(44)) - raft.server.rpc.timeout.min = 1s (custom)
2021-10-24 12:56:08,818 [pool-39-thread-1] INFO  server.RaftServerConfigKeys (ConfUtils.java:logGet(44)) - raft.server.rpc.timeout.max = 1200ms (custom)
2021-10-24 12:56:08,818 [pool-39-thread-1] INFO  server.RaftServerConfigKeys (ConfUtils.java:logGet(44)) - raft.server.rpc.sleep.time = 25ms (default)
2021-10-24 12:56:08,818 [pool-39-thread-1] INFO  server.RaftServerConfigKeys (ConfUtils.java:logGet(44)) - raft.server.rpc.slowness.timeout = 2s (custom)
2021-10-24 12:56:08,818 [pool-39-thread-1] INFO  server.RaftServerConfigKeys (ConfUtils.java:logGet(44)) - raft.server.leaderelection.leader.step-down.wait-time = 10s (default)
2021-10-24 12:56:08,818 [pool-39-thread-1] INFO  server.RaftServerConfigKeys (ConfUtils.java:logGet(44)) - raft.server.sleep.deviation.threshold = 300ms (default)
2021-10-24 12:56:08,819 [pool-39-thread-1] INFO  server.RaftServerConfigKeys (ConfUtils.java:logGet(44)) - raft.server.log.appender.install.snapshot.enabled = false (custom)
2021-10-24 12:56:08,824 [pool-39-thread-1] INFO  server.RaftServer$Division (ServerState.java:<init>(105)) - omNode-1@group-523986131536: ConfigurationManager, init=-1: [omNode-3|rpc:localhost:13908|priority:0, omNode-1|rpc:localhost:13896|priority:0, omNode-2|rpc:localhost:13902|priority:0], old=null, confs=<EMPTY_MAP>
2021-10-24 12:56:08,825 [pool-39-thread-1] INFO  server.RaftServerConfigKeys (ConfUtils.java:logGet(44)) - raft.server.storage.dir = [/home/runner/work/ozone/ozone/hadoop-ozone/integration-test/target/test-dir/MiniOzoneClusterImpl-cd96da87-0819-4dc2-95d7-841b147881f8/omNode-1/ratis] (custom)
2021-10-24 12:56:08,824 [Listener at 127.0.0.1/13892] INFO  om.OzoneManager (OzoneManager.java:initFSOLayout(4357)) - Configured ozone.om.metadata.layout=SIMPLE and disabled optimized OM FS operations
2021-10-24 12:56:08,830 [pool-39-thread-1] INFO  server.RaftServerConfigKeys (ConfUtils.java:logGet(44)) - raft.server.log.corruption.policy = EXCEPTION (default)
2021-10-24 12:56:08,830 [pool-39-thread-1] INFO  server.RaftServerConfigKeys (ConfUtils.java:logGet(44)) - raft.server.storage.free-space.min = 0MB (=0) (default)
2021-10-24 12:56:08,831 [Listener at 127.0.0.1/13892] INFO  impl.MetricsSystemImpl (MetricsSystemImpl.java:init(158)) - OzoneManager metrics system started (again)
2021-10-24 12:56:08,831 [pool-39-thread-1] INFO  storage.RaftStorageDirectory (RaftStorageDirectoryImpl.java:analyzeStorage(135)) - The storage directory /home/runner/work/ozone/ozone/hadoop-ozone/integration-test/target/test-dir/MiniOzoneClusterImpl-cd96da87-0819-4dc2-95d7-841b147881f8/omNode-1/ratis/c9bc4cf4-3bc3-3c60-a66b-523986131536 does not exist. Creating ...
2021-10-24 12:56:08,836 [pool-39-thread-1] INFO  storage.RaftStorageDirectory (RaftStorageDirectoryImpl.java:tryLock(230)) - Lock on /home/runner/work/ozone/ozone/hadoop-ozone/integration-test/target/test-dir/MiniOzoneClusterImpl-cd96da87-0819-4dc2-95d7-841b147881f8/omNode-1/ratis/c9bc4cf4-3bc3-3c60-a66b-523986131536/in_use.lock acquired by nodename 13972@fv-az50-989
2021-10-24 12:56:08,851 [pool-39-thread-1] INFO  storage.RaftStorage (RaftStorageImpl.java:format(89)) - Storage directory /home/runner/work/ozone/ozone/hadoop-ozone/integration-test/target/test-dir/MiniOzoneClusterImpl-cd96da87-0819-4dc2-95d7-841b147881f8/omNode-1/ratis/c9bc4cf4-3bc3-3c60-a66b-523986131536 has been successfully formatted.
2021-10-24 12:56:08,853 [Listener at 127.0.0.1/13892] INFO  om.OzoneManager (OzoneManager.java:start(1301)) - OzoneManager RPC server is listening at localhost/127.0.0.1:13892
2021-10-24 12:56:08,853 [Listener at 127.0.0.1/13892] INFO  ratis.OzoneManagerRatisServer (OzoneManagerRatisServer.java:start(520)) - Starting OzoneManagerRatisServer omNode-1 at port 13896
2021-10-24 12:56:08,854 [pool-39-thread-1] INFO  server.RaftServerConfigKeys (ConfUtils.java:logGet(44)) - raft.server.notification.no-leader.timeout = 2s (custom)
2021-10-24 12:56:08,855 [pool-39-thread-1] INFO  server.RaftServerConfigKeys (ConfUtils.java:logGet(44)) - raft.server.log.use.memory = false (default)
2021-10-24 12:56:08,863 [pool-39-thread-1] INFO  server.RaftServerConfigKeys (ConfUtils.java:logGet(44)) - raft.server.log.purge.gap = 50 (custom)
2021-10-24 12:56:08,864 [pool-39-thread-1] INFO  server.RaftServerConfigKeys (ConfUtils.java:logGet(44)) - raft.server.log.appender.buffer.byte-limit = 33554432 (custom)
2021-10-24 12:56:08,874 [pool-39-thread-1] INFO  server.RaftServerConfigKeys (ConfUtils.java:logGet(44)) - raft.server.log.segment.size.max = 4194304 (custom)
2021-10-24 12:56:08,881 [pool-39-thread-1] INFO  server.RaftServerConfigKeys (ConfUtils.java:logGet(44)) - raft.server.log.segment.cache.num.max = 2 (custom)
2021-10-24 12:56:08,881 [pool-39-thread-1] INFO  server.RaftServerConfigKeys (ConfUtils.java:logGet(44)) - raft.server.log.segment.cache.size.max = 200MB (=209715200) (default)
2021-10-24 12:56:08,887 [pool-39-thread-1] INFO  segmented.SegmentedRaftLogWorker (SegmentedRaftLogWorker.java:<init>(182)) - new omNode-1@group-523986131536-SegmentedRaftLogWorker for RaftStorageImpl:Storage Directory /home/runner/work/ozone/ozone/hadoop-ozone/integration-test/target/test-dir/MiniOzoneClusterImpl-cd96da87-0819-4dc2-95d7-841b147881f8/omNode-1/ratis/c9bc4cf4-3bc3-3c60-a66b-523986131536
2021-10-24 12:56:08,888 [pool-39-thread-1] INFO  server.RaftServerConfigKeys (ConfUtils.java:logGet(44)) - raft.server.log.queue.byte-limit = 64MB (=67108864) (default)
2021-10-24 12:56:08,888 [pool-39-thread-1] INFO  server.RaftServerConfigKeys (ConfUtils.java:logGet(44)) - raft.server.log.queue.element-limit = 4096 (default)
2021-10-24 12:56:08,889 [pool-39-thread-1] INFO  server.RaftServerConfigKeys (ConfUtils.java:logGet(44)) - raft.server.log.segment.size.max = 4194304 (custom)
2021-10-24 12:56:08,889 [pool-39-thread-1] INFO  server.RaftServerConfigKeys (ConfUtils.java:logGet(44)) - raft.server.log.preallocated.size = 4194304 (custom)
2021-10-24 12:56:08,889 [pool-39-thread-1] INFO  server.RaftServerConfigKeys (ConfUtils.java:logGet(44)) - raft.server.log.force.sync.num = 128 (default)
2021-10-24 12:56:08,891 [pool-39-thread-1] INFO  server.RaftServerConfigKeys (ConfUtils.java:logGet(44)) - raft.server.log.statemachine.data.sync = true (default)
2021-10-24 12:56:08,891 [pool-39-thread-1] INFO  server.RaftServerConfigKeys (ConfUtils.java:logGet(44)) - raft.server.log.statemachine.data.sync.timeout = 10s (default)
2021-10-24 12:56:08,891 [pool-39-thread-1] INFO  server.RaftServerConfigKeys (ConfUtils.java:logGet(44)) - raft.server.log.statemachine.data.sync.timeout.retry = -1 (default)
2021-10-24 12:56:08,899 [pool-39-thread-1] INFO  server.RaftServerConfigKeys (ConfUtils.java:logGet(44)) - raft.server.log.write.buffer.size = 64KB (=65536) (default)
2021-10-24 12:56:08,899 [pool-39-thread-1] INFO  server.RaftServerConfigKeys (ConfUtils.java:logGet(44)) - raft.server.log.statemachine.data.caching.enabled = false (default)
2021-10-24 12:56:08,906 [pool-39-thread-1] INFO  segmented.SegmentedRaftLogWorker (SegmentedRaftLogWorker.java:lambda$new$0(133)) - omNode-1@group-523986131536-SegmentedRaftLogWorker: flushIndex: setUnconditionally 0 -> -1
2021-10-24 12:56:08,906 [pool-39-thread-1] INFO  segmented.SegmentedRaftLogWorker (SegmentedRaftLogWorker.java:lambda$new$0(133)) - omNode-1@group-523986131536-SegmentedRaftLogWorker: safeCacheEvictIndex: setUnconditionally 0 -> -1
2021-10-24 12:56:08,910 [pool-39-thread-1] INFO  server.RaftServerConfigKeys (ConfUtils.java:logGet(44)) - raft.server.snapshot.auto.trigger.enabled = true (custom)
2021-10-24 12:56:08,910 [pool-39-thread-1] INFO  server.RaftServerConfigKeys (ConfUtils.java:logGet(44)) - raft.server.snapshot.auto.trigger.threshold = 50 (custom)
2021-10-24 12:56:08,911 [pool-39-thread-1] INFO  server.RaftServerConfigKeys (ConfUtils.java:logGet(44)) - raft.server.snapshot.retention.file.num = -1 (default)
2021-10-24 12:56:08,911 [pool-39-thread-1] INFO  server.RaftServerConfigKeys (ConfUtils.java:logGet(44)) - raft.server.log.purge.upto.snapshot.index = true (custom)
2021-10-24 12:56:08,913 [pool-39-thread-1] INFO  server.RaftServerConfigKeys (ConfUtils.java:logGet(44)) - raft.server.retrycache.expirytime = 30000ms (custom)
2021-10-24 12:56:08,913 [pool-39-thread-1] INFO  server.RaftServerConfigKeys (ConfUtils.java:logGet(44)) - raft.server.retrycache.statistics.expirytime = 100μs (default)
2021-10-24 12:56:08,948 [Listener at 127.0.0.1/13892] INFO  server.RaftServer$Division (RaftServerImpl.java:start(301)) - omNode-1@group-523986131536: start as a follower, conf=-1: [omNode-3|rpc:localhost:13908|priority:0, omNode-1|rpc:localhost:13896|priority:0, omNode-2|rpc:localhost:13902|priority:0], old=null
2021-10-24 12:56:08,950 [Listener at 127.0.0.1/13892] INFO  server.RaftServer$Division (RaftServerImpl.java:setRole(290)) - omNode-1@group-523986131536: changes role from      null to FOLLOWER at term 0 for startAsFollower
2021-10-24 12:56:08,951 [Listener at 127.0.0.1/13892] INFO  impl.RoleInfo (RoleInfo.java:updateAndGet(130)) - omNode-1: start omNode-1@group-523986131536-FollowerState
2021-10-24 12:56:08,952 [Listener at 127.0.0.1/13892] INFO  util.JmxRegister (JmxRegister.java:tryRegister(44)) - Successfully registered JMX Bean with object name Ratis:service=RaftServer,group=group-523986131536,id=omNode-1
2021-10-24 12:56:08,970 [Listener at 127.0.0.1/13892] INFO  server.RaftServer (RaftServerProxy.java:lambda$start$5(374)) - omNode-1: start RPC server
2021-10-24 12:56:09,027 [Listener at 127.0.0.1/13892] INFO  server.GrpcService (GrpcService.java:startImpl(253)) - omNode-1: GrpcService started, listening on 13896
2021-10-24 12:56:09,029 [org.apache.ratis.util.JvmPauseMonitor$$Lambda$523/122473104@4fb5adb8] INFO  util.JvmPauseMonitor (JvmPauseMonitor.java:run(103)) - JvmPauseMonitor-omNode-1: Started
2021-10-24 12:56:09,029 [Listener at 127.0.0.1/13892] INFO  om.OzoneManager (OzoneManager.java:start(1319)) - Version File has different layout version (0) than OM DB (null). That is expected if this OM has never been finalized to a newer layout version.
2021-10-24 12:56:09,035 [Listener at 127.0.0.1/13892] INFO  http.BaseHttpServer (BaseHttpServer.java:newHttpServer2BuilderForOzone(209)) - Starting Web-server for ozoneManager at: http://0.0.0.0:13894
2021-10-24 12:56:09,035 [Listener at 127.0.0.1/13892] INFO  http.BaseHttpServer (BaseHttpServer.java:<init>(107)) - Hadoop Security Enabled: false Ozone Security Enabled: false Ozone HTTP Security Enabled: false 
2021-10-24 12:56:09,037 [Listener at 127.0.0.1/13892] INFO  server.AuthenticationFilter (AuthenticationFilter.java:constructSecretProvider(240)) - Unable to initialize FileSignerSecretProvider, falling back to use random secrets.
2021-10-24 12:56:09,038 [Listener at 127.0.0.1/13892] WARN  http.HttpRequestLog (HttpRequestLog.java:getRequestLog(103)) - Jetty request log can only be enabled using Log4j
2021-10-24 12:56:09,039 [Listener at 127.0.0.1/13892] INFO  http.HttpServer2 (HttpServer2.java:addGlobalFilter(1030)) - Added global filter 'safety' (class=org.apache.hadoop.hdds.server.http.HttpServer2$QuotingInputFilter)
2021-10-24 12:56:09,040 [Listener at 127.0.0.1/13892] INFO  http.HttpServer2 (HttpServer2.java:addFilter(1006)) - Added filter static_user_filter (class=org.apache.hadoop.http.lib.StaticUserWebFilter$StaticUserFilter) to context ozoneManager
2021-10-24 12:56:09,040 [Listener at 127.0.0.1/13892] INFO  http.HttpServer2 (HttpServer2.java:addFilter(1014)) - Added filter static_user_filter (class=org.apache.hadoop.http.lib.StaticUserWebFilter$StaticUserFilter) to context static
2021-10-24 12:56:09,041 [Listener at 127.0.0.1/13892] INFO  http.HttpServer2 (HttpServer2.java:addFilter(1014)) - Added filter static_user_filter (class=org.apache.hadoop.http.lib.StaticUserWebFilter$StaticUserFilter) to context logs
2021-10-24 12:56:09,042 [Listener at 127.0.0.1/13892] INFO  http.HttpServer2 (HttpServer2.java:bindListener(1249)) - Jetty bound to port 13894
2021-10-24 12:56:09,042 [Listener at 127.0.0.1/13892] INFO  server.Server (Server.java:doStart(375)) - jetty-9.4.43.v20210629; built: 2021-06-30T11:07:22.254Z; git: 526006ecfa3af7f1a27ef3a288e2bef7ea9dd7e8; jvm 1.8.0_292-b10
2021-10-24 12:56:09,056 [Listener at 127.0.0.1/13892] INFO  server.session (DefaultSessionIdManager.java:doStart(334)) - DefaultSessionIdManager workerName=node0
2021-10-24 12:56:09,056 [Listener at 127.0.0.1/13892] INFO  server.session (DefaultSessionIdManager.java:doStart(339)) - No SessionScavenger set, using defaults
2021-10-24 12:56:09,056 [Listener at 127.0.0.1/13892] INFO  server.session (HouseKeeper.java:startScavenging(132)) - node0 Scavenging every 660000ms
2021-10-24 12:56:09,057 [Listener at 127.0.0.1/13892] INFO  handler.ContextHandler (ContextHandler.java:doStart(915)) - Started o.e.j.s.ServletContextHandler@7d972029{logs,/logs,file:///home/runner/work/ozone/ozone/hadoop-ozone/integration-test/target/log,AVAILABLE}
2021-10-24 12:56:09,058 [Listener at 127.0.0.1/13892] INFO  handler.ContextHandler (ContextHandler.java:doStart(915)) - Started o.e.j.s.ServletContextHandler@74a9a20d{static,/static,file:///home/runner/work/ozone/ozone/hadoop-ozone/integration-test/target/test-classes/webapps/static,AVAILABLE}
2021-10-24 12:56:09,061 [Listener at 127.0.0.1/13892] INFO  handler.ContextHandler (ContextHandler.java:doStart(915)) - Started o.e.j.w.WebAppContext@49b7eb3{ozoneManager,/,file:///home/runner/work/ozone/ozone/hadoop-ozone/integration-test/target/test-classes/webapps/ozoneManager/,AVAILABLE}{file:/home/runner/work/ozone/ozone/hadoop-ozone/integration-test/target/test-classes/webapps/ozoneManager}
2021-10-24 12:56:09,063 [Listener at 127.0.0.1/13892] INFO  server.AbstractConnector (AbstractConnector.java:doStart(331)) - Started ServerConnector@40a43556{HTTP/1.1, (http/1.1)}{0.0.0.0:13894}
2021-10-24 12:56:09,063 [Listener at 127.0.0.1/13892] INFO  server.Server (Server.java:doStart(415)) - Started @5832ms
2021-10-24 12:56:09,063 [Listener at 127.0.0.1/13892] WARN  impl.MetricsSystemImpl (MetricsSystemImpl.java:register(279)) - Sink prometheus already exists!
2021-10-24 12:56:09,064 [Listener at 127.0.0.1/13892] INFO  http.BaseHttpServer (BaseHttpServer.java:updateConnectorAddress(329)) - HTTP server of ozoneManager listening at http://0.0.0.0:13894
2021-10-24 12:56:09,064 [IPC Server Responder] INFO  ipc.Server (Server.java:run(1507)) - IPC Server Responder: starting
2021-10-24 12:56:09,067 [IPC Server listener on 13892] INFO  ipc.Server (Server.java:run(1344)) - IPC Server listener on 13892: starting
2021-10-24 12:56:09,075 [Listener at 127.0.0.1/13892] INFO  om.OzoneManager (OzoneManager.java:startTrashEmptier(1563)) - Trash Interval set to 0. Files deleted will not move to trash
2021-10-24 12:56:09,076 [Listener at 127.0.0.1/13892] INFO  ozone.MiniOzoneHAClusterImpl (MiniOzoneHAClusterImpl.java:createOMService(485)) - Started OzoneManager omNode-1 RPC server at localhost/127.0.0.1:13892
2021-10-24 12:56:09,076 [org.apache.hadoop.util.JvmPauseMonitor$Monitor@5d354d8] INFO  util.JvmPauseMonitor (JvmPauseMonitor.java:run(188)) - Starting JVM pause monitor
2021-10-24 12:56:09,076 [Listener at 127.0.0.1/13892] INFO  ha.OMHANodeDetails (OMHANodeDetails.java:loadOMHAConfig(118)) - ServiceID for OzoneManager is om-service-test1
2021-10-24 12:56:09,079 [Listener at 127.0.0.1/13892] INFO  ha.OMHANodeDetails (OMHANodeDetails.java:loadOMHAConfig(194)) - Found matching OM address with OMServiceId: om-service-test1, OMNodeId: omNode-2, RPC Address: localhost:13898 and Ratis port: 13902
2021-10-24 12:56:09,079 [Listener at 127.0.0.1/13892] INFO  ha.OMHANodeDetails (ConfUtils.java:setNodeSpecificConfigs(108)) - Setting configuration key ozone.om.http-address with value of key ozone.om.http-address.om-service-test1.omNode-2: 127.0.0.1:13900
2021-10-24 12:56:09,079 [Listener at 127.0.0.1/13892] INFO  ha.OMHANodeDetails (ConfUtils.java:setNodeSpecificConfigs(108)) - Setting configuration key ozone.om.https-address with value of key ozone.om.https-address.om-service-test1.omNode-2: 127.0.0.1:13901
2021-10-24 12:56:09,079 [Listener at 127.0.0.1/13892] INFO  ha.OMHANodeDetails (ConfUtils.java:setNodeSpecificConfigs(108)) - Setting configuration key ozone.om.address with value of key ozone.om.address.om-service-test1.omNode-2: 127.0.0.1:13898
2021-10-24 12:56:09,080 [Listener at 127.0.0.1/13892] WARN  server.ServerUtils (ServerUtils.java:getDBPath(225)) - ozone.om.db.dirs is not configured. We recommend adding this setting. Falling back to ozone.metadata.dirs instead.
OM initialization succeeded.Current cluster id for sd=/home/runner/work/ozone/ozone/hadoop-ozone/integration-test/target/test-dir/MiniOzoneClusterImpl-cd96da87-0819-4dc2-95d7-841b147881f8/omNode-2/om;cid=cd96da87-0819-4dc2-95d7-841b147881f8;layoutVersion=0
2021-10-24 12:56:09,094 [Listener at 127.0.0.1/13892] INFO  ha.OMHANodeDetails (OMHANodeDetails.java:loadOMHAConfig(118)) - ServiceID for OzoneManager is om-service-test1
2021-10-24 12:56:09,095 [Listener at 127.0.0.1/13892] INFO  ha.OMHANodeDetails (OMHANodeDetails.java:loadOMHAConfig(194)) - Found matching OM address with OMServiceId: om-service-test1, OMNodeId: omNode-2, RPC Address: localhost:13898 and Ratis port: 13902
2021-10-24 12:56:09,095 [Listener at 127.0.0.1/13892] INFO  ha.OMHANodeDetails (ConfUtils.java:setNodeSpecificConfigs(108)) - Setting configuration key ozone.om.http-address with value of key ozone.om.http-address.om-service-test1.omNode-2: 127.0.0.1:13900
2021-10-24 12:56:09,095 [Listener at 127.0.0.1/13892] INFO  ha.OMHANodeDetails (ConfUtils.java:setNodeSpecificConfigs(108)) - Setting configuration key ozone.om.https-address with value of key ozone.om.https-address.om-service-test1.omNode-2: 127.0.0.1:13901
2021-10-24 12:56:09,095 [Listener at 127.0.0.1/13892] INFO  ha.OMHANodeDetails (ConfUtils.java:setNodeSpecificConfigs(108)) - Setting configuration key ozone.om.address with value of key ozone.om.address.om-service-test1.omNode-2: 127.0.0.1:13898
2021-10-24 12:56:09,095 [Listener at 127.0.0.1/13892] WARN  server.ServerUtils (ServerUtils.java:getDBPath(225)) - ozone.om.db.dirs is not configured. We recommend adding this setting. Falling back to ozone.metadata.dirs instead.
2021-10-24 12:56:09,096 [Listener at 127.0.0.1/13892] INFO  upgrade.AbstractLayoutVersionManager (AbstractLayoutVersionManager.java:init(79)) - Initializing Layout version manager with metadata layout = INITIAL_VERSION (version = 0), software layout = INITIAL_VERSION (version = 0)
2021-10-24 12:56:09,139 [Listener at 127.0.0.1/13892] INFO  reflections.Reflections (Reflections.java:scan(232)) - Reflections took 42 ms to scan 2 urls, producing 131 keys and 342 values [using 2 cores]
2021-10-24 12:56:09,139 [Listener at 127.0.0.1/13892] INFO  upgrade.OMLayoutVersionManager (OMLayoutVersionManager.java:lambda$0(115)) - Skipping Upgrade Action MockOmUpgradeAction since it has been finalized.
2021-10-24 12:56:09,140 [Listener at 127.0.0.1/13892] WARN  server.ServerUtils (ServerUtils.java:getDBPath(225)) - ozone.om.db.dirs is not configured. We recommend adding this setting. Falling back to ozone.metadata.dirs instead.
2021-10-24 12:56:09,150 [Listener at 127.0.0.1/13892] WARN  server.ServerUtils (ServerUtils.java:getDBPath(225)) - ozone.om.db.dirs is not configured. We recommend adding this setting. Falling back to ozone.metadata.dirs instead.
2021-10-24 12:56:09,152 [Listener at 127.0.0.1/13892] INFO  codec.OmKeyInfoCodec (OmKeyInfoCodec.java:<init>(51)) - OmKeyInfoCodec ignorePipeline = true
2021-10-24 12:56:09,152 [Listener at 127.0.0.1/13892] INFO  codec.RepeatedOmKeyInfoCodec (RepeatedOmKeyInfoCodec.java:<init>(42)) - RepeatedOmKeyInfoCodec ignorePipeline = true
2021-10-24 12:56:09,262 [Listener at 127.0.0.1/13892] INFO  om.OzoneManager (OzoneManager.java:addS3GVolumeToDB(4151)) - Created Volume s3v With Owner runner required for S3Gateway operations.
2021-10-24 12:56:09,262 [Listener at 127.0.0.1/13892] WARN  server.ServerUtils (ServerUtils.java:getDefaultRatisDirectory(237)) - Storage directory for Ratis is not configured. It is a good idea to map this to an SSD disk. Falling back to ozone.metadata.dirs
2021-10-24 12:56:09,263 [Listener at 127.0.0.1/13892] WARN  utils.OzoneManagerRatisUtils (OzoneManagerRatisUtils.java:getOMRatisSnapshotDirectory(435)) - ozone.om.ratis.snapshot.dir is not configured. Falling back to ozone.metadata.dirs config
2021-10-24 12:56:09,263 [Listener at 127.0.0.1/13892] INFO  snapshot.OzoneManagerSnapshotProvider (OzoneManagerSnapshotProvider.java:<init>(76)) - Initializing OM Snapshot Provider
2021-10-24 12:56:09,267 [Listener at 127.0.0.1/13892] WARN  impl.MetricRegistriesImpl (MetricRegistriesImpl.java:addReporterRegistration(111)) - New reporters are added after registries were created. Some metrics will be missing from the reporter. Please add reporter before adding any new registry.
2021-10-24 12:56:09,267 [Listener at 127.0.0.1/13892] WARN  impl.MetricRegistriesImpl (MetricRegistriesImpl.java:addReporterRegistration(111)) - New reporters are added after registries were created. Some metrics will be missing from the reporter. Please add reporter before adding any new registry.
2021-10-24 12:56:09,268 [Listener at 127.0.0.1/13892] WARN  server.ServerUtils (ServerUtils.java:getDefaultRatisDirectory(237)) - Storage directory for Ratis is not configured. It is a good idea to map this to an SSD disk. Falling back to ozone.metadata.dirs
2021-10-24 12:56:09,269 [Listener at 127.0.0.1/13892] INFO  ratis.OzoneManagerRatisServer (OzoneManagerRatisServer.java:<init>(159)) - Instantiating OM Ratis server with groupID: om-service-test1 and peers: localhost:13902, localhost:13908, localhost:13896
2021-10-24 12:56:09,271 [Listener at 127.0.0.1/13892] INFO  ratis.OzoneManagerStateMachine (OzoneManagerStateMachine.java:loadSnapshotInfoFromDB(605)) - LastAppliedIndex is set from TransactionInfo from OM DB as (t:0, i:~)
2021-10-24 12:56:09,275 [Listener at 127.0.0.1/13892] INFO  server.RaftServer (ConfUtils.java:logGet(44)) - raft.rpc.type = GRPC (default)
2021-10-24 12:56:09,275 [Listener at 127.0.0.1/13892] INFO  grpc.GrpcFactory (GrpcFactory.java:checkPooledByteBufAllocatorUseCacheForAllThreads(48)) - PERFORMANCE WARNING: useCacheForAllThreads is true that may cause Netty to create a lot garbage objects and, as a result, trigger GC.
	It is recommended to disable useCacheForAllThreads by setting -Dorg.apache.ratis.thirdparty.io.netty.allocator.useCacheForAllThreads=false in command line.
2021-10-24 12:56:09,275 [Listener at 127.0.0.1/13892] INFO  grpc.GrpcConfigKeys (ConfUtils.java:logGet(44)) - raft.grpc.admin.port = -1 (default)
2021-10-24 12:56:09,276 [Listener at 127.0.0.1/13892] INFO  grpc.GrpcConfigKeys (ConfUtils.java:logGet(44)) - raft.grpc.server.port = 13902 (custom)
2021-10-24 12:56:09,276 [Listener at 127.0.0.1/13892] INFO  grpc.GrpcConfigKeys (ConfUtils.java:logGet(44)) - raft.grpc.client.port = -1 (default)
2021-10-24 12:56:09,276 [Listener at 127.0.0.1/13892] INFO  grpc.GrpcConfigKeys (ConfUtils.java:logGet(44)) - raft.grpc.server.port = 13902 (custom)
2021-10-24 12:56:09,277 [Listener at 127.0.0.1/13892] INFO  grpc.GrpcConfigKeys (ConfUtils.java:logGet(44)) - raft.grpc.server.port = 13902 (custom)
2021-10-24 12:56:09,278 [Listener at 127.0.0.1/13892] INFO  server.GrpcService (ConfUtils.java:logGet(44)) - raft.grpc.message.size.max = 33554432 (custom)
2021-10-24 12:56:09,279 [Listener at 127.0.0.1/13892] INFO  server.RaftServerConfigKeys (ConfUtils.java:logGet(44)) - raft.server.log.appender.buffer.byte-limit = 33554432 (custom)
2021-10-24 12:56:09,279 [Listener at 127.0.0.1/13892] INFO  server.GrpcService (ConfUtils.java:logGet(44)) - raft.grpc.flow.control.window = 1MB (=1048576) (default)
2021-10-24 12:56:09,280 [Listener at 127.0.0.1/13892] INFO  server.RaftServerConfigKeys (ConfUtils.java:logGet(44)) - raft.server.rpc.request.timeout = 3000ms (default)
2021-10-24 12:56:09,281 [Listener at 127.0.0.1/13892] INFO  impl.DataStreamServerImpl (ConfUtils.java:logGet(44)) - raft.datastream.type = DISABLED (default)
2021-10-24 12:56:09,282 [Listener at 127.0.0.1/13892] INFO  server.RaftServerConfigKeys (ConfUtils.java:logGet(44)) - raft.server.rpc.slowness.timeout = 2s (custom)
2021-10-24 12:56:09,282 [Listener at 127.0.0.1/13892] INFO  server.RaftServerConfigKeys (ConfUtils.java:logGet(44)) - raft.server.leaderelection.leader.step-down.wait-time = 10s (default)
2021-10-24 12:56:09,282 [Listener at 127.0.0.1/13892] INFO  server.RaftServerConfigKeys (ConfUtils.java:logGet(44)) - raft.server.storage.dir = [/home/runner/work/ozone/ozone/hadoop-ozone/integration-test/target/test-dir/MiniOzoneClusterImpl-cd96da87-0819-4dc2-95d7-841b147881f8/omNode-2/ratis] (custom)
2021-10-24 12:56:09,283 [Listener at 127.0.0.1/13892] INFO  server.RaftServer (RaftServerProxy.java:addNew(95)) - omNode-2: addNew group-523986131536:[omNode-3|rpc:localhost:13908|priority:0, omNode-1|rpc:localhost:13896|priority:0, omNode-2|rpc:localhost:13902|priority:0] returns group-523986131536:java.util.concurrent.CompletableFuture@6b4684b4[Not completed]
2021-10-24 12:56:09,283 [Listener at 127.0.0.1/13892] INFO  om.OzoneManager (OzoneManager.java:initializeRatisServer(1605)) - OzoneManager Ratis server initialized at port 13902
2021-10-24 12:56:09,285 [Listener at 127.0.0.1/13892] INFO  ipc.CallQueueManager (CallQueueManager.java:<init>(90)) - Using callQueue: class java.util.concurrent.LinkedBlockingQueue, queueCapacity: 2000, scheduler: class org.apache.hadoop.ipc.DefaultRpcScheduler, ipcBackoff: false.
2021-10-24 12:56:09,289 [pool-62-thread-1] INFO  server.RaftServer$Division (RaftServerImpl.java:<init>(184)) - omNode-2: new RaftServerImpl for group-523986131536:[omNode-3|rpc:localhost:13908|priority:0, omNode-1|rpc:localhost:13896|priority:0, omNode-2|rpc:localhost:13902|priority:0] with OzoneManagerStateMachine:uninitialized
2021-10-24 12:56:09,289 [Socket Reader #1 for port 13898] INFO  ipc.Server (Server.java:run(1265)) - Starting Socket Reader #1 for port 13898
2021-10-24 12:56:09,295 [pool-62-thread-1] INFO  server.RaftServerConfigKeys (ConfUtils.java:logGet(44)) - raft.server.rpc.timeout.min = 1s (custom)
2021-10-24 12:56:09,296 [pool-62-thread-1] INFO  server.RaftServerConfigKeys (ConfUtils.java:logGet(44)) - raft.server.rpc.timeout.max = 1200ms (custom)
2021-10-24 12:56:09,296 [pool-62-thread-1] INFO  server.RaftServerConfigKeys (ConfUtils.java:logGet(44)) - raft.server.rpc.sleep.time = 25ms (default)
2021-10-24 12:56:09,297 [pool-62-thread-1] INFO  server.RaftServerConfigKeys (ConfUtils.java:logGet(44)) - raft.server.rpc.slowness.timeout = 2s (custom)
2021-10-24 12:56:09,298 [pool-62-thread-1] INFO  server.RaftServerConfigKeys (ConfUtils.java:logGet(44)) - raft.server.leaderelection.leader.step-down.wait-time = 10s (default)
2021-10-24 12:56:09,298 [pool-62-thread-1] INFO  server.RaftServerConfigKeys (ConfUtils.java:logGet(44)) - raft.server.sleep.deviation.threshold = 300ms (default)
2021-10-24 12:56:09,299 [pool-62-thread-1] INFO  server.RaftServerConfigKeys (ConfUtils.java:logGet(44)) - raft.server.log.appender.install.snapshot.enabled = false (custom)
2021-10-24 12:56:09,299 [pool-62-thread-1] INFO  server.RaftServer$Division (ServerState.java:<init>(105)) - omNode-2@group-523986131536: ConfigurationManager, init=-1: [omNode-3|rpc:localhost:13908|priority:0, omNode-1|rpc:localhost:13896|priority:0, omNode-2|rpc:localhost:13902|priority:0], old=null, confs=<EMPTY_MAP>
2021-10-24 12:56:09,299 [pool-62-thread-1] INFO  server.RaftServerConfigKeys (ConfUtils.java:logGet(44)) - raft.server.storage.dir = [/home/runner/work/ozone/ozone/hadoop-ozone/integration-test/target/test-dir/MiniOzoneClusterImpl-cd96da87-0819-4dc2-95d7-841b147881f8/omNode-2/ratis] (custom)
2021-10-24 12:56:09,300 [pool-62-thread-1] INFO  server.RaftServerConfigKeys (ConfUtils.java:logGet(44)) - raft.server.log.corruption.policy = EXCEPTION (default)
2021-10-24 12:56:09,300 [pool-62-thread-1] INFO  server.RaftServerConfigKeys (ConfUtils.java:logGet(44)) - raft.server.storage.free-space.min = 0MB (=0) (default)
2021-10-24 12:56:09,300 [pool-62-thread-1] INFO  storage.RaftStorageDirectory (RaftStorageDirectoryImpl.java:analyzeStorage(135)) - The storage directory /home/runner/work/ozone/ozone/hadoop-ozone/integration-test/target/test-dir/MiniOzoneClusterImpl-cd96da87-0819-4dc2-95d7-841b147881f8/omNode-2/ratis/c9bc4cf4-3bc3-3c60-a66b-523986131536 does not exist. Creating ...
2021-10-24 12:56:09,303 [pool-62-thread-1] INFO  storage.RaftStorageDirectory (RaftStorageDirectoryImpl.java:tryLock(230)) - Lock on /home/runner/work/ozone/ozone/hadoop-ozone/integration-test/target/test-dir/MiniOzoneClusterImpl-cd96da87-0819-4dc2-95d7-841b147881f8/omNode-2/ratis/c9bc4cf4-3bc3-3c60-a66b-523986131536/in_use.lock acquired by nodename 13972@fv-az50-989
2021-10-24 12:56:09,306 [pool-62-thread-1] INFO  storage.RaftStorage (RaftStorageImpl.java:format(89)) - Storage directory /home/runner/work/ozone/ozone/hadoop-ozone/integration-test/target/test-dir/MiniOzoneClusterImpl-cd96da87-0819-4dc2-95d7-841b147881f8/omNode-2/ratis/c9bc4cf4-3bc3-3c60-a66b-523986131536 has been successfully formatted.
2021-10-24 12:56:09,307 [pool-62-thread-1] INFO  server.RaftServerConfigKeys (ConfUtils.java:logGet(44)) - raft.server.notification.no-leader.timeout = 2s (custom)
2021-10-24 12:56:09,307 [pool-62-thread-1] INFO  server.RaftServerConfigKeys (ConfUtils.java:logGet(44)) - raft.server.log.use.memory = false (default)
2021-10-24 12:56:09,307 [pool-62-thread-1] INFO  server.RaftServerConfigKeys (ConfUtils.java:logGet(44)) - raft.server.log.purge.gap = 50 (custom)
2021-10-24 12:56:09,307 [pool-62-thread-1] INFO  server.RaftServerConfigKeys (ConfUtils.java:logGet(44)) - raft.server.log.appender.buffer.byte-limit = 33554432 (custom)
2021-10-24 12:56:09,308 [pool-62-thread-1] INFO  server.RaftServerConfigKeys (ConfUtils.java:logGet(44)) - raft.server.log.segment.size.max = 4194304 (custom)
2021-10-24 12:56:09,308 [pool-62-thread-1] INFO  server.RaftServerConfigKeys (ConfUtils.java:logGet(44)) - raft.server.log.segment.cache.num.max = 2 (custom)
2021-10-24 12:56:09,308 [pool-62-thread-1] INFO  server.RaftServerConfigKeys (ConfUtils.java:logGet(44)) - raft.server.log.segment.cache.size.max = 200MB (=209715200) (default)
2021-10-24 12:56:09,309 [pool-62-thread-1] INFO  segmented.SegmentedRaftLogWorker (SegmentedRaftLogWorker.java:<init>(182)) - new omNode-2@group-523986131536-SegmentedRaftLogWorker for RaftStorageImpl:Storage Directory /home/runner/work/ozone/ozone/hadoop-ozone/integration-test/target/test-dir/MiniOzoneClusterImpl-cd96da87-0819-4dc2-95d7-841b147881f8/omNode-2/ratis/c9bc4cf4-3bc3-3c60-a66b-523986131536
2021-10-24 12:56:09,310 [pool-62-thread-1] INFO  server.RaftServerConfigKeys (ConfUtils.java:logGet(44)) - raft.server.log.queue.byte-limit = 64MB (=67108864) (default)
2021-10-24 12:56:09,310 [pool-62-thread-1] INFO  server.RaftServerConfigKeys (ConfUtils.java:logGet(44)) - raft.server.log.queue.element-limit = 4096 (default)
2021-10-24 12:56:09,311 [pool-62-thread-1] INFO  server.RaftServerConfigKeys (ConfUtils.java:logGet(44)) - raft.server.log.segment.size.max = 4194304 (custom)
2021-10-24 12:56:09,312 [pool-62-thread-1] INFO  server.RaftServerConfigKeys (ConfUtils.java:logGet(44)) - raft.server.log.preallocated.size = 4194304 (custom)
2021-10-24 12:56:09,312 [pool-62-thread-1] INFO  server.RaftServerConfigKeys (ConfUtils.java:logGet(44)) - raft.server.log.force.sync.num = 128 (default)
2021-10-24 12:56:09,312 [pool-62-thread-1] INFO  server.RaftServerConfigKeys (ConfUtils.java:logGet(44)) - raft.server.log.statemachine.data.sync = true (default)
2021-10-24 12:56:09,312 [pool-62-thread-1] INFO  server.RaftServerConfigKeys (ConfUtils.java:logGet(44)) - raft.server.log.statemachine.data.sync.timeout = 10s (default)
2021-10-24 12:56:09,313 [pool-62-thread-1] INFO  server.RaftServerConfigKeys (ConfUtils.java:logGet(44)) - raft.server.log.statemachine.data.sync.timeout.retry = -1 (default)
2021-10-24 12:56:09,317 [pool-62-thread-1] INFO  server.RaftServerConfigKeys (ConfUtils.java:logGet(44)) - raft.server.log.write.buffer.size = 64KB (=65536) (default)
2021-10-24 12:56:09,317 [pool-62-thread-1] INFO  server.RaftServerConfigKeys (ConfUtils.java:logGet(44)) - raft.server.log.statemachine.data.caching.enabled = false (default)
2021-10-24 12:56:09,317 [pool-62-thread-1] INFO  segmented.SegmentedRaftLogWorker (SegmentedRaftLogWorker.java:lambda$new$0(133)) - omNode-2@group-523986131536-SegmentedRaftLogWorker: flushIndex: setUnconditionally 0 -> -1
2021-10-24 12:56:09,318 [pool-62-thread-1] INFO  segmented.SegmentedRaftLogWorker (SegmentedRaftLogWorker.java:lambda$new$0(133)) - omNode-2@group-523986131536-SegmentedRaftLogWorker: safeCacheEvictIndex: setUnconditionally 0 -> -1
2021-10-24 12:56:09,327 [pool-62-thread-1] INFO  server.RaftServerConfigKeys (ConfUtils.java:logGet(44)) - raft.server.snapshot.auto.trigger.enabled = true (custom)
2021-10-24 12:56:09,327 [pool-62-thread-1] INFO  server.RaftServerConfigKeys (ConfUtils.java:logGet(44)) - raft.server.snapshot.auto.trigger.threshold = 50 (custom)
2021-10-24 12:56:09,327 [pool-62-thread-1] INFO  server.RaftServerConfigKeys (ConfUtils.java:logGet(44)) - raft.server.snapshot.retention.file.num = -1 (default)
2021-10-24 12:56:09,327 [pool-62-thread-1] INFO  server.RaftServerConfigKeys (ConfUtils.java:logGet(44)) - raft.server.log.purge.upto.snapshot.index = true (custom)
2021-10-24 12:56:09,327 [pool-62-thread-1] INFO  server.RaftServerConfigKeys (ConfUtils.java:logGet(44)) - raft.server.retrycache.expirytime = 30000ms (custom)
2021-10-24 12:56:09,327 [pool-62-thread-1] INFO  server.RaftServerConfigKeys (ConfUtils.java:logGet(44)) - raft.server.retrycache.statistics.expirytime = 100μs (default)
2021-10-24 12:56:09,332 [Listener at 127.0.0.1/13898] INFO  om.OzoneManager (OzoneManager.java:initFSOLayout(4357)) - Configured ozone.om.metadata.layout=SIMPLE and disabled optimized OM FS operations
2021-10-24 12:56:09,335 [Listener at 127.0.0.1/13898] INFO  impl.MetricsSystemImpl (MetricsSystemImpl.java:init(158)) - OzoneManager metrics system started (again)
2021-10-24 12:56:09,350 [Listener at 127.0.0.1/13898] INFO  om.OzoneManager (OzoneManager.java:start(1301)) - OzoneManager RPC server is listening at localhost/127.0.0.1:13898
2021-10-24 12:56:09,350 [Listener at 127.0.0.1/13898] INFO  ratis.OzoneManagerRatisServer (OzoneManagerRatisServer.java:start(520)) - Starting OzoneManagerRatisServer omNode-2 at port 13902
2021-10-24 12:56:09,351 [Listener at 127.0.0.1/13898] INFO  server.RaftServer$Division (RaftServerImpl.java:start(301)) - omNode-2@group-523986131536: start as a follower, conf=-1: [omNode-3|rpc:localhost:13908|priority:0, omNode-1|rpc:localhost:13896|priority:0, omNode-2|rpc:localhost:13902|priority:0], old=null
2021-10-24 12:56:09,351 [Listener at 127.0.0.1/13898] INFO  server.RaftServer$Division (RaftServerImpl.java:setRole(290)) - omNode-2@group-523986131536: changes role from      null to FOLLOWER at term 0 for startAsFollower
2021-10-24 12:56:09,351 [Listener at 127.0.0.1/13898] INFO  impl.RoleInfo (RoleInfo.java:updateAndGet(130)) - omNode-2: start omNode-2@group-523986131536-FollowerState
2021-10-24 12:56:09,353 [Listener at 127.0.0.1/13898] INFO  util.JmxRegister (JmxRegister.java:tryRegister(44)) - Successfully registered JMX Bean with object name Ratis:service=RaftServer,group=group-523986131536,id=omNode-2
2021-10-24 12:56:09,357 [Listener at 127.0.0.1/13898] INFO  server.RaftServer (RaftServerProxy.java:lambda$start$5(374)) - omNode-2: start RPC server
2021-10-24 12:56:09,358 [Listener at 127.0.0.1/13898] INFO  server.GrpcService (GrpcService.java:startImpl(253)) - omNode-2: GrpcService started, listening on 13902
2021-10-24 12:56:09,363 [Listener at 127.0.0.1/13898] INFO  om.OzoneManager (OzoneManager.java:start(1319)) - Version File has different layout version (0) than OM DB (null). That is expected if this OM has never been finalized to a newer layout version.
2021-10-24 12:56:09,364 [org.apache.ratis.util.JvmPauseMonitor$$Lambda$523/122473104@1fa67a80] INFO  util.JvmPauseMonitor (JvmPauseMonitor.java:run(103)) - JvmPauseMonitor-omNode-2: Started
2021-10-24 12:56:09,367 [Listener at 127.0.0.1/13898] INFO  http.BaseHttpServer (BaseHttpServer.java:newHttpServer2BuilderForOzone(209)) - Starting Web-server for ozoneManager at: http://0.0.0.0:13900
2021-10-24 12:56:09,367 [Listener at 127.0.0.1/13898] INFO  http.BaseHttpServer (BaseHttpServer.java:<init>(107)) - Hadoop Security Enabled: false Ozone Security Enabled: false Ozone HTTP Security Enabled: false 
2021-10-24 12:56:09,368 [Listener at 127.0.0.1/13898] INFO  server.AuthenticationFilter (AuthenticationFilter.java:constructSecretProvider(240)) - Unable to initialize FileSignerSecretProvider, falling back to use random secrets.
2021-10-24 12:56:09,368 [Listener at 127.0.0.1/13898] WARN  http.HttpRequestLog (HttpRequestLog.java:getRequestLog(103)) - Jetty request log can only be enabled using Log4j
2021-10-24 12:56:09,369 [Listener at 127.0.0.1/13898] INFO  http.HttpServer2 (HttpServer2.java:addGlobalFilter(1030)) - Added global filter 'safety' (class=org.apache.hadoop.hdds.server.http.HttpServer2$QuotingInputFilter)
2021-10-24 12:56:09,370 [Listener at 127.0.0.1/13898] INFO  http.HttpServer2 (HttpServer2.java:addFilter(1006)) - Added filter static_user_filter (class=org.apache.hadoop.http.lib.StaticUserWebFilter$StaticUserFilter) to context ozoneManager
2021-10-24 12:56:09,371 [Listener at 127.0.0.1/13898] INFO  http.HttpServer2 (HttpServer2.java:addFilter(1014)) - Added filter static_user_filter (class=org.apache.hadoop.http.lib.StaticUserWebFilter$StaticUserFilter) to context static
2021-10-24 12:56:09,371 [Listener at 127.0.0.1/13898] INFO  http.HttpServer2 (HttpServer2.java:addFilter(1014)) - Added filter static_user_filter (class=org.apache.hadoop.http.lib.StaticUserWebFilter$StaticUserFilter) to context logs
2021-10-24 12:56:09,371 [Listener at 127.0.0.1/13898] INFO  http.HttpServer2 (HttpServer2.java:bindListener(1249)) - Jetty bound to port 13900
2021-10-24 12:56:09,371 [Listener at 127.0.0.1/13898] INFO  server.Server (Server.java:doStart(375)) - jetty-9.4.43.v20210629; built: 2021-06-30T11:07:22.254Z; git: 526006ecfa3af7f1a27ef3a288e2bef7ea9dd7e8; jvm 1.8.0_292-b10
2021-10-24 12:56:09,374 [Listener at 127.0.0.1/13898] INFO  server.session (DefaultSessionIdManager.java:doStart(334)) - DefaultSessionIdManager workerName=node0
2021-10-24 12:56:09,374 [Listener at 127.0.0.1/13898] INFO  server.session (DefaultSessionIdManager.java:doStart(339)) - No SessionScavenger set, using defaults
2021-10-24 12:56:09,374 [Listener at 127.0.0.1/13898] INFO  server.session (HouseKeeper.java:startScavenging(132)) - node0 Scavenging every 660000ms
2021-10-24 12:56:09,375 [Listener at 127.0.0.1/13898] INFO  handler.ContextHandler (ContextHandler.java:doStart(915)) - Started o.e.j.s.ServletContextHandler@6236d83a{logs,/logs,file:///home/runner/work/ozone/ozone/hadoop-ozone/integration-test/target/log,AVAILABLE}
2021-10-24 12:56:09,376 [Listener at 127.0.0.1/13898] INFO  handler.ContextHandler (ContextHandler.java:doStart(915)) - Started o.e.j.s.ServletContextHandler@5ae3f8e4{static,/static,file:///home/runner/work/ozone/ozone/hadoop-ozone/integration-test/target/test-classes/webapps/static,AVAILABLE}
2021-10-24 12:56:09,380 [Listener at 127.0.0.1/13898] INFO  handler.ContextHandler (ContextHandler.java:doStart(915)) - Started o.e.j.w.WebAppContext@736b8ed4{ozoneManager,/,file:///home/runner/work/ozone/ozone/hadoop-ozone/integration-test/target/test-classes/webapps/ozoneManager/,AVAILABLE}{file:/home/runner/work/ozone/ozone/hadoop-ozone/integration-test/target/test-classes/webapps/ozoneManager}
2021-10-24 12:56:09,381 [Listener at 127.0.0.1/13898] INFO  server.AbstractConnector (AbstractConnector.java:doStart(331)) - Started ServerConnector@23e782e0{HTTP/1.1, (http/1.1)}{0.0.0.0:13900}
2021-10-24 12:56:09,381 [Listener at 127.0.0.1/13898] INFO  server.Server (Server.java:doStart(415)) - Started @6150ms
2021-10-24 12:56:09,381 [Listener at 127.0.0.1/13898] WARN  impl.MetricsSystemImpl (MetricsSystemImpl.java:register(279)) - Sink prometheus already exists!
2021-10-24 12:56:09,382 [Listener at 127.0.0.1/13898] INFO  http.BaseHttpServer (BaseHttpServer.java:updateConnectorAddress(329)) - HTTP server of ozoneManager listening at http://0.0.0.0:13900
2021-10-24 12:56:09,383 [IPC Server Responder] INFO  ipc.Server (Server.java:run(1507)) - IPC Server Responder: starting
2021-10-24 12:56:09,387 [IPC Server listener on 13898] INFO  ipc.Server (Server.java:run(1344)) - IPC Server listener on 13898: starting
2021-10-24 12:56:09,391 [Listener at 127.0.0.1/13898] INFO  om.OzoneManager (OzoneManager.java:startTrashEmptier(1563)) - Trash Interval set to 0. Files deleted will not move to trash
2021-10-24 12:56:09,392 [Listener at 127.0.0.1/13898] INFO  ozone.MiniOzoneHAClusterImpl (MiniOzoneHAClusterImpl.java:createOMService(485)) - Started OzoneManager omNode-2 RPC server at localhost/127.0.0.1:13898
2021-10-24 12:56:09,392 [Listener at 127.0.0.1/13898] INFO  ha.OMHANodeDetails (OMHANodeDetails.java:loadOMHAConfig(118)) - ServiceID for OzoneManager is om-service-test1
2021-10-24 12:56:09,393 [Listener at 127.0.0.1/13898] INFO  ha.OMHANodeDetails (OMHANodeDetails.java:loadOMHAConfig(194)) - Found matching OM address with OMServiceId: om-service-test1, OMNodeId: omNode-3, RPC Address: localhost:13904 and Ratis port: 13908
2021-10-24 12:56:09,393 [Listener at 127.0.0.1/13898] INFO  ha.OMHANodeDetails (ConfUtils.java:setNodeSpecificConfigs(108)) - Setting configuration key ozone.om.http-address with value of key ozone.om.http-address.om-service-test1.omNode-3: 127.0.0.1:13906
2021-10-24 12:56:09,393 [Listener at 127.0.0.1/13898] INFO  ha.OMHANodeDetails (ConfUtils.java:setNodeSpecificConfigs(108)) - Setting configuration key ozone.om.https-address with value of key ozone.om.https-address.om-service-test1.omNode-3: 127.0.0.1:13907
2021-10-24 12:56:09,393 [Listener at 127.0.0.1/13898] INFO  ha.OMHANodeDetails (ConfUtils.java:setNodeSpecificConfigs(108)) - Setting configuration key ozone.om.address with value of key ozone.om.address.om-service-test1.omNode-3: 127.0.0.1:13904
2021-10-24 12:56:09,393 [Listener at 127.0.0.1/13898] WARN  server.ServerUtils (ServerUtils.java:getDBPath(225)) - ozone.om.db.dirs is not configured. We recommend adding this setting. Falling back to ozone.metadata.dirs instead.
2021-10-24 12:56:09,402 [org.apache.hadoop.util.JvmPauseMonitor$Monitor@1b047ad] INFO  util.JvmPauseMonitor (JvmPauseMonitor.java:run(188)) - Starting JVM pause monitor
OM initialization succeeded.Current cluster id for sd=/home/runner/work/ozone/ozone/hadoop-ozone/integration-test/target/test-dir/MiniOzoneClusterImpl-cd96da87-0819-4dc2-95d7-841b147881f8/omNode-3/om;cid=cd96da87-0819-4dc2-95d7-841b147881f8;layoutVersion=0
2021-10-24 12:56:09,408 [Listener at 127.0.0.1/13898] INFO  ha.OMHANodeDetails (OMHANodeDetails.java:loadOMHAConfig(118)) - ServiceID for OzoneManager is om-service-test1
2021-10-24 12:56:09,408 [Listener at 127.0.0.1/13898] INFO  ha.OMHANodeDetails (OMHANodeDetails.java:loadOMHAConfig(194)) - Found matching OM address with OMServiceId: om-service-test1, OMNodeId: omNode-3, RPC Address: localhost:13904 and Ratis port: 13908
2021-10-24 12:56:09,409 [Listener at 127.0.0.1/13898] INFO  ha.OMHANodeDetails (ConfUtils.java:setNodeSpecificConfigs(108)) - Setting configuration key ozone.om.http-address with value of key ozone.om.http-address.om-service-test1.omNode-3: 127.0.0.1:13906
2021-10-24 12:56:09,409 [Listener at 127.0.0.1/13898] INFO  ha.OMHANodeDetails (ConfUtils.java:setNodeSpecificConfigs(108)) - Setting configuration key ozone.om.https-address with value of key ozone.om.https-address.om-service-test1.omNode-3: 127.0.0.1:13907
2021-10-24 12:56:09,409 [Listener at 127.0.0.1/13898] INFO  ha.OMHANodeDetails (ConfUtils.java:setNodeSpecificConfigs(108)) - Setting configuration key ozone.om.address with value of key ozone.om.address.om-service-test1.omNode-3: 127.0.0.1:13904
2021-10-24 12:56:09,409 [Listener at 127.0.0.1/13898] WARN  server.ServerUtils (ServerUtils.java:getDBPath(225)) - ozone.om.db.dirs is not configured. We recommend adding this setting. Falling back to ozone.metadata.dirs instead.
2021-10-24 12:56:09,409 [Listener at 127.0.0.1/13898] INFO  upgrade.AbstractLayoutVersionManager (AbstractLayoutVersionManager.java:init(79)) - Initializing Layout version manager with metadata layout = INITIAL_VERSION (version = 0), software layout = INITIAL_VERSION (version = 0)
2021-10-24 12:56:09,456 [Listener at 127.0.0.1/13898] INFO  reflections.Reflections (Reflections.java:scan(232)) - Reflections took 46 ms to scan 2 urls, producing 131 keys and 342 values [using 2 cores]
2021-10-24 12:56:09,456 [Listener at 127.0.0.1/13898] INFO  upgrade.OMLayoutVersionManager (OMLayoutVersionManager.java:lambda$0(115)) - Skipping Upgrade Action MockOmUpgradeAction since it has been finalized.
2021-10-24 12:56:09,457 [Listener at 127.0.0.1/13898] WARN  server.ServerUtils (ServerUtils.java:getDBPath(225)) - ozone.om.db.dirs is not configured. We recommend adding this setting. Falling back to ozone.metadata.dirs instead.
2021-10-24 12:56:09,469 [Listener at 127.0.0.1/13898] WARN  server.ServerUtils (ServerUtils.java:getDBPath(225)) - ozone.om.db.dirs is not configured. We recommend adding this setting. Falling back to ozone.metadata.dirs instead.
2021-10-24 12:56:09,470 [Listener at 127.0.0.1/13898] INFO  codec.OmKeyInfoCodec (OmKeyInfoCodec.java:<init>(51)) - OmKeyInfoCodec ignorePipeline = true
2021-10-24 12:56:09,470 [Listener at 127.0.0.1/13898] INFO  codec.RepeatedOmKeyInfoCodec (RepeatedOmKeyInfoCodec.java:<init>(42)) - RepeatedOmKeyInfoCodec ignorePipeline = true
2021-10-24 12:56:09,594 [Listener at 127.0.0.1/13898] INFO  om.OzoneManager (OzoneManager.java:addS3GVolumeToDB(4151)) - Created Volume s3v With Owner runner required for S3Gateway operations.
2021-10-24 12:56:09,594 [Listener at 127.0.0.1/13898] WARN  server.ServerUtils (ServerUtils.java:getDefaultRatisDirectory(237)) - Storage directory for Ratis is not configured. It is a good idea to map this to an SSD disk. Falling back to ozone.metadata.dirs
2021-10-24 12:56:09,595 [Listener at 127.0.0.1/13898] WARN  utils.OzoneManagerRatisUtils (OzoneManagerRatisUtils.java:getOMRatisSnapshotDirectory(435)) - ozone.om.ratis.snapshot.dir is not configured. Falling back to ozone.metadata.dirs config
2021-10-24 12:56:09,595 [Listener at 127.0.0.1/13898] INFO  snapshot.OzoneManagerSnapshotProvider (OzoneManagerSnapshotProvider.java:<init>(76)) - Initializing OM Snapshot Provider
2021-10-24 12:56:09,596 [Listener at 127.0.0.1/13898] WARN  impl.MetricRegistriesImpl (MetricRegistriesImpl.java:addReporterRegistration(111)) - New reporters are added after registries were created. Some metrics will be missing from the reporter. Please add reporter before adding any new registry.
2021-10-24 12:56:09,596 [Listener at 127.0.0.1/13898] WARN  impl.MetricRegistriesImpl (MetricRegistriesImpl.java:addReporterRegistration(111)) - New reporters are added after registries were created. Some metrics will be missing from the reporter. Please add reporter before adding any new registry.
2021-10-24 12:56:09,597 [Listener at 127.0.0.1/13898] WARN  server.ServerUtils (ServerUtils.java:getDefaultRatisDirectory(237)) - Storage directory for Ratis is not configured. It is a good idea to map this to an SSD disk. Falling back to ozone.metadata.dirs
2021-10-24 12:56:09,598 [Listener at 127.0.0.1/13898] INFO  ratis.OzoneManagerRatisServer (OzoneManagerRatisServer.java:<init>(159)) - Instantiating OM Ratis server with groupID: om-service-test1 and peers: localhost:13908, localhost:13896, localhost:13902
2021-10-24 12:56:09,598 [Listener at 127.0.0.1/13898] INFO  ratis.OzoneManagerStateMachine (OzoneManagerStateMachine.java:loadSnapshotInfoFromDB(605)) - LastAppliedIndex is set from TransactionInfo from OM DB as (t:0, i:~)
2021-10-24 12:56:09,599 [Listener at 127.0.0.1/13898] INFO  server.RaftServer (ConfUtils.java:logGet(44)) - raft.rpc.type = GRPC (default)
2021-10-24 12:56:09,599 [Listener at 127.0.0.1/13898] INFO  grpc.GrpcFactory (GrpcFactory.java:checkPooledByteBufAllocatorUseCacheForAllThreads(48)) - PERFORMANCE WARNING: useCacheForAllThreads is true that may cause Netty to create a lot garbage objects and, as a result, trigger GC.
	It is recommended to disable useCacheForAllThreads by setting -Dorg.apache.ratis.thirdparty.io.netty.allocator.useCacheForAllThreads=false in command line.
2021-10-24 12:56:09,599 [Listener at 127.0.0.1/13898] INFO  grpc.GrpcConfigKeys (ConfUtils.java:logGet(44)) - raft.grpc.admin.port = -1 (default)
2021-10-24 12:56:09,599 [Listener at 127.0.0.1/13898] INFO  grpc.GrpcConfigKeys (ConfUtils.java:logGet(44)) - raft.grpc.server.port = 13908 (custom)
2021-10-24 12:56:09,599 [Listener at 127.0.0.1/13898] INFO  grpc.GrpcConfigKeys (ConfUtils.java:logGet(44)) - raft.grpc.client.port = -1 (default)
2021-10-24 12:56:09,599 [Listener at 127.0.0.1/13898] INFO  grpc.GrpcConfigKeys (ConfUtils.java:logGet(44)) - raft.grpc.server.port = 13908 (custom)
2021-10-24 12:56:09,599 [Listener at 127.0.0.1/13898] INFO  grpc.GrpcConfigKeys (ConfUtils.java:logGet(44)) - raft.grpc.server.port = 13908 (custom)
2021-10-24 12:56:09,600 [Listener at 127.0.0.1/13898] INFO  server.GrpcService (ConfUtils.java:logGet(44)) - raft.grpc.message.size.max = 33554432 (custom)
2021-10-24 12:56:09,600 [Listener at 127.0.0.1/13898] INFO  server.RaftServerConfigKeys (ConfUtils.java:logGet(44)) - raft.server.log.appender.buffer.byte-limit = 33554432 (custom)
2021-10-24 12:56:09,600 [Listener at 127.0.0.1/13898] INFO  server.GrpcService (ConfUtils.java:logGet(44)) - raft.grpc.flow.control.window = 1MB (=1048576) (default)
2021-10-24 12:56:09,600 [Listener at 127.0.0.1/13898] INFO  server.RaftServerConfigKeys (ConfUtils.java:logGet(44)) - raft.server.rpc.request.timeout = 3000ms (default)
2021-10-24 12:56:09,601 [Listener at 127.0.0.1/13898] INFO  impl.DataStreamServerImpl (ConfUtils.java:logGet(44)) - raft.datastream.type = DISABLED (default)
2021-10-24 12:56:09,601 [Listener at 127.0.0.1/13898] INFO  server.RaftServerConfigKeys (ConfUtils.java:logGet(44)) - raft.server.rpc.slowness.timeout = 2s (custom)
2021-10-24 12:56:09,601 [Listener at 127.0.0.1/13898] INFO  server.RaftServerConfigKeys (ConfUtils.java:logGet(44)) - raft.server.leaderelection.leader.step-down.wait-time = 10s (default)
2021-10-24 12:56:09,601 [Listener at 127.0.0.1/13898] INFO  server.RaftServerConfigKeys (ConfUtils.java:logGet(44)) - raft.server.storage.dir = [/home/runner/work/ozone/ozone/hadoop-ozone/integration-test/target/test-dir/MiniOzoneClusterImpl-cd96da87-0819-4dc2-95d7-841b147881f8/omNode-3/ratis] (custom)
2021-10-24 12:56:09,602 [Listener at 127.0.0.1/13898] INFO  server.RaftServer (RaftServerProxy.java:addNew(95)) - omNode-3: addNew group-523986131536:[omNode-3|rpc:localhost:13908|priority:0, omNode-1|rpc:localhost:13896|priority:0, omNode-2|rpc:localhost:13902|priority:0] returns group-523986131536:java.util.concurrent.CompletableFuture@69a12179[Not completed]
2021-10-24 12:56:09,602 [Listener at 127.0.0.1/13898] INFO  om.OzoneManager (OzoneManager.java:initializeRatisServer(1605)) - OzoneManager Ratis server initialized at port 13908
2021-10-24 12:56:09,604 [Listener at 127.0.0.1/13898] INFO  ipc.CallQueueManager (CallQueueManager.java:<init>(90)) - Using callQueue: class java.util.concurrent.LinkedBlockingQueue, queueCapacity: 2000, scheduler: class org.apache.hadoop.ipc.DefaultRpcScheduler, ipcBackoff: false.
2021-10-24 12:56:09,604 [pool-83-thread-1] INFO  server.RaftServer$Division (RaftServerImpl.java:<init>(184)) - omNode-3: new RaftServerImpl for group-523986131536:[omNode-3|rpc:localhost:13908|priority:0, omNode-1|rpc:localhost:13896|priority:0, omNode-2|rpc:localhost:13902|priority:0] with OzoneManagerStateMachine:uninitialized
2021-10-24 12:56:09,607 [pool-83-thread-1] INFO  server.RaftServerConfigKeys (ConfUtils.java:logGet(44)) - raft.server.rpc.timeout.min = 1s (custom)
2021-10-24 12:56:09,608 [pool-83-thread-1] INFO  server.RaftServerConfigKeys (ConfUtils.java:logGet(44)) - raft.server.rpc.timeout.max = 1200ms (custom)
2021-10-24 12:56:09,609 [pool-83-thread-1] INFO  server.RaftServerConfigKeys (ConfUtils.java:logGet(44)) - raft.server.rpc.sleep.time = 25ms (default)
2021-10-24 12:56:09,611 [pool-83-thread-1] INFO  server.RaftServerConfigKeys (ConfUtils.java:logGet(44)) - raft.server.rpc.slowness.timeout = 2s (custom)
2021-10-24 12:56:09,611 [pool-83-thread-1] INFO  server.RaftServerConfigKeys (ConfUtils.java:logGet(44)) - raft.server.leaderelection.leader.step-down.wait-time = 10s (default)
2021-10-24 12:56:09,611 [pool-83-thread-1] INFO  server.RaftServerConfigKeys (ConfUtils.java:logGet(44)) - raft.server.sleep.deviation.threshold = 300ms (default)
2021-10-24 12:56:09,611 [pool-83-thread-1] INFO  server.RaftServerConfigKeys (ConfUtils.java:logGet(44)) - raft.server.log.appender.install.snapshot.enabled = false (custom)
2021-10-24 12:56:09,612 [pool-83-thread-1] INFO  server.RaftServer$Division (ServerState.java:<init>(105)) - omNode-3@group-523986131536: ConfigurationManager, init=-1: [omNode-3|rpc:localhost:13908|priority:0, omNode-1|rpc:localhost:13896|priority:0, omNode-2|rpc:localhost:13902|priority:0], old=null, confs=<EMPTY_MAP>
2021-10-24 12:56:09,612 [pool-83-thread-1] INFO  server.RaftServerConfigKeys (ConfUtils.java:logGet(44)) - raft.server.storage.dir = [/home/runner/work/ozone/ozone/hadoop-ozone/integration-test/target/test-dir/MiniOzoneClusterImpl-cd96da87-0819-4dc2-95d7-841b147881f8/omNode-3/ratis] (custom)
2021-10-24 12:56:09,612 [pool-83-thread-1] INFO  server.RaftServerConfigKeys (ConfUtils.java:logGet(44)) - raft.server.log.corruption.policy = EXCEPTION (default)
2021-10-24 12:56:09,612 [pool-83-thread-1] INFO  server.RaftServerConfigKeys (ConfUtils.java:logGet(44)) - raft.server.storage.free-space.min = 0MB (=0) (default)
2021-10-24 12:56:09,612 [pool-83-thread-1] INFO  storage.RaftStorageDirectory (RaftStorageDirectoryImpl.java:analyzeStorage(135)) - The storage directory /home/runner/work/ozone/ozone/hadoop-ozone/integration-test/target/test-dir/MiniOzoneClusterImpl-cd96da87-0819-4dc2-95d7-841b147881f8/omNode-3/ratis/c9bc4cf4-3bc3-3c60-a66b-523986131536 does not exist. Creating ...
2021-10-24 12:56:09,613 [Socket Reader #1 for port 13904] INFO  ipc.Server (Server.java:run(1265)) - Starting Socket Reader #1 for port 13904
2021-10-24 12:56:09,615 [pool-83-thread-1] INFO  storage.RaftStorageDirectory (RaftStorageDirectoryImpl.java:tryLock(230)) - Lock on /home/runner/work/ozone/ozone/hadoop-ozone/integration-test/target/test-dir/MiniOzoneClusterImpl-cd96da87-0819-4dc2-95d7-841b147881f8/omNode-3/ratis/c9bc4cf4-3bc3-3c60-a66b-523986131536/in_use.lock acquired by nodename 13972@fv-az50-989
2021-10-24 12:56:09,632 [pool-83-thread-1] INFO  storage.RaftStorage (RaftStorageImpl.java:format(89)) - Storage directory /home/runner/work/ozone/ozone/hadoop-ozone/integration-test/target/test-dir/MiniOzoneClusterImpl-cd96da87-0819-4dc2-95d7-841b147881f8/omNode-3/ratis/c9bc4cf4-3bc3-3c60-a66b-523986131536 has been successfully formatted.
2021-10-24 12:56:09,633 [pool-83-thread-1] INFO  server.RaftServerConfigKeys (ConfUtils.java:logGet(44)) - raft.server.notification.no-leader.timeout = 2s (custom)
2021-10-24 12:56:09,633 [pool-83-thread-1] INFO  server.RaftServerConfigKeys (ConfUtils.java:logGet(44)) - raft.server.log.use.memory = false (default)
2021-10-24 12:56:09,634 [pool-83-thread-1] INFO  server.RaftServerConfigKeys (ConfUtils.java:logGet(44)) - raft.server.log.purge.gap = 50 (custom)
2021-10-24 12:56:09,634 [pool-83-thread-1] INFO  server.RaftServerConfigKeys (ConfUtils.java:logGet(44)) - raft.server.log.appender.buffer.byte-limit = 33554432 (custom)
2021-10-24 12:56:09,634 [pool-83-thread-1] INFO  server.RaftServerConfigKeys (ConfUtils.java:logGet(44)) - raft.server.log.segment.size.max = 4194304 (custom)
2021-10-24 12:56:09,635 [pool-83-thread-1] INFO  server.RaftServerConfigKeys (ConfUtils.java:logGet(44)) - raft.server.log.segment.cache.num.max = 2 (custom)
2021-10-24 12:56:09,635 [pool-83-thread-1] INFO  server.RaftServerConfigKeys (ConfUtils.java:logGet(44)) - raft.server.log.segment.cache.size.max = 200MB (=209715200) (default)
2021-10-24 12:56:09,636 [pool-83-thread-1] INFO  segmented.SegmentedRaftLogWorker (SegmentedRaftLogWorker.java:<init>(182)) - new omNode-3@group-523986131536-SegmentedRaftLogWorker for RaftStorageImpl:Storage Directory /home/runner/work/ozone/ozone/hadoop-ozone/integration-test/target/test-dir/MiniOzoneClusterImpl-cd96da87-0819-4dc2-95d7-841b147881f8/omNode-3/ratis/c9bc4cf4-3bc3-3c60-a66b-523986131536
2021-10-24 12:56:09,636 [pool-83-thread-1] INFO  server.RaftServerConfigKeys (ConfUtils.java:logGet(44)) - raft.server.log.queue.byte-limit = 64MB (=67108864) (default)
2021-10-24 12:56:09,636 [pool-83-thread-1] INFO  server.RaftServerConfigKeys (ConfUtils.java:logGet(44)) - raft.server.log.queue.element-limit = 4096 (default)
2021-10-24 12:56:09,636 [pool-83-thread-1] INFO  server.RaftServerConfigKeys (ConfUtils.java:logGet(44)) - raft.server.log.segment.size.max = 4194304 (custom)
2021-10-24 12:56:09,636 [pool-83-thread-1] INFO  server.RaftServerConfigKeys (ConfUtils.java:logGet(44)) - raft.server.log.preallocated.size = 4194304 (custom)
2021-10-24 12:56:09,636 [pool-83-thread-1] INFO  server.RaftServerConfigKeys (ConfUtils.java:logGet(44)) - raft.server.log.force.sync.num = 128 (default)
2021-10-24 12:56:09,636 [pool-83-thread-1] INFO  server.RaftServerConfigKeys (ConfUtils.java:logGet(44)) - raft.server.log.statemachine.data.sync = true (default)
2021-10-24 12:56:09,636 [pool-83-thread-1] INFO  server.RaftServerConfigKeys (ConfUtils.java:logGet(44)) - raft.server.log.statemachine.data.sync.timeout = 10s (default)
2021-10-24 12:56:09,636 [pool-83-thread-1] INFO  server.RaftServerConfigKeys (ConfUtils.java:logGet(44)) - raft.server.log.statemachine.data.sync.timeout.retry = -1 (default)
2021-10-24 12:56:09,638 [pool-83-thread-1] INFO  server.RaftServerConfigKeys (ConfUtils.java:logGet(44)) - raft.server.log.write.buffer.size = 64KB (=65536) (default)
2021-10-24 12:56:09,641 [pool-83-thread-1] INFO  server.RaftServerConfigKeys (ConfUtils.java:logGet(44)) - raft.server.log.statemachine.data.caching.enabled = false (default)
2021-10-24 12:56:09,641 [pool-83-thread-1] INFO  segmented.SegmentedRaftLogWorker (SegmentedRaftLogWorker.java:lambda$new$0(133)) - omNode-3@group-523986131536-SegmentedRaftLogWorker: flushIndex: setUnconditionally 0 -> -1
2021-10-24 12:56:09,641 [pool-83-thread-1] INFO  segmented.SegmentedRaftLogWorker (SegmentedRaftLogWorker.java:lambda$new$0(133)) - omNode-3@group-523986131536-SegmentedRaftLogWorker: safeCacheEvictIndex: setUnconditionally 0 -> -1
2021-10-24 12:56:09,648 [Listener at 127.0.0.1/13904] INFO  om.OzoneManager (OzoneManager.java:initFSOLayout(4357)) - Configured ozone.om.metadata.layout=SIMPLE and disabled optimized OM FS operations
2021-10-24 12:56:09,651 [pool-83-thread-1] INFO  server.RaftServerConfigKeys (ConfUtils.java:logGet(44)) - raft.server.snapshot.auto.trigger.enabled = true (custom)
2021-10-24 12:56:09,651 [pool-83-thread-1] INFO  server.RaftServerConfigKeys (ConfUtils.java:logGet(44)) - raft.server.snapshot.auto.trigger.threshold = 50 (custom)
2021-10-24 12:56:09,651 [pool-83-thread-1] INFO  server.RaftServerConfigKeys (ConfUtils.java:logGet(44)) - raft.server.snapshot.retention.file.num = -1 (default)
2021-10-24 12:56:09,651 [pool-83-thread-1] INFO  server.RaftServerConfigKeys (ConfUtils.java:logGet(44)) - raft.server.log.purge.upto.snapshot.index = true (custom)
2021-10-24 12:56:09,651 [pool-83-thread-1] INFO  server.RaftServerConfigKeys (ConfUtils.java:logGet(44)) - raft.server.retrycache.expirytime = 30000ms (custom)
2021-10-24 12:56:09,651 [pool-83-thread-1] INFO  server.RaftServerConfigKeys (ConfUtils.java:logGet(44)) - raft.server.retrycache.statistics.expirytime = 100μs (default)
2021-10-24 12:56:09,652 [Listener at 127.0.0.1/13904] INFO  impl.MetricsSystemImpl (MetricsSystemImpl.java:init(158)) - OzoneManager metrics system started (again)
2021-10-24 12:56:09,670 [Listener at 127.0.0.1/13904] INFO  om.OzoneManager (OzoneManager.java:start(1301)) - OzoneManager RPC server is listening at localhost/127.0.0.1:13904
2021-10-24 12:56:09,670 [Listener at 127.0.0.1/13904] INFO  ratis.OzoneManagerRatisServer (OzoneManagerRatisServer.java:start(520)) - Starting OzoneManagerRatisServer omNode-3 at port 13908
2021-10-24 12:56:09,670 [Listener at 127.0.0.1/13904] INFO  server.RaftServer$Division (RaftServerImpl.java:start(301)) - omNode-3@group-523986131536: start as a follower, conf=-1: [omNode-3|rpc:localhost:13908|priority:0, omNode-1|rpc:localhost:13896|priority:0, omNode-2|rpc:localhost:13902|priority:0], old=null
2021-10-24 12:56:09,670 [Listener at 127.0.0.1/13904] INFO  server.RaftServer$Division (RaftServerImpl.java:setRole(290)) - omNode-3@group-523986131536: changes role from      null to FOLLOWER at term 0 for startAsFollower
2021-10-24 12:56:09,670 [Listener at 127.0.0.1/13904] INFO  impl.RoleInfo (RoleInfo.java:updateAndGet(130)) - omNode-3: start omNode-3@group-523986131536-FollowerState
2021-10-24 12:56:09,671 [Listener at 127.0.0.1/13904] INFO  util.JmxRegister (JmxRegister.java:tryRegister(44)) - Successfully registered JMX Bean with object name Ratis:service=RaftServer,group=group-523986131536,id=omNode-3
2021-10-24 12:56:09,676 [Listener at 127.0.0.1/13904] INFO  server.RaftServer (RaftServerProxy.java:lambda$start$5(374)) - omNode-3: start RPC server
2021-10-24 12:56:09,678 [Listener at 127.0.0.1/13904] INFO  server.GrpcService (GrpcService.java:startImpl(253)) - omNode-3: GrpcService started, listening on 13908
2021-10-24 12:56:09,678 [Listener at 127.0.0.1/13904] INFO  om.OzoneManager (OzoneManager.java:start(1319)) - Version File has different layout version (0) than OM DB (null). That is expected if this OM has never been finalized to a newer layout version.
2021-10-24 12:56:09,678 [org.apache.ratis.util.JvmPauseMonitor$$Lambda$523/122473104@b1caa00] INFO  util.JvmPauseMonitor (JvmPauseMonitor.java:run(103)) - JvmPauseMonitor-omNode-3: Started
2021-10-24 12:56:09,681 [Listener at 127.0.0.1/13904] INFO  http.BaseHttpServer (BaseHttpServer.java:newHttpServer2BuilderForOzone(209)) - Starting Web-server for ozoneManager at: http://0.0.0.0:13906
2021-10-24 12:56:09,681 [Listener at 127.0.0.1/13904] INFO  http.BaseHttpServer (BaseHttpServer.java:<init>(107)) - Hadoop Security Enabled: false Ozone Security Enabled: false Ozone HTTP Security Enabled: false 
2021-10-24 12:56:09,683 [Listener at 127.0.0.1/13904] INFO  server.AuthenticationFilter (AuthenticationFilter.java:constructSecretProvider(240)) - Unable to initialize FileSignerSecretProvider, falling back to use random secrets.
2021-10-24 12:56:09,684 [Listener at 127.0.0.1/13904] WARN  http.HttpRequestLog (HttpRequestLog.java:getRequestLog(103)) - Jetty request log can only be enabled using Log4j
2021-10-24 12:56:09,685 [Listener at 127.0.0.1/13904] INFO  http.HttpServer2 (HttpServer2.java:addGlobalFilter(1030)) - Added global filter 'safety' (class=org.apache.hadoop.hdds.server.http.HttpServer2$QuotingInputFilter)
2021-10-24 12:56:09,686 [Listener at 127.0.0.1/13904] INFO  http.HttpServer2 (HttpServer2.java:addFilter(1006)) - Added filter static_user_filter (class=org.apache.hadoop.http.lib.StaticUserWebFilter$StaticUserFilter) to context ozoneManager
2021-10-24 12:56:09,686 [Listener at 127.0.0.1/13904] INFO  http.HttpServer2 (HttpServer2.java:addFilter(1014)) - Added filter static_user_filter (class=org.apache.hadoop.http.lib.StaticUserWebFilter$StaticUserFilter) to context static
2021-10-24 12:56:09,686 [Listener at 127.0.0.1/13904] INFO  http.HttpServer2 (HttpServer2.java:addFilter(1014)) - Added filter static_user_filter (class=org.apache.hadoop.http.lib.StaticUserWebFilter$StaticUserFilter) to context logs
2021-10-24 12:56:09,687 [Listener at 127.0.0.1/13904] INFO  http.HttpServer2 (HttpServer2.java:bindListener(1249)) - Jetty bound to port 13906
2021-10-24 12:56:09,687 [Listener at 127.0.0.1/13904] INFO  server.Server (Server.java:doStart(375)) - jetty-9.4.43.v20210629; built: 2021-06-30T11:07:22.254Z; git: 526006ecfa3af7f1a27ef3a288e2bef7ea9dd7e8; jvm 1.8.0_292-b10
2021-10-24 12:56:09,693 [Listener at 127.0.0.1/13904] INFO  server.session (DefaultSessionIdManager.java:doStart(334)) - DefaultSessionIdManager workerName=node0
2021-10-24 12:56:09,693 [Listener at 127.0.0.1/13904] INFO  server.session (DefaultSessionIdManager.java:doStart(339)) - No SessionScavenger set, using defaults
2021-10-24 12:56:09,693 [Listener at 127.0.0.1/13904] INFO  server.session (HouseKeeper.java:startScavenging(132)) - node0 Scavenging every 600000ms
2021-10-24 12:56:09,695 [Listener at 127.0.0.1/13904] INFO  handler.ContextHandler (ContextHandler.java:doStart(915)) - Started o.e.j.s.ServletContextHandler@62ceb371{logs,/logs,file:///home/runner/work/ozone/ozone/hadoop-ozone/integration-test/target/log,AVAILABLE}
2021-10-24 12:56:09,696 [Listener at 127.0.0.1/13904] INFO  handler.ContextHandler (ContextHandler.java:doStart(915)) - Started o.e.j.s.ServletContextHandler@6208a618{static,/static,file:///home/runner/work/ozone/ozone/hadoop-ozone/integration-test/target/test-classes/webapps/static,AVAILABLE}
2021-10-24 12:56:09,699 [Listener at 127.0.0.1/13904] INFO  handler.ContextHandler (ContextHandler.java:doStart(915)) - Started o.e.j.w.WebAppContext@a95c1f6{ozoneManager,/,file:///home/runner/work/ozone/ozone/hadoop-ozone/integration-test/target/test-classes/webapps/ozoneManager/,AVAILABLE}{file:/home/runner/work/ozone/ozone/hadoop-ozone/integration-test/target/test-classes/webapps/ozoneManager}
2021-10-24 12:56:09,701 [Listener at 127.0.0.1/13904] INFO  server.AbstractConnector (AbstractConnector.java:doStart(331)) - Started ServerConnector@22f0d1e0{HTTP/1.1, (http/1.1)}{0.0.0.0:13906}
2021-10-24 12:56:09,701 [Listener at 127.0.0.1/13904] INFO  server.Server (Server.java:doStart(415)) - Started @6470ms
2021-10-24 12:56:09,701 [Listener at 127.0.0.1/13904] WARN  impl.MetricsSystemImpl (MetricsSystemImpl.java:register(279)) - Sink prometheus already exists!
2021-10-24 12:56:09,702 [Listener at 127.0.0.1/13904] INFO  http.BaseHttpServer (BaseHttpServer.java:updateConnectorAddress(329)) - HTTP server of ozoneManager listening at http://0.0.0.0:13906
2021-10-24 12:56:09,703 [IPC Server Responder] INFO  ipc.Server (Server.java:run(1507)) - IPC Server Responder: starting
2021-10-24 12:56:09,704 [IPC Server listener on 13904] INFO  ipc.Server (Server.java:run(1344)) - IPC Server listener on 13904: starting
2021-10-24 12:56:09,711 [Listener at 127.0.0.1/13904] INFO  om.OzoneManager (OzoneManager.java:startTrashEmptier(1563)) - Trash Interval set to 0. Files deleted will not move to trash
2021-10-24 12:56:09,712 [Listener at 127.0.0.1/13904] INFO  ozone.MiniOzoneHAClusterImpl (MiniOzoneHAClusterImpl.java:createOMService(485)) - Started OzoneManager omNode-3 RPC server at localhost/127.0.0.1:13904
2021-10-24 12:56:09,723 [org.apache.hadoop.util.JvmPauseMonitor$Monitor@4d6f8691] INFO  util.JvmPauseMonitor (JvmPauseMonitor.java:run(188)) - Starting JVM pause monitor
2021-10-24 12:56:09,857 [Listener at 127.0.0.1/13904] WARN  impl.MetricRegistriesImpl (MetricRegistriesImpl.java:addReporterRegistration(111)) - New reporters are added after registries were created. Some metrics will be missing from the reporter. Please add reporter before adding any new registry.
2021-10-24 12:56:09,858 [Listener at 127.0.0.1/13904] WARN  impl.MetricRegistriesImpl (MetricRegistriesImpl.java:addReporterRegistration(111)) - New reporters are added after registries were created. Some metrics will be missing from the reporter. Please add reporter before adding any new registry.
2021-10-24 12:56:09,858 [Listener at 127.0.0.1/13904] INFO  impl.MetricsSystemImpl (MetricsSystemImpl.java:init(158)) - HddsDatanode metrics system started (again)
2021-10-24 12:56:09,877 [Listener at 127.0.0.1/13904] INFO  ozone.HddsDatanodeService (HddsDatanodeService.java:start(234)) - HddsDatanodeService host:fv-az50-989.grzltbmokehuzjyc5b133kdqgh.cx.internal.cloudapp.net ip:10.1.0.40
2021-10-24 12:56:09,918 [Listener at 127.0.0.1/13904] INFO  upgrade.AbstractLayoutVersionManager (AbstractLayoutVersionManager.java:init(79)) - Initializing Layout version manager with metadata layout = SCM_HA (version = 2), software layout = SCM_HA (version = 2)
2021-10-24 12:56:09,965 [Listener at 127.0.0.1/13904] INFO  reflections.Reflections (Reflections.java:scan(232)) - Reflections took 45 ms to scan 7 urls, producing 119 keys and 279 values 
2021-10-24 12:56:09,969 [Listener at 127.0.0.1/13904] INFO  statemachine.DatanodeStateMachine (DatanodeStateMachine.java:getEndPointTaskThreadPoolSize(219)) - Datanode State Machine Task Thread Pool size 2
2021-10-24 12:56:10,089 [Listener at 127.0.0.1/13904] INFO  volume.HddsVolume (HddsVolume.java:<init>(120)) - Creating HddsVolume: /home/runner/work/ozone/ozone/hadoop-ozone/integration-test/target/test-dir/MiniOzoneClusterImpl-cd96da87-0819-4dc2-95d7-841b147881f8/datanode-0/data-0/containers/hdds of storage type : DISK capacity : 9223372036854775807
2021-10-24 12:56:10,091 [Listener at 127.0.0.1/13904] INFO  volume.MutableVolumeSet (MutableVolumeSet.java:initializeVolumeSet(168)) - Added Volume : /home/runner/work/ozone/ozone/hadoop-ozone/integration-test/target/test-dir/MiniOzoneClusterImpl-cd96da87-0819-4dc2-95d7-841b147881f8/datanode-0/data-0/containers/hdds to VolumeSet
2021-10-24 12:56:10,092 [Listener at 127.0.0.1/13904] INFO  volume.ThrottledAsyncChecker (ThrottledAsyncChecker.java:schedule(141)) - Scheduling a check for /home/runner/work/ozone/ozone/hadoop-ozone/integration-test/target/test-dir/MiniOzoneClusterImpl-cd96da87-0819-4dc2-95d7-841b147881f8/datanode-0/data-0/containers/hdds
2021-10-24 12:56:10,114 [Listener at 127.0.0.1/13904] INFO  volume.StorageVolumeChecker (StorageVolumeChecker.java:checkAllVolumes(202)) - Scheduled health check for volume /home/runner/work/ozone/ozone/hadoop-ozone/integration-test/target/test-dir/MiniOzoneClusterImpl-cd96da87-0819-4dc2-95d7-841b147881f8/datanode-0/data-0/containers/hdds
2021-10-24 12:56:10,134 [Listener at 127.0.0.1/13904] INFO  volume.MutableVolumeSet (MutableVolumeSet.java:initializeVolumeSet(168)) - Added Volume : /home/runner/work/ozone/ozone/hadoop-ozone/integration-test/target/test-dir/MiniOzoneClusterImpl-cd96da87-0819-4dc2-95d7-841b147881f8/datanode-0/data/ratis to VolumeSet
2021-10-24 12:56:10,135 [Listener at 127.0.0.1/13904] INFO  volume.ThrottledAsyncChecker (ThrottledAsyncChecker.java:schedule(141)) - Scheduling a check for /home/runner/work/ozone/ozone/hadoop-ozone/integration-test/target/test-dir/MiniOzoneClusterImpl-cd96da87-0819-4dc2-95d7-841b147881f8/datanode-0/data/ratis
2021-10-24 12:56:10,135 [Listener at 127.0.0.1/13904] INFO  volume.StorageVolumeChecker (StorageVolumeChecker.java:checkAllVolumes(202)) - Scheduled health check for volume /home/runner/work/ozone/ozone/hadoop-ozone/integration-test/target/test-dir/MiniOzoneClusterImpl-cd96da87-0819-4dc2-95d7-841b147881f8/datanode-0/data/ratis
2021-10-24 12:56:10,144 [omNode-1@group-523986131536-FollowerState] INFO  impl.FollowerState (FollowerState.java:run(134)) - omNode-1@group-523986131536-FollowerState: change to CANDIDATE, lastRpcElapsedTime:1193629295ns, electionTimeout:1192ms
2021-10-24 12:56:10,145 [omNode-1@group-523986131536-FollowerState] INFO  impl.RoleInfo (RoleInfo.java:shutdownFollowerState(108)) - omNode-1: shutdown omNode-1@group-523986131536-FollowerState
2021-10-24 12:56:10,149 [omNode-1@group-523986131536-FollowerState] INFO  server.RaftServer$Division (RaftServerImpl.java:setRole(290)) - omNode-1@group-523986131536: changes role from  FOLLOWER to CANDIDATE at term 0 for changeToCandidate
2021-10-24 12:56:10,152 [omNode-1@group-523986131536-FollowerState] INFO  server.RaftServerConfigKeys (ConfUtils.java:logGet(44)) - raft.server.leaderelection.pre-vote = false (custom)
2021-10-24 12:56:10,152 [omNode-1@group-523986131536-FollowerState] INFO  impl.RoleInfo (RoleInfo.java:updateAndGet(130)) - omNode-1: start omNode-1@group-523986131536-LeaderElection1
2021-10-24 12:56:10,162 [omNode-1@group-523986131536-LeaderElection1] INFO  impl.LeaderElection (LeaderElection.java:askForVotes(306)) - omNode-1@group-523986131536-LeaderElection1 ELECTION round 0: submit vote requests at term 1 for -1: [omNode-3|rpc:localhost:13908|priority:0, omNode-1|rpc:localhost:13896|priority:0, omNode-2|rpc:localhost:13902|priority:0], old=null
2021-10-24 12:56:10,166 [Thread-216] INFO  ozoneimpl.ContainerReader (ContainerReader.java:readVolume(172)) - Finish verifying containers on volume /home/runner/work/ozone/ozone/hadoop-ozone/integration-test/target/test-dir/MiniOzoneClusterImpl-cd96da87-0819-4dc2-95d7-841b147881f8/datanode-0/data-0/containers/hdds
2021-10-24 12:56:10,175 [Listener at 127.0.0.1/13904] INFO  ozoneimpl.OzoneContainer (OzoneContainer.java:buildContainerSet(236)) - Build ContainerSet costs 0s
2021-10-24 12:56:10,433 [Listener at 127.0.0.1/13904] INFO  server.RaftServer (ConfUtils.java:logGet(44)) - raft.rpc.type = GRPC (default)
2021-10-24 12:56:10,434 [Listener at 127.0.0.1/13904] INFO  grpc.GrpcFactory (GrpcFactory.java:checkPooledByteBufAllocatorUseCacheForAllThreads(48)) - PERFORMANCE WARNING: useCacheForAllThreads is true that may cause Netty to create a lot garbage objects and, as a result, trigger GC.
	It is recommended to disable useCacheForAllThreads by setting -Dorg.apache.ratis.thirdparty.io.netty.allocator.useCacheForAllThreads=false in command line.
2021-10-24 12:56:10,434 [Listener at 127.0.0.1/13904] INFO  grpc.GrpcConfigKeys (ConfUtils.java:logGet(44)) - raft.grpc.admin.port = 0 (custom)
2021-10-24 12:56:10,434 [Listener at 127.0.0.1/13904] INFO  grpc.GrpcConfigKeys (ConfUtils.java:logGet(44)) - raft.grpc.client.port = 0 (custom)
2021-10-24 12:56:10,435 [Listener at 127.0.0.1/13904] INFO  grpc.GrpcConfigKeys (ConfUtils.java:logGet(44)) - raft.grpc.server.port = 0 (default)
2021-10-24 12:56:10,435 [Listener at 127.0.0.1/13904] INFO  server.GrpcService (ConfUtils.java:logGet(44)) - raft.grpc.message.size.max = 32MB (=33554432) (custom)
2021-10-24 12:56:10,435 [Listener at 127.0.0.1/13904] INFO  server.RaftServerConfigKeys (ConfUtils.java:logGet(44)) - raft.server.log.appender.buffer.byte-limit = 33554432 (custom)
2021-10-24 12:56:10,435 [Listener at 127.0.0.1/13904] INFO  server.GrpcService (ConfUtils.java:logGet(44)) - raft.grpc.flow.control.window = 5MB (=5242880) (custom)
2021-10-24 12:56:10,436 [Listener at 127.0.0.1/13904] INFO  server.RaftServerConfigKeys (ConfUtils.java:logGet(44)) - raft.server.rpc.request.timeout = 60s (custom)
2021-10-24 12:56:10,449 [Listener at 127.0.0.1/13904] INFO  impl.DataStreamServerImpl (ConfUtils.java:logGet(44)) - raft.datastream.type = DISABLED (default)
2021-10-24 12:56:10,450 [Listener at 127.0.0.1/13904] INFO  server.RaftServerConfigKeys (ConfUtils.java:logGet(44)) - raft.server.rpc.slowness.timeout = 300s (custom)
2021-10-24 12:56:10,450 [Listener at 127.0.0.1/13904] INFO  server.RaftServerConfigKeys (ConfUtils.java:logGet(44)) - raft.server.leaderelection.leader.step-down.wait-time = 10s (default)
2021-10-24 12:56:10,450 [Listener at 127.0.0.1/13904] INFO  server.RaftServerConfigKeys (ConfUtils.java:logGet(44)) - raft.server.storage.dir = [/home/runner/work/ozone/ozone/hadoop-ozone/integration-test/target/test-dir/MiniOzoneClusterImpl-cd96da87-0819-4dc2-95d7-841b147881f8/datanode-0/data/ratis] (custom)
2021-10-24 12:56:10,474 [omNode-2@group-523986131536-FollowerState] INFO  impl.FollowerState (FollowerState.java:run(134)) - omNode-2@group-523986131536-FollowerState: change to CANDIDATE, lastRpcElapsedTime:1123505335ns, electionTimeout:1108ms
2021-10-24 12:56:10,475 [omNode-2@group-523986131536-FollowerState] INFO  impl.RoleInfo (RoleInfo.java:shutdownFollowerState(108)) - omNode-2: shutdown omNode-2@group-523986131536-FollowerState
2021-10-24 12:56:10,475 [omNode-2@group-523986131536-FollowerState] INFO  server.RaftServer$Division (RaftServerImpl.java:setRole(290)) - omNode-2@group-523986131536: changes role from  FOLLOWER to CANDIDATE at term 0 for changeToCandidate
2021-10-24 12:56:10,475 [omNode-2@group-523986131536-FollowerState] INFO  server.RaftServerConfigKeys (ConfUtils.java:logGet(44)) - raft.server.leaderelection.pre-vote = false (custom)
2021-10-24 12:56:10,475 [omNode-2@group-523986131536-FollowerState] INFO  impl.RoleInfo (RoleInfo.java:updateAndGet(130)) - omNode-2: start omNode-2@group-523986131536-LeaderElection2
2021-10-24 12:56:10,505 [omNode-2@group-523986131536-LeaderElection2] INFO  impl.LeaderElection (LeaderElection.java:askForVotes(306)) - omNode-2@group-523986131536-LeaderElection2 ELECTION round 0: submit vote requests at term 1 for -1: [omNode-3|rpc:localhost:13908|priority:0, omNode-1|rpc:localhost:13896|priority:0, omNode-2|rpc:localhost:13902|priority:0], old=null
2021-10-24 12:56:10,609 [Listener at 127.0.0.1/13904] INFO  http.BaseHttpServer (BaseHttpServer.java:newHttpServer2BuilderForOzone(209)) - Starting Web-server for hddsDatanode at: http://0.0.0.0:0
2021-10-24 12:56:10,609 [Listener at 127.0.0.1/13904] INFO  http.BaseHttpServer (BaseHttpServer.java:<init>(107)) - Hadoop Security Enabled: false Ozone Security Enabled: false Ozone HTTP Security Enabled: false 
2021-10-24 12:56:10,610 [Listener at 127.0.0.1/13904] INFO  server.AuthenticationFilter (AuthenticationFilter.java:constructSecretProvider(240)) - Unable to initialize FileSignerSecretProvider, falling back to use random secrets.
2021-10-24 12:56:10,611 [Listener at 127.0.0.1/13904] WARN  http.HttpRequestLog (HttpRequestLog.java:getRequestLog(103)) - Jetty request log can only be enabled using Log4j
2021-10-24 12:56:10,612 [Listener at 127.0.0.1/13904] INFO  http.HttpServer2 (HttpServer2.java:addGlobalFilter(1030)) - Added global filter 'safety' (class=org.apache.hadoop.hdds.server.http.HttpServer2$QuotingInputFilter)
2021-10-24 12:56:10,613 [Listener at 127.0.0.1/13904] INFO  http.HttpServer2 (HttpServer2.java:addFilter(1006)) - Added filter static_user_filter (class=org.apache.hadoop.http.lib.StaticUserWebFilter$StaticUserFilter) to context hddsDatanode
2021-10-24 12:56:10,613 [Listener at 127.0.0.1/13904] INFO  http.HttpServer2 (HttpServer2.java:addFilter(1014)) - Added filter static_user_filter (class=org.apache.hadoop.http.lib.StaticUserWebFilter$StaticUserFilter) to context static
2021-10-24 12:56:10,613 [Listener at 127.0.0.1/13904] INFO  http.HttpServer2 (HttpServer2.java:addFilter(1014)) - Added filter static_user_filter (class=org.apache.hadoop.http.lib.StaticUserWebFilter$StaticUserFilter) to context logs
2021-10-24 12:56:10,614 [Listener at 127.0.0.1/13904] INFO  http.HttpServer2 (HttpServer2.java:bindListener(1249)) - Jetty bound to port 43983
2021-10-24 12:56:10,614 [Listener at 127.0.0.1/13904] INFO  server.Server (Server.java:doStart(375)) - jetty-9.4.43.v20210629; built: 2021-06-30T11:07:22.254Z; git: 526006ecfa3af7f1a27ef3a288e2bef7ea9dd7e8; jvm 1.8.0_292-b10
2021-10-24 12:56:10,636 [Listener at 127.0.0.1/13904] INFO  server.session (DefaultSessionIdManager.java:doStart(334)) - DefaultSessionIdManager workerName=node0
2021-10-24 12:56:10,636 [Listener at 127.0.0.1/13904] INFO  server.session (DefaultSessionIdManager.java:doStart(339)) - No SessionScavenger set, using defaults
2021-10-24 12:56:10,636 [Listener at 127.0.0.1/13904] INFO  server.session (HouseKeeper.java:startScavenging(132)) - node0 Scavenging every 660000ms
2021-10-24 12:56:10,637 [Listener at 127.0.0.1/13904] INFO  handler.ContextHandler (ContextHandler.java:doStart(915)) - Started o.e.j.s.ServletContextHandler@126aaaa5{logs,/logs,file:///home/runner/work/ozone/ozone/hadoop-ozone/integration-test/target/log,AVAILABLE}
2021-10-24 12:56:10,638 [Listener at 127.0.0.1/13904] INFO  handler.ContextHandler (ContextHandler.java:doStart(915)) - Started o.e.j.s.ServletContextHandler@26156929{static,/static,jar:file:/home/runner/.m2/repository/org/apache/ozone/hdds-container-service/1.2.0-SNAPSHOT/hdds-container-service-1.2.0-SNAPSHOT.jar!/webapps/static,AVAILABLE}
2021-10-24 12:56:10,705 [Listener at 127.0.0.1/13904] INFO  handler.ContextHandler (ContextHandler.java:doStart(915)) - Started o.e.j.w.WebAppContext@38c9a48{hddsDatanode,/,file:///tmp/jetty-0_0_0_0-43983-hdds-container-service-1_2_0-SNAPSHOT_jar-_-any-8490863068480848789/webapp/,AVAILABLE}{jar:file:/home/runner/.m2/repository/org/apache/ozone/hdds-container-service/1.2.0-SNAPSHOT/hdds-container-service-1.2.0-SNAPSHOT.jar!/webapps/hddsDatanode}
2021-10-24 12:56:10,711 [Listener at 127.0.0.1/13904] INFO  server.AbstractConnector (AbstractConnector.java:doStart(331)) - Started ServerConnector@4c489191{HTTP/1.1, (http/1.1)}{0.0.0.0:43983}
2021-10-24 12:56:10,712 [Listener at 127.0.0.1/13904] INFO  server.Server (Server.java:doStart(415)) - Started @7480ms
2021-10-24 12:56:10,712 [Listener at 127.0.0.1/13904] WARN  impl.MetricsSystemImpl (MetricsSystemImpl.java:register(279)) - Sink prometheus already exists!
2021-10-24 12:56:10,715 [Listener at 127.0.0.1/13904] INFO  http.BaseHttpServer (BaseHttpServer.java:updateConnectorAddress(329)) - HTTP server of hddsDatanode listening at http://0.0.0.0:43983
2021-10-24 12:56:10,717 [Listener at 127.0.0.1/13904] WARN  impl.MetricRegistriesImpl (MetricRegistriesImpl.java:addReporterRegistration(111)) - New reporters are added after registries were created. Some metrics will be missing from the reporter. Please add reporter before adding any new registry.
2021-10-24 12:56:10,717 [Listener at 127.0.0.1/13904] WARN  impl.MetricRegistriesImpl (MetricRegistriesImpl.java:addReporterRegistration(111)) - New reporters are added after registries were created. Some metrics will be missing from the reporter. Please add reporter before adding any new registry.
2021-10-24 12:56:10,717 [Listener at 127.0.0.1/13904] INFO  impl.MetricsSystemImpl (MetricsSystemImpl.java:init(158)) - HddsDatanode metrics system started (again)
2021-10-24 12:56:10,731 [Datanode State Machine Daemon Thread] INFO  statemachine.DatanodeStateMachine (DatanodeStateMachine.java:lambda$startDaemon$0(467)) - Ozone container server started.
2021-10-24 12:56:10,753 [Listener at 127.0.0.1/13904] INFO  ozone.HddsDatanodeService (HddsDatanodeService.java:start(234)) - HddsDatanodeService host:fv-az50-989.grzltbmokehuzjyc5b133kdqgh.cx.internal.cloudapp.net ip:10.1.0.40
2021-10-24 12:56:10,768 [omNode-3@group-523986131536-FollowerState] INFO  impl.FollowerState (FollowerState.java:run(134)) - omNode-3@group-523986131536-FollowerState: change to CANDIDATE, lastRpcElapsedTime:1097399752ns, electionTimeout:1092ms
2021-10-24 12:56:10,769 [omNode-3@group-523986131536-FollowerState] INFO  impl.RoleInfo (RoleInfo.java:shutdownFollowerState(108)) - omNode-3: shutdown omNode-3@group-523986131536-FollowerState
2021-10-24 12:56:10,769 [omNode-3@group-523986131536-FollowerState] INFO  server.RaftServer$Division (RaftServerImpl.java:setRole(290)) - omNode-3@group-523986131536: changes role from  FOLLOWER to CANDIDATE at term 0 for changeToCandidate
2021-10-24 12:56:10,781 [Listener at 127.0.0.1/13904] INFO  upgrade.AbstractLayoutVersionManager (AbstractLayoutVersionManager.java:init(79)) - Initializing Layout version manager with metadata layout = SCM_HA (version = 2), software layout = SCM_HA (version = 2)
2021-10-24 12:56:10,812 [omNode-3@group-523986131536-FollowerState] INFO  server.RaftServerConfigKeys (ConfUtils.java:logGet(44)) - raft.server.leaderelection.pre-vote = false (custom)
2021-10-24 12:56:10,812 [omNode-3@group-523986131536-FollowerState] INFO  impl.RoleInfo (RoleInfo.java:updateAndGet(130)) - omNode-3: start omNode-3@group-523986131536-LeaderElection3
2021-10-24 12:56:10,824 [org.apache.hadoop.util.JvmPauseMonitor$Monitor@1ffb06b4] INFO  util.JvmPauseMonitor (JvmPauseMonitor.java:run(188)) - Starting JVM pause monitor
2021-10-24 12:56:10,834 [omNode-3@group-523986131536-LeaderElection3] INFO  impl.LeaderElection (LeaderElection.java:askForVotes(306)) - omNode-3@group-523986131536-LeaderElection3 ELECTION round 0: submit vote requests at term 1 for -1: [omNode-3|rpc:localhost:13908|priority:0, omNode-1|rpc:localhost:13896|priority:0, omNode-2|rpc:localhost:13902|priority:0], old=null
2021-10-24 12:56:10,874 [Listener at 127.0.0.1/13904] INFO  reflections.Reflections (Reflections.java:scan(232)) - Reflections took 91 ms to scan 7 urls, producing 119 keys and 279 values 
2021-10-24 12:56:10,884 [Listener at 127.0.0.1/13904] INFO  statemachine.DatanodeStateMachine (DatanodeStateMachine.java:getEndPointTaskThreadPoolSize(219)) - Datanode State Machine Task Thread Pool size 2
2021-10-24 12:56:10,900 [Listener at 127.0.0.1/13904] INFO  volume.HddsVolume (HddsVolume.java:<init>(120)) - Creating HddsVolume: /home/runner/work/ozone/ozone/hadoop-ozone/integration-test/target/test-dir/MiniOzoneClusterImpl-cd96da87-0819-4dc2-95d7-841b147881f8/datanode-1/data-0/containers/hdds of storage type : DISK capacity : 9223372036854775807
2021-10-24 12:56:10,900 [Listener at 127.0.0.1/13904] INFO  volume.MutableVolumeSet (MutableVolumeSet.java:initializeVolumeSet(168)) - Added Volume : /home/runner/work/ozone/ozone/hadoop-ozone/integration-test/target/test-dir/MiniOzoneClusterImpl-cd96da87-0819-4dc2-95d7-841b147881f8/datanode-1/data-0/containers/hdds to VolumeSet
2021-10-24 12:56:10,901 [Listener at 127.0.0.1/13904] INFO  volume.ThrottledAsyncChecker (ThrottledAsyncChecker.java:schedule(141)) - Scheduling a check for /home/runner/work/ozone/ozone/hadoop-ozone/integration-test/target/test-dir/MiniOzoneClusterImpl-cd96da87-0819-4dc2-95d7-841b147881f8/datanode-1/data-0/containers/hdds
2021-10-24 12:56:10,910 [Listener at 127.0.0.1/13904] INFO  volume.StorageVolumeChecker (StorageVolumeChecker.java:checkAllVolumes(202)) - Scheduled health check for volume /home/runner/work/ozone/ozone/hadoop-ozone/integration-test/target/test-dir/MiniOzoneClusterImpl-cd96da87-0819-4dc2-95d7-841b147881f8/datanode-1/data-0/containers/hdds
2021-10-24 12:56:10,934 [Listener at 127.0.0.1/13904] INFO  volume.MutableVolumeSet (MutableVolumeSet.java:initializeVolumeSet(168)) - Added Volume : /home/runner/work/ozone/ozone/hadoop-ozone/integration-test/target/test-dir/MiniOzoneClusterImpl-cd96da87-0819-4dc2-95d7-841b147881f8/datanode-1/data/ratis to VolumeSet
2021-10-24 12:56:10,934 [Listener at 127.0.0.1/13904] INFO  volume.ThrottledAsyncChecker (ThrottledAsyncChecker.java:schedule(141)) - Scheduling a check for /home/runner/work/ozone/ozone/hadoop-ozone/integration-test/target/test-dir/MiniOzoneClusterImpl-cd96da87-0819-4dc2-95d7-841b147881f8/datanode-1/data/ratis
2021-10-24 12:56:10,942 [Listener at 127.0.0.1/13904] INFO  volume.StorageVolumeChecker (StorageVolumeChecker.java:checkAllVolumes(202)) - Scheduled health check for volume /home/runner/work/ozone/ozone/hadoop-ozone/integration-test/target/test-dir/MiniOzoneClusterImpl-cd96da87-0819-4dc2-95d7-841b147881f8/datanode-1/data/ratis
2021-10-24 12:56:10,998 [Thread-236] INFO  ozoneimpl.ContainerReader (ContainerReader.java:readVolume(172)) - Finish verifying containers on volume /home/runner/work/ozone/ozone/hadoop-ozone/integration-test/target/test-dir/MiniOzoneClusterImpl-cd96da87-0819-4dc2-95d7-841b147881f8/datanode-1/data-0/containers/hdds
2021-10-24 12:56:10,999 [Listener at 127.0.0.1/13904] INFO  ozoneimpl.OzoneContainer (OzoneContainer.java:buildContainerSet(236)) - Build ContainerSet costs 0s
2021-10-24 12:56:11,003 [Listener at 127.0.0.1/13904] INFO  server.RaftServer (ConfUtils.java:logGet(44)) - raft.rpc.type = GRPC (default)
2021-10-24 12:56:11,003 [Listener at 127.0.0.1/13904] INFO  grpc.GrpcFactory (GrpcFactory.java:checkPooledByteBufAllocatorUseCacheForAllThreads(48)) - PERFORMANCE WARNING: useCacheForAllThreads is true that may cause Netty to create a lot garbage objects and, as a result, trigger GC.
	It is recommended to disable useCacheForAllThreads by setting -Dorg.apache.ratis.thirdparty.io.netty.allocator.useCacheForAllThreads=false in command line.
2021-10-24 12:56:11,003 [Listener at 127.0.0.1/13904] INFO  grpc.GrpcConfigKeys (ConfUtils.java:logGet(44)) - raft.grpc.admin.port = 0 (custom)
2021-10-24 12:56:11,004 [Listener at 127.0.0.1/13904] INFO  grpc.GrpcConfigKeys (ConfUtils.java:logGet(44)) - raft.grpc.client.port = 0 (custom)
2021-10-24 12:56:11,004 [Listener at 127.0.0.1/13904] INFO  grpc.GrpcConfigKeys (ConfUtils.java:logGet(44)) - raft.grpc.server.port = 0 (default)
2021-10-24 12:56:11,004 [Listener at 127.0.0.1/13904] INFO  server.GrpcService (ConfUtils.java:logGet(44)) - raft.grpc.message.size.max = 32MB (=33554432) (custom)
2021-10-24 12:56:11,004 [Listener at 127.0.0.1/13904] INFO  server.RaftServerConfigKeys (ConfUtils.java:logGet(44)) - raft.server.log.appender.buffer.byte-limit = 33554432 (custom)
2021-10-24 12:56:11,004 [Listener at 127.0.0.1/13904] INFO  server.GrpcService (ConfUtils.java:logGet(44)) - raft.grpc.flow.control.window = 5MB (=5242880) (custom)
2021-10-24 12:56:11,004 [Listener at 127.0.0.1/13904] INFO  server.RaftServerConfigKeys (ConfUtils.java:logGet(44)) - raft.server.rpc.request.timeout = 60s (custom)
2021-10-24 12:56:11,017 [Listener at 127.0.0.1/13904] INFO  impl.DataStreamServerImpl (ConfUtils.java:logGet(44)) - raft.datastream.type = DISABLED (default)
2021-10-24 12:56:11,018 [Listener at 127.0.0.1/13904] INFO  server.RaftServerConfigKeys (ConfUtils.java:logGet(44)) - raft.server.rpc.slowness.timeout = 300s (custom)
2021-10-24 12:56:11,018 [Listener at 127.0.0.1/13904] INFO  server.RaftServerConfigKeys (ConfUtils.java:logGet(44)) - raft.server.leaderelection.leader.step-down.wait-time = 10s (default)
2021-10-24 12:56:11,018 [Listener at 127.0.0.1/13904] INFO  server.RaftServerConfigKeys (ConfUtils.java:logGet(44)) - raft.server.storage.dir = [/home/runner/work/ozone/ozone/hadoop-ozone/integration-test/target/test-dir/MiniOzoneClusterImpl-cd96da87-0819-4dc2-95d7-841b147881f8/datanode-1/data/ratis] (custom)
2021-10-24 12:56:11,039 [Listener at 127.0.0.1/13904] INFO  http.BaseHttpServer (BaseHttpServer.java:newHttpServer2BuilderForOzone(209)) - Starting Web-server for hddsDatanode at: http://0.0.0.0:0
2021-10-24 12:56:11,040 [Listener at 127.0.0.1/13904] INFO  http.BaseHttpServer (BaseHttpServer.java:<init>(107)) - Hadoop Security Enabled: false Ozone Security Enabled: false Ozone HTTP Security Enabled: false 
2021-10-24 12:56:11,041 [Listener at 127.0.0.1/13904] INFO  server.AuthenticationFilter (AuthenticationFilter.java:constructSecretProvider(240)) - Unable to initialize FileSignerSecretProvider, falling back to use random secrets.
2021-10-24 12:56:11,050 [Listener at 127.0.0.1/13904] WARN  http.HttpRequestLog (HttpRequestLog.java:getRequestLog(103)) - Jetty request log can only be enabled using Log4j
2021-10-24 12:56:11,051 [Listener at 127.0.0.1/13904] INFO  http.HttpServer2 (HttpServer2.java:addGlobalFilter(1030)) - Added global filter 'safety' (class=org.apache.hadoop.hdds.server.http.HttpServer2$QuotingInputFilter)
2021-10-24 12:56:11,052 [Listener at 127.0.0.1/13904] INFO  http.HttpServer2 (HttpServer2.java:addFilter(1006)) - Added filter static_user_filter (class=org.apache.hadoop.http.lib.StaticUserWebFilter$StaticUserFilter) to context hddsDatanode
2021-10-24 12:56:11,052 [Listener at 127.0.0.1/13904] INFO  http.HttpServer2 (HttpServer2.java:addFilter(1014)) - Added filter static_user_filter (class=org.apache.hadoop.http.lib.StaticUserWebFilter$StaticUserFilter) to context static
2021-10-24 12:56:11,052 [Listener at 127.0.0.1/13904] INFO  http.HttpServer2 (HttpServer2.java:addFilter(1014)) - Added filter static_user_filter (class=org.apache.hadoop.http.lib.StaticUserWebFilter$StaticUserFilter) to context logs
2021-10-24 12:56:11,053 [Listener at 127.0.0.1/13904] INFO  http.HttpServer2 (HttpServer2.java:bindListener(1249)) - Jetty bound to port 39799
2021-10-24 12:56:11,053 [Listener at 127.0.0.1/13904] INFO  server.Server (Server.java:doStart(375)) - jetty-9.4.43.v20210629; built: 2021-06-30T11:07:22.254Z; git: 526006ecfa3af7f1a27ef3a288e2bef7ea9dd7e8; jvm 1.8.0_292-b10
2021-10-24 12:56:11,082 [Datanode State Machine Task Thread - 0] INFO  datanode.InitDatanodeState (InitDatanodeState.java:persistContainerDatanodeDetails(145)) - DatanodeDetails is persisted to /home/runner/work/ozone/ozone/hadoop-ozone/integration-test/target/test-dir/MiniOzoneClusterImpl-cd96da87-0819-4dc2-95d7-841b147881f8/datanode-0/meta/datanode.id
2021-10-24 12:56:11,105 [Listener at 127.0.0.1/13904] INFO  server.session (DefaultSessionIdManager.java:doStart(334)) - DefaultSessionIdManager workerName=node0
2021-10-24 12:56:11,105 [Listener at 127.0.0.1/13904] INFO  server.session (DefaultSessionIdManager.java:doStart(339)) - No SessionScavenger set, using defaults
2021-10-24 12:56:11,105 [Listener at 127.0.0.1/13904] INFO  server.session (HouseKeeper.java:startScavenging(132)) - node0 Scavenging every 600000ms
2021-10-24 12:56:11,107 [Listener at 127.0.0.1/13904] INFO  handler.ContextHandler (ContextHandler.java:doStart(915)) - Started o.e.j.s.ServletContextHandler@5b57bd5b{logs,/logs,file:///home/runner/work/ozone/ozone/hadoop-ozone/integration-test/target/log,AVAILABLE}
2021-10-24 12:56:11,108 [Listener at 127.0.0.1/13904] INFO  handler.ContextHandler (ContextHandler.java:doStart(915)) - Started o.e.j.s.ServletContextHandler@2ac58d{static,/static,jar:file:/home/runner/.m2/repository/org/apache/ozone/hdds-container-service/1.2.0-SNAPSHOT/hdds-container-service-1.2.0-SNAPSHOT.jar!/webapps/static,AVAILABLE}
2021-10-24 12:56:11,146 [grpc-default-executor-2] INFO  server.RaftServer$Division (RaftServerImpl.java:requestVote(1046)) - omNode-3@group-523986131536: receive requestVote(ELECTION, omNode-2, group-523986131536, 1, (t:0, i:~))
2021-10-24 12:56:11,147 [grpc-default-executor-5] INFO  server.RaftServer$Division (RaftServerImpl.java:requestVote(1046)) - omNode-1@group-523986131536: receive requestVote(ELECTION, omNode-2, group-523986131536, 1, (t:0, i:~))
2021-10-24 12:56:11,148 [grpc-default-executor-3] INFO  server.RaftServer$Division (RaftServerImpl.java:requestVote(1046)) - omNode-2@group-523986131536: receive requestVote(ELECTION, omNode-1, group-523986131536, 1, (t:0, i:~))
2021-10-24 12:56:11,147 [grpc-default-executor-1] INFO  server.RaftServer$Division (RaftServerImpl.java:requestVote(1046)) - omNode-2@group-523986131536: receive requestVote(ELECTION, omNode-3, group-523986131536, 1, (t:0, i:~))
2021-10-24 12:56:11,149 [grpc-default-executor-5] INFO  impl.VoteContext (VoteContext.java:log(48)) - omNode-1@group-523986131536-CANDIDATE: reject ELECTION from omNode-2: already has voted for omNode-1 at current term 1
2021-10-24 12:56:11,150 [grpc-default-executor-2] INFO  impl.VoteContext (VoteContext.java:log(48)) - omNode-3@group-523986131536-CANDIDATE: reject ELECTION from omNode-2: already has voted for omNode-3 at current term 1
2021-10-24 12:56:11,146 [grpc-default-executor-4] INFO  server.RaftServer$Division (RaftServerImpl.java:requestVote(1046)) - omNode-1@group-523986131536: receive requestVote(ELECTION, omNode-3, group-523986131536, 1, (t:0, i:~))
2021-10-24 12:56:11,146 [grpc-default-executor-0] INFO  server.RaftServer$Division (RaftServerImpl.java:requestVote(1046)) - omNode-3@group-523986131536: receive requestVote(ELECTION, omNode-1, group-523986131536, 1, (t:0, i:~))
2021-10-24 12:56:11,149 [grpc-default-executor-3] INFO  impl.VoteContext (VoteContext.java:log(48)) - omNode-2@group-523986131536-CANDIDATE: reject ELECTION from omNode-1: already has voted for omNode-2 at current term 1
2021-10-24 12:56:11,155 [grpc-default-executor-5] INFO  server.RaftServer$Division (RaftServerImpl.java:requestVote(1078)) - omNode-1@group-523986131536 replies to ELECTION vote request: omNode-2<-omNode-1#0:FAIL-t1. Peer's state: omNode-1@group-523986131536:t1, leader=null, voted=omNode-1, raftlog=omNode-1@group-523986131536-SegmentedRaftLog:OPENED:c-1, conf=-1: [omNode-3|rpc:localhost:13908|priority:0, omNode-1|rpc:localhost:13896|priority:0, omNode-2|rpc:localhost:13902|priority:0], old=null
2021-10-24 12:56:11,155 [grpc-default-executor-3] INFO  server.RaftServer$Division (RaftServerImpl.java:requestVote(1078)) - omNode-2@group-523986131536 replies to ELECTION vote request: omNode-1<-omNode-2#0:FAIL-t1. Peer's state: omNode-2@group-523986131536:t1, leader=null, voted=omNode-2, raftlog=omNode-2@group-523986131536-SegmentedRaftLog:OPENED:c-1, conf=-1: [omNode-3|rpc:localhost:13908|priority:0, omNode-1|rpc:localhost:13896|priority:0, omNode-2|rpc:localhost:13902|priority:0], old=null
2021-10-24 12:56:11,156 [grpc-default-executor-1] INFO  impl.VoteContext (VoteContext.java:log(48)) - omNode-2@group-523986131536-CANDIDATE: reject ELECTION from omNode-3: already has voted for omNode-2 at current term 1
2021-10-24 12:56:11,157 [grpc-default-executor-1] INFO  server.RaftServer$Division (RaftServerImpl.java:requestVote(1078)) - omNode-2@group-523986131536 replies to ELECTION vote request: omNode-3<-omNode-2#0:FAIL-t1. Peer's state: omNode-2@group-523986131536:t1, leader=null, voted=omNode-2, raftlog=omNode-2@group-523986131536-SegmentedRaftLog:OPENED:c-1, conf=-1: [omNode-3|rpc:localhost:13908|priority:0, omNode-1|rpc:localhost:13896|priority:0, omNode-2|rpc:localhost:13902|priority:0], old=null
2021-10-24 12:56:11,157 [grpc-default-executor-2] INFO  server.RaftServer$Division (RaftServerImpl.java:requestVote(1078)) - omNode-3@group-523986131536 replies to ELECTION vote request: omNode-2<-omNode-3#0:FAIL-t1. Peer's state: omNode-3@group-523986131536:t1, leader=null, voted=omNode-3, raftlog=omNode-3@group-523986131536-SegmentedRaftLog:OPENED:c-1, conf=-1: [omNode-3|rpc:localhost:13908|priority:0, omNode-1|rpc:localhost:13896|priority:0, omNode-2|rpc:localhost:13902|priority:0], old=null
2021-10-24 12:56:11,157 [grpc-default-executor-4] INFO  impl.VoteContext (VoteContext.java:log(48)) - omNode-1@group-523986131536-CANDIDATE: reject ELECTION from omNode-3: already has voted for omNode-1 at current term 1
2021-10-24 12:56:11,158 [grpc-default-executor-4] INFO  server.RaftServer$Division (RaftServerImpl.java:requestVote(1078)) - omNode-1@group-523986131536 replies to ELECTION vote request: omNode-3<-omNode-1#0:FAIL-t1. Peer's state: omNode-1@group-523986131536:t1, leader=null, voted=omNode-1, raftlog=omNode-1@group-523986131536-SegmentedRaftLog:OPENED:c-1, conf=-1: [omNode-3|rpc:localhost:13908|priority:0, omNode-1|rpc:localhost:13896|priority:0, omNode-2|rpc:localhost:13902|priority:0], old=null
2021-10-24 12:56:11,163 [grpc-default-executor-0] INFO  impl.VoteContext (VoteContext.java:log(48)) - omNode-3@group-523986131536-CANDIDATE: reject ELECTION from omNode-1: already has voted for omNode-3 at current term 1
2021-10-24 12:56:11,163 [grpc-default-executor-0] INFO  server.RaftServer$Division (RaftServerImpl.java:requestVote(1078)) - omNode-3@group-523986131536 replies to ELECTION vote request: omNode-1<-omNode-3#0:FAIL-t1. Peer's state: omNode-3@group-523986131536:t1, leader=null, voted=omNode-3, raftlog=omNode-3@group-523986131536-SegmentedRaftLog:OPENED:c-1, conf=-1: [omNode-3|rpc:localhost:13908|priority:0, omNode-1|rpc:localhost:13896|priority:0, omNode-2|rpc:localhost:13902|priority:0], old=null
2021-10-24 12:56:11,190 [omNode-3@group-523986131536-LeaderElection3] INFO  impl.LeaderElection (LeaderElection.java:logAndReturn(89)) - omNode-3@group-523986131536-LeaderElection3: ELECTION REJECTED received 2 response(s) and 0 exception(s):
2021-10-24 12:56:11,191 [omNode-3@group-523986131536-LeaderElection3] INFO  impl.LeaderElection (LeaderElection.java:logAndReturn(93)) -   Response 0: omNode-3<-omNode-1#0:FAIL-t1
2021-10-24 12:56:11,191 [omNode-3@group-523986131536-LeaderElection3] INFO  impl.LeaderElection (LeaderElection.java:logAndReturn(93)) -   Response 1: omNode-3<-omNode-2#0:FAIL-t1
2021-10-24 12:56:11,191 [omNode-3@group-523986131536-LeaderElection3] INFO  impl.LeaderElection (LeaderElection.java:askForVotes(308)) - omNode-3@group-523986131536-LeaderElection3 ELECTION round 0: result REJECTED
2021-10-24 12:56:11,191 [omNode-3@group-523986131536-LeaderElection3] INFO  server.RaftServer$Division (RaftServerImpl.java:setRole(290)) - omNode-3@group-523986131536: changes role from CANDIDATE to FOLLOWER at term 1 for REJECTED
2021-10-24 12:56:11,192 [omNode-3@group-523986131536-LeaderElection3] INFO  impl.RoleInfo (RoleInfo.java:shutdownLeaderElection(121)) - omNode-3: shutdown omNode-3@group-523986131536-LeaderElection3
2021-10-24 12:56:11,192 [omNode-3@group-523986131536-LeaderElection3] INFO  impl.RoleInfo (RoleInfo.java:updateAndGet(130)) - omNode-3: start omNode-3@group-523986131536-FollowerState
2021-10-24 12:56:11,196 [omNode-1@group-523986131536-LeaderElection1] INFO  impl.LeaderElection (LeaderElection.java:logAndReturn(89)) - omNode-1@group-523986131536-LeaderElection1: ELECTION REJECTED received 2 response(s) and 0 exception(s):
2021-10-24 12:56:11,197 [omNode-1@group-523986131536-LeaderElection1] INFO  impl.LeaderElection (LeaderElection.java:logAndReturn(93)) -   Response 0: omNode-1<-omNode-3#0:FAIL-t1
2021-10-24 12:56:11,197 [omNode-1@group-523986131536-LeaderElection1] INFO  impl.LeaderElection (LeaderElection.java:logAndReturn(93)) -   Response 1: omNode-1<-omNode-2#0:FAIL-t1
2021-10-24 12:56:11,197 [omNode-1@group-523986131536-LeaderElection1] INFO  impl.LeaderElection (LeaderElection.java:askForVotes(308)) - omNode-1@group-523986131536-LeaderElection1 ELECTION round 0: result REJECTED
2021-10-24 12:56:11,202 [omNode-1@group-523986131536-LeaderElection1] INFO  server.RaftServer$Division (RaftServerImpl.java:setRole(290)) - omNode-1@group-523986131536: changes role from CANDIDATE to FOLLOWER at term 1 for REJECTED
2021-10-24 12:56:11,203 [omNode-1@group-523986131536-LeaderElection1] INFO  impl.RoleInfo (RoleInfo.java:shutdownLeaderElection(121)) - omNode-1: shutdown omNode-1@group-523986131536-LeaderElection1
2021-10-24 12:56:11,203 [omNode-1@group-523986131536-LeaderElection1] INFO  impl.RoleInfo (RoleInfo.java:updateAndGet(130)) - omNode-1: start omNode-1@group-523986131536-FollowerState
2021-10-24 12:56:11,203 [omNode-2@group-523986131536-LeaderElection2] INFO  impl.LeaderElection (LeaderElection.java:logAndReturn(89)) - omNode-2@group-523986131536-LeaderElection2: ELECTION REJECTED received 2 response(s) and 0 exception(s):
2021-10-24 12:56:11,203 [omNode-2@group-523986131536-LeaderElection2] INFO  impl.LeaderElection (LeaderElection.java:logAndReturn(93)) -   Response 0: omNode-2<-omNode-3#0:FAIL-t1
2021-10-24 12:56:11,203 [omNode-2@group-523986131536-LeaderElection2] INFO  impl.LeaderElection (LeaderElection.java:logAndReturn(93)) -   Response 1: omNode-2<-omNode-1#0:FAIL-t1
2021-10-24 12:56:11,204 [omNode-2@group-523986131536-LeaderElection2] INFO  impl.LeaderElection (LeaderElection.java:askForVotes(308)) - omNode-2@group-523986131536-LeaderElection2 ELECTION round 0: result REJECTED
2021-10-24 12:56:11,204 [omNode-2@group-523986131536-LeaderElection2] INFO  server.RaftServer$Division (RaftServerImpl.java:setRole(290)) - omNode-2@group-523986131536: changes role from CANDIDATE to FOLLOWER at term 1 for REJECTED
2021-10-24 12:56:11,204 [omNode-2@group-523986131536-LeaderElection2] INFO  impl.RoleInfo (RoleInfo.java:shutdownLeaderElection(121)) - omNode-2: shutdown omNode-2@group-523986131536-LeaderElection2
2021-10-24 12:56:11,204 [omNode-2@group-523986131536-LeaderElection2] INFO  impl.RoleInfo (RoleInfo.java:updateAndGet(130)) - omNode-2: start omNode-2@group-523986131536-FollowerState
2021-10-24 12:56:11,222 [Listener at 127.0.0.1/13904] INFO  handler.ContextHandler (ContextHandler.java:doStart(915)) - Started o.e.j.w.WebAppContext@723c7f2f{hddsDatanode,/,file:///tmp/jetty-0_0_0_0-39799-hdds-container-service-1_2_0-SNAPSHOT_jar-_-any-5801957988769545391/webapp/,AVAILABLE}{jar:file:/home/runner/.m2/repository/org/apache/ozone/hdds-container-service/1.2.0-SNAPSHOT/hdds-container-service-1.2.0-SNAPSHOT.jar!/webapps/hddsDatanode}
2021-10-24 12:56:11,223 [Listener at 127.0.0.1/13904] INFO  server.AbstractConnector (AbstractConnector.java:doStart(331)) - Started ServerConnector@25832704{HTTP/1.1, (http/1.1)}{0.0.0.0:39799}
2021-10-24 12:56:11,223 [Listener at 127.0.0.1/13904] INFO  server.Server (Server.java:doStart(415)) - Started @7992ms
2021-10-24 12:56:11,223 [Listener at 127.0.0.1/13904] WARN  impl.MetricsSystemImpl (MetricsSystemImpl.java:register(279)) - Sink prometheus already exists!
2021-10-24 12:56:11,224 [Listener at 127.0.0.1/13904] INFO  http.BaseHttpServer (BaseHttpServer.java:updateConnectorAddress(329)) - HTTP server of hddsDatanode listening at http://0.0.0.0:39799
2021-10-24 12:56:11,224 [Datanode State Machine Daemon Thread] INFO  statemachine.DatanodeStateMachine (DatanodeStateMachine.java:lambda$startDaemon$0(467)) - Ozone container server started.
2021-10-24 12:56:11,230 [Listener at 127.0.0.1/13904] WARN  impl.MetricRegistriesImpl (MetricRegistriesImpl.java:addReporterRegistration(111)) - New reporters are added after registries were created. Some metrics will be missing from the reporter. Please add reporter before adding any new registry.
2021-10-24 12:56:11,230 [Listener at 127.0.0.1/13904] WARN  impl.MetricRegistriesImpl (MetricRegistriesImpl.java:addReporterRegistration(111)) - New reporters are added after registries were created. Some metrics will be missing from the reporter. Please add reporter before adding any new registry.
2021-10-24 12:56:11,233 [Listener at 127.0.0.1/13904] INFO  impl.MetricsSystemImpl (MetricsSystemImpl.java:init(158)) - HddsDatanode metrics system started (again)
2021-10-24 12:56:11,247 [org.apache.hadoop.util.JvmPauseMonitor$Monitor@793e893c] INFO  util.JvmPauseMonitor (JvmPauseMonitor.java:run(188)) - Starting JVM pause monitor
2021-10-24 12:56:11,259 [Listener at 127.0.0.1/13904] INFO  ozone.HddsDatanodeService (HddsDatanodeService.java:start(234)) - HddsDatanodeService host:fv-az50-989.grzltbmokehuzjyc5b133kdqgh.cx.internal.cloudapp.net ip:10.1.0.40
2021-10-24 12:56:11,261 [Datanode State Machine Task Thread - 0] INFO  datanode.InitDatanodeState (InitDatanodeState.java:persistContainerDatanodeDetails(145)) - DatanodeDetails is persisted to /home/runner/work/ozone/ozone/hadoop-ozone/integration-test/target/test-dir/MiniOzoneClusterImpl-cd96da87-0819-4dc2-95d7-841b147881f8/datanode-1/meta/datanode.id
2021-10-24 12:56:11,283 [Listener at 127.0.0.1/13904] INFO  upgrade.AbstractLayoutVersionManager (AbstractLayoutVersionManager.java:init(79)) - Initializing Layout version manager with metadata layout = SCM_HA (version = 2), software layout = SCM_HA (version = 2)
2021-10-24 12:56:11,324 [Listener at 127.0.0.1/13904] INFO  reflections.Reflections (Reflections.java:scan(232)) - Reflections took 38 ms to scan 7 urls, producing 119 keys and 279 values 
2021-10-24 12:56:11,325 [Listener at 127.0.0.1/13904] INFO  statemachine.DatanodeStateMachine (DatanodeStateMachine.java:getEndPointTaskThreadPoolSize(219)) - Datanode State Machine Task Thread Pool size 2
2021-10-24 12:56:11,329 [Listener at 127.0.0.1/13904] INFO  volume.HddsVolume (HddsVolume.java:<init>(120)) - Creating HddsVolume: /home/runner/work/ozone/ozone/hadoop-ozone/integration-test/target/test-dir/MiniOzoneClusterImpl-cd96da87-0819-4dc2-95d7-841b147881f8/datanode-2/data-0/containers/hdds of storage type : DISK capacity : 9223372036854775807
2021-10-24 12:56:11,329 [Listener at 127.0.0.1/13904] INFO  volume.MutableVolumeSet (MutableVolumeSet.java:initializeVolumeSet(168)) - Added Volume : /home/runner/work/ozone/ozone/hadoop-ozone/integration-test/target/test-dir/MiniOzoneClusterImpl-cd96da87-0819-4dc2-95d7-841b147881f8/datanode-2/data-0/containers/hdds to VolumeSet
2021-10-24 12:56:11,329 [Listener at 127.0.0.1/13904] INFO  volume.ThrottledAsyncChecker (ThrottledAsyncChecker.java:schedule(141)) - Scheduling a check for /home/runner/work/ozone/ozone/hadoop-ozone/integration-test/target/test-dir/MiniOzoneClusterImpl-cd96da87-0819-4dc2-95d7-841b147881f8/datanode-2/data-0/containers/hdds
2021-10-24 12:56:11,334 [Listener at 127.0.0.1/13904] INFO  volume.StorageVolumeChecker (StorageVolumeChecker.java:checkAllVolumes(202)) - Scheduled health check for volume /home/runner/work/ozone/ozone/hadoop-ozone/integration-test/target/test-dir/MiniOzoneClusterImpl-cd96da87-0819-4dc2-95d7-841b147881f8/datanode-2/data-0/containers/hdds
2021-10-24 12:56:11,348 [Listener at 127.0.0.1/13904] INFO  volume.MutableVolumeSet (MutableVolumeSet.java:initializeVolumeSet(168)) - Added Volume : /home/runner/work/ozone/ozone/hadoop-ozone/integration-test/target/test-dir/MiniOzoneClusterImpl-cd96da87-0819-4dc2-95d7-841b147881f8/datanode-2/data/ratis to VolumeSet
2021-10-24 12:56:11,349 [Listener at 127.0.0.1/13904] INFO  volume.ThrottledAsyncChecker (ThrottledAsyncChecker.java:schedule(141)) - Scheduling a check for /home/runner/work/ozone/ozone/hadoop-ozone/integration-test/target/test-dir/MiniOzoneClusterImpl-cd96da87-0819-4dc2-95d7-841b147881f8/datanode-2/data/ratis
2021-10-24 12:56:11,349 [Listener at 127.0.0.1/13904] INFO  volume.StorageVolumeChecker (StorageVolumeChecker.java:checkAllVolumes(202)) - Scheduled health check for volume /home/runner/work/ozone/ozone/hadoop-ozone/integration-test/target/test-dir/MiniOzoneClusterImpl-cd96da87-0819-4dc2-95d7-841b147881f8/datanode-2/data/ratis
2021-10-24 12:56:11,362 [Thread-251] INFO  ozoneimpl.ContainerReader (ContainerReader.java:readVolume(172)) - Finish verifying containers on volume /home/runner/work/ozone/ozone/hadoop-ozone/integration-test/target/test-dir/MiniOzoneClusterImpl-cd96da87-0819-4dc2-95d7-841b147881f8/datanode-2/data-0/containers/hdds
2021-10-24 12:56:11,362 [Listener at 127.0.0.1/13904] INFO  ozoneimpl.OzoneContainer (OzoneContainer.java:buildContainerSet(236)) - Build ContainerSet costs 0s
2021-10-24 12:56:11,366 [Listener at 127.0.0.1/13904] INFO  server.RaftServer (ConfUtils.java:logGet(44)) - raft.rpc.type = GRPC (default)
2021-10-24 12:56:11,366 [Listener at 127.0.0.1/13904] INFO  grpc.GrpcFactory (GrpcFactory.java:checkPooledByteBufAllocatorUseCacheForAllThreads(48)) - PERFORMANCE WARNING: useCacheForAllThreads is true that may cause Netty to create a lot garbage objects and, as a result, trigger GC.
	It is recommended to disable useCacheForAllThreads by setting -Dorg.apache.ratis.thirdparty.io.netty.allocator.useCacheForAllThreads=false in command line.
2021-10-24 12:56:11,366 [Listener at 127.0.0.1/13904] INFO  grpc.GrpcConfigKeys (ConfUtils.java:logGet(44)) - raft.grpc.admin.port = 0 (custom)
2021-10-24 12:56:11,366 [Listener at 127.0.0.1/13904] INFO  grpc.GrpcConfigKeys (ConfUtils.java:logGet(44)) - raft.grpc.client.port = 0 (custom)
2021-10-24 12:56:11,367 [Listener at 127.0.0.1/13904] INFO  grpc.GrpcConfigKeys (ConfUtils.java:logGet(44)) - raft.grpc.server.port = 0 (default)
2021-10-24 12:56:11,367 [Listener at 127.0.0.1/13904] INFO  server.GrpcService (ConfUtils.java:logGet(44)) - raft.grpc.message.size.max = 32MB (=33554432) (custom)
2021-10-24 12:56:11,367 [Listener at 127.0.0.1/13904] INFO  server.RaftServerConfigKeys (ConfUtils.java:logGet(44)) - raft.server.log.appender.buffer.byte-limit = 33554432 (custom)
2021-10-24 12:56:11,367 [Listener at 127.0.0.1/13904] INFO  server.GrpcService (ConfUtils.java:logGet(44)) - raft.grpc.flow.control.window = 5MB (=5242880) (custom)
2021-10-24 12:56:11,367 [Listener at 127.0.0.1/13904] INFO  server.RaftServerConfigKeys (ConfUtils.java:logGet(44)) - raft.server.rpc.request.timeout = 60s (custom)
2021-10-24 12:56:11,368 [Listener at 127.0.0.1/13904] INFO  impl.DataStreamServerImpl (ConfUtils.java:logGet(44)) - raft.datastream.type = DISABLED (default)
2021-10-24 12:56:11,368 [Listener at 127.0.0.1/13904] INFO  server.RaftServerConfigKeys (ConfUtils.java:logGet(44)) - raft.server.rpc.slowness.timeout = 300s (custom)
2021-10-24 12:56:11,368 [Listener at 127.0.0.1/13904] INFO  server.RaftServerConfigKeys (ConfUtils.java:logGet(44)) - raft.server.leaderelection.leader.step-down.wait-time = 10s (default)
2021-10-24 12:56:11,368 [Listener at 127.0.0.1/13904] INFO  server.RaftServerConfigKeys (ConfUtils.java:logGet(44)) - raft.server.storage.dir = [/home/runner/work/ozone/ozone/hadoop-ozone/integration-test/target/test-dir/MiniOzoneClusterImpl-cd96da87-0819-4dc2-95d7-841b147881f8/datanode-2/data/ratis] (custom)
2021-10-24 12:56:11,373 [Listener at 127.0.0.1/13904] INFO  http.BaseHttpServer (BaseHttpServer.java:newHttpServer2BuilderForOzone(209)) - Starting Web-server for hddsDatanode at: http://0.0.0.0:0
2021-10-24 12:56:11,374 [Listener at 127.0.0.1/13904] INFO  http.BaseHttpServer (BaseHttpServer.java:<init>(107)) - Hadoop Security Enabled: false Ozone Security Enabled: false Ozone HTTP Security Enabled: false 
2021-10-24 12:56:11,375 [Listener at 127.0.0.1/13904] INFO  server.AuthenticationFilter (AuthenticationFilter.java:constructSecretProvider(240)) - Unable to initialize FileSignerSecretProvider, falling back to use random secrets.
2021-10-24 12:56:11,375 [Listener at 127.0.0.1/13904] WARN  http.HttpRequestLog (HttpRequestLog.java:getRequestLog(103)) - Jetty request log can only be enabled using Log4j
2021-10-24 12:56:11,376 [Listener at 127.0.0.1/13904] INFO  http.HttpServer2 (HttpServer2.java:addGlobalFilter(1030)) - Added global filter 'safety' (class=org.apache.hadoop.hdds.server.http.HttpServer2$QuotingInputFilter)
2021-10-24 12:56:11,377 [Listener at 127.0.0.1/13904] INFO  http.HttpServer2 (HttpServer2.java:addFilter(1006)) - Added filter static_user_filter (class=org.apache.hadoop.http.lib.StaticUserWebFilter$StaticUserFilter) to context hddsDatanode
2021-10-24 12:56:11,377 [Listener at 127.0.0.1/13904] INFO  http.HttpServer2 (HttpServer2.java:addFilter(1014)) - Added filter static_user_filter (class=org.apache.hadoop.http.lib.StaticUserWebFilter$StaticUserFilter) to context logs
2021-10-24 12:56:11,377 [Listener at 127.0.0.1/13904] INFO  http.HttpServer2 (HttpServer2.java:addFilter(1014)) - Added filter static_user_filter (class=org.apache.hadoop.http.lib.StaticUserWebFilter$StaticUserFilter) to context static
2021-10-24 12:56:11,377 [Listener at 127.0.0.1/13904] INFO  http.HttpServer2 (HttpServer2.java:bindListener(1249)) - Jetty bound to port 32831
2021-10-24 12:56:11,378 [Listener at 127.0.0.1/13904] INFO  server.Server (Server.java:doStart(375)) - jetty-9.4.43.v20210629; built: 2021-06-30T11:07:22.254Z; git: 526006ecfa3af7f1a27ef3a288e2bef7ea9dd7e8; jvm 1.8.0_292-b10
2021-10-24 12:56:11,382 [Listener at 127.0.0.1/13904] INFO  server.session (DefaultSessionIdManager.java:doStart(334)) - DefaultSessionIdManager workerName=node0
2021-10-24 12:56:11,382 [Listener at 127.0.0.1/13904] INFO  server.session (DefaultSessionIdManager.java:doStart(339)) - No SessionScavenger set, using defaults
2021-10-24 12:56:11,383 [Listener at 127.0.0.1/13904] INFO  server.session (HouseKeeper.java:startScavenging(132)) - node0 Scavenging every 600000ms
2021-10-24 12:56:11,383 [Listener at 127.0.0.1/13904] INFO  handler.ContextHandler (ContextHandler.java:doStart(915)) - Started o.e.j.s.ServletContextHandler@689ef61d{logs,/logs,file:///home/runner/work/ozone/ozone/hadoop-ozone/integration-test/target/log,AVAILABLE}
2021-10-24 12:56:11,384 [Listener at 127.0.0.1/13904] INFO  handler.ContextHandler (ContextHandler.java:doStart(915)) - Started o.e.j.s.ServletContextHandler@7acb4a51{static,/static,jar:file:/home/runner/.m2/repository/org/apache/ozone/hdds-container-service/1.2.0-SNAPSHOT/hdds-container-service-1.2.0-SNAPSHOT.jar!/webapps/static,AVAILABLE}
2021-10-24 12:56:11,424 [Listener at 127.0.0.1/13904] INFO  handler.ContextHandler (ContextHandler.java:doStart(915)) - Started o.e.j.w.WebAppContext@1ce803d6{hddsDatanode,/,file:///tmp/jetty-0_0_0_0-32831-hdds-container-service-1_2_0-SNAPSHOT_jar-_-any-3311815494023145581/webapp/,AVAILABLE}{jar:file:/home/runner/.m2/repository/org/apache/ozone/hdds-container-service/1.2.0-SNAPSHOT/hdds-container-service-1.2.0-SNAPSHOT.jar!/webapps/hddsDatanode}
2021-10-24 12:56:11,425 [Listener at 127.0.0.1/13904] INFO  server.AbstractConnector (AbstractConnector.java:doStart(331)) - Started ServerConnector@47af69bc{HTTP/1.1, (http/1.1)}{0.0.0.0:32831}
2021-10-24 12:56:11,425 [Listener at 127.0.0.1/13904] INFO  server.Server (Server.java:doStart(415)) - Started @8194ms
2021-10-24 12:56:11,425 [Listener at 127.0.0.1/13904] WARN  impl.MetricsSystemImpl (MetricsSystemImpl.java:register(279)) - Sink prometheus already exists!
2021-10-24 12:56:11,426 [Listener at 127.0.0.1/13904] INFO  http.BaseHttpServer (BaseHttpServer.java:updateConnectorAddress(329)) - HTTP server of hddsDatanode listening at http://0.0.0.0:32831
2021-10-24 12:56:11,427 [Datanode State Machine Daemon Thread] INFO  statemachine.DatanodeStateMachine (DatanodeStateMachine.java:lambda$startDaemon$0(467)) - Ozone container server started.
2021-10-24 12:56:11,429 [Listener at 127.0.0.1/13904] INFO  ozone.MiniOzoneClusterImpl (MiniOzoneClusterImpl.java:lambda$waitForClusterToBeReady$0(235)) - Waiting for nodes to be ready. Got 0 of 3 DN Heartbeats.
2021-10-24 12:56:11,429 [Listener at 127.0.0.1/13904] INFO  ozone.MiniOzoneClusterImpl (MiniOzoneClusterImpl.java:lambda$waitForClusterToBeReady$0(238)) - Waiting for cluster to exit safe mode
2021-10-24 12:56:11,429 [Listener at 127.0.0.1/13904] INFO  ozone.MiniOzoneClusterImpl (MiniOzoneClusterImpl.java:lambda$waitForClusterToBeReady$0(240)) - SCM became leader
2021-10-24 12:56:11,435 [org.apache.hadoop.util.JvmPauseMonitor$Monitor@2a90200b] INFO  util.JvmPauseMonitor (JvmPauseMonitor.java:run(188)) - Starting JVM pause monitor
2021-10-24 12:56:11,439 [Datanode State Machine Task Thread - 0] INFO  datanode.InitDatanodeState (InitDatanodeState.java:persistContainerDatanodeDetails(145)) - DatanodeDetails is persisted to /home/runner/work/ozone/ozone/hadoop-ozone/integration-test/target/test-dir/MiniOzoneClusterImpl-cd96da87-0819-4dc2-95d7-841b147881f8/datanode-2/meta/datanode.id
2021-10-24 12:56:12,215 [omNode-2@group-523986131536-FollowerState] INFO  impl.FollowerState (FollowerState.java:run(134)) - omNode-2@group-523986131536-FollowerState: change to CANDIDATE, lastRpcElapsedTime:1011169110ns, electionTimeout:1010ms
2021-10-24 12:56:12,215 [omNode-2@group-523986131536-FollowerState] INFO  impl.RoleInfo (RoleInfo.java:shutdownFollowerState(108)) - omNode-2: shutdown omNode-2@group-523986131536-FollowerState
2021-10-24 12:56:12,215 [omNode-2@group-523986131536-FollowerState] INFO  server.RaftServer$Division (RaftServerImpl.java:setRole(290)) - omNode-2@group-523986131536: changes role from  FOLLOWER to CANDIDATE at term 1 for changeToCandidate
2021-10-24 12:56:12,221 [omNode-1@group-523986131536-FollowerState] INFO  impl.FollowerState (FollowerState.java:run(134)) - omNode-1@group-523986131536-FollowerState: change to CANDIDATE, lastRpcElapsedTime:1017917083ns, electionTimeout:1016ms
2021-10-24 12:56:12,221 [omNode-1@group-523986131536-FollowerState] INFO  impl.RoleInfo (RoleInfo.java:shutdownFollowerState(108)) - omNode-1: shutdown omNode-1@group-523986131536-FollowerState
2021-10-24 12:56:12,221 [omNode-1@group-523986131536-FollowerState] INFO  server.RaftServer$Division (RaftServerImpl.java:setRole(290)) - omNode-1@group-523986131536: changes role from  FOLLOWER to CANDIDATE at term 1 for changeToCandidate
2021-10-24 12:56:12,230 [omNode-1@group-523986131536-FollowerState] INFO  server.RaftServerConfigKeys (ConfUtils.java:logGet(44)) - raft.server.leaderelection.pre-vote = false (custom)
2021-10-24 12:56:12,230 [omNode-1@group-523986131536-FollowerState] INFO  impl.RoleInfo (RoleInfo.java:updateAndGet(130)) - omNode-1: start omNode-1@group-523986131536-LeaderElection4
2021-10-24 12:56:12,230 [omNode-2@group-523986131536-FollowerState] INFO  server.RaftServerConfigKeys (ConfUtils.java:logGet(44)) - raft.server.leaderelection.pre-vote = false (custom)
2021-10-24 12:56:12,231 [omNode-2@group-523986131536-FollowerState] INFO  impl.RoleInfo (RoleInfo.java:updateAndGet(130)) - omNode-2: start omNode-2@group-523986131536-LeaderElection5
2021-10-24 12:56:12,239 [omNode-1@group-523986131536-LeaderElection4] INFO  impl.LeaderElection (LeaderElection.java:askForVotes(306)) - omNode-1@group-523986131536-LeaderElection4 ELECTION round 0: submit vote requests at term 2 for -1: [omNode-3|rpc:localhost:13908|priority:0, omNode-1|rpc:localhost:13896|priority:0, omNode-2|rpc:localhost:13902|priority:0], old=null
2021-10-24 12:56:12,240 [omNode-2@group-523986131536-LeaderElection5] INFO  impl.LeaderElection (LeaderElection.java:askForVotes(306)) - omNode-2@group-523986131536-LeaderElection5 ELECTION round 0: submit vote requests at term 2 for -1: [omNode-3|rpc:localhost:13908|priority:0, omNode-1|rpc:localhost:13896|priority:0, omNode-2|rpc:localhost:13902|priority:0], old=null
2021-10-24 12:56:12,258 [grpc-default-executor-0] INFO  server.RaftServer$Division (RaftServerImpl.java:requestVote(1046)) - omNode-3@group-523986131536: receive requestVote(ELECTION, omNode-1, group-523986131536, 2, (t:0, i:~))
2021-10-24 12:56:12,259 [grpc-default-executor-0] INFO  impl.VoteContext (VoteContext.java:log(48)) - omNode-3@group-523986131536-FOLLOWER: accept ELECTION from omNode-1: our priority 0 <= candidate's priority 0
2021-10-24 12:56:12,259 [grpc-default-executor-0] INFO  server.RaftServer$Division (RaftServerImpl.java:setRole(290)) - omNode-3@group-523986131536: changes role from  FOLLOWER to FOLLOWER at term 2 for candidate:omNode-1
2021-10-24 12:56:12,259 [grpc-default-executor-0] INFO  impl.RoleInfo (RoleInfo.java:shutdownFollowerState(108)) - omNode-3: shutdown omNode-3@group-523986131536-FollowerState
2021-10-24 12:56:12,259 [grpc-default-executor-0] INFO  impl.RoleInfo (RoleInfo.java:updateAndGet(130)) - omNode-3: start omNode-3@group-523986131536-FollowerState
2021-10-24 12:56:12,260 [omNode-3@group-523986131536-FollowerState] INFO  impl.FollowerState (FollowerState.java:run(143)) - omNode-3@group-523986131536-FollowerState was interrupted: {}
java.lang.InterruptedException: sleep interrupted
	at java.lang.Thread.sleep(Native Method)
	at java.lang.Thread.sleep(Thread.java:340)
	at java.util.concurrent.TimeUnit.sleep(TimeUnit.java:386)
	at org.apache.ratis.util.TimeDuration.sleep(TimeDuration.java:324)
	at org.apache.ratis.util.TimeDuration.sleep(TimeDuration.java:309)
	at org.apache.ratis.server.impl.FollowerState.run(FollowerState.java:118)
2021-10-24 12:56:12,261 [grpc-default-executor-3] INFO  server.RaftServer$Division (RaftServerImpl.java:requestVote(1046)) - omNode-1@group-523986131536: receive requestVote(ELECTION, omNode-2, group-523986131536, 2, (t:0, i:~))
2021-10-24 12:56:12,267 [grpc-default-executor-3] INFO  impl.VoteContext (VoteContext.java:log(48)) - omNode-1@group-523986131536-CANDIDATE: reject ELECTION from omNode-2: already has voted for omNode-1 at current term 2
2021-10-24 12:56:12,264 [grpc-default-executor-0] INFO  server.RaftServer$Division (RaftServerImpl.java:requestVote(1078)) - omNode-3@group-523986131536 replies to ELECTION vote request: omNode-1<-omNode-3#0:OK-t2. Peer's state: omNode-3@group-523986131536:t2, leader=null, voted=omNode-1, raftlog=omNode-3@group-523986131536-SegmentedRaftLog:OPENED:c-1, conf=-1: [omNode-3|rpc:localhost:13908|priority:0, omNode-1|rpc:localhost:13896|priority:0, omNode-2|rpc:localhost:13902|priority:0], old=null
2021-10-24 12:56:12,262 [grpc-default-executor-1] INFO  server.RaftServer$Division (RaftServerImpl.java:requestVote(1046)) - omNode-2@group-523986131536: receive requestVote(ELECTION, omNode-1, group-523986131536, 2, (t:0, i:~))
2021-10-24 12:56:12,267 [grpc-default-executor-1] INFO  impl.VoteContext (VoteContext.java:log(48)) - omNode-2@group-523986131536-CANDIDATE: reject ELECTION from omNode-1: already has voted for omNode-2 at current term 2
2021-10-24 12:56:12,267 [grpc-default-executor-1] INFO  server.RaftServer$Division (RaftServerImpl.java:requestVote(1078)) - omNode-2@group-523986131536 replies to ELECTION vote request: omNode-1<-omNode-2#0:FAIL-t2. Peer's state: omNode-2@group-523986131536:t2, leader=null, voted=omNode-2, raftlog=omNode-2@group-523986131536-SegmentedRaftLog:OPENED:c-1, conf=-1: [omNode-3|rpc:localhost:13908|priority:0, omNode-1|rpc:localhost:13896|priority:0, omNode-2|rpc:localhost:13902|priority:0], old=null
2021-10-24 12:56:12,262 [grpc-default-executor-4] INFO  server.RaftServer$Division (RaftServerImpl.java:requestVote(1046)) - omNode-3@group-523986131536: receive requestVote(ELECTION, omNode-2, group-523986131536, 2, (t:0, i:~))
2021-10-24 12:56:12,267 [grpc-default-executor-3] INFO  server.RaftServer$Division (RaftServerImpl.java:requestVote(1078)) - omNode-1@group-523986131536 replies to ELECTION vote request: omNode-2<-omNode-1#0:FAIL-t2. Peer's state: omNode-1@group-523986131536:t2, leader=null, voted=omNode-1, raftlog=omNode-1@group-523986131536-SegmentedRaftLog:OPENED:c-1, conf=-1: [omNode-3|rpc:localhost:13908|priority:0, omNode-1|rpc:localhost:13896|priority:0, omNode-2|rpc:localhost:13902|priority:0], old=null
2021-10-24 12:56:12,269 [grpc-default-executor-4] INFO  impl.VoteContext (VoteContext.java:log(48)) - omNode-3@group-523986131536-FOLLOWER: reject ELECTION from omNode-2: already has voted for omNode-1 at current term 2
2021-10-24 12:56:12,269 [grpc-default-executor-4] INFO  server.RaftServer$Division (RaftServerImpl.java:requestVote(1078)) - omNode-3@group-523986131536 replies to ELECTION vote request: omNode-2<-omNode-3#0:FAIL-t2. Peer's state: omNode-3@group-523986131536:t2, leader=null, voted=omNode-1, raftlog=omNode-3@group-523986131536-SegmentedRaftLog:OPENED:c-1, conf=-1: [omNode-3|rpc:localhost:13908|priority:0, omNode-1|rpc:localhost:13896|priority:0, omNode-2|rpc:localhost:13902|priority:0], old=null
2021-10-24 12:56:12,271 [omNode-1@group-523986131536-LeaderElection4] INFO  impl.LeaderElection (LeaderElection.java:logAndReturn(89)) - omNode-1@group-523986131536-LeaderElection4: ELECTION PASSED received 1 response(s) and 0 exception(s):
2021-10-24 12:56:12,271 [omNode-1@group-523986131536-LeaderElection4] INFO  impl.LeaderElection (LeaderElection.java:logAndReturn(93)) -   Response 0: omNode-1<-omNode-3#0:OK-t2
2021-10-24 12:56:12,271 [omNode-1@group-523986131536-LeaderElection4] INFO  impl.LeaderElection (LeaderElection.java:askForVotes(308)) - omNode-1@group-523986131536-LeaderElection4 ELECTION round 0: result PASSED
2021-10-24 12:56:12,271 [omNode-1@group-523986131536-LeaderElection4] INFO  impl.RoleInfo (RoleInfo.java:shutdownLeaderElection(121)) - omNode-1: shutdown omNode-1@group-523986131536-LeaderElection4
2021-10-24 12:56:12,272 [omNode-1@group-523986131536-LeaderElection4] INFO  server.RaftServer$Division (RaftServerImpl.java:setRole(290)) - omNode-1@group-523986131536: changes role from CANDIDATE to LEADER at term 2 for changeToLeader
2021-10-24 12:56:12,272 [omNode-1@group-523986131536-LeaderElection4] INFO  server.RaftServer$Division (ServerState.java:setLeader(285)) - omNode-1@group-523986131536: change Leader from null to omNode-1 at term 2 for becomeLeader, leader elected after 3418ms
2021-10-24 12:56:12,277 [omNode-1@group-523986131536-LeaderElection4] INFO  server.RaftServerConfigKeys (ConfUtils.java:logGet(44)) - raft.server.staging.catchup.gap = 1000 (default)
2021-10-24 12:56:12,279 [omNode-2@group-523986131536-LeaderElection5] INFO  impl.LeaderElection (LeaderElection.java:logAndReturn(89)) - omNode-2@group-523986131536-LeaderElection5: ELECTION REJECTED received 2 response(s) and 0 exception(s):
2021-10-24 12:56:12,279 [omNode-2@group-523986131536-LeaderElection5] INFO  impl.LeaderElection (LeaderElection.java:logAndReturn(93)) -   Response 0: omNode-2<-omNode-3#0:FAIL-t2
2021-10-24 12:56:12,279 [omNode-2@group-523986131536-LeaderElection5] INFO  impl.LeaderElection (LeaderElection.java:logAndReturn(93)) -   Response 1: omNode-2<-omNode-1#0:FAIL-t2
2021-10-24 12:56:12,279 [omNode-2@group-523986131536-LeaderElection5] INFO  impl.LeaderElection (LeaderElection.java:askForVotes(308)) - omNode-2@group-523986131536-LeaderElection5 ELECTION round 0: result REJECTED
2021-10-24 12:56:12,279 [omNode-2@group-523986131536-LeaderElection5] INFO  server.RaftServer$Division (RaftServerImpl.java:setRole(290)) - omNode-2@group-523986131536: changes role from CANDIDATE to FOLLOWER at term 2 for REJECTED
2021-10-24 12:56:12,279 [omNode-2@group-523986131536-LeaderElection5] INFO  impl.RoleInfo (RoleInfo.java:shutdownLeaderElection(121)) - omNode-2: shutdown omNode-2@group-523986131536-LeaderElection5
2021-10-24 12:56:12,279 [omNode-2@group-523986131536-LeaderElection5] INFO  impl.RoleInfo (RoleInfo.java:updateAndGet(130)) - omNode-2: start omNode-2@group-523986131536-FollowerState
2021-10-24 12:56:12,283 [omNode-1@group-523986131536-LeaderElection4] INFO  server.RaftServerConfigKeys (ConfUtils.java:logGet(44)) - raft.server.write.element-limit = 4096 (default)
2021-10-24 12:56:12,283 [omNode-1@group-523986131536-LeaderElection4] INFO  server.RaftServerConfigKeys (ConfUtils.java:logGet(44)) - raft.server.write.byte-limit = 64MB (=67108864) (default)
2021-10-24 12:56:12,289 [omNode-1@group-523986131536-LeaderElection4] INFO  server.RaftServerConfigKeys (ConfUtils.java:logGet(44)) - raft.server.watch.timeout = 10s (default)
2021-10-24 12:56:12,290 [omNode-1@group-523986131536-LeaderElection4] INFO  server.RaftServerConfigKeys (ConfUtils.java:logGet(44)) - raft.server.watch.timeout.denomination = 1s (default)
2021-10-24 12:56:12,290 [omNode-1@group-523986131536-LeaderElection4] INFO  server.RaftServerConfigKeys (ConfUtils.java:logGet(44)) - raft.server.watch.element-limit = 65536 (default)
2021-10-24 12:56:12,293 [omNode-1@group-523986131536-LeaderElection4] INFO  server.RaftServerConfigKeys (ConfUtils.java:logGet(44)) - raft.server.write.element-limit = 4096 (default)
2021-10-24 12:56:12,295 [omNode-1@group-523986131536-LeaderElection4] INFO  server.RaftServerConfigKeys (ConfUtils.java:logGet(44)) - raft.server.write.follower.gap.ratio.max = -1.0 (default)
2021-10-24 12:56:12,304 [omNode-1@group-523986131536-LeaderElection4] INFO  server.RaftServerConfigKeys (ConfUtils.java:logGet(44)) - raft.server.log.appender.snapshot.chunk.size.max = 16MB (=16777216) (default)
2021-10-24 12:56:12,304 [omNode-1@group-523986131536-LeaderElection4] INFO  server.RaftServerConfigKeys (ConfUtils.java:logGet(44)) - raft.server.log.appender.buffer.byte-limit = 33554432 (custom)
2021-10-24 12:56:12,304 [omNode-1@group-523986131536-LeaderElection4] INFO  server.RaftServerConfigKeys (ConfUtils.java:logGet(44)) - raft.server.log.appender.buffer.element-limit = 1024 (custom)
2021-10-24 12:56:12,307 [omNode-1@group-523986131536-LeaderElection4] INFO  grpc.GrpcConfigKeys (ConfUtils.java:logGet(44)) - raft.grpc.server.leader.outstanding.appends.max = 128 (default)
2021-10-24 12:56:12,307 [omNode-1@group-523986131536-LeaderElection4] INFO  server.RaftServerConfigKeys (ConfUtils.java:logGet(44)) - raft.server.rpc.request.timeout = 3000ms (default)
2021-10-24 12:56:12,307 [omNode-1@group-523986131536-LeaderElection4] INFO  server.RaftServerConfigKeys (ConfUtils.java:logGet(44)) - raft.server.log.appender.install.snapshot.enabled = false (custom)
2021-10-24 12:56:12,317 [omNode-1@group-523986131536-LeaderElection4] INFO  server.RaftServerConfigKeys (ConfUtils.java:logGet(44)) - raft.server.log.appender.snapshot.chunk.size.max = 16MB (=16777216) (default)
2021-10-24 12:56:12,320 [omNode-1@group-523986131536-LeaderElection4] INFO  server.RaftServerConfigKeys (ConfUtils.java:logGet(44)) - raft.server.log.appender.buffer.byte-limit = 33554432 (custom)
2021-10-24 12:56:12,321 [omNode-1@group-523986131536-LeaderElection4] INFO  server.RaftServerConfigKeys (ConfUtils.java:logGet(44)) - raft.server.log.appender.buffer.element-limit = 1024 (custom)
2021-10-24 12:56:12,321 [omNode-1@group-523986131536-LeaderElection4] INFO  grpc.GrpcConfigKeys (ConfUtils.java:logGet(44)) - raft.grpc.server.leader.outstanding.appends.max = 128 (default)
2021-10-24 12:56:12,321 [omNode-1@group-523986131536-LeaderElection4] INFO  server.RaftServerConfigKeys (ConfUtils.java:logGet(44)) - raft.server.rpc.request.timeout = 3000ms (default)
2021-10-24 12:56:12,321 [omNode-1@group-523986131536-LeaderElection4] INFO  server.RaftServerConfigKeys (ConfUtils.java:logGet(44)) - raft.server.log.appender.install.snapshot.enabled = false (custom)
2021-10-24 12:56:12,325 [omNode-1@group-523986131536-LeaderElection4] INFO  impl.RoleInfo (RoleInfo.java:updateAndGet(130)) - omNode-1: start omNode-1@group-523986131536-LeaderStateImpl
2021-10-24 12:56:12,344 [omNode-1@group-523986131536-LeaderElection4] INFO  segmented.SegmentedRaftLogWorker (SegmentedRaftLogWorker.java:startLogSegment(394)) - omNode-1@group-523986131536-SegmentedRaftLogWorker: Starting segment from index:0
2021-10-24 12:56:12,373 [omNode-1@group-523986131536-LeaderElection4] INFO  server.RaftServer$Division (ServerState.java:setRaftConf(387)) - omNode-1@group-523986131536: set configuration 0: [omNode-3|rpc:localhost:13908|admin:|client:|dataStream:|priority:0, omNode-1|rpc:localhost:13896|admin:|client:|dataStream:|priority:0, omNode-2|rpc:localhost:13902|admin:|client:|dataStream:|priority:0], old=null
2021-10-24 12:56:12,413 [grpc-default-executor-3] INFO  server.RaftServer$Division (ServerState.java:setLeader(285)) - omNode-2@group-523986131536: change Leader from null to omNode-1 at term 2 for appendEntries, leader elected after 3106ms
2021-10-24 12:56:12,419 [grpc-default-executor-4] INFO  server.RaftServer$Division (ServerState.java:setLeader(285)) - omNode-3@group-523986131536: change Leader from null to omNode-1 at term 2 for appendEntries, leader elected after 2786ms
2021-10-24 12:56:12,429 [Listener at 127.0.0.1/13904] INFO  ozone.MiniOzoneClusterImpl (MiniOzoneClusterImpl.java:lambda$waitForClusterToBeReady$0(235)) - Waiting for nodes to be ready. Got 0 of 3 DN Heartbeats.
2021-10-24 12:56:12,429 [Listener at 127.0.0.1/13904] INFO  ozone.MiniOzoneClusterImpl (MiniOzoneClusterImpl.java:lambda$waitForClusterToBeReady$0(238)) - Waiting for cluster to exit safe mode
2021-10-24 12:56:12,429 [Listener at 127.0.0.1/13904] INFO  ozone.MiniOzoneClusterImpl (MiniOzoneClusterImpl.java:lambda$waitForClusterToBeReady$0(240)) - SCM became leader
2021-10-24 12:56:12,437 [grpc-default-executor-3] INFO  server.RaftServer$Division (ServerState.java:setRaftConf(387)) - omNode-2@group-523986131536: set configuration 0: [omNode-3|rpc:localhost:13908|admin:|client:|dataStream:|priority:0, omNode-1|rpc:localhost:13896|admin:|client:|dataStream:|priority:0, omNode-2|rpc:localhost:13902|admin:|client:|dataStream:|priority:0], old=null
2021-10-24 12:56:12,437 [grpc-default-executor-3] INFO  segmented.SegmentedRaftLogWorker (SegmentedRaftLogWorker.java:startLogSegment(394)) - omNode-2@group-523986131536-SegmentedRaftLogWorker: Starting segment from index:0
2021-10-24 12:56:12,442 [grpc-default-executor-0] INFO  server.RaftServer$Division (ServerState.java:setRaftConf(387)) - omNode-3@group-523986131536: set configuration 0: [omNode-3|rpc:localhost:13908|admin:|client:|dataStream:|priority:0, omNode-1|rpc:localhost:13896|admin:|client:|dataStream:|priority:0, omNode-2|rpc:localhost:13902|admin:|client:|dataStream:|priority:0], old=null
2021-10-24 12:56:12,442 [grpc-default-executor-0] INFO  segmented.SegmentedRaftLogWorker (SegmentedRaftLogWorker.java:startLogSegment(394)) - omNode-3@group-523986131536-SegmentedRaftLogWorker: Starting segment from index:0
2021-10-24 12:56:12,536 [omNode-2@group-523986131536-SegmentedRaftLogWorker] INFO  segmented.SegmentedRaftLogWorker (SegmentedRaftLogWorker.java:execute(601)) - omNode-2@group-523986131536-SegmentedRaftLogWorker: created new log segment /home/runner/work/ozone/ozone/hadoop-ozone/integration-test/target/test-dir/MiniOzoneClusterImpl-cd96da87-0819-4dc2-95d7-841b147881f8/omNode-2/ratis/c9bc4cf4-3bc3-3c60-a66b-523986131536/current/log_inprogress_0
2021-10-24 12:56:12,536 [omNode-1@group-523986131536-SegmentedRaftLogWorker] INFO  segmented.SegmentedRaftLogWorker (SegmentedRaftLogWorker.java:execute(601)) - omNode-1@group-523986131536-SegmentedRaftLogWorker: created new log segment /home/runner/work/ozone/ozone/hadoop-ozone/integration-test/target/test-dir/MiniOzoneClusterImpl-cd96da87-0819-4dc2-95d7-841b147881f8/omNode-1/ratis/c9bc4cf4-3bc3-3c60-a66b-523986131536/current/log_inprogress_0
2021-10-24 12:56:12,537 [omNode-3@group-523986131536-SegmentedRaftLogWorker] INFO  segmented.SegmentedRaftLogWorker (SegmentedRaftLogWorker.java:execute(601)) - omNode-3@group-523986131536-SegmentedRaftLogWorker: created new log segment /home/runner/work/ozone/ozone/hadoop-ozone/integration-test/target/test-dir/MiniOzoneClusterImpl-cd96da87-0819-4dc2-95d7-841b147881f8/omNode-3/ratis/c9bc4cf4-3bc3-3c60-a66b-523986131536/current/log_inprogress_0
2021-10-24 12:56:12,624 [omNode-1@group-523986131536-StateMachineUpdater] INFO  ratis.OzoneManagerStateMachine (OzoneManagerStateMachine.java:notifyConfigurationChanged(188)) - Received Configuration change notification from Ratis. New Peer list:
[id: "omNode-3"
address: "localhost:13908"
, id: "omNode-1"
address: "localhost:13896"
, id: "omNode-2"
address: "localhost:13902"
]
2021-10-24 12:56:12,866 [EndpointStateMachine task thread for /0.0.0.0:35721 - 0 ] INFO  ozoneimpl.OzoneContainer (OzoneContainer.java:start(304)) - Attempting to start container services.
2021-10-24 12:56:12,867 [EndpointStateMachine task thread for /0.0.0.0:35721 - 0 ] INFO  ozoneimpl.OzoneContainer (OzoneContainer.java:startContainerScrub(249)) - Background container scanner has been disabled.
2021-10-24 12:56:12,869 [EndpointStateMachine task thread for /0.0.0.0:35721 - 0 ] INFO  replication.ReplicationServer (ReplicationServer.java:start(107)) - ReplicationServer is started using port 44491
2021-10-24 12:56:12,872 [EndpointStateMachine task thread for /0.0.0.0:35721 - 0 ] INFO  ratis.XceiverServerRatis (XceiverServerRatis.java:start(484)) - Starting XceiverServerRatis c51a8637-7017-4cf6-9542-b728f68071a8
2021-10-24 12:56:12,875 [EndpointStateMachine task thread for /0.0.0.0:35721 - 0 ] INFO  server.RaftServer (RaftServerProxy.java:lambda$start$5(374)) - c51a8637-7017-4cf6-9542-b728f68071a8: start RPC server
2021-10-24 12:56:12,876 [EndpointStateMachine task thread for /0.0.0.0:35721 - 0 ] INFO  server.GrpcService (GrpcService.java:startImpl(253)) - c51a8637-7017-4cf6-9542-b728f68071a8: GrpcService started, listening on 36541
2021-10-24 12:56:12,879 [EndpointStateMachine task thread for /0.0.0.0:35721 - 0 ] INFO  ratis.XceiverServerRatis (XceiverServerRatis.java:getRealPort(505)) - XceiverServerRatis c51a8637-7017-4cf6-9542-b728f68071a8 is started using port 36541 for RATIS
2021-10-24 12:56:12,879 [EndpointStateMachine task thread for /0.0.0.0:35721 - 0 ] INFO  ratis.XceiverServerRatis (XceiverServerRatis.java:getRealPort(505)) - XceiverServerRatis c51a8637-7017-4cf6-9542-b728f68071a8 is started using port 36541 for RATIS_ADMIN
2021-10-24 12:56:12,879 [EndpointStateMachine task thread for /0.0.0.0:35721 - 0 ] INFO  ratis.XceiverServerRatis (XceiverServerRatis.java:getRealPort(505)) - XceiverServerRatis c51a8637-7017-4cf6-9542-b728f68071a8 is started using port 36541 for RATIS_SERVER
2021-10-24 12:56:12,880 [EndpointStateMachine task thread for /0.0.0.0:35721 - 0 ] INFO  server.XceiverServerGrpc (XceiverServerGrpc.java:start(135)) - XceiverServerGrpc c51a8637-7017-4cf6-9542-b728f68071a8 is started using port 38491
2021-10-24 12:56:12,881 [org.apache.ratis.util.JvmPauseMonitor$$Lambda$523/122473104@50f01951] INFO  util.JvmPauseMonitor (JvmPauseMonitor.java:run(103)) - JvmPauseMonitor-c51a8637-7017-4cf6-9542-b728f68071a8: Started
2021-10-24 12:56:13,057 [omNode-2@group-523986131536-StateMachineUpdater] INFO  ratis.OzoneManagerStateMachine (OzoneManagerStateMachine.java:notifyConfigurationChanged(188)) - Received Configuration change notification from Ratis. New Peer list:
[id: "omNode-3"
address: "localhost:13908"
, id: "omNode-1"
address: "localhost:13896"
, id: "omNode-2"
address: "localhost:13902"
]
2021-10-24 12:56:13,060 [omNode-3@group-523986131536-StateMachineUpdater] INFO  ratis.OzoneManagerStateMachine (OzoneManagerStateMachine.java:notifyConfigurationChanged(188)) - Received Configuration change notification from Ratis. New Peer list:
[id: "omNode-3"
address: "localhost:13908"
, id: "omNode-1"
address: "localhost:13896"
, id: "omNode-2"
address: "localhost:13902"
]
2021-10-24 12:56:13,251 [EndpointStateMachine task thread for /0.0.0.0:35721 - 0 ] INFO  ozoneimpl.OzoneContainer (OzoneContainer.java:start(304)) - Attempting to start container services.
2021-10-24 12:56:13,252 [EndpointStateMachine task thread for /0.0.0.0:35721 - 0 ] INFO  ozoneimpl.OzoneContainer (OzoneContainer.java:startContainerScrub(249)) - Background container scanner has been disabled.
2021-10-24 12:56:13,254 [EndpointStateMachine task thread for /0.0.0.0:35721 - 0 ] INFO  replication.ReplicationServer (ReplicationServer.java:start(107)) - ReplicationServer is started using port 34019
2021-10-24 12:56:13,255 [EndpointStateMachine task thread for /0.0.0.0:35721 - 0 ] INFO  ratis.XceiverServerRatis (XceiverServerRatis.java:start(484)) - Starting XceiverServerRatis 021dcb64-0c4e-46dc-94fe-ee9c017f1ba6
2021-10-24 12:56:13,259 [EndpointStateMachine task thread for /0.0.0.0:35721 - 0 ] INFO  server.RaftServer (RaftServerProxy.java:lambda$start$5(374)) - 021dcb64-0c4e-46dc-94fe-ee9c017f1ba6: start RPC server
2021-10-24 12:56:13,260 [EndpointStateMachine task thread for /0.0.0.0:35721 - 0 ] INFO  server.GrpcService (GrpcService.java:startImpl(253)) - 021dcb64-0c4e-46dc-94fe-ee9c017f1ba6: GrpcService started, listening on 35563
2021-10-24 12:56:13,261 [EndpointStateMachine task thread for /0.0.0.0:35721 - 0 ] INFO  ratis.XceiverServerRatis (XceiverServerRatis.java:getRealPort(505)) - XceiverServerRatis 021dcb64-0c4e-46dc-94fe-ee9c017f1ba6 is started using port 35563 for RATIS
2021-10-24 12:56:13,261 [EndpointStateMachine task thread for /0.0.0.0:35721 - 0 ] INFO  ratis.XceiverServerRatis (XceiverServerRatis.java:getRealPort(505)) - XceiverServerRatis 021dcb64-0c4e-46dc-94fe-ee9c017f1ba6 is started using port 35563 for RATIS_ADMIN
2021-10-24 12:56:13,261 [org.apache.ratis.util.JvmPauseMonitor$$Lambda$523/122473104@7a86c020] INFO  util.JvmPauseMonitor (JvmPauseMonitor.java:run(103)) - JvmPauseMonitor-021dcb64-0c4e-46dc-94fe-ee9c017f1ba6: Started
2021-10-24 12:56:13,261 [EndpointStateMachine task thread for /0.0.0.0:35721 - 0 ] INFO  ratis.XceiverServerRatis (XceiverServerRatis.java:getRealPort(505)) - XceiverServerRatis 021dcb64-0c4e-46dc-94fe-ee9c017f1ba6 is started using port 35563 for RATIS_SERVER
2021-10-24 12:56:13,262 [EndpointStateMachine task thread for /0.0.0.0:35721 - 0 ] INFO  server.XceiverServerGrpc (XceiverServerGrpc.java:start(135)) - XceiverServerGrpc 021dcb64-0c4e-46dc-94fe-ee9c017f1ba6 is started using port 36317
2021-10-24 12:56:13,430 [Listener at 127.0.0.1/13904] INFO  ozone.MiniOzoneClusterImpl (MiniOzoneClusterImpl.java:lambda$waitForClusterToBeReady$0(235)) - Waiting for nodes to be ready. Got 0 of 3 DN Heartbeats.
2021-10-24 12:56:13,430 [Listener at 127.0.0.1/13904] INFO  ozone.MiniOzoneClusterImpl (MiniOzoneClusterImpl.java:lambda$waitForClusterToBeReady$0(238)) - Waiting for cluster to exit safe mode
2021-10-24 12:56:13,430 [Listener at 127.0.0.1/13904] INFO  ozone.MiniOzoneClusterImpl (MiniOzoneClusterImpl.java:lambda$waitForClusterToBeReady$0(240)) - SCM became leader
2021-10-24 12:56:13,446 [EndpointStateMachine task thread for /0.0.0.0:35721 - 0 ] INFO  ozoneimpl.OzoneContainer (OzoneContainer.java:start(304)) - Attempting to start container services.
2021-10-24 12:56:13,446 [EndpointStateMachine task thread for /0.0.0.0:35721 - 0 ] INFO  ozoneimpl.OzoneContainer (OzoneContainer.java:startContainerScrub(249)) - Background container scanner has been disabled.
2021-10-24 12:56:13,447 [EndpointStateMachine task thread for /0.0.0.0:35721 - 0 ] INFO  replication.ReplicationServer (ReplicationServer.java:start(107)) - ReplicationServer is started using port 36927
2021-10-24 12:56:13,448 [EndpointStateMachine task thread for /0.0.0.0:35721 - 0 ] INFO  ratis.XceiverServerRatis (XceiverServerRatis.java:start(484)) - Starting XceiverServerRatis ab0b9145-2e53-4c25-ad23-cd655fd27dca
2021-10-24 12:56:13,451 [EndpointStateMachine task thread for /0.0.0.0:35721 - 0 ] INFO  server.RaftServer (RaftServerProxy.java:lambda$start$5(374)) - ab0b9145-2e53-4c25-ad23-cd655fd27dca: start RPC server
2021-10-24 12:56:13,452 [EndpointStateMachine task thread for /0.0.0.0:35721 - 0 ] INFO  server.GrpcService (GrpcService.java:startImpl(253)) - ab0b9145-2e53-4c25-ad23-cd655fd27dca: GrpcService started, listening on 42267
2021-10-24 12:56:13,453 [EndpointStateMachine task thread for /0.0.0.0:35721 - 0 ] INFO  ratis.XceiverServerRatis (XceiverServerRatis.java:getRealPort(505)) - XceiverServerRatis ab0b9145-2e53-4c25-ad23-cd655fd27dca is started using port 42267 for RATIS
2021-10-24 12:56:13,453 [EndpointStateMachine task thread for /0.0.0.0:35721 - 0 ] INFO  ratis.XceiverServerRatis (XceiverServerRatis.java:getRealPort(505)) - XceiverServerRatis ab0b9145-2e53-4c25-ad23-cd655fd27dca is started using port 42267 for RATIS_ADMIN
2021-10-24 12:56:13,453 [EndpointStateMachine task thread for /0.0.0.0:35721 - 0 ] INFO  ratis.XceiverServerRatis (XceiverServerRatis.java:getRealPort(505)) - XceiverServerRatis ab0b9145-2e53-4c25-ad23-cd655fd27dca is started using port 42267 for RATIS_SERVER
2021-10-24 12:56:13,454 [EndpointStateMachine task thread for /0.0.0.0:35721 - 0 ] INFO  server.XceiverServerGrpc (XceiverServerGrpc.java:start(135)) - XceiverServerGrpc ab0b9145-2e53-4c25-ad23-cd655fd27dca is started using port 44495
2021-10-24 12:56:13,454 [org.apache.ratis.util.JvmPauseMonitor$$Lambda$523/122473104@240dce83] INFO  util.JvmPauseMonitor (JvmPauseMonitor.java:run(103)) - JvmPauseMonitor-ab0b9145-2e53-4c25-ad23-cd655fd27dca: Started
2021-10-24 12:56:14,431 [Listener at 127.0.0.1/13904] INFO  ozone.MiniOzoneClusterImpl (MiniOzoneClusterImpl.java:lambda$waitForClusterToBeReady$0(235)) - Waiting for nodes to be ready. Got 0 of 3 DN Heartbeats.
2021-10-24 12:56:14,431 [Listener at 127.0.0.1/13904] INFO  ozone.MiniOzoneClusterImpl (MiniOzoneClusterImpl.java:lambda$waitForClusterToBeReady$0(238)) - Waiting for cluster to exit safe mode
2021-10-24 12:56:14,431 [Listener at 127.0.0.1/13904] INFO  ozone.MiniOzoneClusterImpl (MiniOzoneClusterImpl.java:lambda$waitForClusterToBeReady$0(240)) - SCM became leader
2021-10-24 12:56:14,875 [IPC Server handler 7 on default port 35721] INFO  net.NetworkTopologyImpl (NetworkTopologyImpl.java:add(112)) - Added a new node: /default-rack/c51a8637-7017-4cf6-9542-b728f68071a8
2021-10-24 12:56:14,876 [IPC Server handler 7 on default port 35721] INFO  node.SCMNodeManager (SCMNodeManager.java:register(389)) - Registered Data node : c51a8637-7017-4cf6-9542-b728f68071a8{ip: 10.1.0.40, host: fv-az50-989.grzltbmokehuzjyc5b133kdqgh.cx.internal.cloudapp.net, ports: [REPLICATION=44491, RATIS=36541, RATIS_ADMIN=36541, RATIS_SERVER=36541, STANDALONE=38491], networkLocation: /default-rack, certSerialId: null, persistedOpState: null, persistedOpStateExpiryEpochSec: 0}
2021-10-24 12:56:14,879 [EventQueue-NewNodeForNewNodeHandler] INFO  pipeline.BackgroundPipelineCreator (BackgroundPipelineCreator.java:notifyEventTriggered(285)) - trigger a one-shot run on RatisPipelineUtilsThread.
2021-10-24 12:56:14,883 [EventQueue-NodeRegistrationContainerReportForContainerSafeModeRule] INFO  safemode.SCMSafeModeManager (SCMSafeModeManager.java:validateSafeModeExitRules(204)) - ContainerSafeModeRule rule is successfully validated
2021-10-24 12:56:14,884 [EventQueue-NodeRegistrationContainerReportForDataNodeSafeModeRule] INFO  safemode.SCMSafeModeManager (DataNodeSafeModeRule.java:process(71)) - SCM in safe mode. 1 DataNodes registered, 3 required.
2021-10-24 12:56:14,887 [EventQueue-PipelineReportForOneReplicaPipelineSafeModeRule] INFO  safemode.SCMSafeModeManager (SCMSafeModeManager.java:validateSafeModeExitRules(204)) - AtleastOneDatanodeReportedRule rule is successfully validated
2021-10-24 12:56:14,890 [RatisPipelineUtilsThread - 0] INFO  pipeline.RatisPipelineProvider (RatisPipelineProvider.java:lambda$create$0(183)) - Sending CreatePipelineCommand for pipeline:PipelineID=6ceb7f10-b1de-41a8-ad93-59521de3eae1 to datanode:c51a8637-7017-4cf6-9542-b728f68071a8
2021-10-24 12:56:14,897 [RatisPipelineUtilsThread - 0] INFO  pipeline.PipelineStateManagerImpl (PipelineStateManagerImpl.java:addPipeline(101)) - Created pipeline Pipeline[ Id: 6ceb7f10-b1de-41a8-ad93-59521de3eae1, Nodes: c51a8637-7017-4cf6-9542-b728f68071a8{ip: 10.1.0.40, host: fv-az50-989.grzltbmokehuzjyc5b133kdqgh.cx.internal.cloudapp.net, ports: [REPLICATION=44491, RATIS=36541, RATIS_ADMIN=36541, RATIS_SERVER=36541, STANDALONE=38491], networkLocation: /default-rack, certSerialId: null, persistedOpState: IN_SERVICE, persistedOpStateExpiryEpochSec: 0}, ReplicationConfig: RATIS/ONE, State:ALLOCATED, leaderId:, CreationTimestamp2021-10-24T12:56:14.887Z[Etc/UTC]].
2021-10-24 12:56:15,249 [IPC Server handler 13 on default port 35721] INFO  net.NetworkTopologyImpl (NetworkTopologyImpl.java:add(112)) - Added a new node: /default-rack/021dcb64-0c4e-46dc-94fe-ee9c017f1ba6
2021-10-24 12:56:15,249 [IPC Server handler 13 on default port 35721] INFO  node.SCMNodeManager (SCMNodeManager.java:register(389)) - Registered Data node : 021dcb64-0c4e-46dc-94fe-ee9c017f1ba6{ip: 10.1.0.40, host: fv-az50-989.grzltbmokehuzjyc5b133kdqgh.cx.internal.cloudapp.net, ports: [REPLICATION=34019, RATIS=35563, RATIS_ADMIN=35563, RATIS_SERVER=35563, STANDALONE=36317], networkLocation: /default-rack, certSerialId: null, persistedOpState: null, persistedOpStateExpiryEpochSec: 0}
2021-10-24 12:56:15,250 [EventQueue-NewNodeForNewNodeHandler] INFO  pipeline.BackgroundPipelineCreator (BackgroundPipelineCreator.java:notifyEventTriggered(285)) - trigger a one-shot run on RatisPipelineUtilsThread.
2021-10-24 12:56:15,250 [EventQueue-NodeRegistrationContainerReportForDataNodeSafeModeRule] INFO  safemode.SCMSafeModeManager (DataNodeSafeModeRule.java:process(71)) - SCM in safe mode. 2 DataNodes registered, 3 required.
2021-10-24 12:56:15,252 [RatisPipelineUtilsThread - 0] INFO  pipeline.RatisPipelineProvider (RatisPipelineProvider.java:lambda$create$0(183)) - Sending CreatePipelineCommand for pipeline:PipelineID=d1238111-a880-48e2-9024-35ecf4d7aa44 to datanode:021dcb64-0c4e-46dc-94fe-ee9c017f1ba6
2021-10-24 12:56:15,253 [RatisPipelineUtilsThread - 0] INFO  pipeline.PipelineStateManagerImpl (PipelineStateManagerImpl.java:addPipeline(101)) - Created pipeline Pipeline[ Id: d1238111-a880-48e2-9024-35ecf4d7aa44, Nodes: 021dcb64-0c4e-46dc-94fe-ee9c017f1ba6{ip: 10.1.0.40, host: fv-az50-989.grzltbmokehuzjyc5b133kdqgh.cx.internal.cloudapp.net, ports: [REPLICATION=34019, RATIS=35563, RATIS_ADMIN=35563, RATIS_SERVER=35563, STANDALONE=36317], networkLocation: /default-rack, certSerialId: null, persistedOpState: IN_SERVICE, persistedOpStateExpiryEpochSec: 0}, ReplicationConfig: RATIS/ONE, State:ALLOCATED, leaderId:, CreationTimestamp2021-10-24T12:56:15.252Z[Etc/UTC]].
2021-10-24 12:56:15,431 [Listener at 127.0.0.1/13904] INFO  ozone.MiniOzoneClusterImpl (MiniOzoneClusterImpl.java:lambda$waitForClusterToBeReady$0(235)) - Waiting for nodes to be ready. Got 2 of 3 DN Heartbeats.
2021-10-24 12:56:15,432 [Listener at 127.0.0.1/13904] INFO  ozone.MiniOzoneClusterImpl (MiniOzoneClusterImpl.java:lambda$waitForClusterToBeReady$0(238)) - Waiting for cluster to exit safe mode
2021-10-24 12:56:15,432 [Listener at 127.0.0.1/13904] INFO  ozone.MiniOzoneClusterImpl (MiniOzoneClusterImpl.java:lambda$waitForClusterToBeReady$0(240)) - SCM became leader
2021-10-24 12:56:15,437 [IPC Server handler 9 on default port 35721] INFO  net.NetworkTopologyImpl (NetworkTopologyImpl.java:add(112)) - Added a new node: /default-rack/ab0b9145-2e53-4c25-ad23-cd655fd27dca
2021-10-24 12:56:15,437 [IPC Server handler 9 on default port 35721] INFO  node.SCMNodeManager (SCMNodeManager.java:register(389)) - Registered Data node : ab0b9145-2e53-4c25-ad23-cd655fd27dca{ip: 10.1.0.40, host: fv-az50-989.grzltbmokehuzjyc5b133kdqgh.cx.internal.cloudapp.net, ports: [REPLICATION=36927, RATIS=42267, RATIS_ADMIN=42267, RATIS_SERVER=42267, STANDALONE=44495], networkLocation: /default-rack, certSerialId: null, persistedOpState: null, persistedOpStateExpiryEpochSec: 0}
2021-10-24 12:56:15,438 [EventQueue-NewNodeForNewNodeHandler] INFO  pipeline.BackgroundPipelineCreator (BackgroundPipelineCreator.java:notifyEventTriggered(285)) - trigger a one-shot run on RatisPipelineUtilsThread.
2021-10-24 12:56:15,438 [RatisPipelineUtilsThread - 0] INFO  pipeline.RatisPipelineProvider (RatisPipelineProvider.java:lambda$create$0(183)) - Sending CreatePipelineCommand for pipeline:PipelineID=23512b19-95f0-4c35-af52-e57ff4869d39 to datanode:ab0b9145-2e53-4c25-ad23-cd655fd27dca
2021-10-24 12:56:15,439 [RatisPipelineUtilsThread - 0] INFO  pipeline.PipelineStateManagerImpl (PipelineStateManagerImpl.java:addPipeline(101)) - Created pipeline Pipeline[ Id: 23512b19-95f0-4c35-af52-e57ff4869d39, Nodes: ab0b9145-2e53-4c25-ad23-cd655fd27dca{ip: 10.1.0.40, host: fv-az50-989.grzltbmokehuzjyc5b133kdqgh.cx.internal.cloudapp.net, ports: [REPLICATION=36927, RATIS=42267, RATIS_ADMIN=42267, RATIS_SERVER=42267, STANDALONE=44495], networkLocation: /default-rack, certSerialId: null, persistedOpState: IN_SERVICE, persistedOpStateExpiryEpochSec: 0}, ReplicationConfig: RATIS/ONE, State:ALLOCATED, leaderId:, CreationTimestamp2021-10-24T12:56:15.438Z[Etc/UTC]].
2021-10-24 12:56:15,438 [EventQueue-NodeRegistrationContainerReportForDataNodeSafeModeRule] INFO  safemode.SCMSafeModeManager (DataNodeSafeModeRule.java:process(71)) - SCM in safe mode. 3 DataNodes registered, 3 required.
2021-10-24 12:56:15,439 [EventQueue-NodeRegistrationContainerReportForDataNodeSafeModeRule] INFO  safemode.SCMSafeModeManager (SCMSafeModeManager.java:validateSafeModeExitRules(204)) - DataNodeSafeModeRule rule is successfully validated
2021-10-24 12:56:15,439 [EventQueue-NodeRegistrationContainerReportForDataNodeSafeModeRule] INFO  safemode.SCMSafeModeManager (SCMSafeModeManager.java:completePreCheck(233)) - All SCM safe mode pre check rules have passed
2021-10-24 12:56:15,439 [EventQueue-NodeRegistrationContainerReportForDataNodeSafeModeRule] WARN  events.EventQueue (EventQueue.java:fireEvent(194)) - No event handler registered for event TypedEvent{payloadType=SafeModeStatus, name='Safe mode status'}
2021-10-24 12:56:15,439 [EventQueue-NodeRegistrationContainerReportForDataNodeSafeModeRule] INFO  ha.SCMContext (SCMContext.java:updateSafeModeStatus(205)) - Update SafeModeStatus from SafeModeStatus{safeModeStatus=true, preCheckPassed=false} to SafeModeStatus{safeModeStatus=true, preCheckPassed=true}.
2021-10-24 12:56:15,439 [EventQueue-NodeRegistrationContainerReportForDataNodeSafeModeRule] INFO  pipeline.BackgroundPipelineCreator (BackgroundPipelineCreator.java:notifyEventTriggered(285)) - trigger a one-shot run on RatisPipelineUtilsThread.
2021-10-24 12:56:15,442 [RatisPipelineUtilsThread - 0] INFO  pipeline.RatisPipelineProvider (RatisPipelineProvider.java:lambda$create$0(183)) - Sending CreatePipelineCommand for pipeline:PipelineID=6c1f26ec-54d1-4527-95e7-4a8063bcffd1 to datanode:ab0b9145-2e53-4c25-ad23-cd655fd27dca
2021-10-24 12:56:15,443 [RatisPipelineUtilsThread - 0] INFO  pipeline.RatisPipelineProvider (RatisPipelineProvider.java:lambda$create$0(183)) - Sending CreatePipelineCommand for pipeline:PipelineID=6c1f26ec-54d1-4527-95e7-4a8063bcffd1 to datanode:021dcb64-0c4e-46dc-94fe-ee9c017f1ba6
2021-10-24 12:56:15,443 [RatisPipelineUtilsThread - 0] INFO  pipeline.RatisPipelineProvider (RatisPipelineProvider.java:lambda$create$0(183)) - Sending CreatePipelineCommand for pipeline:PipelineID=6c1f26ec-54d1-4527-95e7-4a8063bcffd1 to datanode:c51a8637-7017-4cf6-9542-b728f68071a8
2021-10-24 12:56:15,444 [RatisPipelineUtilsThread - 0] INFO  pipeline.PipelineStateManagerImpl (PipelineStateManagerImpl.java:addPipeline(101)) - Created pipeline Pipeline[ Id: 6c1f26ec-54d1-4527-95e7-4a8063bcffd1, Nodes: ab0b9145-2e53-4c25-ad23-cd655fd27dca{ip: 10.1.0.40, host: fv-az50-989.grzltbmokehuzjyc5b133kdqgh.cx.internal.cloudapp.net, ports: [REPLICATION=36927, RATIS=42267, RATIS_ADMIN=42267, RATIS_SERVER=42267, STANDALONE=44495], networkLocation: /default-rack, certSerialId: null, persistedOpState: IN_SERVICE, persistedOpStateExpiryEpochSec: 0}021dcb64-0c4e-46dc-94fe-ee9c017f1ba6{ip: 10.1.0.40, host: fv-az50-989.grzltbmokehuzjyc5b133kdqgh.cx.internal.cloudapp.net, ports: [REPLICATION=34019, RATIS=35563, RATIS_ADMIN=35563, RATIS_SERVER=35563, STANDALONE=36317], networkLocation: /default-rack, certSerialId: null, persistedOpState: IN_SERVICE, persistedOpStateExpiryEpochSec: 0}c51a8637-7017-4cf6-9542-b728f68071a8{ip: 10.1.0.40, host: fv-az50-989.grzltbmokehuzjyc5b133kdqgh.cx.internal.cloudapp.net, ports: [REPLICATION=44491, RATIS=36541, RATIS_ADMIN=36541, RATIS_SERVER=36541, STANDALONE=38491], networkLocation: /default-rack, certSerialId: null, persistedOpState: IN_SERVICE, persistedOpStateExpiryEpochSec: 0}, ReplicationConfig: RATIS/THREE, State:ALLOCATED, leaderId:, CreationTimestamp2021-10-24T12:56:15.442Z[Etc/UTC]].
2021-10-24 12:56:15,445 [RatisPipelineUtilsThread - 0] INFO  pipeline.RatisPipelineProvider (RatisPipelineProvider.java:lambda$create$0(183)) - Sending CreatePipelineCommand for pipeline:PipelineID=93ba07cd-fac3-4107-b39f-8471111da32c to datanode:ab0b9145-2e53-4c25-ad23-cd655fd27dca
2021-10-24 12:56:15,445 [RatisPipelineUtilsThread - 0] INFO  pipeline.RatisPipelineProvider (RatisPipelineProvider.java:lambda$create$0(183)) - Sending CreatePipelineCommand for pipeline:PipelineID=93ba07cd-fac3-4107-b39f-8471111da32c to datanode:c51a8637-7017-4cf6-9542-b728f68071a8
2021-10-24 12:56:15,445 [RatisPipelineUtilsThread - 0] INFO  pipeline.RatisPipelineProvider (RatisPipelineProvider.java:lambda$create$0(183)) - Sending CreatePipelineCommand for pipeline:PipelineID=93ba07cd-fac3-4107-b39f-8471111da32c to datanode:021dcb64-0c4e-46dc-94fe-ee9c017f1ba6
2021-10-24 12:56:15,446 [RatisPipelineUtilsThread - 0] INFO  pipeline.PipelineStateManagerImpl (PipelineStateManagerImpl.java:addPipeline(101)) - Created pipeline Pipeline[ Id: 93ba07cd-fac3-4107-b39f-8471111da32c, Nodes: ab0b9145-2e53-4c25-ad23-cd655fd27dca{ip: 10.1.0.40, host: fv-az50-989.grzltbmokehuzjyc5b133kdqgh.cx.internal.cloudapp.net, ports: [REPLICATION=36927, RATIS=42267, RATIS_ADMIN=42267, RATIS_SERVER=42267, STANDALONE=44495], networkLocation: /default-rack, certSerialId: null, persistedOpState: IN_SERVICE, persistedOpStateExpiryEpochSec: 0}c51a8637-7017-4cf6-9542-b728f68071a8{ip: 10.1.0.40, host: fv-az50-989.grzltbmokehuzjyc5b133kdqgh.cx.internal.cloudapp.net, ports: [REPLICATION=44491, RATIS=36541, RATIS_ADMIN=36541, RATIS_SERVER=36541, STANDALONE=38491], networkLocation: /default-rack, certSerialId: null, persistedOpState: IN_SERVICE, persistedOpStateExpiryEpochSec: 0}021dcb64-0c4e-46dc-94fe-ee9c017f1ba6{ip: 10.1.0.40, host: fv-az50-989.grzltbmokehuzjyc5b133kdqgh.cx.internal.cloudapp.net, ports: [REPLICATION=34019, RATIS=35563, RATIS_ADMIN=35563, RATIS_SERVER=35563, STANDALONE=36317], networkLocation: /default-rack, certSerialId: null, persistedOpState: IN_SERVICE, persistedOpStateExpiryEpochSec: 0}, ReplicationConfig: RATIS/THREE, State:ALLOCATED, leaderId:, CreationTimestamp2021-10-24T12:56:15.445Z[Etc/UTC]].
2021-10-24 12:56:15,446 [RatisPipelineUtilsThread - 0] INFO  pipeline.PipelineManagerImpl (PipelineManagerImpl.java:recordMetricsForPipeline(613)) - Pipeline: PipelineID=93ba07cd-fac3-4107-b39f-8471111da32c contains same datanodes as previous pipelines: PipelineID=6c1f26ec-54d1-4527-95e7-4a8063bcffd1 nodeIds: ab0b9145-2e53-4c25-ad23-cd655fd27dca, c51a8637-7017-4cf6-9542-b728f68071a8, 021dcb64-0c4e-46dc-94fe-ee9c017f1ba6
2021-10-24 12:56:16,432 [Listener at 127.0.0.1/13904] INFO  ozone.MiniOzoneClusterImpl (MiniOzoneClusterImpl.java:lambda$waitForClusterToBeReady$0(235)) - Nodes are ready. Got 3 of 3 DN Heartbeats.
2021-10-24 12:56:16,433 [Listener at 127.0.0.1/13904] INFO  ozone.MiniOzoneClusterImpl (MiniOzoneClusterImpl.java:lambda$waitForClusterToBeReady$0(238)) - Waiting for cluster to exit safe mode
2021-10-24 12:56:16,433 [Listener at 127.0.0.1/13904] INFO  ozone.MiniOzoneClusterImpl (MiniOzoneClusterImpl.java:lambda$waitForClusterToBeReady$0(240)) - SCM became leader
2021-10-24 12:56:17,434 [Listener at 127.0.0.1/13904] INFO  ozone.MiniOzoneClusterImpl (MiniOzoneClusterImpl.java:lambda$waitForClusterToBeReady$0(235)) - Nodes are ready. Got 3 of 3 DN Heartbeats.
2021-10-24 12:56:17,434 [Listener at 127.0.0.1/13904] INFO  ozone.MiniOzoneClusterImpl (MiniOzoneClusterImpl.java:lambda$waitForClusterToBeReady$0(238)) - Waiting for cluster to exit safe mode
2021-10-24 12:56:17,434 [Listener at 127.0.0.1/13904] INFO  ozone.MiniOzoneClusterImpl (MiniOzoneClusterImpl.java:lambda$waitForClusterToBeReady$0(240)) - SCM became leader
2021-10-24 12:56:17,827 [Command processor thread] INFO  server.RaftServer (RaftServerProxy.java:addNew(95)) - c51a8637-7017-4cf6-9542-b728f68071a8: addNew group-59521DE3EAE1:[c51a8637-7017-4cf6-9542-b728f68071a8|rpc:10.1.0.40:36541|priority:1] returns group-59521DE3EAE1:java.util.concurrent.CompletableFuture@71a7f15[Not completed]
2021-10-24 12:56:17,835 [pool-97-thread-1] INFO  server.RaftServer$Division (RaftServerImpl.java:<init>(184)) - c51a8637-7017-4cf6-9542-b728f68071a8: new RaftServerImpl for group-59521DE3EAE1:[c51a8637-7017-4cf6-9542-b728f68071a8|rpc:10.1.0.40:36541|priority:1] with ContainerStateMachine:uninitialized
2021-10-24 12:56:17,836 [pool-97-thread-1] INFO  server.RaftServerConfigKeys (ConfUtils.java:logGet(44)) - raft.server.rpc.timeout.min = 5s (custom)
2021-10-24 12:56:17,836 [pool-97-thread-1] INFO  server.RaftServerConfigKeys (ConfUtils.java:logGet(44)) - raft.server.rpc.timeout.max = 5200ms (custom)
2021-10-24 12:56:17,836 [pool-97-thread-1] INFO  server.RaftServerConfigKeys (ConfUtils.java:logGet(44)) - raft.server.rpc.sleep.time = 25ms (default)
2021-10-24 12:56:17,836 [pool-97-thread-1] INFO  server.RaftServerConfigKeys (ConfUtils.java:logGet(44)) - raft.server.rpc.slowness.timeout = 300s (custom)
2021-10-24 12:56:17,836 [pool-97-thread-1] INFO  server.RaftServerConfigKeys (ConfUtils.java:logGet(44)) - raft.server.leaderelection.leader.step-down.wait-time = 10s (default)
2021-10-24 12:56:17,836 [pool-97-thread-1] INFO  server.RaftServerConfigKeys (ConfUtils.java:logGet(44)) - raft.server.sleep.deviation.threshold = 300ms (default)
2021-10-24 12:56:17,836 [pool-97-thread-1] INFO  server.RaftServerConfigKeys (ConfUtils.java:logGet(44)) - raft.server.log.appender.install.snapshot.enabled = false (custom)
2021-10-24 12:56:17,836 [pool-97-thread-1] INFO  server.RaftServer$Division (ServerState.java:<init>(105)) - c51a8637-7017-4cf6-9542-b728f68071a8@group-59521DE3EAE1: ConfigurationManager, init=-1: [c51a8637-7017-4cf6-9542-b728f68071a8|rpc:10.1.0.40:36541|priority:1], old=null, confs=<EMPTY_MAP>
2021-10-24 12:56:17,837 [pool-97-thread-1] INFO  server.RaftServerConfigKeys (ConfUtils.java:logGet(44)) - raft.server.storage.dir = [/home/runner/work/ozone/ozone/hadoop-ozone/integration-test/target/test-dir/MiniOzoneClusterImpl-cd96da87-0819-4dc2-95d7-841b147881f8/datanode-0/data/ratis] (custom)
2021-10-24 12:56:17,837 [pool-97-thread-1] INFO  server.RaftServerConfigKeys (ConfUtils.java:logGet(44)) - raft.server.log.corruption.policy = EXCEPTION (default)
2021-10-24 12:56:17,837 [pool-97-thread-1] INFO  server.RaftServerConfigKeys (ConfUtils.java:logGet(44)) - raft.server.storage.free-space.min = 0MB (=0) (default)
2021-10-24 12:56:17,837 [pool-97-thread-1] INFO  storage.RaftStorageDirectory (RaftStorageDirectoryImpl.java:analyzeStorage(135)) - The storage directory /home/runner/work/ozone/ozone/hadoop-ozone/integration-test/target/test-dir/MiniOzoneClusterImpl-cd96da87-0819-4dc2-95d7-841b147881f8/datanode-0/data/ratis/6ceb7f10-b1de-41a8-ad93-59521de3eae1 does not exist. Creating ...
2021-10-24 12:56:17,839 [pool-97-thread-1] INFO  storage.RaftStorageDirectory (RaftStorageDirectoryImpl.java:tryLock(230)) - Lock on /home/runner/work/ozone/ozone/hadoop-ozone/integration-test/target/test-dir/MiniOzoneClusterImpl-cd96da87-0819-4dc2-95d7-841b147881f8/datanode-0/data/ratis/6ceb7f10-b1de-41a8-ad93-59521de3eae1/in_use.lock acquired by nodename 13972@fv-az50-989
2021-10-24 12:56:17,841 [pool-97-thread-1] INFO  storage.RaftStorage (RaftStorageImpl.java:format(89)) - Storage directory /home/runner/work/ozone/ozone/hadoop-ozone/integration-test/target/test-dir/MiniOzoneClusterImpl-cd96da87-0819-4dc2-95d7-841b147881f8/datanode-0/data/ratis/6ceb7f10-b1de-41a8-ad93-59521de3eae1 has been successfully formatted.
2021-10-24 12:56:17,845 [pool-97-thread-1] INFO  ratis.ContainerStateMachine (ContainerStateMachine.java:loadSnapshot(224)) - group-59521DE3EAE1: The snapshot info is null. Setting the last applied indexto:(t:0, i:~)
2021-10-24 12:56:17,854 [pool-97-thread-1] INFO  server.RaftServerConfigKeys (ConfUtils.java:logGet(44)) - raft.server.notification.no-leader.timeout = 300s (custom)
2021-10-24 12:56:17,854 [pool-97-thread-1] INFO  server.RaftServerConfigKeys (ConfUtils.java:logGet(44)) - raft.server.log.use.memory = false (default)
2021-10-24 12:56:17,855 [pool-97-thread-1] INFO  server.RaftServerConfigKeys (ConfUtils.java:logGet(44)) - raft.server.log.purge.gap = 1000000 (custom)
2021-10-24 12:56:17,855 [pool-97-thread-1] INFO  server.RaftServerConfigKeys (ConfUtils.java:logGet(44)) - raft.server.log.appender.buffer.byte-limit = 33554432 (custom)
2021-10-24 12:56:17,855 [pool-97-thread-1] INFO  server.RaftServerConfigKeys (ConfUtils.java:logGet(44)) - raft.server.log.segment.size.max = 1048576 (custom)
2021-10-24 12:56:17,855 [pool-97-thread-1] INFO  server.RaftServerConfigKeys (ConfUtils.java:logGet(44)) - raft.server.log.segment.cache.num.max = 2 (custom)
2021-10-24 12:56:17,855 [pool-97-thread-1] INFO  server.RaftServerConfigKeys (ConfUtils.java:logGet(44)) - raft.server.log.segment.cache.size.max = 200MB (=209715200) (default)
2021-10-24 12:56:17,856 [pool-97-thread-1] INFO  segmented.SegmentedRaftLogWorker (SegmentedRaftLogWorker.java:<init>(182)) - new c51a8637-7017-4cf6-9542-b728f68071a8@group-59521DE3EAE1-SegmentedRaftLogWorker for RaftStorageImpl:Storage Directory /home/runner/work/ozone/ozone/hadoop-ozone/integration-test/target/test-dir/MiniOzoneClusterImpl-cd96da87-0819-4dc2-95d7-841b147881f8/datanode-0/data/ratis/6ceb7f10-b1de-41a8-ad93-59521de3eae1
2021-10-24 12:56:17,856 [pool-97-thread-1] INFO  server.RaftServerConfigKeys (ConfUtils.java:logGet(44)) - raft.server.log.queue.byte-limit = 2147483647 (custom)
2021-10-24 12:56:17,856 [pool-97-thread-1] INFO  server.RaftServerConfigKeys (ConfUtils.java:logGet(44)) - raft.server.log.queue.element-limit = 1024 (custom)
2021-10-24 12:56:17,856 [pool-97-thread-1] INFO  server.RaftServerConfigKeys (ConfUtils.java:logGet(44)) - raft.server.log.segment.size.max = 1048576 (custom)
2021-10-24 12:56:17,856 [pool-97-thread-1] INFO  server.RaftServerConfigKeys (ConfUtils.java:logGet(44)) - raft.server.log.preallocated.size = 16384 (custom)
2021-10-24 12:56:17,856 [pool-97-thread-1] INFO  server.RaftServerConfigKeys (ConfUtils.java:logGet(44)) - raft.server.log.force.sync.num = 128 (default)
2021-10-24 12:56:17,857 [pool-97-thread-1] INFO  server.RaftServerConfigKeys (ConfUtils.java:logGet(44)) - raft.server.log.statemachine.data.sync = true (default)
2021-10-24 12:56:17,857 [pool-97-thread-1] INFO  server.RaftServerConfigKeys (ConfUtils.java:logGet(44)) - raft.server.log.statemachine.data.sync.timeout = 10s (default)
2021-10-24 12:56:17,857 [pool-97-thread-1] INFO  server.RaftServerConfigKeys (ConfUtils.java:logGet(44)) - raft.server.log.statemachine.data.sync.timeout.retry = -1 (default)
2021-10-24 12:56:17,859 [EventQueue-PipelineReportForPipelineReportHandler] INFO  pipeline.PipelineManagerImpl (PipelineManagerImpl.java:openPipeline(282)) - Pipeline Pipeline[ Id: 6ceb7f10-b1de-41a8-ad93-59521de3eae1, Nodes: c51a8637-7017-4cf6-9542-b728f68071a8{ip: 10.1.0.40, host: fv-az50-989.grzltbmokehuzjyc5b133kdqgh.cx.internal.cloudapp.net, ports: [REPLICATION=44491, RATIS=36541, RATIS_ADMIN=36541, RATIS_SERVER=36541, STANDALONE=38491], networkLocation: /default-rack, certSerialId: null, persistedOpState: IN_SERVICE, persistedOpStateExpiryEpochSec: 0}, ReplicationConfig: RATIS/ONE, State:ALLOCATED, leaderId:c51a8637-7017-4cf6-9542-b728f68071a8, CreationTimestamp2021-10-24T12:56:14.887Z[Etc/UTC]] moved to OPEN state
2021-10-24 12:56:17,861 [pool-97-thread-1] INFO  server.RaftServerConfigKeys (ConfUtils.java:logGet(44)) - raft.server.log.write.buffer.size = 1048576 (custom)
2021-10-24 12:56:17,862 [pool-97-thread-1] INFO  server.RaftServerConfigKeys (ConfUtils.java:logGet(44)) - raft.server.log.statemachine.data.caching.enabled = true (custom)
2021-10-24 12:56:17,862 [pool-97-thread-1] INFO  segmented.SegmentedRaftLogWorker (SegmentedRaftLogWorker.java:lambda$new$0(133)) - c51a8637-7017-4cf6-9542-b728f68071a8@group-59521DE3EAE1-SegmentedRaftLogWorker: flushIndex: setUnconditionally 0 -> -1
2021-10-24 12:56:17,862 [pool-97-thread-1] INFO  segmented.SegmentedRaftLogWorker (SegmentedRaftLogWorker.java:lambda$new$0(133)) - c51a8637-7017-4cf6-9542-b728f68071a8@group-59521DE3EAE1-SegmentedRaftLogWorker: safeCacheEvictIndex: setUnconditionally 0 -> -1
2021-10-24 12:56:17,867 [EventQueue-OpenPipelineForHealthyPipelineSafeModeRule] INFO  safemode.SCMSafeModeManager (HealthyPipelineSafeModeRule.java:process(124)) - SCM in safe mode. Healthy pipelines reported count is 0, required healthy pipeline reported count is 1
2021-10-24 12:56:17,868 [pool-97-thread-1] INFO  server.RaftServerConfigKeys (ConfUtils.java:logGet(44)) - raft.server.snapshot.auto.trigger.enabled = true (custom)
2021-10-24 12:56:17,872 [pool-97-thread-1] INFO  server.RaftServerConfigKeys (ConfUtils.java:logGet(44)) - raft.server.snapshot.auto.trigger.threshold = 10000 (custom)
2021-10-24 12:56:17,872 [pool-97-thread-1] INFO  server.RaftServerConfigKeys (ConfUtils.java:logGet(44)) - raft.server.snapshot.retention.file.num = 5 (custom)
2021-10-24 12:56:17,872 [pool-97-thread-1] INFO  server.RaftServerConfigKeys (ConfUtils.java:logGet(44)) - raft.server.log.purge.upto.snapshot.index = false (default)
2021-10-24 12:56:17,872 [pool-97-thread-1] INFO  server.RaftServerConfigKeys (ConfUtils.java:logGet(44)) - raft.server.retrycache.expirytime = 600000ms (custom)
2021-10-24 12:56:17,872 [pool-97-thread-1] INFO  server.RaftServerConfigKeys (ConfUtils.java:logGet(44)) - raft.server.retrycache.statistics.expirytime = 100μs (default)
2021-10-24 12:56:17,873 [pool-97-thread-1] INFO  server.RaftServer$Division (RaftServerImpl.java:start(301)) - c51a8637-7017-4cf6-9542-b728f68071a8@group-59521DE3EAE1: start as a follower, conf=-1: [c51a8637-7017-4cf6-9542-b728f68071a8|rpc:10.1.0.40:36541|priority:1], old=null
2021-10-24 12:56:17,873 [pool-97-thread-1] INFO  server.RaftServer$Division (RaftServerImpl.java:setRole(290)) - c51a8637-7017-4cf6-9542-b728f68071a8@group-59521DE3EAE1: changes role from      null to FOLLOWER at term 0 for startAsFollower
2021-10-24 12:56:17,873 [pool-97-thread-1] INFO  impl.RoleInfo (RoleInfo.java:updateAndGet(130)) - c51a8637-7017-4cf6-9542-b728f68071a8: start c51a8637-7017-4cf6-9542-b728f68071a8@group-59521DE3EAE1-FollowerState
2021-10-24 12:56:17,876 [pool-97-thread-1] INFO  util.JmxRegister (JmxRegister.java:tryRegister(44)) - Successfully registered JMX Bean with object name Ratis:service=RaftServer,group=group-59521DE3EAE1,id=c51a8637-7017-4cf6-9542-b728f68071a8
2021-10-24 12:56:17,880 [Command processor thread] INFO  ratis.XceiverServerRatis (XceiverServerRatis.java:addGroup(768)) - Created group PipelineID=6ceb7f10-b1de-41a8-ad93-59521de3eae1
2021-10-24 12:56:17,880 [Command processor thread] INFO  commandhandler.CreatePipelineCommandHandler (CreatePipelineCommandHandler.java:handle(106)) - Created Pipeline RATIS ONE PipelineID=6ceb7f10-b1de-41a8-ad93-59521de3eae1.
2021-10-24 12:56:17,881 [Command processor thread] INFO  server.RaftServer (RaftServerProxy.java:addNew(95)) - c51a8637-7017-4cf6-9542-b728f68071a8: addNew group-4A8063BCFFD1:[c51a8637-7017-4cf6-9542-b728f68071a8|rpc:10.1.0.40:36541|priority:0, ab0b9145-2e53-4c25-ad23-cd655fd27dca|rpc:10.1.0.40:42267|priority:0, 021dcb64-0c4e-46dc-94fe-ee9c017f1ba6|rpc:10.1.0.40:35563|priority:1] returns group-4A8063BCFFD1:java.util.concurrent.CompletableFuture@1471394e[Not completed]
2021-10-24 12:56:17,882 [pool-97-thread-1] INFO  server.RaftServer$Division (RaftServerImpl.java:<init>(184)) - c51a8637-7017-4cf6-9542-b728f68071a8: new RaftServerImpl for group-4A8063BCFFD1:[c51a8637-7017-4cf6-9542-b728f68071a8|rpc:10.1.0.40:36541|priority:0, ab0b9145-2e53-4c25-ad23-cd655fd27dca|rpc:10.1.0.40:42267|priority:0, 021dcb64-0c4e-46dc-94fe-ee9c017f1ba6|rpc:10.1.0.40:35563|priority:1] with ContainerStateMachine:uninitialized
2021-10-24 12:56:17,882 [pool-97-thread-1] INFO  server.RaftServerConfigKeys (ConfUtils.java:logGet(44)) - raft.server.rpc.timeout.min = 5s (custom)
2021-10-24 12:56:17,882 [pool-97-thread-1] INFO  server.RaftServerConfigKeys (ConfUtils.java:logGet(44)) - raft.server.rpc.timeout.max = 5200ms (custom)
2021-10-24 12:56:17,882 [pool-97-thread-1] INFO  server.RaftServerConfigKeys (ConfUtils.java:logGet(44)) - raft.server.rpc.sleep.time = 25ms (default)
2021-10-24 12:56:17,882 [pool-97-thread-1] INFO  server.RaftServerConfigKeys (ConfUtils.java:logGet(44)) - raft.server.rpc.slowness.timeout = 300s (custom)
2021-10-24 12:56:17,882 [pool-97-thread-1] INFO  server.RaftServerConfigKeys (ConfUtils.java:logGet(44)) - raft.server.leaderelection.leader.step-down.wait-time = 10s (default)
2021-10-24 12:56:17,882 [pool-97-thread-1] INFO  server.RaftServerConfigKeys (ConfUtils.java:logGet(44)) - raft.server.sleep.deviation.threshold = 300ms (default)
2021-10-24 12:56:17,882 [pool-97-thread-1] INFO  server.RaftServerConfigKeys (ConfUtils.java:logGet(44)) - raft.server.log.appender.install.snapshot.enabled = false (custom)
2021-10-24 12:56:17,882 [pool-97-thread-1] INFO  server.RaftServer$Division (ServerState.java:<init>(105)) - c51a8637-7017-4cf6-9542-b728f68071a8@group-4A8063BCFFD1: ConfigurationManager, init=-1: [c51a8637-7017-4cf6-9542-b728f68071a8|rpc:10.1.0.40:36541|priority:0, ab0b9145-2e53-4c25-ad23-cd655fd27dca|rpc:10.1.0.40:42267|priority:0, 021dcb64-0c4e-46dc-94fe-ee9c017f1ba6|rpc:10.1.0.40:35563|priority:1], old=null, confs=<EMPTY_MAP>
2021-10-24 12:56:17,882 [pool-97-thread-1] INFO  server.RaftServerConfigKeys (ConfUtils.java:logGet(44)) - raft.server.storage.dir = [/home/runner/work/ozone/ozone/hadoop-ozone/integration-test/target/test-dir/MiniOzoneClusterImpl-cd96da87-0819-4dc2-95d7-841b147881f8/datanode-0/data/ratis] (custom)
2021-10-24 12:56:17,883 [pool-97-thread-1] INFO  server.RaftServerConfigKeys (ConfUtils.java:logGet(44)) - raft.server.log.corruption.policy = EXCEPTION (default)
2021-10-24 12:56:17,883 [pool-97-thread-1] INFO  server.RaftServerConfigKeys (ConfUtils.java:logGet(44)) - raft.server.storage.free-space.min = 0MB (=0) (default)
2021-10-24 12:56:17,883 [pool-97-thread-1] INFO  storage.RaftStorageDirectory (RaftStorageDirectoryImpl.java:analyzeStorage(135)) - The storage directory /home/runner/work/ozone/ozone/hadoop-ozone/integration-test/target/test-dir/MiniOzoneClusterImpl-cd96da87-0819-4dc2-95d7-841b147881f8/datanode-0/data/ratis/6c1f26ec-54d1-4527-95e7-4a8063bcffd1 does not exist. Creating ...
2021-10-24 12:56:17,886 [pool-97-thread-1] INFO  storage.RaftStorageDirectory (RaftStorageDirectoryImpl.java:tryLock(230)) - Lock on /home/runner/work/ozone/ozone/hadoop-ozone/integration-test/target/test-dir/MiniOzoneClusterImpl-cd96da87-0819-4dc2-95d7-841b147881f8/datanode-0/data/ratis/6c1f26ec-54d1-4527-95e7-4a8063bcffd1/in_use.lock acquired by nodename 13972@fv-az50-989
2021-10-24 12:56:17,887 [pool-97-thread-1] INFO  storage.RaftStorage (RaftStorageImpl.java:format(89)) - Storage directory /home/runner/work/ozone/ozone/hadoop-ozone/integration-test/target/test-dir/MiniOzoneClusterImpl-cd96da87-0819-4dc2-95d7-841b147881f8/datanode-0/data/ratis/6c1f26ec-54d1-4527-95e7-4a8063bcffd1 has been successfully formatted.
2021-10-24 12:56:17,888 [pool-97-thread-1] INFO  ratis.ContainerStateMachine (ContainerStateMachine.java:loadSnapshot(224)) - group-4A8063BCFFD1: The snapshot info is null. Setting the last applied indexto:(t:0, i:~)
2021-10-24 12:56:17,888 [pool-97-thread-1] INFO  server.RaftServerConfigKeys (ConfUtils.java:logGet(44)) - raft.server.notification.no-leader.timeout = 300s (custom)
2021-10-24 12:56:17,888 [pool-97-thread-1] INFO  server.RaftServerConfigKeys (ConfUtils.java:logGet(44)) - raft.server.log.use.memory = false (default)
2021-10-24 12:56:17,888 [pool-97-thread-1] INFO  server.RaftServerConfigKeys (ConfUtils.java:logGet(44)) - raft.server.log.purge.gap = 1000000 (custom)
2021-10-24 12:56:17,889 [pool-97-thread-1] INFO  server.RaftServerConfigKeys (ConfUtils.java:logGet(44)) - raft.server.log.appender.buffer.byte-limit = 33554432 (custom)
2021-10-24 12:56:17,890 [EventQueue-OpenPipelineForHealthyPipelineSafeModeRule] INFO  safemode.SCMSafeModeManager (HealthyPipelineSafeModeRule.java:process(124)) - SCM in safe mode. Healthy pipelines reported count is 0, required healthy pipeline reported count is 1
2021-10-24 12:56:17,890 [pool-97-thread-1] INFO  server.RaftServerConfigKeys (ConfUtils.java:logGet(44)) - raft.server.log.segment.size.max = 1048576 (custom)
2021-10-24 12:56:17,891 [pool-97-thread-1] INFO  server.RaftServerConfigKeys (ConfUtils.java:logGet(44)) - raft.server.log.segment.cache.num.max = 2 (custom)
2021-10-24 12:56:17,891 [pool-97-thread-1] INFO  server.RaftServerConfigKeys (ConfUtils.java:logGet(44)) - raft.server.log.segment.cache.size.max = 200MB (=209715200) (default)
2021-10-24 12:56:17,892 [pool-97-thread-1] INFO  segmented.SegmentedRaftLogWorker (SegmentedRaftLogWorker.java:<init>(182)) - new c51a8637-7017-4cf6-9542-b728f68071a8@group-4A8063BCFFD1-SegmentedRaftLogWorker for RaftStorageImpl:Storage Directory /home/runner/work/ozone/ozone/hadoop-ozone/integration-test/target/test-dir/MiniOzoneClusterImpl-cd96da87-0819-4dc2-95d7-841b147881f8/datanode-0/data/ratis/6c1f26ec-54d1-4527-95e7-4a8063bcffd1
2021-10-24 12:56:17,892 [pool-97-thread-1] INFO  server.RaftServerConfigKeys (ConfUtils.java:logGet(44)) - raft.server.log.queue.byte-limit = 2147483647 (custom)
2021-10-24 12:56:17,892 [pool-97-thread-1] INFO  server.RaftServerConfigKeys (ConfUtils.java:logGet(44)) - raft.server.log.queue.element-limit = 1024 (custom)
2021-10-24 12:56:17,892 [pool-97-thread-1] INFO  server.RaftServerConfigKeys (ConfUtils.java:logGet(44)) - raft.server.log.segment.size.max = 1048576 (custom)
2021-10-24 12:56:17,892 [pool-97-thread-1] INFO  server.RaftServerConfigKeys (ConfUtils.java:logGet(44)) - raft.server.log.preallocated.size = 16384 (custom)
2021-10-24 12:56:17,892 [pool-97-thread-1] INFO  server.RaftServerConfigKeys (ConfUtils.java:logGet(44)) - raft.server.log.force.sync.num = 128 (default)
2021-10-24 12:56:17,892 [pool-97-thread-1] INFO  server.RaftServerConfigKeys (ConfUtils.java:logGet(44)) - raft.server.log.statemachine.data.sync = true (default)
2021-10-24 12:56:17,892 [pool-97-thread-1] INFO  server.RaftServerConfigKeys (ConfUtils.java:logGet(44)) - raft.server.log.statemachine.data.sync.timeout = 10s (default)
2021-10-24 12:56:17,892 [pool-97-thread-1] INFO  server.RaftServerConfigKeys (ConfUtils.java:logGet(44)) - raft.server.log.statemachine.data.sync.timeout.retry = -1 (default)
2021-10-24 12:56:17,893 [pool-97-thread-1] INFO  server.RaftServerConfigKeys (ConfUtils.java:logGet(44)) - raft.server.log.write.buffer.size = 1048576 (custom)
2021-10-24 12:56:17,893 [pool-97-thread-1] INFO  server.RaftServerConfigKeys (ConfUtils.java:logGet(44)) - raft.server.log.statemachine.data.caching.enabled = true (custom)
2021-10-24 12:56:17,893 [pool-97-thread-1] INFO  segmented.SegmentedRaftLogWorker (SegmentedRaftLogWorker.java:lambda$new$0(133)) - c51a8637-7017-4cf6-9542-b728f68071a8@group-4A8063BCFFD1-SegmentedRaftLogWorker: flushIndex: setUnconditionally 0 -> -1
2021-10-24 12:56:17,893 [pool-97-thread-1] INFO  segmented.SegmentedRaftLogWorker (SegmentedRaftLogWorker.java:lambda$new$0(133)) - c51a8637-7017-4cf6-9542-b728f68071a8@group-4A8063BCFFD1-SegmentedRaftLogWorker: safeCacheEvictIndex: setUnconditionally 0 -> -1
2021-10-24 12:56:17,897 [pool-97-thread-1] INFO  server.RaftServerConfigKeys (ConfUtils.java:logGet(44)) - raft.server.snapshot.auto.trigger.enabled = true (custom)
2021-10-24 12:56:17,897 [pool-97-thread-1] INFO  server.RaftServerConfigKeys (ConfUtils.java:logGet(44)) - raft.server.snapshot.auto.trigger.threshold = 10000 (custom)
2021-10-24 12:56:17,897 [pool-97-thread-1] INFO  server.RaftServerConfigKeys (ConfUtils.java:logGet(44)) - raft.server.snapshot.retention.file.num = 5 (custom)
2021-10-24 12:56:17,897 [pool-97-thread-1] INFO  server.RaftServerConfigKeys (ConfUtils.java:logGet(44)) - raft.server.log.purge.upto.snapshot.index = false (default)
2021-10-24 12:56:17,897 [pool-97-thread-1] INFO  server.RaftServerConfigKeys (ConfUtils.java:logGet(44)) - raft.server.retrycache.expirytime = 600000ms (custom)
2021-10-24 12:56:17,897 [pool-97-thread-1] INFO  server.RaftServerConfigKeys (ConfUtils.java:logGet(44)) - raft.server.retrycache.statistics.expirytime = 100μs (default)
2021-10-24 12:56:17,898 [pool-97-thread-1] INFO  server.RaftServer$Division (RaftServerImpl.java:start(301)) - c51a8637-7017-4cf6-9542-b728f68071a8@group-4A8063BCFFD1: start as a follower, conf=-1: [c51a8637-7017-4cf6-9542-b728f68071a8|rpc:10.1.0.40:36541|priority:0, ab0b9145-2e53-4c25-ad23-cd655fd27dca|rpc:10.1.0.40:42267|priority:0, 021dcb64-0c4e-46dc-94fe-ee9c017f1ba6|rpc:10.1.0.40:35563|priority:1], old=null
2021-10-24 12:56:17,898 [pool-97-thread-1] INFO  server.RaftServer$Division (RaftServerImpl.java:setRole(290)) - c51a8637-7017-4cf6-9542-b728f68071a8@group-4A8063BCFFD1: changes role from      null to FOLLOWER at term 0 for startAsFollower
2021-10-24 12:56:17,898 [pool-97-thread-1] INFO  impl.RoleInfo (RoleInfo.java:updateAndGet(130)) - c51a8637-7017-4cf6-9542-b728f68071a8: start c51a8637-7017-4cf6-9542-b728f68071a8@group-4A8063BCFFD1-FollowerState
2021-10-24 12:56:17,901 [pool-97-thread-1] INFO  util.JmxRegister (JmxRegister.java:tryRegister(44)) - Successfully registered JMX Bean with object name Ratis:service=RaftServer,group=group-4A8063BCFFD1,id=c51a8637-7017-4cf6-9542-b728f68071a8
2021-10-24 12:56:17,901 [Command processor thread] INFO  ratis.XceiverServerRatis (XceiverServerRatis.java:addGroup(768)) - Created group PipelineID=6c1f26ec-54d1-4527-95e7-4a8063bcffd1
2021-10-24 12:56:17,958 [grpc-default-executor-4] INFO  server.RaftServer (RaftServerProxy.java:addNew(95)) - ab0b9145-2e53-4c25-ad23-cd655fd27dca: addNew group-4A8063BCFFD1:[c51a8637-7017-4cf6-9542-b728f68071a8|rpc:10.1.0.40:36541|dataStream:|priority:0, ab0b9145-2e53-4c25-ad23-cd655fd27dca|rpc:10.1.0.40:42267|dataStream:|priority:0, 021dcb64-0c4e-46dc-94fe-ee9c017f1ba6|rpc:10.1.0.40:35563|dataStream:|priority:1] returns group-4A8063BCFFD1:java.util.concurrent.CompletableFuture@2962c3a9[Not completed]
2021-10-24 12:56:17,959 [pool-135-thread-1] INFO  server.RaftServer$Division (RaftServerImpl.java:<init>(184)) - ab0b9145-2e53-4c25-ad23-cd655fd27dca: new RaftServerImpl for group-4A8063BCFFD1:[c51a8637-7017-4cf6-9542-b728f68071a8|rpc:10.1.0.40:36541|dataStream:|priority:0, ab0b9145-2e53-4c25-ad23-cd655fd27dca|rpc:10.1.0.40:42267|dataStream:|priority:0, 021dcb64-0c4e-46dc-94fe-ee9c017f1ba6|rpc:10.1.0.40:35563|dataStream:|priority:1] with ContainerStateMachine:uninitialized
2021-10-24 12:56:17,960 [pool-135-thread-1] INFO  server.RaftServerConfigKeys (ConfUtils.java:logGet(44)) - raft.server.rpc.timeout.min = 5s (custom)
2021-10-24 12:56:17,960 [pool-135-thread-1] INFO  server.RaftServerConfigKeys (ConfUtils.java:logGet(44)) - raft.server.rpc.timeout.max = 5200ms (custom)
2021-10-24 12:56:17,960 [pool-135-thread-1] INFO  server.RaftServerConfigKeys (ConfUtils.java:logGet(44)) - raft.server.rpc.sleep.time = 25ms (default)
2021-10-24 12:56:17,960 [pool-135-thread-1] INFO  server.RaftServerConfigKeys (ConfUtils.java:logGet(44)) - raft.server.rpc.slowness.timeout = 300s (custom)
2021-10-24 12:56:17,960 [pool-135-thread-1] INFO  server.RaftServerConfigKeys (ConfUtils.java:logGet(44)) - raft.server.leaderelection.leader.step-down.wait-time = 10s (default)
2021-10-24 12:56:17,960 [pool-135-thread-1] INFO  server.RaftServerConfigKeys (ConfUtils.java:logGet(44)) - raft.server.sleep.deviation.threshold = 300ms (default)
2021-10-24 12:56:17,960 [pool-135-thread-1] INFO  server.RaftServerConfigKeys (ConfUtils.java:logGet(44)) - raft.server.log.appender.install.snapshot.enabled = false (custom)
2021-10-24 12:56:17,960 [pool-135-thread-1] INFO  server.RaftServer$Division (ServerState.java:<init>(105)) - ab0b9145-2e53-4c25-ad23-cd655fd27dca@group-4A8063BCFFD1: ConfigurationManager, init=-1: [c51a8637-7017-4cf6-9542-b728f68071a8|rpc:10.1.0.40:36541|dataStream:|priority:0, ab0b9145-2e53-4c25-ad23-cd655fd27dca|rpc:10.1.0.40:42267|dataStream:|priority:0, 021dcb64-0c4e-46dc-94fe-ee9c017f1ba6|rpc:10.1.0.40:35563|dataStream:|priority:1], old=null, confs=<EMPTY_MAP>
2021-10-24 12:56:17,960 [pool-135-thread-1] INFO  server.RaftServerConfigKeys (ConfUtils.java:logGet(44)) - raft.server.storage.dir = [/home/runner/work/ozone/ozone/hadoop-ozone/integration-test/target/test-dir/MiniOzoneClusterImpl-cd96da87-0819-4dc2-95d7-841b147881f8/datanode-2/data/ratis] (custom)
2021-10-24 12:56:17,960 [pool-135-thread-1] INFO  server.RaftServerConfigKeys (ConfUtils.java:logGet(44)) - raft.server.log.corruption.policy = EXCEPTION (default)
2021-10-24 12:56:17,961 [pool-135-thread-1] INFO  server.RaftServerConfigKeys (ConfUtils.java:logGet(44)) - raft.server.storage.free-space.min = 0MB (=0) (default)
2021-10-24 12:56:17,961 [pool-135-thread-1] INFO  storage.RaftStorageDirectory (RaftStorageDirectoryImpl.java:analyzeStorage(135)) - The storage directory /home/runner/work/ozone/ozone/hadoop-ozone/integration-test/target/test-dir/MiniOzoneClusterImpl-cd96da87-0819-4dc2-95d7-841b147881f8/datanode-2/data/ratis/6c1f26ec-54d1-4527-95e7-4a8063bcffd1 does not exist. Creating ...
2021-10-24 12:56:17,962 [pool-135-thread-1] INFO  storage.RaftStorageDirectory (RaftStorageDirectoryImpl.java:tryLock(230)) - Lock on /home/runner/work/ozone/ozone/hadoop-ozone/integration-test/target/test-dir/MiniOzoneClusterImpl-cd96da87-0819-4dc2-95d7-841b147881f8/datanode-2/data/ratis/6c1f26ec-54d1-4527-95e7-4a8063bcffd1/in_use.lock acquired by nodename 13972@fv-az50-989
2021-10-24 12:56:17,963 [pool-135-thread-1] INFO  storage.RaftStorage (RaftStorageImpl.java:format(89)) - Storage directory /home/runner/work/ozone/ozone/hadoop-ozone/integration-test/target/test-dir/MiniOzoneClusterImpl-cd96da87-0819-4dc2-95d7-841b147881f8/datanode-2/data/ratis/6c1f26ec-54d1-4527-95e7-4a8063bcffd1 has been successfully formatted.
2021-10-24 12:56:17,964 [pool-135-thread-1] INFO  ratis.ContainerStateMachine (ContainerStateMachine.java:loadSnapshot(224)) - group-4A8063BCFFD1: The snapshot info is null. Setting the last applied indexto:(t:0, i:~)
2021-10-24 12:56:17,969 [pool-135-thread-1] INFO  server.RaftServerConfigKeys (ConfUtils.java:logGet(44)) - raft.server.notification.no-leader.timeout = 300s (custom)
2021-10-24 12:56:17,969 [pool-135-thread-1] INFO  server.RaftServerConfigKeys (ConfUtils.java:logGet(44)) - raft.server.log.use.memory = false (default)
2021-10-24 12:56:17,969 [pool-135-thread-1] INFO  server.RaftServerConfigKeys (ConfUtils.java:logGet(44)) - raft.server.log.purge.gap = 1000000 (custom)
2021-10-24 12:56:17,969 [pool-135-thread-1] INFO  server.RaftServerConfigKeys (ConfUtils.java:logGet(44)) - raft.server.log.appender.buffer.byte-limit = 33554432 (custom)
2021-10-24 12:56:17,969 [pool-135-thread-1] INFO  server.RaftServerConfigKeys (ConfUtils.java:logGet(44)) - raft.server.log.segment.size.max = 1048576 (custom)
2021-10-24 12:56:17,975 [pool-135-thread-1] INFO  server.RaftServerConfigKeys (ConfUtils.java:logGet(44)) - raft.server.log.segment.cache.num.max = 2 (custom)
2021-10-24 12:56:17,975 [pool-135-thread-1] INFO  server.RaftServerConfigKeys (ConfUtils.java:logGet(44)) - raft.server.log.segment.cache.size.max = 200MB (=209715200) (default)
2021-10-24 12:56:17,975 [pool-135-thread-1] INFO  segmented.SegmentedRaftLogWorker (SegmentedRaftLogWorker.java:<init>(182)) - new ab0b9145-2e53-4c25-ad23-cd655fd27dca@group-4A8063BCFFD1-SegmentedRaftLogWorker for RaftStorageImpl:Storage Directory /home/runner/work/ozone/ozone/hadoop-ozone/integration-test/target/test-dir/MiniOzoneClusterImpl-cd96da87-0819-4dc2-95d7-841b147881f8/datanode-2/data/ratis/6c1f26ec-54d1-4527-95e7-4a8063bcffd1
2021-10-24 12:56:17,975 [pool-135-thread-1] INFO  server.RaftServerConfigKeys (ConfUtils.java:logGet(44)) - raft.server.log.queue.byte-limit = 2147483647 (custom)
2021-10-24 12:56:17,975 [pool-135-thread-1] INFO  server.RaftServerConfigKeys (ConfUtils.java:logGet(44)) - raft.server.log.queue.element-limit = 1024 (custom)
2021-10-24 12:56:17,975 [pool-135-thread-1] INFO  server.RaftServerConfigKeys (ConfUtils.java:logGet(44)) - raft.server.log.segment.size.max = 1048576 (custom)
2021-10-24 12:56:17,975 [pool-135-thread-1] INFO  server.RaftServerConfigKeys (ConfUtils.java:logGet(44)) - raft.server.log.preallocated.size = 16384 (custom)
2021-10-24 12:56:17,976 [pool-135-thread-1] INFO  server.RaftServerConfigKeys (ConfUtils.java:logGet(44)) - raft.server.log.force.sync.num = 128 (default)
2021-10-24 12:56:17,976 [pool-135-thread-1] INFO  server.RaftServerConfigKeys (ConfUtils.java:logGet(44)) - raft.server.log.statemachine.data.sync = true (default)
2021-10-24 12:56:17,976 [pool-135-thread-1] INFO  server.RaftServerConfigKeys (ConfUtils.java:logGet(44)) - raft.server.log.statemachine.data.sync.timeout = 10s (default)
2021-10-24 12:56:17,976 [pool-135-thread-1] INFO  server.RaftServerConfigKeys (ConfUtils.java:logGet(44)) - raft.server.log.statemachine.data.sync.timeout.retry = -1 (default)
2021-10-24 12:56:17,976 [pool-135-thread-1] INFO  server.RaftServerConfigKeys (ConfUtils.java:logGet(44)) - raft.server.log.write.buffer.size = 1048576 (custom)
2021-10-24 12:56:17,977 [pool-135-thread-1] INFO  server.RaftServerConfigKeys (ConfUtils.java:logGet(44)) - raft.server.log.statemachine.data.caching.enabled = true (custom)
2021-10-24 12:56:17,977 [pool-135-thread-1] INFO  segmented.SegmentedRaftLogWorker (SegmentedRaftLogWorker.java:lambda$new$0(133)) - ab0b9145-2e53-4c25-ad23-cd655fd27dca@group-4A8063BCFFD1-SegmentedRaftLogWorker: flushIndex: setUnconditionally 0 -> -1
2021-10-24 12:56:17,978 [pool-135-thread-1] INFO  segmented.SegmentedRaftLogWorker (SegmentedRaftLogWorker.java:lambda$new$0(133)) - ab0b9145-2e53-4c25-ad23-cd655fd27dca@group-4A8063BCFFD1-SegmentedRaftLogWorker: safeCacheEvictIndex: setUnconditionally 0 -> -1
2021-10-24 12:56:17,979 [pool-135-thread-1] INFO  server.RaftServerConfigKeys (ConfUtils.java:logGet(44)) - raft.server.snapshot.auto.trigger.enabled = true (custom)
2021-10-24 12:56:17,979 [pool-135-thread-1] INFO  server.RaftServerConfigKeys (ConfUtils.java:logGet(44)) - raft.server.snapshot.auto.trigger.threshold = 10000 (custom)
2021-10-24 12:56:17,979 [pool-135-thread-1] INFO  server.RaftServerConfigKeys (ConfUtils.java:logGet(44)) - raft.server.snapshot.retention.file.num = 5 (custom)
2021-10-24 12:56:17,979 [pool-135-thread-1] INFO  server.RaftServerConfigKeys (ConfUtils.java:logGet(44)) - raft.server.log.purge.upto.snapshot.index = false (default)
2021-10-24 12:56:17,980 [pool-135-thread-1] INFO  server.RaftServerConfigKeys (ConfUtils.java:logGet(44)) - raft.server.retrycache.expirytime = 600000ms (custom)
2021-10-24 12:56:17,980 [pool-135-thread-1] INFO  server.RaftServerConfigKeys (ConfUtils.java:logGet(44)) - raft.server.retrycache.statistics.expirytime = 100μs (default)
2021-10-24 12:56:17,981 [pool-135-thread-1] INFO  server.RaftServer$Division (RaftServerImpl.java:start(301)) - ab0b9145-2e53-4c25-ad23-cd655fd27dca@group-4A8063BCFFD1: start as a follower, conf=-1: [c51a8637-7017-4cf6-9542-b728f68071a8|rpc:10.1.0.40:36541|dataStream:|priority:0, ab0b9145-2e53-4c25-ad23-cd655fd27dca|rpc:10.1.0.40:42267|dataStream:|priority:0, 021dcb64-0c4e-46dc-94fe-ee9c017f1ba6|rpc:10.1.0.40:35563|dataStream:|priority:1], old=null
2021-10-24 12:56:17,981 [pool-135-thread-1] INFO  server.RaftServer$Division (RaftServerImpl.java:setRole(290)) - ab0b9145-2e53-4c25-ad23-cd655fd27dca@group-4A8063BCFFD1: changes role from      null to FOLLOWER at term 0 for startAsFollower
2021-10-24 12:56:17,981 [pool-135-thread-1] INFO  impl.RoleInfo (RoleInfo.java:updateAndGet(130)) - ab0b9145-2e53-4c25-ad23-cd655fd27dca: start ab0b9145-2e53-4c25-ad23-cd655fd27dca@group-4A8063BCFFD1-FollowerState
2021-10-24 12:56:17,981 [pool-135-thread-1] INFO  util.JmxRegister (JmxRegister.java:tryRegister(44)) - Successfully registered JMX Bean with object name Ratis:service=RaftServer,group=group-4A8063BCFFD1,id=ab0b9145-2e53-4c25-ad23-cd655fd27dca
2021-10-24 12:56:18,031 [grpc-default-executor-4] INFO  server.RaftServer (RaftServerProxy.java:addNew(95)) - 021dcb64-0c4e-46dc-94fe-ee9c017f1ba6: addNew group-4A8063BCFFD1:[c51a8637-7017-4cf6-9542-b728f68071a8|rpc:10.1.0.40:36541|dataStream:|priority:0, ab0b9145-2e53-4c25-ad23-cd655fd27dca|rpc:10.1.0.40:42267|dataStream:|priority:0, 021dcb64-0c4e-46dc-94fe-ee9c017f1ba6|rpc:10.1.0.40:35563|dataStream:|priority:1] returns group-4A8063BCFFD1:java.util.concurrent.CompletableFuture@1b3963f3[Not completed]
2021-10-24 12:56:18,034 [pool-116-thread-1] INFO  server.RaftServer$Division (RaftServerImpl.java:<init>(184)) - 021dcb64-0c4e-46dc-94fe-ee9c017f1ba6: new RaftServerImpl for group-4A8063BCFFD1:[c51a8637-7017-4cf6-9542-b728f68071a8|rpc:10.1.0.40:36541|dataStream:|priority:0, ab0b9145-2e53-4c25-ad23-cd655fd27dca|rpc:10.1.0.40:42267|dataStream:|priority:0, 021dcb64-0c4e-46dc-94fe-ee9c017f1ba6|rpc:10.1.0.40:35563|dataStream:|priority:1] with ContainerStateMachine:uninitialized
2021-10-24 12:56:18,036 [pool-116-thread-1] INFO  server.RaftServerConfigKeys (ConfUtils.java:logGet(44)) - raft.server.rpc.timeout.min = 5s (custom)
2021-10-24 12:56:18,036 [pool-116-thread-1] INFO  server.RaftServerConfigKeys (ConfUtils.java:logGet(44)) - raft.server.rpc.timeout.max = 5200ms (custom)
2021-10-24 12:56:18,036 [pool-116-thread-1] INFO  server.RaftServerConfigKeys (ConfUtils.java:logGet(44)) - raft.server.rpc.sleep.time = 25ms (default)
2021-10-24 12:56:18,036 [pool-116-thread-1] INFO  server.RaftServerConfigKeys (ConfUtils.java:logGet(44)) - raft.server.rpc.slowness.timeout = 300s (custom)
2021-10-24 12:56:18,036 [pool-116-thread-1] INFO  server.RaftServerConfigKeys (ConfUtils.java:logGet(44)) - raft.server.leaderelection.leader.step-down.wait-time = 10s (default)
2021-10-24 12:56:18,036 [pool-116-thread-1] INFO  server.RaftServerConfigKeys (ConfUtils.java:logGet(44)) - raft.server.sleep.deviation.threshold = 300ms (default)
2021-10-24 12:56:18,037 [pool-116-thread-1] INFO  server.RaftServerConfigKeys (ConfUtils.java:logGet(44)) - raft.server.log.appender.install.snapshot.enabled = false (custom)
2021-10-24 12:56:18,037 [pool-116-thread-1] INFO  server.RaftServer$Division (ServerState.java:<init>(105)) - 021dcb64-0c4e-46dc-94fe-ee9c017f1ba6@group-4A8063BCFFD1: ConfigurationManager, init=-1: [c51a8637-7017-4cf6-9542-b728f68071a8|rpc:10.1.0.40:36541|dataStream:|priority:0, ab0b9145-2e53-4c25-ad23-cd655fd27dca|rpc:10.1.0.40:42267|dataStream:|priority:0, 021dcb64-0c4e-46dc-94fe-ee9c017f1ba6|rpc:10.1.0.40:35563|dataStream:|priority:1], old=null, confs=<EMPTY_MAP>
2021-10-24 12:56:18,038 [pool-116-thread-1] INFO  server.RaftServerConfigKeys (ConfUtils.java:logGet(44)) - raft.server.storage.dir = [/home/runner/work/ozone/ozone/hadoop-ozone/integration-test/target/test-dir/MiniOzoneClusterImpl-cd96da87-0819-4dc2-95d7-841b147881f8/datanode-1/data/ratis] (custom)
2021-10-24 12:56:18,038 [pool-116-thread-1] INFO  server.RaftServerConfigKeys (ConfUtils.java:logGet(44)) - raft.server.log.corruption.policy = EXCEPTION (default)
2021-10-24 12:56:18,038 [pool-116-thread-1] INFO  server.RaftServerConfigKeys (ConfUtils.java:logGet(44)) - raft.server.storage.free-space.min = 0MB (=0) (default)
2021-10-24 12:56:18,038 [pool-116-thread-1] INFO  storage.RaftStorageDirectory (RaftStorageDirectoryImpl.java:analyzeStorage(135)) - The storage directory /home/runner/work/ozone/ozone/hadoop-ozone/integration-test/target/test-dir/MiniOzoneClusterImpl-cd96da87-0819-4dc2-95d7-841b147881f8/datanode-1/data/ratis/6c1f26ec-54d1-4527-95e7-4a8063bcffd1 does not exist. Creating ...
2021-10-24 12:56:18,040 [pool-116-thread-1] INFO  storage.RaftStorageDirectory (RaftStorageDirectoryImpl.java:tryLock(230)) - Lock on /home/runner/work/ozone/ozone/hadoop-ozone/integration-test/target/test-dir/MiniOzoneClusterImpl-cd96da87-0819-4dc2-95d7-841b147881f8/datanode-1/data/ratis/6c1f26ec-54d1-4527-95e7-4a8063bcffd1/in_use.lock acquired by nodename 13972@fv-az50-989
2021-10-24 12:56:18,042 [pool-116-thread-1] INFO  storage.RaftStorage (RaftStorageImpl.java:format(89)) - Storage directory /home/runner/work/ozone/ozone/hadoop-ozone/integration-test/target/test-dir/MiniOzoneClusterImpl-cd96da87-0819-4dc2-95d7-841b147881f8/datanode-1/data/ratis/6c1f26ec-54d1-4527-95e7-4a8063bcffd1 has been successfully formatted.
2021-10-24 12:56:18,043 [pool-116-thread-1] INFO  ratis.ContainerStateMachine (ContainerStateMachine.java:loadSnapshot(224)) - group-4A8063BCFFD1: The snapshot info is null. Setting the last applied indexto:(t:0, i:~)
2021-10-24 12:56:18,043 [pool-116-thread-1] INFO  server.RaftServerConfigKeys (ConfUtils.java:logGet(44)) - raft.server.notification.no-leader.timeout = 300s (custom)
2021-10-24 12:56:18,047 [pool-116-thread-1] INFO  server.RaftServerConfigKeys (ConfUtils.java:logGet(44)) - raft.server.log.use.memory = false (default)
2021-10-24 12:56:18,047 [pool-116-thread-1] INFO  server.RaftServerConfigKeys (ConfUtils.java:logGet(44)) - raft.server.log.purge.gap = 1000000 (custom)
2021-10-24 12:56:18,047 [pool-116-thread-1] INFO  server.RaftServerConfigKeys (ConfUtils.java:logGet(44)) - raft.server.log.appender.buffer.byte-limit = 33554432 (custom)
2021-10-24 12:56:18,051 [pool-116-thread-1] INFO  server.RaftServerConfigKeys (ConfUtils.java:logGet(44)) - raft.server.log.segment.size.max = 1048576 (custom)
2021-10-24 12:56:18,052 [pool-116-thread-1] INFO  server.RaftServerConfigKeys (ConfUtils.java:logGet(44)) - raft.server.log.segment.cache.num.max = 2 (custom)
2021-10-24 12:56:18,052 [pool-116-thread-1] INFO  server.RaftServerConfigKeys (ConfUtils.java:logGet(44)) - raft.server.log.segment.cache.size.max = 200MB (=209715200) (default)
2021-10-24 12:56:18,052 [pool-116-thread-1] INFO  segmented.SegmentedRaftLogWorker (SegmentedRaftLogWorker.java:<init>(182)) - new 021dcb64-0c4e-46dc-94fe-ee9c017f1ba6@group-4A8063BCFFD1-SegmentedRaftLogWorker for RaftStorageImpl:Storage Directory /home/runner/work/ozone/ozone/hadoop-ozone/integration-test/target/test-dir/MiniOzoneClusterImpl-cd96da87-0819-4dc2-95d7-841b147881f8/datanode-1/data/ratis/6c1f26ec-54d1-4527-95e7-4a8063bcffd1
2021-10-24 12:56:18,052 [pool-116-thread-1] INFO  server.RaftServerConfigKeys (ConfUtils.java:logGet(44)) - raft.server.log.queue.byte-limit = 2147483647 (custom)
2021-10-24 12:56:18,052 [pool-116-thread-1] INFO  server.RaftServerConfigKeys (ConfUtils.java:logGet(44)) - raft.server.log.queue.element-limit = 1024 (custom)
2021-10-24 12:56:18,052 [pool-116-thread-1] INFO  server.RaftServerConfigKeys (ConfUtils.java:logGet(44)) - raft.server.log.segment.size.max = 1048576 (custom)
2021-10-24 12:56:18,052 [pool-116-thread-1] INFO  server.RaftServerConfigKeys (ConfUtils.java:logGet(44)) - raft.server.log.preallocated.size = 16384 (custom)
2021-10-24 12:56:18,052 [pool-116-thread-1] INFO  server.RaftServerConfigKeys (ConfUtils.java:logGet(44)) - raft.server.log.force.sync.num = 128 (default)
2021-10-24 12:56:18,052 [pool-116-thread-1] INFO  server.RaftServerConfigKeys (ConfUtils.java:logGet(44)) - raft.server.log.statemachine.data.sync = true (default)
2021-10-24 12:56:18,052 [pool-116-thread-1] INFO  server.RaftServerConfigKeys (ConfUtils.java:logGet(44)) - raft.server.log.statemachine.data.sync.timeout = 10s (default)
2021-10-24 12:56:18,052 [pool-116-thread-1] INFO  server.RaftServerConfigKeys (ConfUtils.java:logGet(44)) - raft.server.log.statemachine.data.sync.timeout.retry = -1 (default)
2021-10-24 12:56:18,053 [pool-116-thread-1] INFO  server.RaftServerConfigKeys (ConfUtils.java:logGet(44)) - raft.server.log.write.buffer.size = 1048576 (custom)
2021-10-24 12:56:18,054 [pool-116-thread-1] INFO  server.RaftServerConfigKeys (ConfUtils.java:logGet(44)) - raft.server.log.statemachine.data.caching.enabled = true (custom)
2021-10-24 12:56:18,054 [pool-116-thread-1] INFO  segmented.SegmentedRaftLogWorker (SegmentedRaftLogWorker.java:lambda$new$0(133)) - 021dcb64-0c4e-46dc-94fe-ee9c017f1ba6@group-4A8063BCFFD1-SegmentedRaftLogWorker: flushIndex: setUnconditionally 0 -> -1
2021-10-24 12:56:18,054 [pool-116-thread-1] INFO  segmented.SegmentedRaftLogWorker (SegmentedRaftLogWorker.java:lambda$new$0(133)) - 021dcb64-0c4e-46dc-94fe-ee9c017f1ba6@group-4A8063BCFFD1-SegmentedRaftLogWorker: safeCacheEvictIndex: setUnconditionally 0 -> -1
2021-10-24 12:56:18,055 [pool-116-thread-1] INFO  server.RaftServerConfigKeys (ConfUtils.java:logGet(44)) - raft.server.snapshot.auto.trigger.enabled = true (custom)
2021-10-24 12:56:18,055 [pool-116-thread-1] INFO  server.RaftServerConfigKeys (ConfUtils.java:logGet(44)) - raft.server.snapshot.auto.trigger.threshold = 10000 (custom)
2021-10-24 12:56:18,055 [pool-116-thread-1] INFO  server.RaftServerConfigKeys (ConfUtils.java:logGet(44)) - raft.server.snapshot.retention.file.num = 5 (custom)
2021-10-24 12:56:18,055 [pool-116-thread-1] INFO  server.RaftServerConfigKeys (ConfUtils.java:logGet(44)) - raft.server.log.purge.upto.snapshot.index = false (default)
2021-10-24 12:56:18,055 [pool-116-thread-1] INFO  server.RaftServerConfigKeys (ConfUtils.java:logGet(44)) - raft.server.retrycache.expirytime = 600000ms (custom)
2021-10-24 12:56:18,055 [pool-116-thread-1] INFO  server.RaftServerConfigKeys (ConfUtils.java:logGet(44)) - raft.server.retrycache.statistics.expirytime = 100μs (default)
2021-10-24 12:56:18,056 [pool-116-thread-1] INFO  server.RaftServer$Division (RaftServerImpl.java:start(301)) - 021dcb64-0c4e-46dc-94fe-ee9c017f1ba6@group-4A8063BCFFD1: start as a follower, conf=-1: [c51a8637-7017-4cf6-9542-b728f68071a8|rpc:10.1.0.40:36541|dataStream:|priority:0, ab0b9145-2e53-4c25-ad23-cd655fd27dca|rpc:10.1.0.40:42267|dataStream:|priority:0, 021dcb64-0c4e-46dc-94fe-ee9c017f1ba6|rpc:10.1.0.40:35563|dataStream:|priority:1], old=null
2021-10-24 12:56:18,056 [pool-116-thread-1] INFO  server.RaftServer$Division (RaftServerImpl.java:setRole(290)) - 021dcb64-0c4e-46dc-94fe-ee9c017f1ba6@group-4A8063BCFFD1: changes role from      null to FOLLOWER at term 0 for startAsFollower
2021-10-24 12:56:18,056 [pool-116-thread-1] INFO  impl.RoleInfo (RoleInfo.java:updateAndGet(130)) - 021dcb64-0c4e-46dc-94fe-ee9c017f1ba6: start 021dcb64-0c4e-46dc-94fe-ee9c017f1ba6@group-4A8063BCFFD1-FollowerState
2021-10-24 12:56:18,057 [pool-116-thread-1] INFO  util.JmxRegister (JmxRegister.java:tryRegister(44)) - Successfully registered JMX Bean with object name Ratis:service=RaftServer,group=group-4A8063BCFFD1,id=021dcb64-0c4e-46dc-94fe-ee9c017f1ba6
2021-10-24 12:56:18,066 [Command processor thread] INFO  commandhandler.CreatePipelineCommandHandler (CreatePipelineCommandHandler.java:handle(106)) - Created Pipeline RATIS THREE PipelineID=6c1f26ec-54d1-4527-95e7-4a8063bcffd1.
2021-10-24 12:56:18,067 [Command processor thread] INFO  server.RaftServer (RaftServerProxy.java:addNew(95)) - c51a8637-7017-4cf6-9542-b728f68071a8: addNew group-8471111DA32C:[c51a8637-7017-4cf6-9542-b728f68071a8|rpc:10.1.0.40:36541|priority:0, ab0b9145-2e53-4c25-ad23-cd655fd27dca|rpc:10.1.0.40:42267|priority:1, 021dcb64-0c4e-46dc-94fe-ee9c017f1ba6|rpc:10.1.0.40:35563|priority:0] returns group-8471111DA32C:java.util.concurrent.CompletableFuture@2984784c[Not completed]
2021-10-24 12:56:18,068 [pool-97-thread-1] INFO  server.RaftServer$Division (RaftServerImpl.java:<init>(184)) - c51a8637-7017-4cf6-9542-b728f68071a8: new RaftServerImpl for group-8471111DA32C:[c51a8637-7017-4cf6-9542-b728f68071a8|rpc:10.1.0.40:36541|priority:0, ab0b9145-2e53-4c25-ad23-cd655fd27dca|rpc:10.1.0.40:42267|priority:1, 021dcb64-0c4e-46dc-94fe-ee9c017f1ba6|rpc:10.1.0.40:35563|priority:0] with ContainerStateMachine:uninitialized
2021-10-24 12:56:18,068 [pool-97-thread-1] INFO  server.RaftServerConfigKeys (ConfUtils.java:logGet(44)) - raft.server.rpc.timeout.min = 5s (custom)
2021-10-24 12:56:18,068 [pool-97-thread-1] INFO  server.RaftServerConfigKeys (ConfUtils.java:logGet(44)) - raft.server.rpc.timeout.max = 5200ms (custom)
2021-10-24 12:56:18,068 [pool-97-thread-1] INFO  server.RaftServerConfigKeys (ConfUtils.java:logGet(44)) - raft.server.rpc.sleep.time = 25ms (default)
2021-10-24 12:56:18,068 [pool-97-thread-1] INFO  server.RaftServerConfigKeys (ConfUtils.java:logGet(44)) - raft.server.rpc.slowness.timeout = 300s (custom)
2021-10-24 12:56:18,068 [pool-97-thread-1] INFO  server.RaftServerConfigKeys (ConfUtils.java:logGet(44)) - raft.server.leaderelection.leader.step-down.wait-time = 10s (default)
2021-10-24 12:56:18,068 [pool-97-thread-1] INFO  server.RaftServerConfigKeys (ConfUtils.java:logGet(44)) - raft.server.sleep.deviation.threshold = 300ms (default)
2021-10-24 12:56:18,068 [pool-97-thread-1] INFO  server.RaftServerConfigKeys (ConfUtils.java:logGet(44)) - raft.server.log.appender.install.snapshot.enabled = false (custom)
2021-10-24 12:56:18,068 [pool-97-thread-1] INFO  server.RaftServer$Division (ServerState.java:<init>(105)) - c51a8637-7017-4cf6-9542-b728f68071a8@group-8471111DA32C: ConfigurationManager, init=-1: [c51a8637-7017-4cf6-9542-b728f68071a8|rpc:10.1.0.40:36541|priority:0, ab0b9145-2e53-4c25-ad23-cd655fd27dca|rpc:10.1.0.40:42267|priority:1, 021dcb64-0c4e-46dc-94fe-ee9c017f1ba6|rpc:10.1.0.40:35563|priority:0], old=null, confs=<EMPTY_MAP>
2021-10-24 12:56:18,068 [pool-97-thread-1] INFO  server.RaftServerConfigKeys (ConfUtils.java:logGet(44)) - raft.server.storage.dir = [/home/runner/work/ozone/ozone/hadoop-ozone/integration-test/target/test-dir/MiniOzoneClusterImpl-cd96da87-0819-4dc2-95d7-841b147881f8/datanode-0/data/ratis] (custom)
2021-10-24 12:56:18,068 [pool-97-thread-1] INFO  server.RaftServerConfigKeys (ConfUtils.java:logGet(44)) - raft.server.log.corruption.policy = EXCEPTION (default)
2021-10-24 12:56:18,068 [pool-97-thread-1] INFO  server.RaftServerConfigKeys (ConfUtils.java:logGet(44)) - raft.server.storage.free-space.min = 0MB (=0) (default)
2021-10-24 12:56:18,069 [pool-97-thread-1] INFO  storage.RaftStorageDirectory (RaftStorageDirectoryImpl.java:analyzeStorage(135)) - The storage directory /home/runner/work/ozone/ozone/hadoop-ozone/integration-test/target/test-dir/MiniOzoneClusterImpl-cd96da87-0819-4dc2-95d7-841b147881f8/datanode-0/data/ratis/93ba07cd-fac3-4107-b39f-8471111da32c does not exist. Creating ...
2021-10-24 12:56:18,070 [pool-97-thread-1] INFO  storage.RaftStorageDirectory (RaftStorageDirectoryImpl.java:tryLock(230)) - Lock on /home/runner/work/ozone/ozone/hadoop-ozone/integration-test/target/test-dir/MiniOzoneClusterImpl-cd96da87-0819-4dc2-95d7-841b147881f8/datanode-0/data/ratis/93ba07cd-fac3-4107-b39f-8471111da32c/in_use.lock acquired by nodename 13972@fv-az50-989
2021-10-24 12:56:18,071 [pool-97-thread-1] INFO  storage.RaftStorage (RaftStorageImpl.java:format(89)) - Storage directory /home/runner/work/ozone/ozone/hadoop-ozone/integration-test/target/test-dir/MiniOzoneClusterImpl-cd96da87-0819-4dc2-95d7-841b147881f8/datanode-0/data/ratis/93ba07cd-fac3-4107-b39f-8471111da32c has been successfully formatted.
2021-10-24 12:56:18,072 [pool-97-thread-1] INFO  ratis.ContainerStateMachine (ContainerStateMachine.java:loadSnapshot(224)) - group-8471111DA32C: The snapshot info is null. Setting the last applied indexto:(t:0, i:~)
2021-10-24 12:56:18,072 [pool-97-thread-1] INFO  server.RaftServerConfigKeys (ConfUtils.java:logGet(44)) - raft.server.notification.no-leader.timeout = 300s (custom)
2021-10-24 12:56:18,073 [pool-97-thread-1] INFO  server.RaftServerConfigKeys (ConfUtils.java:logGet(44)) - raft.server.log.use.memory = false (default)
2021-10-24 12:56:18,073 [pool-97-thread-1] INFO  server.RaftServerConfigKeys (ConfUtils.java:logGet(44)) - raft.server.log.purge.gap = 1000000 (custom)
2021-10-24 12:56:18,073 [pool-97-thread-1] INFO  server.RaftServerConfigKeys (ConfUtils.java:logGet(44)) - raft.server.log.appender.buffer.byte-limit = 33554432 (custom)
2021-10-24 12:56:18,073 [pool-97-thread-1] INFO  server.RaftServerConfigKeys (ConfUtils.java:logGet(44)) - raft.server.log.segment.size.max = 1048576 (custom)
2021-10-24 12:56:18,073 [pool-97-thread-1] INFO  server.RaftServerConfigKeys (ConfUtils.java:logGet(44)) - raft.server.log.segment.cache.num.max = 2 (custom)
2021-10-24 12:56:18,074 [pool-97-thread-1] INFO  server.RaftServerConfigKeys (ConfUtils.java:logGet(44)) - raft.server.log.segment.cache.size.max = 200MB (=209715200) (default)
2021-10-24 12:56:18,074 [pool-97-thread-1] INFO  segmented.SegmentedRaftLogWorker (SegmentedRaftLogWorker.java:<init>(182)) - new c51a8637-7017-4cf6-9542-b728f68071a8@group-8471111DA32C-SegmentedRaftLogWorker for RaftStorageImpl:Storage Directory /home/runner/work/ozone/ozone/hadoop-ozone/integration-test/target/test-dir/MiniOzoneClusterImpl-cd96da87-0819-4dc2-95d7-841b147881f8/datanode-0/data/ratis/93ba07cd-fac3-4107-b39f-8471111da32c
2021-10-24 12:56:18,074 [pool-97-thread-1] INFO  server.RaftServerConfigKeys (ConfUtils.java:logGet(44)) - raft.server.log.queue.byte-limit = 2147483647 (custom)
2021-10-24 12:56:18,074 [pool-97-thread-1] INFO  server.RaftServerConfigKeys (ConfUtils.java:logGet(44)) - raft.server.log.queue.element-limit = 1024 (custom)
2021-10-24 12:56:18,074 [pool-97-thread-1] INFO  server.RaftServerConfigKeys (ConfUtils.java:logGet(44)) - raft.server.log.segment.size.max = 1048576 (custom)
2021-10-24 12:56:18,076 [pool-97-thread-1] INFO  server.RaftServerConfigKeys (ConfUtils.java:logGet(44)) - raft.server.log.preallocated.size = 16384 (custom)
2021-10-24 12:56:18,076 [pool-97-thread-1] INFO  server.RaftServerConfigKeys (ConfUtils.java:logGet(44)) - raft.server.log.force.sync.num = 128 (default)
2021-10-24 12:56:18,076 [pool-97-thread-1] INFO  server.RaftServerConfigKeys (ConfUtils.java:logGet(44)) - raft.server.log.statemachine.data.sync = true (default)
2021-10-24 12:56:18,076 [pool-97-thread-1] INFO  server.RaftServerConfigKeys (ConfUtils.java:logGet(44)) - raft.server.log.statemachine.data.sync.timeout = 10s (default)
2021-10-24 12:56:18,076 [pool-97-thread-1] INFO  server.RaftServerConfigKeys (ConfUtils.java:logGet(44)) - raft.server.log.statemachine.data.sync.timeout.retry = -1 (default)
2021-10-24 12:56:18,077 [EventQueue-OpenPipelineForHealthyPipelineSafeModeRule] INFO  safemode.SCMSafeModeManager (HealthyPipelineSafeModeRule.java:process(124)) - SCM in safe mode. Healthy pipelines reported count is 0, required healthy pipeline reported count is 1
2021-10-24 12:56:18,078 [pool-97-thread-1] INFO  server.RaftServerConfigKeys (ConfUtils.java:logGet(44)) - raft.server.log.write.buffer.size = 1048576 (custom)
2021-10-24 12:56:18,080 [pool-97-thread-1] INFO  server.RaftServerConfigKeys (ConfUtils.java:logGet(44)) - raft.server.log.statemachine.data.caching.enabled = true (custom)
2021-10-24 12:56:18,080 [pool-97-thread-1] INFO  segmented.SegmentedRaftLogWorker (SegmentedRaftLogWorker.java:lambda$new$0(133)) - c51a8637-7017-4cf6-9542-b728f68071a8@group-8471111DA32C-SegmentedRaftLogWorker: flushIndex: setUnconditionally 0 -> -1
2021-10-24 12:56:18,080 [pool-97-thread-1] INFO  segmented.SegmentedRaftLogWorker (SegmentedRaftLogWorker.java:lambda$new$0(133)) - c51a8637-7017-4cf6-9542-b728f68071a8@group-8471111DA32C-SegmentedRaftLogWorker: safeCacheEvictIndex: setUnconditionally 0 -> -1
2021-10-24 12:56:18,081 [pool-97-thread-1] INFO  server.RaftServerConfigKeys (ConfUtils.java:logGet(44)) - raft.server.snapshot.auto.trigger.enabled = true (custom)
2021-10-24 12:56:18,081 [pool-97-thread-1] INFO  server.RaftServerConfigKeys (ConfUtils.java:logGet(44)) - raft.server.snapshot.auto.trigger.threshold = 10000 (custom)
2021-10-24 12:56:18,082 [pool-97-thread-1] INFO  server.RaftServerConfigKeys (ConfUtils.java:logGet(44)) - raft.server.snapshot.retention.file.num = 5 (custom)
2021-10-24 12:56:18,082 [pool-97-thread-1] INFO  server.RaftServerConfigKeys (ConfUtils.java:logGet(44)) - raft.server.log.purge.upto.snapshot.index = false (default)
2021-10-24 12:56:18,082 [pool-97-thread-1] INFO  server.RaftServerConfigKeys (ConfUtils.java:logGet(44)) - raft.server.retrycache.expirytime = 600000ms (custom)
2021-10-24 12:56:18,082 [pool-97-thread-1] INFO  server.RaftServerConfigKeys (ConfUtils.java:logGet(44)) - raft.server.retrycache.statistics.expirytime = 100μs (default)
2021-10-24 12:56:18,083 [pool-97-thread-1] INFO  server.RaftServer$Division (RaftServerImpl.java:start(301)) - c51a8637-7017-4cf6-9542-b728f68071a8@group-8471111DA32C: start as a follower, conf=-1: [c51a8637-7017-4cf6-9542-b728f68071a8|rpc:10.1.0.40:36541|priority:0, ab0b9145-2e53-4c25-ad23-cd655fd27dca|rpc:10.1.0.40:42267|priority:1, 021dcb64-0c4e-46dc-94fe-ee9c017f1ba6|rpc:10.1.0.40:35563|priority:0], old=null
2021-10-24 12:56:18,083 [pool-97-thread-1] INFO  server.RaftServer$Division (RaftServerImpl.java:setRole(290)) - c51a8637-7017-4cf6-9542-b728f68071a8@group-8471111DA32C: changes role from      null to FOLLOWER at term 0 for startAsFollower
2021-10-24 12:56:18,083 [pool-97-thread-1] INFO  impl.RoleInfo (RoleInfo.java:updateAndGet(130)) - c51a8637-7017-4cf6-9542-b728f68071a8: start c51a8637-7017-4cf6-9542-b728f68071a8@group-8471111DA32C-FollowerState
2021-10-24 12:56:18,083 [pool-97-thread-1] INFO  util.JmxRegister (JmxRegister.java:tryRegister(44)) - Successfully registered JMX Bean with object name Ratis:service=RaftServer,group=group-8471111DA32C,id=c51a8637-7017-4cf6-9542-b728f68071a8
2021-10-24 12:56:18,084 [Command processor thread] INFO  ratis.XceiverServerRatis (XceiverServerRatis.java:addGroup(768)) - Created group PipelineID=93ba07cd-fac3-4107-b39f-8471111da32c
2021-10-24 12:56:18,093 [grpc-default-executor-4] INFO  server.RaftServer (RaftServerProxy.java:addNew(95)) - ab0b9145-2e53-4c25-ad23-cd655fd27dca: addNew group-8471111DA32C:[c51a8637-7017-4cf6-9542-b728f68071a8|rpc:10.1.0.40:36541|dataStream:|priority:0, ab0b9145-2e53-4c25-ad23-cd655fd27dca|rpc:10.1.0.40:42267|dataStream:|priority:1, 021dcb64-0c4e-46dc-94fe-ee9c017f1ba6|rpc:10.1.0.40:35563|dataStream:|priority:0] returns group-8471111DA32C:java.util.concurrent.CompletableFuture@62081b81[Not completed]
2021-10-24 12:56:18,094 [pool-135-thread-1] INFO  server.RaftServer$Division (RaftServerImpl.java:<init>(184)) - ab0b9145-2e53-4c25-ad23-cd655fd27dca: new RaftServerImpl for group-8471111DA32C:[c51a8637-7017-4cf6-9542-b728f68071a8|rpc:10.1.0.40:36541|dataStream:|priority:0, ab0b9145-2e53-4c25-ad23-cd655fd27dca|rpc:10.1.0.40:42267|dataStream:|priority:1, 021dcb64-0c4e-46dc-94fe-ee9c017f1ba6|rpc:10.1.0.40:35563|dataStream:|priority:0] with ContainerStateMachine:uninitialized
2021-10-24 12:56:18,094 [pool-135-thread-1] INFO  server.RaftServerConfigKeys (ConfUtils.java:logGet(44)) - raft.server.rpc.timeout.min = 5s (custom)
2021-10-24 12:56:18,095 [pool-135-thread-1] INFO  server.RaftServerConfigKeys (ConfUtils.java:logGet(44)) - raft.server.rpc.timeout.max = 5200ms (custom)
2021-10-24 12:56:18,095 [pool-135-thread-1] INFO  server.RaftServerConfigKeys (ConfUtils.java:logGet(44)) - raft.server.rpc.sleep.time = 25ms (default)
2021-10-24 12:56:18,095 [pool-135-thread-1] INFO  server.RaftServerConfigKeys (ConfUtils.java:logGet(44)) - raft.server.rpc.slowness.timeout = 300s (custom)
2021-10-24 12:56:18,095 [pool-135-thread-1] INFO  server.RaftServerConfigKeys (ConfUtils.java:logGet(44)) - raft.server.leaderelection.leader.step-down.wait-time = 10s (default)
2021-10-24 12:56:18,095 [pool-135-thread-1] INFO  server.RaftServerConfigKeys (ConfUtils.java:logGet(44)) - raft.server.sleep.deviation.threshold = 300ms (default)
2021-10-24 12:56:18,095 [pool-135-thread-1] INFO  server.RaftServerConfigKeys (ConfUtils.java:logGet(44)) - raft.server.log.appender.install.snapshot.enabled = false (custom)
2021-10-24 12:56:18,095 [pool-135-thread-1] INFO  server.RaftServer$Division (ServerState.java:<init>(105)) - ab0b9145-2e53-4c25-ad23-cd655fd27dca@group-8471111DA32C: ConfigurationManager, init=-1: [c51a8637-7017-4cf6-9542-b728f68071a8|rpc:10.1.0.40:36541|dataStream:|priority:0, ab0b9145-2e53-4c25-ad23-cd655fd27dca|rpc:10.1.0.40:42267|dataStream:|priority:1, 021dcb64-0c4e-46dc-94fe-ee9c017f1ba6|rpc:10.1.0.40:35563|dataStream:|priority:0], old=null, confs=<EMPTY_MAP>
2021-10-24 12:56:18,095 [pool-135-thread-1] INFO  server.RaftServerConfigKeys (ConfUtils.java:logGet(44)) - raft.server.storage.dir = [/home/runner/work/ozone/ozone/hadoop-ozone/integration-test/target/test-dir/MiniOzoneClusterImpl-cd96da87-0819-4dc2-95d7-841b147881f8/datanode-2/data/ratis] (custom)
2021-10-24 12:56:18,095 [pool-135-thread-1] INFO  server.RaftServerConfigKeys (ConfUtils.java:logGet(44)) - raft.server.log.corruption.policy = EXCEPTION (default)
2021-10-24 12:56:18,095 [pool-135-thread-1] INFO  server.RaftServerConfigKeys (ConfUtils.java:logGet(44)) - raft.server.storage.free-space.min = 0MB (=0) (default)
2021-10-24 12:56:18,095 [pool-135-thread-1] INFO  storage.RaftStorageDirectory (RaftStorageDirectoryImpl.java:analyzeStorage(135)) - The storage directory /home/runner/work/ozone/ozone/hadoop-ozone/integration-test/target/test-dir/MiniOzoneClusterImpl-cd96da87-0819-4dc2-95d7-841b147881f8/datanode-2/data/ratis/93ba07cd-fac3-4107-b39f-8471111da32c does not exist. Creating ...
2021-10-24 12:56:18,097 [pool-135-thread-1] INFO  storage.RaftStorageDirectory (RaftStorageDirectoryImpl.java:tryLock(230)) - Lock on /home/runner/work/ozone/ozone/hadoop-ozone/integration-test/target/test-dir/MiniOzoneClusterImpl-cd96da87-0819-4dc2-95d7-841b147881f8/datanode-2/data/ratis/93ba07cd-fac3-4107-b39f-8471111da32c/in_use.lock acquired by nodename 13972@fv-az50-989
2021-10-24 12:56:18,098 [pool-135-thread-1] INFO  storage.RaftStorage (RaftStorageImpl.java:format(89)) - Storage directory /home/runner/work/ozone/ozone/hadoop-ozone/integration-test/target/test-dir/MiniOzoneClusterImpl-cd96da87-0819-4dc2-95d7-841b147881f8/datanode-2/data/ratis/93ba07cd-fac3-4107-b39f-8471111da32c has been successfully formatted.
2021-10-24 12:56:18,098 [pool-135-thread-1] INFO  ratis.ContainerStateMachine (ContainerStateMachine.java:loadSnapshot(224)) - group-8471111DA32C: The snapshot info is null. Setting the last applied indexto:(t:0, i:~)
2021-10-24 12:56:18,098 [pool-135-thread-1] INFO  server.RaftServerConfigKeys (ConfUtils.java:logGet(44)) - raft.server.notification.no-leader.timeout = 300s (custom)
2021-10-24 12:56:18,098 [pool-135-thread-1] INFO  server.RaftServerConfigKeys (ConfUtils.java:logGet(44)) - raft.server.log.use.memory = false (default)
2021-10-24 12:56:18,098 [pool-135-thread-1] INFO  server.RaftServerConfigKeys (ConfUtils.java:logGet(44)) - raft.server.log.purge.gap = 1000000 (custom)
2021-10-24 12:56:18,098 [pool-135-thread-1] INFO  server.RaftServerConfigKeys (ConfUtils.java:logGet(44)) - raft.server.log.appender.buffer.byte-limit = 33554432 (custom)
2021-10-24 12:56:18,099 [pool-135-thread-1] INFO  server.RaftServerConfigKeys (ConfUtils.java:logGet(44)) - raft.server.log.segment.size.max = 1048576 (custom)
2021-10-24 12:56:18,100 [pool-135-thread-1] INFO  server.RaftServerConfigKeys (ConfUtils.java:logGet(44)) - raft.server.log.segment.cache.num.max = 2 (custom)
2021-10-24 12:56:18,100 [pool-135-thread-1] INFO  server.RaftServerConfigKeys (ConfUtils.java:logGet(44)) - raft.server.log.segment.cache.size.max = 200MB (=209715200) (default)
2021-10-24 12:56:18,100 [pool-135-thread-1] INFO  segmented.SegmentedRaftLogWorker (SegmentedRaftLogWorker.java:<init>(182)) - new ab0b9145-2e53-4c25-ad23-cd655fd27dca@group-8471111DA32C-SegmentedRaftLogWorker for RaftStorageImpl:Storage Directory /home/runner/work/ozone/ozone/hadoop-ozone/integration-test/target/test-dir/MiniOzoneClusterImpl-cd96da87-0819-4dc2-95d7-841b147881f8/datanode-2/data/ratis/93ba07cd-fac3-4107-b39f-8471111da32c
2021-10-24 12:56:18,100 [pool-135-thread-1] INFO  server.RaftServerConfigKeys (ConfUtils.java:logGet(44)) - raft.server.log.queue.byte-limit = 2147483647 (custom)
2021-10-24 12:56:18,100 [pool-135-thread-1] INFO  server.RaftServerConfigKeys (ConfUtils.java:logGet(44)) - raft.server.log.queue.element-limit = 1024 (custom)
2021-10-24 12:56:18,100 [pool-135-thread-1] INFO  server.RaftServerConfigKeys (ConfUtils.java:logGet(44)) - raft.server.log.segment.size.max = 1048576 (custom)
2021-10-24 12:56:18,100 [pool-135-thread-1] INFO  server.RaftServerConfigKeys (ConfUtils.java:logGet(44)) - raft.server.log.preallocated.size = 16384 (custom)
2021-10-24 12:56:18,100 [pool-135-thread-1] INFO  server.RaftServerConfigKeys (ConfUtils.java:logGet(44)) - raft.server.log.force.sync.num = 128 (default)
2021-10-24 12:56:18,100 [pool-135-thread-1] INFO  server.RaftServerConfigKeys (ConfUtils.java:logGet(44)) - raft.server.log.statemachine.data.sync = true (default)
2021-10-24 12:56:18,101 [pool-135-thread-1] INFO  server.RaftServerConfigKeys (ConfUtils.java:logGet(44)) - raft.server.log.statemachine.data.sync.timeout = 10s (default)
2021-10-24 12:56:18,101 [pool-135-thread-1] INFO  server.RaftServerConfigKeys (ConfUtils.java:logGet(44)) - raft.server.log.statemachine.data.sync.timeout.retry = -1 (default)
2021-10-24 12:56:18,101 [pool-135-thread-1] INFO  server.RaftServerConfigKeys (ConfUtils.java:logGet(44)) - raft.server.log.write.buffer.size = 1048576 (custom)
2021-10-24 12:56:18,102 [pool-135-thread-1] INFO  server.RaftServerConfigKeys (ConfUtils.java:logGet(44)) - raft.server.log.statemachine.data.caching.enabled = true (custom)
2021-10-24 12:56:18,102 [pool-135-thread-1] INFO  segmented.SegmentedRaftLogWorker (SegmentedRaftLogWorker.java:lambda$new$0(133)) - ab0b9145-2e53-4c25-ad23-cd655fd27dca@group-8471111DA32C-SegmentedRaftLogWorker: flushIndex: setUnconditionally 0 -> -1
2021-10-24 12:56:18,102 [pool-135-thread-1] INFO  segmented.SegmentedRaftLogWorker (SegmentedRaftLogWorker.java:lambda$new$0(133)) - ab0b9145-2e53-4c25-ad23-cd655fd27dca@group-8471111DA32C-SegmentedRaftLogWorker: safeCacheEvictIndex: setUnconditionally 0 -> -1
2021-10-24 12:56:18,115 [pool-135-thread-1] INFO  server.RaftServerConfigKeys (ConfUtils.java:logGet(44)) - raft.server.snapshot.auto.trigger.enabled = true (custom)
2021-10-24 12:56:18,115 [pool-135-thread-1] INFO  server.RaftServerConfigKeys (ConfUtils.java:logGet(44)) - raft.server.snapshot.auto.trigger.threshold = 10000 (custom)
2021-10-24 12:56:18,115 [pool-135-thread-1] INFO  server.RaftServerConfigKeys (ConfUtils.java:logGet(44)) - raft.server.snapshot.retention.file.num = 5 (custom)
2021-10-24 12:56:18,115 [pool-135-thread-1] INFO  server.RaftServerConfigKeys (ConfUtils.java:logGet(44)) - raft.server.log.purge.upto.snapshot.index = false (default)
2021-10-24 12:56:18,115 [pool-135-thread-1] INFO  server.RaftServerConfigKeys (ConfUtils.java:logGet(44)) - raft.server.retrycache.expirytime = 600000ms (custom)
2021-10-24 12:56:18,115 [pool-135-thread-1] INFO  server.RaftServerConfigKeys (ConfUtils.java:logGet(44)) - raft.server.retrycache.statistics.expirytime = 100μs (default)
2021-10-24 12:56:18,116 [pool-135-thread-1] INFO  server.RaftServer$Division (RaftServerImpl.java:start(301)) - ab0b9145-2e53-4c25-ad23-cd655fd27dca@group-8471111DA32C: start as a follower, conf=-1: [c51a8637-7017-4cf6-9542-b728f68071a8|rpc:10.1.0.40:36541|dataStream:|priority:0, ab0b9145-2e53-4c25-ad23-cd655fd27dca|rpc:10.1.0.40:42267|dataStream:|priority:1, 021dcb64-0c4e-46dc-94fe-ee9c017f1ba6|rpc:10.1.0.40:35563|dataStream:|priority:0], old=null
2021-10-24 12:56:18,116 [pool-135-thread-1] INFO  server.RaftServer$Division (RaftServerImpl.java:setRole(290)) - ab0b9145-2e53-4c25-ad23-cd655fd27dca@group-8471111DA32C: changes role from      null to FOLLOWER at term 0 for startAsFollower
2021-10-24 12:56:18,116 [pool-135-thread-1] INFO  impl.RoleInfo (RoleInfo.java:updateAndGet(130)) - ab0b9145-2e53-4c25-ad23-cd655fd27dca: start ab0b9145-2e53-4c25-ad23-cd655fd27dca@group-8471111DA32C-FollowerState
2021-10-24 12:56:18,117 [pool-135-thread-1] INFO  util.JmxRegister (JmxRegister.java:tryRegister(44)) - Successfully registered JMX Bean with object name Ratis:service=RaftServer,group=group-8471111DA32C,id=ab0b9145-2e53-4c25-ad23-cd655fd27dca
2021-10-24 12:56:18,136 [grpc-default-executor-4] INFO  server.RaftServer (RaftServerProxy.java:addNew(95)) - 021dcb64-0c4e-46dc-94fe-ee9c017f1ba6: addNew group-8471111DA32C:[c51a8637-7017-4cf6-9542-b728f68071a8|rpc:10.1.0.40:36541|dataStream:|priority:0, ab0b9145-2e53-4c25-ad23-cd655fd27dca|rpc:10.1.0.40:42267|dataStream:|priority:1, 021dcb64-0c4e-46dc-94fe-ee9c017f1ba6|rpc:10.1.0.40:35563|dataStream:|priority:0] returns group-8471111DA32C:java.util.concurrent.CompletableFuture@65c1c9b4[Not completed]
2021-10-24 12:56:18,137 [pool-116-thread-1] INFO  server.RaftServer$Division (RaftServerImpl.java:<init>(184)) - 021dcb64-0c4e-46dc-94fe-ee9c017f1ba6: new RaftServerImpl for group-8471111DA32C:[c51a8637-7017-4cf6-9542-b728f68071a8|rpc:10.1.0.40:36541|dataStream:|priority:0, ab0b9145-2e53-4c25-ad23-cd655fd27dca|rpc:10.1.0.40:42267|dataStream:|priority:1, 021dcb64-0c4e-46dc-94fe-ee9c017f1ba6|rpc:10.1.0.40:35563|dataStream:|priority:0] with ContainerStateMachine:uninitialized
2021-10-24 12:56:18,137 [pool-116-thread-1] INFO  server.RaftServerConfigKeys (ConfUtils.java:logGet(44)) - raft.server.rpc.timeout.min = 5s (custom)
2021-10-24 12:56:18,137 [pool-116-thread-1] INFO  server.RaftServerConfigKeys (ConfUtils.java:logGet(44)) - raft.server.rpc.timeout.max = 5200ms (custom)
2021-10-24 12:56:18,137 [pool-116-thread-1] INFO  server.RaftServerConfigKeys (ConfUtils.java:logGet(44)) - raft.server.rpc.sleep.time = 25ms (default)
2021-10-24 12:56:18,137 [pool-116-thread-1] INFO  server.RaftServerConfigKeys (ConfUtils.java:logGet(44)) - raft.server.rpc.slowness.timeout = 300s (custom)
2021-10-24 12:56:18,137 [pool-116-thread-1] INFO  server.RaftServerConfigKeys (ConfUtils.java:logGet(44)) - raft.server.leaderelection.leader.step-down.wait-time = 10s (default)
2021-10-24 12:56:18,137 [pool-116-thread-1] INFO  server.RaftServerConfigKeys (ConfUtils.java:logGet(44)) - raft.server.sleep.deviation.threshold = 300ms (default)
2021-10-24 12:56:18,137 [pool-116-thread-1] INFO  server.RaftServerConfigKeys (ConfUtils.java:logGet(44)) - raft.server.log.appender.install.snapshot.enabled = false (custom)
2021-10-24 12:56:18,137 [pool-116-thread-1] INFO  server.RaftServer$Division (ServerState.java:<init>(105)) - 021dcb64-0c4e-46dc-94fe-ee9c017f1ba6@group-8471111DA32C: ConfigurationManager, init=-1: [c51a8637-7017-4cf6-9542-b728f68071a8|rpc:10.1.0.40:36541|dataStream:|priority:0, ab0b9145-2e53-4c25-ad23-cd655fd27dca|rpc:10.1.0.40:42267|dataStream:|priority:1, 021dcb64-0c4e-46dc-94fe-ee9c017f1ba6|rpc:10.1.0.40:35563|dataStream:|priority:0], old=null, confs=<EMPTY_MAP>
2021-10-24 12:56:18,137 [pool-116-thread-1] INFO  server.RaftServerConfigKeys (ConfUtils.java:logGet(44)) - raft.server.storage.dir = [/home/runner/work/ozone/ozone/hadoop-ozone/integration-test/target/test-dir/MiniOzoneClusterImpl-cd96da87-0819-4dc2-95d7-841b147881f8/datanode-1/data/ratis] (custom)
2021-10-24 12:56:18,137 [pool-116-thread-1] INFO  server.RaftServerConfigKeys (ConfUtils.java:logGet(44)) - raft.server.log.corruption.policy = EXCEPTION (default)
2021-10-24 12:56:18,137 [pool-116-thread-1] INFO  server.RaftServerConfigKeys (ConfUtils.java:logGet(44)) - raft.server.storage.free-space.min = 0MB (=0) (default)
2021-10-24 12:56:18,138 [pool-116-thread-1] INFO  storage.RaftStorageDirectory (RaftStorageDirectoryImpl.java:analyzeStorage(135)) - The storage directory /home/runner/work/ozone/ozone/hadoop-ozone/integration-test/target/test-dir/MiniOzoneClusterImpl-cd96da87-0819-4dc2-95d7-841b147881f8/datanode-1/data/ratis/93ba07cd-fac3-4107-b39f-8471111da32c does not exist. Creating ...
2021-10-24 12:56:18,139 [pool-116-thread-1] INFO  storage.RaftStorageDirectory (RaftStorageDirectoryImpl.java:tryLock(230)) - Lock on /home/runner/work/ozone/ozone/hadoop-ozone/integration-test/target/test-dir/MiniOzoneClusterImpl-cd96da87-0819-4dc2-95d7-841b147881f8/datanode-1/data/ratis/93ba07cd-fac3-4107-b39f-8471111da32c/in_use.lock acquired by nodename 13972@fv-az50-989
2021-10-24 12:56:18,140 [pool-116-thread-1] INFO  storage.RaftStorage (RaftStorageImpl.java:format(89)) - Storage directory /home/runner/work/ozone/ozone/hadoop-ozone/integration-test/target/test-dir/MiniOzoneClusterImpl-cd96da87-0819-4dc2-95d7-841b147881f8/datanode-1/data/ratis/93ba07cd-fac3-4107-b39f-8471111da32c has been successfully formatted.
2021-10-24 12:56:18,141 [pool-116-thread-1] INFO  ratis.ContainerStateMachine (ContainerStateMachine.java:loadSnapshot(224)) - group-8471111DA32C: The snapshot info is null. Setting the last applied indexto:(t:0, i:~)
2021-10-24 12:56:18,141 [pool-116-thread-1] INFO  server.RaftServerConfigKeys (ConfUtils.java:logGet(44)) - raft.server.notification.no-leader.timeout = 300s (custom)
2021-10-24 12:56:18,141 [pool-116-thread-1] INFO  server.RaftServerConfigKeys (ConfUtils.java:logGet(44)) - raft.server.log.use.memory = false (default)
2021-10-24 12:56:18,141 [pool-116-thread-1] INFO  server.RaftServerConfigKeys (ConfUtils.java:logGet(44)) - raft.server.log.purge.gap = 1000000 (custom)
2021-10-24 12:56:18,141 [pool-116-thread-1] INFO  server.RaftServerConfigKeys (ConfUtils.java:logGet(44)) - raft.server.log.appender.buffer.byte-limit = 33554432 (custom)
2021-10-24 12:56:18,142 [pool-116-thread-1] INFO  server.RaftServerConfigKeys (ConfUtils.java:logGet(44)) - raft.server.log.segment.size.max = 1048576 (custom)
2021-10-24 12:56:18,142 [pool-116-thread-1] INFO  server.RaftServerConfigKeys (ConfUtils.java:logGet(44)) - raft.server.log.segment.cache.num.max = 2 (custom)
2021-10-24 12:56:18,142 [pool-116-thread-1] INFO  server.RaftServerConfigKeys (ConfUtils.java:logGet(44)) - raft.server.log.segment.cache.size.max = 200MB (=209715200) (default)
2021-10-24 12:56:18,142 [pool-116-thread-1] INFO  segmented.SegmentedRaftLogWorker (SegmentedRaftLogWorker.java:<init>(182)) - new 021dcb64-0c4e-46dc-94fe-ee9c017f1ba6@group-8471111DA32C-SegmentedRaftLogWorker for RaftStorageImpl:Storage Directory /home/runner/work/ozone/ozone/hadoop-ozone/integration-test/target/test-dir/MiniOzoneClusterImpl-cd96da87-0819-4dc2-95d7-841b147881f8/datanode-1/data/ratis/93ba07cd-fac3-4107-b39f-8471111da32c
2021-10-24 12:56:18,142 [pool-116-thread-1] INFO  server.RaftServerConfigKeys (ConfUtils.java:logGet(44)) - raft.server.log.queue.byte-limit = 2147483647 (custom)
2021-10-24 12:56:18,142 [pool-116-thread-1] INFO  server.RaftServerConfigKeys (ConfUtils.java:logGet(44)) - raft.server.log.queue.element-limit = 1024 (custom)
2021-10-24 12:56:18,142 [pool-116-thread-1] INFO  server.RaftServerConfigKeys (ConfUtils.java:logGet(44)) - raft.server.log.segment.size.max = 1048576 (custom)
2021-10-24 12:56:18,142 [pool-116-thread-1] INFO  server.RaftServerConfigKeys (ConfUtils.java:logGet(44)) - raft.server.log.preallocated.size = 16384 (custom)
2021-10-24 12:56:18,142 [pool-116-thread-1] INFO  server.RaftServerConfigKeys (ConfUtils.java:logGet(44)) - raft.server.log.force.sync.num = 128 (default)
2021-10-24 12:56:18,143 [pool-116-thread-1] INFO  server.RaftServerConfigKeys (ConfUtils.java:logGet(44)) - raft.server.log.statemachine.data.sync = true (default)
2021-10-24 12:56:18,143 [pool-116-thread-1] INFO  server.RaftServerConfigKeys (ConfUtils.java:logGet(44)) - raft.server.log.statemachine.data.sync.timeout = 10s (default)
2021-10-24 12:56:18,143 [pool-116-thread-1] INFO  server.RaftServerConfigKeys (ConfUtils.java:logGet(44)) - raft.server.log.statemachine.data.sync.timeout.retry = -1 (default)
2021-10-24 12:56:18,143 [pool-116-thread-1] INFO  server.RaftServerConfigKeys (ConfUtils.java:logGet(44)) - raft.server.log.write.buffer.size = 1048576 (custom)
2021-10-24 12:56:18,144 [pool-116-thread-1] INFO  server.RaftServerConfigKeys (ConfUtils.java:logGet(44)) - raft.server.log.statemachine.data.caching.enabled = true (custom)
2021-10-24 12:56:18,144 [pool-116-thread-1] INFO  segmented.SegmentedRaftLogWorker (SegmentedRaftLogWorker.java:lambda$new$0(133)) - 021dcb64-0c4e-46dc-94fe-ee9c017f1ba6@group-8471111DA32C-SegmentedRaftLogWorker: flushIndex: setUnconditionally 0 -> -1
2021-10-24 12:56:18,145 [pool-116-thread-1] INFO  segmented.SegmentedRaftLogWorker (SegmentedRaftLogWorker.java:lambda$new$0(133)) - 021dcb64-0c4e-46dc-94fe-ee9c017f1ba6@group-8471111DA32C-SegmentedRaftLogWorker: safeCacheEvictIndex: setUnconditionally 0 -> -1
2021-10-24 12:56:18,145 [pool-116-thread-1] INFO  server.RaftServerConfigKeys (ConfUtils.java:logGet(44)) - raft.server.snapshot.auto.trigger.enabled = true (custom)
2021-10-24 12:56:18,145 [pool-116-thread-1] INFO  server.RaftServerConfigKeys (ConfUtils.java:logGet(44)) - raft.server.snapshot.auto.trigger.threshold = 10000 (custom)
2021-10-24 12:56:18,145 [pool-116-thread-1] INFO  server.RaftServerConfigKeys (ConfUtils.java:logGet(44)) - raft.server.snapshot.retention.file.num = 5 (custom)
2021-10-24 12:56:18,145 [pool-116-thread-1] INFO  server.RaftServerConfigKeys (ConfUtils.java:logGet(44)) - raft.server.log.purge.upto.snapshot.index = false (default)
2021-10-24 12:56:18,145 [pool-116-thread-1] INFO  server.RaftServerConfigKeys (ConfUtils.java:logGet(44)) - raft.server.retrycache.expirytime = 600000ms (custom)
2021-10-24 12:56:18,145 [pool-116-thread-1] INFO  server.RaftServerConfigKeys (ConfUtils.java:logGet(44)) - raft.server.retrycache.statistics.expirytime = 100μs (default)
2021-10-24 12:56:18,147 [pool-116-thread-1] INFO  server.RaftServer$Division (RaftServerImpl.java:start(301)) - 021dcb64-0c4e-46dc-94fe-ee9c017f1ba6@group-8471111DA32C: start as a follower, conf=-1: [c51a8637-7017-4cf6-9542-b728f68071a8|rpc:10.1.0.40:36541|dataStream:|priority:0, ab0b9145-2e53-4c25-ad23-cd655fd27dca|rpc:10.1.0.40:42267|dataStream:|priority:1, 021dcb64-0c4e-46dc-94fe-ee9c017f1ba6|rpc:10.1.0.40:35563|dataStream:|priority:0], old=null
2021-10-24 12:56:18,147 [pool-116-thread-1] INFO  server.RaftServer$Division (RaftServerImpl.java:setRole(290)) - 021dcb64-0c4e-46dc-94fe-ee9c017f1ba6@group-8471111DA32C: changes role from      null to FOLLOWER at term 0 for startAsFollower
2021-10-24 12:56:18,147 [pool-116-thread-1] INFO  impl.RoleInfo (RoleInfo.java:updateAndGet(130)) - 021dcb64-0c4e-46dc-94fe-ee9c017f1ba6: start 021dcb64-0c4e-46dc-94fe-ee9c017f1ba6@group-8471111DA32C-FollowerState
2021-10-24 12:56:18,147 [pool-116-thread-1] INFO  util.JmxRegister (JmxRegister.java:tryRegister(44)) - Successfully registered JMX Bean with object name Ratis:service=RaftServer,group=group-8471111DA32C,id=021dcb64-0c4e-46dc-94fe-ee9c017f1ba6
2021-10-24 12:56:18,152 [Command processor thread] INFO  commandhandler.CreatePipelineCommandHandler (CreatePipelineCommandHandler.java:handle(106)) - Created Pipeline RATIS THREE PipelineID=93ba07cd-fac3-4107-b39f-8471111da32c.
2021-10-24 12:56:18,247 [Command processor thread] INFO  server.RaftServer (RaftServerProxy.java:addNew(95)) - 021dcb64-0c4e-46dc-94fe-ee9c017f1ba6: addNew group-35ECF4D7AA44:[021dcb64-0c4e-46dc-94fe-ee9c017f1ba6|rpc:10.1.0.40:35563|priority:1] returns group-35ECF4D7AA44:java.util.concurrent.CompletableFuture@7b7f669[Not completed]
2021-10-24 12:56:18,248 [pool-116-thread-1] INFO  server.RaftServer$Division (RaftServerImpl.java:<init>(184)) - 021dcb64-0c4e-46dc-94fe-ee9c017f1ba6: new RaftServerImpl for group-35ECF4D7AA44:[021dcb64-0c4e-46dc-94fe-ee9c017f1ba6|rpc:10.1.0.40:35563|priority:1] with ContainerStateMachine:uninitialized
2021-10-24 12:56:18,249 [pool-116-thread-1] INFO  server.RaftServerConfigKeys (ConfUtils.java:logGet(44)) - raft.server.rpc.timeout.min = 5s (custom)
2021-10-24 12:56:18,249 [pool-116-thread-1] INFO  server.RaftServerConfigKeys (ConfUtils.java:logGet(44)) - raft.server.rpc.timeout.max = 5200ms (custom)
2021-10-24 12:56:18,249 [pool-116-thread-1] INFO  server.RaftServerConfigKeys (ConfUtils.java:logGet(44)) - raft.server.rpc.sleep.time = 25ms (default)
2021-10-24 12:56:18,249 [pool-116-thread-1] INFO  server.RaftServerConfigKeys (ConfUtils.java:logGet(44)) - raft.server.rpc.slowness.timeout = 300s (custom)
2021-10-24 12:56:18,249 [pool-116-thread-1] INFO  server.RaftServerConfigKeys (ConfUtils.java:logGet(44)) - raft.server.leaderelection.leader.step-down.wait-time = 10s (default)
2021-10-24 12:56:18,249 [pool-116-thread-1] INFO  server.RaftServerConfigKeys (ConfUtils.java:logGet(44)) - raft.server.sleep.deviation.threshold = 300ms (default)
2021-10-24 12:56:18,249 [pool-116-thread-1] INFO  server.RaftServerConfigKeys (ConfUtils.java:logGet(44)) - raft.server.log.appender.install.snapshot.enabled = false (custom)
2021-10-24 12:56:18,249 [pool-116-thread-1] INFO  server.RaftServer$Division (ServerState.java:<init>(105)) - 021dcb64-0c4e-46dc-94fe-ee9c017f1ba6@group-35ECF4D7AA44: ConfigurationManager, init=-1: [021dcb64-0c4e-46dc-94fe-ee9c017f1ba6|rpc:10.1.0.40:35563|priority:1], old=null, confs=<EMPTY_MAP>
2021-10-24 12:56:18,249 [pool-116-thread-1] INFO  server.RaftServerConfigKeys (ConfUtils.java:logGet(44)) - raft.server.storage.dir = [/home/runner/work/ozone/ozone/hadoop-ozone/integration-test/target/test-dir/MiniOzoneClusterImpl-cd96da87-0819-4dc2-95d7-841b147881f8/datanode-1/data/ratis] (custom)
2021-10-24 12:56:18,249 [pool-116-thread-1] INFO  server.RaftServerConfigKeys (ConfUtils.java:logGet(44)) - raft.server.log.corruption.policy = EXCEPTION (default)
2021-10-24 12:56:18,249 [pool-116-thread-1] INFO  server.RaftServerConfigKeys (ConfUtils.java:logGet(44)) - raft.server.storage.free-space.min = 0MB (=0) (default)
2021-10-24 12:56:18,250 [pool-116-thread-1] INFO  storage.RaftStorageDirectory (RaftStorageDirectoryImpl.java:analyzeStorage(135)) - The storage directory /home/runner/work/ozone/ozone/hadoop-ozone/integration-test/target/test-dir/MiniOzoneClusterImpl-cd96da87-0819-4dc2-95d7-841b147881f8/datanode-1/data/ratis/d1238111-a880-48e2-9024-35ecf4d7aa44 does not exist. Creating ...
2021-10-24 12:56:18,251 [pool-116-thread-1] INFO  storage.RaftStorageDirectory (RaftStorageDirectoryImpl.java:tryLock(230)) - Lock on /home/runner/work/ozone/ozone/hadoop-ozone/integration-test/target/test-dir/MiniOzoneClusterImpl-cd96da87-0819-4dc2-95d7-841b147881f8/datanode-1/data/ratis/d1238111-a880-48e2-9024-35ecf4d7aa44/in_use.lock acquired by nodename 13972@fv-az50-989
2021-10-24 12:56:18,252 [pool-116-thread-1] INFO  storage.RaftStorage (RaftStorageImpl.java:format(89)) - Storage directory /home/runner/work/ozone/ozone/hadoop-ozone/integration-test/target/test-dir/MiniOzoneClusterImpl-cd96da87-0819-4dc2-95d7-841b147881f8/datanode-1/data/ratis/d1238111-a880-48e2-9024-35ecf4d7aa44 has been successfully formatted.
2021-10-24 12:56:18,252 [pool-116-thread-1] INFO  ratis.ContainerStateMachine (ContainerStateMachine.java:loadSnapshot(224)) - group-35ECF4D7AA44: The snapshot info is null. Setting the last applied indexto:(t:0, i:~)
2021-10-24 12:56:18,252 [pool-116-thread-1] INFO  server.RaftServerConfigKeys (ConfUtils.java:logGet(44)) - raft.server.notification.no-leader.timeout = 300s (custom)
2021-10-24 12:56:18,254 [pool-116-thread-1] INFO  server.RaftServerConfigKeys (ConfUtils.java:logGet(44)) - raft.server.log.use.memory = false (default)
2021-10-24 12:56:18,254 [pool-116-thread-1] INFO  server.RaftServerConfigKeys (ConfUtils.java:logGet(44)) - raft.server.log.purge.gap = 1000000 (custom)
2021-10-24 12:56:18,254 [pool-116-thread-1] INFO  server.RaftServerConfigKeys (ConfUtils.java:logGet(44)) - raft.server.log.appender.buffer.byte-limit = 33554432 (custom)
2021-10-24 12:56:18,255 [pool-116-thread-1] INFO  server.RaftServerConfigKeys (ConfUtils.java:logGet(44)) - raft.server.log.segment.size.max = 1048576 (custom)
2021-10-24 12:56:18,255 [pool-116-thread-1] INFO  server.RaftServerConfigKeys (ConfUtils.java:logGet(44)) - raft.server.log.segment.cache.num.max = 2 (custom)
2021-10-24 12:56:18,255 [EventQueue-PipelineReportForPipelineReportHandler] INFO  pipeline.PipelineManagerImpl (PipelineManagerImpl.java:openPipeline(282)) - Pipeline Pipeline[ Id: d1238111-a880-48e2-9024-35ecf4d7aa44, Nodes: 021dcb64-0c4e-46dc-94fe-ee9c017f1ba6{ip: 10.1.0.40, host: fv-az50-989.grzltbmokehuzjyc5b133kdqgh.cx.internal.cloudapp.net, ports: [REPLICATION=34019, RATIS=35563, RATIS_ADMIN=35563, RATIS_SERVER=35563, STANDALONE=36317], networkLocation: /default-rack, certSerialId: null, persistedOpState: IN_SERVICE, persistedOpStateExpiryEpochSec: 0}, ReplicationConfig: RATIS/ONE, State:ALLOCATED, leaderId:021dcb64-0c4e-46dc-94fe-ee9c017f1ba6, CreationTimestamp2021-10-24T12:56:15.252Z[Etc/UTC]] moved to OPEN state
2021-10-24 12:56:18,256 [EventQueue-OpenPipelineForHealthyPipelineSafeModeRule] INFO  safemode.SCMSafeModeManager (HealthyPipelineSafeModeRule.java:process(124)) - SCM in safe mode. Healthy pipelines reported count is 0, required healthy pipeline reported count is 1
2021-10-24 12:56:18,259 [pool-116-thread-1] INFO  server.RaftServerConfigKeys (ConfUtils.java:logGet(44)) - raft.server.log.segment.cache.size.max = 200MB (=209715200) (default)
2021-10-24 12:56:18,260 [pool-116-thread-1] INFO  segmented.SegmentedRaftLogWorker (SegmentedRaftLogWorker.java:<init>(182)) - new 021dcb64-0c4e-46dc-94fe-ee9c017f1ba6@group-35ECF4D7AA44-SegmentedRaftLogWorker for RaftStorageImpl:Storage Directory /home/runner/work/ozone/ozone/hadoop-ozone/integration-test/target/test-dir/MiniOzoneClusterImpl-cd96da87-0819-4dc2-95d7-841b147881f8/datanode-1/data/ratis/d1238111-a880-48e2-9024-35ecf4d7aa44
2021-10-24 12:56:18,260 [pool-116-thread-1] INFO  server.RaftServerConfigKeys (ConfUtils.java:logGet(44)) - raft.server.log.queue.byte-limit = 2147483647 (custom)
2021-10-24 12:56:18,260 [pool-116-thread-1] INFO  server.RaftServerConfigKeys (ConfUtils.java:logGet(44)) - raft.server.log.queue.element-limit = 1024 (custom)
2021-10-24 12:56:18,260 [pool-116-thread-1] INFO  server.RaftServerConfigKeys (ConfUtils.java:logGet(44)) - raft.server.log.segment.size.max = 1048576 (custom)
2021-10-24 12:56:18,260 [pool-116-thread-1] INFO  server.RaftServerConfigKeys (ConfUtils.java:logGet(44)) - raft.server.log.preallocated.size = 16384 (custom)
2021-10-24 12:56:18,260 [pool-116-thread-1] INFO  server.RaftServerConfigKeys (ConfUtils.java:logGet(44)) - raft.server.log.force.sync.num = 128 (default)
2021-10-24 12:56:18,260 [pool-116-thread-1] INFO  server.RaftServerConfigKeys (ConfUtils.java:logGet(44)) - raft.server.log.statemachine.data.sync = true (default)
2021-10-24 12:56:18,260 [pool-116-thread-1] INFO  server.RaftServerConfigKeys (ConfUtils.java:logGet(44)) - raft.server.log.statemachine.data.sync.timeout = 10s (default)
2021-10-24 12:56:18,260 [pool-116-thread-1] INFO  server.RaftServerConfigKeys (ConfUtils.java:logGet(44)) - raft.server.log.statemachine.data.sync.timeout.retry = -1 (default)
2021-10-24 12:56:18,261 [pool-116-thread-1] INFO  server.RaftServerConfigKeys (ConfUtils.java:logGet(44)) - raft.server.log.write.buffer.size = 1048576 (custom)
2021-10-24 12:56:18,262 [pool-116-thread-1] INFO  server.RaftServerConfigKeys (ConfUtils.java:logGet(44)) - raft.server.log.statemachine.data.caching.enabled = true (custom)
2021-10-24 12:56:18,262 [pool-116-thread-1] INFO  segmented.SegmentedRaftLogWorker (SegmentedRaftLogWorker.java:lambda$new$0(133)) - 021dcb64-0c4e-46dc-94fe-ee9c017f1ba6@group-35ECF4D7AA44-SegmentedRaftLogWorker: flushIndex: setUnconditionally 0 -> -1
2021-10-24 12:56:18,262 [pool-116-thread-1] INFO  segmented.SegmentedRaftLogWorker (SegmentedRaftLogWorker.java:lambda$new$0(133)) - 021dcb64-0c4e-46dc-94fe-ee9c017f1ba6@group-35ECF4D7AA44-SegmentedRaftLogWorker: safeCacheEvictIndex: setUnconditionally 0 -> -1
2021-10-24 12:56:18,262 [pool-116-thread-1] INFO  server.RaftServerConfigKeys (ConfUtils.java:logGet(44)) - raft.server.snapshot.auto.trigger.enabled = true (custom)
2021-10-24 12:56:18,262 [pool-116-thread-1] INFO  server.RaftServerConfigKeys (ConfUtils.java:logGet(44)) - raft.server.snapshot.auto.trigger.threshold = 10000 (custom)
2021-10-24 12:56:18,263 [pool-116-thread-1] INFO  server.RaftServerConfigKeys (ConfUtils.java:logGet(44)) - raft.server.snapshot.retention.file.num = 5 (custom)
2021-10-24 12:56:18,263 [pool-116-thread-1] INFO  server.RaftServerConfigKeys (ConfUtils.java:logGet(44)) - raft.server.log.purge.upto.snapshot.index = false (default)
2021-10-24 12:56:18,263 [pool-116-thread-1] INFO  server.RaftServerConfigKeys (ConfUtils.java:logGet(44)) - raft.server.retrycache.expirytime = 600000ms (custom)
2021-10-24 12:56:18,263 [pool-116-thread-1] INFO  server.RaftServerConfigKeys (ConfUtils.java:logGet(44)) - raft.server.retrycache.statistics.expirytime = 100μs (default)
2021-10-24 12:56:18,265 [pool-116-thread-1] INFO  server.RaftServer$Division (RaftServerImpl.java:start(301)) - 021dcb64-0c4e-46dc-94fe-ee9c017f1ba6@group-35ECF4D7AA44: start as a follower, conf=-1: [021dcb64-0c4e-46dc-94fe-ee9c017f1ba6|rpc:10.1.0.40:35563|priority:1], old=null
2021-10-24 12:56:18,265 [pool-116-thread-1] INFO  server.RaftServer$Division (RaftServerImpl.java:setRole(290)) - 021dcb64-0c4e-46dc-94fe-ee9c017f1ba6@group-35ECF4D7AA44: changes role from      null to FOLLOWER at term 0 for startAsFollower
2021-10-24 12:56:18,265 [pool-116-thread-1] INFO  impl.RoleInfo (RoleInfo.java:updateAndGet(130)) - 021dcb64-0c4e-46dc-94fe-ee9c017f1ba6: start 021dcb64-0c4e-46dc-94fe-ee9c017f1ba6@group-35ECF4D7AA44-FollowerState
2021-10-24 12:56:18,265 [pool-116-thread-1] INFO  util.JmxRegister (JmxRegister.java:tryRegister(44)) - Successfully registered JMX Bean with object name Ratis:service=RaftServer,group=group-35ECF4D7AA44,id=021dcb64-0c4e-46dc-94fe-ee9c017f1ba6
2021-10-24 12:56:18,269 [Command processor thread] INFO  ratis.XceiverServerRatis (XceiverServerRatis.java:addGroup(768)) - Created group PipelineID=d1238111-a880-48e2-9024-35ecf4d7aa44
2021-10-24 12:56:18,269 [Command processor thread] INFO  commandhandler.CreatePipelineCommandHandler (CreatePipelineCommandHandler.java:handle(106)) - Created Pipeline RATIS ONE PipelineID=d1238111-a880-48e2-9024-35ecf4d7aa44.
2021-10-24 12:56:18,434 [Listener at 127.0.0.1/13904] INFO  ozone.MiniOzoneClusterImpl (MiniOzoneClusterImpl.java:lambda$waitForClusterToBeReady$0(235)) - Nodes are ready. Got 3 of 3 DN Heartbeats.
2021-10-24 12:56:18,435 [Listener at 127.0.0.1/13904] INFO  ozone.MiniOzoneClusterImpl (MiniOzoneClusterImpl.java:lambda$waitForClusterToBeReady$0(238)) - Waiting for cluster to exit safe mode
2021-10-24 12:56:18,435 [Listener at 127.0.0.1/13904] INFO  ozone.MiniOzoneClusterImpl (MiniOzoneClusterImpl.java:lambda$waitForClusterToBeReady$0(240)) - SCM became leader
2021-10-24 12:56:18,435 [Command processor thread] INFO  server.RaftServer (RaftServerProxy.java:addNew(95)) - ab0b9145-2e53-4c25-ad23-cd655fd27dca: addNew group-E57FF4869D39:[ab0b9145-2e53-4c25-ad23-cd655fd27dca|rpc:10.1.0.40:42267|priority:1] returns group-E57FF4869D39:java.util.concurrent.CompletableFuture@52bb149[Not completed]
2021-10-24 12:56:18,436 [pool-135-thread-1] INFO  server.RaftServer$Division (RaftServerImpl.java:<init>(184)) - ab0b9145-2e53-4c25-ad23-cd655fd27dca: new RaftServerImpl for group-E57FF4869D39:[ab0b9145-2e53-4c25-ad23-cd655fd27dca|rpc:10.1.0.40:42267|priority:1] with ContainerStateMachine:uninitialized
2021-10-24 12:56:18,436 [pool-135-thread-1] INFO  server.RaftServerConfigKeys (ConfUtils.java:logGet(44)) - raft.server.rpc.timeout.min = 5s (custom)
2021-10-24 12:56:18,436 [pool-135-thread-1] INFO  server.RaftServerConfigKeys (ConfUtils.java:logGet(44)) - raft.server.rpc.timeout.max = 5200ms (custom)
2021-10-24 12:56:18,437 [pool-135-thread-1] INFO  server.RaftServerConfigKeys (ConfUtils.java:logGet(44)) - raft.server.rpc.sleep.time = 25ms (default)
2021-10-24 12:56:18,437 [pool-135-thread-1] INFO  server.RaftServerConfigKeys (ConfUtils.java:logGet(44)) - raft.server.rpc.slowness.timeout = 300s (custom)
2021-10-24 12:56:18,437 [pool-135-thread-1] INFO  server.RaftServerConfigKeys (ConfUtils.java:logGet(44)) - raft.server.leaderelection.leader.step-down.wait-time = 10s (default)
2021-10-24 12:56:18,437 [pool-135-thread-1] INFO  server.RaftServerConfigKeys (ConfUtils.java:logGet(44)) - raft.server.sleep.deviation.threshold = 300ms (default)
2021-10-24 12:56:18,437 [pool-135-thread-1] INFO  server.RaftServerConfigKeys (ConfUtils.java:logGet(44)) - raft.server.log.appender.install.snapshot.enabled = false (custom)
2021-10-24 12:56:18,437 [pool-135-thread-1] INFO  server.RaftServer$Division (ServerState.java:<init>(105)) - ab0b9145-2e53-4c25-ad23-cd655fd27dca@group-E57FF4869D39: ConfigurationManager, init=-1: [ab0b9145-2e53-4c25-ad23-cd655fd27dca|rpc:10.1.0.40:42267|priority:1], old=null, confs=<EMPTY_MAP>
2021-10-24 12:56:18,437 [pool-135-thread-1] INFO  server.RaftServerConfigKeys (ConfUtils.java:logGet(44)) - raft.server.storage.dir = [/home/runner/work/ozone/ozone/hadoop-ozone/integration-test/target/test-dir/MiniOzoneClusterImpl-cd96da87-0819-4dc2-95d7-841b147881f8/datanode-2/data/ratis] (custom)
2021-10-24 12:56:18,437 [pool-135-thread-1] INFO  server.RaftServerConfigKeys (ConfUtils.java:logGet(44)) - raft.server.log.corruption.policy = EXCEPTION (default)
2021-10-24 12:56:18,437 [pool-135-thread-1] INFO  server.RaftServerConfigKeys (ConfUtils.java:logGet(44)) - raft.server.storage.free-space.min = 0MB (=0) (default)
2021-10-24 12:56:18,437 [pool-135-thread-1] INFO  storage.RaftStorageDirectory (RaftStorageDirectoryImpl.java:analyzeStorage(135)) - The storage directory /home/runner/work/ozone/ozone/hadoop-ozone/integration-test/target/test-dir/MiniOzoneClusterImpl-cd96da87-0819-4dc2-95d7-841b147881f8/datanode-2/data/ratis/23512b19-95f0-4c35-af52-e57ff4869d39 does not exist. Creating ...
2021-10-24 12:56:18,439 [pool-135-thread-1] INFO  storage.RaftStorageDirectory (RaftStorageDirectoryImpl.java:tryLock(230)) - Lock on /home/runner/work/ozone/ozone/hadoop-ozone/integration-test/target/test-dir/MiniOzoneClusterImpl-cd96da87-0819-4dc2-95d7-841b147881f8/datanode-2/data/ratis/23512b19-95f0-4c35-af52-e57ff4869d39/in_use.lock acquired by nodename 13972@fv-az50-989
2021-10-24 12:56:18,441 [pool-135-thread-1] INFO  storage.RaftStorage (RaftStorageImpl.java:format(89)) - Storage directory /home/runner/work/ozone/ozone/hadoop-ozone/integration-test/target/test-dir/MiniOzoneClusterImpl-cd96da87-0819-4dc2-95d7-841b147881f8/datanode-2/data/ratis/23512b19-95f0-4c35-af52-e57ff4869d39 has been successfully formatted.
2021-10-24 12:56:18,441 [pool-135-thread-1] INFO  ratis.ContainerStateMachine (ContainerStateMachine.java:loadSnapshot(224)) - group-E57FF4869D39: The snapshot info is null. Setting the last applied indexto:(t:0, i:~)
2021-10-24 12:56:18,441 [pool-135-thread-1] INFO  server.RaftServerConfigKeys (ConfUtils.java:logGet(44)) - raft.server.notification.no-leader.timeout = 300s (custom)
2021-10-24 12:56:18,441 [pool-135-thread-1] INFO  server.RaftServerConfigKeys (ConfUtils.java:logGet(44)) - raft.server.log.use.memory = false (default)
2021-10-24 12:56:18,441 [pool-135-thread-1] INFO  server.RaftServerConfigKeys (ConfUtils.java:logGet(44)) - raft.server.log.purge.gap = 1000000 (custom)
2021-10-24 12:56:18,441 [pool-135-thread-1] INFO  server.RaftServerConfigKeys (ConfUtils.java:logGet(44)) - raft.server.log.appender.buffer.byte-limit = 33554432 (custom)
2021-10-24 12:56:18,442 [pool-135-thread-1] INFO  server.RaftServerConfigKeys (ConfUtils.java:logGet(44)) - raft.server.log.segment.size.max = 1048576 (custom)
2021-10-24 12:56:18,443 [pool-135-thread-1] INFO  server.RaftServerConfigKeys (ConfUtils.java:logGet(44)) - raft.server.log.segment.cache.num.max = 2 (custom)
2021-10-24 12:56:18,443 [pool-135-thread-1] INFO  server.RaftServerConfigKeys (ConfUtils.java:logGet(44)) - raft.server.log.segment.cache.size.max = 200MB (=209715200) (default)
2021-10-24 12:56:18,443 [pool-135-thread-1] INFO  segmented.SegmentedRaftLogWorker (SegmentedRaftLogWorker.java:<init>(182)) - new ab0b9145-2e53-4c25-ad23-cd655fd27dca@group-E57FF4869D39-SegmentedRaftLogWorker for RaftStorageImpl:Storage Directory /home/runner/work/ozone/ozone/hadoop-ozone/integration-test/target/test-dir/MiniOzoneClusterImpl-cd96da87-0819-4dc2-95d7-841b147881f8/datanode-2/data/ratis/23512b19-95f0-4c35-af52-e57ff4869d39
2021-10-24 12:56:18,444 [pool-135-thread-1] INFO  server.RaftServerConfigKeys (ConfUtils.java:logGet(44)) - raft.server.log.queue.byte-limit = 2147483647 (custom)
2021-10-24 12:56:18,444 [pool-135-thread-1] INFO  server.RaftServerConfigKeys (ConfUtils.java:logGet(44)) - raft.server.log.queue.element-limit = 1024 (custom)
2021-10-24 12:56:18,444 [pool-135-thread-1] INFO  server.RaftServerConfigKeys (ConfUtils.java:logGet(44)) - raft.server.log.segment.size.max = 1048576 (custom)
2021-10-24 12:56:18,444 [pool-135-thread-1] INFO  server.RaftServerConfigKeys (ConfUtils.java:logGet(44)) - raft.server.log.preallocated.size = 16384 (custom)
2021-10-24 12:56:18,444 [pool-135-thread-1] INFO  server.RaftServerConfigKeys (ConfUtils.java:logGet(44)) - raft.server.log.force.sync.num = 128 (default)
2021-10-24 12:56:18,444 [pool-135-thread-1] INFO  server.RaftServerConfigKeys (ConfUtils.java:logGet(44)) - raft.server.log.statemachine.data.sync = true (default)
2021-10-24 12:56:18,444 [pool-135-thread-1] INFO  server.RaftServerConfigKeys (ConfUtils.java:logGet(44)) - raft.server.log.statemachine.data.sync.timeout = 10s (default)
2021-10-24 12:56:18,444 [pool-135-thread-1] INFO  server.RaftServerConfigKeys (ConfUtils.java:logGet(44)) - raft.server.log.statemachine.data.sync.timeout.retry = -1 (default)
2021-10-24 12:56:18,445 [EventQueue-PipelineReportForPipelineReportHandler] INFO  pipeline.PipelineManagerImpl (PipelineManagerImpl.java:openPipeline(282)) - Pipeline Pipeline[ Id: 23512b19-95f0-4c35-af52-e57ff4869d39, Nodes: ab0b9145-2e53-4c25-ad23-cd655fd27dca{ip: 10.1.0.40, host: fv-az50-989.grzltbmokehuzjyc5b133kdqgh.cx.internal.cloudapp.net, ports: [REPLICATION=36927, RATIS=42267, RATIS_ADMIN=42267, RATIS_SERVER=42267, STANDALONE=44495], networkLocation: /default-rack, certSerialId: null, persistedOpState: IN_SERVICE, persistedOpStateExpiryEpochSec: 0}, ReplicationConfig: RATIS/ONE, State:ALLOCATED, leaderId:ab0b9145-2e53-4c25-ad23-cd655fd27dca, CreationTimestamp2021-10-24T12:56:15.438Z[Etc/UTC]] moved to OPEN state
2021-10-24 12:56:18,445 [EventQueue-OpenPipelineForHealthyPipelineSafeModeRule] INFO  safemode.SCMSafeModeManager (HealthyPipelineSafeModeRule.java:process(124)) - SCM in safe mode. Healthy pipelines reported count is 0, required healthy pipeline reported count is 1
2021-10-24 12:56:18,446 [pool-135-thread-1] INFO  server.RaftServerConfigKeys (ConfUtils.java:logGet(44)) - raft.server.log.write.buffer.size = 1048576 (custom)
2021-10-24 12:56:18,447 [pool-135-thread-1] INFO  server.RaftServerConfigKeys (ConfUtils.java:logGet(44)) - raft.server.log.statemachine.data.caching.enabled = true (custom)
2021-10-24 12:56:18,447 [pool-135-thread-1] INFO  segmented.SegmentedRaftLogWorker (SegmentedRaftLogWorker.java:lambda$new$0(133)) - ab0b9145-2e53-4c25-ad23-cd655fd27dca@group-E57FF4869D39-SegmentedRaftLogWorker: flushIndex: setUnconditionally 0 -> -1
2021-10-24 12:56:18,447 [pool-135-thread-1] INFO  segmented.SegmentedRaftLogWorker (SegmentedRaftLogWorker.java:lambda$new$0(133)) - ab0b9145-2e53-4c25-ad23-cd655fd27dca@group-E57FF4869D39-SegmentedRaftLogWorker: safeCacheEvictIndex: setUnconditionally 0 -> -1
2021-10-24 12:56:18,448 [pool-135-thread-1] INFO  server.RaftServerConfigKeys (ConfUtils.java:logGet(44)) - raft.server.snapshot.auto.trigger.enabled = true (custom)
2021-10-24 12:56:18,448 [pool-135-thread-1] INFO  server.RaftServerConfigKeys (ConfUtils.java:logGet(44)) - raft.server.snapshot.auto.trigger.threshold = 10000 (custom)
2021-10-24 12:56:18,448 [pool-135-thread-1] INFO  server.RaftServerConfigKeys (ConfUtils.java:logGet(44)) - raft.server.snapshot.retention.file.num = 5 (custom)
2021-10-24 12:56:18,448 [pool-135-thread-1] INFO  server.RaftServerConfigKeys (ConfUtils.java:logGet(44)) - raft.server.log.purge.upto.snapshot.index = false (default)
2021-10-24 12:56:18,448 [pool-135-thread-1] INFO  server.RaftServerConfigKeys (ConfUtils.java:logGet(44)) - raft.server.retrycache.expirytime = 600000ms (custom)
2021-10-24 12:56:18,448 [pool-135-thread-1] INFO  server.RaftServerConfigKeys (ConfUtils.java:logGet(44)) - raft.server.retrycache.statistics.expirytime = 100μs (default)
2021-10-24 12:56:18,449 [pool-135-thread-1] INFO  server.RaftServer$Division (RaftServerImpl.java:start(301)) - ab0b9145-2e53-4c25-ad23-cd655fd27dca@group-E57FF4869D39: start as a follower, conf=-1: [ab0b9145-2e53-4c25-ad23-cd655fd27dca|rpc:10.1.0.40:42267|priority:1], old=null
2021-10-24 12:56:18,449 [pool-135-thread-1] INFO  server.RaftServer$Division (RaftServerImpl.java:setRole(290)) - ab0b9145-2e53-4c25-ad23-cd655fd27dca@group-E57FF4869D39: changes role from      null to FOLLOWER at term 0 for startAsFollower
2021-10-24 12:56:18,449 [pool-135-thread-1] INFO  impl.RoleInfo (RoleInfo.java:updateAndGet(130)) - ab0b9145-2e53-4c25-ad23-cd655fd27dca: start ab0b9145-2e53-4c25-ad23-cd655fd27dca@group-E57FF4869D39-FollowerState
2021-10-24 12:56:18,449 [pool-135-thread-1] INFO  util.JmxRegister (JmxRegister.java:tryRegister(44)) - Successfully registered JMX Bean with object name Ratis:service=RaftServer,group=group-E57FF4869D39,id=ab0b9145-2e53-4c25-ad23-cd655fd27dca
2021-10-24 12:56:18,453 [Command processor thread] INFO  ratis.XceiverServerRatis (XceiverServerRatis.java:addGroup(768)) - Created group PipelineID=23512b19-95f0-4c35-af52-e57ff4869d39
2021-10-24 12:56:18,453 [Command processor thread] INFO  commandhandler.CreatePipelineCommandHandler (CreatePipelineCommandHandler.java:handle(106)) - Created Pipeline RATIS ONE PipelineID=23512b19-95f0-4c35-af52-e57ff4869d39.
2021-10-24 12:56:19,435 [Listener at 127.0.0.1/13904] INFO  ozone.MiniOzoneClusterImpl (MiniOzoneClusterImpl.java:lambda$waitForClusterToBeReady$0(235)) - Nodes are ready. Got 3 of 3 DN Heartbeats.
2021-10-24 12:56:19,435 [Listener at 127.0.0.1/13904] INFO  ozone.MiniOzoneClusterImpl (MiniOzoneClusterImpl.java:lambda$waitForClusterToBeReady$0(238)) - Waiting for cluster to exit safe mode
2021-10-24 12:56:19,436 [Listener at 127.0.0.1/13904] INFO  ozone.MiniOzoneClusterImpl (MiniOzoneClusterImpl.java:lambda$waitForClusterToBeReady$0(240)) - SCM became leader
2021-10-24 12:56:20,436 [Listener at 127.0.0.1/13904] INFO  ozone.MiniOzoneClusterImpl (MiniOzoneClusterImpl.java:lambda$waitForClusterToBeReady$0(235)) - Nodes are ready. Got 3 of 3 DN Heartbeats.
2021-10-24 12:56:20,436 [Listener at 127.0.0.1/13904] INFO  ozone.MiniOzoneClusterImpl (MiniOzoneClusterImpl.java:lambda$waitForClusterToBeReady$0(238)) - Waiting for cluster to exit safe mode
2021-10-24 12:56:20,436 [Listener at 127.0.0.1/13904] INFO  ozone.MiniOzoneClusterImpl (MiniOzoneClusterImpl.java:lambda$waitForClusterToBeReady$0(240)) - SCM became leader
2021-10-24 12:56:21,437 [Listener at 127.0.0.1/13904] INFO  ozone.MiniOzoneClusterImpl (MiniOzoneClusterImpl.java:lambda$waitForClusterToBeReady$0(235)) - Nodes are ready. Got 3 of 3 DN Heartbeats.
2021-10-24 12:56:21,437 [Listener at 127.0.0.1/13904] INFO  ozone.MiniOzoneClusterImpl (MiniOzoneClusterImpl.java:lambda$waitForClusterToBeReady$0(238)) - Waiting for cluster to exit safe mode
2021-10-24 12:56:21,437 [Listener at 127.0.0.1/13904] INFO  ozone.MiniOzoneClusterImpl (MiniOzoneClusterImpl.java:lambda$waitForClusterToBeReady$0(240)) - SCM became leader
2021-10-24 12:56:22,437 [Listener at 127.0.0.1/13904] INFO  ozone.MiniOzoneClusterImpl (MiniOzoneClusterImpl.java:lambda$waitForClusterToBeReady$0(235)) - Nodes are ready. Got 3 of 3 DN Heartbeats.
2021-10-24 12:56:22,438 [Listener at 127.0.0.1/13904] INFO  ozone.MiniOzoneClusterImpl (MiniOzoneClusterImpl.java:lambda$waitForClusterToBeReady$0(238)) - Waiting for cluster to exit safe mode
2021-10-24 12:56:22,438 [Listener at 127.0.0.1/13904] INFO  ozone.MiniOzoneClusterImpl (MiniOzoneClusterImpl.java:lambda$waitForClusterToBeReady$0(240)) - SCM became leader
2021-10-24 12:56:23,017 [c51a8637-7017-4cf6-9542-b728f68071a8@group-4A8063BCFFD1-FollowerState] INFO  impl.FollowerState (FollowerState.java:run(134)) - c51a8637-7017-4cf6-9542-b728f68071a8@group-4A8063BCFFD1-FollowerState: change to CANDIDATE, lastRpcElapsedTime:5118817161ns, electionTimeout:5116ms
2021-10-24 12:56:23,017 [c51a8637-7017-4cf6-9542-b728f68071a8@group-4A8063BCFFD1-FollowerState] INFO  impl.RoleInfo (RoleInfo.java:shutdownFollowerState(108)) - c51a8637-7017-4cf6-9542-b728f68071a8: shutdown c51a8637-7017-4cf6-9542-b728f68071a8@group-4A8063BCFFD1-FollowerState
2021-10-24 12:56:23,018 [c51a8637-7017-4cf6-9542-b728f68071a8@group-4A8063BCFFD1-FollowerState] INFO  server.RaftServer$Division (RaftServerImpl.java:setRole(290)) - c51a8637-7017-4cf6-9542-b728f68071a8@group-4A8063BCFFD1: changes role from  FOLLOWER to CANDIDATE at term 0 for changeToCandidate
2021-10-24 12:56:23,018 [c51a8637-7017-4cf6-9542-b728f68071a8@group-4A8063BCFFD1-FollowerState] INFO  server.RaftServerConfigKeys (ConfUtils.java:logGet(44)) - raft.server.leaderelection.pre-vote = false (custom)
2021-10-24 12:56:23,018 [c51a8637-7017-4cf6-9542-b728f68071a8@group-4A8063BCFFD1-FollowerState] INFO  impl.RoleInfo (RoleInfo.java:updateAndGet(130)) - c51a8637-7017-4cf6-9542-b728f68071a8: start c51a8637-7017-4cf6-9542-b728f68071a8@group-4A8063BCFFD1-LeaderElection6
2021-10-24 12:56:23,022 [c51a8637-7017-4cf6-9542-b728f68071a8@group-4A8063BCFFD1-LeaderElection6] INFO  impl.LeaderElection (LeaderElection.java:askForVotes(306)) - c51a8637-7017-4cf6-9542-b728f68071a8@group-4A8063BCFFD1-LeaderElection6 ELECTION round 0: submit vote requests at term 1 for -1: [c51a8637-7017-4cf6-9542-b728f68071a8|rpc:10.1.0.40:36541|priority:0, ab0b9145-2e53-4c25-ad23-cd655fd27dca|rpc:10.1.0.40:42267|priority:0, 021dcb64-0c4e-46dc-94fe-ee9c017f1ba6|rpc:10.1.0.40:35563|priority:1], old=null
2021-10-24 12:56:23,036 [c51a8637-7017-4cf6-9542-b728f68071a8@group-59521DE3EAE1-FollowerState] INFO  impl.FollowerState (FollowerState.java:run(134)) - c51a8637-7017-4cf6-9542-b728f68071a8@group-59521DE3EAE1-FollowerState: change to CANDIDATE, lastRpcElapsedTime:5162679132ns, electionTimeout:5158ms
2021-10-24 12:56:23,036 [c51a8637-7017-4cf6-9542-b728f68071a8@group-59521DE3EAE1-FollowerState] INFO  impl.RoleInfo (RoleInfo.java:shutdownFollowerState(108)) - c51a8637-7017-4cf6-9542-b728f68071a8: shutdown c51a8637-7017-4cf6-9542-b728f68071a8@group-59521DE3EAE1-FollowerState
2021-10-24 12:56:23,036 [c51a8637-7017-4cf6-9542-b728f68071a8@group-59521DE3EAE1-FollowerState] INFO  server.RaftServer$Division (RaftServerImpl.java:setRole(290)) - c51a8637-7017-4cf6-9542-b728f68071a8@group-59521DE3EAE1: changes role from  FOLLOWER to CANDIDATE at term 0 for changeToCandidate
2021-10-24 12:56:23,036 [c51a8637-7017-4cf6-9542-b728f68071a8@group-59521DE3EAE1-FollowerState] INFO  server.RaftServerConfigKeys (ConfUtils.java:logGet(44)) - raft.server.leaderelection.pre-vote = false (custom)
2021-10-24 12:56:23,036 [c51a8637-7017-4cf6-9542-b728f68071a8@group-59521DE3EAE1-FollowerState] INFO  impl.RoleInfo (RoleInfo.java:updateAndGet(130)) - c51a8637-7017-4cf6-9542-b728f68071a8: start c51a8637-7017-4cf6-9542-b728f68071a8@group-59521DE3EAE1-LeaderElection7
2021-10-24 12:56:23,044 [grpc-default-executor-3] INFO  server.RaftServer$Division (RaftServerImpl.java:requestVote(1046)) - 021dcb64-0c4e-46dc-94fe-ee9c017f1ba6@group-4A8063BCFFD1: receive requestVote(ELECTION, c51a8637-7017-4cf6-9542-b728f68071a8, group-4A8063BCFFD1, 1, (t:0, i:0))
2021-10-24 12:56:23,044 [grpc-default-executor-3] INFO  impl.VoteContext (VoteContext.java:log(48)) - 021dcb64-0c4e-46dc-94fe-ee9c017f1ba6@group-4A8063BCFFD1-FOLLOWER: reject ELECTION from c51a8637-7017-4cf6-9542-b728f68071a8: our priority 1 > candidate's priority 0
2021-10-24 12:56:23,044 [grpc-default-executor-3] INFO  server.RaftServer$Division (RaftServerImpl.java:setRole(290)) - 021dcb64-0c4e-46dc-94fe-ee9c017f1ba6@group-4A8063BCFFD1: changes role from  FOLLOWER to FOLLOWER at term 1 for candidate:c51a8637-7017-4cf6-9542-b728f68071a8
2021-10-24 12:56:23,044 [grpc-default-executor-3] INFO  impl.RoleInfo (RoleInfo.java:shutdownFollowerState(108)) - 021dcb64-0c4e-46dc-94fe-ee9c017f1ba6: shutdown 021dcb64-0c4e-46dc-94fe-ee9c017f1ba6@group-4A8063BCFFD1-FollowerState
2021-10-24 12:56:23,044 [grpc-default-executor-3] INFO  impl.RoleInfo (RoleInfo.java:updateAndGet(130)) - 021dcb64-0c4e-46dc-94fe-ee9c017f1ba6: start 021dcb64-0c4e-46dc-94fe-ee9c017f1ba6@group-4A8063BCFFD1-FollowerState
2021-10-24 12:56:23,044 [021dcb64-0c4e-46dc-94fe-ee9c017f1ba6@group-4A8063BCFFD1-FollowerState] INFO  impl.FollowerState (FollowerState.java:run(143)) - 021dcb64-0c4e-46dc-94fe-ee9c017f1ba6@group-4A8063BCFFD1-FollowerState was interrupted: {}
java.lang.InterruptedException: sleep interrupted
	at java.lang.Thread.sleep(Native Method)
	at java.lang.Thread.sleep(Thread.java:340)
	at java.util.concurrent.TimeUnit.sleep(TimeUnit.java:386)
	at org.apache.ratis.util.TimeDuration.sleep(TimeDuration.java:324)
	at org.apache.ratis.util.TimeDuration.sleep(TimeDuration.java:309)
	at org.apache.ratis.server.impl.FollowerState.run(FollowerState.java:118)
2021-10-24 12:56:23,049 [grpc-default-executor-3] INFO  server.RaftServer$Division (RaftServerImpl.java:requestVote(1078)) - 021dcb64-0c4e-46dc-94fe-ee9c017f1ba6@group-4A8063BCFFD1 replies to ELECTION vote request: c51a8637-7017-4cf6-9542-b728f68071a8<-021dcb64-0c4e-46dc-94fe-ee9c017f1ba6#0:FAIL-t1. Peer's state: 021dcb64-0c4e-46dc-94fe-ee9c017f1ba6@group-4A8063BCFFD1:t1, leader=null, voted=null, raftlog=021dcb64-0c4e-46dc-94fe-ee9c017f1ba6@group-4A8063BCFFD1-SegmentedRaftLog:OPENED:c-1, conf=-1: [c51a8637-7017-4cf6-9542-b728f68071a8|rpc:10.1.0.40:36541|dataStream:|priority:0, ab0b9145-2e53-4c25-ad23-cd655fd27dca|rpc:10.1.0.40:42267|dataStream:|priority:0, 021dcb64-0c4e-46dc-94fe-ee9c017f1ba6|rpc:10.1.0.40:35563|dataStream:|priority:1], old=null
2021-10-24 12:56:23,050 [c51a8637-7017-4cf6-9542-b728f68071a8@group-59521DE3EAE1-LeaderElection7] INFO  impl.LeaderElection (LeaderElection.java:askForVotes(306)) - c51a8637-7017-4cf6-9542-b728f68071a8@group-59521DE3EAE1-LeaderElection7 ELECTION round 0: submit vote requests at term 1 for -1: [c51a8637-7017-4cf6-9542-b728f68071a8|rpc:10.1.0.40:36541|priority:1], old=null
2021-10-24 12:56:23,051 [c51a8637-7017-4cf6-9542-b728f68071a8@group-59521DE3EAE1-LeaderElection7] INFO  impl.LeaderElection (LeaderElection.java:askForVotes(308)) - c51a8637-7017-4cf6-9542-b728f68071a8@group-59521DE3EAE1-LeaderElection7 ELECTION round 0: result PASSED (term=1)
2021-10-24 12:56:23,051 [c51a8637-7017-4cf6-9542-b728f68071a8@group-59521DE3EAE1-LeaderElection7] INFO  impl.RoleInfo (RoleInfo.java:shutdownLeaderElection(121)) - c51a8637-7017-4cf6-9542-b728f68071a8: shutdown c51a8637-7017-4cf6-9542-b728f68071a8@group-59521DE3EAE1-LeaderElection7
2021-10-24 12:56:23,051 [c51a8637-7017-4cf6-9542-b728f68071a8@group-59521DE3EAE1-LeaderElection7] INFO  server.RaftServer$Division (RaftServerImpl.java:setRole(290)) - c51a8637-7017-4cf6-9542-b728f68071a8@group-59521DE3EAE1: changes role from CANDIDATE to LEADER at term 1 for changeToLeader
2021-10-24 12:56:23,051 [c51a8637-7017-4cf6-9542-b728f68071a8@group-4A8063BCFFD1-LeaderElection6] INFO  impl.LeaderElection (LeaderElection.java:logAndReturn(89)) - c51a8637-7017-4cf6-9542-b728f68071a8@group-4A8063BCFFD1-LeaderElection6: ELECTION REJECTED received 1 response(s) and 0 exception(s):
2021-10-24 12:56:23,051 [c51a8637-7017-4cf6-9542-b728f68071a8@group-4A8063BCFFD1-LeaderElection6] INFO  impl.LeaderElection (LeaderElection.java:logAndReturn(93)) -   Response 0: c51a8637-7017-4cf6-9542-b728f68071a8<-021dcb64-0c4e-46dc-94fe-ee9c017f1ba6#0:FAIL-t1
2021-10-24 12:56:23,051 [c51a8637-7017-4cf6-9542-b728f68071a8@group-59521DE3EAE1-LeaderElection7] INFO  ratis.XceiverServerRatis (XceiverServerRatis.java:handleLeaderChangedNotification(866)) - Leader change notification received for group: group-59521DE3EAE1 with new leaderId: c51a8637-7017-4cf6-9542-b728f68071a8
2021-10-24 12:56:23,051 [c51a8637-7017-4cf6-9542-b728f68071a8@group-4A8063BCFFD1-LeaderElection6] INFO  impl.LeaderElection (LeaderElection.java:askForVotes(308)) - c51a8637-7017-4cf6-9542-b728f68071a8@group-4A8063BCFFD1-LeaderElection6 ELECTION round 0: result REJECTED
2021-10-24 12:56:23,052 [c51a8637-7017-4cf6-9542-b728f68071a8@group-4A8063BCFFD1-LeaderElection6] INFO  server.RaftServer$Division (RaftServerImpl.java:setRole(290)) - c51a8637-7017-4cf6-9542-b728f68071a8@group-4A8063BCFFD1: changes role from CANDIDATE to FOLLOWER at term 1 for REJECTED
2021-10-24 12:56:23,052 [c51a8637-7017-4cf6-9542-b728f68071a8@group-4A8063BCFFD1-LeaderElection6] INFO  impl.RoleInfo (RoleInfo.java:shutdownLeaderElection(121)) - c51a8637-7017-4cf6-9542-b728f68071a8: shutdown c51a8637-7017-4cf6-9542-b728f68071a8@group-4A8063BCFFD1-LeaderElection6
2021-10-24 12:56:23,053 [EventQueue-OpenPipelineForHealthyPipelineSafeModeRule] INFO  safemode.SCMSafeModeManager (HealthyPipelineSafeModeRule.java:process(124)) - SCM in safe mode. Healthy pipelines reported count is 0, required healthy pipeline reported count is 1
2021-10-24 12:56:23,054 [c51a8637-7017-4cf6-9542-b728f68071a8@group-59521DE3EAE1-LeaderElection7] INFO  server.RaftServer$Division (ServerState.java:setLeader(285)) - c51a8637-7017-4cf6-9542-b728f68071a8@group-59521DE3EAE1: change Leader from null to c51a8637-7017-4cf6-9542-b728f68071a8 at term 1 for becomeLeader, leader elected after 5205ms
2021-10-24 12:56:23,054 [c51a8637-7017-4cf6-9542-b728f68071a8@group-4A8063BCFFD1-LeaderElection6] INFO  impl.RoleInfo (RoleInfo.java:updateAndGet(130)) - c51a8637-7017-4cf6-9542-b728f68071a8: start c51a8637-7017-4cf6-9542-b728f68071a8@group-4A8063BCFFD1-FollowerState
2021-10-24 12:56:23,054 [c51a8637-7017-4cf6-9542-b728f68071a8@group-59521DE3EAE1-LeaderElection7] INFO  server.RaftServerConfigKeys (ConfUtils.java:logGet(44)) - raft.server.staging.catchup.gap = 1000 (default)
2021-10-24 12:56:23,059 [c51a8637-7017-4cf6-9542-b728f68071a8@group-59521DE3EAE1-LeaderElection7] INFO  server.RaftServerConfigKeys (ConfUtils.java:logGet(44)) - raft.server.write.element-limit = 1024 (custom)
2021-10-24 12:56:23,059 [c51a8637-7017-4cf6-9542-b728f68071a8@group-59521DE3EAE1-LeaderElection7] INFO  server.RaftServerConfigKeys (ConfUtils.java:logGet(44)) - raft.server.write.byte-limit = 1024 M (=1073741824) (custom)
2021-10-24 12:56:23,060 [c51a8637-7017-4cf6-9542-b728f68071a8@group-59521DE3EAE1-LeaderElection7] INFO  server.RaftServerConfigKeys (ConfUtils.java:logGet(44)) - raft.server.watch.timeout = 180s (custom)
2021-10-24 12:56:23,060 [c51a8637-7017-4cf6-9542-b728f68071a8@group-59521DE3EAE1-LeaderElection7] INFO  server.RaftServerConfigKeys (ConfUtils.java:logGet(44)) - raft.server.watch.timeout.denomination = 1s (default)
2021-10-24 12:56:23,060 [c51a8637-7017-4cf6-9542-b728f68071a8@group-59521DE3EAE1-LeaderElection7] INFO  server.RaftServerConfigKeys (ConfUtils.java:logGet(44)) - raft.server.watch.element-limit = 65536 (default)
2021-10-24 12:56:23,060 [c51a8637-7017-4cf6-9542-b728f68071a8@group-59521DE3EAE1-LeaderElection7] INFO  server.RaftServerConfigKeys (ConfUtils.java:logGet(44)) - raft.server.write.element-limit = 1024 (custom)
2021-10-24 12:56:23,060 [c51a8637-7017-4cf6-9542-b728f68071a8@group-59521DE3EAE1-LeaderElection7] INFO  server.RaftServerConfigKeys (ConfUtils.java:logGet(44)) - raft.server.write.follower.gap.ratio.max = -1.0 (default)
2021-10-24 12:56:23,060 [c51a8637-7017-4cf6-9542-b728f68071a8@group-59521DE3EAE1-LeaderElection7] INFO  impl.RoleInfo (RoleInfo.java:updateAndGet(130)) - c51a8637-7017-4cf6-9542-b728f68071a8: start c51a8637-7017-4cf6-9542-b728f68071a8@group-59521DE3EAE1-LeaderStateImpl
2021-10-24 12:56:23,060 [c51a8637-7017-4cf6-9542-b728f68071a8@group-59521DE3EAE1-LeaderElection7] INFO  segmented.SegmentedRaftLogWorker (SegmentedRaftLogWorker.java:startLogSegment(394)) - c51a8637-7017-4cf6-9542-b728f68071a8@group-59521DE3EAE1-SegmentedRaftLogWorker: Starting segment from index:0
2021-10-24 12:56:23,061 [grpc-default-executor-3] INFO  server.RaftServer$Division (RaftServerImpl.java:requestVote(1046)) - ab0b9145-2e53-4c25-ad23-cd655fd27dca@group-4A8063BCFFD1: receive requestVote(ELECTION, c51a8637-7017-4cf6-9542-b728f68071a8, group-4A8063BCFFD1, 1, (t:0, i:0))
2021-10-24 12:56:23,062 [grpc-default-executor-3] INFO  impl.VoteContext (VoteContext.java:log(48)) - ab0b9145-2e53-4c25-ad23-cd655fd27dca@group-4A8063BCFFD1-FOLLOWER: accept ELECTION from c51a8637-7017-4cf6-9542-b728f68071a8: our priority 0 <= candidate's priority 0
2021-10-24 12:56:23,062 [grpc-default-executor-3] INFO  server.RaftServer$Division (RaftServerImpl.java:setRole(290)) - ab0b9145-2e53-4c25-ad23-cd655fd27dca@group-4A8063BCFFD1: changes role from  FOLLOWER to FOLLOWER at term 1 for candidate:c51a8637-7017-4cf6-9542-b728f68071a8
2021-10-24 12:56:23,062 [grpc-default-executor-3] INFO  impl.RoleInfo (RoleInfo.java:shutdownFollowerState(108)) - ab0b9145-2e53-4c25-ad23-cd655fd27dca: shutdown ab0b9145-2e53-4c25-ad23-cd655fd27dca@group-4A8063BCFFD1-FollowerState
2021-10-24 12:56:23,062 [c51a8637-7017-4cf6-9542-b728f68071a8@group-59521DE3EAE1-SegmentedRaftLogWorker] INFO  segmented.SegmentedRaftLogWorker (SegmentedRaftLogWorker.java:execute(601)) - c51a8637-7017-4cf6-9542-b728f68071a8@group-59521DE3EAE1-SegmentedRaftLogWorker: created new log segment /home/runner/work/ozone/ozone/hadoop-ozone/integration-test/target/test-dir/MiniOzoneClusterImpl-cd96da87-0819-4dc2-95d7-841b147881f8/datanode-0/data/ratis/6ceb7f10-b1de-41a8-ad93-59521de3eae1/current/log_inprogress_0
2021-10-24 12:56:23,067 [c51a8637-7017-4cf6-9542-b728f68071a8@group-59521DE3EAE1-LeaderElection7] INFO  server.RaftServer$Division (ServerState.java:setRaftConf(387)) - c51a8637-7017-4cf6-9542-b728f68071a8@group-59521DE3EAE1: set configuration 0: [c51a8637-7017-4cf6-9542-b728f68071a8|rpc:10.1.0.40:36541|dataStream:|priority:1], old=null
2021-10-24 12:56:23,068 [grpc-default-executor-3] INFO  impl.RoleInfo (RoleInfo.java:updateAndGet(130)) - ab0b9145-2e53-4c25-ad23-cd655fd27dca: start ab0b9145-2e53-4c25-ad23-cd655fd27dca@group-4A8063BCFFD1-FollowerState
2021-10-24 12:56:23,068 [ab0b9145-2e53-4c25-ad23-cd655fd27dca@group-4A8063BCFFD1-FollowerState] INFO  impl.FollowerState (FollowerState.java:run(143)) - ab0b9145-2e53-4c25-ad23-cd655fd27dca@group-4A8063BCFFD1-FollowerState was interrupted: {}
java.lang.InterruptedException: sleep interrupted
	at java.lang.Thread.sleep(Native Method)
	at java.lang.Thread.sleep(Thread.java:340)
	at java.util.concurrent.TimeUnit.sleep(TimeUnit.java:386)
	at org.apache.ratis.util.TimeDuration.sleep(TimeDuration.java:324)
	at org.apache.ratis.util.TimeDuration.sleep(TimeDuration.java:309)
	at org.apache.ratis.server.impl.FollowerState.run(FollowerState.java:118)
2021-10-24 12:56:23,072 [grpc-default-executor-3] INFO  server.RaftServer$Division (RaftServerImpl.java:requestVote(1078)) - ab0b9145-2e53-4c25-ad23-cd655fd27dca@group-4A8063BCFFD1 replies to ELECTION vote request: c51a8637-7017-4cf6-9542-b728f68071a8<-ab0b9145-2e53-4c25-ad23-cd655fd27dca#0:OK-t1. Peer's state: ab0b9145-2e53-4c25-ad23-cd655fd27dca@group-4A8063BCFFD1:t1, leader=null, voted=c51a8637-7017-4cf6-9542-b728f68071a8, raftlog=ab0b9145-2e53-4c25-ad23-cd655fd27dca@group-4A8063BCFFD1-SegmentedRaftLog:OPENED:c-1, conf=-1: [c51a8637-7017-4cf6-9542-b728f68071a8|rpc:10.1.0.40:36541|dataStream:|priority:0, ab0b9145-2e53-4c25-ad23-cd655fd27dca|rpc:10.1.0.40:42267|dataStream:|priority:0, 021dcb64-0c4e-46dc-94fe-ee9c017f1ba6|rpc:10.1.0.40:35563|dataStream:|priority:1], old=null
2021-10-24 12:56:23,253 [ab0b9145-2e53-4c25-ad23-cd655fd27dca@group-8471111DA32C-FollowerState] INFO  impl.FollowerState (FollowerState.java:run(134)) - ab0b9145-2e53-4c25-ad23-cd655fd27dca@group-8471111DA32C-FollowerState: change to CANDIDATE, lastRpcElapsedTime:5136673945ns, electionTimeout:5135ms
2021-10-24 12:56:23,253 [ab0b9145-2e53-4c25-ad23-cd655fd27dca@group-8471111DA32C-FollowerState] INFO  impl.RoleInfo (RoleInfo.java:shutdownFollowerState(108)) - ab0b9145-2e53-4c25-ad23-cd655fd27dca: shutdown ab0b9145-2e53-4c25-ad23-cd655fd27dca@group-8471111DA32C-FollowerState
2021-10-24 12:56:23,253 [ab0b9145-2e53-4c25-ad23-cd655fd27dca@group-8471111DA32C-FollowerState] INFO  server.RaftServer$Division (RaftServerImpl.java:setRole(290)) - ab0b9145-2e53-4c25-ad23-cd655fd27dca@group-8471111DA32C: changes role from  FOLLOWER to CANDIDATE at term 0 for changeToCandidate
2021-10-24 12:56:23,253 [ab0b9145-2e53-4c25-ad23-cd655fd27dca@group-8471111DA32C-FollowerState] INFO  server.RaftServerConfigKeys (ConfUtils.java:logGet(44)) - raft.server.leaderelection.pre-vote = false (custom)
2021-10-24 12:56:23,253 [ab0b9145-2e53-4c25-ad23-cd655fd27dca@group-8471111DA32C-FollowerState] INFO  impl.RoleInfo (RoleInfo.java:updateAndGet(130)) - ab0b9145-2e53-4c25-ad23-cd655fd27dca: start ab0b9145-2e53-4c25-ad23-cd655fd27dca@group-8471111DA32C-LeaderElection8
2021-10-24 12:56:23,256 [c51a8637-7017-4cf6-9542-b728f68071a8@group-8471111DA32C-FollowerState] INFO  impl.FollowerState (FollowerState.java:run(134)) - c51a8637-7017-4cf6-9542-b728f68071a8@group-8471111DA32C-FollowerState: change to CANDIDATE, lastRpcElapsedTime:5173005735ns, electionTimeout:5172ms
2021-10-24 12:56:23,257 [c51a8637-7017-4cf6-9542-b728f68071a8@group-8471111DA32C-FollowerState] INFO  impl.RoleInfo (RoleInfo.java:shutdownFollowerState(108)) - c51a8637-7017-4cf6-9542-b728f68071a8: shutdown c51a8637-7017-4cf6-9542-b728f68071a8@group-8471111DA32C-FollowerState
2021-10-24 12:56:23,257 [c51a8637-7017-4cf6-9542-b728f68071a8@group-8471111DA32C-FollowerState] INFO  server.RaftServer$Division (RaftServerImpl.java:setRole(290)) - c51a8637-7017-4cf6-9542-b728f68071a8@group-8471111DA32C: changes role from  FOLLOWER to CANDIDATE at term 0 for changeToCandidate
2021-10-24 12:56:23,257 [c51a8637-7017-4cf6-9542-b728f68071a8@group-8471111DA32C-FollowerState] INFO  server.RaftServerConfigKeys (ConfUtils.java:logGet(44)) - raft.server.leaderelection.pre-vote = false (custom)
2021-10-24 12:56:23,257 [c51a8637-7017-4cf6-9542-b728f68071a8@group-8471111DA32C-FollowerState] INFO  impl.RoleInfo (RoleInfo.java:updateAndGet(130)) - c51a8637-7017-4cf6-9542-b728f68071a8: start c51a8637-7017-4cf6-9542-b728f68071a8@group-8471111DA32C-LeaderElection9
2021-10-24 12:56:23,261 [021dcb64-0c4e-46dc-94fe-ee9c017f1ba6@group-8471111DA32C-FollowerState] INFO  impl.FollowerState (FollowerState.java:run(134)) - 021dcb64-0c4e-46dc-94fe-ee9c017f1ba6@group-8471111DA32C-FollowerState: change to CANDIDATE, lastRpcElapsedTime:5113969601ns, electionTimeout:5113ms
2021-10-24 12:56:23,261 [021dcb64-0c4e-46dc-94fe-ee9c017f1ba6@group-8471111DA32C-FollowerState] INFO  impl.RoleInfo (RoleInfo.java:shutdownFollowerState(108)) - 021dcb64-0c4e-46dc-94fe-ee9c017f1ba6: shutdown 021dcb64-0c4e-46dc-94fe-ee9c017f1ba6@group-8471111DA32C-FollowerState
2021-10-24 12:56:23,261 [021dcb64-0c4e-46dc-94fe-ee9c017f1ba6@group-8471111DA32C-FollowerState] INFO  server.RaftServer$Division (RaftServerImpl.java:setRole(290)) - 021dcb64-0c4e-46dc-94fe-ee9c017f1ba6@group-8471111DA32C: changes role from  FOLLOWER to CANDIDATE at term 0 for changeToCandidate
2021-10-24 12:56:23,261 [021dcb64-0c4e-46dc-94fe-ee9c017f1ba6@group-8471111DA32C-FollowerState] INFO  server.RaftServerConfigKeys (ConfUtils.java:logGet(44)) - raft.server.leaderelection.pre-vote = false (custom)
2021-10-24 12:56:23,261 [021dcb64-0c4e-46dc-94fe-ee9c017f1ba6@group-8471111DA32C-FollowerState] INFO  impl.RoleInfo (RoleInfo.java:updateAndGet(130)) - 021dcb64-0c4e-46dc-94fe-ee9c017f1ba6: start 021dcb64-0c4e-46dc-94fe-ee9c017f1ba6@group-8471111DA32C-LeaderElection10
2021-10-24 12:56:23,267 [c51a8637-7017-4cf6-9542-b728f68071a8@group-8471111DA32C-LeaderElection9] INFO  impl.LeaderElection (LeaderElection.java:askForVotes(306)) - c51a8637-7017-4cf6-9542-b728f68071a8@group-8471111DA32C-LeaderElection9 ELECTION round 0: submit vote requests at term 1 for -1: [c51a8637-7017-4cf6-9542-b728f68071a8|rpc:10.1.0.40:36541|priority:0, ab0b9145-2e53-4c25-ad23-cd655fd27dca|rpc:10.1.0.40:42267|priority:1, 021dcb64-0c4e-46dc-94fe-ee9c017f1ba6|rpc:10.1.0.40:35563|priority:0], old=null
2021-10-24 12:56:23,268 [ab0b9145-2e53-4c25-ad23-cd655fd27dca@group-8471111DA32C-LeaderElection8] INFO  impl.LeaderElection (LeaderElection.java:askForVotes(306)) - ab0b9145-2e53-4c25-ad23-cd655fd27dca@group-8471111DA32C-LeaderElection8 ELECTION round 0: submit vote requests at term 1 for -1: [c51a8637-7017-4cf6-9542-b728f68071a8|rpc:10.1.0.40:36541|dataStream:|priority:0, ab0b9145-2e53-4c25-ad23-cd655fd27dca|rpc:10.1.0.40:42267|dataStream:|priority:1, 021dcb64-0c4e-46dc-94fe-ee9c017f1ba6|rpc:10.1.0.40:35563|dataStream:|priority:0], old=null
2021-10-24 12:56:23,276 [grpc-default-executor-3] INFO  server.RaftServer$Division (RaftServerImpl.java:requestVote(1046)) - ab0b9145-2e53-4c25-ad23-cd655fd27dca@group-8471111DA32C: receive requestVote(ELECTION, c51a8637-7017-4cf6-9542-b728f68071a8, group-8471111DA32C, 1, (t:0, i:0))
2021-10-24 12:56:23,276 [grpc-default-executor-3] INFO  impl.VoteContext (VoteContext.java:log(48)) - ab0b9145-2e53-4c25-ad23-cd655fd27dca@group-8471111DA32C-CANDIDATE: reject ELECTION from c51a8637-7017-4cf6-9542-b728f68071a8: already has voted for ab0b9145-2e53-4c25-ad23-cd655fd27dca at current term 1
2021-10-24 12:56:23,276 [grpc-default-executor-3] INFO  server.RaftServer$Division (RaftServerImpl.java:requestVote(1078)) - ab0b9145-2e53-4c25-ad23-cd655fd27dca@group-8471111DA32C replies to ELECTION vote request: c51a8637-7017-4cf6-9542-b728f68071a8<-ab0b9145-2e53-4c25-ad23-cd655fd27dca#0:FAIL-t1. Peer's state: ab0b9145-2e53-4c25-ad23-cd655fd27dca@group-8471111DA32C:t1, leader=null, voted=ab0b9145-2e53-4c25-ad23-cd655fd27dca, raftlog=ab0b9145-2e53-4c25-ad23-cd655fd27dca@group-8471111DA32C-SegmentedRaftLog:OPENED:c-1, conf=-1: [c51a8637-7017-4cf6-9542-b728f68071a8|rpc:10.1.0.40:36541|dataStream:|priority:0, ab0b9145-2e53-4c25-ad23-cd655fd27dca|rpc:10.1.0.40:42267|dataStream:|priority:1, 021dcb64-0c4e-46dc-94fe-ee9c017f1ba6|rpc:10.1.0.40:35563|dataStream:|priority:0], old=null
2021-10-24 12:56:23,277 [021dcb64-0c4e-46dc-94fe-ee9c017f1ba6@group-8471111DA32C-LeaderElection10] INFO  impl.LeaderElection (LeaderElection.java:askForVotes(306)) - 021dcb64-0c4e-46dc-94fe-ee9c017f1ba6@group-8471111DA32C-LeaderElection10 ELECTION round 0: submit vote requests at term 1 for -1: [c51a8637-7017-4cf6-9542-b728f68071a8|rpc:10.1.0.40:36541|dataStream:|priority:0, ab0b9145-2e53-4c25-ad23-cd655fd27dca|rpc:10.1.0.40:42267|dataStream:|priority:1, 021dcb64-0c4e-46dc-94fe-ee9c017f1ba6|rpc:10.1.0.40:35563|dataStream:|priority:0], old=null
2021-10-24 12:56:23,281 [grpc-default-executor-3] INFO  server.RaftServer$Division (RaftServerImpl.java:requestVote(1046)) - 021dcb64-0c4e-46dc-94fe-ee9c017f1ba6@group-8471111DA32C: receive requestVote(ELECTION, c51a8637-7017-4cf6-9542-b728f68071a8, group-8471111DA32C, 1, (t:0, i:0))
2021-10-24 12:56:23,278 [c51a8637-7017-4cf6-9542-b728f68071a8@group-8471111DA32C-LeaderElection9] INFO  impl.LeaderElection (LeaderElection.java:logAndReturn(89)) - c51a8637-7017-4cf6-9542-b728f68071a8@group-8471111DA32C-LeaderElection9: ELECTION REJECTED received 1 response(s) and 0 exception(s):
2021-10-24 12:56:23,283 [grpc-default-executor-3] INFO  impl.VoteContext (VoteContext.java:log(48)) - 021dcb64-0c4e-46dc-94fe-ee9c017f1ba6@group-8471111DA32C-CANDIDATE: reject ELECTION from c51a8637-7017-4cf6-9542-b728f68071a8: already has voted for 021dcb64-0c4e-46dc-94fe-ee9c017f1ba6 at current term 1
2021-10-24 12:56:23,283 [c51a8637-7017-4cf6-9542-b728f68071a8@group-8471111DA32C-LeaderElection9] INFO  impl.LeaderElection (LeaderElection.java:logAndReturn(93)) -   Response 0: c51a8637-7017-4cf6-9542-b728f68071a8<-ab0b9145-2e53-4c25-ad23-cd655fd27dca#0:FAIL-t1
2021-10-24 12:56:23,283 [grpc-default-executor-3] INFO  server.RaftServer$Division (RaftServerImpl.java:requestVote(1078)) - 021dcb64-0c4e-46dc-94fe-ee9c017f1ba6@group-8471111DA32C replies to ELECTION vote request: c51a8637-7017-4cf6-9542-b728f68071a8<-021dcb64-0c4e-46dc-94fe-ee9c017f1ba6#0:FAIL-t1. Peer's state: 021dcb64-0c4e-46dc-94fe-ee9c017f1ba6@group-8471111DA32C:t1, leader=null, voted=021dcb64-0c4e-46dc-94fe-ee9c017f1ba6, raftlog=021dcb64-0c4e-46dc-94fe-ee9c017f1ba6@group-8471111DA32C-SegmentedRaftLog:OPENED:c-1, conf=-1: [c51a8637-7017-4cf6-9542-b728f68071a8|rpc:10.1.0.40:36541|dataStream:|priority:0, ab0b9145-2e53-4c25-ad23-cd655fd27dca|rpc:10.1.0.40:42267|dataStream:|priority:1, 021dcb64-0c4e-46dc-94fe-ee9c017f1ba6|rpc:10.1.0.40:35563|dataStream:|priority:0], old=null
2021-10-24 12:56:23,290 [c51a8637-7017-4cf6-9542-b728f68071a8@group-8471111DA32C-LeaderElection9] INFO  impl.LeaderElection (LeaderElection.java:askForVotes(308)) - c51a8637-7017-4cf6-9542-b728f68071a8@group-8471111DA32C-LeaderElection9 ELECTION round 0: result REJECTED
2021-10-24 12:56:23,290 [c51a8637-7017-4cf6-9542-b728f68071a8@group-8471111DA32C-LeaderElection9] INFO  server.RaftServer$Division (RaftServerImpl.java:setRole(290)) - c51a8637-7017-4cf6-9542-b728f68071a8@group-8471111DA32C: changes role from CANDIDATE to FOLLOWER at term 1 for REJECTED
2021-10-24 12:56:23,290 [c51a8637-7017-4cf6-9542-b728f68071a8@group-8471111DA32C-LeaderElection9] INFO  impl.RoleInfo (RoleInfo.java:shutdownLeaderElection(121)) - c51a8637-7017-4cf6-9542-b728f68071a8: shutdown c51a8637-7017-4cf6-9542-b728f68071a8@group-8471111DA32C-LeaderElection9
2021-10-24 12:56:23,290 [c51a8637-7017-4cf6-9542-b728f68071a8@group-8471111DA32C-LeaderElection9] INFO  impl.RoleInfo (RoleInfo.java:updateAndGet(130)) - c51a8637-7017-4cf6-9542-b728f68071a8: start c51a8637-7017-4cf6-9542-b728f68071a8@group-8471111DA32C-FollowerState
2021-10-24 12:56:23,303 [grpc-default-executor-3] INFO  server.RaftServer$Division (RaftServerImpl.java:requestVote(1046)) - 021dcb64-0c4e-46dc-94fe-ee9c017f1ba6@group-8471111DA32C: receive requestVote(ELECTION, ab0b9145-2e53-4c25-ad23-cd655fd27dca, group-8471111DA32C, 1, (t:0, i:0))
2021-10-24 12:56:23,307 [grpc-default-executor-3] INFO  impl.VoteContext (VoteContext.java:log(48)) - 021dcb64-0c4e-46dc-94fe-ee9c017f1ba6@group-8471111DA32C-CANDIDATE: reject ELECTION from ab0b9145-2e53-4c25-ad23-cd655fd27dca: already has voted for 021dcb64-0c4e-46dc-94fe-ee9c017f1ba6 at current term 1
2021-10-24 12:56:23,307 [grpc-default-executor-0] INFO  server.RaftServer$Division (RaftServerImpl.java:requestVote(1046)) - c51a8637-7017-4cf6-9542-b728f68071a8@group-8471111DA32C: receive requestVote(ELECTION, 021dcb64-0c4e-46dc-94fe-ee9c017f1ba6, group-8471111DA32C, 1, (t:0, i:0))
2021-10-24 12:56:23,307 [grpc-default-executor-0] INFO  impl.VoteContext (VoteContext.java:log(48)) - c51a8637-7017-4cf6-9542-b728f68071a8@group-8471111DA32C-FOLLOWER: reject ELECTION from 021dcb64-0c4e-46dc-94fe-ee9c017f1ba6: already has voted for c51a8637-7017-4cf6-9542-b728f68071a8 at current term 1
2021-10-24 12:56:23,308 [grpc-default-executor-0] INFO  server.RaftServer$Division (RaftServerImpl.java:requestVote(1078)) - c51a8637-7017-4cf6-9542-b728f68071a8@group-8471111DA32C replies to ELECTION vote request: 021dcb64-0c4e-46dc-94fe-ee9c017f1ba6<-c51a8637-7017-4cf6-9542-b728f68071a8#0:FAIL-t1. Peer's state: c51a8637-7017-4cf6-9542-b728f68071a8@group-8471111DA32C:t1, leader=null, voted=c51a8637-7017-4cf6-9542-b728f68071a8, raftlog=c51a8637-7017-4cf6-9542-b728f68071a8@group-8471111DA32C-SegmentedRaftLog:OPENED:c-1, conf=-1: [c51a8637-7017-4cf6-9542-b728f68071a8|rpc:10.1.0.40:36541|priority:0, ab0b9145-2e53-4c25-ad23-cd655fd27dca|rpc:10.1.0.40:42267|priority:1, 021dcb64-0c4e-46dc-94fe-ee9c017f1ba6|rpc:10.1.0.40:35563|priority:0], old=null
2021-10-24 12:56:23,308 [grpc-default-executor-4] INFO  server.RaftServer$Division (RaftServerImpl.java:requestVote(1046)) - c51a8637-7017-4cf6-9542-b728f68071a8@group-8471111DA32C: receive requestVote(ELECTION, ab0b9145-2e53-4c25-ad23-cd655fd27dca, group-8471111DA32C, 1, (t:0, i:0))
2021-10-24 12:56:23,308 [grpc-default-executor-4] INFO  impl.VoteContext (VoteContext.java:log(48)) - c51a8637-7017-4cf6-9542-b728f68071a8@group-8471111DA32C-FOLLOWER: reject ELECTION from ab0b9145-2e53-4c25-ad23-cd655fd27dca: already has voted for c51a8637-7017-4cf6-9542-b728f68071a8 at current term 1
2021-10-24 12:56:23,308 [grpc-default-executor-4] INFO  server.RaftServer$Division (RaftServerImpl.java:requestVote(1078)) - c51a8637-7017-4cf6-9542-b728f68071a8@group-8471111DA32C replies to ELECTION vote request: ab0b9145-2e53-4c25-ad23-cd655fd27dca<-c51a8637-7017-4cf6-9542-b728f68071a8#0:FAIL-t1. Peer's state: c51a8637-7017-4cf6-9542-b728f68071a8@group-8471111DA32C:t1, leader=null, voted=c51a8637-7017-4cf6-9542-b728f68071a8, raftlog=c51a8637-7017-4cf6-9542-b728f68071a8@group-8471111DA32C-SegmentedRaftLog:OPENED:c-1, conf=-1: [c51a8637-7017-4cf6-9542-b728f68071a8|rpc:10.1.0.40:36541|priority:0, ab0b9145-2e53-4c25-ad23-cd655fd27dca|rpc:10.1.0.40:42267|priority:1, 021dcb64-0c4e-46dc-94fe-ee9c017f1ba6|rpc:10.1.0.40:35563|priority:0], old=null
2021-10-24 12:56:23,307 [grpc-default-executor-3] INFO  server.RaftServer$Division (RaftServerImpl.java:requestVote(1078)) - 021dcb64-0c4e-46dc-94fe-ee9c017f1ba6@group-8471111DA32C replies to ELECTION vote request: ab0b9145-2e53-4c25-ad23-cd655fd27dca<-021dcb64-0c4e-46dc-94fe-ee9c017f1ba6#0:FAIL-t1. Peer's state: 021dcb64-0c4e-46dc-94fe-ee9c017f1ba6@group-8471111DA32C:t1, leader=null, voted=021dcb64-0c4e-46dc-94fe-ee9c017f1ba6, raftlog=021dcb64-0c4e-46dc-94fe-ee9c017f1ba6@group-8471111DA32C-SegmentedRaftLog:OPENED:c-1, conf=-1: [c51a8637-7017-4cf6-9542-b728f68071a8|rpc:10.1.0.40:36541|dataStream:|priority:0, ab0b9145-2e53-4c25-ad23-cd655fd27dca|rpc:10.1.0.40:42267|dataStream:|priority:1, 021dcb64-0c4e-46dc-94fe-ee9c017f1ba6|rpc:10.1.0.40:35563|dataStream:|priority:0], old=null
2021-10-24 12:56:23,308 [grpc-default-executor-1] INFO  server.RaftServer$Division (RaftServerImpl.java:requestVote(1046)) - ab0b9145-2e53-4c25-ad23-cd655fd27dca@group-8471111DA32C: receive requestVote(ELECTION, 021dcb64-0c4e-46dc-94fe-ee9c017f1ba6, group-8471111DA32C, 1, (t:0, i:0))
2021-10-24 12:56:23,310 [grpc-default-executor-1] INFO  impl.VoteContext (VoteContext.java:log(48)) - ab0b9145-2e53-4c25-ad23-cd655fd27dca@group-8471111DA32C-CANDIDATE: reject ELECTION from 021dcb64-0c4e-46dc-94fe-ee9c017f1ba6: already has voted for ab0b9145-2e53-4c25-ad23-cd655fd27dca at current term 1
2021-10-24 12:56:23,310 [grpc-default-executor-1] INFO  server.RaftServer$Division (RaftServerImpl.java:requestVote(1078)) - ab0b9145-2e53-4c25-ad23-cd655fd27dca@group-8471111DA32C replies to ELECTION vote request: 021dcb64-0c4e-46dc-94fe-ee9c017f1ba6<-ab0b9145-2e53-4c25-ad23-cd655fd27dca#0:FAIL-t1. Peer's state: ab0b9145-2e53-4c25-ad23-cd655fd27dca@group-8471111DA32C:t1, leader=null, voted=ab0b9145-2e53-4c25-ad23-cd655fd27dca, raftlog=ab0b9145-2e53-4c25-ad23-cd655fd27dca@group-8471111DA32C-SegmentedRaftLog:OPENED:c-1, conf=-1: [c51a8637-7017-4cf6-9542-b728f68071a8|rpc:10.1.0.40:36541|dataStream:|priority:0, ab0b9145-2e53-4c25-ad23-cd655fd27dca|rpc:10.1.0.40:42267|dataStream:|priority:1, 021dcb64-0c4e-46dc-94fe-ee9c017f1ba6|rpc:10.1.0.40:35563|dataStream:|priority:0], old=null
2021-10-24 12:56:23,311 [ab0b9145-2e53-4c25-ad23-cd655fd27dca@group-8471111DA32C-LeaderElection8] INFO  impl.LeaderElection (LeaderElection.java:logAndReturn(89)) - ab0b9145-2e53-4c25-ad23-cd655fd27dca@group-8471111DA32C-LeaderElection8: ELECTION REJECTED received 2 response(s) and 0 exception(s):
2021-10-24 12:56:23,312 [ab0b9145-2e53-4c25-ad23-cd655fd27dca@group-8471111DA32C-LeaderElection8] INFO  impl.LeaderElection (LeaderElection.java:logAndReturn(93)) -   Response 0: ab0b9145-2e53-4c25-ad23-cd655fd27dca<-c51a8637-7017-4cf6-9542-b728f68071a8#0:FAIL-t1
2021-10-24 12:56:23,312 [ab0b9145-2e53-4c25-ad23-cd655fd27dca@group-8471111DA32C-LeaderElection8] INFO  impl.LeaderElection (LeaderElection.java:logAndReturn(93)) -   Response 1: ab0b9145-2e53-4c25-ad23-cd655fd27dca<-021dcb64-0c4e-46dc-94fe-ee9c017f1ba6#0:FAIL-t1
2021-10-24 12:56:23,312 [ab0b9145-2e53-4c25-ad23-cd655fd27dca@group-8471111DA32C-LeaderElection8] INFO  impl.LeaderElection (LeaderElection.java:askForVotes(308)) - ab0b9145-2e53-4c25-ad23-cd655fd27dca@group-8471111DA32C-LeaderElection8 ELECTION round 0: result REJECTED
2021-10-24 12:56:23,312 [ab0b9145-2e53-4c25-ad23-cd655fd27dca@group-8471111DA32C-LeaderElection8] INFO  server.RaftServer$Division (RaftServerImpl.java:setRole(290)) - ab0b9145-2e53-4c25-ad23-cd655fd27dca@group-8471111DA32C: changes role from CANDIDATE to FOLLOWER at term 1 for REJECTED
2021-10-24 12:56:23,312 [ab0b9145-2e53-4c25-ad23-cd655fd27dca@group-8471111DA32C-LeaderElection8] INFO  impl.RoleInfo (RoleInfo.java:shutdownLeaderElection(121)) - ab0b9145-2e53-4c25-ad23-cd655fd27dca: shutdown ab0b9145-2e53-4c25-ad23-cd655fd27dca@group-8471111DA32C-LeaderElection8
2021-10-24 12:56:23,312 [ab0b9145-2e53-4c25-ad23-cd655fd27dca@group-8471111DA32C-LeaderElection8] INFO  impl.RoleInfo (RoleInfo.java:updateAndGet(130)) - ab0b9145-2e53-4c25-ad23-cd655fd27dca: start ab0b9145-2e53-4c25-ad23-cd655fd27dca@group-8471111DA32C-FollowerState
2021-10-24 12:56:23,312 [021dcb64-0c4e-46dc-94fe-ee9c017f1ba6@group-8471111DA32C-LeaderElection10] INFO  impl.LeaderElection (LeaderElection.java:logAndReturn(89)) - 021dcb64-0c4e-46dc-94fe-ee9c017f1ba6@group-8471111DA32C-LeaderElection10: ELECTION REJECTED received 2 response(s) and 0 exception(s):
2021-10-24 12:56:23,313 [021dcb64-0c4e-46dc-94fe-ee9c017f1ba6@group-8471111DA32C-LeaderElection10] INFO  impl.LeaderElection (LeaderElection.java:logAndReturn(93)) -   Response 0: 021dcb64-0c4e-46dc-94fe-ee9c017f1ba6<-c51a8637-7017-4cf6-9542-b728f68071a8#0:FAIL-t1
2021-10-24 12:56:23,313 [021dcb64-0c4e-46dc-94fe-ee9c017f1ba6@group-8471111DA32C-LeaderElection10] INFO  impl.LeaderElection (LeaderElection.java:logAndReturn(93)) -   Response 1: 021dcb64-0c4e-46dc-94fe-ee9c017f1ba6<-ab0b9145-2e53-4c25-ad23-cd655fd27dca#0:FAIL-t1
2021-10-24 12:56:23,313 [021dcb64-0c4e-46dc-94fe-ee9c017f1ba6@group-8471111DA32C-LeaderElection10] INFO  impl.LeaderElection (LeaderElection.java:askForVotes(308)) - 021dcb64-0c4e-46dc-94fe-ee9c017f1ba6@group-8471111DA32C-LeaderElection10 ELECTION round 0: result REJECTED
2021-10-24 12:56:23,314 [021dcb64-0c4e-46dc-94fe-ee9c017f1ba6@group-8471111DA32C-LeaderElection10] INFO  server.RaftServer$Division (RaftServerImpl.java:setRole(290)) - 021dcb64-0c4e-46dc-94fe-ee9c017f1ba6@group-8471111DA32C: changes role from CANDIDATE to FOLLOWER at term 1 for REJECTED
2021-10-24 12:56:23,314 [021dcb64-0c4e-46dc-94fe-ee9c017f1ba6@group-8471111DA32C-LeaderElection10] INFO  impl.RoleInfo (RoleInfo.java:shutdownLeaderElection(121)) - 021dcb64-0c4e-46dc-94fe-ee9c017f1ba6: shutdown 021dcb64-0c4e-46dc-94fe-ee9c017f1ba6@group-8471111DA32C-LeaderElection10
2021-10-24 12:56:23,314 [021dcb64-0c4e-46dc-94fe-ee9c017f1ba6@group-8471111DA32C-LeaderElection10] INFO  impl.RoleInfo (RoleInfo.java:updateAndGet(130)) - 021dcb64-0c4e-46dc-94fe-ee9c017f1ba6: start 021dcb64-0c4e-46dc-94fe-ee9c017f1ba6@group-8471111DA32C-FollowerState
2021-10-24 12:56:23,438 [Listener at 127.0.0.1/13904] INFO  ozone.MiniOzoneClusterImpl (MiniOzoneClusterImpl.java:lambda$waitForClusterToBeReady$0(235)) - Nodes are ready. Got 3 of 3 DN Heartbeats.
2021-10-24 12:56:23,438 [Listener at 127.0.0.1/13904] INFO  ozone.MiniOzoneClusterImpl (MiniOzoneClusterImpl.java:lambda$waitForClusterToBeReady$0(238)) - Waiting for cluster to exit safe mode
2021-10-24 12:56:23,439 [Listener at 127.0.0.1/13904] INFO  ozone.MiniOzoneClusterImpl (MiniOzoneClusterImpl.java:lambda$waitForClusterToBeReady$0(240)) - SCM became leader
2021-10-24 12:56:23,448 [021dcb64-0c4e-46dc-94fe-ee9c017f1ba6@group-35ECF4D7AA44-FollowerState] INFO  impl.FollowerState (FollowerState.java:run(134)) - 021dcb64-0c4e-46dc-94fe-ee9c017f1ba6@group-35ECF4D7AA44-FollowerState: change to CANDIDATE, lastRpcElapsedTime:5182900136ns, electionTimeout:5182ms
2021-10-24 12:56:23,448 [021dcb64-0c4e-46dc-94fe-ee9c017f1ba6@group-35ECF4D7AA44-FollowerState] INFO  impl.RoleInfo (RoleInfo.java:shutdownFollowerState(108)) - 021dcb64-0c4e-46dc-94fe-ee9c017f1ba6: shutdown 021dcb64-0c4e-46dc-94fe-ee9c017f1ba6@group-35ECF4D7AA44-FollowerState
2021-10-24 12:56:23,448 [021dcb64-0c4e-46dc-94fe-ee9c017f1ba6@group-35ECF4D7AA44-FollowerState] INFO  server.RaftServer$Division (RaftServerImpl.java:setRole(290)) - 021dcb64-0c4e-46dc-94fe-ee9c017f1ba6@group-35ECF4D7AA44: changes role from  FOLLOWER to CANDIDATE at term 0 for changeToCandidate
2021-10-24 12:56:23,448 [021dcb64-0c4e-46dc-94fe-ee9c017f1ba6@group-35ECF4D7AA44-FollowerState] INFO  server.RaftServerConfigKeys (ConfUtils.java:logGet(44)) - raft.server.leaderelection.pre-vote = false (custom)
2021-10-24 12:56:23,448 [021dcb64-0c4e-46dc-94fe-ee9c017f1ba6@group-35ECF4D7AA44-FollowerState] INFO  impl.RoleInfo (RoleInfo.java:updateAndGet(130)) - 021dcb64-0c4e-46dc-94fe-ee9c017f1ba6: start 021dcb64-0c4e-46dc-94fe-ee9c017f1ba6@group-35ECF4D7AA44-LeaderElection11
2021-10-24 12:56:23,451 [021dcb64-0c4e-46dc-94fe-ee9c017f1ba6@group-35ECF4D7AA44-LeaderElection11] INFO  impl.LeaderElection (LeaderElection.java:askForVotes(306)) - 021dcb64-0c4e-46dc-94fe-ee9c017f1ba6@group-35ECF4D7AA44-LeaderElection11 ELECTION round 0: submit vote requests at term 1 for -1: [021dcb64-0c4e-46dc-94fe-ee9c017f1ba6|rpc:10.1.0.40:35563|priority:1], old=null
2021-10-24 12:56:23,451 [021dcb64-0c4e-46dc-94fe-ee9c017f1ba6@group-35ECF4D7AA44-LeaderElection11] INFO  impl.LeaderElection (LeaderElection.java:askForVotes(308)) - 021dcb64-0c4e-46dc-94fe-ee9c017f1ba6@group-35ECF4D7AA44-LeaderElection11 ELECTION round 0: result PASSED (term=1)
2021-10-24 12:56:23,451 [021dcb64-0c4e-46dc-94fe-ee9c017f1ba6@group-35ECF4D7AA44-LeaderElection11] INFO  impl.RoleInfo (RoleInfo.java:shutdownLeaderElection(121)) - 021dcb64-0c4e-46dc-94fe-ee9c017f1ba6: shutdown 021dcb64-0c4e-46dc-94fe-ee9c017f1ba6@group-35ECF4D7AA44-LeaderElection11
2021-10-24 12:56:23,452 [021dcb64-0c4e-46dc-94fe-ee9c017f1ba6@group-35ECF4D7AA44-LeaderElection11] INFO  server.RaftServer$Division (RaftServerImpl.java:setRole(290)) - 021dcb64-0c4e-46dc-94fe-ee9c017f1ba6@group-35ECF4D7AA44: changes role from CANDIDATE to LEADER at term 1 for changeToLeader
2021-10-24 12:56:23,452 [021dcb64-0c4e-46dc-94fe-ee9c017f1ba6@group-35ECF4D7AA44-LeaderElection11] INFO  ratis.XceiverServerRatis (XceiverServerRatis.java:handleLeaderChangedNotification(866)) - Leader change notification received for group: group-35ECF4D7AA44 with new leaderId: 021dcb64-0c4e-46dc-94fe-ee9c017f1ba6
2021-10-24 12:56:23,452 [021dcb64-0c4e-46dc-94fe-ee9c017f1ba6@group-35ECF4D7AA44-LeaderElection11] INFO  server.RaftServer$Division (ServerState.java:setLeader(285)) - 021dcb64-0c4e-46dc-94fe-ee9c017f1ba6@group-35ECF4D7AA44: change Leader from null to 021dcb64-0c4e-46dc-94fe-ee9c017f1ba6 at term 1 for becomeLeader, leader elected after 5199ms
2021-10-24 12:56:23,452 [021dcb64-0c4e-46dc-94fe-ee9c017f1ba6@group-35ECF4D7AA44-LeaderElection11] INFO  server.RaftServerConfigKeys (ConfUtils.java:logGet(44)) - raft.server.staging.catchup.gap = 1000 (default)
2021-10-24 12:56:23,453 [EventQueue-OpenPipelineForHealthyPipelineSafeModeRule] INFO  safemode.SCMSafeModeManager (HealthyPipelineSafeModeRule.java:process(124)) - SCM in safe mode. Healthy pipelines reported count is 0, required healthy pipeline reported count is 1
2021-10-24 12:56:23,457 [ab0b9145-2e53-4c25-ad23-cd655fd27dca@group-E57FF4869D39-FollowerState] INFO  impl.FollowerState (FollowerState.java:run(134)) - ab0b9145-2e53-4c25-ad23-cd655fd27dca@group-E57FF4869D39-FollowerState: change to CANDIDATE, lastRpcElapsedTime:5007834154ns, electionTimeout:5007ms
2021-10-24 12:56:23,457 [021dcb64-0c4e-46dc-94fe-ee9c017f1ba6@group-35ECF4D7AA44-LeaderElection11] INFO  server.RaftServerConfigKeys (ConfUtils.java:logGet(44)) - raft.server.write.element-limit = 1024 (custom)
2021-10-24 12:56:23,457 [021dcb64-0c4e-46dc-94fe-ee9c017f1ba6@group-35ECF4D7AA44-LeaderElection11] INFO  server.RaftServerConfigKeys (ConfUtils.java:logGet(44)) - raft.server.write.byte-limit = 1024 M (=1073741824) (custom)
2021-10-24 12:56:23,457 [021dcb64-0c4e-46dc-94fe-ee9c017f1ba6@group-35ECF4D7AA44-LeaderElection11] INFO  server.RaftServerConfigKeys (ConfUtils.java:logGet(44)) - raft.server.watch.timeout = 180s (custom)
2021-10-24 12:56:23,457 [021dcb64-0c4e-46dc-94fe-ee9c017f1ba6@group-35ECF4D7AA44-LeaderElection11] INFO  server.RaftServerConfigKeys (ConfUtils.java:logGet(44)) - raft.server.watch.timeout.denomination = 1s (default)
2021-10-24 12:56:23,457 [021dcb64-0c4e-46dc-94fe-ee9c017f1ba6@group-35ECF4D7AA44-LeaderElection11] INFO  server.RaftServerConfigKeys (ConfUtils.java:logGet(44)) - raft.server.watch.element-limit = 65536 (default)
2021-10-24 12:56:23,458 [021dcb64-0c4e-46dc-94fe-ee9c017f1ba6@group-35ECF4D7AA44-LeaderElection11] INFO  server.RaftServerConfigKeys (ConfUtils.java:logGet(44)) - raft.server.write.element-limit = 1024 (custom)
2021-10-24 12:56:23,458 [021dcb64-0c4e-46dc-94fe-ee9c017f1ba6@group-35ECF4D7AA44-LeaderElection11] INFO  server.RaftServerConfigKeys (ConfUtils.java:logGet(44)) - raft.server.write.follower.gap.ratio.max = -1.0 (default)
2021-10-24 12:56:23,458 [021dcb64-0c4e-46dc-94fe-ee9c017f1ba6@group-35ECF4D7AA44-LeaderElection11] INFO  impl.RoleInfo (RoleInfo.java:updateAndGet(130)) - 021dcb64-0c4e-46dc-94fe-ee9c017f1ba6: start 021dcb64-0c4e-46dc-94fe-ee9c017f1ba6@group-35ECF4D7AA44-LeaderStateImpl
2021-10-24 12:56:23,458 [021dcb64-0c4e-46dc-94fe-ee9c017f1ba6@group-35ECF4D7AA44-LeaderElection11] INFO  segmented.SegmentedRaftLogWorker (SegmentedRaftLogWorker.java:startLogSegment(394)) - 021dcb64-0c4e-46dc-94fe-ee9c017f1ba6@group-35ECF4D7AA44-SegmentedRaftLogWorker: Starting segment from index:0
2021-10-24 12:56:23,457 [ab0b9145-2e53-4c25-ad23-cd655fd27dca@group-E57FF4869D39-FollowerState] INFO  impl.RoleInfo (RoleInfo.java:shutdownFollowerState(108)) - ab0b9145-2e53-4c25-ad23-cd655fd27dca: shutdown ab0b9145-2e53-4c25-ad23-cd655fd27dca@group-E57FF4869D39-FollowerState
2021-10-24 12:56:23,459 [ab0b9145-2e53-4c25-ad23-cd655fd27dca@group-E57FF4869D39-FollowerState] INFO  server.RaftServer$Division (RaftServerImpl.java:setRole(290)) - ab0b9145-2e53-4c25-ad23-cd655fd27dca@group-E57FF4869D39: changes role from  FOLLOWER to CANDIDATE at term 0 for changeToCandidate
2021-10-24 12:56:23,460 [021dcb64-0c4e-46dc-94fe-ee9c017f1ba6@group-35ECF4D7AA44-SegmentedRaftLogWorker] INFO  segmented.SegmentedRaftLogWorker (SegmentedRaftLogWorker.java:execute(601)) - 021dcb64-0c4e-46dc-94fe-ee9c017f1ba6@group-35ECF4D7AA44-SegmentedRaftLogWorker: created new log segment /home/runner/work/ozone/ozone/hadoop-ozone/integration-test/target/test-dir/MiniOzoneClusterImpl-cd96da87-0819-4dc2-95d7-841b147881f8/datanode-1/data/ratis/d1238111-a880-48e2-9024-35ecf4d7aa44/current/log_inprogress_0
2021-10-24 12:56:23,462 [ab0b9145-2e53-4c25-ad23-cd655fd27dca@group-E57FF4869D39-FollowerState] INFO  server.RaftServerConfigKeys (ConfUtils.java:logGet(44)) - raft.server.leaderelection.pre-vote = false (custom)
2021-10-24 12:56:23,467 [ab0b9145-2e53-4c25-ad23-cd655fd27dca@group-E57FF4869D39-FollowerState] INFO  impl.RoleInfo (RoleInfo.java:updateAndGet(130)) - ab0b9145-2e53-4c25-ad23-cd655fd27dca: start ab0b9145-2e53-4c25-ad23-cd655fd27dca@group-E57FF4869D39-LeaderElection12
2021-10-24 12:56:23,467 [021dcb64-0c4e-46dc-94fe-ee9c017f1ba6@group-35ECF4D7AA44-LeaderElection11] INFO  server.RaftServer$Division (ServerState.java:setRaftConf(387)) - 021dcb64-0c4e-46dc-94fe-ee9c017f1ba6@group-35ECF4D7AA44: set configuration 0: [021dcb64-0c4e-46dc-94fe-ee9c017f1ba6|rpc:10.1.0.40:35563|dataStream:|priority:1], old=null
2021-10-24 12:56:23,471 [ab0b9145-2e53-4c25-ad23-cd655fd27dca@group-E57FF4869D39-LeaderElection12] INFO  impl.LeaderElection (LeaderElection.java:askForVotes(306)) - ab0b9145-2e53-4c25-ad23-cd655fd27dca@group-E57FF4869D39-LeaderElection12 ELECTION round 0: submit vote requests at term 1 for -1: [ab0b9145-2e53-4c25-ad23-cd655fd27dca|rpc:10.1.0.40:42267|priority:1], old=null
2021-10-24 12:56:23,471 [ab0b9145-2e53-4c25-ad23-cd655fd27dca@group-E57FF4869D39-LeaderElection12] INFO  impl.LeaderElection (LeaderElection.java:askForVotes(308)) - ab0b9145-2e53-4c25-ad23-cd655fd27dca@group-E57FF4869D39-LeaderElection12 ELECTION round 0: result PASSED (term=1)
2021-10-24 12:56:23,471 [ab0b9145-2e53-4c25-ad23-cd655fd27dca@group-E57FF4869D39-LeaderElection12] INFO  impl.RoleInfo (RoleInfo.java:shutdownLeaderElection(121)) - ab0b9145-2e53-4c25-ad23-cd655fd27dca: shutdown ab0b9145-2e53-4c25-ad23-cd655fd27dca@group-E57FF4869D39-LeaderElection12
2021-10-24 12:56:23,471 [ab0b9145-2e53-4c25-ad23-cd655fd27dca@group-E57FF4869D39-LeaderElection12] INFO  server.RaftServer$Division (RaftServerImpl.java:setRole(290)) - ab0b9145-2e53-4c25-ad23-cd655fd27dca@group-E57FF4869D39: changes role from CANDIDATE to LEADER at term 1 for changeToLeader
2021-10-24 12:56:23,471 [ab0b9145-2e53-4c25-ad23-cd655fd27dca@group-E57FF4869D39-LeaderElection12] INFO  ratis.XceiverServerRatis (XceiverServerRatis.java:handleLeaderChangedNotification(866)) - Leader change notification received for group: group-E57FF4869D39 with new leaderId: ab0b9145-2e53-4c25-ad23-cd655fd27dca
2021-10-24 12:56:23,472 [ab0b9145-2e53-4c25-ad23-cd655fd27dca@group-E57FF4869D39-LeaderElection12] INFO  server.RaftServer$Division (ServerState.java:setLeader(285)) - ab0b9145-2e53-4c25-ad23-cd655fd27dca@group-E57FF4869D39: change Leader from null to ab0b9145-2e53-4c25-ad23-cd655fd27dca at term 1 for becomeLeader, leader elected after 5030ms
2021-10-24 12:56:23,472 [ab0b9145-2e53-4c25-ad23-cd655fd27dca@group-E57FF4869D39-LeaderElection12] INFO  server.RaftServerConfigKeys (ConfUtils.java:logGet(44)) - raft.server.staging.catchup.gap = 1000 (default)
2021-10-24 12:56:23,472 [ab0b9145-2e53-4c25-ad23-cd655fd27dca@group-E57FF4869D39-LeaderElection12] INFO  server.RaftServerConfigKeys (ConfUtils.java:logGet(44)) - raft.server.write.element-limit = 1024 (custom)
2021-10-24 12:56:23,472 [ab0b9145-2e53-4c25-ad23-cd655fd27dca@group-E57FF4869D39-LeaderElection12] INFO  server.RaftServerConfigKeys (ConfUtils.java:logGet(44)) - raft.server.write.byte-limit = 1024 M (=1073741824) (custom)
2021-10-24 12:56:23,472 [ab0b9145-2e53-4c25-ad23-cd655fd27dca@group-E57FF4869D39-LeaderElection12] INFO  server.RaftServerConfigKeys (ConfUtils.java:logGet(44)) - raft.server.watch.timeout = 180s (custom)
2021-10-24 12:56:23,472 [ab0b9145-2e53-4c25-ad23-cd655fd27dca@group-E57FF4869D39-LeaderElection12] INFO  server.RaftServerConfigKeys (ConfUtils.java:logGet(44)) - raft.server.watch.timeout.denomination = 1s (default)
2021-10-24 12:56:23,472 [ab0b9145-2e53-4c25-ad23-cd655fd27dca@group-E57FF4869D39-LeaderElection12] INFO  server.RaftServerConfigKeys (ConfUtils.java:logGet(44)) - raft.server.watch.element-limit = 65536 (default)
2021-10-24 12:56:23,473 [ab0b9145-2e53-4c25-ad23-cd655fd27dca@group-E57FF4869D39-LeaderElection12] INFO  server.RaftServerConfigKeys (ConfUtils.java:logGet(44)) - raft.server.write.element-limit = 1024 (custom)
2021-10-24 12:56:23,473 [ab0b9145-2e53-4c25-ad23-cd655fd27dca@group-E57FF4869D39-LeaderElection12] INFO  server.RaftServerConfigKeys (ConfUtils.java:logGet(44)) - raft.server.write.follower.gap.ratio.max = -1.0 (default)
2021-10-24 12:56:23,473 [ab0b9145-2e53-4c25-ad23-cd655fd27dca@group-E57FF4869D39-LeaderElection12] INFO  impl.RoleInfo (RoleInfo.java:updateAndGet(130)) - ab0b9145-2e53-4c25-ad23-cd655fd27dca: start ab0b9145-2e53-4c25-ad23-cd655fd27dca@group-E57FF4869D39-LeaderStateImpl
2021-10-24 12:56:23,473 [ab0b9145-2e53-4c25-ad23-cd655fd27dca@group-E57FF4869D39-LeaderElection12] INFO  segmented.SegmentedRaftLogWorker (SegmentedRaftLogWorker.java:startLogSegment(394)) - ab0b9145-2e53-4c25-ad23-cd655fd27dca@group-E57FF4869D39-SegmentedRaftLogWorker: Starting segment from index:0
2021-10-24 12:56:23,474 [EventQueue-OpenPipelineForHealthyPipelineSafeModeRule] INFO  safemode.SCMSafeModeManager (HealthyPipelineSafeModeRule.java:process(124)) - SCM in safe mode. Healthy pipelines reported count is 0, required healthy pipeline reported count is 1
2021-10-24 12:56:23,474 [ab0b9145-2e53-4c25-ad23-cd655fd27dca@group-E57FF4869D39-SegmentedRaftLogWorker] INFO  segmented.SegmentedRaftLogWorker (SegmentedRaftLogWorker.java:execute(601)) - ab0b9145-2e53-4c25-ad23-cd655fd27dca@group-E57FF4869D39-SegmentedRaftLogWorker: created new log segment /home/runner/work/ozone/ozone/hadoop-ozone/integration-test/target/test-dir/MiniOzoneClusterImpl-cd96da87-0819-4dc2-95d7-841b147881f8/datanode-2/data/ratis/23512b19-95f0-4c35-af52-e57ff4869d39/current/log_inprogress_0
2021-10-24 12:56:23,479 [ab0b9145-2e53-4c25-ad23-cd655fd27dca@group-E57FF4869D39-LeaderElection12] INFO  server.RaftServer$Division (ServerState.java:setRaftConf(387)) - ab0b9145-2e53-4c25-ad23-cd655fd27dca@group-E57FF4869D39: set configuration 0: [ab0b9145-2e53-4c25-ad23-cd655fd27dca|rpc:10.1.0.40:42267|dataStream:|priority:1], old=null
2021-10-24 12:56:24,439 [Listener at 127.0.0.1/13904] INFO  ozone.MiniOzoneClusterImpl (MiniOzoneClusterImpl.java:lambda$waitForClusterToBeReady$0(235)) - Nodes are ready. Got 3 of 3 DN Heartbeats.
2021-10-24 12:56:24,439 [Listener at 127.0.0.1/13904] INFO  ozone.MiniOzoneClusterImpl (MiniOzoneClusterImpl.java:lambda$waitForClusterToBeReady$0(238)) - Waiting for cluster to exit safe mode
2021-10-24 12:56:24,439 [Listener at 127.0.0.1/13904] INFO  ozone.MiniOzoneClusterImpl (MiniOzoneClusterImpl.java:lambda$waitForClusterToBeReady$0(240)) - SCM became leader
2021-10-24 12:56:25,439 [Listener at 127.0.0.1/13904] INFO  ozone.MiniOzoneClusterImpl (MiniOzoneClusterImpl.java:lambda$waitForClusterToBeReady$0(235)) - Nodes are ready. Got 3 of 3 DN Heartbeats.
2021-10-24 12:56:25,440 [Listener at 127.0.0.1/13904] INFO  ozone.MiniOzoneClusterImpl (MiniOzoneClusterImpl.java:lambda$waitForClusterToBeReady$0(238)) - Waiting for cluster to exit safe mode
2021-10-24 12:56:25,440 [Listener at 127.0.0.1/13904] INFO  ozone.MiniOzoneClusterImpl (MiniOzoneClusterImpl.java:lambda$waitForClusterToBeReady$0(240)) - SCM became leader
2021-10-24 12:56:26,440 [Listener at 127.0.0.1/13904] INFO  ozone.MiniOzoneClusterImpl (MiniOzoneClusterImpl.java:lambda$waitForClusterToBeReady$0(235)) - Nodes are ready. Got 3 of 3 DN Heartbeats.
2021-10-24 12:56:26,440 [Listener at 127.0.0.1/13904] INFO  ozone.MiniOzoneClusterImpl (MiniOzoneClusterImpl.java:lambda$waitForClusterToBeReady$0(238)) - Waiting for cluster to exit safe mode
2021-10-24 12:56:26,441 [Listener at 127.0.0.1/13904] INFO  ozone.MiniOzoneClusterImpl (MiniOzoneClusterImpl.java:lambda$waitForClusterToBeReady$0(240)) - SCM became leader
2021-10-24 12:56:27,441 [Listener at 127.0.0.1/13904] INFO  ozone.MiniOzoneClusterImpl (MiniOzoneClusterImpl.java:lambda$waitForClusterToBeReady$0(235)) - Nodes are ready. Got 3 of 3 DN Heartbeats.
2021-10-24 12:56:27,441 [Listener at 127.0.0.1/13904] INFO  ozone.MiniOzoneClusterImpl (MiniOzoneClusterImpl.java:lambda$waitForClusterToBeReady$0(238)) - Waiting for cluster to exit safe mode
2021-10-24 12:56:27,441 [Listener at 127.0.0.1/13904] INFO  ozone.MiniOzoneClusterImpl (MiniOzoneClusterImpl.java:lambda$waitForClusterToBeReady$0(240)) - SCM became leader
2021-10-24 12:56:28,115 [c51a8637-7017-4cf6-9542-b728f68071a8@group-4A8063BCFFD1-FollowerState] INFO  impl.FollowerState (FollowerState.java:run(134)) - c51a8637-7017-4cf6-9542-b728f68071a8@group-4A8063BCFFD1-FollowerState: change to CANDIDATE, lastRpcElapsedTime:5061361294ns, electionTimeout:5056ms
2021-10-24 12:56:28,115 [c51a8637-7017-4cf6-9542-b728f68071a8@group-4A8063BCFFD1-FollowerState] INFO  impl.RoleInfo (RoleInfo.java:shutdownFollowerState(108)) - c51a8637-7017-4cf6-9542-b728f68071a8: shutdown c51a8637-7017-4cf6-9542-b728f68071a8@group-4A8063BCFFD1-FollowerState
2021-10-24 12:56:28,115 [c51a8637-7017-4cf6-9542-b728f68071a8@group-4A8063BCFFD1-FollowerState] INFO  server.RaftServer$Division (RaftServerImpl.java:setRole(290)) - c51a8637-7017-4cf6-9542-b728f68071a8@group-4A8063BCFFD1: changes role from  FOLLOWER to CANDIDATE at term 1 for changeToCandidate
2021-10-24 12:56:28,116 [c51a8637-7017-4cf6-9542-b728f68071a8@group-4A8063BCFFD1-FollowerState] INFO  server.RaftServerConfigKeys (ConfUtils.java:logGet(44)) - raft.server.leaderelection.pre-vote = false (custom)
2021-10-24 12:56:28,116 [c51a8637-7017-4cf6-9542-b728f68071a8@group-4A8063BCFFD1-FollowerState] INFO  impl.RoleInfo (RoleInfo.java:updateAndGet(130)) - c51a8637-7017-4cf6-9542-b728f68071a8: start c51a8637-7017-4cf6-9542-b728f68071a8@group-4A8063BCFFD1-LeaderElection13
2021-10-24 12:56:28,120 [c51a8637-7017-4cf6-9542-b728f68071a8@group-4A8063BCFFD1-LeaderElection13] INFO  impl.LeaderElection (LeaderElection.java:askForVotes(306)) - c51a8637-7017-4cf6-9542-b728f68071a8@group-4A8063BCFFD1-LeaderElection13 ELECTION round 0: submit vote requests at term 2 for -1: [c51a8637-7017-4cf6-9542-b728f68071a8|rpc:10.1.0.40:36541|priority:0, ab0b9145-2e53-4c25-ad23-cd655fd27dca|rpc:10.1.0.40:42267|priority:0, 021dcb64-0c4e-46dc-94fe-ee9c017f1ba6|rpc:10.1.0.40:35563|priority:1], old=null
2021-10-24 12:56:28,131 [grpc-default-executor-1] INFO  server.RaftServer$Division (RaftServerImpl.java:requestVote(1046)) - ab0b9145-2e53-4c25-ad23-cd655fd27dca@group-4A8063BCFFD1: receive requestVote(ELECTION, c51a8637-7017-4cf6-9542-b728f68071a8, group-4A8063BCFFD1, 2, (t:0, i:0))
2021-10-24 12:56:28,132 [grpc-default-executor-1] INFO  impl.VoteContext (VoteContext.java:log(48)) - ab0b9145-2e53-4c25-ad23-cd655fd27dca@group-4A8063BCFFD1-FOLLOWER: accept ELECTION from c51a8637-7017-4cf6-9542-b728f68071a8: our priority 0 <= candidate's priority 0
2021-10-24 12:56:28,132 [grpc-default-executor-1] INFO  server.RaftServer$Division (RaftServerImpl.java:setRole(290)) - ab0b9145-2e53-4c25-ad23-cd655fd27dca@group-4A8063BCFFD1: changes role from  FOLLOWER to FOLLOWER at term 2 for candidate:c51a8637-7017-4cf6-9542-b728f68071a8
2021-10-24 12:56:28,132 [grpc-default-executor-1] INFO  impl.RoleInfo (RoleInfo.java:shutdownFollowerState(108)) - ab0b9145-2e53-4c25-ad23-cd655fd27dca: shutdown ab0b9145-2e53-4c25-ad23-cd655fd27dca@group-4A8063BCFFD1-FollowerState
2021-10-24 12:56:28,132 [grpc-default-executor-1] INFO  impl.RoleInfo (RoleInfo.java:updateAndGet(130)) - ab0b9145-2e53-4c25-ad23-cd655fd27dca: start ab0b9145-2e53-4c25-ad23-cd655fd27dca@group-4A8063BCFFD1-FollowerState
2021-10-24 12:56:28,132 [ab0b9145-2e53-4c25-ad23-cd655fd27dca@group-4A8063BCFFD1-FollowerState] INFO  impl.FollowerState (FollowerState.java:run(143)) - ab0b9145-2e53-4c25-ad23-cd655fd27dca@group-4A8063BCFFD1-FollowerState was interrupted: {}
java.lang.InterruptedException: sleep interrupted
	at java.lang.Thread.sleep(Native Method)
	at java.lang.Thread.sleep(Thread.java:340)
	at java.util.concurrent.TimeUnit.sleep(TimeUnit.java:386)
	at org.apache.ratis.util.TimeDuration.sleep(TimeDuration.java:324)
	at org.apache.ratis.util.TimeDuration.sleep(TimeDuration.java:309)
	at org.apache.ratis.server.impl.FollowerState.run(FollowerState.java:118)
2021-10-24 12:56:28,136 [021dcb64-0c4e-46dc-94fe-ee9c017f1ba6@group-4A8063BCFFD1-FollowerState] INFO  impl.FollowerState (FollowerState.java:run(134)) - 021dcb64-0c4e-46dc-94fe-ee9c017f1ba6@group-4A8063BCFFD1-FollowerState: change to CANDIDATE, lastRpcElapsedTime:5091735819ns, electionTimeout:5081ms
2021-10-24 12:56:28,136 [021dcb64-0c4e-46dc-94fe-ee9c017f1ba6@group-4A8063BCFFD1-FollowerState] INFO  impl.RoleInfo (RoleInfo.java:shutdownFollowerState(108)) - 021dcb64-0c4e-46dc-94fe-ee9c017f1ba6: shutdown 021dcb64-0c4e-46dc-94fe-ee9c017f1ba6@group-4A8063BCFFD1-FollowerState
2021-10-24 12:56:28,136 [021dcb64-0c4e-46dc-94fe-ee9c017f1ba6@group-4A8063BCFFD1-FollowerState] INFO  server.RaftServer$Division (RaftServerImpl.java:setRole(290)) - 021dcb64-0c4e-46dc-94fe-ee9c017f1ba6@group-4A8063BCFFD1: changes role from  FOLLOWER to CANDIDATE at term 1 for changeToCandidate
2021-10-24 12:56:28,136 [021dcb64-0c4e-46dc-94fe-ee9c017f1ba6@group-4A8063BCFFD1-FollowerState] INFO  server.RaftServerConfigKeys (ConfUtils.java:logGet(44)) - raft.server.leaderelection.pre-vote = false (custom)
2021-10-24 12:56:28,136 [021dcb64-0c4e-46dc-94fe-ee9c017f1ba6@group-4A8063BCFFD1-FollowerState] INFO  impl.RoleInfo (RoleInfo.java:updateAndGet(130)) - 021dcb64-0c4e-46dc-94fe-ee9c017f1ba6: start 021dcb64-0c4e-46dc-94fe-ee9c017f1ba6@group-4A8063BCFFD1-LeaderElection14
2021-10-24 12:56:28,138 [grpc-default-executor-3] INFO  server.RaftServer$Division (RaftServerImpl.java:requestVote(1046)) - 021dcb64-0c4e-46dc-94fe-ee9c017f1ba6@group-4A8063BCFFD1: receive requestVote(ELECTION, c51a8637-7017-4cf6-9542-b728f68071a8, group-4A8063BCFFD1, 2, (t:0, i:0))
2021-10-24 12:56:28,138 [grpc-default-executor-3] INFO  impl.VoteContext (VoteContext.java:log(48)) - 021dcb64-0c4e-46dc-94fe-ee9c017f1ba6@group-4A8063BCFFD1-CANDIDATE: reject ELECTION from c51a8637-7017-4cf6-9542-b728f68071a8: our priority 1 > candidate's priority 0
2021-10-24 12:56:28,138 [grpc-default-executor-3] INFO  server.RaftServer$Division (RaftServerImpl.java:setRole(290)) - 021dcb64-0c4e-46dc-94fe-ee9c017f1ba6@group-4A8063BCFFD1: changes role from CANDIDATE to FOLLOWER at term 2 for candidate:c51a8637-7017-4cf6-9542-b728f68071a8
2021-10-24 12:56:28,138 [grpc-default-executor-3] INFO  impl.RoleInfo (RoleInfo.java:shutdownLeaderElection(121)) - 021dcb64-0c4e-46dc-94fe-ee9c017f1ba6: shutdown 021dcb64-0c4e-46dc-94fe-ee9c017f1ba6@group-4A8063BCFFD1-LeaderElection14
2021-10-24 12:56:28,138 [grpc-default-executor-3] INFO  impl.RoleInfo (RoleInfo.java:updateAndGet(130)) - 021dcb64-0c4e-46dc-94fe-ee9c017f1ba6: start 021dcb64-0c4e-46dc-94fe-ee9c017f1ba6@group-4A8063BCFFD1-FollowerState
2021-10-24 12:56:28,138 [grpc-default-executor-1] INFO  server.RaftServer$Division (RaftServerImpl.java:requestVote(1078)) - ab0b9145-2e53-4c25-ad23-cd655fd27dca@group-4A8063BCFFD1 replies to ELECTION vote request: c51a8637-7017-4cf6-9542-b728f68071a8<-ab0b9145-2e53-4c25-ad23-cd655fd27dca#0:OK-t2. Peer's state: ab0b9145-2e53-4c25-ad23-cd655fd27dca@group-4A8063BCFFD1:t2, leader=null, voted=c51a8637-7017-4cf6-9542-b728f68071a8, raftlog=ab0b9145-2e53-4c25-ad23-cd655fd27dca@group-4A8063BCFFD1-SegmentedRaftLog:OPENED:c-1, conf=-1: [c51a8637-7017-4cf6-9542-b728f68071a8|rpc:10.1.0.40:36541|dataStream:|priority:0, ab0b9145-2e53-4c25-ad23-cd655fd27dca|rpc:10.1.0.40:42267|dataStream:|priority:0, 021dcb64-0c4e-46dc-94fe-ee9c017f1ba6|rpc:10.1.0.40:35563|dataStream:|priority:1], old=null
2021-10-24 12:56:28,140 [grpc-default-executor-3] INFO  server.RaftServer$Division (RaftServerImpl.java:requestVote(1078)) - 021dcb64-0c4e-46dc-94fe-ee9c017f1ba6@group-4A8063BCFFD1 replies to ELECTION vote request: c51a8637-7017-4cf6-9542-b728f68071a8<-021dcb64-0c4e-46dc-94fe-ee9c017f1ba6#0:FAIL-t2. Peer's state: 021dcb64-0c4e-46dc-94fe-ee9c017f1ba6@group-4A8063BCFFD1:t2, leader=null, voted=null, raftlog=021dcb64-0c4e-46dc-94fe-ee9c017f1ba6@group-4A8063BCFFD1-SegmentedRaftLog:OPENED:c-1, conf=-1: [c51a8637-7017-4cf6-9542-b728f68071a8|rpc:10.1.0.40:36541|dataStream:|priority:0, ab0b9145-2e53-4c25-ad23-cd655fd27dca|rpc:10.1.0.40:42267|dataStream:|priority:0, 021dcb64-0c4e-46dc-94fe-ee9c017f1ba6|rpc:10.1.0.40:35563|dataStream:|priority:1], old=null
2021-10-24 12:56:28,143 [c51a8637-7017-4cf6-9542-b728f68071a8@group-4A8063BCFFD1-LeaderElection13] INFO  impl.LeaderElection (LeaderElection.java:logAndReturn(89)) - c51a8637-7017-4cf6-9542-b728f68071a8@group-4A8063BCFFD1-LeaderElection13: ELECTION REJECTED received 2 response(s) and 0 exception(s):
2021-10-24 12:56:28,145 [c51a8637-7017-4cf6-9542-b728f68071a8@group-4A8063BCFFD1-LeaderElection13] INFO  impl.LeaderElection (LeaderElection.java:logAndReturn(93)) -   Response 0: c51a8637-7017-4cf6-9542-b728f68071a8<-ab0b9145-2e53-4c25-ad23-cd655fd27dca#0:OK-t2
2021-10-24 12:56:28,145 [c51a8637-7017-4cf6-9542-b728f68071a8@group-4A8063BCFFD1-LeaderElection13] INFO  impl.LeaderElection (LeaderElection.java:logAndReturn(93)) -   Response 1: c51a8637-7017-4cf6-9542-b728f68071a8<-021dcb64-0c4e-46dc-94fe-ee9c017f1ba6#0:FAIL-t2
2021-10-24 12:56:28,145 [c51a8637-7017-4cf6-9542-b728f68071a8@group-4A8063BCFFD1-LeaderElection13] INFO  impl.LeaderElection (LeaderElection.java:askForVotes(308)) - c51a8637-7017-4cf6-9542-b728f68071a8@group-4A8063BCFFD1-LeaderElection13 ELECTION round 0: result REJECTED
2021-10-24 12:56:28,146 [c51a8637-7017-4cf6-9542-b728f68071a8@group-4A8063BCFFD1-LeaderElection13] INFO  server.RaftServer$Division (RaftServerImpl.java:setRole(290)) - c51a8637-7017-4cf6-9542-b728f68071a8@group-4A8063BCFFD1: changes role from CANDIDATE to FOLLOWER at term 2 for REJECTED
2021-10-24 12:56:28,146 [c51a8637-7017-4cf6-9542-b728f68071a8@group-4A8063BCFFD1-LeaderElection13] INFO  impl.RoleInfo (RoleInfo.java:shutdownLeaderElection(121)) - c51a8637-7017-4cf6-9542-b728f68071a8: shutdown c51a8637-7017-4cf6-9542-b728f68071a8@group-4A8063BCFFD1-LeaderElection13
2021-10-24 12:56:28,146 [c51a8637-7017-4cf6-9542-b728f68071a8@group-4A8063BCFFD1-LeaderElection13] INFO  impl.RoleInfo (RoleInfo.java:updateAndGet(130)) - c51a8637-7017-4cf6-9542-b728f68071a8: start c51a8637-7017-4cf6-9542-b728f68071a8@group-4A8063BCFFD1-FollowerState
2021-10-24 12:56:28,418 [021dcb64-0c4e-46dc-94fe-ee9c017f1ba6@group-8471111DA32C-FollowerState] INFO  impl.FollowerState (FollowerState.java:run(134)) - 021dcb64-0c4e-46dc-94fe-ee9c017f1ba6@group-8471111DA32C-FollowerState: change to CANDIDATE, lastRpcElapsedTime:5103927843ns, electionTimeout:5098ms
2021-10-24 12:56:28,419 [021dcb64-0c4e-46dc-94fe-ee9c017f1ba6@group-8471111DA32C-FollowerState] INFO  impl.RoleInfo (RoleInfo.java:shutdownFollowerState(108)) - 021dcb64-0c4e-46dc-94fe-ee9c017f1ba6: shutdown 021dcb64-0c4e-46dc-94fe-ee9c017f1ba6@group-8471111DA32C-FollowerState
2021-10-24 12:56:28,419 [021dcb64-0c4e-46dc-94fe-ee9c017f1ba6@group-8471111DA32C-FollowerState] INFO  server.RaftServer$Division (RaftServerImpl.java:setRole(290)) - 021dcb64-0c4e-46dc-94fe-ee9c017f1ba6@group-8471111DA32C: changes role from  FOLLOWER to CANDIDATE at term 1 for changeToCandidate
2021-10-24 12:56:28,419 [021dcb64-0c4e-46dc-94fe-ee9c017f1ba6@group-8471111DA32C-FollowerState] INFO  server.RaftServerConfigKeys (ConfUtils.java:logGet(44)) - raft.server.leaderelection.pre-vote = false (custom)
2021-10-24 12:56:28,419 [021dcb64-0c4e-46dc-94fe-ee9c017f1ba6@group-8471111DA32C-FollowerState] INFO  impl.RoleInfo (RoleInfo.java:updateAndGet(130)) - 021dcb64-0c4e-46dc-94fe-ee9c017f1ba6: start 021dcb64-0c4e-46dc-94fe-ee9c017f1ba6@group-8471111DA32C-LeaderElection15
2021-10-24 12:56:28,422 [021dcb64-0c4e-46dc-94fe-ee9c017f1ba6@group-8471111DA32C-LeaderElection15] INFO  impl.LeaderElection (LeaderElection.java:askForVotes(306)) - 021dcb64-0c4e-46dc-94fe-ee9c017f1ba6@group-8471111DA32C-LeaderElection15 ELECTION round 0: submit vote requests at term 2 for -1: [c51a8637-7017-4cf6-9542-b728f68071a8|rpc:10.1.0.40:36541|dataStream:|priority:0, ab0b9145-2e53-4c25-ad23-cd655fd27dca|rpc:10.1.0.40:42267|dataStream:|priority:1, 021dcb64-0c4e-46dc-94fe-ee9c017f1ba6|rpc:10.1.0.40:35563|dataStream:|priority:0], old=null
2021-10-24 12:56:28,430 [grpc-default-executor-1] INFO  server.RaftServer$Division (RaftServerImpl.java:requestVote(1046)) - ab0b9145-2e53-4c25-ad23-cd655fd27dca@group-8471111DA32C: receive requestVote(ELECTION, 021dcb64-0c4e-46dc-94fe-ee9c017f1ba6, group-8471111DA32C, 2, (t:0, i:0))
2021-10-24 12:56:28,430 [grpc-default-executor-3] INFO  server.RaftServer$Division (RaftServerImpl.java:requestVote(1046)) - c51a8637-7017-4cf6-9542-b728f68071a8@group-8471111DA32C: receive requestVote(ELECTION, 021dcb64-0c4e-46dc-94fe-ee9c017f1ba6, group-8471111DA32C, 2, (t:0, i:0))
2021-10-24 12:56:28,432 [grpc-default-executor-3] INFO  impl.VoteContext (VoteContext.java:log(48)) - c51a8637-7017-4cf6-9542-b728f68071a8@group-8471111DA32C-FOLLOWER: accept ELECTION from 021dcb64-0c4e-46dc-94fe-ee9c017f1ba6: our priority 0 <= candidate's priority 0
2021-10-24 12:56:28,432 [grpc-default-executor-3] INFO  server.RaftServer$Division (RaftServerImpl.java:setRole(290)) - c51a8637-7017-4cf6-9542-b728f68071a8@group-8471111DA32C: changes role from  FOLLOWER to FOLLOWER at term 2 for candidate:021dcb64-0c4e-46dc-94fe-ee9c017f1ba6
2021-10-24 12:56:28,432 [grpc-default-executor-3] INFO  impl.RoleInfo (RoleInfo.java:shutdownFollowerState(108)) - c51a8637-7017-4cf6-9542-b728f68071a8: shutdown c51a8637-7017-4cf6-9542-b728f68071a8@group-8471111DA32C-FollowerState
2021-10-24 12:56:28,432 [grpc-default-executor-3] INFO  impl.RoleInfo (RoleInfo.java:updateAndGet(130)) - c51a8637-7017-4cf6-9542-b728f68071a8: start c51a8637-7017-4cf6-9542-b728f68071a8@group-8471111DA32C-FollowerState
2021-10-24 12:56:28,432 [grpc-default-executor-1] INFO  impl.VoteContext (VoteContext.java:log(48)) - ab0b9145-2e53-4c25-ad23-cd655fd27dca@group-8471111DA32C-FOLLOWER: reject ELECTION from 021dcb64-0c4e-46dc-94fe-ee9c017f1ba6: our priority 1 > candidate's priority 0
2021-10-24 12:56:28,432 [c51a8637-7017-4cf6-9542-b728f68071a8@group-8471111DA32C-FollowerState] INFO  impl.FollowerState (FollowerState.java:run(143)) - c51a8637-7017-4cf6-9542-b728f68071a8@group-8471111DA32C-FollowerState was interrupted: {}
java.lang.InterruptedException: sleep interrupted
	at java.lang.Thread.sleep(Native Method)
	at java.lang.Thread.sleep(Thread.java:340)
	at java.util.concurrent.TimeUnit.sleep(TimeUnit.java:386)
	at org.apache.ratis.util.TimeDuration.sleep(TimeDuration.java:324)
	at org.apache.ratis.util.TimeDuration.sleep(TimeDuration.java:309)
	at org.apache.ratis.server.impl.FollowerState.run(FollowerState.java:118)
2021-10-24 12:56:28,433 [grpc-default-executor-1] INFO  server.RaftServer$Division (RaftServerImpl.java:setRole(290)) - ab0b9145-2e53-4c25-ad23-cd655fd27dca@group-8471111DA32C: changes role from  FOLLOWER to FOLLOWER at term 2 for candidate:021dcb64-0c4e-46dc-94fe-ee9c017f1ba6
2021-10-24 12:56:28,434 [grpc-default-executor-1] INFO  impl.RoleInfo (RoleInfo.java:shutdownFollowerState(108)) - ab0b9145-2e53-4c25-ad23-cd655fd27dca: shutdown ab0b9145-2e53-4c25-ad23-cd655fd27dca@group-8471111DA32C-FollowerState
2021-10-24 12:56:28,434 [grpc-default-executor-1] INFO  impl.RoleInfo (RoleInfo.java:updateAndGet(130)) - ab0b9145-2e53-4c25-ad23-cd655fd27dca: start ab0b9145-2e53-4c25-ad23-cd655fd27dca@group-8471111DA32C-FollowerState
2021-10-24 12:56:28,434 [grpc-default-executor-3] INFO  server.RaftServer$Division (RaftServerImpl.java:requestVote(1078)) - c51a8637-7017-4cf6-9542-b728f68071a8@group-8471111DA32C replies to ELECTION vote request: 021dcb64-0c4e-46dc-94fe-ee9c017f1ba6<-c51a8637-7017-4cf6-9542-b728f68071a8#0:OK-t2. Peer's state: c51a8637-7017-4cf6-9542-b728f68071a8@group-8471111DA32C:t2, leader=null, voted=021dcb64-0c4e-46dc-94fe-ee9c017f1ba6, raftlog=c51a8637-7017-4cf6-9542-b728f68071a8@group-8471111DA32C-SegmentedRaftLog:OPENED:c-1, conf=-1: [c51a8637-7017-4cf6-9542-b728f68071a8|rpc:10.1.0.40:36541|priority:0, ab0b9145-2e53-4c25-ad23-cd655fd27dca|rpc:10.1.0.40:42267|priority:1, 021dcb64-0c4e-46dc-94fe-ee9c017f1ba6|rpc:10.1.0.40:35563|priority:0], old=null
2021-10-24 12:56:28,434 [ab0b9145-2e53-4c25-ad23-cd655fd27dca@group-8471111DA32C-FollowerState] INFO  impl.FollowerState (FollowerState.java:run(143)) - ab0b9145-2e53-4c25-ad23-cd655fd27dca@group-8471111DA32C-FollowerState was interrupted: {}
java.lang.InterruptedException: sleep interrupted
	at java.lang.Thread.sleep(Native Method)
	at java.lang.Thread.sleep(Thread.java:340)
	at java.util.concurrent.TimeUnit.sleep(TimeUnit.java:386)
	at org.apache.ratis.util.TimeDuration.sleep(TimeDuration.java:324)
	at org.apache.ratis.util.TimeDuration.sleep(TimeDuration.java:309)
	at org.apache.ratis.server.impl.FollowerState.run(FollowerState.java:118)
2021-10-24 12:56:28,441 [Listener at 127.0.0.1/13904] INFO  ozone.MiniOzoneClusterImpl (MiniOzoneClusterImpl.java:lambda$waitForClusterToBeReady$0(235)) - Nodes are ready. Got 3 of 3 DN Heartbeats.
2021-10-24 12:56:28,442 [Listener at 127.0.0.1/13904] INFO  ozone.MiniOzoneClusterImpl (MiniOzoneClusterImpl.java:lambda$waitForClusterToBeReady$0(238)) - Waiting for cluster to exit safe mode
2021-10-24 12:56:28,442 [Listener at 127.0.0.1/13904] INFO  ozone.MiniOzoneClusterImpl (MiniOzoneClusterImpl.java:lambda$waitForClusterToBeReady$0(240)) - SCM became leader
2021-10-24 12:56:28,442 [grpc-default-executor-1] INFO  server.RaftServer$Division (RaftServerImpl.java:requestVote(1078)) - ab0b9145-2e53-4c25-ad23-cd655fd27dca@group-8471111DA32C replies to ELECTION vote request: 021dcb64-0c4e-46dc-94fe-ee9c017f1ba6<-ab0b9145-2e53-4c25-ad23-cd655fd27dca#0:FAIL-t2. Peer's state: ab0b9145-2e53-4c25-ad23-cd655fd27dca@group-8471111DA32C:t2, leader=null, voted=null, raftlog=ab0b9145-2e53-4c25-ad23-cd655fd27dca@group-8471111DA32C-SegmentedRaftLog:OPENED:c-1, conf=-1: [c51a8637-7017-4cf6-9542-b728f68071a8|rpc:10.1.0.40:36541|dataStream:|priority:0, ab0b9145-2e53-4c25-ad23-cd655fd27dca|rpc:10.1.0.40:42267|dataStream:|priority:1, 021dcb64-0c4e-46dc-94fe-ee9c017f1ba6|rpc:10.1.0.40:35563|dataStream:|priority:0], old=null
2021-10-24 12:56:28,444 [021dcb64-0c4e-46dc-94fe-ee9c017f1ba6@group-8471111DA32C-LeaderElection15] INFO  impl.LeaderElection (LeaderElection.java:logAndReturn(89)) - 021dcb64-0c4e-46dc-94fe-ee9c017f1ba6@group-8471111DA32C-LeaderElection15: ELECTION REJECTED received 2 response(s) and 0 exception(s):
2021-10-24 12:56:28,444 [021dcb64-0c4e-46dc-94fe-ee9c017f1ba6@group-8471111DA32C-LeaderElection15] INFO  impl.LeaderElection (LeaderElection.java:logAndReturn(93)) -   Response 0: 021dcb64-0c4e-46dc-94fe-ee9c017f1ba6<-c51a8637-7017-4cf6-9542-b728f68071a8#0:OK-t2
2021-10-24 12:56:28,444 [021dcb64-0c4e-46dc-94fe-ee9c017f1ba6@group-8471111DA32C-LeaderElection15] INFO  impl.LeaderElection (LeaderElection.java:logAndReturn(93)) -   Response 1: 021dcb64-0c4e-46dc-94fe-ee9c017f1ba6<-ab0b9145-2e53-4c25-ad23-cd655fd27dca#0:FAIL-t2
2021-10-24 12:56:28,444 [021dcb64-0c4e-46dc-94fe-ee9c017f1ba6@group-8471111DA32C-LeaderElection15] INFO  impl.LeaderElection (LeaderElection.java:askForVotes(308)) - 021dcb64-0c4e-46dc-94fe-ee9c017f1ba6@group-8471111DA32C-LeaderElection15 ELECTION round 0: result REJECTED
2021-10-24 12:56:28,444 [021dcb64-0c4e-46dc-94fe-ee9c017f1ba6@group-8471111DA32C-LeaderElection15] INFO  server.RaftServer$Division (RaftServerImpl.java:setRole(290)) - 021dcb64-0c4e-46dc-94fe-ee9c017f1ba6@group-8471111DA32C: changes role from CANDIDATE to FOLLOWER at term 2 for REJECTED
2021-10-24 12:56:28,444 [021dcb64-0c4e-46dc-94fe-ee9c017f1ba6@group-8471111DA32C-LeaderElection15] INFO  impl.RoleInfo (RoleInfo.java:shutdownLeaderElection(121)) - 021dcb64-0c4e-46dc-94fe-ee9c017f1ba6: shutdown 021dcb64-0c4e-46dc-94fe-ee9c017f1ba6@group-8471111DA32C-LeaderElection15
2021-10-24 12:56:28,444 [021dcb64-0c4e-46dc-94fe-ee9c017f1ba6@group-8471111DA32C-LeaderElection15] INFO  impl.RoleInfo (RoleInfo.java:updateAndGet(130)) - 021dcb64-0c4e-46dc-94fe-ee9c017f1ba6: start 021dcb64-0c4e-46dc-94fe-ee9c017f1ba6@group-8471111DA32C-FollowerState
2021-10-24 12:56:29,443 [Listener at 127.0.0.1/13904] INFO  ozone.MiniOzoneClusterImpl (MiniOzoneClusterImpl.java:lambda$waitForClusterToBeReady$0(235)) - Nodes are ready. Got 3 of 3 DN Heartbeats.
2021-10-24 12:56:29,444 [Listener at 127.0.0.1/13904] INFO  ozone.MiniOzoneClusterImpl (MiniOzoneClusterImpl.java:lambda$waitForClusterToBeReady$0(238)) - Waiting for cluster to exit safe mode
2021-10-24 12:56:29,444 [Listener at 127.0.0.1/13904] INFO  ozone.MiniOzoneClusterImpl (MiniOzoneClusterImpl.java:lambda$waitForClusterToBeReady$0(240)) - SCM became leader
2021-10-24 12:56:30,444 [Listener at 127.0.0.1/13904] INFO  ozone.MiniOzoneClusterImpl (MiniOzoneClusterImpl.java:lambda$waitForClusterToBeReady$0(235)) - Nodes are ready. Got 3 of 3 DN Heartbeats.
2021-10-24 12:56:30,445 [Listener at 127.0.0.1/13904] INFO  ozone.MiniOzoneClusterImpl (MiniOzoneClusterImpl.java:lambda$waitForClusterToBeReady$0(238)) - Waiting for cluster to exit safe mode
2021-10-24 12:56:30,445 [Listener at 127.0.0.1/13904] INFO  ozone.MiniOzoneClusterImpl (MiniOzoneClusterImpl.java:lambda$waitForClusterToBeReady$0(240)) - SCM became leader
2021-10-24 12:56:31,445 [Listener at 127.0.0.1/13904] INFO  ozone.MiniOzoneClusterImpl (MiniOzoneClusterImpl.java:lambda$waitForClusterToBeReady$0(235)) - Nodes are ready. Got 3 of 3 DN Heartbeats.
2021-10-24 12:56:31,445 [Listener at 127.0.0.1/13904] INFO  ozone.MiniOzoneClusterImpl (MiniOzoneClusterImpl.java:lambda$waitForClusterToBeReady$0(238)) - Waiting for cluster to exit safe mode
2021-10-24 12:56:31,445 [Listener at 127.0.0.1/13904] INFO  ozone.MiniOzoneClusterImpl (MiniOzoneClusterImpl.java:lambda$waitForClusterToBeReady$0(240)) - SCM became leader
2021-10-24 12:56:32,446 [Listener at 127.0.0.1/13904] INFO  ozone.MiniOzoneClusterImpl (MiniOzoneClusterImpl.java:lambda$waitForClusterToBeReady$0(235)) - Nodes are ready. Got 3 of 3 DN Heartbeats.
2021-10-24 12:56:32,446 [Listener at 127.0.0.1/13904] INFO  ozone.MiniOzoneClusterImpl (MiniOzoneClusterImpl.java:lambda$waitForClusterToBeReady$0(238)) - Waiting for cluster to exit safe mode
2021-10-24 12:56:32,446 [Listener at 127.0.0.1/13904] INFO  ozone.MiniOzoneClusterImpl (MiniOzoneClusterImpl.java:lambda$waitForClusterToBeReady$0(240)) - SCM became leader
2021-10-24 12:56:33,212 [021dcb64-0c4e-46dc-94fe-ee9c017f1ba6@group-4A8063BCFFD1-FollowerState] INFO  impl.FollowerState (FollowerState.java:run(134)) - 021dcb64-0c4e-46dc-94fe-ee9c017f1ba6@group-4A8063BCFFD1-FollowerState: change to CANDIDATE, lastRpcElapsedTime:5073851486ns, electionTimeout:5072ms
2021-10-24 12:56:33,212 [021dcb64-0c4e-46dc-94fe-ee9c017f1ba6@group-4A8063BCFFD1-FollowerState] INFO  impl.RoleInfo (RoleInfo.java:shutdownFollowerState(108)) - 021dcb64-0c4e-46dc-94fe-ee9c017f1ba6: shutdown 021dcb64-0c4e-46dc-94fe-ee9c017f1ba6@group-4A8063BCFFD1-FollowerState
2021-10-24 12:56:33,212 [021dcb64-0c4e-46dc-94fe-ee9c017f1ba6@group-4A8063BCFFD1-FollowerState] INFO  server.RaftServer$Division (RaftServerImpl.java:setRole(290)) - 021dcb64-0c4e-46dc-94fe-ee9c017f1ba6@group-4A8063BCFFD1: changes role from  FOLLOWER to CANDIDATE at term 2 for changeToCandidate
2021-10-24 12:56:33,212 [021dcb64-0c4e-46dc-94fe-ee9c017f1ba6@group-4A8063BCFFD1-FollowerState] INFO  server.RaftServerConfigKeys (ConfUtils.java:logGet(44)) - raft.server.leaderelection.pre-vote = false (custom)
2021-10-24 12:56:33,212 [021dcb64-0c4e-46dc-94fe-ee9c017f1ba6@group-4A8063BCFFD1-FollowerState] INFO  impl.RoleInfo (RoleInfo.java:updateAndGet(130)) - 021dcb64-0c4e-46dc-94fe-ee9c017f1ba6: start 021dcb64-0c4e-46dc-94fe-ee9c017f1ba6@group-4A8063BCFFD1-LeaderElection16
2021-10-24 12:56:33,215 [021dcb64-0c4e-46dc-94fe-ee9c017f1ba6@group-4A8063BCFFD1-LeaderElection16] INFO  impl.LeaderElection (LeaderElection.java:askForVotes(306)) - 021dcb64-0c4e-46dc-94fe-ee9c017f1ba6@group-4A8063BCFFD1-LeaderElection16 ELECTION round 0: submit vote requests at term 3 for -1: [c51a8637-7017-4cf6-9542-b728f68071a8|rpc:10.1.0.40:36541|dataStream:|priority:0, ab0b9145-2e53-4c25-ad23-cd655fd27dca|rpc:10.1.0.40:42267|dataStream:|priority:0, 021dcb64-0c4e-46dc-94fe-ee9c017f1ba6|rpc:10.1.0.40:35563|dataStream:|priority:1], old=null
2021-10-24 12:56:33,220 [grpc-default-executor-3] INFO  server.RaftServer$Division (RaftServerImpl.java:requestVote(1046)) - ab0b9145-2e53-4c25-ad23-cd655fd27dca@group-4A8063BCFFD1: receive requestVote(ELECTION, 021dcb64-0c4e-46dc-94fe-ee9c017f1ba6, group-4A8063BCFFD1, 3, (t:0, i:0))
2021-10-24 12:56:33,220 [grpc-default-executor-3] INFO  impl.VoteContext (VoteContext.java:log(48)) - ab0b9145-2e53-4c25-ad23-cd655fd27dca@group-4A8063BCFFD1-FOLLOWER: accept ELECTION from 021dcb64-0c4e-46dc-94fe-ee9c017f1ba6: our priority 0 <= candidate's priority 1
2021-10-24 12:56:33,220 [grpc-default-executor-3] INFO  server.RaftServer$Division (RaftServerImpl.java:setRole(290)) - ab0b9145-2e53-4c25-ad23-cd655fd27dca@group-4A8063BCFFD1: changes role from  FOLLOWER to FOLLOWER at term 3 for candidate:021dcb64-0c4e-46dc-94fe-ee9c017f1ba6
2021-10-24 12:56:33,220 [grpc-default-executor-3] INFO  impl.RoleInfo (RoleInfo.java:shutdownFollowerState(108)) - ab0b9145-2e53-4c25-ad23-cd655fd27dca: shutdown ab0b9145-2e53-4c25-ad23-cd655fd27dca@group-4A8063BCFFD1-FollowerState
2021-10-24 12:56:33,220 [grpc-default-executor-3] INFO  impl.RoleInfo (RoleInfo.java:updateAndGet(130)) - ab0b9145-2e53-4c25-ad23-cd655fd27dca: start ab0b9145-2e53-4c25-ad23-cd655fd27dca@group-4A8063BCFFD1-FollowerState
2021-10-24 12:56:33,221 [ab0b9145-2e53-4c25-ad23-cd655fd27dca@group-4A8063BCFFD1-FollowerState] INFO  impl.FollowerState (FollowerState.java:run(143)) - ab0b9145-2e53-4c25-ad23-cd655fd27dca@group-4A8063BCFFD1-FollowerState was interrupted: {}
java.lang.InterruptedException: sleep interrupted
	at java.lang.Thread.sleep(Native Method)
	at java.lang.Thread.sleep(Thread.java:340)
	at java.util.concurrent.TimeUnit.sleep(TimeUnit.java:386)
	at org.apache.ratis.util.TimeDuration.sleep(TimeDuration.java:324)
	at org.apache.ratis.util.TimeDuration.sleep(TimeDuration.java:309)
	at org.apache.ratis.server.impl.FollowerState.run(FollowerState.java:118)
2021-10-24 12:56:33,227 [grpc-default-executor-1] INFO  server.RaftServer$Division (RaftServerImpl.java:requestVote(1046)) - c51a8637-7017-4cf6-9542-b728f68071a8@group-4A8063BCFFD1: receive requestVote(ELECTION, 021dcb64-0c4e-46dc-94fe-ee9c017f1ba6, group-4A8063BCFFD1, 3, (t:0, i:0))
2021-10-24 12:56:33,228 [grpc-default-executor-1] INFO  impl.VoteContext (VoteContext.java:log(48)) - c51a8637-7017-4cf6-9542-b728f68071a8@group-4A8063BCFFD1-FOLLOWER: accept ELECTION from 021dcb64-0c4e-46dc-94fe-ee9c017f1ba6: our priority 0 <= candidate's priority 1
2021-10-24 12:56:33,228 [grpc-default-executor-1] INFO  server.RaftServer$Division (RaftServerImpl.java:setRole(290)) - c51a8637-7017-4cf6-9542-b728f68071a8@group-4A8063BCFFD1: changes role from  FOLLOWER to FOLLOWER at term 3 for candidate:021dcb64-0c4e-46dc-94fe-ee9c017f1ba6
2021-10-24 12:56:33,228 [grpc-default-executor-1] INFO  impl.RoleInfo (RoleInfo.java:shutdownFollowerState(108)) - c51a8637-7017-4cf6-9542-b728f68071a8: shutdown c51a8637-7017-4cf6-9542-b728f68071a8@group-4A8063BCFFD1-FollowerState
2021-10-24 12:56:33,228 [grpc-default-executor-1] INFO  impl.RoleInfo (RoleInfo.java:updateAndGet(130)) - c51a8637-7017-4cf6-9542-b728f68071a8: start c51a8637-7017-4cf6-9542-b728f68071a8@group-4A8063BCFFD1-FollowerState
2021-10-24 12:56:33,227 [grpc-default-executor-3] INFO  server.RaftServer$Division (RaftServerImpl.java:requestVote(1078)) - ab0b9145-2e53-4c25-ad23-cd655fd27dca@group-4A8063BCFFD1 replies to ELECTION vote request: 021dcb64-0c4e-46dc-94fe-ee9c017f1ba6<-ab0b9145-2e53-4c25-ad23-cd655fd27dca#0:OK-t3. Peer's state: ab0b9145-2e53-4c25-ad23-cd655fd27dca@group-4A8063BCFFD1:t3, leader=null, voted=021dcb64-0c4e-46dc-94fe-ee9c017f1ba6, raftlog=ab0b9145-2e53-4c25-ad23-cd655fd27dca@group-4A8063BCFFD1-SegmentedRaftLog:OPENED:c-1, conf=-1: [c51a8637-7017-4cf6-9542-b728f68071a8|rpc:10.1.0.40:36541|dataStream:|priority:0, ab0b9145-2e53-4c25-ad23-cd655fd27dca|rpc:10.1.0.40:42267|dataStream:|priority:0, 021dcb64-0c4e-46dc-94fe-ee9c017f1ba6|rpc:10.1.0.40:35563|dataStream:|priority:1], old=null
2021-10-24 12:56:33,228 [c51a8637-7017-4cf6-9542-b728f68071a8@group-4A8063BCFFD1-FollowerState] INFO  impl.FollowerState (FollowerState.java:run(143)) - c51a8637-7017-4cf6-9542-b728f68071a8@group-4A8063BCFFD1-FollowerState was interrupted: {}
java.lang.InterruptedException: sleep interrupted
	at java.lang.Thread.sleep(Native Method)
	at java.lang.Thread.sleep(Thread.java:340)
	at java.util.concurrent.TimeUnit.sleep(TimeUnit.java:386)
	at org.apache.ratis.util.TimeDuration.sleep(TimeDuration.java:324)
	at org.apache.ratis.util.TimeDuration.sleep(TimeDuration.java:309)
	at org.apache.ratis.server.impl.FollowerState.run(FollowerState.java:118)
2021-10-24 12:56:33,230 [grpc-default-executor-1] INFO  server.RaftServer$Division (RaftServerImpl.java:requestVote(1078)) - c51a8637-7017-4cf6-9542-b728f68071a8@group-4A8063BCFFD1 replies to ELECTION vote request: 021dcb64-0c4e-46dc-94fe-ee9c017f1ba6<-c51a8637-7017-4cf6-9542-b728f68071a8#0:OK-t3. Peer's state: c51a8637-7017-4cf6-9542-b728f68071a8@group-4A8063BCFFD1:t3, leader=null, voted=021dcb64-0c4e-46dc-94fe-ee9c017f1ba6, raftlog=c51a8637-7017-4cf6-9542-b728f68071a8@group-4A8063BCFFD1-SegmentedRaftLog:OPENED:c-1, conf=-1: [c51a8637-7017-4cf6-9542-b728f68071a8|rpc:10.1.0.40:36541|priority:0, ab0b9145-2e53-4c25-ad23-cd655fd27dca|rpc:10.1.0.40:42267|priority:0, 021dcb64-0c4e-46dc-94fe-ee9c017f1ba6|rpc:10.1.0.40:35563|priority:1], old=null
2021-10-24 12:56:33,231 [021dcb64-0c4e-46dc-94fe-ee9c017f1ba6@group-4A8063BCFFD1-LeaderElection16] INFO  impl.LeaderElection (LeaderElection.java:logAndReturn(89)) - 021dcb64-0c4e-46dc-94fe-ee9c017f1ba6@group-4A8063BCFFD1-LeaderElection16: ELECTION PASSED received 1 response(s) and 0 exception(s):
2021-10-24 12:56:33,231 [021dcb64-0c4e-46dc-94fe-ee9c017f1ba6@group-4A8063BCFFD1-LeaderElection16] INFO  impl.LeaderElection (LeaderElection.java:logAndReturn(93)) -   Response 0: 021dcb64-0c4e-46dc-94fe-ee9c017f1ba6<-ab0b9145-2e53-4c25-ad23-cd655fd27dca#0:OK-t3
2021-10-24 12:56:33,231 [021dcb64-0c4e-46dc-94fe-ee9c017f1ba6@group-4A8063BCFFD1-LeaderElection16] INFO  impl.LeaderElection (LeaderElection.java:askForVotes(308)) - 021dcb64-0c4e-46dc-94fe-ee9c017f1ba6@group-4A8063BCFFD1-LeaderElection16 ELECTION round 0: result PASSED
2021-10-24 12:56:33,231 [021dcb64-0c4e-46dc-94fe-ee9c017f1ba6@group-4A8063BCFFD1-LeaderElection16] INFO  impl.RoleInfo (RoleInfo.java:shutdownLeaderElection(121)) - 021dcb64-0c4e-46dc-94fe-ee9c017f1ba6: shutdown 021dcb64-0c4e-46dc-94fe-ee9c017f1ba6@group-4A8063BCFFD1-LeaderElection16
2021-10-24 12:56:33,231 [021dcb64-0c4e-46dc-94fe-ee9c017f1ba6@group-4A8063BCFFD1-LeaderElection16] INFO  server.RaftServer$Division (RaftServerImpl.java:setRole(290)) - 021dcb64-0c4e-46dc-94fe-ee9c017f1ba6@group-4A8063BCFFD1: changes role from CANDIDATE to LEADER at term 3 for changeToLeader
2021-10-24 12:56:33,231 [021dcb64-0c4e-46dc-94fe-ee9c017f1ba6@group-4A8063BCFFD1-LeaderElection16] INFO  ratis.XceiverServerRatis (XceiverServerRatis.java:handleLeaderChangedNotification(866)) - Leader change notification received for group: group-4A8063BCFFD1 with new leaderId: 021dcb64-0c4e-46dc-94fe-ee9c017f1ba6
2021-10-24 12:56:33,231 [021dcb64-0c4e-46dc-94fe-ee9c017f1ba6@group-4A8063BCFFD1-LeaderElection16] INFO  server.RaftServer$Division (ServerState.java:setLeader(285)) - 021dcb64-0c4e-46dc-94fe-ee9c017f1ba6@group-4A8063BCFFD1: change Leader from null to 021dcb64-0c4e-46dc-94fe-ee9c017f1ba6 at term 3 for becomeLeader, leader elected after 15188ms
2021-10-24 12:56:33,231 [021dcb64-0c4e-46dc-94fe-ee9c017f1ba6@group-4A8063BCFFD1-LeaderElection16] INFO  server.RaftServerConfigKeys (ConfUtils.java:logGet(44)) - raft.server.staging.catchup.gap = 1000 (default)
2021-10-24 12:56:33,232 [021dcb64-0c4e-46dc-94fe-ee9c017f1ba6@group-4A8063BCFFD1-LeaderElection16] INFO  server.RaftServerConfigKeys (ConfUtils.java:logGet(44)) - raft.server.write.element-limit = 1024 (custom)
2021-10-24 12:56:33,232 [021dcb64-0c4e-46dc-94fe-ee9c017f1ba6@group-4A8063BCFFD1-LeaderElection16] INFO  server.RaftServerConfigKeys (ConfUtils.java:logGet(44)) - raft.server.write.byte-limit = 1024 M (=1073741824) (custom)
2021-10-24 12:56:33,232 [021dcb64-0c4e-46dc-94fe-ee9c017f1ba6@group-4A8063BCFFD1-LeaderElection16] INFO  server.RaftServerConfigKeys (ConfUtils.java:logGet(44)) - raft.server.watch.timeout = 180s (custom)
2021-10-24 12:56:33,232 [021dcb64-0c4e-46dc-94fe-ee9c017f1ba6@group-4A8063BCFFD1-LeaderElection16] INFO  server.RaftServerConfigKeys (ConfUtils.java:logGet(44)) - raft.server.watch.timeout.denomination = 1s (default)
2021-10-24 12:56:33,232 [021dcb64-0c4e-46dc-94fe-ee9c017f1ba6@group-4A8063BCFFD1-LeaderElection16] INFO  server.RaftServerConfigKeys (ConfUtils.java:logGet(44)) - raft.server.watch.element-limit = 65536 (default)
2021-10-24 12:56:33,232 [021dcb64-0c4e-46dc-94fe-ee9c017f1ba6@group-4A8063BCFFD1-LeaderElection16] INFO  server.RaftServerConfigKeys (ConfUtils.java:logGet(44)) - raft.server.write.element-limit = 1024 (custom)
2021-10-24 12:56:33,232 [021dcb64-0c4e-46dc-94fe-ee9c017f1ba6@group-4A8063BCFFD1-LeaderElection16] INFO  server.RaftServerConfigKeys (ConfUtils.java:logGet(44)) - raft.server.write.follower.gap.ratio.max = -1.0 (default)
2021-10-24 12:56:33,232 [021dcb64-0c4e-46dc-94fe-ee9c017f1ba6@group-4A8063BCFFD1-LeaderElection16] INFO  server.RaftServerConfigKeys (ConfUtils.java:logGet(44)) - raft.server.log.appender.snapshot.chunk.size.max = 16MB (=16777216) (default)
2021-10-24 12:56:33,233 [021dcb64-0c4e-46dc-94fe-ee9c017f1ba6@group-4A8063BCFFD1-LeaderElection16] INFO  server.RaftServerConfigKeys (ConfUtils.java:logGet(44)) - raft.server.log.appender.buffer.byte-limit = 33554432 (custom)
2021-10-24 12:56:33,233 [021dcb64-0c4e-46dc-94fe-ee9c017f1ba6@group-4A8063BCFFD1-LeaderElection16] INFO  server.RaftServerConfigKeys (ConfUtils.java:logGet(44)) - raft.server.log.appender.buffer.element-limit = 1 (custom)
2021-10-24 12:56:33,233 [021dcb64-0c4e-46dc-94fe-ee9c017f1ba6@group-4A8063BCFFD1-LeaderElection16] INFO  grpc.GrpcConfigKeys (ConfUtils.java:logGet(44)) - raft.grpc.server.leader.outstanding.appends.max = 128 (default)
2021-10-24 12:56:33,233 [021dcb64-0c4e-46dc-94fe-ee9c017f1ba6@group-4A8063BCFFD1-LeaderElection16] INFO  server.RaftServerConfigKeys (ConfUtils.java:logGet(44)) - raft.server.rpc.request.timeout = 60s (custom)
2021-10-24 12:56:33,233 [021dcb64-0c4e-46dc-94fe-ee9c017f1ba6@group-4A8063BCFFD1-LeaderElection16] INFO  server.RaftServerConfigKeys (ConfUtils.java:logGet(44)) - raft.server.log.appender.install.snapshot.enabled = false (custom)
2021-10-24 12:56:33,233 [021dcb64-0c4e-46dc-94fe-ee9c017f1ba6@group-4A8063BCFFD1-LeaderElection16] INFO  server.RaftServerConfigKeys (ConfUtils.java:logGet(44)) - raft.server.log.appender.snapshot.chunk.size.max = 16MB (=16777216) (default)
2021-10-24 12:56:33,233 [021dcb64-0c4e-46dc-94fe-ee9c017f1ba6@group-4A8063BCFFD1-LeaderElection16] INFO  server.RaftServerConfigKeys (ConfUtils.java:logGet(44)) - raft.server.log.appender.buffer.byte-limit = 33554432 (custom)
2021-10-24 12:56:33,234 [021dcb64-0c4e-46dc-94fe-ee9c017f1ba6@group-4A8063BCFFD1-LeaderElection16] INFO  server.RaftServerConfigKeys (ConfUtils.java:logGet(44)) - raft.server.log.appender.buffer.element-limit = 1 (custom)
2021-10-24 12:56:33,234 [021dcb64-0c4e-46dc-94fe-ee9c017f1ba6@group-4A8063BCFFD1-LeaderElection16] INFO  grpc.GrpcConfigKeys (ConfUtils.java:logGet(44)) - raft.grpc.server.leader.outstanding.appends.max = 128 (default)
2021-10-24 12:56:33,234 [021dcb64-0c4e-46dc-94fe-ee9c017f1ba6@group-4A8063BCFFD1-LeaderElection16] INFO  server.RaftServerConfigKeys (ConfUtils.java:logGet(44)) - raft.server.rpc.request.timeout = 60s (custom)
2021-10-24 12:56:33,234 [021dcb64-0c4e-46dc-94fe-ee9c017f1ba6@group-4A8063BCFFD1-LeaderElection16] INFO  server.RaftServerConfigKeys (ConfUtils.java:logGet(44)) - raft.server.log.appender.install.snapshot.enabled = false (custom)
2021-10-24 12:56:33,234 [021dcb64-0c4e-46dc-94fe-ee9c017f1ba6@group-4A8063BCFFD1-LeaderElection16] INFO  impl.RoleInfo (RoleInfo.java:updateAndGet(130)) - 021dcb64-0c4e-46dc-94fe-ee9c017f1ba6: start 021dcb64-0c4e-46dc-94fe-ee9c017f1ba6@group-4A8063BCFFD1-LeaderStateImpl
2021-10-24 12:56:33,237 [021dcb64-0c4e-46dc-94fe-ee9c017f1ba6@group-4A8063BCFFD1-LeaderElection16] INFO  segmented.SegmentedRaftLogWorker (SegmentedRaftLogWorker.java:startLogSegment(394)) - 021dcb64-0c4e-46dc-94fe-ee9c017f1ba6@group-4A8063BCFFD1-SegmentedRaftLogWorker: Starting segment from index:0
2021-10-24 12:56:33,237 [EventQueue-OpenPipelineForHealthyPipelineSafeModeRule] INFO  safemode.SCMSafeModeManager (HealthyPipelineSafeModeRule.java:process(124)) - SCM in safe mode. Healthy pipelines reported count is 0, required healthy pipeline reported count is 1
2021-10-24 12:56:33,237 [EventQueue-PipelineReportForPipelineReportHandler] INFO  pipeline.PipelineManagerImpl (PipelineManagerImpl.java:openPipeline(282)) - Pipeline Pipeline[ Id: 6c1f26ec-54d1-4527-95e7-4a8063bcffd1, Nodes: ab0b9145-2e53-4c25-ad23-cd655fd27dca{ip: 10.1.0.40, host: fv-az50-989.grzltbmokehuzjyc5b133kdqgh.cx.internal.cloudapp.net, ports: [REPLICATION=36927, RATIS=42267, RATIS_ADMIN=42267, RATIS_SERVER=42267, STANDALONE=44495], networkLocation: /default-rack, certSerialId: null, persistedOpState: IN_SERVICE, persistedOpStateExpiryEpochSec: 0}021dcb64-0c4e-46dc-94fe-ee9c017f1ba6{ip: 10.1.0.40, host: fv-az50-989.grzltbmokehuzjyc5b133kdqgh.cx.internal.cloudapp.net, ports: [REPLICATION=34019, RATIS=35563, RATIS_ADMIN=35563, RATIS_SERVER=35563, STANDALONE=36317], networkLocation: /default-rack, certSerialId: null, persistedOpState: IN_SERVICE, persistedOpStateExpiryEpochSec: 0}c51a8637-7017-4cf6-9542-b728f68071a8{ip: 10.1.0.40, host: fv-az50-989.grzltbmokehuzjyc5b133kdqgh.cx.internal.cloudapp.net, ports: [REPLICATION=44491, RATIS=36541, RATIS_ADMIN=36541, RATIS_SERVER=36541, STANDALONE=38491], networkLocation: /default-rack, certSerialId: null, persistedOpState: IN_SERVICE, persistedOpStateExpiryEpochSec: 0}, ReplicationConfig: RATIS/THREE, State:ALLOCATED, leaderId:021dcb64-0c4e-46dc-94fe-ee9c017f1ba6, CreationTimestamp2021-10-24T12:56:15.442Z[Etc/UTC]] moved to OPEN state
2021-10-24 12:56:33,240 [EventQueue-OpenPipelineForHealthyPipelineSafeModeRule] INFO  safemode.SCMSafeModeManager (HealthyPipelineSafeModeRule.java:process(124)) - SCM in safe mode. Healthy pipelines reported count is 1, required healthy pipeline reported count is 1
2021-10-24 12:56:33,240 [EventQueue-OpenPipelineForHealthyPipelineSafeModeRule] INFO  safemode.SCMSafeModeManager (SCMSafeModeManager.java:validateSafeModeExitRules(204)) - HealthyPipelineSafeModeRule rule is successfully validated
2021-10-24 12:56:33,240 [EventQueue-OpenPipelineForHealthyPipelineSafeModeRule] INFO  safemode.SCMSafeModeManager (SCMSafeModeManager.java:validateSafeModeExitRules(219)) - ScmSafeModeManager, all rules are successfully validated
2021-10-24 12:56:33,240 [EventQueue-OpenPipelineForHealthyPipelineSafeModeRule] INFO  safemode.SCMSafeModeManager (SCMSafeModeManager.java:exitSafeMode(248)) - SCM exiting safe mode.
2021-10-24 12:56:33,240 [EventQueue-OpenPipelineForHealthyPipelineSafeModeRule] WARN  events.EventQueue (EventQueue.java:fireEvent(194)) - No event handler registered for event TypedEvent{payloadType=SafeModeStatus, name='Safe mode status'}
2021-10-24 12:56:33,240 [EventQueue-OpenPipelineForHealthyPipelineSafeModeRule] INFO  ha.SCMContext (SCMContext.java:updateSafeModeStatus(205)) - Update SafeModeStatus from SafeModeStatus{safeModeStatus=true, preCheckPassed=true} to SafeModeStatus{safeModeStatus=false, preCheckPassed=true}.
2021-10-24 12:56:33,240 [EventQueue-OpenPipelineForHealthyPipelineSafeModeRule] INFO  pipeline.BackgroundPipelineCreator (BackgroundPipelineCreator.java:notifyStatusChanged(264)) - Service BackgroundPipelineCreator transitions to RUNNING.
2021-10-24 12:56:33,240 [EventQueue-OpenPipelineForHealthyPipelineSafeModeRule] INFO  container.ReplicationManager (ReplicationManager.java:notifyStatusChanged(1746)) - Service ReplicationManager transitions to RUNNING.
2021-10-24 12:56:33,241 [021dcb64-0c4e-46dc-94fe-ee9c017f1ba6@group-4A8063BCFFD1-SegmentedRaftLogWorker] INFO  segmented.SegmentedRaftLogWorker (SegmentedRaftLogWorker.java:execute(601)) - 021dcb64-0c4e-46dc-94fe-ee9c017f1ba6@group-4A8063BCFFD1-SegmentedRaftLogWorker: created new log segment /home/runner/work/ozone/ozone/hadoop-ozone/integration-test/target/test-dir/MiniOzoneClusterImpl-cd96da87-0819-4dc2-95d7-841b147881f8/datanode-1/data/ratis/6c1f26ec-54d1-4527-95e7-4a8063bcffd1/current/log_inprogress_0
2021-10-24 12:56:33,255 [021dcb64-0c4e-46dc-94fe-ee9c017f1ba6@group-4A8063BCFFD1-LeaderElection16] INFO  server.RaftServer$Division (ServerState.java:setRaftConf(387)) - 021dcb64-0c4e-46dc-94fe-ee9c017f1ba6@group-4A8063BCFFD1: set configuration 0: [c51a8637-7017-4cf6-9542-b728f68071a8|rpc:10.1.0.40:36541|dataStream:|priority:0, ab0b9145-2e53-4c25-ad23-cd655fd27dca|rpc:10.1.0.40:42267|dataStream:|priority:0, 021dcb64-0c4e-46dc-94fe-ee9c017f1ba6|rpc:10.1.0.40:35563|dataStream:|priority:1], old=null
2021-10-24 12:56:33,257 [grpc-default-executor-3] INFO  ratis.XceiverServerRatis (XceiverServerRatis.java:handleLeaderChangedNotification(866)) - Leader change notification received for group: group-4A8063BCFFD1 with new leaderId: 021dcb64-0c4e-46dc-94fe-ee9c017f1ba6
2021-10-24 12:56:33,257 [grpc-default-executor-3] INFO  server.RaftServer$Division (ServerState.java:setLeader(285)) - ab0b9145-2e53-4c25-ad23-cd655fd27dca@group-4A8063BCFFD1: change Leader from null to 021dcb64-0c4e-46dc-94fe-ee9c017f1ba6 at term 3 for appendEntries, leader elected after 15287ms
2021-10-24 12:56:33,260 [grpc-default-executor-0] INFO  ratis.XceiverServerRatis (XceiverServerRatis.java:handleLeaderChangedNotification(866)) - Leader change notification received for group: group-4A8063BCFFD1 with new leaderId: 021dcb64-0c4e-46dc-94fe-ee9c017f1ba6
2021-10-24 12:56:33,260 [grpc-default-executor-0] INFO  server.RaftServer$Division (ServerState.java:setLeader(285)) - c51a8637-7017-4cf6-9542-b728f68071a8@group-4A8063BCFFD1: change Leader from null to 021dcb64-0c4e-46dc-94fe-ee9c017f1ba6 at term 3 for appendEntries, leader elected after 15371ms
2021-10-24 12:56:33,262 [grpc-default-executor-3] INFO  server.RaftServer$Division (ServerState.java:setRaftConf(387)) - ab0b9145-2e53-4c25-ad23-cd655fd27dca@group-4A8063BCFFD1: set configuration 0: [c51a8637-7017-4cf6-9542-b728f68071a8|rpc:10.1.0.40:36541|dataStream:|priority:0, ab0b9145-2e53-4c25-ad23-cd655fd27dca|rpc:10.1.0.40:42267|dataStream:|priority:0, 021dcb64-0c4e-46dc-94fe-ee9c017f1ba6|rpc:10.1.0.40:35563|dataStream:|priority:1], old=null
2021-10-24 12:56:33,263 [grpc-default-executor-3] INFO  segmented.SegmentedRaftLogWorker (SegmentedRaftLogWorker.java:startLogSegment(394)) - ab0b9145-2e53-4c25-ad23-cd655fd27dca@group-4A8063BCFFD1-SegmentedRaftLogWorker: Starting segment from index:0
2021-10-24 12:56:33,265 [ab0b9145-2e53-4c25-ad23-cd655fd27dca@group-4A8063BCFFD1-SegmentedRaftLogWorker] INFO  segmented.SegmentedRaftLogWorker (SegmentedRaftLogWorker.java:execute(601)) - ab0b9145-2e53-4c25-ad23-cd655fd27dca@group-4A8063BCFFD1-SegmentedRaftLogWorker: created new log segment /home/runner/work/ozone/ozone/hadoop-ozone/integration-test/target/test-dir/MiniOzoneClusterImpl-cd96da87-0819-4dc2-95d7-841b147881f8/datanode-2/data/ratis/6c1f26ec-54d1-4527-95e7-4a8063bcffd1/current/log_inprogress_0
2021-10-24 12:56:33,266 [grpc-default-executor-0] INFO  server.RaftServer$Division (ServerState.java:setRaftConf(387)) - c51a8637-7017-4cf6-9542-b728f68071a8@group-4A8063BCFFD1: set configuration 0: [c51a8637-7017-4cf6-9542-b728f68071a8|rpc:10.1.0.40:36541|dataStream:|priority:0, ab0b9145-2e53-4c25-ad23-cd655fd27dca|rpc:10.1.0.40:42267|dataStream:|priority:0, 021dcb64-0c4e-46dc-94fe-ee9c017f1ba6|rpc:10.1.0.40:35563|dataStream:|priority:1], old=null
2021-10-24 12:56:33,266 [grpc-default-executor-0] INFO  segmented.SegmentedRaftLogWorker (SegmentedRaftLogWorker.java:startLogSegment(394)) - c51a8637-7017-4cf6-9542-b728f68071a8@group-4A8063BCFFD1-SegmentedRaftLogWorker: Starting segment from index:0
2021-10-24 12:56:33,271 [c51a8637-7017-4cf6-9542-b728f68071a8@group-4A8063BCFFD1-SegmentedRaftLogWorker] INFO  segmented.SegmentedRaftLogWorker (SegmentedRaftLogWorker.java:execute(601)) - c51a8637-7017-4cf6-9542-b728f68071a8@group-4A8063BCFFD1-SegmentedRaftLogWorker: created new log segment /home/runner/work/ozone/ozone/hadoop-ozone/integration-test/target/test-dir/MiniOzoneClusterImpl-cd96da87-0819-4dc2-95d7-841b147881f8/datanode-0/data/ratis/6c1f26ec-54d1-4527-95e7-4a8063bcffd1/current/log_inprogress_0
2021-10-24 12:56:33,446 [Listener at 127.0.0.1/13904] INFO  ozone.MiniOzoneClusterImpl (MiniOzoneClusterImpl.java:lambda$waitForClusterToBeReady$0(235)) - Nodes are ready. Got 3 of 3 DN Heartbeats.
2021-10-24 12:56:33,447 [Listener at 127.0.0.1/13904] INFO  ozone.MiniOzoneClusterImpl (MiniOzoneClusterImpl.java:lambda$waitForClusterToBeReady$0(238)) - Cluster exits safe mode
2021-10-24 12:56:33,447 [Listener at 127.0.0.1/13904] INFO  ozone.MiniOzoneClusterImpl (MiniOzoneClusterImpl.java:lambda$waitForClusterToBeReady$0(240)) - SCM became leader
2021-10-24 12:56:33,453 [021dcb64-0c4e-46dc-94fe-ee9c017f1ba6@group-8471111DA32C-FollowerState] INFO  impl.FollowerState (FollowerState.java:run(134)) - 021dcb64-0c4e-46dc-94fe-ee9c017f1ba6@group-8471111DA32C-FollowerState: change to CANDIDATE, lastRpcElapsedTime:5008720883ns, electionTimeout:5006ms
2021-10-24 12:56:33,453 [021dcb64-0c4e-46dc-94fe-ee9c017f1ba6@group-8471111DA32C-FollowerState] INFO  impl.RoleInfo (RoleInfo.java:shutdownFollowerState(108)) - 021dcb64-0c4e-46dc-94fe-ee9c017f1ba6: shutdown 021dcb64-0c4e-46dc-94fe-ee9c017f1ba6@group-8471111DA32C-FollowerState
2021-10-24 12:56:33,453 [021dcb64-0c4e-46dc-94fe-ee9c017f1ba6@group-8471111DA32C-FollowerState] INFO  server.RaftServer$Division (RaftServerImpl.java:setRole(290)) - 021dcb64-0c4e-46dc-94fe-ee9c017f1ba6@group-8471111DA32C: changes role from  FOLLOWER to CANDIDATE at term 2 for changeToCandidate
2021-10-24 12:56:33,453 [021dcb64-0c4e-46dc-94fe-ee9c017f1ba6@group-8471111DA32C-FollowerState] INFO  server.RaftServerConfigKeys (ConfUtils.java:logGet(44)) - raft.server.leaderelection.pre-vote = false (custom)
2021-10-24 12:56:33,453 [021dcb64-0c4e-46dc-94fe-ee9c017f1ba6@group-8471111DA32C-FollowerState] INFO  impl.RoleInfo (RoleInfo.java:updateAndGet(130)) - 021dcb64-0c4e-46dc-94fe-ee9c017f1ba6: start 021dcb64-0c4e-46dc-94fe-ee9c017f1ba6@group-8471111DA32C-LeaderElection17
2021-10-24 12:56:33,456 [021dcb64-0c4e-46dc-94fe-ee9c017f1ba6@group-8471111DA32C-LeaderElection17] INFO  impl.LeaderElection (LeaderElection.java:askForVotes(306)) - 021dcb64-0c4e-46dc-94fe-ee9c017f1ba6@group-8471111DA32C-LeaderElection17 ELECTION round 0: submit vote requests at term 3 for -1: [c51a8637-7017-4cf6-9542-b728f68071a8|rpc:10.1.0.40:36541|dataStream:|priority:0, ab0b9145-2e53-4c25-ad23-cd655fd27dca|rpc:10.1.0.40:42267|dataStream:|priority:1, 021dcb64-0c4e-46dc-94fe-ee9c017f1ba6|rpc:10.1.0.40:35563|dataStream:|priority:0], old=null
2021-10-24 12:56:33,464 [grpc-default-executor-1] INFO  server.RaftServer$Division (RaftServerImpl.java:requestVote(1046)) - c51a8637-7017-4cf6-9542-b728f68071a8@group-8471111DA32C: receive requestVote(ELECTION, 021dcb64-0c4e-46dc-94fe-ee9c017f1ba6, group-8471111DA32C, 3, (t:0, i:0))
2021-10-24 12:56:33,464 [grpc-default-executor-1] INFO  impl.VoteContext (VoteContext.java:log(48)) - c51a8637-7017-4cf6-9542-b728f68071a8@group-8471111DA32C-FOLLOWER: accept ELECTION from 021dcb64-0c4e-46dc-94fe-ee9c017f1ba6: our priority 0 <= candidate's priority 0
2021-10-24 12:56:33,464 [grpc-default-executor-1] INFO  server.RaftServer$Division (RaftServerImpl.java:setRole(290)) - c51a8637-7017-4cf6-9542-b728f68071a8@group-8471111DA32C: changes role from  FOLLOWER to FOLLOWER at term 3 for candidate:021dcb64-0c4e-46dc-94fe-ee9c017f1ba6
2021-10-24 12:56:33,465 [grpc-default-executor-1] INFO  impl.RoleInfo (RoleInfo.java:shutdownFollowerState(108)) - c51a8637-7017-4cf6-9542-b728f68071a8: shutdown c51a8637-7017-4cf6-9542-b728f68071a8@group-8471111DA32C-FollowerState
2021-10-24 12:56:33,465 [grpc-default-executor-1] INFO  impl.RoleInfo (RoleInfo.java:updateAndGet(130)) - c51a8637-7017-4cf6-9542-b728f68071a8: start c51a8637-7017-4cf6-9542-b728f68071a8@group-8471111DA32C-FollowerState
2021-10-24 12:56:33,465 [c51a8637-7017-4cf6-9542-b728f68071a8@group-8471111DA32C-FollowerState] INFO  impl.FollowerState (FollowerState.java:run(143)) - c51a8637-7017-4cf6-9542-b728f68071a8@group-8471111DA32C-FollowerState was interrupted: {}
java.lang.InterruptedException: sleep interrupted
	at java.lang.Thread.sleep(Native Method)
	at java.lang.Thread.sleep(Thread.java:340)
	at java.util.concurrent.TimeUnit.sleep(TimeUnit.java:386)
	at org.apache.ratis.util.TimeDuration.sleep(TimeDuration.java:324)
	at org.apache.ratis.util.TimeDuration.sleep(TimeDuration.java:309)
	at org.apache.ratis.server.impl.FollowerState.run(FollowerState.java:118)
2021-10-24 12:56:33,466 [grpc-default-executor-1] INFO  server.RaftServer$Division (RaftServerImpl.java:requestVote(1078)) - c51a8637-7017-4cf6-9542-b728f68071a8@group-8471111DA32C replies to ELECTION vote request: 021dcb64-0c4e-46dc-94fe-ee9c017f1ba6<-c51a8637-7017-4cf6-9542-b728f68071a8#0:OK-t3. Peer's state: c51a8637-7017-4cf6-9542-b728f68071a8@group-8471111DA32C:t3, leader=null, voted=021dcb64-0c4e-46dc-94fe-ee9c017f1ba6, raftlog=c51a8637-7017-4cf6-9542-b728f68071a8@group-8471111DA32C-SegmentedRaftLog:OPENED:c-1, conf=-1: [c51a8637-7017-4cf6-9542-b728f68071a8|rpc:10.1.0.40:36541|priority:0, ab0b9145-2e53-4c25-ad23-cd655fd27dca|rpc:10.1.0.40:42267|priority:1, 021dcb64-0c4e-46dc-94fe-ee9c017f1ba6|rpc:10.1.0.40:35563|priority:0], old=null
2021-10-24 12:56:33,487 [grpc-default-executor-1] INFO  server.RaftServer$Division (RaftServerImpl.java:requestVote(1046)) - ab0b9145-2e53-4c25-ad23-cd655fd27dca@group-8471111DA32C: receive requestVote(ELECTION, 021dcb64-0c4e-46dc-94fe-ee9c017f1ba6, group-8471111DA32C, 3, (t:0, i:0))
2021-10-24 12:56:33,487 [grpc-default-executor-1] INFO  impl.VoteContext (VoteContext.java:log(48)) - ab0b9145-2e53-4c25-ad23-cd655fd27dca@group-8471111DA32C-FOLLOWER: reject ELECTION from 021dcb64-0c4e-46dc-94fe-ee9c017f1ba6: our priority 1 > candidate's priority 0
2021-10-24 12:56:33,487 [grpc-default-executor-1] INFO  server.RaftServer$Division (RaftServerImpl.java:setRole(290)) - ab0b9145-2e53-4c25-ad23-cd655fd27dca@group-8471111DA32C: changes role from  FOLLOWER to FOLLOWER at term 3 for candidate:021dcb64-0c4e-46dc-94fe-ee9c017f1ba6
2021-10-24 12:56:33,487 [grpc-default-executor-1] INFO  impl.RoleInfo (RoleInfo.java:shutdownFollowerState(108)) - ab0b9145-2e53-4c25-ad23-cd655fd27dca: shutdown ab0b9145-2e53-4c25-ad23-cd655fd27dca@group-8471111DA32C-FollowerState
2021-10-24 12:56:33,487 [grpc-default-executor-1] INFO  impl.RoleInfo (RoleInfo.java:updateAndGet(130)) - ab0b9145-2e53-4c25-ad23-cd655fd27dca: start ab0b9145-2e53-4c25-ad23-cd655fd27dca@group-8471111DA32C-FollowerState
2021-10-24 12:56:33,490 [ab0b9145-2e53-4c25-ad23-cd655fd27dca@group-8471111DA32C-FollowerState] INFO  impl.FollowerState (FollowerState.java:run(143)) - ab0b9145-2e53-4c25-ad23-cd655fd27dca@group-8471111DA32C-FollowerState was interrupted: {}
java.lang.InterruptedException: sleep interrupted
	at java.lang.Thread.sleep(Native Method)
	at java.lang.Thread.sleep(Thread.java:340)
	at java.util.concurrent.TimeUnit.sleep(TimeUnit.java:386)
	at org.apache.ratis.util.TimeDuration.sleep(TimeDuration.java:324)
	at org.apache.ratis.util.TimeDuration.sleep(TimeDuration.java:309)
	at org.apache.ratis.server.impl.FollowerState.run(FollowerState.java:118)
2021-10-24 12:56:33,495 [grpc-default-executor-1] INFO  server.RaftServer$Division (RaftServerImpl.java:requestVote(1078)) - ab0b9145-2e53-4c25-ad23-cd655fd27dca@group-8471111DA32C replies to ELECTION vote request: 021dcb64-0c4e-46dc-94fe-ee9c017f1ba6<-ab0b9145-2e53-4c25-ad23-cd655fd27dca#0:FAIL-t3. Peer's state: ab0b9145-2e53-4c25-ad23-cd655fd27dca@group-8471111DA32C:t3, leader=null, voted=null, raftlog=ab0b9145-2e53-4c25-ad23-cd655fd27dca@group-8471111DA32C-SegmentedRaftLog:OPENED:c-1, conf=-1: [c51a8637-7017-4cf6-9542-b728f68071a8|rpc:10.1.0.40:36541|dataStream:|priority:0, ab0b9145-2e53-4c25-ad23-cd655fd27dca|rpc:10.1.0.40:42267|dataStream:|priority:1, 021dcb64-0c4e-46dc-94fe-ee9c017f1ba6|rpc:10.1.0.40:35563|dataStream:|priority:0], old=null
2021-10-24 12:56:33,499 [021dcb64-0c4e-46dc-94fe-ee9c017f1ba6@group-8471111DA32C-LeaderElection17] INFO  impl.LeaderElection (LeaderElection.java:logAndReturn(89)) - 021dcb64-0c4e-46dc-94fe-ee9c017f1ba6@group-8471111DA32C-LeaderElection17: ELECTION REJECTED received 2 response(s) and 0 exception(s):
2021-10-24 12:56:33,499 [021dcb64-0c4e-46dc-94fe-ee9c017f1ba6@group-8471111DA32C-LeaderElection17] INFO  impl.LeaderElection (LeaderElection.java:logAndReturn(93)) -   Response 0: 021dcb64-0c4e-46dc-94fe-ee9c017f1ba6<-c51a8637-7017-4cf6-9542-b728f68071a8#0:OK-t3
2021-10-24 12:56:33,499 [021dcb64-0c4e-46dc-94fe-ee9c017f1ba6@group-8471111DA32C-LeaderElection17] INFO  impl.LeaderElection (LeaderElection.java:logAndReturn(93)) -   Response 1: 021dcb64-0c4e-46dc-94fe-ee9c017f1ba6<-ab0b9145-2e53-4c25-ad23-cd655fd27dca#0:FAIL-t3
2021-10-24 12:56:33,499 [021dcb64-0c4e-46dc-94fe-ee9c017f1ba6@group-8471111DA32C-LeaderElection17] INFO  impl.LeaderElection (LeaderElection.java:askForVotes(308)) - 021dcb64-0c4e-46dc-94fe-ee9c017f1ba6@group-8471111DA32C-LeaderElection17 ELECTION round 0: result REJECTED
2021-10-24 12:56:33,499 [021dcb64-0c4e-46dc-94fe-ee9c017f1ba6@group-8471111DA32C-LeaderElection17] INFO  server.RaftServer$Division (RaftServerImpl.java:setRole(290)) - 021dcb64-0c4e-46dc-94fe-ee9c017f1ba6@group-8471111DA32C: changes role from CANDIDATE to FOLLOWER at term 3 for REJECTED
2021-10-24 12:56:33,499 [021dcb64-0c4e-46dc-94fe-ee9c017f1ba6@group-8471111DA32C-LeaderElection17] INFO  impl.RoleInfo (RoleInfo.java:shutdownLeaderElection(121)) - 021dcb64-0c4e-46dc-94fe-ee9c017f1ba6: shutdown 021dcb64-0c4e-46dc-94fe-ee9c017f1ba6@group-8471111DA32C-LeaderElection17
2021-10-24 12:56:33,499 [021dcb64-0c4e-46dc-94fe-ee9c017f1ba6@group-8471111DA32C-LeaderElection17] INFO  impl.RoleInfo (RoleInfo.java:updateAndGet(130)) - 021dcb64-0c4e-46dc-94fe-ee9c017f1ba6: start 021dcb64-0c4e-46dc-94fe-ee9c017f1ba6@group-8471111DA32C-FollowerState
]]></system-out>
  </testcase>
  <testcase name="testPrepareWithMultipleThreads" classname="org.apache.hadoop.ozone.om.TestOzoneManagerPrepare" time="9.045"/>
  <testcase name="testCancelPrepare" classname="org.apache.hadoop.ozone.om.TestOzoneManagerPrepare" time="123.463">
    <error message="timeout: after 120000 millis" type="java.util.concurrent.TimeoutException">java.util.concurrent.TimeoutException: timeout: after 120000 millis
	at org.apache.ozone.test.LambdaTestUtils$GenerateTimeout.evaluate(LambdaTestUtils.java:677)
	at org.apache.ozone.test.LambdaTestUtils.await(LambdaTestUtils.java:154)
	at org.apache.ozone.test.LambdaTestUtils.await(LambdaTestUtils.java:192)
	at org.apache.hadoop.ozone.om.TestOzoneManagerPrepare.assertClusterNotPrepared(TestOzoneManagerPrepare.java:484)
	at org.apache.hadoop.ozone.om.TestOzoneManagerPrepare.assertClusterNotPrepared(TestOzoneManagerPrepare.java:478)
	at org.apache.hadoop.ozone.om.TestOzoneManagerPrepare.initOM(TestOzoneManagerPrepare.java:91)
	at sun.reflect.NativeMethodAccessorImpl.invoke0(Native Method)
	at sun.reflect.NativeMethodAccessorImpl.invoke(NativeMethodAccessorImpl.java:62)
	at sun.reflect.DelegatingMethodAccessorImpl.invoke(DelegatingMethodAccessorImpl.java:43)
	at java.lang.reflect.Method.invoke(Method.java:498)
	at org.junit.runners.model.FrameworkMethod$1.runReflectiveCall(FrameworkMethod.java:59)
	at org.junit.internal.runners.model.ReflectiveCallable.run(ReflectiveCallable.java:12)
	at org.junit.runners.model.FrameworkMethod.invokeExplosively(FrameworkMethod.java:56)
	at org.junit.internal.runners.statements.RunBefores.invokeMethod(RunBefores.java:33)
	at org.junit.internal.runners.statements.RunBefores.evaluate(RunBefores.java:24)
	at org.junit.internal.runners.statements.RunAfters.evaluate(RunAfters.java:27)
	at org.junit.rules.ExpectedException$ExpectedExceptionStatement.evaluate(ExpectedException.java:258)
	at org.junit.internal.runners.statements.FailOnTimeout$CallableStatement.call(FailOnTimeout.java:288)
	at org.junit.internal.runners.statements.FailOnTimeout$CallableStatement.call(FailOnTimeout.java:282)
	at java.util.concurrent.FutureTask.run(FutureTask.java:266)
	at java.lang.Thread.run(Thread.java:748)
</error>
    <system-out><![CDATA[2021-10-24 12:56:42,906 [Time-limited test] INFO  retry.RetryInvocationHandler (RetryInvocationHandler.java:log(411)) - com.google.protobuf.ServiceException: java.io.EOFException: End of File Exception between local host is: "fv-az50-989/10.1.0.40"; destination host is: "localhost":13892; : java.io.EOFException; For more details see:  http://wiki.apache.org/hadoop/EOFException, while invoking $Proxy52.submitRequest over nodeId=omNode-1,nodeAddress=127.0.0.1:13892. Trying to failover immediately.
2021-10-24 12:56:42,913 [Time-limited test] INFO  retry.RetryInvocationHandler (RetryInvocationHandler.java:log(411)) - com.google.protobuf.ServiceException: org.apache.hadoop.ipc.RemoteException(org.apache.hadoop.ozone.om.exceptions.OMNotLeaderException): OM:omNode-2 is not the leader. Could not determine the leader node.
	at org.apache.hadoop.ozone.om.ratis.utils.OzoneManagerRatisUtils.createNotLeaderException(OzoneManagerRatisUtils.java:465)
	at org.apache.hadoop.ozone.om.ratis.utils.OzoneManagerRatisUtils.checkLeaderStatus(OzoneManagerRatisUtils.java:451)
	at org.apache.hadoop.ozone.protocolPB.OzoneManagerProtocolServerSideTranslatorPB.checkLeaderStatus(OzoneManagerProtocolServerSideTranslatorPB.java:243)
	at org.apache.hadoop.ozone.protocolPB.OzoneManagerProtocolServerSideTranslatorPB.processRequest(OzoneManagerProtocolServerSideTranslatorPB.java:135)
	at org.apache.hadoop.hdds.server.OzoneProtocolMessageDispatcher.processRequest(OzoneProtocolMessageDispatcher.java:87)
	at org.apache.hadoop.ozone.protocolPB.OzoneManagerProtocolServerSideTranslatorPB.submitRequest(OzoneManagerProtocolServerSideTranslatorPB.java:123)
	at org.apache.hadoop.ozone.protocol.proto.OzoneManagerProtocolProtos$OzoneManagerService$2.callBlockingMethod(OzoneManagerProtocolProtos.java)
	at org.apache.hadoop.ipc.ProtobufRpcEngine$Server.processCall(ProtobufRpcEngine.java:466)
	at org.apache.hadoop.ipc.ProtobufRpcEngine2$Server$ProtoBufRpcInvoker.call(ProtobufRpcEngine2.java:574)
	at org.apache.hadoop.ipc.ProtobufRpcEngine2$Server$ProtoBufRpcInvoker.call(ProtobufRpcEngine2.java:552)
	at org.apache.hadoop.ipc.RPC$Server.call(RPC.java:1093)
	at org.apache.hadoop.ipc.Server$RpcCall.run(Server.java:1035)
	at org.apache.hadoop.ipc.Server$RpcCall.run(Server.java:963)
	at java.security.AccessController.doPrivileged(Native Method)
	at javax.security.auth.Subject.doAs(Subject.java:422)
	at org.apache.hadoop.security.UserGroupInformation.doAs(UserGroupInformation.java:1878)
	at org.apache.hadoop.ipc.Server$Handler.run(Server.java:2966)
, while invoking $Proxy52.submitRequest over nodeId=omNode-2,nodeAddress=127.0.0.1:13898 after 1 failover attempts. Trying to failover immediately.
2021-10-24 12:56:42,917 [Time-limited test] INFO  retry.RetryInvocationHandler (RetryInvocationHandler.java:log(411)) - com.google.protobuf.ServiceException: org.apache.hadoop.ipc.RemoteException(org.apache.hadoop.ozone.om.exceptions.OMNotLeaderException): OM:omNode-3 is not the leader. Could not determine the leader node.
	at org.apache.hadoop.ozone.om.ratis.utils.OzoneManagerRatisUtils.createNotLeaderException(OzoneManagerRatisUtils.java:465)
	at org.apache.hadoop.ozone.om.ratis.utils.OzoneManagerRatisUtils.checkLeaderStatus(OzoneManagerRatisUtils.java:451)
	at org.apache.hadoop.ozone.protocolPB.OzoneManagerProtocolServerSideTranslatorPB.checkLeaderStatus(OzoneManagerProtocolServerSideTranslatorPB.java:243)
	at org.apache.hadoop.ozone.protocolPB.OzoneManagerProtocolServerSideTranslatorPB.processRequest(OzoneManagerProtocolServerSideTranslatorPB.java:135)
	at org.apache.hadoop.hdds.server.OzoneProtocolMessageDispatcher.processRequest(OzoneProtocolMessageDispatcher.java:87)
	at org.apache.hadoop.ozone.protocolPB.OzoneManagerProtocolServerSideTranslatorPB.submitRequest(OzoneManagerProtocolServerSideTranslatorPB.java:123)
	at org.apache.hadoop.ozone.protocol.proto.OzoneManagerProtocolProtos$OzoneManagerService$2.callBlockingMethod(OzoneManagerProtocolProtos.java)
	at org.apache.hadoop.ipc.ProtobufRpcEngine$Server.processCall(ProtobufRpcEngine.java:466)
	at org.apache.hadoop.ipc.ProtobufRpcEngine2$Server$ProtoBufRpcInvoker.call(ProtobufRpcEngine2.java:574)
	at org.apache.hadoop.ipc.ProtobufRpcEngine2$Server$ProtoBufRpcInvoker.call(ProtobufRpcEngine2.java:552)
	at org.apache.hadoop.ipc.RPC$Server.call(RPC.java:1093)
	at org.apache.hadoop.ipc.Server$RpcCall.run(Server.java:1035)
	at org.apache.hadoop.ipc.Server$RpcCall.run(Server.java:963)
	at java.security.AccessController.doPrivileged(Native Method)
	at javax.security.auth.Subject.doAs(Subject.java:422)
	at org.apache.hadoop.security.UserGroupInformation.doAs(UserGroupInformation.java:1878)
	at org.apache.hadoop.ipc.Server$Handler.run(Server.java:2966)
, while invoking $Proxy52.submitRequest over nodeId=omNode-3,nodeAddress=127.0.0.1:13904 after 2 failover attempts. Trying to failover after sleeping for 2000ms.
2021-10-24 12:56:43,748 [omNode-1@group-523986131536-FollowerState] INFO  impl.FollowerState (FollowerState.java:run(134)) - omNode-1@group-523986131536-FollowerState: change to CANDIDATE, lastRpcElapsedTime:1017110796ns, electionTimeout:1013ms
2021-10-24 12:56:43,749 [omNode-1@group-523986131536-FollowerState] INFO  impl.RoleInfo (RoleInfo.java:shutdownFollowerState(108)) - omNode-1: shutdown omNode-1@group-523986131536-FollowerState
2021-10-24 12:56:43,749 [omNode-1@group-523986131536-FollowerState] INFO  server.RaftServer$Division (RaftServerImpl.java:setRole(290)) - omNode-1@group-523986131536: changes role from  FOLLOWER to CANDIDATE at term 2 for changeToCandidate
2021-10-24 12:56:43,749 [omNode-1@group-523986131536-FollowerState] INFO  server.RaftServerConfigKeys (ConfUtils.java:logGet(44)) - raft.server.leaderelection.pre-vote = false (custom)
2021-10-24 12:56:43,749 [omNode-1@group-523986131536-FollowerState] INFO  impl.RoleInfo (RoleInfo.java:updateAndGet(130)) - omNode-1: start omNode-1@group-523986131536-LeaderElection20
2021-10-24 12:56:43,752 [omNode-1@group-523986131536-LeaderElection20] INFO  impl.LeaderElection (LeaderElection.java:askForVotes(306)) - omNode-1@group-523986131536-LeaderElection20 ELECTION round 0: submit vote requests at term 3 for 0: [omNode-3|rpc:localhost:13908|admin:|client:|dataStream:|priority:0, omNode-1|rpc:localhost:13896|admin:|client:|dataStream:|priority:0, omNode-2|rpc:localhost:13902|admin:|client:|dataStream:|priority:0], old=null
2021-10-24 12:56:43,762 [grpc-default-executor-4] INFO  server.RaftServer$Division (RaftServerImpl.java:requestVote(1046)) - omNode-3@group-523986131536: receive requestVote(ELECTION, omNode-1, group-523986131536, 3, (t:2, i:20))
2021-10-24 12:56:43,763 [grpc-default-executor-4] INFO  impl.VoteContext (VoteContext.java:log(48)) - omNode-3@group-523986131536-FOLLOWER: reject ELECTION from omNode-1: already has voted for omNode-2 at current term 3
2021-10-24 12:56:43,763 [grpc-default-executor-4] INFO  server.RaftServer$Division (RaftServerImpl.java:requestVote(1078)) - omNode-3@group-523986131536 replies to ELECTION vote request: omNode-1<-omNode-3#0:FAIL-t3. Peer's state: omNode-3@group-523986131536:t3, leader=omNode-2, voted=omNode-2, raftlog=omNode-3@group-523986131536-SegmentedRaftLog:OPENED:c22, conf=21: [omNode-3|rpc:localhost:13908|admin:|client:|dataStream:|priority:0, omNode-1|rpc:localhost:13896|admin:|client:|dataStream:|priority:0, omNode-2|rpc:localhost:13902|admin:|client:|dataStream:|priority:0], old=null
2021-10-24 12:56:43,768 [grpc-default-executor-4] INFO  server.RaftServer$Division (RaftServerImpl.java:requestVote(1046)) - omNode-2@group-523986131536: receive requestVote(ELECTION, omNode-1, group-523986131536, 3, (t:2, i:20))
2021-10-24 12:56:43,768 [grpc-default-executor-4] INFO  impl.VoteContext (VoteContext.java:log(48)) - omNode-2@group-523986131536-FOLLOWER: reject ELECTION from omNode-1: already has voted for omNode-2 at current term 3
2021-10-24 12:56:43,769 [grpc-default-executor-4] INFO  server.RaftServer$Division (RaftServerImpl.java:requestVote(1078)) - omNode-2@group-523986131536 replies to ELECTION vote request: omNode-1<-omNode-2#0:FAIL-t3. Peer's state: omNode-2@group-523986131536:t3, leader=null, voted=omNode-2, raftlog=omNode-2@group-523986131536-SegmentedRaftLog:OPENED:c22, conf=21: [omNode-3|rpc:localhost:13908|admin:|client:|dataStream:|priority:0, omNode-1|rpc:localhost:13896|admin:|client:|dataStream:|priority:0, omNode-2|rpc:localhost:13902|admin:|client:|dataStream:|priority:0], old=null
2021-10-24 12:56:43,772 [omNode-1@group-523986131536-LeaderElection20] INFO  impl.LeaderElection (LeaderElection.java:logAndReturn(89)) - omNode-1@group-523986131536-LeaderElection20: ELECTION REJECTED received 2 response(s) and 0 exception(s):
2021-10-24 12:56:43,772 [omNode-1@group-523986131536-LeaderElection20] INFO  impl.LeaderElection (LeaderElection.java:logAndReturn(93)) -   Response 0: omNode-1<-omNode-3#0:FAIL-t3
2021-10-24 12:56:43,772 [omNode-1@group-523986131536-LeaderElection20] INFO  impl.LeaderElection (LeaderElection.java:logAndReturn(93)) -   Response 1: omNode-1<-omNode-2#0:FAIL-t3
2021-10-24 12:56:43,772 [omNode-1@group-523986131536-LeaderElection20] INFO  impl.LeaderElection (LeaderElection.java:askForVotes(308)) - omNode-1@group-523986131536-LeaderElection20 ELECTION round 0: result REJECTED
2021-10-24 12:56:43,772 [omNode-1@group-523986131536-LeaderElection20] INFO  server.RaftServer$Division (RaftServerImpl.java:setRole(290)) - omNode-1@group-523986131536: changes role from CANDIDATE to FOLLOWER at term 3 for REJECTED
2021-10-24 12:56:43,772 [omNode-1@group-523986131536-LeaderElection20] INFO  impl.RoleInfo (RoleInfo.java:shutdownLeaderElection(121)) - omNode-1: shutdown omNode-1@group-523986131536-LeaderElection20
2021-10-24 12:56:43,772 [omNode-1@group-523986131536-LeaderElection20] INFO  impl.RoleInfo (RoleInfo.java:updateAndGet(130)) - omNode-1: start omNode-1@group-523986131536-FollowerState
2021-10-24 12:56:43,959 [omNode-2@group-523986131536-FollowerState] INFO  impl.FollowerState (FollowerState.java:run(134)) - omNode-2@group-523986131536-FollowerState: change to CANDIDATE, lastRpcElapsedTime:1091981191ns, electionTimeout:1090ms
2021-10-24 12:56:43,959 [omNode-2@group-523986131536-FollowerState] INFO  impl.RoleInfo (RoleInfo.java:shutdownFollowerState(108)) - omNode-2: shutdown omNode-2@group-523986131536-FollowerState
2021-10-24 12:56:43,959 [omNode-2@group-523986131536-FollowerState] INFO  server.RaftServer$Division (RaftServerImpl.java:setRole(290)) - omNode-2@group-523986131536: changes role from  FOLLOWER to CANDIDATE at term 3 for changeToCandidate
2021-10-24 12:56:43,960 [omNode-2@group-523986131536-FollowerState] INFO  server.RaftServerConfigKeys (ConfUtils.java:logGet(44)) - raft.server.leaderelection.pre-vote = false (custom)
2021-10-24 12:56:43,960 [omNode-2@group-523986131536-FollowerState] INFO  impl.RoleInfo (RoleInfo.java:updateAndGet(130)) - omNode-2: start omNode-2@group-523986131536-LeaderElection21
2021-10-24 12:56:43,964 [omNode-2@group-523986131536-LeaderElection21] INFO  impl.LeaderElection (LeaderElection.java:askForVotes(306)) - omNode-2@group-523986131536-LeaderElection21 ELECTION round 0: submit vote requests at term 4 for 21: [omNode-3|rpc:localhost:13908|admin:|client:|dataStream:|priority:0, omNode-1|rpc:localhost:13896|admin:|client:|dataStream:|priority:0, omNode-2|rpc:localhost:13902|admin:|client:|dataStream:|priority:0], old=null
2021-10-24 12:56:43,972 [grpc-default-executor-4] INFO  server.RaftServer$Division (RaftServerImpl.java:requestVote(1046)) - omNode-3@group-523986131536: receive requestVote(ELECTION, omNode-2, group-523986131536, 4, (t:3, i:22))
2021-10-24 12:56:43,972 [grpc-default-executor-4] INFO  impl.VoteContext (VoteContext.java:log(48)) - omNode-3@group-523986131536-FOLLOWER: accept ELECTION from omNode-2: our priority 0 <= candidate's priority 0
2021-10-24 12:56:43,972 [grpc-default-executor-4] INFO  server.RaftServer$Division (ServerState.java:setLeader(285)) - omNode-3@group-523986131536: change Leader from omNode-2 to null at term 4 for updateCurrentTerm
2021-10-24 12:56:43,972 [grpc-default-executor-4] INFO  server.RaftServer$Division (RaftServerImpl.java:setRole(290)) - omNode-3@group-523986131536: changes role from  FOLLOWER to FOLLOWER at term 4 for candidate:omNode-2
2021-10-24 12:56:43,973 [grpc-default-executor-4] INFO  impl.RoleInfo (RoleInfo.java:shutdownFollowerState(108)) - omNode-3: shutdown omNode-3@group-523986131536-FollowerState
2021-10-24 12:56:43,973 [grpc-default-executor-4] INFO  impl.RoleInfo (RoleInfo.java:updateAndGet(130)) - omNode-3: start omNode-3@group-523986131536-FollowerState
2021-10-24 12:56:43,973 [omNode-3@group-523986131536-FollowerState] INFO  impl.FollowerState (FollowerState.java:run(143)) - omNode-3@group-523986131536-FollowerState was interrupted: {}
java.lang.InterruptedException: sleep interrupted
	at java.lang.Thread.sleep(Native Method)
	at java.lang.Thread.sleep(Thread.java:340)
	at java.util.concurrent.TimeUnit.sleep(TimeUnit.java:386)
	at org.apache.ratis.util.TimeDuration.sleep(TimeDuration.java:324)
	at org.apache.ratis.util.TimeDuration.sleep(TimeDuration.java:309)
	at org.apache.ratis.server.impl.FollowerState.run(FollowerState.java:118)
2021-10-24 12:56:43,979 [grpc-default-executor-4] INFO  server.RaftServer$Division (RaftServerImpl.java:requestVote(1078)) - omNode-3@group-523986131536 replies to ELECTION vote request: omNode-2<-omNode-3#0:OK-t4. Peer's state: omNode-3@group-523986131536:t4, leader=null, voted=omNode-2, raftlog=omNode-3@group-523986131536-SegmentedRaftLog:OPENED:c22, conf=21: [omNode-3|rpc:localhost:13908|admin:|client:|dataStream:|priority:0, omNode-1|rpc:localhost:13896|admin:|client:|dataStream:|priority:0, omNode-2|rpc:localhost:13902|admin:|client:|dataStream:|priority:0], old=null
2021-10-24 12:56:43,983 [omNode-2@group-523986131536-LeaderElection21] INFO  impl.LeaderElection (LeaderElection.java:logAndReturn(89)) - omNode-2@group-523986131536-LeaderElection21: ELECTION PASSED received 1 response(s) and 0 exception(s):
2021-10-24 12:56:43,983 [omNode-2@group-523986131536-LeaderElection21] INFO  impl.LeaderElection (LeaderElection.java:logAndReturn(93)) -   Response 0: omNode-2<-omNode-3#0:OK-t4
2021-10-24 12:56:43,983 [omNode-2@group-523986131536-LeaderElection21] INFO  impl.LeaderElection (LeaderElection.java:askForVotes(308)) - omNode-2@group-523986131536-LeaderElection21 ELECTION round 0: result PASSED
2021-10-24 12:56:43,983 [omNode-2@group-523986131536-LeaderElection21] INFO  impl.RoleInfo (RoleInfo.java:shutdownLeaderElection(121)) - omNode-2: shutdown omNode-2@group-523986131536-LeaderElection21
2021-10-24 12:56:43,983 [omNode-2@group-523986131536-LeaderElection21] INFO  server.RaftServer$Division (RaftServerImpl.java:setRole(290)) - omNode-2@group-523986131536: changes role from CANDIDATE to LEADER at term 4 for changeToLeader
2021-10-24 12:56:43,983 [omNode-2@group-523986131536-LeaderElection21] INFO  server.RaftServer$Division (ServerState.java:setLeader(285)) - omNode-2@group-523986131536: change Leader from null to omNode-2 at term 4 for becomeLeader, leader elected after 1126ms
2021-10-24 12:56:43,983 [omNode-2@group-523986131536-LeaderElection21] INFO  server.RaftServerConfigKeys (ConfUtils.java:logGet(44)) - raft.server.staging.catchup.gap = 1000 (default)
2021-10-24 12:56:43,984 [omNode-2@group-523986131536-LeaderElection21] INFO  server.RaftServerConfigKeys (ConfUtils.java:logGet(44)) - raft.server.write.element-limit = 4096 (default)
2021-10-24 12:56:43,984 [omNode-2@group-523986131536-LeaderElection21] INFO  server.RaftServerConfigKeys (ConfUtils.java:logGet(44)) - raft.server.write.byte-limit = 64MB (=67108864) (default)
2021-10-24 12:56:43,984 [omNode-2@group-523986131536-LeaderElection21] INFO  server.RaftServerConfigKeys (ConfUtils.java:logGet(44)) - raft.server.watch.timeout = 10s (default)
2021-10-24 12:56:43,984 [omNode-2@group-523986131536-LeaderElection21] INFO  server.RaftServerConfigKeys (ConfUtils.java:logGet(44)) - raft.server.watch.timeout.denomination = 1s (default)
2021-10-24 12:56:43,984 [omNode-2@group-523986131536-LeaderElection21] INFO  server.RaftServerConfigKeys (ConfUtils.java:logGet(44)) - raft.server.watch.element-limit = 65536 (default)
2021-10-24 12:56:43,984 [omNode-2@group-523986131536-LeaderElection21] INFO  server.RaftServerConfigKeys (ConfUtils.java:logGet(44)) - raft.server.write.element-limit = 4096 (default)
2021-10-24 12:56:43,984 [omNode-2@group-523986131536-LeaderElection21] INFO  server.RaftServerConfigKeys (ConfUtils.java:logGet(44)) - raft.server.write.follower.gap.ratio.max = -1.0 (default)
2021-10-24 12:56:43,984 [omNode-2@group-523986131536-LeaderElection21] INFO  server.RaftServerConfigKeys (ConfUtils.java:logGet(44)) - raft.server.log.appender.snapshot.chunk.size.max = 16MB (=16777216) (default)
2021-10-24 12:56:43,984 [omNode-2@group-523986131536-LeaderElection21] INFO  server.RaftServerConfigKeys (ConfUtils.java:logGet(44)) - raft.server.log.appender.buffer.byte-limit = 33554432 (custom)
2021-10-24 12:56:43,984 [omNode-2@group-523986131536-LeaderElection21] INFO  server.RaftServerConfigKeys (ConfUtils.java:logGet(44)) - raft.server.log.appender.buffer.element-limit = 1024 (custom)
2021-10-24 12:56:43,985 [omNode-2@group-523986131536-LeaderElection21] INFO  grpc.GrpcConfigKeys (ConfUtils.java:logGet(44)) - raft.grpc.server.leader.outstanding.appends.max = 128 (default)
2021-10-24 12:56:43,985 [omNode-2@group-523986131536-LeaderElection21] INFO  server.RaftServerConfigKeys (ConfUtils.java:logGet(44)) - raft.server.rpc.request.timeout = 3000ms (default)
2021-10-24 12:56:43,985 [omNode-2@group-523986131536-LeaderElection21] INFO  server.RaftServerConfigKeys (ConfUtils.java:logGet(44)) - raft.server.log.appender.install.snapshot.enabled = false (custom)
2021-10-24 12:56:43,985 [omNode-2@group-523986131536-LeaderElection21] INFO  server.RaftServerConfigKeys (ConfUtils.java:logGet(44)) - raft.server.log.appender.snapshot.chunk.size.max = 16MB (=16777216) (default)
2021-10-24 12:56:43,985 [omNode-2@group-523986131536-LeaderElection21] INFO  server.RaftServerConfigKeys (ConfUtils.java:logGet(44)) - raft.server.log.appender.buffer.byte-limit = 33554432 (custom)
2021-10-24 12:56:43,985 [omNode-2@group-523986131536-LeaderElection21] INFO  server.RaftServerConfigKeys (ConfUtils.java:logGet(44)) - raft.server.log.appender.buffer.element-limit = 1024 (custom)
2021-10-24 12:56:43,985 [omNode-2@group-523986131536-LeaderElection21] INFO  grpc.GrpcConfigKeys (ConfUtils.java:logGet(44)) - raft.grpc.server.leader.outstanding.appends.max = 128 (default)
2021-10-24 12:56:43,985 [omNode-2@group-523986131536-LeaderElection21] INFO  server.RaftServerConfigKeys (ConfUtils.java:logGet(44)) - raft.server.rpc.request.timeout = 3000ms (default)
2021-10-24 12:56:43,986 [omNode-2@group-523986131536-LeaderElection21] INFO  server.RaftServerConfigKeys (ConfUtils.java:logGet(44)) - raft.server.log.appender.install.snapshot.enabled = false (custom)
2021-10-24 12:56:43,986 [omNode-2@group-523986131536-LeaderElection21] INFO  impl.RoleInfo (RoleInfo.java:updateAndGet(130)) - omNode-2: start omNode-2@group-523986131536-LeaderStateImpl
2021-10-24 12:56:43,986 [omNode-2@group-523986131536-LeaderElection21] INFO  segmented.SegmentedRaftLogWorker (SegmentedRaftLogWorker.java:rollLogSegment(399)) - omNode-2@group-523986131536-SegmentedRaftLogWorker: Rolling segment log-21_22 to index:22
2021-10-24 12:56:43,987 [grpc-default-executor-4] INFO  server.RaftServer$Division (RaftServerImpl.java:requestVote(1046)) - omNode-1@group-523986131536: receive requestVote(ELECTION, omNode-2, group-523986131536, 4, (t:3, i:22))
2021-10-24 12:56:43,987 [grpc-default-executor-4] INFO  impl.VoteContext (VoteContext.java:log(48)) - omNode-1@group-523986131536-FOLLOWER: accept ELECTION from omNode-2: our last entry (t:2, i:20) < candidate's last entry (t:3, i:22)
2021-10-24 12:56:43,987 [grpc-default-executor-4] INFO  server.RaftServer$Division (RaftServerImpl.java:setRole(290)) - omNode-1@group-523986131536: changes role from  FOLLOWER to FOLLOWER at term 4 for candidate:omNode-2
2021-10-24 12:56:43,987 [grpc-default-executor-4] INFO  impl.RoleInfo (RoleInfo.java:shutdownFollowerState(108)) - omNode-1: shutdown omNode-1@group-523986131536-FollowerState
2021-10-24 12:56:43,990 [grpc-default-executor-4] INFO  impl.RoleInfo (RoleInfo.java:updateAndGet(130)) - omNode-1: start omNode-1@group-523986131536-FollowerState
2021-10-24 12:56:43,990 [omNode-1@group-523986131536-FollowerState] INFO  impl.FollowerState (FollowerState.java:run(143)) - omNode-1@group-523986131536-FollowerState was interrupted: {}
java.lang.InterruptedException: sleep interrupted
	at java.lang.Thread.sleep(Native Method)
	at java.lang.Thread.sleep(Thread.java:340)
	at java.util.concurrent.TimeUnit.sleep(TimeUnit.java:386)
	at org.apache.ratis.util.TimeDuration.sleep(TimeDuration.java:324)
	at org.apache.ratis.util.TimeDuration.sleep(TimeDuration.java:309)
	at org.apache.ratis.server.impl.FollowerState.run(FollowerState.java:118)
2021-10-24 12:56:43,990 [omNode-2@group-523986131536-SegmentedRaftLogWorker] INFO  segmented.SegmentedRaftLogWorker (SegmentedRaftLogWorker.java:execute(558)) - omNode-2@group-523986131536-SegmentedRaftLogWorker: Rolled log segment from /home/runner/work/ozone/ozone/hadoop-ozone/integration-test/target/test-dir/MiniOzoneClusterImpl-cd96da87-0819-4dc2-95d7-841b147881f8/omNode-2/ratis/c9bc4cf4-3bc3-3c60-a66b-523986131536/current/log_inprogress_21 to /home/runner/work/ozone/ozone/hadoop-ozone/integration-test/target/test-dir/MiniOzoneClusterImpl-cd96da87-0819-4dc2-95d7-841b147881f8/omNode-2/ratis/c9bc4cf4-3bc3-3c60-a66b-523986131536/current/log_21-22
2021-10-24 12:56:43,992 [grpc-default-executor-4] INFO  server.RaftServer$Division (RaftServerImpl.java:requestVote(1078)) - omNode-1@group-523986131536 replies to ELECTION vote request: omNode-2<-omNode-1#0:OK-t4. Peer's state: omNode-1@group-523986131536:t4, leader=null, voted=omNode-2, raftlog=omNode-1@group-523986131536-SegmentedRaftLog:OPENED:c20, conf=0: [omNode-3|rpc:localhost:13908|admin:|client:|dataStream:|priority:0, omNode-1|rpc:localhost:13896|admin:|client:|dataStream:|priority:0, omNode-2|rpc:localhost:13902|admin:|client:|dataStream:|priority:0], old=null
2021-10-24 12:56:43,996 [omNode-2@group-523986131536-SegmentedRaftLogWorker] INFO  segmented.SegmentedRaftLogWorker (SegmentedRaftLogWorker.java:execute(601)) - omNode-2@group-523986131536-SegmentedRaftLogWorker: created new log segment /home/runner/work/ozone/ozone/hadoop-ozone/integration-test/target/test-dir/MiniOzoneClusterImpl-cd96da87-0819-4dc2-95d7-841b147881f8/omNode-2/ratis/c9bc4cf4-3bc3-3c60-a66b-523986131536/current/log_inprogress_23
2021-10-24 12:56:43,999 [grpc-default-executor-3] INFO  server.RaftServer$Division (ServerState.java:setLeader(285)) - omNode-1@group-523986131536: change Leader from null to omNode-2 at term 4 for appendEntries, leader elected after 1278ms
2021-10-24 12:56:43,999 [grpc-default-executor-0] INFO  server.RaftServer$Division (ServerState.java:setLeader(285)) - omNode-3@group-523986131536: change Leader from null to omNode-2 at term 4 for appendEntries, leader elected after 26ms
2021-10-24 12:56:44,000 [grpc-default-executor-3] INFO  server.RaftServer$Division (RaftServerImpl.java:checkInconsistentAppendEntries(1322)) - omNode-1@group-523986131536: Failed appendEntries as previous log entry ((t:3, i:22)) is not found
2021-10-24 12:56:44,000 [grpc-default-executor-3] INFO  server.RaftServer$Division (RaftServerImpl.java:checkInconsistentAppendEntries(1288)) - omNode-1@group-523986131536: inconsistency entries. Reply:omNode-2<-omNode-1#0:FAIL-t4,INCONSISTENCY,nextIndex=21,followerCommit=20
2021-10-24 12:56:44,001 [grpc-default-executor-1] INFO  leader.FollowerInfo (FollowerInfoImpl.java:lambda$new$0(47)) - omNode-2@group-523986131536->omNode-1: nextIndex: updateUnconditionally 24 -> 21
2021-10-24 12:56:44,002 [grpc-default-executor-3] INFO  server.RaftServer$Division (RaftServerImpl.java:checkInconsistentAppendEntries(1322)) - omNode-1@group-523986131536: Failed appendEntries as previous log entry ((t:3, i:22)) is not found
2021-10-24 12:56:44,002 [grpc-default-executor-3] INFO  server.RaftServer$Division (RaftServerImpl.java:checkInconsistentAppendEntries(1288)) - omNode-1@group-523986131536: inconsistency entries. Reply:omNode-2<-omNode-1#1:FAIL-t4,INCONSISTENCY,nextIndex=21,followerCommit=20
2021-10-24 12:56:44,002 [grpc-default-executor-3] INFO  leader.FollowerInfo (FollowerInfoImpl.java:lambda$new$0(47)) - omNode-2@group-523986131536->omNode-1: nextIndex: updateUnconditionally 21 -> 21
2021-10-24 12:56:44,003 [omNode-2@group-523986131536->omNode-1-GrpcLogAppender-LogAppenderDaemon] ERROR leader.LogAppenderDaemon (LogAppenderDaemon.java:run(86)) - omNode-2@group-523986131536->omNode-1-GrpcLogAppender-LogAppenderDaemon failed
java.lang.NullPointerException: omNode-2@group-523986131536->omNode-1: Previous TermIndex not found for firstIndex = 21
	at java.util.Objects.requireNonNull(Objects.java:290)
	at org.apache.ratis.server.leader.LogAppenderBase.assertProtos(LogAppenderBase.java:169)
	at org.apache.ratis.server.leader.LogAppenderBase.newAppendEntriesRequest(LogAppenderBase.java:154)
	at org.apache.ratis.grpc.server.GrpcLogAppender.appendLog(GrpcLogAppender.java:213)
	at org.apache.ratis.grpc.server.GrpcLogAppender.run(GrpcLogAppender.java:147)
	at org.apache.ratis.server.leader.LogAppenderDaemon.run(LogAppenderDaemon.java:77)
	at java.lang.Thread.run(Thread.java:748)
2021-10-24 12:56:44,003 [omNode-2@group-523986131536->omNode-1-GrpcLogAppender-LogAppenderDaemon] INFO  server.RaftServer$Division (LeaderStateImpl.java:restart(514)) - omNode-2@group-523986131536-LeaderStateImpl: Restarting GrpcLogAppender for omNode-2@group-523986131536->omNode-1
2021-10-24 12:56:44,003 [omNode-2@group-523986131536->omNode-1-GrpcLogAppender-LogAppenderDaemon] INFO  server.RaftServerConfigKeys (ConfUtils.java:logGet(44)) - raft.server.log.appender.snapshot.chunk.size.max = 16MB (=16777216) (default)
2021-10-24 12:56:44,003 [omNode-2@group-523986131536->omNode-1-GrpcLogAppender-LogAppenderDaemon] INFO  server.RaftServerConfigKeys (ConfUtils.java:logGet(44)) - raft.server.log.appender.buffer.byte-limit = 33554432 (custom)
2021-10-24 12:56:44,004 [omNode-2@group-523986131536->omNode-1-GrpcLogAppender-LogAppenderDaemon] INFO  server.RaftServerConfigKeys (ConfUtils.java:logGet(44)) - raft.server.log.appender.buffer.element-limit = 1024 (custom)
2021-10-24 12:56:44,007 [grpc-default-executor-0] INFO  server.RaftServer$Division (ServerState.java:setRaftConf(387)) - omNode-3@group-523986131536: set configuration 23: [omNode-3|rpc:localhost:13908|admin:|client:|dataStream:|priority:0, omNode-1|rpc:localhost:13896|admin:|client:|dataStream:|priority:0, omNode-2|rpc:localhost:13902|admin:|client:|dataStream:|priority:0], old=null
2021-10-24 12:56:44,007 [grpc-default-executor-0] INFO  segmented.SegmentedRaftLogWorker (SegmentedRaftLogWorker.java:rollLogSegment(399)) - omNode-3@group-523986131536-SegmentedRaftLogWorker: Rolling segment log-21_22 to index:22
2021-10-24 12:56:44,008 [omNode-3@group-523986131536-SegmentedRaftLogWorker] INFO  segmented.SegmentedRaftLogWorker (SegmentedRaftLogWorker.java:execute(558)) - omNode-3@group-523986131536-SegmentedRaftLogWorker: Rolled log segment from /home/runner/work/ozone/ozone/hadoop-ozone/integration-test/target/test-dir/MiniOzoneClusterImpl-cd96da87-0819-4dc2-95d7-841b147881f8/omNode-3/ratis/c9bc4cf4-3bc3-3c60-a66b-523986131536/current/log_inprogress_21 to /home/runner/work/ozone/ozone/hadoop-ozone/integration-test/target/test-dir/MiniOzoneClusterImpl-cd96da87-0819-4dc2-95d7-841b147881f8/omNode-3/ratis/c9bc4cf4-3bc3-3c60-a66b-523986131536/current/log_21-22
2021-10-24 12:56:44,011 [omNode-2@group-523986131536-LeaderElection21] INFO  server.RaftServer$Division (ServerState.java:setRaftConf(387)) - omNode-2@group-523986131536: set configuration 23: [omNode-3|rpc:localhost:13908|admin:|client:|dataStream:|priority:0, omNode-1|rpc:localhost:13896|admin:|client:|dataStream:|priority:0, omNode-2|rpc:localhost:13902|admin:|client:|dataStream:|priority:0], old=null
2021-10-24 12:56:44,012 [omNode-2@group-523986131536->omNode-1-GrpcLogAppender-LogAppenderDaemon] INFO  grpc.GrpcConfigKeys (ConfUtils.java:logGet(44)) - raft.grpc.server.leader.outstanding.appends.max = 128 (default)
2021-10-24 12:56:44,013 [omNode-2@group-523986131536->omNode-1-GrpcLogAppender-LogAppenderDaemon] INFO  server.RaftServerConfigKeys (ConfUtils.java:logGet(44)) - raft.server.rpc.request.timeout = 3000ms (default)
2021-10-24 12:56:44,013 [omNode-2@group-523986131536->omNode-1-GrpcLogAppender-LogAppenderDaemon] INFO  server.RaftServerConfigKeys (ConfUtils.java:logGet(44)) - raft.server.log.appender.install.snapshot.enabled = false (custom)
2021-10-24 12:56:44,016 [omNode-2@group-523986131536->omNode-1-GrpcLogAppender-LogAppenderDaemon] INFO  server.GrpcLogAppender (GrpcLogAppender.java:installSnapshot(550)) - omNode-2@group-523986131536->omNode-1-GrpcLogAppender: followerNextIndex = 0 but logStartIndex = 21, notify follower to install snapshot-(t:3, i:21)
2021-10-24 12:56:44,016 [omNode-2@group-523986131536->omNode-1-GrpcLogAppender-LogAppenderDaemon] INFO  server.GrpcLogAppender (GrpcLogAppender.java:installSnapshot(558)) - omNode-2@group-523986131536->omNode-1-GrpcLogAppender: send omNode-2->omNode-1#0-t4,notify:(t:3, i:21)
2021-10-24 12:56:44,016 [omNode-3@group-523986131536-SegmentedRaftLogWorker] INFO  segmented.SegmentedRaftLogWorker (SegmentedRaftLogWorker.java:execute(601)) - omNode-3@group-523986131536-SegmentedRaftLogWorker: created new log segment /home/runner/work/ozone/ozone/hadoop-ozone/integration-test/target/test-dir/MiniOzoneClusterImpl-cd96da87-0819-4dc2-95d7-841b147881f8/omNode-3/ratis/c9bc4cf4-3bc3-3c60-a66b-523986131536/current/log_inprogress_23
2021-10-24 12:56:44,017 [grpc-default-executor-3] INFO  server.RaftServer$Division (RaftServerImpl.java:installSnapshot(1332)) - omNode-1@group-523986131536: receive installSnapshot: omNode-2->omNode-1#0-t4,notify:(t:3, i:21)
2021-10-24 12:56:44,017 [grpc-default-executor-3] INFO  server.RaftServer$Division (RaftServerImpl.java:notifyStateMachineToInstallSnapshot(1551)) - omNode-1@group-523986131536: Received notification to install snapshot at index 21
2021-10-24 12:56:44,017 [grpc-default-executor-3] INFO  server.RaftServer$Division (RaftServerImpl.java:notifyStateMachineToInstallSnapshot(1559)) - omNode-1@group-523986131536: InstallSnapshot notification result: ALREADY_INSTALLED, current snapshot index: 20
2021-10-24 12:56:44,018 [grpc-default-executor-3] INFO  server.RaftServer$Division (RaftServerImpl.java:installSnapshotImpl(1462)) - omNode-1@group-523986131536: set new configuration index: 23
configurationEntry {
  peers {
    id: "omNode-3"
    address: "localhost:13908"
  }
  peers {
    id: "omNode-1"
    address: "localhost:13896"
  }
  peers {
    id: "omNode-2"
    address: "localhost:13902"
  }
}
 from snapshot
2021-10-24 12:56:44,020 [grpc-default-executor-3] INFO  server.RaftServer$Division (ServerState.java:setRaftConf(387)) - omNode-1@group-523986131536: set configuration 23: [omNode-3|rpc:localhost:13908|admin:|client:|dataStream:|priority:0, omNode-1|rpc:localhost:13896|admin:|client:|dataStream:|priority:0, omNode-2|rpc:localhost:13902|admin:|client:|dataStream:|priority:0], old=null
2021-10-24 12:56:44,020 [grpc-default-executor-3] INFO  ratis.OzoneManagerStateMachine (OzoneManagerStateMachine.java:notifyConfigurationChanged(188)) - Received Configuration change notification from Ratis. New Peer list:
[id: "omNode-3"
address: "localhost:13908"
, id: "omNode-1"
address: "localhost:13896"
, id: "omNode-2"
address: "localhost:13902"
]
2021-10-24 12:56:44,020 [grpc-default-executor-3] INFO  server.RaftServer$Division (RaftServerImpl.java:installSnapshot(1343)) - omNode-1@group-523986131536: reply installSnapshot: omNode-2<-omNode-1#0:FAIL-t4,ALREADY_INSTALLED,snapshotIndex=20
2021-10-24 12:56:44,020 [grpc-default-executor-3] INFO  server.GrpcServerProtocolService (GrpcServerProtocolService.java:onCompleted(140)) - omNode-1: Completed INSTALL_SNAPSHOT, lastRequest: omNode-2->omNode-1#0-t4,notify:(t:3, i:21)
2021-10-24 12:56:44,021 [omNode-2@group-523986131536-StateMachineUpdater] INFO  ratis.OzoneManagerStateMachine (OzoneManagerStateMachine.java:notifyConfigurationChanged(188)) - Received Configuration change notification from Ratis. New Peer list:
[id: "omNode-3"
address: "localhost:13908"
, id: "omNode-1"
address: "localhost:13896"
, id: "omNode-2"
address: "localhost:13902"
]
2021-10-24 12:56:44,022 [grpc-default-executor-3] INFO  server.GrpcLogAppender (GrpcLogAppender.java:onNext(410)) - omNode-2@group-523986131536->omNode-1-InstallSnapshotResponseHandler: received the first reply omNode-2<-omNode-1#0:FAIL-t4,ALREADY_INSTALLED,snapshotIndex=20
2021-10-24 12:56:44,022 [grpc-default-executor-3] INFO  server.GrpcLogAppender (GrpcLogAppender.java:onNext(433)) - omNode-2@group-523986131536->omNode-1-InstallSnapshotResponseHandler: Follower snapshot is already at index 20.
2021-10-24 12:56:44,022 [grpc-default-executor-3] INFO  leader.FollowerInfo (FollowerInfoImpl.java:lambda$new$0(47)) - omNode-2@group-523986131536->omNode-1: snapshotIndex: setUnconditionally 0 -> 20
2021-10-24 12:56:44,022 [grpc-default-executor-3] INFO  leader.FollowerInfo (FollowerInfoImpl.java:lambda$new$0(47)) - omNode-2@group-523986131536->omNode-1: matchIndex: setUnconditionally 0 -> 20
2021-10-24 12:56:44,022 [grpc-default-executor-3] INFO  leader.FollowerInfo (FollowerInfoImpl.java:lambda$new$0(47)) - omNode-2@group-523986131536->omNode-1: nextIndex: setUnconditionally 0 -> 21
2021-10-24 12:56:44,022 [grpc-default-executor-3] INFO  leader.FollowerInfo (FollowerInfoImpl.java:setAttemptedToInstallSnapshot(116)) - Follower omNode-2@group-523986131536->omNode-1 acknowledged installing snapshot
2021-10-24 12:56:44,024 [omNode-3@group-523986131536-StateMachineUpdater] INFO  ratis.OzoneManagerStateMachine (OzoneManagerStateMachine.java:notifyConfigurationChanged(188)) - Received Configuration change notification from Ratis. New Peer list:
[id: "omNode-3"
address: "localhost:13908"
, id: "omNode-1"
address: "localhost:13896"
, id: "omNode-2"
address: "localhost:13902"
]
2021-10-24 12:56:44,024 [grpc-default-executor-3] INFO  leader.FollowerInfo (FollowerInfoImpl.java:lambda$new$0(47)) - omNode-2@group-523986131536->omNode-1: nextIndex: updateToMax old=21, new=21, updated? false
2021-10-24 12:56:44,532 [grpc-default-executor-3] INFO  server.RaftServer$Division (RaftServerImpl.java:checkInconsistentAppendEntries(1322)) - omNode-1@group-523986131536: Failed appendEntries as previous log entry ((t:4, i:24)) is not found
2021-10-24 12:56:44,532 [grpc-default-executor-3] INFO  server.RaftServer$Division (RaftServerImpl.java:checkInconsistentAppendEntries(1288)) - omNode-1@group-523986131536: inconsistency entries. Reply:omNode-2<-omNode-1#52:FAIL-t4,INCONSISTENCY,nextIndex=21,followerCommit=20
2021-10-24 12:56:44,534 [grpc-default-executor-3] INFO  leader.FollowerInfo (FollowerInfoImpl.java:lambda$new$0(47)) - omNode-2@group-523986131536->omNode-1: nextIndex: updateUnconditionally 25 -> 21
2021-10-24 12:56:44,925 [Time-limited test] INFO  retry.RetryInvocationHandler (RetryInvocationHandler.java:log(411)) - com.google.protobuf.ServiceException: org.apache.hadoop.ipc.RemoteException(org.apache.hadoop.ozone.om.exceptions.OMNotLeaderException): OM:omNode-1 is not the leader. Could not determine the leader node.
	at org.apache.hadoop.ozone.om.ratis.utils.OzoneManagerRatisUtils.createNotLeaderException(OzoneManagerRatisUtils.java:465)
	at org.apache.hadoop.ozone.om.ratis.utils.OzoneManagerRatisUtils.checkLeaderStatus(OzoneManagerRatisUtils.java:451)
	at org.apache.hadoop.ozone.protocolPB.OzoneManagerProtocolServerSideTranslatorPB.checkLeaderStatus(OzoneManagerProtocolServerSideTranslatorPB.java:243)
	at org.apache.hadoop.ozone.protocolPB.OzoneManagerProtocolServerSideTranslatorPB.processRequest(OzoneManagerProtocolServerSideTranslatorPB.java:135)
	at org.apache.hadoop.hdds.server.OzoneProtocolMessageDispatcher.processRequest(OzoneProtocolMessageDispatcher.java:87)
	at org.apache.hadoop.ozone.protocolPB.OzoneManagerProtocolServerSideTranslatorPB.submitRequest(OzoneManagerProtocolServerSideTranslatorPB.java:123)
	at org.apache.hadoop.ozone.protocol.proto.OzoneManagerProtocolProtos$OzoneManagerService$2.callBlockingMethod(OzoneManagerProtocolProtos.java)
	at org.apache.hadoop.ipc.ProtobufRpcEngine$Server.processCall(ProtobufRpcEngine.java:466)
	at org.apache.hadoop.ipc.ProtobufRpcEngine2$Server$ProtoBufRpcInvoker.call(ProtobufRpcEngine2.java:574)
	at org.apache.hadoop.ipc.ProtobufRpcEngine2$Server$ProtoBufRpcInvoker.call(ProtobufRpcEngine2.java:552)
	at org.apache.hadoop.ipc.RPC$Server.call(RPC.java:1093)
	at org.apache.hadoop.ipc.Server$RpcCall.run(Server.java:1035)
	at org.apache.hadoop.ipc.Server$RpcCall.run(Server.java:963)
	at java.security.AccessController.doPrivileged(Native Method)
	at javax.security.auth.Subject.doAs(Subject.java:422)
	at org.apache.hadoop.security.UserGroupInformation.doAs(UserGroupInformation.java:1878)
	at org.apache.hadoop.ipc.Server$Handler.run(Server.java:2966)
, while invoking $Proxy52.submitRequest over nodeId=omNode-1,nodeAddress=127.0.0.1:13892 after 3 failover attempts. Trying to failover immediately.
2021-10-24 12:56:44,928 [grpc-default-executor-0] INFO  server.RaftServer$Division (RaftServerImpl.java:checkInconsistentAppendEntries(1322)) - omNode-1@group-523986131536: Failed appendEntries as previous log entry ((t:4, i:24)) is not found
2021-10-24 12:56:44,928 [grpc-default-executor-0] INFO  server.RaftServer$Division (RaftServerImpl.java:checkInconsistentAppendEntries(1288)) - omNode-1@group-523986131536: inconsistency entries. Reply:omNode-2<-omNode-1#92:FAIL-t4,INCONSISTENCY,nextIndex=21,followerCommit=20
2021-10-24 12:56:44,931 [grpc-default-executor-3] INFO  server.RaftServer$Division (RaftServerImpl.java:checkInconsistentAppendEntries(1322)) - omNode-1@group-523986131536: Failed appendEntries as previous log entry ((t:4, i:25)) is not found
2021-10-24 12:56:44,931 [grpc-default-executor-3] INFO  server.RaftServer$Division (RaftServerImpl.java:checkInconsistentAppendEntries(1288)) - omNode-1@group-523986131536: inconsistency entries. Reply:omNode-2<-omNode-1#93:FAIL-t4,INCONSISTENCY,nextIndex=21,followerCommit=20
2021-10-24 12:56:44,931 [OM StateMachine ApplyTransaction Thread - 0] INFO  upgrade.OMCancelPrepareRequest (OMCancelPrepareRequest.java:validateAndUpdateCache(55)) - OM omNode-2 Received cancel prepare request with log index 25
2021-10-24 12:56:44,932 [OM StateMachine ApplyTransaction Thread - 0] INFO  om.OzoneManagerPrepareState (OzoneManagerPrepareState.java:deletePrepareMarkerFile(271)) - Deleted prepare marker file: /home/runner/work/ozone/ozone/hadoop-ozone/integration-test/target/test-dir/MiniOzoneClusterImpl-cd96da87-0819-4dc2-95d7-841b147881f8/omNode-2/current/prepareMarker
2021-10-24 12:56:44,932 [OM StateMachine ApplyTransaction Thread - 0] INFO  upgrade.OMCancelPrepareRequest (OMCancelPrepareRequest.java:validateAndUpdateCache(84)) - OM omNode-2 prepare state cancelled at log index 25. Returning response 
2021-10-24 12:56:44,940 [OM StateMachine ApplyTransaction Thread - 0] INFO  upgrade.OMCancelPrepareRequest (OMCancelPrepareRequest.java:validateAndUpdateCache(55)) - OM omNode-3 Received cancel prepare request with log index 25
2021-10-24 12:56:44,941 [OM StateMachine ApplyTransaction Thread - 0] INFO  om.OzoneManagerPrepareState (OzoneManagerPrepareState.java:deletePrepareMarkerFile(271)) - Deleted prepare marker file: /home/runner/work/ozone/ozone/hadoop-ozone/integration-test/target/test-dir/MiniOzoneClusterImpl-cd96da87-0819-4dc2-95d7-841b147881f8/omNode-3/current/prepareMarker
2021-10-24 12:56:44,941 [OM StateMachine ApplyTransaction Thread - 0] INFO  upgrade.OMCancelPrepareRequest (OMCancelPrepareRequest.java:validateAndUpdateCache(84)) - OM omNode-3 prepare state cancelled at log index 25. Returning response 
2021-10-24 12:56:45,432 [grpc-default-executor-3] INFO  server.RaftServer$Division (RaftServerImpl.java:checkInconsistentAppendEntries(1322)) - omNode-1@group-523986131536: Failed appendEntries as previous log entry ((t:4, i:26)) is not found
2021-10-24 12:56:45,432 [grpc-default-executor-3] INFO  server.RaftServer$Division (RaftServerImpl.java:checkInconsistentAppendEntries(1288)) - omNode-1@group-523986131536: inconsistency entries. Reply:omNode-2<-omNode-1#144:FAIL-t4,INCONSISTENCY,nextIndex=21,followerCommit=20
2021-10-24 12:56:45,432 [grpc-default-executor-3] INFO  leader.FollowerInfo (FollowerInfoImpl.java:lambda$new$0(47)) - omNode-2@group-523986131536->omNode-1: nextIndex: updateUnconditionally 27 -> 21
2021-10-24 12:56:45,935 [grpc-default-executor-3] INFO  server.RaftServer$Division (RaftServerImpl.java:checkInconsistentAppendEntries(1322)) - omNode-1@group-523986131536: Failed appendEntries as previous log entry ((t:4, i:26)) is not found
2021-10-24 12:56:45,935 [grpc-default-executor-3] INFO  server.RaftServer$Division (RaftServerImpl.java:checkInconsistentAppendEntries(1288)) - omNode-1@group-523986131536: inconsistency entries. Reply:omNode-2<-omNode-1#195:FAIL-t4,INCONSISTENCY,nextIndex=21,followerCommit=20
2021-10-24 12:56:45,936 [grpc-default-executor-3] INFO  leader.FollowerInfo (FollowerInfoImpl.java:lambda$new$0(47)) - omNode-2@group-523986131536->omNode-1: nextIndex: updateUnconditionally 27 -> 21
2021-10-24 12:56:46,438 [grpc-default-executor-3] INFO  server.RaftServer$Division (RaftServerImpl.java:checkInconsistentAppendEntries(1322)) - omNode-1@group-523986131536: Failed appendEntries as previous log entry ((t:4, i:26)) is not found
2021-10-24 12:56:46,438 [grpc-default-executor-3] INFO  server.RaftServer$Division (RaftServerImpl.java:checkInconsistentAppendEntries(1288)) - omNode-1@group-523986131536: inconsistency entries. Reply:omNode-2<-omNode-1#246:FAIL-t4,INCONSISTENCY,nextIndex=21,followerCommit=20
2021-10-24 12:56:46,439 [grpc-default-executor-3] INFO  leader.FollowerInfo (FollowerInfoImpl.java:lambda$new$0(47)) - omNode-2@group-523986131536->omNode-1: nextIndex: updateUnconditionally 27 -> 21
2021-10-24 12:56:46,941 [grpc-default-executor-3] INFO  server.RaftServer$Division (RaftServerImpl.java:checkInconsistentAppendEntries(1322)) - omNode-1@group-523986131536: Failed appendEntries as previous log entry ((t:4, i:26)) is not found
2021-10-24 12:56:46,942 [grpc-default-executor-3] INFO  server.RaftServer$Division (RaftServerImpl.java:checkInconsistentAppendEntries(1288)) - omNode-1@group-523986131536: inconsistency entries. Reply:omNode-2<-omNode-1#297:FAIL-t4,INCONSISTENCY,nextIndex=21,followerCommit=20
2021-10-24 12:56:46,942 [grpc-default-executor-3] INFO  leader.FollowerInfo (FollowerInfoImpl.java:lambda$new$0(47)) - omNode-2@group-523986131536->omNode-1: nextIndex: updateUnconditionally 27 -> 21
2021-10-24 12:56:47,444 [grpc-default-executor-3] INFO  server.RaftServer$Division (RaftServerImpl.java:checkInconsistentAppendEntries(1322)) - omNode-1@group-523986131536: Failed appendEntries as previous log entry ((t:4, i:26)) is not found
2021-10-24 12:56:47,445 [grpc-default-executor-3] INFO  server.RaftServer$Division (RaftServerImpl.java:checkInconsistentAppendEntries(1288)) - omNode-1@group-523986131536: inconsistency entries. Reply:omNode-2<-omNode-1#348:FAIL-t4,INCONSISTENCY,nextIndex=21,followerCommit=20
2021-10-24 12:56:47,445 [grpc-default-executor-3] INFO  leader.FollowerInfo (FollowerInfoImpl.java:lambda$new$0(47)) - omNode-2@group-523986131536->omNode-1: nextIndex: updateUnconditionally 27 -> 21
2021-10-24 12:56:47,947 [grpc-default-executor-3] INFO  server.RaftServer$Division (RaftServerImpl.java:checkInconsistentAppendEntries(1322)) - omNode-1@group-523986131536: Failed appendEntries as previous log entry ((t:4, i:26)) is not found
2021-10-24 12:56:47,948 [grpc-default-executor-3] INFO  server.RaftServer$Division (RaftServerImpl.java:checkInconsistentAppendEntries(1288)) - omNode-1@group-523986131536: inconsistency entries. Reply:omNode-2<-omNode-1#399:FAIL-t4,INCONSISTENCY,nextIndex=21,followerCommit=20
2021-10-24 12:56:47,948 [grpc-default-executor-3] INFO  leader.FollowerInfo (FollowerInfoImpl.java:lambda$new$0(47)) - omNode-2@group-523986131536->omNode-1: nextIndex: updateUnconditionally 27 -> 21
2021-10-24 12:56:48,450 [grpc-default-executor-3] INFO  server.RaftServer$Division (RaftServerImpl.java:checkInconsistentAppendEntries(1322)) - omNode-1@group-523986131536: Failed appendEntries as previous log entry ((t:4, i:26)) is not found
2021-10-24 12:56:48,451 [grpc-default-executor-3] INFO  server.RaftServer$Division (RaftServerImpl.java:checkInconsistentAppendEntries(1288)) - omNode-1@group-523986131536: inconsistency entries. Reply:omNode-2<-omNode-1#450:FAIL-t4,INCONSISTENCY,nextIndex=21,followerCommit=20
2021-10-24 12:56:48,451 [grpc-default-executor-3] INFO  leader.FollowerInfo (FollowerInfoImpl.java:lambda$new$0(47)) - omNode-2@group-523986131536->omNode-1: nextIndex: updateUnconditionally 27 -> 21
2021-10-24 12:56:48,954 [grpc-default-executor-0] INFO  server.RaftServer$Division (RaftServerImpl.java:checkInconsistentAppendEntries(1322)) - omNode-1@group-523986131536: Failed appendEntries as previous log entry ((t:4, i:26)) is not found
2021-10-24 12:56:48,954 [grpc-default-executor-0] INFO  server.RaftServer$Division (RaftServerImpl.java:checkInconsistentAppendEntries(1288)) - omNode-1@group-523986131536: inconsistency entries. Reply:omNode-2<-omNode-1#501:FAIL-t4,INCONSISTENCY,nextIndex=21,followerCommit=20
2021-10-24 12:56:48,955 [grpc-default-executor-0] INFO  leader.FollowerInfo (FollowerInfoImpl.java:lambda$new$0(47)) - omNode-2@group-523986131536->omNode-1: nextIndex: updateUnconditionally 27 -> 21
2021-10-24 12:56:49,457 [grpc-default-executor-3] INFO  server.RaftServer$Division (RaftServerImpl.java:checkInconsistentAppendEntries(1322)) - omNode-1@group-523986131536: Failed appendEntries as previous log entry ((t:4, i:26)) is not found
2021-10-24 12:56:49,458 [grpc-default-executor-3] INFO  server.RaftServer$Division (RaftServerImpl.java:checkInconsistentAppendEntries(1288)) - omNode-1@group-523986131536: inconsistency entries. Reply:omNode-2<-omNode-1#552:FAIL-t4,INCONSISTENCY,nextIndex=21,followerCommit=20
2021-10-24 12:56:49,458 [grpc-default-executor-3] INFO  leader.FollowerInfo (FollowerInfoImpl.java:lambda$new$0(47)) - omNode-2@group-523986131536->omNode-1: nextIndex: updateUnconditionally 27 -> 21
2021-10-24 12:56:49,960 [grpc-default-executor-3] INFO  server.RaftServer$Division (RaftServerImpl.java:checkInconsistentAppendEntries(1322)) - omNode-1@group-523986131536: Failed appendEntries as previous log entry ((t:4, i:26)) is not found
2021-10-24 12:56:49,961 [grpc-default-executor-3] INFO  server.RaftServer$Division (RaftServerImpl.java:checkInconsistentAppendEntries(1288)) - omNode-1@group-523986131536: inconsistency entries. Reply:omNode-2<-omNode-1#603:FAIL-t4,INCONSISTENCY,nextIndex=21,followerCommit=20
2021-10-24 12:56:49,961 [grpc-default-executor-3] INFO  leader.FollowerInfo (FollowerInfoImpl.java:lambda$new$0(47)) - omNode-2@group-523986131536->omNode-1: nextIndex: updateUnconditionally 27 -> 21
2021-10-24 12:56:50,463 [grpc-default-executor-3] INFO  server.RaftServer$Division (RaftServerImpl.java:checkInconsistentAppendEntries(1322)) - omNode-1@group-523986131536: Failed appendEntries as previous log entry ((t:4, i:26)) is not found
2021-10-24 12:56:50,463 [grpc-default-executor-3] INFO  server.RaftServer$Division (RaftServerImpl.java:checkInconsistentAppendEntries(1288)) - omNode-1@group-523986131536: inconsistency entries. Reply:omNode-2<-omNode-1#653:FAIL-t4,INCONSISTENCY,nextIndex=21,followerCommit=20
2021-10-24 12:56:50,465 [grpc-default-executor-3] INFO  leader.FollowerInfo (FollowerInfoImpl.java:lambda$new$0(47)) - omNode-2@group-523986131536->omNode-1: nextIndex: updateUnconditionally 27 -> 21
2021-10-24 12:56:50,967 [grpc-default-executor-0] INFO  server.RaftServer$Division (RaftServerImpl.java:checkInconsistentAppendEntries(1322)) - omNode-1@group-523986131536: Failed appendEntries as previous log entry ((t:4, i:26)) is not found
2021-10-24 12:56:50,967 [grpc-default-executor-0] INFO  server.RaftServer$Division (RaftServerImpl.java:checkInconsistentAppendEntries(1288)) - omNode-1@group-523986131536: inconsistency entries. Reply:omNode-2<-omNode-1#704:FAIL-t4,INCONSISTENCY,nextIndex=21,followerCommit=20
2021-10-24 12:56:50,968 [grpc-default-executor-0] INFO  leader.FollowerInfo (FollowerInfoImpl.java:lambda$new$0(47)) - omNode-2@group-523986131536->omNode-1: nextIndex: updateUnconditionally 27 -> 21
2021-10-24 12:56:51,470 [grpc-default-executor-3] INFO  server.RaftServer$Division (RaftServerImpl.java:checkInconsistentAppendEntries(1322)) - omNode-1@group-523986131536: Failed appendEntries as previous log entry ((t:4, i:26)) is not found
2021-10-24 12:56:51,470 [grpc-default-executor-3] INFO  server.RaftServer$Division (RaftServerImpl.java:checkInconsistentAppendEntries(1288)) - omNode-1@group-523986131536: inconsistency entries. Reply:omNode-2<-omNode-1#755:FAIL-t4,INCONSISTENCY,nextIndex=21,followerCommit=20
2021-10-24 12:56:51,471 [grpc-default-executor-3] INFO  leader.FollowerInfo (FollowerInfoImpl.java:lambda$new$0(47)) - omNode-2@group-523986131536->omNode-1: nextIndex: updateUnconditionally 27 -> 21
2021-10-24 12:56:51,973 [grpc-default-executor-0] INFO  server.RaftServer$Division (RaftServerImpl.java:checkInconsistentAppendEntries(1322)) - omNode-1@group-523986131536: Failed appendEntries as previous log entry ((t:4, i:26)) is not found
2021-10-24 12:56:51,973 [grpc-default-executor-0] INFO  server.RaftServer$Division (RaftServerImpl.java:checkInconsistentAppendEntries(1288)) - omNode-1@group-523986131536: inconsistency entries. Reply:omNode-2<-omNode-1#806:FAIL-t4,INCONSISTENCY,nextIndex=21,followerCommit=20
2021-10-24 12:56:51,974 [grpc-default-executor-0] INFO  leader.FollowerInfo (FollowerInfoImpl.java:lambda$new$0(47)) - omNode-2@group-523986131536->omNode-1: nextIndex: updateUnconditionally 27 -> 21
2021-10-24 12:56:52,476 [grpc-default-executor-3] INFO  server.RaftServer$Division (RaftServerImpl.java:checkInconsistentAppendEntries(1322)) - omNode-1@group-523986131536: Failed appendEntries as previous log entry ((t:4, i:26)) is not found
2021-10-24 12:56:52,476 [grpc-default-executor-3] INFO  server.RaftServer$Division (RaftServerImpl.java:checkInconsistentAppendEntries(1288)) - omNode-1@group-523986131536: inconsistency entries. Reply:omNode-2<-omNode-1#857:FAIL-t4,INCONSISTENCY,nextIndex=21,followerCommit=20
2021-10-24 12:56:52,477 [grpc-default-executor-3] INFO  leader.FollowerInfo (FollowerInfoImpl.java:lambda$new$0(47)) - omNode-2@group-523986131536->omNode-1: nextIndex: updateUnconditionally 27 -> 21
2021-10-24 12:56:52,979 [grpc-default-executor-0] INFO  server.RaftServer$Division (RaftServerImpl.java:checkInconsistentAppendEntries(1322)) - omNode-1@group-523986131536: Failed appendEntries as previous log entry ((t:4, i:26)) is not found
2021-10-24 12:56:52,979 [grpc-default-executor-0] INFO  server.RaftServer$Division (RaftServerImpl.java:checkInconsistentAppendEntries(1288)) - omNode-1@group-523986131536: inconsistency entries. Reply:omNode-2<-omNode-1#908:FAIL-t4,INCONSISTENCY,nextIndex=21,followerCommit=20
2021-10-24 12:56:52,980 [grpc-default-executor-0] INFO  leader.FollowerInfo (FollowerInfoImpl.java:lambda$new$0(47)) - omNode-2@group-523986131536->omNode-1: nextIndex: updateUnconditionally 27 -> 21
2021-10-24 12:56:53,483 [grpc-default-executor-0] INFO  server.RaftServer$Division (RaftServerImpl.java:checkInconsistentAppendEntries(1322)) - omNode-1@group-523986131536: Failed appendEntries as previous log entry ((t:4, i:26)) is not found
2021-10-24 12:56:53,483 [grpc-default-executor-0] INFO  server.RaftServer$Division (RaftServerImpl.java:checkInconsistentAppendEntries(1288)) - omNode-1@group-523986131536: inconsistency entries. Reply:omNode-2<-omNode-1#959:FAIL-t4,INCONSISTENCY,nextIndex=21,followerCommit=20
2021-10-24 12:56:53,483 [grpc-default-executor-0] INFO  leader.FollowerInfo (FollowerInfoImpl.java:lambda$new$0(47)) - omNode-2@group-523986131536->omNode-1: nextIndex: updateUnconditionally 27 -> 21
2021-10-24 12:56:53,985 [grpc-default-executor-3] INFO  server.RaftServer$Division (RaftServerImpl.java:checkInconsistentAppendEntries(1322)) - omNode-1@group-523986131536: Failed appendEntries as previous log entry ((t:4, i:26)) is not found
2021-10-24 12:56:53,985 [grpc-default-executor-3] INFO  server.RaftServer$Division (RaftServerImpl.java:checkInconsistentAppendEntries(1288)) - omNode-1@group-523986131536: inconsistency entries. Reply:omNode-2<-omNode-1#1010:FAIL-t4,INCONSISTENCY,nextIndex=21,followerCommit=20
2021-10-24 12:56:53,986 [grpc-default-executor-3] INFO  leader.FollowerInfo (FollowerInfoImpl.java:lambda$new$0(47)) - omNode-2@group-523986131536->omNode-1: nextIndex: updateUnconditionally 27 -> 21
2021-10-24 12:56:54,488 [grpc-default-executor-3] INFO  server.RaftServer$Division (RaftServerImpl.java:checkInconsistentAppendEntries(1322)) - omNode-1@group-523986131536: Failed appendEntries as previous log entry ((t:4, i:26)) is not found
2021-10-24 12:56:54,489 [grpc-default-executor-3] INFO  server.RaftServer$Division (RaftServerImpl.java:checkInconsistentAppendEntries(1288)) - omNode-1@group-523986131536: inconsistency entries. Reply:omNode-2<-omNode-1#1061:FAIL-t4,INCONSISTENCY,nextIndex=21,followerCommit=20
2021-10-24 12:56:54,489 [grpc-default-executor-3] INFO  leader.FollowerInfo (FollowerInfoImpl.java:lambda$new$0(47)) - omNode-2@group-523986131536->omNode-1: nextIndex: updateUnconditionally 27 -> 21
2021-10-24 12:56:54,991 [grpc-default-executor-0] INFO  server.RaftServer$Division (RaftServerImpl.java:checkInconsistentAppendEntries(1322)) - omNode-1@group-523986131536: Failed appendEntries as previous log entry ((t:4, i:26)) is not found
2021-10-24 12:56:54,991 [grpc-default-executor-0] INFO  server.RaftServer$Division (RaftServerImpl.java:checkInconsistentAppendEntries(1288)) - omNode-1@group-523986131536: inconsistency entries. Reply:omNode-2<-omNode-1#1112:FAIL-t4,INCONSISTENCY,nextIndex=21,followerCommit=20
2021-10-24 12:56:54,992 [grpc-default-executor-3] INFO  leader.FollowerInfo (FollowerInfoImpl.java:lambda$new$0(47)) - omNode-2@group-523986131536->omNode-1: nextIndex: updateUnconditionally 27 -> 21
2021-10-24 12:56:55,493 [grpc-default-executor-0] INFO  server.RaftServer$Division (RaftServerImpl.java:checkInconsistentAppendEntries(1322)) - omNode-1@group-523986131536: Failed appendEntries as previous log entry ((t:4, i:26)) is not found
2021-10-24 12:56:55,494 [grpc-default-executor-0] INFO  server.RaftServer$Division (RaftServerImpl.java:checkInconsistentAppendEntries(1288)) - omNode-1@group-523986131536: inconsistency entries. Reply:omNode-2<-omNode-1#1163:FAIL-t4,INCONSISTENCY,nextIndex=21,followerCommit=20
2021-10-24 12:56:55,494 [grpc-default-executor-0] INFO  leader.FollowerInfo (FollowerInfoImpl.java:lambda$new$0(47)) - omNode-2@group-523986131536->omNode-1: nextIndex: updateUnconditionally 27 -> 21
2021-10-24 12:56:55,997 [grpc-default-executor-0] INFO  server.RaftServer$Division (RaftServerImpl.java:checkInconsistentAppendEntries(1322)) - omNode-1@group-523986131536: Failed appendEntries as previous log entry ((t:4, i:26)) is not found
2021-10-24 12:56:55,997 [grpc-default-executor-0] INFO  server.RaftServer$Division (RaftServerImpl.java:checkInconsistentAppendEntries(1288)) - omNode-1@group-523986131536: inconsistency entries. Reply:omNode-2<-omNode-1#1214:FAIL-t4,INCONSISTENCY,nextIndex=21,followerCommit=20
2021-10-24 12:56:55,998 [grpc-default-executor-0] INFO  leader.FollowerInfo (FollowerInfoImpl.java:lambda$new$0(47)) - omNode-2@group-523986131536->omNode-1: nextIndex: updateUnconditionally 27 -> 21
2021-10-24 12:56:56,500 [grpc-default-executor-3] INFO  server.RaftServer$Division (RaftServerImpl.java:checkInconsistentAppendEntries(1322)) - omNode-1@group-523986131536: Failed appendEntries as previous log entry ((t:4, i:26)) is not found
2021-10-24 12:56:56,500 [grpc-default-executor-3] INFO  server.RaftServer$Division (RaftServerImpl.java:checkInconsistentAppendEntries(1288)) - omNode-1@group-523986131536: inconsistency entries. Reply:omNode-2<-omNode-1#1265:FAIL-t4,INCONSISTENCY,nextIndex=21,followerCommit=20
2021-10-24 12:56:56,501 [grpc-default-executor-3] INFO  leader.FollowerInfo (FollowerInfoImpl.java:lambda$new$0(47)) - omNode-2@group-523986131536->omNode-1: nextIndex: updateUnconditionally 27 -> 21
2021-10-24 12:56:57,003 [grpc-default-executor-0] INFO  server.RaftServer$Division (RaftServerImpl.java:checkInconsistentAppendEntries(1322)) - omNode-1@group-523986131536: Failed appendEntries as previous log entry ((t:4, i:26)) is not found
2021-10-24 12:56:57,003 [grpc-default-executor-0] INFO  server.RaftServer$Division (RaftServerImpl.java:checkInconsistentAppendEntries(1288)) - omNode-1@group-523986131536: inconsistency entries. Reply:omNode-2<-omNode-1#1316:FAIL-t4,INCONSISTENCY,nextIndex=21,followerCommit=20
2021-10-24 12:56:57,004 [grpc-default-executor-0] INFO  leader.FollowerInfo (FollowerInfoImpl.java:lambda$new$0(47)) - omNode-2@group-523986131536->omNode-1: nextIndex: updateUnconditionally 27 -> 21
2021-10-24 12:56:57,506 [grpc-default-executor-3] INFO  server.RaftServer$Division (RaftServerImpl.java:checkInconsistentAppendEntries(1322)) - omNode-1@group-523986131536: Failed appendEntries as previous log entry ((t:4, i:26)) is not found
2021-10-24 12:56:57,506 [grpc-default-executor-3] INFO  server.RaftServer$Division (RaftServerImpl.java:checkInconsistentAppendEntries(1288)) - omNode-1@group-523986131536: inconsistency entries. Reply:omNode-2<-omNode-1#1367:FAIL-t4,INCONSISTENCY,nextIndex=21,followerCommit=20
2021-10-24 12:56:57,507 [grpc-default-executor-3] INFO  leader.FollowerInfo (FollowerInfoImpl.java:lambda$new$0(47)) - omNode-2@group-523986131536->omNode-1: nextIndex: updateUnconditionally 27 -> 21
2021-10-24 12:56:58,009 [grpc-default-executor-0] INFO  server.RaftServer$Division (RaftServerImpl.java:checkInconsistentAppendEntries(1322)) - omNode-1@group-523986131536: Failed appendEntries as previous log entry ((t:4, i:26)) is not found
2021-10-24 12:56:58,009 [grpc-default-executor-0] INFO  server.RaftServer$Division (RaftServerImpl.java:checkInconsistentAppendEntries(1288)) - omNode-1@group-523986131536: inconsistency entries. Reply:omNode-2<-omNode-1#1418:FAIL-t4,INCONSISTENCY,nextIndex=21,followerCommit=20
2021-10-24 12:56:58,009 [grpc-default-executor-0] INFO  leader.FollowerInfo (FollowerInfoImpl.java:lambda$new$0(47)) - omNode-2@group-523986131536->omNode-1: nextIndex: updateUnconditionally 27 -> 21
2021-10-24 12:56:58,511 [grpc-default-executor-3] INFO  server.RaftServer$Division (RaftServerImpl.java:checkInconsistentAppendEntries(1322)) - omNode-1@group-523986131536: Failed appendEntries as previous log entry ((t:4, i:26)) is not found
2021-10-24 12:56:58,511 [grpc-default-executor-3] INFO  server.RaftServer$Division (RaftServerImpl.java:checkInconsistentAppendEntries(1288)) - omNode-1@group-523986131536: inconsistency entries. Reply:omNode-2<-omNode-1#1469:FAIL-t4,INCONSISTENCY,nextIndex=21,followerCommit=20
2021-10-24 12:56:58,513 [grpc-default-executor-0] INFO  leader.FollowerInfo (FollowerInfoImpl.java:lambda$new$0(47)) - omNode-2@group-523986131536->omNode-1: nextIndex: updateUnconditionally 27 -> 21
2021-10-24 12:56:59,015 [grpc-default-executor-3] INFO  server.RaftServer$Division (RaftServerImpl.java:checkInconsistentAppendEntries(1322)) - omNode-1@group-523986131536: Failed appendEntries as previous log entry ((t:4, i:26)) is not found
2021-10-24 12:56:59,016 [grpc-default-executor-3] INFO  server.RaftServer$Division (RaftServerImpl.java:checkInconsistentAppendEntries(1288)) - omNode-1@group-523986131536: inconsistency entries. Reply:omNode-2<-omNode-1#1520:FAIL-t4,INCONSISTENCY,nextIndex=21,followerCommit=20
2021-10-24 12:56:59,017 [grpc-default-executor-0] INFO  leader.FollowerInfo (FollowerInfoImpl.java:lambda$new$0(47)) - omNode-2@group-523986131536->omNode-1: nextIndex: updateUnconditionally 27 -> 21
2021-10-24 12:56:59,519 [grpc-default-executor-3] INFO  server.RaftServer$Division (RaftServerImpl.java:checkInconsistentAppendEntries(1322)) - omNode-1@group-523986131536: Failed appendEntries as previous log entry ((t:4, i:26)) is not found
2021-10-24 12:56:59,519 [grpc-default-executor-3] INFO  server.RaftServer$Division (RaftServerImpl.java:checkInconsistentAppendEntries(1288)) - omNode-1@group-523986131536: inconsistency entries. Reply:omNode-2<-omNode-1#1571:FAIL-t4,INCONSISTENCY,nextIndex=21,followerCommit=20
2021-10-24 12:56:59,520 [grpc-default-executor-3] INFO  leader.FollowerInfo (FollowerInfoImpl.java:lambda$new$0(47)) - omNode-2@group-523986131536->omNode-1: nextIndex: updateUnconditionally 27 -> 21
2021-10-24 12:57:00,022 [grpc-default-executor-0] INFO  server.RaftServer$Division (RaftServerImpl.java:checkInconsistentAppendEntries(1322)) - omNode-1@group-523986131536: Failed appendEntries as previous log entry ((t:4, i:26)) is not found
2021-10-24 12:57:00,022 [grpc-default-executor-0] INFO  server.RaftServer$Division (RaftServerImpl.java:checkInconsistentAppendEntries(1288)) - omNode-1@group-523986131536: inconsistency entries. Reply:omNode-2<-omNode-1#1622:FAIL-t4,INCONSISTENCY,nextIndex=21,followerCommit=20
2021-10-24 12:57:00,023 [grpc-default-executor-0] INFO  leader.FollowerInfo (FollowerInfoImpl.java:lambda$new$0(47)) - omNode-2@group-523986131536->omNode-1: nextIndex: updateUnconditionally 27 -> 21
2021-10-24 12:57:00,525 [grpc-default-executor-0] INFO  server.RaftServer$Division (RaftServerImpl.java:checkInconsistentAppendEntries(1322)) - omNode-1@group-523986131536: Failed appendEntries as previous log entry ((t:4, i:26)) is not found
2021-10-24 12:57:00,525 [grpc-default-executor-0] INFO  server.RaftServer$Division (RaftServerImpl.java:checkInconsistentAppendEntries(1288)) - omNode-1@group-523986131536: inconsistency entries. Reply:omNode-2<-omNode-1#1673:FAIL-t4,INCONSISTENCY,nextIndex=21,followerCommit=20
2021-10-24 12:57:00,525 [grpc-default-executor-0] INFO  leader.FollowerInfo (FollowerInfoImpl.java:lambda$new$0(47)) - omNode-2@group-523986131536->omNode-1: nextIndex: updateUnconditionally 27 -> 21
2021-10-24 12:57:01,028 [grpc-default-executor-3] INFO  server.RaftServer$Division (RaftServerImpl.java:checkInconsistentAppendEntries(1322)) - omNode-1@group-523986131536: Failed appendEntries as previous log entry ((t:4, i:26)) is not found
2021-10-24 12:57:01,028 [grpc-default-executor-3] INFO  server.RaftServer$Division (RaftServerImpl.java:checkInconsistentAppendEntries(1288)) - omNode-1@group-523986131536: inconsistency entries. Reply:omNode-2<-omNode-1#1724:FAIL-t4,INCONSISTENCY,nextIndex=21,followerCommit=20
2021-10-24 12:57:01,028 [grpc-default-executor-3] INFO  leader.FollowerInfo (FollowerInfoImpl.java:lambda$new$0(47)) - omNode-2@group-523986131536->omNode-1: nextIndex: updateUnconditionally 27 -> 21
2021-10-24 12:57:01,532 [grpc-default-executor-3] INFO  server.RaftServer$Division (RaftServerImpl.java:checkInconsistentAppendEntries(1322)) - omNode-1@group-523986131536: Failed appendEntries as previous log entry ((t:4, i:26)) is not found
2021-10-24 12:57:01,532 [grpc-default-executor-3] INFO  server.RaftServer$Division (RaftServerImpl.java:checkInconsistentAppendEntries(1288)) - omNode-1@group-523986131536: inconsistency entries. Reply:omNode-2<-omNode-1#1775:FAIL-t4,INCONSISTENCY,nextIndex=21,followerCommit=20
2021-10-24 12:57:01,533 [grpc-default-executor-3] INFO  leader.FollowerInfo (FollowerInfoImpl.java:lambda$new$0(47)) - omNode-2@group-523986131536->omNode-1: nextIndex: updateUnconditionally 27 -> 21
2021-10-24 12:57:02,035 [grpc-default-executor-0] INFO  server.RaftServer$Division (RaftServerImpl.java:checkInconsistentAppendEntries(1322)) - omNode-1@group-523986131536: Failed appendEntries as previous log entry ((t:4, i:26)) is not found
2021-10-24 12:57:02,035 [grpc-default-executor-0] INFO  server.RaftServer$Division (RaftServerImpl.java:checkInconsistentAppendEntries(1288)) - omNode-1@group-523986131536: inconsistency entries. Reply:omNode-2<-omNode-1#1826:FAIL-t4,INCONSISTENCY,nextIndex=21,followerCommit=20
2021-10-24 12:57:02,035 [grpc-default-executor-3] INFO  leader.FollowerInfo (FollowerInfoImpl.java:lambda$new$0(47)) - omNode-2@group-523986131536->omNode-1: nextIndex: updateUnconditionally 27 -> 21
2021-10-24 12:57:02,538 [grpc-default-executor-0] INFO  server.RaftServer$Division (RaftServerImpl.java:checkInconsistentAppendEntries(1322)) - omNode-1@group-523986131536: Failed appendEntries as previous log entry ((t:4, i:26)) is not found
2021-10-24 12:57:02,538 [grpc-default-executor-0] INFO  server.RaftServer$Division (RaftServerImpl.java:checkInconsistentAppendEntries(1288)) - omNode-1@group-523986131536: inconsistency entries. Reply:omNode-2<-omNode-1#1877:FAIL-t4,INCONSISTENCY,nextIndex=21,followerCommit=20
2021-10-24 12:57:02,538 [grpc-default-executor-0] INFO  leader.FollowerInfo (FollowerInfoImpl.java:lambda$new$0(47)) - omNode-2@group-523986131536->omNode-1: nextIndex: updateUnconditionally 27 -> 21
2021-10-24 12:57:03,040 [grpc-default-executor-3] INFO  server.RaftServer$Division (RaftServerImpl.java:checkInconsistentAppendEntries(1322)) - omNode-1@group-523986131536: Failed appendEntries as previous log entry ((t:4, i:26)) is not found
2021-10-24 12:57:03,040 [grpc-default-executor-3] INFO  server.RaftServer$Division (RaftServerImpl.java:checkInconsistentAppendEntries(1288)) - omNode-1@group-523986131536: inconsistency entries. Reply:omNode-2<-omNode-1#1928:FAIL-t4,INCONSISTENCY,nextIndex=21,followerCommit=20
2021-10-24 12:57:03,041 [grpc-default-executor-3] INFO  leader.FollowerInfo (FollowerInfoImpl.java:lambda$new$0(47)) - omNode-2@group-523986131536->omNode-1: nextIndex: updateUnconditionally 27 -> 21
2021-10-24 12:57:03,543 [grpc-default-executor-0] INFO  server.RaftServer$Division (RaftServerImpl.java:checkInconsistentAppendEntries(1322)) - omNode-1@group-523986131536: Failed appendEntries as previous log entry ((t:4, i:26)) is not found
2021-10-24 12:57:03,543 [grpc-default-executor-0] INFO  server.RaftServer$Division (RaftServerImpl.java:checkInconsistentAppendEntries(1288)) - omNode-1@group-523986131536: inconsistency entries. Reply:omNode-2<-omNode-1#1979:FAIL-t4,INCONSISTENCY,nextIndex=21,followerCommit=20
2021-10-24 12:57:03,543 [grpc-default-executor-0] INFO  leader.FollowerInfo (FollowerInfoImpl.java:lambda$new$0(47)) - omNode-2@group-523986131536->omNode-1: nextIndex: updateUnconditionally 27 -> 21
2021-10-24 12:57:04,045 [grpc-default-executor-3] INFO  server.RaftServer$Division (RaftServerImpl.java:checkInconsistentAppendEntries(1322)) - omNode-1@group-523986131536: Failed appendEntries as previous log entry ((t:4, i:26)) is not found
2021-10-24 12:57:04,045 [grpc-default-executor-3] INFO  server.RaftServer$Division (RaftServerImpl.java:checkInconsistentAppendEntries(1288)) - omNode-1@group-523986131536: inconsistency entries. Reply:omNode-2<-omNode-1#2030:FAIL-t4,INCONSISTENCY,nextIndex=21,followerCommit=20
2021-10-24 12:57:04,046 [grpc-default-executor-3] INFO  leader.FollowerInfo (FollowerInfoImpl.java:lambda$new$0(47)) - omNode-2@group-523986131536->omNode-1: nextIndex: updateUnconditionally 27 -> 21
2021-10-24 12:57:04,549 [grpc-default-executor-0] INFO  server.RaftServer$Division (RaftServerImpl.java:checkInconsistentAppendEntries(1322)) - omNode-1@group-523986131536: Failed appendEntries as previous log entry ((t:4, i:26)) is not found
2021-10-24 12:57:04,549 [grpc-default-executor-0] INFO  server.RaftServer$Division (RaftServerImpl.java:checkInconsistentAppendEntries(1288)) - omNode-1@group-523986131536: inconsistency entries. Reply:omNode-2<-omNode-1#2081:FAIL-t4,INCONSISTENCY,nextIndex=21,followerCommit=20
2021-10-24 12:57:04,551 [grpc-default-executor-3] INFO  leader.FollowerInfo (FollowerInfoImpl.java:lambda$new$0(47)) - omNode-2@group-523986131536->omNode-1: nextIndex: updateUnconditionally 27 -> 21
2021-10-24 12:57:05,054 [grpc-default-executor-0] INFO  server.RaftServer$Division (RaftServerImpl.java:checkInconsistentAppendEntries(1322)) - omNode-1@group-523986131536: Failed appendEntries as previous log entry ((t:4, i:26)) is not found
2021-10-24 12:57:05,054 [grpc-default-executor-0] INFO  server.RaftServer$Division (RaftServerImpl.java:checkInconsistentAppendEntries(1288)) - omNode-1@group-523986131536: inconsistency entries. Reply:omNode-2<-omNode-1#2132:FAIL-t4,INCONSISTENCY,nextIndex=21,followerCommit=20
2021-10-24 12:57:05,055 [grpc-default-executor-0] INFO  leader.FollowerInfo (FollowerInfoImpl.java:lambda$new$0(47)) - omNode-2@group-523986131536->omNode-1: nextIndex: updateUnconditionally 27 -> 21
2021-10-24 12:57:05,558 [grpc-default-executor-3] INFO  server.RaftServer$Division (RaftServerImpl.java:checkInconsistentAppendEntries(1322)) - omNode-1@group-523986131536: Failed appendEntries as previous log entry ((t:4, i:26)) is not found
2021-10-24 12:57:05,558 [grpc-default-executor-3] INFO  server.RaftServer$Division (RaftServerImpl.java:checkInconsistentAppendEntries(1288)) - omNode-1@group-523986131536: inconsistency entries. Reply:omNode-2<-omNode-1#2183:FAIL-t4,INCONSISTENCY,nextIndex=21,followerCommit=20
2021-10-24 12:57:05,559 [grpc-default-executor-3] INFO  leader.FollowerInfo (FollowerInfoImpl.java:lambda$new$0(47)) - omNode-2@group-523986131536->omNode-1: nextIndex: updateUnconditionally 27 -> 21
2021-10-24 12:57:06,061 [grpc-default-executor-3] INFO  server.RaftServer$Division (RaftServerImpl.java:checkInconsistentAppendEntries(1322)) - omNode-1@group-523986131536: Failed appendEntries as previous log entry ((t:4, i:26)) is not found
2021-10-24 12:57:06,061 [grpc-default-executor-3] INFO  server.RaftServer$Division (RaftServerImpl.java:checkInconsistentAppendEntries(1288)) - omNode-1@group-523986131536: inconsistency entries. Reply:omNode-2<-omNode-1#2234:FAIL-t4,INCONSISTENCY,nextIndex=21,followerCommit=20
2021-10-24 12:57:06,062 [grpc-default-executor-0] INFO  leader.FollowerInfo (FollowerInfoImpl.java:lambda$new$0(47)) - omNode-2@group-523986131536->omNode-1: nextIndex: updateUnconditionally 27 -> 21
2021-10-24 12:57:06,563 [grpc-default-executor-3] INFO  server.RaftServer$Division (RaftServerImpl.java:checkInconsistentAppendEntries(1322)) - omNode-1@group-523986131536: Failed appendEntries as previous log entry ((t:4, i:26)) is not found
2021-10-24 12:57:06,563 [grpc-default-executor-3] INFO  server.RaftServer$Division (RaftServerImpl.java:checkInconsistentAppendEntries(1288)) - omNode-1@group-523986131536: inconsistency entries. Reply:omNode-2<-omNode-1#2285:FAIL-t4,INCONSISTENCY,nextIndex=21,followerCommit=20
2021-10-24 12:57:06,564 [grpc-default-executor-0] INFO  leader.FollowerInfo (FollowerInfoImpl.java:lambda$new$0(47)) - omNode-2@group-523986131536->omNode-1: nextIndex: updateUnconditionally 27 -> 21
2021-10-24 12:57:07,065 [grpc-default-executor-3] INFO  server.RaftServer$Division (RaftServerImpl.java:checkInconsistentAppendEntries(1322)) - omNode-1@group-523986131536: Failed appendEntries as previous log entry ((t:4, i:26)) is not found
2021-10-24 12:57:07,066 [grpc-default-executor-3] INFO  server.RaftServer$Division (RaftServerImpl.java:checkInconsistentAppendEntries(1288)) - omNode-1@group-523986131536: inconsistency entries. Reply:omNode-2<-omNode-1#2336:FAIL-t4,INCONSISTENCY,nextIndex=21,followerCommit=20
2021-10-24 12:57:07,066 [grpc-default-executor-0] INFO  leader.FollowerInfo (FollowerInfoImpl.java:lambda$new$0(47)) - omNode-2@group-523986131536->omNode-1: nextIndex: updateUnconditionally 27 -> 21
2021-10-24 12:57:07,568 [grpc-default-executor-0] INFO  server.RaftServer$Division (RaftServerImpl.java:checkInconsistentAppendEntries(1322)) - omNode-1@group-523986131536: Failed appendEntries as previous log entry ((t:4, i:26)) is not found
2021-10-24 12:57:07,568 [grpc-default-executor-0] INFO  server.RaftServer$Division (RaftServerImpl.java:checkInconsistentAppendEntries(1288)) - omNode-1@group-523986131536: inconsistency entries. Reply:omNode-2<-omNode-1#2387:FAIL-t4,INCONSISTENCY,nextIndex=21,followerCommit=20
2021-10-24 12:57:07,569 [grpc-default-executor-0] INFO  leader.FollowerInfo (FollowerInfoImpl.java:lambda$new$0(47)) - omNode-2@group-523986131536->omNode-1: nextIndex: updateUnconditionally 27 -> 21
2021-10-24 12:57:08,070 [grpc-default-executor-3] INFO  server.RaftServer$Division (RaftServerImpl.java:checkInconsistentAppendEntries(1322)) - omNode-1@group-523986131536: Failed appendEntries as previous log entry ((t:4, i:26)) is not found
2021-10-24 12:57:08,071 [grpc-default-executor-3] INFO  server.RaftServer$Division (RaftServerImpl.java:checkInconsistentAppendEntries(1288)) - omNode-1@group-523986131536: inconsistency entries. Reply:omNode-2<-omNode-1#2438:FAIL-t4,INCONSISTENCY,nextIndex=21,followerCommit=20
2021-10-24 12:57:08,071 [grpc-default-executor-3] INFO  leader.FollowerInfo (FollowerInfoImpl.java:lambda$new$0(47)) - omNode-2@group-523986131536->omNode-1: nextIndex: updateUnconditionally 27 -> 21
2021-10-24 12:57:08,573 [grpc-default-executor-0] INFO  server.RaftServer$Division (RaftServerImpl.java:checkInconsistentAppendEntries(1322)) - omNode-1@group-523986131536: Failed appendEntries as previous log entry ((t:4, i:26)) is not found
2021-10-24 12:57:08,573 [grpc-default-executor-0] INFO  server.RaftServer$Division (RaftServerImpl.java:checkInconsistentAppendEntries(1288)) - omNode-1@group-523986131536: inconsistency entries. Reply:omNode-2<-omNode-1#2489:FAIL-t4,INCONSISTENCY,nextIndex=21,followerCommit=20
2021-10-24 12:57:08,574 [grpc-default-executor-0] INFO  leader.FollowerInfo (FollowerInfoImpl.java:lambda$new$0(47)) - omNode-2@group-523986131536->omNode-1: nextIndex: updateUnconditionally 27 -> 21
2021-10-24 12:57:09,076 [grpc-default-executor-0] INFO  server.RaftServer$Division (RaftServerImpl.java:checkInconsistentAppendEntries(1322)) - omNode-1@group-523986131536: Failed appendEntries as previous log entry ((t:4, i:26)) is not found
2021-10-24 12:57:09,077 [grpc-default-executor-0] INFO  server.RaftServer$Division (RaftServerImpl.java:checkInconsistentAppendEntries(1288)) - omNode-1@group-523986131536: inconsistency entries. Reply:omNode-2<-omNode-1#2540:FAIL-t4,INCONSISTENCY,nextIndex=21,followerCommit=20
2021-10-24 12:57:09,077 [grpc-default-executor-0] INFO  leader.FollowerInfo (FollowerInfoImpl.java:lambda$new$0(47)) - omNode-2@group-523986131536->omNode-1: nextIndex: updateUnconditionally 27 -> 21
2021-10-24 12:57:09,579 [grpc-default-executor-3] INFO  server.RaftServer$Division (RaftServerImpl.java:checkInconsistentAppendEntries(1322)) - omNode-1@group-523986131536: Failed appendEntries as previous log entry ((t:4, i:26)) is not found
2021-10-24 12:57:09,580 [grpc-default-executor-3] INFO  server.RaftServer$Division (RaftServerImpl.java:checkInconsistentAppendEntries(1288)) - omNode-1@group-523986131536: inconsistency entries. Reply:omNode-2<-omNode-1#2591:FAIL-t4,INCONSISTENCY,nextIndex=21,followerCommit=20
2021-10-24 12:57:09,580 [grpc-default-executor-3] INFO  leader.FollowerInfo (FollowerInfoImpl.java:lambda$new$0(47)) - omNode-2@group-523986131536->omNode-1: nextIndex: updateUnconditionally 27 -> 21
2021-10-24 12:57:10,082 [grpc-default-executor-3] INFO  server.RaftServer$Division (RaftServerImpl.java:checkInconsistentAppendEntries(1322)) - omNode-1@group-523986131536: Failed appendEntries as previous log entry ((t:4, i:26)) is not found
2021-10-24 12:57:10,082 [grpc-default-executor-3] INFO  server.RaftServer$Division (RaftServerImpl.java:checkInconsistentAppendEntries(1288)) - omNode-1@group-523986131536: inconsistency entries. Reply:omNode-2<-omNode-1#2642:FAIL-t4,INCONSISTENCY,nextIndex=21,followerCommit=20
2021-10-24 12:57:10,082 [grpc-default-executor-3] INFO  leader.FollowerInfo (FollowerInfoImpl.java:lambda$new$0(47)) - omNode-2@group-523986131536->omNode-1: nextIndex: updateUnconditionally 27 -> 21
2021-10-24 12:57:10,584 [grpc-default-executor-3] INFO  server.RaftServer$Division (RaftServerImpl.java:checkInconsistentAppendEntries(1322)) - omNode-1@group-523986131536: Failed appendEntries as previous log entry ((t:4, i:26)) is not found
2021-10-24 12:57:10,584 [grpc-default-executor-3] INFO  server.RaftServer$Division (RaftServerImpl.java:checkInconsistentAppendEntries(1288)) - omNode-1@group-523986131536: inconsistency entries. Reply:omNode-2<-omNode-1#2693:FAIL-t4,INCONSISTENCY,nextIndex=21,followerCommit=20
2021-10-24 12:57:10,585 [grpc-default-executor-3] INFO  leader.FollowerInfo (FollowerInfoImpl.java:lambda$new$0(47)) - omNode-2@group-523986131536->omNode-1: nextIndex: updateUnconditionally 27 -> 21
2021-10-24 12:57:11,087 [grpc-default-executor-3] INFO  server.RaftServer$Division (RaftServerImpl.java:checkInconsistentAppendEntries(1322)) - omNode-1@group-523986131536: Failed appendEntries as previous log entry ((t:4, i:26)) is not found
2021-10-24 12:57:11,087 [grpc-default-executor-3] INFO  server.RaftServer$Division (RaftServerImpl.java:checkInconsistentAppendEntries(1288)) - omNode-1@group-523986131536: inconsistency entries. Reply:omNode-2<-omNode-1#2744:FAIL-t4,INCONSISTENCY,nextIndex=21,followerCommit=20
2021-10-24 12:57:11,088 [grpc-default-executor-3] INFO  leader.FollowerInfo (FollowerInfoImpl.java:lambda$new$0(47)) - omNode-2@group-523986131536->omNode-1: nextIndex: updateUnconditionally 27 -> 21
2021-10-24 12:57:11,589 [grpc-default-executor-3] INFO  server.RaftServer$Division (RaftServerImpl.java:checkInconsistentAppendEntries(1322)) - omNode-1@group-523986131536: Failed appendEntries as previous log entry ((t:4, i:26)) is not found
2021-10-24 12:57:11,590 [grpc-default-executor-3] INFO  server.RaftServer$Division (RaftServerImpl.java:checkInconsistentAppendEntries(1288)) - omNode-1@group-523986131536: inconsistency entries. Reply:omNode-2<-omNode-1#2795:FAIL-t4,INCONSISTENCY,nextIndex=21,followerCommit=20
2021-10-24 12:57:11,590 [grpc-default-executor-3] INFO  leader.FollowerInfo (FollowerInfoImpl.java:lambda$new$0(47)) - omNode-2@group-523986131536->omNode-1: nextIndex: updateUnconditionally 27 -> 21
2021-10-24 12:57:12,092 [grpc-default-executor-0] INFO  server.RaftServer$Division (RaftServerImpl.java:checkInconsistentAppendEntries(1322)) - omNode-1@group-523986131536: Failed appendEntries as previous log entry ((t:4, i:26)) is not found
2021-10-24 12:57:12,092 [grpc-default-executor-0] INFO  server.RaftServer$Division (RaftServerImpl.java:checkInconsistentAppendEntries(1288)) - omNode-1@group-523986131536: inconsistency entries. Reply:omNode-2<-omNode-1#2846:FAIL-t4,INCONSISTENCY,nextIndex=21,followerCommit=20
2021-10-24 12:57:12,093 [grpc-default-executor-0] INFO  leader.FollowerInfo (FollowerInfoImpl.java:lambda$new$0(47)) - omNode-2@group-523986131536->omNode-1: nextIndex: updateUnconditionally 27 -> 21
2021-10-24 12:57:12,595 [grpc-default-executor-3] INFO  server.RaftServer$Division (RaftServerImpl.java:checkInconsistentAppendEntries(1322)) - omNode-1@group-523986131536: Failed appendEntries as previous log entry ((t:4, i:26)) is not found
2021-10-24 12:57:12,595 [grpc-default-executor-3] INFO  server.RaftServer$Division (RaftServerImpl.java:checkInconsistentAppendEntries(1288)) - omNode-1@group-523986131536: inconsistency entries. Reply:omNode-2<-omNode-1#2897:FAIL-t4,INCONSISTENCY,nextIndex=21,followerCommit=20
2021-10-24 12:57:12,596 [grpc-default-executor-3] INFO  leader.FollowerInfo (FollowerInfoImpl.java:lambda$new$0(47)) - omNode-2@group-523986131536->omNode-1: nextIndex: updateUnconditionally 27 -> 21
2021-10-24 12:57:13,097 [grpc-default-executor-3] INFO  server.RaftServer$Division (RaftServerImpl.java:checkInconsistentAppendEntries(1322)) - omNode-1@group-523986131536: Failed appendEntries as previous log entry ((t:4, i:26)) is not found
2021-10-24 12:57:13,098 [grpc-default-executor-3] INFO  server.RaftServer$Division (RaftServerImpl.java:checkInconsistentAppendEntries(1288)) - omNode-1@group-523986131536: inconsistency entries. Reply:omNode-2<-omNode-1#2948:FAIL-t4,INCONSISTENCY,nextIndex=21,followerCommit=20
2021-10-24 12:57:13,098 [grpc-default-executor-0] INFO  leader.FollowerInfo (FollowerInfoImpl.java:lambda$new$0(47)) - omNode-2@group-523986131536->omNode-1: nextIndex: updateUnconditionally 27 -> 21
2021-10-24 12:57:13,599 [grpc-default-executor-3] INFO  server.RaftServer$Division (RaftServerImpl.java:checkInconsistentAppendEntries(1322)) - omNode-1@group-523986131536: Failed appendEntries as previous log entry ((t:4, i:26)) is not found
2021-10-24 12:57:13,599 [grpc-default-executor-3] INFO  server.RaftServer$Division (RaftServerImpl.java:checkInconsistentAppendEntries(1288)) - omNode-1@group-523986131536: inconsistency entries. Reply:omNode-2<-omNode-1#2999:FAIL-t4,INCONSISTENCY,nextIndex=21,followerCommit=20
2021-10-24 12:57:13,599 [grpc-default-executor-3] INFO  leader.FollowerInfo (FollowerInfoImpl.java:lambda$new$0(47)) - omNode-2@group-523986131536->omNode-1: nextIndex: updateUnconditionally 27 -> 21
2021-10-24 12:57:14,101 [grpc-default-executor-0] INFO  server.RaftServer$Division (RaftServerImpl.java:checkInconsistentAppendEntries(1322)) - omNode-1@group-523986131536: Failed appendEntries as previous log entry ((t:4, i:26)) is not found
2021-10-24 12:57:14,102 [grpc-default-executor-0] INFO  server.RaftServer$Division (RaftServerImpl.java:checkInconsistentAppendEntries(1288)) - omNode-1@group-523986131536: inconsistency entries. Reply:omNode-2<-omNode-1#3050:FAIL-t4,INCONSISTENCY,nextIndex=21,followerCommit=20
2021-10-24 12:57:14,103 [grpc-default-executor-0] INFO  leader.FollowerInfo (FollowerInfoImpl.java:lambda$new$0(47)) - omNode-2@group-523986131536->omNode-1: nextIndex: updateUnconditionally 27 -> 21
2021-10-24 12:57:14,604 [grpc-default-executor-3] INFO  server.RaftServer$Division (RaftServerImpl.java:checkInconsistentAppendEntries(1322)) - omNode-1@group-523986131536: Failed appendEntries as previous log entry ((t:4, i:26)) is not found
2021-10-24 12:57:14,604 [grpc-default-executor-3] INFO  server.RaftServer$Division (RaftServerImpl.java:checkInconsistentAppendEntries(1288)) - omNode-1@group-523986131536: inconsistency entries. Reply:omNode-2<-omNode-1#3101:FAIL-t4,INCONSISTENCY,nextIndex=21,followerCommit=20
2021-10-24 12:57:14,605 [grpc-default-executor-3] INFO  leader.FollowerInfo (FollowerInfoImpl.java:lambda$new$0(47)) - omNode-2@group-523986131536->omNode-1: nextIndex: updateUnconditionally 27 -> 21
2021-10-24 12:57:15,107 [grpc-default-executor-3] INFO  server.RaftServer$Division (RaftServerImpl.java:checkInconsistentAppendEntries(1322)) - omNode-1@group-523986131536: Failed appendEntries as previous log entry ((t:4, i:26)) is not found
2021-10-24 12:57:15,108 [grpc-default-executor-3] INFO  server.RaftServer$Division (RaftServerImpl.java:checkInconsistentAppendEntries(1288)) - omNode-1@group-523986131536: inconsistency entries. Reply:omNode-2<-omNode-1#3152:FAIL-t4,INCONSISTENCY,nextIndex=21,followerCommit=20
2021-10-24 12:57:15,108 [grpc-default-executor-3] INFO  leader.FollowerInfo (FollowerInfoImpl.java:lambda$new$0(47)) - omNode-2@group-523986131536->omNode-1: nextIndex: updateUnconditionally 27 -> 21
2021-10-24 12:57:15,609 [grpc-default-executor-3] INFO  server.RaftServer$Division (RaftServerImpl.java:checkInconsistentAppendEntries(1322)) - omNode-1@group-523986131536: Failed appendEntries as previous log entry ((t:4, i:26)) is not found
2021-10-24 12:57:15,609 [grpc-default-executor-3] INFO  server.RaftServer$Division (RaftServerImpl.java:checkInconsistentAppendEntries(1288)) - omNode-1@group-523986131536: inconsistency entries. Reply:omNode-2<-omNode-1#3203:FAIL-t4,INCONSISTENCY,nextIndex=21,followerCommit=20
2021-10-24 12:57:15,610 [grpc-default-executor-0] INFO  leader.FollowerInfo (FollowerInfoImpl.java:lambda$new$0(47)) - omNode-2@group-523986131536->omNode-1: nextIndex: updateUnconditionally 27 -> 21
2021-10-24 12:57:16,111 [grpc-default-executor-3] INFO  server.RaftServer$Division (RaftServerImpl.java:checkInconsistentAppendEntries(1322)) - omNode-1@group-523986131536: Failed appendEntries as previous log entry ((t:4, i:26)) is not found
2021-10-24 12:57:16,111 [grpc-default-executor-3] INFO  server.RaftServer$Division (RaftServerImpl.java:checkInconsistentAppendEntries(1288)) - omNode-1@group-523986131536: inconsistency entries. Reply:omNode-2<-omNode-1#3254:FAIL-t4,INCONSISTENCY,nextIndex=21,followerCommit=20
2021-10-24 12:57:16,112 [grpc-default-executor-3] INFO  leader.FollowerInfo (FollowerInfoImpl.java:lambda$new$0(47)) - omNode-2@group-523986131536->omNode-1: nextIndex: updateUnconditionally 27 -> 21
2021-10-24 12:57:16,614 [grpc-default-executor-3] INFO  server.RaftServer$Division (RaftServerImpl.java:checkInconsistentAppendEntries(1322)) - omNode-1@group-523986131536: Failed appendEntries as previous log entry ((t:4, i:26)) is not found
2021-10-24 12:57:16,614 [grpc-default-executor-3] INFO  server.RaftServer$Division (RaftServerImpl.java:checkInconsistentAppendEntries(1288)) - omNode-1@group-523986131536: inconsistency entries. Reply:omNode-2<-omNode-1#3305:FAIL-t4,INCONSISTENCY,nextIndex=21,followerCommit=20
2021-10-24 12:57:16,615 [grpc-default-executor-3] INFO  leader.FollowerInfo (FollowerInfoImpl.java:lambda$new$0(47)) - omNode-2@group-523986131536->omNode-1: nextIndex: updateUnconditionally 27 -> 21
2021-10-24 12:57:17,118 [grpc-default-executor-1] INFO  server.RaftServer$Division (RaftServerImpl.java:checkInconsistentAppendEntries(1322)) - omNode-1@group-523986131536: Failed appendEntries as previous log entry ((t:4, i:26)) is not found
2021-10-24 12:57:17,119 [grpc-default-executor-1] INFO  server.RaftServer$Division (RaftServerImpl.java:checkInconsistentAppendEntries(1288)) - omNode-1@group-523986131536: inconsistency entries. Reply:omNode-2<-omNode-1#3356:FAIL-t4,INCONSISTENCY,nextIndex=21,followerCommit=20
2021-10-24 12:57:17,119 [grpc-default-executor-1] INFO  leader.FollowerInfo (FollowerInfoImpl.java:lambda$new$0(47)) - omNode-2@group-523986131536->omNode-1: nextIndex: updateUnconditionally 27 -> 21
2021-10-24 12:57:17,620 [grpc-default-executor-1] INFO  server.RaftServer$Division (RaftServerImpl.java:checkInconsistentAppendEntries(1322)) - omNode-1@group-523986131536: Failed appendEntries as previous log entry ((t:4, i:26)) is not found
2021-10-24 12:57:17,621 [grpc-default-executor-1] INFO  server.RaftServer$Division (RaftServerImpl.java:checkInconsistentAppendEntries(1288)) - omNode-1@group-523986131536: inconsistency entries. Reply:omNode-2<-omNode-1#3407:FAIL-t4,INCONSISTENCY,nextIndex=21,followerCommit=20
2021-10-24 12:57:17,621 [grpc-default-executor-1] INFO  leader.FollowerInfo (FollowerInfoImpl.java:lambda$new$0(47)) - omNode-2@group-523986131536->omNode-1: nextIndex: updateUnconditionally 27 -> 21
2021-10-24 12:57:18,123 [grpc-default-executor-3] INFO  server.RaftServer$Division (RaftServerImpl.java:checkInconsistentAppendEntries(1322)) - omNode-1@group-523986131536: Failed appendEntries as previous log entry ((t:4, i:26)) is not found
2021-10-24 12:57:18,123 [grpc-default-executor-3] INFO  server.RaftServer$Division (RaftServerImpl.java:checkInconsistentAppendEntries(1288)) - omNode-1@group-523986131536: inconsistency entries. Reply:omNode-2<-omNode-1#3458:FAIL-t4,INCONSISTENCY,nextIndex=21,followerCommit=20
2021-10-24 12:57:18,123 [grpc-default-executor-3] INFO  leader.FollowerInfo (FollowerInfoImpl.java:lambda$new$0(47)) - omNode-2@group-523986131536->omNode-1: nextIndex: updateUnconditionally 27 -> 21
2021-10-24 12:57:18,625 [grpc-default-executor-1] INFO  server.RaftServer$Division (RaftServerImpl.java:checkInconsistentAppendEntries(1322)) - omNode-1@group-523986131536: Failed appendEntries as previous log entry ((t:4, i:26)) is not found
2021-10-24 12:57:18,625 [grpc-default-executor-1] INFO  server.RaftServer$Division (RaftServerImpl.java:checkInconsistentAppendEntries(1288)) - omNode-1@group-523986131536: inconsistency entries. Reply:omNode-2<-omNode-1#3509:FAIL-t4,INCONSISTENCY,nextIndex=21,followerCommit=20
2021-10-24 12:57:18,625 [grpc-default-executor-1] INFO  leader.FollowerInfo (FollowerInfoImpl.java:lambda$new$0(47)) - omNode-2@group-523986131536->omNode-1: nextIndex: updateUnconditionally 27 -> 21
2021-10-24 12:57:19,128 [grpc-default-executor-1] INFO  server.RaftServer$Division (RaftServerImpl.java:checkInconsistentAppendEntries(1322)) - omNode-1@group-523986131536: Failed appendEntries as previous log entry ((t:4, i:26)) is not found
2021-10-24 12:57:19,128 [grpc-default-executor-1] INFO  server.RaftServer$Division (RaftServerImpl.java:checkInconsistentAppendEntries(1288)) - omNode-1@group-523986131536: inconsistency entries. Reply:omNode-2<-omNode-1#3560:FAIL-t4,INCONSISTENCY,nextIndex=21,followerCommit=20
2021-10-24 12:57:19,129 [grpc-default-executor-1] INFO  leader.FollowerInfo (FollowerInfoImpl.java:lambda$new$0(47)) - omNode-2@group-523986131536->omNode-1: nextIndex: updateUnconditionally 27 -> 21
2021-10-24 12:57:19,630 [grpc-default-executor-3] INFO  server.RaftServer$Division (RaftServerImpl.java:checkInconsistentAppendEntries(1322)) - omNode-1@group-523986131536: Failed appendEntries as previous log entry ((t:4, i:26)) is not found
2021-10-24 12:57:19,630 [grpc-default-executor-3] INFO  server.RaftServer$Division (RaftServerImpl.java:checkInconsistentAppendEntries(1288)) - omNode-1@group-523986131536: inconsistency entries. Reply:omNode-2<-omNode-1#3611:FAIL-t4,INCONSISTENCY,nextIndex=21,followerCommit=20
2021-10-24 12:57:19,630 [grpc-default-executor-3] INFO  leader.FollowerInfo (FollowerInfoImpl.java:lambda$new$0(47)) - omNode-2@group-523986131536->omNode-1: nextIndex: updateUnconditionally 27 -> 21
2021-10-24 12:57:20,132 [grpc-default-executor-1] INFO  server.RaftServer$Division (RaftServerImpl.java:checkInconsistentAppendEntries(1322)) - omNode-1@group-523986131536: Failed appendEntries as previous log entry ((t:4, i:26)) is not found
2021-10-24 12:57:20,132 [grpc-default-executor-1] INFO  server.RaftServer$Division (RaftServerImpl.java:checkInconsistentAppendEntries(1288)) - omNode-1@group-523986131536: inconsistency entries. Reply:omNode-2<-omNode-1#3662:FAIL-t4,INCONSISTENCY,nextIndex=21,followerCommit=20
2021-10-24 12:57:20,133 [grpc-default-executor-3] INFO  leader.FollowerInfo (FollowerInfoImpl.java:lambda$new$0(47)) - omNode-2@group-523986131536->omNode-1: nextIndex: updateUnconditionally 27 -> 21
2021-10-24 12:57:20,635 [grpc-default-executor-1] INFO  server.RaftServer$Division (RaftServerImpl.java:checkInconsistentAppendEntries(1322)) - omNode-1@group-523986131536: Failed appendEntries as previous log entry ((t:4, i:26)) is not found
2021-10-24 12:57:20,635 [grpc-default-executor-1] INFO  server.RaftServer$Division (RaftServerImpl.java:checkInconsistentAppendEntries(1288)) - omNode-1@group-523986131536: inconsistency entries. Reply:omNode-2<-omNode-1#3713:FAIL-t4,INCONSISTENCY,nextIndex=21,followerCommit=20
2021-10-24 12:57:20,636 [grpc-default-executor-1] INFO  leader.FollowerInfo (FollowerInfoImpl.java:lambda$new$0(47)) - omNode-2@group-523986131536->omNode-1: nextIndex: updateUnconditionally 27 -> 21
2021-10-24 12:57:21,137 [grpc-default-executor-3] INFO  server.RaftServer$Division (RaftServerImpl.java:checkInconsistentAppendEntries(1322)) - omNode-1@group-523986131536: Failed appendEntries as previous log entry ((t:4, i:26)) is not found
2021-10-24 12:57:21,138 [grpc-default-executor-3] INFO  server.RaftServer$Division (RaftServerImpl.java:checkInconsistentAppendEntries(1288)) - omNode-1@group-523986131536: inconsistency entries. Reply:omNode-2<-omNode-1#3764:FAIL-t4,INCONSISTENCY,nextIndex=21,followerCommit=20
2021-10-24 12:57:21,138 [grpc-default-executor-3] INFO  leader.FollowerInfo (FollowerInfoImpl.java:lambda$new$0(47)) - omNode-2@group-523986131536->omNode-1: nextIndex: updateUnconditionally 27 -> 21
2021-10-24 12:57:21,640 [grpc-default-executor-1] INFO  server.RaftServer$Division (RaftServerImpl.java:checkInconsistentAppendEntries(1322)) - omNode-1@group-523986131536: Failed appendEntries as previous log entry ((t:4, i:26)) is not found
2021-10-24 12:57:21,640 [grpc-default-executor-1] INFO  server.RaftServer$Division (RaftServerImpl.java:checkInconsistentAppendEntries(1288)) - omNode-1@group-523986131536: inconsistency entries. Reply:omNode-2<-omNode-1#3815:FAIL-t4,INCONSISTENCY,nextIndex=21,followerCommit=20
2021-10-24 12:57:21,641 [grpc-default-executor-1] INFO  leader.FollowerInfo (FollowerInfoImpl.java:lambda$new$0(47)) - omNode-2@group-523986131536->omNode-1: nextIndex: updateUnconditionally 27 -> 21
2021-10-24 12:57:22,142 [grpc-default-executor-1] INFO  server.RaftServer$Division (RaftServerImpl.java:checkInconsistentAppendEntries(1322)) - omNode-1@group-523986131536: Failed appendEntries as previous log entry ((t:4, i:26)) is not found
2021-10-24 12:57:22,143 [grpc-default-executor-1] INFO  server.RaftServer$Division (RaftServerImpl.java:checkInconsistentAppendEntries(1288)) - omNode-1@group-523986131536: inconsistency entries. Reply:omNode-2<-omNode-1#3866:FAIL-t4,INCONSISTENCY,nextIndex=21,followerCommit=20
2021-10-24 12:57:22,143 [grpc-default-executor-1] INFO  leader.FollowerInfo (FollowerInfoImpl.java:lambda$new$0(47)) - omNode-2@group-523986131536->omNode-1: nextIndex: updateUnconditionally 27 -> 21
2021-10-24 12:57:22,645 [grpc-default-executor-3] INFO  server.RaftServer$Division (RaftServerImpl.java:checkInconsistentAppendEntries(1322)) - omNode-1@group-523986131536: Failed appendEntries as previous log entry ((t:4, i:26)) is not found
2021-10-24 12:57:22,646 [grpc-default-executor-3] INFO  server.RaftServer$Division (RaftServerImpl.java:checkInconsistentAppendEntries(1288)) - omNode-1@group-523986131536: inconsistency entries. Reply:omNode-2<-omNode-1#3917:FAIL-t4,INCONSISTENCY,nextIndex=21,followerCommit=20
2021-10-24 12:57:22,646 [grpc-default-executor-3] INFO  leader.FollowerInfo (FollowerInfoImpl.java:lambda$new$0(47)) - omNode-2@group-523986131536->omNode-1: nextIndex: updateUnconditionally 27 -> 21
2021-10-24 12:57:23,148 [grpc-default-executor-1] INFO  server.RaftServer$Division (RaftServerImpl.java:checkInconsistentAppendEntries(1322)) - omNode-1@group-523986131536: Failed appendEntries as previous log entry ((t:4, i:26)) is not found
2021-10-24 12:57:23,149 [grpc-default-executor-1] INFO  server.RaftServer$Division (RaftServerImpl.java:checkInconsistentAppendEntries(1288)) - omNode-1@group-523986131536: inconsistency entries. Reply:omNode-2<-omNode-1#3968:FAIL-t4,INCONSISTENCY,nextIndex=21,followerCommit=20
2021-10-24 12:57:23,149 [grpc-default-executor-3] INFO  leader.FollowerInfo (FollowerInfoImpl.java:lambda$new$0(47)) - omNode-2@group-523986131536->omNode-1: nextIndex: updateUnconditionally 27 -> 21
2021-10-24 12:57:23,651 [grpc-default-executor-1] INFO  server.RaftServer$Division (RaftServerImpl.java:checkInconsistentAppendEntries(1322)) - omNode-1@group-523986131536: Failed appendEntries as previous log entry ((t:4, i:26)) is not found
2021-10-24 12:57:23,651 [grpc-default-executor-1] INFO  server.RaftServer$Division (RaftServerImpl.java:checkInconsistentAppendEntries(1288)) - omNode-1@group-523986131536: inconsistency entries. Reply:omNode-2<-omNode-1#4019:FAIL-t4,INCONSISTENCY,nextIndex=21,followerCommit=20
2021-10-24 12:57:23,651 [grpc-default-executor-1] INFO  leader.FollowerInfo (FollowerInfoImpl.java:lambda$new$0(47)) - omNode-2@group-523986131536->omNode-1: nextIndex: updateUnconditionally 27 -> 21
2021-10-24 12:57:24,153 [grpc-default-executor-1] INFO  server.RaftServer$Division (RaftServerImpl.java:checkInconsistentAppendEntries(1322)) - omNode-1@group-523986131536: Failed appendEntries as previous log entry ((t:4, i:26)) is not found
2021-10-24 12:57:24,153 [grpc-default-executor-1] INFO  server.RaftServer$Division (RaftServerImpl.java:checkInconsistentAppendEntries(1288)) - omNode-1@group-523986131536: inconsistency entries. Reply:omNode-2<-omNode-1#4070:FAIL-t4,INCONSISTENCY,nextIndex=21,followerCommit=20
2021-10-24 12:57:24,154 [grpc-default-executor-1] INFO  leader.FollowerInfo (FollowerInfoImpl.java:lambda$new$0(47)) - omNode-2@group-523986131536->omNode-1: nextIndex: updateUnconditionally 27 -> 21
2021-10-24 12:57:24,658 [grpc-default-executor-1] INFO  server.RaftServer$Division (RaftServerImpl.java:checkInconsistentAppendEntries(1322)) - omNode-1@group-523986131536: Failed appendEntries as previous log entry ((t:4, i:26)) is not found
2021-10-24 12:57:24,658 [grpc-default-executor-1] INFO  server.RaftServer$Division (RaftServerImpl.java:checkInconsistentAppendEntries(1288)) - omNode-1@group-523986131536: inconsistency entries. Reply:omNode-2<-omNode-1#4121:FAIL-t4,INCONSISTENCY,nextIndex=21,followerCommit=20
2021-10-24 12:57:24,659 [grpc-default-executor-1] INFO  leader.FollowerInfo (FollowerInfoImpl.java:lambda$new$0(47)) - omNode-2@group-523986131536->omNode-1: nextIndex: updateUnconditionally 27 -> 21
2021-10-24 12:57:25,160 [grpc-default-executor-1] INFO  server.RaftServer$Division (RaftServerImpl.java:checkInconsistentAppendEntries(1322)) - omNode-1@group-523986131536: Failed appendEntries as previous log entry ((t:4, i:26)) is not found
2021-10-24 12:57:25,161 [grpc-default-executor-1] INFO  server.RaftServer$Division (RaftServerImpl.java:checkInconsistentAppendEntries(1288)) - omNode-1@group-523986131536: inconsistency entries. Reply:omNode-2<-omNode-1#4172:FAIL-t4,INCONSISTENCY,nextIndex=21,followerCommit=20
2021-10-24 12:57:25,161 [grpc-default-executor-1] INFO  leader.FollowerInfo (FollowerInfoImpl.java:lambda$new$0(47)) - omNode-2@group-523986131536->omNode-1: nextIndex: updateUnconditionally 27 -> 21
2021-10-24 12:57:25,663 [grpc-default-executor-1] INFO  server.RaftServer$Division (RaftServerImpl.java:checkInconsistentAppendEntries(1322)) - omNode-1@group-523986131536: Failed appendEntries as previous log entry ((t:4, i:26)) is not found
2021-10-24 12:57:25,663 [grpc-default-executor-1] INFO  server.RaftServer$Division (RaftServerImpl.java:checkInconsistentAppendEntries(1288)) - omNode-1@group-523986131536: inconsistency entries. Reply:omNode-2<-omNode-1#4223:FAIL-t4,INCONSISTENCY,nextIndex=21,followerCommit=20
2021-10-24 12:57:25,663 [grpc-default-executor-1] INFO  leader.FollowerInfo (FollowerInfoImpl.java:lambda$new$0(47)) - omNode-2@group-523986131536->omNode-1: nextIndex: updateUnconditionally 27 -> 21
2021-10-24 12:57:26,165 [grpc-default-executor-3] INFO  server.RaftServer$Division (RaftServerImpl.java:checkInconsistentAppendEntries(1322)) - omNode-1@group-523986131536: Failed appendEntries as previous log entry ((t:4, i:26)) is not found
2021-10-24 12:57:26,165 [grpc-default-executor-3] INFO  server.RaftServer$Division (RaftServerImpl.java:checkInconsistentAppendEntries(1288)) - omNode-1@group-523986131536: inconsistency entries. Reply:omNode-2<-omNode-1#4274:FAIL-t4,INCONSISTENCY,nextIndex=21,followerCommit=20
2021-10-24 12:57:26,166 [grpc-default-executor-3] INFO  leader.FollowerInfo (FollowerInfoImpl.java:lambda$new$0(47)) - omNode-2@group-523986131536->omNode-1: nextIndex: updateUnconditionally 27 -> 21
2021-10-24 12:57:26,667 [grpc-default-executor-1] INFO  server.RaftServer$Division (RaftServerImpl.java:checkInconsistentAppendEntries(1322)) - omNode-1@group-523986131536: Failed appendEntries as previous log entry ((t:4, i:26)) is not found
2021-10-24 12:57:26,667 [grpc-default-executor-1] INFO  server.RaftServer$Division (RaftServerImpl.java:checkInconsistentAppendEntries(1288)) - omNode-1@group-523986131536: inconsistency entries. Reply:omNode-2<-omNode-1#4325:FAIL-t4,INCONSISTENCY,nextIndex=21,followerCommit=20
2021-10-24 12:57:26,668 [grpc-default-executor-3] INFO  leader.FollowerInfo (FollowerInfoImpl.java:lambda$new$0(47)) - omNode-2@group-523986131536->omNode-1: nextIndex: updateUnconditionally 27 -> 21
2021-10-24 12:57:27,169 [grpc-default-executor-1] INFO  server.RaftServer$Division (RaftServerImpl.java:checkInconsistentAppendEntries(1322)) - omNode-1@group-523986131536: Failed appendEntries as previous log entry ((t:4, i:26)) is not found
2021-10-24 12:57:27,170 [grpc-default-executor-1] INFO  server.RaftServer$Division (RaftServerImpl.java:checkInconsistentAppendEntries(1288)) - omNode-1@group-523986131536: inconsistency entries. Reply:omNode-2<-omNode-1#4376:FAIL-t4,INCONSISTENCY,nextIndex=21,followerCommit=20
2021-10-24 12:57:27,170 [grpc-default-executor-3] INFO  leader.FollowerInfo (FollowerInfoImpl.java:lambda$new$0(47)) - omNode-2@group-523986131536->omNode-1: nextIndex: updateUnconditionally 27 -> 21
2021-10-24 12:57:27,672 [grpc-default-executor-1] INFO  server.RaftServer$Division (RaftServerImpl.java:checkInconsistentAppendEntries(1322)) - omNode-1@group-523986131536: Failed appendEntries as previous log entry ((t:4, i:26)) is not found
2021-10-24 12:57:27,672 [grpc-default-executor-1] INFO  server.RaftServer$Division (RaftServerImpl.java:checkInconsistentAppendEntries(1288)) - omNode-1@group-523986131536: inconsistency entries. Reply:omNode-2<-omNode-1#4427:FAIL-t4,INCONSISTENCY,nextIndex=21,followerCommit=20
2021-10-24 12:57:27,673 [grpc-default-executor-1] INFO  leader.FollowerInfo (FollowerInfoImpl.java:lambda$new$0(47)) - omNode-2@group-523986131536->omNode-1: nextIndex: updateUnconditionally 27 -> 21
2021-10-24 12:57:28,174 [grpc-default-executor-3] INFO  server.RaftServer$Division (RaftServerImpl.java:checkInconsistentAppendEntries(1322)) - omNode-1@group-523986131536: Failed appendEntries as previous log entry ((t:4, i:26)) is not found
2021-10-24 12:57:28,174 [grpc-default-executor-3] INFO  server.RaftServer$Division (RaftServerImpl.java:checkInconsistentAppendEntries(1288)) - omNode-1@group-523986131536: inconsistency entries. Reply:omNode-2<-omNode-1#4478:FAIL-t4,INCONSISTENCY,nextIndex=21,followerCommit=20
2021-10-24 12:57:28,175 [grpc-default-executor-3] INFO  leader.FollowerInfo (FollowerInfoImpl.java:lambda$new$0(47)) - omNode-2@group-523986131536->omNode-1: nextIndex: updateUnconditionally 27 -> 21
2021-10-24 12:57:28,676 [grpc-default-executor-3] INFO  server.RaftServer$Division (RaftServerImpl.java:checkInconsistentAppendEntries(1322)) - omNode-1@group-523986131536: Failed appendEntries as previous log entry ((t:4, i:26)) is not found
2021-10-24 12:57:28,677 [grpc-default-executor-3] INFO  server.RaftServer$Division (RaftServerImpl.java:checkInconsistentAppendEntries(1288)) - omNode-1@group-523986131536: inconsistency entries. Reply:omNode-2<-omNode-1#4529:FAIL-t4,INCONSISTENCY,nextIndex=21,followerCommit=20
2021-10-24 12:57:28,677 [grpc-default-executor-3] INFO  leader.FollowerInfo (FollowerInfoImpl.java:lambda$new$0(47)) - omNode-2@group-523986131536->omNode-1: nextIndex: updateUnconditionally 27 -> 21
2021-10-24 12:57:29,179 [grpc-default-executor-3] INFO  server.RaftServer$Division (RaftServerImpl.java:checkInconsistentAppendEntries(1322)) - omNode-1@group-523986131536: Failed appendEntries as previous log entry ((t:4, i:26)) is not found
2021-10-24 12:57:29,179 [grpc-default-executor-3] INFO  server.RaftServer$Division (RaftServerImpl.java:checkInconsistentAppendEntries(1288)) - omNode-1@group-523986131536: inconsistency entries. Reply:omNode-2<-omNode-1#4580:FAIL-t4,INCONSISTENCY,nextIndex=21,followerCommit=20
2021-10-24 12:57:29,179 [grpc-default-executor-1] INFO  leader.FollowerInfo (FollowerInfoImpl.java:lambda$new$0(47)) - omNode-2@group-523986131536->omNode-1: nextIndex: updateUnconditionally 27 -> 21
2021-10-24 12:57:29,681 [grpc-default-executor-1] INFO  server.RaftServer$Division (RaftServerImpl.java:checkInconsistentAppendEntries(1322)) - omNode-1@group-523986131536: Failed appendEntries as previous log entry ((t:4, i:26)) is not found
2021-10-24 12:57:29,681 [grpc-default-executor-1] INFO  server.RaftServer$Division (RaftServerImpl.java:checkInconsistentAppendEntries(1288)) - omNode-1@group-523986131536: inconsistency entries. Reply:omNode-2<-omNode-1#4631:FAIL-t4,INCONSISTENCY,nextIndex=21,followerCommit=20
2021-10-24 12:57:29,682 [grpc-default-executor-1] INFO  leader.FollowerInfo (FollowerInfoImpl.java:lambda$new$0(47)) - omNode-2@group-523986131536->omNode-1: nextIndex: updateUnconditionally 27 -> 21
2021-10-24 12:57:30,183 [grpc-default-executor-1] INFO  server.RaftServer$Division (RaftServerImpl.java:checkInconsistentAppendEntries(1322)) - omNode-1@group-523986131536: Failed appendEntries as previous log entry ((t:4, i:26)) is not found
2021-10-24 12:57:30,184 [grpc-default-executor-1] INFO  server.RaftServer$Division (RaftServerImpl.java:checkInconsistentAppendEntries(1288)) - omNode-1@group-523986131536: inconsistency entries. Reply:omNode-2<-omNode-1#4682:FAIL-t4,INCONSISTENCY,nextIndex=21,followerCommit=20
2021-10-24 12:57:30,184 [grpc-default-executor-1] INFO  leader.FollowerInfo (FollowerInfoImpl.java:lambda$new$0(47)) - omNode-2@group-523986131536->omNode-1: nextIndex: updateUnconditionally 27 -> 21
2021-10-24 12:57:30,686 [grpc-default-executor-1] INFO  server.RaftServer$Division (RaftServerImpl.java:checkInconsistentAppendEntries(1322)) - omNode-1@group-523986131536: Failed appendEntries as previous log entry ((t:4, i:26)) is not found
2021-10-24 12:57:30,686 [grpc-default-executor-1] INFO  server.RaftServer$Division (RaftServerImpl.java:checkInconsistentAppendEntries(1288)) - omNode-1@group-523986131536: inconsistency entries. Reply:omNode-2<-omNode-1#4733:FAIL-t4,INCONSISTENCY,nextIndex=21,followerCommit=20
2021-10-24 12:57:30,687 [grpc-default-executor-3] INFO  leader.FollowerInfo (FollowerInfoImpl.java:lambda$new$0(47)) - omNode-2@group-523986131536->omNode-1: nextIndex: updateUnconditionally 27 -> 21
2021-10-24 12:57:31,188 [grpc-default-executor-1] INFO  server.RaftServer$Division (RaftServerImpl.java:checkInconsistentAppendEntries(1322)) - omNode-1@group-523986131536: Failed appendEntries as previous log entry ((t:4, i:26)) is not found
2021-10-24 12:57:31,189 [grpc-default-executor-1] INFO  server.RaftServer$Division (RaftServerImpl.java:checkInconsistentAppendEntries(1288)) - omNode-1@group-523986131536: inconsistency entries. Reply:omNode-2<-omNode-1#4784:FAIL-t4,INCONSISTENCY,nextIndex=21,followerCommit=20
2021-10-24 12:57:31,189 [grpc-default-executor-1] INFO  leader.FollowerInfo (FollowerInfoImpl.java:lambda$new$0(47)) - omNode-2@group-523986131536->omNode-1: nextIndex: updateUnconditionally 27 -> 21
2021-10-24 12:57:31,690 [grpc-default-executor-1] INFO  server.RaftServer$Division (RaftServerImpl.java:checkInconsistentAppendEntries(1322)) - omNode-1@group-523986131536: Failed appendEntries as previous log entry ((t:4, i:26)) is not found
2021-10-24 12:57:31,691 [grpc-default-executor-1] INFO  server.RaftServer$Division (RaftServerImpl.java:checkInconsistentAppendEntries(1288)) - omNode-1@group-523986131536: inconsistency entries. Reply:omNode-2<-omNode-1#4835:FAIL-t4,INCONSISTENCY,nextIndex=21,followerCommit=20
2021-10-24 12:57:31,692 [grpc-default-executor-1] INFO  leader.FollowerInfo (FollowerInfoImpl.java:lambda$new$0(47)) - omNode-2@group-523986131536->omNode-1: nextIndex: updateUnconditionally 27 -> 21
2021-10-24 12:57:32,193 [grpc-default-executor-3] INFO  server.RaftServer$Division (RaftServerImpl.java:checkInconsistentAppendEntries(1322)) - omNode-1@group-523986131536: Failed appendEntries as previous log entry ((t:4, i:26)) is not found
2021-10-24 12:57:32,193 [grpc-default-executor-3] INFO  server.RaftServer$Division (RaftServerImpl.java:checkInconsistentAppendEntries(1288)) - omNode-1@group-523986131536: inconsistency entries. Reply:omNode-2<-omNode-1#4886:FAIL-t4,INCONSISTENCY,nextIndex=21,followerCommit=20
2021-10-24 12:57:32,194 [grpc-default-executor-3] INFO  leader.FollowerInfo (FollowerInfoImpl.java:lambda$new$0(47)) - omNode-2@group-523986131536->omNode-1: nextIndex: updateUnconditionally 27 -> 21
2021-10-24 12:57:32,695 [grpc-default-executor-3] INFO  server.RaftServer$Division (RaftServerImpl.java:checkInconsistentAppendEntries(1322)) - omNode-1@group-523986131536: Failed appendEntries as previous log entry ((t:4, i:26)) is not found
2021-10-24 12:57:32,696 [grpc-default-executor-3] INFO  server.RaftServer$Division (RaftServerImpl.java:checkInconsistentAppendEntries(1288)) - omNode-1@group-523986131536: inconsistency entries. Reply:omNode-2<-omNode-1#4937:FAIL-t4,INCONSISTENCY,nextIndex=21,followerCommit=20
2021-10-24 12:57:32,696 [grpc-default-executor-3] INFO  leader.FollowerInfo (FollowerInfoImpl.java:lambda$new$0(47)) - omNode-2@group-523986131536->omNode-1: nextIndex: updateUnconditionally 27 -> 21
2021-10-24 12:57:33,197 [grpc-default-executor-3] INFO  server.RaftServer$Division (RaftServerImpl.java:checkInconsistentAppendEntries(1322)) - omNode-1@group-523986131536: Failed appendEntries as previous log entry ((t:4, i:26)) is not found
2021-10-24 12:57:33,198 [grpc-default-executor-3] INFO  server.RaftServer$Division (RaftServerImpl.java:checkInconsistentAppendEntries(1288)) - omNode-1@group-523986131536: inconsistency entries. Reply:omNode-2<-omNode-1#4988:FAIL-t4,INCONSISTENCY,nextIndex=21,followerCommit=20
2021-10-24 12:57:33,198 [grpc-default-executor-3] INFO  leader.FollowerInfo (FollowerInfoImpl.java:lambda$new$0(47)) - omNode-2@group-523986131536->omNode-1: nextIndex: updateUnconditionally 27 -> 21
2021-10-24 12:57:33,699 [grpc-default-executor-1] INFO  server.RaftServer$Division (RaftServerImpl.java:checkInconsistentAppendEntries(1322)) - omNode-1@group-523986131536: Failed appendEntries as previous log entry ((t:4, i:26)) is not found
2021-10-24 12:57:33,700 [grpc-default-executor-1] INFO  server.RaftServer$Division (RaftServerImpl.java:checkInconsistentAppendEntries(1288)) - omNode-1@group-523986131536: inconsistency entries. Reply:omNode-2<-omNode-1#5039:FAIL-t4,INCONSISTENCY,nextIndex=21,followerCommit=20
2021-10-24 12:57:33,700 [grpc-default-executor-1] INFO  leader.FollowerInfo (FollowerInfoImpl.java:lambda$new$0(47)) - omNode-2@group-523986131536->omNode-1: nextIndex: updateUnconditionally 27 -> 21
2021-10-24 12:57:34,202 [grpc-default-executor-3] INFO  server.RaftServer$Division (RaftServerImpl.java:checkInconsistentAppendEntries(1322)) - omNode-1@group-523986131536: Failed appendEntries as previous log entry ((t:4, i:26)) is not found
2021-10-24 12:57:34,202 [grpc-default-executor-3] INFO  server.RaftServer$Division (RaftServerImpl.java:checkInconsistentAppendEntries(1288)) - omNode-1@group-523986131536: inconsistency entries. Reply:omNode-2<-omNode-1#5090:FAIL-t4,INCONSISTENCY,nextIndex=21,followerCommit=20
2021-10-24 12:57:34,203 [grpc-default-executor-3] INFO  leader.FollowerInfo (FollowerInfoImpl.java:lambda$new$0(47)) - omNode-2@group-523986131536->omNode-1: nextIndex: updateUnconditionally 27 -> 21
2021-10-24 12:57:34,705 [grpc-default-executor-1] INFO  server.RaftServer$Division (RaftServerImpl.java:checkInconsistentAppendEntries(1322)) - omNode-1@group-523986131536: Failed appendEntries as previous log entry ((t:4, i:26)) is not found
2021-10-24 12:57:34,705 [grpc-default-executor-1] INFO  server.RaftServer$Division (RaftServerImpl.java:checkInconsistentAppendEntries(1288)) - omNode-1@group-523986131536: inconsistency entries. Reply:omNode-2<-omNode-1#5141:FAIL-t4,INCONSISTENCY,nextIndex=21,followerCommit=20
2021-10-24 12:57:34,705 [grpc-default-executor-1] INFO  leader.FollowerInfo (FollowerInfoImpl.java:lambda$new$0(47)) - omNode-2@group-523986131536->omNode-1: nextIndex: updateUnconditionally 27 -> 21
2021-10-24 12:57:35,207 [grpc-default-executor-1] INFO  server.RaftServer$Division (RaftServerImpl.java:checkInconsistentAppendEntries(1322)) - omNode-1@group-523986131536: Failed appendEntries as previous log entry ((t:4, i:26)) is not found
2021-10-24 12:57:35,207 [grpc-default-executor-1] INFO  server.RaftServer$Division (RaftServerImpl.java:checkInconsistentAppendEntries(1288)) - omNode-1@group-523986131536: inconsistency entries. Reply:omNode-2<-omNode-1#5192:FAIL-t4,INCONSISTENCY,nextIndex=21,followerCommit=20
2021-10-24 12:57:35,208 [grpc-default-executor-1] INFO  leader.FollowerInfo (FollowerInfoImpl.java:lambda$new$0(47)) - omNode-2@group-523986131536->omNode-1: nextIndex: updateUnconditionally 27 -> 21
2021-10-24 12:57:35,709 [grpc-default-executor-1] INFO  server.RaftServer$Division (RaftServerImpl.java:checkInconsistentAppendEntries(1322)) - omNode-1@group-523986131536: Failed appendEntries as previous log entry ((t:4, i:26)) is not found
2021-10-24 12:57:35,710 [grpc-default-executor-1] INFO  server.RaftServer$Division (RaftServerImpl.java:checkInconsistentAppendEntries(1288)) - omNode-1@group-523986131536: inconsistency entries. Reply:omNode-2<-omNode-1#5243:FAIL-t4,INCONSISTENCY,nextIndex=21,followerCommit=20
2021-10-24 12:57:35,710 [grpc-default-executor-1] INFO  leader.FollowerInfo (FollowerInfoImpl.java:lambda$new$0(47)) - omNode-2@group-523986131536->omNode-1: nextIndex: updateUnconditionally 27 -> 21
2021-10-24 12:57:36,212 [grpc-default-executor-1] INFO  server.RaftServer$Division (RaftServerImpl.java:checkInconsistentAppendEntries(1322)) - omNode-1@group-523986131536: Failed appendEntries as previous log entry ((t:4, i:26)) is not found
2021-10-24 12:57:36,212 [grpc-default-executor-1] INFO  server.RaftServer$Division (RaftServerImpl.java:checkInconsistentAppendEntries(1288)) - omNode-1@group-523986131536: inconsistency entries. Reply:omNode-2<-omNode-1#5294:FAIL-t4,INCONSISTENCY,nextIndex=21,followerCommit=20
2021-10-24 12:57:36,213 [grpc-default-executor-1] INFO  leader.FollowerInfo (FollowerInfoImpl.java:lambda$new$0(47)) - omNode-2@group-523986131536->omNode-1: nextIndex: updateUnconditionally 27 -> 21
2021-10-24 12:57:36,714 [grpc-default-executor-3] INFO  server.RaftServer$Division (RaftServerImpl.java:checkInconsistentAppendEntries(1322)) - omNode-1@group-523986131536: Failed appendEntries as previous log entry ((t:4, i:26)) is not found
2021-10-24 12:57:36,714 [grpc-default-executor-3] INFO  server.RaftServer$Division (RaftServerImpl.java:checkInconsistentAppendEntries(1288)) - omNode-1@group-523986131536: inconsistency entries. Reply:omNode-2<-omNode-1#5345:FAIL-t4,INCONSISTENCY,nextIndex=21,followerCommit=20
2021-10-24 12:57:36,715 [grpc-default-executor-3] INFO  leader.FollowerInfo (FollowerInfoImpl.java:lambda$new$0(47)) - omNode-2@group-523986131536->omNode-1: nextIndex: updateUnconditionally 27 -> 21
2021-10-24 12:57:37,216 [grpc-default-executor-1] INFO  server.RaftServer$Division (RaftServerImpl.java:checkInconsistentAppendEntries(1322)) - omNode-1@group-523986131536: Failed appendEntries as previous log entry ((t:4, i:26)) is not found
2021-10-24 12:57:37,216 [grpc-default-executor-1] INFO  server.RaftServer$Division (RaftServerImpl.java:checkInconsistentAppendEntries(1288)) - omNode-1@group-523986131536: inconsistency entries. Reply:omNode-2<-omNode-1#5396:FAIL-t4,INCONSISTENCY,nextIndex=21,followerCommit=20
2021-10-24 12:57:37,217 [grpc-default-executor-1] INFO  leader.FollowerInfo (FollowerInfoImpl.java:lambda$new$0(47)) - omNode-2@group-523986131536->omNode-1: nextIndex: updateUnconditionally 27 -> 21
2021-10-24 12:57:37,718 [grpc-default-executor-3] INFO  server.RaftServer$Division (RaftServerImpl.java:checkInconsistentAppendEntries(1322)) - omNode-1@group-523986131536: Failed appendEntries as previous log entry ((t:4, i:26)) is not found
2021-10-24 12:57:37,719 [grpc-default-executor-3] INFO  server.RaftServer$Division (RaftServerImpl.java:checkInconsistentAppendEntries(1288)) - omNode-1@group-523986131536: inconsistency entries. Reply:omNode-2<-omNode-1#5447:FAIL-t4,INCONSISTENCY,nextIndex=21,followerCommit=20
2021-10-24 12:57:37,719 [grpc-default-executor-3] INFO  leader.FollowerInfo (FollowerInfoImpl.java:lambda$new$0(47)) - omNode-2@group-523986131536->omNode-1: nextIndex: updateUnconditionally 27 -> 21
2021-10-24 12:57:38,221 [grpc-default-executor-1] INFO  server.RaftServer$Division (RaftServerImpl.java:checkInconsistentAppendEntries(1322)) - omNode-1@group-523986131536: Failed appendEntries as previous log entry ((t:4, i:26)) is not found
2021-10-24 12:57:38,221 [grpc-default-executor-1] INFO  server.RaftServer$Division (RaftServerImpl.java:checkInconsistentAppendEntries(1288)) - omNode-1@group-523986131536: inconsistency entries. Reply:omNode-2<-omNode-1#5498:FAIL-t4,INCONSISTENCY,nextIndex=21,followerCommit=20
2021-10-24 12:57:38,222 [grpc-default-executor-1] INFO  leader.FollowerInfo (FollowerInfoImpl.java:lambda$new$0(47)) - omNode-2@group-523986131536->omNode-1: nextIndex: updateUnconditionally 27 -> 21
2021-10-24 12:57:38,724 [grpc-default-executor-1] INFO  server.RaftServer$Division (RaftServerImpl.java:checkInconsistentAppendEntries(1322)) - omNode-1@group-523986131536: Failed appendEntries as previous log entry ((t:4, i:26)) is not found
2021-10-24 12:57:38,724 [grpc-default-executor-1] INFO  server.RaftServer$Division (RaftServerImpl.java:checkInconsistentAppendEntries(1288)) - omNode-1@group-523986131536: inconsistency entries. Reply:omNode-2<-omNode-1#5549:FAIL-t4,INCONSISTENCY,nextIndex=21,followerCommit=20
2021-10-24 12:57:38,725 [grpc-default-executor-3] INFO  leader.FollowerInfo (FollowerInfoImpl.java:lambda$new$0(47)) - omNode-2@group-523986131536->omNode-1: nextIndex: updateUnconditionally 27 -> 21
2021-10-24 12:57:39,227 [grpc-default-executor-1] INFO  server.RaftServer$Division (RaftServerImpl.java:checkInconsistentAppendEntries(1322)) - omNode-1@group-523986131536: Failed appendEntries as previous log entry ((t:4, i:26)) is not found
2021-10-24 12:57:39,227 [grpc-default-executor-1] INFO  server.RaftServer$Division (RaftServerImpl.java:checkInconsistentAppendEntries(1288)) - omNode-1@group-523986131536: inconsistency entries. Reply:omNode-2<-omNode-1#5600:FAIL-t4,INCONSISTENCY,nextIndex=21,followerCommit=20
2021-10-24 12:57:39,227 [grpc-default-executor-1] INFO  leader.FollowerInfo (FollowerInfoImpl.java:lambda$new$0(47)) - omNode-2@group-523986131536->omNode-1: nextIndex: updateUnconditionally 27 -> 21
2021-10-24 12:57:39,729 [grpc-default-executor-1] INFO  server.RaftServer$Division (RaftServerImpl.java:checkInconsistentAppendEntries(1322)) - omNode-1@group-523986131536: Failed appendEntries as previous log entry ((t:4, i:26)) is not found
2021-10-24 12:57:39,729 [grpc-default-executor-1] INFO  server.RaftServer$Division (RaftServerImpl.java:checkInconsistentAppendEntries(1288)) - omNode-1@group-523986131536: inconsistency entries. Reply:omNode-2<-omNode-1#5651:FAIL-t4,INCONSISTENCY,nextIndex=21,followerCommit=20
2021-10-24 12:57:39,729 [grpc-default-executor-1] INFO  leader.FollowerInfo (FollowerInfoImpl.java:lambda$new$0(47)) - omNode-2@group-523986131536->omNode-1: nextIndex: updateUnconditionally 27 -> 21
2021-10-24 12:57:40,231 [grpc-default-executor-1] INFO  server.RaftServer$Division (RaftServerImpl.java:checkInconsistentAppendEntries(1322)) - omNode-1@group-523986131536: Failed appendEntries as previous log entry ((t:4, i:26)) is not found
2021-10-24 12:57:40,231 [grpc-default-executor-1] INFO  server.RaftServer$Division (RaftServerImpl.java:checkInconsistentAppendEntries(1288)) - omNode-1@group-523986131536: inconsistency entries. Reply:omNode-2<-omNode-1#5702:FAIL-t4,INCONSISTENCY,nextIndex=21,followerCommit=20
2021-10-24 12:57:40,232 [grpc-default-executor-1] INFO  leader.FollowerInfo (FollowerInfoImpl.java:lambda$new$0(47)) - omNode-2@group-523986131536->omNode-1: nextIndex: updateUnconditionally 27 -> 21
2021-10-24 12:57:40,734 [grpc-default-executor-3] INFO  server.RaftServer$Division (RaftServerImpl.java:checkInconsistentAppendEntries(1322)) - omNode-1@group-523986131536: Failed appendEntries as previous log entry ((t:4, i:26)) is not found
2021-10-24 12:57:40,734 [grpc-default-executor-3] INFO  server.RaftServer$Division (RaftServerImpl.java:checkInconsistentAppendEntries(1288)) - omNode-1@group-523986131536: inconsistency entries. Reply:omNode-2<-omNode-1#5753:FAIL-t4,INCONSISTENCY,nextIndex=21,followerCommit=20
2021-10-24 12:57:40,735 [grpc-default-executor-3] INFO  leader.FollowerInfo (FollowerInfoImpl.java:lambda$new$0(47)) - omNode-2@group-523986131536->omNode-1: nextIndex: updateUnconditionally 27 -> 21
2021-10-24 12:57:41,236 [grpc-default-executor-1] INFO  server.RaftServer$Division (RaftServerImpl.java:checkInconsistentAppendEntries(1322)) - omNode-1@group-523986131536: Failed appendEntries as previous log entry ((t:4, i:26)) is not found
2021-10-24 12:57:41,236 [grpc-default-executor-1] INFO  server.RaftServer$Division (RaftServerImpl.java:checkInconsistentAppendEntries(1288)) - omNode-1@group-523986131536: inconsistency entries. Reply:omNode-2<-omNode-1#5804:FAIL-t4,INCONSISTENCY,nextIndex=21,followerCommit=20
2021-10-24 12:57:41,237 [grpc-default-executor-1] INFO  leader.FollowerInfo (FollowerInfoImpl.java:lambda$new$0(47)) - omNode-2@group-523986131536->omNode-1: nextIndex: updateUnconditionally 27 -> 21
2021-10-24 12:57:41,739 [grpc-default-executor-3] INFO  server.RaftServer$Division (RaftServerImpl.java:checkInconsistentAppendEntries(1322)) - omNode-1@group-523986131536: Failed appendEntries as previous log entry ((t:4, i:26)) is not found
2021-10-24 12:57:41,739 [grpc-default-executor-3] INFO  server.RaftServer$Division (RaftServerImpl.java:checkInconsistentAppendEntries(1288)) - omNode-1@group-523986131536: inconsistency entries. Reply:omNode-2<-omNode-1#5855:FAIL-t4,INCONSISTENCY,nextIndex=21,followerCommit=20
2021-10-24 12:57:41,740 [grpc-default-executor-3] INFO  leader.FollowerInfo (FollowerInfoImpl.java:lambda$new$0(47)) - omNode-2@group-523986131536->omNode-1: nextIndex: updateUnconditionally 27 -> 21
2021-10-24 12:57:42,241 [grpc-default-executor-3] INFO  server.RaftServer$Division (RaftServerImpl.java:checkInconsistentAppendEntries(1322)) - omNode-1@group-523986131536: Failed appendEntries as previous log entry ((t:4, i:26)) is not found
2021-10-24 12:57:42,242 [grpc-default-executor-3] INFO  server.RaftServer$Division (RaftServerImpl.java:checkInconsistentAppendEntries(1288)) - omNode-1@group-523986131536: inconsistency entries. Reply:omNode-2<-omNode-1#5906:FAIL-t4,INCONSISTENCY,nextIndex=21,followerCommit=20
2021-10-24 12:57:42,242 [grpc-default-executor-3] INFO  leader.FollowerInfo (FollowerInfoImpl.java:lambda$new$0(47)) - omNode-2@group-523986131536->omNode-1: nextIndex: updateUnconditionally 27 -> 21
2021-10-24 12:57:42,743 [grpc-default-executor-1] INFO  server.RaftServer$Division (RaftServerImpl.java:checkInconsistentAppendEntries(1322)) - omNode-1@group-523986131536: Failed appendEntries as previous log entry ((t:4, i:26)) is not found
2021-10-24 12:57:42,743 [grpc-default-executor-1] INFO  server.RaftServer$Division (RaftServerImpl.java:checkInconsistentAppendEntries(1288)) - omNode-1@group-523986131536: inconsistency entries. Reply:omNode-2<-omNode-1#5957:FAIL-t4,INCONSISTENCY,nextIndex=21,followerCommit=20
2021-10-24 12:57:42,744 [grpc-default-executor-1] INFO  leader.FollowerInfo (FollowerInfoImpl.java:lambda$new$0(47)) - omNode-2@group-523986131536->omNode-1: nextIndex: updateUnconditionally 27 -> 21
2021-10-24 12:57:43,246 [grpc-default-executor-3] INFO  server.RaftServer$Division (RaftServerImpl.java:checkInconsistentAppendEntries(1322)) - omNode-1@group-523986131536: Failed appendEntries as previous log entry ((t:4, i:26)) is not found
2021-10-24 12:57:43,246 [grpc-default-executor-3] INFO  server.RaftServer$Division (RaftServerImpl.java:checkInconsistentAppendEntries(1288)) - omNode-1@group-523986131536: inconsistency entries. Reply:omNode-2<-omNode-1#6008:FAIL-t4,INCONSISTENCY,nextIndex=21,followerCommit=20
2021-10-24 12:57:43,247 [grpc-default-executor-3] INFO  leader.FollowerInfo (FollowerInfoImpl.java:lambda$new$0(47)) - omNode-2@group-523986131536->omNode-1: nextIndex: updateUnconditionally 27 -> 21
2021-10-24 12:57:43,749 [grpc-default-executor-3] INFO  server.RaftServer$Division (RaftServerImpl.java:checkInconsistentAppendEntries(1322)) - omNode-1@group-523986131536: Failed appendEntries as previous log entry ((t:4, i:26)) is not found
2021-10-24 12:57:43,749 [grpc-default-executor-3] INFO  server.RaftServer$Division (RaftServerImpl.java:checkInconsistentAppendEntries(1288)) - omNode-1@group-523986131536: inconsistency entries. Reply:omNode-2<-omNode-1#6059:FAIL-t4,INCONSISTENCY,nextIndex=21,followerCommit=20
2021-10-24 12:57:43,750 [grpc-default-executor-3] INFO  leader.FollowerInfo (FollowerInfoImpl.java:lambda$new$0(47)) - omNode-2@group-523986131536->omNode-1: nextIndex: updateUnconditionally 27 -> 21
2021-10-24 12:57:44,251 [grpc-default-executor-3] INFO  server.RaftServer$Division (RaftServerImpl.java:checkInconsistentAppendEntries(1322)) - omNode-1@group-523986131536: Failed appendEntries as previous log entry ((t:4, i:26)) is not found
2021-10-24 12:57:44,251 [grpc-default-executor-3] INFO  server.RaftServer$Division (RaftServerImpl.java:checkInconsistentAppendEntries(1288)) - omNode-1@group-523986131536: inconsistency entries. Reply:omNode-2<-omNode-1#6110:FAIL-t4,INCONSISTENCY,nextIndex=21,followerCommit=20
2021-10-24 12:57:44,251 [grpc-default-executor-1] INFO  leader.FollowerInfo (FollowerInfoImpl.java:lambda$new$0(47)) - omNode-2@group-523986131536->omNode-1: nextIndex: updateUnconditionally 27 -> 21
2021-10-24 12:57:44,753 [grpc-default-executor-3] INFO  server.RaftServer$Division (RaftServerImpl.java:checkInconsistentAppendEntries(1322)) - omNode-1@group-523986131536: Failed appendEntries as previous log entry ((t:4, i:26)) is not found
2021-10-24 12:57:44,753 [grpc-default-executor-3] INFO  server.RaftServer$Division (RaftServerImpl.java:checkInconsistentAppendEntries(1288)) - omNode-1@group-523986131536: inconsistency entries. Reply:omNode-2<-omNode-1#6161:FAIL-t4,INCONSISTENCY,nextIndex=21,followerCommit=20
2021-10-24 12:57:44,754 [grpc-default-executor-3] INFO  leader.FollowerInfo (FollowerInfoImpl.java:lambda$new$0(47)) - omNode-2@group-523986131536->omNode-1: nextIndex: updateUnconditionally 27 -> 21
2021-10-24 12:57:45,256 [grpc-default-executor-1] INFO  server.RaftServer$Division (RaftServerImpl.java:checkInconsistentAppendEntries(1322)) - omNode-1@group-523986131536: Failed appendEntries as previous log entry ((t:4, i:26)) is not found
2021-10-24 12:57:45,256 [grpc-default-executor-1] INFO  server.RaftServer$Division (RaftServerImpl.java:checkInconsistentAppendEntries(1288)) - omNode-1@group-523986131536: inconsistency entries. Reply:omNode-2<-omNode-1#6212:FAIL-t4,INCONSISTENCY,nextIndex=21,followerCommit=20
2021-10-24 12:57:45,256 [grpc-default-executor-1] INFO  leader.FollowerInfo (FollowerInfoImpl.java:lambda$new$0(47)) - omNode-2@group-523986131536->omNode-1: nextIndex: updateUnconditionally 27 -> 21
2021-10-24 12:57:45,757 [grpc-default-executor-3] INFO  server.RaftServer$Division (RaftServerImpl.java:checkInconsistentAppendEntries(1322)) - omNode-1@group-523986131536: Failed appendEntries as previous log entry ((t:4, i:26)) is not found
2021-10-24 12:57:45,758 [grpc-default-executor-3] INFO  server.RaftServer$Division (RaftServerImpl.java:checkInconsistentAppendEntries(1288)) - omNode-1@group-523986131536: inconsistency entries. Reply:omNode-2<-omNode-1#6263:FAIL-t4,INCONSISTENCY,nextIndex=21,followerCommit=20
2021-10-24 12:57:45,758 [grpc-default-executor-1] INFO  leader.FollowerInfo (FollowerInfoImpl.java:lambda$new$0(47)) - omNode-2@group-523986131536->omNode-1: nextIndex: updateUnconditionally 27 -> 21
2021-10-24 12:57:46,260 [grpc-default-executor-3] INFO  server.RaftServer$Division (RaftServerImpl.java:checkInconsistentAppendEntries(1322)) - omNode-1@group-523986131536: Failed appendEntries as previous log entry ((t:4, i:26)) is not found
2021-10-24 12:57:46,260 [grpc-default-executor-3] INFO  server.RaftServer$Division (RaftServerImpl.java:checkInconsistentAppendEntries(1288)) - omNode-1@group-523986131536: inconsistency entries. Reply:omNode-2<-omNode-1#6314:FAIL-t4,INCONSISTENCY,nextIndex=21,followerCommit=20
2021-10-24 12:57:46,260 [grpc-default-executor-1] INFO  leader.FollowerInfo (FollowerInfoImpl.java:lambda$new$0(47)) - omNode-2@group-523986131536->omNode-1: nextIndex: updateUnconditionally 27 -> 21
2021-10-24 12:57:46,763 [grpc-default-executor-1] INFO  server.RaftServer$Division (RaftServerImpl.java:checkInconsistentAppendEntries(1322)) - omNode-1@group-523986131536: Failed appendEntries as previous log entry ((t:4, i:26)) is not found
2021-10-24 12:57:46,763 [grpc-default-executor-1] INFO  server.RaftServer$Division (RaftServerImpl.java:checkInconsistentAppendEntries(1288)) - omNode-1@group-523986131536: inconsistency entries. Reply:omNode-2<-omNode-1#6365:FAIL-t4,INCONSISTENCY,nextIndex=21,followerCommit=20
2021-10-24 12:57:46,764 [grpc-default-executor-1] INFO  leader.FollowerInfo (FollowerInfoImpl.java:lambda$new$0(47)) - omNode-2@group-523986131536->omNode-1: nextIndex: updateUnconditionally 27 -> 21
2021-10-24 12:57:47,265 [grpc-default-executor-3] INFO  server.RaftServer$Division (RaftServerImpl.java:checkInconsistentAppendEntries(1322)) - omNode-1@group-523986131536: Failed appendEntries as previous log entry ((t:4, i:26)) is not found
2021-10-24 12:57:47,266 [grpc-default-executor-3] INFO  server.RaftServer$Division (RaftServerImpl.java:checkInconsistentAppendEntries(1288)) - omNode-1@group-523986131536: inconsistency entries. Reply:omNode-2<-omNode-1#6416:FAIL-t4,INCONSISTENCY,nextIndex=21,followerCommit=20
2021-10-24 12:57:47,266 [grpc-default-executor-3] INFO  leader.FollowerInfo (FollowerInfoImpl.java:lambda$new$0(47)) - omNode-2@group-523986131536->omNode-1: nextIndex: updateUnconditionally 27 -> 21
2021-10-24 12:57:47,767 [grpc-default-executor-1] INFO  server.RaftServer$Division (RaftServerImpl.java:checkInconsistentAppendEntries(1322)) - omNode-1@group-523986131536: Failed appendEntries as previous log entry ((t:4, i:26)) is not found
2021-10-24 12:57:47,768 [grpc-default-executor-1] INFO  server.RaftServer$Division (RaftServerImpl.java:checkInconsistentAppendEntries(1288)) - omNode-1@group-523986131536: inconsistency entries. Reply:omNode-2<-omNode-1#6467:FAIL-t4,INCONSISTENCY,nextIndex=21,followerCommit=20
2021-10-24 12:57:47,768 [grpc-default-executor-1] INFO  leader.FollowerInfo (FollowerInfoImpl.java:lambda$new$0(47)) - omNode-2@group-523986131536->omNode-1: nextIndex: updateUnconditionally 27 -> 21
2021-10-24 12:57:48,270 [grpc-default-executor-3] INFO  server.RaftServer$Division (RaftServerImpl.java:checkInconsistentAppendEntries(1322)) - omNode-1@group-523986131536: Failed appendEntries as previous log entry ((t:4, i:26)) is not found
2021-10-24 12:57:48,270 [grpc-default-executor-3] INFO  server.RaftServer$Division (RaftServerImpl.java:checkInconsistentAppendEntries(1288)) - omNode-1@group-523986131536: inconsistency entries. Reply:omNode-2<-omNode-1#6518:FAIL-t4,INCONSISTENCY,nextIndex=21,followerCommit=20
2021-10-24 12:57:48,271 [grpc-default-executor-3] INFO  leader.FollowerInfo (FollowerInfoImpl.java:lambda$new$0(47)) - omNode-2@group-523986131536->omNode-1: nextIndex: updateUnconditionally 27 -> 21
2021-10-24 12:57:48,772 [grpc-default-executor-1] INFO  server.RaftServer$Division (RaftServerImpl.java:checkInconsistentAppendEntries(1322)) - omNode-1@group-523986131536: Failed appendEntries as previous log entry ((t:4, i:26)) is not found
2021-10-24 12:57:48,773 [grpc-default-executor-1] INFO  server.RaftServer$Division (RaftServerImpl.java:checkInconsistentAppendEntries(1288)) - omNode-1@group-523986131536: inconsistency entries. Reply:omNode-2<-omNode-1#6569:FAIL-t4,INCONSISTENCY,nextIndex=21,followerCommit=20
2021-10-24 12:57:48,773 [grpc-default-executor-1] INFO  leader.FollowerInfo (FollowerInfoImpl.java:lambda$new$0(47)) - omNode-2@group-523986131536->omNode-1: nextIndex: updateUnconditionally 27 -> 21
2021-10-24 12:57:49,275 [grpc-default-executor-1] INFO  server.RaftServer$Division (RaftServerImpl.java:checkInconsistentAppendEntries(1322)) - omNode-1@group-523986131536: Failed appendEntries as previous log entry ((t:4, i:26)) is not found
2021-10-24 12:57:49,275 [grpc-default-executor-1] INFO  server.RaftServer$Division (RaftServerImpl.java:checkInconsistentAppendEntries(1288)) - omNode-1@group-523986131536: inconsistency entries. Reply:omNode-2<-omNode-1#6620:FAIL-t4,INCONSISTENCY,nextIndex=21,followerCommit=20
2021-10-24 12:57:49,275 [grpc-default-executor-1] INFO  leader.FollowerInfo (FollowerInfoImpl.java:lambda$new$0(47)) - omNode-2@group-523986131536->omNode-1: nextIndex: updateUnconditionally 27 -> 21
2021-10-24 12:57:49,776 [grpc-default-executor-3] INFO  server.RaftServer$Division (RaftServerImpl.java:checkInconsistentAppendEntries(1322)) - omNode-1@group-523986131536: Failed appendEntries as previous log entry ((t:4, i:26)) is not found
2021-10-24 12:57:49,777 [grpc-default-executor-3] INFO  server.RaftServer$Division (RaftServerImpl.java:checkInconsistentAppendEntries(1288)) - omNode-1@group-523986131536: inconsistency entries. Reply:omNode-2<-omNode-1#6671:FAIL-t4,INCONSISTENCY,nextIndex=21,followerCommit=20
2021-10-24 12:57:49,777 [grpc-default-executor-3] INFO  leader.FollowerInfo (FollowerInfoImpl.java:lambda$new$0(47)) - omNode-2@group-523986131536->omNode-1: nextIndex: updateUnconditionally 27 -> 21
2021-10-24 12:57:50,279 [grpc-default-executor-1] INFO  server.RaftServer$Division (RaftServerImpl.java:checkInconsistentAppendEntries(1322)) - omNode-1@group-523986131536: Failed appendEntries as previous log entry ((t:4, i:26)) is not found
2021-10-24 12:57:50,279 [grpc-default-executor-1] INFO  server.RaftServer$Division (RaftServerImpl.java:checkInconsistentAppendEntries(1288)) - omNode-1@group-523986131536: inconsistency entries. Reply:omNode-2<-omNode-1#6722:FAIL-t4,INCONSISTENCY,nextIndex=21,followerCommit=20
2021-10-24 12:57:50,279 [grpc-default-executor-1] INFO  leader.FollowerInfo (FollowerInfoImpl.java:lambda$new$0(47)) - omNode-2@group-523986131536->omNode-1: nextIndex: updateUnconditionally 27 -> 21
2021-10-24 12:57:50,781 [grpc-default-executor-1] INFO  server.RaftServer$Division (RaftServerImpl.java:checkInconsistentAppendEntries(1322)) - omNode-1@group-523986131536: Failed appendEntries as previous log entry ((t:4, i:26)) is not found
2021-10-24 12:57:50,781 [grpc-default-executor-1] INFO  server.RaftServer$Division (RaftServerImpl.java:checkInconsistentAppendEntries(1288)) - omNode-1@group-523986131536: inconsistency entries. Reply:omNode-2<-omNode-1#6773:FAIL-t4,INCONSISTENCY,nextIndex=21,followerCommit=20
2021-10-24 12:57:50,782 [grpc-default-executor-1] INFO  leader.FollowerInfo (FollowerInfoImpl.java:lambda$new$0(47)) - omNode-2@group-523986131536->omNode-1: nextIndex: updateUnconditionally 27 -> 21
2021-10-24 12:57:51,283 [grpc-default-executor-3] INFO  server.RaftServer$Division (RaftServerImpl.java:checkInconsistentAppendEntries(1322)) - omNode-1@group-523986131536: Failed appendEntries as previous log entry ((t:4, i:26)) is not found
2021-10-24 12:57:51,283 [grpc-default-executor-3] INFO  server.RaftServer$Division (RaftServerImpl.java:checkInconsistentAppendEntries(1288)) - omNode-1@group-523986131536: inconsistency entries. Reply:omNode-2<-omNode-1#6824:FAIL-t4,INCONSISTENCY,nextIndex=21,followerCommit=20
2021-10-24 12:57:51,284 [grpc-default-executor-3] INFO  leader.FollowerInfo (FollowerInfoImpl.java:lambda$new$0(47)) - omNode-2@group-523986131536->omNode-1: nextIndex: updateUnconditionally 27 -> 21
2021-10-24 12:57:51,785 [grpc-default-executor-1] INFO  server.RaftServer$Division (RaftServerImpl.java:checkInconsistentAppendEntries(1322)) - omNode-1@group-523986131536: Failed appendEntries as previous log entry ((t:4, i:26)) is not found
2021-10-24 12:57:51,786 [grpc-default-executor-1] INFO  server.RaftServer$Division (RaftServerImpl.java:checkInconsistentAppendEntries(1288)) - omNode-1@group-523986131536: inconsistency entries. Reply:omNode-2<-omNode-1#6875:FAIL-t4,INCONSISTENCY,nextIndex=21,followerCommit=20
2021-10-24 12:57:51,786 [grpc-default-executor-1] INFO  leader.FollowerInfo (FollowerInfoImpl.java:lambda$new$0(47)) - omNode-2@group-523986131536->omNode-1: nextIndex: updateUnconditionally 27 -> 21
2021-10-24 12:57:52,287 [grpc-default-executor-3] INFO  server.RaftServer$Division (RaftServerImpl.java:checkInconsistentAppendEntries(1322)) - omNode-1@group-523986131536: Failed appendEntries as previous log entry ((t:4, i:26)) is not found
2021-10-24 12:57:52,287 [grpc-default-executor-3] INFO  server.RaftServer$Division (RaftServerImpl.java:checkInconsistentAppendEntries(1288)) - omNode-1@group-523986131536: inconsistency entries. Reply:omNode-2<-omNode-1#6926:FAIL-t4,INCONSISTENCY,nextIndex=21,followerCommit=20
2021-10-24 12:57:52,288 [grpc-default-executor-1] INFO  leader.FollowerInfo (FollowerInfoImpl.java:lambda$new$0(47)) - omNode-2@group-523986131536->omNode-1: nextIndex: updateUnconditionally 27 -> 21
2021-10-24 12:57:52,790 [grpc-default-executor-1] INFO  server.RaftServer$Division (RaftServerImpl.java:checkInconsistentAppendEntries(1322)) - omNode-1@group-523986131536: Failed appendEntries as previous log entry ((t:4, i:26)) is not found
2021-10-24 12:57:52,790 [grpc-default-executor-1] INFO  server.RaftServer$Division (RaftServerImpl.java:checkInconsistentAppendEntries(1288)) - omNode-1@group-523986131536: inconsistency entries. Reply:omNode-2<-omNode-1#6977:FAIL-t4,INCONSISTENCY,nextIndex=21,followerCommit=20
2021-10-24 12:57:52,790 [grpc-default-executor-1] INFO  leader.FollowerInfo (FollowerInfoImpl.java:lambda$new$0(47)) - omNode-2@group-523986131536->omNode-1: nextIndex: updateUnconditionally 27 -> 21
2021-10-24 12:57:53,292 [grpc-default-executor-1] INFO  server.RaftServer$Division (RaftServerImpl.java:checkInconsistentAppendEntries(1322)) - omNode-1@group-523986131536: Failed appendEntries as previous log entry ((t:4, i:26)) is not found
2021-10-24 12:57:53,292 [grpc-default-executor-1] INFO  server.RaftServer$Division (RaftServerImpl.java:checkInconsistentAppendEntries(1288)) - omNode-1@group-523986131536: inconsistency entries. Reply:omNode-2<-omNode-1#7028:FAIL-t4,INCONSISTENCY,nextIndex=21,followerCommit=20
2021-10-24 12:57:53,292 [grpc-default-executor-1] INFO  leader.FollowerInfo (FollowerInfoImpl.java:lambda$new$0(47)) - omNode-2@group-523986131536->omNode-1: nextIndex: updateUnconditionally 27 -> 21
2021-10-24 12:57:53,796 [grpc-default-executor-3] INFO  server.RaftServer$Division (RaftServerImpl.java:checkInconsistentAppendEntries(1322)) - omNode-1@group-523986131536: Failed appendEntries as previous log entry ((t:4, i:26)) is not found
2021-10-24 12:57:53,796 [grpc-default-executor-3] INFO  server.RaftServer$Division (RaftServerImpl.java:checkInconsistentAppendEntries(1288)) - omNode-1@group-523986131536: inconsistency entries. Reply:omNode-2<-omNode-1#7079:FAIL-t4,INCONSISTENCY,nextIndex=21,followerCommit=20
2021-10-24 12:57:53,796 [grpc-default-executor-3] INFO  leader.FollowerInfo (FollowerInfoImpl.java:lambda$new$0(47)) - omNode-2@group-523986131536->omNode-1: nextIndex: updateUnconditionally 27 -> 21
2021-10-24 12:57:54,298 [grpc-default-executor-3] INFO  server.RaftServer$Division (RaftServerImpl.java:checkInconsistentAppendEntries(1322)) - omNode-1@group-523986131536: Failed appendEntries as previous log entry ((t:4, i:26)) is not found
2021-10-24 12:57:54,298 [grpc-default-executor-3] INFO  server.RaftServer$Division (RaftServerImpl.java:checkInconsistentAppendEntries(1288)) - omNode-1@group-523986131536: inconsistency entries. Reply:omNode-2<-omNode-1#7130:FAIL-t4,INCONSISTENCY,nextIndex=21,followerCommit=20
2021-10-24 12:57:54,299 [grpc-default-executor-3] INFO  leader.FollowerInfo (FollowerInfoImpl.java:lambda$new$0(47)) - omNode-2@group-523986131536->omNode-1: nextIndex: updateUnconditionally 27 -> 21
2021-10-24 12:57:54,800 [grpc-default-executor-3] INFO  server.RaftServer$Division (RaftServerImpl.java:checkInconsistentAppendEntries(1322)) - omNode-1@group-523986131536: Failed appendEntries as previous log entry ((t:4, i:26)) is not found
2021-10-24 12:57:54,800 [grpc-default-executor-3] INFO  server.RaftServer$Division (RaftServerImpl.java:checkInconsistentAppendEntries(1288)) - omNode-1@group-523986131536: inconsistency entries. Reply:omNode-2<-omNode-1#7181:FAIL-t4,INCONSISTENCY,nextIndex=21,followerCommit=20
2021-10-24 12:57:54,800 [grpc-default-executor-1] INFO  leader.FollowerInfo (FollowerInfoImpl.java:lambda$new$0(47)) - omNode-2@group-523986131536->omNode-1: nextIndex: updateUnconditionally 27 -> 21
2021-10-24 12:57:55,302 [grpc-default-executor-1] INFO  server.RaftServer$Division (RaftServerImpl.java:checkInconsistentAppendEntries(1322)) - omNode-1@group-523986131536: Failed appendEntries as previous log entry ((t:4, i:26)) is not found
2021-10-24 12:57:55,302 [grpc-default-executor-1] INFO  server.RaftServer$Division (RaftServerImpl.java:checkInconsistentAppendEntries(1288)) - omNode-1@group-523986131536: inconsistency entries. Reply:omNode-2<-omNode-1#7232:FAIL-t4,INCONSISTENCY,nextIndex=21,followerCommit=20
2021-10-24 12:57:55,303 [grpc-default-executor-1] INFO  leader.FollowerInfo (FollowerInfoImpl.java:lambda$new$0(47)) - omNode-2@group-523986131536->omNode-1: nextIndex: updateUnconditionally 27 -> 21
2021-10-24 12:57:55,804 [grpc-default-executor-1] INFO  server.RaftServer$Division (RaftServerImpl.java:checkInconsistentAppendEntries(1322)) - omNode-1@group-523986131536: Failed appendEntries as previous log entry ((t:4, i:26)) is not found
2021-10-24 12:57:55,804 [grpc-default-executor-1] INFO  server.RaftServer$Division (RaftServerImpl.java:checkInconsistentAppendEntries(1288)) - omNode-1@group-523986131536: inconsistency entries. Reply:omNode-2<-omNode-1#7283:FAIL-t4,INCONSISTENCY,nextIndex=21,followerCommit=20
2021-10-24 12:57:55,805 [grpc-default-executor-1] INFO  leader.FollowerInfo (FollowerInfoImpl.java:lambda$new$0(47)) - omNode-2@group-523986131536->omNode-1: nextIndex: updateUnconditionally 27 -> 21
2021-10-24 12:57:56,306 [grpc-default-executor-3] INFO  server.RaftServer$Division (RaftServerImpl.java:checkInconsistentAppendEntries(1322)) - omNode-1@group-523986131536: Failed appendEntries as previous log entry ((t:4, i:26)) is not found
2021-10-24 12:57:56,306 [grpc-default-executor-3] INFO  server.RaftServer$Division (RaftServerImpl.java:checkInconsistentAppendEntries(1288)) - omNode-1@group-523986131536: inconsistency entries. Reply:omNode-2<-omNode-1#7334:FAIL-t4,INCONSISTENCY,nextIndex=21,followerCommit=20
2021-10-24 12:57:56,307 [grpc-default-executor-3] INFO  leader.FollowerInfo (FollowerInfoImpl.java:lambda$new$0(47)) - omNode-2@group-523986131536->omNode-1: nextIndex: updateUnconditionally 27 -> 21
2021-10-24 12:57:56,808 [grpc-default-executor-3] INFO  server.RaftServer$Division (RaftServerImpl.java:checkInconsistentAppendEntries(1322)) - omNode-1@group-523986131536: Failed appendEntries as previous log entry ((t:4, i:26)) is not found
2021-10-24 12:57:56,808 [grpc-default-executor-3] INFO  server.RaftServer$Division (RaftServerImpl.java:checkInconsistentAppendEntries(1288)) - omNode-1@group-523986131536: inconsistency entries. Reply:omNode-2<-omNode-1#7385:FAIL-t4,INCONSISTENCY,nextIndex=21,followerCommit=20
2021-10-24 12:57:56,809 [grpc-default-executor-3] INFO  leader.FollowerInfo (FollowerInfoImpl.java:lambda$new$0(47)) - omNode-2@group-523986131536->omNode-1: nextIndex: updateUnconditionally 27 -> 21
2021-10-24 12:57:57,310 [grpc-default-executor-1] INFO  server.RaftServer$Division (RaftServerImpl.java:checkInconsistentAppendEntries(1322)) - omNode-1@group-523986131536: Failed appendEntries as previous log entry ((t:4, i:26)) is not found
2021-10-24 12:57:57,310 [grpc-default-executor-1] INFO  server.RaftServer$Division (RaftServerImpl.java:checkInconsistentAppendEntries(1288)) - omNode-1@group-523986131536: inconsistency entries. Reply:omNode-2<-omNode-1#7436:FAIL-t4,INCONSISTENCY,nextIndex=21,followerCommit=20
2021-10-24 12:57:57,311 [grpc-default-executor-3] INFO  leader.FollowerInfo (FollowerInfoImpl.java:lambda$new$0(47)) - omNode-2@group-523986131536->omNode-1: nextIndex: updateUnconditionally 27 -> 21
2021-10-24 12:57:57,812 [grpc-default-executor-3] INFO  server.RaftServer$Division (RaftServerImpl.java:checkInconsistentAppendEntries(1322)) - omNode-1@group-523986131536: Failed appendEntries as previous log entry ((t:4, i:26)) is not found
2021-10-24 12:57:57,813 [grpc-default-executor-3] INFO  server.RaftServer$Division (RaftServerImpl.java:checkInconsistentAppendEntries(1288)) - omNode-1@group-523986131536: inconsistency entries. Reply:omNode-2<-omNode-1#7487:FAIL-t4,INCONSISTENCY,nextIndex=21,followerCommit=20
2021-10-24 12:57:57,813 [grpc-default-executor-3] INFO  leader.FollowerInfo (FollowerInfoImpl.java:lambda$new$0(47)) - omNode-2@group-523986131536->omNode-1: nextIndex: updateUnconditionally 27 -> 21
2021-10-24 12:57:58,314 [grpc-default-executor-3] INFO  server.RaftServer$Division (RaftServerImpl.java:checkInconsistentAppendEntries(1322)) - omNode-1@group-523986131536: Failed appendEntries as previous log entry ((t:4, i:26)) is not found
2021-10-24 12:57:58,315 [grpc-default-executor-3] INFO  server.RaftServer$Division (RaftServerImpl.java:checkInconsistentAppendEntries(1288)) - omNode-1@group-523986131536: inconsistency entries. Reply:omNode-2<-omNode-1#7538:FAIL-t4,INCONSISTENCY,nextIndex=21,followerCommit=20
2021-10-24 12:57:58,315 [grpc-default-executor-1] INFO  leader.FollowerInfo (FollowerInfoImpl.java:lambda$new$0(47)) - omNode-2@group-523986131536->omNode-1: nextIndex: updateUnconditionally 27 -> 21
2021-10-24 12:57:58,816 [grpc-default-executor-3] INFO  server.RaftServer$Division (RaftServerImpl.java:checkInconsistentAppendEntries(1322)) - omNode-1@group-523986131536: Failed appendEntries as previous log entry ((t:4, i:26)) is not found
2021-10-24 12:57:58,817 [grpc-default-executor-3] INFO  server.RaftServer$Division (RaftServerImpl.java:checkInconsistentAppendEntries(1288)) - omNode-1@group-523986131536: inconsistency entries. Reply:omNode-2<-omNode-1#7589:FAIL-t4,INCONSISTENCY,nextIndex=21,followerCommit=20
2021-10-24 12:57:58,817 [grpc-default-executor-3] INFO  leader.FollowerInfo (FollowerInfoImpl.java:lambda$new$0(47)) - omNode-2@group-523986131536->omNode-1: nextIndex: updateUnconditionally 27 -> 21
2021-10-24 12:57:59,319 [grpc-default-executor-1] INFO  server.RaftServer$Division (RaftServerImpl.java:checkInconsistentAppendEntries(1322)) - omNode-1@group-523986131536: Failed appendEntries as previous log entry ((t:4, i:26)) is not found
2021-10-24 12:57:59,319 [grpc-default-executor-1] INFO  server.RaftServer$Division (RaftServerImpl.java:checkInconsistentAppendEntries(1288)) - omNode-1@group-523986131536: inconsistency entries. Reply:omNode-2<-omNode-1#7640:FAIL-t4,INCONSISTENCY,nextIndex=21,followerCommit=20
2021-10-24 12:57:59,319 [grpc-default-executor-1] INFO  leader.FollowerInfo (FollowerInfoImpl.java:lambda$new$0(47)) - omNode-2@group-523986131536->omNode-1: nextIndex: updateUnconditionally 27 -> 21
2021-10-24 12:57:59,821 [grpc-default-executor-1] INFO  server.RaftServer$Division (RaftServerImpl.java:checkInconsistentAppendEntries(1322)) - omNode-1@group-523986131536: Failed appendEntries as previous log entry ((t:4, i:26)) is not found
2021-10-24 12:57:59,821 [grpc-default-executor-1] INFO  server.RaftServer$Division (RaftServerImpl.java:checkInconsistentAppendEntries(1288)) - omNode-1@group-523986131536: inconsistency entries. Reply:omNode-2<-omNode-1#7691:FAIL-t4,INCONSISTENCY,nextIndex=21,followerCommit=20
2021-10-24 12:57:59,822 [grpc-default-executor-1] INFO  leader.FollowerInfo (FollowerInfoImpl.java:lambda$new$0(47)) - omNode-2@group-523986131536->omNode-1: nextIndex: updateUnconditionally 27 -> 21
2021-10-24 12:58:00,323 [grpc-default-executor-3] INFO  server.RaftServer$Division (RaftServerImpl.java:checkInconsistentAppendEntries(1322)) - omNode-1@group-523986131536: Failed appendEntries as previous log entry ((t:4, i:26)) is not found
2021-10-24 12:58:00,323 [grpc-default-executor-3] INFO  server.RaftServer$Division (RaftServerImpl.java:checkInconsistentAppendEntries(1288)) - omNode-1@group-523986131536: inconsistency entries. Reply:omNode-2<-omNode-1#7742:FAIL-t4,INCONSISTENCY,nextIndex=21,followerCommit=20
2021-10-24 12:58:00,324 [grpc-default-executor-3] INFO  leader.FollowerInfo (FollowerInfoImpl.java:lambda$new$0(47)) - omNode-2@group-523986131536->omNode-1: nextIndex: updateUnconditionally 27 -> 21
2021-10-24 12:58:00,826 [grpc-default-executor-3] INFO  server.RaftServer$Division (RaftServerImpl.java:checkInconsistentAppendEntries(1322)) - omNode-1@group-523986131536: Failed appendEntries as previous log entry ((t:4, i:26)) is not found
2021-10-24 12:58:00,826 [grpc-default-executor-3] INFO  server.RaftServer$Division (RaftServerImpl.java:checkInconsistentAppendEntries(1288)) - omNode-1@group-523986131536: inconsistency entries. Reply:omNode-2<-omNode-1#7793:FAIL-t4,INCONSISTENCY,nextIndex=21,followerCommit=20
2021-10-24 12:58:00,826 [grpc-default-executor-3] INFO  leader.FollowerInfo (FollowerInfoImpl.java:lambda$new$0(47)) - omNode-2@group-523986131536->omNode-1: nextIndex: updateUnconditionally 27 -> 21
2021-10-24 12:58:01,327 [grpc-default-executor-3] INFO  server.RaftServer$Division (RaftServerImpl.java:checkInconsistentAppendEntries(1322)) - omNode-1@group-523986131536: Failed appendEntries as previous log entry ((t:4, i:26)) is not found
2021-10-24 12:58:01,327 [grpc-default-executor-3] INFO  server.RaftServer$Division (RaftServerImpl.java:checkInconsistentAppendEntries(1288)) - omNode-1@group-523986131536: inconsistency entries. Reply:omNode-2<-omNode-1#7844:FAIL-t4,INCONSISTENCY,nextIndex=21,followerCommit=20
2021-10-24 12:58:01,328 [grpc-default-executor-1] INFO  leader.FollowerInfo (FollowerInfoImpl.java:lambda$new$0(47)) - omNode-2@group-523986131536->omNode-1: nextIndex: updateUnconditionally 27 -> 21
2021-10-24 12:58:01,832 [grpc-default-executor-1] INFO  server.RaftServer$Division (RaftServerImpl.java:checkInconsistentAppendEntries(1322)) - omNode-1@group-523986131536: Failed appendEntries as previous log entry ((t:4, i:26)) is not found
2021-10-24 12:58:01,832 [grpc-default-executor-1] INFO  server.RaftServer$Division (RaftServerImpl.java:checkInconsistentAppendEntries(1288)) - omNode-1@group-523986131536: inconsistency entries. Reply:omNode-2<-omNode-1#7895:FAIL-t4,INCONSISTENCY,nextIndex=21,followerCommit=20
2021-10-24 12:58:01,832 [grpc-default-executor-1] INFO  leader.FollowerInfo (FollowerInfoImpl.java:lambda$new$0(47)) - omNode-2@group-523986131536->omNode-1: nextIndex: updateUnconditionally 27 -> 21
2021-10-24 12:58:02,334 [grpc-default-executor-1] INFO  server.RaftServer$Division (RaftServerImpl.java:checkInconsistentAppendEntries(1322)) - omNode-1@group-523986131536: Failed appendEntries as previous log entry ((t:4, i:26)) is not found
2021-10-24 12:58:02,334 [grpc-default-executor-1] INFO  server.RaftServer$Division (RaftServerImpl.java:checkInconsistentAppendEntries(1288)) - omNode-1@group-523986131536: inconsistency entries. Reply:omNode-2<-omNode-1#7946:FAIL-t4,INCONSISTENCY,nextIndex=21,followerCommit=20
2021-10-24 12:58:02,335 [grpc-default-executor-1] INFO  leader.FollowerInfo (FollowerInfoImpl.java:lambda$new$0(47)) - omNode-2@group-523986131536->omNode-1: nextIndex: updateUnconditionally 27 -> 21
2021-10-24 12:58:02,837 [grpc-default-executor-1] INFO  server.RaftServer$Division (RaftServerImpl.java:checkInconsistentAppendEntries(1322)) - omNode-1@group-523986131536: Failed appendEntries as previous log entry ((t:4, i:26)) is not found
2021-10-24 12:58:02,837 [grpc-default-executor-1] INFO  server.RaftServer$Division (RaftServerImpl.java:checkInconsistentAppendEntries(1288)) - omNode-1@group-523986131536: inconsistency entries. Reply:omNode-2<-omNode-1#7997:FAIL-t4,INCONSISTENCY,nextIndex=21,followerCommit=20
2021-10-24 12:58:02,837 [grpc-default-executor-1] INFO  leader.FollowerInfo (FollowerInfoImpl.java:lambda$new$0(47)) - omNode-2@group-523986131536->omNode-1: nextIndex: updateUnconditionally 27 -> 21
2021-10-24 12:58:03,338 [grpc-default-executor-1] INFO  server.RaftServer$Division (RaftServerImpl.java:checkInconsistentAppendEntries(1322)) - omNode-1@group-523986131536: Failed appendEntries as previous log entry ((t:4, i:26)) is not found
2021-10-24 12:58:03,338 [grpc-default-executor-1] INFO  server.RaftServer$Division (RaftServerImpl.java:checkInconsistentAppendEntries(1288)) - omNode-1@group-523986131536: inconsistency entries. Reply:omNode-2<-omNode-1#8048:FAIL-t4,INCONSISTENCY,nextIndex=21,followerCommit=20
2021-10-24 12:58:03,339 [grpc-default-executor-1] INFO  leader.FollowerInfo (FollowerInfoImpl.java:lambda$new$0(47)) - omNode-2@group-523986131536->omNode-1: nextIndex: updateUnconditionally 27 -> 21
2021-10-24 12:58:03,839 [grpc-default-executor-1] INFO  server.RaftServer$Division (RaftServerImpl.java:checkInconsistentAppendEntries(1322)) - omNode-1@group-523986131536: Failed appendEntries as previous log entry ((t:4, i:26)) is not found
2021-10-24 12:58:03,840 [grpc-default-executor-1] INFO  server.RaftServer$Division (RaftServerImpl.java:checkInconsistentAppendEntries(1288)) - omNode-1@group-523986131536: inconsistency entries. Reply:omNode-2<-omNode-1#8099:FAIL-t4,INCONSISTENCY,nextIndex=21,followerCommit=20
2021-10-24 12:58:03,840 [grpc-default-executor-1] INFO  leader.FollowerInfo (FollowerInfoImpl.java:lambda$new$0(47)) - omNode-2@group-523986131536->omNode-1: nextIndex: updateUnconditionally 27 -> 21
2021-10-24 12:58:04,342 [grpc-default-executor-1] INFO  server.RaftServer$Division (RaftServerImpl.java:checkInconsistentAppendEntries(1322)) - omNode-1@group-523986131536: Failed appendEntries as previous log entry ((t:4, i:26)) is not found
2021-10-24 12:58:04,342 [grpc-default-executor-1] INFO  server.RaftServer$Division (RaftServerImpl.java:checkInconsistentAppendEntries(1288)) - omNode-1@group-523986131536: inconsistency entries. Reply:omNode-2<-omNode-1#8150:FAIL-t4,INCONSISTENCY,nextIndex=21,followerCommit=20
2021-10-24 12:58:04,342 [grpc-default-executor-1] INFO  leader.FollowerInfo (FollowerInfoImpl.java:lambda$new$0(47)) - omNode-2@group-523986131536->omNode-1: nextIndex: updateUnconditionally 27 -> 21
2021-10-24 12:58:04,843 [grpc-default-executor-1] INFO  server.RaftServer$Division (RaftServerImpl.java:checkInconsistentAppendEntries(1322)) - omNode-1@group-523986131536: Failed appendEntries as previous log entry ((t:4, i:26)) is not found
2021-10-24 12:58:04,843 [grpc-default-executor-1] INFO  server.RaftServer$Division (RaftServerImpl.java:checkInconsistentAppendEntries(1288)) - omNode-1@group-523986131536: inconsistency entries. Reply:omNode-2<-omNode-1#8201:FAIL-t4,INCONSISTENCY,nextIndex=21,followerCommit=20
2021-10-24 12:58:04,843 [grpc-default-executor-1] INFO  leader.FollowerInfo (FollowerInfoImpl.java:lambda$new$0(47)) - omNode-2@group-523986131536->omNode-1: nextIndex: updateUnconditionally 27 -> 21
2021-10-24 12:58:05,344 [grpc-default-executor-1] INFO  server.RaftServer$Division (RaftServerImpl.java:checkInconsistentAppendEntries(1322)) - omNode-1@group-523986131536: Failed appendEntries as previous log entry ((t:4, i:26)) is not found
2021-10-24 12:58:05,345 [grpc-default-executor-1] INFO  server.RaftServer$Division (RaftServerImpl.java:checkInconsistentAppendEntries(1288)) - omNode-1@group-523986131536: inconsistency entries. Reply:omNode-2<-omNode-1#8252:FAIL-t4,INCONSISTENCY,nextIndex=21,followerCommit=20
2021-10-24 12:58:05,345 [grpc-default-executor-1] INFO  leader.FollowerInfo (FollowerInfoImpl.java:lambda$new$0(47)) - omNode-2@group-523986131536->omNode-1: nextIndex: updateUnconditionally 27 -> 21
2021-10-24 12:58:05,846 [grpc-default-executor-1] INFO  server.RaftServer$Division (RaftServerImpl.java:checkInconsistentAppendEntries(1322)) - omNode-1@group-523986131536: Failed appendEntries as previous log entry ((t:4, i:26)) is not found
2021-10-24 12:58:05,846 [grpc-default-executor-1] INFO  server.RaftServer$Division (RaftServerImpl.java:checkInconsistentAppendEntries(1288)) - omNode-1@group-523986131536: inconsistency entries. Reply:omNode-2<-omNode-1#8303:FAIL-t4,INCONSISTENCY,nextIndex=21,followerCommit=20
2021-10-24 12:58:05,846 [grpc-default-executor-1] INFO  leader.FollowerInfo (FollowerInfoImpl.java:lambda$new$0(47)) - omNode-2@group-523986131536->omNode-1: nextIndex: updateUnconditionally 27 -> 21
2021-10-24 12:58:06,347 [grpc-default-executor-3] INFO  server.RaftServer$Division (RaftServerImpl.java:checkInconsistentAppendEntries(1322)) - omNode-1@group-523986131536: Failed appendEntries as previous log entry ((t:4, i:26)) is not found
2021-10-24 12:58:06,348 [grpc-default-executor-3] INFO  server.RaftServer$Division (RaftServerImpl.java:checkInconsistentAppendEntries(1288)) - omNode-1@group-523986131536: inconsistency entries. Reply:omNode-2<-omNode-1#8354:FAIL-t4,INCONSISTENCY,nextIndex=21,followerCommit=20
2021-10-24 12:58:06,348 [grpc-default-executor-3] INFO  leader.FollowerInfo (FollowerInfoImpl.java:lambda$new$0(47)) - omNode-2@group-523986131536->omNode-1: nextIndex: updateUnconditionally 27 -> 21
2021-10-24 12:58:06,849 [grpc-default-executor-1] INFO  server.RaftServer$Division (RaftServerImpl.java:checkInconsistentAppendEntries(1322)) - omNode-1@group-523986131536: Failed appendEntries as previous log entry ((t:4, i:26)) is not found
2021-10-24 12:58:06,850 [grpc-default-executor-1] INFO  server.RaftServer$Division (RaftServerImpl.java:checkInconsistentAppendEntries(1288)) - omNode-1@group-523986131536: inconsistency entries. Reply:omNode-2<-omNode-1#8405:FAIL-t4,INCONSISTENCY,nextIndex=21,followerCommit=20
2021-10-24 12:58:06,850 [grpc-default-executor-1] INFO  leader.FollowerInfo (FollowerInfoImpl.java:lambda$new$0(47)) - omNode-2@group-523986131536->omNode-1: nextIndex: updateUnconditionally 27 -> 21
2021-10-24 12:58:07,351 [grpc-default-executor-3] INFO  server.RaftServer$Division (RaftServerImpl.java:checkInconsistentAppendEntries(1322)) - omNode-1@group-523986131536: Failed appendEntries as previous log entry ((t:4, i:26)) is not found
2021-10-24 12:58:07,352 [grpc-default-executor-3] INFO  server.RaftServer$Division (RaftServerImpl.java:checkInconsistentAppendEntries(1288)) - omNode-1@group-523986131536: inconsistency entries. Reply:omNode-2<-omNode-1#8456:FAIL-t4,INCONSISTENCY,nextIndex=21,followerCommit=20
2021-10-24 12:58:07,352 [grpc-default-executor-1] INFO  leader.FollowerInfo (FollowerInfoImpl.java:lambda$new$0(47)) - omNode-2@group-523986131536->omNode-1: nextIndex: updateUnconditionally 27 -> 21
2021-10-24 12:58:07,854 [grpc-default-executor-1] INFO  server.RaftServer$Division (RaftServerImpl.java:checkInconsistentAppendEntries(1322)) - omNode-1@group-523986131536: Failed appendEntries as previous log entry ((t:4, i:26)) is not found
2021-10-24 12:58:07,854 [grpc-default-executor-1] INFO  server.RaftServer$Division (RaftServerImpl.java:checkInconsistentAppendEntries(1288)) - omNode-1@group-523986131536: inconsistency entries. Reply:omNode-2<-omNode-1#8507:FAIL-t4,INCONSISTENCY,nextIndex=21,followerCommit=20
2021-10-24 12:58:07,854 [grpc-default-executor-1] INFO  leader.FollowerInfo (FollowerInfoImpl.java:lambda$new$0(47)) - omNode-2@group-523986131536->omNode-1: nextIndex: updateUnconditionally 27 -> 21
2021-10-24 12:58:08,357 [grpc-default-executor-1] INFO  server.RaftServer$Division (RaftServerImpl.java:checkInconsistentAppendEntries(1322)) - omNode-1@group-523986131536: Failed appendEntries as previous log entry ((t:4, i:26)) is not found
2021-10-24 12:58:08,357 [grpc-default-executor-1] INFO  server.RaftServer$Division (RaftServerImpl.java:checkInconsistentAppendEntries(1288)) - omNode-1@group-523986131536: inconsistency entries. Reply:omNode-2<-omNode-1#8558:FAIL-t4,INCONSISTENCY,nextIndex=21,followerCommit=20
2021-10-24 12:58:08,357 [grpc-default-executor-1] INFO  leader.FollowerInfo (FollowerInfoImpl.java:lambda$new$0(47)) - omNode-2@group-523986131536->omNode-1: nextIndex: updateUnconditionally 27 -> 21
2021-10-24 12:58:08,859 [grpc-default-executor-1] INFO  server.RaftServer$Division (RaftServerImpl.java:checkInconsistentAppendEntries(1322)) - omNode-1@group-523986131536: Failed appendEntries as previous log entry ((t:4, i:26)) is not found
2021-10-24 12:58:08,859 [grpc-default-executor-1] INFO  server.RaftServer$Division (RaftServerImpl.java:checkInconsistentAppendEntries(1288)) - omNode-1@group-523986131536: inconsistency entries. Reply:omNode-2<-omNode-1#8609:FAIL-t4,INCONSISTENCY,nextIndex=21,followerCommit=20
2021-10-24 12:58:08,859 [grpc-default-executor-1] INFO  leader.FollowerInfo (FollowerInfoImpl.java:lambda$new$0(47)) - omNode-2@group-523986131536->omNode-1: nextIndex: updateUnconditionally 27 -> 21
2021-10-24 12:58:09,360 [grpc-default-executor-1] INFO  server.RaftServer$Division (RaftServerImpl.java:checkInconsistentAppendEntries(1322)) - omNode-1@group-523986131536: Failed appendEntries as previous log entry ((t:4, i:26)) is not found
2021-10-24 12:58:09,361 [grpc-default-executor-1] INFO  server.RaftServer$Division (RaftServerImpl.java:checkInconsistentAppendEntries(1288)) - omNode-1@group-523986131536: inconsistency entries. Reply:omNode-2<-omNode-1#8660:FAIL-t4,INCONSISTENCY,nextIndex=21,followerCommit=20
2021-10-24 12:58:09,361 [grpc-default-executor-1] INFO  leader.FollowerInfo (FollowerInfoImpl.java:lambda$new$0(47)) - omNode-2@group-523986131536->omNode-1: nextIndex: updateUnconditionally 27 -> 21
2021-10-24 12:58:09,862 [grpc-default-executor-3] INFO  server.RaftServer$Division (RaftServerImpl.java:checkInconsistentAppendEntries(1322)) - omNode-1@group-523986131536: Failed appendEntries as previous log entry ((t:4, i:26)) is not found
2021-10-24 12:58:09,862 [grpc-default-executor-3] INFO  server.RaftServer$Division (RaftServerImpl.java:checkInconsistentAppendEntries(1288)) - omNode-1@group-523986131536: inconsistency entries. Reply:omNode-2<-omNode-1#8711:FAIL-t4,INCONSISTENCY,nextIndex=21,followerCommit=20
2021-10-24 12:58:09,863 [grpc-default-executor-3] INFO  leader.FollowerInfo (FollowerInfoImpl.java:lambda$new$0(47)) - omNode-2@group-523986131536->omNode-1: nextIndex: updateUnconditionally 27 -> 21
2021-10-24 12:58:10,364 [grpc-default-executor-3] INFO  server.RaftServer$Division (RaftServerImpl.java:checkInconsistentAppendEntries(1322)) - omNode-1@group-523986131536: Failed appendEntries as previous log entry ((t:4, i:26)) is not found
2021-10-24 12:58:10,365 [grpc-default-executor-3] INFO  server.RaftServer$Division (RaftServerImpl.java:checkInconsistentAppendEntries(1288)) - omNode-1@group-523986131536: inconsistency entries. Reply:omNode-2<-omNode-1#8762:FAIL-t4,INCONSISTENCY,nextIndex=21,followerCommit=20
2021-10-24 12:58:10,365 [grpc-default-executor-3] INFO  leader.FollowerInfo (FollowerInfoImpl.java:lambda$new$0(47)) - omNode-2@group-523986131536->omNode-1: nextIndex: updateUnconditionally 27 -> 21
2021-10-24 12:58:10,866 [grpc-default-executor-1] INFO  server.RaftServer$Division (RaftServerImpl.java:checkInconsistentAppendEntries(1322)) - omNode-1@group-523986131536: Failed appendEntries as previous log entry ((t:4, i:26)) is not found
2021-10-24 12:58:10,867 [grpc-default-executor-1] INFO  server.RaftServer$Division (RaftServerImpl.java:checkInconsistentAppendEntries(1288)) - omNode-1@group-523986131536: inconsistency entries. Reply:omNode-2<-omNode-1#8813:FAIL-t4,INCONSISTENCY,nextIndex=21,followerCommit=20
2021-10-24 12:58:10,867 [grpc-default-executor-1] INFO  leader.FollowerInfo (FollowerInfoImpl.java:lambda$new$0(47)) - omNode-2@group-523986131536->omNode-1: nextIndex: updateUnconditionally 27 -> 21
2021-10-24 12:58:11,369 [grpc-default-executor-3] INFO  server.RaftServer$Division (RaftServerImpl.java:checkInconsistentAppendEntries(1322)) - omNode-1@group-523986131536: Failed appendEntries as previous log entry ((t:4, i:26)) is not found
2021-10-24 12:58:11,369 [grpc-default-executor-3] INFO  server.RaftServer$Division (RaftServerImpl.java:checkInconsistentAppendEntries(1288)) - omNode-1@group-523986131536: inconsistency entries. Reply:omNode-2<-omNode-1#8864:FAIL-t4,INCONSISTENCY,nextIndex=21,followerCommit=20
2021-10-24 12:58:11,371 [grpc-default-executor-3] INFO  leader.FollowerInfo (FollowerInfoImpl.java:lambda$new$0(47)) - omNode-2@group-523986131536->omNode-1: nextIndex: updateUnconditionally 27 -> 21
2021-10-24 12:58:11,872 [grpc-default-executor-3] INFO  server.RaftServer$Division (RaftServerImpl.java:checkInconsistentAppendEntries(1322)) - omNode-1@group-523986131536: Failed appendEntries as previous log entry ((t:4, i:26)) is not found
2021-10-24 12:58:11,872 [grpc-default-executor-3] INFO  server.RaftServer$Division (RaftServerImpl.java:checkInconsistentAppendEntries(1288)) - omNode-1@group-523986131536: inconsistency entries. Reply:omNode-2<-omNode-1#8915:FAIL-t4,INCONSISTENCY,nextIndex=21,followerCommit=20
2021-10-24 12:58:11,873 [grpc-default-executor-3] INFO  leader.FollowerInfo (FollowerInfoImpl.java:lambda$new$0(47)) - omNode-2@group-523986131536->omNode-1: nextIndex: updateUnconditionally 27 -> 21
2021-10-24 12:58:12,374 [grpc-default-executor-3] INFO  server.RaftServer$Division (RaftServerImpl.java:checkInconsistentAppendEntries(1322)) - omNode-1@group-523986131536: Failed appendEntries as previous log entry ((t:4, i:26)) is not found
2021-10-24 12:58:12,374 [grpc-default-executor-3] INFO  server.RaftServer$Division (RaftServerImpl.java:checkInconsistentAppendEntries(1288)) - omNode-1@group-523986131536: inconsistency entries. Reply:omNode-2<-omNode-1#8966:FAIL-t4,INCONSISTENCY,nextIndex=21,followerCommit=20
2021-10-24 12:58:12,375 [grpc-default-executor-3] INFO  leader.FollowerInfo (FollowerInfoImpl.java:lambda$new$0(47)) - omNode-2@group-523986131536->omNode-1: nextIndex: updateUnconditionally 27 -> 21
2021-10-24 12:58:12,876 [grpc-default-executor-3] INFO  server.RaftServer$Division (RaftServerImpl.java:checkInconsistentAppendEntries(1322)) - omNode-1@group-523986131536: Failed appendEntries as previous log entry ((t:4, i:26)) is not found
2021-10-24 12:58:12,876 [grpc-default-executor-3] INFO  server.RaftServer$Division (RaftServerImpl.java:checkInconsistentAppendEntries(1288)) - omNode-1@group-523986131536: inconsistency entries. Reply:omNode-2<-omNode-1#9017:FAIL-t4,INCONSISTENCY,nextIndex=21,followerCommit=20
2021-10-24 12:58:12,877 [grpc-default-executor-3] INFO  leader.FollowerInfo (FollowerInfoImpl.java:lambda$new$0(47)) - omNode-2@group-523986131536->omNode-1: nextIndex: updateUnconditionally 27 -> 21
2021-10-24 12:58:13,378 [grpc-default-executor-1] INFO  server.RaftServer$Division (RaftServerImpl.java:checkInconsistentAppendEntries(1322)) - omNode-1@group-523986131536: Failed appendEntries as previous log entry ((t:4, i:26)) is not found
2021-10-24 12:58:13,378 [grpc-default-executor-1] INFO  server.RaftServer$Division (RaftServerImpl.java:checkInconsistentAppendEntries(1288)) - omNode-1@group-523986131536: inconsistency entries. Reply:omNode-2<-omNode-1#9068:FAIL-t4,INCONSISTENCY,nextIndex=21,followerCommit=20
2021-10-24 12:58:13,379 [grpc-default-executor-1] INFO  leader.FollowerInfo (FollowerInfoImpl.java:lambda$new$0(47)) - omNode-2@group-523986131536->omNode-1: nextIndex: updateUnconditionally 27 -> 21
2021-10-24 12:58:13,881 [grpc-default-executor-3] INFO  server.RaftServer$Division (RaftServerImpl.java:checkInconsistentAppendEntries(1322)) - omNode-1@group-523986131536: Failed appendEntries as previous log entry ((t:4, i:26)) is not found
2021-10-24 12:58:13,881 [grpc-default-executor-3] INFO  server.RaftServer$Division (RaftServerImpl.java:checkInconsistentAppendEntries(1288)) - omNode-1@group-523986131536: inconsistency entries. Reply:omNode-2<-omNode-1#9119:FAIL-t4,INCONSISTENCY,nextIndex=21,followerCommit=20
2021-10-24 12:58:13,881 [grpc-default-executor-3] INFO  leader.FollowerInfo (FollowerInfoImpl.java:lambda$new$0(47)) - omNode-2@group-523986131536->omNode-1: nextIndex: updateUnconditionally 27 -> 21
2021-10-24 12:58:14,382 [grpc-default-executor-3] INFO  server.RaftServer$Division (RaftServerImpl.java:checkInconsistentAppendEntries(1322)) - omNode-1@group-523986131536: Failed appendEntries as previous log entry ((t:4, i:26)) is not found
2021-10-24 12:58:14,382 [grpc-default-executor-3] INFO  server.RaftServer$Division (RaftServerImpl.java:checkInconsistentAppendEntries(1288)) - omNode-1@group-523986131536: inconsistency entries. Reply:omNode-2<-omNode-1#9170:FAIL-t4,INCONSISTENCY,nextIndex=21,followerCommit=20
2021-10-24 12:58:14,383 [grpc-default-executor-3] INFO  leader.FollowerInfo (FollowerInfoImpl.java:lambda$new$0(47)) - omNode-2@group-523986131536->omNode-1: nextIndex: updateUnconditionally 27 -> 21
2021-10-24 12:58:14,884 [grpc-default-executor-1] INFO  server.RaftServer$Division (RaftServerImpl.java:checkInconsistentAppendEntries(1322)) - omNode-1@group-523986131536: Failed appendEntries as previous log entry ((t:4, i:26)) is not found
2021-10-24 12:58:14,884 [grpc-default-executor-1] INFO  server.RaftServer$Division (RaftServerImpl.java:checkInconsistentAppendEntries(1288)) - omNode-1@group-523986131536: inconsistency entries. Reply:omNode-2<-omNode-1#9221:FAIL-t4,INCONSISTENCY,nextIndex=21,followerCommit=20
2021-10-24 12:58:14,884 [grpc-default-executor-3] INFO  leader.FollowerInfo (FollowerInfoImpl.java:lambda$new$0(47)) - omNode-2@group-523986131536->omNode-1: nextIndex: updateUnconditionally 27 -> 21
2021-10-24 12:58:15,386 [grpc-default-executor-1] INFO  server.RaftServer$Division (RaftServerImpl.java:checkInconsistentAppendEntries(1322)) - omNode-1@group-523986131536: Failed appendEntries as previous log entry ((t:4, i:26)) is not found
2021-10-24 12:58:15,386 [grpc-default-executor-1] INFO  server.RaftServer$Division (RaftServerImpl.java:checkInconsistentAppendEntries(1288)) - omNode-1@group-523986131536: inconsistency entries. Reply:omNode-2<-omNode-1#9272:FAIL-t4,INCONSISTENCY,nextIndex=21,followerCommit=20
2021-10-24 12:58:15,386 [grpc-default-executor-1] INFO  leader.FollowerInfo (FollowerInfoImpl.java:lambda$new$0(47)) - omNode-2@group-523986131536->omNode-1: nextIndex: updateUnconditionally 27 -> 21
2021-10-24 12:58:15,888 [grpc-default-executor-1] INFO  server.RaftServer$Division (RaftServerImpl.java:checkInconsistentAppendEntries(1322)) - omNode-1@group-523986131536: Failed appendEntries as previous log entry ((t:4, i:26)) is not found
2021-10-24 12:58:15,888 [grpc-default-executor-1] INFO  server.RaftServer$Division (RaftServerImpl.java:checkInconsistentAppendEntries(1288)) - omNode-1@group-523986131536: inconsistency entries. Reply:omNode-2<-omNode-1#9323:FAIL-t4,INCONSISTENCY,nextIndex=21,followerCommit=20
2021-10-24 12:58:15,889 [grpc-default-executor-3] INFO  leader.FollowerInfo (FollowerInfoImpl.java:lambda$new$0(47)) - omNode-2@group-523986131536->omNode-1: nextIndex: updateUnconditionally 27 -> 21
2021-10-24 12:58:16,391 [grpc-default-executor-1] INFO  server.RaftServer$Division (RaftServerImpl.java:checkInconsistentAppendEntries(1322)) - omNode-1@group-523986131536: Failed appendEntries as previous log entry ((t:4, i:26)) is not found
2021-10-24 12:58:16,391 [grpc-default-executor-1] INFO  server.RaftServer$Division (RaftServerImpl.java:checkInconsistentAppendEntries(1288)) - omNode-1@group-523986131536: inconsistency entries. Reply:omNode-2<-omNode-1#9374:FAIL-t4,INCONSISTENCY,nextIndex=21,followerCommit=20
2021-10-24 12:58:16,391 [grpc-default-executor-1] INFO  leader.FollowerInfo (FollowerInfoImpl.java:lambda$new$0(47)) - omNode-2@group-523986131536->omNode-1: nextIndex: updateUnconditionally 27 -> 21
2021-10-24 12:58:16,893 [grpc-default-executor-3] INFO  server.RaftServer$Division (RaftServerImpl.java:checkInconsistentAppendEntries(1322)) - omNode-1@group-523986131536: Failed appendEntries as previous log entry ((t:4, i:26)) is not found
2021-10-24 12:58:16,893 [grpc-default-executor-3] INFO  server.RaftServer$Division (RaftServerImpl.java:checkInconsistentAppendEntries(1288)) - omNode-1@group-523986131536: inconsistency entries. Reply:omNode-2<-omNode-1#9425:FAIL-t4,INCONSISTENCY,nextIndex=21,followerCommit=20
2021-10-24 12:58:16,894 [grpc-default-executor-3] INFO  leader.FollowerInfo (FollowerInfoImpl.java:lambda$new$0(47)) - omNode-2@group-523986131536->omNode-1: nextIndex: updateUnconditionally 27 -> 21
2021-10-24 12:58:17,395 [grpc-default-executor-1] INFO  server.RaftServer$Division (RaftServerImpl.java:checkInconsistentAppendEntries(1322)) - omNode-1@group-523986131536: Failed appendEntries as previous log entry ((t:4, i:26)) is not found
2021-10-24 12:58:17,395 [grpc-default-executor-1] INFO  server.RaftServer$Division (RaftServerImpl.java:checkInconsistentAppendEntries(1288)) - omNode-1@group-523986131536: inconsistency entries. Reply:omNode-2<-omNode-1#9476:FAIL-t4,INCONSISTENCY,nextIndex=21,followerCommit=20
2021-10-24 12:58:17,396 [grpc-default-executor-3] INFO  leader.FollowerInfo (FollowerInfoImpl.java:lambda$new$0(47)) - omNode-2@group-523986131536->omNode-1: nextIndex: updateUnconditionally 27 -> 21
2021-10-24 12:58:17,898 [grpc-default-executor-3] INFO  server.RaftServer$Division (RaftServerImpl.java:checkInconsistentAppendEntries(1322)) - omNode-1@group-523986131536: Failed appendEntries as previous log entry ((t:4, i:26)) is not found
2021-10-24 12:58:17,898 [grpc-default-executor-3] INFO  server.RaftServer$Division (RaftServerImpl.java:checkInconsistentAppendEntries(1288)) - omNode-1@group-523986131536: inconsistency entries. Reply:omNode-2<-omNode-1#9527:FAIL-t4,INCONSISTENCY,nextIndex=21,followerCommit=20
2021-10-24 12:58:17,898 [grpc-default-executor-3] INFO  leader.FollowerInfo (FollowerInfoImpl.java:lambda$new$0(47)) - omNode-2@group-523986131536->omNode-1: nextIndex: updateUnconditionally 27 -> 21
2021-10-24 12:58:18,400 [grpc-default-executor-1] INFO  server.RaftServer$Division (RaftServerImpl.java:checkInconsistentAppendEntries(1322)) - omNode-1@group-523986131536: Failed appendEntries as previous log entry ((t:4, i:26)) is not found
2021-10-24 12:58:18,400 [grpc-default-executor-1] INFO  server.RaftServer$Division (RaftServerImpl.java:checkInconsistentAppendEntries(1288)) - omNode-1@group-523986131536: inconsistency entries. Reply:omNode-2<-omNode-1#9578:FAIL-t4,INCONSISTENCY,nextIndex=21,followerCommit=20
2021-10-24 12:58:18,401 [grpc-default-executor-3] INFO  leader.FollowerInfo (FollowerInfoImpl.java:lambda$new$0(47)) - omNode-2@group-523986131536->omNode-1: nextIndex: updateUnconditionally 27 -> 21
2021-10-24 12:58:18,902 [grpc-default-executor-3] INFO  server.RaftServer$Division (RaftServerImpl.java:checkInconsistentAppendEntries(1322)) - omNode-1@group-523986131536: Failed appendEntries as previous log entry ((t:4, i:26)) is not found
2021-10-24 12:58:18,902 [grpc-default-executor-3] INFO  server.RaftServer$Division (RaftServerImpl.java:checkInconsistentAppendEntries(1288)) - omNode-1@group-523986131536: inconsistency entries. Reply:omNode-2<-omNode-1#9629:FAIL-t4,INCONSISTENCY,nextIndex=21,followerCommit=20
2021-10-24 12:58:18,903 [grpc-default-executor-3] INFO  leader.FollowerInfo (FollowerInfoImpl.java:lambda$new$0(47)) - omNode-2@group-523986131536->omNode-1: nextIndex: updateUnconditionally 27 -> 21
2021-10-24 12:58:19,404 [grpc-default-executor-1] INFO  server.RaftServer$Division (RaftServerImpl.java:checkInconsistentAppendEntries(1322)) - omNode-1@group-523986131536: Failed appendEntries as previous log entry ((t:4, i:26)) is not found
2021-10-24 12:58:19,405 [grpc-default-executor-1] INFO  server.RaftServer$Division (RaftServerImpl.java:checkInconsistentAppendEntries(1288)) - omNode-1@group-523986131536: inconsistency entries. Reply:omNode-2<-omNode-1#9680:FAIL-t4,INCONSISTENCY,nextIndex=21,followerCommit=20
2021-10-24 12:58:19,405 [grpc-default-executor-1] INFO  leader.FollowerInfo (FollowerInfoImpl.java:lambda$new$0(47)) - omNode-2@group-523986131536->omNode-1: nextIndex: updateUnconditionally 27 -> 21
2021-10-24 12:58:19,907 [grpc-default-executor-3] INFO  server.RaftServer$Division (RaftServerImpl.java:checkInconsistentAppendEntries(1322)) - omNode-1@group-523986131536: Failed appendEntries as previous log entry ((t:4, i:26)) is not found
2021-10-24 12:58:19,907 [grpc-default-executor-3] INFO  server.RaftServer$Division (RaftServerImpl.java:checkInconsistentAppendEntries(1288)) - omNode-1@group-523986131536: inconsistency entries. Reply:omNode-2<-omNode-1#9731:FAIL-t4,INCONSISTENCY,nextIndex=21,followerCommit=20
2021-10-24 12:58:19,907 [grpc-default-executor-3] INFO  leader.FollowerInfo (FollowerInfoImpl.java:lambda$new$0(47)) - omNode-2@group-523986131536->omNode-1: nextIndex: updateUnconditionally 27 -> 21
2021-10-24 12:58:20,409 [grpc-default-executor-3] INFO  server.RaftServer$Division (RaftServerImpl.java:checkInconsistentAppendEntries(1322)) - omNode-1@group-523986131536: Failed appendEntries as previous log entry ((t:4, i:26)) is not found
2021-10-24 12:58:20,409 [grpc-default-executor-3] INFO  server.RaftServer$Division (RaftServerImpl.java:checkInconsistentAppendEntries(1288)) - omNode-1@group-523986131536: inconsistency entries. Reply:omNode-2<-omNode-1#9782:FAIL-t4,INCONSISTENCY,nextIndex=21,followerCommit=20
2021-10-24 12:58:20,410 [grpc-default-executor-1] INFO  leader.FollowerInfo (FollowerInfoImpl.java:lambda$new$0(47)) - omNode-2@group-523986131536->omNode-1: nextIndex: updateUnconditionally 27 -> 21
2021-10-24 12:58:20,911 [grpc-default-executor-3] INFO  server.RaftServer$Division (RaftServerImpl.java:checkInconsistentAppendEntries(1322)) - omNode-1@group-523986131536: Failed appendEntries as previous log entry ((t:4, i:26)) is not found
2021-10-24 12:58:20,911 [grpc-default-executor-3] INFO  server.RaftServer$Division (RaftServerImpl.java:checkInconsistentAppendEntries(1288)) - omNode-1@group-523986131536: inconsistency entries. Reply:omNode-2<-omNode-1#9833:FAIL-t4,INCONSISTENCY,nextIndex=21,followerCommit=20
2021-10-24 12:58:20,912 [grpc-default-executor-3] INFO  leader.FollowerInfo (FollowerInfoImpl.java:lambda$new$0(47)) - omNode-2@group-523986131536->omNode-1: nextIndex: updateUnconditionally 27 -> 21
2021-10-24 12:58:21,414 [grpc-default-executor-1] INFO  server.RaftServer$Division (RaftServerImpl.java:checkInconsistentAppendEntries(1322)) - omNode-1@group-523986131536: Failed appendEntries as previous log entry ((t:4, i:26)) is not found
2021-10-24 12:58:21,414 [grpc-default-executor-1] INFO  server.RaftServer$Division (RaftServerImpl.java:checkInconsistentAppendEntries(1288)) - omNode-1@group-523986131536: inconsistency entries. Reply:omNode-2<-omNode-1#9884:FAIL-t4,INCONSISTENCY,nextIndex=21,followerCommit=20
2021-10-24 12:58:21,415 [grpc-default-executor-1] INFO  leader.FollowerInfo (FollowerInfoImpl.java:lambda$new$0(47)) - omNode-2@group-523986131536->omNode-1: nextIndex: updateUnconditionally 27 -> 21
2021-10-24 12:58:21,916 [grpc-default-executor-3] INFO  server.RaftServer$Division (RaftServerImpl.java:checkInconsistentAppendEntries(1322)) - omNode-1@group-523986131536: Failed appendEntries as previous log entry ((t:4, i:26)) is not found
2021-10-24 12:58:21,916 [grpc-default-executor-3] INFO  server.RaftServer$Division (RaftServerImpl.java:checkInconsistentAppendEntries(1288)) - omNode-1@group-523986131536: inconsistency entries. Reply:omNode-2<-omNode-1#9935:FAIL-t4,INCONSISTENCY,nextIndex=21,followerCommit=20
2021-10-24 12:58:21,916 [grpc-default-executor-3] INFO  leader.FollowerInfo (FollowerInfoImpl.java:lambda$new$0(47)) - omNode-2@group-523986131536->omNode-1: nextIndex: updateUnconditionally 27 -> 21
2021-10-24 12:58:22,417 [grpc-default-executor-1] INFO  server.RaftServer$Division (RaftServerImpl.java:checkInconsistentAppendEntries(1322)) - omNode-1@group-523986131536: Failed appendEntries as previous log entry ((t:4, i:26)) is not found
2021-10-24 12:58:22,418 [grpc-default-executor-1] INFO  server.RaftServer$Division (RaftServerImpl.java:checkInconsistentAppendEntries(1288)) - omNode-1@group-523986131536: inconsistency entries. Reply:omNode-2<-omNode-1#9986:FAIL-t4,INCONSISTENCY,nextIndex=21,followerCommit=20
2021-10-24 12:58:22,418 [grpc-default-executor-1] INFO  leader.FollowerInfo (FollowerInfoImpl.java:lambda$new$0(47)) - omNode-2@group-523986131536->omNode-1: nextIndex: updateUnconditionally 27 -> 21
2021-10-24 12:58:22,919 [grpc-default-executor-3] INFO  server.RaftServer$Division (RaftServerImpl.java:checkInconsistentAppendEntries(1322)) - omNode-1@group-523986131536: Failed appendEntries as previous log entry ((t:4, i:26)) is not found
2021-10-24 12:58:22,920 [grpc-default-executor-3] INFO  server.RaftServer$Division (RaftServerImpl.java:checkInconsistentAppendEntries(1288)) - omNode-1@group-523986131536: inconsistency entries. Reply:omNode-2<-omNode-1#10037:FAIL-t4,INCONSISTENCY,nextIndex=21,followerCommit=20
2021-10-24 12:58:22,920 [grpc-default-executor-3] INFO  leader.FollowerInfo (FollowerInfoImpl.java:lambda$new$0(47)) - omNode-2@group-523986131536->omNode-1: nextIndex: updateUnconditionally 27 -> 21
2021-10-24 12:58:23,421 [grpc-default-executor-3] INFO  server.RaftServer$Division (RaftServerImpl.java:checkInconsistentAppendEntries(1322)) - omNode-1@group-523986131536: Failed appendEntries as previous log entry ((t:4, i:26)) is not found
2021-10-24 12:58:23,421 [grpc-default-executor-3] INFO  server.RaftServer$Division (RaftServerImpl.java:checkInconsistentAppendEntries(1288)) - omNode-1@group-523986131536: inconsistency entries. Reply:omNode-2<-omNode-1#10088:FAIL-t4,INCONSISTENCY,nextIndex=21,followerCommit=20
2021-10-24 12:58:23,422 [grpc-default-executor-1] INFO  leader.FollowerInfo (FollowerInfoImpl.java:lambda$new$0(47)) - omNode-2@group-523986131536->omNode-1: nextIndex: updateUnconditionally 27 -> 21
2021-10-24 12:58:23,923 [grpc-default-executor-1] INFO  server.RaftServer$Division (RaftServerImpl.java:checkInconsistentAppendEntries(1322)) - omNode-1@group-523986131536: Failed appendEntries as previous log entry ((t:4, i:26)) is not found
2021-10-24 12:58:23,923 [grpc-default-executor-1] INFO  server.RaftServer$Division (RaftServerImpl.java:checkInconsistentAppendEntries(1288)) - omNode-1@group-523986131536: inconsistency entries. Reply:omNode-2<-omNode-1#10139:FAIL-t4,INCONSISTENCY,nextIndex=21,followerCommit=20
2021-10-24 12:58:23,923 [grpc-default-executor-1] INFO  leader.FollowerInfo (FollowerInfoImpl.java:lambda$new$0(47)) - omNode-2@group-523986131536->omNode-1: nextIndex: updateUnconditionally 27 -> 21
2021-10-24 12:58:24,425 [grpc-default-executor-1] INFO  server.RaftServer$Division (RaftServerImpl.java:checkInconsistentAppendEntries(1322)) - omNode-1@group-523986131536: Failed appendEntries as previous log entry ((t:4, i:26)) is not found
2021-10-24 12:58:24,425 [grpc-default-executor-1] INFO  server.RaftServer$Division (RaftServerImpl.java:checkInconsistentAppendEntries(1288)) - omNode-1@group-523986131536: inconsistency entries. Reply:omNode-2<-omNode-1#10190:FAIL-t4,INCONSISTENCY,nextIndex=21,followerCommit=20
2021-10-24 12:58:24,426 [grpc-default-executor-1] INFO  leader.FollowerInfo (FollowerInfoImpl.java:lambda$new$0(47)) - omNode-2@group-523986131536->omNode-1: nextIndex: updateUnconditionally 27 -> 21
2021-10-24 12:58:24,927 [grpc-default-executor-1] INFO  server.RaftServer$Division (RaftServerImpl.java:checkInconsistentAppendEntries(1322)) - omNode-1@group-523986131536: Failed appendEntries as previous log entry ((t:4, i:26)) is not found
2021-10-24 12:58:24,927 [grpc-default-executor-1] INFO  server.RaftServer$Division (RaftServerImpl.java:checkInconsistentAppendEntries(1288)) - omNode-1@group-523986131536: inconsistency entries. Reply:omNode-2<-omNode-1#10241:FAIL-t4,INCONSISTENCY,nextIndex=21,followerCommit=20
2021-10-24 12:58:24,928 [grpc-default-executor-1] INFO  leader.FollowerInfo (FollowerInfoImpl.java:lambda$new$0(47)) - omNode-2@group-523986131536->omNode-1: nextIndex: updateUnconditionally 27 -> 21
2021-10-24 12:58:25,429 [grpc-default-executor-3] INFO  server.RaftServer$Division (RaftServerImpl.java:checkInconsistentAppendEntries(1322)) - omNode-1@group-523986131536: Failed appendEntries as previous log entry ((t:4, i:26)) is not found
2021-10-24 12:58:25,429 [grpc-default-executor-3] INFO  server.RaftServer$Division (RaftServerImpl.java:checkInconsistentAppendEntries(1288)) - omNode-1@group-523986131536: inconsistency entries. Reply:omNode-2<-omNode-1#10292:FAIL-t4,INCONSISTENCY,nextIndex=21,followerCommit=20
2021-10-24 12:58:25,430 [grpc-default-executor-3] INFO  leader.FollowerInfo (FollowerInfoImpl.java:lambda$new$0(47)) - omNode-2@group-523986131536->omNode-1: nextIndex: updateUnconditionally 27 -> 21
2021-10-24 12:58:25,930 [grpc-default-executor-1] INFO  server.RaftServer$Division (RaftServerImpl.java:checkInconsistentAppendEntries(1322)) - omNode-1@group-523986131536: Failed appendEntries as previous log entry ((t:4, i:26)) is not found
2021-10-24 12:58:25,931 [grpc-default-executor-1] INFO  server.RaftServer$Division (RaftServerImpl.java:checkInconsistentAppendEntries(1288)) - omNode-1@group-523986131536: inconsistency entries. Reply:omNode-2<-omNode-1#10343:FAIL-t4,INCONSISTENCY,nextIndex=21,followerCommit=20
2021-10-24 12:58:25,931 [grpc-default-executor-3] INFO  leader.FollowerInfo (FollowerInfoImpl.java:lambda$new$0(47)) - omNode-2@group-523986131536->omNode-1: nextIndex: updateUnconditionally 27 -> 21
2021-10-24 12:58:26,432 [grpc-default-executor-1] INFO  server.RaftServer$Division (RaftServerImpl.java:checkInconsistentAppendEntries(1322)) - omNode-1@group-523986131536: Failed appendEntries as previous log entry ((t:4, i:26)) is not found
2021-10-24 12:58:26,433 [grpc-default-executor-1] INFO  server.RaftServer$Division (RaftServerImpl.java:checkInconsistentAppendEntries(1288)) - omNode-1@group-523986131536: inconsistency entries. Reply:omNode-2<-omNode-1#10394:FAIL-t4,INCONSISTENCY,nextIndex=21,followerCommit=20
2021-10-24 12:58:26,433 [grpc-default-executor-1] INFO  leader.FollowerInfo (FollowerInfoImpl.java:lambda$new$0(47)) - omNode-2@group-523986131536->omNode-1: nextIndex: updateUnconditionally 27 -> 21
2021-10-24 12:58:26,934 [grpc-default-executor-3] INFO  server.RaftServer$Division (RaftServerImpl.java:checkInconsistentAppendEntries(1322)) - omNode-1@group-523986131536: Failed appendEntries as previous log entry ((t:4, i:26)) is not found
2021-10-24 12:58:26,934 [grpc-default-executor-3] INFO  server.RaftServer$Division (RaftServerImpl.java:checkInconsistentAppendEntries(1288)) - omNode-1@group-523986131536: inconsistency entries. Reply:omNode-2<-omNode-1#10445:FAIL-t4,INCONSISTENCY,nextIndex=21,followerCommit=20
2021-10-24 12:58:26,935 [grpc-default-executor-3] INFO  leader.FollowerInfo (FollowerInfoImpl.java:lambda$new$0(47)) - omNode-2@group-523986131536->omNode-1: nextIndex: updateUnconditionally 27 -> 21
2021-10-24 12:58:27,437 [grpc-default-executor-3] INFO  server.RaftServer$Division (RaftServerImpl.java:checkInconsistentAppendEntries(1322)) - omNode-1@group-523986131536: Failed appendEntries as previous log entry ((t:4, i:26)) is not found
2021-10-24 12:58:27,437 [grpc-default-executor-3] INFO  server.RaftServer$Division (RaftServerImpl.java:checkInconsistentAppendEntries(1288)) - omNode-1@group-523986131536: inconsistency entries. Reply:omNode-2<-omNode-1#10496:FAIL-t4,INCONSISTENCY,nextIndex=21,followerCommit=20
2021-10-24 12:58:27,437 [grpc-default-executor-3] INFO  leader.FollowerInfo (FollowerInfoImpl.java:lambda$new$0(47)) - omNode-2@group-523986131536->omNode-1: nextIndex: updateUnconditionally 27 -> 21
2021-10-24 12:58:27,938 [grpc-default-executor-1] INFO  server.RaftServer$Division (RaftServerImpl.java:checkInconsistentAppendEntries(1322)) - omNode-1@group-523986131536: Failed appendEntries as previous log entry ((t:4, i:26)) is not found
2021-10-24 12:58:27,938 [grpc-default-executor-1] INFO  server.RaftServer$Division (RaftServerImpl.java:checkInconsistentAppendEntries(1288)) - omNode-1@group-523986131536: inconsistency entries. Reply:omNode-2<-omNode-1#10547:FAIL-t4,INCONSISTENCY,nextIndex=21,followerCommit=20
2021-10-24 12:58:27,939 [grpc-default-executor-1] INFO  leader.FollowerInfo (FollowerInfoImpl.java:lambda$new$0(47)) - omNode-2@group-523986131536->omNode-1: nextIndex: updateUnconditionally 27 -> 21
2021-10-24 12:58:28,440 [grpc-default-executor-3] INFO  server.RaftServer$Division (RaftServerImpl.java:checkInconsistentAppendEntries(1322)) - omNode-1@group-523986131536: Failed appendEntries as previous log entry ((t:4, i:26)) is not found
2021-10-24 12:58:28,441 [grpc-default-executor-3] INFO  server.RaftServer$Division (RaftServerImpl.java:checkInconsistentAppendEntries(1288)) - omNode-1@group-523986131536: inconsistency entries. Reply:omNode-2<-omNode-1#10598:FAIL-t4,INCONSISTENCY,nextIndex=21,followerCommit=20
2021-10-24 12:58:28,441 [grpc-default-executor-3] INFO  leader.FollowerInfo (FollowerInfoImpl.java:lambda$new$0(47)) - omNode-2@group-523986131536->omNode-1: nextIndex: updateUnconditionally 27 -> 21
2021-10-24 12:58:28,943 [grpc-default-executor-1] INFO  server.RaftServer$Division (RaftServerImpl.java:checkInconsistentAppendEntries(1322)) - omNode-1@group-523986131536: Failed appendEntries as previous log entry ((t:4, i:26)) is not found
2021-10-24 12:58:28,943 [grpc-default-executor-1] INFO  server.RaftServer$Division (RaftServerImpl.java:checkInconsistentAppendEntries(1288)) - omNode-1@group-523986131536: inconsistency entries. Reply:omNode-2<-omNode-1#10649:FAIL-t4,INCONSISTENCY,nextIndex=21,followerCommit=20
2021-10-24 12:58:28,943 [grpc-default-executor-3] INFO  leader.FollowerInfo (FollowerInfoImpl.java:lambda$new$0(47)) - omNode-2@group-523986131536->omNode-1: nextIndex: updateUnconditionally 27 -> 21
2021-10-24 12:58:29,445 [grpc-default-executor-3] INFO  server.RaftServer$Division (RaftServerImpl.java:checkInconsistentAppendEntries(1322)) - omNode-1@group-523986131536: Failed appendEntries as previous log entry ((t:4, i:26)) is not found
2021-10-24 12:58:29,445 [grpc-default-executor-3] INFO  server.RaftServer$Division (RaftServerImpl.java:checkInconsistentAppendEntries(1288)) - omNode-1@group-523986131536: inconsistency entries. Reply:omNode-2<-omNode-1#10700:FAIL-t4,INCONSISTENCY,nextIndex=21,followerCommit=20
2021-10-24 12:58:29,445 [grpc-default-executor-3] INFO  leader.FollowerInfo (FollowerInfoImpl.java:lambda$new$0(47)) - omNode-2@group-523986131536->omNode-1: nextIndex: updateUnconditionally 27 -> 21
2021-10-24 12:58:29,947 [grpc-default-executor-3] INFO  server.RaftServer$Division (RaftServerImpl.java:checkInconsistentAppendEntries(1322)) - omNode-1@group-523986131536: Failed appendEntries as previous log entry ((t:4, i:26)) is not found
2021-10-24 12:58:29,947 [grpc-default-executor-3] INFO  server.RaftServer$Division (RaftServerImpl.java:checkInconsistentAppendEntries(1288)) - omNode-1@group-523986131536: inconsistency entries. Reply:omNode-2<-omNode-1#10751:FAIL-t4,INCONSISTENCY,nextIndex=21,followerCommit=20
2021-10-24 12:58:29,947 [grpc-default-executor-3] INFO  leader.FollowerInfo (FollowerInfoImpl.java:lambda$new$0(47)) - omNode-2@group-523986131536->omNode-1: nextIndex: updateUnconditionally 27 -> 21
2021-10-24 12:58:30,449 [grpc-default-executor-1] INFO  server.RaftServer$Division (RaftServerImpl.java:checkInconsistentAppendEntries(1322)) - omNode-1@group-523986131536: Failed appendEntries as previous log entry ((t:4, i:26)) is not found
2021-10-24 12:58:30,449 [grpc-default-executor-1] INFO  server.RaftServer$Division (RaftServerImpl.java:checkInconsistentAppendEntries(1288)) - omNode-1@group-523986131536: inconsistency entries. Reply:omNode-2<-omNode-1#10802:FAIL-t4,INCONSISTENCY,nextIndex=21,followerCommit=20
2021-10-24 12:58:30,450 [grpc-default-executor-3] INFO  leader.FollowerInfo (FollowerInfoImpl.java:lambda$new$0(47)) - omNode-2@group-523986131536->omNode-1: nextIndex: updateUnconditionally 27 -> 21
2021-10-24 12:58:30,951 [grpc-default-executor-1] INFO  server.RaftServer$Division (RaftServerImpl.java:checkInconsistentAppendEntries(1322)) - omNode-1@group-523986131536: Failed appendEntries as previous log entry ((t:4, i:26)) is not found
2021-10-24 12:58:30,951 [grpc-default-executor-1] INFO  server.RaftServer$Division (RaftServerImpl.java:checkInconsistentAppendEntries(1288)) - omNode-1@group-523986131536: inconsistency entries. Reply:omNode-2<-omNode-1#10853:FAIL-t4,INCONSISTENCY,nextIndex=21,followerCommit=20
2021-10-24 12:58:30,952 [grpc-default-executor-1] INFO  leader.FollowerInfo (FollowerInfoImpl.java:lambda$new$0(47)) - omNode-2@group-523986131536->omNode-1: nextIndex: updateUnconditionally 27 -> 21
2021-10-24 12:58:31,453 [grpc-default-executor-1] INFO  server.RaftServer$Division (RaftServerImpl.java:checkInconsistentAppendEntries(1322)) - omNode-1@group-523986131536: Failed appendEntries as previous log entry ((t:4, i:26)) is not found
2021-10-24 12:58:31,453 [grpc-default-executor-1] INFO  server.RaftServer$Division (RaftServerImpl.java:checkInconsistentAppendEntries(1288)) - omNode-1@group-523986131536: inconsistency entries. Reply:omNode-2<-omNode-1#10904:FAIL-t4,INCONSISTENCY,nextIndex=21,followerCommit=20
2021-10-24 12:58:31,454 [grpc-default-executor-1] INFO  leader.FollowerInfo (FollowerInfoImpl.java:lambda$new$0(47)) - omNode-2@group-523986131536->omNode-1: nextIndex: updateUnconditionally 27 -> 21
2021-10-24 12:58:31,955 [grpc-default-executor-1] INFO  server.RaftServer$Division (RaftServerImpl.java:checkInconsistentAppendEntries(1322)) - omNode-1@group-523986131536: Failed appendEntries as previous log entry ((t:4, i:26)) is not found
2021-10-24 12:58:31,956 [grpc-default-executor-1] INFO  server.RaftServer$Division (RaftServerImpl.java:checkInconsistentAppendEntries(1288)) - omNode-1@group-523986131536: inconsistency entries. Reply:omNode-2<-omNode-1#10955:FAIL-t4,INCONSISTENCY,nextIndex=21,followerCommit=20
2021-10-24 12:58:31,956 [grpc-default-executor-1] INFO  leader.FollowerInfo (FollowerInfoImpl.java:lambda$new$0(47)) - omNode-2@group-523986131536->omNode-1: nextIndex: updateUnconditionally 27 -> 21
2021-10-24 12:58:32,458 [grpc-default-executor-1] INFO  server.RaftServer$Division (RaftServerImpl.java:checkInconsistentAppendEntries(1322)) - omNode-1@group-523986131536: Failed appendEntries as previous log entry ((t:4, i:26)) is not found
2021-10-24 12:58:32,458 [grpc-default-executor-1] INFO  server.RaftServer$Division (RaftServerImpl.java:checkInconsistentAppendEntries(1288)) - omNode-1@group-523986131536: inconsistency entries. Reply:omNode-2<-omNode-1#11006:FAIL-t4,INCONSISTENCY,nextIndex=21,followerCommit=20
2021-10-24 12:58:32,458 [grpc-default-executor-1] INFO  leader.FollowerInfo (FollowerInfoImpl.java:lambda$new$0(47)) - omNode-2@group-523986131536->omNode-1: nextIndex: updateUnconditionally 27 -> 21
2021-10-24 12:58:32,960 [grpc-default-executor-1] INFO  server.RaftServer$Division (RaftServerImpl.java:checkInconsistentAppendEntries(1322)) - omNode-1@group-523986131536: Failed appendEntries as previous log entry ((t:4, i:26)) is not found
2021-10-24 12:58:32,960 [grpc-default-executor-1] INFO  server.RaftServer$Division (RaftServerImpl.java:checkInconsistentAppendEntries(1288)) - omNode-1@group-523986131536: inconsistency entries. Reply:omNode-2<-omNode-1#11057:FAIL-t4,INCONSISTENCY,nextIndex=21,followerCommit=20
2021-10-24 12:58:32,960 [grpc-default-executor-1] INFO  leader.FollowerInfo (FollowerInfoImpl.java:lambda$new$0(47)) - omNode-2@group-523986131536->omNode-1: nextIndex: updateUnconditionally 27 -> 21
2021-10-24 12:58:33,462 [grpc-default-executor-3] INFO  server.RaftServer$Division (RaftServerImpl.java:checkInconsistentAppendEntries(1322)) - omNode-1@group-523986131536: Failed appendEntries as previous log entry ((t:4, i:26)) is not found
2021-10-24 12:58:33,462 [grpc-default-executor-3] INFO  server.RaftServer$Division (RaftServerImpl.java:checkInconsistentAppendEntries(1288)) - omNode-1@group-523986131536: inconsistency entries. Reply:omNode-2<-omNode-1#11108:FAIL-t4,INCONSISTENCY,nextIndex=21,followerCommit=20
2021-10-24 12:58:33,463 [grpc-default-executor-3] INFO  leader.FollowerInfo (FollowerInfoImpl.java:lambda$new$0(47)) - omNode-2@group-523986131536->omNode-1: nextIndex: updateUnconditionally 27 -> 21
2021-10-24 12:58:33,965 [grpc-default-executor-3] INFO  server.RaftServer$Division (RaftServerImpl.java:checkInconsistentAppendEntries(1322)) - omNode-1@group-523986131536: Failed appendEntries as previous log entry ((t:4, i:26)) is not found
2021-10-24 12:58:33,965 [grpc-default-executor-3] INFO  server.RaftServer$Division (RaftServerImpl.java:checkInconsistentAppendEntries(1288)) - omNode-1@group-523986131536: inconsistency entries. Reply:omNode-2<-omNode-1#11159:FAIL-t4,INCONSISTENCY,nextIndex=21,followerCommit=20
2021-10-24 12:58:33,966 [grpc-default-executor-3] INFO  leader.FollowerInfo (FollowerInfoImpl.java:lambda$new$0(47)) - omNode-2@group-523986131536->omNode-1: nextIndex: updateUnconditionally 27 -> 21
2021-10-24 12:58:34,466 [grpc-default-executor-1] INFO  server.RaftServer$Division (RaftServerImpl.java:checkInconsistentAppendEntries(1322)) - omNode-1@group-523986131536: Failed appendEntries as previous log entry ((t:4, i:26)) is not found
2021-10-24 12:58:34,467 [grpc-default-executor-1] INFO  server.RaftServer$Division (RaftServerImpl.java:checkInconsistentAppendEntries(1288)) - omNode-1@group-523986131536: inconsistency entries. Reply:omNode-2<-omNode-1#11210:FAIL-t4,INCONSISTENCY,nextIndex=21,followerCommit=20
2021-10-24 12:58:34,467 [grpc-default-executor-1] INFO  leader.FollowerInfo (FollowerInfoImpl.java:lambda$new$0(47)) - omNode-2@group-523986131536->omNode-1: nextIndex: updateUnconditionally 27 -> 21
2021-10-24 12:58:34,968 [grpc-default-executor-1] INFO  server.RaftServer$Division (RaftServerImpl.java:checkInconsistentAppendEntries(1322)) - omNode-1@group-523986131536: Failed appendEntries as previous log entry ((t:4, i:26)) is not found
2021-10-24 12:58:34,968 [grpc-default-executor-1] INFO  server.RaftServer$Division (RaftServerImpl.java:checkInconsistentAppendEntries(1288)) - omNode-1@group-523986131536: inconsistency entries. Reply:omNode-2<-omNode-1#11261:FAIL-t4,INCONSISTENCY,nextIndex=21,followerCommit=20
2021-10-24 12:58:34,969 [grpc-default-executor-1] INFO  leader.FollowerInfo (FollowerInfoImpl.java:lambda$new$0(47)) - omNode-2@group-523986131536->omNode-1: nextIndex: updateUnconditionally 27 -> 21
2021-10-24 12:58:35,470 [grpc-default-executor-3] INFO  server.RaftServer$Division (RaftServerImpl.java:checkInconsistentAppendEntries(1322)) - omNode-1@group-523986131536: Failed appendEntries as previous log entry ((t:4, i:26)) is not found
2021-10-24 12:58:35,470 [grpc-default-executor-3] INFO  server.RaftServer$Division (RaftServerImpl.java:checkInconsistentAppendEntries(1288)) - omNode-1@group-523986131536: inconsistency entries. Reply:omNode-2<-omNode-1#11312:FAIL-t4,INCONSISTENCY,nextIndex=21,followerCommit=20
2021-10-24 12:58:35,470 [grpc-default-executor-3] INFO  leader.FollowerInfo (FollowerInfoImpl.java:lambda$new$0(47)) - omNode-2@group-523986131536->omNode-1: nextIndex: updateUnconditionally 27 -> 21
2021-10-24 12:58:35,971 [grpc-default-executor-1] INFO  server.RaftServer$Division (RaftServerImpl.java:checkInconsistentAppendEntries(1322)) - omNode-1@group-523986131536: Failed appendEntries as previous log entry ((t:4, i:26)) is not found
2021-10-24 12:58:35,971 [grpc-default-executor-1] INFO  server.RaftServer$Division (RaftServerImpl.java:checkInconsistentAppendEntries(1288)) - omNode-1@group-523986131536: inconsistency entries. Reply:omNode-2<-omNode-1#11363:FAIL-t4,INCONSISTENCY,nextIndex=21,followerCommit=20
2021-10-24 12:58:35,971 [grpc-default-executor-1] INFO  leader.FollowerInfo (FollowerInfoImpl.java:lambda$new$0(47)) - omNode-2@group-523986131536->omNode-1: nextIndex: updateUnconditionally 27 -> 21
2021-10-24 12:58:36,473 [grpc-default-executor-3] INFO  server.RaftServer$Division (RaftServerImpl.java:checkInconsistentAppendEntries(1322)) - omNode-1@group-523986131536: Failed appendEntries as previous log entry ((t:4, i:26)) is not found
2021-10-24 12:58:36,473 [grpc-default-executor-3] INFO  server.RaftServer$Division (RaftServerImpl.java:checkInconsistentAppendEntries(1288)) - omNode-1@group-523986131536: inconsistency entries. Reply:omNode-2<-omNode-1#11414:FAIL-t4,INCONSISTENCY,nextIndex=21,followerCommit=20
2021-10-24 12:58:36,473 [grpc-default-executor-3] INFO  leader.FollowerInfo (FollowerInfoImpl.java:lambda$new$0(47)) - omNode-2@group-523986131536->omNode-1: nextIndex: updateUnconditionally 27 -> 21
2021-10-24 12:58:36,974 [grpc-default-executor-3] INFO  server.RaftServer$Division (RaftServerImpl.java:checkInconsistentAppendEntries(1322)) - omNode-1@group-523986131536: Failed appendEntries as previous log entry ((t:4, i:26)) is not found
2021-10-24 12:58:36,974 [grpc-default-executor-3] INFO  server.RaftServer$Division (RaftServerImpl.java:checkInconsistentAppendEntries(1288)) - omNode-1@group-523986131536: inconsistency entries. Reply:omNode-2<-omNode-1#11465:FAIL-t4,INCONSISTENCY,nextIndex=21,followerCommit=20
2021-10-24 12:58:36,975 [grpc-default-executor-3] INFO  leader.FollowerInfo (FollowerInfoImpl.java:lambda$new$0(47)) - omNode-2@group-523986131536->omNode-1: nextIndex: updateUnconditionally 27 -> 21
2021-10-24 12:58:37,476 [grpc-default-executor-1] INFO  server.RaftServer$Division (RaftServerImpl.java:checkInconsistentAppendEntries(1322)) - omNode-1@group-523986131536: Failed appendEntries as previous log entry ((t:4, i:26)) is not found
2021-10-24 12:58:37,476 [grpc-default-executor-1] INFO  server.RaftServer$Division (RaftServerImpl.java:checkInconsistentAppendEntries(1288)) - omNode-1@group-523986131536: inconsistency entries. Reply:omNode-2<-omNode-1#11516:FAIL-t4,INCONSISTENCY,nextIndex=21,followerCommit=20
2021-10-24 12:58:37,476 [grpc-default-executor-1] INFO  leader.FollowerInfo (FollowerInfoImpl.java:lambda$new$0(47)) - omNode-2@group-523986131536->omNode-1: nextIndex: updateUnconditionally 27 -> 21
2021-10-24 12:58:37,978 [grpc-default-executor-3] INFO  server.RaftServer$Division (RaftServerImpl.java:checkInconsistentAppendEntries(1322)) - omNode-1@group-523986131536: Failed appendEntries as previous log entry ((t:4, i:26)) is not found
2021-10-24 12:58:37,978 [grpc-default-executor-3] INFO  server.RaftServer$Division (RaftServerImpl.java:checkInconsistentAppendEntries(1288)) - omNode-1@group-523986131536: inconsistency entries. Reply:omNode-2<-omNode-1#11567:FAIL-t4,INCONSISTENCY,nextIndex=21,followerCommit=20
2021-10-24 12:58:37,978 [grpc-default-executor-1] INFO  leader.FollowerInfo (FollowerInfoImpl.java:lambda$new$0(47)) - omNode-2@group-523986131536->omNode-1: nextIndex: updateUnconditionally 27 -> 21
2021-10-24 12:58:38,479 [grpc-default-executor-3] INFO  server.RaftServer$Division (RaftServerImpl.java:checkInconsistentAppendEntries(1322)) - omNode-1@group-523986131536: Failed appendEntries as previous log entry ((t:4, i:26)) is not found
2021-10-24 12:58:38,480 [grpc-default-executor-3] INFO  server.RaftServer$Division (RaftServerImpl.java:checkInconsistentAppendEntries(1288)) - omNode-1@group-523986131536: inconsistency entries. Reply:omNode-2<-omNode-1#11618:FAIL-t4,INCONSISTENCY,nextIndex=21,followerCommit=20
2021-10-24 12:58:38,480 [grpc-default-executor-3] INFO  leader.FollowerInfo (FollowerInfoImpl.java:lambda$new$0(47)) - omNode-2@group-523986131536->omNode-1: nextIndex: updateUnconditionally 27 -> 21
2021-10-24 12:58:38,982 [grpc-default-executor-3] INFO  server.RaftServer$Division (RaftServerImpl.java:checkInconsistentAppendEntries(1322)) - omNode-1@group-523986131536: Failed appendEntries as previous log entry ((t:4, i:26)) is not found
2021-10-24 12:58:38,982 [grpc-default-executor-3] INFO  server.RaftServer$Division (RaftServerImpl.java:checkInconsistentAppendEntries(1288)) - omNode-1@group-523986131536: inconsistency entries. Reply:omNode-2<-omNode-1#11669:FAIL-t4,INCONSISTENCY,nextIndex=21,followerCommit=20
2021-10-24 12:58:38,982 [grpc-default-executor-3] INFO  leader.FollowerInfo (FollowerInfoImpl.java:lambda$new$0(47)) - omNode-2@group-523986131536->omNode-1: nextIndex: updateUnconditionally 27 -> 21
2021-10-24 12:58:39,484 [grpc-default-executor-3] INFO  server.RaftServer$Division (RaftServerImpl.java:checkInconsistentAppendEntries(1322)) - omNode-1@group-523986131536: Failed appendEntries as previous log entry ((t:4, i:26)) is not found
2021-10-24 12:58:39,484 [grpc-default-executor-3] INFO  server.RaftServer$Division (RaftServerImpl.java:checkInconsistentAppendEntries(1288)) - omNode-1@group-523986131536: inconsistency entries. Reply:omNode-2<-omNode-1#11720:FAIL-t4,INCONSISTENCY,nextIndex=21,followerCommit=20
2021-10-24 12:58:39,484 [grpc-default-executor-3] INFO  leader.FollowerInfo (FollowerInfoImpl.java:lambda$new$0(47)) - omNode-2@group-523986131536->omNode-1: nextIndex: updateUnconditionally 27 -> 21
2021-10-24 12:58:39,986 [grpc-default-executor-1] INFO  server.RaftServer$Division (RaftServerImpl.java:checkInconsistentAppendEntries(1322)) - omNode-1@group-523986131536: Failed appendEntries as previous log entry ((t:4, i:26)) is not found
2021-10-24 12:58:39,986 [grpc-default-executor-1] INFO  server.RaftServer$Division (RaftServerImpl.java:checkInconsistentAppendEntries(1288)) - omNode-1@group-523986131536: inconsistency entries. Reply:omNode-2<-omNode-1#11771:FAIL-t4,INCONSISTENCY,nextIndex=21,followerCommit=20
2021-10-24 12:58:39,987 [grpc-default-executor-1] INFO  leader.FollowerInfo (FollowerInfoImpl.java:lambda$new$0(47)) - omNode-2@group-523986131536->omNode-1: nextIndex: updateUnconditionally 27 -> 21
2021-10-24 12:58:40,488 [grpc-default-executor-1] INFO  server.RaftServer$Division (RaftServerImpl.java:checkInconsistentAppendEntries(1322)) - omNode-1@group-523986131536: Failed appendEntries as previous log entry ((t:4, i:26)) is not found
2021-10-24 12:58:40,488 [grpc-default-executor-1] INFO  server.RaftServer$Division (RaftServerImpl.java:checkInconsistentAppendEntries(1288)) - omNode-1@group-523986131536: inconsistency entries. Reply:omNode-2<-omNode-1#11822:FAIL-t4,INCONSISTENCY,nextIndex=21,followerCommit=20
2021-10-24 12:58:40,489 [grpc-default-executor-1] INFO  leader.FollowerInfo (FollowerInfoImpl.java:lambda$new$0(47)) - omNode-2@group-523986131536->omNode-1: nextIndex: updateUnconditionally 27 -> 21
2021-10-24 12:58:40,990 [grpc-default-executor-3] INFO  server.RaftServer$Division (RaftServerImpl.java:checkInconsistentAppendEntries(1322)) - omNode-1@group-523986131536: Failed appendEntries as previous log entry ((t:4, i:26)) is not found
2021-10-24 12:58:40,990 [grpc-default-executor-3] INFO  server.RaftServer$Division (RaftServerImpl.java:checkInconsistentAppendEntries(1288)) - omNode-1@group-523986131536: inconsistency entries. Reply:omNode-2<-omNode-1#11873:FAIL-t4,INCONSISTENCY,nextIndex=21,followerCommit=20
2021-10-24 12:58:40,990 [grpc-default-executor-1] INFO  leader.FollowerInfo (FollowerInfoImpl.java:lambda$new$0(47)) - omNode-2@group-523986131536->omNode-1: nextIndex: updateUnconditionally 27 -> 21
2021-10-24 12:58:41,492 [grpc-default-executor-1] INFO  server.RaftServer$Division (RaftServerImpl.java:checkInconsistentAppendEntries(1322)) - omNode-1@group-523986131536: Failed appendEntries as previous log entry ((t:4, i:26)) is not found
2021-10-24 12:58:41,492 [grpc-default-executor-1] INFO  server.RaftServer$Division (RaftServerImpl.java:checkInconsistentAppendEntries(1288)) - omNode-1@group-523986131536: inconsistency entries. Reply:omNode-2<-omNode-1#11924:FAIL-t4,INCONSISTENCY,nextIndex=21,followerCommit=20
2021-10-24 12:58:41,492 [grpc-default-executor-1] INFO  leader.FollowerInfo (FollowerInfoImpl.java:lambda$new$0(47)) - omNode-2@group-523986131536->omNode-1: nextIndex: updateUnconditionally 27 -> 21
2021-10-24 12:58:41,994 [grpc-default-executor-3] INFO  server.RaftServer$Division (RaftServerImpl.java:checkInconsistentAppendEntries(1322)) - omNode-1@group-523986131536: Failed appendEntries as previous log entry ((t:4, i:26)) is not found
2021-10-24 12:58:41,994 [grpc-default-executor-3] INFO  server.RaftServer$Division (RaftServerImpl.java:checkInconsistentAppendEntries(1288)) - omNode-1@group-523986131536: inconsistency entries. Reply:omNode-2<-omNode-1#11975:FAIL-t4,INCONSISTENCY,nextIndex=21,followerCommit=20
2021-10-24 12:58:41,995 [grpc-default-executor-3] INFO  leader.FollowerInfo (FollowerInfoImpl.java:lambda$new$0(47)) - omNode-2@group-523986131536->omNode-1: nextIndex: updateUnconditionally 27 -> 21
2021-10-24 12:58:42,496 [grpc-default-executor-3] INFO  server.RaftServer$Division (RaftServerImpl.java:checkInconsistentAppendEntries(1322)) - omNode-1@group-523986131536: Failed appendEntries as previous log entry ((t:4, i:26)) is not found
2021-10-24 12:58:42,497 [grpc-default-executor-3] INFO  server.RaftServer$Division (RaftServerImpl.java:checkInconsistentAppendEntries(1288)) - omNode-1@group-523986131536: inconsistency entries. Reply:omNode-2<-omNode-1#12026:FAIL-t4,INCONSISTENCY,nextIndex=21,followerCommit=20
2021-10-24 12:58:42,497 [grpc-default-executor-1] INFO  leader.FollowerInfo (FollowerInfoImpl.java:lambda$new$0(47)) - omNode-2@group-523986131536->omNode-1: nextIndex: updateUnconditionally 27 -> 21
2021-10-24 12:58:42,998 [grpc-default-executor-1] INFO  server.RaftServer$Division (RaftServerImpl.java:checkInconsistentAppendEntries(1322)) - omNode-1@group-523986131536: Failed appendEntries as previous log entry ((t:4, i:26)) is not found
2021-10-24 12:58:42,998 [grpc-default-executor-1] INFO  server.RaftServer$Division (RaftServerImpl.java:checkInconsistentAppendEntries(1288)) - omNode-1@group-523986131536: inconsistency entries. Reply:omNode-2<-omNode-1#12077:FAIL-t4,INCONSISTENCY,nextIndex=21,followerCommit=20
2021-10-24 12:58:42,999 [grpc-default-executor-1] INFO  leader.FollowerInfo (FollowerInfoImpl.java:lambda$new$0(47)) - omNode-2@group-523986131536->omNode-1: nextIndex: updateUnconditionally 27 -> 21
2021-10-24 12:58:43,500 [grpc-default-executor-1] INFO  server.RaftServer$Division (RaftServerImpl.java:checkInconsistentAppendEntries(1322)) - omNode-1@group-523986131536: Failed appendEntries as previous log entry ((t:4, i:26)) is not found
2021-10-24 12:58:43,501 [grpc-default-executor-1] INFO  server.RaftServer$Division (RaftServerImpl.java:checkInconsistentAppendEntries(1288)) - omNode-1@group-523986131536: inconsistency entries. Reply:omNode-2<-omNode-1#12128:FAIL-t4,INCONSISTENCY,nextIndex=21,followerCommit=20
2021-10-24 12:58:43,501 [grpc-default-executor-1] INFO  leader.FollowerInfo (FollowerInfoImpl.java:lambda$new$0(47)) - omNode-2@group-523986131536->omNode-1: nextIndex: updateUnconditionally 27 -> 21
2021-10-24 12:58:44,002 [grpc-default-executor-3] INFO  server.RaftServer$Division (RaftServerImpl.java:checkInconsistentAppendEntries(1322)) - omNode-1@group-523986131536: Failed appendEntries as previous log entry ((t:4, i:26)) is not found
2021-10-24 12:58:44,003 [grpc-default-executor-3] INFO  server.RaftServer$Division (RaftServerImpl.java:checkInconsistentAppendEntries(1288)) - omNode-1@group-523986131536: inconsistency entries. Reply:omNode-2<-omNode-1#12179:FAIL-t4,INCONSISTENCY,nextIndex=21,followerCommit=20
2021-10-24 12:58:44,003 [grpc-default-executor-1] INFO  leader.FollowerInfo (FollowerInfoImpl.java:lambda$new$0(47)) - omNode-2@group-523986131536->omNode-1: nextIndex: updateUnconditionally 27 -> 21
2021-10-24 12:58:44,504 [grpc-default-executor-1] INFO  server.RaftServer$Division (RaftServerImpl.java:checkInconsistentAppendEntries(1322)) - omNode-1@group-523986131536: Failed appendEntries as previous log entry ((t:4, i:26)) is not found
2021-10-24 12:58:44,505 [grpc-default-executor-1] INFO  server.RaftServer$Division (RaftServerImpl.java:checkInconsistentAppendEntries(1288)) - omNode-1@group-523986131536: inconsistency entries. Reply:omNode-2<-omNode-1#12230:FAIL-t4,INCONSISTENCY,nextIndex=21,followerCommit=20
2021-10-24 12:58:44,505 [grpc-default-executor-1] INFO  leader.FollowerInfo (FollowerInfoImpl.java:lambda$new$0(47)) - omNode-2@group-523986131536->omNode-1: nextIndex: updateUnconditionally 27 -> 21
2021-10-24 12:58:45,006 [grpc-default-executor-1] INFO  server.RaftServer$Division (RaftServerImpl.java:checkInconsistentAppendEntries(1322)) - omNode-1@group-523986131536: Failed appendEntries as previous log entry ((t:4, i:26)) is not found
2021-10-24 12:58:45,007 [grpc-default-executor-1] INFO  server.RaftServer$Division (RaftServerImpl.java:checkInconsistentAppendEntries(1288)) - omNode-1@group-523986131536: inconsistency entries. Reply:omNode-2<-omNode-1#12281:FAIL-t4,INCONSISTENCY,nextIndex=21,followerCommit=20
2021-10-24 12:58:45,007 [grpc-default-executor-1] INFO  leader.FollowerInfo (FollowerInfoImpl.java:lambda$new$0(47)) - omNode-2@group-523986131536->omNode-1: nextIndex: updateUnconditionally 27 -> 21
2021-10-24 12:58:45,509 [grpc-default-executor-3] INFO  server.RaftServer$Division (RaftServerImpl.java:checkInconsistentAppendEntries(1322)) - omNode-1@group-523986131536: Failed appendEntries as previous log entry ((t:4, i:26)) is not found
2021-10-24 12:58:45,509 [grpc-default-executor-3] INFO  server.RaftServer$Division (RaftServerImpl.java:checkInconsistentAppendEntries(1288)) - omNode-1@group-523986131536: inconsistency entries. Reply:omNode-2<-omNode-1#12332:FAIL-t4,INCONSISTENCY,nextIndex=21,followerCommit=20
2021-10-24 12:58:45,509 [grpc-default-executor-3] INFO  leader.FollowerInfo (FollowerInfoImpl.java:lambda$new$0(47)) - omNode-2@group-523986131536->omNode-1: nextIndex: updateUnconditionally 27 -> 21
2021-10-24 12:58:45,953 [Time-limited test] INFO  om.OzoneManager (OzoneManager.java:stop(1664)) - Stopping Ozone Manager
2021-10-24 12:58:45,954 [Time-limited test] INFO  ipc.Server (Server.java:stop(3414)) - Stopping server on 13904
2021-10-24 12:58:45,958 [IPC Server listener on 13904] INFO  ipc.Server (Server.java:run(1376)) - Stopping IPC Server listener on 13904
2021-10-24 12:58:45,958 [Time-limited test] INFO  server.RaftServer (RaftServerProxy.java:lambda$close$6(391)) - omNode-3: close
2021-10-24 12:58:45,958 [Time-limited test] INFO  server.RaftServer$Division (RaftServerImpl.java:lambda$close$4(412)) - omNode-3@group-523986131536: shutdown
2021-10-24 12:58:45,958 [Time-limited test] INFO  util.JmxRegister (JmxRegister.java:unregister(73)) - Successfully un-registered JMX Bean with object name Ratis:service=RaftServer,group=group-523986131536,id=omNode-3
2021-10-24 12:58:45,959 [Time-limited test] INFO  impl.RoleInfo (RoleInfo.java:shutdownFollowerState(108)) - omNode-3: shutdown omNode-3@group-523986131536-FollowerState
2021-10-24 12:58:45,959 [Time-limited test] INFO  impl.StateMachineUpdater (StateMachineUpdater.java:stopAndJoin(149)) - omNode-3@group-523986131536-StateMachineUpdater: set stopIndex = 26
2021-10-24 12:58:45,959 [omNode-3@group-523986131536-FollowerState] INFO  impl.FollowerState (FollowerState.java:run(143)) - omNode-3@group-523986131536-FollowerState was interrupted: {}
java.lang.InterruptedException: sleep interrupted
	at java.lang.Thread.sleep(Native Method)
	at java.lang.Thread.sleep(Thread.java:340)
	at java.util.concurrent.TimeUnit.sleep(TimeUnit.java:386)
	at org.apache.ratis.util.TimeDuration.sleep(TimeDuration.java:324)
	at org.apache.ratis.util.TimeDuration.sleep(TimeDuration.java:309)
	at org.apache.ratis.server.impl.FollowerState.run(FollowerState.java:118)
2021-10-24 12:58:45,959 [IPC Server Responder] INFO  ipc.Server (Server.java:run(1512)) - Stopping IPC Server Responder
2021-10-24 12:58:45,959 [omNode-3@group-523986131536-StateMachineUpdater] INFO  ratis.OzoneManagerStateMachine (OzoneManagerStateMachine.java:takeSnapshot(417)) - Current Snapshot Index (t:4, i:26)
2021-10-24 12:58:45,960 [omNode-3@group-523986131536-StateMachineUpdater] INFO  impl.StateMachineUpdater (StateMachineUpdater.java:takeSnapshot(281)) - omNode-3@group-523986131536-StateMachineUpdater: Took a snapshot at index 26
2021-10-24 12:58:45,961 [omNode-3@group-523986131536-StateMachineUpdater] INFO  impl.StateMachineUpdater (StateMachineUpdater.java:lambda$new$0(89)) - omNode-3@group-523986131536-StateMachineUpdater: snapshotIndex: updateIncreasingly 20 -> 26
2021-10-24 12:58:45,961 [omNode-3@group-523986131536-StateMachineUpdater] INFO  ratis.OzoneManagerStateMachine (OzoneManagerStateMachine.java:close(471)) - StateMachine has shutdown. Shutdown OzoneManager if not already shutdown.
2021-10-24 12:58:45,961 [Time-limited test] INFO  server.RaftServer$Division (ServerState.java:close(419)) - omNode-3@group-523986131536: closes. applyIndex: 26
2021-10-24 12:58:45,961 [omNode-3@group-523986131536-SegmentedRaftLogWorker] INFO  segmented.SegmentedRaftLogWorker (SegmentedRaftLogWorker.java:run(327)) - omNode-3@group-523986131536-SegmentedRaftLogWorker was interrupted, exiting. There are 0 tasks remaining in the queue.
2021-10-24 12:58:45,962 [Time-limited test] INFO  segmented.SegmentedRaftLogWorker (SegmentedRaftLogWorker.java:close(237)) - omNode-3@group-523986131536-SegmentedRaftLogWorker close()
2021-10-24 12:58:45,963 [Time-limited test] INFO  server.GrpcService (GrpcService.java:closeImpl(262)) - omNode-3: shutdown server with port 13908 now
2021-10-24 12:58:45,969 [grpc-default-executor-6] WARN  server.GrpcServerProtocolService (LogUtils.java:warn(122)) - omNode-3: installSnapshot onError, lastRequest: omNode-2->omNode-3#55-t4,previous=(t:4, i:25),leaderCommit=25,initializing? true,entries: size=1, first=(t:4, i:26), METADATAENTRY(c:25): org.apache.ratis.thirdparty.io.grpc.StatusRuntimeException: CANCELLED: client cancelled
2021-10-24 12:58:45,969 [Time-limited test] INFO  server.GrpcService (GrpcService.java:closeImpl(271)) - omNode-3: shutdown server with port 13908 successfully
2021-10-24 12:58:45,969 [org.apache.ratis.util.JvmPauseMonitor$$Lambda$523/122473104@5cfcf824] INFO  util.JvmPauseMonitor (JvmPauseMonitor.java:run(109)) - JvmPauseMonitor-omNode-3: Stopped
2021-10-24 12:58:45,970 [grpc-default-executor-1] WARN  server.GrpcLogAppender (LogUtils.java:warn(122)) - omNode-2@group-523986131536->omNode-3-AppendLogResponseHandler: Failed appendEntries: org.apache.ratis.thirdparty.io.grpc.StatusRuntimeException: CANCELLED: HTTP/2 error code: CANCEL
Received Rst Stream
2021-10-24 12:58:45,970 [Time-limited test] INFO  ratis.OzoneManagerDoubleBuffer (OzoneManagerDoubleBuffer.java:stop(437)) - Stopping OMDoubleBuffer flush thread
2021-10-24 12:58:45,970 [OMDoubleBufferFlushThread] INFO  ratis.OzoneManagerDoubleBuffer (OzoneManagerDoubleBuffer.java:flushTransactions(356)) - OMDoubleBuffer flush thread OMDoubleBufferFlushThread is interrupted and will exit. OMDoubleBufferFlushThread
2021-10-24 12:58:45,970 [grpc-default-executor-1] INFO  leader.FollowerInfo (FollowerInfoImpl.java:lambda$new$0(47)) - omNode-2@group-523986131536->omNode-3: nextIndex: updateUnconditionally 27 -> 26
2021-10-24 12:58:45,973 [Time-limited test] INFO  handler.ContextHandler (ContextHandler.java:doStop(1153)) - Stopped o.e.j.w.WebAppContext@25dc0a9a{ozoneManager,/,null,STOPPED}{file:/home/runner/work/ozone/ozone/hadoop-ozone/integration-test/target/test-classes/webapps/ozoneManager}
2021-10-24 12:58:45,974 [Time-limited test] INFO  server.AbstractConnector (AbstractConnector.java:doStop(381)) - Stopped ServerConnector@65dbd84b{HTTP/1.1, (http/1.1)}{0.0.0.0:13906}
2021-10-24 12:58:45,974 [Time-limited test] INFO  server.session (HouseKeeper.java:stopScavenging(149)) - node0 Stopped scavenging
2021-10-24 12:58:45,974 [Time-limited test] INFO  handler.ContextHandler (ContextHandler.java:doStop(1153)) - Stopped o.e.j.s.ServletContextHandler@5c253d43{static,/static,file:///home/runner/work/ozone/ozone/hadoop-ozone/integration-test/target/test-classes/webapps/static,STOPPED}
2021-10-24 12:58:45,975 [Time-limited test] INFO  handler.ContextHandler (ContextHandler.java:doStop(1153)) - Stopped o.e.j.s.ServletContextHandler@50491e26{logs,/logs,file:///home/runner/work/ozone/ozone/hadoop-ozone/integration-test/target/log,STOPPED}
2021-10-24 12:58:45,976 [Time-limited test] INFO  om.OzoneManager (OzoneManager.java:initFSOLayout(4357)) - Configured ozone.om.metadata.layout=SIMPLE and disabled optimized OM FS operations
2021-10-24 12:58:45,976 [Time-limited test] INFO  om.OzoneManager (OzoneManager.java:restart(1385)) - OzoneManager RPC server is listening at localhost/127.0.0.1:13904
2021-10-24 12:58:45,976 [Time-limited test] INFO  impl.MetricsSystemImpl (MetricsSystemImpl.java:init(158)) - OzoneManager metrics system started (again)
2021-10-24 12:58:45,979 [grpc-default-executor-1] WARN  server.GrpcLogAppender (LogUtils.java:warn(122)) - omNode-2@group-523986131536->omNode-3-AppendLogResponseHandler: Failed appendEntries: org.apache.ratis.thirdparty.io.grpc.StatusRuntimeException: UNAVAILABLE: io exception
2021-10-24 12:58:45,980 [grpc-default-executor-1] INFO  leader.FollowerInfo (FollowerInfoImpl.java:lambda$new$0(47)) - omNode-2@group-523986131536->omNode-3: nextIndex: updateUnconditionally 27 -> 26
2021-10-24 12:58:45,994 [Time-limited test] WARN  server.ServerUtils (ServerUtils.java:getDBPath(225)) - ozone.om.db.dirs is not configured. We recommend adding this setting. Falling back to ozone.metadata.dirs instead.
2021-10-24 12:58:45,995 [Time-limited test] INFO  codec.OmKeyInfoCodec (OmKeyInfoCodec.java:<init>(51)) - OmKeyInfoCodec ignorePipeline = true
2021-10-24 12:58:45,996 [Time-limited test] INFO  codec.RepeatedOmKeyInfoCodec (RepeatedOmKeyInfoCodec.java:<init>(42)) - RepeatedOmKeyInfoCodec ignorePipeline = true
2021-10-24 12:58:46,011 [grpc-default-executor-1] INFO  server.RaftServer$Division (RaftServerImpl.java:checkInconsistentAppendEntries(1322)) - omNode-1@group-523986131536: Failed appendEntries as previous log entry ((t:4, i:26)) is not found
2021-10-24 12:58:46,011 [grpc-default-executor-1] INFO  server.RaftServer$Division (RaftServerImpl.java:checkInconsistentAppendEntries(1288)) - omNode-1@group-523986131536: inconsistency entries. Reply:omNode-2<-omNode-1#12383:FAIL-t4,INCONSISTENCY,nextIndex=21,followerCommit=20
2021-10-24 12:58:46,011 [grpc-default-executor-1] INFO  leader.FollowerInfo (FollowerInfoImpl.java:lambda$new$0(47)) - omNode-2@group-523986131536->omNode-1: nextIndex: updateUnconditionally 27 -> 21
2021-10-24 12:58:46,037 [Time-limited test] WARN  impl.MetricRegistriesImpl (MetricRegistriesImpl.java:addReporterRegistration(111)) - New reporters are added after registries were created. Some metrics will be missing from the reporter. Please add reporter before adding any new registry.
2021-10-24 12:58:46,037 [Time-limited test] WARN  impl.MetricRegistriesImpl (MetricRegistriesImpl.java:addReporterRegistration(111)) - New reporters are added after registries were created. Some metrics will be missing from the reporter. Please add reporter before adding any new registry.
2021-10-24 12:58:46,037 [Time-limited test] WARN  server.ServerUtils (ServerUtils.java:getDefaultRatisDirectory(237)) - Storage directory for Ratis is not configured. It is a good idea to map this to an SSD disk. Falling back to ozone.metadata.dirs
2021-10-24 12:58:46,039 [Time-limited test] INFO  ratis.OzoneManagerRatisServer (OzoneManagerRatisServer.java:<init>(159)) - Instantiating OM Ratis server with groupID: om-service-test1 and peers: localhost:13908, localhost:13896, localhost:13902
2021-10-24 12:58:46,040 [Time-limited test] INFO  ratis.OzoneManagerStateMachine (OzoneManagerStateMachine.java:loadSnapshotInfoFromDB(605)) - LastAppliedIndex is set from TransactionInfo from OM DB as (t:4, i:26)
2021-10-24 12:58:46,040 [Time-limited test] INFO  server.RaftServer (ConfUtils.java:logGet(44)) - raft.rpc.type = GRPC (default)
2021-10-24 12:58:46,040 [Time-limited test] INFO  grpc.GrpcFactory (GrpcFactory.java:checkPooledByteBufAllocatorUseCacheForAllThreads(48)) - PERFORMANCE WARNING: useCacheForAllThreads is true that may cause Netty to create a lot garbage objects and, as a result, trigger GC.
	It is recommended to disable useCacheForAllThreads by setting -Dorg.apache.ratis.thirdparty.io.netty.allocator.useCacheForAllThreads=false in command line.
2021-10-24 12:58:46,040 [Time-limited test] INFO  grpc.GrpcConfigKeys (ConfUtils.java:logGet(44)) - raft.grpc.admin.port = -1 (default)
2021-10-24 12:58:46,040 [Time-limited test] INFO  grpc.GrpcConfigKeys (ConfUtils.java:logGet(44)) - raft.grpc.server.port = 13908 (custom)
2021-10-24 12:58:46,040 [Time-limited test] INFO  grpc.GrpcConfigKeys (ConfUtils.java:logGet(44)) - raft.grpc.client.port = -1 (default)
2021-10-24 12:58:46,040 [Time-limited test] INFO  grpc.GrpcConfigKeys (ConfUtils.java:logGet(44)) - raft.grpc.server.port = 13908 (custom)
2021-10-24 12:58:46,040 [Time-limited test] INFO  grpc.GrpcConfigKeys (ConfUtils.java:logGet(44)) - raft.grpc.server.port = 13908 (custom)
2021-10-24 12:58:46,040 [Time-limited test] INFO  server.GrpcService (ConfUtils.java:logGet(44)) - raft.grpc.message.size.max = 33554432 (custom)
2021-10-24 12:58:46,041 [Time-limited test] INFO  server.RaftServerConfigKeys (ConfUtils.java:logGet(44)) - raft.server.log.appender.buffer.byte-limit = 33554432 (custom)
2021-10-24 12:58:46,041 [Time-limited test] INFO  server.GrpcService (ConfUtils.java:logGet(44)) - raft.grpc.flow.control.window = 1MB (=1048576) (default)
2021-10-24 12:58:46,041 [Time-limited test] INFO  server.RaftServerConfigKeys (ConfUtils.java:logGet(44)) - raft.server.rpc.request.timeout = 3000ms (default)
2021-10-24 12:58:46,042 [Time-limited test] INFO  impl.DataStreamServerImpl (ConfUtils.java:logGet(44)) - raft.datastream.type = DISABLED (default)
2021-10-24 12:58:46,042 [Time-limited test] INFO  server.RaftServerConfigKeys (ConfUtils.java:logGet(44)) - raft.server.rpc.slowness.timeout = 2s (custom)
2021-10-24 12:58:46,042 [Time-limited test] INFO  server.RaftServerConfigKeys (ConfUtils.java:logGet(44)) - raft.server.leaderelection.leader.step-down.wait-time = 10s (default)
2021-10-24 12:58:46,042 [Time-limited test] INFO  server.RaftServerConfigKeys (ConfUtils.java:logGet(44)) - raft.server.storage.dir = [/home/runner/work/ozone/ozone/hadoop-ozone/integration-test/target/test-dir/MiniOzoneClusterImpl-cd96da87-0819-4dc2-95d7-841b147881f8/omNode-3/ratis] (custom)
2021-10-24 12:58:46,042 [Time-limited test] INFO  server.RaftServer (RaftServerProxy.java:lambda$null$1(235)) - omNode-3: found a subdirectory /home/runner/work/ozone/ozone/hadoop-ozone/integration-test/target/test-dir/MiniOzoneClusterImpl-cd96da87-0819-4dc2-95d7-841b147881f8/omNode-3/ratis/c9bc4cf4-3bc3-3c60-a66b-523986131536
2021-10-24 12:58:46,043 [Time-limited test] INFO  server.RaftServer (RaftServerProxy.java:addNew(95)) - omNode-3: addNew group-523986131536:[omNode-3|rpc:localhost:13908|priority:0, omNode-1|rpc:localhost:13896|priority:0, omNode-2|rpc:localhost:13902|priority:0] returns group-523986131536:java.util.concurrent.CompletableFuture@57199181[Not completed]
2021-10-24 12:58:46,043 [Time-limited test] INFO  om.OzoneManager (OzoneManager.java:initializeRatisServer(1605)) - OzoneManager Ratis server initialized at port 13908
2021-10-24 12:58:46,043 [Time-limited test] INFO  ratis.OzoneManagerRatisServer (OzoneManagerRatisServer.java:start(520)) - Starting OzoneManagerRatisServer omNode-3 at port 13908
2021-10-24 12:58:46,043 [pool-231-thread-1] INFO  server.RaftServer$Division (RaftServerImpl.java:<init>(184)) - omNode-3: new RaftServerImpl for group-523986131536:[omNode-3|rpc:localhost:13908|priority:0, omNode-1|rpc:localhost:13896|priority:0, omNode-2|rpc:localhost:13902|priority:0] with OzoneManagerStateMachine:uninitialized
2021-10-24 12:58:46,044 [pool-231-thread-1] INFO  server.RaftServerConfigKeys (ConfUtils.java:logGet(44)) - raft.server.rpc.timeout.min = 1s (custom)
2021-10-24 12:58:46,045 [pool-231-thread-1] INFO  server.RaftServerConfigKeys (ConfUtils.java:logGet(44)) - raft.server.rpc.timeout.max = 1200ms (custom)
2021-10-24 12:58:46,045 [pool-231-thread-1] INFO  server.RaftServerConfigKeys (ConfUtils.java:logGet(44)) - raft.server.rpc.sleep.time = 25ms (default)
2021-10-24 12:58:46,045 [pool-231-thread-1] INFO  server.RaftServerConfigKeys (ConfUtils.java:logGet(44)) - raft.server.rpc.slowness.timeout = 2s (custom)
2021-10-24 12:58:46,045 [pool-231-thread-1] INFO  server.RaftServerConfigKeys (ConfUtils.java:logGet(44)) - raft.server.leaderelection.leader.step-down.wait-time = 10s (default)
2021-10-24 12:58:46,045 [pool-231-thread-1] INFO  server.RaftServerConfigKeys (ConfUtils.java:logGet(44)) - raft.server.sleep.deviation.threshold = 300ms (default)
2021-10-24 12:58:46,045 [pool-231-thread-1] INFO  server.RaftServerConfigKeys (ConfUtils.java:logGet(44)) - raft.server.log.appender.install.snapshot.enabled = false (custom)
2021-10-24 12:58:46,045 [pool-231-thread-1] INFO  server.RaftServer$Division (ServerState.java:<init>(105)) - omNode-3@group-523986131536: ConfigurationManager, init=-1: [omNode-3|rpc:localhost:13908|priority:0, omNode-1|rpc:localhost:13896|priority:0, omNode-2|rpc:localhost:13902|priority:0], old=null, confs=<EMPTY_MAP>
2021-10-24 12:58:46,045 [pool-231-thread-1] INFO  server.RaftServerConfigKeys (ConfUtils.java:logGet(44)) - raft.server.storage.dir = [/home/runner/work/ozone/ozone/hadoop-ozone/integration-test/target/test-dir/MiniOzoneClusterImpl-cd96da87-0819-4dc2-95d7-841b147881f8/omNode-3/ratis] (custom)
2021-10-24 12:58:46,045 [pool-231-thread-1] INFO  server.RaftServerConfigKeys (ConfUtils.java:logGet(44)) - raft.server.log.corruption.policy = EXCEPTION (default)
2021-10-24 12:58:46,045 [pool-231-thread-1] INFO  server.RaftServerConfigKeys (ConfUtils.java:logGet(44)) - raft.server.storage.free-space.min = 0MB (=0) (default)
2021-10-24 12:58:46,052 [pool-231-thread-1] INFO  storage.RaftStorageDirectory (RaftStorageDirectoryImpl.java:tryLock(230)) - Lock on /home/runner/work/ozone/ozone/hadoop-ozone/integration-test/target/test-dir/MiniOzoneClusterImpl-cd96da87-0819-4dc2-95d7-841b147881f8/omNode-3/ratis/c9bc4cf4-3bc3-3c60-a66b-523986131536/in_use.lock acquired by nodename 13972@fv-az50-989
2021-10-24 12:58:46,052 [pool-231-thread-1] INFO  storage.RaftStorage (RaftStorageImpl.java:analyzeAndRecoverStorage(110)) - Read RaftStorageMetadata{term=4, votedFor=omNode-2} from /home/runner/work/ozone/ozone/hadoop-ozone/integration-test/target/test-dir/MiniOzoneClusterImpl-cd96da87-0819-4dc2-95d7-841b147881f8/omNode-3/ratis/c9bc4cf4-3bc3-3c60-a66b-523986131536/current/raft-meta
2021-10-24 12:58:46,053 [pool-231-thread-1] INFO  server.RaftServer$Division (ServerState.java:setRaftConf(387)) - omNode-3@group-523986131536: set configuration 23: [omNode-3|rpc:localhost:13908|admin:|client:|dataStream:|priority:0, omNode-1|rpc:localhost:13896|admin:|client:|dataStream:|priority:0, omNode-2|rpc:localhost:13902|admin:|client:|dataStream:|priority:0], old=null
2021-10-24 12:58:46,053 [pool-231-thread-1] INFO  server.RaftServerConfigKeys (ConfUtils.java:logGet(44)) - raft.server.notification.no-leader.timeout = 2s (custom)
2021-10-24 12:58:46,053 [pool-231-thread-1] INFO  server.RaftServerConfigKeys (ConfUtils.java:logGet(44)) - raft.server.log.use.memory = false (default)
2021-10-24 12:58:46,053 [pool-231-thread-1] INFO  server.RaftServerConfigKeys (ConfUtils.java:logGet(44)) - raft.server.log.purge.gap = 50 (custom)
2021-10-24 12:58:46,053 [pool-231-thread-1] INFO  server.RaftServerConfigKeys (ConfUtils.java:logGet(44)) - raft.server.log.appender.buffer.byte-limit = 33554432 (custom)
2021-10-24 12:58:46,053 [pool-231-thread-1] INFO  server.RaftServerConfigKeys (ConfUtils.java:logGet(44)) - raft.server.log.segment.size.max = 4194304 (custom)
2021-10-24 12:58:46,054 [pool-231-thread-1] INFO  server.RaftServerConfigKeys (ConfUtils.java:logGet(44)) - raft.server.log.segment.cache.num.max = 2 (custom)
2021-10-24 12:58:46,054 [pool-231-thread-1] INFO  server.RaftServerConfigKeys (ConfUtils.java:logGet(44)) - raft.server.log.segment.cache.size.max = 200MB (=209715200) (default)
2021-10-24 12:58:46,054 [pool-231-thread-1] INFO  segmented.SegmentedRaftLogWorker (SegmentedRaftLogWorker.java:<init>(182)) - new omNode-3@group-523986131536-SegmentedRaftLogWorker for RaftStorageImpl:Storage Directory /home/runner/work/ozone/ozone/hadoop-ozone/integration-test/target/test-dir/MiniOzoneClusterImpl-cd96da87-0819-4dc2-95d7-841b147881f8/omNode-3/ratis/c9bc4cf4-3bc3-3c60-a66b-523986131536
2021-10-24 12:58:46,054 [pool-231-thread-1] INFO  server.RaftServerConfigKeys (ConfUtils.java:logGet(44)) - raft.server.log.queue.byte-limit = 64MB (=67108864) (default)
2021-10-24 12:58:46,054 [pool-231-thread-1] INFO  server.RaftServerConfigKeys (ConfUtils.java:logGet(44)) - raft.server.log.queue.element-limit = 4096 (default)
2021-10-24 12:58:46,054 [pool-231-thread-1] INFO  server.RaftServerConfigKeys (ConfUtils.java:logGet(44)) - raft.server.log.segment.size.max = 4194304 (custom)
2021-10-24 12:58:46,054 [pool-231-thread-1] INFO  server.RaftServerConfigKeys (ConfUtils.java:logGet(44)) - raft.server.log.preallocated.size = 4194304 (custom)
2021-10-24 12:58:46,054 [pool-231-thread-1] INFO  server.RaftServerConfigKeys (ConfUtils.java:logGet(44)) - raft.server.log.force.sync.num = 128 (default)
2021-10-24 12:58:46,054 [pool-231-thread-1] INFO  server.RaftServerConfigKeys (ConfUtils.java:logGet(44)) - raft.server.log.statemachine.data.sync = true (default)
2021-10-24 12:58:46,054 [pool-231-thread-1] INFO  server.RaftServerConfigKeys (ConfUtils.java:logGet(44)) - raft.server.log.statemachine.data.sync.timeout = 10s (default)
2021-10-24 12:58:46,054 [pool-231-thread-1] INFO  server.RaftServerConfigKeys (ConfUtils.java:logGet(44)) - raft.server.log.statemachine.data.sync.timeout.retry = -1 (default)
2021-10-24 12:58:46,055 [pool-231-thread-1] INFO  server.RaftServerConfigKeys (ConfUtils.java:logGet(44)) - raft.server.log.write.buffer.size = 64KB (=65536) (default)
2021-10-24 12:58:46,055 [pool-231-thread-1] INFO  server.RaftServerConfigKeys (ConfUtils.java:logGet(44)) - raft.server.log.statemachine.data.caching.enabled = false (default)
2021-10-24 12:58:46,056 [pool-231-thread-1] INFO  server.RaftServer$Division (ServerState.java:setRaftConf(387)) - omNode-3@group-523986131536: set configuration 21: [omNode-3|rpc:localhost:13908|admin:|client:|dataStream:|priority:0, omNode-1|rpc:localhost:13896|admin:|client:|dataStream:|priority:0, omNode-2|rpc:localhost:13902|admin:|client:|dataStream:|priority:0], old=null
2021-10-24 12:58:46,057 [pool-231-thread-1] INFO  segmented.LogSegment (LogSegment.java:loadSegment(173)) - Successfully read 2 entries from segment file /home/runner/work/ozone/ozone/hadoop-ozone/integration-test/target/test-dir/MiniOzoneClusterImpl-cd96da87-0819-4dc2-95d7-841b147881f8/omNode-3/ratis/c9bc4cf4-3bc3-3c60-a66b-523986131536/current/log_21-22
2021-10-24 12:58:46,058 [pool-231-thread-1] INFO  server.RaftServer$Division (ServerState.java:setRaftConf(387)) - omNode-3@group-523986131536: set configuration 23: [omNode-3|rpc:localhost:13908|admin:|client:|dataStream:|priority:0, omNode-1|rpc:localhost:13896|admin:|client:|dataStream:|priority:0, omNode-2|rpc:localhost:13902|admin:|client:|dataStream:|priority:0], old=null
2021-10-24 12:58:46,058 [pool-231-thread-1] INFO  segmented.LogSegment (LogSegment.java:loadSegment(173)) - Successfully read 4 entries from segment file /home/runner/work/ozone/ozone/hadoop-ozone/integration-test/target/test-dir/MiniOzoneClusterImpl-cd96da87-0819-4dc2-95d7-841b147881f8/omNode-3/ratis/c9bc4cf4-3bc3-3c60-a66b-523986131536/current/log_inprogress_23
2021-10-24 12:58:46,058 [pool-231-thread-1] INFO  segmented.SegmentedRaftLogWorker (SegmentedRaftLogWorker.java:lambda$new$0(133)) - omNode-3@group-523986131536-SegmentedRaftLogWorker: flushIndex: setUnconditionally 0 -> 26
2021-10-24 12:58:46,058 [pool-231-thread-1] INFO  segmented.SegmentedRaftLogWorker (SegmentedRaftLogWorker.java:lambda$new$0(133)) - omNode-3@group-523986131536-SegmentedRaftLogWorker: safeCacheEvictIndex: setUnconditionally 0 -> 22
2021-10-24 12:58:46,058 [pool-231-thread-1] INFO  raftlog.RaftLog (RaftLogBase.java:lambda$new$0(53)) - omNode-3@group-523986131536-SegmentedRaftLog: commitIndex: updateToMax old=26, new=25, updated? false
2021-10-24 12:58:46,058 [pool-231-thread-1] INFO  raftlog.RaftLog (RaftLogBase.java:lambda$new$0(53)) - omNode-3@group-523986131536-SegmentedRaftLog: purgeIndex: updateIncreasingly -1 -> 20
2021-10-24 12:58:46,058 [pool-231-thread-1] INFO  server.RaftServerConfigKeys (ConfUtils.java:logGet(44)) - raft.server.snapshot.auto.trigger.enabled = true (custom)
2021-10-24 12:58:46,058 [pool-231-thread-1] INFO  server.RaftServerConfigKeys (ConfUtils.java:logGet(44)) - raft.server.snapshot.auto.trigger.threshold = 50 (custom)
2021-10-24 12:58:46,058 [pool-231-thread-1] INFO  server.RaftServerConfigKeys (ConfUtils.java:logGet(44)) - raft.server.snapshot.retention.file.num = -1 (default)
2021-10-24 12:58:46,058 [pool-231-thread-1] INFO  server.RaftServerConfigKeys (ConfUtils.java:logGet(44)) - raft.server.log.purge.upto.snapshot.index = true (custom)
2021-10-24 12:58:46,059 [pool-231-thread-1] INFO  server.RaftServerConfigKeys (ConfUtils.java:logGet(44)) - raft.server.retrycache.expirytime = 30000ms (custom)
2021-10-24 12:58:46,059 [pool-231-thread-1] INFO  server.RaftServerConfigKeys (ConfUtils.java:logGet(44)) - raft.server.retrycache.statistics.expirytime = 100μs (default)
2021-10-24 12:58:46,060 [Time-limited test] INFO  server.RaftServer$Division (RaftServerImpl.java:start(301)) - omNode-3@group-523986131536: start as a follower, conf=23: [omNode-3|rpc:localhost:13908|admin:|client:|dataStream:|priority:0, omNode-1|rpc:localhost:13896|admin:|client:|dataStream:|priority:0, omNode-2|rpc:localhost:13902|admin:|client:|dataStream:|priority:0], old=null
2021-10-24 12:58:46,060 [Time-limited test] INFO  server.RaftServer$Division (RaftServerImpl.java:setRole(290)) - omNode-3@group-523986131536: changes role from      null to FOLLOWER at term 4 for startAsFollower
2021-10-24 12:58:46,060 [Time-limited test] INFO  impl.RoleInfo (RoleInfo.java:updateAndGet(130)) - omNode-3: start omNode-3@group-523986131536-FollowerState
2021-10-24 12:58:46,060 [Time-limited test] INFO  util.JmxRegister (JmxRegister.java:tryRegister(44)) - Successfully registered JMX Bean with object name Ratis:service=RaftServer,group=group-523986131536,id=omNode-3
2021-10-24 12:58:46,061 [Time-limited test] INFO  server.RaftServer (RaftServerProxy.java:lambda$start$5(374)) - omNode-3: start RPC server
2021-10-24 12:58:46,062 [Time-limited test] INFO  server.GrpcService (GrpcService.java:startImpl(253)) - omNode-3: GrpcService started, listening on 13908
2021-10-24 12:58:46,062 [Time-limited test] INFO  ipc.CallQueueManager (CallQueueManager.java:<init>(90)) - Using callQueue: class java.util.concurrent.LinkedBlockingQueue, queueCapacity: 2000, scheduler: class org.apache.hadoop.ipc.DefaultRpcScheduler, ipcBackoff: false.
2021-10-24 12:58:46,063 [org.apache.ratis.util.JvmPauseMonitor$$Lambda$523/122473104@4a4487f1] INFO  util.JvmPauseMonitor (JvmPauseMonitor.java:run(103)) - JvmPauseMonitor-omNode-3: Started
2021-10-24 12:58:46,064 [Socket Reader #1 for port 13904] INFO  ipc.Server (Server.java:run(1265)) - Starting Socket Reader #1 for port 13904
2021-10-24 12:58:46,067 [Listener at localhost/13904] INFO  http.BaseHttpServer (BaseHttpServer.java:newHttpServer2BuilderForOzone(209)) - Starting Web-server for ozoneManager at: http://0.0.0.0:13906
2021-10-24 12:58:46,067 [Listener at localhost/13904] INFO  http.BaseHttpServer (BaseHttpServer.java:<init>(107)) - Hadoop Security Enabled: false Ozone Security Enabled: false Ozone HTTP Security Enabled: false 
2021-10-24 12:58:46,069 [Listener at localhost/13904] INFO  server.AuthenticationFilter (AuthenticationFilter.java:constructSecretProvider(240)) - Unable to initialize FileSignerSecretProvider, falling back to use random secrets.
2021-10-24 12:58:46,070 [Listener at localhost/13904] WARN  http.HttpRequestLog (HttpRequestLog.java:getRequestLog(103)) - Jetty request log can only be enabled using Log4j
2021-10-24 12:58:46,071 [Listener at localhost/13904] INFO  http.HttpServer2 (HttpServer2.java:addGlobalFilter(1030)) - Added global filter 'safety' (class=org.apache.hadoop.hdds.server.http.HttpServer2$QuotingInputFilter)
2021-10-24 12:58:46,072 [Listener at localhost/13904] INFO  http.HttpServer2 (HttpServer2.java:addFilter(1006)) - Added filter static_user_filter (class=org.apache.hadoop.http.lib.StaticUserWebFilter$StaticUserFilter) to context ozoneManager
2021-10-24 12:58:46,072 [Listener at localhost/13904] INFO  http.HttpServer2 (HttpServer2.java:addFilter(1014)) - Added filter static_user_filter (class=org.apache.hadoop.http.lib.StaticUserWebFilter$StaticUserFilter) to context logs
2021-10-24 12:58:46,072 [Listener at localhost/13904] INFO  http.HttpServer2 (HttpServer2.java:addFilter(1014)) - Added filter static_user_filter (class=org.apache.hadoop.http.lib.StaticUserWebFilter$StaticUserFilter) to context static
2021-10-24 12:58:46,072 [Listener at localhost/13904] INFO  http.HttpServer2 (HttpServer2.java:bindListener(1249)) - Jetty bound to port 13906
2021-10-24 12:58:46,072 [Listener at localhost/13904] INFO  server.Server (Server.java:doStart(375)) - jetty-9.4.43.v20210629; built: 2021-06-30T11:07:22.254Z; git: 526006ecfa3af7f1a27ef3a288e2bef7ea9dd7e8; jvm 1.8.0_292-b10
2021-10-24 12:58:46,074 [Listener at localhost/13904] INFO  server.session (DefaultSessionIdManager.java:doStart(334)) - DefaultSessionIdManager workerName=node0
2021-10-24 12:58:46,074 [Listener at localhost/13904] INFO  server.session (DefaultSessionIdManager.java:doStart(339)) - No SessionScavenger set, using defaults
2021-10-24 12:58:46,074 [Listener at localhost/13904] INFO  server.session (HouseKeeper.java:startScavenging(132)) - node0 Scavenging every 660000ms
2021-10-24 12:58:46,075 [Listener at localhost/13904] INFO  handler.ContextHandler (ContextHandler.java:doStart(915)) - Started o.e.j.s.ServletContextHandler@49e6b454{logs,/logs,file:///home/runner/work/ozone/ozone/hadoop-ozone/integration-test/target/log,AVAILABLE}
2021-10-24 12:58:46,075 [Listener at localhost/13904] INFO  handler.ContextHandler (ContextHandler.java:doStart(915)) - Started o.e.j.s.ServletContextHandler@c44b3d7{static,/static,file:///home/runner/work/ozone/ozone/hadoop-ozone/integration-test/target/test-classes/webapps/static,AVAILABLE}
2021-10-24 12:58:46,078 [Listener at localhost/13904] INFO  handler.ContextHandler (ContextHandler.java:doStart(915)) - Started o.e.j.w.WebAppContext@5a0f723{ozoneManager,/,file:///home/runner/work/ozone/ozone/hadoop-ozone/integration-test/target/test-classes/webapps/ozoneManager/,AVAILABLE}{file:/home/runner/work/ozone/ozone/hadoop-ozone/integration-test/target/test-classes/webapps/ozoneManager}
2021-10-24 12:58:46,080 [Listener at localhost/13904] INFO  server.AbstractConnector (AbstractConnector.java:doStart(331)) - Started ServerConnector@346a8ae{HTTP/1.1, (http/1.1)}{0.0.0.0:13906}
2021-10-24 12:58:46,080 [Listener at localhost/13904] INFO  server.Server (Server.java:doStart(415)) - Started @162849ms
2021-10-24 12:58:46,080 [Listener at localhost/13904] WARN  impl.MetricsSystemImpl (MetricsSystemImpl.java:register(279)) - Sink prometheus already exists!
2021-10-24 12:58:46,080 [Listener at localhost/13904] INFO  http.BaseHttpServer (BaseHttpServer.java:updateConnectorAddress(329)) - HTTP server of ozoneManager listening at http://0.0.0.0:13906
2021-10-24 12:58:46,084 [IPC Server Responder] INFO  ipc.Server (Server.java:run(1507)) - IPC Server Responder: starting
2021-10-24 12:58:46,084 [IPC Server listener on 13904] INFO  ipc.Server (Server.java:run(1344)) - IPC Server listener on 13904: starting
2021-10-24 12:58:46,090 [Listener at localhost/13904] INFO  om.OzoneManager (OzoneManager.java:startTrashEmptier(1563)) - Trash Interval set to 0. Files deleted will not move to trash
2021-10-24 12:58:46,090 [Listener at localhost/13904] INFO  om.OzoneManager (OzoneManager.java:stop(1664)) - Stopping Ozone Manager
2021-10-24 12:58:46,091 [Listener at localhost/13904] INFO  ipc.Server (Server.java:stop(3414)) - Stopping server on 13892
2021-10-24 12:58:46,091 [org.apache.hadoop.util.JvmPauseMonitor$Monitor@5f6e15df] INFO  util.JvmPauseMonitor (JvmPauseMonitor.java:run(188)) - Starting JVM pause monitor
2021-10-24 12:58:46,096 [IPC Server Responder] INFO  ipc.Server (Server.java:run(1512)) - Stopping IPC Server Responder
2021-10-24 12:58:46,096 [IPC Server listener on 13892] INFO  ipc.Server (Server.java:run(1376)) - Stopping IPC Server listener on 13892
2021-10-24 12:58:46,097 [Listener at localhost/13904] INFO  server.RaftServer (RaftServerProxy.java:lambda$close$6(391)) - omNode-1: close
2021-10-24 12:58:46,097 [Listener at localhost/13904] INFO  server.RaftServer$Division (RaftServerImpl.java:lambda$close$4(412)) - omNode-1@group-523986131536: shutdown
2021-10-24 12:58:46,097 [Listener at localhost/13904] INFO  util.JmxRegister (JmxRegister.java:unregister(73)) - Successfully un-registered JMX Bean with object name Ratis:service=RaftServer,group=group-523986131536,id=omNode-1
2021-10-24 12:58:46,097 [Listener at localhost/13904] INFO  impl.RoleInfo (RoleInfo.java:shutdownFollowerState(108)) - omNode-1: shutdown omNode-1@group-523986131536-FollowerState
2021-10-24 12:58:46,097 [Listener at localhost/13904] INFO  impl.StateMachineUpdater (StateMachineUpdater.java:stopAndJoin(149)) - omNode-1@group-523986131536-StateMachineUpdater: set stopIndex = 20
2021-10-24 12:58:46,097 [omNode-1@group-523986131536-FollowerState] INFO  impl.FollowerState (FollowerState.java:run(143)) - omNode-1@group-523986131536-FollowerState was interrupted: {}
java.lang.InterruptedException: sleep interrupted
	at java.lang.Thread.sleep(Native Method)
	at java.lang.Thread.sleep(Thread.java:340)
	at java.util.concurrent.TimeUnit.sleep(TimeUnit.java:386)
	at org.apache.ratis.util.TimeDuration.sleep(TimeDuration.java:324)
	at org.apache.ratis.util.TimeDuration.sleep(TimeDuration.java:309)
	at org.apache.ratis.server.impl.FollowerState.run(FollowerState.java:118)
2021-10-24 12:58:46,097 [omNode-1@group-523986131536-StateMachineUpdater] INFO  ratis.OzoneManagerStateMachine (OzoneManagerStateMachine.java:close(471)) - StateMachine has shutdown. Shutdown OzoneManager if not already shutdown.
2021-10-24 12:58:46,097 [Listener at localhost/13904] INFO  server.RaftServer$Division (ServerState.java:close(419)) - omNode-1@group-523986131536: closes. applyIndex: 20
2021-10-24 12:58:46,098 [omNode-1@group-523986131536-SegmentedRaftLogWorker] INFO  segmented.SegmentedRaftLogWorker (SegmentedRaftLogWorker.java:run(327)) - omNode-1@group-523986131536-SegmentedRaftLogWorker was interrupted, exiting. There are 0 tasks remaining in the queue.
2021-10-24 12:58:46,098 [Listener at localhost/13904] INFO  segmented.SegmentedRaftLogWorker (SegmentedRaftLogWorker.java:close(237)) - omNode-1@group-523986131536-SegmentedRaftLogWorker close()
2021-10-24 12:58:46,099 [Listener at localhost/13904] INFO  server.GrpcService (GrpcService.java:closeImpl(262)) - omNode-1: shutdown server with port 13896 now
2021-10-24 12:58:46,100 [grpc-default-executor-6] WARN  server.GrpcServerProtocolService (LogUtils.java:warn(122)) - omNode-1: installSnapshot onError, lastRequest: omNode-2->omNode-1#1-t4,previous=(t:3, i:22),leaderCommit=22,initializing? true,entries: size=1, first=(t:4, i:23), CONFIGURATIONENTRY: org.apache.ratis.thirdparty.io.grpc.StatusRuntimeException: CANCELLED: client cancelled
2021-10-24 12:58:46,103 [grpc-default-executor-6] INFO  server.GrpcLogAppender (GrpcLogAppender.java:onError(335)) - omNode-2@group-523986131536->omNode-1-GrpcLogAppender is stopped
2021-10-24 12:58:46,103 [grpc-default-executor-1] WARN  server.GrpcLogAppender (LogUtils.java:warn(122)) - omNode-2@group-523986131536->omNode-1-AppendLogResponseHandler: Failed appendEntries: org.apache.ratis.thirdparty.io.grpc.StatusRuntimeException: CANCELLED: HTTP/2 error code: CANCEL
Received Rst Stream
2021-10-24 12:58:46,104 [grpc-default-executor-1] INFO  leader.FollowerInfo (FollowerInfoImpl.java:lambda$new$0(47)) - omNode-2@group-523986131536->omNode-1: nextIndex: updateUnconditionally 27 -> 21
2021-10-24 12:58:46,104 [Listener at localhost/13904] INFO  server.GrpcService (GrpcService.java:closeImpl(271)) - omNode-1: shutdown server with port 13896 successfully
2021-10-24 12:58:46,104 [org.apache.ratis.util.JvmPauseMonitor$$Lambda$523/122473104@540478ea] INFO  util.JvmPauseMonitor (JvmPauseMonitor.java:run(109)) - JvmPauseMonitor-omNode-1: Stopped
2021-10-24 12:58:46,105 [Listener at localhost/13904] INFO  ratis.OzoneManagerDoubleBuffer (OzoneManagerDoubleBuffer.java:stop(437)) - Stopping OMDoubleBuffer flush thread
2021-10-24 12:58:46,105 [OMDoubleBufferFlushThread] INFO  ratis.OzoneManagerDoubleBuffer (OzoneManagerDoubleBuffer.java:flushTransactions(356)) - OMDoubleBuffer flush thread OMDoubleBufferFlushThread is interrupted and will exit. OMDoubleBufferFlushThread
2021-10-24 12:58:46,105 [Listener at localhost/13904] INFO  handler.ContextHandler (ContextHandler.java:doStop(1153)) - Stopped o.e.j.w.WebAppContext@5b86a722{ozoneManager,/,null,STOPPED}{file:/home/runner/work/ozone/ozone/hadoop-ozone/integration-test/target/test-classes/webapps/ozoneManager}
2021-10-24 12:58:46,106 [Listener at localhost/13904] INFO  server.AbstractConnector (AbstractConnector.java:doStop(381)) - Stopped ServerConnector@1da19a6c{HTTP/1.1, (http/1.1)}{0.0.0.0:13894}
2021-10-24 12:58:46,106 [Listener at localhost/13904] INFO  server.session (HouseKeeper.java:stopScavenging(149)) - node0 Stopped scavenging
2021-10-24 12:58:46,106 [Listener at localhost/13904] INFO  handler.ContextHandler (ContextHandler.java:doStop(1153)) - Stopped o.e.j.s.ServletContextHandler@2eb86e76{static,/static,file:///home/runner/work/ozone/ozone/hadoop-ozone/integration-test/target/test-classes/webapps/static,STOPPED}
2021-10-24 12:58:46,106 [Listener at localhost/13904] INFO  handler.ContextHandler (ContextHandler.java:doStop(1153)) - Stopped o.e.j.s.ServletContextHandler@7ec49f53{logs,/logs,file:///home/runner/work/ozone/ozone/hadoop-ozone/integration-test/target/log,STOPPED}
2021-10-24 12:58:46,108 [Listener at localhost/13904] INFO  om.OzoneManager (OzoneManager.java:initFSOLayout(4357)) - Configured ozone.om.metadata.layout=SIMPLE and disabled optimized OM FS operations
2021-10-24 12:58:46,108 [Listener at localhost/13904] INFO  om.OzoneManager (OzoneManager.java:restart(1385)) - OzoneManager RPC server is listening at localhost/127.0.0.1:13892
2021-10-24 12:58:46,108 [Listener at localhost/13904] INFO  impl.MetricsSystemImpl (MetricsSystemImpl.java:init(158)) - OzoneManager metrics system started (again)
2021-10-24 12:58:46,108 [grpc-default-executor-6] WARN  server.GrpcLogAppender (LogUtils.java:warn(122)) - omNode-2@group-523986131536->omNode-1-AppendLogResponseHandler: Failed appendEntries: org.apache.ratis.thirdparty.io.grpc.StatusRuntimeException: UNAVAILABLE: io exception
2021-10-24 12:58:46,109 [grpc-default-executor-6] INFO  leader.FollowerInfo (FollowerInfoImpl.java:lambda$new$0(47)) - omNode-2@group-523986131536->omNode-1: nextIndex: updateUnconditionally 27 -> 21
2021-10-24 12:58:46,114 [grpc-default-executor-7] WARN  server.GrpcServerProtocolService (LogUtils.java:warn(122)) - omNode-1: installSnapshot onError, lastRequest: omNode-2->omNode-1#12384-t4,previous=(t:0, i:0),leaderCommit=6,initializing? false,entries: size=6, first=(t:3, i:21), CONFIGURATIONENTRY: org.apache.ratis.thirdparty.io.grpc.StatusRuntimeException: CANCELLED: client cancelled
2021-10-24 12:58:46,130 [Listener at localhost/13904] WARN  server.ServerUtils (ServerUtils.java:getDBPath(225)) - ozone.om.db.dirs is not configured. We recommend adding this setting. Falling back to ozone.metadata.dirs instead.
2021-10-24 12:58:46,130 [Listener at localhost/13904] INFO  codec.OmKeyInfoCodec (OmKeyInfoCodec.java:<init>(51)) - OmKeyInfoCodec ignorePipeline = true
2021-10-24 12:58:46,131 [Listener at localhost/13904] INFO  codec.RepeatedOmKeyInfoCodec (RepeatedOmKeyInfoCodec.java:<init>(42)) - RepeatedOmKeyInfoCodec ignorePipeline = true
2021-10-24 12:58:46,169 [Listener at localhost/13904] WARN  om.OzoneManager (OzoneManager.java:instantiatePrepareStateOnStartup(4236)) - Prepare marker file index 20 does not match DB prepare index 19. Writing DB index to prepare file and maintaining prepared state.
2021-10-24 12:58:46,169 [Listener at localhost/13904] INFO  om.OzoneManagerPrepareState (OzoneManagerPrepareState.java:writePrepareMarkerFile(262)) - Prepare marker file written with log index 19 to file /home/runner/work/ozone/ozone/hadoop-ozone/integration-test/target/test-dir/MiniOzoneClusterImpl-cd96da87-0819-4dc2-95d7-841b147881f8/omNode-1/current/prepareMarker
2021-10-24 12:58:46,170 [Listener at localhost/13904] WARN  impl.MetricRegistriesImpl (MetricRegistriesImpl.java:addReporterRegistration(111)) - New reporters are added after registries were created. Some metrics will be missing from the reporter. Please add reporter before adding any new registry.
2021-10-24 12:58:46,170 [Listener at localhost/13904] WARN  impl.MetricRegistriesImpl (MetricRegistriesImpl.java:addReporterRegistration(111)) - New reporters are added after registries were created. Some metrics will be missing from the reporter. Please add reporter before adding any new registry.
2021-10-24 12:58:46,170 [Listener at localhost/13904] WARN  server.ServerUtils (ServerUtils.java:getDefaultRatisDirectory(237)) - Storage directory for Ratis is not configured. It is a good idea to map this to an SSD disk. Falling back to ozone.metadata.dirs
2021-10-24 12:58:46,171 [Listener at localhost/13904] INFO  ratis.OzoneManagerRatisServer (OzoneManagerRatisServer.java:<init>(159)) - Instantiating OM Ratis server with groupID: om-service-test1 and peers: localhost:13896, localhost:13908, localhost:13902
2021-10-24 12:58:46,171 [Listener at localhost/13904] INFO  ratis.OzoneManagerStateMachine (OzoneManagerStateMachine.java:loadSnapshotInfoFromDB(605)) - LastAppliedIndex is set from TransactionInfo from OM DB as (t:2, i:20)
2021-10-24 12:58:46,173 [Listener at localhost/13904] INFO  server.RaftServer (ConfUtils.java:logGet(44)) - raft.rpc.type = GRPC (default)
2021-10-24 12:58:46,174 [Listener at localhost/13904] INFO  grpc.GrpcFactory (GrpcFactory.java:checkPooledByteBufAllocatorUseCacheForAllThreads(48)) - PERFORMANCE WARNING: useCacheForAllThreads is true that may cause Netty to create a lot garbage objects and, as a result, trigger GC.
	It is recommended to disable useCacheForAllThreads by setting -Dorg.apache.ratis.thirdparty.io.netty.allocator.useCacheForAllThreads=false in command line.
2021-10-24 12:58:46,174 [Listener at localhost/13904] INFO  grpc.GrpcConfigKeys (ConfUtils.java:logGet(44)) - raft.grpc.admin.port = -1 (default)
2021-10-24 12:58:46,174 [Listener at localhost/13904] INFO  grpc.GrpcConfigKeys (ConfUtils.java:logGet(44)) - raft.grpc.server.port = 13896 (custom)
2021-10-24 12:58:46,174 [Listener at localhost/13904] INFO  grpc.GrpcConfigKeys (ConfUtils.java:logGet(44)) - raft.grpc.client.port = -1 (default)
2021-10-24 12:58:46,174 [Listener at localhost/13904] INFO  grpc.GrpcConfigKeys (ConfUtils.java:logGet(44)) - raft.grpc.server.port = 13896 (custom)
2021-10-24 12:58:46,174 [Listener at localhost/13904] INFO  grpc.GrpcConfigKeys (ConfUtils.java:logGet(44)) - raft.grpc.server.port = 13896 (custom)
2021-10-24 12:58:46,174 [Listener at localhost/13904] INFO  server.GrpcService (ConfUtils.java:logGet(44)) - raft.grpc.message.size.max = 33554432 (custom)
2021-10-24 12:58:46,174 [Listener at localhost/13904] INFO  server.RaftServerConfigKeys (ConfUtils.java:logGet(44)) - raft.server.log.appender.buffer.byte-limit = 33554432 (custom)
2021-10-24 12:58:46,174 [Listener at localhost/13904] INFO  server.GrpcService (ConfUtils.java:logGet(44)) - raft.grpc.flow.control.window = 1MB (=1048576) (default)
2021-10-24 12:58:46,174 [Listener at localhost/13904] INFO  server.RaftServerConfigKeys (ConfUtils.java:logGet(44)) - raft.server.rpc.request.timeout = 3000ms (default)
2021-10-24 12:58:46,176 [Listener at localhost/13904] INFO  impl.DataStreamServerImpl (ConfUtils.java:logGet(44)) - raft.datastream.type = DISABLED (default)
2021-10-24 12:58:46,176 [Listener at localhost/13904] INFO  server.RaftServerConfigKeys (ConfUtils.java:logGet(44)) - raft.server.rpc.slowness.timeout = 2s (custom)
2021-10-24 12:58:46,176 [Listener at localhost/13904] INFO  server.RaftServerConfigKeys (ConfUtils.java:logGet(44)) - raft.server.leaderelection.leader.step-down.wait-time = 10s (default)
2021-10-24 12:58:46,176 [Listener at localhost/13904] INFO  server.RaftServerConfigKeys (ConfUtils.java:logGet(44)) - raft.server.storage.dir = [/home/runner/work/ozone/ozone/hadoop-ozone/integration-test/target/test-dir/MiniOzoneClusterImpl-cd96da87-0819-4dc2-95d7-841b147881f8/omNode-1/ratis] (custom)
2021-10-24 12:58:46,176 [Listener at localhost/13904] INFO  server.RaftServer (RaftServerProxy.java:lambda$null$1(235)) - omNode-1: found a subdirectory /home/runner/work/ozone/ozone/hadoop-ozone/integration-test/target/test-dir/MiniOzoneClusterImpl-cd96da87-0819-4dc2-95d7-841b147881f8/omNode-1/ratis/c9bc4cf4-3bc3-3c60-a66b-523986131536
2021-10-24 12:58:46,177 [Listener at localhost/13904] INFO  server.RaftServer (RaftServerProxy.java:addNew(95)) - omNode-1: addNew group-523986131536:[omNode-3|rpc:localhost:13908|priority:0, omNode-1|rpc:localhost:13896|priority:0, omNode-2|rpc:localhost:13902|priority:0] returns group-523986131536:java.util.concurrent.CompletableFuture@712d2b2c[Not completed]
2021-10-24 12:58:46,177 [Listener at localhost/13904] INFO  om.OzoneManager (OzoneManager.java:initializeRatisServer(1605)) - OzoneManager Ratis server initialized at port 13896
2021-10-24 12:58:46,177 [Listener at localhost/13904] INFO  ratis.OzoneManagerRatisServer (OzoneManagerRatisServer.java:start(520)) - Starting OzoneManagerRatisServer omNode-1 at port 13896
2021-10-24 12:58:46,177 [pool-251-thread-1] INFO  server.RaftServer$Division (RaftServerImpl.java:<init>(184)) - omNode-1: new RaftServerImpl for group-523986131536:[omNode-3|rpc:localhost:13908|priority:0, omNode-1|rpc:localhost:13896|priority:0, omNode-2|rpc:localhost:13902|priority:0] with OzoneManagerStateMachine:uninitialized
2021-10-24 12:58:46,178 [pool-251-thread-1] INFO  server.RaftServerConfigKeys (ConfUtils.java:logGet(44)) - raft.server.rpc.timeout.min = 1s (custom)
2021-10-24 12:58:46,178 [pool-251-thread-1] INFO  server.RaftServerConfigKeys (ConfUtils.java:logGet(44)) - raft.server.rpc.timeout.max = 1200ms (custom)
2021-10-24 12:58:46,178 [pool-251-thread-1] INFO  server.RaftServerConfigKeys (ConfUtils.java:logGet(44)) - raft.server.rpc.sleep.time = 25ms (default)
2021-10-24 12:58:46,178 [pool-251-thread-1] INFO  server.RaftServerConfigKeys (ConfUtils.java:logGet(44)) - raft.server.rpc.slowness.timeout = 2s (custom)
2021-10-24 12:58:46,178 [pool-251-thread-1] INFO  server.RaftServerConfigKeys (ConfUtils.java:logGet(44)) - raft.server.leaderelection.leader.step-down.wait-time = 10s (default)
2021-10-24 12:58:46,178 [pool-251-thread-1] INFO  server.RaftServerConfigKeys (ConfUtils.java:logGet(44)) - raft.server.sleep.deviation.threshold = 300ms (default)
2021-10-24 12:58:46,178 [pool-251-thread-1] INFO  server.RaftServerConfigKeys (ConfUtils.java:logGet(44)) - raft.server.log.appender.install.snapshot.enabled = false (custom)
2021-10-24 12:58:46,178 [pool-251-thread-1] INFO  server.RaftServer$Division (ServerState.java:<init>(105)) - omNode-1@group-523986131536: ConfigurationManager, init=-1: [omNode-3|rpc:localhost:13908|priority:0, omNode-1|rpc:localhost:13896|priority:0, omNode-2|rpc:localhost:13902|priority:0], old=null, confs=<EMPTY_MAP>
2021-10-24 12:58:46,178 [pool-251-thread-1] INFO  server.RaftServerConfigKeys (ConfUtils.java:logGet(44)) - raft.server.storage.dir = [/home/runner/work/ozone/ozone/hadoop-ozone/integration-test/target/test-dir/MiniOzoneClusterImpl-cd96da87-0819-4dc2-95d7-841b147881f8/omNode-1/ratis] (custom)
2021-10-24 12:58:46,179 [pool-251-thread-1] INFO  server.RaftServerConfigKeys (ConfUtils.java:logGet(44)) - raft.server.log.corruption.policy = EXCEPTION (default)
2021-10-24 12:58:46,179 [pool-251-thread-1] INFO  server.RaftServerConfigKeys (ConfUtils.java:logGet(44)) - raft.server.storage.free-space.min = 0MB (=0) (default)
2021-10-24 12:58:46,180 [pool-251-thread-1] INFO  storage.RaftStorageDirectory (RaftStorageDirectoryImpl.java:tryLock(230)) - Lock on /home/runner/work/ozone/ozone/hadoop-ozone/integration-test/target/test-dir/MiniOzoneClusterImpl-cd96da87-0819-4dc2-95d7-841b147881f8/omNode-1/ratis/c9bc4cf4-3bc3-3c60-a66b-523986131536/in_use.lock acquired by nodename 13972@fv-az50-989
2021-10-24 12:58:46,180 [pool-251-thread-1] INFO  storage.RaftStorage (RaftStorageImpl.java:analyzeAndRecoverStorage(110)) - Read RaftStorageMetadata{term=4, votedFor=omNode-2} from /home/runner/work/ozone/ozone/hadoop-ozone/integration-test/target/test-dir/MiniOzoneClusterImpl-cd96da87-0819-4dc2-95d7-841b147881f8/omNode-1/ratis/c9bc4cf4-3bc3-3c60-a66b-523986131536/current/raft-meta
2021-10-24 12:58:46,180 [pool-251-thread-1] INFO  server.RaftServer$Division (ServerState.java:setRaftConf(387)) - omNode-1@group-523986131536: set configuration 23: [omNode-3|rpc:localhost:13908|admin:|client:|dataStream:|priority:0, omNode-1|rpc:localhost:13896|admin:|client:|dataStream:|priority:0, omNode-2|rpc:localhost:13902|admin:|client:|dataStream:|priority:0], old=null
2021-10-24 12:58:46,180 [pool-251-thread-1] INFO  server.RaftServerConfigKeys (ConfUtils.java:logGet(44)) - raft.server.notification.no-leader.timeout = 2s (custom)
2021-10-24 12:58:46,180 [pool-251-thread-1] INFO  server.RaftServerConfigKeys (ConfUtils.java:logGet(44)) - raft.server.log.use.memory = false (default)
2021-10-24 12:58:46,186 [pool-251-thread-1] INFO  server.RaftServerConfigKeys (ConfUtils.java:logGet(44)) - raft.server.log.purge.gap = 50 (custom)
2021-10-24 12:58:46,186 [pool-251-thread-1] INFO  server.RaftServerConfigKeys (ConfUtils.java:logGet(44)) - raft.server.log.appender.buffer.byte-limit = 33554432 (custom)
2021-10-24 12:58:46,186 [pool-251-thread-1] INFO  server.RaftServerConfigKeys (ConfUtils.java:logGet(44)) - raft.server.log.segment.size.max = 4194304 (custom)
2021-10-24 12:58:46,187 [pool-251-thread-1] INFO  server.RaftServerConfigKeys (ConfUtils.java:logGet(44)) - raft.server.log.segment.cache.num.max = 2 (custom)
2021-10-24 12:58:46,187 [pool-251-thread-1] INFO  server.RaftServerConfigKeys (ConfUtils.java:logGet(44)) - raft.server.log.segment.cache.size.max = 200MB (=209715200) (default)
2021-10-24 12:58:46,187 [pool-251-thread-1] INFO  segmented.SegmentedRaftLogWorker (SegmentedRaftLogWorker.java:<init>(182)) - new omNode-1@group-523986131536-SegmentedRaftLogWorker for RaftStorageImpl:Storage Directory /home/runner/work/ozone/ozone/hadoop-ozone/integration-test/target/test-dir/MiniOzoneClusterImpl-cd96da87-0819-4dc2-95d7-841b147881f8/omNode-1/ratis/c9bc4cf4-3bc3-3c60-a66b-523986131536
2021-10-24 12:58:46,187 [pool-251-thread-1] INFO  server.RaftServerConfigKeys (ConfUtils.java:logGet(44)) - raft.server.log.queue.byte-limit = 64MB (=67108864) (default)
2021-10-24 12:58:46,187 [pool-251-thread-1] INFO  server.RaftServerConfigKeys (ConfUtils.java:logGet(44)) - raft.server.log.queue.element-limit = 4096 (default)
2021-10-24 12:58:46,187 [pool-251-thread-1] INFO  server.RaftServerConfigKeys (ConfUtils.java:logGet(44)) - raft.server.log.segment.size.max = 4194304 (custom)
2021-10-24 12:58:46,187 [pool-251-thread-1] INFO  server.RaftServerConfigKeys (ConfUtils.java:logGet(44)) - raft.server.log.preallocated.size = 4194304 (custom)
2021-10-24 12:58:46,187 [pool-251-thread-1] INFO  server.RaftServerConfigKeys (ConfUtils.java:logGet(44)) - raft.server.log.force.sync.num = 128 (default)
2021-10-24 12:58:46,187 [pool-251-thread-1] INFO  server.RaftServerConfigKeys (ConfUtils.java:logGet(44)) - raft.server.log.statemachine.data.sync = true (default)
2021-10-24 12:58:46,187 [pool-251-thread-1] INFO  server.RaftServerConfigKeys (ConfUtils.java:logGet(44)) - raft.server.log.statemachine.data.sync.timeout = 10s (default)
2021-10-24 12:58:46,187 [pool-251-thread-1] INFO  server.RaftServerConfigKeys (ConfUtils.java:logGet(44)) - raft.server.log.statemachine.data.sync.timeout.retry = -1 (default)
2021-10-24 12:58:46,188 [pool-251-thread-1] INFO  server.RaftServerConfigKeys (ConfUtils.java:logGet(44)) - raft.server.log.write.buffer.size = 64KB (=65536) (default)
2021-10-24 12:58:46,188 [pool-251-thread-1] INFO  server.RaftServerConfigKeys (ConfUtils.java:logGet(44)) - raft.server.log.statemachine.data.caching.enabled = false (default)
2021-10-24 12:58:46,188 [pool-251-thread-1] INFO  segmented.SegmentedRaftLogWorker (SegmentedRaftLogWorker.java:lambda$new$0(133)) - omNode-1@group-523986131536-SegmentedRaftLogWorker: flushIndex: setUnconditionally 0 -> 20
2021-10-24 12:58:46,188 [pool-251-thread-1] INFO  segmented.SegmentedRaftLogWorker (SegmentedRaftLogWorker.java:lambda$new$0(133)) - omNode-1@group-523986131536-SegmentedRaftLogWorker: safeCacheEvictIndex: setUnconditionally 0 -> -1
2021-10-24 12:58:46,189 [pool-251-thread-1] INFO  server.RaftServerConfigKeys (ConfUtils.java:logGet(44)) - raft.server.snapshot.auto.trigger.enabled = true (custom)
2021-10-24 12:58:46,189 [pool-251-thread-1] INFO  server.RaftServerConfigKeys (ConfUtils.java:logGet(44)) - raft.server.snapshot.auto.trigger.threshold = 50 (custom)
2021-10-24 12:58:46,189 [pool-251-thread-1] INFO  server.RaftServerConfigKeys (ConfUtils.java:logGet(44)) - raft.server.snapshot.retention.file.num = -1 (default)
2021-10-24 12:58:46,189 [pool-251-thread-1] INFO  server.RaftServerConfigKeys (ConfUtils.java:logGet(44)) - raft.server.log.purge.upto.snapshot.index = true (custom)
2021-10-24 12:58:46,189 [pool-251-thread-1] INFO  server.RaftServerConfigKeys (ConfUtils.java:logGet(44)) - raft.server.retrycache.expirytime = 30000ms (custom)
2021-10-24 12:58:46,189 [pool-251-thread-1] INFO  server.RaftServerConfigKeys (ConfUtils.java:logGet(44)) - raft.server.retrycache.statistics.expirytime = 100μs (default)
2021-10-24 12:58:46,190 [Listener at localhost/13904] INFO  server.RaftServer$Division (RaftServerImpl.java:start(301)) - omNode-1@group-523986131536: start as a follower, conf=23: [omNode-3|rpc:localhost:13908|admin:|client:|dataStream:|priority:0, omNode-1|rpc:localhost:13896|admin:|client:|dataStream:|priority:0, omNode-2|rpc:localhost:13902|admin:|client:|dataStream:|priority:0], old=null
2021-10-24 12:58:46,190 [Listener at localhost/13904] INFO  server.RaftServer$Division (RaftServerImpl.java:setRole(290)) - omNode-1@group-523986131536: changes role from      null to FOLLOWER at term 4 for startAsFollower
2021-10-24 12:58:46,190 [Listener at localhost/13904] INFO  impl.RoleInfo (RoleInfo.java:updateAndGet(130)) - omNode-1: start omNode-1@group-523986131536-FollowerState
2021-10-24 12:58:46,190 [Listener at localhost/13904] INFO  util.JmxRegister (JmxRegister.java:tryRegister(44)) - Successfully registered JMX Bean with object name Ratis:service=RaftServer,group=group-523986131536,id=omNode-1
2021-10-24 12:58:46,191 [Listener at localhost/13904] INFO  server.RaftServer (RaftServerProxy.java:lambda$start$5(374)) - omNode-1: start RPC server
2021-10-24 12:58:46,191 [Listener at localhost/13904] INFO  server.GrpcService (GrpcService.java:startImpl(253)) - omNode-1: GrpcService started, listening on 13896
2021-10-24 12:58:46,192 [Listener at localhost/13904] INFO  ipc.CallQueueManager (CallQueueManager.java:<init>(90)) - Using callQueue: class java.util.concurrent.LinkedBlockingQueue, queueCapacity: 2000, scheduler: class org.apache.hadoop.ipc.DefaultRpcScheduler, ipcBackoff: false.
2021-10-24 12:58:46,193 [org.apache.ratis.util.JvmPauseMonitor$$Lambda$523/122473104@70c9d2ef] INFO  util.JvmPauseMonitor (JvmPauseMonitor.java:run(103)) - JvmPauseMonitor-omNode-1: Started
2021-10-24 12:58:46,193 [Socket Reader #1 for port 13892] INFO  ipc.Server (Server.java:run(1265)) - Starting Socket Reader #1 for port 13892
2021-10-24 12:58:46,195 [Listener at localhost/13892] INFO  http.BaseHttpServer (BaseHttpServer.java:newHttpServer2BuilderForOzone(209)) - Starting Web-server for ozoneManager at: http://0.0.0.0:13894
2021-10-24 12:58:46,196 [Listener at localhost/13892] INFO  http.BaseHttpServer (BaseHttpServer.java:<init>(107)) - Hadoop Security Enabled: false Ozone Security Enabled: false Ozone HTTP Security Enabled: false 
2021-10-24 12:58:46,197 [Listener at localhost/13892] INFO  server.AuthenticationFilter (AuthenticationFilter.java:constructSecretProvider(240)) - Unable to initialize FileSignerSecretProvider, falling back to use random secrets.
2021-10-24 12:58:46,197 [Listener at localhost/13892] WARN  http.HttpRequestLog (HttpRequestLog.java:getRequestLog(103)) - Jetty request log can only be enabled using Log4j
2021-10-24 12:58:46,198 [Listener at localhost/13892] INFO  http.HttpServer2 (HttpServer2.java:addGlobalFilter(1030)) - Added global filter 'safety' (class=org.apache.hadoop.hdds.server.http.HttpServer2$QuotingInputFilter)
2021-10-24 12:58:46,198 [Listener at localhost/13892] INFO  http.HttpServer2 (HttpServer2.java:addFilter(1006)) - Added filter static_user_filter (class=org.apache.hadoop.http.lib.StaticUserWebFilter$StaticUserFilter) to context ozoneManager
2021-10-24 12:58:46,198 [Listener at localhost/13892] INFO  http.HttpServer2 (HttpServer2.java:addFilter(1014)) - Added filter static_user_filter (class=org.apache.hadoop.http.lib.StaticUserWebFilter$StaticUserFilter) to context logs
2021-10-24 12:58:46,198 [Listener at localhost/13892] INFO  http.HttpServer2 (HttpServer2.java:addFilter(1014)) - Added filter static_user_filter (class=org.apache.hadoop.http.lib.StaticUserWebFilter$StaticUserFilter) to context static
2021-10-24 12:58:46,199 [Listener at localhost/13892] INFO  http.HttpServer2 (HttpServer2.java:bindListener(1249)) - Jetty bound to port 13894
2021-10-24 12:58:46,199 [Listener at localhost/13892] INFO  server.Server (Server.java:doStart(375)) - jetty-9.4.43.v20210629; built: 2021-06-30T11:07:22.254Z; git: 526006ecfa3af7f1a27ef3a288e2bef7ea9dd7e8; jvm 1.8.0_292-b10
2021-10-24 12:58:46,200 [Listener at localhost/13892] INFO  server.session (DefaultSessionIdManager.java:doStart(334)) - DefaultSessionIdManager workerName=node0
2021-10-24 12:58:46,200 [Listener at localhost/13892] INFO  server.session (DefaultSessionIdManager.java:doStart(339)) - No SessionScavenger set, using defaults
2021-10-24 12:58:46,201 [Listener at localhost/13892] INFO  server.session (HouseKeeper.java:startScavenging(132)) - node0 Scavenging every 660000ms
2021-10-24 12:58:46,201 [Listener at localhost/13892] INFO  handler.ContextHandler (ContextHandler.java:doStart(915)) - Started o.e.j.s.ServletContextHandler@7c7c4328{logs,/logs,file:///home/runner/work/ozone/ozone/hadoop-ozone/integration-test/target/log,AVAILABLE}
2021-10-24 12:58:46,201 [Listener at localhost/13892] INFO  handler.ContextHandler (ContextHandler.java:doStart(915)) - Started o.e.j.s.ServletContextHandler@45adb3d6{static,/static,file:///home/runner/work/ozone/ozone/hadoop-ozone/integration-test/target/test-classes/webapps/static,AVAILABLE}
2021-10-24 12:58:46,204 [Listener at localhost/13892] INFO  handler.ContextHandler (ContextHandler.java:doStart(915)) - Started o.e.j.w.WebAppContext@49d3bdac{ozoneManager,/,file:///home/runner/work/ozone/ozone/hadoop-ozone/integration-test/target/test-classes/webapps/ozoneManager/,AVAILABLE}{file:/home/runner/work/ozone/ozone/hadoop-ozone/integration-test/target/test-classes/webapps/ozoneManager}
2021-10-24 12:58:46,205 [Listener at localhost/13892] INFO  server.AbstractConnector (AbstractConnector.java:doStart(331)) - Started ServerConnector@6987e7c7{HTTP/1.1, (http/1.1)}{0.0.0.0:13894}
2021-10-24 12:58:46,206 [Listener at localhost/13892] INFO  server.Server (Server.java:doStart(415)) - Started @162974ms
2021-10-24 12:58:46,206 [Listener at localhost/13892] WARN  impl.MetricsSystemImpl (MetricsSystemImpl.java:register(279)) - Sink prometheus already exists!
2021-10-24 12:58:46,206 [Listener at localhost/13892] INFO  http.BaseHttpServer (BaseHttpServer.java:updateConnectorAddress(329)) - HTTP server of ozoneManager listening at http://0.0.0.0:13894
2021-10-24 12:58:46,211 [IPC Server Responder] INFO  ipc.Server (Server.java:run(1507)) - IPC Server Responder: starting
2021-10-24 12:58:46,215 [IPC Server listener on 13892] INFO  ipc.Server (Server.java:run(1344)) - IPC Server listener on 13892: starting
2021-10-24 12:58:46,224 [Listener at localhost/13892] INFO  om.OzoneManager (OzoneManager.java:startTrashEmptier(1563)) - Trash Interval set to 0. Files deleted will not move to trash
2021-10-24 12:58:46,225 [Listener at localhost/13892] INFO  om.OzoneManager (OzoneManager.java:stop(1664)) - Stopping Ozone Manager
2021-10-24 12:58:46,225 [Listener at localhost/13892] INFO  ipc.Server (Server.java:stop(3414)) - Stopping server on 13898
2021-10-24 12:58:46,228 [org.apache.hadoop.util.JvmPauseMonitor$Monitor@3675dc01] INFO  util.JvmPauseMonitor (JvmPauseMonitor.java:run(188)) - Starting JVM pause monitor
2021-10-24 12:58:46,228 [IPC Server Responder] INFO  ipc.Server (Server.java:run(1512)) - Stopping IPC Server Responder
2021-10-24 12:58:46,228 [IPC Server listener on 13898] INFO  ipc.Server (Server.java:run(1376)) - Stopping IPC Server listener on 13898
2021-10-24 12:58:46,229 [Listener at localhost/13892] INFO  server.RaftServer (RaftServerProxy.java:lambda$close$6(391)) - omNode-2: close
2021-10-24 12:58:46,229 [Listener at localhost/13892] INFO  server.RaftServer$Division (RaftServerImpl.java:lambda$close$4(412)) - omNode-2@group-523986131536: shutdown
2021-10-24 12:58:46,229 [Listener at localhost/13892] INFO  util.JmxRegister (JmxRegister.java:unregister(73)) - Successfully un-registered JMX Bean with object name Ratis:service=RaftServer,group=group-523986131536,id=omNode-2
2021-10-24 12:58:46,229 [Listener at localhost/13892] INFO  impl.RoleInfo (RoleInfo.java:shutdownLeaderState(91)) - omNode-2: shutdown omNode-2@group-523986131536-LeaderStateImpl
2021-10-24 12:58:46,229 [omNode-2@group-523986131536->omNode-1-GrpcLogAppender-LogAppenderDaemon] WARN  server.GrpcLogAppender (GrpcLogAppender.java:mayWait(177)) - omNode-2@group-523986131536->omNode-1-GrpcLogAppender: Wait interrupted by java.lang.InterruptedException
2021-10-24 12:58:46,230 [omNode-2@group-523986131536->omNode-3-GrpcLogAppender-LogAppenderDaemon] WARN  server.GrpcLogAppender (GrpcLogAppender.java:mayWait(177)) - omNode-2@group-523986131536->omNode-3-GrpcLogAppender: Wait interrupted by java.lang.InterruptedException
2021-10-24 12:58:46,230 [Listener at localhost/13892] INFO  impl.PendingRequests (PendingRequests.java:sendNotLeaderResponses(282)) - omNode-2@group-523986131536-PendingRequests: sendNotLeaderResponses
2021-10-24 12:58:46,231 [Listener at localhost/13892] INFO  impl.StateMachineUpdater (StateMachineUpdater.java:stopAndJoin(149)) - omNode-2@group-523986131536-StateMachineUpdater: set stopIndex = 26
2021-10-24 12:58:46,232 [omNode-2@group-523986131536-StateMachineUpdater] INFO  ratis.OzoneManagerStateMachine (OzoneManagerStateMachine.java:takeSnapshot(417)) - Current Snapshot Index (t:4, i:26)
2021-10-24 12:58:46,232 [omNode-2@group-523986131536-StateMachineUpdater] INFO  impl.StateMachineUpdater (StateMachineUpdater.java:takeSnapshot(281)) - omNode-2@group-523986131536-StateMachineUpdater: Took a snapshot at index 26
2021-10-24 12:58:46,232 [omNode-2@group-523986131536-StateMachineUpdater] INFO  impl.StateMachineUpdater (StateMachineUpdater.java:lambda$new$0(89)) - omNode-2@group-523986131536-StateMachineUpdater: snapshotIndex: updateIncreasingly 22 -> 26
2021-10-24 12:58:46,232 [omNode-2@group-523986131536-StateMachineUpdater] INFO  ratis.OzoneManagerStateMachine (OzoneManagerStateMachine.java:close(471)) - StateMachine has shutdown. Shutdown OzoneManager if not already shutdown.
2021-10-24 12:58:46,232 [Listener at localhost/13892] INFO  server.RaftServer$Division (ServerState.java:close(419)) - omNode-2@group-523986131536: closes. applyIndex: 26
2021-10-24 12:58:46,232 [omNode-2@group-523986131536-SegmentedRaftLogWorker] INFO  segmented.SegmentedRaftLogWorker (SegmentedRaftLogWorker.java:run(327)) - omNode-2@group-523986131536-SegmentedRaftLogWorker was interrupted, exiting. There are 0 tasks remaining in the queue.
2021-10-24 12:58:46,233 [Listener at localhost/13892] INFO  segmented.SegmentedRaftLogWorker (SegmentedRaftLogWorker.java:close(237)) - omNode-2@group-523986131536-SegmentedRaftLogWorker close()
2021-10-24 12:58:46,234 [Listener at localhost/13892] INFO  server.GrpcService (GrpcService.java:closeImpl(262)) - omNode-2: shutdown server with port 13902 now
2021-10-24 12:58:46,237 [Listener at localhost/13892] INFO  server.GrpcService (GrpcService.java:closeImpl(271)) - omNode-2: shutdown server with port 13902 successfully
2021-10-24 12:58:46,237 [org.apache.ratis.util.JvmPauseMonitor$$Lambda$523/122473104@2b279898] INFO  util.JvmPauseMonitor (JvmPauseMonitor.java:run(109)) - JvmPauseMonitor-omNode-2: Stopped
2021-10-24 12:58:46,237 [Listener at localhost/13892] INFO  ratis.OzoneManagerDoubleBuffer (OzoneManagerDoubleBuffer.java:stop(437)) - Stopping OMDoubleBuffer flush thread
2021-10-24 12:58:46,240 [OMDoubleBufferFlushThread] INFO  ratis.OzoneManagerDoubleBuffer (OzoneManagerDoubleBuffer.java:flushTransactions(356)) - OMDoubleBuffer flush thread OMDoubleBufferFlushThread is interrupted and will exit. OMDoubleBufferFlushThread
2021-10-24 12:58:46,241 [Listener at localhost/13892] INFO  handler.ContextHandler (ContextHandler.java:doStop(1153)) - Stopped o.e.j.w.WebAppContext@52f607{ozoneManager,/,null,STOPPED}{file:/home/runner/work/ozone/ozone/hadoop-ozone/integration-test/target/test-classes/webapps/ozoneManager}
2021-10-24 12:58:46,241 [Listener at localhost/13892] INFO  server.AbstractConnector (AbstractConnector.java:doStop(381)) - Stopped ServerConnector@4369dafd{HTTP/1.1, (http/1.1)}{0.0.0.0:13900}
2021-10-24 12:58:46,241 [Listener at localhost/13892] INFO  server.session (HouseKeeper.java:stopScavenging(149)) - node0 Stopped scavenging
2021-10-24 12:58:46,241 [Listener at localhost/13892] INFO  handler.ContextHandler (ContextHandler.java:doStop(1153)) - Stopped o.e.j.s.ServletContextHandler@43460799{static,/static,file:///home/runner/work/ozone/ozone/hadoop-ozone/integration-test/target/test-classes/webapps/static,STOPPED}
2021-10-24 12:58:46,242 [Listener at localhost/13892] INFO  handler.ContextHandler (ContextHandler.java:doStop(1153)) - Stopped o.e.j.s.ServletContextHandler@71aba09a{logs,/logs,file:///home/runner/work/ozone/ozone/hadoop-ozone/integration-test/target/log,STOPPED}
2021-10-24 12:58:46,245 [Listener at localhost/13892] INFO  om.OzoneManager (OzoneManager.java:initFSOLayout(4357)) - Configured ozone.om.metadata.layout=SIMPLE and disabled optimized OM FS operations
2021-10-24 12:58:46,245 [Listener at localhost/13892] INFO  om.OzoneManager (OzoneManager.java:restart(1385)) - OzoneManager RPC server is listening at localhost/127.0.0.1:13898
2021-10-24 12:58:46,246 [Listener at localhost/13892] INFO  impl.MetricsSystemImpl (MetricsSystemImpl.java:init(158)) - OzoneManager metrics system started (again)
2021-10-24 12:58:46,261 [Listener at localhost/13892] WARN  server.ServerUtils (ServerUtils.java:getDBPath(225)) - ozone.om.db.dirs is not configured. We recommend adding this setting. Falling back to ozone.metadata.dirs instead.
2021-10-24 12:58:46,262 [Listener at localhost/13892] INFO  codec.OmKeyInfoCodec (OmKeyInfoCodec.java:<init>(51)) - OmKeyInfoCodec ignorePipeline = true
2021-10-24 12:58:46,263 [Listener at localhost/13892] INFO  codec.RepeatedOmKeyInfoCodec (RepeatedOmKeyInfoCodec.java:<init>(42)) - RepeatedOmKeyInfoCodec ignorePipeline = true
2021-10-24 12:58:46,298 [Listener at localhost/13892] WARN  impl.MetricRegistriesImpl (MetricRegistriesImpl.java:addReporterRegistration(111)) - New reporters are added after registries were created. Some metrics will be missing from the reporter. Please add reporter before adding any new registry.
2021-10-24 12:58:46,299 [Listener at localhost/13892] WARN  impl.MetricRegistriesImpl (MetricRegistriesImpl.java:addReporterRegistration(111)) - New reporters are added after registries were created. Some metrics will be missing from the reporter. Please add reporter before adding any new registry.
2021-10-24 12:58:46,299 [Listener at localhost/13892] WARN  server.ServerUtils (ServerUtils.java:getDefaultRatisDirectory(237)) - Storage directory for Ratis is not configured. It is a good idea to map this to an SSD disk. Falling back to ozone.metadata.dirs
2021-10-24 12:58:46,300 [Listener at localhost/13892] INFO  ratis.OzoneManagerRatisServer (OzoneManagerRatisServer.java:<init>(159)) - Instantiating OM Ratis server with groupID: om-service-test1 and peers: localhost:13902, localhost:13908, localhost:13896
2021-10-24 12:58:46,300 [Listener at localhost/13892] INFO  ratis.OzoneManagerStateMachine (OzoneManagerStateMachine.java:loadSnapshotInfoFromDB(605)) - LastAppliedIndex is set from TransactionInfo from OM DB as (t:4, i:26)
2021-10-24 12:58:46,300 [Listener at localhost/13892] INFO  server.RaftServer (ConfUtils.java:logGet(44)) - raft.rpc.type = GRPC (default)
2021-10-24 12:58:46,301 [Listener at localhost/13892] INFO  grpc.GrpcFactory (GrpcFactory.java:checkPooledByteBufAllocatorUseCacheForAllThreads(48)) - PERFORMANCE WARNING: useCacheForAllThreads is true that may cause Netty to create a lot garbage objects and, as a result, trigger GC.
	It is recommended to disable useCacheForAllThreads by setting -Dorg.apache.ratis.thirdparty.io.netty.allocator.useCacheForAllThreads=false in command line.
2021-10-24 12:58:46,301 [Listener at localhost/13892] INFO  grpc.GrpcConfigKeys (ConfUtils.java:logGet(44)) - raft.grpc.admin.port = -1 (default)
2021-10-24 12:58:46,301 [Listener at localhost/13892] INFO  grpc.GrpcConfigKeys (ConfUtils.java:logGet(44)) - raft.grpc.server.port = 13902 (custom)
2021-10-24 12:58:46,301 [Listener at localhost/13892] INFO  grpc.GrpcConfigKeys (ConfUtils.java:logGet(44)) - raft.grpc.client.port = -1 (default)
2021-10-24 12:58:46,301 [Listener at localhost/13892] INFO  grpc.GrpcConfigKeys (ConfUtils.java:logGet(44)) - raft.grpc.server.port = 13902 (custom)
2021-10-24 12:58:46,301 [Listener at localhost/13892] INFO  grpc.GrpcConfigKeys (ConfUtils.java:logGet(44)) - raft.grpc.server.port = 13902 (custom)
2021-10-24 12:58:46,301 [Listener at localhost/13892] INFO  server.GrpcService (ConfUtils.java:logGet(44)) - raft.grpc.message.size.max = 33554432 (custom)
2021-10-24 12:58:46,301 [Listener at localhost/13892] INFO  server.RaftServerConfigKeys (ConfUtils.java:logGet(44)) - raft.server.log.appender.buffer.byte-limit = 33554432 (custom)
2021-10-24 12:58:46,301 [Listener at localhost/13892] INFO  server.GrpcService (ConfUtils.java:logGet(44)) - raft.grpc.flow.control.window = 1MB (=1048576) (default)
2021-10-24 12:58:46,301 [Listener at localhost/13892] INFO  server.RaftServerConfigKeys (ConfUtils.java:logGet(44)) - raft.server.rpc.request.timeout = 3000ms (default)
2021-10-24 12:58:46,303 [Listener at localhost/13892] INFO  impl.DataStreamServerImpl (ConfUtils.java:logGet(44)) - raft.datastream.type = DISABLED (default)
2021-10-24 12:58:46,303 [Listener at localhost/13892] INFO  server.RaftServerConfigKeys (ConfUtils.java:logGet(44)) - raft.server.rpc.slowness.timeout = 2s (custom)
2021-10-24 12:58:46,303 [Listener at localhost/13892] INFO  server.RaftServerConfigKeys (ConfUtils.java:logGet(44)) - raft.server.leaderelection.leader.step-down.wait-time = 10s (default)
2021-10-24 12:58:46,303 [Listener at localhost/13892] INFO  server.RaftServerConfigKeys (ConfUtils.java:logGet(44)) - raft.server.storage.dir = [/home/runner/work/ozone/ozone/hadoop-ozone/integration-test/target/test-dir/MiniOzoneClusterImpl-cd96da87-0819-4dc2-95d7-841b147881f8/omNode-2/ratis] (custom)
2021-10-24 12:58:46,303 [Listener at localhost/13892] INFO  server.RaftServer (RaftServerProxy.java:lambda$null$1(235)) - omNode-2: found a subdirectory /home/runner/work/ozone/ozone/hadoop-ozone/integration-test/target/test-dir/MiniOzoneClusterImpl-cd96da87-0819-4dc2-95d7-841b147881f8/omNode-2/ratis/c9bc4cf4-3bc3-3c60-a66b-523986131536
2021-10-24 12:58:46,304 [Listener at localhost/13892] INFO  server.RaftServer (RaftServerProxy.java:addNew(95)) - omNode-2: addNew group-523986131536:[omNode-3|rpc:localhost:13908|priority:0, omNode-1|rpc:localhost:13896|priority:0, omNode-2|rpc:localhost:13902|priority:0] returns group-523986131536:java.util.concurrent.CompletableFuture@3ecfe241[Not completed]
2021-10-24 12:58:46,304 [pool-271-thread-1] INFO  server.RaftServer$Division (RaftServerImpl.java:<init>(184)) - omNode-2: new RaftServerImpl for group-523986131536:[omNode-3|rpc:localhost:13908|priority:0, omNode-1|rpc:localhost:13896|priority:0, omNode-2|rpc:localhost:13902|priority:0] with OzoneManagerStateMachine:uninitialized
2021-10-24 12:58:46,304 [Listener at localhost/13892] INFO  om.OzoneManager (OzoneManager.java:initializeRatisServer(1605)) - OzoneManager Ratis server initialized at port 13902
2021-10-24 12:58:46,304 [Listener at localhost/13892] INFO  ratis.OzoneManagerRatisServer (OzoneManagerRatisServer.java:start(520)) - Starting OzoneManagerRatisServer omNode-2 at port 13902
2021-10-24 12:58:46,305 [pool-271-thread-1] INFO  server.RaftServerConfigKeys (ConfUtils.java:logGet(44)) - raft.server.rpc.timeout.min = 1s (custom)
2021-10-24 12:58:46,305 [pool-271-thread-1] INFO  server.RaftServerConfigKeys (ConfUtils.java:logGet(44)) - raft.server.rpc.timeout.max = 1200ms (custom)
2021-10-24 12:58:46,305 [pool-271-thread-1] INFO  server.RaftServerConfigKeys (ConfUtils.java:logGet(44)) - raft.server.rpc.sleep.time = 25ms (default)
2021-10-24 12:58:46,305 [pool-271-thread-1] INFO  server.RaftServerConfigKeys (ConfUtils.java:logGet(44)) - raft.server.rpc.slowness.timeout = 2s (custom)
2021-10-24 12:58:46,305 [pool-271-thread-1] INFO  server.RaftServerConfigKeys (ConfUtils.java:logGet(44)) - raft.server.leaderelection.leader.step-down.wait-time = 10s (default)
2021-10-24 12:58:46,305 [pool-271-thread-1] INFO  server.RaftServerConfigKeys (ConfUtils.java:logGet(44)) - raft.server.sleep.deviation.threshold = 300ms (default)
2021-10-24 12:58:46,305 [pool-271-thread-1] INFO  server.RaftServerConfigKeys (ConfUtils.java:logGet(44)) - raft.server.log.appender.install.snapshot.enabled = false (custom)
2021-10-24 12:58:46,305 [pool-271-thread-1] INFO  server.RaftServer$Division (ServerState.java:<init>(105)) - omNode-2@group-523986131536: ConfigurationManager, init=-1: [omNode-3|rpc:localhost:13908|priority:0, omNode-1|rpc:localhost:13896|priority:0, omNode-2|rpc:localhost:13902|priority:0], old=null, confs=<EMPTY_MAP>
2021-10-24 12:58:46,305 [pool-271-thread-1] INFO  server.RaftServerConfigKeys (ConfUtils.java:logGet(44)) - raft.server.storage.dir = [/home/runner/work/ozone/ozone/hadoop-ozone/integration-test/target/test-dir/MiniOzoneClusterImpl-cd96da87-0819-4dc2-95d7-841b147881f8/omNode-2/ratis] (custom)
2021-10-24 12:58:46,305 [pool-271-thread-1] INFO  server.RaftServerConfigKeys (ConfUtils.java:logGet(44)) - raft.server.log.corruption.policy = EXCEPTION (default)
2021-10-24 12:58:46,305 [pool-271-thread-1] INFO  server.RaftServerConfigKeys (ConfUtils.java:logGet(44)) - raft.server.storage.free-space.min = 0MB (=0) (default)
2021-10-24 12:58:46,306 [pool-271-thread-1] INFO  storage.RaftStorageDirectory (RaftStorageDirectoryImpl.java:tryLock(230)) - Lock on /home/runner/work/ozone/ozone/hadoop-ozone/integration-test/target/test-dir/MiniOzoneClusterImpl-cd96da87-0819-4dc2-95d7-841b147881f8/omNode-2/ratis/c9bc4cf4-3bc3-3c60-a66b-523986131536/in_use.lock acquired by nodename 13972@fv-az50-989
2021-10-24 12:58:46,307 [pool-271-thread-1] INFO  storage.RaftStorage (RaftStorageImpl.java:analyzeAndRecoverStorage(110)) - Read RaftStorageMetadata{term=4, votedFor=omNode-2} from /home/runner/work/ozone/ozone/hadoop-ozone/integration-test/target/test-dir/MiniOzoneClusterImpl-cd96da87-0819-4dc2-95d7-841b147881f8/omNode-2/ratis/c9bc4cf4-3bc3-3c60-a66b-523986131536/current/raft-meta
2021-10-24 12:58:46,308 [pool-271-thread-1] INFO  server.RaftServer$Division (ServerState.java:setRaftConf(387)) - omNode-2@group-523986131536: set configuration 23: [omNode-3|rpc:localhost:13908|admin:|client:|dataStream:|priority:0, omNode-1|rpc:localhost:13896|admin:|client:|dataStream:|priority:0, omNode-2|rpc:localhost:13902|admin:|client:|dataStream:|priority:0], old=null
2021-10-24 12:58:46,308 [pool-271-thread-1] INFO  server.RaftServerConfigKeys (ConfUtils.java:logGet(44)) - raft.server.notification.no-leader.timeout = 2s (custom)
2021-10-24 12:58:46,308 [pool-271-thread-1] INFO  server.RaftServerConfigKeys (ConfUtils.java:logGet(44)) - raft.server.log.use.memory = false (default)
2021-10-24 12:58:46,308 [pool-271-thread-1] INFO  server.RaftServerConfigKeys (ConfUtils.java:logGet(44)) - raft.server.log.purge.gap = 50 (custom)
2021-10-24 12:58:46,308 [pool-271-thread-1] INFO  server.RaftServerConfigKeys (ConfUtils.java:logGet(44)) - raft.server.log.appender.buffer.byte-limit = 33554432 (custom)
2021-10-24 12:58:46,308 [pool-271-thread-1] INFO  server.RaftServerConfigKeys (ConfUtils.java:logGet(44)) - raft.server.log.segment.size.max = 4194304 (custom)
2021-10-24 12:58:46,309 [pool-271-thread-1] INFO  server.RaftServerConfigKeys (ConfUtils.java:logGet(44)) - raft.server.log.segment.cache.num.max = 2 (custom)
2021-10-24 12:58:46,309 [pool-271-thread-1] INFO  server.RaftServerConfigKeys (ConfUtils.java:logGet(44)) - raft.server.log.segment.cache.size.max = 200MB (=209715200) (default)
2021-10-24 12:58:46,309 [pool-271-thread-1] INFO  segmented.SegmentedRaftLogWorker (SegmentedRaftLogWorker.java:<init>(182)) - new omNode-2@group-523986131536-SegmentedRaftLogWorker for RaftStorageImpl:Storage Directory /home/runner/work/ozone/ozone/hadoop-ozone/integration-test/target/test-dir/MiniOzoneClusterImpl-cd96da87-0819-4dc2-95d7-841b147881f8/omNode-2/ratis/c9bc4cf4-3bc3-3c60-a66b-523986131536
2021-10-24 12:58:46,309 [pool-271-thread-1] INFO  server.RaftServerConfigKeys (ConfUtils.java:logGet(44)) - raft.server.log.queue.byte-limit = 64MB (=67108864) (default)
2021-10-24 12:58:46,309 [pool-271-thread-1] INFO  server.RaftServerConfigKeys (ConfUtils.java:logGet(44)) - raft.server.log.queue.element-limit = 4096 (default)
2021-10-24 12:58:46,309 [pool-271-thread-1] INFO  server.RaftServerConfigKeys (ConfUtils.java:logGet(44)) - raft.server.log.segment.size.max = 4194304 (custom)
2021-10-24 12:58:46,309 [pool-271-thread-1] INFO  server.RaftServerConfigKeys (ConfUtils.java:logGet(44)) - raft.server.log.preallocated.size = 4194304 (custom)
2021-10-24 12:58:46,309 [pool-271-thread-1] INFO  server.RaftServerConfigKeys (ConfUtils.java:logGet(44)) - raft.server.log.force.sync.num = 128 (default)
2021-10-24 12:58:46,309 [pool-271-thread-1] INFO  server.RaftServerConfigKeys (ConfUtils.java:logGet(44)) - raft.server.log.statemachine.data.sync = true (default)
2021-10-24 12:58:46,309 [pool-271-thread-1] INFO  server.RaftServerConfigKeys (ConfUtils.java:logGet(44)) - raft.server.log.statemachine.data.sync.timeout = 10s (default)
2021-10-24 12:58:46,309 [pool-271-thread-1] INFO  server.RaftServerConfigKeys (ConfUtils.java:logGet(44)) - raft.server.log.statemachine.data.sync.timeout.retry = -1 (default)
2021-10-24 12:58:46,310 [pool-271-thread-1] INFO  server.RaftServerConfigKeys (ConfUtils.java:logGet(44)) - raft.server.log.write.buffer.size = 64KB (=65536) (default)
2021-10-24 12:58:46,310 [pool-271-thread-1] INFO  server.RaftServerConfigKeys (ConfUtils.java:logGet(44)) - raft.server.log.statemachine.data.caching.enabled = false (default)
2021-10-24 12:58:46,313 [pool-271-thread-1] INFO  server.RaftServer$Division (ServerState.java:setRaftConf(387)) - omNode-2@group-523986131536: set configuration 21: [omNode-3|rpc:localhost:13908|admin:|client:|dataStream:|priority:0, omNode-1|rpc:localhost:13896|admin:|client:|dataStream:|priority:0, omNode-2|rpc:localhost:13902|admin:|client:|dataStream:|priority:0], old=null
2021-10-24 12:58:46,313 [pool-271-thread-1] INFO  segmented.LogSegment (LogSegment.java:loadSegment(173)) - Successfully read 2 entries from segment file /home/runner/work/ozone/ozone/hadoop-ozone/integration-test/target/test-dir/MiniOzoneClusterImpl-cd96da87-0819-4dc2-95d7-841b147881f8/omNode-2/ratis/c9bc4cf4-3bc3-3c60-a66b-523986131536/current/log_21-22
2021-10-24 12:58:46,313 [pool-271-thread-1] INFO  server.RaftServer$Division (ServerState.java:setRaftConf(387)) - omNode-2@group-523986131536: set configuration 23: [omNode-3|rpc:localhost:13908|admin:|client:|dataStream:|priority:0, omNode-1|rpc:localhost:13896|admin:|client:|dataStream:|priority:0, omNode-2|rpc:localhost:13902|admin:|client:|dataStream:|priority:0], old=null
2021-10-24 12:58:46,313 [pool-271-thread-1] INFO  segmented.LogSegment (LogSegment.java:loadSegment(173)) - Successfully read 4 entries from segment file /home/runner/work/ozone/ozone/hadoop-ozone/integration-test/target/test-dir/MiniOzoneClusterImpl-cd96da87-0819-4dc2-95d7-841b147881f8/omNode-2/ratis/c9bc4cf4-3bc3-3c60-a66b-523986131536/current/log_inprogress_23
2021-10-24 12:58:46,313 [pool-271-thread-1] INFO  segmented.SegmentedRaftLogWorker (SegmentedRaftLogWorker.java:lambda$new$0(133)) - omNode-2@group-523986131536-SegmentedRaftLogWorker: flushIndex: setUnconditionally 0 -> 26
2021-10-24 12:58:46,313 [pool-271-thread-1] INFO  segmented.SegmentedRaftLogWorker (SegmentedRaftLogWorker.java:lambda$new$0(133)) - omNode-2@group-523986131536-SegmentedRaftLogWorker: safeCacheEvictIndex: setUnconditionally 0 -> 22
2021-10-24 12:58:46,314 [pool-271-thread-1] INFO  raftlog.RaftLog (RaftLogBase.java:lambda$new$0(53)) - omNode-2@group-523986131536-SegmentedRaftLog: commitIndex: updateToMax old=26, new=25, updated? false
2021-10-24 12:58:46,315 [pool-271-thread-1] INFO  raftlog.RaftLog (RaftLogBase.java:lambda$new$0(53)) - omNode-2@group-523986131536-SegmentedRaftLog: purgeIndex: updateIncreasingly -1 -> 20
2021-10-24 12:58:46,315 [pool-271-thread-1] INFO  server.RaftServerConfigKeys (ConfUtils.java:logGet(44)) - raft.server.snapshot.auto.trigger.enabled = true (custom)
2021-10-24 12:58:46,315 [pool-271-thread-1] INFO  server.RaftServerConfigKeys (ConfUtils.java:logGet(44)) - raft.server.snapshot.auto.trigger.threshold = 50 (custom)
2021-10-24 12:58:46,315 [pool-271-thread-1] INFO  server.RaftServerConfigKeys (ConfUtils.java:logGet(44)) - raft.server.snapshot.retention.file.num = -1 (default)
2021-10-24 12:58:46,315 [pool-271-thread-1] INFO  server.RaftServerConfigKeys (ConfUtils.java:logGet(44)) - raft.server.log.purge.upto.snapshot.index = true (custom)
2021-10-24 12:58:46,315 [pool-271-thread-1] INFO  server.RaftServerConfigKeys (ConfUtils.java:logGet(44)) - raft.server.retrycache.expirytime = 30000ms (custom)
2021-10-24 12:58:46,315 [pool-271-thread-1] INFO  server.RaftServerConfigKeys (ConfUtils.java:logGet(44)) - raft.server.retrycache.statistics.expirytime = 100μs (default)
2021-10-24 12:58:46,316 [Listener at localhost/13892] INFO  server.RaftServer$Division (RaftServerImpl.java:start(301)) - omNode-2@group-523986131536: start as a follower, conf=23: [omNode-3|rpc:localhost:13908|admin:|client:|dataStream:|priority:0, omNode-1|rpc:localhost:13896|admin:|client:|dataStream:|priority:0, omNode-2|rpc:localhost:13902|admin:|client:|dataStream:|priority:0], old=null
2021-10-24 12:58:46,316 [Listener at localhost/13892] INFO  server.RaftServer$Division (RaftServerImpl.java:setRole(290)) - omNode-2@group-523986131536: changes role from      null to FOLLOWER at term 4 for startAsFollower
2021-10-24 12:58:46,316 [Listener at localhost/13892] INFO  impl.RoleInfo (RoleInfo.java:updateAndGet(130)) - omNode-2: start omNode-2@group-523986131536-FollowerState
2021-10-24 12:58:46,319 [Listener at localhost/13892] INFO  util.JmxRegister (JmxRegister.java:tryRegister(44)) - Successfully registered JMX Bean with object name Ratis:service=RaftServer,group=group-523986131536,id=omNode-2
2021-10-24 12:58:46,319 [Listener at localhost/13892] INFO  server.RaftServer (RaftServerProxy.java:lambda$start$5(374)) - omNode-2: start RPC server
2021-10-24 12:58:46,321 [Listener at localhost/13892] INFO  server.GrpcService (GrpcService.java:startImpl(253)) - omNode-2: GrpcService started, listening on 13902
2021-10-24 12:58:46,321 [Listener at localhost/13892] INFO  ipc.CallQueueManager (CallQueueManager.java:<init>(90)) - Using callQueue: class java.util.concurrent.LinkedBlockingQueue, queueCapacity: 2000, scheduler: class org.apache.hadoop.ipc.DefaultRpcScheduler, ipcBackoff: false.
2021-10-24 12:58:46,322 [org.apache.ratis.util.JvmPauseMonitor$$Lambda$523/122473104@499f7266] INFO  util.JvmPauseMonitor (JvmPauseMonitor.java:run(103)) - JvmPauseMonitor-omNode-2: Started
2021-10-24 12:58:46,322 [Socket Reader #1 for port 13898] INFO  ipc.Server (Server.java:run(1265)) - Starting Socket Reader #1 for port 13898
2021-10-24 12:58:46,330 [Listener at localhost/13898] INFO  http.BaseHttpServer (BaseHttpServer.java:newHttpServer2BuilderForOzone(209)) - Starting Web-server for ozoneManager at: http://0.0.0.0:13900
2021-10-24 12:58:46,330 [Listener at localhost/13898] INFO  http.BaseHttpServer (BaseHttpServer.java:<init>(107)) - Hadoop Security Enabled: false Ozone Security Enabled: false Ozone HTTP Security Enabled: false 
2021-10-24 12:58:46,331 [Listener at localhost/13898] INFO  server.AuthenticationFilter (AuthenticationFilter.java:constructSecretProvider(240)) - Unable to initialize FileSignerSecretProvider, falling back to use random secrets.
2021-10-24 12:58:46,334 [Listener at localhost/13898] WARN  http.HttpRequestLog (HttpRequestLog.java:getRequestLog(103)) - Jetty request log can only be enabled using Log4j
2021-10-24 12:58:46,335 [Listener at localhost/13898] INFO  http.HttpServer2 (HttpServer2.java:addGlobalFilter(1030)) - Added global filter 'safety' (class=org.apache.hadoop.hdds.server.http.HttpServer2$QuotingInputFilter)
2021-10-24 12:58:46,335 [Listener at localhost/13898] INFO  http.HttpServer2 (HttpServer2.java:addFilter(1006)) - Added filter static_user_filter (class=org.apache.hadoop.http.lib.StaticUserWebFilter$StaticUserFilter) to context ozoneManager
2021-10-24 12:58:46,335 [Listener at localhost/13898] INFO  http.HttpServer2 (HttpServer2.java:addFilter(1014)) - Added filter static_user_filter (class=org.apache.hadoop.http.lib.StaticUserWebFilter$StaticUserFilter) to context logs
2021-10-24 12:58:46,336 [Listener at localhost/13898] INFO  http.HttpServer2 (HttpServer2.java:addFilter(1014)) - Added filter static_user_filter (class=org.apache.hadoop.http.lib.StaticUserWebFilter$StaticUserFilter) to context static
2021-10-24 12:58:46,336 [Listener at localhost/13898] INFO  http.HttpServer2 (HttpServer2.java:bindListener(1249)) - Jetty bound to port 13900
2021-10-24 12:58:46,336 [Listener at localhost/13898] INFO  server.Server (Server.java:doStart(375)) - jetty-9.4.43.v20210629; built: 2021-06-30T11:07:22.254Z; git: 526006ecfa3af7f1a27ef3a288e2bef7ea9dd7e8; jvm 1.8.0_292-b10
2021-10-24 12:58:46,337 [Listener at localhost/13898] INFO  server.session (DefaultSessionIdManager.java:doStart(334)) - DefaultSessionIdManager workerName=node0
2021-10-24 12:58:46,337 [Listener at localhost/13898] INFO  server.session (DefaultSessionIdManager.java:doStart(339)) - No SessionScavenger set, using defaults
2021-10-24 12:58:46,337 [Listener at localhost/13898] INFO  server.session (HouseKeeper.java:startScavenging(132)) - node0 Scavenging every 600000ms
2021-10-24 12:58:46,338 [Listener at localhost/13898] INFO  handler.ContextHandler (ContextHandler.java:doStart(915)) - Started o.e.j.s.ServletContextHandler@76d1a823{logs,/logs,file:///home/runner/work/ozone/ozone/hadoop-ozone/integration-test/target/log,AVAILABLE}
2021-10-24 12:58:46,338 [Listener at localhost/13898] INFO  handler.ContextHandler (ContextHandler.java:doStart(915)) - Started o.e.j.s.ServletContextHandler@3649bdd2{static,/static,file:///home/runner/work/ozone/ozone/hadoop-ozone/integration-test/target/test-classes/webapps/static,AVAILABLE}
2021-10-24 12:58:46,341 [Listener at localhost/13898] INFO  handler.ContextHandler (ContextHandler.java:doStart(915)) - Started o.e.j.w.WebAppContext@1c2c0ef0{ozoneManager,/,file:///home/runner/work/ozone/ozone/hadoop-ozone/integration-test/target/test-classes/webapps/ozoneManager/,AVAILABLE}{file:/home/runner/work/ozone/ozone/hadoop-ozone/integration-test/target/test-classes/webapps/ozoneManager}
2021-10-24 12:58:46,343 [Listener at localhost/13898] INFO  server.AbstractConnector (AbstractConnector.java:doStart(331)) - Started ServerConnector@7f20c6cb{HTTP/1.1, (http/1.1)}{0.0.0.0:13900}
2021-10-24 12:58:46,343 [Listener at localhost/13898] INFO  server.Server (Server.java:doStart(415)) - Started @163112ms
2021-10-24 12:58:46,343 [Listener at localhost/13898] WARN  impl.MetricsSystemImpl (MetricsSystemImpl.java:register(279)) - Sink prometheus already exists!
2021-10-24 12:58:46,343 [Listener at localhost/13898] INFO  http.BaseHttpServer (BaseHttpServer.java:updateConnectorAddress(329)) - HTTP server of ozoneManager listening at http://0.0.0.0:13900
2021-10-24 12:58:46,347 [IPC Server Responder] INFO  ipc.Server (Server.java:run(1507)) - IPC Server Responder: starting
2021-10-24 12:58:46,347 [IPC Server listener on 13898] INFO  ipc.Server (Server.java:run(1344)) - IPC Server listener on 13898: starting
2021-10-24 12:58:46,353 [Listener at localhost/13898] INFO  om.OzoneManager (OzoneManager.java:startTrashEmptier(1563)) - Trash Interval set to 0. Files deleted will not move to trash
2021-10-24 12:58:46,356 [org.apache.hadoop.util.JvmPauseMonitor$Monitor@1f60b56d] INFO  util.JvmPauseMonitor (JvmPauseMonitor.java:run(188)) - Starting JVM pause monitor
]]></system-out>
  </testcase>
  <testcase name="testPrepareWithTransactions" classname="org.apache.hadoop.ozone.om.TestOzoneManagerPrepare" time="125.602">
    <error message="timeout: after 120000 millis" type="java.util.concurrent.TimeoutException">java.util.concurrent.TimeoutException: timeout: after 120000 millis
	at org.apache.ozone.test.LambdaTestUtils$GenerateTimeout.evaluate(LambdaTestUtils.java:677)
	at org.apache.ozone.test.LambdaTestUtils.await(LambdaTestUtils.java:154)
	at org.apache.ozone.test.LambdaTestUtils.await(LambdaTestUtils.java:192)
	at org.apache.hadoop.ozone.om.TestOzoneManagerPrepare.assertClusterNotPrepared(TestOzoneManagerPrepare.java:484)
	at org.apache.hadoop.ozone.om.TestOzoneManagerPrepare.assertClusterNotPrepared(TestOzoneManagerPrepare.java:478)
	at org.apache.hadoop.ozone.om.TestOzoneManagerPrepare.initOM(TestOzoneManagerPrepare.java:91)
	at sun.reflect.NativeMethodAccessorImpl.invoke0(Native Method)
	at sun.reflect.NativeMethodAccessorImpl.invoke(NativeMethodAccessorImpl.java:62)
	at sun.reflect.DelegatingMethodAccessorImpl.invoke(DelegatingMethodAccessorImpl.java:43)
	at java.lang.reflect.Method.invoke(Method.java:498)
	at org.junit.runners.model.FrameworkMethod$1.runReflectiveCall(FrameworkMethod.java:59)
	at org.junit.internal.runners.model.ReflectiveCallable.run(ReflectiveCallable.java:12)
	at org.junit.runners.model.FrameworkMethod.invokeExplosively(FrameworkMethod.java:56)
	at org.junit.internal.runners.statements.RunBefores.invokeMethod(RunBefores.java:33)
	at org.junit.internal.runners.statements.RunBefores.evaluate(RunBefores.java:24)
	at org.junit.internal.runners.statements.RunAfters.evaluate(RunAfters.java:27)
	at org.junit.rules.ExpectedException$ExpectedExceptionStatement.evaluate(ExpectedException.java:258)
	at org.junit.internal.runners.statements.FailOnTimeout$CallableStatement.call(FailOnTimeout.java:288)
	at org.junit.internal.runners.statements.FailOnTimeout$CallableStatement.call(FailOnTimeout.java:282)
	at java.util.concurrent.FutureTask.run(FutureTask.java:266)
	at java.lang.Thread.run(Thread.java:748)
</error>
    <system-out><![CDATA[2021-10-24 12:58:46,368 [Time-limited test] INFO  retry.RetryInvocationHandler (RetryInvocationHandler.java:log(411)) - com.google.protobuf.ServiceException: org.apache.hadoop.ipc.RemoteException(org.apache.hadoop.ozone.om.exceptions.OMNotLeaderException): OM:omNode-2 is not the leader. Could not determine the leader node.
	at org.apache.hadoop.ozone.om.ratis.utils.OzoneManagerRatisUtils.createNotLeaderException(OzoneManagerRatisUtils.java:465)
	at org.apache.hadoop.ozone.om.ratis.utils.OzoneManagerRatisUtils.checkLeaderStatus(OzoneManagerRatisUtils.java:451)
	at org.apache.hadoop.ozone.protocolPB.OzoneManagerProtocolServerSideTranslatorPB.checkLeaderStatus(OzoneManagerProtocolServerSideTranslatorPB.java:243)
	at org.apache.hadoop.ozone.protocolPB.OzoneManagerProtocolServerSideTranslatorPB.processRequest(OzoneManagerProtocolServerSideTranslatorPB.java:135)
	at org.apache.hadoop.hdds.server.OzoneProtocolMessageDispatcher.processRequest(OzoneProtocolMessageDispatcher.java:87)
	at org.apache.hadoop.ozone.protocolPB.OzoneManagerProtocolServerSideTranslatorPB.submitRequest(OzoneManagerProtocolServerSideTranslatorPB.java:123)
	at org.apache.hadoop.ozone.protocol.proto.OzoneManagerProtocolProtos$OzoneManagerService$2.callBlockingMethod(OzoneManagerProtocolProtos.java)
	at org.apache.hadoop.ipc.ProtobufRpcEngine$Server.processCall(ProtobufRpcEngine.java:466)
	at org.apache.hadoop.ipc.ProtobufRpcEngine2$Server$ProtoBufRpcInvoker.call(ProtobufRpcEngine2.java:574)
	at org.apache.hadoop.ipc.ProtobufRpcEngine2$Server$ProtoBufRpcInvoker.call(ProtobufRpcEngine2.java:552)
	at org.apache.hadoop.ipc.RPC$Server.call(RPC.java:1093)
	at org.apache.hadoop.ipc.Server$RpcCall.run(Server.java:1035)
	at org.apache.hadoop.ipc.Server$RpcCall.run(Server.java:963)
	at java.security.AccessController.doPrivileged(Native Method)
	at javax.security.auth.Subject.doAs(Subject.java:422)
	at org.apache.hadoop.security.UserGroupInformation.doAs(UserGroupInformation.java:1878)
	at org.apache.hadoop.ipc.Server$Handler.run(Server.java:2966)
, while invoking $Proxy52.submitRequest over nodeId=omNode-2,nodeAddress=127.0.0.1:13898. Trying to failover immediately.
2021-10-24 12:58:46,373 [Time-limited test] INFO  retry.RetryInvocationHandler (RetryInvocationHandler.java:log(411)) - com.google.protobuf.ServiceException: org.apache.hadoop.ipc.RemoteException(org.apache.hadoop.ozone.om.exceptions.OMNotLeaderException): OM:omNode-3 is not the leader. Could not determine the leader node.
	at org.apache.hadoop.ozone.om.ratis.utils.OzoneManagerRatisUtils.createNotLeaderException(OzoneManagerRatisUtils.java:465)
	at org.apache.hadoop.ozone.om.ratis.utils.OzoneManagerRatisUtils.checkLeaderStatus(OzoneManagerRatisUtils.java:451)
	at org.apache.hadoop.ozone.protocolPB.OzoneManagerProtocolServerSideTranslatorPB.checkLeaderStatus(OzoneManagerProtocolServerSideTranslatorPB.java:243)
	at org.apache.hadoop.ozone.protocolPB.OzoneManagerProtocolServerSideTranslatorPB.processRequest(OzoneManagerProtocolServerSideTranslatorPB.java:135)
	at org.apache.hadoop.hdds.server.OzoneProtocolMessageDispatcher.processRequest(OzoneProtocolMessageDispatcher.java:87)
	at org.apache.hadoop.ozone.protocolPB.OzoneManagerProtocolServerSideTranslatorPB.submitRequest(OzoneManagerProtocolServerSideTranslatorPB.java:123)
	at org.apache.hadoop.ozone.protocol.proto.OzoneManagerProtocolProtos$OzoneManagerService$2.callBlockingMethod(OzoneManagerProtocolProtos.java)
	at org.apache.hadoop.ipc.ProtobufRpcEngine$Server.processCall(ProtobufRpcEngine.java:466)
	at org.apache.hadoop.ipc.ProtobufRpcEngine2$Server$ProtoBufRpcInvoker.call(ProtobufRpcEngine2.java:574)
	at org.apache.hadoop.ipc.ProtobufRpcEngine2$Server$ProtoBufRpcInvoker.call(ProtobufRpcEngine2.java:552)
	at org.apache.hadoop.ipc.RPC$Server.call(RPC.java:1093)
	at org.apache.hadoop.ipc.Server$RpcCall.run(Server.java:1035)
	at org.apache.hadoop.ipc.Server$RpcCall.run(Server.java:963)
	at java.security.AccessController.doPrivileged(Native Method)
	at javax.security.auth.Subject.doAs(Subject.java:422)
	at org.apache.hadoop.security.UserGroupInformation.doAs(UserGroupInformation.java:1878)
	at org.apache.hadoop.ipc.Server$Handler.run(Server.java:2966)
, while invoking $Proxy52.submitRequest over nodeId=omNode-3,nodeAddress=127.0.0.1:13904 after 1 failover attempts. Trying to failover after sleeping for 2000ms.
2021-10-24 12:58:47,230 [omNode-3@group-523986131536-FollowerState] INFO  impl.FollowerState (FollowerState.java:run(134)) - omNode-3@group-523986131536-FollowerState: change to CANDIDATE, lastRpcElapsedTime:1170331109ns, electionTimeout:1170ms
2021-10-24 12:58:47,231 [omNode-3@group-523986131536-FollowerState] INFO  impl.RoleInfo (RoleInfo.java:shutdownFollowerState(108)) - omNode-3: shutdown omNode-3@group-523986131536-FollowerState
2021-10-24 12:58:47,231 [omNode-3@group-523986131536-FollowerState] INFO  server.RaftServer$Division (RaftServerImpl.java:setRole(290)) - omNode-3@group-523986131536: changes role from  FOLLOWER to CANDIDATE at term 4 for changeToCandidate
2021-10-24 12:58:47,231 [omNode-3@group-523986131536-FollowerState] INFO  server.RaftServerConfigKeys (ConfUtils.java:logGet(44)) - raft.server.leaderelection.pre-vote = false (custom)
2021-10-24 12:58:47,231 [omNode-3@group-523986131536-FollowerState] INFO  impl.RoleInfo (RoleInfo.java:updateAndGet(130)) - omNode-3: start omNode-3@group-523986131536-LeaderElection22
2021-10-24 12:58:47,236 [omNode-3@group-523986131536-LeaderElection22] INFO  impl.LeaderElection (LeaderElection.java:askForVotes(306)) - omNode-3@group-523986131536-LeaderElection22 ELECTION round 0: submit vote requests at term 5 for 23: [omNode-3|rpc:localhost:13908|admin:|client:|dataStream:|priority:0, omNode-1|rpc:localhost:13896|admin:|client:|dataStream:|priority:0, omNode-2|rpc:localhost:13902|admin:|client:|dataStream:|priority:0], old=null
2021-10-24 12:58:47,246 [omNode-1@group-523986131536-FollowerState] INFO  impl.FollowerState (FollowerState.java:run(134)) - omNode-1@group-523986131536-FollowerState: change to CANDIDATE, lastRpcElapsedTime:1055926845ns, electionTimeout:1055ms
2021-10-24 12:58:47,246 [omNode-1@group-523986131536-FollowerState] INFO  impl.RoleInfo (RoleInfo.java:shutdownFollowerState(108)) - omNode-1: shutdown omNode-1@group-523986131536-FollowerState
2021-10-24 12:58:47,246 [omNode-1@group-523986131536-FollowerState] INFO  server.RaftServer$Division (RaftServerImpl.java:setRole(290)) - omNode-1@group-523986131536: changes role from  FOLLOWER to CANDIDATE at term 4 for changeToCandidate
2021-10-24 12:58:47,247 [omNode-1@group-523986131536-FollowerState] INFO  server.RaftServerConfigKeys (ConfUtils.java:logGet(44)) - raft.server.leaderelection.pre-vote = false (custom)
2021-10-24 12:58:47,247 [omNode-1@group-523986131536-FollowerState] INFO  impl.RoleInfo (RoleInfo.java:updateAndGet(130)) - omNode-1: start omNode-1@group-523986131536-LeaderElection23
2021-10-24 12:58:47,248 [grpc-default-executor-7] INFO  server.RaftServer$Division (RaftServerImpl.java:requestVote(1046)) - omNode-1@group-523986131536: receive requestVote(ELECTION, omNode-3, group-523986131536, 5, (t:4, i:26))
2021-10-24 12:58:47,249 [grpc-default-executor-7] INFO  impl.VoteContext (VoteContext.java:log(48)) - omNode-1@group-523986131536-CANDIDATE: accept ELECTION from omNode-3: our last entry (t:2, i:20) < candidate's last entry (t:4, i:26)
2021-10-24 12:58:47,249 [grpc-default-executor-7] INFO  server.RaftServer$Division (RaftServerImpl.java:setRole(290)) - omNode-1@group-523986131536: changes role from CANDIDATE to FOLLOWER at term 5 for candidate:omNode-3
2021-10-24 12:58:47,249 [grpc-default-executor-7] INFO  impl.RoleInfo (RoleInfo.java:shutdownLeaderElection(121)) - omNode-1: shutdown omNode-1@group-523986131536-LeaderElection23
2021-10-24 12:58:47,250 [grpc-default-executor-7] INFO  impl.RoleInfo (RoleInfo.java:updateAndGet(130)) - omNode-1: start omNode-1@group-523986131536-FollowerState
2021-10-24 12:58:47,252 [grpc-default-executor-6] INFO  server.RaftServer$Division (RaftServerImpl.java:requestVote(1046)) - omNode-2@group-523986131536: receive requestVote(ELECTION, omNode-3, group-523986131536, 5, (t:4, i:26))
2021-10-24 12:58:47,252 [grpc-default-executor-6] INFO  impl.VoteContext (VoteContext.java:log(48)) - omNode-2@group-523986131536-FOLLOWER: accept ELECTION from omNode-3: our priority 0 <= candidate's priority 0
2021-10-24 12:58:47,252 [grpc-default-executor-6] INFO  server.RaftServer$Division (RaftServerImpl.java:setRole(290)) - omNode-2@group-523986131536: changes role from  FOLLOWER to FOLLOWER at term 5 for candidate:omNode-3
2021-10-24 12:58:47,252 [grpc-default-executor-6] INFO  impl.RoleInfo (RoleInfo.java:shutdownFollowerState(108)) - omNode-2: shutdown omNode-2@group-523986131536-FollowerState
2021-10-24 12:58:47,253 [grpc-default-executor-6] INFO  impl.RoleInfo (RoleInfo.java:updateAndGet(130)) - omNode-2: start omNode-2@group-523986131536-FollowerState
2021-10-24 12:58:47,253 [omNode-2@group-523986131536-FollowerState] INFO  impl.FollowerState (FollowerState.java:run(143)) - omNode-2@group-523986131536-FollowerState was interrupted: {}
java.lang.InterruptedException: sleep interrupted
	at java.lang.Thread.sleep(Native Method)
	at java.lang.Thread.sleep(Thread.java:340)
	at java.util.concurrent.TimeUnit.sleep(TimeUnit.java:386)
	at org.apache.ratis.util.TimeDuration.sleep(TimeDuration.java:324)
	at org.apache.ratis.util.TimeDuration.sleep(TimeDuration.java:309)
	at org.apache.ratis.server.impl.FollowerState.run(FollowerState.java:118)
2021-10-24 12:58:47,253 [omNode-1@group-523986131536-LeaderElection23] INFO  impl.LeaderElection (LeaderElection.java:run(230)) - omNode-1@group-523986131536-LeaderElection23: skip running since this is already CLOSING
2021-10-24 12:58:47,255 [grpc-default-executor-7] INFO  server.RaftServer$Division (RaftServerImpl.java:requestVote(1078)) - omNode-1@group-523986131536 replies to ELECTION vote request: omNode-3<-omNode-1#0:OK-t5. Peer's state: omNode-1@group-523986131536:t5, leader=null, voted=omNode-3, raftlog=omNode-1@group-523986131536-SegmentedRaftLog:OPENED:c20, conf=23: [omNode-3|rpc:localhost:13908|admin:|client:|dataStream:|priority:0, omNode-1|rpc:localhost:13896|admin:|client:|dataStream:|priority:0, omNode-2|rpc:localhost:13902|admin:|client:|dataStream:|priority:0], old=null
2021-10-24 12:58:47,256 [omNode-3@group-523986131536-LeaderElection22] INFO  impl.LeaderElection (LeaderElection.java:logAndReturn(89)) - omNode-3@group-523986131536-LeaderElection22: ELECTION PASSED received 1 response(s) and 0 exception(s):
2021-10-24 12:58:47,256 [omNode-3@group-523986131536-LeaderElection22] INFO  impl.LeaderElection (LeaderElection.java:logAndReturn(93)) -   Response 0: omNode-3<-omNode-1#0:OK-t5
2021-10-24 12:58:47,256 [omNode-3@group-523986131536-LeaderElection22] INFO  impl.LeaderElection (LeaderElection.java:askForVotes(308)) - omNode-3@group-523986131536-LeaderElection22 ELECTION round 0: result PASSED
2021-10-24 12:58:47,256 [omNode-3@group-523986131536-LeaderElection22] INFO  impl.RoleInfo (RoleInfo.java:shutdownLeaderElection(121)) - omNode-3: shutdown omNode-3@group-523986131536-LeaderElection22
2021-10-24 12:58:47,256 [omNode-3@group-523986131536-LeaderElection22] INFO  server.RaftServer$Division (RaftServerImpl.java:setRole(290)) - omNode-3@group-523986131536: changes role from CANDIDATE to LEADER at term 5 for changeToLeader
2021-10-24 12:58:47,256 [omNode-3@group-523986131536-LeaderElection22] INFO  server.RaftServer$Division (ServerState.java:setLeader(285)) - omNode-3@group-523986131536: change Leader from null to omNode-3 at term 5 for becomeLeader, leader elected after 1203ms
2021-10-24 12:58:47,256 [omNode-3@group-523986131536-LeaderElection22] INFO  server.RaftServerConfigKeys (ConfUtils.java:logGet(44)) - raft.server.staging.catchup.gap = 1000 (default)
2021-10-24 12:58:47,256 [omNode-3@group-523986131536-LeaderElection22] INFO  server.RaftServerConfigKeys (ConfUtils.java:logGet(44)) - raft.server.write.element-limit = 4096 (default)
2021-10-24 12:58:47,256 [omNode-3@group-523986131536-LeaderElection22] INFO  server.RaftServerConfigKeys (ConfUtils.java:logGet(44)) - raft.server.write.byte-limit = 64MB (=67108864) (default)
2021-10-24 12:58:47,257 [omNode-3@group-523986131536-LeaderElection22] INFO  server.RaftServerConfigKeys (ConfUtils.java:logGet(44)) - raft.server.watch.timeout = 10s (default)
2021-10-24 12:58:47,257 [omNode-3@group-523986131536-LeaderElection22] INFO  server.RaftServerConfigKeys (ConfUtils.java:logGet(44)) - raft.server.watch.timeout.denomination = 1s (default)
2021-10-24 12:58:47,257 [omNode-3@group-523986131536-LeaderElection22] INFO  server.RaftServerConfigKeys (ConfUtils.java:logGet(44)) - raft.server.watch.element-limit = 65536 (default)
2021-10-24 12:58:47,257 [omNode-3@group-523986131536-LeaderElection22] INFO  server.RaftServerConfigKeys (ConfUtils.java:logGet(44)) - raft.server.write.element-limit = 4096 (default)
2021-10-24 12:58:47,257 [omNode-3@group-523986131536-LeaderElection22] INFO  server.RaftServerConfigKeys (ConfUtils.java:logGet(44)) - raft.server.write.follower.gap.ratio.max = -1.0 (default)
2021-10-24 12:58:47,257 [grpc-default-executor-6] INFO  server.RaftServer$Division (RaftServerImpl.java:requestVote(1078)) - omNode-2@group-523986131536 replies to ELECTION vote request: omNode-3<-omNode-2#0:OK-t5. Peer's state: omNode-2@group-523986131536:t5, leader=null, voted=omNode-3, raftlog=omNode-2@group-523986131536-SegmentedRaftLog:OPENED:c26, conf=23: [omNode-3|rpc:localhost:13908|admin:|client:|dataStream:|priority:0, omNode-1|rpc:localhost:13896|admin:|client:|dataStream:|priority:0, omNode-2|rpc:localhost:13902|admin:|client:|dataStream:|priority:0], old=null
2021-10-24 12:58:47,257 [omNode-3@group-523986131536-LeaderElection22] INFO  server.RaftServerConfigKeys (ConfUtils.java:logGet(44)) - raft.server.log.appender.snapshot.chunk.size.max = 16MB (=16777216) (default)
2021-10-24 12:58:47,257 [omNode-3@group-523986131536-LeaderElection22] INFO  server.RaftServerConfigKeys (ConfUtils.java:logGet(44)) - raft.server.log.appender.buffer.byte-limit = 33554432 (custom)
2021-10-24 12:58:47,257 [omNode-3@group-523986131536-LeaderElection22] INFO  server.RaftServerConfigKeys (ConfUtils.java:logGet(44)) - raft.server.log.appender.buffer.element-limit = 1024 (custom)
2021-10-24 12:58:47,257 [omNode-3@group-523986131536-LeaderElection22] INFO  grpc.GrpcConfigKeys (ConfUtils.java:logGet(44)) - raft.grpc.server.leader.outstanding.appends.max = 128 (default)
2021-10-24 12:58:47,257 [omNode-3@group-523986131536-LeaderElection22] INFO  server.RaftServerConfigKeys (ConfUtils.java:logGet(44)) - raft.server.rpc.request.timeout = 3000ms (default)
2021-10-24 12:58:47,257 [omNode-3@group-523986131536-LeaderElection22] INFO  server.RaftServerConfigKeys (ConfUtils.java:logGet(44)) - raft.server.log.appender.install.snapshot.enabled = false (custom)
2021-10-24 12:58:47,259 [omNode-3@group-523986131536-LeaderElection22] INFO  server.RaftServerConfigKeys (ConfUtils.java:logGet(44)) - raft.server.log.appender.snapshot.chunk.size.max = 16MB (=16777216) (default)
2021-10-24 12:58:47,259 [omNode-3@group-523986131536-LeaderElection22] INFO  server.RaftServerConfigKeys (ConfUtils.java:logGet(44)) - raft.server.log.appender.buffer.byte-limit = 33554432 (custom)
2021-10-24 12:58:47,259 [omNode-3@group-523986131536-LeaderElection22] INFO  server.RaftServerConfigKeys (ConfUtils.java:logGet(44)) - raft.server.log.appender.buffer.element-limit = 1024 (custom)
2021-10-24 12:58:47,259 [omNode-3@group-523986131536-LeaderElection22] INFO  grpc.GrpcConfigKeys (ConfUtils.java:logGet(44)) - raft.grpc.server.leader.outstanding.appends.max = 128 (default)
2021-10-24 12:58:47,259 [omNode-3@group-523986131536-LeaderElection22] INFO  server.RaftServerConfigKeys (ConfUtils.java:logGet(44)) - raft.server.rpc.request.timeout = 3000ms (default)
2021-10-24 12:58:47,259 [omNode-3@group-523986131536-LeaderElection22] INFO  server.RaftServerConfigKeys (ConfUtils.java:logGet(44)) - raft.server.log.appender.install.snapshot.enabled = false (custom)
2021-10-24 12:58:47,260 [omNode-3@group-523986131536-LeaderElection22] INFO  impl.RoleInfo (RoleInfo.java:updateAndGet(130)) - omNode-3: start omNode-3@group-523986131536-LeaderStateImpl
2021-10-24 12:58:47,260 [omNode-3@group-523986131536-LeaderElection22] INFO  segmented.SegmentedRaftLogWorker (SegmentedRaftLogWorker.java:rollLogSegment(399)) - omNode-3@group-523986131536-SegmentedRaftLogWorker: Rolling segment log-23_26 to index:26
2021-10-24 12:58:47,267 [omNode-3@group-523986131536-SegmentedRaftLogWorker] INFO  segmented.SegmentedRaftLogWorker (SegmentedRaftLogWorker.java:execute(558)) - omNode-3@group-523986131536-SegmentedRaftLogWorker: Rolled log segment from /home/runner/work/ozone/ozone/hadoop-ozone/integration-test/target/test-dir/MiniOzoneClusterImpl-cd96da87-0819-4dc2-95d7-841b147881f8/omNode-3/ratis/c9bc4cf4-3bc3-3c60-a66b-523986131536/current/log_inprogress_23 to /home/runner/work/ozone/ozone/hadoop-ozone/integration-test/target/test-dir/MiniOzoneClusterImpl-cd96da87-0819-4dc2-95d7-841b147881f8/omNode-3/ratis/c9bc4cf4-3bc3-3c60-a66b-523986131536/current/log_23-26
2021-10-24 12:58:47,273 [omNode-3@group-523986131536-SegmentedRaftLogWorker] INFO  segmented.SegmentedRaftLogWorker (SegmentedRaftLogWorker.java:execute(601)) - omNode-3@group-523986131536-SegmentedRaftLogWorker: created new log segment /home/runner/work/ozone/ozone/hadoop-ozone/integration-test/target/test-dir/MiniOzoneClusterImpl-cd96da87-0819-4dc2-95d7-841b147881f8/omNode-3/ratis/c9bc4cf4-3bc3-3c60-a66b-523986131536/current/log_inprogress_27
2021-10-24 12:58:47,278 [grpc-default-executor-7] INFO  server.RaftServer$Division (ServerState.java:setLeader(285)) - omNode-2@group-523986131536: change Leader from null to omNode-3 at term 5 for appendEntries, leader elected after 969ms
2021-10-24 12:58:47,279 [grpc-default-executor-6] INFO  server.RaftServer$Division (ServerState.java:setLeader(285)) - omNode-1@group-523986131536: change Leader from null to omNode-3 at term 5 for appendEntries, leader elected after 1098ms
2021-10-24 12:58:47,279 [grpc-default-executor-6] INFO  server.RaftServer$Division (RaftServerImpl.java:checkInconsistentAppendEntries(1322)) - omNode-1@group-523986131536: Failed appendEntries as previous log entry ((t:4, i:26)) is not found
2021-10-24 12:58:47,279 [grpc-default-executor-6] INFO  server.RaftServer$Division (RaftServerImpl.java:checkInconsistentAppendEntries(1288)) - omNode-1@group-523986131536: inconsistency entries. Reply:omNode-3<-omNode-1#0:FAIL-t5,INCONSISTENCY,nextIndex=21,followerCommit=20
2021-10-24 12:58:47,280 [grpc-default-executor-1] INFO  server.RaftServer$Division (RaftServerImpl.java:checkInconsistentAppendEntries(1322)) - omNode-1@group-523986131536: Failed appendEntries as previous log entry ((t:4, i:26)) is not found
2021-10-24 12:58:47,280 [grpc-default-executor-1] INFO  server.RaftServer$Division (RaftServerImpl.java:checkInconsistentAppendEntries(1288)) - omNode-1@group-523986131536: inconsistency entries. Reply:omNode-3<-omNode-1#1:FAIL-t5,INCONSISTENCY,nextIndex=21,followerCommit=20
2021-10-24 12:58:47,280 [grpc-default-executor-6] INFO  leader.FollowerInfo (FollowerInfoImpl.java:lambda$new$0(47)) - omNode-3@group-523986131536->omNode-1: nextIndex: updateUnconditionally 28 -> 21
2021-10-24 12:58:47,284 [omNode-3@group-523986131536-LeaderElection22] INFO  server.RaftServer$Division (ServerState.java:setRaftConf(387)) - omNode-3@group-523986131536: set configuration 27: [omNode-3|rpc:localhost:13908|admin:|client:|dataStream:|priority:0, omNode-1|rpc:localhost:13896|admin:|client:|dataStream:|priority:0, omNode-2|rpc:localhost:13902|admin:|client:|dataStream:|priority:0], old=null
2021-10-24 12:58:47,285 [grpc-default-executor-1] INFO  leader.FollowerInfo (FollowerInfoImpl.java:lambda$new$0(47)) - omNode-3@group-523986131536->omNode-1: nextIndex: updateUnconditionally 21 -> 21
2021-10-24 12:58:47,280 [omNode-3@group-523986131536->omNode-1-GrpcLogAppender-LogAppenderDaemon] ERROR leader.LogAppenderDaemon (LogAppenderDaemon.java:run(86)) - omNode-3@group-523986131536->omNode-1-GrpcLogAppender-LogAppenderDaemon failed
java.lang.NullPointerException: omNode-3@group-523986131536->omNode-1: Previous TermIndex not found for firstIndex = 21
	at java.util.Objects.requireNonNull(Objects.java:290)
	at org.apache.ratis.server.leader.LogAppenderBase.assertProtos(LogAppenderBase.java:169)
	at org.apache.ratis.server.leader.LogAppenderBase.newAppendEntriesRequest(LogAppenderBase.java:154)
	at org.apache.ratis.grpc.server.GrpcLogAppender.appendLog(GrpcLogAppender.java:213)
	at org.apache.ratis.grpc.server.GrpcLogAppender.run(GrpcLogAppender.java:147)
	at org.apache.ratis.server.leader.LogAppenderDaemon.run(LogAppenderDaemon.java:77)
	at java.lang.Thread.run(Thread.java:748)
2021-10-24 12:58:47,285 [omNode-3@group-523986131536->omNode-1-GrpcLogAppender-LogAppenderDaemon] INFO  server.RaftServer$Division (LeaderStateImpl.java:restart(514)) - omNode-3@group-523986131536-LeaderStateImpl: Restarting GrpcLogAppender for omNode-3@group-523986131536->omNode-1
2021-10-24 12:58:47,285 [omNode-3@group-523986131536->omNode-1-GrpcLogAppender-LogAppenderDaemon] INFO  server.RaftServerConfigKeys (ConfUtils.java:logGet(44)) - raft.server.log.appender.snapshot.chunk.size.max = 16MB (=16777216) (default)
2021-10-24 12:58:47,285 [omNode-3@group-523986131536->omNode-1-GrpcLogAppender-LogAppenderDaemon] INFO  server.RaftServerConfigKeys (ConfUtils.java:logGet(44)) - raft.server.log.appender.buffer.byte-limit = 33554432 (custom)
2021-10-24 12:58:47,285 [omNode-3@group-523986131536->omNode-1-GrpcLogAppender-LogAppenderDaemon] INFO  server.RaftServerConfigKeys (ConfUtils.java:logGet(44)) - raft.server.log.appender.buffer.element-limit = 1024 (custom)
2021-10-24 12:58:47,285 [omNode-3@group-523986131536->omNode-1-GrpcLogAppender-LogAppenderDaemon] INFO  grpc.GrpcConfigKeys (ConfUtils.java:logGet(44)) - raft.grpc.server.leader.outstanding.appends.max = 128 (default)
2021-10-24 12:58:47,285 [omNode-3@group-523986131536->omNode-1-GrpcLogAppender-LogAppenderDaemon] INFO  server.RaftServerConfigKeys (ConfUtils.java:logGet(44)) - raft.server.rpc.request.timeout = 3000ms (default)
2021-10-24 12:58:47,285 [omNode-3@group-523986131536->omNode-1-GrpcLogAppender-LogAppenderDaemon] INFO  server.RaftServerConfigKeys (ConfUtils.java:logGet(44)) - raft.server.log.appender.install.snapshot.enabled = false (custom)
2021-10-24 12:58:47,286 [grpc-default-executor-7] INFO  server.RaftServer$Division (ServerState.java:setRaftConf(387)) - omNode-2@group-523986131536: set configuration 27: [omNode-3|rpc:localhost:13908|admin:|client:|dataStream:|priority:0, omNode-1|rpc:localhost:13896|admin:|client:|dataStream:|priority:0, omNode-2|rpc:localhost:13902|admin:|client:|dataStream:|priority:0], old=null
2021-10-24 12:58:47,286 [grpc-default-executor-7] INFO  segmented.SegmentedRaftLogWorker (SegmentedRaftLogWorker.java:rollLogSegment(399)) - omNode-2@group-523986131536-SegmentedRaftLogWorker: Rolling segment log-23_26 to index:26
2021-10-24 12:58:47,298 [omNode-3@group-523986131536->omNode-1-GrpcLogAppender-LogAppenderDaemon] INFO  server.GrpcLogAppender (GrpcLogAppender.java:installSnapshot(550)) - omNode-3@group-523986131536->omNode-1-GrpcLogAppender: followerNextIndex = 0 but logStartIndex = 21, notify follower to install snapshot-(t:3, i:21)
2021-10-24 12:58:47,298 [omNode-3@group-523986131536->omNode-1-GrpcLogAppender-LogAppenderDaemon] INFO  server.GrpcLogAppender (GrpcLogAppender.java:installSnapshot(558)) - omNode-3@group-523986131536->omNode-1-GrpcLogAppender: send omNode-3->omNode-1#0-t5,notify:(t:3, i:21)
2021-10-24 12:58:47,298 [omNode-2@group-523986131536-SegmentedRaftLogWorker] INFO  segmented.SegmentedRaftLogWorker (SegmentedRaftLogWorker.java:execute(558)) - omNode-2@group-523986131536-SegmentedRaftLogWorker: Rolled log segment from /home/runner/work/ozone/ozone/hadoop-ozone/integration-test/target/test-dir/MiniOzoneClusterImpl-cd96da87-0819-4dc2-95d7-841b147881f8/omNode-2/ratis/c9bc4cf4-3bc3-3c60-a66b-523986131536/current/log_inprogress_23 to /home/runner/work/ozone/ozone/hadoop-ozone/integration-test/target/test-dir/MiniOzoneClusterImpl-cd96da87-0819-4dc2-95d7-841b147881f8/omNode-2/ratis/c9bc4cf4-3bc3-3c60-a66b-523986131536/current/log_23-26
2021-10-24 12:58:47,300 [grpc-default-executor-1] INFO  server.RaftServer$Division (RaftServerImpl.java:installSnapshot(1332)) - omNode-1@group-523986131536: receive installSnapshot: omNode-3->omNode-1#0-t5,notify:(t:3, i:21)
2021-10-24 12:58:47,300 [grpc-default-executor-1] INFO  server.RaftServer$Division (RaftServerImpl.java:notifyStateMachineToInstallSnapshot(1551)) - omNode-1@group-523986131536: Received notification to install snapshot at index 21
2021-10-24 12:58:47,300 [grpc-default-executor-1] INFO  server.RaftServer$Division (RaftServerImpl.java:notifyStateMachineToInstallSnapshot(1559)) - omNode-1@group-523986131536: InstallSnapshot notification result: ALREADY_INSTALLED, current snapshot index: 20
2021-10-24 12:58:47,300 [grpc-default-executor-1] INFO  server.RaftServer$Division (RaftServerImpl.java:installSnapshotImpl(1462)) - omNode-1@group-523986131536: set new configuration index: 27
configurationEntry {
  peers {
    id: "omNode-3"
    address: "localhost:13908"
  }
  peers {
    id: "omNode-1"
    address: "localhost:13896"
  }
  peers {
    id: "omNode-2"
    address: "localhost:13902"
  }
}
 from snapshot
2021-10-24 12:58:47,304 [grpc-default-executor-1] INFO  server.RaftServer$Division (ServerState.java:setRaftConf(387)) - omNode-1@group-523986131536: set configuration 27: [omNode-3|rpc:localhost:13908|admin:|client:|dataStream:|priority:0, omNode-1|rpc:localhost:13896|admin:|client:|dataStream:|priority:0, omNode-2|rpc:localhost:13902|admin:|client:|dataStream:|priority:0], old=null
2021-10-24 12:58:47,305 [grpc-default-executor-1] INFO  ratis.OzoneManagerStateMachine (OzoneManagerStateMachine.java:notifyConfigurationChanged(188)) - Received Configuration change notification from Ratis. New Peer list:
[id: "omNode-3"
address: "localhost:13908"
, id: "omNode-1"
address: "localhost:13896"
, id: "omNode-2"
address: "localhost:13902"
]
2021-10-24 12:58:47,305 [grpc-default-executor-1] INFO  server.RaftServer$Division (RaftServerImpl.java:installSnapshot(1343)) - omNode-1@group-523986131536: reply installSnapshot: omNode-3<-omNode-1#0:FAIL-t5,ALREADY_INSTALLED,snapshotIndex=20
2021-10-24 12:58:47,305 [grpc-default-executor-1] INFO  server.GrpcServerProtocolService (GrpcServerProtocolService.java:onCompleted(140)) - omNode-1: Completed INSTALL_SNAPSHOT, lastRequest: omNode-3->omNode-1#0-t5,notify:(t:3, i:21)
2021-10-24 12:58:47,306 [grpc-default-executor-7] INFO  server.GrpcLogAppender (GrpcLogAppender.java:onNext(410)) - omNode-3@group-523986131536->omNode-1-InstallSnapshotResponseHandler: received the first reply omNode-3<-omNode-1#0:FAIL-t5,ALREADY_INSTALLED,snapshotIndex=20
2021-10-24 12:58:47,306 [grpc-default-executor-7] INFO  server.GrpcLogAppender (GrpcLogAppender.java:onNext(433)) - omNode-3@group-523986131536->omNode-1-InstallSnapshotResponseHandler: Follower snapshot is already at index 20.
2021-10-24 12:58:47,306 [grpc-default-executor-7] INFO  leader.FollowerInfo (FollowerInfoImpl.java:lambda$new$0(47)) - omNode-3@group-523986131536->omNode-1: snapshotIndex: setUnconditionally 0 -> 20
2021-10-24 12:58:47,306 [grpc-default-executor-7] INFO  leader.FollowerInfo (FollowerInfoImpl.java:lambda$new$0(47)) - omNode-3@group-523986131536->omNode-1: matchIndex: setUnconditionally 0 -> 20
2021-10-24 12:58:47,306 [grpc-default-executor-7] INFO  leader.FollowerInfo (FollowerInfoImpl.java:lambda$new$0(47)) - omNode-3@group-523986131536->omNode-1: nextIndex: setUnconditionally 0 -> 21
2021-10-24 12:58:47,306 [grpc-default-executor-7] INFO  leader.FollowerInfo (FollowerInfoImpl.java:setAttemptedToInstallSnapshot(116)) - Follower omNode-3@group-523986131536->omNode-1 acknowledged installing snapshot
2021-10-24 12:58:47,306 [grpc-default-executor-7] INFO  leader.FollowerInfo (FollowerInfoImpl.java:lambda$new$0(47)) - omNode-3@group-523986131536->omNode-1: nextIndex: updateToMax old=21, new=21, updated? false
2021-10-24 12:58:47,309 [omNode-2@group-523986131536-SegmentedRaftLogWorker] INFO  segmented.SegmentedRaftLogWorker (SegmentedRaftLogWorker.java:execute(601)) - omNode-2@group-523986131536-SegmentedRaftLogWorker: created new log segment /home/runner/work/ozone/ozone/hadoop-ozone/integration-test/target/test-dir/MiniOzoneClusterImpl-cd96da87-0819-4dc2-95d7-841b147881f8/omNode-2/ratis/c9bc4cf4-3bc3-3c60-a66b-523986131536/current/log_inprogress_27
2021-10-24 12:58:47,316 [omNode-3@group-523986131536-StateMachineUpdater] INFO  ratis.OzoneManagerStateMachine (OzoneManagerStateMachine.java:notifyConfigurationChanged(188)) - Received Configuration change notification from Ratis. New Peer list:
[id: "omNode-3"
address: "localhost:13908"
, id: "omNode-1"
address: "localhost:13896"
, id: "omNode-2"
address: "localhost:13902"
]
2021-10-24 12:58:47,317 [grpc-default-executor-7] INFO  server.RaftServer$Division (RaftServerImpl.java:checkInconsistentAppendEntries(1322)) - omNode-1@group-523986131536: Failed appendEntries as previous log entry ((t:5, i:27)) is not found
2021-10-24 12:58:47,317 [grpc-default-executor-7] INFO  server.RaftServer$Division (RaftServerImpl.java:checkInconsistentAppendEntries(1288)) - omNode-1@group-523986131536: inconsistency entries. Reply:omNode-3<-omNode-1#3:FAIL-t5,INCONSISTENCY,nextIndex=21,followerCommit=20
2021-10-24 12:58:47,319 [omNode-2@group-523986131536-StateMachineUpdater] INFO  ratis.OzoneManagerStateMachine (OzoneManagerStateMachine.java:notifyConfigurationChanged(188)) - Received Configuration change notification from Ratis. New Peer list:
[id: "omNode-3"
address: "localhost:13908"
, id: "omNode-1"
address: "localhost:13896"
, id: "omNode-2"
address: "localhost:13902"
]
2021-10-24 12:58:47,817 [grpc-default-executor-7] INFO  server.RaftServer$Division (RaftServerImpl.java:checkInconsistentAppendEntries(1322)) - omNode-1@group-523986131536: Failed appendEntries as previous log entry ((t:5, i:28)) is not found
2021-10-24 12:58:47,818 [grpc-default-executor-7] INFO  server.RaftServer$Division (RaftServerImpl.java:checkInconsistentAppendEntries(1288)) - omNode-1@group-523986131536: inconsistency entries. Reply:omNode-3<-omNode-1#55:FAIL-t5,INCONSISTENCY,nextIndex=21,followerCommit=20
2021-10-24 12:58:47,819 [grpc-default-executor-7] INFO  leader.FollowerInfo (FollowerInfoImpl.java:lambda$new$0(47)) - omNode-3@group-523986131536->omNode-1: nextIndex: updateUnconditionally 29 -> 21
2021-10-24 12:58:48,321 [grpc-default-executor-7] INFO  server.RaftServer$Division (RaftServerImpl.java:checkInconsistentAppendEntries(1322)) - omNode-1@group-523986131536: Failed appendEntries as previous log entry ((t:5, i:28)) is not found
2021-10-24 12:58:48,321 [grpc-default-executor-7] INFO  server.RaftServer$Division (RaftServerImpl.java:checkInconsistentAppendEntries(1288)) - omNode-1@group-523986131536: inconsistency entries. Reply:omNode-3<-omNode-1#107:FAIL-t5,INCONSISTENCY,nextIndex=21,followerCommit=20
2021-10-24 12:58:48,322 [grpc-default-executor-7] INFO  leader.FollowerInfo (FollowerInfoImpl.java:lambda$new$0(47)) - omNode-3@group-523986131536->omNode-1: nextIndex: updateUnconditionally 29 -> 21
2021-10-24 12:58:48,379 [Time-limited test] INFO  retry.RetryInvocationHandler (RetryInvocationHandler.java:log(411)) - com.google.protobuf.ServiceException: org.apache.hadoop.ipc.RemoteException(org.apache.hadoop.ozone.om.exceptions.OMNotLeaderException): OM:omNode-1 is not the leader. Could not determine the leader node.
	at org.apache.hadoop.ozone.om.ratis.utils.OzoneManagerRatisUtils.createNotLeaderException(OzoneManagerRatisUtils.java:465)
	at org.apache.hadoop.ozone.om.ratis.utils.OzoneManagerRatisUtils.checkLeaderStatus(OzoneManagerRatisUtils.java:451)
	at org.apache.hadoop.ozone.protocolPB.OzoneManagerProtocolServerSideTranslatorPB.checkLeaderStatus(OzoneManagerProtocolServerSideTranslatorPB.java:243)
	at org.apache.hadoop.ozone.protocolPB.OzoneManagerProtocolServerSideTranslatorPB.processRequest(OzoneManagerProtocolServerSideTranslatorPB.java:135)
	at org.apache.hadoop.hdds.server.OzoneProtocolMessageDispatcher.processRequest(OzoneProtocolMessageDispatcher.java:87)
	at org.apache.hadoop.ozone.protocolPB.OzoneManagerProtocolServerSideTranslatorPB.submitRequest(OzoneManagerProtocolServerSideTranslatorPB.java:123)
	at org.apache.hadoop.ozone.protocol.proto.OzoneManagerProtocolProtos$OzoneManagerService$2.callBlockingMethod(OzoneManagerProtocolProtos.java)
	at org.apache.hadoop.ipc.ProtobufRpcEngine$Server.processCall(ProtobufRpcEngine.java:466)
	at org.apache.hadoop.ipc.ProtobufRpcEngine2$Server$ProtoBufRpcInvoker.call(ProtobufRpcEngine2.java:574)
	at org.apache.hadoop.ipc.ProtobufRpcEngine2$Server$ProtoBufRpcInvoker.call(ProtobufRpcEngine2.java:552)
	at org.apache.hadoop.ipc.RPC$Server.call(RPC.java:1093)
	at org.apache.hadoop.ipc.Server$RpcCall.run(Server.java:1035)
	at org.apache.hadoop.ipc.Server$RpcCall.run(Server.java:963)
	at java.security.AccessController.doPrivileged(Native Method)
	at javax.security.auth.Subject.doAs(Subject.java:422)
	at org.apache.hadoop.security.UserGroupInformation.doAs(UserGroupInformation.java:1878)
	at org.apache.hadoop.ipc.Server$Handler.run(Server.java:2966)
, while invoking $Proxy52.submitRequest over nodeId=omNode-1,nodeAddress=127.0.0.1:13892 after 2 failover attempts. Trying to failover immediately.
2021-10-24 12:58:48,381 [Time-limited test] INFO  retry.RetryInvocationHandler (RetryInvocationHandler.java:log(411)) - com.google.protobuf.ServiceException: org.apache.hadoop.ipc.RemoteException(org.apache.hadoop.ozone.om.exceptions.OMNotLeaderException): OM:omNode-2 is not the leader. Could not determine the leader node.
	at org.apache.hadoop.ozone.om.ratis.utils.OzoneManagerRatisUtils.createNotLeaderException(OzoneManagerRatisUtils.java:465)
	at org.apache.hadoop.ozone.om.ratis.utils.OzoneManagerRatisUtils.checkLeaderStatus(OzoneManagerRatisUtils.java:451)
	at org.apache.hadoop.ozone.protocolPB.OzoneManagerProtocolServerSideTranslatorPB.checkLeaderStatus(OzoneManagerProtocolServerSideTranslatorPB.java:243)
	at org.apache.hadoop.ozone.protocolPB.OzoneManagerProtocolServerSideTranslatorPB.processRequest(OzoneManagerProtocolServerSideTranslatorPB.java:135)
	at org.apache.hadoop.hdds.server.OzoneProtocolMessageDispatcher.processRequest(OzoneProtocolMessageDispatcher.java:87)
	at org.apache.hadoop.ozone.protocolPB.OzoneManagerProtocolServerSideTranslatorPB.submitRequest(OzoneManagerProtocolServerSideTranslatorPB.java:123)
	at org.apache.hadoop.ozone.protocol.proto.OzoneManagerProtocolProtos$OzoneManagerService$2.callBlockingMethod(OzoneManagerProtocolProtos.java)
	at org.apache.hadoop.ipc.ProtobufRpcEngine$Server.processCall(ProtobufRpcEngine.java:466)
	at org.apache.hadoop.ipc.ProtobufRpcEngine2$Server$ProtoBufRpcInvoker.call(ProtobufRpcEngine2.java:574)
	at org.apache.hadoop.ipc.ProtobufRpcEngine2$Server$ProtoBufRpcInvoker.call(ProtobufRpcEngine2.java:552)
	at org.apache.hadoop.ipc.RPC$Server.call(RPC.java:1093)
	at org.apache.hadoop.ipc.Server$RpcCall.run(Server.java:1035)
	at org.apache.hadoop.ipc.Server$RpcCall.run(Server.java:963)
	at java.security.AccessController.doPrivileged(Native Method)
	at javax.security.auth.Subject.doAs(Subject.java:422)
	at org.apache.hadoop.security.UserGroupInformation.doAs(UserGroupInformation.java:1878)
	at org.apache.hadoop.ipc.Server$Handler.run(Server.java:2966)
, while invoking $Proxy52.submitRequest over nodeId=omNode-2,nodeAddress=127.0.0.1:13898 after 3 failover attempts. Trying to failover immediately.
2021-10-24 12:58:48,385 [grpc-default-executor-7] INFO  server.RaftServer$Division (RaftServerImpl.java:checkInconsistentAppendEntries(1322)) - omNode-1@group-523986131536: Failed appendEntries as previous log entry ((t:5, i:28)) is not found
2021-10-24 12:58:48,385 [grpc-default-executor-7] INFO  server.RaftServer$Division (RaftServerImpl.java:checkInconsistentAppendEntries(1288)) - omNode-1@group-523986131536: inconsistency entries. Reply:omNode-3<-omNode-1#114:FAIL-t5,INCONSISTENCY,nextIndex=21,followerCommit=20
2021-10-24 12:58:48,387 [grpc-default-executor-1] INFO  server.RaftServer$Division (RaftServerImpl.java:checkInconsistentAppendEntries(1322)) - omNode-1@group-523986131536: Failed appendEntries as previous log entry ((t:5, i:29)) is not found
2021-10-24 12:58:48,388 [grpc-default-executor-1] INFO  server.RaftServer$Division (RaftServerImpl.java:checkInconsistentAppendEntries(1288)) - omNode-1@group-523986131536: inconsistency entries. Reply:omNode-3<-omNode-1#115:FAIL-t5,INCONSISTENCY,nextIndex=21,followerCommit=20
2021-10-24 12:58:48,388 [OM StateMachine ApplyTransaction Thread - 0] INFO  upgrade.OMCancelPrepareRequest (OMCancelPrepareRequest.java:validateAndUpdateCache(55)) - OM omNode-3 Received cancel prepare request with log index 29
2021-10-24 12:58:48,389 [OM StateMachine ApplyTransaction Thread - 0] INFO  upgrade.OMCancelPrepareRequest (OMCancelPrepareRequest.java:validateAndUpdateCache(84)) - OM omNode-3 prepare state cancelled at log index 29. Returning response 
2021-10-24 12:58:48,406 [OM StateMachine ApplyTransaction Thread - 0] INFO  upgrade.OMCancelPrepareRequest (OMCancelPrepareRequest.java:validateAndUpdateCache(55)) - OM omNode-2 Received cancel prepare request with log index 29
2021-10-24 12:58:48,407 [OM StateMachine ApplyTransaction Thread - 0] INFO  upgrade.OMCancelPrepareRequest (OMCancelPrepareRequest.java:validateAndUpdateCache(84)) - OM omNode-2 prepare state cancelled at log index 29. Returning response 
2021-10-24 12:58:48,888 [grpc-default-executor-1] INFO  server.RaftServer$Division (RaftServerImpl.java:checkInconsistentAppendEntries(1322)) - omNode-1@group-523986131536: Failed appendEntries as previous log entry ((t:5, i:30)) is not found
2021-10-24 12:58:48,888 [grpc-default-executor-1] INFO  server.RaftServer$Division (RaftServerImpl.java:checkInconsistentAppendEntries(1288)) - omNode-1@group-523986131536: inconsistency entries. Reply:omNode-3<-omNode-1#166:FAIL-t5,INCONSISTENCY,nextIndex=21,followerCommit=20
2021-10-24 12:58:48,888 [grpc-default-executor-1] INFO  leader.FollowerInfo (FollowerInfoImpl.java:lambda$new$0(47)) - omNode-3@group-523986131536->omNode-1: nextIndex: updateUnconditionally 31 -> 21
2021-10-24 12:58:49,389 [grpc-default-executor-1] INFO  server.RaftServer$Division (RaftServerImpl.java:checkInconsistentAppendEntries(1322)) - omNode-1@group-523986131536: Failed appendEntries as previous log entry ((t:5, i:30)) is not found
2021-10-24 12:58:49,390 [grpc-default-executor-1] INFO  server.RaftServer$Division (RaftServerImpl.java:checkInconsistentAppendEntries(1288)) - omNode-1@group-523986131536: inconsistency entries. Reply:omNode-3<-omNode-1#218:FAIL-t5,INCONSISTENCY,nextIndex=21,followerCommit=20
2021-10-24 12:58:49,390 [grpc-default-executor-1] INFO  leader.FollowerInfo (FollowerInfoImpl.java:lambda$new$0(47)) - omNode-3@group-523986131536->omNode-1: nextIndex: updateUnconditionally 31 -> 21
2021-10-24 12:58:49,892 [grpc-default-executor-1] INFO  server.RaftServer$Division (RaftServerImpl.java:checkInconsistentAppendEntries(1322)) - omNode-1@group-523986131536: Failed appendEntries as previous log entry ((t:5, i:30)) is not found
2021-10-24 12:58:49,892 [grpc-default-executor-1] INFO  server.RaftServer$Division (RaftServerImpl.java:checkInconsistentAppendEntries(1288)) - omNode-1@group-523986131536: inconsistency entries. Reply:omNode-3<-omNode-1#269:FAIL-t5,INCONSISTENCY,nextIndex=21,followerCommit=20
2021-10-24 12:58:49,892 [grpc-default-executor-1] INFO  leader.FollowerInfo (FollowerInfoImpl.java:lambda$new$0(47)) - omNode-3@group-523986131536->omNode-1: nextIndex: updateUnconditionally 31 -> 21
2021-10-24 12:58:50,394 [grpc-default-executor-1] INFO  server.RaftServer$Division (RaftServerImpl.java:checkInconsistentAppendEntries(1322)) - omNode-1@group-523986131536: Failed appendEntries as previous log entry ((t:5, i:30)) is not found
2021-10-24 12:58:50,395 [grpc-default-executor-1] INFO  server.RaftServer$Division (RaftServerImpl.java:checkInconsistentAppendEntries(1288)) - omNode-1@group-523986131536: inconsistency entries. Reply:omNode-3<-omNode-1#320:FAIL-t5,INCONSISTENCY,nextIndex=21,followerCommit=20
2021-10-24 12:58:50,395 [grpc-default-executor-1] INFO  leader.FollowerInfo (FollowerInfoImpl.java:lambda$new$0(47)) - omNode-3@group-523986131536->omNode-1: nextIndex: updateUnconditionally 31 -> 21
2021-10-24 12:58:50,897 [grpc-default-executor-1] INFO  server.RaftServer$Division (RaftServerImpl.java:checkInconsistentAppendEntries(1322)) - omNode-1@group-523986131536: Failed appendEntries as previous log entry ((t:5, i:30)) is not found
2021-10-24 12:58:50,897 [grpc-default-executor-1] INFO  server.RaftServer$Division (RaftServerImpl.java:checkInconsistentAppendEntries(1288)) - omNode-1@group-523986131536: inconsistency entries. Reply:omNode-3<-omNode-1#371:FAIL-t5,INCONSISTENCY,nextIndex=21,followerCommit=20
2021-10-24 12:58:50,897 [grpc-default-executor-1] INFO  leader.FollowerInfo (FollowerInfoImpl.java:lambda$new$0(47)) - omNode-3@group-523986131536->omNode-1: nextIndex: updateUnconditionally 31 -> 21
2021-10-24 12:58:51,398 [grpc-default-executor-1] INFO  server.RaftServer$Division (RaftServerImpl.java:checkInconsistentAppendEntries(1322)) - omNode-1@group-523986131536: Failed appendEntries as previous log entry ((t:5, i:30)) is not found
2021-10-24 12:58:51,399 [grpc-default-executor-1] INFO  server.RaftServer$Division (RaftServerImpl.java:checkInconsistentAppendEntries(1288)) - omNode-1@group-523986131536: inconsistency entries. Reply:omNode-3<-omNode-1#422:FAIL-t5,INCONSISTENCY,nextIndex=21,followerCommit=20
2021-10-24 12:58:51,399 [grpc-default-executor-1] INFO  leader.FollowerInfo (FollowerInfoImpl.java:lambda$new$0(47)) - omNode-3@group-523986131536->omNode-1: nextIndex: updateUnconditionally 31 -> 21
2021-10-24 12:58:51,901 [grpc-default-executor-1] INFO  server.RaftServer$Division (RaftServerImpl.java:checkInconsistentAppendEntries(1322)) - omNode-1@group-523986131536: Failed appendEntries as previous log entry ((t:5, i:30)) is not found
2021-10-24 12:58:51,901 [grpc-default-executor-1] INFO  server.RaftServer$Division (RaftServerImpl.java:checkInconsistentAppendEntries(1288)) - omNode-1@group-523986131536: inconsistency entries. Reply:omNode-3<-omNode-1#473:FAIL-t5,INCONSISTENCY,nextIndex=21,followerCommit=20
2021-10-24 12:58:51,901 [grpc-default-executor-1] INFO  leader.FollowerInfo (FollowerInfoImpl.java:lambda$new$0(47)) - omNode-3@group-523986131536->omNode-1: nextIndex: updateUnconditionally 31 -> 21
2021-10-24 12:58:52,403 [grpc-default-executor-1] INFO  server.RaftServer$Division (RaftServerImpl.java:checkInconsistentAppendEntries(1322)) - omNode-1@group-523986131536: Failed appendEntries as previous log entry ((t:5, i:30)) is not found
2021-10-24 12:58:52,403 [grpc-default-executor-1] INFO  server.RaftServer$Division (RaftServerImpl.java:checkInconsistentAppendEntries(1288)) - omNode-1@group-523986131536: inconsistency entries. Reply:omNode-3<-omNode-1#524:FAIL-t5,INCONSISTENCY,nextIndex=21,followerCommit=20
2021-10-24 12:58:52,403 [grpc-default-executor-1] INFO  leader.FollowerInfo (FollowerInfoImpl.java:lambda$new$0(47)) - omNode-3@group-523986131536->omNode-1: nextIndex: updateUnconditionally 31 -> 21
2021-10-24 12:58:52,905 [grpc-default-executor-1] INFO  server.RaftServer$Division (RaftServerImpl.java:checkInconsistentAppendEntries(1322)) - omNode-1@group-523986131536: Failed appendEntries as previous log entry ((t:5, i:30)) is not found
2021-10-24 12:58:52,905 [grpc-default-executor-1] INFO  server.RaftServer$Division (RaftServerImpl.java:checkInconsistentAppendEntries(1288)) - omNode-1@group-523986131536: inconsistency entries. Reply:omNode-3<-omNode-1#575:FAIL-t5,INCONSISTENCY,nextIndex=21,followerCommit=20
2021-10-24 12:58:52,905 [grpc-default-executor-1] INFO  leader.FollowerInfo (FollowerInfoImpl.java:lambda$new$0(47)) - omNode-3@group-523986131536->omNode-1: nextIndex: updateUnconditionally 31 -> 21
2021-10-24 12:58:53,407 [grpc-default-executor-1] INFO  server.RaftServer$Division (RaftServerImpl.java:checkInconsistentAppendEntries(1322)) - omNode-1@group-523986131536: Failed appendEntries as previous log entry ((t:5, i:30)) is not found
2021-10-24 12:58:53,407 [grpc-default-executor-1] INFO  server.RaftServer$Division (RaftServerImpl.java:checkInconsistentAppendEntries(1288)) - omNode-1@group-523986131536: inconsistency entries. Reply:omNode-3<-omNode-1#626:FAIL-t5,INCONSISTENCY,nextIndex=21,followerCommit=20
2021-10-24 12:58:53,408 [grpc-default-executor-1] INFO  leader.FollowerInfo (FollowerInfoImpl.java:lambda$new$0(47)) - omNode-3@group-523986131536->omNode-1: nextIndex: updateUnconditionally 31 -> 21
2021-10-24 12:58:53,910 [grpc-default-executor-1] INFO  server.RaftServer$Division (RaftServerImpl.java:checkInconsistentAppendEntries(1322)) - omNode-1@group-523986131536: Failed appendEntries as previous log entry ((t:5, i:30)) is not found
2021-10-24 12:58:53,910 [grpc-default-executor-1] INFO  server.RaftServer$Division (RaftServerImpl.java:checkInconsistentAppendEntries(1288)) - omNode-1@group-523986131536: inconsistency entries. Reply:omNode-3<-omNode-1#677:FAIL-t5,INCONSISTENCY,nextIndex=21,followerCommit=20
2021-10-24 12:58:53,910 [grpc-default-executor-1] INFO  leader.FollowerInfo (FollowerInfoImpl.java:lambda$new$0(47)) - omNode-3@group-523986131536->omNode-1: nextIndex: updateUnconditionally 31 -> 21
2021-10-24 12:58:54,412 [grpc-default-executor-1] INFO  server.RaftServer$Division (RaftServerImpl.java:checkInconsistentAppendEntries(1322)) - omNode-1@group-523986131536: Failed appendEntries as previous log entry ((t:5, i:30)) is not found
2021-10-24 12:58:54,412 [grpc-default-executor-1] INFO  server.RaftServer$Division (RaftServerImpl.java:checkInconsistentAppendEntries(1288)) - omNode-1@group-523986131536: inconsistency entries. Reply:omNode-3<-omNode-1#728:FAIL-t5,INCONSISTENCY,nextIndex=21,followerCommit=20
2021-10-24 12:58:54,413 [grpc-default-executor-1] INFO  leader.FollowerInfo (FollowerInfoImpl.java:lambda$new$0(47)) - omNode-3@group-523986131536->omNode-1: nextIndex: updateUnconditionally 31 -> 21
2021-10-24 12:58:54,914 [grpc-default-executor-1] INFO  server.RaftServer$Division (RaftServerImpl.java:checkInconsistentAppendEntries(1322)) - omNode-1@group-523986131536: Failed appendEntries as previous log entry ((t:5, i:30)) is not found
2021-10-24 12:58:54,915 [grpc-default-executor-1] INFO  server.RaftServer$Division (RaftServerImpl.java:checkInconsistentAppendEntries(1288)) - omNode-1@group-523986131536: inconsistency entries. Reply:omNode-3<-omNode-1#779:FAIL-t5,INCONSISTENCY,nextIndex=21,followerCommit=20
2021-10-24 12:58:54,915 [grpc-default-executor-1] INFO  leader.FollowerInfo (FollowerInfoImpl.java:lambda$new$0(47)) - omNode-3@group-523986131536->omNode-1: nextIndex: updateUnconditionally 31 -> 21
2021-10-24 12:58:55,416 [grpc-default-executor-1] INFO  server.RaftServer$Division (RaftServerImpl.java:checkInconsistentAppendEntries(1322)) - omNode-1@group-523986131536: Failed appendEntries as previous log entry ((t:5, i:30)) is not found
2021-10-24 12:58:55,417 [grpc-default-executor-1] INFO  server.RaftServer$Division (RaftServerImpl.java:checkInconsistentAppendEntries(1288)) - omNode-1@group-523986131536: inconsistency entries. Reply:omNode-3<-omNode-1#830:FAIL-t5,INCONSISTENCY,nextIndex=21,followerCommit=20
2021-10-24 12:58:55,417 [grpc-default-executor-1] INFO  leader.FollowerInfo (FollowerInfoImpl.java:lambda$new$0(47)) - omNode-3@group-523986131536->omNode-1: nextIndex: updateUnconditionally 31 -> 21
2021-10-24 12:58:55,918 [grpc-default-executor-1] INFO  server.RaftServer$Division (RaftServerImpl.java:checkInconsistentAppendEntries(1322)) - omNode-1@group-523986131536: Failed appendEntries as previous log entry ((t:5, i:30)) is not found
2021-10-24 12:58:55,919 [grpc-default-executor-1] INFO  server.RaftServer$Division (RaftServerImpl.java:checkInconsistentAppendEntries(1288)) - omNode-1@group-523986131536: inconsistency entries. Reply:omNode-3<-omNode-1#881:FAIL-t5,INCONSISTENCY,nextIndex=21,followerCommit=20
2021-10-24 12:58:55,919 [grpc-default-executor-1] INFO  leader.FollowerInfo (FollowerInfoImpl.java:lambda$new$0(47)) - omNode-3@group-523986131536->omNode-1: nextIndex: updateUnconditionally 31 -> 21
2021-10-24 12:58:56,421 [grpc-default-executor-7] INFO  server.RaftServer$Division (RaftServerImpl.java:checkInconsistentAppendEntries(1322)) - omNode-1@group-523986131536: Failed appendEntries as previous log entry ((t:5, i:30)) is not found
2021-10-24 12:58:56,421 [grpc-default-executor-7] INFO  server.RaftServer$Division (RaftServerImpl.java:checkInconsistentAppendEntries(1288)) - omNode-1@group-523986131536: inconsistency entries. Reply:omNode-3<-omNode-1#932:FAIL-t5,INCONSISTENCY,nextIndex=21,followerCommit=20
2021-10-24 12:58:56,422 [grpc-default-executor-7] INFO  leader.FollowerInfo (FollowerInfoImpl.java:lambda$new$0(47)) - omNode-3@group-523986131536->omNode-1: nextIndex: updateUnconditionally 31 -> 21
2021-10-24 12:58:56,923 [grpc-default-executor-1] INFO  server.RaftServer$Division (RaftServerImpl.java:checkInconsistentAppendEntries(1322)) - omNode-1@group-523986131536: Failed appendEntries as previous log entry ((t:5, i:30)) is not found
2021-10-24 12:58:56,923 [grpc-default-executor-1] INFO  server.RaftServer$Division (RaftServerImpl.java:checkInconsistentAppendEntries(1288)) - omNode-1@group-523986131536: inconsistency entries. Reply:omNode-3<-omNode-1#983:FAIL-t5,INCONSISTENCY,nextIndex=21,followerCommit=20
2021-10-24 12:58:56,924 [grpc-default-executor-7] INFO  leader.FollowerInfo (FollowerInfoImpl.java:lambda$new$0(47)) - omNode-3@group-523986131536->omNode-1: nextIndex: updateUnconditionally 31 -> 21
2021-10-24 12:58:57,425 [grpc-default-executor-7] INFO  server.RaftServer$Division (RaftServerImpl.java:checkInconsistentAppendEntries(1322)) - omNode-1@group-523986131536: Failed appendEntries as previous log entry ((t:5, i:30)) is not found
2021-10-24 12:58:57,426 [grpc-default-executor-7] INFO  server.RaftServer$Division (RaftServerImpl.java:checkInconsistentAppendEntries(1288)) - omNode-1@group-523986131536: inconsistency entries. Reply:omNode-3<-omNode-1#1034:FAIL-t5,INCONSISTENCY,nextIndex=21,followerCommit=20
2021-10-24 12:58:57,426 [grpc-default-executor-7] INFO  leader.FollowerInfo (FollowerInfoImpl.java:lambda$new$0(47)) - omNode-3@group-523986131536->omNode-1: nextIndex: updateUnconditionally 31 -> 21
2021-10-24 12:58:57,928 [grpc-default-executor-7] INFO  server.RaftServer$Division (RaftServerImpl.java:checkInconsistentAppendEntries(1322)) - omNode-1@group-523986131536: Failed appendEntries as previous log entry ((t:5, i:30)) is not found
2021-10-24 12:58:57,928 [grpc-default-executor-7] INFO  server.RaftServer$Division (RaftServerImpl.java:checkInconsistentAppendEntries(1288)) - omNode-1@group-523986131536: inconsistency entries. Reply:omNode-3<-omNode-1#1085:FAIL-t5,INCONSISTENCY,nextIndex=21,followerCommit=20
2021-10-24 12:58:57,928 [grpc-default-executor-7] INFO  leader.FollowerInfo (FollowerInfoImpl.java:lambda$new$0(47)) - omNode-3@group-523986131536->omNode-1: nextIndex: updateUnconditionally 31 -> 21
2021-10-24 12:58:58,430 [grpc-default-executor-7] INFO  server.RaftServer$Division (RaftServerImpl.java:checkInconsistentAppendEntries(1322)) - omNode-1@group-523986131536: Failed appendEntries as previous log entry ((t:5, i:30)) is not found
2021-10-24 12:58:58,430 [grpc-default-executor-7] INFO  server.RaftServer$Division (RaftServerImpl.java:checkInconsistentAppendEntries(1288)) - omNode-1@group-523986131536: inconsistency entries. Reply:omNode-3<-omNode-1#1136:FAIL-t5,INCONSISTENCY,nextIndex=21,followerCommit=20
2021-10-24 12:58:58,430 [grpc-default-executor-7] INFO  leader.FollowerInfo (FollowerInfoImpl.java:lambda$new$0(47)) - omNode-3@group-523986131536->omNode-1: nextIndex: updateUnconditionally 31 -> 21
2021-10-24 12:58:58,931 [grpc-default-executor-1] INFO  server.RaftServer$Division (RaftServerImpl.java:checkInconsistentAppendEntries(1322)) - omNode-1@group-523986131536: Failed appendEntries as previous log entry ((t:5, i:30)) is not found
2021-10-24 12:58:58,931 [grpc-default-executor-1] INFO  server.RaftServer$Division (RaftServerImpl.java:checkInconsistentAppendEntries(1288)) - omNode-1@group-523986131536: inconsistency entries. Reply:omNode-3<-omNode-1#1187:FAIL-t5,INCONSISTENCY,nextIndex=21,followerCommit=20
2021-10-24 12:58:58,932 [grpc-default-executor-1] INFO  leader.FollowerInfo (FollowerInfoImpl.java:lambda$new$0(47)) - omNode-3@group-523986131536->omNode-1: nextIndex: updateUnconditionally 31 -> 21
2021-10-24 12:58:59,432 [grpc-default-executor-1] INFO  server.RaftServer$Division (RaftServerImpl.java:checkInconsistentAppendEntries(1322)) - omNode-1@group-523986131536: Failed appendEntries as previous log entry ((t:5, i:30)) is not found
2021-10-24 12:58:59,433 [grpc-default-executor-1] INFO  server.RaftServer$Division (RaftServerImpl.java:checkInconsistentAppendEntries(1288)) - omNode-1@group-523986131536: inconsistency entries. Reply:omNode-3<-omNode-1#1238:FAIL-t5,INCONSISTENCY,nextIndex=21,followerCommit=20
2021-10-24 12:58:59,433 [grpc-default-executor-7] INFO  leader.FollowerInfo (FollowerInfoImpl.java:lambda$new$0(47)) - omNode-3@group-523986131536->omNode-1: nextIndex: updateUnconditionally 31 -> 21
2021-10-24 12:58:59,934 [grpc-default-executor-7] INFO  server.RaftServer$Division (RaftServerImpl.java:checkInconsistentAppendEntries(1322)) - omNode-1@group-523986131536: Failed appendEntries as previous log entry ((t:5, i:30)) is not found
2021-10-24 12:58:59,935 [grpc-default-executor-7] INFO  server.RaftServer$Division (RaftServerImpl.java:checkInconsistentAppendEntries(1288)) - omNode-1@group-523986131536: inconsistency entries. Reply:omNode-3<-omNode-1#1289:FAIL-t5,INCONSISTENCY,nextIndex=21,followerCommit=20
2021-10-24 12:58:59,935 [grpc-default-executor-7] INFO  leader.FollowerInfo (FollowerInfoImpl.java:lambda$new$0(47)) - omNode-3@group-523986131536->omNode-1: nextIndex: updateUnconditionally 31 -> 21
2021-10-24 12:59:00,437 [grpc-default-executor-7] INFO  server.RaftServer$Division (RaftServerImpl.java:checkInconsistentAppendEntries(1322)) - omNode-1@group-523986131536: Failed appendEntries as previous log entry ((t:5, i:30)) is not found
2021-10-24 12:59:00,437 [grpc-default-executor-7] INFO  server.RaftServer$Division (RaftServerImpl.java:checkInconsistentAppendEntries(1288)) - omNode-1@group-523986131536: inconsistency entries. Reply:omNode-3<-omNode-1#1340:FAIL-t5,INCONSISTENCY,nextIndex=21,followerCommit=20
2021-10-24 12:59:00,437 [grpc-default-executor-7] INFO  leader.FollowerInfo (FollowerInfoImpl.java:lambda$new$0(47)) - omNode-3@group-523986131536->omNode-1: nextIndex: updateUnconditionally 31 -> 21
2021-10-24 12:59:00,939 [grpc-default-executor-1] INFO  server.RaftServer$Division (RaftServerImpl.java:checkInconsistentAppendEntries(1322)) - omNode-1@group-523986131536: Failed appendEntries as previous log entry ((t:5, i:30)) is not found
2021-10-24 12:59:00,939 [grpc-default-executor-1] INFO  server.RaftServer$Division (RaftServerImpl.java:checkInconsistentAppendEntries(1288)) - omNode-1@group-523986131536: inconsistency entries. Reply:omNode-3<-omNode-1#1391:FAIL-t5,INCONSISTENCY,nextIndex=21,followerCommit=20
2021-10-24 12:59:00,940 [grpc-default-executor-1] INFO  leader.FollowerInfo (FollowerInfoImpl.java:lambda$new$0(47)) - omNode-3@group-523986131536->omNode-1: nextIndex: updateUnconditionally 31 -> 21
2021-10-24 12:59:01,441 [grpc-default-executor-7] INFO  server.RaftServer$Division (RaftServerImpl.java:checkInconsistentAppendEntries(1322)) - omNode-1@group-523986131536: Failed appendEntries as previous log entry ((t:5, i:30)) is not found
2021-10-24 12:59:01,442 [grpc-default-executor-7] INFO  server.RaftServer$Division (RaftServerImpl.java:checkInconsistentAppendEntries(1288)) - omNode-1@group-523986131536: inconsistency entries. Reply:omNode-3<-omNode-1#1442:FAIL-t5,INCONSISTENCY,nextIndex=21,followerCommit=20
2021-10-24 12:59:01,442 [grpc-default-executor-1] INFO  leader.FollowerInfo (FollowerInfoImpl.java:lambda$new$0(47)) - omNode-3@group-523986131536->omNode-1: nextIndex: updateUnconditionally 31 -> 21
2021-10-24 12:59:01,944 [grpc-default-executor-1] INFO  server.RaftServer$Division (RaftServerImpl.java:checkInconsistentAppendEntries(1322)) - omNode-1@group-523986131536: Failed appendEntries as previous log entry ((t:5, i:30)) is not found
2021-10-24 12:59:01,944 [grpc-default-executor-1] INFO  server.RaftServer$Division (RaftServerImpl.java:checkInconsistentAppendEntries(1288)) - omNode-1@group-523986131536: inconsistency entries. Reply:omNode-3<-omNode-1#1493:FAIL-t5,INCONSISTENCY,nextIndex=21,followerCommit=20
2021-10-24 12:59:01,944 [grpc-default-executor-1] INFO  leader.FollowerInfo (FollowerInfoImpl.java:lambda$new$0(47)) - omNode-3@group-523986131536->omNode-1: nextIndex: updateUnconditionally 31 -> 21
2021-10-24 12:59:02,446 [grpc-default-executor-7] INFO  server.RaftServer$Division (RaftServerImpl.java:checkInconsistentAppendEntries(1322)) - omNode-1@group-523986131536: Failed appendEntries as previous log entry ((t:5, i:30)) is not found
2021-10-24 12:59:02,446 [grpc-default-executor-7] INFO  server.RaftServer$Division (RaftServerImpl.java:checkInconsistentAppendEntries(1288)) - omNode-1@group-523986131536: inconsistency entries. Reply:omNode-3<-omNode-1#1544:FAIL-t5,INCONSISTENCY,nextIndex=21,followerCommit=20
2021-10-24 12:59:02,446 [grpc-default-executor-7] INFO  leader.FollowerInfo (FollowerInfoImpl.java:lambda$new$0(47)) - omNode-3@group-523986131536->omNode-1: nextIndex: updateUnconditionally 31 -> 21
2021-10-24 12:59:02,947 [grpc-default-executor-7] INFO  server.RaftServer$Division (RaftServerImpl.java:checkInconsistentAppendEntries(1322)) - omNode-1@group-523986131536: Failed appendEntries as previous log entry ((t:5, i:30)) is not found
2021-10-24 12:59:02,948 [grpc-default-executor-7] INFO  server.RaftServer$Division (RaftServerImpl.java:checkInconsistentAppendEntries(1288)) - omNode-1@group-523986131536: inconsistency entries. Reply:omNode-3<-omNode-1#1595:FAIL-t5,INCONSISTENCY,nextIndex=21,followerCommit=20
2021-10-24 12:59:02,948 [grpc-default-executor-1] INFO  leader.FollowerInfo (FollowerInfoImpl.java:lambda$new$0(47)) - omNode-3@group-523986131536->omNode-1: nextIndex: updateUnconditionally 31 -> 21
2021-10-24 12:59:03,449 [grpc-default-executor-1] INFO  server.RaftServer$Division (RaftServerImpl.java:checkInconsistentAppendEntries(1322)) - omNode-1@group-523986131536: Failed appendEntries as previous log entry ((t:5, i:30)) is not found
2021-10-24 12:59:03,449 [grpc-default-executor-1] INFO  server.RaftServer$Division (RaftServerImpl.java:checkInconsistentAppendEntries(1288)) - omNode-1@group-523986131536: inconsistency entries. Reply:omNode-3<-omNode-1#1646:FAIL-t5,INCONSISTENCY,nextIndex=21,followerCommit=20
2021-10-24 12:59:03,450 [grpc-default-executor-1] INFO  leader.FollowerInfo (FollowerInfoImpl.java:lambda$new$0(47)) - omNode-3@group-523986131536->omNode-1: nextIndex: updateUnconditionally 31 -> 21
2021-10-24 12:59:03,951 [grpc-default-executor-1] INFO  server.RaftServer$Division (RaftServerImpl.java:checkInconsistentAppendEntries(1322)) - omNode-1@group-523986131536: Failed appendEntries as previous log entry ((t:5, i:30)) is not found
2021-10-24 12:59:03,951 [grpc-default-executor-1] INFO  server.RaftServer$Division (RaftServerImpl.java:checkInconsistentAppendEntries(1288)) - omNode-1@group-523986131536: inconsistency entries. Reply:omNode-3<-omNode-1#1697:FAIL-t5,INCONSISTENCY,nextIndex=21,followerCommit=20
2021-10-24 12:59:03,952 [grpc-default-executor-7] INFO  leader.FollowerInfo (FollowerInfoImpl.java:lambda$new$0(47)) - omNode-3@group-523986131536->omNode-1: nextIndex: updateUnconditionally 31 -> 21
2021-10-24 12:59:04,453 [grpc-default-executor-7] INFO  server.RaftServer$Division (RaftServerImpl.java:checkInconsistentAppendEntries(1322)) - omNode-1@group-523986131536: Failed appendEntries as previous log entry ((t:5, i:30)) is not found
2021-10-24 12:59:04,454 [grpc-default-executor-7] INFO  server.RaftServer$Division (RaftServerImpl.java:checkInconsistentAppendEntries(1288)) - omNode-1@group-523986131536: inconsistency entries. Reply:omNode-3<-omNode-1#1748:FAIL-t5,INCONSISTENCY,nextIndex=21,followerCommit=20
2021-10-24 12:59:04,454 [grpc-default-executor-1] INFO  leader.FollowerInfo (FollowerInfoImpl.java:lambda$new$0(47)) - omNode-3@group-523986131536->omNode-1: nextIndex: updateUnconditionally 31 -> 21
2021-10-24 12:59:04,955 [grpc-default-executor-1] INFO  server.RaftServer$Division (RaftServerImpl.java:checkInconsistentAppendEntries(1322)) - omNode-1@group-523986131536: Failed appendEntries as previous log entry ((t:5, i:30)) is not found
2021-10-24 12:59:04,955 [grpc-default-executor-1] INFO  server.RaftServer$Division (RaftServerImpl.java:checkInconsistentAppendEntries(1288)) - omNode-1@group-523986131536: inconsistency entries. Reply:omNode-3<-omNode-1#1799:FAIL-t5,INCONSISTENCY,nextIndex=21,followerCommit=20
2021-10-24 12:59:04,956 [grpc-default-executor-7] INFO  leader.FollowerInfo (FollowerInfoImpl.java:lambda$new$0(47)) - omNode-3@group-523986131536->omNode-1: nextIndex: updateUnconditionally 31 -> 21
2021-10-24 12:59:05,458 [grpc-default-executor-1] INFO  server.RaftServer$Division (RaftServerImpl.java:checkInconsistentAppendEntries(1322)) - omNode-1@group-523986131536: Failed appendEntries as previous log entry ((t:5, i:30)) is not found
2021-10-24 12:59:05,458 [grpc-default-executor-1] INFO  server.RaftServer$Division (RaftServerImpl.java:checkInconsistentAppendEntries(1288)) - omNode-1@group-523986131536: inconsistency entries. Reply:omNode-3<-omNode-1#1850:FAIL-t5,INCONSISTENCY,nextIndex=21,followerCommit=20
2021-10-24 12:59:05,459 [grpc-default-executor-1] INFO  leader.FollowerInfo (FollowerInfoImpl.java:lambda$new$0(47)) - omNode-3@group-523986131536->omNode-1: nextIndex: updateUnconditionally 31 -> 21
2021-10-24 12:59:05,959 [grpc-default-executor-7] INFO  server.RaftServer$Division (RaftServerImpl.java:checkInconsistentAppendEntries(1322)) - omNode-1@group-523986131536: Failed appendEntries as previous log entry ((t:5, i:30)) is not found
2021-10-24 12:59:05,960 [grpc-default-executor-7] INFO  server.RaftServer$Division (RaftServerImpl.java:checkInconsistentAppendEntries(1288)) - omNode-1@group-523986131536: inconsistency entries. Reply:omNode-3<-omNode-1#1901:FAIL-t5,INCONSISTENCY,nextIndex=21,followerCommit=20
2021-10-24 12:59:05,960 [grpc-default-executor-1] INFO  leader.FollowerInfo (FollowerInfoImpl.java:lambda$new$0(47)) - omNode-3@group-523986131536->omNode-1: nextIndex: updateUnconditionally 31 -> 21
2021-10-24 12:59:06,461 [grpc-default-executor-1] INFO  server.RaftServer$Division (RaftServerImpl.java:checkInconsistentAppendEntries(1322)) - omNode-1@group-523986131536: Failed appendEntries as previous log entry ((t:5, i:30)) is not found
2021-10-24 12:59:06,462 [grpc-default-executor-1] INFO  server.RaftServer$Division (RaftServerImpl.java:checkInconsistentAppendEntries(1288)) - omNode-1@group-523986131536: inconsistency entries. Reply:omNode-3<-omNode-1#1952:FAIL-t5,INCONSISTENCY,nextIndex=21,followerCommit=20
2021-10-24 12:59:06,462 [grpc-default-executor-1] INFO  leader.FollowerInfo (FollowerInfoImpl.java:lambda$new$0(47)) - omNode-3@group-523986131536->omNode-1: nextIndex: updateUnconditionally 31 -> 21
2021-10-24 12:59:06,964 [grpc-default-executor-1] INFO  server.RaftServer$Division (RaftServerImpl.java:checkInconsistentAppendEntries(1322)) - omNode-1@group-523986131536: Failed appendEntries as previous log entry ((t:5, i:30)) is not found
2021-10-24 12:59:06,964 [grpc-default-executor-1] INFO  server.RaftServer$Division (RaftServerImpl.java:checkInconsistentAppendEntries(1288)) - omNode-1@group-523986131536: inconsistency entries. Reply:omNode-3<-omNode-1#2003:FAIL-t5,INCONSISTENCY,nextIndex=21,followerCommit=20
2021-10-24 12:59:06,964 [grpc-default-executor-1] INFO  leader.FollowerInfo (FollowerInfoImpl.java:lambda$new$0(47)) - omNode-3@group-523986131536->omNode-1: nextIndex: updateUnconditionally 31 -> 21
2021-10-24 12:59:07,467 [grpc-default-executor-7] INFO  server.RaftServer$Division (RaftServerImpl.java:checkInconsistentAppendEntries(1322)) - omNode-1@group-523986131536: Failed appendEntries as previous log entry ((t:5, i:30)) is not found
2021-10-24 12:59:07,467 [grpc-default-executor-7] INFO  server.RaftServer$Division (RaftServerImpl.java:checkInconsistentAppendEntries(1288)) - omNode-1@group-523986131536: inconsistency entries. Reply:omNode-3<-omNode-1#2054:FAIL-t5,INCONSISTENCY,nextIndex=21,followerCommit=20
2021-10-24 12:59:07,468 [grpc-default-executor-7] INFO  leader.FollowerInfo (FollowerInfoImpl.java:lambda$new$0(47)) - omNode-3@group-523986131536->omNode-1: nextIndex: updateUnconditionally 31 -> 21
2021-10-24 12:59:07,969 [grpc-default-executor-7] INFO  server.RaftServer$Division (RaftServerImpl.java:checkInconsistentAppendEntries(1322)) - omNode-1@group-523986131536: Failed appendEntries as previous log entry ((t:5, i:30)) is not found
2021-10-24 12:59:07,969 [grpc-default-executor-7] INFO  server.RaftServer$Division (RaftServerImpl.java:checkInconsistentAppendEntries(1288)) - omNode-1@group-523986131536: inconsistency entries. Reply:omNode-3<-omNode-1#2105:FAIL-t5,INCONSISTENCY,nextIndex=21,followerCommit=20
2021-10-24 12:59:07,970 [grpc-default-executor-1] INFO  leader.FollowerInfo (FollowerInfoImpl.java:lambda$new$0(47)) - omNode-3@group-523986131536->omNode-1: nextIndex: updateUnconditionally 31 -> 21
2021-10-24 12:59:08,471 [grpc-default-executor-7] INFO  server.RaftServer$Division (RaftServerImpl.java:checkInconsistentAppendEntries(1322)) - omNode-1@group-523986131536: Failed appendEntries as previous log entry ((t:5, i:30)) is not found
2021-10-24 12:59:08,471 [grpc-default-executor-7] INFO  server.RaftServer$Division (RaftServerImpl.java:checkInconsistentAppendEntries(1288)) - omNode-1@group-523986131536: inconsistency entries. Reply:omNode-3<-omNode-1#2156:FAIL-t5,INCONSISTENCY,nextIndex=21,followerCommit=20
2021-10-24 12:59:08,471 [grpc-default-executor-1] INFO  leader.FollowerInfo (FollowerInfoImpl.java:lambda$new$0(47)) - omNode-3@group-523986131536->omNode-1: nextIndex: updateUnconditionally 31 -> 21
2021-10-24 12:59:08,973 [grpc-default-executor-7] INFO  server.RaftServer$Division (RaftServerImpl.java:checkInconsistentAppendEntries(1322)) - omNode-1@group-523986131536: Failed appendEntries as previous log entry ((t:5, i:30)) is not found
2021-10-24 12:59:08,973 [grpc-default-executor-7] INFO  server.RaftServer$Division (RaftServerImpl.java:checkInconsistentAppendEntries(1288)) - omNode-1@group-523986131536: inconsistency entries. Reply:omNode-3<-omNode-1#2207:FAIL-t5,INCONSISTENCY,nextIndex=21,followerCommit=20
2021-10-24 12:59:08,973 [grpc-default-executor-7] INFO  leader.FollowerInfo (FollowerInfoImpl.java:lambda$new$0(47)) - omNode-3@group-523986131536->omNode-1: nextIndex: updateUnconditionally 31 -> 21
2021-10-24 12:59:09,475 [grpc-default-executor-1] INFO  server.RaftServer$Division (RaftServerImpl.java:checkInconsistentAppendEntries(1322)) - omNode-1@group-523986131536: Failed appendEntries as previous log entry ((t:5, i:30)) is not found
2021-10-24 12:59:09,475 [grpc-default-executor-1] INFO  server.RaftServer$Division (RaftServerImpl.java:checkInconsistentAppendEntries(1288)) - omNode-1@group-523986131536: inconsistency entries. Reply:omNode-3<-omNode-1#2258:FAIL-t5,INCONSISTENCY,nextIndex=21,followerCommit=20
2021-10-24 12:59:09,475 [grpc-default-executor-1] INFO  leader.FollowerInfo (FollowerInfoImpl.java:lambda$new$0(47)) - omNode-3@group-523986131536->omNode-1: nextIndex: updateUnconditionally 31 -> 21
2021-10-24 12:59:09,977 [grpc-default-executor-1] INFO  server.RaftServer$Division (RaftServerImpl.java:checkInconsistentAppendEntries(1322)) - omNode-1@group-523986131536: Failed appendEntries as previous log entry ((t:5, i:30)) is not found
2021-10-24 12:59:09,977 [grpc-default-executor-1] INFO  server.RaftServer$Division (RaftServerImpl.java:checkInconsistentAppendEntries(1288)) - omNode-1@group-523986131536: inconsistency entries. Reply:omNode-3<-omNode-1#2309:FAIL-t5,INCONSISTENCY,nextIndex=21,followerCommit=20
2021-10-24 12:59:09,977 [grpc-default-executor-7] INFO  leader.FollowerInfo (FollowerInfoImpl.java:lambda$new$0(47)) - omNode-3@group-523986131536->omNode-1: nextIndex: updateUnconditionally 31 -> 21
2021-10-24 12:59:10,478 [grpc-default-executor-1] INFO  server.RaftServer$Division (RaftServerImpl.java:checkInconsistentAppendEntries(1322)) - omNode-1@group-523986131536: Failed appendEntries as previous log entry ((t:5, i:30)) is not found
2021-10-24 12:59:10,478 [grpc-default-executor-1] INFO  server.RaftServer$Division (RaftServerImpl.java:checkInconsistentAppendEntries(1288)) - omNode-1@group-523986131536: inconsistency entries. Reply:omNode-3<-omNode-1#2360:FAIL-t5,INCONSISTENCY,nextIndex=21,followerCommit=20
2021-10-24 12:59:10,479 [grpc-default-executor-1] INFO  leader.FollowerInfo (FollowerInfoImpl.java:lambda$new$0(47)) - omNode-3@group-523986131536->omNode-1: nextIndex: updateUnconditionally 31 -> 21
2021-10-24 12:59:10,981 [grpc-default-executor-7] INFO  server.RaftServer$Division (RaftServerImpl.java:checkInconsistentAppendEntries(1322)) - omNode-1@group-523986131536: Failed appendEntries as previous log entry ((t:5, i:30)) is not found
2021-10-24 12:59:10,981 [grpc-default-executor-7] INFO  server.RaftServer$Division (RaftServerImpl.java:checkInconsistentAppendEntries(1288)) - omNode-1@group-523986131536: inconsistency entries. Reply:omNode-3<-omNode-1#2411:FAIL-t5,INCONSISTENCY,nextIndex=21,followerCommit=20
2021-10-24 12:59:10,981 [grpc-default-executor-1] INFO  leader.FollowerInfo (FollowerInfoImpl.java:lambda$new$0(47)) - omNode-3@group-523986131536->omNode-1: nextIndex: updateUnconditionally 31 -> 21
2021-10-24 12:59:11,482 [grpc-default-executor-7] INFO  server.RaftServer$Division (RaftServerImpl.java:checkInconsistentAppendEntries(1322)) - omNode-1@group-523986131536: Failed appendEntries as previous log entry ((t:5, i:30)) is not found
2021-10-24 12:59:11,482 [grpc-default-executor-7] INFO  server.RaftServer$Division (RaftServerImpl.java:checkInconsistentAppendEntries(1288)) - omNode-1@group-523986131536: inconsistency entries. Reply:omNode-3<-omNode-1#2462:FAIL-t5,INCONSISTENCY,nextIndex=21,followerCommit=20
2021-10-24 12:59:11,483 [grpc-default-executor-7] INFO  leader.FollowerInfo (FollowerInfoImpl.java:lambda$new$0(47)) - omNode-3@group-523986131536->omNode-1: nextIndex: updateUnconditionally 31 -> 21
2021-10-24 12:59:11,984 [grpc-default-executor-1] INFO  server.RaftServer$Division (RaftServerImpl.java:checkInconsistentAppendEntries(1322)) - omNode-1@group-523986131536: Failed appendEntries as previous log entry ((t:5, i:30)) is not found
2021-10-24 12:59:11,984 [grpc-default-executor-1] INFO  server.RaftServer$Division (RaftServerImpl.java:checkInconsistentAppendEntries(1288)) - omNode-1@group-523986131536: inconsistency entries. Reply:omNode-3<-omNode-1#2513:FAIL-t5,INCONSISTENCY,nextIndex=21,followerCommit=20
2021-10-24 12:59:11,985 [grpc-default-executor-1] INFO  leader.FollowerInfo (FollowerInfoImpl.java:lambda$new$0(47)) - omNode-3@group-523986131536->omNode-1: nextIndex: updateUnconditionally 31 -> 21
2021-10-24 12:59:12,487 [grpc-default-executor-7] INFO  server.RaftServer$Division (RaftServerImpl.java:checkInconsistentAppendEntries(1322)) - omNode-1@group-523986131536: Failed appendEntries as previous log entry ((t:5, i:30)) is not found
2021-10-24 12:59:12,487 [grpc-default-executor-7] INFO  server.RaftServer$Division (RaftServerImpl.java:checkInconsistentAppendEntries(1288)) - omNode-1@group-523986131536: inconsistency entries. Reply:omNode-3<-omNode-1#2564:FAIL-t5,INCONSISTENCY,nextIndex=21,followerCommit=20
2021-10-24 12:59:12,487 [grpc-default-executor-7] INFO  leader.FollowerInfo (FollowerInfoImpl.java:lambda$new$0(47)) - omNode-3@group-523986131536->omNode-1: nextIndex: updateUnconditionally 31 -> 21
2021-10-24 12:59:12,989 [grpc-default-executor-1] INFO  server.RaftServer$Division (RaftServerImpl.java:checkInconsistentAppendEntries(1322)) - omNode-1@group-523986131536: Failed appendEntries as previous log entry ((t:5, i:30)) is not found
2021-10-24 12:59:12,989 [grpc-default-executor-1] INFO  server.RaftServer$Division (RaftServerImpl.java:checkInconsistentAppendEntries(1288)) - omNode-1@group-523986131536: inconsistency entries. Reply:omNode-3<-omNode-1#2615:FAIL-t5,INCONSISTENCY,nextIndex=21,followerCommit=20
2021-10-24 12:59:12,990 [grpc-default-executor-1] INFO  leader.FollowerInfo (FollowerInfoImpl.java:lambda$new$0(47)) - omNode-3@group-523986131536->omNode-1: nextIndex: updateUnconditionally 31 -> 21
2021-10-24 12:59:13,491 [grpc-default-executor-1] INFO  server.RaftServer$Division (RaftServerImpl.java:checkInconsistentAppendEntries(1322)) - omNode-1@group-523986131536: Failed appendEntries as previous log entry ((t:5, i:30)) is not found
2021-10-24 12:59:13,491 [grpc-default-executor-1] INFO  server.RaftServer$Division (RaftServerImpl.java:checkInconsistentAppendEntries(1288)) - omNode-1@group-523986131536: inconsistency entries. Reply:omNode-3<-omNode-1#2666:FAIL-t5,INCONSISTENCY,nextIndex=21,followerCommit=20
2021-10-24 12:59:13,492 [grpc-default-executor-1] INFO  leader.FollowerInfo (FollowerInfoImpl.java:lambda$new$0(47)) - omNode-3@group-523986131536->omNode-1: nextIndex: updateUnconditionally 31 -> 21
2021-10-24 12:59:13,993 [grpc-default-executor-1] INFO  server.RaftServer$Division (RaftServerImpl.java:checkInconsistentAppendEntries(1322)) - omNode-1@group-523986131536: Failed appendEntries as previous log entry ((t:5, i:30)) is not found
2021-10-24 12:59:13,993 [grpc-default-executor-1] INFO  server.RaftServer$Division (RaftServerImpl.java:checkInconsistentAppendEntries(1288)) - omNode-1@group-523986131536: inconsistency entries. Reply:omNode-3<-omNode-1#2717:FAIL-t5,INCONSISTENCY,nextIndex=21,followerCommit=20
2021-10-24 12:59:13,993 [grpc-default-executor-1] INFO  leader.FollowerInfo (FollowerInfoImpl.java:lambda$new$0(47)) - omNode-3@group-523986131536->omNode-1: nextIndex: updateUnconditionally 31 -> 21
2021-10-24 12:59:14,494 [grpc-default-executor-7] INFO  server.RaftServer$Division (RaftServerImpl.java:checkInconsistentAppendEntries(1322)) - omNode-1@group-523986131536: Failed appendEntries as previous log entry ((t:5, i:30)) is not found
2021-10-24 12:59:14,495 [grpc-default-executor-7] INFO  server.RaftServer$Division (RaftServerImpl.java:checkInconsistentAppendEntries(1288)) - omNode-1@group-523986131536: inconsistency entries. Reply:omNode-3<-omNode-1#2768:FAIL-t5,INCONSISTENCY,nextIndex=21,followerCommit=20
2021-10-24 12:59:14,495 [grpc-default-executor-7] INFO  leader.FollowerInfo (FollowerInfoImpl.java:lambda$new$0(47)) - omNode-3@group-523986131536->omNode-1: nextIndex: updateUnconditionally 31 -> 21
2021-10-24 12:59:14,996 [grpc-default-executor-1] INFO  server.RaftServer$Division (RaftServerImpl.java:checkInconsistentAppendEntries(1322)) - omNode-1@group-523986131536: Failed appendEntries as previous log entry ((t:5, i:30)) is not found
2021-10-24 12:59:14,996 [grpc-default-executor-1] INFO  server.RaftServer$Division (RaftServerImpl.java:checkInconsistentAppendEntries(1288)) - omNode-1@group-523986131536: inconsistency entries. Reply:omNode-3<-omNode-1#2819:FAIL-t5,INCONSISTENCY,nextIndex=21,followerCommit=20
2021-10-24 12:59:14,997 [grpc-default-executor-1] INFO  leader.FollowerInfo (FollowerInfoImpl.java:lambda$new$0(47)) - omNode-3@group-523986131536->omNode-1: nextIndex: updateUnconditionally 31 -> 21
2021-10-24 12:59:15,498 [grpc-default-executor-7] INFO  server.RaftServer$Division (RaftServerImpl.java:checkInconsistentAppendEntries(1322)) - omNode-1@group-523986131536: Failed appendEntries as previous log entry ((t:5, i:30)) is not found
2021-10-24 12:59:15,498 [grpc-default-executor-7] INFO  server.RaftServer$Division (RaftServerImpl.java:checkInconsistentAppendEntries(1288)) - omNode-1@group-523986131536: inconsistency entries. Reply:omNode-3<-omNode-1#2870:FAIL-t5,INCONSISTENCY,nextIndex=21,followerCommit=20
2021-10-24 12:59:15,499 [grpc-default-executor-7] INFO  leader.FollowerInfo (FollowerInfoImpl.java:lambda$new$0(47)) - omNode-3@group-523986131536->omNode-1: nextIndex: updateUnconditionally 31 -> 21
2021-10-24 12:59:16,000 [grpc-default-executor-1] INFO  server.RaftServer$Division (RaftServerImpl.java:checkInconsistentAppendEntries(1322)) - omNode-1@group-523986131536: Failed appendEntries as previous log entry ((t:5, i:30)) is not found
2021-10-24 12:59:16,000 [grpc-default-executor-1] INFO  server.RaftServer$Division (RaftServerImpl.java:checkInconsistentAppendEntries(1288)) - omNode-1@group-523986131536: inconsistency entries. Reply:omNode-3<-omNode-1#2921:FAIL-t5,INCONSISTENCY,nextIndex=21,followerCommit=20
2021-10-24 12:59:16,000 [grpc-default-executor-1] INFO  leader.FollowerInfo (FollowerInfoImpl.java:lambda$new$0(47)) - omNode-3@group-523986131536->omNode-1: nextIndex: updateUnconditionally 31 -> 21
2021-10-24 12:59:16,502 [grpc-default-executor-7] INFO  server.RaftServer$Division (RaftServerImpl.java:checkInconsistentAppendEntries(1322)) - omNode-1@group-523986131536: Failed appendEntries as previous log entry ((t:5, i:30)) is not found
2021-10-24 12:59:16,502 [grpc-default-executor-7] INFO  server.RaftServer$Division (RaftServerImpl.java:checkInconsistentAppendEntries(1288)) - omNode-1@group-523986131536: inconsistency entries. Reply:omNode-3<-omNode-1#2972:FAIL-t5,INCONSISTENCY,nextIndex=21,followerCommit=20
2021-10-24 12:59:16,502 [grpc-default-executor-7] INFO  leader.FollowerInfo (FollowerInfoImpl.java:lambda$new$0(47)) - omNode-3@group-523986131536->omNode-1: nextIndex: updateUnconditionally 31 -> 21
2021-10-24 12:59:17,004 [grpc-default-executor-7] INFO  server.RaftServer$Division (RaftServerImpl.java:checkInconsistentAppendEntries(1322)) - omNode-1@group-523986131536: Failed appendEntries as previous log entry ((t:5, i:30)) is not found
2021-10-24 12:59:17,004 [grpc-default-executor-7] INFO  server.RaftServer$Division (RaftServerImpl.java:checkInconsistentAppendEntries(1288)) - omNode-1@group-523986131536: inconsistency entries. Reply:omNode-3<-omNode-1#3023:FAIL-t5,INCONSISTENCY,nextIndex=21,followerCommit=20
2021-10-24 12:59:17,004 [grpc-default-executor-7] INFO  leader.FollowerInfo (FollowerInfoImpl.java:lambda$new$0(47)) - omNode-3@group-523986131536->omNode-1: nextIndex: updateUnconditionally 31 -> 21
2021-10-24 12:59:17,506 [grpc-default-executor-7] INFO  server.RaftServer$Division (RaftServerImpl.java:checkInconsistentAppendEntries(1322)) - omNode-1@group-523986131536: Failed appendEntries as previous log entry ((t:5, i:30)) is not found
2021-10-24 12:59:17,506 [grpc-default-executor-7] INFO  server.RaftServer$Division (RaftServerImpl.java:checkInconsistentAppendEntries(1288)) - omNode-1@group-523986131536: inconsistency entries. Reply:omNode-3<-omNode-1#3074:FAIL-t5,INCONSISTENCY,nextIndex=21,followerCommit=20
2021-10-24 12:59:17,506 [grpc-default-executor-7] INFO  leader.FollowerInfo (FollowerInfoImpl.java:lambda$new$0(47)) - omNode-3@group-523986131536->omNode-1: nextIndex: updateUnconditionally 31 -> 21
2021-10-24 12:59:18,008 [grpc-default-executor-7] INFO  server.RaftServer$Division (RaftServerImpl.java:checkInconsistentAppendEntries(1322)) - omNode-1@group-523986131536: Failed appendEntries as previous log entry ((t:5, i:30)) is not found
2021-10-24 12:59:18,008 [grpc-default-executor-7] INFO  server.RaftServer$Division (RaftServerImpl.java:checkInconsistentAppendEntries(1288)) - omNode-1@group-523986131536: inconsistency entries. Reply:omNode-3<-omNode-1#3125:FAIL-t5,INCONSISTENCY,nextIndex=21,followerCommit=20
2021-10-24 12:59:18,008 [grpc-default-executor-7] INFO  leader.FollowerInfo (FollowerInfoImpl.java:lambda$new$0(47)) - omNode-3@group-523986131536->omNode-1: nextIndex: updateUnconditionally 31 -> 21
2021-10-24 12:59:18,509 [grpc-default-executor-1] INFO  server.RaftServer$Division (RaftServerImpl.java:checkInconsistentAppendEntries(1322)) - omNode-1@group-523986131536: Failed appendEntries as previous log entry ((t:5, i:30)) is not found
2021-10-24 12:59:18,510 [grpc-default-executor-1] INFO  server.RaftServer$Division (RaftServerImpl.java:checkInconsistentAppendEntries(1288)) - omNode-1@group-523986131536: inconsistency entries. Reply:omNode-3<-omNode-1#3176:FAIL-t5,INCONSISTENCY,nextIndex=21,followerCommit=20
2021-10-24 12:59:18,510 [grpc-default-executor-1] INFO  leader.FollowerInfo (FollowerInfoImpl.java:lambda$new$0(47)) - omNode-3@group-523986131536->omNode-1: nextIndex: updateUnconditionally 31 -> 21
2021-10-24 12:59:19,012 [grpc-default-executor-7] INFO  server.RaftServer$Division (RaftServerImpl.java:checkInconsistentAppendEntries(1322)) - omNode-1@group-523986131536: Failed appendEntries as previous log entry ((t:5, i:30)) is not found
2021-10-24 12:59:19,012 [grpc-default-executor-7] INFO  server.RaftServer$Division (RaftServerImpl.java:checkInconsistentAppendEntries(1288)) - omNode-1@group-523986131536: inconsistency entries. Reply:omNode-3<-omNode-1#3227:FAIL-t5,INCONSISTENCY,nextIndex=21,followerCommit=20
2021-10-24 12:59:19,012 [grpc-default-executor-1] INFO  leader.FollowerInfo (FollowerInfoImpl.java:lambda$new$0(47)) - omNode-3@group-523986131536->omNode-1: nextIndex: updateUnconditionally 31 -> 21
2021-10-24 12:59:19,514 [grpc-default-executor-7] INFO  server.RaftServer$Division (RaftServerImpl.java:checkInconsistentAppendEntries(1322)) - omNode-1@group-523986131536: Failed appendEntries as previous log entry ((t:5, i:30)) is not found
2021-10-24 12:59:19,514 [grpc-default-executor-7] INFO  server.RaftServer$Division (RaftServerImpl.java:checkInconsistentAppendEntries(1288)) - omNode-1@group-523986131536: inconsistency entries. Reply:omNode-3<-omNode-1#3278:FAIL-t5,INCONSISTENCY,nextIndex=21,followerCommit=20
2021-10-24 12:59:19,514 [grpc-default-executor-7] INFO  leader.FollowerInfo (FollowerInfoImpl.java:lambda$new$0(47)) - omNode-3@group-523986131536->omNode-1: nextIndex: updateUnconditionally 31 -> 21
2021-10-24 12:59:20,016 [grpc-default-executor-1] INFO  server.RaftServer$Division (RaftServerImpl.java:checkInconsistentAppendEntries(1322)) - omNode-1@group-523986131536: Failed appendEntries as previous log entry ((t:5, i:30)) is not found
2021-10-24 12:59:20,016 [grpc-default-executor-1] INFO  server.RaftServer$Division (RaftServerImpl.java:checkInconsistentAppendEntries(1288)) - omNode-1@group-523986131536: inconsistency entries. Reply:omNode-3<-omNode-1#3329:FAIL-t5,INCONSISTENCY,nextIndex=21,followerCommit=20
2021-10-24 12:59:20,016 [grpc-default-executor-1] INFO  leader.FollowerInfo (FollowerInfoImpl.java:lambda$new$0(47)) - omNode-3@group-523986131536->omNode-1: nextIndex: updateUnconditionally 31 -> 21
2021-10-24 12:59:20,519 [grpc-default-executor-1] INFO  server.RaftServer$Division (RaftServerImpl.java:checkInconsistentAppendEntries(1322)) - omNode-1@group-523986131536: Failed appendEntries as previous log entry ((t:5, i:30)) is not found
2021-10-24 12:59:20,519 [grpc-default-executor-1] INFO  server.RaftServer$Division (RaftServerImpl.java:checkInconsistentAppendEntries(1288)) - omNode-1@group-523986131536: inconsistency entries. Reply:omNode-3<-omNode-1#3380:FAIL-t5,INCONSISTENCY,nextIndex=21,followerCommit=20
2021-10-24 12:59:20,521 [grpc-default-executor-1] INFO  leader.FollowerInfo (FollowerInfoImpl.java:lambda$new$0(47)) - omNode-3@group-523986131536->omNode-1: nextIndex: updateUnconditionally 31 -> 21
2021-10-24 12:59:21,021 [grpc-default-executor-7] INFO  server.RaftServer$Division (RaftServerImpl.java:checkInconsistentAppendEntries(1322)) - omNode-1@group-523986131536: Failed appendEntries as previous log entry ((t:5, i:30)) is not found
2021-10-24 12:59:21,022 [grpc-default-executor-7] INFO  server.RaftServer$Division (RaftServerImpl.java:checkInconsistentAppendEntries(1288)) - omNode-1@group-523986131536: inconsistency entries. Reply:omNode-3<-omNode-1#3431:FAIL-t5,INCONSISTENCY,nextIndex=21,followerCommit=20
2021-10-24 12:59:21,022 [grpc-default-executor-7] INFO  leader.FollowerInfo (FollowerInfoImpl.java:lambda$new$0(47)) - omNode-3@group-523986131536->omNode-1: nextIndex: updateUnconditionally 31 -> 21
2021-10-24 12:59:21,523 [grpc-default-executor-7] INFO  server.RaftServer$Division (RaftServerImpl.java:checkInconsistentAppendEntries(1322)) - omNode-1@group-523986131536: Failed appendEntries as previous log entry ((t:5, i:30)) is not found
2021-10-24 12:59:21,524 [grpc-default-executor-7] INFO  server.RaftServer$Division (RaftServerImpl.java:checkInconsistentAppendEntries(1288)) - omNode-1@group-523986131536: inconsistency entries. Reply:omNode-3<-omNode-1#3482:FAIL-t5,INCONSISTENCY,nextIndex=21,followerCommit=20
2021-10-24 12:59:21,524 [grpc-default-executor-7] INFO  leader.FollowerInfo (FollowerInfoImpl.java:lambda$new$0(47)) - omNode-3@group-523986131536->omNode-1: nextIndex: updateUnconditionally 31 -> 21
2021-10-24 12:59:22,025 [grpc-default-executor-7] INFO  server.RaftServer$Division (RaftServerImpl.java:checkInconsistentAppendEntries(1322)) - omNode-1@group-523986131536: Failed appendEntries as previous log entry ((t:5, i:30)) is not found
2021-10-24 12:59:22,025 [grpc-default-executor-7] INFO  server.RaftServer$Division (RaftServerImpl.java:checkInconsistentAppendEntries(1288)) - omNode-1@group-523986131536: inconsistency entries. Reply:omNode-3<-omNode-1#3533:FAIL-t5,INCONSISTENCY,nextIndex=21,followerCommit=20
2021-10-24 12:59:22,025 [grpc-default-executor-7] INFO  leader.FollowerInfo (FollowerInfoImpl.java:lambda$new$0(47)) - omNode-3@group-523986131536->omNode-1: nextIndex: updateUnconditionally 31 -> 21
2021-10-24 12:59:22,526 [grpc-default-executor-1] INFO  server.RaftServer$Division (RaftServerImpl.java:checkInconsistentAppendEntries(1322)) - omNode-1@group-523986131536: Failed appendEntries as previous log entry ((t:5, i:30)) is not found
2021-10-24 12:59:22,526 [grpc-default-executor-1] INFO  server.RaftServer$Division (RaftServerImpl.java:checkInconsistentAppendEntries(1288)) - omNode-1@group-523986131536: inconsistency entries. Reply:omNode-3<-omNode-1#3584:FAIL-t5,INCONSISTENCY,nextIndex=21,followerCommit=20
2021-10-24 12:59:22,527 [grpc-default-executor-7] INFO  leader.FollowerInfo (FollowerInfoImpl.java:lambda$new$0(47)) - omNode-3@group-523986131536->omNode-1: nextIndex: updateUnconditionally 31 -> 21
2021-10-24 12:59:23,028 [grpc-default-executor-7] INFO  server.RaftServer$Division (RaftServerImpl.java:checkInconsistentAppendEntries(1322)) - omNode-1@group-523986131536: Failed appendEntries as previous log entry ((t:5, i:30)) is not found
2021-10-24 12:59:23,029 [grpc-default-executor-7] INFO  server.RaftServer$Division (RaftServerImpl.java:checkInconsistentAppendEntries(1288)) - omNode-1@group-523986131536: inconsistency entries. Reply:omNode-3<-omNode-1#3635:FAIL-t5,INCONSISTENCY,nextIndex=21,followerCommit=20
2021-10-24 12:59:23,029 [grpc-default-executor-1] INFO  leader.FollowerInfo (FollowerInfoImpl.java:lambda$new$0(47)) - omNode-3@group-523986131536->omNode-1: nextIndex: updateUnconditionally 31 -> 21
2021-10-24 12:59:23,530 [grpc-default-executor-7] INFO  server.RaftServer$Division (RaftServerImpl.java:checkInconsistentAppendEntries(1322)) - omNode-1@group-523986131536: Failed appendEntries as previous log entry ((t:5, i:30)) is not found
2021-10-24 12:59:23,530 [grpc-default-executor-7] INFO  server.RaftServer$Division (RaftServerImpl.java:checkInconsistentAppendEntries(1288)) - omNode-1@group-523986131536: inconsistency entries. Reply:omNode-3<-omNode-1#3686:FAIL-t5,INCONSISTENCY,nextIndex=21,followerCommit=20
2021-10-24 12:59:23,531 [grpc-default-executor-7] INFO  leader.FollowerInfo (FollowerInfoImpl.java:lambda$new$0(47)) - omNode-3@group-523986131536->omNode-1: nextIndex: updateUnconditionally 31 -> 21
2021-10-24 12:59:24,032 [grpc-default-executor-1] INFO  server.RaftServer$Division (RaftServerImpl.java:checkInconsistentAppendEntries(1322)) - omNode-1@group-523986131536: Failed appendEntries as previous log entry ((t:5, i:30)) is not found
2021-10-24 12:59:24,032 [grpc-default-executor-1] INFO  server.RaftServer$Division (RaftServerImpl.java:checkInconsistentAppendEntries(1288)) - omNode-1@group-523986131536: inconsistency entries. Reply:omNode-3<-omNode-1#3737:FAIL-t5,INCONSISTENCY,nextIndex=21,followerCommit=20
2021-10-24 12:59:24,033 [grpc-default-executor-1] INFO  leader.FollowerInfo (FollowerInfoImpl.java:lambda$new$0(47)) - omNode-3@group-523986131536->omNode-1: nextIndex: updateUnconditionally 31 -> 21
2021-10-24 12:59:24,534 [grpc-default-executor-7] INFO  server.RaftServer$Division (RaftServerImpl.java:checkInconsistentAppendEntries(1322)) - omNode-1@group-523986131536: Failed appendEntries as previous log entry ((t:5, i:30)) is not found
2021-10-24 12:59:24,535 [grpc-default-executor-7] INFO  server.RaftServer$Division (RaftServerImpl.java:checkInconsistentAppendEntries(1288)) - omNode-1@group-523986131536: inconsistency entries. Reply:omNode-3<-omNode-1#3788:FAIL-t5,INCONSISTENCY,nextIndex=21,followerCommit=20
2021-10-24 12:59:24,535 [grpc-default-executor-7] INFO  leader.FollowerInfo (FollowerInfoImpl.java:lambda$new$0(47)) - omNode-3@group-523986131536->omNode-1: nextIndex: updateUnconditionally 31 -> 21
2021-10-24 12:59:25,036 [grpc-default-executor-1] INFO  server.RaftServer$Division (RaftServerImpl.java:checkInconsistentAppendEntries(1322)) - omNode-1@group-523986131536: Failed appendEntries as previous log entry ((t:5, i:30)) is not found
2021-10-24 12:59:25,036 [grpc-default-executor-1] INFO  server.RaftServer$Division (RaftServerImpl.java:checkInconsistentAppendEntries(1288)) - omNode-1@group-523986131536: inconsistency entries. Reply:omNode-3<-omNode-1#3839:FAIL-t5,INCONSISTENCY,nextIndex=21,followerCommit=20
2021-10-24 12:59:25,037 [grpc-default-executor-1] INFO  leader.FollowerInfo (FollowerInfoImpl.java:lambda$new$0(47)) - omNode-3@group-523986131536->omNode-1: nextIndex: updateUnconditionally 31 -> 21
2021-10-24 12:59:25,538 [grpc-default-executor-7] INFO  server.RaftServer$Division (RaftServerImpl.java:checkInconsistentAppendEntries(1322)) - omNode-1@group-523986131536: Failed appendEntries as previous log entry ((t:5, i:30)) is not found
2021-10-24 12:59:25,538 [grpc-default-executor-7] INFO  server.RaftServer$Division (RaftServerImpl.java:checkInconsistentAppendEntries(1288)) - omNode-1@group-523986131536: inconsistency entries. Reply:omNode-3<-omNode-1#3890:FAIL-t5,INCONSISTENCY,nextIndex=21,followerCommit=20
2021-10-24 12:59:25,539 [grpc-default-executor-1] INFO  leader.FollowerInfo (FollowerInfoImpl.java:lambda$new$0(47)) - omNode-3@group-523986131536->omNode-1: nextIndex: updateUnconditionally 31 -> 21
2021-10-24 12:59:26,040 [grpc-default-executor-1] INFO  server.RaftServer$Division (RaftServerImpl.java:checkInconsistentAppendEntries(1322)) - omNode-1@group-523986131536: Failed appendEntries as previous log entry ((t:5, i:30)) is not found
2021-10-24 12:59:26,040 [grpc-default-executor-1] INFO  server.RaftServer$Division (RaftServerImpl.java:checkInconsistentAppendEntries(1288)) - omNode-1@group-523986131536: inconsistency entries. Reply:omNode-3<-omNode-1#3941:FAIL-t5,INCONSISTENCY,nextIndex=21,followerCommit=20
2021-10-24 12:59:26,041 [grpc-default-executor-1] INFO  leader.FollowerInfo (FollowerInfoImpl.java:lambda$new$0(47)) - omNode-3@group-523986131536->omNode-1: nextIndex: updateUnconditionally 31 -> 21
2021-10-24 12:59:26,542 [grpc-default-executor-1] INFO  server.RaftServer$Division (RaftServerImpl.java:checkInconsistentAppendEntries(1322)) - omNode-1@group-523986131536: Failed appendEntries as previous log entry ((t:5, i:30)) is not found
2021-10-24 12:59:26,542 [grpc-default-executor-1] INFO  server.RaftServer$Division (RaftServerImpl.java:checkInconsistentAppendEntries(1288)) - omNode-1@group-523986131536: inconsistency entries. Reply:omNode-3<-omNode-1#3992:FAIL-t5,INCONSISTENCY,nextIndex=21,followerCommit=20
2021-10-24 12:59:26,542 [grpc-default-executor-1] INFO  leader.FollowerInfo (FollowerInfoImpl.java:lambda$new$0(47)) - omNode-3@group-523986131536->omNode-1: nextIndex: updateUnconditionally 31 -> 21
2021-10-24 12:59:27,043 [grpc-default-executor-1] INFO  server.RaftServer$Division (RaftServerImpl.java:checkInconsistentAppendEntries(1322)) - omNode-1@group-523986131536: Failed appendEntries as previous log entry ((t:5, i:30)) is not found
2021-10-24 12:59:27,044 [grpc-default-executor-1] INFO  server.RaftServer$Division (RaftServerImpl.java:checkInconsistentAppendEntries(1288)) - omNode-1@group-523986131536: inconsistency entries. Reply:omNode-3<-omNode-1#4042:FAIL-t5,INCONSISTENCY,nextIndex=21,followerCommit=20
2021-10-24 12:59:27,044 [grpc-default-executor-7] INFO  leader.FollowerInfo (FollowerInfoImpl.java:lambda$new$0(47)) - omNode-3@group-523986131536->omNode-1: nextIndex: updateUnconditionally 31 -> 21
2021-10-24 12:59:27,545 [grpc-default-executor-1] INFO  server.RaftServer$Division (RaftServerImpl.java:checkInconsistentAppendEntries(1322)) - omNode-1@group-523986131536: Failed appendEntries as previous log entry ((t:5, i:30)) is not found
2021-10-24 12:59:27,546 [grpc-default-executor-1] INFO  server.RaftServer$Division (RaftServerImpl.java:checkInconsistentAppendEntries(1288)) - omNode-1@group-523986131536: inconsistency entries. Reply:omNode-3<-omNode-1#4093:FAIL-t5,INCONSISTENCY,nextIndex=21,followerCommit=20
2021-10-24 12:59:27,546 [grpc-default-executor-1] INFO  leader.FollowerInfo (FollowerInfoImpl.java:lambda$new$0(47)) - omNode-3@group-523986131536->omNode-1: nextIndex: updateUnconditionally 31 -> 21
2021-10-24 12:59:28,048 [grpc-default-executor-7] INFO  server.RaftServer$Division (RaftServerImpl.java:checkInconsistentAppendEntries(1322)) - omNode-1@group-523986131536: Failed appendEntries as previous log entry ((t:5, i:30)) is not found
2021-10-24 12:59:28,048 [grpc-default-executor-7] INFO  server.RaftServer$Division (RaftServerImpl.java:checkInconsistentAppendEntries(1288)) - omNode-1@group-523986131536: inconsistency entries. Reply:omNode-3<-omNode-1#4144:FAIL-t5,INCONSISTENCY,nextIndex=21,followerCommit=20
2021-10-24 12:59:28,049 [grpc-default-executor-7] INFO  leader.FollowerInfo (FollowerInfoImpl.java:lambda$new$0(47)) - omNode-3@group-523986131536->omNode-1: nextIndex: updateUnconditionally 31 -> 21
2021-10-24 12:59:28,551 [grpc-default-executor-7] INFO  server.RaftServer$Division (RaftServerImpl.java:checkInconsistentAppendEntries(1322)) - omNode-1@group-523986131536: Failed appendEntries as previous log entry ((t:5, i:30)) is not found
2021-10-24 12:59:28,551 [grpc-default-executor-7] INFO  server.RaftServer$Division (RaftServerImpl.java:checkInconsistentAppendEntries(1288)) - omNode-1@group-523986131536: inconsistency entries. Reply:omNode-3<-omNode-1#4195:FAIL-t5,INCONSISTENCY,nextIndex=21,followerCommit=20
2021-10-24 12:59:28,551 [grpc-default-executor-7] INFO  leader.FollowerInfo (FollowerInfoImpl.java:lambda$new$0(47)) - omNode-3@group-523986131536->omNode-1: nextIndex: updateUnconditionally 31 -> 21
2021-10-24 12:59:29,053 [grpc-default-executor-1] INFO  server.RaftServer$Division (RaftServerImpl.java:checkInconsistentAppendEntries(1322)) - omNode-1@group-523986131536: Failed appendEntries as previous log entry ((t:5, i:30)) is not found
2021-10-24 12:59:29,053 [grpc-default-executor-1] INFO  server.RaftServer$Division (RaftServerImpl.java:checkInconsistentAppendEntries(1288)) - omNode-1@group-523986131536: inconsistency entries. Reply:omNode-3<-omNode-1#4246:FAIL-t5,INCONSISTENCY,nextIndex=21,followerCommit=20
2021-10-24 12:59:29,053 [grpc-default-executor-7] INFO  leader.FollowerInfo (FollowerInfoImpl.java:lambda$new$0(47)) - omNode-3@group-523986131536->omNode-1: nextIndex: updateUnconditionally 31 -> 21
2021-10-24 12:59:29,556 [grpc-default-executor-1] INFO  server.RaftServer$Division (RaftServerImpl.java:checkInconsistentAppendEntries(1322)) - omNode-1@group-523986131536: Failed appendEntries as previous log entry ((t:5, i:30)) is not found
2021-10-24 12:59:29,556 [grpc-default-executor-1] INFO  server.RaftServer$Division (RaftServerImpl.java:checkInconsistentAppendEntries(1288)) - omNode-1@group-523986131536: inconsistency entries. Reply:omNode-3<-omNode-1#4297:FAIL-t5,INCONSISTENCY,nextIndex=21,followerCommit=20
2021-10-24 12:59:29,556 [grpc-default-executor-1] INFO  leader.FollowerInfo (FollowerInfoImpl.java:lambda$new$0(47)) - omNode-3@group-523986131536->omNode-1: nextIndex: updateUnconditionally 31 -> 21
2021-10-24 12:59:30,058 [grpc-default-executor-1] INFO  server.RaftServer$Division (RaftServerImpl.java:checkInconsistentAppendEntries(1322)) - omNode-1@group-523986131536: Failed appendEntries as previous log entry ((t:5, i:30)) is not found
2021-10-24 12:59:30,058 [grpc-default-executor-1] INFO  server.RaftServer$Division (RaftServerImpl.java:checkInconsistentAppendEntries(1288)) - omNode-1@group-523986131536: inconsistency entries. Reply:omNode-3<-omNode-1#4348:FAIL-t5,INCONSISTENCY,nextIndex=21,followerCommit=20
2021-10-24 12:59:30,058 [grpc-default-executor-7] INFO  leader.FollowerInfo (FollowerInfoImpl.java:lambda$new$0(47)) - omNode-3@group-523986131536->omNode-1: nextIndex: updateUnconditionally 31 -> 21
2021-10-24 12:59:30,560 [grpc-default-executor-1] INFO  server.RaftServer$Division (RaftServerImpl.java:checkInconsistentAppendEntries(1322)) - omNode-1@group-523986131536: Failed appendEntries as previous log entry ((t:5, i:30)) is not found
2021-10-24 12:59:30,560 [grpc-default-executor-1] INFO  server.RaftServer$Division (RaftServerImpl.java:checkInconsistentAppendEntries(1288)) - omNode-1@group-523986131536: inconsistency entries. Reply:omNode-3<-omNode-1#4399:FAIL-t5,INCONSISTENCY,nextIndex=21,followerCommit=20
2021-10-24 12:59:30,560 [grpc-default-executor-1] INFO  leader.FollowerInfo (FollowerInfoImpl.java:lambda$new$0(47)) - omNode-3@group-523986131536->omNode-1: nextIndex: updateUnconditionally 31 -> 21
2021-10-24 12:59:31,061 [grpc-default-executor-7] INFO  server.RaftServer$Division (RaftServerImpl.java:checkInconsistentAppendEntries(1322)) - omNode-1@group-523986131536: Failed appendEntries as previous log entry ((t:5, i:30)) is not found
2021-10-24 12:59:31,061 [grpc-default-executor-7] INFO  server.RaftServer$Division (RaftServerImpl.java:checkInconsistentAppendEntries(1288)) - omNode-1@group-523986131536: inconsistency entries. Reply:omNode-3<-omNode-1#4450:FAIL-t5,INCONSISTENCY,nextIndex=21,followerCommit=20
2021-10-24 12:59:31,062 [grpc-default-executor-1] INFO  leader.FollowerInfo (FollowerInfoImpl.java:lambda$new$0(47)) - omNode-3@group-523986131536->omNode-1: nextIndex: updateUnconditionally 31 -> 21
2021-10-24 12:59:31,563 [grpc-default-executor-1] INFO  server.RaftServer$Division (RaftServerImpl.java:checkInconsistentAppendEntries(1322)) - omNode-1@group-523986131536: Failed appendEntries as previous log entry ((t:5, i:30)) is not found
2021-10-24 12:59:31,563 [grpc-default-executor-1] INFO  server.RaftServer$Division (RaftServerImpl.java:checkInconsistentAppendEntries(1288)) - omNode-1@group-523986131536: inconsistency entries. Reply:omNode-3<-omNode-1#4501:FAIL-t5,INCONSISTENCY,nextIndex=21,followerCommit=20
2021-10-24 12:59:31,563 [grpc-default-executor-1] INFO  leader.FollowerInfo (FollowerInfoImpl.java:lambda$new$0(47)) - omNode-3@group-523986131536->omNode-1: nextIndex: updateUnconditionally 31 -> 21
2021-10-24 12:59:32,064 [grpc-default-executor-1] INFO  server.RaftServer$Division (RaftServerImpl.java:checkInconsistentAppendEntries(1322)) - omNode-1@group-523986131536: Failed appendEntries as previous log entry ((t:5, i:30)) is not found
2021-10-24 12:59:32,065 [grpc-default-executor-1] INFO  server.RaftServer$Division (RaftServerImpl.java:checkInconsistentAppendEntries(1288)) - omNode-1@group-523986131536: inconsistency entries. Reply:omNode-3<-omNode-1#4552:FAIL-t5,INCONSISTENCY,nextIndex=21,followerCommit=20
2021-10-24 12:59:32,065 [grpc-default-executor-1] INFO  leader.FollowerInfo (FollowerInfoImpl.java:lambda$new$0(47)) - omNode-3@group-523986131536->omNode-1: nextIndex: updateUnconditionally 31 -> 21
2021-10-24 12:59:32,567 [grpc-default-executor-1] INFO  server.RaftServer$Division (RaftServerImpl.java:checkInconsistentAppendEntries(1322)) - omNode-1@group-523986131536: Failed appendEntries as previous log entry ((t:5, i:30)) is not found
2021-10-24 12:59:32,567 [grpc-default-executor-1] INFO  server.RaftServer$Division (RaftServerImpl.java:checkInconsistentAppendEntries(1288)) - omNode-1@group-523986131536: inconsistency entries. Reply:omNode-3<-omNode-1#4603:FAIL-t5,INCONSISTENCY,nextIndex=21,followerCommit=20
2021-10-24 12:59:32,567 [grpc-default-executor-7] INFO  leader.FollowerInfo (FollowerInfoImpl.java:lambda$new$0(47)) - omNode-3@group-523986131536->omNode-1: nextIndex: updateUnconditionally 31 -> 21
2021-10-24 12:59:33,069 [grpc-default-executor-7] INFO  server.RaftServer$Division (RaftServerImpl.java:checkInconsistentAppendEntries(1322)) - omNode-1@group-523986131536: Failed appendEntries as previous log entry ((t:5, i:30)) is not found
2021-10-24 12:59:33,069 [grpc-default-executor-7] INFO  server.RaftServer$Division (RaftServerImpl.java:checkInconsistentAppendEntries(1288)) - omNode-1@group-523986131536: inconsistency entries. Reply:omNode-3<-omNode-1#4654:FAIL-t5,INCONSISTENCY,nextIndex=21,followerCommit=20
2021-10-24 12:59:33,069 [grpc-default-executor-7] INFO  leader.FollowerInfo (FollowerInfoImpl.java:lambda$new$0(47)) - omNode-3@group-523986131536->omNode-1: nextIndex: updateUnconditionally 31 -> 21
2021-10-24 12:59:33,571 [grpc-default-executor-7] INFO  server.RaftServer$Division (RaftServerImpl.java:checkInconsistentAppendEntries(1322)) - omNode-1@group-523986131536: Failed appendEntries as previous log entry ((t:5, i:30)) is not found
2021-10-24 12:59:33,571 [grpc-default-executor-7] INFO  server.RaftServer$Division (RaftServerImpl.java:checkInconsistentAppendEntries(1288)) - omNode-1@group-523986131536: inconsistency entries. Reply:omNode-3<-omNode-1#4705:FAIL-t5,INCONSISTENCY,nextIndex=21,followerCommit=20
2021-10-24 12:59:33,571 [grpc-default-executor-7] INFO  leader.FollowerInfo (FollowerInfoImpl.java:lambda$new$0(47)) - omNode-3@group-523986131536->omNode-1: nextIndex: updateUnconditionally 31 -> 21
2021-10-24 12:59:34,072 [grpc-default-executor-7] INFO  server.RaftServer$Division (RaftServerImpl.java:checkInconsistentAppendEntries(1322)) - omNode-1@group-523986131536: Failed appendEntries as previous log entry ((t:5, i:30)) is not found
2021-10-24 12:59:34,073 [grpc-default-executor-7] INFO  server.RaftServer$Division (RaftServerImpl.java:checkInconsistentAppendEntries(1288)) - omNode-1@group-523986131536: inconsistency entries. Reply:omNode-3<-omNode-1#4756:FAIL-t5,INCONSISTENCY,nextIndex=21,followerCommit=20
2021-10-24 12:59:34,073 [grpc-default-executor-7] INFO  leader.FollowerInfo (FollowerInfoImpl.java:lambda$new$0(47)) - omNode-3@group-523986131536->omNode-1: nextIndex: updateUnconditionally 31 -> 21
2021-10-24 12:59:34,575 [grpc-default-executor-1] INFO  server.RaftServer$Division (RaftServerImpl.java:checkInconsistentAppendEntries(1322)) - omNode-1@group-523986131536: Failed appendEntries as previous log entry ((t:5, i:30)) is not found
2021-10-24 12:59:34,575 [grpc-default-executor-1] INFO  server.RaftServer$Division (RaftServerImpl.java:checkInconsistentAppendEntries(1288)) - omNode-1@group-523986131536: inconsistency entries. Reply:omNode-3<-omNode-1#4807:FAIL-t5,INCONSISTENCY,nextIndex=21,followerCommit=20
2021-10-24 12:59:34,575 [grpc-default-executor-1] INFO  leader.FollowerInfo (FollowerInfoImpl.java:lambda$new$0(47)) - omNode-3@group-523986131536->omNode-1: nextIndex: updateUnconditionally 31 -> 21
2021-10-24 12:59:35,077 [grpc-default-executor-1] INFO  server.RaftServer$Division (RaftServerImpl.java:checkInconsistentAppendEntries(1322)) - omNode-1@group-523986131536: Failed appendEntries as previous log entry ((t:5, i:30)) is not found
2021-10-24 12:59:35,077 [grpc-default-executor-1] INFO  server.RaftServer$Division (RaftServerImpl.java:checkInconsistentAppendEntries(1288)) - omNode-1@group-523986131536: inconsistency entries. Reply:omNode-3<-omNode-1#4858:FAIL-t5,INCONSISTENCY,nextIndex=21,followerCommit=20
2021-10-24 12:59:35,077 [grpc-default-executor-1] INFO  leader.FollowerInfo (FollowerInfoImpl.java:lambda$new$0(47)) - omNode-3@group-523986131536->omNode-1: nextIndex: updateUnconditionally 31 -> 21
2021-10-24 12:59:35,579 [grpc-default-executor-1] INFO  server.RaftServer$Division (RaftServerImpl.java:checkInconsistentAppendEntries(1322)) - omNode-1@group-523986131536: Failed appendEntries as previous log entry ((t:5, i:30)) is not found
2021-10-24 12:59:35,579 [grpc-default-executor-1] INFO  server.RaftServer$Division (RaftServerImpl.java:checkInconsistentAppendEntries(1288)) - omNode-1@group-523986131536: inconsistency entries. Reply:omNode-3<-omNode-1#4909:FAIL-t5,INCONSISTENCY,nextIndex=21,followerCommit=20
2021-10-24 12:59:35,579 [grpc-default-executor-1] INFO  leader.FollowerInfo (FollowerInfoImpl.java:lambda$new$0(47)) - omNode-3@group-523986131536->omNode-1: nextIndex: updateUnconditionally 31 -> 21
2021-10-24 12:59:36,081 [grpc-default-executor-1] INFO  server.RaftServer$Division (RaftServerImpl.java:checkInconsistentAppendEntries(1322)) - omNode-1@group-523986131536: Failed appendEntries as previous log entry ((t:5, i:30)) is not found
2021-10-24 12:59:36,081 [grpc-default-executor-1] INFO  server.RaftServer$Division (RaftServerImpl.java:checkInconsistentAppendEntries(1288)) - omNode-1@group-523986131536: inconsistency entries. Reply:omNode-3<-omNode-1#4960:FAIL-t5,INCONSISTENCY,nextIndex=21,followerCommit=20
2021-10-24 12:59:36,081 [grpc-default-executor-1] INFO  leader.FollowerInfo (FollowerInfoImpl.java:lambda$new$0(47)) - omNode-3@group-523986131536->omNode-1: nextIndex: updateUnconditionally 31 -> 21
2021-10-24 12:59:36,582 [grpc-default-executor-1] INFO  server.RaftServer$Division (RaftServerImpl.java:checkInconsistentAppendEntries(1322)) - omNode-1@group-523986131536: Failed appendEntries as previous log entry ((t:5, i:30)) is not found
2021-10-24 12:59:36,582 [grpc-default-executor-1] INFO  server.RaftServer$Division (RaftServerImpl.java:checkInconsistentAppendEntries(1288)) - omNode-1@group-523986131536: inconsistency entries. Reply:omNode-3<-omNode-1#5011:FAIL-t5,INCONSISTENCY,nextIndex=21,followerCommit=20
2021-10-24 12:59:36,583 [grpc-default-executor-7] INFO  leader.FollowerInfo (FollowerInfoImpl.java:lambda$new$0(47)) - omNode-3@group-523986131536->omNode-1: nextIndex: updateUnconditionally 31 -> 21
2021-10-24 12:59:37,084 [grpc-default-executor-1] INFO  server.RaftServer$Division (RaftServerImpl.java:checkInconsistentAppendEntries(1322)) - omNode-1@group-523986131536: Failed appendEntries as previous log entry ((t:5, i:30)) is not found
2021-10-24 12:59:37,084 [grpc-default-executor-1] INFO  server.RaftServer$Division (RaftServerImpl.java:checkInconsistentAppendEntries(1288)) - omNode-1@group-523986131536: inconsistency entries. Reply:omNode-3<-omNode-1#5062:FAIL-t5,INCONSISTENCY,nextIndex=21,followerCommit=20
2021-10-24 12:59:37,084 [grpc-default-executor-1] INFO  leader.FollowerInfo (FollowerInfoImpl.java:lambda$new$0(47)) - omNode-3@group-523986131536->omNode-1: nextIndex: updateUnconditionally 31 -> 21
2021-10-24 12:59:37,586 [grpc-default-executor-1] INFO  server.RaftServer$Division (RaftServerImpl.java:checkInconsistentAppendEntries(1322)) - omNode-1@group-523986131536: Failed appendEntries as previous log entry ((t:5, i:30)) is not found
2021-10-24 12:59:37,586 [grpc-default-executor-1] INFO  server.RaftServer$Division (RaftServerImpl.java:checkInconsistentAppendEntries(1288)) - omNode-1@group-523986131536: inconsistency entries. Reply:omNode-3<-omNode-1#5113:FAIL-t5,INCONSISTENCY,nextIndex=21,followerCommit=20
2021-10-24 12:59:37,586 [grpc-default-executor-1] INFO  leader.FollowerInfo (FollowerInfoImpl.java:lambda$new$0(47)) - omNode-3@group-523986131536->omNode-1: nextIndex: updateUnconditionally 31 -> 21
2021-10-24 12:59:38,088 [grpc-default-executor-1] INFO  server.RaftServer$Division (RaftServerImpl.java:checkInconsistentAppendEntries(1322)) - omNode-1@group-523986131536: Failed appendEntries as previous log entry ((t:5, i:30)) is not found
2021-10-24 12:59:38,088 [grpc-default-executor-1] INFO  server.RaftServer$Division (RaftServerImpl.java:checkInconsistentAppendEntries(1288)) - omNode-1@group-523986131536: inconsistency entries. Reply:omNode-3<-omNode-1#5164:FAIL-t5,INCONSISTENCY,nextIndex=21,followerCommit=20
2021-10-24 12:59:38,088 [grpc-default-executor-1] INFO  leader.FollowerInfo (FollowerInfoImpl.java:lambda$new$0(47)) - omNode-3@group-523986131536->omNode-1: nextIndex: updateUnconditionally 31 -> 21
2021-10-24 12:59:38,589 [grpc-default-executor-1] INFO  server.RaftServer$Division (RaftServerImpl.java:checkInconsistentAppendEntries(1322)) - omNode-1@group-523986131536: Failed appendEntries as previous log entry ((t:5, i:30)) is not found
2021-10-24 12:59:38,589 [grpc-default-executor-1] INFO  server.RaftServer$Division (RaftServerImpl.java:checkInconsistentAppendEntries(1288)) - omNode-1@group-523986131536: inconsistency entries. Reply:omNode-3<-omNode-1#5215:FAIL-t5,INCONSISTENCY,nextIndex=21,followerCommit=20
2021-10-24 12:59:38,590 [grpc-default-executor-1] INFO  leader.FollowerInfo (FollowerInfoImpl.java:lambda$new$0(47)) - omNode-3@group-523986131536->omNode-1: nextIndex: updateUnconditionally 31 -> 21
2021-10-24 12:59:39,091 [grpc-default-executor-7] INFO  server.RaftServer$Division (RaftServerImpl.java:checkInconsistentAppendEntries(1322)) - omNode-1@group-523986131536: Failed appendEntries as previous log entry ((t:5, i:30)) is not found
2021-10-24 12:59:39,091 [grpc-default-executor-7] INFO  server.RaftServer$Division (RaftServerImpl.java:checkInconsistentAppendEntries(1288)) - omNode-1@group-523986131536: inconsistency entries. Reply:omNode-3<-omNode-1#5266:FAIL-t5,INCONSISTENCY,nextIndex=21,followerCommit=20
2021-10-24 12:59:39,092 [grpc-default-executor-7] INFO  leader.FollowerInfo (FollowerInfoImpl.java:lambda$new$0(47)) - omNode-3@group-523986131536->omNode-1: nextIndex: updateUnconditionally 31 -> 21
2021-10-24 12:59:39,593 [grpc-default-executor-1] INFO  server.RaftServer$Division (RaftServerImpl.java:checkInconsistentAppendEntries(1322)) - omNode-1@group-523986131536: Failed appendEntries as previous log entry ((t:5, i:30)) is not found
2021-10-24 12:59:39,593 [grpc-default-executor-1] INFO  server.RaftServer$Division (RaftServerImpl.java:checkInconsistentAppendEntries(1288)) - omNode-1@group-523986131536: inconsistency entries. Reply:omNode-3<-omNode-1#5317:FAIL-t5,INCONSISTENCY,nextIndex=21,followerCommit=20
2021-10-24 12:59:39,593 [grpc-default-executor-1] INFO  leader.FollowerInfo (FollowerInfoImpl.java:lambda$new$0(47)) - omNode-3@group-523986131536->omNode-1: nextIndex: updateUnconditionally 31 -> 21
2021-10-24 12:59:40,095 [grpc-default-executor-7] INFO  server.RaftServer$Division (RaftServerImpl.java:checkInconsistentAppendEntries(1322)) - omNode-1@group-523986131536: Failed appendEntries as previous log entry ((t:5, i:30)) is not found
2021-10-24 12:59:40,096 [grpc-default-executor-7] INFO  server.RaftServer$Division (RaftServerImpl.java:checkInconsistentAppendEntries(1288)) - omNode-1@group-523986131536: inconsistency entries. Reply:omNode-3<-omNode-1#5368:FAIL-t5,INCONSISTENCY,nextIndex=21,followerCommit=20
2021-10-24 12:59:40,096 [grpc-default-executor-7] INFO  leader.FollowerInfo (FollowerInfoImpl.java:lambda$new$0(47)) - omNode-3@group-523986131536->omNode-1: nextIndex: updateUnconditionally 31 -> 21
2021-10-24 12:59:40,597 [grpc-default-executor-7] INFO  server.RaftServer$Division (RaftServerImpl.java:checkInconsistentAppendEntries(1322)) - omNode-1@group-523986131536: Failed appendEntries as previous log entry ((t:5, i:30)) is not found
2021-10-24 12:59:40,597 [grpc-default-executor-7] INFO  server.RaftServer$Division (RaftServerImpl.java:checkInconsistentAppendEntries(1288)) - omNode-1@group-523986131536: inconsistency entries. Reply:omNode-3<-omNode-1#5419:FAIL-t5,INCONSISTENCY,nextIndex=21,followerCommit=20
2021-10-24 12:59:40,598 [grpc-default-executor-7] INFO  leader.FollowerInfo (FollowerInfoImpl.java:lambda$new$0(47)) - omNode-3@group-523986131536->omNode-1: nextIndex: updateUnconditionally 31 -> 21
2021-10-24 12:59:41,099 [grpc-default-executor-1] INFO  server.RaftServer$Division (RaftServerImpl.java:checkInconsistentAppendEntries(1322)) - omNode-1@group-523986131536: Failed appendEntries as previous log entry ((t:5, i:30)) is not found
2021-10-24 12:59:41,099 [grpc-default-executor-1] INFO  server.RaftServer$Division (RaftServerImpl.java:checkInconsistentAppendEntries(1288)) - omNode-1@group-523986131536: inconsistency entries. Reply:omNode-3<-omNode-1#5470:FAIL-t5,INCONSISTENCY,nextIndex=21,followerCommit=20
2021-10-24 12:59:41,100 [grpc-default-executor-1] INFO  leader.FollowerInfo (FollowerInfoImpl.java:lambda$new$0(47)) - omNode-3@group-523986131536->omNode-1: nextIndex: updateUnconditionally 31 -> 21
2021-10-24 12:59:41,601 [grpc-default-executor-7] INFO  server.RaftServer$Division (RaftServerImpl.java:checkInconsistentAppendEntries(1322)) - omNode-1@group-523986131536: Failed appendEntries as previous log entry ((t:5, i:30)) is not found
2021-10-24 12:59:41,602 [grpc-default-executor-7] INFO  server.RaftServer$Division (RaftServerImpl.java:checkInconsistentAppendEntries(1288)) - omNode-1@group-523986131536: inconsistency entries. Reply:omNode-3<-omNode-1#5521:FAIL-t5,INCONSISTENCY,nextIndex=21,followerCommit=20
2021-10-24 12:59:41,602 [grpc-default-executor-7] INFO  leader.FollowerInfo (FollowerInfoImpl.java:lambda$new$0(47)) - omNode-3@group-523986131536->omNode-1: nextIndex: updateUnconditionally 31 -> 21
2021-10-24 12:59:42,103 [grpc-default-executor-1] INFO  server.RaftServer$Division (RaftServerImpl.java:checkInconsistentAppendEntries(1322)) - omNode-1@group-523986131536: Failed appendEntries as previous log entry ((t:5, i:30)) is not found
2021-10-24 12:59:42,104 [grpc-default-executor-1] INFO  server.RaftServer$Division (RaftServerImpl.java:checkInconsistentAppendEntries(1288)) - omNode-1@group-523986131536: inconsistency entries. Reply:omNode-3<-omNode-1#5572:FAIL-t5,INCONSISTENCY,nextIndex=21,followerCommit=20
2021-10-24 12:59:42,104 [grpc-default-executor-1] INFO  leader.FollowerInfo (FollowerInfoImpl.java:lambda$new$0(47)) - omNode-3@group-523986131536->omNode-1: nextIndex: updateUnconditionally 31 -> 21
2021-10-24 12:59:42,605 [grpc-default-executor-7] INFO  server.RaftServer$Division (RaftServerImpl.java:checkInconsistentAppendEntries(1322)) - omNode-1@group-523986131536: Failed appendEntries as previous log entry ((t:5, i:30)) is not found
2021-10-24 12:59:42,606 [grpc-default-executor-7] INFO  server.RaftServer$Division (RaftServerImpl.java:checkInconsistentAppendEntries(1288)) - omNode-1@group-523986131536: inconsistency entries. Reply:omNode-3<-omNode-1#5623:FAIL-t5,INCONSISTENCY,nextIndex=21,followerCommit=20
2021-10-24 12:59:42,606 [grpc-default-executor-7] INFO  leader.FollowerInfo (FollowerInfoImpl.java:lambda$new$0(47)) - omNode-3@group-523986131536->omNode-1: nextIndex: updateUnconditionally 31 -> 21
2021-10-24 12:59:43,108 [grpc-default-executor-7] INFO  server.RaftServer$Division (RaftServerImpl.java:checkInconsistentAppendEntries(1322)) - omNode-1@group-523986131536: Failed appendEntries as previous log entry ((t:5, i:30)) is not found
2021-10-24 12:59:43,108 [grpc-default-executor-7] INFO  server.RaftServer$Division (RaftServerImpl.java:checkInconsistentAppendEntries(1288)) - omNode-1@group-523986131536: inconsistency entries. Reply:omNode-3<-omNode-1#5674:FAIL-t5,INCONSISTENCY,nextIndex=21,followerCommit=20
2021-10-24 12:59:43,109 [grpc-default-executor-7] INFO  leader.FollowerInfo (FollowerInfoImpl.java:lambda$new$0(47)) - omNode-3@group-523986131536->omNode-1: nextIndex: updateUnconditionally 31 -> 21
2021-10-24 12:59:43,610 [grpc-default-executor-7] INFO  server.RaftServer$Division (RaftServerImpl.java:checkInconsistentAppendEntries(1322)) - omNode-1@group-523986131536: Failed appendEntries as previous log entry ((t:5, i:30)) is not found
2021-10-24 12:59:43,611 [grpc-default-executor-7] INFO  server.RaftServer$Division (RaftServerImpl.java:checkInconsistentAppendEntries(1288)) - omNode-1@group-523986131536: inconsistency entries. Reply:omNode-3<-omNode-1#5725:FAIL-t5,INCONSISTENCY,nextIndex=21,followerCommit=20
2021-10-24 12:59:43,611 [grpc-default-executor-7] INFO  leader.FollowerInfo (FollowerInfoImpl.java:lambda$new$0(47)) - omNode-3@group-523986131536->omNode-1: nextIndex: updateUnconditionally 31 -> 21
2021-10-24 12:59:44,112 [grpc-default-executor-7] INFO  server.RaftServer$Division (RaftServerImpl.java:checkInconsistentAppendEntries(1322)) - omNode-1@group-523986131536: Failed appendEntries as previous log entry ((t:5, i:30)) is not found
2021-10-24 12:59:44,112 [grpc-default-executor-7] INFO  server.RaftServer$Division (RaftServerImpl.java:checkInconsistentAppendEntries(1288)) - omNode-1@group-523986131536: inconsistency entries. Reply:omNode-3<-omNode-1#5776:FAIL-t5,INCONSISTENCY,nextIndex=21,followerCommit=20
2021-10-24 12:59:44,112 [grpc-default-executor-7] INFO  leader.FollowerInfo (FollowerInfoImpl.java:lambda$new$0(47)) - omNode-3@group-523986131536->omNode-1: nextIndex: updateUnconditionally 31 -> 21
2021-10-24 12:59:44,613 [grpc-default-executor-7] INFO  server.RaftServer$Division (RaftServerImpl.java:checkInconsistentAppendEntries(1322)) - omNode-1@group-523986131536: Failed appendEntries as previous log entry ((t:5, i:30)) is not found
2021-10-24 12:59:44,613 [grpc-default-executor-7] INFO  server.RaftServer$Division (RaftServerImpl.java:checkInconsistentAppendEntries(1288)) - omNode-1@group-523986131536: inconsistency entries. Reply:omNode-3<-omNode-1#5827:FAIL-t5,INCONSISTENCY,nextIndex=21,followerCommit=20
2021-10-24 12:59:44,614 [grpc-default-executor-7] INFO  leader.FollowerInfo (FollowerInfoImpl.java:lambda$new$0(47)) - omNode-3@group-523986131536->omNode-1: nextIndex: updateUnconditionally 31 -> 21
2021-10-24 12:59:45,115 [grpc-default-executor-7] INFO  server.RaftServer$Division (RaftServerImpl.java:checkInconsistentAppendEntries(1322)) - omNode-1@group-523986131536: Failed appendEntries as previous log entry ((t:5, i:30)) is not found
2021-10-24 12:59:45,115 [grpc-default-executor-7] INFO  server.RaftServer$Division (RaftServerImpl.java:checkInconsistentAppendEntries(1288)) - omNode-1@group-523986131536: inconsistency entries. Reply:omNode-3<-omNode-1#5878:FAIL-t5,INCONSISTENCY,nextIndex=21,followerCommit=20
2021-10-24 12:59:45,115 [grpc-default-executor-7] INFO  leader.FollowerInfo (FollowerInfoImpl.java:lambda$new$0(47)) - omNode-3@group-523986131536->omNode-1: nextIndex: updateUnconditionally 31 -> 21
2021-10-24 12:59:45,617 [grpc-default-executor-7] INFO  server.RaftServer$Division (RaftServerImpl.java:checkInconsistentAppendEntries(1322)) - omNode-1@group-523986131536: Failed appendEntries as previous log entry ((t:5, i:30)) is not found
2021-10-24 12:59:45,617 [grpc-default-executor-7] INFO  server.RaftServer$Division (RaftServerImpl.java:checkInconsistentAppendEntries(1288)) - omNode-1@group-523986131536: inconsistency entries. Reply:omNode-3<-omNode-1#5929:FAIL-t5,INCONSISTENCY,nextIndex=21,followerCommit=20
2021-10-24 12:59:45,617 [grpc-default-executor-7] INFO  leader.FollowerInfo (FollowerInfoImpl.java:lambda$new$0(47)) - omNode-3@group-523986131536->omNode-1: nextIndex: updateUnconditionally 31 -> 21
2021-10-24 12:59:46,118 [grpc-default-executor-7] INFO  server.RaftServer$Division (RaftServerImpl.java:checkInconsistentAppendEntries(1322)) - omNode-1@group-523986131536: Failed appendEntries as previous log entry ((t:5, i:30)) is not found
2021-10-24 12:59:46,119 [grpc-default-executor-7] INFO  server.RaftServer$Division (RaftServerImpl.java:checkInconsistentAppendEntries(1288)) - omNode-1@group-523986131536: inconsistency entries. Reply:omNode-3<-omNode-1#5980:FAIL-t5,INCONSISTENCY,nextIndex=21,followerCommit=20
2021-10-24 12:59:46,119 [grpc-default-executor-7] INFO  leader.FollowerInfo (FollowerInfoImpl.java:lambda$new$0(47)) - omNode-3@group-523986131536->omNode-1: nextIndex: updateUnconditionally 31 -> 21
2021-10-24 12:59:46,621 [grpc-default-executor-7] INFO  server.RaftServer$Division (RaftServerImpl.java:checkInconsistentAppendEntries(1322)) - omNode-1@group-523986131536: Failed appendEntries as previous log entry ((t:5, i:30)) is not found
2021-10-24 12:59:46,621 [grpc-default-executor-7] INFO  server.RaftServer$Division (RaftServerImpl.java:checkInconsistentAppendEntries(1288)) - omNode-1@group-523986131536: inconsistency entries. Reply:omNode-3<-omNode-1#6031:FAIL-t5,INCONSISTENCY,nextIndex=21,followerCommit=20
2021-10-24 12:59:46,621 [grpc-default-executor-7] INFO  leader.FollowerInfo (FollowerInfoImpl.java:lambda$new$0(47)) - omNode-3@group-523986131536->omNode-1: nextIndex: updateUnconditionally 31 -> 21
2021-10-24 12:59:47,122 [grpc-default-executor-7] INFO  server.RaftServer$Division (RaftServerImpl.java:checkInconsistentAppendEntries(1322)) - omNode-1@group-523986131536: Failed appendEntries as previous log entry ((t:5, i:30)) is not found
2021-10-24 12:59:47,122 [grpc-default-executor-7] INFO  server.RaftServer$Division (RaftServerImpl.java:checkInconsistentAppendEntries(1288)) - omNode-1@group-523986131536: inconsistency entries. Reply:omNode-3<-omNode-1#6082:FAIL-t5,INCONSISTENCY,nextIndex=21,followerCommit=20
2021-10-24 12:59:47,123 [grpc-default-executor-7] INFO  leader.FollowerInfo (FollowerInfoImpl.java:lambda$new$0(47)) - omNode-3@group-523986131536->omNode-1: nextIndex: updateUnconditionally 31 -> 21
2021-10-24 12:59:47,624 [grpc-default-executor-1] INFO  server.RaftServer$Division (RaftServerImpl.java:checkInconsistentAppendEntries(1322)) - omNode-1@group-523986131536: Failed appendEntries as previous log entry ((t:5, i:30)) is not found
2021-10-24 12:59:47,624 [grpc-default-executor-1] INFO  server.RaftServer$Division (RaftServerImpl.java:checkInconsistentAppendEntries(1288)) - omNode-1@group-523986131536: inconsistency entries. Reply:omNode-3<-omNode-1#6133:FAIL-t5,INCONSISTENCY,nextIndex=21,followerCommit=20
2021-10-24 12:59:47,626 [grpc-default-executor-1] INFO  leader.FollowerInfo (FollowerInfoImpl.java:lambda$new$0(47)) - omNode-3@group-523986131536->omNode-1: nextIndex: updateUnconditionally 31 -> 21
2021-10-24 12:59:48,128 [grpc-default-executor-1] INFO  server.RaftServer$Division (RaftServerImpl.java:checkInconsistentAppendEntries(1322)) - omNode-1@group-523986131536: Failed appendEntries as previous log entry ((t:5, i:30)) is not found
2021-10-24 12:59:48,128 [grpc-default-executor-1] INFO  server.RaftServer$Division (RaftServerImpl.java:checkInconsistentAppendEntries(1288)) - omNode-1@group-523986131536: inconsistency entries. Reply:omNode-3<-omNode-1#6184:FAIL-t5,INCONSISTENCY,nextIndex=21,followerCommit=20
2021-10-24 12:59:48,131 [grpc-default-executor-1] INFO  leader.FollowerInfo (FollowerInfoImpl.java:lambda$new$0(47)) - omNode-3@group-523986131536->omNode-1: nextIndex: updateUnconditionally 31 -> 21
2021-10-24 12:59:48,631 [grpc-default-executor-1] INFO  server.RaftServer$Division (RaftServerImpl.java:checkInconsistentAppendEntries(1322)) - omNode-1@group-523986131536: Failed appendEntries as previous log entry ((t:5, i:30)) is not found
2021-10-24 12:59:48,632 [grpc-default-executor-1] INFO  server.RaftServer$Division (RaftServerImpl.java:checkInconsistentAppendEntries(1288)) - omNode-1@group-523986131536: inconsistency entries. Reply:omNode-3<-omNode-1#6235:FAIL-t5,INCONSISTENCY,nextIndex=21,followerCommit=20
2021-10-24 12:59:48,632 [grpc-default-executor-1] INFO  leader.FollowerInfo (FollowerInfoImpl.java:lambda$new$0(47)) - omNode-3@group-523986131536->omNode-1: nextIndex: updateUnconditionally 31 -> 21
2021-10-24 12:59:49,133 [grpc-default-executor-1] INFO  server.RaftServer$Division (RaftServerImpl.java:checkInconsistentAppendEntries(1322)) - omNode-1@group-523986131536: Failed appendEntries as previous log entry ((t:5, i:30)) is not found
2021-10-24 12:59:49,133 [grpc-default-executor-1] INFO  server.RaftServer$Division (RaftServerImpl.java:checkInconsistentAppendEntries(1288)) - omNode-1@group-523986131536: inconsistency entries. Reply:omNode-3<-omNode-1#6286:FAIL-t5,INCONSISTENCY,nextIndex=21,followerCommit=20
2021-10-24 12:59:49,133 [grpc-default-executor-1] INFO  leader.FollowerInfo (FollowerInfoImpl.java:lambda$new$0(47)) - omNode-3@group-523986131536->omNode-1: nextIndex: updateUnconditionally 31 -> 21
2021-10-24 12:59:49,634 [grpc-default-executor-1] INFO  server.RaftServer$Division (RaftServerImpl.java:checkInconsistentAppendEntries(1322)) - omNode-1@group-523986131536: Failed appendEntries as previous log entry ((t:5, i:30)) is not found
2021-10-24 12:59:49,635 [grpc-default-executor-1] INFO  server.RaftServer$Division (RaftServerImpl.java:checkInconsistentAppendEntries(1288)) - omNode-1@group-523986131536: inconsistency entries. Reply:omNode-3<-omNode-1#6337:FAIL-t5,INCONSISTENCY,nextIndex=21,followerCommit=20
2021-10-24 12:59:49,635 [grpc-default-executor-1] INFO  leader.FollowerInfo (FollowerInfoImpl.java:lambda$new$0(47)) - omNode-3@group-523986131536->omNode-1: nextIndex: updateUnconditionally 31 -> 21
2021-10-24 12:59:50,136 [grpc-default-executor-1] INFO  server.RaftServer$Division (RaftServerImpl.java:checkInconsistentAppendEntries(1322)) - omNode-1@group-523986131536: Failed appendEntries as previous log entry ((t:5, i:30)) is not found
2021-10-24 12:59:50,136 [grpc-default-executor-1] INFO  server.RaftServer$Division (RaftServerImpl.java:checkInconsistentAppendEntries(1288)) - omNode-1@group-523986131536: inconsistency entries. Reply:omNode-3<-omNode-1#6388:FAIL-t5,INCONSISTENCY,nextIndex=21,followerCommit=20
2021-10-24 12:59:50,136 [grpc-default-executor-1] INFO  leader.FollowerInfo (FollowerInfoImpl.java:lambda$new$0(47)) - omNode-3@group-523986131536->omNode-1: nextIndex: updateUnconditionally 31 -> 21
2021-10-24 12:59:50,637 [grpc-default-executor-1] INFO  server.RaftServer$Division (RaftServerImpl.java:checkInconsistentAppendEntries(1322)) - omNode-1@group-523986131536: Failed appendEntries as previous log entry ((t:5, i:30)) is not found
2021-10-24 12:59:50,638 [grpc-default-executor-1] INFO  server.RaftServer$Division (RaftServerImpl.java:checkInconsistentAppendEntries(1288)) - omNode-1@group-523986131536: inconsistency entries. Reply:omNode-3<-omNode-1#6439:FAIL-t5,INCONSISTENCY,nextIndex=21,followerCommit=20
2021-10-24 12:59:50,638 [grpc-default-executor-1] INFO  leader.FollowerInfo (FollowerInfoImpl.java:lambda$new$0(47)) - omNode-3@group-523986131536->omNode-1: nextIndex: updateUnconditionally 31 -> 21
2021-10-24 12:59:51,139 [grpc-default-executor-1] INFO  server.RaftServer$Division (RaftServerImpl.java:checkInconsistentAppendEntries(1322)) - omNode-1@group-523986131536: Failed appendEntries as previous log entry ((t:5, i:30)) is not found
2021-10-24 12:59:51,140 [grpc-default-executor-1] INFO  server.RaftServer$Division (RaftServerImpl.java:checkInconsistentAppendEntries(1288)) - omNode-1@group-523986131536: inconsistency entries. Reply:omNode-3<-omNode-1#6490:FAIL-t5,INCONSISTENCY,nextIndex=21,followerCommit=20
2021-10-24 12:59:51,140 [grpc-default-executor-1] INFO  leader.FollowerInfo (FollowerInfoImpl.java:lambda$new$0(47)) - omNode-3@group-523986131536->omNode-1: nextIndex: updateUnconditionally 31 -> 21
2021-10-24 12:59:51,641 [grpc-default-executor-1] INFO  server.RaftServer$Division (RaftServerImpl.java:checkInconsistentAppendEntries(1322)) - omNode-1@group-523986131536: Failed appendEntries as previous log entry ((t:5, i:30)) is not found
2021-10-24 12:59:51,641 [grpc-default-executor-1] INFO  server.RaftServer$Division (RaftServerImpl.java:checkInconsistentAppendEntries(1288)) - omNode-1@group-523986131536: inconsistency entries. Reply:omNode-3<-omNode-1#6541:FAIL-t5,INCONSISTENCY,nextIndex=21,followerCommit=20
2021-10-24 12:59:51,641 [grpc-default-executor-1] INFO  leader.FollowerInfo (FollowerInfoImpl.java:lambda$new$0(47)) - omNode-3@group-523986131536->omNode-1: nextIndex: updateUnconditionally 31 -> 21
2021-10-24 12:59:52,142 [grpc-default-executor-1] INFO  server.RaftServer$Division (RaftServerImpl.java:checkInconsistentAppendEntries(1322)) - omNode-1@group-523986131536: Failed appendEntries as previous log entry ((t:5, i:30)) is not found
2021-10-24 12:59:52,143 [grpc-default-executor-1] INFO  server.RaftServer$Division (RaftServerImpl.java:checkInconsistentAppendEntries(1288)) - omNode-1@group-523986131536: inconsistency entries. Reply:omNode-3<-omNode-1#6592:FAIL-t5,INCONSISTENCY,nextIndex=21,followerCommit=20
2021-10-24 12:59:52,143 [grpc-default-executor-1] INFO  leader.FollowerInfo (FollowerInfoImpl.java:lambda$new$0(47)) - omNode-3@group-523986131536->omNode-1: nextIndex: updateUnconditionally 31 -> 21
2021-10-24 12:59:52,644 [grpc-default-executor-1] INFO  server.RaftServer$Division (RaftServerImpl.java:checkInconsistentAppendEntries(1322)) - omNode-1@group-523986131536: Failed appendEntries as previous log entry ((t:5, i:30)) is not found
2021-10-24 12:59:52,645 [grpc-default-executor-1] INFO  server.RaftServer$Division (RaftServerImpl.java:checkInconsistentAppendEntries(1288)) - omNode-1@group-523986131536: inconsistency entries. Reply:omNode-3<-omNode-1#6643:FAIL-t5,INCONSISTENCY,nextIndex=21,followerCommit=20
2021-10-24 12:59:52,645 [grpc-default-executor-1] INFO  leader.FollowerInfo (FollowerInfoImpl.java:lambda$new$0(47)) - omNode-3@group-523986131536->omNode-1: nextIndex: updateUnconditionally 31 -> 21
2021-10-24 12:59:53,146 [grpc-default-executor-1] INFO  server.RaftServer$Division (RaftServerImpl.java:checkInconsistentAppendEntries(1322)) - omNode-1@group-523986131536: Failed appendEntries as previous log entry ((t:5, i:30)) is not found
2021-10-24 12:59:53,146 [grpc-default-executor-1] INFO  server.RaftServer$Division (RaftServerImpl.java:checkInconsistentAppendEntries(1288)) - omNode-1@group-523986131536: inconsistency entries. Reply:omNode-3<-omNode-1#6694:FAIL-t5,INCONSISTENCY,nextIndex=21,followerCommit=20
2021-10-24 12:59:53,147 [grpc-default-executor-1] INFO  leader.FollowerInfo (FollowerInfoImpl.java:lambda$new$0(47)) - omNode-3@group-523986131536->omNode-1: nextIndex: updateUnconditionally 31 -> 21
2021-10-24 12:59:53,648 [grpc-default-executor-7] INFO  server.RaftServer$Division (RaftServerImpl.java:checkInconsistentAppendEntries(1322)) - omNode-1@group-523986131536: Failed appendEntries as previous log entry ((t:5, i:30)) is not found
2021-10-24 12:59:53,649 [grpc-default-executor-7] INFO  server.RaftServer$Division (RaftServerImpl.java:checkInconsistentAppendEntries(1288)) - omNode-1@group-523986131536: inconsistency entries. Reply:omNode-3<-omNode-1#6745:FAIL-t5,INCONSISTENCY,nextIndex=21,followerCommit=20
2021-10-24 12:59:53,649 [grpc-default-executor-7] INFO  leader.FollowerInfo (FollowerInfoImpl.java:lambda$new$0(47)) - omNode-3@group-523986131536->omNode-1: nextIndex: updateUnconditionally 31 -> 21
2021-10-24 12:59:54,150 [grpc-default-executor-7] INFO  server.RaftServer$Division (RaftServerImpl.java:checkInconsistentAppendEntries(1322)) - omNode-1@group-523986131536: Failed appendEntries as previous log entry ((t:5, i:30)) is not found
2021-10-24 12:59:54,150 [grpc-default-executor-7] INFO  server.RaftServer$Division (RaftServerImpl.java:checkInconsistentAppendEntries(1288)) - omNode-1@group-523986131536: inconsistency entries. Reply:omNode-3<-omNode-1#6796:FAIL-t5,INCONSISTENCY,nextIndex=21,followerCommit=20
2021-10-24 12:59:54,151 [grpc-default-executor-7] INFO  leader.FollowerInfo (FollowerInfoImpl.java:lambda$new$0(47)) - omNode-3@group-523986131536->omNode-1: nextIndex: updateUnconditionally 31 -> 21
2021-10-24 12:59:54,652 [grpc-default-executor-7] INFO  server.RaftServer$Division (RaftServerImpl.java:checkInconsistentAppendEntries(1322)) - omNode-1@group-523986131536: Failed appendEntries as previous log entry ((t:5, i:30)) is not found
2021-10-24 12:59:54,652 [grpc-default-executor-7] INFO  server.RaftServer$Division (RaftServerImpl.java:checkInconsistentAppendEntries(1288)) - omNode-1@group-523986131536: inconsistency entries. Reply:omNode-3<-omNode-1#6847:FAIL-t5,INCONSISTENCY,nextIndex=21,followerCommit=20
2021-10-24 12:59:54,652 [grpc-default-executor-7] INFO  leader.FollowerInfo (FollowerInfoImpl.java:lambda$new$0(47)) - omNode-3@group-523986131536->omNode-1: nextIndex: updateUnconditionally 31 -> 21
2021-10-24 12:59:55,154 [grpc-default-executor-7] INFO  server.RaftServer$Division (RaftServerImpl.java:checkInconsistentAppendEntries(1322)) - omNode-1@group-523986131536: Failed appendEntries as previous log entry ((t:5, i:30)) is not found
2021-10-24 12:59:55,154 [grpc-default-executor-7] INFO  server.RaftServer$Division (RaftServerImpl.java:checkInconsistentAppendEntries(1288)) - omNode-1@group-523986131536: inconsistency entries. Reply:omNode-3<-omNode-1#6898:FAIL-t5,INCONSISTENCY,nextIndex=21,followerCommit=20
2021-10-24 12:59:55,154 [grpc-default-executor-7] INFO  leader.FollowerInfo (FollowerInfoImpl.java:lambda$new$0(47)) - omNode-3@group-523986131536->omNode-1: nextIndex: updateUnconditionally 31 -> 21
2021-10-24 12:59:55,655 [grpc-default-executor-7] INFO  server.RaftServer$Division (RaftServerImpl.java:checkInconsistentAppendEntries(1322)) - omNode-1@group-523986131536: Failed appendEntries as previous log entry ((t:5, i:30)) is not found
2021-10-24 12:59:55,655 [grpc-default-executor-7] INFO  server.RaftServer$Division (RaftServerImpl.java:checkInconsistentAppendEntries(1288)) - omNode-1@group-523986131536: inconsistency entries. Reply:omNode-3<-omNode-1#6949:FAIL-t5,INCONSISTENCY,nextIndex=21,followerCommit=20
2021-10-24 12:59:55,655 [grpc-default-executor-7] INFO  leader.FollowerInfo (FollowerInfoImpl.java:lambda$new$0(47)) - omNode-3@group-523986131536->omNode-1: nextIndex: updateUnconditionally 31 -> 21
2021-10-24 12:59:56,156 [grpc-default-executor-7] INFO  server.RaftServer$Division (RaftServerImpl.java:checkInconsistentAppendEntries(1322)) - omNode-1@group-523986131536: Failed appendEntries as previous log entry ((t:5, i:30)) is not found
2021-10-24 12:59:56,157 [grpc-default-executor-7] INFO  server.RaftServer$Division (RaftServerImpl.java:checkInconsistentAppendEntries(1288)) - omNode-1@group-523986131536: inconsistency entries. Reply:omNode-3<-omNode-1#7000:FAIL-t5,INCONSISTENCY,nextIndex=21,followerCommit=20
2021-10-24 12:59:56,157 [grpc-default-executor-7] INFO  leader.FollowerInfo (FollowerInfoImpl.java:lambda$new$0(47)) - omNode-3@group-523986131536->omNode-1: nextIndex: updateUnconditionally 31 -> 21
2021-10-24 12:59:56,658 [grpc-default-executor-1] INFO  server.RaftServer$Division (RaftServerImpl.java:checkInconsistentAppendEntries(1322)) - omNode-1@group-523986131536: Failed appendEntries as previous log entry ((t:5, i:30)) is not found
2021-10-24 12:59:56,658 [grpc-default-executor-1] INFO  server.RaftServer$Division (RaftServerImpl.java:checkInconsistentAppendEntries(1288)) - omNode-1@group-523986131536: inconsistency entries. Reply:omNode-3<-omNode-1#7051:FAIL-t5,INCONSISTENCY,nextIndex=21,followerCommit=20
2021-10-24 12:59:56,659 [grpc-default-executor-1] INFO  leader.FollowerInfo (FollowerInfoImpl.java:lambda$new$0(47)) - omNode-3@group-523986131536->omNode-1: nextIndex: updateUnconditionally 31 -> 21
2021-10-24 12:59:57,160 [grpc-default-executor-7] INFO  server.RaftServer$Division (RaftServerImpl.java:checkInconsistentAppendEntries(1322)) - omNode-1@group-523986131536: Failed appendEntries as previous log entry ((t:5, i:30)) is not found
2021-10-24 12:59:57,160 [grpc-default-executor-7] INFO  server.RaftServer$Division (RaftServerImpl.java:checkInconsistentAppendEntries(1288)) - omNode-1@group-523986131536: inconsistency entries. Reply:omNode-3<-omNode-1#7102:FAIL-t5,INCONSISTENCY,nextIndex=21,followerCommit=20
2021-10-24 12:59:57,160 [grpc-default-executor-7] INFO  leader.FollowerInfo (FollowerInfoImpl.java:lambda$new$0(47)) - omNode-3@group-523986131536->omNode-1: nextIndex: updateUnconditionally 31 -> 21
2021-10-24 12:59:57,662 [grpc-default-executor-7] INFO  server.RaftServer$Division (RaftServerImpl.java:checkInconsistentAppendEntries(1322)) - omNode-1@group-523986131536: Failed appendEntries as previous log entry ((t:5, i:30)) is not found
2021-10-24 12:59:57,662 [grpc-default-executor-7] INFO  server.RaftServer$Division (RaftServerImpl.java:checkInconsistentAppendEntries(1288)) - omNode-1@group-523986131536: inconsistency entries. Reply:omNode-3<-omNode-1#7153:FAIL-t5,INCONSISTENCY,nextIndex=21,followerCommit=20
2021-10-24 12:59:57,662 [grpc-default-executor-1] INFO  leader.FollowerInfo (FollowerInfoImpl.java:lambda$new$0(47)) - omNode-3@group-523986131536->omNode-1: nextIndex: updateUnconditionally 31 -> 21
2021-10-24 12:59:58,163 [grpc-default-executor-7] INFO  server.RaftServer$Division (RaftServerImpl.java:checkInconsistentAppendEntries(1322)) - omNode-1@group-523986131536: Failed appendEntries as previous log entry ((t:5, i:30)) is not found
2021-10-24 12:59:58,164 [grpc-default-executor-7] INFO  server.RaftServer$Division (RaftServerImpl.java:checkInconsistentAppendEntries(1288)) - omNode-1@group-523986131536: inconsistency entries. Reply:omNode-3<-omNode-1#7204:FAIL-t5,INCONSISTENCY,nextIndex=21,followerCommit=20
2021-10-24 12:59:58,164 [grpc-default-executor-7] INFO  leader.FollowerInfo (FollowerInfoImpl.java:lambda$new$0(47)) - omNode-3@group-523986131536->omNode-1: nextIndex: updateUnconditionally 31 -> 21
2021-10-24 12:59:58,666 [grpc-default-executor-7] INFO  server.RaftServer$Division (RaftServerImpl.java:checkInconsistentAppendEntries(1322)) - omNode-1@group-523986131536: Failed appendEntries as previous log entry ((t:5, i:30)) is not found
2021-10-24 12:59:58,666 [grpc-default-executor-7] INFO  server.RaftServer$Division (RaftServerImpl.java:checkInconsistentAppendEntries(1288)) - omNode-1@group-523986131536: inconsistency entries. Reply:omNode-3<-omNode-1#7255:FAIL-t5,INCONSISTENCY,nextIndex=21,followerCommit=20
2021-10-24 12:59:58,666 [grpc-default-executor-7] INFO  leader.FollowerInfo (FollowerInfoImpl.java:lambda$new$0(47)) - omNode-3@group-523986131536->omNode-1: nextIndex: updateUnconditionally 31 -> 21
2021-10-24 12:59:59,167 [grpc-default-executor-7] INFO  server.RaftServer$Division (RaftServerImpl.java:checkInconsistentAppendEntries(1322)) - omNode-1@group-523986131536: Failed appendEntries as previous log entry ((t:5, i:30)) is not found
2021-10-24 12:59:59,167 [grpc-default-executor-7] INFO  server.RaftServer$Division (RaftServerImpl.java:checkInconsistentAppendEntries(1288)) - omNode-1@group-523986131536: inconsistency entries. Reply:omNode-3<-omNode-1#7306:FAIL-t5,INCONSISTENCY,nextIndex=21,followerCommit=20
2021-10-24 12:59:59,168 [grpc-default-executor-7] INFO  leader.FollowerInfo (FollowerInfoImpl.java:lambda$new$0(47)) - omNode-3@group-523986131536->omNode-1: nextIndex: updateUnconditionally 31 -> 21
2021-10-24 12:59:59,669 [grpc-default-executor-7] INFO  server.RaftServer$Division (RaftServerImpl.java:checkInconsistentAppendEntries(1322)) - omNode-1@group-523986131536: Failed appendEntries as previous log entry ((t:5, i:30)) is not found
2021-10-24 12:59:59,669 [grpc-default-executor-7] INFO  server.RaftServer$Division (RaftServerImpl.java:checkInconsistentAppendEntries(1288)) - omNode-1@group-523986131536: inconsistency entries. Reply:omNode-3<-omNode-1#7357:FAIL-t5,INCONSISTENCY,nextIndex=21,followerCommit=20
2021-10-24 12:59:59,670 [grpc-default-executor-7] INFO  leader.FollowerInfo (FollowerInfoImpl.java:lambda$new$0(47)) - omNode-3@group-523986131536->omNode-1: nextIndex: updateUnconditionally 31 -> 21
2021-10-24 13:00:00,171 [grpc-default-executor-7] INFO  server.RaftServer$Division (RaftServerImpl.java:checkInconsistentAppendEntries(1322)) - omNode-1@group-523986131536: Failed appendEntries as previous log entry ((t:5, i:30)) is not found
2021-10-24 13:00:00,171 [grpc-default-executor-7] INFO  server.RaftServer$Division (RaftServerImpl.java:checkInconsistentAppendEntries(1288)) - omNode-1@group-523986131536: inconsistency entries. Reply:omNode-3<-omNode-1#7408:FAIL-t5,INCONSISTENCY,nextIndex=21,followerCommit=20
2021-10-24 13:00:00,172 [grpc-default-executor-7] INFO  leader.FollowerInfo (FollowerInfoImpl.java:lambda$new$0(47)) - omNode-3@group-523986131536->omNode-1: nextIndex: updateUnconditionally 31 -> 21
2021-10-24 13:00:00,673 [grpc-default-executor-1] INFO  server.RaftServer$Division (RaftServerImpl.java:checkInconsistentAppendEntries(1322)) - omNode-1@group-523986131536: Failed appendEntries as previous log entry ((t:5, i:30)) is not found
2021-10-24 13:00:00,674 [grpc-default-executor-1] INFO  server.RaftServer$Division (RaftServerImpl.java:checkInconsistentAppendEntries(1288)) - omNode-1@group-523986131536: inconsistency entries. Reply:omNode-3<-omNode-1#7459:FAIL-t5,INCONSISTENCY,nextIndex=21,followerCommit=20
2021-10-24 13:00:00,674 [grpc-default-executor-1] INFO  leader.FollowerInfo (FollowerInfoImpl.java:lambda$new$0(47)) - omNode-3@group-523986131536->omNode-1: nextIndex: updateUnconditionally 31 -> 21
2021-10-24 13:00:01,176 [grpc-default-executor-1] INFO  server.RaftServer$Division (RaftServerImpl.java:checkInconsistentAppendEntries(1322)) - omNode-1@group-523986131536: Failed appendEntries as previous log entry ((t:5, i:30)) is not found
2021-10-24 13:00:01,176 [grpc-default-executor-1] INFO  server.RaftServer$Division (RaftServerImpl.java:checkInconsistentAppendEntries(1288)) - omNode-1@group-523986131536: inconsistency entries. Reply:omNode-3<-omNode-1#7510:FAIL-t5,INCONSISTENCY,nextIndex=21,followerCommit=20
2021-10-24 13:00:01,176 [grpc-default-executor-1] INFO  leader.FollowerInfo (FollowerInfoImpl.java:lambda$new$0(47)) - omNode-3@group-523986131536->omNode-1: nextIndex: updateUnconditionally 31 -> 21
2021-10-24 13:00:01,678 [grpc-default-executor-1] INFO  server.RaftServer$Division (RaftServerImpl.java:checkInconsistentAppendEntries(1322)) - omNode-1@group-523986131536: Failed appendEntries as previous log entry ((t:5, i:30)) is not found
2021-10-24 13:00:01,678 [grpc-default-executor-1] INFO  server.RaftServer$Division (RaftServerImpl.java:checkInconsistentAppendEntries(1288)) - omNode-1@group-523986131536: inconsistency entries. Reply:omNode-3<-omNode-1#7561:FAIL-t5,INCONSISTENCY,nextIndex=21,followerCommit=20
2021-10-24 13:00:01,678 [grpc-default-executor-1] INFO  leader.FollowerInfo (FollowerInfoImpl.java:lambda$new$0(47)) - omNode-3@group-523986131536->omNode-1: nextIndex: updateUnconditionally 31 -> 21
2021-10-24 13:00:02,180 [grpc-default-executor-1] INFO  server.RaftServer$Division (RaftServerImpl.java:checkInconsistentAppendEntries(1322)) - omNode-1@group-523986131536: Failed appendEntries as previous log entry ((t:5, i:30)) is not found
2021-10-24 13:00:02,180 [grpc-default-executor-1] INFO  server.RaftServer$Division (RaftServerImpl.java:checkInconsistentAppendEntries(1288)) - omNode-1@group-523986131536: inconsistency entries. Reply:omNode-3<-omNode-1#7612:FAIL-t5,INCONSISTENCY,nextIndex=21,followerCommit=20
2021-10-24 13:00:02,180 [grpc-default-executor-1] INFO  leader.FollowerInfo (FollowerInfoImpl.java:lambda$new$0(47)) - omNode-3@group-523986131536->omNode-1: nextIndex: updateUnconditionally 31 -> 21
2021-10-24 13:00:02,682 [grpc-default-executor-1] INFO  server.RaftServer$Division (RaftServerImpl.java:checkInconsistentAppendEntries(1322)) - omNode-1@group-523986131536: Failed appendEntries as previous log entry ((t:5, i:30)) is not found
2021-10-24 13:00:02,682 [grpc-default-executor-1] INFO  server.RaftServer$Division (RaftServerImpl.java:checkInconsistentAppendEntries(1288)) - omNode-1@group-523986131536: inconsistency entries. Reply:omNode-3<-omNode-1#7663:FAIL-t5,INCONSISTENCY,nextIndex=21,followerCommit=20
2021-10-24 13:00:02,682 [grpc-default-executor-1] INFO  leader.FollowerInfo (FollowerInfoImpl.java:lambda$new$0(47)) - omNode-3@group-523986131536->omNode-1: nextIndex: updateUnconditionally 31 -> 21
2021-10-24 13:00:03,184 [grpc-default-executor-7] INFO  server.RaftServer$Division (RaftServerImpl.java:checkInconsistentAppendEntries(1322)) - omNode-1@group-523986131536: Failed appendEntries as previous log entry ((t:5, i:30)) is not found
2021-10-24 13:00:03,184 [grpc-default-executor-7] INFO  server.RaftServer$Division (RaftServerImpl.java:checkInconsistentAppendEntries(1288)) - omNode-1@group-523986131536: inconsistency entries. Reply:omNode-3<-omNode-1#7714:FAIL-t5,INCONSISTENCY,nextIndex=21,followerCommit=20
2021-10-24 13:00:03,184 [grpc-default-executor-7] INFO  leader.FollowerInfo (FollowerInfoImpl.java:lambda$new$0(47)) - omNode-3@group-523986131536->omNode-1: nextIndex: updateUnconditionally 31 -> 21
2021-10-24 13:00:03,685 [grpc-default-executor-7] INFO  server.RaftServer$Division (RaftServerImpl.java:checkInconsistentAppendEntries(1322)) - omNode-1@group-523986131536: Failed appendEntries as previous log entry ((t:5, i:30)) is not found
2021-10-24 13:00:03,685 [grpc-default-executor-7] INFO  server.RaftServer$Division (RaftServerImpl.java:checkInconsistentAppendEntries(1288)) - omNode-1@group-523986131536: inconsistency entries. Reply:omNode-3<-omNode-1#7765:FAIL-t5,INCONSISTENCY,nextIndex=21,followerCommit=20
2021-10-24 13:00:03,685 [grpc-default-executor-7] INFO  leader.FollowerInfo (FollowerInfoImpl.java:lambda$new$0(47)) - omNode-3@group-523986131536->omNode-1: nextIndex: updateUnconditionally 31 -> 21
2021-10-24 13:00:04,187 [grpc-default-executor-1] INFO  server.RaftServer$Division (RaftServerImpl.java:checkInconsistentAppendEntries(1322)) - omNode-1@group-523986131536: Failed appendEntries as previous log entry ((t:5, i:30)) is not found
2021-10-24 13:00:04,188 [grpc-default-executor-1] INFO  server.RaftServer$Division (RaftServerImpl.java:checkInconsistentAppendEntries(1288)) - omNode-1@group-523986131536: inconsistency entries. Reply:omNode-3<-omNode-1#7816:FAIL-t5,INCONSISTENCY,nextIndex=21,followerCommit=20
2021-10-24 13:00:04,188 [grpc-default-executor-1] INFO  leader.FollowerInfo (FollowerInfoImpl.java:lambda$new$0(47)) - omNode-3@group-523986131536->omNode-1: nextIndex: updateUnconditionally 31 -> 21
2021-10-24 13:00:04,689 [grpc-default-executor-1] INFO  server.RaftServer$Division (RaftServerImpl.java:checkInconsistentAppendEntries(1322)) - omNode-1@group-523986131536: Failed appendEntries as previous log entry ((t:5, i:30)) is not found
2021-10-24 13:00:04,689 [grpc-default-executor-1] INFO  server.RaftServer$Division (RaftServerImpl.java:checkInconsistentAppendEntries(1288)) - omNode-1@group-523986131536: inconsistency entries. Reply:omNode-3<-omNode-1#7867:FAIL-t5,INCONSISTENCY,nextIndex=21,followerCommit=20
2021-10-24 13:00:04,690 [grpc-default-executor-1] INFO  leader.FollowerInfo (FollowerInfoImpl.java:lambda$new$0(47)) - omNode-3@group-523986131536->omNode-1: nextIndex: updateUnconditionally 31 -> 21
2021-10-24 13:00:05,191 [grpc-default-executor-1] INFO  server.RaftServer$Division (RaftServerImpl.java:checkInconsistentAppendEntries(1322)) - omNode-1@group-523986131536: Failed appendEntries as previous log entry ((t:5, i:30)) is not found
2021-10-24 13:00:05,191 [grpc-default-executor-1] INFO  server.RaftServer$Division (RaftServerImpl.java:checkInconsistentAppendEntries(1288)) - omNode-1@group-523986131536: inconsistency entries. Reply:omNode-3<-omNode-1#7918:FAIL-t5,INCONSISTENCY,nextIndex=21,followerCommit=20
2021-10-24 13:00:05,191 [grpc-default-executor-7] INFO  leader.FollowerInfo (FollowerInfoImpl.java:lambda$new$0(47)) - omNode-3@group-523986131536->omNode-1: nextIndex: updateUnconditionally 31 -> 21
2021-10-24 13:00:05,693 [grpc-default-executor-1] INFO  server.RaftServer$Division (RaftServerImpl.java:checkInconsistentAppendEntries(1322)) - omNode-1@group-523986131536: Failed appendEntries as previous log entry ((t:5, i:30)) is not found
2021-10-24 13:00:05,693 [grpc-default-executor-1] INFO  server.RaftServer$Division (RaftServerImpl.java:checkInconsistentAppendEntries(1288)) - omNode-1@group-523986131536: inconsistency entries. Reply:omNode-3<-omNode-1#7969:FAIL-t5,INCONSISTENCY,nextIndex=21,followerCommit=20
2021-10-24 13:00:05,694 [grpc-default-executor-7] INFO  leader.FollowerInfo (FollowerInfoImpl.java:lambda$new$0(47)) - omNode-3@group-523986131536->omNode-1: nextIndex: updateUnconditionally 31 -> 21
2021-10-24 13:00:06,195 [grpc-default-executor-1] INFO  server.RaftServer$Division (RaftServerImpl.java:checkInconsistentAppendEntries(1322)) - omNode-1@group-523986131536: Failed appendEntries as previous log entry ((t:5, i:30)) is not found
2021-10-24 13:00:06,195 [grpc-default-executor-1] INFO  server.RaftServer$Division (RaftServerImpl.java:checkInconsistentAppendEntries(1288)) - omNode-1@group-523986131536: inconsistency entries. Reply:omNode-3<-omNode-1#8020:FAIL-t5,INCONSISTENCY,nextIndex=21,followerCommit=20
2021-10-24 13:00:06,196 [grpc-default-executor-7] INFO  leader.FollowerInfo (FollowerInfoImpl.java:lambda$new$0(47)) - omNode-3@group-523986131536->omNode-1: nextIndex: updateUnconditionally 31 -> 21
2021-10-24 13:00:06,697 [grpc-default-executor-1] INFO  server.RaftServer$Division (RaftServerImpl.java:checkInconsistentAppendEntries(1322)) - omNode-1@group-523986131536: Failed appendEntries as previous log entry ((t:5, i:30)) is not found
2021-10-24 13:00:06,697 [grpc-default-executor-1] INFO  server.RaftServer$Division (RaftServerImpl.java:checkInconsistentAppendEntries(1288)) - omNode-1@group-523986131536: inconsistency entries. Reply:omNode-3<-omNode-1#8071:FAIL-t5,INCONSISTENCY,nextIndex=21,followerCommit=20
2021-10-24 13:00:06,698 [grpc-default-executor-1] INFO  leader.FollowerInfo (FollowerInfoImpl.java:lambda$new$0(47)) - omNode-3@group-523986131536->omNode-1: nextIndex: updateUnconditionally 31 -> 21
2021-10-24 13:00:07,199 [grpc-default-executor-1] INFO  server.RaftServer$Division (RaftServerImpl.java:checkInconsistentAppendEntries(1322)) - omNode-1@group-523986131536: Failed appendEntries as previous log entry ((t:5, i:30)) is not found
2021-10-24 13:00:07,200 [grpc-default-executor-1] INFO  server.RaftServer$Division (RaftServerImpl.java:checkInconsistentAppendEntries(1288)) - omNode-1@group-523986131536: inconsistency entries. Reply:omNode-3<-omNode-1#8122:FAIL-t5,INCONSISTENCY,nextIndex=21,followerCommit=20
2021-10-24 13:00:07,200 [grpc-default-executor-1] INFO  leader.FollowerInfo (FollowerInfoImpl.java:lambda$new$0(47)) - omNode-3@group-523986131536->omNode-1: nextIndex: updateUnconditionally 31 -> 21
2021-10-24 13:00:07,701 [grpc-default-executor-1] INFO  server.RaftServer$Division (RaftServerImpl.java:checkInconsistentAppendEntries(1322)) - omNode-1@group-523986131536: Failed appendEntries as previous log entry ((t:5, i:30)) is not found
2021-10-24 13:00:07,702 [grpc-default-executor-1] INFO  server.RaftServer$Division (RaftServerImpl.java:checkInconsistentAppendEntries(1288)) - omNode-1@group-523986131536: inconsistency entries. Reply:omNode-3<-omNode-1#8173:FAIL-t5,INCONSISTENCY,nextIndex=21,followerCommit=20
2021-10-24 13:00:07,702 [grpc-default-executor-1] INFO  leader.FollowerInfo (FollowerInfoImpl.java:lambda$new$0(47)) - omNode-3@group-523986131536->omNode-1: nextIndex: updateUnconditionally 31 -> 21
2021-10-24 13:00:08,203 [grpc-default-executor-1] INFO  server.RaftServer$Division (RaftServerImpl.java:checkInconsistentAppendEntries(1322)) - omNode-1@group-523986131536: Failed appendEntries as previous log entry ((t:5, i:30)) is not found
2021-10-24 13:00:08,203 [grpc-default-executor-1] INFO  server.RaftServer$Division (RaftServerImpl.java:checkInconsistentAppendEntries(1288)) - omNode-1@group-523986131536: inconsistency entries. Reply:omNode-3<-omNode-1#8224:FAIL-t5,INCONSISTENCY,nextIndex=21,followerCommit=20
2021-10-24 13:00:08,206 [grpc-default-executor-1] INFO  leader.FollowerInfo (FollowerInfoImpl.java:lambda$new$0(47)) - omNode-3@group-523986131536->omNode-1: nextIndex: updateUnconditionally 31 -> 21
2021-10-24 13:00:08,708 [grpc-default-executor-7] INFO  server.RaftServer$Division (RaftServerImpl.java:checkInconsistentAppendEntries(1322)) - omNode-1@group-523986131536: Failed appendEntries as previous log entry ((t:5, i:30)) is not found
2021-10-24 13:00:08,708 [grpc-default-executor-7] INFO  server.RaftServer$Division (RaftServerImpl.java:checkInconsistentAppendEntries(1288)) - omNode-1@group-523986131536: inconsistency entries. Reply:omNode-3<-omNode-1#8275:FAIL-t5,INCONSISTENCY,nextIndex=21,followerCommit=20
2021-10-24 13:00:08,709 [grpc-default-executor-7] INFO  leader.FollowerInfo (FollowerInfoImpl.java:lambda$new$0(47)) - omNode-3@group-523986131536->omNode-1: nextIndex: updateUnconditionally 31 -> 21
2021-10-24 13:00:09,210 [grpc-default-executor-1] INFO  server.RaftServer$Division (RaftServerImpl.java:checkInconsistentAppendEntries(1322)) - omNode-1@group-523986131536: Failed appendEntries as previous log entry ((t:5, i:30)) is not found
2021-10-24 13:00:09,210 [grpc-default-executor-1] INFO  server.RaftServer$Division (RaftServerImpl.java:checkInconsistentAppendEntries(1288)) - omNode-1@group-523986131536: inconsistency entries. Reply:omNode-3<-omNode-1#8326:FAIL-t5,INCONSISTENCY,nextIndex=21,followerCommit=20
2021-10-24 13:00:09,210 [grpc-default-executor-1] INFO  leader.FollowerInfo (FollowerInfoImpl.java:lambda$new$0(47)) - omNode-3@group-523986131536->omNode-1: nextIndex: updateUnconditionally 31 -> 21
2021-10-24 13:00:09,712 [grpc-default-executor-1] INFO  server.RaftServer$Division (RaftServerImpl.java:checkInconsistentAppendEntries(1322)) - omNode-1@group-523986131536: Failed appendEntries as previous log entry ((t:5, i:30)) is not found
2021-10-24 13:00:09,712 [grpc-default-executor-1] INFO  server.RaftServer$Division (RaftServerImpl.java:checkInconsistentAppendEntries(1288)) - omNode-1@group-523986131536: inconsistency entries. Reply:omNode-3<-omNode-1#8377:FAIL-t5,INCONSISTENCY,nextIndex=21,followerCommit=20
2021-10-24 13:00:09,712 [grpc-default-executor-1] INFO  leader.FollowerInfo (FollowerInfoImpl.java:lambda$new$0(47)) - omNode-3@group-523986131536->omNode-1: nextIndex: updateUnconditionally 31 -> 21
2021-10-24 13:00:10,214 [grpc-default-executor-1] INFO  server.RaftServer$Division (RaftServerImpl.java:checkInconsistentAppendEntries(1322)) - omNode-1@group-523986131536: Failed appendEntries as previous log entry ((t:5, i:30)) is not found
2021-10-24 13:00:10,214 [grpc-default-executor-1] INFO  server.RaftServer$Division (RaftServerImpl.java:checkInconsistentAppendEntries(1288)) - omNode-1@group-523986131536: inconsistency entries. Reply:omNode-3<-omNode-1#8428:FAIL-t5,INCONSISTENCY,nextIndex=21,followerCommit=20
2021-10-24 13:00:10,214 [grpc-default-executor-1] INFO  leader.FollowerInfo (FollowerInfoImpl.java:lambda$new$0(47)) - omNode-3@group-523986131536->omNode-1: nextIndex: updateUnconditionally 31 -> 21
2021-10-24 13:00:10,715 [grpc-default-executor-1] INFO  server.RaftServer$Division (RaftServerImpl.java:checkInconsistentAppendEntries(1322)) - omNode-1@group-523986131536: Failed appendEntries as previous log entry ((t:5, i:30)) is not found
2021-10-24 13:00:10,716 [grpc-default-executor-1] INFO  server.RaftServer$Division (RaftServerImpl.java:checkInconsistentAppendEntries(1288)) - omNode-1@group-523986131536: inconsistency entries. Reply:omNode-3<-omNode-1#8479:FAIL-t5,INCONSISTENCY,nextIndex=21,followerCommit=20
2021-10-24 13:00:10,716 [grpc-default-executor-1] INFO  leader.FollowerInfo (FollowerInfoImpl.java:lambda$new$0(47)) - omNode-3@group-523986131536->omNode-1: nextIndex: updateUnconditionally 31 -> 21
2021-10-24 13:00:11,218 [grpc-default-executor-1] INFO  server.RaftServer$Division (RaftServerImpl.java:checkInconsistentAppendEntries(1322)) - omNode-1@group-523986131536: Failed appendEntries as previous log entry ((t:5, i:30)) is not found
2021-10-24 13:00:11,218 [grpc-default-executor-1] INFO  server.RaftServer$Division (RaftServerImpl.java:checkInconsistentAppendEntries(1288)) - omNode-1@group-523986131536: inconsistency entries. Reply:omNode-3<-omNode-1#8530:FAIL-t5,INCONSISTENCY,nextIndex=21,followerCommit=20
2021-10-24 13:00:11,218 [grpc-default-executor-1] INFO  leader.FollowerInfo (FollowerInfoImpl.java:lambda$new$0(47)) - omNode-3@group-523986131536->omNode-1: nextIndex: updateUnconditionally 31 -> 21
2021-10-24 13:00:11,719 [grpc-default-executor-7] INFO  server.RaftServer$Division (RaftServerImpl.java:checkInconsistentAppendEntries(1322)) - omNode-1@group-523986131536: Failed appendEntries as previous log entry ((t:5, i:30)) is not found
2021-10-24 13:00:11,719 [grpc-default-executor-7] INFO  server.RaftServer$Division (RaftServerImpl.java:checkInconsistentAppendEntries(1288)) - omNode-1@group-523986131536: inconsistency entries. Reply:omNode-3<-omNode-1#8581:FAIL-t5,INCONSISTENCY,nextIndex=21,followerCommit=20
2021-10-24 13:00:11,719 [grpc-default-executor-7] INFO  leader.FollowerInfo (FollowerInfoImpl.java:lambda$new$0(47)) - omNode-3@group-523986131536->omNode-1: nextIndex: updateUnconditionally 31 -> 21
2021-10-24 13:00:12,220 [grpc-default-executor-7] INFO  server.RaftServer$Division (RaftServerImpl.java:checkInconsistentAppendEntries(1322)) - omNode-1@group-523986131536: Failed appendEntries as previous log entry ((t:5, i:30)) is not found
2021-10-24 13:00:12,221 [grpc-default-executor-7] INFO  server.RaftServer$Division (RaftServerImpl.java:checkInconsistentAppendEntries(1288)) - omNode-1@group-523986131536: inconsistency entries. Reply:omNode-3<-omNode-1#8632:FAIL-t5,INCONSISTENCY,nextIndex=21,followerCommit=20
2021-10-24 13:00:12,221 [grpc-default-executor-7] INFO  leader.FollowerInfo (FollowerInfoImpl.java:lambda$new$0(47)) - omNode-3@group-523986131536->omNode-1: nextIndex: updateUnconditionally 31 -> 21
2021-10-24 13:00:12,722 [grpc-default-executor-7] INFO  server.RaftServer$Division (RaftServerImpl.java:checkInconsistentAppendEntries(1322)) - omNode-1@group-523986131536: Failed appendEntries as previous log entry ((t:5, i:30)) is not found
2021-10-24 13:00:12,722 [grpc-default-executor-7] INFO  server.RaftServer$Division (RaftServerImpl.java:checkInconsistentAppendEntries(1288)) - omNode-1@group-523986131536: inconsistency entries. Reply:omNode-3<-omNode-1#8683:FAIL-t5,INCONSISTENCY,nextIndex=21,followerCommit=20
2021-10-24 13:00:12,722 [grpc-default-executor-7] INFO  leader.FollowerInfo (FollowerInfoImpl.java:lambda$new$0(47)) - omNode-3@group-523986131536->omNode-1: nextIndex: updateUnconditionally 31 -> 21
2021-10-24 13:00:13,223 [grpc-default-executor-7] INFO  server.RaftServer$Division (RaftServerImpl.java:checkInconsistentAppendEntries(1322)) - omNode-1@group-523986131536: Failed appendEntries as previous log entry ((t:5, i:30)) is not found
2021-10-24 13:00:13,223 [grpc-default-executor-7] INFO  server.RaftServer$Division (RaftServerImpl.java:checkInconsistentAppendEntries(1288)) - omNode-1@group-523986131536: inconsistency entries. Reply:omNode-3<-omNode-1#8734:FAIL-t5,INCONSISTENCY,nextIndex=21,followerCommit=20
2021-10-24 13:00:13,224 [grpc-default-executor-7] INFO  leader.FollowerInfo (FollowerInfoImpl.java:lambda$new$0(47)) - omNode-3@group-523986131536->omNode-1: nextIndex: updateUnconditionally 31 -> 21
2021-10-24 13:00:13,725 [grpc-default-executor-7] INFO  server.RaftServer$Division (RaftServerImpl.java:checkInconsistentAppendEntries(1322)) - omNode-1@group-523986131536: Failed appendEntries as previous log entry ((t:5, i:30)) is not found
2021-10-24 13:00:13,725 [grpc-default-executor-7] INFO  server.RaftServer$Division (RaftServerImpl.java:checkInconsistentAppendEntries(1288)) - omNode-1@group-523986131536: inconsistency entries. Reply:omNode-3<-omNode-1#8785:FAIL-t5,INCONSISTENCY,nextIndex=21,followerCommit=20
2021-10-24 13:00:13,725 [grpc-default-executor-7] INFO  leader.FollowerInfo (FollowerInfoImpl.java:lambda$new$0(47)) - omNode-3@group-523986131536->omNode-1: nextIndex: updateUnconditionally 31 -> 21
2021-10-24 13:00:14,226 [grpc-default-executor-1] INFO  server.RaftServer$Division (RaftServerImpl.java:checkInconsistentAppendEntries(1322)) - omNode-1@group-523986131536: Failed appendEntries as previous log entry ((t:5, i:30)) is not found
2021-10-24 13:00:14,226 [grpc-default-executor-1] INFO  server.RaftServer$Division (RaftServerImpl.java:checkInconsistentAppendEntries(1288)) - omNode-1@group-523986131536: inconsistency entries. Reply:omNode-3<-omNode-1#8836:FAIL-t5,INCONSISTENCY,nextIndex=21,followerCommit=20
2021-10-24 13:00:14,227 [grpc-default-executor-1] INFO  leader.FollowerInfo (FollowerInfoImpl.java:lambda$new$0(47)) - omNode-3@group-523986131536->omNode-1: nextIndex: updateUnconditionally 31 -> 21
2021-10-24 13:00:14,728 [grpc-default-executor-1] INFO  server.RaftServer$Division (RaftServerImpl.java:checkInconsistentAppendEntries(1322)) - omNode-1@group-523986131536: Failed appendEntries as previous log entry ((t:5, i:30)) is not found
2021-10-24 13:00:14,728 [grpc-default-executor-1] INFO  server.RaftServer$Division (RaftServerImpl.java:checkInconsistentAppendEntries(1288)) - omNode-1@group-523986131536: inconsistency entries. Reply:omNode-3<-omNode-1#8887:FAIL-t5,INCONSISTENCY,nextIndex=21,followerCommit=20
2021-10-24 13:00:14,728 [grpc-default-executor-1] INFO  leader.FollowerInfo (FollowerInfoImpl.java:lambda$new$0(47)) - omNode-3@group-523986131536->omNode-1: nextIndex: updateUnconditionally 31 -> 21
2021-10-24 13:00:15,229 [grpc-default-executor-7] INFO  server.RaftServer$Division (RaftServerImpl.java:checkInconsistentAppendEntries(1322)) - omNode-1@group-523986131536: Failed appendEntries as previous log entry ((t:5, i:30)) is not found
2021-10-24 13:00:15,229 [grpc-default-executor-7] INFO  server.RaftServer$Division (RaftServerImpl.java:checkInconsistentAppendEntries(1288)) - omNode-1@group-523986131536: inconsistency entries. Reply:omNode-3<-omNode-1#8938:FAIL-t5,INCONSISTENCY,nextIndex=21,followerCommit=20
2021-10-24 13:00:15,230 [grpc-default-executor-7] INFO  leader.FollowerInfo (FollowerInfoImpl.java:lambda$new$0(47)) - omNode-3@group-523986131536->omNode-1: nextIndex: updateUnconditionally 31 -> 21
2021-10-24 13:00:15,731 [grpc-default-executor-1] INFO  server.RaftServer$Division (RaftServerImpl.java:checkInconsistentAppendEntries(1322)) - omNode-1@group-523986131536: Failed appendEntries as previous log entry ((t:5, i:30)) is not found
2021-10-24 13:00:15,731 [grpc-default-executor-1] INFO  server.RaftServer$Division (RaftServerImpl.java:checkInconsistentAppendEntries(1288)) - omNode-1@group-523986131536: inconsistency entries. Reply:omNode-3<-omNode-1#8989:FAIL-t5,INCONSISTENCY,nextIndex=21,followerCommit=20
2021-10-24 13:00:15,731 [grpc-default-executor-1] INFO  leader.FollowerInfo (FollowerInfoImpl.java:lambda$new$0(47)) - omNode-3@group-523986131536->omNode-1: nextIndex: updateUnconditionally 31 -> 21
2021-10-24 13:00:16,232 [grpc-default-executor-7] INFO  server.RaftServer$Division (RaftServerImpl.java:checkInconsistentAppendEntries(1322)) - omNode-1@group-523986131536: Failed appendEntries as previous log entry ((t:5, i:30)) is not found
2021-10-24 13:00:16,233 [grpc-default-executor-7] INFO  server.RaftServer$Division (RaftServerImpl.java:checkInconsistentAppendEntries(1288)) - omNode-1@group-523986131536: inconsistency entries. Reply:omNode-3<-omNode-1#9040:FAIL-t5,INCONSISTENCY,nextIndex=21,followerCommit=20
2021-10-24 13:00:16,233 [grpc-default-executor-1] INFO  leader.FollowerInfo (FollowerInfoImpl.java:lambda$new$0(47)) - omNode-3@group-523986131536->omNode-1: nextIndex: updateUnconditionally 31 -> 21
2021-10-24 13:00:16,735 [grpc-default-executor-7] INFO  server.RaftServer$Division (RaftServerImpl.java:checkInconsistentAppendEntries(1322)) - omNode-1@group-523986131536: Failed appendEntries as previous log entry ((t:5, i:30)) is not found
2021-10-24 13:00:16,735 [grpc-default-executor-7] INFO  server.RaftServer$Division (RaftServerImpl.java:checkInconsistentAppendEntries(1288)) - omNode-1@group-523986131536: inconsistency entries. Reply:omNode-3<-omNode-1#9091:FAIL-t5,INCONSISTENCY,nextIndex=21,followerCommit=20
2021-10-24 13:00:16,735 [grpc-default-executor-1] INFO  leader.FollowerInfo (FollowerInfoImpl.java:lambda$new$0(47)) - omNode-3@group-523986131536->omNode-1: nextIndex: updateUnconditionally 31 -> 21
2021-10-24 13:00:17,236 [grpc-default-executor-1] INFO  server.RaftServer$Division (RaftServerImpl.java:checkInconsistentAppendEntries(1322)) - omNode-1@group-523986131536: Failed appendEntries as previous log entry ((t:5, i:30)) is not found
2021-10-24 13:00:17,237 [grpc-default-executor-1] INFO  server.RaftServer$Division (RaftServerImpl.java:checkInconsistentAppendEntries(1288)) - omNode-1@group-523986131536: inconsistency entries. Reply:omNode-3<-omNode-1#9142:FAIL-t5,INCONSISTENCY,nextIndex=21,followerCommit=20
2021-10-24 13:00:17,237 [grpc-default-executor-1] INFO  leader.FollowerInfo (FollowerInfoImpl.java:lambda$new$0(47)) - omNode-3@group-523986131536->omNode-1: nextIndex: updateUnconditionally 31 -> 21
2021-10-24 13:00:17,738 [grpc-default-executor-7] INFO  server.RaftServer$Division (RaftServerImpl.java:checkInconsistentAppendEntries(1322)) - omNode-1@group-523986131536: Failed appendEntries as previous log entry ((t:5, i:30)) is not found
2021-10-24 13:00:17,738 [grpc-default-executor-7] INFO  server.RaftServer$Division (RaftServerImpl.java:checkInconsistentAppendEntries(1288)) - omNode-1@group-523986131536: inconsistency entries. Reply:omNode-3<-omNode-1#9193:FAIL-t5,INCONSISTENCY,nextIndex=21,followerCommit=20
2021-10-24 13:00:17,738 [grpc-default-executor-7] INFO  leader.FollowerInfo (FollowerInfoImpl.java:lambda$new$0(47)) - omNode-3@group-523986131536->omNode-1: nextIndex: updateUnconditionally 31 -> 21
2021-10-24 13:00:18,239 [grpc-default-executor-1] INFO  server.RaftServer$Division (RaftServerImpl.java:checkInconsistentAppendEntries(1322)) - omNode-1@group-523986131536: Failed appendEntries as previous log entry ((t:5, i:30)) is not found
2021-10-24 13:00:18,239 [grpc-default-executor-1] INFO  server.RaftServer$Division (RaftServerImpl.java:checkInconsistentAppendEntries(1288)) - omNode-1@group-523986131536: inconsistency entries. Reply:omNode-3<-omNode-1#9244:FAIL-t5,INCONSISTENCY,nextIndex=21,followerCommit=20
2021-10-24 13:00:18,240 [grpc-default-executor-1] INFO  leader.FollowerInfo (FollowerInfoImpl.java:lambda$new$0(47)) - omNode-3@group-523986131536->omNode-1: nextIndex: updateUnconditionally 31 -> 21
2021-10-24 13:00:18,741 [grpc-default-executor-1] INFO  server.RaftServer$Division (RaftServerImpl.java:checkInconsistentAppendEntries(1322)) - omNode-1@group-523986131536: Failed appendEntries as previous log entry ((t:5, i:30)) is not found
2021-10-24 13:00:18,741 [grpc-default-executor-1] INFO  server.RaftServer$Division (RaftServerImpl.java:checkInconsistentAppendEntries(1288)) - omNode-1@group-523986131536: inconsistency entries. Reply:omNode-3<-omNode-1#9295:FAIL-t5,INCONSISTENCY,nextIndex=21,followerCommit=20
2021-10-24 13:00:18,741 [grpc-default-executor-1] INFO  leader.FollowerInfo (FollowerInfoImpl.java:lambda$new$0(47)) - omNode-3@group-523986131536->omNode-1: nextIndex: updateUnconditionally 31 -> 21
2021-10-24 13:00:19,243 [grpc-default-executor-7] INFO  server.RaftServer$Division (RaftServerImpl.java:checkInconsistentAppendEntries(1322)) - omNode-1@group-523986131536: Failed appendEntries as previous log entry ((t:5, i:30)) is not found
2021-10-24 13:00:19,243 [grpc-default-executor-7] INFO  server.RaftServer$Division (RaftServerImpl.java:checkInconsistentAppendEntries(1288)) - omNode-1@group-523986131536: inconsistency entries. Reply:omNode-3<-omNode-1#9346:FAIL-t5,INCONSISTENCY,nextIndex=21,followerCommit=20
2021-10-24 13:00:19,243 [grpc-default-executor-7] INFO  leader.FollowerInfo (FollowerInfoImpl.java:lambda$new$0(47)) - omNode-3@group-523986131536->omNode-1: nextIndex: updateUnconditionally 31 -> 21
2021-10-24 13:00:19,745 [grpc-default-executor-1] INFO  server.RaftServer$Division (RaftServerImpl.java:checkInconsistentAppendEntries(1322)) - omNode-1@group-523986131536: Failed appendEntries as previous log entry ((t:5, i:30)) is not found
2021-10-24 13:00:19,745 [grpc-default-executor-1] INFO  server.RaftServer$Division (RaftServerImpl.java:checkInconsistentAppendEntries(1288)) - omNode-1@group-523986131536: inconsistency entries. Reply:omNode-3<-omNode-1#9397:FAIL-t5,INCONSISTENCY,nextIndex=21,followerCommit=20
2021-10-24 13:00:19,746 [grpc-default-executor-1] INFO  leader.FollowerInfo (FollowerInfoImpl.java:lambda$new$0(47)) - omNode-3@group-523986131536->omNode-1: nextIndex: updateUnconditionally 31 -> 21
2021-10-24 13:00:20,247 [grpc-default-executor-1] INFO  server.RaftServer$Division (RaftServerImpl.java:checkInconsistentAppendEntries(1322)) - omNode-1@group-523986131536: Failed appendEntries as previous log entry ((t:5, i:30)) is not found
2021-10-24 13:00:20,247 [grpc-default-executor-1] INFO  server.RaftServer$Division (RaftServerImpl.java:checkInconsistentAppendEntries(1288)) - omNode-1@group-523986131536: inconsistency entries. Reply:omNode-3<-omNode-1#9448:FAIL-t5,INCONSISTENCY,nextIndex=21,followerCommit=20
2021-10-24 13:00:20,247 [grpc-default-executor-7] INFO  leader.FollowerInfo (FollowerInfoImpl.java:lambda$new$0(47)) - omNode-3@group-523986131536->omNode-1: nextIndex: updateUnconditionally 31 -> 21
2021-10-24 13:00:20,749 [grpc-default-executor-1] INFO  server.RaftServer$Division (RaftServerImpl.java:checkInconsistentAppendEntries(1322)) - omNode-1@group-523986131536: Failed appendEntries as previous log entry ((t:5, i:30)) is not found
2021-10-24 13:00:20,749 [grpc-default-executor-1] INFO  server.RaftServer$Division (RaftServerImpl.java:checkInconsistentAppendEntries(1288)) - omNode-1@group-523986131536: inconsistency entries. Reply:omNode-3<-omNode-1#9499:FAIL-t5,INCONSISTENCY,nextIndex=21,followerCommit=20
2021-10-24 13:00:20,750 [grpc-default-executor-7] INFO  leader.FollowerInfo (FollowerInfoImpl.java:lambda$new$0(47)) - omNode-3@group-523986131536->omNode-1: nextIndex: updateUnconditionally 31 -> 21
2021-10-24 13:00:21,251 [grpc-default-executor-1] INFO  server.RaftServer$Division (RaftServerImpl.java:checkInconsistentAppendEntries(1322)) - omNode-1@group-523986131536: Failed appendEntries as previous log entry ((t:5, i:30)) is not found
2021-10-24 13:00:21,251 [grpc-default-executor-1] INFO  server.RaftServer$Division (RaftServerImpl.java:checkInconsistentAppendEntries(1288)) - omNode-1@group-523986131536: inconsistency entries. Reply:omNode-3<-omNode-1#9550:FAIL-t5,INCONSISTENCY,nextIndex=21,followerCommit=20
2021-10-24 13:00:21,252 [grpc-default-executor-1] INFO  leader.FollowerInfo (FollowerInfoImpl.java:lambda$new$0(47)) - omNode-3@group-523986131536->omNode-1: nextIndex: updateUnconditionally 31 -> 21
2021-10-24 13:00:21,753 [grpc-default-executor-7] INFO  server.RaftServer$Division (RaftServerImpl.java:checkInconsistentAppendEntries(1322)) - omNode-1@group-523986131536: Failed appendEntries as previous log entry ((t:5, i:30)) is not found
2021-10-24 13:00:21,753 [grpc-default-executor-7] INFO  server.RaftServer$Division (RaftServerImpl.java:checkInconsistentAppendEntries(1288)) - omNode-1@group-523986131536: inconsistency entries. Reply:omNode-3<-omNode-1#9601:FAIL-t5,INCONSISTENCY,nextIndex=21,followerCommit=20
2021-10-24 13:00:21,754 [grpc-default-executor-1] INFO  leader.FollowerInfo (FollowerInfoImpl.java:lambda$new$0(47)) - omNode-3@group-523986131536->omNode-1: nextIndex: updateUnconditionally 31 -> 21
2021-10-24 13:00:22,256 [grpc-default-executor-1] INFO  server.RaftServer$Division (RaftServerImpl.java:checkInconsistentAppendEntries(1322)) - omNode-1@group-523986131536: Failed appendEntries as previous log entry ((t:5, i:30)) is not found
2021-10-24 13:00:22,256 [grpc-default-executor-1] INFO  server.RaftServer$Division (RaftServerImpl.java:checkInconsistentAppendEntries(1288)) - omNode-1@group-523986131536: inconsistency entries. Reply:omNode-3<-omNode-1#9652:FAIL-t5,INCONSISTENCY,nextIndex=21,followerCommit=20
2021-10-24 13:00:22,256 [grpc-default-executor-1] INFO  leader.FollowerInfo (FollowerInfoImpl.java:lambda$new$0(47)) - omNode-3@group-523986131536->omNode-1: nextIndex: updateUnconditionally 31 -> 21
2021-10-24 13:00:22,758 [grpc-default-executor-1] INFO  server.RaftServer$Division (RaftServerImpl.java:checkInconsistentAppendEntries(1322)) - omNode-1@group-523986131536: Failed appendEntries as previous log entry ((t:5, i:30)) is not found
2021-10-24 13:00:22,758 [grpc-default-executor-1] INFO  server.RaftServer$Division (RaftServerImpl.java:checkInconsistentAppendEntries(1288)) - omNode-1@group-523986131536: inconsistency entries. Reply:omNode-3<-omNode-1#9703:FAIL-t5,INCONSISTENCY,nextIndex=21,followerCommit=20
2021-10-24 13:00:22,758 [grpc-default-executor-1] INFO  leader.FollowerInfo (FollowerInfoImpl.java:lambda$new$0(47)) - omNode-3@group-523986131536->omNode-1: nextIndex: updateUnconditionally 31 -> 21
2021-10-24 13:00:23,259 [grpc-default-executor-1] INFO  server.RaftServer$Division (RaftServerImpl.java:checkInconsistentAppendEntries(1322)) - omNode-1@group-523986131536: Failed appendEntries as previous log entry ((t:5, i:30)) is not found
2021-10-24 13:00:23,259 [grpc-default-executor-1] INFO  server.RaftServer$Division (RaftServerImpl.java:checkInconsistentAppendEntries(1288)) - omNode-1@group-523986131536: inconsistency entries. Reply:omNode-3<-omNode-1#9754:FAIL-t5,INCONSISTENCY,nextIndex=21,followerCommit=20
2021-10-24 13:00:23,260 [grpc-default-executor-1] INFO  leader.FollowerInfo (FollowerInfoImpl.java:lambda$new$0(47)) - omNode-3@group-523986131536->omNode-1: nextIndex: updateUnconditionally 31 -> 21
2021-10-24 13:00:23,761 [grpc-default-executor-1] INFO  server.RaftServer$Division (RaftServerImpl.java:checkInconsistentAppendEntries(1322)) - omNode-1@group-523986131536: Failed appendEntries as previous log entry ((t:5, i:30)) is not found
2021-10-24 13:00:23,761 [grpc-default-executor-1] INFO  server.RaftServer$Division (RaftServerImpl.java:checkInconsistentAppendEntries(1288)) - omNode-1@group-523986131536: inconsistency entries. Reply:omNode-3<-omNode-1#9805:FAIL-t5,INCONSISTENCY,nextIndex=21,followerCommit=20
2021-10-24 13:00:23,761 [grpc-default-executor-1] INFO  leader.FollowerInfo (FollowerInfoImpl.java:lambda$new$0(47)) - omNode-3@group-523986131536->omNode-1: nextIndex: updateUnconditionally 31 -> 21
2021-10-24 13:00:24,263 [grpc-default-executor-1] INFO  server.RaftServer$Division (RaftServerImpl.java:checkInconsistentAppendEntries(1322)) - omNode-1@group-523986131536: Failed appendEntries as previous log entry ((t:5, i:30)) is not found
2021-10-24 13:00:24,263 [grpc-default-executor-1] INFO  server.RaftServer$Division (RaftServerImpl.java:checkInconsistentAppendEntries(1288)) - omNode-1@group-523986131536: inconsistency entries. Reply:omNode-3<-omNode-1#9856:FAIL-t5,INCONSISTENCY,nextIndex=21,followerCommit=20
2021-10-24 13:00:24,263 [grpc-default-executor-1] INFO  leader.FollowerInfo (FollowerInfoImpl.java:lambda$new$0(47)) - omNode-3@group-523986131536->omNode-1: nextIndex: updateUnconditionally 31 -> 21
2021-10-24 13:00:24,764 [grpc-default-executor-7] INFO  server.RaftServer$Division (RaftServerImpl.java:checkInconsistentAppendEntries(1322)) - omNode-1@group-523986131536: Failed appendEntries as previous log entry ((t:5, i:30)) is not found
2021-10-24 13:00:24,764 [grpc-default-executor-7] INFO  server.RaftServer$Division (RaftServerImpl.java:checkInconsistentAppendEntries(1288)) - omNode-1@group-523986131536: inconsistency entries. Reply:omNode-3<-omNode-1#9907:FAIL-t5,INCONSISTENCY,nextIndex=21,followerCommit=20
2021-10-24 13:00:24,765 [grpc-default-executor-7] INFO  leader.FollowerInfo (FollowerInfoImpl.java:lambda$new$0(47)) - omNode-3@group-523986131536->omNode-1: nextIndex: updateUnconditionally 31 -> 21
2021-10-24 13:00:25,266 [grpc-default-executor-7] INFO  server.RaftServer$Division (RaftServerImpl.java:checkInconsistentAppendEntries(1322)) - omNode-1@group-523986131536: Failed appendEntries as previous log entry ((t:5, i:30)) is not found
2021-10-24 13:00:25,266 [grpc-default-executor-7] INFO  server.RaftServer$Division (RaftServerImpl.java:checkInconsistentAppendEntries(1288)) - omNode-1@group-523986131536: inconsistency entries. Reply:omNode-3<-omNode-1#9958:FAIL-t5,INCONSISTENCY,nextIndex=21,followerCommit=20
2021-10-24 13:00:25,266 [grpc-default-executor-7] INFO  leader.FollowerInfo (FollowerInfoImpl.java:lambda$new$0(47)) - omNode-3@group-523986131536->omNode-1: nextIndex: updateUnconditionally 31 -> 21
2021-10-24 13:00:25,767 [grpc-default-executor-7] INFO  server.RaftServer$Division (RaftServerImpl.java:checkInconsistentAppendEntries(1322)) - omNode-1@group-523986131536: Failed appendEntries as previous log entry ((t:5, i:30)) is not found
2021-10-24 13:00:25,767 [grpc-default-executor-7] INFO  server.RaftServer$Division (RaftServerImpl.java:checkInconsistentAppendEntries(1288)) - omNode-1@group-523986131536: inconsistency entries. Reply:omNode-3<-omNode-1#10009:FAIL-t5,INCONSISTENCY,nextIndex=21,followerCommit=20
2021-10-24 13:00:25,768 [grpc-default-executor-7] INFO  leader.FollowerInfo (FollowerInfoImpl.java:lambda$new$0(47)) - omNode-3@group-523986131536->omNode-1: nextIndex: updateUnconditionally 31 -> 21
2021-10-24 13:00:26,269 [grpc-default-executor-7] INFO  server.RaftServer$Division (RaftServerImpl.java:checkInconsistentAppendEntries(1322)) - omNode-1@group-523986131536: Failed appendEntries as previous log entry ((t:5, i:30)) is not found
2021-10-24 13:00:26,269 [grpc-default-executor-7] INFO  server.RaftServer$Division (RaftServerImpl.java:checkInconsistentAppendEntries(1288)) - omNode-1@group-523986131536: inconsistency entries. Reply:omNode-3<-omNode-1#10059:FAIL-t5,INCONSISTENCY,nextIndex=21,followerCommit=20
2021-10-24 13:00:26,269 [grpc-default-executor-7] INFO  leader.FollowerInfo (FollowerInfoImpl.java:lambda$new$0(47)) - omNode-3@group-523986131536->omNode-1: nextIndex: updateUnconditionally 31 -> 21
2021-10-24 13:00:26,770 [grpc-default-executor-7] INFO  server.RaftServer$Division (RaftServerImpl.java:checkInconsistentAppendEntries(1322)) - omNode-1@group-523986131536: Failed appendEntries as previous log entry ((t:5, i:30)) is not found
2021-10-24 13:00:26,770 [grpc-default-executor-7] INFO  server.RaftServer$Division (RaftServerImpl.java:checkInconsistentAppendEntries(1288)) - omNode-1@group-523986131536: inconsistency entries. Reply:omNode-3<-omNode-1#10110:FAIL-t5,INCONSISTENCY,nextIndex=21,followerCommit=20
2021-10-24 13:00:26,771 [grpc-default-executor-1] INFO  leader.FollowerInfo (FollowerInfoImpl.java:lambda$new$0(47)) - omNode-3@group-523986131536->omNode-1: nextIndex: updateUnconditionally 31 -> 21
2021-10-24 13:00:27,272 [grpc-default-executor-1] INFO  server.RaftServer$Division (RaftServerImpl.java:checkInconsistentAppendEntries(1322)) - omNode-1@group-523986131536: Failed appendEntries as previous log entry ((t:5, i:30)) is not found
2021-10-24 13:00:27,272 [grpc-default-executor-1] INFO  server.RaftServer$Division (RaftServerImpl.java:checkInconsistentAppendEntries(1288)) - omNode-1@group-523986131536: inconsistency entries. Reply:omNode-3<-omNode-1#10161:FAIL-t5,INCONSISTENCY,nextIndex=21,followerCommit=20
2021-10-24 13:00:27,272 [grpc-default-executor-1] INFO  leader.FollowerInfo (FollowerInfoImpl.java:lambda$new$0(47)) - omNode-3@group-523986131536->omNode-1: nextIndex: updateUnconditionally 31 -> 21
2021-10-24 13:00:27,774 [grpc-default-executor-7] INFO  server.RaftServer$Division (RaftServerImpl.java:checkInconsistentAppendEntries(1322)) - omNode-1@group-523986131536: Failed appendEntries as previous log entry ((t:5, i:30)) is not found
2021-10-24 13:00:27,774 [grpc-default-executor-7] INFO  server.RaftServer$Division (RaftServerImpl.java:checkInconsistentAppendEntries(1288)) - omNode-1@group-523986131536: inconsistency entries. Reply:omNode-3<-omNode-1#10212:FAIL-t5,INCONSISTENCY,nextIndex=21,followerCommit=20
2021-10-24 13:00:27,775 [grpc-default-executor-7] INFO  leader.FollowerInfo (FollowerInfoImpl.java:lambda$new$0(47)) - omNode-3@group-523986131536->omNode-1: nextIndex: updateUnconditionally 31 -> 21
2021-10-24 13:00:28,276 [grpc-default-executor-1] INFO  server.RaftServer$Division (RaftServerImpl.java:checkInconsistentAppendEntries(1322)) - omNode-1@group-523986131536: Failed appendEntries as previous log entry ((t:5, i:30)) is not found
2021-10-24 13:00:28,277 [grpc-default-executor-1] INFO  server.RaftServer$Division (RaftServerImpl.java:checkInconsistentAppendEntries(1288)) - omNode-1@group-523986131536: inconsistency entries. Reply:omNode-3<-omNode-1#10263:FAIL-t5,INCONSISTENCY,nextIndex=21,followerCommit=20
2021-10-24 13:00:28,277 [grpc-default-executor-7] INFO  leader.FollowerInfo (FollowerInfoImpl.java:lambda$new$0(47)) - omNode-3@group-523986131536->omNode-1: nextIndex: updateUnconditionally 31 -> 21
2021-10-24 13:00:28,778 [grpc-default-executor-7] INFO  server.RaftServer$Division (RaftServerImpl.java:checkInconsistentAppendEntries(1322)) - omNode-1@group-523986131536: Failed appendEntries as previous log entry ((t:5, i:30)) is not found
2021-10-24 13:00:28,779 [grpc-default-executor-7] INFO  server.RaftServer$Division (RaftServerImpl.java:checkInconsistentAppendEntries(1288)) - omNode-1@group-523986131536: inconsistency entries. Reply:omNode-3<-omNode-1#10314:FAIL-t5,INCONSISTENCY,nextIndex=21,followerCommit=20
2021-10-24 13:00:28,779 [grpc-default-executor-7] INFO  leader.FollowerInfo (FollowerInfoImpl.java:lambda$new$0(47)) - omNode-3@group-523986131536->omNode-1: nextIndex: updateUnconditionally 31 -> 21
2021-10-24 13:00:29,280 [grpc-default-executor-1] INFO  server.RaftServer$Division (RaftServerImpl.java:checkInconsistentAppendEntries(1322)) - omNode-1@group-523986131536: Failed appendEntries as previous log entry ((t:5, i:30)) is not found
2021-10-24 13:00:29,280 [grpc-default-executor-1] INFO  server.RaftServer$Division (RaftServerImpl.java:checkInconsistentAppendEntries(1288)) - omNode-1@group-523986131536: inconsistency entries. Reply:omNode-3<-omNode-1#10365:FAIL-t5,INCONSISTENCY,nextIndex=21,followerCommit=20
2021-10-24 13:00:29,281 [grpc-default-executor-7] INFO  leader.FollowerInfo (FollowerInfoImpl.java:lambda$new$0(47)) - omNode-3@group-523986131536->omNode-1: nextIndex: updateUnconditionally 31 -> 21
2021-10-24 13:00:29,782 [grpc-default-executor-7] INFO  server.RaftServer$Division (RaftServerImpl.java:checkInconsistentAppendEntries(1322)) - omNode-1@group-523986131536: Failed appendEntries as previous log entry ((t:5, i:30)) is not found
2021-10-24 13:00:29,782 [grpc-default-executor-7] INFO  server.RaftServer$Division (RaftServerImpl.java:checkInconsistentAppendEntries(1288)) - omNode-1@group-523986131536: inconsistency entries. Reply:omNode-3<-omNode-1#10416:FAIL-t5,INCONSISTENCY,nextIndex=21,followerCommit=20
2021-10-24 13:00:29,783 [grpc-default-executor-7] INFO  leader.FollowerInfo (FollowerInfoImpl.java:lambda$new$0(47)) - omNode-3@group-523986131536->omNode-1: nextIndex: updateUnconditionally 31 -> 21
2021-10-24 13:00:30,284 [grpc-default-executor-7] INFO  server.RaftServer$Division (RaftServerImpl.java:checkInconsistentAppendEntries(1322)) - omNode-1@group-523986131536: Failed appendEntries as previous log entry ((t:5, i:30)) is not found
2021-10-24 13:00:30,284 [grpc-default-executor-7] INFO  server.RaftServer$Division (RaftServerImpl.java:checkInconsistentAppendEntries(1288)) - omNode-1@group-523986131536: inconsistency entries. Reply:omNode-3<-omNode-1#10467:FAIL-t5,INCONSISTENCY,nextIndex=21,followerCommit=20
2021-10-24 13:00:30,284 [grpc-default-executor-7] INFO  leader.FollowerInfo (FollowerInfoImpl.java:lambda$new$0(47)) - omNode-3@group-523986131536->omNode-1: nextIndex: updateUnconditionally 31 -> 21
2021-10-24 13:00:30,786 [grpc-default-executor-7] INFO  server.RaftServer$Division (RaftServerImpl.java:checkInconsistentAppendEntries(1322)) - omNode-1@group-523986131536: Failed appendEntries as previous log entry ((t:5, i:30)) is not found
2021-10-24 13:00:30,786 [grpc-default-executor-7] INFO  server.RaftServer$Division (RaftServerImpl.java:checkInconsistentAppendEntries(1288)) - omNode-1@group-523986131536: inconsistency entries. Reply:omNode-3<-omNode-1#10518:FAIL-t5,INCONSISTENCY,nextIndex=21,followerCommit=20
2021-10-24 13:00:30,786 [grpc-default-executor-7] INFO  leader.FollowerInfo (FollowerInfoImpl.java:lambda$new$0(47)) - omNode-3@group-523986131536->omNode-1: nextIndex: updateUnconditionally 31 -> 21
2021-10-24 13:00:31,288 [grpc-default-executor-7] INFO  server.RaftServer$Division (RaftServerImpl.java:checkInconsistentAppendEntries(1322)) - omNode-1@group-523986131536: Failed appendEntries as previous log entry ((t:5, i:30)) is not found
2021-10-24 13:00:31,288 [grpc-default-executor-7] INFO  server.RaftServer$Division (RaftServerImpl.java:checkInconsistentAppendEntries(1288)) - omNode-1@group-523986131536: inconsistency entries. Reply:omNode-3<-omNode-1#10569:FAIL-t5,INCONSISTENCY,nextIndex=21,followerCommit=20
2021-10-24 13:00:31,290 [grpc-default-executor-7] INFO  leader.FollowerInfo (FollowerInfoImpl.java:lambda$new$0(47)) - omNode-3@group-523986131536->omNode-1: nextIndex: updateUnconditionally 31 -> 21
2021-10-24 13:00:31,791 [grpc-default-executor-7] INFO  server.RaftServer$Division (RaftServerImpl.java:checkInconsistentAppendEntries(1322)) - omNode-1@group-523986131536: Failed appendEntries as previous log entry ((t:5, i:30)) is not found
2021-10-24 13:00:31,791 [grpc-default-executor-7] INFO  server.RaftServer$Division (RaftServerImpl.java:checkInconsistentAppendEntries(1288)) - omNode-1@group-523986131536: inconsistency entries. Reply:omNode-3<-omNode-1#10620:FAIL-t5,INCONSISTENCY,nextIndex=21,followerCommit=20
2021-10-24 13:00:31,791 [grpc-default-executor-7] INFO  leader.FollowerInfo (FollowerInfoImpl.java:lambda$new$0(47)) - omNode-3@group-523986131536->omNode-1: nextIndex: updateUnconditionally 31 -> 21
2021-10-24 13:00:32,293 [grpc-default-executor-7] INFO  server.RaftServer$Division (RaftServerImpl.java:checkInconsistentAppendEntries(1322)) - omNode-1@group-523986131536: Failed appendEntries as previous log entry ((t:5, i:30)) is not found
2021-10-24 13:00:32,293 [grpc-default-executor-7] INFO  server.RaftServer$Division (RaftServerImpl.java:checkInconsistentAppendEntries(1288)) - omNode-1@group-523986131536: inconsistency entries. Reply:omNode-3<-omNode-1#10671:FAIL-t5,INCONSISTENCY,nextIndex=21,followerCommit=20
2021-10-24 13:00:32,293 [grpc-default-executor-7] INFO  leader.FollowerInfo (FollowerInfoImpl.java:lambda$new$0(47)) - omNode-3@group-523986131536->omNode-1: nextIndex: updateUnconditionally 31 -> 21
2021-10-24 13:00:32,794 [grpc-default-executor-7] INFO  server.RaftServer$Division (RaftServerImpl.java:checkInconsistentAppendEntries(1322)) - omNode-1@group-523986131536: Failed appendEntries as previous log entry ((t:5, i:30)) is not found
2021-10-24 13:00:32,794 [grpc-default-executor-7] INFO  server.RaftServer$Division (RaftServerImpl.java:checkInconsistentAppendEntries(1288)) - omNode-1@group-523986131536: inconsistency entries. Reply:omNode-3<-omNode-1#10722:FAIL-t5,INCONSISTENCY,nextIndex=21,followerCommit=20
2021-10-24 13:00:32,794 [grpc-default-executor-7] INFO  leader.FollowerInfo (FollowerInfoImpl.java:lambda$new$0(47)) - omNode-3@group-523986131536->omNode-1: nextIndex: updateUnconditionally 31 -> 21
2021-10-24 13:00:33,296 [grpc-default-executor-7] INFO  server.RaftServer$Division (RaftServerImpl.java:checkInconsistentAppendEntries(1322)) - omNode-1@group-523986131536: Failed appendEntries as previous log entry ((t:5, i:30)) is not found
2021-10-24 13:00:33,296 [grpc-default-executor-7] INFO  server.RaftServer$Division (RaftServerImpl.java:checkInconsistentAppendEntries(1288)) - omNode-1@group-523986131536: inconsistency entries. Reply:omNode-3<-omNode-1#10773:FAIL-t5,INCONSISTENCY,nextIndex=21,followerCommit=20
2021-10-24 13:00:33,296 [grpc-default-executor-7] INFO  leader.FollowerInfo (FollowerInfoImpl.java:lambda$new$0(47)) - omNode-3@group-523986131536->omNode-1: nextIndex: updateUnconditionally 31 -> 21
2021-10-24 13:00:33,797 [grpc-default-executor-1] INFO  server.RaftServer$Division (RaftServerImpl.java:checkInconsistentAppendEntries(1322)) - omNode-1@group-523986131536: Failed appendEntries as previous log entry ((t:5, i:30)) is not found
2021-10-24 13:00:33,797 [grpc-default-executor-1] INFO  server.RaftServer$Division (RaftServerImpl.java:checkInconsistentAppendEntries(1288)) - omNode-1@group-523986131536: inconsistency entries. Reply:omNode-3<-omNode-1#10824:FAIL-t5,INCONSISTENCY,nextIndex=21,followerCommit=20
2021-10-24 13:00:33,798 [grpc-default-executor-1] INFO  leader.FollowerInfo (FollowerInfoImpl.java:lambda$new$0(47)) - omNode-3@group-523986131536->omNode-1: nextIndex: updateUnconditionally 31 -> 21
2021-10-24 13:00:34,299 [grpc-default-executor-1] INFO  server.RaftServer$Division (RaftServerImpl.java:checkInconsistentAppendEntries(1322)) - omNode-1@group-523986131536: Failed appendEntries as previous log entry ((t:5, i:30)) is not found
2021-10-24 13:00:34,299 [grpc-default-executor-1] INFO  server.RaftServer$Division (RaftServerImpl.java:checkInconsistentAppendEntries(1288)) - omNode-1@group-523986131536: inconsistency entries. Reply:omNode-3<-omNode-1#10875:FAIL-t5,INCONSISTENCY,nextIndex=21,followerCommit=20
2021-10-24 13:00:34,300 [grpc-default-executor-1] INFO  leader.FollowerInfo (FollowerInfoImpl.java:lambda$new$0(47)) - omNode-3@group-523986131536->omNode-1: nextIndex: updateUnconditionally 31 -> 21
2021-10-24 13:00:34,800 [grpc-default-executor-7] INFO  server.RaftServer$Division (RaftServerImpl.java:checkInconsistentAppendEntries(1322)) - omNode-1@group-523986131536: Failed appendEntries as previous log entry ((t:5, i:30)) is not found
2021-10-24 13:00:34,801 [grpc-default-executor-7] INFO  server.RaftServer$Division (RaftServerImpl.java:checkInconsistentAppendEntries(1288)) - omNode-1@group-523986131536: inconsistency entries. Reply:omNode-3<-omNode-1#10926:FAIL-t5,INCONSISTENCY,nextIndex=21,followerCommit=20
2021-10-24 13:00:34,801 [grpc-default-executor-7] INFO  leader.FollowerInfo (FollowerInfoImpl.java:lambda$new$0(47)) - omNode-3@group-523986131536->omNode-1: nextIndex: updateUnconditionally 31 -> 21
2021-10-24 13:00:35,302 [grpc-default-executor-7] INFO  server.RaftServer$Division (RaftServerImpl.java:checkInconsistentAppendEntries(1322)) - omNode-1@group-523986131536: Failed appendEntries as previous log entry ((t:5, i:30)) is not found
2021-10-24 13:00:35,303 [grpc-default-executor-7] INFO  server.RaftServer$Division (RaftServerImpl.java:checkInconsistentAppendEntries(1288)) - omNode-1@group-523986131536: inconsistency entries. Reply:omNode-3<-omNode-1#10977:FAIL-t5,INCONSISTENCY,nextIndex=21,followerCommit=20
2021-10-24 13:00:35,303 [grpc-default-executor-7] INFO  leader.FollowerInfo (FollowerInfoImpl.java:lambda$new$0(47)) - omNode-3@group-523986131536->omNode-1: nextIndex: updateUnconditionally 31 -> 21
2021-10-24 13:00:35,805 [grpc-default-executor-7] INFO  server.RaftServer$Division (RaftServerImpl.java:checkInconsistentAppendEntries(1322)) - omNode-1@group-523986131536: Failed appendEntries as previous log entry ((t:5, i:30)) is not found
2021-10-24 13:00:35,805 [grpc-default-executor-7] INFO  server.RaftServer$Division (RaftServerImpl.java:checkInconsistentAppendEntries(1288)) - omNode-1@group-523986131536: inconsistency entries. Reply:omNode-3<-omNode-1#11028:FAIL-t5,INCONSISTENCY,nextIndex=21,followerCommit=20
2021-10-24 13:00:35,805 [grpc-default-executor-7] INFO  leader.FollowerInfo (FollowerInfoImpl.java:lambda$new$0(47)) - omNode-3@group-523986131536->omNode-1: nextIndex: updateUnconditionally 31 -> 21
2021-10-24 13:00:36,307 [grpc-default-executor-1] INFO  server.RaftServer$Division (RaftServerImpl.java:checkInconsistentAppendEntries(1322)) - omNode-1@group-523986131536: Failed appendEntries as previous log entry ((t:5, i:30)) is not found
2021-10-24 13:00:36,307 [grpc-default-executor-1] INFO  server.RaftServer$Division (RaftServerImpl.java:checkInconsistentAppendEntries(1288)) - omNode-1@group-523986131536: inconsistency entries. Reply:omNode-3<-omNode-1#11079:FAIL-t5,INCONSISTENCY,nextIndex=21,followerCommit=20
2021-10-24 13:00:36,308 [grpc-default-executor-1] INFO  leader.FollowerInfo (FollowerInfoImpl.java:lambda$new$0(47)) - omNode-3@group-523986131536->omNode-1: nextIndex: updateUnconditionally 31 -> 21
2021-10-24 13:00:36,809 [grpc-default-executor-1] INFO  server.RaftServer$Division (RaftServerImpl.java:checkInconsistentAppendEntries(1322)) - omNode-1@group-523986131536: Failed appendEntries as previous log entry ((t:5, i:30)) is not found
2021-10-24 13:00:36,809 [grpc-default-executor-1] INFO  server.RaftServer$Division (RaftServerImpl.java:checkInconsistentAppendEntries(1288)) - omNode-1@group-523986131536: inconsistency entries. Reply:omNode-3<-omNode-1#11130:FAIL-t5,INCONSISTENCY,nextIndex=21,followerCommit=20
2021-10-24 13:00:36,809 [grpc-default-executor-1] INFO  leader.FollowerInfo (FollowerInfoImpl.java:lambda$new$0(47)) - omNode-3@group-523986131536->omNode-1: nextIndex: updateUnconditionally 31 -> 21
2021-10-24 13:00:37,311 [grpc-default-executor-1] INFO  server.RaftServer$Division (RaftServerImpl.java:checkInconsistentAppendEntries(1322)) - omNode-1@group-523986131536: Failed appendEntries as previous log entry ((t:5, i:30)) is not found
2021-10-24 13:00:37,311 [grpc-default-executor-1] INFO  server.RaftServer$Division (RaftServerImpl.java:checkInconsistentAppendEntries(1288)) - omNode-1@group-523986131536: inconsistency entries. Reply:omNode-3<-omNode-1#11181:FAIL-t5,INCONSISTENCY,nextIndex=21,followerCommit=20
2021-10-24 13:00:37,311 [grpc-default-executor-1] INFO  leader.FollowerInfo (FollowerInfoImpl.java:lambda$new$0(47)) - omNode-3@group-523986131536->omNode-1: nextIndex: updateUnconditionally 31 -> 21
2021-10-24 13:00:37,813 [grpc-default-executor-7] INFO  server.RaftServer$Division (RaftServerImpl.java:checkInconsistentAppendEntries(1322)) - omNode-1@group-523986131536: Failed appendEntries as previous log entry ((t:5, i:30)) is not found
2021-10-24 13:00:37,813 [grpc-default-executor-7] INFO  server.RaftServer$Division (RaftServerImpl.java:checkInconsistentAppendEntries(1288)) - omNode-1@group-523986131536: inconsistency entries. Reply:omNode-3<-omNode-1#11232:FAIL-t5,INCONSISTENCY,nextIndex=21,followerCommit=20
2021-10-24 13:00:37,813 [grpc-default-executor-7] INFO  leader.FollowerInfo (FollowerInfoImpl.java:lambda$new$0(47)) - omNode-3@group-523986131536->omNode-1: nextIndex: updateUnconditionally 31 -> 21
2021-10-24 13:00:38,315 [grpc-default-executor-7] INFO  server.RaftServer$Division (RaftServerImpl.java:checkInconsistentAppendEntries(1322)) - omNode-1@group-523986131536: Failed appendEntries as previous log entry ((t:5, i:30)) is not found
2021-10-24 13:00:38,315 [grpc-default-executor-7] INFO  server.RaftServer$Division (RaftServerImpl.java:checkInconsistentAppendEntries(1288)) - omNode-1@group-523986131536: inconsistency entries. Reply:omNode-3<-omNode-1#11283:FAIL-t5,INCONSISTENCY,nextIndex=21,followerCommit=20
2021-10-24 13:00:38,315 [grpc-default-executor-7] INFO  leader.FollowerInfo (FollowerInfoImpl.java:lambda$new$0(47)) - omNode-3@group-523986131536->omNode-1: nextIndex: updateUnconditionally 31 -> 21
2021-10-24 13:00:38,817 [grpc-default-executor-1] INFO  server.RaftServer$Division (RaftServerImpl.java:checkInconsistentAppendEntries(1322)) - omNode-1@group-523986131536: Failed appendEntries as previous log entry ((t:5, i:30)) is not found
2021-10-24 13:00:38,817 [grpc-default-executor-1] INFO  server.RaftServer$Division (RaftServerImpl.java:checkInconsistentAppendEntries(1288)) - omNode-1@group-523986131536: inconsistency entries. Reply:omNode-3<-omNode-1#11334:FAIL-t5,INCONSISTENCY,nextIndex=21,followerCommit=20
2021-10-24 13:00:38,818 [grpc-default-executor-1] INFO  leader.FollowerInfo (FollowerInfoImpl.java:lambda$new$0(47)) - omNode-3@group-523986131536->omNode-1: nextIndex: updateUnconditionally 31 -> 21
2021-10-24 13:00:39,319 [grpc-default-executor-7] INFO  server.RaftServer$Division (RaftServerImpl.java:checkInconsistentAppendEntries(1322)) - omNode-1@group-523986131536: Failed appendEntries as previous log entry ((t:5, i:30)) is not found
2021-10-24 13:00:39,319 [grpc-default-executor-7] INFO  server.RaftServer$Division (RaftServerImpl.java:checkInconsistentAppendEntries(1288)) - omNode-1@group-523986131536: inconsistency entries. Reply:omNode-3<-omNode-1#11385:FAIL-t5,INCONSISTENCY,nextIndex=21,followerCommit=20
2021-10-24 13:00:39,319 [grpc-default-executor-7] INFO  leader.FollowerInfo (FollowerInfoImpl.java:lambda$new$0(47)) - omNode-3@group-523986131536->omNode-1: nextIndex: updateUnconditionally 31 -> 21
2021-10-24 13:00:39,821 [grpc-default-executor-1] INFO  server.RaftServer$Division (RaftServerImpl.java:checkInconsistentAppendEntries(1322)) - omNode-1@group-523986131536: Failed appendEntries as previous log entry ((t:5, i:30)) is not found
2021-10-24 13:00:39,821 [grpc-default-executor-1] INFO  server.RaftServer$Division (RaftServerImpl.java:checkInconsistentAppendEntries(1288)) - omNode-1@group-523986131536: inconsistency entries. Reply:omNode-3<-omNode-1#11436:FAIL-t5,INCONSISTENCY,nextIndex=21,followerCommit=20
2021-10-24 13:00:39,821 [grpc-default-executor-1] INFO  leader.FollowerInfo (FollowerInfoImpl.java:lambda$new$0(47)) - omNode-3@group-523986131536->omNode-1: nextIndex: updateUnconditionally 31 -> 21
2021-10-24 13:00:40,323 [grpc-default-executor-7] INFO  server.RaftServer$Division (RaftServerImpl.java:checkInconsistentAppendEntries(1322)) - omNode-1@group-523986131536: Failed appendEntries as previous log entry ((t:5, i:30)) is not found
2021-10-24 13:00:40,323 [grpc-default-executor-7] INFO  server.RaftServer$Division (RaftServerImpl.java:checkInconsistentAppendEntries(1288)) - omNode-1@group-523986131536: inconsistency entries. Reply:omNode-3<-omNode-1#11487:FAIL-t5,INCONSISTENCY,nextIndex=21,followerCommit=20
2021-10-24 13:00:40,323 [grpc-default-executor-1] INFO  leader.FollowerInfo (FollowerInfoImpl.java:lambda$new$0(47)) - omNode-3@group-523986131536->omNode-1: nextIndex: updateUnconditionally 31 -> 21
2021-10-24 13:00:40,825 [grpc-default-executor-1] INFO  server.RaftServer$Division (RaftServerImpl.java:checkInconsistentAppendEntries(1322)) - omNode-1@group-523986131536: Failed appendEntries as previous log entry ((t:5, i:30)) is not found
2021-10-24 13:00:40,825 [grpc-default-executor-1] INFO  server.RaftServer$Division (RaftServerImpl.java:checkInconsistentAppendEntries(1288)) - omNode-1@group-523986131536: inconsistency entries. Reply:omNode-3<-omNode-1#11538:FAIL-t5,INCONSISTENCY,nextIndex=21,followerCommit=20
2021-10-24 13:00:40,825 [grpc-default-executor-1] INFO  leader.FollowerInfo (FollowerInfoImpl.java:lambda$new$0(47)) - omNode-3@group-523986131536->omNode-1: nextIndex: updateUnconditionally 31 -> 21
2021-10-24 13:00:41,327 [grpc-default-executor-7] INFO  server.RaftServer$Division (RaftServerImpl.java:checkInconsistentAppendEntries(1322)) - omNode-1@group-523986131536: Failed appendEntries as previous log entry ((t:5, i:30)) is not found
2021-10-24 13:00:41,327 [grpc-default-executor-7] INFO  server.RaftServer$Division (RaftServerImpl.java:checkInconsistentAppendEntries(1288)) - omNode-1@group-523986131536: inconsistency entries. Reply:omNode-3<-omNode-1#11589:FAIL-t5,INCONSISTENCY,nextIndex=21,followerCommit=20
2021-10-24 13:00:41,328 [grpc-default-executor-7] INFO  leader.FollowerInfo (FollowerInfoImpl.java:lambda$new$0(47)) - omNode-3@group-523986131536->omNode-1: nextIndex: updateUnconditionally 31 -> 21
2021-10-24 13:00:41,828 [grpc-default-executor-7] INFO  server.RaftServer$Division (RaftServerImpl.java:checkInconsistentAppendEntries(1322)) - omNode-1@group-523986131536: Failed appendEntries as previous log entry ((t:5, i:30)) is not found
2021-10-24 13:00:41,829 [grpc-default-executor-7] INFO  server.RaftServer$Division (RaftServerImpl.java:checkInconsistentAppendEntries(1288)) - omNode-1@group-523986131536: inconsistency entries. Reply:omNode-3<-omNode-1#11640:FAIL-t5,INCONSISTENCY,nextIndex=21,followerCommit=20
2021-10-24 13:00:41,829 [grpc-default-executor-1] INFO  leader.FollowerInfo (FollowerInfoImpl.java:lambda$new$0(47)) - omNode-3@group-523986131536->omNode-1: nextIndex: updateUnconditionally 31 -> 21
2021-10-24 13:00:42,330 [grpc-default-executor-1] INFO  server.RaftServer$Division (RaftServerImpl.java:checkInconsistentAppendEntries(1322)) - omNode-1@group-523986131536: Failed appendEntries as previous log entry ((t:5, i:30)) is not found
2021-10-24 13:00:42,330 [grpc-default-executor-1] INFO  server.RaftServer$Division (RaftServerImpl.java:checkInconsistentAppendEntries(1288)) - omNode-1@group-523986131536: inconsistency entries. Reply:omNode-3<-omNode-1#11691:FAIL-t5,INCONSISTENCY,nextIndex=21,followerCommit=20
2021-10-24 13:00:42,331 [grpc-default-executor-7] INFO  leader.FollowerInfo (FollowerInfoImpl.java:lambda$new$0(47)) - omNode-3@group-523986131536->omNode-1: nextIndex: updateUnconditionally 31 -> 21
2021-10-24 13:00:42,832 [grpc-default-executor-7] INFO  server.RaftServer$Division (RaftServerImpl.java:checkInconsistentAppendEntries(1322)) - omNode-1@group-523986131536: Failed appendEntries as previous log entry ((t:5, i:30)) is not found
2021-10-24 13:00:42,832 [grpc-default-executor-7] INFO  server.RaftServer$Division (RaftServerImpl.java:checkInconsistentAppendEntries(1288)) - omNode-1@group-523986131536: inconsistency entries. Reply:omNode-3<-omNode-1#11742:FAIL-t5,INCONSISTENCY,nextIndex=21,followerCommit=20
2021-10-24 13:00:42,833 [grpc-default-executor-7] INFO  leader.FollowerInfo (FollowerInfoImpl.java:lambda$new$0(47)) - omNode-3@group-523986131536->omNode-1: nextIndex: updateUnconditionally 31 -> 21
2021-10-24 13:00:43,334 [grpc-default-executor-1] INFO  server.RaftServer$Division (RaftServerImpl.java:checkInconsistentAppendEntries(1322)) - omNode-1@group-523986131536: Failed appendEntries as previous log entry ((t:5, i:30)) is not found
2021-10-24 13:00:43,334 [grpc-default-executor-1] INFO  server.RaftServer$Division (RaftServerImpl.java:checkInconsistentAppendEntries(1288)) - omNode-1@group-523986131536: inconsistency entries. Reply:omNode-3<-omNode-1#11793:FAIL-t5,INCONSISTENCY,nextIndex=21,followerCommit=20
2021-10-24 13:00:43,335 [grpc-default-executor-1] INFO  leader.FollowerInfo (FollowerInfoImpl.java:lambda$new$0(47)) - omNode-3@group-523986131536->omNode-1: nextIndex: updateUnconditionally 31 -> 21
2021-10-24 13:00:43,836 [grpc-default-executor-7] INFO  server.RaftServer$Division (RaftServerImpl.java:checkInconsistentAppendEntries(1322)) - omNode-1@group-523986131536: Failed appendEntries as previous log entry ((t:5, i:30)) is not found
2021-10-24 13:00:43,837 [grpc-default-executor-7] INFO  server.RaftServer$Division (RaftServerImpl.java:checkInconsistentAppendEntries(1288)) - omNode-1@group-523986131536: inconsistency entries. Reply:omNode-3<-omNode-1#11844:FAIL-t5,INCONSISTENCY,nextIndex=21,followerCommit=20
2021-10-24 13:00:43,837 [grpc-default-executor-7] INFO  leader.FollowerInfo (FollowerInfoImpl.java:lambda$new$0(47)) - omNode-3@group-523986131536->omNode-1: nextIndex: updateUnconditionally 31 -> 21
2021-10-24 13:00:44,339 [grpc-default-executor-7] INFO  server.RaftServer$Division (RaftServerImpl.java:checkInconsistentAppendEntries(1322)) - omNode-1@group-523986131536: Failed appendEntries as previous log entry ((t:5, i:30)) is not found
2021-10-24 13:00:44,339 [grpc-default-executor-7] INFO  server.RaftServer$Division (RaftServerImpl.java:checkInconsistentAppendEntries(1288)) - omNode-1@group-523986131536: inconsistency entries. Reply:omNode-3<-omNode-1#11895:FAIL-t5,INCONSISTENCY,nextIndex=21,followerCommit=20
2021-10-24 13:00:44,339 [grpc-default-executor-7] INFO  leader.FollowerInfo (FollowerInfoImpl.java:lambda$new$0(47)) - omNode-3@group-523986131536->omNode-1: nextIndex: updateUnconditionally 31 -> 21
2021-10-24 13:00:44,840 [grpc-default-executor-7] INFO  server.RaftServer$Division (RaftServerImpl.java:checkInconsistentAppendEntries(1322)) - omNode-1@group-523986131536: Failed appendEntries as previous log entry ((t:5, i:30)) is not found
2021-10-24 13:00:44,840 [grpc-default-executor-7] INFO  server.RaftServer$Division (RaftServerImpl.java:checkInconsistentAppendEntries(1288)) - omNode-1@group-523986131536: inconsistency entries. Reply:omNode-3<-omNode-1#11946:FAIL-t5,INCONSISTENCY,nextIndex=21,followerCommit=20
2021-10-24 13:00:44,840 [grpc-default-executor-7] INFO  leader.FollowerInfo (FollowerInfoImpl.java:lambda$new$0(47)) - omNode-3@group-523986131536->omNode-1: nextIndex: updateUnconditionally 31 -> 21
2021-10-24 13:00:45,342 [grpc-default-executor-1] INFO  server.RaftServer$Division (RaftServerImpl.java:checkInconsistentAppendEntries(1322)) - omNode-1@group-523986131536: Failed appendEntries as previous log entry ((t:5, i:30)) is not found
2021-10-24 13:00:45,342 [grpc-default-executor-1] INFO  server.RaftServer$Division (RaftServerImpl.java:checkInconsistentAppendEntries(1288)) - omNode-1@group-523986131536: inconsistency entries. Reply:omNode-3<-omNode-1#11997:FAIL-t5,INCONSISTENCY,nextIndex=21,followerCommit=20
2021-10-24 13:00:45,342 [grpc-default-executor-1] INFO  leader.FollowerInfo (FollowerInfoImpl.java:lambda$new$0(47)) - omNode-3@group-523986131536->omNode-1: nextIndex: updateUnconditionally 31 -> 21
2021-10-24 13:00:45,843 [grpc-default-executor-7] INFO  server.RaftServer$Division (RaftServerImpl.java:checkInconsistentAppendEntries(1322)) - omNode-1@group-523986131536: Failed appendEntries as previous log entry ((t:5, i:30)) is not found
2021-10-24 13:00:45,844 [grpc-default-executor-7] INFO  server.RaftServer$Division (RaftServerImpl.java:checkInconsistentAppendEntries(1288)) - omNode-1@group-523986131536: inconsistency entries. Reply:omNode-3<-omNode-1#12048:FAIL-t5,INCONSISTENCY,nextIndex=21,followerCommit=20
2021-10-24 13:00:45,844 [grpc-default-executor-7] INFO  leader.FollowerInfo (FollowerInfoImpl.java:lambda$new$0(47)) - omNode-3@group-523986131536->omNode-1: nextIndex: updateUnconditionally 31 -> 21
2021-10-24 13:00:46,345 [grpc-default-executor-1] INFO  server.RaftServer$Division (RaftServerImpl.java:checkInconsistentAppendEntries(1322)) - omNode-1@group-523986131536: Failed appendEntries as previous log entry ((t:5, i:30)) is not found
2021-10-24 13:00:46,345 [grpc-default-executor-1] INFO  server.RaftServer$Division (RaftServerImpl.java:checkInconsistentAppendEntries(1288)) - omNode-1@group-523986131536: inconsistency entries. Reply:omNode-3<-omNode-1#12099:FAIL-t5,INCONSISTENCY,nextIndex=21,followerCommit=20
2021-10-24 13:00:46,346 [grpc-default-executor-1] INFO  leader.FollowerInfo (FollowerInfoImpl.java:lambda$new$0(47)) - omNode-3@group-523986131536->omNode-1: nextIndex: updateUnconditionally 31 -> 21
2021-10-24 13:00:46,847 [grpc-default-executor-7] INFO  server.RaftServer$Division (RaftServerImpl.java:checkInconsistentAppendEntries(1322)) - omNode-1@group-523986131536: Failed appendEntries as previous log entry ((t:5, i:30)) is not found
2021-10-24 13:00:46,847 [grpc-default-executor-7] INFO  server.RaftServer$Division (RaftServerImpl.java:checkInconsistentAppendEntries(1288)) - omNode-1@group-523986131536: inconsistency entries. Reply:omNode-3<-omNode-1#12150:FAIL-t5,INCONSISTENCY,nextIndex=21,followerCommit=20
2021-10-24 13:00:46,848 [grpc-default-executor-7] INFO  leader.FollowerInfo (FollowerInfoImpl.java:lambda$new$0(47)) - omNode-3@group-523986131536->omNode-1: nextIndex: updateUnconditionally 31 -> 21
2021-10-24 13:00:47,349 [grpc-default-executor-7] INFO  server.RaftServer$Division (RaftServerImpl.java:checkInconsistentAppendEntries(1322)) - omNode-1@group-523986131536: Failed appendEntries as previous log entry ((t:5, i:30)) is not found
2021-10-24 13:00:47,349 [grpc-default-executor-7] INFO  server.RaftServer$Division (RaftServerImpl.java:checkInconsistentAppendEntries(1288)) - omNode-1@group-523986131536: inconsistency entries. Reply:omNode-3<-omNode-1#12201:FAIL-t5,INCONSISTENCY,nextIndex=21,followerCommit=20
2021-10-24 13:00:47,350 [grpc-default-executor-7] INFO  leader.FollowerInfo (FollowerInfoImpl.java:lambda$new$0(47)) - omNode-3@group-523986131536->omNode-1: nextIndex: updateUnconditionally 31 -> 21
2021-10-24 13:00:47,851 [grpc-default-executor-7] INFO  server.RaftServer$Division (RaftServerImpl.java:checkInconsistentAppendEntries(1322)) - omNode-1@group-523986131536: Failed appendEntries as previous log entry ((t:5, i:30)) is not found
2021-10-24 13:00:47,851 [grpc-default-executor-7] INFO  server.RaftServer$Division (RaftServerImpl.java:checkInconsistentAppendEntries(1288)) - omNode-1@group-523986131536: inconsistency entries. Reply:omNode-3<-omNode-1#12252:FAIL-t5,INCONSISTENCY,nextIndex=21,followerCommit=20
2021-10-24 13:00:47,852 [grpc-default-executor-1] INFO  leader.FollowerInfo (FollowerInfoImpl.java:lambda$new$0(47)) - omNode-3@group-523986131536->omNode-1: nextIndex: updateUnconditionally 31 -> 21
2021-10-24 13:00:48,353 [grpc-default-executor-7] INFO  server.RaftServer$Division (RaftServerImpl.java:checkInconsistentAppendEntries(1322)) - omNode-1@group-523986131536: Failed appendEntries as previous log entry ((t:5, i:30)) is not found
2021-10-24 13:00:48,353 [grpc-default-executor-7] INFO  server.RaftServer$Division (RaftServerImpl.java:checkInconsistentAppendEntries(1288)) - omNode-1@group-523986131536: inconsistency entries. Reply:omNode-3<-omNode-1#12303:FAIL-t5,INCONSISTENCY,nextIndex=21,followerCommit=20
2021-10-24 13:00:48,353 [grpc-default-executor-7] INFO  leader.FollowerInfo (FollowerInfoImpl.java:lambda$new$0(47)) - omNode-3@group-523986131536->omNode-1: nextIndex: updateUnconditionally 31 -> 21
2021-10-24 13:00:48,410 [Time-limited test] INFO  om.OzoneManager (OzoneManager.java:stop(1664)) - Stopping Ozone Manager
2021-10-24 13:00:48,410 [Time-limited test] INFO  ipc.Server (Server.java:stop(3414)) - Stopping server on 13904
2021-10-24 13:00:48,413 [IPC Server listener on 13904] INFO  ipc.Server (Server.java:run(1376)) - Stopping IPC Server listener on 13904
2021-10-24 13:00:48,413 [IPC Server Responder] INFO  ipc.Server (Server.java:run(1512)) - Stopping IPC Server Responder
2021-10-24 13:00:48,413 [Time-limited test] INFO  server.RaftServer (RaftServerProxy.java:lambda$close$6(391)) - omNode-3: close
2021-10-24 13:00:48,413 [Time-limited test] INFO  server.RaftServer$Division (RaftServerImpl.java:lambda$close$4(412)) - omNode-3@group-523986131536: shutdown
2021-10-24 13:00:48,413 [Time-limited test] INFO  util.JmxRegister (JmxRegister.java:unregister(73)) - Successfully un-registered JMX Bean with object name Ratis:service=RaftServer,group=group-523986131536,id=omNode-3
2021-10-24 13:00:48,413 [Time-limited test] INFO  impl.RoleInfo (RoleInfo.java:shutdownLeaderState(91)) - omNode-3: shutdown omNode-3@group-523986131536-LeaderStateImpl
2021-10-24 13:00:48,414 [omNode-3@group-523986131536->omNode-1-GrpcLogAppender-LogAppenderDaemon] WARN  server.GrpcLogAppender (GrpcLogAppender.java:mayWait(177)) - omNode-3@group-523986131536->omNode-1-GrpcLogAppender: Wait interrupted by java.lang.InterruptedException
2021-10-24 13:00:48,414 [Time-limited test] INFO  impl.PendingRequests (PendingRequests.java:sendNotLeaderResponses(282)) - omNode-3@group-523986131536-PendingRequests: sendNotLeaderResponses
2021-10-24 13:00:48,421 [grpc-default-executor-7] INFO  server.GrpcServerProtocolService (GrpcServerProtocolService.java:onCompleted(140)) - omNode-1: Completed APPEND_ENTRIES, lastRequest: omNode-3->omNode-1#12304-t5,previous=(t:0, i:0),leaderCommit=10,initializing? false,entries: size=10, first=(t:3, i:21), CONFIGURATIONENTRY
2021-10-24 13:00:48,421 [omNode-3@group-523986131536->omNode-2-GrpcLogAppender-LogAppenderDaemon] WARN  server.GrpcLogAppender (GrpcLogAppender.java:mayWait(177)) - omNode-3@group-523986131536->omNode-2-GrpcLogAppender: Wait interrupted by java.lang.InterruptedException
2021-10-24 13:00:48,423 [Time-limited test] INFO  impl.StateMachineUpdater (StateMachineUpdater.java:stopAndJoin(149)) - omNode-3@group-523986131536-StateMachineUpdater: set stopIndex = 30
2021-10-24 13:00:48,423 [omNode-3@group-523986131536-StateMachineUpdater] INFO  ratis.OzoneManagerStateMachine (OzoneManagerStateMachine.java:takeSnapshot(417)) - Current Snapshot Index (t:5, i:30)
2021-10-24 13:00:48,423 [omNode-3@group-523986131536-StateMachineUpdater] INFO  impl.StateMachineUpdater (StateMachineUpdater.java:takeSnapshot(281)) - omNode-3@group-523986131536-StateMachineUpdater: Took a snapshot at index 30
2021-10-24 13:00:48,423 [grpc-default-executor-7] INFO  server.GrpcLogAppender (GrpcLogAppender.java:onCompleted(346)) - omNode-3@group-523986131536->omNode-1-AppendLogResponseHandler: follower responses appendEntries COMPLETED
2021-10-24 13:00:48,423 [omNode-3@group-523986131536-StateMachineUpdater] INFO  impl.StateMachineUpdater (StateMachineUpdater.java:lambda$new$0(89)) - omNode-3@group-523986131536-StateMachineUpdater: snapshotIndex: updateIncreasingly 26 -> 30
2021-10-24 13:00:48,423 [grpc-default-executor-7] INFO  leader.FollowerInfo (FollowerInfoImpl.java:lambda$new$0(47)) - omNode-3@group-523986131536->omNode-1: nextIndex: updateUnconditionally 31 -> 21
2021-10-24 13:00:48,423 [omNode-3@group-523986131536-StateMachineUpdater] INFO  ratis.OzoneManagerStateMachine (OzoneManagerStateMachine.java:close(471)) - StateMachine has shutdown. Shutdown OzoneManager if not already shutdown.
2021-10-24 13:00:48,424 [Time-limited test] INFO  server.RaftServer$Division (ServerState.java:close(419)) - omNode-3@group-523986131536: closes. applyIndex: 30
2021-10-24 13:00:48,424 [grpc-default-executor-7] INFO  server.GrpcServerProtocolService (GrpcServerProtocolService.java:onCompleted(140)) - omNode-2: Completed APPEND_ENTRIES, lastRequest: omNode-3->omNode-2#58-t5,previous=(t:5, i:29),leaderCommit=29,initializing? true,entries: size=1, first=(t:5, i:30), METADATAENTRY(c:29)
2021-10-24 13:00:48,424 [omNode-3@group-523986131536-SegmentedRaftLogWorker] INFO  segmented.SegmentedRaftLogWorker (SegmentedRaftLogWorker.java:run(327)) - omNode-3@group-523986131536-SegmentedRaftLogWorker was interrupted, exiting. There are 0 tasks remaining in the queue.
2021-10-24 13:00:48,425 [grpc-default-executor-7] INFO  server.GrpcLogAppender (GrpcLogAppender.java:onCompleted(346)) - omNode-3@group-523986131536->omNode-2-AppendLogResponseHandler: follower responses appendEntries COMPLETED
2021-10-24 13:00:48,425 [grpc-default-executor-7] INFO  leader.FollowerInfo (FollowerInfoImpl.java:lambda$new$0(47)) - omNode-3@group-523986131536->omNode-2: nextIndex: updateUnconditionally 31 -> 30
2021-10-24 13:00:48,425 [Time-limited test] INFO  segmented.SegmentedRaftLogWorker (SegmentedRaftLogWorker.java:close(237)) - omNode-3@group-523986131536-SegmentedRaftLogWorker close()
2021-10-24 13:00:48,426 [Time-limited test] INFO  server.GrpcService (GrpcService.java:closeImpl(262)) - omNode-3: shutdown server with port 13908 now
2021-10-24 13:00:49,785 [omNode-1@group-523986131536-FollowerState] INFO  impl.FollowerState (FollowerState.java:run(134)) - omNode-1@group-523986131536-FollowerState: change to CANDIDATE, lastRpcElapsedTime:1432184702ns, electionTimeout:1054ms
2021-10-24 13:00:49,785 [omNode-1@group-523986131536-FollowerState] INFO  impl.RoleInfo (RoleInfo.java:shutdownFollowerState(108)) - omNode-1: shutdown omNode-1@group-523986131536-FollowerState
2021-10-24 13:00:49,786 [omNode-1@group-523986131536-FollowerState] INFO  server.RaftServer$Division (RaftServerImpl.java:setRole(290)) - omNode-1@group-523986131536: changes role from  FOLLOWER to CANDIDATE at term 5 for changeToCandidate
2021-10-24 13:00:49,786 [omNode-1@group-523986131536-FollowerState] INFO  server.RaftServerConfigKeys (ConfUtils.java:logGet(44)) - raft.server.leaderelection.pre-vote = false (custom)
2021-10-24 13:00:49,786 [omNode-1@group-523986131536-FollowerState] INFO  impl.RoleInfo (RoleInfo.java:updateAndGet(130)) - omNode-1: start omNode-1@group-523986131536-LeaderElection24
2021-10-24 13:00:49,787 [omNode-1@group-523986131536-LeaderElection24] INFO  server.RaftServer$Division (ServerState.java:setLeader(285)) - omNode-1@group-523986131536: change Leader from omNode-3 to null at term 5 for ELECTION
2021-10-24 13:00:49,789 [omNode-1@group-523986131536-LeaderElection24] INFO  impl.LeaderElection (LeaderElection.java:askForVotes(306)) - omNode-1@group-523986131536-LeaderElection24 ELECTION round 0: submit vote requests at term 6 for 27: [omNode-3|rpc:localhost:13908|admin:|client:|dataStream:|priority:0, omNode-1|rpc:localhost:13896|admin:|client:|dataStream:|priority:0, omNode-2|rpc:localhost:13902|admin:|client:|dataStream:|priority:0], old=null
2021-10-24 13:00:49,796 [grpc-default-executor-1] INFO  server.RaftServer$Division (RaftServerImpl.java:requestVote(1046)) - omNode-2@group-523986131536: receive requestVote(ELECTION, omNode-1, group-523986131536, 6, (t:2, i:20))
2021-10-24 13:00:49,796 [grpc-default-executor-1] INFO  impl.VoteContext (VoteContext.java:log(48)) - omNode-2@group-523986131536-FOLLOWER: reject ELECTION from omNode-1: our last entry (t:5, i:30) > candidate's last entry (t:2, i:20)
2021-10-24 13:00:49,796 [grpc-default-executor-1] INFO  server.RaftServer$Division (ServerState.java:setLeader(285)) - omNode-2@group-523986131536: change Leader from omNode-3 to null at term 6 for updateCurrentTerm
2021-10-24 13:00:49,796 [grpc-default-executor-1] INFO  server.RaftServer$Division (RaftServerImpl.java:setRole(290)) - omNode-2@group-523986131536: changes role from  FOLLOWER to FOLLOWER at term 6 for candidate:omNode-1
2021-10-24 13:00:49,796 [grpc-default-executor-1] INFO  impl.RoleInfo (RoleInfo.java:shutdownFollowerState(108)) - omNode-2: shutdown omNode-2@group-523986131536-FollowerState
2021-10-24 13:00:49,796 [grpc-default-executor-1] INFO  impl.RoleInfo (RoleInfo.java:updateAndGet(130)) - omNode-2: start omNode-2@group-523986131536-FollowerState
2021-10-24 13:00:49,797 [omNode-2@group-523986131536-FollowerState] INFO  impl.FollowerState (FollowerState.java:run(143)) - omNode-2@group-523986131536-FollowerState was interrupted: {}
java.lang.InterruptedException: sleep interrupted
	at java.lang.Thread.sleep(Native Method)
	at java.lang.Thread.sleep(Thread.java:340)
	at java.util.concurrent.TimeUnit.sleep(TimeUnit.java:386)
	at org.apache.ratis.util.TimeDuration.sleep(TimeDuration.java:324)
	at org.apache.ratis.util.TimeDuration.sleep(TimeDuration.java:309)
	at org.apache.ratis.server.impl.FollowerState.run(FollowerState.java:118)
2021-10-24 13:00:49,801 [grpc-default-executor-1] INFO  server.RaftServer$Division (RaftServerImpl.java:requestVote(1078)) - omNode-2@group-523986131536 replies to ELECTION vote request: omNode-1<-omNode-2#0:FAIL-t6. Peer's state: omNode-2@group-523986131536:t6, leader=null, voted=null, raftlog=omNode-2@group-523986131536-SegmentedRaftLog:OPENED:c30, conf=27: [omNode-3|rpc:localhost:13908|admin:|client:|dataStream:|priority:0, omNode-1|rpc:localhost:13896|admin:|client:|dataStream:|priority:0, omNode-2|rpc:localhost:13902|admin:|client:|dataStream:|priority:0], old=null
2021-10-24 13:00:49,799 [omNode-1@group-523986131536-LeaderElection24] INFO  impl.LeaderElection (LogUtils.java:infoOrTrace(137)) - omNode-1@group-523986131536-LeaderElection24 got exception when requesting votes: java.util.concurrent.ExecutionException: org.apache.ratis.thirdparty.io.grpc.StatusRuntimeException: UNAVAILABLE: io exception
2021-10-24 13:00:49,803 [omNode-1@group-523986131536-LeaderElection24] INFO  impl.LeaderElection (LeaderElection.java:logAndReturn(89)) - omNode-1@group-523986131536-LeaderElection24: ELECTION REJECTED received 1 response(s) and 1 exception(s):
2021-10-24 13:00:49,803 [omNode-1@group-523986131536-LeaderElection24] INFO  impl.LeaderElection (LeaderElection.java:logAndReturn(93)) -   Response 0: omNode-1<-omNode-2#0:FAIL-t6
2021-10-24 13:00:49,803 [omNode-1@group-523986131536-LeaderElection24] INFO  impl.LeaderElection (LogUtils.java:infoOrTrace(137)) -   Exception 1: java.util.concurrent.ExecutionException: org.apache.ratis.thirdparty.io.grpc.StatusRuntimeException: UNAVAILABLE: io exception
2021-10-24 13:00:49,803 [omNode-1@group-523986131536-LeaderElection24] INFO  impl.LeaderElection (LeaderElection.java:askForVotes(308)) - omNode-1@group-523986131536-LeaderElection24 ELECTION round 0: result REJECTED
2021-10-24 13:00:49,803 [omNode-1@group-523986131536-LeaderElection24] INFO  server.RaftServer$Division (RaftServerImpl.java:setRole(290)) - omNode-1@group-523986131536: changes role from CANDIDATE to FOLLOWER at term 6 for REJECTED
2021-10-24 13:00:49,803 [omNode-1@group-523986131536-LeaderElection24] INFO  impl.RoleInfo (RoleInfo.java:shutdownLeaderElection(121)) - omNode-1: shutdown omNode-1@group-523986131536-LeaderElection24
2021-10-24 13:00:49,803 [omNode-1@group-523986131536-LeaderElection24] INFO  impl.RoleInfo (RoleInfo.java:updateAndGet(130)) - omNode-1: start omNode-1@group-523986131536-FollowerState
2021-10-24 13:00:50,911 [omNode-2@group-523986131536-FollowerState] INFO  impl.FollowerState (FollowerState.java:run(134)) - omNode-2@group-523986131536-FollowerState: change to CANDIDATE, lastRpcElapsedTime:1114703257ns, electionTimeout:1112ms
2021-10-24 13:00:50,911 [omNode-2@group-523986131536-FollowerState] INFO  impl.RoleInfo (RoleInfo.java:shutdownFollowerState(108)) - omNode-2: shutdown omNode-2@group-523986131536-FollowerState
2021-10-24 13:00:50,912 [omNode-2@group-523986131536-FollowerState] INFO  server.RaftServer$Division (RaftServerImpl.java:setRole(290)) - omNode-2@group-523986131536: changes role from  FOLLOWER to CANDIDATE at term 6 for changeToCandidate
2021-10-24 13:00:50,912 [omNode-2@group-523986131536-FollowerState] INFO  server.RaftServerConfigKeys (ConfUtils.java:logGet(44)) - raft.server.leaderelection.pre-vote = false (custom)
2021-10-24 13:00:50,912 [omNode-2@group-523986131536-FollowerState] INFO  impl.RoleInfo (RoleInfo.java:updateAndGet(130)) - omNode-2: start omNode-2@group-523986131536-LeaderElection25
2021-10-24 13:00:50,916 [omNode-2@group-523986131536-LeaderElection25] INFO  impl.LeaderElection (LeaderElection.java:askForVotes(306)) - omNode-2@group-523986131536-LeaderElection25 ELECTION round 0: submit vote requests at term 7 for 27: [omNode-3|rpc:localhost:13908|admin:|client:|dataStream:|priority:0, omNode-1|rpc:localhost:13896|admin:|client:|dataStream:|priority:0, omNode-2|rpc:localhost:13902|admin:|client:|dataStream:|priority:0], old=null
2021-10-24 13:00:50,921 [omNode-2@group-523986131536-LeaderElection25] INFO  impl.LeaderElection (LogUtils.java:infoOrTrace(137)) - omNode-2@group-523986131536-LeaderElection25 got exception when requesting votes: java.util.concurrent.ExecutionException: org.apache.ratis.thirdparty.io.grpc.StatusRuntimeException: UNAVAILABLE: io exception
2021-10-24 13:00:50,925 [grpc-default-executor-1] INFO  server.RaftServer$Division (RaftServerImpl.java:requestVote(1046)) - omNode-1@group-523986131536: receive requestVote(ELECTION, omNode-2, group-523986131536, 7, (t:5, i:30))
2021-10-24 13:00:50,925 [grpc-default-executor-1] INFO  impl.VoteContext (VoteContext.java:log(48)) - omNode-1@group-523986131536-FOLLOWER: accept ELECTION from omNode-2: our last entry (t:2, i:20) < candidate's last entry (t:5, i:30)
2021-10-24 13:00:50,925 [grpc-default-executor-1] INFO  server.RaftServer$Division (RaftServerImpl.java:setRole(290)) - omNode-1@group-523986131536: changes role from  FOLLOWER to FOLLOWER at term 7 for candidate:omNode-2
2021-10-24 13:00:50,925 [grpc-default-executor-1] INFO  impl.RoleInfo (RoleInfo.java:shutdownFollowerState(108)) - omNode-1: shutdown omNode-1@group-523986131536-FollowerState
2021-10-24 13:00:50,925 [grpc-default-executor-1] INFO  impl.RoleInfo (RoleInfo.java:updateAndGet(130)) - omNode-1: start omNode-1@group-523986131536-FollowerState
2021-10-24 13:00:50,925 [omNode-1@group-523986131536-FollowerState] INFO  impl.FollowerState (FollowerState.java:run(143)) - omNode-1@group-523986131536-FollowerState was interrupted: {}
java.lang.InterruptedException: sleep interrupted
	at java.lang.Thread.sleep(Native Method)
	at java.lang.Thread.sleep(Thread.java:340)
	at java.util.concurrent.TimeUnit.sleep(TimeUnit.java:386)
	at org.apache.ratis.util.TimeDuration.sleep(TimeDuration.java:324)
	at org.apache.ratis.util.TimeDuration.sleep(TimeDuration.java:309)
	at org.apache.ratis.server.impl.FollowerState.run(FollowerState.java:118)
2021-10-24 13:00:50,934 [grpc-default-executor-1] INFO  server.RaftServer$Division (RaftServerImpl.java:requestVote(1078)) - omNode-1@group-523986131536 replies to ELECTION vote request: omNode-2<-omNode-1#0:OK-t7. Peer's state: omNode-1@group-523986131536:t7, leader=null, voted=omNode-2, raftlog=omNode-1@group-523986131536-SegmentedRaftLog:OPENED:c20, conf=27: [omNode-3|rpc:localhost:13908|admin:|client:|dataStream:|priority:0, omNode-1|rpc:localhost:13896|admin:|client:|dataStream:|priority:0, omNode-2|rpc:localhost:13902|admin:|client:|dataStream:|priority:0], old=null
2021-10-24 13:00:50,934 [omNode-2@group-523986131536-LeaderElection25] INFO  impl.LeaderElection (LeaderElection.java:logAndReturn(89)) - omNode-2@group-523986131536-LeaderElection25: ELECTION PASSED received 1 response(s) and 1 exception(s):
2021-10-24 13:00:50,935 [omNode-2@group-523986131536-LeaderElection25] INFO  impl.LeaderElection (LeaderElection.java:logAndReturn(93)) -   Response 0: omNode-2<-omNode-1#0:OK-t7
2021-10-24 13:00:50,935 [omNode-2@group-523986131536-LeaderElection25] INFO  impl.LeaderElection (LogUtils.java:infoOrTrace(137)) -   Exception 1: java.util.concurrent.ExecutionException: org.apache.ratis.thirdparty.io.grpc.StatusRuntimeException: UNAVAILABLE: io exception
2021-10-24 13:00:50,935 [omNode-2@group-523986131536-LeaderElection25] INFO  impl.LeaderElection (LeaderElection.java:askForVotes(308)) - omNode-2@group-523986131536-LeaderElection25 ELECTION round 0: result PASSED
2021-10-24 13:00:50,935 [omNode-2@group-523986131536-LeaderElection25] INFO  impl.RoleInfo (RoleInfo.java:shutdownLeaderElection(121)) - omNode-2: shutdown omNode-2@group-523986131536-LeaderElection25
2021-10-24 13:00:50,935 [omNode-2@group-523986131536-LeaderElection25] INFO  server.RaftServer$Division (RaftServerImpl.java:setRole(290)) - omNode-2@group-523986131536: changes role from CANDIDATE to LEADER at term 7 for changeToLeader
2021-10-24 13:00:50,935 [omNode-2@group-523986131536-LeaderElection25] INFO  server.RaftServer$Division (ServerState.java:setLeader(285)) - omNode-2@group-523986131536: change Leader from null to omNode-2 at term 7 for becomeLeader, leader elected after 1138ms
2021-10-24 13:00:50,935 [omNode-2@group-523986131536-LeaderElection25] INFO  server.RaftServerConfigKeys (ConfUtils.java:logGet(44)) - raft.server.staging.catchup.gap = 1000 (default)
2021-10-24 13:00:50,935 [omNode-2@group-523986131536-LeaderElection25] INFO  server.RaftServerConfigKeys (ConfUtils.java:logGet(44)) - raft.server.write.element-limit = 4096 (default)
2021-10-24 13:00:50,935 [omNode-2@group-523986131536-LeaderElection25] INFO  server.RaftServerConfigKeys (ConfUtils.java:logGet(44)) - raft.server.write.byte-limit = 64MB (=67108864) (default)
2021-10-24 13:00:50,937 [omNode-2@group-523986131536-LeaderElection25] INFO  server.RaftServerConfigKeys (ConfUtils.java:logGet(44)) - raft.server.watch.timeout = 10s (default)
2021-10-24 13:00:50,937 [omNode-2@group-523986131536-LeaderElection25] INFO  server.RaftServerConfigKeys (ConfUtils.java:logGet(44)) - raft.server.watch.timeout.denomination = 1s (default)
2021-10-24 13:00:50,937 [omNode-2@group-523986131536-LeaderElection25] INFO  server.RaftServerConfigKeys (ConfUtils.java:logGet(44)) - raft.server.watch.element-limit = 65536 (default)
2021-10-24 13:00:50,937 [omNode-2@group-523986131536-LeaderElection25] INFO  server.RaftServerConfigKeys (ConfUtils.java:logGet(44)) - raft.server.write.element-limit = 4096 (default)
2021-10-24 13:00:50,937 [omNode-2@group-523986131536-LeaderElection25] INFO  server.RaftServerConfigKeys (ConfUtils.java:logGet(44)) - raft.server.write.follower.gap.ratio.max = -1.0 (default)
2021-10-24 13:00:50,937 [omNode-2@group-523986131536-LeaderElection25] INFO  server.RaftServerConfigKeys (ConfUtils.java:logGet(44)) - raft.server.log.appender.snapshot.chunk.size.max = 16MB (=16777216) (default)
2021-10-24 13:00:50,937 [omNode-2@group-523986131536-LeaderElection25] INFO  server.RaftServerConfigKeys (ConfUtils.java:logGet(44)) - raft.server.log.appender.buffer.byte-limit = 33554432 (custom)
2021-10-24 13:00:50,937 [omNode-2@group-523986131536-LeaderElection25] INFO  server.RaftServerConfigKeys (ConfUtils.java:logGet(44)) - raft.server.log.appender.buffer.element-limit = 1024 (custom)
2021-10-24 13:00:50,937 [omNode-2@group-523986131536-LeaderElection25] INFO  grpc.GrpcConfigKeys (ConfUtils.java:logGet(44)) - raft.grpc.server.leader.outstanding.appends.max = 128 (default)
2021-10-24 13:00:50,937 [omNode-2@group-523986131536-LeaderElection25] INFO  server.RaftServerConfigKeys (ConfUtils.java:logGet(44)) - raft.server.rpc.request.timeout = 3000ms (default)
2021-10-24 13:00:50,937 [omNode-2@group-523986131536-LeaderElection25] INFO  server.RaftServerConfigKeys (ConfUtils.java:logGet(44)) - raft.server.log.appender.install.snapshot.enabled = false (custom)
2021-10-24 13:00:50,938 [omNode-2@group-523986131536-LeaderElection25] INFO  server.RaftServerConfigKeys (ConfUtils.java:logGet(44)) - raft.server.log.appender.snapshot.chunk.size.max = 16MB (=16777216) (default)
2021-10-24 13:00:50,938 [omNode-2@group-523986131536-LeaderElection25] INFO  server.RaftServerConfigKeys (ConfUtils.java:logGet(44)) - raft.server.log.appender.buffer.byte-limit = 33554432 (custom)
2021-10-24 13:00:50,938 [omNode-2@group-523986131536-LeaderElection25] INFO  server.RaftServerConfigKeys (ConfUtils.java:logGet(44)) - raft.server.log.appender.buffer.element-limit = 1024 (custom)
2021-10-24 13:00:50,938 [omNode-2@group-523986131536-LeaderElection25] INFO  grpc.GrpcConfigKeys (ConfUtils.java:logGet(44)) - raft.grpc.server.leader.outstanding.appends.max = 128 (default)
2021-10-24 13:00:50,938 [omNode-2@group-523986131536-LeaderElection25] INFO  server.RaftServerConfigKeys (ConfUtils.java:logGet(44)) - raft.server.rpc.request.timeout = 3000ms (default)
2021-10-24 13:00:50,938 [omNode-2@group-523986131536-LeaderElection25] INFO  server.RaftServerConfigKeys (ConfUtils.java:logGet(44)) - raft.server.log.appender.install.snapshot.enabled = false (custom)
2021-10-24 13:00:50,939 [omNode-2@group-523986131536-LeaderElection25] INFO  impl.RoleInfo (RoleInfo.java:updateAndGet(130)) - omNode-2: start omNode-2@group-523986131536-LeaderStateImpl
2021-10-24 13:00:50,939 [omNode-2@group-523986131536-LeaderElection25] INFO  segmented.SegmentedRaftLogWorker (SegmentedRaftLogWorker.java:rollLogSegment(399)) - omNode-2@group-523986131536-SegmentedRaftLogWorker: Rolling segment log-27_30 to index:30
2021-10-24 13:00:50,940 [omNode-2@group-523986131536-SegmentedRaftLogWorker] INFO  segmented.SegmentedRaftLogWorker (SegmentedRaftLogWorker.java:execute(558)) - omNode-2@group-523986131536-SegmentedRaftLogWorker: Rolled log segment from /home/runner/work/ozone/ozone/hadoop-ozone/integration-test/target/test-dir/MiniOzoneClusterImpl-cd96da87-0819-4dc2-95d7-841b147881f8/omNode-2/ratis/c9bc4cf4-3bc3-3c60-a66b-523986131536/current/log_inprogress_27 to /home/runner/work/ozone/ozone/hadoop-ozone/integration-test/target/test-dir/MiniOzoneClusterImpl-cd96da87-0819-4dc2-95d7-841b147881f8/omNode-2/ratis/c9bc4cf4-3bc3-3c60-a66b-523986131536/current/log_27-30
2021-10-24 13:00:50,947 [omNode-2@group-523986131536-LeaderElection25] INFO  server.RaftServer$Division (ServerState.java:setRaftConf(387)) - omNode-2@group-523986131536: set configuration 31: [omNode-3|rpc:localhost:13908|admin:|client:|dataStream:|priority:0, omNode-1|rpc:localhost:13896|admin:|client:|dataStream:|priority:0, omNode-2|rpc:localhost:13902|admin:|client:|dataStream:|priority:0], old=null
2021-10-24 13:00:50,947 [omNode-2@group-523986131536-SegmentedRaftLogWorker] INFO  segmented.SegmentedRaftLogWorker (SegmentedRaftLogWorker.java:execute(601)) - omNode-2@group-523986131536-SegmentedRaftLogWorker: created new log segment /home/runner/work/ozone/ozone/hadoop-ozone/integration-test/target/test-dir/MiniOzoneClusterImpl-cd96da87-0819-4dc2-95d7-841b147881f8/omNode-2/ratis/c9bc4cf4-3bc3-3c60-a66b-523986131536/current/log_inprogress_31
2021-10-24 13:00:50,949 [grpc-default-executor-7] WARN  server.GrpcLogAppender (LogUtils.java:warn(122)) - omNode-2@group-523986131536->omNode-3-AppendLogResponseHandler: Failed appendEntries: org.apache.ratis.thirdparty.io.grpc.StatusRuntimeException: UNAVAILABLE: io exception
2021-10-24 13:00:50,949 [grpc-default-executor-1] INFO  server.RaftServer$Division (ServerState.java:setLeader(285)) - omNode-1@group-523986131536: change Leader from null to omNode-2 at term 7 for appendEntries, leader elected after 1162ms
2021-10-24 13:00:50,949 [grpc-default-executor-1] INFO  server.RaftServer$Division (RaftServerImpl.java:checkInconsistentAppendEntries(1322)) - omNode-1@group-523986131536: Failed appendEntries as previous log entry ((t:5, i:30)) is not found
2021-10-24 13:00:50,949 [grpc-default-executor-1] INFO  server.RaftServer$Division (RaftServerImpl.java:checkInconsistentAppendEntries(1288)) - omNode-1@group-523986131536: inconsistency entries. Reply:omNode-2<-omNode-1#0:FAIL-t7,INCONSISTENCY,nextIndex=21,followerCommit=20
2021-10-24 13:00:50,950 [grpc-default-executor-7] WARN  server.GrpcLogAppender (GrpcLogAppender.java:resetClient(110)) - omNode-2@group-523986131536->omNode-3-GrpcLogAppender: Leader has not got in touch with Follower omNode-2@group-523986131536->omNode-3(c-1,m0,n31, attendVote=true, lastRpcSendTime=1212, lastRpcResponseTime=1212) yet, just keep nextIndex unchanged and retry.
2021-10-24 13:00:50,950 [grpc-default-executor-1] INFO  leader.FollowerInfo (FollowerInfoImpl.java:lambda$new$0(47)) - omNode-2@group-523986131536->omNode-1: nextIndex: updateUnconditionally 32 -> 21
2021-10-24 13:00:50,950 [grpc-default-executor-7] INFO  server.RaftServer$Division (RaftServerImpl.java:checkInconsistentAppendEntries(1322)) - omNode-1@group-523986131536: Failed appendEntries as previous log entry ((t:5, i:30)) is not found
2021-10-24 13:00:50,951 [grpc-default-executor-7] INFO  server.RaftServer$Division (RaftServerImpl.java:checkInconsistentAppendEntries(1288)) - omNode-1@group-523986131536: inconsistency entries. Reply:omNode-2<-omNode-1#1:FAIL-t7,INCONSISTENCY,nextIndex=21,followerCommit=20
2021-10-24 13:00:50,953 [omNode-2@group-523986131536->omNode-1-GrpcLogAppender-LogAppenderDaemon] ERROR leader.LogAppenderDaemon (LogAppenderDaemon.java:run(86)) - omNode-2@group-523986131536->omNode-1-GrpcLogAppender-LogAppenderDaemon failed
java.lang.NullPointerException: omNode-2@group-523986131536->omNode-1: Previous TermIndex not found for firstIndex = 21
	at java.util.Objects.requireNonNull(Objects.java:290)
	at org.apache.ratis.server.leader.LogAppenderBase.assertProtos(LogAppenderBase.java:169)
	at org.apache.ratis.server.leader.LogAppenderBase.newAppendEntriesRequest(LogAppenderBase.java:154)
	at org.apache.ratis.grpc.server.GrpcLogAppender.appendLog(GrpcLogAppender.java:213)
	at org.apache.ratis.grpc.server.GrpcLogAppender.run(GrpcLogAppender.java:147)
	at org.apache.ratis.server.leader.LogAppenderDaemon.run(LogAppenderDaemon.java:77)
	at java.lang.Thread.run(Thread.java:748)
2021-10-24 13:00:50,953 [omNode-2@group-523986131536->omNode-1-GrpcLogAppender-LogAppenderDaemon] INFO  server.RaftServer$Division (LeaderStateImpl.java:restart(514)) - omNode-2@group-523986131536-LeaderStateImpl: Restarting GrpcLogAppender for omNode-2@group-523986131536->omNode-1
2021-10-24 13:00:50,953 [omNode-2@group-523986131536->omNode-1-GrpcLogAppender-LogAppenderDaemon] INFO  server.RaftServerConfigKeys (ConfUtils.java:logGet(44)) - raft.server.log.appender.snapshot.chunk.size.max = 16MB (=16777216) (default)
2021-10-24 13:00:50,953 [omNode-2@group-523986131536->omNode-1-GrpcLogAppender-LogAppenderDaemon] INFO  server.RaftServerConfigKeys (ConfUtils.java:logGet(44)) - raft.server.log.appender.buffer.byte-limit = 33554432 (custom)
2021-10-24 13:00:50,953 [omNode-2@group-523986131536->omNode-1-GrpcLogAppender-LogAppenderDaemon] INFO  server.RaftServerConfigKeys (ConfUtils.java:logGet(44)) - raft.server.log.appender.buffer.element-limit = 1024 (custom)
2021-10-24 13:00:50,954 [omNode-2@group-523986131536->omNode-1-GrpcLogAppender-LogAppenderDaemon] INFO  grpc.GrpcConfigKeys (ConfUtils.java:logGet(44)) - raft.grpc.server.leader.outstanding.appends.max = 128 (default)
2021-10-24 13:00:50,954 [omNode-2@group-523986131536->omNode-1-GrpcLogAppender-LogAppenderDaemon] INFO  server.RaftServerConfigKeys (ConfUtils.java:logGet(44)) - raft.server.rpc.request.timeout = 3000ms (default)
2021-10-24 13:00:50,954 [omNode-2@group-523986131536->omNode-1-GrpcLogAppender-LogAppenderDaemon] INFO  server.RaftServerConfigKeys (ConfUtils.java:logGet(44)) - raft.server.log.appender.install.snapshot.enabled = false (custom)
2021-10-24 13:00:50,954 [grpc-default-executor-7] INFO  leader.FollowerInfo (FollowerInfoImpl.java:lambda$new$0(47)) - omNode-2@group-523986131536->omNode-1: nextIndex: updateUnconditionally 21 -> 21
2021-10-24 13:00:50,959 [grpc-default-executor-7] WARN  server.GrpcLogAppender (LogUtils.java:warn(122)) - omNode-2@group-523986131536->omNode-3-AppendLogResponseHandler: Failed appendEntries: org.apache.ratis.thirdparty.io.grpc.StatusRuntimeException: UNAVAILABLE: io exception
2021-10-24 13:00:50,959 [omNode-2@group-523986131536->omNode-1-GrpcLogAppender-LogAppenderDaemon] INFO  server.GrpcLogAppender (GrpcLogAppender.java:installSnapshot(550)) - omNode-2@group-523986131536->omNode-1-GrpcLogAppender: followerNextIndex = 0 but logStartIndex = 21, notify follower to install snapshot-(t:3, i:21)
2021-10-24 13:00:50,959 [omNode-2@group-523986131536->omNode-1-GrpcLogAppender-LogAppenderDaemon] INFO  server.GrpcLogAppender (GrpcLogAppender.java:installSnapshot(558)) - omNode-2@group-523986131536->omNode-1-GrpcLogAppender: send omNode-2->omNode-1#0-t7,notify:(t:3, i:21)
2021-10-24 13:00:50,959 [grpc-default-executor-7] WARN  server.GrpcLogAppender (GrpcLogAppender.java:resetClient(110)) - omNode-2@group-523986131536->omNode-3-GrpcLogAppender: Leader has not got in touch with Follower omNode-2@group-523986131536->omNode-3(c-1,m0,n32, attendVote=true, lastRpcSendTime=0, lastRpcResponseTime=1222) yet, just keep nextIndex unchanged and retry.
2021-10-24 13:00:50,960 [grpc-default-executor-1] INFO  server.RaftServer$Division (RaftServerImpl.java:installSnapshot(1332)) - omNode-1@group-523986131536: receive installSnapshot: omNode-2->omNode-1#0-t7,notify:(t:3, i:21)
2021-10-24 13:00:50,960 [grpc-default-executor-1] INFO  server.RaftServer$Division (RaftServerImpl.java:notifyStateMachineToInstallSnapshot(1551)) - omNode-1@group-523986131536: Received notification to install snapshot at index 21
2021-10-24 13:00:50,960 [grpc-default-executor-1] INFO  server.RaftServer$Division (RaftServerImpl.java:notifyStateMachineToInstallSnapshot(1559)) - omNode-1@group-523986131536: InstallSnapshot notification result: ALREADY_INSTALLED, current snapshot index: 20
2021-10-24 13:00:50,961 [grpc-default-executor-1] INFO  server.RaftServer$Division (RaftServerImpl.java:installSnapshotImpl(1462)) - omNode-1@group-523986131536: set new configuration index: 31
configurationEntry {
  peers {
    id: "omNode-3"
    address: "localhost:13908"
  }
  peers {
    id: "omNode-1"
    address: "localhost:13896"
  }
  peers {
    id: "omNode-2"
    address: "localhost:13902"
  }
}
 from snapshot
2021-10-24 13:00:50,961 [grpc-default-executor-1] INFO  server.RaftServer$Division (ServerState.java:setRaftConf(387)) - omNode-1@group-523986131536: set configuration 31: [omNode-3|rpc:localhost:13908|admin:|client:|dataStream:|priority:0, omNode-1|rpc:localhost:13896|admin:|client:|dataStream:|priority:0, omNode-2|rpc:localhost:13902|admin:|client:|dataStream:|priority:0], old=null
2021-10-24 13:00:50,961 [grpc-default-executor-1] INFO  ratis.OzoneManagerStateMachine (OzoneManagerStateMachine.java:notifyConfigurationChanged(188)) - Received Configuration change notification from Ratis. New Peer list:
[id: "omNode-3"
address: "localhost:13908"
, id: "omNode-1"
address: "localhost:13896"
, id: "omNode-2"
address: "localhost:13902"
]
2021-10-24 13:00:50,961 [grpc-default-executor-1] INFO  server.RaftServer$Division (RaftServerImpl.java:installSnapshot(1343)) - omNode-1@group-523986131536: reply installSnapshot: omNode-2<-omNode-1#0:FAIL-t7,ALREADY_INSTALLED,snapshotIndex=20
2021-10-24 13:00:50,961 [grpc-default-executor-1] INFO  server.GrpcServerProtocolService (GrpcServerProtocolService.java:onCompleted(140)) - omNode-1: Completed INSTALL_SNAPSHOT, lastRequest: omNode-2->omNode-1#0-t7,notify:(t:3, i:21)
2021-10-24 13:00:50,962 [grpc-default-executor-1] INFO  server.GrpcLogAppender (GrpcLogAppender.java:onNext(410)) - omNode-2@group-523986131536->omNode-1-InstallSnapshotResponseHandler: received the first reply omNode-2<-omNode-1#0:FAIL-t7,ALREADY_INSTALLED,snapshotIndex=20
2021-10-24 13:00:50,962 [grpc-default-executor-1] INFO  server.GrpcLogAppender (GrpcLogAppender.java:onNext(433)) - omNode-2@group-523986131536->omNode-1-InstallSnapshotResponseHandler: Follower snapshot is already at index 20.
2021-10-24 13:00:50,962 [grpc-default-executor-1] INFO  leader.FollowerInfo (FollowerInfoImpl.java:lambda$new$0(47)) - omNode-2@group-523986131536->omNode-1: snapshotIndex: setUnconditionally 0 -> 20
2021-10-24 13:00:50,962 [grpc-default-executor-1] INFO  leader.FollowerInfo (FollowerInfoImpl.java:lambda$new$0(47)) - omNode-2@group-523986131536->omNode-1: matchIndex: setUnconditionally 0 -> 20
2021-10-24 13:00:50,962 [grpc-default-executor-1] INFO  leader.FollowerInfo (FollowerInfoImpl.java:lambda$new$0(47)) - omNode-2@group-523986131536->omNode-1: nextIndex: setUnconditionally 0 -> 21
2021-10-24 13:00:50,962 [grpc-default-executor-1] INFO  leader.FollowerInfo (FollowerInfoImpl.java:setAttemptedToInstallSnapshot(116)) - Follower omNode-2@group-523986131536->omNode-1 acknowledged installing snapshot
2021-10-24 13:00:50,962 [grpc-default-executor-1] INFO  leader.FollowerInfo (FollowerInfoImpl.java:lambda$new$0(47)) - omNode-2@group-523986131536->omNode-1: nextIndex: updateToMax old=21, new=21, updated? false
2021-10-24 13:00:51,393 [org.apache.ratis.util.JvmPauseMonitor$$Lambda$523/122473104@70c9d2ef] WARN  util.JvmPauseMonitor (JvmPauseMonitor.java:detectPause(124)) - JvmPauseMonitor-omNode-1: Detected pause in JVM or host machine (eg GC): pause of approximately 160743354ns.
GC pool 'PS MarkSweep' had collection(s): count=1 time=234ms
GC pool 'PS Scavenge' had collection(s): count=1 time=109ms
2021-10-24 13:00:51,393 [org.apache.ratis.util.JvmPauseMonitor$$Lambda$523/122473104@4a4487f1] WARN  util.JvmPauseMonitor (JvmPauseMonitor.java:detectPause(124)) - JvmPauseMonitor-omNode-3: Detected pause in JVM or host machine (eg GC): pause of approximately 293212771ns.
GC pool 'PS MarkSweep' had collection(s): count=1 time=234ms
GC pool 'PS Scavenge' had collection(s): count=1 time=109ms
2021-10-24 13:00:51,394 [org.apache.ratis.util.JvmPauseMonitor$$Lambda$523/122473104@240dce83] WARN  util.JvmPauseMonitor (JvmPauseMonitor.java:detectPause(124)) - JvmPauseMonitor-ab0b9145-2e53-4c25-ad23-cd655fd27dca: Detected pause in JVM or host machine (eg GC): pause of approximately 344567810ns.
GC pool 'PS MarkSweep' had collection(s): count=1 time=234ms
GC pool 'PS Scavenge' had collection(s): count=1 time=109ms
2021-10-24 13:00:51,427 [Time-limited test] WARN  grpc.GrpcUtil (GrpcUtil.java:shutdownManagedChannel(216)) - Timed out gracefully shutting down connection: ManagedChannelOrphanWrapper{delegate=ManagedChannelImpl{logId=355, target=localhost:13896}}. 
2021-10-24 13:00:51,429 [grpc-default-executor-7] INFO  server.GrpcLogAppender (GrpcLogAppender.java:onError(335)) - omNode-3@group-523986131536->omNode-1-GrpcLogAppender is stopped
2021-10-24 13:00:51,431 [Time-limited test] INFO  server.GrpcService (GrpcService.java:closeImpl(271)) - omNode-3: shutdown server with port 13908 successfully
2021-10-24 13:00:51,431 [org.apache.ratis.util.JvmPauseMonitor$$Lambda$523/122473104@4a4487f1] INFO  util.JvmPauseMonitor (JvmPauseMonitor.java:run(109)) - JvmPauseMonitor-omNode-3: Stopped
2021-10-24 13:00:51,431 [Time-limited test] INFO  ratis.OzoneManagerDoubleBuffer (OzoneManagerDoubleBuffer.java:stop(437)) - Stopping OMDoubleBuffer flush thread
2021-10-24 13:00:51,432 [OMDoubleBufferFlushThread] INFO  ratis.OzoneManagerDoubleBuffer (OzoneManagerDoubleBuffer.java:flushTransactions(356)) - OMDoubleBuffer flush thread OMDoubleBufferFlushThread is interrupted and will exit. OMDoubleBufferFlushThread
2021-10-24 13:00:51,432 [Time-limited test] INFO  handler.ContextHandler (ContextHandler.java:doStop(1153)) - Stopped o.e.j.w.WebAppContext@5a0f723{ozoneManager,/,null,STOPPED}{file:/home/runner/work/ozone/ozone/hadoop-ozone/integration-test/target/test-classes/webapps/ozoneManager}
2021-10-24 13:00:51,433 [Time-limited test] INFO  server.AbstractConnector (AbstractConnector.java:doStop(381)) - Stopped ServerConnector@346a8ae{HTTP/1.1, (http/1.1)}{0.0.0.0:13906}
2021-10-24 13:00:51,433 [Time-limited test] INFO  server.session (HouseKeeper.java:stopScavenging(149)) - node0 Stopped scavenging
2021-10-24 13:00:51,433 [Time-limited test] INFO  handler.ContextHandler (ContextHandler.java:doStop(1153)) - Stopped o.e.j.s.ServletContextHandler@c44b3d7{static,/static,file:///home/runner/work/ozone/ozone/hadoop-ozone/integration-test/target/test-classes/webapps/static,STOPPED}
2021-10-24 13:00:51,433 [Time-limited test] INFO  handler.ContextHandler (ContextHandler.java:doStop(1153)) - Stopped o.e.j.s.ServletContextHandler@49e6b454{logs,/logs,file:///home/runner/work/ozone/ozone/hadoop-ozone/integration-test/target/log,STOPPED}
2021-10-24 13:00:51,439 [grpc-default-executor-8] WARN  server.GrpcServerProtocolService (LogUtils.java:warn(122)) - omNode-1: installSnapshot onError, lastRequest: omNode-3->omNode-1#1-t5,previous=(t:4, i:26),leaderCommit=26,initializing? true,entries: size=1, first=(t:5, i:27), CONFIGURATIONENTRY: org.apache.ratis.thirdparty.io.grpc.StatusRuntimeException: CANCELLED: client cancelled
2021-10-24 13:00:51,443 [Time-limited test] INFO  om.OzoneManager (OzoneManager.java:initFSOLayout(4357)) - Configured ozone.om.metadata.layout=SIMPLE and disabled optimized OM FS operations
2021-10-24 13:00:51,443 [Time-limited test] INFO  om.OzoneManager (OzoneManager.java:restart(1385)) - OzoneManager RPC server is listening at localhost/127.0.0.1:13904
2021-10-24 13:00:51,443 [Time-limited test] INFO  impl.MetricsSystemImpl (MetricsSystemImpl.java:init(158)) - OzoneManager metrics system started (again)
2021-10-24 13:00:51,465 [grpc-default-executor-8] WARN  server.GrpcLogAppender (LogUtils.java:warn(122)) - omNode-2@group-523986131536->omNode-3-AppendLogResponseHandler: Failed appendEntries: org.apache.ratis.thirdparty.io.grpc.StatusRuntimeException: UNAVAILABLE: io exception
2021-10-24 13:00:51,465 [Time-limited test] WARN  server.ServerUtils (ServerUtils.java:getDBPath(225)) - ozone.om.db.dirs is not configured. We recommend adding this setting. Falling back to ozone.metadata.dirs instead.
2021-10-24 13:00:51,466 [grpc-default-executor-8] WARN  server.GrpcLogAppender (GrpcLogAppender.java:resetClient(110)) - omNode-2@group-523986131536->omNode-3-GrpcLogAppender: Leader has not got in touch with Follower omNode-2@group-523986131536->omNode-3(c-1,m0,n32, attendVote=true, lastRpcSendTime=0, lastRpcResponseTime=1728) yet, just keep nextIndex unchanged and retry.
2021-10-24 13:00:51,466 [Time-limited test] INFO  codec.OmKeyInfoCodec (OmKeyInfoCodec.java:<init>(51)) - OmKeyInfoCodec ignorePipeline = true
2021-10-24 13:00:51,467 [Time-limited test] INFO  codec.RepeatedOmKeyInfoCodec (RepeatedOmKeyInfoCodec.java:<init>(42)) - RepeatedOmKeyInfoCodec ignorePipeline = true
2021-10-24 13:00:51,474 [grpc-default-executor-8] INFO  server.RaftServer$Division (RaftServerImpl.java:checkInconsistentAppendEntries(1322)) - omNode-1@group-523986131536: Failed appendEntries as previous log entry ((t:7, i:31)) is not found
2021-10-24 13:00:51,474 [grpc-default-executor-8] INFO  server.RaftServer$Division (RaftServerImpl.java:checkInconsistentAppendEntries(1288)) - omNode-1@group-523986131536: inconsistency entries. Reply:omNode-2<-omNode-1#17:FAIL-t7,INCONSISTENCY,nextIndex=21,followerCommit=20
2021-10-24 13:00:51,483 [grpc-default-executor-8] INFO  leader.FollowerInfo (FollowerInfoImpl.java:lambda$new$0(47)) - omNode-2@group-523986131536->omNode-1: nextIndex: updateUnconditionally 32 -> 21
2021-10-24 13:00:51,523 [Time-limited test] WARN  impl.MetricRegistriesImpl (MetricRegistriesImpl.java:addReporterRegistration(111)) - New reporters are added after registries were created. Some metrics will be missing from the reporter. Please add reporter before adding any new registry.
2021-10-24 13:00:51,523 [Time-limited test] WARN  impl.MetricRegistriesImpl (MetricRegistriesImpl.java:addReporterRegistration(111)) - New reporters are added after registries were created. Some metrics will be missing from the reporter. Please add reporter before adding any new registry.
2021-10-24 13:00:51,523 [Time-limited test] WARN  server.ServerUtils (ServerUtils.java:getDefaultRatisDirectory(237)) - Storage directory for Ratis is not configured. It is a good idea to map this to an SSD disk. Falling back to ozone.metadata.dirs
2021-10-24 13:00:51,525 [Time-limited test] INFO  ratis.OzoneManagerRatisServer (OzoneManagerRatisServer.java:<init>(159)) - Instantiating OM Ratis server with groupID: om-service-test1 and peers: localhost:13908, localhost:13896, localhost:13902
2021-10-24 13:00:51,525 [Time-limited test] INFO  ratis.OzoneManagerStateMachine (OzoneManagerStateMachine.java:loadSnapshotInfoFromDB(605)) - LastAppliedIndex is set from TransactionInfo from OM DB as (t:5, i:30)
2021-10-24 13:00:51,531 [Time-limited test] INFO  server.RaftServer (ConfUtils.java:logGet(44)) - raft.rpc.type = GRPC (default)
2021-10-24 13:00:51,531 [Time-limited test] INFO  grpc.GrpcFactory (GrpcFactory.java:checkPooledByteBufAllocatorUseCacheForAllThreads(48)) - PERFORMANCE WARNING: useCacheForAllThreads is true that may cause Netty to create a lot garbage objects and, as a result, trigger GC.
	It is recommended to disable useCacheForAllThreads by setting -Dorg.apache.ratis.thirdparty.io.netty.allocator.useCacheForAllThreads=false in command line.
2021-10-24 13:00:51,532 [Time-limited test] INFO  grpc.GrpcConfigKeys (ConfUtils.java:logGet(44)) - raft.grpc.admin.port = -1 (default)
2021-10-24 13:00:51,532 [Time-limited test] INFO  grpc.GrpcConfigKeys (ConfUtils.java:logGet(44)) - raft.grpc.server.port = 13908 (custom)
2021-10-24 13:00:51,532 [Time-limited test] INFO  grpc.GrpcConfigKeys (ConfUtils.java:logGet(44)) - raft.grpc.client.port = -1 (default)
2021-10-24 13:00:51,532 [Time-limited test] INFO  grpc.GrpcConfigKeys (ConfUtils.java:logGet(44)) - raft.grpc.server.port = 13908 (custom)
2021-10-24 13:00:51,532 [Time-limited test] INFO  grpc.GrpcConfigKeys (ConfUtils.java:logGet(44)) - raft.grpc.server.port = 13908 (custom)
2021-10-24 13:00:51,532 [Time-limited test] INFO  server.GrpcService (ConfUtils.java:logGet(44)) - raft.grpc.message.size.max = 33554432 (custom)
2021-10-24 13:00:51,532 [Time-limited test] INFO  server.RaftServerConfigKeys (ConfUtils.java:logGet(44)) - raft.server.log.appender.buffer.byte-limit = 33554432 (custom)
2021-10-24 13:00:51,532 [Time-limited test] INFO  server.GrpcService (ConfUtils.java:logGet(44)) - raft.grpc.flow.control.window = 1MB (=1048576) (default)
2021-10-24 13:00:51,532 [Time-limited test] INFO  server.RaftServerConfigKeys (ConfUtils.java:logGet(44)) - raft.server.rpc.request.timeout = 3000ms (default)
2021-10-24 13:00:51,533 [Time-limited test] INFO  impl.DataStreamServerImpl (ConfUtils.java:logGet(44)) - raft.datastream.type = DISABLED (default)
2021-10-24 13:00:51,533 [Time-limited test] INFO  server.RaftServerConfigKeys (ConfUtils.java:logGet(44)) - raft.server.rpc.slowness.timeout = 2s (custom)
2021-10-24 13:00:51,533 [Time-limited test] INFO  server.RaftServerConfigKeys (ConfUtils.java:logGet(44)) - raft.server.leaderelection.leader.step-down.wait-time = 10s (default)
2021-10-24 13:00:51,534 [Time-limited test] INFO  server.RaftServerConfigKeys (ConfUtils.java:logGet(44)) - raft.server.storage.dir = [/home/runner/work/ozone/ozone/hadoop-ozone/integration-test/target/test-dir/MiniOzoneClusterImpl-cd96da87-0819-4dc2-95d7-841b147881f8/omNode-3/ratis] (custom)
2021-10-24 13:00:51,534 [Time-limited test] INFO  server.RaftServer (RaftServerProxy.java:lambda$null$1(235)) - omNode-3: found a subdirectory /home/runner/work/ozone/ozone/hadoop-ozone/integration-test/target/test-dir/MiniOzoneClusterImpl-cd96da87-0819-4dc2-95d7-841b147881f8/omNode-3/ratis/c9bc4cf4-3bc3-3c60-a66b-523986131536
2021-10-24 13:00:51,535 [Time-limited test] INFO  server.RaftServer (RaftServerProxy.java:addNew(95)) - omNode-3: addNew group-523986131536:[omNode-3|rpc:localhost:13908|priority:0, omNode-1|rpc:localhost:13896|priority:0, omNode-2|rpc:localhost:13902|priority:0] returns group-523986131536:java.util.concurrent.CompletableFuture@b6f74fa[Not completed]
2021-10-24 13:00:51,535 [Time-limited test] INFO  om.OzoneManager (OzoneManager.java:initializeRatisServer(1605)) - OzoneManager Ratis server initialized at port 13908
2021-10-24 13:00:51,535 [Time-limited test] INFO  ratis.OzoneManagerRatisServer (OzoneManagerRatisServer.java:start(520)) - Starting OzoneManagerRatisServer omNode-3 at port 13908
2021-10-24 13:00:51,535 [pool-291-thread-1] INFO  server.RaftServer$Division (RaftServerImpl.java:<init>(184)) - omNode-3: new RaftServerImpl for group-523986131536:[omNode-3|rpc:localhost:13908|priority:0, omNode-1|rpc:localhost:13896|priority:0, omNode-2|rpc:localhost:13902|priority:0] with OzoneManagerStateMachine:uninitialized
2021-10-24 13:00:51,539 [pool-291-thread-1] INFO  server.RaftServerConfigKeys (ConfUtils.java:logGet(44)) - raft.server.rpc.timeout.min = 1s (custom)
2021-10-24 13:00:51,539 [pool-291-thread-1] INFO  server.RaftServerConfigKeys (ConfUtils.java:logGet(44)) - raft.server.rpc.timeout.max = 1200ms (custom)
2021-10-24 13:00:51,539 [pool-291-thread-1] INFO  server.RaftServerConfigKeys (ConfUtils.java:logGet(44)) - raft.server.rpc.sleep.time = 25ms (default)
2021-10-24 13:00:51,539 [pool-291-thread-1] INFO  server.RaftServerConfigKeys (ConfUtils.java:logGet(44)) - raft.server.rpc.slowness.timeout = 2s (custom)
2021-10-24 13:00:51,539 [pool-291-thread-1] INFO  server.RaftServerConfigKeys (ConfUtils.java:logGet(44)) - raft.server.leaderelection.leader.step-down.wait-time = 10s (default)
2021-10-24 13:00:51,539 [pool-291-thread-1] INFO  server.RaftServerConfigKeys (ConfUtils.java:logGet(44)) - raft.server.sleep.deviation.threshold = 300ms (default)
2021-10-24 13:00:51,540 [pool-291-thread-1] INFO  server.RaftServerConfigKeys (ConfUtils.java:logGet(44)) - raft.server.log.appender.install.snapshot.enabled = false (custom)
2021-10-24 13:00:51,540 [pool-291-thread-1] INFO  server.RaftServer$Division (ServerState.java:<init>(105)) - omNode-3@group-523986131536: ConfigurationManager, init=-1: [omNode-3|rpc:localhost:13908|priority:0, omNode-1|rpc:localhost:13896|priority:0, omNode-2|rpc:localhost:13902|priority:0], old=null, confs=<EMPTY_MAP>
2021-10-24 13:00:51,540 [pool-291-thread-1] INFO  server.RaftServerConfigKeys (ConfUtils.java:logGet(44)) - raft.server.storage.dir = [/home/runner/work/ozone/ozone/hadoop-ozone/integration-test/target/test-dir/MiniOzoneClusterImpl-cd96da87-0819-4dc2-95d7-841b147881f8/omNode-3/ratis] (custom)
2021-10-24 13:00:51,540 [pool-291-thread-1] INFO  server.RaftServerConfigKeys (ConfUtils.java:logGet(44)) - raft.server.log.corruption.policy = EXCEPTION (default)
2021-10-24 13:00:51,540 [pool-291-thread-1] INFO  server.RaftServerConfigKeys (ConfUtils.java:logGet(44)) - raft.server.storage.free-space.min = 0MB (=0) (default)
2021-10-24 13:00:51,541 [pool-291-thread-1] INFO  storage.RaftStorageDirectory (RaftStorageDirectoryImpl.java:tryLock(230)) - Lock on /home/runner/work/ozone/ozone/hadoop-ozone/integration-test/target/test-dir/MiniOzoneClusterImpl-cd96da87-0819-4dc2-95d7-841b147881f8/omNode-3/ratis/c9bc4cf4-3bc3-3c60-a66b-523986131536/in_use.lock acquired by nodename 13972@fv-az50-989
2021-10-24 13:00:51,541 [pool-291-thread-1] INFO  storage.RaftStorage (RaftStorageImpl.java:analyzeAndRecoverStorage(110)) - Read RaftStorageMetadata{term=5, votedFor=omNode-3} from /home/runner/work/ozone/ozone/hadoop-ozone/integration-test/target/test-dir/MiniOzoneClusterImpl-cd96da87-0819-4dc2-95d7-841b147881f8/omNode-3/ratis/c9bc4cf4-3bc3-3c60-a66b-523986131536/current/raft-meta
2021-10-24 13:00:51,545 [pool-291-thread-1] INFO  server.RaftServer$Division (ServerState.java:setRaftConf(387)) - omNode-3@group-523986131536: set configuration 27: [omNode-3|rpc:localhost:13908|admin:|client:|dataStream:|priority:0, omNode-1|rpc:localhost:13896|admin:|client:|dataStream:|priority:0, omNode-2|rpc:localhost:13902|admin:|client:|dataStream:|priority:0], old=null
2021-10-24 13:00:51,545 [pool-291-thread-1] INFO  server.RaftServerConfigKeys (ConfUtils.java:logGet(44)) - raft.server.notification.no-leader.timeout = 2s (custom)
2021-10-24 13:00:51,545 [pool-291-thread-1] INFO  server.RaftServerConfigKeys (ConfUtils.java:logGet(44)) - raft.server.log.use.memory = false (default)
2021-10-24 13:00:51,545 [pool-291-thread-1] INFO  server.RaftServerConfigKeys (ConfUtils.java:logGet(44)) - raft.server.log.purge.gap = 50 (custom)
2021-10-24 13:00:51,545 [pool-291-thread-1] INFO  server.RaftServerConfigKeys (ConfUtils.java:logGet(44)) - raft.server.log.appender.buffer.byte-limit = 33554432 (custom)
2021-10-24 13:00:51,545 [pool-291-thread-1] INFO  server.RaftServerConfigKeys (ConfUtils.java:logGet(44)) - raft.server.log.segment.size.max = 4194304 (custom)
2021-10-24 13:00:51,548 [pool-291-thread-1] INFO  server.RaftServerConfigKeys (ConfUtils.java:logGet(44)) - raft.server.log.segment.cache.num.max = 2 (custom)
2021-10-24 13:00:51,548 [pool-291-thread-1] INFO  server.RaftServerConfigKeys (ConfUtils.java:logGet(44)) - raft.server.log.segment.cache.size.max = 200MB (=209715200) (default)
2021-10-24 13:00:51,548 [pool-291-thread-1] INFO  segmented.SegmentedRaftLogWorker (SegmentedRaftLogWorker.java:<init>(182)) - new omNode-3@group-523986131536-SegmentedRaftLogWorker for RaftStorageImpl:Storage Directory /home/runner/work/ozone/ozone/hadoop-ozone/integration-test/target/test-dir/MiniOzoneClusterImpl-cd96da87-0819-4dc2-95d7-841b147881f8/omNode-3/ratis/c9bc4cf4-3bc3-3c60-a66b-523986131536
2021-10-24 13:00:51,548 [pool-291-thread-1] INFO  server.RaftServerConfigKeys (ConfUtils.java:logGet(44)) - raft.server.log.queue.byte-limit = 64MB (=67108864) (default)
2021-10-24 13:00:51,548 [pool-291-thread-1] INFO  server.RaftServerConfigKeys (ConfUtils.java:logGet(44)) - raft.server.log.queue.element-limit = 4096 (default)
2021-10-24 13:00:51,548 [pool-291-thread-1] INFO  server.RaftServerConfigKeys (ConfUtils.java:logGet(44)) - raft.server.log.segment.size.max = 4194304 (custom)
2021-10-24 13:00:51,548 [pool-291-thread-1] INFO  server.RaftServerConfigKeys (ConfUtils.java:logGet(44)) - raft.server.log.preallocated.size = 4194304 (custom)
2021-10-24 13:00:51,548 [pool-291-thread-1] INFO  server.RaftServerConfigKeys (ConfUtils.java:logGet(44)) - raft.server.log.force.sync.num = 128 (default)
2021-10-24 13:00:51,548 [pool-291-thread-1] INFO  server.RaftServerConfigKeys (ConfUtils.java:logGet(44)) - raft.server.log.statemachine.data.sync = true (default)
2021-10-24 13:00:51,548 [pool-291-thread-1] INFO  server.RaftServerConfigKeys (ConfUtils.java:logGet(44)) - raft.server.log.statemachine.data.sync.timeout = 10s (default)
2021-10-24 13:00:51,548 [pool-291-thread-1] INFO  server.RaftServerConfigKeys (ConfUtils.java:logGet(44)) - raft.server.log.statemachine.data.sync.timeout.retry = -1 (default)
2021-10-24 13:00:51,550 [pool-291-thread-1] INFO  server.RaftServerConfigKeys (ConfUtils.java:logGet(44)) - raft.server.log.write.buffer.size = 64KB (=65536) (default)
2021-10-24 13:00:51,551 [pool-291-thread-1] INFO  server.RaftServerConfigKeys (ConfUtils.java:logGet(44)) - raft.server.log.statemachine.data.caching.enabled = false (default)
2021-10-24 13:00:51,555 [pool-291-thread-1] INFO  server.RaftServer$Division (ServerState.java:setRaftConf(387)) - omNode-3@group-523986131536: set configuration 21: [omNode-3|rpc:localhost:13908|admin:|client:|dataStream:|priority:0, omNode-1|rpc:localhost:13896|admin:|client:|dataStream:|priority:0, omNode-2|rpc:localhost:13902|admin:|client:|dataStream:|priority:0], old=null
2021-10-24 13:00:51,555 [pool-291-thread-1] INFO  segmented.LogSegment (LogSegment.java:loadSegment(173)) - Successfully read 2 entries from segment file /home/runner/work/ozone/ozone/hadoop-ozone/integration-test/target/test-dir/MiniOzoneClusterImpl-cd96da87-0819-4dc2-95d7-841b147881f8/omNode-3/ratis/c9bc4cf4-3bc3-3c60-a66b-523986131536/current/log_21-22
2021-10-24 13:00:51,559 [pool-291-thread-1] INFO  server.RaftServer$Division (ServerState.java:setRaftConf(387)) - omNode-3@group-523986131536: set configuration 23: [omNode-3|rpc:localhost:13908|admin:|client:|dataStream:|priority:0, omNode-1|rpc:localhost:13896|admin:|client:|dataStream:|priority:0, omNode-2|rpc:localhost:13902|admin:|client:|dataStream:|priority:0], old=null
2021-10-24 13:00:51,559 [pool-291-thread-1] INFO  segmented.LogSegment (LogSegment.java:loadSegment(173)) - Successfully read 4 entries from segment file /home/runner/work/ozone/ozone/hadoop-ozone/integration-test/target/test-dir/MiniOzoneClusterImpl-cd96da87-0819-4dc2-95d7-841b147881f8/omNode-3/ratis/c9bc4cf4-3bc3-3c60-a66b-523986131536/current/log_23-26
2021-10-24 13:00:51,559 [pool-291-thread-1] INFO  server.RaftServer$Division (ServerState.java:setRaftConf(387)) - omNode-3@group-523986131536: set configuration 27: [omNode-3|rpc:localhost:13908|admin:|client:|dataStream:|priority:0, omNode-1|rpc:localhost:13896|admin:|client:|dataStream:|priority:0, omNode-2|rpc:localhost:13902|admin:|client:|dataStream:|priority:0], old=null
2021-10-24 13:00:51,559 [pool-291-thread-1] INFO  segmented.LogSegment (LogSegment.java:loadSegment(173)) - Successfully read 4 entries from segment file /home/runner/work/ozone/ozone/hadoop-ozone/integration-test/target/test-dir/MiniOzoneClusterImpl-cd96da87-0819-4dc2-95d7-841b147881f8/omNode-3/ratis/c9bc4cf4-3bc3-3c60-a66b-523986131536/current/log_inprogress_27
2021-10-24 13:00:51,560 [pool-291-thread-1] INFO  segmented.SegmentedRaftLogWorker (SegmentedRaftLogWorker.java:lambda$new$0(133)) - omNode-3@group-523986131536-SegmentedRaftLogWorker: flushIndex: setUnconditionally 0 -> 30
2021-10-24 13:00:51,560 [pool-291-thread-1] INFO  segmented.SegmentedRaftLogWorker (SegmentedRaftLogWorker.java:lambda$new$0(133)) - omNode-3@group-523986131536-SegmentedRaftLogWorker: safeCacheEvictIndex: setUnconditionally 0 -> 26
2021-10-24 13:00:51,560 [pool-291-thread-1] INFO  raftlog.RaftLog (RaftLogBase.java:lambda$new$0(53)) - omNode-3@group-523986131536-SegmentedRaftLog: commitIndex: updateToMax old=30, new=29, updated? false
2021-10-24 13:00:51,560 [pool-291-thread-1] INFO  raftlog.RaftLog (RaftLogBase.java:lambda$new$0(53)) - omNode-3@group-523986131536-SegmentedRaftLog: purgeIndex: updateIncreasingly -1 -> 20
2021-10-24 13:00:51,560 [pool-291-thread-1] INFO  server.RaftServerConfigKeys (ConfUtils.java:logGet(44)) - raft.server.snapshot.auto.trigger.enabled = true (custom)
2021-10-24 13:00:51,560 [pool-291-thread-1] INFO  server.RaftServerConfigKeys (ConfUtils.java:logGet(44)) - raft.server.snapshot.auto.trigger.threshold = 50 (custom)
2021-10-24 13:00:51,560 [pool-291-thread-1] INFO  server.RaftServerConfigKeys (ConfUtils.java:logGet(44)) - raft.server.snapshot.retention.file.num = -1 (default)
2021-10-24 13:00:51,560 [pool-291-thread-1] INFO  server.RaftServerConfigKeys (ConfUtils.java:logGet(44)) - raft.server.log.purge.upto.snapshot.index = true (custom)
2021-10-24 13:00:51,560 [pool-291-thread-1] INFO  server.RaftServerConfigKeys (ConfUtils.java:logGet(44)) - raft.server.retrycache.expirytime = 30000ms (custom)
2021-10-24 13:00:51,560 [pool-291-thread-1] INFO  server.RaftServerConfigKeys (ConfUtils.java:logGet(44)) - raft.server.retrycache.statistics.expirytime = 100μs (default)
2021-10-24 13:00:51,561 [Time-limited test] INFO  server.RaftServer$Division (RaftServerImpl.java:start(301)) - omNode-3@group-523986131536: start as a follower, conf=27: [omNode-3|rpc:localhost:13908|admin:|client:|dataStream:|priority:0, omNode-1|rpc:localhost:13896|admin:|client:|dataStream:|priority:0, omNode-2|rpc:localhost:13902|admin:|client:|dataStream:|priority:0], old=null
2021-10-24 13:00:51,561 [Time-limited test] INFO  server.RaftServer$Division (RaftServerImpl.java:setRole(290)) - omNode-3@group-523986131536: changes role from      null to FOLLOWER at term 5 for startAsFollower
2021-10-24 13:00:51,561 [Time-limited test] INFO  impl.RoleInfo (RoleInfo.java:updateAndGet(130)) - omNode-3: start omNode-3@group-523986131536-FollowerState
2021-10-24 13:00:51,562 [Time-limited test] INFO  util.JmxRegister (JmxRegister.java:tryRegister(44)) - Successfully registered JMX Bean with object name Ratis:service=RaftServer,group=group-523986131536,id=omNode-3
2021-10-24 13:00:51,562 [Time-limited test] INFO  server.RaftServer (RaftServerProxy.java:lambda$start$5(374)) - omNode-3: start RPC server
2021-10-24 13:00:51,563 [Time-limited test] INFO  server.GrpcService (GrpcService.java:startImpl(253)) - omNode-3: GrpcService started, listening on 13908
2021-10-24 13:00:51,564 [Time-limited test] INFO  ipc.CallQueueManager (CallQueueManager.java:<init>(90)) - Using callQueue: class java.util.concurrent.LinkedBlockingQueue, queueCapacity: 2000, scheduler: class org.apache.hadoop.ipc.DefaultRpcScheduler, ipcBackoff: false.
2021-10-24 13:00:51,564 [org.apache.ratis.util.JvmPauseMonitor$$Lambda$523/122473104@76717bae] INFO  util.JvmPauseMonitor (JvmPauseMonitor.java:run(103)) - JvmPauseMonitor-omNode-3: Started
2021-10-24 13:00:51,564 [Socket Reader #1 for port 13904] INFO  ipc.Server (Server.java:run(1265)) - Starting Socket Reader #1 for port 13904
2021-10-24 13:00:51,569 [Listener at localhost/13904] INFO  http.BaseHttpServer (BaseHttpServer.java:newHttpServer2BuilderForOzone(209)) - Starting Web-server for ozoneManager at: http://0.0.0.0:13906
2021-10-24 13:00:51,569 [Listener at localhost/13904] INFO  http.BaseHttpServer (BaseHttpServer.java:<init>(107)) - Hadoop Security Enabled: false Ozone Security Enabled: false Ozone HTTP Security Enabled: false 
2021-10-24 13:00:51,570 [Listener at localhost/13904] INFO  server.AuthenticationFilter (AuthenticationFilter.java:constructSecretProvider(240)) - Unable to initialize FileSignerSecretProvider, falling back to use random secrets.
2021-10-24 13:00:51,570 [Listener at localhost/13904] WARN  http.HttpRequestLog (HttpRequestLog.java:getRequestLog(103)) - Jetty request log can only be enabled using Log4j
2021-10-24 13:00:51,571 [Listener at localhost/13904] INFO  http.HttpServer2 (HttpServer2.java:addGlobalFilter(1030)) - Added global filter 'safety' (class=org.apache.hadoop.hdds.server.http.HttpServer2$QuotingInputFilter)
2021-10-24 13:00:51,572 [Listener at localhost/13904] INFO  http.HttpServer2 (HttpServer2.java:addFilter(1006)) - Added filter static_user_filter (class=org.apache.hadoop.http.lib.StaticUserWebFilter$StaticUserFilter) to context ozoneManager
2021-10-24 13:00:51,572 [Listener at localhost/13904] INFO  http.HttpServer2 (HttpServer2.java:addFilter(1014)) - Added filter static_user_filter (class=org.apache.hadoop.http.lib.StaticUserWebFilter$StaticUserFilter) to context static
2021-10-24 13:00:51,572 [Listener at localhost/13904] INFO  http.HttpServer2 (HttpServer2.java:addFilter(1014)) - Added filter static_user_filter (class=org.apache.hadoop.http.lib.StaticUserWebFilter$StaticUserFilter) to context logs
2021-10-24 13:00:51,572 [Listener at localhost/13904] INFO  http.HttpServer2 (HttpServer2.java:bindListener(1249)) - Jetty bound to port 13906
2021-10-24 13:00:51,572 [Listener at localhost/13904] INFO  server.Server (Server.java:doStart(375)) - jetty-9.4.43.v20210629; built: 2021-06-30T11:07:22.254Z; git: 526006ecfa3af7f1a27ef3a288e2bef7ea9dd7e8; jvm 1.8.0_292-b10
2021-10-24 13:00:51,579 [Listener at localhost/13904] INFO  server.session (DefaultSessionIdManager.java:doStart(334)) - DefaultSessionIdManager workerName=node0
2021-10-24 13:00:51,579 [Listener at localhost/13904] INFO  server.session (DefaultSessionIdManager.java:doStart(339)) - No SessionScavenger set, using defaults
2021-10-24 13:00:51,580 [Listener at localhost/13904] INFO  server.session (HouseKeeper.java:startScavenging(132)) - node0 Scavenging every 600000ms
2021-10-24 13:00:51,580 [Listener at localhost/13904] INFO  handler.ContextHandler (ContextHandler.java:doStart(915)) - Started o.e.j.s.ServletContextHandler@387c384b{logs,/logs,file:///home/runner/work/ozone/ozone/hadoop-ozone/integration-test/target/log,AVAILABLE}
2021-10-24 13:00:51,580 [Listener at localhost/13904] INFO  handler.ContextHandler (ContextHandler.java:doStart(915)) - Started o.e.j.s.ServletContextHandler@4838c6ac{static,/static,file:///home/runner/work/ozone/ozone/hadoop-ozone/integration-test/target/test-classes/webapps/static,AVAILABLE}
2021-10-24 13:00:51,583 [Listener at localhost/13904] INFO  handler.ContextHandler (ContextHandler.java:doStart(915)) - Started o.e.j.w.WebAppContext@1cff3f1e{ozoneManager,/,file:///home/runner/work/ozone/ozone/hadoop-ozone/integration-test/target/test-classes/webapps/ozoneManager/,AVAILABLE}{file:/home/runner/work/ozone/ozone/hadoop-ozone/integration-test/target/test-classes/webapps/ozoneManager}
2021-10-24 13:00:51,587 [Listener at localhost/13904] INFO  server.AbstractConnector (AbstractConnector.java:doStart(331)) - Started ServerConnector@63722676{HTTP/1.1, (http/1.1)}{0.0.0.0:13906}
2021-10-24 13:00:51,591 [Listener at localhost/13904] INFO  server.Server (Server.java:doStart(415)) - Started @288360ms
2021-10-24 13:00:51,591 [Listener at localhost/13904] WARN  impl.MetricsSystemImpl (MetricsSystemImpl.java:register(279)) - Sink prometheus already exists!
2021-10-24 13:00:51,591 [Listener at localhost/13904] INFO  http.BaseHttpServer (BaseHttpServer.java:updateConnectorAddress(329)) - HTTP server of ozoneManager listening at http://0.0.0.0:13906
2021-10-24 13:00:51,592 [IPC Server Responder] INFO  ipc.Server (Server.java:run(1507)) - IPC Server Responder: starting
2021-10-24 13:00:51,592 [IPC Server listener on 13904] INFO  ipc.Server (Server.java:run(1344)) - IPC Server listener on 13904: starting
2021-10-24 13:00:51,594 [Listener at localhost/13904] INFO  om.OzoneManager (OzoneManager.java:startTrashEmptier(1563)) - Trash Interval set to 0. Files deleted will not move to trash
2021-10-24 13:00:51,594 [Listener at localhost/13904] INFO  om.OzoneManager (OzoneManager.java:stop(1664)) - Stopping Ozone Manager
2021-10-24 13:00:51,594 [Listener at localhost/13904] INFO  ipc.Server (Server.java:stop(3414)) - Stopping server on 13892
2021-10-24 13:00:51,599 [Listener at localhost/13904] INFO  server.RaftServer (RaftServerProxy.java:lambda$close$6(391)) - omNode-1: close
2021-10-24 13:00:51,599 [Listener at localhost/13904] INFO  server.RaftServer$Division (RaftServerImpl.java:lambda$close$4(412)) - omNode-1@group-523986131536: shutdown
2021-10-24 13:00:51,599 [Listener at localhost/13904] INFO  util.JmxRegister (JmxRegister.java:unregister(73)) - Successfully un-registered JMX Bean with object name Ratis:service=RaftServer,group=group-523986131536,id=omNode-1
2021-10-24 13:00:51,599 [Listener at localhost/13904] INFO  impl.RoleInfo (RoleInfo.java:shutdownFollowerState(108)) - omNode-1: shutdown omNode-1@group-523986131536-FollowerState
2021-10-24 13:00:51,600 [Listener at localhost/13904] INFO  impl.StateMachineUpdater (StateMachineUpdater.java:stopAndJoin(149)) - omNode-1@group-523986131536-StateMachineUpdater: set stopIndex = 20
2021-10-24 13:00:51,600 [omNode-1@group-523986131536-StateMachineUpdater] INFO  ratis.OzoneManagerStateMachine (OzoneManagerStateMachine.java:close(471)) - StateMachine has shutdown. Shutdown OzoneManager if not already shutdown.
2021-10-24 13:00:51,600 [omNode-1@group-523986131536-FollowerState] INFO  impl.FollowerState (FollowerState.java:run(143)) - omNode-1@group-523986131536-FollowerState was interrupted: {}
java.lang.InterruptedException: sleep interrupted
	at java.lang.Thread.sleep(Native Method)
	at java.lang.Thread.sleep(Thread.java:340)
	at java.util.concurrent.TimeUnit.sleep(TimeUnit.java:386)
	at org.apache.ratis.util.TimeDuration.sleep(TimeDuration.java:324)
	at org.apache.ratis.util.TimeDuration.sleep(TimeDuration.java:309)
	at org.apache.ratis.server.impl.FollowerState.run(FollowerState.java:118)
2021-10-24 13:00:51,600 [IPC Server Responder] INFO  ipc.Server (Server.java:run(1512)) - Stopping IPC Server Responder
2021-10-24 13:00:51,600 [Listener at localhost/13904] INFO  server.RaftServer$Division (ServerState.java:close(419)) - omNode-1@group-523986131536: closes. applyIndex: 20
2021-10-24 13:00:51,601 [IPC Server listener on 13892] INFO  ipc.Server (Server.java:run(1376)) - Stopping IPC Server listener on 13892
2021-10-24 13:00:51,601 [omNode-1@group-523986131536-SegmentedRaftLogWorker] INFO  segmented.SegmentedRaftLogWorker (SegmentedRaftLogWorker.java:run(327)) - omNode-1@group-523986131536-SegmentedRaftLogWorker was interrupted, exiting. There are 0 tasks remaining in the queue.
2021-10-24 13:00:51,603 [Listener at localhost/13904] INFO  segmented.SegmentedRaftLogWorker (SegmentedRaftLogWorker.java:close(237)) - omNode-1@group-523986131536-SegmentedRaftLogWorker close()
2021-10-24 13:00:51,611 [org.apache.hadoop.util.JvmPauseMonitor$Monitor@e354915] INFO  util.JvmPauseMonitor (JvmPauseMonitor.java:run(188)) - Starting JVM pause monitor
2021-10-24 13:00:51,611 [Listener at localhost/13904] INFO  server.GrpcService (GrpcService.java:closeImpl(262)) - omNode-1: shutdown server with port 13896 now
2021-10-24 13:00:51,616 [grpc-default-executor-8] WARN  server.GrpcServerProtocolService (LogUtils.java:warn(122)) - omNode-1: installSnapshot onError, lastRequest: omNode-2->omNode-1#1-t7,previous=(t:5, i:30),leaderCommit=30,initializing? true,entries: size=1, first=(t:7, i:31), CONFIGURATIONENTRY: org.apache.ratis.thirdparty.io.grpc.StatusRuntimeException: CANCELLED: client cancelled
2021-10-24 13:00:51,618 [grpc-default-executor-7] WARN  server.GrpcServerProtocolService (LogUtils.java:warn(122)) - omNode-1: installSnapshot onError, lastRequest: omNode-2->omNode-1#18-t7,previous=(t:0, i:0),leaderCommit=11,initializing? false,entries: size=11, first=(t:3, i:21), CONFIGURATIONENTRY: org.apache.ratis.thirdparty.io.grpc.StatusRuntimeException: CANCELLED: client cancelled
2021-10-24 13:00:51,625 [Listener at localhost/13904] INFO  server.GrpcService (GrpcService.java:closeImpl(271)) - omNode-1: shutdown server with port 13896 successfully
2021-10-24 13:00:51,625 [grpc-default-executor-8] INFO  server.GrpcLogAppender (GrpcLogAppender.java:onError(335)) - omNode-2@group-523986131536->omNode-1-GrpcLogAppender is stopped
2021-10-24 13:00:51,625 [grpc-default-executor-7] WARN  server.GrpcLogAppender (LogUtils.java:warn(122)) - omNode-2@group-523986131536->omNode-1-AppendLogResponseHandler: Failed appendEntries: org.apache.ratis.thirdparty.io.grpc.StatusRuntimeException: CANCELLED: HTTP/2 error code: CANCEL
Received Rst Stream
2021-10-24 13:00:51,626 [grpc-default-executor-7] INFO  leader.FollowerInfo (FollowerInfoImpl.java:lambda$new$0(47)) - omNode-2@group-523986131536->omNode-1: nextIndex: updateUnconditionally 32 -> 21
2021-10-24 13:00:51,626 [org.apache.ratis.util.JvmPauseMonitor$$Lambda$523/122473104@70c9d2ef] INFO  util.JvmPauseMonitor (JvmPauseMonitor.java:run(109)) - JvmPauseMonitor-omNode-1: Stopped
2021-10-24 13:00:51,626 [Listener at localhost/13904] INFO  ratis.OzoneManagerDoubleBuffer (OzoneManagerDoubleBuffer.java:stop(437)) - Stopping OMDoubleBuffer flush thread
2021-10-24 13:00:51,627 [OMDoubleBufferFlushThread] INFO  ratis.OzoneManagerDoubleBuffer (OzoneManagerDoubleBuffer.java:flushTransactions(356)) - OMDoubleBuffer flush thread OMDoubleBufferFlushThread is interrupted and will exit. OMDoubleBufferFlushThread
2021-10-24 13:00:51,627 [Listener at localhost/13904] INFO  handler.ContextHandler (ContextHandler.java:doStop(1153)) - Stopped o.e.j.w.WebAppContext@49d3bdac{ozoneManager,/,null,STOPPED}{file:/home/runner/work/ozone/ozone/hadoop-ozone/integration-test/target/test-classes/webapps/ozoneManager}
2021-10-24 13:00:51,628 [Listener at localhost/13904] INFO  server.AbstractConnector (AbstractConnector.java:doStop(381)) - Stopped ServerConnector@6987e7c7{HTTP/1.1, (http/1.1)}{0.0.0.0:13894}
2021-10-24 13:00:51,628 [Listener at localhost/13904] INFO  server.session (HouseKeeper.java:stopScavenging(149)) - node0 Stopped scavenging
2021-10-24 13:00:51,628 [Listener at localhost/13904] INFO  handler.ContextHandler (ContextHandler.java:doStop(1153)) - Stopped o.e.j.s.ServletContextHandler@45adb3d6{static,/static,file:///home/runner/work/ozone/ozone/hadoop-ozone/integration-test/target/test-classes/webapps/static,STOPPED}
2021-10-24 13:00:51,628 [Listener at localhost/13904] INFO  handler.ContextHandler (ContextHandler.java:doStop(1153)) - Stopped o.e.j.s.ServletContextHandler@7c7c4328{logs,/logs,file:///home/runner/work/ozone/ozone/hadoop-ozone/integration-test/target/log,STOPPED}
2021-10-24 13:00:51,648 [Listener at localhost/13904] INFO  om.OzoneManager (OzoneManager.java:initFSOLayout(4357)) - Configured ozone.om.metadata.layout=SIMPLE and disabled optimized OM FS operations
2021-10-24 13:00:51,648 [Listener at localhost/13904] INFO  om.OzoneManager (OzoneManager.java:restart(1385)) - OzoneManager RPC server is listening at localhost/127.0.0.1:13892
2021-10-24 13:00:51,648 [Listener at localhost/13904] INFO  impl.MetricsSystemImpl (MetricsSystemImpl.java:init(158)) - OzoneManager metrics system started (again)
2021-10-24 13:00:51,653 [grpc-default-executor-8] WARN  server.GrpcLogAppender (LogUtils.java:warn(122)) - omNode-2@group-523986131536->omNode-1-AppendLogResponseHandler: Failed appendEntries: org.apache.ratis.thirdparty.io.grpc.StatusRuntimeException: UNAVAILABLE: io exception
2021-10-24 13:00:51,654 [grpc-default-executor-8] INFO  leader.FollowerInfo (FollowerInfoImpl.java:lambda$new$0(47)) - omNode-2@group-523986131536->omNode-1: nextIndex: updateUnconditionally 32 -> 21
2021-10-24 13:00:51,674 [Listener at localhost/13904] WARN  server.ServerUtils (ServerUtils.java:getDBPath(225)) - ozone.om.db.dirs is not configured. We recommend adding this setting. Falling back to ozone.metadata.dirs instead.
2021-10-24 13:00:51,674 [Listener at localhost/13904] INFO  codec.OmKeyInfoCodec (OmKeyInfoCodec.java:<init>(51)) - OmKeyInfoCodec ignorePipeline = true
2021-10-24 13:00:51,675 [Listener at localhost/13904] INFO  codec.RepeatedOmKeyInfoCodec (RepeatedOmKeyInfoCodec.java:<init>(42)) - RepeatedOmKeyInfoCodec ignorePipeline = true
2021-10-24 13:00:51,707 [Listener at localhost/13904] WARN  om.OzoneManager (OzoneManager.java:instantiatePrepareStateOnStartup(4236)) - Prepare marker file index 20 does not match DB prepare index 19. Writing DB index to prepare file and maintaining prepared state.
2021-10-24 13:00:51,707 [Listener at localhost/13904] INFO  om.OzoneManagerPrepareState (OzoneManagerPrepareState.java:writePrepareMarkerFile(262)) - Prepare marker file written with log index 19 to file /home/runner/work/ozone/ozone/hadoop-ozone/integration-test/target/test-dir/MiniOzoneClusterImpl-cd96da87-0819-4dc2-95d7-841b147881f8/omNode-1/current/prepareMarker
2021-10-24 13:00:51,708 [Listener at localhost/13904] WARN  impl.MetricRegistriesImpl (MetricRegistriesImpl.java:addReporterRegistration(111)) - New reporters are added after registries were created. Some metrics will be missing from the reporter. Please add reporter before adding any new registry.
2021-10-24 13:00:51,708 [Listener at localhost/13904] WARN  impl.MetricRegistriesImpl (MetricRegistriesImpl.java:addReporterRegistration(111)) - New reporters are added after registries were created. Some metrics will be missing from the reporter. Please add reporter before adding any new registry.
2021-10-24 13:00:51,708 [Listener at localhost/13904] WARN  server.ServerUtils (ServerUtils.java:getDefaultRatisDirectory(237)) - Storage directory for Ratis is not configured. It is a good idea to map this to an SSD disk. Falling back to ozone.metadata.dirs
2021-10-24 13:00:51,709 [Listener at localhost/13904] INFO  ratis.OzoneManagerRatisServer (OzoneManagerRatisServer.java:<init>(159)) - Instantiating OM Ratis server with groupID: om-service-test1 and peers: localhost:13896, localhost:13908, localhost:13902
2021-10-24 13:00:51,709 [Listener at localhost/13904] INFO  ratis.OzoneManagerStateMachine (OzoneManagerStateMachine.java:loadSnapshotInfoFromDB(605)) - LastAppliedIndex is set from TransactionInfo from OM DB as (t:2, i:20)
2021-10-24 13:00:51,711 [Listener at localhost/13904] INFO  server.RaftServer (ConfUtils.java:logGet(44)) - raft.rpc.type = GRPC (default)
2021-10-24 13:00:51,711 [Listener at localhost/13904] INFO  grpc.GrpcFactory (GrpcFactory.java:checkPooledByteBufAllocatorUseCacheForAllThreads(48)) - PERFORMANCE WARNING: useCacheForAllThreads is true that may cause Netty to create a lot garbage objects and, as a result, trigger GC.
	It is recommended to disable useCacheForAllThreads by setting -Dorg.apache.ratis.thirdparty.io.netty.allocator.useCacheForAllThreads=false in command line.
2021-10-24 13:00:51,711 [Listener at localhost/13904] INFO  grpc.GrpcConfigKeys (ConfUtils.java:logGet(44)) - raft.grpc.admin.port = -1 (default)
2021-10-24 13:00:51,711 [Listener at localhost/13904] INFO  grpc.GrpcConfigKeys (ConfUtils.java:logGet(44)) - raft.grpc.server.port = 13896 (custom)
2021-10-24 13:00:51,711 [Listener at localhost/13904] INFO  grpc.GrpcConfigKeys (ConfUtils.java:logGet(44)) - raft.grpc.client.port = -1 (default)
2021-10-24 13:00:51,711 [Listener at localhost/13904] INFO  grpc.GrpcConfigKeys (ConfUtils.java:logGet(44)) - raft.grpc.server.port = 13896 (custom)
2021-10-24 13:00:51,711 [Listener at localhost/13904] INFO  grpc.GrpcConfigKeys (ConfUtils.java:logGet(44)) - raft.grpc.server.port = 13896 (custom)
2021-10-24 13:00:51,711 [Listener at localhost/13904] INFO  server.GrpcService (ConfUtils.java:logGet(44)) - raft.grpc.message.size.max = 33554432 (custom)
2021-10-24 13:00:51,711 [Listener at localhost/13904] INFO  server.RaftServerConfigKeys (ConfUtils.java:logGet(44)) - raft.server.log.appender.buffer.byte-limit = 33554432 (custom)
2021-10-24 13:00:51,711 [Listener at localhost/13904] INFO  server.GrpcService (ConfUtils.java:logGet(44)) - raft.grpc.flow.control.window = 1MB (=1048576) (default)
2021-10-24 13:00:51,711 [Listener at localhost/13904] INFO  server.RaftServerConfigKeys (ConfUtils.java:logGet(44)) - raft.server.rpc.request.timeout = 3000ms (default)
2021-10-24 13:00:51,712 [Listener at localhost/13904] INFO  impl.DataStreamServerImpl (ConfUtils.java:logGet(44)) - raft.datastream.type = DISABLED (default)
2021-10-24 13:00:51,712 [Listener at localhost/13904] INFO  server.RaftServerConfigKeys (ConfUtils.java:logGet(44)) - raft.server.rpc.slowness.timeout = 2s (custom)
2021-10-24 13:00:51,713 [Listener at localhost/13904] INFO  server.RaftServerConfigKeys (ConfUtils.java:logGet(44)) - raft.server.leaderelection.leader.step-down.wait-time = 10s (default)
2021-10-24 13:00:51,713 [Listener at localhost/13904] INFO  server.RaftServerConfigKeys (ConfUtils.java:logGet(44)) - raft.server.storage.dir = [/home/runner/work/ozone/ozone/hadoop-ozone/integration-test/target/test-dir/MiniOzoneClusterImpl-cd96da87-0819-4dc2-95d7-841b147881f8/omNode-1/ratis] (custom)
2021-10-24 13:00:51,713 [Listener at localhost/13904] INFO  server.RaftServer (RaftServerProxy.java:lambda$null$1(235)) - omNode-1: found a subdirectory /home/runner/work/ozone/ozone/hadoop-ozone/integration-test/target/test-dir/MiniOzoneClusterImpl-cd96da87-0819-4dc2-95d7-841b147881f8/omNode-1/ratis/c9bc4cf4-3bc3-3c60-a66b-523986131536
2021-10-24 13:00:51,714 [Listener at localhost/13904] INFO  server.RaftServer (RaftServerProxy.java:addNew(95)) - omNode-1: addNew group-523986131536:[omNode-3|rpc:localhost:13908|priority:0, omNode-1|rpc:localhost:13896|priority:0, omNode-2|rpc:localhost:13902|priority:0] returns group-523986131536:java.util.concurrent.CompletableFuture@5efa896[Not completed]
2021-10-24 13:00:51,715 [Listener at localhost/13904] INFO  om.OzoneManager (OzoneManager.java:initializeRatisServer(1605)) - OzoneManager Ratis server initialized at port 13896
2021-10-24 13:00:51,715 [Listener at localhost/13904] INFO  ratis.OzoneManagerRatisServer (OzoneManagerRatisServer.java:start(520)) - Starting OzoneManagerRatisServer omNode-1 at port 13896
2021-10-24 13:00:51,715 [pool-311-thread-1] INFO  server.RaftServer$Division (RaftServerImpl.java:<init>(184)) - omNode-1: new RaftServerImpl for group-523986131536:[omNode-3|rpc:localhost:13908|priority:0, omNode-1|rpc:localhost:13896|priority:0, omNode-2|rpc:localhost:13902|priority:0] with OzoneManagerStateMachine:uninitialized
2021-10-24 13:00:51,716 [pool-311-thread-1] INFO  server.RaftServerConfigKeys (ConfUtils.java:logGet(44)) - raft.server.rpc.timeout.min = 1s (custom)
2021-10-24 13:00:51,716 [pool-311-thread-1] INFO  server.RaftServerConfigKeys (ConfUtils.java:logGet(44)) - raft.server.rpc.timeout.max = 1200ms (custom)
2021-10-24 13:00:51,716 [pool-311-thread-1] INFO  server.RaftServerConfigKeys (ConfUtils.java:logGet(44)) - raft.server.rpc.sleep.time = 25ms (default)
2021-10-24 13:00:51,716 [pool-311-thread-1] INFO  server.RaftServerConfigKeys (ConfUtils.java:logGet(44)) - raft.server.rpc.slowness.timeout = 2s (custom)
2021-10-24 13:00:51,716 [pool-311-thread-1] INFO  server.RaftServerConfigKeys (ConfUtils.java:logGet(44)) - raft.server.leaderelection.leader.step-down.wait-time = 10s (default)
2021-10-24 13:00:51,716 [pool-311-thread-1] INFO  server.RaftServerConfigKeys (ConfUtils.java:logGet(44)) - raft.server.sleep.deviation.threshold = 300ms (default)
2021-10-24 13:00:51,716 [pool-311-thread-1] INFO  server.RaftServerConfigKeys (ConfUtils.java:logGet(44)) - raft.server.log.appender.install.snapshot.enabled = false (custom)
2021-10-24 13:00:51,716 [pool-311-thread-1] INFO  server.RaftServer$Division (ServerState.java:<init>(105)) - omNode-1@group-523986131536: ConfigurationManager, init=-1: [omNode-3|rpc:localhost:13908|priority:0, omNode-1|rpc:localhost:13896|priority:0, omNode-2|rpc:localhost:13902|priority:0], old=null, confs=<EMPTY_MAP>
2021-10-24 13:00:51,716 [pool-311-thread-1] INFO  server.RaftServerConfigKeys (ConfUtils.java:logGet(44)) - raft.server.storage.dir = [/home/runner/work/ozone/ozone/hadoop-ozone/integration-test/target/test-dir/MiniOzoneClusterImpl-cd96da87-0819-4dc2-95d7-841b147881f8/omNode-1/ratis] (custom)
2021-10-24 13:00:51,716 [pool-311-thread-1] INFO  server.RaftServerConfigKeys (ConfUtils.java:logGet(44)) - raft.server.log.corruption.policy = EXCEPTION (default)
2021-10-24 13:00:51,716 [pool-311-thread-1] INFO  server.RaftServerConfigKeys (ConfUtils.java:logGet(44)) - raft.server.storage.free-space.min = 0MB (=0) (default)
2021-10-24 13:00:51,718 [pool-311-thread-1] INFO  storage.RaftStorageDirectory (RaftStorageDirectoryImpl.java:tryLock(230)) - Lock on /home/runner/work/ozone/ozone/hadoop-ozone/integration-test/target/test-dir/MiniOzoneClusterImpl-cd96da87-0819-4dc2-95d7-841b147881f8/omNode-1/ratis/c9bc4cf4-3bc3-3c60-a66b-523986131536/in_use.lock acquired by nodename 13972@fv-az50-989
2021-10-24 13:00:51,718 [pool-311-thread-1] INFO  storage.RaftStorage (RaftStorageImpl.java:analyzeAndRecoverStorage(110)) - Read RaftStorageMetadata{term=7, votedFor=omNode-2} from /home/runner/work/ozone/ozone/hadoop-ozone/integration-test/target/test-dir/MiniOzoneClusterImpl-cd96da87-0819-4dc2-95d7-841b147881f8/omNode-1/ratis/c9bc4cf4-3bc3-3c60-a66b-523986131536/current/raft-meta
2021-10-24 13:00:51,718 [pool-311-thread-1] INFO  server.RaftServer$Division (ServerState.java:setRaftConf(387)) - omNode-1@group-523986131536: set configuration 31: [omNode-3|rpc:localhost:13908|admin:|client:|dataStream:|priority:0, omNode-1|rpc:localhost:13896|admin:|client:|dataStream:|priority:0, omNode-2|rpc:localhost:13902|admin:|client:|dataStream:|priority:0], old=null
2021-10-24 13:00:51,719 [pool-311-thread-1] INFO  server.RaftServerConfigKeys (ConfUtils.java:logGet(44)) - raft.server.notification.no-leader.timeout = 2s (custom)
2021-10-24 13:00:51,719 [pool-311-thread-1] INFO  server.RaftServerConfigKeys (ConfUtils.java:logGet(44)) - raft.server.log.use.memory = false (default)
2021-10-24 13:00:51,719 [pool-311-thread-1] INFO  server.RaftServerConfigKeys (ConfUtils.java:logGet(44)) - raft.server.log.purge.gap = 50 (custom)
2021-10-24 13:00:51,719 [pool-311-thread-1] INFO  server.RaftServerConfigKeys (ConfUtils.java:logGet(44)) - raft.server.log.appender.buffer.byte-limit = 33554432 (custom)
2021-10-24 13:00:51,719 [pool-311-thread-1] INFO  server.RaftServerConfigKeys (ConfUtils.java:logGet(44)) - raft.server.log.segment.size.max = 4194304 (custom)
2021-10-24 13:00:51,719 [pool-311-thread-1] INFO  server.RaftServerConfigKeys (ConfUtils.java:logGet(44)) - raft.server.log.segment.cache.num.max = 2 (custom)
2021-10-24 13:00:51,719 [pool-311-thread-1] INFO  server.RaftServerConfigKeys (ConfUtils.java:logGet(44)) - raft.server.log.segment.cache.size.max = 200MB (=209715200) (default)
2021-10-24 13:00:51,719 [pool-311-thread-1] INFO  segmented.SegmentedRaftLogWorker (SegmentedRaftLogWorker.java:<init>(182)) - new omNode-1@group-523986131536-SegmentedRaftLogWorker for RaftStorageImpl:Storage Directory /home/runner/work/ozone/ozone/hadoop-ozone/integration-test/target/test-dir/MiniOzoneClusterImpl-cd96da87-0819-4dc2-95d7-841b147881f8/omNode-1/ratis/c9bc4cf4-3bc3-3c60-a66b-523986131536
2021-10-24 13:00:51,719 [pool-311-thread-1] INFO  server.RaftServerConfigKeys (ConfUtils.java:logGet(44)) - raft.server.log.queue.byte-limit = 64MB (=67108864) (default)
2021-10-24 13:00:51,719 [pool-311-thread-1] INFO  server.RaftServerConfigKeys (ConfUtils.java:logGet(44)) - raft.server.log.queue.element-limit = 4096 (default)
2021-10-24 13:00:51,719 [pool-311-thread-1] INFO  server.RaftServerConfigKeys (ConfUtils.java:logGet(44)) - raft.server.log.segment.size.max = 4194304 (custom)
2021-10-24 13:00:51,720 [pool-311-thread-1] INFO  server.RaftServerConfigKeys (ConfUtils.java:logGet(44)) - raft.server.log.preallocated.size = 4194304 (custom)
2021-10-24 13:00:51,720 [pool-311-thread-1] INFO  server.RaftServerConfigKeys (ConfUtils.java:logGet(44)) - raft.server.log.force.sync.num = 128 (default)
2021-10-24 13:00:51,720 [pool-311-thread-1] INFO  server.RaftServerConfigKeys (ConfUtils.java:logGet(44)) - raft.server.log.statemachine.data.sync = true (default)
2021-10-24 13:00:51,720 [pool-311-thread-1] INFO  server.RaftServerConfigKeys (ConfUtils.java:logGet(44)) - raft.server.log.statemachine.data.sync.timeout = 10s (default)
2021-10-24 13:00:51,720 [pool-311-thread-1] INFO  server.RaftServerConfigKeys (ConfUtils.java:logGet(44)) - raft.server.log.statemachine.data.sync.timeout.retry = -1 (default)
2021-10-24 13:00:51,720 [pool-311-thread-1] INFO  server.RaftServerConfigKeys (ConfUtils.java:logGet(44)) - raft.server.log.write.buffer.size = 64KB (=65536) (default)
2021-10-24 13:00:51,720 [pool-311-thread-1] INFO  server.RaftServerConfigKeys (ConfUtils.java:logGet(44)) - raft.server.log.statemachine.data.caching.enabled = false (default)
2021-10-24 13:00:51,721 [pool-311-thread-1] INFO  segmented.SegmentedRaftLogWorker (SegmentedRaftLogWorker.java:lambda$new$0(133)) - omNode-1@group-523986131536-SegmentedRaftLogWorker: flushIndex: setUnconditionally 0 -> 20
2021-10-24 13:00:51,721 [pool-311-thread-1] INFO  segmented.SegmentedRaftLogWorker (SegmentedRaftLogWorker.java:lambda$new$0(133)) - omNode-1@group-523986131536-SegmentedRaftLogWorker: safeCacheEvictIndex: setUnconditionally 0 -> -1
2021-10-24 13:00:51,721 [pool-311-thread-1] INFO  server.RaftServerConfigKeys (ConfUtils.java:logGet(44)) - raft.server.snapshot.auto.trigger.enabled = true (custom)
2021-10-24 13:00:51,721 [pool-311-thread-1] INFO  server.RaftServerConfigKeys (ConfUtils.java:logGet(44)) - raft.server.snapshot.auto.trigger.threshold = 50 (custom)
2021-10-24 13:00:51,721 [pool-311-thread-1] INFO  server.RaftServerConfigKeys (ConfUtils.java:logGet(44)) - raft.server.snapshot.retention.file.num = -1 (default)
2021-10-24 13:00:51,721 [pool-311-thread-1] INFO  server.RaftServerConfigKeys (ConfUtils.java:logGet(44)) - raft.server.log.purge.upto.snapshot.index = true (custom)
2021-10-24 13:00:51,721 [pool-311-thread-1] INFO  server.RaftServerConfigKeys (ConfUtils.java:logGet(44)) - raft.server.retrycache.expirytime = 30000ms (custom)
2021-10-24 13:00:51,721 [pool-311-thread-1] INFO  server.RaftServerConfigKeys (ConfUtils.java:logGet(44)) - raft.server.retrycache.statistics.expirytime = 100μs (default)
2021-10-24 13:00:51,722 [Listener at localhost/13904] INFO  server.RaftServer$Division (RaftServerImpl.java:start(301)) - omNode-1@group-523986131536: start as a follower, conf=31: [omNode-3|rpc:localhost:13908|admin:|client:|dataStream:|priority:0, omNode-1|rpc:localhost:13896|admin:|client:|dataStream:|priority:0, omNode-2|rpc:localhost:13902|admin:|client:|dataStream:|priority:0], old=null
2021-10-24 13:00:51,722 [Listener at localhost/13904] INFO  server.RaftServer$Division (RaftServerImpl.java:setRole(290)) - omNode-1@group-523986131536: changes role from      null to FOLLOWER at term 7 for startAsFollower
2021-10-24 13:00:51,722 [Listener at localhost/13904] INFO  impl.RoleInfo (RoleInfo.java:updateAndGet(130)) - omNode-1: start omNode-1@group-523986131536-FollowerState
2021-10-24 13:00:51,725 [Listener at localhost/13904] INFO  util.JmxRegister (JmxRegister.java:tryRegister(44)) - Successfully registered JMX Bean with object name Ratis:service=RaftServer,group=group-523986131536,id=omNode-1
2021-10-24 13:00:51,727 [Listener at localhost/13904] INFO  server.RaftServer (RaftServerProxy.java:lambda$start$5(374)) - omNode-1: start RPC server
2021-10-24 13:00:51,739 [Listener at localhost/13904] INFO  server.GrpcService (GrpcService.java:startImpl(253)) - omNode-1: GrpcService started, listening on 13896
2021-10-24 13:00:51,751 [org.apache.ratis.util.JvmPauseMonitor$$Lambda$523/122473104@27d4865f] INFO  util.JvmPauseMonitor (JvmPauseMonitor.java:run(103)) - JvmPauseMonitor-omNode-1: Started
2021-10-24 13:00:51,751 [Listener at localhost/13904] INFO  ipc.CallQueueManager (CallQueueManager.java:<init>(90)) - Using callQueue: class java.util.concurrent.LinkedBlockingQueue, queueCapacity: 2000, scheduler: class org.apache.hadoop.ipc.DefaultRpcScheduler, ipcBackoff: false.
2021-10-24 13:00:51,759 [Socket Reader #1 for port 13892] INFO  ipc.Server (Server.java:run(1265)) - Starting Socket Reader #1 for port 13892
2021-10-24 13:00:51,775 [Listener at localhost/13892] INFO  http.BaseHttpServer (BaseHttpServer.java:newHttpServer2BuilderForOzone(209)) - Starting Web-server for ozoneManager at: http://0.0.0.0:13894
2021-10-24 13:00:51,775 [Listener at localhost/13892] INFO  http.BaseHttpServer (BaseHttpServer.java:<init>(107)) - Hadoop Security Enabled: false Ozone Security Enabled: false Ozone HTTP Security Enabled: false 
2021-10-24 13:00:51,776 [Listener at localhost/13892] INFO  server.AuthenticationFilter (AuthenticationFilter.java:constructSecretProvider(240)) - Unable to initialize FileSignerSecretProvider, falling back to use random secrets.
2021-10-24 13:00:51,783 [Listener at localhost/13892] WARN  http.HttpRequestLog (HttpRequestLog.java:getRequestLog(103)) - Jetty request log can only be enabled using Log4j
2021-10-24 13:00:51,783 [Listener at localhost/13892] INFO  http.HttpServer2 (HttpServer2.java:addGlobalFilter(1030)) - Added global filter 'safety' (class=org.apache.hadoop.hdds.server.http.HttpServer2$QuotingInputFilter)
2021-10-24 13:00:51,784 [Listener at localhost/13892] INFO  http.HttpServer2 (HttpServer2.java:addFilter(1006)) - Added filter static_user_filter (class=org.apache.hadoop.http.lib.StaticUserWebFilter$StaticUserFilter) to context ozoneManager
2021-10-24 13:00:51,784 [Listener at localhost/13892] INFO  http.HttpServer2 (HttpServer2.java:addFilter(1014)) - Added filter static_user_filter (class=org.apache.hadoop.http.lib.StaticUserWebFilter$StaticUserFilter) to context static
2021-10-24 13:00:51,784 [Listener at localhost/13892] INFO  http.HttpServer2 (HttpServer2.java:addFilter(1014)) - Added filter static_user_filter (class=org.apache.hadoop.http.lib.StaticUserWebFilter$StaticUserFilter) to context logs
2021-10-24 13:00:51,785 [Listener at localhost/13892] INFO  http.HttpServer2 (HttpServer2.java:bindListener(1249)) - Jetty bound to port 13894
2021-10-24 13:00:51,785 [Listener at localhost/13892] INFO  server.Server (Server.java:doStart(375)) - jetty-9.4.43.v20210629; built: 2021-06-30T11:07:22.254Z; git: 526006ecfa3af7f1a27ef3a288e2bef7ea9dd7e8; jvm 1.8.0_292-b10
2021-10-24 13:00:51,803 [Listener at localhost/13892] INFO  server.session (DefaultSessionIdManager.java:doStart(334)) - DefaultSessionIdManager workerName=node0
2021-10-24 13:00:51,803 [Listener at localhost/13892] INFO  server.session (DefaultSessionIdManager.java:doStart(339)) - No SessionScavenger set, using defaults
2021-10-24 13:00:51,803 [Listener at localhost/13892] INFO  server.session (HouseKeeper.java:startScavenging(132)) - node0 Scavenging every 600000ms
2021-10-24 13:00:51,804 [Listener at localhost/13892] INFO  handler.ContextHandler (ContextHandler.java:doStart(915)) - Started o.e.j.s.ServletContextHandler@78751dea{logs,/logs,file:///home/runner/work/ozone/ozone/hadoop-ozone/integration-test/target/log,AVAILABLE}
2021-10-24 13:00:51,804 [Listener at localhost/13892] INFO  handler.ContextHandler (ContextHandler.java:doStart(915)) - Started o.e.j.s.ServletContextHandler@578dba5d{static,/static,file:///home/runner/work/ozone/ozone/hadoop-ozone/integration-test/target/test-classes/webapps/static,AVAILABLE}
2021-10-24 13:00:51,807 [Listener at localhost/13892] INFO  handler.ContextHandler (ContextHandler.java:doStart(915)) - Started o.e.j.w.WebAppContext@336fd287{ozoneManager,/,file:///home/runner/work/ozone/ozone/hadoop-ozone/integration-test/target/test-classes/webapps/ozoneManager/,AVAILABLE}{file:/home/runner/work/ozone/ozone/hadoop-ozone/integration-test/target/test-classes/webapps/ozoneManager}
2021-10-24 13:00:51,811 [Listener at localhost/13892] INFO  server.AbstractConnector (AbstractConnector.java:doStart(331)) - Started ServerConnector@51a091f2{HTTP/1.1, (http/1.1)}{0.0.0.0:13894}
2021-10-24 13:00:51,812 [Listener at localhost/13892] INFO  server.Server (Server.java:doStart(415)) - Started @288580ms
2021-10-24 13:00:51,812 [Listener at localhost/13892] WARN  impl.MetricsSystemImpl (MetricsSystemImpl.java:register(279)) - Sink prometheus already exists!
2021-10-24 13:00:51,812 [Listener at localhost/13892] INFO  http.BaseHttpServer (BaseHttpServer.java:updateConnectorAddress(329)) - HTTP server of ozoneManager listening at http://0.0.0.0:13894
2021-10-24 13:00:51,812 [IPC Server Responder] INFO  ipc.Server (Server.java:run(1507)) - IPC Server Responder: starting
2021-10-24 13:00:51,813 [IPC Server listener on 13892] INFO  ipc.Server (Server.java:run(1344)) - IPC Server listener on 13892: starting
2021-10-24 13:00:51,814 [Listener at localhost/13892] INFO  om.OzoneManager (OzoneManager.java:startTrashEmptier(1563)) - Trash Interval set to 0. Files deleted will not move to trash
2021-10-24 13:00:51,814 [Listener at localhost/13892] INFO  om.OzoneManager (OzoneManager.java:stop(1664)) - Stopping Ozone Manager
2021-10-24 13:00:51,817 [Listener at localhost/13892] INFO  ipc.Server (Server.java:stop(3414)) - Stopping server on 13898
2021-10-24 13:00:51,820 [org.apache.hadoop.util.JvmPauseMonitor$Monitor@77e629cf] INFO  util.JvmPauseMonitor (JvmPauseMonitor.java:run(188)) - Starting JVM pause monitor
2021-10-24 13:00:51,823 [IPC Server listener on 13898] INFO  ipc.Server (Server.java:run(1376)) - Stopping IPC Server listener on 13898
2021-10-24 13:00:51,823 [IPC Server Responder] INFO  ipc.Server (Server.java:run(1512)) - Stopping IPC Server Responder
2021-10-24 13:00:51,823 [Listener at localhost/13892] INFO  server.RaftServer (RaftServerProxy.java:lambda$close$6(391)) - omNode-2: close
2021-10-24 13:00:51,823 [Listener at localhost/13892] INFO  server.RaftServer$Division (RaftServerImpl.java:lambda$close$4(412)) - omNode-2@group-523986131536: shutdown
2021-10-24 13:00:51,824 [Listener at localhost/13892] INFO  util.JmxRegister (JmxRegister.java:unregister(73)) - Successfully un-registered JMX Bean with object name Ratis:service=RaftServer,group=group-523986131536,id=omNode-2
2021-10-24 13:00:51,824 [Listener at localhost/13892] INFO  impl.RoleInfo (RoleInfo.java:shutdownLeaderState(91)) - omNode-2: shutdown omNode-2@group-523986131536-LeaderStateImpl
2021-10-24 13:00:51,824 [omNode-2@group-523986131536->omNode-1-GrpcLogAppender-LogAppenderDaemon] WARN  server.GrpcLogAppender (GrpcLogAppender.java:mayWait(177)) - omNode-2@group-523986131536->omNode-1-GrpcLogAppender: Wait interrupted by java.lang.InterruptedException
2021-10-24 13:00:51,824 [Listener at localhost/13892] INFO  impl.PendingRequests (PendingRequests.java:sendNotLeaderResponses(282)) - omNode-2@group-523986131536-PendingRequests: sendNotLeaderResponses
2021-10-24 13:00:51,827 [Listener at localhost/13892] INFO  impl.StateMachineUpdater (StateMachineUpdater.java:stopAndJoin(149)) - omNode-2@group-523986131536-StateMachineUpdater: set stopIndex = 30
2021-10-24 13:00:51,827 [omNode-2@group-523986131536-StateMachineUpdater] INFO  ratis.OzoneManagerStateMachine (OzoneManagerStateMachine.java:takeSnapshot(417)) - Current Snapshot Index (t:5, i:30)
2021-10-24 13:00:51,827 [omNode-2@group-523986131536-StateMachineUpdater] INFO  impl.StateMachineUpdater (StateMachineUpdater.java:takeSnapshot(281)) - omNode-2@group-523986131536-StateMachineUpdater: Took a snapshot at index 30
2021-10-24 13:00:51,827 [omNode-2@group-523986131536-StateMachineUpdater] INFO  impl.StateMachineUpdater (StateMachineUpdater.java:lambda$new$0(89)) - omNode-2@group-523986131536-StateMachineUpdater: snapshotIndex: updateIncreasingly 26 -> 30
2021-10-24 13:00:51,827 [omNode-2@group-523986131536-StateMachineUpdater] INFO  ratis.OzoneManagerStateMachine (OzoneManagerStateMachine.java:close(471)) - StateMachine has shutdown. Shutdown OzoneManager if not already shutdown.
2021-10-24 13:00:51,828 [Listener at localhost/13892] INFO  server.RaftServer$Division (ServerState.java:close(419)) - omNode-2@group-523986131536: closes. applyIndex: 30
2021-10-24 13:00:51,828 [omNode-2@group-523986131536-SegmentedRaftLogWorker] INFO  segmented.SegmentedRaftLogWorker (SegmentedRaftLogWorker.java:run(327)) - omNode-2@group-523986131536-SegmentedRaftLogWorker was interrupted, exiting. There are 0 tasks remaining in the queue.
2021-10-24 13:00:51,829 [Listener at localhost/13892] INFO  segmented.SegmentedRaftLogWorker (SegmentedRaftLogWorker.java:close(237)) - omNode-2@group-523986131536-SegmentedRaftLogWorker close()
2021-10-24 13:00:51,830 [Listener at localhost/13892] INFO  server.GrpcService (GrpcService.java:closeImpl(262)) - omNode-2: shutdown server with port 13902 now
2021-10-24 13:00:51,834 [Listener at localhost/13892] INFO  server.GrpcService (GrpcService.java:closeImpl(271)) - omNode-2: shutdown server with port 13902 successfully
2021-10-24 13:00:51,834 [org.apache.ratis.util.JvmPauseMonitor$$Lambda$523/122473104@499f7266] INFO  util.JvmPauseMonitor (JvmPauseMonitor.java:run(109)) - JvmPauseMonitor-omNode-2: Stopped
2021-10-24 13:00:51,835 [Listener at localhost/13892] INFO  ratis.OzoneManagerDoubleBuffer (OzoneManagerDoubleBuffer.java:stop(437)) - Stopping OMDoubleBuffer flush thread
2021-10-24 13:00:51,835 [OMDoubleBufferFlushThread] INFO  ratis.OzoneManagerDoubleBuffer (OzoneManagerDoubleBuffer.java:flushTransactions(356)) - OMDoubleBuffer flush thread OMDoubleBufferFlushThread is interrupted and will exit. OMDoubleBufferFlushThread
2021-10-24 13:00:51,836 [Listener at localhost/13892] INFO  handler.ContextHandler (ContextHandler.java:doStop(1153)) - Stopped o.e.j.w.WebAppContext@1c2c0ef0{ozoneManager,/,null,STOPPED}{file:/home/runner/work/ozone/ozone/hadoop-ozone/integration-test/target/test-classes/webapps/ozoneManager}
2021-10-24 13:00:51,837 [Listener at localhost/13892] INFO  server.AbstractConnector (AbstractConnector.java:doStop(381)) - Stopped ServerConnector@7f20c6cb{HTTP/1.1, (http/1.1)}{0.0.0.0:13900}
2021-10-24 13:00:51,837 [Listener at localhost/13892] INFO  server.session (HouseKeeper.java:stopScavenging(149)) - node0 Stopped scavenging
2021-10-24 13:00:51,837 [Listener at localhost/13892] INFO  handler.ContextHandler (ContextHandler.java:doStop(1153)) - Stopped o.e.j.s.ServletContextHandler@3649bdd2{static,/static,file:///home/runner/work/ozone/ozone/hadoop-ozone/integration-test/target/test-classes/webapps/static,STOPPED}
2021-10-24 13:00:51,838 [Listener at localhost/13892] INFO  handler.ContextHandler (ContextHandler.java:doStop(1153)) - Stopped o.e.j.s.ServletContextHandler@76d1a823{logs,/logs,file:///home/runner/work/ozone/ozone/hadoop-ozone/integration-test/target/log,STOPPED}
2021-10-24 13:00:51,840 [Listener at localhost/13892] INFO  om.OzoneManager (OzoneManager.java:initFSOLayout(4357)) - Configured ozone.om.metadata.layout=SIMPLE and disabled optimized OM FS operations
2021-10-24 13:00:51,841 [Listener at localhost/13892] INFO  om.OzoneManager (OzoneManager.java:restart(1385)) - OzoneManager RPC server is listening at localhost/127.0.0.1:13898
2021-10-24 13:00:51,841 [Listener at localhost/13892] INFO  impl.MetricsSystemImpl (MetricsSystemImpl.java:init(158)) - OzoneManager metrics system started (again)
2021-10-24 13:00:51,856 [Listener at localhost/13892] WARN  server.ServerUtils (ServerUtils.java:getDBPath(225)) - ozone.om.db.dirs is not configured. We recommend adding this setting. Falling back to ozone.metadata.dirs instead.
2021-10-24 13:00:51,857 [Listener at localhost/13892] INFO  codec.OmKeyInfoCodec (OmKeyInfoCodec.java:<init>(51)) - OmKeyInfoCodec ignorePipeline = true
2021-10-24 13:00:51,857 [Listener at localhost/13892] INFO  codec.RepeatedOmKeyInfoCodec (RepeatedOmKeyInfoCodec.java:<init>(42)) - RepeatedOmKeyInfoCodec ignorePipeline = true
2021-10-24 13:00:51,887 [Listener at localhost/13892] WARN  impl.MetricRegistriesImpl (MetricRegistriesImpl.java:addReporterRegistration(111)) - New reporters are added after registries were created. Some metrics will be missing from the reporter. Please add reporter before adding any new registry.
2021-10-24 13:00:51,888 [Listener at localhost/13892] WARN  impl.MetricRegistriesImpl (MetricRegistriesImpl.java:addReporterRegistration(111)) - New reporters are added after registries were created. Some metrics will be missing from the reporter. Please add reporter before adding any new registry.
2021-10-24 13:00:51,888 [Listener at localhost/13892] WARN  server.ServerUtils (ServerUtils.java:getDefaultRatisDirectory(237)) - Storage directory for Ratis is not configured. It is a good idea to map this to an SSD disk. Falling back to ozone.metadata.dirs
2021-10-24 13:00:51,889 [Listener at localhost/13892] INFO  ratis.OzoneManagerRatisServer (OzoneManagerRatisServer.java:<init>(159)) - Instantiating OM Ratis server with groupID: om-service-test1 and peers: localhost:13902, localhost:13908, localhost:13896
2021-10-24 13:00:51,889 [Listener at localhost/13892] INFO  ratis.OzoneManagerStateMachine (OzoneManagerStateMachine.java:loadSnapshotInfoFromDB(605)) - LastAppliedIndex is set from TransactionInfo from OM DB as (t:5, i:30)
2021-10-24 13:00:51,889 [Listener at localhost/13892] INFO  server.RaftServer (ConfUtils.java:logGet(44)) - raft.rpc.type = GRPC (default)
2021-10-24 13:00:51,890 [Listener at localhost/13892] INFO  grpc.GrpcFactory (GrpcFactory.java:checkPooledByteBufAllocatorUseCacheForAllThreads(48)) - PERFORMANCE WARNING: useCacheForAllThreads is true that may cause Netty to create a lot garbage objects and, as a result, trigger GC.
	It is recommended to disable useCacheForAllThreads by setting -Dorg.apache.ratis.thirdparty.io.netty.allocator.useCacheForAllThreads=false in command line.
2021-10-24 13:00:51,890 [Listener at localhost/13892] INFO  grpc.GrpcConfigKeys (ConfUtils.java:logGet(44)) - raft.grpc.admin.port = -1 (default)
2021-10-24 13:00:51,890 [Listener at localhost/13892] INFO  grpc.GrpcConfigKeys (ConfUtils.java:logGet(44)) - raft.grpc.server.port = 13902 (custom)
2021-10-24 13:00:51,890 [Listener at localhost/13892] INFO  grpc.GrpcConfigKeys (ConfUtils.java:logGet(44)) - raft.grpc.client.port = -1 (default)
2021-10-24 13:00:51,890 [Listener at localhost/13892] INFO  grpc.GrpcConfigKeys (ConfUtils.java:logGet(44)) - raft.grpc.server.port = 13902 (custom)
2021-10-24 13:00:51,890 [Listener at localhost/13892] INFO  grpc.GrpcConfigKeys (ConfUtils.java:logGet(44)) - raft.grpc.server.port = 13902 (custom)
2021-10-24 13:00:51,890 [Listener at localhost/13892] INFO  server.GrpcService (ConfUtils.java:logGet(44)) - raft.grpc.message.size.max = 33554432 (custom)
2021-10-24 13:00:51,890 [Listener at localhost/13892] INFO  server.RaftServerConfigKeys (ConfUtils.java:logGet(44)) - raft.server.log.appender.buffer.byte-limit = 33554432 (custom)
2021-10-24 13:00:51,890 [Listener at localhost/13892] INFO  server.GrpcService (ConfUtils.java:logGet(44)) - raft.grpc.flow.control.window = 1MB (=1048576) (default)
2021-10-24 13:00:51,890 [Listener at localhost/13892] INFO  server.RaftServerConfigKeys (ConfUtils.java:logGet(44)) - raft.server.rpc.request.timeout = 3000ms (default)
2021-10-24 13:00:51,892 [Listener at localhost/13892] INFO  impl.DataStreamServerImpl (ConfUtils.java:logGet(44)) - raft.datastream.type = DISABLED (default)
2021-10-24 13:00:51,892 [Listener at localhost/13892] INFO  server.RaftServerConfigKeys (ConfUtils.java:logGet(44)) - raft.server.rpc.slowness.timeout = 2s (custom)
2021-10-24 13:00:51,892 [Listener at localhost/13892] INFO  server.RaftServerConfigKeys (ConfUtils.java:logGet(44)) - raft.server.leaderelection.leader.step-down.wait-time = 10s (default)
2021-10-24 13:00:51,892 [Listener at localhost/13892] INFO  server.RaftServerConfigKeys (ConfUtils.java:logGet(44)) - raft.server.storage.dir = [/home/runner/work/ozone/ozone/hadoop-ozone/integration-test/target/test-dir/MiniOzoneClusterImpl-cd96da87-0819-4dc2-95d7-841b147881f8/omNode-2/ratis] (custom)
2021-10-24 13:00:51,892 [Listener at localhost/13892] INFO  server.RaftServer (RaftServerProxy.java:lambda$null$1(235)) - omNode-2: found a subdirectory /home/runner/work/ozone/ozone/hadoop-ozone/integration-test/target/test-dir/MiniOzoneClusterImpl-cd96da87-0819-4dc2-95d7-841b147881f8/omNode-2/ratis/c9bc4cf4-3bc3-3c60-a66b-523986131536
2021-10-24 13:00:51,892 [Listener at localhost/13892] INFO  server.RaftServer (RaftServerProxy.java:addNew(95)) - omNode-2: addNew group-523986131536:[omNode-3|rpc:localhost:13908|priority:0, omNode-1|rpc:localhost:13896|priority:0, omNode-2|rpc:localhost:13902|priority:0] returns group-523986131536:java.util.concurrent.CompletableFuture@452e338b[Not completed]
2021-10-24 13:00:51,893 [pool-331-thread-1] INFO  server.RaftServer$Division (RaftServerImpl.java:<init>(184)) - omNode-2: new RaftServerImpl for group-523986131536:[omNode-3|rpc:localhost:13908|priority:0, omNode-1|rpc:localhost:13896|priority:0, omNode-2|rpc:localhost:13902|priority:0] with OzoneManagerStateMachine:uninitialized
2021-10-24 13:00:51,893 [Listener at localhost/13892] INFO  om.OzoneManager (OzoneManager.java:initializeRatisServer(1605)) - OzoneManager Ratis server initialized at port 13902
2021-10-24 13:00:51,893 [Listener at localhost/13892] INFO  ratis.OzoneManagerRatisServer (OzoneManagerRatisServer.java:start(520)) - Starting OzoneManagerRatisServer omNode-2 at port 13902
2021-10-24 13:00:51,894 [pool-331-thread-1] INFO  server.RaftServerConfigKeys (ConfUtils.java:logGet(44)) - raft.server.rpc.timeout.min = 1s (custom)
2021-10-24 13:00:51,894 [pool-331-thread-1] INFO  server.RaftServerConfigKeys (ConfUtils.java:logGet(44)) - raft.server.rpc.timeout.max = 1200ms (custom)
2021-10-24 13:00:51,894 [pool-331-thread-1] INFO  server.RaftServerConfigKeys (ConfUtils.java:logGet(44)) - raft.server.rpc.sleep.time = 25ms (default)
2021-10-24 13:00:51,894 [pool-331-thread-1] INFO  server.RaftServerConfigKeys (ConfUtils.java:logGet(44)) - raft.server.rpc.slowness.timeout = 2s (custom)
2021-10-24 13:00:51,894 [pool-331-thread-1] INFO  server.RaftServerConfigKeys (ConfUtils.java:logGet(44)) - raft.server.leaderelection.leader.step-down.wait-time = 10s (default)
2021-10-24 13:00:51,894 [pool-331-thread-1] INFO  server.RaftServerConfigKeys (ConfUtils.java:logGet(44)) - raft.server.sleep.deviation.threshold = 300ms (default)
2021-10-24 13:00:51,894 [pool-331-thread-1] INFO  server.RaftServerConfigKeys (ConfUtils.java:logGet(44)) - raft.server.log.appender.install.snapshot.enabled = false (custom)
2021-10-24 13:00:51,894 [pool-331-thread-1] INFO  server.RaftServer$Division (ServerState.java:<init>(105)) - omNode-2@group-523986131536: ConfigurationManager, init=-1: [omNode-3|rpc:localhost:13908|priority:0, omNode-1|rpc:localhost:13896|priority:0, omNode-2|rpc:localhost:13902|priority:0], old=null, confs=<EMPTY_MAP>
2021-10-24 13:00:51,894 [pool-331-thread-1] INFO  server.RaftServerConfigKeys (ConfUtils.java:logGet(44)) - raft.server.storage.dir = [/home/runner/work/ozone/ozone/hadoop-ozone/integration-test/target/test-dir/MiniOzoneClusterImpl-cd96da87-0819-4dc2-95d7-841b147881f8/omNode-2/ratis] (custom)
2021-10-24 13:00:51,894 [pool-331-thread-1] INFO  server.RaftServerConfigKeys (ConfUtils.java:logGet(44)) - raft.server.log.corruption.policy = EXCEPTION (default)
2021-10-24 13:00:51,894 [pool-331-thread-1] INFO  server.RaftServerConfigKeys (ConfUtils.java:logGet(44)) - raft.server.storage.free-space.min = 0MB (=0) (default)
2021-10-24 13:00:51,895 [pool-331-thread-1] INFO  storage.RaftStorageDirectory (RaftStorageDirectoryImpl.java:tryLock(230)) - Lock on /home/runner/work/ozone/ozone/hadoop-ozone/integration-test/target/test-dir/MiniOzoneClusterImpl-cd96da87-0819-4dc2-95d7-841b147881f8/omNode-2/ratis/c9bc4cf4-3bc3-3c60-a66b-523986131536/in_use.lock acquired by nodename 13972@fv-az50-989
2021-10-24 13:00:51,895 [pool-331-thread-1] INFO  storage.RaftStorage (RaftStorageImpl.java:analyzeAndRecoverStorage(110)) - Read RaftStorageMetadata{term=7, votedFor=omNode-2} from /home/runner/work/ozone/ozone/hadoop-ozone/integration-test/target/test-dir/MiniOzoneClusterImpl-cd96da87-0819-4dc2-95d7-841b147881f8/omNode-2/ratis/c9bc4cf4-3bc3-3c60-a66b-523986131536/current/raft-meta
2021-10-24 13:00:51,896 [pool-331-thread-1] INFO  server.RaftServer$Division (ServerState.java:setRaftConf(387)) - omNode-2@group-523986131536: set configuration 27: [omNode-3|rpc:localhost:13908|admin:|client:|dataStream:|priority:0, omNode-1|rpc:localhost:13896|admin:|client:|dataStream:|priority:0, omNode-2|rpc:localhost:13902|admin:|client:|dataStream:|priority:0], old=null
2021-10-24 13:00:51,896 [pool-331-thread-1] INFO  server.RaftServerConfigKeys (ConfUtils.java:logGet(44)) - raft.server.notification.no-leader.timeout = 2s (custom)
2021-10-24 13:00:51,896 [pool-331-thread-1] INFO  server.RaftServerConfigKeys (ConfUtils.java:logGet(44)) - raft.server.log.use.memory = false (default)
2021-10-24 13:00:51,896 [pool-331-thread-1] INFO  server.RaftServerConfigKeys (ConfUtils.java:logGet(44)) - raft.server.log.purge.gap = 50 (custom)
2021-10-24 13:00:51,896 [pool-331-thread-1] INFO  server.RaftServerConfigKeys (ConfUtils.java:logGet(44)) - raft.server.log.appender.buffer.byte-limit = 33554432 (custom)
2021-10-24 13:00:51,896 [pool-331-thread-1] INFO  server.RaftServerConfigKeys (ConfUtils.java:logGet(44)) - raft.server.log.segment.size.max = 4194304 (custom)
2021-10-24 13:00:51,896 [pool-331-thread-1] INFO  server.RaftServerConfigKeys (ConfUtils.java:logGet(44)) - raft.server.log.segment.cache.num.max = 2 (custom)
2021-10-24 13:00:51,896 [pool-331-thread-1] INFO  server.RaftServerConfigKeys (ConfUtils.java:logGet(44)) - raft.server.log.segment.cache.size.max = 200MB (=209715200) (default)
2021-10-24 13:00:51,896 [pool-331-thread-1] INFO  segmented.SegmentedRaftLogWorker (SegmentedRaftLogWorker.java:<init>(182)) - new omNode-2@group-523986131536-SegmentedRaftLogWorker for RaftStorageImpl:Storage Directory /home/runner/work/ozone/ozone/hadoop-ozone/integration-test/target/test-dir/MiniOzoneClusterImpl-cd96da87-0819-4dc2-95d7-841b147881f8/omNode-2/ratis/c9bc4cf4-3bc3-3c60-a66b-523986131536
2021-10-24 13:00:51,896 [pool-331-thread-1] INFO  server.RaftServerConfigKeys (ConfUtils.java:logGet(44)) - raft.server.log.queue.byte-limit = 64MB (=67108864) (default)
2021-10-24 13:00:51,897 [pool-331-thread-1] INFO  server.RaftServerConfigKeys (ConfUtils.java:logGet(44)) - raft.server.log.queue.element-limit = 4096 (default)
2021-10-24 13:00:51,897 [pool-331-thread-1] INFO  server.RaftServerConfigKeys (ConfUtils.java:logGet(44)) - raft.server.log.segment.size.max = 4194304 (custom)
2021-10-24 13:00:51,897 [pool-331-thread-1] INFO  server.RaftServerConfigKeys (ConfUtils.java:logGet(44)) - raft.server.log.preallocated.size = 4194304 (custom)
2021-10-24 13:00:51,897 [pool-331-thread-1] INFO  server.RaftServerConfigKeys (ConfUtils.java:logGet(44)) - raft.server.log.force.sync.num = 128 (default)
2021-10-24 13:00:51,897 [pool-331-thread-1] INFO  server.RaftServerConfigKeys (ConfUtils.java:logGet(44)) - raft.server.log.statemachine.data.sync = true (default)
2021-10-24 13:00:51,897 [pool-331-thread-1] INFO  server.RaftServerConfigKeys (ConfUtils.java:logGet(44)) - raft.server.log.statemachine.data.sync.timeout = 10s (default)
2021-10-24 13:00:51,897 [pool-331-thread-1] INFO  server.RaftServerConfigKeys (ConfUtils.java:logGet(44)) - raft.server.log.statemachine.data.sync.timeout.retry = -1 (default)
2021-10-24 13:00:51,897 [pool-331-thread-1] INFO  server.RaftServerConfigKeys (ConfUtils.java:logGet(44)) - raft.server.log.write.buffer.size = 64KB (=65536) (default)
2021-10-24 13:00:51,898 [pool-331-thread-1] INFO  server.RaftServerConfigKeys (ConfUtils.java:logGet(44)) - raft.server.log.statemachine.data.caching.enabled = false (default)
2021-10-24 13:00:51,898 [pool-331-thread-1] INFO  server.RaftServer$Division (ServerState.java:setRaftConf(387)) - omNode-2@group-523986131536: set configuration 21: [omNode-3|rpc:localhost:13908|admin:|client:|dataStream:|priority:0, omNode-1|rpc:localhost:13896|admin:|client:|dataStream:|priority:0, omNode-2|rpc:localhost:13902|admin:|client:|dataStream:|priority:0], old=null
2021-10-24 13:00:51,898 [pool-331-thread-1] INFO  segmented.LogSegment (LogSegment.java:loadSegment(173)) - Successfully read 2 entries from segment file /home/runner/work/ozone/ozone/hadoop-ozone/integration-test/target/test-dir/MiniOzoneClusterImpl-cd96da87-0819-4dc2-95d7-841b147881f8/omNode-2/ratis/c9bc4cf4-3bc3-3c60-a66b-523986131536/current/log_21-22
2021-10-24 13:00:51,899 [pool-331-thread-1] INFO  server.RaftServer$Division (ServerState.java:setRaftConf(387)) - omNode-2@group-523986131536: set configuration 23: [omNode-3|rpc:localhost:13908|admin:|client:|dataStream:|priority:0, omNode-1|rpc:localhost:13896|admin:|client:|dataStream:|priority:0, omNode-2|rpc:localhost:13902|admin:|client:|dataStream:|priority:0], old=null
2021-10-24 13:00:51,899 [pool-331-thread-1] INFO  segmented.LogSegment (LogSegment.java:loadSegment(173)) - Successfully read 4 entries from segment file /home/runner/work/ozone/ozone/hadoop-ozone/integration-test/target/test-dir/MiniOzoneClusterImpl-cd96da87-0819-4dc2-95d7-841b147881f8/omNode-2/ratis/c9bc4cf4-3bc3-3c60-a66b-523986131536/current/log_23-26
2021-10-24 13:00:51,900 [pool-331-thread-1] INFO  server.RaftServer$Division (ServerState.java:setRaftConf(387)) - omNode-2@group-523986131536: set configuration 27: [omNode-3|rpc:localhost:13908|admin:|client:|dataStream:|priority:0, omNode-1|rpc:localhost:13896|admin:|client:|dataStream:|priority:0, omNode-2|rpc:localhost:13902|admin:|client:|dataStream:|priority:0], old=null
2021-10-24 13:00:51,901 [pool-331-thread-1] INFO  segmented.LogSegment (LogSegment.java:loadSegment(173)) - Successfully read 4 entries from segment file /home/runner/work/ozone/ozone/hadoop-ozone/integration-test/target/test-dir/MiniOzoneClusterImpl-cd96da87-0819-4dc2-95d7-841b147881f8/omNode-2/ratis/c9bc4cf4-3bc3-3c60-a66b-523986131536/current/log_27-30
2021-10-24 13:00:51,901 [pool-331-thread-1] INFO  server.RaftServer$Division (ServerState.java:setRaftConf(387)) - omNode-2@group-523986131536: set configuration 31: [omNode-3|rpc:localhost:13908|admin:|client:|dataStream:|priority:0, omNode-1|rpc:localhost:13896|admin:|client:|dataStream:|priority:0, omNode-2|rpc:localhost:13902|admin:|client:|dataStream:|priority:0], old=null
2021-10-24 13:00:51,901 [pool-331-thread-1] INFO  segmented.LogSegment (LogSegment.java:loadSegment(173)) - Successfully read 1 entries from segment file /home/runner/work/ozone/ozone/hadoop-ozone/integration-test/target/test-dir/MiniOzoneClusterImpl-cd96da87-0819-4dc2-95d7-841b147881f8/omNode-2/ratis/c9bc4cf4-3bc3-3c60-a66b-523986131536/current/log_inprogress_31
2021-10-24 13:00:51,901 [pool-331-thread-1] INFO  segmented.SegmentedRaftLogWorker (SegmentedRaftLogWorker.java:lambda$new$0(133)) - omNode-2@group-523986131536-SegmentedRaftLogWorker: flushIndex: setUnconditionally 0 -> 31
2021-10-24 13:00:51,901 [pool-331-thread-1] INFO  segmented.SegmentedRaftLogWorker (SegmentedRaftLogWorker.java:lambda$new$0(133)) - omNode-2@group-523986131536-SegmentedRaftLogWorker: safeCacheEvictIndex: setUnconditionally 0 -> 30
2021-10-24 13:00:51,901 [pool-331-thread-1] INFO  raftlog.RaftLog (RaftLogBase.java:lambda$new$0(53)) - omNode-2@group-523986131536-SegmentedRaftLog: commitIndex: updateToMax old=30, new=29, updated? false
2021-10-24 13:00:51,902 [pool-331-thread-1] INFO  raftlog.RaftLog (RaftLogBase.java:lambda$new$0(53)) - omNode-2@group-523986131536-SegmentedRaftLog: purgeIndex: updateIncreasingly -1 -> 20
2021-10-24 13:00:51,902 [pool-331-thread-1] INFO  server.RaftServerConfigKeys (ConfUtils.java:logGet(44)) - raft.server.snapshot.auto.trigger.enabled = true (custom)
2021-10-24 13:00:51,902 [pool-331-thread-1] INFO  server.RaftServerConfigKeys (ConfUtils.java:logGet(44)) - raft.server.snapshot.auto.trigger.threshold = 50 (custom)
2021-10-24 13:00:51,902 [pool-331-thread-1] INFO  server.RaftServerConfigKeys (ConfUtils.java:logGet(44)) - raft.server.snapshot.retention.file.num = -1 (default)
2021-10-24 13:00:51,902 [pool-331-thread-1] INFO  server.RaftServerConfigKeys (ConfUtils.java:logGet(44)) - raft.server.log.purge.upto.snapshot.index = true (custom)
2021-10-24 13:00:51,902 [pool-331-thread-1] INFO  server.RaftServerConfigKeys (ConfUtils.java:logGet(44)) - raft.server.retrycache.expirytime = 30000ms (custom)
2021-10-24 13:00:51,902 [pool-331-thread-1] INFO  server.RaftServerConfigKeys (ConfUtils.java:logGet(44)) - raft.server.retrycache.statistics.expirytime = 100μs (default)
2021-10-24 13:00:51,903 [Listener at localhost/13892] INFO  server.RaftServer$Division (RaftServerImpl.java:start(301)) - omNode-2@group-523986131536: start as a follower, conf=31: [omNode-3|rpc:localhost:13908|admin:|client:|dataStream:|priority:0, omNode-1|rpc:localhost:13896|admin:|client:|dataStream:|priority:0, omNode-2|rpc:localhost:13902|admin:|client:|dataStream:|priority:0], old=null
2021-10-24 13:00:51,903 [Listener at localhost/13892] INFO  server.RaftServer$Division (RaftServerImpl.java:setRole(290)) - omNode-2@group-523986131536: changes role from      null to FOLLOWER at term 7 for startAsFollower
2021-10-24 13:00:51,903 [Listener at localhost/13892] INFO  impl.RoleInfo (RoleInfo.java:updateAndGet(130)) - omNode-2: start omNode-2@group-523986131536-FollowerState
2021-10-24 13:00:51,903 [Listener at localhost/13892] INFO  util.JmxRegister (JmxRegister.java:tryRegister(44)) - Successfully registered JMX Bean with object name Ratis:service=RaftServer,group=group-523986131536,id=omNode-2
2021-10-24 13:00:51,904 [Listener at localhost/13892] INFO  server.RaftServer (RaftServerProxy.java:lambda$start$5(374)) - omNode-2: start RPC server
2021-10-24 13:00:51,904 [Listener at localhost/13892] INFO  server.GrpcService (GrpcService.java:startImpl(253)) - omNode-2: GrpcService started, listening on 13902
2021-10-24 13:00:51,907 [Listener at localhost/13892] INFO  ipc.CallQueueManager (CallQueueManager.java:<init>(90)) - Using callQueue: class java.util.concurrent.LinkedBlockingQueue, queueCapacity: 2000, scheduler: class org.apache.hadoop.ipc.DefaultRpcScheduler, ipcBackoff: false.
2021-10-24 13:00:51,907 [org.apache.ratis.util.JvmPauseMonitor$$Lambda$523/122473104@35741679] INFO  util.JvmPauseMonitor (JvmPauseMonitor.java:run(103)) - JvmPauseMonitor-omNode-2: Started
2021-10-24 13:00:51,910 [Socket Reader #1 for port 13898] INFO  ipc.Server (Server.java:run(1265)) - Starting Socket Reader #1 for port 13898
2021-10-24 13:00:51,915 [Listener at localhost/13898] INFO  http.BaseHttpServer (BaseHttpServer.java:newHttpServer2BuilderForOzone(209)) - Starting Web-server for ozoneManager at: http://0.0.0.0:13900
2021-10-24 13:00:51,915 [Listener at localhost/13898] INFO  http.BaseHttpServer (BaseHttpServer.java:<init>(107)) - Hadoop Security Enabled: false Ozone Security Enabled: false Ozone HTTP Security Enabled: false 
2021-10-24 13:00:51,916 [Listener at localhost/13898] INFO  server.AuthenticationFilter (AuthenticationFilter.java:constructSecretProvider(240)) - Unable to initialize FileSignerSecretProvider, falling back to use random secrets.
2021-10-24 13:00:51,919 [Listener at localhost/13898] WARN  http.HttpRequestLog (HttpRequestLog.java:getRequestLog(103)) - Jetty request log can only be enabled using Log4j
2021-10-24 13:00:51,919 [Listener at localhost/13898] INFO  http.HttpServer2 (HttpServer2.java:addGlobalFilter(1030)) - Added global filter 'safety' (class=org.apache.hadoop.hdds.server.http.HttpServer2$QuotingInputFilter)
2021-10-24 13:00:51,920 [Listener at localhost/13898] INFO  http.HttpServer2 (HttpServer2.java:addFilter(1006)) - Added filter static_user_filter (class=org.apache.hadoop.http.lib.StaticUserWebFilter$StaticUserFilter) to context ozoneManager
2021-10-24 13:00:51,920 [Listener at localhost/13898] INFO  http.HttpServer2 (HttpServer2.java:addFilter(1014)) - Added filter static_user_filter (class=org.apache.hadoop.http.lib.StaticUserWebFilter$StaticUserFilter) to context logs
2021-10-24 13:00:51,920 [Listener at localhost/13898] INFO  http.HttpServer2 (HttpServer2.java:addFilter(1014)) - Added filter static_user_filter (class=org.apache.hadoop.http.lib.StaticUserWebFilter$StaticUserFilter) to context static
2021-10-24 13:00:51,923 [Listener at localhost/13898] INFO  http.HttpServer2 (HttpServer2.java:bindListener(1249)) - Jetty bound to port 13900
2021-10-24 13:00:51,923 [Listener at localhost/13898] INFO  server.Server (Server.java:doStart(375)) - jetty-9.4.43.v20210629; built: 2021-06-30T11:07:22.254Z; git: 526006ecfa3af7f1a27ef3a288e2bef7ea9dd7e8; jvm 1.8.0_292-b10
2021-10-24 13:00:51,927 [Listener at localhost/13898] INFO  server.session (DefaultSessionIdManager.java:doStart(334)) - DefaultSessionIdManager workerName=node0
2021-10-24 13:00:51,927 [Listener at localhost/13898] INFO  server.session (DefaultSessionIdManager.java:doStart(339)) - No SessionScavenger set, using defaults
2021-10-24 13:00:51,928 [Listener at localhost/13898] INFO  server.session (HouseKeeper.java:startScavenging(132)) - node0 Scavenging every 660000ms
2021-10-24 13:00:51,929 [Listener at localhost/13898] INFO  handler.ContextHandler (ContextHandler.java:doStart(915)) - Started o.e.j.s.ServletContextHandler@2d1f808e{logs,/logs,file:///home/runner/work/ozone/ozone/hadoop-ozone/integration-test/target/log,AVAILABLE}
2021-10-24 13:00:51,929 [Listener at localhost/13898] INFO  handler.ContextHandler (ContextHandler.java:doStart(915)) - Started o.e.j.s.ServletContextHandler@31ab89fa{static,/static,file:///home/runner/work/ozone/ozone/hadoop-ozone/integration-test/target/test-classes/webapps/static,AVAILABLE}
2021-10-24 13:00:51,936 [Listener at localhost/13898] INFO  handler.ContextHandler (ContextHandler.java:doStart(915)) - Started o.e.j.w.WebAppContext@327134e2{ozoneManager,/,file:///home/runner/work/ozone/ozone/hadoop-ozone/integration-test/target/test-classes/webapps/ozoneManager/,AVAILABLE}{file:/home/runner/work/ozone/ozone/hadoop-ozone/integration-test/target/test-classes/webapps/ozoneManager}
2021-10-24 13:00:51,940 [Listener at localhost/13898] INFO  server.AbstractConnector (AbstractConnector.java:doStart(331)) - Started ServerConnector@1dfb998b{HTTP/1.1, (http/1.1)}{0.0.0.0:13900}
2021-10-24 13:00:51,941 [Listener at localhost/13898] INFO  server.Server (Server.java:doStart(415)) - Started @288709ms
2021-10-24 13:00:51,941 [Listener at localhost/13898] WARN  impl.MetricsSystemImpl (MetricsSystemImpl.java:register(279)) - Sink prometheus already exists!
2021-10-24 13:00:51,941 [Listener at localhost/13898] INFO  http.BaseHttpServer (BaseHttpServer.java:updateConnectorAddress(329)) - HTTP server of ozoneManager listening at http://0.0.0.0:13900
2021-10-24 13:00:51,942 [IPC Server Responder] INFO  ipc.Server (Server.java:run(1507)) - IPC Server Responder: starting
2021-10-24 13:00:51,942 [IPC Server listener on 13898] INFO  ipc.Server (Server.java:run(1344)) - IPC Server listener on 13898: starting
2021-10-24 13:00:51,956 [Listener at localhost/13898] INFO  om.OzoneManager (OzoneManager.java:startTrashEmptier(1563)) - Trash Interval set to 0. Files deleted will not move to trash
]]></system-out>
  </testcase>
  <testcase name="testPrepareDownedOM" classname="org.apache.hadoop.ozone.om.TestOzoneManagerPrepare" time="7.397">
    <error message="Could not determine or connect to OM Leader." type="java.io.IOException">java.io.IOException: Could not determine or connect to OM Leader.
	at org.apache.hadoop.ozone.om.protocolPB.Hadoop3OmTransport.submitRequest(Hadoop3OmTransport.java:96)
	at org.apache.hadoop.ozone.om.protocolPB.OzoneManagerProtocolClientSideTranslatorPB.submitRequest(OzoneManagerProtocolClientSideTranslatorPB.java:230)
	at org.apache.hadoop.ozone.om.protocolPB.OzoneManagerProtocolClientSideTranslatorPB.cancelOzoneManagerPrepare(OzoneManagerProtocolClientSideTranslatorPB.java:1640)
	at org.apache.hadoop.ozone.om.TestOzoneManagerPrepare.submitCancelPrepareRequest(TestOzoneManagerPrepare.java:430)
	at org.apache.hadoop.ozone.om.TestOzoneManagerPrepare.initOM(TestOzoneManagerPrepare.java:90)
	at sun.reflect.NativeMethodAccessorImpl.invoke0(Native Method)
	at sun.reflect.NativeMethodAccessorImpl.invoke(NativeMethodAccessorImpl.java:62)
	at sun.reflect.DelegatingMethodAccessorImpl.invoke(DelegatingMethodAccessorImpl.java:43)
	at java.lang.reflect.Method.invoke(Method.java:498)
	at org.junit.runners.model.FrameworkMethod$1.runReflectiveCall(FrameworkMethod.java:59)
	at org.junit.internal.runners.model.ReflectiveCallable.run(ReflectiveCallable.java:12)
	at org.junit.runners.model.FrameworkMethod.invokeExplosively(FrameworkMethod.java:56)
	at org.junit.internal.runners.statements.RunBefores.invokeMethod(RunBefores.java:33)
	at org.junit.internal.runners.statements.RunBefores.evaluate(RunBefores.java:24)
	at org.junit.internal.runners.statements.RunAfters.evaluate(RunAfters.java:27)
	at org.junit.rules.ExpectedException$ExpectedExceptionStatement.evaluate(ExpectedException.java:258)
	at org.junit.internal.runners.statements.FailOnTimeout$CallableStatement.call(FailOnTimeout.java:288)
	at org.junit.internal.runners.statements.FailOnTimeout$CallableStatement.call(FailOnTimeout.java:282)
	at java.util.concurrent.FutureTask.run(FutureTask.java:266)
	at java.lang.Thread.run(Thread.java:748)
</error>
    <system-out><![CDATA[2021-10-24 13:00:51,967 [org.apache.hadoop.util.JvmPauseMonitor$Monitor@7dbb7f14] INFO  util.JvmPauseMonitor (JvmPauseMonitor.java:run(188)) - Starting JVM pause monitor
2021-10-24 13:00:51,973 [Time-limited test] INFO  retry.RetryInvocationHandler (RetryInvocationHandler.java:log(411)) - com.google.protobuf.ServiceException: org.apache.hadoop.ipc.RemoteException(org.apache.hadoop.ozone.om.exceptions.OMNotLeaderException): OM:omNode-3 is not the leader. Could not determine the leader node.
	at org.apache.hadoop.ozone.om.ratis.utils.OzoneManagerRatisUtils.createNotLeaderException(OzoneManagerRatisUtils.java:465)
	at org.apache.hadoop.ozone.om.ratis.utils.OzoneManagerRatisUtils.checkLeaderStatus(OzoneManagerRatisUtils.java:451)
	at org.apache.hadoop.ozone.protocolPB.OzoneManagerProtocolServerSideTranslatorPB.checkLeaderStatus(OzoneManagerProtocolServerSideTranslatorPB.java:243)
	at org.apache.hadoop.ozone.protocolPB.OzoneManagerProtocolServerSideTranslatorPB.processRequest(OzoneManagerProtocolServerSideTranslatorPB.java:135)
	at org.apache.hadoop.hdds.server.OzoneProtocolMessageDispatcher.processRequest(OzoneProtocolMessageDispatcher.java:87)
	at org.apache.hadoop.ozone.protocolPB.OzoneManagerProtocolServerSideTranslatorPB.submitRequest(OzoneManagerProtocolServerSideTranslatorPB.java:123)
	at org.apache.hadoop.ozone.protocol.proto.OzoneManagerProtocolProtos$OzoneManagerService$2.callBlockingMethod(OzoneManagerProtocolProtos.java)
	at org.apache.hadoop.ipc.ProtobufRpcEngine$Server.processCall(ProtobufRpcEngine.java:466)
	at org.apache.hadoop.ipc.ProtobufRpcEngine2$Server$ProtoBufRpcInvoker.call(ProtobufRpcEngine2.java:574)
	at org.apache.hadoop.ipc.ProtobufRpcEngine2$Server$ProtoBufRpcInvoker.call(ProtobufRpcEngine2.java:552)
	at org.apache.hadoop.ipc.RPC$Server.call(RPC.java:1093)
	at org.apache.hadoop.ipc.Server$RpcCall.run(Server.java:1035)
	at org.apache.hadoop.ipc.Server$RpcCall.run(Server.java:963)
	at java.security.AccessController.doPrivileged(Native Method)
	at javax.security.auth.Subject.doAs(Subject.java:422)
	at org.apache.hadoop.security.UserGroupInformation.doAs(UserGroupInformation.java:1878)
	at org.apache.hadoop.ipc.Server$Handler.run(Server.java:2966)
, while invoking $Proxy52.submitRequest over nodeId=omNode-3,nodeAddress=127.0.0.1:13904. Trying to failover after sleeping for 2000ms.
2021-10-24 13:00:52,577 [omNode-3@group-523986131536-FollowerState] INFO  impl.FollowerState (FollowerState.java:run(134)) - omNode-3@group-523986131536-FollowerState: change to CANDIDATE, lastRpcElapsedTime:1016054009ns, electionTimeout:1015ms
2021-10-24 13:00:52,578 [omNode-3@group-523986131536-FollowerState] INFO  impl.RoleInfo (RoleInfo.java:shutdownFollowerState(108)) - omNode-3: shutdown omNode-3@group-523986131536-FollowerState
2021-10-24 13:00:52,578 [omNode-3@group-523986131536-FollowerState] INFO  server.RaftServer$Division (RaftServerImpl.java:setRole(290)) - omNode-3@group-523986131536: changes role from  FOLLOWER to CANDIDATE at term 5 for changeToCandidate
2021-10-24 13:00:52,578 [omNode-3@group-523986131536-FollowerState] INFO  server.RaftServerConfigKeys (ConfUtils.java:logGet(44)) - raft.server.leaderelection.pre-vote = false (custom)
2021-10-24 13:00:52,578 [omNode-3@group-523986131536-FollowerState] INFO  impl.RoleInfo (RoleInfo.java:updateAndGet(130)) - omNode-3: start omNode-3@group-523986131536-LeaderElection26
2021-10-24 13:00:52,590 [omNode-3@group-523986131536-LeaderElection26] INFO  impl.LeaderElection (LeaderElection.java:askForVotes(306)) - omNode-3@group-523986131536-LeaderElection26 ELECTION round 0: submit vote requests at term 6 for 27: [omNode-3|rpc:localhost:13908|admin:|client:|dataStream:|priority:0, omNode-1|rpc:localhost:13896|admin:|client:|dataStream:|priority:0, omNode-2|rpc:localhost:13902|admin:|client:|dataStream:|priority:0], old=null
2021-10-24 13:00:52,596 [grpc-default-executor-8] INFO  server.RaftServer$Division (RaftServerImpl.java:requestVote(1046)) - omNode-1@group-523986131536: receive requestVote(ELECTION, omNode-3, group-523986131536, 6, (t:5, i:30))
2021-10-24 13:00:52,596 [grpc-default-executor-8] INFO  impl.VoteContext (VoteContext.java:log(48)) - omNode-1@group-523986131536-FOLLOWER: reject ELECTION from omNode-3: current term 7 > candidate's term 6
2021-10-24 13:00:52,597 [grpc-default-executor-8] INFO  server.RaftServer$Division (RaftServerImpl.java:requestVote(1078)) - omNode-1@group-523986131536 replies to ELECTION vote request: omNode-3<-omNode-1#0:FAIL-t7. Peer's state: omNode-1@group-523986131536:t7, leader=null, voted=omNode-2, raftlog=omNode-1@group-523986131536-SegmentedRaftLog:OPENED:c20, conf=31: [omNode-3|rpc:localhost:13908|admin:|client:|dataStream:|priority:0, omNode-1|rpc:localhost:13896|admin:|client:|dataStream:|priority:0, omNode-2|rpc:localhost:13902|admin:|client:|dataStream:|priority:0], old=null
2021-10-24 13:00:52,597 [omNode-3@group-523986131536-LeaderElection26] INFO  impl.LeaderElection (LeaderElection.java:logAndReturn(89)) - omNode-3@group-523986131536-LeaderElection26: ELECTION DISCOVERED_A_NEW_TERM (term=7) received 1 response(s) and 0 exception(s):
2021-10-24 13:00:52,598 [omNode-3@group-523986131536-LeaderElection26] INFO  impl.LeaderElection (LeaderElection.java:logAndReturn(93)) -   Response 0: omNode-3<-omNode-1#0:FAIL-t7
2021-10-24 13:00:52,598 [omNode-3@group-523986131536-LeaderElection26] INFO  impl.LeaderElection (LeaderElection.java:askForVotes(308)) - omNode-3@group-523986131536-LeaderElection26 ELECTION round 0: result DISCOVERED_A_NEW_TERM (term=7)
2021-10-24 13:00:52,598 [omNode-3@group-523986131536-LeaderElection26] INFO  server.RaftServer$Division (RaftServerImpl.java:setRole(290)) - omNode-3@group-523986131536: changes role from CANDIDATE to FOLLOWER at term 7 for DISCOVERED_A_NEW_TERM (term=7)
2021-10-24 13:00:52,598 [omNode-3@group-523986131536-LeaderElection26] INFO  impl.RoleInfo (RoleInfo.java:shutdownLeaderElection(121)) - omNode-3: shutdown omNode-3@group-523986131536-LeaderElection26
2021-10-24 13:00:52,598 [omNode-3@group-523986131536-LeaderElection26] INFO  impl.RoleInfo (RoleInfo.java:updateAndGet(130)) - omNode-3: start omNode-3@group-523986131536-FollowerState
2021-10-24 13:00:52,600 [grpc-default-executor-8] INFO  server.RaftServer$Division (RaftServerImpl.java:requestVote(1046)) - omNode-2@group-523986131536: receive requestVote(ELECTION, omNode-3, group-523986131536, 6, (t:5, i:30))
2021-10-24 13:00:52,600 [grpc-default-executor-8] INFO  impl.VoteContext (VoteContext.java:log(48)) - omNode-2@group-523986131536-FOLLOWER: reject ELECTION from omNode-3: current term 7 > candidate's term 6
2021-10-24 13:00:52,600 [grpc-default-executor-8] INFO  server.RaftServer$Division (RaftServerImpl.java:requestVote(1078)) - omNode-2@group-523986131536 replies to ELECTION vote request: omNode-3<-omNode-2#0:FAIL-t7. Peer's state: omNode-2@group-523986131536:t7, leader=null, voted=omNode-2, raftlog=omNode-2@group-523986131536-SegmentedRaftLog:OPENED:c30, conf=31: [omNode-3|rpc:localhost:13908|admin:|client:|dataStream:|priority:0, omNode-1|rpc:localhost:13896|admin:|client:|dataStream:|priority:0, omNode-2|rpc:localhost:13902|admin:|client:|dataStream:|priority:0], old=null
2021-10-24 13:00:52,830 [omNode-1@group-523986131536-FollowerState] INFO  impl.FollowerState (FollowerState.java:run(134)) - omNode-1@group-523986131536-FollowerState: change to CANDIDATE, lastRpcElapsedTime:1107815475ns, electionTimeout:1095ms
2021-10-24 13:00:52,830 [omNode-1@group-523986131536-FollowerState] INFO  impl.RoleInfo (RoleInfo.java:shutdownFollowerState(108)) - omNode-1: shutdown omNode-1@group-523986131536-FollowerState
2021-10-24 13:00:52,830 [omNode-1@group-523986131536-FollowerState] INFO  server.RaftServer$Division (RaftServerImpl.java:setRole(290)) - omNode-1@group-523986131536: changes role from  FOLLOWER to CANDIDATE at term 7 for changeToCandidate
2021-10-24 13:00:52,830 [omNode-1@group-523986131536-FollowerState] INFO  server.RaftServerConfigKeys (ConfUtils.java:logGet(44)) - raft.server.leaderelection.pre-vote = false (custom)
2021-10-24 13:00:52,830 [omNode-1@group-523986131536-FollowerState] INFO  impl.RoleInfo (RoleInfo.java:updateAndGet(130)) - omNode-1: start omNode-1@group-523986131536-LeaderElection27
2021-10-24 13:00:52,834 [omNode-1@group-523986131536-LeaderElection27] INFO  impl.LeaderElection (LeaderElection.java:askForVotes(306)) - omNode-1@group-523986131536-LeaderElection27 ELECTION round 0: submit vote requests at term 8 for 31: [omNode-3|rpc:localhost:13908|admin:|client:|dataStream:|priority:0, omNode-1|rpc:localhost:13896|admin:|client:|dataStream:|priority:0, omNode-2|rpc:localhost:13902|admin:|client:|dataStream:|priority:0], old=null
2021-10-24 13:00:52,839 [grpc-default-executor-8] INFO  server.RaftServer$Division (RaftServerImpl.java:requestVote(1046)) - omNode-2@group-523986131536: receive requestVote(ELECTION, omNode-1, group-523986131536, 8, (t:2, i:20))
2021-10-24 13:00:52,839 [grpc-default-executor-8] INFO  impl.VoteContext (VoteContext.java:log(48)) - omNode-2@group-523986131536-FOLLOWER: reject ELECTION from omNode-1: our last entry (t:7, i:31) > candidate's last entry (t:2, i:20)
2021-10-24 13:00:52,839 [grpc-default-executor-8] INFO  server.RaftServer$Division (RaftServerImpl.java:setRole(290)) - omNode-2@group-523986131536: changes role from  FOLLOWER to FOLLOWER at term 8 for candidate:omNode-1
2021-10-24 13:00:52,840 [grpc-default-executor-8] INFO  impl.RoleInfo (RoleInfo.java:shutdownFollowerState(108)) - omNode-2: shutdown omNode-2@group-523986131536-FollowerState
2021-10-24 13:00:52,840 [grpc-default-executor-8] INFO  impl.RoleInfo (RoleInfo.java:updateAndGet(130)) - omNode-2: start omNode-2@group-523986131536-FollowerState
2021-10-24 13:00:52,840 [omNode-2@group-523986131536-FollowerState] INFO  impl.FollowerState (FollowerState.java:run(143)) - omNode-2@group-523986131536-FollowerState was interrupted: {}
java.lang.InterruptedException: sleep interrupted
	at java.lang.Thread.sleep(Native Method)
	at java.lang.Thread.sleep(Thread.java:340)
	at java.util.concurrent.TimeUnit.sleep(TimeUnit.java:386)
	at org.apache.ratis.util.TimeDuration.sleep(TimeDuration.java:324)
	at org.apache.ratis.util.TimeDuration.sleep(TimeDuration.java:309)
	at org.apache.ratis.server.impl.FollowerState.run(FollowerState.java:118)
2021-10-24 13:00:52,842 [grpc-default-executor-7] INFO  server.RaftServer$Division (RaftServerImpl.java:requestVote(1046)) - omNode-3@group-523986131536: receive requestVote(ELECTION, omNode-1, group-523986131536, 8, (t:2, i:20))
2021-10-24 13:00:52,842 [grpc-default-executor-7] INFO  impl.VoteContext (VoteContext.java:log(48)) - omNode-3@group-523986131536-FOLLOWER: reject ELECTION from omNode-1: our last entry (t:5, i:30) > candidate's last entry (t:2, i:20)
2021-10-24 13:00:52,842 [grpc-default-executor-7] INFO  server.RaftServer$Division (RaftServerImpl.java:setRole(290)) - omNode-3@group-523986131536: changes role from  FOLLOWER to FOLLOWER at term 8 for candidate:omNode-1
2021-10-24 13:00:52,842 [grpc-default-executor-7] INFO  impl.RoleInfo (RoleInfo.java:shutdownFollowerState(108)) - omNode-3: shutdown omNode-3@group-523986131536-FollowerState
2021-10-24 13:00:52,842 [grpc-default-executor-7] INFO  impl.RoleInfo (RoleInfo.java:updateAndGet(130)) - omNode-3: start omNode-3@group-523986131536-FollowerState
2021-10-24 13:00:52,842 [grpc-default-executor-8] INFO  server.RaftServer$Division (RaftServerImpl.java:requestVote(1078)) - omNode-2@group-523986131536 replies to ELECTION vote request: omNode-1<-omNode-2#0:FAIL-t8. Peer's state: omNode-2@group-523986131536:t8, leader=null, voted=null, raftlog=omNode-2@group-523986131536-SegmentedRaftLog:OPENED:c30, conf=31: [omNode-3|rpc:localhost:13908|admin:|client:|dataStream:|priority:0, omNode-1|rpc:localhost:13896|admin:|client:|dataStream:|priority:0, omNode-2|rpc:localhost:13902|admin:|client:|dataStream:|priority:0], old=null
2021-10-24 13:00:52,842 [omNode-3@group-523986131536-FollowerState] INFO  impl.FollowerState (FollowerState.java:run(143)) - omNode-3@group-523986131536-FollowerState was interrupted: {}
java.lang.InterruptedException: sleep interrupted
	at java.lang.Thread.sleep(Native Method)
	at java.lang.Thread.sleep(Thread.java:340)
	at java.util.concurrent.TimeUnit.sleep(TimeUnit.java:386)
	at org.apache.ratis.util.TimeDuration.sleep(TimeDuration.java:324)
	at org.apache.ratis.util.TimeDuration.sleep(TimeDuration.java:309)
	at org.apache.ratis.server.impl.FollowerState.run(FollowerState.java:118)
2021-10-24 13:00:52,852 [grpc-default-executor-7] INFO  server.RaftServer$Division (RaftServerImpl.java:requestVote(1078)) - omNode-3@group-523986131536 replies to ELECTION vote request: omNode-1<-omNode-3#0:FAIL-t8. Peer's state: omNode-3@group-523986131536:t8, leader=null, voted=null, raftlog=omNode-3@group-523986131536-SegmentedRaftLog:OPENED:c30, conf=27: [omNode-3|rpc:localhost:13908|admin:|client:|dataStream:|priority:0, omNode-1|rpc:localhost:13896|admin:|client:|dataStream:|priority:0, omNode-2|rpc:localhost:13902|admin:|client:|dataStream:|priority:0], old=null
2021-10-24 13:00:52,853 [omNode-1@group-523986131536-LeaderElection27] INFO  impl.LeaderElection (LeaderElection.java:logAndReturn(89)) - omNode-1@group-523986131536-LeaderElection27: ELECTION REJECTED received 2 response(s) and 0 exception(s):
2021-10-24 13:00:52,853 [omNode-1@group-523986131536-LeaderElection27] INFO  impl.LeaderElection (LeaderElection.java:logAndReturn(93)) -   Response 0: omNode-1<-omNode-3#0:FAIL-t8
2021-10-24 13:00:52,853 [omNode-1@group-523986131536-LeaderElection27] INFO  impl.LeaderElection (LeaderElection.java:logAndReturn(93)) -   Response 1: omNode-1<-omNode-2#0:FAIL-t8
2021-10-24 13:00:52,853 [omNode-1@group-523986131536-LeaderElection27] INFO  impl.LeaderElection (LeaderElection.java:askForVotes(308)) - omNode-1@group-523986131536-LeaderElection27 ELECTION round 0: result REJECTED
2021-10-24 13:00:52,853 [omNode-1@group-523986131536-LeaderElection27] INFO  server.RaftServer$Division (RaftServerImpl.java:setRole(290)) - omNode-1@group-523986131536: changes role from CANDIDATE to FOLLOWER at term 8 for REJECTED
2021-10-24 13:00:52,853 [omNode-1@group-523986131536-LeaderElection27] INFO  impl.RoleInfo (RoleInfo.java:shutdownLeaderElection(121)) - omNode-1: shutdown omNode-1@group-523986131536-LeaderElection27
2021-10-24 13:00:52,854 [omNode-1@group-523986131536-LeaderElection27] INFO  impl.RoleInfo (RoleInfo.java:updateAndGet(130)) - omNode-1: start omNode-1@group-523986131536-FollowerState
2021-10-24 13:00:53,978 [Time-limited test] INFO  retry.RetryInvocationHandler (RetryInvocationHandler.java:log(411)) - com.google.protobuf.ServiceException: org.apache.hadoop.ipc.RemoteException(org.apache.hadoop.ozone.om.exceptions.OMNotLeaderException): OM:omNode-1 is not the leader. Could not determine the leader node.
	at org.apache.hadoop.ozone.om.ratis.utils.OzoneManagerRatisUtils.createNotLeaderException(OzoneManagerRatisUtils.java:465)
	at org.apache.hadoop.ozone.om.ratis.utils.OzoneManagerRatisUtils.checkLeaderStatus(OzoneManagerRatisUtils.java:451)
	at org.apache.hadoop.ozone.protocolPB.OzoneManagerProtocolServerSideTranslatorPB.checkLeaderStatus(OzoneManagerProtocolServerSideTranslatorPB.java:243)
	at org.apache.hadoop.ozone.protocolPB.OzoneManagerProtocolServerSideTranslatorPB.processRequest(OzoneManagerProtocolServerSideTranslatorPB.java:135)
	at org.apache.hadoop.hdds.server.OzoneProtocolMessageDispatcher.processRequest(OzoneProtocolMessageDispatcher.java:87)
	at org.apache.hadoop.ozone.protocolPB.OzoneManagerProtocolServerSideTranslatorPB.submitRequest(OzoneManagerProtocolServerSideTranslatorPB.java:123)
	at org.apache.hadoop.ozone.protocol.proto.OzoneManagerProtocolProtos$OzoneManagerService$2.callBlockingMethod(OzoneManagerProtocolProtos.java)
	at org.apache.hadoop.ipc.ProtobufRpcEngine$Server.processCall(ProtobufRpcEngine.java:466)
	at org.apache.hadoop.ipc.ProtobufRpcEngine2$Server$ProtoBufRpcInvoker.call(ProtobufRpcEngine2.java:574)
	at org.apache.hadoop.ipc.ProtobufRpcEngine2$Server$ProtoBufRpcInvoker.call(ProtobufRpcEngine2.java:552)
	at org.apache.hadoop.ipc.RPC$Server.call(RPC.java:1093)
	at org.apache.hadoop.ipc.Server$RpcCall.run(Server.java:1035)
	at org.apache.hadoop.ipc.Server$RpcCall.run(Server.java:963)
	at java.security.AccessController.doPrivileged(Native Method)
	at javax.security.auth.Subject.doAs(Subject.java:422)
	at org.apache.hadoop.security.UserGroupInformation.doAs(UserGroupInformation.java:1878)
	at org.apache.hadoop.ipc.Server$Handler.run(Server.java:2966)
, while invoking $Proxy52.submitRequest over nodeId=omNode-1,nodeAddress=127.0.0.1:13892 after 1 failover attempts. Trying to failover immediately.
2021-10-24 13:00:53,985 [Time-limited test] INFO  retry.RetryInvocationHandler (RetryInvocationHandler.java:log(411)) - com.google.protobuf.ServiceException: org.apache.hadoop.ipc.RemoteException(org.apache.hadoop.ozone.om.exceptions.OMNotLeaderException): OM:omNode-2 is not the leader. Could not determine the leader node.
	at org.apache.hadoop.ozone.om.ratis.utils.OzoneManagerRatisUtils.createNotLeaderException(OzoneManagerRatisUtils.java:465)
	at org.apache.hadoop.ozone.om.ratis.utils.OzoneManagerRatisUtils.checkLeaderStatus(OzoneManagerRatisUtils.java:451)
	at org.apache.hadoop.ozone.protocolPB.OzoneManagerProtocolServerSideTranslatorPB.checkLeaderStatus(OzoneManagerProtocolServerSideTranslatorPB.java:243)
	at org.apache.hadoop.ozone.protocolPB.OzoneManagerProtocolServerSideTranslatorPB.processRequest(OzoneManagerProtocolServerSideTranslatorPB.java:135)
	at org.apache.hadoop.hdds.server.OzoneProtocolMessageDispatcher.processRequest(OzoneProtocolMessageDispatcher.java:87)
	at org.apache.hadoop.ozone.protocolPB.OzoneManagerProtocolServerSideTranslatorPB.submitRequest(OzoneManagerProtocolServerSideTranslatorPB.java:123)
	at org.apache.hadoop.ozone.protocol.proto.OzoneManagerProtocolProtos$OzoneManagerService$2.callBlockingMethod(OzoneManagerProtocolProtos.java)
	at org.apache.hadoop.ipc.ProtobufRpcEngine$Server.processCall(ProtobufRpcEngine.java:466)
	at org.apache.hadoop.ipc.ProtobufRpcEngine2$Server$ProtoBufRpcInvoker.call(ProtobufRpcEngine2.java:574)
	at org.apache.hadoop.ipc.ProtobufRpcEngine2$Server$ProtoBufRpcInvoker.call(ProtobufRpcEngine2.java:552)
	at org.apache.hadoop.ipc.RPC$Server.call(RPC.java:1093)
	at org.apache.hadoop.ipc.Server$RpcCall.run(Server.java:1035)
	at org.apache.hadoop.ipc.Server$RpcCall.run(Server.java:963)
	at java.security.AccessController.doPrivileged(Native Method)
	at javax.security.auth.Subject.doAs(Subject.java:422)
	at org.apache.hadoop.security.UserGroupInformation.doAs(UserGroupInformation.java:1878)
	at org.apache.hadoop.ipc.Server$Handler.run(Server.java:2966)
, while invoking $Proxy52.submitRequest over nodeId=omNode-2,nodeAddress=127.0.0.1:13898 after 2 failover attempts. Trying to failover immediately.
2021-10-24 13:00:53,987 [Time-limited test] INFO  retry.RetryInvocationHandler (RetryInvocationHandler.java:log(411)) - com.google.protobuf.ServiceException: org.apache.hadoop.ipc.RemoteException(org.apache.hadoop.ozone.om.exceptions.OMNotLeaderException): OM:omNode-3 is not the leader. Could not determine the leader node.
	at org.apache.hadoop.ozone.om.ratis.utils.OzoneManagerRatisUtils.createNotLeaderException(OzoneManagerRatisUtils.java:465)
	at org.apache.hadoop.ozone.om.ratis.utils.OzoneManagerRatisUtils.checkLeaderStatus(OzoneManagerRatisUtils.java:451)
	at org.apache.hadoop.ozone.protocolPB.OzoneManagerProtocolServerSideTranslatorPB.checkLeaderStatus(OzoneManagerProtocolServerSideTranslatorPB.java:243)
	at org.apache.hadoop.ozone.protocolPB.OzoneManagerProtocolServerSideTranslatorPB.processRequest(OzoneManagerProtocolServerSideTranslatorPB.java:135)
	at org.apache.hadoop.hdds.server.OzoneProtocolMessageDispatcher.processRequest(OzoneProtocolMessageDispatcher.java:87)
	at org.apache.hadoop.ozone.protocolPB.OzoneManagerProtocolServerSideTranslatorPB.submitRequest(OzoneManagerProtocolServerSideTranslatorPB.java:123)
	at org.apache.hadoop.ozone.protocol.proto.OzoneManagerProtocolProtos$OzoneManagerService$2.callBlockingMethod(OzoneManagerProtocolProtos.java)
	at org.apache.hadoop.ipc.ProtobufRpcEngine$Server.processCall(ProtobufRpcEngine.java:466)
	at org.apache.hadoop.ipc.ProtobufRpcEngine2$Server$ProtoBufRpcInvoker.call(ProtobufRpcEngine2.java:574)
	at org.apache.hadoop.ipc.ProtobufRpcEngine2$Server$ProtoBufRpcInvoker.call(ProtobufRpcEngine2.java:552)
	at org.apache.hadoop.ipc.RPC$Server.call(RPC.java:1093)
	at org.apache.hadoop.ipc.Server$RpcCall.run(Server.java:1035)
	at org.apache.hadoop.ipc.Server$RpcCall.run(Server.java:963)
	at java.security.AccessController.doPrivileged(Native Method)
	at javax.security.auth.Subject.doAs(Subject.java:422)
	at org.apache.hadoop.security.UserGroupInformation.doAs(UserGroupInformation.java:1878)
	at org.apache.hadoop.ipc.Server$Handler.run(Server.java:2966)
, while invoking $Proxy52.submitRequest over nodeId=omNode-3,nodeAddress=127.0.0.1:13904 after 3 failover attempts. Trying to failover after sleeping for 2000ms.
2021-10-24 13:00:53,994 [omNode-2@group-523986131536-FollowerState] INFO  impl.FollowerState (FollowerState.java:run(134)) - omNode-2@group-523986131536-FollowerState: change to CANDIDATE, lastRpcElapsedTime:1154145687ns, electionTimeout:1152ms
2021-10-24 13:00:53,994 [omNode-2@group-523986131536-FollowerState] INFO  impl.RoleInfo (RoleInfo.java:shutdownFollowerState(108)) - omNode-2: shutdown omNode-2@group-523986131536-FollowerState
2021-10-24 13:00:53,994 [omNode-2@group-523986131536-FollowerState] INFO  server.RaftServer$Division (RaftServerImpl.java:setRole(290)) - omNode-2@group-523986131536: changes role from  FOLLOWER to CANDIDATE at term 8 for changeToCandidate
2021-10-24 13:00:53,994 [omNode-2@group-523986131536-FollowerState] INFO  server.RaftServerConfigKeys (ConfUtils.java:logGet(44)) - raft.server.leaderelection.pre-vote = false (custom)
2021-10-24 13:00:53,994 [omNode-2@group-523986131536-FollowerState] INFO  impl.RoleInfo (RoleInfo.java:updateAndGet(130)) - omNode-2: start omNode-2@group-523986131536-LeaderElection28
2021-10-24 13:00:53,999 [omNode-3@group-523986131536-FollowerState] INFO  impl.FollowerState (FollowerState.java:run(134)) - omNode-3@group-523986131536-FollowerState: change to CANDIDATE, lastRpcElapsedTime:1156245624ns, electionTimeout:1146ms
2021-10-24 13:00:53,999 [omNode-3@group-523986131536-FollowerState] INFO  impl.RoleInfo (RoleInfo.java:shutdownFollowerState(108)) - omNode-3: shutdown omNode-3@group-523986131536-FollowerState
2021-10-24 13:00:53,999 [omNode-3@group-523986131536-FollowerState] INFO  server.RaftServer$Division (RaftServerImpl.java:setRole(290)) - omNode-3@group-523986131536: changes role from  FOLLOWER to CANDIDATE at term 8 for changeToCandidate
2021-10-24 13:00:53,999 [omNode-3@group-523986131536-FollowerState] INFO  server.RaftServerConfigKeys (ConfUtils.java:logGet(44)) - raft.server.leaderelection.pre-vote = false (custom)
2021-10-24 13:00:53,999 [omNode-3@group-523986131536-FollowerState] INFO  impl.RoleInfo (RoleInfo.java:updateAndGet(130)) - omNode-3: start omNode-3@group-523986131536-LeaderElection29
2021-10-24 13:00:54,000 [omNode-2@group-523986131536-LeaderElection28] INFO  impl.LeaderElection (LeaderElection.java:askForVotes(306)) - omNode-2@group-523986131536-LeaderElection28 ELECTION round 0: submit vote requests at term 9 for 31: [omNode-3|rpc:localhost:13908|admin:|client:|dataStream:|priority:0, omNode-1|rpc:localhost:13896|admin:|client:|dataStream:|priority:0, omNode-2|rpc:localhost:13902|admin:|client:|dataStream:|priority:0], old=null
2021-10-24 13:00:54,002 [omNode-3@group-523986131536-LeaderElection29] INFO  impl.LeaderElection (LeaderElection.java:askForVotes(306)) - omNode-3@group-523986131536-LeaderElection29 ELECTION round 0: submit vote requests at term 9 for 27: [omNode-3|rpc:localhost:13908|admin:|client:|dataStream:|priority:0, omNode-1|rpc:localhost:13896|admin:|client:|dataStream:|priority:0, omNode-2|rpc:localhost:13902|admin:|client:|dataStream:|priority:0], old=null
2021-10-24 13:00:54,007 [grpc-default-executor-7] INFO  server.RaftServer$Division (RaftServerImpl.java:requestVote(1046)) - omNode-1@group-523986131536: receive requestVote(ELECTION, omNode-3, group-523986131536, 9, (t:5, i:30))
2021-10-24 13:00:54,008 [grpc-default-executor-7] INFO  impl.VoteContext (VoteContext.java:log(48)) - omNode-1@group-523986131536-FOLLOWER: accept ELECTION from omNode-3: our last entry (t:2, i:20) < candidate's last entry (t:5, i:30)
2021-10-24 13:00:54,008 [grpc-default-executor-7] INFO  server.RaftServer$Division (RaftServerImpl.java:setRole(290)) - omNode-1@group-523986131536: changes role from  FOLLOWER to FOLLOWER at term 9 for candidate:omNode-3
2021-10-24 13:00:54,008 [grpc-default-executor-7] INFO  impl.RoleInfo (RoleInfo.java:shutdownFollowerState(108)) - omNode-1: shutdown omNode-1@group-523986131536-FollowerState
2021-10-24 13:00:54,008 [grpc-default-executor-7] INFO  impl.RoleInfo (RoleInfo.java:updateAndGet(130)) - omNode-1: start omNode-1@group-523986131536-FollowerState
2021-10-24 13:00:54,008 [grpc-default-executor-8] INFO  server.RaftServer$Division (RaftServerImpl.java:requestVote(1046)) - omNode-3@group-523986131536: receive requestVote(ELECTION, omNode-2, group-523986131536, 9, (t:7, i:31))
2021-10-24 13:00:54,008 [grpc-default-executor-8] INFO  impl.VoteContext (VoteContext.java:log(48)) - omNode-3@group-523986131536-CANDIDATE: reject ELECTION from omNode-2: already has voted for omNode-3 at current term 9
2021-10-24 13:00:54,008 [grpc-default-executor-8] INFO  server.RaftServer$Division (RaftServerImpl.java:requestVote(1078)) - omNode-3@group-523986131536 replies to ELECTION vote request: omNode-2<-omNode-3#0:FAIL-t9. Peer's state: omNode-3@group-523986131536:t9, leader=null, voted=omNode-3, raftlog=omNode-3@group-523986131536-SegmentedRaftLog:OPENED:c30, conf=27: [omNode-3|rpc:localhost:13908|admin:|client:|dataStream:|priority:0, omNode-1|rpc:localhost:13896|admin:|client:|dataStream:|priority:0, omNode-2|rpc:localhost:13902|admin:|client:|dataStream:|priority:0], old=null
2021-10-24 13:00:54,008 [omNode-1@group-523986131536-FollowerState] INFO  impl.FollowerState (FollowerState.java:run(143)) - omNode-1@group-523986131536-FollowerState was interrupted: {}
java.lang.InterruptedException: sleep interrupted
	at java.lang.Thread.sleep(Native Method)
	at java.lang.Thread.sleep(Thread.java:340)
	at java.util.concurrent.TimeUnit.sleep(TimeUnit.java:386)
	at org.apache.ratis.util.TimeDuration.sleep(TimeDuration.java:324)
	at org.apache.ratis.util.TimeDuration.sleep(TimeDuration.java:309)
	at org.apache.ratis.server.impl.FollowerState.run(FollowerState.java:118)
2021-10-24 13:00:54,014 [grpc-default-executor-7] INFO  server.RaftServer$Division (RaftServerImpl.java:requestVote(1078)) - omNode-1@group-523986131536 replies to ELECTION vote request: omNode-3<-omNode-1#0:OK-t9. Peer's state: omNode-1@group-523986131536:t9, leader=null, voted=omNode-3, raftlog=omNode-1@group-523986131536-SegmentedRaftLog:OPENED:c20, conf=31: [omNode-3|rpc:localhost:13908|admin:|client:|dataStream:|priority:0, omNode-1|rpc:localhost:13896|admin:|client:|dataStream:|priority:0, omNode-2|rpc:localhost:13902|admin:|client:|dataStream:|priority:0], old=null
2021-10-24 13:00:54,015 [grpc-default-executor-7] INFO  server.RaftServer$Division (RaftServerImpl.java:requestVote(1046)) - omNode-2@group-523986131536: receive requestVote(ELECTION, omNode-3, group-523986131536, 9, (t:5, i:30))
2021-10-24 13:00:54,015 [grpc-default-executor-7] INFO  impl.VoteContext (VoteContext.java:log(48)) - omNode-2@group-523986131536-CANDIDATE: reject ELECTION from omNode-3: already has voted for omNode-2 at current term 9
2021-10-24 13:00:54,015 [grpc-default-executor-7] INFO  server.RaftServer$Division (RaftServerImpl.java:requestVote(1078)) - omNode-2@group-523986131536 replies to ELECTION vote request: omNode-3<-omNode-2#0:FAIL-t9. Peer's state: omNode-2@group-523986131536:t9, leader=null, voted=omNode-2, raftlog=omNode-2@group-523986131536-SegmentedRaftLog:OPENED:c30, conf=31: [omNode-3|rpc:localhost:13908|admin:|client:|dataStream:|priority:0, omNode-1|rpc:localhost:13896|admin:|client:|dataStream:|priority:0, omNode-2|rpc:localhost:13902|admin:|client:|dataStream:|priority:0], old=null
2021-10-24 13:00:54,020 [omNode-3@group-523986131536-LeaderElection29] INFO  impl.LeaderElection (LeaderElection.java:logAndReturn(89)) - omNode-3@group-523986131536-LeaderElection29: ELECTION PASSED received 2 response(s) and 0 exception(s):
2021-10-24 13:00:54,020 [omNode-3@group-523986131536-LeaderElection29] INFO  impl.LeaderElection (LeaderElection.java:logAndReturn(93)) -   Response 0: omNode-3<-omNode-1#0:OK-t9
2021-10-24 13:00:54,020 [omNode-3@group-523986131536-LeaderElection29] INFO  impl.LeaderElection (LeaderElection.java:logAndReturn(93)) -   Response 1: omNode-3<-omNode-2#0:FAIL-t9
2021-10-24 13:00:54,020 [omNode-3@group-523986131536-LeaderElection29] INFO  impl.LeaderElection (LeaderElection.java:askForVotes(308)) - omNode-3@group-523986131536-LeaderElection29 ELECTION round 0: result PASSED
2021-10-24 13:00:54,020 [omNode-3@group-523986131536-LeaderElection29] INFO  impl.RoleInfo (RoleInfo.java:shutdownLeaderElection(121)) - omNode-3: shutdown omNode-3@group-523986131536-LeaderElection29
2021-10-24 13:00:54,020 [omNode-3@group-523986131536-LeaderElection29] INFO  server.RaftServer$Division (RaftServerImpl.java:setRole(290)) - omNode-3@group-523986131536: changes role from CANDIDATE to LEADER at term 9 for changeToLeader
2021-10-24 13:00:54,020 [omNode-3@group-523986131536-LeaderElection29] INFO  server.RaftServer$Division (ServerState.java:setLeader(285)) - omNode-3@group-523986131536: change Leader from null to omNode-3 at term 9 for becomeLeader, leader elected after 2474ms
2021-10-24 13:00:54,020 [omNode-3@group-523986131536-LeaderElection29] INFO  server.RaftServerConfigKeys (ConfUtils.java:logGet(44)) - raft.server.staging.catchup.gap = 1000 (default)
2021-10-24 13:00:54,020 [omNode-3@group-523986131536-LeaderElection29] INFO  server.RaftServerConfigKeys (ConfUtils.java:logGet(44)) - raft.server.write.element-limit = 4096 (default)
2021-10-24 13:00:54,020 [omNode-3@group-523986131536-LeaderElection29] INFO  server.RaftServerConfigKeys (ConfUtils.java:logGet(44)) - raft.server.write.byte-limit = 64MB (=67108864) (default)
2021-10-24 13:00:54,020 [omNode-3@group-523986131536-LeaderElection29] INFO  server.RaftServerConfigKeys (ConfUtils.java:logGet(44)) - raft.server.watch.timeout = 10s (default)
2021-10-24 13:00:54,020 [omNode-3@group-523986131536-LeaderElection29] INFO  server.RaftServerConfigKeys (ConfUtils.java:logGet(44)) - raft.server.watch.timeout.denomination = 1s (default)
2021-10-24 13:00:54,020 [omNode-3@group-523986131536-LeaderElection29] INFO  server.RaftServerConfigKeys (ConfUtils.java:logGet(44)) - raft.server.watch.element-limit = 65536 (default)
2021-10-24 13:00:54,021 [omNode-3@group-523986131536-LeaderElection29] INFO  server.RaftServerConfigKeys (ConfUtils.java:logGet(44)) - raft.server.write.element-limit = 4096 (default)
2021-10-24 13:00:54,021 [omNode-3@group-523986131536-LeaderElection29] INFO  server.RaftServerConfigKeys (ConfUtils.java:logGet(44)) - raft.server.write.follower.gap.ratio.max = -1.0 (default)
2021-10-24 13:00:54,021 [omNode-3@group-523986131536-LeaderElection29] INFO  server.RaftServerConfigKeys (ConfUtils.java:logGet(44)) - raft.server.log.appender.snapshot.chunk.size.max = 16MB (=16777216) (default)
2021-10-24 13:00:54,021 [omNode-3@group-523986131536-LeaderElection29] INFO  server.RaftServerConfigKeys (ConfUtils.java:logGet(44)) - raft.server.log.appender.buffer.byte-limit = 33554432 (custom)
2021-10-24 13:00:54,021 [omNode-3@group-523986131536-LeaderElection29] INFO  server.RaftServerConfigKeys (ConfUtils.java:logGet(44)) - raft.server.log.appender.buffer.element-limit = 1024 (custom)
2021-10-24 13:00:54,021 [omNode-3@group-523986131536-LeaderElection29] INFO  grpc.GrpcConfigKeys (ConfUtils.java:logGet(44)) - raft.grpc.server.leader.outstanding.appends.max = 128 (default)
2021-10-24 13:00:54,021 [omNode-3@group-523986131536-LeaderElection29] INFO  server.RaftServerConfigKeys (ConfUtils.java:logGet(44)) - raft.server.rpc.request.timeout = 3000ms (default)
2021-10-24 13:00:54,021 [omNode-3@group-523986131536-LeaderElection29] INFO  server.RaftServerConfigKeys (ConfUtils.java:logGet(44)) - raft.server.log.appender.install.snapshot.enabled = false (custom)
2021-10-24 13:00:54,022 [omNode-3@group-523986131536-LeaderElection29] INFO  server.RaftServerConfigKeys (ConfUtils.java:logGet(44)) - raft.server.log.appender.snapshot.chunk.size.max = 16MB (=16777216) (default)
2021-10-24 13:00:54,022 [omNode-3@group-523986131536-LeaderElection29] INFO  server.RaftServerConfigKeys (ConfUtils.java:logGet(44)) - raft.server.log.appender.buffer.byte-limit = 33554432 (custom)
2021-10-24 13:00:54,022 [omNode-3@group-523986131536-LeaderElection29] INFO  server.RaftServerConfigKeys (ConfUtils.java:logGet(44)) - raft.server.log.appender.buffer.element-limit = 1024 (custom)
2021-10-24 13:00:54,022 [omNode-3@group-523986131536-LeaderElection29] INFO  grpc.GrpcConfigKeys (ConfUtils.java:logGet(44)) - raft.grpc.server.leader.outstanding.appends.max = 128 (default)
2021-10-24 13:00:54,022 [omNode-3@group-523986131536-LeaderElection29] INFO  server.RaftServerConfigKeys (ConfUtils.java:logGet(44)) - raft.server.rpc.request.timeout = 3000ms (default)
2021-10-24 13:00:54,022 [omNode-3@group-523986131536-LeaderElection29] INFO  server.RaftServerConfigKeys (ConfUtils.java:logGet(44)) - raft.server.log.appender.install.snapshot.enabled = false (custom)
2021-10-24 13:00:54,023 [omNode-3@group-523986131536-LeaderElection29] INFO  impl.RoleInfo (RoleInfo.java:updateAndGet(130)) - omNode-3: start omNode-3@group-523986131536-LeaderStateImpl
2021-10-24 13:00:54,023 [grpc-default-executor-7] INFO  server.RaftServer$Division (RaftServerImpl.java:requestVote(1046)) - omNode-1@group-523986131536: receive requestVote(ELECTION, omNode-2, group-523986131536, 9, (t:7, i:31))
2021-10-24 13:00:54,023 [omNode-3@group-523986131536-LeaderElection29] INFO  segmented.SegmentedRaftLogWorker (SegmentedRaftLogWorker.java:rollLogSegment(399)) - omNode-3@group-523986131536-SegmentedRaftLogWorker: Rolling segment log-27_30 to index:30
2021-10-24 13:00:54,023 [grpc-default-executor-7] INFO  impl.VoteContext (VoteContext.java:log(48)) - omNode-1@group-523986131536-FOLLOWER: reject ELECTION from omNode-2: already has voted for omNode-3 at current term 9
2021-10-24 13:00:54,023 [grpc-default-executor-7] INFO  server.RaftServer$Division (RaftServerImpl.java:requestVote(1078)) - omNode-1@group-523986131536 replies to ELECTION vote request: omNode-2<-omNode-1#0:FAIL-t9. Peer's state: omNode-1@group-523986131536:t9, leader=null, voted=omNode-3, raftlog=omNode-1@group-523986131536-SegmentedRaftLog:OPENED:c20, conf=31: [omNode-3|rpc:localhost:13908|admin:|client:|dataStream:|priority:0, omNode-1|rpc:localhost:13896|admin:|client:|dataStream:|priority:0, omNode-2|rpc:localhost:13902|admin:|client:|dataStream:|priority:0], old=null
2021-10-24 13:00:54,047 [omNode-3@group-523986131536-SegmentedRaftLogWorker] INFO  segmented.SegmentedRaftLogWorker (SegmentedRaftLogWorker.java:execute(558)) - omNode-3@group-523986131536-SegmentedRaftLogWorker: Rolled log segment from /home/runner/work/ozone/ozone/hadoop-ozone/integration-test/target/test-dir/MiniOzoneClusterImpl-cd96da87-0819-4dc2-95d7-841b147881f8/omNode-3/ratis/c9bc4cf4-3bc3-3c60-a66b-523986131536/current/log_inprogress_27 to /home/runner/work/ozone/ozone/hadoop-ozone/integration-test/target/test-dir/MiniOzoneClusterImpl-cd96da87-0819-4dc2-95d7-841b147881f8/omNode-3/ratis/c9bc4cf4-3bc3-3c60-a66b-523986131536/current/log_27-30
2021-10-24 13:00:54,048 [omNode-2@group-523986131536-LeaderElection28] INFO  impl.LeaderElection (LeaderElection.java:logAndReturn(89)) - omNode-2@group-523986131536-LeaderElection28: ELECTION REJECTED received 2 response(s) and 0 exception(s):
2021-10-24 13:00:54,048 [omNode-2@group-523986131536-LeaderElection28] INFO  impl.LeaderElection (LeaderElection.java:logAndReturn(93)) -   Response 0: omNode-2<-omNode-3#0:FAIL-t9
2021-10-24 13:00:54,048 [omNode-2@group-523986131536-LeaderElection28] INFO  impl.LeaderElection (LeaderElection.java:logAndReturn(93)) -   Response 1: omNode-2<-omNode-1#0:FAIL-t9
2021-10-24 13:00:54,049 [omNode-2@group-523986131536-LeaderElection28] INFO  impl.LeaderElection (LeaderElection.java:askForVotes(308)) - omNode-2@group-523986131536-LeaderElection28 ELECTION round 0: result REJECTED
2021-10-24 13:00:54,049 [omNode-2@group-523986131536-LeaderElection28] INFO  server.RaftServer$Division (RaftServerImpl.java:setRole(290)) - omNode-2@group-523986131536: changes role from CANDIDATE to FOLLOWER at term 9 for REJECTED
2021-10-24 13:00:54,049 [omNode-2@group-523986131536-LeaderElection28] INFO  impl.RoleInfo (RoleInfo.java:shutdownLeaderElection(121)) - omNode-2: shutdown omNode-2@group-523986131536-LeaderElection28
2021-10-24 13:00:54,049 [omNode-2@group-523986131536-LeaderElection28] INFO  impl.RoleInfo (RoleInfo.java:updateAndGet(130)) - omNode-2: start omNode-2@group-523986131536-FollowerState
2021-10-24 13:00:54,051 [grpc-default-executor-8] INFO  server.RaftServer$Division (ServerState.java:setLeader(285)) - omNode-1@group-523986131536: change Leader from null to omNode-3 at term 9 for appendEntries, leader elected after 2332ms
2021-10-24 13:00:54,051 [grpc-default-executor-8] INFO  server.RaftServer$Division (RaftServerImpl.java:checkInconsistentAppendEntries(1322)) - omNode-1@group-523986131536: Failed appendEntries as previous log entry ((t:5, i:30)) is not found
2021-10-24 13:00:54,051 [grpc-default-executor-8] INFO  server.RaftServer$Division (RaftServerImpl.java:checkInconsistentAppendEntries(1288)) - omNode-1@group-523986131536: inconsistency entries. Reply:omNode-3<-omNode-1#0:FAIL-t9,INCONSISTENCY,nextIndex=21,followerCommit=20
2021-10-24 13:00:54,052 [grpc-default-executor-8] INFO  leader.FollowerInfo (FollowerInfoImpl.java:lambda$new$0(47)) - omNode-3@group-523986131536->omNode-1: nextIndex: updateUnconditionally 31 -> 21
2021-10-24 13:00:54,052 [omNode-3@group-523986131536->omNode-1-GrpcLogAppender-LogAppenderDaemon] ERROR leader.LogAppenderDaemon (LogAppenderDaemon.java:run(86)) - omNode-3@group-523986131536->omNode-1-GrpcLogAppender-LogAppenderDaemon failed
java.lang.NullPointerException: omNode-3@group-523986131536->omNode-1: Previous TermIndex not found for firstIndex = 21
	at java.util.Objects.requireNonNull(Objects.java:290)
	at org.apache.ratis.server.leader.LogAppenderBase.assertProtos(LogAppenderBase.java:169)
	at org.apache.ratis.server.leader.LogAppenderBase.newAppendEntriesRequest(LogAppenderBase.java:154)
	at org.apache.ratis.grpc.server.GrpcLogAppender.appendLog(GrpcLogAppender.java:213)
	at org.apache.ratis.grpc.server.GrpcLogAppender.run(GrpcLogAppender.java:147)
	at org.apache.ratis.server.leader.LogAppenderDaemon.run(LogAppenderDaemon.java:77)
	at java.lang.Thread.run(Thread.java:748)
2021-10-24 13:00:54,052 [omNode-3@group-523986131536->omNode-1-GrpcLogAppender-LogAppenderDaemon] INFO  server.RaftServer$Division (LeaderStateImpl.java:restart(514)) - omNode-3@group-523986131536-LeaderStateImpl: Restarting GrpcLogAppender for omNode-3@group-523986131536->omNode-1
2021-10-24 13:00:54,052 [omNode-3@group-523986131536->omNode-1-GrpcLogAppender-LogAppenderDaemon] INFO  server.RaftServerConfigKeys (ConfUtils.java:logGet(44)) - raft.server.log.appender.snapshot.chunk.size.max = 16MB (=16777216) (default)
2021-10-24 13:00:54,053 [omNode-3@group-523986131536->omNode-1-GrpcLogAppender-LogAppenderDaemon] INFO  server.RaftServerConfigKeys (ConfUtils.java:logGet(44)) - raft.server.log.appender.buffer.byte-limit = 33554432 (custom)
2021-10-24 13:00:54,053 [omNode-3@group-523986131536->omNode-1-GrpcLogAppender-LogAppenderDaemon] INFO  server.RaftServerConfigKeys (ConfUtils.java:logGet(44)) - raft.server.log.appender.buffer.element-limit = 1024 (custom)
2021-10-24 13:00:54,055 [omNode-3@group-523986131536-LeaderElection29] INFO  server.RaftServer$Division (ServerState.java:setRaftConf(387)) - omNode-3@group-523986131536: set configuration 31: [omNode-3|rpc:localhost:13908|admin:|client:|dataStream:|priority:0, omNode-1|rpc:localhost:13896|admin:|client:|dataStream:|priority:0, omNode-2|rpc:localhost:13902|admin:|client:|dataStream:|priority:0], old=null
2021-10-24 13:00:54,055 [omNode-3@group-523986131536->omNode-1-GrpcLogAppender-LogAppenderDaemon] INFO  grpc.GrpcConfigKeys (ConfUtils.java:logGet(44)) - raft.grpc.server.leader.outstanding.appends.max = 128 (default)
2021-10-24 13:00:54,055 [omNode-3@group-523986131536-SegmentedRaftLogWorker] INFO  segmented.SegmentedRaftLogWorker (SegmentedRaftLogWorker.java:execute(601)) - omNode-3@group-523986131536-SegmentedRaftLogWorker: created new log segment /home/runner/work/ozone/ozone/hadoop-ozone/integration-test/target/test-dir/MiniOzoneClusterImpl-cd96da87-0819-4dc2-95d7-841b147881f8/omNode-3/ratis/c9bc4cf4-3bc3-3c60-a66b-523986131536/current/log_inprogress_31
2021-10-24 13:00:54,055 [omNode-3@group-523986131536->omNode-1-GrpcLogAppender-LogAppenderDaemon] INFO  server.RaftServerConfigKeys (ConfUtils.java:logGet(44)) - raft.server.rpc.request.timeout = 3000ms (default)
2021-10-24 13:00:54,056 [omNode-3@group-523986131536->omNode-1-GrpcLogAppender-LogAppenderDaemon] INFO  server.RaftServerConfigKeys (ConfUtils.java:logGet(44)) - raft.server.log.appender.install.snapshot.enabled = false (custom)
2021-10-24 13:00:54,057 [grpc-default-executor-7] INFO  server.RaftServer$Division (ServerState.java:setLeader(285)) - omNode-2@group-523986131536: change Leader from null to omNode-3 at term 9 for appendEntries, leader elected after 2161ms
2021-10-24 13:00:54,058 [omNode-3@group-523986131536->omNode-1-GrpcLogAppender-LogAppenderDaemon] INFO  server.GrpcLogAppender (GrpcLogAppender.java:installSnapshot(550)) - omNode-3@group-523986131536->omNode-1-GrpcLogAppender: followerNextIndex = 0 but logStartIndex = 21, notify follower to install snapshot-(t:3, i:21)
2021-10-24 13:00:54,058 [omNode-3@group-523986131536->omNode-1-GrpcLogAppender-LogAppenderDaemon] INFO  server.GrpcLogAppender (GrpcLogAppender.java:installSnapshot(558)) - omNode-3@group-523986131536->omNode-1-GrpcLogAppender: send omNode-3->omNode-1#0-t9,notify:(t:3, i:21)
2021-10-24 13:00:54,064 [grpc-default-executor-7] INFO  server.RaftServer$Division (ServerState.java:setRaftConf(387)) - omNode-2@group-523986131536: set configuration 31: [omNode-3|rpc:localhost:13908|admin:|client:|dataStream:|priority:0, omNode-1|rpc:localhost:13896|admin:|client:|dataStream:|priority:0, omNode-2|rpc:localhost:13902|admin:|client:|dataStream:|priority:0], old=null
2021-10-24 13:00:54,065 [grpc-default-executor-7] INFO  segmented.SegmentedRaftLogWorker (SegmentedRaftLogWorker.java:truncate(410)) - omNode-2@group-523986131536-SegmentedRaftLogWorker: Truncating segments toTruncate: null
  toDelete: [(31, 31) isOpen? true, length=0, newEndIndex=30], start index 31
2021-10-24 13:00:54,066 [grpc-default-executor-7] INFO  segmented.SegmentedRaftLogWorker (SegmentedRaftLogWorker.java:startLogSegment(394)) - omNode-2@group-523986131536-SegmentedRaftLogWorker: Starting segment from index:31
2021-10-24 13:00:54,067 [omNode-2@group-523986131536-SegmentedRaftLogWorker] INFO  segmented.SegmentedRaftLogWorker (SegmentedRaftLogWorker.java:execute(654)) - omNode-2@group-523986131536-SegmentedRaftLogWorker: Deleted log file /home/runner/work/ozone/ozone/hadoop-ozone/integration-test/target/test-dir/MiniOzoneClusterImpl-cd96da87-0819-4dc2-95d7-841b147881f8/omNode-2/ratis/c9bc4cf4-3bc3-3c60-a66b-523986131536/current/log_inprogress_31
2021-10-24 13:00:54,067 [omNode-2@group-523986131536-SegmentedRaftLogWorker] INFO  segmented.SegmentedRaftLogWorker (SegmentedRaftLogWorker.java:lambda$new$0(133)) - omNode-2@group-523986131536-SegmentedRaftLogWorker: flushIndex: setUnconditionally 31 -> 30
2021-10-24 13:00:54,067 [omNode-2@group-523986131536-SegmentedRaftLogWorker] INFO  segmented.SegmentedRaftLogWorker (SegmentedRaftLogWorker.java:lambda$new$0(133)) - omNode-2@group-523986131536-SegmentedRaftLogWorker: safeCacheEvictIndex: setUnconditionally 30 -> 30
2021-10-24 13:00:54,074 [omNode-2@group-523986131536-SegmentedRaftLogWorker] INFO  segmented.SegmentedRaftLogWorker (SegmentedRaftLogWorker.java:execute(601)) - omNode-2@group-523986131536-SegmentedRaftLogWorker: created new log segment /home/runner/work/ozone/ozone/hadoop-ozone/integration-test/target/test-dir/MiniOzoneClusterImpl-cd96da87-0819-4dc2-95d7-841b147881f8/omNode-2/ratis/c9bc4cf4-3bc3-3c60-a66b-523986131536/current/log_inprogress_31
2021-10-24 13:00:54,075 [grpc-default-executor-7] INFO  server.RaftServer$Division (RaftServerImpl.java:installSnapshot(1332)) - omNode-1@group-523986131536: receive installSnapshot: omNode-3->omNode-1#0-t9,notify:(t:3, i:21)
2021-10-24 13:00:54,075 [grpc-default-executor-7] INFO  server.RaftServer$Division (RaftServerImpl.java:notifyStateMachineToInstallSnapshot(1551)) - omNode-1@group-523986131536: Received notification to install snapshot at index 21
2021-10-24 13:00:54,075 [grpc-default-executor-7] INFO  server.RaftServer$Division (RaftServerImpl.java:notifyStateMachineToInstallSnapshot(1559)) - omNode-1@group-523986131536: InstallSnapshot notification result: ALREADY_INSTALLED, current snapshot index: 20
2021-10-24 13:00:54,076 [grpc-default-executor-7] INFO  server.RaftServer$Division (RaftServerImpl.java:installSnapshotImpl(1462)) - omNode-1@group-523986131536: set new configuration index: 31
configurationEntry {
  peers {
    id: "omNode-3"
    address: "localhost:13908"
  }
  peers {
    id: "omNode-1"
    address: "localhost:13896"
  }
  peers {
    id: "omNode-2"
    address: "localhost:13902"
  }
}
 from snapshot
2021-10-24 13:00:54,076 [grpc-default-executor-7] INFO  server.RaftServer$Division (ServerState.java:setRaftConf(387)) - omNode-1@group-523986131536: set configuration 31: [omNode-3|rpc:localhost:13908|admin:|client:|dataStream:|priority:0, omNode-1|rpc:localhost:13896|admin:|client:|dataStream:|priority:0, omNode-2|rpc:localhost:13902|admin:|client:|dataStream:|priority:0], old=null
2021-10-24 13:00:54,076 [grpc-default-executor-7] INFO  ratis.OzoneManagerStateMachine (OzoneManagerStateMachine.java:notifyConfigurationChanged(188)) - Received Configuration change notification from Ratis. New Peer list:
[id: "omNode-3"
address: "localhost:13908"
, id: "omNode-1"
address: "localhost:13896"
, id: "omNode-2"
address: "localhost:13902"
]
2021-10-24 13:00:54,077 [grpc-default-executor-7] INFO  server.RaftServer$Division (RaftServerImpl.java:installSnapshot(1343)) - omNode-1@group-523986131536: reply installSnapshot: omNode-3<-omNode-1#0:FAIL-t9,ALREADY_INSTALLED,snapshotIndex=20
2021-10-24 13:00:54,077 [grpc-default-executor-7] INFO  server.GrpcServerProtocolService (GrpcServerProtocolService.java:onCompleted(140)) - omNode-1: Completed INSTALL_SNAPSHOT, lastRequest: omNode-3->omNode-1#0-t9,notify:(t:3, i:21)
2021-10-24 13:00:54,077 [grpc-default-executor-1] INFO  server.GrpcLogAppender (GrpcLogAppender.java:onNext(410)) - omNode-3@group-523986131536->omNode-1-InstallSnapshotResponseHandler: received the first reply omNode-3<-omNode-1#0:FAIL-t9,ALREADY_INSTALLED,snapshotIndex=20
2021-10-24 13:00:54,077 [grpc-default-executor-1] INFO  server.GrpcLogAppender (GrpcLogAppender.java:onNext(433)) - omNode-3@group-523986131536->omNode-1-InstallSnapshotResponseHandler: Follower snapshot is already at index 20.
2021-10-24 13:00:54,077 [grpc-default-executor-1] INFO  leader.FollowerInfo (FollowerInfoImpl.java:lambda$new$0(47)) - omNode-3@group-523986131536->omNode-1: snapshotIndex: setUnconditionally 0 -> 20
2021-10-24 13:00:54,077 [grpc-default-executor-1] INFO  leader.FollowerInfo (FollowerInfoImpl.java:lambda$new$0(47)) - omNode-3@group-523986131536->omNode-1: matchIndex: setUnconditionally 0 -> 20
2021-10-24 13:00:54,077 [grpc-default-executor-1] INFO  leader.FollowerInfo (FollowerInfoImpl.java:lambda$new$0(47)) - omNode-3@group-523986131536->omNode-1: nextIndex: setUnconditionally 0 -> 21
2021-10-24 13:00:54,077 [grpc-default-executor-1] INFO  leader.FollowerInfo (FollowerInfoImpl.java:setAttemptedToInstallSnapshot(116)) - Follower omNode-3@group-523986131536->omNode-1 acknowledged installing snapshot
2021-10-24 13:00:54,077 [grpc-default-executor-1] INFO  leader.FollowerInfo (FollowerInfoImpl.java:lambda$new$0(47)) - omNode-3@group-523986131536->omNode-1: nextIndex: updateToMax old=21, new=21, updated? false
2021-10-24 13:00:54,079 [omNode-3@group-523986131536-StateMachineUpdater] INFO  ratis.OzoneManagerStateMachine (OzoneManagerStateMachine.java:notifyConfigurationChanged(188)) - Received Configuration change notification from Ratis. New Peer list:
[id: "omNode-3"
address: "localhost:13908"
, id: "omNode-1"
address: "localhost:13896"
, id: "omNode-2"
address: "localhost:13902"
]
2021-10-24 13:00:54,086 [omNode-2@group-523986131536-StateMachineUpdater] INFO  ratis.OzoneManagerStateMachine (OzoneManagerStateMachine.java:notifyConfigurationChanged(188)) - Received Configuration change notification from Ratis. New Peer list:
[id: "omNode-3"
address: "localhost:13908"
, id: "omNode-1"
address: "localhost:13896"
, id: "omNode-2"
address: "localhost:13902"
]
2021-10-24 13:00:54,591 [grpc-default-executor-7] INFO  server.RaftServer$Division (RaftServerImpl.java:checkInconsistentAppendEntries(1322)) - omNode-1@group-523986131536: Failed appendEntries as previous log entry ((t:9, i:32)) is not found
2021-10-24 13:00:54,591 [grpc-default-executor-7] INFO  server.RaftServer$Division (RaftServerImpl.java:checkInconsistentAppendEntries(1288)) - omNode-1@group-523986131536: inconsistency entries. Reply:omNode-3<-omNode-1#53:FAIL-t9,INCONSISTENCY,nextIndex=21,followerCommit=20
2021-10-24 13:00:54,593 [grpc-default-executor-7] INFO  leader.FollowerInfo (FollowerInfoImpl.java:lambda$new$0(47)) - omNode-3@group-523986131536->omNode-1: nextIndex: updateUnconditionally 33 -> 21
2021-10-24 13:00:55,094 [grpc-default-executor-1] INFO  server.RaftServer$Division (RaftServerImpl.java:checkInconsistentAppendEntries(1322)) - omNode-1@group-523986131536: Failed appendEntries as previous log entry ((t:9, i:32)) is not found
2021-10-24 13:00:55,094 [grpc-default-executor-1] INFO  server.RaftServer$Division (RaftServerImpl.java:checkInconsistentAppendEntries(1288)) - omNode-1@group-523986131536: inconsistency entries. Reply:omNode-3<-omNode-1#105:FAIL-t9,INCONSISTENCY,nextIndex=21,followerCommit=20
2021-10-24 13:00:55,094 [grpc-default-executor-1] INFO  leader.FollowerInfo (FollowerInfoImpl.java:lambda$new$0(47)) - omNode-3@group-523986131536->omNode-1: nextIndex: updateUnconditionally 33 -> 21
2021-10-24 13:00:55,595 [grpc-default-executor-1] INFO  server.RaftServer$Division (RaftServerImpl.java:checkInconsistentAppendEntries(1322)) - omNode-1@group-523986131536: Failed appendEntries as previous log entry ((t:9, i:32)) is not found
2021-10-24 13:00:55,596 [grpc-default-executor-1] INFO  server.RaftServer$Division (RaftServerImpl.java:checkInconsistentAppendEntries(1288)) - omNode-1@group-523986131536: inconsistency entries. Reply:omNode-3<-omNode-1#156:FAIL-t9,INCONSISTENCY,nextIndex=21,followerCommit=20
2021-10-24 13:00:55,596 [grpc-default-executor-1] INFO  leader.FollowerInfo (FollowerInfoImpl.java:lambda$new$0(47)) - omNode-3@group-523986131536->omNode-1: nextIndex: updateUnconditionally 33 -> 21
2021-10-24 13:00:55,991 [Time-limited test] INFO  retry.RetryInvocationHandler (RetryInvocationHandler.java:log(411)) - com.google.protobuf.ServiceException: org.apache.hadoop.ipc.RemoteException(org.apache.hadoop.ozone.om.exceptions.OMNotLeaderException): OM:omNode-1 is not the leader. Could not determine the leader node.
	at org.apache.hadoop.ozone.om.ratis.utils.OzoneManagerRatisUtils.createNotLeaderException(OzoneManagerRatisUtils.java:465)
	at org.apache.hadoop.ozone.om.ratis.utils.OzoneManagerRatisUtils.checkLeaderStatus(OzoneManagerRatisUtils.java:451)
	at org.apache.hadoop.ozone.protocolPB.OzoneManagerProtocolServerSideTranslatorPB.checkLeaderStatus(OzoneManagerProtocolServerSideTranslatorPB.java:243)
	at org.apache.hadoop.ozone.protocolPB.OzoneManagerProtocolServerSideTranslatorPB.processRequest(OzoneManagerProtocolServerSideTranslatorPB.java:135)
	at org.apache.hadoop.hdds.server.OzoneProtocolMessageDispatcher.processRequest(OzoneProtocolMessageDispatcher.java:87)
	at org.apache.hadoop.ozone.protocolPB.OzoneManagerProtocolServerSideTranslatorPB.submitRequest(OzoneManagerProtocolServerSideTranslatorPB.java:123)
	at org.apache.hadoop.ozone.protocol.proto.OzoneManagerProtocolProtos$OzoneManagerService$2.callBlockingMethod(OzoneManagerProtocolProtos.java)
	at org.apache.hadoop.ipc.ProtobufRpcEngine$Server.processCall(ProtobufRpcEngine.java:466)
	at org.apache.hadoop.ipc.ProtobufRpcEngine2$Server$ProtoBufRpcInvoker.call(ProtobufRpcEngine2.java:574)
	at org.apache.hadoop.ipc.ProtobufRpcEngine2$Server$ProtoBufRpcInvoker.call(ProtobufRpcEngine2.java:552)
	at org.apache.hadoop.ipc.RPC$Server.call(RPC.java:1093)
	at org.apache.hadoop.ipc.Server$RpcCall.run(Server.java:1035)
	at org.apache.hadoop.ipc.Server$RpcCall.run(Server.java:963)
	at java.security.AccessController.doPrivileged(Native Method)
	at javax.security.auth.Subject.doAs(Subject.java:422)
	at org.apache.hadoop.security.UserGroupInformation.doAs(UserGroupInformation.java:1878)
	at org.apache.hadoop.ipc.Server$Handler.run(Server.java:2966)
, while invoking $Proxy52.submitRequest over nodeId=omNode-1,nodeAddress=127.0.0.1:13892 after 4 failover attempts. Trying to failover immediately.
2021-10-24 13:00:55,993 [Time-limited test] ERROR ha.OMFailoverProxyProvider (OMFailoverProxyProvider.java:getRetryAction(292)) - Failed to connect to OMs: [nodeId=omNode-3,nodeAddress=127.0.0.1:13904, nodeId=omNode-1,nodeAddress=127.0.0.1:13892, nodeId=omNode-2,nodeAddress=127.0.0.1:13898]. Attempted 5 failovers.
2021-10-24 13:00:55,993 [Time-limited test] INFO  om.OzoneManager (OzoneManager.java:stop(1664)) - Stopping Ozone Manager
2021-10-24 13:00:55,993 [Time-limited test] INFO  ipc.Server (Server.java:stop(3414)) - Stopping server on 13904
2021-10-24 13:00:55,996 [IPC Server Responder] INFO  ipc.Server (Server.java:run(1512)) - Stopping IPC Server Responder
2021-10-24 13:00:55,996 [IPC Server listener on 13904] INFO  ipc.Server (Server.java:run(1376)) - Stopping IPC Server listener on 13904
2021-10-24 13:00:55,996 [Time-limited test] INFO  server.RaftServer (RaftServerProxy.java:lambda$close$6(391)) - omNode-3: close
2021-10-24 13:00:55,996 [Time-limited test] INFO  server.RaftServer$Division (RaftServerImpl.java:lambda$close$4(412)) - omNode-3@group-523986131536: shutdown
2021-10-24 13:00:55,997 [Time-limited test] INFO  util.JmxRegister (JmxRegister.java:unregister(73)) - Successfully un-registered JMX Bean with object name Ratis:service=RaftServer,group=group-523986131536,id=omNode-3
2021-10-24 13:00:55,997 [Time-limited test] INFO  impl.RoleInfo (RoleInfo.java:shutdownLeaderState(91)) - omNode-3: shutdown omNode-3@group-523986131536-LeaderStateImpl
2021-10-24 13:00:55,997 [omNode-3@group-523986131536->omNode-2-GrpcLogAppender-LogAppenderDaemon] WARN  server.GrpcLogAppender (GrpcLogAppender.java:mayWait(177)) - omNode-3@group-523986131536->omNode-2-GrpcLogAppender: Wait interrupted by java.lang.InterruptedException
2021-10-24 13:00:55,997 [omNode-3@group-523986131536->omNode-1-GrpcLogAppender-LogAppenderDaemon] WARN  server.GrpcLogAppender (GrpcLogAppender.java:mayWait(177)) - omNode-3@group-523986131536->omNode-1-GrpcLogAppender: Wait interrupted by java.lang.InterruptedException
2021-10-24 13:00:56,001 [Time-limited test] INFO  impl.PendingRequests (PendingRequests.java:sendNotLeaderResponses(282)) - omNode-3@group-523986131536-PendingRequests: sendNotLeaderResponses
2021-10-24 13:00:56,002 [grpc-default-executor-1] INFO  server.GrpcServerProtocolService (GrpcServerProtocolService.java:onCompleted(140)) - omNode-1: Completed APPEND_ENTRIES, lastRequest: omNode-3->omNode-1#157-t9,previous=(t:0, i:0),leaderCommit=12,initializing? false,entries: size=12, first=(t:3, i:21), CONFIGURATIONENTRY
2021-10-24 13:00:56,003 [grpc-default-executor-7] INFO  server.GrpcServerProtocolService (GrpcServerProtocolService.java:onCompleted(140)) - omNode-2: Completed APPEND_ENTRIES, lastRequest: omNode-3->omNode-2#2-t9,previous=(t:9, i:31),leaderCommit=31,initializing? true,entries: size=1, first=(t:9, i:32), METADATAENTRY(c:31)
2021-10-24 13:00:56,004 [Time-limited test] INFO  impl.StateMachineUpdater (StateMachineUpdater.java:stopAndJoin(149)) - omNode-3@group-523986131536-StateMachineUpdater: set stopIndex = 32
2021-10-24 13:00:56,004 [omNode-3@group-523986131536-StateMachineUpdater] INFO  ratis.OzoneManagerStateMachine (OzoneManagerStateMachine.java:takeSnapshot(417)) - Current Snapshot Index (t:9, i:32)
2021-10-24 13:00:56,005 [omNode-3@group-523986131536-StateMachineUpdater] INFO  impl.StateMachineUpdater (StateMachineUpdater.java:takeSnapshot(281)) - omNode-3@group-523986131536-StateMachineUpdater: Took a snapshot at index 32
2021-10-24 13:00:56,005 [omNode-3@group-523986131536-StateMachineUpdater] INFO  impl.StateMachineUpdater (StateMachineUpdater.java:lambda$new$0(89)) - omNode-3@group-523986131536-StateMachineUpdater: snapshotIndex: updateIncreasingly 30 -> 32
2021-10-24 13:00:56,005 [omNode-3@group-523986131536-StateMachineUpdater] INFO  ratis.OzoneManagerStateMachine (OzoneManagerStateMachine.java:close(471)) - StateMachine has shutdown. Shutdown OzoneManager if not already shutdown.
2021-10-24 13:00:56,005 [grpc-default-executor-8] INFO  server.GrpcLogAppender (GrpcLogAppender.java:onCompleted(346)) - omNode-3@group-523986131536->omNode-2-AppendLogResponseHandler: follower responses appendEntries COMPLETED
2021-10-24 13:00:56,005 [grpc-default-executor-8] INFO  leader.FollowerInfo (FollowerInfoImpl.java:lambda$new$0(47)) - omNode-3@group-523986131536->omNode-2: nextIndex: updateUnconditionally 33 -> 32
2021-10-24 13:00:56,005 [Time-limited test] INFO  server.RaftServer$Division (ServerState.java:close(419)) - omNode-3@group-523986131536: closes. applyIndex: 32
2021-10-24 13:00:56,006 [omNode-3@group-523986131536-SegmentedRaftLogWorker] INFO  segmented.SegmentedRaftLogWorker (SegmentedRaftLogWorker.java:run(327)) - omNode-3@group-523986131536-SegmentedRaftLogWorker was interrupted, exiting. There are 0 tasks remaining in the queue.
2021-10-24 13:00:56,006 [grpc-default-executor-9] INFO  server.GrpcLogAppender (GrpcLogAppender.java:onCompleted(346)) - omNode-3@group-523986131536->omNode-1-AppendLogResponseHandler: follower responses appendEntries COMPLETED
2021-10-24 13:00:56,006 [grpc-default-executor-9] INFO  leader.FollowerInfo (FollowerInfoImpl.java:lambda$new$0(47)) - omNode-3@group-523986131536->omNode-1: nextIndex: updateUnconditionally 33 -> 21
2021-10-24 13:00:56,008 [Time-limited test] INFO  segmented.SegmentedRaftLogWorker (SegmentedRaftLogWorker.java:close(237)) - omNode-3@group-523986131536-SegmentedRaftLogWorker close()
2021-10-24 13:00:56,009 [Time-limited test] INFO  server.GrpcService (GrpcService.java:closeImpl(262)) - omNode-3: shutdown server with port 13908 now
2021-10-24 13:00:57,406 [omNode-1@group-523986131536-FollowerState] INFO  impl.FollowerState (FollowerState.java:run(134)) - omNode-1@group-523986131536-FollowerState: change to CANDIDATE, lastRpcElapsedTime:1810411975ns, electionTimeout:1183ms
2021-10-24 13:00:57,406 [omNode-1@group-523986131536-FollowerState] INFO  impl.RoleInfo (RoleInfo.java:shutdownFollowerState(108)) - omNode-1: shutdown omNode-1@group-523986131536-FollowerState
2021-10-24 13:00:57,406 [omNode-1@group-523986131536-FollowerState] INFO  server.RaftServer$Division (RaftServerImpl.java:setRole(290)) - omNode-1@group-523986131536: changes role from  FOLLOWER to CANDIDATE at term 9 for changeToCandidate
2021-10-24 13:00:57,406 [omNode-1@group-523986131536-FollowerState] INFO  server.RaftServerConfigKeys (ConfUtils.java:logGet(44)) - raft.server.leaderelection.pre-vote = false (custom)
2021-10-24 13:00:57,406 [omNode-1@group-523986131536-FollowerState] INFO  impl.RoleInfo (RoleInfo.java:updateAndGet(130)) - omNode-1: start omNode-1@group-523986131536-LeaderElection30
2021-10-24 13:00:57,407 [omNode-1@group-523986131536-LeaderElection30] INFO  server.RaftServer$Division (ServerState.java:setLeader(285)) - omNode-1@group-523986131536: change Leader from omNode-3 to null at term 9 for ELECTION
2021-10-24 13:00:57,409 [omNode-1@group-523986131536-LeaderElection30] INFO  impl.LeaderElection (LeaderElection.java:askForVotes(306)) - omNode-1@group-523986131536-LeaderElection30 ELECTION round 0: submit vote requests at term 10 for 31: [omNode-3|rpc:localhost:13908|admin:|client:|dataStream:|priority:0, omNode-1|rpc:localhost:13896|admin:|client:|dataStream:|priority:0, omNode-2|rpc:localhost:13902|admin:|client:|dataStream:|priority:0], old=null
2021-10-24 13:00:57,413 [grpc-default-executor-1] INFO  server.RaftServer$Division (RaftServerImpl.java:requestVote(1046)) - omNode-2@group-523986131536: receive requestVote(ELECTION, omNode-1, group-523986131536, 10, (t:2, i:20))
2021-10-24 13:00:57,413 [grpc-default-executor-1] INFO  impl.VoteContext (VoteContext.java:log(48)) - omNode-2@group-523986131536-FOLLOWER: reject ELECTION from omNode-1: our last entry (t:9, i:32) > candidate's last entry (t:2, i:20)
2021-10-24 13:00:57,413 [grpc-default-executor-1] INFO  server.RaftServer$Division (ServerState.java:setLeader(285)) - omNode-2@group-523986131536: change Leader from omNode-3 to null at term 10 for updateCurrentTerm
2021-10-24 13:00:57,413 [grpc-default-executor-1] INFO  server.RaftServer$Division (RaftServerImpl.java:setRole(290)) - omNode-2@group-523986131536: changes role from  FOLLOWER to FOLLOWER at term 10 for candidate:omNode-1
2021-10-24 13:00:57,413 [grpc-default-executor-1] INFO  impl.RoleInfo (RoleInfo.java:shutdownFollowerState(108)) - omNode-2: shutdown omNode-2@group-523986131536-FollowerState
2021-10-24 13:00:57,413 [grpc-default-executor-1] INFO  impl.RoleInfo (RoleInfo.java:updateAndGet(130)) - omNode-2: start omNode-2@group-523986131536-FollowerState
2021-10-24 13:00:57,414 [omNode-2@group-523986131536-FollowerState] INFO  impl.FollowerState (FollowerState.java:run(143)) - omNode-2@group-523986131536-FollowerState was interrupted: {}
java.lang.InterruptedException: sleep interrupted
	at java.lang.Thread.sleep(Native Method)
	at java.lang.Thread.sleep(Thread.java:340)
	at java.util.concurrent.TimeUnit.sleep(TimeUnit.java:386)
	at org.apache.ratis.util.TimeDuration.sleep(TimeDuration.java:324)
	at org.apache.ratis.util.TimeDuration.sleep(TimeDuration.java:309)
	at org.apache.ratis.server.impl.FollowerState.run(FollowerState.java:118)
2021-10-24 13:00:57,419 [grpc-default-executor-1] INFO  server.RaftServer$Division (RaftServerImpl.java:requestVote(1078)) - omNode-2@group-523986131536 replies to ELECTION vote request: omNode-1<-omNode-2#0:FAIL-t10. Peer's state: omNode-2@group-523986131536:t10, leader=null, voted=null, raftlog=omNode-2@group-523986131536-SegmentedRaftLog:OPENED:c32, conf=31: [omNode-3|rpc:localhost:13908|admin:|client:|dataStream:|priority:0, omNode-1|rpc:localhost:13896|admin:|client:|dataStream:|priority:0, omNode-2|rpc:localhost:13902|admin:|client:|dataStream:|priority:0], old=null
2021-10-24 13:00:57,420 [omNode-1@group-523986131536-LeaderElection30] INFO  impl.LeaderElection (LogUtils.java:infoOrTrace(137)) - omNode-1@group-523986131536-LeaderElection30 got exception when requesting votes: java.util.concurrent.ExecutionException: org.apache.ratis.thirdparty.io.grpc.StatusRuntimeException: UNAVAILABLE: io exception
2021-10-24 13:00:57,422 [omNode-1@group-523986131536-LeaderElection30] INFO  impl.LeaderElection (LeaderElection.java:logAndReturn(89)) - omNode-1@group-523986131536-LeaderElection30: ELECTION REJECTED received 1 response(s) and 1 exception(s):
2021-10-24 13:00:57,422 [omNode-1@group-523986131536-LeaderElection30] INFO  impl.LeaderElection (LeaderElection.java:logAndReturn(93)) -   Response 0: omNode-1<-omNode-2#0:FAIL-t10
2021-10-24 13:00:57,423 [omNode-1@group-523986131536-LeaderElection30] INFO  impl.LeaderElection (LogUtils.java:infoOrTrace(137)) -   Exception 1: java.util.concurrent.ExecutionException: org.apache.ratis.thirdparty.io.grpc.StatusRuntimeException: UNAVAILABLE: io exception
2021-10-24 13:00:57,423 [omNode-1@group-523986131536-LeaderElection30] INFO  impl.LeaderElection (LeaderElection.java:askForVotes(308)) - omNode-1@group-523986131536-LeaderElection30 ELECTION round 0: result REJECTED
2021-10-24 13:00:57,423 [omNode-1@group-523986131536-LeaderElection30] INFO  server.RaftServer$Division (RaftServerImpl.java:setRole(290)) - omNode-1@group-523986131536: changes role from CANDIDATE to FOLLOWER at term 10 for REJECTED
2021-10-24 13:00:57,423 [omNode-1@group-523986131536-LeaderElection30] INFO  impl.RoleInfo (RoleInfo.java:shutdownLeaderElection(121)) - omNode-1: shutdown omNode-1@group-523986131536-LeaderElection30
2021-10-24 13:00:57,423 [omNode-1@group-523986131536-LeaderElection30] INFO  impl.RoleInfo (RoleInfo.java:updateAndGet(130)) - omNode-1: start omNode-1@group-523986131536-FollowerState
2021-10-24 13:00:58,509 [omNode-1@group-523986131536-FollowerState] INFO  impl.FollowerState (FollowerState.java:run(134)) - omNode-1@group-523986131536-FollowerState: change to CANDIDATE, lastRpcElapsedTime:1086093322ns, electionTimeout:1084ms
2021-10-24 13:00:58,509 [omNode-1@group-523986131536-FollowerState] INFO  impl.RoleInfo (RoleInfo.java:shutdownFollowerState(108)) - omNode-1: shutdown omNode-1@group-523986131536-FollowerState
2021-10-24 13:00:58,509 [omNode-1@group-523986131536-FollowerState] INFO  server.RaftServer$Division (RaftServerImpl.java:setRole(290)) - omNode-1@group-523986131536: changes role from  FOLLOWER to CANDIDATE at term 10 for changeToCandidate
2021-10-24 13:00:58,509 [omNode-1@group-523986131536-FollowerState] INFO  server.RaftServerConfigKeys (ConfUtils.java:logGet(44)) - raft.server.leaderelection.pre-vote = false (custom)
2021-10-24 13:00:58,509 [omNode-1@group-523986131536-FollowerState] INFO  impl.RoleInfo (RoleInfo.java:updateAndGet(130)) - omNode-1: start omNode-1@group-523986131536-LeaderElection31
2021-10-24 13:00:58,513 [omNode-1@group-523986131536-LeaderElection31] INFO  impl.LeaderElection (LeaderElection.java:askForVotes(306)) - omNode-1@group-523986131536-LeaderElection31 ELECTION round 0: submit vote requests at term 11 for 31: [omNode-3|rpc:localhost:13908|admin:|client:|dataStream:|priority:0, omNode-1|rpc:localhost:13896|admin:|client:|dataStream:|priority:0, omNode-2|rpc:localhost:13902|admin:|client:|dataStream:|priority:0], old=null
2021-10-24 13:00:58,516 [grpc-default-executor-1] INFO  server.RaftServer$Division (RaftServerImpl.java:requestVote(1046)) - omNode-2@group-523986131536: receive requestVote(ELECTION, omNode-1, group-523986131536, 11, (t:2, i:20))
2021-10-24 13:00:58,516 [grpc-default-executor-1] INFO  impl.VoteContext (VoteContext.java:log(48)) - omNode-2@group-523986131536-FOLLOWER: reject ELECTION from omNode-1: our last entry (t:9, i:32) > candidate's last entry (t:2, i:20)
2021-10-24 13:00:58,516 [grpc-default-executor-1] INFO  server.RaftServer$Division (RaftServerImpl.java:setRole(290)) - omNode-2@group-523986131536: changes role from  FOLLOWER to FOLLOWER at term 11 for candidate:omNode-1
2021-10-24 13:00:58,516 [grpc-default-executor-1] INFO  impl.RoleInfo (RoleInfo.java:shutdownFollowerState(108)) - omNode-2: shutdown omNode-2@group-523986131536-FollowerState
2021-10-24 13:00:58,516 [grpc-default-executor-1] INFO  impl.RoleInfo (RoleInfo.java:updateAndGet(130)) - omNode-2: start omNode-2@group-523986131536-FollowerState
2021-10-24 13:00:58,516 [omNode-2@group-523986131536-FollowerState] INFO  impl.FollowerState (FollowerState.java:run(143)) - omNode-2@group-523986131536-FollowerState was interrupted: {}
java.lang.InterruptedException: sleep interrupted
	at java.lang.Thread.sleep(Native Method)
	at java.lang.Thread.sleep(Thread.java:340)
	at java.util.concurrent.TimeUnit.sleep(TimeUnit.java:386)
	at org.apache.ratis.util.TimeDuration.sleep(TimeDuration.java:324)
	at org.apache.ratis.util.TimeDuration.sleep(TimeDuration.java:309)
	at org.apache.ratis.server.impl.FollowerState.run(FollowerState.java:118)
2021-10-24 13:00:58,517 [omNode-1@group-523986131536-LeaderElection31] INFO  impl.LeaderElection (LogUtils.java:infoOrTrace(137)) - omNode-1@group-523986131536-LeaderElection31 got exception when requesting votes: java.util.concurrent.ExecutionException: org.apache.ratis.thirdparty.io.grpc.StatusRuntimeException: UNAVAILABLE: io exception
2021-10-24 13:00:58,518 [grpc-default-executor-1] INFO  server.RaftServer$Division (RaftServerImpl.java:requestVote(1078)) - omNode-2@group-523986131536 replies to ELECTION vote request: omNode-1<-omNode-2#0:FAIL-t11. Peer's state: omNode-2@group-523986131536:t11, leader=null, voted=null, raftlog=omNode-2@group-523986131536-SegmentedRaftLog:OPENED:c32, conf=31: [omNode-3|rpc:localhost:13908|admin:|client:|dataStream:|priority:0, omNode-1|rpc:localhost:13896|admin:|client:|dataStream:|priority:0, omNode-2|rpc:localhost:13902|admin:|client:|dataStream:|priority:0], old=null
2021-10-24 13:00:58,519 [omNode-1@group-523986131536-LeaderElection31] INFO  impl.LeaderElection (LeaderElection.java:logAndReturn(89)) - omNode-1@group-523986131536-LeaderElection31: ELECTION REJECTED received 1 response(s) and 1 exception(s):
2021-10-24 13:00:58,519 [omNode-1@group-523986131536-LeaderElection31] INFO  impl.LeaderElection (LeaderElection.java:logAndReturn(93)) -   Response 0: omNode-1<-omNode-2#0:FAIL-t11
2021-10-24 13:00:58,519 [omNode-1@group-523986131536-LeaderElection31] INFO  impl.LeaderElection (LogUtils.java:infoOrTrace(137)) -   Exception 1: java.util.concurrent.ExecutionException: org.apache.ratis.thirdparty.io.grpc.StatusRuntimeException: UNAVAILABLE: io exception
2021-10-24 13:00:58,519 [omNode-1@group-523986131536-LeaderElection31] INFO  impl.LeaderElection (LeaderElection.java:askForVotes(308)) - omNode-1@group-523986131536-LeaderElection31 ELECTION round 0: result REJECTED
2021-10-24 13:00:58,519 [omNode-1@group-523986131536-LeaderElection31] INFO  server.RaftServer$Division (RaftServerImpl.java:setRole(290)) - omNode-1@group-523986131536: changes role from CANDIDATE to FOLLOWER at term 11 for REJECTED
2021-10-24 13:00:58,519 [omNode-1@group-523986131536-LeaderElection31] INFO  impl.RoleInfo (RoleInfo.java:shutdownLeaderElection(121)) - omNode-1: shutdown omNode-1@group-523986131536-LeaderElection31
2021-10-24 13:00:58,519 [omNode-1@group-523986131536-LeaderElection31] INFO  impl.RoleInfo (RoleInfo.java:updateAndGet(130)) - omNode-1: start omNode-1@group-523986131536-FollowerState
2021-10-24 13:00:59,010 [Time-limited test] WARN  grpc.GrpcUtil (GrpcUtil.java:shutdownManagedChannel(216)) - Timed out gracefully shutting down connection: ManagedChannelOrphanWrapper{delegate=ManagedChannelImpl{logId=406, target=localhost:13896}}. 
2021-10-24 13:00:59,010 [grpc-default-executor-1] INFO  server.GrpcLogAppender (GrpcLogAppender.java:onError(335)) - omNode-3@group-523986131536->omNode-1-GrpcLogAppender is stopped
2021-10-24 13:00:59,012 [grpc-default-executor-9] WARN  server.GrpcServerProtocolService (LogUtils.java:warn(122)) - omNode-1: installSnapshot onError, lastRequest: null: org.apache.ratis.thirdparty.io.grpc.StatusRuntimeException: CANCELLED: client cancelled
2021-10-24 13:00:59,013 [Time-limited test] INFO  server.GrpcService (GrpcService.java:closeImpl(271)) - omNode-3: shutdown server with port 13908 successfully
2021-10-24 13:00:59,013 [org.apache.ratis.util.JvmPauseMonitor$$Lambda$523/122473104@76717bae] INFO  util.JvmPauseMonitor (JvmPauseMonitor.java:run(109)) - JvmPauseMonitor-omNode-3: Stopped
2021-10-24 13:00:59,013 [Time-limited test] INFO  ratis.OzoneManagerDoubleBuffer (OzoneManagerDoubleBuffer.java:stop(437)) - Stopping OMDoubleBuffer flush thread
2021-10-24 13:00:59,014 [OMDoubleBufferFlushThread] INFO  ratis.OzoneManagerDoubleBuffer (OzoneManagerDoubleBuffer.java:flushTransactions(356)) - OMDoubleBuffer flush thread OMDoubleBufferFlushThread is interrupted and will exit. OMDoubleBufferFlushThread
2021-10-24 13:00:59,014 [Time-limited test] INFO  handler.ContextHandler (ContextHandler.java:doStop(1153)) - Stopped o.e.j.w.WebAppContext@1cff3f1e{ozoneManager,/,null,STOPPED}{file:/home/runner/work/ozone/ozone/hadoop-ozone/integration-test/target/test-classes/webapps/ozoneManager}
2021-10-24 13:00:59,015 [Time-limited test] INFO  server.AbstractConnector (AbstractConnector.java:doStop(381)) - Stopped ServerConnector@63722676{HTTP/1.1, (http/1.1)}{0.0.0.0:13906}
2021-10-24 13:00:59,015 [Time-limited test] INFO  server.session (HouseKeeper.java:stopScavenging(149)) - node0 Stopped scavenging
2021-10-24 13:00:59,015 [Time-limited test] INFO  handler.ContextHandler (ContextHandler.java:doStop(1153)) - Stopped o.e.j.s.ServletContextHandler@4838c6ac{static,/static,file:///home/runner/work/ozone/ozone/hadoop-ozone/integration-test/target/test-classes/webapps/static,STOPPED}
2021-10-24 13:00:59,015 [Time-limited test] INFO  handler.ContextHandler (ContextHandler.java:doStop(1153)) - Stopped o.e.j.s.ServletContextHandler@387c384b{logs,/logs,file:///home/runner/work/ozone/ozone/hadoop-ozone/integration-test/target/log,STOPPED}
2021-10-24 13:00:59,018 [Time-limited test] INFO  om.OzoneManager (OzoneManager.java:initFSOLayout(4357)) - Configured ozone.om.metadata.layout=SIMPLE and disabled optimized OM FS operations
2021-10-24 13:00:59,018 [Time-limited test] INFO  om.OzoneManager (OzoneManager.java:restart(1385)) - OzoneManager RPC server is listening at localhost/127.0.0.1:13904
2021-10-24 13:00:59,018 [Time-limited test] INFO  impl.MetricsSystemImpl (MetricsSystemImpl.java:init(158)) - OzoneManager metrics system started (again)
2021-10-24 13:00:59,031 [Time-limited test] WARN  server.ServerUtils (ServerUtils.java:getDBPath(225)) - ozone.om.db.dirs is not configured. We recommend adding this setting. Falling back to ozone.metadata.dirs instead.
2021-10-24 13:00:59,032 [Time-limited test] INFO  codec.OmKeyInfoCodec (OmKeyInfoCodec.java:<init>(51)) - OmKeyInfoCodec ignorePipeline = true
2021-10-24 13:00:59,032 [Time-limited test] INFO  codec.RepeatedOmKeyInfoCodec (RepeatedOmKeyInfoCodec.java:<init>(42)) - RepeatedOmKeyInfoCodec ignorePipeline = true
2021-10-24 13:00:59,084 [Time-limited test] WARN  impl.MetricRegistriesImpl (MetricRegistriesImpl.java:addReporterRegistration(111)) - New reporters are added after registries were created. Some metrics will be missing from the reporter. Please add reporter before adding any new registry.
2021-10-24 13:00:59,084 [Time-limited test] WARN  impl.MetricRegistriesImpl (MetricRegistriesImpl.java:addReporterRegistration(111)) - New reporters are added after registries were created. Some metrics will be missing from the reporter. Please add reporter before adding any new registry.
2021-10-24 13:00:59,084 [Time-limited test] WARN  server.ServerUtils (ServerUtils.java:getDefaultRatisDirectory(237)) - Storage directory for Ratis is not configured. It is a good idea to map this to an SSD disk. Falling back to ozone.metadata.dirs
2021-10-24 13:00:59,086 [Time-limited test] INFO  ratis.OzoneManagerRatisServer (OzoneManagerRatisServer.java:<init>(159)) - Instantiating OM Ratis server with groupID: om-service-test1 and peers: localhost:13908, localhost:13896, localhost:13902
2021-10-24 13:00:59,086 [Time-limited test] INFO  ratis.OzoneManagerStateMachine (OzoneManagerStateMachine.java:loadSnapshotInfoFromDB(605)) - LastAppliedIndex is set from TransactionInfo from OM DB as (t:9, i:32)
2021-10-24 13:00:59,087 [Time-limited test] INFO  server.RaftServer (ConfUtils.java:logGet(44)) - raft.rpc.type = GRPC (default)
2021-10-24 13:00:59,087 [Time-limited test] INFO  grpc.GrpcFactory (GrpcFactory.java:checkPooledByteBufAllocatorUseCacheForAllThreads(48)) - PERFORMANCE WARNING: useCacheForAllThreads is true that may cause Netty to create a lot garbage objects and, as a result, trigger GC.
	It is recommended to disable useCacheForAllThreads by setting -Dorg.apache.ratis.thirdparty.io.netty.allocator.useCacheForAllThreads=false in command line.
2021-10-24 13:00:59,087 [Time-limited test] INFO  grpc.GrpcConfigKeys (ConfUtils.java:logGet(44)) - raft.grpc.admin.port = -1 (default)
2021-10-24 13:00:59,087 [Time-limited test] INFO  grpc.GrpcConfigKeys (ConfUtils.java:logGet(44)) - raft.grpc.server.port = 13908 (custom)
2021-10-24 13:00:59,087 [Time-limited test] INFO  grpc.GrpcConfigKeys (ConfUtils.java:logGet(44)) - raft.grpc.client.port = -1 (default)
2021-10-24 13:00:59,088 [Time-limited test] INFO  grpc.GrpcConfigKeys (ConfUtils.java:logGet(44)) - raft.grpc.server.port = 13908 (custom)
2021-10-24 13:00:59,088 [Time-limited test] INFO  grpc.GrpcConfigKeys (ConfUtils.java:logGet(44)) - raft.grpc.server.port = 13908 (custom)
2021-10-24 13:00:59,088 [Time-limited test] INFO  server.GrpcService (ConfUtils.java:logGet(44)) - raft.grpc.message.size.max = 33554432 (custom)
2021-10-24 13:00:59,088 [Time-limited test] INFO  server.RaftServerConfigKeys (ConfUtils.java:logGet(44)) - raft.server.log.appender.buffer.byte-limit = 33554432 (custom)
2021-10-24 13:00:59,088 [Time-limited test] INFO  server.GrpcService (ConfUtils.java:logGet(44)) - raft.grpc.flow.control.window = 1MB (=1048576) (default)
2021-10-24 13:00:59,088 [Time-limited test] INFO  server.RaftServerConfigKeys (ConfUtils.java:logGet(44)) - raft.server.rpc.request.timeout = 3000ms (default)
2021-10-24 13:00:59,089 [Time-limited test] INFO  impl.DataStreamServerImpl (ConfUtils.java:logGet(44)) - raft.datastream.type = DISABLED (default)
2021-10-24 13:00:59,090 [Time-limited test] INFO  server.RaftServerConfigKeys (ConfUtils.java:logGet(44)) - raft.server.rpc.slowness.timeout = 2s (custom)
2021-10-24 13:00:59,090 [Time-limited test] INFO  server.RaftServerConfigKeys (ConfUtils.java:logGet(44)) - raft.server.leaderelection.leader.step-down.wait-time = 10s (default)
2021-10-24 13:00:59,090 [Time-limited test] INFO  server.RaftServerConfigKeys (ConfUtils.java:logGet(44)) - raft.server.storage.dir = [/home/runner/work/ozone/ozone/hadoop-ozone/integration-test/target/test-dir/MiniOzoneClusterImpl-cd96da87-0819-4dc2-95d7-841b147881f8/omNode-3/ratis] (custom)
2021-10-24 13:00:59,090 [Time-limited test] INFO  server.RaftServer (RaftServerProxy.java:lambda$null$1(235)) - omNode-3: found a subdirectory /home/runner/work/ozone/ozone/hadoop-ozone/integration-test/target/test-dir/MiniOzoneClusterImpl-cd96da87-0819-4dc2-95d7-841b147881f8/omNode-3/ratis/c9bc4cf4-3bc3-3c60-a66b-523986131536
2021-10-24 13:00:59,092 [Time-limited test] INFO  server.RaftServer (RaftServerProxy.java:addNew(95)) - omNode-3: addNew group-523986131536:[omNode-3|rpc:localhost:13908|priority:0, omNode-1|rpc:localhost:13896|priority:0, omNode-2|rpc:localhost:13902|priority:0] returns group-523986131536:java.util.concurrent.CompletableFuture@203c06bf[Not completed]
2021-10-24 13:00:59,092 [Time-limited test] INFO  om.OzoneManager (OzoneManager.java:initializeRatisServer(1605)) - OzoneManager Ratis server initialized at port 13908
2021-10-24 13:00:59,092 [pool-351-thread-1] INFO  server.RaftServer$Division (RaftServerImpl.java:<init>(184)) - omNode-3: new RaftServerImpl for group-523986131536:[omNode-3|rpc:localhost:13908|priority:0, omNode-1|rpc:localhost:13896|priority:0, omNode-2|rpc:localhost:13902|priority:0] with OzoneManagerStateMachine:uninitialized
2021-10-24 13:00:59,092 [Time-limited test] INFO  ratis.OzoneManagerRatisServer (OzoneManagerRatisServer.java:start(520)) - Starting OzoneManagerRatisServer omNode-3 at port 13908
2021-10-24 13:00:59,093 [pool-351-thread-1] INFO  server.RaftServerConfigKeys (ConfUtils.java:logGet(44)) - raft.server.rpc.timeout.min = 1s (custom)
2021-10-24 13:00:59,093 [pool-351-thread-1] INFO  server.RaftServerConfigKeys (ConfUtils.java:logGet(44)) - raft.server.rpc.timeout.max = 1200ms (custom)
2021-10-24 13:00:59,093 [pool-351-thread-1] INFO  server.RaftServerConfigKeys (ConfUtils.java:logGet(44)) - raft.server.rpc.sleep.time = 25ms (default)
2021-10-24 13:00:59,093 [pool-351-thread-1] INFO  server.RaftServerConfigKeys (ConfUtils.java:logGet(44)) - raft.server.rpc.slowness.timeout = 2s (custom)
2021-10-24 13:00:59,093 [pool-351-thread-1] INFO  server.RaftServerConfigKeys (ConfUtils.java:logGet(44)) - raft.server.leaderelection.leader.step-down.wait-time = 10s (default)
2021-10-24 13:00:59,093 [pool-351-thread-1] INFO  server.RaftServerConfigKeys (ConfUtils.java:logGet(44)) - raft.server.sleep.deviation.threshold = 300ms (default)
2021-10-24 13:00:59,093 [pool-351-thread-1] INFO  server.RaftServerConfigKeys (ConfUtils.java:logGet(44)) - raft.server.log.appender.install.snapshot.enabled = false (custom)
2021-10-24 13:00:59,094 [pool-351-thread-1] INFO  server.RaftServer$Division (ServerState.java:<init>(105)) - omNode-3@group-523986131536: ConfigurationManager, init=-1: [omNode-3|rpc:localhost:13908|priority:0, omNode-1|rpc:localhost:13896|priority:0, omNode-2|rpc:localhost:13902|priority:0], old=null, confs=<EMPTY_MAP>
2021-10-24 13:00:59,094 [pool-351-thread-1] INFO  server.RaftServerConfigKeys (ConfUtils.java:logGet(44)) - raft.server.storage.dir = [/home/runner/work/ozone/ozone/hadoop-ozone/integration-test/target/test-dir/MiniOzoneClusterImpl-cd96da87-0819-4dc2-95d7-841b147881f8/omNode-3/ratis] (custom)
2021-10-24 13:00:59,094 [pool-351-thread-1] INFO  server.RaftServerConfigKeys (ConfUtils.java:logGet(44)) - raft.server.log.corruption.policy = EXCEPTION (default)
2021-10-24 13:00:59,094 [pool-351-thread-1] INFO  server.RaftServerConfigKeys (ConfUtils.java:logGet(44)) - raft.server.storage.free-space.min = 0MB (=0) (default)
2021-10-24 13:00:59,095 [pool-351-thread-1] INFO  storage.RaftStorageDirectory (RaftStorageDirectoryImpl.java:tryLock(230)) - Lock on /home/runner/work/ozone/ozone/hadoop-ozone/integration-test/target/test-dir/MiniOzoneClusterImpl-cd96da87-0819-4dc2-95d7-841b147881f8/omNode-3/ratis/c9bc4cf4-3bc3-3c60-a66b-523986131536/in_use.lock acquired by nodename 13972@fv-az50-989
2021-10-24 13:00:59,095 [pool-351-thread-1] INFO  storage.RaftStorage (RaftStorageImpl.java:analyzeAndRecoverStorage(110)) - Read RaftStorageMetadata{term=9, votedFor=omNode-3} from /home/runner/work/ozone/ozone/hadoop-ozone/integration-test/target/test-dir/MiniOzoneClusterImpl-cd96da87-0819-4dc2-95d7-841b147881f8/omNode-3/ratis/c9bc4cf4-3bc3-3c60-a66b-523986131536/current/raft-meta
2021-10-24 13:00:59,095 [pool-351-thread-1] INFO  server.RaftServer$Division (ServerState.java:setRaftConf(387)) - omNode-3@group-523986131536: set configuration 31: [omNode-3|rpc:localhost:13908|admin:|client:|dataStream:|priority:0, omNode-1|rpc:localhost:13896|admin:|client:|dataStream:|priority:0, omNode-2|rpc:localhost:13902|admin:|client:|dataStream:|priority:0], old=null
2021-10-24 13:00:59,096 [pool-351-thread-1] INFO  server.RaftServerConfigKeys (ConfUtils.java:logGet(44)) - raft.server.notification.no-leader.timeout = 2s (custom)
2021-10-24 13:00:59,096 [pool-351-thread-1] INFO  server.RaftServerConfigKeys (ConfUtils.java:logGet(44)) - raft.server.log.use.memory = false (default)
2021-10-24 13:00:59,096 [pool-351-thread-1] INFO  server.RaftServerConfigKeys (ConfUtils.java:logGet(44)) - raft.server.log.purge.gap = 50 (custom)
2021-10-24 13:00:59,096 [pool-351-thread-1] INFO  server.RaftServerConfigKeys (ConfUtils.java:logGet(44)) - raft.server.log.appender.buffer.byte-limit = 33554432 (custom)
2021-10-24 13:00:59,096 [pool-351-thread-1] INFO  server.RaftServerConfigKeys (ConfUtils.java:logGet(44)) - raft.server.log.segment.size.max = 4194304 (custom)
2021-10-24 13:00:59,096 [pool-351-thread-1] INFO  server.RaftServerConfigKeys (ConfUtils.java:logGet(44)) - raft.server.log.segment.cache.num.max = 2 (custom)
2021-10-24 13:00:59,096 [pool-351-thread-1] INFO  server.RaftServerConfigKeys (ConfUtils.java:logGet(44)) - raft.server.log.segment.cache.size.max = 200MB (=209715200) (default)
2021-10-24 13:00:59,096 [pool-351-thread-1] INFO  segmented.SegmentedRaftLogWorker (SegmentedRaftLogWorker.java:<init>(182)) - new omNode-3@group-523986131536-SegmentedRaftLogWorker for RaftStorageImpl:Storage Directory /home/runner/work/ozone/ozone/hadoop-ozone/integration-test/target/test-dir/MiniOzoneClusterImpl-cd96da87-0819-4dc2-95d7-841b147881f8/omNode-3/ratis/c9bc4cf4-3bc3-3c60-a66b-523986131536
2021-10-24 13:00:59,096 [pool-351-thread-1] INFO  server.RaftServerConfigKeys (ConfUtils.java:logGet(44)) - raft.server.log.queue.byte-limit = 64MB (=67108864) (default)
2021-10-24 13:00:59,096 [pool-351-thread-1] INFO  server.RaftServerConfigKeys (ConfUtils.java:logGet(44)) - raft.server.log.queue.element-limit = 4096 (default)
2021-10-24 13:00:59,097 [pool-351-thread-1] INFO  server.RaftServerConfigKeys (ConfUtils.java:logGet(44)) - raft.server.log.segment.size.max = 4194304 (custom)
2021-10-24 13:00:59,097 [pool-351-thread-1] INFO  server.RaftServerConfigKeys (ConfUtils.java:logGet(44)) - raft.server.log.preallocated.size = 4194304 (custom)
2021-10-24 13:00:59,097 [pool-351-thread-1] INFO  server.RaftServerConfigKeys (ConfUtils.java:logGet(44)) - raft.server.log.force.sync.num = 128 (default)
2021-10-24 13:00:59,097 [pool-351-thread-1] INFO  server.RaftServerConfigKeys (ConfUtils.java:logGet(44)) - raft.server.log.statemachine.data.sync = true (default)
2021-10-24 13:00:59,097 [pool-351-thread-1] INFO  server.RaftServerConfigKeys (ConfUtils.java:logGet(44)) - raft.server.log.statemachine.data.sync.timeout = 10s (default)
2021-10-24 13:00:59,097 [pool-351-thread-1] INFO  server.RaftServerConfigKeys (ConfUtils.java:logGet(44)) - raft.server.log.statemachine.data.sync.timeout.retry = -1 (default)
2021-10-24 13:00:59,097 [pool-351-thread-1] INFO  server.RaftServerConfigKeys (ConfUtils.java:logGet(44)) - raft.server.log.write.buffer.size = 64KB (=65536) (default)
2021-10-24 13:00:59,098 [pool-351-thread-1] INFO  server.RaftServerConfigKeys (ConfUtils.java:logGet(44)) - raft.server.log.statemachine.data.caching.enabled = false (default)
2021-10-24 13:00:59,099 [pool-351-thread-1] INFO  server.RaftServer$Division (ServerState.java:setRaftConf(387)) - omNode-3@group-523986131536: set configuration 21: [omNode-3|rpc:localhost:13908|admin:|client:|dataStream:|priority:0, omNode-1|rpc:localhost:13896|admin:|client:|dataStream:|priority:0, omNode-2|rpc:localhost:13902|admin:|client:|dataStream:|priority:0], old=null
2021-10-24 13:00:59,099 [pool-351-thread-1] INFO  segmented.LogSegment (LogSegment.java:loadSegment(173)) - Successfully read 2 entries from segment file /home/runner/work/ozone/ozone/hadoop-ozone/integration-test/target/test-dir/MiniOzoneClusterImpl-cd96da87-0819-4dc2-95d7-841b147881f8/omNode-3/ratis/c9bc4cf4-3bc3-3c60-a66b-523986131536/current/log_21-22
2021-10-24 13:00:59,099 [pool-351-thread-1] INFO  server.RaftServer$Division (ServerState.java:setRaftConf(387)) - omNode-3@group-523986131536: set configuration 23: [omNode-3|rpc:localhost:13908|admin:|client:|dataStream:|priority:0, omNode-1|rpc:localhost:13896|admin:|client:|dataStream:|priority:0, omNode-2|rpc:localhost:13902|admin:|client:|dataStream:|priority:0], old=null
2021-10-24 13:00:59,100 [pool-351-thread-1] INFO  segmented.LogSegment (LogSegment.java:loadSegment(173)) - Successfully read 4 entries from segment file /home/runner/work/ozone/ozone/hadoop-ozone/integration-test/target/test-dir/MiniOzoneClusterImpl-cd96da87-0819-4dc2-95d7-841b147881f8/omNode-3/ratis/c9bc4cf4-3bc3-3c60-a66b-523986131536/current/log_23-26
2021-10-24 13:00:59,100 [pool-351-thread-1] INFO  server.RaftServer$Division (ServerState.java:setRaftConf(387)) - omNode-3@group-523986131536: set configuration 27: [omNode-3|rpc:localhost:13908|admin:|client:|dataStream:|priority:0, omNode-1|rpc:localhost:13896|admin:|client:|dataStream:|priority:0, omNode-2|rpc:localhost:13902|admin:|client:|dataStream:|priority:0], old=null
2021-10-24 13:00:59,100 [pool-351-thread-1] INFO  segmented.LogSegment (LogSegment.java:loadSegment(173)) - Successfully read 4 entries from segment file /home/runner/work/ozone/ozone/hadoop-ozone/integration-test/target/test-dir/MiniOzoneClusterImpl-cd96da87-0819-4dc2-95d7-841b147881f8/omNode-3/ratis/c9bc4cf4-3bc3-3c60-a66b-523986131536/current/log_27-30
2021-10-24 13:00:59,100 [pool-351-thread-1] INFO  server.RaftServer$Division (ServerState.java:setRaftConf(387)) - omNode-3@group-523986131536: set configuration 31: [omNode-3|rpc:localhost:13908|admin:|client:|dataStream:|priority:0, omNode-1|rpc:localhost:13896|admin:|client:|dataStream:|priority:0, omNode-2|rpc:localhost:13902|admin:|client:|dataStream:|priority:0], old=null
2021-10-24 13:00:59,100 [pool-351-thread-1] INFO  segmented.LogSegment (LogSegment.java:loadSegment(173)) - Successfully read 2 entries from segment file /home/runner/work/ozone/ozone/hadoop-ozone/integration-test/target/test-dir/MiniOzoneClusterImpl-cd96da87-0819-4dc2-95d7-841b147881f8/omNode-3/ratis/c9bc4cf4-3bc3-3c60-a66b-523986131536/current/log_inprogress_31
2021-10-24 13:00:59,100 [pool-351-thread-1] INFO  segmented.SegmentedRaftLogWorker (SegmentedRaftLogWorker.java:lambda$new$0(133)) - omNode-3@group-523986131536-SegmentedRaftLogWorker: flushIndex: setUnconditionally 0 -> 32
2021-10-24 13:00:59,100 [pool-351-thread-1] INFO  segmented.SegmentedRaftLogWorker (SegmentedRaftLogWorker.java:lambda$new$0(133)) - omNode-3@group-523986131536-SegmentedRaftLogWorker: safeCacheEvictIndex: setUnconditionally 0 -> 30
2021-10-24 13:00:59,101 [pool-351-thread-1] INFO  raftlog.RaftLog (RaftLogBase.java:lambda$new$0(53)) - omNode-3@group-523986131536-SegmentedRaftLog: commitIndex: updateToMax old=32, new=31, updated? false
2021-10-24 13:00:59,101 [pool-351-thread-1] INFO  raftlog.RaftLog (RaftLogBase.java:lambda$new$0(53)) - omNode-3@group-523986131536-SegmentedRaftLog: purgeIndex: updateIncreasingly -1 -> 20
2021-10-24 13:00:59,101 [pool-351-thread-1] INFO  server.RaftServerConfigKeys (ConfUtils.java:logGet(44)) - raft.server.snapshot.auto.trigger.enabled = true (custom)
2021-10-24 13:00:59,101 [pool-351-thread-1] INFO  server.RaftServerConfigKeys (ConfUtils.java:logGet(44)) - raft.server.snapshot.auto.trigger.threshold = 50 (custom)
2021-10-24 13:00:59,101 [pool-351-thread-1] INFO  server.RaftServerConfigKeys (ConfUtils.java:logGet(44)) - raft.server.snapshot.retention.file.num = -1 (default)
2021-10-24 13:00:59,101 [pool-351-thread-1] INFO  server.RaftServerConfigKeys (ConfUtils.java:logGet(44)) - raft.server.log.purge.upto.snapshot.index = true (custom)
2021-10-24 13:00:59,101 [pool-351-thread-1] INFO  server.RaftServerConfigKeys (ConfUtils.java:logGet(44)) - raft.server.retrycache.expirytime = 30000ms (custom)
2021-10-24 13:00:59,101 [pool-351-thread-1] INFO  server.RaftServerConfigKeys (ConfUtils.java:logGet(44)) - raft.server.retrycache.statistics.expirytime = 100μs (default)
2021-10-24 13:00:59,102 [Time-limited test] INFO  server.RaftServer$Division (RaftServerImpl.java:start(301)) - omNode-3@group-523986131536: start as a follower, conf=31: [omNode-3|rpc:localhost:13908|admin:|client:|dataStream:|priority:0, omNode-1|rpc:localhost:13896|admin:|client:|dataStream:|priority:0, omNode-2|rpc:localhost:13902|admin:|client:|dataStream:|priority:0], old=null
2021-10-24 13:00:59,102 [Time-limited test] INFO  server.RaftServer$Division (RaftServerImpl.java:setRole(290)) - omNode-3@group-523986131536: changes role from      null to FOLLOWER at term 9 for startAsFollower
2021-10-24 13:00:59,102 [Time-limited test] INFO  impl.RoleInfo (RoleInfo.java:updateAndGet(130)) - omNode-3: start omNode-3@group-523986131536-FollowerState
2021-10-24 13:00:59,102 [Time-limited test] INFO  util.JmxRegister (JmxRegister.java:tryRegister(44)) - Successfully registered JMX Bean with object name Ratis:service=RaftServer,group=group-523986131536,id=omNode-3
2021-10-24 13:00:59,103 [Time-limited test] INFO  server.RaftServer (RaftServerProxy.java:lambda$start$5(374)) - omNode-3: start RPC server
2021-10-24 13:00:59,103 [Time-limited test] INFO  server.GrpcService (GrpcService.java:startImpl(253)) - omNode-3: GrpcService started, listening on 13908
2021-10-24 13:00:59,104 [org.apache.ratis.util.JvmPauseMonitor$$Lambda$523/122473104@e58cbab] INFO  util.JvmPauseMonitor (JvmPauseMonitor.java:run(103)) - JvmPauseMonitor-omNode-3: Started
2021-10-24 13:00:59,104 [Time-limited test] INFO  ipc.CallQueueManager (CallQueueManager.java:<init>(90)) - Using callQueue: class java.util.concurrent.LinkedBlockingQueue, queueCapacity: 2000, scheduler: class org.apache.hadoop.ipc.DefaultRpcScheduler, ipcBackoff: false.
2021-10-24 13:00:59,105 [Socket Reader #1 for port 13904] INFO  ipc.Server (Server.java:run(1265)) - Starting Socket Reader #1 for port 13904
2021-10-24 13:00:59,109 [Listener at localhost/13904] INFO  http.BaseHttpServer (BaseHttpServer.java:newHttpServer2BuilderForOzone(209)) - Starting Web-server for ozoneManager at: http://0.0.0.0:13906
2021-10-24 13:00:59,109 [Listener at localhost/13904] INFO  http.BaseHttpServer (BaseHttpServer.java:<init>(107)) - Hadoop Security Enabled: false Ozone Security Enabled: false Ozone HTTP Security Enabled: false 
2021-10-24 13:00:59,110 [Listener at localhost/13904] INFO  server.AuthenticationFilter (AuthenticationFilter.java:constructSecretProvider(240)) - Unable to initialize FileSignerSecretProvider, falling back to use random secrets.
2021-10-24 13:00:59,110 [Listener at localhost/13904] WARN  http.HttpRequestLog (HttpRequestLog.java:getRequestLog(103)) - Jetty request log can only be enabled using Log4j
2021-10-24 13:00:59,111 [Listener at localhost/13904] INFO  http.HttpServer2 (HttpServer2.java:addGlobalFilter(1030)) - Added global filter 'safety' (class=org.apache.hadoop.hdds.server.http.HttpServer2$QuotingInputFilter)
2021-10-24 13:00:59,112 [Listener at localhost/13904] INFO  http.HttpServer2 (HttpServer2.java:addFilter(1006)) - Added filter static_user_filter (class=org.apache.hadoop.http.lib.StaticUserWebFilter$StaticUserFilter) to context ozoneManager
2021-10-24 13:00:59,112 [Listener at localhost/13904] INFO  http.HttpServer2 (HttpServer2.java:addFilter(1014)) - Added filter static_user_filter (class=org.apache.hadoop.http.lib.StaticUserWebFilter$StaticUserFilter) to context logs
2021-10-24 13:00:59,112 [Listener at localhost/13904] INFO  http.HttpServer2 (HttpServer2.java:addFilter(1014)) - Added filter static_user_filter (class=org.apache.hadoop.http.lib.StaticUserWebFilter$StaticUserFilter) to context static
2021-10-24 13:00:59,112 [Listener at localhost/13904] INFO  http.HttpServer2 (HttpServer2.java:bindListener(1249)) - Jetty bound to port 13906
2021-10-24 13:00:59,112 [Listener at localhost/13904] INFO  server.Server (Server.java:doStart(375)) - jetty-9.4.43.v20210629; built: 2021-06-30T11:07:22.254Z; git: 526006ecfa3af7f1a27ef3a288e2bef7ea9dd7e8; jvm 1.8.0_292-b10
2021-10-24 13:00:59,114 [Listener at localhost/13904] INFO  server.session (DefaultSessionIdManager.java:doStart(334)) - DefaultSessionIdManager workerName=node0
2021-10-24 13:00:59,114 [Listener at localhost/13904] INFO  server.session (DefaultSessionIdManager.java:doStart(339)) - No SessionScavenger set, using defaults
2021-10-24 13:00:59,114 [Listener at localhost/13904] INFO  server.session (HouseKeeper.java:startScavenging(132)) - node0 Scavenging every 660000ms
2021-10-24 13:00:59,114 [Listener at localhost/13904] INFO  handler.ContextHandler (ContextHandler.java:doStart(915)) - Started o.e.j.s.ServletContextHandler@b8640db{logs,/logs,file:///home/runner/work/ozone/ozone/hadoop-ozone/integration-test/target/log,AVAILABLE}
2021-10-24 13:00:59,115 [Listener at localhost/13904] INFO  handler.ContextHandler (ContextHandler.java:doStart(915)) - Started o.e.j.s.ServletContextHandler@40e15d0{static,/static,file:///home/runner/work/ozone/ozone/hadoop-ozone/integration-test/target/test-classes/webapps/static,AVAILABLE}
2021-10-24 13:00:59,118 [Listener at localhost/13904] INFO  handler.ContextHandler (ContextHandler.java:doStart(915)) - Started o.e.j.w.WebAppContext@1be3dc80{ozoneManager,/,file:///home/runner/work/ozone/ozone/hadoop-ozone/integration-test/target/test-classes/webapps/ozoneManager/,AVAILABLE}{file:/home/runner/work/ozone/ozone/hadoop-ozone/integration-test/target/test-classes/webapps/ozoneManager}
2021-10-24 13:00:59,119 [Listener at localhost/13904] INFO  server.AbstractConnector (AbstractConnector.java:doStart(331)) - Started ServerConnector@632fdda{HTTP/1.1, (http/1.1)}{0.0.0.0:13906}
2021-10-24 13:00:59,119 [Listener at localhost/13904] INFO  server.Server (Server.java:doStart(415)) - Started @295888ms
2021-10-24 13:00:59,119 [Listener at localhost/13904] WARN  impl.MetricsSystemImpl (MetricsSystemImpl.java:register(279)) - Sink prometheus already exists!
2021-10-24 13:00:59,119 [Listener at localhost/13904] INFO  http.BaseHttpServer (BaseHttpServer.java:updateConnectorAddress(329)) - HTTP server of ozoneManager listening at http://0.0.0.0:13906
2021-10-24 13:00:59,120 [IPC Server Responder] INFO  ipc.Server (Server.java:run(1507)) - IPC Server Responder: starting
2021-10-24 13:00:59,120 [IPC Server listener on 13904] INFO  ipc.Server (Server.java:run(1344)) - IPC Server listener on 13904: starting
2021-10-24 13:00:59,128 [Listener at localhost/13904] INFO  om.OzoneManager (OzoneManager.java:startTrashEmptier(1563)) - Trash Interval set to 0. Files deleted will not move to trash
2021-10-24 13:00:59,129 [Listener at localhost/13904] INFO  om.OzoneManager (OzoneManager.java:stop(1664)) - Stopping Ozone Manager
2021-10-24 13:00:59,129 [Listener at localhost/13904] INFO  ipc.Server (Server.java:stop(3414)) - Stopping server on 13892
2021-10-24 13:00:59,129 [org.apache.hadoop.util.JvmPauseMonitor$Monitor@76f28bb4] INFO  util.JvmPauseMonitor (JvmPauseMonitor.java:run(188)) - Starting JVM pause monitor
2021-10-24 13:00:59,131 [IPC Server Responder] INFO  ipc.Server (Server.java:run(1512)) - Stopping IPC Server Responder
2021-10-24 13:00:59,131 [Listener at localhost/13904] INFO  server.RaftServer (RaftServerProxy.java:lambda$close$6(391)) - omNode-1: close
2021-10-24 13:00:59,131 [Listener at localhost/13904] INFO  server.RaftServer$Division (RaftServerImpl.java:lambda$close$4(412)) - omNode-1@group-523986131536: shutdown
2021-10-24 13:00:59,131 [IPC Server listener on 13892] INFO  ipc.Server (Server.java:run(1376)) - Stopping IPC Server listener on 13892
2021-10-24 13:00:59,131 [Listener at localhost/13904] INFO  util.JmxRegister (JmxRegister.java:unregister(73)) - Successfully un-registered JMX Bean with object name Ratis:service=RaftServer,group=group-523986131536,id=omNode-1
2021-10-24 13:00:59,131 [Listener at localhost/13904] INFO  impl.RoleInfo (RoleInfo.java:shutdownFollowerState(108)) - omNode-1: shutdown omNode-1@group-523986131536-FollowerState
2021-10-24 13:00:59,131 [Listener at localhost/13904] INFO  impl.StateMachineUpdater (StateMachineUpdater.java:stopAndJoin(149)) - omNode-1@group-523986131536-StateMachineUpdater: set stopIndex = 20
2021-10-24 13:00:59,132 [omNode-1@group-523986131536-FollowerState] INFO  impl.FollowerState (FollowerState.java:run(143)) - omNode-1@group-523986131536-FollowerState was interrupted: {}
java.lang.InterruptedException: sleep interrupted
	at java.lang.Thread.sleep(Native Method)
	at java.lang.Thread.sleep(Thread.java:340)
	at java.util.concurrent.TimeUnit.sleep(TimeUnit.java:386)
	at org.apache.ratis.util.TimeDuration.sleep(TimeDuration.java:324)
	at org.apache.ratis.util.TimeDuration.sleep(TimeDuration.java:309)
	at org.apache.ratis.server.impl.FollowerState.run(FollowerState.java:118)
2021-10-24 13:00:59,132 [omNode-1@group-523986131536-StateMachineUpdater] INFO  ratis.OzoneManagerStateMachine (OzoneManagerStateMachine.java:close(471)) - StateMachine has shutdown. Shutdown OzoneManager if not already shutdown.
2021-10-24 13:00:59,132 [Listener at localhost/13904] INFO  server.RaftServer$Division (ServerState.java:close(419)) - omNode-1@group-523986131536: closes. applyIndex: 20
2021-10-24 13:00:59,133 [omNode-1@group-523986131536-SegmentedRaftLogWorker] INFO  segmented.SegmentedRaftLogWorker (SegmentedRaftLogWorker.java:run(327)) - omNode-1@group-523986131536-SegmentedRaftLogWorker was interrupted, exiting. There are 0 tasks remaining in the queue.
2021-10-24 13:00:59,133 [Listener at localhost/13904] INFO  segmented.SegmentedRaftLogWorker (SegmentedRaftLogWorker.java:close(237)) - omNode-1@group-523986131536-SegmentedRaftLogWorker close()
2021-10-24 13:00:59,133 [Listener at localhost/13904] INFO  server.GrpcService (GrpcService.java:closeImpl(262)) - omNode-1: shutdown server with port 13896 now
2021-10-24 13:00:59,143 [Listener at localhost/13904] INFO  server.GrpcService (GrpcService.java:closeImpl(271)) - omNode-1: shutdown server with port 13896 successfully
2021-10-24 13:00:59,143 [org.apache.ratis.util.JvmPauseMonitor$$Lambda$523/122473104@27d4865f] INFO  util.JvmPauseMonitor (JvmPauseMonitor.java:run(109)) - JvmPauseMonitor-omNode-1: Stopped
2021-10-24 13:00:59,143 [Listener at localhost/13904] INFO  ratis.OzoneManagerDoubleBuffer (OzoneManagerDoubleBuffer.java:stop(437)) - Stopping OMDoubleBuffer flush thread
2021-10-24 13:00:59,147 [OMDoubleBufferFlushThread] INFO  ratis.OzoneManagerDoubleBuffer (OzoneManagerDoubleBuffer.java:flushTransactions(356)) - OMDoubleBuffer flush thread OMDoubleBufferFlushThread is interrupted and will exit. OMDoubleBufferFlushThread
2021-10-24 13:00:59,147 [Listener at localhost/13904] INFO  handler.ContextHandler (ContextHandler.java:doStop(1153)) - Stopped o.e.j.w.WebAppContext@336fd287{ozoneManager,/,null,STOPPED}{file:/home/runner/work/ozone/ozone/hadoop-ozone/integration-test/target/test-classes/webapps/ozoneManager}
2021-10-24 13:00:59,148 [Listener at localhost/13904] INFO  server.AbstractConnector (AbstractConnector.java:doStop(381)) - Stopped ServerConnector@51a091f2{HTTP/1.1, (http/1.1)}{0.0.0.0:13894}
2021-10-24 13:00:59,148 [Listener at localhost/13904] INFO  server.session (HouseKeeper.java:stopScavenging(149)) - node0 Stopped scavenging
2021-10-24 13:00:59,148 [Listener at localhost/13904] INFO  handler.ContextHandler (ContextHandler.java:doStop(1153)) - Stopped o.e.j.s.ServletContextHandler@578dba5d{static,/static,file:///home/runner/work/ozone/ozone/hadoop-ozone/integration-test/target/test-classes/webapps/static,STOPPED}
2021-10-24 13:00:59,148 [Listener at localhost/13904] INFO  handler.ContextHandler (ContextHandler.java:doStop(1153)) - Stopped o.e.j.s.ServletContextHandler@78751dea{logs,/logs,file:///home/runner/work/ozone/ozone/hadoop-ozone/integration-test/target/log,STOPPED}
2021-10-24 13:00:59,149 [Listener at localhost/13904] INFO  om.OzoneManager (OzoneManager.java:initFSOLayout(4357)) - Configured ozone.om.metadata.layout=SIMPLE and disabled optimized OM FS operations
2021-10-24 13:00:59,149 [Listener at localhost/13904] INFO  om.OzoneManager (OzoneManager.java:restart(1385)) - OzoneManager RPC server is listening at localhost/127.0.0.1:13892
2021-10-24 13:00:59,149 [Listener at localhost/13904] INFO  impl.MetricsSystemImpl (MetricsSystemImpl.java:init(158)) - OzoneManager metrics system started (again)
2021-10-24 13:00:59,163 [Listener at localhost/13904] WARN  server.ServerUtils (ServerUtils.java:getDBPath(225)) - ozone.om.db.dirs is not configured. We recommend adding this setting. Falling back to ozone.metadata.dirs instead.
2021-10-24 13:00:59,165 [Listener at localhost/13904] INFO  codec.OmKeyInfoCodec (OmKeyInfoCodec.java:<init>(51)) - OmKeyInfoCodec ignorePipeline = true
2021-10-24 13:00:59,165 [Listener at localhost/13904] INFO  codec.RepeatedOmKeyInfoCodec (RepeatedOmKeyInfoCodec.java:<init>(42)) - RepeatedOmKeyInfoCodec ignorePipeline = true
2021-10-24 13:00:59,193 [Listener at localhost/13904] WARN  om.OzoneManager (OzoneManager.java:instantiatePrepareStateOnStartup(4236)) - Prepare marker file index 20 does not match DB prepare index 19. Writing DB index to prepare file and maintaining prepared state.
2021-10-24 13:00:59,193 [Listener at localhost/13904] INFO  om.OzoneManagerPrepareState (OzoneManagerPrepareState.java:writePrepareMarkerFile(262)) - Prepare marker file written with log index 19 to file /home/runner/work/ozone/ozone/hadoop-ozone/integration-test/target/test-dir/MiniOzoneClusterImpl-cd96da87-0819-4dc2-95d7-841b147881f8/omNode-1/current/prepareMarker
2021-10-24 13:00:59,196 [Listener at localhost/13904] WARN  impl.MetricRegistriesImpl (MetricRegistriesImpl.java:addReporterRegistration(111)) - New reporters are added after registries were created. Some metrics will be missing from the reporter. Please add reporter before adding any new registry.
2021-10-24 13:00:59,196 [Listener at localhost/13904] WARN  impl.MetricRegistriesImpl (MetricRegistriesImpl.java:addReporterRegistration(111)) - New reporters are added after registries were created. Some metrics will be missing from the reporter. Please add reporter before adding any new registry.
2021-10-24 13:00:59,197 [Listener at localhost/13904] WARN  server.ServerUtils (ServerUtils.java:getDefaultRatisDirectory(237)) - Storage directory for Ratis is not configured. It is a good idea to map this to an SSD disk. Falling back to ozone.metadata.dirs
2021-10-24 13:00:59,197 [Listener at localhost/13904] INFO  ratis.OzoneManagerRatisServer (OzoneManagerRatisServer.java:<init>(159)) - Instantiating OM Ratis server with groupID: om-service-test1 and peers: localhost:13896, localhost:13908, localhost:13902
2021-10-24 13:00:59,198 [Listener at localhost/13904] INFO  ratis.OzoneManagerStateMachine (OzoneManagerStateMachine.java:loadSnapshotInfoFromDB(605)) - LastAppliedIndex is set from TransactionInfo from OM DB as (t:2, i:20)
2021-10-24 13:00:59,198 [Listener at localhost/13904] INFO  server.RaftServer (ConfUtils.java:logGet(44)) - raft.rpc.type = GRPC (default)
2021-10-24 13:00:59,198 [Listener at localhost/13904] INFO  grpc.GrpcFactory (GrpcFactory.java:checkPooledByteBufAllocatorUseCacheForAllThreads(48)) - PERFORMANCE WARNING: useCacheForAllThreads is true that may cause Netty to create a lot garbage objects and, as a result, trigger GC.
	It is recommended to disable useCacheForAllThreads by setting -Dorg.apache.ratis.thirdparty.io.netty.allocator.useCacheForAllThreads=false in command line.
2021-10-24 13:00:59,198 [Listener at localhost/13904] INFO  grpc.GrpcConfigKeys (ConfUtils.java:logGet(44)) - raft.grpc.admin.port = -1 (default)
2021-10-24 13:00:59,198 [Listener at localhost/13904] INFO  grpc.GrpcConfigKeys (ConfUtils.java:logGet(44)) - raft.grpc.server.port = 13896 (custom)
2021-10-24 13:00:59,198 [Listener at localhost/13904] INFO  grpc.GrpcConfigKeys (ConfUtils.java:logGet(44)) - raft.grpc.client.port = -1 (default)
2021-10-24 13:00:59,198 [Listener at localhost/13904] INFO  grpc.GrpcConfigKeys (ConfUtils.java:logGet(44)) - raft.grpc.server.port = 13896 (custom)
2021-10-24 13:00:59,198 [Listener at localhost/13904] INFO  grpc.GrpcConfigKeys (ConfUtils.java:logGet(44)) - raft.grpc.server.port = 13896 (custom)
2021-10-24 13:00:59,198 [Listener at localhost/13904] INFO  server.GrpcService (ConfUtils.java:logGet(44)) - raft.grpc.message.size.max = 33554432 (custom)
2021-10-24 13:00:59,199 [Listener at localhost/13904] INFO  server.RaftServerConfigKeys (ConfUtils.java:logGet(44)) - raft.server.log.appender.buffer.byte-limit = 33554432 (custom)
2021-10-24 13:00:59,199 [Listener at localhost/13904] INFO  server.GrpcService (ConfUtils.java:logGet(44)) - raft.grpc.flow.control.window = 1MB (=1048576) (default)
2021-10-24 13:00:59,199 [Listener at localhost/13904] INFO  server.RaftServerConfigKeys (ConfUtils.java:logGet(44)) - raft.server.rpc.request.timeout = 3000ms (default)
2021-10-24 13:00:59,200 [Listener at localhost/13904] INFO  impl.DataStreamServerImpl (ConfUtils.java:logGet(44)) - raft.datastream.type = DISABLED (default)
2021-10-24 13:00:59,200 [Listener at localhost/13904] INFO  server.RaftServerConfigKeys (ConfUtils.java:logGet(44)) - raft.server.rpc.slowness.timeout = 2s (custom)
2021-10-24 13:00:59,200 [Listener at localhost/13904] INFO  server.RaftServerConfigKeys (ConfUtils.java:logGet(44)) - raft.server.leaderelection.leader.step-down.wait-time = 10s (default)
2021-10-24 13:00:59,200 [Listener at localhost/13904] INFO  server.RaftServerConfigKeys (ConfUtils.java:logGet(44)) - raft.server.storage.dir = [/home/runner/work/ozone/ozone/hadoop-ozone/integration-test/target/test-dir/MiniOzoneClusterImpl-cd96da87-0819-4dc2-95d7-841b147881f8/omNode-1/ratis] (custom)
2021-10-24 13:00:59,200 [Listener at localhost/13904] INFO  server.RaftServer (RaftServerProxy.java:lambda$null$1(235)) - omNode-1: found a subdirectory /home/runner/work/ozone/ozone/hadoop-ozone/integration-test/target/test-dir/MiniOzoneClusterImpl-cd96da87-0819-4dc2-95d7-841b147881f8/omNode-1/ratis/c9bc4cf4-3bc3-3c60-a66b-523986131536
2021-10-24 13:00:59,202 [Listener at localhost/13904] INFO  server.RaftServer (RaftServerProxy.java:addNew(95)) - omNode-1: addNew group-523986131536:[omNode-3|rpc:localhost:13908|priority:0, omNode-1|rpc:localhost:13896|priority:0, omNode-2|rpc:localhost:13902|priority:0] returns group-523986131536:java.util.concurrent.CompletableFuture@187545fd[Not completed]
2021-10-24 13:00:59,203 [pool-371-thread-1] INFO  server.RaftServer$Division (RaftServerImpl.java:<init>(184)) - omNode-1: new RaftServerImpl for group-523986131536:[omNode-3|rpc:localhost:13908|priority:0, omNode-1|rpc:localhost:13896|priority:0, omNode-2|rpc:localhost:13902|priority:0] with OzoneManagerStateMachine:uninitialized
2021-10-24 13:00:59,203 [Listener at localhost/13904] INFO  om.OzoneManager (OzoneManager.java:initializeRatisServer(1605)) - OzoneManager Ratis server initialized at port 13896
2021-10-24 13:00:59,203 [Listener at localhost/13904] INFO  ratis.OzoneManagerRatisServer (OzoneManagerRatisServer.java:start(520)) - Starting OzoneManagerRatisServer omNode-1 at port 13896
2021-10-24 13:00:59,203 [pool-371-thread-1] INFO  server.RaftServerConfigKeys (ConfUtils.java:logGet(44)) - raft.server.rpc.timeout.min = 1s (custom)
2021-10-24 13:00:59,204 [pool-371-thread-1] INFO  server.RaftServerConfigKeys (ConfUtils.java:logGet(44)) - raft.server.rpc.timeout.max = 1200ms (custom)
2021-10-24 13:00:59,204 [pool-371-thread-1] INFO  server.RaftServerConfigKeys (ConfUtils.java:logGet(44)) - raft.server.rpc.sleep.time = 25ms (default)
2021-10-24 13:00:59,204 [pool-371-thread-1] INFO  server.RaftServerConfigKeys (ConfUtils.java:logGet(44)) - raft.server.rpc.slowness.timeout = 2s (custom)
2021-10-24 13:00:59,204 [pool-371-thread-1] INFO  server.RaftServerConfigKeys (ConfUtils.java:logGet(44)) - raft.server.leaderelection.leader.step-down.wait-time = 10s (default)
2021-10-24 13:00:59,204 [pool-371-thread-1] INFO  server.RaftServerConfigKeys (ConfUtils.java:logGet(44)) - raft.server.sleep.deviation.threshold = 300ms (default)
2021-10-24 13:00:59,204 [pool-371-thread-1] INFO  server.RaftServerConfigKeys (ConfUtils.java:logGet(44)) - raft.server.log.appender.install.snapshot.enabled = false (custom)
2021-10-24 13:00:59,204 [pool-371-thread-1] INFO  server.RaftServer$Division (ServerState.java:<init>(105)) - omNode-1@group-523986131536: ConfigurationManager, init=-1: [omNode-3|rpc:localhost:13908|priority:0, omNode-1|rpc:localhost:13896|priority:0, omNode-2|rpc:localhost:13902|priority:0], old=null, confs=<EMPTY_MAP>
2021-10-24 13:00:59,204 [pool-371-thread-1] INFO  server.RaftServerConfigKeys (ConfUtils.java:logGet(44)) - raft.server.storage.dir = [/home/runner/work/ozone/ozone/hadoop-ozone/integration-test/target/test-dir/MiniOzoneClusterImpl-cd96da87-0819-4dc2-95d7-841b147881f8/omNode-1/ratis] (custom)
2021-10-24 13:00:59,204 [pool-371-thread-1] INFO  server.RaftServerConfigKeys (ConfUtils.java:logGet(44)) - raft.server.log.corruption.policy = EXCEPTION (default)
2021-10-24 13:00:59,205 [pool-371-thread-1] INFO  server.RaftServerConfigKeys (ConfUtils.java:logGet(44)) - raft.server.storage.free-space.min = 0MB (=0) (default)
2021-10-24 13:00:59,206 [pool-371-thread-1] INFO  storage.RaftStorageDirectory (RaftStorageDirectoryImpl.java:tryLock(230)) - Lock on /home/runner/work/ozone/ozone/hadoop-ozone/integration-test/target/test-dir/MiniOzoneClusterImpl-cd96da87-0819-4dc2-95d7-841b147881f8/omNode-1/ratis/c9bc4cf4-3bc3-3c60-a66b-523986131536/in_use.lock acquired by nodename 13972@fv-az50-989
2021-10-24 13:00:59,206 [pool-371-thread-1] INFO  storage.RaftStorage (RaftStorageImpl.java:analyzeAndRecoverStorage(110)) - Read RaftStorageMetadata{term=11, votedFor=omNode-1} from /home/runner/work/ozone/ozone/hadoop-ozone/integration-test/target/test-dir/MiniOzoneClusterImpl-cd96da87-0819-4dc2-95d7-841b147881f8/omNode-1/ratis/c9bc4cf4-3bc3-3c60-a66b-523986131536/current/raft-meta
2021-10-24 13:00:59,206 [pool-371-thread-1] INFO  server.RaftServer$Division (ServerState.java:setRaftConf(387)) - omNode-1@group-523986131536: set configuration 31: [omNode-3|rpc:localhost:13908|admin:|client:|dataStream:|priority:0, omNode-1|rpc:localhost:13896|admin:|client:|dataStream:|priority:0, omNode-2|rpc:localhost:13902|admin:|client:|dataStream:|priority:0], old=null
2021-10-24 13:00:59,206 [pool-371-thread-1] INFO  server.RaftServerConfigKeys (ConfUtils.java:logGet(44)) - raft.server.notification.no-leader.timeout = 2s (custom)
2021-10-24 13:00:59,206 [pool-371-thread-1] INFO  server.RaftServerConfigKeys (ConfUtils.java:logGet(44)) - raft.server.log.use.memory = false (default)
2021-10-24 13:00:59,206 [pool-371-thread-1] INFO  server.RaftServerConfigKeys (ConfUtils.java:logGet(44)) - raft.server.log.purge.gap = 50 (custom)
2021-10-24 13:00:59,206 [pool-371-thread-1] INFO  server.RaftServerConfigKeys (ConfUtils.java:logGet(44)) - raft.server.log.appender.buffer.byte-limit = 33554432 (custom)
2021-10-24 13:00:59,206 [pool-371-thread-1] INFO  server.RaftServerConfigKeys (ConfUtils.java:logGet(44)) - raft.server.log.segment.size.max = 4194304 (custom)
2021-10-24 13:00:59,207 [pool-371-thread-1] INFO  server.RaftServerConfigKeys (ConfUtils.java:logGet(44)) - raft.server.log.segment.cache.num.max = 2 (custom)
2021-10-24 13:00:59,207 [pool-371-thread-1] INFO  server.RaftServerConfigKeys (ConfUtils.java:logGet(44)) - raft.server.log.segment.cache.size.max = 200MB (=209715200) (default)
2021-10-24 13:00:59,207 [pool-371-thread-1] INFO  segmented.SegmentedRaftLogWorker (SegmentedRaftLogWorker.java:<init>(182)) - new omNode-1@group-523986131536-SegmentedRaftLogWorker for RaftStorageImpl:Storage Directory /home/runner/work/ozone/ozone/hadoop-ozone/integration-test/target/test-dir/MiniOzoneClusterImpl-cd96da87-0819-4dc2-95d7-841b147881f8/omNode-1/ratis/c9bc4cf4-3bc3-3c60-a66b-523986131536
2021-10-24 13:00:59,207 [pool-371-thread-1] INFO  server.RaftServerConfigKeys (ConfUtils.java:logGet(44)) - raft.server.log.queue.byte-limit = 64MB (=67108864) (default)
2021-10-24 13:00:59,207 [pool-371-thread-1] INFO  server.RaftServerConfigKeys (ConfUtils.java:logGet(44)) - raft.server.log.queue.element-limit = 4096 (default)
2021-10-24 13:00:59,207 [pool-371-thread-1] INFO  server.RaftServerConfigKeys (ConfUtils.java:logGet(44)) - raft.server.log.segment.size.max = 4194304 (custom)
2021-10-24 13:00:59,207 [pool-371-thread-1] INFO  server.RaftServerConfigKeys (ConfUtils.java:logGet(44)) - raft.server.log.preallocated.size = 4194304 (custom)
2021-10-24 13:00:59,207 [pool-371-thread-1] INFO  server.RaftServerConfigKeys (ConfUtils.java:logGet(44)) - raft.server.log.force.sync.num = 128 (default)
2021-10-24 13:00:59,207 [pool-371-thread-1] INFO  server.RaftServerConfigKeys (ConfUtils.java:logGet(44)) - raft.server.log.statemachine.data.sync = true (default)
2021-10-24 13:00:59,207 [pool-371-thread-1] INFO  server.RaftServerConfigKeys (ConfUtils.java:logGet(44)) - raft.server.log.statemachine.data.sync.timeout = 10s (default)
2021-10-24 13:00:59,207 [pool-371-thread-1] INFO  server.RaftServerConfigKeys (ConfUtils.java:logGet(44)) - raft.server.log.statemachine.data.sync.timeout.retry = -1 (default)
2021-10-24 13:00:59,208 [pool-371-thread-1] INFO  server.RaftServerConfigKeys (ConfUtils.java:logGet(44)) - raft.server.log.write.buffer.size = 64KB (=65536) (default)
2021-10-24 13:00:59,208 [pool-371-thread-1] INFO  server.RaftServerConfigKeys (ConfUtils.java:logGet(44)) - raft.server.log.statemachine.data.caching.enabled = false (default)
2021-10-24 13:00:59,208 [pool-371-thread-1] INFO  segmented.SegmentedRaftLogWorker (SegmentedRaftLogWorker.java:lambda$new$0(133)) - omNode-1@group-523986131536-SegmentedRaftLogWorker: flushIndex: setUnconditionally 0 -> 20
2021-10-24 13:00:59,208 [pool-371-thread-1] INFO  segmented.SegmentedRaftLogWorker (SegmentedRaftLogWorker.java:lambda$new$0(133)) - omNode-1@group-523986131536-SegmentedRaftLogWorker: safeCacheEvictIndex: setUnconditionally 0 -> -1
2021-10-24 13:00:59,208 [pool-371-thread-1] INFO  server.RaftServerConfigKeys (ConfUtils.java:logGet(44)) - raft.server.snapshot.auto.trigger.enabled = true (custom)
2021-10-24 13:00:59,208 [pool-371-thread-1] INFO  server.RaftServerConfigKeys (ConfUtils.java:logGet(44)) - raft.server.snapshot.auto.trigger.threshold = 50 (custom)
2021-10-24 13:00:59,208 [pool-371-thread-1] INFO  server.RaftServerConfigKeys (ConfUtils.java:logGet(44)) - raft.server.snapshot.retention.file.num = -1 (default)
2021-10-24 13:00:59,208 [pool-371-thread-1] INFO  server.RaftServerConfigKeys (ConfUtils.java:logGet(44)) - raft.server.log.purge.upto.snapshot.index = true (custom)
2021-10-24 13:00:59,208 [pool-371-thread-1] INFO  server.RaftServerConfigKeys (ConfUtils.java:logGet(44)) - raft.server.retrycache.expirytime = 30000ms (custom)
2021-10-24 13:00:59,208 [pool-371-thread-1] INFO  server.RaftServerConfigKeys (ConfUtils.java:logGet(44)) - raft.server.retrycache.statistics.expirytime = 100μs (default)
2021-10-24 13:00:59,209 [Listener at localhost/13904] INFO  server.RaftServer$Division (RaftServerImpl.java:start(301)) - omNode-1@group-523986131536: start as a follower, conf=31: [omNode-3|rpc:localhost:13908|admin:|client:|dataStream:|priority:0, omNode-1|rpc:localhost:13896|admin:|client:|dataStream:|priority:0, omNode-2|rpc:localhost:13902|admin:|client:|dataStream:|priority:0], old=null
2021-10-24 13:00:59,210 [Listener at localhost/13904] INFO  server.RaftServer$Division (RaftServerImpl.java:setRole(290)) - omNode-1@group-523986131536: changes role from      null to FOLLOWER at term 11 for startAsFollower
2021-10-24 13:00:59,210 [Listener at localhost/13904] INFO  impl.RoleInfo (RoleInfo.java:updateAndGet(130)) - omNode-1: start omNode-1@group-523986131536-FollowerState
2021-10-24 13:00:59,210 [Listener at localhost/13904] INFO  util.JmxRegister (JmxRegister.java:tryRegister(44)) - Successfully registered JMX Bean with object name Ratis:service=RaftServer,group=group-523986131536,id=omNode-1
2021-10-24 13:00:59,214 [Listener at localhost/13904] INFO  server.RaftServer (RaftServerProxy.java:lambda$start$5(374)) - omNode-1: start RPC server
2021-10-24 13:00:59,215 [Listener at localhost/13904] INFO  server.GrpcService (GrpcService.java:startImpl(253)) - omNode-1: GrpcService started, listening on 13896
2021-10-24 13:00:59,216 [Listener at localhost/13904] INFO  ipc.CallQueueManager (CallQueueManager.java:<init>(90)) - Using callQueue: class java.util.concurrent.LinkedBlockingQueue, queueCapacity: 2000, scheduler: class org.apache.hadoop.ipc.DefaultRpcScheduler, ipcBackoff: false.
2021-10-24 13:00:59,216 [org.apache.ratis.util.JvmPauseMonitor$$Lambda$523/122473104@60d1051c] INFO  util.JvmPauseMonitor (JvmPauseMonitor.java:run(103)) - JvmPauseMonitor-omNode-1: Started
2021-10-24 13:00:59,216 [Socket Reader #1 for port 13892] INFO  ipc.Server (Server.java:run(1265)) - Starting Socket Reader #1 for port 13892
2021-10-24 13:00:59,219 [Listener at localhost/13892] INFO  http.BaseHttpServer (BaseHttpServer.java:newHttpServer2BuilderForOzone(209)) - Starting Web-server for ozoneManager at: http://0.0.0.0:13894
2021-10-24 13:00:59,219 [Listener at localhost/13892] INFO  http.BaseHttpServer (BaseHttpServer.java:<init>(107)) - Hadoop Security Enabled: false Ozone Security Enabled: false Ozone HTTP Security Enabled: false 
2021-10-24 13:00:59,220 [Listener at localhost/13892] INFO  server.AuthenticationFilter (AuthenticationFilter.java:constructSecretProvider(240)) - Unable to initialize FileSignerSecretProvider, falling back to use random secrets.
2021-10-24 13:00:59,220 [Listener at localhost/13892] WARN  http.HttpRequestLog (HttpRequestLog.java:getRequestLog(103)) - Jetty request log can only be enabled using Log4j
2021-10-24 13:00:59,221 [Listener at localhost/13892] INFO  http.HttpServer2 (HttpServer2.java:addGlobalFilter(1030)) - Added global filter 'safety' (class=org.apache.hadoop.hdds.server.http.HttpServer2$QuotingInputFilter)
2021-10-24 13:00:59,222 [Listener at localhost/13892] INFO  http.HttpServer2 (HttpServer2.java:addFilter(1006)) - Added filter static_user_filter (class=org.apache.hadoop.http.lib.StaticUserWebFilter$StaticUserFilter) to context ozoneManager
2021-10-24 13:00:59,222 [Listener at localhost/13892] INFO  http.HttpServer2 (HttpServer2.java:addFilter(1014)) - Added filter static_user_filter (class=org.apache.hadoop.http.lib.StaticUserWebFilter$StaticUserFilter) to context logs
2021-10-24 13:00:59,222 [Listener at localhost/13892] INFO  http.HttpServer2 (HttpServer2.java:addFilter(1014)) - Added filter static_user_filter (class=org.apache.hadoop.http.lib.StaticUserWebFilter$StaticUserFilter) to context static
2021-10-24 13:00:59,222 [Listener at localhost/13892] INFO  http.HttpServer2 (HttpServer2.java:bindListener(1249)) - Jetty bound to port 13894
2021-10-24 13:00:59,222 [Listener at localhost/13892] INFO  server.Server (Server.java:doStart(375)) - jetty-9.4.43.v20210629; built: 2021-06-30T11:07:22.254Z; git: 526006ecfa3af7f1a27ef3a288e2bef7ea9dd7e8; jvm 1.8.0_292-b10
2021-10-24 13:00:59,224 [Listener at localhost/13892] INFO  server.session (DefaultSessionIdManager.java:doStart(334)) - DefaultSessionIdManager workerName=node0
2021-10-24 13:00:59,224 [Listener at localhost/13892] INFO  server.session (DefaultSessionIdManager.java:doStart(339)) - No SessionScavenger set, using defaults
2021-10-24 13:00:59,224 [Listener at localhost/13892] INFO  server.session (HouseKeeper.java:startScavenging(132)) - node0 Scavenging every 660000ms
2021-10-24 13:00:59,227 [Listener at localhost/13892] INFO  handler.ContextHandler (ContextHandler.java:doStart(915)) - Started o.e.j.s.ServletContextHandler@17a8b41b{logs,/logs,file:///home/runner/work/ozone/ozone/hadoop-ozone/integration-test/target/log,AVAILABLE}
2021-10-24 13:00:59,227 [Listener at localhost/13892] INFO  handler.ContextHandler (ContextHandler.java:doStart(915)) - Started o.e.j.s.ServletContextHandler@77ae83f7{static,/static,file:///home/runner/work/ozone/ozone/hadoop-ozone/integration-test/target/test-classes/webapps/static,AVAILABLE}
2021-10-24 13:00:59,230 [Listener at localhost/13892] INFO  handler.ContextHandler (ContextHandler.java:doStart(915)) - Started o.e.j.w.WebAppContext@4047b0a9{ozoneManager,/,file:///home/runner/work/ozone/ozone/hadoop-ozone/integration-test/target/test-classes/webapps/ozoneManager/,AVAILABLE}{file:/home/runner/work/ozone/ozone/hadoop-ozone/integration-test/target/test-classes/webapps/ozoneManager}
2021-10-24 13:00:59,231 [Listener at localhost/13892] INFO  server.AbstractConnector (AbstractConnector.java:doStart(331)) - Started ServerConnector@7cc8df14{HTTP/1.1, (http/1.1)}{0.0.0.0:13894}
2021-10-24 13:00:59,231 [Listener at localhost/13892] INFO  server.Server (Server.java:doStart(415)) - Started @296000ms
2021-10-24 13:00:59,231 [Listener at localhost/13892] WARN  impl.MetricsSystemImpl (MetricsSystemImpl.java:register(279)) - Sink prometheus already exists!
2021-10-24 13:00:59,232 [Listener at localhost/13892] INFO  http.BaseHttpServer (BaseHttpServer.java:updateConnectorAddress(329)) - HTTP server of ozoneManager listening at http://0.0.0.0:13894
2021-10-24 13:00:59,232 [IPC Server Responder] INFO  ipc.Server (Server.java:run(1507)) - IPC Server Responder: starting
2021-10-24 13:00:59,232 [IPC Server listener on 13892] INFO  ipc.Server (Server.java:run(1344)) - IPC Server listener on 13892: starting
2021-10-24 13:00:59,235 [Listener at localhost/13892] INFO  om.OzoneManager (OzoneManager.java:startTrashEmptier(1563)) - Trash Interval set to 0. Files deleted will not move to trash
2021-10-24 13:00:59,236 [Listener at localhost/13892] INFO  om.OzoneManager (OzoneManager.java:stop(1664)) - Stopping Ozone Manager
2021-10-24 13:00:59,236 [Listener at localhost/13892] INFO  ipc.Server (Server.java:stop(3414)) - Stopping server on 13898
2021-10-24 13:00:59,237 [org.apache.hadoop.util.JvmPauseMonitor$Monitor@18fcc0b4] INFO  util.JvmPauseMonitor (JvmPauseMonitor.java:run(188)) - Starting JVM pause monitor
2021-10-24 13:00:59,239 [IPC Server listener on 13898] INFO  ipc.Server (Server.java:run(1376)) - Stopping IPC Server listener on 13898
2021-10-24 13:00:59,239 [IPC Server Responder] INFO  ipc.Server (Server.java:run(1512)) - Stopping IPC Server Responder
2021-10-24 13:00:59,239 [Listener at localhost/13892] INFO  server.RaftServer (RaftServerProxy.java:lambda$close$6(391)) - omNode-2: close
2021-10-24 13:00:59,239 [Listener at localhost/13892] INFO  server.RaftServer$Division (RaftServerImpl.java:lambda$close$4(412)) - omNode-2@group-523986131536: shutdown
2021-10-24 13:00:59,240 [Listener at localhost/13892] INFO  util.JmxRegister (JmxRegister.java:unregister(73)) - Successfully un-registered JMX Bean with object name Ratis:service=RaftServer,group=group-523986131536,id=omNode-2
2021-10-24 13:00:59,240 [Listener at localhost/13892] INFO  impl.RoleInfo (RoleInfo.java:shutdownFollowerState(108)) - omNode-2: shutdown omNode-2@group-523986131536-FollowerState
2021-10-24 13:00:59,240 [Listener at localhost/13892] INFO  impl.StateMachineUpdater (StateMachineUpdater.java:stopAndJoin(149)) - omNode-2@group-523986131536-StateMachineUpdater: set stopIndex = 32
2021-10-24 13:00:59,240 [omNode-2@group-523986131536-FollowerState] INFO  impl.FollowerState (FollowerState.java:run(143)) - omNode-2@group-523986131536-FollowerState was interrupted: {}
java.lang.InterruptedException: sleep interrupted
	at java.lang.Thread.sleep(Native Method)
	at java.lang.Thread.sleep(Thread.java:340)
	at java.util.concurrent.TimeUnit.sleep(TimeUnit.java:386)
	at org.apache.ratis.util.TimeDuration.sleep(TimeDuration.java:324)
	at org.apache.ratis.util.TimeDuration.sleep(TimeDuration.java:309)
	at org.apache.ratis.server.impl.FollowerState.run(FollowerState.java:118)
2021-10-24 13:00:59,240 [omNode-2@group-523986131536-StateMachineUpdater] INFO  ratis.OzoneManagerStateMachine (OzoneManagerStateMachine.java:takeSnapshot(417)) - Current Snapshot Index (t:9, i:32)
2021-10-24 13:00:59,241 [omNode-2@group-523986131536-StateMachineUpdater] INFO  impl.StateMachineUpdater (StateMachineUpdater.java:takeSnapshot(281)) - omNode-2@group-523986131536-StateMachineUpdater: Took a snapshot at index 32
2021-10-24 13:00:59,241 [omNode-2@group-523986131536-StateMachineUpdater] INFO  impl.StateMachineUpdater (StateMachineUpdater.java:lambda$new$0(89)) - omNode-2@group-523986131536-StateMachineUpdater: snapshotIndex: updateIncreasingly 30 -> 32
2021-10-24 13:00:59,241 [omNode-2@group-523986131536-StateMachineUpdater] INFO  ratis.OzoneManagerStateMachine (OzoneManagerStateMachine.java:close(471)) - StateMachine has shutdown. Shutdown OzoneManager if not already shutdown.
2021-10-24 13:00:59,241 [Listener at localhost/13892] INFO  server.RaftServer$Division (ServerState.java:close(419)) - omNode-2@group-523986131536: closes. applyIndex: 32
2021-10-24 13:00:59,241 [omNode-2@group-523986131536-SegmentedRaftLogWorker] INFO  segmented.SegmentedRaftLogWorker (SegmentedRaftLogWorker.java:run(327)) - omNode-2@group-523986131536-SegmentedRaftLogWorker was interrupted, exiting. There are 0 tasks remaining in the queue.
2021-10-24 13:00:59,242 [Listener at localhost/13892] INFO  segmented.SegmentedRaftLogWorker (SegmentedRaftLogWorker.java:close(237)) - omNode-2@group-523986131536-SegmentedRaftLogWorker close()
2021-10-24 13:00:59,242 [Listener at localhost/13892] INFO  server.GrpcService (GrpcService.java:closeImpl(262)) - omNode-2: shutdown server with port 13902 now
2021-10-24 13:00:59,244 [Listener at localhost/13892] INFO  server.GrpcService (GrpcService.java:closeImpl(271)) - omNode-2: shutdown server with port 13902 successfully
2021-10-24 13:00:59,244 [org.apache.ratis.util.JvmPauseMonitor$$Lambda$523/122473104@35741679] INFO  util.JvmPauseMonitor (JvmPauseMonitor.java:run(109)) - JvmPauseMonitor-omNode-2: Stopped
2021-10-24 13:00:59,244 [Listener at localhost/13892] INFO  ratis.OzoneManagerDoubleBuffer (OzoneManagerDoubleBuffer.java:stop(437)) - Stopping OMDoubleBuffer flush thread
2021-10-24 13:00:59,244 [OMDoubleBufferFlushThread] INFO  ratis.OzoneManagerDoubleBuffer (OzoneManagerDoubleBuffer.java:flushTransactions(356)) - OMDoubleBuffer flush thread OMDoubleBufferFlushThread is interrupted and will exit. OMDoubleBufferFlushThread
2021-10-24 13:00:59,245 [Listener at localhost/13892] INFO  handler.ContextHandler (ContextHandler.java:doStop(1153)) - Stopped o.e.j.w.WebAppContext@327134e2{ozoneManager,/,null,STOPPED}{file:/home/runner/work/ozone/ozone/hadoop-ozone/integration-test/target/test-classes/webapps/ozoneManager}
2021-10-24 13:00:59,246 [Listener at localhost/13892] INFO  server.AbstractConnector (AbstractConnector.java:doStop(381)) - Stopped ServerConnector@1dfb998b{HTTP/1.1, (http/1.1)}{0.0.0.0:13900}
2021-10-24 13:00:59,246 [Listener at localhost/13892] INFO  server.session (HouseKeeper.java:stopScavenging(149)) - node0 Stopped scavenging
2021-10-24 13:00:59,246 [Listener at localhost/13892] INFO  handler.ContextHandler (ContextHandler.java:doStop(1153)) - Stopped o.e.j.s.ServletContextHandler@31ab89fa{static,/static,file:///home/runner/work/ozone/ozone/hadoop-ozone/integration-test/target/test-classes/webapps/static,STOPPED}
2021-10-24 13:00:59,246 [Listener at localhost/13892] INFO  handler.ContextHandler (ContextHandler.java:doStop(1153)) - Stopped o.e.j.s.ServletContextHandler@2d1f808e{logs,/logs,file:///home/runner/work/ozone/ozone/hadoop-ozone/integration-test/target/log,STOPPED}
2021-10-24 13:00:59,248 [Listener at localhost/13892] INFO  om.OzoneManager (OzoneManager.java:initFSOLayout(4357)) - Configured ozone.om.metadata.layout=SIMPLE and disabled optimized OM FS operations
2021-10-24 13:00:59,248 [Listener at localhost/13892] INFO  om.OzoneManager (OzoneManager.java:restart(1385)) - OzoneManager RPC server is listening at localhost/127.0.0.1:13898
2021-10-24 13:00:59,248 [Listener at localhost/13892] INFO  impl.MetricsSystemImpl (MetricsSystemImpl.java:init(158)) - OzoneManager metrics system started (again)
2021-10-24 13:00:59,265 [Listener at localhost/13892] WARN  server.ServerUtils (ServerUtils.java:getDBPath(225)) - ozone.om.db.dirs is not configured. We recommend adding this setting. Falling back to ozone.metadata.dirs instead.
2021-10-24 13:00:59,266 [Listener at localhost/13892] INFO  codec.OmKeyInfoCodec (OmKeyInfoCodec.java:<init>(51)) - OmKeyInfoCodec ignorePipeline = true
2021-10-24 13:00:59,266 [Listener at localhost/13892] INFO  codec.RepeatedOmKeyInfoCodec (RepeatedOmKeyInfoCodec.java:<init>(42)) - RepeatedOmKeyInfoCodec ignorePipeline = true
2021-10-24 13:00:59,310 [Listener at localhost/13892] WARN  impl.MetricRegistriesImpl (MetricRegistriesImpl.java:addReporterRegistration(111)) - New reporters are added after registries were created. Some metrics will be missing from the reporter. Please add reporter before adding any new registry.
2021-10-24 13:00:59,311 [Listener at localhost/13892] WARN  impl.MetricRegistriesImpl (MetricRegistriesImpl.java:addReporterRegistration(111)) - New reporters are added after registries were created. Some metrics will be missing from the reporter. Please add reporter before adding any new registry.
2021-10-24 13:00:59,311 [Listener at localhost/13892] WARN  server.ServerUtils (ServerUtils.java:getDefaultRatisDirectory(237)) - Storage directory for Ratis is not configured. It is a good idea to map this to an SSD disk. Falling back to ozone.metadata.dirs
2021-10-24 13:00:59,312 [Listener at localhost/13892] INFO  ratis.OzoneManagerRatisServer (OzoneManagerRatisServer.java:<init>(159)) - Instantiating OM Ratis server with groupID: om-service-test1 and peers: localhost:13902, localhost:13908, localhost:13896
2021-10-24 13:00:59,312 [Listener at localhost/13892] INFO  ratis.OzoneManagerStateMachine (OzoneManagerStateMachine.java:loadSnapshotInfoFromDB(605)) - LastAppliedIndex is set from TransactionInfo from OM DB as (t:9, i:32)
2021-10-24 13:00:59,314 [Listener at localhost/13892] INFO  server.RaftServer (ConfUtils.java:logGet(44)) - raft.rpc.type = GRPC (default)
2021-10-24 13:00:59,314 [Listener at localhost/13892] INFO  grpc.GrpcFactory (GrpcFactory.java:checkPooledByteBufAllocatorUseCacheForAllThreads(48)) - PERFORMANCE WARNING: useCacheForAllThreads is true that may cause Netty to create a lot garbage objects and, as a result, trigger GC.
	It is recommended to disable useCacheForAllThreads by setting -Dorg.apache.ratis.thirdparty.io.netty.allocator.useCacheForAllThreads=false in command line.
2021-10-24 13:00:59,314 [Listener at localhost/13892] INFO  grpc.GrpcConfigKeys (ConfUtils.java:logGet(44)) - raft.grpc.admin.port = -1 (default)
2021-10-24 13:00:59,314 [Listener at localhost/13892] INFO  grpc.GrpcConfigKeys (ConfUtils.java:logGet(44)) - raft.grpc.server.port = 13902 (custom)
2021-10-24 13:00:59,315 [Listener at localhost/13892] INFO  grpc.GrpcConfigKeys (ConfUtils.java:logGet(44)) - raft.grpc.client.port = -1 (default)
2021-10-24 13:00:59,315 [Listener at localhost/13892] INFO  grpc.GrpcConfigKeys (ConfUtils.java:logGet(44)) - raft.grpc.server.port = 13902 (custom)
2021-10-24 13:00:59,315 [Listener at localhost/13892] INFO  grpc.GrpcConfigKeys (ConfUtils.java:logGet(44)) - raft.grpc.server.port = 13902 (custom)
2021-10-24 13:00:59,315 [Listener at localhost/13892] INFO  server.GrpcService (ConfUtils.java:logGet(44)) - raft.grpc.message.size.max = 33554432 (custom)
2021-10-24 13:00:59,315 [Listener at localhost/13892] INFO  server.RaftServerConfigKeys (ConfUtils.java:logGet(44)) - raft.server.log.appender.buffer.byte-limit = 33554432 (custom)
2021-10-24 13:00:59,315 [Listener at localhost/13892] INFO  server.GrpcService (ConfUtils.java:logGet(44)) - raft.grpc.flow.control.window = 1MB (=1048576) (default)
2021-10-24 13:00:59,315 [Listener at localhost/13892] INFO  server.RaftServerConfigKeys (ConfUtils.java:logGet(44)) - raft.server.rpc.request.timeout = 3000ms (default)
2021-10-24 13:00:59,316 [Listener at localhost/13892] INFO  impl.DataStreamServerImpl (ConfUtils.java:logGet(44)) - raft.datastream.type = DISABLED (default)
2021-10-24 13:00:59,316 [Listener at localhost/13892] INFO  server.RaftServerConfigKeys (ConfUtils.java:logGet(44)) - raft.server.rpc.slowness.timeout = 2s (custom)
2021-10-24 13:00:59,316 [Listener at localhost/13892] INFO  server.RaftServerConfigKeys (ConfUtils.java:logGet(44)) - raft.server.leaderelection.leader.step-down.wait-time = 10s (default)
2021-10-24 13:00:59,317 [Listener at localhost/13892] INFO  server.RaftServerConfigKeys (ConfUtils.java:logGet(44)) - raft.server.storage.dir = [/home/runner/work/ozone/ozone/hadoop-ozone/integration-test/target/test-dir/MiniOzoneClusterImpl-cd96da87-0819-4dc2-95d7-841b147881f8/omNode-2/ratis] (custom)
2021-10-24 13:00:59,317 [Listener at localhost/13892] INFO  server.RaftServer (RaftServerProxy.java:lambda$null$1(235)) - omNode-2: found a subdirectory /home/runner/work/ozone/ozone/hadoop-ozone/integration-test/target/test-dir/MiniOzoneClusterImpl-cd96da87-0819-4dc2-95d7-841b147881f8/omNode-2/ratis/c9bc4cf4-3bc3-3c60-a66b-523986131536
2021-10-24 13:00:59,317 [Listener at localhost/13892] INFO  server.RaftServer (RaftServerProxy.java:addNew(95)) - omNode-2: addNew group-523986131536:[omNode-3|rpc:localhost:13908|priority:0, omNode-1|rpc:localhost:13896|priority:0, omNode-2|rpc:localhost:13902|priority:0] returns group-523986131536:java.util.concurrent.CompletableFuture@44a85b1e[Not completed]
2021-10-24 13:00:59,317 [Listener at localhost/13892] INFO  om.OzoneManager (OzoneManager.java:initializeRatisServer(1605)) - OzoneManager Ratis server initialized at port 13902
2021-10-24 13:00:59,317 [Listener at localhost/13892] INFO  ratis.OzoneManagerRatisServer (OzoneManagerRatisServer.java:start(520)) - Starting OzoneManagerRatisServer omNode-2 at port 13902
2021-10-24 13:00:59,317 [pool-391-thread-1] INFO  server.RaftServer$Division (RaftServerImpl.java:<init>(184)) - omNode-2: new RaftServerImpl for group-523986131536:[omNode-3|rpc:localhost:13908|priority:0, omNode-1|rpc:localhost:13896|priority:0, omNode-2|rpc:localhost:13902|priority:0] with OzoneManagerStateMachine:uninitialized
2021-10-24 13:00:59,318 [pool-391-thread-1] INFO  server.RaftServerConfigKeys (ConfUtils.java:logGet(44)) - raft.server.rpc.timeout.min = 1s (custom)
2021-10-24 13:00:59,318 [pool-391-thread-1] INFO  server.RaftServerConfigKeys (ConfUtils.java:logGet(44)) - raft.server.rpc.timeout.max = 1200ms (custom)
2021-10-24 13:00:59,318 [pool-391-thread-1] INFO  server.RaftServerConfigKeys (ConfUtils.java:logGet(44)) - raft.server.rpc.sleep.time = 25ms (default)
2021-10-24 13:00:59,318 [pool-391-thread-1] INFO  server.RaftServerConfigKeys (ConfUtils.java:logGet(44)) - raft.server.rpc.slowness.timeout = 2s (custom)
2021-10-24 13:00:59,318 [pool-391-thread-1] INFO  server.RaftServerConfigKeys (ConfUtils.java:logGet(44)) - raft.server.leaderelection.leader.step-down.wait-time = 10s (default)
2021-10-24 13:00:59,318 [pool-391-thread-1] INFO  server.RaftServerConfigKeys (ConfUtils.java:logGet(44)) - raft.server.sleep.deviation.threshold = 300ms (default)
2021-10-24 13:00:59,318 [pool-391-thread-1] INFO  server.RaftServerConfigKeys (ConfUtils.java:logGet(44)) - raft.server.log.appender.install.snapshot.enabled = false (custom)
2021-10-24 13:00:59,318 [pool-391-thread-1] INFO  server.RaftServer$Division (ServerState.java:<init>(105)) - omNode-2@group-523986131536: ConfigurationManager, init=-1: [omNode-3|rpc:localhost:13908|priority:0, omNode-1|rpc:localhost:13896|priority:0, omNode-2|rpc:localhost:13902|priority:0], old=null, confs=<EMPTY_MAP>
2021-10-24 13:00:59,318 [pool-391-thread-1] INFO  server.RaftServerConfigKeys (ConfUtils.java:logGet(44)) - raft.server.storage.dir = [/home/runner/work/ozone/ozone/hadoop-ozone/integration-test/target/test-dir/MiniOzoneClusterImpl-cd96da87-0819-4dc2-95d7-841b147881f8/omNode-2/ratis] (custom)
2021-10-24 13:00:59,319 [pool-391-thread-1] INFO  server.RaftServerConfigKeys (ConfUtils.java:logGet(44)) - raft.server.log.corruption.policy = EXCEPTION (default)
2021-10-24 13:00:59,319 [pool-391-thread-1] INFO  server.RaftServerConfigKeys (ConfUtils.java:logGet(44)) - raft.server.storage.free-space.min = 0MB (=0) (default)
2021-10-24 13:00:59,320 [pool-391-thread-1] INFO  storage.RaftStorageDirectory (RaftStorageDirectoryImpl.java:tryLock(230)) - Lock on /home/runner/work/ozone/ozone/hadoop-ozone/integration-test/target/test-dir/MiniOzoneClusterImpl-cd96da87-0819-4dc2-95d7-841b147881f8/omNode-2/ratis/c9bc4cf4-3bc3-3c60-a66b-523986131536/in_use.lock acquired by nodename 13972@fv-az50-989
2021-10-24 13:00:59,321 [pool-391-thread-1] INFO  storage.RaftStorage (RaftStorageImpl.java:analyzeAndRecoverStorage(110)) - Read RaftStorageMetadata{term=11, votedFor=} from /home/runner/work/ozone/ozone/hadoop-ozone/integration-test/target/test-dir/MiniOzoneClusterImpl-cd96da87-0819-4dc2-95d7-841b147881f8/omNode-2/ratis/c9bc4cf4-3bc3-3c60-a66b-523986131536/current/raft-meta
2021-10-24 13:00:59,321 [pool-391-thread-1] INFO  server.RaftServer$Division (ServerState.java:setRaftConf(387)) - omNode-2@group-523986131536: set configuration 31: [omNode-3|rpc:localhost:13908|admin:|client:|dataStream:|priority:0, omNode-1|rpc:localhost:13896|admin:|client:|dataStream:|priority:0, omNode-2|rpc:localhost:13902|admin:|client:|dataStream:|priority:0], old=null
2021-10-24 13:00:59,321 [pool-391-thread-1] INFO  server.RaftServerConfigKeys (ConfUtils.java:logGet(44)) - raft.server.notification.no-leader.timeout = 2s (custom)
2021-10-24 13:00:59,321 [pool-391-thread-1] INFO  server.RaftServerConfigKeys (ConfUtils.java:logGet(44)) - raft.server.log.use.memory = false (default)
2021-10-24 13:00:59,321 [pool-391-thread-1] INFO  server.RaftServerConfigKeys (ConfUtils.java:logGet(44)) - raft.server.log.purge.gap = 50 (custom)
2021-10-24 13:00:59,321 [pool-391-thread-1] INFO  server.RaftServerConfigKeys (ConfUtils.java:logGet(44)) - raft.server.log.appender.buffer.byte-limit = 33554432 (custom)
2021-10-24 13:00:59,321 [pool-391-thread-1] INFO  server.RaftServerConfigKeys (ConfUtils.java:logGet(44)) - raft.server.log.segment.size.max = 4194304 (custom)
2021-10-24 13:00:59,322 [pool-391-thread-1] INFO  server.RaftServerConfigKeys (ConfUtils.java:logGet(44)) - raft.server.log.segment.cache.num.max = 2 (custom)
2021-10-24 13:00:59,322 [pool-391-thread-1] INFO  server.RaftServerConfigKeys (ConfUtils.java:logGet(44)) - raft.server.log.segment.cache.size.max = 200MB (=209715200) (default)
2021-10-24 13:00:59,322 [pool-391-thread-1] INFO  segmented.SegmentedRaftLogWorker (SegmentedRaftLogWorker.java:<init>(182)) - new omNode-2@group-523986131536-SegmentedRaftLogWorker for RaftStorageImpl:Storage Directory /home/runner/work/ozone/ozone/hadoop-ozone/integration-test/target/test-dir/MiniOzoneClusterImpl-cd96da87-0819-4dc2-95d7-841b147881f8/omNode-2/ratis/c9bc4cf4-3bc3-3c60-a66b-523986131536
2021-10-24 13:00:59,322 [pool-391-thread-1] INFO  server.RaftServerConfigKeys (ConfUtils.java:logGet(44)) - raft.server.log.queue.byte-limit = 64MB (=67108864) (default)
2021-10-24 13:00:59,322 [pool-391-thread-1] INFO  server.RaftServerConfigKeys (ConfUtils.java:logGet(44)) - raft.server.log.queue.element-limit = 4096 (default)
2021-10-24 13:00:59,322 [pool-391-thread-1] INFO  server.RaftServerConfigKeys (ConfUtils.java:logGet(44)) - raft.server.log.segment.size.max = 4194304 (custom)
2021-10-24 13:00:59,322 [pool-391-thread-1] INFO  server.RaftServerConfigKeys (ConfUtils.java:logGet(44)) - raft.server.log.preallocated.size = 4194304 (custom)
2021-10-24 13:00:59,322 [pool-391-thread-1] INFO  server.RaftServerConfigKeys (ConfUtils.java:logGet(44)) - raft.server.log.force.sync.num = 128 (default)
2021-10-24 13:00:59,322 [pool-391-thread-1] INFO  server.RaftServerConfigKeys (ConfUtils.java:logGet(44)) - raft.server.log.statemachine.data.sync = true (default)
2021-10-24 13:00:59,322 [pool-391-thread-1] INFO  server.RaftServerConfigKeys (ConfUtils.java:logGet(44)) - raft.server.log.statemachine.data.sync.timeout = 10s (default)
2021-10-24 13:00:59,322 [pool-391-thread-1] INFO  server.RaftServerConfigKeys (ConfUtils.java:logGet(44)) - raft.server.log.statemachine.data.sync.timeout.retry = -1 (default)
2021-10-24 13:00:59,323 [pool-391-thread-1] INFO  server.RaftServerConfigKeys (ConfUtils.java:logGet(44)) - raft.server.log.write.buffer.size = 64KB (=65536) (default)
2021-10-24 13:00:59,323 [pool-391-thread-1] INFO  server.RaftServerConfigKeys (ConfUtils.java:logGet(44)) - raft.server.log.statemachine.data.caching.enabled = false (default)
2021-10-24 13:00:59,324 [pool-391-thread-1] INFO  server.RaftServer$Division (ServerState.java:setRaftConf(387)) - omNode-2@group-523986131536: set configuration 21: [omNode-3|rpc:localhost:13908|admin:|client:|dataStream:|priority:0, omNode-1|rpc:localhost:13896|admin:|client:|dataStream:|priority:0, omNode-2|rpc:localhost:13902|admin:|client:|dataStream:|priority:0], old=null
2021-10-24 13:00:59,324 [pool-391-thread-1] INFO  segmented.LogSegment (LogSegment.java:loadSegment(173)) - Successfully read 2 entries from segment file /home/runner/work/ozone/ozone/hadoop-ozone/integration-test/target/test-dir/MiniOzoneClusterImpl-cd96da87-0819-4dc2-95d7-841b147881f8/omNode-2/ratis/c9bc4cf4-3bc3-3c60-a66b-523986131536/current/log_21-22
2021-10-24 13:00:59,324 [pool-391-thread-1] INFO  server.RaftServer$Division (ServerState.java:setRaftConf(387)) - omNode-2@group-523986131536: set configuration 23: [omNode-3|rpc:localhost:13908|admin:|client:|dataStream:|priority:0, omNode-1|rpc:localhost:13896|admin:|client:|dataStream:|priority:0, omNode-2|rpc:localhost:13902|admin:|client:|dataStream:|priority:0], old=null
2021-10-24 13:00:59,324 [pool-391-thread-1] INFO  segmented.LogSegment (LogSegment.java:loadSegment(173)) - Successfully read 4 entries from segment file /home/runner/work/ozone/ozone/hadoop-ozone/integration-test/target/test-dir/MiniOzoneClusterImpl-cd96da87-0819-4dc2-95d7-841b147881f8/omNode-2/ratis/c9bc4cf4-3bc3-3c60-a66b-523986131536/current/log_23-26
2021-10-24 13:00:59,324 [pool-391-thread-1] INFO  server.RaftServer$Division (ServerState.java:setRaftConf(387)) - omNode-2@group-523986131536: set configuration 27: [omNode-3|rpc:localhost:13908|admin:|client:|dataStream:|priority:0, omNode-1|rpc:localhost:13896|admin:|client:|dataStream:|priority:0, omNode-2|rpc:localhost:13902|admin:|client:|dataStream:|priority:0], old=null
2021-10-24 13:00:59,324 [pool-391-thread-1] INFO  segmented.LogSegment (LogSegment.java:loadSegment(173)) - Successfully read 4 entries from segment file /home/runner/work/ozone/ozone/hadoop-ozone/integration-test/target/test-dir/MiniOzoneClusterImpl-cd96da87-0819-4dc2-95d7-841b147881f8/omNode-2/ratis/c9bc4cf4-3bc3-3c60-a66b-523986131536/current/log_27-30
2021-10-24 13:00:59,324 [pool-391-thread-1] INFO  server.RaftServer$Division (ServerState.java:setRaftConf(387)) - omNode-2@group-523986131536: set configuration 31: [omNode-3|rpc:localhost:13908|admin:|client:|dataStream:|priority:0, omNode-1|rpc:localhost:13896|admin:|client:|dataStream:|priority:0, omNode-2|rpc:localhost:13902|admin:|client:|dataStream:|priority:0], old=null
2021-10-24 13:00:59,325 [pool-391-thread-1] INFO  segmented.LogSegment (LogSegment.java:loadSegment(173)) - Successfully read 2 entries from segment file /home/runner/work/ozone/ozone/hadoop-ozone/integration-test/target/test-dir/MiniOzoneClusterImpl-cd96da87-0819-4dc2-95d7-841b147881f8/omNode-2/ratis/c9bc4cf4-3bc3-3c60-a66b-523986131536/current/log_inprogress_31
2021-10-24 13:00:59,325 [pool-391-thread-1] INFO  segmented.SegmentedRaftLogWorker (SegmentedRaftLogWorker.java:lambda$new$0(133)) - omNode-2@group-523986131536-SegmentedRaftLogWorker: flushIndex: setUnconditionally 0 -> 32
2021-10-24 13:00:59,325 [pool-391-thread-1] INFO  segmented.SegmentedRaftLogWorker (SegmentedRaftLogWorker.java:lambda$new$0(133)) - omNode-2@group-523986131536-SegmentedRaftLogWorker: safeCacheEvictIndex: setUnconditionally 0 -> 30
2021-10-24 13:00:59,325 [pool-391-thread-1] INFO  raftlog.RaftLog (RaftLogBase.java:lambda$new$0(53)) - omNode-2@group-523986131536-SegmentedRaftLog: commitIndex: updateToMax old=32, new=31, updated? false
2021-10-24 13:00:59,325 [pool-391-thread-1] INFO  raftlog.RaftLog (RaftLogBase.java:lambda$new$0(53)) - omNode-2@group-523986131536-SegmentedRaftLog: purgeIndex: updateIncreasingly -1 -> 20
2021-10-24 13:00:59,325 [pool-391-thread-1] INFO  server.RaftServerConfigKeys (ConfUtils.java:logGet(44)) - raft.server.snapshot.auto.trigger.enabled = true (custom)
2021-10-24 13:00:59,325 [pool-391-thread-1] INFO  server.RaftServerConfigKeys (ConfUtils.java:logGet(44)) - raft.server.snapshot.auto.trigger.threshold = 50 (custom)
2021-10-24 13:00:59,325 [pool-391-thread-1] INFO  server.RaftServerConfigKeys (ConfUtils.java:logGet(44)) - raft.server.snapshot.retention.file.num = -1 (default)
2021-10-24 13:00:59,325 [pool-391-thread-1] INFO  server.RaftServerConfigKeys (ConfUtils.java:logGet(44)) - raft.server.log.purge.upto.snapshot.index = true (custom)
2021-10-24 13:00:59,325 [pool-391-thread-1] INFO  server.RaftServerConfigKeys (ConfUtils.java:logGet(44)) - raft.server.retrycache.expirytime = 30000ms (custom)
2021-10-24 13:00:59,325 [pool-391-thread-1] INFO  server.RaftServerConfigKeys (ConfUtils.java:logGet(44)) - raft.server.retrycache.statistics.expirytime = 100μs (default)
2021-10-24 13:00:59,327 [Listener at localhost/13892] INFO  server.RaftServer$Division (RaftServerImpl.java:start(301)) - omNode-2@group-523986131536: start as a follower, conf=31: [omNode-3|rpc:localhost:13908|admin:|client:|dataStream:|priority:0, omNode-1|rpc:localhost:13896|admin:|client:|dataStream:|priority:0, omNode-2|rpc:localhost:13902|admin:|client:|dataStream:|priority:0], old=null
2021-10-24 13:00:59,327 [Listener at localhost/13892] INFO  server.RaftServer$Division (RaftServerImpl.java:setRole(290)) - omNode-2@group-523986131536: changes role from      null to FOLLOWER at term 11 for startAsFollower
2021-10-24 13:00:59,327 [Listener at localhost/13892] INFO  impl.RoleInfo (RoleInfo.java:updateAndGet(130)) - omNode-2: start omNode-2@group-523986131536-FollowerState
2021-10-24 13:00:59,328 [Listener at localhost/13892] INFO  util.JmxRegister (JmxRegister.java:tryRegister(44)) - Successfully registered JMX Bean with object name Ratis:service=RaftServer,group=group-523986131536,id=omNode-2
2021-10-24 13:00:59,328 [Listener at localhost/13892] INFO  server.RaftServer (RaftServerProxy.java:lambda$start$5(374)) - omNode-2: start RPC server
2021-10-24 13:00:59,329 [Listener at localhost/13892] INFO  server.GrpcService (GrpcService.java:startImpl(253)) - omNode-2: GrpcService started, listening on 13902
2021-10-24 13:00:59,329 [org.apache.ratis.util.JvmPauseMonitor$$Lambda$523/122473104@280c5134] INFO  util.JvmPauseMonitor (JvmPauseMonitor.java:run(103)) - JvmPauseMonitor-omNode-2: Started
2021-10-24 13:00:59,329 [Listener at localhost/13892] INFO  ipc.CallQueueManager (CallQueueManager.java:<init>(90)) - Using callQueue: class java.util.concurrent.LinkedBlockingQueue, queueCapacity: 2000, scheduler: class org.apache.hadoop.ipc.DefaultRpcScheduler, ipcBackoff: false.
2021-10-24 13:00:59,330 [Socket Reader #1 for port 13898] INFO  ipc.Server (Server.java:run(1265)) - Starting Socket Reader #1 for port 13898
2021-10-24 13:00:59,337 [Listener at localhost/13898] INFO  http.BaseHttpServer (BaseHttpServer.java:newHttpServer2BuilderForOzone(209)) - Starting Web-server for ozoneManager at: http://0.0.0.0:13900
2021-10-24 13:00:59,337 [Listener at localhost/13898] INFO  http.BaseHttpServer (BaseHttpServer.java:<init>(107)) - Hadoop Security Enabled: false Ozone Security Enabled: false Ozone HTTP Security Enabled: false 
2021-10-24 13:00:59,338 [Listener at localhost/13898] INFO  server.AuthenticationFilter (AuthenticationFilter.java:constructSecretProvider(240)) - Unable to initialize FileSignerSecretProvider, falling back to use random secrets.
2021-10-24 13:00:59,338 [Listener at localhost/13898] WARN  http.HttpRequestLog (HttpRequestLog.java:getRequestLog(103)) - Jetty request log can only be enabled using Log4j
2021-10-24 13:00:59,339 [Listener at localhost/13898] INFO  http.HttpServer2 (HttpServer2.java:addGlobalFilter(1030)) - Added global filter 'safety' (class=org.apache.hadoop.hdds.server.http.HttpServer2$QuotingInputFilter)
2021-10-24 13:00:59,340 [Listener at localhost/13898] INFO  http.HttpServer2 (HttpServer2.java:addFilter(1006)) - Added filter static_user_filter (class=org.apache.hadoop.http.lib.StaticUserWebFilter$StaticUserFilter) to context ozoneManager
2021-10-24 13:00:59,340 [Listener at localhost/13898] INFO  http.HttpServer2 (HttpServer2.java:addFilter(1014)) - Added filter static_user_filter (class=org.apache.hadoop.http.lib.StaticUserWebFilter$StaticUserFilter) to context static
2021-10-24 13:00:59,340 [Listener at localhost/13898] INFO  http.HttpServer2 (HttpServer2.java:addFilter(1014)) - Added filter static_user_filter (class=org.apache.hadoop.http.lib.StaticUserWebFilter$StaticUserFilter) to context logs
2021-10-24 13:00:59,340 [Listener at localhost/13898] INFO  http.HttpServer2 (HttpServer2.java:bindListener(1249)) - Jetty bound to port 13900
2021-10-24 13:00:59,340 [Listener at localhost/13898] INFO  server.Server (Server.java:doStart(375)) - jetty-9.4.43.v20210629; built: 2021-06-30T11:07:22.254Z; git: 526006ecfa3af7f1a27ef3a288e2bef7ea9dd7e8; jvm 1.8.0_292-b10
2021-10-24 13:00:59,341 [Listener at localhost/13898] INFO  server.session (DefaultSessionIdManager.java:doStart(334)) - DefaultSessionIdManager workerName=node0
2021-10-24 13:00:59,341 [Listener at localhost/13898] INFO  server.session (DefaultSessionIdManager.java:doStart(339)) - No SessionScavenger set, using defaults
2021-10-24 13:00:59,342 [Listener at localhost/13898] INFO  server.session (HouseKeeper.java:startScavenging(132)) - node0 Scavenging every 660000ms
2021-10-24 13:00:59,342 [Listener at localhost/13898] INFO  handler.ContextHandler (ContextHandler.java:doStart(915)) - Started o.e.j.s.ServletContextHandler@65da9cc0{logs,/logs,file:///home/runner/work/ozone/ozone/hadoop-ozone/integration-test/target/log,AVAILABLE}
2021-10-24 13:00:59,343 [Listener at localhost/13898] INFO  handler.ContextHandler (ContextHandler.java:doStart(915)) - Started o.e.j.s.ServletContextHandler@54d37a84{static,/static,file:///home/runner/work/ozone/ozone/hadoop-ozone/integration-test/target/test-classes/webapps/static,AVAILABLE}
2021-10-24 13:00:59,345 [Listener at localhost/13898] INFO  handler.ContextHandler (ContextHandler.java:doStart(915)) - Started o.e.j.w.WebAppContext@279f0684{ozoneManager,/,file:///home/runner/work/ozone/ozone/hadoop-ozone/integration-test/target/test-classes/webapps/ozoneManager/,AVAILABLE}{file:/home/runner/work/ozone/ozone/hadoop-ozone/integration-test/target/test-classes/webapps/ozoneManager}
2021-10-24 13:00:59,353 [Listener at localhost/13898] INFO  server.AbstractConnector (AbstractConnector.java:doStart(331)) - Started ServerConnector@1dc807a2{HTTP/1.1, (http/1.1)}{0.0.0.0:13900}
2021-10-24 13:00:59,353 [Listener at localhost/13898] INFO  server.Server (Server.java:doStart(415)) - Started @296122ms
2021-10-24 13:00:59,353 [Listener at localhost/13898] WARN  impl.MetricsSystemImpl (MetricsSystemImpl.java:register(279)) - Sink prometheus already exists!
2021-10-24 13:00:59,353 [Listener at localhost/13898] INFO  http.BaseHttpServer (BaseHttpServer.java:updateConnectorAddress(329)) - HTTP server of ozoneManager listening at http://0.0.0.0:13900
2021-10-24 13:00:59,356 [IPC Server Responder] INFO  ipc.Server (Server.java:run(1507)) - IPC Server Responder: starting
2021-10-24 13:00:59,357 [IPC Server listener on 13898] INFO  ipc.Server (Server.java:run(1344)) - IPC Server listener on 13898: starting
2021-10-24 13:00:59,363 [Listener at localhost/13898] INFO  om.OzoneManager (OzoneManager.java:startTrashEmptier(1563)) - Trash Interval set to 0. Files deleted will not move to trash
2021-10-24 13:00:59,363 [org.apache.hadoop.util.JvmPauseMonitor$Monitor@111eb2bb] INFO  util.JvmPauseMonitor (JvmPauseMonitor.java:run(188)) - Starting JVM pause monitor
]]></system-out>
  </testcase>
  <testcase name="testPrepareWithRestart" classname="org.apache.hadoop.ozone.om.TestOzoneManagerPrepare" time="4.402">
    <error message="Could not determine or connect to OM Leader." type="java.io.IOException">java.io.IOException: Could not determine or connect to OM Leader.
	at org.apache.hadoop.ozone.om.protocolPB.Hadoop3OmTransport.submitRequest(Hadoop3OmTransport.java:96)
	at org.apache.hadoop.ozone.om.protocolPB.OzoneManagerProtocolClientSideTranslatorPB.submitRequest(OzoneManagerProtocolClientSideTranslatorPB.java:230)
	at org.apache.hadoop.ozone.om.protocolPB.OzoneManagerProtocolClientSideTranslatorPB.cancelOzoneManagerPrepare(OzoneManagerProtocolClientSideTranslatorPB.java:1640)
	at org.apache.hadoop.ozone.om.TestOzoneManagerPrepare.submitCancelPrepareRequest(TestOzoneManagerPrepare.java:430)
	at org.apache.hadoop.ozone.om.TestOzoneManagerPrepare.initOM(TestOzoneManagerPrepare.java:90)
	at sun.reflect.NativeMethodAccessorImpl.invoke0(Native Method)
	at sun.reflect.NativeMethodAccessorImpl.invoke(NativeMethodAccessorImpl.java:62)
	at sun.reflect.DelegatingMethodAccessorImpl.invoke(DelegatingMethodAccessorImpl.java:43)
	at java.lang.reflect.Method.invoke(Method.java:498)
	at org.junit.runners.model.FrameworkMethod$1.runReflectiveCall(FrameworkMethod.java:59)
	at org.junit.internal.runners.model.ReflectiveCallable.run(ReflectiveCallable.java:12)
	at org.junit.runners.model.FrameworkMethod.invokeExplosively(FrameworkMethod.java:56)
	at org.junit.internal.runners.statements.RunBefores.invokeMethod(RunBefores.java:33)
	at org.junit.internal.runners.statements.RunBefores.evaluate(RunBefores.java:24)
	at org.junit.internal.runners.statements.RunAfters.evaluate(RunAfters.java:27)
	at org.junit.rules.ExpectedException$ExpectedExceptionStatement.evaluate(ExpectedException.java:258)
	at org.junit.internal.runners.statements.FailOnTimeout$CallableStatement.call(FailOnTimeout.java:288)
	at org.junit.internal.runners.statements.FailOnTimeout$CallableStatement.call(FailOnTimeout.java:282)
	at java.util.concurrent.FutureTask.run(FutureTask.java:266)
	at java.lang.Thread.run(Thread.java:748)
</error>
    <system-out><![CDATA[2021-10-24 13:00:59,366 [Time-limited test] INFO  retry.RetryInvocationHandler (RetryInvocationHandler.java:log(411)) - com.google.protobuf.ServiceException: java.io.EOFException: End of File Exception between local host is: "fv-az50-989/10.1.0.40"; destination host is: "localhost":13898; : java.io.EOFException; For more details see:  http://wiki.apache.org/hadoop/EOFException, while invoking $Proxy52.submitRequest over nodeId=omNode-2,nodeAddress=127.0.0.1:13898. Trying to failover after sleeping for 2000ms.
2021-10-24 13:01:00,162 [omNode-3@group-523986131536-FollowerState] INFO  impl.FollowerState (FollowerState.java:run(134)) - omNode-3@group-523986131536-FollowerState: change to CANDIDATE, lastRpcElapsedTime:1060392712ns, electionTimeout:1060ms
2021-10-24 13:01:00,163 [omNode-3@group-523986131536-FollowerState] INFO  impl.RoleInfo (RoleInfo.java:shutdownFollowerState(108)) - omNode-3: shutdown omNode-3@group-523986131536-FollowerState
2021-10-24 13:01:00,163 [omNode-3@group-523986131536-FollowerState] INFO  server.RaftServer$Division (RaftServerImpl.java:setRole(290)) - omNode-3@group-523986131536: changes role from  FOLLOWER to CANDIDATE at term 9 for changeToCandidate
2021-10-24 13:01:00,163 [omNode-3@group-523986131536-FollowerState] INFO  server.RaftServerConfigKeys (ConfUtils.java:logGet(44)) - raft.server.leaderelection.pre-vote = false (custom)
2021-10-24 13:01:00,163 [omNode-3@group-523986131536-FollowerState] INFO  impl.RoleInfo (RoleInfo.java:updateAndGet(130)) - omNode-3: start omNode-3@group-523986131536-LeaderElection32
2021-10-24 13:01:00,167 [omNode-3@group-523986131536-LeaderElection32] INFO  impl.LeaderElection (LeaderElection.java:askForVotes(306)) - omNode-3@group-523986131536-LeaderElection32 ELECTION round 0: submit vote requests at term 10 for 31: [omNode-3|rpc:localhost:13908|admin:|client:|dataStream:|priority:0, omNode-1|rpc:localhost:13896|admin:|client:|dataStream:|priority:0, omNode-2|rpc:localhost:13902|admin:|client:|dataStream:|priority:0], old=null
2021-10-24 13:01:00,174 [grpc-default-executor-9] INFO  server.RaftServer$Division (RaftServerImpl.java:requestVote(1046)) - omNode-2@group-523986131536: receive requestVote(ELECTION, omNode-3, group-523986131536, 10, (t:9, i:32))
2021-10-24 13:01:00,174 [grpc-default-executor-9] INFO  impl.VoteContext (VoteContext.java:log(48)) - omNode-2@group-523986131536-FOLLOWER: reject ELECTION from omNode-3: current term 11 > candidate's term 10
2021-10-24 13:01:00,175 [grpc-default-executor-9] INFO  server.RaftServer$Division (RaftServerImpl.java:requestVote(1078)) - omNode-2@group-523986131536 replies to ELECTION vote request: omNode-3<-omNode-2#0:FAIL-t11. Peer's state: omNode-2@group-523986131536:t11, leader=null, voted=, raftlog=omNode-2@group-523986131536-SegmentedRaftLog:OPENED:c32, conf=31: [omNode-3|rpc:localhost:13908|admin:|client:|dataStream:|priority:0, omNode-1|rpc:localhost:13896|admin:|client:|dataStream:|priority:0, omNode-2|rpc:localhost:13902|admin:|client:|dataStream:|priority:0], old=null
2021-10-24 13:01:00,176 [omNode-3@group-523986131536-LeaderElection32] INFO  impl.LeaderElection (LeaderElection.java:logAndReturn(89)) - omNode-3@group-523986131536-LeaderElection32: ELECTION DISCOVERED_A_NEW_TERM (term=11) received 1 response(s) and 0 exception(s):
2021-10-24 13:01:00,176 [omNode-3@group-523986131536-LeaderElection32] INFO  impl.LeaderElection (LeaderElection.java:logAndReturn(93)) -   Response 0: omNode-3<-omNode-2#0:FAIL-t11
2021-10-24 13:01:00,176 [omNode-3@group-523986131536-LeaderElection32] INFO  impl.LeaderElection (LeaderElection.java:askForVotes(308)) - omNode-3@group-523986131536-LeaderElection32 ELECTION round 0: result DISCOVERED_A_NEW_TERM (term=11)
2021-10-24 13:01:00,176 [omNode-3@group-523986131536-LeaderElection32] INFO  server.RaftServer$Division (RaftServerImpl.java:setRole(290)) - omNode-3@group-523986131536: changes role from CANDIDATE to FOLLOWER at term 11 for DISCOVERED_A_NEW_TERM (term=11)
2021-10-24 13:01:00,176 [omNode-3@group-523986131536-LeaderElection32] INFO  impl.RoleInfo (RoleInfo.java:shutdownLeaderElection(121)) - omNode-3: shutdown omNode-3@group-523986131536-LeaderElection32
2021-10-24 13:01:00,176 [omNode-3@group-523986131536-LeaderElection32] INFO  impl.RoleInfo (RoleInfo.java:updateAndGet(130)) - omNode-3: start omNode-3@group-523986131536-FollowerState
2021-10-24 13:01:00,177 [grpc-default-executor-1] INFO  server.RaftServer$Division (RaftServerImpl.java:requestVote(1046)) - omNode-1@group-523986131536: receive requestVote(ELECTION, omNode-3, group-523986131536, 10, (t:9, i:32))
2021-10-24 13:01:00,177 [grpc-default-executor-1] INFO  impl.VoteContext (VoteContext.java:log(48)) - omNode-1@group-523986131536-FOLLOWER: reject ELECTION from omNode-3: current term 11 > candidate's term 10
2021-10-24 13:01:00,177 [grpc-default-executor-1] INFO  server.RaftServer$Division (RaftServerImpl.java:requestVote(1078)) - omNode-1@group-523986131536 replies to ELECTION vote request: omNode-3<-omNode-1#0:FAIL-t11. Peer's state: omNode-1@group-523986131536:t11, leader=null, voted=omNode-1, raftlog=omNode-1@group-523986131536-SegmentedRaftLog:OPENED:c20, conf=31: [omNode-3|rpc:localhost:13908|admin:|client:|dataStream:|priority:0, omNode-1|rpc:localhost:13896|admin:|client:|dataStream:|priority:0, omNode-2|rpc:localhost:13902|admin:|client:|dataStream:|priority:0], old=null
2021-10-24 13:01:00,320 [omNode-1@group-523986131536-FollowerState] INFO  impl.FollowerState (FollowerState.java:run(134)) - omNode-1@group-523986131536-FollowerState: change to CANDIDATE, lastRpcElapsedTime:1109941902ns, electionTimeout:1108ms
2021-10-24 13:01:00,320 [omNode-1@group-523986131536-FollowerState] INFO  impl.RoleInfo (RoleInfo.java:shutdownFollowerState(108)) - omNode-1: shutdown omNode-1@group-523986131536-FollowerState
2021-10-24 13:01:00,320 [omNode-1@group-523986131536-FollowerState] INFO  server.RaftServer$Division (RaftServerImpl.java:setRole(290)) - omNode-1@group-523986131536: changes role from  FOLLOWER to CANDIDATE at term 11 for changeToCandidate
2021-10-24 13:01:00,320 [omNode-1@group-523986131536-FollowerState] INFO  server.RaftServerConfigKeys (ConfUtils.java:logGet(44)) - raft.server.leaderelection.pre-vote = false (custom)
2021-10-24 13:01:00,320 [omNode-1@group-523986131536-FollowerState] INFO  impl.RoleInfo (RoleInfo.java:updateAndGet(130)) - omNode-1: start omNode-1@group-523986131536-LeaderElection33
2021-10-24 13:01:00,323 [omNode-1@group-523986131536-LeaderElection33] INFO  impl.LeaderElection (LeaderElection.java:askForVotes(306)) - omNode-1@group-523986131536-LeaderElection33 ELECTION round 0: submit vote requests at term 12 for 31: [omNode-3|rpc:localhost:13908|admin:|client:|dataStream:|priority:0, omNode-1|rpc:localhost:13896|admin:|client:|dataStream:|priority:0, omNode-2|rpc:localhost:13902|admin:|client:|dataStream:|priority:0], old=null
2021-10-24 13:01:00,329 [grpc-default-executor-1] INFO  server.RaftServer$Division (RaftServerImpl.java:requestVote(1046)) - omNode-3@group-523986131536: receive requestVote(ELECTION, omNode-1, group-523986131536, 12, (t:2, i:20))
2021-10-24 13:01:00,330 [grpc-default-executor-1] INFO  impl.VoteContext (VoteContext.java:log(48)) - omNode-3@group-523986131536-FOLLOWER: reject ELECTION from omNode-1: our last entry (t:9, i:32) > candidate's last entry (t:2, i:20)
2021-10-24 13:01:00,330 [grpc-default-executor-1] INFO  server.RaftServer$Division (RaftServerImpl.java:setRole(290)) - omNode-3@group-523986131536: changes role from  FOLLOWER to FOLLOWER at term 12 for candidate:omNode-1
2021-10-24 13:01:00,330 [grpc-default-executor-1] INFO  impl.RoleInfo (RoleInfo.java:shutdownFollowerState(108)) - omNode-3: shutdown omNode-3@group-523986131536-FollowerState
2021-10-24 13:01:00,330 [grpc-default-executor-1] INFO  impl.RoleInfo (RoleInfo.java:updateAndGet(130)) - omNode-3: start omNode-3@group-523986131536-FollowerState
2021-10-24 13:01:00,330 [omNode-3@group-523986131536-FollowerState] INFO  impl.FollowerState (FollowerState.java:run(143)) - omNode-3@group-523986131536-FollowerState was interrupted: {}
java.lang.InterruptedException: sleep interrupted
	at java.lang.Thread.sleep(Native Method)
	at java.lang.Thread.sleep(Thread.java:340)
	at java.util.concurrent.TimeUnit.sleep(TimeUnit.java:386)
	at org.apache.ratis.util.TimeDuration.sleep(TimeDuration.java:324)
	at org.apache.ratis.util.TimeDuration.sleep(TimeDuration.java:309)
	at org.apache.ratis.server.impl.FollowerState.run(FollowerState.java:118)
2021-10-24 13:01:00,330 [grpc-default-executor-9] INFO  server.RaftServer$Division (RaftServerImpl.java:requestVote(1046)) - omNode-2@group-523986131536: receive requestVote(ELECTION, omNode-1, group-523986131536, 12, (t:2, i:20))
2021-10-24 13:01:00,330 [grpc-default-executor-9] INFO  impl.VoteContext (VoteContext.java:log(48)) - omNode-2@group-523986131536-FOLLOWER: reject ELECTION from omNode-1: our last entry (t:9, i:32) > candidate's last entry (t:2, i:20)
2021-10-24 13:01:00,330 [grpc-default-executor-9] INFO  server.RaftServer$Division (RaftServerImpl.java:setRole(290)) - omNode-2@group-523986131536: changes role from  FOLLOWER to FOLLOWER at term 12 for candidate:omNode-1
2021-10-24 13:01:00,330 [grpc-default-executor-9] INFO  impl.RoleInfo (RoleInfo.java:shutdownFollowerState(108)) - omNode-2: shutdown omNode-2@group-523986131536-FollowerState
2021-10-24 13:01:00,330 [grpc-default-executor-9] INFO  impl.RoleInfo (RoleInfo.java:updateAndGet(130)) - omNode-2: start omNode-2@group-523986131536-FollowerState
2021-10-24 13:01:00,331 [omNode-2@group-523986131536-FollowerState] INFO  impl.FollowerState (FollowerState.java:run(143)) - omNode-2@group-523986131536-FollowerState was interrupted: {}
java.lang.InterruptedException: sleep interrupted
	at java.lang.Thread.sleep(Native Method)
	at java.lang.Thread.sleep(Thread.java:340)
	at java.util.concurrent.TimeUnit.sleep(TimeUnit.java:386)
	at org.apache.ratis.util.TimeDuration.sleep(TimeDuration.java:324)
	at org.apache.ratis.util.TimeDuration.sleep(TimeDuration.java:309)
	at org.apache.ratis.server.impl.FollowerState.run(FollowerState.java:118)
2021-10-24 13:01:00,339 [grpc-default-executor-1] INFO  server.RaftServer$Division (RaftServerImpl.java:requestVote(1078)) - omNode-3@group-523986131536 replies to ELECTION vote request: omNode-1<-omNode-3#0:FAIL-t12. Peer's state: omNode-3@group-523986131536:t12, leader=null, voted=null, raftlog=omNode-3@group-523986131536-SegmentedRaftLog:OPENED:c32, conf=31: [omNode-3|rpc:localhost:13908|admin:|client:|dataStream:|priority:0, omNode-1|rpc:localhost:13896|admin:|client:|dataStream:|priority:0, omNode-2|rpc:localhost:13902|admin:|client:|dataStream:|priority:0], old=null
2021-10-24 13:01:00,340 [grpc-default-executor-9] INFO  server.RaftServer$Division (RaftServerImpl.java:requestVote(1078)) - omNode-2@group-523986131536 replies to ELECTION vote request: omNode-1<-omNode-2#0:FAIL-t12. Peer's state: omNode-2@group-523986131536:t12, leader=null, voted=null, raftlog=omNode-2@group-523986131536-SegmentedRaftLog:OPENED:c32, conf=31: [omNode-3|rpc:localhost:13908|admin:|client:|dataStream:|priority:0, omNode-1|rpc:localhost:13896|admin:|client:|dataStream:|priority:0, omNode-2|rpc:localhost:13902|admin:|client:|dataStream:|priority:0], old=null
2021-10-24 13:01:00,344 [omNode-1@group-523986131536-LeaderElection33] INFO  impl.LeaderElection (LeaderElection.java:logAndReturn(89)) - omNode-1@group-523986131536-LeaderElection33: ELECTION REJECTED received 2 response(s) and 0 exception(s):
2021-10-24 13:01:00,344 [omNode-1@group-523986131536-LeaderElection33] INFO  impl.LeaderElection (LeaderElection.java:logAndReturn(93)) -   Response 0: omNode-1<-omNode-3#0:FAIL-t12
2021-10-24 13:01:00,344 [omNode-1@group-523986131536-LeaderElection33] INFO  impl.LeaderElection (LeaderElection.java:logAndReturn(93)) -   Response 1: omNode-1<-omNode-2#0:FAIL-t12
2021-10-24 13:01:00,344 [omNode-1@group-523986131536-LeaderElection33] INFO  impl.LeaderElection (LeaderElection.java:askForVotes(308)) - omNode-1@group-523986131536-LeaderElection33 ELECTION round 0: result REJECTED
2021-10-24 13:01:00,344 [omNode-1@group-523986131536-LeaderElection33] INFO  server.RaftServer$Division (RaftServerImpl.java:setRole(290)) - omNode-1@group-523986131536: changes role from CANDIDATE to FOLLOWER at term 12 for REJECTED
2021-10-24 13:01:00,344 [omNode-1@group-523986131536-LeaderElection33] INFO  impl.RoleInfo (RoleInfo.java:shutdownLeaderElection(121)) - omNode-1: shutdown omNode-1@group-523986131536-LeaderElection33
2021-10-24 13:01:00,344 [omNode-1@group-523986131536-LeaderElection33] INFO  impl.RoleInfo (RoleInfo.java:updateAndGet(130)) - omNode-1: start omNode-1@group-523986131536-FollowerState
2021-10-24 13:01:01,363 [omNode-1@group-523986131536-FollowerState] INFO  impl.FollowerState (FollowerState.java:run(134)) - omNode-1@group-523986131536-FollowerState: change to CANDIDATE, lastRpcElapsedTime:1018447726ns, electionTimeout:1018ms
2021-10-24 13:01:01,363 [omNode-1@group-523986131536-FollowerState] INFO  impl.RoleInfo (RoleInfo.java:shutdownFollowerState(108)) - omNode-1: shutdown omNode-1@group-523986131536-FollowerState
2021-10-24 13:01:01,363 [omNode-1@group-523986131536-FollowerState] INFO  server.RaftServer$Division (RaftServerImpl.java:setRole(290)) - omNode-1@group-523986131536: changes role from  FOLLOWER to CANDIDATE at term 12 for changeToCandidate
2021-10-24 13:01:01,363 [omNode-1@group-523986131536-FollowerState] INFO  server.RaftServerConfigKeys (ConfUtils.java:logGet(44)) - raft.server.leaderelection.pre-vote = false (custom)
2021-10-24 13:01:01,363 [omNode-1@group-523986131536-FollowerState] INFO  impl.RoleInfo (RoleInfo.java:updateAndGet(130)) - omNode-1: start omNode-1@group-523986131536-LeaderElection34
2021-10-24 13:01:01,367 [omNode-1@group-523986131536-LeaderElection34] INFO  impl.LeaderElection (LeaderElection.java:askForVotes(306)) - omNode-1@group-523986131536-LeaderElection34 ELECTION round 0: submit vote requests at term 13 for 31: [omNode-3|rpc:localhost:13908|admin:|client:|dataStream:|priority:0, omNode-1|rpc:localhost:13896|admin:|client:|dataStream:|priority:0, omNode-2|rpc:localhost:13902|admin:|client:|dataStream:|priority:0], old=null
2021-10-24 13:01:01,367 [Time-limited test] INFO  retry.RetryInvocationHandler (RetryInvocationHandler.java:log(411)) - com.google.protobuf.ServiceException: java.io.EOFException: End of File Exception between local host is: "fv-az50-989/10.1.0.40"; destination host is: "localhost":13892; : java.io.EOFException; For more details see:  http://wiki.apache.org/hadoop/EOFException, while invoking $Proxy52.submitRequest over nodeId=omNode-1,nodeAddress=127.0.0.1:13892 after 1 failover attempts. Trying to failover immediately.
2021-10-24 13:01:01,376 [Time-limited test] INFO  retry.RetryInvocationHandler (RetryInvocationHandler.java:log(411)) - com.google.protobuf.ServiceException: org.apache.hadoop.ipc.RemoteException(org.apache.hadoop.ozone.om.exceptions.OMNotLeaderException): OM:omNode-2 is not the leader. Could not determine the leader node.
	at org.apache.hadoop.ozone.om.ratis.utils.OzoneManagerRatisUtils.createNotLeaderException(OzoneManagerRatisUtils.java:465)
	at org.apache.hadoop.ozone.om.ratis.utils.OzoneManagerRatisUtils.checkLeaderStatus(OzoneManagerRatisUtils.java:451)
	at org.apache.hadoop.ozone.protocolPB.OzoneManagerProtocolServerSideTranslatorPB.checkLeaderStatus(OzoneManagerProtocolServerSideTranslatorPB.java:243)
	at org.apache.hadoop.ozone.protocolPB.OzoneManagerProtocolServerSideTranslatorPB.processRequest(OzoneManagerProtocolServerSideTranslatorPB.java:135)
	at org.apache.hadoop.hdds.server.OzoneProtocolMessageDispatcher.processRequest(OzoneProtocolMessageDispatcher.java:87)
	at org.apache.hadoop.ozone.protocolPB.OzoneManagerProtocolServerSideTranslatorPB.submitRequest(OzoneManagerProtocolServerSideTranslatorPB.java:123)
	at org.apache.hadoop.ozone.protocol.proto.OzoneManagerProtocolProtos$OzoneManagerService$2.callBlockingMethod(OzoneManagerProtocolProtos.java)
	at org.apache.hadoop.ipc.ProtobufRpcEngine$Server.processCall(ProtobufRpcEngine.java:466)
	at org.apache.hadoop.ipc.ProtobufRpcEngine2$Server$ProtoBufRpcInvoker.call(ProtobufRpcEngine2.java:574)
	at org.apache.hadoop.ipc.ProtobufRpcEngine2$Server$ProtoBufRpcInvoker.call(ProtobufRpcEngine2.java:552)
	at org.apache.hadoop.ipc.RPC$Server.call(RPC.java:1093)
	at org.apache.hadoop.ipc.Server$RpcCall.run(Server.java:1035)
	at org.apache.hadoop.ipc.Server$RpcCall.run(Server.java:963)
	at java.security.AccessController.doPrivileged(Native Method)
	at javax.security.auth.Subject.doAs(Subject.java:422)
	at org.apache.hadoop.security.UserGroupInformation.doAs(UserGroupInformation.java:1878)
	at org.apache.hadoop.ipc.Server$Handler.run(Server.java:2966)
, while invoking $Proxy52.submitRequest over nodeId=omNode-2,nodeAddress=127.0.0.1:13898 after 2 failover attempts. Trying to failover immediately.
2021-10-24 13:01:01,376 [grpc-default-executor-9] INFO  server.RaftServer$Division (RaftServerImpl.java:requestVote(1046)) - omNode-2@group-523986131536: receive requestVote(ELECTION, omNode-1, group-523986131536, 13, (t:2, i:20))
2021-10-24 13:01:01,376 [grpc-default-executor-9] INFO  impl.VoteContext (VoteContext.java:log(48)) - omNode-2@group-523986131536-FOLLOWER: reject ELECTION from omNode-1: our last entry (t:9, i:32) > candidate's last entry (t:2, i:20)
2021-10-24 13:01:01,376 [grpc-default-executor-9] INFO  server.RaftServer$Division (RaftServerImpl.java:setRole(290)) - omNode-2@group-523986131536: changes role from  FOLLOWER to FOLLOWER at term 13 for candidate:omNode-1
2021-10-24 13:01:01,376 [grpc-default-executor-9] INFO  impl.RoleInfo (RoleInfo.java:shutdownFollowerState(108)) - omNode-2: shutdown omNode-2@group-523986131536-FollowerState
2021-10-24 13:01:01,376 [grpc-default-executor-9] INFO  impl.RoleInfo (RoleInfo.java:updateAndGet(130)) - omNode-2: start omNode-2@group-523986131536-FollowerState
2021-10-24 13:01:01,377 [omNode-2@group-523986131536-FollowerState] INFO  impl.FollowerState (FollowerState.java:run(143)) - omNode-2@group-523986131536-FollowerState was interrupted: {}
java.lang.InterruptedException: sleep interrupted
	at java.lang.Thread.sleep(Native Method)
	at java.lang.Thread.sleep(Thread.java:340)
	at java.util.concurrent.TimeUnit.sleep(TimeUnit.java:386)
	at org.apache.ratis.util.TimeDuration.sleep(TimeDuration.java:324)
	at org.apache.ratis.util.TimeDuration.sleep(TimeDuration.java:309)
	at org.apache.ratis.server.impl.FollowerState.run(FollowerState.java:118)
2021-10-24 13:01:01,378 [grpc-default-executor-1] INFO  server.RaftServer$Division (RaftServerImpl.java:requestVote(1046)) - omNode-3@group-523986131536: receive requestVote(ELECTION, omNode-1, group-523986131536, 13, (t:2, i:20))
2021-10-24 13:01:01,379 [grpc-default-executor-1] INFO  impl.VoteContext (VoteContext.java:log(48)) - omNode-3@group-523986131536-FOLLOWER: reject ELECTION from omNode-1: our last entry (t:9, i:32) > candidate's last entry (t:2, i:20)
2021-10-24 13:01:01,379 [grpc-default-executor-1] INFO  server.RaftServer$Division (RaftServerImpl.java:setRole(290)) - omNode-3@group-523986131536: changes role from  FOLLOWER to FOLLOWER at term 13 for candidate:omNode-1
2021-10-24 13:01:01,379 [grpc-default-executor-1] INFO  impl.RoleInfo (RoleInfo.java:shutdownFollowerState(108)) - omNode-3: shutdown omNode-3@group-523986131536-FollowerState
2021-10-24 13:01:01,379 [grpc-default-executor-1] INFO  impl.RoleInfo (RoleInfo.java:updateAndGet(130)) - omNode-3: start omNode-3@group-523986131536-FollowerState
2021-10-24 13:01:01,379 [Time-limited test] INFO  retry.RetryInvocationHandler (RetryInvocationHandler.java:log(411)) - com.google.protobuf.ServiceException: java.io.EOFException: End of File Exception between local host is: "fv-az50-989/10.1.0.40"; destination host is: "localhost":13904; : java.io.EOFException; For more details see:  http://wiki.apache.org/hadoop/EOFException, while invoking $Proxy52.submitRequest over nodeId=omNode-3,nodeAddress=127.0.0.1:13904 after 3 failover attempts. Trying to failover after sleeping for 2000ms.
2021-10-24 13:01:01,380 [omNode-3@group-523986131536-FollowerState] INFO  impl.FollowerState (FollowerState.java:run(143)) - omNode-3@group-523986131536-FollowerState was interrupted: {}
java.lang.InterruptedException: sleep interrupted
	at java.lang.Thread.sleep(Native Method)
	at java.lang.Thread.sleep(Thread.java:340)
	at java.util.concurrent.TimeUnit.sleep(TimeUnit.java:386)
	at org.apache.ratis.util.TimeDuration.sleep(TimeDuration.java:324)
	at org.apache.ratis.util.TimeDuration.sleep(TimeDuration.java:309)
	at org.apache.ratis.server.impl.FollowerState.run(FollowerState.java:118)
2021-10-24 13:01:01,381 [grpc-default-executor-9] INFO  server.RaftServer$Division (RaftServerImpl.java:requestVote(1078)) - omNode-2@group-523986131536 replies to ELECTION vote request: omNode-1<-omNode-2#0:FAIL-t13. Peer's state: omNode-2@group-523986131536:t13, leader=null, voted=null, raftlog=omNode-2@group-523986131536-SegmentedRaftLog:OPENED:c32, conf=31: [omNode-3|rpc:localhost:13908|admin:|client:|dataStream:|priority:0, omNode-1|rpc:localhost:13896|admin:|client:|dataStream:|priority:0, omNode-2|rpc:localhost:13902|admin:|client:|dataStream:|priority:0], old=null
2021-10-24 13:01:01,381 [grpc-default-executor-1] INFO  server.RaftServer$Division (RaftServerImpl.java:requestVote(1078)) - omNode-3@group-523986131536 replies to ELECTION vote request: omNode-1<-omNode-3#0:FAIL-t13. Peer's state: omNode-3@group-523986131536:t13, leader=null, voted=null, raftlog=omNode-3@group-523986131536-SegmentedRaftLog:OPENED:c32, conf=31: [omNode-3|rpc:localhost:13908|admin:|client:|dataStream:|priority:0, omNode-1|rpc:localhost:13896|admin:|client:|dataStream:|priority:0, omNode-2|rpc:localhost:13902|admin:|client:|dataStream:|priority:0], old=null
2021-10-24 13:01:01,382 [omNode-1@group-523986131536-LeaderElection34] INFO  impl.LeaderElection (LeaderElection.java:logAndReturn(89)) - omNode-1@group-523986131536-LeaderElection34: ELECTION REJECTED received 2 response(s) and 0 exception(s):
2021-10-24 13:01:01,382 [omNode-1@group-523986131536-LeaderElection34] INFO  impl.LeaderElection (LeaderElection.java:logAndReturn(93)) -   Response 0: omNode-1<-omNode-3#0:FAIL-t13
2021-10-24 13:01:01,382 [omNode-1@group-523986131536-LeaderElection34] INFO  impl.LeaderElection (LeaderElection.java:logAndReturn(93)) -   Response 1: omNode-1<-omNode-2#0:FAIL-t13
2021-10-24 13:01:01,382 [omNode-1@group-523986131536-LeaderElection34] INFO  impl.LeaderElection (LeaderElection.java:askForVotes(308)) - omNode-1@group-523986131536-LeaderElection34 ELECTION round 0: result REJECTED
2021-10-24 13:01:01,382 [omNode-1@group-523986131536-LeaderElection34] INFO  server.RaftServer$Division (RaftServerImpl.java:setRole(290)) - omNode-1@group-523986131536: changes role from CANDIDATE to FOLLOWER at term 13 for REJECTED
2021-10-24 13:01:01,382 [omNode-1@group-523986131536-LeaderElection34] INFO  impl.RoleInfo (RoleInfo.java:shutdownLeaderElection(121)) - omNode-1: shutdown omNode-1@group-523986131536-LeaderElection34
2021-10-24 13:01:01,382 [omNode-1@group-523986131536-LeaderElection34] INFO  impl.RoleInfo (RoleInfo.java:updateAndGet(130)) - omNode-1: start omNode-1@group-523986131536-FollowerState
2021-10-24 13:01:02,429 [omNode-1@group-523986131536-FollowerState] INFO  impl.FollowerState (FollowerState.java:run(134)) - omNode-1@group-523986131536-FollowerState: change to CANDIDATE, lastRpcElapsedTime:1046411301ns, electionTimeout:1046ms
2021-10-24 13:01:02,429 [omNode-1@group-523986131536-FollowerState] INFO  impl.RoleInfo (RoleInfo.java:shutdownFollowerState(108)) - omNode-1: shutdown omNode-1@group-523986131536-FollowerState
2021-10-24 13:01:02,429 [omNode-1@group-523986131536-FollowerState] INFO  server.RaftServer$Division (RaftServerImpl.java:setRole(290)) - omNode-1@group-523986131536: changes role from  FOLLOWER to CANDIDATE at term 13 for changeToCandidate
2021-10-24 13:01:02,429 [omNode-1@group-523986131536-FollowerState] INFO  server.RaftServerConfigKeys (ConfUtils.java:logGet(44)) - raft.server.leaderelection.pre-vote = false (custom)
2021-10-24 13:01:02,429 [omNode-1@group-523986131536-FollowerState] INFO  impl.RoleInfo (RoleInfo.java:updateAndGet(130)) - omNode-1: start omNode-1@group-523986131536-LeaderElection35
2021-10-24 13:01:02,432 [omNode-1@group-523986131536-LeaderElection35] INFO  impl.LeaderElection (LeaderElection.java:askForVotes(306)) - omNode-1@group-523986131536-LeaderElection35 ELECTION round 0: submit vote requests at term 14 for 31: [omNode-3|rpc:localhost:13908|admin:|client:|dataStream:|priority:0, omNode-1|rpc:localhost:13896|admin:|client:|dataStream:|priority:0, omNode-2|rpc:localhost:13902|admin:|client:|dataStream:|priority:0], old=null
2021-10-24 13:01:02,434 [grpc-default-executor-9] INFO  server.RaftServer$Division (RaftServerImpl.java:requestVote(1046)) - omNode-3@group-523986131536: receive requestVote(ELECTION, omNode-1, group-523986131536, 14, (t:2, i:20))
2021-10-24 13:01:02,434 [grpc-default-executor-9] INFO  impl.VoteContext (VoteContext.java:log(48)) - omNode-3@group-523986131536-FOLLOWER: reject ELECTION from omNode-1: our last entry (t:9, i:32) > candidate's last entry (t:2, i:20)
2021-10-24 13:01:02,434 [grpc-default-executor-9] INFO  server.RaftServer$Division (RaftServerImpl.java:setRole(290)) - omNode-3@group-523986131536: changes role from  FOLLOWER to FOLLOWER at term 14 for candidate:omNode-1
2021-10-24 13:01:02,434 [grpc-default-executor-9] INFO  impl.RoleInfo (RoleInfo.java:shutdownFollowerState(108)) - omNode-3: shutdown omNode-3@group-523986131536-FollowerState
2021-10-24 13:01:02,434 [grpc-default-executor-9] INFO  impl.RoleInfo (RoleInfo.java:updateAndGet(130)) - omNode-3: start omNode-3@group-523986131536-FollowerState
2021-10-24 13:01:02,434 [omNode-3@group-523986131536-FollowerState] INFO  impl.FollowerState (FollowerState.java:run(143)) - omNode-3@group-523986131536-FollowerState was interrupted: {}
java.lang.InterruptedException: sleep interrupted
	at java.lang.Thread.sleep(Native Method)
	at java.lang.Thread.sleep(Thread.java:340)
	at java.util.concurrent.TimeUnit.sleep(TimeUnit.java:386)
	at org.apache.ratis.util.TimeDuration.sleep(TimeDuration.java:324)
	at org.apache.ratis.util.TimeDuration.sleep(TimeDuration.java:309)
	at org.apache.ratis.server.impl.FollowerState.run(FollowerState.java:118)
2021-10-24 13:01:02,437 [grpc-default-executor-1] INFO  server.RaftServer$Division (RaftServerImpl.java:requestVote(1046)) - omNode-2@group-523986131536: receive requestVote(ELECTION, omNode-1, group-523986131536, 14, (t:2, i:20))
2021-10-24 13:01:02,438 [grpc-default-executor-1] INFO  impl.VoteContext (VoteContext.java:log(48)) - omNode-2@group-523986131536-FOLLOWER: reject ELECTION from omNode-1: our last entry (t:9, i:32) > candidate's last entry (t:2, i:20)
2021-10-24 13:01:02,438 [grpc-default-executor-1] INFO  server.RaftServer$Division (RaftServerImpl.java:setRole(290)) - omNode-2@group-523986131536: changes role from  FOLLOWER to FOLLOWER at term 14 for candidate:omNode-1
2021-10-24 13:01:02,438 [grpc-default-executor-1] INFO  impl.RoleInfo (RoleInfo.java:shutdownFollowerState(108)) - omNode-2: shutdown omNode-2@group-523986131536-FollowerState
2021-10-24 13:01:02,438 [grpc-default-executor-1] INFO  impl.RoleInfo (RoleInfo.java:updateAndGet(130)) - omNode-2: start omNode-2@group-523986131536-FollowerState
2021-10-24 13:01:02,438 [omNode-2@group-523986131536-FollowerState] INFO  impl.FollowerState (FollowerState.java:run(143)) - omNode-2@group-523986131536-FollowerState was interrupted: {}
java.lang.InterruptedException: sleep interrupted
	at java.lang.Thread.sleep(Native Method)
	at java.lang.Thread.sleep(Thread.java:340)
	at java.util.concurrent.TimeUnit.sleep(TimeUnit.java:386)
	at org.apache.ratis.util.TimeDuration.sleep(TimeDuration.java:324)
	at org.apache.ratis.util.TimeDuration.sleep(TimeDuration.java:309)
	at org.apache.ratis.server.impl.FollowerState.run(FollowerState.java:118)
2021-10-24 13:01:02,440 [grpc-default-executor-9] INFO  server.RaftServer$Division (RaftServerImpl.java:requestVote(1078)) - omNode-3@group-523986131536 replies to ELECTION vote request: omNode-1<-omNode-3#0:FAIL-t14. Peer's state: omNode-3@group-523986131536:t14, leader=null, voted=null, raftlog=omNode-3@group-523986131536-SegmentedRaftLog:OPENED:c32, conf=31: [omNode-3|rpc:localhost:13908|admin:|client:|dataStream:|priority:0, omNode-1|rpc:localhost:13896|admin:|client:|dataStream:|priority:0, omNode-2|rpc:localhost:13902|admin:|client:|dataStream:|priority:0], old=null
2021-10-24 13:01:02,440 [grpc-default-executor-1] INFO  server.RaftServer$Division (RaftServerImpl.java:requestVote(1078)) - omNode-2@group-523986131536 replies to ELECTION vote request: omNode-1<-omNode-2#0:FAIL-t14. Peer's state: omNode-2@group-523986131536:t14, leader=null, voted=null, raftlog=omNode-2@group-523986131536-SegmentedRaftLog:OPENED:c32, conf=31: [omNode-3|rpc:localhost:13908|admin:|client:|dataStream:|priority:0, omNode-1|rpc:localhost:13896|admin:|client:|dataStream:|priority:0, omNode-2|rpc:localhost:13902|admin:|client:|dataStream:|priority:0], old=null
2021-10-24 13:01:02,443 [omNode-1@group-523986131536-LeaderElection35] INFO  impl.LeaderElection (LeaderElection.java:logAndReturn(89)) - omNode-1@group-523986131536-LeaderElection35: ELECTION REJECTED received 2 response(s) and 0 exception(s):
2021-10-24 13:01:02,443 [omNode-1@group-523986131536-LeaderElection35] INFO  impl.LeaderElection (LeaderElection.java:logAndReturn(93)) -   Response 0: omNode-1<-omNode-3#0:FAIL-t14
2021-10-24 13:01:02,443 [omNode-1@group-523986131536-LeaderElection35] INFO  impl.LeaderElection (LeaderElection.java:logAndReturn(93)) -   Response 1: omNode-1<-omNode-2#0:FAIL-t14
2021-10-24 13:01:02,443 [omNode-1@group-523986131536-LeaderElection35] INFO  impl.LeaderElection (LeaderElection.java:askForVotes(308)) - omNode-1@group-523986131536-LeaderElection35 ELECTION round 0: result REJECTED
2021-10-24 13:01:02,443 [omNode-1@group-523986131536-LeaderElection35] INFO  server.RaftServer$Division (RaftServerImpl.java:setRole(290)) - omNode-1@group-523986131536: changes role from CANDIDATE to FOLLOWER at term 14 for REJECTED
2021-10-24 13:01:02,443 [omNode-1@group-523986131536-LeaderElection35] INFO  impl.RoleInfo (RoleInfo.java:shutdownLeaderElection(121)) - omNode-1: shutdown omNode-1@group-523986131536-LeaderElection35
2021-10-24 13:01:02,443 [omNode-1@group-523986131536-LeaderElection35] INFO  impl.RoleInfo (RoleInfo.java:updateAndGet(130)) - omNode-1: start omNode-1@group-523986131536-FollowerState
2021-10-24 13:01:03,385 [Time-limited test] INFO  retry.RetryInvocationHandler (RetryInvocationHandler.java:log(411)) - com.google.protobuf.ServiceException: org.apache.hadoop.ipc.RemoteException(org.apache.hadoop.ozone.om.exceptions.OMNotLeaderException): OM:omNode-1 is not the leader. Could not determine the leader node.
	at org.apache.hadoop.ozone.om.ratis.utils.OzoneManagerRatisUtils.createNotLeaderException(OzoneManagerRatisUtils.java:465)
	at org.apache.hadoop.ozone.om.ratis.utils.OzoneManagerRatisUtils.checkLeaderStatus(OzoneManagerRatisUtils.java:451)
	at org.apache.hadoop.ozone.protocolPB.OzoneManagerProtocolServerSideTranslatorPB.checkLeaderStatus(OzoneManagerProtocolServerSideTranslatorPB.java:243)
	at org.apache.hadoop.ozone.protocolPB.OzoneManagerProtocolServerSideTranslatorPB.processRequest(OzoneManagerProtocolServerSideTranslatorPB.java:135)
	at org.apache.hadoop.hdds.server.OzoneProtocolMessageDispatcher.processRequest(OzoneProtocolMessageDispatcher.java:87)
	at org.apache.hadoop.ozone.protocolPB.OzoneManagerProtocolServerSideTranslatorPB.submitRequest(OzoneManagerProtocolServerSideTranslatorPB.java:123)
	at org.apache.hadoop.ozone.protocol.proto.OzoneManagerProtocolProtos$OzoneManagerService$2.callBlockingMethod(OzoneManagerProtocolProtos.java)
	at org.apache.hadoop.ipc.ProtobufRpcEngine$Server.processCall(ProtobufRpcEngine.java:466)
	at org.apache.hadoop.ipc.ProtobufRpcEngine2$Server$ProtoBufRpcInvoker.call(ProtobufRpcEngine2.java:574)
	at org.apache.hadoop.ipc.ProtobufRpcEngine2$Server$ProtoBufRpcInvoker.call(ProtobufRpcEngine2.java:552)
	at org.apache.hadoop.ipc.RPC$Server.call(RPC.java:1093)
	at org.apache.hadoop.ipc.Server$RpcCall.run(Server.java:1035)
	at org.apache.hadoop.ipc.Server$RpcCall.run(Server.java:963)
	at java.security.AccessController.doPrivileged(Native Method)
	at javax.security.auth.Subject.doAs(Subject.java:422)
	at org.apache.hadoop.security.UserGroupInformation.doAs(UserGroupInformation.java:1878)
	at org.apache.hadoop.ipc.Server$Handler.run(Server.java:2966)
, while invoking $Proxy52.submitRequest over nodeId=omNode-1,nodeAddress=127.0.0.1:13892 after 4 failover attempts. Trying to failover immediately.
2021-10-24 13:01:03,387 [Time-limited test] ERROR ha.OMFailoverProxyProvider (OMFailoverProxyProvider.java:getRetryAction(292)) - Failed to connect to OMs: [nodeId=omNode-3,nodeAddress=127.0.0.1:13904, nodeId=omNode-1,nodeAddress=127.0.0.1:13892, nodeId=omNode-2,nodeAddress=127.0.0.1:13898]. Attempted 5 failovers.
2021-10-24 13:01:03,388 [Time-limited test] INFO  om.OzoneManager (OzoneManager.java:stop(1664)) - Stopping Ozone Manager
2021-10-24 13:01:03,388 [Time-limited test] INFO  ipc.Server (Server.java:stop(3414)) - Stopping server on 13904
2021-10-24 13:01:03,390 [IPC Server Responder] INFO  ipc.Server (Server.java:run(1512)) - Stopping IPC Server Responder
2021-10-24 13:01:03,390 [IPC Server listener on 13904] INFO  ipc.Server (Server.java:run(1376)) - Stopping IPC Server listener on 13904
2021-10-24 13:01:03,390 [Time-limited test] INFO  server.RaftServer (RaftServerProxy.java:lambda$close$6(391)) - omNode-3: close
2021-10-24 13:01:03,390 [Time-limited test] INFO  server.RaftServer$Division (RaftServerImpl.java:lambda$close$4(412)) - omNode-3@group-523986131536: shutdown
2021-10-24 13:01:03,391 [Time-limited test] INFO  util.JmxRegister (JmxRegister.java:unregister(73)) - Successfully un-registered JMX Bean with object name Ratis:service=RaftServer,group=group-523986131536,id=omNode-3
2021-10-24 13:01:03,391 [Time-limited test] INFO  impl.RoleInfo (RoleInfo.java:shutdownFollowerState(108)) - omNode-3: shutdown omNode-3@group-523986131536-FollowerState
2021-10-24 13:01:03,391 [omNode-3@group-523986131536-StateMachineUpdater] INFO  ratis.OzoneManagerStateMachine (OzoneManagerStateMachine.java:close(471)) - StateMachine has shutdown. Shutdown OzoneManager if not already shutdown.
2021-10-24 13:01:03,391 [omNode-3@group-523986131536-FollowerState] INFO  impl.FollowerState (FollowerState.java:run(143)) - omNode-3@group-523986131536-FollowerState was interrupted: {}
java.lang.InterruptedException: sleep interrupted
	at java.lang.Thread.sleep(Native Method)
	at java.lang.Thread.sleep(Thread.java:340)
	at java.util.concurrent.TimeUnit.sleep(TimeUnit.java:386)
	at org.apache.ratis.util.TimeDuration.sleep(TimeDuration.java:324)
	at org.apache.ratis.util.TimeDuration.sleep(TimeDuration.java:309)
	at org.apache.ratis.server.impl.FollowerState.run(FollowerState.java:118)
2021-10-24 13:01:03,391 [Time-limited test] INFO  impl.StateMachineUpdater (StateMachineUpdater.java:stopAndJoin(149)) - omNode-3@group-523986131536-StateMachineUpdater: set stopIndex = 32
2021-10-24 13:01:03,391 [Time-limited test] INFO  server.RaftServer$Division (ServerState.java:close(419)) - omNode-3@group-523986131536: closes. applyIndex: 32
2021-10-24 13:01:03,391 [omNode-3@group-523986131536-SegmentedRaftLogWorker] INFO  segmented.SegmentedRaftLogWorker (SegmentedRaftLogWorker.java:run(327)) - omNode-3@group-523986131536-SegmentedRaftLogWorker was interrupted, exiting. There are 0 tasks remaining in the queue.
2021-10-24 13:01:03,392 [Time-limited test] INFO  segmented.SegmentedRaftLogWorker (SegmentedRaftLogWorker.java:close(237)) - omNode-3@group-523986131536-SegmentedRaftLogWorker close()
2021-10-24 13:01:03,394 [Time-limited test] INFO  server.GrpcService (GrpcService.java:closeImpl(262)) - omNode-3: shutdown server with port 13908 now
2021-10-24 13:01:03,409 [Time-limited test] INFO  server.GrpcService (GrpcService.java:closeImpl(271)) - omNode-3: shutdown server with port 13908 successfully
2021-10-24 13:01:03,409 [org.apache.ratis.util.JvmPauseMonitor$$Lambda$523/122473104@e58cbab] INFO  util.JvmPauseMonitor (JvmPauseMonitor.java:run(109)) - JvmPauseMonitor-omNode-3: Stopped
2021-10-24 13:01:03,409 [Time-limited test] INFO  ratis.OzoneManagerDoubleBuffer (OzoneManagerDoubleBuffer.java:stop(437)) - Stopping OMDoubleBuffer flush thread
2021-10-24 13:01:03,409 [OMDoubleBufferFlushThread] INFO  ratis.OzoneManagerDoubleBuffer (OzoneManagerDoubleBuffer.java:flushTransactions(356)) - OMDoubleBuffer flush thread OMDoubleBufferFlushThread is interrupted and will exit. OMDoubleBufferFlushThread
2021-10-24 13:01:03,410 [Time-limited test] INFO  handler.ContextHandler (ContextHandler.java:doStop(1153)) - Stopped o.e.j.w.WebAppContext@1be3dc80{ozoneManager,/,null,STOPPED}{file:/home/runner/work/ozone/ozone/hadoop-ozone/integration-test/target/test-classes/webapps/ozoneManager}
2021-10-24 13:01:03,410 [Time-limited test] INFO  server.AbstractConnector (AbstractConnector.java:doStop(381)) - Stopped ServerConnector@632fdda{HTTP/1.1, (http/1.1)}{0.0.0.0:13906}
2021-10-24 13:01:03,410 [Time-limited test] INFO  server.session (HouseKeeper.java:stopScavenging(149)) - node0 Stopped scavenging
2021-10-24 13:01:03,410 [Time-limited test] INFO  handler.ContextHandler (ContextHandler.java:doStop(1153)) - Stopped o.e.j.s.ServletContextHandler@40e15d0{static,/static,file:///home/runner/work/ozone/ozone/hadoop-ozone/integration-test/target/test-classes/webapps/static,STOPPED}
2021-10-24 13:01:03,411 [Time-limited test] INFO  handler.ContextHandler (ContextHandler.java:doStop(1153)) - Stopped o.e.j.s.ServletContextHandler@b8640db{logs,/logs,file:///home/runner/work/ozone/ozone/hadoop-ozone/integration-test/target/log,STOPPED}
2021-10-24 13:01:03,412 [Time-limited test] INFO  om.OzoneManager (OzoneManager.java:initFSOLayout(4357)) - Configured ozone.om.metadata.layout=SIMPLE and disabled optimized OM FS operations
2021-10-24 13:01:03,412 [Time-limited test] INFO  om.OzoneManager (OzoneManager.java:restart(1385)) - OzoneManager RPC server is listening at localhost/127.0.0.1:13904
2021-10-24 13:01:03,412 [Time-limited test] INFO  impl.MetricsSystemImpl (MetricsSystemImpl.java:init(158)) - OzoneManager metrics system started (again)
2021-10-24 13:01:03,426 [Time-limited test] WARN  server.ServerUtils (ServerUtils.java:getDBPath(225)) - ozone.om.db.dirs is not configured. We recommend adding this setting. Falling back to ozone.metadata.dirs instead.
2021-10-24 13:01:03,427 [Time-limited test] INFO  codec.OmKeyInfoCodec (OmKeyInfoCodec.java:<init>(51)) - OmKeyInfoCodec ignorePipeline = true
2021-10-24 13:01:03,427 [Time-limited test] INFO  codec.RepeatedOmKeyInfoCodec (RepeatedOmKeyInfoCodec.java:<init>(42)) - RepeatedOmKeyInfoCodec ignorePipeline = true
2021-10-24 13:01:03,458 [Time-limited test] WARN  impl.MetricRegistriesImpl (MetricRegistriesImpl.java:addReporterRegistration(111)) - New reporters are added after registries were created. Some metrics will be missing from the reporter. Please add reporter before adding any new registry.
2021-10-24 13:01:03,458 [Time-limited test] WARN  impl.MetricRegistriesImpl (MetricRegistriesImpl.java:addReporterRegistration(111)) - New reporters are added after registries were created. Some metrics will be missing from the reporter. Please add reporter before adding any new registry.
2021-10-24 13:01:03,459 [Time-limited test] WARN  server.ServerUtils (ServerUtils.java:getDefaultRatisDirectory(237)) - Storage directory for Ratis is not configured. It is a good idea to map this to an SSD disk. Falling back to ozone.metadata.dirs
2021-10-24 13:01:03,460 [Time-limited test] INFO  ratis.OzoneManagerRatisServer (OzoneManagerRatisServer.java:<init>(159)) - Instantiating OM Ratis server with groupID: om-service-test1 and peers: localhost:13908, localhost:13896, localhost:13902
2021-10-24 13:01:03,461 [Time-limited test] INFO  ratis.OzoneManagerStateMachine (OzoneManagerStateMachine.java:loadSnapshotInfoFromDB(605)) - LastAppliedIndex is set from TransactionInfo from OM DB as (t:9, i:32)
2021-10-24 13:01:03,461 [Time-limited test] INFO  server.RaftServer (ConfUtils.java:logGet(44)) - raft.rpc.type = GRPC (default)
2021-10-24 13:01:03,461 [Time-limited test] INFO  grpc.GrpcFactory (GrpcFactory.java:checkPooledByteBufAllocatorUseCacheForAllThreads(48)) - PERFORMANCE WARNING: useCacheForAllThreads is true that may cause Netty to create a lot garbage objects and, as a result, trigger GC.
	It is recommended to disable useCacheForAllThreads by setting -Dorg.apache.ratis.thirdparty.io.netty.allocator.useCacheForAllThreads=false in command line.
2021-10-24 13:01:03,461 [Time-limited test] INFO  grpc.GrpcConfigKeys (ConfUtils.java:logGet(44)) - raft.grpc.admin.port = -1 (default)
2021-10-24 13:01:03,461 [Time-limited test] INFO  grpc.GrpcConfigKeys (ConfUtils.java:logGet(44)) - raft.grpc.server.port = 13908 (custom)
2021-10-24 13:01:03,461 [Time-limited test] INFO  grpc.GrpcConfigKeys (ConfUtils.java:logGet(44)) - raft.grpc.client.port = -1 (default)
2021-10-24 13:01:03,461 [Time-limited test] INFO  grpc.GrpcConfigKeys (ConfUtils.java:logGet(44)) - raft.grpc.server.port = 13908 (custom)
2021-10-24 13:01:03,461 [Time-limited test] INFO  grpc.GrpcConfigKeys (ConfUtils.java:logGet(44)) - raft.grpc.server.port = 13908 (custom)
2021-10-24 13:01:03,461 [Time-limited test] INFO  server.GrpcService (ConfUtils.java:logGet(44)) - raft.grpc.message.size.max = 33554432 (custom)
2021-10-24 13:01:03,461 [Time-limited test] INFO  server.RaftServerConfigKeys (ConfUtils.java:logGet(44)) - raft.server.log.appender.buffer.byte-limit = 33554432 (custom)
2021-10-24 13:01:03,462 [Time-limited test] INFO  server.GrpcService (ConfUtils.java:logGet(44)) - raft.grpc.flow.control.window = 1MB (=1048576) (default)
2021-10-24 13:01:03,462 [Time-limited test] INFO  server.RaftServerConfigKeys (ConfUtils.java:logGet(44)) - raft.server.rpc.request.timeout = 3000ms (default)
2021-10-24 13:01:03,463 [Time-limited test] INFO  impl.DataStreamServerImpl (ConfUtils.java:logGet(44)) - raft.datastream.type = DISABLED (default)
2021-10-24 13:01:03,463 [Time-limited test] INFO  server.RaftServerConfigKeys (ConfUtils.java:logGet(44)) - raft.server.rpc.slowness.timeout = 2s (custom)
2021-10-24 13:01:03,463 [Time-limited test] INFO  server.RaftServerConfigKeys (ConfUtils.java:logGet(44)) - raft.server.leaderelection.leader.step-down.wait-time = 10s (default)
2021-10-24 13:01:03,463 [Time-limited test] INFO  server.RaftServerConfigKeys (ConfUtils.java:logGet(44)) - raft.server.storage.dir = [/home/runner/work/ozone/ozone/hadoop-ozone/integration-test/target/test-dir/MiniOzoneClusterImpl-cd96da87-0819-4dc2-95d7-841b147881f8/omNode-3/ratis] (custom)
2021-10-24 13:01:03,463 [Time-limited test] INFO  server.RaftServer (RaftServerProxy.java:lambda$null$1(235)) - omNode-3: found a subdirectory /home/runner/work/ozone/ozone/hadoop-ozone/integration-test/target/test-dir/MiniOzoneClusterImpl-cd96da87-0819-4dc2-95d7-841b147881f8/omNode-3/ratis/c9bc4cf4-3bc3-3c60-a66b-523986131536
2021-10-24 13:01:03,464 [Time-limited test] INFO  server.RaftServer (RaftServerProxy.java:addNew(95)) - omNode-3: addNew group-523986131536:[omNode-3|rpc:localhost:13908|priority:0, omNode-1|rpc:localhost:13896|priority:0, omNode-2|rpc:localhost:13902|priority:0] returns group-523986131536:java.util.concurrent.CompletableFuture@494b86f8[Not completed]
2021-10-24 13:01:03,464 [Time-limited test] INFO  om.OzoneManager (OzoneManager.java:initializeRatisServer(1605)) - OzoneManager Ratis server initialized at port 13908
2021-10-24 13:01:03,464 [pool-411-thread-1] INFO  server.RaftServer$Division (RaftServerImpl.java:<init>(184)) - omNode-3: new RaftServerImpl for group-523986131536:[omNode-3|rpc:localhost:13908|priority:0, omNode-1|rpc:localhost:13896|priority:0, omNode-2|rpc:localhost:13902|priority:0] with OzoneManagerStateMachine:uninitialized
2021-10-24 13:01:03,464 [Time-limited test] INFO  ratis.OzoneManagerRatisServer (OzoneManagerRatisServer.java:start(520)) - Starting OzoneManagerRatisServer omNode-3 at port 13908
2021-10-24 13:01:03,465 [pool-411-thread-1] INFO  server.RaftServerConfigKeys (ConfUtils.java:logGet(44)) - raft.server.rpc.timeout.min = 1s (custom)
2021-10-24 13:01:03,465 [pool-411-thread-1] INFO  server.RaftServerConfigKeys (ConfUtils.java:logGet(44)) - raft.server.rpc.timeout.max = 1200ms (custom)
2021-10-24 13:01:03,465 [pool-411-thread-1] INFO  server.RaftServerConfigKeys (ConfUtils.java:logGet(44)) - raft.server.rpc.sleep.time = 25ms (default)
2021-10-24 13:01:03,465 [pool-411-thread-1] INFO  server.RaftServerConfigKeys (ConfUtils.java:logGet(44)) - raft.server.rpc.slowness.timeout = 2s (custom)
2021-10-24 13:01:03,465 [pool-411-thread-1] INFO  server.RaftServerConfigKeys (ConfUtils.java:logGet(44)) - raft.server.leaderelection.leader.step-down.wait-time = 10s (default)
2021-10-24 13:01:03,465 [pool-411-thread-1] INFO  server.RaftServerConfigKeys (ConfUtils.java:logGet(44)) - raft.server.sleep.deviation.threshold = 300ms (default)
2021-10-24 13:01:03,465 [pool-411-thread-1] INFO  server.RaftServerConfigKeys (ConfUtils.java:logGet(44)) - raft.server.log.appender.install.snapshot.enabled = false (custom)
2021-10-24 13:01:03,465 [pool-411-thread-1] INFO  server.RaftServer$Division (ServerState.java:<init>(105)) - omNode-3@group-523986131536: ConfigurationManager, init=-1: [omNode-3|rpc:localhost:13908|priority:0, omNode-1|rpc:localhost:13896|priority:0, omNode-2|rpc:localhost:13902|priority:0], old=null, confs=<EMPTY_MAP>
2021-10-24 13:01:03,465 [pool-411-thread-1] INFO  server.RaftServerConfigKeys (ConfUtils.java:logGet(44)) - raft.server.storage.dir = [/home/runner/work/ozone/ozone/hadoop-ozone/integration-test/target/test-dir/MiniOzoneClusterImpl-cd96da87-0819-4dc2-95d7-841b147881f8/omNode-3/ratis] (custom)
2021-10-24 13:01:03,465 [pool-411-thread-1] INFO  server.RaftServerConfigKeys (ConfUtils.java:logGet(44)) - raft.server.log.corruption.policy = EXCEPTION (default)
2021-10-24 13:01:03,465 [pool-411-thread-1] INFO  server.RaftServerConfigKeys (ConfUtils.java:logGet(44)) - raft.server.storage.free-space.min = 0MB (=0) (default)
2021-10-24 13:01:03,466 [pool-411-thread-1] INFO  storage.RaftStorageDirectory (RaftStorageDirectoryImpl.java:tryLock(230)) - Lock on /home/runner/work/ozone/ozone/hadoop-ozone/integration-test/target/test-dir/MiniOzoneClusterImpl-cd96da87-0819-4dc2-95d7-841b147881f8/omNode-3/ratis/c9bc4cf4-3bc3-3c60-a66b-523986131536/in_use.lock acquired by nodename 13972@fv-az50-989
2021-10-24 13:01:03,467 [omNode-1@group-523986131536-FollowerState] INFO  impl.FollowerState (FollowerState.java:run(134)) - omNode-1@group-523986131536-FollowerState: change to CANDIDATE, lastRpcElapsedTime:1023349061ns, electionTimeout:1023ms
2021-10-24 13:01:03,467 [pool-411-thread-1] INFO  storage.RaftStorage (RaftStorageImpl.java:analyzeAndRecoverStorage(110)) - Read RaftStorageMetadata{term=14, votedFor=} from /home/runner/work/ozone/ozone/hadoop-ozone/integration-test/target/test-dir/MiniOzoneClusterImpl-cd96da87-0819-4dc2-95d7-841b147881f8/omNode-3/ratis/c9bc4cf4-3bc3-3c60-a66b-523986131536/current/raft-meta
2021-10-24 13:01:03,467 [omNode-1@group-523986131536-FollowerState] INFO  impl.RoleInfo (RoleInfo.java:shutdownFollowerState(108)) - omNode-1: shutdown omNode-1@group-523986131536-FollowerState
2021-10-24 13:01:03,467 [omNode-1@group-523986131536-FollowerState] INFO  server.RaftServer$Division (RaftServerImpl.java:setRole(290)) - omNode-1@group-523986131536: changes role from  FOLLOWER to CANDIDATE at term 14 for changeToCandidate
2021-10-24 13:01:03,467 [omNode-1@group-523986131536-FollowerState] INFO  server.RaftServerConfigKeys (ConfUtils.java:logGet(44)) - raft.server.leaderelection.pre-vote = false (custom)
2021-10-24 13:01:03,467 [omNode-1@group-523986131536-FollowerState] INFO  impl.RoleInfo (RoleInfo.java:updateAndGet(130)) - omNode-1: start omNode-1@group-523986131536-LeaderElection36
2021-10-24 13:01:03,467 [pool-411-thread-1] INFO  server.RaftServer$Division (ServerState.java:setRaftConf(387)) - omNode-3@group-523986131536: set configuration 31: [omNode-3|rpc:localhost:13908|admin:|client:|dataStream:|priority:0, omNode-1|rpc:localhost:13896|admin:|client:|dataStream:|priority:0, omNode-2|rpc:localhost:13902|admin:|client:|dataStream:|priority:0], old=null
2021-10-24 13:01:03,467 [pool-411-thread-1] INFO  server.RaftServerConfigKeys (ConfUtils.java:logGet(44)) - raft.server.notification.no-leader.timeout = 2s (custom)
2021-10-24 13:01:03,467 [pool-411-thread-1] INFO  server.RaftServerConfigKeys (ConfUtils.java:logGet(44)) - raft.server.log.use.memory = false (default)
2021-10-24 13:01:03,468 [pool-411-thread-1] INFO  server.RaftServerConfigKeys (ConfUtils.java:logGet(44)) - raft.server.log.purge.gap = 50 (custom)
2021-10-24 13:01:03,468 [pool-411-thread-1] INFO  server.RaftServerConfigKeys (ConfUtils.java:logGet(44)) - raft.server.log.appender.buffer.byte-limit = 33554432 (custom)
2021-10-24 13:01:03,468 [pool-411-thread-1] INFO  server.RaftServerConfigKeys (ConfUtils.java:logGet(44)) - raft.server.log.segment.size.max = 4194304 (custom)
2021-10-24 13:01:03,468 [pool-411-thread-1] INFO  server.RaftServerConfigKeys (ConfUtils.java:logGet(44)) - raft.server.log.segment.cache.num.max = 2 (custom)
2021-10-24 13:01:03,468 [pool-411-thread-1] INFO  server.RaftServerConfigKeys (ConfUtils.java:logGet(44)) - raft.server.log.segment.cache.size.max = 200MB (=209715200) (default)
2021-10-24 13:01:03,469 [pool-411-thread-1] INFO  segmented.SegmentedRaftLogWorker (SegmentedRaftLogWorker.java:<init>(182)) - new omNode-3@group-523986131536-SegmentedRaftLogWorker for RaftStorageImpl:Storage Directory /home/runner/work/ozone/ozone/hadoop-ozone/integration-test/target/test-dir/MiniOzoneClusterImpl-cd96da87-0819-4dc2-95d7-841b147881f8/omNode-3/ratis/c9bc4cf4-3bc3-3c60-a66b-523986131536
2021-10-24 13:01:03,469 [pool-411-thread-1] INFO  server.RaftServerConfigKeys (ConfUtils.java:logGet(44)) - raft.server.log.queue.byte-limit = 64MB (=67108864) (default)
2021-10-24 13:01:03,469 [pool-411-thread-1] INFO  server.RaftServerConfigKeys (ConfUtils.java:logGet(44)) - raft.server.log.queue.element-limit = 4096 (default)
2021-10-24 13:01:03,469 [pool-411-thread-1] INFO  server.RaftServerConfigKeys (ConfUtils.java:logGet(44)) - raft.server.log.segment.size.max = 4194304 (custom)
2021-10-24 13:01:03,469 [pool-411-thread-1] INFO  server.RaftServerConfigKeys (ConfUtils.java:logGet(44)) - raft.server.log.preallocated.size = 4194304 (custom)
2021-10-24 13:01:03,469 [pool-411-thread-1] INFO  server.RaftServerConfigKeys (ConfUtils.java:logGet(44)) - raft.server.log.force.sync.num = 128 (default)
2021-10-24 13:01:03,469 [pool-411-thread-1] INFO  server.RaftServerConfigKeys (ConfUtils.java:logGet(44)) - raft.server.log.statemachine.data.sync = true (default)
2021-10-24 13:01:03,469 [pool-411-thread-1] INFO  server.RaftServerConfigKeys (ConfUtils.java:logGet(44)) - raft.server.log.statemachine.data.sync.timeout = 10s (default)
2021-10-24 13:01:03,469 [pool-411-thread-1] INFO  server.RaftServerConfigKeys (ConfUtils.java:logGet(44)) - raft.server.log.statemachine.data.sync.timeout.retry = -1 (default)
2021-10-24 13:01:03,469 [omNode-1@group-523986131536-LeaderElection36] INFO  impl.LeaderElection (LeaderElection.java:askForVotes(306)) - omNode-1@group-523986131536-LeaderElection36 ELECTION round 0: submit vote requests at term 15 for 31: [omNode-3|rpc:localhost:13908|admin:|client:|dataStream:|priority:0, omNode-1|rpc:localhost:13896|admin:|client:|dataStream:|priority:0, omNode-2|rpc:localhost:13902|admin:|client:|dataStream:|priority:0], old=null
2021-10-24 13:01:03,470 [pool-411-thread-1] INFO  server.RaftServerConfigKeys (ConfUtils.java:logGet(44)) - raft.server.log.write.buffer.size = 64KB (=65536) (default)
2021-10-24 13:01:03,470 [pool-411-thread-1] INFO  server.RaftServerConfigKeys (ConfUtils.java:logGet(44)) - raft.server.log.statemachine.data.caching.enabled = false (default)
2021-10-24 13:01:03,471 [pool-411-thread-1] INFO  server.RaftServer$Division (ServerState.java:setRaftConf(387)) - omNode-3@group-523986131536: set configuration 21: [omNode-3|rpc:localhost:13908|admin:|client:|dataStream:|priority:0, omNode-1|rpc:localhost:13896|admin:|client:|dataStream:|priority:0, omNode-2|rpc:localhost:13902|admin:|client:|dataStream:|priority:0], old=null
2021-10-24 13:01:03,471 [pool-411-thread-1] INFO  segmented.LogSegment (LogSegment.java:loadSegment(173)) - Successfully read 2 entries from segment file /home/runner/work/ozone/ozone/hadoop-ozone/integration-test/target/test-dir/MiniOzoneClusterImpl-cd96da87-0819-4dc2-95d7-841b147881f8/omNode-3/ratis/c9bc4cf4-3bc3-3c60-a66b-523986131536/current/log_21-22
2021-10-24 13:01:03,471 [pool-411-thread-1] INFO  server.RaftServer$Division (ServerState.java:setRaftConf(387)) - omNode-3@group-523986131536: set configuration 23: [omNode-3|rpc:localhost:13908|admin:|client:|dataStream:|priority:0, omNode-1|rpc:localhost:13896|admin:|client:|dataStream:|priority:0, omNode-2|rpc:localhost:13902|admin:|client:|dataStream:|priority:0], old=null
2021-10-24 13:01:03,473 [pool-411-thread-1] INFO  segmented.LogSegment (LogSegment.java:loadSegment(173)) - Successfully read 4 entries from segment file /home/runner/work/ozone/ozone/hadoop-ozone/integration-test/target/test-dir/MiniOzoneClusterImpl-cd96da87-0819-4dc2-95d7-841b147881f8/omNode-3/ratis/c9bc4cf4-3bc3-3c60-a66b-523986131536/current/log_23-26
2021-10-24 13:01:03,473 [pool-411-thread-1] INFO  server.RaftServer$Division (ServerState.java:setRaftConf(387)) - omNode-3@group-523986131536: set configuration 27: [omNode-3|rpc:localhost:13908|admin:|client:|dataStream:|priority:0, omNode-1|rpc:localhost:13896|admin:|client:|dataStream:|priority:0, omNode-2|rpc:localhost:13902|admin:|client:|dataStream:|priority:0], old=null
2021-10-24 13:01:03,473 [pool-411-thread-1] INFO  segmented.LogSegment (LogSegment.java:loadSegment(173)) - Successfully read 4 entries from segment file /home/runner/work/ozone/ozone/hadoop-ozone/integration-test/target/test-dir/MiniOzoneClusterImpl-cd96da87-0819-4dc2-95d7-841b147881f8/omNode-3/ratis/c9bc4cf4-3bc3-3c60-a66b-523986131536/current/log_27-30
2021-10-24 13:01:03,473 [pool-411-thread-1] INFO  server.RaftServer$Division (ServerState.java:setRaftConf(387)) - omNode-3@group-523986131536: set configuration 31: [omNode-3|rpc:localhost:13908|admin:|client:|dataStream:|priority:0, omNode-1|rpc:localhost:13896|admin:|client:|dataStream:|priority:0, omNode-2|rpc:localhost:13902|admin:|client:|dataStream:|priority:0], old=null
2021-10-24 13:01:03,473 [pool-411-thread-1] INFO  segmented.LogSegment (LogSegment.java:loadSegment(173)) - Successfully read 2 entries from segment file /home/runner/work/ozone/ozone/hadoop-ozone/integration-test/target/test-dir/MiniOzoneClusterImpl-cd96da87-0819-4dc2-95d7-841b147881f8/omNode-3/ratis/c9bc4cf4-3bc3-3c60-a66b-523986131536/current/log_inprogress_31
2021-10-24 13:01:03,474 [pool-411-thread-1] INFO  segmented.SegmentedRaftLogWorker (SegmentedRaftLogWorker.java:lambda$new$0(133)) - omNode-3@group-523986131536-SegmentedRaftLogWorker: flushIndex: setUnconditionally 0 -> 32
2021-10-24 13:01:03,474 [pool-411-thread-1] INFO  segmented.SegmentedRaftLogWorker (SegmentedRaftLogWorker.java:lambda$new$0(133)) - omNode-3@group-523986131536-SegmentedRaftLogWorker: safeCacheEvictIndex: setUnconditionally 0 -> 30
2021-10-24 13:01:03,474 [pool-411-thread-1] INFO  raftlog.RaftLog (RaftLogBase.java:lambda$new$0(53)) - omNode-3@group-523986131536-SegmentedRaftLog: commitIndex: updateToMax old=32, new=31, updated? false
2021-10-24 13:01:03,474 [pool-411-thread-1] INFO  raftlog.RaftLog (RaftLogBase.java:lambda$new$0(53)) - omNode-3@group-523986131536-SegmentedRaftLog: purgeIndex: updateIncreasingly -1 -> 20
2021-10-24 13:01:03,474 [pool-411-thread-1] INFO  server.RaftServerConfigKeys (ConfUtils.java:logGet(44)) - raft.server.snapshot.auto.trigger.enabled = true (custom)
2021-10-24 13:01:03,474 [pool-411-thread-1] INFO  server.RaftServerConfigKeys (ConfUtils.java:logGet(44)) - raft.server.snapshot.auto.trigger.threshold = 50 (custom)
2021-10-24 13:01:03,474 [pool-411-thread-1] INFO  server.RaftServerConfigKeys (ConfUtils.java:logGet(44)) - raft.server.snapshot.retention.file.num = -1 (default)
2021-10-24 13:01:03,474 [pool-411-thread-1] INFO  server.RaftServerConfigKeys (ConfUtils.java:logGet(44)) - raft.server.log.purge.upto.snapshot.index = true (custom)
2021-10-24 13:01:03,474 [pool-411-thread-1] INFO  server.RaftServerConfigKeys (ConfUtils.java:logGet(44)) - raft.server.retrycache.expirytime = 30000ms (custom)
2021-10-24 13:01:03,474 [pool-411-thread-1] INFO  server.RaftServerConfigKeys (ConfUtils.java:logGet(44)) - raft.server.retrycache.statistics.expirytime = 100μs (default)
2021-10-24 13:01:03,472 [omNode-1@group-523986131536-LeaderElection36] INFO  impl.LeaderElection (LogUtils.java:infoOrTrace(137)) - omNode-1@group-523986131536-LeaderElection36 got exception when requesting votes: java.util.concurrent.ExecutionException: org.apache.ratis.thirdparty.io.grpc.StatusRuntimeException: UNAVAILABLE: io exception
2021-10-24 13:01:03,475 [grpc-default-executor-1] INFO  server.RaftServer$Division (RaftServerImpl.java:requestVote(1046)) - omNode-2@group-523986131536: receive requestVote(ELECTION, omNode-1, group-523986131536, 15, (t:2, i:20))
2021-10-24 13:01:03,475 [grpc-default-executor-1] INFO  impl.VoteContext (VoteContext.java:log(48)) - omNode-2@group-523986131536-FOLLOWER: reject ELECTION from omNode-1: our last entry (t:9, i:32) > candidate's last entry (t:2, i:20)
2021-10-24 13:01:03,475 [grpc-default-executor-1] INFO  server.RaftServer$Division (RaftServerImpl.java:setRole(290)) - omNode-2@group-523986131536: changes role from  FOLLOWER to FOLLOWER at term 15 for candidate:omNode-1
2021-10-24 13:01:03,475 [grpc-default-executor-1] INFO  impl.RoleInfo (RoleInfo.java:shutdownFollowerState(108)) - omNode-2: shutdown omNode-2@group-523986131536-FollowerState
2021-10-24 13:01:03,475 [grpc-default-executor-1] INFO  impl.RoleInfo (RoleInfo.java:updateAndGet(130)) - omNode-2: start omNode-2@group-523986131536-FollowerState
2021-10-24 13:01:03,475 [omNode-2@group-523986131536-FollowerState] INFO  impl.FollowerState (FollowerState.java:run(143)) - omNode-2@group-523986131536-FollowerState was interrupted: {}
java.lang.InterruptedException: sleep interrupted
	at java.lang.Thread.sleep(Native Method)
	at java.lang.Thread.sleep(Thread.java:340)
	at java.util.concurrent.TimeUnit.sleep(TimeUnit.java:386)
	at org.apache.ratis.util.TimeDuration.sleep(TimeDuration.java:324)
	at org.apache.ratis.util.TimeDuration.sleep(TimeDuration.java:309)
	at org.apache.ratis.server.impl.FollowerState.run(FollowerState.java:118)
2021-10-24 13:01:03,475 [Time-limited test] INFO  server.RaftServer$Division (RaftServerImpl.java:start(301)) - omNode-3@group-523986131536: start as a follower, conf=31: [omNode-3|rpc:localhost:13908|admin:|client:|dataStream:|priority:0, omNode-1|rpc:localhost:13896|admin:|client:|dataStream:|priority:0, omNode-2|rpc:localhost:13902|admin:|client:|dataStream:|priority:0], old=null
2021-10-24 13:01:03,475 [Time-limited test] INFO  server.RaftServer$Division (RaftServerImpl.java:setRole(290)) - omNode-3@group-523986131536: changes role from      null to FOLLOWER at term 14 for startAsFollower
2021-10-24 13:01:03,475 [Time-limited test] INFO  impl.RoleInfo (RoleInfo.java:updateAndGet(130)) - omNode-3: start omNode-3@group-523986131536-FollowerState
2021-10-24 13:01:03,479 [Time-limited test] INFO  util.JmxRegister (JmxRegister.java:tryRegister(44)) - Successfully registered JMX Bean with object name Ratis:service=RaftServer,group=group-523986131536,id=omNode-3
2021-10-24 13:01:03,480 [Time-limited test] INFO  server.RaftServer (RaftServerProxy.java:lambda$start$5(374)) - omNode-3: start RPC server
2021-10-24 13:01:03,480 [grpc-default-executor-1] INFO  server.RaftServer$Division (RaftServerImpl.java:requestVote(1078)) - omNode-2@group-523986131536 replies to ELECTION vote request: omNode-1<-omNode-2#0:FAIL-t15. Peer's state: omNode-2@group-523986131536:t15, leader=null, voted=null, raftlog=omNode-2@group-523986131536-SegmentedRaftLog:OPENED:c32, conf=31: [omNode-3|rpc:localhost:13908|admin:|client:|dataStream:|priority:0, omNode-1|rpc:localhost:13896|admin:|client:|dataStream:|priority:0, omNode-2|rpc:localhost:13902|admin:|client:|dataStream:|priority:0], old=null
2021-10-24 13:01:03,480 [Time-limited test] INFO  server.GrpcService (GrpcService.java:startImpl(253)) - omNode-3: GrpcService started, listening on 13908
2021-10-24 13:01:03,481 [omNode-1@group-523986131536-LeaderElection36] INFO  impl.LeaderElection (LeaderElection.java:logAndReturn(89)) - omNode-1@group-523986131536-LeaderElection36: ELECTION REJECTED received 1 response(s) and 1 exception(s):
2021-10-24 13:01:03,481 [Time-limited test] INFO  ipc.CallQueueManager (CallQueueManager.java:<init>(90)) - Using callQueue: class java.util.concurrent.LinkedBlockingQueue, queueCapacity: 2000, scheduler: class org.apache.hadoop.ipc.DefaultRpcScheduler, ipcBackoff: false.
2021-10-24 13:01:03,481 [omNode-1@group-523986131536-LeaderElection36] INFO  impl.LeaderElection (LeaderElection.java:logAndReturn(93)) -   Response 0: omNode-1<-omNode-2#0:FAIL-t15
2021-10-24 13:01:03,481 [omNode-1@group-523986131536-LeaderElection36] INFO  impl.LeaderElection (LogUtils.java:infoOrTrace(137)) -   Exception 1: java.util.concurrent.ExecutionException: org.apache.ratis.thirdparty.io.grpc.StatusRuntimeException: UNAVAILABLE: io exception
2021-10-24 13:01:03,481 [omNode-1@group-523986131536-LeaderElection36] INFO  impl.LeaderElection (LeaderElection.java:askForVotes(308)) - omNode-1@group-523986131536-LeaderElection36 ELECTION round 0: result REJECTED
2021-10-24 13:01:03,481 [omNode-1@group-523986131536-LeaderElection36] INFO  server.RaftServer$Division (RaftServerImpl.java:setRole(290)) - omNode-1@group-523986131536: changes role from CANDIDATE to FOLLOWER at term 15 for REJECTED
2021-10-24 13:01:03,481 [omNode-1@group-523986131536-LeaderElection36] INFO  impl.RoleInfo (RoleInfo.java:shutdownLeaderElection(121)) - omNode-1: shutdown omNode-1@group-523986131536-LeaderElection36
2021-10-24 13:01:03,482 [org.apache.ratis.util.JvmPauseMonitor$$Lambda$523/122473104@4b3272e9] INFO  util.JvmPauseMonitor (JvmPauseMonitor.java:run(103)) - JvmPauseMonitor-omNode-3: Started
2021-10-24 13:01:03,482 [Socket Reader #1 for port 13904] INFO  ipc.Server (Server.java:run(1265)) - Starting Socket Reader #1 for port 13904
2021-10-24 13:01:03,483 [omNode-1@group-523986131536-LeaderElection36] INFO  impl.RoleInfo (RoleInfo.java:updateAndGet(130)) - omNode-1: start omNode-1@group-523986131536-FollowerState
2021-10-24 13:01:03,487 [Listener at localhost/13904] INFO  http.BaseHttpServer (BaseHttpServer.java:newHttpServer2BuilderForOzone(209)) - Starting Web-server for ozoneManager at: http://0.0.0.0:13906
2021-10-24 13:01:03,487 [Listener at localhost/13904] INFO  http.BaseHttpServer (BaseHttpServer.java:<init>(107)) - Hadoop Security Enabled: false Ozone Security Enabled: false Ozone HTTP Security Enabled: false 
2021-10-24 13:01:03,488 [Listener at localhost/13904] INFO  server.AuthenticationFilter (AuthenticationFilter.java:constructSecretProvider(240)) - Unable to initialize FileSignerSecretProvider, falling back to use random secrets.
2021-10-24 13:01:03,488 [Listener at localhost/13904] WARN  http.HttpRequestLog (HttpRequestLog.java:getRequestLog(103)) - Jetty request log can only be enabled using Log4j
2021-10-24 13:01:03,489 [Listener at localhost/13904] INFO  http.HttpServer2 (HttpServer2.java:addGlobalFilter(1030)) - Added global filter 'safety' (class=org.apache.hadoop.hdds.server.http.HttpServer2$QuotingInputFilter)
2021-10-24 13:01:03,490 [Listener at localhost/13904] INFO  http.HttpServer2 (HttpServer2.java:addFilter(1006)) - Added filter static_user_filter (class=org.apache.hadoop.http.lib.StaticUserWebFilter$StaticUserFilter) to context ozoneManager
2021-10-24 13:01:03,490 [Listener at localhost/13904] INFO  http.HttpServer2 (HttpServer2.java:addFilter(1014)) - Added filter static_user_filter (class=org.apache.hadoop.http.lib.StaticUserWebFilter$StaticUserFilter) to context static
2021-10-24 13:01:03,490 [Listener at localhost/13904] INFO  http.HttpServer2 (HttpServer2.java:addFilter(1014)) - Added filter static_user_filter (class=org.apache.hadoop.http.lib.StaticUserWebFilter$StaticUserFilter) to context logs
2021-10-24 13:01:03,490 [Listener at localhost/13904] INFO  http.HttpServer2 (HttpServer2.java:bindListener(1249)) - Jetty bound to port 13906
2021-10-24 13:01:03,490 [Listener at localhost/13904] INFO  server.Server (Server.java:doStart(375)) - jetty-9.4.43.v20210629; built: 2021-06-30T11:07:22.254Z; git: 526006ecfa3af7f1a27ef3a288e2bef7ea9dd7e8; jvm 1.8.0_292-b10
2021-10-24 13:01:03,499 [Listener at localhost/13904] INFO  server.session (DefaultSessionIdManager.java:doStart(334)) - DefaultSessionIdManager workerName=node0
2021-10-24 13:01:03,499 [Listener at localhost/13904] INFO  server.session (DefaultSessionIdManager.java:doStart(339)) - No SessionScavenger set, using defaults
2021-10-24 13:01:03,499 [Listener at localhost/13904] INFO  server.session (HouseKeeper.java:startScavenging(132)) - node0 Scavenging every 600000ms
2021-10-24 13:01:03,500 [Listener at localhost/13904] INFO  handler.ContextHandler (ContextHandler.java:doStart(915)) - Started o.e.j.s.ServletContextHandler@267ec679{logs,/logs,file:///home/runner/work/ozone/ozone/hadoop-ozone/integration-test/target/log,AVAILABLE}
2021-10-24 13:01:03,500 [Listener at localhost/13904] INFO  handler.ContextHandler (ContextHandler.java:doStart(915)) - Started o.e.j.s.ServletContextHandler@12a32cd6{static,/static,file:///home/runner/work/ozone/ozone/hadoop-ozone/integration-test/target/test-classes/webapps/static,AVAILABLE}
2021-10-24 13:01:03,502 [Listener at localhost/13904] INFO  handler.ContextHandler (ContextHandler.java:doStart(915)) - Started o.e.j.w.WebAppContext@7f7ad0d4{ozoneManager,/,file:///home/runner/work/ozone/ozone/hadoop-ozone/integration-test/target/test-classes/webapps/ozoneManager/,AVAILABLE}{file:/home/runner/work/ozone/ozone/hadoop-ozone/integration-test/target/test-classes/webapps/ozoneManager}
2021-10-24 13:01:03,508 [Listener at localhost/13904] INFO  server.AbstractConnector (AbstractConnector.java:doStart(331)) - Started ServerConnector@90f5a16{HTTP/1.1, (http/1.1)}{0.0.0.0:13906}
2021-10-24 13:01:03,508 [Listener at localhost/13904] INFO  server.Server (Server.java:doStart(415)) - Started @300276ms
2021-10-24 13:01:03,508 [Listener at localhost/13904] WARN  impl.MetricsSystemImpl (MetricsSystemImpl.java:register(279)) - Sink prometheus already exists!
2021-10-24 13:01:03,508 [Listener at localhost/13904] INFO  http.BaseHttpServer (BaseHttpServer.java:updateConnectorAddress(329)) - HTTP server of ozoneManager listening at http://0.0.0.0:13906
2021-10-24 13:01:03,509 [IPC Server Responder] INFO  ipc.Server (Server.java:run(1507)) - IPC Server Responder: starting
2021-10-24 13:01:03,511 [IPC Server listener on 13904] INFO  ipc.Server (Server.java:run(1344)) - IPC Server listener on 13904: starting
2021-10-24 13:01:03,516 [Listener at localhost/13904] INFO  om.OzoneManager (OzoneManager.java:startTrashEmptier(1563)) - Trash Interval set to 0. Files deleted will not move to trash
2021-10-24 13:01:03,516 [Listener at localhost/13904] INFO  om.OzoneManager (OzoneManager.java:stop(1664)) - Stopping Ozone Manager
2021-10-24 13:01:03,516 [Listener at localhost/13904] INFO  ipc.Server (Server.java:stop(3414)) - Stopping server on 13892
2021-10-24 13:01:03,517 [org.apache.hadoop.util.JvmPauseMonitor$Monitor@3459e3ee] INFO  util.JvmPauseMonitor (JvmPauseMonitor.java:run(188)) - Starting JVM pause monitor
2021-10-24 13:01:03,518 [IPC Server listener on 13892] INFO  ipc.Server (Server.java:run(1376)) - Stopping IPC Server listener on 13892
2021-10-24 13:01:03,518 [IPC Server Responder] INFO  ipc.Server (Server.java:run(1512)) - Stopping IPC Server Responder
2021-10-24 13:01:03,519 [Listener at localhost/13904] INFO  server.RaftServer (RaftServerProxy.java:lambda$close$6(391)) - omNode-1: close
2021-10-24 13:01:03,519 [Listener at localhost/13904] INFO  server.RaftServer$Division (RaftServerImpl.java:lambda$close$4(412)) - omNode-1@group-523986131536: shutdown
2021-10-24 13:01:03,519 [Listener at localhost/13904] INFO  util.JmxRegister (JmxRegister.java:unregister(73)) - Successfully un-registered JMX Bean with object name Ratis:service=RaftServer,group=group-523986131536,id=omNode-1
2021-10-24 13:01:03,519 [Listener at localhost/13904] INFO  impl.RoleInfo (RoleInfo.java:shutdownFollowerState(108)) - omNode-1: shutdown omNode-1@group-523986131536-FollowerState
2021-10-24 13:01:03,519 [Listener at localhost/13904] INFO  impl.StateMachineUpdater (StateMachineUpdater.java:stopAndJoin(149)) - omNode-1@group-523986131536-StateMachineUpdater: set stopIndex = 20
2021-10-24 13:01:03,519 [omNode-1@group-523986131536-FollowerState] INFO  impl.FollowerState (FollowerState.java:run(143)) - omNode-1@group-523986131536-FollowerState was interrupted: {}
java.lang.InterruptedException: sleep interrupted
	at java.lang.Thread.sleep(Native Method)
	at java.lang.Thread.sleep(Thread.java:340)
	at java.util.concurrent.TimeUnit.sleep(TimeUnit.java:386)
	at org.apache.ratis.util.TimeDuration.sleep(TimeDuration.java:324)
	at org.apache.ratis.util.TimeDuration.sleep(TimeDuration.java:309)
	at org.apache.ratis.server.impl.FollowerState.run(FollowerState.java:118)
2021-10-24 13:01:03,520 [omNode-1@group-523986131536-StateMachineUpdater] INFO  ratis.OzoneManagerStateMachine (OzoneManagerStateMachine.java:close(471)) - StateMachine has shutdown. Shutdown OzoneManager if not already shutdown.
2021-10-24 13:01:03,520 [Listener at localhost/13904] INFO  server.RaftServer$Division (ServerState.java:close(419)) - omNode-1@group-523986131536: closes. applyIndex: 20
2021-10-24 13:01:03,520 [omNode-1@group-523986131536-SegmentedRaftLogWorker] INFO  segmented.SegmentedRaftLogWorker (SegmentedRaftLogWorker.java:run(327)) - omNode-1@group-523986131536-SegmentedRaftLogWorker was interrupted, exiting. There are 0 tasks remaining in the queue.
2021-10-24 13:01:03,520 [Listener at localhost/13904] INFO  segmented.SegmentedRaftLogWorker (SegmentedRaftLogWorker.java:close(237)) - omNode-1@group-523986131536-SegmentedRaftLogWorker close()
2021-10-24 13:01:03,521 [Listener at localhost/13904] INFO  server.GrpcService (GrpcService.java:closeImpl(262)) - omNode-1: shutdown server with port 13896 now
2021-10-24 13:01:03,525 [Listener at localhost/13904] INFO  server.GrpcService (GrpcService.java:closeImpl(271)) - omNode-1: shutdown server with port 13896 successfully
2021-10-24 13:01:03,525 [org.apache.ratis.util.JvmPauseMonitor$$Lambda$523/122473104@60d1051c] INFO  util.JvmPauseMonitor (JvmPauseMonitor.java:run(109)) - JvmPauseMonitor-omNode-1: Stopped
2021-10-24 13:01:03,525 [Listener at localhost/13904] INFO  ratis.OzoneManagerDoubleBuffer (OzoneManagerDoubleBuffer.java:stop(437)) - Stopping OMDoubleBuffer flush thread
2021-10-24 13:01:03,525 [OMDoubleBufferFlushThread] INFO  ratis.OzoneManagerDoubleBuffer (OzoneManagerDoubleBuffer.java:flushTransactions(356)) - OMDoubleBuffer flush thread OMDoubleBufferFlushThread is interrupted and will exit. OMDoubleBufferFlushThread
2021-10-24 13:01:03,526 [Listener at localhost/13904] INFO  handler.ContextHandler (ContextHandler.java:doStop(1153)) - Stopped o.e.j.w.WebAppContext@4047b0a9{ozoneManager,/,null,STOPPED}{file:/home/runner/work/ozone/ozone/hadoop-ozone/integration-test/target/test-classes/webapps/ozoneManager}
2021-10-24 13:01:03,526 [Listener at localhost/13904] INFO  server.AbstractConnector (AbstractConnector.java:doStop(381)) - Stopped ServerConnector@7cc8df14{HTTP/1.1, (http/1.1)}{0.0.0.0:13894}
2021-10-24 13:01:03,526 [Listener at localhost/13904] INFO  server.session (HouseKeeper.java:stopScavenging(149)) - node0 Stopped scavenging
2021-10-24 13:01:03,526 [Listener at localhost/13904] INFO  handler.ContextHandler (ContextHandler.java:doStop(1153)) - Stopped o.e.j.s.ServletContextHandler@77ae83f7{static,/static,file:///home/runner/work/ozone/ozone/hadoop-ozone/integration-test/target/test-classes/webapps/static,STOPPED}
2021-10-24 13:01:03,527 [Listener at localhost/13904] INFO  handler.ContextHandler (ContextHandler.java:doStop(1153)) - Stopped o.e.j.s.ServletContextHandler@17a8b41b{logs,/logs,file:///home/runner/work/ozone/ozone/hadoop-ozone/integration-test/target/log,STOPPED}
2021-10-24 13:01:03,530 [Listener at localhost/13904] INFO  om.OzoneManager (OzoneManager.java:initFSOLayout(4357)) - Configured ozone.om.metadata.layout=SIMPLE and disabled optimized OM FS operations
2021-10-24 13:01:03,530 [Listener at localhost/13904] INFO  om.OzoneManager (OzoneManager.java:restart(1385)) - OzoneManager RPC server is listening at localhost/127.0.0.1:13892
2021-10-24 13:01:03,530 [Listener at localhost/13904] INFO  impl.MetricsSystemImpl (MetricsSystemImpl.java:init(158)) - OzoneManager metrics system started (again)
2021-10-24 13:01:03,543 [Listener at localhost/13904] WARN  server.ServerUtils (ServerUtils.java:getDBPath(225)) - ozone.om.db.dirs is not configured. We recommend adding this setting. Falling back to ozone.metadata.dirs instead.
2021-10-24 13:01:03,545 [Listener at localhost/13904] INFO  codec.OmKeyInfoCodec (OmKeyInfoCodec.java:<init>(51)) - OmKeyInfoCodec ignorePipeline = true
2021-10-24 13:01:03,545 [Listener at localhost/13904] INFO  codec.RepeatedOmKeyInfoCodec (RepeatedOmKeyInfoCodec.java:<init>(42)) - RepeatedOmKeyInfoCodec ignorePipeline = true
2021-10-24 13:01:03,578 [Listener at localhost/13904] WARN  om.OzoneManager (OzoneManager.java:instantiatePrepareStateOnStartup(4236)) - Prepare marker file index 20 does not match DB prepare index 19. Writing DB index to prepare file and maintaining prepared state.
2021-10-24 13:01:03,580 [Listener at localhost/13904] INFO  om.OzoneManagerPrepareState (OzoneManagerPrepareState.java:writePrepareMarkerFile(262)) - Prepare marker file written with log index 19 to file /home/runner/work/ozone/ozone/hadoop-ozone/integration-test/target/test-dir/MiniOzoneClusterImpl-cd96da87-0819-4dc2-95d7-841b147881f8/omNode-1/current/prepareMarker
2021-10-24 13:01:03,580 [Listener at localhost/13904] WARN  impl.MetricRegistriesImpl (MetricRegistriesImpl.java:addReporterRegistration(111)) - New reporters are added after registries were created. Some metrics will be missing from the reporter. Please add reporter before adding any new registry.
2021-10-24 13:01:03,580 [Listener at localhost/13904] WARN  impl.MetricRegistriesImpl (MetricRegistriesImpl.java:addReporterRegistration(111)) - New reporters are added after registries were created. Some metrics will be missing from the reporter. Please add reporter before adding any new registry.
2021-10-24 13:01:03,580 [Listener at localhost/13904] WARN  server.ServerUtils (ServerUtils.java:getDefaultRatisDirectory(237)) - Storage directory for Ratis is not configured. It is a good idea to map this to an SSD disk. Falling back to ozone.metadata.dirs
2021-10-24 13:01:03,581 [Listener at localhost/13904] INFO  ratis.OzoneManagerRatisServer (OzoneManagerRatisServer.java:<init>(159)) - Instantiating OM Ratis server with groupID: om-service-test1 and peers: localhost:13896, localhost:13908, localhost:13902
2021-10-24 13:01:03,581 [Listener at localhost/13904] INFO  ratis.OzoneManagerStateMachine (OzoneManagerStateMachine.java:loadSnapshotInfoFromDB(605)) - LastAppliedIndex is set from TransactionInfo from OM DB as (t:2, i:20)
2021-10-24 13:01:03,582 [Listener at localhost/13904] INFO  server.RaftServer (ConfUtils.java:logGet(44)) - raft.rpc.type = GRPC (default)
2021-10-24 13:01:03,582 [Listener at localhost/13904] INFO  grpc.GrpcFactory (GrpcFactory.java:checkPooledByteBufAllocatorUseCacheForAllThreads(48)) - PERFORMANCE WARNING: useCacheForAllThreads is true that may cause Netty to create a lot garbage objects and, as a result, trigger GC.
	It is recommended to disable useCacheForAllThreads by setting -Dorg.apache.ratis.thirdparty.io.netty.allocator.useCacheForAllThreads=false in command line.
2021-10-24 13:01:03,582 [Listener at localhost/13904] INFO  grpc.GrpcConfigKeys (ConfUtils.java:logGet(44)) - raft.grpc.admin.port = -1 (default)
2021-10-24 13:01:03,582 [Listener at localhost/13904] INFO  grpc.GrpcConfigKeys (ConfUtils.java:logGet(44)) - raft.grpc.server.port = 13896 (custom)
2021-10-24 13:01:03,582 [Listener at localhost/13904] INFO  grpc.GrpcConfigKeys (ConfUtils.java:logGet(44)) - raft.grpc.client.port = -1 (default)
2021-10-24 13:01:03,582 [Listener at localhost/13904] INFO  grpc.GrpcConfigKeys (ConfUtils.java:logGet(44)) - raft.grpc.server.port = 13896 (custom)
2021-10-24 13:01:03,582 [Listener at localhost/13904] INFO  grpc.GrpcConfigKeys (ConfUtils.java:logGet(44)) - raft.grpc.server.port = 13896 (custom)
2021-10-24 13:01:03,582 [Listener at localhost/13904] INFO  server.GrpcService (ConfUtils.java:logGet(44)) - raft.grpc.message.size.max = 33554432 (custom)
2021-10-24 13:01:03,582 [Listener at localhost/13904] INFO  server.RaftServerConfigKeys (ConfUtils.java:logGet(44)) - raft.server.log.appender.buffer.byte-limit = 33554432 (custom)
2021-10-24 13:01:03,583 [Listener at localhost/13904] INFO  server.GrpcService (ConfUtils.java:logGet(44)) - raft.grpc.flow.control.window = 1MB (=1048576) (default)
2021-10-24 13:01:03,583 [Listener at localhost/13904] INFO  server.RaftServerConfigKeys (ConfUtils.java:logGet(44)) - raft.server.rpc.request.timeout = 3000ms (default)
2021-10-24 13:01:03,584 [Listener at localhost/13904] INFO  impl.DataStreamServerImpl (ConfUtils.java:logGet(44)) - raft.datastream.type = DISABLED (default)
2021-10-24 13:01:03,584 [Listener at localhost/13904] INFO  server.RaftServerConfigKeys (ConfUtils.java:logGet(44)) - raft.server.rpc.slowness.timeout = 2s (custom)
2021-10-24 13:01:03,584 [Listener at localhost/13904] INFO  server.RaftServerConfigKeys (ConfUtils.java:logGet(44)) - raft.server.leaderelection.leader.step-down.wait-time = 10s (default)
2021-10-24 13:01:03,584 [Listener at localhost/13904] INFO  server.RaftServerConfigKeys (ConfUtils.java:logGet(44)) - raft.server.storage.dir = [/home/runner/work/ozone/ozone/hadoop-ozone/integration-test/target/test-dir/MiniOzoneClusterImpl-cd96da87-0819-4dc2-95d7-841b147881f8/omNode-1/ratis] (custom)
2021-10-24 13:01:03,584 [Listener at localhost/13904] INFO  server.RaftServer (RaftServerProxy.java:lambda$null$1(235)) - omNode-1: found a subdirectory /home/runner/work/ozone/ozone/hadoop-ozone/integration-test/target/test-dir/MiniOzoneClusterImpl-cd96da87-0819-4dc2-95d7-841b147881f8/omNode-1/ratis/c9bc4cf4-3bc3-3c60-a66b-523986131536
2021-10-24 13:01:03,584 [Listener at localhost/13904] INFO  server.RaftServer (RaftServerProxy.java:addNew(95)) - omNode-1: addNew group-523986131536:[omNode-3|rpc:localhost:13908|priority:0, omNode-1|rpc:localhost:13896|priority:0, omNode-2|rpc:localhost:13902|priority:0] returns group-523986131536:java.util.concurrent.CompletableFuture@16ebf26f[Not completed]
2021-10-24 13:01:03,584 [Listener at localhost/13904] INFO  om.OzoneManager (OzoneManager.java:initializeRatisServer(1605)) - OzoneManager Ratis server initialized at port 13896
2021-10-24 13:01:03,585 [Listener at localhost/13904] INFO  ratis.OzoneManagerRatisServer (OzoneManagerRatisServer.java:start(520)) - Starting OzoneManagerRatisServer omNode-1 at port 13896
2021-10-24 13:01:03,585 [pool-431-thread-1] INFO  server.RaftServer$Division (RaftServerImpl.java:<init>(184)) - omNode-1: new RaftServerImpl for group-523986131536:[omNode-3|rpc:localhost:13908|priority:0, omNode-1|rpc:localhost:13896|priority:0, omNode-2|rpc:localhost:13902|priority:0] with OzoneManagerStateMachine:uninitialized
2021-10-24 13:01:03,590 [pool-431-thread-1] INFO  server.RaftServerConfigKeys (ConfUtils.java:logGet(44)) - raft.server.rpc.timeout.min = 1s (custom)
2021-10-24 13:01:03,591 [pool-431-thread-1] INFO  server.RaftServerConfigKeys (ConfUtils.java:logGet(44)) - raft.server.rpc.timeout.max = 1200ms (custom)
2021-10-24 13:01:03,591 [pool-431-thread-1] INFO  server.RaftServerConfigKeys (ConfUtils.java:logGet(44)) - raft.server.rpc.sleep.time = 25ms (default)
2021-10-24 13:01:03,591 [pool-431-thread-1] INFO  server.RaftServerConfigKeys (ConfUtils.java:logGet(44)) - raft.server.rpc.slowness.timeout = 2s (custom)
2021-10-24 13:01:03,591 [pool-431-thread-1] INFO  server.RaftServerConfigKeys (ConfUtils.java:logGet(44)) - raft.server.leaderelection.leader.step-down.wait-time = 10s (default)
2021-10-24 13:01:03,591 [pool-431-thread-1] INFO  server.RaftServerConfigKeys (ConfUtils.java:logGet(44)) - raft.server.sleep.deviation.threshold = 300ms (default)
2021-10-24 13:01:03,591 [pool-431-thread-1] INFO  server.RaftServerConfigKeys (ConfUtils.java:logGet(44)) - raft.server.log.appender.install.snapshot.enabled = false (custom)
2021-10-24 13:01:03,591 [pool-431-thread-1] INFO  server.RaftServer$Division (ServerState.java:<init>(105)) - omNode-1@group-523986131536: ConfigurationManager, init=-1: [omNode-3|rpc:localhost:13908|priority:0, omNode-1|rpc:localhost:13896|priority:0, omNode-2|rpc:localhost:13902|priority:0], old=null, confs=<EMPTY_MAP>
2021-10-24 13:01:03,591 [pool-431-thread-1] INFO  server.RaftServerConfigKeys (ConfUtils.java:logGet(44)) - raft.server.storage.dir = [/home/runner/work/ozone/ozone/hadoop-ozone/integration-test/target/test-dir/MiniOzoneClusterImpl-cd96da87-0819-4dc2-95d7-841b147881f8/omNode-1/ratis] (custom)
2021-10-24 13:01:03,591 [pool-431-thread-1] INFO  server.RaftServerConfigKeys (ConfUtils.java:logGet(44)) - raft.server.log.corruption.policy = EXCEPTION (default)
2021-10-24 13:01:03,591 [pool-431-thread-1] INFO  server.RaftServerConfigKeys (ConfUtils.java:logGet(44)) - raft.server.storage.free-space.min = 0MB (=0) (default)
2021-10-24 13:01:03,593 [pool-431-thread-1] INFO  storage.RaftStorageDirectory (RaftStorageDirectoryImpl.java:tryLock(230)) - Lock on /home/runner/work/ozone/ozone/hadoop-ozone/integration-test/target/test-dir/MiniOzoneClusterImpl-cd96da87-0819-4dc2-95d7-841b147881f8/omNode-1/ratis/c9bc4cf4-3bc3-3c60-a66b-523986131536/in_use.lock acquired by nodename 13972@fv-az50-989
2021-10-24 13:01:03,593 [pool-431-thread-1] INFO  storage.RaftStorage (RaftStorageImpl.java:analyzeAndRecoverStorage(110)) - Read RaftStorageMetadata{term=15, votedFor=omNode-1} from /home/runner/work/ozone/ozone/hadoop-ozone/integration-test/target/test-dir/MiniOzoneClusterImpl-cd96da87-0819-4dc2-95d7-841b147881f8/omNode-1/ratis/c9bc4cf4-3bc3-3c60-a66b-523986131536/current/raft-meta
2021-10-24 13:01:03,593 [pool-431-thread-1] INFO  server.RaftServer$Division (ServerState.java:setRaftConf(387)) - omNode-1@group-523986131536: set configuration 31: [omNode-3|rpc:localhost:13908|admin:|client:|dataStream:|priority:0, omNode-1|rpc:localhost:13896|admin:|client:|dataStream:|priority:0, omNode-2|rpc:localhost:13902|admin:|client:|dataStream:|priority:0], old=null
2021-10-24 13:01:03,593 [pool-431-thread-1] INFO  server.RaftServerConfigKeys (ConfUtils.java:logGet(44)) - raft.server.notification.no-leader.timeout = 2s (custom)
2021-10-24 13:01:03,593 [pool-431-thread-1] INFO  server.RaftServerConfigKeys (ConfUtils.java:logGet(44)) - raft.server.log.use.memory = false (default)
2021-10-24 13:01:03,593 [pool-431-thread-1] INFO  server.RaftServerConfigKeys (ConfUtils.java:logGet(44)) - raft.server.log.purge.gap = 50 (custom)
2021-10-24 13:01:03,593 [pool-431-thread-1] INFO  server.RaftServerConfigKeys (ConfUtils.java:logGet(44)) - raft.server.log.appender.buffer.byte-limit = 33554432 (custom)
2021-10-24 13:01:03,594 [pool-431-thread-1] INFO  server.RaftServerConfigKeys (ConfUtils.java:logGet(44)) - raft.server.log.segment.size.max = 4194304 (custom)
2021-10-24 13:01:03,594 [pool-431-thread-1] INFO  server.RaftServerConfigKeys (ConfUtils.java:logGet(44)) - raft.server.log.segment.cache.num.max = 2 (custom)
2021-10-24 13:01:03,594 [pool-431-thread-1] INFO  server.RaftServerConfigKeys (ConfUtils.java:logGet(44)) - raft.server.log.segment.cache.size.max = 200MB (=209715200) (default)
2021-10-24 13:01:03,594 [pool-431-thread-1] INFO  segmented.SegmentedRaftLogWorker (SegmentedRaftLogWorker.java:<init>(182)) - new omNode-1@group-523986131536-SegmentedRaftLogWorker for RaftStorageImpl:Storage Directory /home/runner/work/ozone/ozone/hadoop-ozone/integration-test/target/test-dir/MiniOzoneClusterImpl-cd96da87-0819-4dc2-95d7-841b147881f8/omNode-1/ratis/c9bc4cf4-3bc3-3c60-a66b-523986131536
2021-10-24 13:01:03,594 [pool-431-thread-1] INFO  server.RaftServerConfigKeys (ConfUtils.java:logGet(44)) - raft.server.log.queue.byte-limit = 64MB (=67108864) (default)
2021-10-24 13:01:03,594 [pool-431-thread-1] INFO  server.RaftServerConfigKeys (ConfUtils.java:logGet(44)) - raft.server.log.queue.element-limit = 4096 (default)
2021-10-24 13:01:03,594 [pool-431-thread-1] INFO  server.RaftServerConfigKeys (ConfUtils.java:logGet(44)) - raft.server.log.segment.size.max = 4194304 (custom)
2021-10-24 13:01:03,594 [pool-431-thread-1] INFO  server.RaftServerConfigKeys (ConfUtils.java:logGet(44)) - raft.server.log.preallocated.size = 4194304 (custom)
2021-10-24 13:01:03,594 [pool-431-thread-1] INFO  server.RaftServerConfigKeys (ConfUtils.java:logGet(44)) - raft.server.log.force.sync.num = 128 (default)
2021-10-24 13:01:03,594 [pool-431-thread-1] INFO  server.RaftServerConfigKeys (ConfUtils.java:logGet(44)) - raft.server.log.statemachine.data.sync = true (default)
2021-10-24 13:01:03,595 [pool-431-thread-1] INFO  server.RaftServerConfigKeys (ConfUtils.java:logGet(44)) - raft.server.log.statemachine.data.sync.timeout = 10s (default)
2021-10-24 13:01:03,595 [pool-431-thread-1] INFO  server.RaftServerConfigKeys (ConfUtils.java:logGet(44)) - raft.server.log.statemachine.data.sync.timeout.retry = -1 (default)
2021-10-24 13:01:03,595 [pool-431-thread-1] INFO  server.RaftServerConfigKeys (ConfUtils.java:logGet(44)) - raft.server.log.write.buffer.size = 64KB (=65536) (default)
2021-10-24 13:01:03,595 [pool-431-thread-1] INFO  server.RaftServerConfigKeys (ConfUtils.java:logGet(44)) - raft.server.log.statemachine.data.caching.enabled = false (default)
2021-10-24 13:01:03,596 [pool-431-thread-1] INFO  segmented.SegmentedRaftLogWorker (SegmentedRaftLogWorker.java:lambda$new$0(133)) - omNode-1@group-523986131536-SegmentedRaftLogWorker: flushIndex: setUnconditionally 0 -> 20
2021-10-24 13:01:03,596 [pool-431-thread-1] INFO  segmented.SegmentedRaftLogWorker (SegmentedRaftLogWorker.java:lambda$new$0(133)) - omNode-1@group-523986131536-SegmentedRaftLogWorker: safeCacheEvictIndex: setUnconditionally 0 -> -1
2021-10-24 13:01:03,596 [pool-431-thread-1] INFO  server.RaftServerConfigKeys (ConfUtils.java:logGet(44)) - raft.server.snapshot.auto.trigger.enabled = true (custom)
2021-10-24 13:01:03,596 [pool-431-thread-1] INFO  server.RaftServerConfigKeys (ConfUtils.java:logGet(44)) - raft.server.snapshot.auto.trigger.threshold = 50 (custom)
2021-10-24 13:01:03,596 [pool-431-thread-1] INFO  server.RaftServerConfigKeys (ConfUtils.java:logGet(44)) - raft.server.snapshot.retention.file.num = -1 (default)
2021-10-24 13:01:03,596 [pool-431-thread-1] INFO  server.RaftServerConfigKeys (ConfUtils.java:logGet(44)) - raft.server.log.purge.upto.snapshot.index = true (custom)
2021-10-24 13:01:03,596 [pool-431-thread-1] INFO  server.RaftServerConfigKeys (ConfUtils.java:logGet(44)) - raft.server.retrycache.expirytime = 30000ms (custom)
2021-10-24 13:01:03,596 [pool-431-thread-1] INFO  server.RaftServerConfigKeys (ConfUtils.java:logGet(44)) - raft.server.retrycache.statistics.expirytime = 100μs (default)
2021-10-24 13:01:03,597 [Listener at localhost/13904] INFO  server.RaftServer$Division (RaftServerImpl.java:start(301)) - omNode-1@group-523986131536: start as a follower, conf=31: [omNode-3|rpc:localhost:13908|admin:|client:|dataStream:|priority:0, omNode-1|rpc:localhost:13896|admin:|client:|dataStream:|priority:0, omNode-2|rpc:localhost:13902|admin:|client:|dataStream:|priority:0], old=null
2021-10-24 13:01:03,597 [Listener at localhost/13904] INFO  server.RaftServer$Division (RaftServerImpl.java:setRole(290)) - omNode-1@group-523986131536: changes role from      null to FOLLOWER at term 15 for startAsFollower
2021-10-24 13:01:03,597 [Listener at localhost/13904] INFO  impl.RoleInfo (RoleInfo.java:updateAndGet(130)) - omNode-1: start omNode-1@group-523986131536-FollowerState
2021-10-24 13:01:03,598 [Listener at localhost/13904] INFO  util.JmxRegister (JmxRegister.java:tryRegister(44)) - Successfully registered JMX Bean with object name Ratis:service=RaftServer,group=group-523986131536,id=omNode-1
2021-10-24 13:01:03,598 [Listener at localhost/13904] INFO  server.RaftServer (RaftServerProxy.java:lambda$start$5(374)) - omNode-1: start RPC server
2021-10-24 13:01:03,599 [Listener at localhost/13904] INFO  server.GrpcService (GrpcService.java:startImpl(253)) - omNode-1: GrpcService started, listening on 13896
2021-10-24 13:01:03,602 [Listener at localhost/13904] INFO  ipc.CallQueueManager (CallQueueManager.java:<init>(90)) - Using callQueue: class java.util.concurrent.LinkedBlockingQueue, queueCapacity: 2000, scheduler: class org.apache.hadoop.ipc.DefaultRpcScheduler, ipcBackoff: false.
2021-10-24 13:01:03,602 [org.apache.ratis.util.JvmPauseMonitor$$Lambda$523/122473104@7da80ae] INFO  util.JvmPauseMonitor (JvmPauseMonitor.java:run(103)) - JvmPauseMonitor-omNode-1: Started
2021-10-24 13:01:03,603 [Socket Reader #1 for port 13892] INFO  ipc.Server (Server.java:run(1265)) - Starting Socket Reader #1 for port 13892
2021-10-24 13:01:03,606 [Listener at localhost/13892] INFO  http.BaseHttpServer (BaseHttpServer.java:newHttpServer2BuilderForOzone(209)) - Starting Web-server for ozoneManager at: http://0.0.0.0:13894
2021-10-24 13:01:03,606 [Listener at localhost/13892] INFO  http.BaseHttpServer (BaseHttpServer.java:<init>(107)) - Hadoop Security Enabled: false Ozone Security Enabled: false Ozone HTTP Security Enabled: false 
2021-10-24 13:01:03,609 [Listener at localhost/13892] INFO  server.AuthenticationFilter (AuthenticationFilter.java:constructSecretProvider(240)) - Unable to initialize FileSignerSecretProvider, falling back to use random secrets.
2021-10-24 13:01:03,609 [Listener at localhost/13892] WARN  http.HttpRequestLog (HttpRequestLog.java:getRequestLog(103)) - Jetty request log can only be enabled using Log4j
2021-10-24 13:01:03,610 [Listener at localhost/13892] INFO  http.HttpServer2 (HttpServer2.java:addGlobalFilter(1030)) - Added global filter 'safety' (class=org.apache.hadoop.hdds.server.http.HttpServer2$QuotingInputFilter)
2021-10-24 13:01:03,611 [Listener at localhost/13892] INFO  http.HttpServer2 (HttpServer2.java:addFilter(1006)) - Added filter static_user_filter (class=org.apache.hadoop.http.lib.StaticUserWebFilter$StaticUserFilter) to context ozoneManager
2021-10-24 13:01:03,611 [Listener at localhost/13892] INFO  http.HttpServer2 (HttpServer2.java:addFilter(1014)) - Added filter static_user_filter (class=org.apache.hadoop.http.lib.StaticUserWebFilter$StaticUserFilter) to context static
2021-10-24 13:01:03,611 [Listener at localhost/13892] INFO  http.HttpServer2 (HttpServer2.java:addFilter(1014)) - Added filter static_user_filter (class=org.apache.hadoop.http.lib.StaticUserWebFilter$StaticUserFilter) to context logs
2021-10-24 13:01:03,611 [Listener at localhost/13892] INFO  http.HttpServer2 (HttpServer2.java:bindListener(1249)) - Jetty bound to port 13894
2021-10-24 13:01:03,611 [Listener at localhost/13892] INFO  server.Server (Server.java:doStart(375)) - jetty-9.4.43.v20210629; built: 2021-06-30T11:07:22.254Z; git: 526006ecfa3af7f1a27ef3a288e2bef7ea9dd7e8; jvm 1.8.0_292-b10
2021-10-24 13:01:03,613 [Listener at localhost/13892] INFO  server.session (DefaultSessionIdManager.java:doStart(334)) - DefaultSessionIdManager workerName=node0
2021-10-24 13:01:03,613 [Listener at localhost/13892] INFO  server.session (DefaultSessionIdManager.java:doStart(339)) - No SessionScavenger set, using defaults
2021-10-24 13:01:03,615 [Listener at localhost/13892] INFO  server.session (HouseKeeper.java:startScavenging(132)) - node0 Scavenging every 600000ms
2021-10-24 13:01:03,616 [Listener at localhost/13892] INFO  handler.ContextHandler (ContextHandler.java:doStart(915)) - Started o.e.j.s.ServletContextHandler@982708b{logs,/logs,file:///home/runner/work/ozone/ozone/hadoop-ozone/integration-test/target/log,AVAILABLE}
2021-10-24 13:01:03,616 [Listener at localhost/13892] INFO  handler.ContextHandler (ContextHandler.java:doStart(915)) - Started o.e.j.s.ServletContextHandler@3bcb71a9{static,/static,file:///home/runner/work/ozone/ozone/hadoop-ozone/integration-test/target/test-classes/webapps/static,AVAILABLE}
2021-10-24 13:01:03,621 [Listener at localhost/13892] INFO  handler.ContextHandler (ContextHandler.java:doStart(915)) - Started o.e.j.w.WebAppContext@618a3db{ozoneManager,/,file:///home/runner/work/ozone/ozone/hadoop-ozone/integration-test/target/test-classes/webapps/ozoneManager/,AVAILABLE}{file:/home/runner/work/ozone/ozone/hadoop-ozone/integration-test/target/test-classes/webapps/ozoneManager}
2021-10-24 13:01:03,624 [Listener at localhost/13892] INFO  server.AbstractConnector (AbstractConnector.java:doStart(331)) - Started ServerConnector@32c8928d{HTTP/1.1, (http/1.1)}{0.0.0.0:13894}
2021-10-24 13:01:03,624 [Listener at localhost/13892] INFO  server.Server (Server.java:doStart(415)) - Started @300393ms
2021-10-24 13:01:03,624 [Listener at localhost/13892] WARN  impl.MetricsSystemImpl (MetricsSystemImpl.java:register(279)) - Sink prometheus already exists!
2021-10-24 13:01:03,624 [Listener at localhost/13892] INFO  http.BaseHttpServer (BaseHttpServer.java:updateConnectorAddress(329)) - HTTP server of ozoneManager listening at http://0.0.0.0:13894
2021-10-24 13:01:03,625 [IPC Server Responder] INFO  ipc.Server (Server.java:run(1507)) - IPC Server Responder: starting
2021-10-24 13:01:03,632 [IPC Server listener on 13892] INFO  ipc.Server (Server.java:run(1344)) - IPC Server listener on 13892: starting
2021-10-24 13:01:03,655 [Listener at localhost/13892] INFO  om.OzoneManager (OzoneManager.java:startTrashEmptier(1563)) - Trash Interval set to 0. Files deleted will not move to trash
2021-10-24 13:01:03,656 [Listener at localhost/13892] INFO  om.OzoneManager (OzoneManager.java:stop(1664)) - Stopping Ozone Manager
2021-10-24 13:01:03,656 [Listener at localhost/13892] INFO  ipc.Server (Server.java:stop(3414)) - Stopping server on 13898
2021-10-24 13:01:03,664 [org.apache.hadoop.util.JvmPauseMonitor$Monitor@73195d53] INFO  util.JvmPauseMonitor (JvmPauseMonitor.java:run(188)) - Starting JVM pause monitor
2021-10-24 13:01:03,665 [IPC Server listener on 13898] INFO  ipc.Server (Server.java:run(1376)) - Stopping IPC Server listener on 13898
2021-10-24 13:01:03,665 [IPC Server Responder] INFO  ipc.Server (Server.java:run(1512)) - Stopping IPC Server Responder
2021-10-24 13:01:03,665 [Listener at localhost/13892] INFO  server.RaftServer (RaftServerProxy.java:lambda$close$6(391)) - omNode-2: close
2021-10-24 13:01:03,665 [Listener at localhost/13892] INFO  server.RaftServer$Division (RaftServerImpl.java:lambda$close$4(412)) - omNode-2@group-523986131536: shutdown
2021-10-24 13:01:03,665 [Listener at localhost/13892] INFO  util.JmxRegister (JmxRegister.java:unregister(73)) - Successfully un-registered JMX Bean with object name Ratis:service=RaftServer,group=group-523986131536,id=omNode-2
2021-10-24 13:01:03,665 [Listener at localhost/13892] INFO  impl.RoleInfo (RoleInfo.java:shutdownFollowerState(108)) - omNode-2: shutdown omNode-2@group-523986131536-FollowerState
2021-10-24 13:01:03,665 [Listener at localhost/13892] INFO  impl.StateMachineUpdater (StateMachineUpdater.java:stopAndJoin(149)) - omNode-2@group-523986131536-StateMachineUpdater: set stopIndex = 32
2021-10-24 13:01:03,665 [omNode-2@group-523986131536-StateMachineUpdater] INFO  ratis.OzoneManagerStateMachine (OzoneManagerStateMachine.java:close(471)) - StateMachine has shutdown. Shutdown OzoneManager if not already shutdown.
2021-10-24 13:01:03,665 [omNode-2@group-523986131536-FollowerState] INFO  impl.FollowerState (FollowerState.java:run(143)) - omNode-2@group-523986131536-FollowerState was interrupted: {}
java.lang.InterruptedException: sleep interrupted
	at java.lang.Thread.sleep(Native Method)
	at java.lang.Thread.sleep(Thread.java:340)
	at java.util.concurrent.TimeUnit.sleep(TimeUnit.java:386)
	at org.apache.ratis.util.TimeDuration.sleep(TimeDuration.java:324)
	at org.apache.ratis.util.TimeDuration.sleep(TimeDuration.java:309)
	at org.apache.ratis.server.impl.FollowerState.run(FollowerState.java:118)
2021-10-24 13:01:03,666 [Listener at localhost/13892] INFO  server.RaftServer$Division (ServerState.java:close(419)) - omNode-2@group-523986131536: closes. applyIndex: 32
2021-10-24 13:01:03,666 [omNode-2@group-523986131536-SegmentedRaftLogWorker] INFO  segmented.SegmentedRaftLogWorker (SegmentedRaftLogWorker.java:run(327)) - omNode-2@group-523986131536-SegmentedRaftLogWorker was interrupted, exiting. There are 0 tasks remaining in the queue.
2021-10-24 13:01:03,667 [Listener at localhost/13892] INFO  segmented.SegmentedRaftLogWorker (SegmentedRaftLogWorker.java:close(237)) - omNode-2@group-523986131536-SegmentedRaftLogWorker close()
2021-10-24 13:01:03,668 [Listener at localhost/13892] INFO  server.GrpcService (GrpcService.java:closeImpl(262)) - omNode-2: shutdown server with port 13902 now
2021-10-24 13:01:03,668 [Listener at localhost/13892] INFO  server.GrpcService (GrpcService.java:closeImpl(271)) - omNode-2: shutdown server with port 13902 successfully
2021-10-24 13:01:03,668 [org.apache.ratis.util.JvmPauseMonitor$$Lambda$523/122473104@280c5134] INFO  util.JvmPauseMonitor (JvmPauseMonitor.java:run(109)) - JvmPauseMonitor-omNode-2: Stopped
2021-10-24 13:01:03,668 [Listener at localhost/13892] INFO  ratis.OzoneManagerDoubleBuffer (OzoneManagerDoubleBuffer.java:stop(437)) - Stopping OMDoubleBuffer flush thread
2021-10-24 13:01:03,668 [OMDoubleBufferFlushThread] INFO  ratis.OzoneManagerDoubleBuffer (OzoneManagerDoubleBuffer.java:flushTransactions(356)) - OMDoubleBuffer flush thread OMDoubleBufferFlushThread is interrupted and will exit. OMDoubleBufferFlushThread
2021-10-24 13:01:03,669 [Listener at localhost/13892] INFO  handler.ContextHandler (ContextHandler.java:doStop(1153)) - Stopped o.e.j.w.WebAppContext@279f0684{ozoneManager,/,null,STOPPED}{file:/home/runner/work/ozone/ozone/hadoop-ozone/integration-test/target/test-classes/webapps/ozoneManager}
2021-10-24 13:01:03,670 [Listener at localhost/13892] INFO  server.AbstractConnector (AbstractConnector.java:doStop(381)) - Stopped ServerConnector@1dc807a2{HTTP/1.1, (http/1.1)}{0.0.0.0:13900}
2021-10-24 13:01:03,670 [Listener at localhost/13892] INFO  server.session (HouseKeeper.java:stopScavenging(149)) - node0 Stopped scavenging
2021-10-24 13:01:03,671 [Listener at localhost/13892] INFO  handler.ContextHandler (ContextHandler.java:doStop(1153)) - Stopped o.e.j.s.ServletContextHandler@54d37a84{static,/static,file:///home/runner/work/ozone/ozone/hadoop-ozone/integration-test/target/test-classes/webapps/static,STOPPED}
2021-10-24 13:01:03,671 [Listener at localhost/13892] INFO  handler.ContextHandler (ContextHandler.java:doStop(1153)) - Stopped o.e.j.s.ServletContextHandler@65da9cc0{logs,/logs,file:///home/runner/work/ozone/ozone/hadoop-ozone/integration-test/target/log,STOPPED}
2021-10-24 13:01:03,672 [Listener at localhost/13892] INFO  om.OzoneManager (OzoneManager.java:initFSOLayout(4357)) - Configured ozone.om.metadata.layout=SIMPLE and disabled optimized OM FS operations
2021-10-24 13:01:03,672 [Listener at localhost/13892] INFO  om.OzoneManager (OzoneManager.java:restart(1385)) - OzoneManager RPC server is listening at localhost/127.0.0.1:13898
2021-10-24 13:01:03,672 [Listener at localhost/13892] INFO  impl.MetricsSystemImpl (MetricsSystemImpl.java:init(158)) - OzoneManager metrics system started (again)
2021-10-24 13:01:03,686 [Listener at localhost/13892] WARN  server.ServerUtils (ServerUtils.java:getDBPath(225)) - ozone.om.db.dirs is not configured. We recommend adding this setting. Falling back to ozone.metadata.dirs instead.
2021-10-24 13:01:03,691 [Listener at localhost/13892] INFO  codec.OmKeyInfoCodec (OmKeyInfoCodec.java:<init>(51)) - OmKeyInfoCodec ignorePipeline = true
2021-10-24 13:01:03,691 [Listener at localhost/13892] INFO  codec.RepeatedOmKeyInfoCodec (RepeatedOmKeyInfoCodec.java:<init>(42)) - RepeatedOmKeyInfoCodec ignorePipeline = true
2021-10-24 13:01:03,719 [Listener at localhost/13892] WARN  impl.MetricRegistriesImpl (MetricRegistriesImpl.java:addReporterRegistration(111)) - New reporters are added after registries were created. Some metrics will be missing from the reporter. Please add reporter before adding any new registry.
2021-10-24 13:01:03,719 [Listener at localhost/13892] WARN  impl.MetricRegistriesImpl (MetricRegistriesImpl.java:addReporterRegistration(111)) - New reporters are added after registries were created. Some metrics will be missing from the reporter. Please add reporter before adding any new registry.
2021-10-24 13:01:03,719 [Listener at localhost/13892] WARN  server.ServerUtils (ServerUtils.java:getDefaultRatisDirectory(237)) - Storage directory for Ratis is not configured. It is a good idea to map this to an SSD disk. Falling back to ozone.metadata.dirs
2021-10-24 13:01:03,720 [Listener at localhost/13892] INFO  ratis.OzoneManagerRatisServer (OzoneManagerRatisServer.java:<init>(159)) - Instantiating OM Ratis server with groupID: om-service-test1 and peers: localhost:13902, localhost:13908, localhost:13896
2021-10-24 13:01:03,720 [Listener at localhost/13892] INFO  ratis.OzoneManagerStateMachine (OzoneManagerStateMachine.java:loadSnapshotInfoFromDB(605)) - LastAppliedIndex is set from TransactionInfo from OM DB as (t:9, i:32)
2021-10-24 13:01:03,720 [Listener at localhost/13892] INFO  server.RaftServer (ConfUtils.java:logGet(44)) - raft.rpc.type = GRPC (default)
2021-10-24 13:01:03,720 [Listener at localhost/13892] INFO  grpc.GrpcFactory (GrpcFactory.java:checkPooledByteBufAllocatorUseCacheForAllThreads(48)) - PERFORMANCE WARNING: useCacheForAllThreads is true that may cause Netty to create a lot garbage objects and, as a result, trigger GC.
	It is recommended to disable useCacheForAllThreads by setting -Dorg.apache.ratis.thirdparty.io.netty.allocator.useCacheForAllThreads=false in command line.
2021-10-24 13:01:03,720 [Listener at localhost/13892] INFO  grpc.GrpcConfigKeys (ConfUtils.java:logGet(44)) - raft.grpc.admin.port = -1 (default)
2021-10-24 13:01:03,721 [Listener at localhost/13892] INFO  grpc.GrpcConfigKeys (ConfUtils.java:logGet(44)) - raft.grpc.server.port = 13902 (custom)
2021-10-24 13:01:03,721 [Listener at localhost/13892] INFO  grpc.GrpcConfigKeys (ConfUtils.java:logGet(44)) - raft.grpc.client.port = -1 (default)
2021-10-24 13:01:03,721 [Listener at localhost/13892] INFO  grpc.GrpcConfigKeys (ConfUtils.java:logGet(44)) - raft.grpc.server.port = 13902 (custom)
2021-10-24 13:01:03,721 [Listener at localhost/13892] INFO  grpc.GrpcConfigKeys (ConfUtils.java:logGet(44)) - raft.grpc.server.port = 13902 (custom)
2021-10-24 13:01:03,721 [Listener at localhost/13892] INFO  server.GrpcService (ConfUtils.java:logGet(44)) - raft.grpc.message.size.max = 33554432 (custom)
2021-10-24 13:01:03,721 [Listener at localhost/13892] INFO  server.RaftServerConfigKeys (ConfUtils.java:logGet(44)) - raft.server.log.appender.buffer.byte-limit = 33554432 (custom)
2021-10-24 13:01:03,721 [Listener at localhost/13892] INFO  server.GrpcService (ConfUtils.java:logGet(44)) - raft.grpc.flow.control.window = 1MB (=1048576) (default)
2021-10-24 13:01:03,721 [Listener at localhost/13892] INFO  server.RaftServerConfigKeys (ConfUtils.java:logGet(44)) - raft.server.rpc.request.timeout = 3000ms (default)
2021-10-24 13:01:03,722 [Listener at localhost/13892] INFO  impl.DataStreamServerImpl (ConfUtils.java:logGet(44)) - raft.datastream.type = DISABLED (default)
2021-10-24 13:01:03,722 [Listener at localhost/13892] INFO  server.RaftServerConfigKeys (ConfUtils.java:logGet(44)) - raft.server.rpc.slowness.timeout = 2s (custom)
2021-10-24 13:01:03,722 [Listener at localhost/13892] INFO  server.RaftServerConfigKeys (ConfUtils.java:logGet(44)) - raft.server.leaderelection.leader.step-down.wait-time = 10s (default)
2021-10-24 13:01:03,722 [Listener at localhost/13892] INFO  server.RaftServerConfigKeys (ConfUtils.java:logGet(44)) - raft.server.storage.dir = [/home/runner/work/ozone/ozone/hadoop-ozone/integration-test/target/test-dir/MiniOzoneClusterImpl-cd96da87-0819-4dc2-95d7-841b147881f8/omNode-2/ratis] (custom)
2021-10-24 13:01:03,722 [Listener at localhost/13892] INFO  server.RaftServer (RaftServerProxy.java:lambda$null$1(235)) - omNode-2: found a subdirectory /home/runner/work/ozone/ozone/hadoop-ozone/integration-test/target/test-dir/MiniOzoneClusterImpl-cd96da87-0819-4dc2-95d7-841b147881f8/omNode-2/ratis/c9bc4cf4-3bc3-3c60-a66b-523986131536
2021-10-24 13:01:03,723 [Listener at localhost/13892] INFO  server.RaftServer (RaftServerProxy.java:addNew(95)) - omNode-2: addNew group-523986131536:[omNode-3|rpc:localhost:13908|priority:0, omNode-1|rpc:localhost:13896|priority:0, omNode-2|rpc:localhost:13902|priority:0] returns group-523986131536:java.util.concurrent.CompletableFuture@2eecc097[Not completed]
2021-10-24 13:01:03,723 [pool-451-thread-1] INFO  server.RaftServer$Division (RaftServerImpl.java:<init>(184)) - omNode-2: new RaftServerImpl for group-523986131536:[omNode-3|rpc:localhost:13908|priority:0, omNode-1|rpc:localhost:13896|priority:0, omNode-2|rpc:localhost:13902|priority:0] with OzoneManagerStateMachine:uninitialized
2021-10-24 13:01:03,723 [Listener at localhost/13892] INFO  om.OzoneManager (OzoneManager.java:initializeRatisServer(1605)) - OzoneManager Ratis server initialized at port 13902
2021-10-24 13:01:03,723 [Listener at localhost/13892] INFO  ratis.OzoneManagerRatisServer (OzoneManagerRatisServer.java:start(520)) - Starting OzoneManagerRatisServer omNode-2 at port 13902
2021-10-24 13:01:03,724 [pool-451-thread-1] INFO  server.RaftServerConfigKeys (ConfUtils.java:logGet(44)) - raft.server.rpc.timeout.min = 1s (custom)
2021-10-24 13:01:03,724 [pool-451-thread-1] INFO  server.RaftServerConfigKeys (ConfUtils.java:logGet(44)) - raft.server.rpc.timeout.max = 1200ms (custom)
2021-10-24 13:01:03,724 [pool-451-thread-1] INFO  server.RaftServerConfigKeys (ConfUtils.java:logGet(44)) - raft.server.rpc.sleep.time = 25ms (default)
2021-10-24 13:01:03,724 [pool-451-thread-1] INFO  server.RaftServerConfigKeys (ConfUtils.java:logGet(44)) - raft.server.rpc.slowness.timeout = 2s (custom)
2021-10-24 13:01:03,724 [pool-451-thread-1] INFO  server.RaftServerConfigKeys (ConfUtils.java:logGet(44)) - raft.server.leaderelection.leader.step-down.wait-time = 10s (default)
2021-10-24 13:01:03,724 [pool-451-thread-1] INFO  server.RaftServerConfigKeys (ConfUtils.java:logGet(44)) - raft.server.sleep.deviation.threshold = 300ms (default)
2021-10-24 13:01:03,724 [pool-451-thread-1] INFO  server.RaftServerConfigKeys (ConfUtils.java:logGet(44)) - raft.server.log.appender.install.snapshot.enabled = false (custom)
2021-10-24 13:01:03,724 [pool-451-thread-1] INFO  server.RaftServer$Division (ServerState.java:<init>(105)) - omNode-2@group-523986131536: ConfigurationManager, init=-1: [omNode-3|rpc:localhost:13908|priority:0, omNode-1|rpc:localhost:13896|priority:0, omNode-2|rpc:localhost:13902|priority:0], old=null, confs=<EMPTY_MAP>
2021-10-24 13:01:03,724 [pool-451-thread-1] INFO  server.RaftServerConfigKeys (ConfUtils.java:logGet(44)) - raft.server.storage.dir = [/home/runner/work/ozone/ozone/hadoop-ozone/integration-test/target/test-dir/MiniOzoneClusterImpl-cd96da87-0819-4dc2-95d7-841b147881f8/omNode-2/ratis] (custom)
2021-10-24 13:01:03,724 [pool-451-thread-1] INFO  server.RaftServerConfigKeys (ConfUtils.java:logGet(44)) - raft.server.log.corruption.policy = EXCEPTION (default)
2021-10-24 13:01:03,725 [pool-451-thread-1] INFO  server.RaftServerConfigKeys (ConfUtils.java:logGet(44)) - raft.server.storage.free-space.min = 0MB (=0) (default)
2021-10-24 13:01:03,725 [pool-451-thread-1] INFO  storage.RaftStorageDirectory (RaftStorageDirectoryImpl.java:tryLock(230)) - Lock on /home/runner/work/ozone/ozone/hadoop-ozone/integration-test/target/test-dir/MiniOzoneClusterImpl-cd96da87-0819-4dc2-95d7-841b147881f8/omNode-2/ratis/c9bc4cf4-3bc3-3c60-a66b-523986131536/in_use.lock acquired by nodename 13972@fv-az50-989
2021-10-24 13:01:03,726 [pool-451-thread-1] INFO  storage.RaftStorage (RaftStorageImpl.java:analyzeAndRecoverStorage(110)) - Read RaftStorageMetadata{term=15, votedFor=} from /home/runner/work/ozone/ozone/hadoop-ozone/integration-test/target/test-dir/MiniOzoneClusterImpl-cd96da87-0819-4dc2-95d7-841b147881f8/omNode-2/ratis/c9bc4cf4-3bc3-3c60-a66b-523986131536/current/raft-meta
2021-10-24 13:01:03,726 [pool-451-thread-1] INFO  server.RaftServer$Division (ServerState.java:setRaftConf(387)) - omNode-2@group-523986131536: set configuration 31: [omNode-3|rpc:localhost:13908|admin:|client:|dataStream:|priority:0, omNode-1|rpc:localhost:13896|admin:|client:|dataStream:|priority:0, omNode-2|rpc:localhost:13902|admin:|client:|dataStream:|priority:0], old=null
2021-10-24 13:01:03,726 [pool-451-thread-1] INFO  server.RaftServerConfigKeys (ConfUtils.java:logGet(44)) - raft.server.notification.no-leader.timeout = 2s (custom)
2021-10-24 13:01:03,726 [pool-451-thread-1] INFO  server.RaftServerConfigKeys (ConfUtils.java:logGet(44)) - raft.server.log.use.memory = false (default)
2021-10-24 13:01:03,726 [pool-451-thread-1] INFO  server.RaftServerConfigKeys (ConfUtils.java:logGet(44)) - raft.server.log.purge.gap = 50 (custom)
2021-10-24 13:01:03,726 [pool-451-thread-1] INFO  server.RaftServerConfigKeys (ConfUtils.java:logGet(44)) - raft.server.log.appender.buffer.byte-limit = 33554432 (custom)
2021-10-24 13:01:03,726 [pool-451-thread-1] INFO  server.RaftServerConfigKeys (ConfUtils.java:logGet(44)) - raft.server.log.segment.size.max = 4194304 (custom)
2021-10-24 13:01:03,727 [pool-451-thread-1] INFO  server.RaftServerConfigKeys (ConfUtils.java:logGet(44)) - raft.server.log.segment.cache.num.max = 2 (custom)
2021-10-24 13:01:03,727 [pool-451-thread-1] INFO  server.RaftServerConfigKeys (ConfUtils.java:logGet(44)) - raft.server.log.segment.cache.size.max = 200MB (=209715200) (default)
2021-10-24 13:01:03,727 [pool-451-thread-1] INFO  segmented.SegmentedRaftLogWorker (SegmentedRaftLogWorker.java:<init>(182)) - new omNode-2@group-523986131536-SegmentedRaftLogWorker for RaftStorageImpl:Storage Directory /home/runner/work/ozone/ozone/hadoop-ozone/integration-test/target/test-dir/MiniOzoneClusterImpl-cd96da87-0819-4dc2-95d7-841b147881f8/omNode-2/ratis/c9bc4cf4-3bc3-3c60-a66b-523986131536
2021-10-24 13:01:03,727 [pool-451-thread-1] INFO  server.RaftServerConfigKeys (ConfUtils.java:logGet(44)) - raft.server.log.queue.byte-limit = 64MB (=67108864) (default)
2021-10-24 13:01:03,727 [pool-451-thread-1] INFO  server.RaftServerConfigKeys (ConfUtils.java:logGet(44)) - raft.server.log.queue.element-limit = 4096 (default)
2021-10-24 13:01:03,727 [pool-451-thread-1] INFO  server.RaftServerConfigKeys (ConfUtils.java:logGet(44)) - raft.server.log.segment.size.max = 4194304 (custom)
2021-10-24 13:01:03,727 [pool-451-thread-1] INFO  server.RaftServerConfigKeys (ConfUtils.java:logGet(44)) - raft.server.log.preallocated.size = 4194304 (custom)
2021-10-24 13:01:03,727 [pool-451-thread-1] INFO  server.RaftServerConfigKeys (ConfUtils.java:logGet(44)) - raft.server.log.force.sync.num = 128 (default)
2021-10-24 13:01:03,727 [pool-451-thread-1] INFO  server.RaftServerConfigKeys (ConfUtils.java:logGet(44)) - raft.server.log.statemachine.data.sync = true (default)
2021-10-24 13:01:03,727 [pool-451-thread-1] INFO  server.RaftServerConfigKeys (ConfUtils.java:logGet(44)) - raft.server.log.statemachine.data.sync.timeout = 10s (default)
2021-10-24 13:01:03,727 [pool-451-thread-1] INFO  server.RaftServerConfigKeys (ConfUtils.java:logGet(44)) - raft.server.log.statemachine.data.sync.timeout.retry = -1 (default)
2021-10-24 13:01:03,728 [pool-451-thread-1] INFO  server.RaftServerConfigKeys (ConfUtils.java:logGet(44)) - raft.server.log.write.buffer.size = 64KB (=65536) (default)
2021-10-24 13:01:03,728 [pool-451-thread-1] INFO  server.RaftServerConfigKeys (ConfUtils.java:logGet(44)) - raft.server.log.statemachine.data.caching.enabled = false (default)
2021-10-24 13:01:03,729 [pool-451-thread-1] INFO  server.RaftServer$Division (ServerState.java:setRaftConf(387)) - omNode-2@group-523986131536: set configuration 21: [omNode-3|rpc:localhost:13908|admin:|client:|dataStream:|priority:0, omNode-1|rpc:localhost:13896|admin:|client:|dataStream:|priority:0, omNode-2|rpc:localhost:13902|admin:|client:|dataStream:|priority:0], old=null
2021-10-24 13:01:03,729 [pool-451-thread-1] INFO  segmented.LogSegment (LogSegment.java:loadSegment(173)) - Successfully read 2 entries from segment file /home/runner/work/ozone/ozone/hadoop-ozone/integration-test/target/test-dir/MiniOzoneClusterImpl-cd96da87-0819-4dc2-95d7-841b147881f8/omNode-2/ratis/c9bc4cf4-3bc3-3c60-a66b-523986131536/current/log_21-22
2021-10-24 13:01:03,729 [pool-451-thread-1] INFO  server.RaftServer$Division (ServerState.java:setRaftConf(387)) - omNode-2@group-523986131536: set configuration 23: [omNode-3|rpc:localhost:13908|admin:|client:|dataStream:|priority:0, omNode-1|rpc:localhost:13896|admin:|client:|dataStream:|priority:0, omNode-2|rpc:localhost:13902|admin:|client:|dataStream:|priority:0], old=null
2021-10-24 13:01:03,729 [pool-451-thread-1] INFO  segmented.LogSegment (LogSegment.java:loadSegment(173)) - Successfully read 4 entries from segment file /home/runner/work/ozone/ozone/hadoop-ozone/integration-test/target/test-dir/MiniOzoneClusterImpl-cd96da87-0819-4dc2-95d7-841b147881f8/omNode-2/ratis/c9bc4cf4-3bc3-3c60-a66b-523986131536/current/log_23-26
2021-10-24 13:01:03,730 [pool-451-thread-1] INFO  server.RaftServer$Division (ServerState.java:setRaftConf(387)) - omNode-2@group-523986131536: set configuration 27: [omNode-3|rpc:localhost:13908|admin:|client:|dataStream:|priority:0, omNode-1|rpc:localhost:13896|admin:|client:|dataStream:|priority:0, omNode-2|rpc:localhost:13902|admin:|client:|dataStream:|priority:0], old=null
2021-10-24 13:01:03,730 [pool-451-thread-1] INFO  segmented.LogSegment (LogSegment.java:loadSegment(173)) - Successfully read 4 entries from segment file /home/runner/work/ozone/ozone/hadoop-ozone/integration-test/target/test-dir/MiniOzoneClusterImpl-cd96da87-0819-4dc2-95d7-841b147881f8/omNode-2/ratis/c9bc4cf4-3bc3-3c60-a66b-523986131536/current/log_27-30
2021-10-24 13:01:03,730 [pool-451-thread-1] INFO  server.RaftServer$Division (ServerState.java:setRaftConf(387)) - omNode-2@group-523986131536: set configuration 31: [omNode-3|rpc:localhost:13908|admin:|client:|dataStream:|priority:0, omNode-1|rpc:localhost:13896|admin:|client:|dataStream:|priority:0, omNode-2|rpc:localhost:13902|admin:|client:|dataStream:|priority:0], old=null
2021-10-24 13:01:03,730 [pool-451-thread-1] INFO  segmented.LogSegment (LogSegment.java:loadSegment(173)) - Successfully read 2 entries from segment file /home/runner/work/ozone/ozone/hadoop-ozone/integration-test/target/test-dir/MiniOzoneClusterImpl-cd96da87-0819-4dc2-95d7-841b147881f8/omNode-2/ratis/c9bc4cf4-3bc3-3c60-a66b-523986131536/current/log_inprogress_31
2021-10-24 13:01:03,730 [pool-451-thread-1] INFO  segmented.SegmentedRaftLogWorker (SegmentedRaftLogWorker.java:lambda$new$0(133)) - omNode-2@group-523986131536-SegmentedRaftLogWorker: flushIndex: setUnconditionally 0 -> 32
2021-10-24 13:01:03,730 [pool-451-thread-1] INFO  segmented.SegmentedRaftLogWorker (SegmentedRaftLogWorker.java:lambda$new$0(133)) - omNode-2@group-523986131536-SegmentedRaftLogWorker: safeCacheEvictIndex: setUnconditionally 0 -> 30
2021-10-24 13:01:03,730 [pool-451-thread-1] INFO  raftlog.RaftLog (RaftLogBase.java:lambda$new$0(53)) - omNode-2@group-523986131536-SegmentedRaftLog: commitIndex: updateToMax old=32, new=31, updated? false
2021-10-24 13:01:03,730 [pool-451-thread-1] INFO  raftlog.RaftLog (RaftLogBase.java:lambda$new$0(53)) - omNode-2@group-523986131536-SegmentedRaftLog: purgeIndex: updateIncreasingly -1 -> 20
2021-10-24 13:01:03,730 [pool-451-thread-1] INFO  server.RaftServerConfigKeys (ConfUtils.java:logGet(44)) - raft.server.snapshot.auto.trigger.enabled = true (custom)
2021-10-24 13:01:03,730 [pool-451-thread-1] INFO  server.RaftServerConfigKeys (ConfUtils.java:logGet(44)) - raft.server.snapshot.auto.trigger.threshold = 50 (custom)
2021-10-24 13:01:03,730 [pool-451-thread-1] INFO  server.RaftServerConfigKeys (ConfUtils.java:logGet(44)) - raft.server.snapshot.retention.file.num = -1 (default)
2021-10-24 13:01:03,730 [pool-451-thread-1] INFO  server.RaftServerConfigKeys (ConfUtils.java:logGet(44)) - raft.server.log.purge.upto.snapshot.index = true (custom)
2021-10-24 13:01:03,730 [pool-451-thread-1] INFO  server.RaftServerConfigKeys (ConfUtils.java:logGet(44)) - raft.server.retrycache.expirytime = 30000ms (custom)
2021-10-24 13:01:03,730 [pool-451-thread-1] INFO  server.RaftServerConfigKeys (ConfUtils.java:logGet(44)) - raft.server.retrycache.statistics.expirytime = 100μs (default)
2021-10-24 13:01:03,732 [Listener at localhost/13892] INFO  server.RaftServer$Division (RaftServerImpl.java:start(301)) - omNode-2@group-523986131536: start as a follower, conf=31: [omNode-3|rpc:localhost:13908|admin:|client:|dataStream:|priority:0, omNode-1|rpc:localhost:13896|admin:|client:|dataStream:|priority:0, omNode-2|rpc:localhost:13902|admin:|client:|dataStream:|priority:0], old=null
2021-10-24 13:01:03,732 [Listener at localhost/13892] INFO  server.RaftServer$Division (RaftServerImpl.java:setRole(290)) - omNode-2@group-523986131536: changes role from      null to FOLLOWER at term 15 for startAsFollower
2021-10-24 13:01:03,732 [Listener at localhost/13892] INFO  impl.RoleInfo (RoleInfo.java:updateAndGet(130)) - omNode-2: start omNode-2@group-523986131536-FollowerState
2021-10-24 13:01:03,732 [Listener at localhost/13892] INFO  util.JmxRegister (JmxRegister.java:tryRegister(44)) - Successfully registered JMX Bean with object name Ratis:service=RaftServer,group=group-523986131536,id=omNode-2
2021-10-24 13:01:03,732 [Listener at localhost/13892] INFO  server.RaftServer (RaftServerProxy.java:lambda$start$5(374)) - omNode-2: start RPC server
2021-10-24 13:01:03,733 [Listener at localhost/13892] INFO  server.GrpcService (GrpcService.java:startImpl(253)) - omNode-2: GrpcService started, listening on 13902
2021-10-24 13:01:03,733 [org.apache.ratis.util.JvmPauseMonitor$$Lambda$523/122473104@4d8500ec] INFO  util.JvmPauseMonitor (JvmPauseMonitor.java:run(103)) - JvmPauseMonitor-omNode-2: Started
2021-10-24 13:01:03,733 [Listener at localhost/13892] INFO  ipc.CallQueueManager (CallQueueManager.java:<init>(90)) - Using callQueue: class java.util.concurrent.LinkedBlockingQueue, queueCapacity: 2000, scheduler: class org.apache.hadoop.ipc.DefaultRpcScheduler, ipcBackoff: false.
2021-10-24 13:01:03,734 [Socket Reader #1 for port 13898] INFO  ipc.Server (Server.java:run(1265)) - Starting Socket Reader #1 for port 13898
2021-10-24 13:01:03,737 [Listener at localhost/13898] INFO  http.BaseHttpServer (BaseHttpServer.java:newHttpServer2BuilderForOzone(209)) - Starting Web-server for ozoneManager at: http://0.0.0.0:13900
2021-10-24 13:01:03,737 [Listener at localhost/13898] INFO  http.BaseHttpServer (BaseHttpServer.java:<init>(107)) - Hadoop Security Enabled: false Ozone Security Enabled: false Ozone HTTP Security Enabled: false 
2021-10-24 13:01:03,738 [Listener at localhost/13898] INFO  server.AuthenticationFilter (AuthenticationFilter.java:constructSecretProvider(240)) - Unable to initialize FileSignerSecretProvider, falling back to use random secrets.
2021-10-24 13:01:03,738 [Listener at localhost/13898] WARN  http.HttpRequestLog (HttpRequestLog.java:getRequestLog(103)) - Jetty request log can only be enabled using Log4j
2021-10-24 13:01:03,739 [Listener at localhost/13898] INFO  http.HttpServer2 (HttpServer2.java:addGlobalFilter(1030)) - Added global filter 'safety' (class=org.apache.hadoop.hdds.server.http.HttpServer2$QuotingInputFilter)
2021-10-24 13:01:03,739 [Listener at localhost/13898] INFO  http.HttpServer2 (HttpServer2.java:addFilter(1006)) - Added filter static_user_filter (class=org.apache.hadoop.http.lib.StaticUserWebFilter$StaticUserFilter) to context ozoneManager
2021-10-24 13:01:03,739 [Listener at localhost/13898] INFO  http.HttpServer2 (HttpServer2.java:addFilter(1014)) - Added filter static_user_filter (class=org.apache.hadoop.http.lib.StaticUserWebFilter$StaticUserFilter) to context static
2021-10-24 13:01:03,740 [Listener at localhost/13898] INFO  http.HttpServer2 (HttpServer2.java:addFilter(1014)) - Added filter static_user_filter (class=org.apache.hadoop.http.lib.StaticUserWebFilter$StaticUserFilter) to context logs
2021-10-24 13:01:03,740 [Listener at localhost/13898] INFO  http.HttpServer2 (HttpServer2.java:bindListener(1249)) - Jetty bound to port 13900
2021-10-24 13:01:03,740 [Listener at localhost/13898] INFO  server.Server (Server.java:doStart(375)) - jetty-9.4.43.v20210629; built: 2021-06-30T11:07:22.254Z; git: 526006ecfa3af7f1a27ef3a288e2bef7ea9dd7e8; jvm 1.8.0_292-b10
2021-10-24 13:01:03,743 [Listener at localhost/13898] INFO  server.session (DefaultSessionIdManager.java:doStart(334)) - DefaultSessionIdManager workerName=node0
2021-10-24 13:01:03,743 [Listener at localhost/13898] INFO  server.session (DefaultSessionIdManager.java:doStart(339)) - No SessionScavenger set, using defaults
2021-10-24 13:01:03,743 [Listener at localhost/13898] INFO  server.session (HouseKeeper.java:startScavenging(132)) - node0 Scavenging every 600000ms
2021-10-24 13:01:03,744 [Listener at localhost/13898] INFO  handler.ContextHandler (ContextHandler.java:doStart(915)) - Started o.e.j.s.ServletContextHandler@22a62e70{logs,/logs,file:///home/runner/work/ozone/ozone/hadoop-ozone/integration-test/target/log,AVAILABLE}
2021-10-24 13:01:03,744 [Listener at localhost/13898] INFO  handler.ContextHandler (ContextHandler.java:doStart(915)) - Started o.e.j.s.ServletContextHandler@78902740{static,/static,file:///home/runner/work/ozone/ozone/hadoop-ozone/integration-test/target/test-classes/webapps/static,AVAILABLE}
2021-10-24 13:01:03,747 [Listener at localhost/13898] INFO  handler.ContextHandler (ContextHandler.java:doStart(915)) - Started o.e.j.w.WebAppContext@790dd208{ozoneManager,/,file:///home/runner/work/ozone/ozone/hadoop-ozone/integration-test/target/test-classes/webapps/ozoneManager/,AVAILABLE}{file:/home/runner/work/ozone/ozone/hadoop-ozone/integration-test/target/test-classes/webapps/ozoneManager}
2021-10-24 13:01:03,748 [Listener at localhost/13898] INFO  server.AbstractConnector (AbstractConnector.java:doStart(331)) - Started ServerConnector@6795c3f4{HTTP/1.1, (http/1.1)}{0.0.0.0:13900}
2021-10-24 13:01:03,748 [Listener at localhost/13898] INFO  server.Server (Server.java:doStart(415)) - Started @300517ms
2021-10-24 13:01:03,748 [Listener at localhost/13898] WARN  impl.MetricsSystemImpl (MetricsSystemImpl.java:register(279)) - Sink prometheus already exists!
2021-10-24 13:01:03,749 [Listener at localhost/13898] INFO  http.BaseHttpServer (BaseHttpServer.java:updateConnectorAddress(329)) - HTTP server of ozoneManager listening at http://0.0.0.0:13900
2021-10-24 13:01:03,749 [IPC Server Responder] INFO  ipc.Server (Server.java:run(1507)) - IPC Server Responder: starting
2021-10-24 13:01:03,753 [IPC Server listener on 13898] INFO  ipc.Server (Server.java:run(1344)) - IPC Server listener on 13898: starting
2021-10-24 13:01:03,763 [Listener at localhost/13898] INFO  om.OzoneManager (OzoneManager.java:startTrashEmptier(1563)) - Trash Interval set to 0. Files deleted will not move to trash
]]></system-out>
  </testcase>
</testsuite>