<?xml version="1.0" encoding="UTF-8"?>
<testsuite xmlns:xsi="http://www.w3.org/2001/XMLSchema-instance" xsi:noNamespaceSchemaLocation="https://maven.apache.org/surefire/maven-surefire-plugin/xsd/surefire-test-report-3.0.xsd" version="3.0" name="org.apache.hadoop.ozone.container.TestECContainerRecovery" time="165.258" tests="2" errors="1" skipped="0" failures="0">
  <properties>
    <property name="awt.toolkit" value="sun.awt.X11.XToolkit"/>
    <property name="file.encoding.pkg" value="sun.io"/>
    <property name="java.specification.version" value="1.8"/>
    <property name="sun.cpu.isalist" value=""/>
    <property name="sun.jnu.encoding" value="UTF-8"/>
    <property name="gradle.enterprise.listener.surefire.forkId" value="1"/>
    <property name="java.class.path" value="/home/runner/work/ozone/ozone/hadoop-ozone/integration-test/target/test-classes:/home/runner/work/ozone/ozone/hadoop-ozone/integration-test/target/classes:/home/runner/.m2/repository/org/apache/ozone/ozone-common/1.5.0-SNAPSHOT/ozone-common-1.5.0-SNAPSHOT.jar:/home/runner/.m2/repository/io/grpc/grpc-netty/1.58.0/grpc-netty-1.58.0.jar:/home/runner/.m2/repository/io/grpc/grpc-core/1.58.0/grpc-core-1.58.0.jar:/home/runner/.m2/repository/com/google/android/annotations/4.1.1.4/annotations-4.1.1.4.jar:/home/runner/.m2/repository/org/codehaus/mojo/animal-sniffer-annotations/1.23/animal-sniffer-annotations-1.23.jar:/home/runner/.m2/repository/io/grpc/grpc-context/1.58.0/grpc-context-1.58.0.jar:/home/runner/.m2/repository/io/grpc/grpc-util/1.58.0/grpc-util-1.58.0.jar:/home/runner/.m2/repository/com/google/errorprone/error_prone_annotations/2.2.0/error_prone_annotations-2.2.0.jar:/home/runner/.m2/repository/io/perfmark/perfmark-api/0.26.0/perfmark-api-0.26.0.jar:/home/runner/.m2/repository/io/netty/netty-codec-http2/4.1.100.Final/netty-codec-http2-4.1.100.Final.jar:/home/runner/.m2/repository/io/netty/netty-common/4.1.100.Final/netty-common-4.1.100.Final.jar:/home/runner/.m2/repository/io/netty/netty-buffer/4.1.100.Final/netty-buffer-4.1.100.Final.jar:/home/runner/.m2/repository/io/netty/netty-codec-http/4.1.100.Final/netty-codec-http-4.1.100.Final.jar:/home/runner/.m2/repository/io/netty/netty-handler-proxy/4.1.100.Final/netty-handler-proxy-4.1.100.Final.jar:/home/runner/.m2/repository/io/netty/netty-codec-socks/4.1.100.Final/netty-codec-socks-4.1.100.Final.jar:/home/runner/.m2/repository/io/netty/netty-tcnative-boringssl-static/2.0.61.Final/netty-tcnative-boringssl-static-2.0.61.Final.jar:/home/runner/.m2/repository/io/netty/netty-tcnative-classes/2.0.61.Final/netty-tcnative-classes-2.0.61.Final.jar:/home/runner/.m2/repository/io/netty/netty-tcnative-boringssl-static/2.0.61.Final/netty-tcnative-boringssl-static-2.0.61.Final-linux-x86_64.jar:/home/runner/.m2/repository/io/netty/netty-tcnative-boringssl-static/2.0.61.Final/netty-tcnative-boringssl-static-2.0.61.Final-linux-aarch_64.jar:/home/runner/.m2/repository/io/netty/netty-tcnative-boringssl-static/2.0.61.Final/netty-tcnative-boringssl-static-2.0.61.Final-osx-x86_64.jar:/home/runner/.m2/repository/io/netty/netty-tcnative-boringssl-static/2.0.61.Final/netty-tcnative-boringssl-static-2.0.61.Final-osx-aarch_64.jar:/home/runner/.m2/repository/io/netty/netty-tcnative-boringssl-static/2.0.61.Final/netty-tcnative-boringssl-static-2.0.61.Final-windows-x86_64.jar:/home/runner/.m2/repository/org/apache/commons/commons-compress/1.26.0/commons-compress-1.26.0.jar:/home/runner/.m2/repository/org/apache/ozone/hdds-common/1.5.0-SNAPSHOT/hdds-common-1.5.0-SNAPSHOT.jar:/home/runner/.m2/repository/org/apache/ozone/hdds-client/1.5.0-SNAPSHOT/hdds-client-1.5.0-SNAPSHOT.jar:/home/runner/.m2/repository/org/apache/ozone/ozone-interface-client/1.5.0-SNAPSHOT/ozone-interface-client-1.5.0-SNAPSHOT.jar:/home/runner/.m2/repository/org/apache/hadoop/hadoop-hdfs-client/3.3.6/hadoop-hdfs-client-3.3.6.jar:/home/runner/.m2/repository/com/squareup/okhttp3/okhttp/4.12.0/okhttp-4.12.0.jar:/home/runner/.m2/repository/com/squareup/okio/okio/3.6.0/okio-3.6.0.jar:/home/runner/.m2/repository/com/squareup/okio/okio-jvm/3.6.0/okio-jvm-3.6.0.jar:/home/runner/.m2/repository/org/jetbrains/kotlin/kotlin-stdlib-jdk8/1.9.22/kotlin-stdlib-jdk8-1.9.22.jar:/home/runner/.m2/repository/org/jetbrains/kotlin/kotlin-stdlib-jdk7/1.9.22/kotlin-stdlib-jdk7-1.9.22.jar:/home/runner/.m2/repository/org/jetbrains/kotlin/kotlin-stdlib-common/1.9.22/kotlin-stdlib-common-1.9.22.jar:/home/runner/.m2/repository/org/apache/ozone/hdds-test-utils/1.5.0-SNAPSHOT/hdds-test-utils-1.5.0-SNAPSHOT.jar:/home/runner/.m2/repository/org/assertj/assertj-core/3.12.2/assertj-core-3.12.2.jar:/home/runner/.m2/repository/com/google/guava/guava/32.0.0-jre/guava-32.0.0-jre.jar:/home/runner/.m2/repository/com/google/guava/failureaccess/1.0.1/failureaccess-1.0.1.jar:/home/runner/.m2/repository/com/google/guava/listenablefuture/9999.0-empty-to-avoid-conflict-with-guava/listenablefuture-9999.0-empty-to-avoid-conflict-with-guava.jar:/home/runner/.m2/repository/org/checkerframework/checker-qual/3.33.0/checker-qual-3.33.0.jar:/home/runner/.m2/repository/com/google/j2objc/j2objc-annotations/2.8/j2objc-annotations-2.8.jar:/home/runner/.m2/repository/commons-io/commons-io/2.11.0/commons-io-2.11.0.jar:/home/runner/.m2/repository/commons-logging/commons-logging/1.2/commons-logging-1.2.jar:/home/runner/.m2/repository/org/junit/jupiter/junit-jupiter-api/5.10.1/junit-jupiter-api-5.10.1.jar:/home/runner/.m2/repository/org/opentest4j/opentest4j/1.3.0/opentest4j-1.3.0.jar:/home/runner/.m2/repository/org/junit/platform/junit-platform-commons/1.10.1/junit-platform-commons-1.10.1.jar:/home/runner/.m2/repository/ch/qos/reload4j/reload4j/1.2.25/reload4j-1.2.25.jar:/home/runner/.m2/repository/jakarta/annotation/jakarta.annotation-api/2.1.1/jakarta.annotation-api-2.1.1.jar:/home/runner/.m2/repository/org/slf4j/slf4j-api/2.0.10/slf4j-api-2.0.10.jar:/home/runner/.m2/repository/org/apache/logging/log4j/log4j-api/2.17.1/log4j-api-2.17.1.jar:/home/runner/.m2/repository/org/apache/ozone/hdds-server-scm/1.5.0-SNAPSHOT/hdds-server-scm-1.5.0-SNAPSHOT.jar:/home/runner/.m2/repository/com/google/protobuf/protobuf-java/2.5.0/protobuf-java-2.5.0.jar:/home/runner/.m2/repository/org/apache/ozone/hdds-container-service/1.5.0-SNAPSHOT/hdds-container-service-1.5.0-SNAPSHOT.jar:/home/runner/.m2/repository/org/apache/ozone/hdds-hadoop-dependency-server/1.5.0-SNAPSHOT/hdds-hadoop-dependency-server-1.5.0-SNAPSHOT.jar:/home/runner/.m2/repository/org/apache/hadoop/hadoop-hdfs/3.3.6/hadoop-hdfs-3.3.6.jar:/home/runner/.m2/repository/commons-daemon/commons-daemon/1.0.13/commons-daemon-1.0.13.jar:/home/runner/.m2/repository/org/apache/ozone/hdds-server-framework/1.5.0-SNAPSHOT/hdds-server-framework-1.5.0-SNAPSHOT.jar:/home/runner/.m2/repository/org/bouncycastle/bcprov-jdk18on/1.77/bcprov-jdk18on-1.77.jar:/home/runner/.m2/repository/io/dropwizard/metrics/metrics-core/3.2.4/metrics-core-3.2.4.jar:/home/runner/.m2/repository/org/apache/commons/commons-text/1.11.0/commons-text-1.11.0.jar:/home/runner/.m2/repository/org/apache/ozone/hdds-server-framework/1.5.0-SNAPSHOT/hdds-server-framework-1.5.0-SNAPSHOT-tests.jar:/home/runner/.m2/repository/org/apache/ozone/hdds-interface-server/1.5.0-SNAPSHOT/hdds-interface-server-1.5.0-SNAPSHOT.jar:/home/runner/.m2/repository/org/apache/ozone/hdds-interface-admin/1.5.0-SNAPSHOT/hdds-interface-admin-1.5.0-SNAPSHOT.jar:/home/runner/.m2/repository/org/apache/ozone/hdds-managed-rocksdb/1.5.0-SNAPSHOT/hdds-managed-rocksdb-1.5.0-SNAPSHOT.jar:/home/runner/.m2/repository/org/rocksdb/rocksdbjni/7.7.3/rocksdbjni-7.7.3.jar:/home/runner/.m2/repository/org/slf4j/slf4j-reload4j/2.0.10/slf4j-reload4j-2.0.10.jar:/home/runner/.m2/repository/org/apache/commons/commons-configuration2/2.8.0/commons-configuration2-2.8.0.jar:/home/runner/.m2/repository/commons-fileupload/commons-fileupload/1.5/commons-fileupload-1.5.jar:/home/runner/.m2/repository/org/apache/logging/log4j/log4j-core/2.17.1/log4j-core-2.17.1.jar:/home/runner/.m2/repository/com/lmax/disruptor/3.4.2/disruptor-3.4.2.jar:/home/runner/.m2/repository/org/eclipse/jetty/jetty-util/9.4.53.v20231009/jetty-util-9.4.53.v20231009.jar:/home/runner/.m2/repository/org/eclipse/jetty/jetty-server/9.4.53.v20231009/jetty-server-9.4.53.v20231009.jar:/home/runner/.m2/repository/org/eclipse/jetty/jetty-http/9.4.53.v20231009/jetty-http-9.4.53.v20231009.jar:/home/runner/.m2/repository/org/eclipse/jetty/jetty-io/9.4.53.v20231009/jetty-io-9.4.53.v20231009.jar:/home/runner/.m2/repository/org/eclipse/jetty/jetty-servlet/9.4.53.v20231009/jetty-servlet-9.4.53.v20231009.jar:/home/runner/.m2/repository/org/eclipse/jetty/jetty-security/9.4.53.v20231009/jetty-security-9.4.53.v20231009.jar:/home/runner/.m2/repository/org/eclipse/jetty/jetty-util-ajax/9.4.53.v20231009/jetty-util-ajax-9.4.53.v20231009.jar:/home/runner/.m2/repository/org/eclipse/jetty/jetty-webapp/9.4.53.v20231009/jetty-webapp-9.4.53.v20231009.jar:/home/runner/.m2/repository/org/eclipse/jetty/jetty-xml/9.4.53.v20231009/jetty-xml-9.4.53.v20231009.jar:/home/runner/.m2/repository/org/apache/ratis/ratis-server/3.0.1/ratis-server-3.0.1.jar:/home/runner/.m2/repository/org/apache/ratis/ratis-thirdparty-misc/1.0.5/ratis-thirdparty-misc-1.0.5.jar:/home/runner/.m2/repository/org/apache/ratis/ratis-proto/3.0.1/ratis-proto-3.0.1.jar:/home/runner/.m2/repository/org/apache/ratis/ratis-common/3.0.1/ratis-common-3.0.1.jar:/home/runner/.m2/repository/org/apache/ratis/ratis-client/3.0.1/ratis-client-3.0.1.jar:/home/runner/.m2/repository/org/apache/ratis/ratis-server-api/3.0.1/ratis-server-api-3.0.1.jar:/home/runner/.m2/repository/org/apache/ratis/ratis-metrics-api/3.0.1/ratis-metrics-api-3.0.1.jar:/home/runner/.m2/repository/org/apache/ratis/ratis-metrics-dropwizard3/3.0.1/ratis-metrics-dropwizard3-3.0.1.jar:/home/runner/.m2/repository/io/prometheus/simpleclient_dropwizard/0.16.0/simpleclient_dropwizard-0.16.0.jar:/home/runner/.m2/repository/io/prometheus/simpleclient/0.16.0/simpleclient-0.16.0.jar:/home/runner/.m2/repository/io/prometheus/simpleclient_common/0.16.0/simpleclient_common-0.16.0.jar:/home/runner/.m2/repository/com/fasterxml/jackson/datatype/jackson-datatype-jsr310/2.13.4/jackson-datatype-jsr310-2.13.4.jar:/home/runner/.m2/repository/com/fasterxml/jackson/core/jackson-core/2.13.4/jackson-core-2.13.4.jar:/home/runner/.m2/repository/org/apache/ozone/rocksdb-checkpoint-differ/1.5.0-SNAPSHOT/rocksdb-checkpoint-differ-1.5.0-SNAPSHOT.jar:/home/runner/.m2/repository/org/jgrapht/jgrapht-core/1.0.1/jgrapht-core-1.0.1.jar:/home/runner/.m2/repository/org/jgrapht/jgrapht-ext/1.0.1/jgrapht-ext-1.0.1.jar:/home/runner/.m2/repository/org/tinyjee/jgraphx/jgraphx/2.0.0.1/jgraphx-2.0.0.1.jar:/home/runner/.m2/repository/jgraph/jgraph/5.13.0.0/jgraph-5.13.0.0.jar:/home/runner/.m2/repository/org/antlr/antlr4-runtime/4.5.3/antlr4-runtime-4.5.3.jar:/home/runner/.m2/repository/org/apache/ozone/ozone-manager/1.5.0-SNAPSHOT/ozone-manager-1.5.0-SNAPSHOT.jar:/home/runner/.m2/repository/org/aspectj/aspectjrt/1.9.7/aspectjrt-1.9.7.jar:/home/runner/.m2/repository/org/aspectj/aspectjweaver/1.9.7/aspectjweaver-1.9.7.jar:/home/runner/.m2/repository/org/apache/ozone/hdds-interface-client/1.5.0-SNAPSHOT/hdds-interface-client-1.5.0-SNAPSHOT.jar:/home/runner/.m2/repository/org/apache/hadoop/thirdparty/hadoop-shaded-protobuf_3_7/1.1.1/hadoop-shaded-protobuf_3_7-1.1.1.jar:/home/runner/.m2/repository/org/apache/ozone/ozone-interface-storage/1.5.0-SNAPSHOT/ozone-interface-storage-1.5.0-SNAPSHOT.jar:/home/runner/.m2/repository/org/reflections/reflections/0.9.11/reflections-0.9.11.jar:/home/runner/.m2/repository/com/sun/jersey/jersey-client/1.19.4/jersey-client-1.19.4.jar:/home/runner/.m2/repository/org/codehaus/jackson/jackson-core-asl/1.9.13/jackson-core-asl-1.9.13.jar:/home/runner/.m2/repository/org/codehaus/jackson/jackson-mapper-asl/1.9.13/jackson-mapper-asl-1.9.13.jar:/home/runner/.m2/repository/org/codehaus/jackson/jackson-jaxrs/1.9.13/jackson-jaxrs-1.9.13.jar:/home/runner/.m2/repository/org/apache/ranger/ranger-intg/2.3.0/ranger-intg-2.3.0.jar:/home/runner/.m2/repository/org/apache/ranger/ranger-plugins-common/2.3.0/ranger-plugins-common-2.3.0.jar:/home/runner/.m2/repository/commons-lang/commons-lang/2.6/commons-lang-2.6.jar:/home/runner/.m2/repository/org/apache/ranger/ranger-plugins-cred/2.3.0/ranger-plugins-cred-2.3.0.jar:/home/runner/.m2/repository/org/apache/ranger/ranger-plugins-audit/2.3.0/ranger-plugins-audit-2.3.0.jar:/home/runner/.m2/repository/org/eclipse/jetty/jetty-client/9.4.53.v20231009/jetty-client-9.4.53.v20231009.jar:/home/runner/.m2/repository/org/apache/httpcomponents/httpmime/4.5.6/httpmime-4.5.6.jar:/home/runner/.m2/repository/org/apache/httpcomponents/httpcore-nio/4.4.16/httpcore-nio-4.4.16.jar:/home/runner/.m2/repository/org/apache/httpcomponents/httpasyncclient/4.1.3/httpasyncclient-4.1.3.jar:/home/runner/.m2/repository/com/carrotsearch/hppc/0.8.0/hppc-0.8.0.jar:/home/runner/.m2/repository/org/apache/orc/orc-core/1.5.8/orc-core-1.5.8.jar:/home/runner/.m2/repository/net/java/dev/jna/jna/5.2.0/jna-5.2.0.jar:/home/runner/.m2/repository/net/java/dev/jna/jna-platform/5.2.0/jna-platform-5.2.0.jar:/home/runner/.m2/repository/com/kstruct/gethostname4j/0.0.2/gethostname4j-0.0.2.jar:/home/runner/.m2/repository/org/apache/ranger/ranger-plugin-classloader/2.3.0/ranger-plugin-classloader-2.3.0.jar:/home/runner/.m2/repository/org/apache/ozone/hdds-rocks-native/1.5.0-SNAPSHOT/hdds-rocks-native-1.5.0-SNAPSHOT.jar:/home/runner/.m2/repository/org/apache/hadoop/hadoop-minikdc/3.3.6/hadoop-minikdc-3.3.6.jar:/home/runner/.m2/repository/org/apache/kerby/kerb-simplekdc/1.0.1/kerb-simplekdc-1.0.1.jar:/home/runner/.m2/repository/org/apache/kerby/kerb-client/1.0.1/kerb-client-1.0.1.jar:/home/runner/.m2/repository/org/apache/kerby/kerby-config/1.0.1/kerby-config-1.0.1.jar:/home/runner/.m2/repository/org/apache/kerby/kerb-common/1.0.1/kerb-common-1.0.1.jar:/home/runner/.m2/repository/org/apache/kerby/kerb-crypto/1.0.1/kerb-crypto-1.0.1.jar:/home/runner/.m2/repository/org/apache/kerby/kerb-util/1.0.1/kerb-util-1.0.1.jar:/home/runner/.m2/repository/org/apache/kerby/token-provider/1.0.1/token-provider-1.0.1.jar:/home/runner/.m2/repository/org/apache/kerby/kerb-admin/1.0.1/kerb-admin-1.0.1.jar:/home/runner/.m2/repository/org/apache/kerby/kerb-server/1.0.1/kerb-server-1.0.1.jar:/home/runner/.m2/repository/org/apache/kerby/kerb-identity/1.0.1/kerb-identity-1.0.1.jar:/home/runner/.m2/repository/org/apache/kerby/kerby-xdr/1.0.1/kerby-xdr-1.0.1.jar:/home/runner/.m2/repository/junit/junit/4.13.2/junit-4.13.2.jar:/home/runner/.m2/repository/org/hamcrest/hamcrest-core/1.3/hamcrest-core-1.3.jar:/home/runner/.m2/repository/org/apache/ozone/ozone-s3gateway/1.5.0-SNAPSHOT/ozone-s3gateway-1.5.0-SNAPSHOT.jar:/home/runner/.m2/repository/org/javassist/javassist/3.21.0-GA/javassist-3.21.0-GA.jar:/home/runner/.m2/repository/org/jboss/weld/servlet/weld-servlet-shaded/3.1.9.Final/weld-servlet-shaded-3.1.9.Final.jar:/home/runner/.m2/repository/org/glassfish/jersey/containers/jersey-container-servlet-core/2.41/jersey-container-servlet-core-2.41.jar:/home/runner/.m2/repository/org/glassfish/hk2/external/jakarta.inject/2.6.1/jakarta.inject-2.6.1.jar:/home/runner/.m2/repository/org/glassfish/jersey/core/jersey-common/2.41/jersey-common-2.41.jar:/home/runner/.m2/repository/jakarta/ws/rs/jakarta.ws.rs-api/2.1.6/jakarta.ws.rs-api-2.1.6.jar:/home/runner/.m2/repository/org/glassfish/jersey/ext/cdi/jersey-cdi1x/2.41/jersey-cdi1x-2.41.jar:/home/runner/.m2/repository/org/glassfish/jersey/inject/jersey-hk2/2.41/jersey-hk2-2.41.jar:/home/runner/.m2/repository/org/glassfish/hk2/hk2-locator/2.6.1/hk2-locator-2.6.1.jar:/home/runner/.m2/repository/org/glassfish/jersey/media/jersey-media-jaxb/2.41/jersey-media-jaxb-2.41.jar:/home/runner/.m2/repository/org/glassfish/hk2/osgi-resource-locator/1.0.3/osgi-resource-locator-1.0.3.jar:/home/runner/.m2/repository/org/glassfish/hk2/hk2-api/2.6.1/hk2-api-2.6.1.jar:/home/runner/.m2/repository/org/glassfish/hk2/hk2-utils/2.6.1/hk2-utils-2.6.1.jar:/home/runner/.m2/repository/org/glassfish/hk2/external/aopalliance-repackaged/2.6.1/aopalliance-repackaged-2.6.1.jar:/home/runner/.m2/repository/com/fasterxml/jackson/dataformat/jackson-dataformat-xml/2.13.4/jackson-dataformat-xml-2.13.4.jar:/home/runner/.m2/repository/org/codehaus/woodstox/stax2-api/4.2.2/stax2-api-4.2.2.jar:/home/runner/.m2/repository/com/fasterxml/woodstox/woodstox-core/5.4.0/woodstox-core-5.4.0.jar:/home/runner/.m2/repository/com/fasterxml/jackson/module/jackson-module-jaxb-annotations/2.13.4/jackson-module-jaxb-annotations-2.13.4.jar:/home/runner/.m2/repository/javax/enterprise/cdi-api/2.0/cdi-api-2.0.jar:/home/runner/.m2/repository/javax/el/javax.el-api/3.0.0/javax.el-api-3.0.0.jar:/home/runner/.m2/repository/javax/interceptor/javax.interceptor-api/1.2/javax.interceptor-api-1.2.jar:/home/runner/.m2/repository/javax/inject/javax.inject/1/javax.inject-1.jar:/home/runner/.m2/repository/jakarta/xml/bind/jakarta.xml.bind-api/2.3.3/jakarta.xml.bind-api-2.3.3.jar:/home/runner/.m2/repository/org/glassfish/jaxb/jaxb-runtime/2.3.9/jaxb-runtime-2.3.9.jar:/home/runner/.m2/repository/org/glassfish/jaxb/txw2/2.3.9/txw2-2.3.9.jar:/home/runner/.m2/repository/com/sun/istack/istack-commons-runtime/3.0.12/istack-commons-runtime-3.0.12.jar:/home/runner/.m2/repository/com/sun/activation/jakarta.activation/1.2.2/jakarta.activation-1.2.2.jar:/home/runner/.m2/repository/jakarta/activation/jakarta.activation-api/1.2.2/jakarta.activation-api-1.2.2.jar:/home/runner/.m2/repository/io/grpc/grpc-protobuf/1.58.0/grpc-protobuf-1.58.0.jar:/home/runner/.m2/repository/com/google/api/grpc/proto-google-common-protos/2.22.0/proto-google-common-protos-2.22.0.jar:/home/runner/.m2/repository/io/grpc/grpc-protobuf-lite/1.58.0/grpc-protobuf-lite-1.58.0.jar:/home/runner/.m2/repository/io/grpc/grpc-stub/1.58.0/grpc-stub-1.58.0.jar:/home/runner/.m2/repository/io/netty/netty-transport/4.1.100.Final/netty-transport-4.1.100.Final.jar:/home/runner/.m2/repository/io/netty/netty-resolver/4.1.100.Final/netty-resolver-4.1.100.Final.jar:/home/runner/.m2/repository/org/apache/ozone/ozone-csi/1.5.0-SNAPSHOT/ozone-csi-1.5.0-SNAPSHOT.jar:/home/runner/.m2/repository/com/google/protobuf/protobuf-java-util/3.19.6/protobuf-java-util-3.19.6.jar:/home/runner/.m2/repository/com/google/code/gson/gson/2.9.0/gson-2.9.0.jar:/home/runner/.m2/repository/org/apache/ozone/hdds-config/1.5.0-SNAPSHOT/hdds-config-1.5.0-SNAPSHOT.jar:/home/runner/.m2/repository/io/netty/netty-transport-native-epoll/4.1.100.Final/netty-transport-native-epoll-4.1.100.Final-linux-x86_64.jar:/home/runner/.m2/repository/io/netty/netty-transport-classes-epoll/4.1.100.Final/netty-transport-classes-epoll-4.1.100.Final.jar:/home/runner/.m2/repository/io/netty/netty-transport-native-unix-common/4.1.100.Final/netty-transport-native-unix-common-4.1.100.Final.jar:/home/runner/.m2/repository/org/apache/ozone/ozone-recon/1.5.0-SNAPSHOT/ozone-recon-1.5.0-SNAPSHOT.jar:/home/runner/.m2/repository/org/apache/ozone/ozone-reconcodegen/1.5.0-SNAPSHOT/ozone-reconcodegen-1.5.0-SNAPSHOT.jar:/home/runner/.m2/repository/com/google/inject/guice/6.0.0/guice-6.0.0.jar:/home/runner/.m2/repository/jakarta/inject/jakarta.inject-api/2.0.1/jakarta.inject-api-2.0.1.jar:/home/runner/.m2/repository/aopalliance/aopalliance/1.0/aopalliance-1.0.jar:/home/runner/.m2/repository/com/google/inject/extensions/guice-assistedinject/6.0.0/guice-assistedinject-6.0.0.jar:/home/runner/.m2/repository/com/google/inject/extensions/guice-servlet/6.0.0/guice-servlet-6.0.0.jar:/home/runner/.m2/repository/org/glassfish/jersey/containers/jersey-container-servlet/2.41/jersey-container-servlet-2.41.jar:/home/runner/.m2/repository/org/glassfish/hk2/guice-bridge/2.6.1/guice-bridge-2.6.1.jar:/home/runner/.m2/repository/org/glassfish/jersey/core/jersey-server/2.41/jersey-server-2.41.jar:/home/runner/.m2/repository/org/glassfish/jersey/core/jersey-client/2.41/jersey-client-2.41.jar:/home/runner/.m2/repository/jakarta/validation/jakarta.validation-api/2.0.2/jakarta.validation-api-2.0.2.jar:/home/runner/.m2/repository/org/glassfish/jersey/media/jersey-media-json-jackson/2.41/jersey-media-json-jackson-2.41.jar:/home/runner/.m2/repository/org/glassfish/jersey/ext/jersey-entity-filtering/2.41/jersey-entity-filtering-2.41.jar:/home/runner/.m2/repository/org/jooq/jooq/3.11.10/jooq-3.11.10.jar:/home/runner/.m2/repository/org/jooq/jooq-meta/3.11.10/jooq-meta-3.11.10.jar:/home/runner/.m2/repository/org/jooq/jooq-codegen/3.11.10/jooq-codegen-3.11.10.jar:/home/runner/.m2/repository/com/jolbox/bonecp/0.8.0.RELEASE/bonecp-0.8.0.RELEASE.jar:/home/runner/.m2/repository/org/apache/derby/derby/10.14.2.0/derby-10.14.2.0.jar:/home/runner/.m2/repository/org/xerial/sqlite-jdbc/3.44.1.0/sqlite-jdbc-3.44.1.0.jar:/home/runner/.m2/repository/org/springframework/spring-jdbc/5.3.27/spring-jdbc-5.3.27.jar:/home/runner/.m2/repository/org/springframework/spring-beans/5.3.27/spring-beans-5.3.27.jar:/home/runner/.m2/repository/org/springframework/spring-core/5.3.27/spring-core-5.3.27.jar:/home/runner/.m2/repository/org/springframework/spring-tx/5.3.27/spring-tx-5.3.27.jar:/home/runner/.m2/repository/org/apache/ozone/ozone-client/1.5.0-SNAPSHOT/ozone-client-1.5.0-SNAPSHOT.jar:/home/runner/.m2/repository/org/apache/ozone/hdds-erasurecode/1.5.0-SNAPSHOT/hdds-erasurecode-1.5.0-SNAPSHOT.jar:/home/runner/.m2/repository/org/apache/ozone/ozone-filesystem/1.5.0-SNAPSHOT/ozone-filesystem-1.5.0-SNAPSHOT.jar:/home/runner/.m2/repository/org/apache/ozone/ozone-filesystem-common/1.5.0-SNAPSHOT/ozone-filesystem-common-1.5.0-SNAPSHOT.jar:/home/runner/.m2/repository/org/apache/ozone/ozone-tools/1.5.0-SNAPSHOT/ozone-tools-1.5.0-SNAPSHOT.jar:/home/runner/.m2/repository/com/amazonaws/aws-java-sdk-core/1.12.661/aws-java-sdk-core-1.12.661.jar:/home/runner/.m2/repository/org/apache/httpcomponents/httpclient/4.5.13/httpclient-4.5.13.jar:/home/runner/.m2/repository/org/apache/httpcomponents/httpcore/4.4.16/httpcore-4.4.16.jar:/home/runner/.m2/repository/com/fasterxml/jackson/dataformat/jackson-dataformat-cbor/2.13.4/jackson-dataformat-cbor-2.13.4.jar:/home/runner/.m2/repository/joda-time/joda-time/2.12.7/joda-time-2.12.7.jar:/home/runner/.m2/repository/com/amazonaws/aws-java-sdk-s3/1.12.661/aws-java-sdk-s3-1.12.661.jar:/home/runner/.m2/repository/com/amazonaws/aws-java-sdk-kms/1.12.661/aws-java-sdk-kms-1.12.661.jar:/home/runner/.m2/repository/com/amazonaws/jmespath-java/1.12.661/jmespath-java-1.12.661.jar:/home/runner/.m2/repository/org/kohsuke/metainf-services/metainf-services/1.8/metainf-services-1.8.jar:/home/runner/.m2/repository/org/apache/ozone/hdds-tools/1.5.0-SNAPSHOT/hdds-tools-1.5.0-SNAPSHOT.jar:/home/runner/.m2/repository/org/apache/ratis/ratis-tools/3.0.1/ratis-tools-3.0.1.jar:/home/runner/.m2/repository/commons-cli/commons-cli/1.6.0/commons-cli-1.6.0.jar:/home/runner/.m2/repository/org/apache/commons/commons-lang3/3.14.0/commons-lang3-3.14.0.jar:/home/runner/.m2/repository/org/apache/ozone/ozone-manager/1.5.0-SNAPSHOT/ozone-manager-1.5.0-SNAPSHOT-tests.jar:/home/runner/.m2/repository/org/apache/ozone/hdds-common/1.5.0-SNAPSHOT/hdds-common-1.5.0-SNAPSHOT-tests.jar:/home/runner/.m2/repository/org/apache/ozone/hdds-hadoop-dependency-client/1.5.0-SNAPSHOT/hdds-hadoop-dependency-client-1.5.0-SNAPSHOT.jar:/home/runner/.m2/repository/info/picocli/picocli/4.7.5/picocli-4.7.5.jar:/home/runner/.m2/repository/com/fasterxml/jackson/core/jackson-annotations/2.13.4/jackson-annotations-2.13.4.jar:/home/runner/.m2/repository/org/apache/ozone/hdds-annotation-processing/1.5.0-SNAPSHOT/hdds-annotation-processing-1.5.0-SNAPSHOT.jar:/home/runner/.m2/repository/javax/annotation/javax.annotation-api/1.3.2/javax.annotation-api-1.3.2.jar:/home/runner/.m2/repository/org/apache/ratis/ratis-netty/3.0.1/ratis-netty-3.0.1.jar:/home/runner/.m2/repository/org/apache/ratis/ratis-grpc/3.0.1/ratis-grpc-3.0.1.jar:/home/runner/.m2/repository/org/apache/commons/commons-pool2/2.6.0/commons-pool2-2.6.0.jar:/home/runner/.m2/repository/org/bouncycastle/bcpkix-jdk18on/1.77/bcpkix-jdk18on-1.77.jar:/home/runner/.m2/repository/org/bouncycastle/bcutil-jdk18on/1.77/bcutil-jdk18on-1.77.jar:/home/runner/.m2/repository/commons-validator/commons-validator/1.6/commons-validator-1.6.jar:/home/runner/.m2/repository/commons-beanutils/commons-beanutils/1.9.4/commons-beanutils-1.9.4.jar:/home/runner/.m2/repository/commons-digester/commons-digester/1.8.1/commons-digester-1.8.1.jar:/home/runner/.m2/repository/commons-collections/commons-collections/3.2.2/commons-collections-3.2.2.jar:/home/runner/.m2/repository/io/jaegertracing/jaeger-client/1.8.1/jaeger-client-1.8.1.jar:/home/runner/.m2/repository/io/jaegertracing/jaeger-thrift/1.8.1/jaeger-thrift-1.8.1.jar:/home/runner/.m2/repository/org/apache/thrift/libthrift/0.15.0/libthrift-0.15.0.jar:/home/runner/.m2/repository/io/jaegertracing/jaeger-core/1.8.1/jaeger-core-1.8.1.jar:/home/runner/.m2/repository/io/jaegertracing/jaeger-tracerresolver/1.8.1/jaeger-tracerresolver-1.8.1.jar:/home/runner/.m2/repository/io/opentracing/contrib/opentracing-tracerresolver/0.1.8/opentracing-tracerresolver-0.1.8.jar:/home/runner/.m2/repository/org/jetbrains/kotlin/kotlin-stdlib/1.9.22/kotlin-stdlib-1.9.22.jar:/home/runner/.m2/repository/org/jetbrains/annotations/13.0/annotations-13.0.jar:/home/runner/.m2/repository/io/opentracing/opentracing-util/0.33.0/opentracing-util-0.33.0.jar:/home/runner/.m2/repository/io/opentracing/opentracing-api/0.33.0/opentracing-api-0.33.0.jar:/home/runner/.m2/repository/io/opentracing/opentracing-noop/0.33.0/opentracing-noop-0.33.0.jar:/home/runner/.m2/repository/org/yaml/snakeyaml/2.0/snakeyaml-2.0.jar:/home/runner/.m2/repository/io/grpc/grpc-api/1.58.0/grpc-api-1.58.0.jar:/home/runner/.m2/repository/org/junit/jupiter/junit-jupiter-engine/5.10.1/junit-jupiter-engine-5.10.1.jar:/home/runner/.m2/repository/org/junit/platform/junit-platform-engine/1.10.1/junit-platform-engine-1.10.1.jar:/home/runner/.m2/repository/org/apiguardian/apiguardian-api/1.1.2/apiguardian-api-1.1.2.jar:/home/runner/.m2/repository/org/junit/platform/junit-platform-launcher/1.10.1/junit-platform-launcher-1.10.1.jar:/home/runner/.m2/repository/org/apache/hadoop/hadoop-kms/3.3.6/hadoop-kms-3.3.6.jar:/home/runner/.m2/repository/org/apache/hadoop/hadoop-auth/3.3.6/hadoop-auth-3.3.6.jar:/home/runner/.m2/repository/com/nimbusds/nimbus-jose-jwt/9.8.1/nimbus-jose-jwt-9.8.1.jar:/home/runner/.m2/repository/com/github/stephenc/jcip/jcip-annotations/1.0-1/jcip-annotations-1.0-1.jar:/home/runner/.m2/repository/org/apache/zookeeper/zookeeper/3.7.2/zookeeper-3.7.2.jar:/home/runner/.m2/repository/org/apache/zookeeper/zookeeper-jute/3.7.2/zookeeper-jute-3.7.2.jar:/home/runner/.m2/repository/org/apache/yetus/audience-annotations/0.12.0/audience-annotations-0.12.0.jar:/home/runner/.m2/repository/org/apache/curator/curator-framework/4.2.0/curator-framework-4.2.0.jar:/home/runner/.m2/repository/org/apache/hadoop/thirdparty/hadoop-shaded-guava/1.1.1/hadoop-shaded-guava-1.1.1.jar:/home/runner/.m2/repository/com/sun/jersey/jersey-core/1.19.4/jersey-core-1.19.4.jar:/home/runner/.m2/repository/javax/ws/rs/jsr311-api/1.1.1/jsr311-api-1.1.1.jar:/home/runner/.m2/repository/com/sun/jersey/jersey-server/1.19.4/jersey-server-1.19.4.jar:/home/runner/.m2/repository/javax/servlet/javax.servlet-api/3.1.0/javax.servlet-api-3.1.0.jar:/home/runner/.m2/repository/org/apache/hadoop/hadoop-common/3.3.6/hadoop-common-3.3.6.jar:/home/runner/.m2/repository/org/apache/commons/commons-math3/3.6.1/commons-math3-3.6.1.jar:/home/runner/.m2/repository/commons-net/commons-net/3.10.0/commons-net-3.10.0.jar:/home/runner/.m2/repository/com/sun/jersey/jersey-servlet/1.19.4/jersey-servlet-1.19.4.jar:/home/runner/.m2/repository/com/github/pjfanning/jersey-json/1.20/jersey-json-1.20.jar:/home/runner/.m2/repository/org/codehaus/jettison/jettison/1.1/jettison-1.1.jar:/home/runner/.m2/repository/com/sun/xml/bind/jaxb-impl/2.2.3-1/jaxb-impl-2.2.3-1.jar:/home/runner/.m2/repository/com/google/re2j/re2j/1.7/re2j-1.7.jar:/home/runner/.m2/repository/com/jcraft/jsch/0.1.54/jsch-0.1.54.jar:/home/runner/.m2/repository/org/apache/curator/curator-client/4.2.0/curator-client-4.2.0.jar:/home/runner/.m2/repository/org/apache/curator/curator-recipes/5.2.0/curator-recipes-5.2.0.jar:/home/runner/.m2/repository/com/google/code/findbugs/jsr305/3.0.2/jsr305-3.0.2.jar:/home/runner/.m2/repository/org/apache/kerby/kerb-core/1.0.1/kerb-core-1.0.1.jar:/home/runner/.m2/repository/org/apache/kerby/kerby-pkix/1.0.1/kerby-pkix-1.0.1.jar:/home/runner/.m2/repository/org/apache/kerby/kerby-asn1/1.0.1/kerby-asn1-1.0.1.jar:/home/runner/.m2/repository/org/apache/kerby/kerby-util/1.0.1/kerby-util-1.0.1.jar:/home/runner/.m2/repository/dnsjava/dnsjava/2.1.7/dnsjava-2.1.7.jar:/home/runner/.m2/repository/org/xerial/snappy/snappy-java/1.1.8.2/snappy-java-1.1.8.2.jar:/home/runner/.m2/repository/com/fasterxml/jackson/core/jackson-databind/2.13.4.2/jackson-databind-2.13.4.2.jar:/home/runner/.m2/repository/org/apache/hadoop/hadoop-kms/3.3.6/hadoop-kms-3.3.6-tests.jar:/home/runner/.m2/repository/org/apache/ozone/hdds-server-scm/1.5.0-SNAPSHOT/hdds-server-scm-1.5.0-SNAPSHOT-tests.jar:/home/runner/.m2/repository/org/apache/ozone/hdds-container-service/1.5.0-SNAPSHOT/hdds-container-service-1.5.0-SNAPSHOT-tests.jar:/home/runner/.m2/repository/com/github/luben/zstd-jni/1.5.2-5/zstd-jni-1.5.2-5.jar:/home/runner/.m2/repository/commons-codec/commons-codec/1.15/commons-codec-1.15.jar:/home/runner/.m2/repository/io/netty/netty-codec/4.1.100.Final/netty-codec-4.1.100.Final.jar:/home/runner/.m2/repository/io/netty/netty-handler/4.1.100.Final/netty-handler-4.1.100.Final.jar:/home/runner/.m2/repository/org/apache/ozone/hdds-hadoop-dependency-test/1.5.0-SNAPSHOT/hdds-hadoop-dependency-test-1.5.0-SNAPSHOT.jar:/home/runner/.m2/repository/org/apache/hadoop/hadoop-common/3.3.6/hadoop-common-3.3.6-tests.jar:/home/runner/.m2/repository/org/apache/hadoop/hadoop-hdfs/3.3.6/hadoop-hdfs-3.3.6-tests.jar:/home/runner/.m2/repository/org/junit/jupiter/junit-jupiter-params/5.10.1/junit-jupiter-params-5.10.1.jar:/home/runner/.m2/repository/org/mockito/mockito-core/4.11.0/mockito-core-4.11.0.jar:/home/runner/.m2/repository/net/bytebuddy/byte-buddy/1.12.19/byte-buddy-1.12.19.jar:/home/runner/.m2/repository/net/bytebuddy/byte-buddy-agent/1.12.19/byte-buddy-agent-1.12.19.jar:/home/runner/.m2/repository/org/objenesis/objenesis/1.0/objenesis-1.0.jar:/home/runner/.m2/repository/org/mockito/mockito-junit-jupiter/4.11.0/mockito-junit-jupiter-4.11.0.jar:/home/runner/.m2/repository/org/apache/hadoop/hadoop-distcp/3.3.6/hadoop-distcp-3.3.6.jar:/home/runner/.m2/repository/org/apache/hadoop/hadoop-mapreduce-client-jobclient/3.3.6/hadoop-mapreduce-client-jobclient-3.3.6.jar:/home/runner/.m2/repository/org/apache/hadoop/hadoop-mapreduce-client-common/3.3.6/hadoop-mapreduce-client-common-3.3.6.jar:/home/runner/.m2/repository/org/apache/hadoop/hadoop-yarn-common/3.3.6/hadoop-yarn-common-3.3.6.jar:/home/runner/.m2/repository/org/apache/hadoop/hadoop-yarn-api/3.3.6/hadoop-yarn-api-3.3.6.jar:/home/runner/.m2/repository/javax/xml/bind/jaxb-api/2.2.11/jaxb-api-2.2.11.jar:/home/runner/.m2/repository/com/sun/jersey/contribs/jersey-guice/1.19.4/jersey-guice-1.19.4.jar:/home/runner/.m2/repository/com/fasterxml/jackson/jaxrs/jackson-jaxrs-json-provider/2.13.4/jackson-jaxrs-json-provider-2.13.4.jar:/home/runner/.m2/repository/com/fasterxml/jackson/jaxrs/jackson-jaxrs-base/2.13.4/jackson-jaxrs-base-2.13.4.jar:/home/runner/.m2/repository/org/apache/hadoop/hadoop-yarn-client/3.3.6/hadoop-yarn-client-3.3.6.jar:/home/runner/.m2/repository/org/eclipse/jetty/websocket/websocket-client/9.4.51.v20230217/websocket-client-9.4.51.v20230217.jar:/home/runner/.m2/repository/org/eclipse/jetty/websocket/websocket-common/9.4.51.v20230217/websocket-common-9.4.51.v20230217.jar:/home/runner/.m2/repository/org/eclipse/jetty/websocket/websocket-api/9.4.51.v20230217/websocket-api-9.4.51.v20230217.jar:/home/runner/.m2/repository/org/jline/jline/3.9.0/jline-3.9.0.jar:/home/runner/.m2/repository/org/apache/hadoop/hadoop-mapreduce-client-core/3.3.6/hadoop-mapreduce-client-core-3.3.6.jar:/home/runner/.m2/repository/org/apache/avro/avro/1.7.7/avro-1.7.7.jar:/home/runner/.m2/repository/com/thoughtworks/paranamer/paranamer/2.3/paranamer-2.3.jar:/home/runner/.m2/repository/org/apache/hadoop/hadoop-annotations/3.3.6/hadoop-annotations-3.3.6.jar:/usr/lib/jvm/temurin-8-jdk-amd64/jre/../lib/tools.jar:/home/runner/.m2/repository/io/netty/netty/3.10.6.Final/netty-3.10.6.Final.jar:/home/runner/.m2/repository/org/apache/hadoop/hadoop-distcp/3.3.6/hadoop-distcp-3.3.6-tests.jar:/home/runner/.m2/repository/org/hamcrest/hamcrest/2.2/hamcrest-2.2.jar:/home/runner/.m2/repository/org/slf4j/jul-to-slf4j/2.0.10/jul-to-slf4j-2.0.10.jar:/home/runner/work/ozone/ozone/hadoop-ozone/integration-test/target/gradle-enterprise/test-listeners.jar:"/>
    <property name="java.vm.vendor" value="Temurin"/>
    <property name="sun.arch.data.model" value="64"/>
    <property name="test.build.dir" value="/home/runner/work/ozone/ozone/hadoop-ozone/integration-test/target/test-dir"/>
    <property name="test.cache.data" value=""/>
    <property name="java.vendor.url" value="https://adoptium.net/"/>
    <property name="user.timezone" value="Etc/UTC"/>
    <property name="maven-surefire-plugin.argLineAccessArgs" value=""/>
    <property name="os.name" value="Linux"/>
    <property name="java.vm.specification.version" value="1.8"/>
    <property name="test.build.data" value="/home/runner/work/ozone/ozone/hadoop-ozone/integration-test/target/test-dir"/>
    <property name="sun.java.launcher" value="SUN_STANDARD"/>
    <property name="sun.boot.library.path" value="/usr/lib/jvm/temurin-8-jdk-amd64/jre/lib/amd64"/>
    <property name="sun.java.command" value="/home/runner/work/ozone/ozone/hadoop-ozone/integration-test/target/surefire/surefirebooter3028053006505747245.jar /home/runner/work/ozone/ozone/hadoop-ozone/integration-test/target/surefire 2024-02-22T20-19-36_318-jvmRun1 surefire3647959712226018460tmp surefire_134405147296819657392tmp"/>
    <property name="native.lib.tmp.dir" value="/tmp"/>
    <property name="surefire.test.class.path" value="/home/runner/work/ozone/ozone/hadoop-ozone/integration-test/target/test-classes:/home/runner/work/ozone/ozone/hadoop-ozone/integration-test/target/classes:/home/runner/.m2/repository/org/apache/ozone/ozone-common/1.5.0-SNAPSHOT/ozone-common-1.5.0-SNAPSHOT.jar:/home/runner/.m2/repository/io/grpc/grpc-netty/1.58.0/grpc-netty-1.58.0.jar:/home/runner/.m2/repository/io/grpc/grpc-core/1.58.0/grpc-core-1.58.0.jar:/home/runner/.m2/repository/com/google/android/annotations/4.1.1.4/annotations-4.1.1.4.jar:/home/runner/.m2/repository/org/codehaus/mojo/animal-sniffer-annotations/1.23/animal-sniffer-annotations-1.23.jar:/home/runner/.m2/repository/io/grpc/grpc-context/1.58.0/grpc-context-1.58.0.jar:/home/runner/.m2/repository/io/grpc/grpc-util/1.58.0/grpc-util-1.58.0.jar:/home/runner/.m2/repository/com/google/errorprone/error_prone_annotations/2.2.0/error_prone_annotations-2.2.0.jar:/home/runner/.m2/repository/io/perfmark/perfmark-api/0.26.0/perfmark-api-0.26.0.jar:/home/runner/.m2/repository/io/netty/netty-codec-http2/4.1.100.Final/netty-codec-http2-4.1.100.Final.jar:/home/runner/.m2/repository/io/netty/netty-common/4.1.100.Final/netty-common-4.1.100.Final.jar:/home/runner/.m2/repository/io/netty/netty-buffer/4.1.100.Final/netty-buffer-4.1.100.Final.jar:/home/runner/.m2/repository/io/netty/netty-codec-http/4.1.100.Final/netty-codec-http-4.1.100.Final.jar:/home/runner/.m2/repository/io/netty/netty-handler-proxy/4.1.100.Final/netty-handler-proxy-4.1.100.Final.jar:/home/runner/.m2/repository/io/netty/netty-codec-socks/4.1.100.Final/netty-codec-socks-4.1.100.Final.jar:/home/runner/.m2/repository/io/netty/netty-tcnative-boringssl-static/2.0.61.Final/netty-tcnative-boringssl-static-2.0.61.Final.jar:/home/runner/.m2/repository/io/netty/netty-tcnative-classes/2.0.61.Final/netty-tcnative-classes-2.0.61.Final.jar:/home/runner/.m2/repository/io/netty/netty-tcnative-boringssl-static/2.0.61.Final/netty-tcnative-boringssl-static-2.0.61.Final-linux-x86_64.jar:/home/runner/.m2/repository/io/netty/netty-tcnative-boringssl-static/2.0.61.Final/netty-tcnative-boringssl-static-2.0.61.Final-linux-aarch_64.jar:/home/runner/.m2/repository/io/netty/netty-tcnative-boringssl-static/2.0.61.Final/netty-tcnative-boringssl-static-2.0.61.Final-osx-x86_64.jar:/home/runner/.m2/repository/io/netty/netty-tcnative-boringssl-static/2.0.61.Final/netty-tcnative-boringssl-static-2.0.61.Final-osx-aarch_64.jar:/home/runner/.m2/repository/io/netty/netty-tcnative-boringssl-static/2.0.61.Final/netty-tcnative-boringssl-static-2.0.61.Final-windows-x86_64.jar:/home/runner/.m2/repository/org/apache/commons/commons-compress/1.26.0/commons-compress-1.26.0.jar:/home/runner/.m2/repository/org/apache/ozone/hdds-common/1.5.0-SNAPSHOT/hdds-common-1.5.0-SNAPSHOT.jar:/home/runner/.m2/repository/org/apache/ozone/hdds-client/1.5.0-SNAPSHOT/hdds-client-1.5.0-SNAPSHOT.jar:/home/runner/.m2/repository/org/apache/ozone/ozone-interface-client/1.5.0-SNAPSHOT/ozone-interface-client-1.5.0-SNAPSHOT.jar:/home/runner/.m2/repository/org/apache/hadoop/hadoop-hdfs-client/3.3.6/hadoop-hdfs-client-3.3.6.jar:/home/runner/.m2/repository/com/squareup/okhttp3/okhttp/4.12.0/okhttp-4.12.0.jar:/home/runner/.m2/repository/com/squareup/okio/okio/3.6.0/okio-3.6.0.jar:/home/runner/.m2/repository/com/squareup/okio/okio-jvm/3.6.0/okio-jvm-3.6.0.jar:/home/runner/.m2/repository/org/jetbrains/kotlin/kotlin-stdlib-jdk8/1.9.22/kotlin-stdlib-jdk8-1.9.22.jar:/home/runner/.m2/repository/org/jetbrains/kotlin/kotlin-stdlib-jdk7/1.9.22/kotlin-stdlib-jdk7-1.9.22.jar:/home/runner/.m2/repository/org/jetbrains/kotlin/kotlin-stdlib-common/1.9.22/kotlin-stdlib-common-1.9.22.jar:/home/runner/.m2/repository/org/apache/ozone/hdds-test-utils/1.5.0-SNAPSHOT/hdds-test-utils-1.5.0-SNAPSHOT.jar:/home/runner/.m2/repository/org/assertj/assertj-core/3.12.2/assertj-core-3.12.2.jar:/home/runner/.m2/repository/com/google/guava/guava/32.0.0-jre/guava-32.0.0-jre.jar:/home/runner/.m2/repository/com/google/guava/failureaccess/1.0.1/failureaccess-1.0.1.jar:/home/runner/.m2/repository/com/google/guava/listenablefuture/9999.0-empty-to-avoid-conflict-with-guava/listenablefuture-9999.0-empty-to-avoid-conflict-with-guava.jar:/home/runner/.m2/repository/org/checkerframework/checker-qual/3.33.0/checker-qual-3.33.0.jar:/home/runner/.m2/repository/com/google/j2objc/j2objc-annotations/2.8/j2objc-annotations-2.8.jar:/home/runner/.m2/repository/commons-io/commons-io/2.11.0/commons-io-2.11.0.jar:/home/runner/.m2/repository/commons-logging/commons-logging/1.2/commons-logging-1.2.jar:/home/runner/.m2/repository/org/junit/jupiter/junit-jupiter-api/5.10.1/junit-jupiter-api-5.10.1.jar:/home/runner/.m2/repository/org/opentest4j/opentest4j/1.3.0/opentest4j-1.3.0.jar:/home/runner/.m2/repository/org/junit/platform/junit-platform-commons/1.10.1/junit-platform-commons-1.10.1.jar:/home/runner/.m2/repository/ch/qos/reload4j/reload4j/1.2.25/reload4j-1.2.25.jar:/home/runner/.m2/repository/jakarta/annotation/jakarta.annotation-api/2.1.1/jakarta.annotation-api-2.1.1.jar:/home/runner/.m2/repository/org/slf4j/slf4j-api/2.0.10/slf4j-api-2.0.10.jar:/home/runner/.m2/repository/org/apache/logging/log4j/log4j-api/2.17.1/log4j-api-2.17.1.jar:/home/runner/.m2/repository/org/apache/ozone/hdds-server-scm/1.5.0-SNAPSHOT/hdds-server-scm-1.5.0-SNAPSHOT.jar:/home/runner/.m2/repository/com/google/protobuf/protobuf-java/2.5.0/protobuf-java-2.5.0.jar:/home/runner/.m2/repository/org/apache/ozone/hdds-container-service/1.5.0-SNAPSHOT/hdds-container-service-1.5.0-SNAPSHOT.jar:/home/runner/.m2/repository/org/apache/ozone/hdds-hadoop-dependency-server/1.5.0-SNAPSHOT/hdds-hadoop-dependency-server-1.5.0-SNAPSHOT.jar:/home/runner/.m2/repository/org/apache/hadoop/hadoop-hdfs/3.3.6/hadoop-hdfs-3.3.6.jar:/home/runner/.m2/repository/commons-daemon/commons-daemon/1.0.13/commons-daemon-1.0.13.jar:/home/runner/.m2/repository/org/apache/ozone/hdds-server-framework/1.5.0-SNAPSHOT/hdds-server-framework-1.5.0-SNAPSHOT.jar:/home/runner/.m2/repository/org/bouncycastle/bcprov-jdk18on/1.77/bcprov-jdk18on-1.77.jar:/home/runner/.m2/repository/io/dropwizard/metrics/metrics-core/3.2.4/metrics-core-3.2.4.jar:/home/runner/.m2/repository/org/apache/commons/commons-text/1.11.0/commons-text-1.11.0.jar:/home/runner/.m2/repository/org/apache/ozone/hdds-server-framework/1.5.0-SNAPSHOT/hdds-server-framework-1.5.0-SNAPSHOT-tests.jar:/home/runner/.m2/repository/org/apache/ozone/hdds-interface-server/1.5.0-SNAPSHOT/hdds-interface-server-1.5.0-SNAPSHOT.jar:/home/runner/.m2/repository/org/apache/ozone/hdds-interface-admin/1.5.0-SNAPSHOT/hdds-interface-admin-1.5.0-SNAPSHOT.jar:/home/runner/.m2/repository/org/apache/ozone/hdds-managed-rocksdb/1.5.0-SNAPSHOT/hdds-managed-rocksdb-1.5.0-SNAPSHOT.jar:/home/runner/.m2/repository/org/rocksdb/rocksdbjni/7.7.3/rocksdbjni-7.7.3.jar:/home/runner/.m2/repository/org/slf4j/slf4j-reload4j/2.0.10/slf4j-reload4j-2.0.10.jar:/home/runner/.m2/repository/org/apache/commons/commons-configuration2/2.8.0/commons-configuration2-2.8.0.jar:/home/runner/.m2/repository/commons-fileupload/commons-fileupload/1.5/commons-fileupload-1.5.jar:/home/runner/.m2/repository/org/apache/logging/log4j/log4j-core/2.17.1/log4j-core-2.17.1.jar:/home/runner/.m2/repository/com/lmax/disruptor/3.4.2/disruptor-3.4.2.jar:/home/runner/.m2/repository/org/eclipse/jetty/jetty-util/9.4.53.v20231009/jetty-util-9.4.53.v20231009.jar:/home/runner/.m2/repository/org/eclipse/jetty/jetty-server/9.4.53.v20231009/jetty-server-9.4.53.v20231009.jar:/home/runner/.m2/repository/org/eclipse/jetty/jetty-http/9.4.53.v20231009/jetty-http-9.4.53.v20231009.jar:/home/runner/.m2/repository/org/eclipse/jetty/jetty-io/9.4.53.v20231009/jetty-io-9.4.53.v20231009.jar:/home/runner/.m2/repository/org/eclipse/jetty/jetty-servlet/9.4.53.v20231009/jetty-servlet-9.4.53.v20231009.jar:/home/runner/.m2/repository/org/eclipse/jetty/jetty-security/9.4.53.v20231009/jetty-security-9.4.53.v20231009.jar:/home/runner/.m2/repository/org/eclipse/jetty/jetty-util-ajax/9.4.53.v20231009/jetty-util-ajax-9.4.53.v20231009.jar:/home/runner/.m2/repository/org/eclipse/jetty/jetty-webapp/9.4.53.v20231009/jetty-webapp-9.4.53.v20231009.jar:/home/runner/.m2/repository/org/eclipse/jetty/jetty-xml/9.4.53.v20231009/jetty-xml-9.4.53.v20231009.jar:/home/runner/.m2/repository/org/apache/ratis/ratis-server/3.0.1/ratis-server-3.0.1.jar:/home/runner/.m2/repository/org/apache/ratis/ratis-thirdparty-misc/1.0.5/ratis-thirdparty-misc-1.0.5.jar:/home/runner/.m2/repository/org/apache/ratis/ratis-proto/3.0.1/ratis-proto-3.0.1.jar:/home/runner/.m2/repository/org/apache/ratis/ratis-common/3.0.1/ratis-common-3.0.1.jar:/home/runner/.m2/repository/org/apache/ratis/ratis-client/3.0.1/ratis-client-3.0.1.jar:/home/runner/.m2/repository/org/apache/ratis/ratis-server-api/3.0.1/ratis-server-api-3.0.1.jar:/home/runner/.m2/repository/org/apache/ratis/ratis-metrics-api/3.0.1/ratis-metrics-api-3.0.1.jar:/home/runner/.m2/repository/org/apache/ratis/ratis-metrics-dropwizard3/3.0.1/ratis-metrics-dropwizard3-3.0.1.jar:/home/runner/.m2/repository/io/prometheus/simpleclient_dropwizard/0.16.0/simpleclient_dropwizard-0.16.0.jar:/home/runner/.m2/repository/io/prometheus/simpleclient/0.16.0/simpleclient-0.16.0.jar:/home/runner/.m2/repository/io/prometheus/simpleclient_common/0.16.0/simpleclient_common-0.16.0.jar:/home/runner/.m2/repository/com/fasterxml/jackson/datatype/jackson-datatype-jsr310/2.13.4/jackson-datatype-jsr310-2.13.4.jar:/home/runner/.m2/repository/com/fasterxml/jackson/core/jackson-core/2.13.4/jackson-core-2.13.4.jar:/home/runner/.m2/repository/org/apache/ozone/rocksdb-checkpoint-differ/1.5.0-SNAPSHOT/rocksdb-checkpoint-differ-1.5.0-SNAPSHOT.jar:/home/runner/.m2/repository/org/jgrapht/jgrapht-core/1.0.1/jgrapht-core-1.0.1.jar:/home/runner/.m2/repository/org/jgrapht/jgrapht-ext/1.0.1/jgrapht-ext-1.0.1.jar:/home/runner/.m2/repository/org/tinyjee/jgraphx/jgraphx/2.0.0.1/jgraphx-2.0.0.1.jar:/home/runner/.m2/repository/jgraph/jgraph/5.13.0.0/jgraph-5.13.0.0.jar:/home/runner/.m2/repository/org/antlr/antlr4-runtime/4.5.3/antlr4-runtime-4.5.3.jar:/home/runner/.m2/repository/org/apache/ozone/ozone-manager/1.5.0-SNAPSHOT/ozone-manager-1.5.0-SNAPSHOT.jar:/home/runner/.m2/repository/org/aspectj/aspectjrt/1.9.7/aspectjrt-1.9.7.jar:/home/runner/.m2/repository/org/aspectj/aspectjweaver/1.9.7/aspectjweaver-1.9.7.jar:/home/runner/.m2/repository/org/apache/ozone/hdds-interface-client/1.5.0-SNAPSHOT/hdds-interface-client-1.5.0-SNAPSHOT.jar:/home/runner/.m2/repository/org/apache/hadoop/thirdparty/hadoop-shaded-protobuf_3_7/1.1.1/hadoop-shaded-protobuf_3_7-1.1.1.jar:/home/runner/.m2/repository/org/apache/ozone/ozone-interface-storage/1.5.0-SNAPSHOT/ozone-interface-storage-1.5.0-SNAPSHOT.jar:/home/runner/.m2/repository/org/reflections/reflections/0.9.11/reflections-0.9.11.jar:/home/runner/.m2/repository/com/sun/jersey/jersey-client/1.19.4/jersey-client-1.19.4.jar:/home/runner/.m2/repository/org/codehaus/jackson/jackson-core-asl/1.9.13/jackson-core-asl-1.9.13.jar:/home/runner/.m2/repository/org/codehaus/jackson/jackson-mapper-asl/1.9.13/jackson-mapper-asl-1.9.13.jar:/home/runner/.m2/repository/org/codehaus/jackson/jackson-jaxrs/1.9.13/jackson-jaxrs-1.9.13.jar:/home/runner/.m2/repository/org/apache/ranger/ranger-intg/2.3.0/ranger-intg-2.3.0.jar:/home/runner/.m2/repository/org/apache/ranger/ranger-plugins-common/2.3.0/ranger-plugins-common-2.3.0.jar:/home/runner/.m2/repository/commons-lang/commons-lang/2.6/commons-lang-2.6.jar:/home/runner/.m2/repository/org/apache/ranger/ranger-plugins-cred/2.3.0/ranger-plugins-cred-2.3.0.jar:/home/runner/.m2/repository/org/apache/ranger/ranger-plugins-audit/2.3.0/ranger-plugins-audit-2.3.0.jar:/home/runner/.m2/repository/org/eclipse/jetty/jetty-client/9.4.53.v20231009/jetty-client-9.4.53.v20231009.jar:/home/runner/.m2/repository/org/apache/httpcomponents/httpmime/4.5.6/httpmime-4.5.6.jar:/home/runner/.m2/repository/org/apache/httpcomponents/httpcore-nio/4.4.16/httpcore-nio-4.4.16.jar:/home/runner/.m2/repository/org/apache/httpcomponents/httpasyncclient/4.1.3/httpasyncclient-4.1.3.jar:/home/runner/.m2/repository/com/carrotsearch/hppc/0.8.0/hppc-0.8.0.jar:/home/runner/.m2/repository/org/apache/orc/orc-core/1.5.8/orc-core-1.5.8.jar:/home/runner/.m2/repository/net/java/dev/jna/jna/5.2.0/jna-5.2.0.jar:/home/runner/.m2/repository/net/java/dev/jna/jna-platform/5.2.0/jna-platform-5.2.0.jar:/home/runner/.m2/repository/com/kstruct/gethostname4j/0.0.2/gethostname4j-0.0.2.jar:/home/runner/.m2/repository/org/apache/ranger/ranger-plugin-classloader/2.3.0/ranger-plugin-classloader-2.3.0.jar:/home/runner/.m2/repository/org/apache/ozone/hdds-rocks-native/1.5.0-SNAPSHOT/hdds-rocks-native-1.5.0-SNAPSHOT.jar:/home/runner/.m2/repository/org/apache/hadoop/hadoop-minikdc/3.3.6/hadoop-minikdc-3.3.6.jar:/home/runner/.m2/repository/org/apache/kerby/kerb-simplekdc/1.0.1/kerb-simplekdc-1.0.1.jar:/home/runner/.m2/repository/org/apache/kerby/kerb-client/1.0.1/kerb-client-1.0.1.jar:/home/runner/.m2/repository/org/apache/kerby/kerby-config/1.0.1/kerby-config-1.0.1.jar:/home/runner/.m2/repository/org/apache/kerby/kerb-common/1.0.1/kerb-common-1.0.1.jar:/home/runner/.m2/repository/org/apache/kerby/kerb-crypto/1.0.1/kerb-crypto-1.0.1.jar:/home/runner/.m2/repository/org/apache/kerby/kerb-util/1.0.1/kerb-util-1.0.1.jar:/home/runner/.m2/repository/org/apache/kerby/token-provider/1.0.1/token-provider-1.0.1.jar:/home/runner/.m2/repository/org/apache/kerby/kerb-admin/1.0.1/kerb-admin-1.0.1.jar:/home/runner/.m2/repository/org/apache/kerby/kerb-server/1.0.1/kerb-server-1.0.1.jar:/home/runner/.m2/repository/org/apache/kerby/kerb-identity/1.0.1/kerb-identity-1.0.1.jar:/home/runner/.m2/repository/org/apache/kerby/kerby-xdr/1.0.1/kerby-xdr-1.0.1.jar:/home/runner/.m2/repository/junit/junit/4.13.2/junit-4.13.2.jar:/home/runner/.m2/repository/org/hamcrest/hamcrest-core/1.3/hamcrest-core-1.3.jar:/home/runner/.m2/repository/org/apache/ozone/ozone-s3gateway/1.5.0-SNAPSHOT/ozone-s3gateway-1.5.0-SNAPSHOT.jar:/home/runner/.m2/repository/org/javassist/javassist/3.21.0-GA/javassist-3.21.0-GA.jar:/home/runner/.m2/repository/org/jboss/weld/servlet/weld-servlet-shaded/3.1.9.Final/weld-servlet-shaded-3.1.9.Final.jar:/home/runner/.m2/repository/org/glassfish/jersey/containers/jersey-container-servlet-core/2.41/jersey-container-servlet-core-2.41.jar:/home/runner/.m2/repository/org/glassfish/hk2/external/jakarta.inject/2.6.1/jakarta.inject-2.6.1.jar:/home/runner/.m2/repository/org/glassfish/jersey/core/jersey-common/2.41/jersey-common-2.41.jar:/home/runner/.m2/repository/jakarta/ws/rs/jakarta.ws.rs-api/2.1.6/jakarta.ws.rs-api-2.1.6.jar:/home/runner/.m2/repository/org/glassfish/jersey/ext/cdi/jersey-cdi1x/2.41/jersey-cdi1x-2.41.jar:/home/runner/.m2/repository/org/glassfish/jersey/inject/jersey-hk2/2.41/jersey-hk2-2.41.jar:/home/runner/.m2/repository/org/glassfish/hk2/hk2-locator/2.6.1/hk2-locator-2.6.1.jar:/home/runner/.m2/repository/org/glassfish/jersey/media/jersey-media-jaxb/2.41/jersey-media-jaxb-2.41.jar:/home/runner/.m2/repository/org/glassfish/hk2/osgi-resource-locator/1.0.3/osgi-resource-locator-1.0.3.jar:/home/runner/.m2/repository/org/glassfish/hk2/hk2-api/2.6.1/hk2-api-2.6.1.jar:/home/runner/.m2/repository/org/glassfish/hk2/hk2-utils/2.6.1/hk2-utils-2.6.1.jar:/home/runner/.m2/repository/org/glassfish/hk2/external/aopalliance-repackaged/2.6.1/aopalliance-repackaged-2.6.1.jar:/home/runner/.m2/repository/com/fasterxml/jackson/dataformat/jackson-dataformat-xml/2.13.4/jackson-dataformat-xml-2.13.4.jar:/home/runner/.m2/repository/org/codehaus/woodstox/stax2-api/4.2.2/stax2-api-4.2.2.jar:/home/runner/.m2/repository/com/fasterxml/woodstox/woodstox-core/5.4.0/woodstox-core-5.4.0.jar:/home/runner/.m2/repository/com/fasterxml/jackson/module/jackson-module-jaxb-annotations/2.13.4/jackson-module-jaxb-annotations-2.13.4.jar:/home/runner/.m2/repository/javax/enterprise/cdi-api/2.0/cdi-api-2.0.jar:/home/runner/.m2/repository/javax/el/javax.el-api/3.0.0/javax.el-api-3.0.0.jar:/home/runner/.m2/repository/javax/interceptor/javax.interceptor-api/1.2/javax.interceptor-api-1.2.jar:/home/runner/.m2/repository/javax/inject/javax.inject/1/javax.inject-1.jar:/home/runner/.m2/repository/jakarta/xml/bind/jakarta.xml.bind-api/2.3.3/jakarta.xml.bind-api-2.3.3.jar:/home/runner/.m2/repository/org/glassfish/jaxb/jaxb-runtime/2.3.9/jaxb-runtime-2.3.9.jar:/home/runner/.m2/repository/org/glassfish/jaxb/txw2/2.3.9/txw2-2.3.9.jar:/home/runner/.m2/repository/com/sun/istack/istack-commons-runtime/3.0.12/istack-commons-runtime-3.0.12.jar:/home/runner/.m2/repository/com/sun/activation/jakarta.activation/1.2.2/jakarta.activation-1.2.2.jar:/home/runner/.m2/repository/jakarta/activation/jakarta.activation-api/1.2.2/jakarta.activation-api-1.2.2.jar:/home/runner/.m2/repository/io/grpc/grpc-protobuf/1.58.0/grpc-protobuf-1.58.0.jar:/home/runner/.m2/repository/com/google/api/grpc/proto-google-common-protos/2.22.0/proto-google-common-protos-2.22.0.jar:/home/runner/.m2/repository/io/grpc/grpc-protobuf-lite/1.58.0/grpc-protobuf-lite-1.58.0.jar:/home/runner/.m2/repository/io/grpc/grpc-stub/1.58.0/grpc-stub-1.58.0.jar:/home/runner/.m2/repository/io/netty/netty-transport/4.1.100.Final/netty-transport-4.1.100.Final.jar:/home/runner/.m2/repository/io/netty/netty-resolver/4.1.100.Final/netty-resolver-4.1.100.Final.jar:/home/runner/.m2/repository/org/apache/ozone/ozone-csi/1.5.0-SNAPSHOT/ozone-csi-1.5.0-SNAPSHOT.jar:/home/runner/.m2/repository/com/google/protobuf/protobuf-java-util/3.19.6/protobuf-java-util-3.19.6.jar:/home/runner/.m2/repository/com/google/code/gson/gson/2.9.0/gson-2.9.0.jar:/home/runner/.m2/repository/org/apache/ozone/hdds-config/1.5.0-SNAPSHOT/hdds-config-1.5.0-SNAPSHOT.jar:/home/runner/.m2/repository/io/netty/netty-transport-native-epoll/4.1.100.Final/netty-transport-native-epoll-4.1.100.Final-linux-x86_64.jar:/home/runner/.m2/repository/io/netty/netty-transport-classes-epoll/4.1.100.Final/netty-transport-classes-epoll-4.1.100.Final.jar:/home/runner/.m2/repository/io/netty/netty-transport-native-unix-common/4.1.100.Final/netty-transport-native-unix-common-4.1.100.Final.jar:/home/runner/.m2/repository/org/apache/ozone/ozone-recon/1.5.0-SNAPSHOT/ozone-recon-1.5.0-SNAPSHOT.jar:/home/runner/.m2/repository/org/apache/ozone/ozone-reconcodegen/1.5.0-SNAPSHOT/ozone-reconcodegen-1.5.0-SNAPSHOT.jar:/home/runner/.m2/repository/com/google/inject/guice/6.0.0/guice-6.0.0.jar:/home/runner/.m2/repository/jakarta/inject/jakarta.inject-api/2.0.1/jakarta.inject-api-2.0.1.jar:/home/runner/.m2/repository/aopalliance/aopalliance/1.0/aopalliance-1.0.jar:/home/runner/.m2/repository/com/google/inject/extensions/guice-assistedinject/6.0.0/guice-assistedinject-6.0.0.jar:/home/runner/.m2/repository/com/google/inject/extensions/guice-servlet/6.0.0/guice-servlet-6.0.0.jar:/home/runner/.m2/repository/org/glassfish/jersey/containers/jersey-container-servlet/2.41/jersey-container-servlet-2.41.jar:/home/runner/.m2/repository/org/glassfish/hk2/guice-bridge/2.6.1/guice-bridge-2.6.1.jar:/home/runner/.m2/repository/org/glassfish/jersey/core/jersey-server/2.41/jersey-server-2.41.jar:/home/runner/.m2/repository/org/glassfish/jersey/core/jersey-client/2.41/jersey-client-2.41.jar:/home/runner/.m2/repository/jakarta/validation/jakarta.validation-api/2.0.2/jakarta.validation-api-2.0.2.jar:/home/runner/.m2/repository/org/glassfish/jersey/media/jersey-media-json-jackson/2.41/jersey-media-json-jackson-2.41.jar:/home/runner/.m2/repository/org/glassfish/jersey/ext/jersey-entity-filtering/2.41/jersey-entity-filtering-2.41.jar:/home/runner/.m2/repository/org/jooq/jooq/3.11.10/jooq-3.11.10.jar:/home/runner/.m2/repository/org/jooq/jooq-meta/3.11.10/jooq-meta-3.11.10.jar:/home/runner/.m2/repository/org/jooq/jooq-codegen/3.11.10/jooq-codegen-3.11.10.jar:/home/runner/.m2/repository/com/jolbox/bonecp/0.8.0.RELEASE/bonecp-0.8.0.RELEASE.jar:/home/runner/.m2/repository/org/apache/derby/derby/10.14.2.0/derby-10.14.2.0.jar:/home/runner/.m2/repository/org/xerial/sqlite-jdbc/3.44.1.0/sqlite-jdbc-3.44.1.0.jar:/home/runner/.m2/repository/org/springframework/spring-jdbc/5.3.27/spring-jdbc-5.3.27.jar:/home/runner/.m2/repository/org/springframework/spring-beans/5.3.27/spring-beans-5.3.27.jar:/home/runner/.m2/repository/org/springframework/spring-core/5.3.27/spring-core-5.3.27.jar:/home/runner/.m2/repository/org/springframework/spring-tx/5.3.27/spring-tx-5.3.27.jar:/home/runner/.m2/repository/org/apache/ozone/ozone-client/1.5.0-SNAPSHOT/ozone-client-1.5.0-SNAPSHOT.jar:/home/runner/.m2/repository/org/apache/ozone/hdds-erasurecode/1.5.0-SNAPSHOT/hdds-erasurecode-1.5.0-SNAPSHOT.jar:/home/runner/.m2/repository/org/apache/ozone/ozone-filesystem/1.5.0-SNAPSHOT/ozone-filesystem-1.5.0-SNAPSHOT.jar:/home/runner/.m2/repository/org/apache/ozone/ozone-filesystem-common/1.5.0-SNAPSHOT/ozone-filesystem-common-1.5.0-SNAPSHOT.jar:/home/runner/.m2/repository/org/apache/ozone/ozone-tools/1.5.0-SNAPSHOT/ozone-tools-1.5.0-SNAPSHOT.jar:/home/runner/.m2/repository/com/amazonaws/aws-java-sdk-core/1.12.661/aws-java-sdk-core-1.12.661.jar:/home/runner/.m2/repository/org/apache/httpcomponents/httpclient/4.5.13/httpclient-4.5.13.jar:/home/runner/.m2/repository/org/apache/httpcomponents/httpcore/4.4.16/httpcore-4.4.16.jar:/home/runner/.m2/repository/com/fasterxml/jackson/dataformat/jackson-dataformat-cbor/2.13.4/jackson-dataformat-cbor-2.13.4.jar:/home/runner/.m2/repository/joda-time/joda-time/2.12.7/joda-time-2.12.7.jar:/home/runner/.m2/repository/com/amazonaws/aws-java-sdk-s3/1.12.661/aws-java-sdk-s3-1.12.661.jar:/home/runner/.m2/repository/com/amazonaws/aws-java-sdk-kms/1.12.661/aws-java-sdk-kms-1.12.661.jar:/home/runner/.m2/repository/com/amazonaws/jmespath-java/1.12.661/jmespath-java-1.12.661.jar:/home/runner/.m2/repository/org/kohsuke/metainf-services/metainf-services/1.8/metainf-services-1.8.jar:/home/runner/.m2/repository/org/apache/ozone/hdds-tools/1.5.0-SNAPSHOT/hdds-tools-1.5.0-SNAPSHOT.jar:/home/runner/.m2/repository/org/apache/ratis/ratis-tools/3.0.1/ratis-tools-3.0.1.jar:/home/runner/.m2/repository/commons-cli/commons-cli/1.6.0/commons-cli-1.6.0.jar:/home/runner/.m2/repository/org/apache/commons/commons-lang3/3.14.0/commons-lang3-3.14.0.jar:/home/runner/.m2/repository/org/apache/ozone/ozone-manager/1.5.0-SNAPSHOT/ozone-manager-1.5.0-SNAPSHOT-tests.jar:/home/runner/.m2/repository/org/apache/ozone/hdds-common/1.5.0-SNAPSHOT/hdds-common-1.5.0-SNAPSHOT-tests.jar:/home/runner/.m2/repository/org/apache/ozone/hdds-hadoop-dependency-client/1.5.0-SNAPSHOT/hdds-hadoop-dependency-client-1.5.0-SNAPSHOT.jar:/home/runner/.m2/repository/info/picocli/picocli/4.7.5/picocli-4.7.5.jar:/home/runner/.m2/repository/com/fasterxml/jackson/core/jackson-annotations/2.13.4/jackson-annotations-2.13.4.jar:/home/runner/.m2/repository/org/apache/ozone/hdds-annotation-processing/1.5.0-SNAPSHOT/hdds-annotation-processing-1.5.0-SNAPSHOT.jar:/home/runner/.m2/repository/javax/annotation/javax.annotation-api/1.3.2/javax.annotation-api-1.3.2.jar:/home/runner/.m2/repository/org/apache/ratis/ratis-netty/3.0.1/ratis-netty-3.0.1.jar:/home/runner/.m2/repository/org/apache/ratis/ratis-grpc/3.0.1/ratis-grpc-3.0.1.jar:/home/runner/.m2/repository/org/apache/commons/commons-pool2/2.6.0/commons-pool2-2.6.0.jar:/home/runner/.m2/repository/org/bouncycastle/bcpkix-jdk18on/1.77/bcpkix-jdk18on-1.77.jar:/home/runner/.m2/repository/org/bouncycastle/bcutil-jdk18on/1.77/bcutil-jdk18on-1.77.jar:/home/runner/.m2/repository/commons-validator/commons-validator/1.6/commons-validator-1.6.jar:/home/runner/.m2/repository/commons-beanutils/commons-beanutils/1.9.4/commons-beanutils-1.9.4.jar:/home/runner/.m2/repository/commons-digester/commons-digester/1.8.1/commons-digester-1.8.1.jar:/home/runner/.m2/repository/commons-collections/commons-collections/3.2.2/commons-collections-3.2.2.jar:/home/runner/.m2/repository/io/jaegertracing/jaeger-client/1.8.1/jaeger-client-1.8.1.jar:/home/runner/.m2/repository/io/jaegertracing/jaeger-thrift/1.8.1/jaeger-thrift-1.8.1.jar:/home/runner/.m2/repository/org/apache/thrift/libthrift/0.15.0/libthrift-0.15.0.jar:/home/runner/.m2/repository/io/jaegertracing/jaeger-core/1.8.1/jaeger-core-1.8.1.jar:/home/runner/.m2/repository/io/jaegertracing/jaeger-tracerresolver/1.8.1/jaeger-tracerresolver-1.8.1.jar:/home/runner/.m2/repository/io/opentracing/contrib/opentracing-tracerresolver/0.1.8/opentracing-tracerresolver-0.1.8.jar:/home/runner/.m2/repository/org/jetbrains/kotlin/kotlin-stdlib/1.9.22/kotlin-stdlib-1.9.22.jar:/home/runner/.m2/repository/org/jetbrains/annotations/13.0/annotations-13.0.jar:/home/runner/.m2/repository/io/opentracing/opentracing-util/0.33.0/opentracing-util-0.33.0.jar:/home/runner/.m2/repository/io/opentracing/opentracing-api/0.33.0/opentracing-api-0.33.0.jar:/home/runner/.m2/repository/io/opentracing/opentracing-noop/0.33.0/opentracing-noop-0.33.0.jar:/home/runner/.m2/repository/org/yaml/snakeyaml/2.0/snakeyaml-2.0.jar:/home/runner/.m2/repository/io/grpc/grpc-api/1.58.0/grpc-api-1.58.0.jar:/home/runner/.m2/repository/org/junit/jupiter/junit-jupiter-engine/5.10.1/junit-jupiter-engine-5.10.1.jar:/home/runner/.m2/repository/org/junit/platform/junit-platform-engine/1.10.1/junit-platform-engine-1.10.1.jar:/home/runner/.m2/repository/org/apiguardian/apiguardian-api/1.1.2/apiguardian-api-1.1.2.jar:/home/runner/.m2/repository/org/junit/platform/junit-platform-launcher/1.10.1/junit-platform-launcher-1.10.1.jar:/home/runner/.m2/repository/org/apache/hadoop/hadoop-kms/3.3.6/hadoop-kms-3.3.6.jar:/home/runner/.m2/repository/org/apache/hadoop/hadoop-auth/3.3.6/hadoop-auth-3.3.6.jar:/home/runner/.m2/repository/com/nimbusds/nimbus-jose-jwt/9.8.1/nimbus-jose-jwt-9.8.1.jar:/home/runner/.m2/repository/com/github/stephenc/jcip/jcip-annotations/1.0-1/jcip-annotations-1.0-1.jar:/home/runner/.m2/repository/org/apache/zookeeper/zookeeper/3.7.2/zookeeper-3.7.2.jar:/home/runner/.m2/repository/org/apache/zookeeper/zookeeper-jute/3.7.2/zookeeper-jute-3.7.2.jar:/home/runner/.m2/repository/org/apache/yetus/audience-annotations/0.12.0/audience-annotations-0.12.0.jar:/home/runner/.m2/repository/org/apache/curator/curator-framework/4.2.0/curator-framework-4.2.0.jar:/home/runner/.m2/repository/org/apache/hadoop/thirdparty/hadoop-shaded-guava/1.1.1/hadoop-shaded-guava-1.1.1.jar:/home/runner/.m2/repository/com/sun/jersey/jersey-core/1.19.4/jersey-core-1.19.4.jar:/home/runner/.m2/repository/javax/ws/rs/jsr311-api/1.1.1/jsr311-api-1.1.1.jar:/home/runner/.m2/repository/com/sun/jersey/jersey-server/1.19.4/jersey-server-1.19.4.jar:/home/runner/.m2/repository/javax/servlet/javax.servlet-api/3.1.0/javax.servlet-api-3.1.0.jar:/home/runner/.m2/repository/org/apache/hadoop/hadoop-common/3.3.6/hadoop-common-3.3.6.jar:/home/runner/.m2/repository/org/apache/commons/commons-math3/3.6.1/commons-math3-3.6.1.jar:/home/runner/.m2/repository/commons-net/commons-net/3.10.0/commons-net-3.10.0.jar:/home/runner/.m2/repository/com/sun/jersey/jersey-servlet/1.19.4/jersey-servlet-1.19.4.jar:/home/runner/.m2/repository/com/github/pjfanning/jersey-json/1.20/jersey-json-1.20.jar:/home/runner/.m2/repository/org/codehaus/jettison/jettison/1.1/jettison-1.1.jar:/home/runner/.m2/repository/com/sun/xml/bind/jaxb-impl/2.2.3-1/jaxb-impl-2.2.3-1.jar:/home/runner/.m2/repository/com/google/re2j/re2j/1.7/re2j-1.7.jar:/home/runner/.m2/repository/com/jcraft/jsch/0.1.54/jsch-0.1.54.jar:/home/runner/.m2/repository/org/apache/curator/curator-client/4.2.0/curator-client-4.2.0.jar:/home/runner/.m2/repository/org/apache/curator/curator-recipes/5.2.0/curator-recipes-5.2.0.jar:/home/runner/.m2/repository/com/google/code/findbugs/jsr305/3.0.2/jsr305-3.0.2.jar:/home/runner/.m2/repository/org/apache/kerby/kerb-core/1.0.1/kerb-core-1.0.1.jar:/home/runner/.m2/repository/org/apache/kerby/kerby-pkix/1.0.1/kerby-pkix-1.0.1.jar:/home/runner/.m2/repository/org/apache/kerby/kerby-asn1/1.0.1/kerby-asn1-1.0.1.jar:/home/runner/.m2/repository/org/apache/kerby/kerby-util/1.0.1/kerby-util-1.0.1.jar:/home/runner/.m2/repository/dnsjava/dnsjava/2.1.7/dnsjava-2.1.7.jar:/home/runner/.m2/repository/org/xerial/snappy/snappy-java/1.1.8.2/snappy-java-1.1.8.2.jar:/home/runner/.m2/repository/com/fasterxml/jackson/core/jackson-databind/2.13.4.2/jackson-databind-2.13.4.2.jar:/home/runner/.m2/repository/org/apache/hadoop/hadoop-kms/3.3.6/hadoop-kms-3.3.6-tests.jar:/home/runner/.m2/repository/org/apache/ozone/hdds-server-scm/1.5.0-SNAPSHOT/hdds-server-scm-1.5.0-SNAPSHOT-tests.jar:/home/runner/.m2/repository/org/apache/ozone/hdds-container-service/1.5.0-SNAPSHOT/hdds-container-service-1.5.0-SNAPSHOT-tests.jar:/home/runner/.m2/repository/com/github/luben/zstd-jni/1.5.2-5/zstd-jni-1.5.2-5.jar:/home/runner/.m2/repository/commons-codec/commons-codec/1.15/commons-codec-1.15.jar:/home/runner/.m2/repository/io/netty/netty-codec/4.1.100.Final/netty-codec-4.1.100.Final.jar:/home/runner/.m2/repository/io/netty/netty-handler/4.1.100.Final/netty-handler-4.1.100.Final.jar:/home/runner/.m2/repository/org/apache/ozone/hdds-hadoop-dependency-test/1.5.0-SNAPSHOT/hdds-hadoop-dependency-test-1.5.0-SNAPSHOT.jar:/home/runner/.m2/repository/org/apache/hadoop/hadoop-common/3.3.6/hadoop-common-3.3.6-tests.jar:/home/runner/.m2/repository/org/apache/hadoop/hadoop-hdfs/3.3.6/hadoop-hdfs-3.3.6-tests.jar:/home/runner/.m2/repository/org/junit/jupiter/junit-jupiter-params/5.10.1/junit-jupiter-params-5.10.1.jar:/home/runner/.m2/repository/org/mockito/mockito-core/4.11.0/mockito-core-4.11.0.jar:/home/runner/.m2/repository/net/bytebuddy/byte-buddy/1.12.19/byte-buddy-1.12.19.jar:/home/runner/.m2/repository/net/bytebuddy/byte-buddy-agent/1.12.19/byte-buddy-agent-1.12.19.jar:/home/runner/.m2/repository/org/objenesis/objenesis/1.0/objenesis-1.0.jar:/home/runner/.m2/repository/org/mockito/mockito-junit-jupiter/4.11.0/mockito-junit-jupiter-4.11.0.jar:/home/runner/.m2/repository/org/apache/hadoop/hadoop-distcp/3.3.6/hadoop-distcp-3.3.6.jar:/home/runner/.m2/repository/org/apache/hadoop/hadoop-mapreduce-client-jobclient/3.3.6/hadoop-mapreduce-client-jobclient-3.3.6.jar:/home/runner/.m2/repository/org/apache/hadoop/hadoop-mapreduce-client-common/3.3.6/hadoop-mapreduce-client-common-3.3.6.jar:/home/runner/.m2/repository/org/apache/hadoop/hadoop-yarn-common/3.3.6/hadoop-yarn-common-3.3.6.jar:/home/runner/.m2/repository/org/apache/hadoop/hadoop-yarn-api/3.3.6/hadoop-yarn-api-3.3.6.jar:/home/runner/.m2/repository/javax/xml/bind/jaxb-api/2.2.11/jaxb-api-2.2.11.jar:/home/runner/.m2/repository/com/sun/jersey/contribs/jersey-guice/1.19.4/jersey-guice-1.19.4.jar:/home/runner/.m2/repository/com/fasterxml/jackson/jaxrs/jackson-jaxrs-json-provider/2.13.4/jackson-jaxrs-json-provider-2.13.4.jar:/home/runner/.m2/repository/com/fasterxml/jackson/jaxrs/jackson-jaxrs-base/2.13.4/jackson-jaxrs-base-2.13.4.jar:/home/runner/.m2/repository/org/apache/hadoop/hadoop-yarn-client/3.3.6/hadoop-yarn-client-3.3.6.jar:/home/runner/.m2/repository/org/eclipse/jetty/websocket/websocket-client/9.4.51.v20230217/websocket-client-9.4.51.v20230217.jar:/home/runner/.m2/repository/org/eclipse/jetty/websocket/websocket-common/9.4.51.v20230217/websocket-common-9.4.51.v20230217.jar:/home/runner/.m2/repository/org/eclipse/jetty/websocket/websocket-api/9.4.51.v20230217/websocket-api-9.4.51.v20230217.jar:/home/runner/.m2/repository/org/jline/jline/3.9.0/jline-3.9.0.jar:/home/runner/.m2/repository/org/apache/hadoop/hadoop-mapreduce-client-core/3.3.6/hadoop-mapreduce-client-core-3.3.6.jar:/home/runner/.m2/repository/org/apache/avro/avro/1.7.7/avro-1.7.7.jar:/home/runner/.m2/repository/com/thoughtworks/paranamer/paranamer/2.3/paranamer-2.3.jar:/home/runner/.m2/repository/org/apache/hadoop/hadoop-annotations/3.3.6/hadoop-annotations-3.3.6.jar:/usr/lib/jvm/temurin-8-jdk-amd64/jre/../lib/tools.jar:/home/runner/.m2/repository/io/netty/netty/3.10.6.Final/netty-3.10.6.Final.jar:/home/runner/.m2/repository/org/apache/hadoop/hadoop-distcp/3.3.6/hadoop-distcp-3.3.6-tests.jar:/home/runner/.m2/repository/org/hamcrest/hamcrest/2.2/hamcrest-2.2.jar:/home/runner/.m2/repository/org/slf4j/jul-to-slf4j/2.0.10/jul-to-slf4j-2.0.10.jar:/home/runner/work/ozone/ozone/hadoop-ozone/integration-test/target/gradle-enterprise/test-listeners.jar:"/>
    <property name="sun.cpu.endian" value="little"/>
    <property name="user.home" value="/home/runner"/>
    <property name="user.language" value="en"/>
    <property name="java.specification.vendor" value="Oracle Corporation"/>
    <property name="java.home" value="/usr/lib/jvm/temurin-8-jdk-amd64/jre"/>
    <property name="java.security.krb5.conf" value="/home/runner/work/ozone/ozone/hadoop-ozone/integration-test/target/test-classes/krb5.conf"/>
    <property name="file.separator" value="/"/>
    <property name="basedir" value="/home/runner/work/ozone/ozone/hadoop-ozone/integration-test"/>
    <property name="line.separator" value="&#10;"/>
    <property name="java.vm.specification.vendor" value="Oracle Corporation"/>
    <property name="java.specification.name" value="Java Platform API Specification"/>
    <property name="skip.installnpx" value="true"/>
    <property name="java.awt.graphicsenv" value="sun.awt.X11GraphicsEnvironment"/>
    <property name="surefire.real.class.path" value="/home/runner/work/ozone/ozone/hadoop-ozone/integration-test/target/surefire/surefirebooter3028053006505747245.jar:/home/runner/.m2/repository/org/jacoco/org.jacoco.agent/0.8.11/org.jacoco.agent-0.8.11-runtime.jar"/>
    <property name="sun.boot.class.path" value="/usr/lib/jvm/temurin-8-jdk-amd64/jre/lib/resources.jar:/usr/lib/jvm/temurin-8-jdk-amd64/jre/lib/rt.jar:/usr/lib/jvm/temurin-8-jdk-amd64/jre/lib/sunrsasign.jar:/usr/lib/jvm/temurin-8-jdk-amd64/jre/lib/jsse.jar:/usr/lib/jvm/temurin-8-jdk-amd64/jre/lib/jce.jar:/usr/lib/jvm/temurin-8-jdk-amd64/jre/lib/charsets.jar:/usr/lib/jvm/temurin-8-jdk-amd64/jre/lib/jfr.jar:/usr/lib/jvm/temurin-8-jdk-amd64/jre/classes"/>
    <property name="hadoop.log.dir" value="/home/runner/work/ozone/ozone/hadoop-ozone/integration-test/target/log"/>
    <property name="sun.management.compiler" value="HotSpot 64-Bit Tiered Compilers"/>
    <property name="java.runtime.version" value="1.8.0_402-b06"/>
    <property name="skip.npx" value="true"/>
    <property name="user.name" value="runner"/>
    <property name="java.net.preferIPv4Stack" value="true"/>
    <property name="path.separator" value=":"/>
    <property name="java.security.egd" value="file:///dev/urandom"/>
    <property name="os.version" value="5.15.0-1056-azure"/>
    <property name="java.endorsed.dirs" value="/usr/lib/jvm/temurin-8-jdk-amd64/jre/lib/endorsed"/>
    <property name="java.runtime.name" value="OpenJDK Runtime Environment"/>
    <property name="com.gradle.maven.scan.extension.test.listener.junitplatform.NestedExecutionSafeDelegatingTestExecutionListener" value="1187c9e8"/>
    <property name="file.encoding" value="UTF-8"/>
    <property name="java.vm.name" value="OpenJDK 64-Bit Server VM"/>
    <property name="test.build.webapps" value=""/>
    <property name="localRepository" value="/home/runner/.m2/repository"/>
    <property name="gradle.enterprise.listener.port" value="36935"/>
    <property name="jetty.git.hash" value="27bde00a0b95a1d5bbee0eae7984f891d2d0f8c9"/>
    <property name="java.vendor.url.bug" value="https://github.com/adoptium/adoptium-support/issues"/>
    <property name="require.test.libhadoop" value=""/>
    <property name="java.io.tmpdir" value="/tmp"/>
    <property name="java.version" value="1.8.0_402"/>
    <property name="user.dir" value="/home/runner/work/ozone/ozone/hadoop-ozone/integration-test"/>
    <property name="os.arch" value="amd64"/>
    <property name="test.build.classes" value="/home/runner/work/ozone/ozone/hadoop-ozone/integration-test/target/test-classes"/>
    <property name="java.vm.specification.name" value="Java Virtual Machine Specification"/>
    <property name="java.awt.printerjob" value="sun.print.PSPrinterJob"/>
    <property name="sun.os.patch.level" value="unknown"/>
    <property name="org.apache.ratis.thirdparty.io.netty.allocator.useCacheForAllThreads" value="false"/>
    <property name="hadoop.tmp.dir" value="/home/runner/work/ozone/ozone/hadoop-ozone/integration-test/target/tmp"/>
    <property name="java.library.path" value="/usr/java/packages/lib/amd64:/usr/lib64:/lib64:/lib:/usr/lib"/>
    <property name="java.vendor" value="Temurin"/>
    <property name="java.vm.info" value="mixed mode"/>
    <property name="java.vm.version" value="25.402-b06"/>
    <property name="java.specification.maintenance.version" value="5"/>
    <property name="sun.io.unicode.encoding" value="UnicodeLittle"/>
    <property name="java.ext.dirs" value="/usr/lib/jvm/temurin-8-jdk-amd64/jre/lib/ext:/usr/java/packages/lib/ext"/>
    <property name="java.class.version" value="52.0"/>
  </properties>
  <testcase name="testContainerRecoveryOverReplicationProcessing" classname="org.apache.hadoop.ozone.container.TestECContainerRecovery" time="33.843">
    <system-out><![CDATA[2024-02-22 20:33:26,837 [main] WARN  server.ServerUtils (ServerUtils.java:getScmDbDir(143)) - ozone.scm.db.dirs is not configured. We recommend adding this setting. Falling back to ozone.metadata.dirs instead.
2024-02-22 20:33:27,098 [main] WARN  server.ServerUtils (ServerUtils.java:getScmDbDir(143)) - ozone.scm.db.dirs is not configured. We recommend adding this setting. Falling back to ozone.metadata.dirs instead.
2024-02-22 20:33:27,102 [main] INFO  ha.SCMHANodeDetails (SCMHANodeDetails.java:loadSCMHAConfig(207)) - ServiceID for StorageContainerManager is null
2024-02-22 20:33:27,110 [main] WARN  ha.SCMHANodeDetails (SCMHANodeDetails.java:validateSCMHAConfig(180)) - Default/Configured value of config ozone.scm.ratis.enable conflicts with the expected value. Default/Configured: true. Expected: false. Falling back to the expected value. Current State of SCM: SCM is running without Ratis. Ratis SCM -> Non Ratis SCM is not supported.
2024-02-22 20:33:27,111 [main] INFO  ha.SCMHANodeDetails (SCMHANodeDetails.java:loadSCMHAConfig(212)) - ozone.scm.default.service.id is not defined, falling back to ozone.scm.service.ids to find serviceID for StorageContainerManager if it is HA enabled cluster
2024-02-22 20:33:27,699 [main] WARN  utils.HAUtils (HAUtils.java:getMetaDir(339)) - ozone.scm.db.dirs is not configured. We recommend adding this setting. Falling back to ozone.metadata.dirs instead.
2024-02-22 20:33:27,815 [main] WARN  db.DBStoreBuilder (DBStoreBuilder.java:applyDBDefinition(171)) - ozone.scm.db.dirs is not configured. We recommend adding this setting. Falling back to ozone.metadata.dirs instead.
2024-02-22 20:33:27,825 [main] INFO  utils.LeakDetector (LeakDetector.java:start(73)) - Starting leak detector thread ManagedRocksObject0.
2024-02-22 20:33:28,014 [main] INFO  net.NodeSchemaLoader (NodeSchemaLoader.java:loadSchemaFromFile(129)) - Loading schema from [jar:file:/home/runner/.m2/repository/org/apache/ozone/hdds-common/1.5.0-SNAPSHOT/hdds-common-1.5.0-SNAPSHOT.jar!/network-topology-default.xml]
2024-02-22 20:33:28,016 [main] INFO  net.NodeSchemaLoader (NodeSchemaLoader.java:loadSchema(176)) - Loading network topology layer schema file
2024-02-22 20:33:28,053 [main] INFO  metrics.MetricRegistries (MetricRegistriesLoader.java:load(64)) - Loaded MetricRegistries class org.apache.ratis.metrics.dropwizard3.Dm3MetricRegistriesImpl
2024-02-22 20:33:28,066 [main] INFO  upgrade.AbstractLayoutVersionManager (AbstractLayoutVersionManager.java:init(83)) - Initializing Layout version manager with metadata layout = HADOOP_PRC_PORTS_IN_DATANODEDETAILS (version = 7), software layout = HADOOP_PRC_PORTS_IN_DATANODEDETAILS (version = 7)
2024-02-22 20:33:28,236 [main] INFO  ha.SequenceIdGenerator (SequenceIdGenerator.java:upgradeToSequenceId(370)) - upgrade localId to 113750153625600000
2024-02-22 20:33:28,238 [main] INFO  ha.SequenceIdGenerator (SequenceIdGenerator.java:upgradeToSequenceId(380)) - upgrade delTxnId to 0
2024-02-22 20:33:28,245 [main] INFO  ha.SequenceIdGenerator (SequenceIdGenerator.java:upgradeToSequenceId(397)) - upgrade containerId to 0
2024-02-22 20:33:28,248 [main] INFO  ha.SequenceIdGenerator (SequenceIdGenerator.java:upgradeToCertificateSequenceId(444)) - upgrade CertificateId to 2
2024-02-22 20:33:28,250 [main] INFO  ha.SequenceIdGenerator (SequenceIdGenerator.java:<init>(241)) - Init the HA SequenceIdGenerator.
2024-02-22 20:33:28,290 [main] WARN  server.ServerUtils (ServerUtils.java:sanitizeUserArgs(73)) - ozone.scm.stale.node.interval value = 1000 is smaller than min = 1500 based on the key value of hdds.heartbeat.interval, reset to the min value 1500.
2024-02-22 20:33:28,290 [main] WARN  server.ServerUtils (ServerUtils.java:sanitizeUserArgs(73)) - ozone.scm.stale.node.interval value = 1000 is smaller than min = 1500 based on the key value of hdds.heartbeat.interval, reset to the min value 1500.
2024-02-22 20:33:28,291 [main] WARN  server.ServerUtils (ServerUtils.java:sanitizeUserArgs(73)) - ozone.scm.dead.node.interval value = 1000 is smaller than min = 3000 based on the key value of ozone.scm.stale.node.interval, reset to the min value 3000.
2024-02-22 20:33:28,295 [main] INFO  node.SCMNodeManager (SCMNodeManager.java:<init>(177)) - Entering startup safe mode.
2024-02-22 20:33:28,306 [main] INFO  algorithms.ContainerPlacementPolicyFactory (ContainerPlacementPolicyFactory.java:getPolicyInternal(86)) - Create container placement policy of type org.apache.hadoop.hdds.scm.container.placement.algorithms.SCMContainerPlacementRackAware
2024-02-22 20:33:28,309 [main] INFO  algorithms.ContainerPlacementPolicyFactory (ContainerPlacementPolicyFactory.java:getPolicyInternal(86)) - Create container placement policy of type org.apache.hadoop.hdds.scm.container.placement.algorithms.SCMContainerPlacementRackScatter
2024-02-22 20:33:28,315 [main] INFO  pipeline.PipelineStateManagerImpl (PipelineStateManagerImpl.java:initialize(78)) - No pipeline exists in current db
2024-02-22 20:33:28,326 [main] INFO  algorithms.LeaderChoosePolicyFactory (LeaderChoosePolicyFactory.java:getPolicy(57)) - Create leader choose policy of type org.apache.hadoop.hdds.scm.pipeline.leader.choose.algorithms.MinLeaderCountChoosePolicy
2024-02-22 20:33:28,326 [main] INFO  algorithms.ContainerPlacementPolicyFactory (ContainerPlacementPolicyFactory.java:getPolicyInternal(86)) - Create container placement policy of type org.apache.hadoop.hdds.scm.container.placement.algorithms.SCMContainerPlacementRackScatter
2024-02-22 20:33:28,331 [main] INFO  ha.SCMServiceManager (SCMServiceManager.java:register(42)) - Registering service BackgroundPipelineCreator.
2024-02-22 20:33:28,331 [main] INFO  pipeline.BackgroundPipelineCreator (BackgroundPipelineCreator.java:start(127)) - Starting RatisPipelineUtilsThread.
2024-02-22 20:33:28,334 [main] INFO  BackgroundPipelineScrubber (BackgroundSCMService.java:start(65)) - Starting BackgroundPipelineScrubber Service.
2024-02-22 20:33:28,337 [main] INFO  ha.SCMServiceManager (SCMServiceManager.java:register(42)) - Registering service BackgroundPipelineScrubber.
2024-02-22 20:33:28,342 [main] INFO  ExpiredContainerReplicaOpScrubber (BackgroundSCMService.java:start(65)) - Starting ExpiredContainerReplicaOpScrubber Service.
2024-02-22 20:33:28,343 [main] INFO  ha.SCMServiceManager (SCMServiceManager.java:register(42)) - Registering service ExpiredContainerReplicaOpScrubber.
2024-02-22 20:33:28,361 [main] INFO  algorithms.PipelineChoosePolicyFactory (PipelineChoosePolicyFactory.java:createPipelineChoosePolicyFromClass(80)) - Create pipeline choose policy of type org.apache.hadoop.hdds.scm.pipeline.choose.algorithms.RandomPipelineChoosePolicy
2024-02-22 20:33:28,362 [main] INFO  algorithms.PipelineChoosePolicyFactory (PipelineChoosePolicyFactory.java:createPipelineChoosePolicyFromClass(80)) - Create pipeline choose policy of type org.apache.hadoop.hdds.scm.pipeline.choose.algorithms.RandomPipelineChoosePolicy
2024-02-22 20:33:28,382 [main] INFO  ha.SCMServiceManager (SCMServiceManager.java:register(42)) - Registering service SCMBlockDeletingService.
2024-02-22 20:33:28,430 [main] INFO  replication.ReplicationManager (ReplicationManager.java:start(295)) - Starting Replication Monitor Thread.
2024-02-22 20:33:28,431 [main] INFO  ha.SCMServiceManager (SCMServiceManager.java:register(42)) - Registering service ReplicationManager.
2024-02-22 20:33:28,431 [ReplicationMonitor] INFO  replication.ReplicationManager (ReplicationManager.java:processAll(370)) - Replication Manager is not ready to run until 3000ms after safemode exit
2024-02-22 20:33:28,441 [main] INFO  safemode.ContainerSafeModeRule (ContainerSafeModeRule.java:<init>(91)) - containers with one replica threshold count 0
2024-02-22 20:33:28,444 [main] INFO  safemode.HealthyPipelineSafeModeRule (HealthyPipelineSafeModeRule.java:initializeRule(176)) - Total pipeline count is 0, healthy pipeline threshold count is 1
2024-02-22 20:33:28,446 [main] INFO  safemode.OneReplicaPipelineSafeModeRule (OneReplicaPipelineSafeModeRule.java:initializeRule(193)) - Total pipeline count is 0, pipeline's with at least one datanode reported threshold count is 0
2024-02-22 20:33:28,480 [main] INFO  server.StorageContainerManager (StorageContainerManager.java:<init>(440)) - SCM start with adminUsers: [runner]
2024-02-22 20:33:28,729 [main] INFO  audit.AuditLogger (AuditLogger.java:refreshDebugCmdSet(135)) - Refresh DebugCmdSet for SCMAudit to [].
2024-02-22 20:33:28,753 [main] INFO  ipc.CallQueueManager (CallQueueManager.java:<init>(90)) - Using callQueue: class java.util.concurrent.LinkedBlockingQueue, queueCapacity: 10000, scheduler: class org.apache.hadoop.ipc.DefaultRpcScheduler, ipcBackoff: false.
2024-02-22 20:33:28,778 [main] INFO  ipc.Server (Server.java:<init>(1287)) - Listener at 0.0.0.0:15002
2024-02-22 20:33:28,781 [Socket Reader #1 for port 15002] INFO  ipc.Server (Server.java:run(1323)) - Starting Socket Reader #1 for port 15002
2024-02-22 20:33:28,823 [main] INFO  audit.AuditLogger (AuditLogger.java:refreshDebugCmdSet(135)) - Refresh DebugCmdSet for SCMAudit to [].
2024-02-22 20:33:28,828 [main] INFO  ipc.CallQueueManager (CallQueueManager.java:<init>(90)) - Using callQueue: class java.util.concurrent.LinkedBlockingQueue, queueCapacity: 10000, scheduler: class org.apache.hadoop.ipc.DefaultRpcScheduler, ipcBackoff: false.
2024-02-22 20:33:28,829 [main] INFO  ipc.Server (Server.java:<init>(1287)) - Listener at 0.0.0.0:15001
2024-02-22 20:33:28,831 [Socket Reader #1 for port 15001] INFO  ipc.Server (Server.java:run(1323)) - Starting Socket Reader #1 for port 15001
2024-02-22 20:33:28,858 [main] INFO  audit.AuditLogger (AuditLogger.java:refreshDebugCmdSet(135)) - Refresh DebugCmdSet for SCMAudit to [].
2024-02-22 20:33:28,867 [main] INFO  ipc.CallQueueManager (CallQueueManager.java:<init>(90)) - Using callQueue: class java.util.concurrent.LinkedBlockingQueue, queueCapacity: 10000, scheduler: class org.apache.hadoop.ipc.DefaultRpcScheduler, ipcBackoff: false.
2024-02-22 20:33:28,868 [main] INFO  ipc.Server (Server.java:<init>(1287)) - Listener at 0.0.0.0:15000
2024-02-22 20:33:28,870 [Socket Reader #1 for port 15000] INFO  ipc.Server (Server.java:run(1323)) - Starting Socket Reader #1 for port 15000
2024-02-22 20:33:28,925 [main] INFO  ha.SCMServiceManager (SCMServiceManager.java:register(42)) - Registering service ContainerBalancer.
2024-02-22 20:33:28,926 [main] INFO  ha.SCMContext (SCMContext.java:updateSafeModeStatus(225)) - Update SafeModeStatus from SafeModeStatus{safeModeStatus=true, preCheckPassed=false} to SafeModeStatus{safeModeStatus=true, preCheckPassed=false}.
2024-02-22 20:33:28,929 [main] INFO  server.StorageContainerManager (StorageContainerManager.java:start(1545)) - StorageContainerLocationProtocol RPC server is listening at /0.0.0.0:15000
2024-02-22 20:33:28,980 [main] WARN  impl.MetricsConfig (MetricsConfig.java:loadFirst(136)) - Cannot locate configuration: tried hadoop-metrics2-storagecontainermanager.properties,hadoop-metrics2.properties
2024-02-22 20:33:28,991 [main] INFO  impl.MetricsSystemImpl (MetricsSystemImpl.java:startTimer(378)) - Scheduled Metric snapshot period at 10 second(s).
2024-02-22 20:33:28,992 [main] INFO  impl.MetricsSystemImpl (MetricsSystemImpl.java:start(191)) - StorageContainerManager metrics system started
2024-02-22 20:33:29,191 [main] INFO  server.SCMClientProtocolServer (SCMClientProtocolServer.java:start(204)) - RPC server for Client  is listening at /0.0.0.0:15000
2024-02-22 20:33:29,191 [IPC Server Responder] INFO  ipc.Server (Server.java:run(1562)) - IPC Server Responder: starting
2024-02-22 20:33:29,192 [IPC Server listener on 15000] INFO  ipc.Server (Server.java:run(1402)) - IPC Server listener on 15000: starting
2024-02-22 20:33:29,219 [main] INFO  server.StorageContainerManager (StorageContainerManager.java:start(1558)) - ScmBlockLocationProtocol RPC server is listening at /0.0.0.0:15001
2024-02-22 20:33:29,220 [main] INFO  server.SCMBlockProtocolServer (SCMBlockProtocolServer.java:start(160)) - RPC server for Block Protocol is listening at /0.0.0.0:15001
2024-02-22 20:33:29,220 [IPC Server listener on 15001] INFO  ipc.Server (Server.java:run(1402)) - IPC Server listener on 15001: starting
2024-02-22 20:33:29,220 [IPC Server Responder] INFO  ipc.Server (Server.java:run(1562)) - IPC Server Responder: starting
2024-02-22 20:33:29,229 [main] INFO  server.SCMDatanodeProtocolServer (SCMDatanodeProtocolServer.java:start(194)) - ScmDatanodeProtocol RPC server for DataNodes is listening at /0.0.0.0:15002
2024-02-22 20:33:29,229 [IPC Server Responder] INFO  ipc.Server (Server.java:run(1562)) - IPC Server Responder: starting
2024-02-22 20:33:29,230 [IPC Server listener on 15002] INFO  ipc.Server (Server.java:run(1402)) - IPC Server listener on 15002: starting
2024-02-22 20:33:29,243 [JvmPauseMonitor0] INFO  util.JvmPauseMonitor (JvmPauseMonitor.java:run(146)) - JvmPauseMonitor-d73cb5f4-d81c-408c-9273-ee1384f9cf38: Started
2024-02-22 20:33:29,251 [main] INFO  http.BaseHttpServer (BaseHttpServer.java:newHttpServer2BuilderForOzone(223)) - Starting Web-server for scm at: http://0.0.0.0:15003
2024-02-22 20:33:29,251 [main] INFO  http.BaseHttpServer (BaseHttpServer.java:<init>(110)) - Hadoop Security Enabled: false Ozone Security Enabled: false Ozone HTTP Security Enabled: false 
2024-02-22 20:33:29,269 [main] INFO  util.log (Log.java:initialized(170)) - Logging initialized @3651ms to org.eclipse.jetty.util.log.Slf4jLog
2024-02-22 20:33:29,354 [main] WARN  server.AuthenticationFilter (AuthenticationFilter.java:constructSecretProvider(240)) - Unable to initialize FileSignerSecretProvider, falling back to use random secrets. Reason: Could not read signature secret file: /home/runner/hadoop-http-auth-signature-secret
2024-02-22 20:33:29,360 [main] INFO  http.HttpRequestLog (HttpRequestLog.java:getRequestLog(86)) - Http request log for http.requests.scm is not defined
2024-02-22 20:33:29,365 [main] INFO  http.HttpServer2 (HttpServer2.java:addGlobalFilter(1036)) - Added global filter 'safety' (class=org.apache.hadoop.hdds.server.http.HttpServer2$QuotingInputFilter)
2024-02-22 20:33:29,368 [main] INFO  http.HttpServer2 (HttpServer2.java:addFilter(1012)) - Added filter static_user_filter (class=org.apache.hadoop.http.lib.StaticUserWebFilter$StaticUserFilter) to context scm
2024-02-22 20:33:29,368 [main] INFO  http.HttpServer2 (HttpServer2.java:addFilter(1020)) - Added filter static_user_filter (class=org.apache.hadoop.http.lib.StaticUserWebFilter$StaticUserFilter) to context static
2024-02-22 20:33:29,368 [main] INFO  http.HttpServer2 (HttpServer2.java:addFilter(1020)) - Added filter static_user_filter (class=org.apache.hadoop.http.lib.StaticUserWebFilter$StaticUserFilter) to context logs
2024-02-22 20:33:29,399 [main] INFO  http.BaseHttpServer (BaseHttpServer.java:<init>(189)) - HTTP server of scm uses base directory /home/runner/work/ozone/ozone/hadoop-ozone/integration-test/target/test-dir/MiniOzoneClusterImpl-a0fc024b-a492-45a5-9697-b0d14f72cb5c/ozone-meta/webserver
2024-02-22 20:33:29,400 [main] INFO  http.HttpServer2 (HttpServer2.java:bindListener(1236)) - Jetty bound to port 15003
2024-02-22 20:33:29,401 [main] INFO  server.Server (Server.java:doStart(375)) - jetty-9.4.53.v20231009; built: 2023-10-09T12:29:09.265Z; git: 27bde00a0b95a1d5bbee0eae7984f891d2d0f8c9; jvm 1.8.0_402-b06
2024-02-22 20:33:29,423 [main] INFO  server.session (DefaultSessionIdManager.java:doStart(334)) - DefaultSessionIdManager workerName=node0
2024-02-22 20:33:29,424 [main] INFO  server.session (DefaultSessionIdManager.java:doStart(339)) - No SessionScavenger set, using defaults
2024-02-22 20:33:29,425 [main] INFO  server.session (HouseKeeper.java:startScavenging(132)) - node0 Scavenging every 660000ms
2024-02-22 20:33:29,438 [main] INFO  handler.ContextHandler (ContextHandler.java:doStart(921)) - Started o.e.j.s.ServletContextHandler@4a5cddd9{logs,/logs,file:///home/runner/work/ozone/ozone/hadoop-ozone/integration-test/target/log,AVAILABLE}
2024-02-22 20:33:29,438 [main] INFO  handler.ContextHandler (ContextHandler.java:doStart(921)) - Started o.e.j.s.ServletContextHandler@3bbab2c9{static,/static,file:///home/runner/work/ozone/ozone/hadoop-ozone/integration-test/target/test-classes/webapps/static,AVAILABLE}
2024-02-22 20:33:29,470 [main] INFO  handler.ContextHandler (ContextHandler.java:doStart(921)) - Started o.e.j.w.WebAppContext@2a2cdba0{scm,/,file:///home/runner/work/ozone/ozone/hadoop-ozone/integration-test/target/test-classes/webapps/scm/,AVAILABLE}{file:/home/runner/work/ozone/ozone/hadoop-ozone/integration-test/target/test-classes/webapps/scm}
2024-02-22 20:33:29,475 [main] INFO  server.AbstractConnector (AbstractConnector.java:doStart(333)) - Started ServerConnector@724e483f{HTTP/1.1, (http/1.1)}{0.0.0.0:15003}
2024-02-22 20:33:29,476 [main] INFO  server.Server (Server.java:doStart(415)) - Started @3857ms
2024-02-22 20:33:29,477 [main] INFO  impl.MetricsSinkAdapter (MetricsSinkAdapter.java:start(204)) - Sink prometheus started
2024-02-22 20:33:29,478 [main] INFO  impl.MetricsSystemImpl (MetricsSystemImpl.java:registerSink(305)) - Registered sink prometheus
2024-02-22 20:33:29,479 [main] INFO  http.BaseHttpServer (BaseHttpServer.java:updateConnectorAddress(354)) - HTTP server of scm listening at http://0.0.0.0:15003
2024-02-22 20:33:29,481 [main] WARN  server.ServerUtils (ServerUtils.java:getDBPath(299)) - ozone.om.db.dirs is not configured. We recommend adding this setting. Falling back to ozone.metadata.dirs instead.
2024-02-22 20:33:29,543 [main] INFO  audit.AuditLogger (AuditLogger.java:refreshDebugCmdSet(135)) - Refresh DebugCmdSet for OMAudit to [].
2024-02-22 20:33:29,616 [main] INFO  ha.OMHANodeDetails (OMHANodeDetails.java:loadOMHAConfig(115)) - ozone.om.internal.service.id is not defined, falling back to ozone.om.service.ids to find serviceID for OzoneManager if it is HA enabled cluster
2024-02-22 20:33:29,619 [main] INFO  ha.OMHANodeDetails (OMHANodeDetails.java:loadOMHAConfig(226)) - Configuration does not have ozone.om.address set. Falling back to the default OM address /127.0.0.1:15004
2024-02-22 20:33:29,620 [main] INFO  ha.OMHANodeDetails (OMHANodeDetails.java:getOMNodeDetailsForNonHA(254)) - OM Service ID is not set. Setting it to the default ID: omServiceIdDefault
2024-02-22 20:33:29,620 [main] INFO  ha.OMHANodeDetails (OMHANodeDetails.java:getOMNodeDetailsForNonHA(261)) - OM Node ID is not set. Setting it to the default ID: om1
2024-02-22 20:33:29,624 [main] WARN  server.ServerUtils (ServerUtils.java:getDBPath(299)) - ozone.om.db.dirs is not configured. We recommend adding this setting. Falling back to ozone.metadata.dirs instead.
2024-02-22 20:33:29,627 [main] INFO  upgrade.AbstractLayoutVersionManager (AbstractLayoutVersionManager.java:init(83)) - Initializing Layout version manager with metadata layout = QUOTA (version = 6), software layout = QUOTA (version = 6)
2024-02-22 20:33:29,706 [main] INFO  upgrade.OMLayoutVersionManager (OMLayoutVersionManager.java:lambda$0(113)) - Skipping Upgrade Action MockOmUpgradeAction since it has been finalized.
2024-02-22 20:33:29,706 [main] INFO  upgrade.OMLayoutVersionManager (OMLayoutVersionManager.java:lambda$0(113)) - Skipping Upgrade Action QuotaRepairUpgradeAction since it has been finalized.
2024-02-22 20:33:29,708 [main] WARN  server.ServerUtils (ServerUtils.java:getDBPath(299)) - ozone.om.db.dirs is not configured. We recommend adding this setting. Falling back to ozone.metadata.dirs instead.
2024-02-22 20:33:29,871 [main] INFO  proxy.SCMBlockLocationFailoverProxyProvider (SCMBlockLocationFailoverProxyProvider.java:<init>(115)) - Created block location fail-over proxy with 1 nodes: [nodeId=scmNodeId,nodeAddress=/0.0.0.0:15001]
2024-02-22 20:33:29,906 [main] INFO  proxy.SCMBlockLocationFailoverProxyProvider (SCMBlockLocationFailoverProxyProvider.java:<init>(115)) - Created block location fail-over proxy with 1 nodes: [nodeId=scmNodeId,nodeAddress=/0.0.0.0:15001]
2024-02-22 20:33:30,065 [main] INFO  om.OzoneManager (OzoneManager.java:<init>(672)) - OM start with adminUsers: [runner]
2024-02-22 20:33:30,095 [main] WARN  server.ServerUtils (ServerUtils.java:getDBPath(299)) - ozone.om.db.dirs is not configured. We recommend adding this setting. Falling back to ozone.metadata.dirs instead.
2024-02-22 20:33:30,122 [main] INFO  helpers.OmKeyInfo (OmKeyInfo.java:getCodec(71)) - OmKeyInfo.getCodec ignorePipeline = true
2024-02-22 20:33:30,347 [main] INFO  om.OzoneManager (OzoneManager.java:instantiateServices(804)) - S3 Multi-Tenancy is disabled
2024-02-22 20:33:30,373 [main] INFO  om.OmSnapshotManager (OmSnapshotManager.java:<init>(177)) - Ozone filesystem snapshot feature is enabled.
2024-02-22 20:33:30,380 [main] WARN  server.ServerUtils (ServerUtils.java:getDBPath(299)) - ozone.om.snapshot.diff.db.dir is not configured. We recommend adding this setting. Falling back to ozone.metadata.dirs instead.
2024-02-22 20:33:30,409 [main] INFO  utils.NativeLibraryLoader (NativeLibraryLoader.java:loadLibrary(108)) - Loading Library: ozone_rocksdb_tools
2024-02-22 20:33:30,410 [main] INFO  snapshot.SnapshotDiffManager (SnapshotDiffManager.java:closeExecutorService(1684)) - Shutting down executorService: 'SstDumpToolExecutor'
2024-02-22 20:33:30,457 [main] INFO  om.OzoneManager (OzoneManager.java:addS3GVolumeToDB(4425)) - Created Volume s3v With Owner runner required for S3Gateway operations.
2024-02-22 20:33:30,512 [main] WARN  server.ServerUtils (ServerUtils.java:getDefaultRatisDirectory(311)) - Storage directory for Ratis is not configured. It is a good idea to map this to an SSD disk. Falling back to ozone.metadata.dirs
2024-02-22 20:33:30,513 [main] WARN  utils.OzoneManagerRatisUtils (OzoneManagerRatisUtils.java:getOMRatisSnapshotDirectory(476)) - ozone.om.ratis.snapshot.dir is not configured. Falling back to ozone.metadata.dirs config
2024-02-22 20:33:30,525 [main] WARN  server.ServerUtils (ServerUtils.java:getDefaultRatisDirectory(311)) - Storage directory for Ratis is not configured. It is a good idea to map this to an SSD disk. Falling back to ozone.metadata.dirs
2024-02-22 20:33:30,540 [main] INFO  ratis.OzoneManagerRatisServer (OzoneManagerRatisServer.java:<init>(167)) - Instantiating OM Ratis server with groupID: omServiceIdDefault and peers: localhost:15007
2024-02-22 20:33:30,547 [main] INFO  ratis.OzoneManagerStateMachine (OzoneManagerStateMachine.java:loadSnapshotInfoFromDB(576)) - TransactionInfo not found in OM DB.
2024-02-22 20:33:30,593 [main] INFO  server.RaftServer (ConfUtils.java:logGet(46)) - raft.rpc.type = GRPC (default)
2024-02-22 20:33:30,600 [main] INFO  grpc.GrpcConfigKeys (ConfUtils.java:logFallback(53)) - raft.grpc.admin.host = null (fallback to raft.grpc.server.host)
2024-02-22 20:33:30,600 [main] INFO  grpc.GrpcConfigKeys (ConfUtils.java:logFallback(53)) - raft.grpc.admin.port = 15007 (fallback to raft.grpc.server.port)
2024-02-22 20:33:30,601 [main] INFO  grpc.GrpcConfigKeys (ConfUtils.java:logFallback(53)) - raft.grpc.client.host = null (fallback to raft.grpc.server.host)
2024-02-22 20:33:30,601 [main] INFO  grpc.GrpcConfigKeys (ConfUtils.java:logFallback(53)) - raft.grpc.client.port = 15007 (fallback to raft.grpc.server.port)
2024-02-22 20:33:30,602 [main] INFO  grpc.GrpcConfigKeys (ConfUtils.java:logGet(46)) - raft.grpc.server.host = null (default)
2024-02-22 20:33:30,602 [main] INFO  grpc.GrpcConfigKeys (ConfUtils.java:logGet(46)) - raft.grpc.server.port = 15007 (custom)
2024-02-22 20:33:30,603 [main] INFO  server.GrpcService (ConfUtils.java:logGet(46)) - raft.grpc.message.size.max = 4194304 (custom)
2024-02-22 20:33:30,604 [main] INFO  server.RaftServerConfigKeys (ConfUtils.java:logGet(46)) - raft.server.log.appender.buffer.byte-limit = 4194304 (custom)
2024-02-22 20:33:30,604 [main] INFO  server.GrpcService (ConfUtils.java:logGet(46)) - raft.grpc.flow.control.window = 1MB (=1048576) (default)
2024-02-22 20:33:30,605 [main] INFO  server.RaftServerConfigKeys (ConfUtils.java:logGet(46)) - raft.server.rpc.request.timeout = 3000ms (default)
2024-02-22 20:33:30,614 [main] INFO  grpc.GrpcConfigKeys (ConfUtils.java:logGet(46)) - raft.grpc.server.heartbeat.channel = true (default)
2024-02-22 20:33:30,617 [main] INFO  grpc.GrpcConfigKeys (ConfUtils.java:logGet(46)) - raft.grpc.server.async.request.thread.pool.cached = true (default)
2024-02-22 20:33:30,617 [main] INFO  grpc.GrpcConfigKeys (ConfUtils.java:logGet(46)) - raft.grpc.server.async.request.thread.pool.size = 32 (default)
2024-02-22 20:33:30,868 [main] INFO  impl.DataStreamServerImpl (ConfUtils.java:logGet(46)) - raft.datastream.type = DISABLED (default)
2024-02-22 20:33:30,869 [main] INFO  server.RaftServerConfigKeys (ConfUtils.java:logGet(46)) - raft.server.sleep.deviation.threshold = 300ms (default)
2024-02-22 20:33:30,870 [main] INFO  server.RaftServerConfigKeys (ConfUtils.java:logGet(46)) - raft.server.close.threshold = 60s (default)
2024-02-22 20:33:30,870 [main] INFO  server.RaftServerConfigKeys (ConfUtils.java:logGet(46)) - raft.server.leaderelection.leader.step-down.wait-time = 10s (default)
2024-02-22 20:33:30,871 [main] INFO  server.RaftServerConfigKeys (ConfUtils.java:logGet(46)) - raft.server.storage.dir = [/home/runner/work/ozone/ozone/hadoop-ozone/integration-test/target/test-dir/MiniOzoneClusterImpl-a0fc024b-a492-45a5-9697-b0d14f72cb5c/ozone-meta/ratis] (custom)
2024-02-22 20:33:30,872 [main] INFO  server.RaftServerConfigKeys (ConfUtils.java:logGet(46)) - raft.server.threadpool.proxy.cached = true (default)
2024-02-22 20:33:30,873 [main] INFO  server.RaftServerConfigKeys (ConfUtils.java:logGet(46)) - raft.server.threadpool.proxy.size = 0 (default)
2024-02-22 20:33:30,878 [main] INFO  server.RaftServer (RaftServerProxy.java:addNew(100)) - om1: addNew group-C5BA1605619E:[om1|localhost:15007] returns group-C5BA1605619E:java.util.concurrent.CompletableFuture@731fd11e[Not completed]
2024-02-22 20:33:30,878 [main] INFO  om.OzoneManager (OzoneManager.java:initializeRatisServer(2140)) - OzoneManager Ratis server initialized at port 15007
2024-02-22 20:33:30,881 [main] INFO  om.OzoneManager (OzoneManager.java:getRpcServer(1206)) - Creating RPC Server
2024-02-22 20:33:30,886 [om1-groupManagement] INFO  server.RaftServer$Division (RaftServerImpl.java:<init>(256)) - om1: new RaftServerImpl for group-C5BA1605619E:[om1|localhost:15007] with OzoneManagerStateMachine:uninitialized
2024-02-22 20:33:30,887 [om1-groupManagement] INFO  server.RaftServerConfigKeys (ConfUtils.java:logGet(46)) - raft.server.rpc.timeout.min = 1s (custom)
2024-02-22 20:33:30,888 [om1-groupManagement] INFO  server.RaftServerConfigKeys (ConfUtils.java:logGet(46)) - raft.server.rpc.timeout.max = 1200ms (custom)
2024-02-22 20:33:30,888 [om1-groupManagement] INFO  server.RaftServerConfigKeys (ConfUtils.java:logGet(46)) - raft.server.rpc.sleep.time = 25ms (default)
2024-02-22 20:33:30,888 [om1-groupManagement] INFO  server.RaftServerConfigKeys (ConfUtils.java:logGet(46)) - raft.server.rpc.slowness.timeout = 120s (custom)
2024-02-22 20:33:30,889 [om1-groupManagement] INFO  server.RaftServerConfigKeys (ConfUtils.java:logGet(46)) - raft.server.leaderelection.leader.step-down.wait-time = 10s (default)
2024-02-22 20:33:30,889 [om1-groupManagement] INFO  server.RaftServerConfigKeys (ConfUtils.java:logGet(46)) - raft.server.leaderelection.member.majority-add = false (default)
2024-02-22 20:33:30,889 [om1-groupManagement] INFO  server.RaftServerConfigKeys (ConfUtils.java:logGet(46)) - raft.server.sleep.deviation.threshold = 300ms (default)
2024-02-22 20:33:30,895 [om1-groupManagement] INFO  server.RaftServer$Division (ServerState.java:<init>(113)) - om1@group-C5BA1605619E: ConfigurationManager, init=-1: peers:[om1|localhost:15007]|listeners:[], old=null, confs=<EMPTY_MAP>
2024-02-22 20:33:30,900 [om1-groupManagement] INFO  server.RaftServerConfigKeys (ConfUtils.java:logGet(46)) - raft.server.notification.no-leader.timeout = 120s (custom)
2024-02-22 20:33:30,903 [om1-groupManagement] INFO  server.RaftServerConfigKeys (ConfUtils.java:logGet(46)) - raft.server.read.timeout = 10s (default)
2024-02-22 20:33:30,910 [om1-groupManagement] INFO  server.RaftServerConfigKeys (ConfUtils.java:logGet(46)) - raft.server.retrycache.expirytime = 300s (custom)
2024-02-22 20:33:30,910 [om1-groupManagement] INFO  server.RaftServerConfigKeys (ConfUtils.java:logGet(46)) - raft.server.retrycache.statistics.expirytime = 100ms (default)
2024-02-22 20:33:30,913 [om1-groupManagement] INFO  server.RaftServerConfigKeys (ConfUtils.java:logGet(46)) - raft.server.read.option = DEFAULT (default)
2024-02-22 20:33:30,914 [om1-groupManagement] INFO  server.RaftServerConfigKeys (ConfUtils.java:logGet(46)) - raft.server.read.read-after-write-consistent.write-index-cache.expiry-time = 60s (default)
2024-02-22 20:33:30,966 [om1-groupManagement] INFO  server.RaftServerConfigKeys (ConfUtils.java:logGet(46)) - raft.server.rpc.request.timeout = 3000ms (default)
2024-02-22 20:33:30,982 [om1-groupManagement] INFO  server.RaftServerConfigKeys (ConfUtils.java:logGet(46)) - raft.server.log.appender.install.snapshot.enabled = false (custom)
2024-02-22 20:33:30,982 [om1-groupManagement] INFO  server.RaftServerConfigKeys (ConfUtils.java:logGet(46)) - raft.server.threadpool.server.cached = true (default)
2024-02-22 20:33:30,983 [om1-groupManagement] INFO  server.RaftServerConfigKeys (ConfUtils.java:logGet(46)) - raft.server.threadpool.server.size = 0 (default)
2024-02-22 20:33:30,986 [om1-groupManagement] INFO  server.RaftServerConfigKeys (ConfUtils.java:logGet(46)) - raft.server.threadpool.client.cached = true (default)
2024-02-22 20:33:30,987 [om1-groupManagement] INFO  server.RaftServerConfigKeys (ConfUtils.java:logGet(46)) - raft.server.threadpool.client.size = 0 (default)
2024-02-22 20:33:31,511 [main] INFO  ipc.CallQueueManager (CallQueueManager.java:<init>(90)) - Using callQueue: class java.util.concurrent.LinkedBlockingQueue, queueCapacity: 2000, scheduler: class org.apache.hadoop.ipc.DefaultRpcScheduler, ipcBackoff: false.
2024-02-22 20:33:31,511 [main] INFO  ipc.Server (Server.java:<init>(1287)) - Listener at 127.0.0.1:15004
2024-02-22 20:33:31,512 [Socket Reader #1 for port 15004] INFO  ipc.Server (Server.java:run(1323)) - Starting Socket Reader #1 for port 15004
2024-02-22 20:33:31,539 [main] INFO  impl.MetricsSystemImpl (MetricsSystemImpl.java:init(158)) - OzoneManager metrics system started (again)
2024-02-22 20:33:31,555 [main] INFO  om.OzoneManager (OzoneManager.java:start(1628)) - OzoneManager RPC server is listening at localhost/127.0.0.1:15004
2024-02-22 20:33:31,555 [main] INFO  ratis.OzoneManagerRatisServer (OzoneManagerRatisServer.java:start(588)) - Starting OzoneManagerRatisServer om1 at port 15007
2024-02-22 20:33:31,558 [om1-impl-thread1] INFO  server.RaftServerConfigKeys (ConfUtils.java:logGet(46)) - raft.server.storage.free-space.min = 0MB (=0) (default)
2024-02-22 20:33:31,559 [om1-impl-thread1] INFO  server.RaftServerConfigKeys (ConfUtils.java:logGet(46)) - raft.server.log.corruption.policy = EXCEPTION (default)
2024-02-22 20:33:31,559 [om1-impl-thread1] INFO  server.RaftServerConfigKeys (ConfUtils.java:logGet(46)) - raft.server.storage.dir = [/home/runner/work/ozone/ozone/hadoop-ozone/integration-test/target/test-dir/MiniOzoneClusterImpl-a0fc024b-a492-45a5-9697-b0d14f72cb5c/ozone-meta/ratis] (custom)
2024-02-22 20:33:31,563 [om1-impl-thread1] INFO  storage.RaftStorageDirectory (RaftStorageDirectoryImpl.java:analyzeStorage(138)) - The storage directory /home/runner/work/ozone/ozone/hadoop-ozone/integration-test/target/test-dir/MiniOzoneClusterImpl-a0fc024b-a492-45a5-9697-b0d14f72cb5c/ozone-meta/ratis/bf265839-605b-3f16-9796-c5ba1605619e does not exist. Creating ...
2024-02-22 20:33:31,566 [om1-impl-thread1] INFO  storage.RaftStorageDirectory (RaftStorageDirectoryImpl.java:tryLock(228)) - Lock on /home/runner/work/ozone/ozone/hadoop-ozone/integration-test/target/test-dir/MiniOzoneClusterImpl-a0fc024b-a492-45a5-9697-b0d14f72cb5c/ozone-meta/ratis/bf265839-605b-3f16-9796-c5ba1605619e/in_use.lock acquired by nodename 30552@fv-az779-213
2024-02-22 20:33:31,572 [om1-impl-thread1] INFO  storage.RaftStorage (RaftStorageImpl.java:format(99)) - Storage directory /home/runner/work/ozone/ozone/hadoop-ozone/integration-test/target/test-dir/MiniOzoneClusterImpl-a0fc024b-a492-45a5-9697-b0d14f72cb5c/ozone-meta/ratis/bf265839-605b-3f16-9796-c5ba1605619e has been successfully formatted.
2024-02-22 20:33:31,572 [om1-impl-thread1] WARN  util.FileUtils (LogUtils.java:supplyAndLog(63)) - Failed to Files.newInputStream /home/runner/work/ozone/ozone/hadoop-ozone/integration-test/target/test-dir/MiniOzoneClusterImpl-a0fc024b-a492-45a5-9697-b0d14f72cb5c/ozone-meta/ratis/bf265839-605b-3f16-9796-c5ba1605619e/current/raft-meta.conf with options []: java.nio.file.NoSuchFileException: /home/runner/work/ozone/ozone/hadoop-ozone/integration-test/target/test-dir/MiniOzoneClusterImpl-a0fc024b-a492-45a5-9697-b0d14f72cb5c/ozone-meta/ratis/bf265839-605b-3f16-9796-c5ba1605619e/current/raft-meta.conf
2024-02-22 20:33:31,575 [om1-impl-thread1] INFO  server.RaftServerConfigKeys (ConfUtils.java:logGet(46)) - raft.server.log.use.memory = false (default)
2024-02-22 20:33:31,582 [om1-impl-thread1] INFO  server.RaftServerConfigKeys (ConfUtils.java:logGet(46)) - raft.server.log.purge.gap = 1000000 (custom)
2024-02-22 20:33:31,582 [om1-impl-thread1] INFO  server.RaftServerConfigKeys (ConfUtils.java:logGet(46)) - raft.server.log.appender.buffer.byte-limit = 4194304 (custom)
2024-02-22 20:33:31,584 [om1-impl-thread1] INFO  server.RaftServerConfigKeys (ConfUtils.java:logGet(46)) - raft.server.log.statemachine.data.read.timeout = 1000ms (default)
2024-02-22 20:33:31,584 [om1-impl-thread1] INFO  server.RaftServerConfigKeys (ConfUtils.java:logGet(46)) - raft.server.log.purge.preservation.log.num = 0 (default)
2024-02-22 20:33:31,588 [om1-impl-thread1] INFO  server.RaftServerConfigKeys (ConfUtils.java:logGet(46)) - raft.server.log.segment.size.max = 4194304 (custom)
2024-02-22 20:33:31,593 [om1-impl-thread1] INFO  server.RaftServerConfigKeys (ConfUtils.java:logGet(46)) - raft.server.log.segment.cache.num.max = 2 (custom)
2024-02-22 20:33:31,593 [om1-impl-thread1] INFO  server.RaftServerConfigKeys (ConfUtils.java:logGet(46)) - raft.server.log.segment.cache.size.max = 200MB (=209715200) (default)
2024-02-22 20:33:31,593 [om1-impl-thread1] INFO  server.RaftServerConfigKeys (ConfUtils.java:logGet(46)) - raft.server.log.appender.buffer.byte-limit = 4194304 (custom)
2024-02-22 20:33:31,595 [om1-impl-thread1] INFO  util.AwaitToRun (AwaitToRun.java:start(81)) - Thread[om1@group-C5BA1605619E-cacheEviction-AwaitToRun,5,main] started
2024-02-22 20:33:31,599 [om1-impl-thread1] INFO  segmented.SegmentedRaftLogWorker (SegmentedRaftLogWorker.java:<init>(182)) - new om1@group-C5BA1605619E-SegmentedRaftLogWorker for RaftStorageImpl:Storage Directory /home/runner/work/ozone/ozone/hadoop-ozone/integration-test/target/test-dir/MiniOzoneClusterImpl-a0fc024b-a492-45a5-9697-b0d14f72cb5c/ozone-meta/ratis/bf265839-605b-3f16-9796-c5ba1605619e
2024-02-22 20:33:31,599 [om1-impl-thread1] INFO  server.RaftServerConfigKeys (ConfUtils.java:logGet(46)) - raft.server.log.queue.byte-limit = 64MB (=67108864) (default)
2024-02-22 20:33:31,600 [om1-impl-thread1] INFO  server.RaftServerConfigKeys (ConfUtils.java:logGet(46)) - raft.server.log.queue.element-limit = 4096 (default)
2024-02-22 20:33:31,601 [om1-impl-thread1] INFO  server.RaftServerConfigKeys (ConfUtils.java:logGet(46)) - raft.server.log.segment.size.max = 4194304 (custom)
2024-02-22 20:33:31,601 [om1-impl-thread1] INFO  server.RaftServerConfigKeys (ConfUtils.java:logGet(46)) - raft.server.log.preallocated.size = 4194304 (custom)
2024-02-22 20:33:31,602 [om1-impl-thread1] INFO  server.RaftServerConfigKeys (ConfUtils.java:logGet(46)) - raft.server.log.force.sync.num = 128 (default)
2024-02-22 20:33:31,603 [om1-impl-thread1] INFO  server.RaftServerConfigKeys (ConfUtils.java:logGet(46)) - raft.server.log.statemachine.data.sync = true (default)
2024-02-22 20:33:31,603 [om1-impl-thread1] INFO  server.RaftServerConfigKeys (ConfUtils.java:logGet(46)) - raft.server.log.statemachine.data.sync.timeout = 10s (default)
2024-02-22 20:33:31,603 [om1-impl-thread1] INFO  server.RaftServerConfigKeys (ConfUtils.java:logGet(46)) - raft.server.log.statemachine.data.sync.timeout.retry = -1 (default)
2024-02-22 20:33:31,605 [om1-impl-thread1] INFO  server.RaftServerConfigKeys (ConfUtils.java:logGet(46)) - raft.server.log.write.buffer.size = 4194312 (custom)
2024-02-22 20:33:31,606 [om1-impl-thread1] INFO  server.RaftServerConfigKeys (ConfUtils.java:logGet(46)) - raft.server.log.appender.buffer.byte-limit = 4194304 (custom)
2024-02-22 20:33:31,606 [om1-impl-thread1] INFO  server.RaftServerConfigKeys (ConfUtils.java:logGet(46)) - raft.server.log.unsafe-flush.enabled = false (default)
2024-02-22 20:33:31,607 [om1-impl-thread1] INFO  server.RaftServerConfigKeys (ConfUtils.java:logGet(46)) - raft.server.log.async-flush.enabled = false (default)
2024-02-22 20:33:31,607 [om1-impl-thread1] INFO  server.RaftServerConfigKeys (ConfUtils.java:logGet(46)) - raft.server.log.statemachine.data.caching.enabled = false (default)
2024-02-22 20:33:31,611 [om1-impl-thread1] INFO  segmented.SegmentedRaftLogWorker (SegmentedRaftLogWorker.java:lambda$new$0(134)) - om1@group-C5BA1605619E-SegmentedRaftLogWorker: flushIndex: setUnconditionally 0 -> -1
2024-02-22 20:33:31,612 [om1-impl-thread1] INFO  segmented.SegmentedRaftLogWorker (SegmentedRaftLogWorker.java:lambda$new$0(134)) - om1@group-C5BA1605619E-SegmentedRaftLogWorker: safeCacheEvictIndex: setUnconditionally 0 -> -1
2024-02-22 20:33:31,613 [om1-impl-thread1] INFO  server.RaftServer$Division (RaftServerImpl.java:start(396)) - om1@group-C5BA1605619E: start as a follower, conf=-1: peers:[om1|localhost:15007]|listeners:[], old=null
2024-02-22 20:33:31,614 [om1-impl-thread1] INFO  server.RaftServer$Division (RaftServerImpl.java:setRole(383)) - om1@group-C5BA1605619E: changes role from      null to FOLLOWER at term 0 for startAsFollower
2024-02-22 20:33:31,615 [om1-impl-thread1] INFO  impl.RoleInfo (RoleInfo.java:updateAndGet(139)) - om1: start om1@group-C5BA1605619E-FollowerState
2024-02-22 20:33:31,618 [om1@group-C5BA1605619E-FollowerState] INFO  server.RaftServerConfigKeys (ConfUtils.java:logFallback(53)) - raft.server.rpc.first-election.timeout.min = 1s (fallback to raft.server.rpc.timeout.min)
2024-02-22 20:33:31,619 [om1-impl-thread1] INFO  util.JmxRegister (JmxRegister.java:tryRegister(44)) - Successfully registered JMX Bean with object name Ratis:service=RaftServer,group=group-C5BA1605619E,id=om1
2024-02-22 20:33:31,621 [om1@group-C5BA1605619E-FollowerState] INFO  server.RaftServerConfigKeys (ConfUtils.java:logFallback(53)) - raft.server.rpc.first-election.timeout.max = 1200ms (fallback to raft.server.rpc.timeout.max)
2024-02-22 20:33:31,621 [om1-impl-thread1] INFO  server.RaftServerConfigKeys (ConfUtils.java:logGet(46)) - raft.server.snapshot.trigger-when-stop.enabled = true (default)
2024-02-22 20:33:31,622 [om1-impl-thread1] INFO  server.RaftServerConfigKeys (ConfUtils.java:logGet(46)) - raft.server.snapshot.auto.trigger.enabled = true (custom)
2024-02-22 20:33:31,622 [om1-impl-thread1] INFO  server.RaftServerConfigKeys (ConfUtils.java:logGet(46)) - raft.server.snapshot.auto.trigger.threshold = 400000 (default)
2024-02-22 20:33:31,622 [om1-impl-thread1] INFO  server.RaftServerConfigKeys (ConfUtils.java:logGet(46)) - raft.server.snapshot.retention.file.num = -1 (default)
2024-02-22 20:33:31,623 [om1-impl-thread1] INFO  server.RaftServerConfigKeys (ConfUtils.java:logGet(46)) - raft.server.log.purge.upto.snapshot.index = true (custom)
2024-02-22 20:33:31,629 [main] INFO  server.RaftServer (RaftServerProxy.java:startImpl(406)) - om1: start RPC server
2024-02-22 20:33:31,676 [main] INFO  server.GrpcService (GrpcService.java:startImpl(302)) - om1: GrpcService started, listening on 15007
2024-02-22 20:33:31,677 [JvmPauseMonitor1] INFO  util.JvmPauseMonitor (JvmPauseMonitor.java:run(146)) - JvmPauseMonitor-om1: Started
2024-02-22 20:33:31,677 [main] INFO  om.OzoneManager (OzoneManager.java:start(1644)) - Version File has different layout version (6) than OM DB (null). That is expected if this OM has never been finalized to a newer layout version.
2024-02-22 20:33:31,702 [main] INFO  http.BaseHttpServer (BaseHttpServer.java:newHttpServer2BuilderForOzone(223)) - Starting Web-server for ozoneManager at: http://0.0.0.0:15005
2024-02-22 20:33:31,702 [main] INFO  http.BaseHttpServer (BaseHttpServer.java:<init>(110)) - Hadoop Security Enabled: false Ozone Security Enabled: false Ozone HTTP Security Enabled: false 
2024-02-22 20:33:31,703 [main] WARN  server.AuthenticationFilter (AuthenticationFilter.java:constructSecretProvider(240)) - Unable to initialize FileSignerSecretProvider, falling back to use random secrets. Reason: Could not read signature secret file: /home/runner/hadoop-http-auth-signature-secret
2024-02-22 20:33:31,704 [main] INFO  http.HttpRequestLog (HttpRequestLog.java:getRequestLog(86)) - Http request log for http.requests.ozoneManager is not defined
2024-02-22 20:33:31,706 [main] INFO  http.HttpServer2 (HttpServer2.java:addGlobalFilter(1036)) - Added global filter 'safety' (class=org.apache.hadoop.hdds.server.http.HttpServer2$QuotingInputFilter)
2024-02-22 20:33:31,707 [main] INFO  http.HttpServer2 (HttpServer2.java:addFilter(1012)) - Added filter static_user_filter (class=org.apache.hadoop.http.lib.StaticUserWebFilter$StaticUserFilter) to context ozoneManager
2024-02-22 20:33:31,707 [main] INFO  http.HttpServer2 (HttpServer2.java:addFilter(1020)) - Added filter static_user_filter (class=org.apache.hadoop.http.lib.StaticUserWebFilter$StaticUserFilter) to context logs
2024-02-22 20:33:31,707 [main] INFO  http.HttpServer2 (HttpServer2.java:addFilter(1020)) - Added filter static_user_filter (class=org.apache.hadoop.http.lib.StaticUserWebFilter$StaticUserFilter) to context static
2024-02-22 20:33:31,708 [main] INFO  http.BaseHttpServer (BaseHttpServer.java:<init>(189)) - HTTP server of ozoneManager uses base directory /home/runner/work/ozone/ozone/hadoop-ozone/integration-test/target/test-dir/MiniOzoneClusterImpl-a0fc024b-a492-45a5-9697-b0d14f72cb5c/ozone-meta/webserver
2024-02-22 20:33:31,712 [main] INFO  http.HttpServer2 (HttpServer2.java:bindListener(1236)) - Jetty bound to port 15005
2024-02-22 20:33:31,712 [main] INFO  server.Server (Server.java:doStart(375)) - jetty-9.4.53.v20231009; built: 2023-10-09T12:29:09.265Z; git: 27bde00a0b95a1d5bbee0eae7984f891d2d0f8c9; jvm 1.8.0_402-b06
2024-02-22 20:33:31,717 [main] INFO  server.session (DefaultSessionIdManager.java:doStart(334)) - DefaultSessionIdManager workerName=node0
2024-02-22 20:33:31,718 [main] INFO  server.session (DefaultSessionIdManager.java:doStart(339)) - No SessionScavenger set, using defaults
2024-02-22 20:33:31,718 [main] INFO  server.session (HouseKeeper.java:startScavenging(132)) - node0 Scavenging every 660000ms
2024-02-22 20:33:31,723 [main] INFO  handler.ContextHandler (ContextHandler.java:doStart(921)) - Started o.e.j.s.ServletContextHandler@2f897ecf{logs,/logs,file:///home/runner/work/ozone/ozone/hadoop-ozone/integration-test/target/log,AVAILABLE}
2024-02-22 20:33:31,723 [main] INFO  handler.ContextHandler (ContextHandler.java:doStart(921)) - Started o.e.j.s.ServletContextHandler@7ce3092e{static,/static,file:///home/runner/work/ozone/ozone/hadoop-ozone/integration-test/target/test-classes/webapps/static,AVAILABLE}
2024-02-22 20:33:31,728 [main] INFO  handler.ContextHandler (ContextHandler.java:doStart(921)) - Started o.e.j.w.WebAppContext@48a537f5{ozoneManager,/,file:///home/runner/work/ozone/ozone/hadoop-ozone/integration-test/target/test-classes/webapps/ozoneManager/,AVAILABLE}{file:/home/runner/work/ozone/ozone/hadoop-ozone/integration-test/target/test-classes/webapps/ozoneManager}
2024-02-22 20:33:31,730 [main] INFO  server.AbstractConnector (AbstractConnector.java:doStart(333)) - Started ServerConnector@a859cad{HTTP/1.1, (http/1.1)}{0.0.0.0:15005}
2024-02-22 20:33:31,733 [main] INFO  server.Server (Server.java:doStart(415)) - Started @6115ms
2024-02-22 20:33:31,734 [main] WARN  impl.MetricsSystemImpl (MetricsSystemImpl.java:register(279)) - Sink prometheus already exists!
2024-02-22 20:33:31,734 [main] INFO  http.BaseHttpServer (BaseHttpServer.java:updateConnectorAddress(354)) - HTTP server of ozoneManager listening at http://0.0.0.0:15005
2024-02-22 20:33:31,735 [IPC Server Responder] INFO  ipc.Server (Server.java:run(1562)) - IPC Server Responder: starting
2024-02-22 20:33:31,735 [IPC Server listener on 15004] INFO  ipc.Server (Server.java:run(1402)) - IPC Server listener on 15004: starting
2024-02-22 20:33:31,746 [main] INFO  om.OzoneManager (OzoneManager.java:startTrashEmptier(2093)) - Trash Interval set to 0. Files deleted won't move to trash
2024-02-22 20:33:31,754 [main] INFO  db.CodecBuffer (CodecBuffer.java:set(63)) - Successfully set constructor to org.apache.hadoop.hdds.utils.db.CodecBuffer$$Lambda$945/1069564726@1d38fd4a
2024-02-22 20:33:31,861 [main] WARN  dropwizard3.Dm3MetricRegistriesImpl (Dm3MetricRegistriesImpl.java:addReporterRegistration(113)) - New reporters are added after registries were created. Some metrics will be missing from the reporter. Please add reporter before adding any new registry.
2024-02-22 20:33:31,862 [main] WARN  dropwizard3.Dm3MetricRegistriesImpl (Dm3MetricRegistriesImpl.java:addReporterRegistration(113)) - New reporters are added after registries were created. Some metrics will be missing from the reporter. Please add reporter before adding any new registry.
2024-02-22 20:33:31,862 [main] INFO  impl.MetricsSystemImpl (MetricsSystemImpl.java:init(158)) - HddsDatanode metrics system started (again)
2024-02-22 20:33:31,878 [main] INFO  ozone.HddsDatanodeService (HddsDatanodeService.java:start(240)) - HddsDatanodeService host:fv-az779-213.k0faouyluq4u1aavuapgg5xmpb.cx.internal.cloudapp.net ip:10.1.0.33
2024-02-22 20:33:31,900 [main] INFO  upgrade.AbstractLayoutVersionManager (AbstractLayoutVersionManager.java:init(83)) - Initializing Layout version manager with metadata layout = HADOOP_PRC_PORTS_IN_DATANODEDETAILS (version = 7), software layout = HADOOP_PRC_PORTS_IN_DATANODEDETAILS (version = 7)
2024-02-22 20:33:31,902 [main] INFO  statemachine.DatanodeStateMachine (DatanodeStateMachine.java:getEndPointTaskThreadPoolSize(299)) - Datanode State Machine Task Thread Pool size 2
2024-02-22 20:33:31,947 [main] INFO  volume.HddsVolume (HddsVolume.java:<init>(125)) - Creating HddsVolume: /home/runner/work/ozone/ozone/hadoop-ozone/integration-test/target/test-dir/MiniOzoneClusterImpl-a0fc024b-a492-45a5-9697-b0d14f72cb5c/datanode-0/data-0/containers/hdds of storage type : DISK capacity : 9223372036854775807
2024-02-22 20:33:31,949 [main] INFO  volume.MutableVolumeSet (MutableVolumeSet.java:initializeVolumeSet(173)) - Added Volume : /home/runner/work/ozone/ozone/hadoop-ozone/integration-test/target/test-dir/MiniOzoneClusterImpl-a0fc024b-a492-45a5-9697-b0d14f72cb5c/datanode-0/data-0/containers/hdds to VolumeSet
2024-02-22 20:33:31,953 [main] INFO  volume.MutableVolumeSet (MutableVolumeSet.java:initializeVolumeSet(173)) - Added Volume : /home/runner/work/ozone/ozone/hadoop-ozone/integration-test/target/test-dir/MiniOzoneClusterImpl-a0fc024b-a492-45a5-9697-b0d14f72cb5c/datanode-0/data/ratis to VolumeSet
2024-02-22 20:33:31,956 [main] INFO  ozoneimpl.OzoneContainer (HddsVolumeUtil.java:loadAllHddsVolumeDbStore(103)) - Load 1 volumes DbStore cost: 0ms
2024-02-22 20:33:31,998 [main] INFO  audit.AuditLogger (AuditLogger.java:refreshDebugCmdSet(135)) - Refresh DebugCmdSet for DNAudit to [].
2024-02-22 20:33:32,021 [main] INFO  server.RaftServer (ConfUtils.java:logGet(46)) - raft.rpc.type = GRPC (default)
2024-02-22 20:33:32,021 [main] INFO  grpc.GrpcConfigKeys (ConfUtils.java:logFallback(53)) - raft.grpc.admin.host = null (fallback to raft.grpc.server.host)
2024-02-22 20:33:32,021 [main] INFO  grpc.GrpcConfigKeys (ConfUtils.java:logGet(46)) - raft.grpc.admin.port = 15013 (custom)
2024-02-22 20:33:32,022 [main] INFO  grpc.GrpcConfigKeys (ConfUtils.java:logFallback(53)) - raft.grpc.client.host = null (fallback to raft.grpc.server.host)
2024-02-22 20:33:32,022 [main] INFO  grpc.GrpcConfigKeys (ConfUtils.java:logGet(46)) - raft.grpc.client.port = 15012 (custom)
2024-02-22 20:33:32,022 [main] INFO  grpc.GrpcConfigKeys (ConfUtils.java:logGet(46)) - raft.grpc.server.host = null (default)
2024-02-22 20:33:32,023 [main] INFO  grpc.GrpcConfigKeys (ConfUtils.java:logGet(46)) - raft.grpc.server.port = 15014 (custom)
2024-02-22 20:33:32,023 [main] INFO  server.GrpcService (ConfUtils.java:logGet(46)) - raft.grpc.message.size.max = 32MB (=33554432) (custom)
2024-02-22 20:33:32,024 [main] INFO  server.RaftServerConfigKeys (ConfUtils.java:logGet(46)) - raft.server.log.appender.buffer.byte-limit = 8388608 (custom)
2024-02-22 20:33:32,024 [main] INFO  server.GrpcService (ConfUtils.java:logGet(46)) - raft.grpc.flow.control.window = 5MB (=5242880) (custom)
2024-02-22 20:33:32,024 [main] INFO  server.RaftServerConfigKeys (ConfUtils.java:logGet(46)) - raft.server.rpc.request.timeout = 60s (custom)
2024-02-22 20:33:32,024 [main] INFO  grpc.GrpcConfigKeys (ConfUtils.java:logGet(46)) - raft.grpc.server.heartbeat.channel = true (default)
2024-02-22 20:33:32,025 [main] INFO  grpc.GrpcConfigKeys (ConfUtils.java:logGet(46)) - raft.grpc.server.async.request.thread.pool.cached = true (default)
2024-02-22 20:33:32,025 [main] INFO  grpc.GrpcConfigKeys (ConfUtils.java:logGet(46)) - raft.grpc.server.async.request.thread.pool.size = 32 (default)
2024-02-22 20:33:32,027 [main] INFO  impl.DataStreamServerImpl (ConfUtils.java:logGet(46)) - raft.datastream.type = NETTY (custom)
2024-02-22 20:33:32,039 [main] INFO  server.RaftServerConfigKeys (ConfUtils.java:logGet(46)) - raft.server.data-stream.async.request.thread.pool.cached = false (default)
2024-02-22 20:33:32,040 [main] INFO  server.RaftServerConfigKeys (ConfUtils.java:logGet(46)) - raft.server.data-stream.async.request.thread.pool.size = 20 (custom)
2024-02-22 20:33:32,040 [main] INFO  server.RaftServerConfigKeys (ConfUtils.java:logGet(46)) - raft.server.data-stream.async.write.thread.pool.size = 16 (default)
2024-02-22 20:33:32,041 [main] INFO  netty.NettyConfigKeys$DataStream (ConfUtils.java:logGet(46)) - raft.netty.dataStream.server.channel.inactive.grace-period = 10min (default)
2024-02-22 20:33:32,042 [main] INFO  server.RaftServerConfigKeys (ConfUtils.java:logGet(46)) - raft.server.data-stream.client.pool.size = 10 (default)
2024-02-22 20:33:32,043 [main] INFO  netty.NettyConfigKeys$DataStream (ConfUtils.java:logGet(46)) - raft.netty.dataStream.server.use-epoll = true (default)
2024-02-22 20:33:32,043 [main] INFO  netty.NettyConfigKeys$DataStream (ConfUtils.java:logGet(46)) - raft.netty.dataStream.server.boss-group.size = 0 (default)
2024-02-22 20:33:32,044 [main] INFO  netty.NettyUtils (NettyUtils.java:newEventLoopGroup(69)) - Create EpollEventLoopGroup for e46a6e51-795f-4801-a523-c45a6c7f2c34-NettyServerStreamRpc-bossGroup; Thread size is 0.
2024-02-22 20:33:32,062 [main] INFO  netty.NettyConfigKeys$DataStream (ConfUtils.java:logGet(46)) - raft.netty.dataStream.server.worker-group.size = 0 (default)
2024-02-22 20:33:32,062 [main] INFO  netty.NettyUtils (NettyUtils.java:newEventLoopGroup(69)) - Create EpollEventLoopGroup for e46a6e51-795f-4801-a523-c45a6c7f2c34-NettyServerStreamRpc-workerGroup; Thread size is 0.
2024-02-22 20:33:32,063 [main] INFO  netty.NettyConfigKeys$DataStream (ConfUtils.java:logGet(46)) - raft.netty.dataStream.server.tls.conf = null (default)
2024-02-22 20:33:32,064 [main] INFO  netty.NettyConfigKeys$DataStream (ConfUtils.java:logGet(46)) - raft.netty.dataStream.host = null (default)
2024-02-22 20:33:32,065 [main] INFO  netty.NettyConfigKeys$DataStream (ConfUtils.java:logGet(46)) - raft.netty.dataStream.port = 15015 (custom)
2024-02-22 20:33:32,069 [main] INFO  server.RaftServerConfigKeys (ConfUtils.java:logGet(46)) - raft.server.sleep.deviation.threshold = 300ms (default)
2024-02-22 20:33:32,069 [main] INFO  server.RaftServerConfigKeys (ConfUtils.java:logGet(46)) - raft.server.close.threshold = 60s (default)
2024-02-22 20:33:32,069 [main] INFO  server.RaftServerConfigKeys (ConfUtils.java:logGet(46)) - raft.server.leaderelection.leader.step-down.wait-time = 10s (default)
2024-02-22 20:33:32,070 [main] INFO  server.RaftServerConfigKeys (ConfUtils.java:logGet(46)) - raft.server.storage.dir = [/home/runner/work/ozone/ozone/hadoop-ozone/integration-test/target/test-dir/MiniOzoneClusterImpl-a0fc024b-a492-45a5-9697-b0d14f72cb5c/datanode-0/data/ratis] (custom)
2024-02-22 20:33:32,070 [main] INFO  server.RaftServerConfigKeys (ConfUtils.java:logGet(46)) - raft.server.threadpool.proxy.cached = true (default)
2024-02-22 20:33:32,070 [main] INFO  server.RaftServerConfigKeys (ConfUtils.java:logGet(46)) - raft.server.threadpool.proxy.size = 0 (default)
2024-02-22 20:33:32,071 [e46a6e51-795f-4801-a523-c45a6c7f2c34-impl-thread1] INFO  server.RaftServer (RaftServerProxy.java:initGroupDir(264)) - e46a6e51-795f-4801-a523-c45a6c7f2c34: found a subdirectory /home/runner/work/ozone/ozone/hadoop-ozone/integration-test/target/test-dir/MiniOzoneClusterImpl-a0fc024b-a492-45a5-9697-b0d14f72cb5c/datanode-0/data/ratis/tmp
2024-02-22 20:33:32,071 [e46a6e51-795f-4801-a523-c45a6c7f2c34-impl-thread1] INFO  server.RaftServer (RaftServerProxy.java:initGroupDir(269)) - e46a6e51-795f-4801-a523-c45a6c7f2c34: The directory /home/runner/work/ozone/ozone/hadoop-ozone/integration-test/target/test-dir/MiniOzoneClusterImpl-a0fc024b-a492-45a5-9697-b0d14f72cb5c/datanode-0/data/ratis/tmp is not a group directory; ignoring it. 
2024-02-22 20:33:32,074 [main] INFO  replication.ReplicationServer (ReplicationServer.java:<init>(86)) - Initializing replication server with thread count = 10 queue length = 4096
2024-02-22 20:33:32,077 [e46a6e51-795f-4801-a523-c45a6c7f2c34-NettyServerStreamRpc-bossGroup--thread1] INFO  logging.LoggingHandler (AbstractInternalLogger.java:log(148)) - [id: 0x1a9d28ed] REGISTERED
2024-02-22 20:33:32,078 [e46a6e51-795f-4801-a523-c45a6c7f2c34-NettyServerStreamRpc-bossGroup--thread1] INFO  logging.LoggingHandler (AbstractInternalLogger.java:log(148)) - [id: 0x1a9d28ed] BIND: 0.0.0.0/0.0.0.0:15015
2024-02-22 20:33:32,078 [e46a6e51-795f-4801-a523-c45a6c7f2c34-NettyServerStreamRpc-bossGroup--thread1] INFO  logging.LoggingHandler (AbstractInternalLogger.java:log(148)) - [id: 0x1a9d28ed, L:/0.0.0.0:15015] ACTIVE
2024-02-22 20:33:32,091 [main] INFO  server.XceiverServerGrpc (XceiverServerGrpc.java:<init>(141)) - GrpcServer channel type EpollServerSocketChannel
2024-02-22 20:33:32,155 [main] INFO  replication.ReplicationSupervisor (ReplicationSupervisor.java:build(163)) - Initializing replication supervisor with thread count = 10
2024-02-22 20:33:32,156 [main] INFO  replication.ReplicationSupervisor (ReplicationSupervisor.java:nodeStateUpdated(317)) - Node state updated to IN_SERVICE, scaling executor pool size to 10
2024-02-22 20:33:32,191 [main] INFO  http.BaseHttpServer (BaseHttpServer.java:newHttpServer2BuilderForOzone(223)) - Starting Web-server for hddsDatanode at: http://0.0.0.0:15009
2024-02-22 20:33:32,192 [main] INFO  http.BaseHttpServer (BaseHttpServer.java:<init>(110)) - Hadoop Security Enabled: false Ozone Security Enabled: false Ozone HTTP Security Enabled: false 
2024-02-22 20:33:32,193 [main] WARN  server.AuthenticationFilter (AuthenticationFilter.java:constructSecretProvider(240)) - Unable to initialize FileSignerSecretProvider, falling back to use random secrets. Reason: Could not read signature secret file: /home/runner/hadoop-http-auth-signature-secret
2024-02-22 20:33:32,194 [main] INFO  http.HttpRequestLog (HttpRequestLog.java:getRequestLog(86)) - Http request log for http.requests.hddsDatanode is not defined
2024-02-22 20:33:32,196 [main] INFO  http.HttpServer2 (HttpServer2.java:addGlobalFilter(1036)) - Added global filter 'safety' (class=org.apache.hadoop.hdds.server.http.HttpServer2$QuotingInputFilter)
2024-02-22 20:33:32,197 [main] INFO  http.HttpServer2 (HttpServer2.java:addFilter(1012)) - Added filter static_user_filter (class=org.apache.hadoop.http.lib.StaticUserWebFilter$StaticUserFilter) to context hddsDatanode
2024-02-22 20:33:32,197 [main] INFO  http.HttpServer2 (HttpServer2.java:addFilter(1020)) - Added filter static_user_filter (class=org.apache.hadoop.http.lib.StaticUserWebFilter$StaticUserFilter) to context static
2024-02-22 20:33:32,197 [main] INFO  http.HttpServer2 (HttpServer2.java:addFilter(1020)) - Added filter static_user_filter (class=org.apache.hadoop.http.lib.StaticUserWebFilter$StaticUserFilter) to context logs
2024-02-22 20:33:32,198 [main] INFO  http.BaseHttpServer (BaseHttpServer.java:<init>(189)) - HTTP server of hddsDatanode uses base directory /home/runner/work/ozone/ozone/hadoop-ozone/integration-test/target/test-dir/MiniOzoneClusterImpl-a0fc024b-a492-45a5-9697-b0d14f72cb5c/datanode-0/meta/webserver
2024-02-22 20:33:32,199 [main] INFO  http.HttpServer2 (HttpServer2.java:bindListener(1236)) - Jetty bound to port 15009
2024-02-22 20:33:32,199 [main] INFO  server.Server (Server.java:doStart(375)) - jetty-9.4.53.v20231009; built: 2023-10-09T12:29:09.265Z; git: 27bde00a0b95a1d5bbee0eae7984f891d2d0f8c9; jvm 1.8.0_402-b06
2024-02-22 20:33:32,203 [main] INFO  server.session (DefaultSessionIdManager.java:doStart(334)) - DefaultSessionIdManager workerName=node0
2024-02-22 20:33:32,203 [main] INFO  server.session (DefaultSessionIdManager.java:doStart(339)) - No SessionScavenger set, using defaults
2024-02-22 20:33:32,204 [main] INFO  server.session (HouseKeeper.java:startScavenging(132)) - node0 Scavenging every 660000ms
2024-02-22 20:33:32,204 [main] INFO  handler.ContextHandler (ContextHandler.java:doStart(921)) - Started o.e.j.s.ServletContextHandler@d981e45{logs,/logs,file:///home/runner/work/ozone/ozone/hadoop-ozone/integration-test/target/log,AVAILABLE}
2024-02-22 20:33:32,205 [main] INFO  handler.ContextHandler (ContextHandler.java:doStart(921)) - Started o.e.j.s.ServletContextHandler@371ca1a9{static,/static,jar:file:/home/runner/.m2/repository/org/apache/ozone/hdds-container-service/1.5.0-SNAPSHOT/hdds-container-service-1.5.0-SNAPSHOT.jar!/webapps/static,AVAILABLE}
2024-02-22 20:33:32,253 [main] INFO  handler.ContextHandler (ContextHandler.java:doStart(921)) - Started o.e.j.w.WebAppContext@6299cbbb{hddsDatanode,/,file:///home/runner/work/ozone/ozone/hadoop-ozone/integration-test/target/test-dir/MiniOzoneClusterImpl-a0fc024b-a492-45a5-9697-b0d14f72cb5c/datanode-0/meta/webserver/jetty-0_0_0_0-15009-hdds-container-service-1_5_0-SNAPSHOT_jar-_-any-6202245799200699505/webapp/,AVAILABLE}{jar:file:/home/runner/.m2/repository/org/apache/ozone/hdds-container-service/1.5.0-SNAPSHOT/hdds-container-service-1.5.0-SNAPSHOT.jar!/webapps/hddsDatanode}
2024-02-22 20:33:32,255 [main] INFO  server.AbstractConnector (AbstractConnector.java:doStart(333)) - Started ServerConnector@128bd0f0{HTTP/1.1, (http/1.1)}{0.0.0.0:15009}
2024-02-22 20:33:32,255 [main] INFO  server.Server (Server.java:doStart(415)) - Started @6636ms
2024-02-22 20:33:32,255 [main] WARN  impl.MetricsSystemImpl (MetricsSystemImpl.java:register(279)) - Sink prometheus already exists!
2024-02-22 20:33:32,256 [main] INFO  http.BaseHttpServer (BaseHttpServer.java:updateConnectorAddress(354)) - HTTP server of hddsDatanode listening at http://0.0.0.0:15009
2024-02-22 20:33:32,259 [main] INFO  ipc.CallQueueManager (CallQueueManager.java:<init>(90)) - Using callQueue: class java.util.concurrent.LinkedBlockingQueue, queueCapacity: 100, scheduler: class org.apache.hadoop.ipc.DefaultRpcScheduler, ipcBackoff: false.
2024-02-22 20:33:32,259 [main] INFO  ipc.Server (Server.java:<init>(1287)) - Listener at 0.0.0.0:15010
2024-02-22 20:33:32,262 [Socket Reader #1 for port 15010] INFO  ipc.Server (Server.java:run(1323)) - Starting Socket Reader #1 for port 15010
2024-02-22 20:33:32,267 [main] INFO  ozone.HddsDatanodeService (HddsDatanodeService.java:start(327)) - Datanode start with admins: [runner]
2024-02-22 20:33:32,267 [main] INFO  ozone.HddsDatanodeClientProtocolServer (HddsDatanodeClientProtocolServer.java:start(72)) - RPC server for Client /0.0.0.0:15010
2024-02-22 20:33:32,269 [IPC Server Responder] INFO  ipc.Server (Server.java:run(1562)) - IPC Server Responder: starting
2024-02-22 20:33:32,269 [IPC Server listener on 15010] INFO  ipc.Server (Server.java:run(1402)) - IPC Server listener on 15010: starting
2024-02-22 20:33:32,270 [main] WARN  dropwizard3.Dm3MetricRegistriesImpl (Dm3MetricRegistriesImpl.java:addReporterRegistration(113)) - New reporters are added after registries were created. Some metrics will be missing from the reporter. Please add reporter before adding any new registry.
2024-02-22 20:33:32,271 [main] WARN  dropwizard3.Dm3MetricRegistriesImpl (Dm3MetricRegistriesImpl.java:addReporterRegistration(113)) - New reporters are added after registries were created. Some metrics will be missing from the reporter. Please add reporter before adding any new registry.
2024-02-22 20:33:32,271 [main] INFO  impl.MetricsSystemImpl (MetricsSystemImpl.java:init(158)) - HddsDatanode metrics system started (again)
2024-02-22 20:33:32,270 [e46a6e51-795f-4801-a523-c45a6c7f2c34-DatanodeStateMachineDaemonThread] INFO  statemachine.DatanodeStateMachine (DatanodeStateMachine.java:lambda$startDaemon$1(555)) - Ozone container server started.
2024-02-22 20:33:32,283 [main] INFO  ozone.HddsDatanodeService (HddsDatanodeService.java:start(240)) - HddsDatanodeService host:fv-az779-213.k0faouyluq4u1aavuapgg5xmpb.cx.internal.cloudapp.net ip:10.1.0.33
2024-02-22 20:33:32,302 [main] INFO  upgrade.AbstractLayoutVersionManager (AbstractLayoutVersionManager.java:init(83)) - Initializing Layout version manager with metadata layout = HADOOP_PRC_PORTS_IN_DATANODEDETAILS (version = 7), software layout = HADOOP_PRC_PORTS_IN_DATANODEDETAILS (version = 7)
2024-02-22 20:33:32,303 [main] INFO  statemachine.DatanodeStateMachine (DatanodeStateMachine.java:getEndPointTaskThreadPoolSize(299)) - Datanode State Machine Task Thread Pool size 2
2024-02-22 20:33:32,307 [main] INFO  volume.HddsVolume (HddsVolume.java:<init>(125)) - Creating HddsVolume: /home/runner/work/ozone/ozone/hadoop-ozone/integration-test/target/test-dir/MiniOzoneClusterImpl-a0fc024b-a492-45a5-9697-b0d14f72cb5c/datanode-1/data-0/containers/hdds of storage type : DISK capacity : 9223372036854775807
2024-02-22 20:33:32,307 [main] INFO  volume.MutableVolumeSet (MutableVolumeSet.java:initializeVolumeSet(173)) - Added Volume : /home/runner/work/ozone/ozone/hadoop-ozone/integration-test/target/test-dir/MiniOzoneClusterImpl-a0fc024b-a492-45a5-9697-b0d14f72cb5c/datanode-1/data-0/containers/hdds to VolumeSet
2024-02-22 20:33:32,309 [main] INFO  volume.MutableVolumeSet (MutableVolumeSet.java:initializeVolumeSet(173)) - Added Volume : /home/runner/work/ozone/ozone/hadoop-ozone/integration-test/target/test-dir/MiniOzoneClusterImpl-a0fc024b-a492-45a5-9697-b0d14f72cb5c/datanode-1/data/ratis to VolumeSet
2024-02-22 20:33:32,318 [main] INFO  ozoneimpl.OzoneContainer (HddsVolumeUtil.java:loadAllHddsVolumeDbStore(103)) - Load 1 volumes DbStore cost: 0ms
2024-02-22 20:33:32,322 [main] INFO  server.RaftServer (ConfUtils.java:logGet(46)) - raft.rpc.type = GRPC (default)
2024-02-22 20:33:32,323 [main] INFO  grpc.GrpcConfigKeys (ConfUtils.java:logFallback(53)) - raft.grpc.admin.host = null (fallback to raft.grpc.server.host)
2024-02-22 20:33:32,323 [main] INFO  grpc.GrpcConfigKeys (ConfUtils.java:logGet(46)) - raft.grpc.admin.port = 15022 (custom)
2024-02-22 20:33:32,323 [main] INFO  grpc.GrpcConfigKeys (ConfUtils.java:logFallback(53)) - raft.grpc.client.host = null (fallback to raft.grpc.server.host)
2024-02-22 20:33:32,323 [main] INFO  grpc.GrpcConfigKeys (ConfUtils.java:logGet(46)) - raft.grpc.client.port = 15021 (custom)
2024-02-22 20:33:32,324 [main] INFO  grpc.GrpcConfigKeys (ConfUtils.java:logGet(46)) - raft.grpc.server.host = null (default)
2024-02-22 20:33:32,324 [main] INFO  grpc.GrpcConfigKeys (ConfUtils.java:logGet(46)) - raft.grpc.server.port = 15023 (custom)
2024-02-22 20:33:32,325 [main] INFO  server.GrpcService (ConfUtils.java:logGet(46)) - raft.grpc.message.size.max = 32MB (=33554432) (custom)
2024-02-22 20:33:32,325 [main] INFO  server.RaftServerConfigKeys (ConfUtils.java:logGet(46)) - raft.server.log.appender.buffer.byte-limit = 8388608 (custom)
2024-02-22 20:33:32,325 [main] INFO  server.GrpcService (ConfUtils.java:logGet(46)) - raft.grpc.flow.control.window = 5MB (=5242880) (custom)
2024-02-22 20:33:32,325 [main] INFO  server.RaftServerConfigKeys (ConfUtils.java:logGet(46)) - raft.server.rpc.request.timeout = 60s (custom)
2024-02-22 20:33:32,326 [main] INFO  grpc.GrpcConfigKeys (ConfUtils.java:logGet(46)) - raft.grpc.server.heartbeat.channel = true (default)
2024-02-22 20:33:32,326 [main] INFO  grpc.GrpcConfigKeys (ConfUtils.java:logGet(46)) - raft.grpc.server.async.request.thread.pool.cached = true (default)
2024-02-22 20:33:32,326 [main] INFO  grpc.GrpcConfigKeys (ConfUtils.java:logGet(46)) - raft.grpc.server.async.request.thread.pool.size = 32 (default)
2024-02-22 20:33:32,328 [main] INFO  impl.DataStreamServerImpl (ConfUtils.java:logGet(46)) - raft.datastream.type = NETTY (custom)
2024-02-22 20:33:32,328 [main] INFO  server.RaftServerConfigKeys (ConfUtils.java:logGet(46)) - raft.server.data-stream.async.request.thread.pool.cached = false (default)
2024-02-22 20:33:32,328 [main] INFO  server.RaftServerConfigKeys (ConfUtils.java:logGet(46)) - raft.server.data-stream.async.request.thread.pool.size = 20 (custom)
2024-02-22 20:33:32,328 [main] INFO  server.RaftServerConfigKeys (ConfUtils.java:logGet(46)) - raft.server.data-stream.async.write.thread.pool.size = 16 (default)
2024-02-22 20:33:32,328 [main] INFO  netty.NettyConfigKeys$DataStream (ConfUtils.java:logGet(46)) - raft.netty.dataStream.server.channel.inactive.grace-period = 10min (default)
2024-02-22 20:33:32,329 [main] INFO  server.RaftServerConfigKeys (ConfUtils.java:logGet(46)) - raft.server.data-stream.client.pool.size = 10 (default)
2024-02-22 20:33:32,329 [main] INFO  netty.NettyConfigKeys$DataStream (ConfUtils.java:logGet(46)) - raft.netty.dataStream.server.use-epoll = true (default)
2024-02-22 20:33:32,329 [main] INFO  netty.NettyConfigKeys$DataStream (ConfUtils.java:logGet(46)) - raft.netty.dataStream.server.boss-group.size = 0 (default)
2024-02-22 20:33:32,329 [main] INFO  netty.NettyUtils (NettyUtils.java:newEventLoopGroup(69)) - Create EpollEventLoopGroup for 923be64f-71f4-4891-b05d-82ff5a9df5b5-NettyServerStreamRpc-bossGroup; Thread size is 0.
2024-02-22 20:33:32,330 [main] INFO  netty.NettyConfigKeys$DataStream (ConfUtils.java:logGet(46)) - raft.netty.dataStream.server.worker-group.size = 0 (default)
2024-02-22 20:33:32,330 [main] INFO  netty.NettyUtils (NettyUtils.java:newEventLoopGroup(69)) - Create EpollEventLoopGroup for 923be64f-71f4-4891-b05d-82ff5a9df5b5-NettyServerStreamRpc-workerGroup; Thread size is 0.
2024-02-22 20:33:32,330 [main] INFO  netty.NettyConfigKeys$DataStream (ConfUtils.java:logGet(46)) - raft.netty.dataStream.server.tls.conf = null (default)
2024-02-22 20:33:32,331 [main] INFO  netty.NettyConfigKeys$DataStream (ConfUtils.java:logGet(46)) - raft.netty.dataStream.host = null (default)
2024-02-22 20:33:32,331 [main] INFO  netty.NettyConfigKeys$DataStream (ConfUtils.java:logGet(46)) - raft.netty.dataStream.port = 15024 (custom)
2024-02-22 20:33:32,331 [main] INFO  server.RaftServerConfigKeys (ConfUtils.java:logGet(46)) - raft.server.sleep.deviation.threshold = 300ms (default)
2024-02-22 20:33:32,332 [main] INFO  server.RaftServerConfigKeys (ConfUtils.java:logGet(46)) - raft.server.close.threshold = 60s (default)
2024-02-22 20:33:32,332 [main] INFO  server.RaftServerConfigKeys (ConfUtils.java:logGet(46)) - raft.server.leaderelection.leader.step-down.wait-time = 10s (default)
2024-02-22 20:33:32,333 [main] INFO  server.RaftServerConfigKeys (ConfUtils.java:logGet(46)) - raft.server.storage.dir = [/home/runner/work/ozone/ozone/hadoop-ozone/integration-test/target/test-dir/MiniOzoneClusterImpl-a0fc024b-a492-45a5-9697-b0d14f72cb5c/datanode-1/data/ratis] (custom)
2024-02-22 20:33:32,333 [main] INFO  server.RaftServerConfigKeys (ConfUtils.java:logGet(46)) - raft.server.threadpool.proxy.cached = true (default)
2024-02-22 20:33:32,333 [main] INFO  server.RaftServerConfigKeys (ConfUtils.java:logGet(46)) - raft.server.threadpool.proxy.size = 0 (default)
2024-02-22 20:33:32,333 [923be64f-71f4-4891-b05d-82ff5a9df5b5-impl-thread1] INFO  server.RaftServer (RaftServerProxy.java:initGroupDir(264)) - 923be64f-71f4-4891-b05d-82ff5a9df5b5: found a subdirectory /home/runner/work/ozone/ozone/hadoop-ozone/integration-test/target/test-dir/MiniOzoneClusterImpl-a0fc024b-a492-45a5-9697-b0d14f72cb5c/datanode-1/data/ratis/tmp
2024-02-22 20:33:32,333 [923be64f-71f4-4891-b05d-82ff5a9df5b5-impl-thread1] INFO  server.RaftServer (RaftServerProxy.java:initGroupDir(269)) - 923be64f-71f4-4891-b05d-82ff5a9df5b5: The directory /home/runner/work/ozone/ozone/hadoop-ozone/integration-test/target/test-dir/MiniOzoneClusterImpl-a0fc024b-a492-45a5-9697-b0d14f72cb5c/datanode-1/data/ratis/tmp is not a group directory; ignoring it. 
2024-02-22 20:33:32,334 [main] INFO  replication.ReplicationServer (ReplicationServer.java:<init>(86)) - Initializing replication server with thread count = 10 queue length = 4096
2024-02-22 20:33:32,334 [923be64f-71f4-4891-b05d-82ff5a9df5b5-NettyServerStreamRpc-bossGroup--thread1] INFO  logging.LoggingHandler (AbstractInternalLogger.java:log(148)) - [id: 0x3108b244] REGISTERED
2024-02-22 20:33:32,336 [923be64f-71f4-4891-b05d-82ff5a9df5b5-NettyServerStreamRpc-bossGroup--thread1] INFO  logging.LoggingHandler (AbstractInternalLogger.java:log(148)) - [id: 0x3108b244] BIND: 0.0.0.0/0.0.0.0:15024
2024-02-22 20:33:32,336 [main] INFO  server.XceiverServerGrpc (XceiverServerGrpc.java:<init>(141)) - GrpcServer channel type EpollServerSocketChannel
2024-02-22 20:33:32,340 [923be64f-71f4-4891-b05d-82ff5a9df5b5-NettyServerStreamRpc-bossGroup--thread1] INFO  logging.LoggingHandler (AbstractInternalLogger.java:log(148)) - [id: 0x3108b244, L:/0.0.0.0:15024] ACTIVE
2024-02-22 20:33:32,343 [main] INFO  replication.ReplicationSupervisor (ReplicationSupervisor.java:build(163)) - Initializing replication supervisor with thread count = 10
2024-02-22 20:33:32,343 [main] INFO  replication.ReplicationSupervisor (ReplicationSupervisor.java:nodeStateUpdated(317)) - Node state updated to IN_SERVICE, scaling executor pool size to 10
2024-02-22 20:33:32,348 [main] INFO  http.BaseHttpServer (BaseHttpServer.java:newHttpServer2BuilderForOzone(223)) - Starting Web-server for hddsDatanode at: http://0.0.0.0:15018
2024-02-22 20:33:32,348 [main] INFO  http.BaseHttpServer (BaseHttpServer.java:<init>(110)) - Hadoop Security Enabled: false Ozone Security Enabled: false Ozone HTTP Security Enabled: false 
2024-02-22 20:33:32,349 [main] WARN  server.AuthenticationFilter (AuthenticationFilter.java:constructSecretProvider(240)) - Unable to initialize FileSignerSecretProvider, falling back to use random secrets. Reason: Could not read signature secret file: /home/runner/hadoop-http-auth-signature-secret
2024-02-22 20:33:32,350 [main] INFO  http.HttpRequestLog (HttpRequestLog.java:getRequestLog(86)) - Http request log for http.requests.hddsDatanode is not defined
2024-02-22 20:33:32,354 [main] INFO  http.HttpServer2 (HttpServer2.java:addGlobalFilter(1036)) - Added global filter 'safety' (class=org.apache.hadoop.hdds.server.http.HttpServer2$QuotingInputFilter)
2024-02-22 20:33:32,356 [main] INFO  http.HttpServer2 (HttpServer2.java:addFilter(1012)) - Added filter static_user_filter (class=org.apache.hadoop.http.lib.StaticUserWebFilter$StaticUserFilter) to context hddsDatanode
2024-02-22 20:33:32,357 [main] INFO  http.HttpServer2 (HttpServer2.java:addFilter(1020)) - Added filter static_user_filter (class=org.apache.hadoop.http.lib.StaticUserWebFilter$StaticUserFilter) to context logs
2024-02-22 20:33:32,357 [main] INFO  http.HttpServer2 (HttpServer2.java:addFilter(1020)) - Added filter static_user_filter (class=org.apache.hadoop.http.lib.StaticUserWebFilter$StaticUserFilter) to context static
2024-02-22 20:33:32,359 [main] INFO  http.BaseHttpServer (BaseHttpServer.java:<init>(189)) - HTTP server of hddsDatanode uses base directory /home/runner/work/ozone/ozone/hadoop-ozone/integration-test/target/test-dir/MiniOzoneClusterImpl-a0fc024b-a492-45a5-9697-b0d14f72cb5c/datanode-1/meta/webserver
2024-02-22 20:33:32,360 [main] INFO  http.HttpServer2 (HttpServer2.java:bindListener(1236)) - Jetty bound to port 15018
2024-02-22 20:33:32,360 [main] INFO  server.Server (Server.java:doStart(375)) - jetty-9.4.53.v20231009; built: 2023-10-09T12:29:09.265Z; git: 27bde00a0b95a1d5bbee0eae7984f891d2d0f8c9; jvm 1.8.0_402-b06
2024-02-22 20:33:32,368 [main] INFO  server.session (DefaultSessionIdManager.java:doStart(334)) - DefaultSessionIdManager workerName=node0
2024-02-22 20:33:32,369 [main] INFO  server.session (DefaultSessionIdManager.java:doStart(339)) - No SessionScavenger set, using defaults
2024-02-22 20:33:32,369 [main] INFO  server.session (HouseKeeper.java:startScavenging(132)) - node0 Scavenging every 600000ms
2024-02-22 20:33:32,373 [main] INFO  handler.ContextHandler (ContextHandler.java:doStart(921)) - Started o.e.j.s.ServletContextHandler@4f45c955{logs,/logs,file:///home/runner/work/ozone/ozone/hadoop-ozone/integration-test/target/log,AVAILABLE}
2024-02-22 20:33:32,373 [main] INFO  handler.ContextHandler (ContextHandler.java:doStart(921)) - Started o.e.j.s.ServletContextHandler@21ecf90d{static,/static,jar:file:/home/runner/.m2/repository/org/apache/ozone/hdds-container-service/1.5.0-SNAPSHOT/hdds-container-service-1.5.0-SNAPSHOT.jar!/webapps/static,AVAILABLE}
2024-02-22 20:33:32,380 [e46a6e51-795f-4801-a523-c45a6c7f2c34-DatanodeStateMachineTaskThread-0] INFO  datanode.InitDatanodeState (InitDatanodeState.java:persistContainerDatanodeDetails(139)) - DatanodeDetails is persisted to /home/runner/work/ozone/ozone/hadoop-ozone/integration-test/target/test-dir/MiniOzoneClusterImpl-a0fc024b-a492-45a5-9697-b0d14f72cb5c/datanode-0/meta/datanode.id
2024-02-22 20:33:32,412 [main] INFO  handler.ContextHandler (ContextHandler.java:doStart(921)) - Started o.e.j.w.WebAppContext@59e1b2e4{hddsDatanode,/,file:///home/runner/work/ozone/ozone/hadoop-ozone/integration-test/target/test-dir/MiniOzoneClusterImpl-a0fc024b-a492-45a5-9697-b0d14f72cb5c/datanode-1/meta/webserver/jetty-0_0_0_0-15018-hdds-container-service-1_5_0-SNAPSHOT_jar-_-any-5711311630042141135/webapp/,AVAILABLE}{jar:file:/home/runner/.m2/repository/org/apache/ozone/hdds-container-service/1.5.0-SNAPSHOT/hdds-container-service-1.5.0-SNAPSHOT.jar!/webapps/hddsDatanode}
2024-02-22 20:33:32,414 [main] INFO  server.AbstractConnector (AbstractConnector.java:doStart(333)) - Started ServerConnector@6b9f08b0{HTTP/1.1, (http/1.1)}{0.0.0.0:15018}
2024-02-22 20:33:32,414 [main] INFO  server.Server (Server.java:doStart(415)) - Started @6796ms
2024-02-22 20:33:32,415 [main] WARN  impl.MetricsSystemImpl (MetricsSystemImpl.java:register(279)) - Sink prometheus already exists!
2024-02-22 20:33:32,415 [main] INFO  http.BaseHttpServer (BaseHttpServer.java:updateConnectorAddress(354)) - HTTP server of hddsDatanode listening at http://0.0.0.0:15018
2024-02-22 20:33:32,416 [main] INFO  ipc.CallQueueManager (CallQueueManager.java:<init>(90)) - Using callQueue: class java.util.concurrent.LinkedBlockingQueue, queueCapacity: 100, scheduler: class org.apache.hadoop.ipc.DefaultRpcScheduler, ipcBackoff: false.
2024-02-22 20:33:32,416 [main] INFO  ipc.Server (Server.java:<init>(1287)) - Listener at 0.0.0.0:15019
2024-02-22 20:33:32,416 [Socket Reader #1 for port 15019] INFO  ipc.Server (Server.java:run(1323)) - Starting Socket Reader #1 for port 15019
2024-02-22 20:33:32,421 [main] INFO  ozone.HddsDatanodeService (HddsDatanodeService.java:start(327)) - Datanode start with admins: [runner]
2024-02-22 20:33:32,421 [main] INFO  ozone.HddsDatanodeClientProtocolServer (HddsDatanodeClientProtocolServer.java:start(72)) - RPC server for Client /0.0.0.0:15019
2024-02-22 20:33:32,421 [IPC Server Responder] INFO  ipc.Server (Server.java:run(1562)) - IPC Server Responder: starting
2024-02-22 20:33:32,421 [IPC Server listener on 15019] INFO  ipc.Server (Server.java:run(1402)) - IPC Server listener on 15019: starting
2024-02-22 20:33:32,426 [923be64f-71f4-4891-b05d-82ff5a9df5b5-DatanodeStateMachineDaemonThread] INFO  statemachine.DatanodeStateMachine (DatanodeStateMachine.java:lambda$startDaemon$1(555)) - Ozone container server started.
2024-02-22 20:33:32,428 [main] WARN  dropwizard3.Dm3MetricRegistriesImpl (Dm3MetricRegistriesImpl.java:addReporterRegistration(113)) - New reporters are added after registries were created. Some metrics will be missing from the reporter. Please add reporter before adding any new registry.
2024-02-22 20:33:32,428 [main] WARN  dropwizard3.Dm3MetricRegistriesImpl (Dm3MetricRegistriesImpl.java:addReporterRegistration(113)) - New reporters are added after registries were created. Some metrics will be missing from the reporter. Please add reporter before adding any new registry.
2024-02-22 20:33:32,428 [main] INFO  impl.MetricsSystemImpl (MetricsSystemImpl.java:init(158)) - HddsDatanode metrics system started (again)
2024-02-22 20:33:32,437 [923be64f-71f4-4891-b05d-82ff5a9df5b5-DatanodeStateMachineTaskThread-0] INFO  datanode.InitDatanodeState (InitDatanodeState.java:persistContainerDatanodeDetails(139)) - DatanodeDetails is persisted to /home/runner/work/ozone/ozone/hadoop-ozone/integration-test/target/test-dir/MiniOzoneClusterImpl-a0fc024b-a492-45a5-9697-b0d14f72cb5c/datanode-1/meta/datanode.id
2024-02-22 20:33:32,445 [main] INFO  ozone.HddsDatanodeService (HddsDatanodeService.java:start(240)) - HddsDatanodeService host:fv-az779-213.k0faouyluq4u1aavuapgg5xmpb.cx.internal.cloudapp.net ip:10.1.0.33
2024-02-22 20:33:32,462 [main] INFO  upgrade.AbstractLayoutVersionManager (AbstractLayoutVersionManager.java:init(83)) - Initializing Layout version manager with metadata layout = HADOOP_PRC_PORTS_IN_DATANODEDETAILS (version = 7), software layout = HADOOP_PRC_PORTS_IN_DATANODEDETAILS (version = 7)
2024-02-22 20:33:32,463 [main] INFO  statemachine.DatanodeStateMachine (DatanodeStateMachine.java:getEndPointTaskThreadPoolSize(299)) - Datanode State Machine Task Thread Pool size 2
2024-02-22 20:33:32,465 [main] INFO  volume.HddsVolume (HddsVolume.java:<init>(125)) - Creating HddsVolume: /home/runner/work/ozone/ozone/hadoop-ozone/integration-test/target/test-dir/MiniOzoneClusterImpl-a0fc024b-a492-45a5-9697-b0d14f72cb5c/datanode-2/data-0/containers/hdds of storage type : DISK capacity : 9223372036854775807
2024-02-22 20:33:32,465 [main] INFO  volume.MutableVolumeSet (MutableVolumeSet.java:initializeVolumeSet(173)) - Added Volume : /home/runner/work/ozone/ozone/hadoop-ozone/integration-test/target/test-dir/MiniOzoneClusterImpl-a0fc024b-a492-45a5-9697-b0d14f72cb5c/datanode-2/data-0/containers/hdds to VolumeSet
2024-02-22 20:33:32,467 [main] INFO  volume.MutableVolumeSet (MutableVolumeSet.java:initializeVolumeSet(173)) - Added Volume : /home/runner/work/ozone/ozone/hadoop-ozone/integration-test/target/test-dir/MiniOzoneClusterImpl-a0fc024b-a492-45a5-9697-b0d14f72cb5c/datanode-2/data/ratis to VolumeSet
2024-02-22 20:33:32,467 [main] INFO  ozoneimpl.OzoneContainer (HddsVolumeUtil.java:loadAllHddsVolumeDbStore(103)) - Load 1 volumes DbStore cost: 0ms
2024-02-22 20:33:32,471 [main] INFO  server.RaftServer (ConfUtils.java:logGet(46)) - raft.rpc.type = GRPC (default)
2024-02-22 20:33:32,471 [main] INFO  grpc.GrpcConfigKeys (ConfUtils.java:logFallback(53)) - raft.grpc.admin.host = null (fallback to raft.grpc.server.host)
2024-02-22 20:33:32,471 [main] INFO  grpc.GrpcConfigKeys (ConfUtils.java:logGet(46)) - raft.grpc.admin.port = 15031 (custom)
2024-02-22 20:33:32,472 [main] INFO  grpc.GrpcConfigKeys (ConfUtils.java:logFallback(53)) - raft.grpc.client.host = null (fallback to raft.grpc.server.host)
2024-02-22 20:33:32,472 [main] INFO  grpc.GrpcConfigKeys (ConfUtils.java:logGet(46)) - raft.grpc.client.port = 15030 (custom)
2024-02-22 20:33:32,472 [main] INFO  grpc.GrpcConfigKeys (ConfUtils.java:logGet(46)) - raft.grpc.server.host = null (default)
2024-02-22 20:33:32,472 [main] INFO  grpc.GrpcConfigKeys (ConfUtils.java:logGet(46)) - raft.grpc.server.port = 15032 (custom)
2024-02-22 20:33:32,473 [main] INFO  server.GrpcService (ConfUtils.java:logGet(46)) - raft.grpc.message.size.max = 32MB (=33554432) (custom)
2024-02-22 20:33:32,473 [main] INFO  server.RaftServerConfigKeys (ConfUtils.java:logGet(46)) - raft.server.log.appender.buffer.byte-limit = 8388608 (custom)
2024-02-22 20:33:32,473 [main] INFO  server.GrpcService (ConfUtils.java:logGet(46)) - raft.grpc.flow.control.window = 5MB (=5242880) (custom)
2024-02-22 20:33:32,473 [main] INFO  server.RaftServerConfigKeys (ConfUtils.java:logGet(46)) - raft.server.rpc.request.timeout = 60s (custom)
2024-02-22 20:33:32,474 [main] INFO  grpc.GrpcConfigKeys (ConfUtils.java:logGet(46)) - raft.grpc.server.heartbeat.channel = true (default)
2024-02-22 20:33:32,474 [main] INFO  grpc.GrpcConfigKeys (ConfUtils.java:logGet(46)) - raft.grpc.server.async.request.thread.pool.cached = true (default)
2024-02-22 20:33:32,474 [main] INFO  grpc.GrpcConfigKeys (ConfUtils.java:logGet(46)) - raft.grpc.server.async.request.thread.pool.size = 32 (default)
2024-02-22 20:33:32,476 [main] INFO  impl.DataStreamServerImpl (ConfUtils.java:logGet(46)) - raft.datastream.type = NETTY (custom)
2024-02-22 20:33:32,476 [main] INFO  server.RaftServerConfigKeys (ConfUtils.java:logGet(46)) - raft.server.data-stream.async.request.thread.pool.cached = false (default)
2024-02-22 20:33:32,477 [main] INFO  server.RaftServerConfigKeys (ConfUtils.java:logGet(46)) - raft.server.data-stream.async.request.thread.pool.size = 20 (custom)
2024-02-22 20:33:32,477 [main] INFO  server.RaftServerConfigKeys (ConfUtils.java:logGet(46)) - raft.server.data-stream.async.write.thread.pool.size = 16 (default)
2024-02-22 20:33:32,477 [main] INFO  netty.NettyConfigKeys$DataStream (ConfUtils.java:logGet(46)) - raft.netty.dataStream.server.channel.inactive.grace-period = 10min (default)
2024-02-22 20:33:32,477 [main] INFO  server.RaftServerConfigKeys (ConfUtils.java:logGet(46)) - raft.server.data-stream.client.pool.size = 10 (default)
2024-02-22 20:33:32,478 [main] INFO  netty.NettyConfigKeys$DataStream (ConfUtils.java:logGet(46)) - raft.netty.dataStream.server.use-epoll = true (default)
2024-02-22 20:33:32,478 [main] INFO  netty.NettyConfigKeys$DataStream (ConfUtils.java:logGet(46)) - raft.netty.dataStream.server.boss-group.size = 0 (default)
2024-02-22 20:33:32,478 [main] INFO  netty.NettyUtils (NettyUtils.java:newEventLoopGroup(69)) - Create EpollEventLoopGroup for d25dc3b0-28fc-4383-b1a0-617845025f41-NettyServerStreamRpc-bossGroup; Thread size is 0.
2024-02-22 20:33:32,479 [main] INFO  netty.NettyConfigKeys$DataStream (ConfUtils.java:logGet(46)) - raft.netty.dataStream.server.worker-group.size = 0 (default)
2024-02-22 20:33:32,479 [main] INFO  netty.NettyUtils (NettyUtils.java:newEventLoopGroup(69)) - Create EpollEventLoopGroup for d25dc3b0-28fc-4383-b1a0-617845025f41-NettyServerStreamRpc-workerGroup; Thread size is 0.
2024-02-22 20:33:32,479 [main] INFO  netty.NettyConfigKeys$DataStream (ConfUtils.java:logGet(46)) - raft.netty.dataStream.server.tls.conf = null (default)
2024-02-22 20:33:32,479 [main] INFO  netty.NettyConfigKeys$DataStream (ConfUtils.java:logGet(46)) - raft.netty.dataStream.host = null (default)
2024-02-22 20:33:32,480 [main] INFO  netty.NettyConfigKeys$DataStream (ConfUtils.java:logGet(46)) - raft.netty.dataStream.port = 15033 (custom)
2024-02-22 20:33:32,480 [main] INFO  server.RaftServerConfigKeys (ConfUtils.java:logGet(46)) - raft.server.sleep.deviation.threshold = 300ms (default)
2024-02-22 20:33:32,481 [main] INFO  server.RaftServerConfigKeys (ConfUtils.java:logGet(46)) - raft.server.close.threshold = 60s (default)
2024-02-22 20:33:32,481 [d25dc3b0-28fc-4383-b1a0-617845025f41-NettyServerStreamRpc-bossGroup--thread1] INFO  logging.LoggingHandler (AbstractInternalLogger.java:log(148)) - [id: 0xfa8d8c75] REGISTERED
2024-02-22 20:33:32,481 [main] INFO  server.RaftServerConfigKeys (ConfUtils.java:logGet(46)) - raft.server.leaderelection.leader.step-down.wait-time = 10s (default)
2024-02-22 20:33:32,482 [d25dc3b0-28fc-4383-b1a0-617845025f41-NettyServerStreamRpc-bossGroup--thread1] INFO  logging.LoggingHandler (AbstractInternalLogger.java:log(148)) - [id: 0xfa8d8c75] BIND: 0.0.0.0/0.0.0.0:15033
2024-02-22 20:33:32,482 [main] INFO  server.RaftServerConfigKeys (ConfUtils.java:logGet(46)) - raft.server.storage.dir = [/home/runner/work/ozone/ozone/hadoop-ozone/integration-test/target/test-dir/MiniOzoneClusterImpl-a0fc024b-a492-45a5-9697-b0d14f72cb5c/datanode-2/data/ratis] (custom)
2024-02-22 20:33:32,482 [d25dc3b0-28fc-4383-b1a0-617845025f41-NettyServerStreamRpc-bossGroup--thread1] INFO  logging.LoggingHandler (AbstractInternalLogger.java:log(148)) - [id: 0xfa8d8c75, L:/0.0.0.0:15033] ACTIVE
2024-02-22 20:33:32,482 [main] INFO  server.RaftServerConfigKeys (ConfUtils.java:logGet(46)) - raft.server.threadpool.proxy.cached = true (default)
2024-02-22 20:33:32,482 [main] INFO  server.RaftServerConfigKeys (ConfUtils.java:logGet(46)) - raft.server.threadpool.proxy.size = 0 (default)
2024-02-22 20:33:32,483 [d25dc3b0-28fc-4383-b1a0-617845025f41-impl-thread1] INFO  server.RaftServer (RaftServerProxy.java:initGroupDir(264)) - d25dc3b0-28fc-4383-b1a0-617845025f41: found a subdirectory /home/runner/work/ozone/ozone/hadoop-ozone/integration-test/target/test-dir/MiniOzoneClusterImpl-a0fc024b-a492-45a5-9697-b0d14f72cb5c/datanode-2/data/ratis/tmp
2024-02-22 20:33:32,483 [d25dc3b0-28fc-4383-b1a0-617845025f41-impl-thread1] INFO  server.RaftServer (RaftServerProxy.java:initGroupDir(269)) - d25dc3b0-28fc-4383-b1a0-617845025f41: The directory /home/runner/work/ozone/ozone/hadoop-ozone/integration-test/target/test-dir/MiniOzoneClusterImpl-a0fc024b-a492-45a5-9697-b0d14f72cb5c/datanode-2/data/ratis/tmp is not a group directory; ignoring it. 
2024-02-22 20:33:32,483 [main] INFO  replication.ReplicationServer (ReplicationServer.java:<init>(86)) - Initializing replication server with thread count = 10 queue length = 4096
2024-02-22 20:33:32,484 [main] INFO  server.XceiverServerGrpc (XceiverServerGrpc.java:<init>(141)) - GrpcServer channel type EpollServerSocketChannel
2024-02-22 20:33:32,487 [main] INFO  replication.ReplicationSupervisor (ReplicationSupervisor.java:build(163)) - Initializing replication supervisor with thread count = 10
2024-02-22 20:33:32,487 [main] INFO  replication.ReplicationSupervisor (ReplicationSupervisor.java:nodeStateUpdated(317)) - Node state updated to IN_SERVICE, scaling executor pool size to 10
2024-02-22 20:33:32,490 [main] INFO  http.BaseHttpServer (BaseHttpServer.java:newHttpServer2BuilderForOzone(223)) - Starting Web-server for hddsDatanode at: http://0.0.0.0:15027
2024-02-22 20:33:32,490 [main] INFO  http.BaseHttpServer (BaseHttpServer.java:<init>(110)) - Hadoop Security Enabled: false Ozone Security Enabled: false Ozone HTTP Security Enabled: false 
2024-02-22 20:33:32,491 [main] WARN  server.AuthenticationFilter (AuthenticationFilter.java:constructSecretProvider(240)) - Unable to initialize FileSignerSecretProvider, falling back to use random secrets. Reason: Could not read signature secret file: /home/runner/hadoop-http-auth-signature-secret
2024-02-22 20:33:32,492 [main] INFO  http.HttpRequestLog (HttpRequestLog.java:getRequestLog(86)) - Http request log for http.requests.hddsDatanode is not defined
2024-02-22 20:33:32,494 [main] INFO  http.HttpServer2 (HttpServer2.java:addGlobalFilter(1036)) - Added global filter 'safety' (class=org.apache.hadoop.hdds.server.http.HttpServer2$QuotingInputFilter)
2024-02-22 20:33:32,494 [main] INFO  http.HttpServer2 (HttpServer2.java:addFilter(1012)) - Added filter static_user_filter (class=org.apache.hadoop.http.lib.StaticUserWebFilter$StaticUserFilter) to context hddsDatanode
2024-02-22 20:33:32,495 [main] INFO  http.HttpServer2 (HttpServer2.java:addFilter(1020)) - Added filter static_user_filter (class=org.apache.hadoop.http.lib.StaticUserWebFilter$StaticUserFilter) to context static
2024-02-22 20:33:32,495 [main] INFO  http.HttpServer2 (HttpServer2.java:addFilter(1020)) - Added filter static_user_filter (class=org.apache.hadoop.http.lib.StaticUserWebFilter$StaticUserFilter) to context logs
2024-02-22 20:33:32,495 [main] INFO  http.BaseHttpServer (BaseHttpServer.java:<init>(189)) - HTTP server of hddsDatanode uses base directory /home/runner/work/ozone/ozone/hadoop-ozone/integration-test/target/test-dir/MiniOzoneClusterImpl-a0fc024b-a492-45a5-9697-b0d14f72cb5c/datanode-2/meta/webserver
2024-02-22 20:33:32,496 [main] INFO  http.HttpServer2 (HttpServer2.java:bindListener(1236)) - Jetty bound to port 15027
2024-02-22 20:33:32,496 [main] INFO  server.Server (Server.java:doStart(375)) - jetty-9.4.53.v20231009; built: 2023-10-09T12:29:09.265Z; git: 27bde00a0b95a1d5bbee0eae7984f891d2d0f8c9; jvm 1.8.0_402-b06
2024-02-22 20:33:32,497 [main] INFO  server.session (DefaultSessionIdManager.java:doStart(334)) - DefaultSessionIdManager workerName=node0
2024-02-22 20:33:32,497 [main] INFO  server.session (DefaultSessionIdManager.java:doStart(339)) - No SessionScavenger set, using defaults
2024-02-22 20:33:32,497 [main] INFO  server.session (HouseKeeper.java:startScavenging(132)) - node0 Scavenging every 600000ms
2024-02-22 20:33:32,498 [main] INFO  handler.ContextHandler (ContextHandler.java:doStart(921)) - Started o.e.j.s.ServletContextHandler@36f6de29{logs,/logs,file:///home/runner/work/ozone/ozone/hadoop-ozone/integration-test/target/log,AVAILABLE}
2024-02-22 20:33:32,499 [main] INFO  handler.ContextHandler (ContextHandler.java:doStart(921)) - Started o.e.j.s.ServletContextHandler@1d381c96{static,/static,jar:file:/home/runner/.m2/repository/org/apache/ozone/hdds-container-service/1.5.0-SNAPSHOT/hdds-container-service-1.5.0-SNAPSHOT.jar!/webapps/static,AVAILABLE}
2024-02-22 20:33:32,532 [main] INFO  handler.ContextHandler (ContextHandler.java:doStart(921)) - Started o.e.j.w.WebAppContext@116c8532{hddsDatanode,/,file:///home/runner/work/ozone/ozone/hadoop-ozone/integration-test/target/test-dir/MiniOzoneClusterImpl-a0fc024b-a492-45a5-9697-b0d14f72cb5c/datanode-2/meta/webserver/jetty-0_0_0_0-15027-hdds-container-service-1_5_0-SNAPSHOT_jar-_-any-7035718156446434649/webapp/,AVAILABLE}{jar:file:/home/runner/.m2/repository/org/apache/ozone/hdds-container-service/1.5.0-SNAPSHOT/hdds-container-service-1.5.0-SNAPSHOT.jar!/webapps/hddsDatanode}
2024-02-22 20:33:32,534 [main] INFO  server.AbstractConnector (AbstractConnector.java:doStart(333)) - Started ServerConnector@70077a14{HTTP/1.1, (http/1.1)}{0.0.0.0:15027}
2024-02-22 20:33:32,534 [main] INFO  server.Server (Server.java:doStart(415)) - Started @6915ms
2024-02-22 20:33:32,534 [main] WARN  impl.MetricsSystemImpl (MetricsSystemImpl.java:register(279)) - Sink prometheus already exists!
2024-02-22 20:33:32,535 [main] INFO  http.BaseHttpServer (BaseHttpServer.java:updateConnectorAddress(354)) - HTTP server of hddsDatanode listening at http://0.0.0.0:15027
2024-02-22 20:33:32,535 [main] INFO  ipc.CallQueueManager (CallQueueManager.java:<init>(90)) - Using callQueue: class java.util.concurrent.LinkedBlockingQueue, queueCapacity: 100, scheduler: class org.apache.hadoop.ipc.DefaultRpcScheduler, ipcBackoff: false.
2024-02-22 20:33:32,536 [main] INFO  ipc.Server (Server.java:<init>(1287)) - Listener at 0.0.0.0:15028
2024-02-22 20:33:32,536 [Socket Reader #1 for port 15028] INFO  ipc.Server (Server.java:run(1323)) - Starting Socket Reader #1 for port 15028
2024-02-22 20:33:32,538 [main] INFO  ozone.HddsDatanodeService (HddsDatanodeService.java:start(327)) - Datanode start with admins: [runner]
2024-02-22 20:33:32,538 [main] INFO  ozone.HddsDatanodeClientProtocolServer (HddsDatanodeClientProtocolServer.java:start(72)) - RPC server for Client /0.0.0.0:15028
2024-02-22 20:33:32,539 [IPC Server Responder] INFO  ipc.Server (Server.java:run(1562)) - IPC Server Responder: starting
2024-02-22 20:33:32,539 [IPC Server listener on 15028] INFO  ipc.Server (Server.java:run(1402)) - IPC Server listener on 15028: starting
2024-02-22 20:33:32,543 [main] WARN  dropwizard3.Dm3MetricRegistriesImpl (Dm3MetricRegistriesImpl.java:addReporterRegistration(113)) - New reporters are added after registries were created. Some metrics will be missing from the reporter. Please add reporter before adding any new registry.
2024-02-22 20:33:32,543 [main] WARN  dropwizard3.Dm3MetricRegistriesImpl (Dm3MetricRegistriesImpl.java:addReporterRegistration(113)) - New reporters are added after registries were created. Some metrics will be missing from the reporter. Please add reporter before adding any new registry.
2024-02-22 20:33:32,543 [d25dc3b0-28fc-4383-b1a0-617845025f41-DatanodeStateMachineDaemonThread] INFO  statemachine.DatanodeStateMachine (DatanodeStateMachine.java:lambda$startDaemon$1(555)) - Ozone container server started.
2024-02-22 20:33:32,543 [main] INFO  impl.MetricsSystemImpl (MetricsSystemImpl.java:init(158)) - HddsDatanode metrics system started (again)
2024-02-22 20:33:32,548 [d25dc3b0-28fc-4383-b1a0-617845025f41-DatanodeStateMachineTaskThread-0] INFO  datanode.InitDatanodeState (InitDatanodeState.java:persistContainerDatanodeDetails(139)) - DatanodeDetails is persisted to /home/runner/work/ozone/ozone/hadoop-ozone/integration-test/target/test-dir/MiniOzoneClusterImpl-a0fc024b-a492-45a5-9697-b0d14f72cb5c/datanode-2/meta/datanode.id
2024-02-22 20:33:32,553 [main] INFO  ozone.HddsDatanodeService (HddsDatanodeService.java:start(240)) - HddsDatanodeService host:fv-az779-213.k0faouyluq4u1aavuapgg5xmpb.cx.internal.cloudapp.net ip:10.1.0.33
2024-02-22 20:33:32,569 [main] INFO  upgrade.AbstractLayoutVersionManager (AbstractLayoutVersionManager.java:init(83)) - Initializing Layout version manager with metadata layout = HADOOP_PRC_PORTS_IN_DATANODEDETAILS (version = 7), software layout = HADOOP_PRC_PORTS_IN_DATANODEDETAILS (version = 7)
2024-02-22 20:33:32,570 [main] INFO  statemachine.DatanodeStateMachine (DatanodeStateMachine.java:getEndPointTaskThreadPoolSize(299)) - Datanode State Machine Task Thread Pool size 2
2024-02-22 20:33:32,573 [main] INFO  volume.HddsVolume (HddsVolume.java:<init>(125)) - Creating HddsVolume: /home/runner/work/ozone/ozone/hadoop-ozone/integration-test/target/test-dir/MiniOzoneClusterImpl-a0fc024b-a492-45a5-9697-b0d14f72cb5c/datanode-3/data-0/containers/hdds of storage type : DISK capacity : 9223372036854775807
2024-02-22 20:33:32,574 [main] INFO  volume.MutableVolumeSet (MutableVolumeSet.java:initializeVolumeSet(173)) - Added Volume : /home/runner/work/ozone/ozone/hadoop-ozone/integration-test/target/test-dir/MiniOzoneClusterImpl-a0fc024b-a492-45a5-9697-b0d14f72cb5c/datanode-3/data-0/containers/hdds to VolumeSet
2024-02-22 20:33:32,575 [main] INFO  volume.MutableVolumeSet (MutableVolumeSet.java:initializeVolumeSet(173)) - Added Volume : /home/runner/work/ozone/ozone/hadoop-ozone/integration-test/target/test-dir/MiniOzoneClusterImpl-a0fc024b-a492-45a5-9697-b0d14f72cb5c/datanode-3/data/ratis to VolumeSet
2024-02-22 20:33:32,576 [main] INFO  ozoneimpl.OzoneContainer (HddsVolumeUtil.java:loadAllHddsVolumeDbStore(103)) - Load 1 volumes DbStore cost: 1ms
2024-02-22 20:33:32,579 [main] INFO  server.RaftServer (ConfUtils.java:logGet(46)) - raft.rpc.type = GRPC (default)
2024-02-22 20:33:32,579 [main] INFO  grpc.GrpcConfigKeys (ConfUtils.java:logFallback(53)) - raft.grpc.admin.host = null (fallback to raft.grpc.server.host)
2024-02-22 20:33:32,579 [main] INFO  grpc.GrpcConfigKeys (ConfUtils.java:logGet(46)) - raft.grpc.admin.port = 15040 (custom)
2024-02-22 20:33:32,579 [main] INFO  grpc.GrpcConfigKeys (ConfUtils.java:logFallback(53)) - raft.grpc.client.host = null (fallback to raft.grpc.server.host)
2024-02-22 20:33:32,579 [main] INFO  grpc.GrpcConfigKeys (ConfUtils.java:logGet(46)) - raft.grpc.client.port = 15039 (custom)
2024-02-22 20:33:32,580 [main] INFO  grpc.GrpcConfigKeys (ConfUtils.java:logGet(46)) - raft.grpc.server.host = null (default)
2024-02-22 20:33:32,580 [main] INFO  grpc.GrpcConfigKeys (ConfUtils.java:logGet(46)) - raft.grpc.server.port = 15041 (custom)
2024-02-22 20:33:32,580 [main] INFO  server.GrpcService (ConfUtils.java:logGet(46)) - raft.grpc.message.size.max = 32MB (=33554432) (custom)
2024-02-22 20:33:32,580 [main] INFO  server.RaftServerConfigKeys (ConfUtils.java:logGet(46)) - raft.server.log.appender.buffer.byte-limit = 8388608 (custom)
2024-02-22 20:33:32,581 [main] INFO  server.GrpcService (ConfUtils.java:logGet(46)) - raft.grpc.flow.control.window = 5MB (=5242880) (custom)
2024-02-22 20:33:32,581 [main] INFO  server.RaftServerConfigKeys (ConfUtils.java:logGet(46)) - raft.server.rpc.request.timeout = 60s (custom)
2024-02-22 20:33:32,581 [main] INFO  grpc.GrpcConfigKeys (ConfUtils.java:logGet(46)) - raft.grpc.server.heartbeat.channel = true (default)
2024-02-22 20:33:32,581 [main] INFO  grpc.GrpcConfigKeys (ConfUtils.java:logGet(46)) - raft.grpc.server.async.request.thread.pool.cached = true (default)
2024-02-22 20:33:32,582 [main] INFO  grpc.GrpcConfigKeys (ConfUtils.java:logGet(46)) - raft.grpc.server.async.request.thread.pool.size = 32 (default)
2024-02-22 20:33:32,584 [main] INFO  impl.DataStreamServerImpl (ConfUtils.java:logGet(46)) - raft.datastream.type = NETTY (custom)
2024-02-22 20:33:32,585 [main] INFO  server.RaftServerConfigKeys (ConfUtils.java:logGet(46)) - raft.server.data-stream.async.request.thread.pool.cached = false (default)
2024-02-22 20:33:32,585 [main] INFO  server.RaftServerConfigKeys (ConfUtils.java:logGet(46)) - raft.server.data-stream.async.request.thread.pool.size = 20 (custom)
2024-02-22 20:33:32,585 [main] INFO  server.RaftServerConfigKeys (ConfUtils.java:logGet(46)) - raft.server.data-stream.async.write.thread.pool.size = 16 (default)
2024-02-22 20:33:32,586 [main] INFO  netty.NettyConfigKeys$DataStream (ConfUtils.java:logGet(46)) - raft.netty.dataStream.server.channel.inactive.grace-period = 10min (default)
2024-02-22 20:33:32,586 [main] INFO  server.RaftServerConfigKeys (ConfUtils.java:logGet(46)) - raft.server.data-stream.client.pool.size = 10 (default)
2024-02-22 20:33:32,586 [main] INFO  netty.NettyConfigKeys$DataStream (ConfUtils.java:logGet(46)) - raft.netty.dataStream.server.use-epoll = true (default)
2024-02-22 20:33:32,586 [main] INFO  netty.NettyConfigKeys$DataStream (ConfUtils.java:logGet(46)) - raft.netty.dataStream.server.boss-group.size = 0 (default)
2024-02-22 20:33:32,587 [main] INFO  netty.NettyUtils (NettyUtils.java:newEventLoopGroup(69)) - Create EpollEventLoopGroup for 4e8f68d6-fd98-4f77-87e3-715939181693-NettyServerStreamRpc-bossGroup; Thread size is 0.
2024-02-22 20:33:32,587 [main] INFO  netty.NettyConfigKeys$DataStream (ConfUtils.java:logGet(46)) - raft.netty.dataStream.server.worker-group.size = 0 (default)
2024-02-22 20:33:32,588 [main] INFO  netty.NettyUtils (NettyUtils.java:newEventLoopGroup(69)) - Create EpollEventLoopGroup for 4e8f68d6-fd98-4f77-87e3-715939181693-NettyServerStreamRpc-workerGroup; Thread size is 0.
2024-02-22 20:33:32,588 [main] INFO  netty.NettyConfigKeys$DataStream (ConfUtils.java:logGet(46)) - raft.netty.dataStream.server.tls.conf = null (default)
2024-02-22 20:33:32,589 [main] INFO  netty.NettyConfigKeys$DataStream (ConfUtils.java:logGet(46)) - raft.netty.dataStream.host = null (default)
2024-02-22 20:33:32,589 [main] INFO  netty.NettyConfigKeys$DataStream (ConfUtils.java:logGet(46)) - raft.netty.dataStream.port = 15042 (custom)
2024-02-22 20:33:32,589 [main] INFO  server.RaftServerConfigKeys (ConfUtils.java:logGet(46)) - raft.server.sleep.deviation.threshold = 300ms (default)
2024-02-22 20:33:32,590 [main] INFO  server.RaftServerConfigKeys (ConfUtils.java:logGet(46)) - raft.server.close.threshold = 60s (default)
2024-02-22 20:33:32,590 [4e8f68d6-fd98-4f77-87e3-715939181693-NettyServerStreamRpc-bossGroup--thread1] INFO  logging.LoggingHandler (AbstractInternalLogger.java:log(148)) - [id: 0x7d7dd17b] REGISTERED
2024-02-22 20:33:32,591 [main] INFO  server.RaftServerConfigKeys (ConfUtils.java:logGet(46)) - raft.server.leaderelection.leader.step-down.wait-time = 10s (default)
2024-02-22 20:33:32,591 [4e8f68d6-fd98-4f77-87e3-715939181693-NettyServerStreamRpc-bossGroup--thread1] INFO  logging.LoggingHandler (AbstractInternalLogger.java:log(148)) - [id: 0x7d7dd17b] BIND: 0.0.0.0/0.0.0.0:15042
2024-02-22 20:33:32,591 [main] INFO  server.RaftServerConfigKeys (ConfUtils.java:logGet(46)) - raft.server.storage.dir = [/home/runner/work/ozone/ozone/hadoop-ozone/integration-test/target/test-dir/MiniOzoneClusterImpl-a0fc024b-a492-45a5-9697-b0d14f72cb5c/datanode-3/data/ratis] (custom)
2024-02-22 20:33:32,591 [4e8f68d6-fd98-4f77-87e3-715939181693-NettyServerStreamRpc-bossGroup--thread1] INFO  logging.LoggingHandler (AbstractInternalLogger.java:log(148)) - [id: 0x7d7dd17b, L:/0.0.0.0:15042] ACTIVE
2024-02-22 20:33:32,591 [main] INFO  server.RaftServerConfigKeys (ConfUtils.java:logGet(46)) - raft.server.threadpool.proxy.cached = true (default)
2024-02-22 20:33:32,591 [main] INFO  server.RaftServerConfigKeys (ConfUtils.java:logGet(46)) - raft.server.threadpool.proxy.size = 0 (default)
2024-02-22 20:33:32,592 [4e8f68d6-fd98-4f77-87e3-715939181693-impl-thread1] INFO  server.RaftServer (RaftServerProxy.java:initGroupDir(264)) - 4e8f68d6-fd98-4f77-87e3-715939181693: found a subdirectory /home/runner/work/ozone/ozone/hadoop-ozone/integration-test/target/test-dir/MiniOzoneClusterImpl-a0fc024b-a492-45a5-9697-b0d14f72cb5c/datanode-3/data/ratis/tmp
2024-02-22 20:33:32,592 [4e8f68d6-fd98-4f77-87e3-715939181693-impl-thread1] INFO  server.RaftServer (RaftServerProxy.java:initGroupDir(269)) - 4e8f68d6-fd98-4f77-87e3-715939181693: The directory /home/runner/work/ozone/ozone/hadoop-ozone/integration-test/target/test-dir/MiniOzoneClusterImpl-a0fc024b-a492-45a5-9697-b0d14f72cb5c/datanode-3/data/ratis/tmp is not a group directory; ignoring it. 
2024-02-22 20:33:32,592 [main] INFO  replication.ReplicationServer (ReplicationServer.java:<init>(86)) - Initializing replication server with thread count = 10 queue length = 4096
2024-02-22 20:33:32,594 [main] INFO  server.XceiverServerGrpc (XceiverServerGrpc.java:<init>(141)) - GrpcServer channel type EpollServerSocketChannel
2024-02-22 20:33:32,596 [main] INFO  replication.ReplicationSupervisor (ReplicationSupervisor.java:build(163)) - Initializing replication supervisor with thread count = 10
2024-02-22 20:33:32,596 [main] INFO  replication.ReplicationSupervisor (ReplicationSupervisor.java:nodeStateUpdated(317)) - Node state updated to IN_SERVICE, scaling executor pool size to 10
2024-02-22 20:33:32,599 [main] INFO  http.BaseHttpServer (BaseHttpServer.java:newHttpServer2BuilderForOzone(223)) - Starting Web-server for hddsDatanode at: http://0.0.0.0:15036
2024-02-22 20:33:32,599 [main] INFO  http.BaseHttpServer (BaseHttpServer.java:<init>(110)) - Hadoop Security Enabled: false Ozone Security Enabled: false Ozone HTTP Security Enabled: false 
2024-02-22 20:33:32,601 [main] WARN  server.AuthenticationFilter (AuthenticationFilter.java:constructSecretProvider(240)) - Unable to initialize FileSignerSecretProvider, falling back to use random secrets. Reason: Could not read signature secret file: /home/runner/hadoop-http-auth-signature-secret
2024-02-22 20:33:32,601 [main] INFO  http.HttpRequestLog (HttpRequestLog.java:getRequestLog(86)) - Http request log for http.requests.hddsDatanode is not defined
2024-02-22 20:33:32,603 [main] INFO  http.HttpServer2 (HttpServer2.java:addGlobalFilter(1036)) - Added global filter 'safety' (class=org.apache.hadoop.hdds.server.http.HttpServer2$QuotingInputFilter)
2024-02-22 20:33:32,603 [main] INFO  http.HttpServer2 (HttpServer2.java:addFilter(1012)) - Added filter static_user_filter (class=org.apache.hadoop.http.lib.StaticUserWebFilter$StaticUserFilter) to context hddsDatanode
2024-02-22 20:33:32,604 [main] INFO  http.HttpServer2 (HttpServer2.java:addFilter(1020)) - Added filter static_user_filter (class=org.apache.hadoop.http.lib.StaticUserWebFilter$StaticUserFilter) to context logs
2024-02-22 20:33:32,604 [main] INFO  http.HttpServer2 (HttpServer2.java:addFilter(1020)) - Added filter static_user_filter (class=org.apache.hadoop.http.lib.StaticUserWebFilter$StaticUserFilter) to context static
2024-02-22 20:33:32,604 [main] INFO  http.BaseHttpServer (BaseHttpServer.java:<init>(189)) - HTTP server of hddsDatanode uses base directory /home/runner/work/ozone/ozone/hadoop-ozone/integration-test/target/test-dir/MiniOzoneClusterImpl-a0fc024b-a492-45a5-9697-b0d14f72cb5c/datanode-3/meta/webserver
2024-02-22 20:33:32,605 [main] INFO  http.HttpServer2 (HttpServer2.java:bindListener(1236)) - Jetty bound to port 15036
2024-02-22 20:33:32,605 [main] INFO  server.Server (Server.java:doStart(375)) - jetty-9.4.53.v20231009; built: 2023-10-09T12:29:09.265Z; git: 27bde00a0b95a1d5bbee0eae7984f891d2d0f8c9; jvm 1.8.0_402-b06
2024-02-22 20:33:32,607 [main] INFO  server.session (DefaultSessionIdManager.java:doStart(334)) - DefaultSessionIdManager workerName=node0
2024-02-22 20:33:32,607 [main] INFO  server.session (DefaultSessionIdManager.java:doStart(339)) - No SessionScavenger set, using defaults
2024-02-22 20:33:32,607 [main] INFO  server.session (HouseKeeper.java:startScavenging(132)) - node0 Scavenging every 600000ms
2024-02-22 20:33:32,608 [main] INFO  handler.ContextHandler (ContextHandler.java:doStart(921)) - Started o.e.j.s.ServletContextHandler@379538cd{logs,/logs,file:///home/runner/work/ozone/ozone/hadoop-ozone/integration-test/target/log,AVAILABLE}
2024-02-22 20:33:32,608 [main] INFO  handler.ContextHandler (ContextHandler.java:doStart(921)) - Started o.e.j.s.ServletContextHandler@41892596{static,/static,jar:file:/home/runner/.m2/repository/org/apache/ozone/hdds-container-service/1.5.0-SNAPSHOT/hdds-container-service-1.5.0-SNAPSHOT.jar!/webapps/static,AVAILABLE}
2024-02-22 20:33:32,623 [om1@group-C5BA1605619E-FollowerState] INFO  impl.FollowerState (FollowerState.java:run(143)) - om1@group-C5BA1605619E-FollowerState: change to CANDIDATE, lastRpcElapsedTime:1008195744ns, electionTimeout:1001ms
2024-02-22 20:33:32,623 [om1@group-C5BA1605619E-FollowerState] INFO  impl.RoleInfo (RoleInfo.java:shutdownFollowerState(110)) - om1: shutdown om1@group-C5BA1605619E-FollowerState
2024-02-22 20:33:32,624 [om1@group-C5BA1605619E-FollowerState] INFO  server.RaftServer$Division (RaftServerImpl.java:setRole(383)) - om1@group-C5BA1605619E: changes role from  FOLLOWER to CANDIDATE at term 0 for changeToCandidate
2024-02-22 20:33:32,626 [om1@group-C5BA1605619E-FollowerState] INFO  server.RaftServerConfigKeys (ConfUtils.java:logGet(46)) - raft.server.leaderelection.pre-vote = true (default)
2024-02-22 20:33:32,626 [om1@group-C5BA1605619E-FollowerState] INFO  impl.RoleInfo (RoleInfo.java:updateAndGet(139)) - om1: start om1@group-C5BA1605619E-LeaderElection1
2024-02-22 20:33:32,630 [om1@group-C5BA1605619E-LeaderElection1] INFO  impl.LeaderElection (LeaderElection.java:askForVotes(321)) - om1@group-C5BA1605619E-LeaderElection1 PRE_VOTE round 0: submit vote requests at term 0 for -1: peers:[om1|localhost:15007]|listeners:[], old=null
2024-02-22 20:33:32,631 [om1@group-C5BA1605619E-LeaderElection1] INFO  impl.LeaderElection (LeaderElection.java:askForVotes(323)) - om1@group-C5BA1605619E-LeaderElection1 PRE_VOTE round 0: result PASSED (term=0)
2024-02-22 20:33:32,633 [om1@group-C5BA1605619E-LeaderElection1] INFO  impl.LeaderElection (LeaderElection.java:askForVotes(321)) - om1@group-C5BA1605619E-LeaderElection1 ELECTION round 0: submit vote requests at term 1 for -1: peers:[om1|localhost:15007]|listeners:[], old=null
2024-02-22 20:33:32,633 [om1@group-C5BA1605619E-LeaderElection1] INFO  impl.LeaderElection (LeaderElection.java:askForVotes(323)) - om1@group-C5BA1605619E-LeaderElection1 ELECTION round 0: result PASSED (term=1)
2024-02-22 20:33:32,633 [om1@group-C5BA1605619E-LeaderElection1] INFO  impl.RoleInfo (RoleInfo.java:shutdownLeaderElection(130)) - om1: shutdown om1@group-C5BA1605619E-LeaderElection1
2024-02-22 20:33:32,634 [om1@group-C5BA1605619E-LeaderElection1] INFO  server.RaftServer$Division (RaftServerImpl.java:setRole(383)) - om1@group-C5BA1605619E: changes role from CANDIDATE to LEADER at term 1 for changeToLeader
2024-02-22 20:33:32,641 [om1@group-C5BA1605619E-LeaderElection1] INFO  server.RaftServerConfigKeys (ConfUtils.java:logGet(46)) - raft.server.staging.catchup.gap = 1000 (default)
2024-02-22 20:33:32,645 [om1@group-C5BA1605619E-LeaderElection1] INFO  server.RaftServerConfigKeys (ConfUtils.java:logGet(46)) - raft.server.write.element-limit = 4096 (default)
2024-02-22 20:33:32,646 [om1@group-C5BA1605619E-LeaderElection1] INFO  server.RaftServerConfigKeys (ConfUtils.java:logGet(46)) - raft.server.write.byte-limit = 64MB (=67108864) (default)
2024-02-22 20:33:32,649 [om1@group-C5BA1605619E-LeaderElection1] INFO  server.RaftServerConfigKeys (ConfUtils.java:logGet(46)) - raft.server.watch.timeout = 10s (default)
2024-02-22 20:33:32,649 [om1@group-C5BA1605619E-LeaderElection1] INFO  server.RaftServerConfigKeys (ConfUtils.java:logGet(46)) - raft.server.watch.timeout.denomination = 1s (default)
2024-02-22 20:33:32,649 [om1@group-C5BA1605619E-LeaderElection1] INFO  server.RaftServerConfigKeys (ConfUtils.java:logGet(46)) - raft.server.watch.element-limit = 65536 (default)
2024-02-22 20:33:32,654 [om1@group-C5BA1605619E-LeaderElection1] INFO  server.RaftServerConfigKeys (ConfUtils.java:logGet(46)) - raft.server.read.leader.lease.enabled = false (default)
2024-02-22 20:33:32,656 [om1@group-C5BA1605619E-LeaderElection1] INFO  server.RaftServerConfigKeys (ConfUtils.java:logGet(46)) - raft.server.read.leader.lease.timeout.ratio = 0.9 (default)
2024-02-22 20:33:32,656 [om1@group-C5BA1605619E-LeaderElection1] INFO  server.RaftServerConfigKeys (ConfUtils.java:logGet(46)) - raft.server.rpc.timeout.min = 1s (custom)
2024-02-22 20:33:32,656 [om1@group-C5BA1605619E-LeaderElection1] INFO  server.RaftServerConfigKeys (ConfUtils.java:logGet(46)) - raft.server.write.element-limit = 4096 (default)
2024-02-22 20:33:32,657 [om1@group-C5BA1605619E-LeaderElection1] INFO  server.RaftServerConfigKeys (ConfUtils.java:logGet(46)) - raft.server.write.follower.gap.ratio.max = -1.0 (default)
2024-02-22 20:33:32,657 [main] INFO  handler.ContextHandler (ContextHandler.java:doStart(921)) - Started o.e.j.w.WebAppContext@5814caee{hddsDatanode,/,file:///home/runner/work/ozone/ozone/hadoop-ozone/integration-test/target/test-dir/MiniOzoneClusterImpl-a0fc024b-a492-45a5-9697-b0d14f72cb5c/datanode-3/meta/webserver/jetty-0_0_0_0-15036-hdds-container-service-1_5_0-SNAPSHOT_jar-_-any-1183575034392215752/webapp/,AVAILABLE}{jar:file:/home/runner/.m2/repository/org/apache/ozone/hdds-container-service/1.5.0-SNAPSHOT/hdds-container-service-1.5.0-SNAPSHOT.jar!/webapps/hddsDatanode}
2024-02-22 20:33:32,658 [om1@group-C5BA1605619E-LeaderElection1] INFO  impl.RoleInfo (RoleInfo.java:updateAndGet(139)) - om1: start om1@group-C5BA1605619E-LeaderStateImpl
2024-02-22 20:33:32,658 [om1@group-C5BA1605619E-LeaderElection1] INFO  server.RaftServer$Division (RaftServerImpl.java:setFirstElection(574)) - om1@group-C5BA1605619E: set firstElectionSinceStartup to false for becomeLeader
2024-02-22 20:33:32,660 [om1@group-C5BA1605619E-LeaderElection1] INFO  server.RaftServer$Division (ServerState.java:setLeader(269)) - om1@group-C5BA1605619E: change Leader from null to om1 at term 1 for becomeLeader, leader elected after 1758ms
2024-02-22 20:33:32,665 [main] INFO  server.AbstractConnector (AbstractConnector.java:doStart(333)) - Started ServerConnector@33d7afba{HTTP/1.1, (http/1.1)}{0.0.0.0:15036}
2024-02-22 20:33:32,669 [main] INFO  server.Server (Server.java:doStart(415)) - Started @7051ms
2024-02-22 20:33:32,670 [main] WARN  impl.MetricsSystemImpl (MetricsSystemImpl.java:register(279)) - Sink prometheus already exists!
2024-02-22 20:33:32,670 [main] INFO  http.BaseHttpServer (BaseHttpServer.java:updateConnectorAddress(354)) - HTTP server of hddsDatanode listening at http://0.0.0.0:15036
2024-02-22 20:33:32,671 [main] INFO  ipc.CallQueueManager (CallQueueManager.java:<init>(90)) - Using callQueue: class java.util.concurrent.LinkedBlockingQueue, queueCapacity: 100, scheduler: class org.apache.hadoop.ipc.DefaultRpcScheduler, ipcBackoff: false.
2024-02-22 20:33:32,671 [main] INFO  ipc.Server (Server.java:<init>(1287)) - Listener at 0.0.0.0:15037
2024-02-22 20:33:32,675 [Socket Reader #1 for port 15037] INFO  ipc.Server (Server.java:run(1323)) - Starting Socket Reader #1 for port 15037
2024-02-22 20:33:32,680 [main] INFO  ozone.HddsDatanodeService (HddsDatanodeService.java:start(327)) - Datanode start with admins: [runner]
2024-02-22 20:33:32,681 [main] INFO  ozone.HddsDatanodeClientProtocolServer (HddsDatanodeClientProtocolServer.java:start(72)) - RPC server for Client /0.0.0.0:15037
2024-02-22 20:33:32,682 [IPC Server listener on 15037] INFO  ipc.Server (Server.java:run(1402)) - IPC Server listener on 15037: starting
2024-02-22 20:33:32,682 [IPC Server Responder] INFO  ipc.Server (Server.java:run(1562)) - IPC Server Responder: starting
2024-02-22 20:33:32,684 [4e8f68d6-fd98-4f77-87e3-715939181693-DatanodeStateMachineDaemonThread] INFO  statemachine.DatanodeStateMachine (DatanodeStateMachine.java:lambda$startDaemon$1(555)) - Ozone container server started.
2024-02-22 20:33:32,684 [main] WARN  dropwizard3.Dm3MetricRegistriesImpl (Dm3MetricRegistriesImpl.java:addReporterRegistration(113)) - New reporters are added after registries were created. Some metrics will be missing from the reporter. Please add reporter before adding any new registry.
2024-02-22 20:33:32,686 [main] WARN  dropwizard3.Dm3MetricRegistriesImpl (Dm3MetricRegistriesImpl.java:addReporterRegistration(113)) - New reporters are added after registries were created. Some metrics will be missing from the reporter. Please add reporter before adding any new registry.
2024-02-22 20:33:32,687 [main] INFO  impl.MetricsSystemImpl (MetricsSystemImpl.java:init(158)) - HddsDatanode metrics system started (again)
2024-02-22 20:33:32,720 [om1@group-C5BA1605619E-LeaderElection1] INFO  segmented.SegmentedRaftLogWorker (SegmentedRaftLogWorker.java:startLogSegment(430)) - om1@group-C5BA1605619E-SegmentedRaftLogWorker: Starting segment from index:0
2024-02-22 20:33:32,734 [om1@group-C5BA1605619E-SegmentedRaftLogWorker] INFO  segmented.BufferedWriteChannel (BufferedWriteChannel.java:open(62)) - open log_inprogress_0 at position 0
2024-02-22 20:33:32,740 [main] INFO  ozone.HddsDatanodeService (HddsDatanodeService.java:start(240)) - HddsDatanodeService host:fv-az779-213.k0faouyluq4u1aavuapgg5xmpb.cx.internal.cloudapp.net ip:10.1.0.33
2024-02-22 20:33:32,746 [om1@group-C5BA1605619E-SegmentedRaftLogWorker] INFO  segmented.SegmentedRaftLogWorker (SegmentedRaftLogWorker.java:execute(634)) - om1@group-C5BA1605619E-SegmentedRaftLogWorker: created new log segment /home/runner/work/ozone/ozone/hadoop-ozone/integration-test/target/test-dir/MiniOzoneClusterImpl-a0fc024b-a492-45a5-9697-b0d14f72cb5c/ozone-meta/ratis/bf265839-605b-3f16-9796-c5ba1605619e/current/log_inprogress_0
2024-02-22 20:33:32,747 [om1@group-C5BA1605619E-LeaderElection1] INFO  server.RaftServer$Division (ServerState.java:setRaftConf(386)) - om1@group-C5BA1605619E: set configuration 0: peers:[om1|localhost:15007]|listeners:[], old=null
2024-02-22 20:33:32,753 [4e8f68d6-fd98-4f77-87e3-715939181693-DatanodeStateMachineTaskThread-0] INFO  datanode.InitDatanodeState (InitDatanodeState.java:persistContainerDatanodeDetails(139)) - DatanodeDetails is persisted to /home/runner/work/ozone/ozone/hadoop-ozone/integration-test/target/test-dir/MiniOzoneClusterImpl-a0fc024b-a492-45a5-9697-b0d14f72cb5c/datanode-3/meta/datanode.id
2024-02-22 20:33:32,765 [main] INFO  upgrade.AbstractLayoutVersionManager (AbstractLayoutVersionManager.java:init(83)) - Initializing Layout version manager with metadata layout = HADOOP_PRC_PORTS_IN_DATANODEDETAILS (version = 7), software layout = HADOOP_PRC_PORTS_IN_DATANODEDETAILS (version = 7)
2024-02-22 20:33:32,766 [main] INFO  statemachine.DatanodeStateMachine (DatanodeStateMachine.java:getEndPointTaskThreadPoolSize(299)) - Datanode State Machine Task Thread Pool size 2
2024-02-22 20:33:32,769 [main] INFO  volume.HddsVolume (HddsVolume.java:<init>(125)) - Creating HddsVolume: /home/runner/work/ozone/ozone/hadoop-ozone/integration-test/target/test-dir/MiniOzoneClusterImpl-a0fc024b-a492-45a5-9697-b0d14f72cb5c/datanode-4/data-0/containers/hdds of storage type : DISK capacity : 9223372036854775807
2024-02-22 20:33:32,769 [main] INFO  volume.MutableVolumeSet (MutableVolumeSet.java:initializeVolumeSet(173)) - Added Volume : /home/runner/work/ozone/ozone/hadoop-ozone/integration-test/target/test-dir/MiniOzoneClusterImpl-a0fc024b-a492-45a5-9697-b0d14f72cb5c/datanode-4/data-0/containers/hdds to VolumeSet
2024-02-22 20:33:32,771 [main] INFO  volume.MutableVolumeSet (MutableVolumeSet.java:initializeVolumeSet(173)) - Added Volume : /home/runner/work/ozone/ozone/hadoop-ozone/integration-test/target/test-dir/MiniOzoneClusterImpl-a0fc024b-a492-45a5-9697-b0d14f72cb5c/datanode-4/data/ratis to VolumeSet
2024-02-22 20:33:32,771 [main] INFO  ozoneimpl.OzoneContainer (HddsVolumeUtil.java:loadAllHddsVolumeDbStore(103)) - Load 1 volumes DbStore cost: 0ms
2024-02-22 20:33:32,775 [main] INFO  server.RaftServer (ConfUtils.java:logGet(46)) - raft.rpc.type = GRPC (default)
2024-02-22 20:33:32,775 [main] INFO  grpc.GrpcConfigKeys (ConfUtils.java:logFallback(53)) - raft.grpc.admin.host = null (fallback to raft.grpc.server.host)
2024-02-22 20:33:32,776 [main] INFO  grpc.GrpcConfigKeys (ConfUtils.java:logGet(46)) - raft.grpc.admin.port = 15049 (custom)
2024-02-22 20:33:32,777 [main] INFO  grpc.GrpcConfigKeys (ConfUtils.java:logFallback(53)) - raft.grpc.client.host = null (fallback to raft.grpc.server.host)
2024-02-22 20:33:32,777 [main] INFO  grpc.GrpcConfigKeys (ConfUtils.java:logGet(46)) - raft.grpc.client.port = 15048 (custom)
2024-02-22 20:33:32,778 [main] INFO  grpc.GrpcConfigKeys (ConfUtils.java:logGet(46)) - raft.grpc.server.host = null (default)
2024-02-22 20:33:32,778 [main] INFO  grpc.GrpcConfigKeys (ConfUtils.java:logGet(46)) - raft.grpc.server.port = 15050 (custom)
2024-02-22 20:33:32,779 [main] INFO  server.GrpcService (ConfUtils.java:logGet(46)) - raft.grpc.message.size.max = 32MB (=33554432) (custom)
2024-02-22 20:33:32,780 [main] INFO  server.RaftServerConfigKeys (ConfUtils.java:logGet(46)) - raft.server.log.appender.buffer.byte-limit = 8388608 (custom)
2024-02-22 20:33:32,780 [main] INFO  server.GrpcService (ConfUtils.java:logGet(46)) - raft.grpc.flow.control.window = 5MB (=5242880) (custom)
2024-02-22 20:33:32,781 [main] INFO  server.RaftServerConfigKeys (ConfUtils.java:logGet(46)) - raft.server.rpc.request.timeout = 60s (custom)
2024-02-22 20:33:32,781 [main] INFO  grpc.GrpcConfigKeys (ConfUtils.java:logGet(46)) - raft.grpc.server.heartbeat.channel = true (default)
2024-02-22 20:33:32,782 [main] INFO  grpc.GrpcConfigKeys (ConfUtils.java:logGet(46)) - raft.grpc.server.async.request.thread.pool.cached = true (default)
2024-02-22 20:33:32,782 [main] INFO  grpc.GrpcConfigKeys (ConfUtils.java:logGet(46)) - raft.grpc.server.async.request.thread.pool.size = 32 (default)
2024-02-22 20:33:32,785 [main] INFO  impl.DataStreamServerImpl (ConfUtils.java:logGet(46)) - raft.datastream.type = NETTY (custom)
2024-02-22 20:33:32,787 [main] INFO  server.RaftServerConfigKeys (ConfUtils.java:logGet(46)) - raft.server.data-stream.async.request.thread.pool.cached = false (default)
2024-02-22 20:33:32,787 [main] INFO  server.RaftServerConfigKeys (ConfUtils.java:logGet(46)) - raft.server.data-stream.async.request.thread.pool.size = 20 (custom)
2024-02-22 20:33:32,788 [main] INFO  server.RaftServerConfigKeys (ConfUtils.java:logGet(46)) - raft.server.data-stream.async.write.thread.pool.size = 16 (default)
2024-02-22 20:33:32,789 [main] INFO  netty.NettyConfigKeys$DataStream (ConfUtils.java:logGet(46)) - raft.netty.dataStream.server.channel.inactive.grace-period = 10min (default)
2024-02-22 20:33:32,789 [main] INFO  server.RaftServerConfigKeys (ConfUtils.java:logGet(46)) - raft.server.data-stream.client.pool.size = 10 (default)
2024-02-22 20:33:32,790 [main] INFO  netty.NettyConfigKeys$DataStream (ConfUtils.java:logGet(46)) - raft.netty.dataStream.server.use-epoll = true (default)
2024-02-22 20:33:32,793 [main] INFO  netty.NettyConfigKeys$DataStream (ConfUtils.java:logGet(46)) - raft.netty.dataStream.server.boss-group.size = 0 (default)
2024-02-22 20:33:32,794 [main] INFO  netty.NettyUtils (NettyUtils.java:newEventLoopGroup(69)) - Create EpollEventLoopGroup for dc26353c-d48a-467d-89cd-3a7c4b626396-NettyServerStreamRpc-bossGroup; Thread size is 0.
2024-02-22 20:33:32,803 [main] INFO  netty.NettyConfigKeys$DataStream (ConfUtils.java:logGet(46)) - raft.netty.dataStream.server.worker-group.size = 0 (default)
2024-02-22 20:33:32,804 [main] INFO  netty.NettyUtils (NettyUtils.java:newEventLoopGroup(69)) - Create EpollEventLoopGroup for dc26353c-d48a-467d-89cd-3a7c4b626396-NettyServerStreamRpc-workerGroup; Thread size is 0.
2024-02-22 20:33:32,805 [main] INFO  netty.NettyConfigKeys$DataStream (ConfUtils.java:logGet(46)) - raft.netty.dataStream.server.tls.conf = null (default)
2024-02-22 20:33:32,806 [main] INFO  netty.NettyConfigKeys$DataStream (ConfUtils.java:logGet(46)) - raft.netty.dataStream.host = null (default)
2024-02-22 20:33:32,806 [main] INFO  netty.NettyConfigKeys$DataStream (ConfUtils.java:logGet(46)) - raft.netty.dataStream.port = 15051 (custom)
2024-02-22 20:33:32,808 [main] INFO  server.RaftServerConfigKeys (ConfUtils.java:logGet(46)) - raft.server.sleep.deviation.threshold = 300ms (default)
2024-02-22 20:33:32,810 [dc26353c-d48a-467d-89cd-3a7c4b626396-NettyServerStreamRpc-bossGroup--thread1] INFO  logging.LoggingHandler (AbstractInternalLogger.java:log(148)) - [id: 0xc5ad5310] REGISTERED
2024-02-22 20:33:32,810 [dc26353c-d48a-467d-89cd-3a7c4b626396-NettyServerStreamRpc-bossGroup--thread1] INFO  logging.LoggingHandler (AbstractInternalLogger.java:log(148)) - [id: 0xc5ad5310] BIND: 0.0.0.0/0.0.0.0:15051
2024-02-22 20:33:32,810 [dc26353c-d48a-467d-89cd-3a7c4b626396-NettyServerStreamRpc-bossGroup--thread1] INFO  logging.LoggingHandler (AbstractInternalLogger.java:log(148)) - [id: 0xc5ad5310, L:/0.0.0.0:15051] ACTIVE
2024-02-22 20:33:32,810 [main] INFO  server.RaftServerConfigKeys (ConfUtils.java:logGet(46)) - raft.server.close.threshold = 60s (default)
2024-02-22 20:33:32,811 [main] INFO  server.RaftServerConfigKeys (ConfUtils.java:logGet(46)) - raft.server.leaderelection.leader.step-down.wait-time = 10s (default)
2024-02-22 20:33:32,811 [main] INFO  server.RaftServerConfigKeys (ConfUtils.java:logGet(46)) - raft.server.storage.dir = [/home/runner/work/ozone/ozone/hadoop-ozone/integration-test/target/test-dir/MiniOzoneClusterImpl-a0fc024b-a492-45a5-9697-b0d14f72cb5c/datanode-4/data/ratis] (custom)
2024-02-22 20:33:32,813 [main] INFO  server.RaftServerConfigKeys (ConfUtils.java:logGet(46)) - raft.server.threadpool.proxy.cached = true (default)
2024-02-22 20:33:32,813 [main] INFO  server.RaftServerConfigKeys (ConfUtils.java:logGet(46)) - raft.server.threadpool.proxy.size = 0 (default)
2024-02-22 20:33:32,814 [dc26353c-d48a-467d-89cd-3a7c4b626396-impl-thread1] INFO  server.RaftServer (RaftServerProxy.java:initGroupDir(264)) - dc26353c-d48a-467d-89cd-3a7c4b626396: found a subdirectory /home/runner/work/ozone/ozone/hadoop-ozone/integration-test/target/test-dir/MiniOzoneClusterImpl-a0fc024b-a492-45a5-9697-b0d14f72cb5c/datanode-4/data/ratis/tmp
2024-02-22 20:33:32,814 [dc26353c-d48a-467d-89cd-3a7c4b626396-impl-thread1] INFO  server.RaftServer (RaftServerProxy.java:initGroupDir(269)) - dc26353c-d48a-467d-89cd-3a7c4b626396: The directory /home/runner/work/ozone/ozone/hadoop-ozone/integration-test/target/test-dir/MiniOzoneClusterImpl-a0fc024b-a492-45a5-9697-b0d14f72cb5c/datanode-4/data/ratis/tmp is not a group directory; ignoring it. 
2024-02-22 20:33:32,815 [main] INFO  replication.ReplicationServer (ReplicationServer.java:<init>(86)) - Initializing replication server with thread count = 10 queue length = 4096
2024-02-22 20:33:32,817 [main] INFO  server.XceiverServerGrpc (XceiverServerGrpc.java:<init>(141)) - GrpcServer channel type EpollServerSocketChannel
2024-02-22 20:33:32,820 [main] INFO  replication.ReplicationSupervisor (ReplicationSupervisor.java:build(163)) - Initializing replication supervisor with thread count = 10
2024-02-22 20:33:32,821 [main] INFO  replication.ReplicationSupervisor (ReplicationSupervisor.java:nodeStateUpdated(317)) - Node state updated to IN_SERVICE, scaling executor pool size to 10
2024-02-22 20:33:32,833 [main] INFO  http.BaseHttpServer (BaseHttpServer.java:newHttpServer2BuilderForOzone(223)) - Starting Web-server for hddsDatanode at: http://0.0.0.0:15045
2024-02-22 20:33:32,834 [main] INFO  http.BaseHttpServer (BaseHttpServer.java:<init>(110)) - Hadoop Security Enabled: false Ozone Security Enabled: false Ozone HTTP Security Enabled: false 
2024-02-22 20:33:32,836 [main] WARN  server.AuthenticationFilter (AuthenticationFilter.java:constructSecretProvider(240)) - Unable to initialize FileSignerSecretProvider, falling back to use random secrets. Reason: Could not read signature secret file: /home/runner/hadoop-http-auth-signature-secret
2024-02-22 20:33:32,842 [main] INFO  http.HttpRequestLog (HttpRequestLog.java:getRequestLog(86)) - Http request log for http.requests.hddsDatanode is not defined
2024-02-22 20:33:32,844 [main] INFO  http.HttpServer2 (HttpServer2.java:addGlobalFilter(1036)) - Added global filter 'safety' (class=org.apache.hadoop.hdds.server.http.HttpServer2$QuotingInputFilter)
2024-02-22 20:33:32,845 [main] INFO  http.HttpServer2 (HttpServer2.java:addFilter(1012)) - Added filter static_user_filter (class=org.apache.hadoop.http.lib.StaticUserWebFilter$StaticUserFilter) to context hddsDatanode
2024-02-22 20:33:32,845 [main] INFO  http.HttpServer2 (HttpServer2.java:addFilter(1020)) - Added filter static_user_filter (class=org.apache.hadoop.http.lib.StaticUserWebFilter$StaticUserFilter) to context logs
2024-02-22 20:33:32,845 [main] INFO  http.HttpServer2 (HttpServer2.java:addFilter(1020)) - Added filter static_user_filter (class=org.apache.hadoop.http.lib.StaticUserWebFilter$StaticUserFilter) to context static
2024-02-22 20:33:32,846 [main] INFO  http.BaseHttpServer (BaseHttpServer.java:<init>(189)) - HTTP server of hddsDatanode uses base directory /home/runner/work/ozone/ozone/hadoop-ozone/integration-test/target/test-dir/MiniOzoneClusterImpl-a0fc024b-a492-45a5-9697-b0d14f72cb5c/datanode-4/meta/webserver
2024-02-22 20:33:32,847 [main] INFO  http.HttpServer2 (HttpServer2.java:bindListener(1236)) - Jetty bound to port 15045
2024-02-22 20:33:32,847 [main] INFO  server.Server (Server.java:doStart(375)) - jetty-9.4.53.v20231009; built: 2023-10-09T12:29:09.265Z; git: 27bde00a0b95a1d5bbee0eae7984f891d2d0f8c9; jvm 1.8.0_402-b06
2024-02-22 20:33:32,855 [main] INFO  server.session (DefaultSessionIdManager.java:doStart(334)) - DefaultSessionIdManager workerName=node0
2024-02-22 20:33:32,855 [main] INFO  server.session (DefaultSessionIdManager.java:doStart(339)) - No SessionScavenger set, using defaults
2024-02-22 20:33:32,856 [main] INFO  server.session (HouseKeeper.java:startScavenging(132)) - node0 Scavenging every 660000ms
2024-02-22 20:33:32,858 [main] INFO  handler.ContextHandler (ContextHandler.java:doStart(921)) - Started o.e.j.s.ServletContextHandler@63130338{logs,/logs,file:///home/runner/work/ozone/ozone/hadoop-ozone/integration-test/target/log,AVAILABLE}
2024-02-22 20:33:32,859 [main] INFO  handler.ContextHandler (ContextHandler.java:doStart(921)) - Started o.e.j.s.ServletContextHandler@77fa31b7{static,/static,jar:file:/home/runner/.m2/repository/org/apache/ozone/hdds-container-service/1.5.0-SNAPSHOT/hdds-container-service-1.5.0-SNAPSHOT.jar!/webapps/static,AVAILABLE}
2024-02-22 20:33:32,863 [om1@group-C5BA1605619E-StateMachineUpdater] INFO  ratis.OzoneManagerStateMachine (OzoneManagerStateMachine.java:notifyConfigurationChanged(200)) - Received Configuration change notification from Ratis. New Peer list:
[id: "om1"
address: "localhost:15007"
startupRole: FOLLOWER
]
2024-02-22 20:33:32,864 [om1@group-C5BA1605619E-StateMachineUpdater] INFO  server.RaftServer$Division (LeaderStateImpl.java:isApplied(320)) - leader is ready since appliedIndex == 0 >= startIndex == 0
2024-02-22 20:33:32,894 [main] INFO  handler.ContextHandler (ContextHandler.java:doStart(921)) - Started o.e.j.w.WebAppContext@dfb8c98{hddsDatanode,/,file:///home/runner/work/ozone/ozone/hadoop-ozone/integration-test/target/test-dir/MiniOzoneClusterImpl-a0fc024b-a492-45a5-9697-b0d14f72cb5c/datanode-4/meta/webserver/jetty-0_0_0_0-15045-hdds-container-service-1_5_0-SNAPSHOT_jar-_-any-3383496298380897952/webapp/,AVAILABLE}{jar:file:/home/runner/.m2/repository/org/apache/ozone/hdds-container-service/1.5.0-SNAPSHOT/hdds-container-service-1.5.0-SNAPSHOT.jar!/webapps/hddsDatanode}
2024-02-22 20:33:32,896 [main] INFO  server.AbstractConnector (AbstractConnector.java:doStart(333)) - Started ServerConnector@36f464d8{HTTP/1.1, (http/1.1)}{0.0.0.0:15045}
2024-02-22 20:33:32,897 [main] INFO  server.Server (Server.java:doStart(415)) - Started @7278ms
2024-02-22 20:33:32,897 [main] WARN  impl.MetricsSystemImpl (MetricsSystemImpl.java:register(279)) - Sink prometheus already exists!
2024-02-22 20:33:32,897 [main] INFO  http.BaseHttpServer (BaseHttpServer.java:updateConnectorAddress(354)) - HTTP server of hddsDatanode listening at http://0.0.0.0:15045
2024-02-22 20:33:32,898 [main] INFO  ipc.CallQueueManager (CallQueueManager.java:<init>(90)) - Using callQueue: class java.util.concurrent.LinkedBlockingQueue, queueCapacity: 100, scheduler: class org.apache.hadoop.ipc.DefaultRpcScheduler, ipcBackoff: false.
2024-02-22 20:33:32,898 [main] INFO  ipc.Server (Server.java:<init>(1287)) - Listener at 0.0.0.0:15046
2024-02-22 20:33:32,898 [Socket Reader #1 for port 15046] INFO  ipc.Server (Server.java:run(1323)) - Starting Socket Reader #1 for port 15046
2024-02-22 20:33:32,901 [main] INFO  ozone.HddsDatanodeService (HddsDatanodeService.java:start(327)) - Datanode start with admins: [runner]
2024-02-22 20:33:32,901 [main] INFO  ozone.HddsDatanodeClientProtocolServer (HddsDatanodeClientProtocolServer.java:start(72)) - RPC server for Client /0.0.0.0:15046
2024-02-22 20:33:32,901 [IPC Server Responder] INFO  ipc.Server (Server.java:run(1562)) - IPC Server Responder: starting
2024-02-22 20:33:32,901 [IPC Server listener on 15046] INFO  ipc.Server (Server.java:run(1402)) - IPC Server listener on 15046: starting
2024-02-22 20:33:32,902 [main] WARN  dropwizard3.Dm3MetricRegistriesImpl (Dm3MetricRegistriesImpl.java:addReporterRegistration(113)) - New reporters are added after registries were created. Some metrics will be missing from the reporter. Please add reporter before adding any new registry.
2024-02-22 20:33:32,903 [main] WARN  dropwizard3.Dm3MetricRegistriesImpl (Dm3MetricRegistriesImpl.java:addReporterRegistration(113)) - New reporters are added after registries were created. Some metrics will be missing from the reporter. Please add reporter before adding any new registry.
2024-02-22 20:33:32,904 [main] INFO  impl.MetricsSystemImpl (MetricsSystemImpl.java:init(158)) - HddsDatanode metrics system started (again)
2024-02-22 20:33:32,902 [dc26353c-d48a-467d-89cd-3a7c4b626396-DatanodeStateMachineDaemonThread] INFO  statemachine.DatanodeStateMachine (DatanodeStateMachine.java:lambda$startDaemon$1(555)) - Ozone container server started.
2024-02-22 20:33:32,912 [dc26353c-d48a-467d-89cd-3a7c4b626396-DatanodeStateMachineTaskThread-0] INFO  datanode.InitDatanodeState (InitDatanodeState.java:persistContainerDatanodeDetails(139)) - DatanodeDetails is persisted to /home/runner/work/ozone/ozone/hadoop-ozone/integration-test/target/test-dir/MiniOzoneClusterImpl-a0fc024b-a492-45a5-9697-b0d14f72cb5c/datanode-4/meta/datanode.id
2024-02-22 20:33:32,918 [main] INFO  ozone.HddsDatanodeService (HddsDatanodeService.java:start(240)) - HddsDatanodeService host:fv-az779-213.k0faouyluq4u1aavuapgg5xmpb.cx.internal.cloudapp.net ip:10.1.0.33
2024-02-22 20:33:32,940 [main] INFO  upgrade.AbstractLayoutVersionManager (AbstractLayoutVersionManager.java:init(83)) - Initializing Layout version manager with metadata layout = HADOOP_PRC_PORTS_IN_DATANODEDETAILS (version = 7), software layout = HADOOP_PRC_PORTS_IN_DATANODEDETAILS (version = 7)
2024-02-22 20:33:32,941 [main] INFO  statemachine.DatanodeStateMachine (DatanodeStateMachine.java:getEndPointTaskThreadPoolSize(299)) - Datanode State Machine Task Thread Pool size 2
2024-02-22 20:33:32,944 [main] INFO  volume.HddsVolume (HddsVolume.java:<init>(125)) - Creating HddsVolume: /home/runner/work/ozone/ozone/hadoop-ozone/integration-test/target/test-dir/MiniOzoneClusterImpl-a0fc024b-a492-45a5-9697-b0d14f72cb5c/datanode-5/data-0/containers/hdds of storage type : DISK capacity : 9223372036854775807
2024-02-22 20:33:32,944 [main] INFO  volume.MutableVolumeSet (MutableVolumeSet.java:initializeVolumeSet(173)) - Added Volume : /home/runner/work/ozone/ozone/hadoop-ozone/integration-test/target/test-dir/MiniOzoneClusterImpl-a0fc024b-a492-45a5-9697-b0d14f72cb5c/datanode-5/data-0/containers/hdds to VolumeSet
2024-02-22 20:33:32,945 [main] INFO  volume.MutableVolumeSet (MutableVolumeSet.java:initializeVolumeSet(173)) - Added Volume : /home/runner/work/ozone/ozone/hadoop-ozone/integration-test/target/test-dir/MiniOzoneClusterImpl-a0fc024b-a492-45a5-9697-b0d14f72cb5c/datanode-5/data/ratis to VolumeSet
2024-02-22 20:33:32,946 [main] INFO  ozoneimpl.OzoneContainer (HddsVolumeUtil.java:loadAllHddsVolumeDbStore(103)) - Load 1 volumes DbStore cost: 0ms
2024-02-22 20:33:32,951 [main] INFO  server.RaftServer (ConfUtils.java:logGet(46)) - raft.rpc.type = GRPC (default)
2024-02-22 20:33:32,951 [main] INFO  grpc.GrpcConfigKeys (ConfUtils.java:logFallback(53)) - raft.grpc.admin.host = null (fallback to raft.grpc.server.host)
2024-02-22 20:33:32,952 [main] INFO  grpc.GrpcConfigKeys (ConfUtils.java:logGet(46)) - raft.grpc.admin.port = 15058 (custom)
2024-02-22 20:33:32,952 [main] INFO  grpc.GrpcConfigKeys (ConfUtils.java:logFallback(53)) - raft.grpc.client.host = null (fallback to raft.grpc.server.host)
2024-02-22 20:33:32,953 [main] INFO  grpc.GrpcConfigKeys (ConfUtils.java:logGet(46)) - raft.grpc.client.port = 15057 (custom)
2024-02-22 20:33:32,953 [main] INFO  grpc.GrpcConfigKeys (ConfUtils.java:logGet(46)) - raft.grpc.server.host = null (default)
2024-02-22 20:33:32,953 [main] INFO  grpc.GrpcConfigKeys (ConfUtils.java:logGet(46)) - raft.grpc.server.port = 15059 (custom)
2024-02-22 20:33:32,954 [main] INFO  server.GrpcService (ConfUtils.java:logGet(46)) - raft.grpc.message.size.max = 32MB (=33554432) (custom)
2024-02-22 20:33:32,954 [main] INFO  server.RaftServerConfigKeys (ConfUtils.java:logGet(46)) - raft.server.log.appender.buffer.byte-limit = 8388608 (custom)
2024-02-22 20:33:32,954 [main] INFO  server.GrpcService (ConfUtils.java:logGet(46)) - raft.grpc.flow.control.window = 5MB (=5242880) (custom)
2024-02-22 20:33:32,955 [main] INFO  server.RaftServerConfigKeys (ConfUtils.java:logGet(46)) - raft.server.rpc.request.timeout = 60s (custom)
2024-02-22 20:33:32,955 [main] INFO  grpc.GrpcConfigKeys (ConfUtils.java:logGet(46)) - raft.grpc.server.heartbeat.channel = true (default)
2024-02-22 20:33:32,955 [main] INFO  grpc.GrpcConfigKeys (ConfUtils.java:logGet(46)) - raft.grpc.server.async.request.thread.pool.cached = true (default)
2024-02-22 20:33:32,955 [main] INFO  grpc.GrpcConfigKeys (ConfUtils.java:logGet(46)) - raft.grpc.server.async.request.thread.pool.size = 32 (default)
2024-02-22 20:33:32,957 [main] INFO  impl.DataStreamServerImpl (ConfUtils.java:logGet(46)) - raft.datastream.type = NETTY (custom)
2024-02-22 20:33:32,958 [main] INFO  server.RaftServerConfigKeys (ConfUtils.java:logGet(46)) - raft.server.data-stream.async.request.thread.pool.cached = false (default)
2024-02-22 20:33:32,958 [main] INFO  server.RaftServerConfigKeys (ConfUtils.java:logGet(46)) - raft.server.data-stream.async.request.thread.pool.size = 20 (custom)
2024-02-22 20:33:32,958 [main] INFO  server.RaftServerConfigKeys (ConfUtils.java:logGet(46)) - raft.server.data-stream.async.write.thread.pool.size = 16 (default)
2024-02-22 20:33:32,959 [main] INFO  netty.NettyConfigKeys$DataStream (ConfUtils.java:logGet(46)) - raft.netty.dataStream.server.channel.inactive.grace-period = 10min (default)
2024-02-22 20:33:32,959 [main] INFO  server.RaftServerConfigKeys (ConfUtils.java:logGet(46)) - raft.server.data-stream.client.pool.size = 10 (default)
2024-02-22 20:33:32,959 [main] INFO  netty.NettyConfigKeys$DataStream (ConfUtils.java:logGet(46)) - raft.netty.dataStream.server.use-epoll = true (default)
2024-02-22 20:33:32,959 [main] INFO  netty.NettyConfigKeys$DataStream (ConfUtils.java:logGet(46)) - raft.netty.dataStream.server.boss-group.size = 0 (default)
2024-02-22 20:33:32,960 [main] INFO  netty.NettyUtils (NettyUtils.java:newEventLoopGroup(69)) - Create EpollEventLoopGroup for 86ab988c-fa9c-425d-a1c6-9004ff7fd93d-NettyServerStreamRpc-bossGroup; Thread size is 0.
2024-02-22 20:33:32,960 [main] INFO  netty.NettyConfigKeys$DataStream (ConfUtils.java:logGet(46)) - raft.netty.dataStream.server.worker-group.size = 0 (default)
2024-02-22 20:33:32,960 [main] INFO  netty.NettyUtils (NettyUtils.java:newEventLoopGroup(69)) - Create EpollEventLoopGroup for 86ab988c-fa9c-425d-a1c6-9004ff7fd93d-NettyServerStreamRpc-workerGroup; Thread size is 0.
2024-02-22 20:33:32,961 [main] INFO  netty.NettyConfigKeys$DataStream (ConfUtils.java:logGet(46)) - raft.netty.dataStream.server.tls.conf = null (default)
2024-02-22 20:33:32,961 [main] INFO  netty.NettyConfigKeys$DataStream (ConfUtils.java:logGet(46)) - raft.netty.dataStream.host = null (default)
2024-02-22 20:33:32,961 [main] INFO  netty.NettyConfigKeys$DataStream (ConfUtils.java:logGet(46)) - raft.netty.dataStream.port = 15060 (custom)
2024-02-22 20:33:32,962 [main] INFO  server.RaftServerConfigKeys (ConfUtils.java:logGet(46)) - raft.server.sleep.deviation.threshold = 300ms (default)
2024-02-22 20:33:32,963 [main] INFO  server.RaftServerConfigKeys (ConfUtils.java:logGet(46)) - raft.server.close.threshold = 60s (default)
2024-02-22 20:33:32,963 [main] INFO  server.RaftServerConfigKeys (ConfUtils.java:logGet(46)) - raft.server.leaderelection.leader.step-down.wait-time = 10s (default)
2024-02-22 20:33:32,963 [main] INFO  server.RaftServerConfigKeys (ConfUtils.java:logGet(46)) - raft.server.storage.dir = [/home/runner/work/ozone/ozone/hadoop-ozone/integration-test/target/test-dir/MiniOzoneClusterImpl-a0fc024b-a492-45a5-9697-b0d14f72cb5c/datanode-5/data/ratis] (custom)
2024-02-22 20:33:32,964 [main] INFO  server.RaftServerConfigKeys (ConfUtils.java:logGet(46)) - raft.server.threadpool.proxy.cached = true (default)
2024-02-22 20:33:32,964 [main] INFO  server.RaftServerConfigKeys (ConfUtils.java:logGet(46)) - raft.server.threadpool.proxy.size = 0 (default)
2024-02-22 20:33:32,965 [86ab988c-fa9c-425d-a1c6-9004ff7fd93d-NettyServerStreamRpc-bossGroup--thread1] INFO  logging.LoggingHandler (AbstractInternalLogger.java:log(148)) - [id: 0x169392fc] REGISTERED
2024-02-22 20:33:32,965 [86ab988c-fa9c-425d-a1c6-9004ff7fd93d-NettyServerStreamRpc-bossGroup--thread1] INFO  logging.LoggingHandler (AbstractInternalLogger.java:log(148)) - [id: 0x169392fc] BIND: 0.0.0.0/0.0.0.0:15060
2024-02-22 20:33:32,965 [86ab988c-fa9c-425d-a1c6-9004ff7fd93d-impl-thread1] INFO  server.RaftServer (RaftServerProxy.java:initGroupDir(264)) - 86ab988c-fa9c-425d-a1c6-9004ff7fd93d: found a subdirectory /home/runner/work/ozone/ozone/hadoop-ozone/integration-test/target/test-dir/MiniOzoneClusterImpl-a0fc024b-a492-45a5-9697-b0d14f72cb5c/datanode-5/data/ratis/tmp
2024-02-22 20:33:32,966 [86ab988c-fa9c-425d-a1c6-9004ff7fd93d-impl-thread1] INFO  server.RaftServer (RaftServerProxy.java:initGroupDir(269)) - 86ab988c-fa9c-425d-a1c6-9004ff7fd93d: The directory /home/runner/work/ozone/ozone/hadoop-ozone/integration-test/target/test-dir/MiniOzoneClusterImpl-a0fc024b-a492-45a5-9697-b0d14f72cb5c/datanode-5/data/ratis/tmp is not a group directory; ignoring it. 
2024-02-22 20:33:32,966 [main] INFO  replication.ReplicationServer (ReplicationServer.java:<init>(86)) - Initializing replication server with thread count = 10 queue length = 4096
2024-02-22 20:33:32,965 [86ab988c-fa9c-425d-a1c6-9004ff7fd93d-NettyServerStreamRpc-bossGroup--thread1] INFO  logging.LoggingHandler (AbstractInternalLogger.java:log(148)) - [id: 0x169392fc, L:/0.0.0.0:15060] ACTIVE
2024-02-22 20:33:32,967 [main] INFO  server.XceiverServerGrpc (XceiverServerGrpc.java:<init>(141)) - GrpcServer channel type EpollServerSocketChannel
2024-02-22 20:33:32,970 [main] INFO  replication.ReplicationSupervisor (ReplicationSupervisor.java:build(163)) - Initializing replication supervisor with thread count = 10
2024-02-22 20:33:32,970 [main] INFO  replication.ReplicationSupervisor (ReplicationSupervisor.java:nodeStateUpdated(317)) - Node state updated to IN_SERVICE, scaling executor pool size to 10
2024-02-22 20:33:32,975 [main] INFO  http.BaseHttpServer (BaseHttpServer.java:newHttpServer2BuilderForOzone(223)) - Starting Web-server for hddsDatanode at: http://0.0.0.0:15054
2024-02-22 20:33:32,975 [main] INFO  http.BaseHttpServer (BaseHttpServer.java:<init>(110)) - Hadoop Security Enabled: false Ozone Security Enabled: false Ozone HTTP Security Enabled: false 
2024-02-22 20:33:32,977 [main] WARN  server.AuthenticationFilter (AuthenticationFilter.java:constructSecretProvider(240)) - Unable to initialize FileSignerSecretProvider, falling back to use random secrets. Reason: Could not read signature secret file: /home/runner/hadoop-http-auth-signature-secret
2024-02-22 20:33:32,978 [main] INFO  http.HttpRequestLog (HttpRequestLog.java:getRequestLog(86)) - Http request log for http.requests.hddsDatanode is not defined
2024-02-22 20:33:32,979 [main] INFO  http.HttpServer2 (HttpServer2.java:addGlobalFilter(1036)) - Added global filter 'safety' (class=org.apache.hadoop.hdds.server.http.HttpServer2$QuotingInputFilter)
2024-02-22 20:33:32,980 [main] INFO  http.HttpServer2 (HttpServer2.java:addFilter(1012)) - Added filter static_user_filter (class=org.apache.hadoop.http.lib.StaticUserWebFilter$StaticUserFilter) to context hddsDatanode
2024-02-22 20:33:32,980 [main] INFO  http.HttpServer2 (HttpServer2.java:addFilter(1020)) - Added filter static_user_filter (class=org.apache.hadoop.http.lib.StaticUserWebFilter$StaticUserFilter) to context static
2024-02-22 20:33:32,980 [main] INFO  http.HttpServer2 (HttpServer2.java:addFilter(1020)) - Added filter static_user_filter (class=org.apache.hadoop.http.lib.StaticUserWebFilter$StaticUserFilter) to context logs
2024-02-22 20:33:32,981 [main] INFO  http.BaseHttpServer (BaseHttpServer.java:<init>(189)) - HTTP server of hddsDatanode uses base directory /home/runner/work/ozone/ozone/hadoop-ozone/integration-test/target/test-dir/MiniOzoneClusterImpl-a0fc024b-a492-45a5-9697-b0d14f72cb5c/datanode-5/meta/webserver
2024-02-22 20:33:32,982 [main] INFO  http.HttpServer2 (HttpServer2.java:bindListener(1236)) - Jetty bound to port 15054
2024-02-22 20:33:32,982 [main] INFO  server.Server (Server.java:doStart(375)) - jetty-9.4.53.v20231009; built: 2023-10-09T12:29:09.265Z; git: 27bde00a0b95a1d5bbee0eae7984f891d2d0f8c9; jvm 1.8.0_402-b06
2024-02-22 20:33:32,983 [main] INFO  server.session (DefaultSessionIdManager.java:doStart(334)) - DefaultSessionIdManager workerName=node0
2024-02-22 20:33:32,983 [main] INFO  server.session (DefaultSessionIdManager.java:doStart(339)) - No SessionScavenger set, using defaults
2024-02-22 20:33:32,984 [main] INFO  server.session (HouseKeeper.java:startScavenging(132)) - node0 Scavenging every 660000ms
2024-02-22 20:33:32,985 [main] INFO  handler.ContextHandler (ContextHandler.java:doStart(921)) - Started o.e.j.s.ServletContextHandler@790765dc{logs,/logs,file:///home/runner/work/ozone/ozone/hadoop-ozone/integration-test/target/log,AVAILABLE}
2024-02-22 20:33:32,985 [main] INFO  handler.ContextHandler (ContextHandler.java:doStart(921)) - Started o.e.j.s.ServletContextHandler@e0751c0{static,/static,jar:file:/home/runner/.m2/repository/org/apache/ozone/hdds-container-service/1.5.0-SNAPSHOT/hdds-container-service-1.5.0-SNAPSHOT.jar!/webapps/static,AVAILABLE}
2024-02-22 20:33:33,033 [main] INFO  handler.ContextHandler (ContextHandler.java:doStart(921)) - Started o.e.j.w.WebAppContext@6608ecac{hddsDatanode,/,file:///home/runner/work/ozone/ozone/hadoop-ozone/integration-test/target/test-dir/MiniOzoneClusterImpl-a0fc024b-a492-45a5-9697-b0d14f72cb5c/datanode-5/meta/webserver/jetty-0_0_0_0-15054-hdds-container-service-1_5_0-SNAPSHOT_jar-_-any-6659531496277065808/webapp/,AVAILABLE}{jar:file:/home/runner/.m2/repository/org/apache/ozone/hdds-container-service/1.5.0-SNAPSHOT/hdds-container-service-1.5.0-SNAPSHOT.jar!/webapps/hddsDatanode}
2024-02-22 20:33:33,035 [main] INFO  server.AbstractConnector (AbstractConnector.java:doStart(333)) - Started ServerConnector@6425d038{HTTP/1.1, (http/1.1)}{0.0.0.0:15054}
2024-02-22 20:33:33,035 [main] INFO  server.Server (Server.java:doStart(415)) - Started @7416ms
2024-02-22 20:33:33,035 [main] WARN  impl.MetricsSystemImpl (MetricsSystemImpl.java:register(279)) - Sink prometheus already exists!
2024-02-22 20:33:33,036 [main] INFO  http.BaseHttpServer (BaseHttpServer.java:updateConnectorAddress(354)) - HTTP server of hddsDatanode listening at http://0.0.0.0:15054
2024-02-22 20:33:33,036 [main] INFO  ipc.CallQueueManager (CallQueueManager.java:<init>(90)) - Using callQueue: class java.util.concurrent.LinkedBlockingQueue, queueCapacity: 100, scheduler: class org.apache.hadoop.ipc.DefaultRpcScheduler, ipcBackoff: false.
2024-02-22 20:33:33,036 [main] INFO  ipc.Server (Server.java:<init>(1287)) - Listener at 0.0.0.0:15055
2024-02-22 20:33:33,037 [Socket Reader #1 for port 15055] INFO  ipc.Server (Server.java:run(1323)) - Starting Socket Reader #1 for port 15055
2024-02-22 20:33:33,039 [main] INFO  ozone.HddsDatanodeService (HddsDatanodeService.java:start(327)) - Datanode start with admins: [runner]
2024-02-22 20:33:33,039 [main] INFO  ozone.HddsDatanodeClientProtocolServer (HddsDatanodeClientProtocolServer.java:start(72)) - RPC server for Client /0.0.0.0:15055
2024-02-22 20:33:33,042 [IPC Server Responder] INFO  ipc.Server (Server.java:run(1562)) - IPC Server Responder: starting
2024-02-22 20:33:33,042 [IPC Server listener on 15055] INFO  ipc.Server (Server.java:run(1402)) - IPC Server listener on 15055: starting
2024-02-22 20:33:33,043 [86ab988c-fa9c-425d-a1c6-9004ff7fd93d-DatanodeStateMachineDaemonThread] INFO  statemachine.DatanodeStateMachine (DatanodeStateMachine.java:lambda$startDaemon$1(555)) - Ozone container server started.
2024-02-22 20:33:33,044 [main] WARN  dropwizard3.Dm3MetricRegistriesImpl (Dm3MetricRegistriesImpl.java:addReporterRegistration(113)) - New reporters are added after registries were created. Some metrics will be missing from the reporter. Please add reporter before adding any new registry.
2024-02-22 20:33:33,044 [main] WARN  dropwizard3.Dm3MetricRegistriesImpl (Dm3MetricRegistriesImpl.java:addReporterRegistration(113)) - New reporters are added after registries were created. Some metrics will be missing from the reporter. Please add reporter before adding any new registry.
2024-02-22 20:33:33,044 [main] INFO  impl.MetricsSystemImpl (MetricsSystemImpl.java:init(158)) - HddsDatanode metrics system started (again)
2024-02-22 20:33:33,050 [86ab988c-fa9c-425d-a1c6-9004ff7fd93d-DatanodeStateMachineTaskThread-0] INFO  datanode.InitDatanodeState (InitDatanodeState.java:persistContainerDatanodeDetails(139)) - DatanodeDetails is persisted to /home/runner/work/ozone/ozone/hadoop-ozone/integration-test/target/test-dir/MiniOzoneClusterImpl-a0fc024b-a492-45a5-9697-b0d14f72cb5c/datanode-5/meta/datanode.id
2024-02-22 20:33:33,055 [main] INFO  ozone.HddsDatanodeService (HddsDatanodeService.java:start(240)) - HddsDatanodeService host:fv-az779-213.k0faouyluq4u1aavuapgg5xmpb.cx.internal.cloudapp.net ip:10.1.0.33
2024-02-22 20:33:33,075 [main] INFO  upgrade.AbstractLayoutVersionManager (AbstractLayoutVersionManager.java:init(83)) - Initializing Layout version manager with metadata layout = HADOOP_PRC_PORTS_IN_DATANODEDETAILS (version = 7), software layout = HADOOP_PRC_PORTS_IN_DATANODEDETAILS (version = 7)
2024-02-22 20:33:33,075 [main] INFO  statemachine.DatanodeStateMachine (DatanodeStateMachine.java:getEndPointTaskThreadPoolSize(299)) - Datanode State Machine Task Thread Pool size 2
2024-02-22 20:33:33,077 [main] INFO  volume.HddsVolume (HddsVolume.java:<init>(125)) - Creating HddsVolume: /home/runner/work/ozone/ozone/hadoop-ozone/integration-test/target/test-dir/MiniOzoneClusterImpl-a0fc024b-a492-45a5-9697-b0d14f72cb5c/datanode-6/data-0/containers/hdds of storage type : DISK capacity : 9223372036854775807
2024-02-22 20:33:33,077 [main] INFO  volume.MutableVolumeSet (MutableVolumeSet.java:initializeVolumeSet(173)) - Added Volume : /home/runner/work/ozone/ozone/hadoop-ozone/integration-test/target/test-dir/MiniOzoneClusterImpl-a0fc024b-a492-45a5-9697-b0d14f72cb5c/datanode-6/data-0/containers/hdds to VolumeSet
2024-02-22 20:33:33,078 [main] INFO  volume.MutableVolumeSet (MutableVolumeSet.java:initializeVolumeSet(173)) - Added Volume : /home/runner/work/ozone/ozone/hadoop-ozone/integration-test/target/test-dir/MiniOzoneClusterImpl-a0fc024b-a492-45a5-9697-b0d14f72cb5c/datanode-6/data/ratis to VolumeSet
2024-02-22 20:33:33,078 [main] INFO  ozoneimpl.OzoneContainer (HddsVolumeUtil.java:loadAllHddsVolumeDbStore(103)) - Load 1 volumes DbStore cost: 0ms
2024-02-22 20:33:33,081 [main] INFO  server.RaftServer (ConfUtils.java:logGet(46)) - raft.rpc.type = GRPC (default)
2024-02-22 20:33:33,081 [main] INFO  grpc.GrpcConfigKeys (ConfUtils.java:logFallback(53)) - raft.grpc.admin.host = null (fallback to raft.grpc.server.host)
2024-02-22 20:33:33,081 [main] INFO  grpc.GrpcConfigKeys (ConfUtils.java:logGet(46)) - raft.grpc.admin.port = 15067 (custom)
2024-02-22 20:33:33,082 [main] INFO  grpc.GrpcConfigKeys (ConfUtils.java:logFallback(53)) - raft.grpc.client.host = null (fallback to raft.grpc.server.host)
2024-02-22 20:33:33,082 [main] INFO  grpc.GrpcConfigKeys (ConfUtils.java:logGet(46)) - raft.grpc.client.port = 15066 (custom)
2024-02-22 20:33:33,082 [main] INFO  grpc.GrpcConfigKeys (ConfUtils.java:logGet(46)) - raft.grpc.server.host = null (default)
2024-02-22 20:33:33,082 [main] INFO  grpc.GrpcConfigKeys (ConfUtils.java:logGet(46)) - raft.grpc.server.port = 15068 (custom)
2024-02-22 20:33:33,083 [main] INFO  server.GrpcService (ConfUtils.java:logGet(46)) - raft.grpc.message.size.max = 32MB (=33554432) (custom)
2024-02-22 20:33:33,083 [main] INFO  server.RaftServerConfigKeys (ConfUtils.java:logGet(46)) - raft.server.log.appender.buffer.byte-limit = 8388608 (custom)
2024-02-22 20:33:33,088 [main] INFO  server.GrpcService (ConfUtils.java:logGet(46)) - raft.grpc.flow.control.window = 5MB (=5242880) (custom)
2024-02-22 20:33:33,088 [main] INFO  server.RaftServerConfigKeys (ConfUtils.java:logGet(46)) - raft.server.rpc.request.timeout = 60s (custom)
2024-02-22 20:33:33,088 [main] INFO  grpc.GrpcConfigKeys (ConfUtils.java:logGet(46)) - raft.grpc.server.heartbeat.channel = true (default)
2024-02-22 20:33:33,088 [main] INFO  grpc.GrpcConfigKeys (ConfUtils.java:logGet(46)) - raft.grpc.server.async.request.thread.pool.cached = true (default)
2024-02-22 20:33:33,089 [main] INFO  grpc.GrpcConfigKeys (ConfUtils.java:logGet(46)) - raft.grpc.server.async.request.thread.pool.size = 32 (default)
2024-02-22 20:33:33,091 [main] INFO  impl.DataStreamServerImpl (ConfUtils.java:logGet(46)) - raft.datastream.type = NETTY (custom)
2024-02-22 20:33:33,091 [main] INFO  server.RaftServerConfigKeys (ConfUtils.java:logGet(46)) - raft.server.data-stream.async.request.thread.pool.cached = false (default)
2024-02-22 20:33:33,091 [main] INFO  server.RaftServerConfigKeys (ConfUtils.java:logGet(46)) - raft.server.data-stream.async.request.thread.pool.size = 20 (custom)
2024-02-22 20:33:33,092 [main] INFO  server.RaftServerConfigKeys (ConfUtils.java:logGet(46)) - raft.server.data-stream.async.write.thread.pool.size = 16 (default)
2024-02-22 20:33:33,092 [main] INFO  netty.NettyConfigKeys$DataStream (ConfUtils.java:logGet(46)) - raft.netty.dataStream.server.channel.inactive.grace-period = 10min (default)
2024-02-22 20:33:33,092 [main] INFO  server.RaftServerConfigKeys (ConfUtils.java:logGet(46)) - raft.server.data-stream.client.pool.size = 10 (default)
2024-02-22 20:33:33,092 [main] INFO  netty.NettyConfigKeys$DataStream (ConfUtils.java:logGet(46)) - raft.netty.dataStream.server.use-epoll = true (default)
2024-02-22 20:33:33,093 [main] INFO  netty.NettyConfigKeys$DataStream (ConfUtils.java:logGet(46)) - raft.netty.dataStream.server.boss-group.size = 0 (default)
2024-02-22 20:33:33,093 [main] INFO  netty.NettyUtils (NettyUtils.java:newEventLoopGroup(69)) - Create EpollEventLoopGroup for c30fedce-f286-40e0-881d-3d5a9a6e2463-NettyServerStreamRpc-bossGroup; Thread size is 0.
2024-02-22 20:33:33,094 [main] INFO  netty.NettyConfigKeys$DataStream (ConfUtils.java:logGet(46)) - raft.netty.dataStream.server.worker-group.size = 0 (default)
2024-02-22 20:33:33,094 [main] INFO  netty.NettyUtils (NettyUtils.java:newEventLoopGroup(69)) - Create EpollEventLoopGroup for c30fedce-f286-40e0-881d-3d5a9a6e2463-NettyServerStreamRpc-workerGroup; Thread size is 0.
2024-02-22 20:33:33,094 [main] INFO  netty.NettyConfigKeys$DataStream (ConfUtils.java:logGet(46)) - raft.netty.dataStream.server.tls.conf = null (default)
2024-02-22 20:33:33,095 [main] INFO  netty.NettyConfigKeys$DataStream (ConfUtils.java:logGet(46)) - raft.netty.dataStream.host = null (default)
2024-02-22 20:33:33,095 [main] INFO  netty.NettyConfigKeys$DataStream (ConfUtils.java:logGet(46)) - raft.netty.dataStream.port = 15069 (custom)
2024-02-22 20:33:33,096 [main] INFO  server.RaftServerConfigKeys (ConfUtils.java:logGet(46)) - raft.server.sleep.deviation.threshold = 300ms (default)
2024-02-22 20:33:33,096 [main] INFO  server.RaftServerConfigKeys (ConfUtils.java:logGet(46)) - raft.server.close.threshold = 60s (default)
2024-02-22 20:33:33,096 [main] INFO  server.RaftServerConfigKeys (ConfUtils.java:logGet(46)) - raft.server.leaderelection.leader.step-down.wait-time = 10s (default)
2024-02-22 20:33:33,096 [main] INFO  server.RaftServerConfigKeys (ConfUtils.java:logGet(46)) - raft.server.storage.dir = [/home/runner/work/ozone/ozone/hadoop-ozone/integration-test/target/test-dir/MiniOzoneClusterImpl-a0fc024b-a492-45a5-9697-b0d14f72cb5c/datanode-6/data/ratis] (custom)
2024-02-22 20:33:33,097 [main] INFO  server.RaftServerConfigKeys (ConfUtils.java:logGet(46)) - raft.server.threadpool.proxy.cached = true (default)
2024-02-22 20:33:33,097 [main] INFO  server.RaftServerConfigKeys (ConfUtils.java:logGet(46)) - raft.server.threadpool.proxy.size = 0 (default)
2024-02-22 20:33:33,097 [c30fedce-f286-40e0-881d-3d5a9a6e2463-impl-thread1] INFO  server.RaftServer (RaftServerProxy.java:initGroupDir(264)) - c30fedce-f286-40e0-881d-3d5a9a6e2463: found a subdirectory /home/runner/work/ozone/ozone/hadoop-ozone/integration-test/target/test-dir/MiniOzoneClusterImpl-a0fc024b-a492-45a5-9697-b0d14f72cb5c/datanode-6/data/ratis/tmp
2024-02-22 20:33:33,098 [c30fedce-f286-40e0-881d-3d5a9a6e2463-NettyServerStreamRpc-bossGroup--thread1] INFO  logging.LoggingHandler (AbstractInternalLogger.java:log(148)) - [id: 0xdded9c11] REGISTERED
2024-02-22 20:33:33,099 [c30fedce-f286-40e0-881d-3d5a9a6e2463-NettyServerStreamRpc-bossGroup--thread1] INFO  logging.LoggingHandler (AbstractInternalLogger.java:log(148)) - [id: 0xdded9c11] BIND: 0.0.0.0/0.0.0.0:15069
2024-02-22 20:33:33,099 [c30fedce-f286-40e0-881d-3d5a9a6e2463-NettyServerStreamRpc-bossGroup--thread1] INFO  logging.LoggingHandler (AbstractInternalLogger.java:log(148)) - [id: 0xdded9c11, L:/0.0.0.0:15069] ACTIVE
2024-02-22 20:33:33,099 [c30fedce-f286-40e0-881d-3d5a9a6e2463-impl-thread1] INFO  server.RaftServer (RaftServerProxy.java:initGroupDir(269)) - c30fedce-f286-40e0-881d-3d5a9a6e2463: The directory /home/runner/work/ozone/ozone/hadoop-ozone/integration-test/target/test-dir/MiniOzoneClusterImpl-a0fc024b-a492-45a5-9697-b0d14f72cb5c/datanode-6/data/ratis/tmp is not a group directory; ignoring it. 
2024-02-22 20:33:33,100 [main] INFO  replication.ReplicationServer (ReplicationServer.java:<init>(86)) - Initializing replication server with thread count = 10 queue length = 4096
2024-02-22 20:33:33,102 [main] INFO  server.XceiverServerGrpc (XceiverServerGrpc.java:<init>(141)) - GrpcServer channel type EpollServerSocketChannel
2024-02-22 20:33:33,104 [main] INFO  replication.ReplicationSupervisor (ReplicationSupervisor.java:build(163)) - Initializing replication supervisor with thread count = 10
2024-02-22 20:33:33,104 [main] INFO  replication.ReplicationSupervisor (ReplicationSupervisor.java:nodeStateUpdated(317)) - Node state updated to IN_SERVICE, scaling executor pool size to 10
2024-02-22 20:33:33,106 [main] INFO  http.BaseHttpServer (BaseHttpServer.java:newHttpServer2BuilderForOzone(223)) - Starting Web-server for hddsDatanode at: http://0.0.0.0:15063
2024-02-22 20:33:33,107 [main] INFO  http.BaseHttpServer (BaseHttpServer.java:<init>(110)) - Hadoop Security Enabled: false Ozone Security Enabled: false Ozone HTTP Security Enabled: false 
2024-02-22 20:33:33,108 [main] WARN  server.AuthenticationFilter (AuthenticationFilter.java:constructSecretProvider(240)) - Unable to initialize FileSignerSecretProvider, falling back to use random secrets. Reason: Could not read signature secret file: /home/runner/hadoop-http-auth-signature-secret
2024-02-22 20:33:33,109 [main] INFO  http.HttpRequestLog (HttpRequestLog.java:getRequestLog(86)) - Http request log for http.requests.hddsDatanode is not defined
2024-02-22 20:33:33,110 [main] INFO  http.HttpServer2 (HttpServer2.java:addGlobalFilter(1036)) - Added global filter 'safety' (class=org.apache.hadoop.hdds.server.http.HttpServer2$QuotingInputFilter)
2024-02-22 20:33:33,111 [main] INFO  http.HttpServer2 (HttpServer2.java:addFilter(1012)) - Added filter static_user_filter (class=org.apache.hadoop.http.lib.StaticUserWebFilter$StaticUserFilter) to context hddsDatanode
2024-02-22 20:33:33,111 [main] INFO  http.HttpServer2 (HttpServer2.java:addFilter(1020)) - Added filter static_user_filter (class=org.apache.hadoop.http.lib.StaticUserWebFilter$StaticUserFilter) to context logs
2024-02-22 20:33:33,112 [main] INFO  http.HttpServer2 (HttpServer2.java:addFilter(1020)) - Added filter static_user_filter (class=org.apache.hadoop.http.lib.StaticUserWebFilter$StaticUserFilter) to context static
2024-02-22 20:33:33,112 [main] INFO  http.BaseHttpServer (BaseHttpServer.java:<init>(189)) - HTTP server of hddsDatanode uses base directory /home/runner/work/ozone/ozone/hadoop-ozone/integration-test/target/test-dir/MiniOzoneClusterImpl-a0fc024b-a492-45a5-9697-b0d14f72cb5c/datanode-6/meta/webserver
2024-02-22 20:33:33,113 [main] INFO  http.HttpServer2 (HttpServer2.java:bindListener(1236)) - Jetty bound to port 15063
2024-02-22 20:33:33,113 [main] INFO  server.Server (Server.java:doStart(375)) - jetty-9.4.53.v20231009; built: 2023-10-09T12:29:09.265Z; git: 27bde00a0b95a1d5bbee0eae7984f891d2d0f8c9; jvm 1.8.0_402-b06
2024-02-22 20:33:33,114 [main] INFO  server.session (DefaultSessionIdManager.java:doStart(334)) - DefaultSessionIdManager workerName=node0
2024-02-22 20:33:33,114 [main] INFO  server.session (DefaultSessionIdManager.java:doStart(339)) - No SessionScavenger set, using defaults
2024-02-22 20:33:33,114 [main] INFO  server.session (HouseKeeper.java:startScavenging(132)) - node0 Scavenging every 660000ms
2024-02-22 20:33:33,116 [main] INFO  handler.ContextHandler (ContextHandler.java:doStart(921)) - Started o.e.j.s.ServletContextHandler@2b76efe{logs,/logs,file:///home/runner/work/ozone/ozone/hadoop-ozone/integration-test/target/log,AVAILABLE}
2024-02-22 20:33:33,116 [main] INFO  handler.ContextHandler (ContextHandler.java:doStart(921)) - Started o.e.j.s.ServletContextHandler@6d6549c{static,/static,jar:file:/home/runner/.m2/repository/org/apache/ozone/hdds-container-service/1.5.0-SNAPSHOT/hdds-container-service-1.5.0-SNAPSHOT.jar!/webapps/static,AVAILABLE}
2024-02-22 20:33:33,174 [main] INFO  handler.ContextHandler (ContextHandler.java:doStart(921)) - Started o.e.j.w.WebAppContext@666534a7{hddsDatanode,/,file:///home/runner/work/ozone/ozone/hadoop-ozone/integration-test/target/test-dir/MiniOzoneClusterImpl-a0fc024b-a492-45a5-9697-b0d14f72cb5c/datanode-6/meta/webserver/jetty-0_0_0_0-15063-hdds-container-service-1_5_0-SNAPSHOT_jar-_-any-2163070386072030221/webapp/,AVAILABLE}{jar:file:/home/runner/.m2/repository/org/apache/ozone/hdds-container-service/1.5.0-SNAPSHOT/hdds-container-service-1.5.0-SNAPSHOT.jar!/webapps/hddsDatanode}
2024-02-22 20:33:33,176 [main] INFO  server.AbstractConnector (AbstractConnector.java:doStart(333)) - Started ServerConnector@4d8a67e5{HTTP/1.1, (http/1.1)}{0.0.0.0:15063}
2024-02-22 20:33:33,176 [main] INFO  server.Server (Server.java:doStart(415)) - Started @7558ms
2024-02-22 20:33:33,177 [main] WARN  impl.MetricsSystemImpl (MetricsSystemImpl.java:register(279)) - Sink prometheus already exists!
2024-02-22 20:33:33,177 [main] INFO  http.BaseHttpServer (BaseHttpServer.java:updateConnectorAddress(354)) - HTTP server of hddsDatanode listening at http://0.0.0.0:15063
2024-02-22 20:33:33,178 [main] INFO  ipc.CallQueueManager (CallQueueManager.java:<init>(90)) - Using callQueue: class java.util.concurrent.LinkedBlockingQueue, queueCapacity: 100, scheduler: class org.apache.hadoop.ipc.DefaultRpcScheduler, ipcBackoff: false.
2024-02-22 20:33:33,178 [main] INFO  ipc.Server (Server.java:<init>(1287)) - Listener at 0.0.0.0:15064
2024-02-22 20:33:33,178 [Socket Reader #1 for port 15064] INFO  ipc.Server (Server.java:run(1323)) - Starting Socket Reader #1 for port 15064
2024-02-22 20:33:33,181 [main] INFO  ozone.HddsDatanodeService (HddsDatanodeService.java:start(327)) - Datanode start with admins: [runner]
2024-02-22 20:33:33,181 [main] INFO  ozone.HddsDatanodeClientProtocolServer (HddsDatanodeClientProtocolServer.java:start(72)) - RPC server for Client /0.0.0.0:15064
2024-02-22 20:33:33,182 [IPC Server Responder] INFO  ipc.Server (Server.java:run(1562)) - IPC Server Responder: starting
2024-02-22 20:33:33,182 [IPC Server listener on 15064] INFO  ipc.Server (Server.java:run(1402)) - IPC Server listener on 15064: starting
2024-02-22 20:33:33,187 [c30fedce-f286-40e0-881d-3d5a9a6e2463-DatanodeStateMachineDaemonThread] INFO  statemachine.DatanodeStateMachine (DatanodeStateMachine.java:lambda$startDaemon$1(555)) - Ozone container server started.
2024-02-22 20:33:33,187 [main] WARN  dropwizard3.Dm3MetricRegistriesImpl (Dm3MetricRegistriesImpl.java:addReporterRegistration(113)) - New reporters are added after registries were created. Some metrics will be missing from the reporter. Please add reporter before adding any new registry.
2024-02-22 20:33:33,187 [main] WARN  dropwizard3.Dm3MetricRegistriesImpl (Dm3MetricRegistriesImpl.java:addReporterRegistration(113)) - New reporters are added after registries were created. Some metrics will be missing from the reporter. Please add reporter before adding any new registry.
2024-02-22 20:33:33,187 [main] INFO  impl.MetricsSystemImpl (MetricsSystemImpl.java:init(158)) - HddsDatanode metrics system started (again)
2024-02-22 20:33:33,197 [c30fedce-f286-40e0-881d-3d5a9a6e2463-DatanodeStateMachineTaskThread-0] INFO  datanode.InitDatanodeState (InitDatanodeState.java:persistContainerDatanodeDetails(139)) - DatanodeDetails is persisted to /home/runner/work/ozone/ozone/hadoop-ozone/integration-test/target/test-dir/MiniOzoneClusterImpl-a0fc024b-a492-45a5-9697-b0d14f72cb5c/datanode-6/meta/datanode.id
2024-02-22 20:33:33,200 [main] INFO  ozone.HddsDatanodeService (HddsDatanodeService.java:start(240)) - HddsDatanodeService host:fv-az779-213.k0faouyluq4u1aavuapgg5xmpb.cx.internal.cloudapp.net ip:10.1.0.33
2024-02-22 20:33:33,217 [main] INFO  upgrade.AbstractLayoutVersionManager (AbstractLayoutVersionManager.java:init(83)) - Initializing Layout version manager with metadata layout = HADOOP_PRC_PORTS_IN_DATANODEDETAILS (version = 7), software layout = HADOOP_PRC_PORTS_IN_DATANODEDETAILS (version = 7)
2024-02-22 20:33:33,217 [main] INFO  statemachine.DatanodeStateMachine (DatanodeStateMachine.java:getEndPointTaskThreadPoolSize(299)) - Datanode State Machine Task Thread Pool size 2
2024-02-22 20:33:33,219 [main] INFO  volume.HddsVolume (HddsVolume.java:<init>(125)) - Creating HddsVolume: /home/runner/work/ozone/ozone/hadoop-ozone/integration-test/target/test-dir/MiniOzoneClusterImpl-a0fc024b-a492-45a5-9697-b0d14f72cb5c/datanode-7/data-0/containers/hdds of storage type : DISK capacity : 9223372036854775807
2024-02-22 20:33:33,221 [main] INFO  volume.MutableVolumeSet (MutableVolumeSet.java:initializeVolumeSet(173)) - Added Volume : /home/runner/work/ozone/ozone/hadoop-ozone/integration-test/target/test-dir/MiniOzoneClusterImpl-a0fc024b-a492-45a5-9697-b0d14f72cb5c/datanode-7/data-0/containers/hdds to VolumeSet
2024-02-22 20:33:33,224 [main] INFO  volume.MutableVolumeSet (MutableVolumeSet.java:initializeVolumeSet(173)) - Added Volume : /home/runner/work/ozone/ozone/hadoop-ozone/integration-test/target/test-dir/MiniOzoneClusterImpl-a0fc024b-a492-45a5-9697-b0d14f72cb5c/datanode-7/data/ratis to VolumeSet
2024-02-22 20:33:33,224 [main] INFO  ozoneimpl.OzoneContainer (HddsVolumeUtil.java:loadAllHddsVolumeDbStore(103)) - Load 1 volumes DbStore cost: 0ms
2024-02-22 20:33:33,228 [main] INFO  server.RaftServer (ConfUtils.java:logGet(46)) - raft.rpc.type = GRPC (default)
2024-02-22 20:33:33,229 [main] INFO  grpc.GrpcConfigKeys (ConfUtils.java:logFallback(53)) - raft.grpc.admin.host = null (fallback to raft.grpc.server.host)
2024-02-22 20:33:33,229 [main] INFO  grpc.GrpcConfigKeys (ConfUtils.java:logGet(46)) - raft.grpc.admin.port = 15076 (custom)
2024-02-22 20:33:33,229 [main] INFO  grpc.GrpcConfigKeys (ConfUtils.java:logFallback(53)) - raft.grpc.client.host = null (fallback to raft.grpc.server.host)
2024-02-22 20:33:33,229 [main] INFO  grpc.GrpcConfigKeys (ConfUtils.java:logGet(46)) - raft.grpc.client.port = 15075 (custom)
2024-02-22 20:33:33,233 [main] INFO  grpc.GrpcConfigKeys (ConfUtils.java:logGet(46)) - raft.grpc.server.host = null (default)
2024-02-22 20:33:33,234 [main] INFO  grpc.GrpcConfigKeys (ConfUtils.java:logGet(46)) - raft.grpc.server.port = 15077 (custom)
2024-02-22 20:33:33,234 [main] INFO  server.GrpcService (ConfUtils.java:logGet(46)) - raft.grpc.message.size.max = 32MB (=33554432) (custom)
2024-02-22 20:33:33,234 [main] INFO  server.RaftServerConfigKeys (ConfUtils.java:logGet(46)) - raft.server.log.appender.buffer.byte-limit = 8388608 (custom)
2024-02-22 20:33:33,234 [main] INFO  server.GrpcService (ConfUtils.java:logGet(46)) - raft.grpc.flow.control.window = 5MB (=5242880) (custom)
2024-02-22 20:33:33,235 [main] INFO  server.RaftServerConfigKeys (ConfUtils.java:logGet(46)) - raft.server.rpc.request.timeout = 60s (custom)
2024-02-22 20:33:33,235 [main] INFO  grpc.GrpcConfigKeys (ConfUtils.java:logGet(46)) - raft.grpc.server.heartbeat.channel = true (default)
2024-02-22 20:33:33,235 [main] INFO  grpc.GrpcConfigKeys (ConfUtils.java:logGet(46)) - raft.grpc.server.async.request.thread.pool.cached = true (default)
2024-02-22 20:33:33,235 [main] INFO  grpc.GrpcConfigKeys (ConfUtils.java:logGet(46)) - raft.grpc.server.async.request.thread.pool.size = 32 (default)
2024-02-22 20:33:33,238 [main] INFO  impl.DataStreamServerImpl (ConfUtils.java:logGet(46)) - raft.datastream.type = NETTY (custom)
2024-02-22 20:33:33,238 [main] INFO  server.RaftServerConfigKeys (ConfUtils.java:logGet(46)) - raft.server.data-stream.async.request.thread.pool.cached = false (default)
2024-02-22 20:33:33,239 [main] INFO  server.RaftServerConfigKeys (ConfUtils.java:logGet(46)) - raft.server.data-stream.async.request.thread.pool.size = 20 (custom)
2024-02-22 20:33:33,239 [main] INFO  server.RaftServerConfigKeys (ConfUtils.java:logGet(46)) - raft.server.data-stream.async.write.thread.pool.size = 16 (default)
2024-02-22 20:33:33,239 [main] INFO  netty.NettyConfigKeys$DataStream (ConfUtils.java:logGet(46)) - raft.netty.dataStream.server.channel.inactive.grace-period = 10min (default)
2024-02-22 20:33:33,239 [main] INFO  server.RaftServerConfigKeys (ConfUtils.java:logGet(46)) - raft.server.data-stream.client.pool.size = 10 (default)
2024-02-22 20:33:33,239 [main] INFO  netty.NettyConfigKeys$DataStream (ConfUtils.java:logGet(46)) - raft.netty.dataStream.server.use-epoll = true (default)
2024-02-22 20:33:33,240 [main] INFO  netty.NettyConfigKeys$DataStream (ConfUtils.java:logGet(46)) - raft.netty.dataStream.server.boss-group.size = 0 (default)
2024-02-22 20:33:33,240 [main] INFO  netty.NettyUtils (NettyUtils.java:newEventLoopGroup(69)) - Create EpollEventLoopGroup for 13f92446-3b18-4d81-bc66-0f9b00220e72-NettyServerStreamRpc-bossGroup; Thread size is 0.
2024-02-22 20:33:33,241 [main] INFO  netty.NettyConfigKeys$DataStream (ConfUtils.java:logGet(46)) - raft.netty.dataStream.server.worker-group.size = 0 (default)
2024-02-22 20:33:33,241 [main] INFO  netty.NettyUtils (NettyUtils.java:newEventLoopGroup(69)) - Create EpollEventLoopGroup for 13f92446-3b18-4d81-bc66-0f9b00220e72-NettyServerStreamRpc-workerGroup; Thread size is 0.
2024-02-22 20:33:33,241 [main] INFO  netty.NettyConfigKeys$DataStream (ConfUtils.java:logGet(46)) - raft.netty.dataStream.server.tls.conf = null (default)
2024-02-22 20:33:33,241 [main] INFO  netty.NettyConfigKeys$DataStream (ConfUtils.java:logGet(46)) - raft.netty.dataStream.host = null (default)
2024-02-22 20:33:33,242 [main] INFO  netty.NettyConfigKeys$DataStream (ConfUtils.java:logGet(46)) - raft.netty.dataStream.port = 15078 (custom)
2024-02-22 20:33:33,242 [main] INFO  server.RaftServerConfigKeys (ConfUtils.java:logGet(46)) - raft.server.sleep.deviation.threshold = 300ms (default)
2024-02-22 20:33:33,243 [main] INFO  server.RaftServerConfigKeys (ConfUtils.java:logGet(46)) - raft.server.close.threshold = 60s (default)
2024-02-22 20:33:33,243 [main] INFO  server.RaftServerConfigKeys (ConfUtils.java:logGet(46)) - raft.server.leaderelection.leader.step-down.wait-time = 10s (default)
2024-02-22 20:33:33,243 [main] INFO  server.RaftServerConfigKeys (ConfUtils.java:logGet(46)) - raft.server.storage.dir = [/home/runner/work/ozone/ozone/hadoop-ozone/integration-test/target/test-dir/MiniOzoneClusterImpl-a0fc024b-a492-45a5-9697-b0d14f72cb5c/datanode-7/data/ratis] (custom)
2024-02-22 20:33:33,243 [main] INFO  server.RaftServerConfigKeys (ConfUtils.java:logGet(46)) - raft.server.threadpool.proxy.cached = true (default)
2024-02-22 20:33:33,244 [main] INFO  server.RaftServerConfigKeys (ConfUtils.java:logGet(46)) - raft.server.threadpool.proxy.size = 0 (default)
2024-02-22 20:33:33,244 [13f92446-3b18-4d81-bc66-0f9b00220e72-impl-thread1] INFO  server.RaftServer (RaftServerProxy.java:initGroupDir(264)) - 13f92446-3b18-4d81-bc66-0f9b00220e72: found a subdirectory /home/runner/work/ozone/ozone/hadoop-ozone/integration-test/target/test-dir/MiniOzoneClusterImpl-a0fc024b-a492-45a5-9697-b0d14f72cb5c/datanode-7/data/ratis/tmp
2024-02-22 20:33:33,245 [13f92446-3b18-4d81-bc66-0f9b00220e72-NettyServerStreamRpc-bossGroup--thread1] INFO  logging.LoggingHandler (AbstractInternalLogger.java:log(148)) - [id: 0xd38b61e0] REGISTERED
2024-02-22 20:33:33,245 [13f92446-3b18-4d81-bc66-0f9b00220e72-impl-thread1] INFO  server.RaftServer (RaftServerProxy.java:initGroupDir(269)) - 13f92446-3b18-4d81-bc66-0f9b00220e72: The directory /home/runner/work/ozone/ozone/hadoop-ozone/integration-test/target/test-dir/MiniOzoneClusterImpl-a0fc024b-a492-45a5-9697-b0d14f72cb5c/datanode-7/data/ratis/tmp is not a group directory; ignoring it. 
2024-02-22 20:33:33,245 [13f92446-3b18-4d81-bc66-0f9b00220e72-NettyServerStreamRpc-bossGroup--thread1] INFO  logging.LoggingHandler (AbstractInternalLogger.java:log(148)) - [id: 0xd38b61e0] BIND: 0.0.0.0/0.0.0.0:15078
2024-02-22 20:33:33,245 [13f92446-3b18-4d81-bc66-0f9b00220e72-NettyServerStreamRpc-bossGroup--thread1] INFO  logging.LoggingHandler (AbstractInternalLogger.java:log(148)) - [id: 0xd38b61e0, L:/0.0.0.0:15078] ACTIVE
2024-02-22 20:33:33,246 [main] INFO  replication.ReplicationServer (ReplicationServer.java:<init>(86)) - Initializing replication server with thread count = 10 queue length = 4096
2024-02-22 20:33:33,247 [main] INFO  server.XceiverServerGrpc (XceiverServerGrpc.java:<init>(141)) - GrpcServer channel type EpollServerSocketChannel
2024-02-22 20:33:33,249 [main] INFO  replication.ReplicationSupervisor (ReplicationSupervisor.java:build(163)) - Initializing replication supervisor with thread count = 10
2024-02-22 20:33:33,249 [main] INFO  replication.ReplicationSupervisor (ReplicationSupervisor.java:nodeStateUpdated(317)) - Node state updated to IN_SERVICE, scaling executor pool size to 10
2024-02-22 20:33:33,251 [main] INFO  http.BaseHttpServer (BaseHttpServer.java:newHttpServer2BuilderForOzone(223)) - Starting Web-server for hddsDatanode at: http://0.0.0.0:15072
2024-02-22 20:33:33,252 [main] INFO  http.BaseHttpServer (BaseHttpServer.java:<init>(110)) - Hadoop Security Enabled: false Ozone Security Enabled: false Ozone HTTP Security Enabled: false 
2024-02-22 20:33:33,253 [main] WARN  server.AuthenticationFilter (AuthenticationFilter.java:constructSecretProvider(240)) - Unable to initialize FileSignerSecretProvider, falling back to use random secrets. Reason: Could not read signature secret file: /home/runner/hadoop-http-auth-signature-secret
2024-02-22 20:33:33,253 [main] INFO  http.HttpRequestLog (HttpRequestLog.java:getRequestLog(86)) - Http request log for http.requests.hddsDatanode is not defined
2024-02-22 20:33:33,255 [main] INFO  http.HttpServer2 (HttpServer2.java:addGlobalFilter(1036)) - Added global filter 'safety' (class=org.apache.hadoop.hdds.server.http.HttpServer2$QuotingInputFilter)
2024-02-22 20:33:33,255 [main] INFO  http.HttpServer2 (HttpServer2.java:addFilter(1012)) - Added filter static_user_filter (class=org.apache.hadoop.http.lib.StaticUserWebFilter$StaticUserFilter) to context hddsDatanode
2024-02-22 20:33:33,256 [main] INFO  http.HttpServer2 (HttpServer2.java:addFilter(1020)) - Added filter static_user_filter (class=org.apache.hadoop.http.lib.StaticUserWebFilter$StaticUserFilter) to context logs
2024-02-22 20:33:33,256 [main] INFO  http.HttpServer2 (HttpServer2.java:addFilter(1020)) - Added filter static_user_filter (class=org.apache.hadoop.http.lib.StaticUserWebFilter$StaticUserFilter) to context static
2024-02-22 20:33:33,256 [main] INFO  http.BaseHttpServer (BaseHttpServer.java:<init>(189)) - HTTP server of hddsDatanode uses base directory /home/runner/work/ozone/ozone/hadoop-ozone/integration-test/target/test-dir/MiniOzoneClusterImpl-a0fc024b-a492-45a5-9697-b0d14f72cb5c/datanode-7/meta/webserver
2024-02-22 20:33:33,257 [main] INFO  http.HttpServer2 (HttpServer2.java:bindListener(1236)) - Jetty bound to port 15072
2024-02-22 20:33:33,257 [main] INFO  server.Server (Server.java:doStart(375)) - jetty-9.4.53.v20231009; built: 2023-10-09T12:29:09.265Z; git: 27bde00a0b95a1d5bbee0eae7984f891d2d0f8c9; jvm 1.8.0_402-b06
2024-02-22 20:33:33,262 [main] INFO  server.session (DefaultSessionIdManager.java:doStart(334)) - DefaultSessionIdManager workerName=node0
2024-02-22 20:33:33,262 [main] INFO  server.session (DefaultSessionIdManager.java:doStart(339)) - No SessionScavenger set, using defaults
2024-02-22 20:33:33,262 [main] INFO  server.session (HouseKeeper.java:startScavenging(132)) - node0 Scavenging every 660000ms
2024-02-22 20:33:33,264 [main] INFO  handler.ContextHandler (ContextHandler.java:doStart(921)) - Started o.e.j.s.ServletContextHandler@6d58674f{logs,/logs,file:///home/runner/work/ozone/ozone/hadoop-ozone/integration-test/target/log,AVAILABLE}
2024-02-22 20:33:33,265 [main] INFO  handler.ContextHandler (ContextHandler.java:doStart(921)) - Started o.e.j.s.ServletContextHandler@5483015{static,/static,jar:file:/home/runner/.m2/repository/org/apache/ozone/hdds-container-service/1.5.0-SNAPSHOT/hdds-container-service-1.5.0-SNAPSHOT.jar!/webapps/static,AVAILABLE}
2024-02-22 20:33:33,297 [main] INFO  handler.ContextHandler (ContextHandler.java:doStart(921)) - Started o.e.j.w.WebAppContext@478dc67c{hddsDatanode,/,file:///home/runner/work/ozone/ozone/hadoop-ozone/integration-test/target/test-dir/MiniOzoneClusterImpl-a0fc024b-a492-45a5-9697-b0d14f72cb5c/datanode-7/meta/webserver/jetty-0_0_0_0-15072-hdds-container-service-1_5_0-SNAPSHOT_jar-_-any-6969852369433990273/webapp/,AVAILABLE}{jar:file:/home/runner/.m2/repository/org/apache/ozone/hdds-container-service/1.5.0-SNAPSHOT/hdds-container-service-1.5.0-SNAPSHOT.jar!/webapps/hddsDatanode}
2024-02-22 20:33:33,299 [main] INFO  server.AbstractConnector (AbstractConnector.java:doStart(333)) - Started ServerConnector@5ffc5867{HTTP/1.1, (http/1.1)}{0.0.0.0:15072}
2024-02-22 20:33:33,299 [main] INFO  server.Server (Server.java:doStart(415)) - Started @7680ms
2024-02-22 20:33:33,299 [main] WARN  impl.MetricsSystemImpl (MetricsSystemImpl.java:register(279)) - Sink prometheus already exists!
2024-02-22 20:33:33,300 [main] INFO  http.BaseHttpServer (BaseHttpServer.java:updateConnectorAddress(354)) - HTTP server of hddsDatanode listening at http://0.0.0.0:15072
2024-02-22 20:33:33,300 [main] INFO  ipc.CallQueueManager (CallQueueManager.java:<init>(90)) - Using callQueue: class java.util.concurrent.LinkedBlockingQueue, queueCapacity: 100, scheduler: class org.apache.hadoop.ipc.DefaultRpcScheduler, ipcBackoff: false.
2024-02-22 20:33:33,300 [main] INFO  ipc.Server (Server.java:<init>(1287)) - Listener at 0.0.0.0:15073
2024-02-22 20:33:33,300 [Socket Reader #1 for port 15073] INFO  ipc.Server (Server.java:run(1323)) - Starting Socket Reader #1 for port 15073
2024-02-22 20:33:33,303 [main] INFO  ozone.HddsDatanodeService (HddsDatanodeService.java:start(327)) - Datanode start with admins: [runner]
2024-02-22 20:33:33,303 [main] INFO  ozone.HddsDatanodeClientProtocolServer (HddsDatanodeClientProtocolServer.java:start(72)) - RPC server for Client /0.0.0.0:15073
2024-02-22 20:33:33,303 [IPC Server Responder] INFO  ipc.Server (Server.java:run(1562)) - IPC Server Responder: starting
2024-02-22 20:33:33,303 [IPC Server listener on 15073] INFO  ipc.Server (Server.java:run(1402)) - IPC Server listener on 15073: starting
2024-02-22 20:33:33,304 [main] WARN  dropwizard3.Dm3MetricRegistriesImpl (Dm3MetricRegistriesImpl.java:addReporterRegistration(113)) - New reporters are added after registries were created. Some metrics will be missing from the reporter. Please add reporter before adding any new registry.
2024-02-22 20:33:33,305 [main] WARN  dropwizard3.Dm3MetricRegistriesImpl (Dm3MetricRegistriesImpl.java:addReporterRegistration(113)) - New reporters are added after registries were created. Some metrics will be missing from the reporter. Please add reporter before adding any new registry.
2024-02-22 20:33:33,304 [13f92446-3b18-4d81-bc66-0f9b00220e72-DatanodeStateMachineDaemonThread] INFO  statemachine.DatanodeStateMachine (DatanodeStateMachine.java:lambda$startDaemon$1(555)) - Ozone container server started.
2024-02-22 20:33:33,305 [main] INFO  impl.MetricsSystemImpl (MetricsSystemImpl.java:init(158)) - HddsDatanode metrics system started (again)
2024-02-22 20:33:33,309 [13f92446-3b18-4d81-bc66-0f9b00220e72-DatanodeStateMachineTaskThread-0] INFO  datanode.InitDatanodeState (InitDatanodeState.java:persistContainerDatanodeDetails(139)) - DatanodeDetails is persisted to /home/runner/work/ozone/ozone/hadoop-ozone/integration-test/target/test-dir/MiniOzoneClusterImpl-a0fc024b-a492-45a5-9697-b0d14f72cb5c/datanode-7/meta/datanode.id
2024-02-22 20:33:33,315 [main] INFO  ozone.HddsDatanodeService (HddsDatanodeService.java:start(240)) - HddsDatanodeService host:fv-az779-213.k0faouyluq4u1aavuapgg5xmpb.cx.internal.cloudapp.net ip:10.1.0.33
2024-02-22 20:33:33,333 [main] INFO  upgrade.AbstractLayoutVersionManager (AbstractLayoutVersionManager.java:init(83)) - Initializing Layout version manager with metadata layout = HADOOP_PRC_PORTS_IN_DATANODEDETAILS (version = 7), software layout = HADOOP_PRC_PORTS_IN_DATANODEDETAILS (version = 7)
2024-02-22 20:33:33,333 [main] INFO  statemachine.DatanodeStateMachine (DatanodeStateMachine.java:getEndPointTaskThreadPoolSize(299)) - Datanode State Machine Task Thread Pool size 2
2024-02-22 20:33:33,335 [main] INFO  volume.HddsVolume (HddsVolume.java:<init>(125)) - Creating HddsVolume: /home/runner/work/ozone/ozone/hadoop-ozone/integration-test/target/test-dir/MiniOzoneClusterImpl-a0fc024b-a492-45a5-9697-b0d14f72cb5c/datanode-8/data-0/containers/hdds of storage type : DISK capacity : 9223372036854775807
2024-02-22 20:33:33,335 [main] INFO  volume.MutableVolumeSet (MutableVolumeSet.java:initializeVolumeSet(173)) - Added Volume : /home/runner/work/ozone/ozone/hadoop-ozone/integration-test/target/test-dir/MiniOzoneClusterImpl-a0fc024b-a492-45a5-9697-b0d14f72cb5c/datanode-8/data-0/containers/hdds to VolumeSet
2024-02-22 20:33:33,336 [main] INFO  volume.MutableVolumeSet (MutableVolumeSet.java:initializeVolumeSet(173)) - Added Volume : /home/runner/work/ozone/ozone/hadoop-ozone/integration-test/target/test-dir/MiniOzoneClusterImpl-a0fc024b-a492-45a5-9697-b0d14f72cb5c/datanode-8/data/ratis to VolumeSet
2024-02-22 20:33:33,337 [main] INFO  ozoneimpl.OzoneContainer (HddsVolumeUtil.java:loadAllHddsVolumeDbStore(103)) - Load 1 volumes DbStore cost: 1ms
2024-02-22 20:33:33,340 [main] INFO  server.RaftServer (ConfUtils.java:logGet(46)) - raft.rpc.type = GRPC (default)
2024-02-22 20:33:33,340 [main] INFO  grpc.GrpcConfigKeys (ConfUtils.java:logFallback(53)) - raft.grpc.admin.host = null (fallback to raft.grpc.server.host)
2024-02-22 20:33:33,340 [main] INFO  grpc.GrpcConfigKeys (ConfUtils.java:logGet(46)) - raft.grpc.admin.port = 15085 (custom)
2024-02-22 20:33:33,340 [main] INFO  grpc.GrpcConfigKeys (ConfUtils.java:logFallback(53)) - raft.grpc.client.host = null (fallback to raft.grpc.server.host)
2024-02-22 20:33:33,341 [main] INFO  grpc.GrpcConfigKeys (ConfUtils.java:logGet(46)) - raft.grpc.client.port = 15084 (custom)
2024-02-22 20:33:33,341 [main] INFO  grpc.GrpcConfigKeys (ConfUtils.java:logGet(46)) - raft.grpc.server.host = null (default)
2024-02-22 20:33:33,341 [main] INFO  grpc.GrpcConfigKeys (ConfUtils.java:logGet(46)) - raft.grpc.server.port = 15086 (custom)
2024-02-22 20:33:33,341 [main] INFO  server.GrpcService (ConfUtils.java:logGet(46)) - raft.grpc.message.size.max = 32MB (=33554432) (custom)
2024-02-22 20:33:33,341 [main] INFO  server.RaftServerConfigKeys (ConfUtils.java:logGet(46)) - raft.server.log.appender.buffer.byte-limit = 8388608 (custom)
2024-02-22 20:33:33,342 [main] INFO  server.GrpcService (ConfUtils.java:logGet(46)) - raft.grpc.flow.control.window = 5MB (=5242880) (custom)
2024-02-22 20:33:33,342 [main] INFO  server.RaftServerConfigKeys (ConfUtils.java:logGet(46)) - raft.server.rpc.request.timeout = 60s (custom)
2024-02-22 20:33:33,342 [main] INFO  grpc.GrpcConfigKeys (ConfUtils.java:logGet(46)) - raft.grpc.server.heartbeat.channel = true (default)
2024-02-22 20:33:33,342 [main] INFO  grpc.GrpcConfigKeys (ConfUtils.java:logGet(46)) - raft.grpc.server.async.request.thread.pool.cached = true (default)
2024-02-22 20:33:33,342 [main] INFO  grpc.GrpcConfigKeys (ConfUtils.java:logGet(46)) - raft.grpc.server.async.request.thread.pool.size = 32 (default)
2024-02-22 20:33:33,345 [main] INFO  impl.DataStreamServerImpl (ConfUtils.java:logGet(46)) - raft.datastream.type = NETTY (custom)
2024-02-22 20:33:33,345 [main] INFO  server.RaftServerConfigKeys (ConfUtils.java:logGet(46)) - raft.server.data-stream.async.request.thread.pool.cached = false (default)
2024-02-22 20:33:33,346 [main] INFO  server.RaftServerConfigKeys (ConfUtils.java:logGet(46)) - raft.server.data-stream.async.request.thread.pool.size = 20 (custom)
2024-02-22 20:33:33,346 [main] INFO  server.RaftServerConfigKeys (ConfUtils.java:logGet(46)) - raft.server.data-stream.async.write.thread.pool.size = 16 (default)
2024-02-22 20:33:33,347 [main] INFO  netty.NettyConfigKeys$DataStream (ConfUtils.java:logGet(46)) - raft.netty.dataStream.server.channel.inactive.grace-period = 10min (default)
2024-02-22 20:33:33,347 [main] INFO  server.RaftServerConfigKeys (ConfUtils.java:logGet(46)) - raft.server.data-stream.client.pool.size = 10 (default)
2024-02-22 20:33:33,348 [main] INFO  netty.NettyConfigKeys$DataStream (ConfUtils.java:logGet(46)) - raft.netty.dataStream.server.use-epoll = true (default)
2024-02-22 20:33:33,348 [main] INFO  netty.NettyConfigKeys$DataStream (ConfUtils.java:logGet(46)) - raft.netty.dataStream.server.boss-group.size = 0 (default)
2024-02-22 20:33:33,348 [main] INFO  netty.NettyUtils (NettyUtils.java:newEventLoopGroup(69)) - Create EpollEventLoopGroup for 78f89d9b-e409-4704-890b-bfcfbcdfd28a-NettyServerStreamRpc-bossGroup; Thread size is 0.
2024-02-22 20:33:33,349 [main] INFO  netty.NettyConfigKeys$DataStream (ConfUtils.java:logGet(46)) - raft.netty.dataStream.server.worker-group.size = 0 (default)
2024-02-22 20:33:33,350 [main] INFO  netty.NettyUtils (NettyUtils.java:newEventLoopGroup(69)) - Create EpollEventLoopGroup for 78f89d9b-e409-4704-890b-bfcfbcdfd28a-NettyServerStreamRpc-workerGroup; Thread size is 0.
2024-02-22 20:33:33,350 [main] INFO  netty.NettyConfigKeys$DataStream (ConfUtils.java:logGet(46)) - raft.netty.dataStream.server.tls.conf = null (default)
2024-02-22 20:33:33,350 [main] INFO  netty.NettyConfigKeys$DataStream (ConfUtils.java:logGet(46)) - raft.netty.dataStream.host = null (default)
2024-02-22 20:33:33,351 [main] INFO  netty.NettyConfigKeys$DataStream (ConfUtils.java:logGet(46)) - raft.netty.dataStream.port = 15087 (custom)
2024-02-22 20:33:33,351 [main] INFO  server.RaftServerConfigKeys (ConfUtils.java:logGet(46)) - raft.server.sleep.deviation.threshold = 300ms (default)
2024-02-22 20:33:33,353 [main] INFO  server.RaftServerConfigKeys (ConfUtils.java:logGet(46)) - raft.server.close.threshold = 60s (default)
2024-02-22 20:33:33,353 [main] INFO  server.RaftServerConfigKeys (ConfUtils.java:logGet(46)) - raft.server.leaderelection.leader.step-down.wait-time = 10s (default)
2024-02-22 20:33:33,353 [main] INFO  server.RaftServerConfigKeys (ConfUtils.java:logGet(46)) - raft.server.storage.dir = [/home/runner/work/ozone/ozone/hadoop-ozone/integration-test/target/test-dir/MiniOzoneClusterImpl-a0fc024b-a492-45a5-9697-b0d14f72cb5c/datanode-8/data/ratis] (custom)
2024-02-22 20:33:33,353 [main] INFO  server.RaftServerConfigKeys (ConfUtils.java:logGet(46)) - raft.server.threadpool.proxy.cached = true (default)
2024-02-22 20:33:33,353 [main] INFO  server.RaftServerConfigKeys (ConfUtils.java:logGet(46)) - raft.server.threadpool.proxy.size = 0 (default)
2024-02-22 20:33:33,353 [78f89d9b-e409-4704-890b-bfcfbcdfd28a-NettyServerStreamRpc-bossGroup--thread1] INFO  logging.LoggingHandler (AbstractInternalLogger.java:log(148)) - [id: 0xe8e83c3d] REGISTERED
2024-02-22 20:33:33,354 [78f89d9b-e409-4704-890b-bfcfbcdfd28a-NettyServerStreamRpc-bossGroup--thread1] INFO  logging.LoggingHandler (AbstractInternalLogger.java:log(148)) - [id: 0xe8e83c3d] BIND: 0.0.0.0/0.0.0.0:15087
2024-02-22 20:33:33,354 [78f89d9b-e409-4704-890b-bfcfbcdfd28a-NettyServerStreamRpc-bossGroup--thread1] INFO  logging.LoggingHandler (AbstractInternalLogger.java:log(148)) - [id: 0xe8e83c3d, L:/0.0.0.0:15087] ACTIVE
2024-02-22 20:33:33,354 [78f89d9b-e409-4704-890b-bfcfbcdfd28a-impl-thread1] INFO  server.RaftServer (RaftServerProxy.java:initGroupDir(264)) - 78f89d9b-e409-4704-890b-bfcfbcdfd28a: found a subdirectory /home/runner/work/ozone/ozone/hadoop-ozone/integration-test/target/test-dir/MiniOzoneClusterImpl-a0fc024b-a492-45a5-9697-b0d14f72cb5c/datanode-8/data/ratis/tmp
2024-02-22 20:33:33,354 [78f89d9b-e409-4704-890b-bfcfbcdfd28a-impl-thread1] INFO  server.RaftServer (RaftServerProxy.java:initGroupDir(269)) - 78f89d9b-e409-4704-890b-bfcfbcdfd28a: The directory /home/runner/work/ozone/ozone/hadoop-ozone/integration-test/target/test-dir/MiniOzoneClusterImpl-a0fc024b-a492-45a5-9697-b0d14f72cb5c/datanode-8/data/ratis/tmp is not a group directory; ignoring it. 
2024-02-22 20:33:33,355 [main] INFO  replication.ReplicationServer (ReplicationServer.java:<init>(86)) - Initializing replication server with thread count = 10 queue length = 4096
2024-02-22 20:33:33,356 [main] INFO  server.XceiverServerGrpc (XceiverServerGrpc.java:<init>(141)) - GrpcServer channel type EpollServerSocketChannel
2024-02-22 20:33:33,358 [main] INFO  replication.ReplicationSupervisor (ReplicationSupervisor.java:build(163)) - Initializing replication supervisor with thread count = 10
2024-02-22 20:33:33,358 [main] INFO  replication.ReplicationSupervisor (ReplicationSupervisor.java:nodeStateUpdated(317)) - Node state updated to IN_SERVICE, scaling executor pool size to 10
2024-02-22 20:33:33,364 [main] INFO  http.BaseHttpServer (BaseHttpServer.java:newHttpServer2BuilderForOzone(223)) - Starting Web-server for hddsDatanode at: http://0.0.0.0:15081
2024-02-22 20:33:33,365 [main] INFO  http.BaseHttpServer (BaseHttpServer.java:<init>(110)) - Hadoop Security Enabled: false Ozone Security Enabled: false Ozone HTTP Security Enabled: false 
2024-02-22 20:33:33,368 [main] WARN  server.AuthenticationFilter (AuthenticationFilter.java:constructSecretProvider(240)) - Unable to initialize FileSignerSecretProvider, falling back to use random secrets. Reason: Could not read signature secret file: /home/runner/hadoop-http-auth-signature-secret
2024-02-22 20:33:33,369 [main] INFO  http.HttpRequestLog (HttpRequestLog.java:getRequestLog(86)) - Http request log for http.requests.hddsDatanode is not defined
2024-02-22 20:33:33,371 [main] INFO  http.HttpServer2 (HttpServer2.java:addGlobalFilter(1036)) - Added global filter 'safety' (class=org.apache.hadoop.hdds.server.http.HttpServer2$QuotingInputFilter)
2024-02-22 20:33:33,372 [main] INFO  http.HttpServer2 (HttpServer2.java:addFilter(1012)) - Added filter static_user_filter (class=org.apache.hadoop.http.lib.StaticUserWebFilter$StaticUserFilter) to context hddsDatanode
2024-02-22 20:33:33,372 [main] INFO  http.HttpServer2 (HttpServer2.java:addFilter(1020)) - Added filter static_user_filter (class=org.apache.hadoop.http.lib.StaticUserWebFilter$StaticUserFilter) to context static
2024-02-22 20:33:33,372 [main] INFO  http.HttpServer2 (HttpServer2.java:addFilter(1020)) - Added filter static_user_filter (class=org.apache.hadoop.http.lib.StaticUserWebFilter$StaticUserFilter) to context logs
2024-02-22 20:33:33,373 [main] INFO  http.BaseHttpServer (BaseHttpServer.java:<init>(189)) - HTTP server of hddsDatanode uses base directory /home/runner/work/ozone/ozone/hadoop-ozone/integration-test/target/test-dir/MiniOzoneClusterImpl-a0fc024b-a492-45a5-9697-b0d14f72cb5c/datanode-8/meta/webserver
2024-02-22 20:33:33,373 [main] INFO  http.HttpServer2 (HttpServer2.java:bindListener(1236)) - Jetty bound to port 15081
2024-02-22 20:33:33,373 [main] INFO  server.Server (Server.java:doStart(375)) - jetty-9.4.53.v20231009; built: 2023-10-09T12:29:09.265Z; git: 27bde00a0b95a1d5bbee0eae7984f891d2d0f8c9; jvm 1.8.0_402-b06
2024-02-22 20:33:33,377 [main] INFO  server.session (DefaultSessionIdManager.java:doStart(334)) - DefaultSessionIdManager workerName=node0
2024-02-22 20:33:33,377 [main] INFO  server.session (DefaultSessionIdManager.java:doStart(339)) - No SessionScavenger set, using defaults
2024-02-22 20:33:33,378 [main] INFO  server.session (HouseKeeper.java:startScavenging(132)) - node0 Scavenging every 660000ms
2024-02-22 20:33:33,378 [main] INFO  handler.ContextHandler (ContextHandler.java:doStart(921)) - Started o.e.j.s.ServletContextHandler@dddf530{logs,/logs,file:///home/runner/work/ozone/ozone/hadoop-ozone/integration-test/target/log,AVAILABLE}
2024-02-22 20:33:33,379 [main] INFO  handler.ContextHandler (ContextHandler.java:doStart(921)) - Started o.e.j.s.ServletContextHandler@19827336{static,/static,jar:file:/home/runner/.m2/repository/org/apache/ozone/hdds-container-service/1.5.0-SNAPSHOT/hdds-container-service-1.5.0-SNAPSHOT.jar!/webapps/static,AVAILABLE}
2024-02-22 20:33:33,411 [main] INFO  handler.ContextHandler (ContextHandler.java:doStart(921)) - Started o.e.j.w.WebAppContext@664c3540{hddsDatanode,/,file:///home/runner/work/ozone/ozone/hadoop-ozone/integration-test/target/test-dir/MiniOzoneClusterImpl-a0fc024b-a492-45a5-9697-b0d14f72cb5c/datanode-8/meta/webserver/jetty-0_0_0_0-15081-hdds-container-service-1_5_0-SNAPSHOT_jar-_-any-1751630404361644978/webapp/,AVAILABLE}{jar:file:/home/runner/.m2/repository/org/apache/ozone/hdds-container-service/1.5.0-SNAPSHOT/hdds-container-service-1.5.0-SNAPSHOT.jar!/webapps/hddsDatanode}
2024-02-22 20:33:33,414 [main] INFO  server.AbstractConnector (AbstractConnector.java:doStart(333)) - Started ServerConnector@2b58afb8{HTTP/1.1, (http/1.1)}{0.0.0.0:15081}
2024-02-22 20:33:33,414 [main] INFO  server.Server (Server.java:doStart(415)) - Started @7795ms
2024-02-22 20:33:33,414 [main] WARN  impl.MetricsSystemImpl (MetricsSystemImpl.java:register(279)) - Sink prometheus already exists!
2024-02-22 20:33:33,415 [main] INFO  http.BaseHttpServer (BaseHttpServer.java:updateConnectorAddress(354)) - HTTP server of hddsDatanode listening at http://0.0.0.0:15081
2024-02-22 20:33:33,415 [main] INFO  ipc.CallQueueManager (CallQueueManager.java:<init>(90)) - Using callQueue: class java.util.concurrent.LinkedBlockingQueue, queueCapacity: 100, scheduler: class org.apache.hadoop.ipc.DefaultRpcScheduler, ipcBackoff: false.
2024-02-22 20:33:33,416 [main] INFO  ipc.Server (Server.java:<init>(1287)) - Listener at 0.0.0.0:15082
2024-02-22 20:33:33,416 [Socket Reader #1 for port 15082] INFO  ipc.Server (Server.java:run(1323)) - Starting Socket Reader #1 for port 15082
2024-02-22 20:33:33,424 [main] INFO  ozone.HddsDatanodeService (HddsDatanodeService.java:start(327)) - Datanode start with admins: [runner]
2024-02-22 20:33:33,424 [main] INFO  ozone.HddsDatanodeClientProtocolServer (HddsDatanodeClientProtocolServer.java:start(72)) - RPC server for Client /0.0.0.0:15082
2024-02-22 20:33:33,424 [IPC Server Responder] INFO  ipc.Server (Server.java:run(1562)) - IPC Server Responder: starting
2024-02-22 20:33:33,433 [IPC Server listener on 15082] INFO  ipc.Server (Server.java:run(1402)) - IPC Server listener on 15082: starting
2024-02-22 20:33:33,434 [78f89d9b-e409-4704-890b-bfcfbcdfd28a-DatanodeStateMachineDaemonThread] INFO  statemachine.DatanodeStateMachine (DatanodeStateMachine.java:lambda$startDaemon$1(555)) - Ozone container server started.
2024-02-22 20:33:33,435 [main] WARN  dropwizard3.Dm3MetricRegistriesImpl (Dm3MetricRegistriesImpl.java:addReporterRegistration(113)) - New reporters are added after registries were created. Some metrics will be missing from the reporter. Please add reporter before adding any new registry.
2024-02-22 20:33:33,435 [main] WARN  dropwizard3.Dm3MetricRegistriesImpl (Dm3MetricRegistriesImpl.java:addReporterRegistration(113)) - New reporters are added after registries were created. Some metrics will be missing from the reporter. Please add reporter before adding any new registry.
2024-02-22 20:33:33,435 [main] INFO  impl.MetricsSystemImpl (MetricsSystemImpl.java:init(158)) - HddsDatanode metrics system started (again)
2024-02-22 20:33:33,438 [78f89d9b-e409-4704-890b-bfcfbcdfd28a-DatanodeStateMachineTaskThread-0] INFO  datanode.InitDatanodeState (InitDatanodeState.java:persistContainerDatanodeDetails(139)) - DatanodeDetails is persisted to /home/runner/work/ozone/ozone/hadoop-ozone/integration-test/target/test-dir/MiniOzoneClusterImpl-a0fc024b-a492-45a5-9697-b0d14f72cb5c/datanode-8/meta/datanode.id
2024-02-22 20:33:33,445 [main] INFO  ozone.HddsDatanodeService (HddsDatanodeService.java:start(240)) - HddsDatanodeService host:fv-az779-213.k0faouyluq4u1aavuapgg5xmpb.cx.internal.cloudapp.net ip:10.1.0.33
2024-02-22 20:33:33,460 [main] INFO  upgrade.AbstractLayoutVersionManager (AbstractLayoutVersionManager.java:init(83)) - Initializing Layout version manager with metadata layout = HADOOP_PRC_PORTS_IN_DATANODEDETAILS (version = 7), software layout = HADOOP_PRC_PORTS_IN_DATANODEDETAILS (version = 7)
2024-02-22 20:33:33,461 [main] INFO  statemachine.DatanodeStateMachine (DatanodeStateMachine.java:getEndPointTaskThreadPoolSize(299)) - Datanode State Machine Task Thread Pool size 2
2024-02-22 20:33:33,463 [main] INFO  volume.HddsVolume (HddsVolume.java:<init>(125)) - Creating HddsVolume: /home/runner/work/ozone/ozone/hadoop-ozone/integration-test/target/test-dir/MiniOzoneClusterImpl-a0fc024b-a492-45a5-9697-b0d14f72cb5c/datanode-9/data-0/containers/hdds of storage type : DISK capacity : 9223372036854775807
2024-02-22 20:33:33,464 [main] INFO  volume.MutableVolumeSet (MutableVolumeSet.java:initializeVolumeSet(173)) - Added Volume : /home/runner/work/ozone/ozone/hadoop-ozone/integration-test/target/test-dir/MiniOzoneClusterImpl-a0fc024b-a492-45a5-9697-b0d14f72cb5c/datanode-9/data-0/containers/hdds to VolumeSet
2024-02-22 20:33:33,465 [main] INFO  volume.MutableVolumeSet (MutableVolumeSet.java:initializeVolumeSet(173)) - Added Volume : /home/runner/work/ozone/ozone/hadoop-ozone/integration-test/target/test-dir/MiniOzoneClusterImpl-a0fc024b-a492-45a5-9697-b0d14f72cb5c/datanode-9/data/ratis to VolumeSet
2024-02-22 20:33:33,465 [main] INFO  ozoneimpl.OzoneContainer (HddsVolumeUtil.java:loadAllHddsVolumeDbStore(103)) - Load 1 volumes DbStore cost: 0ms
2024-02-22 20:33:33,467 [main] INFO  server.RaftServer (ConfUtils.java:logGet(46)) - raft.rpc.type = GRPC (default)
2024-02-22 20:33:33,467 [main] INFO  grpc.GrpcConfigKeys (ConfUtils.java:logFallback(53)) - raft.grpc.admin.host = null (fallback to raft.grpc.server.host)
2024-02-22 20:33:33,468 [main] INFO  grpc.GrpcConfigKeys (ConfUtils.java:logGet(46)) - raft.grpc.admin.port = 15094 (custom)
2024-02-22 20:33:33,468 [main] INFO  grpc.GrpcConfigKeys (ConfUtils.java:logFallback(53)) - raft.grpc.client.host = null (fallback to raft.grpc.server.host)
2024-02-22 20:33:33,468 [main] INFO  grpc.GrpcConfigKeys (ConfUtils.java:logGet(46)) - raft.grpc.client.port = 15093 (custom)
2024-02-22 20:33:33,468 [main] INFO  grpc.GrpcConfigKeys (ConfUtils.java:logGet(46)) - raft.grpc.server.host = null (default)
2024-02-22 20:33:33,468 [main] INFO  grpc.GrpcConfigKeys (ConfUtils.java:logGet(46)) - raft.grpc.server.port = 15095 (custom)
2024-02-22 20:33:33,468 [main] INFO  server.GrpcService (ConfUtils.java:logGet(46)) - raft.grpc.message.size.max = 32MB (=33554432) (custom)
2024-02-22 20:33:33,468 [main] INFO  server.RaftServerConfigKeys (ConfUtils.java:logGet(46)) - raft.server.log.appender.buffer.byte-limit = 8388608 (custom)
2024-02-22 20:33:33,468 [main] INFO  server.GrpcService (ConfUtils.java:logGet(46)) - raft.grpc.flow.control.window = 5MB (=5242880) (custom)
2024-02-22 20:33:33,469 [main] INFO  server.RaftServerConfigKeys (ConfUtils.java:logGet(46)) - raft.server.rpc.request.timeout = 60s (custom)
2024-02-22 20:33:33,469 [main] INFO  grpc.GrpcConfigKeys (ConfUtils.java:logGet(46)) - raft.grpc.server.heartbeat.channel = true (default)
2024-02-22 20:33:33,469 [main] INFO  grpc.GrpcConfigKeys (ConfUtils.java:logGet(46)) - raft.grpc.server.async.request.thread.pool.cached = true (default)
2024-02-22 20:33:33,469 [main] INFO  grpc.GrpcConfigKeys (ConfUtils.java:logGet(46)) - raft.grpc.server.async.request.thread.pool.size = 32 (default)
2024-02-22 20:33:33,471 [main] INFO  impl.DataStreamServerImpl (ConfUtils.java:logGet(46)) - raft.datastream.type = NETTY (custom)
2024-02-22 20:33:33,471 [main] INFO  server.RaftServerConfigKeys (ConfUtils.java:logGet(46)) - raft.server.data-stream.async.request.thread.pool.cached = false (default)
2024-02-22 20:33:33,471 [main] INFO  server.RaftServerConfigKeys (ConfUtils.java:logGet(46)) - raft.server.data-stream.async.request.thread.pool.size = 20 (custom)
2024-02-22 20:33:33,471 [main] INFO  server.RaftServerConfigKeys (ConfUtils.java:logGet(46)) - raft.server.data-stream.async.write.thread.pool.size = 16 (default)
2024-02-22 20:33:33,472 [main] INFO  netty.NettyConfigKeys$DataStream (ConfUtils.java:logGet(46)) - raft.netty.dataStream.server.channel.inactive.grace-period = 10min (default)
2024-02-22 20:33:33,472 [main] INFO  server.RaftServerConfigKeys (ConfUtils.java:logGet(46)) - raft.server.data-stream.client.pool.size = 10 (default)
2024-02-22 20:33:33,472 [main] INFO  netty.NettyConfigKeys$DataStream (ConfUtils.java:logGet(46)) - raft.netty.dataStream.server.use-epoll = true (default)
2024-02-22 20:33:33,472 [main] INFO  netty.NettyConfigKeys$DataStream (ConfUtils.java:logGet(46)) - raft.netty.dataStream.server.boss-group.size = 0 (default)
2024-02-22 20:33:33,472 [main] INFO  netty.NettyUtils (NettyUtils.java:newEventLoopGroup(69)) - Create EpollEventLoopGroup for e780b093-7242-46d7-bd8f-0f810188c7b3-NettyServerStreamRpc-bossGroup; Thread size is 0.
2024-02-22 20:33:33,473 [main] INFO  netty.NettyConfigKeys$DataStream (ConfUtils.java:logGet(46)) - raft.netty.dataStream.server.worker-group.size = 0 (default)
2024-02-22 20:33:33,473 [main] INFO  netty.NettyUtils (NettyUtils.java:newEventLoopGroup(69)) - Create EpollEventLoopGroup for e780b093-7242-46d7-bd8f-0f810188c7b3-NettyServerStreamRpc-workerGroup; Thread size is 0.
2024-02-22 20:33:33,473 [main] INFO  netty.NettyConfigKeys$DataStream (ConfUtils.java:logGet(46)) - raft.netty.dataStream.server.tls.conf = null (default)
2024-02-22 20:33:33,473 [main] INFO  netty.NettyConfigKeys$DataStream (ConfUtils.java:logGet(46)) - raft.netty.dataStream.host = null (default)
2024-02-22 20:33:33,474 [main] INFO  netty.NettyConfigKeys$DataStream (ConfUtils.java:logGet(46)) - raft.netty.dataStream.port = 15096 (custom)
2024-02-22 20:33:33,474 [main] INFO  server.RaftServerConfigKeys (ConfUtils.java:logGet(46)) - raft.server.sleep.deviation.threshold = 300ms (default)
2024-02-22 20:33:33,475 [main] INFO  server.RaftServerConfigKeys (ConfUtils.java:logGet(46)) - raft.server.close.threshold = 60s (default)
2024-02-22 20:33:33,475 [e780b093-7242-46d7-bd8f-0f810188c7b3-NettyServerStreamRpc-bossGroup--thread1] INFO  logging.LoggingHandler (AbstractInternalLogger.java:log(148)) - [id: 0x837234aa] REGISTERED
2024-02-22 20:33:33,475 [main] INFO  server.RaftServerConfigKeys (ConfUtils.java:logGet(46)) - raft.server.leaderelection.leader.step-down.wait-time = 10s (default)
2024-02-22 20:33:33,476 [e780b093-7242-46d7-bd8f-0f810188c7b3-NettyServerStreamRpc-bossGroup--thread1] INFO  logging.LoggingHandler (AbstractInternalLogger.java:log(148)) - [id: 0x837234aa] BIND: 0.0.0.0/0.0.0.0:15096
2024-02-22 20:33:33,476 [main] INFO  server.RaftServerConfigKeys (ConfUtils.java:logGet(46)) - raft.server.storage.dir = [/home/runner/work/ozone/ozone/hadoop-ozone/integration-test/target/test-dir/MiniOzoneClusterImpl-a0fc024b-a492-45a5-9697-b0d14f72cb5c/datanode-9/data/ratis] (custom)
2024-02-22 20:33:33,476 [e780b093-7242-46d7-bd8f-0f810188c7b3-NettyServerStreamRpc-bossGroup--thread1] INFO  logging.LoggingHandler (AbstractInternalLogger.java:log(148)) - [id: 0x837234aa, L:/0.0.0.0:15096] ACTIVE
2024-02-22 20:33:33,476 [main] INFO  server.RaftServerConfigKeys (ConfUtils.java:logGet(46)) - raft.server.threadpool.proxy.cached = true (default)
2024-02-22 20:33:33,476 [main] INFO  server.RaftServerConfigKeys (ConfUtils.java:logGet(46)) - raft.server.threadpool.proxy.size = 0 (default)
2024-02-22 20:33:33,477 [e780b093-7242-46d7-bd8f-0f810188c7b3-impl-thread1] INFO  server.RaftServer (RaftServerProxy.java:initGroupDir(264)) - e780b093-7242-46d7-bd8f-0f810188c7b3: found a subdirectory /home/runner/work/ozone/ozone/hadoop-ozone/integration-test/target/test-dir/MiniOzoneClusterImpl-a0fc024b-a492-45a5-9697-b0d14f72cb5c/datanode-9/data/ratis/tmp
2024-02-22 20:33:33,477 [e780b093-7242-46d7-bd8f-0f810188c7b3-impl-thread1] INFO  server.RaftServer (RaftServerProxy.java:initGroupDir(269)) - e780b093-7242-46d7-bd8f-0f810188c7b3: The directory /home/runner/work/ozone/ozone/hadoop-ozone/integration-test/target/test-dir/MiniOzoneClusterImpl-a0fc024b-a492-45a5-9697-b0d14f72cb5c/datanode-9/data/ratis/tmp is not a group directory; ignoring it. 
2024-02-22 20:33:33,477 [main] INFO  replication.ReplicationServer (ReplicationServer.java:<init>(86)) - Initializing replication server with thread count = 10 queue length = 4096
2024-02-22 20:33:33,478 [main] INFO  server.XceiverServerGrpc (XceiverServerGrpc.java:<init>(141)) - GrpcServer channel type EpollServerSocketChannel
2024-02-22 20:33:33,479 [main] INFO  replication.ReplicationSupervisor (ReplicationSupervisor.java:build(163)) - Initializing replication supervisor with thread count = 10
2024-02-22 20:33:33,480 [main] INFO  replication.ReplicationSupervisor (ReplicationSupervisor.java:nodeStateUpdated(317)) - Node state updated to IN_SERVICE, scaling executor pool size to 10
2024-02-22 20:33:33,482 [main] INFO  http.BaseHttpServer (BaseHttpServer.java:newHttpServer2BuilderForOzone(223)) - Starting Web-server for hddsDatanode at: http://0.0.0.0:15090
2024-02-22 20:33:33,482 [main] INFO  http.BaseHttpServer (BaseHttpServer.java:<init>(110)) - Hadoop Security Enabled: false Ozone Security Enabled: false Ozone HTTP Security Enabled: false 
2024-02-22 20:33:33,483 [main] WARN  server.AuthenticationFilter (AuthenticationFilter.java:constructSecretProvider(240)) - Unable to initialize FileSignerSecretProvider, falling back to use random secrets. Reason: Could not read signature secret file: /home/runner/hadoop-http-auth-signature-secret
2024-02-22 20:33:33,484 [main] INFO  http.HttpRequestLog (HttpRequestLog.java:getRequestLog(86)) - Http request log for http.requests.hddsDatanode is not defined
2024-02-22 20:33:33,485 [main] INFO  http.HttpServer2 (HttpServer2.java:addGlobalFilter(1036)) - Added global filter 'safety' (class=org.apache.hadoop.hdds.server.http.HttpServer2$QuotingInputFilter)
2024-02-22 20:33:33,485 [main] INFO  http.HttpServer2 (HttpServer2.java:addFilter(1012)) - Added filter static_user_filter (class=org.apache.hadoop.http.lib.StaticUserWebFilter$StaticUserFilter) to context hddsDatanode
2024-02-22 20:33:33,486 [main] INFO  http.HttpServer2 (HttpServer2.java:addFilter(1020)) - Added filter static_user_filter (class=org.apache.hadoop.http.lib.StaticUserWebFilter$StaticUserFilter) to context static
2024-02-22 20:33:33,486 [main] INFO  http.HttpServer2 (HttpServer2.java:addFilter(1020)) - Added filter static_user_filter (class=org.apache.hadoop.http.lib.StaticUserWebFilter$StaticUserFilter) to context logs
2024-02-22 20:33:33,486 [main] INFO  http.BaseHttpServer (BaseHttpServer.java:<init>(189)) - HTTP server of hddsDatanode uses base directory /home/runner/work/ozone/ozone/hadoop-ozone/integration-test/target/test-dir/MiniOzoneClusterImpl-a0fc024b-a492-45a5-9697-b0d14f72cb5c/datanode-9/meta/webserver
2024-02-22 20:33:33,486 [main] INFO  http.HttpServer2 (HttpServer2.java:bindListener(1236)) - Jetty bound to port 15090
2024-02-22 20:33:33,487 [main] INFO  server.Server (Server.java:doStart(375)) - jetty-9.4.53.v20231009; built: 2023-10-09T12:29:09.265Z; git: 27bde00a0b95a1d5bbee0eae7984f891d2d0f8c9; jvm 1.8.0_402-b06
2024-02-22 20:33:33,488 [main] INFO  server.session (DefaultSessionIdManager.java:doStart(334)) - DefaultSessionIdManager workerName=node0
2024-02-22 20:33:33,488 [main] INFO  server.session (DefaultSessionIdManager.java:doStart(339)) - No SessionScavenger set, using defaults
2024-02-22 20:33:33,488 [main] INFO  server.session (HouseKeeper.java:startScavenging(132)) - node0 Scavenging every 660000ms
2024-02-22 20:33:33,489 [main] INFO  handler.ContextHandler (ContextHandler.java:doStart(921)) - Started o.e.j.s.ServletContextHandler@eff792b{logs,/logs,file:///home/runner/work/ozone/ozone/hadoop-ozone/integration-test/target/log,AVAILABLE}
2024-02-22 20:33:33,489 [main] INFO  handler.ContextHandler (ContextHandler.java:doStart(921)) - Started o.e.j.s.ServletContextHandler@7aaf3e3d{static,/static,jar:file:/home/runner/.m2/repository/org/apache/ozone/hdds-container-service/1.5.0-SNAPSHOT/hdds-container-service-1.5.0-SNAPSHOT.jar!/webapps/static,AVAILABLE}
2024-02-22 20:33:33,521 [main] INFO  handler.ContextHandler (ContextHandler.java:doStart(921)) - Started o.e.j.w.WebAppContext@385fb22e{hddsDatanode,/,file:///home/runner/work/ozone/ozone/hadoop-ozone/integration-test/target/test-dir/MiniOzoneClusterImpl-a0fc024b-a492-45a5-9697-b0d14f72cb5c/datanode-9/meta/webserver/jetty-0_0_0_0-15090-hdds-container-service-1_5_0-SNAPSHOT_jar-_-any-8396956442022054680/webapp/,AVAILABLE}{jar:file:/home/runner/.m2/repository/org/apache/ozone/hdds-container-service/1.5.0-SNAPSHOT/hdds-container-service-1.5.0-SNAPSHOT.jar!/webapps/hddsDatanode}
2024-02-22 20:33:33,523 [main] INFO  server.AbstractConnector (AbstractConnector.java:doStart(333)) - Started ServerConnector@d743428{HTTP/1.1, (http/1.1)}{0.0.0.0:15090}
2024-02-22 20:33:33,523 [main] INFO  server.Server (Server.java:doStart(415)) - Started @7905ms
2024-02-22 20:33:33,523 [main] WARN  impl.MetricsSystemImpl (MetricsSystemImpl.java:register(279)) - Sink prometheus already exists!
2024-02-22 20:33:33,524 [main] INFO  http.BaseHttpServer (BaseHttpServer.java:updateConnectorAddress(354)) - HTTP server of hddsDatanode listening at http://0.0.0.0:15090
2024-02-22 20:33:33,524 [main] INFO  ipc.CallQueueManager (CallQueueManager.java:<init>(90)) - Using callQueue: class java.util.concurrent.LinkedBlockingQueue, queueCapacity: 100, scheduler: class org.apache.hadoop.ipc.DefaultRpcScheduler, ipcBackoff: false.
2024-02-22 20:33:33,525 [main] INFO  ipc.Server (Server.java:<init>(1287)) - Listener at 0.0.0.0:15091
2024-02-22 20:33:33,525 [Socket Reader #1 for port 15091] INFO  ipc.Server (Server.java:run(1323)) - Starting Socket Reader #1 for port 15091
2024-02-22 20:33:33,527 [main] INFO  ozone.HddsDatanodeService (HddsDatanodeService.java:start(327)) - Datanode start with admins: [runner]
2024-02-22 20:33:33,527 [main] INFO  ozone.HddsDatanodeClientProtocolServer (HddsDatanodeClientProtocolServer.java:start(72)) - RPC server for Client /0.0.0.0:15091
2024-02-22 20:33:33,528 [IPC Server Responder] INFO  ipc.Server (Server.java:run(1562)) - IPC Server Responder: starting
2024-02-22 20:33:33,528 [IPC Server listener on 15091] INFO  ipc.Server (Server.java:run(1402)) - IPC Server listener on 15091: starting
2024-02-22 20:33:33,535 [e780b093-7242-46d7-bd8f-0f810188c7b3-DatanodeStateMachineDaemonThread] INFO  statemachine.DatanodeStateMachine (DatanodeStateMachine.java:lambda$startDaemon$1(555)) - Ozone container server started.
2024-02-22 20:33:33,538 [main] INFO  ozone.MiniOzoneClusterImpl (MiniOzoneClusterImpl.java:lambda$waitForClusterToBeReady$0(205)) - Waiting for nodes to be ready. Got 0 of 10 DN Heartbeats.
2024-02-22 20:33:33,538 [main] INFO  ozone.MiniOzoneClusterImpl (MiniOzoneClusterImpl.java:lambda$waitForClusterToBeReady$0(208)) - Waiting for cluster to exit safe mode
2024-02-22 20:33:33,538 [main] INFO  ozone.MiniOzoneClusterImpl (MiniOzoneClusterImpl.java:lambda$waitForClusterToBeReady$0(210)) - SCM became leader
2024-02-22 20:33:33,543 [e780b093-7242-46d7-bd8f-0f810188c7b3-DatanodeStateMachineTaskThread-0] INFO  datanode.InitDatanodeState (InitDatanodeState.java:persistContainerDatanodeDetails(139)) - DatanodeDetails is persisted to /home/runner/work/ozone/ozone/hadoop-ozone/integration-test/target/test-dir/MiniOzoneClusterImpl-a0fc024b-a492-45a5-9697-b0d14f72cb5c/datanode-9/meta/datanode.id
2024-02-22 20:33:34,354 [e46a6e51-795f-4801-a523-c45a6c7f2c34-EndpointStateMachineTaskThread-/0.0.0.0:15002-0 ] INFO  utils.DatanodeStoreCache (DatanodeStoreCache.java:addDB(72)) - Added db /home/runner/work/ozone/ozone/hadoop-ozone/integration-test/target/test-dir/MiniOzoneClusterImpl-a0fc024b-a492-45a5-9697-b0d14f72cb5c/datanode-0/data-0/containers/hdds/a0fc024b-a492-45a5-9697-b0d14f72cb5c/DS-299987d7-fd24-454a-a84b-6cc06537c5fb/container.db to cache
2024-02-22 20:33:34,355 [e46a6e51-795f-4801-a523-c45a6c7f2c34-EndpointStateMachineTaskThread-/0.0.0.0:15002-0 ] INFO  volume.HddsVolume (HddsVolume.java:createDbStore(420)) - SchemaV3 db is created and loaded at /home/runner/work/ozone/ozone/hadoop-ozone/integration-test/target/test-dir/MiniOzoneClusterImpl-a0fc024b-a492-45a5-9697-b0d14f72cb5c/datanode-0/data-0/containers/hdds/a0fc024b-a492-45a5-9697-b0d14f72cb5c/DS-299987d7-fd24-454a-a84b-6cc06537c5fb/container.db for volume DS-299987d7-fd24-454a-a84b-6cc06537c5fb
2024-02-22 20:33:34,362 [e46a6e51-795f-4801-a523-c45a6c7f2c34-ContainerReader-0] INFO  ozoneimpl.ContainerReader (ContainerReader.java:readVolume(148)) - Start to verify containers on volume /home/runner/work/ozone/ozone/hadoop-ozone/integration-test/target/test-dir/MiniOzoneClusterImpl-a0fc024b-a492-45a5-9697-b0d14f72cb5c/datanode-0/data-0/containers/hdds
2024-02-22 20:33:34,362 [e46a6e51-795f-4801-a523-c45a6c7f2c34-ContainerReader-0] INFO  ozoneimpl.ContainerReader (ContainerReader.java:readVolume(178)) - Finish verifying containers on volume /home/runner/work/ozone/ozone/hadoop-ozone/integration-test/target/test-dir/MiniOzoneClusterImpl-a0fc024b-a492-45a5-9697-b0d14f72cb5c/datanode-0/data-0/containers/hdds
2024-02-22 20:33:34,362 [e46a6e51-795f-4801-a523-c45a6c7f2c34-EndpointStateMachineTaskThread-/0.0.0.0:15002-0 ] INFO  ozoneimpl.OzoneContainer (OzoneContainer.java:buildContainerSet(328)) - Build ContainerSet costs 0s
2024-02-22 20:33:34,363 [e46a6e51-795f-4801-a523-c45a6c7f2c34-EndpointStateMachineTaskThread-/0.0.0.0:15002-0 ] INFO  volume.ThrottledAsyncChecker (ThrottledAsyncChecker.java:schedule(141)) - Scheduling a check for /home/runner/work/ozone/ozone/hadoop-ozone/integration-test/target/test-dir/MiniOzoneClusterImpl-a0fc024b-a492-45a5-9697-b0d14f72cb5c/datanode-0/data-0/containers/hdds
2024-02-22 20:33:34,374 [e46a6e51-795f-4801-a523-c45a6c7f2c34-EndpointStateMachineTaskThread-/0.0.0.0:15002-0 ] INFO  volume.StorageVolumeChecker (StorageVolumeChecker.java:checkAllVolumes(218)) - Scheduled health check for volume /home/runner/work/ozone/ozone/hadoop-ozone/integration-test/target/test-dir/MiniOzoneClusterImpl-a0fc024b-a492-45a5-9697-b0d14f72cb5c/datanode-0/data-0/containers/hdds
2024-02-22 20:33:34,376 [e46a6e51-795f-4801-a523-c45a6c7f2c34-EndpointStateMachineTaskThread-/0.0.0.0:15002-0 ] INFO  volume.ThrottledAsyncChecker (ThrottledAsyncChecker.java:schedule(141)) - Scheduling a check for /home/runner/work/ozone/ozone/hadoop-ozone/integration-test/target/test-dir/MiniOzoneClusterImpl-a0fc024b-a492-45a5-9697-b0d14f72cb5c/datanode-0/data/ratis
2024-02-22 20:33:34,376 [e46a6e51-795f-4801-a523-c45a6c7f2c34-EndpointStateMachineTaskThread-/0.0.0.0:15002-0 ] INFO  volume.StorageVolumeChecker (StorageVolumeChecker.java:checkAllVolumes(218)) - Scheduled health check for volume /home/runner/work/ozone/ozone/hadoop-ozone/integration-test/target/test-dir/MiniOzoneClusterImpl-a0fc024b-a492-45a5-9697-b0d14f72cb5c/datanode-0/data/ratis
2024-02-22 20:33:34,378 [e46a6e51-795f-4801-a523-c45a6c7f2c34-EndpointStateMachineTaskThread-/0.0.0.0:15002-0 ] INFO  ozoneimpl.OzoneContainer (OzoneContainer.java:start(459)) - Attempting to start container services.
2024-02-22 20:33:34,379 [e46a6e51-795f-4801-a523-c45a6c7f2c34-EndpointStateMachineTaskThread-/0.0.0.0:15002-0 ] INFO  ozoneimpl.OzoneContainer (OzoneContainer.java:startContainerScrub(339)) - Scheduled background container scanners and the on-demand container scanner have been disabled.
2024-02-22 20:33:34,381 [e46a6e51-795f-4801-a523-c45a6c7f2c34-EndpointStateMachineTaskThread-/0.0.0.0:15002-0 ] INFO  replication.ReplicationServer (ReplicationServer.java:start(140)) - ReplicationServer is started using port 15016
2024-02-22 20:33:34,381 [e46a6e51-795f-4801-a523-c45a6c7f2c34-EndpointStateMachineTaskThread-/0.0.0.0:15002-0 ] INFO  ratis.XceiverServerRatis (XceiverServerRatis.java:start(566)) - Starting XceiverServerRatis e46a6e51-795f-4801-a523-c45a6c7f2c34
2024-02-22 20:33:34,382 [e46a6e51-795f-4801-a523-c45a6c7f2c34-EndpointStateMachineTaskThread-/0.0.0.0:15002-0 ] INFO  server.RaftServer (RaftServerProxy.java:startImpl(406)) - e46a6e51-795f-4801-a523-c45a6c7f2c34: start RPC server
2024-02-22 20:33:34,384 [e46a6e51-795f-4801-a523-c45a6c7f2c34-EndpointStateMachineTaskThread-/0.0.0.0:15002-0 ] INFO  server.GrpcService (GrpcService.java:startImpl(302)) - e46a6e51-795f-4801-a523-c45a6c7f2c34: GrpcService started, listening on 15012
2024-02-22 20:33:34,386 [e46a6e51-795f-4801-a523-c45a6c7f2c34-EndpointStateMachineTaskThread-/0.0.0.0:15002-0 ] INFO  server.GrpcService (GrpcService.java:startImpl(302)) - e46a6e51-795f-4801-a523-c45a6c7f2c34: GrpcService started, listening on 15014
2024-02-22 20:33:34,388 [e46a6e51-795f-4801-a523-c45a6c7f2c34-EndpointStateMachineTaskThread-/0.0.0.0:15002-0 ] INFO  server.GrpcService (GrpcService.java:startImpl(302)) - e46a6e51-795f-4801-a523-c45a6c7f2c34: GrpcService started, listening on 15013
2024-02-22 20:33:34,388 [JvmPauseMonitor2] INFO  util.JvmPauseMonitor (JvmPauseMonitor.java:run(146)) - JvmPauseMonitor-e46a6e51-795f-4801-a523-c45a6c7f2c34: Started
2024-02-22 20:33:34,388 [e46a6e51-795f-4801-a523-c45a6c7f2c34-EndpointStateMachineTaskThread-/0.0.0.0:15002-0 ] INFO  ratis.XceiverServerRatis (XceiverServerRatis.java:getRealPort(592)) - XceiverServerRatis e46a6e51-795f-4801-a523-c45a6c7f2c34 is started using port 15012 for RATIS
2024-02-22 20:33:34,388 [e46a6e51-795f-4801-a523-c45a6c7f2c34-EndpointStateMachineTaskThread-/0.0.0.0:15002-0 ] INFO  ratis.XceiverServerRatis (XceiverServerRatis.java:getRealPort(592)) - XceiverServerRatis e46a6e51-795f-4801-a523-c45a6c7f2c34 is started using port 15013 for RATIS_ADMIN
2024-02-22 20:33:34,388 [e46a6e51-795f-4801-a523-c45a6c7f2c34-EndpointStateMachineTaskThread-/0.0.0.0:15002-0 ] INFO  ratis.XceiverServerRatis (XceiverServerRatis.java:getRealPort(592)) - XceiverServerRatis e46a6e51-795f-4801-a523-c45a6c7f2c34 is started using port 15014 for RATIS_SERVER
2024-02-22 20:33:34,389 [e46a6e51-795f-4801-a523-c45a6c7f2c34-EndpointStateMachineTaskThread-/0.0.0.0:15002-0 ] INFO  ratis.XceiverServerRatis (XceiverServerRatis.java:getRealPort(592)) - XceiverServerRatis e46a6e51-795f-4801-a523-c45a6c7f2c34 is started using port 15015 for RATIS_DATASTREAM
2024-02-22 20:33:34,395 [e46a6e51-795f-4801-a523-c45a6c7f2c34-BlockDeletingService#0] INFO  interfaces.ContainerDeletionChoosingPolicyTemplate (ContainerDeletionChoosingPolicyTemplate.java:chooseContainerForBlockDeletion(85)) - Chosen 0/5000 blocks from 0 candidate containers.
2024-02-22 20:33:34,452 [923be64f-71f4-4891-b05d-82ff5a9df5b5-EndpointStateMachineTaskThread-/0.0.0.0:15002-0 ] INFO  utils.DatanodeStoreCache (DatanodeStoreCache.java:addDB(72)) - Added db /home/runner/work/ozone/ozone/hadoop-ozone/integration-test/target/test-dir/MiniOzoneClusterImpl-a0fc024b-a492-45a5-9697-b0d14f72cb5c/datanode-1/data-0/containers/hdds/a0fc024b-a492-45a5-9697-b0d14f72cb5c/DS-03c0cb47-e50f-46ca-8df8-5e5d0fe0e276/container.db to cache
2024-02-22 20:33:34,453 [923be64f-71f4-4891-b05d-82ff5a9df5b5-EndpointStateMachineTaskThread-/0.0.0.0:15002-0 ] INFO  volume.HddsVolume (HddsVolume.java:createDbStore(420)) - SchemaV3 db is created and loaded at /home/runner/work/ozone/ozone/hadoop-ozone/integration-test/target/test-dir/MiniOzoneClusterImpl-a0fc024b-a492-45a5-9697-b0d14f72cb5c/datanode-1/data-0/containers/hdds/a0fc024b-a492-45a5-9697-b0d14f72cb5c/DS-03c0cb47-e50f-46ca-8df8-5e5d0fe0e276/container.db for volume DS-03c0cb47-e50f-46ca-8df8-5e5d0fe0e276
2024-02-22 20:33:34,454 [923be64f-71f4-4891-b05d-82ff5a9df5b5-ContainerReader-0] INFO  ozoneimpl.ContainerReader (ContainerReader.java:readVolume(148)) - Start to verify containers on volume /home/runner/work/ozone/ozone/hadoop-ozone/integration-test/target/test-dir/MiniOzoneClusterImpl-a0fc024b-a492-45a5-9697-b0d14f72cb5c/datanode-1/data-0/containers/hdds
2024-02-22 20:33:34,455 [923be64f-71f4-4891-b05d-82ff5a9df5b5-ContainerReader-0] INFO  ozoneimpl.ContainerReader (ContainerReader.java:readVolume(178)) - Finish verifying containers on volume /home/runner/work/ozone/ozone/hadoop-ozone/integration-test/target/test-dir/MiniOzoneClusterImpl-a0fc024b-a492-45a5-9697-b0d14f72cb5c/datanode-1/data-0/containers/hdds
2024-02-22 20:33:34,455 [923be64f-71f4-4891-b05d-82ff5a9df5b5-EndpointStateMachineTaskThread-/0.0.0.0:15002-0 ] INFO  ozoneimpl.OzoneContainer (OzoneContainer.java:buildContainerSet(328)) - Build ContainerSet costs 0s
2024-02-22 20:33:34,459 [923be64f-71f4-4891-b05d-82ff5a9df5b5-EndpointStateMachineTaskThread-/0.0.0.0:15002-0 ] INFO  volume.ThrottledAsyncChecker (ThrottledAsyncChecker.java:schedule(141)) - Scheduling a check for /home/runner/work/ozone/ozone/hadoop-ozone/integration-test/target/test-dir/MiniOzoneClusterImpl-a0fc024b-a492-45a5-9697-b0d14f72cb5c/datanode-1/data-0/containers/hdds
2024-02-22 20:33:34,459 [923be64f-71f4-4891-b05d-82ff5a9df5b5-EndpointStateMachineTaskThread-/0.0.0.0:15002-0 ] INFO  volume.StorageVolumeChecker (StorageVolumeChecker.java:checkAllVolumes(218)) - Scheduled health check for volume /home/runner/work/ozone/ozone/hadoop-ozone/integration-test/target/test-dir/MiniOzoneClusterImpl-a0fc024b-a492-45a5-9697-b0d14f72cb5c/datanode-1/data-0/containers/hdds
2024-02-22 20:33:34,461 [923be64f-71f4-4891-b05d-82ff5a9df5b5-EndpointStateMachineTaskThread-/0.0.0.0:15002-0 ] INFO  volume.ThrottledAsyncChecker (ThrottledAsyncChecker.java:schedule(141)) - Scheduling a check for /home/runner/work/ozone/ozone/hadoop-ozone/integration-test/target/test-dir/MiniOzoneClusterImpl-a0fc024b-a492-45a5-9697-b0d14f72cb5c/datanode-1/data/ratis
2024-02-22 20:33:34,461 [923be64f-71f4-4891-b05d-82ff5a9df5b5-EndpointStateMachineTaskThread-/0.0.0.0:15002-0 ] INFO  volume.StorageVolumeChecker (StorageVolumeChecker.java:checkAllVolumes(218)) - Scheduled health check for volume /home/runner/work/ozone/ozone/hadoop-ozone/integration-test/target/test-dir/MiniOzoneClusterImpl-a0fc024b-a492-45a5-9697-b0d14f72cb5c/datanode-1/data/ratis
2024-02-22 20:33:34,462 [923be64f-71f4-4891-b05d-82ff5a9df5b5-EndpointStateMachineTaskThread-/0.0.0.0:15002-0 ] INFO  ozoneimpl.OzoneContainer (OzoneContainer.java:start(459)) - Attempting to start container services.
2024-02-22 20:33:34,462 [923be64f-71f4-4891-b05d-82ff5a9df5b5-EndpointStateMachineTaskThread-/0.0.0.0:15002-0 ] INFO  ozoneimpl.OzoneContainer (OzoneContainer.java:startContainerScrub(339)) - Scheduled background container scanners and the on-demand container scanner have been disabled.
2024-02-22 20:33:34,464 [923be64f-71f4-4891-b05d-82ff5a9df5b5-EndpointStateMachineTaskThread-/0.0.0.0:15002-0 ] INFO  replication.ReplicationServer (ReplicationServer.java:start(140)) - ReplicationServer is started using port 15025
2024-02-22 20:33:34,464 [923be64f-71f4-4891-b05d-82ff5a9df5b5-EndpointStateMachineTaskThread-/0.0.0.0:15002-0 ] INFO  ratis.XceiverServerRatis (XceiverServerRatis.java:start(566)) - Starting XceiverServerRatis 923be64f-71f4-4891-b05d-82ff5a9df5b5
2024-02-22 20:33:34,465 [923be64f-71f4-4891-b05d-82ff5a9df5b5-EndpointStateMachineTaskThread-/0.0.0.0:15002-0 ] INFO  server.RaftServer (RaftServerProxy.java:startImpl(406)) - 923be64f-71f4-4891-b05d-82ff5a9df5b5: start RPC server
2024-02-22 20:33:34,466 [923be64f-71f4-4891-b05d-82ff5a9df5b5-EndpointStateMachineTaskThread-/0.0.0.0:15002-0 ] INFO  server.GrpcService (GrpcService.java:startImpl(302)) - 923be64f-71f4-4891-b05d-82ff5a9df5b5: GrpcService started, listening on 15021
2024-02-22 20:33:34,468 [923be64f-71f4-4891-b05d-82ff5a9df5b5-EndpointStateMachineTaskThread-/0.0.0.0:15002-0 ] INFO  server.GrpcService (GrpcService.java:startImpl(302)) - 923be64f-71f4-4891-b05d-82ff5a9df5b5: GrpcService started, listening on 15023
2024-02-22 20:33:34,470 [923be64f-71f4-4891-b05d-82ff5a9df5b5-EndpointStateMachineTaskThread-/0.0.0.0:15002-0 ] INFO  server.GrpcService (GrpcService.java:startImpl(302)) - 923be64f-71f4-4891-b05d-82ff5a9df5b5: GrpcService started, listening on 15022
2024-02-22 20:33:34,471 [923be64f-71f4-4891-b05d-82ff5a9df5b5-EndpointStateMachineTaskThread-/0.0.0.0:15002-0 ] INFO  ratis.XceiverServerRatis (XceiverServerRatis.java:getRealPort(592)) - XceiverServerRatis 923be64f-71f4-4891-b05d-82ff5a9df5b5 is started using port 15021 for RATIS
2024-02-22 20:33:34,471 [JvmPauseMonitor3] INFO  util.JvmPauseMonitor (JvmPauseMonitor.java:run(146)) - JvmPauseMonitor-923be64f-71f4-4891-b05d-82ff5a9df5b5: Started
2024-02-22 20:33:34,471 [923be64f-71f4-4891-b05d-82ff5a9df5b5-EndpointStateMachineTaskThread-/0.0.0.0:15002-0 ] INFO  ratis.XceiverServerRatis (XceiverServerRatis.java:getRealPort(592)) - XceiverServerRatis 923be64f-71f4-4891-b05d-82ff5a9df5b5 is started using port 15022 for RATIS_ADMIN
2024-02-22 20:33:34,471 [923be64f-71f4-4891-b05d-82ff5a9df5b5-EndpointStateMachineTaskThread-/0.0.0.0:15002-0 ] INFO  ratis.XceiverServerRatis (XceiverServerRatis.java:getRealPort(592)) - XceiverServerRatis 923be64f-71f4-4891-b05d-82ff5a9df5b5 is started using port 15023 for RATIS_SERVER
2024-02-22 20:33:34,471 [923be64f-71f4-4891-b05d-82ff5a9df5b5-EndpointStateMachineTaskThread-/0.0.0.0:15002-0 ] INFO  ratis.XceiverServerRatis (XceiverServerRatis.java:getRealPort(592)) - XceiverServerRatis 923be64f-71f4-4891-b05d-82ff5a9df5b5 is started using port 15024 for RATIS_DATASTREAM
2024-02-22 20:33:34,476 [923be64f-71f4-4891-b05d-82ff5a9df5b5-BlockDeletingService#0] INFO  interfaces.ContainerDeletionChoosingPolicyTemplate (ContainerDeletionChoosingPolicyTemplate.java:chooseContainerForBlockDeletion(85)) - Chosen 0/5000 blocks from 0 candidate containers.
2024-02-22 20:33:34,538 [main] INFO  ozone.MiniOzoneClusterImpl (MiniOzoneClusterImpl.java:lambda$waitForClusterToBeReady$0(205)) - Waiting for nodes to be ready. Got 0 of 10 DN Heartbeats.
2024-02-22 20:33:34,538 [main] INFO  ozone.MiniOzoneClusterImpl (MiniOzoneClusterImpl.java:lambda$waitForClusterToBeReady$0(208)) - Waiting for cluster to exit safe mode
2024-02-22 20:33:34,538 [main] INFO  ozone.MiniOzoneClusterImpl (MiniOzoneClusterImpl.java:lambda$waitForClusterToBeReady$0(210)) - SCM became leader
2024-02-22 20:33:34,566 [d25dc3b0-28fc-4383-b1a0-617845025f41-EndpointStateMachineTaskThread-/0.0.0.0:15002-0 ] INFO  utils.DatanodeStoreCache (DatanodeStoreCache.java:addDB(72)) - Added db /home/runner/work/ozone/ozone/hadoop-ozone/integration-test/target/test-dir/MiniOzoneClusterImpl-a0fc024b-a492-45a5-9697-b0d14f72cb5c/datanode-2/data-0/containers/hdds/a0fc024b-a492-45a5-9697-b0d14f72cb5c/DS-abaa2ce2-b3fd-4c70-8851-d0201c21e826/container.db to cache
2024-02-22 20:33:34,566 [d25dc3b0-28fc-4383-b1a0-617845025f41-EndpointStateMachineTaskThread-/0.0.0.0:15002-0 ] INFO  volume.HddsVolume (HddsVolume.java:createDbStore(420)) - SchemaV3 db is created and loaded at /home/runner/work/ozone/ozone/hadoop-ozone/integration-test/target/test-dir/MiniOzoneClusterImpl-a0fc024b-a492-45a5-9697-b0d14f72cb5c/datanode-2/data-0/containers/hdds/a0fc024b-a492-45a5-9697-b0d14f72cb5c/DS-abaa2ce2-b3fd-4c70-8851-d0201c21e826/container.db for volume DS-abaa2ce2-b3fd-4c70-8851-d0201c21e826
2024-02-22 20:33:34,568 [d25dc3b0-28fc-4383-b1a0-617845025f41-ContainerReader-0] INFO  ozoneimpl.ContainerReader (ContainerReader.java:readVolume(148)) - Start to verify containers on volume /home/runner/work/ozone/ozone/hadoop-ozone/integration-test/target/test-dir/MiniOzoneClusterImpl-a0fc024b-a492-45a5-9697-b0d14f72cb5c/datanode-2/data-0/containers/hdds
2024-02-22 20:33:34,568 [d25dc3b0-28fc-4383-b1a0-617845025f41-ContainerReader-0] INFO  ozoneimpl.ContainerReader (ContainerReader.java:readVolume(178)) - Finish verifying containers on volume /home/runner/work/ozone/ozone/hadoop-ozone/integration-test/target/test-dir/MiniOzoneClusterImpl-a0fc024b-a492-45a5-9697-b0d14f72cb5c/datanode-2/data-0/containers/hdds
2024-02-22 20:33:34,568 [d25dc3b0-28fc-4383-b1a0-617845025f41-EndpointStateMachineTaskThread-/0.0.0.0:15002-0 ] INFO  ozoneimpl.OzoneContainer (OzoneContainer.java:buildContainerSet(328)) - Build ContainerSet costs 0s
2024-02-22 20:33:34,569 [d25dc3b0-28fc-4383-b1a0-617845025f41-EndpointStateMachineTaskThread-/0.0.0.0:15002-0 ] INFO  volume.ThrottledAsyncChecker (ThrottledAsyncChecker.java:schedule(141)) - Scheduling a check for /home/runner/work/ozone/ozone/hadoop-ozone/integration-test/target/test-dir/MiniOzoneClusterImpl-a0fc024b-a492-45a5-9697-b0d14f72cb5c/datanode-2/data-0/containers/hdds
2024-02-22 20:33:34,569 [d25dc3b0-28fc-4383-b1a0-617845025f41-EndpointStateMachineTaskThread-/0.0.0.0:15002-0 ] INFO  volume.StorageVolumeChecker (StorageVolumeChecker.java:checkAllVolumes(218)) - Scheduled health check for volume /home/runner/work/ozone/ozone/hadoop-ozone/integration-test/target/test-dir/MiniOzoneClusterImpl-a0fc024b-a492-45a5-9697-b0d14f72cb5c/datanode-2/data-0/containers/hdds
2024-02-22 20:33:34,571 [d25dc3b0-28fc-4383-b1a0-617845025f41-EndpointStateMachineTaskThread-/0.0.0.0:15002-0 ] INFO  volume.ThrottledAsyncChecker (ThrottledAsyncChecker.java:schedule(141)) - Scheduling a check for /home/runner/work/ozone/ozone/hadoop-ozone/integration-test/target/test-dir/MiniOzoneClusterImpl-a0fc024b-a492-45a5-9697-b0d14f72cb5c/datanode-2/data/ratis
2024-02-22 20:33:34,571 [d25dc3b0-28fc-4383-b1a0-617845025f41-EndpointStateMachineTaskThread-/0.0.0.0:15002-0 ] INFO  volume.StorageVolumeChecker (StorageVolumeChecker.java:checkAllVolumes(218)) - Scheduled health check for volume /home/runner/work/ozone/ozone/hadoop-ozone/integration-test/target/test-dir/MiniOzoneClusterImpl-a0fc024b-a492-45a5-9697-b0d14f72cb5c/datanode-2/data/ratis
2024-02-22 20:33:34,571 [d25dc3b0-28fc-4383-b1a0-617845025f41-EndpointStateMachineTaskThread-/0.0.0.0:15002-0 ] INFO  ozoneimpl.OzoneContainer (OzoneContainer.java:start(459)) - Attempting to start container services.
2024-02-22 20:33:34,571 [d25dc3b0-28fc-4383-b1a0-617845025f41-EndpointStateMachineTaskThread-/0.0.0.0:15002-0 ] INFO  ozoneimpl.OzoneContainer (OzoneContainer.java:startContainerScrub(339)) - Scheduled background container scanners and the on-demand container scanner have been disabled.
2024-02-22 20:33:34,573 [d25dc3b0-28fc-4383-b1a0-617845025f41-EndpointStateMachineTaskThread-/0.0.0.0:15002-0 ] INFO  replication.ReplicationServer (ReplicationServer.java:start(140)) - ReplicationServer is started using port 15034
2024-02-22 20:33:34,573 [d25dc3b0-28fc-4383-b1a0-617845025f41-EndpointStateMachineTaskThread-/0.0.0.0:15002-0 ] INFO  ratis.XceiverServerRatis (XceiverServerRatis.java:start(566)) - Starting XceiverServerRatis d25dc3b0-28fc-4383-b1a0-617845025f41
2024-02-22 20:33:34,574 [d25dc3b0-28fc-4383-b1a0-617845025f41-EndpointStateMachineTaskThread-/0.0.0.0:15002-0 ] INFO  server.RaftServer (RaftServerProxy.java:startImpl(406)) - d25dc3b0-28fc-4383-b1a0-617845025f41: start RPC server
2024-02-22 20:33:34,575 [d25dc3b0-28fc-4383-b1a0-617845025f41-EndpointStateMachineTaskThread-/0.0.0.0:15002-0 ] INFO  server.GrpcService (GrpcService.java:startImpl(302)) - d25dc3b0-28fc-4383-b1a0-617845025f41: GrpcService started, listening on 15030
2024-02-22 20:33:34,576 [d25dc3b0-28fc-4383-b1a0-617845025f41-EndpointStateMachineTaskThread-/0.0.0.0:15002-0 ] INFO  server.GrpcService (GrpcService.java:startImpl(302)) - d25dc3b0-28fc-4383-b1a0-617845025f41: GrpcService started, listening on 15032
2024-02-22 20:33:34,578 [d25dc3b0-28fc-4383-b1a0-617845025f41-EndpointStateMachineTaskThread-/0.0.0.0:15002-0 ] INFO  server.GrpcService (GrpcService.java:startImpl(302)) - d25dc3b0-28fc-4383-b1a0-617845025f41: GrpcService started, listening on 15031
2024-02-22 20:33:34,578 [d25dc3b0-28fc-4383-b1a0-617845025f41-EndpointStateMachineTaskThread-/0.0.0.0:15002-0 ] INFO  ratis.XceiverServerRatis (XceiverServerRatis.java:getRealPort(592)) - XceiverServerRatis d25dc3b0-28fc-4383-b1a0-617845025f41 is started using port 15030 for RATIS
2024-02-22 20:33:34,578 [d25dc3b0-28fc-4383-b1a0-617845025f41-EndpointStateMachineTaskThread-/0.0.0.0:15002-0 ] INFO  ratis.XceiverServerRatis (XceiverServerRatis.java:getRealPort(592)) - XceiverServerRatis d25dc3b0-28fc-4383-b1a0-617845025f41 is started using port 15031 for RATIS_ADMIN
2024-02-22 20:33:34,578 [d25dc3b0-28fc-4383-b1a0-617845025f41-EndpointStateMachineTaskThread-/0.0.0.0:15002-0 ] INFO  ratis.XceiverServerRatis (XceiverServerRatis.java:getRealPort(592)) - XceiverServerRatis d25dc3b0-28fc-4383-b1a0-617845025f41 is started using port 15032 for RATIS_SERVER
2024-02-22 20:33:34,578 [d25dc3b0-28fc-4383-b1a0-617845025f41-EndpointStateMachineTaskThread-/0.0.0.0:15002-0 ] INFO  ratis.XceiverServerRatis (XceiverServerRatis.java:getRealPort(592)) - XceiverServerRatis d25dc3b0-28fc-4383-b1a0-617845025f41 is started using port 15033 for RATIS_DATASTREAM
2024-02-22 20:33:34,578 [JvmPauseMonitor4] INFO  util.JvmPauseMonitor (JvmPauseMonitor.java:run(146)) - JvmPauseMonitor-d25dc3b0-28fc-4383-b1a0-617845025f41: Started
2024-02-22 20:33:34,582 [d25dc3b0-28fc-4383-b1a0-617845025f41-BlockDeletingService#0] INFO  interfaces.ContainerDeletionChoosingPolicyTemplate (ContainerDeletionChoosingPolicyTemplate.java:chooseContainerForBlockDeletion(85)) - Chosen 0/5000 blocks from 0 candidate containers.
2024-02-22 20:33:34,764 [4e8f68d6-fd98-4f77-87e3-715939181693-EndpointStateMachineTaskThread-/0.0.0.0:15002-0 ] INFO  utils.DatanodeStoreCache (DatanodeStoreCache.java:addDB(72)) - Added db /home/runner/work/ozone/ozone/hadoop-ozone/integration-test/target/test-dir/MiniOzoneClusterImpl-a0fc024b-a492-45a5-9697-b0d14f72cb5c/datanode-3/data-0/containers/hdds/a0fc024b-a492-45a5-9697-b0d14f72cb5c/DS-d29d917a-0b9a-42c9-b993-f172b98444da/container.db to cache
2024-02-22 20:33:34,764 [4e8f68d6-fd98-4f77-87e3-715939181693-EndpointStateMachineTaskThread-/0.0.0.0:15002-0 ] INFO  volume.HddsVolume (HddsVolume.java:createDbStore(420)) - SchemaV3 db is created and loaded at /home/runner/work/ozone/ozone/hadoop-ozone/integration-test/target/test-dir/MiniOzoneClusterImpl-a0fc024b-a492-45a5-9697-b0d14f72cb5c/datanode-3/data-0/containers/hdds/a0fc024b-a492-45a5-9697-b0d14f72cb5c/DS-d29d917a-0b9a-42c9-b993-f172b98444da/container.db for volume DS-d29d917a-0b9a-42c9-b993-f172b98444da
2024-02-22 20:33:34,766 [4e8f68d6-fd98-4f77-87e3-715939181693-ContainerReader-0] INFO  ozoneimpl.ContainerReader (ContainerReader.java:readVolume(148)) - Start to verify containers on volume /home/runner/work/ozone/ozone/hadoop-ozone/integration-test/target/test-dir/MiniOzoneClusterImpl-a0fc024b-a492-45a5-9697-b0d14f72cb5c/datanode-3/data-0/containers/hdds
2024-02-22 20:33:34,766 [4e8f68d6-fd98-4f77-87e3-715939181693-ContainerReader-0] INFO  ozoneimpl.ContainerReader (ContainerReader.java:readVolume(178)) - Finish verifying containers on volume /home/runner/work/ozone/ozone/hadoop-ozone/integration-test/target/test-dir/MiniOzoneClusterImpl-a0fc024b-a492-45a5-9697-b0d14f72cb5c/datanode-3/data-0/containers/hdds
2024-02-22 20:33:34,767 [4e8f68d6-fd98-4f77-87e3-715939181693-EndpointStateMachineTaskThread-/0.0.0.0:15002-0 ] INFO  ozoneimpl.OzoneContainer (OzoneContainer.java:buildContainerSet(328)) - Build ContainerSet costs 0s
2024-02-22 20:33:34,767 [4e8f68d6-fd98-4f77-87e3-715939181693-EndpointStateMachineTaskThread-/0.0.0.0:15002-0 ] INFO  volume.ThrottledAsyncChecker (ThrottledAsyncChecker.java:schedule(141)) - Scheduling a check for /home/runner/work/ozone/ozone/hadoop-ozone/integration-test/target/test-dir/MiniOzoneClusterImpl-a0fc024b-a492-45a5-9697-b0d14f72cb5c/datanode-3/data-0/containers/hdds
2024-02-22 20:33:34,768 [4e8f68d6-fd98-4f77-87e3-715939181693-EndpointStateMachineTaskThread-/0.0.0.0:15002-0 ] INFO  volume.StorageVolumeChecker (StorageVolumeChecker.java:checkAllVolumes(218)) - Scheduled health check for volume /home/runner/work/ozone/ozone/hadoop-ozone/integration-test/target/test-dir/MiniOzoneClusterImpl-a0fc024b-a492-45a5-9697-b0d14f72cb5c/datanode-3/data-0/containers/hdds
2024-02-22 20:33:34,769 [4e8f68d6-fd98-4f77-87e3-715939181693-EndpointStateMachineTaskThread-/0.0.0.0:15002-0 ] INFO  volume.ThrottledAsyncChecker (ThrottledAsyncChecker.java:schedule(141)) - Scheduling a check for /home/runner/work/ozone/ozone/hadoop-ozone/integration-test/target/test-dir/MiniOzoneClusterImpl-a0fc024b-a492-45a5-9697-b0d14f72cb5c/datanode-3/data/ratis
2024-02-22 20:33:34,769 [4e8f68d6-fd98-4f77-87e3-715939181693-EndpointStateMachineTaskThread-/0.0.0.0:15002-0 ] INFO  volume.StorageVolumeChecker (StorageVolumeChecker.java:checkAllVolumes(218)) - Scheduled health check for volume /home/runner/work/ozone/ozone/hadoop-ozone/integration-test/target/test-dir/MiniOzoneClusterImpl-a0fc024b-a492-45a5-9697-b0d14f72cb5c/datanode-3/data/ratis
2024-02-22 20:33:34,770 [4e8f68d6-fd98-4f77-87e3-715939181693-EndpointStateMachineTaskThread-/0.0.0.0:15002-0 ] INFO  ozoneimpl.OzoneContainer (OzoneContainer.java:start(459)) - Attempting to start container services.
2024-02-22 20:33:34,770 [4e8f68d6-fd98-4f77-87e3-715939181693-EndpointStateMachineTaskThread-/0.0.0.0:15002-0 ] INFO  ozoneimpl.OzoneContainer (OzoneContainer.java:startContainerScrub(339)) - Scheduled background container scanners and the on-demand container scanner have been disabled.
2024-02-22 20:33:34,772 [4e8f68d6-fd98-4f77-87e3-715939181693-EndpointStateMachineTaskThread-/0.0.0.0:15002-0 ] INFO  replication.ReplicationServer (ReplicationServer.java:start(140)) - ReplicationServer is started using port 15043
2024-02-22 20:33:34,772 [4e8f68d6-fd98-4f77-87e3-715939181693-EndpointStateMachineTaskThread-/0.0.0.0:15002-0 ] INFO  ratis.XceiverServerRatis (XceiverServerRatis.java:start(566)) - Starting XceiverServerRatis 4e8f68d6-fd98-4f77-87e3-715939181693
2024-02-22 20:33:34,773 [4e8f68d6-fd98-4f77-87e3-715939181693-EndpointStateMachineTaskThread-/0.0.0.0:15002-0 ] INFO  server.RaftServer (RaftServerProxy.java:startImpl(406)) - 4e8f68d6-fd98-4f77-87e3-715939181693: start RPC server
2024-02-22 20:33:34,774 [4e8f68d6-fd98-4f77-87e3-715939181693-EndpointStateMachineTaskThread-/0.0.0.0:15002-0 ] INFO  server.GrpcService (GrpcService.java:startImpl(302)) - 4e8f68d6-fd98-4f77-87e3-715939181693: GrpcService started, listening on 15039
2024-02-22 20:33:34,776 [4e8f68d6-fd98-4f77-87e3-715939181693-EndpointStateMachineTaskThread-/0.0.0.0:15002-0 ] INFO  server.GrpcService (GrpcService.java:startImpl(302)) - 4e8f68d6-fd98-4f77-87e3-715939181693: GrpcService started, listening on 15041
2024-02-22 20:33:34,782 [4e8f68d6-fd98-4f77-87e3-715939181693-EndpointStateMachineTaskThread-/0.0.0.0:15002-0 ] INFO  server.GrpcService (GrpcService.java:startImpl(302)) - 4e8f68d6-fd98-4f77-87e3-715939181693: GrpcService started, listening on 15040
2024-02-22 20:33:34,782 [4e8f68d6-fd98-4f77-87e3-715939181693-EndpointStateMachineTaskThread-/0.0.0.0:15002-0 ] INFO  ratis.XceiverServerRatis (XceiverServerRatis.java:getRealPort(592)) - XceiverServerRatis 4e8f68d6-fd98-4f77-87e3-715939181693 is started using port 15039 for RATIS
2024-02-22 20:33:34,782 [4e8f68d6-fd98-4f77-87e3-715939181693-EndpointStateMachineTaskThread-/0.0.0.0:15002-0 ] INFO  ratis.XceiverServerRatis (XceiverServerRatis.java:getRealPort(592)) - XceiverServerRatis 4e8f68d6-fd98-4f77-87e3-715939181693 is started using port 15040 for RATIS_ADMIN
2024-02-22 20:33:34,782 [4e8f68d6-fd98-4f77-87e3-715939181693-EndpointStateMachineTaskThread-/0.0.0.0:15002-0 ] INFO  ratis.XceiverServerRatis (XceiverServerRatis.java:getRealPort(592)) - XceiverServerRatis 4e8f68d6-fd98-4f77-87e3-715939181693 is started using port 15041 for RATIS_SERVER
2024-02-22 20:33:34,782 [4e8f68d6-fd98-4f77-87e3-715939181693-EndpointStateMachineTaskThread-/0.0.0.0:15002-0 ] INFO  ratis.XceiverServerRatis (XceiverServerRatis.java:getRealPort(592)) - XceiverServerRatis 4e8f68d6-fd98-4f77-87e3-715939181693 is started using port 15042 for RATIS_DATASTREAM
2024-02-22 20:33:34,782 [JvmPauseMonitor5] INFO  util.JvmPauseMonitor (JvmPauseMonitor.java:run(146)) - JvmPauseMonitor-4e8f68d6-fd98-4f77-87e3-715939181693: Started
2024-02-22 20:33:34,786 [4e8f68d6-fd98-4f77-87e3-715939181693-BlockDeletingService#0] INFO  interfaces.ContainerDeletionChoosingPolicyTemplate (ContainerDeletionChoosingPolicyTemplate.java:chooseContainerForBlockDeletion(85)) - Chosen 0/5000 blocks from 0 candidate containers.
2024-02-22 20:33:34,926 [dc26353c-d48a-467d-89cd-3a7c4b626396-EndpointStateMachineTaskThread-/0.0.0.0:15002-0 ] INFO  utils.DatanodeStoreCache (DatanodeStoreCache.java:addDB(72)) - Added db /home/runner/work/ozone/ozone/hadoop-ozone/integration-test/target/test-dir/MiniOzoneClusterImpl-a0fc024b-a492-45a5-9697-b0d14f72cb5c/datanode-4/data-0/containers/hdds/a0fc024b-a492-45a5-9697-b0d14f72cb5c/DS-235cea87-c68a-4619-b2c3-27ee6d6aa8c8/container.db to cache
2024-02-22 20:33:34,927 [dc26353c-d48a-467d-89cd-3a7c4b626396-EndpointStateMachineTaskThread-/0.0.0.0:15002-0 ] INFO  volume.HddsVolume (HddsVolume.java:createDbStore(420)) - SchemaV3 db is created and loaded at /home/runner/work/ozone/ozone/hadoop-ozone/integration-test/target/test-dir/MiniOzoneClusterImpl-a0fc024b-a492-45a5-9697-b0d14f72cb5c/datanode-4/data-0/containers/hdds/a0fc024b-a492-45a5-9697-b0d14f72cb5c/DS-235cea87-c68a-4619-b2c3-27ee6d6aa8c8/container.db for volume DS-235cea87-c68a-4619-b2c3-27ee6d6aa8c8
2024-02-22 20:33:34,928 [dc26353c-d48a-467d-89cd-3a7c4b626396-ContainerReader-0] INFO  ozoneimpl.ContainerReader (ContainerReader.java:readVolume(148)) - Start to verify containers on volume /home/runner/work/ozone/ozone/hadoop-ozone/integration-test/target/test-dir/MiniOzoneClusterImpl-a0fc024b-a492-45a5-9697-b0d14f72cb5c/datanode-4/data-0/containers/hdds
2024-02-22 20:33:34,928 [dc26353c-d48a-467d-89cd-3a7c4b626396-ContainerReader-0] INFO  ozoneimpl.ContainerReader (ContainerReader.java:readVolume(178)) - Finish verifying containers on volume /home/runner/work/ozone/ozone/hadoop-ozone/integration-test/target/test-dir/MiniOzoneClusterImpl-a0fc024b-a492-45a5-9697-b0d14f72cb5c/datanode-4/data-0/containers/hdds
2024-02-22 20:33:34,928 [dc26353c-d48a-467d-89cd-3a7c4b626396-EndpointStateMachineTaskThread-/0.0.0.0:15002-0 ] INFO  ozoneimpl.OzoneContainer (OzoneContainer.java:buildContainerSet(328)) - Build ContainerSet costs 0s
2024-02-22 20:33:34,929 [dc26353c-d48a-467d-89cd-3a7c4b626396-EndpointStateMachineTaskThread-/0.0.0.0:15002-0 ] INFO  volume.ThrottledAsyncChecker (ThrottledAsyncChecker.java:schedule(141)) - Scheduling a check for /home/runner/work/ozone/ozone/hadoop-ozone/integration-test/target/test-dir/MiniOzoneClusterImpl-a0fc024b-a492-45a5-9697-b0d14f72cb5c/datanode-4/data-0/containers/hdds
2024-02-22 20:33:34,930 [dc26353c-d48a-467d-89cd-3a7c4b626396-EndpointStateMachineTaskThread-/0.0.0.0:15002-0 ] INFO  volume.StorageVolumeChecker (StorageVolumeChecker.java:checkAllVolumes(218)) - Scheduled health check for volume /home/runner/work/ozone/ozone/hadoop-ozone/integration-test/target/test-dir/MiniOzoneClusterImpl-a0fc024b-a492-45a5-9697-b0d14f72cb5c/datanode-4/data-0/containers/hdds
2024-02-22 20:33:34,931 [dc26353c-d48a-467d-89cd-3a7c4b626396-EndpointStateMachineTaskThread-/0.0.0.0:15002-0 ] INFO  volume.ThrottledAsyncChecker (ThrottledAsyncChecker.java:schedule(141)) - Scheduling a check for /home/runner/work/ozone/ozone/hadoop-ozone/integration-test/target/test-dir/MiniOzoneClusterImpl-a0fc024b-a492-45a5-9697-b0d14f72cb5c/datanode-4/data/ratis
2024-02-22 20:33:34,931 [dc26353c-d48a-467d-89cd-3a7c4b626396-EndpointStateMachineTaskThread-/0.0.0.0:15002-0 ] INFO  volume.StorageVolumeChecker (StorageVolumeChecker.java:checkAllVolumes(218)) - Scheduled health check for volume /home/runner/work/ozone/ozone/hadoop-ozone/integration-test/target/test-dir/MiniOzoneClusterImpl-a0fc024b-a492-45a5-9697-b0d14f72cb5c/datanode-4/data/ratis
2024-02-22 20:33:34,932 [dc26353c-d48a-467d-89cd-3a7c4b626396-EndpointStateMachineTaskThread-/0.0.0.0:15002-0 ] INFO  ozoneimpl.OzoneContainer (OzoneContainer.java:start(459)) - Attempting to start container services.
2024-02-22 20:33:34,932 [dc26353c-d48a-467d-89cd-3a7c4b626396-EndpointStateMachineTaskThread-/0.0.0.0:15002-0 ] INFO  ozoneimpl.OzoneContainer (OzoneContainer.java:startContainerScrub(339)) - Scheduled background container scanners and the on-demand container scanner have been disabled.
2024-02-22 20:33:34,933 [dc26353c-d48a-467d-89cd-3a7c4b626396-EndpointStateMachineTaskThread-/0.0.0.0:15002-0 ] INFO  replication.ReplicationServer (ReplicationServer.java:start(140)) - ReplicationServer is started using port 15052
2024-02-22 20:33:34,933 [dc26353c-d48a-467d-89cd-3a7c4b626396-EndpointStateMachineTaskThread-/0.0.0.0:15002-0 ] INFO  ratis.XceiverServerRatis (XceiverServerRatis.java:start(566)) - Starting XceiverServerRatis dc26353c-d48a-467d-89cd-3a7c4b626396
2024-02-22 20:33:34,938 [dc26353c-d48a-467d-89cd-3a7c4b626396-EndpointStateMachineTaskThread-/0.0.0.0:15002-0 ] INFO  server.RaftServer (RaftServerProxy.java:startImpl(406)) - dc26353c-d48a-467d-89cd-3a7c4b626396: start RPC server
2024-02-22 20:33:34,939 [dc26353c-d48a-467d-89cd-3a7c4b626396-EndpointStateMachineTaskThread-/0.0.0.0:15002-0 ] INFO  server.GrpcService (GrpcService.java:startImpl(302)) - dc26353c-d48a-467d-89cd-3a7c4b626396: GrpcService started, listening on 15048
2024-02-22 20:33:34,940 [dc26353c-d48a-467d-89cd-3a7c4b626396-EndpointStateMachineTaskThread-/0.0.0.0:15002-0 ] INFO  server.GrpcService (GrpcService.java:startImpl(302)) - dc26353c-d48a-467d-89cd-3a7c4b626396: GrpcService started, listening on 15050
2024-02-22 20:33:34,942 [dc26353c-d48a-467d-89cd-3a7c4b626396-EndpointStateMachineTaskThread-/0.0.0.0:15002-0 ] INFO  server.GrpcService (GrpcService.java:startImpl(302)) - dc26353c-d48a-467d-89cd-3a7c4b626396: GrpcService started, listening on 15049
2024-02-22 20:33:34,942 [dc26353c-d48a-467d-89cd-3a7c4b626396-EndpointStateMachineTaskThread-/0.0.0.0:15002-0 ] INFO  ratis.XceiverServerRatis (XceiverServerRatis.java:getRealPort(592)) - XceiverServerRatis dc26353c-d48a-467d-89cd-3a7c4b626396 is started using port 15048 for RATIS
2024-02-22 20:33:34,943 [dc26353c-d48a-467d-89cd-3a7c4b626396-EndpointStateMachineTaskThread-/0.0.0.0:15002-0 ] INFO  ratis.XceiverServerRatis (XceiverServerRatis.java:getRealPort(592)) - XceiverServerRatis dc26353c-d48a-467d-89cd-3a7c4b626396 is started using port 15049 for RATIS_ADMIN
2024-02-22 20:33:34,943 [dc26353c-d48a-467d-89cd-3a7c4b626396-EndpointStateMachineTaskThread-/0.0.0.0:15002-0 ] INFO  ratis.XceiverServerRatis (XceiverServerRatis.java:getRealPort(592)) - XceiverServerRatis dc26353c-d48a-467d-89cd-3a7c4b626396 is started using port 15050 for RATIS_SERVER
2024-02-22 20:33:34,943 [dc26353c-d48a-467d-89cd-3a7c4b626396-EndpointStateMachineTaskThread-/0.0.0.0:15002-0 ] INFO  ratis.XceiverServerRatis (XceiverServerRatis.java:getRealPort(592)) - XceiverServerRatis dc26353c-d48a-467d-89cd-3a7c4b626396 is started using port 15051 for RATIS_DATASTREAM
2024-02-22 20:33:34,943 [JvmPauseMonitor6] INFO  util.JvmPauseMonitor (JvmPauseMonitor.java:run(146)) - JvmPauseMonitor-dc26353c-d48a-467d-89cd-3a7c4b626396: Started
2024-02-22 20:33:34,946 [dc26353c-d48a-467d-89cd-3a7c4b626396-BlockDeletingService#0] INFO  interfaces.ContainerDeletionChoosingPolicyTemplate (ContainerDeletionChoosingPolicyTemplate.java:chooseContainerForBlockDeletion(85)) - Chosen 0/5000 blocks from 0 candidate containers.
2024-02-22 20:33:35,067 [86ab988c-fa9c-425d-a1c6-9004ff7fd93d-EndpointStateMachineTaskThread-/0.0.0.0:15002-0 ] INFO  utils.DatanodeStoreCache (DatanodeStoreCache.java:addDB(72)) - Added db /home/runner/work/ozone/ozone/hadoop-ozone/integration-test/target/test-dir/MiniOzoneClusterImpl-a0fc024b-a492-45a5-9697-b0d14f72cb5c/datanode-5/data-0/containers/hdds/a0fc024b-a492-45a5-9697-b0d14f72cb5c/DS-14864615-8396-4ee9-a345-c70cc21159d0/container.db to cache
2024-02-22 20:33:35,067 [86ab988c-fa9c-425d-a1c6-9004ff7fd93d-EndpointStateMachineTaskThread-/0.0.0.0:15002-0 ] INFO  volume.HddsVolume (HddsVolume.java:createDbStore(420)) - SchemaV3 db is created and loaded at /home/runner/work/ozone/ozone/hadoop-ozone/integration-test/target/test-dir/MiniOzoneClusterImpl-a0fc024b-a492-45a5-9697-b0d14f72cb5c/datanode-5/data-0/containers/hdds/a0fc024b-a492-45a5-9697-b0d14f72cb5c/DS-14864615-8396-4ee9-a345-c70cc21159d0/container.db for volume DS-14864615-8396-4ee9-a345-c70cc21159d0
2024-02-22 20:33:35,069 [86ab988c-fa9c-425d-a1c6-9004ff7fd93d-ContainerReader-0] INFO  ozoneimpl.ContainerReader (ContainerReader.java:readVolume(148)) - Start to verify containers on volume /home/runner/work/ozone/ozone/hadoop-ozone/integration-test/target/test-dir/MiniOzoneClusterImpl-a0fc024b-a492-45a5-9697-b0d14f72cb5c/datanode-5/data-0/containers/hdds
2024-02-22 20:33:35,069 [86ab988c-fa9c-425d-a1c6-9004ff7fd93d-ContainerReader-0] INFO  ozoneimpl.ContainerReader (ContainerReader.java:readVolume(178)) - Finish verifying containers on volume /home/runner/work/ozone/ozone/hadoop-ozone/integration-test/target/test-dir/MiniOzoneClusterImpl-a0fc024b-a492-45a5-9697-b0d14f72cb5c/datanode-5/data-0/containers/hdds
2024-02-22 20:33:35,069 [86ab988c-fa9c-425d-a1c6-9004ff7fd93d-EndpointStateMachineTaskThread-/0.0.0.0:15002-0 ] INFO  ozoneimpl.OzoneContainer (OzoneContainer.java:buildContainerSet(328)) - Build ContainerSet costs 0s
2024-02-22 20:33:35,070 [86ab988c-fa9c-425d-a1c6-9004ff7fd93d-EndpointStateMachineTaskThread-/0.0.0.0:15002-0 ] INFO  volume.ThrottledAsyncChecker (ThrottledAsyncChecker.java:schedule(141)) - Scheduling a check for /home/runner/work/ozone/ozone/hadoop-ozone/integration-test/target/test-dir/MiniOzoneClusterImpl-a0fc024b-a492-45a5-9697-b0d14f72cb5c/datanode-5/data-0/containers/hdds
2024-02-22 20:33:35,070 [86ab988c-fa9c-425d-a1c6-9004ff7fd93d-EndpointStateMachineTaskThread-/0.0.0.0:15002-0 ] INFO  volume.StorageVolumeChecker (StorageVolumeChecker.java:checkAllVolumes(218)) - Scheduled health check for volume /home/runner/work/ozone/ozone/hadoop-ozone/integration-test/target/test-dir/MiniOzoneClusterImpl-a0fc024b-a492-45a5-9697-b0d14f72cb5c/datanode-5/data-0/containers/hdds
2024-02-22 20:33:35,072 [86ab988c-fa9c-425d-a1c6-9004ff7fd93d-EndpointStateMachineTaskThread-/0.0.0.0:15002-0 ] INFO  volume.ThrottledAsyncChecker (ThrottledAsyncChecker.java:schedule(141)) - Scheduling a check for /home/runner/work/ozone/ozone/hadoop-ozone/integration-test/target/test-dir/MiniOzoneClusterImpl-a0fc024b-a492-45a5-9697-b0d14f72cb5c/datanode-5/data/ratis
2024-02-22 20:33:35,072 [86ab988c-fa9c-425d-a1c6-9004ff7fd93d-EndpointStateMachineTaskThread-/0.0.0.0:15002-0 ] INFO  volume.StorageVolumeChecker (StorageVolumeChecker.java:checkAllVolumes(218)) - Scheduled health check for volume /home/runner/work/ozone/ozone/hadoop-ozone/integration-test/target/test-dir/MiniOzoneClusterImpl-a0fc024b-a492-45a5-9697-b0d14f72cb5c/datanode-5/data/ratis
2024-02-22 20:33:35,073 [86ab988c-fa9c-425d-a1c6-9004ff7fd93d-EndpointStateMachineTaskThread-/0.0.0.0:15002-0 ] INFO  ozoneimpl.OzoneContainer (OzoneContainer.java:start(459)) - Attempting to start container services.
2024-02-22 20:33:35,073 [86ab988c-fa9c-425d-a1c6-9004ff7fd93d-EndpointStateMachineTaskThread-/0.0.0.0:15002-0 ] INFO  ozoneimpl.OzoneContainer (OzoneContainer.java:startContainerScrub(339)) - Scheduled background container scanners and the on-demand container scanner have been disabled.
2024-02-22 20:33:35,074 [86ab988c-fa9c-425d-a1c6-9004ff7fd93d-EndpointStateMachineTaskThread-/0.0.0.0:15002-0 ] INFO  replication.ReplicationServer (ReplicationServer.java:start(140)) - ReplicationServer is started using port 15061
2024-02-22 20:33:35,074 [86ab988c-fa9c-425d-a1c6-9004ff7fd93d-EndpointStateMachineTaskThread-/0.0.0.0:15002-0 ] INFO  ratis.XceiverServerRatis (XceiverServerRatis.java:start(566)) - Starting XceiverServerRatis 86ab988c-fa9c-425d-a1c6-9004ff7fd93d
2024-02-22 20:33:35,075 [86ab988c-fa9c-425d-a1c6-9004ff7fd93d-EndpointStateMachineTaskThread-/0.0.0.0:15002-0 ] INFO  server.RaftServer (RaftServerProxy.java:startImpl(406)) - 86ab988c-fa9c-425d-a1c6-9004ff7fd93d: start RPC server
2024-02-22 20:33:35,075 [86ab988c-fa9c-425d-a1c6-9004ff7fd93d-EndpointStateMachineTaskThread-/0.0.0.0:15002-0 ] INFO  server.GrpcService (GrpcService.java:startImpl(302)) - 86ab988c-fa9c-425d-a1c6-9004ff7fd93d: GrpcService started, listening on 15057
2024-02-22 20:33:35,076 [86ab988c-fa9c-425d-a1c6-9004ff7fd93d-EndpointStateMachineTaskThread-/0.0.0.0:15002-0 ] INFO  server.GrpcService (GrpcService.java:startImpl(302)) - 86ab988c-fa9c-425d-a1c6-9004ff7fd93d: GrpcService started, listening on 15059
2024-02-22 20:33:35,077 [86ab988c-fa9c-425d-a1c6-9004ff7fd93d-EndpointStateMachineTaskThread-/0.0.0.0:15002-0 ] INFO  server.GrpcService (GrpcService.java:startImpl(302)) - 86ab988c-fa9c-425d-a1c6-9004ff7fd93d: GrpcService started, listening on 15058
2024-02-22 20:33:35,077 [86ab988c-fa9c-425d-a1c6-9004ff7fd93d-EndpointStateMachineTaskThread-/0.0.0.0:15002-0 ] INFO  ratis.XceiverServerRatis (XceiverServerRatis.java:getRealPort(592)) - XceiverServerRatis 86ab988c-fa9c-425d-a1c6-9004ff7fd93d is started using port 15057 for RATIS
2024-02-22 20:33:35,077 [JvmPauseMonitor7] INFO  util.JvmPauseMonitor (JvmPauseMonitor.java:run(146)) - JvmPauseMonitor-86ab988c-fa9c-425d-a1c6-9004ff7fd93d: Started
2024-02-22 20:33:35,077 [86ab988c-fa9c-425d-a1c6-9004ff7fd93d-EndpointStateMachineTaskThread-/0.0.0.0:15002-0 ] INFO  ratis.XceiverServerRatis (XceiverServerRatis.java:getRealPort(592)) - XceiverServerRatis 86ab988c-fa9c-425d-a1c6-9004ff7fd93d is started using port 15058 for RATIS_ADMIN
2024-02-22 20:33:35,077 [86ab988c-fa9c-425d-a1c6-9004ff7fd93d-EndpointStateMachineTaskThread-/0.0.0.0:15002-0 ] INFO  ratis.XceiverServerRatis (XceiverServerRatis.java:getRealPort(592)) - XceiverServerRatis 86ab988c-fa9c-425d-a1c6-9004ff7fd93d is started using port 15059 for RATIS_SERVER
2024-02-22 20:33:35,077 [86ab988c-fa9c-425d-a1c6-9004ff7fd93d-EndpointStateMachineTaskThread-/0.0.0.0:15002-0 ] INFO  ratis.XceiverServerRatis (XceiverServerRatis.java:getRealPort(592)) - XceiverServerRatis 86ab988c-fa9c-425d-a1c6-9004ff7fd93d is started using port 15060 for RATIS_DATASTREAM
2024-02-22 20:33:35,080 [86ab988c-fa9c-425d-a1c6-9004ff7fd93d-BlockDeletingService#0] INFO  interfaces.ContainerDeletionChoosingPolicyTemplate (ContainerDeletionChoosingPolicyTemplate.java:chooseContainerForBlockDeletion(85)) - Chosen 0/5000 blocks from 0 candidate containers.
2024-02-22 20:33:35,210 [c30fedce-f286-40e0-881d-3d5a9a6e2463-EndpointStateMachineTaskThread-/0.0.0.0:15002-0 ] INFO  utils.DatanodeStoreCache (DatanodeStoreCache.java:addDB(72)) - Added db /home/runner/work/ozone/ozone/hadoop-ozone/integration-test/target/test-dir/MiniOzoneClusterImpl-a0fc024b-a492-45a5-9697-b0d14f72cb5c/datanode-6/data-0/containers/hdds/a0fc024b-a492-45a5-9697-b0d14f72cb5c/DS-4102b721-6723-401c-b44c-75f127aad9dc/container.db to cache
2024-02-22 20:33:35,210 [c30fedce-f286-40e0-881d-3d5a9a6e2463-EndpointStateMachineTaskThread-/0.0.0.0:15002-0 ] INFO  volume.HddsVolume (HddsVolume.java:createDbStore(420)) - SchemaV3 db is created and loaded at /home/runner/work/ozone/ozone/hadoop-ozone/integration-test/target/test-dir/MiniOzoneClusterImpl-a0fc024b-a492-45a5-9697-b0d14f72cb5c/datanode-6/data-0/containers/hdds/a0fc024b-a492-45a5-9697-b0d14f72cb5c/DS-4102b721-6723-401c-b44c-75f127aad9dc/container.db for volume DS-4102b721-6723-401c-b44c-75f127aad9dc
2024-02-22 20:33:35,212 [c30fedce-f286-40e0-881d-3d5a9a6e2463-ContainerReader-0] INFO  ozoneimpl.ContainerReader (ContainerReader.java:readVolume(148)) - Start to verify containers on volume /home/runner/work/ozone/ozone/hadoop-ozone/integration-test/target/test-dir/MiniOzoneClusterImpl-a0fc024b-a492-45a5-9697-b0d14f72cb5c/datanode-6/data-0/containers/hdds
2024-02-22 20:33:35,212 [c30fedce-f286-40e0-881d-3d5a9a6e2463-ContainerReader-0] INFO  ozoneimpl.ContainerReader (ContainerReader.java:readVolume(178)) - Finish verifying containers on volume /home/runner/work/ozone/ozone/hadoop-ozone/integration-test/target/test-dir/MiniOzoneClusterImpl-a0fc024b-a492-45a5-9697-b0d14f72cb5c/datanode-6/data-0/containers/hdds
2024-02-22 20:33:35,212 [c30fedce-f286-40e0-881d-3d5a9a6e2463-EndpointStateMachineTaskThread-/0.0.0.0:15002-0 ] INFO  ozoneimpl.OzoneContainer (OzoneContainer.java:buildContainerSet(328)) - Build ContainerSet costs 0s
2024-02-22 20:33:35,213 [c30fedce-f286-40e0-881d-3d5a9a6e2463-EndpointStateMachineTaskThread-/0.0.0.0:15002-0 ] INFO  volume.ThrottledAsyncChecker (ThrottledAsyncChecker.java:schedule(141)) - Scheduling a check for /home/runner/work/ozone/ozone/hadoop-ozone/integration-test/target/test-dir/MiniOzoneClusterImpl-a0fc024b-a492-45a5-9697-b0d14f72cb5c/datanode-6/data-0/containers/hdds
2024-02-22 20:33:35,214 [c30fedce-f286-40e0-881d-3d5a9a6e2463-EndpointStateMachineTaskThread-/0.0.0.0:15002-0 ] INFO  volume.StorageVolumeChecker (StorageVolumeChecker.java:checkAllVolumes(218)) - Scheduled health check for volume /home/runner/work/ozone/ozone/hadoop-ozone/integration-test/target/test-dir/MiniOzoneClusterImpl-a0fc024b-a492-45a5-9697-b0d14f72cb5c/datanode-6/data-0/containers/hdds
2024-02-22 20:33:35,215 [c30fedce-f286-40e0-881d-3d5a9a6e2463-EndpointStateMachineTaskThread-/0.0.0.0:15002-0 ] INFO  volume.ThrottledAsyncChecker (ThrottledAsyncChecker.java:schedule(141)) - Scheduling a check for /home/runner/work/ozone/ozone/hadoop-ozone/integration-test/target/test-dir/MiniOzoneClusterImpl-a0fc024b-a492-45a5-9697-b0d14f72cb5c/datanode-6/data/ratis
2024-02-22 20:33:35,215 [c30fedce-f286-40e0-881d-3d5a9a6e2463-EndpointStateMachineTaskThread-/0.0.0.0:15002-0 ] INFO  volume.StorageVolumeChecker (StorageVolumeChecker.java:checkAllVolumes(218)) - Scheduled health check for volume /home/runner/work/ozone/ozone/hadoop-ozone/integration-test/target/test-dir/MiniOzoneClusterImpl-a0fc024b-a492-45a5-9697-b0d14f72cb5c/datanode-6/data/ratis
2024-02-22 20:33:35,216 [c30fedce-f286-40e0-881d-3d5a9a6e2463-EndpointStateMachineTaskThread-/0.0.0.0:15002-0 ] INFO  ozoneimpl.OzoneContainer (OzoneContainer.java:start(459)) - Attempting to start container services.
2024-02-22 20:33:35,216 [c30fedce-f286-40e0-881d-3d5a9a6e2463-EndpointStateMachineTaskThread-/0.0.0.0:15002-0 ] INFO  ozoneimpl.OzoneContainer (OzoneContainer.java:startContainerScrub(339)) - Scheduled background container scanners and the on-demand container scanner have been disabled.
2024-02-22 20:33:35,217 [c30fedce-f286-40e0-881d-3d5a9a6e2463-EndpointStateMachineTaskThread-/0.0.0.0:15002-0 ] INFO  replication.ReplicationServer (ReplicationServer.java:start(140)) - ReplicationServer is started using port 15070
2024-02-22 20:33:35,217 [c30fedce-f286-40e0-881d-3d5a9a6e2463-EndpointStateMachineTaskThread-/0.0.0.0:15002-0 ] INFO  ratis.XceiverServerRatis (XceiverServerRatis.java:start(566)) - Starting XceiverServerRatis c30fedce-f286-40e0-881d-3d5a9a6e2463
2024-02-22 20:33:35,218 [c30fedce-f286-40e0-881d-3d5a9a6e2463-EndpointStateMachineTaskThread-/0.0.0.0:15002-0 ] INFO  server.RaftServer (RaftServerProxy.java:startImpl(406)) - c30fedce-f286-40e0-881d-3d5a9a6e2463: start RPC server
2024-02-22 20:33:35,220 [c30fedce-f286-40e0-881d-3d5a9a6e2463-EndpointStateMachineTaskThread-/0.0.0.0:15002-0 ] INFO  server.GrpcService (GrpcService.java:startImpl(302)) - c30fedce-f286-40e0-881d-3d5a9a6e2463: GrpcService started, listening on 15066
2024-02-22 20:33:35,220 [c30fedce-f286-40e0-881d-3d5a9a6e2463-EndpointStateMachineTaskThread-/0.0.0.0:15002-0 ] INFO  server.GrpcService (GrpcService.java:startImpl(302)) - c30fedce-f286-40e0-881d-3d5a9a6e2463: GrpcService started, listening on 15068
2024-02-22 20:33:35,221 [c30fedce-f286-40e0-881d-3d5a9a6e2463-EndpointStateMachineTaskThread-/0.0.0.0:15002-0 ] INFO  server.GrpcService (GrpcService.java:startImpl(302)) - c30fedce-f286-40e0-881d-3d5a9a6e2463: GrpcService started, listening on 15067
2024-02-22 20:33:35,222 [c30fedce-f286-40e0-881d-3d5a9a6e2463-EndpointStateMachineTaskThread-/0.0.0.0:15002-0 ] INFO  ratis.XceiverServerRatis (XceiverServerRatis.java:getRealPort(592)) - XceiverServerRatis c30fedce-f286-40e0-881d-3d5a9a6e2463 is started using port 15066 for RATIS
2024-02-22 20:33:35,222 [JvmPauseMonitor8] INFO  util.JvmPauseMonitor (JvmPauseMonitor.java:run(146)) - JvmPauseMonitor-c30fedce-f286-40e0-881d-3d5a9a6e2463: Started
2024-02-22 20:33:35,222 [c30fedce-f286-40e0-881d-3d5a9a6e2463-EndpointStateMachineTaskThread-/0.0.0.0:15002-0 ] INFO  ratis.XceiverServerRatis (XceiverServerRatis.java:getRealPort(592)) - XceiverServerRatis c30fedce-f286-40e0-881d-3d5a9a6e2463 is started using port 15067 for RATIS_ADMIN
2024-02-22 20:33:35,222 [c30fedce-f286-40e0-881d-3d5a9a6e2463-EndpointStateMachineTaskThread-/0.0.0.0:15002-0 ] INFO  ratis.XceiverServerRatis (XceiverServerRatis.java:getRealPort(592)) - XceiverServerRatis c30fedce-f286-40e0-881d-3d5a9a6e2463 is started using port 15068 for RATIS_SERVER
2024-02-22 20:33:35,222 [c30fedce-f286-40e0-881d-3d5a9a6e2463-EndpointStateMachineTaskThread-/0.0.0.0:15002-0 ] INFO  ratis.XceiverServerRatis (XceiverServerRatis.java:getRealPort(592)) - XceiverServerRatis c30fedce-f286-40e0-881d-3d5a9a6e2463 is started using port 15069 for RATIS_DATASTREAM
2024-02-22 20:33:35,225 [c30fedce-f286-40e0-881d-3d5a9a6e2463-BlockDeletingService#0] INFO  interfaces.ContainerDeletionChoosingPolicyTemplate (ContainerDeletionChoosingPolicyTemplate.java:chooseContainerForBlockDeletion(85)) - Chosen 0/5000 blocks from 0 candidate containers.
2024-02-22 20:33:35,326 [13f92446-3b18-4d81-bc66-0f9b00220e72-EndpointStateMachineTaskThread-/0.0.0.0:15002-0 ] INFO  utils.DatanodeStoreCache (DatanodeStoreCache.java:addDB(72)) - Added db /home/runner/work/ozone/ozone/hadoop-ozone/integration-test/target/test-dir/MiniOzoneClusterImpl-a0fc024b-a492-45a5-9697-b0d14f72cb5c/datanode-7/data-0/containers/hdds/a0fc024b-a492-45a5-9697-b0d14f72cb5c/DS-6624c09e-ab20-42b2-9f8d-c05c1cadbcc3/container.db to cache
2024-02-22 20:33:35,326 [13f92446-3b18-4d81-bc66-0f9b00220e72-EndpointStateMachineTaskThread-/0.0.0.0:15002-0 ] INFO  volume.HddsVolume (HddsVolume.java:createDbStore(420)) - SchemaV3 db is created and loaded at /home/runner/work/ozone/ozone/hadoop-ozone/integration-test/target/test-dir/MiniOzoneClusterImpl-a0fc024b-a492-45a5-9697-b0d14f72cb5c/datanode-7/data-0/containers/hdds/a0fc024b-a492-45a5-9697-b0d14f72cb5c/DS-6624c09e-ab20-42b2-9f8d-c05c1cadbcc3/container.db for volume DS-6624c09e-ab20-42b2-9f8d-c05c1cadbcc3
2024-02-22 20:33:35,327 [13f92446-3b18-4d81-bc66-0f9b00220e72-ContainerReader-0] INFO  ozoneimpl.ContainerReader (ContainerReader.java:readVolume(148)) - Start to verify containers on volume /home/runner/work/ozone/ozone/hadoop-ozone/integration-test/target/test-dir/MiniOzoneClusterImpl-a0fc024b-a492-45a5-9697-b0d14f72cb5c/datanode-7/data-0/containers/hdds
2024-02-22 20:33:35,327 [13f92446-3b18-4d81-bc66-0f9b00220e72-ContainerReader-0] INFO  ozoneimpl.ContainerReader (ContainerReader.java:readVolume(178)) - Finish verifying containers on volume /home/runner/work/ozone/ozone/hadoop-ozone/integration-test/target/test-dir/MiniOzoneClusterImpl-a0fc024b-a492-45a5-9697-b0d14f72cb5c/datanode-7/data-0/containers/hdds
2024-02-22 20:33:35,328 [13f92446-3b18-4d81-bc66-0f9b00220e72-EndpointStateMachineTaskThread-/0.0.0.0:15002-0 ] INFO  ozoneimpl.OzoneContainer (OzoneContainer.java:buildContainerSet(328)) - Build ContainerSet costs 0s
2024-02-22 20:33:35,329 [13f92446-3b18-4d81-bc66-0f9b00220e72-EndpointStateMachineTaskThread-/0.0.0.0:15002-0 ] INFO  volume.ThrottledAsyncChecker (ThrottledAsyncChecker.java:schedule(141)) - Scheduling a check for /home/runner/work/ozone/ozone/hadoop-ozone/integration-test/target/test-dir/MiniOzoneClusterImpl-a0fc024b-a492-45a5-9697-b0d14f72cb5c/datanode-7/data-0/containers/hdds
2024-02-22 20:33:35,329 [13f92446-3b18-4d81-bc66-0f9b00220e72-EndpointStateMachineTaskThread-/0.0.0.0:15002-0 ] INFO  volume.StorageVolumeChecker (StorageVolumeChecker.java:checkAllVolumes(218)) - Scheduled health check for volume /home/runner/work/ozone/ozone/hadoop-ozone/integration-test/target/test-dir/MiniOzoneClusterImpl-a0fc024b-a492-45a5-9697-b0d14f72cb5c/datanode-7/data-0/containers/hdds
2024-02-22 20:33:35,330 [13f92446-3b18-4d81-bc66-0f9b00220e72-EndpointStateMachineTaskThread-/0.0.0.0:15002-0 ] INFO  volume.ThrottledAsyncChecker (ThrottledAsyncChecker.java:schedule(141)) - Scheduling a check for /home/runner/work/ozone/ozone/hadoop-ozone/integration-test/target/test-dir/MiniOzoneClusterImpl-a0fc024b-a492-45a5-9697-b0d14f72cb5c/datanode-7/data/ratis
2024-02-22 20:33:35,330 [13f92446-3b18-4d81-bc66-0f9b00220e72-EndpointStateMachineTaskThread-/0.0.0.0:15002-0 ] INFO  volume.StorageVolumeChecker (StorageVolumeChecker.java:checkAllVolumes(218)) - Scheduled health check for volume /home/runner/work/ozone/ozone/hadoop-ozone/integration-test/target/test-dir/MiniOzoneClusterImpl-a0fc024b-a492-45a5-9697-b0d14f72cb5c/datanode-7/data/ratis
2024-02-22 20:33:35,331 [13f92446-3b18-4d81-bc66-0f9b00220e72-EndpointStateMachineTaskThread-/0.0.0.0:15002-0 ] INFO  ozoneimpl.OzoneContainer (OzoneContainer.java:start(459)) - Attempting to start container services.
2024-02-22 20:33:35,331 [13f92446-3b18-4d81-bc66-0f9b00220e72-EndpointStateMachineTaskThread-/0.0.0.0:15002-0 ] INFO  ozoneimpl.OzoneContainer (OzoneContainer.java:startContainerScrub(339)) - Scheduled background container scanners and the on-demand container scanner have been disabled.
2024-02-22 20:33:35,332 [13f92446-3b18-4d81-bc66-0f9b00220e72-EndpointStateMachineTaskThread-/0.0.0.0:15002-0 ] INFO  replication.ReplicationServer (ReplicationServer.java:start(140)) - ReplicationServer is started using port 15079
2024-02-22 20:33:35,332 [13f92446-3b18-4d81-bc66-0f9b00220e72-EndpointStateMachineTaskThread-/0.0.0.0:15002-0 ] INFO  ratis.XceiverServerRatis (XceiverServerRatis.java:start(566)) - Starting XceiverServerRatis 13f92446-3b18-4d81-bc66-0f9b00220e72
2024-02-22 20:33:35,333 [13f92446-3b18-4d81-bc66-0f9b00220e72-EndpointStateMachineTaskThread-/0.0.0.0:15002-0 ] INFO  server.RaftServer (RaftServerProxy.java:startImpl(406)) - 13f92446-3b18-4d81-bc66-0f9b00220e72: start RPC server
2024-02-22 20:33:35,333 [13f92446-3b18-4d81-bc66-0f9b00220e72-EndpointStateMachineTaskThread-/0.0.0.0:15002-0 ] INFO  server.GrpcService (GrpcService.java:startImpl(302)) - 13f92446-3b18-4d81-bc66-0f9b00220e72: GrpcService started, listening on 15075
2024-02-22 20:33:35,334 [13f92446-3b18-4d81-bc66-0f9b00220e72-EndpointStateMachineTaskThread-/0.0.0.0:15002-0 ] INFO  server.GrpcService (GrpcService.java:startImpl(302)) - 13f92446-3b18-4d81-bc66-0f9b00220e72: GrpcService started, listening on 15077
2024-02-22 20:33:35,337 [13f92446-3b18-4d81-bc66-0f9b00220e72-EndpointStateMachineTaskThread-/0.0.0.0:15002-0 ] INFO  server.GrpcService (GrpcService.java:startImpl(302)) - 13f92446-3b18-4d81-bc66-0f9b00220e72: GrpcService started, listening on 15076
2024-02-22 20:33:35,337 [13f92446-3b18-4d81-bc66-0f9b00220e72-EndpointStateMachineTaskThread-/0.0.0.0:15002-0 ] INFO  ratis.XceiverServerRatis (XceiverServerRatis.java:getRealPort(592)) - XceiverServerRatis 13f92446-3b18-4d81-bc66-0f9b00220e72 is started using port 15075 for RATIS
2024-02-22 20:33:35,337 [13f92446-3b18-4d81-bc66-0f9b00220e72-EndpointStateMachineTaskThread-/0.0.0.0:15002-0 ] INFO  ratis.XceiverServerRatis (XceiverServerRatis.java:getRealPort(592)) - XceiverServerRatis 13f92446-3b18-4d81-bc66-0f9b00220e72 is started using port 15076 for RATIS_ADMIN
2024-02-22 20:33:35,337 [13f92446-3b18-4d81-bc66-0f9b00220e72-EndpointStateMachineTaskThread-/0.0.0.0:15002-0 ] INFO  ratis.XceiverServerRatis (XceiverServerRatis.java:getRealPort(592)) - XceiverServerRatis 13f92446-3b18-4d81-bc66-0f9b00220e72 is started using port 15077 for RATIS_SERVER
2024-02-22 20:33:35,337 [13f92446-3b18-4d81-bc66-0f9b00220e72-EndpointStateMachineTaskThread-/0.0.0.0:15002-0 ] INFO  ratis.XceiverServerRatis (XceiverServerRatis.java:getRealPort(592)) - XceiverServerRatis 13f92446-3b18-4d81-bc66-0f9b00220e72 is started using port 15078 for RATIS_DATASTREAM
2024-02-22 20:33:35,337 [JvmPauseMonitor9] INFO  util.JvmPauseMonitor (JvmPauseMonitor.java:run(146)) - JvmPauseMonitor-13f92446-3b18-4d81-bc66-0f9b00220e72: Started
2024-02-22 20:33:35,340 [13f92446-3b18-4d81-bc66-0f9b00220e72-BlockDeletingService#0] INFO  interfaces.ContainerDeletionChoosingPolicyTemplate (ContainerDeletionChoosingPolicyTemplate.java:chooseContainerForBlockDeletion(85)) - Chosen 0/5000 blocks from 0 candidate containers.
2024-02-22 20:33:35,457 [78f89d9b-e409-4704-890b-bfcfbcdfd28a-EndpointStateMachineTaskThread-/0.0.0.0:15002-0 ] INFO  utils.DatanodeStoreCache (DatanodeStoreCache.java:addDB(72)) - Added db /home/runner/work/ozone/ozone/hadoop-ozone/integration-test/target/test-dir/MiniOzoneClusterImpl-a0fc024b-a492-45a5-9697-b0d14f72cb5c/datanode-8/data-0/containers/hdds/a0fc024b-a492-45a5-9697-b0d14f72cb5c/DS-14ef36f7-00e5-4d97-aacd-17cb31820a20/container.db to cache
2024-02-22 20:33:35,457 [78f89d9b-e409-4704-890b-bfcfbcdfd28a-EndpointStateMachineTaskThread-/0.0.0.0:15002-0 ] INFO  volume.HddsVolume (HddsVolume.java:createDbStore(420)) - SchemaV3 db is created and loaded at /home/runner/work/ozone/ozone/hadoop-ozone/integration-test/target/test-dir/MiniOzoneClusterImpl-a0fc024b-a492-45a5-9697-b0d14f72cb5c/datanode-8/data-0/containers/hdds/a0fc024b-a492-45a5-9697-b0d14f72cb5c/DS-14ef36f7-00e5-4d97-aacd-17cb31820a20/container.db for volume DS-14ef36f7-00e5-4d97-aacd-17cb31820a20
2024-02-22 20:33:35,459 [78f89d9b-e409-4704-890b-bfcfbcdfd28a-ContainerReader-0] INFO  ozoneimpl.ContainerReader (ContainerReader.java:readVolume(148)) - Start to verify containers on volume /home/runner/work/ozone/ozone/hadoop-ozone/integration-test/target/test-dir/MiniOzoneClusterImpl-a0fc024b-a492-45a5-9697-b0d14f72cb5c/datanode-8/data-0/containers/hdds
2024-02-22 20:33:35,459 [78f89d9b-e409-4704-890b-bfcfbcdfd28a-ContainerReader-0] INFO  ozoneimpl.ContainerReader (ContainerReader.java:readVolume(178)) - Finish verifying containers on volume /home/runner/work/ozone/ozone/hadoop-ozone/integration-test/target/test-dir/MiniOzoneClusterImpl-a0fc024b-a492-45a5-9697-b0d14f72cb5c/datanode-8/data-0/containers/hdds
2024-02-22 20:33:35,459 [78f89d9b-e409-4704-890b-bfcfbcdfd28a-EndpointStateMachineTaskThread-/0.0.0.0:15002-0 ] INFO  ozoneimpl.OzoneContainer (OzoneContainer.java:buildContainerSet(328)) - Build ContainerSet costs 0s
2024-02-22 20:33:35,462 [78f89d9b-e409-4704-890b-bfcfbcdfd28a-EndpointStateMachineTaskThread-/0.0.0.0:15002-0 ] INFO  volume.ThrottledAsyncChecker (ThrottledAsyncChecker.java:schedule(141)) - Scheduling a check for /home/runner/work/ozone/ozone/hadoop-ozone/integration-test/target/test-dir/MiniOzoneClusterImpl-a0fc024b-a492-45a5-9697-b0d14f72cb5c/datanode-8/data-0/containers/hdds
2024-02-22 20:33:35,462 [78f89d9b-e409-4704-890b-bfcfbcdfd28a-EndpointStateMachineTaskThread-/0.0.0.0:15002-0 ] INFO  volume.StorageVolumeChecker (StorageVolumeChecker.java:checkAllVolumes(218)) - Scheduled health check for volume /home/runner/work/ozone/ozone/hadoop-ozone/integration-test/target/test-dir/MiniOzoneClusterImpl-a0fc024b-a492-45a5-9697-b0d14f72cb5c/datanode-8/data-0/containers/hdds
2024-02-22 20:33:35,464 [78f89d9b-e409-4704-890b-bfcfbcdfd28a-EndpointStateMachineTaskThread-/0.0.0.0:15002-0 ] INFO  volume.ThrottledAsyncChecker (ThrottledAsyncChecker.java:schedule(141)) - Scheduling a check for /home/runner/work/ozone/ozone/hadoop-ozone/integration-test/target/test-dir/MiniOzoneClusterImpl-a0fc024b-a492-45a5-9697-b0d14f72cb5c/datanode-8/data/ratis
2024-02-22 20:33:35,464 [78f89d9b-e409-4704-890b-bfcfbcdfd28a-EndpointStateMachineTaskThread-/0.0.0.0:15002-0 ] INFO  volume.StorageVolumeChecker (StorageVolumeChecker.java:checkAllVolumes(218)) - Scheduled health check for volume /home/runner/work/ozone/ozone/hadoop-ozone/integration-test/target/test-dir/MiniOzoneClusterImpl-a0fc024b-a492-45a5-9697-b0d14f72cb5c/datanode-8/data/ratis
2024-02-22 20:33:35,464 [78f89d9b-e409-4704-890b-bfcfbcdfd28a-EndpointStateMachineTaskThread-/0.0.0.0:15002-0 ] INFO  ozoneimpl.OzoneContainer (OzoneContainer.java:start(459)) - Attempting to start container services.
2024-02-22 20:33:35,465 [78f89d9b-e409-4704-890b-bfcfbcdfd28a-EndpointStateMachineTaskThread-/0.0.0.0:15002-0 ] INFO  ozoneimpl.OzoneContainer (OzoneContainer.java:startContainerScrub(339)) - Scheduled background container scanners and the on-demand container scanner have been disabled.
2024-02-22 20:33:35,467 [78f89d9b-e409-4704-890b-bfcfbcdfd28a-EndpointStateMachineTaskThread-/0.0.0.0:15002-0 ] INFO  replication.ReplicationServer (ReplicationServer.java:start(140)) - ReplicationServer is started using port 15088
2024-02-22 20:33:35,467 [78f89d9b-e409-4704-890b-bfcfbcdfd28a-EndpointStateMachineTaskThread-/0.0.0.0:15002-0 ] INFO  ratis.XceiverServerRatis (XceiverServerRatis.java:start(566)) - Starting XceiverServerRatis 78f89d9b-e409-4704-890b-bfcfbcdfd28a
2024-02-22 20:33:35,468 [78f89d9b-e409-4704-890b-bfcfbcdfd28a-EndpointStateMachineTaskThread-/0.0.0.0:15002-0 ] INFO  server.RaftServer (RaftServerProxy.java:startImpl(406)) - 78f89d9b-e409-4704-890b-bfcfbcdfd28a: start RPC server
2024-02-22 20:33:35,468 [78f89d9b-e409-4704-890b-bfcfbcdfd28a-EndpointStateMachineTaskThread-/0.0.0.0:15002-0 ] INFO  server.GrpcService (GrpcService.java:startImpl(302)) - 78f89d9b-e409-4704-890b-bfcfbcdfd28a: GrpcService started, listening on 15084
2024-02-22 20:33:35,469 [78f89d9b-e409-4704-890b-bfcfbcdfd28a-EndpointStateMachineTaskThread-/0.0.0.0:15002-0 ] INFO  server.GrpcService (GrpcService.java:startImpl(302)) - 78f89d9b-e409-4704-890b-bfcfbcdfd28a: GrpcService started, listening on 15086
2024-02-22 20:33:35,469 [78f89d9b-e409-4704-890b-bfcfbcdfd28a-EndpointStateMachineTaskThread-/0.0.0.0:15002-0 ] INFO  server.GrpcService (GrpcService.java:startImpl(302)) - 78f89d9b-e409-4704-890b-bfcfbcdfd28a: GrpcService started, listening on 15085
2024-02-22 20:33:35,470 [78f89d9b-e409-4704-890b-bfcfbcdfd28a-EndpointStateMachineTaskThread-/0.0.0.0:15002-0 ] INFO  ratis.XceiverServerRatis (XceiverServerRatis.java:getRealPort(592)) - XceiverServerRatis 78f89d9b-e409-4704-890b-bfcfbcdfd28a is started using port 15084 for RATIS
2024-02-22 20:33:35,470 [JvmPauseMonitor10] INFO  util.JvmPauseMonitor (JvmPauseMonitor.java:run(146)) - JvmPauseMonitor-78f89d9b-e409-4704-890b-bfcfbcdfd28a: Started
2024-02-22 20:33:35,470 [78f89d9b-e409-4704-890b-bfcfbcdfd28a-EndpointStateMachineTaskThread-/0.0.0.0:15002-0 ] INFO  ratis.XceiverServerRatis (XceiverServerRatis.java:getRealPort(592)) - XceiverServerRatis 78f89d9b-e409-4704-890b-bfcfbcdfd28a is started using port 15085 for RATIS_ADMIN
2024-02-22 20:33:35,471 [78f89d9b-e409-4704-890b-bfcfbcdfd28a-EndpointStateMachineTaskThread-/0.0.0.0:15002-0 ] INFO  ratis.XceiverServerRatis (XceiverServerRatis.java:getRealPort(592)) - XceiverServerRatis 78f89d9b-e409-4704-890b-bfcfbcdfd28a is started using port 15086 for RATIS_SERVER
2024-02-22 20:33:35,471 [78f89d9b-e409-4704-890b-bfcfbcdfd28a-EndpointStateMachineTaskThread-/0.0.0.0:15002-0 ] INFO  ratis.XceiverServerRatis (XceiverServerRatis.java:getRealPort(592)) - XceiverServerRatis 78f89d9b-e409-4704-890b-bfcfbcdfd28a is started using port 15087 for RATIS_DATASTREAM
2024-02-22 20:33:35,475 [78f89d9b-e409-4704-890b-bfcfbcdfd28a-BlockDeletingService#0] INFO  interfaces.ContainerDeletionChoosingPolicyTemplate (ContainerDeletionChoosingPolicyTemplate.java:chooseContainerForBlockDeletion(85)) - Chosen 0/5000 blocks from 0 candidate containers.
2024-02-22 20:33:35,539 [main] INFO  ozone.MiniOzoneClusterImpl (MiniOzoneClusterImpl.java:lambda$waitForClusterToBeReady$0(205)) - Waiting for nodes to be ready. Got 0 of 10 DN Heartbeats.
2024-02-22 20:33:35,539 [main] INFO  ozone.MiniOzoneClusterImpl (MiniOzoneClusterImpl.java:lambda$waitForClusterToBeReady$0(208)) - Waiting for cluster to exit safe mode
2024-02-22 20:33:35,539 [main] INFO  ozone.MiniOzoneClusterImpl (MiniOzoneClusterImpl.java:lambda$waitForClusterToBeReady$0(210)) - SCM became leader
2024-02-22 20:33:35,561 [e780b093-7242-46d7-bd8f-0f810188c7b3-EndpointStateMachineTaskThread-/0.0.0.0:15002-0 ] INFO  utils.DatanodeStoreCache (DatanodeStoreCache.java:addDB(72)) - Added db /home/runner/work/ozone/ozone/hadoop-ozone/integration-test/target/test-dir/MiniOzoneClusterImpl-a0fc024b-a492-45a5-9697-b0d14f72cb5c/datanode-9/data-0/containers/hdds/a0fc024b-a492-45a5-9697-b0d14f72cb5c/DS-c39179ae-62f0-416f-8500-3873941ab73f/container.db to cache
2024-02-22 20:33:35,561 [e780b093-7242-46d7-bd8f-0f810188c7b3-EndpointStateMachineTaskThread-/0.0.0.0:15002-0 ] INFO  volume.HddsVolume (HddsVolume.java:createDbStore(420)) - SchemaV3 db is created and loaded at /home/runner/work/ozone/ozone/hadoop-ozone/integration-test/target/test-dir/MiniOzoneClusterImpl-a0fc024b-a492-45a5-9697-b0d14f72cb5c/datanode-9/data-0/containers/hdds/a0fc024b-a492-45a5-9697-b0d14f72cb5c/DS-c39179ae-62f0-416f-8500-3873941ab73f/container.db for volume DS-c39179ae-62f0-416f-8500-3873941ab73f
2024-02-22 20:33:35,565 [e780b093-7242-46d7-bd8f-0f810188c7b3-ContainerReader-0] INFO  ozoneimpl.ContainerReader (ContainerReader.java:readVolume(148)) - Start to verify containers on volume /home/runner/work/ozone/ozone/hadoop-ozone/integration-test/target/test-dir/MiniOzoneClusterImpl-a0fc024b-a492-45a5-9697-b0d14f72cb5c/datanode-9/data-0/containers/hdds
2024-02-22 20:33:35,565 [e780b093-7242-46d7-bd8f-0f810188c7b3-ContainerReader-0] INFO  ozoneimpl.ContainerReader (ContainerReader.java:readVolume(178)) - Finish verifying containers on volume /home/runner/work/ozone/ozone/hadoop-ozone/integration-test/target/test-dir/MiniOzoneClusterImpl-a0fc024b-a492-45a5-9697-b0d14f72cb5c/datanode-9/data-0/containers/hdds
2024-02-22 20:33:35,565 [e780b093-7242-46d7-bd8f-0f810188c7b3-EndpointStateMachineTaskThread-/0.0.0.0:15002-0 ] INFO  ozoneimpl.OzoneContainer (OzoneContainer.java:buildContainerSet(328)) - Build ContainerSet costs 0s
2024-02-22 20:33:35,566 [e780b093-7242-46d7-bd8f-0f810188c7b3-EndpointStateMachineTaskThread-/0.0.0.0:15002-0 ] INFO  volume.ThrottledAsyncChecker (ThrottledAsyncChecker.java:schedule(141)) - Scheduling a check for /home/runner/work/ozone/ozone/hadoop-ozone/integration-test/target/test-dir/MiniOzoneClusterImpl-a0fc024b-a492-45a5-9697-b0d14f72cb5c/datanode-9/data-0/containers/hdds
2024-02-22 20:33:35,568 [e780b093-7242-46d7-bd8f-0f810188c7b3-EndpointStateMachineTaskThread-/0.0.0.0:15002-0 ] INFO  volume.StorageVolumeChecker (StorageVolumeChecker.java:checkAllVolumes(218)) - Scheduled health check for volume /home/runner/work/ozone/ozone/hadoop-ozone/integration-test/target/test-dir/MiniOzoneClusterImpl-a0fc024b-a492-45a5-9697-b0d14f72cb5c/datanode-9/data-0/containers/hdds
2024-02-22 20:33:35,569 [e780b093-7242-46d7-bd8f-0f810188c7b3-EndpointStateMachineTaskThread-/0.0.0.0:15002-0 ] INFO  volume.ThrottledAsyncChecker (ThrottledAsyncChecker.java:schedule(141)) - Scheduling a check for /home/runner/work/ozone/ozone/hadoop-ozone/integration-test/target/test-dir/MiniOzoneClusterImpl-a0fc024b-a492-45a5-9697-b0d14f72cb5c/datanode-9/data/ratis
2024-02-22 20:33:35,569 [e780b093-7242-46d7-bd8f-0f810188c7b3-EndpointStateMachineTaskThread-/0.0.0.0:15002-0 ] INFO  volume.StorageVolumeChecker (StorageVolumeChecker.java:checkAllVolumes(218)) - Scheduled health check for volume /home/runner/work/ozone/ozone/hadoop-ozone/integration-test/target/test-dir/MiniOzoneClusterImpl-a0fc024b-a492-45a5-9697-b0d14f72cb5c/datanode-9/data/ratis
2024-02-22 20:33:35,570 [e780b093-7242-46d7-bd8f-0f810188c7b3-EndpointStateMachineTaskThread-/0.0.0.0:15002-0 ] INFO  ozoneimpl.OzoneContainer (OzoneContainer.java:start(459)) - Attempting to start container services.
2024-02-22 20:33:35,570 [e780b093-7242-46d7-bd8f-0f810188c7b3-EndpointStateMachineTaskThread-/0.0.0.0:15002-0 ] INFO  ozoneimpl.OzoneContainer (OzoneContainer.java:startContainerScrub(339)) - Scheduled background container scanners and the on-demand container scanner have been disabled.
2024-02-22 20:33:35,571 [e780b093-7242-46d7-bd8f-0f810188c7b3-EndpointStateMachineTaskThread-/0.0.0.0:15002-0 ] INFO  replication.ReplicationServer (ReplicationServer.java:start(140)) - ReplicationServer is started using port 15097
2024-02-22 20:33:35,571 [e780b093-7242-46d7-bd8f-0f810188c7b3-EndpointStateMachineTaskThread-/0.0.0.0:15002-0 ] INFO  ratis.XceiverServerRatis (XceiverServerRatis.java:start(566)) - Starting XceiverServerRatis e780b093-7242-46d7-bd8f-0f810188c7b3
2024-02-22 20:33:35,571 [e780b093-7242-46d7-bd8f-0f810188c7b3-EndpointStateMachineTaskThread-/0.0.0.0:15002-0 ] INFO  server.RaftServer (RaftServerProxy.java:startImpl(406)) - e780b093-7242-46d7-bd8f-0f810188c7b3: start RPC server
2024-02-22 20:33:35,572 [e780b093-7242-46d7-bd8f-0f810188c7b3-EndpointStateMachineTaskThread-/0.0.0.0:15002-0 ] INFO  server.GrpcService (GrpcService.java:startImpl(302)) - e780b093-7242-46d7-bd8f-0f810188c7b3: GrpcService started, listening on 15093
2024-02-22 20:33:35,572 [e780b093-7242-46d7-bd8f-0f810188c7b3-EndpointStateMachineTaskThread-/0.0.0.0:15002-0 ] INFO  server.GrpcService (GrpcService.java:startImpl(302)) - e780b093-7242-46d7-bd8f-0f810188c7b3: GrpcService started, listening on 15095
2024-02-22 20:33:35,573 [e780b093-7242-46d7-bd8f-0f810188c7b3-EndpointStateMachineTaskThread-/0.0.0.0:15002-0 ] INFO  server.GrpcService (GrpcService.java:startImpl(302)) - e780b093-7242-46d7-bd8f-0f810188c7b3: GrpcService started, listening on 15094
2024-02-22 20:33:35,573 [e780b093-7242-46d7-bd8f-0f810188c7b3-EndpointStateMachineTaskThread-/0.0.0.0:15002-0 ] INFO  ratis.XceiverServerRatis (XceiverServerRatis.java:getRealPort(592)) - XceiverServerRatis e780b093-7242-46d7-bd8f-0f810188c7b3 is started using port 15093 for RATIS
2024-02-22 20:33:35,573 [JvmPauseMonitor11] INFO  util.JvmPauseMonitor (JvmPauseMonitor.java:run(146)) - JvmPauseMonitor-e780b093-7242-46d7-bd8f-0f810188c7b3: Started
2024-02-22 20:33:35,573 [e780b093-7242-46d7-bd8f-0f810188c7b3-EndpointStateMachineTaskThread-/0.0.0.0:15002-0 ] INFO  ratis.XceiverServerRatis (XceiverServerRatis.java:getRealPort(592)) - XceiverServerRatis e780b093-7242-46d7-bd8f-0f810188c7b3 is started using port 15094 for RATIS_ADMIN
2024-02-22 20:33:35,573 [e780b093-7242-46d7-bd8f-0f810188c7b3-EndpointStateMachineTaskThread-/0.0.0.0:15002-0 ] INFO  ratis.XceiverServerRatis (XceiverServerRatis.java:getRealPort(592)) - XceiverServerRatis e780b093-7242-46d7-bd8f-0f810188c7b3 is started using port 15095 for RATIS_SERVER
2024-02-22 20:33:35,573 [e780b093-7242-46d7-bd8f-0f810188c7b3-EndpointStateMachineTaskThread-/0.0.0.0:15002-0 ] INFO  ratis.XceiverServerRatis (XceiverServerRatis.java:getRealPort(592)) - XceiverServerRatis e780b093-7242-46d7-bd8f-0f810188c7b3 is started using port 15096 for RATIS_DATASTREAM
2024-02-22 20:33:35,574 [e780b093-7242-46d7-bd8f-0f810188c7b3-BlockDeletingService#0] INFO  interfaces.ContainerDeletionChoosingPolicyTemplate (ContainerDeletionChoosingPolicyTemplate.java:chooseContainerForBlockDeletion(85)) - Chosen 0/5000 blocks from 0 candidate containers.
2024-02-22 20:33:36,302 [IPC Server handler 2 on default port 15002] INFO  net.NetworkTopologyImpl (NetworkTopologyImpl.java:add(124)) - Added a new node: /default-rack/e46a6e51-795f-4801-a523-c45a6c7f2c34
2024-02-22 20:33:36,305 [IPC Server handler 2 on default port 15002] INFO  node.SCMNodeManager (SCMNodeManager.java:register(421)) - Registered datanode: e46a6e51-795f-4801-a523-c45a6c7f2c34{ip: 10.1.0.33, host: fv-az779-213.k0faouyluq4u1aavuapgg5xmpb.cx.internal.cloudapp.net, ports: [HTTP=15009, CLIENT_RPC=15010, REPLICATION=15016, RATIS=15012, RATIS_ADMIN=15013, RATIS_SERVER=15014, RATIS_DATASTREAM=15015, STANDALONE=15011], networkLocation: /default-rack, certSerialId: null, persistedOpState: null, persistedOpStateExpiryEpochSec: 0}
2024-02-22 20:33:36,308 [EventQueue-NewNodeForNewNodeHandler] INFO  pipeline.BackgroundPipelineCreator (BackgroundPipelineCreator.java:notifyEventTriggered(280)) - trigger a one-shot run on RatisPipelineUtilsThread.
2024-02-22 20:33:36,309 [EventQueue-NodeRegistrationContainerReportForContainerSafeModeRule] INFO  safemode.SCMSafeModeManager (SCMSafeModeManager.java:validateSafeModeExitRules(200)) - ContainerSafeModeRule rule is successfully validated
2024-02-22 20:33:36,310 [EventQueue-NodeRegistrationContainerReportForDataNodeSafeModeRule] INFO  safemode.SCMSafeModeManager (DataNodeSafeModeRule.java:process(71)) - SCM in safe mode. 1 DataNodes registered, 3 required.
2024-02-22 20:33:36,313 [EventQueue-PipelineReportForOneReplicaPipelineSafeModeRule] INFO  safemode.SCMSafeModeManager (SCMSafeModeManager.java:validateSafeModeExitRules(200)) - AtleastOneDatanodeReportedRule rule is successfully validated
2024-02-22 20:33:36,315 [RatisPipelineUtilsThread-0] INFO  pipeline.RatisPipelineProvider (RatisPipelineProvider.java:lambda$create$0(205)) - Sending CreatePipelineCommand for pipeline:PipelineID=11a280ad-33a2-41da-bb9f-b95644be5767 to datanode:e46a6e51-795f-4801-a523-c45a6c7f2c34
2024-02-22 20:33:36,326 [RatisPipelineUtilsThread-0] INFO  pipeline.BackgroundPipelineCreator (BackgroundPipelineCreator.java:createPipelines(236)) - Created new pipeline Pipeline[ Id: 11a280ad-33a2-41da-bb9f-b95644be5767, Nodes: e46a6e51-795f-4801-a523-c45a6c7f2c34(fv-az779-213.k0faouyluq4u1aavuapgg5xmpb.cx.internal.cloudapp.net/10.1.0.33), ReplicationConfig: RATIS/ONE, State:ALLOCATED, leaderId:, CreationTimestamp2024-02-22T20:33:36.314Z[Etc/UTC]]
2024-02-22 20:33:36,434 [IPC Server handler 1 on default port 15002] INFO  net.NetworkTopologyImpl (NetworkTopologyImpl.java:add(124)) - Added a new node: /default-rack/923be64f-71f4-4891-b05d-82ff5a9df5b5
2024-02-22 20:33:36,434 [IPC Server handler 1 on default port 15002] INFO  node.SCMNodeManager (SCMNodeManager.java:register(421)) - Registered datanode: 923be64f-71f4-4891-b05d-82ff5a9df5b5{ip: 10.1.0.33, host: fv-az779-213.k0faouyluq4u1aavuapgg5xmpb.cx.internal.cloudapp.net, ports: [HTTP=15018, CLIENT_RPC=15019, REPLICATION=15025, RATIS=15021, RATIS_ADMIN=15022, RATIS_SERVER=15023, RATIS_DATASTREAM=15024, STANDALONE=15020], networkLocation: /default-rack, certSerialId: null, persistedOpState: null, persistedOpStateExpiryEpochSec: 0}
2024-02-22 20:33:36,434 [EventQueue-NodeRegistrationContainerReportForDataNodeSafeModeRule] INFO  safemode.SCMSafeModeManager (DataNodeSafeModeRule.java:process(71)) - SCM in safe mode. 2 DataNodes registered, 3 required.
2024-02-22 20:33:36,435 [EventQueue-NewNodeForNewNodeHandler] INFO  pipeline.BackgroundPipelineCreator (BackgroundPipelineCreator.java:notifyEventTriggered(280)) - trigger a one-shot run on RatisPipelineUtilsThread.
2024-02-22 20:33:36,436 [RatisPipelineUtilsThread-0] INFO  pipeline.RatisPipelineProvider (RatisPipelineProvider.java:lambda$create$0(205)) - Sending CreatePipelineCommand for pipeline:PipelineID=8d53b36c-f6a6-447d-b29e-f32933ec9abe to datanode:923be64f-71f4-4891-b05d-82ff5a9df5b5
2024-02-22 20:33:36,436 [RatisPipelineUtilsThread-0] INFO  pipeline.BackgroundPipelineCreator (BackgroundPipelineCreator.java:createPipelines(236)) - Created new pipeline Pipeline[ Id: 8d53b36c-f6a6-447d-b29e-f32933ec9abe, Nodes: 923be64f-71f4-4891-b05d-82ff5a9df5b5(fv-az779-213.k0faouyluq4u1aavuapgg5xmpb.cx.internal.cloudapp.net/10.1.0.33), ReplicationConfig: RATIS/ONE, State:ALLOCATED, leaderId:, CreationTimestamp2024-02-22T20:33:36.435Z[Etc/UTC]]
2024-02-22 20:33:36,539 [main] INFO  ozone.MiniOzoneClusterImpl (MiniOzoneClusterImpl.java:lambda$waitForClusterToBeReady$0(205)) - Waiting for nodes to be ready. Got 2 of 10 DN Heartbeats.
2024-02-22 20:33:36,539 [main] INFO  ozone.MiniOzoneClusterImpl (MiniOzoneClusterImpl.java:lambda$waitForClusterToBeReady$0(208)) - Waiting for cluster to exit safe mode
2024-02-22 20:33:36,540 [main] INFO  ozone.MiniOzoneClusterImpl (MiniOzoneClusterImpl.java:lambda$waitForClusterToBeReady$0(210)) - SCM became leader
2024-02-22 20:33:36,547 [IPC Server handler 4 on default port 15002] INFO  net.NetworkTopologyImpl (NetworkTopologyImpl.java:add(124)) - Added a new node: /default-rack/d25dc3b0-28fc-4383-b1a0-617845025f41
2024-02-22 20:33:36,548 [IPC Server handler 4 on default port 15002] INFO  node.SCMNodeManager (SCMNodeManager.java:register(421)) - Registered datanode: d25dc3b0-28fc-4383-b1a0-617845025f41{ip: 10.1.0.33, host: fv-az779-213.k0faouyluq4u1aavuapgg5xmpb.cx.internal.cloudapp.net, ports: [HTTP=15027, CLIENT_RPC=15028, REPLICATION=15034, RATIS=15030, RATIS_ADMIN=15031, RATIS_SERVER=15032, RATIS_DATASTREAM=15033, STANDALONE=15029], networkLocation: /default-rack, certSerialId: null, persistedOpState: null, persistedOpStateExpiryEpochSec: 0}
2024-02-22 20:33:36,548 [EventQueue-NodeRegistrationContainerReportForDataNodeSafeModeRule] INFO  safemode.SCMSafeModeManager (DataNodeSafeModeRule.java:process(71)) - SCM in safe mode. 3 DataNodes registered, 3 required.
2024-02-22 20:33:36,548 [EventQueue-NodeRegistrationContainerReportForDataNodeSafeModeRule] INFO  safemode.SCMSafeModeManager (SCMSafeModeManager.java:validateSafeModeExitRules(200)) - DataNodeSafeModeRule rule is successfully validated
2024-02-22 20:33:36,548 [EventQueue-NewNodeForNewNodeHandler] INFO  pipeline.BackgroundPipelineCreator (BackgroundPipelineCreator.java:notifyEventTriggered(280)) - trigger a one-shot run on RatisPipelineUtilsThread.
2024-02-22 20:33:36,549 [EventQueue-NodeRegistrationContainerReportForDataNodeSafeModeRule] INFO  safemode.SCMSafeModeManager (SCMSafeModeManager.java:completePreCheck(229)) - All SCM safe mode pre check rules have passed
2024-02-22 20:33:36,549 [EventQueue-NodeRegistrationContainerReportForDataNodeSafeModeRule] INFO  ha.SCMContext (SCMContext.java:updateSafeModeStatus(225)) - Update SafeModeStatus from SafeModeStatus{safeModeStatus=true, preCheckPassed=false} to SafeModeStatus{safeModeStatus=true, preCheckPassed=true}.
2024-02-22 20:33:36,549 [EventQueue-NodeRegistrationContainerReportForDataNodeSafeModeRule] INFO  pipeline.BackgroundPipelineCreator (BackgroundPipelineCreator.java:notifyEventTriggered(280)) - trigger a one-shot run on RatisPipelineUtilsThread.
2024-02-22 20:33:36,550 [RatisPipelineUtilsThread-0] INFO  pipeline.RatisPipelineProvider (RatisPipelineProvider.java:lambda$create$0(205)) - Sending CreatePipelineCommand for pipeline:PipelineID=cc9cefaf-0a91-48d6-879a-c38389527fef to datanode:d25dc3b0-28fc-4383-b1a0-617845025f41
2024-02-22 20:33:36,551 [RatisPipelineUtilsThread-0] INFO  pipeline.BackgroundPipelineCreator (BackgroundPipelineCreator.java:createPipelines(236)) - Created new pipeline Pipeline[ Id: cc9cefaf-0a91-48d6-879a-c38389527fef, Nodes: d25dc3b0-28fc-4383-b1a0-617845025f41(fv-az779-213.k0faouyluq4u1aavuapgg5xmpb.cx.internal.cloudapp.net/10.1.0.33), ReplicationConfig: RATIS/ONE, State:ALLOCATED, leaderId:, CreationTimestamp2024-02-22T20:33:36.549Z[Etc/UTC]]
2024-02-22 20:33:36,554 [RatisPipelineUtilsThread-0] INFO  pipeline.RatisPipelineProvider (RatisPipelineProvider.java:lambda$create$0(205)) - Sending CreatePipelineCommand for pipeline:PipelineID=fe00566f-73d9-496a-868e-5d786b606559 to datanode:923be64f-71f4-4891-b05d-82ff5a9df5b5
2024-02-22 20:33:36,554 [RatisPipelineUtilsThread-0] INFO  pipeline.RatisPipelineProvider (RatisPipelineProvider.java:lambda$create$0(205)) - Sending CreatePipelineCommand for pipeline:PipelineID=fe00566f-73d9-496a-868e-5d786b606559 to datanode:d25dc3b0-28fc-4383-b1a0-617845025f41
2024-02-22 20:33:36,554 [RatisPipelineUtilsThread-0] INFO  pipeline.RatisPipelineProvider (RatisPipelineProvider.java:lambda$create$0(205)) - Sending CreatePipelineCommand for pipeline:PipelineID=fe00566f-73d9-496a-868e-5d786b606559 to datanode:e46a6e51-795f-4801-a523-c45a6c7f2c34
2024-02-22 20:33:36,556 [RatisPipelineUtilsThread-0] INFO  pipeline.BackgroundPipelineCreator (BackgroundPipelineCreator.java:createPipelines(236)) - Created new pipeline Pipeline[ Id: fe00566f-73d9-496a-868e-5d786b606559, Nodes: 923be64f-71f4-4891-b05d-82ff5a9df5b5(fv-az779-213.k0faouyluq4u1aavuapgg5xmpb.cx.internal.cloudapp.net/10.1.0.33)d25dc3b0-28fc-4383-b1a0-617845025f41(fv-az779-213.k0faouyluq4u1aavuapgg5xmpb.cx.internal.cloudapp.net/10.1.0.33)e46a6e51-795f-4801-a523-c45a6c7f2c34(fv-az779-213.k0faouyluq4u1aavuapgg5xmpb.cx.internal.cloudapp.net/10.1.0.33), ReplicationConfig: RATIS/THREE, State:ALLOCATED, leaderId:, CreationTimestamp2024-02-22T20:33:36.554Z[Etc/UTC]]
2024-02-22 20:33:36,557 [RatisPipelineUtilsThread-0] INFO  pipeline.RatisPipelineProvider (RatisPipelineProvider.java:lambda$create$0(205)) - Sending CreatePipelineCommand for pipeline:PipelineID=06d574de-a9f9-4ab3-be46-2f189d2772ba to datanode:d25dc3b0-28fc-4383-b1a0-617845025f41
2024-02-22 20:33:36,557 [RatisPipelineUtilsThread-0] INFO  pipeline.RatisPipelineProvider (RatisPipelineProvider.java:lambda$create$0(205)) - Sending CreatePipelineCommand for pipeline:PipelineID=06d574de-a9f9-4ab3-be46-2f189d2772ba to datanode:e46a6e51-795f-4801-a523-c45a6c7f2c34
2024-02-22 20:33:36,557 [RatisPipelineUtilsThread-0] INFO  pipeline.RatisPipelineProvider (RatisPipelineProvider.java:lambda$create$0(205)) - Sending CreatePipelineCommand for pipeline:PipelineID=06d574de-a9f9-4ab3-be46-2f189d2772ba to datanode:923be64f-71f4-4891-b05d-82ff5a9df5b5
2024-02-22 20:33:36,558 [RatisPipelineUtilsThread-0] INFO  pipeline.PipelineManagerImpl (PipelineManagerImpl.java:recordMetricsForPipeline(916)) - Pipeline: PipelineID=06d574de-a9f9-4ab3-be46-2f189d2772ba contains same datanodes as previous pipelines: PipelineID=fe00566f-73d9-496a-868e-5d786b606559 nodeIds: d25dc3b0-28fc-4383-b1a0-617845025f41, e46a6e51-795f-4801-a523-c45a6c7f2c34, 923be64f-71f4-4891-b05d-82ff5a9df5b5
2024-02-22 20:33:36,558 [RatisPipelineUtilsThread-0] INFO  pipeline.BackgroundPipelineCreator (BackgroundPipelineCreator.java:createPipelines(236)) - Created new pipeline Pipeline[ Id: 06d574de-a9f9-4ab3-be46-2f189d2772ba, Nodes: d25dc3b0-28fc-4383-b1a0-617845025f41(fv-az779-213.k0faouyluq4u1aavuapgg5xmpb.cx.internal.cloudapp.net/10.1.0.33)e46a6e51-795f-4801-a523-c45a6c7f2c34(fv-az779-213.k0faouyluq4u1aavuapgg5xmpb.cx.internal.cloudapp.net/10.1.0.33)923be64f-71f4-4891-b05d-82ff5a9df5b5(fv-az779-213.k0faouyluq4u1aavuapgg5xmpb.cx.internal.cloudapp.net/10.1.0.33), ReplicationConfig: RATIS/THREE, State:ALLOCATED, leaderId:, CreationTimestamp2024-02-22T20:33:36.557Z[Etc/UTC]]
2024-02-22 20:33:36,745 [IPC Server handler 5 on default port 15002] INFO  net.NetworkTopologyImpl (NetworkTopologyImpl.java:add(124)) - Added a new node: /default-rack/4e8f68d6-fd98-4f77-87e3-715939181693
2024-02-22 20:33:36,746 [IPC Server handler 5 on default port 15002] INFO  node.SCMNodeManager (SCMNodeManager.java:register(421)) - Registered datanode: 4e8f68d6-fd98-4f77-87e3-715939181693{ip: 10.1.0.33, host: fv-az779-213.k0faouyluq4u1aavuapgg5xmpb.cx.internal.cloudapp.net, ports: [HTTP=15036, CLIENT_RPC=15037, REPLICATION=15043, RATIS=15039, RATIS_ADMIN=15040, RATIS_SERVER=15041, RATIS_DATASTREAM=15042, STANDALONE=15038], networkLocation: /default-rack, certSerialId: null, persistedOpState: null, persistedOpStateExpiryEpochSec: 0}
2024-02-22 20:33:36,747 [EventQueue-NewNodeForNewNodeHandler] INFO  pipeline.BackgroundPipelineCreator (BackgroundPipelineCreator.java:notifyEventTriggered(280)) - trigger a one-shot run on RatisPipelineUtilsThread.
2024-02-22 20:33:36,748 [RatisPipelineUtilsThread-0] INFO  pipeline.RatisPipelineProvider (RatisPipelineProvider.java:lambda$create$0(205)) - Sending CreatePipelineCommand for pipeline:PipelineID=b5bf6ad3-51f0-4337-a9ac-da1b62f9eae3 to datanode:4e8f68d6-fd98-4f77-87e3-715939181693
2024-02-22 20:33:36,749 [RatisPipelineUtilsThread-0] INFO  pipeline.BackgroundPipelineCreator (BackgroundPipelineCreator.java:createPipelines(236)) - Created new pipeline Pipeline[ Id: b5bf6ad3-51f0-4337-a9ac-da1b62f9eae3, Nodes: 4e8f68d6-fd98-4f77-87e3-715939181693(fv-az779-213.k0faouyluq4u1aavuapgg5xmpb.cx.internal.cloudapp.net/10.1.0.33), ReplicationConfig: RATIS/ONE, State:ALLOCATED, leaderId:, CreationTimestamp2024-02-22T20:33:36.748Z[Etc/UTC]]
2024-02-22 20:33:36,909 [IPC Server handler 6 on default port 15002] INFO  net.NetworkTopologyImpl (NetworkTopologyImpl.java:add(124)) - Added a new node: /default-rack/dc26353c-d48a-467d-89cd-3a7c4b626396
2024-02-22 20:33:36,910 [IPC Server handler 6 on default port 15002] INFO  node.SCMNodeManager (SCMNodeManager.java:register(421)) - Registered datanode: dc26353c-d48a-467d-89cd-3a7c4b626396{ip: 10.1.0.33, host: fv-az779-213.k0faouyluq4u1aavuapgg5xmpb.cx.internal.cloudapp.net, ports: [HTTP=15045, CLIENT_RPC=15046, REPLICATION=15052, RATIS=15048, RATIS_ADMIN=15049, RATIS_SERVER=15050, RATIS_DATASTREAM=15051, STANDALONE=15047], networkLocation: /default-rack, certSerialId: null, persistedOpState: null, persistedOpStateExpiryEpochSec: 0}
2024-02-22 20:33:36,910 [EventQueue-NewNodeForNewNodeHandler] INFO  pipeline.BackgroundPipelineCreator (BackgroundPipelineCreator.java:notifyEventTriggered(280)) - trigger a one-shot run on RatisPipelineUtilsThread.
2024-02-22 20:33:36,911 [RatisPipelineUtilsThread-0] INFO  pipeline.RatisPipelineProvider (RatisPipelineProvider.java:lambda$create$0(205)) - Sending CreatePipelineCommand for pipeline:PipelineID=b3c4fde0-a36a-432c-b3ef-f1c03574d52d to datanode:dc26353c-d48a-467d-89cd-3a7c4b626396
2024-02-22 20:33:36,913 [RatisPipelineUtilsThread-0] INFO  pipeline.BackgroundPipelineCreator (BackgroundPipelineCreator.java:createPipelines(236)) - Created new pipeline Pipeline[ Id: b3c4fde0-a36a-432c-b3ef-f1c03574d52d, Nodes: dc26353c-d48a-467d-89cd-3a7c4b626396(fv-az779-213.k0faouyluq4u1aavuapgg5xmpb.cx.internal.cloudapp.net/10.1.0.33), ReplicationConfig: RATIS/ONE, State:ALLOCATED, leaderId:, CreationTimestamp2024-02-22T20:33:36.911Z[Etc/UTC]]
2024-02-22 20:33:37,048 [IPC Server handler 9 on default port 15002] INFO  net.NetworkTopologyImpl (NetworkTopologyImpl.java:add(124)) - Added a new node: /default-rack/86ab988c-fa9c-425d-a1c6-9004ff7fd93d
2024-02-22 20:33:37,049 [IPC Server handler 9 on default port 15002] INFO  node.SCMNodeManager (SCMNodeManager.java:register(421)) - Registered datanode: 86ab988c-fa9c-425d-a1c6-9004ff7fd93d{ip: 10.1.0.33, host: fv-az779-213.k0faouyluq4u1aavuapgg5xmpb.cx.internal.cloudapp.net, ports: [HTTP=15054, CLIENT_RPC=15055, REPLICATION=15061, RATIS=15057, RATIS_ADMIN=15058, RATIS_SERVER=15059, RATIS_DATASTREAM=15060, STANDALONE=15056], networkLocation: /default-rack, certSerialId: null, persistedOpState: null, persistedOpStateExpiryEpochSec: 0}
2024-02-22 20:33:37,049 [EventQueue-NewNodeForNewNodeHandler] INFO  pipeline.BackgroundPipelineCreator (BackgroundPipelineCreator.java:notifyEventTriggered(280)) - trigger a one-shot run on RatisPipelineUtilsThread.
2024-02-22 20:33:37,049 [RatisPipelineUtilsThread-0] INFO  pipeline.RatisPipelineProvider (RatisPipelineProvider.java:lambda$create$0(205)) - Sending CreatePipelineCommand for pipeline:PipelineID=3658265f-c295-4862-ab84-41a8147a3383 to datanode:86ab988c-fa9c-425d-a1c6-9004ff7fd93d
2024-02-22 20:33:37,051 [RatisPipelineUtilsThread-0] INFO  pipeline.BackgroundPipelineCreator (BackgroundPipelineCreator.java:createPipelines(236)) - Created new pipeline Pipeline[ Id: 3658265f-c295-4862-ab84-41a8147a3383, Nodes: 86ab988c-fa9c-425d-a1c6-9004ff7fd93d(fv-az779-213.k0faouyluq4u1aavuapgg5xmpb.cx.internal.cloudapp.net/10.1.0.33), ReplicationConfig: RATIS/ONE, State:ALLOCATED, leaderId:, CreationTimestamp2024-02-22T20:33:37.049Z[Etc/UTC]]
2024-02-22 20:33:37,052 [RatisPipelineUtilsThread-0] INFO  pipeline.RatisPipelineProvider (RatisPipelineProvider.java:lambda$create$0(205)) - Sending CreatePipelineCommand for pipeline:PipelineID=d5bd5305-e788-403f-b58f-dd233808b888 to datanode:86ab988c-fa9c-425d-a1c6-9004ff7fd93d
2024-02-22 20:33:37,052 [RatisPipelineUtilsThread-0] INFO  pipeline.RatisPipelineProvider (RatisPipelineProvider.java:lambda$create$0(205)) - Sending CreatePipelineCommand for pipeline:PipelineID=d5bd5305-e788-403f-b58f-dd233808b888 to datanode:dc26353c-d48a-467d-89cd-3a7c4b626396
2024-02-22 20:33:37,052 [RatisPipelineUtilsThread-0] INFO  pipeline.RatisPipelineProvider (RatisPipelineProvider.java:lambda$create$0(205)) - Sending CreatePipelineCommand for pipeline:PipelineID=d5bd5305-e788-403f-b58f-dd233808b888 to datanode:4e8f68d6-fd98-4f77-87e3-715939181693
2024-02-22 20:33:37,053 [RatisPipelineUtilsThread-0] INFO  pipeline.BackgroundPipelineCreator (BackgroundPipelineCreator.java:createPipelines(236)) - Created new pipeline Pipeline[ Id: d5bd5305-e788-403f-b58f-dd233808b888, Nodes: 86ab988c-fa9c-425d-a1c6-9004ff7fd93d(fv-az779-213.k0faouyluq4u1aavuapgg5xmpb.cx.internal.cloudapp.net/10.1.0.33)dc26353c-d48a-467d-89cd-3a7c4b626396(fv-az779-213.k0faouyluq4u1aavuapgg5xmpb.cx.internal.cloudapp.net/10.1.0.33)4e8f68d6-fd98-4f77-87e3-715939181693(fv-az779-213.k0faouyluq4u1aavuapgg5xmpb.cx.internal.cloudapp.net/10.1.0.33), ReplicationConfig: RATIS/THREE, State:ALLOCATED, leaderId:, CreationTimestamp2024-02-22T20:33:37.052Z[Etc/UTC]]
2024-02-22 20:33:37,055 [RatisPipelineUtilsThread-0] INFO  pipeline.RatisPipelineProvider (RatisPipelineProvider.java:lambda$create$0(205)) - Sending CreatePipelineCommand for pipeline:PipelineID=8e592c52-1f2d-49c6-9232-89543cf42d33 to datanode:86ab988c-fa9c-425d-a1c6-9004ff7fd93d
2024-02-22 20:33:37,055 [RatisPipelineUtilsThread-0] INFO  pipeline.RatisPipelineProvider (RatisPipelineProvider.java:lambda$create$0(205)) - Sending CreatePipelineCommand for pipeline:PipelineID=8e592c52-1f2d-49c6-9232-89543cf42d33 to datanode:dc26353c-d48a-467d-89cd-3a7c4b626396
2024-02-22 20:33:37,055 [RatisPipelineUtilsThread-0] INFO  pipeline.RatisPipelineProvider (RatisPipelineProvider.java:lambda$create$0(205)) - Sending CreatePipelineCommand for pipeline:PipelineID=8e592c52-1f2d-49c6-9232-89543cf42d33 to datanode:4e8f68d6-fd98-4f77-87e3-715939181693
2024-02-22 20:33:37,056 [RatisPipelineUtilsThread-0] INFO  pipeline.PipelineManagerImpl (PipelineManagerImpl.java:recordMetricsForPipeline(916)) - Pipeline: PipelineID=8e592c52-1f2d-49c6-9232-89543cf42d33 contains same datanodes as previous pipelines: PipelineID=d5bd5305-e788-403f-b58f-dd233808b888 nodeIds: 86ab988c-fa9c-425d-a1c6-9004ff7fd93d, dc26353c-d48a-467d-89cd-3a7c4b626396, 4e8f68d6-fd98-4f77-87e3-715939181693
2024-02-22 20:33:37,056 [RatisPipelineUtilsThread-0] INFO  pipeline.BackgroundPipelineCreator (BackgroundPipelineCreator.java:createPipelines(236)) - Created new pipeline Pipeline[ Id: 8e592c52-1f2d-49c6-9232-89543cf42d33, Nodes: 86ab988c-fa9c-425d-a1c6-9004ff7fd93d(fv-az779-213.k0faouyluq4u1aavuapgg5xmpb.cx.internal.cloudapp.net/10.1.0.33)dc26353c-d48a-467d-89cd-3a7c4b626396(fv-az779-213.k0faouyluq4u1aavuapgg5xmpb.cx.internal.cloudapp.net/10.1.0.33)4e8f68d6-fd98-4f77-87e3-715939181693(fv-az779-213.k0faouyluq4u1aavuapgg5xmpb.cx.internal.cloudapp.net/10.1.0.33), ReplicationConfig: RATIS/THREE, State:ALLOCATED, leaderId:, CreationTimestamp2024-02-22T20:33:37.055Z[Etc/UTC]]
2024-02-22 20:33:37,192 [IPC Server handler 7 on default port 15002] INFO  net.NetworkTopologyImpl (NetworkTopologyImpl.java:add(124)) - Added a new node: /default-rack/c30fedce-f286-40e0-881d-3d5a9a6e2463
2024-02-22 20:33:37,193 [IPC Server handler 7 on default port 15002] INFO  node.SCMNodeManager (SCMNodeManager.java:register(421)) - Registered datanode: c30fedce-f286-40e0-881d-3d5a9a6e2463{ip: 10.1.0.33, host: fv-az779-213.k0faouyluq4u1aavuapgg5xmpb.cx.internal.cloudapp.net, ports: [HTTP=15063, CLIENT_RPC=15064, REPLICATION=15070, RATIS=15066, RATIS_ADMIN=15067, RATIS_SERVER=15068, RATIS_DATASTREAM=15069, STANDALONE=15065], networkLocation: /default-rack, certSerialId: null, persistedOpState: null, persistedOpStateExpiryEpochSec: 0}
2024-02-22 20:33:37,194 [EventQueue-NewNodeForNewNodeHandler] INFO  pipeline.BackgroundPipelineCreator (BackgroundPipelineCreator.java:notifyEventTriggered(280)) - trigger a one-shot run on RatisPipelineUtilsThread.
2024-02-22 20:33:37,195 [RatisPipelineUtilsThread-0] INFO  pipeline.RatisPipelineProvider (RatisPipelineProvider.java:lambda$create$0(205)) - Sending CreatePipelineCommand for pipeline:PipelineID=16bbfbff-f11d-450e-97a4-ea994a47de23 to datanode:c30fedce-f286-40e0-881d-3d5a9a6e2463
2024-02-22 20:33:37,196 [RatisPipelineUtilsThread-0] INFO  pipeline.BackgroundPipelineCreator (BackgroundPipelineCreator.java:createPipelines(236)) - Created new pipeline Pipeline[ Id: 16bbfbff-f11d-450e-97a4-ea994a47de23, Nodes: c30fedce-f286-40e0-881d-3d5a9a6e2463(fv-az779-213.k0faouyluq4u1aavuapgg5xmpb.cx.internal.cloudapp.net/10.1.0.33), ReplicationConfig: RATIS/ONE, State:ALLOCATED, leaderId:, CreationTimestamp2024-02-22T20:33:37.195Z[Etc/UTC]]
2024-02-22 20:33:37,309 [IPC Server handler 2 on default port 15002] INFO  net.NetworkTopologyImpl (NetworkTopologyImpl.java:add(124)) - Added a new node: /default-rack/13f92446-3b18-4d81-bc66-0f9b00220e72
2024-02-22 20:33:37,310 [IPC Server handler 2 on default port 15002] INFO  node.SCMNodeManager (SCMNodeManager.java:register(421)) - Registered datanode: 13f92446-3b18-4d81-bc66-0f9b00220e72{ip: 10.1.0.33, host: fv-az779-213.k0faouyluq4u1aavuapgg5xmpb.cx.internal.cloudapp.net, ports: [HTTP=15072, CLIENT_RPC=15073, REPLICATION=15079, RATIS=15075, RATIS_ADMIN=15076, RATIS_SERVER=15077, RATIS_DATASTREAM=15078, STANDALONE=15074], networkLocation: /default-rack, certSerialId: null, persistedOpState: null, persistedOpStateExpiryEpochSec: 0}
2024-02-22 20:33:37,310 [EventQueue-NewNodeForNewNodeHandler] INFO  pipeline.BackgroundPipelineCreator (BackgroundPipelineCreator.java:notifyEventTriggered(280)) - trigger a one-shot run on RatisPipelineUtilsThread.
2024-02-22 20:33:37,310 [RatisPipelineUtilsThread-0] INFO  pipeline.RatisPipelineProvider (RatisPipelineProvider.java:lambda$create$0(205)) - Sending CreatePipelineCommand for pipeline:PipelineID=d218b5b2-1780-4e0a-a27d-ef19ab1be06f to datanode:13f92446-3b18-4d81-bc66-0f9b00220e72
2024-02-22 20:33:37,312 [RatisPipelineUtilsThread-0] INFO  pipeline.BackgroundPipelineCreator (BackgroundPipelineCreator.java:createPipelines(236)) - Created new pipeline Pipeline[ Id: d218b5b2-1780-4e0a-a27d-ef19ab1be06f, Nodes: 13f92446-3b18-4d81-bc66-0f9b00220e72(fv-az779-213.k0faouyluq4u1aavuapgg5xmpb.cx.internal.cloudapp.net/10.1.0.33), ReplicationConfig: RATIS/ONE, State:ALLOCATED, leaderId:, CreationTimestamp2024-02-22T20:33:37.310Z[Etc/UTC]]
2024-02-22 20:33:37,439 [IPC Server handler 3 on default port 15002] INFO  net.NetworkTopologyImpl (NetworkTopologyImpl.java:add(124)) - Added a new node: /default-rack/78f89d9b-e409-4704-890b-bfcfbcdfd28a
2024-02-22 20:33:37,439 [IPC Server handler 3 on default port 15002] INFO  node.SCMNodeManager (SCMNodeManager.java:register(421)) - Registered datanode: 78f89d9b-e409-4704-890b-bfcfbcdfd28a{ip: 10.1.0.33, host: fv-az779-213.k0faouyluq4u1aavuapgg5xmpb.cx.internal.cloudapp.net, ports: [HTTP=15081, CLIENT_RPC=15082, REPLICATION=15088, RATIS=15084, RATIS_ADMIN=15085, RATIS_SERVER=15086, RATIS_DATASTREAM=15087, STANDALONE=15083], networkLocation: /default-rack, certSerialId: null, persistedOpState: null, persistedOpStateExpiryEpochSec: 0}
2024-02-22 20:33:37,440 [EventQueue-NewNodeForNewNodeHandler] INFO  pipeline.BackgroundPipelineCreator (BackgroundPipelineCreator.java:notifyEventTriggered(280)) - trigger a one-shot run on RatisPipelineUtilsThread.
2024-02-22 20:33:37,440 [RatisPipelineUtilsThread-0] INFO  pipeline.RatisPipelineProvider (RatisPipelineProvider.java:lambda$create$0(205)) - Sending CreatePipelineCommand for pipeline:PipelineID=ff667ce8-dec9-4649-ae60-24226a001283 to datanode:78f89d9b-e409-4704-890b-bfcfbcdfd28a
2024-02-22 20:33:37,442 [RatisPipelineUtilsThread-0] INFO  pipeline.BackgroundPipelineCreator (BackgroundPipelineCreator.java:createPipelines(236)) - Created new pipeline Pipeline[ Id: ff667ce8-dec9-4649-ae60-24226a001283, Nodes: 78f89d9b-e409-4704-890b-bfcfbcdfd28a(fv-az779-213.k0faouyluq4u1aavuapgg5xmpb.cx.internal.cloudapp.net/10.1.0.33), ReplicationConfig: RATIS/ONE, State:ALLOCATED, leaderId:, CreationTimestamp2024-02-22T20:33:37.440Z[Etc/UTC]]
2024-02-22 20:33:37,442 [RatisPipelineUtilsThread-0] INFO  pipeline.RatisPipelineProvider (RatisPipelineProvider.java:lambda$create$0(205)) - Sending CreatePipelineCommand for pipeline:PipelineID=d49f5e63-9859-43c9-95b6-b58ed9299b6f to datanode:13f92446-3b18-4d81-bc66-0f9b00220e72
2024-02-22 20:33:37,443 [RatisPipelineUtilsThread-0] INFO  pipeline.RatisPipelineProvider (RatisPipelineProvider.java:lambda$create$0(205)) - Sending CreatePipelineCommand for pipeline:PipelineID=d49f5e63-9859-43c9-95b6-b58ed9299b6f to datanode:78f89d9b-e409-4704-890b-bfcfbcdfd28a
2024-02-22 20:33:37,443 [RatisPipelineUtilsThread-0] INFO  pipeline.RatisPipelineProvider (RatisPipelineProvider.java:lambda$create$0(205)) - Sending CreatePipelineCommand for pipeline:PipelineID=d49f5e63-9859-43c9-95b6-b58ed9299b6f to datanode:c30fedce-f286-40e0-881d-3d5a9a6e2463
2024-02-22 20:33:37,444 [RatisPipelineUtilsThread-0] INFO  pipeline.BackgroundPipelineCreator (BackgroundPipelineCreator.java:createPipelines(236)) - Created new pipeline Pipeline[ Id: d49f5e63-9859-43c9-95b6-b58ed9299b6f, Nodes: 13f92446-3b18-4d81-bc66-0f9b00220e72(fv-az779-213.k0faouyluq4u1aavuapgg5xmpb.cx.internal.cloudapp.net/10.1.0.33)78f89d9b-e409-4704-890b-bfcfbcdfd28a(fv-az779-213.k0faouyluq4u1aavuapgg5xmpb.cx.internal.cloudapp.net/10.1.0.33)c30fedce-f286-40e0-881d-3d5a9a6e2463(fv-az779-213.k0faouyluq4u1aavuapgg5xmpb.cx.internal.cloudapp.net/10.1.0.33), ReplicationConfig: RATIS/THREE, State:ALLOCATED, leaderId:, CreationTimestamp2024-02-22T20:33:37.442Z[Etc/UTC]]
2024-02-22 20:33:37,445 [RatisPipelineUtilsThread-0] INFO  pipeline.RatisPipelineProvider (RatisPipelineProvider.java:lambda$create$0(205)) - Sending CreatePipelineCommand for pipeline:PipelineID=974fd487-4b0f-4554-8c0f-c4bff782ab50 to datanode:78f89d9b-e409-4704-890b-bfcfbcdfd28a
2024-02-22 20:33:37,445 [RatisPipelineUtilsThread-0] INFO  pipeline.RatisPipelineProvider (RatisPipelineProvider.java:lambda$create$0(205)) - Sending CreatePipelineCommand for pipeline:PipelineID=974fd487-4b0f-4554-8c0f-c4bff782ab50 to datanode:c30fedce-f286-40e0-881d-3d5a9a6e2463
2024-02-22 20:33:37,445 [RatisPipelineUtilsThread-0] INFO  pipeline.RatisPipelineProvider (RatisPipelineProvider.java:lambda$create$0(205)) - Sending CreatePipelineCommand for pipeline:PipelineID=974fd487-4b0f-4554-8c0f-c4bff782ab50 to datanode:13f92446-3b18-4d81-bc66-0f9b00220e72
2024-02-22 20:33:37,446 [RatisPipelineUtilsThread-0] INFO  pipeline.PipelineManagerImpl (PipelineManagerImpl.java:recordMetricsForPipeline(916)) - Pipeline: PipelineID=974fd487-4b0f-4554-8c0f-c4bff782ab50 contains same datanodes as previous pipelines: PipelineID=d49f5e63-9859-43c9-95b6-b58ed9299b6f nodeIds: 78f89d9b-e409-4704-890b-bfcfbcdfd28a, c30fedce-f286-40e0-881d-3d5a9a6e2463, 13f92446-3b18-4d81-bc66-0f9b00220e72
2024-02-22 20:33:37,447 [RatisPipelineUtilsThread-0] INFO  pipeline.BackgroundPipelineCreator (BackgroundPipelineCreator.java:createPipelines(236)) - Created new pipeline Pipeline[ Id: 974fd487-4b0f-4554-8c0f-c4bff782ab50, Nodes: 78f89d9b-e409-4704-890b-bfcfbcdfd28a(fv-az779-213.k0faouyluq4u1aavuapgg5xmpb.cx.internal.cloudapp.net/10.1.0.33)c30fedce-f286-40e0-881d-3d5a9a6e2463(fv-az779-213.k0faouyluq4u1aavuapgg5xmpb.cx.internal.cloudapp.net/10.1.0.33)13f92446-3b18-4d81-bc66-0f9b00220e72(fv-az779-213.k0faouyluq4u1aavuapgg5xmpb.cx.internal.cloudapp.net/10.1.0.33), ReplicationConfig: RATIS/THREE, State:ALLOCATED, leaderId:, CreationTimestamp2024-02-22T20:33:37.445Z[Etc/UTC]]
2024-02-22 20:33:37,540 [main] INFO  ozone.MiniOzoneClusterImpl (MiniOzoneClusterImpl.java:lambda$waitForClusterToBeReady$0(205)) - Waiting for nodes to be ready. Got 9 of 10 DN Heartbeats.
2024-02-22 20:33:37,541 [main] INFO  ozone.MiniOzoneClusterImpl (MiniOzoneClusterImpl.java:lambda$waitForClusterToBeReady$0(208)) - Waiting for cluster to exit safe mode
2024-02-22 20:33:37,542 [main] INFO  ozone.MiniOzoneClusterImpl (MiniOzoneClusterImpl.java:lambda$waitForClusterToBeReady$0(210)) - SCM became leader
2024-02-22 20:33:37,547 [IPC Server handler 4 on default port 15002] INFO  net.NetworkTopologyImpl (NetworkTopologyImpl.java:add(124)) - Added a new node: /default-rack/e780b093-7242-46d7-bd8f-0f810188c7b3
2024-02-22 20:33:37,547 [IPC Server handler 4 on default port 15002] INFO  node.SCMNodeManager (SCMNodeManager.java:register(421)) - Registered datanode: e780b093-7242-46d7-bd8f-0f810188c7b3{ip: 10.1.0.33, host: fv-az779-213.k0faouyluq4u1aavuapgg5xmpb.cx.internal.cloudapp.net, ports: [HTTP=15090, CLIENT_RPC=15091, REPLICATION=15097, RATIS=15093, RATIS_ADMIN=15094, RATIS_SERVER=15095, RATIS_DATASTREAM=15096, STANDALONE=15092], networkLocation: /default-rack, certSerialId: null, persistedOpState: null, persistedOpStateExpiryEpochSec: 0}
2024-02-22 20:33:37,548 [EventQueue-NewNodeForNewNodeHandler] INFO  pipeline.BackgroundPipelineCreator (BackgroundPipelineCreator.java:notifyEventTriggered(280)) - trigger a one-shot run on RatisPipelineUtilsThread.
2024-02-22 20:33:37,548 [RatisPipelineUtilsThread-0] INFO  pipeline.RatisPipelineProvider (RatisPipelineProvider.java:lambda$create$0(205)) - Sending CreatePipelineCommand for pipeline:PipelineID=bcc14677-48a1-4052-9632-383c4aad3a78 to datanode:e780b093-7242-46d7-bd8f-0f810188c7b3
2024-02-22 20:33:37,550 [RatisPipelineUtilsThread-0] INFO  pipeline.BackgroundPipelineCreator (BackgroundPipelineCreator.java:createPipelines(236)) - Created new pipeline Pipeline[ Id: bcc14677-48a1-4052-9632-383c4aad3a78, Nodes: e780b093-7242-46d7-bd8f-0f810188c7b3(fv-az779-213.k0faouyluq4u1aavuapgg5xmpb.cx.internal.cloudapp.net/10.1.0.33), ReplicationConfig: RATIS/ONE, State:ALLOCATED, leaderId:, CreationTimestamp2024-02-22T20:33:37.548Z[Etc/UTC]]
2024-02-22 20:33:37,873 [EventQueue-StaleNodeForStaleNodeHandler] INFO  node.StaleNodeHandler (StaleNodeHandler.java:onMessage(57)) - Datanode e46a6e51-795f-4801-a523-c45a6c7f2c34(fv-az779-213.k0faouyluq4u1aavuapgg5xmpb.cx.internal.cloudapp.net/10.1.0.33) moved to stale state. Finalizing its pipelines [PipelineID=06d574de-a9f9-4ab3-be46-2f189d2772ba, PipelineID=fe00566f-73d9-496a-868e-5d786b606559, PipelineID=11a280ad-33a2-41da-bb9f-b95644be5767]
2024-02-22 20:33:37,875 [EventQueue-StaleNodeForStaleNodeHandler] INFO  pipeline.PipelineManagerImpl (PipelineManagerImpl.java:closePipeline(518)) - Pipeline PipelineID=06d574de-a9f9-4ab3-be46-2f189d2772ba moved to CLOSED state
2024-02-22 20:33:37,875 [EventQueue-StaleNodeForStaleNodeHandler] INFO  pipeline.PipelineManagerImpl (PipelineManagerImpl.java:closePipeline(518)) - Pipeline PipelineID=fe00566f-73d9-496a-868e-5d786b606559 moved to CLOSED state
2024-02-22 20:33:37,876 [EventQueue-StaleNodeForStaleNodeHandler] INFO  pipeline.PipelineManagerImpl (PipelineManagerImpl.java:closePipeline(518)) - Pipeline PipelineID=11a280ad-33a2-41da-bb9f-b95644be5767 moved to CLOSED state
2024-02-22 20:33:37,973 [EventQueue-StaleNodeForStaleNodeHandler] INFO  node.StaleNodeHandler (StaleNodeHandler.java:onMessage(57)) - Datanode 923be64f-71f4-4891-b05d-82ff5a9df5b5(fv-az779-213.k0faouyluq4u1aavuapgg5xmpb.cx.internal.cloudapp.net/10.1.0.33) moved to stale state. Finalizing its pipelines [PipelineID=8d53b36c-f6a6-447d-b29e-f32933ec9abe, PipelineID=06d574de-a9f9-4ab3-be46-2f189d2772ba, PipelineID=fe00566f-73d9-496a-868e-5d786b606559]
2024-02-22 20:33:37,974 [EventQueue-StaleNodeForStaleNodeHandler] INFO  pipeline.PipelineManagerImpl (PipelineManagerImpl.java:closePipeline(518)) - Pipeline PipelineID=8d53b36c-f6a6-447d-b29e-f32933ec9abe moved to CLOSED state
2024-02-22 20:33:38,073 [EventQueue-StaleNodeForStaleNodeHandler] INFO  node.StaleNodeHandler (StaleNodeHandler.java:onMessage(57)) - Datanode d25dc3b0-28fc-4383-b1a0-617845025f41(fv-az779-213.k0faouyluq4u1aavuapgg5xmpb.cx.internal.cloudapp.net/10.1.0.33) moved to stale state. Finalizing its pipelines [PipelineID=cc9cefaf-0a91-48d6-879a-c38389527fef, PipelineID=06d574de-a9f9-4ab3-be46-2f189d2772ba, PipelineID=fe00566f-73d9-496a-868e-5d786b606559]
2024-02-22 20:33:38,074 [EventQueue-StaleNodeForStaleNodeHandler] INFO  pipeline.PipelineManagerImpl (PipelineManagerImpl.java:closePipeline(518)) - Pipeline PipelineID=cc9cefaf-0a91-48d6-879a-c38389527fef moved to CLOSED state
2024-02-22 20:33:38,274 [EventQueue-StaleNodeForStaleNodeHandler] INFO  node.StaleNodeHandler (StaleNodeHandler.java:onMessage(57)) - Datanode 4e8f68d6-fd98-4f77-87e3-715939181693(fv-az779-213.k0faouyluq4u1aavuapgg5xmpb.cx.internal.cloudapp.net/10.1.0.33) moved to stale state. Finalizing its pipelines [PipelineID=8e592c52-1f2d-49c6-9232-89543cf42d33, PipelineID=d5bd5305-e788-403f-b58f-dd233808b888, PipelineID=b5bf6ad3-51f0-4337-a9ac-da1b62f9eae3]
2024-02-22 20:33:38,275 [EventQueue-StaleNodeForStaleNodeHandler] INFO  pipeline.PipelineManagerImpl (PipelineManagerImpl.java:closePipeline(518)) - Pipeline PipelineID=8e592c52-1f2d-49c6-9232-89543cf42d33 moved to CLOSED state
2024-02-22 20:33:38,275 [EventQueue-StaleNodeForStaleNodeHandler] INFO  pipeline.PipelineManagerImpl (PipelineManagerImpl.java:closePipeline(518)) - Pipeline PipelineID=d5bd5305-e788-403f-b58f-dd233808b888 moved to CLOSED state
2024-02-22 20:33:38,278 [EventQueue-StaleNodeForStaleNodeHandler] INFO  pipeline.PipelineManagerImpl (PipelineManagerImpl.java:closePipeline(518)) - Pipeline PipelineID=b5bf6ad3-51f0-4337-a9ac-da1b62f9eae3 moved to CLOSED state
2024-02-22 20:33:38,374 [EventQueue-HealthyReadonlyNodeForHealthyReadOnlyNodeHandler] INFO  node.HealthyReadOnlyNodeHandler (HealthyReadOnlyNodeHandler.java:onMessage(55)) - Datanode e46a6e51-795f-4801-a523-c45a6c7f2c34(fv-az779-213.k0faouyluq4u1aavuapgg5xmpb.cx.internal.cloudapp.net/10.1.0.33) moved to HEALTHY READONLY state.
2024-02-22 20:33:38,374 [EventQueue-HealthyReadonlyNodeForHealthyReadOnlyNodeHandler] INFO  node.HealthyReadOnlyNodeHandler (HealthyReadOnlyNodeHandler.java:onMessage(87)) - Sending close command for pipeline PipelineID=06d574de-a9f9-4ab3-be46-2f189d2772ba in state CLOSED which uses HEALTHY_READONLY datanode e46a6e51-795f-4801-a523-c45a6c7f2c34. This will send close commands for its containers.
2024-02-22 20:33:38,374 [EventQueue-HealthyReadonlyNodeForHealthyReadOnlyNodeHandler] INFO  node.HealthyReadOnlyNodeHandler (HealthyReadOnlyNodeHandler.java:onMessage(87)) - Sending close command for pipeline PipelineID=fe00566f-73d9-496a-868e-5d786b606559 in state CLOSED which uses HEALTHY_READONLY datanode e46a6e51-795f-4801-a523-c45a6c7f2c34. This will send close commands for its containers.
2024-02-22 20:33:38,374 [EventQueue-HealthyReadonlyNodeForHealthyReadOnlyNodeHandler] INFO  node.HealthyReadOnlyNodeHandler (HealthyReadOnlyNodeHandler.java:onMessage(87)) - Sending close command for pipeline PipelineID=11a280ad-33a2-41da-bb9f-b95644be5767 in state CLOSED which uses HEALTHY_READONLY datanode e46a6e51-795f-4801-a523-c45a6c7f2c34. This will send close commands for its containers.
2024-02-22 20:33:38,434 [ReplicationMonitor] INFO  replication.ReplicationManager (ReplicationManager.java:processAll(370)) - Replication Manager is not ready to run until 3000ms after safemode exit
2024-02-22 20:33:38,474 [EventQueue-HealthyReadonlyToHealthyNodeForReadOnlyHealthyToHealthyNodeHandler] INFO  node.ReadOnlyHealthyToHealthyNodeHandler (ReadOnlyHealthyToHealthyNodeHandler.java:onMessage(51)) - Datanode e46a6e51-795f-4801-a523-c45a6c7f2c34(fv-az779-213.k0faouyluq4u1aavuapgg5xmpb.cx.internal.cloudapp.net/10.1.0.33) moved to HEALTHY state.
2024-02-22 20:33:38,474 [EventQueue-StaleNodeForStaleNodeHandler] INFO  node.StaleNodeHandler (StaleNodeHandler.java:onMessage(57)) - Datanode dc26353c-d48a-467d-89cd-3a7c4b626396(fv-az779-213.k0faouyluq4u1aavuapgg5xmpb.cx.internal.cloudapp.net/10.1.0.33) moved to stale state. Finalizing its pipelines [PipelineID=8e592c52-1f2d-49c6-9232-89543cf42d33, PipelineID=d5bd5305-e788-403f-b58f-dd233808b888, PipelineID=b3c4fde0-a36a-432c-b3ef-f1c03574d52d]
2024-02-22 20:33:38,474 [EventQueue-HealthyReadonlyNodeForHealthyReadOnlyNodeHandler] INFO  node.HealthyReadOnlyNodeHandler (HealthyReadOnlyNodeHandler.java:onMessage(55)) - Datanode 923be64f-71f4-4891-b05d-82ff5a9df5b5(fv-az779-213.k0faouyluq4u1aavuapgg5xmpb.cx.internal.cloudapp.net/10.1.0.33) moved to HEALTHY READONLY state.
2024-02-22 20:33:38,475 [EventQueue-HealthyReadonlyNodeForHealthyReadOnlyNodeHandler] INFO  node.HealthyReadOnlyNodeHandler (HealthyReadOnlyNodeHandler.java:onMessage(87)) - Sending close command for pipeline PipelineID=8d53b36c-f6a6-447d-b29e-f32933ec9abe in state CLOSED which uses HEALTHY_READONLY datanode 923be64f-71f4-4891-b05d-82ff5a9df5b5. This will send close commands for its containers.
2024-02-22 20:33:38,475 [EventQueue-HealthyReadonlyToHealthyNodeForReadOnlyHealthyToHealthyNodeHandler] INFO  pipeline.BackgroundPipelineCreator (BackgroundPipelineCreator.java:notifyEventTriggered(280)) - trigger a one-shot run on RatisPipelineUtilsThread.
2024-02-22 20:33:38,475 [EventQueue-HealthyReadonlyNodeForHealthyReadOnlyNodeHandler] INFO  node.HealthyReadOnlyNodeHandler (HealthyReadOnlyNodeHandler.java:onMessage(87)) - Sending close command for pipeline PipelineID=06d574de-a9f9-4ab3-be46-2f189d2772ba in state CLOSED which uses HEALTHY_READONLY datanode 923be64f-71f4-4891-b05d-82ff5a9df5b5. This will send close commands for its containers.
2024-02-22 20:33:38,475 [EventQueue-HealthyReadonlyNodeForHealthyReadOnlyNodeHandler] INFO  node.HealthyReadOnlyNodeHandler (HealthyReadOnlyNodeHandler.java:onMessage(87)) - Sending close command for pipeline PipelineID=fe00566f-73d9-496a-868e-5d786b606559 in state CLOSED which uses HEALTHY_READONLY datanode 923be64f-71f4-4891-b05d-82ff5a9df5b5. This will send close commands for its containers.
2024-02-22 20:33:38,478 [RatisPipelineUtilsThread-0] INFO  pipeline.RatisPipelineProvider (RatisPipelineProvider.java:lambda$create$0(205)) - Sending CreatePipelineCommand for pipeline:PipelineID=efc484b9-defd-45a9-8873-d74cd222b38a to datanode:e46a6e51-795f-4801-a523-c45a6c7f2c34
2024-02-22 20:33:38,479 [RatisPipelineUtilsThread-0] INFO  pipeline.BackgroundPipelineCreator (BackgroundPipelineCreator.java:createPipelines(236)) - Created new pipeline Pipeline[ Id: efc484b9-defd-45a9-8873-d74cd222b38a, Nodes: e46a6e51-795f-4801-a523-c45a6c7f2c34(fv-az779-213.k0faouyluq4u1aavuapgg5xmpb.cx.internal.cloudapp.net/10.1.0.33), ReplicationConfig: RATIS/ONE, State:ALLOCATED, leaderId:, CreationTimestamp2024-02-22T20:33:38.478Z[Etc/UTC]]
2024-02-22 20:33:38,480 [EventQueue-StaleNodeForStaleNodeHandler] INFO  pipeline.PipelineManagerImpl (PipelineManagerImpl.java:closePipeline(518)) - Pipeline PipelineID=b3c4fde0-a36a-432c-b3ef-f1c03574d52d moved to CLOSED state
2024-02-22 20:33:38,480 [RatisPipelineUtilsThread-0] INFO  pipeline.RatisPipelineProvider (RatisPipelineProvider.java:lambda$create$0(205)) - Sending CreatePipelineCommand for pipeline:PipelineID=0077ebc2-8b09-4842-8a13-83d984655c73 to datanode:e780b093-7242-46d7-bd8f-0f810188c7b3
2024-02-22 20:33:38,480 [RatisPipelineUtilsThread-0] INFO  pipeline.RatisPipelineProvider (RatisPipelineProvider.java:lambda$create$0(205)) - Sending CreatePipelineCommand for pipeline:PipelineID=0077ebc2-8b09-4842-8a13-83d984655c73 to datanode:86ab988c-fa9c-425d-a1c6-9004ff7fd93d
2024-02-22 20:33:38,480 [RatisPipelineUtilsThread-0] INFO  pipeline.RatisPipelineProvider (RatisPipelineProvider.java:lambda$create$0(205)) - Sending CreatePipelineCommand for pipeline:PipelineID=0077ebc2-8b09-4842-8a13-83d984655c73 to datanode:e46a6e51-795f-4801-a523-c45a6c7f2c34
2024-02-22 20:33:38,481 [RatisPipelineUtilsThread-0] INFO  pipeline.BackgroundPipelineCreator (BackgroundPipelineCreator.java:createPipelines(236)) - Created new pipeline Pipeline[ Id: 0077ebc2-8b09-4842-8a13-83d984655c73, Nodes: e780b093-7242-46d7-bd8f-0f810188c7b3(fv-az779-213.k0faouyluq4u1aavuapgg5xmpb.cx.internal.cloudapp.net/10.1.0.33)86ab988c-fa9c-425d-a1c6-9004ff7fd93d(fv-az779-213.k0faouyluq4u1aavuapgg5xmpb.cx.internal.cloudapp.net/10.1.0.33)e46a6e51-795f-4801-a523-c45a6c7f2c34(fv-az779-213.k0faouyluq4u1aavuapgg5xmpb.cx.internal.cloudapp.net/10.1.0.33), ReplicationConfig: RATIS/THREE, State:ALLOCATED, leaderId:, CreationTimestamp2024-02-22T20:33:38.480Z[Etc/UTC]]
2024-02-22 20:33:38,483 [RatisPipelineUtilsThread-0] INFO  pipeline.RatisPipelineProvider (RatisPipelineProvider.java:lambda$create$0(205)) - Sending CreatePipelineCommand for pipeline:PipelineID=567d6c0b-0c61-46d9-a73e-1944bbb8d763 to datanode:86ab988c-fa9c-425d-a1c6-9004ff7fd93d
2024-02-22 20:33:38,483 [RatisPipelineUtilsThread-0] INFO  pipeline.RatisPipelineProvider (RatisPipelineProvider.java:lambda$create$0(205)) - Sending CreatePipelineCommand for pipeline:PipelineID=567d6c0b-0c61-46d9-a73e-1944bbb8d763 to datanode:e46a6e51-795f-4801-a523-c45a6c7f2c34
2024-02-22 20:33:38,483 [RatisPipelineUtilsThread-0] INFO  pipeline.RatisPipelineProvider (RatisPipelineProvider.java:lambda$create$0(205)) - Sending CreatePipelineCommand for pipeline:PipelineID=567d6c0b-0c61-46d9-a73e-1944bbb8d763 to datanode:e780b093-7242-46d7-bd8f-0f810188c7b3
2024-02-22 20:33:38,484 [RatisPipelineUtilsThread-0] INFO  pipeline.PipelineManagerImpl (PipelineManagerImpl.java:recordMetricsForPipeline(916)) - Pipeline: PipelineID=567d6c0b-0c61-46d9-a73e-1944bbb8d763 contains same datanodes as previous pipelines: PipelineID=0077ebc2-8b09-4842-8a13-83d984655c73 nodeIds: 86ab988c-fa9c-425d-a1c6-9004ff7fd93d, e46a6e51-795f-4801-a523-c45a6c7f2c34, e780b093-7242-46d7-bd8f-0f810188c7b3
2024-02-22 20:33:38,484 [RatisPipelineUtilsThread-0] INFO  pipeline.BackgroundPipelineCreator (BackgroundPipelineCreator.java:createPipelines(236)) - Created new pipeline Pipeline[ Id: 567d6c0b-0c61-46d9-a73e-1944bbb8d763, Nodes: 86ab988c-fa9c-425d-a1c6-9004ff7fd93d(fv-az779-213.k0faouyluq4u1aavuapgg5xmpb.cx.internal.cloudapp.net/10.1.0.33)e46a6e51-795f-4801-a523-c45a6c7f2c34(fv-az779-213.k0faouyluq4u1aavuapgg5xmpb.cx.internal.cloudapp.net/10.1.0.33)e780b093-7242-46d7-bd8f-0f810188c7b3(fv-az779-213.k0faouyluq4u1aavuapgg5xmpb.cx.internal.cloudapp.net/10.1.0.33), ReplicationConfig: RATIS/THREE, State:ALLOCATED, leaderId:, CreationTimestamp2024-02-22T20:33:38.482Z[Etc/UTC]]
2024-02-22 20:33:38,542 [main] INFO  ozone.MiniOzoneClusterImpl (MiniOzoneClusterImpl.java:lambda$waitForClusterToBeReady$0(205)) - Waiting for nodes to be ready. Got 6 of 10 DN Heartbeats.
2024-02-22 20:33:38,543 [main] INFO  ozone.MiniOzoneClusterImpl (MiniOzoneClusterImpl.java:lambda$waitForClusterToBeReady$0(208)) - Waiting for cluster to exit safe mode
2024-02-22 20:33:38,543 [main] INFO  ozone.MiniOzoneClusterImpl (MiniOzoneClusterImpl.java:lambda$waitForClusterToBeReady$0(210)) - SCM became leader
2024-02-22 20:33:38,575 [EventQueue-HealthyReadonlyNodeForHealthyReadOnlyNodeHandler] INFO  node.HealthyReadOnlyNodeHandler (HealthyReadOnlyNodeHandler.java:onMessage(55)) - Datanode d25dc3b0-28fc-4383-b1a0-617845025f41(fv-az779-213.k0faouyluq4u1aavuapgg5xmpb.cx.internal.cloudapp.net/10.1.0.33) moved to HEALTHY READONLY state.
2024-02-22 20:33:38,575 [EventQueue-HealthyReadonlyToHealthyNodeForReadOnlyHealthyToHealthyNodeHandler] INFO  node.ReadOnlyHealthyToHealthyNodeHandler (ReadOnlyHealthyToHealthyNodeHandler.java:onMessage(51)) - Datanode 923be64f-71f4-4891-b05d-82ff5a9df5b5(fv-az779-213.k0faouyluq4u1aavuapgg5xmpb.cx.internal.cloudapp.net/10.1.0.33) moved to HEALTHY state.
2024-02-22 20:33:38,578 [EventQueue-HealthyReadonlyNodeForHealthyReadOnlyNodeHandler] INFO  node.HealthyReadOnlyNodeHandler (HealthyReadOnlyNodeHandler.java:onMessage(87)) - Sending close command for pipeline PipelineID=cc9cefaf-0a91-48d6-879a-c38389527fef in state CLOSED which uses HEALTHY_READONLY datanode d25dc3b0-28fc-4383-b1a0-617845025f41. This will send close commands for its containers.
2024-02-22 20:33:38,579 [EventQueue-HealthyReadonlyNodeForHealthyReadOnlyNodeHandler] INFO  node.HealthyReadOnlyNodeHandler (HealthyReadOnlyNodeHandler.java:onMessage(87)) - Sending close command for pipeline PipelineID=06d574de-a9f9-4ab3-be46-2f189d2772ba in state CLOSED which uses HEALTHY_READONLY datanode d25dc3b0-28fc-4383-b1a0-617845025f41. This will send close commands for its containers.
2024-02-22 20:33:38,579 [EventQueue-HealthyReadonlyNodeForHealthyReadOnlyNodeHandler] INFO  node.HealthyReadOnlyNodeHandler (HealthyReadOnlyNodeHandler.java:onMessage(87)) - Sending close command for pipeline PipelineID=fe00566f-73d9-496a-868e-5d786b606559 in state CLOSED which uses HEALTHY_READONLY datanode d25dc3b0-28fc-4383-b1a0-617845025f41. This will send close commands for its containers.
2024-02-22 20:33:38,575 [EventQueue-StaleNodeForStaleNodeHandler] INFO  node.StaleNodeHandler (StaleNodeHandler.java:onMessage(57)) - Datanode 86ab988c-fa9c-425d-a1c6-9004ff7fd93d(fv-az779-213.k0faouyluq4u1aavuapgg5xmpb.cx.internal.cloudapp.net/10.1.0.33) moved to stale state. Finalizing its pipelines [PipelineID=8e592c52-1f2d-49c6-9232-89543cf42d33, PipelineID=0077ebc2-8b09-4842-8a13-83d984655c73, PipelineID=d5bd5305-e788-403f-b58f-dd233808b888, PipelineID=3658265f-c295-4862-ab84-41a8147a3383, PipelineID=567d6c0b-0c61-46d9-a73e-1944bbb8d763]
2024-02-22 20:33:38,580 [EventQueue-StaleNodeForStaleNodeHandler] INFO  pipeline.PipelineManagerImpl (PipelineManagerImpl.java:closePipeline(518)) - Pipeline PipelineID=0077ebc2-8b09-4842-8a13-83d984655c73 moved to CLOSED state
2024-02-22 20:33:38,580 [EventQueue-StaleNodeForStaleNodeHandler] INFO  pipeline.PipelineManagerImpl (PipelineManagerImpl.java:closePipeline(518)) - Pipeline PipelineID=3658265f-c295-4862-ab84-41a8147a3383 moved to CLOSED state
2024-02-22 20:33:38,578 [EventQueue-HealthyReadonlyToHealthyNodeForReadOnlyHealthyToHealthyNodeHandler] INFO  pipeline.BackgroundPipelineCreator (BackgroundPipelineCreator.java:notifyEventTriggered(280)) - trigger a one-shot run on RatisPipelineUtilsThread.
2024-02-22 20:33:38,581 [EventQueue-StaleNodeForStaleNodeHandler] INFO  pipeline.PipelineManagerImpl (PipelineManagerImpl.java:closePipeline(518)) - Pipeline PipelineID=567d6c0b-0c61-46d9-a73e-1944bbb8d763 moved to CLOSED state
2024-02-22 20:33:38,581 [RatisPipelineUtilsThread-0] INFO  pipeline.RatisPipelineProvider (RatisPipelineProvider.java:lambda$create$0(205)) - Sending CreatePipelineCommand for pipeline:PipelineID=90e41e33-6449-465e-944d-26eafc745620 to datanode:923be64f-71f4-4891-b05d-82ff5a9df5b5
2024-02-22 20:33:38,582 [RatisPipelineUtilsThread-0] INFO  pipeline.BackgroundPipelineCreator (BackgroundPipelineCreator.java:createPipelines(236)) - Created new pipeline Pipeline[ Id: 90e41e33-6449-465e-944d-26eafc745620, Nodes: 923be64f-71f4-4891-b05d-82ff5a9df5b5(fv-az779-213.k0faouyluq4u1aavuapgg5xmpb.cx.internal.cloudapp.net/10.1.0.33), ReplicationConfig: RATIS/ONE, State:ALLOCATED, leaderId:, CreationTimestamp2024-02-22T20:33:38.581Z[Etc/UTC]]
2024-02-22 20:33:38,582 [RatisPipelineUtilsThread-0] INFO  pipeline.RatisPipelineProvider (RatisPipelineProvider.java:lambda$create$0(205)) - Sending CreatePipelineCommand for pipeline:PipelineID=b7ad60d3-b3bb-4da3-89ae-a538022c1006 to datanode:923be64f-71f4-4891-b05d-82ff5a9df5b5
2024-02-22 20:33:38,582 [RatisPipelineUtilsThread-0] INFO  pipeline.RatisPipelineProvider (RatisPipelineProvider.java:lambda$create$0(205)) - Sending CreatePipelineCommand for pipeline:PipelineID=b7ad60d3-b3bb-4da3-89ae-a538022c1006 to datanode:e780b093-7242-46d7-bd8f-0f810188c7b3
2024-02-22 20:33:38,582 [RatisPipelineUtilsThread-0] INFO  pipeline.RatisPipelineProvider (RatisPipelineProvider.java:lambda$create$0(205)) - Sending CreatePipelineCommand for pipeline:PipelineID=b7ad60d3-b3bb-4da3-89ae-a538022c1006 to datanode:e46a6e51-795f-4801-a523-c45a6c7f2c34
2024-02-22 20:33:38,583 [RatisPipelineUtilsThread-0] INFO  pipeline.BackgroundPipelineCreator (BackgroundPipelineCreator.java:createPipelines(236)) - Created new pipeline Pipeline[ Id: b7ad60d3-b3bb-4da3-89ae-a538022c1006, Nodes: 923be64f-71f4-4891-b05d-82ff5a9df5b5(fv-az779-213.k0faouyluq4u1aavuapgg5xmpb.cx.internal.cloudapp.net/10.1.0.33)e780b093-7242-46d7-bd8f-0f810188c7b3(fv-az779-213.k0faouyluq4u1aavuapgg5xmpb.cx.internal.cloudapp.net/10.1.0.33)e46a6e51-795f-4801-a523-c45a6c7f2c34(fv-az779-213.k0faouyluq4u1aavuapgg5xmpb.cx.internal.cloudapp.net/10.1.0.33), ReplicationConfig: RATIS/THREE, State:ALLOCATED, leaderId:, CreationTimestamp2024-02-22T20:33:38.582Z[Etc/UTC]]
2024-02-22 20:33:38,584 [RatisPipelineUtilsThread-0] INFO  pipeline.RatisPipelineProvider (RatisPipelineProvider.java:lambda$create$0(205)) - Sending CreatePipelineCommand for pipeline:PipelineID=7a70ea48-d71a-4b2b-bc50-affc1e458e84 to datanode:923be64f-71f4-4891-b05d-82ff5a9df5b5
2024-02-22 20:33:38,584 [RatisPipelineUtilsThread-0] INFO  pipeline.RatisPipelineProvider (RatisPipelineProvider.java:lambda$create$0(205)) - Sending CreatePipelineCommand for pipeline:PipelineID=7a70ea48-d71a-4b2b-bc50-affc1e458e84 to datanode:e780b093-7242-46d7-bd8f-0f810188c7b3
2024-02-22 20:33:38,584 [RatisPipelineUtilsThread-0] INFO  pipeline.RatisPipelineProvider (RatisPipelineProvider.java:lambda$create$0(205)) - Sending CreatePipelineCommand for pipeline:PipelineID=7a70ea48-d71a-4b2b-bc50-affc1e458e84 to datanode:e46a6e51-795f-4801-a523-c45a6c7f2c34
2024-02-22 20:33:38,585 [RatisPipelineUtilsThread-0] INFO  pipeline.PipelineManagerImpl (PipelineManagerImpl.java:recordMetricsForPipeline(916)) - Pipeline: PipelineID=7a70ea48-d71a-4b2b-bc50-affc1e458e84 contains same datanodes as previous pipelines: PipelineID=b7ad60d3-b3bb-4da3-89ae-a538022c1006 nodeIds: 923be64f-71f4-4891-b05d-82ff5a9df5b5, e780b093-7242-46d7-bd8f-0f810188c7b3, e46a6e51-795f-4801-a523-c45a6c7f2c34
2024-02-22 20:33:38,585 [RatisPipelineUtilsThread-0] INFO  pipeline.BackgroundPipelineCreator (BackgroundPipelineCreator.java:createPipelines(236)) - Created new pipeline Pipeline[ Id: 7a70ea48-d71a-4b2b-bc50-affc1e458e84, Nodes: 923be64f-71f4-4891-b05d-82ff5a9df5b5(fv-az779-213.k0faouyluq4u1aavuapgg5xmpb.cx.internal.cloudapp.net/10.1.0.33)e780b093-7242-46d7-bd8f-0f810188c7b3(fv-az779-213.k0faouyluq4u1aavuapgg5xmpb.cx.internal.cloudapp.net/10.1.0.33)e46a6e51-795f-4801-a523-c45a6c7f2c34(fv-az779-213.k0faouyluq4u1aavuapgg5xmpb.cx.internal.cloudapp.net/10.1.0.33), ReplicationConfig: RATIS/THREE, State:ALLOCATED, leaderId:, CreationTimestamp2024-02-22T20:33:38.584Z[Etc/UTC]]
2024-02-22 20:33:38,675 [EventQueue-HealthyReadonlyToHealthyNodeForReadOnlyHealthyToHealthyNodeHandler] INFO  node.ReadOnlyHealthyToHealthyNodeHandler (ReadOnlyHealthyToHealthyNodeHandler.java:onMessage(51)) - Datanode d25dc3b0-28fc-4383-b1a0-617845025f41(fv-az779-213.k0faouyluq4u1aavuapgg5xmpb.cx.internal.cloudapp.net/10.1.0.33) moved to HEALTHY state.
2024-02-22 20:33:38,675 [EventQueue-HealthyReadonlyToHealthyNodeForReadOnlyHealthyToHealthyNodeHandler] INFO  pipeline.BackgroundPipelineCreator (BackgroundPipelineCreator.java:notifyEventTriggered(280)) - trigger a one-shot run on RatisPipelineUtilsThread.
2024-02-22 20:33:38,676 [RatisPipelineUtilsThread-0] INFO  pipeline.RatisPipelineProvider (RatisPipelineProvider.java:lambda$create$0(205)) - Sending CreatePipelineCommand for pipeline:PipelineID=a7366094-685d-4073-9d9e-3075feac11d2 to datanode:d25dc3b0-28fc-4383-b1a0-617845025f41
2024-02-22 20:33:38,676 [RatisPipelineUtilsThread-0] INFO  pipeline.BackgroundPipelineCreator (BackgroundPipelineCreator.java:createPipelines(236)) - Created new pipeline Pipeline[ Id: a7366094-685d-4073-9d9e-3075feac11d2, Nodes: d25dc3b0-28fc-4383-b1a0-617845025f41(fv-az779-213.k0faouyluq4u1aavuapgg5xmpb.cx.internal.cloudapp.net/10.1.0.33), ReplicationConfig: RATIS/ONE, State:ALLOCATED, leaderId:, CreationTimestamp2024-02-22T20:33:38.675Z[Etc/UTC]]
2024-02-22 20:33:38,775 [EventQueue-HealthyReadonlyNodeForHealthyReadOnlyNodeHandler] INFO  node.HealthyReadOnlyNodeHandler (HealthyReadOnlyNodeHandler.java:onMessage(55)) - Datanode 4e8f68d6-fd98-4f77-87e3-715939181693(fv-az779-213.k0faouyluq4u1aavuapgg5xmpb.cx.internal.cloudapp.net/10.1.0.33) moved to HEALTHY READONLY state.
2024-02-22 20:33:38,775 [EventQueue-StaleNodeForStaleNodeHandler] INFO  node.StaleNodeHandler (StaleNodeHandler.java:onMessage(57)) - Datanode c30fedce-f286-40e0-881d-3d5a9a6e2463(fv-az779-213.k0faouyluq4u1aavuapgg5xmpb.cx.internal.cloudapp.net/10.1.0.33) moved to stale state. Finalizing its pipelines [PipelineID=974fd487-4b0f-4554-8c0f-c4bff782ab50, PipelineID=d49f5e63-9859-43c9-95b6-b58ed9299b6f, PipelineID=16bbfbff-f11d-450e-97a4-ea994a47de23]
2024-02-22 20:33:38,775 [EventQueue-HealthyReadonlyNodeForHealthyReadOnlyNodeHandler] INFO  node.HealthyReadOnlyNodeHandler (HealthyReadOnlyNodeHandler.java:onMessage(87)) - Sending close command for pipeline PipelineID=8e592c52-1f2d-49c6-9232-89543cf42d33 in state CLOSED which uses HEALTHY_READONLY datanode 4e8f68d6-fd98-4f77-87e3-715939181693. This will send close commands for its containers.
2024-02-22 20:33:38,776 [EventQueue-StaleNodeForStaleNodeHandler] INFO  pipeline.PipelineManagerImpl (PipelineManagerImpl.java:closePipeline(518)) - Pipeline PipelineID=974fd487-4b0f-4554-8c0f-c4bff782ab50 moved to CLOSED state
2024-02-22 20:33:38,776 [EventQueue-HealthyReadonlyNodeForHealthyReadOnlyNodeHandler] INFO  node.HealthyReadOnlyNodeHandler (HealthyReadOnlyNodeHandler.java:onMessage(87)) - Sending close command for pipeline PipelineID=d5bd5305-e788-403f-b58f-dd233808b888 in state CLOSED which uses HEALTHY_READONLY datanode 4e8f68d6-fd98-4f77-87e3-715939181693. This will send close commands for its containers.
2024-02-22 20:33:38,777 [EventQueue-StaleNodeForStaleNodeHandler] INFO  pipeline.PipelineManagerImpl (PipelineManagerImpl.java:closePipeline(518)) - Pipeline PipelineID=d49f5e63-9859-43c9-95b6-b58ed9299b6f moved to CLOSED state
2024-02-22 20:33:38,777 [EventQueue-HealthyReadonlyNodeForHealthyReadOnlyNodeHandler] INFO  node.HealthyReadOnlyNodeHandler (HealthyReadOnlyNodeHandler.java:onMessage(87)) - Sending close command for pipeline PipelineID=b5bf6ad3-51f0-4337-a9ac-da1b62f9eae3 in state CLOSED which uses HEALTHY_READONLY datanode 4e8f68d6-fd98-4f77-87e3-715939181693. This will send close commands for its containers.
2024-02-22 20:33:38,777 [EventQueue-StaleNodeForStaleNodeHandler] INFO  pipeline.PipelineManagerImpl (PipelineManagerImpl.java:closePipeline(518)) - Pipeline PipelineID=16bbfbff-f11d-450e-97a4-ea994a47de23 moved to CLOSED state
2024-02-22 20:33:38,875 [EventQueue-HealthyReadonlyToHealthyNodeForReadOnlyHealthyToHealthyNodeHandler] INFO  node.ReadOnlyHealthyToHealthyNodeHandler (ReadOnlyHealthyToHealthyNodeHandler.java:onMessage(51)) - Datanode 4e8f68d6-fd98-4f77-87e3-715939181693(fv-az779-213.k0faouyluq4u1aavuapgg5xmpb.cx.internal.cloudapp.net/10.1.0.33) moved to HEALTHY state.
2024-02-22 20:33:38,875 [EventQueue-StaleNodeForStaleNodeHandler] INFO  node.StaleNodeHandler (StaleNodeHandler.java:onMessage(57)) - Datanode 13f92446-3b18-4d81-bc66-0f9b00220e72(fv-az779-213.k0faouyluq4u1aavuapgg5xmpb.cx.internal.cloudapp.net/10.1.0.33) moved to stale state. Finalizing its pipelines [PipelineID=d218b5b2-1780-4e0a-a27d-ef19ab1be06f, PipelineID=974fd487-4b0f-4554-8c0f-c4bff782ab50, PipelineID=d49f5e63-9859-43c9-95b6-b58ed9299b6f]
2024-02-22 20:33:38,876 [EventQueue-HealthyReadonlyToHealthyNodeForReadOnlyHealthyToHealthyNodeHandler] INFO  pipeline.BackgroundPipelineCreator (BackgroundPipelineCreator.java:notifyEventTriggered(280)) - trigger a one-shot run on RatisPipelineUtilsThread.
2024-02-22 20:33:38,877 [EventQueue-StaleNodeForStaleNodeHandler] INFO  pipeline.PipelineManagerImpl (PipelineManagerImpl.java:closePipeline(518)) - Pipeline PipelineID=d218b5b2-1780-4e0a-a27d-ef19ab1be06f moved to CLOSED state
2024-02-22 20:33:38,877 [RatisPipelineUtilsThread-0] INFO  pipeline.RatisPipelineProvider (RatisPipelineProvider.java:lambda$create$0(205)) - Sending CreatePipelineCommand for pipeline:PipelineID=aaf85d63-021e-4fec-a035-9eb4d3397e8e to datanode:4e8f68d6-fd98-4f77-87e3-715939181693
2024-02-22 20:33:38,878 [RatisPipelineUtilsThread-0] INFO  pipeline.BackgroundPipelineCreator (BackgroundPipelineCreator.java:createPipelines(236)) - Created new pipeline Pipeline[ Id: aaf85d63-021e-4fec-a035-9eb4d3397e8e, Nodes: 4e8f68d6-fd98-4f77-87e3-715939181693(fv-az779-213.k0faouyluq4u1aavuapgg5xmpb.cx.internal.cloudapp.net/10.1.0.33), ReplicationConfig: RATIS/ONE, State:ALLOCATED, leaderId:, CreationTimestamp2024-02-22T20:33:38.877Z[Etc/UTC]]
2024-02-22 20:33:38,878 [RatisPipelineUtilsThread-0] INFO  pipeline.RatisPipelineProvider (RatisPipelineProvider.java:lambda$create$0(205)) - Sending CreatePipelineCommand for pipeline:PipelineID=6139a09f-40c0-48a4-995f-9d5bcf0fdb08 to datanode:d25dc3b0-28fc-4383-b1a0-617845025f41
2024-02-22 20:33:38,879 [RatisPipelineUtilsThread-0] INFO  pipeline.RatisPipelineProvider (RatisPipelineProvider.java:lambda$create$0(205)) - Sending CreatePipelineCommand for pipeline:PipelineID=6139a09f-40c0-48a4-995f-9d5bcf0fdb08 to datanode:4e8f68d6-fd98-4f77-87e3-715939181693
2024-02-22 20:33:38,879 [RatisPipelineUtilsThread-0] INFO  pipeline.RatisPipelineProvider (RatisPipelineProvider.java:lambda$create$0(205)) - Sending CreatePipelineCommand for pipeline:PipelineID=6139a09f-40c0-48a4-995f-9d5bcf0fdb08 to datanode:78f89d9b-e409-4704-890b-bfcfbcdfd28a
2024-02-22 20:33:38,879 [RatisPipelineUtilsThread-0] INFO  pipeline.BackgroundPipelineCreator (BackgroundPipelineCreator.java:createPipelines(236)) - Created new pipeline Pipeline[ Id: 6139a09f-40c0-48a4-995f-9d5bcf0fdb08, Nodes: d25dc3b0-28fc-4383-b1a0-617845025f41(fv-az779-213.k0faouyluq4u1aavuapgg5xmpb.cx.internal.cloudapp.net/10.1.0.33)4e8f68d6-fd98-4f77-87e3-715939181693(fv-az779-213.k0faouyluq4u1aavuapgg5xmpb.cx.internal.cloudapp.net/10.1.0.33)78f89d9b-e409-4704-890b-bfcfbcdfd28a(fv-az779-213.k0faouyluq4u1aavuapgg5xmpb.cx.internal.cloudapp.net/10.1.0.33), ReplicationConfig: RATIS/THREE, State:ALLOCATED, leaderId:, CreationTimestamp2024-02-22T20:33:38.878Z[Etc/UTC]]
2024-02-22 20:33:38,880 [RatisPipelineUtilsThread-0] INFO  pipeline.RatisPipelineProvider (RatisPipelineProvider.java:lambda$create$0(205)) - Sending CreatePipelineCommand for pipeline:PipelineID=045ea6be-5c70-427a-91cd-8820b9a2dc65 to datanode:4e8f68d6-fd98-4f77-87e3-715939181693
2024-02-22 20:33:38,880 [RatisPipelineUtilsThread-0] INFO  pipeline.RatisPipelineProvider (RatisPipelineProvider.java:lambda$create$0(205)) - Sending CreatePipelineCommand for pipeline:PipelineID=045ea6be-5c70-427a-91cd-8820b9a2dc65 to datanode:d25dc3b0-28fc-4383-b1a0-617845025f41
2024-02-22 20:33:38,880 [RatisPipelineUtilsThread-0] INFO  pipeline.RatisPipelineProvider (RatisPipelineProvider.java:lambda$create$0(205)) - Sending CreatePipelineCommand for pipeline:PipelineID=045ea6be-5c70-427a-91cd-8820b9a2dc65 to datanode:78f89d9b-e409-4704-890b-bfcfbcdfd28a
2024-02-22 20:33:38,881 [RatisPipelineUtilsThread-0] INFO  pipeline.PipelineManagerImpl (PipelineManagerImpl.java:recordMetricsForPipeline(916)) - Pipeline: PipelineID=045ea6be-5c70-427a-91cd-8820b9a2dc65 contains same datanodes as previous pipelines: PipelineID=6139a09f-40c0-48a4-995f-9d5bcf0fdb08 nodeIds: 4e8f68d6-fd98-4f77-87e3-715939181693, d25dc3b0-28fc-4383-b1a0-617845025f41, 78f89d9b-e409-4704-890b-bfcfbcdfd28a
2024-02-22 20:33:38,881 [RatisPipelineUtilsThread-0] INFO  pipeline.BackgroundPipelineCreator (BackgroundPipelineCreator.java:createPipelines(236)) - Created new pipeline Pipeline[ Id: 045ea6be-5c70-427a-91cd-8820b9a2dc65, Nodes: 4e8f68d6-fd98-4f77-87e3-715939181693(fv-az779-213.k0faouyluq4u1aavuapgg5xmpb.cx.internal.cloudapp.net/10.1.0.33)d25dc3b0-28fc-4383-b1a0-617845025f41(fv-az779-213.k0faouyluq4u1aavuapgg5xmpb.cx.internal.cloudapp.net/10.1.0.33)78f89d9b-e409-4704-890b-bfcfbcdfd28a(fv-az779-213.k0faouyluq4u1aavuapgg5xmpb.cx.internal.cloudapp.net/10.1.0.33), ReplicationConfig: RATIS/THREE, State:ALLOCATED, leaderId:, CreationTimestamp2024-02-22T20:33:38.880Z[Etc/UTC]]
2024-02-22 20:33:38,976 [EventQueue-HealthyReadonlyNodeForHealthyReadOnlyNodeHandler] INFO  node.HealthyReadOnlyNodeHandler (HealthyReadOnlyNodeHandler.java:onMessage(55)) - Datanode dc26353c-d48a-467d-89cd-3a7c4b626396(fv-az779-213.k0faouyluq4u1aavuapgg5xmpb.cx.internal.cloudapp.net/10.1.0.33) moved to HEALTHY READONLY state.
2024-02-22 20:33:38,976 [EventQueue-StaleNodeForStaleNodeHandler] INFO  node.StaleNodeHandler (StaleNodeHandler.java:onMessage(57)) - Datanode 78f89d9b-e409-4704-890b-bfcfbcdfd28a(fv-az779-213.k0faouyluq4u1aavuapgg5xmpb.cx.internal.cloudapp.net/10.1.0.33) moved to stale state. Finalizing its pipelines [PipelineID=045ea6be-5c70-427a-91cd-8820b9a2dc65, PipelineID=974fd487-4b0f-4554-8c0f-c4bff782ab50, PipelineID=6139a09f-40c0-48a4-995f-9d5bcf0fdb08, PipelineID=d49f5e63-9859-43c9-95b6-b58ed9299b6f, PipelineID=ff667ce8-dec9-4649-ae60-24226a001283]
2024-02-22 20:33:38,976 [EventQueue-HealthyReadonlyNodeForHealthyReadOnlyNodeHandler] INFO  node.HealthyReadOnlyNodeHandler (HealthyReadOnlyNodeHandler.java:onMessage(87)) - Sending close command for pipeline PipelineID=8e592c52-1f2d-49c6-9232-89543cf42d33 in state CLOSED which uses HEALTHY_READONLY datanode dc26353c-d48a-467d-89cd-3a7c4b626396. This will send close commands for its containers.
2024-02-22 20:33:38,976 [EventQueue-HealthyReadonlyNodeForHealthyReadOnlyNodeHandler] INFO  node.HealthyReadOnlyNodeHandler (HealthyReadOnlyNodeHandler.java:onMessage(87)) - Sending close command for pipeline PipelineID=d5bd5305-e788-403f-b58f-dd233808b888 in state CLOSED which uses HEALTHY_READONLY datanode dc26353c-d48a-467d-89cd-3a7c4b626396. This will send close commands for its containers.
2024-02-22 20:33:38,977 [EventQueue-StaleNodeForStaleNodeHandler] INFO  pipeline.PipelineManagerImpl (PipelineManagerImpl.java:closePipeline(518)) - Pipeline PipelineID=045ea6be-5c70-427a-91cd-8820b9a2dc65 moved to CLOSED state
2024-02-22 20:33:38,977 [EventQueue-HealthyReadonlyNodeForHealthyReadOnlyNodeHandler] INFO  node.HealthyReadOnlyNodeHandler (HealthyReadOnlyNodeHandler.java:onMessage(87)) - Sending close command for pipeline PipelineID=b3c4fde0-a36a-432c-b3ef-f1c03574d52d in state CLOSED which uses HEALTHY_READONLY datanode dc26353c-d48a-467d-89cd-3a7c4b626396. This will send close commands for its containers.
2024-02-22 20:33:38,977 [EventQueue-StaleNodeForStaleNodeHandler] INFO  pipeline.PipelineManagerImpl (PipelineManagerImpl.java:closePipeline(518)) - Pipeline PipelineID=6139a09f-40c0-48a4-995f-9d5bcf0fdb08 moved to CLOSED state
2024-02-22 20:33:38,978 [EventQueue-StaleNodeForStaleNodeHandler] INFO  pipeline.PipelineManagerImpl (PipelineManagerImpl.java:closePipeline(518)) - Pipeline PipelineID=ff667ce8-dec9-4649-ae60-24226a001283 moved to CLOSED state
2024-02-22 20:33:39,076 [EventQueue-StaleNodeForStaleNodeHandler] INFO  node.StaleNodeHandler (StaleNodeHandler.java:onMessage(57)) - Datanode e780b093-7242-46d7-bd8f-0f810188c7b3(fv-az779-213.k0faouyluq4u1aavuapgg5xmpb.cx.internal.cloudapp.net/10.1.0.33) moved to stale state. Finalizing its pipelines [PipelineID=0077ebc2-8b09-4842-8a13-83d984655c73, PipelineID=7a70ea48-d71a-4b2b-bc50-affc1e458e84, PipelineID=b7ad60d3-b3bb-4da3-89ae-a538022c1006, PipelineID=bcc14677-48a1-4052-9632-383c4aad3a78, PipelineID=567d6c0b-0c61-46d9-a73e-1944bbb8d763]
2024-02-22 20:33:39,077 [EventQueue-StaleNodeForStaleNodeHandler] INFO  pipeline.PipelineManagerImpl (PipelineManagerImpl.java:closePipeline(518)) - Pipeline PipelineID=7a70ea48-d71a-4b2b-bc50-affc1e458e84 moved to CLOSED state
2024-02-22 20:33:39,078 [EventQueue-StaleNodeForStaleNodeHandler] INFO  pipeline.PipelineManagerImpl (PipelineManagerImpl.java:closePipeline(518)) - Pipeline PipelineID=b7ad60d3-b3bb-4da3-89ae-a538022c1006 moved to CLOSED state
2024-02-22 20:33:39,078 [EventQueue-StaleNodeForStaleNodeHandler] INFO  pipeline.PipelineManagerImpl (PipelineManagerImpl.java:closePipeline(518)) - Pipeline PipelineID=bcc14677-48a1-4052-9632-383c4aad3a78 moved to CLOSED state
2024-02-22 20:33:39,076 [EventQueue-HealthyReadonlyToHealthyNodeForReadOnlyHealthyToHealthyNodeHandler] INFO  node.ReadOnlyHealthyToHealthyNodeHandler (ReadOnlyHealthyToHealthyNodeHandler.java:onMessage(51)) - Datanode dc26353c-d48a-467d-89cd-3a7c4b626396(fv-az779-213.k0faouyluq4u1aavuapgg5xmpb.cx.internal.cloudapp.net/10.1.0.33) moved to HEALTHY state.
2024-02-22 20:33:39,078 [EventQueue-HealthyReadonlyToHealthyNodeForReadOnlyHealthyToHealthyNodeHandler] INFO  pipeline.BackgroundPipelineCreator (BackgroundPipelineCreator.java:notifyEventTriggered(280)) - trigger a one-shot run on RatisPipelineUtilsThread.
2024-02-22 20:33:39,076 [EventQueue-HealthyReadonlyNodeForHealthyReadOnlyNodeHandler] INFO  node.HealthyReadOnlyNodeHandler (HealthyReadOnlyNodeHandler.java:onMessage(55)) - Datanode 86ab988c-fa9c-425d-a1c6-9004ff7fd93d(fv-az779-213.k0faouyluq4u1aavuapgg5xmpb.cx.internal.cloudapp.net/10.1.0.33) moved to HEALTHY READONLY state.
2024-02-22 20:33:39,081 [EventQueue-HealthyReadonlyNodeForHealthyReadOnlyNodeHandler] INFO  node.HealthyReadOnlyNodeHandler (HealthyReadOnlyNodeHandler.java:onMessage(87)) - Sending close command for pipeline PipelineID=8e592c52-1f2d-49c6-9232-89543cf42d33 in state CLOSED which uses HEALTHY_READONLY datanode 86ab988c-fa9c-425d-a1c6-9004ff7fd93d. This will send close commands for its containers.
2024-02-22 20:33:39,081 [EventQueue-HealthyReadonlyNodeForHealthyReadOnlyNodeHandler] INFO  node.HealthyReadOnlyNodeHandler (HealthyReadOnlyNodeHandler.java:onMessage(87)) - Sending close command for pipeline PipelineID=0077ebc2-8b09-4842-8a13-83d984655c73 in state CLOSED which uses HEALTHY_READONLY datanode 86ab988c-fa9c-425d-a1c6-9004ff7fd93d. This will send close commands for its containers.
2024-02-22 20:33:39,081 [EventQueue-HealthyReadonlyNodeForHealthyReadOnlyNodeHandler] INFO  node.HealthyReadOnlyNodeHandler (HealthyReadOnlyNodeHandler.java:onMessage(87)) - Sending close command for pipeline PipelineID=d5bd5305-e788-403f-b58f-dd233808b888 in state CLOSED which uses HEALTHY_READONLY datanode 86ab988c-fa9c-425d-a1c6-9004ff7fd93d. This will send close commands for its containers.
2024-02-22 20:33:39,081 [EventQueue-HealthyReadonlyNodeForHealthyReadOnlyNodeHandler] INFO  node.HealthyReadOnlyNodeHandler (HealthyReadOnlyNodeHandler.java:onMessage(87)) - Sending close command for pipeline PipelineID=3658265f-c295-4862-ab84-41a8147a3383 in state CLOSED which uses HEALTHY_READONLY datanode 86ab988c-fa9c-425d-a1c6-9004ff7fd93d. This will send close commands for its containers.
2024-02-22 20:33:39,081 [EventQueue-HealthyReadonlyNodeForHealthyReadOnlyNodeHandler] INFO  node.HealthyReadOnlyNodeHandler (HealthyReadOnlyNodeHandler.java:onMessage(87)) - Sending close command for pipeline PipelineID=567d6c0b-0c61-46d9-a73e-1944bbb8d763 in state CLOSED which uses HEALTHY_READONLY datanode 86ab988c-fa9c-425d-a1c6-9004ff7fd93d. This will send close commands for its containers.
2024-02-22 20:33:39,080 [RatisPipelineUtilsThread-0] INFO  pipeline.RatisPipelineProvider (RatisPipelineProvider.java:lambda$create$0(205)) - Sending CreatePipelineCommand for pipeline:PipelineID=a2c380a1-736c-4d1e-96be-967e786a868e to datanode:dc26353c-d48a-467d-89cd-3a7c4b626396
2024-02-22 20:33:39,082 [RatisPipelineUtilsThread-0] INFO  pipeline.BackgroundPipelineCreator (BackgroundPipelineCreator.java:createPipelines(236)) - Created new pipeline Pipeline[ Id: a2c380a1-736c-4d1e-96be-967e786a868e, Nodes: dc26353c-d48a-467d-89cd-3a7c4b626396(fv-az779-213.k0faouyluq4u1aavuapgg5xmpb.cx.internal.cloudapp.net/10.1.0.33), ReplicationConfig: RATIS/ONE, State:ALLOCATED, leaderId:, CreationTimestamp2024-02-22T20:33:39.080Z[Etc/UTC]]
2024-02-22 20:33:39,083 [RatisPipelineUtilsThread-0] INFO  pipeline.RatisPipelineProvider (RatisPipelineProvider.java:lambda$create$0(205)) - Sending CreatePipelineCommand for pipeline:PipelineID=d9165cc6-fdfc-42ee-9f98-97bb02909e0e to datanode:d25dc3b0-28fc-4383-b1a0-617845025f41
2024-02-22 20:33:39,083 [RatisPipelineUtilsThread-0] INFO  pipeline.RatisPipelineProvider (RatisPipelineProvider.java:lambda$create$0(205)) - Sending CreatePipelineCommand for pipeline:PipelineID=d9165cc6-fdfc-42ee-9f98-97bb02909e0e to datanode:923be64f-71f4-4891-b05d-82ff5a9df5b5
2024-02-22 20:33:39,083 [RatisPipelineUtilsThread-0] INFO  pipeline.RatisPipelineProvider (RatisPipelineProvider.java:lambda$create$0(205)) - Sending CreatePipelineCommand for pipeline:PipelineID=d9165cc6-fdfc-42ee-9f98-97bb02909e0e to datanode:4e8f68d6-fd98-4f77-87e3-715939181693
2024-02-22 20:33:39,084 [RatisPipelineUtilsThread-0] INFO  pipeline.BackgroundPipelineCreator (BackgroundPipelineCreator.java:createPipelines(236)) - Created new pipeline Pipeline[ Id: d9165cc6-fdfc-42ee-9f98-97bb02909e0e, Nodes: d25dc3b0-28fc-4383-b1a0-617845025f41(fv-az779-213.k0faouyluq4u1aavuapgg5xmpb.cx.internal.cloudapp.net/10.1.0.33)923be64f-71f4-4891-b05d-82ff5a9df5b5(fv-az779-213.k0faouyluq4u1aavuapgg5xmpb.cx.internal.cloudapp.net/10.1.0.33)4e8f68d6-fd98-4f77-87e3-715939181693(fv-az779-213.k0faouyluq4u1aavuapgg5xmpb.cx.internal.cloudapp.net/10.1.0.33), ReplicationConfig: RATIS/THREE, State:ALLOCATED, leaderId:, CreationTimestamp2024-02-22T20:33:39.083Z[Etc/UTC]]
2024-02-22 20:33:39,084 [RatisPipelineUtilsThread-0] INFO  pipeline.RatisPipelineProvider (RatisPipelineProvider.java:lambda$create$0(205)) - Sending CreatePipelineCommand for pipeline:PipelineID=df82f477-9a32-43af-879e-c11f3e838557 to datanode:4e8f68d6-fd98-4f77-87e3-715939181693
2024-02-22 20:33:39,085 [RatisPipelineUtilsThread-0] INFO  pipeline.RatisPipelineProvider (RatisPipelineProvider.java:lambda$create$0(205)) - Sending CreatePipelineCommand for pipeline:PipelineID=df82f477-9a32-43af-879e-c11f3e838557 to datanode:e46a6e51-795f-4801-a523-c45a6c7f2c34
2024-02-22 20:33:39,085 [RatisPipelineUtilsThread-0] INFO  pipeline.RatisPipelineProvider (RatisPipelineProvider.java:lambda$create$0(205)) - Sending CreatePipelineCommand for pipeline:PipelineID=df82f477-9a32-43af-879e-c11f3e838557 to datanode:d25dc3b0-28fc-4383-b1a0-617845025f41
2024-02-22 20:33:39,086 [RatisPipelineUtilsThread-0] INFO  pipeline.BackgroundPipelineCreator (BackgroundPipelineCreator.java:createPipelines(236)) - Created new pipeline Pipeline[ Id: df82f477-9a32-43af-879e-c11f3e838557, Nodes: 4e8f68d6-fd98-4f77-87e3-715939181693(fv-az779-213.k0faouyluq4u1aavuapgg5xmpb.cx.internal.cloudapp.net/10.1.0.33)e46a6e51-795f-4801-a523-c45a6c7f2c34(fv-az779-213.k0faouyluq4u1aavuapgg5xmpb.cx.internal.cloudapp.net/10.1.0.33)d25dc3b0-28fc-4383-b1a0-617845025f41(fv-az779-213.k0faouyluq4u1aavuapgg5xmpb.cx.internal.cloudapp.net/10.1.0.33), ReplicationConfig: RATIS/THREE, State:ALLOCATED, leaderId:, CreationTimestamp2024-02-22T20:33:39.084Z[Etc/UTC]]
2024-02-22 20:33:39,087 [RatisPipelineUtilsThread-0] INFO  pipeline.RatisPipelineProvider (RatisPipelineProvider.java:lambda$create$0(205)) - Sending CreatePipelineCommand for pipeline:PipelineID=2f90e3ba-f3fd-48ab-9225-bdbad3ab70b4 to datanode:e46a6e51-795f-4801-a523-c45a6c7f2c34
2024-02-22 20:33:39,087 [RatisPipelineUtilsThread-0] INFO  pipeline.RatisPipelineProvider (RatisPipelineProvider.java:lambda$create$0(205)) - Sending CreatePipelineCommand for pipeline:PipelineID=2f90e3ba-f3fd-48ab-9225-bdbad3ab70b4 to datanode:923be64f-71f4-4891-b05d-82ff5a9df5b5
2024-02-22 20:33:39,087 [RatisPipelineUtilsThread-0] INFO  pipeline.RatisPipelineProvider (RatisPipelineProvider.java:lambda$create$0(205)) - Sending CreatePipelineCommand for pipeline:PipelineID=2f90e3ba-f3fd-48ab-9225-bdbad3ab70b4 to datanode:dc26353c-d48a-467d-89cd-3a7c4b626396
2024-02-22 20:33:39,088 [RatisPipelineUtilsThread-0] INFO  pipeline.BackgroundPipelineCreator (BackgroundPipelineCreator.java:createPipelines(236)) - Created new pipeline Pipeline[ Id: 2f90e3ba-f3fd-48ab-9225-bdbad3ab70b4, Nodes: e46a6e51-795f-4801-a523-c45a6c7f2c34(fv-az779-213.k0faouyluq4u1aavuapgg5xmpb.cx.internal.cloudapp.net/10.1.0.33)923be64f-71f4-4891-b05d-82ff5a9df5b5(fv-az779-213.k0faouyluq4u1aavuapgg5xmpb.cx.internal.cloudapp.net/10.1.0.33)dc26353c-d48a-467d-89cd-3a7c4b626396(fv-az779-213.k0faouyluq4u1aavuapgg5xmpb.cx.internal.cloudapp.net/10.1.0.33), ReplicationConfig: RATIS/THREE, State:ALLOCATED, leaderId:, CreationTimestamp2024-02-22T20:33:39.087Z[Etc/UTC]]
2024-02-22 20:33:39,176 [EventQueue-HealthyReadonlyToHealthyNodeForReadOnlyHealthyToHealthyNodeHandler] INFO  node.ReadOnlyHealthyToHealthyNodeHandler (ReadOnlyHealthyToHealthyNodeHandler.java:onMessage(51)) - Datanode 86ab988c-fa9c-425d-a1c6-9004ff7fd93d(fv-az779-213.k0faouyluq4u1aavuapgg5xmpb.cx.internal.cloudapp.net/10.1.0.33) moved to HEALTHY state.
2024-02-22 20:33:39,176 [EventQueue-HealthyReadonlyToHealthyNodeForReadOnlyHealthyToHealthyNodeHandler] INFO  pipeline.BackgroundPipelineCreator (BackgroundPipelineCreator.java:notifyEventTriggered(280)) - trigger a one-shot run on RatisPipelineUtilsThread.
2024-02-22 20:33:39,177 [RatisPipelineUtilsThread-0] INFO  pipeline.RatisPipelineProvider (RatisPipelineProvider.java:lambda$create$0(205)) - Sending CreatePipelineCommand for pipeline:PipelineID=23eed6f5-f54e-4a5a-9149-39057960c58a to datanode:86ab988c-fa9c-425d-a1c6-9004ff7fd93d
2024-02-22 20:33:39,178 [RatisPipelineUtilsThread-0] INFO  pipeline.BackgroundPipelineCreator (BackgroundPipelineCreator.java:createPipelines(236)) - Created new pipeline Pipeline[ Id: 23eed6f5-f54e-4a5a-9149-39057960c58a, Nodes: 86ab988c-fa9c-425d-a1c6-9004ff7fd93d(fv-az779-213.k0faouyluq4u1aavuapgg5xmpb.cx.internal.cloudapp.net/10.1.0.33), ReplicationConfig: RATIS/ONE, State:ALLOCATED, leaderId:, CreationTimestamp2024-02-22T20:33:39.177Z[Etc/UTC]]
2024-02-22 20:33:39,277 [EventQueue-HealthyReadonlyNodeForHealthyReadOnlyNodeHandler] INFO  node.HealthyReadOnlyNodeHandler (HealthyReadOnlyNodeHandler.java:onMessage(55)) - Datanode c30fedce-f286-40e0-881d-3d5a9a6e2463(fv-az779-213.k0faouyluq4u1aavuapgg5xmpb.cx.internal.cloudapp.net/10.1.0.33) moved to HEALTHY READONLY state.
2024-02-22 20:33:39,277 [EventQueue-HealthyReadonlyNodeForHealthyReadOnlyNodeHandler] INFO  node.HealthyReadOnlyNodeHandler (HealthyReadOnlyNodeHandler.java:onMessage(87)) - Sending close command for pipeline PipelineID=974fd487-4b0f-4554-8c0f-c4bff782ab50 in state CLOSED which uses HEALTHY_READONLY datanode c30fedce-f286-40e0-881d-3d5a9a6e2463. This will send close commands for its containers.
2024-02-22 20:33:39,277 [EventQueue-HealthyReadonlyNodeForHealthyReadOnlyNodeHandler] INFO  node.HealthyReadOnlyNodeHandler (HealthyReadOnlyNodeHandler.java:onMessage(87)) - Sending close command for pipeline PipelineID=d49f5e63-9859-43c9-95b6-b58ed9299b6f in state CLOSED which uses HEALTHY_READONLY datanode c30fedce-f286-40e0-881d-3d5a9a6e2463. This will send close commands for its containers.
2024-02-22 20:33:39,277 [EventQueue-HealthyReadonlyNodeForHealthyReadOnlyNodeHandler] INFO  node.HealthyReadOnlyNodeHandler (HealthyReadOnlyNodeHandler.java:onMessage(87)) - Sending close command for pipeline PipelineID=16bbfbff-f11d-450e-97a4-ea994a47de23 in state CLOSED which uses HEALTHY_READONLY datanode c30fedce-f286-40e0-881d-3d5a9a6e2463. This will send close commands for its containers.
2024-02-22 20:33:39,310 [e46a6e51-795f-4801-a523-c45a6c7f2c34-PipelineCommandHandlerThread-0] INFO  server.RaftServer (RaftServerProxy.java:addNew(100)) - e46a6e51-795f-4801-a523-c45a6c7f2c34: addNew group-B95644BE5767:[e46a6e51-795f-4801-a523-c45a6c7f2c34|10.1.0.33:15014] returns group-B95644BE5767:java.util.concurrent.CompletableFuture@5a6a3cd1[Not completed]
2024-02-22 20:33:39,319 [e46a6e51-795f-4801-a523-c45a6c7f2c34-groupManagement] INFO  server.RaftServer$Division (RaftServerImpl.java:<init>(256)) - e46a6e51-795f-4801-a523-c45a6c7f2c34: new RaftServerImpl for group-B95644BE5767:[e46a6e51-795f-4801-a523-c45a6c7f2c34|10.1.0.33:15014] with ContainerStateMachine:uninitialized
2024-02-22 20:33:39,319 [e46a6e51-795f-4801-a523-c45a6c7f2c34-groupManagement] INFO  server.RaftServerConfigKeys (ConfUtils.java:logGet(46)) - raft.server.rpc.timeout.min = 5s (custom)
2024-02-22 20:33:39,319 [e46a6e51-795f-4801-a523-c45a6c7f2c34-groupManagement] INFO  server.RaftServerConfigKeys (ConfUtils.java:logGet(46)) - raft.server.rpc.timeout.max = 5200ms (custom)
2024-02-22 20:33:39,319 [e46a6e51-795f-4801-a523-c45a6c7f2c34-groupManagement] INFO  server.RaftServerConfigKeys (ConfUtils.java:logGet(46)) - raft.server.rpc.sleep.time = 25ms (default)
2024-02-22 20:33:39,319 [e46a6e51-795f-4801-a523-c45a6c7f2c34-groupManagement] INFO  server.RaftServerConfigKeys (ConfUtils.java:logGet(46)) - raft.server.rpc.slowness.timeout = 300s (custom)
2024-02-22 20:33:39,319 [e46a6e51-795f-4801-a523-c45a6c7f2c34-groupManagement] INFO  server.RaftServerConfigKeys (ConfUtils.java:logGet(46)) - raft.server.leaderelection.leader.step-down.wait-time = 10s (default)
2024-02-22 20:33:39,320 [e46a6e51-795f-4801-a523-c45a6c7f2c34-groupManagement] INFO  server.RaftServerConfigKeys (ConfUtils.java:logGet(46)) - raft.server.leaderelection.member.majority-add = false (default)
2024-02-22 20:33:39,320 [e46a6e51-795f-4801-a523-c45a6c7f2c34-groupManagement] INFO  server.RaftServerConfigKeys (ConfUtils.java:logGet(46)) - raft.server.sleep.deviation.threshold = 300ms (default)
2024-02-22 20:33:39,320 [e46a6e51-795f-4801-a523-c45a6c7f2c34-groupManagement] INFO  server.RaftServer$Division (ServerState.java:<init>(113)) - e46a6e51-795f-4801-a523-c45a6c7f2c34@group-B95644BE5767: ConfigurationManager, init=-1: peers:[e46a6e51-795f-4801-a523-c45a6c7f2c34|10.1.0.33:15014]|listeners:[], old=null, confs=<EMPTY_MAP>
2024-02-22 20:33:39,320 [e46a6e51-795f-4801-a523-c45a6c7f2c34-groupManagement] INFO  server.RaftServerConfigKeys (ConfUtils.java:logGet(46)) - raft.server.notification.no-leader.timeout = 300s (custom)
2024-02-22 20:33:39,320 [e46a6e51-795f-4801-a523-c45a6c7f2c34-groupManagement] INFO  server.RaftServerConfigKeys (ConfUtils.java:logGet(46)) - raft.server.read.timeout = 10s (default)
2024-02-22 20:33:39,320 [e46a6e51-795f-4801-a523-c45a6c7f2c34-groupManagement] INFO  server.RaftServerConfigKeys (ConfUtils.java:logGet(46)) - raft.server.retrycache.expirytime = 600000ms (custom)
2024-02-22 20:33:39,320 [e46a6e51-795f-4801-a523-c45a6c7f2c34-groupManagement] INFO  server.RaftServerConfigKeys (ConfUtils.java:logGet(46)) - raft.server.retrycache.statistics.expirytime = 100ms (default)
2024-02-22 20:33:39,320 [e46a6e51-795f-4801-a523-c45a6c7f2c34-groupManagement] INFO  server.RaftServerConfigKeys (ConfUtils.java:logGet(46)) - raft.server.read.option = DEFAULT (default)
2024-02-22 20:33:39,320 [e46a6e51-795f-4801-a523-c45a6c7f2c34-groupManagement] INFO  server.RaftServerConfigKeys (ConfUtils.java:logGet(46)) - raft.server.read.read-after-write-consistent.write-index-cache.expiry-time = 60s (default)
2024-02-22 20:33:39,330 [e46a6e51-795f-4801-a523-c45a6c7f2c34-groupManagement] INFO  server.RaftServerConfigKeys (ConfUtils.java:logGet(46)) - raft.server.rpc.request.timeout = 60s (custom)
2024-02-22 20:33:39,330 [e46a6e51-795f-4801-a523-c45a6c7f2c34-groupManagement] INFO  server.RaftServerConfigKeys (ConfUtils.java:logGet(46)) - raft.server.log.appender.install.snapshot.enabled = false (custom)
2024-02-22 20:33:39,330 [e46a6e51-795f-4801-a523-c45a6c7f2c34-groupManagement] INFO  server.RaftServerConfigKeys (ConfUtils.java:logGet(46)) - raft.server.threadpool.server.cached = true (default)
2024-02-22 20:33:39,330 [e46a6e51-795f-4801-a523-c45a6c7f2c34-groupManagement] INFO  server.RaftServerConfigKeys (ConfUtils.java:logGet(46)) - raft.server.threadpool.server.size = 0 (default)
2024-02-22 20:33:39,330 [e46a6e51-795f-4801-a523-c45a6c7f2c34-groupManagement] INFO  server.RaftServerConfigKeys (ConfUtils.java:logGet(46)) - raft.server.threadpool.client.cached = true (default)
2024-02-22 20:33:39,330 [e46a6e51-795f-4801-a523-c45a6c7f2c34-groupManagement] INFO  server.RaftServerConfigKeys (ConfUtils.java:logGet(46)) - raft.server.threadpool.client.size = 0 (default)
2024-02-22 20:33:39,331 [e46a6e51-795f-4801-a523-c45a6c7f2c34-groupManagement] INFO  server.RaftServerConfigKeys (ConfUtils.java:logGet(46)) - raft.server.storage.free-space.min = 0MB (=0) (default)
2024-02-22 20:33:39,331 [e46a6e51-795f-4801-a523-c45a6c7f2c34-groupManagement] INFO  server.RaftServerConfigKeys (ConfUtils.java:logGet(46)) - raft.server.log.corruption.policy = EXCEPTION (default)
2024-02-22 20:33:39,331 [e46a6e51-795f-4801-a523-c45a6c7f2c34-groupManagement] INFO  server.RaftServerConfigKeys (ConfUtils.java:logGet(46)) - raft.server.storage.dir = [/home/runner/work/ozone/ozone/hadoop-ozone/integration-test/target/test-dir/MiniOzoneClusterImpl-a0fc024b-a492-45a5-9697-b0d14f72cb5c/datanode-0/data/ratis] (custom)
2024-02-22 20:33:39,331 [e46a6e51-795f-4801-a523-c45a6c7f2c34-groupManagement] INFO  storage.RaftStorageDirectory (RaftStorageDirectoryImpl.java:analyzeStorage(138)) - The storage directory /home/runner/work/ozone/ozone/hadoop-ozone/integration-test/target/test-dir/MiniOzoneClusterImpl-a0fc024b-a492-45a5-9697-b0d14f72cb5c/datanode-0/data/ratis/11a280ad-33a2-41da-bb9f-b95644be5767 does not exist. Creating ...
2024-02-22 20:33:39,333 [e46a6e51-795f-4801-a523-c45a6c7f2c34-groupManagement] INFO  storage.RaftStorageDirectory (RaftStorageDirectoryImpl.java:tryLock(228)) - Lock on /home/runner/work/ozone/ozone/hadoop-ozone/integration-test/target/test-dir/MiniOzoneClusterImpl-a0fc024b-a492-45a5-9697-b0d14f72cb5c/datanode-0/data/ratis/11a280ad-33a2-41da-bb9f-b95644be5767/in_use.lock acquired by nodename 30552@fv-az779-213
2024-02-22 20:33:39,334 [e46a6e51-795f-4801-a523-c45a6c7f2c34-groupManagement] INFO  storage.RaftStorage (RaftStorageImpl.java:format(99)) - Storage directory /home/runner/work/ozone/ozone/hadoop-ozone/integration-test/target/test-dir/MiniOzoneClusterImpl-a0fc024b-a492-45a5-9697-b0d14f72cb5c/datanode-0/data/ratis/11a280ad-33a2-41da-bb9f-b95644be5767 has been successfully formatted.
2024-02-22 20:33:39,337 [e46a6e51-795f-4801-a523-c45a6c7f2c34-groupManagement] WARN  util.FileUtils (LogUtils.java:supplyAndLog(63)) - Failed to Files.newInputStream /home/runner/work/ozone/ozone/hadoop-ozone/integration-test/target/test-dir/MiniOzoneClusterImpl-a0fc024b-a492-45a5-9697-b0d14f72cb5c/datanode-0/data/ratis/11a280ad-33a2-41da-bb9f-b95644be5767/current/raft-meta.conf with options []: java.nio.file.NoSuchFileException: /home/runner/work/ozone/ozone/hadoop-ozone/integration-test/target/test-dir/MiniOzoneClusterImpl-a0fc024b-a492-45a5-9697-b0d14f72cb5c/datanode-0/data/ratis/11a280ad-33a2-41da-bb9f-b95644be5767/current/raft-meta.conf
2024-02-22 20:33:39,340 [e46a6e51-795f-4801-a523-c45a6c7f2c34-groupManagement] INFO  ratis.ContainerStateMachine (ContainerStateMachine.java:loadSnapshot(287)) - group-B95644BE5767: The snapshot info is null. Setting the last applied index to:(t:0, i:~)
2024-02-22 20:33:39,340 [e46a6e51-795f-4801-a523-c45a6c7f2c34-groupManagement] INFO  server.RaftServerConfigKeys (ConfUtils.java:logGet(46)) - raft.server.log.use.memory = false (default)
2024-02-22 20:33:39,340 [e46a6e51-795f-4801-a523-c45a6c7f2c34-groupManagement] INFO  server.RaftServerConfigKeys (ConfUtils.java:logGet(46)) - raft.server.log.purge.gap = 1000000 (custom)
2024-02-22 20:33:39,340 [e46a6e51-795f-4801-a523-c45a6c7f2c34-groupManagement] INFO  server.RaftServerConfigKeys (ConfUtils.java:logGet(46)) - raft.server.log.appender.buffer.byte-limit = 8388608 (custom)
2024-02-22 20:33:39,340 [e46a6e51-795f-4801-a523-c45a6c7f2c34-groupManagement] INFO  server.RaftServerConfigKeys (ConfUtils.java:logGet(46)) - raft.server.log.statemachine.data.read.timeout = 1000ms (default)
2024-02-22 20:33:39,340 [e46a6e51-795f-4801-a523-c45a6c7f2c34-groupManagement] INFO  server.RaftServerConfigKeys (ConfUtils.java:logGet(46)) - raft.server.log.purge.preservation.log.num = 0 (default)
2024-02-22 20:33:39,344 [EventQueue-OpenPipelineForHealthyPipelineSafeModeRule] INFO  safemode.SCMSafeModeManager (HealthyPipelineSafeModeRule.java:process(140)) - SCM in safe mode. Healthy pipelines reported count is 0, required healthy pipeline reported count is 1
2024-02-22 20:33:39,349 [e46a6e51-795f-4801-a523-c45a6c7f2c34-groupManagement] INFO  server.RaftServerConfigKeys (ConfUtils.java:logGet(46)) - raft.server.log.segment.size.max = 67108864 (custom)
2024-02-22 20:33:39,350 [e46a6e51-795f-4801-a523-c45a6c7f2c34-groupManagement] INFO  server.RaftServerConfigKeys (ConfUtils.java:logGet(46)) - raft.server.log.segment.cache.num.max = 2 (custom)
2024-02-22 20:33:39,350 [e46a6e51-795f-4801-a523-c45a6c7f2c34-groupManagement] INFO  server.RaftServerConfigKeys (ConfUtils.java:logGet(46)) - raft.server.log.segment.cache.size.max = 200MB (=209715200) (default)
2024-02-22 20:33:39,350 [e46a6e51-795f-4801-a523-c45a6c7f2c34-groupManagement] INFO  server.RaftServerConfigKeys (ConfUtils.java:logGet(46)) - raft.server.log.appender.buffer.byte-limit = 8388608 (custom)
2024-02-22 20:33:39,350 [e46a6e51-795f-4801-a523-c45a6c7f2c34-groupManagement] INFO  util.AwaitToRun (AwaitToRun.java:start(81)) - Thread[e46a6e51-795f-4801-a523-c45a6c7f2c34@group-B95644BE5767-cacheEviction-AwaitToRun,5,main] started
2024-02-22 20:33:39,351 [e46a6e51-795f-4801-a523-c45a6c7f2c34-groupManagement] INFO  segmented.SegmentedRaftLogWorker (SegmentedRaftLogWorker.java:<init>(182)) - new e46a6e51-795f-4801-a523-c45a6c7f2c34@group-B95644BE5767-SegmentedRaftLogWorker for RaftStorageImpl:Storage Directory /home/runner/work/ozone/ozone/hadoop-ozone/integration-test/target/test-dir/MiniOzoneClusterImpl-a0fc024b-a492-45a5-9697-b0d14f72cb5c/datanode-0/data/ratis/11a280ad-33a2-41da-bb9f-b95644be5767
2024-02-22 20:33:39,351 [e46a6e51-795f-4801-a523-c45a6c7f2c34-groupManagement] INFO  server.RaftServerConfigKeys (ConfUtils.java:logGet(46)) - raft.server.log.queue.byte-limit = 4294967296 (custom)
2024-02-22 20:33:39,351 [e46a6e51-795f-4801-a523-c45a6c7f2c34-groupManagement] INFO  server.RaftServerConfigKeys (ConfUtils.java:logGet(46)) - raft.server.log.queue.element-limit = 1024 (custom)
2024-02-22 20:33:39,351 [e46a6e51-795f-4801-a523-c45a6c7f2c34-groupManagement] INFO  server.RaftServerConfigKeys (ConfUtils.java:logGet(46)) - raft.server.log.segment.size.max = 67108864 (custom)
2024-02-22 20:33:39,351 [e46a6e51-795f-4801-a523-c45a6c7f2c34-groupManagement] INFO  server.RaftServerConfigKeys (ConfUtils.java:logGet(46)) - raft.server.log.preallocated.size = 4194304 (custom)
2024-02-22 20:33:39,351 [e46a6e51-795f-4801-a523-c45a6c7f2c34-groupManagement] INFO  server.RaftServerConfigKeys (ConfUtils.java:logGet(46)) - raft.server.log.force.sync.num = 128 (default)
2024-02-22 20:33:39,351 [e46a6e51-795f-4801-a523-c45a6c7f2c34-groupManagement] INFO  server.RaftServerConfigKeys (ConfUtils.java:logGet(46)) - raft.server.log.statemachine.data.sync = true (default)
2024-02-22 20:33:39,351 [e46a6e51-795f-4801-a523-c45a6c7f2c34-groupManagement] INFO  server.RaftServerConfigKeys (ConfUtils.java:logGet(46)) - raft.server.log.statemachine.data.sync.timeout = 10s (default)
2024-02-22 20:33:39,351 [e46a6e51-795f-4801-a523-c45a6c7f2c34-groupManagement] INFO  server.RaftServerConfigKeys (ConfUtils.java:logGet(46)) - raft.server.log.statemachine.data.sync.timeout.retry = 0 (custom)
2024-02-22 20:33:39,352 [e46a6e51-795f-4801-a523-c45a6c7f2c34-groupManagement] INFO  server.RaftServerConfigKeys (ConfUtils.java:logGet(46)) - raft.server.log.write.buffer.size = 8388616 (custom)
2024-02-22 20:33:39,354 [e46a6e51-795f-4801-a523-c45a6c7f2c34-groupManagement] INFO  server.RaftServerConfigKeys (ConfUtils.java:logGet(46)) - raft.server.log.appender.buffer.byte-limit = 8388608 (custom)
2024-02-22 20:33:39,354 [e46a6e51-795f-4801-a523-c45a6c7f2c34-groupManagement] INFO  server.RaftServerConfigKeys (ConfUtils.java:logGet(46)) - raft.server.log.unsafe-flush.enabled = false (default)
2024-02-22 20:33:39,354 [e46a6e51-795f-4801-a523-c45a6c7f2c34-groupManagement] INFO  server.RaftServerConfigKeys (ConfUtils.java:logGet(46)) - raft.server.log.async-flush.enabled = false (default)
2024-02-22 20:33:39,354 [e46a6e51-795f-4801-a523-c45a6c7f2c34-groupManagement] INFO  server.RaftServerConfigKeys (ConfUtils.java:logGet(46)) - raft.server.log.statemachine.data.caching.enabled = true (custom)
2024-02-22 20:33:39,355 [e46a6e51-795f-4801-a523-c45a6c7f2c34-groupManagement] INFO  segmented.SegmentedRaftLogWorker (SegmentedRaftLogWorker.java:lambda$new$0(134)) - e46a6e51-795f-4801-a523-c45a6c7f2c34@group-B95644BE5767-SegmentedRaftLogWorker: flushIndex: setUnconditionally 0 -> -1
2024-02-22 20:33:39,355 [e46a6e51-795f-4801-a523-c45a6c7f2c34-groupManagement] INFO  segmented.SegmentedRaftLogWorker (SegmentedRaftLogWorker.java:lambda$new$0(134)) - e46a6e51-795f-4801-a523-c45a6c7f2c34@group-B95644BE5767-SegmentedRaftLogWorker: safeCacheEvictIndex: setUnconditionally 0 -> -1
2024-02-22 20:33:39,355 [e46a6e51-795f-4801-a523-c45a6c7f2c34-groupManagement] INFO  server.RaftServer$Division (RaftServerImpl.java:start(396)) - e46a6e51-795f-4801-a523-c45a6c7f2c34@group-B95644BE5767: start as a follower, conf=-1: peers:[e46a6e51-795f-4801-a523-c45a6c7f2c34|10.1.0.33:15014]|listeners:[], old=null
2024-02-22 20:33:39,355 [e46a6e51-795f-4801-a523-c45a6c7f2c34-groupManagement] INFO  server.RaftServer$Division (RaftServerImpl.java:setRole(383)) - e46a6e51-795f-4801-a523-c45a6c7f2c34@group-B95644BE5767: changes role from      null to FOLLOWER at term 0 for startAsFollower
2024-02-22 20:33:39,355 [e46a6e51-795f-4801-a523-c45a6c7f2c34-groupManagement] INFO  impl.RoleInfo (RoleInfo.java:updateAndGet(139)) - e46a6e51-795f-4801-a523-c45a6c7f2c34: start e46a6e51-795f-4801-a523-c45a6c7f2c34@group-B95644BE5767-FollowerState
2024-02-22 20:33:39,357 [e46a6e51-795f-4801-a523-c45a6c7f2c34@group-B95644BE5767-FollowerState] INFO  server.RaftServerConfigKeys (ConfUtils.java:logFallback(53)) - raft.server.rpc.first-election.timeout.min = 5s (fallback to raft.server.rpc.timeout.min)
2024-02-22 20:33:39,357 [e46a6e51-795f-4801-a523-c45a6c7f2c34@group-B95644BE5767-FollowerState] INFO  server.RaftServerConfigKeys (ConfUtils.java:logFallback(53)) - raft.server.rpc.first-election.timeout.max = 5200ms (fallback to raft.server.rpc.timeout.max)
2024-02-22 20:33:39,357 [e46a6e51-795f-4801-a523-c45a6c7f2c34-groupManagement] INFO  util.JmxRegister (JmxRegister.java:tryRegister(44)) - Successfully registered JMX Bean with object name Ratis:service=RaftServer,group=group-B95644BE5767,id=e46a6e51-795f-4801-a523-c45a6c7f2c34
2024-02-22 20:33:39,358 [e46a6e51-795f-4801-a523-c45a6c7f2c34-groupManagement] INFO  server.RaftServerConfigKeys (ConfUtils.java:logGet(46)) - raft.server.snapshot.trigger-when-stop.enabled = true (default)
2024-02-22 20:33:39,358 [e46a6e51-795f-4801-a523-c45a6c7f2c34-groupManagement] INFO  server.RaftServerConfigKeys (ConfUtils.java:logGet(46)) - raft.server.snapshot.auto.trigger.enabled = true (custom)
2024-02-22 20:33:39,358 [e46a6e51-795f-4801-a523-c45a6c7f2c34-groupManagement] INFO  server.RaftServerConfigKeys (ConfUtils.java:logGet(46)) - raft.server.snapshot.auto.trigger.threshold = 10000 (custom)
2024-02-22 20:33:39,358 [e46a6e51-795f-4801-a523-c45a6c7f2c34-groupManagement] INFO  server.RaftServerConfigKeys (ConfUtils.java:logGet(46)) - raft.server.snapshot.retention.file.num = 5 (custom)
2024-02-22 20:33:39,358 [e46a6e51-795f-4801-a523-c45a6c7f2c34-groupManagement] INFO  server.RaftServerConfigKeys (ConfUtils.java:logGet(46)) - raft.server.log.purge.upto.snapshot.index = false (default)
2024-02-22 20:33:39,368 [e46a6e51-795f-4801-a523-c45a6c7f2c34-PipelineCommandHandlerThread-0] INFO  ratis.XceiverServerRatis (XceiverServerRatis.java:addGroup(864)) - Created group PipelineID=11a280ad-33a2-41da-bb9f-b95644be5767
2024-02-22 20:33:39,368 [e46a6e51-795f-4801-a523-c45a6c7f2c34-PipelineCommandHandlerThread-0] INFO  commandhandler.CreatePipelineCommandHandler (CreatePipelineCommandHandler.java:lambda$handle$2(124)) - Created Pipeline RATIS ONE PipelineID=11a280ad-33a2-41da-bb9f-b95644be5767.
2024-02-22 20:33:39,369 [e46a6e51-795f-4801-a523-c45a6c7f2c34-PipelineCommandHandlerThread-0] INFO  server.RaftServer (RaftServerProxy.java:addNew(100)) - e46a6e51-795f-4801-a523-c45a6c7f2c34: addNew group-5D786B606559:[923be64f-71f4-4891-b05d-82ff5a9df5b5|10.1.0.33:15023, e46a6e51-795f-4801-a523-c45a6c7f2c34|10.1.0.33:15014, d25dc3b0-28fc-4383-b1a0-617845025f41|10.1.0.33:15032] returns group-5D786B606559:java.util.concurrent.CompletableFuture@455fdd35[Not completed]
2024-02-22 20:33:39,370 [e46a6e51-795f-4801-a523-c45a6c7f2c34-groupManagement] INFO  server.RaftServer$Division (RaftServerImpl.java:<init>(256)) - e46a6e51-795f-4801-a523-c45a6c7f2c34: new RaftServerImpl for group-5D786B606559:[923be64f-71f4-4891-b05d-82ff5a9df5b5|10.1.0.33:15023, e46a6e51-795f-4801-a523-c45a6c7f2c34|10.1.0.33:15014, d25dc3b0-28fc-4383-b1a0-617845025f41|10.1.0.33:15032] with ContainerStateMachine:uninitialized
2024-02-22 20:33:39,370 [e46a6e51-795f-4801-a523-c45a6c7f2c34-groupManagement] INFO  server.RaftServerConfigKeys (ConfUtils.java:logGet(46)) - raft.server.rpc.timeout.min = 5s (custom)
2024-02-22 20:33:39,370 [e46a6e51-795f-4801-a523-c45a6c7f2c34-groupManagement] INFO  server.RaftServerConfigKeys (ConfUtils.java:logGet(46)) - raft.server.rpc.timeout.max = 5200ms (custom)
2024-02-22 20:33:39,370 [e46a6e51-795f-4801-a523-c45a6c7f2c34-groupManagement] INFO  server.RaftServerConfigKeys (ConfUtils.java:logGet(46)) - raft.server.rpc.sleep.time = 25ms (default)
2024-02-22 20:33:39,370 [e46a6e51-795f-4801-a523-c45a6c7f2c34-groupManagement] INFO  server.RaftServerConfigKeys (ConfUtils.java:logGet(46)) - raft.server.rpc.slowness.timeout = 300s (custom)
2024-02-22 20:33:39,370 [e46a6e51-795f-4801-a523-c45a6c7f2c34-groupManagement] INFO  server.RaftServerConfigKeys (ConfUtils.java:logGet(46)) - raft.server.leaderelection.leader.step-down.wait-time = 10s (default)
2024-02-22 20:33:39,370 [e46a6e51-795f-4801-a523-c45a6c7f2c34-groupManagement] INFO  server.RaftServerConfigKeys (ConfUtils.java:logGet(46)) - raft.server.leaderelection.member.majority-add = false (default)
2024-02-22 20:33:39,370 [e46a6e51-795f-4801-a523-c45a6c7f2c34-groupManagement] INFO  server.RaftServerConfigKeys (ConfUtils.java:logGet(46)) - raft.server.sleep.deviation.threshold = 300ms (default)
2024-02-22 20:33:39,371 [e46a6e51-795f-4801-a523-c45a6c7f2c34-groupManagement] INFO  server.RaftServer$Division (ServerState.java:<init>(113)) - e46a6e51-795f-4801-a523-c45a6c7f2c34@group-5D786B606559: ConfigurationManager, init=-1: peers:[923be64f-71f4-4891-b05d-82ff5a9df5b5|10.1.0.33:15023, e46a6e51-795f-4801-a523-c45a6c7f2c34|10.1.0.33:15014, d25dc3b0-28fc-4383-b1a0-617845025f41|10.1.0.33:15032]|listeners:[], old=null, confs=<EMPTY_MAP>
2024-02-22 20:33:39,371 [e46a6e51-795f-4801-a523-c45a6c7f2c34-groupManagement] INFO  server.RaftServerConfigKeys (ConfUtils.java:logGet(46)) - raft.server.notification.no-leader.timeout = 300s (custom)
2024-02-22 20:33:39,371 [e46a6e51-795f-4801-a523-c45a6c7f2c34-groupManagement] INFO  server.RaftServerConfigKeys (ConfUtils.java:logGet(46)) - raft.server.read.timeout = 10s (default)
2024-02-22 20:33:39,371 [e46a6e51-795f-4801-a523-c45a6c7f2c34-groupManagement] INFO  server.RaftServerConfigKeys (ConfUtils.java:logGet(46)) - raft.server.retrycache.expirytime = 600000ms (custom)
2024-02-22 20:33:39,371 [e46a6e51-795f-4801-a523-c45a6c7f2c34-groupManagement] INFO  server.RaftServerConfigKeys (ConfUtils.java:logGet(46)) - raft.server.retrycache.statistics.expirytime = 100ms (default)
2024-02-22 20:33:39,371 [e46a6e51-795f-4801-a523-c45a6c7f2c34-groupManagement] INFO  server.RaftServerConfigKeys (ConfUtils.java:logGet(46)) - raft.server.read.option = DEFAULT (default)
2024-02-22 20:33:39,371 [e46a6e51-795f-4801-a523-c45a6c7f2c34-groupManagement] INFO  server.RaftServerConfigKeys (ConfUtils.java:logGet(46)) - raft.server.read.read-after-write-consistent.write-index-cache.expiry-time = 60s (default)
2024-02-22 20:33:39,377 [EventQueue-HealthyReadonlyNodeForHealthyReadOnlyNodeHandler] INFO  node.HealthyReadOnlyNodeHandler (HealthyReadOnlyNodeHandler.java:onMessage(55)) - Datanode 13f92446-3b18-4d81-bc66-0f9b00220e72(fv-az779-213.k0faouyluq4u1aavuapgg5xmpb.cx.internal.cloudapp.net/10.1.0.33) moved to HEALTHY READONLY state.
2024-02-22 20:33:39,377 [EventQueue-HealthyReadonlyToHealthyNodeForReadOnlyHealthyToHealthyNodeHandler] INFO  node.ReadOnlyHealthyToHealthyNodeHandler (ReadOnlyHealthyToHealthyNodeHandler.java:onMessage(51)) - Datanode c30fedce-f286-40e0-881d-3d5a9a6e2463(fv-az779-213.k0faouyluq4u1aavuapgg5xmpb.cx.internal.cloudapp.net/10.1.0.33) moved to HEALTHY state.
2024-02-22 20:33:39,377 [EventQueue-HealthyReadonlyNodeForHealthyReadOnlyNodeHandler] INFO  node.HealthyReadOnlyNodeHandler (HealthyReadOnlyNodeHandler.java:onMessage(87)) - Sending close command for pipeline PipelineID=d218b5b2-1780-4e0a-a27d-ef19ab1be06f in state CLOSED which uses HEALTHY_READONLY datanode 13f92446-3b18-4d81-bc66-0f9b00220e72. This will send close commands for its containers.
2024-02-22 20:33:39,377 [EventQueue-HealthyReadonlyToHealthyNodeForReadOnlyHealthyToHealthyNodeHandler] INFO  pipeline.BackgroundPipelineCreator (BackgroundPipelineCreator.java:notifyEventTriggered(280)) - trigger a one-shot run on RatisPipelineUtilsThread.
2024-02-22 20:33:39,377 [EventQueue-HealthyReadonlyNodeForHealthyReadOnlyNodeHandler] INFO  node.HealthyReadOnlyNodeHandler (HealthyReadOnlyNodeHandler.java:onMessage(87)) - Sending close command for pipeline PipelineID=974fd487-4b0f-4554-8c0f-c4bff782ab50 in state CLOSED which uses HEALTHY_READONLY datanode 13f92446-3b18-4d81-bc66-0f9b00220e72. This will send close commands for its containers.
2024-02-22 20:33:39,377 [EventQueue-HealthyReadonlyNodeForHealthyReadOnlyNodeHandler] INFO  node.HealthyReadOnlyNodeHandler (HealthyReadOnlyNodeHandler.java:onMessage(87)) - Sending close command for pipeline PipelineID=d49f5e63-9859-43c9-95b6-b58ed9299b6f in state CLOSED which uses HEALTHY_READONLY datanode 13f92446-3b18-4d81-bc66-0f9b00220e72. This will send close commands for its containers.
2024-02-22 20:33:39,378 [RatisPipelineUtilsThread-0] INFO  pipeline.RatisPipelineProvider (RatisPipelineProvider.java:lambda$create$0(205)) - Sending CreatePipelineCommand for pipeline:PipelineID=3026ec21-9570-4ecf-bd50-2db48ff385fc to datanode:c30fedce-f286-40e0-881d-3d5a9a6e2463
2024-02-22 20:33:39,378 [e46a6e51-795f-4801-a523-c45a6c7f2c34-groupManagement] INFO  server.RaftServerConfigKeys (ConfUtils.java:logGet(46)) - raft.server.rpc.request.timeout = 60s (custom)
2024-02-22 20:33:39,379 [RatisPipelineUtilsThread-0] INFO  pipeline.BackgroundPipelineCreator (BackgroundPipelineCreator.java:createPipelines(236)) - Created new pipeline Pipeline[ Id: 3026ec21-9570-4ecf-bd50-2db48ff385fc, Nodes: c30fedce-f286-40e0-881d-3d5a9a6e2463(fv-az779-213.k0faouyluq4u1aavuapgg5xmpb.cx.internal.cloudapp.net/10.1.0.33), ReplicationConfig: RATIS/ONE, State:ALLOCATED, leaderId:, CreationTimestamp2024-02-22T20:33:39.378Z[Etc/UTC]]
2024-02-22 20:33:39,379 [e46a6e51-795f-4801-a523-c45a6c7f2c34-groupManagement] INFO  server.RaftServerConfigKeys (ConfUtils.java:logGet(46)) - raft.server.log.appender.install.snapshot.enabled = false (custom)
2024-02-22 20:33:39,379 [e46a6e51-795f-4801-a523-c45a6c7f2c34-groupManagement] INFO  server.RaftServerConfigKeys (ConfUtils.java:logGet(46)) - raft.server.threadpool.server.cached = true (default)
2024-02-22 20:33:39,379 [e46a6e51-795f-4801-a523-c45a6c7f2c34-groupManagement] INFO  server.RaftServerConfigKeys (ConfUtils.java:logGet(46)) - raft.server.threadpool.server.size = 0 (default)
2024-02-22 20:33:39,379 [e46a6e51-795f-4801-a523-c45a6c7f2c34-groupManagement] INFO  server.RaftServerConfigKeys (ConfUtils.java:logGet(46)) - raft.server.threadpool.client.cached = true (default)
2024-02-22 20:33:39,379 [e46a6e51-795f-4801-a523-c45a6c7f2c34-groupManagement] INFO  server.RaftServerConfigKeys (ConfUtils.java:logGet(46)) - raft.server.threadpool.client.size = 0 (default)
2024-02-22 20:33:39,379 [e46a6e51-795f-4801-a523-c45a6c7f2c34-groupManagement] INFO  server.RaftServerConfigKeys (ConfUtils.java:logGet(46)) - raft.server.storage.free-space.min = 0MB (=0) (default)
2024-02-22 20:33:39,379 [RatisPipelineUtilsThread-0] INFO  pipeline.RatisPipelineProvider (RatisPipelineProvider.java:lambda$create$0(205)) - Sending CreatePipelineCommand for pipeline:PipelineID=b7d85f91-fa2f-4c6c-8457-34e96220011a to datanode:86ab988c-fa9c-425d-a1c6-9004ff7fd93d
2024-02-22 20:33:39,379 [e46a6e51-795f-4801-a523-c45a6c7f2c34-groupManagement] INFO  server.RaftServerConfigKeys (ConfUtils.java:logGet(46)) - raft.server.log.corruption.policy = EXCEPTION (default)
2024-02-22 20:33:39,379 [RatisPipelineUtilsThread-0] INFO  pipeline.RatisPipelineProvider (RatisPipelineProvider.java:lambda$create$0(205)) - Sending CreatePipelineCommand for pipeline:PipelineID=b7d85f91-fa2f-4c6c-8457-34e96220011a to datanode:c30fedce-f286-40e0-881d-3d5a9a6e2463
2024-02-22 20:33:39,379 [e46a6e51-795f-4801-a523-c45a6c7f2c34-groupManagement] INFO  server.RaftServerConfigKeys (ConfUtils.java:logGet(46)) - raft.server.storage.dir = [/home/runner/work/ozone/ozone/hadoop-ozone/integration-test/target/test-dir/MiniOzoneClusterImpl-a0fc024b-a492-45a5-9697-b0d14f72cb5c/datanode-0/data/ratis] (custom)
2024-02-22 20:33:39,379 [RatisPipelineUtilsThread-0] INFO  pipeline.RatisPipelineProvider (RatisPipelineProvider.java:lambda$create$0(205)) - Sending CreatePipelineCommand for pipeline:PipelineID=b7d85f91-fa2f-4c6c-8457-34e96220011a to datanode:dc26353c-d48a-467d-89cd-3a7c4b626396
2024-02-22 20:33:39,380 [e46a6e51-795f-4801-a523-c45a6c7f2c34-groupManagement] INFO  storage.RaftStorageDirectory (RaftStorageDirectoryImpl.java:analyzeStorage(138)) - The storage directory /home/runner/work/ozone/ozone/hadoop-ozone/integration-test/target/test-dir/MiniOzoneClusterImpl-a0fc024b-a492-45a5-9697-b0d14f72cb5c/datanode-0/data/ratis/fe00566f-73d9-496a-868e-5d786b606559 does not exist. Creating ...
2024-02-22 20:33:39,380 [RatisPipelineUtilsThread-0] INFO  pipeline.BackgroundPipelineCreator (BackgroundPipelineCreator.java:createPipelines(236)) - Created new pipeline Pipeline[ Id: b7d85f91-fa2f-4c6c-8457-34e96220011a, Nodes: 86ab988c-fa9c-425d-a1c6-9004ff7fd93d(fv-az779-213.k0faouyluq4u1aavuapgg5xmpb.cx.internal.cloudapp.net/10.1.0.33)c30fedce-f286-40e0-881d-3d5a9a6e2463(fv-az779-213.k0faouyluq4u1aavuapgg5xmpb.cx.internal.cloudapp.net/10.1.0.33)dc26353c-d48a-467d-89cd-3a7c4b626396(fv-az779-213.k0faouyluq4u1aavuapgg5xmpb.cx.internal.cloudapp.net/10.1.0.33), ReplicationConfig: RATIS/THREE, State:ALLOCATED, leaderId:, CreationTimestamp2024-02-22T20:33:39.379Z[Etc/UTC]]
2024-02-22 20:33:39,381 [e46a6e51-795f-4801-a523-c45a6c7f2c34-groupManagement] INFO  storage.RaftStorageDirectory (RaftStorageDirectoryImpl.java:tryLock(228)) - Lock on /home/runner/work/ozone/ozone/hadoop-ozone/integration-test/target/test-dir/MiniOzoneClusterImpl-a0fc024b-a492-45a5-9697-b0d14f72cb5c/datanode-0/data/ratis/fe00566f-73d9-496a-868e-5d786b606559/in_use.lock acquired by nodename 30552@fv-az779-213
2024-02-22 20:33:39,382 [e46a6e51-795f-4801-a523-c45a6c7f2c34-groupManagement] INFO  storage.RaftStorage (RaftStorageImpl.java:format(99)) - Storage directory /home/runner/work/ozone/ozone/hadoop-ozone/integration-test/target/test-dir/MiniOzoneClusterImpl-a0fc024b-a492-45a5-9697-b0d14f72cb5c/datanode-0/data/ratis/fe00566f-73d9-496a-868e-5d786b606559 has been successfully formatted.
2024-02-22 20:33:39,382 [e46a6e51-795f-4801-a523-c45a6c7f2c34-groupManagement] WARN  util.FileUtils (LogUtils.java:supplyAndLog(63)) - Failed to Files.newInputStream /home/runner/work/ozone/ozone/hadoop-ozone/integration-test/target/test-dir/MiniOzoneClusterImpl-a0fc024b-a492-45a5-9697-b0d14f72cb5c/datanode-0/data/ratis/fe00566f-73d9-496a-868e-5d786b606559/current/raft-meta.conf with options []: java.nio.file.NoSuchFileException: /home/runner/work/ozone/ozone/hadoop-ozone/integration-test/target/test-dir/MiniOzoneClusterImpl-a0fc024b-a492-45a5-9697-b0d14f72cb5c/datanode-0/data/ratis/fe00566f-73d9-496a-868e-5d786b606559/current/raft-meta.conf
2024-02-22 20:33:39,383 [e46a6e51-795f-4801-a523-c45a6c7f2c34-groupManagement] INFO  ratis.ContainerStateMachine (ContainerStateMachine.java:loadSnapshot(287)) - group-5D786B606559: The snapshot info is null. Setting the last applied index to:(t:0, i:~)
2024-02-22 20:33:39,383 [e46a6e51-795f-4801-a523-c45a6c7f2c34-groupManagement] INFO  server.RaftServerConfigKeys (ConfUtils.java:logGet(46)) - raft.server.log.use.memory = false (default)
2024-02-22 20:33:39,383 [e46a6e51-795f-4801-a523-c45a6c7f2c34-groupManagement] INFO  server.RaftServerConfigKeys (ConfUtils.java:logGet(46)) - raft.server.log.purge.gap = 1000000 (custom)
2024-02-22 20:33:39,383 [e46a6e51-795f-4801-a523-c45a6c7f2c34-groupManagement] INFO  server.RaftServerConfigKeys (ConfUtils.java:logGet(46)) - raft.server.log.appender.buffer.byte-limit = 8388608 (custom)
2024-02-22 20:33:39,385 [EventQueue-OpenPipelineForHealthyPipelineSafeModeRule] INFO  safemode.SCMSafeModeManager (HealthyPipelineSafeModeRule.java:process(140)) - SCM in safe mode. Healthy pipelines reported count is 0, required healthy pipeline reported count is 1
2024-02-22 20:33:39,385 [e46a6e51-795f-4801-a523-c45a6c7f2c34-groupManagement] INFO  server.RaftServerConfigKeys (ConfUtils.java:logGet(46)) - raft.server.log.statemachine.data.read.timeout = 1000ms (default)
2024-02-22 20:33:39,385 [e46a6e51-795f-4801-a523-c45a6c7f2c34-groupManagement] INFO  server.RaftServerConfigKeys (ConfUtils.java:logGet(46)) - raft.server.log.purge.preservation.log.num = 0 (default)
2024-02-22 20:33:39,389 [e46a6e51-795f-4801-a523-c45a6c7f2c34-groupManagement] INFO  server.RaftServerConfigKeys (ConfUtils.java:logGet(46)) - raft.server.log.segment.size.max = 67108864 (custom)
2024-02-22 20:33:39,390 [e46a6e51-795f-4801-a523-c45a6c7f2c34-groupManagement] INFO  server.RaftServerConfigKeys (ConfUtils.java:logGet(46)) - raft.server.log.segment.cache.num.max = 2 (custom)
2024-02-22 20:33:39,390 [e46a6e51-795f-4801-a523-c45a6c7f2c34-groupManagement] INFO  server.RaftServerConfigKeys (ConfUtils.java:logGet(46)) - raft.server.log.segment.cache.size.max = 200MB (=209715200) (default)
2024-02-22 20:33:39,390 [e46a6e51-795f-4801-a523-c45a6c7f2c34-groupManagement] INFO  server.RaftServerConfigKeys (ConfUtils.java:logGet(46)) - raft.server.log.appender.buffer.byte-limit = 8388608 (custom)
2024-02-22 20:33:39,394 [e46a6e51-795f-4801-a523-c45a6c7f2c34-groupManagement] INFO  util.AwaitToRun (AwaitToRun.java:start(81)) - Thread[e46a6e51-795f-4801-a523-c45a6c7f2c34@group-5D786B606559-cacheEviction-AwaitToRun,5,main] started
2024-02-22 20:33:39,394 [e46a6e51-795f-4801-a523-c45a6c7f2c34-groupManagement] INFO  segmented.SegmentedRaftLogWorker (SegmentedRaftLogWorker.java:<init>(182)) - new e46a6e51-795f-4801-a523-c45a6c7f2c34@group-5D786B606559-SegmentedRaftLogWorker for RaftStorageImpl:Storage Directory /home/runner/work/ozone/ozone/hadoop-ozone/integration-test/target/test-dir/MiniOzoneClusterImpl-a0fc024b-a492-45a5-9697-b0d14f72cb5c/datanode-0/data/ratis/fe00566f-73d9-496a-868e-5d786b606559
2024-02-22 20:33:39,394 [e46a6e51-795f-4801-a523-c45a6c7f2c34-groupManagement] INFO  server.RaftServerConfigKeys (ConfUtils.java:logGet(46)) - raft.server.log.queue.byte-limit = 4294967296 (custom)
2024-02-22 20:33:39,394 [e46a6e51-795f-4801-a523-c45a6c7f2c34-groupManagement] INFO  server.RaftServerConfigKeys (ConfUtils.java:logGet(46)) - raft.server.log.queue.element-limit = 1024 (custom)
2024-02-22 20:33:39,394 [e46a6e51-795f-4801-a523-c45a6c7f2c34-groupManagement] INFO  server.RaftServerConfigKeys (ConfUtils.java:logGet(46)) - raft.server.log.segment.size.max = 67108864 (custom)
2024-02-22 20:33:39,394 [e46a6e51-795f-4801-a523-c45a6c7f2c34-groupManagement] INFO  server.RaftServerConfigKeys (ConfUtils.java:logGet(46)) - raft.server.log.preallocated.size = 4194304 (custom)
2024-02-22 20:33:39,394 [e46a6e51-795f-4801-a523-c45a6c7f2c34-groupManagement] INFO  server.RaftServerConfigKeys (ConfUtils.java:logGet(46)) - raft.server.log.force.sync.num = 128 (default)
2024-02-22 20:33:39,395 [e46a6e51-795f-4801-a523-c45a6c7f2c34-groupManagement] INFO  server.RaftServerConfigKeys (ConfUtils.java:logGet(46)) - raft.server.log.statemachine.data.sync = true (default)
2024-02-22 20:33:39,395 [e46a6e51-795f-4801-a523-c45a6c7f2c34-groupManagement] INFO  server.RaftServerConfigKeys (ConfUtils.java:logGet(46)) - raft.server.log.statemachine.data.sync.timeout = 10s (default)
2024-02-22 20:33:39,395 [e46a6e51-795f-4801-a523-c45a6c7f2c34-groupManagement] INFO  server.RaftServerConfigKeys (ConfUtils.java:logGet(46)) - raft.server.log.statemachine.data.sync.timeout.retry = 0 (custom)
2024-02-22 20:33:39,395 [e46a6e51-795f-4801-a523-c45a6c7f2c34-groupManagement] INFO  server.RaftServerConfigKeys (ConfUtils.java:logGet(46)) - raft.server.log.write.buffer.size = 8388616 (custom)
2024-02-22 20:33:39,397 [e46a6e51-795f-4801-a523-c45a6c7f2c34-groupManagement] INFO  server.RaftServerConfigKeys (ConfUtils.java:logGet(46)) - raft.server.log.appender.buffer.byte-limit = 8388608 (custom)
2024-02-22 20:33:39,397 [e46a6e51-795f-4801-a523-c45a6c7f2c34-groupManagement] INFO  server.RaftServerConfigKeys (ConfUtils.java:logGet(46)) - raft.server.log.unsafe-flush.enabled = false (default)
2024-02-22 20:33:39,397 [e46a6e51-795f-4801-a523-c45a6c7f2c34-groupManagement] INFO  server.RaftServerConfigKeys (ConfUtils.java:logGet(46)) - raft.server.log.async-flush.enabled = false (default)
2024-02-22 20:33:39,397 [e46a6e51-795f-4801-a523-c45a6c7f2c34-groupManagement] INFO  server.RaftServerConfigKeys (ConfUtils.java:logGet(46)) - raft.server.log.statemachine.data.caching.enabled = true (custom)
2024-02-22 20:33:39,398 [e46a6e51-795f-4801-a523-c45a6c7f2c34-groupManagement] INFO  segmented.SegmentedRaftLogWorker (SegmentedRaftLogWorker.java:lambda$new$0(134)) - e46a6e51-795f-4801-a523-c45a6c7f2c34@group-5D786B606559-SegmentedRaftLogWorker: flushIndex: setUnconditionally 0 -> -1
2024-02-22 20:33:39,398 [e46a6e51-795f-4801-a523-c45a6c7f2c34-groupManagement] INFO  segmented.SegmentedRaftLogWorker (SegmentedRaftLogWorker.java:lambda$new$0(134)) - e46a6e51-795f-4801-a523-c45a6c7f2c34@group-5D786B606559-SegmentedRaftLogWorker: safeCacheEvictIndex: setUnconditionally 0 -> -1
2024-02-22 20:33:39,398 [e46a6e51-795f-4801-a523-c45a6c7f2c34-groupManagement] INFO  server.RaftServer$Division (RaftServerImpl.java:start(396)) - e46a6e51-795f-4801-a523-c45a6c7f2c34@group-5D786B606559: start as a follower, conf=-1: peers:[923be64f-71f4-4891-b05d-82ff5a9df5b5|10.1.0.33:15023, e46a6e51-795f-4801-a523-c45a6c7f2c34|10.1.0.33:15014, d25dc3b0-28fc-4383-b1a0-617845025f41|10.1.0.33:15032]|listeners:[], old=null
2024-02-22 20:33:39,398 [e46a6e51-795f-4801-a523-c45a6c7f2c34-groupManagement] INFO  server.RaftServer$Division (RaftServerImpl.java:setRole(383)) - e46a6e51-795f-4801-a523-c45a6c7f2c34@group-5D786B606559: changes role from      null to FOLLOWER at term 0 for startAsFollower
2024-02-22 20:33:39,399 [e46a6e51-795f-4801-a523-c45a6c7f2c34-groupManagement] INFO  impl.RoleInfo (RoleInfo.java:updateAndGet(139)) - e46a6e51-795f-4801-a523-c45a6c7f2c34: start e46a6e51-795f-4801-a523-c45a6c7f2c34@group-5D786B606559-FollowerState
2024-02-22 20:33:39,399 [e46a6e51-795f-4801-a523-c45a6c7f2c34@group-5D786B606559-FollowerState] INFO  server.RaftServerConfigKeys (ConfUtils.java:logFallback(53)) - raft.server.rpc.first-election.timeout.min = 5s (fallback to raft.server.rpc.timeout.min)
2024-02-22 20:33:39,399 [e46a6e51-795f-4801-a523-c45a6c7f2c34-groupManagement] INFO  util.JmxRegister (JmxRegister.java:tryRegister(44)) - Successfully registered JMX Bean with object name Ratis:service=RaftServer,group=group-5D786B606559,id=e46a6e51-795f-4801-a523-c45a6c7f2c34
2024-02-22 20:33:39,399 [e46a6e51-795f-4801-a523-c45a6c7f2c34-groupManagement] INFO  server.RaftServerConfigKeys (ConfUtils.java:logGet(46)) - raft.server.snapshot.trigger-when-stop.enabled = true (default)
2024-02-22 20:33:39,399 [e46a6e51-795f-4801-a523-c45a6c7f2c34-groupManagement] INFO  server.RaftServerConfigKeys (ConfUtils.java:logGet(46)) - raft.server.snapshot.auto.trigger.enabled = true (custom)
2024-02-22 20:33:39,399 [e46a6e51-795f-4801-a523-c45a6c7f2c34-groupManagement] INFO  server.RaftServerConfigKeys (ConfUtils.java:logGet(46)) - raft.server.snapshot.auto.trigger.threshold = 10000 (custom)
2024-02-22 20:33:39,399 [e46a6e51-795f-4801-a523-c45a6c7f2c34-groupManagement] INFO  server.RaftServerConfigKeys (ConfUtils.java:logGet(46)) - raft.server.snapshot.retention.file.num = 5 (custom)
2024-02-22 20:33:39,399 [e46a6e51-795f-4801-a523-c45a6c7f2c34-groupManagement] INFO  server.RaftServerConfigKeys (ConfUtils.java:logGet(46)) - raft.server.log.purge.upto.snapshot.index = false (default)
2024-02-22 20:33:39,399 [e46a6e51-795f-4801-a523-c45a6c7f2c34@group-5D786B606559-FollowerState] INFO  server.RaftServerConfigKeys (ConfUtils.java:logFallback(53)) - raft.server.rpc.first-election.timeout.max = 5200ms (fallback to raft.server.rpc.timeout.max)
2024-02-22 20:33:39,401 [e46a6e51-795f-4801-a523-c45a6c7f2c34-PipelineCommandHandlerThread-0] INFO  ratis.XceiverServerRatis (XceiverServerRatis.java:addGroup(864)) - Created group PipelineID=fe00566f-73d9-496a-868e-5d786b606559
2024-02-22 20:33:39,450 [923be64f-71f4-4891-b05d-82ff5a9df5b5-groupManagement] INFO  server.RaftServer$Division (RaftServerImpl.java:<init>(256)) - 923be64f-71f4-4891-b05d-82ff5a9df5b5: new RaftServerImpl for group-F32933EC9ABE:[923be64f-71f4-4891-b05d-82ff5a9df5b5|10.1.0.33:15023] with ContainerStateMachine:uninitialized
2024-02-22 20:33:39,450 [923be64f-71f4-4891-b05d-82ff5a9df5b5-groupManagement] INFO  server.RaftServerConfigKeys (ConfUtils.java:logGet(46)) - raft.server.rpc.timeout.min = 5s (custom)
2024-02-22 20:33:39,451 [923be64f-71f4-4891-b05d-82ff5a9df5b5-groupManagement] INFO  server.RaftServerConfigKeys (ConfUtils.java:logGet(46)) - raft.server.rpc.timeout.max = 5200ms (custom)
2024-02-22 20:33:39,451 [923be64f-71f4-4891-b05d-82ff5a9df5b5-groupManagement] INFO  server.RaftServerConfigKeys (ConfUtils.java:logGet(46)) - raft.server.rpc.sleep.time = 25ms (default)
2024-02-22 20:33:39,451 [923be64f-71f4-4891-b05d-82ff5a9df5b5-groupManagement] INFO  server.RaftServerConfigKeys (ConfUtils.java:logGet(46)) - raft.server.rpc.slowness.timeout = 300s (custom)
2024-02-22 20:33:39,451 [923be64f-71f4-4891-b05d-82ff5a9df5b5-groupManagement] INFO  server.RaftServerConfigKeys (ConfUtils.java:logGet(46)) - raft.server.leaderelection.leader.step-down.wait-time = 10s (default)
2024-02-22 20:33:39,451 [923be64f-71f4-4891-b05d-82ff5a9df5b5-groupManagement] INFO  server.RaftServerConfigKeys (ConfUtils.java:logGet(46)) - raft.server.leaderelection.member.majority-add = false (default)
2024-02-22 20:33:39,451 [923be64f-71f4-4891-b05d-82ff5a9df5b5-groupManagement] INFO  server.RaftServerConfigKeys (ConfUtils.java:logGet(46)) - raft.server.sleep.deviation.threshold = 300ms (default)
2024-02-22 20:33:39,452 [923be64f-71f4-4891-b05d-82ff5a9df5b5-groupManagement] INFO  server.RaftServer$Division (ServerState.java:<init>(113)) - 923be64f-71f4-4891-b05d-82ff5a9df5b5@group-F32933EC9ABE: ConfigurationManager, init=-1: peers:[923be64f-71f4-4891-b05d-82ff5a9df5b5|10.1.0.33:15023]|listeners:[], old=null, confs=<EMPTY_MAP>
2024-02-22 20:33:39,452 [923be64f-71f4-4891-b05d-82ff5a9df5b5-groupManagement] INFO  server.RaftServerConfigKeys (ConfUtils.java:logGet(46)) - raft.server.notification.no-leader.timeout = 300s (custom)
2024-02-22 20:33:39,452 [923be64f-71f4-4891-b05d-82ff5a9df5b5-groupManagement] INFO  server.RaftServerConfigKeys (ConfUtils.java:logGet(46)) - raft.server.read.timeout = 10s (default)
2024-02-22 20:33:39,452 [923be64f-71f4-4891-b05d-82ff5a9df5b5-groupManagement] INFO  server.RaftServerConfigKeys (ConfUtils.java:logGet(46)) - raft.server.retrycache.expirytime = 600000ms (custom)
2024-02-22 20:33:39,452 [923be64f-71f4-4891-b05d-82ff5a9df5b5-groupManagement] INFO  server.RaftServerConfigKeys (ConfUtils.java:logGet(46)) - raft.server.retrycache.statistics.expirytime = 100ms (default)
2024-02-22 20:33:39,452 [923be64f-71f4-4891-b05d-82ff5a9df5b5-groupManagement] INFO  server.RaftServerConfigKeys (ConfUtils.java:logGet(46)) - raft.server.read.option = DEFAULT (default)
2024-02-22 20:33:39,452 [923be64f-71f4-4891-b05d-82ff5a9df5b5-groupManagement] INFO  server.RaftServerConfigKeys (ConfUtils.java:logGet(46)) - raft.server.read.read-after-write-consistent.write-index-cache.expiry-time = 60s (default)
2024-02-22 20:33:39,453 [923be64f-71f4-4891-b05d-82ff5a9df5b5-PipelineCommandHandlerThread-0] INFO  server.RaftServer (RaftServerProxy.java:addNew(100)) - 923be64f-71f4-4891-b05d-82ff5a9df5b5: addNew group-F32933EC9ABE:[923be64f-71f4-4891-b05d-82ff5a9df5b5|10.1.0.33:15023] returns group-F32933EC9ABE:java.util.concurrent.CompletableFuture@5a20a167[Not completed]
2024-02-22 20:33:39,461 [923be64f-71f4-4891-b05d-82ff5a9df5b5-groupManagement] INFO  server.RaftServerConfigKeys (ConfUtils.java:logGet(46)) - raft.server.rpc.request.timeout = 60s (custom)
2024-02-22 20:33:39,461 [923be64f-71f4-4891-b05d-82ff5a9df5b5-groupManagement] INFO  server.RaftServerConfigKeys (ConfUtils.java:logGet(46)) - raft.server.log.appender.install.snapshot.enabled = false (custom)
2024-02-22 20:33:39,461 [923be64f-71f4-4891-b05d-82ff5a9df5b5-groupManagement] INFO  server.RaftServerConfigKeys (ConfUtils.java:logGet(46)) - raft.server.threadpool.server.cached = true (default)
2024-02-22 20:33:39,461 [923be64f-71f4-4891-b05d-82ff5a9df5b5-groupManagement] INFO  server.RaftServerConfigKeys (ConfUtils.java:logGet(46)) - raft.server.threadpool.server.size = 0 (default)
2024-02-22 20:33:39,461 [923be64f-71f4-4891-b05d-82ff5a9df5b5-groupManagement] INFO  server.RaftServerConfigKeys (ConfUtils.java:logGet(46)) - raft.server.threadpool.client.cached = true (default)
2024-02-22 20:33:39,462 [923be64f-71f4-4891-b05d-82ff5a9df5b5-groupManagement] INFO  server.RaftServerConfigKeys (ConfUtils.java:logGet(46)) - raft.server.threadpool.client.size = 0 (default)
2024-02-22 20:33:39,462 [923be64f-71f4-4891-b05d-82ff5a9df5b5-groupManagement] INFO  server.RaftServerConfigKeys (ConfUtils.java:logGet(46)) - raft.server.storage.free-space.min = 0MB (=0) (default)
2024-02-22 20:33:39,462 [923be64f-71f4-4891-b05d-82ff5a9df5b5-groupManagement] INFO  server.RaftServerConfigKeys (ConfUtils.java:logGet(46)) - raft.server.log.corruption.policy = EXCEPTION (default)
2024-02-22 20:33:39,462 [923be64f-71f4-4891-b05d-82ff5a9df5b5-groupManagement] INFO  server.RaftServerConfigKeys (ConfUtils.java:logGet(46)) - raft.server.storage.dir = [/home/runner/work/ozone/ozone/hadoop-ozone/integration-test/target/test-dir/MiniOzoneClusterImpl-a0fc024b-a492-45a5-9697-b0d14f72cb5c/datanode-1/data/ratis] (custom)
2024-02-22 20:33:39,462 [923be64f-71f4-4891-b05d-82ff5a9df5b5-groupManagement] INFO  storage.RaftStorageDirectory (RaftStorageDirectoryImpl.java:analyzeStorage(138)) - The storage directory /home/runner/work/ozone/ozone/hadoop-ozone/integration-test/target/test-dir/MiniOzoneClusterImpl-a0fc024b-a492-45a5-9697-b0d14f72cb5c/datanode-1/data/ratis/8d53b36c-f6a6-447d-b29e-f32933ec9abe does not exist. Creating ...
2024-02-22 20:33:39,463 [923be64f-71f4-4891-b05d-82ff5a9df5b5-groupManagement] INFO  storage.RaftStorageDirectory (RaftStorageDirectoryImpl.java:tryLock(228)) - Lock on /home/runner/work/ozone/ozone/hadoop-ozone/integration-test/target/test-dir/MiniOzoneClusterImpl-a0fc024b-a492-45a5-9697-b0d14f72cb5c/datanode-1/data/ratis/8d53b36c-f6a6-447d-b29e-f32933ec9abe/in_use.lock acquired by nodename 30552@fv-az779-213
2024-02-22 20:33:39,465 [923be64f-71f4-4891-b05d-82ff5a9df5b5-groupManagement] INFO  storage.RaftStorage (RaftStorageImpl.java:format(99)) - Storage directory /home/runner/work/ozone/ozone/hadoop-ozone/integration-test/target/test-dir/MiniOzoneClusterImpl-a0fc024b-a492-45a5-9697-b0d14f72cb5c/datanode-1/data/ratis/8d53b36c-f6a6-447d-b29e-f32933ec9abe has been successfully formatted.
2024-02-22 20:33:39,466 [923be64f-71f4-4891-b05d-82ff5a9df5b5-groupManagement] WARN  util.FileUtils (LogUtils.java:supplyAndLog(63)) - Failed to Files.newInputStream /home/runner/work/ozone/ozone/hadoop-ozone/integration-test/target/test-dir/MiniOzoneClusterImpl-a0fc024b-a492-45a5-9697-b0d14f72cb5c/datanode-1/data/ratis/8d53b36c-f6a6-447d-b29e-f32933ec9abe/current/raft-meta.conf with options []: java.nio.file.NoSuchFileException: /home/runner/work/ozone/ozone/hadoop-ozone/integration-test/target/test-dir/MiniOzoneClusterImpl-a0fc024b-a492-45a5-9697-b0d14f72cb5c/datanode-1/data/ratis/8d53b36c-f6a6-447d-b29e-f32933ec9abe/current/raft-meta.conf
2024-02-22 20:33:39,468 [923be64f-71f4-4891-b05d-82ff5a9df5b5-groupManagement] INFO  ratis.ContainerStateMachine (ContainerStateMachine.java:loadSnapshot(287)) - group-F32933EC9ABE: The snapshot info is null. Setting the last applied index to:(t:0, i:~)
2024-02-22 20:33:39,470 [923be64f-71f4-4891-b05d-82ff5a9df5b5-groupManagement] INFO  server.RaftServerConfigKeys (ConfUtils.java:logGet(46)) - raft.server.log.use.memory = false (default)
2024-02-22 20:33:39,471 [EventQueue-OpenPipelineForHealthyPipelineSafeModeRule] INFO  safemode.SCMSafeModeManager (HealthyPipelineSafeModeRule.java:process(140)) - SCM in safe mode. Healthy pipelines reported count is 0, required healthy pipeline reported count is 1
2024-02-22 20:33:39,471 [923be64f-71f4-4891-b05d-82ff5a9df5b5-groupManagement] INFO  server.RaftServerConfigKeys (ConfUtils.java:logGet(46)) - raft.server.log.purge.gap = 1000000 (custom)
2024-02-22 20:33:39,471 [923be64f-71f4-4891-b05d-82ff5a9df5b5-groupManagement] INFO  server.RaftServerConfigKeys (ConfUtils.java:logGet(46)) - raft.server.log.appender.buffer.byte-limit = 8388608 (custom)
2024-02-22 20:33:39,471 [923be64f-71f4-4891-b05d-82ff5a9df5b5-groupManagement] INFO  server.RaftServerConfigKeys (ConfUtils.java:logGet(46)) - raft.server.log.statemachine.data.read.timeout = 1000ms (default)
2024-02-22 20:33:39,472 [923be64f-71f4-4891-b05d-82ff5a9df5b5-groupManagement] INFO  server.RaftServerConfigKeys (ConfUtils.java:logGet(46)) - raft.server.log.purge.preservation.log.num = 0 (default)
2024-02-22 20:33:39,475 [923be64f-71f4-4891-b05d-82ff5a9df5b5-groupManagement] INFO  server.RaftServerConfigKeys (ConfUtils.java:logGet(46)) - raft.server.log.segment.size.max = 67108864 (custom)
2024-02-22 20:33:39,475 [923be64f-71f4-4891-b05d-82ff5a9df5b5-groupManagement] INFO  server.RaftServerConfigKeys (ConfUtils.java:logGet(46)) - raft.server.log.segment.cache.num.max = 2 (custom)
2024-02-22 20:33:39,475 [923be64f-71f4-4891-b05d-82ff5a9df5b5-groupManagement] INFO  server.RaftServerConfigKeys (ConfUtils.java:logGet(46)) - raft.server.log.segment.cache.size.max = 200MB (=209715200) (default)
2024-02-22 20:33:39,475 [923be64f-71f4-4891-b05d-82ff5a9df5b5-groupManagement] INFO  server.RaftServerConfigKeys (ConfUtils.java:logGet(46)) - raft.server.log.appender.buffer.byte-limit = 8388608 (custom)
2024-02-22 20:33:39,476 [923be64f-71f4-4891-b05d-82ff5a9df5b5-groupManagement] INFO  util.AwaitToRun (AwaitToRun.java:start(81)) - Thread[923be64f-71f4-4891-b05d-82ff5a9df5b5@group-F32933EC9ABE-cacheEviction-AwaitToRun,5,main] started
2024-02-22 20:33:39,476 [923be64f-71f4-4891-b05d-82ff5a9df5b5-groupManagement] INFO  segmented.SegmentedRaftLogWorker (SegmentedRaftLogWorker.java:<init>(182)) - new 923be64f-71f4-4891-b05d-82ff5a9df5b5@group-F32933EC9ABE-SegmentedRaftLogWorker for RaftStorageImpl:Storage Directory /home/runner/work/ozone/ozone/hadoop-ozone/integration-test/target/test-dir/MiniOzoneClusterImpl-a0fc024b-a492-45a5-9697-b0d14f72cb5c/datanode-1/data/ratis/8d53b36c-f6a6-447d-b29e-f32933ec9abe
2024-02-22 20:33:39,476 [923be64f-71f4-4891-b05d-82ff5a9df5b5-groupManagement] INFO  server.RaftServerConfigKeys (ConfUtils.java:logGet(46)) - raft.server.log.queue.byte-limit = 4294967296 (custom)
2024-02-22 20:33:39,476 [923be64f-71f4-4891-b05d-82ff5a9df5b5-groupManagement] INFO  server.RaftServerConfigKeys (ConfUtils.java:logGet(46)) - raft.server.log.queue.element-limit = 1024 (custom)
2024-02-22 20:33:39,477 [923be64f-71f4-4891-b05d-82ff5a9df5b5-groupManagement] INFO  server.RaftServerConfigKeys (ConfUtils.java:logGet(46)) - raft.server.log.segment.size.max = 67108864 (custom)
2024-02-22 20:33:39,477 [923be64f-71f4-4891-b05d-82ff5a9df5b5-groupManagement] INFO  server.RaftServerConfigKeys (ConfUtils.java:logGet(46)) - raft.server.log.preallocated.size = 4194304 (custom)
2024-02-22 20:33:39,477 [923be64f-71f4-4891-b05d-82ff5a9df5b5-groupManagement] INFO  server.RaftServerConfigKeys (ConfUtils.java:logGet(46)) - raft.server.log.force.sync.num = 128 (default)
2024-02-22 20:33:39,477 [923be64f-71f4-4891-b05d-82ff5a9df5b5-groupManagement] INFO  server.RaftServerConfigKeys (ConfUtils.java:logGet(46)) - raft.server.log.statemachine.data.sync = true (default)
2024-02-22 20:33:39,477 [923be64f-71f4-4891-b05d-82ff5a9df5b5-groupManagement] INFO  server.RaftServerConfigKeys (ConfUtils.java:logGet(46)) - raft.server.log.statemachine.data.sync.timeout = 10s (default)
2024-02-22 20:33:39,477 [923be64f-71f4-4891-b05d-82ff5a9df5b5-groupManagement] INFO  server.RaftServerConfigKeys (ConfUtils.java:logGet(46)) - raft.server.log.statemachine.data.sync.timeout.retry = 0 (custom)
2024-02-22 20:33:39,477 [EventQueue-HealthyReadonlyToHealthyNodeForReadOnlyHealthyToHealthyNodeHandler] INFO  node.ReadOnlyHealthyToHealthyNodeHandler (ReadOnlyHealthyToHealthyNodeHandler.java:onMessage(51)) - Datanode 13f92446-3b18-4d81-bc66-0f9b00220e72(fv-az779-213.k0faouyluq4u1aavuapgg5xmpb.cx.internal.cloudapp.net/10.1.0.33) moved to HEALTHY state.
2024-02-22 20:33:39,477 [923be64f-71f4-4891-b05d-82ff5a9df5b5-groupManagement] INFO  server.RaftServerConfigKeys (ConfUtils.java:logGet(46)) - raft.server.log.write.buffer.size = 8388616 (custom)
2024-02-22 20:33:39,477 [EventQueue-HealthyReadonlyNodeForHealthyReadOnlyNodeHandler] INFO  node.HealthyReadOnlyNodeHandler (HealthyReadOnlyNodeHandler.java:onMessage(55)) - Datanode 78f89d9b-e409-4704-890b-bfcfbcdfd28a(fv-az779-213.k0faouyluq4u1aavuapgg5xmpb.cx.internal.cloudapp.net/10.1.0.33) moved to HEALTHY READONLY state.
2024-02-22 20:33:39,477 [EventQueue-HealthyReadonlyNodeForHealthyReadOnlyNodeHandler] INFO  node.HealthyReadOnlyNodeHandler (HealthyReadOnlyNodeHandler.java:onMessage(87)) - Sending close command for pipeline PipelineID=045ea6be-5c70-427a-91cd-8820b9a2dc65 in state CLOSED which uses HEALTHY_READONLY datanode 78f89d9b-e409-4704-890b-bfcfbcdfd28a. This will send close commands for its containers.
2024-02-22 20:33:39,478 [EventQueue-HealthyReadonlyNodeForHealthyReadOnlyNodeHandler] INFO  node.HealthyReadOnlyNodeHandler (HealthyReadOnlyNodeHandler.java:onMessage(87)) - Sending close command for pipeline PipelineID=974fd487-4b0f-4554-8c0f-c4bff782ab50 in state CLOSED which uses HEALTHY_READONLY datanode 78f89d9b-e409-4704-890b-bfcfbcdfd28a. This will send close commands for its containers.
2024-02-22 20:33:39,478 [EventQueue-HealthyReadonlyNodeForHealthyReadOnlyNodeHandler] INFO  node.HealthyReadOnlyNodeHandler (HealthyReadOnlyNodeHandler.java:onMessage(87)) - Sending close command for pipeline PipelineID=6139a09f-40c0-48a4-995f-9d5bcf0fdb08 in state CLOSED which uses HEALTHY_READONLY datanode 78f89d9b-e409-4704-890b-bfcfbcdfd28a. This will send close commands for its containers.
2024-02-22 20:33:39,478 [EventQueue-HealthyReadonlyNodeForHealthyReadOnlyNodeHandler] INFO  node.HealthyReadOnlyNodeHandler (HealthyReadOnlyNodeHandler.java:onMessage(87)) - Sending close command for pipeline PipelineID=d49f5e63-9859-43c9-95b6-b58ed9299b6f in state CLOSED which uses HEALTHY_READONLY datanode 78f89d9b-e409-4704-890b-bfcfbcdfd28a. This will send close commands for its containers.
2024-02-22 20:33:39,478 [EventQueue-HealthyReadonlyNodeForHealthyReadOnlyNodeHandler] INFO  node.HealthyReadOnlyNodeHandler (HealthyReadOnlyNodeHandler.java:onMessage(87)) - Sending close command for pipeline PipelineID=ff667ce8-dec9-4649-ae60-24226a001283 in state CLOSED which uses HEALTHY_READONLY datanode 78f89d9b-e409-4704-890b-bfcfbcdfd28a. This will send close commands for its containers.
2024-02-22 20:33:39,477 [EventQueue-HealthyReadonlyToHealthyNodeForReadOnlyHealthyToHealthyNodeHandler] INFO  pipeline.BackgroundPipelineCreator (BackgroundPipelineCreator.java:notifyEventTriggered(280)) - trigger a one-shot run on RatisPipelineUtilsThread.
2024-02-22 20:33:39,478 [RatisPipelineUtilsThread-0] INFO  pipeline.RatisPipelineProvider (RatisPipelineProvider.java:lambda$create$0(205)) - Sending CreatePipelineCommand for pipeline:PipelineID=014e79b4-2d53-4af7-bdbb-f0c26c70f6ea to datanode:13f92446-3b18-4d81-bc66-0f9b00220e72
2024-02-22 20:33:39,479 [RatisPipelineUtilsThread-0] INFO  pipeline.BackgroundPipelineCreator (BackgroundPipelineCreator.java:createPipelines(236)) - Created new pipeline Pipeline[ Id: 014e79b4-2d53-4af7-bdbb-f0c26c70f6ea, Nodes: 13f92446-3b18-4d81-bc66-0f9b00220e72(fv-az779-213.k0faouyluq4u1aavuapgg5xmpb.cx.internal.cloudapp.net/10.1.0.33), ReplicationConfig: RATIS/ONE, State:ALLOCATED, leaderId:, CreationTimestamp2024-02-22T20:33:39.478Z[Etc/UTC]]
2024-02-22 20:33:39,480 [RatisPipelineUtilsThread-0] INFO  pipeline.RatisPipelineProvider (RatisPipelineProvider.java:lambda$create$0(205)) - Sending CreatePipelineCommand for pipeline:PipelineID=724f0737-a92a-4fca-96d8-c6933685b048 to datanode:c30fedce-f286-40e0-881d-3d5a9a6e2463
2024-02-22 20:33:39,480 [RatisPipelineUtilsThread-0] INFO  pipeline.RatisPipelineProvider (RatisPipelineProvider.java:lambda$create$0(205)) - Sending CreatePipelineCommand for pipeline:PipelineID=724f0737-a92a-4fca-96d8-c6933685b048 to datanode:86ab988c-fa9c-425d-a1c6-9004ff7fd93d
2024-02-22 20:33:39,480 [RatisPipelineUtilsThread-0] INFO  pipeline.RatisPipelineProvider (RatisPipelineProvider.java:lambda$create$0(205)) - Sending CreatePipelineCommand for pipeline:PipelineID=724f0737-a92a-4fca-96d8-c6933685b048 to datanode:13f92446-3b18-4d81-bc66-0f9b00220e72
2024-02-22 20:33:39,481 [RatisPipelineUtilsThread-0] INFO  pipeline.BackgroundPipelineCreator (BackgroundPipelineCreator.java:createPipelines(236)) - Created new pipeline Pipeline[ Id: 724f0737-a92a-4fca-96d8-c6933685b048, Nodes: c30fedce-f286-40e0-881d-3d5a9a6e2463(fv-az779-213.k0faouyluq4u1aavuapgg5xmpb.cx.internal.cloudapp.net/10.1.0.33)86ab988c-fa9c-425d-a1c6-9004ff7fd93d(fv-az779-213.k0faouyluq4u1aavuapgg5xmpb.cx.internal.cloudapp.net/10.1.0.33)13f92446-3b18-4d81-bc66-0f9b00220e72(fv-az779-213.k0faouyluq4u1aavuapgg5xmpb.cx.internal.cloudapp.net/10.1.0.33), ReplicationConfig: RATIS/THREE, State:ALLOCATED, leaderId:, CreationTimestamp2024-02-22T20:33:39.480Z[Etc/UTC]]
2024-02-22 20:33:39,482 [923be64f-71f4-4891-b05d-82ff5a9df5b5-groupManagement] INFO  server.RaftServerConfigKeys (ConfUtils.java:logGet(46)) - raft.server.log.appender.buffer.byte-limit = 8388608 (custom)
2024-02-22 20:33:39,483 [923be64f-71f4-4891-b05d-82ff5a9df5b5-groupManagement] INFO  server.RaftServerConfigKeys (ConfUtils.java:logGet(46)) - raft.server.log.unsafe-flush.enabled = false (default)
2024-02-22 20:33:39,483 [923be64f-71f4-4891-b05d-82ff5a9df5b5-groupManagement] INFO  server.RaftServerConfigKeys (ConfUtils.java:logGet(46)) - raft.server.log.async-flush.enabled = false (default)
2024-02-22 20:33:39,483 [923be64f-71f4-4891-b05d-82ff5a9df5b5-groupManagement] INFO  server.RaftServerConfigKeys (ConfUtils.java:logGet(46)) - raft.server.log.statemachine.data.caching.enabled = true (custom)
2024-02-22 20:33:39,484 [923be64f-71f4-4891-b05d-82ff5a9df5b5-groupManagement] INFO  segmented.SegmentedRaftLogWorker (SegmentedRaftLogWorker.java:lambda$new$0(134)) - 923be64f-71f4-4891-b05d-82ff5a9df5b5@group-F32933EC9ABE-SegmentedRaftLogWorker: flushIndex: setUnconditionally 0 -> -1
2024-02-22 20:33:39,484 [923be64f-71f4-4891-b05d-82ff5a9df5b5-groupManagement] INFO  segmented.SegmentedRaftLogWorker (SegmentedRaftLogWorker.java:lambda$new$0(134)) - 923be64f-71f4-4891-b05d-82ff5a9df5b5@group-F32933EC9ABE-SegmentedRaftLogWorker: safeCacheEvictIndex: setUnconditionally 0 -> -1
2024-02-22 20:33:39,485 [923be64f-71f4-4891-b05d-82ff5a9df5b5-groupManagement] INFO  server.RaftServer$Division (RaftServerImpl.java:start(396)) - 923be64f-71f4-4891-b05d-82ff5a9df5b5@group-F32933EC9ABE: start as a follower, conf=-1: peers:[923be64f-71f4-4891-b05d-82ff5a9df5b5|10.1.0.33:15023]|listeners:[], old=null
2024-02-22 20:33:39,485 [923be64f-71f4-4891-b05d-82ff5a9df5b5-groupManagement] INFO  server.RaftServer$Division (RaftServerImpl.java:setRole(383)) - 923be64f-71f4-4891-b05d-82ff5a9df5b5@group-F32933EC9ABE: changes role from      null to FOLLOWER at term 0 for startAsFollower
2024-02-22 20:33:39,485 [923be64f-71f4-4891-b05d-82ff5a9df5b5-groupManagement] INFO  impl.RoleInfo (RoleInfo.java:updateAndGet(139)) - 923be64f-71f4-4891-b05d-82ff5a9df5b5: start 923be64f-71f4-4891-b05d-82ff5a9df5b5@group-F32933EC9ABE-FollowerState
2024-02-22 20:33:39,485 [923be64f-71f4-4891-b05d-82ff5a9df5b5-groupManagement] INFO  util.JmxRegister (JmxRegister.java:tryRegister(44)) - Successfully registered JMX Bean with object name Ratis:service=RaftServer,group=group-F32933EC9ABE,id=923be64f-71f4-4891-b05d-82ff5a9df5b5
2024-02-22 20:33:39,487 [923be64f-71f4-4891-b05d-82ff5a9df5b5-groupManagement] INFO  server.RaftServerConfigKeys (ConfUtils.java:logGet(46)) - raft.server.snapshot.trigger-when-stop.enabled = true (default)
2024-02-22 20:33:39,487 [923be64f-71f4-4891-b05d-82ff5a9df5b5-groupManagement] INFO  server.RaftServerConfigKeys (ConfUtils.java:logGet(46)) - raft.server.snapshot.auto.trigger.enabled = true (custom)
2024-02-22 20:33:39,487 [923be64f-71f4-4891-b05d-82ff5a9df5b5-groupManagement] INFO  server.RaftServerConfigKeys (ConfUtils.java:logGet(46)) - raft.server.snapshot.auto.trigger.threshold = 10000 (custom)
2024-02-22 20:33:39,487 [923be64f-71f4-4891-b05d-82ff5a9df5b5-groupManagement] INFO  server.RaftServerConfigKeys (ConfUtils.java:logGet(46)) - raft.server.snapshot.retention.file.num = 5 (custom)
2024-02-22 20:33:39,487 [923be64f-71f4-4891-b05d-82ff5a9df5b5-groupManagement] INFO  server.RaftServerConfigKeys (ConfUtils.java:logGet(46)) - raft.server.log.purge.upto.snapshot.index = false (default)
2024-02-22 20:33:39,487 [923be64f-71f4-4891-b05d-82ff5a9df5b5@group-F32933EC9ABE-FollowerState] INFO  server.RaftServerConfigKeys (ConfUtils.java:logFallback(53)) - raft.server.rpc.first-election.timeout.min = 5s (fallback to raft.server.rpc.timeout.min)
2024-02-22 20:33:39,488 [923be64f-71f4-4891-b05d-82ff5a9df5b5@group-F32933EC9ABE-FollowerState] INFO  server.RaftServerConfigKeys (ConfUtils.java:logFallback(53)) - raft.server.rpc.first-election.timeout.max = 5200ms (fallback to raft.server.rpc.timeout.max)
2024-02-22 20:33:39,490 [923be64f-71f4-4891-b05d-82ff5a9df5b5-PipelineCommandHandlerThread-0] INFO  ratis.XceiverServerRatis (XceiverServerRatis.java:addGroup(864)) - Created group PipelineID=8d53b36c-f6a6-447d-b29e-f32933ec9abe
2024-02-22 20:33:39,490 [923be64f-71f4-4891-b05d-82ff5a9df5b5-PipelineCommandHandlerThread-0] INFO  commandhandler.CreatePipelineCommandHandler (CreatePipelineCommandHandler.java:lambda$handle$2(124)) - Created Pipeline RATIS ONE PipelineID=8d53b36c-f6a6-447d-b29e-f32933ec9abe.
2024-02-22 20:33:39,492 [923be64f-71f4-4891-b05d-82ff5a9df5b5-PipelineCommandHandlerThread-0] INFO  server.RaftServer (RaftServerProxy.java:addNew(100)) - 923be64f-71f4-4891-b05d-82ff5a9df5b5: addNew group-5D786B606559:[923be64f-71f4-4891-b05d-82ff5a9df5b5|10.1.0.33:15023, e46a6e51-795f-4801-a523-c45a6c7f2c34|10.1.0.33:15014, d25dc3b0-28fc-4383-b1a0-617845025f41|10.1.0.33:15032] returns group-5D786B606559:java.util.concurrent.CompletableFuture@5e1f2efb[Not completed]
2024-02-22 20:33:39,492 [923be64f-71f4-4891-b05d-82ff5a9df5b5-groupManagement] INFO  server.RaftServer$Division (RaftServerImpl.java:<init>(256)) - 923be64f-71f4-4891-b05d-82ff5a9df5b5: new RaftServerImpl for group-5D786B606559:[923be64f-71f4-4891-b05d-82ff5a9df5b5|10.1.0.33:15023, e46a6e51-795f-4801-a523-c45a6c7f2c34|10.1.0.33:15014, d25dc3b0-28fc-4383-b1a0-617845025f41|10.1.0.33:15032] with ContainerStateMachine:uninitialized
2024-02-22 20:33:39,493 [923be64f-71f4-4891-b05d-82ff5a9df5b5-groupManagement] INFO  server.RaftServerConfigKeys (ConfUtils.java:logGet(46)) - raft.server.rpc.timeout.min = 5s (custom)
2024-02-22 20:33:39,493 [923be64f-71f4-4891-b05d-82ff5a9df5b5-groupManagement] INFO  server.RaftServerConfigKeys (ConfUtils.java:logGet(46)) - raft.server.rpc.timeout.max = 5200ms (custom)
2024-02-22 20:33:39,493 [923be64f-71f4-4891-b05d-82ff5a9df5b5-groupManagement] INFO  server.RaftServerConfigKeys (ConfUtils.java:logGet(46)) - raft.server.rpc.sleep.time = 25ms (default)
2024-02-22 20:33:39,493 [923be64f-71f4-4891-b05d-82ff5a9df5b5-groupManagement] INFO  server.RaftServerConfigKeys (ConfUtils.java:logGet(46)) - raft.server.rpc.slowness.timeout = 300s (custom)
2024-02-22 20:33:39,493 [923be64f-71f4-4891-b05d-82ff5a9df5b5-groupManagement] INFO  server.RaftServerConfigKeys (ConfUtils.java:logGet(46)) - raft.server.leaderelection.leader.step-down.wait-time = 10s (default)
2024-02-22 20:33:39,493 [923be64f-71f4-4891-b05d-82ff5a9df5b5-groupManagement] INFO  server.RaftServerConfigKeys (ConfUtils.java:logGet(46)) - raft.server.leaderelection.member.majority-add = false (default)
2024-02-22 20:33:39,493 [923be64f-71f4-4891-b05d-82ff5a9df5b5-groupManagement] INFO  server.RaftServerConfigKeys (ConfUtils.java:logGet(46)) - raft.server.sleep.deviation.threshold = 300ms (default)
2024-02-22 20:33:39,493 [923be64f-71f4-4891-b05d-82ff5a9df5b5-groupManagement] INFO  server.RaftServer$Division (ServerState.java:<init>(113)) - 923be64f-71f4-4891-b05d-82ff5a9df5b5@group-5D786B606559: ConfigurationManager, init=-1: peers:[923be64f-71f4-4891-b05d-82ff5a9df5b5|10.1.0.33:15023, e46a6e51-795f-4801-a523-c45a6c7f2c34|10.1.0.33:15014, d25dc3b0-28fc-4383-b1a0-617845025f41|10.1.0.33:15032]|listeners:[], old=null, confs=<EMPTY_MAP>
2024-02-22 20:33:39,493 [923be64f-71f4-4891-b05d-82ff5a9df5b5-groupManagement] INFO  server.RaftServerConfigKeys (ConfUtils.java:logGet(46)) - raft.server.notification.no-leader.timeout = 300s (custom)
2024-02-22 20:33:39,493 [923be64f-71f4-4891-b05d-82ff5a9df5b5-groupManagement] INFO  server.RaftServerConfigKeys (ConfUtils.java:logGet(46)) - raft.server.read.timeout = 10s (default)
2024-02-22 20:33:39,493 [923be64f-71f4-4891-b05d-82ff5a9df5b5-groupManagement] INFO  server.RaftServerConfigKeys (ConfUtils.java:logGet(46)) - raft.server.retrycache.expirytime = 600000ms (custom)
2024-02-22 20:33:39,493 [923be64f-71f4-4891-b05d-82ff5a9df5b5-groupManagement] INFO  server.RaftServerConfigKeys (ConfUtils.java:logGet(46)) - raft.server.retrycache.statistics.expirytime = 100ms (default)
2024-02-22 20:33:39,493 [923be64f-71f4-4891-b05d-82ff5a9df5b5-groupManagement] INFO  server.RaftServerConfigKeys (ConfUtils.java:logGet(46)) - raft.server.read.option = DEFAULT (default)
2024-02-22 20:33:39,493 [923be64f-71f4-4891-b05d-82ff5a9df5b5-groupManagement] INFO  server.RaftServerConfigKeys (ConfUtils.java:logGet(46)) - raft.server.read.read-after-write-consistent.write-index-cache.expiry-time = 60s (default)
2024-02-22 20:33:39,498 [923be64f-71f4-4891-b05d-82ff5a9df5b5-groupManagement] INFO  server.RaftServerConfigKeys (ConfUtils.java:logGet(46)) - raft.server.rpc.request.timeout = 60s (custom)
2024-02-22 20:33:39,498 [923be64f-71f4-4891-b05d-82ff5a9df5b5-groupManagement] INFO  server.RaftServerConfigKeys (ConfUtils.java:logGet(46)) - raft.server.log.appender.install.snapshot.enabled = false (custom)
2024-02-22 20:33:39,498 [923be64f-71f4-4891-b05d-82ff5a9df5b5-groupManagement] INFO  server.RaftServerConfigKeys (ConfUtils.java:logGet(46)) - raft.server.threadpool.server.cached = true (default)
2024-02-22 20:33:39,498 [923be64f-71f4-4891-b05d-82ff5a9df5b5-groupManagement] INFO  server.RaftServerConfigKeys (ConfUtils.java:logGet(46)) - raft.server.threadpool.server.size = 0 (default)
2024-02-22 20:33:39,499 [923be64f-71f4-4891-b05d-82ff5a9df5b5-groupManagement] INFO  server.RaftServerConfigKeys (ConfUtils.java:logGet(46)) - raft.server.threadpool.client.cached = true (default)
2024-02-22 20:33:39,499 [923be64f-71f4-4891-b05d-82ff5a9df5b5-groupManagement] INFO  server.RaftServerConfigKeys (ConfUtils.java:logGet(46)) - raft.server.threadpool.client.size = 0 (default)
2024-02-22 20:33:39,499 [923be64f-71f4-4891-b05d-82ff5a9df5b5-groupManagement] INFO  server.RaftServerConfigKeys (ConfUtils.java:logGet(46)) - raft.server.storage.free-space.min = 0MB (=0) (default)
2024-02-22 20:33:39,499 [923be64f-71f4-4891-b05d-82ff5a9df5b5-groupManagement] INFO  server.RaftServerConfigKeys (ConfUtils.java:logGet(46)) - raft.server.log.corruption.policy = EXCEPTION (default)
2024-02-22 20:33:39,499 [923be64f-71f4-4891-b05d-82ff5a9df5b5-groupManagement] INFO  server.RaftServerConfigKeys (ConfUtils.java:logGet(46)) - raft.server.storage.dir = [/home/runner/work/ozone/ozone/hadoop-ozone/integration-test/target/test-dir/MiniOzoneClusterImpl-a0fc024b-a492-45a5-9697-b0d14f72cb5c/datanode-1/data/ratis] (custom)
2024-02-22 20:33:39,499 [923be64f-71f4-4891-b05d-82ff5a9df5b5-groupManagement] INFO  storage.RaftStorageDirectory (RaftStorageDirectoryImpl.java:analyzeStorage(138)) - The storage directory /home/runner/work/ozone/ozone/hadoop-ozone/integration-test/target/test-dir/MiniOzoneClusterImpl-a0fc024b-a492-45a5-9697-b0d14f72cb5c/datanode-1/data/ratis/fe00566f-73d9-496a-868e-5d786b606559 does not exist. Creating ...
2024-02-22 20:33:39,500 [923be64f-71f4-4891-b05d-82ff5a9df5b5-groupManagement] INFO  storage.RaftStorageDirectory (RaftStorageDirectoryImpl.java:tryLock(228)) - Lock on /home/runner/work/ozone/ozone/hadoop-ozone/integration-test/target/test-dir/MiniOzoneClusterImpl-a0fc024b-a492-45a5-9697-b0d14f72cb5c/datanode-1/data/ratis/fe00566f-73d9-496a-868e-5d786b606559/in_use.lock acquired by nodename 30552@fv-az779-213
2024-02-22 20:33:39,501 [923be64f-71f4-4891-b05d-82ff5a9df5b5-groupManagement] INFO  storage.RaftStorage (RaftStorageImpl.java:format(99)) - Storage directory /home/runner/work/ozone/ozone/hadoop-ozone/integration-test/target/test-dir/MiniOzoneClusterImpl-a0fc024b-a492-45a5-9697-b0d14f72cb5c/datanode-1/data/ratis/fe00566f-73d9-496a-868e-5d786b606559 has been successfully formatted.
2024-02-22 20:33:39,501 [923be64f-71f4-4891-b05d-82ff5a9df5b5-groupManagement] WARN  util.FileUtils (LogUtils.java:supplyAndLog(63)) - Failed to Files.newInputStream /home/runner/work/ozone/ozone/hadoop-ozone/integration-test/target/test-dir/MiniOzoneClusterImpl-a0fc024b-a492-45a5-9697-b0d14f72cb5c/datanode-1/data/ratis/fe00566f-73d9-496a-868e-5d786b606559/current/raft-meta.conf with options []: java.nio.file.NoSuchFileException: /home/runner/work/ozone/ozone/hadoop-ozone/integration-test/target/test-dir/MiniOzoneClusterImpl-a0fc024b-a492-45a5-9697-b0d14f72cb5c/datanode-1/data/ratis/fe00566f-73d9-496a-868e-5d786b606559/current/raft-meta.conf
2024-02-22 20:33:39,501 [923be64f-71f4-4891-b05d-82ff5a9df5b5-groupManagement] INFO  ratis.ContainerStateMachine (ContainerStateMachine.java:loadSnapshot(287)) - group-5D786B606559: The snapshot info is null. Setting the last applied index to:(t:0, i:~)
2024-02-22 20:33:39,501 [923be64f-71f4-4891-b05d-82ff5a9df5b5-groupManagement] INFO  server.RaftServerConfigKeys (ConfUtils.java:logGet(46)) - raft.server.log.use.memory = false (default)
2024-02-22 20:33:39,502 [923be64f-71f4-4891-b05d-82ff5a9df5b5-groupManagement] INFO  server.RaftServerConfigKeys (ConfUtils.java:logGet(46)) - raft.server.log.purge.gap = 1000000 (custom)
2024-02-22 20:33:39,502 [923be64f-71f4-4891-b05d-82ff5a9df5b5-groupManagement] INFO  server.RaftServerConfigKeys (ConfUtils.java:logGet(46)) - raft.server.log.appender.buffer.byte-limit = 8388608 (custom)
2024-02-22 20:33:39,502 [923be64f-71f4-4891-b05d-82ff5a9df5b5-groupManagement] INFO  server.RaftServerConfigKeys (ConfUtils.java:logGet(46)) - raft.server.log.statemachine.data.read.timeout = 1000ms (default)
2024-02-22 20:33:39,502 [923be64f-71f4-4891-b05d-82ff5a9df5b5-groupManagement] INFO  server.RaftServerConfigKeys (ConfUtils.java:logGet(46)) - raft.server.log.purge.preservation.log.num = 0 (default)
2024-02-22 20:33:39,508 [EventQueue-OpenPipelineForHealthyPipelineSafeModeRule] INFO  safemode.SCMSafeModeManager (HealthyPipelineSafeModeRule.java:process(140)) - SCM in safe mode. Healthy pipelines reported count is 0, required healthy pipeline reported count is 1
2024-02-22 20:33:39,510 [923be64f-71f4-4891-b05d-82ff5a9df5b5-groupManagement] INFO  server.RaftServerConfigKeys (ConfUtils.java:logGet(46)) - raft.server.log.segment.size.max = 67108864 (custom)
2024-02-22 20:33:39,511 [923be64f-71f4-4891-b05d-82ff5a9df5b5-groupManagement] INFO  server.RaftServerConfigKeys (ConfUtils.java:logGet(46)) - raft.server.log.segment.cache.num.max = 2 (custom)
2024-02-22 20:33:39,511 [923be64f-71f4-4891-b05d-82ff5a9df5b5-groupManagement] INFO  server.RaftServerConfigKeys (ConfUtils.java:logGet(46)) - raft.server.log.segment.cache.size.max = 200MB (=209715200) (default)
2024-02-22 20:33:39,511 [923be64f-71f4-4891-b05d-82ff5a9df5b5-groupManagement] INFO  server.RaftServerConfigKeys (ConfUtils.java:logGet(46)) - raft.server.log.appender.buffer.byte-limit = 8388608 (custom)
2024-02-22 20:33:39,512 [923be64f-71f4-4891-b05d-82ff5a9df5b5-groupManagement] INFO  util.AwaitToRun (AwaitToRun.java:start(81)) - Thread[923be64f-71f4-4891-b05d-82ff5a9df5b5@group-5D786B606559-cacheEviction-AwaitToRun,5,main] started
2024-02-22 20:33:39,513 [923be64f-71f4-4891-b05d-82ff5a9df5b5-groupManagement] INFO  segmented.SegmentedRaftLogWorker (SegmentedRaftLogWorker.java:<init>(182)) - new 923be64f-71f4-4891-b05d-82ff5a9df5b5@group-5D786B606559-SegmentedRaftLogWorker for RaftStorageImpl:Storage Directory /home/runner/work/ozone/ozone/hadoop-ozone/integration-test/target/test-dir/MiniOzoneClusterImpl-a0fc024b-a492-45a5-9697-b0d14f72cb5c/datanode-1/data/ratis/fe00566f-73d9-496a-868e-5d786b606559
2024-02-22 20:33:39,513 [923be64f-71f4-4891-b05d-82ff5a9df5b5-groupManagement] INFO  server.RaftServerConfigKeys (ConfUtils.java:logGet(46)) - raft.server.log.queue.byte-limit = 4294967296 (custom)
2024-02-22 20:33:39,513 [923be64f-71f4-4891-b05d-82ff5a9df5b5-groupManagement] INFO  server.RaftServerConfigKeys (ConfUtils.java:logGet(46)) - raft.server.log.queue.element-limit = 1024 (custom)
2024-02-22 20:33:39,513 [923be64f-71f4-4891-b05d-82ff5a9df5b5-groupManagement] INFO  server.RaftServerConfigKeys (ConfUtils.java:logGet(46)) - raft.server.log.segment.size.max = 67108864 (custom)
2024-02-22 20:33:39,513 [923be64f-71f4-4891-b05d-82ff5a9df5b5-groupManagement] INFO  server.RaftServerConfigKeys (ConfUtils.java:logGet(46)) - raft.server.log.preallocated.size = 4194304 (custom)
2024-02-22 20:33:39,513 [923be64f-71f4-4891-b05d-82ff5a9df5b5-groupManagement] INFO  server.RaftServerConfigKeys (ConfUtils.java:logGet(46)) - raft.server.log.force.sync.num = 128 (default)
2024-02-22 20:33:39,513 [923be64f-71f4-4891-b05d-82ff5a9df5b5-groupManagement] INFO  server.RaftServerConfigKeys (ConfUtils.java:logGet(46)) - raft.server.log.statemachine.data.sync = true (default)
2024-02-22 20:33:39,513 [923be64f-71f4-4891-b05d-82ff5a9df5b5-groupManagement] INFO  server.RaftServerConfigKeys (ConfUtils.java:logGet(46)) - raft.server.log.statemachine.data.sync.timeout = 10s (default)
2024-02-22 20:33:39,513 [923be64f-71f4-4891-b05d-82ff5a9df5b5-groupManagement] INFO  server.RaftServerConfigKeys (ConfUtils.java:logGet(46)) - raft.server.log.statemachine.data.sync.timeout.retry = 0 (custom)
2024-02-22 20:33:39,514 [923be64f-71f4-4891-b05d-82ff5a9df5b5-groupManagement] INFO  server.RaftServerConfigKeys (ConfUtils.java:logGet(46)) - raft.server.log.write.buffer.size = 8388616 (custom)
2024-02-22 20:33:39,516 [923be64f-71f4-4891-b05d-82ff5a9df5b5-groupManagement] INFO  server.RaftServerConfigKeys (ConfUtils.java:logGet(46)) - raft.server.log.appender.buffer.byte-limit = 8388608 (custom)
2024-02-22 20:33:39,516 [923be64f-71f4-4891-b05d-82ff5a9df5b5-groupManagement] INFO  server.RaftServerConfigKeys (ConfUtils.java:logGet(46)) - raft.server.log.unsafe-flush.enabled = false (default)
2024-02-22 20:33:39,516 [923be64f-71f4-4891-b05d-82ff5a9df5b5-groupManagement] INFO  server.RaftServerConfigKeys (ConfUtils.java:logGet(46)) - raft.server.log.async-flush.enabled = false (default)
2024-02-22 20:33:39,516 [923be64f-71f4-4891-b05d-82ff5a9df5b5-groupManagement] INFO  server.RaftServerConfigKeys (ConfUtils.java:logGet(46)) - raft.server.log.statemachine.data.caching.enabled = true (custom)
2024-02-22 20:33:39,516 [923be64f-71f4-4891-b05d-82ff5a9df5b5-groupManagement] INFO  segmented.SegmentedRaftLogWorker (SegmentedRaftLogWorker.java:lambda$new$0(134)) - 923be64f-71f4-4891-b05d-82ff5a9df5b5@group-5D786B606559-SegmentedRaftLogWorker: flushIndex: setUnconditionally 0 -> -1
2024-02-22 20:33:39,516 [923be64f-71f4-4891-b05d-82ff5a9df5b5-groupManagement] INFO  segmented.SegmentedRaftLogWorker (SegmentedRaftLogWorker.java:lambda$new$0(134)) - 923be64f-71f4-4891-b05d-82ff5a9df5b5@group-5D786B606559-SegmentedRaftLogWorker: safeCacheEvictIndex: setUnconditionally 0 -> -1
2024-02-22 20:33:39,518 [923be64f-71f4-4891-b05d-82ff5a9df5b5-groupManagement] INFO  server.RaftServer$Division (RaftServerImpl.java:start(396)) - 923be64f-71f4-4891-b05d-82ff5a9df5b5@group-5D786B606559: start as a follower, conf=-1: peers:[923be64f-71f4-4891-b05d-82ff5a9df5b5|10.1.0.33:15023, e46a6e51-795f-4801-a523-c45a6c7f2c34|10.1.0.33:15014, d25dc3b0-28fc-4383-b1a0-617845025f41|10.1.0.33:15032]|listeners:[], old=null
2024-02-22 20:33:39,518 [923be64f-71f4-4891-b05d-82ff5a9df5b5-groupManagement] INFO  server.RaftServer$Division (RaftServerImpl.java:setRole(383)) - 923be64f-71f4-4891-b05d-82ff5a9df5b5@group-5D786B606559: changes role from      null to FOLLOWER at term 0 for startAsFollower
2024-02-22 20:33:39,518 [923be64f-71f4-4891-b05d-82ff5a9df5b5-groupManagement] INFO  impl.RoleInfo (RoleInfo.java:updateAndGet(139)) - 923be64f-71f4-4891-b05d-82ff5a9df5b5: start 923be64f-71f4-4891-b05d-82ff5a9df5b5@group-5D786B606559-FollowerState
2024-02-22 20:33:39,522 [923be64f-71f4-4891-b05d-82ff5a9df5b5-groupManagement] INFO  util.JmxRegister (JmxRegister.java:tryRegister(44)) - Successfully registered JMX Bean with object name Ratis:service=RaftServer,group=group-5D786B606559,id=923be64f-71f4-4891-b05d-82ff5a9df5b5
2024-02-22 20:33:39,522 [923be64f-71f4-4891-b05d-82ff5a9df5b5-groupManagement] INFO  server.RaftServerConfigKeys (ConfUtils.java:logGet(46)) - raft.server.snapshot.trigger-when-stop.enabled = true (default)
2024-02-22 20:33:39,522 [923be64f-71f4-4891-b05d-82ff5a9df5b5-groupManagement] INFO  server.RaftServerConfigKeys (ConfUtils.java:logGet(46)) - raft.server.snapshot.auto.trigger.enabled = true (custom)
2024-02-22 20:33:39,522 [923be64f-71f4-4891-b05d-82ff5a9df5b5-groupManagement] INFO  server.RaftServerConfigKeys (ConfUtils.java:logGet(46)) - raft.server.snapshot.auto.trigger.threshold = 10000 (custom)
2024-02-22 20:33:39,522 [923be64f-71f4-4891-b05d-82ff5a9df5b5-groupManagement] INFO  server.RaftServerConfigKeys (ConfUtils.java:logGet(46)) - raft.server.snapshot.retention.file.num = 5 (custom)
2024-02-22 20:33:39,522 [923be64f-71f4-4891-b05d-82ff5a9df5b5-groupManagement] INFO  server.RaftServerConfigKeys (ConfUtils.java:logGet(46)) - raft.server.log.purge.upto.snapshot.index = false (default)
2024-02-22 20:33:39,524 [923be64f-71f4-4891-b05d-82ff5a9df5b5@group-5D786B606559-FollowerState] INFO  server.RaftServerConfigKeys (ConfUtils.java:logFallback(53)) - raft.server.rpc.first-election.timeout.min = 5s (fallback to raft.server.rpc.timeout.min)
2024-02-22 20:33:39,524 [923be64f-71f4-4891-b05d-82ff5a9df5b5@group-5D786B606559-FollowerState] INFO  server.RaftServerConfigKeys (ConfUtils.java:logFallback(53)) - raft.server.rpc.first-election.timeout.max = 5200ms (fallback to raft.server.rpc.timeout.max)
2024-02-22 20:33:39,526 [923be64f-71f4-4891-b05d-82ff5a9df5b5-PipelineCommandHandlerThread-0] INFO  ratis.XceiverServerRatis (XceiverServerRatis.java:addGroup(864)) - Created group PipelineID=fe00566f-73d9-496a-868e-5d786b606559
2024-02-22 20:33:39,543 [main] INFO  ozone.MiniOzoneClusterImpl (MiniOzoneClusterImpl.java:lambda$waitForClusterToBeReady$0(205)) - Waiting for nodes to be ready. Got 8 of 10 DN Heartbeats.
2024-02-22 20:33:39,543 [main] INFO  ozone.MiniOzoneClusterImpl (MiniOzoneClusterImpl.java:lambda$waitForClusterToBeReady$0(208)) - Waiting for cluster to exit safe mode
2024-02-22 20:33:39,544 [main] INFO  ozone.MiniOzoneClusterImpl (MiniOzoneClusterImpl.java:lambda$waitForClusterToBeReady$0(210)) - SCM became leader
2024-02-22 20:33:39,551 [d25dc3b0-28fc-4383-b1a0-617845025f41-PipelineCommandHandlerThread-0] INFO  server.RaftServer (RaftServerProxy.java:addNew(100)) - d25dc3b0-28fc-4383-b1a0-617845025f41: addNew group-C38389527FEF:[d25dc3b0-28fc-4383-b1a0-617845025f41|10.1.0.33:15032] returns group-C38389527FEF:java.util.concurrent.CompletableFuture@341e4a8d[Not completed]
2024-02-22 20:33:39,553 [d25dc3b0-28fc-4383-b1a0-617845025f41-groupManagement] INFO  server.RaftServer$Division (RaftServerImpl.java:<init>(256)) - d25dc3b0-28fc-4383-b1a0-617845025f41: new RaftServerImpl for group-C38389527FEF:[d25dc3b0-28fc-4383-b1a0-617845025f41|10.1.0.33:15032] with ContainerStateMachine:uninitialized
2024-02-22 20:33:39,553 [d25dc3b0-28fc-4383-b1a0-617845025f41-groupManagement] INFO  server.RaftServerConfigKeys (ConfUtils.java:logGet(46)) - raft.server.rpc.timeout.min = 5s (custom)
2024-02-22 20:33:39,554 [d25dc3b0-28fc-4383-b1a0-617845025f41-groupManagement] INFO  server.RaftServerConfigKeys (ConfUtils.java:logGet(46)) - raft.server.rpc.timeout.max = 5200ms (custom)
2024-02-22 20:33:39,554 [d25dc3b0-28fc-4383-b1a0-617845025f41-groupManagement] INFO  server.RaftServerConfigKeys (ConfUtils.java:logGet(46)) - raft.server.rpc.sleep.time = 25ms (default)
2024-02-22 20:33:39,554 [d25dc3b0-28fc-4383-b1a0-617845025f41-groupManagement] INFO  server.RaftServerConfigKeys (ConfUtils.java:logGet(46)) - raft.server.rpc.slowness.timeout = 300s (custom)
2024-02-22 20:33:39,555 [d25dc3b0-28fc-4383-b1a0-617845025f41-groupManagement] INFO  server.RaftServerConfigKeys (ConfUtils.java:logGet(46)) - raft.server.leaderelection.leader.step-down.wait-time = 10s (default)
2024-02-22 20:33:39,555 [d25dc3b0-28fc-4383-b1a0-617845025f41-groupManagement] INFO  server.RaftServerConfigKeys (ConfUtils.java:logGet(46)) - raft.server.leaderelection.member.majority-add = false (default)
2024-02-22 20:33:39,555 [d25dc3b0-28fc-4383-b1a0-617845025f41-groupManagement] INFO  server.RaftServerConfigKeys (ConfUtils.java:logGet(46)) - raft.server.sleep.deviation.threshold = 300ms (default)
2024-02-22 20:33:39,556 [d25dc3b0-28fc-4383-b1a0-617845025f41-groupManagement] INFO  server.RaftServer$Division (ServerState.java:<init>(113)) - d25dc3b0-28fc-4383-b1a0-617845025f41@group-C38389527FEF: ConfigurationManager, init=-1: peers:[d25dc3b0-28fc-4383-b1a0-617845025f41|10.1.0.33:15032]|listeners:[], old=null, confs=<EMPTY_MAP>
2024-02-22 20:33:39,556 [d25dc3b0-28fc-4383-b1a0-617845025f41-groupManagement] INFO  server.RaftServerConfigKeys (ConfUtils.java:logGet(46)) - raft.server.notification.no-leader.timeout = 300s (custom)
2024-02-22 20:33:39,556 [d25dc3b0-28fc-4383-b1a0-617845025f41-groupManagement] INFO  server.RaftServerConfigKeys (ConfUtils.java:logGet(46)) - raft.server.read.timeout = 10s (default)
2024-02-22 20:33:39,557 [d25dc3b0-28fc-4383-b1a0-617845025f41-groupManagement] INFO  server.RaftServerConfigKeys (ConfUtils.java:logGet(46)) - raft.server.retrycache.expirytime = 600000ms (custom)
2024-02-22 20:33:39,557 [d25dc3b0-28fc-4383-b1a0-617845025f41-groupManagement] INFO  server.RaftServerConfigKeys (ConfUtils.java:logGet(46)) - raft.server.retrycache.statistics.expirytime = 100ms (default)
2024-02-22 20:33:39,557 [d25dc3b0-28fc-4383-b1a0-617845025f41-groupManagement] INFO  server.RaftServerConfigKeys (ConfUtils.java:logGet(46)) - raft.server.read.option = DEFAULT (default)
2024-02-22 20:33:39,558 [d25dc3b0-28fc-4383-b1a0-617845025f41-groupManagement] INFO  server.RaftServerConfigKeys (ConfUtils.java:logGet(46)) - raft.server.read.read-after-write-consistent.write-index-cache.expiry-time = 60s (default)
2024-02-22 20:33:39,565 [d25dc3b0-28fc-4383-b1a0-617845025f41-groupManagement] INFO  server.RaftServerConfigKeys (ConfUtils.java:logGet(46)) - raft.server.rpc.request.timeout = 60s (custom)
2024-02-22 20:33:39,565 [d25dc3b0-28fc-4383-b1a0-617845025f41-groupManagement] INFO  server.RaftServerConfigKeys (ConfUtils.java:logGet(46)) - raft.server.log.appender.install.snapshot.enabled = false (custom)
2024-02-22 20:33:39,566 [d25dc3b0-28fc-4383-b1a0-617845025f41-groupManagement] INFO  server.RaftServerConfigKeys (ConfUtils.java:logGet(46)) - raft.server.threadpool.server.cached = true (default)
2024-02-22 20:33:39,566 [d25dc3b0-28fc-4383-b1a0-617845025f41-groupManagement] INFO  server.RaftServerConfigKeys (ConfUtils.java:logGet(46)) - raft.server.threadpool.server.size = 0 (default)
2024-02-22 20:33:39,566 [d25dc3b0-28fc-4383-b1a0-617845025f41-groupManagement] INFO  server.RaftServerConfigKeys (ConfUtils.java:logGet(46)) - raft.server.threadpool.client.cached = true (default)
2024-02-22 20:33:39,566 [d25dc3b0-28fc-4383-b1a0-617845025f41-groupManagement] INFO  server.RaftServerConfigKeys (ConfUtils.java:logGet(46)) - raft.server.threadpool.client.size = 0 (default)
2024-02-22 20:33:39,566 [d25dc3b0-28fc-4383-b1a0-617845025f41-groupManagement] INFO  server.RaftServerConfigKeys (ConfUtils.java:logGet(46)) - raft.server.storage.free-space.min = 0MB (=0) (default)
2024-02-22 20:33:39,566 [d25dc3b0-28fc-4383-b1a0-617845025f41-groupManagement] INFO  server.RaftServerConfigKeys (ConfUtils.java:logGet(46)) - raft.server.log.corruption.policy = EXCEPTION (default)
2024-02-22 20:33:39,566 [d25dc3b0-28fc-4383-b1a0-617845025f41-groupManagement] INFO  server.RaftServerConfigKeys (ConfUtils.java:logGet(46)) - raft.server.storage.dir = [/home/runner/work/ozone/ozone/hadoop-ozone/integration-test/target/test-dir/MiniOzoneClusterImpl-a0fc024b-a492-45a5-9697-b0d14f72cb5c/datanode-2/data/ratis] (custom)
2024-02-22 20:33:39,567 [d25dc3b0-28fc-4383-b1a0-617845025f41-groupManagement] INFO  storage.RaftStorageDirectory (RaftStorageDirectoryImpl.java:analyzeStorage(138)) - The storage directory /home/runner/work/ozone/ozone/hadoop-ozone/integration-test/target/test-dir/MiniOzoneClusterImpl-a0fc024b-a492-45a5-9697-b0d14f72cb5c/datanode-2/data/ratis/cc9cefaf-0a91-48d6-879a-c38389527fef does not exist. Creating ...
2024-02-22 20:33:39,571 [d25dc3b0-28fc-4383-b1a0-617845025f41-groupManagement] INFO  storage.RaftStorageDirectory (RaftStorageDirectoryImpl.java:tryLock(228)) - Lock on /home/runner/work/ozone/ozone/hadoop-ozone/integration-test/target/test-dir/MiniOzoneClusterImpl-a0fc024b-a492-45a5-9697-b0d14f72cb5c/datanode-2/data/ratis/cc9cefaf-0a91-48d6-879a-c38389527fef/in_use.lock acquired by nodename 30552@fv-az779-213
2024-02-22 20:33:39,573 [d25dc3b0-28fc-4383-b1a0-617845025f41-groupManagement] INFO  storage.RaftStorage (RaftStorageImpl.java:format(99)) - Storage directory /home/runner/work/ozone/ozone/hadoop-ozone/integration-test/target/test-dir/MiniOzoneClusterImpl-a0fc024b-a492-45a5-9697-b0d14f72cb5c/datanode-2/data/ratis/cc9cefaf-0a91-48d6-879a-c38389527fef has been successfully formatted.
2024-02-22 20:33:39,573 [d25dc3b0-28fc-4383-b1a0-617845025f41-groupManagement] WARN  util.FileUtils (LogUtils.java:supplyAndLog(63)) - Failed to Files.newInputStream /home/runner/work/ozone/ozone/hadoop-ozone/integration-test/target/test-dir/MiniOzoneClusterImpl-a0fc024b-a492-45a5-9697-b0d14f72cb5c/datanode-2/data/ratis/cc9cefaf-0a91-48d6-879a-c38389527fef/current/raft-meta.conf with options []: java.nio.file.NoSuchFileException: /home/runner/work/ozone/ozone/hadoop-ozone/integration-test/target/test-dir/MiniOzoneClusterImpl-a0fc024b-a492-45a5-9697-b0d14f72cb5c/datanode-2/data/ratis/cc9cefaf-0a91-48d6-879a-c38389527fef/current/raft-meta.conf
2024-02-22 20:33:39,575 [d25dc3b0-28fc-4383-b1a0-617845025f41-groupManagement] INFO  ratis.ContainerStateMachine (ContainerStateMachine.java:loadSnapshot(287)) - group-C38389527FEF: The snapshot info is null. Setting the last applied index to:(t:0, i:~)
2024-02-22 20:33:39,575 [d25dc3b0-28fc-4383-b1a0-617845025f41-groupManagement] INFO  server.RaftServerConfigKeys (ConfUtils.java:logGet(46)) - raft.server.log.use.memory = false (default)
2024-02-22 20:33:39,576 [EventQueue-OpenPipelineForHealthyPipelineSafeModeRule] INFO  safemode.SCMSafeModeManager (HealthyPipelineSafeModeRule.java:process(140)) - SCM in safe mode. Healthy pipelines reported count is 0, required healthy pipeline reported count is 1
2024-02-22 20:33:39,576 [d25dc3b0-28fc-4383-b1a0-617845025f41-groupManagement] INFO  server.RaftServerConfigKeys (ConfUtils.java:logGet(46)) - raft.server.log.purge.gap = 1000000 (custom)
2024-02-22 20:33:39,577 [d25dc3b0-28fc-4383-b1a0-617845025f41-groupManagement] INFO  server.RaftServerConfigKeys (ConfUtils.java:logGet(46)) - raft.server.log.appender.buffer.byte-limit = 8388608 (custom)
2024-02-22 20:33:39,577 [d25dc3b0-28fc-4383-b1a0-617845025f41-groupManagement] INFO  server.RaftServerConfigKeys (ConfUtils.java:logGet(46)) - raft.server.log.statemachine.data.read.timeout = 1000ms (default)
2024-02-22 20:33:39,577 [d25dc3b0-28fc-4383-b1a0-617845025f41-groupManagement] INFO  server.RaftServerConfigKeys (ConfUtils.java:logGet(46)) - raft.server.log.purge.preservation.log.num = 0 (default)
2024-02-22 20:33:39,578 [EventQueue-HealthyReadonlyNodeForHealthyReadOnlyNodeHandler] INFO  node.HealthyReadOnlyNodeHandler (HealthyReadOnlyNodeHandler.java:onMessage(55)) - Datanode e780b093-7242-46d7-bd8f-0f810188c7b3(fv-az779-213.k0faouyluq4u1aavuapgg5xmpb.cx.internal.cloudapp.net/10.1.0.33) moved to HEALTHY READONLY state.
2024-02-22 20:33:39,578 [EventQueue-HealthyReadonlyNodeForHealthyReadOnlyNodeHandler] INFO  node.HealthyReadOnlyNodeHandler (HealthyReadOnlyNodeHandler.java:onMessage(87)) - Sending close command for pipeline PipelineID=0077ebc2-8b09-4842-8a13-83d984655c73 in state CLOSED which uses HEALTHY_READONLY datanode e780b093-7242-46d7-bd8f-0f810188c7b3. This will send close commands for its containers.
2024-02-22 20:33:39,578 [EventQueue-HealthyReadonlyNodeForHealthyReadOnlyNodeHandler] INFO  node.HealthyReadOnlyNodeHandler (HealthyReadOnlyNodeHandler.java:onMessage(87)) - Sending close command for pipeline PipelineID=7a70ea48-d71a-4b2b-bc50-affc1e458e84 in state CLOSED which uses HEALTHY_READONLY datanode e780b093-7242-46d7-bd8f-0f810188c7b3. This will send close commands for its containers.
2024-02-22 20:33:39,578 [EventQueue-HealthyReadonlyNodeForHealthyReadOnlyNodeHandler] INFO  node.HealthyReadOnlyNodeHandler (HealthyReadOnlyNodeHandler.java:onMessage(87)) - Sending close command for pipeline PipelineID=b7ad60d3-b3bb-4da3-89ae-a538022c1006 in state CLOSED which uses HEALTHY_READONLY datanode e780b093-7242-46d7-bd8f-0f810188c7b3. This will send close commands for its containers.
2024-02-22 20:33:39,578 [EventQueue-HealthyReadonlyNodeForHealthyReadOnlyNodeHandler] INFO  node.HealthyReadOnlyNodeHandler (HealthyReadOnlyNodeHandler.java:onMessage(87)) - Sending close command for pipeline PipelineID=bcc14677-48a1-4052-9632-383c4aad3a78 in state CLOSED which uses HEALTHY_READONLY datanode e780b093-7242-46d7-bd8f-0f810188c7b3. This will send close commands for its containers.
2024-02-22 20:33:39,578 [EventQueue-HealthyReadonlyNodeForHealthyReadOnlyNodeHandler] INFO  node.HealthyReadOnlyNodeHandler (HealthyReadOnlyNodeHandler.java:onMessage(87)) - Sending close command for pipeline PipelineID=567d6c0b-0c61-46d9-a73e-1944bbb8d763 in state CLOSED which uses HEALTHY_READONLY datanode e780b093-7242-46d7-bd8f-0f810188c7b3. This will send close commands for its containers.
2024-02-22 20:33:39,578 [EventQueue-HealthyReadonlyToHealthyNodeForReadOnlyHealthyToHealthyNodeHandler] INFO  node.ReadOnlyHealthyToHealthyNodeHandler (ReadOnlyHealthyToHealthyNodeHandler.java:onMessage(51)) - Datanode 78f89d9b-e409-4704-890b-bfcfbcdfd28a(fv-az779-213.k0faouyluq4u1aavuapgg5xmpb.cx.internal.cloudapp.net/10.1.0.33) moved to HEALTHY state.
2024-02-22 20:33:39,579 [EventQueue-HealthyReadonlyToHealthyNodeForReadOnlyHealthyToHealthyNodeHandler] INFO  pipeline.BackgroundPipelineCreator (BackgroundPipelineCreator.java:notifyEventTriggered(280)) - trigger a one-shot run on RatisPipelineUtilsThread.
2024-02-22 20:33:39,579 [RatisPipelineUtilsThread-0] INFO  pipeline.RatisPipelineProvider (RatisPipelineProvider.java:lambda$create$0(205)) - Sending CreatePipelineCommand for pipeline:PipelineID=059125b3-e2f6-4b31-98e7-17bc54520ce5 to datanode:78f89d9b-e409-4704-890b-bfcfbcdfd28a
2024-02-22 20:33:39,580 [RatisPipelineUtilsThread-0] INFO  pipeline.BackgroundPipelineCreator (BackgroundPipelineCreator.java:createPipelines(236)) - Created new pipeline Pipeline[ Id: 059125b3-e2f6-4b31-98e7-17bc54520ce5, Nodes: 78f89d9b-e409-4704-890b-bfcfbcdfd28a(fv-az779-213.k0faouyluq4u1aavuapgg5xmpb.cx.internal.cloudapp.net/10.1.0.33), ReplicationConfig: RATIS/ONE, State:ALLOCATED, leaderId:, CreationTimestamp2024-02-22T20:33:39.579Z[Etc/UTC]]
2024-02-22 20:33:39,581 [d25dc3b0-28fc-4383-b1a0-617845025f41-groupManagement] INFO  server.RaftServerConfigKeys (ConfUtils.java:logGet(46)) - raft.server.log.segment.size.max = 67108864 (custom)
2024-02-22 20:33:39,581 [d25dc3b0-28fc-4383-b1a0-617845025f41-groupManagement] INFO  server.RaftServerConfigKeys (ConfUtils.java:logGet(46)) - raft.server.log.segment.cache.num.max = 2 (custom)
2024-02-22 20:33:39,581 [d25dc3b0-28fc-4383-b1a0-617845025f41-groupManagement] INFO  server.RaftServerConfigKeys (ConfUtils.java:logGet(46)) - raft.server.log.segment.cache.size.max = 200MB (=209715200) (default)
2024-02-22 20:33:39,581 [d25dc3b0-28fc-4383-b1a0-617845025f41-groupManagement] INFO  server.RaftServerConfigKeys (ConfUtils.java:logGet(46)) - raft.server.log.appender.buffer.byte-limit = 8388608 (custom)
2024-02-22 20:33:39,582 [d25dc3b0-28fc-4383-b1a0-617845025f41-groupManagement] INFO  util.AwaitToRun (AwaitToRun.java:start(81)) - Thread[d25dc3b0-28fc-4383-b1a0-617845025f41@group-C38389527FEF-cacheEviction-AwaitToRun,5,main] started
2024-02-22 20:33:39,582 [d25dc3b0-28fc-4383-b1a0-617845025f41-groupManagement] INFO  segmented.SegmentedRaftLogWorker (SegmentedRaftLogWorker.java:<init>(182)) - new d25dc3b0-28fc-4383-b1a0-617845025f41@group-C38389527FEF-SegmentedRaftLogWorker for RaftStorageImpl:Storage Directory /home/runner/work/ozone/ozone/hadoop-ozone/integration-test/target/test-dir/MiniOzoneClusterImpl-a0fc024b-a492-45a5-9697-b0d14f72cb5c/datanode-2/data/ratis/cc9cefaf-0a91-48d6-879a-c38389527fef
2024-02-22 20:33:39,582 [d25dc3b0-28fc-4383-b1a0-617845025f41-groupManagement] INFO  server.RaftServerConfigKeys (ConfUtils.java:logGet(46)) - raft.server.log.queue.byte-limit = 4294967296 (custom)
2024-02-22 20:33:39,582 [d25dc3b0-28fc-4383-b1a0-617845025f41-groupManagement] INFO  server.RaftServerConfigKeys (ConfUtils.java:logGet(46)) - raft.server.log.queue.element-limit = 1024 (custom)
2024-02-22 20:33:39,582 [d25dc3b0-28fc-4383-b1a0-617845025f41-groupManagement] INFO  server.RaftServerConfigKeys (ConfUtils.java:logGet(46)) - raft.server.log.segment.size.max = 67108864 (custom)
2024-02-22 20:33:39,582 [d25dc3b0-28fc-4383-b1a0-617845025f41-groupManagement] INFO  server.RaftServerConfigKeys (ConfUtils.java:logGet(46)) - raft.server.log.preallocated.size = 4194304 (custom)
2024-02-22 20:33:39,582 [d25dc3b0-28fc-4383-b1a0-617845025f41-groupManagement] INFO  server.RaftServerConfigKeys (ConfUtils.java:logGet(46)) - raft.server.log.force.sync.num = 128 (default)
2024-02-22 20:33:39,582 [d25dc3b0-28fc-4383-b1a0-617845025f41-groupManagement] INFO  server.RaftServerConfigKeys (ConfUtils.java:logGet(46)) - raft.server.log.statemachine.data.sync = true (default)
2024-02-22 20:33:39,582 [d25dc3b0-28fc-4383-b1a0-617845025f41-groupManagement] INFO  server.RaftServerConfigKeys (ConfUtils.java:logGet(46)) - raft.server.log.statemachine.data.sync.timeout = 10s (default)
2024-02-22 20:33:39,582 [d25dc3b0-28fc-4383-b1a0-617845025f41-groupManagement] INFO  server.RaftServerConfigKeys (ConfUtils.java:logGet(46)) - raft.server.log.statemachine.data.sync.timeout.retry = 0 (custom)
2024-02-22 20:33:39,582 [d25dc3b0-28fc-4383-b1a0-617845025f41-groupManagement] INFO  server.RaftServerConfigKeys (ConfUtils.java:logGet(46)) - raft.server.log.write.buffer.size = 8388616 (custom)
2024-02-22 20:33:39,584 [d25dc3b0-28fc-4383-b1a0-617845025f41-groupManagement] INFO  server.RaftServerConfigKeys (ConfUtils.java:logGet(46)) - raft.server.log.appender.buffer.byte-limit = 8388608 (custom)
2024-02-22 20:33:39,584 [d25dc3b0-28fc-4383-b1a0-617845025f41-groupManagement] INFO  server.RaftServerConfigKeys (ConfUtils.java:logGet(46)) - raft.server.log.unsafe-flush.enabled = false (default)
2024-02-22 20:33:39,584 [d25dc3b0-28fc-4383-b1a0-617845025f41-groupManagement] INFO  server.RaftServerConfigKeys (ConfUtils.java:logGet(46)) - raft.server.log.async-flush.enabled = false (default)
2024-02-22 20:33:39,584 [d25dc3b0-28fc-4383-b1a0-617845025f41-groupManagement] INFO  server.RaftServerConfigKeys (ConfUtils.java:logGet(46)) - raft.server.log.statemachine.data.caching.enabled = true (custom)
2024-02-22 20:33:39,584 [d25dc3b0-28fc-4383-b1a0-617845025f41-groupManagement] INFO  segmented.SegmentedRaftLogWorker (SegmentedRaftLogWorker.java:lambda$new$0(134)) - d25dc3b0-28fc-4383-b1a0-617845025f41@group-C38389527FEF-SegmentedRaftLogWorker: flushIndex: setUnconditionally 0 -> -1
2024-02-22 20:33:39,585 [d25dc3b0-28fc-4383-b1a0-617845025f41-groupManagement] INFO  segmented.SegmentedRaftLogWorker (SegmentedRaftLogWorker.java:lambda$new$0(134)) - d25dc3b0-28fc-4383-b1a0-617845025f41@group-C38389527FEF-SegmentedRaftLogWorker: safeCacheEvictIndex: setUnconditionally 0 -> -1
2024-02-22 20:33:39,586 [d25dc3b0-28fc-4383-b1a0-617845025f41-groupManagement] INFO  server.RaftServer$Division (RaftServerImpl.java:start(396)) - d25dc3b0-28fc-4383-b1a0-617845025f41@group-C38389527FEF: start as a follower, conf=-1: peers:[d25dc3b0-28fc-4383-b1a0-617845025f41|10.1.0.33:15032]|listeners:[], old=null
2024-02-22 20:33:39,586 [d25dc3b0-28fc-4383-b1a0-617845025f41-groupManagement] INFO  server.RaftServer$Division (RaftServerImpl.java:setRole(383)) - d25dc3b0-28fc-4383-b1a0-617845025f41@group-C38389527FEF: changes role from      null to FOLLOWER at term 0 for startAsFollower
2024-02-22 20:33:39,586 [d25dc3b0-28fc-4383-b1a0-617845025f41-groupManagement] INFO  impl.RoleInfo (RoleInfo.java:updateAndGet(139)) - d25dc3b0-28fc-4383-b1a0-617845025f41: start d25dc3b0-28fc-4383-b1a0-617845025f41@group-C38389527FEF-FollowerState
2024-02-22 20:33:39,586 [d25dc3b0-28fc-4383-b1a0-617845025f41@group-C38389527FEF-FollowerState] INFO  server.RaftServerConfigKeys (ConfUtils.java:logFallback(53)) - raft.server.rpc.first-election.timeout.min = 5s (fallback to raft.server.rpc.timeout.min)
2024-02-22 20:33:39,586 [d25dc3b0-28fc-4383-b1a0-617845025f41-groupManagement] INFO  util.JmxRegister (JmxRegister.java:tryRegister(44)) - Successfully registered JMX Bean with object name Ratis:service=RaftServer,group=group-C38389527FEF,id=d25dc3b0-28fc-4383-b1a0-617845025f41
2024-02-22 20:33:39,586 [d25dc3b0-28fc-4383-b1a0-617845025f41@group-C38389527FEF-FollowerState] INFO  server.RaftServerConfigKeys (ConfUtils.java:logFallback(53)) - raft.server.rpc.first-election.timeout.max = 5200ms (fallback to raft.server.rpc.timeout.max)
2024-02-22 20:33:39,587 [d25dc3b0-28fc-4383-b1a0-617845025f41-groupManagement] INFO  server.RaftServerConfigKeys (ConfUtils.java:logGet(46)) - raft.server.snapshot.trigger-when-stop.enabled = true (default)
2024-02-22 20:33:39,587 [d25dc3b0-28fc-4383-b1a0-617845025f41-groupManagement] INFO  server.RaftServerConfigKeys (ConfUtils.java:logGet(46)) - raft.server.snapshot.auto.trigger.enabled = true (custom)
2024-02-22 20:33:39,587 [d25dc3b0-28fc-4383-b1a0-617845025f41-groupManagement] INFO  server.RaftServerConfigKeys (ConfUtils.java:logGet(46)) - raft.server.snapshot.auto.trigger.threshold = 10000 (custom)
2024-02-22 20:33:39,587 [d25dc3b0-28fc-4383-b1a0-617845025f41-groupManagement] INFO  server.RaftServerConfigKeys (ConfUtils.java:logGet(46)) - raft.server.snapshot.retention.file.num = 5 (custom)
2024-02-22 20:33:39,587 [d25dc3b0-28fc-4383-b1a0-617845025f41-groupManagement] INFO  server.RaftServerConfigKeys (ConfUtils.java:logGet(46)) - raft.server.log.purge.upto.snapshot.index = false (default)
2024-02-22 20:33:39,591 [d25dc3b0-28fc-4383-b1a0-617845025f41-PipelineCommandHandlerThread-0] INFO  ratis.XceiverServerRatis (XceiverServerRatis.java:addGroup(864)) - Created group PipelineID=cc9cefaf-0a91-48d6-879a-c38389527fef
2024-02-22 20:33:39,591 [d25dc3b0-28fc-4383-b1a0-617845025f41-PipelineCommandHandlerThread-0] INFO  commandhandler.CreatePipelineCommandHandler (CreatePipelineCommandHandler.java:lambda$handle$2(124)) - Created Pipeline RATIS ONE PipelineID=cc9cefaf-0a91-48d6-879a-c38389527fef.
2024-02-22 20:33:39,592 [d25dc3b0-28fc-4383-b1a0-617845025f41-PipelineCommandHandlerThread-0] INFO  server.RaftServer (RaftServerProxy.java:addNew(100)) - d25dc3b0-28fc-4383-b1a0-617845025f41: addNew group-5D786B606559:[923be64f-71f4-4891-b05d-82ff5a9df5b5|10.1.0.33:15023, e46a6e51-795f-4801-a523-c45a6c7f2c34|10.1.0.33:15014, d25dc3b0-28fc-4383-b1a0-617845025f41|10.1.0.33:15032] returns group-5D786B606559:java.util.concurrent.CompletableFuture@3021c8d6[Not completed]
2024-02-22 20:33:39,593 [d25dc3b0-28fc-4383-b1a0-617845025f41-groupManagement] INFO  server.RaftServer$Division (RaftServerImpl.java:<init>(256)) - d25dc3b0-28fc-4383-b1a0-617845025f41: new RaftServerImpl for group-5D786B606559:[923be64f-71f4-4891-b05d-82ff5a9df5b5|10.1.0.33:15023, e46a6e51-795f-4801-a523-c45a6c7f2c34|10.1.0.33:15014, d25dc3b0-28fc-4383-b1a0-617845025f41|10.1.0.33:15032] with ContainerStateMachine:uninitialized
2024-02-22 20:33:39,593 [d25dc3b0-28fc-4383-b1a0-617845025f41-groupManagement] INFO  server.RaftServerConfigKeys (ConfUtils.java:logGet(46)) - raft.server.rpc.timeout.min = 5s (custom)
2024-02-22 20:33:39,593 [d25dc3b0-28fc-4383-b1a0-617845025f41-groupManagement] INFO  server.RaftServerConfigKeys (ConfUtils.java:logGet(46)) - raft.server.rpc.timeout.max = 5200ms (custom)
2024-02-22 20:33:39,593 [d25dc3b0-28fc-4383-b1a0-617845025f41-groupManagement] INFO  server.RaftServerConfigKeys (ConfUtils.java:logGet(46)) - raft.server.rpc.sleep.time = 25ms (default)
2024-02-22 20:33:39,593 [d25dc3b0-28fc-4383-b1a0-617845025f41-groupManagement] INFO  server.RaftServerConfigKeys (ConfUtils.java:logGet(46)) - raft.server.rpc.slowness.timeout = 300s (custom)
2024-02-22 20:33:39,593 [d25dc3b0-28fc-4383-b1a0-617845025f41-groupManagement] INFO  server.RaftServerConfigKeys (ConfUtils.java:logGet(46)) - raft.server.leaderelection.leader.step-down.wait-time = 10s (default)
2024-02-22 20:33:39,593 [d25dc3b0-28fc-4383-b1a0-617845025f41-groupManagement] INFO  server.RaftServerConfigKeys (ConfUtils.java:logGet(46)) - raft.server.leaderelection.member.majority-add = false (default)
2024-02-22 20:33:39,593 [d25dc3b0-28fc-4383-b1a0-617845025f41-groupManagement] INFO  server.RaftServerConfigKeys (ConfUtils.java:logGet(46)) - raft.server.sleep.deviation.threshold = 300ms (default)
2024-02-22 20:33:39,593 [d25dc3b0-28fc-4383-b1a0-617845025f41-groupManagement] INFO  server.RaftServer$Division (ServerState.java:<init>(113)) - d25dc3b0-28fc-4383-b1a0-617845025f41@group-5D786B606559: ConfigurationManager, init=-1: peers:[923be64f-71f4-4891-b05d-82ff5a9df5b5|10.1.0.33:15023, e46a6e51-795f-4801-a523-c45a6c7f2c34|10.1.0.33:15014, d25dc3b0-28fc-4383-b1a0-617845025f41|10.1.0.33:15032]|listeners:[], old=null, confs=<EMPTY_MAP>
2024-02-22 20:33:39,594 [d25dc3b0-28fc-4383-b1a0-617845025f41-groupManagement] INFO  server.RaftServerConfigKeys (ConfUtils.java:logGet(46)) - raft.server.notification.no-leader.timeout = 300s (custom)
2024-02-22 20:33:39,594 [d25dc3b0-28fc-4383-b1a0-617845025f41-groupManagement] INFO  server.RaftServerConfigKeys (ConfUtils.java:logGet(46)) - raft.server.read.timeout = 10s (default)
2024-02-22 20:33:39,594 [d25dc3b0-28fc-4383-b1a0-617845025f41-groupManagement] INFO  server.RaftServerConfigKeys (ConfUtils.java:logGet(46)) - raft.server.retrycache.expirytime = 600000ms (custom)
2024-02-22 20:33:39,594 [d25dc3b0-28fc-4383-b1a0-617845025f41-groupManagement] INFO  server.RaftServerConfigKeys (ConfUtils.java:logGet(46)) - raft.server.retrycache.statistics.expirytime = 100ms (default)
2024-02-22 20:33:39,594 [d25dc3b0-28fc-4383-b1a0-617845025f41-groupManagement] INFO  server.RaftServerConfigKeys (ConfUtils.java:logGet(46)) - raft.server.read.option = DEFAULT (default)
2024-02-22 20:33:39,594 [d25dc3b0-28fc-4383-b1a0-617845025f41-groupManagement] INFO  server.RaftServerConfigKeys (ConfUtils.java:logGet(46)) - raft.server.read.read-after-write-consistent.write-index-cache.expiry-time = 60s (default)
2024-02-22 20:33:39,604 [d25dc3b0-28fc-4383-b1a0-617845025f41-groupManagement] INFO  server.RaftServerConfigKeys (ConfUtils.java:logGet(46)) - raft.server.rpc.request.timeout = 60s (custom)
2024-02-22 20:33:39,605 [d25dc3b0-28fc-4383-b1a0-617845025f41-groupManagement] INFO  server.RaftServerConfigKeys (ConfUtils.java:logGet(46)) - raft.server.log.appender.install.snapshot.enabled = false (custom)
2024-02-22 20:33:39,605 [d25dc3b0-28fc-4383-b1a0-617845025f41-groupManagement] INFO  server.RaftServerConfigKeys (ConfUtils.java:logGet(46)) - raft.server.threadpool.server.cached = true (default)
2024-02-22 20:33:39,605 [d25dc3b0-28fc-4383-b1a0-617845025f41-groupManagement] INFO  server.RaftServerConfigKeys (ConfUtils.java:logGet(46)) - raft.server.threadpool.server.size = 0 (default)
2024-02-22 20:33:39,605 [d25dc3b0-28fc-4383-b1a0-617845025f41-groupManagement] INFO  server.RaftServerConfigKeys (ConfUtils.java:logGet(46)) - raft.server.threadpool.client.cached = true (default)
2024-02-22 20:33:39,605 [d25dc3b0-28fc-4383-b1a0-617845025f41-groupManagement] INFO  server.RaftServerConfigKeys (ConfUtils.java:logGet(46)) - raft.server.threadpool.client.size = 0 (default)
2024-02-22 20:33:39,605 [d25dc3b0-28fc-4383-b1a0-617845025f41-groupManagement] INFO  server.RaftServerConfigKeys (ConfUtils.java:logGet(46)) - raft.server.storage.free-space.min = 0MB (=0) (default)
2024-02-22 20:33:39,605 [d25dc3b0-28fc-4383-b1a0-617845025f41-groupManagement] INFO  server.RaftServerConfigKeys (ConfUtils.java:logGet(46)) - raft.server.log.corruption.policy = EXCEPTION (default)
2024-02-22 20:33:39,605 [d25dc3b0-28fc-4383-b1a0-617845025f41-groupManagement] INFO  server.RaftServerConfigKeys (ConfUtils.java:logGet(46)) - raft.server.storage.dir = [/home/runner/work/ozone/ozone/hadoop-ozone/integration-test/target/test-dir/MiniOzoneClusterImpl-a0fc024b-a492-45a5-9697-b0d14f72cb5c/datanode-2/data/ratis] (custom)
2024-02-22 20:33:39,606 [d25dc3b0-28fc-4383-b1a0-617845025f41-groupManagement] INFO  storage.RaftStorageDirectory (RaftStorageDirectoryImpl.java:analyzeStorage(138)) - The storage directory /home/runner/work/ozone/ozone/hadoop-ozone/integration-test/target/test-dir/MiniOzoneClusterImpl-a0fc024b-a492-45a5-9697-b0d14f72cb5c/datanode-2/data/ratis/fe00566f-73d9-496a-868e-5d786b606559 does not exist. Creating ...
2024-02-22 20:33:39,607 [d25dc3b0-28fc-4383-b1a0-617845025f41-groupManagement] INFO  storage.RaftStorageDirectory (RaftStorageDirectoryImpl.java:tryLock(228)) - Lock on /home/runner/work/ozone/ozone/hadoop-ozone/integration-test/target/test-dir/MiniOzoneClusterImpl-a0fc024b-a492-45a5-9697-b0d14f72cb5c/datanode-2/data/ratis/fe00566f-73d9-496a-868e-5d786b606559/in_use.lock acquired by nodename 30552@fv-az779-213
2024-02-22 20:33:39,608 [d25dc3b0-28fc-4383-b1a0-617845025f41-groupManagement] INFO  storage.RaftStorage (RaftStorageImpl.java:format(99)) - Storage directory /home/runner/work/ozone/ozone/hadoop-ozone/integration-test/target/test-dir/MiniOzoneClusterImpl-a0fc024b-a492-45a5-9697-b0d14f72cb5c/datanode-2/data/ratis/fe00566f-73d9-496a-868e-5d786b606559 has been successfully formatted.
2024-02-22 20:33:39,608 [d25dc3b0-28fc-4383-b1a0-617845025f41-groupManagement] WARN  util.FileUtils (LogUtils.java:supplyAndLog(63)) - Failed to Files.newInputStream /home/runner/work/ozone/ozone/hadoop-ozone/integration-test/target/test-dir/MiniOzoneClusterImpl-a0fc024b-a492-45a5-9697-b0d14f72cb5c/datanode-2/data/ratis/fe00566f-73d9-496a-868e-5d786b606559/current/raft-meta.conf with options []: java.nio.file.NoSuchFileException: /home/runner/work/ozone/ozone/hadoop-ozone/integration-test/target/test-dir/MiniOzoneClusterImpl-a0fc024b-a492-45a5-9697-b0d14f72cb5c/datanode-2/data/ratis/fe00566f-73d9-496a-868e-5d786b606559/current/raft-meta.conf
2024-02-22 20:33:39,608 [d25dc3b0-28fc-4383-b1a0-617845025f41-groupManagement] INFO  ratis.ContainerStateMachine (ContainerStateMachine.java:loadSnapshot(287)) - group-5D786B606559: The snapshot info is null. Setting the last applied index to:(t:0, i:~)
2024-02-22 20:33:39,608 [d25dc3b0-28fc-4383-b1a0-617845025f41-groupManagement] INFO  server.RaftServerConfigKeys (ConfUtils.java:logGet(46)) - raft.server.log.use.memory = false (default)
2024-02-22 20:33:39,609 [d25dc3b0-28fc-4383-b1a0-617845025f41-groupManagement] INFO  server.RaftServerConfigKeys (ConfUtils.java:logGet(46)) - raft.server.log.purge.gap = 1000000 (custom)
2024-02-22 20:33:39,609 [d25dc3b0-28fc-4383-b1a0-617845025f41-groupManagement] INFO  server.RaftServerConfigKeys (ConfUtils.java:logGet(46)) - raft.server.log.appender.buffer.byte-limit = 8388608 (custom)
2024-02-22 20:33:39,609 [d25dc3b0-28fc-4383-b1a0-617845025f41-groupManagement] INFO  server.RaftServerConfigKeys (ConfUtils.java:logGet(46)) - raft.server.log.statemachine.data.read.timeout = 1000ms (default)
2024-02-22 20:33:39,609 [d25dc3b0-28fc-4383-b1a0-617845025f41-groupManagement] INFO  server.RaftServerConfigKeys (ConfUtils.java:logGet(46)) - raft.server.log.purge.preservation.log.num = 0 (default)
2024-02-22 20:33:39,610 [EventQueue-OpenPipelineForHealthyPipelineSafeModeRule] INFO  safemode.SCMSafeModeManager (HealthyPipelineSafeModeRule.java:process(140)) - SCM in safe mode. Healthy pipelines reported count is 0, required healthy pipeline reported count is 1
2024-02-22 20:33:39,612 [d25dc3b0-28fc-4383-b1a0-617845025f41-groupManagement] INFO  server.RaftServerConfigKeys (ConfUtils.java:logGet(46)) - raft.server.log.segment.size.max = 67108864 (custom)
2024-02-22 20:33:39,612 [d25dc3b0-28fc-4383-b1a0-617845025f41-groupManagement] INFO  server.RaftServerConfigKeys (ConfUtils.java:logGet(46)) - raft.server.log.segment.cache.num.max = 2 (custom)
2024-02-22 20:33:39,612 [d25dc3b0-28fc-4383-b1a0-617845025f41-groupManagement] INFO  server.RaftServerConfigKeys (ConfUtils.java:logGet(46)) - raft.server.log.segment.cache.size.max = 200MB (=209715200) (default)
2024-02-22 20:33:39,612 [d25dc3b0-28fc-4383-b1a0-617845025f41-groupManagement] INFO  server.RaftServerConfigKeys (ConfUtils.java:logGet(46)) - raft.server.log.appender.buffer.byte-limit = 8388608 (custom)
2024-02-22 20:33:39,614 [d25dc3b0-28fc-4383-b1a0-617845025f41-groupManagement] INFO  util.AwaitToRun (AwaitToRun.java:start(81)) - Thread[d25dc3b0-28fc-4383-b1a0-617845025f41@group-5D786B606559-cacheEviction-AwaitToRun,5,main] started
2024-02-22 20:33:39,615 [d25dc3b0-28fc-4383-b1a0-617845025f41-groupManagement] INFO  segmented.SegmentedRaftLogWorker (SegmentedRaftLogWorker.java:<init>(182)) - new d25dc3b0-28fc-4383-b1a0-617845025f41@group-5D786B606559-SegmentedRaftLogWorker for RaftStorageImpl:Storage Directory /home/runner/work/ozone/ozone/hadoop-ozone/integration-test/target/test-dir/MiniOzoneClusterImpl-a0fc024b-a492-45a5-9697-b0d14f72cb5c/datanode-2/data/ratis/fe00566f-73d9-496a-868e-5d786b606559
2024-02-22 20:33:39,615 [d25dc3b0-28fc-4383-b1a0-617845025f41-groupManagement] INFO  server.RaftServerConfigKeys (ConfUtils.java:logGet(46)) - raft.server.log.queue.byte-limit = 4294967296 (custom)
2024-02-22 20:33:39,615 [d25dc3b0-28fc-4383-b1a0-617845025f41-groupManagement] INFO  server.RaftServerConfigKeys (ConfUtils.java:logGet(46)) - raft.server.log.queue.element-limit = 1024 (custom)
2024-02-22 20:33:39,615 [d25dc3b0-28fc-4383-b1a0-617845025f41-groupManagement] INFO  server.RaftServerConfigKeys (ConfUtils.java:logGet(46)) - raft.server.log.segment.size.max = 67108864 (custom)
2024-02-22 20:33:39,615 [d25dc3b0-28fc-4383-b1a0-617845025f41-groupManagement] INFO  server.RaftServerConfigKeys (ConfUtils.java:logGet(46)) - raft.server.log.preallocated.size = 4194304 (custom)
2024-02-22 20:33:39,615 [d25dc3b0-28fc-4383-b1a0-617845025f41-groupManagement] INFO  server.RaftServerConfigKeys (ConfUtils.java:logGet(46)) - raft.server.log.force.sync.num = 128 (default)
2024-02-22 20:33:39,616 [d25dc3b0-28fc-4383-b1a0-617845025f41-groupManagement] INFO  server.RaftServerConfigKeys (ConfUtils.java:logGet(46)) - raft.server.log.statemachine.data.sync = true (default)
2024-02-22 20:33:39,616 [d25dc3b0-28fc-4383-b1a0-617845025f41-groupManagement] INFO  server.RaftServerConfigKeys (ConfUtils.java:logGet(46)) - raft.server.log.statemachine.data.sync.timeout = 10s (default)
2024-02-22 20:33:39,616 [d25dc3b0-28fc-4383-b1a0-617845025f41-groupManagement] INFO  server.RaftServerConfigKeys (ConfUtils.java:logGet(46)) - raft.server.log.statemachine.data.sync.timeout.retry = 0 (custom)
2024-02-22 20:33:39,616 [d25dc3b0-28fc-4383-b1a0-617845025f41-groupManagement] INFO  server.RaftServerConfigKeys (ConfUtils.java:logGet(46)) - raft.server.log.write.buffer.size = 8388616 (custom)
2024-02-22 20:33:39,618 [d25dc3b0-28fc-4383-b1a0-617845025f41-groupManagement] INFO  server.RaftServerConfigKeys (ConfUtils.java:logGet(46)) - raft.server.log.appender.buffer.byte-limit = 8388608 (custom)
2024-02-22 20:33:39,618 [d25dc3b0-28fc-4383-b1a0-617845025f41-groupManagement] INFO  server.RaftServerConfigKeys (ConfUtils.java:logGet(46)) - raft.server.log.unsafe-flush.enabled = false (default)
2024-02-22 20:33:39,618 [d25dc3b0-28fc-4383-b1a0-617845025f41-groupManagement] INFO  server.RaftServerConfigKeys (ConfUtils.java:logGet(46)) - raft.server.log.async-flush.enabled = false (default)
2024-02-22 20:33:39,618 [d25dc3b0-28fc-4383-b1a0-617845025f41-groupManagement] INFO  server.RaftServerConfigKeys (ConfUtils.java:logGet(46)) - raft.server.log.statemachine.data.caching.enabled = true (custom)
2024-02-22 20:33:39,618 [d25dc3b0-28fc-4383-b1a0-617845025f41-groupManagement] INFO  segmented.SegmentedRaftLogWorker (SegmentedRaftLogWorker.java:lambda$new$0(134)) - d25dc3b0-28fc-4383-b1a0-617845025f41@group-5D786B606559-SegmentedRaftLogWorker: flushIndex: setUnconditionally 0 -> -1
2024-02-22 20:33:39,618 [d25dc3b0-28fc-4383-b1a0-617845025f41-groupManagement] INFO  segmented.SegmentedRaftLogWorker (SegmentedRaftLogWorker.java:lambda$new$0(134)) - d25dc3b0-28fc-4383-b1a0-617845025f41@group-5D786B606559-SegmentedRaftLogWorker: safeCacheEvictIndex: setUnconditionally 0 -> -1
2024-02-22 20:33:39,619 [d25dc3b0-28fc-4383-b1a0-617845025f41-groupManagement] INFO  server.RaftServer$Division (RaftServerImpl.java:start(396)) - d25dc3b0-28fc-4383-b1a0-617845025f41@group-5D786B606559: start as a follower, conf=-1: peers:[923be64f-71f4-4891-b05d-82ff5a9df5b5|10.1.0.33:15023, e46a6e51-795f-4801-a523-c45a6c7f2c34|10.1.0.33:15014, d25dc3b0-28fc-4383-b1a0-617845025f41|10.1.0.33:15032]|listeners:[], old=null
2024-02-22 20:33:39,619 [d25dc3b0-28fc-4383-b1a0-617845025f41-groupManagement] INFO  server.RaftServer$Division (RaftServerImpl.java:setRole(383)) - d25dc3b0-28fc-4383-b1a0-617845025f41@group-5D786B606559: changes role from      null to FOLLOWER at term 0 for startAsFollower
2024-02-22 20:33:39,619 [d25dc3b0-28fc-4383-b1a0-617845025f41-groupManagement] INFO  impl.RoleInfo (RoleInfo.java:updateAndGet(139)) - d25dc3b0-28fc-4383-b1a0-617845025f41: start d25dc3b0-28fc-4383-b1a0-617845025f41@group-5D786B606559-FollowerState
2024-02-22 20:33:39,619 [d25dc3b0-28fc-4383-b1a0-617845025f41-groupManagement] INFO  util.JmxRegister (JmxRegister.java:tryRegister(44)) - Successfully registered JMX Bean with object name Ratis:service=RaftServer,group=group-5D786B606559,id=d25dc3b0-28fc-4383-b1a0-617845025f41
2024-02-22 20:33:39,619 [d25dc3b0-28fc-4383-b1a0-617845025f41-groupManagement] INFO  server.RaftServerConfigKeys (ConfUtils.java:logGet(46)) - raft.server.snapshot.trigger-when-stop.enabled = true (default)
2024-02-22 20:33:39,619 [d25dc3b0-28fc-4383-b1a0-617845025f41-groupManagement] INFO  server.RaftServerConfigKeys (ConfUtils.java:logGet(46)) - raft.server.snapshot.auto.trigger.enabled = true (custom)
2024-02-22 20:33:39,619 [d25dc3b0-28fc-4383-b1a0-617845025f41-groupManagement] INFO  server.RaftServerConfigKeys (ConfUtils.java:logGet(46)) - raft.server.snapshot.auto.trigger.threshold = 10000 (custom)
2024-02-22 20:33:39,619 [d25dc3b0-28fc-4383-b1a0-617845025f41-groupManagement] INFO  server.RaftServerConfigKeys (ConfUtils.java:logGet(46)) - raft.server.snapshot.retention.file.num = 5 (custom)
2024-02-22 20:33:39,619 [d25dc3b0-28fc-4383-b1a0-617845025f41-groupManagement] INFO  server.RaftServerConfigKeys (ConfUtils.java:logGet(46)) - raft.server.log.purge.upto.snapshot.index = false (default)
2024-02-22 20:33:39,620 [d25dc3b0-28fc-4383-b1a0-617845025f41@group-5D786B606559-FollowerState] INFO  server.RaftServerConfigKeys (ConfUtils.java:logFallback(53)) - raft.server.rpc.first-election.timeout.min = 5s (fallback to raft.server.rpc.timeout.min)
2024-02-22 20:33:39,620 [d25dc3b0-28fc-4383-b1a0-617845025f41-PipelineCommandHandlerThread-0] INFO  ratis.XceiverServerRatis (XceiverServerRatis.java:addGroup(864)) - Created group PipelineID=fe00566f-73d9-496a-868e-5d786b606559
2024-02-22 20:33:39,622 [d25dc3b0-28fc-4383-b1a0-617845025f41@group-5D786B606559-FollowerState] INFO  server.RaftServerConfigKeys (ConfUtils.java:logFallback(53)) - raft.server.rpc.first-election.timeout.max = 5200ms (fallback to raft.server.rpc.timeout.max)
2024-02-22 20:33:39,678 [EventQueue-HealthyReadonlyToHealthyNodeForReadOnlyHealthyToHealthyNodeHandler] INFO  node.ReadOnlyHealthyToHealthyNodeHandler (ReadOnlyHealthyToHealthyNodeHandler.java:onMessage(51)) - Datanode e780b093-7242-46d7-bd8f-0f810188c7b3(fv-az779-213.k0faouyluq4u1aavuapgg5xmpb.cx.internal.cloudapp.net/10.1.0.33) moved to HEALTHY state.
2024-02-22 20:33:39,678 [EventQueue-HealthyReadonlyToHealthyNodeForReadOnlyHealthyToHealthyNodeHandler] INFO  pipeline.BackgroundPipelineCreator (BackgroundPipelineCreator.java:notifyEventTriggered(280)) - trigger a one-shot run on RatisPipelineUtilsThread.
2024-02-22 20:33:39,679 [RatisPipelineUtilsThread-0] INFO  pipeline.RatisPipelineProvider (RatisPipelineProvider.java:lambda$create$0(205)) - Sending CreatePipelineCommand for pipeline:PipelineID=8d5f8f25-b7e1-4606-82d0-0722226b2d74 to datanode:e780b093-7242-46d7-bd8f-0f810188c7b3
2024-02-22 20:33:39,680 [RatisPipelineUtilsThread-0] INFO  pipeline.BackgroundPipelineCreator (BackgroundPipelineCreator.java:createPipelines(236)) - Created new pipeline Pipeline[ Id: 8d5f8f25-b7e1-4606-82d0-0722226b2d74, Nodes: e780b093-7242-46d7-bd8f-0f810188c7b3(fv-az779-213.k0faouyluq4u1aavuapgg5xmpb.cx.internal.cloudapp.net/10.1.0.33), ReplicationConfig: RATIS/ONE, State:ALLOCATED, leaderId:, CreationTimestamp2024-02-22T20:33:39.679Z[Etc/UTC]]
2024-02-22 20:33:39,680 [RatisPipelineUtilsThread-0] INFO  pipeline.RatisPipelineProvider (RatisPipelineProvider.java:lambda$create$0(205)) - Sending CreatePipelineCommand for pipeline:PipelineID=a069b16c-3c19-42f6-a3b4-b62ac99fa1e0 to datanode:78f89d9b-e409-4704-890b-bfcfbcdfd28a
2024-02-22 20:33:39,681 [RatisPipelineUtilsThread-0] INFO  pipeline.RatisPipelineProvider (RatisPipelineProvider.java:lambda$create$0(205)) - Sending CreatePipelineCommand for pipeline:PipelineID=a069b16c-3c19-42f6-a3b4-b62ac99fa1e0 to datanode:13f92446-3b18-4d81-bc66-0f9b00220e72
2024-02-22 20:33:39,681 [RatisPipelineUtilsThread-0] INFO  pipeline.RatisPipelineProvider (RatisPipelineProvider.java:lambda$create$0(205)) - Sending CreatePipelineCommand for pipeline:PipelineID=a069b16c-3c19-42f6-a3b4-b62ac99fa1e0 to datanode:e780b093-7242-46d7-bd8f-0f810188c7b3
2024-02-22 20:33:39,682 [RatisPipelineUtilsThread-0] INFO  pipeline.BackgroundPipelineCreator (BackgroundPipelineCreator.java:createPipelines(236)) - Created new pipeline Pipeline[ Id: a069b16c-3c19-42f6-a3b4-b62ac99fa1e0, Nodes: 78f89d9b-e409-4704-890b-bfcfbcdfd28a(fv-az779-213.k0faouyluq4u1aavuapgg5xmpb.cx.internal.cloudapp.net/10.1.0.33)13f92446-3b18-4d81-bc66-0f9b00220e72(fv-az779-213.k0faouyluq4u1aavuapgg5xmpb.cx.internal.cloudapp.net/10.1.0.33)e780b093-7242-46d7-bd8f-0f810188c7b3(fv-az779-213.k0faouyluq4u1aavuapgg5xmpb.cx.internal.cloudapp.net/10.1.0.33), ReplicationConfig: RATIS/THREE, State:ALLOCATED, leaderId:, CreationTimestamp2024-02-22T20:33:39.680Z[Etc/UTC]]
2024-02-22 20:33:39,753 [4e8f68d6-fd98-4f77-87e3-715939181693-PipelineCommandHandlerThread-0] INFO  server.RaftServer (RaftServerProxy.java:addNew(100)) - 4e8f68d6-fd98-4f77-87e3-715939181693: addNew group-DA1B62F9EAE3:[4e8f68d6-fd98-4f77-87e3-715939181693|10.1.0.33:15041] returns group-DA1B62F9EAE3:java.util.concurrent.CompletableFuture@1e81bde1[Not completed]
2024-02-22 20:33:39,755 [4e8f68d6-fd98-4f77-87e3-715939181693-groupManagement] INFO  server.RaftServer$Division (RaftServerImpl.java:<init>(256)) - 4e8f68d6-fd98-4f77-87e3-715939181693: new RaftServerImpl for group-DA1B62F9EAE3:[4e8f68d6-fd98-4f77-87e3-715939181693|10.1.0.33:15041] with ContainerStateMachine:uninitialized
2024-02-22 20:33:39,756 [4e8f68d6-fd98-4f77-87e3-715939181693-groupManagement] INFO  server.RaftServerConfigKeys (ConfUtils.java:logGet(46)) - raft.server.rpc.timeout.min = 5s (custom)
2024-02-22 20:33:39,756 [4e8f68d6-fd98-4f77-87e3-715939181693-groupManagement] INFO  server.RaftServerConfigKeys (ConfUtils.java:logGet(46)) - raft.server.rpc.timeout.max = 5200ms (custom)
2024-02-22 20:33:39,756 [4e8f68d6-fd98-4f77-87e3-715939181693-groupManagement] INFO  server.RaftServerConfigKeys (ConfUtils.java:logGet(46)) - raft.server.rpc.sleep.time = 25ms (default)
2024-02-22 20:33:39,756 [4e8f68d6-fd98-4f77-87e3-715939181693-groupManagement] INFO  server.RaftServerConfigKeys (ConfUtils.java:logGet(46)) - raft.server.rpc.slowness.timeout = 300s (custom)
2024-02-22 20:33:39,756 [4e8f68d6-fd98-4f77-87e3-715939181693-groupManagement] INFO  server.RaftServerConfigKeys (ConfUtils.java:logGet(46)) - raft.server.leaderelection.leader.step-down.wait-time = 10s (default)
2024-02-22 20:33:39,756 [4e8f68d6-fd98-4f77-87e3-715939181693-groupManagement] INFO  server.RaftServerConfigKeys (ConfUtils.java:logGet(46)) - raft.server.leaderelection.member.majority-add = false (default)
2024-02-22 20:33:39,756 [4e8f68d6-fd98-4f77-87e3-715939181693-groupManagement] INFO  server.RaftServerConfigKeys (ConfUtils.java:logGet(46)) - raft.server.sleep.deviation.threshold = 300ms (default)
2024-02-22 20:33:39,756 [4e8f68d6-fd98-4f77-87e3-715939181693-groupManagement] INFO  server.RaftServer$Division (ServerState.java:<init>(113)) - 4e8f68d6-fd98-4f77-87e3-715939181693@group-DA1B62F9EAE3: ConfigurationManager, init=-1: peers:[4e8f68d6-fd98-4f77-87e3-715939181693|10.1.0.33:15041]|listeners:[], old=null, confs=<EMPTY_MAP>
2024-02-22 20:33:39,756 [4e8f68d6-fd98-4f77-87e3-715939181693-groupManagement] INFO  server.RaftServerConfigKeys (ConfUtils.java:logGet(46)) - raft.server.notification.no-leader.timeout = 300s (custom)
2024-02-22 20:33:39,756 [4e8f68d6-fd98-4f77-87e3-715939181693-groupManagement] INFO  server.RaftServerConfigKeys (ConfUtils.java:logGet(46)) - raft.server.read.timeout = 10s (default)
2024-02-22 20:33:39,756 [4e8f68d6-fd98-4f77-87e3-715939181693-groupManagement] INFO  server.RaftServerConfigKeys (ConfUtils.java:logGet(46)) - raft.server.retrycache.expirytime = 600000ms (custom)
2024-02-22 20:33:39,757 [4e8f68d6-fd98-4f77-87e3-715939181693-groupManagement] INFO  server.RaftServerConfigKeys (ConfUtils.java:logGet(46)) - raft.server.retrycache.statistics.expirytime = 100ms (default)
2024-02-22 20:33:39,757 [4e8f68d6-fd98-4f77-87e3-715939181693-groupManagement] INFO  server.RaftServerConfigKeys (ConfUtils.java:logGet(46)) - raft.server.read.option = DEFAULT (default)
2024-02-22 20:33:39,757 [4e8f68d6-fd98-4f77-87e3-715939181693-groupManagement] INFO  server.RaftServerConfigKeys (ConfUtils.java:logGet(46)) - raft.server.read.read-after-write-consistent.write-index-cache.expiry-time = 60s (default)
2024-02-22 20:33:39,766 [4e8f68d6-fd98-4f77-87e3-715939181693-groupManagement] INFO  server.RaftServerConfigKeys (ConfUtils.java:logGet(46)) - raft.server.rpc.request.timeout = 60s (custom)
2024-02-22 20:33:39,767 [4e8f68d6-fd98-4f77-87e3-715939181693-groupManagement] INFO  server.RaftServerConfigKeys (ConfUtils.java:logGet(46)) - raft.server.log.appender.install.snapshot.enabled = false (custom)
2024-02-22 20:33:39,767 [4e8f68d6-fd98-4f77-87e3-715939181693-groupManagement] INFO  server.RaftServerConfigKeys (ConfUtils.java:logGet(46)) - raft.server.threadpool.server.cached = true (default)
2024-02-22 20:33:39,767 [4e8f68d6-fd98-4f77-87e3-715939181693-groupManagement] INFO  server.RaftServerConfigKeys (ConfUtils.java:logGet(46)) - raft.server.threadpool.server.size = 0 (default)
2024-02-22 20:33:39,768 [4e8f68d6-fd98-4f77-87e3-715939181693-groupManagement] INFO  server.RaftServerConfigKeys (ConfUtils.java:logGet(46)) - raft.server.threadpool.client.cached = true (default)
2024-02-22 20:33:39,768 [4e8f68d6-fd98-4f77-87e3-715939181693-groupManagement] INFO  server.RaftServerConfigKeys (ConfUtils.java:logGet(46)) - raft.server.threadpool.client.size = 0 (default)
2024-02-22 20:33:39,769 [4e8f68d6-fd98-4f77-87e3-715939181693-groupManagement] INFO  server.RaftServerConfigKeys (ConfUtils.java:logGet(46)) - raft.server.storage.free-space.min = 0MB (=0) (default)
2024-02-22 20:33:39,769 [4e8f68d6-fd98-4f77-87e3-715939181693-groupManagement] INFO  server.RaftServerConfigKeys (ConfUtils.java:logGet(46)) - raft.server.log.corruption.policy = EXCEPTION (default)
2024-02-22 20:33:39,769 [4e8f68d6-fd98-4f77-87e3-715939181693-groupManagement] INFO  server.RaftServerConfigKeys (ConfUtils.java:logGet(46)) - raft.server.storage.dir = [/home/runner/work/ozone/ozone/hadoop-ozone/integration-test/target/test-dir/MiniOzoneClusterImpl-a0fc024b-a492-45a5-9697-b0d14f72cb5c/datanode-3/data/ratis] (custom)
2024-02-22 20:33:39,770 [4e8f68d6-fd98-4f77-87e3-715939181693-groupManagement] INFO  storage.RaftStorageDirectory (RaftStorageDirectoryImpl.java:analyzeStorage(138)) - The storage directory /home/runner/work/ozone/ozone/hadoop-ozone/integration-test/target/test-dir/MiniOzoneClusterImpl-a0fc024b-a492-45a5-9697-b0d14f72cb5c/datanode-3/data/ratis/b5bf6ad3-51f0-4337-a9ac-da1b62f9eae3 does not exist. Creating ...
2024-02-22 20:33:39,771 [4e8f68d6-fd98-4f77-87e3-715939181693-groupManagement] INFO  storage.RaftStorageDirectory (RaftStorageDirectoryImpl.java:tryLock(228)) - Lock on /home/runner/work/ozone/ozone/hadoop-ozone/integration-test/target/test-dir/MiniOzoneClusterImpl-a0fc024b-a492-45a5-9697-b0d14f72cb5c/datanode-3/data/ratis/b5bf6ad3-51f0-4337-a9ac-da1b62f9eae3/in_use.lock acquired by nodename 30552@fv-az779-213
2024-02-22 20:33:39,788 [4e8f68d6-fd98-4f77-87e3-715939181693-groupManagement] INFO  storage.RaftStorage (RaftStorageImpl.java:format(99)) - Storage directory /home/runner/work/ozone/ozone/hadoop-ozone/integration-test/target/test-dir/MiniOzoneClusterImpl-a0fc024b-a492-45a5-9697-b0d14f72cb5c/datanode-3/data/ratis/b5bf6ad3-51f0-4337-a9ac-da1b62f9eae3 has been successfully formatted.
2024-02-22 20:33:39,788 [4e8f68d6-fd98-4f77-87e3-715939181693-groupManagement] WARN  util.FileUtils (LogUtils.java:supplyAndLog(63)) - Failed to Files.newInputStream /home/runner/work/ozone/ozone/hadoop-ozone/integration-test/target/test-dir/MiniOzoneClusterImpl-a0fc024b-a492-45a5-9697-b0d14f72cb5c/datanode-3/data/ratis/b5bf6ad3-51f0-4337-a9ac-da1b62f9eae3/current/raft-meta.conf with options []: java.nio.file.NoSuchFileException: /home/runner/work/ozone/ozone/hadoop-ozone/integration-test/target/test-dir/MiniOzoneClusterImpl-a0fc024b-a492-45a5-9697-b0d14f72cb5c/datanode-3/data/ratis/b5bf6ad3-51f0-4337-a9ac-da1b62f9eae3/current/raft-meta.conf
2024-02-22 20:33:39,788 [4e8f68d6-fd98-4f77-87e3-715939181693-groupManagement] INFO  ratis.ContainerStateMachine (ContainerStateMachine.java:loadSnapshot(287)) - group-DA1B62F9EAE3: The snapshot info is null. Setting the last applied index to:(t:0, i:~)
2024-02-22 20:33:39,788 [4e8f68d6-fd98-4f77-87e3-715939181693-groupManagement] INFO  server.RaftServerConfigKeys (ConfUtils.java:logGet(46)) - raft.server.log.use.memory = false (default)
2024-02-22 20:33:39,790 [EventQueue-OpenPipelineForHealthyPipelineSafeModeRule] INFO  safemode.SCMSafeModeManager (HealthyPipelineSafeModeRule.java:process(140)) - SCM in safe mode. Healthy pipelines reported count is 0, required healthy pipeline reported count is 1
2024-02-22 20:33:39,792 [4e8f68d6-fd98-4f77-87e3-715939181693-groupManagement] INFO  server.RaftServerConfigKeys (ConfUtils.java:logGet(46)) - raft.server.log.purge.gap = 1000000 (custom)
2024-02-22 20:33:39,792 [4e8f68d6-fd98-4f77-87e3-715939181693-groupManagement] INFO  server.RaftServerConfigKeys (ConfUtils.java:logGet(46)) - raft.server.log.appender.buffer.byte-limit = 8388608 (custom)
2024-02-22 20:33:39,792 [4e8f68d6-fd98-4f77-87e3-715939181693-groupManagement] INFO  server.RaftServerConfigKeys (ConfUtils.java:logGet(46)) - raft.server.log.statemachine.data.read.timeout = 1000ms (default)
2024-02-22 20:33:39,793 [4e8f68d6-fd98-4f77-87e3-715939181693-groupManagement] INFO  server.RaftServerConfigKeys (ConfUtils.java:logGet(46)) - raft.server.log.purge.preservation.log.num = 0 (default)
2024-02-22 20:33:39,797 [4e8f68d6-fd98-4f77-87e3-715939181693-groupManagement] INFO  server.RaftServerConfigKeys (ConfUtils.java:logGet(46)) - raft.server.log.segment.size.max = 67108864 (custom)
2024-02-22 20:33:39,799 [4e8f68d6-fd98-4f77-87e3-715939181693-groupManagement] INFO  server.RaftServerConfigKeys (ConfUtils.java:logGet(46)) - raft.server.log.segment.cache.num.max = 2 (custom)
2024-02-22 20:33:39,799 [4e8f68d6-fd98-4f77-87e3-715939181693-groupManagement] INFO  server.RaftServerConfigKeys (ConfUtils.java:logGet(46)) - raft.server.log.segment.cache.size.max = 200MB (=209715200) (default)
2024-02-22 20:33:39,799 [4e8f68d6-fd98-4f77-87e3-715939181693-groupManagement] INFO  server.RaftServerConfigKeys (ConfUtils.java:logGet(46)) - raft.server.log.appender.buffer.byte-limit = 8388608 (custom)
2024-02-22 20:33:39,814 [4e8f68d6-fd98-4f77-87e3-715939181693-groupManagement] INFO  util.AwaitToRun (AwaitToRun.java:start(81)) - Thread[4e8f68d6-fd98-4f77-87e3-715939181693@group-DA1B62F9EAE3-cacheEviction-AwaitToRun,5,main] started
2024-02-22 20:33:39,814 [4e8f68d6-fd98-4f77-87e3-715939181693-groupManagement] INFO  segmented.SegmentedRaftLogWorker (SegmentedRaftLogWorker.java:<init>(182)) - new 4e8f68d6-fd98-4f77-87e3-715939181693@group-DA1B62F9EAE3-SegmentedRaftLogWorker for RaftStorageImpl:Storage Directory /home/runner/work/ozone/ozone/hadoop-ozone/integration-test/target/test-dir/MiniOzoneClusterImpl-a0fc024b-a492-45a5-9697-b0d14f72cb5c/datanode-3/data/ratis/b5bf6ad3-51f0-4337-a9ac-da1b62f9eae3
2024-02-22 20:33:39,815 [4e8f68d6-fd98-4f77-87e3-715939181693-groupManagement] INFO  server.RaftServerConfigKeys (ConfUtils.java:logGet(46)) - raft.server.log.queue.byte-limit = 4294967296 (custom)
2024-02-22 20:33:39,815 [4e8f68d6-fd98-4f77-87e3-715939181693-groupManagement] INFO  server.RaftServerConfigKeys (ConfUtils.java:logGet(46)) - raft.server.log.queue.element-limit = 1024 (custom)
2024-02-22 20:33:39,815 [4e8f68d6-fd98-4f77-87e3-715939181693-groupManagement] INFO  server.RaftServerConfigKeys (ConfUtils.java:logGet(46)) - raft.server.log.segment.size.max = 67108864 (custom)
2024-02-22 20:33:39,815 [4e8f68d6-fd98-4f77-87e3-715939181693-groupManagement] INFO  server.RaftServerConfigKeys (ConfUtils.java:logGet(46)) - raft.server.log.preallocated.size = 4194304 (custom)
2024-02-22 20:33:39,816 [4e8f68d6-fd98-4f77-87e3-715939181693-groupManagement] INFO  server.RaftServerConfigKeys (ConfUtils.java:logGet(46)) - raft.server.log.force.sync.num = 128 (default)
2024-02-22 20:33:39,816 [4e8f68d6-fd98-4f77-87e3-715939181693-groupManagement] INFO  server.RaftServerConfigKeys (ConfUtils.java:logGet(46)) - raft.server.log.statemachine.data.sync = true (default)
2024-02-22 20:33:39,816 [4e8f68d6-fd98-4f77-87e3-715939181693-groupManagement] INFO  server.RaftServerConfigKeys (ConfUtils.java:logGet(46)) - raft.server.log.statemachine.data.sync.timeout = 10s (default)
2024-02-22 20:33:39,816 [4e8f68d6-fd98-4f77-87e3-715939181693-groupManagement] INFO  server.RaftServerConfigKeys (ConfUtils.java:logGet(46)) - raft.server.log.statemachine.data.sync.timeout.retry = 0 (custom)
2024-02-22 20:33:39,817 [4e8f68d6-fd98-4f77-87e3-715939181693-groupManagement] INFO  server.RaftServerConfigKeys (ConfUtils.java:logGet(46)) - raft.server.log.write.buffer.size = 8388616 (custom)
2024-02-22 20:33:39,819 [4e8f68d6-fd98-4f77-87e3-715939181693-groupManagement] INFO  server.RaftServerConfigKeys (ConfUtils.java:logGet(46)) - raft.server.log.appender.buffer.byte-limit = 8388608 (custom)
2024-02-22 20:33:39,819 [4e8f68d6-fd98-4f77-87e3-715939181693-groupManagement] INFO  server.RaftServerConfigKeys (ConfUtils.java:logGet(46)) - raft.server.log.unsafe-flush.enabled = false (default)
2024-02-22 20:33:39,819 [4e8f68d6-fd98-4f77-87e3-715939181693-groupManagement] INFO  server.RaftServerConfigKeys (ConfUtils.java:logGet(46)) - raft.server.log.async-flush.enabled = false (default)
2024-02-22 20:33:39,819 [4e8f68d6-fd98-4f77-87e3-715939181693-groupManagement] INFO  server.RaftServerConfigKeys (ConfUtils.java:logGet(46)) - raft.server.log.statemachine.data.caching.enabled = true (custom)
2024-02-22 20:33:39,819 [4e8f68d6-fd98-4f77-87e3-715939181693-groupManagement] INFO  segmented.SegmentedRaftLogWorker (SegmentedRaftLogWorker.java:lambda$new$0(134)) - 4e8f68d6-fd98-4f77-87e3-715939181693@group-DA1B62F9EAE3-SegmentedRaftLogWorker: flushIndex: setUnconditionally 0 -> -1
2024-02-22 20:33:39,819 [4e8f68d6-fd98-4f77-87e3-715939181693-groupManagement] INFO  segmented.SegmentedRaftLogWorker (SegmentedRaftLogWorker.java:lambda$new$0(134)) - 4e8f68d6-fd98-4f77-87e3-715939181693@group-DA1B62F9EAE3-SegmentedRaftLogWorker: safeCacheEvictIndex: setUnconditionally 0 -> -1
2024-02-22 20:33:39,834 [4e8f68d6-fd98-4f77-87e3-715939181693-groupManagement] INFO  server.RaftServer$Division (RaftServerImpl.java:start(396)) - 4e8f68d6-fd98-4f77-87e3-715939181693@group-DA1B62F9EAE3: start as a follower, conf=-1: peers:[4e8f68d6-fd98-4f77-87e3-715939181693|10.1.0.33:15041]|listeners:[], old=null
2024-02-22 20:33:39,835 [4e8f68d6-fd98-4f77-87e3-715939181693-groupManagement] INFO  server.RaftServer$Division (RaftServerImpl.java:setRole(383)) - 4e8f68d6-fd98-4f77-87e3-715939181693@group-DA1B62F9EAE3: changes role from      null to FOLLOWER at term 0 for startAsFollower
2024-02-22 20:33:39,835 [4e8f68d6-fd98-4f77-87e3-715939181693-groupManagement] INFO  impl.RoleInfo (RoleInfo.java:updateAndGet(139)) - 4e8f68d6-fd98-4f77-87e3-715939181693: start 4e8f68d6-fd98-4f77-87e3-715939181693@group-DA1B62F9EAE3-FollowerState
2024-02-22 20:33:39,850 [4e8f68d6-fd98-4f77-87e3-715939181693-groupManagement] INFO  util.JmxRegister (JmxRegister.java:tryRegister(44)) - Successfully registered JMX Bean with object name Ratis:service=RaftServer,group=group-DA1B62F9EAE3,id=4e8f68d6-fd98-4f77-87e3-715939181693
2024-02-22 20:33:39,851 [4e8f68d6-fd98-4f77-87e3-715939181693-groupManagement] INFO  server.RaftServerConfigKeys (ConfUtils.java:logGet(46)) - raft.server.snapshot.trigger-when-stop.enabled = true (default)
2024-02-22 20:33:39,851 [4e8f68d6-fd98-4f77-87e3-715939181693-groupManagement] INFO  server.RaftServerConfigKeys (ConfUtils.java:logGet(46)) - raft.server.snapshot.auto.trigger.enabled = true (custom)
2024-02-22 20:33:39,851 [4e8f68d6-fd98-4f77-87e3-715939181693-groupManagement] INFO  server.RaftServerConfigKeys (ConfUtils.java:logGet(46)) - raft.server.snapshot.auto.trigger.threshold = 10000 (custom)
2024-02-22 20:33:39,852 [4e8f68d6-fd98-4f77-87e3-715939181693-groupManagement] INFO  server.RaftServerConfigKeys (ConfUtils.java:logGet(46)) - raft.server.snapshot.retention.file.num = 5 (custom)
2024-02-22 20:33:39,852 [4e8f68d6-fd98-4f77-87e3-715939181693-groupManagement] INFO  server.RaftServerConfigKeys (ConfUtils.java:logGet(46)) - raft.server.log.purge.upto.snapshot.index = false (default)
2024-02-22 20:33:39,858 [4e8f68d6-fd98-4f77-87e3-715939181693-PipelineCommandHandlerThread-0] INFO  ratis.XceiverServerRatis (XceiverServerRatis.java:addGroup(864)) - Created group PipelineID=b5bf6ad3-51f0-4337-a9ac-da1b62f9eae3
2024-02-22 20:33:39,858 [4e8f68d6-fd98-4f77-87e3-715939181693-PipelineCommandHandlerThread-0] INFO  commandhandler.CreatePipelineCommandHandler (CreatePipelineCommandHandler.java:lambda$handle$2(124)) - Created Pipeline RATIS ONE PipelineID=b5bf6ad3-51f0-4337-a9ac-da1b62f9eae3.
2024-02-22 20:33:39,859 [4e8f68d6-fd98-4f77-87e3-715939181693-PipelineCommandHandlerThread-0] INFO  server.RaftServer (RaftServerProxy.java:addNew(100)) - 4e8f68d6-fd98-4f77-87e3-715939181693: addNew group-DD233808B888:[86ab988c-fa9c-425d-a1c6-9004ff7fd93d|10.1.0.33:15059, 4e8f68d6-fd98-4f77-87e3-715939181693|10.1.0.33:15041, dc26353c-d48a-467d-89cd-3a7c4b626396|10.1.0.33:15050] returns group-DD233808B888:java.util.concurrent.CompletableFuture@1abe3ae9[Not completed]
2024-02-22 20:33:39,860 [4e8f68d6-fd98-4f77-87e3-715939181693-groupManagement] INFO  server.RaftServer$Division (RaftServerImpl.java:<init>(256)) - 4e8f68d6-fd98-4f77-87e3-715939181693: new RaftServerImpl for group-DD233808B888:[86ab988c-fa9c-425d-a1c6-9004ff7fd93d|10.1.0.33:15059, 4e8f68d6-fd98-4f77-87e3-715939181693|10.1.0.33:15041, dc26353c-d48a-467d-89cd-3a7c4b626396|10.1.0.33:15050] with ContainerStateMachine:uninitialized
2024-02-22 20:33:39,860 [4e8f68d6-fd98-4f77-87e3-715939181693-groupManagement] INFO  server.RaftServerConfigKeys (ConfUtils.java:logGet(46)) - raft.server.rpc.timeout.min = 5s (custom)
2024-02-22 20:33:39,860 [4e8f68d6-fd98-4f77-87e3-715939181693-groupManagement] INFO  server.RaftServerConfigKeys (ConfUtils.java:logGet(46)) - raft.server.rpc.timeout.max = 5200ms (custom)
2024-02-22 20:33:39,860 [4e8f68d6-fd98-4f77-87e3-715939181693-groupManagement] INFO  server.RaftServerConfigKeys (ConfUtils.java:logGet(46)) - raft.server.rpc.sleep.time = 25ms (default)
2024-02-22 20:33:39,860 [4e8f68d6-fd98-4f77-87e3-715939181693-groupManagement] INFO  server.RaftServerConfigKeys (ConfUtils.java:logGet(46)) - raft.server.rpc.slowness.timeout = 300s (custom)
2024-02-22 20:33:39,860 [4e8f68d6-fd98-4f77-87e3-715939181693-groupManagement] INFO  server.RaftServerConfigKeys (ConfUtils.java:logGet(46)) - raft.server.leaderelection.leader.step-down.wait-time = 10s (default)
2024-02-22 20:33:39,860 [4e8f68d6-fd98-4f77-87e3-715939181693-groupManagement] INFO  server.RaftServerConfigKeys (ConfUtils.java:logGet(46)) - raft.server.leaderelection.member.majority-add = false (default)
2024-02-22 20:33:39,861 [4e8f68d6-fd98-4f77-87e3-715939181693-groupManagement] INFO  server.RaftServerConfigKeys (ConfUtils.java:logGet(46)) - raft.server.sleep.deviation.threshold = 300ms (default)
2024-02-22 20:33:39,861 [4e8f68d6-fd98-4f77-87e3-715939181693-groupManagement] INFO  server.RaftServer$Division (ServerState.java:<init>(113)) - 4e8f68d6-fd98-4f77-87e3-715939181693@group-DD233808B888: ConfigurationManager, init=-1: peers:[86ab988c-fa9c-425d-a1c6-9004ff7fd93d|10.1.0.33:15059, 4e8f68d6-fd98-4f77-87e3-715939181693|10.1.0.33:15041, dc26353c-d48a-467d-89cd-3a7c4b626396|10.1.0.33:15050]|listeners:[], old=null, confs=<EMPTY_MAP>
2024-02-22 20:33:39,861 [4e8f68d6-fd98-4f77-87e3-715939181693-groupManagement] INFO  server.RaftServerConfigKeys (ConfUtils.java:logGet(46)) - raft.server.notification.no-leader.timeout = 300s (custom)
2024-02-22 20:33:39,861 [4e8f68d6-fd98-4f77-87e3-715939181693-groupManagement] INFO  server.RaftServerConfigKeys (ConfUtils.java:logGet(46)) - raft.server.read.timeout = 10s (default)
2024-02-22 20:33:39,861 [4e8f68d6-fd98-4f77-87e3-715939181693-groupManagement] INFO  server.RaftServerConfigKeys (ConfUtils.java:logGet(46)) - raft.server.retrycache.expirytime = 600000ms (custom)
2024-02-22 20:33:39,861 [4e8f68d6-fd98-4f77-87e3-715939181693-groupManagement] INFO  server.RaftServerConfigKeys (ConfUtils.java:logGet(46)) - raft.server.retrycache.statistics.expirytime = 100ms (default)
2024-02-22 20:33:39,861 [4e8f68d6-fd98-4f77-87e3-715939181693-groupManagement] INFO  server.RaftServerConfigKeys (ConfUtils.java:logGet(46)) - raft.server.read.option = DEFAULT (default)
2024-02-22 20:33:39,861 [4e8f68d6-fd98-4f77-87e3-715939181693-groupManagement] INFO  server.RaftServerConfigKeys (ConfUtils.java:logGet(46)) - raft.server.read.read-after-write-consistent.write-index-cache.expiry-time = 60s (default)
2024-02-22 20:33:39,863 [4e8f68d6-fd98-4f77-87e3-715939181693@group-DA1B62F9EAE3-FollowerState] INFO  server.RaftServerConfigKeys (ConfUtils.java:logFallback(53)) - raft.server.rpc.first-election.timeout.min = 5s (fallback to raft.server.rpc.timeout.min)
2024-02-22 20:33:39,863 [4e8f68d6-fd98-4f77-87e3-715939181693@group-DA1B62F9EAE3-FollowerState] INFO  server.RaftServerConfigKeys (ConfUtils.java:logFallback(53)) - raft.server.rpc.first-election.timeout.max = 5200ms (fallback to raft.server.rpc.timeout.max)
2024-02-22 20:33:39,877 [4e8f68d6-fd98-4f77-87e3-715939181693-groupManagement] INFO  server.RaftServerConfigKeys (ConfUtils.java:logGet(46)) - raft.server.rpc.request.timeout = 60s (custom)
2024-02-22 20:33:39,877 [4e8f68d6-fd98-4f77-87e3-715939181693-groupManagement] INFO  server.RaftServerConfigKeys (ConfUtils.java:logGet(46)) - raft.server.log.appender.install.snapshot.enabled = false (custom)
2024-02-22 20:33:39,877 [4e8f68d6-fd98-4f77-87e3-715939181693-groupManagement] INFO  server.RaftServerConfigKeys (ConfUtils.java:logGet(46)) - raft.server.threadpool.server.cached = true (default)
2024-02-22 20:33:39,877 [4e8f68d6-fd98-4f77-87e3-715939181693-groupManagement] INFO  server.RaftServerConfigKeys (ConfUtils.java:logGet(46)) - raft.server.threadpool.server.size = 0 (default)
2024-02-22 20:33:39,877 [4e8f68d6-fd98-4f77-87e3-715939181693-groupManagement] INFO  server.RaftServerConfigKeys (ConfUtils.java:logGet(46)) - raft.server.threadpool.client.cached = true (default)
2024-02-22 20:33:39,877 [4e8f68d6-fd98-4f77-87e3-715939181693-groupManagement] INFO  server.RaftServerConfigKeys (ConfUtils.java:logGet(46)) - raft.server.threadpool.client.size = 0 (default)
2024-02-22 20:33:39,877 [4e8f68d6-fd98-4f77-87e3-715939181693-groupManagement] INFO  server.RaftServerConfigKeys (ConfUtils.java:logGet(46)) - raft.server.storage.free-space.min = 0MB (=0) (default)
2024-02-22 20:33:39,877 [4e8f68d6-fd98-4f77-87e3-715939181693-groupManagement] INFO  server.RaftServerConfigKeys (ConfUtils.java:logGet(46)) - raft.server.log.corruption.policy = EXCEPTION (default)
2024-02-22 20:33:39,878 [4e8f68d6-fd98-4f77-87e3-715939181693-groupManagement] INFO  server.RaftServerConfigKeys (ConfUtils.java:logGet(46)) - raft.server.storage.dir = [/home/runner/work/ozone/ozone/hadoop-ozone/integration-test/target/test-dir/MiniOzoneClusterImpl-a0fc024b-a492-45a5-9697-b0d14f72cb5c/datanode-3/data/ratis] (custom)
2024-02-22 20:33:39,878 [4e8f68d6-fd98-4f77-87e3-715939181693-groupManagement] INFO  storage.RaftStorageDirectory (RaftStorageDirectoryImpl.java:analyzeStorage(138)) - The storage directory /home/runner/work/ozone/ozone/hadoop-ozone/integration-test/target/test-dir/MiniOzoneClusterImpl-a0fc024b-a492-45a5-9697-b0d14f72cb5c/datanode-3/data/ratis/d5bd5305-e788-403f-b58f-dd233808b888 does not exist. Creating ...
2024-02-22 20:33:39,880 [4e8f68d6-fd98-4f77-87e3-715939181693-groupManagement] INFO  storage.RaftStorageDirectory (RaftStorageDirectoryImpl.java:tryLock(228)) - Lock on /home/runner/work/ozone/ozone/hadoop-ozone/integration-test/target/test-dir/MiniOzoneClusterImpl-a0fc024b-a492-45a5-9697-b0d14f72cb5c/datanode-3/data/ratis/d5bd5305-e788-403f-b58f-dd233808b888/in_use.lock acquired by nodename 30552@fv-az779-213
2024-02-22 20:33:39,884 [4e8f68d6-fd98-4f77-87e3-715939181693-groupManagement] INFO  storage.RaftStorage (RaftStorageImpl.java:format(99)) - Storage directory /home/runner/work/ozone/ozone/hadoop-ozone/integration-test/target/test-dir/MiniOzoneClusterImpl-a0fc024b-a492-45a5-9697-b0d14f72cb5c/datanode-3/data/ratis/d5bd5305-e788-403f-b58f-dd233808b888 has been successfully formatted.
2024-02-22 20:33:39,885 [4e8f68d6-fd98-4f77-87e3-715939181693-groupManagement] WARN  util.FileUtils (LogUtils.java:supplyAndLog(63)) - Failed to Files.newInputStream /home/runner/work/ozone/ozone/hadoop-ozone/integration-test/target/test-dir/MiniOzoneClusterImpl-a0fc024b-a492-45a5-9697-b0d14f72cb5c/datanode-3/data/ratis/d5bd5305-e788-403f-b58f-dd233808b888/current/raft-meta.conf with options []: java.nio.file.NoSuchFileException: /home/runner/work/ozone/ozone/hadoop-ozone/integration-test/target/test-dir/MiniOzoneClusterImpl-a0fc024b-a492-45a5-9697-b0d14f72cb5c/datanode-3/data/ratis/d5bd5305-e788-403f-b58f-dd233808b888/current/raft-meta.conf
2024-02-22 20:33:39,886 [4e8f68d6-fd98-4f77-87e3-715939181693-groupManagement] INFO  ratis.ContainerStateMachine (ContainerStateMachine.java:loadSnapshot(287)) - group-DD233808B888: The snapshot info is null. Setting the last applied index to:(t:0, i:~)
2024-02-22 20:33:39,886 [4e8f68d6-fd98-4f77-87e3-715939181693-groupManagement] INFO  server.RaftServerConfigKeys (ConfUtils.java:logGet(46)) - raft.server.log.use.memory = false (default)
2024-02-22 20:33:39,886 [4e8f68d6-fd98-4f77-87e3-715939181693-groupManagement] INFO  server.RaftServerConfigKeys (ConfUtils.java:logGet(46)) - raft.server.log.purge.gap = 1000000 (custom)
2024-02-22 20:33:39,886 [4e8f68d6-fd98-4f77-87e3-715939181693-groupManagement] INFO  server.RaftServerConfigKeys (ConfUtils.java:logGet(46)) - raft.server.log.appender.buffer.byte-limit = 8388608 (custom)
2024-02-22 20:33:39,886 [4e8f68d6-fd98-4f77-87e3-715939181693-groupManagement] INFO  server.RaftServerConfigKeys (ConfUtils.java:logGet(46)) - raft.server.log.statemachine.data.read.timeout = 1000ms (default)
2024-02-22 20:33:39,887 [4e8f68d6-fd98-4f77-87e3-715939181693-groupManagement] INFO  server.RaftServerConfigKeys (ConfUtils.java:logGet(46)) - raft.server.log.purge.preservation.log.num = 0 (default)
2024-02-22 20:33:39,888 [EventQueue-OpenPipelineForHealthyPipelineSafeModeRule] INFO  safemode.SCMSafeModeManager (HealthyPipelineSafeModeRule.java:process(140)) - SCM in safe mode. Healthy pipelines reported count is 0, required healthy pipeline reported count is 1
2024-02-22 20:33:39,890 [4e8f68d6-fd98-4f77-87e3-715939181693-groupManagement] INFO  server.RaftServerConfigKeys (ConfUtils.java:logGet(46)) - raft.server.log.segment.size.max = 67108864 (custom)
2024-02-22 20:33:39,891 [4e8f68d6-fd98-4f77-87e3-715939181693-groupManagement] INFO  server.RaftServerConfigKeys (ConfUtils.java:logGet(46)) - raft.server.log.segment.cache.num.max = 2 (custom)
2024-02-22 20:33:39,891 [4e8f68d6-fd98-4f77-87e3-715939181693-groupManagement] INFO  server.RaftServerConfigKeys (ConfUtils.java:logGet(46)) - raft.server.log.segment.cache.size.max = 200MB (=209715200) (default)
2024-02-22 20:33:39,891 [4e8f68d6-fd98-4f77-87e3-715939181693-groupManagement] INFO  server.RaftServerConfigKeys (ConfUtils.java:logGet(46)) - raft.server.log.appender.buffer.byte-limit = 8388608 (custom)
2024-02-22 20:33:39,904 [4e8f68d6-fd98-4f77-87e3-715939181693-groupManagement] INFO  util.AwaitToRun (AwaitToRun.java:start(81)) - Thread[4e8f68d6-fd98-4f77-87e3-715939181693@group-DD233808B888-cacheEviction-AwaitToRun,5,main] started
2024-02-22 20:33:39,905 [4e8f68d6-fd98-4f77-87e3-715939181693-groupManagement] INFO  segmented.SegmentedRaftLogWorker (SegmentedRaftLogWorker.java:<init>(182)) - new 4e8f68d6-fd98-4f77-87e3-715939181693@group-DD233808B888-SegmentedRaftLogWorker for RaftStorageImpl:Storage Directory /home/runner/work/ozone/ozone/hadoop-ozone/integration-test/target/test-dir/MiniOzoneClusterImpl-a0fc024b-a492-45a5-9697-b0d14f72cb5c/datanode-3/data/ratis/d5bd5305-e788-403f-b58f-dd233808b888
2024-02-22 20:33:39,905 [4e8f68d6-fd98-4f77-87e3-715939181693-groupManagement] INFO  server.RaftServerConfigKeys (ConfUtils.java:logGet(46)) - raft.server.log.queue.byte-limit = 4294967296 (custom)
2024-02-22 20:33:39,905 [4e8f68d6-fd98-4f77-87e3-715939181693-groupManagement] INFO  server.RaftServerConfigKeys (ConfUtils.java:logGet(46)) - raft.server.log.queue.element-limit = 1024 (custom)
2024-02-22 20:33:39,905 [4e8f68d6-fd98-4f77-87e3-715939181693-groupManagement] INFO  server.RaftServerConfigKeys (ConfUtils.java:logGet(46)) - raft.server.log.segment.size.max = 67108864 (custom)
2024-02-22 20:33:39,905 [4e8f68d6-fd98-4f77-87e3-715939181693-groupManagement] INFO  server.RaftServerConfigKeys (ConfUtils.java:logGet(46)) - raft.server.log.preallocated.size = 4194304 (custom)
2024-02-22 20:33:39,905 [4e8f68d6-fd98-4f77-87e3-715939181693-groupManagement] INFO  server.RaftServerConfigKeys (ConfUtils.java:logGet(46)) - raft.server.log.force.sync.num = 128 (default)
2024-02-22 20:33:39,905 [4e8f68d6-fd98-4f77-87e3-715939181693-groupManagement] INFO  server.RaftServerConfigKeys (ConfUtils.java:logGet(46)) - raft.server.log.statemachine.data.sync = true (default)
2024-02-22 20:33:39,905 [4e8f68d6-fd98-4f77-87e3-715939181693-groupManagement] INFO  server.RaftServerConfigKeys (ConfUtils.java:logGet(46)) - raft.server.log.statemachine.data.sync.timeout = 10s (default)
2024-02-22 20:33:39,905 [4e8f68d6-fd98-4f77-87e3-715939181693-groupManagement] INFO  server.RaftServerConfigKeys (ConfUtils.java:logGet(46)) - raft.server.log.statemachine.data.sync.timeout.retry = 0 (custom)
2024-02-22 20:33:39,906 [4e8f68d6-fd98-4f77-87e3-715939181693-groupManagement] INFO  server.RaftServerConfigKeys (ConfUtils.java:logGet(46)) - raft.server.log.write.buffer.size = 8388616 (custom)
2024-02-22 20:33:39,908 [4e8f68d6-fd98-4f77-87e3-715939181693-groupManagement] INFO  server.RaftServerConfigKeys (ConfUtils.java:logGet(46)) - raft.server.log.appender.buffer.byte-limit = 8388608 (custom)
2024-02-22 20:33:39,908 [4e8f68d6-fd98-4f77-87e3-715939181693-groupManagement] INFO  server.RaftServerConfigKeys (ConfUtils.java:logGet(46)) - raft.server.log.unsafe-flush.enabled = false (default)
2024-02-22 20:33:39,908 [4e8f68d6-fd98-4f77-87e3-715939181693-groupManagement] INFO  server.RaftServerConfigKeys (ConfUtils.java:logGet(46)) - raft.server.log.async-flush.enabled = false (default)
2024-02-22 20:33:39,908 [4e8f68d6-fd98-4f77-87e3-715939181693-groupManagement] INFO  server.RaftServerConfigKeys (ConfUtils.java:logGet(46)) - raft.server.log.statemachine.data.caching.enabled = true (custom)
2024-02-22 20:33:39,909 [4e8f68d6-fd98-4f77-87e3-715939181693-groupManagement] INFO  segmented.SegmentedRaftLogWorker (SegmentedRaftLogWorker.java:lambda$new$0(134)) - 4e8f68d6-fd98-4f77-87e3-715939181693@group-DD233808B888-SegmentedRaftLogWorker: flushIndex: setUnconditionally 0 -> -1
2024-02-22 20:33:39,909 [4e8f68d6-fd98-4f77-87e3-715939181693-groupManagement] INFO  segmented.SegmentedRaftLogWorker (SegmentedRaftLogWorker.java:lambda$new$0(134)) - 4e8f68d6-fd98-4f77-87e3-715939181693@group-DD233808B888-SegmentedRaftLogWorker: safeCacheEvictIndex: setUnconditionally 0 -> -1
2024-02-22 20:33:39,915 [4e8f68d6-fd98-4f77-87e3-715939181693-groupManagement] INFO  server.RaftServer$Division (RaftServerImpl.java:start(396)) - 4e8f68d6-fd98-4f77-87e3-715939181693@group-DD233808B888: start as a follower, conf=-1: peers:[86ab988c-fa9c-425d-a1c6-9004ff7fd93d|10.1.0.33:15059, 4e8f68d6-fd98-4f77-87e3-715939181693|10.1.0.33:15041, dc26353c-d48a-467d-89cd-3a7c4b626396|10.1.0.33:15050]|listeners:[], old=null
2024-02-22 20:33:39,915 [4e8f68d6-fd98-4f77-87e3-715939181693-groupManagement] INFO  server.RaftServer$Division (RaftServerImpl.java:setRole(383)) - 4e8f68d6-fd98-4f77-87e3-715939181693@group-DD233808B888: changes role from      null to FOLLOWER at term 0 for startAsFollower
2024-02-22 20:33:39,915 [4e8f68d6-fd98-4f77-87e3-715939181693-groupManagement] INFO  impl.RoleInfo (RoleInfo.java:updateAndGet(139)) - 4e8f68d6-fd98-4f77-87e3-715939181693: start 4e8f68d6-fd98-4f77-87e3-715939181693@group-DD233808B888-FollowerState
2024-02-22 20:33:39,918 [4e8f68d6-fd98-4f77-87e3-715939181693-groupManagement] INFO  util.JmxRegister (JmxRegister.java:tryRegister(44)) - Successfully registered JMX Bean with object name Ratis:service=RaftServer,group=group-DD233808B888,id=4e8f68d6-fd98-4f77-87e3-715939181693
2024-02-22 20:33:39,918 [4e8f68d6-fd98-4f77-87e3-715939181693-groupManagement] INFO  server.RaftServerConfigKeys (ConfUtils.java:logGet(46)) - raft.server.snapshot.trigger-when-stop.enabled = true (default)
2024-02-22 20:33:39,918 [4e8f68d6-fd98-4f77-87e3-715939181693-groupManagement] INFO  server.RaftServerConfigKeys (ConfUtils.java:logGet(46)) - raft.server.snapshot.auto.trigger.enabled = true (custom)
2024-02-22 20:33:39,918 [4e8f68d6-fd98-4f77-87e3-715939181693-groupManagement] INFO  server.RaftServerConfigKeys (ConfUtils.java:logGet(46)) - raft.server.snapshot.auto.trigger.threshold = 10000 (custom)
2024-02-22 20:33:39,919 [dc26353c-d48a-467d-89cd-3a7c4b626396-PipelineCommandHandlerThread-0] INFO  server.RaftServer (RaftServerProxy.java:addNew(100)) - dc26353c-d48a-467d-89cd-3a7c4b626396: addNew group-F1C03574D52D:[dc26353c-d48a-467d-89cd-3a7c4b626396|10.1.0.33:15050] returns group-F1C03574D52D:java.util.concurrent.CompletableFuture@77895f11[Not completed]
2024-02-22 20:33:39,919 [4e8f68d6-fd98-4f77-87e3-715939181693-groupManagement] INFO  server.RaftServerConfigKeys (ConfUtils.java:logGet(46)) - raft.server.snapshot.retention.file.num = 5 (custom)
2024-02-22 20:33:39,919 [4e8f68d6-fd98-4f77-87e3-715939181693-groupManagement] INFO  server.RaftServerConfigKeys (ConfUtils.java:logGet(46)) - raft.server.log.purge.upto.snapshot.index = false (default)
2024-02-22 20:33:39,921 [dc26353c-d48a-467d-89cd-3a7c4b626396-groupManagement] INFO  server.RaftServer$Division (RaftServerImpl.java:<init>(256)) - dc26353c-d48a-467d-89cd-3a7c4b626396: new RaftServerImpl for group-F1C03574D52D:[dc26353c-d48a-467d-89cd-3a7c4b626396|10.1.0.33:15050] with ContainerStateMachine:uninitialized
2024-02-22 20:33:39,921 [dc26353c-d48a-467d-89cd-3a7c4b626396-groupManagement] INFO  server.RaftServerConfigKeys (ConfUtils.java:logGet(46)) - raft.server.rpc.timeout.min = 5s (custom)
2024-02-22 20:33:39,921 [dc26353c-d48a-467d-89cd-3a7c4b626396-groupManagement] INFO  server.RaftServerConfigKeys (ConfUtils.java:logGet(46)) - raft.server.rpc.timeout.max = 5200ms (custom)
2024-02-22 20:33:39,921 [dc26353c-d48a-467d-89cd-3a7c4b626396-groupManagement] INFO  server.RaftServerConfigKeys (ConfUtils.java:logGet(46)) - raft.server.rpc.sleep.time = 25ms (default)
2024-02-22 20:33:39,921 [dc26353c-d48a-467d-89cd-3a7c4b626396-groupManagement] INFO  server.RaftServerConfigKeys (ConfUtils.java:logGet(46)) - raft.server.rpc.slowness.timeout = 300s (custom)
2024-02-22 20:33:39,921 [dc26353c-d48a-467d-89cd-3a7c4b626396-groupManagement] INFO  server.RaftServerConfigKeys (ConfUtils.java:logGet(46)) - raft.server.leaderelection.leader.step-down.wait-time = 10s (default)
2024-02-22 20:33:39,921 [dc26353c-d48a-467d-89cd-3a7c4b626396-groupManagement] INFO  server.RaftServerConfigKeys (ConfUtils.java:logGet(46)) - raft.server.leaderelection.member.majority-add = false (default)
2024-02-22 20:33:39,921 [dc26353c-d48a-467d-89cd-3a7c4b626396-groupManagement] INFO  server.RaftServerConfigKeys (ConfUtils.java:logGet(46)) - raft.server.sleep.deviation.threshold = 300ms (default)
2024-02-22 20:33:39,921 [dc26353c-d48a-467d-89cd-3a7c4b626396-groupManagement] INFO  server.RaftServer$Division (ServerState.java:<init>(113)) - dc26353c-d48a-467d-89cd-3a7c4b626396@group-F1C03574D52D: ConfigurationManager, init=-1: peers:[dc26353c-d48a-467d-89cd-3a7c4b626396|10.1.0.33:15050]|listeners:[], old=null, confs=<EMPTY_MAP>
2024-02-22 20:33:39,922 [dc26353c-d48a-467d-89cd-3a7c4b626396-groupManagement] INFO  server.RaftServerConfigKeys (ConfUtils.java:logGet(46)) - raft.server.notification.no-leader.timeout = 300s (custom)
2024-02-22 20:33:39,922 [dc26353c-d48a-467d-89cd-3a7c4b626396-groupManagement] INFO  server.RaftServerConfigKeys (ConfUtils.java:logGet(46)) - raft.server.read.timeout = 10s (default)
2024-02-22 20:33:39,922 [dc26353c-d48a-467d-89cd-3a7c4b626396-groupManagement] INFO  server.RaftServerConfigKeys (ConfUtils.java:logGet(46)) - raft.server.retrycache.expirytime = 600000ms (custom)
2024-02-22 20:33:39,922 [dc26353c-d48a-467d-89cd-3a7c4b626396-groupManagement] INFO  server.RaftServerConfigKeys (ConfUtils.java:logGet(46)) - raft.server.retrycache.statistics.expirytime = 100ms (default)
2024-02-22 20:33:39,922 [dc26353c-d48a-467d-89cd-3a7c4b626396-groupManagement] INFO  server.RaftServerConfigKeys (ConfUtils.java:logGet(46)) - raft.server.read.option = DEFAULT (default)
2024-02-22 20:33:39,922 [dc26353c-d48a-467d-89cd-3a7c4b626396-groupManagement] INFO  server.RaftServerConfigKeys (ConfUtils.java:logGet(46)) - raft.server.read.read-after-write-consistent.write-index-cache.expiry-time = 60s (default)
2024-02-22 20:33:39,924 [4e8f68d6-fd98-4f77-87e3-715939181693@group-DD233808B888-FollowerState] INFO  server.RaftServerConfigKeys (ConfUtils.java:logFallback(53)) - raft.server.rpc.first-election.timeout.min = 5s (fallback to raft.server.rpc.timeout.min)
2024-02-22 20:33:39,925 [4e8f68d6-fd98-4f77-87e3-715939181693@group-DD233808B888-FollowerState] INFO  server.RaftServerConfigKeys (ConfUtils.java:logFallback(53)) - raft.server.rpc.first-election.timeout.max = 5200ms (fallback to raft.server.rpc.timeout.max)
2024-02-22 20:33:39,935 [dc26353c-d48a-467d-89cd-3a7c4b626396-groupManagement] INFO  server.RaftServerConfigKeys (ConfUtils.java:logGet(46)) - raft.server.rpc.request.timeout = 60s (custom)
2024-02-22 20:33:39,935 [4e8f68d6-fd98-4f77-87e3-715939181693-PipelineCommandHandlerThread-0] INFO  ratis.XceiverServerRatis (XceiverServerRatis.java:addGroup(864)) - Created group PipelineID=d5bd5305-e788-403f-b58f-dd233808b888
2024-02-22 20:33:39,935 [dc26353c-d48a-467d-89cd-3a7c4b626396-groupManagement] INFO  server.RaftServerConfigKeys (ConfUtils.java:logGet(46)) - raft.server.log.appender.install.snapshot.enabled = false (custom)
2024-02-22 20:33:39,936 [dc26353c-d48a-467d-89cd-3a7c4b626396-groupManagement] INFO  server.RaftServerConfigKeys (ConfUtils.java:logGet(46)) - raft.server.threadpool.server.cached = true (default)
2024-02-22 20:33:39,936 [dc26353c-d48a-467d-89cd-3a7c4b626396-groupManagement] INFO  server.RaftServerConfigKeys (ConfUtils.java:logGet(46)) - raft.server.threadpool.server.size = 0 (default)
2024-02-22 20:33:39,937 [dc26353c-d48a-467d-89cd-3a7c4b626396-groupManagement] INFO  server.RaftServerConfigKeys (ConfUtils.java:logGet(46)) - raft.server.threadpool.client.cached = true (default)
2024-02-22 20:33:39,937 [dc26353c-d48a-467d-89cd-3a7c4b626396-groupManagement] INFO  server.RaftServerConfigKeys (ConfUtils.java:logGet(46)) - raft.server.threadpool.client.size = 0 (default)
2024-02-22 20:33:39,939 [dc26353c-d48a-467d-89cd-3a7c4b626396-groupManagement] INFO  server.RaftServerConfigKeys (ConfUtils.java:logGet(46)) - raft.server.storage.free-space.min = 0MB (=0) (default)
2024-02-22 20:33:39,941 [dc26353c-d48a-467d-89cd-3a7c4b626396-groupManagement] INFO  server.RaftServerConfigKeys (ConfUtils.java:logGet(46)) - raft.server.log.corruption.policy = EXCEPTION (default)
2024-02-22 20:33:39,941 [dc26353c-d48a-467d-89cd-3a7c4b626396-groupManagement] INFO  server.RaftServerConfigKeys (ConfUtils.java:logGet(46)) - raft.server.storage.dir = [/home/runner/work/ozone/ozone/hadoop-ozone/integration-test/target/test-dir/MiniOzoneClusterImpl-a0fc024b-a492-45a5-9697-b0d14f72cb5c/datanode-4/data/ratis] (custom)
2024-02-22 20:33:39,942 [dc26353c-d48a-467d-89cd-3a7c4b626396-groupManagement] INFO  storage.RaftStorageDirectory (RaftStorageDirectoryImpl.java:analyzeStorage(138)) - The storage directory /home/runner/work/ozone/ozone/hadoop-ozone/integration-test/target/test-dir/MiniOzoneClusterImpl-a0fc024b-a492-45a5-9697-b0d14f72cb5c/datanode-4/data/ratis/b3c4fde0-a36a-432c-b3ef-f1c03574d52d does not exist. Creating ...
2024-02-22 20:33:39,953 [dc26353c-d48a-467d-89cd-3a7c4b626396-groupManagement] INFO  storage.RaftStorageDirectory (RaftStorageDirectoryImpl.java:tryLock(228)) - Lock on /home/runner/work/ozone/ozone/hadoop-ozone/integration-test/target/test-dir/MiniOzoneClusterImpl-a0fc024b-a492-45a5-9697-b0d14f72cb5c/datanode-4/data/ratis/b3c4fde0-a36a-432c-b3ef-f1c03574d52d/in_use.lock acquired by nodename 30552@fv-az779-213
2024-02-22 20:33:39,955 [dc26353c-d48a-467d-89cd-3a7c4b626396-groupManagement] INFO  storage.RaftStorage (RaftStorageImpl.java:format(99)) - Storage directory /home/runner/work/ozone/ozone/hadoop-ozone/integration-test/target/test-dir/MiniOzoneClusterImpl-a0fc024b-a492-45a5-9697-b0d14f72cb5c/datanode-4/data/ratis/b3c4fde0-a36a-432c-b3ef-f1c03574d52d has been successfully formatted.
2024-02-22 20:33:39,955 [dc26353c-d48a-467d-89cd-3a7c4b626396-groupManagement] WARN  util.FileUtils (LogUtils.java:supplyAndLog(63)) - Failed to Files.newInputStream /home/runner/work/ozone/ozone/hadoop-ozone/integration-test/target/test-dir/MiniOzoneClusterImpl-a0fc024b-a492-45a5-9697-b0d14f72cb5c/datanode-4/data/ratis/b3c4fde0-a36a-432c-b3ef-f1c03574d52d/current/raft-meta.conf with options []: java.nio.file.NoSuchFileException: /home/runner/work/ozone/ozone/hadoop-ozone/integration-test/target/test-dir/MiniOzoneClusterImpl-a0fc024b-a492-45a5-9697-b0d14f72cb5c/datanode-4/data/ratis/b3c4fde0-a36a-432c-b3ef-f1c03574d52d/current/raft-meta.conf
2024-02-22 20:33:39,970 [grpc-default-executor-1] INFO  server.RaftServer (RaftServerProxy.java:addNew(100)) - 86ab988c-fa9c-425d-a1c6-9004ff7fd93d: addNew group-DD233808B888:[86ab988c-fa9c-425d-a1c6-9004ff7fd93d|10.1.0.33:15059, 4e8f68d6-fd98-4f77-87e3-715939181693|10.1.0.33:15041, dc26353c-d48a-467d-89cd-3a7c4b626396|10.1.0.33:15050] returns group-DD233808B888:java.util.concurrent.CompletableFuture@4c5e71f0[Not completed]
2024-02-22 20:33:39,971 [dc26353c-d48a-467d-89cd-3a7c4b626396-groupManagement] INFO  ratis.ContainerStateMachine (ContainerStateMachine.java:loadSnapshot(287)) - group-F1C03574D52D: The snapshot info is null. Setting the last applied index to:(t:0, i:~)
2024-02-22 20:33:39,971 [dc26353c-d48a-467d-89cd-3a7c4b626396-groupManagement] INFO  server.RaftServerConfigKeys (ConfUtils.java:logGet(46)) - raft.server.log.use.memory = false (default)
2024-02-22 20:33:39,971 [dc26353c-d48a-467d-89cd-3a7c4b626396-groupManagement] INFO  server.RaftServerConfigKeys (ConfUtils.java:logGet(46)) - raft.server.log.purge.gap = 1000000 (custom)
2024-02-22 20:33:39,971 [dc26353c-d48a-467d-89cd-3a7c4b626396-groupManagement] INFO  server.RaftServerConfigKeys (ConfUtils.java:logGet(46)) - raft.server.log.appender.buffer.byte-limit = 8388608 (custom)
2024-02-22 20:33:39,972 [dc26353c-d48a-467d-89cd-3a7c4b626396-groupManagement] INFO  server.RaftServerConfigKeys (ConfUtils.java:logGet(46)) - raft.server.log.statemachine.data.read.timeout = 1000ms (default)
2024-02-22 20:33:39,972 [dc26353c-d48a-467d-89cd-3a7c4b626396-groupManagement] INFO  server.RaftServerConfigKeys (ConfUtils.java:logGet(46)) - raft.server.log.purge.preservation.log.num = 0 (default)
2024-02-22 20:33:39,977 [EventQueue-OpenPipelineForHealthyPipelineSafeModeRule] INFO  safemode.SCMSafeModeManager (HealthyPipelineSafeModeRule.java:process(140)) - SCM in safe mode. Healthy pipelines reported count is 0, required healthy pipeline reported count is 1
2024-02-22 20:33:39,979 [dc26353c-d48a-467d-89cd-3a7c4b626396-groupManagement] INFO  server.RaftServerConfigKeys (ConfUtils.java:logGet(46)) - raft.server.log.segment.size.max = 67108864 (custom)
2024-02-22 20:33:39,979 [dc26353c-d48a-467d-89cd-3a7c4b626396-groupManagement] INFO  server.RaftServerConfigKeys (ConfUtils.java:logGet(46)) - raft.server.log.segment.cache.num.max = 2 (custom)
2024-02-22 20:33:39,979 [dc26353c-d48a-467d-89cd-3a7c4b626396-groupManagement] INFO  server.RaftServerConfigKeys (ConfUtils.java:logGet(46)) - raft.server.log.segment.cache.size.max = 200MB (=209715200) (default)
2024-02-22 20:33:39,979 [dc26353c-d48a-467d-89cd-3a7c4b626396-groupManagement] INFO  server.RaftServerConfigKeys (ConfUtils.java:logGet(46)) - raft.server.log.appender.buffer.byte-limit = 8388608 (custom)
2024-02-22 20:33:39,979 [dc26353c-d48a-467d-89cd-3a7c4b626396-groupManagement] INFO  util.AwaitToRun (AwaitToRun.java:start(81)) - Thread[dc26353c-d48a-467d-89cd-3a7c4b626396@group-F1C03574D52D-cacheEviction-AwaitToRun,5,main] started
2024-02-22 20:33:39,980 [dc26353c-d48a-467d-89cd-3a7c4b626396-groupManagement] INFO  segmented.SegmentedRaftLogWorker (SegmentedRaftLogWorker.java:<init>(182)) - new dc26353c-d48a-467d-89cd-3a7c4b626396@group-F1C03574D52D-SegmentedRaftLogWorker for RaftStorageImpl:Storage Directory /home/runner/work/ozone/ozone/hadoop-ozone/integration-test/target/test-dir/MiniOzoneClusterImpl-a0fc024b-a492-45a5-9697-b0d14f72cb5c/datanode-4/data/ratis/b3c4fde0-a36a-432c-b3ef-f1c03574d52d
2024-02-22 20:33:39,980 [dc26353c-d48a-467d-89cd-3a7c4b626396-groupManagement] INFO  server.RaftServerConfigKeys (ConfUtils.java:logGet(46)) - raft.server.log.queue.byte-limit = 4294967296 (custom)
2024-02-22 20:33:39,980 [dc26353c-d48a-467d-89cd-3a7c4b626396-groupManagement] INFO  server.RaftServerConfigKeys (ConfUtils.java:logGet(46)) - raft.server.log.queue.element-limit = 1024 (custom)
2024-02-22 20:33:39,980 [dc26353c-d48a-467d-89cd-3a7c4b626396-groupManagement] INFO  server.RaftServerConfigKeys (ConfUtils.java:logGet(46)) - raft.server.log.segment.size.max = 67108864 (custom)
2024-02-22 20:33:39,980 [dc26353c-d48a-467d-89cd-3a7c4b626396-groupManagement] INFO  server.RaftServerConfigKeys (ConfUtils.java:logGet(46)) - raft.server.log.preallocated.size = 4194304 (custom)
2024-02-22 20:33:39,980 [dc26353c-d48a-467d-89cd-3a7c4b626396-groupManagement] INFO  server.RaftServerConfigKeys (ConfUtils.java:logGet(46)) - raft.server.log.force.sync.num = 128 (default)
2024-02-22 20:33:39,980 [dc26353c-d48a-467d-89cd-3a7c4b626396-groupManagement] INFO  server.RaftServerConfigKeys (ConfUtils.java:logGet(46)) - raft.server.log.statemachine.data.sync = true (default)
2024-02-22 20:33:39,980 [dc26353c-d48a-467d-89cd-3a7c4b626396-groupManagement] INFO  server.RaftServerConfigKeys (ConfUtils.java:logGet(46)) - raft.server.log.statemachine.data.sync.timeout = 10s (default)
2024-02-22 20:33:39,980 [dc26353c-d48a-467d-89cd-3a7c4b626396-groupManagement] INFO  server.RaftServerConfigKeys (ConfUtils.java:logGet(46)) - raft.server.log.statemachine.data.sync.timeout.retry = 0 (custom)
2024-02-22 20:33:39,981 [dc26353c-d48a-467d-89cd-3a7c4b626396-groupManagement] INFO  server.RaftServerConfigKeys (ConfUtils.java:logGet(46)) - raft.server.log.write.buffer.size = 8388616 (custom)
2024-02-22 20:33:39,983 [dc26353c-d48a-467d-89cd-3a7c4b626396-groupManagement] INFO  server.RaftServerConfigKeys (ConfUtils.java:logGet(46)) - raft.server.log.appender.buffer.byte-limit = 8388608 (custom)
2024-02-22 20:33:39,983 [dc26353c-d48a-467d-89cd-3a7c4b626396-groupManagement] INFO  server.RaftServerConfigKeys (ConfUtils.java:logGet(46)) - raft.server.log.unsafe-flush.enabled = false (default)
2024-02-22 20:33:39,983 [dc26353c-d48a-467d-89cd-3a7c4b626396-groupManagement] INFO  server.RaftServerConfigKeys (ConfUtils.java:logGet(46)) - raft.server.log.async-flush.enabled = false (default)
2024-02-22 20:33:39,983 [dc26353c-d48a-467d-89cd-3a7c4b626396-groupManagement] INFO  server.RaftServerConfigKeys (ConfUtils.java:logGet(46)) - raft.server.log.statemachine.data.caching.enabled = true (custom)
2024-02-22 20:33:39,983 [dc26353c-d48a-467d-89cd-3a7c4b626396-groupManagement] INFO  segmented.SegmentedRaftLogWorker (SegmentedRaftLogWorker.java:lambda$new$0(134)) - dc26353c-d48a-467d-89cd-3a7c4b626396@group-F1C03574D52D-SegmentedRaftLogWorker: flushIndex: setUnconditionally 0 -> -1
2024-02-22 20:33:39,983 [dc26353c-d48a-467d-89cd-3a7c4b626396-groupManagement] INFO  segmented.SegmentedRaftLogWorker (SegmentedRaftLogWorker.java:lambda$new$0(134)) - dc26353c-d48a-467d-89cd-3a7c4b626396@group-F1C03574D52D-SegmentedRaftLogWorker: safeCacheEvictIndex: setUnconditionally 0 -> -1
2024-02-22 20:33:39,984 [86ab988c-fa9c-425d-a1c6-9004ff7fd93d-groupManagement] INFO  server.RaftServer$Division (RaftServerImpl.java:<init>(256)) - 86ab988c-fa9c-425d-a1c6-9004ff7fd93d: new RaftServerImpl for group-DD233808B888:[86ab988c-fa9c-425d-a1c6-9004ff7fd93d|10.1.0.33:15059, 4e8f68d6-fd98-4f77-87e3-715939181693|10.1.0.33:15041, dc26353c-d48a-467d-89cd-3a7c4b626396|10.1.0.33:15050] with ContainerStateMachine:uninitialized
2024-02-22 20:33:39,984 [86ab988c-fa9c-425d-a1c6-9004ff7fd93d-groupManagement] INFO  server.RaftServerConfigKeys (ConfUtils.java:logGet(46)) - raft.server.rpc.timeout.min = 5s (custom)
2024-02-22 20:33:39,984 [86ab988c-fa9c-425d-a1c6-9004ff7fd93d-groupManagement] INFO  server.RaftServerConfigKeys (ConfUtils.java:logGet(46)) - raft.server.rpc.timeout.max = 5200ms (custom)
2024-02-22 20:33:39,984 [86ab988c-fa9c-425d-a1c6-9004ff7fd93d-groupManagement] INFO  server.RaftServerConfigKeys (ConfUtils.java:logGet(46)) - raft.server.rpc.sleep.time = 25ms (default)
2024-02-22 20:33:39,984 [86ab988c-fa9c-425d-a1c6-9004ff7fd93d-groupManagement] INFO  server.RaftServerConfigKeys (ConfUtils.java:logGet(46)) - raft.server.rpc.slowness.timeout = 300s (custom)
2024-02-22 20:33:39,984 [86ab988c-fa9c-425d-a1c6-9004ff7fd93d-groupManagement] INFO  server.RaftServerConfigKeys (ConfUtils.java:logGet(46)) - raft.server.leaderelection.leader.step-down.wait-time = 10s (default)
2024-02-22 20:33:39,984 [86ab988c-fa9c-425d-a1c6-9004ff7fd93d-groupManagement] INFO  server.RaftServerConfigKeys (ConfUtils.java:logGet(46)) - raft.server.leaderelection.member.majority-add = false (default)
2024-02-22 20:33:39,984 [86ab988c-fa9c-425d-a1c6-9004ff7fd93d-groupManagement] INFO  server.RaftServerConfigKeys (ConfUtils.java:logGet(46)) - raft.server.sleep.deviation.threshold = 300ms (default)
2024-02-22 20:33:39,985 [86ab988c-fa9c-425d-a1c6-9004ff7fd93d-groupManagement] INFO  server.RaftServer$Division (ServerState.java:<init>(113)) - 86ab988c-fa9c-425d-a1c6-9004ff7fd93d@group-DD233808B888: ConfigurationManager, init=-1: peers:[86ab988c-fa9c-425d-a1c6-9004ff7fd93d|10.1.0.33:15059, 4e8f68d6-fd98-4f77-87e3-715939181693|10.1.0.33:15041, dc26353c-d48a-467d-89cd-3a7c4b626396|10.1.0.33:15050]|listeners:[], old=null, confs=<EMPTY_MAP>
2024-02-22 20:33:39,985 [86ab988c-fa9c-425d-a1c6-9004ff7fd93d-groupManagement] INFO  server.RaftServerConfigKeys (ConfUtils.java:logGet(46)) - raft.server.notification.no-leader.timeout = 300s (custom)
2024-02-22 20:33:39,985 [86ab988c-fa9c-425d-a1c6-9004ff7fd93d-groupManagement] INFO  server.RaftServerConfigKeys (ConfUtils.java:logGet(46)) - raft.server.read.timeout = 10s (default)
2024-02-22 20:33:39,985 [86ab988c-fa9c-425d-a1c6-9004ff7fd93d-groupManagement] INFO  server.RaftServerConfigKeys (ConfUtils.java:logGet(46)) - raft.server.retrycache.expirytime = 600000ms (custom)
2024-02-22 20:33:39,985 [86ab988c-fa9c-425d-a1c6-9004ff7fd93d-groupManagement] INFO  server.RaftServerConfigKeys (ConfUtils.java:logGet(46)) - raft.server.retrycache.statistics.expirytime = 100ms (default)
2024-02-22 20:33:39,985 [86ab988c-fa9c-425d-a1c6-9004ff7fd93d-groupManagement] INFO  server.RaftServerConfigKeys (ConfUtils.java:logGet(46)) - raft.server.read.option = DEFAULT (default)
2024-02-22 20:33:39,985 [86ab988c-fa9c-425d-a1c6-9004ff7fd93d-groupManagement] INFO  server.RaftServerConfigKeys (ConfUtils.java:logGet(46)) - raft.server.read.read-after-write-consistent.write-index-cache.expiry-time = 60s (default)
2024-02-22 20:33:39,989 [dc26353c-d48a-467d-89cd-3a7c4b626396-groupManagement] INFO  server.RaftServer$Division (RaftServerImpl.java:start(396)) - dc26353c-d48a-467d-89cd-3a7c4b626396@group-F1C03574D52D: start as a follower, conf=-1: peers:[dc26353c-d48a-467d-89cd-3a7c4b626396|10.1.0.33:15050]|listeners:[], old=null
2024-02-22 20:33:39,995 [dc26353c-d48a-467d-89cd-3a7c4b626396-groupManagement] INFO  server.RaftServer$Division (RaftServerImpl.java:setRole(383)) - dc26353c-d48a-467d-89cd-3a7c4b626396@group-F1C03574D52D: changes role from      null to FOLLOWER at term 0 for startAsFollower
2024-02-22 20:33:39,995 [dc26353c-d48a-467d-89cd-3a7c4b626396-groupManagement] INFO  impl.RoleInfo (RoleInfo.java:updateAndGet(139)) - dc26353c-d48a-467d-89cd-3a7c4b626396: start dc26353c-d48a-467d-89cd-3a7c4b626396@group-F1C03574D52D-FollowerState
2024-02-22 20:33:39,998 [dc26353c-d48a-467d-89cd-3a7c4b626396-groupManagement] INFO  util.JmxRegister (JmxRegister.java:tryRegister(44)) - Successfully registered JMX Bean with object name Ratis:service=RaftServer,group=group-F1C03574D52D,id=dc26353c-d48a-467d-89cd-3a7c4b626396
2024-02-22 20:33:39,999 [dc26353c-d48a-467d-89cd-3a7c4b626396-groupManagement] INFO  server.RaftServerConfigKeys (ConfUtils.java:logGet(46)) - raft.server.snapshot.trigger-when-stop.enabled = true (default)
2024-02-22 20:33:39,999 [dc26353c-d48a-467d-89cd-3a7c4b626396-groupManagement] INFO  server.RaftServerConfigKeys (ConfUtils.java:logGet(46)) - raft.server.snapshot.auto.trigger.enabled = true (custom)
2024-02-22 20:33:39,999 [dc26353c-d48a-467d-89cd-3a7c4b626396-groupManagement] INFO  server.RaftServerConfigKeys (ConfUtils.java:logGet(46)) - raft.server.snapshot.auto.trigger.threshold = 10000 (custom)
2024-02-22 20:33:39,999 [dc26353c-d48a-467d-89cd-3a7c4b626396-groupManagement] INFO  server.RaftServerConfigKeys (ConfUtils.java:logGet(46)) - raft.server.snapshot.retention.file.num = 5 (custom)
2024-02-22 20:33:39,999 [dc26353c-d48a-467d-89cd-3a7c4b626396-groupManagement] INFO  server.RaftServerConfigKeys (ConfUtils.java:logGet(46)) - raft.server.log.purge.upto.snapshot.index = false (default)
2024-02-22 20:33:40,000 [dc26353c-d48a-467d-89cd-3a7c4b626396@group-F1C03574D52D-FollowerState] INFO  server.RaftServerConfigKeys (ConfUtils.java:logFallback(53)) - raft.server.rpc.first-election.timeout.min = 5s (fallback to raft.server.rpc.timeout.min)
2024-02-22 20:33:40,000 [dc26353c-d48a-467d-89cd-3a7c4b626396@group-F1C03574D52D-FollowerState] INFO  server.RaftServerConfigKeys (ConfUtils.java:logFallback(53)) - raft.server.rpc.first-election.timeout.max = 5200ms (fallback to raft.server.rpc.timeout.max)
2024-02-22 20:33:40,002 [86ab988c-fa9c-425d-a1c6-9004ff7fd93d-groupManagement] INFO  server.RaftServerConfigKeys (ConfUtils.java:logGet(46)) - raft.server.rpc.request.timeout = 60s (custom)
2024-02-22 20:33:40,002 [86ab988c-fa9c-425d-a1c6-9004ff7fd93d-groupManagement] INFO  server.RaftServerConfigKeys (ConfUtils.java:logGet(46)) - raft.server.log.appender.install.snapshot.enabled = false (custom)
2024-02-22 20:33:40,002 [86ab988c-fa9c-425d-a1c6-9004ff7fd93d-groupManagement] INFO  server.RaftServerConfigKeys (ConfUtils.java:logGet(46)) - raft.server.threadpool.server.cached = true (default)
2024-02-22 20:33:40,002 [86ab988c-fa9c-425d-a1c6-9004ff7fd93d-groupManagement] INFO  server.RaftServerConfigKeys (ConfUtils.java:logGet(46)) - raft.server.threadpool.server.size = 0 (default)
2024-02-22 20:33:40,002 [86ab988c-fa9c-425d-a1c6-9004ff7fd93d-groupManagement] INFO  server.RaftServerConfigKeys (ConfUtils.java:logGet(46)) - raft.server.threadpool.client.cached = true (default)
2024-02-22 20:33:40,002 [86ab988c-fa9c-425d-a1c6-9004ff7fd93d-groupManagement] INFO  server.RaftServerConfigKeys (ConfUtils.java:logGet(46)) - raft.server.threadpool.client.size = 0 (default)
2024-02-22 20:33:40,002 [86ab988c-fa9c-425d-a1c6-9004ff7fd93d-groupManagement] INFO  server.RaftServerConfigKeys (ConfUtils.java:logGet(46)) - raft.server.storage.free-space.min = 0MB (=0) (default)
2024-02-22 20:33:40,003 [86ab988c-fa9c-425d-a1c6-9004ff7fd93d-groupManagement] INFO  server.RaftServerConfigKeys (ConfUtils.java:logGet(46)) - raft.server.log.corruption.policy = EXCEPTION (default)
2024-02-22 20:33:40,003 [86ab988c-fa9c-425d-a1c6-9004ff7fd93d-groupManagement] INFO  server.RaftServerConfigKeys (ConfUtils.java:logGet(46)) - raft.server.storage.dir = [/home/runner/work/ozone/ozone/hadoop-ozone/integration-test/target/test-dir/MiniOzoneClusterImpl-a0fc024b-a492-45a5-9697-b0d14f72cb5c/datanode-5/data/ratis] (custom)
2024-02-22 20:33:40,003 [86ab988c-fa9c-425d-a1c6-9004ff7fd93d-groupManagement] INFO  storage.RaftStorageDirectory (RaftStorageDirectoryImpl.java:analyzeStorage(138)) - The storage directory /home/runner/work/ozone/ozone/hadoop-ozone/integration-test/target/test-dir/MiniOzoneClusterImpl-a0fc024b-a492-45a5-9697-b0d14f72cb5c/datanode-5/data/ratis/d5bd5305-e788-403f-b58f-dd233808b888 does not exist. Creating ...
2024-02-22 20:33:40,004 [dc26353c-d48a-467d-89cd-3a7c4b626396-PipelineCommandHandlerThread-0] INFO  ratis.XceiverServerRatis (XceiverServerRatis.java:addGroup(864)) - Created group PipelineID=b3c4fde0-a36a-432c-b3ef-f1c03574d52d
2024-02-22 20:33:40,004 [dc26353c-d48a-467d-89cd-3a7c4b626396-PipelineCommandHandlerThread-0] INFO  commandhandler.CreatePipelineCommandHandler (CreatePipelineCommandHandler.java:lambda$handle$2(124)) - Created Pipeline RATIS ONE PipelineID=b3c4fde0-a36a-432c-b3ef-f1c03574d52d.
2024-02-22 20:33:40,005 [dc26353c-d48a-467d-89cd-3a7c4b626396-PipelineCommandHandlerThread-0] INFO  server.RaftServer (RaftServerProxy.java:addNew(100)) - dc26353c-d48a-467d-89cd-3a7c4b626396: addNew group-DD233808B888:[86ab988c-fa9c-425d-a1c6-9004ff7fd93d|10.1.0.33:15059, 4e8f68d6-fd98-4f77-87e3-715939181693|10.1.0.33:15041, dc26353c-d48a-467d-89cd-3a7c4b626396|10.1.0.33:15050] returns group-DD233808B888:java.util.concurrent.CompletableFuture@73b6c538[Not completed]
2024-02-22 20:33:40,006 [86ab988c-fa9c-425d-a1c6-9004ff7fd93d-groupManagement] INFO  storage.RaftStorageDirectory (RaftStorageDirectoryImpl.java:tryLock(228)) - Lock on /home/runner/work/ozone/ozone/hadoop-ozone/integration-test/target/test-dir/MiniOzoneClusterImpl-a0fc024b-a492-45a5-9697-b0d14f72cb5c/datanode-5/data/ratis/d5bd5305-e788-403f-b58f-dd233808b888/in_use.lock acquired by nodename 30552@fv-az779-213
2024-02-22 20:33:40,006 [dc26353c-d48a-467d-89cd-3a7c4b626396-groupManagement] INFO  server.RaftServer$Division (RaftServerImpl.java:<init>(256)) - dc26353c-d48a-467d-89cd-3a7c4b626396: new RaftServerImpl for group-DD233808B888:[86ab988c-fa9c-425d-a1c6-9004ff7fd93d|10.1.0.33:15059, 4e8f68d6-fd98-4f77-87e3-715939181693|10.1.0.33:15041, dc26353c-d48a-467d-89cd-3a7c4b626396|10.1.0.33:15050] with ContainerStateMachine:uninitialized
2024-02-22 20:33:40,006 [dc26353c-d48a-467d-89cd-3a7c4b626396-groupManagement] INFO  server.RaftServerConfigKeys (ConfUtils.java:logGet(46)) - raft.server.rpc.timeout.min = 5s (custom)
2024-02-22 20:33:40,006 [dc26353c-d48a-467d-89cd-3a7c4b626396-groupManagement] INFO  server.RaftServerConfigKeys (ConfUtils.java:logGet(46)) - raft.server.rpc.timeout.max = 5200ms (custom)
2024-02-22 20:33:40,006 [dc26353c-d48a-467d-89cd-3a7c4b626396-groupManagement] INFO  server.RaftServerConfigKeys (ConfUtils.java:logGet(46)) - raft.server.rpc.sleep.time = 25ms (default)
2024-02-22 20:33:40,007 [dc26353c-d48a-467d-89cd-3a7c4b626396-groupManagement] INFO  server.RaftServerConfigKeys (ConfUtils.java:logGet(46)) - raft.server.rpc.slowness.timeout = 300s (custom)
2024-02-22 20:33:40,007 [dc26353c-d48a-467d-89cd-3a7c4b626396-groupManagement] INFO  server.RaftServerConfigKeys (ConfUtils.java:logGet(46)) - raft.server.leaderelection.leader.step-down.wait-time = 10s (default)
2024-02-22 20:33:40,007 [dc26353c-d48a-467d-89cd-3a7c4b626396-groupManagement] INFO  server.RaftServerConfigKeys (ConfUtils.java:logGet(46)) - raft.server.leaderelection.member.majority-add = false (default)
2024-02-22 20:33:40,007 [dc26353c-d48a-467d-89cd-3a7c4b626396-groupManagement] INFO  server.RaftServerConfigKeys (ConfUtils.java:logGet(46)) - raft.server.sleep.deviation.threshold = 300ms (default)
2024-02-22 20:33:40,007 [dc26353c-d48a-467d-89cd-3a7c4b626396-groupManagement] INFO  server.RaftServer$Division (ServerState.java:<init>(113)) - dc26353c-d48a-467d-89cd-3a7c4b626396@group-DD233808B888: ConfigurationManager, init=-1: peers:[86ab988c-fa9c-425d-a1c6-9004ff7fd93d|10.1.0.33:15059, 4e8f68d6-fd98-4f77-87e3-715939181693|10.1.0.33:15041, dc26353c-d48a-467d-89cd-3a7c4b626396|10.1.0.33:15050]|listeners:[], old=null, confs=<EMPTY_MAP>
2024-02-22 20:33:40,007 [dc26353c-d48a-467d-89cd-3a7c4b626396-groupManagement] INFO  server.RaftServerConfigKeys (ConfUtils.java:logGet(46)) - raft.server.notification.no-leader.timeout = 300s (custom)
2024-02-22 20:33:40,007 [dc26353c-d48a-467d-89cd-3a7c4b626396-groupManagement] INFO  server.RaftServerConfigKeys (ConfUtils.java:logGet(46)) - raft.server.read.timeout = 10s (default)
2024-02-22 20:33:40,007 [dc26353c-d48a-467d-89cd-3a7c4b626396-groupManagement] INFO  server.RaftServerConfigKeys (ConfUtils.java:logGet(46)) - raft.server.retrycache.expirytime = 600000ms (custom)
2024-02-22 20:33:40,007 [dc26353c-d48a-467d-89cd-3a7c4b626396-groupManagement] INFO  server.RaftServerConfigKeys (ConfUtils.java:logGet(46)) - raft.server.retrycache.statistics.expirytime = 100ms (default)
2024-02-22 20:33:40,008 [dc26353c-d48a-467d-89cd-3a7c4b626396-groupManagement] INFO  server.RaftServerConfigKeys (ConfUtils.java:logGet(46)) - raft.server.read.option = DEFAULT (default)
2024-02-22 20:33:40,008 [dc26353c-d48a-467d-89cd-3a7c4b626396-groupManagement] INFO  server.RaftServerConfigKeys (ConfUtils.java:logGet(46)) - raft.server.read.read-after-write-consistent.write-index-cache.expiry-time = 60s (default)
2024-02-22 20:33:40,008 [86ab988c-fa9c-425d-a1c6-9004ff7fd93d-groupManagement] INFO  storage.RaftStorage (RaftStorageImpl.java:format(99)) - Storage directory /home/runner/work/ozone/ozone/hadoop-ozone/integration-test/target/test-dir/MiniOzoneClusterImpl-a0fc024b-a492-45a5-9697-b0d14f72cb5c/datanode-5/data/ratis/d5bd5305-e788-403f-b58f-dd233808b888 has been successfully formatted.
2024-02-22 20:33:40,008 [86ab988c-fa9c-425d-a1c6-9004ff7fd93d-groupManagement] WARN  util.FileUtils (LogUtils.java:supplyAndLog(63)) - Failed to Files.newInputStream /home/runner/work/ozone/ozone/hadoop-ozone/integration-test/target/test-dir/MiniOzoneClusterImpl-a0fc024b-a492-45a5-9697-b0d14f72cb5c/datanode-5/data/ratis/d5bd5305-e788-403f-b58f-dd233808b888/current/raft-meta.conf with options []: java.nio.file.NoSuchFileException: /home/runner/work/ozone/ozone/hadoop-ozone/integration-test/target/test-dir/MiniOzoneClusterImpl-a0fc024b-a492-45a5-9697-b0d14f72cb5c/datanode-5/data/ratis/d5bd5305-e788-403f-b58f-dd233808b888/current/raft-meta.conf
2024-02-22 20:33:40,008 [86ab988c-fa9c-425d-a1c6-9004ff7fd93d-groupManagement] INFO  ratis.ContainerStateMachine (ContainerStateMachine.java:loadSnapshot(287)) - group-DD233808B888: The snapshot info is null. Setting the last applied index to:(t:0, i:~)
2024-02-22 20:33:40,008 [86ab988c-fa9c-425d-a1c6-9004ff7fd93d-groupManagement] INFO  server.RaftServerConfigKeys (ConfUtils.java:logGet(46)) - raft.server.log.use.memory = false (default)
2024-02-22 20:33:40,009 [86ab988c-fa9c-425d-a1c6-9004ff7fd93d-groupManagement] INFO  server.RaftServerConfigKeys (ConfUtils.java:logGet(46)) - raft.server.log.purge.gap = 1000000 (custom)
2024-02-22 20:33:40,009 [86ab988c-fa9c-425d-a1c6-9004ff7fd93d-groupManagement] INFO  server.RaftServerConfigKeys (ConfUtils.java:logGet(46)) - raft.server.log.appender.buffer.byte-limit = 8388608 (custom)
2024-02-22 20:33:40,009 [86ab988c-fa9c-425d-a1c6-9004ff7fd93d-groupManagement] INFO  server.RaftServerConfigKeys (ConfUtils.java:logGet(46)) - raft.server.log.statemachine.data.read.timeout = 1000ms (default)
2024-02-22 20:33:40,009 [86ab988c-fa9c-425d-a1c6-9004ff7fd93d-groupManagement] INFO  server.RaftServerConfigKeys (ConfUtils.java:logGet(46)) - raft.server.log.purge.preservation.log.num = 0 (default)
2024-02-22 20:33:40,024 [86ab988c-fa9c-425d-a1c6-9004ff7fd93d-groupManagement] INFO  server.RaftServerConfigKeys (ConfUtils.java:logGet(46)) - raft.server.log.segment.size.max = 67108864 (custom)
2024-02-22 20:33:40,025 [86ab988c-fa9c-425d-a1c6-9004ff7fd93d-groupManagement] INFO  server.RaftServerConfigKeys (ConfUtils.java:logGet(46)) - raft.server.log.segment.cache.num.max = 2 (custom)
2024-02-22 20:33:40,025 [86ab988c-fa9c-425d-a1c6-9004ff7fd93d-groupManagement] INFO  server.RaftServerConfigKeys (ConfUtils.java:logGet(46)) - raft.server.log.segment.cache.size.max = 200MB (=209715200) (default)
2024-02-22 20:33:40,025 [86ab988c-fa9c-425d-a1c6-9004ff7fd93d-groupManagement] INFO  server.RaftServerConfigKeys (ConfUtils.java:logGet(46)) - raft.server.log.appender.buffer.byte-limit = 8388608 (custom)
2024-02-22 20:33:40,026 [dc26353c-d48a-467d-89cd-3a7c4b626396-groupManagement] INFO  server.RaftServerConfigKeys (ConfUtils.java:logGet(46)) - raft.server.rpc.request.timeout = 60s (custom)
2024-02-22 20:33:40,026 [dc26353c-d48a-467d-89cd-3a7c4b626396-groupManagement] INFO  server.RaftServerConfigKeys (ConfUtils.java:logGet(46)) - raft.server.log.appender.install.snapshot.enabled = false (custom)
2024-02-22 20:33:40,026 [dc26353c-d48a-467d-89cd-3a7c4b626396-groupManagement] INFO  server.RaftServerConfigKeys (ConfUtils.java:logGet(46)) - raft.server.threadpool.server.cached = true (default)
2024-02-22 20:33:40,026 [dc26353c-d48a-467d-89cd-3a7c4b626396-groupManagement] INFO  server.RaftServerConfigKeys (ConfUtils.java:logGet(46)) - raft.server.threadpool.server.size = 0 (default)
2024-02-22 20:33:40,026 [dc26353c-d48a-467d-89cd-3a7c4b626396-groupManagement] INFO  server.RaftServerConfigKeys (ConfUtils.java:logGet(46)) - raft.server.threadpool.client.cached = true (default)
2024-02-22 20:33:40,026 [dc26353c-d48a-467d-89cd-3a7c4b626396-groupManagement] INFO  server.RaftServerConfigKeys (ConfUtils.java:logGet(46)) - raft.server.threadpool.client.size = 0 (default)
2024-02-22 20:33:40,026 [dc26353c-d48a-467d-89cd-3a7c4b626396-groupManagement] INFO  server.RaftServerConfigKeys (ConfUtils.java:logGet(46)) - raft.server.storage.free-space.min = 0MB (=0) (default)
2024-02-22 20:33:40,027 [dc26353c-d48a-467d-89cd-3a7c4b626396-groupManagement] INFO  server.RaftServerConfigKeys (ConfUtils.java:logGet(46)) - raft.server.log.corruption.policy = EXCEPTION (default)
2024-02-22 20:33:40,027 [dc26353c-d48a-467d-89cd-3a7c4b626396-groupManagement] INFO  server.RaftServerConfigKeys (ConfUtils.java:logGet(46)) - raft.server.storage.dir = [/home/runner/work/ozone/ozone/hadoop-ozone/integration-test/target/test-dir/MiniOzoneClusterImpl-a0fc024b-a492-45a5-9697-b0d14f72cb5c/datanode-4/data/ratis] (custom)
2024-02-22 20:33:40,027 [dc26353c-d48a-467d-89cd-3a7c4b626396-groupManagement] INFO  storage.RaftStorageDirectory (RaftStorageDirectoryImpl.java:analyzeStorage(138)) - The storage directory /home/runner/work/ozone/ozone/hadoop-ozone/integration-test/target/test-dir/MiniOzoneClusterImpl-a0fc024b-a492-45a5-9697-b0d14f72cb5c/datanode-4/data/ratis/d5bd5305-e788-403f-b58f-dd233808b888 does not exist. Creating ...
2024-02-22 20:33:40,027 [86ab988c-fa9c-425d-a1c6-9004ff7fd93d-groupManagement] INFO  util.AwaitToRun (AwaitToRun.java:start(81)) - Thread[86ab988c-fa9c-425d-a1c6-9004ff7fd93d@group-DD233808B888-cacheEviction-AwaitToRun,5,main] started
2024-02-22 20:33:40,027 [86ab988c-fa9c-425d-a1c6-9004ff7fd93d-groupManagement] INFO  segmented.SegmentedRaftLogWorker (SegmentedRaftLogWorker.java:<init>(182)) - new 86ab988c-fa9c-425d-a1c6-9004ff7fd93d@group-DD233808B888-SegmentedRaftLogWorker for RaftStorageImpl:Storage Directory /home/runner/work/ozone/ozone/hadoop-ozone/integration-test/target/test-dir/MiniOzoneClusterImpl-a0fc024b-a492-45a5-9697-b0d14f72cb5c/datanode-5/data/ratis/d5bd5305-e788-403f-b58f-dd233808b888
2024-02-22 20:33:40,027 [86ab988c-fa9c-425d-a1c6-9004ff7fd93d-groupManagement] INFO  server.RaftServerConfigKeys (ConfUtils.java:logGet(46)) - raft.server.log.queue.byte-limit = 4294967296 (custom)
2024-02-22 20:33:40,027 [86ab988c-fa9c-425d-a1c6-9004ff7fd93d-groupManagement] INFO  server.RaftServerConfigKeys (ConfUtils.java:logGet(46)) - raft.server.log.queue.element-limit = 1024 (custom)
2024-02-22 20:33:40,028 [86ab988c-fa9c-425d-a1c6-9004ff7fd93d-groupManagement] INFO  server.RaftServerConfigKeys (ConfUtils.java:logGet(46)) - raft.server.log.segment.size.max = 67108864 (custom)
2024-02-22 20:33:40,028 [86ab988c-fa9c-425d-a1c6-9004ff7fd93d-groupManagement] INFO  server.RaftServerConfigKeys (ConfUtils.java:logGet(46)) - raft.server.log.preallocated.size = 4194304 (custom)
2024-02-22 20:33:40,028 [86ab988c-fa9c-425d-a1c6-9004ff7fd93d-groupManagement] INFO  server.RaftServerConfigKeys (ConfUtils.java:logGet(46)) - raft.server.log.force.sync.num = 128 (default)
2024-02-22 20:33:40,028 [86ab988c-fa9c-425d-a1c6-9004ff7fd93d-groupManagement] INFO  server.RaftServerConfigKeys (ConfUtils.java:logGet(46)) - raft.server.log.statemachine.data.sync = true (default)
2024-02-22 20:33:40,028 [86ab988c-fa9c-425d-a1c6-9004ff7fd93d-groupManagement] INFO  server.RaftServerConfigKeys (ConfUtils.java:logGet(46)) - raft.server.log.statemachine.data.sync.timeout = 10s (default)
2024-02-22 20:33:40,028 [86ab988c-fa9c-425d-a1c6-9004ff7fd93d-groupManagement] INFO  server.RaftServerConfigKeys (ConfUtils.java:logGet(46)) - raft.server.log.statemachine.data.sync.timeout.retry = 0 (custom)
2024-02-22 20:33:40,028 [86ab988c-fa9c-425d-a1c6-9004ff7fd93d-groupManagement] INFO  server.RaftServerConfigKeys (ConfUtils.java:logGet(46)) - raft.server.log.write.buffer.size = 8388616 (custom)
2024-02-22 20:33:40,030 [86ab988c-fa9c-425d-a1c6-9004ff7fd93d-groupManagement] INFO  server.RaftServerConfigKeys (ConfUtils.java:logGet(46)) - raft.server.log.appender.buffer.byte-limit = 8388608 (custom)
2024-02-22 20:33:40,030 [86ab988c-fa9c-425d-a1c6-9004ff7fd93d-groupManagement] INFO  server.RaftServerConfigKeys (ConfUtils.java:logGet(46)) - raft.server.log.unsafe-flush.enabled = false (default)
2024-02-22 20:33:40,030 [86ab988c-fa9c-425d-a1c6-9004ff7fd93d-groupManagement] INFO  server.RaftServerConfigKeys (ConfUtils.java:logGet(46)) - raft.server.log.async-flush.enabled = false (default)
2024-02-22 20:33:40,030 [86ab988c-fa9c-425d-a1c6-9004ff7fd93d-groupManagement] INFO  server.RaftServerConfigKeys (ConfUtils.java:logGet(46)) - raft.server.log.statemachine.data.caching.enabled = true (custom)
2024-02-22 20:33:40,030 [86ab988c-fa9c-425d-a1c6-9004ff7fd93d-groupManagement] INFO  segmented.SegmentedRaftLogWorker (SegmentedRaftLogWorker.java:lambda$new$0(134)) - 86ab988c-fa9c-425d-a1c6-9004ff7fd93d@group-DD233808B888-SegmentedRaftLogWorker: flushIndex: setUnconditionally 0 -> -1
2024-02-22 20:33:40,030 [86ab988c-fa9c-425d-a1c6-9004ff7fd93d-groupManagement] INFO  segmented.SegmentedRaftLogWorker (SegmentedRaftLogWorker.java:lambda$new$0(134)) - 86ab988c-fa9c-425d-a1c6-9004ff7fd93d@group-DD233808B888-SegmentedRaftLogWorker: safeCacheEvictIndex: setUnconditionally 0 -> -1
2024-02-22 20:33:40,031 [86ab988c-fa9c-425d-a1c6-9004ff7fd93d-groupManagement] INFO  server.RaftServer$Division (RaftServerImpl.java:start(396)) - 86ab988c-fa9c-425d-a1c6-9004ff7fd93d@group-DD233808B888: start as a follower, conf=-1: peers:[86ab988c-fa9c-425d-a1c6-9004ff7fd93d|10.1.0.33:15059, 4e8f68d6-fd98-4f77-87e3-715939181693|10.1.0.33:15041, dc26353c-d48a-467d-89cd-3a7c4b626396|10.1.0.33:15050]|listeners:[], old=null
2024-02-22 20:33:40,031 [86ab988c-fa9c-425d-a1c6-9004ff7fd93d-groupManagement] INFO  server.RaftServer$Division (RaftServerImpl.java:setRole(383)) - 86ab988c-fa9c-425d-a1c6-9004ff7fd93d@group-DD233808B888: changes role from      null to FOLLOWER at term 0 for startAsFollower
2024-02-22 20:33:40,031 [86ab988c-fa9c-425d-a1c6-9004ff7fd93d-groupManagement] INFO  impl.RoleInfo (RoleInfo.java:updateAndGet(139)) - 86ab988c-fa9c-425d-a1c6-9004ff7fd93d: start 86ab988c-fa9c-425d-a1c6-9004ff7fd93d@group-DD233808B888-FollowerState
2024-02-22 20:33:40,031 [dc26353c-d48a-467d-89cd-3a7c4b626396-groupManagement] INFO  storage.RaftStorageDirectory (RaftStorageDirectoryImpl.java:tryLock(228)) - Lock on /home/runner/work/ozone/ozone/hadoop-ozone/integration-test/target/test-dir/MiniOzoneClusterImpl-a0fc024b-a492-45a5-9697-b0d14f72cb5c/datanode-4/data/ratis/d5bd5305-e788-403f-b58f-dd233808b888/in_use.lock acquired by nodename 30552@fv-az779-213
2024-02-22 20:33:40,040 [86ab988c-fa9c-425d-a1c6-9004ff7fd93d@group-DD233808B888-FollowerState] INFO  server.RaftServerConfigKeys (ConfUtils.java:logFallback(53)) - raft.server.rpc.first-election.timeout.min = 5s (fallback to raft.server.rpc.timeout.min)
2024-02-22 20:33:40,041 [86ab988c-fa9c-425d-a1c6-9004ff7fd93d@group-DD233808B888-FollowerState] INFO  server.RaftServerConfigKeys (ConfUtils.java:logFallback(53)) - raft.server.rpc.first-election.timeout.max = 5200ms (fallback to raft.server.rpc.timeout.max)
2024-02-22 20:33:40,045 [dc26353c-d48a-467d-89cd-3a7c4b626396-groupManagement] INFO  storage.RaftStorage (RaftStorageImpl.java:format(99)) - Storage directory /home/runner/work/ozone/ozone/hadoop-ozone/integration-test/target/test-dir/MiniOzoneClusterImpl-a0fc024b-a492-45a5-9697-b0d14f72cb5c/datanode-4/data/ratis/d5bd5305-e788-403f-b58f-dd233808b888 has been successfully formatted.
2024-02-22 20:33:40,045 [86ab988c-fa9c-425d-a1c6-9004ff7fd93d-groupManagement] INFO  util.JmxRegister (JmxRegister.java:tryRegister(44)) - Successfully registered JMX Bean with object name Ratis:service=RaftServer,group=group-DD233808B888,id=86ab988c-fa9c-425d-a1c6-9004ff7fd93d
2024-02-22 20:33:40,048 [86ab988c-fa9c-425d-a1c6-9004ff7fd93d-groupManagement] INFO  server.RaftServerConfigKeys (ConfUtils.java:logGet(46)) - raft.server.snapshot.trigger-when-stop.enabled = true (default)
2024-02-22 20:33:40,048 [dc26353c-d48a-467d-89cd-3a7c4b626396-groupManagement] WARN  util.FileUtils (LogUtils.java:supplyAndLog(63)) - Failed to Files.newInputStream /home/runner/work/ozone/ozone/hadoop-ozone/integration-test/target/test-dir/MiniOzoneClusterImpl-a0fc024b-a492-45a5-9697-b0d14f72cb5c/datanode-4/data/ratis/d5bd5305-e788-403f-b58f-dd233808b888/current/raft-meta.conf with options []: java.nio.file.NoSuchFileException: /home/runner/work/ozone/ozone/hadoop-ozone/integration-test/target/test-dir/MiniOzoneClusterImpl-a0fc024b-a492-45a5-9697-b0d14f72cb5c/datanode-4/data/ratis/d5bd5305-e788-403f-b58f-dd233808b888/current/raft-meta.conf
2024-02-22 20:33:40,048 [dc26353c-d48a-467d-89cd-3a7c4b626396-groupManagement] INFO  ratis.ContainerStateMachine (ContainerStateMachine.java:loadSnapshot(287)) - group-DD233808B888: The snapshot info is null. Setting the last applied index to:(t:0, i:~)
2024-02-22 20:33:40,048 [dc26353c-d48a-467d-89cd-3a7c4b626396-groupManagement] INFO  server.RaftServerConfigKeys (ConfUtils.java:logGet(46)) - raft.server.log.use.memory = false (default)
2024-02-22 20:33:40,049 [dc26353c-d48a-467d-89cd-3a7c4b626396-groupManagement] INFO  server.RaftServerConfigKeys (ConfUtils.java:logGet(46)) - raft.server.log.purge.gap = 1000000 (custom)
2024-02-22 20:33:40,049 [dc26353c-d48a-467d-89cd-3a7c4b626396-groupManagement] INFO  server.RaftServerConfigKeys (ConfUtils.java:logGet(46)) - raft.server.log.appender.buffer.byte-limit = 8388608 (custom)
2024-02-22 20:33:40,049 [dc26353c-d48a-467d-89cd-3a7c4b626396-groupManagement] INFO  server.RaftServerConfigKeys (ConfUtils.java:logGet(46)) - raft.server.log.statemachine.data.read.timeout = 1000ms (default)
2024-02-22 20:33:40,049 [dc26353c-d48a-467d-89cd-3a7c4b626396-groupManagement] INFO  server.RaftServerConfigKeys (ConfUtils.java:logGet(46)) - raft.server.log.purge.preservation.log.num = 0 (default)
2024-02-22 20:33:40,047 [d25dc3b0-28fc-4383-b1a0-617845025f41-PipelineCommandHandlerThread-0] INFO  commandhandler.CreatePipelineCommandHandler (CreatePipelineCommandHandler.java:lambda$handle$2(124)) - Created Pipeline RATIS THREE PipelineID=fe00566f-73d9-496a-868e-5d786b606559.
2024-02-22 20:33:40,049 [923be64f-71f4-4891-b05d-82ff5a9df5b5-PipelineCommandHandlerThread-0] INFO  commandhandler.CreatePipelineCommandHandler (CreatePipelineCommandHandler.java:lambda$handle$2(124)) - Created Pipeline RATIS THREE PipelineID=fe00566f-73d9-496a-868e-5d786b606559.
2024-02-22 20:33:40,049 [EventQueue-OpenPipelineForHealthyPipelineSafeModeRule] INFO  safemode.SCMSafeModeManager (HealthyPipelineSafeModeRule.java:process(140)) - SCM in safe mode. Healthy pipelines reported count is 0, required healthy pipeline reported count is 1
2024-02-22 20:33:40,048 [86ab988c-fa9c-425d-a1c6-9004ff7fd93d-groupManagement] INFO  server.RaftServerConfigKeys (ConfUtils.java:logGet(46)) - raft.server.snapshot.auto.trigger.enabled = true (custom)
2024-02-22 20:33:40,050 [86ab988c-fa9c-425d-a1c6-9004ff7fd93d-groupManagement] INFO  server.RaftServerConfigKeys (ConfUtils.java:logGet(46)) - raft.server.snapshot.auto.trigger.threshold = 10000 (custom)
2024-02-22 20:33:40,050 [86ab988c-fa9c-425d-a1c6-9004ff7fd93d-groupManagement] INFO  server.RaftServerConfigKeys (ConfUtils.java:logGet(46)) - raft.server.snapshot.retention.file.num = 5 (custom)
2024-02-22 20:33:40,050 [86ab988c-fa9c-425d-a1c6-9004ff7fd93d-groupManagement] INFO  server.RaftServerConfigKeys (ConfUtils.java:logGet(46)) - raft.server.log.purge.upto.snapshot.index = false (default)
2024-02-22 20:33:40,052 [e46a6e51-795f-4801-a523-c45a6c7f2c34-PipelineCommandHandlerThread-0] INFO  commandhandler.CreatePipelineCommandHandler (CreatePipelineCommandHandler.java:lambda$handle$2(124)) - Created Pipeline RATIS THREE PipelineID=fe00566f-73d9-496a-868e-5d786b606559.
2024-02-22 20:33:40,053 [e46a6e51-795f-4801-a523-c45a6c7f2c34-PipelineCommandHandlerThread-0] INFO  server.RaftServer (RaftServerProxy.java:addNew(100)) - e46a6e51-795f-4801-a523-c45a6c7f2c34: addNew group-2F189D2772BA:[923be64f-71f4-4891-b05d-82ff5a9df5b5|10.1.0.33:15023, e46a6e51-795f-4801-a523-c45a6c7f2c34|10.1.0.33:15014, d25dc3b0-28fc-4383-b1a0-617845025f41|10.1.0.33:15032] returns group-2F189D2772BA:java.util.concurrent.CompletableFuture@667f0eeb[Not completed]
2024-02-22 20:33:40,053 [dc26353c-d48a-467d-89cd-3a7c4b626396-groupManagement] INFO  server.RaftServerConfigKeys (ConfUtils.java:logGet(46)) - raft.server.log.segment.size.max = 67108864 (custom)
2024-02-22 20:33:40,054 [dc26353c-d48a-467d-89cd-3a7c4b626396-groupManagement] INFO  server.RaftServerConfigKeys (ConfUtils.java:logGet(46)) - raft.server.log.segment.cache.num.max = 2 (custom)
2024-02-22 20:33:40,054 [dc26353c-d48a-467d-89cd-3a7c4b626396-groupManagement] INFO  server.RaftServerConfigKeys (ConfUtils.java:logGet(46)) - raft.server.log.segment.cache.size.max = 200MB (=209715200) (default)
2024-02-22 20:33:40,054 [dc26353c-d48a-467d-89cd-3a7c4b626396-groupManagement] INFO  server.RaftServerConfigKeys (ConfUtils.java:logGet(46)) - raft.server.log.appender.buffer.byte-limit = 8388608 (custom)
2024-02-22 20:33:40,055 [923be64f-71f4-4891-b05d-82ff5a9df5b5-PipelineCommandHandlerThread-0] INFO  server.RaftServer (RaftServerProxy.java:addNew(100)) - 923be64f-71f4-4891-b05d-82ff5a9df5b5: addNew group-2F189D2772BA:[923be64f-71f4-4891-b05d-82ff5a9df5b5|10.1.0.33:15023, e46a6e51-795f-4801-a523-c45a6c7f2c34|10.1.0.33:15014, d25dc3b0-28fc-4383-b1a0-617845025f41|10.1.0.33:15032] returns group-2F189D2772BA:java.util.concurrent.CompletableFuture@38088e10[Not completed]
2024-02-22 20:33:40,055 [d25dc3b0-28fc-4383-b1a0-617845025f41-PipelineCommandHandlerThread-0] INFO  server.RaftServer (RaftServerProxy.java:addNew(100)) - d25dc3b0-28fc-4383-b1a0-617845025f41: addNew group-2F189D2772BA:[923be64f-71f4-4891-b05d-82ff5a9df5b5|10.1.0.33:15023, e46a6e51-795f-4801-a523-c45a6c7f2c34|10.1.0.33:15014, d25dc3b0-28fc-4383-b1a0-617845025f41|10.1.0.33:15032] returns group-2F189D2772BA:java.util.concurrent.CompletableFuture@6d4d4804[Not completed]
2024-02-22 20:33:40,056 [dc26353c-d48a-467d-89cd-3a7c4b626396-groupManagement] INFO  util.AwaitToRun (AwaitToRun.java:start(81)) - Thread[dc26353c-d48a-467d-89cd-3a7c4b626396@group-DD233808B888-cacheEviction-AwaitToRun,5,main] started
2024-02-22 20:33:40,056 [923be64f-71f4-4891-b05d-82ff5a9df5b5-groupManagement] INFO  server.RaftServer$Division (RaftServerImpl.java:<init>(256)) - 923be64f-71f4-4891-b05d-82ff5a9df5b5: new RaftServerImpl for group-2F189D2772BA:[923be64f-71f4-4891-b05d-82ff5a9df5b5|10.1.0.33:15023, e46a6e51-795f-4801-a523-c45a6c7f2c34|10.1.0.33:15014, d25dc3b0-28fc-4383-b1a0-617845025f41|10.1.0.33:15032] with ContainerStateMachine:uninitialized
2024-02-22 20:33:40,056 [dc26353c-d48a-467d-89cd-3a7c4b626396-groupManagement] INFO  segmented.SegmentedRaftLogWorker (SegmentedRaftLogWorker.java:<init>(182)) - new dc26353c-d48a-467d-89cd-3a7c4b626396@group-DD233808B888-SegmentedRaftLogWorker for RaftStorageImpl:Storage Directory /home/runner/work/ozone/ozone/hadoop-ozone/integration-test/target/test-dir/MiniOzoneClusterImpl-a0fc024b-a492-45a5-9697-b0d14f72cb5c/datanode-4/data/ratis/d5bd5305-e788-403f-b58f-dd233808b888
2024-02-22 20:33:40,056 [dc26353c-d48a-467d-89cd-3a7c4b626396-groupManagement] INFO  server.RaftServerConfigKeys (ConfUtils.java:logGet(46)) - raft.server.log.queue.byte-limit = 4294967296 (custom)
2024-02-22 20:33:40,056 [dc26353c-d48a-467d-89cd-3a7c4b626396-groupManagement] INFO  server.RaftServerConfigKeys (ConfUtils.java:logGet(46)) - raft.server.log.queue.element-limit = 1024 (custom)
2024-02-22 20:33:40,056 [dc26353c-d48a-467d-89cd-3a7c4b626396-groupManagement] INFO  server.RaftServerConfigKeys (ConfUtils.java:logGet(46)) - raft.server.log.segment.size.max = 67108864 (custom)
2024-02-22 20:33:40,056 [dc26353c-d48a-467d-89cd-3a7c4b626396-groupManagement] INFO  server.RaftServerConfigKeys (ConfUtils.java:logGet(46)) - raft.server.log.preallocated.size = 4194304 (custom)
2024-02-22 20:33:40,056 [dc26353c-d48a-467d-89cd-3a7c4b626396-groupManagement] INFO  server.RaftServerConfigKeys (ConfUtils.java:logGet(46)) - raft.server.log.force.sync.num = 128 (default)
2024-02-22 20:33:40,056 [dc26353c-d48a-467d-89cd-3a7c4b626396-groupManagement] INFO  server.RaftServerConfigKeys (ConfUtils.java:logGet(46)) - raft.server.log.statemachine.data.sync = true (default)
2024-02-22 20:33:40,056 [e46a6e51-795f-4801-a523-c45a6c7f2c34-groupManagement] INFO  server.RaftServer$Division (RaftServerImpl.java:<init>(256)) - e46a6e51-795f-4801-a523-c45a6c7f2c34: new RaftServerImpl for group-2F189D2772BA:[923be64f-71f4-4891-b05d-82ff5a9df5b5|10.1.0.33:15023, e46a6e51-795f-4801-a523-c45a6c7f2c34|10.1.0.33:15014, d25dc3b0-28fc-4383-b1a0-617845025f41|10.1.0.33:15032] with ContainerStateMachine:uninitialized
2024-02-22 20:33:40,056 [e46a6e51-795f-4801-a523-c45a6c7f2c34-groupManagement] INFO  server.RaftServerConfigKeys (ConfUtils.java:logGet(46)) - raft.server.rpc.timeout.min = 5s (custom)
2024-02-22 20:33:40,057 [e46a6e51-795f-4801-a523-c45a6c7f2c34-groupManagement] INFO  server.RaftServerConfigKeys (ConfUtils.java:logGet(46)) - raft.server.rpc.timeout.max = 5200ms (custom)
2024-02-22 20:33:40,057 [e46a6e51-795f-4801-a523-c45a6c7f2c34-groupManagement] INFO  server.RaftServerConfigKeys (ConfUtils.java:logGet(46)) - raft.server.rpc.sleep.time = 25ms (default)
2024-02-22 20:33:40,057 [e46a6e51-795f-4801-a523-c45a6c7f2c34-groupManagement] INFO  server.RaftServerConfigKeys (ConfUtils.java:logGet(46)) - raft.server.rpc.slowness.timeout = 300s (custom)
2024-02-22 20:33:40,057 [e46a6e51-795f-4801-a523-c45a6c7f2c34-groupManagement] INFO  server.RaftServerConfigKeys (ConfUtils.java:logGet(46)) - raft.server.leaderelection.leader.step-down.wait-time = 10s (default)
2024-02-22 20:33:40,057 [e46a6e51-795f-4801-a523-c45a6c7f2c34-groupManagement] INFO  server.RaftServerConfigKeys (ConfUtils.java:logGet(46)) - raft.server.leaderelection.member.majority-add = false (default)
2024-02-22 20:33:40,057 [e46a6e51-795f-4801-a523-c45a6c7f2c34-groupManagement] INFO  server.RaftServerConfigKeys (ConfUtils.java:logGet(46)) - raft.server.sleep.deviation.threshold = 300ms (default)
2024-02-22 20:33:40,057 [e46a6e51-795f-4801-a523-c45a6c7f2c34-groupManagement] INFO  server.RaftServer$Division (ServerState.java:<init>(113)) - e46a6e51-795f-4801-a523-c45a6c7f2c34@group-2F189D2772BA: ConfigurationManager, init=-1: peers:[923be64f-71f4-4891-b05d-82ff5a9df5b5|10.1.0.33:15023, e46a6e51-795f-4801-a523-c45a6c7f2c34|10.1.0.33:15014, d25dc3b0-28fc-4383-b1a0-617845025f41|10.1.0.33:15032]|listeners:[], old=null, confs=<EMPTY_MAP>
2024-02-22 20:33:40,057 [e46a6e51-795f-4801-a523-c45a6c7f2c34-groupManagement] INFO  server.RaftServerConfigKeys (ConfUtils.java:logGet(46)) - raft.server.notification.no-leader.timeout = 300s (custom)
2024-02-22 20:33:40,057 [e46a6e51-795f-4801-a523-c45a6c7f2c34-groupManagement] INFO  server.RaftServerConfigKeys (ConfUtils.java:logGet(46)) - raft.server.read.timeout = 10s (default)
2024-02-22 20:33:40,057 [e46a6e51-795f-4801-a523-c45a6c7f2c34-groupManagement] INFO  server.RaftServerConfigKeys (ConfUtils.java:logGet(46)) - raft.server.retrycache.expirytime = 600000ms (custom)
2024-02-22 20:33:40,057 [e46a6e51-795f-4801-a523-c45a6c7f2c34-groupManagement] INFO  server.RaftServerConfigKeys (ConfUtils.java:logGet(46)) - raft.server.retrycache.statistics.expirytime = 100ms (default)
2024-02-22 20:33:40,057 [e46a6e51-795f-4801-a523-c45a6c7f2c34-groupManagement] INFO  server.RaftServerConfigKeys (ConfUtils.java:logGet(46)) - raft.server.read.option = DEFAULT (default)
2024-02-22 20:33:40,057 [e46a6e51-795f-4801-a523-c45a6c7f2c34-groupManagement] INFO  server.RaftServerConfigKeys (ConfUtils.java:logGet(46)) - raft.server.read.read-after-write-consistent.write-index-cache.expiry-time = 60s (default)
2024-02-22 20:33:40,056 [923be64f-71f4-4891-b05d-82ff5a9df5b5-groupManagement] INFO  server.RaftServerConfigKeys (ConfUtils.java:logGet(46)) - raft.server.rpc.timeout.min = 5s (custom)
2024-02-22 20:33:40,057 [86ab988c-fa9c-425d-a1c6-9004ff7fd93d-PipelineCommandHandlerThread-0] INFO  server.RaftServer (RaftServerProxy.java:addNew(100)) - 86ab988c-fa9c-425d-a1c6-9004ff7fd93d: addNew group-41A8147A3383:[86ab988c-fa9c-425d-a1c6-9004ff7fd93d|10.1.0.33:15059] returns group-41A8147A3383:java.util.concurrent.CompletableFuture@542db391[Not completed]
2024-02-22 20:33:40,056 [dc26353c-d48a-467d-89cd-3a7c4b626396-groupManagement] INFO  server.RaftServerConfigKeys (ConfUtils.java:logGet(46)) - raft.server.log.statemachine.data.sync.timeout = 10s (default)
2024-02-22 20:33:40,061 [dc26353c-d48a-467d-89cd-3a7c4b626396-groupManagement] INFO  server.RaftServerConfigKeys (ConfUtils.java:logGet(46)) - raft.server.log.statemachine.data.sync.timeout.retry = 0 (custom)
2024-02-22 20:33:40,060 [923be64f-71f4-4891-b05d-82ff5a9df5b5-groupManagement] INFO  server.RaftServerConfigKeys (ConfUtils.java:logGet(46)) - raft.server.rpc.timeout.max = 5200ms (custom)
2024-02-22 20:33:40,061 [d25dc3b0-28fc-4383-b1a0-617845025f41-groupManagement] INFO  server.RaftServer$Division (RaftServerImpl.java:<init>(256)) - d25dc3b0-28fc-4383-b1a0-617845025f41: new RaftServerImpl for group-2F189D2772BA:[923be64f-71f4-4891-b05d-82ff5a9df5b5|10.1.0.33:15023, e46a6e51-795f-4801-a523-c45a6c7f2c34|10.1.0.33:15014, d25dc3b0-28fc-4383-b1a0-617845025f41|10.1.0.33:15032] with ContainerStateMachine:uninitialized
2024-02-22 20:33:40,061 [923be64f-71f4-4891-b05d-82ff5a9df5b5-groupManagement] INFO  server.RaftServerConfigKeys (ConfUtils.java:logGet(46)) - raft.server.rpc.sleep.time = 25ms (default)
2024-02-22 20:33:40,061 [923be64f-71f4-4891-b05d-82ff5a9df5b5-groupManagement] INFO  server.RaftServerConfigKeys (ConfUtils.java:logGet(46)) - raft.server.rpc.slowness.timeout = 300s (custom)
2024-02-22 20:33:40,061 [d25dc3b0-28fc-4383-b1a0-617845025f41-groupManagement] INFO  server.RaftServerConfigKeys (ConfUtils.java:logGet(46)) - raft.server.rpc.timeout.min = 5s (custom)
2024-02-22 20:33:40,061 [923be64f-71f4-4891-b05d-82ff5a9df5b5-groupManagement] INFO  server.RaftServerConfigKeys (ConfUtils.java:logGet(46)) - raft.server.leaderelection.leader.step-down.wait-time = 10s (default)
2024-02-22 20:33:40,061 [923be64f-71f4-4891-b05d-82ff5a9df5b5-groupManagement] INFO  server.RaftServerConfigKeys (ConfUtils.java:logGet(46)) - raft.server.leaderelection.member.majority-add = false (default)
2024-02-22 20:33:40,061 [923be64f-71f4-4891-b05d-82ff5a9df5b5-groupManagement] INFO  server.RaftServerConfigKeys (ConfUtils.java:logGet(46)) - raft.server.sleep.deviation.threshold = 300ms (default)
2024-02-22 20:33:40,062 [923be64f-71f4-4891-b05d-82ff5a9df5b5-groupManagement] INFO  server.RaftServer$Division (ServerState.java:<init>(113)) - 923be64f-71f4-4891-b05d-82ff5a9df5b5@group-2F189D2772BA: ConfigurationManager, init=-1: peers:[923be64f-71f4-4891-b05d-82ff5a9df5b5|10.1.0.33:15023, e46a6e51-795f-4801-a523-c45a6c7f2c34|10.1.0.33:15014, d25dc3b0-28fc-4383-b1a0-617845025f41|10.1.0.33:15032]|listeners:[], old=null, confs=<EMPTY_MAP>
2024-02-22 20:33:40,062 [923be64f-71f4-4891-b05d-82ff5a9df5b5-groupManagement] INFO  server.RaftServerConfigKeys (ConfUtils.java:logGet(46)) - raft.server.notification.no-leader.timeout = 300s (custom)
2024-02-22 20:33:40,062 [923be64f-71f4-4891-b05d-82ff5a9df5b5-groupManagement] INFO  server.RaftServerConfigKeys (ConfUtils.java:logGet(46)) - raft.server.read.timeout = 10s (default)
2024-02-22 20:33:40,062 [923be64f-71f4-4891-b05d-82ff5a9df5b5-groupManagement] INFO  server.RaftServerConfigKeys (ConfUtils.java:logGet(46)) - raft.server.retrycache.expirytime = 600000ms (custom)
2024-02-22 20:33:40,062 [923be64f-71f4-4891-b05d-82ff5a9df5b5-groupManagement] INFO  server.RaftServerConfigKeys (ConfUtils.java:logGet(46)) - raft.server.retrycache.statistics.expirytime = 100ms (default)
2024-02-22 20:33:40,062 [923be64f-71f4-4891-b05d-82ff5a9df5b5-groupManagement] INFO  server.RaftServerConfigKeys (ConfUtils.java:logGet(46)) - raft.server.read.option = DEFAULT (default)
2024-02-22 20:33:40,062 [923be64f-71f4-4891-b05d-82ff5a9df5b5-groupManagement] INFO  server.RaftServerConfigKeys (ConfUtils.java:logGet(46)) - raft.server.read.read-after-write-consistent.write-index-cache.expiry-time = 60s (default)
2024-02-22 20:33:40,061 [d25dc3b0-28fc-4383-b1a0-617845025f41-groupManagement] INFO  server.RaftServerConfigKeys (ConfUtils.java:logGet(46)) - raft.server.rpc.timeout.max = 5200ms (custom)
2024-02-22 20:33:40,063 [d25dc3b0-28fc-4383-b1a0-617845025f41-groupManagement] INFO  server.RaftServerConfigKeys (ConfUtils.java:logGet(46)) - raft.server.rpc.sleep.time = 25ms (default)
2024-02-22 20:33:40,063 [d25dc3b0-28fc-4383-b1a0-617845025f41-groupManagement] INFO  server.RaftServerConfigKeys (ConfUtils.java:logGet(46)) - raft.server.rpc.slowness.timeout = 300s (custom)
2024-02-22 20:33:40,063 [d25dc3b0-28fc-4383-b1a0-617845025f41-groupManagement] INFO  server.RaftServerConfigKeys (ConfUtils.java:logGet(46)) - raft.server.leaderelection.leader.step-down.wait-time = 10s (default)
2024-02-22 20:33:40,063 [d25dc3b0-28fc-4383-b1a0-617845025f41-groupManagement] INFO  server.RaftServerConfigKeys (ConfUtils.java:logGet(46)) - raft.server.leaderelection.member.majority-add = false (default)
2024-02-22 20:33:40,063 [d25dc3b0-28fc-4383-b1a0-617845025f41-groupManagement] INFO  server.RaftServerConfigKeys (ConfUtils.java:logGet(46)) - raft.server.sleep.deviation.threshold = 300ms (default)
2024-02-22 20:33:40,063 [d25dc3b0-28fc-4383-b1a0-617845025f41-groupManagement] INFO  server.RaftServer$Division (ServerState.java:<init>(113)) - d25dc3b0-28fc-4383-b1a0-617845025f41@group-2F189D2772BA: ConfigurationManager, init=-1: peers:[923be64f-71f4-4891-b05d-82ff5a9df5b5|10.1.0.33:15023, e46a6e51-795f-4801-a523-c45a6c7f2c34|10.1.0.33:15014, d25dc3b0-28fc-4383-b1a0-617845025f41|10.1.0.33:15032]|listeners:[], old=null, confs=<EMPTY_MAP>
2024-02-22 20:33:40,063 [d25dc3b0-28fc-4383-b1a0-617845025f41-groupManagement] INFO  server.RaftServerConfigKeys (ConfUtils.java:logGet(46)) - raft.server.notification.no-leader.timeout = 300s (custom)
2024-02-22 20:33:40,063 [d25dc3b0-28fc-4383-b1a0-617845025f41-groupManagement] INFO  server.RaftServerConfigKeys (ConfUtils.java:logGet(46)) - raft.server.read.timeout = 10s (default)
2024-02-22 20:33:40,063 [d25dc3b0-28fc-4383-b1a0-617845025f41-groupManagement] INFO  server.RaftServerConfigKeys (ConfUtils.java:logGet(46)) - raft.server.retrycache.expirytime = 600000ms (custom)
2024-02-22 20:33:40,063 [d25dc3b0-28fc-4383-b1a0-617845025f41-groupManagement] INFO  server.RaftServerConfigKeys (ConfUtils.java:logGet(46)) - raft.server.retrycache.statistics.expirytime = 100ms (default)
2024-02-22 20:33:40,063 [d25dc3b0-28fc-4383-b1a0-617845025f41-groupManagement] INFO  server.RaftServerConfigKeys (ConfUtils.java:logGet(46)) - raft.server.read.option = DEFAULT (default)
2024-02-22 20:33:40,063 [d25dc3b0-28fc-4383-b1a0-617845025f41-groupManagement] INFO  server.RaftServerConfigKeys (ConfUtils.java:logGet(46)) - raft.server.read.read-after-write-consistent.write-index-cache.expiry-time = 60s (default)
2024-02-22 20:33:40,069 [dc26353c-d48a-467d-89cd-3a7c4b626396-groupManagement] INFO  server.RaftServerConfigKeys (ConfUtils.java:logGet(46)) - raft.server.log.write.buffer.size = 8388616 (custom)
2024-02-22 20:33:40,071 [dc26353c-d48a-467d-89cd-3a7c4b626396-groupManagement] INFO  server.RaftServerConfigKeys (ConfUtils.java:logGet(46)) - raft.server.log.appender.buffer.byte-limit = 8388608 (custom)
2024-02-22 20:33:40,071 [dc26353c-d48a-467d-89cd-3a7c4b626396-groupManagement] INFO  server.RaftServerConfigKeys (ConfUtils.java:logGet(46)) - raft.server.log.unsafe-flush.enabled = false (default)
2024-02-22 20:33:40,071 [dc26353c-d48a-467d-89cd-3a7c4b626396-groupManagement] INFO  server.RaftServerConfigKeys (ConfUtils.java:logGet(46)) - raft.server.log.async-flush.enabled = false (default)
2024-02-22 20:33:40,071 [dc26353c-d48a-467d-89cd-3a7c4b626396-groupManagement] INFO  server.RaftServerConfigKeys (ConfUtils.java:logGet(46)) - raft.server.log.statemachine.data.caching.enabled = true (custom)
2024-02-22 20:33:40,071 [dc26353c-d48a-467d-89cd-3a7c4b626396-groupManagement] INFO  segmented.SegmentedRaftLogWorker (SegmentedRaftLogWorker.java:lambda$new$0(134)) - dc26353c-d48a-467d-89cd-3a7c4b626396@group-DD233808B888-SegmentedRaftLogWorker: flushIndex: setUnconditionally 0 -> -1
2024-02-22 20:33:40,071 [dc26353c-d48a-467d-89cd-3a7c4b626396-groupManagement] INFO  segmented.SegmentedRaftLogWorker (SegmentedRaftLogWorker.java:lambda$new$0(134)) - dc26353c-d48a-467d-89cd-3a7c4b626396@group-DD233808B888-SegmentedRaftLogWorker: safeCacheEvictIndex: setUnconditionally 0 -> -1
2024-02-22 20:33:40,078 [dc26353c-d48a-467d-89cd-3a7c4b626396-groupManagement] INFO  server.RaftServer$Division (RaftServerImpl.java:start(396)) - dc26353c-d48a-467d-89cd-3a7c4b626396@group-DD233808B888: start as a follower, conf=-1: peers:[86ab988c-fa9c-425d-a1c6-9004ff7fd93d|10.1.0.33:15059, 4e8f68d6-fd98-4f77-87e3-715939181693|10.1.0.33:15041, dc26353c-d48a-467d-89cd-3a7c4b626396|10.1.0.33:15050]|listeners:[], old=null
2024-02-22 20:33:40,078 [dc26353c-d48a-467d-89cd-3a7c4b626396-groupManagement] INFO  server.RaftServer$Division (RaftServerImpl.java:setRole(383)) - dc26353c-d48a-467d-89cd-3a7c4b626396@group-DD233808B888: changes role from      null to FOLLOWER at term 0 for startAsFollower
2024-02-22 20:33:40,078 [dc26353c-d48a-467d-89cd-3a7c4b626396-groupManagement] INFO  impl.RoleInfo (RoleInfo.java:updateAndGet(139)) - dc26353c-d48a-467d-89cd-3a7c4b626396: start dc26353c-d48a-467d-89cd-3a7c4b626396@group-DD233808B888-FollowerState
2024-02-22 20:33:40,080 [d25dc3b0-28fc-4383-b1a0-617845025f41-groupManagement] INFO  server.RaftServerConfigKeys (ConfUtils.java:logGet(46)) - raft.server.rpc.request.timeout = 60s (custom)
2024-02-22 20:33:40,080 [d25dc3b0-28fc-4383-b1a0-617845025f41-groupManagement] INFO  server.RaftServerConfigKeys (ConfUtils.java:logGet(46)) - raft.server.log.appender.install.snapshot.enabled = false (custom)
2024-02-22 20:33:40,081 [d25dc3b0-28fc-4383-b1a0-617845025f41-groupManagement] INFO  server.RaftServerConfigKeys (ConfUtils.java:logGet(46)) - raft.server.threadpool.server.cached = true (default)
2024-02-22 20:33:40,081 [d25dc3b0-28fc-4383-b1a0-617845025f41-groupManagement] INFO  server.RaftServerConfigKeys (ConfUtils.java:logGet(46)) - raft.server.threadpool.server.size = 0 (default)
2024-02-22 20:33:40,081 [d25dc3b0-28fc-4383-b1a0-617845025f41-groupManagement] INFO  server.RaftServerConfigKeys (ConfUtils.java:logGet(46)) - raft.server.threadpool.client.cached = true (default)
2024-02-22 20:33:40,081 [d25dc3b0-28fc-4383-b1a0-617845025f41-groupManagement] INFO  server.RaftServerConfigKeys (ConfUtils.java:logGet(46)) - raft.server.threadpool.client.size = 0 (default)
2024-02-22 20:33:40,081 [d25dc3b0-28fc-4383-b1a0-617845025f41-groupManagement] INFO  server.RaftServerConfigKeys (ConfUtils.java:logGet(46)) - raft.server.storage.free-space.min = 0MB (=0) (default)
2024-02-22 20:33:40,081 [d25dc3b0-28fc-4383-b1a0-617845025f41-groupManagement] INFO  server.RaftServerConfigKeys (ConfUtils.java:logGet(46)) - raft.server.log.corruption.policy = EXCEPTION (default)
2024-02-22 20:33:40,081 [d25dc3b0-28fc-4383-b1a0-617845025f41-groupManagement] INFO  server.RaftServerConfigKeys (ConfUtils.java:logGet(46)) - raft.server.storage.dir = [/home/runner/work/ozone/ozone/hadoop-ozone/integration-test/target/test-dir/MiniOzoneClusterImpl-a0fc024b-a492-45a5-9697-b0d14f72cb5c/datanode-2/data/ratis] (custom)
2024-02-22 20:33:40,081 [d25dc3b0-28fc-4383-b1a0-617845025f41-groupManagement] INFO  storage.RaftStorageDirectory (RaftStorageDirectoryImpl.java:analyzeStorage(138)) - The storage directory /home/runner/work/ozone/ozone/hadoop-ozone/integration-test/target/test-dir/MiniOzoneClusterImpl-a0fc024b-a492-45a5-9697-b0d14f72cb5c/datanode-2/data/ratis/06d574de-a9f9-4ab3-be46-2f189d2772ba does not exist. Creating ...
2024-02-22 20:33:40,084 [d25dc3b0-28fc-4383-b1a0-617845025f41-groupManagement] INFO  storage.RaftStorageDirectory (RaftStorageDirectoryImpl.java:tryLock(228)) - Lock on /home/runner/work/ozone/ozone/hadoop-ozone/integration-test/target/test-dir/MiniOzoneClusterImpl-a0fc024b-a492-45a5-9697-b0d14f72cb5c/datanode-2/data/ratis/06d574de-a9f9-4ab3-be46-2f189d2772ba/in_use.lock acquired by nodename 30552@fv-az779-213
2024-02-22 20:33:40,085 [e46a6e51-795f-4801-a523-c45a6c7f2c34-groupManagement] INFO  server.RaftServerConfigKeys (ConfUtils.java:logGet(46)) - raft.server.rpc.request.timeout = 60s (custom)
2024-02-22 20:33:40,085 [e46a6e51-795f-4801-a523-c45a6c7f2c34-groupManagement] INFO  server.RaftServerConfigKeys (ConfUtils.java:logGet(46)) - raft.server.log.appender.install.snapshot.enabled = false (custom)
2024-02-22 20:33:40,086 [dc26353c-d48a-467d-89cd-3a7c4b626396@group-DD233808B888-FollowerState] INFO  server.RaftServerConfigKeys (ConfUtils.java:logFallback(53)) - raft.server.rpc.first-election.timeout.min = 5s (fallback to raft.server.rpc.timeout.min)
2024-02-22 20:33:40,086 [dc26353c-d48a-467d-89cd-3a7c4b626396@group-DD233808B888-FollowerState] INFO  server.RaftServerConfigKeys (ConfUtils.java:logFallback(53)) - raft.server.rpc.first-election.timeout.max = 5200ms (fallback to raft.server.rpc.timeout.max)
2024-02-22 20:33:40,086 [dc26353c-d48a-467d-89cd-3a7c4b626396-groupManagement] INFO  util.JmxRegister (JmxRegister.java:tryRegister(44)) - Successfully registered JMX Bean with object name Ratis:service=RaftServer,group=group-DD233808B888,id=dc26353c-d48a-467d-89cd-3a7c4b626396
2024-02-22 20:33:40,086 [dc26353c-d48a-467d-89cd-3a7c4b626396-groupManagement] INFO  server.RaftServerConfigKeys (ConfUtils.java:logGet(46)) - raft.server.snapshot.trigger-when-stop.enabled = true (default)
2024-02-22 20:33:40,086 [e46a6e51-795f-4801-a523-c45a6c7f2c34-groupManagement] INFO  server.RaftServerConfigKeys (ConfUtils.java:logGet(46)) - raft.server.threadpool.server.cached = true (default)
2024-02-22 20:33:40,087 [e46a6e51-795f-4801-a523-c45a6c7f2c34-groupManagement] INFO  server.RaftServerConfigKeys (ConfUtils.java:logGet(46)) - raft.server.threadpool.server.size = 0 (default)
2024-02-22 20:33:40,087 [e46a6e51-795f-4801-a523-c45a6c7f2c34-groupManagement] INFO  server.RaftServerConfigKeys (ConfUtils.java:logGet(46)) - raft.server.threadpool.client.cached = true (default)
2024-02-22 20:33:40,087 [e46a6e51-795f-4801-a523-c45a6c7f2c34-groupManagement] INFO  server.RaftServerConfigKeys (ConfUtils.java:logGet(46)) - raft.server.threadpool.client.size = 0 (default)
2024-02-22 20:33:40,087 [e46a6e51-795f-4801-a523-c45a6c7f2c34-groupManagement] INFO  server.RaftServerConfigKeys (ConfUtils.java:logGet(46)) - raft.server.storage.free-space.min = 0MB (=0) (default)
2024-02-22 20:33:40,087 [e46a6e51-795f-4801-a523-c45a6c7f2c34-groupManagement] INFO  server.RaftServerConfigKeys (ConfUtils.java:logGet(46)) - raft.server.log.corruption.policy = EXCEPTION (default)
2024-02-22 20:33:40,088 [e46a6e51-795f-4801-a523-c45a6c7f2c34-groupManagement] INFO  server.RaftServerConfigKeys (ConfUtils.java:logGet(46)) - raft.server.storage.dir = [/home/runner/work/ozone/ozone/hadoop-ozone/integration-test/target/test-dir/MiniOzoneClusterImpl-a0fc024b-a492-45a5-9697-b0d14f72cb5c/datanode-0/data/ratis] (custom)
2024-02-22 20:33:40,088 [e46a6e51-795f-4801-a523-c45a6c7f2c34-groupManagement] INFO  storage.RaftStorageDirectory (RaftStorageDirectoryImpl.java:analyzeStorage(138)) - The storage directory /home/runner/work/ozone/ozone/hadoop-ozone/integration-test/target/test-dir/MiniOzoneClusterImpl-a0fc024b-a492-45a5-9697-b0d14f72cb5c/datanode-0/data/ratis/06d574de-a9f9-4ab3-be46-2f189d2772ba does not exist. Creating ...
2024-02-22 20:33:40,086 [923be64f-71f4-4891-b05d-82ff5a9df5b5-groupManagement] INFO  server.RaftServerConfigKeys (ConfUtils.java:logGet(46)) - raft.server.rpc.request.timeout = 60s (custom)
2024-02-22 20:33:40,088 [923be64f-71f4-4891-b05d-82ff5a9df5b5-groupManagement] INFO  server.RaftServerConfigKeys (ConfUtils.java:logGet(46)) - raft.server.log.appender.install.snapshot.enabled = false (custom)
2024-02-22 20:33:40,088 [923be64f-71f4-4891-b05d-82ff5a9df5b5-groupManagement] INFO  server.RaftServerConfigKeys (ConfUtils.java:logGet(46)) - raft.server.threadpool.server.cached = true (default)
2024-02-22 20:33:40,088 [923be64f-71f4-4891-b05d-82ff5a9df5b5-groupManagement] INFO  server.RaftServerConfigKeys (ConfUtils.java:logGet(46)) - raft.server.threadpool.server.size = 0 (default)
2024-02-22 20:33:40,089 [923be64f-71f4-4891-b05d-82ff5a9df5b5-groupManagement] INFO  server.RaftServerConfigKeys (ConfUtils.java:logGet(46)) - raft.server.threadpool.client.cached = true (default)
2024-02-22 20:33:40,089 [923be64f-71f4-4891-b05d-82ff5a9df5b5-groupManagement] INFO  server.RaftServerConfigKeys (ConfUtils.java:logGet(46)) - raft.server.threadpool.client.size = 0 (default)
2024-02-22 20:33:40,089 [923be64f-71f4-4891-b05d-82ff5a9df5b5-groupManagement] INFO  server.RaftServerConfigKeys (ConfUtils.java:logGet(46)) - raft.server.storage.free-space.min = 0MB (=0) (default)
2024-02-22 20:33:40,089 [923be64f-71f4-4891-b05d-82ff5a9df5b5-groupManagement] INFO  server.RaftServerConfigKeys (ConfUtils.java:logGet(46)) - raft.server.log.corruption.policy = EXCEPTION (default)
2024-02-22 20:33:40,089 [923be64f-71f4-4891-b05d-82ff5a9df5b5-groupManagement] INFO  server.RaftServerConfigKeys (ConfUtils.java:logGet(46)) - raft.server.storage.dir = [/home/runner/work/ozone/ozone/hadoop-ozone/integration-test/target/test-dir/MiniOzoneClusterImpl-a0fc024b-a492-45a5-9697-b0d14f72cb5c/datanode-1/data/ratis] (custom)
2024-02-22 20:33:40,089 [923be64f-71f4-4891-b05d-82ff5a9df5b5-groupManagement] INFO  storage.RaftStorageDirectory (RaftStorageDirectoryImpl.java:analyzeStorage(138)) - The storage directory /home/runner/work/ozone/ozone/hadoop-ozone/integration-test/target/test-dir/MiniOzoneClusterImpl-a0fc024b-a492-45a5-9697-b0d14f72cb5c/datanode-1/data/ratis/06d574de-a9f9-4ab3-be46-2f189d2772ba does not exist. Creating ...
2024-02-22 20:33:40,087 [d25dc3b0-28fc-4383-b1a0-617845025f41-groupManagement] INFO  storage.RaftStorage (RaftStorageImpl.java:format(99)) - Storage directory /home/runner/work/ozone/ozone/hadoop-ozone/integration-test/target/test-dir/MiniOzoneClusterImpl-a0fc024b-a492-45a5-9697-b0d14f72cb5c/datanode-2/data/ratis/06d574de-a9f9-4ab3-be46-2f189d2772ba has been successfully formatted.
2024-02-22 20:33:40,086 [dc26353c-d48a-467d-89cd-3a7c4b626396-groupManagement] INFO  server.RaftServerConfigKeys (ConfUtils.java:logGet(46)) - raft.server.snapshot.auto.trigger.enabled = true (custom)
2024-02-22 20:33:40,090 [dc26353c-d48a-467d-89cd-3a7c4b626396-groupManagement] INFO  server.RaftServerConfigKeys (ConfUtils.java:logGet(46)) - raft.server.snapshot.auto.trigger.threshold = 10000 (custom)
2024-02-22 20:33:40,090 [dc26353c-d48a-467d-89cd-3a7c4b626396-groupManagement] INFO  server.RaftServerConfigKeys (ConfUtils.java:logGet(46)) - raft.server.snapshot.retention.file.num = 5 (custom)
2024-02-22 20:33:40,090 [d25dc3b0-28fc-4383-b1a0-617845025f41-groupManagement] WARN  util.FileUtils (LogUtils.java:supplyAndLog(63)) - Failed to Files.newInputStream /home/runner/work/ozone/ozone/hadoop-ozone/integration-test/target/test-dir/MiniOzoneClusterImpl-a0fc024b-a492-45a5-9697-b0d14f72cb5c/datanode-2/data/ratis/06d574de-a9f9-4ab3-be46-2f189d2772ba/current/raft-meta.conf with options []: java.nio.file.NoSuchFileException: /home/runner/work/ozone/ozone/hadoop-ozone/integration-test/target/test-dir/MiniOzoneClusterImpl-a0fc024b-a492-45a5-9697-b0d14f72cb5c/datanode-2/data/ratis/06d574de-a9f9-4ab3-be46-2f189d2772ba/current/raft-meta.conf
2024-02-22 20:33:40,090 [dc26353c-d48a-467d-89cd-3a7c4b626396-groupManagement] INFO  server.RaftServerConfigKeys (ConfUtils.java:logGet(46)) - raft.server.log.purge.upto.snapshot.index = false (default)
2024-02-22 20:33:40,090 [d25dc3b0-28fc-4383-b1a0-617845025f41-groupManagement] INFO  ratis.ContainerStateMachine (ContainerStateMachine.java:loadSnapshot(287)) - group-2F189D2772BA: The snapshot info is null. Setting the last applied index to:(t:0, i:~)
2024-02-22 20:33:40,090 [d25dc3b0-28fc-4383-b1a0-617845025f41-groupManagement] INFO  server.RaftServerConfigKeys (ConfUtils.java:logGet(46)) - raft.server.log.use.memory = false (default)
2024-02-22 20:33:40,091 [d25dc3b0-28fc-4383-b1a0-617845025f41-groupManagement] INFO  server.RaftServerConfigKeys (ConfUtils.java:logGet(46)) - raft.server.log.purge.gap = 1000000 (custom)
2024-02-22 20:33:40,091 [d25dc3b0-28fc-4383-b1a0-617845025f41-groupManagement] INFO  server.RaftServerConfigKeys (ConfUtils.java:logGet(46)) - raft.server.log.appender.buffer.byte-limit = 8388608 (custom)
2024-02-22 20:33:40,091 [d25dc3b0-28fc-4383-b1a0-617845025f41-groupManagement] INFO  server.RaftServerConfigKeys (ConfUtils.java:logGet(46)) - raft.server.log.statemachine.data.read.timeout = 1000ms (default)
2024-02-22 20:33:40,091 [d25dc3b0-28fc-4383-b1a0-617845025f41-groupManagement] INFO  server.RaftServerConfigKeys (ConfUtils.java:logGet(46)) - raft.server.log.purge.preservation.log.num = 0 (default)
2024-02-22 20:33:40,091 [e46a6e51-795f-4801-a523-c45a6c7f2c34-groupManagement] INFO  storage.RaftStorageDirectory (RaftStorageDirectoryImpl.java:tryLock(228)) - Lock on /home/runner/work/ozone/ozone/hadoop-ozone/integration-test/target/test-dir/MiniOzoneClusterImpl-a0fc024b-a492-45a5-9697-b0d14f72cb5c/datanode-0/data/ratis/06d574de-a9f9-4ab3-be46-2f189d2772ba/in_use.lock acquired by nodename 30552@fv-az779-213
2024-02-22 20:33:40,092 [EventQueue-OpenPipelineForHealthyPipelineSafeModeRule] INFO  safemode.SCMSafeModeManager (HealthyPipelineSafeModeRule.java:process(140)) - SCM in safe mode. Healthy pipelines reported count is 0, required healthy pipeline reported count is 1
2024-02-22 20:33:40,092 [923be64f-71f4-4891-b05d-82ff5a9df5b5-groupManagement] INFO  storage.RaftStorageDirectory (RaftStorageDirectoryImpl.java:tryLock(228)) - Lock on /home/runner/work/ozone/ozone/hadoop-ozone/integration-test/target/test-dir/MiniOzoneClusterImpl-a0fc024b-a492-45a5-9697-b0d14f72cb5c/datanode-1/data/ratis/06d574de-a9f9-4ab3-be46-2f189d2772ba/in_use.lock acquired by nodename 30552@fv-az779-213
2024-02-22 20:33:40,094 [e46a6e51-795f-4801-a523-c45a6c7f2c34-groupManagement] INFO  storage.RaftStorage (RaftStorageImpl.java:format(99)) - Storage directory /home/runner/work/ozone/ozone/hadoop-ozone/integration-test/target/test-dir/MiniOzoneClusterImpl-a0fc024b-a492-45a5-9697-b0d14f72cb5c/datanode-0/data/ratis/06d574de-a9f9-4ab3-be46-2f189d2772ba has been successfully formatted.
2024-02-22 20:33:40,094 [e46a6e51-795f-4801-a523-c45a6c7f2c34-groupManagement] WARN  util.FileUtils (LogUtils.java:supplyAndLog(63)) - Failed to Files.newInputStream /home/runner/work/ozone/ozone/hadoop-ozone/integration-test/target/test-dir/MiniOzoneClusterImpl-a0fc024b-a492-45a5-9697-b0d14f72cb5c/datanode-0/data/ratis/06d574de-a9f9-4ab3-be46-2f189d2772ba/current/raft-meta.conf with options []: java.nio.file.NoSuchFileException: /home/runner/work/ozone/ozone/hadoop-ozone/integration-test/target/test-dir/MiniOzoneClusterImpl-a0fc024b-a492-45a5-9697-b0d14f72cb5c/datanode-0/data/ratis/06d574de-a9f9-4ab3-be46-2f189d2772ba/current/raft-meta.conf
2024-02-22 20:33:40,095 [923be64f-71f4-4891-b05d-82ff5a9df5b5-groupManagement] INFO  storage.RaftStorage (RaftStorageImpl.java:format(99)) - Storage directory /home/runner/work/ozone/ozone/hadoop-ozone/integration-test/target/test-dir/MiniOzoneClusterImpl-a0fc024b-a492-45a5-9697-b0d14f72cb5c/datanode-1/data/ratis/06d574de-a9f9-4ab3-be46-2f189d2772ba has been successfully formatted.
2024-02-22 20:33:40,095 [923be64f-71f4-4891-b05d-82ff5a9df5b5-groupManagement] WARN  util.FileUtils (LogUtils.java:supplyAndLog(63)) - Failed to Files.newInputStream /home/runner/work/ozone/ozone/hadoop-ozone/integration-test/target/test-dir/MiniOzoneClusterImpl-a0fc024b-a492-45a5-9697-b0d14f72cb5c/datanode-1/data/ratis/06d574de-a9f9-4ab3-be46-2f189d2772ba/current/raft-meta.conf with options []: java.nio.file.NoSuchFileException: /home/runner/work/ozone/ozone/hadoop-ozone/integration-test/target/test-dir/MiniOzoneClusterImpl-a0fc024b-a492-45a5-9697-b0d14f72cb5c/datanode-1/data/ratis/06d574de-a9f9-4ab3-be46-2f189d2772ba/current/raft-meta.conf
2024-02-22 20:33:40,096 [d25dc3b0-28fc-4383-b1a0-617845025f41-groupManagement] INFO  server.RaftServerConfigKeys (ConfUtils.java:logGet(46)) - raft.server.log.segment.size.max = 67108864 (custom)
2024-02-22 20:33:40,096 [d25dc3b0-28fc-4383-b1a0-617845025f41-groupManagement] INFO  server.RaftServerConfigKeys (ConfUtils.java:logGet(46)) - raft.server.log.segment.cache.num.max = 2 (custom)
2024-02-22 20:33:40,097 [d25dc3b0-28fc-4383-b1a0-617845025f41-groupManagement] INFO  server.RaftServerConfigKeys (ConfUtils.java:logGet(46)) - raft.server.log.segment.cache.size.max = 200MB (=209715200) (default)
2024-02-22 20:33:40,097 [d25dc3b0-28fc-4383-b1a0-617845025f41-groupManagement] INFO  server.RaftServerConfigKeys (ConfUtils.java:logGet(46)) - raft.server.log.appender.buffer.byte-limit = 8388608 (custom)
2024-02-22 20:33:40,100 [86ab988c-fa9c-425d-a1c6-9004ff7fd93d-groupManagement] INFO  server.RaftServer$Division (RaftServerImpl.java:<init>(256)) - 86ab988c-fa9c-425d-a1c6-9004ff7fd93d: new RaftServerImpl for group-41A8147A3383:[86ab988c-fa9c-425d-a1c6-9004ff7fd93d|10.1.0.33:15059] with ContainerStateMachine:uninitialized
2024-02-22 20:33:40,100 [86ab988c-fa9c-425d-a1c6-9004ff7fd93d-groupManagement] INFO  server.RaftServerConfigKeys (ConfUtils.java:logGet(46)) - raft.server.rpc.timeout.min = 5s (custom)
2024-02-22 20:33:40,100 [86ab988c-fa9c-425d-a1c6-9004ff7fd93d-groupManagement] INFO  server.RaftServerConfigKeys (ConfUtils.java:logGet(46)) - raft.server.rpc.timeout.max = 5200ms (custom)
2024-02-22 20:33:40,100 [86ab988c-fa9c-425d-a1c6-9004ff7fd93d-groupManagement] INFO  server.RaftServerConfigKeys (ConfUtils.java:logGet(46)) - raft.server.rpc.sleep.time = 25ms (default)
2024-02-22 20:33:40,101 [86ab988c-fa9c-425d-a1c6-9004ff7fd93d-groupManagement] INFO  server.RaftServerConfigKeys (ConfUtils.java:logGet(46)) - raft.server.rpc.slowness.timeout = 300s (custom)
2024-02-22 20:33:40,101 [86ab988c-fa9c-425d-a1c6-9004ff7fd93d-groupManagement] INFO  server.RaftServerConfigKeys (ConfUtils.java:logGet(46)) - raft.server.leaderelection.leader.step-down.wait-time = 10s (default)
2024-02-22 20:33:40,101 [86ab988c-fa9c-425d-a1c6-9004ff7fd93d-groupManagement] INFO  server.RaftServerConfigKeys (ConfUtils.java:logGet(46)) - raft.server.leaderelection.member.majority-add = false (default)
2024-02-22 20:33:40,101 [86ab988c-fa9c-425d-a1c6-9004ff7fd93d-groupManagement] INFO  server.RaftServerConfigKeys (ConfUtils.java:logGet(46)) - raft.server.sleep.deviation.threshold = 300ms (default)
2024-02-22 20:33:40,101 [86ab988c-fa9c-425d-a1c6-9004ff7fd93d-groupManagement] INFO  server.RaftServer$Division (ServerState.java:<init>(113)) - 86ab988c-fa9c-425d-a1c6-9004ff7fd93d@group-41A8147A3383: ConfigurationManager, init=-1: peers:[86ab988c-fa9c-425d-a1c6-9004ff7fd93d|10.1.0.33:15059]|listeners:[], old=null, confs=<EMPTY_MAP>
2024-02-22 20:33:40,102 [86ab988c-fa9c-425d-a1c6-9004ff7fd93d-groupManagement] INFO  server.RaftServerConfigKeys (ConfUtils.java:logGet(46)) - raft.server.notification.no-leader.timeout = 300s (custom)
2024-02-22 20:33:40,102 [86ab988c-fa9c-425d-a1c6-9004ff7fd93d-groupManagement] INFO  server.RaftServerConfigKeys (ConfUtils.java:logGet(46)) - raft.server.read.timeout = 10s (default)
2024-02-22 20:33:40,102 [86ab988c-fa9c-425d-a1c6-9004ff7fd93d-groupManagement] INFO  server.RaftServerConfigKeys (ConfUtils.java:logGet(46)) - raft.server.retrycache.expirytime = 600000ms (custom)
2024-02-22 20:33:40,102 [86ab988c-fa9c-425d-a1c6-9004ff7fd93d-groupManagement] INFO  server.RaftServerConfigKeys (ConfUtils.java:logGet(46)) - raft.server.retrycache.statistics.expirytime = 100ms (default)
2024-02-22 20:33:40,102 [86ab988c-fa9c-425d-a1c6-9004ff7fd93d-groupManagement] INFO  server.RaftServerConfigKeys (ConfUtils.java:logGet(46)) - raft.server.read.option = DEFAULT (default)
2024-02-22 20:33:40,102 [86ab988c-fa9c-425d-a1c6-9004ff7fd93d-groupManagement] INFO  server.RaftServerConfigKeys (ConfUtils.java:logGet(46)) - raft.server.read.read-after-write-consistent.write-index-cache.expiry-time = 60s (default)
2024-02-22 20:33:40,104 [d25dc3b0-28fc-4383-b1a0-617845025f41-groupManagement] INFO  util.AwaitToRun (AwaitToRun.java:start(81)) - Thread[d25dc3b0-28fc-4383-b1a0-617845025f41@group-2F189D2772BA-cacheEviction-AwaitToRun,5,main] started
2024-02-22 20:33:40,105 [d25dc3b0-28fc-4383-b1a0-617845025f41-groupManagement] INFO  segmented.SegmentedRaftLogWorker (SegmentedRaftLogWorker.java:<init>(182)) - new d25dc3b0-28fc-4383-b1a0-617845025f41@group-2F189D2772BA-SegmentedRaftLogWorker for RaftStorageImpl:Storage Directory /home/runner/work/ozone/ozone/hadoop-ozone/integration-test/target/test-dir/MiniOzoneClusterImpl-a0fc024b-a492-45a5-9697-b0d14f72cb5c/datanode-2/data/ratis/06d574de-a9f9-4ab3-be46-2f189d2772ba
2024-02-22 20:33:40,105 [d25dc3b0-28fc-4383-b1a0-617845025f41-groupManagement] INFO  server.RaftServerConfigKeys (ConfUtils.java:logGet(46)) - raft.server.log.queue.byte-limit = 4294967296 (custom)
2024-02-22 20:33:40,105 [d25dc3b0-28fc-4383-b1a0-617845025f41-groupManagement] INFO  server.RaftServerConfigKeys (ConfUtils.java:logGet(46)) - raft.server.log.queue.element-limit = 1024 (custom)
2024-02-22 20:33:40,105 [d25dc3b0-28fc-4383-b1a0-617845025f41-groupManagement] INFO  server.RaftServerConfigKeys (ConfUtils.java:logGet(46)) - raft.server.log.segment.size.max = 67108864 (custom)
2024-02-22 20:33:40,106 [d25dc3b0-28fc-4383-b1a0-617845025f41-groupManagement] INFO  server.RaftServerConfigKeys (ConfUtils.java:logGet(46)) - raft.server.log.preallocated.size = 4194304 (custom)
2024-02-22 20:33:40,106 [d25dc3b0-28fc-4383-b1a0-617845025f41-groupManagement] INFO  server.RaftServerConfigKeys (ConfUtils.java:logGet(46)) - raft.server.log.force.sync.num = 128 (default)
2024-02-22 20:33:40,106 [d25dc3b0-28fc-4383-b1a0-617845025f41-groupManagement] INFO  server.RaftServerConfigKeys (ConfUtils.java:logGet(46)) - raft.server.log.statemachine.data.sync = true (default)
2024-02-22 20:33:40,108 [EventQueue-OpenPipelineForHealthyPipelineSafeModeRule] INFO  safemode.SCMSafeModeManager (HealthyPipelineSafeModeRule.java:process(140)) - SCM in safe mode. Healthy pipelines reported count is 0, required healthy pipeline reported count is 1
2024-02-22 20:33:40,107 [923be64f-71f4-4891-b05d-82ff5a9df5b5-groupManagement] INFO  ratis.ContainerStateMachine (ContainerStateMachine.java:loadSnapshot(287)) - group-2F189D2772BA: The snapshot info is null. Setting the last applied index to:(t:0, i:~)
2024-02-22 20:33:40,109 [d25dc3b0-28fc-4383-b1a0-617845025f41-groupManagement] INFO  server.RaftServerConfigKeys (ConfUtils.java:logGet(46)) - raft.server.log.statemachine.data.sync.timeout = 10s (default)
2024-02-22 20:33:40,109 [923be64f-71f4-4891-b05d-82ff5a9df5b5-groupManagement] INFO  server.RaftServerConfigKeys (ConfUtils.java:logGet(46)) - raft.server.log.use.memory = false (default)
2024-02-22 20:33:40,110 [d25dc3b0-28fc-4383-b1a0-617845025f41-groupManagement] INFO  server.RaftServerConfigKeys (ConfUtils.java:logGet(46)) - raft.server.log.statemachine.data.sync.timeout.retry = 0 (custom)
2024-02-22 20:33:40,110 [923be64f-71f4-4891-b05d-82ff5a9df5b5-groupManagement] INFO  server.RaftServerConfigKeys (ConfUtils.java:logGet(46)) - raft.server.log.purge.gap = 1000000 (custom)
2024-02-22 20:33:40,110 [923be64f-71f4-4891-b05d-82ff5a9df5b5-groupManagement] INFO  server.RaftServerConfigKeys (ConfUtils.java:logGet(46)) - raft.server.log.appender.buffer.byte-limit = 8388608 (custom)
2024-02-22 20:33:40,110 [923be64f-71f4-4891-b05d-82ff5a9df5b5-groupManagement] INFO  server.RaftServerConfigKeys (ConfUtils.java:logGet(46)) - raft.server.log.statemachine.data.read.timeout = 1000ms (default)
2024-02-22 20:33:40,110 [923be64f-71f4-4891-b05d-82ff5a9df5b5-groupManagement] INFO  server.RaftServerConfigKeys (ConfUtils.java:logGet(46)) - raft.server.log.purge.preservation.log.num = 0 (default)
2024-02-22 20:33:40,110 [d25dc3b0-28fc-4383-b1a0-617845025f41-groupManagement] INFO  server.RaftServerConfigKeys (ConfUtils.java:logGet(46)) - raft.server.log.write.buffer.size = 8388616 (custom)
2024-02-22 20:33:40,112 [d25dc3b0-28fc-4383-b1a0-617845025f41-groupManagement] INFO  server.RaftServerConfigKeys (ConfUtils.java:logGet(46)) - raft.server.log.appender.buffer.byte-limit = 8388608 (custom)
2024-02-22 20:33:40,112 [d25dc3b0-28fc-4383-b1a0-617845025f41-groupManagement] INFO  server.RaftServerConfigKeys (ConfUtils.java:logGet(46)) - raft.server.log.unsafe-flush.enabled = false (default)
2024-02-22 20:33:40,112 [d25dc3b0-28fc-4383-b1a0-617845025f41-groupManagement] INFO  server.RaftServerConfigKeys (ConfUtils.java:logGet(46)) - raft.server.log.async-flush.enabled = false (default)
2024-02-22 20:33:40,112 [d25dc3b0-28fc-4383-b1a0-617845025f41-groupManagement] INFO  server.RaftServerConfigKeys (ConfUtils.java:logGet(46)) - raft.server.log.statemachine.data.caching.enabled = true (custom)
2024-02-22 20:33:40,112 [d25dc3b0-28fc-4383-b1a0-617845025f41-groupManagement] INFO  segmented.SegmentedRaftLogWorker (SegmentedRaftLogWorker.java:lambda$new$0(134)) - d25dc3b0-28fc-4383-b1a0-617845025f41@group-2F189D2772BA-SegmentedRaftLogWorker: flushIndex: setUnconditionally 0 -> -1
2024-02-22 20:33:40,112 [d25dc3b0-28fc-4383-b1a0-617845025f41-groupManagement] INFO  segmented.SegmentedRaftLogWorker (SegmentedRaftLogWorker.java:lambda$new$0(134)) - d25dc3b0-28fc-4383-b1a0-617845025f41@group-2F189D2772BA-SegmentedRaftLogWorker: safeCacheEvictIndex: setUnconditionally 0 -> -1
2024-02-22 20:33:40,112 [923be64f-71f4-4891-b05d-82ff5a9df5b5-groupManagement] INFO  server.RaftServerConfigKeys (ConfUtils.java:logGet(46)) - raft.server.log.segment.size.max = 67108864 (custom)
2024-02-22 20:33:40,113 [923be64f-71f4-4891-b05d-82ff5a9df5b5-groupManagement] INFO  server.RaftServerConfigKeys (ConfUtils.java:logGet(46)) - raft.server.log.segment.cache.num.max = 2 (custom)
2024-02-22 20:33:40,113 [923be64f-71f4-4891-b05d-82ff5a9df5b5-groupManagement] INFO  server.RaftServerConfigKeys (ConfUtils.java:logGet(46)) - raft.server.log.segment.cache.size.max = 200MB (=209715200) (default)
2024-02-22 20:33:40,113 [923be64f-71f4-4891-b05d-82ff5a9df5b5-groupManagement] INFO  server.RaftServerConfigKeys (ConfUtils.java:logGet(46)) - raft.server.log.appender.buffer.byte-limit = 8388608 (custom)
2024-02-22 20:33:40,114 [e46a6e51-795f-4801-a523-c45a6c7f2c34-groupManagement] INFO  ratis.ContainerStateMachine (ContainerStateMachine.java:loadSnapshot(287)) - group-2F189D2772BA: The snapshot info is null. Setting the last applied index to:(t:0, i:~)
2024-02-22 20:33:40,114 [e46a6e51-795f-4801-a523-c45a6c7f2c34-groupManagement] INFO  server.RaftServerConfigKeys (ConfUtils.java:logGet(46)) - raft.server.log.use.memory = false (default)
2024-02-22 20:33:40,114 [e46a6e51-795f-4801-a523-c45a6c7f2c34-groupManagement] INFO  server.RaftServerConfigKeys (ConfUtils.java:logGet(46)) - raft.server.log.purge.gap = 1000000 (custom)
2024-02-22 20:33:40,114 [e46a6e51-795f-4801-a523-c45a6c7f2c34-groupManagement] INFO  server.RaftServerConfigKeys (ConfUtils.java:logGet(46)) - raft.server.log.appender.buffer.byte-limit = 8388608 (custom)
2024-02-22 20:33:40,115 [e46a6e51-795f-4801-a523-c45a6c7f2c34-groupManagement] INFO  server.RaftServerConfigKeys (ConfUtils.java:logGet(46)) - raft.server.log.statemachine.data.read.timeout = 1000ms (default)
2024-02-22 20:33:40,115 [e46a6e51-795f-4801-a523-c45a6c7f2c34-groupManagement] INFO  server.RaftServerConfigKeys (ConfUtils.java:logGet(46)) - raft.server.log.purge.preservation.log.num = 0 (default)
2024-02-22 20:33:40,117 [e46a6e51-795f-4801-a523-c45a6c7f2c34-groupManagement] INFO  server.RaftServerConfigKeys (ConfUtils.java:logGet(46)) - raft.server.log.segment.size.max = 67108864 (custom)
2024-02-22 20:33:40,117 [923be64f-71f4-4891-b05d-82ff5a9df5b5-groupManagement] INFO  util.AwaitToRun (AwaitToRun.java:start(81)) - Thread[923be64f-71f4-4891-b05d-82ff5a9df5b5@group-2F189D2772BA-cacheEviction-AwaitToRun,5,main] started
2024-02-22 20:33:40,118 [e46a6e51-795f-4801-a523-c45a6c7f2c34-groupManagement] INFO  server.RaftServerConfigKeys (ConfUtils.java:logGet(46)) - raft.server.log.segment.cache.num.max = 2 (custom)
2024-02-22 20:33:40,118 [e46a6e51-795f-4801-a523-c45a6c7f2c34-groupManagement] INFO  server.RaftServerConfigKeys (ConfUtils.java:logGet(46)) - raft.server.log.segment.cache.size.max = 200MB (=209715200) (default)
2024-02-22 20:33:40,118 [e46a6e51-795f-4801-a523-c45a6c7f2c34-groupManagement] INFO  server.RaftServerConfigKeys (ConfUtils.java:logGet(46)) - raft.server.log.appender.buffer.byte-limit = 8388608 (custom)
2024-02-22 20:33:40,118 [923be64f-71f4-4891-b05d-82ff5a9df5b5-groupManagement] INFO  segmented.SegmentedRaftLogWorker (SegmentedRaftLogWorker.java:<init>(182)) - new 923be64f-71f4-4891-b05d-82ff5a9df5b5@group-2F189D2772BA-SegmentedRaftLogWorker for RaftStorageImpl:Storage Directory /home/runner/work/ozone/ozone/hadoop-ozone/integration-test/target/test-dir/MiniOzoneClusterImpl-a0fc024b-a492-45a5-9697-b0d14f72cb5c/datanode-1/data/ratis/06d574de-a9f9-4ab3-be46-2f189d2772ba
2024-02-22 20:33:40,118 [923be64f-71f4-4891-b05d-82ff5a9df5b5-groupManagement] INFO  server.RaftServerConfigKeys (ConfUtils.java:logGet(46)) - raft.server.log.queue.byte-limit = 4294967296 (custom)
2024-02-22 20:33:40,118 [923be64f-71f4-4891-b05d-82ff5a9df5b5-groupManagement] INFO  server.RaftServerConfigKeys (ConfUtils.java:logGet(46)) - raft.server.log.queue.element-limit = 1024 (custom)
2024-02-22 20:33:40,118 [923be64f-71f4-4891-b05d-82ff5a9df5b5-groupManagement] INFO  server.RaftServerConfigKeys (ConfUtils.java:logGet(46)) - raft.server.log.segment.size.max = 67108864 (custom)
2024-02-22 20:33:40,118 [923be64f-71f4-4891-b05d-82ff5a9df5b5-groupManagement] INFO  server.RaftServerConfigKeys (ConfUtils.java:logGet(46)) - raft.server.log.preallocated.size = 4194304 (custom)
2024-02-22 20:33:40,118 [923be64f-71f4-4891-b05d-82ff5a9df5b5-groupManagement] INFO  server.RaftServerConfigKeys (ConfUtils.java:logGet(46)) - raft.server.log.force.sync.num = 128 (default)
2024-02-22 20:33:40,118 [923be64f-71f4-4891-b05d-82ff5a9df5b5-groupManagement] INFO  server.RaftServerConfigKeys (ConfUtils.java:logGet(46)) - raft.server.log.statemachine.data.sync = true (default)
2024-02-22 20:33:40,118 [923be64f-71f4-4891-b05d-82ff5a9df5b5-groupManagement] INFO  server.RaftServerConfigKeys (ConfUtils.java:logGet(46)) - raft.server.log.statemachine.data.sync.timeout = 10s (default)
2024-02-22 20:33:40,118 [923be64f-71f4-4891-b05d-82ff5a9df5b5-groupManagement] INFO  server.RaftServerConfigKeys (ConfUtils.java:logGet(46)) - raft.server.log.statemachine.data.sync.timeout.retry = 0 (custom)
2024-02-22 20:33:40,119 [923be64f-71f4-4891-b05d-82ff5a9df5b5-groupManagement] INFO  server.RaftServerConfigKeys (ConfUtils.java:logGet(46)) - raft.server.log.write.buffer.size = 8388616 (custom)
2024-02-22 20:33:40,119 [d25dc3b0-28fc-4383-b1a0-617845025f41-groupManagement] INFO  server.RaftServer$Division (RaftServerImpl.java:start(396)) - d25dc3b0-28fc-4383-b1a0-617845025f41@group-2F189D2772BA: start as a follower, conf=-1: peers:[923be64f-71f4-4891-b05d-82ff5a9df5b5|10.1.0.33:15023, e46a6e51-795f-4801-a523-c45a6c7f2c34|10.1.0.33:15014, d25dc3b0-28fc-4383-b1a0-617845025f41|10.1.0.33:15032]|listeners:[], old=null
2024-02-22 20:33:40,119 [d25dc3b0-28fc-4383-b1a0-617845025f41-groupManagement] INFO  server.RaftServer$Division (RaftServerImpl.java:setRole(383)) - d25dc3b0-28fc-4383-b1a0-617845025f41@group-2F189D2772BA: changes role from      null to FOLLOWER at term 0 for startAsFollower
2024-02-22 20:33:40,119 [d25dc3b0-28fc-4383-b1a0-617845025f41-groupManagement] INFO  impl.RoleInfo (RoleInfo.java:updateAndGet(139)) - d25dc3b0-28fc-4383-b1a0-617845025f41: start d25dc3b0-28fc-4383-b1a0-617845025f41@group-2F189D2772BA-FollowerState
2024-02-22 20:33:40,120 [d25dc3b0-28fc-4383-b1a0-617845025f41-groupManagement] INFO  util.JmxRegister (JmxRegister.java:tryRegister(44)) - Successfully registered JMX Bean with object name Ratis:service=RaftServer,group=group-2F189D2772BA,id=d25dc3b0-28fc-4383-b1a0-617845025f41
2024-02-22 20:33:40,120 [d25dc3b0-28fc-4383-b1a0-617845025f41-groupManagement] INFO  server.RaftServerConfigKeys (ConfUtils.java:logGet(46)) - raft.server.snapshot.trigger-when-stop.enabled = true (default)
2024-02-22 20:33:40,120 [d25dc3b0-28fc-4383-b1a0-617845025f41-groupManagement] INFO  server.RaftServerConfigKeys (ConfUtils.java:logGet(46)) - raft.server.snapshot.auto.trigger.enabled = true (custom)
2024-02-22 20:33:40,120 [d25dc3b0-28fc-4383-b1a0-617845025f41-groupManagement] INFO  server.RaftServerConfigKeys (ConfUtils.java:logGet(46)) - raft.server.snapshot.auto.trigger.threshold = 10000 (custom)
2024-02-22 20:33:40,120 [d25dc3b0-28fc-4383-b1a0-617845025f41-groupManagement] INFO  server.RaftServerConfigKeys (ConfUtils.java:logGet(46)) - raft.server.snapshot.retention.file.num = 5 (custom)
2024-02-22 20:33:40,120 [d25dc3b0-28fc-4383-b1a0-617845025f41-groupManagement] INFO  server.RaftServerConfigKeys (ConfUtils.java:logGet(46)) - raft.server.log.purge.upto.snapshot.index = false (default)
2024-02-22 20:33:40,123 [923be64f-71f4-4891-b05d-82ff5a9df5b5-groupManagement] INFO  server.RaftServerConfigKeys (ConfUtils.java:logGet(46)) - raft.server.log.appender.buffer.byte-limit = 8388608 (custom)
2024-02-22 20:33:40,123 [923be64f-71f4-4891-b05d-82ff5a9df5b5-groupManagement] INFO  server.RaftServerConfigKeys (ConfUtils.java:logGet(46)) - raft.server.log.unsafe-flush.enabled = false (default)
2024-02-22 20:33:40,123 [923be64f-71f4-4891-b05d-82ff5a9df5b5-groupManagement] INFO  server.RaftServerConfigKeys (ConfUtils.java:logGet(46)) - raft.server.log.async-flush.enabled = false (default)
2024-02-22 20:33:40,123 [923be64f-71f4-4891-b05d-82ff5a9df5b5-groupManagement] INFO  server.RaftServerConfigKeys (ConfUtils.java:logGet(46)) - raft.server.log.statemachine.data.caching.enabled = true (custom)
2024-02-22 20:33:40,123 [923be64f-71f4-4891-b05d-82ff5a9df5b5-groupManagement] INFO  segmented.SegmentedRaftLogWorker (SegmentedRaftLogWorker.java:lambda$new$0(134)) - 923be64f-71f4-4891-b05d-82ff5a9df5b5@group-2F189D2772BA-SegmentedRaftLogWorker: flushIndex: setUnconditionally 0 -> -1
2024-02-22 20:33:40,123 [923be64f-71f4-4891-b05d-82ff5a9df5b5-groupManagement] INFO  segmented.SegmentedRaftLogWorker (SegmentedRaftLogWorker.java:lambda$new$0(134)) - 923be64f-71f4-4891-b05d-82ff5a9df5b5@group-2F189D2772BA-SegmentedRaftLogWorker: safeCacheEvictIndex: setUnconditionally 0 -> -1
2024-02-22 20:33:40,124 [d25dc3b0-28fc-4383-b1a0-617845025f41@group-2F189D2772BA-FollowerState] INFO  server.RaftServerConfigKeys (ConfUtils.java:logFallback(53)) - raft.server.rpc.first-election.timeout.min = 5s (fallback to raft.server.rpc.timeout.min)
2024-02-22 20:33:40,124 [d25dc3b0-28fc-4383-b1a0-617845025f41@group-2F189D2772BA-FollowerState] INFO  server.RaftServerConfigKeys (ConfUtils.java:logFallback(53)) - raft.server.rpc.first-election.timeout.max = 5200ms (fallback to raft.server.rpc.timeout.max)
2024-02-22 20:33:40,126 [dc26353c-d48a-467d-89cd-3a7c4b626396-PipelineCommandHandlerThread-0] INFO  ratis.XceiverServerRatis (XceiverServerRatis.java:addGroup(864)) - Created group PipelineID=d5bd5305-e788-403f-b58f-dd233808b888
2024-02-22 20:33:40,126 [d25dc3b0-28fc-4383-b1a0-617845025f41-PipelineCommandHandlerThread-0] INFO  ratis.XceiverServerRatis (XceiverServerRatis.java:addGroup(864)) - Created group PipelineID=06d574de-a9f9-4ab3-be46-2f189d2772ba
2024-02-22 20:33:40,131 [86ab988c-fa9c-425d-a1c6-9004ff7fd93d-groupManagement] INFO  server.RaftServerConfigKeys (ConfUtils.java:logGet(46)) - raft.server.rpc.request.timeout = 60s (custom)
2024-02-22 20:33:40,131 [86ab988c-fa9c-425d-a1c6-9004ff7fd93d-groupManagement] INFO  server.RaftServerConfigKeys (ConfUtils.java:logGet(46)) - raft.server.log.appender.install.snapshot.enabled = false (custom)
2024-02-22 20:33:40,132 [86ab988c-fa9c-425d-a1c6-9004ff7fd93d-groupManagement] INFO  server.RaftServerConfigKeys (ConfUtils.java:logGet(46)) - raft.server.threadpool.server.cached = true (default)
2024-02-22 20:33:40,132 [86ab988c-fa9c-425d-a1c6-9004ff7fd93d-groupManagement] INFO  server.RaftServerConfigKeys (ConfUtils.java:logGet(46)) - raft.server.threadpool.server.size = 0 (default)
2024-02-22 20:33:40,132 [86ab988c-fa9c-425d-a1c6-9004ff7fd93d-groupManagement] INFO  server.RaftServerConfigKeys (ConfUtils.java:logGet(46)) - raft.server.threadpool.client.cached = true (default)
2024-02-22 20:33:40,133 [86ab988c-fa9c-425d-a1c6-9004ff7fd93d-groupManagement] INFO  server.RaftServerConfigKeys (ConfUtils.java:logGet(46)) - raft.server.threadpool.client.size = 0 (default)
2024-02-22 20:33:40,133 [86ab988c-fa9c-425d-a1c6-9004ff7fd93d-groupManagement] INFO  server.RaftServerConfigKeys (ConfUtils.java:logGet(46)) - raft.server.storage.free-space.min = 0MB (=0) (default)
2024-02-22 20:33:40,134 [86ab988c-fa9c-425d-a1c6-9004ff7fd93d-groupManagement] INFO  server.RaftServerConfigKeys (ConfUtils.java:logGet(46)) - raft.server.log.corruption.policy = EXCEPTION (default)
2024-02-22 20:33:40,134 [86ab988c-fa9c-425d-a1c6-9004ff7fd93d-groupManagement] INFO  server.RaftServerConfigKeys (ConfUtils.java:logGet(46)) - raft.server.storage.dir = [/home/runner/work/ozone/ozone/hadoop-ozone/integration-test/target/test-dir/MiniOzoneClusterImpl-a0fc024b-a492-45a5-9697-b0d14f72cb5c/datanode-5/data/ratis] (custom)
2024-02-22 20:33:40,134 [86ab988c-fa9c-425d-a1c6-9004ff7fd93d-groupManagement] INFO  storage.RaftStorageDirectory (RaftStorageDirectoryImpl.java:analyzeStorage(138)) - The storage directory /home/runner/work/ozone/ozone/hadoop-ozone/integration-test/target/test-dir/MiniOzoneClusterImpl-a0fc024b-a492-45a5-9697-b0d14f72cb5c/datanode-5/data/ratis/3658265f-c295-4862-ab84-41a8147a3383 does not exist. Creating ...
2024-02-22 20:33:40,135 [923be64f-71f4-4891-b05d-82ff5a9df5b5-groupManagement] INFO  server.RaftServer$Division (RaftServerImpl.java:start(396)) - 923be64f-71f4-4891-b05d-82ff5a9df5b5@group-2F189D2772BA: start as a follower, conf=-1: peers:[923be64f-71f4-4891-b05d-82ff5a9df5b5|10.1.0.33:15023, e46a6e51-795f-4801-a523-c45a6c7f2c34|10.1.0.33:15014, d25dc3b0-28fc-4383-b1a0-617845025f41|10.1.0.33:15032]|listeners:[], old=null
2024-02-22 20:33:40,135 [923be64f-71f4-4891-b05d-82ff5a9df5b5-groupManagement] INFO  server.RaftServer$Division (RaftServerImpl.java:setRole(383)) - 923be64f-71f4-4891-b05d-82ff5a9df5b5@group-2F189D2772BA: changes role from      null to FOLLOWER at term 0 for startAsFollower
2024-02-22 20:33:40,136 [923be64f-71f4-4891-b05d-82ff5a9df5b5-groupManagement] INFO  impl.RoleInfo (RoleInfo.java:updateAndGet(139)) - 923be64f-71f4-4891-b05d-82ff5a9df5b5: start 923be64f-71f4-4891-b05d-82ff5a9df5b5@group-2F189D2772BA-FollowerState
2024-02-22 20:33:40,136 [86ab988c-fa9c-425d-a1c6-9004ff7fd93d-groupManagement] INFO  storage.RaftStorageDirectory (RaftStorageDirectoryImpl.java:tryLock(228)) - Lock on /home/runner/work/ozone/ozone/hadoop-ozone/integration-test/target/test-dir/MiniOzoneClusterImpl-a0fc024b-a492-45a5-9697-b0d14f72cb5c/datanode-5/data/ratis/3658265f-c295-4862-ab84-41a8147a3383/in_use.lock acquired by nodename 30552@fv-az779-213
2024-02-22 20:33:40,137 [86ab988c-fa9c-425d-a1c6-9004ff7fd93d-groupManagement] INFO  storage.RaftStorage (RaftStorageImpl.java:format(99)) - Storage directory /home/runner/work/ozone/ozone/hadoop-ozone/integration-test/target/test-dir/MiniOzoneClusterImpl-a0fc024b-a492-45a5-9697-b0d14f72cb5c/datanode-5/data/ratis/3658265f-c295-4862-ab84-41a8147a3383 has been successfully formatted.
2024-02-22 20:33:40,138 [86ab988c-fa9c-425d-a1c6-9004ff7fd93d-groupManagement] WARN  util.FileUtils (LogUtils.java:supplyAndLog(63)) - Failed to Files.newInputStream /home/runner/work/ozone/ozone/hadoop-ozone/integration-test/target/test-dir/MiniOzoneClusterImpl-a0fc024b-a492-45a5-9697-b0d14f72cb5c/datanode-5/data/ratis/3658265f-c295-4862-ab84-41a8147a3383/current/raft-meta.conf with options []: java.nio.file.NoSuchFileException: /home/runner/work/ozone/ozone/hadoop-ozone/integration-test/target/test-dir/MiniOzoneClusterImpl-a0fc024b-a492-45a5-9697-b0d14f72cb5c/datanode-5/data/ratis/3658265f-c295-4862-ab84-41a8147a3383/current/raft-meta.conf
2024-02-22 20:33:40,142 [e46a6e51-795f-4801-a523-c45a6c7f2c34-groupManagement] INFO  util.AwaitToRun (AwaitToRun.java:start(81)) - Thread[e46a6e51-795f-4801-a523-c45a6c7f2c34@group-2F189D2772BA-cacheEviction-AwaitToRun,5,main] started
2024-02-22 20:33:40,144 [EventQueue-OpenPipelineForHealthyPipelineSafeModeRule] INFO  safemode.SCMSafeModeManager (HealthyPipelineSafeModeRule.java:process(140)) - SCM in safe mode. Healthy pipelines reported count is 0, required healthy pipeline reported count is 1
2024-02-22 20:33:40,150 [923be64f-71f4-4891-b05d-82ff5a9df5b5-groupManagement] INFO  util.JmxRegister (JmxRegister.java:tryRegister(44)) - Successfully registered JMX Bean with object name Ratis:service=RaftServer,group=group-2F189D2772BA,id=923be64f-71f4-4891-b05d-82ff5a9df5b5
2024-02-22 20:33:40,153 [923be64f-71f4-4891-b05d-82ff5a9df5b5-groupManagement] INFO  server.RaftServerConfigKeys (ConfUtils.java:logGet(46)) - raft.server.snapshot.trigger-when-stop.enabled = true (default)
2024-02-22 20:33:40,153 [923be64f-71f4-4891-b05d-82ff5a9df5b5-groupManagement] INFO  server.RaftServerConfigKeys (ConfUtils.java:logGet(46)) - raft.server.snapshot.auto.trigger.enabled = true (custom)
2024-02-22 20:33:40,153 [923be64f-71f4-4891-b05d-82ff5a9df5b5-groupManagement] INFO  server.RaftServerConfigKeys (ConfUtils.java:logGet(46)) - raft.server.snapshot.auto.trigger.threshold = 10000 (custom)
2024-02-22 20:33:40,153 [923be64f-71f4-4891-b05d-82ff5a9df5b5-groupManagement] INFO  server.RaftServerConfigKeys (ConfUtils.java:logGet(46)) - raft.server.snapshot.retention.file.num = 5 (custom)
2024-02-22 20:33:40,153 [923be64f-71f4-4891-b05d-82ff5a9df5b5-groupManagement] INFO  server.RaftServerConfigKeys (ConfUtils.java:logGet(46)) - raft.server.log.purge.upto.snapshot.index = false (default)
2024-02-22 20:33:40,154 [923be64f-71f4-4891-b05d-82ff5a9df5b5@group-2F189D2772BA-FollowerState] INFO  server.RaftServerConfigKeys (ConfUtils.java:logFallback(53)) - raft.server.rpc.first-election.timeout.min = 5s (fallback to raft.server.rpc.timeout.min)
2024-02-22 20:33:40,154 [EventQueue-OpenPipelineForHealthyPipelineSafeModeRule] INFO  safemode.SCMSafeModeManager (HealthyPipelineSafeModeRule.java:process(140)) - SCM in safe mode. Healthy pipelines reported count is 0, required healthy pipeline reported count is 1
2024-02-22 20:33:40,154 [923be64f-71f4-4891-b05d-82ff5a9df5b5@group-2F189D2772BA-FollowerState] INFO  server.RaftServerConfigKeys (ConfUtils.java:logFallback(53)) - raft.server.rpc.first-election.timeout.max = 5200ms (fallback to raft.server.rpc.timeout.max)
2024-02-22 20:33:40,147 [86ab988c-fa9c-425d-a1c6-9004ff7fd93d-groupManagement] INFO  ratis.ContainerStateMachine (ContainerStateMachine.java:loadSnapshot(287)) - group-41A8147A3383: The snapshot info is null. Setting the last applied index to:(t:0, i:~)
2024-02-22 20:33:40,155 [86ab988c-fa9c-425d-a1c6-9004ff7fd93d-groupManagement] INFO  server.RaftServerConfigKeys (ConfUtils.java:logGet(46)) - raft.server.log.use.memory = false (default)
2024-02-22 20:33:40,155 [86ab988c-fa9c-425d-a1c6-9004ff7fd93d-groupManagement] INFO  server.RaftServerConfigKeys (ConfUtils.java:logGet(46)) - raft.server.log.purge.gap = 1000000 (custom)
2024-02-22 20:33:40,155 [86ab988c-fa9c-425d-a1c6-9004ff7fd93d-groupManagement] INFO  server.RaftServerConfigKeys (ConfUtils.java:logGet(46)) - raft.server.log.appender.buffer.byte-limit = 8388608 (custom)
2024-02-22 20:33:40,155 [86ab988c-fa9c-425d-a1c6-9004ff7fd93d-groupManagement] INFO  server.RaftServerConfigKeys (ConfUtils.java:logGet(46)) - raft.server.log.statemachine.data.read.timeout = 1000ms (default)
2024-02-22 20:33:40,156 [86ab988c-fa9c-425d-a1c6-9004ff7fd93d-groupManagement] INFO  server.RaftServerConfigKeys (ConfUtils.java:logGet(46)) - raft.server.log.purge.preservation.log.num = 0 (default)
2024-02-22 20:33:40,145 [e46a6e51-795f-4801-a523-c45a6c7f2c34-groupManagement] INFO  segmented.SegmentedRaftLogWorker (SegmentedRaftLogWorker.java:<init>(182)) - new e46a6e51-795f-4801-a523-c45a6c7f2c34@group-2F189D2772BA-SegmentedRaftLogWorker for RaftStorageImpl:Storage Directory /home/runner/work/ozone/ozone/hadoop-ozone/integration-test/target/test-dir/MiniOzoneClusterImpl-a0fc024b-a492-45a5-9697-b0d14f72cb5c/datanode-0/data/ratis/06d574de-a9f9-4ab3-be46-2f189d2772ba
2024-02-22 20:33:40,156 [e46a6e51-795f-4801-a523-c45a6c7f2c34-groupManagement] INFO  server.RaftServerConfigKeys (ConfUtils.java:logGet(46)) - raft.server.log.queue.byte-limit = 4294967296 (custom)
2024-02-22 20:33:40,156 [e46a6e51-795f-4801-a523-c45a6c7f2c34-groupManagement] INFO  server.RaftServerConfigKeys (ConfUtils.java:logGet(46)) - raft.server.log.queue.element-limit = 1024 (custom)
2024-02-22 20:33:40,157 [e46a6e51-795f-4801-a523-c45a6c7f2c34-groupManagement] INFO  server.RaftServerConfigKeys (ConfUtils.java:logGet(46)) - raft.server.log.segment.size.max = 67108864 (custom)
2024-02-22 20:33:40,157 [e46a6e51-795f-4801-a523-c45a6c7f2c34-groupManagement] INFO  server.RaftServerConfigKeys (ConfUtils.java:logGet(46)) - raft.server.log.preallocated.size = 4194304 (custom)
2024-02-22 20:33:40,157 [e46a6e51-795f-4801-a523-c45a6c7f2c34-groupManagement] INFO  server.RaftServerConfigKeys (ConfUtils.java:logGet(46)) - raft.server.log.force.sync.num = 128 (default)
2024-02-22 20:33:40,157 [e46a6e51-795f-4801-a523-c45a6c7f2c34-groupManagement] INFO  server.RaftServerConfigKeys (ConfUtils.java:logGet(46)) - raft.server.log.statemachine.data.sync = true (default)
2024-02-22 20:33:40,157 [e46a6e51-795f-4801-a523-c45a6c7f2c34-groupManagement] INFO  server.RaftServerConfigKeys (ConfUtils.java:logGet(46)) - raft.server.log.statemachine.data.sync.timeout = 10s (default)
2024-02-22 20:33:40,157 [e46a6e51-795f-4801-a523-c45a6c7f2c34-groupManagement] INFO  server.RaftServerConfigKeys (ConfUtils.java:logGet(46)) - raft.server.log.statemachine.data.sync.timeout.retry = 0 (custom)
2024-02-22 20:33:40,158 [e46a6e51-795f-4801-a523-c45a6c7f2c34-groupManagement] INFO  server.RaftServerConfigKeys (ConfUtils.java:logGet(46)) - raft.server.log.write.buffer.size = 8388616 (custom)
2024-02-22 20:33:40,159 [923be64f-71f4-4891-b05d-82ff5a9df5b5-PipelineCommandHandlerThread-0] INFO  ratis.XceiverServerRatis (XceiverServerRatis.java:addGroup(864)) - Created group PipelineID=06d574de-a9f9-4ab3-be46-2f189d2772ba
2024-02-22 20:33:40,160 [e46a6e51-795f-4801-a523-c45a6c7f2c34-groupManagement] INFO  server.RaftServerConfigKeys (ConfUtils.java:logGet(46)) - raft.server.log.appender.buffer.byte-limit = 8388608 (custom)
2024-02-22 20:33:40,160 [e46a6e51-795f-4801-a523-c45a6c7f2c34-groupManagement] INFO  server.RaftServerConfigKeys (ConfUtils.java:logGet(46)) - raft.server.log.unsafe-flush.enabled = false (default)
2024-02-22 20:33:40,160 [e46a6e51-795f-4801-a523-c45a6c7f2c34-groupManagement] INFO  server.RaftServerConfigKeys (ConfUtils.java:logGet(46)) - raft.server.log.async-flush.enabled = false (default)
2024-02-22 20:33:40,160 [e46a6e51-795f-4801-a523-c45a6c7f2c34-groupManagement] INFO  server.RaftServerConfigKeys (ConfUtils.java:logGet(46)) - raft.server.log.statemachine.data.caching.enabled = true (custom)
2024-02-22 20:33:40,160 [e46a6e51-795f-4801-a523-c45a6c7f2c34-groupManagement] INFO  segmented.SegmentedRaftLogWorker (SegmentedRaftLogWorker.java:lambda$new$0(134)) - e46a6e51-795f-4801-a523-c45a6c7f2c34@group-2F189D2772BA-SegmentedRaftLogWorker: flushIndex: setUnconditionally 0 -> -1
2024-02-22 20:33:40,160 [e46a6e51-795f-4801-a523-c45a6c7f2c34-groupManagement] INFO  segmented.SegmentedRaftLogWorker (SegmentedRaftLogWorker.java:lambda$new$0(134)) - e46a6e51-795f-4801-a523-c45a6c7f2c34@group-2F189D2772BA-SegmentedRaftLogWorker: safeCacheEvictIndex: setUnconditionally 0 -> -1
2024-02-22 20:33:40,162 [e46a6e51-795f-4801-a523-c45a6c7f2c34-groupManagement] INFO  server.RaftServer$Division (RaftServerImpl.java:start(396)) - e46a6e51-795f-4801-a523-c45a6c7f2c34@group-2F189D2772BA: start as a follower, conf=-1: peers:[923be64f-71f4-4891-b05d-82ff5a9df5b5|10.1.0.33:15023, e46a6e51-795f-4801-a523-c45a6c7f2c34|10.1.0.33:15014, d25dc3b0-28fc-4383-b1a0-617845025f41|10.1.0.33:15032]|listeners:[], old=null
2024-02-22 20:33:40,163 [e46a6e51-795f-4801-a523-c45a6c7f2c34-groupManagement] INFO  server.RaftServer$Division (RaftServerImpl.java:setRole(383)) - e46a6e51-795f-4801-a523-c45a6c7f2c34@group-2F189D2772BA: changes role from      null to FOLLOWER at term 0 for startAsFollower
2024-02-22 20:33:40,163 [e46a6e51-795f-4801-a523-c45a6c7f2c34-groupManagement] INFO  impl.RoleInfo (RoleInfo.java:updateAndGet(139)) - e46a6e51-795f-4801-a523-c45a6c7f2c34: start e46a6e51-795f-4801-a523-c45a6c7f2c34@group-2F189D2772BA-FollowerState
2024-02-22 20:33:40,163 [e46a6e51-795f-4801-a523-c45a6c7f2c34-groupManagement] INFO  util.JmxRegister (JmxRegister.java:tryRegister(44)) - Successfully registered JMX Bean with object name Ratis:service=RaftServer,group=group-2F189D2772BA,id=e46a6e51-795f-4801-a523-c45a6c7f2c34
2024-02-22 20:33:40,163 [e46a6e51-795f-4801-a523-c45a6c7f2c34-groupManagement] INFO  server.RaftServerConfigKeys (ConfUtils.java:logGet(46)) - raft.server.snapshot.trigger-when-stop.enabled = true (default)
2024-02-22 20:33:40,163 [86ab988c-fa9c-425d-a1c6-9004ff7fd93d-groupManagement] INFO  server.RaftServerConfigKeys (ConfUtils.java:logGet(46)) - raft.server.log.segment.size.max = 67108864 (custom)
2024-02-22 20:33:40,164 [e46a6e51-795f-4801-a523-c45a6c7f2c34-groupManagement] INFO  server.RaftServerConfigKeys (ConfUtils.java:logGet(46)) - raft.server.snapshot.auto.trigger.enabled = true (custom)
2024-02-22 20:33:40,168 [e46a6e51-795f-4801-a523-c45a6c7f2c34-groupManagement] INFO  server.RaftServerConfigKeys (ConfUtils.java:logGet(46)) - raft.server.snapshot.auto.trigger.threshold = 10000 (custom)
2024-02-22 20:33:40,168 [e46a6e51-795f-4801-a523-c45a6c7f2c34-groupManagement] INFO  server.RaftServerConfigKeys (ConfUtils.java:logGet(46)) - raft.server.snapshot.retention.file.num = 5 (custom)
2024-02-22 20:33:40,168 [e46a6e51-795f-4801-a523-c45a6c7f2c34-groupManagement] INFO  server.RaftServerConfigKeys (ConfUtils.java:logGet(46)) - raft.server.log.purge.upto.snapshot.index = false (default)
2024-02-22 20:33:40,168 [86ab988c-fa9c-425d-a1c6-9004ff7fd93d-groupManagement] INFO  server.RaftServerConfigKeys (ConfUtils.java:logGet(46)) - raft.server.log.segment.cache.num.max = 2 (custom)
2024-02-22 20:33:40,168 [86ab988c-fa9c-425d-a1c6-9004ff7fd93d-groupManagement] INFO  server.RaftServerConfigKeys (ConfUtils.java:logGet(46)) - raft.server.log.segment.cache.size.max = 200MB (=209715200) (default)
2024-02-22 20:33:40,176 [e46a6e51-795f-4801-a523-c45a6c7f2c34@group-2F189D2772BA-FollowerState] INFO  server.RaftServerConfigKeys (ConfUtils.java:logFallback(53)) - raft.server.rpc.first-election.timeout.min = 5s (fallback to raft.server.rpc.timeout.min)
2024-02-22 20:33:40,176 [e46a6e51-795f-4801-a523-c45a6c7f2c34@group-2F189D2772BA-FollowerState] INFO  server.RaftServerConfigKeys (ConfUtils.java:logFallback(53)) - raft.server.rpc.first-election.timeout.max = 5200ms (fallback to raft.server.rpc.timeout.max)
2024-02-22 20:33:40,178 [86ab988c-fa9c-425d-a1c6-9004ff7fd93d-groupManagement] INFO  server.RaftServerConfigKeys (ConfUtils.java:logGet(46)) - raft.server.log.appender.buffer.byte-limit = 8388608 (custom)
2024-02-22 20:33:40,180 [e46a6e51-795f-4801-a523-c45a6c7f2c34-PipelineCommandHandlerThread-0] INFO  ratis.XceiverServerRatis (XceiverServerRatis.java:addGroup(864)) - Created group PipelineID=06d574de-a9f9-4ab3-be46-2f189d2772ba
2024-02-22 20:33:40,183 [86ab988c-fa9c-425d-a1c6-9004ff7fd93d-groupManagement] INFO  util.AwaitToRun (AwaitToRun.java:start(81)) - Thread[86ab988c-fa9c-425d-a1c6-9004ff7fd93d@group-41A8147A3383-cacheEviction-AwaitToRun,5,main] started
2024-02-22 20:33:40,183 [86ab988c-fa9c-425d-a1c6-9004ff7fd93d-groupManagement] INFO  segmented.SegmentedRaftLogWorker (SegmentedRaftLogWorker.java:<init>(182)) - new 86ab988c-fa9c-425d-a1c6-9004ff7fd93d@group-41A8147A3383-SegmentedRaftLogWorker for RaftStorageImpl:Storage Directory /home/runner/work/ozone/ozone/hadoop-ozone/integration-test/target/test-dir/MiniOzoneClusterImpl-a0fc024b-a492-45a5-9697-b0d14f72cb5c/datanode-5/data/ratis/3658265f-c295-4862-ab84-41a8147a3383
2024-02-22 20:33:40,183 [86ab988c-fa9c-425d-a1c6-9004ff7fd93d-groupManagement] INFO  server.RaftServerConfigKeys (ConfUtils.java:logGet(46)) - raft.server.log.queue.byte-limit = 4294967296 (custom)
2024-02-22 20:33:40,183 [86ab988c-fa9c-425d-a1c6-9004ff7fd93d-groupManagement] INFO  server.RaftServerConfigKeys (ConfUtils.java:logGet(46)) - raft.server.log.queue.element-limit = 1024 (custom)
2024-02-22 20:33:40,183 [86ab988c-fa9c-425d-a1c6-9004ff7fd93d-groupManagement] INFO  server.RaftServerConfigKeys (ConfUtils.java:logGet(46)) - raft.server.log.segment.size.max = 67108864 (custom)
2024-02-22 20:33:40,183 [86ab988c-fa9c-425d-a1c6-9004ff7fd93d-groupManagement] INFO  server.RaftServerConfigKeys (ConfUtils.java:logGet(46)) - raft.server.log.preallocated.size = 4194304 (custom)
2024-02-22 20:33:40,183 [86ab988c-fa9c-425d-a1c6-9004ff7fd93d-groupManagement] INFO  server.RaftServerConfigKeys (ConfUtils.java:logGet(46)) - raft.server.log.force.sync.num = 128 (default)
2024-02-22 20:33:40,183 [86ab988c-fa9c-425d-a1c6-9004ff7fd93d-groupManagement] INFO  server.RaftServerConfigKeys (ConfUtils.java:logGet(46)) - raft.server.log.statemachine.data.sync = true (default)
2024-02-22 20:33:40,183 [86ab988c-fa9c-425d-a1c6-9004ff7fd93d-groupManagement] INFO  server.RaftServerConfigKeys (ConfUtils.java:logGet(46)) - raft.server.log.statemachine.data.sync.timeout = 10s (default)
2024-02-22 20:33:40,183 [86ab988c-fa9c-425d-a1c6-9004ff7fd93d-groupManagement] INFO  server.RaftServerConfigKeys (ConfUtils.java:logGet(46)) - raft.server.log.statemachine.data.sync.timeout.retry = 0 (custom)
2024-02-22 20:33:40,184 [86ab988c-fa9c-425d-a1c6-9004ff7fd93d-groupManagement] INFO  server.RaftServerConfigKeys (ConfUtils.java:logGet(46)) - raft.server.log.write.buffer.size = 8388616 (custom)
2024-02-22 20:33:40,187 [86ab988c-fa9c-425d-a1c6-9004ff7fd93d-groupManagement] INFO  server.RaftServerConfigKeys (ConfUtils.java:logGet(46)) - raft.server.log.appender.buffer.byte-limit = 8388608 (custom)
2024-02-22 20:33:40,190 [86ab988c-fa9c-425d-a1c6-9004ff7fd93d-groupManagement] INFO  server.RaftServerConfigKeys (ConfUtils.java:logGet(46)) - raft.server.log.unsafe-flush.enabled = false (default)
2024-02-22 20:33:40,190 [86ab988c-fa9c-425d-a1c6-9004ff7fd93d-groupManagement] INFO  server.RaftServerConfigKeys (ConfUtils.java:logGet(46)) - raft.server.log.async-flush.enabled = false (default)
2024-02-22 20:33:40,190 [86ab988c-fa9c-425d-a1c6-9004ff7fd93d-groupManagement] INFO  server.RaftServerConfigKeys (ConfUtils.java:logGet(46)) - raft.server.log.statemachine.data.caching.enabled = true (custom)
2024-02-22 20:33:40,190 [86ab988c-fa9c-425d-a1c6-9004ff7fd93d-groupManagement] INFO  segmented.SegmentedRaftLogWorker (SegmentedRaftLogWorker.java:lambda$new$0(134)) - 86ab988c-fa9c-425d-a1c6-9004ff7fd93d@group-41A8147A3383-SegmentedRaftLogWorker: flushIndex: setUnconditionally 0 -> -1
2024-02-22 20:33:40,190 [86ab988c-fa9c-425d-a1c6-9004ff7fd93d-groupManagement] INFO  segmented.SegmentedRaftLogWorker (SegmentedRaftLogWorker.java:lambda$new$0(134)) - 86ab988c-fa9c-425d-a1c6-9004ff7fd93d@group-41A8147A3383-SegmentedRaftLogWorker: safeCacheEvictIndex: setUnconditionally 0 -> -1
2024-02-22 20:33:40,195 [86ab988c-fa9c-425d-a1c6-9004ff7fd93d-groupManagement] INFO  server.RaftServer$Division (RaftServerImpl.java:start(396)) - 86ab988c-fa9c-425d-a1c6-9004ff7fd93d@group-41A8147A3383: start as a follower, conf=-1: peers:[86ab988c-fa9c-425d-a1c6-9004ff7fd93d|10.1.0.33:15059]|listeners:[], old=null
2024-02-22 20:33:40,195 [86ab988c-fa9c-425d-a1c6-9004ff7fd93d-groupManagement] INFO  server.RaftServer$Division (RaftServerImpl.java:setRole(383)) - 86ab988c-fa9c-425d-a1c6-9004ff7fd93d@group-41A8147A3383: changes role from      null to FOLLOWER at term 0 for startAsFollower
2024-02-22 20:33:40,195 [86ab988c-fa9c-425d-a1c6-9004ff7fd93d-groupManagement] INFO  impl.RoleInfo (RoleInfo.java:updateAndGet(139)) - 86ab988c-fa9c-425d-a1c6-9004ff7fd93d: start 86ab988c-fa9c-425d-a1c6-9004ff7fd93d@group-41A8147A3383-FollowerState
2024-02-22 20:33:40,201 [86ab988c-fa9c-425d-a1c6-9004ff7fd93d-groupManagement] INFO  util.JmxRegister (JmxRegister.java:tryRegister(44)) - Successfully registered JMX Bean with object name Ratis:service=RaftServer,group=group-41A8147A3383,id=86ab988c-fa9c-425d-a1c6-9004ff7fd93d
2024-02-22 20:33:40,201 [86ab988c-fa9c-425d-a1c6-9004ff7fd93d-groupManagement] INFO  server.RaftServerConfigKeys (ConfUtils.java:logGet(46)) - raft.server.snapshot.trigger-when-stop.enabled = true (default)
2024-02-22 20:33:40,201 [86ab988c-fa9c-425d-a1c6-9004ff7fd93d-groupManagement] INFO  server.RaftServerConfigKeys (ConfUtils.java:logGet(46)) - raft.server.snapshot.auto.trigger.enabled = true (custom)
2024-02-22 20:33:40,201 [86ab988c-fa9c-425d-a1c6-9004ff7fd93d-groupManagement] INFO  server.RaftServerConfigKeys (ConfUtils.java:logGet(46)) - raft.server.snapshot.auto.trigger.threshold = 10000 (custom)
2024-02-22 20:33:40,201 [86ab988c-fa9c-425d-a1c6-9004ff7fd93d-groupManagement] INFO  server.RaftServerConfigKeys (ConfUtils.java:logGet(46)) - raft.server.snapshot.retention.file.num = 5 (custom)
2024-02-22 20:33:40,201 [86ab988c-fa9c-425d-a1c6-9004ff7fd93d-groupManagement] INFO  server.RaftServerConfigKeys (ConfUtils.java:logGet(46)) - raft.server.log.purge.upto.snapshot.index = false (default)
2024-02-22 20:33:40,203 [86ab988c-fa9c-425d-a1c6-9004ff7fd93d@group-41A8147A3383-FollowerState] INFO  server.RaftServerConfigKeys (ConfUtils.java:logFallback(53)) - raft.server.rpc.first-election.timeout.min = 5s (fallback to raft.server.rpc.timeout.min)
2024-02-22 20:33:40,203 [86ab988c-fa9c-425d-a1c6-9004ff7fd93d@group-41A8147A3383-FollowerState] INFO  server.RaftServerConfigKeys (ConfUtils.java:logFallback(53)) - raft.server.rpc.first-election.timeout.max = 5200ms (fallback to raft.server.rpc.timeout.max)
2024-02-22 20:33:40,204 [86ab988c-fa9c-425d-a1c6-9004ff7fd93d-PipelineCommandHandlerThread-0] INFO  ratis.XceiverServerRatis (XceiverServerRatis.java:addGroup(864)) - Created group PipelineID=3658265f-c295-4862-ab84-41a8147a3383
2024-02-22 20:33:40,204 [86ab988c-fa9c-425d-a1c6-9004ff7fd93d-PipelineCommandHandlerThread-0] INFO  commandhandler.CreatePipelineCommandHandler (CreatePipelineCommandHandler.java:lambda$handle$2(124)) - Created Pipeline RATIS ONE PipelineID=3658265f-c295-4862-ab84-41a8147a3383.
2024-02-22 20:33:40,205 [86ab988c-fa9c-425d-a1c6-9004ff7fd93d-PipelineCommandHandlerThread-0] INFO  server.RaftServer (RaftServerProxy.java:addNew(100)) - 86ab988c-fa9c-425d-a1c6-9004ff7fd93d: addNew group-89543CF42D33:[86ab988c-fa9c-425d-a1c6-9004ff7fd93d|10.1.0.33:15059, 4e8f68d6-fd98-4f77-87e3-715939181693|10.1.0.33:15041, dc26353c-d48a-467d-89cd-3a7c4b626396|10.1.0.33:15050] returns group-89543CF42D33:java.util.concurrent.CompletableFuture@5aea5764[Not completed]
2024-02-22 20:33:40,206 [86ab988c-fa9c-425d-a1c6-9004ff7fd93d-groupManagement] INFO  server.RaftServer$Division (RaftServerImpl.java:<init>(256)) - 86ab988c-fa9c-425d-a1c6-9004ff7fd93d: new RaftServerImpl for group-89543CF42D33:[86ab988c-fa9c-425d-a1c6-9004ff7fd93d|10.1.0.33:15059, 4e8f68d6-fd98-4f77-87e3-715939181693|10.1.0.33:15041, dc26353c-d48a-467d-89cd-3a7c4b626396|10.1.0.33:15050] with ContainerStateMachine:uninitialized
2024-02-22 20:33:40,206 [86ab988c-fa9c-425d-a1c6-9004ff7fd93d-groupManagement] INFO  server.RaftServerConfigKeys (ConfUtils.java:logGet(46)) - raft.server.rpc.timeout.min = 5s (custom)
2024-02-22 20:33:40,206 [86ab988c-fa9c-425d-a1c6-9004ff7fd93d-groupManagement] INFO  server.RaftServerConfigKeys (ConfUtils.java:logGet(46)) - raft.server.rpc.timeout.max = 5200ms (custom)
2024-02-22 20:33:40,206 [86ab988c-fa9c-425d-a1c6-9004ff7fd93d-groupManagement] INFO  server.RaftServerConfigKeys (ConfUtils.java:logGet(46)) - raft.server.rpc.sleep.time = 25ms (default)
2024-02-22 20:33:40,206 [86ab988c-fa9c-425d-a1c6-9004ff7fd93d-groupManagement] INFO  server.RaftServerConfigKeys (ConfUtils.java:logGet(46)) - raft.server.rpc.slowness.timeout = 300s (custom)
2024-02-22 20:33:40,206 [86ab988c-fa9c-425d-a1c6-9004ff7fd93d-groupManagement] INFO  server.RaftServerConfigKeys (ConfUtils.java:logGet(46)) - raft.server.leaderelection.leader.step-down.wait-time = 10s (default)
2024-02-22 20:33:40,206 [86ab988c-fa9c-425d-a1c6-9004ff7fd93d-groupManagement] INFO  server.RaftServerConfigKeys (ConfUtils.java:logGet(46)) - raft.server.leaderelection.member.majority-add = false (default)
2024-02-22 20:33:40,206 [86ab988c-fa9c-425d-a1c6-9004ff7fd93d-groupManagement] INFO  server.RaftServerConfigKeys (ConfUtils.java:logGet(46)) - raft.server.sleep.deviation.threshold = 300ms (default)
2024-02-22 20:33:40,206 [86ab988c-fa9c-425d-a1c6-9004ff7fd93d-groupManagement] INFO  server.RaftServer$Division (ServerState.java:<init>(113)) - 86ab988c-fa9c-425d-a1c6-9004ff7fd93d@group-89543CF42D33: ConfigurationManager, init=-1: peers:[86ab988c-fa9c-425d-a1c6-9004ff7fd93d|10.1.0.33:15059, 4e8f68d6-fd98-4f77-87e3-715939181693|10.1.0.33:15041, dc26353c-d48a-467d-89cd-3a7c4b626396|10.1.0.33:15050]|listeners:[], old=null, confs=<EMPTY_MAP>
2024-02-22 20:33:40,206 [86ab988c-fa9c-425d-a1c6-9004ff7fd93d-groupManagement] INFO  server.RaftServerConfigKeys (ConfUtils.java:logGet(46)) - raft.server.notification.no-leader.timeout = 300s (custom)
2024-02-22 20:33:40,207 [86ab988c-fa9c-425d-a1c6-9004ff7fd93d-groupManagement] INFO  server.RaftServerConfigKeys (ConfUtils.java:logGet(46)) - raft.server.read.timeout = 10s (default)
2024-02-22 20:33:40,207 [86ab988c-fa9c-425d-a1c6-9004ff7fd93d-groupManagement] INFO  server.RaftServerConfigKeys (ConfUtils.java:logGet(46)) - raft.server.retrycache.expirytime = 600000ms (custom)
2024-02-22 20:33:40,207 [86ab988c-fa9c-425d-a1c6-9004ff7fd93d-groupManagement] INFO  server.RaftServerConfigKeys (ConfUtils.java:logGet(46)) - raft.server.retrycache.statistics.expirytime = 100ms (default)
2024-02-22 20:33:40,207 [86ab988c-fa9c-425d-a1c6-9004ff7fd93d-groupManagement] INFO  server.RaftServerConfigKeys (ConfUtils.java:logGet(46)) - raft.server.read.option = DEFAULT (default)
2024-02-22 20:33:40,207 [86ab988c-fa9c-425d-a1c6-9004ff7fd93d-groupManagement] INFO  server.RaftServerConfigKeys (ConfUtils.java:logGet(46)) - raft.server.read.read-after-write-consistent.write-index-cache.expiry-time = 60s (default)
2024-02-22 20:33:40,218 [86ab988c-fa9c-425d-a1c6-9004ff7fd93d-groupManagement] INFO  server.RaftServerConfigKeys (ConfUtils.java:logGet(46)) - raft.server.rpc.request.timeout = 60s (custom)
2024-02-22 20:33:40,218 [86ab988c-fa9c-425d-a1c6-9004ff7fd93d-groupManagement] INFO  server.RaftServerConfigKeys (ConfUtils.java:logGet(46)) - raft.server.log.appender.install.snapshot.enabled = false (custom)
2024-02-22 20:33:40,219 [86ab988c-fa9c-425d-a1c6-9004ff7fd93d-groupManagement] INFO  server.RaftServerConfigKeys (ConfUtils.java:logGet(46)) - raft.server.threadpool.server.cached = true (default)
2024-02-22 20:33:40,219 [86ab988c-fa9c-425d-a1c6-9004ff7fd93d-groupManagement] INFO  server.RaftServerConfigKeys (ConfUtils.java:logGet(46)) - raft.server.threadpool.server.size = 0 (default)
2024-02-22 20:33:40,219 [86ab988c-fa9c-425d-a1c6-9004ff7fd93d-groupManagement] INFO  server.RaftServerConfigKeys (ConfUtils.java:logGet(46)) - raft.server.threadpool.client.cached = true (default)
2024-02-22 20:33:40,219 [86ab988c-fa9c-425d-a1c6-9004ff7fd93d-groupManagement] INFO  server.RaftServerConfigKeys (ConfUtils.java:logGet(46)) - raft.server.threadpool.client.size = 0 (default)
2024-02-22 20:33:40,219 [86ab988c-fa9c-425d-a1c6-9004ff7fd93d-groupManagement] INFO  server.RaftServerConfigKeys (ConfUtils.java:logGet(46)) - raft.server.storage.free-space.min = 0MB (=0) (default)
2024-02-22 20:33:40,219 [86ab988c-fa9c-425d-a1c6-9004ff7fd93d-groupManagement] INFO  server.RaftServerConfigKeys (ConfUtils.java:logGet(46)) - raft.server.log.corruption.policy = EXCEPTION (default)
2024-02-22 20:33:40,219 [86ab988c-fa9c-425d-a1c6-9004ff7fd93d-groupManagement] INFO  server.RaftServerConfigKeys (ConfUtils.java:logGet(46)) - raft.server.storage.dir = [/home/runner/work/ozone/ozone/hadoop-ozone/integration-test/target/test-dir/MiniOzoneClusterImpl-a0fc024b-a492-45a5-9697-b0d14f72cb5c/datanode-5/data/ratis] (custom)
2024-02-22 20:33:40,219 [86ab988c-fa9c-425d-a1c6-9004ff7fd93d-groupManagement] INFO  storage.RaftStorageDirectory (RaftStorageDirectoryImpl.java:analyzeStorage(138)) - The storage directory /home/runner/work/ozone/ozone/hadoop-ozone/integration-test/target/test-dir/MiniOzoneClusterImpl-a0fc024b-a492-45a5-9697-b0d14f72cb5c/datanode-5/data/ratis/8e592c52-1f2d-49c6-9232-89543cf42d33 does not exist. Creating ...
2024-02-22 20:33:40,223 [c30fedce-f286-40e0-881d-3d5a9a6e2463-PipelineCommandHandlerThread-0] INFO  server.RaftServer (RaftServerProxy.java:addNew(100)) - c30fedce-f286-40e0-881d-3d5a9a6e2463: addNew group-EA994A47DE23:[c30fedce-f286-40e0-881d-3d5a9a6e2463|10.1.0.33:15068] returns group-EA994A47DE23:java.util.concurrent.CompletableFuture@3e8bdfb[Not completed]
2024-02-22 20:33:40,223 [86ab988c-fa9c-425d-a1c6-9004ff7fd93d-groupManagement] INFO  storage.RaftStorageDirectory (RaftStorageDirectoryImpl.java:tryLock(228)) - Lock on /home/runner/work/ozone/ozone/hadoop-ozone/integration-test/target/test-dir/MiniOzoneClusterImpl-a0fc024b-a492-45a5-9697-b0d14f72cb5c/datanode-5/data/ratis/8e592c52-1f2d-49c6-9232-89543cf42d33/in_use.lock acquired by nodename 30552@fv-az779-213
2024-02-22 20:33:40,224 [86ab988c-fa9c-425d-a1c6-9004ff7fd93d-groupManagement] INFO  storage.RaftStorage (RaftStorageImpl.java:format(99)) - Storage directory /home/runner/work/ozone/ozone/hadoop-ozone/integration-test/target/test-dir/MiniOzoneClusterImpl-a0fc024b-a492-45a5-9697-b0d14f72cb5c/datanode-5/data/ratis/8e592c52-1f2d-49c6-9232-89543cf42d33 has been successfully formatted.
2024-02-22 20:33:40,225 [86ab988c-fa9c-425d-a1c6-9004ff7fd93d-groupManagement] WARN  util.FileUtils (LogUtils.java:supplyAndLog(63)) - Failed to Files.newInputStream /home/runner/work/ozone/ozone/hadoop-ozone/integration-test/target/test-dir/MiniOzoneClusterImpl-a0fc024b-a492-45a5-9697-b0d14f72cb5c/datanode-5/data/ratis/8e592c52-1f2d-49c6-9232-89543cf42d33/current/raft-meta.conf with options []: java.nio.file.NoSuchFileException: /home/runner/work/ozone/ozone/hadoop-ozone/integration-test/target/test-dir/MiniOzoneClusterImpl-a0fc024b-a492-45a5-9697-b0d14f72cb5c/datanode-5/data/ratis/8e592c52-1f2d-49c6-9232-89543cf42d33/current/raft-meta.conf
2024-02-22 20:33:40,226 [c30fedce-f286-40e0-881d-3d5a9a6e2463-groupManagement] INFO  server.RaftServer$Division (RaftServerImpl.java:<init>(256)) - c30fedce-f286-40e0-881d-3d5a9a6e2463: new RaftServerImpl for group-EA994A47DE23:[c30fedce-f286-40e0-881d-3d5a9a6e2463|10.1.0.33:15068] with ContainerStateMachine:uninitialized
2024-02-22 20:33:40,226 [c30fedce-f286-40e0-881d-3d5a9a6e2463-groupManagement] INFO  server.RaftServerConfigKeys (ConfUtils.java:logGet(46)) - raft.server.rpc.timeout.min = 5s (custom)
2024-02-22 20:33:40,231 [c30fedce-f286-40e0-881d-3d5a9a6e2463-groupManagement] INFO  server.RaftServerConfigKeys (ConfUtils.java:logGet(46)) - raft.server.rpc.timeout.max = 5200ms (custom)
2024-02-22 20:33:40,231 [c30fedce-f286-40e0-881d-3d5a9a6e2463-groupManagement] INFO  server.RaftServerConfigKeys (ConfUtils.java:logGet(46)) - raft.server.rpc.sleep.time = 25ms (default)
2024-02-22 20:33:40,231 [c30fedce-f286-40e0-881d-3d5a9a6e2463-groupManagement] INFO  server.RaftServerConfigKeys (ConfUtils.java:logGet(46)) - raft.server.rpc.slowness.timeout = 300s (custom)
2024-02-22 20:33:40,231 [c30fedce-f286-40e0-881d-3d5a9a6e2463-groupManagement] INFO  server.RaftServerConfigKeys (ConfUtils.java:logGet(46)) - raft.server.leaderelection.leader.step-down.wait-time = 10s (default)
2024-02-22 20:33:40,231 [c30fedce-f286-40e0-881d-3d5a9a6e2463-groupManagement] INFO  server.RaftServerConfigKeys (ConfUtils.java:logGet(46)) - raft.server.leaderelection.member.majority-add = false (default)
2024-02-22 20:33:40,231 [c30fedce-f286-40e0-881d-3d5a9a6e2463-groupManagement] INFO  server.RaftServerConfigKeys (ConfUtils.java:logGet(46)) - raft.server.sleep.deviation.threshold = 300ms (default)
2024-02-22 20:33:40,231 [c30fedce-f286-40e0-881d-3d5a9a6e2463-groupManagement] INFO  server.RaftServer$Division (ServerState.java:<init>(113)) - c30fedce-f286-40e0-881d-3d5a9a6e2463@group-EA994A47DE23: ConfigurationManager, init=-1: peers:[c30fedce-f286-40e0-881d-3d5a9a6e2463|10.1.0.33:15068]|listeners:[], old=null, confs=<EMPTY_MAP>
2024-02-22 20:33:40,231 [c30fedce-f286-40e0-881d-3d5a9a6e2463-groupManagement] INFO  server.RaftServerConfigKeys (ConfUtils.java:logGet(46)) - raft.server.notification.no-leader.timeout = 300s (custom)
2024-02-22 20:33:40,232 [c30fedce-f286-40e0-881d-3d5a9a6e2463-groupManagement] INFO  server.RaftServerConfigKeys (ConfUtils.java:logGet(46)) - raft.server.read.timeout = 10s (default)
2024-02-22 20:33:40,232 [c30fedce-f286-40e0-881d-3d5a9a6e2463-groupManagement] INFO  server.RaftServerConfigKeys (ConfUtils.java:logGet(46)) - raft.server.retrycache.expirytime = 600000ms (custom)
2024-02-22 20:33:40,232 [c30fedce-f286-40e0-881d-3d5a9a6e2463-groupManagement] INFO  server.RaftServerConfigKeys (ConfUtils.java:logGet(46)) - raft.server.retrycache.statistics.expirytime = 100ms (default)
2024-02-22 20:33:40,232 [c30fedce-f286-40e0-881d-3d5a9a6e2463-groupManagement] INFO  server.RaftServerConfigKeys (ConfUtils.java:logGet(46)) - raft.server.read.option = DEFAULT (default)
2024-02-22 20:33:40,232 [c30fedce-f286-40e0-881d-3d5a9a6e2463-groupManagement] INFO  server.RaftServerConfigKeys (ConfUtils.java:logGet(46)) - raft.server.read.read-after-write-consistent.write-index-cache.expiry-time = 60s (default)
2024-02-22 20:33:40,235 [86ab988c-fa9c-425d-a1c6-9004ff7fd93d-groupManagement] INFO  ratis.ContainerStateMachine (ContainerStateMachine.java:loadSnapshot(287)) - group-89543CF42D33: The snapshot info is null. Setting the last applied index to:(t:0, i:~)
2024-02-22 20:33:40,235 [86ab988c-fa9c-425d-a1c6-9004ff7fd93d-groupManagement] INFO  server.RaftServerConfigKeys (ConfUtils.java:logGet(46)) - raft.server.log.use.memory = false (default)
2024-02-22 20:33:40,236 [86ab988c-fa9c-425d-a1c6-9004ff7fd93d-groupManagement] INFO  server.RaftServerConfigKeys (ConfUtils.java:logGet(46)) - raft.server.log.purge.gap = 1000000 (custom)
2024-02-22 20:33:40,236 [86ab988c-fa9c-425d-a1c6-9004ff7fd93d-groupManagement] INFO  server.RaftServerConfigKeys (ConfUtils.java:logGet(46)) - raft.server.log.appender.buffer.byte-limit = 8388608 (custom)
2024-02-22 20:33:40,236 [86ab988c-fa9c-425d-a1c6-9004ff7fd93d-groupManagement] INFO  server.RaftServerConfigKeys (ConfUtils.java:logGet(46)) - raft.server.log.statemachine.data.read.timeout = 1000ms (default)
2024-02-22 20:33:40,236 [86ab988c-fa9c-425d-a1c6-9004ff7fd93d-groupManagement] INFO  server.RaftServerConfigKeys (ConfUtils.java:logGet(46)) - raft.server.log.purge.preservation.log.num = 0 (default)
2024-02-22 20:33:40,239 [86ab988c-fa9c-425d-a1c6-9004ff7fd93d-groupManagement] INFO  server.RaftServerConfigKeys (ConfUtils.java:logGet(46)) - raft.server.log.segment.size.max = 67108864 (custom)
2024-02-22 20:33:40,239 [86ab988c-fa9c-425d-a1c6-9004ff7fd93d-groupManagement] INFO  server.RaftServerConfigKeys (ConfUtils.java:logGet(46)) - raft.server.log.segment.cache.num.max = 2 (custom)
2024-02-22 20:33:40,240 [86ab988c-fa9c-425d-a1c6-9004ff7fd93d-groupManagement] INFO  server.RaftServerConfigKeys (ConfUtils.java:logGet(46)) - raft.server.log.segment.cache.size.max = 200MB (=209715200) (default)
2024-02-22 20:33:40,240 [86ab988c-fa9c-425d-a1c6-9004ff7fd93d-groupManagement] INFO  server.RaftServerConfigKeys (ConfUtils.java:logGet(46)) - raft.server.log.appender.buffer.byte-limit = 8388608 (custom)
2024-02-22 20:33:40,246 [86ab988c-fa9c-425d-a1c6-9004ff7fd93d-groupManagement] INFO  util.AwaitToRun (AwaitToRun.java:start(81)) - Thread[86ab988c-fa9c-425d-a1c6-9004ff7fd93d@group-89543CF42D33-cacheEviction-AwaitToRun,5,main] started
2024-02-22 20:33:40,246 [86ab988c-fa9c-425d-a1c6-9004ff7fd93d-groupManagement] INFO  segmented.SegmentedRaftLogWorker (SegmentedRaftLogWorker.java:<init>(182)) - new 86ab988c-fa9c-425d-a1c6-9004ff7fd93d@group-89543CF42D33-SegmentedRaftLogWorker for RaftStorageImpl:Storage Directory /home/runner/work/ozone/ozone/hadoop-ozone/integration-test/target/test-dir/MiniOzoneClusterImpl-a0fc024b-a492-45a5-9697-b0d14f72cb5c/datanode-5/data/ratis/8e592c52-1f2d-49c6-9232-89543cf42d33
2024-02-22 20:33:40,246 [86ab988c-fa9c-425d-a1c6-9004ff7fd93d-groupManagement] INFO  server.RaftServerConfigKeys (ConfUtils.java:logGet(46)) - raft.server.log.queue.byte-limit = 4294967296 (custom)
2024-02-22 20:33:40,246 [86ab988c-fa9c-425d-a1c6-9004ff7fd93d-groupManagement] INFO  server.RaftServerConfigKeys (ConfUtils.java:logGet(46)) - raft.server.log.queue.element-limit = 1024 (custom)
2024-02-22 20:33:40,246 [86ab988c-fa9c-425d-a1c6-9004ff7fd93d-groupManagement] INFO  server.RaftServerConfigKeys (ConfUtils.java:logGet(46)) - raft.server.log.segment.size.max = 67108864 (custom)
2024-02-22 20:33:40,246 [86ab988c-fa9c-425d-a1c6-9004ff7fd93d-groupManagement] INFO  server.RaftServerConfigKeys (ConfUtils.java:logGet(46)) - raft.server.log.preallocated.size = 4194304 (custom)
2024-02-22 20:33:40,246 [86ab988c-fa9c-425d-a1c6-9004ff7fd93d-groupManagement] INFO  server.RaftServerConfigKeys (ConfUtils.java:logGet(46)) - raft.server.log.force.sync.num = 128 (default)
2024-02-22 20:33:40,247 [86ab988c-fa9c-425d-a1c6-9004ff7fd93d-groupManagement] INFO  server.RaftServerConfigKeys (ConfUtils.java:logGet(46)) - raft.server.log.statemachine.data.sync = true (default)
2024-02-22 20:33:40,247 [86ab988c-fa9c-425d-a1c6-9004ff7fd93d-groupManagement] INFO  server.RaftServerConfigKeys (ConfUtils.java:logGet(46)) - raft.server.log.statemachine.data.sync.timeout = 10s (default)
2024-02-22 20:33:40,247 [86ab988c-fa9c-425d-a1c6-9004ff7fd93d-groupManagement] INFO  server.RaftServerConfigKeys (ConfUtils.java:logGet(46)) - raft.server.log.statemachine.data.sync.timeout.retry = 0 (custom)
2024-02-22 20:33:40,247 [EventQueue-OpenPipelineForHealthyPipelineSafeModeRule] INFO  safemode.SCMSafeModeManager (HealthyPipelineSafeModeRule.java:process(140)) - SCM in safe mode. Healthy pipelines reported count is 0, required healthy pipeline reported count is 1
2024-02-22 20:33:40,247 [86ab988c-fa9c-425d-a1c6-9004ff7fd93d-groupManagement] INFO  server.RaftServerConfigKeys (ConfUtils.java:logGet(46)) - raft.server.log.write.buffer.size = 8388616 (custom)
2024-02-22 20:33:40,251 [86ab988c-fa9c-425d-a1c6-9004ff7fd93d-groupManagement] INFO  server.RaftServerConfigKeys (ConfUtils.java:logGet(46)) - raft.server.log.appender.buffer.byte-limit = 8388608 (custom)
2024-02-22 20:33:40,251 [86ab988c-fa9c-425d-a1c6-9004ff7fd93d-groupManagement] INFO  server.RaftServerConfigKeys (ConfUtils.java:logGet(46)) - raft.server.log.unsafe-flush.enabled = false (default)
2024-02-22 20:33:40,251 [86ab988c-fa9c-425d-a1c6-9004ff7fd93d-groupManagement] INFO  server.RaftServerConfigKeys (ConfUtils.java:logGet(46)) - raft.server.log.async-flush.enabled = false (default)
2024-02-22 20:33:40,251 [86ab988c-fa9c-425d-a1c6-9004ff7fd93d-groupManagement] INFO  server.RaftServerConfigKeys (ConfUtils.java:logGet(46)) - raft.server.log.statemachine.data.caching.enabled = true (custom)
2024-02-22 20:33:40,253 [86ab988c-fa9c-425d-a1c6-9004ff7fd93d-groupManagement] INFO  segmented.SegmentedRaftLogWorker (SegmentedRaftLogWorker.java:lambda$new$0(134)) - 86ab988c-fa9c-425d-a1c6-9004ff7fd93d@group-89543CF42D33-SegmentedRaftLogWorker: flushIndex: setUnconditionally 0 -> -1
2024-02-22 20:33:40,253 [86ab988c-fa9c-425d-a1c6-9004ff7fd93d-groupManagement] INFO  segmented.SegmentedRaftLogWorker (SegmentedRaftLogWorker.java:lambda$new$0(134)) - 86ab988c-fa9c-425d-a1c6-9004ff7fd93d@group-89543CF42D33-SegmentedRaftLogWorker: safeCacheEvictIndex: setUnconditionally 0 -> -1
2024-02-22 20:33:40,254 [86ab988c-fa9c-425d-a1c6-9004ff7fd93d-groupManagement] INFO  server.RaftServer$Division (RaftServerImpl.java:start(396)) - 86ab988c-fa9c-425d-a1c6-9004ff7fd93d@group-89543CF42D33: start as a follower, conf=-1: peers:[86ab988c-fa9c-425d-a1c6-9004ff7fd93d|10.1.0.33:15059, 4e8f68d6-fd98-4f77-87e3-715939181693|10.1.0.33:15041, dc26353c-d48a-467d-89cd-3a7c4b626396|10.1.0.33:15050]|listeners:[], old=null
2024-02-22 20:33:40,254 [86ab988c-fa9c-425d-a1c6-9004ff7fd93d-groupManagement] INFO  server.RaftServer$Division (RaftServerImpl.java:setRole(383)) - 86ab988c-fa9c-425d-a1c6-9004ff7fd93d@group-89543CF42D33: changes role from      null to FOLLOWER at term 0 for startAsFollower
2024-02-22 20:33:40,254 [86ab988c-fa9c-425d-a1c6-9004ff7fd93d-groupManagement] INFO  impl.RoleInfo (RoleInfo.java:updateAndGet(139)) - 86ab988c-fa9c-425d-a1c6-9004ff7fd93d: start 86ab988c-fa9c-425d-a1c6-9004ff7fd93d@group-89543CF42D33-FollowerState
2024-02-22 20:33:40,255 [86ab988c-fa9c-425d-a1c6-9004ff7fd93d-groupManagement] INFO  util.JmxRegister (JmxRegister.java:tryRegister(44)) - Successfully registered JMX Bean with object name Ratis:service=RaftServer,group=group-89543CF42D33,id=86ab988c-fa9c-425d-a1c6-9004ff7fd93d
2024-02-22 20:33:40,255 [86ab988c-fa9c-425d-a1c6-9004ff7fd93d-groupManagement] INFO  server.RaftServerConfigKeys (ConfUtils.java:logGet(46)) - raft.server.snapshot.trigger-when-stop.enabled = true (default)
2024-02-22 20:33:40,255 [86ab988c-fa9c-425d-a1c6-9004ff7fd93d-groupManagement] INFO  server.RaftServerConfigKeys (ConfUtils.java:logGet(46)) - raft.server.snapshot.auto.trigger.enabled = true (custom)
2024-02-22 20:33:40,255 [86ab988c-fa9c-425d-a1c6-9004ff7fd93d-groupManagement] INFO  server.RaftServerConfigKeys (ConfUtils.java:logGet(46)) - raft.server.snapshot.auto.trigger.threshold = 10000 (custom)
2024-02-22 20:33:40,255 [86ab988c-fa9c-425d-a1c6-9004ff7fd93d-groupManagement] INFO  server.RaftServerConfigKeys (ConfUtils.java:logGet(46)) - raft.server.snapshot.retention.file.num = 5 (custom)
2024-02-22 20:33:40,255 [86ab988c-fa9c-425d-a1c6-9004ff7fd93d-groupManagement] INFO  server.RaftServerConfigKeys (ConfUtils.java:logGet(46)) - raft.server.log.purge.upto.snapshot.index = false (default)
2024-02-22 20:33:40,256 [86ab988c-fa9c-425d-a1c6-9004ff7fd93d@group-89543CF42D33-FollowerState] INFO  server.RaftServerConfigKeys (ConfUtils.java:logFallback(53)) - raft.server.rpc.first-election.timeout.min = 5s (fallback to raft.server.rpc.timeout.min)
2024-02-22 20:33:40,256 [c30fedce-f286-40e0-881d-3d5a9a6e2463-groupManagement] INFO  server.RaftServerConfigKeys (ConfUtils.java:logGet(46)) - raft.server.rpc.request.timeout = 60s (custom)
2024-02-22 20:33:40,257 [c30fedce-f286-40e0-881d-3d5a9a6e2463-groupManagement] INFO  server.RaftServerConfigKeys (ConfUtils.java:logGet(46)) - raft.server.log.appender.install.snapshot.enabled = false (custom)
2024-02-22 20:33:40,257 [c30fedce-f286-40e0-881d-3d5a9a6e2463-groupManagement] INFO  server.RaftServerConfigKeys (ConfUtils.java:logGet(46)) - raft.server.threadpool.server.cached = true (default)
2024-02-22 20:33:40,257 [c30fedce-f286-40e0-881d-3d5a9a6e2463-groupManagement] INFO  server.RaftServerConfigKeys (ConfUtils.java:logGet(46)) - raft.server.threadpool.server.size = 0 (default)
2024-02-22 20:33:40,257 [c30fedce-f286-40e0-881d-3d5a9a6e2463-groupManagement] INFO  server.RaftServerConfigKeys (ConfUtils.java:logGet(46)) - raft.server.threadpool.client.cached = true (default)
2024-02-22 20:33:40,257 [c30fedce-f286-40e0-881d-3d5a9a6e2463-groupManagement] INFO  server.RaftServerConfigKeys (ConfUtils.java:logGet(46)) - raft.server.threadpool.client.size = 0 (default)
2024-02-22 20:33:40,257 [86ab988c-fa9c-425d-a1c6-9004ff7fd93d-PipelineCommandHandlerThread-0] INFO  ratis.XceiverServerRatis (XceiverServerRatis.java:addGroup(864)) - Created group PipelineID=8e592c52-1f2d-49c6-9232-89543cf42d33
2024-02-22 20:33:40,257 [86ab988c-fa9c-425d-a1c6-9004ff7fd93d@group-89543CF42D33-FollowerState] INFO  server.RaftServerConfigKeys (ConfUtils.java:logFallback(53)) - raft.server.rpc.first-election.timeout.max = 5200ms (fallback to raft.server.rpc.timeout.max)
2024-02-22 20:33:40,271 [4e8f68d6-fd98-4f77-87e3-715939181693-PipelineCommandHandlerThread-0] INFO  commandhandler.CreatePipelineCommandHandler (CreatePipelineCommandHandler.java:lambda$handle$2(124)) - Created Pipeline RATIS THREE PipelineID=d5bd5305-e788-403f-b58f-dd233808b888.
2024-02-22 20:33:40,273 [4e8f68d6-fd98-4f77-87e3-715939181693-PipelineCommandHandlerThread-0] INFO  server.RaftServer (RaftServerProxy.java:addNew(100)) - 4e8f68d6-fd98-4f77-87e3-715939181693: addNew group-89543CF42D33:[86ab988c-fa9c-425d-a1c6-9004ff7fd93d|10.1.0.33:15059, 4e8f68d6-fd98-4f77-87e3-715939181693|10.1.0.33:15041, dc26353c-d48a-467d-89cd-3a7c4b626396|10.1.0.33:15050] returns group-89543CF42D33:java.util.concurrent.CompletableFuture@9eceb4[Not completed]
2024-02-22 20:33:40,257 [c30fedce-f286-40e0-881d-3d5a9a6e2463-groupManagement] INFO  server.RaftServerConfigKeys (ConfUtils.java:logGet(46)) - raft.server.storage.free-space.min = 0MB (=0) (default)
2024-02-22 20:33:40,273 [c30fedce-f286-40e0-881d-3d5a9a6e2463-groupManagement] INFO  server.RaftServerConfigKeys (ConfUtils.java:logGet(46)) - raft.server.log.corruption.policy = EXCEPTION (default)
2024-02-22 20:33:40,273 [c30fedce-f286-40e0-881d-3d5a9a6e2463-groupManagement] INFO  server.RaftServerConfigKeys (ConfUtils.java:logGet(46)) - raft.server.storage.dir = [/home/runner/work/ozone/ozone/hadoop-ozone/integration-test/target/test-dir/MiniOzoneClusterImpl-a0fc024b-a492-45a5-9697-b0d14f72cb5c/datanode-6/data/ratis] (custom)
2024-02-22 20:33:40,274 [c30fedce-f286-40e0-881d-3d5a9a6e2463-groupManagement] INFO  storage.RaftStorageDirectory (RaftStorageDirectoryImpl.java:analyzeStorage(138)) - The storage directory /home/runner/work/ozone/ozone/hadoop-ozone/integration-test/target/test-dir/MiniOzoneClusterImpl-a0fc024b-a492-45a5-9697-b0d14f72cb5c/datanode-6/data/ratis/16bbfbff-f11d-450e-97a4-ea994a47de23 does not exist. Creating ...
2024-02-22 20:33:40,274 [4e8f68d6-fd98-4f77-87e3-715939181693-groupManagement] INFO  server.RaftServer$Division (RaftServerImpl.java:<init>(256)) - 4e8f68d6-fd98-4f77-87e3-715939181693: new RaftServerImpl for group-89543CF42D33:[86ab988c-fa9c-425d-a1c6-9004ff7fd93d|10.1.0.33:15059, 4e8f68d6-fd98-4f77-87e3-715939181693|10.1.0.33:15041, dc26353c-d48a-467d-89cd-3a7c4b626396|10.1.0.33:15050] with ContainerStateMachine:uninitialized
2024-02-22 20:33:40,275 [4e8f68d6-fd98-4f77-87e3-715939181693-groupManagement] INFO  server.RaftServerConfigKeys (ConfUtils.java:logGet(46)) - raft.server.rpc.timeout.min = 5s (custom)
2024-02-22 20:33:40,275 [4e8f68d6-fd98-4f77-87e3-715939181693-groupManagement] INFO  server.RaftServerConfigKeys (ConfUtils.java:logGet(46)) - raft.server.rpc.timeout.max = 5200ms (custom)
2024-02-22 20:33:40,275 [4e8f68d6-fd98-4f77-87e3-715939181693-groupManagement] INFO  server.RaftServerConfigKeys (ConfUtils.java:logGet(46)) - raft.server.rpc.sleep.time = 25ms (default)
2024-02-22 20:33:40,275 [4e8f68d6-fd98-4f77-87e3-715939181693-groupManagement] INFO  server.RaftServerConfigKeys (ConfUtils.java:logGet(46)) - raft.server.rpc.slowness.timeout = 300s (custom)
2024-02-22 20:33:40,275 [4e8f68d6-fd98-4f77-87e3-715939181693-groupManagement] INFO  server.RaftServerConfigKeys (ConfUtils.java:logGet(46)) - raft.server.leaderelection.leader.step-down.wait-time = 10s (default)
2024-02-22 20:33:40,275 [4e8f68d6-fd98-4f77-87e3-715939181693-groupManagement] INFO  server.RaftServerConfigKeys (ConfUtils.java:logGet(46)) - raft.server.leaderelection.member.majority-add = false (default)
2024-02-22 20:33:40,275 [4e8f68d6-fd98-4f77-87e3-715939181693-groupManagement] INFO  server.RaftServerConfigKeys (ConfUtils.java:logGet(46)) - raft.server.sleep.deviation.threshold = 300ms (default)
2024-02-22 20:33:40,275 [4e8f68d6-fd98-4f77-87e3-715939181693-groupManagement] INFO  server.RaftServer$Division (ServerState.java:<init>(113)) - 4e8f68d6-fd98-4f77-87e3-715939181693@group-89543CF42D33: ConfigurationManager, init=-1: peers:[86ab988c-fa9c-425d-a1c6-9004ff7fd93d|10.1.0.33:15059, 4e8f68d6-fd98-4f77-87e3-715939181693|10.1.0.33:15041, dc26353c-d48a-467d-89cd-3a7c4b626396|10.1.0.33:15050]|listeners:[], old=null, confs=<EMPTY_MAP>
2024-02-22 20:33:40,275 [c30fedce-f286-40e0-881d-3d5a9a6e2463-groupManagement] INFO  storage.RaftStorageDirectory (RaftStorageDirectoryImpl.java:tryLock(228)) - Lock on /home/runner/work/ozone/ozone/hadoop-ozone/integration-test/target/test-dir/MiniOzoneClusterImpl-a0fc024b-a492-45a5-9697-b0d14f72cb5c/datanode-6/data/ratis/16bbfbff-f11d-450e-97a4-ea994a47de23/in_use.lock acquired by nodename 30552@fv-az779-213
2024-02-22 20:33:40,275 [4e8f68d6-fd98-4f77-87e3-715939181693-groupManagement] INFO  server.RaftServerConfigKeys (ConfUtils.java:logGet(46)) - raft.server.notification.no-leader.timeout = 300s (custom)
2024-02-22 20:33:40,276 [4e8f68d6-fd98-4f77-87e3-715939181693-groupManagement] INFO  server.RaftServerConfigKeys (ConfUtils.java:logGet(46)) - raft.server.read.timeout = 10s (default)
2024-02-22 20:33:40,276 [4e8f68d6-fd98-4f77-87e3-715939181693-groupManagement] INFO  server.RaftServerConfigKeys (ConfUtils.java:logGet(46)) - raft.server.retrycache.expirytime = 600000ms (custom)
2024-02-22 20:33:40,276 [4e8f68d6-fd98-4f77-87e3-715939181693-groupManagement] INFO  server.RaftServerConfigKeys (ConfUtils.java:logGet(46)) - raft.server.retrycache.statistics.expirytime = 100ms (default)
2024-02-22 20:33:40,276 [4e8f68d6-fd98-4f77-87e3-715939181693-groupManagement] INFO  server.RaftServerConfigKeys (ConfUtils.java:logGet(46)) - raft.server.read.option = DEFAULT (default)
2024-02-22 20:33:40,276 [4e8f68d6-fd98-4f77-87e3-715939181693-groupManagement] INFO  server.RaftServerConfigKeys (ConfUtils.java:logGet(46)) - raft.server.read.read-after-write-consistent.write-index-cache.expiry-time = 60s (default)
2024-02-22 20:33:40,276 [c30fedce-f286-40e0-881d-3d5a9a6e2463-groupManagement] INFO  storage.RaftStorage (RaftStorageImpl.java:format(99)) - Storage directory /home/runner/work/ozone/ozone/hadoop-ozone/integration-test/target/test-dir/MiniOzoneClusterImpl-a0fc024b-a492-45a5-9697-b0d14f72cb5c/datanode-6/data/ratis/16bbfbff-f11d-450e-97a4-ea994a47de23 has been successfully formatted.
2024-02-22 20:33:40,278 [c30fedce-f286-40e0-881d-3d5a9a6e2463-groupManagement] WARN  util.FileUtils (LogUtils.java:supplyAndLog(63)) - Failed to Files.newInputStream /home/runner/work/ozone/ozone/hadoop-ozone/integration-test/target/test-dir/MiniOzoneClusterImpl-a0fc024b-a492-45a5-9697-b0d14f72cb5c/datanode-6/data/ratis/16bbfbff-f11d-450e-97a4-ea994a47de23/current/raft-meta.conf with options []: java.nio.file.NoSuchFileException: /home/runner/work/ozone/ozone/hadoop-ozone/integration-test/target/test-dir/MiniOzoneClusterImpl-a0fc024b-a492-45a5-9697-b0d14f72cb5c/datanode-6/data/ratis/16bbfbff-f11d-450e-97a4-ea994a47de23/current/raft-meta.conf
2024-02-22 20:33:40,278 [c30fedce-f286-40e0-881d-3d5a9a6e2463-groupManagement] INFO  ratis.ContainerStateMachine (ContainerStateMachine.java:loadSnapshot(287)) - group-EA994A47DE23: The snapshot info is null. Setting the last applied index to:(t:0, i:~)
2024-02-22 20:33:40,278 [c30fedce-f286-40e0-881d-3d5a9a6e2463-groupManagement] INFO  server.RaftServerConfigKeys (ConfUtils.java:logGet(46)) - raft.server.log.use.memory = false (default)
2024-02-22 20:33:40,279 [c30fedce-f286-40e0-881d-3d5a9a6e2463-groupManagement] INFO  server.RaftServerConfigKeys (ConfUtils.java:logGet(46)) - raft.server.log.purge.gap = 1000000 (custom)
2024-02-22 20:33:40,279 [c30fedce-f286-40e0-881d-3d5a9a6e2463-groupManagement] INFO  server.RaftServerConfigKeys (ConfUtils.java:logGet(46)) - raft.server.log.appender.buffer.byte-limit = 8388608 (custom)
2024-02-22 20:33:40,279 [c30fedce-f286-40e0-881d-3d5a9a6e2463-groupManagement] INFO  server.RaftServerConfigKeys (ConfUtils.java:logGet(46)) - raft.server.log.statemachine.data.read.timeout = 1000ms (default)
2024-02-22 20:33:40,279 [c30fedce-f286-40e0-881d-3d5a9a6e2463-groupManagement] INFO  server.RaftServerConfigKeys (ConfUtils.java:logGet(46)) - raft.server.log.purge.preservation.log.num = 0 (default)
2024-02-22 20:33:40,287 [EventQueue-OpenPipelineForHealthyPipelineSafeModeRule] INFO  safemode.SCMSafeModeManager (HealthyPipelineSafeModeRule.java:process(140)) - SCM in safe mode. Healthy pipelines reported count is 0, required healthy pipeline reported count is 1
2024-02-22 20:33:40,298 [923be64f-71f4-4891-b05d-82ff5a9df5b5-PipelineCommandHandlerThread-0] INFO  commandhandler.CreatePipelineCommandHandler (CreatePipelineCommandHandler.java:lambda$handle$2(124)) - Created Pipeline RATIS THREE PipelineID=06d574de-a9f9-4ab3-be46-2f189d2772ba.
2024-02-22 20:33:40,299 [923be64f-71f4-4891-b05d-82ff5a9df5b5-PipelineCommandHandlerThread-0] INFO  server.RaftServer (RaftServerProxy.java:addNew(100)) - 923be64f-71f4-4891-b05d-82ff5a9df5b5: addNew group-26EAFC745620:[923be64f-71f4-4891-b05d-82ff5a9df5b5|10.1.0.33:15023] returns group-26EAFC745620:java.util.concurrent.CompletableFuture@387e4ca4[Not completed]
2024-02-22 20:33:40,302 [923be64f-71f4-4891-b05d-82ff5a9df5b5-groupManagement] INFO  server.RaftServer$Division (RaftServerImpl.java:<init>(256)) - 923be64f-71f4-4891-b05d-82ff5a9df5b5: new RaftServerImpl for group-26EAFC745620:[923be64f-71f4-4891-b05d-82ff5a9df5b5|10.1.0.33:15023] with ContainerStateMachine:uninitialized
2024-02-22 20:33:40,302 [923be64f-71f4-4891-b05d-82ff5a9df5b5-groupManagement] INFO  server.RaftServerConfigKeys (ConfUtils.java:logGet(46)) - raft.server.rpc.timeout.min = 5s (custom)
2024-02-22 20:33:40,302 [923be64f-71f4-4891-b05d-82ff5a9df5b5-groupManagement] INFO  server.RaftServerConfigKeys (ConfUtils.java:logGet(46)) - raft.server.rpc.timeout.max = 5200ms (custom)
2024-02-22 20:33:40,302 [923be64f-71f4-4891-b05d-82ff5a9df5b5-groupManagement] INFO  server.RaftServerConfigKeys (ConfUtils.java:logGet(46)) - raft.server.rpc.sleep.time = 25ms (default)
2024-02-22 20:33:40,302 [923be64f-71f4-4891-b05d-82ff5a9df5b5-groupManagement] INFO  server.RaftServerConfigKeys (ConfUtils.java:logGet(46)) - raft.server.rpc.slowness.timeout = 300s (custom)
2024-02-22 20:33:40,302 [923be64f-71f4-4891-b05d-82ff5a9df5b5-groupManagement] INFO  server.RaftServerConfigKeys (ConfUtils.java:logGet(46)) - raft.server.leaderelection.leader.step-down.wait-time = 10s (default)
2024-02-22 20:33:40,303 [923be64f-71f4-4891-b05d-82ff5a9df5b5-groupManagement] INFO  server.RaftServerConfigKeys (ConfUtils.java:logGet(46)) - raft.server.leaderelection.member.majority-add = false (default)
2024-02-22 20:33:40,303 [923be64f-71f4-4891-b05d-82ff5a9df5b5-groupManagement] INFO  server.RaftServerConfigKeys (ConfUtils.java:logGet(46)) - raft.server.sleep.deviation.threshold = 300ms (default)
2024-02-22 20:33:40,303 [923be64f-71f4-4891-b05d-82ff5a9df5b5-groupManagement] INFO  server.RaftServer$Division (ServerState.java:<init>(113)) - 923be64f-71f4-4891-b05d-82ff5a9df5b5@group-26EAFC745620: ConfigurationManager, init=-1: peers:[923be64f-71f4-4891-b05d-82ff5a9df5b5|10.1.0.33:15023]|listeners:[], old=null, confs=<EMPTY_MAP>
2024-02-22 20:33:40,303 [923be64f-71f4-4891-b05d-82ff5a9df5b5-groupManagement] INFO  server.RaftServerConfigKeys (ConfUtils.java:logGet(46)) - raft.server.notification.no-leader.timeout = 300s (custom)
2024-02-22 20:33:40,303 [923be64f-71f4-4891-b05d-82ff5a9df5b5-groupManagement] INFO  server.RaftServerConfigKeys (ConfUtils.java:logGet(46)) - raft.server.read.timeout = 10s (default)
2024-02-22 20:33:40,303 [923be64f-71f4-4891-b05d-82ff5a9df5b5-groupManagement] INFO  server.RaftServerConfigKeys (ConfUtils.java:logGet(46)) - raft.server.retrycache.expirytime = 600000ms (custom)
2024-02-22 20:33:40,303 [923be64f-71f4-4891-b05d-82ff5a9df5b5-groupManagement] INFO  server.RaftServerConfigKeys (ConfUtils.java:logGet(46)) - raft.server.retrycache.statistics.expirytime = 100ms (default)
2024-02-22 20:33:40,303 [923be64f-71f4-4891-b05d-82ff5a9df5b5-groupManagement] INFO  server.RaftServerConfigKeys (ConfUtils.java:logGet(46)) - raft.server.read.option = DEFAULT (default)
2024-02-22 20:33:40,303 [923be64f-71f4-4891-b05d-82ff5a9df5b5-groupManagement] INFO  server.RaftServerConfigKeys (ConfUtils.java:logGet(46)) - raft.server.read.read-after-write-consistent.write-index-cache.expiry-time = 60s (default)
2024-02-22 20:33:40,313 [grpc-default-executor-3] INFO  server.RaftServer (RaftServerProxy.java:addNew(100)) - dc26353c-d48a-467d-89cd-3a7c4b626396: addNew group-89543CF42D33:[86ab988c-fa9c-425d-a1c6-9004ff7fd93d|10.1.0.33:15059, 4e8f68d6-fd98-4f77-87e3-715939181693|10.1.0.33:15041, dc26353c-d48a-467d-89cd-3a7c4b626396|10.1.0.33:15050] returns group-89543CF42D33:java.util.concurrent.CompletableFuture@5e8e162d[Not completed]
2024-02-22 20:33:40,316 [dc26353c-d48a-467d-89cd-3a7c4b626396-groupManagement] INFO  server.RaftServer$Division (RaftServerImpl.java:<init>(256)) - dc26353c-d48a-467d-89cd-3a7c4b626396: new RaftServerImpl for group-89543CF42D33:[86ab988c-fa9c-425d-a1c6-9004ff7fd93d|10.1.0.33:15059, 4e8f68d6-fd98-4f77-87e3-715939181693|10.1.0.33:15041, dc26353c-d48a-467d-89cd-3a7c4b626396|10.1.0.33:15050] with ContainerStateMachine:uninitialized
2024-02-22 20:33:40,316 [dc26353c-d48a-467d-89cd-3a7c4b626396-groupManagement] INFO  server.RaftServerConfigKeys (ConfUtils.java:logGet(46)) - raft.server.rpc.timeout.min = 5s (custom)
2024-02-22 20:33:40,316 [dc26353c-d48a-467d-89cd-3a7c4b626396-groupManagement] INFO  server.RaftServerConfigKeys (ConfUtils.java:logGet(46)) - raft.server.rpc.timeout.max = 5200ms (custom)
2024-02-22 20:33:40,316 [dc26353c-d48a-467d-89cd-3a7c4b626396-groupManagement] INFO  server.RaftServerConfigKeys (ConfUtils.java:logGet(46)) - raft.server.rpc.sleep.time = 25ms (default)
2024-02-22 20:33:40,316 [dc26353c-d48a-467d-89cd-3a7c4b626396-groupManagement] INFO  server.RaftServerConfigKeys (ConfUtils.java:logGet(46)) - raft.server.rpc.slowness.timeout = 300s (custom)
2024-02-22 20:33:40,316 [dc26353c-d48a-467d-89cd-3a7c4b626396-groupManagement] INFO  server.RaftServerConfigKeys (ConfUtils.java:logGet(46)) - raft.server.leaderelection.leader.step-down.wait-time = 10s (default)
2024-02-22 20:33:40,316 [dc26353c-d48a-467d-89cd-3a7c4b626396-groupManagement] INFO  server.RaftServerConfigKeys (ConfUtils.java:logGet(46)) - raft.server.leaderelection.member.majority-add = false (default)
2024-02-22 20:33:40,316 [dc26353c-d48a-467d-89cd-3a7c4b626396-groupManagement] INFO  server.RaftServerConfigKeys (ConfUtils.java:logGet(46)) - raft.server.sleep.deviation.threshold = 300ms (default)
2024-02-22 20:33:40,316 [dc26353c-d48a-467d-89cd-3a7c4b626396-groupManagement] INFO  server.RaftServer$Division (ServerState.java:<init>(113)) - dc26353c-d48a-467d-89cd-3a7c4b626396@group-89543CF42D33: ConfigurationManager, init=-1: peers:[86ab988c-fa9c-425d-a1c6-9004ff7fd93d|10.1.0.33:15059, 4e8f68d6-fd98-4f77-87e3-715939181693|10.1.0.33:15041, dc26353c-d48a-467d-89cd-3a7c4b626396|10.1.0.33:15050]|listeners:[], old=null, confs=<EMPTY_MAP>
2024-02-22 20:33:40,316 [dc26353c-d48a-467d-89cd-3a7c4b626396-groupManagement] INFO  server.RaftServerConfigKeys (ConfUtils.java:logGet(46)) - raft.server.notification.no-leader.timeout = 300s (custom)
2024-02-22 20:33:40,316 [dc26353c-d48a-467d-89cd-3a7c4b626396-groupManagement] INFO  server.RaftServerConfigKeys (ConfUtils.java:logGet(46)) - raft.server.read.timeout = 10s (default)
2024-02-22 20:33:40,316 [dc26353c-d48a-467d-89cd-3a7c4b626396-groupManagement] INFO  server.RaftServerConfigKeys (ConfUtils.java:logGet(46)) - raft.server.retrycache.expirytime = 600000ms (custom)
2024-02-22 20:33:40,316 [dc26353c-d48a-467d-89cd-3a7c4b626396-groupManagement] INFO  server.RaftServerConfigKeys (ConfUtils.java:logGet(46)) - raft.server.retrycache.statistics.expirytime = 100ms (default)
2024-02-22 20:33:40,317 [dc26353c-d48a-467d-89cd-3a7c4b626396-groupManagement] INFO  server.RaftServerConfigKeys (ConfUtils.java:logGet(46)) - raft.server.read.option = DEFAULT (default)
2024-02-22 20:33:40,317 [dc26353c-d48a-467d-89cd-3a7c4b626396-groupManagement] INFO  server.RaftServerConfigKeys (ConfUtils.java:logGet(46)) - raft.server.read.read-after-write-consistent.write-index-cache.expiry-time = 60s (default)
2024-02-22 20:33:40,325 [13f92446-3b18-4d81-bc66-0f9b00220e72-PipelineCommandHandlerThread-0] INFO  server.RaftServer (RaftServerProxy.java:addNew(100)) - 13f92446-3b18-4d81-bc66-0f9b00220e72: addNew group-EF19AB1BE06F:[13f92446-3b18-4d81-bc66-0f9b00220e72|10.1.0.33:15077] returns group-EF19AB1BE06F:java.util.concurrent.CompletableFuture@319b2fc4[Not completed]
2024-02-22 20:33:40,326 [d25dc3b0-28fc-4383-b1a0-617845025f41-PipelineCommandHandlerThread-0] INFO  commandhandler.CreatePipelineCommandHandler (CreatePipelineCommandHandler.java:lambda$handle$2(124)) - Created Pipeline RATIS THREE PipelineID=06d574de-a9f9-4ab3-be46-2f189d2772ba.
2024-02-22 20:33:40,327 [d25dc3b0-28fc-4383-b1a0-617845025f41-PipelineCommandHandlerThread-0] INFO  server.RaftServer (RaftServerProxy.java:addNew(100)) - d25dc3b0-28fc-4383-b1a0-617845025f41: addNew group-3075FEAC11D2:[d25dc3b0-28fc-4383-b1a0-617845025f41|10.1.0.33:15032] returns group-3075FEAC11D2:java.util.concurrent.CompletableFuture@36458c5b[Not completed]
2024-02-22 20:33:40,328 [d25dc3b0-28fc-4383-b1a0-617845025f41-groupManagement] INFO  server.RaftServer$Division (RaftServerImpl.java:<init>(256)) - d25dc3b0-28fc-4383-b1a0-617845025f41: new RaftServerImpl for group-3075FEAC11D2:[d25dc3b0-28fc-4383-b1a0-617845025f41|10.1.0.33:15032] with ContainerStateMachine:uninitialized
2024-02-22 20:33:40,328 [d25dc3b0-28fc-4383-b1a0-617845025f41-groupManagement] INFO  server.RaftServerConfigKeys (ConfUtils.java:logGet(46)) - raft.server.rpc.timeout.min = 5s (custom)
2024-02-22 20:33:40,329 [d25dc3b0-28fc-4383-b1a0-617845025f41-groupManagement] INFO  server.RaftServerConfigKeys (ConfUtils.java:logGet(46)) - raft.server.rpc.timeout.max = 5200ms (custom)
2024-02-22 20:33:40,329 [d25dc3b0-28fc-4383-b1a0-617845025f41-groupManagement] INFO  server.RaftServerConfigKeys (ConfUtils.java:logGet(46)) - raft.server.rpc.sleep.time = 25ms (default)
2024-02-22 20:33:40,329 [d25dc3b0-28fc-4383-b1a0-617845025f41-groupManagement] INFO  server.RaftServerConfigKeys (ConfUtils.java:logGet(46)) - raft.server.rpc.slowness.timeout = 300s (custom)
2024-02-22 20:33:40,329 [d25dc3b0-28fc-4383-b1a0-617845025f41-groupManagement] INFO  server.RaftServerConfigKeys (ConfUtils.java:logGet(46)) - raft.server.leaderelection.leader.step-down.wait-time = 10s (default)
2024-02-22 20:33:40,329 [d25dc3b0-28fc-4383-b1a0-617845025f41-groupManagement] INFO  server.RaftServerConfigKeys (ConfUtils.java:logGet(46)) - raft.server.leaderelection.member.majority-add = false (default)
2024-02-22 20:33:40,329 [d25dc3b0-28fc-4383-b1a0-617845025f41-groupManagement] INFO  server.RaftServerConfigKeys (ConfUtils.java:logGet(46)) - raft.server.sleep.deviation.threshold = 300ms (default)
2024-02-22 20:33:40,329 [d25dc3b0-28fc-4383-b1a0-617845025f41-groupManagement] INFO  server.RaftServer$Division (ServerState.java:<init>(113)) - d25dc3b0-28fc-4383-b1a0-617845025f41@group-3075FEAC11D2: ConfigurationManager, init=-1: peers:[d25dc3b0-28fc-4383-b1a0-617845025f41|10.1.0.33:15032]|listeners:[], old=null, confs=<EMPTY_MAP>
2024-02-22 20:33:40,329 [d25dc3b0-28fc-4383-b1a0-617845025f41-groupManagement] INFO  server.RaftServerConfigKeys (ConfUtils.java:logGet(46)) - raft.server.notification.no-leader.timeout = 300s (custom)
2024-02-22 20:33:40,329 [d25dc3b0-28fc-4383-b1a0-617845025f41-groupManagement] INFO  server.RaftServerConfigKeys (ConfUtils.java:logGet(46)) - raft.server.read.timeout = 10s (default)
2024-02-22 20:33:40,329 [d25dc3b0-28fc-4383-b1a0-617845025f41-groupManagement] INFO  server.RaftServerConfigKeys (ConfUtils.java:logGet(46)) - raft.server.retrycache.expirytime = 600000ms (custom)
2024-02-22 20:33:40,329 [d25dc3b0-28fc-4383-b1a0-617845025f41-groupManagement] INFO  server.RaftServerConfigKeys (ConfUtils.java:logGet(46)) - raft.server.retrycache.statistics.expirytime = 100ms (default)
2024-02-22 20:33:40,329 [d25dc3b0-28fc-4383-b1a0-617845025f41-groupManagement] INFO  server.RaftServerConfigKeys (ConfUtils.java:logGet(46)) - raft.server.read.option = DEFAULT (default)
2024-02-22 20:33:40,330 [d25dc3b0-28fc-4383-b1a0-617845025f41-groupManagement] INFO  server.RaftServerConfigKeys (ConfUtils.java:logGet(46)) - raft.server.read.read-after-write-consistent.write-index-cache.expiry-time = 60s (default)
2024-02-22 20:33:40,331 [dc26353c-d48a-467d-89cd-3a7c4b626396-PipelineCommandHandlerThread-0] INFO  commandhandler.CreatePipelineCommandHandler (CreatePipelineCommandHandler.java:lambda$handle$2(124)) - Created Pipeline RATIS THREE PipelineID=d5bd5305-e788-403f-b58f-dd233808b888.
2024-02-22 20:33:40,332 [dc26353c-d48a-467d-89cd-3a7c4b626396-PipelineCommandHandlerThread-0] INFO  server.RaftServer (RaftServerProxy.java:addNew(100)) - dc26353c-d48a-467d-89cd-3a7c4b626396: addNew group-967E786A868E:[dc26353c-d48a-467d-89cd-3a7c4b626396|10.1.0.33:15050] returns group-967E786A868E:java.util.concurrent.CompletableFuture@1790c1b3[Not completed]
2024-02-22 20:33:40,343 [13f92446-3b18-4d81-bc66-0f9b00220e72-groupManagement] INFO  server.RaftServer$Division (RaftServerImpl.java:<init>(256)) - 13f92446-3b18-4d81-bc66-0f9b00220e72: new RaftServerImpl for group-EF19AB1BE06F:[13f92446-3b18-4d81-bc66-0f9b00220e72|10.1.0.33:15077] with ContainerStateMachine:uninitialized
2024-02-22 20:33:40,344 [13f92446-3b18-4d81-bc66-0f9b00220e72-groupManagement] INFO  server.RaftServerConfigKeys (ConfUtils.java:logGet(46)) - raft.server.rpc.timeout.min = 5s (custom)
2024-02-22 20:33:40,344 [13f92446-3b18-4d81-bc66-0f9b00220e72-groupManagement] INFO  server.RaftServerConfigKeys (ConfUtils.java:logGet(46)) - raft.server.rpc.timeout.max = 5200ms (custom)
2024-02-22 20:33:40,344 [13f92446-3b18-4d81-bc66-0f9b00220e72-groupManagement] INFO  server.RaftServerConfigKeys (ConfUtils.java:logGet(46)) - raft.server.rpc.sleep.time = 25ms (default)
2024-02-22 20:33:40,344 [13f92446-3b18-4d81-bc66-0f9b00220e72-groupManagement] INFO  server.RaftServerConfigKeys (ConfUtils.java:logGet(46)) - raft.server.rpc.slowness.timeout = 300s (custom)
2024-02-22 20:33:40,344 [13f92446-3b18-4d81-bc66-0f9b00220e72-groupManagement] INFO  server.RaftServerConfigKeys (ConfUtils.java:logGet(46)) - raft.server.leaderelection.leader.step-down.wait-time = 10s (default)
2024-02-22 20:33:40,344 [13f92446-3b18-4d81-bc66-0f9b00220e72-groupManagement] INFO  server.RaftServerConfigKeys (ConfUtils.java:logGet(46)) - raft.server.leaderelection.member.majority-add = false (default)
2024-02-22 20:33:40,344 [13f92446-3b18-4d81-bc66-0f9b00220e72-groupManagement] INFO  server.RaftServerConfigKeys (ConfUtils.java:logGet(46)) - raft.server.sleep.deviation.threshold = 300ms (default)
2024-02-22 20:33:40,344 [13f92446-3b18-4d81-bc66-0f9b00220e72-groupManagement] INFO  server.RaftServer$Division (ServerState.java:<init>(113)) - 13f92446-3b18-4d81-bc66-0f9b00220e72@group-EF19AB1BE06F: ConfigurationManager, init=-1: peers:[13f92446-3b18-4d81-bc66-0f9b00220e72|10.1.0.33:15077]|listeners:[], old=null, confs=<EMPTY_MAP>
2024-02-22 20:33:40,344 [13f92446-3b18-4d81-bc66-0f9b00220e72-groupManagement] INFO  server.RaftServerConfigKeys (ConfUtils.java:logGet(46)) - raft.server.notification.no-leader.timeout = 300s (custom)
2024-02-22 20:33:40,344 [13f92446-3b18-4d81-bc66-0f9b00220e72-groupManagement] INFO  server.RaftServerConfigKeys (ConfUtils.java:logGet(46)) - raft.server.read.timeout = 10s (default)
2024-02-22 20:33:40,344 [13f92446-3b18-4d81-bc66-0f9b00220e72-groupManagement] INFO  server.RaftServerConfigKeys (ConfUtils.java:logGet(46)) - raft.server.retrycache.expirytime = 600000ms (custom)
2024-02-22 20:33:40,344 [13f92446-3b18-4d81-bc66-0f9b00220e72-groupManagement] INFO  server.RaftServerConfigKeys (ConfUtils.java:logGet(46)) - raft.server.retrycache.statistics.expirytime = 100ms (default)
2024-02-22 20:33:40,345 [13f92446-3b18-4d81-bc66-0f9b00220e72-groupManagement] INFO  server.RaftServerConfigKeys (ConfUtils.java:logGet(46)) - raft.server.read.option = DEFAULT (default)
2024-02-22 20:33:40,345 [13f92446-3b18-4d81-bc66-0f9b00220e72-groupManagement] INFO  server.RaftServerConfigKeys (ConfUtils.java:logGet(46)) - raft.server.read.read-after-write-consistent.write-index-cache.expiry-time = 60s (default)
2024-02-22 20:33:40,347 [e46a6e51-795f-4801-a523-c45a6c7f2c34-PipelineCommandHandlerThread-0] INFO  commandhandler.CreatePipelineCommandHandler (CreatePipelineCommandHandler.java:lambda$handle$2(124)) - Created Pipeline RATIS THREE PipelineID=06d574de-a9f9-4ab3-be46-2f189d2772ba.
2024-02-22 20:33:40,347 [e46a6e51-795f-4801-a523-c45a6c7f2c34-PipelineCommandHandlerThread-0] INFO  server.RaftServer (RaftServerProxy.java:addNew(100)) - e46a6e51-795f-4801-a523-c45a6c7f2c34: addNew group-D74CD222B38A:[e46a6e51-795f-4801-a523-c45a6c7f2c34|10.1.0.33:15014] returns group-D74CD222B38A:java.util.concurrent.CompletableFuture@788d35b[Not completed]
2024-02-22 20:33:40,348 [e46a6e51-795f-4801-a523-c45a6c7f2c34-groupManagement] INFO  server.RaftServer$Division (RaftServerImpl.java:<init>(256)) - e46a6e51-795f-4801-a523-c45a6c7f2c34: new RaftServerImpl for group-D74CD222B38A:[e46a6e51-795f-4801-a523-c45a6c7f2c34|10.1.0.33:15014] with ContainerStateMachine:uninitialized
2024-02-22 20:33:40,348 [e46a6e51-795f-4801-a523-c45a6c7f2c34-groupManagement] INFO  server.RaftServerConfigKeys (ConfUtils.java:logGet(46)) - raft.server.rpc.timeout.min = 5s (custom)
2024-02-22 20:33:40,348 [e46a6e51-795f-4801-a523-c45a6c7f2c34-groupManagement] INFO  server.RaftServerConfigKeys (ConfUtils.java:logGet(46)) - raft.server.rpc.timeout.max = 5200ms (custom)
2024-02-22 20:33:40,348 [e46a6e51-795f-4801-a523-c45a6c7f2c34-groupManagement] INFO  server.RaftServerConfigKeys (ConfUtils.java:logGet(46)) - raft.server.rpc.sleep.time = 25ms (default)
2024-02-22 20:33:40,348 [e46a6e51-795f-4801-a523-c45a6c7f2c34-groupManagement] INFO  server.RaftServerConfigKeys (ConfUtils.java:logGet(46)) - raft.server.rpc.slowness.timeout = 300s (custom)
2024-02-22 20:33:40,348 [e46a6e51-795f-4801-a523-c45a6c7f2c34-groupManagement] INFO  server.RaftServerConfigKeys (ConfUtils.java:logGet(46)) - raft.server.leaderelection.leader.step-down.wait-time = 10s (default)
2024-02-22 20:33:40,348 [e46a6e51-795f-4801-a523-c45a6c7f2c34-groupManagement] INFO  server.RaftServerConfigKeys (ConfUtils.java:logGet(46)) - raft.server.leaderelection.member.majority-add = false (default)
2024-02-22 20:33:40,348 [e46a6e51-795f-4801-a523-c45a6c7f2c34-groupManagement] INFO  server.RaftServerConfigKeys (ConfUtils.java:logGet(46)) - raft.server.sleep.deviation.threshold = 300ms (default)
2024-02-22 20:33:40,348 [e46a6e51-795f-4801-a523-c45a6c7f2c34-groupManagement] INFO  server.RaftServer$Division (ServerState.java:<init>(113)) - e46a6e51-795f-4801-a523-c45a6c7f2c34@group-D74CD222B38A: ConfigurationManager, init=-1: peers:[e46a6e51-795f-4801-a523-c45a6c7f2c34|10.1.0.33:15014]|listeners:[], old=null, confs=<EMPTY_MAP>
2024-02-22 20:33:40,349 [e46a6e51-795f-4801-a523-c45a6c7f2c34-groupManagement] INFO  server.RaftServerConfigKeys (ConfUtils.java:logGet(46)) - raft.server.notification.no-leader.timeout = 300s (custom)
2024-02-22 20:33:40,349 [e46a6e51-795f-4801-a523-c45a6c7f2c34-groupManagement] INFO  server.RaftServerConfigKeys (ConfUtils.java:logGet(46)) - raft.server.read.timeout = 10s (default)
2024-02-22 20:33:40,349 [e46a6e51-795f-4801-a523-c45a6c7f2c34-groupManagement] INFO  server.RaftServerConfigKeys (ConfUtils.java:logGet(46)) - raft.server.retrycache.expirytime = 600000ms (custom)
2024-02-22 20:33:40,349 [e46a6e51-795f-4801-a523-c45a6c7f2c34-groupManagement] INFO  server.RaftServerConfigKeys (ConfUtils.java:logGet(46)) - raft.server.retrycache.statistics.expirytime = 100ms (default)
2024-02-22 20:33:40,349 [e46a6e51-795f-4801-a523-c45a6c7f2c34-groupManagement] INFO  server.RaftServerConfigKeys (ConfUtils.java:logGet(46)) - raft.server.read.option = DEFAULT (default)
2024-02-22 20:33:40,349 [e46a6e51-795f-4801-a523-c45a6c7f2c34-groupManagement] INFO  server.RaftServerConfigKeys (ConfUtils.java:logGet(46)) - raft.server.read.read-after-write-consistent.write-index-cache.expiry-time = 60s (default)
2024-02-22 20:33:40,350 [4e8f68d6-fd98-4f77-87e3-715939181693-groupManagement] INFO  server.RaftServerConfigKeys (ConfUtils.java:logGet(46)) - raft.server.rpc.request.timeout = 60s (custom)
2024-02-22 20:33:40,350 [4e8f68d6-fd98-4f77-87e3-715939181693-groupManagement] INFO  server.RaftServerConfigKeys (ConfUtils.java:logGet(46)) - raft.server.log.appender.install.snapshot.enabled = false (custom)
2024-02-22 20:33:40,350 [4e8f68d6-fd98-4f77-87e3-715939181693-groupManagement] INFO  server.RaftServerConfigKeys (ConfUtils.java:logGet(46)) - raft.server.threadpool.server.cached = true (default)
2024-02-22 20:33:40,350 [4e8f68d6-fd98-4f77-87e3-715939181693-groupManagement] INFO  server.RaftServerConfigKeys (ConfUtils.java:logGet(46)) - raft.server.threadpool.server.size = 0 (default)
2024-02-22 20:33:40,350 [4e8f68d6-fd98-4f77-87e3-715939181693-groupManagement] INFO  server.RaftServerConfigKeys (ConfUtils.java:logGet(46)) - raft.server.threadpool.client.cached = true (default)
2024-02-22 20:33:40,350 [4e8f68d6-fd98-4f77-87e3-715939181693-groupManagement] INFO  server.RaftServerConfigKeys (ConfUtils.java:logGet(46)) - raft.server.threadpool.client.size = 0 (default)
2024-02-22 20:33:40,350 [4e8f68d6-fd98-4f77-87e3-715939181693-groupManagement] INFO  server.RaftServerConfigKeys (ConfUtils.java:logGet(46)) - raft.server.storage.free-space.min = 0MB (=0) (default)
2024-02-22 20:33:40,350 [4e8f68d6-fd98-4f77-87e3-715939181693-groupManagement] INFO  server.RaftServerConfigKeys (ConfUtils.java:logGet(46)) - raft.server.log.corruption.policy = EXCEPTION (default)
2024-02-22 20:33:40,350 [4e8f68d6-fd98-4f77-87e3-715939181693-groupManagement] INFO  server.RaftServerConfigKeys (ConfUtils.java:logGet(46)) - raft.server.storage.dir = [/home/runner/work/ozone/ozone/hadoop-ozone/integration-test/target/test-dir/MiniOzoneClusterImpl-a0fc024b-a492-45a5-9697-b0d14f72cb5c/datanode-3/data/ratis] (custom)
2024-02-22 20:33:40,351 [4e8f68d6-fd98-4f77-87e3-715939181693-groupManagement] INFO  storage.RaftStorageDirectory (RaftStorageDirectoryImpl.java:analyzeStorage(138)) - The storage directory /home/runner/work/ozone/ozone/hadoop-ozone/integration-test/target/test-dir/MiniOzoneClusterImpl-a0fc024b-a492-45a5-9697-b0d14f72cb5c/datanode-3/data/ratis/8e592c52-1f2d-49c6-9232-89543cf42d33 does not exist. Creating ...
2024-02-22 20:33:40,352 [4e8f68d6-fd98-4f77-87e3-715939181693-groupManagement] INFO  storage.RaftStorageDirectory (RaftStorageDirectoryImpl.java:tryLock(228)) - Lock on /home/runner/work/ozone/ozone/hadoop-ozone/integration-test/target/test-dir/MiniOzoneClusterImpl-a0fc024b-a492-45a5-9697-b0d14f72cb5c/datanode-3/data/ratis/8e592c52-1f2d-49c6-9232-89543cf42d33/in_use.lock acquired by nodename 30552@fv-az779-213
2024-02-22 20:33:40,353 [4e8f68d6-fd98-4f77-87e3-715939181693-groupManagement] INFO  storage.RaftStorage (RaftStorageImpl.java:format(99)) - Storage directory /home/runner/work/ozone/ozone/hadoop-ozone/integration-test/target/test-dir/MiniOzoneClusterImpl-a0fc024b-a492-45a5-9697-b0d14f72cb5c/datanode-3/data/ratis/8e592c52-1f2d-49c6-9232-89543cf42d33 has been successfully formatted.
2024-02-22 20:33:40,353 [4e8f68d6-fd98-4f77-87e3-715939181693-groupManagement] WARN  util.FileUtils (LogUtils.java:supplyAndLog(63)) - Failed to Files.newInputStream /home/runner/work/ozone/ozone/hadoop-ozone/integration-test/target/test-dir/MiniOzoneClusterImpl-a0fc024b-a492-45a5-9697-b0d14f72cb5c/datanode-3/data/ratis/8e592c52-1f2d-49c6-9232-89543cf42d33/current/raft-meta.conf with options []: java.nio.file.NoSuchFileException: /home/runner/work/ozone/ozone/hadoop-ozone/integration-test/target/test-dir/MiniOzoneClusterImpl-a0fc024b-a492-45a5-9697-b0d14f72cb5c/datanode-3/data/ratis/8e592c52-1f2d-49c6-9232-89543cf42d33/current/raft-meta.conf
2024-02-22 20:33:40,354 [4e8f68d6-fd98-4f77-87e3-715939181693-groupManagement] INFO  ratis.ContainerStateMachine (ContainerStateMachine.java:loadSnapshot(287)) - group-89543CF42D33: The snapshot info is null. Setting the last applied index to:(t:0, i:~)
2024-02-22 20:33:40,354 [4e8f68d6-fd98-4f77-87e3-715939181693-groupManagement] INFO  server.RaftServerConfigKeys (ConfUtils.java:logGet(46)) - raft.server.log.use.memory = false (default)
2024-02-22 20:33:40,354 [4e8f68d6-fd98-4f77-87e3-715939181693-groupManagement] INFO  server.RaftServerConfigKeys (ConfUtils.java:logGet(46)) - raft.server.log.purge.gap = 1000000 (custom)
2024-02-22 20:33:40,354 [4e8f68d6-fd98-4f77-87e3-715939181693-groupManagement] INFO  server.RaftServerConfigKeys (ConfUtils.java:logGet(46)) - raft.server.log.appender.buffer.byte-limit = 8388608 (custom)
2024-02-22 20:33:40,354 [4e8f68d6-fd98-4f77-87e3-715939181693-groupManagement] INFO  server.RaftServerConfigKeys (ConfUtils.java:logGet(46)) - raft.server.log.statemachine.data.read.timeout = 1000ms (default)
2024-02-22 20:33:40,354 [4e8f68d6-fd98-4f77-87e3-715939181693-groupManagement] INFO  server.RaftServerConfigKeys (ConfUtils.java:logGet(46)) - raft.server.log.purge.preservation.log.num = 0 (default)
2024-02-22 20:33:40,355 [EventQueue-OpenPipelineForHealthyPipelineSafeModeRule] INFO  safemode.SCMSafeModeManager (HealthyPipelineSafeModeRule.java:process(140)) - SCM in safe mode. Healthy pipelines reported count is 0, required healthy pipeline reported count is 1
2024-02-22 20:33:40,365 [c30fedce-f286-40e0-881d-3d5a9a6e2463-groupManagement] INFO  server.RaftServerConfigKeys (ConfUtils.java:logGet(46)) - raft.server.log.segment.size.max = 67108864 (custom)
2024-02-22 20:33:40,371 [c30fedce-f286-40e0-881d-3d5a9a6e2463-groupManagement] INFO  server.RaftServerConfigKeys (ConfUtils.java:logGet(46)) - raft.server.log.segment.cache.num.max = 2 (custom)
2024-02-22 20:33:40,371 [c30fedce-f286-40e0-881d-3d5a9a6e2463-groupManagement] INFO  server.RaftServerConfigKeys (ConfUtils.java:logGet(46)) - raft.server.log.segment.cache.size.max = 200MB (=209715200) (default)
2024-02-22 20:33:40,371 [c30fedce-f286-40e0-881d-3d5a9a6e2463-groupManagement] INFO  server.RaftServerConfigKeys (ConfUtils.java:logGet(46)) - raft.server.log.appender.buffer.byte-limit = 8388608 (custom)
2024-02-22 20:33:40,372 [c30fedce-f286-40e0-881d-3d5a9a6e2463-groupManagement] INFO  util.AwaitToRun (AwaitToRun.java:start(81)) - Thread[c30fedce-f286-40e0-881d-3d5a9a6e2463@group-EA994A47DE23-cacheEviction-AwaitToRun,5,main] started
2024-02-22 20:33:40,372 [c30fedce-f286-40e0-881d-3d5a9a6e2463-groupManagement] INFO  segmented.SegmentedRaftLogWorker (SegmentedRaftLogWorker.java:<init>(182)) - new c30fedce-f286-40e0-881d-3d5a9a6e2463@group-EA994A47DE23-SegmentedRaftLogWorker for RaftStorageImpl:Storage Directory /home/runner/work/ozone/ozone/hadoop-ozone/integration-test/target/test-dir/MiniOzoneClusterImpl-a0fc024b-a492-45a5-9697-b0d14f72cb5c/datanode-6/data/ratis/16bbfbff-f11d-450e-97a4-ea994a47de23
2024-02-22 20:33:40,372 [c30fedce-f286-40e0-881d-3d5a9a6e2463-groupManagement] INFO  server.RaftServerConfigKeys (ConfUtils.java:logGet(46)) - raft.server.log.queue.byte-limit = 4294967296 (custom)
2024-02-22 20:33:40,372 [c30fedce-f286-40e0-881d-3d5a9a6e2463-groupManagement] INFO  server.RaftServerConfigKeys (ConfUtils.java:logGet(46)) - raft.server.log.queue.element-limit = 1024 (custom)
2024-02-22 20:33:40,372 [c30fedce-f286-40e0-881d-3d5a9a6e2463-groupManagement] INFO  server.RaftServerConfigKeys (ConfUtils.java:logGet(46)) - raft.server.log.segment.size.max = 67108864 (custom)
2024-02-22 20:33:40,372 [c30fedce-f286-40e0-881d-3d5a9a6e2463-groupManagement] INFO  server.RaftServerConfigKeys (ConfUtils.java:logGet(46)) - raft.server.log.preallocated.size = 4194304 (custom)
2024-02-22 20:33:40,372 [c30fedce-f286-40e0-881d-3d5a9a6e2463-groupManagement] INFO  server.RaftServerConfigKeys (ConfUtils.java:logGet(46)) - raft.server.log.force.sync.num = 128 (default)
2024-02-22 20:33:40,372 [c30fedce-f286-40e0-881d-3d5a9a6e2463-groupManagement] INFO  server.RaftServerConfigKeys (ConfUtils.java:logGet(46)) - raft.server.log.statemachine.data.sync = true (default)
2024-02-22 20:33:40,372 [c30fedce-f286-40e0-881d-3d5a9a6e2463-groupManagement] INFO  server.RaftServerConfigKeys (ConfUtils.java:logGet(46)) - raft.server.log.statemachine.data.sync.timeout = 10s (default)
2024-02-22 20:33:40,372 [c30fedce-f286-40e0-881d-3d5a9a6e2463-groupManagement] INFO  server.RaftServerConfigKeys (ConfUtils.java:logGet(46)) - raft.server.log.statemachine.data.sync.timeout.retry = 0 (custom)
2024-02-22 20:33:40,377 [c30fedce-f286-40e0-881d-3d5a9a6e2463-groupManagement] INFO  server.RaftServerConfigKeys (ConfUtils.java:logGet(46)) - raft.server.log.write.buffer.size = 8388616 (custom)
2024-02-22 20:33:40,379 [c30fedce-f286-40e0-881d-3d5a9a6e2463-groupManagement] INFO  server.RaftServerConfigKeys (ConfUtils.java:logGet(46)) - raft.server.log.appender.buffer.byte-limit = 8388608 (custom)
2024-02-22 20:33:40,380 [c30fedce-f286-40e0-881d-3d5a9a6e2463-groupManagement] INFO  server.RaftServerConfigKeys (ConfUtils.java:logGet(46)) - raft.server.log.unsafe-flush.enabled = false (default)
2024-02-22 20:33:40,381 [c30fedce-f286-40e0-881d-3d5a9a6e2463-groupManagement] INFO  server.RaftServerConfigKeys (ConfUtils.java:logGet(46)) - raft.server.log.async-flush.enabled = false (default)
2024-02-22 20:33:40,382 [c30fedce-f286-40e0-881d-3d5a9a6e2463-groupManagement] INFO  server.RaftServerConfigKeys (ConfUtils.java:logGet(46)) - raft.server.log.statemachine.data.caching.enabled = true (custom)
2024-02-22 20:33:40,383 [c30fedce-f286-40e0-881d-3d5a9a6e2463-groupManagement] INFO  segmented.SegmentedRaftLogWorker (SegmentedRaftLogWorker.java:lambda$new$0(134)) - c30fedce-f286-40e0-881d-3d5a9a6e2463@group-EA994A47DE23-SegmentedRaftLogWorker: flushIndex: setUnconditionally 0 -> -1
2024-02-22 20:33:40,383 [c30fedce-f286-40e0-881d-3d5a9a6e2463-groupManagement] INFO  segmented.SegmentedRaftLogWorker (SegmentedRaftLogWorker.java:lambda$new$0(134)) - c30fedce-f286-40e0-881d-3d5a9a6e2463@group-EA994A47DE23-SegmentedRaftLogWorker: safeCacheEvictIndex: setUnconditionally 0 -> -1
2024-02-22 20:33:40,386 [c30fedce-f286-40e0-881d-3d5a9a6e2463-groupManagement] INFO  server.RaftServer$Division (RaftServerImpl.java:start(396)) - c30fedce-f286-40e0-881d-3d5a9a6e2463@group-EA994A47DE23: start as a follower, conf=-1: peers:[c30fedce-f286-40e0-881d-3d5a9a6e2463|10.1.0.33:15068]|listeners:[], old=null
2024-02-22 20:33:40,387 [c30fedce-f286-40e0-881d-3d5a9a6e2463-groupManagement] INFO  server.RaftServer$Division (RaftServerImpl.java:setRole(383)) - c30fedce-f286-40e0-881d-3d5a9a6e2463@group-EA994A47DE23: changes role from      null to FOLLOWER at term 0 for startAsFollower
2024-02-22 20:33:40,388 [c30fedce-f286-40e0-881d-3d5a9a6e2463-groupManagement] INFO  impl.RoleInfo (RoleInfo.java:updateAndGet(139)) - c30fedce-f286-40e0-881d-3d5a9a6e2463: start c30fedce-f286-40e0-881d-3d5a9a6e2463@group-EA994A47DE23-FollowerState
2024-02-22 20:33:40,387 [4e8f68d6-fd98-4f77-87e3-715939181693-groupManagement] INFO  server.RaftServerConfigKeys (ConfUtils.java:logGet(46)) - raft.server.log.segment.size.max = 67108864 (custom)
2024-02-22 20:33:40,395 [4e8f68d6-fd98-4f77-87e3-715939181693-groupManagement] INFO  server.RaftServerConfigKeys (ConfUtils.java:logGet(46)) - raft.server.log.segment.cache.num.max = 2 (custom)
2024-02-22 20:33:40,395 [4e8f68d6-fd98-4f77-87e3-715939181693-groupManagement] INFO  server.RaftServerConfigKeys (ConfUtils.java:logGet(46)) - raft.server.log.segment.cache.size.max = 200MB (=209715200) (default)
2024-02-22 20:33:40,395 [4e8f68d6-fd98-4f77-87e3-715939181693-groupManagement] INFO  server.RaftServerConfigKeys (ConfUtils.java:logGet(46)) - raft.server.log.appender.buffer.byte-limit = 8388608 (custom)
2024-02-22 20:33:40,396 [c30fedce-f286-40e0-881d-3d5a9a6e2463@group-EA994A47DE23-FollowerState] INFO  server.RaftServerConfigKeys (ConfUtils.java:logFallback(53)) - raft.server.rpc.first-election.timeout.min = 5s (fallback to raft.server.rpc.timeout.min)
2024-02-22 20:33:40,396 [c30fedce-f286-40e0-881d-3d5a9a6e2463@group-EA994A47DE23-FollowerState] INFO  server.RaftServerConfigKeys (ConfUtils.java:logFallback(53)) - raft.server.rpc.first-election.timeout.max = 5200ms (fallback to raft.server.rpc.timeout.max)
2024-02-22 20:33:40,397 [d25dc3b0-28fc-4383-b1a0-617845025f41-groupManagement] INFO  server.RaftServerConfigKeys (ConfUtils.java:logGet(46)) - raft.server.rpc.request.timeout = 60s (custom)
2024-02-22 20:33:40,397 [d25dc3b0-28fc-4383-b1a0-617845025f41-groupManagement] INFO  server.RaftServerConfigKeys (ConfUtils.java:logGet(46)) - raft.server.log.appender.install.snapshot.enabled = false (custom)
2024-02-22 20:33:40,397 [d25dc3b0-28fc-4383-b1a0-617845025f41-groupManagement] INFO  server.RaftServerConfigKeys (ConfUtils.java:logGet(46)) - raft.server.threadpool.server.cached = true (default)
2024-02-22 20:33:40,397 [d25dc3b0-28fc-4383-b1a0-617845025f41-groupManagement] INFO  server.RaftServerConfigKeys (ConfUtils.java:logGet(46)) - raft.server.threadpool.server.size = 0 (default)
2024-02-22 20:33:40,397 [d25dc3b0-28fc-4383-b1a0-617845025f41-groupManagement] INFO  server.RaftServerConfigKeys (ConfUtils.java:logGet(46)) - raft.server.threadpool.client.cached = true (default)
2024-02-22 20:33:40,398 [d25dc3b0-28fc-4383-b1a0-617845025f41-groupManagement] INFO  server.RaftServerConfigKeys (ConfUtils.java:logGet(46)) - raft.server.threadpool.client.size = 0 (default)
2024-02-22 20:33:40,398 [d25dc3b0-28fc-4383-b1a0-617845025f41-groupManagement] INFO  server.RaftServerConfigKeys (ConfUtils.java:logGet(46)) - raft.server.storage.free-space.min = 0MB (=0) (default)
2024-02-22 20:33:40,398 [d25dc3b0-28fc-4383-b1a0-617845025f41-groupManagement] INFO  server.RaftServerConfigKeys (ConfUtils.java:logGet(46)) - raft.server.log.corruption.policy = EXCEPTION (default)
2024-02-22 20:33:40,398 [d25dc3b0-28fc-4383-b1a0-617845025f41-groupManagement] INFO  server.RaftServerConfigKeys (ConfUtils.java:logGet(46)) - raft.server.storage.dir = [/home/runner/work/ozone/ozone/hadoop-ozone/integration-test/target/test-dir/MiniOzoneClusterImpl-a0fc024b-a492-45a5-9697-b0d14f72cb5c/datanode-2/data/ratis] (custom)
2024-02-22 20:33:40,398 [d25dc3b0-28fc-4383-b1a0-617845025f41-groupManagement] INFO  storage.RaftStorageDirectory (RaftStorageDirectoryImpl.java:analyzeStorage(138)) - The storage directory /home/runner/work/ozone/ozone/hadoop-ozone/integration-test/target/test-dir/MiniOzoneClusterImpl-a0fc024b-a492-45a5-9697-b0d14f72cb5c/datanode-2/data/ratis/a7366094-685d-4073-9d9e-3075feac11d2 does not exist. Creating ...
2024-02-22 20:33:40,399 [c30fedce-f286-40e0-881d-3d5a9a6e2463-groupManagement] INFO  util.JmxRegister (JmxRegister.java:tryRegister(44)) - Successfully registered JMX Bean with object name Ratis:service=RaftServer,group=group-EA994A47DE23,id=c30fedce-f286-40e0-881d-3d5a9a6e2463
2024-02-22 20:33:40,399 [c30fedce-f286-40e0-881d-3d5a9a6e2463-groupManagement] INFO  server.RaftServerConfigKeys (ConfUtils.java:logGet(46)) - raft.server.snapshot.trigger-when-stop.enabled = true (default)
2024-02-22 20:33:40,399 [c30fedce-f286-40e0-881d-3d5a9a6e2463-groupManagement] INFO  server.RaftServerConfigKeys (ConfUtils.java:logGet(46)) - raft.server.snapshot.auto.trigger.enabled = true (custom)
2024-02-22 20:33:40,399 [c30fedce-f286-40e0-881d-3d5a9a6e2463-groupManagement] INFO  server.RaftServerConfigKeys (ConfUtils.java:logGet(46)) - raft.server.snapshot.auto.trigger.threshold = 10000 (custom)
2024-02-22 20:33:40,399 [c30fedce-f286-40e0-881d-3d5a9a6e2463-groupManagement] INFO  server.RaftServerConfigKeys (ConfUtils.java:logGet(46)) - raft.server.snapshot.retention.file.num = 5 (custom)
2024-02-22 20:33:40,399 [c30fedce-f286-40e0-881d-3d5a9a6e2463-groupManagement] INFO  server.RaftServerConfigKeys (ConfUtils.java:logGet(46)) - raft.server.log.purge.upto.snapshot.index = false (default)
2024-02-22 20:33:40,395 [e46a6e51-795f-4801-a523-c45a6c7f2c34-groupManagement] INFO  server.RaftServerConfigKeys (ConfUtils.java:logGet(46)) - raft.server.rpc.request.timeout = 60s (custom)
2024-02-22 20:33:40,400 [e46a6e51-795f-4801-a523-c45a6c7f2c34-groupManagement] INFO  server.RaftServerConfigKeys (ConfUtils.java:logGet(46)) - raft.server.log.appender.install.snapshot.enabled = false (custom)
2024-02-22 20:33:40,400 [e46a6e51-795f-4801-a523-c45a6c7f2c34-groupManagement] INFO  server.RaftServerConfigKeys (ConfUtils.java:logGet(46)) - raft.server.threadpool.server.cached = true (default)
2024-02-22 20:33:40,393 [923be64f-71f4-4891-b05d-82ff5a9df5b5-groupManagement] INFO  server.RaftServerConfigKeys (ConfUtils.java:logGet(46)) - raft.server.rpc.request.timeout = 60s (custom)
2024-02-22 20:33:40,400 [923be64f-71f4-4891-b05d-82ff5a9df5b5-groupManagement] INFO  server.RaftServerConfigKeys (ConfUtils.java:logGet(46)) - raft.server.log.appender.install.snapshot.enabled = false (custom)
2024-02-22 20:33:40,401 [923be64f-71f4-4891-b05d-82ff5a9df5b5-groupManagement] INFO  server.RaftServerConfigKeys (ConfUtils.java:logGet(46)) - raft.server.threadpool.server.cached = true (default)
2024-02-22 20:33:40,401 [923be64f-71f4-4891-b05d-82ff5a9df5b5-groupManagement] INFO  server.RaftServerConfigKeys (ConfUtils.java:logGet(46)) - raft.server.threadpool.server.size = 0 (default)
2024-02-22 20:33:40,401 [923be64f-71f4-4891-b05d-82ff5a9df5b5-groupManagement] INFO  server.RaftServerConfigKeys (ConfUtils.java:logGet(46)) - raft.server.threadpool.client.cached = true (default)
2024-02-22 20:33:40,401 [923be64f-71f4-4891-b05d-82ff5a9df5b5-groupManagement] INFO  server.RaftServerConfigKeys (ConfUtils.java:logGet(46)) - raft.server.threadpool.client.size = 0 (default)
2024-02-22 20:33:40,401 [923be64f-71f4-4891-b05d-82ff5a9df5b5-groupManagement] INFO  server.RaftServerConfigKeys (ConfUtils.java:logGet(46)) - raft.server.storage.free-space.min = 0MB (=0) (default)
2024-02-22 20:33:40,402 [923be64f-71f4-4891-b05d-82ff5a9df5b5-groupManagement] INFO  server.RaftServerConfigKeys (ConfUtils.java:logGet(46)) - raft.server.log.corruption.policy = EXCEPTION (default)
2024-02-22 20:33:40,402 [923be64f-71f4-4891-b05d-82ff5a9df5b5-groupManagement] INFO  server.RaftServerConfigKeys (ConfUtils.java:logGet(46)) - raft.server.storage.dir = [/home/runner/work/ozone/ozone/hadoop-ozone/integration-test/target/test-dir/MiniOzoneClusterImpl-a0fc024b-a492-45a5-9697-b0d14f72cb5c/datanode-1/data/ratis] (custom)
2024-02-22 20:33:40,402 [923be64f-71f4-4891-b05d-82ff5a9df5b5-groupManagement] INFO  storage.RaftStorageDirectory (RaftStorageDirectoryImpl.java:analyzeStorage(138)) - The storage directory /home/runner/work/ozone/ozone/hadoop-ozone/integration-test/target/test-dir/MiniOzoneClusterImpl-a0fc024b-a492-45a5-9697-b0d14f72cb5c/datanode-1/data/ratis/90e41e33-6449-465e-944d-26eafc745620 does not exist. Creating ...
2024-02-22 20:33:40,393 [dc26353c-d48a-467d-89cd-3a7c4b626396-groupManagement] INFO  server.RaftServerConfigKeys (ConfUtils.java:logGet(46)) - raft.server.rpc.request.timeout = 60s (custom)
2024-02-22 20:33:40,403 [dc26353c-d48a-467d-89cd-3a7c4b626396-groupManagement] INFO  server.RaftServerConfigKeys (ConfUtils.java:logGet(46)) - raft.server.log.appender.install.snapshot.enabled = false (custom)
2024-02-22 20:33:40,403 [dc26353c-d48a-467d-89cd-3a7c4b626396-groupManagement] INFO  server.RaftServerConfigKeys (ConfUtils.java:logGet(46)) - raft.server.threadpool.server.cached = true (default)
2024-02-22 20:33:40,403 [dc26353c-d48a-467d-89cd-3a7c4b626396-groupManagement] INFO  server.RaftServerConfigKeys (ConfUtils.java:logGet(46)) - raft.server.threadpool.server.size = 0 (default)
2024-02-22 20:33:40,403 [dc26353c-d48a-467d-89cd-3a7c4b626396-groupManagement] INFO  server.RaftServerConfigKeys (ConfUtils.java:logGet(46)) - raft.server.threadpool.client.cached = true (default)
2024-02-22 20:33:40,403 [dc26353c-d48a-467d-89cd-3a7c4b626396-groupManagement] INFO  server.RaftServerConfigKeys (ConfUtils.java:logGet(46)) - raft.server.threadpool.client.size = 0 (default)
2024-02-22 20:33:40,404 [dc26353c-d48a-467d-89cd-3a7c4b626396-groupManagement] INFO  server.RaftServer$Division (RaftServerImpl.java:<init>(256)) - dc26353c-d48a-467d-89cd-3a7c4b626396: new RaftServerImpl for group-967E786A868E:[dc26353c-d48a-467d-89cd-3a7c4b626396|10.1.0.33:15050] with ContainerStateMachine:uninitialized
2024-02-22 20:33:40,392 [13f92446-3b18-4d81-bc66-0f9b00220e72-groupManagement] INFO  server.RaftServerConfigKeys (ConfUtils.java:logGet(46)) - raft.server.rpc.request.timeout = 60s (custom)
2024-02-22 20:33:40,405 [13f92446-3b18-4d81-bc66-0f9b00220e72-groupManagement] INFO  server.RaftServerConfigKeys (ConfUtils.java:logGet(46)) - raft.server.log.appender.install.snapshot.enabled = false (custom)
2024-02-22 20:33:40,405 [13f92446-3b18-4d81-bc66-0f9b00220e72-groupManagement] INFO  server.RaftServerConfigKeys (ConfUtils.java:logGet(46)) - raft.server.threadpool.server.cached = true (default)
2024-02-22 20:33:40,405 [13f92446-3b18-4d81-bc66-0f9b00220e72-groupManagement] INFO  server.RaftServerConfigKeys (ConfUtils.java:logGet(46)) - raft.server.threadpool.server.size = 0 (default)
2024-02-22 20:33:40,405 [13f92446-3b18-4d81-bc66-0f9b00220e72-groupManagement] INFO  server.RaftServerConfigKeys (ConfUtils.java:logGet(46)) - raft.server.threadpool.client.cached = true (default)
2024-02-22 20:33:40,405 [13f92446-3b18-4d81-bc66-0f9b00220e72-groupManagement] INFO  server.RaftServerConfigKeys (ConfUtils.java:logGet(46)) - raft.server.threadpool.client.size = 0 (default)
2024-02-22 20:33:40,405 [13f92446-3b18-4d81-bc66-0f9b00220e72-groupManagement] INFO  server.RaftServerConfigKeys (ConfUtils.java:logGet(46)) - raft.server.storage.free-space.min = 0MB (=0) (default)
2024-02-22 20:33:40,405 [13f92446-3b18-4d81-bc66-0f9b00220e72-groupManagement] INFO  server.RaftServerConfigKeys (ConfUtils.java:logGet(46)) - raft.server.log.corruption.policy = EXCEPTION (default)
2024-02-22 20:33:40,405 [13f92446-3b18-4d81-bc66-0f9b00220e72-groupManagement] INFO  server.RaftServerConfigKeys (ConfUtils.java:logGet(46)) - raft.server.storage.dir = [/home/runner/work/ozone/ozone/hadoop-ozone/integration-test/target/test-dir/MiniOzoneClusterImpl-a0fc024b-a492-45a5-9697-b0d14f72cb5c/datanode-7/data/ratis] (custom)
2024-02-22 20:33:40,405 [13f92446-3b18-4d81-bc66-0f9b00220e72-groupManagement] INFO  storage.RaftStorageDirectory (RaftStorageDirectoryImpl.java:analyzeStorage(138)) - The storage directory /home/runner/work/ozone/ozone/hadoop-ozone/integration-test/target/test-dir/MiniOzoneClusterImpl-a0fc024b-a492-45a5-9697-b0d14f72cb5c/datanode-7/data/ratis/d218b5b2-1780-4e0a-a27d-ef19ab1be06f does not exist. Creating ...
2024-02-22 20:33:40,406 [923be64f-71f4-4891-b05d-82ff5a9df5b5-groupManagement] INFO  storage.RaftStorageDirectory (RaftStorageDirectoryImpl.java:tryLock(228)) - Lock on /home/runner/work/ozone/ozone/hadoop-ozone/integration-test/target/test-dir/MiniOzoneClusterImpl-a0fc024b-a492-45a5-9697-b0d14f72cb5c/datanode-1/data/ratis/90e41e33-6449-465e-944d-26eafc745620/in_use.lock acquired by nodename 30552@fv-az779-213
2024-02-22 20:33:40,406 [13f92446-3b18-4d81-bc66-0f9b00220e72-groupManagement] INFO  storage.RaftStorageDirectory (RaftStorageDirectoryImpl.java:tryLock(228)) - Lock on /home/runner/work/ozone/ozone/hadoop-ozone/integration-test/target/test-dir/MiniOzoneClusterImpl-a0fc024b-a492-45a5-9697-b0d14f72cb5c/datanode-7/data/ratis/d218b5b2-1780-4e0a-a27d-ef19ab1be06f/in_use.lock acquired by nodename 30552@fv-az779-213
2024-02-22 20:33:40,406 [dc26353c-d48a-467d-89cd-3a7c4b626396-groupManagement] INFO  server.RaftServerConfigKeys (ConfUtils.java:logGet(46)) - raft.server.rpc.timeout.min = 5s (custom)
2024-02-22 20:33:40,407 [dc26353c-d48a-467d-89cd-3a7c4b626396-groupManagement] INFO  server.RaftServerConfigKeys (ConfUtils.java:logGet(46)) - raft.server.rpc.timeout.max = 5200ms (custom)
2024-02-22 20:33:40,407 [dc26353c-d48a-467d-89cd-3a7c4b626396-groupManagement] INFO  server.RaftServerConfigKeys (ConfUtils.java:logGet(46)) - raft.server.rpc.sleep.time = 25ms (default)
2024-02-22 20:33:40,407 [dc26353c-d48a-467d-89cd-3a7c4b626396-groupManagement] INFO  server.RaftServerConfigKeys (ConfUtils.java:logGet(46)) - raft.server.rpc.slowness.timeout = 300s (custom)
2024-02-22 20:33:40,407 [dc26353c-d48a-467d-89cd-3a7c4b626396-groupManagement] INFO  server.RaftServerConfigKeys (ConfUtils.java:logGet(46)) - raft.server.leaderelection.leader.step-down.wait-time = 10s (default)
2024-02-22 20:33:40,407 [dc26353c-d48a-467d-89cd-3a7c4b626396-groupManagement] INFO  server.RaftServerConfigKeys (ConfUtils.java:logGet(46)) - raft.server.leaderelection.member.majority-add = false (default)
2024-02-22 20:33:40,407 [dc26353c-d48a-467d-89cd-3a7c4b626396-groupManagement] INFO  server.RaftServerConfigKeys (ConfUtils.java:logGet(46)) - raft.server.sleep.deviation.threshold = 300ms (default)
2024-02-22 20:33:40,407 [dc26353c-d48a-467d-89cd-3a7c4b626396-groupManagement] INFO  server.RaftServer$Division (ServerState.java:<init>(113)) - dc26353c-d48a-467d-89cd-3a7c4b626396@group-967E786A868E: ConfigurationManager, init=-1: peers:[dc26353c-d48a-467d-89cd-3a7c4b626396|10.1.0.33:15050]|listeners:[], old=null, confs=<EMPTY_MAP>
2024-02-22 20:33:40,408 [dc26353c-d48a-467d-89cd-3a7c4b626396-groupManagement] INFO  server.RaftServerConfigKeys (ConfUtils.java:logGet(46)) - raft.server.notification.no-leader.timeout = 300s (custom)
2024-02-22 20:33:40,408 [dc26353c-d48a-467d-89cd-3a7c4b626396-groupManagement] INFO  server.RaftServerConfigKeys (ConfUtils.java:logGet(46)) - raft.server.read.timeout = 10s (default)
2024-02-22 20:33:40,408 [dc26353c-d48a-467d-89cd-3a7c4b626396-groupManagement] INFO  server.RaftServerConfigKeys (ConfUtils.java:logGet(46)) - raft.server.retrycache.expirytime = 600000ms (custom)
2024-02-22 20:33:40,408 [dc26353c-d48a-467d-89cd-3a7c4b626396-groupManagement] INFO  server.RaftServerConfigKeys (ConfUtils.java:logGet(46)) - raft.server.retrycache.statistics.expirytime = 100ms (default)
2024-02-22 20:33:40,408 [dc26353c-d48a-467d-89cd-3a7c4b626396-groupManagement] INFO  server.RaftServerConfigKeys (ConfUtils.java:logGet(46)) - raft.server.read.option = DEFAULT (default)
2024-02-22 20:33:40,409 [dc26353c-d48a-467d-89cd-3a7c4b626396-groupManagement] INFO  server.RaftServerConfigKeys (ConfUtils.java:logGet(46)) - raft.server.read.read-after-write-consistent.write-index-cache.expiry-time = 60s (default)
2024-02-22 20:33:40,410 [c30fedce-f286-40e0-881d-3d5a9a6e2463-PipelineCommandHandlerThread-0] INFO  ratis.XceiverServerRatis (XceiverServerRatis.java:addGroup(864)) - Created group PipelineID=16bbfbff-f11d-450e-97a4-ea994a47de23
2024-02-22 20:33:40,410 [c30fedce-f286-40e0-881d-3d5a9a6e2463-PipelineCommandHandlerThread-0] INFO  commandhandler.CreatePipelineCommandHandler (CreatePipelineCommandHandler.java:lambda$handle$2(124)) - Created Pipeline RATIS ONE PipelineID=16bbfbff-f11d-450e-97a4-ea994a47de23.
2024-02-22 20:33:40,410 [c30fedce-f286-40e0-881d-3d5a9a6e2463-PipelineCommandHandlerThread-0] INFO  server.RaftServer (RaftServerProxy.java:addNew(100)) - c30fedce-f286-40e0-881d-3d5a9a6e2463: addNew group-B58ED9299B6F:[78f89d9b-e409-4704-890b-bfcfbcdfd28a|10.1.0.33:15086, c30fedce-f286-40e0-881d-3d5a9a6e2463|10.1.0.33:15068, 13f92446-3b18-4d81-bc66-0f9b00220e72|10.1.0.33:15077] returns group-B58ED9299B6F:java.util.concurrent.CompletableFuture@7d7395e[Not completed]
2024-02-22 20:33:40,400 [d25dc3b0-28fc-4383-b1a0-617845025f41-groupManagement] INFO  storage.RaftStorageDirectory (RaftStorageDirectoryImpl.java:tryLock(228)) - Lock on /home/runner/work/ozone/ozone/hadoop-ozone/integration-test/target/test-dir/MiniOzoneClusterImpl-a0fc024b-a492-45a5-9697-b0d14f72cb5c/datanode-2/data/ratis/a7366094-685d-4073-9d9e-3075feac11d2/in_use.lock acquired by nodename 30552@fv-az779-213
2024-02-22 20:33:40,412 [d25dc3b0-28fc-4383-b1a0-617845025f41-groupManagement] INFO  storage.RaftStorage (RaftStorageImpl.java:format(99)) - Storage directory /home/runner/work/ozone/ozone/hadoop-ozone/integration-test/target/test-dir/MiniOzoneClusterImpl-a0fc024b-a492-45a5-9697-b0d14f72cb5c/datanode-2/data/ratis/a7366094-685d-4073-9d9e-3075feac11d2 has been successfully formatted.
2024-02-22 20:33:40,412 [d25dc3b0-28fc-4383-b1a0-617845025f41-groupManagement] WARN  util.FileUtils (LogUtils.java:supplyAndLog(63)) - Failed to Files.newInputStream /home/runner/work/ozone/ozone/hadoop-ozone/integration-test/target/test-dir/MiniOzoneClusterImpl-a0fc024b-a492-45a5-9697-b0d14f72cb5c/datanode-2/data/ratis/a7366094-685d-4073-9d9e-3075feac11d2/current/raft-meta.conf with options []: java.nio.file.NoSuchFileException: /home/runner/work/ozone/ozone/hadoop-ozone/integration-test/target/test-dir/MiniOzoneClusterImpl-a0fc024b-a492-45a5-9697-b0d14f72cb5c/datanode-2/data/ratis/a7366094-685d-4073-9d9e-3075feac11d2/current/raft-meta.conf
2024-02-22 20:33:40,409 [e46a6e51-795f-4801-a523-c45a6c7f2c34-groupManagement] INFO  server.RaftServerConfigKeys (ConfUtils.java:logGet(46)) - raft.server.threadpool.server.size = 0 (default)
2024-02-22 20:33:40,407 [13f92446-3b18-4d81-bc66-0f9b00220e72-groupManagement] INFO  storage.RaftStorage (RaftStorageImpl.java:format(99)) - Storage directory /home/runner/work/ozone/ozone/hadoop-ozone/integration-test/target/test-dir/MiniOzoneClusterImpl-a0fc024b-a492-45a5-9697-b0d14f72cb5c/datanode-7/data/ratis/d218b5b2-1780-4e0a-a27d-ef19ab1be06f has been successfully formatted.
2024-02-22 20:33:40,413 [13f92446-3b18-4d81-bc66-0f9b00220e72-groupManagement] WARN  util.FileUtils (LogUtils.java:supplyAndLog(63)) - Failed to Files.newInputStream /home/runner/work/ozone/ozone/hadoop-ozone/integration-test/target/test-dir/MiniOzoneClusterImpl-a0fc024b-a492-45a5-9697-b0d14f72cb5c/datanode-7/data/ratis/d218b5b2-1780-4e0a-a27d-ef19ab1be06f/current/raft-meta.conf with options []: java.nio.file.NoSuchFileException: /home/runner/work/ozone/ozone/hadoop-ozone/integration-test/target/test-dir/MiniOzoneClusterImpl-a0fc024b-a492-45a5-9697-b0d14f72cb5c/datanode-7/data/ratis/d218b5b2-1780-4e0a-a27d-ef19ab1be06f/current/raft-meta.conf
2024-02-22 20:33:40,413 [c30fedce-f286-40e0-881d-3d5a9a6e2463-groupManagement] INFO  server.RaftServer$Division (RaftServerImpl.java:<init>(256)) - c30fedce-f286-40e0-881d-3d5a9a6e2463: new RaftServerImpl for group-B58ED9299B6F:[78f89d9b-e409-4704-890b-bfcfbcdfd28a|10.1.0.33:15086, c30fedce-f286-40e0-881d-3d5a9a6e2463|10.1.0.33:15068, 13f92446-3b18-4d81-bc66-0f9b00220e72|10.1.0.33:15077] with ContainerStateMachine:uninitialized
2024-02-22 20:33:40,413 [c30fedce-f286-40e0-881d-3d5a9a6e2463-groupManagement] INFO  server.RaftServerConfigKeys (ConfUtils.java:logGet(46)) - raft.server.rpc.timeout.min = 5s (custom)
2024-02-22 20:33:40,414 [c30fedce-f286-40e0-881d-3d5a9a6e2463-groupManagement] INFO  server.RaftServerConfigKeys (ConfUtils.java:logGet(46)) - raft.server.rpc.timeout.max = 5200ms (custom)
2024-02-22 20:33:40,414 [c30fedce-f286-40e0-881d-3d5a9a6e2463-groupManagement] INFO  server.RaftServerConfigKeys (ConfUtils.java:logGet(46)) - raft.server.rpc.sleep.time = 25ms (default)
2024-02-22 20:33:40,414 [c30fedce-f286-40e0-881d-3d5a9a6e2463-groupManagement] INFO  server.RaftServerConfigKeys (ConfUtils.java:logGet(46)) - raft.server.rpc.slowness.timeout = 300s (custom)
2024-02-22 20:33:40,414 [c30fedce-f286-40e0-881d-3d5a9a6e2463-groupManagement] INFO  server.RaftServerConfigKeys (ConfUtils.java:logGet(46)) - raft.server.leaderelection.leader.step-down.wait-time = 10s (default)
2024-02-22 20:33:40,414 [c30fedce-f286-40e0-881d-3d5a9a6e2463-groupManagement] INFO  server.RaftServerConfigKeys (ConfUtils.java:logGet(46)) - raft.server.leaderelection.member.majority-add = false (default)
2024-02-22 20:33:40,414 [c30fedce-f286-40e0-881d-3d5a9a6e2463-groupManagement] INFO  server.RaftServerConfigKeys (ConfUtils.java:logGet(46)) - raft.server.sleep.deviation.threshold = 300ms (default)
2024-02-22 20:33:40,414 [c30fedce-f286-40e0-881d-3d5a9a6e2463-groupManagement] INFO  server.RaftServer$Division (ServerState.java:<init>(113)) - c30fedce-f286-40e0-881d-3d5a9a6e2463@group-B58ED9299B6F: ConfigurationManager, init=-1: peers:[78f89d9b-e409-4704-890b-bfcfbcdfd28a|10.1.0.33:15086, c30fedce-f286-40e0-881d-3d5a9a6e2463|10.1.0.33:15068, 13f92446-3b18-4d81-bc66-0f9b00220e72|10.1.0.33:15077]|listeners:[], old=null, confs=<EMPTY_MAP>
2024-02-22 20:33:40,414 [c30fedce-f286-40e0-881d-3d5a9a6e2463-groupManagement] INFO  server.RaftServerConfigKeys (ConfUtils.java:logGet(46)) - raft.server.notification.no-leader.timeout = 300s (custom)
2024-02-22 20:33:40,414 [c30fedce-f286-40e0-881d-3d5a9a6e2463-groupManagement] INFO  server.RaftServerConfigKeys (ConfUtils.java:logGet(46)) - raft.server.read.timeout = 10s (default)
2024-02-22 20:33:40,414 [c30fedce-f286-40e0-881d-3d5a9a6e2463-groupManagement] INFO  server.RaftServerConfigKeys (ConfUtils.java:logGet(46)) - raft.server.retrycache.expirytime = 600000ms (custom)
2024-02-22 20:33:40,414 [c30fedce-f286-40e0-881d-3d5a9a6e2463-groupManagement] INFO  server.RaftServerConfigKeys (ConfUtils.java:logGet(46)) - raft.server.retrycache.statistics.expirytime = 100ms (default)
2024-02-22 20:33:40,414 [c30fedce-f286-40e0-881d-3d5a9a6e2463-groupManagement] INFO  server.RaftServerConfigKeys (ConfUtils.java:logGet(46)) - raft.server.read.option = DEFAULT (default)
2024-02-22 20:33:40,414 [c30fedce-f286-40e0-881d-3d5a9a6e2463-groupManagement] INFO  server.RaftServerConfigKeys (ConfUtils.java:logGet(46)) - raft.server.read.read-after-write-consistent.write-index-cache.expiry-time = 60s (default)
2024-02-22 20:33:40,407 [923be64f-71f4-4891-b05d-82ff5a9df5b5-groupManagement] INFO  storage.RaftStorage (RaftStorageImpl.java:format(99)) - Storage directory /home/runner/work/ozone/ozone/hadoop-ozone/integration-test/target/test-dir/MiniOzoneClusterImpl-a0fc024b-a492-45a5-9697-b0d14f72cb5c/datanode-1/data/ratis/90e41e33-6449-465e-944d-26eafc745620 has been successfully formatted.
2024-02-22 20:33:40,416 [923be64f-71f4-4891-b05d-82ff5a9df5b5-groupManagement] WARN  util.FileUtils (LogUtils.java:supplyAndLog(63)) - Failed to Files.newInputStream /home/runner/work/ozone/ozone/hadoop-ozone/integration-test/target/test-dir/MiniOzoneClusterImpl-a0fc024b-a492-45a5-9697-b0d14f72cb5c/datanode-1/data/ratis/90e41e33-6449-465e-944d-26eafc745620/current/raft-meta.conf with options []: java.nio.file.NoSuchFileException: /home/runner/work/ozone/ozone/hadoop-ozone/integration-test/target/test-dir/MiniOzoneClusterImpl-a0fc024b-a492-45a5-9697-b0d14f72cb5c/datanode-1/data/ratis/90e41e33-6449-465e-944d-26eafc745620/current/raft-meta.conf
2024-02-22 20:33:40,417 [4e8f68d6-fd98-4f77-87e3-715939181693-groupManagement] INFO  util.AwaitToRun (AwaitToRun.java:start(81)) - Thread[4e8f68d6-fd98-4f77-87e3-715939181693@group-89543CF42D33-cacheEviction-AwaitToRun,5,main] started
2024-02-22 20:33:40,417 [4e8f68d6-fd98-4f77-87e3-715939181693-groupManagement] INFO  segmented.SegmentedRaftLogWorker (SegmentedRaftLogWorker.java:<init>(182)) - new 4e8f68d6-fd98-4f77-87e3-715939181693@group-89543CF42D33-SegmentedRaftLogWorker for RaftStorageImpl:Storage Directory /home/runner/work/ozone/ozone/hadoop-ozone/integration-test/target/test-dir/MiniOzoneClusterImpl-a0fc024b-a492-45a5-9697-b0d14f72cb5c/datanode-3/data/ratis/8e592c52-1f2d-49c6-9232-89543cf42d33
2024-02-22 20:33:40,417 [4e8f68d6-fd98-4f77-87e3-715939181693-groupManagement] INFO  server.RaftServerConfigKeys (ConfUtils.java:logGet(46)) - raft.server.log.queue.byte-limit = 4294967296 (custom)
2024-02-22 20:33:40,417 [4e8f68d6-fd98-4f77-87e3-715939181693-groupManagement] INFO  server.RaftServerConfigKeys (ConfUtils.java:logGet(46)) - raft.server.log.queue.element-limit = 1024 (custom)
2024-02-22 20:33:40,417 [4e8f68d6-fd98-4f77-87e3-715939181693-groupManagement] INFO  server.RaftServerConfigKeys (ConfUtils.java:logGet(46)) - raft.server.log.segment.size.max = 67108864 (custom)
2024-02-22 20:33:40,418 [4e8f68d6-fd98-4f77-87e3-715939181693-groupManagement] INFO  server.RaftServerConfigKeys (ConfUtils.java:logGet(46)) - raft.server.log.preallocated.size = 4194304 (custom)
2024-02-22 20:33:40,418 [4e8f68d6-fd98-4f77-87e3-715939181693-groupManagement] INFO  server.RaftServerConfigKeys (ConfUtils.java:logGet(46)) - raft.server.log.force.sync.num = 128 (default)
2024-02-22 20:33:40,418 [4e8f68d6-fd98-4f77-87e3-715939181693-groupManagement] INFO  server.RaftServerConfigKeys (ConfUtils.java:logGet(46)) - raft.server.log.statemachine.data.sync = true (default)
2024-02-22 20:33:40,418 [4e8f68d6-fd98-4f77-87e3-715939181693-groupManagement] INFO  server.RaftServerConfigKeys (ConfUtils.java:logGet(46)) - raft.server.log.statemachine.data.sync.timeout = 10s (default)
2024-02-22 20:33:40,418 [4e8f68d6-fd98-4f77-87e3-715939181693-groupManagement] INFO  server.RaftServerConfigKeys (ConfUtils.java:logGet(46)) - raft.server.log.statemachine.data.sync.timeout.retry = 0 (custom)
2024-02-22 20:33:40,419 [EventQueue-OpenPipelineForHealthyPipelineSafeModeRule] INFO  safemode.SCMSafeModeManager (HealthyPipelineSafeModeRule.java:process(140)) - SCM in safe mode. Healthy pipelines reported count is 0, required healthy pipeline reported count is 1
2024-02-22 20:33:40,420 [d25dc3b0-28fc-4383-b1a0-617845025f41-groupManagement] INFO  ratis.ContainerStateMachine (ContainerStateMachine.java:loadSnapshot(287)) - group-3075FEAC11D2: The snapshot info is null. Setting the last applied index to:(t:0, i:~)
2024-02-22 20:33:40,420 [d25dc3b0-28fc-4383-b1a0-617845025f41-groupManagement] INFO  server.RaftServerConfigKeys (ConfUtils.java:logGet(46)) - raft.server.log.use.memory = false (default)
2024-02-22 20:33:40,420 [d25dc3b0-28fc-4383-b1a0-617845025f41-groupManagement] INFO  server.RaftServerConfigKeys (ConfUtils.java:logGet(46)) - raft.server.log.purge.gap = 1000000 (custom)
2024-02-22 20:33:40,421 [d25dc3b0-28fc-4383-b1a0-617845025f41-groupManagement] INFO  server.RaftServerConfigKeys (ConfUtils.java:logGet(46)) - raft.server.log.appender.buffer.byte-limit = 8388608 (custom)
2024-02-22 20:33:40,421 [d25dc3b0-28fc-4383-b1a0-617845025f41-groupManagement] INFO  server.RaftServerConfigKeys (ConfUtils.java:logGet(46)) - raft.server.log.statemachine.data.read.timeout = 1000ms (default)
2024-02-22 20:33:40,421 [d25dc3b0-28fc-4383-b1a0-617845025f41-groupManagement] INFO  server.RaftServerConfigKeys (ConfUtils.java:logGet(46)) - raft.server.log.purge.preservation.log.num = 0 (default)
2024-02-22 20:33:40,422 [EventQueue-OpenPipelineForHealthyPipelineSafeModeRule] INFO  safemode.SCMSafeModeManager (HealthyPipelineSafeModeRule.java:process(140)) - SCM in safe mode. Healthy pipelines reported count is 0, required healthy pipeline reported count is 1
2024-02-22 20:33:40,423 [923be64f-71f4-4891-b05d-82ff5a9df5b5-groupManagement] INFO  ratis.ContainerStateMachine (ContainerStateMachine.java:loadSnapshot(287)) - group-26EAFC745620: The snapshot info is null. Setting the last applied index to:(t:0, i:~)
2024-02-22 20:33:40,423 [923be64f-71f4-4891-b05d-82ff5a9df5b5-groupManagement] INFO  server.RaftServerConfigKeys (ConfUtils.java:logGet(46)) - raft.server.log.use.memory = false (default)
2024-02-22 20:33:40,424 [923be64f-71f4-4891-b05d-82ff5a9df5b5-groupManagement] INFO  server.RaftServerConfigKeys (ConfUtils.java:logGet(46)) - raft.server.log.purge.gap = 1000000 (custom)
2024-02-22 20:33:40,427 [923be64f-71f4-4891-b05d-82ff5a9df5b5-groupManagement] INFO  server.RaftServerConfigKeys (ConfUtils.java:logGet(46)) - raft.server.log.appender.buffer.byte-limit = 8388608 (custom)
2024-02-22 20:33:40,428 [923be64f-71f4-4891-b05d-82ff5a9df5b5-groupManagement] INFO  server.RaftServerConfigKeys (ConfUtils.java:logGet(46)) - raft.server.log.statemachine.data.read.timeout = 1000ms (default)
2024-02-22 20:33:40,428 [923be64f-71f4-4891-b05d-82ff5a9df5b5-groupManagement] INFO  server.RaftServerConfigKeys (ConfUtils.java:logGet(46)) - raft.server.log.purge.preservation.log.num = 0 (default)
2024-02-22 20:33:40,414 [e46a6e51-795f-4801-a523-c45a6c7f2c34-groupManagement] INFO  server.RaftServerConfigKeys (ConfUtils.java:logGet(46)) - raft.server.threadpool.client.cached = true (default)
2024-02-22 20:33:40,427 [c30fedce-f286-40e0-881d-3d5a9a6e2463-groupManagement] INFO  server.RaftServerConfigKeys (ConfUtils.java:logGet(46)) - raft.server.rpc.request.timeout = 60s (custom)
2024-02-22 20:33:40,427 [4e8f68d6-fd98-4f77-87e3-715939181693-groupManagement] INFO  server.RaftServerConfigKeys (ConfUtils.java:logGet(46)) - raft.server.log.write.buffer.size = 8388616 (custom)
2024-02-22 20:33:40,427 [d25dc3b0-28fc-4383-b1a0-617845025f41-groupManagement] INFO  server.RaftServerConfigKeys (ConfUtils.java:logGet(46)) - raft.server.log.segment.size.max = 67108864 (custom)
2024-02-22 20:33:40,423 [EventQueue-PipelineReportForPipelineReportHandler] INFO  pipeline.PipelineReportHandler (PipelineReportHandler.java:processPipelineReport(136)) - Opened pipeline PipelineID=a7366094-685d-4073-9d9e-3075feac11d2
2024-02-22 20:33:40,420 [13f92446-3b18-4d81-bc66-0f9b00220e72-groupManagement] INFO  ratis.ContainerStateMachine (ContainerStateMachine.java:loadSnapshot(287)) - group-EF19AB1BE06F: The snapshot info is null. Setting the last applied index to:(t:0, i:~)
2024-02-22 20:33:40,429 [EventQueue-OpenPipelineForHealthyPipelineSafeModeRule] INFO  safemode.SCMSafeModeManager (HealthyPipelineSafeModeRule.java:process(140)) - SCM in safe mode. Healthy pipelines reported count is 0, required healthy pipeline reported count is 1
2024-02-22 20:33:40,429 [EventQueue-OpenPipelineForHealthyPipelineSafeModeRule] INFO  safemode.SCMSafeModeManager (HealthyPipelineSafeModeRule.java:process(140)) - SCM in safe mode. Healthy pipelines reported count is 0, required healthy pipeline reported count is 1
2024-02-22 20:33:40,429 [13f92446-3b18-4d81-bc66-0f9b00220e72-groupManagement] INFO  server.RaftServerConfigKeys (ConfUtils.java:logGet(46)) - raft.server.log.use.memory = false (default)
2024-02-22 20:33:40,429 [e46a6e51-795f-4801-a523-c45a6c7f2c34-groupManagement] INFO  server.RaftServerConfigKeys (ConfUtils.java:logGet(46)) - raft.server.threadpool.client.size = 0 (default)
2024-02-22 20:33:40,430 [13f92446-3b18-4d81-bc66-0f9b00220e72-groupManagement] INFO  server.RaftServerConfigKeys (ConfUtils.java:logGet(46)) - raft.server.log.purge.gap = 1000000 (custom)
2024-02-22 20:33:40,430 [EventQueue-PipelineReportForPipelineReportHandler] INFO  pipeline.PipelineReportHandler (PipelineReportHandler.java:processPipelineReport(136)) - Opened pipeline PipelineID=90e41e33-6449-465e-944d-26eafc745620
2024-02-22 20:33:40,430 [EventQueue-OpenPipelineForHealthyPipelineSafeModeRule] INFO  safemode.SCMSafeModeManager (HealthyPipelineSafeModeRule.java:process(140)) - SCM in safe mode. Healthy pipelines reported count is 0, required healthy pipeline reported count is 1
2024-02-22 20:33:40,430 [13f92446-3b18-4d81-bc66-0f9b00220e72-groupManagement] INFO  server.RaftServerConfigKeys (ConfUtils.java:logGet(46)) - raft.server.log.appender.buffer.byte-limit = 8388608 (custom)
2024-02-22 20:33:40,430 [13f92446-3b18-4d81-bc66-0f9b00220e72-groupManagement] INFO  server.RaftServerConfigKeys (ConfUtils.java:logGet(46)) - raft.server.log.statemachine.data.read.timeout = 1000ms (default)
2024-02-22 20:33:40,430 [13f92446-3b18-4d81-bc66-0f9b00220e72-groupManagement] INFO  server.RaftServerConfigKeys (ConfUtils.java:logGet(46)) - raft.server.log.purge.preservation.log.num = 0 (default)
2024-02-22 20:33:40,430 [4e8f68d6-fd98-4f77-87e3-715939181693-groupManagement] INFO  server.RaftServerConfigKeys (ConfUtils.java:logGet(46)) - raft.server.log.appender.buffer.byte-limit = 8388608 (custom)
2024-02-22 20:33:40,430 [4e8f68d6-fd98-4f77-87e3-715939181693-groupManagement] INFO  server.RaftServerConfigKeys (ConfUtils.java:logGet(46)) - raft.server.log.unsafe-flush.enabled = false (default)
2024-02-22 20:33:40,430 [4e8f68d6-fd98-4f77-87e3-715939181693-groupManagement] INFO  server.RaftServerConfigKeys (ConfUtils.java:logGet(46)) - raft.server.log.async-flush.enabled = false (default)
2024-02-22 20:33:40,431 [4e8f68d6-fd98-4f77-87e3-715939181693-groupManagement] INFO  server.RaftServerConfigKeys (ConfUtils.java:logGet(46)) - raft.server.log.statemachine.data.caching.enabled = true (custom)
2024-02-22 20:33:40,431 [e46a6e51-795f-4801-a523-c45a6c7f2c34-groupManagement] INFO  server.RaftServerConfigKeys (ConfUtils.java:logGet(46)) - raft.server.storage.free-space.min = 0MB (=0) (default)
2024-02-22 20:33:40,431 [e46a6e51-795f-4801-a523-c45a6c7f2c34-groupManagement] INFO  server.RaftServerConfigKeys (ConfUtils.java:logGet(46)) - raft.server.log.corruption.policy = EXCEPTION (default)
2024-02-22 20:33:40,431 [e46a6e51-795f-4801-a523-c45a6c7f2c34-groupManagement] INFO  server.RaftServerConfigKeys (ConfUtils.java:logGet(46)) - raft.server.storage.dir = [/home/runner/work/ozone/ozone/hadoop-ozone/integration-test/target/test-dir/MiniOzoneClusterImpl-a0fc024b-a492-45a5-9697-b0d14f72cb5c/datanode-0/data/ratis] (custom)
2024-02-22 20:33:40,431 [e46a6e51-795f-4801-a523-c45a6c7f2c34-groupManagement] INFO  storage.RaftStorageDirectory (RaftStorageDirectoryImpl.java:analyzeStorage(138)) - The storage directory /home/runner/work/ozone/ozone/hadoop-ozone/integration-test/target/test-dir/MiniOzoneClusterImpl-a0fc024b-a492-45a5-9697-b0d14f72cb5c/datanode-0/data/ratis/efc484b9-defd-45a9-8873-d74cd222b38a does not exist. Creating ...
2024-02-22 20:33:40,431 [c30fedce-f286-40e0-881d-3d5a9a6e2463-groupManagement] INFO  server.RaftServerConfigKeys (ConfUtils.java:logGet(46)) - raft.server.log.appender.install.snapshot.enabled = false (custom)
2024-02-22 20:33:40,431 [c30fedce-f286-40e0-881d-3d5a9a6e2463-groupManagement] INFO  server.RaftServerConfigKeys (ConfUtils.java:logGet(46)) - raft.server.threadpool.server.cached = true (default)
2024-02-22 20:33:40,431 [c30fedce-f286-40e0-881d-3d5a9a6e2463-groupManagement] INFO  server.RaftServerConfigKeys (ConfUtils.java:logGet(46)) - raft.server.threadpool.server.size = 0 (default)
2024-02-22 20:33:40,431 [c30fedce-f286-40e0-881d-3d5a9a6e2463-groupManagement] INFO  server.RaftServerConfigKeys (ConfUtils.java:logGet(46)) - raft.server.threadpool.client.cached = true (default)
2024-02-22 20:33:40,431 [c30fedce-f286-40e0-881d-3d5a9a6e2463-groupManagement] INFO  server.RaftServerConfigKeys (ConfUtils.java:logGet(46)) - raft.server.threadpool.client.size = 0 (default)
2024-02-22 20:33:40,431 [4e8f68d6-fd98-4f77-87e3-715939181693-groupManagement] INFO  segmented.SegmentedRaftLogWorker (SegmentedRaftLogWorker.java:lambda$new$0(134)) - 4e8f68d6-fd98-4f77-87e3-715939181693@group-89543CF42D33-SegmentedRaftLogWorker: flushIndex: setUnconditionally 0 -> -1
2024-02-22 20:33:40,432 [4e8f68d6-fd98-4f77-87e3-715939181693-groupManagement] INFO  segmented.SegmentedRaftLogWorker (SegmentedRaftLogWorker.java:lambda$new$0(134)) - 4e8f68d6-fd98-4f77-87e3-715939181693@group-89543CF42D33-SegmentedRaftLogWorker: safeCacheEvictIndex: setUnconditionally 0 -> -1
2024-02-22 20:33:40,432 [c30fedce-f286-40e0-881d-3d5a9a6e2463-groupManagement] INFO  server.RaftServerConfigKeys (ConfUtils.java:logGet(46)) - raft.server.storage.free-space.min = 0MB (=0) (default)
2024-02-22 20:33:40,432 [c30fedce-f286-40e0-881d-3d5a9a6e2463-groupManagement] INFO  server.RaftServerConfigKeys (ConfUtils.java:logGet(46)) - raft.server.log.corruption.policy = EXCEPTION (default)
2024-02-22 20:33:40,432 [c30fedce-f286-40e0-881d-3d5a9a6e2463-groupManagement] INFO  server.RaftServerConfigKeys (ConfUtils.java:logGet(46)) - raft.server.storage.dir = [/home/runner/work/ozone/ozone/hadoop-ozone/integration-test/target/test-dir/MiniOzoneClusterImpl-a0fc024b-a492-45a5-9697-b0d14f72cb5c/datanode-6/data/ratis] (custom)
2024-02-22 20:33:40,432 [c30fedce-f286-40e0-881d-3d5a9a6e2463-groupManagement] INFO  storage.RaftStorageDirectory (RaftStorageDirectoryImpl.java:analyzeStorage(138)) - The storage directory /home/runner/work/ozone/ozone/hadoop-ozone/integration-test/target/test-dir/MiniOzoneClusterImpl-a0fc024b-a492-45a5-9697-b0d14f72cb5c/datanode-6/data/ratis/d49f5e63-9859-43c9-95b6-b58ed9299b6f does not exist. Creating ...
2024-02-22 20:33:40,433 [e46a6e51-795f-4801-a523-c45a6c7f2c34-groupManagement] INFO  storage.RaftStorageDirectory (RaftStorageDirectoryImpl.java:tryLock(228)) - Lock on /home/runner/work/ozone/ozone/hadoop-ozone/integration-test/target/test-dir/MiniOzoneClusterImpl-a0fc024b-a492-45a5-9697-b0d14f72cb5c/datanode-0/data/ratis/efc484b9-defd-45a9-8873-d74cd222b38a/in_use.lock acquired by nodename 30552@fv-az779-213
2024-02-22 20:33:40,433 [c30fedce-f286-40e0-881d-3d5a9a6e2463-groupManagement] INFO  storage.RaftStorageDirectory (RaftStorageDirectoryImpl.java:tryLock(228)) - Lock on /home/runner/work/ozone/ozone/hadoop-ozone/integration-test/target/test-dir/MiniOzoneClusterImpl-a0fc024b-a492-45a5-9697-b0d14f72cb5c/datanode-6/data/ratis/d49f5e63-9859-43c9-95b6-b58ed9299b6f/in_use.lock acquired by nodename 30552@fv-az779-213
2024-02-22 20:33:40,433 [d25dc3b0-28fc-4383-b1a0-617845025f41-groupManagement] INFO  server.RaftServerConfigKeys (ConfUtils.java:logGet(46)) - raft.server.log.segment.cache.num.max = 2 (custom)
2024-02-22 20:33:40,434 [d25dc3b0-28fc-4383-b1a0-617845025f41-groupManagement] INFO  server.RaftServerConfigKeys (ConfUtils.java:logGet(46)) - raft.server.log.segment.cache.size.max = 200MB (=209715200) (default)
2024-02-22 20:33:40,434 [d25dc3b0-28fc-4383-b1a0-617845025f41-groupManagement] INFO  server.RaftServerConfigKeys (ConfUtils.java:logGet(46)) - raft.server.log.appender.buffer.byte-limit = 8388608 (custom)
2024-02-22 20:33:40,434 [c30fedce-f286-40e0-881d-3d5a9a6e2463-groupManagement] INFO  storage.RaftStorage (RaftStorageImpl.java:format(99)) - Storage directory /home/runner/work/ozone/ozone/hadoop-ozone/integration-test/target/test-dir/MiniOzoneClusterImpl-a0fc024b-a492-45a5-9697-b0d14f72cb5c/datanode-6/data/ratis/d49f5e63-9859-43c9-95b6-b58ed9299b6f has been successfully formatted.
2024-02-22 20:33:40,435 [c30fedce-f286-40e0-881d-3d5a9a6e2463-groupManagement] WARN  util.FileUtils (LogUtils.java:supplyAndLog(63)) - Failed to Files.newInputStream /home/runner/work/ozone/ozone/hadoop-ozone/integration-test/target/test-dir/MiniOzoneClusterImpl-a0fc024b-a492-45a5-9697-b0d14f72cb5c/datanode-6/data/ratis/d49f5e63-9859-43c9-95b6-b58ed9299b6f/current/raft-meta.conf with options []: java.nio.file.NoSuchFileException: /home/runner/work/ozone/ozone/hadoop-ozone/integration-test/target/test-dir/MiniOzoneClusterImpl-a0fc024b-a492-45a5-9697-b0d14f72cb5c/datanode-6/data/ratis/d49f5e63-9859-43c9-95b6-b58ed9299b6f/current/raft-meta.conf
2024-02-22 20:33:40,435 [e46a6e51-795f-4801-a523-c45a6c7f2c34-groupManagement] INFO  storage.RaftStorage (RaftStorageImpl.java:format(99)) - Storage directory /home/runner/work/ozone/ozone/hadoop-ozone/integration-test/target/test-dir/MiniOzoneClusterImpl-a0fc024b-a492-45a5-9697-b0d14f72cb5c/datanode-0/data/ratis/efc484b9-defd-45a9-8873-d74cd222b38a has been successfully formatted.
2024-02-22 20:33:40,435 [e46a6e51-795f-4801-a523-c45a6c7f2c34-groupManagement] WARN  util.FileUtils (LogUtils.java:supplyAndLog(63)) - Failed to Files.newInputStream /home/runner/work/ozone/ozone/hadoop-ozone/integration-test/target/test-dir/MiniOzoneClusterImpl-a0fc024b-a492-45a5-9697-b0d14f72cb5c/datanode-0/data/ratis/efc484b9-defd-45a9-8873-d74cd222b38a/current/raft-meta.conf with options []: java.nio.file.NoSuchFileException: /home/runner/work/ozone/ozone/hadoop-ozone/integration-test/target/test-dir/MiniOzoneClusterImpl-a0fc024b-a492-45a5-9697-b0d14f72cb5c/datanode-0/data/ratis/efc484b9-defd-45a9-8873-d74cd222b38a/current/raft-meta.conf
2024-02-22 20:33:40,438 [4e8f68d6-fd98-4f77-87e3-715939181693-groupManagement] INFO  server.RaftServer$Division (RaftServerImpl.java:start(396)) - 4e8f68d6-fd98-4f77-87e3-715939181693@group-89543CF42D33: start as a follower, conf=-1: peers:[86ab988c-fa9c-425d-a1c6-9004ff7fd93d|10.1.0.33:15059, 4e8f68d6-fd98-4f77-87e3-715939181693|10.1.0.33:15041, dc26353c-d48a-467d-89cd-3a7c4b626396|10.1.0.33:15050]|listeners:[], old=null
2024-02-22 20:33:40,438 [4e8f68d6-fd98-4f77-87e3-715939181693-groupManagement] INFO  server.RaftServer$Division (RaftServerImpl.java:setRole(383)) - 4e8f68d6-fd98-4f77-87e3-715939181693@group-89543CF42D33: changes role from      null to FOLLOWER at term 0 for startAsFollower
2024-02-22 20:33:40,439 [4e8f68d6-fd98-4f77-87e3-715939181693-groupManagement] INFO  impl.RoleInfo (RoleInfo.java:updateAndGet(139)) - 4e8f68d6-fd98-4f77-87e3-715939181693: start 4e8f68d6-fd98-4f77-87e3-715939181693@group-89543CF42D33-FollowerState
2024-02-22 20:33:40,440 [e46a6e51-795f-4801-a523-c45a6c7f2c34-groupManagement] INFO  ratis.ContainerStateMachine (ContainerStateMachine.java:loadSnapshot(287)) - group-D74CD222B38A: The snapshot info is null. Setting the last applied index to:(t:0, i:~)
2024-02-22 20:33:40,441 [e46a6e51-795f-4801-a523-c45a6c7f2c34-groupManagement] INFO  server.RaftServerConfigKeys (ConfUtils.java:logGet(46)) - raft.server.log.use.memory = false (default)
2024-02-22 20:33:40,441 [e46a6e51-795f-4801-a523-c45a6c7f2c34-groupManagement] INFO  server.RaftServerConfigKeys (ConfUtils.java:logGet(46)) - raft.server.log.purge.gap = 1000000 (custom)
2024-02-22 20:33:40,442 [e46a6e51-795f-4801-a523-c45a6c7f2c34-groupManagement] INFO  server.RaftServerConfigKeys (ConfUtils.java:logGet(46)) - raft.server.log.appender.buffer.byte-limit = 8388608 (custom)
2024-02-22 20:33:40,442 [e46a6e51-795f-4801-a523-c45a6c7f2c34-groupManagement] INFO  server.RaftServerConfigKeys (ConfUtils.java:logGet(46)) - raft.server.log.statemachine.data.read.timeout = 1000ms (default)
2024-02-22 20:33:40,443 [e46a6e51-795f-4801-a523-c45a6c7f2c34-groupManagement] INFO  server.RaftServerConfigKeys (ConfUtils.java:logGet(46)) - raft.server.log.purge.preservation.log.num = 0 (default)
2024-02-22 20:33:40,442 [4e8f68d6-fd98-4f77-87e3-715939181693@group-89543CF42D33-FollowerState] INFO  server.RaftServerConfigKeys (ConfUtils.java:logFallback(53)) - raft.server.rpc.first-election.timeout.min = 5s (fallback to raft.server.rpc.timeout.min)
2024-02-22 20:33:40,445 [4e8f68d6-fd98-4f77-87e3-715939181693@group-89543CF42D33-FollowerState] INFO  server.RaftServerConfigKeys (ConfUtils.java:logFallback(53)) - raft.server.rpc.first-election.timeout.max = 5200ms (fallback to raft.server.rpc.timeout.max)
2024-02-22 20:33:40,441 [EventQueue-OpenPipelineForHealthyPipelineSafeModeRule] INFO  safemode.SCMSafeModeManager (HealthyPipelineSafeModeRule.java:process(140)) - SCM in safe mode. Healthy pipelines reported count is 0, required healthy pipeline reported count is 1
2024-02-22 20:33:40,445 [13f92446-3b18-4d81-bc66-0f9b00220e72-groupManagement] INFO  server.RaftServerConfigKeys (ConfUtils.java:logGet(46)) - raft.server.log.segment.size.max = 67108864 (custom)
2024-02-22 20:33:40,441 [EventQueue-PipelineReportForPipelineReportHandler] INFO  pipeline.PipelineReportHandler (PipelineReportHandler.java:processPipelineReport(136)) - Opened pipeline PipelineID=efc484b9-defd-45a9-8873-d74cd222b38a
2024-02-22 20:33:40,447 [923be64f-71f4-4891-b05d-82ff5a9df5b5-groupManagement] INFO  server.RaftServerConfigKeys (ConfUtils.java:logGet(46)) - raft.server.log.segment.size.max = 67108864 (custom)
2024-02-22 20:33:40,447 [13f92446-3b18-4d81-bc66-0f9b00220e72-groupManagement] INFO  server.RaftServerConfigKeys (ConfUtils.java:logGet(46)) - raft.server.log.segment.cache.num.max = 2 (custom)
2024-02-22 20:33:40,448 [13f92446-3b18-4d81-bc66-0f9b00220e72-groupManagement] INFO  server.RaftServerConfigKeys (ConfUtils.java:logGet(46)) - raft.server.log.segment.cache.size.max = 200MB (=209715200) (default)
2024-02-22 20:33:40,448 [13f92446-3b18-4d81-bc66-0f9b00220e72-groupManagement] INFO  server.RaftServerConfigKeys (ConfUtils.java:logGet(46)) - raft.server.log.appender.buffer.byte-limit = 8388608 (custom)
2024-02-22 20:33:40,449 [923be64f-71f4-4891-b05d-82ff5a9df5b5-groupManagement] INFO  server.RaftServerConfigKeys (ConfUtils.java:logGet(46)) - raft.server.log.segment.cache.num.max = 2 (custom)
2024-02-22 20:33:40,449 [923be64f-71f4-4891-b05d-82ff5a9df5b5-groupManagement] INFO  server.RaftServerConfigKeys (ConfUtils.java:logGet(46)) - raft.server.log.segment.cache.size.max = 200MB (=209715200) (default)
2024-02-22 20:33:40,449 [923be64f-71f4-4891-b05d-82ff5a9df5b5-groupManagement] INFO  server.RaftServerConfigKeys (ConfUtils.java:logGet(46)) - raft.server.log.appender.buffer.byte-limit = 8388608 (custom)
2024-02-22 20:33:40,451 [EventQueue-OpenPipelineForHealthyPipelineSafeModeRule] INFO  safemode.SCMSafeModeManager (HealthyPipelineSafeModeRule.java:process(140)) - SCM in safe mode. Healthy pipelines reported count is 0, required healthy pipeline reported count is 1
2024-02-22 20:33:40,451 [e46a6e51-795f-4801-a523-c45a6c7f2c34-groupManagement] INFO  server.RaftServerConfigKeys (ConfUtils.java:logGet(46)) - raft.server.log.segment.size.max = 67108864 (custom)
2024-02-22 20:33:40,451 [e46a6e51-795f-4801-a523-c45a6c7f2c34-groupManagement] INFO  server.RaftServerConfigKeys (ConfUtils.java:logGet(46)) - raft.server.log.segment.cache.num.max = 2 (custom)
2024-02-22 20:33:40,484 [e46a6e51-795f-4801-a523-c45a6c7f2c34-groupManagement] INFO  server.RaftServerConfigKeys (ConfUtils.java:logGet(46)) - raft.server.log.segment.cache.size.max = 200MB (=209715200) (default)
2024-02-22 20:33:40,484 [e46a6e51-795f-4801-a523-c45a6c7f2c34-groupManagement] INFO  server.RaftServerConfigKeys (ConfUtils.java:logGet(46)) - raft.server.log.appender.buffer.byte-limit = 8388608 (custom)
2024-02-22 20:33:40,445 [c30fedce-f286-40e0-881d-3d5a9a6e2463-groupManagement] INFO  ratis.ContainerStateMachine (ContainerStateMachine.java:loadSnapshot(287)) - group-B58ED9299B6F: The snapshot info is null. Setting the last applied index to:(t:0, i:~)
2024-02-22 20:33:40,445 [d25dc3b0-28fc-4383-b1a0-617845025f41-groupManagement] INFO  util.AwaitToRun (AwaitToRun.java:start(81)) - Thread[d25dc3b0-28fc-4383-b1a0-617845025f41@group-3075FEAC11D2-cacheEviction-AwaitToRun,5,main] started
2024-02-22 20:33:40,485 [d25dc3b0-28fc-4383-b1a0-617845025f41-groupManagement] INFO  segmented.SegmentedRaftLogWorker (SegmentedRaftLogWorker.java:<init>(182)) - new d25dc3b0-28fc-4383-b1a0-617845025f41@group-3075FEAC11D2-SegmentedRaftLogWorker for RaftStorageImpl:Storage Directory /home/runner/work/ozone/ozone/hadoop-ozone/integration-test/target/test-dir/MiniOzoneClusterImpl-a0fc024b-a492-45a5-9697-b0d14f72cb5c/datanode-2/data/ratis/a7366094-685d-4073-9d9e-3075feac11d2
2024-02-22 20:33:40,485 [d25dc3b0-28fc-4383-b1a0-617845025f41-groupManagement] INFO  server.RaftServerConfigKeys (ConfUtils.java:logGet(46)) - raft.server.log.queue.byte-limit = 4294967296 (custom)
2024-02-22 20:33:40,485 [d25dc3b0-28fc-4383-b1a0-617845025f41-groupManagement] INFO  server.RaftServerConfigKeys (ConfUtils.java:logGet(46)) - raft.server.log.queue.element-limit = 1024 (custom)
2024-02-22 20:33:40,485 [d25dc3b0-28fc-4383-b1a0-617845025f41-groupManagement] INFO  server.RaftServerConfigKeys (ConfUtils.java:logGet(46)) - raft.server.log.segment.size.max = 67108864 (custom)
2024-02-22 20:33:40,485 [d25dc3b0-28fc-4383-b1a0-617845025f41-groupManagement] INFO  server.RaftServerConfigKeys (ConfUtils.java:logGet(46)) - raft.server.log.preallocated.size = 4194304 (custom)
2024-02-22 20:33:40,485 [d25dc3b0-28fc-4383-b1a0-617845025f41-groupManagement] INFO  server.RaftServerConfigKeys (ConfUtils.java:logGet(46)) - raft.server.log.force.sync.num = 128 (default)
2024-02-22 20:33:40,485 [d25dc3b0-28fc-4383-b1a0-617845025f41-groupManagement] INFO  server.RaftServerConfigKeys (ConfUtils.java:logGet(46)) - raft.server.log.statemachine.data.sync = true (default)
2024-02-22 20:33:40,485 [d25dc3b0-28fc-4383-b1a0-617845025f41-groupManagement] INFO  server.RaftServerConfigKeys (ConfUtils.java:logGet(46)) - raft.server.log.statemachine.data.sync.timeout = 10s (default)
2024-02-22 20:33:40,485 [d25dc3b0-28fc-4383-b1a0-617845025f41-groupManagement] INFO  server.RaftServerConfigKeys (ConfUtils.java:logGet(46)) - raft.server.log.statemachine.data.sync.timeout.retry = 0 (custom)
2024-02-22 20:33:40,444 [78f89d9b-e409-4704-890b-bfcfbcdfd28a-PipelineCommandHandlerThread-0] INFO  server.RaftServer (RaftServerProxy.java:addNew(100)) - 78f89d9b-e409-4704-890b-bfcfbcdfd28a: addNew group-24226A001283:[78f89d9b-e409-4704-890b-bfcfbcdfd28a|10.1.0.33:15086] returns group-24226A001283:java.util.concurrent.CompletableFuture@48cbd37b[Not completed]
2024-02-22 20:33:40,443 [4e8f68d6-fd98-4f77-87e3-715939181693-groupManagement] INFO  util.JmxRegister (JmxRegister.java:tryRegister(44)) - Successfully registered JMX Bean with object name Ratis:service=RaftServer,group=group-89543CF42D33,id=4e8f68d6-fd98-4f77-87e3-715939181693
2024-02-22 20:33:40,486 [4e8f68d6-fd98-4f77-87e3-715939181693-groupManagement] INFO  server.RaftServerConfigKeys (ConfUtils.java:logGet(46)) - raft.server.snapshot.trigger-when-stop.enabled = true (default)
2024-02-22 20:33:40,486 [4e8f68d6-fd98-4f77-87e3-715939181693-groupManagement] INFO  server.RaftServerConfigKeys (ConfUtils.java:logGet(46)) - raft.server.snapshot.auto.trigger.enabled = true (custom)
2024-02-22 20:33:40,486 [4e8f68d6-fd98-4f77-87e3-715939181693-groupManagement] INFO  server.RaftServerConfigKeys (ConfUtils.java:logGet(46)) - raft.server.snapshot.auto.trigger.threshold = 10000 (custom)
2024-02-22 20:33:40,486 [4e8f68d6-fd98-4f77-87e3-715939181693-groupManagement] INFO  server.RaftServerConfigKeys (ConfUtils.java:logGet(46)) - raft.server.snapshot.retention.file.num = 5 (custom)
2024-02-22 20:33:40,487 [4e8f68d6-fd98-4f77-87e3-715939181693-groupManagement] INFO  server.RaftServerConfigKeys (ConfUtils.java:logGet(46)) - raft.server.log.purge.upto.snapshot.index = false (default)
2024-02-22 20:33:40,483 [923be64f-71f4-4891-b05d-82ff5a9df5b5-groupManagement] INFO  util.AwaitToRun (AwaitToRun.java:start(81)) - Thread[923be64f-71f4-4891-b05d-82ff5a9df5b5@group-26EAFC745620-cacheEviction-AwaitToRun,5,main] started
2024-02-22 20:33:40,487 [923be64f-71f4-4891-b05d-82ff5a9df5b5-groupManagement] INFO  segmented.SegmentedRaftLogWorker (SegmentedRaftLogWorker.java:<init>(182)) - new 923be64f-71f4-4891-b05d-82ff5a9df5b5@group-26EAFC745620-SegmentedRaftLogWorker for RaftStorageImpl:Storage Directory /home/runner/work/ozone/ozone/hadoop-ozone/integration-test/target/test-dir/MiniOzoneClusterImpl-a0fc024b-a492-45a5-9697-b0d14f72cb5c/datanode-1/data/ratis/90e41e33-6449-465e-944d-26eafc745620
2024-02-22 20:33:40,487 [923be64f-71f4-4891-b05d-82ff5a9df5b5-groupManagement] INFO  server.RaftServerConfigKeys (ConfUtils.java:logGet(46)) - raft.server.log.queue.byte-limit = 4294967296 (custom)
2024-02-22 20:33:40,487 [923be64f-71f4-4891-b05d-82ff5a9df5b5-groupManagement] INFO  server.RaftServerConfigKeys (ConfUtils.java:logGet(46)) - raft.server.log.queue.element-limit = 1024 (custom)
2024-02-22 20:33:40,487 [923be64f-71f4-4891-b05d-82ff5a9df5b5-groupManagement] INFO  server.RaftServerConfigKeys (ConfUtils.java:logGet(46)) - raft.server.log.segment.size.max = 67108864 (custom)
2024-02-22 20:33:40,487 [923be64f-71f4-4891-b05d-82ff5a9df5b5-groupManagement] INFO  server.RaftServerConfigKeys (ConfUtils.java:logGet(46)) - raft.server.log.preallocated.size = 4194304 (custom)
2024-02-22 20:33:40,487 [923be64f-71f4-4891-b05d-82ff5a9df5b5-groupManagement] INFO  server.RaftServerConfigKeys (ConfUtils.java:logGet(46)) - raft.server.log.force.sync.num = 128 (default)
2024-02-22 20:33:40,487 [923be64f-71f4-4891-b05d-82ff5a9df5b5-groupManagement] INFO  server.RaftServerConfigKeys (ConfUtils.java:logGet(46)) - raft.server.log.statemachine.data.sync = true (default)
2024-02-22 20:33:40,487 [923be64f-71f4-4891-b05d-82ff5a9df5b5-groupManagement] INFO  server.RaftServerConfigKeys (ConfUtils.java:logGet(46)) - raft.server.log.statemachine.data.sync.timeout = 10s (default)
2024-02-22 20:33:40,487 [923be64f-71f4-4891-b05d-82ff5a9df5b5-groupManagement] INFO  server.RaftServerConfigKeys (ConfUtils.java:logGet(46)) - raft.server.log.statemachine.data.sync.timeout.retry = 0 (custom)
2024-02-22 20:33:40,451 [13f92446-3b18-4d81-bc66-0f9b00220e72-groupManagement] INFO  util.AwaitToRun (AwaitToRun.java:start(81)) - Thread[13f92446-3b18-4d81-bc66-0f9b00220e72@group-EF19AB1BE06F-cacheEviction-AwaitToRun,5,main] started
2024-02-22 20:33:40,487 [13f92446-3b18-4d81-bc66-0f9b00220e72-groupManagement] INFO  segmented.SegmentedRaftLogWorker (SegmentedRaftLogWorker.java:<init>(182)) - new 13f92446-3b18-4d81-bc66-0f9b00220e72@group-EF19AB1BE06F-SegmentedRaftLogWorker for RaftStorageImpl:Storage Directory /home/runner/work/ozone/ozone/hadoop-ozone/integration-test/target/test-dir/MiniOzoneClusterImpl-a0fc024b-a492-45a5-9697-b0d14f72cb5c/datanode-7/data/ratis/d218b5b2-1780-4e0a-a27d-ef19ab1be06f
2024-02-22 20:33:40,451 [EventQueue-OpenPipelineForHealthyPipelineSafeModeRule] INFO  safemode.SCMSafeModeManager (HealthyPipelineSafeModeRule.java:process(140)) - SCM in safe mode. Healthy pipelines reported count is 0, required healthy pipeline reported count is 1
2024-02-22 20:33:40,488 [c30fedce-f286-40e0-881d-3d5a9a6e2463-groupManagement] INFO  server.RaftServerConfigKeys (ConfUtils.java:logGet(46)) - raft.server.log.use.memory = false (default)
2024-02-22 20:33:40,447 [78f89d9b-e409-4704-890b-bfcfbcdfd28a-groupManagement] INFO  server.RaftServer$Division (RaftServerImpl.java:<init>(256)) - 78f89d9b-e409-4704-890b-bfcfbcdfd28a: new RaftServerImpl for group-24226A001283:[78f89d9b-e409-4704-890b-bfcfbcdfd28a|10.1.0.33:15086] with ContainerStateMachine:uninitialized
2024-02-22 20:33:40,490 [78f89d9b-e409-4704-890b-bfcfbcdfd28a-groupManagement] INFO  server.RaftServerConfigKeys (ConfUtils.java:logGet(46)) - raft.server.rpc.timeout.min = 5s (custom)
2024-02-22 20:33:40,490 [78f89d9b-e409-4704-890b-bfcfbcdfd28a-groupManagement] INFO  server.RaftServerConfigKeys (ConfUtils.java:logGet(46)) - raft.server.rpc.timeout.max = 5200ms (custom)
2024-02-22 20:33:40,490 [78f89d9b-e409-4704-890b-bfcfbcdfd28a-groupManagement] INFO  server.RaftServerConfigKeys (ConfUtils.java:logGet(46)) - raft.server.rpc.sleep.time = 25ms (default)
2024-02-22 20:33:40,490 [78f89d9b-e409-4704-890b-bfcfbcdfd28a-groupManagement] INFO  server.RaftServerConfigKeys (ConfUtils.java:logGet(46)) - raft.server.rpc.slowness.timeout = 300s (custom)
2024-02-22 20:33:40,490 [78f89d9b-e409-4704-890b-bfcfbcdfd28a-groupManagement] INFO  server.RaftServerConfigKeys (ConfUtils.java:logGet(46)) - raft.server.leaderelection.leader.step-down.wait-time = 10s (default)
2024-02-22 20:33:40,490 [78f89d9b-e409-4704-890b-bfcfbcdfd28a-groupManagement] INFO  server.RaftServerConfigKeys (ConfUtils.java:logGet(46)) - raft.server.leaderelection.member.majority-add = false (default)
2024-02-22 20:33:40,490 [78f89d9b-e409-4704-890b-bfcfbcdfd28a-groupManagement] INFO  server.RaftServerConfigKeys (ConfUtils.java:logGet(46)) - raft.server.sleep.deviation.threshold = 300ms (default)
2024-02-22 20:33:40,490 [78f89d9b-e409-4704-890b-bfcfbcdfd28a-groupManagement] INFO  server.RaftServer$Division (ServerState.java:<init>(113)) - 78f89d9b-e409-4704-890b-bfcfbcdfd28a@group-24226A001283: ConfigurationManager, init=-1: peers:[78f89d9b-e409-4704-890b-bfcfbcdfd28a|10.1.0.33:15086]|listeners:[], old=null, confs=<EMPTY_MAP>
2024-02-22 20:33:40,490 [78f89d9b-e409-4704-890b-bfcfbcdfd28a-groupManagement] INFO  server.RaftServerConfigKeys (ConfUtils.java:logGet(46)) - raft.server.notification.no-leader.timeout = 300s (custom)
2024-02-22 20:33:40,490 [78f89d9b-e409-4704-890b-bfcfbcdfd28a-groupManagement] INFO  server.RaftServerConfigKeys (ConfUtils.java:logGet(46)) - raft.server.read.timeout = 10s (default)
2024-02-22 20:33:40,491 [78f89d9b-e409-4704-890b-bfcfbcdfd28a-groupManagement] INFO  server.RaftServerConfigKeys (ConfUtils.java:logGet(46)) - raft.server.retrycache.expirytime = 600000ms (custom)
2024-02-22 20:33:40,491 [78f89d9b-e409-4704-890b-bfcfbcdfd28a-groupManagement] INFO  server.RaftServerConfigKeys (ConfUtils.java:logGet(46)) - raft.server.retrycache.statistics.expirytime = 100ms (default)
2024-02-22 20:33:40,491 [78f89d9b-e409-4704-890b-bfcfbcdfd28a-groupManagement] INFO  server.RaftServerConfigKeys (ConfUtils.java:logGet(46)) - raft.server.read.option = DEFAULT (default)
2024-02-22 20:33:40,491 [78f89d9b-e409-4704-890b-bfcfbcdfd28a-groupManagement] INFO  server.RaftServerConfigKeys (ConfUtils.java:logGet(46)) - raft.server.read.read-after-write-consistent.write-index-cache.expiry-time = 60s (default)
2024-02-22 20:33:40,489 [e46a6e51-795f-4801-a523-c45a6c7f2c34-groupManagement] INFO  util.AwaitToRun (AwaitToRun.java:start(81)) - Thread[e46a6e51-795f-4801-a523-c45a6c7f2c34@group-D74CD222B38A-cacheEviction-AwaitToRun,5,main] started
2024-02-22 20:33:40,491 [e46a6e51-795f-4801-a523-c45a6c7f2c34-groupManagement] INFO  segmented.SegmentedRaftLogWorker (SegmentedRaftLogWorker.java:<init>(182)) - new e46a6e51-795f-4801-a523-c45a6c7f2c34@group-D74CD222B38A-SegmentedRaftLogWorker for RaftStorageImpl:Storage Directory /home/runner/work/ozone/ozone/hadoop-ozone/integration-test/target/test-dir/MiniOzoneClusterImpl-a0fc024b-a492-45a5-9697-b0d14f72cb5c/datanode-0/data/ratis/efc484b9-defd-45a9-8873-d74cd222b38a
2024-02-22 20:33:40,491 [e46a6e51-795f-4801-a523-c45a6c7f2c34-groupManagement] INFO  server.RaftServerConfigKeys (ConfUtils.java:logGet(46)) - raft.server.log.queue.byte-limit = 4294967296 (custom)
2024-02-22 20:33:40,491 [e46a6e51-795f-4801-a523-c45a6c7f2c34-groupManagement] INFO  server.RaftServerConfigKeys (ConfUtils.java:logGet(46)) - raft.server.log.queue.element-limit = 1024 (custom)
2024-02-22 20:33:40,491 [e46a6e51-795f-4801-a523-c45a6c7f2c34-groupManagement] INFO  server.RaftServerConfigKeys (ConfUtils.java:logGet(46)) - raft.server.log.segment.size.max = 67108864 (custom)
2024-02-22 20:33:40,492 [e46a6e51-795f-4801-a523-c45a6c7f2c34-groupManagement] INFO  server.RaftServerConfigKeys (ConfUtils.java:logGet(46)) - raft.server.log.preallocated.size = 4194304 (custom)
2024-02-22 20:33:40,492 [e46a6e51-795f-4801-a523-c45a6c7f2c34-groupManagement] INFO  server.RaftServerConfigKeys (ConfUtils.java:logGet(46)) - raft.server.log.force.sync.num = 128 (default)
2024-02-22 20:33:40,492 [e46a6e51-795f-4801-a523-c45a6c7f2c34-groupManagement] INFO  server.RaftServerConfigKeys (ConfUtils.java:logGet(46)) - raft.server.log.statemachine.data.sync = true (default)
2024-02-22 20:33:40,492 [e46a6e51-795f-4801-a523-c45a6c7f2c34-groupManagement] INFO  server.RaftServerConfigKeys (ConfUtils.java:logGet(46)) - raft.server.log.statemachine.data.sync.timeout = 10s (default)
2024-02-22 20:33:40,492 [e46a6e51-795f-4801-a523-c45a6c7f2c34-groupManagement] INFO  server.RaftServerConfigKeys (ConfUtils.java:logGet(46)) - raft.server.log.statemachine.data.sync.timeout.retry = 0 (custom)
2024-02-22 20:33:40,488 [13f92446-3b18-4d81-bc66-0f9b00220e72-groupManagement] INFO  server.RaftServerConfigKeys (ConfUtils.java:logGet(46)) - raft.server.log.queue.byte-limit = 4294967296 (custom)
2024-02-22 20:33:40,492 [13f92446-3b18-4d81-bc66-0f9b00220e72-groupManagement] INFO  server.RaftServerConfigKeys (ConfUtils.java:logGet(46)) - raft.server.log.queue.element-limit = 1024 (custom)
2024-02-22 20:33:40,492 [13f92446-3b18-4d81-bc66-0f9b00220e72-groupManagement] INFO  server.RaftServerConfigKeys (ConfUtils.java:logGet(46)) - raft.server.log.segment.size.max = 67108864 (custom)
2024-02-22 20:33:40,492 [13f92446-3b18-4d81-bc66-0f9b00220e72-groupManagement] INFO  server.RaftServerConfigKeys (ConfUtils.java:logGet(46)) - raft.server.log.preallocated.size = 4194304 (custom)
2024-02-22 20:33:40,492 [13f92446-3b18-4d81-bc66-0f9b00220e72-groupManagement] INFO  server.RaftServerConfigKeys (ConfUtils.java:logGet(46)) - raft.server.log.force.sync.num = 128 (default)
2024-02-22 20:33:40,492 [13f92446-3b18-4d81-bc66-0f9b00220e72-groupManagement] INFO  server.RaftServerConfigKeys (ConfUtils.java:logGet(46)) - raft.server.log.statemachine.data.sync = true (default)
2024-02-22 20:33:40,492 [13f92446-3b18-4d81-bc66-0f9b00220e72-groupManagement] INFO  server.RaftServerConfigKeys (ConfUtils.java:logGet(46)) - raft.server.log.statemachine.data.sync.timeout = 10s (default)
2024-02-22 20:33:40,492 [13f92446-3b18-4d81-bc66-0f9b00220e72-groupManagement] INFO  server.RaftServerConfigKeys (ConfUtils.java:logGet(46)) - raft.server.log.statemachine.data.sync.timeout.retry = 0 (custom)
2024-02-22 20:33:40,513 [c30fedce-f286-40e0-881d-3d5a9a6e2463-groupManagement] INFO  server.RaftServerConfigKeys (ConfUtils.java:logGet(46)) - raft.server.log.purge.gap = 1000000 (custom)
2024-02-22 20:33:40,514 [c30fedce-f286-40e0-881d-3d5a9a6e2463-groupManagement] INFO  server.RaftServerConfigKeys (ConfUtils.java:logGet(46)) - raft.server.log.appender.buffer.byte-limit = 8388608 (custom)
2024-02-22 20:33:40,514 [c30fedce-f286-40e0-881d-3d5a9a6e2463-groupManagement] INFO  server.RaftServerConfigKeys (ConfUtils.java:logGet(46)) - raft.server.log.statemachine.data.read.timeout = 1000ms (default)
2024-02-22 20:33:40,514 [c30fedce-f286-40e0-881d-3d5a9a6e2463-groupManagement] INFO  server.RaftServerConfigKeys (ConfUtils.java:logGet(46)) - raft.server.log.purge.preservation.log.num = 0 (default)
2024-02-22 20:33:40,515 [d25dc3b0-28fc-4383-b1a0-617845025f41-groupManagement] INFO  server.RaftServerConfigKeys (ConfUtils.java:logGet(46)) - raft.server.log.write.buffer.size = 8388616 (custom)
2024-02-22 20:33:40,517 [d25dc3b0-28fc-4383-b1a0-617845025f41-groupManagement] INFO  server.RaftServerConfigKeys (ConfUtils.java:logGet(46)) - raft.server.log.appender.buffer.byte-limit = 8388608 (custom)
2024-02-22 20:33:40,517 [d25dc3b0-28fc-4383-b1a0-617845025f41-groupManagement] INFO  server.RaftServerConfigKeys (ConfUtils.java:logGet(46)) - raft.server.log.unsafe-flush.enabled = false (default)
2024-02-22 20:33:40,517 [d25dc3b0-28fc-4383-b1a0-617845025f41-groupManagement] INFO  server.RaftServerConfigKeys (ConfUtils.java:logGet(46)) - raft.server.log.async-flush.enabled = false (default)
2024-02-22 20:33:40,517 [d25dc3b0-28fc-4383-b1a0-617845025f41-groupManagement] INFO  server.RaftServerConfigKeys (ConfUtils.java:logGet(46)) - raft.server.log.statemachine.data.caching.enabled = true (custom)
2024-02-22 20:33:40,517 [d25dc3b0-28fc-4383-b1a0-617845025f41-groupManagement] INFO  segmented.SegmentedRaftLogWorker (SegmentedRaftLogWorker.java:lambda$new$0(134)) - d25dc3b0-28fc-4383-b1a0-617845025f41@group-3075FEAC11D2-SegmentedRaftLogWorker: flushIndex: setUnconditionally 0 -> -1
2024-02-22 20:33:40,517 [d25dc3b0-28fc-4383-b1a0-617845025f41-groupManagement] INFO  segmented.SegmentedRaftLogWorker (SegmentedRaftLogWorker.java:lambda$new$0(134)) - d25dc3b0-28fc-4383-b1a0-617845025f41@group-3075FEAC11D2-SegmentedRaftLogWorker: safeCacheEvictIndex: setUnconditionally 0 -> -1
2024-02-22 20:33:40,518 [d25dc3b0-28fc-4383-b1a0-617845025f41-groupManagement] INFO  server.RaftServer$Division (RaftServerImpl.java:start(396)) - d25dc3b0-28fc-4383-b1a0-617845025f41@group-3075FEAC11D2: start as a follower, conf=-1: peers:[d25dc3b0-28fc-4383-b1a0-617845025f41|10.1.0.33:15032]|listeners:[], old=null
2024-02-22 20:33:40,518 [d25dc3b0-28fc-4383-b1a0-617845025f41-groupManagement] INFO  server.RaftServer$Division (RaftServerImpl.java:setRole(383)) - d25dc3b0-28fc-4383-b1a0-617845025f41@group-3075FEAC11D2: changes role from      null to FOLLOWER at term 0 for startAsFollower
2024-02-22 20:33:40,518 [d25dc3b0-28fc-4383-b1a0-617845025f41-groupManagement] INFO  impl.RoleInfo (RoleInfo.java:updateAndGet(139)) - d25dc3b0-28fc-4383-b1a0-617845025f41: start d25dc3b0-28fc-4383-b1a0-617845025f41@group-3075FEAC11D2-FollowerState
2024-02-22 20:33:40,518 [d25dc3b0-28fc-4383-b1a0-617845025f41@group-3075FEAC11D2-FollowerState] INFO  server.RaftServerConfigKeys (ConfUtils.java:logFallback(53)) - raft.server.rpc.first-election.timeout.min = 5s (fallback to raft.server.rpc.timeout.min)
2024-02-22 20:33:40,522 [d25dc3b0-28fc-4383-b1a0-617845025f41@group-3075FEAC11D2-FollowerState] INFO  server.RaftServerConfigKeys (ConfUtils.java:logFallback(53)) - raft.server.rpc.first-election.timeout.max = 5200ms (fallback to raft.server.rpc.timeout.max)
2024-02-22 20:33:40,522 [d25dc3b0-28fc-4383-b1a0-617845025f41-groupManagement] INFO  util.JmxRegister (JmxRegister.java:tryRegister(44)) - Successfully registered JMX Bean with object name Ratis:service=RaftServer,group=group-3075FEAC11D2,id=d25dc3b0-28fc-4383-b1a0-617845025f41
2024-02-22 20:33:40,522 [923be64f-71f4-4891-b05d-82ff5a9df5b5-groupManagement] INFO  server.RaftServerConfigKeys (ConfUtils.java:logGet(46)) - raft.server.log.write.buffer.size = 8388616 (custom)
2024-02-22 20:33:40,522 [d25dc3b0-28fc-4383-b1a0-617845025f41-groupManagement] INFO  server.RaftServerConfigKeys (ConfUtils.java:logGet(46)) - raft.server.snapshot.trigger-when-stop.enabled = true (default)
2024-02-22 20:33:40,523 [d25dc3b0-28fc-4383-b1a0-617845025f41-groupManagement] INFO  server.RaftServerConfigKeys (ConfUtils.java:logGet(46)) - raft.server.snapshot.auto.trigger.enabled = true (custom)
2024-02-22 20:33:40,523 [d25dc3b0-28fc-4383-b1a0-617845025f41-groupManagement] INFO  server.RaftServerConfigKeys (ConfUtils.java:logGet(46)) - raft.server.snapshot.auto.trigger.threshold = 10000 (custom)
2024-02-22 20:33:40,523 [d25dc3b0-28fc-4383-b1a0-617845025f41-groupManagement] INFO  server.RaftServerConfigKeys (ConfUtils.java:logGet(46)) - raft.server.snapshot.retention.file.num = 5 (custom)
2024-02-22 20:33:40,523 [d25dc3b0-28fc-4383-b1a0-617845025f41-groupManagement] INFO  server.RaftServerConfigKeys (ConfUtils.java:logGet(46)) - raft.server.log.purge.upto.snapshot.index = false (default)
2024-02-22 20:33:40,524 [923be64f-71f4-4891-b05d-82ff5a9df5b5-groupManagement] INFO  server.RaftServerConfigKeys (ConfUtils.java:logGet(46)) - raft.server.log.appender.buffer.byte-limit = 8388608 (custom)
2024-02-22 20:33:40,524 [923be64f-71f4-4891-b05d-82ff5a9df5b5-groupManagement] INFO  server.RaftServerConfigKeys (ConfUtils.java:logGet(46)) - raft.server.log.unsafe-flush.enabled = false (default)
2024-02-22 20:33:40,524 [923be64f-71f4-4891-b05d-82ff5a9df5b5-groupManagement] INFO  server.RaftServerConfigKeys (ConfUtils.java:logGet(46)) - raft.server.log.async-flush.enabled = false (default)
2024-02-22 20:33:40,524 [923be64f-71f4-4891-b05d-82ff5a9df5b5-groupManagement] INFO  server.RaftServerConfigKeys (ConfUtils.java:logGet(46)) - raft.server.log.statemachine.data.caching.enabled = true (custom)
2024-02-22 20:33:40,524 [923be64f-71f4-4891-b05d-82ff5a9df5b5-groupManagement] INFO  segmented.SegmentedRaftLogWorker (SegmentedRaftLogWorker.java:lambda$new$0(134)) - 923be64f-71f4-4891-b05d-82ff5a9df5b5@group-26EAFC745620-SegmentedRaftLogWorker: flushIndex: setUnconditionally 0 -> -1
2024-02-22 20:33:40,524 [923be64f-71f4-4891-b05d-82ff5a9df5b5-groupManagement] INFO  segmented.SegmentedRaftLogWorker (SegmentedRaftLogWorker.java:lambda$new$0(134)) - 923be64f-71f4-4891-b05d-82ff5a9df5b5@group-26EAFC745620-SegmentedRaftLogWorker: safeCacheEvictIndex: setUnconditionally 0 -> -1
2024-02-22 20:33:40,526 [e46a6e51-795f-4801-a523-c45a6c7f2c34-groupManagement] INFO  server.RaftServerConfigKeys (ConfUtils.java:logGet(46)) - raft.server.log.write.buffer.size = 8388616 (custom)
2024-02-22 20:33:40,528 [e46a6e51-795f-4801-a523-c45a6c7f2c34-groupManagement] INFO  server.RaftServerConfigKeys (ConfUtils.java:logGet(46)) - raft.server.log.appender.buffer.byte-limit = 8388608 (custom)
2024-02-22 20:33:40,528 [e46a6e51-795f-4801-a523-c45a6c7f2c34-groupManagement] INFO  server.RaftServerConfigKeys (ConfUtils.java:logGet(46)) - raft.server.log.unsafe-flush.enabled = false (default)
2024-02-22 20:33:40,528 [e46a6e51-795f-4801-a523-c45a6c7f2c34-groupManagement] INFO  server.RaftServerConfigKeys (ConfUtils.java:logGet(46)) - raft.server.log.async-flush.enabled = false (default)
2024-02-22 20:33:40,528 [e46a6e51-795f-4801-a523-c45a6c7f2c34-groupManagement] INFO  server.RaftServerConfigKeys (ConfUtils.java:logGet(46)) - raft.server.log.statemachine.data.caching.enabled = true (custom)
2024-02-22 20:33:40,528 [e46a6e51-795f-4801-a523-c45a6c7f2c34-groupManagement] INFO  segmented.SegmentedRaftLogWorker (SegmentedRaftLogWorker.java:lambda$new$0(134)) - e46a6e51-795f-4801-a523-c45a6c7f2c34@group-D74CD222B38A-SegmentedRaftLogWorker: flushIndex: setUnconditionally 0 -> -1
2024-02-22 20:33:40,528 [e46a6e51-795f-4801-a523-c45a6c7f2c34-groupManagement] INFO  segmented.SegmentedRaftLogWorker (SegmentedRaftLogWorker.java:lambda$new$0(134)) - e46a6e51-795f-4801-a523-c45a6c7f2c34@group-D74CD222B38A-SegmentedRaftLogWorker: safeCacheEvictIndex: setUnconditionally 0 -> -1
2024-02-22 20:33:40,528 [13f92446-3b18-4d81-bc66-0f9b00220e72-groupManagement] INFO  server.RaftServerConfigKeys (ConfUtils.java:logGet(46)) - raft.server.log.write.buffer.size = 8388616 (custom)
2024-02-22 20:33:40,530 [923be64f-71f4-4891-b05d-82ff5a9df5b5-groupManagement] INFO  server.RaftServer$Division (RaftServerImpl.java:start(396)) - 923be64f-71f4-4891-b05d-82ff5a9df5b5@group-26EAFC745620: start as a follower, conf=-1: peers:[923be64f-71f4-4891-b05d-82ff5a9df5b5|10.1.0.33:15023]|listeners:[], old=null
2024-02-22 20:33:40,530 [13f92446-3b18-4d81-bc66-0f9b00220e72-groupManagement] INFO  server.RaftServerConfigKeys (ConfUtils.java:logGet(46)) - raft.server.log.appender.buffer.byte-limit = 8388608 (custom)
2024-02-22 20:33:40,530 [923be64f-71f4-4891-b05d-82ff5a9df5b5-groupManagement] INFO  server.RaftServer$Division (RaftServerImpl.java:setRole(383)) - 923be64f-71f4-4891-b05d-82ff5a9df5b5@group-26EAFC745620: changes role from      null to FOLLOWER at term 0 for startAsFollower
2024-02-22 20:33:40,531 [923be64f-71f4-4891-b05d-82ff5a9df5b5-groupManagement] INFO  impl.RoleInfo (RoleInfo.java:updateAndGet(139)) - 923be64f-71f4-4891-b05d-82ff5a9df5b5: start 923be64f-71f4-4891-b05d-82ff5a9df5b5@group-26EAFC745620-FollowerState
2024-02-22 20:33:40,531 [13f92446-3b18-4d81-bc66-0f9b00220e72-groupManagement] INFO  server.RaftServerConfigKeys (ConfUtils.java:logGet(46)) - raft.server.log.unsafe-flush.enabled = false (default)
2024-02-22 20:33:40,531 [13f92446-3b18-4d81-bc66-0f9b00220e72-groupManagement] INFO  server.RaftServerConfigKeys (ConfUtils.java:logGet(46)) - raft.server.log.async-flush.enabled = false (default)
2024-02-22 20:33:40,531 [13f92446-3b18-4d81-bc66-0f9b00220e72-groupManagement] INFO  server.RaftServerConfigKeys (ConfUtils.java:logGet(46)) - raft.server.log.statemachine.data.caching.enabled = true (custom)
2024-02-22 20:33:40,532 [13f92446-3b18-4d81-bc66-0f9b00220e72-groupManagement] INFO  segmented.SegmentedRaftLogWorker (SegmentedRaftLogWorker.java:lambda$new$0(134)) - 13f92446-3b18-4d81-bc66-0f9b00220e72@group-EF19AB1BE06F-SegmentedRaftLogWorker: flushIndex: setUnconditionally 0 -> -1
2024-02-22 20:33:40,532 [13f92446-3b18-4d81-bc66-0f9b00220e72-groupManagement] INFO  segmented.SegmentedRaftLogWorker (SegmentedRaftLogWorker.java:lambda$new$0(134)) - 13f92446-3b18-4d81-bc66-0f9b00220e72@group-EF19AB1BE06F-SegmentedRaftLogWorker: safeCacheEvictIndex: setUnconditionally 0 -> -1
2024-02-22 20:33:40,533 [dc26353c-d48a-467d-89cd-3a7c4b626396-groupManagement] INFO  server.RaftServerConfigKeys (ConfUtils.java:logGet(46)) - raft.server.rpc.request.timeout = 60s (custom)
2024-02-22 20:33:40,533 [dc26353c-d48a-467d-89cd-3a7c4b626396-groupManagement] INFO  server.RaftServerConfigKeys (ConfUtils.java:logGet(46)) - raft.server.log.appender.install.snapshot.enabled = false (custom)
2024-02-22 20:33:40,533 [dc26353c-d48a-467d-89cd-3a7c4b626396-groupManagement] INFO  server.RaftServerConfigKeys (ConfUtils.java:logGet(46)) - raft.server.threadpool.server.cached = true (default)
2024-02-22 20:33:40,533 [dc26353c-d48a-467d-89cd-3a7c4b626396-groupManagement] INFO  server.RaftServerConfigKeys (ConfUtils.java:logGet(46)) - raft.server.threadpool.server.size = 0 (default)
2024-02-22 20:33:40,533 [dc26353c-d48a-467d-89cd-3a7c4b626396-groupManagement] INFO  server.RaftServerConfigKeys (ConfUtils.java:logGet(46)) - raft.server.threadpool.client.cached = true (default)
2024-02-22 20:33:40,534 [dc26353c-d48a-467d-89cd-3a7c4b626396-groupManagement] INFO  server.RaftServerConfigKeys (ConfUtils.java:logGet(46)) - raft.server.threadpool.client.size = 0 (default)
2024-02-22 20:33:40,534 [dc26353c-d48a-467d-89cd-3a7c4b626396-groupManagement] INFO  server.RaftServerConfigKeys (ConfUtils.java:logGet(46)) - raft.server.storage.free-space.min = 0MB (=0) (default)
2024-02-22 20:33:40,534 [dc26353c-d48a-467d-89cd-3a7c4b626396-groupManagement] INFO  server.RaftServerConfigKeys (ConfUtils.java:logGet(46)) - raft.server.log.corruption.policy = EXCEPTION (default)
2024-02-22 20:33:40,534 [dc26353c-d48a-467d-89cd-3a7c4b626396-groupManagement] INFO  server.RaftServerConfigKeys (ConfUtils.java:logGet(46)) - raft.server.storage.dir = [/home/runner/work/ozone/ozone/hadoop-ozone/integration-test/target/test-dir/MiniOzoneClusterImpl-a0fc024b-a492-45a5-9697-b0d14f72cb5c/datanode-4/data/ratis] (custom)
2024-02-22 20:33:40,534 [dc26353c-d48a-467d-89cd-3a7c4b626396-groupManagement] INFO  storage.RaftStorageDirectory (RaftStorageDirectoryImpl.java:analyzeStorage(138)) - The storage directory /home/runner/work/ozone/ozone/hadoop-ozone/integration-test/target/test-dir/MiniOzoneClusterImpl-a0fc024b-a492-45a5-9697-b0d14f72cb5c/datanode-4/data/ratis/8e592c52-1f2d-49c6-9232-89543cf42d33 does not exist. Creating ...
2024-02-22 20:33:40,538 [923be64f-71f4-4891-b05d-82ff5a9df5b5-groupManagement] INFO  util.JmxRegister (JmxRegister.java:tryRegister(44)) - Successfully registered JMX Bean with object name Ratis:service=RaftServer,group=group-26EAFC745620,id=923be64f-71f4-4891-b05d-82ff5a9df5b5
2024-02-22 20:33:40,538 [923be64f-71f4-4891-b05d-82ff5a9df5b5-groupManagement] INFO  server.RaftServerConfigKeys (ConfUtils.java:logGet(46)) - raft.server.snapshot.trigger-when-stop.enabled = true (default)
2024-02-22 20:33:40,539 [923be64f-71f4-4891-b05d-82ff5a9df5b5-groupManagement] INFO  server.RaftServerConfigKeys (ConfUtils.java:logGet(46)) - raft.server.snapshot.auto.trigger.enabled = true (custom)
2024-02-22 20:33:40,539 [923be64f-71f4-4891-b05d-82ff5a9df5b5-groupManagement] INFO  server.RaftServerConfigKeys (ConfUtils.java:logGet(46)) - raft.server.snapshot.auto.trigger.threshold = 10000 (custom)
2024-02-22 20:33:40,539 [923be64f-71f4-4891-b05d-82ff5a9df5b5-groupManagement] INFO  server.RaftServerConfigKeys (ConfUtils.java:logGet(46)) - raft.server.snapshot.retention.file.num = 5 (custom)
2024-02-22 20:33:40,539 [923be64f-71f4-4891-b05d-82ff5a9df5b5-groupManagement] INFO  server.RaftServerConfigKeys (ConfUtils.java:logGet(46)) - raft.server.log.purge.upto.snapshot.index = false (default)
2024-02-22 20:33:40,539 [dc26353c-d48a-467d-89cd-3a7c4b626396-groupManagement] INFO  storage.RaftStorageDirectory (RaftStorageDirectoryImpl.java:tryLock(228)) - Lock on /home/runner/work/ozone/ozone/hadoop-ozone/integration-test/target/test-dir/MiniOzoneClusterImpl-a0fc024b-a492-45a5-9697-b0d14f72cb5c/datanode-4/data/ratis/8e592c52-1f2d-49c6-9232-89543cf42d33/in_use.lock acquired by nodename 30552@fv-az779-213
2024-02-22 20:33:40,539 [923be64f-71f4-4891-b05d-82ff5a9df5b5@group-26EAFC745620-FollowerState] INFO  server.RaftServerConfigKeys (ConfUtils.java:logFallback(53)) - raft.server.rpc.first-election.timeout.min = 5s (fallback to raft.server.rpc.timeout.min)
2024-02-22 20:33:40,539 [923be64f-71f4-4891-b05d-82ff5a9df5b5@group-26EAFC745620-FollowerState] INFO  server.RaftServerConfigKeys (ConfUtils.java:logFallback(53)) - raft.server.rpc.first-election.timeout.max = 5200ms (fallback to raft.server.rpc.timeout.max)
2024-02-22 20:33:40,542 [dc26353c-d48a-467d-89cd-3a7c4b626396-groupManagement] INFO  storage.RaftStorage (RaftStorageImpl.java:format(99)) - Storage directory /home/runner/work/ozone/ozone/hadoop-ozone/integration-test/target/test-dir/MiniOzoneClusterImpl-a0fc024b-a492-45a5-9697-b0d14f72cb5c/datanode-4/data/ratis/8e592c52-1f2d-49c6-9232-89543cf42d33 has been successfully formatted.
2024-02-22 20:33:40,542 [dc26353c-d48a-467d-89cd-3a7c4b626396-groupManagement] WARN  util.FileUtils (LogUtils.java:supplyAndLog(63)) - Failed to Files.newInputStream /home/runner/work/ozone/ozone/hadoop-ozone/integration-test/target/test-dir/MiniOzoneClusterImpl-a0fc024b-a492-45a5-9697-b0d14f72cb5c/datanode-4/data/ratis/8e592c52-1f2d-49c6-9232-89543cf42d33/current/raft-meta.conf with options []: java.nio.file.NoSuchFileException: /home/runner/work/ozone/ozone/hadoop-ozone/integration-test/target/test-dir/MiniOzoneClusterImpl-a0fc024b-a492-45a5-9697-b0d14f72cb5c/datanode-4/data/ratis/8e592c52-1f2d-49c6-9232-89543cf42d33/current/raft-meta.conf
2024-02-22 20:33:40,543 [c30fedce-f286-40e0-881d-3d5a9a6e2463-groupManagement] INFO  server.RaftServerConfigKeys (ConfUtils.java:logGet(46)) - raft.server.log.segment.size.max = 67108864 (custom)
2024-02-22 20:33:40,543 [c30fedce-f286-40e0-881d-3d5a9a6e2463-groupManagement] INFO  server.RaftServerConfigKeys (ConfUtils.java:logGet(46)) - raft.server.log.segment.cache.num.max = 2 (custom)
2024-02-22 20:33:40,543 [c30fedce-f286-40e0-881d-3d5a9a6e2463-groupManagement] INFO  server.RaftServerConfigKeys (ConfUtils.java:logGet(46)) - raft.server.log.segment.cache.size.max = 200MB (=209715200) (default)
2024-02-22 20:33:40,544 [c30fedce-f286-40e0-881d-3d5a9a6e2463-groupManagement] INFO  server.RaftServerConfigKeys (ConfUtils.java:logGet(46)) - raft.server.log.appender.buffer.byte-limit = 8388608 (custom)
2024-02-22 20:33:40,544 [main] INFO  ozone.MiniOzoneClusterImpl (MiniOzoneClusterImpl.java:lambda$waitForClusterToBeReady$0(205)) - Nodes are ready. Got 10 of 10 DN Heartbeats.
2024-02-22 20:33:40,544 [main] INFO  ozone.MiniOzoneClusterImpl (MiniOzoneClusterImpl.java:lambda$waitForClusterToBeReady$0(208)) - Waiting for cluster to exit safe mode
2024-02-22 20:33:40,544 [e46a6e51-795f-4801-a523-c45a6c7f2c34-groupManagement] INFO  server.RaftServer$Division (RaftServerImpl.java:start(396)) - e46a6e51-795f-4801-a523-c45a6c7f2c34@group-D74CD222B38A: start as a follower, conf=-1: peers:[e46a6e51-795f-4801-a523-c45a6c7f2c34|10.1.0.33:15014]|listeners:[], old=null
2024-02-22 20:33:40,544 [main] INFO  ozone.MiniOzoneClusterImpl (MiniOzoneClusterImpl.java:lambda$waitForClusterToBeReady$0(210)) - SCM became leader
2024-02-22 20:33:40,544 [e46a6e51-795f-4801-a523-c45a6c7f2c34-groupManagement] INFO  server.RaftServer$Division (RaftServerImpl.java:setRole(383)) - e46a6e51-795f-4801-a523-c45a6c7f2c34@group-D74CD222B38A: changes role from      null to FOLLOWER at term 0 for startAsFollower
2024-02-22 20:33:40,546 [78f89d9b-e409-4704-890b-bfcfbcdfd28a-groupManagement] INFO  server.RaftServerConfigKeys (ConfUtils.java:logGet(46)) - raft.server.rpc.request.timeout = 60s (custom)
2024-02-22 20:33:40,546 [78f89d9b-e409-4704-890b-bfcfbcdfd28a-groupManagement] INFO  server.RaftServerConfigKeys (ConfUtils.java:logGet(46)) - raft.server.log.appender.install.snapshot.enabled = false (custom)
2024-02-22 20:33:40,546 [78f89d9b-e409-4704-890b-bfcfbcdfd28a-groupManagement] INFO  server.RaftServerConfigKeys (ConfUtils.java:logGet(46)) - raft.server.threadpool.server.cached = true (default)
2024-02-22 20:33:40,546 [78f89d9b-e409-4704-890b-bfcfbcdfd28a-groupManagement] INFO  server.RaftServerConfigKeys (ConfUtils.java:logGet(46)) - raft.server.threadpool.server.size = 0 (default)
2024-02-22 20:33:40,546 [78f89d9b-e409-4704-890b-bfcfbcdfd28a-groupManagement] INFO  server.RaftServerConfigKeys (ConfUtils.java:logGet(46)) - raft.server.threadpool.client.cached = true (default)
2024-02-22 20:33:40,547 [13f92446-3b18-4d81-bc66-0f9b00220e72-groupManagement] INFO  server.RaftServer$Division (RaftServerImpl.java:start(396)) - 13f92446-3b18-4d81-bc66-0f9b00220e72@group-EF19AB1BE06F: start as a follower, conf=-1: peers:[13f92446-3b18-4d81-bc66-0f9b00220e72|10.1.0.33:15077]|listeners:[], old=null
2024-02-22 20:33:40,547 [13f92446-3b18-4d81-bc66-0f9b00220e72-groupManagement] INFO  server.RaftServer$Division (RaftServerImpl.java:setRole(383)) - 13f92446-3b18-4d81-bc66-0f9b00220e72@group-EF19AB1BE06F: changes role from      null to FOLLOWER at term 0 for startAsFollower
2024-02-22 20:33:40,547 [13f92446-3b18-4d81-bc66-0f9b00220e72-groupManagement] INFO  impl.RoleInfo (RoleInfo.java:updateAndGet(139)) - 13f92446-3b18-4d81-bc66-0f9b00220e72: start 13f92446-3b18-4d81-bc66-0f9b00220e72@group-EF19AB1BE06F-FollowerState
2024-02-22 20:33:40,547 [4e8f68d6-fd98-4f77-87e3-715939181693-PipelineCommandHandlerThread-0] INFO  ratis.XceiverServerRatis (XceiverServerRatis.java:addGroup(864)) - Created group PipelineID=8e592c52-1f2d-49c6-9232-89543cf42d33
2024-02-22 20:33:40,549 [78f89d9b-e409-4704-890b-bfcfbcdfd28a-groupManagement] INFO  server.RaftServerConfigKeys (ConfUtils.java:logGet(46)) - raft.server.threadpool.client.size = 0 (default)
2024-02-22 20:33:40,549 [78f89d9b-e409-4704-890b-bfcfbcdfd28a-groupManagement] INFO  server.RaftServerConfigKeys (ConfUtils.java:logGet(46)) - raft.server.storage.free-space.min = 0MB (=0) (default)
2024-02-22 20:33:40,549 [78f89d9b-e409-4704-890b-bfcfbcdfd28a-groupManagement] INFO  server.RaftServerConfigKeys (ConfUtils.java:logGet(46)) - raft.server.log.corruption.policy = EXCEPTION (default)
2024-02-22 20:33:40,549 [78f89d9b-e409-4704-890b-bfcfbcdfd28a-groupManagement] INFO  server.RaftServerConfigKeys (ConfUtils.java:logGet(46)) - raft.server.storage.dir = [/home/runner/work/ozone/ozone/hadoop-ozone/integration-test/target/test-dir/MiniOzoneClusterImpl-a0fc024b-a492-45a5-9697-b0d14f72cb5c/datanode-8/data/ratis] (custom)
2024-02-22 20:33:40,549 [78f89d9b-e409-4704-890b-bfcfbcdfd28a-groupManagement] INFO  storage.RaftStorageDirectory (RaftStorageDirectoryImpl.java:analyzeStorage(138)) - The storage directory /home/runner/work/ozone/ozone/hadoop-ozone/integration-test/target/test-dir/MiniOzoneClusterImpl-a0fc024b-a492-45a5-9697-b0d14f72cb5c/datanode-8/data/ratis/ff667ce8-dec9-4649-ae60-24226a001283 does not exist. Creating ...
2024-02-22 20:33:40,551 [13f92446-3b18-4d81-bc66-0f9b00220e72-groupManagement] INFO  util.JmxRegister (JmxRegister.java:tryRegister(44)) - Successfully registered JMX Bean with object name Ratis:service=RaftServer,group=group-EF19AB1BE06F,id=13f92446-3b18-4d81-bc66-0f9b00220e72
2024-02-22 20:33:40,551 [13f92446-3b18-4d81-bc66-0f9b00220e72-groupManagement] INFO  server.RaftServerConfigKeys (ConfUtils.java:logGet(46)) - raft.server.snapshot.trigger-when-stop.enabled = true (default)
2024-02-22 20:33:40,551 [13f92446-3b18-4d81-bc66-0f9b00220e72-groupManagement] INFO  server.RaftServerConfigKeys (ConfUtils.java:logGet(46)) - raft.server.snapshot.auto.trigger.enabled = true (custom)
2024-02-22 20:33:40,551 [EventQueue-PipelineReportForPipelineReportHandler] INFO  pipeline.PipelineReportHandler (PipelineReportHandler.java:processPipelineReport(136)) - Opened pipeline PipelineID=a2c380a1-736c-4d1e-96be-967e786a868e
2024-02-22 20:33:40,551 [13f92446-3b18-4d81-bc66-0f9b00220e72-groupManagement] INFO  server.RaftServerConfigKeys (ConfUtils.java:logGet(46)) - raft.server.snapshot.auto.trigger.threshold = 10000 (custom)
2024-02-22 20:33:40,551 [EventQueue-OpenPipelineForHealthyPipelineSafeModeRule] INFO  safemode.SCMSafeModeManager (HealthyPipelineSafeModeRule.java:process(140)) - SCM in safe mode. Healthy pipelines reported count is 0, required healthy pipeline reported count is 1
2024-02-22 20:33:40,551 [d25dc3b0-28fc-4383-b1a0-617845025f41-PipelineCommandHandlerThread-0] INFO  ratis.XceiverServerRatis (XceiverServerRatis.java:addGroup(864)) - Created group PipelineID=a7366094-685d-4073-9d9e-3075feac11d2
2024-02-22 20:33:40,551 [d25dc3b0-28fc-4383-b1a0-617845025f41-PipelineCommandHandlerThread-0] INFO  commandhandler.CreatePipelineCommandHandler (CreatePipelineCommandHandler.java:lambda$handle$2(124)) - Created Pipeline RATIS ONE PipelineID=a7366094-685d-4073-9d9e-3075feac11d2.
2024-02-22 20:33:40,552 [13f92446-3b18-4d81-bc66-0f9b00220e72@group-EF19AB1BE06F-FollowerState] INFO  server.RaftServerConfigKeys (ConfUtils.java:logFallback(53)) - raft.server.rpc.first-election.timeout.min = 5s (fallback to raft.server.rpc.timeout.min)
2024-02-22 20:33:40,552 [d25dc3b0-28fc-4383-b1a0-617845025f41-PipelineCommandHandlerThread-0] INFO  server.RaftServer (RaftServerProxy.java:addNew(100)) - d25dc3b0-28fc-4383-b1a0-617845025f41: addNew group-9D5BCF0FDB08:[78f89d9b-e409-4704-890b-bfcfbcdfd28a|10.1.0.33:15086, d25dc3b0-28fc-4383-b1a0-617845025f41|10.1.0.33:15032, 4e8f68d6-fd98-4f77-87e3-715939181693|10.1.0.33:15041] returns group-9D5BCF0FDB08:java.util.concurrent.CompletableFuture@f4c1ad0[Not completed]
2024-02-22 20:33:40,551 [13f92446-3b18-4d81-bc66-0f9b00220e72-groupManagement] INFO  server.RaftServerConfigKeys (ConfUtils.java:logGet(46)) - raft.server.snapshot.retention.file.num = 5 (custom)
2024-02-22 20:33:40,552 [13f92446-3b18-4d81-bc66-0f9b00220e72@group-EF19AB1BE06F-FollowerState] INFO  server.RaftServerConfigKeys (ConfUtils.java:logFallback(53)) - raft.server.rpc.first-election.timeout.max = 5200ms (fallback to raft.server.rpc.timeout.max)
2024-02-22 20:33:40,551 [e46a6e51-795f-4801-a523-c45a6c7f2c34-groupManagement] INFO  impl.RoleInfo (RoleInfo.java:updateAndGet(139)) - e46a6e51-795f-4801-a523-c45a6c7f2c34: start e46a6e51-795f-4801-a523-c45a6c7f2c34@group-D74CD222B38A-FollowerState
2024-02-22 20:33:40,551 [EventQueue-OpenPipelineForHealthyPipelineSafeModeRule] INFO  safemode.SCMSafeModeManager (HealthyPipelineSafeModeRule.java:process(140)) - SCM in safe mode. Healthy pipelines reported count is 0, required healthy pipeline reported count is 1
2024-02-22 20:33:40,553 [d25dc3b0-28fc-4383-b1a0-617845025f41-groupManagement] INFO  server.RaftServer$Division (RaftServerImpl.java:<init>(256)) - d25dc3b0-28fc-4383-b1a0-617845025f41: new RaftServerImpl for group-9D5BCF0FDB08:[78f89d9b-e409-4704-890b-bfcfbcdfd28a|10.1.0.33:15086, d25dc3b0-28fc-4383-b1a0-617845025f41|10.1.0.33:15032, 4e8f68d6-fd98-4f77-87e3-715939181693|10.1.0.33:15041] with ContainerStateMachine:uninitialized
2024-02-22 20:33:40,553 [d25dc3b0-28fc-4383-b1a0-617845025f41-groupManagement] INFO  server.RaftServerConfigKeys (ConfUtils.java:logGet(46)) - raft.server.rpc.timeout.min = 5s (custom)
2024-02-22 20:33:40,553 [d25dc3b0-28fc-4383-b1a0-617845025f41-groupManagement] INFO  server.RaftServerConfigKeys (ConfUtils.java:logGet(46)) - raft.server.rpc.timeout.max = 5200ms (custom)
2024-02-22 20:33:40,553 [d25dc3b0-28fc-4383-b1a0-617845025f41-groupManagement] INFO  server.RaftServerConfigKeys (ConfUtils.java:logGet(46)) - raft.server.rpc.sleep.time = 25ms (default)
2024-02-22 20:33:40,553 [d25dc3b0-28fc-4383-b1a0-617845025f41-groupManagement] INFO  server.RaftServerConfigKeys (ConfUtils.java:logGet(46)) - raft.server.rpc.slowness.timeout = 300s (custom)
2024-02-22 20:33:40,553 [d25dc3b0-28fc-4383-b1a0-617845025f41-groupManagement] INFO  server.RaftServerConfigKeys (ConfUtils.java:logGet(46)) - raft.server.leaderelection.leader.step-down.wait-time = 10s (default)
2024-02-22 20:33:40,553 [d25dc3b0-28fc-4383-b1a0-617845025f41-groupManagement] INFO  server.RaftServerConfigKeys (ConfUtils.java:logGet(46)) - raft.server.leaderelection.member.majority-add = false (default)
2024-02-22 20:33:40,553 [d25dc3b0-28fc-4383-b1a0-617845025f41-groupManagement] INFO  server.RaftServerConfigKeys (ConfUtils.java:logGet(46)) - raft.server.sleep.deviation.threshold = 300ms (default)
2024-02-22 20:33:40,553 [d25dc3b0-28fc-4383-b1a0-617845025f41-groupManagement] INFO  server.RaftServer$Division (ServerState.java:<init>(113)) - d25dc3b0-28fc-4383-b1a0-617845025f41@group-9D5BCF0FDB08: ConfigurationManager, init=-1: peers:[78f89d9b-e409-4704-890b-bfcfbcdfd28a|10.1.0.33:15086, d25dc3b0-28fc-4383-b1a0-617845025f41|10.1.0.33:15032, 4e8f68d6-fd98-4f77-87e3-715939181693|10.1.0.33:15041]|listeners:[], old=null, confs=<EMPTY_MAP>
2024-02-22 20:33:40,554 [d25dc3b0-28fc-4383-b1a0-617845025f41-groupManagement] INFO  server.RaftServerConfigKeys (ConfUtils.java:logGet(46)) - raft.server.notification.no-leader.timeout = 300s (custom)
2024-02-22 20:33:40,554 [d25dc3b0-28fc-4383-b1a0-617845025f41-groupManagement] INFO  server.RaftServerConfigKeys (ConfUtils.java:logGet(46)) - raft.server.read.timeout = 10s (default)
2024-02-22 20:33:40,554 [d25dc3b0-28fc-4383-b1a0-617845025f41-groupManagement] INFO  server.RaftServerConfigKeys (ConfUtils.java:logGet(46)) - raft.server.retrycache.expirytime = 600000ms (custom)
2024-02-22 20:33:40,554 [d25dc3b0-28fc-4383-b1a0-617845025f41-groupManagement] INFO  server.RaftServerConfigKeys (ConfUtils.java:logGet(46)) - raft.server.retrycache.statistics.expirytime = 100ms (default)
2024-02-22 20:33:40,554 [d25dc3b0-28fc-4383-b1a0-617845025f41-groupManagement] INFO  server.RaftServerConfigKeys (ConfUtils.java:logGet(46)) - raft.server.read.option = DEFAULT (default)
2024-02-22 20:33:40,554 [d25dc3b0-28fc-4383-b1a0-617845025f41-groupManagement] INFO  server.RaftServerConfigKeys (ConfUtils.java:logGet(46)) - raft.server.read.read-after-write-consistent.write-index-cache.expiry-time = 60s (default)
2024-02-22 20:33:40,558 [d25dc3b0-28fc-4383-b1a0-617845025f41-groupManagement] INFO  server.RaftServerConfigKeys (ConfUtils.java:logGet(46)) - raft.server.rpc.request.timeout = 60s (custom)
2024-02-22 20:33:40,558 [c30fedce-f286-40e0-881d-3d5a9a6e2463-groupManagement] INFO  util.AwaitToRun (AwaitToRun.java:start(81)) - Thread[c30fedce-f286-40e0-881d-3d5a9a6e2463@group-B58ED9299B6F-cacheEviction-AwaitToRun,5,main] started
2024-02-22 20:33:40,558 [c30fedce-f286-40e0-881d-3d5a9a6e2463-groupManagement] INFO  segmented.SegmentedRaftLogWorker (SegmentedRaftLogWorker.java:<init>(182)) - new c30fedce-f286-40e0-881d-3d5a9a6e2463@group-B58ED9299B6F-SegmentedRaftLogWorker for RaftStorageImpl:Storage Directory /home/runner/work/ozone/ozone/hadoop-ozone/integration-test/target/test-dir/MiniOzoneClusterImpl-a0fc024b-a492-45a5-9697-b0d14f72cb5c/datanode-6/data/ratis/d49f5e63-9859-43c9-95b6-b58ed9299b6f
2024-02-22 20:33:40,558 [c30fedce-f286-40e0-881d-3d5a9a6e2463-groupManagement] INFO  server.RaftServerConfigKeys (ConfUtils.java:logGet(46)) - raft.server.log.queue.byte-limit = 4294967296 (custom)
2024-02-22 20:33:40,558 [c30fedce-f286-40e0-881d-3d5a9a6e2463-groupManagement] INFO  server.RaftServerConfigKeys (ConfUtils.java:logGet(46)) - raft.server.log.queue.element-limit = 1024 (custom)
2024-02-22 20:33:40,558 [c30fedce-f286-40e0-881d-3d5a9a6e2463-groupManagement] INFO  server.RaftServerConfigKeys (ConfUtils.java:logGet(46)) - raft.server.log.segment.size.max = 67108864 (custom)
2024-02-22 20:33:40,558 [c30fedce-f286-40e0-881d-3d5a9a6e2463-groupManagement] INFO  server.RaftServerConfigKeys (ConfUtils.java:logGet(46)) - raft.server.log.preallocated.size = 4194304 (custom)
2024-02-22 20:33:40,558 [c30fedce-f286-40e0-881d-3d5a9a6e2463-groupManagement] INFO  server.RaftServerConfigKeys (ConfUtils.java:logGet(46)) - raft.server.log.force.sync.num = 128 (default)
2024-02-22 20:33:40,559 [c30fedce-f286-40e0-881d-3d5a9a6e2463-groupManagement] INFO  server.RaftServerConfigKeys (ConfUtils.java:logGet(46)) - raft.server.log.statemachine.data.sync = true (default)
2024-02-22 20:33:40,559 [c30fedce-f286-40e0-881d-3d5a9a6e2463-groupManagement] INFO  server.RaftServerConfigKeys (ConfUtils.java:logGet(46)) - raft.server.log.statemachine.data.sync.timeout = 10s (default)
2024-02-22 20:33:40,559 [c30fedce-f286-40e0-881d-3d5a9a6e2463-groupManagement] INFO  server.RaftServerConfigKeys (ConfUtils.java:logGet(46)) - raft.server.log.statemachine.data.sync.timeout.retry = 0 (custom)
2024-02-22 20:33:40,559 [c30fedce-f286-40e0-881d-3d5a9a6e2463-groupManagement] INFO  server.RaftServerConfigKeys (ConfUtils.java:logGet(46)) - raft.server.log.write.buffer.size = 8388616 (custom)
2024-02-22 20:33:40,561 [c30fedce-f286-40e0-881d-3d5a9a6e2463-groupManagement] INFO  server.RaftServerConfigKeys (ConfUtils.java:logGet(46)) - raft.server.log.appender.buffer.byte-limit = 8388608 (custom)
2024-02-22 20:33:40,561 [c30fedce-f286-40e0-881d-3d5a9a6e2463-groupManagement] INFO  server.RaftServerConfigKeys (ConfUtils.java:logGet(46)) - raft.server.log.unsafe-flush.enabled = false (default)
2024-02-22 20:33:40,561 [c30fedce-f286-40e0-881d-3d5a9a6e2463-groupManagement] INFO  server.RaftServerConfigKeys (ConfUtils.java:logGet(46)) - raft.server.log.async-flush.enabled = false (default)
2024-02-22 20:33:40,561 [c30fedce-f286-40e0-881d-3d5a9a6e2463-groupManagement] INFO  server.RaftServerConfigKeys (ConfUtils.java:logGet(46)) - raft.server.log.statemachine.data.caching.enabled = true (custom)
2024-02-22 20:33:40,562 [c30fedce-f286-40e0-881d-3d5a9a6e2463-groupManagement] INFO  segmented.SegmentedRaftLogWorker (SegmentedRaftLogWorker.java:lambda$new$0(134)) - c30fedce-f286-40e0-881d-3d5a9a6e2463@group-B58ED9299B6F-SegmentedRaftLogWorker: flushIndex: setUnconditionally 0 -> -1
2024-02-22 20:33:40,562 [c30fedce-f286-40e0-881d-3d5a9a6e2463-groupManagement] INFO  segmented.SegmentedRaftLogWorker (SegmentedRaftLogWorker.java:lambda$new$0(134)) - c30fedce-f286-40e0-881d-3d5a9a6e2463@group-B58ED9299B6F-SegmentedRaftLogWorker: safeCacheEvictIndex: setUnconditionally 0 -> -1
2024-02-22 20:33:40,552 [13f92446-3b18-4d81-bc66-0f9b00220e72-groupManagement] INFO  server.RaftServerConfigKeys (ConfUtils.java:logGet(46)) - raft.server.log.purge.upto.snapshot.index = false (default)
2024-02-22 20:33:40,558 [d25dc3b0-28fc-4383-b1a0-617845025f41-groupManagement] INFO  server.RaftServerConfigKeys (ConfUtils.java:logGet(46)) - raft.server.log.appender.install.snapshot.enabled = false (custom)
2024-02-22 20:33:40,562 [d25dc3b0-28fc-4383-b1a0-617845025f41-groupManagement] INFO  server.RaftServerConfigKeys (ConfUtils.java:logGet(46)) - raft.server.threadpool.server.cached = true (default)
2024-02-22 20:33:40,562 [d25dc3b0-28fc-4383-b1a0-617845025f41-groupManagement] INFO  server.RaftServerConfigKeys (ConfUtils.java:logGet(46)) - raft.server.threadpool.server.size = 0 (default)
2024-02-22 20:33:40,562 [d25dc3b0-28fc-4383-b1a0-617845025f41-groupManagement] INFO  server.RaftServerConfigKeys (ConfUtils.java:logGet(46)) - raft.server.threadpool.client.cached = true (default)
2024-02-22 20:33:40,563 [d25dc3b0-28fc-4383-b1a0-617845025f41-groupManagement] INFO  server.RaftServerConfigKeys (ConfUtils.java:logGet(46)) - raft.server.threadpool.client.size = 0 (default)
2024-02-22 20:33:40,563 [d25dc3b0-28fc-4383-b1a0-617845025f41-groupManagement] INFO  server.RaftServerConfigKeys (ConfUtils.java:logGet(46)) - raft.server.storage.free-space.min = 0MB (=0) (default)
2024-02-22 20:33:40,563 [d25dc3b0-28fc-4383-b1a0-617845025f41-groupManagement] INFO  server.RaftServerConfigKeys (ConfUtils.java:logGet(46)) - raft.server.log.corruption.policy = EXCEPTION (default)
2024-02-22 20:33:40,563 [d25dc3b0-28fc-4383-b1a0-617845025f41-groupManagement] INFO  server.RaftServerConfigKeys (ConfUtils.java:logGet(46)) - raft.server.storage.dir = [/home/runner/work/ozone/ozone/hadoop-ozone/integration-test/target/test-dir/MiniOzoneClusterImpl-a0fc024b-a492-45a5-9697-b0d14f72cb5c/datanode-2/data/ratis] (custom)
2024-02-22 20:33:40,563 [d25dc3b0-28fc-4383-b1a0-617845025f41-groupManagement] INFO  storage.RaftStorageDirectory (RaftStorageDirectoryImpl.java:analyzeStorage(138)) - The storage directory /home/runner/work/ozone/ozone/hadoop-ozone/integration-test/target/test-dir/MiniOzoneClusterImpl-a0fc024b-a492-45a5-9697-b0d14f72cb5c/datanode-2/data/ratis/6139a09f-40c0-48a4-995f-9d5bcf0fdb08 does not exist. Creating ...
2024-02-22 20:33:40,558 [78f89d9b-e409-4704-890b-bfcfbcdfd28a-groupManagement] INFO  storage.RaftStorageDirectory (RaftStorageDirectoryImpl.java:tryLock(228)) - Lock on /home/runner/work/ozone/ozone/hadoop-ozone/integration-test/target/test-dir/MiniOzoneClusterImpl-a0fc024b-a492-45a5-9697-b0d14f72cb5c/datanode-8/data/ratis/ff667ce8-dec9-4649-ae60-24226a001283/in_use.lock acquired by nodename 30552@fv-az779-213
2024-02-22 20:33:40,565 [d25dc3b0-28fc-4383-b1a0-617845025f41-groupManagement] INFO  storage.RaftStorageDirectory (RaftStorageDirectoryImpl.java:tryLock(228)) - Lock on /home/runner/work/ozone/ozone/hadoop-ozone/integration-test/target/test-dir/MiniOzoneClusterImpl-a0fc024b-a492-45a5-9697-b0d14f72cb5c/datanode-2/data/ratis/6139a09f-40c0-48a4-995f-9d5bcf0fdb08/in_use.lock acquired by nodename 30552@fv-az779-213
2024-02-22 20:33:40,565 [78f89d9b-e409-4704-890b-bfcfbcdfd28a-groupManagement] INFO  storage.RaftStorage (RaftStorageImpl.java:format(99)) - Storage directory /home/runner/work/ozone/ozone/hadoop-ozone/integration-test/target/test-dir/MiniOzoneClusterImpl-a0fc024b-a492-45a5-9697-b0d14f72cb5c/datanode-8/data/ratis/ff667ce8-dec9-4649-ae60-24226a001283 has been successfully formatted.
2024-02-22 20:33:40,566 [78f89d9b-e409-4704-890b-bfcfbcdfd28a-groupManagement] WARN  util.FileUtils (LogUtils.java:supplyAndLog(63)) - Failed to Files.newInputStream /home/runner/work/ozone/ozone/hadoop-ozone/integration-test/target/test-dir/MiniOzoneClusterImpl-a0fc024b-a492-45a5-9697-b0d14f72cb5c/datanode-8/data/ratis/ff667ce8-dec9-4649-ae60-24226a001283/current/raft-meta.conf with options []: java.nio.file.NoSuchFileException: /home/runner/work/ozone/ozone/hadoop-ozone/integration-test/target/test-dir/MiniOzoneClusterImpl-a0fc024b-a492-45a5-9697-b0d14f72cb5c/datanode-8/data/ratis/ff667ce8-dec9-4649-ae60-24226a001283/current/raft-meta.conf
2024-02-22 20:33:40,568 [d25dc3b0-28fc-4383-b1a0-617845025f41-groupManagement] INFO  storage.RaftStorage (RaftStorageImpl.java:format(99)) - Storage directory /home/runner/work/ozone/ozone/hadoop-ozone/integration-test/target/test-dir/MiniOzoneClusterImpl-a0fc024b-a492-45a5-9697-b0d14f72cb5c/datanode-2/data/ratis/6139a09f-40c0-48a4-995f-9d5bcf0fdb08 has been successfully formatted.
2024-02-22 20:33:40,568 [d25dc3b0-28fc-4383-b1a0-617845025f41-groupManagement] WARN  util.FileUtils (LogUtils.java:supplyAndLog(63)) - Failed to Files.newInputStream /home/runner/work/ozone/ozone/hadoop-ozone/integration-test/target/test-dir/MiniOzoneClusterImpl-a0fc024b-a492-45a5-9697-b0d14f72cb5c/datanode-2/data/ratis/6139a09f-40c0-48a4-995f-9d5bcf0fdb08/current/raft-meta.conf with options []: java.nio.file.NoSuchFileException: /home/runner/work/ozone/ozone/hadoop-ozone/integration-test/target/test-dir/MiniOzoneClusterImpl-a0fc024b-a492-45a5-9697-b0d14f72cb5c/datanode-2/data/ratis/6139a09f-40c0-48a4-995f-9d5bcf0fdb08/current/raft-meta.conf
2024-02-22 20:33:40,569 [c30fedce-f286-40e0-881d-3d5a9a6e2463-groupManagement] INFO  server.RaftServer$Division (RaftServerImpl.java:start(396)) - c30fedce-f286-40e0-881d-3d5a9a6e2463@group-B58ED9299B6F: start as a follower, conf=-1: peers:[78f89d9b-e409-4704-890b-bfcfbcdfd28a|10.1.0.33:15086, c30fedce-f286-40e0-881d-3d5a9a6e2463|10.1.0.33:15068, 13f92446-3b18-4d81-bc66-0f9b00220e72|10.1.0.33:15077]|listeners:[], old=null
2024-02-22 20:33:40,570 [c30fedce-f286-40e0-881d-3d5a9a6e2463-groupManagement] INFO  server.RaftServer$Division (RaftServerImpl.java:setRole(383)) - c30fedce-f286-40e0-881d-3d5a9a6e2463@group-B58ED9299B6F: changes role from      null to FOLLOWER at term 0 for startAsFollower
2024-02-22 20:33:40,570 [c30fedce-f286-40e0-881d-3d5a9a6e2463-groupManagement] INFO  impl.RoleInfo (RoleInfo.java:updateAndGet(139)) - c30fedce-f286-40e0-881d-3d5a9a6e2463: start c30fedce-f286-40e0-881d-3d5a9a6e2463@group-B58ED9299B6F-FollowerState
2024-02-22 20:33:40,570 [c30fedce-f286-40e0-881d-3d5a9a6e2463-groupManagement] INFO  util.JmxRegister (JmxRegister.java:tryRegister(44)) - Successfully registered JMX Bean with object name Ratis:service=RaftServer,group=group-B58ED9299B6F,id=c30fedce-f286-40e0-881d-3d5a9a6e2463
2024-02-22 20:33:40,570 [c30fedce-f286-40e0-881d-3d5a9a6e2463-groupManagement] INFO  server.RaftServerConfigKeys (ConfUtils.java:logGet(46)) - raft.server.snapshot.trigger-when-stop.enabled = true (default)
2024-02-22 20:33:40,570 [c30fedce-f286-40e0-881d-3d5a9a6e2463-groupManagement] INFO  server.RaftServerConfigKeys (ConfUtils.java:logGet(46)) - raft.server.snapshot.auto.trigger.enabled = true (custom)
2024-02-22 20:33:40,570 [c30fedce-f286-40e0-881d-3d5a9a6e2463-groupManagement] INFO  server.RaftServerConfigKeys (ConfUtils.java:logGet(46)) - raft.server.snapshot.auto.trigger.threshold = 10000 (custom)
2024-02-22 20:33:40,570 [c30fedce-f286-40e0-881d-3d5a9a6e2463-groupManagement] INFO  server.RaftServerConfigKeys (ConfUtils.java:logGet(46)) - raft.server.snapshot.retention.file.num = 5 (custom)
2024-02-22 20:33:40,571 [c30fedce-f286-40e0-881d-3d5a9a6e2463-groupManagement] INFO  server.RaftServerConfigKeys (ConfUtils.java:logGet(46)) - raft.server.log.purge.upto.snapshot.index = false (default)
2024-02-22 20:33:40,571 [c30fedce-f286-40e0-881d-3d5a9a6e2463@group-B58ED9299B6F-FollowerState] INFO  server.RaftServerConfigKeys (ConfUtils.java:logFallback(53)) - raft.server.rpc.first-election.timeout.min = 5s (fallback to raft.server.rpc.timeout.min)
2024-02-22 20:33:40,572 [c30fedce-f286-40e0-881d-3d5a9a6e2463@group-B58ED9299B6F-FollowerState] INFO  server.RaftServerConfigKeys (ConfUtils.java:logFallback(53)) - raft.server.rpc.first-election.timeout.max = 5200ms (fallback to raft.server.rpc.timeout.max)
2024-02-22 20:33:40,572 [c30fedce-f286-40e0-881d-3d5a9a6e2463-PipelineCommandHandlerThread-0] INFO  ratis.XceiverServerRatis (XceiverServerRatis.java:addGroup(864)) - Created group PipelineID=d49f5e63-9859-43c9-95b6-b58ed9299b6f
2024-02-22 20:33:40,572 [dc26353c-d48a-467d-89cd-3a7c4b626396-groupManagement] INFO  ratis.ContainerStateMachine (ContainerStateMachine.java:loadSnapshot(287)) - group-89543CF42D33: The snapshot info is null. Setting the last applied index to:(t:0, i:~)
2024-02-22 20:33:40,572 [dc26353c-d48a-467d-89cd-3a7c4b626396-groupManagement] INFO  server.RaftServerConfigKeys (ConfUtils.java:logGet(46)) - raft.server.log.use.memory = false (default)
2024-02-22 20:33:40,572 [dc26353c-d48a-467d-89cd-3a7c4b626396-groupManagement] INFO  server.RaftServerConfigKeys (ConfUtils.java:logGet(46)) - raft.server.log.purge.gap = 1000000 (custom)
2024-02-22 20:33:40,572 [dc26353c-d48a-467d-89cd-3a7c4b626396-groupManagement] INFO  server.RaftServerConfigKeys (ConfUtils.java:logGet(46)) - raft.server.log.appender.buffer.byte-limit = 8388608 (custom)
2024-02-22 20:33:40,572 [dc26353c-d48a-467d-89cd-3a7c4b626396-groupManagement] INFO  server.RaftServerConfigKeys (ConfUtils.java:logGet(46)) - raft.server.log.statemachine.data.read.timeout = 1000ms (default)
2024-02-22 20:33:40,572 [dc26353c-d48a-467d-89cd-3a7c4b626396-groupManagement] INFO  server.RaftServerConfigKeys (ConfUtils.java:logGet(46)) - raft.server.log.purge.preservation.log.num = 0 (default)
2024-02-22 20:33:40,575 [dc26353c-d48a-467d-89cd-3a7c4b626396-groupManagement] INFO  server.RaftServerConfigKeys (ConfUtils.java:logGet(46)) - raft.server.log.segment.size.max = 67108864 (custom)
2024-02-22 20:33:40,575 [dc26353c-d48a-467d-89cd-3a7c4b626396-groupManagement] INFO  server.RaftServerConfigKeys (ConfUtils.java:logGet(46)) - raft.server.log.segment.cache.num.max = 2 (custom)
2024-02-22 20:33:40,575 [dc26353c-d48a-467d-89cd-3a7c4b626396-groupManagement] INFO  server.RaftServerConfigKeys (ConfUtils.java:logGet(46)) - raft.server.log.segment.cache.size.max = 200MB (=209715200) (default)
2024-02-22 20:33:40,575 [dc26353c-d48a-467d-89cd-3a7c4b626396-groupManagement] INFO  server.RaftServerConfigKeys (ConfUtils.java:logGet(46)) - raft.server.log.appender.buffer.byte-limit = 8388608 (custom)
2024-02-22 20:33:40,580 [dc26353c-d48a-467d-89cd-3a7c4b626396-groupManagement] INFO  util.AwaitToRun (AwaitToRun.java:start(81)) - Thread[dc26353c-d48a-467d-89cd-3a7c4b626396@group-89543CF42D33-cacheEviction-AwaitToRun,5,main] started
2024-02-22 20:33:40,580 [dc26353c-d48a-467d-89cd-3a7c4b626396-groupManagement] INFO  segmented.SegmentedRaftLogWorker (SegmentedRaftLogWorker.java:<init>(182)) - new dc26353c-d48a-467d-89cd-3a7c4b626396@group-89543CF42D33-SegmentedRaftLogWorker for RaftStorageImpl:Storage Directory /home/runner/work/ozone/ozone/hadoop-ozone/integration-test/target/test-dir/MiniOzoneClusterImpl-a0fc024b-a492-45a5-9697-b0d14f72cb5c/datanode-4/data/ratis/8e592c52-1f2d-49c6-9232-89543cf42d33
2024-02-22 20:33:40,580 [dc26353c-d48a-467d-89cd-3a7c4b626396-groupManagement] INFO  server.RaftServerConfigKeys (ConfUtils.java:logGet(46)) - raft.server.log.queue.byte-limit = 4294967296 (custom)
2024-02-22 20:33:40,580 [dc26353c-d48a-467d-89cd-3a7c4b626396-groupManagement] INFO  server.RaftServerConfigKeys (ConfUtils.java:logGet(46)) - raft.server.log.queue.element-limit = 1024 (custom)
2024-02-22 20:33:40,581 [dc26353c-d48a-467d-89cd-3a7c4b626396-groupManagement] INFO  server.RaftServerConfigKeys (ConfUtils.java:logGet(46)) - raft.server.log.segment.size.max = 67108864 (custom)
2024-02-22 20:33:40,581 [dc26353c-d48a-467d-89cd-3a7c4b626396-groupManagement] INFO  server.RaftServerConfigKeys (ConfUtils.java:logGet(46)) - raft.server.log.preallocated.size = 4194304 (custom)
2024-02-22 20:33:40,581 [dc26353c-d48a-467d-89cd-3a7c4b626396-groupManagement] INFO  server.RaftServerConfigKeys (ConfUtils.java:logGet(46)) - raft.server.log.force.sync.num = 128 (default)
2024-02-22 20:33:40,581 [dc26353c-d48a-467d-89cd-3a7c4b626396-groupManagement] INFO  server.RaftServerConfigKeys (ConfUtils.java:logGet(46)) - raft.server.log.statemachine.data.sync = true (default)
2024-02-22 20:33:40,581 [dc26353c-d48a-467d-89cd-3a7c4b626396-groupManagement] INFO  server.RaftServerConfigKeys (ConfUtils.java:logGet(46)) - raft.server.log.statemachine.data.sync.timeout = 10s (default)
2024-02-22 20:33:40,581 [dc26353c-d48a-467d-89cd-3a7c4b626396-groupManagement] INFO  server.RaftServerConfigKeys (ConfUtils.java:logGet(46)) - raft.server.log.statemachine.data.sync.timeout.retry = 0 (custom)
2024-02-22 20:33:40,581 [dc26353c-d48a-467d-89cd-3a7c4b626396-groupManagement] INFO  server.RaftServerConfigKeys (ConfUtils.java:logGet(46)) - raft.server.log.write.buffer.size = 8388616 (custom)
2024-02-22 20:33:40,583 [dc26353c-d48a-467d-89cd-3a7c4b626396-groupManagement] INFO  server.RaftServerConfigKeys (ConfUtils.java:logGet(46)) - raft.server.log.appender.buffer.byte-limit = 8388608 (custom)
2024-02-22 20:33:40,583 [dc26353c-d48a-467d-89cd-3a7c4b626396-groupManagement] INFO  server.RaftServerConfigKeys (ConfUtils.java:logGet(46)) - raft.server.log.unsafe-flush.enabled = false (default)
2024-02-22 20:33:40,583 [dc26353c-d48a-467d-89cd-3a7c4b626396-groupManagement] INFO  server.RaftServerConfigKeys (ConfUtils.java:logGet(46)) - raft.server.log.async-flush.enabled = false (default)
2024-02-22 20:33:40,583 [dc26353c-d48a-467d-89cd-3a7c4b626396-groupManagement] INFO  server.RaftServerConfigKeys (ConfUtils.java:logGet(46)) - raft.server.log.statemachine.data.caching.enabled = true (custom)
2024-02-22 20:33:40,583 [dc26353c-d48a-467d-89cd-3a7c4b626396-groupManagement] INFO  segmented.SegmentedRaftLogWorker (SegmentedRaftLogWorker.java:lambda$new$0(134)) - dc26353c-d48a-467d-89cd-3a7c4b626396@group-89543CF42D33-SegmentedRaftLogWorker: flushIndex: setUnconditionally 0 -> -1
2024-02-22 20:33:40,583 [dc26353c-d48a-467d-89cd-3a7c4b626396-groupManagement] INFO  segmented.SegmentedRaftLogWorker (SegmentedRaftLogWorker.java:lambda$new$0(134)) - dc26353c-d48a-467d-89cd-3a7c4b626396@group-89543CF42D33-SegmentedRaftLogWorker: safeCacheEvictIndex: setUnconditionally 0 -> -1
2024-02-22 20:33:40,584 [923be64f-71f4-4891-b05d-82ff5a9df5b5-PipelineCommandHandlerThread-0] INFO  ratis.XceiverServerRatis (XceiverServerRatis.java:addGroup(864)) - Created group PipelineID=90e41e33-6449-465e-944d-26eafc745620
2024-02-22 20:33:40,584 [923be64f-71f4-4891-b05d-82ff5a9df5b5-PipelineCommandHandlerThread-0] INFO  commandhandler.CreatePipelineCommandHandler (CreatePipelineCommandHandler.java:lambda$handle$2(124)) - Created Pipeline RATIS ONE PipelineID=90e41e33-6449-465e-944d-26eafc745620.
2024-02-22 20:33:40,584 [923be64f-71f4-4891-b05d-82ff5a9df5b5-PipelineCommandHandlerThread-0] INFO  server.RaftServer (RaftServerProxy.java:addNew(100)) - 923be64f-71f4-4891-b05d-82ff5a9df5b5: addNew group-A538022C1006:[923be64f-71f4-4891-b05d-82ff5a9df5b5|10.1.0.33:15023, e46a6e51-795f-4801-a523-c45a6c7f2c34|10.1.0.33:15014, e780b093-7242-46d7-bd8f-0f810188c7b3|10.1.0.33:15095] returns group-A538022C1006:java.util.concurrent.CompletableFuture@7d85598[Not completed]
2024-02-22 20:33:40,585 [923be64f-71f4-4891-b05d-82ff5a9df5b5-groupManagement] INFO  server.RaftServer$Division (RaftServerImpl.java:<init>(256)) - 923be64f-71f4-4891-b05d-82ff5a9df5b5: new RaftServerImpl for group-A538022C1006:[923be64f-71f4-4891-b05d-82ff5a9df5b5|10.1.0.33:15023, e46a6e51-795f-4801-a523-c45a6c7f2c34|10.1.0.33:15014, e780b093-7242-46d7-bd8f-0f810188c7b3|10.1.0.33:15095] with ContainerStateMachine:uninitialized
2024-02-22 20:33:40,585 [923be64f-71f4-4891-b05d-82ff5a9df5b5-groupManagement] INFO  server.RaftServerConfigKeys (ConfUtils.java:logGet(46)) - raft.server.rpc.timeout.min = 5s (custom)
2024-02-22 20:33:40,585 [923be64f-71f4-4891-b05d-82ff5a9df5b5-groupManagement] INFO  server.RaftServerConfigKeys (ConfUtils.java:logGet(46)) - raft.server.rpc.timeout.max = 5200ms (custom)
2024-02-22 20:33:40,585 [923be64f-71f4-4891-b05d-82ff5a9df5b5-groupManagement] INFO  server.RaftServerConfigKeys (ConfUtils.java:logGet(46)) - raft.server.rpc.sleep.time = 25ms (default)
2024-02-22 20:33:40,585 [923be64f-71f4-4891-b05d-82ff5a9df5b5-groupManagement] INFO  server.RaftServerConfigKeys (ConfUtils.java:logGet(46)) - raft.server.rpc.slowness.timeout = 300s (custom)
2024-02-22 20:33:40,586 [923be64f-71f4-4891-b05d-82ff5a9df5b5-groupManagement] INFO  server.RaftServerConfigKeys (ConfUtils.java:logGet(46)) - raft.server.leaderelection.leader.step-down.wait-time = 10s (default)
2024-02-22 20:33:40,586 [923be64f-71f4-4891-b05d-82ff5a9df5b5-groupManagement] INFO  server.RaftServerConfigKeys (ConfUtils.java:logGet(46)) - raft.server.leaderelection.member.majority-add = false (default)
2024-02-22 20:33:40,586 [923be64f-71f4-4891-b05d-82ff5a9df5b5-groupManagement] INFO  server.RaftServerConfigKeys (ConfUtils.java:logGet(46)) - raft.server.sleep.deviation.threshold = 300ms (default)
2024-02-22 20:33:40,586 [923be64f-71f4-4891-b05d-82ff5a9df5b5-groupManagement] INFO  server.RaftServer$Division (ServerState.java:<init>(113)) - 923be64f-71f4-4891-b05d-82ff5a9df5b5@group-A538022C1006: ConfigurationManager, init=-1: peers:[923be64f-71f4-4891-b05d-82ff5a9df5b5|10.1.0.33:15023, e46a6e51-795f-4801-a523-c45a6c7f2c34|10.1.0.33:15014, e780b093-7242-46d7-bd8f-0f810188c7b3|10.1.0.33:15095]|listeners:[], old=null, confs=<EMPTY_MAP>
2024-02-22 20:33:40,586 [923be64f-71f4-4891-b05d-82ff5a9df5b5-groupManagement] INFO  server.RaftServerConfigKeys (ConfUtils.java:logGet(46)) - raft.server.notification.no-leader.timeout = 300s (custom)
2024-02-22 20:33:40,586 [923be64f-71f4-4891-b05d-82ff5a9df5b5-groupManagement] INFO  server.RaftServerConfigKeys (ConfUtils.java:logGet(46)) - raft.server.read.timeout = 10s (default)
2024-02-22 20:33:40,586 [923be64f-71f4-4891-b05d-82ff5a9df5b5-groupManagement] INFO  server.RaftServerConfigKeys (ConfUtils.java:logGet(46)) - raft.server.retrycache.expirytime = 600000ms (custom)
2024-02-22 20:33:40,586 [923be64f-71f4-4891-b05d-82ff5a9df5b5-groupManagement] INFO  server.RaftServerConfigKeys (ConfUtils.java:logGet(46)) - raft.server.retrycache.statistics.expirytime = 100ms (default)
2024-02-22 20:33:40,586 [923be64f-71f4-4891-b05d-82ff5a9df5b5-groupManagement] INFO  server.RaftServerConfigKeys (ConfUtils.java:logGet(46)) - raft.server.read.option = DEFAULT (default)
2024-02-22 20:33:40,586 [923be64f-71f4-4891-b05d-82ff5a9df5b5-groupManagement] INFO  server.RaftServerConfigKeys (ConfUtils.java:logGet(46)) - raft.server.read.read-after-write-consistent.write-index-cache.expiry-time = 60s (default)
2024-02-22 20:33:40,591 [d25dc3b0-28fc-4383-b1a0-617845025f41-groupManagement] INFO  ratis.ContainerStateMachine (ContainerStateMachine.java:loadSnapshot(287)) - group-9D5BCF0FDB08: The snapshot info is null. Setting the last applied index to:(t:0, i:~)
2024-02-22 20:33:40,591 [d25dc3b0-28fc-4383-b1a0-617845025f41-groupManagement] INFO  server.RaftServerConfigKeys (ConfUtils.java:logGet(46)) - raft.server.log.use.memory = false (default)
2024-02-22 20:33:40,592 [d25dc3b0-28fc-4383-b1a0-617845025f41-groupManagement] INFO  server.RaftServerConfigKeys (ConfUtils.java:logGet(46)) - raft.server.log.purge.gap = 1000000 (custom)
2024-02-22 20:33:40,592 [d25dc3b0-28fc-4383-b1a0-617845025f41-groupManagement] INFO  server.RaftServerConfigKeys (ConfUtils.java:logGet(46)) - raft.server.log.appender.buffer.byte-limit = 8388608 (custom)
2024-02-22 20:33:40,592 [d25dc3b0-28fc-4383-b1a0-617845025f41-groupManagement] INFO  server.RaftServerConfigKeys (ConfUtils.java:logGet(46)) - raft.server.log.statemachine.data.read.timeout = 1000ms (default)
2024-02-22 20:33:40,592 [d25dc3b0-28fc-4383-b1a0-617845025f41-groupManagement] INFO  server.RaftServerConfigKeys (ConfUtils.java:logGet(46)) - raft.server.log.purge.preservation.log.num = 0 (default)
2024-02-22 20:33:40,593 [grpc-default-executor-2] INFO  server.RaftServer (RaftServerProxy.java:addNew(100)) - 13f92446-3b18-4d81-bc66-0f9b00220e72: addNew group-B58ED9299B6F:[78f89d9b-e409-4704-890b-bfcfbcdfd28a|10.1.0.33:15086, c30fedce-f286-40e0-881d-3d5a9a6e2463|10.1.0.33:15068, 13f92446-3b18-4d81-bc66-0f9b00220e72|10.1.0.33:15077] returns group-B58ED9299B6F:java.util.concurrent.CompletableFuture@54efd3cb[Not completed]
2024-02-22 20:33:40,594 [e780b093-7242-46d7-bd8f-0f810188c7b3-PipelineCommandHandlerThread-0] INFO  server.RaftServer (RaftServerProxy.java:addNew(100)) - e780b093-7242-46d7-bd8f-0f810188c7b3: addNew group-383C4AAD3A78:[e780b093-7242-46d7-bd8f-0f810188c7b3|10.1.0.33:15095] returns group-383C4AAD3A78:java.util.concurrent.CompletableFuture@31ae8eca[Not completed]
2024-02-22 20:33:40,594 [78f89d9b-e409-4704-890b-bfcfbcdfd28a-groupManagement] INFO  ratis.ContainerStateMachine (ContainerStateMachine.java:loadSnapshot(287)) - group-24226A001283: The snapshot info is null. Setting the last applied index to:(t:0, i:~)
2024-02-22 20:33:40,594 [78f89d9b-e409-4704-890b-bfcfbcdfd28a-groupManagement] INFO  server.RaftServerConfigKeys (ConfUtils.java:logGet(46)) - raft.server.log.use.memory = false (default)
2024-02-22 20:33:40,594 [78f89d9b-e409-4704-890b-bfcfbcdfd28a-groupManagement] INFO  server.RaftServerConfigKeys (ConfUtils.java:logGet(46)) - raft.server.log.purge.gap = 1000000 (custom)
2024-02-22 20:33:40,595 [78f89d9b-e409-4704-890b-bfcfbcdfd28a-groupManagement] INFO  server.RaftServerConfigKeys (ConfUtils.java:logGet(46)) - raft.server.log.appender.buffer.byte-limit = 8388608 (custom)
2024-02-22 20:33:40,595 [78f89d9b-e409-4704-890b-bfcfbcdfd28a-groupManagement] INFO  server.RaftServerConfigKeys (ConfUtils.java:logGet(46)) - raft.server.log.statemachine.data.read.timeout = 1000ms (default)
2024-02-22 20:33:40,595 [78f89d9b-e409-4704-890b-bfcfbcdfd28a-groupManagement] INFO  server.RaftServerConfigKeys (ConfUtils.java:logGet(46)) - raft.server.log.purge.preservation.log.num = 0 (default)
2024-02-22 20:33:40,595 [e46a6e51-795f-4801-a523-c45a6c7f2c34-groupManagement] INFO  util.JmxRegister (JmxRegister.java:tryRegister(44)) - Successfully registered JMX Bean with object name Ratis:service=RaftServer,group=group-D74CD222B38A,id=e46a6e51-795f-4801-a523-c45a6c7f2c34
2024-02-22 20:33:40,595 [e46a6e51-795f-4801-a523-c45a6c7f2c34-groupManagement] INFO  server.RaftServerConfigKeys (ConfUtils.java:logGet(46)) - raft.server.snapshot.trigger-when-stop.enabled = true (default)
2024-02-22 20:33:40,595 [e46a6e51-795f-4801-a523-c45a6c7f2c34-groupManagement] INFO  server.RaftServerConfigKeys (ConfUtils.java:logGet(46)) - raft.server.snapshot.auto.trigger.enabled = true (custom)
2024-02-22 20:33:40,595 [e46a6e51-795f-4801-a523-c45a6c7f2c34-groupManagement] INFO  server.RaftServerConfigKeys (ConfUtils.java:logGet(46)) - raft.server.snapshot.auto.trigger.threshold = 10000 (custom)
2024-02-22 20:33:40,595 [e46a6e51-795f-4801-a523-c45a6c7f2c34-groupManagement] INFO  server.RaftServerConfigKeys (ConfUtils.java:logGet(46)) - raft.server.snapshot.retention.file.num = 5 (custom)
2024-02-22 20:33:40,595 [e46a6e51-795f-4801-a523-c45a6c7f2c34-groupManagement] INFO  server.RaftServerConfigKeys (ConfUtils.java:logGet(46)) - raft.server.log.purge.upto.snapshot.index = false (default)
2024-02-22 20:33:40,597 [dc26353c-d48a-467d-89cd-3a7c4b626396-groupManagement] INFO  server.RaftServer$Division (RaftServerImpl.java:start(396)) - dc26353c-d48a-467d-89cd-3a7c4b626396@group-89543CF42D33: start as a follower, conf=-1: peers:[86ab988c-fa9c-425d-a1c6-9004ff7fd93d|10.1.0.33:15059, 4e8f68d6-fd98-4f77-87e3-715939181693|10.1.0.33:15041, dc26353c-d48a-467d-89cd-3a7c4b626396|10.1.0.33:15050]|listeners:[], old=null
2024-02-22 20:33:40,597 [dc26353c-d48a-467d-89cd-3a7c4b626396-groupManagement] INFO  server.RaftServer$Division (RaftServerImpl.java:setRole(383)) - dc26353c-d48a-467d-89cd-3a7c4b626396@group-89543CF42D33: changes role from      null to FOLLOWER at term 0 for startAsFollower
2024-02-22 20:33:40,597 [dc26353c-d48a-467d-89cd-3a7c4b626396-groupManagement] INFO  impl.RoleInfo (RoleInfo.java:updateAndGet(139)) - dc26353c-d48a-467d-89cd-3a7c4b626396: start dc26353c-d48a-467d-89cd-3a7c4b626396@group-89543CF42D33-FollowerState
2024-02-22 20:33:40,598 [e46a6e51-795f-4801-a523-c45a6c7f2c34@group-D74CD222B38A-FollowerState] INFO  server.RaftServerConfigKeys (ConfUtils.java:logFallback(53)) - raft.server.rpc.first-election.timeout.min = 5s (fallback to raft.server.rpc.timeout.min)
2024-02-22 20:33:40,598 [e46a6e51-795f-4801-a523-c45a6c7f2c34@group-D74CD222B38A-FollowerState] INFO  server.RaftServerConfigKeys (ConfUtils.java:logFallback(53)) - raft.server.rpc.first-election.timeout.max = 5200ms (fallback to raft.server.rpc.timeout.max)
2024-02-22 20:33:40,598 [dc26353c-d48a-467d-89cd-3a7c4b626396@group-89543CF42D33-FollowerState] INFO  server.RaftServerConfigKeys (ConfUtils.java:logFallback(53)) - raft.server.rpc.first-election.timeout.min = 5s (fallback to raft.server.rpc.timeout.min)
2024-02-22 20:33:40,598 [dc26353c-d48a-467d-89cd-3a7c4b626396@group-89543CF42D33-FollowerState] INFO  server.RaftServerConfigKeys (ConfUtils.java:logFallback(53)) - raft.server.rpc.first-election.timeout.max = 5200ms (fallback to raft.server.rpc.timeout.max)
2024-02-22 20:33:40,599 [EventQueue-OpenPipelineForHealthyPipelineSafeModeRule] INFO  safemode.SCMSafeModeManager (HealthyPipelineSafeModeRule.java:process(140)) - SCM in safe mode. Healthy pipelines reported count is 0, required healthy pipeline reported count is 1
2024-02-22 20:33:40,599 [EventQueue-OpenPipelineForHealthyPipelineSafeModeRule] INFO  safemode.SCMSafeModeManager (HealthyPipelineSafeModeRule.java:process(140)) - SCM in safe mode. Healthy pipelines reported count is 0, required healthy pipeline reported count is 1
2024-02-22 20:33:40,599 [EventQueue-OpenPipelineForHealthyPipelineSafeModeRule] INFO  safemode.SCMSafeModeManager (HealthyPipelineSafeModeRule.java:process(140)) - SCM in safe mode. Healthy pipelines reported count is 0, required healthy pipeline reported count is 1
2024-02-22 20:33:40,598 [dc26353c-d48a-467d-89cd-3a7c4b626396-groupManagement] INFO  util.JmxRegister (JmxRegister.java:tryRegister(44)) - Successfully registered JMX Bean with object name Ratis:service=RaftServer,group=group-89543CF42D33,id=dc26353c-d48a-467d-89cd-3a7c4b626396
2024-02-22 20:33:40,601 [dc26353c-d48a-467d-89cd-3a7c4b626396-groupManagement] INFO  server.RaftServerConfigKeys (ConfUtils.java:logGet(46)) - raft.server.snapshot.trigger-when-stop.enabled = true (default)
2024-02-22 20:33:40,601 [dc26353c-d48a-467d-89cd-3a7c4b626396-groupManagement] INFO  server.RaftServerConfigKeys (ConfUtils.java:logGet(46)) - raft.server.snapshot.auto.trigger.enabled = true (custom)
2024-02-22 20:33:40,601 [dc26353c-d48a-467d-89cd-3a7c4b626396-groupManagement] INFO  server.RaftServerConfigKeys (ConfUtils.java:logGet(46)) - raft.server.snapshot.auto.trigger.threshold = 10000 (custom)
2024-02-22 20:33:40,601 [dc26353c-d48a-467d-89cd-3a7c4b626396-groupManagement] INFO  server.RaftServerConfigKeys (ConfUtils.java:logGet(46)) - raft.server.snapshot.retention.file.num = 5 (custom)
2024-02-22 20:33:40,602 [dc26353c-d48a-467d-89cd-3a7c4b626396-groupManagement] INFO  server.RaftServerConfigKeys (ConfUtils.java:logGet(46)) - raft.server.log.purge.upto.snapshot.index = false (default)
2024-02-22 20:33:40,605 [923be64f-71f4-4891-b05d-82ff5a9df5b5-groupManagement] INFO  server.RaftServerConfigKeys (ConfUtils.java:logGet(46)) - raft.server.rpc.request.timeout = 60s (custom)
2024-02-22 20:33:40,605 [923be64f-71f4-4891-b05d-82ff5a9df5b5-groupManagement] INFO  server.RaftServerConfigKeys (ConfUtils.java:logGet(46)) - raft.server.log.appender.install.snapshot.enabled = false (custom)
2024-02-22 20:33:40,605 [923be64f-71f4-4891-b05d-82ff5a9df5b5-groupManagement] INFO  server.RaftServerConfigKeys (ConfUtils.java:logGet(46)) - raft.server.threadpool.server.cached = true (default)
2024-02-22 20:33:40,605 [923be64f-71f4-4891-b05d-82ff5a9df5b5-groupManagement] INFO  server.RaftServerConfigKeys (ConfUtils.java:logGet(46)) - raft.server.threadpool.server.size = 0 (default)
2024-02-22 20:33:40,605 [923be64f-71f4-4891-b05d-82ff5a9df5b5-groupManagement] INFO  server.RaftServerConfigKeys (ConfUtils.java:logGet(46)) - raft.server.threadpool.client.cached = true (default)
2024-02-22 20:33:40,605 [923be64f-71f4-4891-b05d-82ff5a9df5b5-groupManagement] INFO  server.RaftServerConfigKeys (ConfUtils.java:logGet(46)) - raft.server.threadpool.client.size = 0 (default)
2024-02-22 20:33:40,605 [923be64f-71f4-4891-b05d-82ff5a9df5b5-groupManagement] INFO  server.RaftServerConfigKeys (ConfUtils.java:logGet(46)) - raft.server.storage.free-space.min = 0MB (=0) (default)
2024-02-22 20:33:40,605 [923be64f-71f4-4891-b05d-82ff5a9df5b5-groupManagement] INFO  server.RaftServerConfigKeys (ConfUtils.java:logGet(46)) - raft.server.log.corruption.policy = EXCEPTION (default)
2024-02-22 20:33:40,605 [923be64f-71f4-4891-b05d-82ff5a9df5b5-groupManagement] INFO  server.RaftServerConfigKeys (ConfUtils.java:logGet(46)) - raft.server.storage.dir = [/home/runner/work/ozone/ozone/hadoop-ozone/integration-test/target/test-dir/MiniOzoneClusterImpl-a0fc024b-a492-45a5-9697-b0d14f72cb5c/datanode-1/data/ratis] (custom)
2024-02-22 20:33:40,605 [923be64f-71f4-4891-b05d-82ff5a9df5b5-groupManagement] INFO  storage.RaftStorageDirectory (RaftStorageDirectoryImpl.java:analyzeStorage(138)) - The storage directory /home/runner/work/ozone/ozone/hadoop-ozone/integration-test/target/test-dir/MiniOzoneClusterImpl-a0fc024b-a492-45a5-9697-b0d14f72cb5c/datanode-1/data/ratis/b7ad60d3-b3bb-4da3-89ae-a538022c1006 does not exist. Creating ...
2024-02-22 20:33:40,609 [e780b093-7242-46d7-bd8f-0f810188c7b3-groupManagement] INFO  server.RaftServer$Division (RaftServerImpl.java:<init>(256)) - e780b093-7242-46d7-bd8f-0f810188c7b3: new RaftServerImpl for group-383C4AAD3A78:[e780b093-7242-46d7-bd8f-0f810188c7b3|10.1.0.33:15095] with ContainerStateMachine:uninitialized
2024-02-22 20:33:40,609 [923be64f-71f4-4891-b05d-82ff5a9df5b5-groupManagement] INFO  storage.RaftStorageDirectory (RaftStorageDirectoryImpl.java:tryLock(228)) - Lock on /home/runner/work/ozone/ozone/hadoop-ozone/integration-test/target/test-dir/MiniOzoneClusterImpl-a0fc024b-a492-45a5-9697-b0d14f72cb5c/datanode-1/data/ratis/b7ad60d3-b3bb-4da3-89ae-a538022c1006/in_use.lock acquired by nodename 30552@fv-az779-213
2024-02-22 20:33:40,609 [e780b093-7242-46d7-bd8f-0f810188c7b3-groupManagement] INFO  server.RaftServerConfigKeys (ConfUtils.java:logGet(46)) - raft.server.rpc.timeout.min = 5s (custom)
2024-02-22 20:33:40,610 [e780b093-7242-46d7-bd8f-0f810188c7b3-groupManagement] INFO  server.RaftServerConfigKeys (ConfUtils.java:logGet(46)) - raft.server.rpc.timeout.max = 5200ms (custom)
2024-02-22 20:33:40,610 [923be64f-71f4-4891-b05d-82ff5a9df5b5-groupManagement] INFO  storage.RaftStorage (RaftStorageImpl.java:format(99)) - Storage directory /home/runner/work/ozone/ozone/hadoop-ozone/integration-test/target/test-dir/MiniOzoneClusterImpl-a0fc024b-a492-45a5-9697-b0d14f72cb5c/datanode-1/data/ratis/b7ad60d3-b3bb-4da3-89ae-a538022c1006 has been successfully formatted.
2024-02-22 20:33:40,611 [923be64f-71f4-4891-b05d-82ff5a9df5b5-groupManagement] WARN  util.FileUtils (LogUtils.java:supplyAndLog(63)) - Failed to Files.newInputStream /home/runner/work/ozone/ozone/hadoop-ozone/integration-test/target/test-dir/MiniOzoneClusterImpl-a0fc024b-a492-45a5-9697-b0d14f72cb5c/datanode-1/data/ratis/b7ad60d3-b3bb-4da3-89ae-a538022c1006/current/raft-meta.conf with options []: java.nio.file.NoSuchFileException: /home/runner/work/ozone/ozone/hadoop-ozone/integration-test/target/test-dir/MiniOzoneClusterImpl-a0fc024b-a492-45a5-9697-b0d14f72cb5c/datanode-1/data/ratis/b7ad60d3-b3bb-4da3-89ae-a538022c1006/current/raft-meta.conf
2024-02-22 20:33:40,611 [d25dc3b0-28fc-4383-b1a0-617845025f41-groupManagement] INFO  server.RaftServerConfigKeys (ConfUtils.java:logGet(46)) - raft.server.log.segment.size.max = 67108864 (custom)
2024-02-22 20:33:40,611 [e780b093-7242-46d7-bd8f-0f810188c7b3-groupManagement] INFO  server.RaftServerConfigKeys (ConfUtils.java:logGet(46)) - raft.server.rpc.sleep.time = 25ms (default)
2024-02-22 20:33:40,611 [e780b093-7242-46d7-bd8f-0f810188c7b3-groupManagement] INFO  server.RaftServerConfigKeys (ConfUtils.java:logGet(46)) - raft.server.rpc.slowness.timeout = 300s (custom)
2024-02-22 20:33:40,611 [e780b093-7242-46d7-bd8f-0f810188c7b3-groupManagement] INFO  server.RaftServerConfigKeys (ConfUtils.java:logGet(46)) - raft.server.leaderelection.leader.step-down.wait-time = 10s (default)
2024-02-22 20:33:40,612 [e780b093-7242-46d7-bd8f-0f810188c7b3-groupManagement] INFO  server.RaftServerConfigKeys (ConfUtils.java:logGet(46)) - raft.server.leaderelection.member.majority-add = false (default)
2024-02-22 20:33:40,612 [e780b093-7242-46d7-bd8f-0f810188c7b3-groupManagement] INFO  server.RaftServerConfigKeys (ConfUtils.java:logGet(46)) - raft.server.sleep.deviation.threshold = 300ms (default)
2024-02-22 20:33:40,612 [e780b093-7242-46d7-bd8f-0f810188c7b3-groupManagement] INFO  server.RaftServer$Division (ServerState.java:<init>(113)) - e780b093-7242-46d7-bd8f-0f810188c7b3@group-383C4AAD3A78: ConfigurationManager, init=-1: peers:[e780b093-7242-46d7-bd8f-0f810188c7b3|10.1.0.33:15095]|listeners:[], old=null, confs=<EMPTY_MAP>
2024-02-22 20:33:40,612 [e780b093-7242-46d7-bd8f-0f810188c7b3-groupManagement] INFO  server.RaftServerConfigKeys (ConfUtils.java:logGet(46)) - raft.server.notification.no-leader.timeout = 300s (custom)
2024-02-22 20:33:40,612 [e780b093-7242-46d7-bd8f-0f810188c7b3-groupManagement] INFO  server.RaftServerConfigKeys (ConfUtils.java:logGet(46)) - raft.server.read.timeout = 10s (default)
2024-02-22 20:33:40,612 [e780b093-7242-46d7-bd8f-0f810188c7b3-groupManagement] INFO  server.RaftServerConfigKeys (ConfUtils.java:logGet(46)) - raft.server.retrycache.expirytime = 600000ms (custom)
2024-02-22 20:33:40,612 [e780b093-7242-46d7-bd8f-0f810188c7b3-groupManagement] INFO  server.RaftServerConfigKeys (ConfUtils.java:logGet(46)) - raft.server.retrycache.statistics.expirytime = 100ms (default)
2024-02-22 20:33:40,612 [e780b093-7242-46d7-bd8f-0f810188c7b3-groupManagement] INFO  server.RaftServerConfigKeys (ConfUtils.java:logGet(46)) - raft.server.read.option = DEFAULT (default)
2024-02-22 20:33:40,612 [e780b093-7242-46d7-bd8f-0f810188c7b3-groupManagement] INFO  server.RaftServerConfigKeys (ConfUtils.java:logGet(46)) - raft.server.read.read-after-write-consistent.write-index-cache.expiry-time = 60s (default)
2024-02-22 20:33:40,614 [78f89d9b-e409-4704-890b-bfcfbcdfd28a-groupManagement] INFO  server.RaftServerConfigKeys (ConfUtils.java:logGet(46)) - raft.server.log.segment.size.max = 67108864 (custom)
2024-02-22 20:33:40,614 [e46a6e51-795f-4801-a523-c45a6c7f2c34-PipelineCommandHandlerThread-0] INFO  ratis.XceiverServerRatis (XceiverServerRatis.java:addGroup(864)) - Created group PipelineID=efc484b9-defd-45a9-8873-d74cd222b38a
2024-02-22 20:33:40,614 [e46a6e51-795f-4801-a523-c45a6c7f2c34-PipelineCommandHandlerThread-0] INFO  commandhandler.CreatePipelineCommandHandler (CreatePipelineCommandHandler.java:lambda$handle$2(124)) - Created Pipeline RATIS ONE PipelineID=efc484b9-defd-45a9-8873-d74cd222b38a.
2024-02-22 20:33:40,615 [e46a6e51-795f-4801-a523-c45a6c7f2c34-PipelineCommandHandlerThread-0] INFO  server.RaftServer (RaftServerProxy.java:addNew(100)) - e46a6e51-795f-4801-a523-c45a6c7f2c34: addNew group-83D984655C73:[86ab988c-fa9c-425d-a1c6-9004ff7fd93d|10.1.0.33:15059, e46a6e51-795f-4801-a523-c45a6c7f2c34|10.1.0.33:15014, e780b093-7242-46d7-bd8f-0f810188c7b3|10.1.0.33:15095] returns group-83D984655C73:java.util.concurrent.CompletableFuture@717f77a2[Not completed]
2024-02-22 20:33:40,616 [e46a6e51-795f-4801-a523-c45a6c7f2c34-groupManagement] INFO  server.RaftServer$Division (RaftServerImpl.java:<init>(256)) - e46a6e51-795f-4801-a523-c45a6c7f2c34: new RaftServerImpl for group-83D984655C73:[86ab988c-fa9c-425d-a1c6-9004ff7fd93d|10.1.0.33:15059, e46a6e51-795f-4801-a523-c45a6c7f2c34|10.1.0.33:15014, e780b093-7242-46d7-bd8f-0f810188c7b3|10.1.0.33:15095] with ContainerStateMachine:uninitialized
2024-02-22 20:33:40,616 [e46a6e51-795f-4801-a523-c45a6c7f2c34-groupManagement] INFO  server.RaftServerConfigKeys (ConfUtils.java:logGet(46)) - raft.server.rpc.timeout.min = 5s (custom)
2024-02-22 20:33:40,616 [e46a6e51-795f-4801-a523-c45a6c7f2c34-groupManagement] INFO  server.RaftServerConfigKeys (ConfUtils.java:logGet(46)) - raft.server.rpc.timeout.max = 5200ms (custom)
2024-02-22 20:33:40,617 [e46a6e51-795f-4801-a523-c45a6c7f2c34-groupManagement] INFO  server.RaftServerConfigKeys (ConfUtils.java:logGet(46)) - raft.server.rpc.sleep.time = 25ms (default)
2024-02-22 20:33:40,617 [e46a6e51-795f-4801-a523-c45a6c7f2c34-groupManagement] INFO  server.RaftServerConfigKeys (ConfUtils.java:logGet(46)) - raft.server.rpc.slowness.timeout = 300s (custom)
2024-02-22 20:33:40,617 [e46a6e51-795f-4801-a523-c45a6c7f2c34-groupManagement] INFO  server.RaftServerConfigKeys (ConfUtils.java:logGet(46)) - raft.server.leaderelection.leader.step-down.wait-time = 10s (default)
2024-02-22 20:33:40,617 [e46a6e51-795f-4801-a523-c45a6c7f2c34-groupManagement] INFO  server.RaftServerConfigKeys (ConfUtils.java:logGet(46)) - raft.server.leaderelection.member.majority-add = false (default)
2024-02-22 20:33:40,617 [e46a6e51-795f-4801-a523-c45a6c7f2c34-groupManagement] INFO  server.RaftServerConfigKeys (ConfUtils.java:logGet(46)) - raft.server.sleep.deviation.threshold = 300ms (default)
2024-02-22 20:33:40,617 [e46a6e51-795f-4801-a523-c45a6c7f2c34-groupManagement] INFO  server.RaftServer$Division (ServerState.java:<init>(113)) - e46a6e51-795f-4801-a523-c45a6c7f2c34@group-83D984655C73: ConfigurationManager, init=-1: peers:[86ab988c-fa9c-425d-a1c6-9004ff7fd93d|10.1.0.33:15059, e46a6e51-795f-4801-a523-c45a6c7f2c34|10.1.0.33:15014, e780b093-7242-46d7-bd8f-0f810188c7b3|10.1.0.33:15095]|listeners:[], old=null, confs=<EMPTY_MAP>
2024-02-22 20:33:40,617 [e46a6e51-795f-4801-a523-c45a6c7f2c34-groupManagement] INFO  server.RaftServerConfigKeys (ConfUtils.java:logGet(46)) - raft.server.notification.no-leader.timeout = 300s (custom)
2024-02-22 20:33:40,617 [e46a6e51-795f-4801-a523-c45a6c7f2c34-groupManagement] INFO  server.RaftServerConfigKeys (ConfUtils.java:logGet(46)) - raft.server.read.timeout = 10s (default)
2024-02-22 20:33:40,617 [e46a6e51-795f-4801-a523-c45a6c7f2c34-groupManagement] INFO  server.RaftServerConfigKeys (ConfUtils.java:logGet(46)) - raft.server.retrycache.expirytime = 600000ms (custom)
2024-02-22 20:33:40,617 [e46a6e51-795f-4801-a523-c45a6c7f2c34-groupManagement] INFO  server.RaftServerConfigKeys (ConfUtils.java:logGet(46)) - raft.server.retrycache.statistics.expirytime = 100ms (default)
2024-02-22 20:33:40,617 [e46a6e51-795f-4801-a523-c45a6c7f2c34-groupManagement] INFO  server.RaftServerConfigKeys (ConfUtils.java:logGet(46)) - raft.server.read.option = DEFAULT (default)
2024-02-22 20:33:40,617 [e46a6e51-795f-4801-a523-c45a6c7f2c34-groupManagement] INFO  server.RaftServerConfigKeys (ConfUtils.java:logGet(46)) - raft.server.read.read-after-write-consistent.write-index-cache.expiry-time = 60s (default)
2024-02-22 20:33:40,617 [d25dc3b0-28fc-4383-b1a0-617845025f41-groupManagement] INFO  server.RaftServerConfigKeys (ConfUtils.java:logGet(46)) - raft.server.log.segment.cache.num.max = 2 (custom)
2024-02-22 20:33:40,618 [d25dc3b0-28fc-4383-b1a0-617845025f41-groupManagement] INFO  server.RaftServerConfigKeys (ConfUtils.java:logGet(46)) - raft.server.log.segment.cache.size.max = 200MB (=209715200) (default)
2024-02-22 20:33:40,618 [d25dc3b0-28fc-4383-b1a0-617845025f41-groupManagement] INFO  server.RaftServerConfigKeys (ConfUtils.java:logGet(46)) - raft.server.log.appender.buffer.byte-limit = 8388608 (custom)
2024-02-22 20:33:40,617 [dc26353c-d48a-467d-89cd-3a7c4b626396-groupManagement] INFO  server.RaftServerConfigKeys (ConfUtils.java:logGet(46)) - raft.server.storage.free-space.min = 0MB (=0) (default)
2024-02-22 20:33:40,618 [dc26353c-d48a-467d-89cd-3a7c4b626396-groupManagement] INFO  server.RaftServerConfigKeys (ConfUtils.java:logGet(46)) - raft.server.log.corruption.policy = EXCEPTION (default)
2024-02-22 20:33:40,618 [dc26353c-d48a-467d-89cd-3a7c4b626396-groupManagement] INFO  server.RaftServerConfigKeys (ConfUtils.java:logGet(46)) - raft.server.storage.dir = [/home/runner/work/ozone/ozone/hadoop-ozone/integration-test/target/test-dir/MiniOzoneClusterImpl-a0fc024b-a492-45a5-9697-b0d14f72cb5c/datanode-4/data/ratis] (custom)
2024-02-22 20:33:40,619 [dc26353c-d48a-467d-89cd-3a7c4b626396-groupManagement] INFO  storage.RaftStorageDirectory (RaftStorageDirectoryImpl.java:analyzeStorage(138)) - The storage directory /home/runner/work/ozone/ozone/hadoop-ozone/integration-test/target/test-dir/MiniOzoneClusterImpl-a0fc024b-a492-45a5-9697-b0d14f72cb5c/datanode-4/data/ratis/a2c380a1-736c-4d1e-96be-967e786a868e does not exist. Creating ...
2024-02-22 20:33:40,619 [dc26353c-d48a-467d-89cd-3a7c4b626396-groupManagement] INFO  storage.RaftStorageDirectory (RaftStorageDirectoryImpl.java:tryLock(228)) - Lock on /home/runner/work/ozone/ozone/hadoop-ozone/integration-test/target/test-dir/MiniOzoneClusterImpl-a0fc024b-a492-45a5-9697-b0d14f72cb5c/datanode-4/data/ratis/a2c380a1-736c-4d1e-96be-967e786a868e/in_use.lock acquired by nodename 30552@fv-az779-213
2024-02-22 20:33:40,621 [dc26353c-d48a-467d-89cd-3a7c4b626396-groupManagement] INFO  storage.RaftStorage (RaftStorageImpl.java:format(99)) - Storage directory /home/runner/work/ozone/ozone/hadoop-ozone/integration-test/target/test-dir/MiniOzoneClusterImpl-a0fc024b-a492-45a5-9697-b0d14f72cb5c/datanode-4/data/ratis/a2c380a1-736c-4d1e-96be-967e786a868e has been successfully formatted.
2024-02-22 20:33:40,621 [dc26353c-d48a-467d-89cd-3a7c4b626396-groupManagement] WARN  util.FileUtils (LogUtils.java:supplyAndLog(63)) - Failed to Files.newInputStream /home/runner/work/ozone/ozone/hadoop-ozone/integration-test/target/test-dir/MiniOzoneClusterImpl-a0fc024b-a492-45a5-9697-b0d14f72cb5c/datanode-4/data/ratis/a2c380a1-736c-4d1e-96be-967e786a868e/current/raft-meta.conf with options []: java.nio.file.NoSuchFileException: /home/runner/work/ozone/ozone/hadoop-ozone/integration-test/target/test-dir/MiniOzoneClusterImpl-a0fc024b-a492-45a5-9697-b0d14f72cb5c/datanode-4/data/ratis/a2c380a1-736c-4d1e-96be-967e786a868e/current/raft-meta.conf
2024-02-22 20:33:40,622 [dc26353c-d48a-467d-89cd-3a7c4b626396-groupManagement] INFO  ratis.ContainerStateMachine (ContainerStateMachine.java:loadSnapshot(287)) - group-967E786A868E: The snapshot info is null. Setting the last applied index to:(t:0, i:~)
2024-02-22 20:33:40,622 [dc26353c-d48a-467d-89cd-3a7c4b626396-groupManagement] INFO  server.RaftServerConfigKeys (ConfUtils.java:logGet(46)) - raft.server.log.use.memory = false (default)
2024-02-22 20:33:40,622 [dc26353c-d48a-467d-89cd-3a7c4b626396-groupManagement] INFO  server.RaftServerConfigKeys (ConfUtils.java:logGet(46)) - raft.server.log.purge.gap = 1000000 (custom)
2024-02-22 20:33:40,622 [dc26353c-d48a-467d-89cd-3a7c4b626396-groupManagement] INFO  server.RaftServerConfigKeys (ConfUtils.java:logGet(46)) - raft.server.log.appender.buffer.byte-limit = 8388608 (custom)
2024-02-22 20:33:40,623 [dc26353c-d48a-467d-89cd-3a7c4b626396-groupManagement] INFO  server.RaftServerConfigKeys (ConfUtils.java:logGet(46)) - raft.server.log.statemachine.data.read.timeout = 1000ms (default)
2024-02-22 20:33:40,623 [dc26353c-d48a-467d-89cd-3a7c4b626396-groupManagement] INFO  server.RaftServerConfigKeys (ConfUtils.java:logGet(46)) - raft.server.log.purge.preservation.log.num = 0 (default)
2024-02-22 20:33:40,623 [EventQueue-OpenPipelineForHealthyPipelineSafeModeRule] INFO  safemode.SCMSafeModeManager (HealthyPipelineSafeModeRule.java:process(140)) - SCM in safe mode. Healthy pipelines reported count is 0, required healthy pipeline reported count is 1
2024-02-22 20:33:40,623 [EventQueue-OpenPipelineForHealthyPipelineSafeModeRule] INFO  safemode.SCMSafeModeManager (HealthyPipelineSafeModeRule.java:process(140)) - SCM in safe mode. Healthy pipelines reported count is 0, required healthy pipeline reported count is 1
2024-02-22 20:33:40,622 [13f92446-3b18-4d81-bc66-0f9b00220e72-PipelineCommandHandlerThread-0] INFO  ratis.XceiverServerRatis (XceiverServerRatis.java:addGroup(864)) - Created group PipelineID=d218b5b2-1780-4e0a-a27d-ef19ab1be06f
2024-02-22 20:33:40,624 [13f92446-3b18-4d81-bc66-0f9b00220e72-PipelineCommandHandlerThread-0] INFO  commandhandler.CreatePipelineCommandHandler (CreatePipelineCommandHandler.java:lambda$handle$2(124)) - Created Pipeline RATIS ONE PipelineID=d218b5b2-1780-4e0a-a27d-ef19ab1be06f.
2024-02-22 20:33:40,625 [13f92446-3b18-4d81-bc66-0f9b00220e72-PipelineCommandHandlerThread-0] INFO  server.RaftServer (RaftServerProxy.java:addNew(100)) - 13f92446-3b18-4d81-bc66-0f9b00220e72: addNew group-C4BFF782AB50:[78f89d9b-e409-4704-890b-bfcfbcdfd28a|10.1.0.33:15086, c30fedce-f286-40e0-881d-3d5a9a6e2463|10.1.0.33:15068, 13f92446-3b18-4d81-bc66-0f9b00220e72|10.1.0.33:15077] returns group-C4BFF782AB50:java.util.concurrent.CompletableFuture@35a4ad2f[Not completed]
2024-02-22 20:33:40,625 [13f92446-3b18-4d81-bc66-0f9b00220e72-groupManagement] INFO  server.RaftServer$Division (RaftServerImpl.java:<init>(256)) - 13f92446-3b18-4d81-bc66-0f9b00220e72: new RaftServerImpl for group-B58ED9299B6F:[78f89d9b-e409-4704-890b-bfcfbcdfd28a|10.1.0.33:15086, c30fedce-f286-40e0-881d-3d5a9a6e2463|10.1.0.33:15068, 13f92446-3b18-4d81-bc66-0f9b00220e72|10.1.0.33:15077] with ContainerStateMachine:uninitialized
2024-02-22 20:33:40,625 [13f92446-3b18-4d81-bc66-0f9b00220e72-groupManagement] INFO  server.RaftServerConfigKeys (ConfUtils.java:logGet(46)) - raft.server.rpc.timeout.min = 5s (custom)
2024-02-22 20:33:40,626 [13f92446-3b18-4d81-bc66-0f9b00220e72-groupManagement] INFO  server.RaftServerConfigKeys (ConfUtils.java:logGet(46)) - raft.server.rpc.timeout.max = 5200ms (custom)
2024-02-22 20:33:40,626 [13f92446-3b18-4d81-bc66-0f9b00220e72-groupManagement] INFO  server.RaftServerConfigKeys (ConfUtils.java:logGet(46)) - raft.server.rpc.sleep.time = 25ms (default)
2024-02-22 20:33:40,626 [13f92446-3b18-4d81-bc66-0f9b00220e72-groupManagement] INFO  server.RaftServerConfigKeys (ConfUtils.java:logGet(46)) - raft.server.rpc.slowness.timeout = 300s (custom)
2024-02-22 20:33:40,626 [13f92446-3b18-4d81-bc66-0f9b00220e72-groupManagement] INFO  server.RaftServerConfigKeys (ConfUtils.java:logGet(46)) - raft.server.leaderelection.leader.step-down.wait-time = 10s (default)
2024-02-22 20:33:40,626 [13f92446-3b18-4d81-bc66-0f9b00220e72-groupManagement] INFO  server.RaftServerConfigKeys (ConfUtils.java:logGet(46)) - raft.server.leaderelection.member.majority-add = false (default)
2024-02-22 20:33:40,626 [13f92446-3b18-4d81-bc66-0f9b00220e72-groupManagement] INFO  server.RaftServerConfigKeys (ConfUtils.java:logGet(46)) - raft.server.sleep.deviation.threshold = 300ms (default)
2024-02-22 20:33:40,626 [13f92446-3b18-4d81-bc66-0f9b00220e72-groupManagement] INFO  server.RaftServer$Division (ServerState.java:<init>(113)) - 13f92446-3b18-4d81-bc66-0f9b00220e72@group-B58ED9299B6F: ConfigurationManager, init=-1: peers:[78f89d9b-e409-4704-890b-bfcfbcdfd28a|10.1.0.33:15086, c30fedce-f286-40e0-881d-3d5a9a6e2463|10.1.0.33:15068, 13f92446-3b18-4d81-bc66-0f9b00220e72|10.1.0.33:15077]|listeners:[], old=null, confs=<EMPTY_MAP>
2024-02-22 20:33:40,626 [13f92446-3b18-4d81-bc66-0f9b00220e72-groupManagement] INFO  server.RaftServerConfigKeys (ConfUtils.java:logGet(46)) - raft.server.notification.no-leader.timeout = 300s (custom)
2024-02-22 20:33:40,626 [13f92446-3b18-4d81-bc66-0f9b00220e72-groupManagement] INFO  server.RaftServerConfigKeys (ConfUtils.java:logGet(46)) - raft.server.read.timeout = 10s (default)
2024-02-22 20:33:40,626 [13f92446-3b18-4d81-bc66-0f9b00220e72-groupManagement] INFO  server.RaftServerConfigKeys (ConfUtils.java:logGet(46)) - raft.server.retrycache.expirytime = 600000ms (custom)
2024-02-22 20:33:40,626 [13f92446-3b18-4d81-bc66-0f9b00220e72-groupManagement] INFO  server.RaftServerConfigKeys (ConfUtils.java:logGet(46)) - raft.server.retrycache.statistics.expirytime = 100ms (default)
2024-02-22 20:33:40,627 [13f92446-3b18-4d81-bc66-0f9b00220e72-groupManagement] INFO  server.RaftServerConfigKeys (ConfUtils.java:logGet(46)) - raft.server.read.option = DEFAULT (default)
2024-02-22 20:33:40,627 [13f92446-3b18-4d81-bc66-0f9b00220e72-groupManagement] INFO  server.RaftServerConfigKeys (ConfUtils.java:logGet(46)) - raft.server.read.read-after-write-consistent.write-index-cache.expiry-time = 60s (default)
2024-02-22 20:33:40,626 [78f89d9b-e409-4704-890b-bfcfbcdfd28a-groupManagement] INFO  server.RaftServerConfigKeys (ConfUtils.java:logGet(46)) - raft.server.log.segment.cache.num.max = 2 (custom)
2024-02-22 20:33:40,627 [78f89d9b-e409-4704-890b-bfcfbcdfd28a-groupManagement] INFO  server.RaftServerConfigKeys (ConfUtils.java:logGet(46)) - raft.server.log.segment.cache.size.max = 200MB (=209715200) (default)
2024-02-22 20:33:40,627 [78f89d9b-e409-4704-890b-bfcfbcdfd28a-groupManagement] INFO  server.RaftServerConfigKeys (ConfUtils.java:logGet(46)) - raft.server.log.appender.buffer.byte-limit = 8388608 (custom)
2024-02-22 20:33:40,629 [d25dc3b0-28fc-4383-b1a0-617845025f41-groupManagement] INFO  util.AwaitToRun (AwaitToRun.java:start(81)) - Thread[d25dc3b0-28fc-4383-b1a0-617845025f41@group-9D5BCF0FDB08-cacheEviction-AwaitToRun,5,main] started
2024-02-22 20:33:40,629 [d25dc3b0-28fc-4383-b1a0-617845025f41-groupManagement] INFO  segmented.SegmentedRaftLogWorker (SegmentedRaftLogWorker.java:<init>(182)) - new d25dc3b0-28fc-4383-b1a0-617845025f41@group-9D5BCF0FDB08-SegmentedRaftLogWorker for RaftStorageImpl:Storage Directory /home/runner/work/ozone/ozone/hadoop-ozone/integration-test/target/test-dir/MiniOzoneClusterImpl-a0fc024b-a492-45a5-9697-b0d14f72cb5c/datanode-2/data/ratis/6139a09f-40c0-48a4-995f-9d5bcf0fdb08
2024-02-22 20:33:40,629 [923be64f-71f4-4891-b05d-82ff5a9df5b5-groupManagement] INFO  ratis.ContainerStateMachine (ContainerStateMachine.java:loadSnapshot(287)) - group-A538022C1006: The snapshot info is null. Setting the last applied index to:(t:0, i:~)
2024-02-22 20:33:40,629 [923be64f-71f4-4891-b05d-82ff5a9df5b5-groupManagement] INFO  server.RaftServerConfigKeys (ConfUtils.java:logGet(46)) - raft.server.log.use.memory = false (default)
2024-02-22 20:33:40,629 [923be64f-71f4-4891-b05d-82ff5a9df5b5-groupManagement] INFO  server.RaftServerConfigKeys (ConfUtils.java:logGet(46)) - raft.server.log.purge.gap = 1000000 (custom)
2024-02-22 20:33:40,630 [923be64f-71f4-4891-b05d-82ff5a9df5b5-groupManagement] INFO  server.RaftServerConfigKeys (ConfUtils.java:logGet(46)) - raft.server.log.appender.buffer.byte-limit = 8388608 (custom)
2024-02-22 20:33:40,630 [923be64f-71f4-4891-b05d-82ff5a9df5b5-groupManagement] INFO  server.RaftServerConfigKeys (ConfUtils.java:logGet(46)) - raft.server.log.statemachine.data.read.timeout = 1000ms (default)
2024-02-22 20:33:40,630 [923be64f-71f4-4891-b05d-82ff5a9df5b5-groupManagement] INFO  server.RaftServerConfigKeys (ConfUtils.java:logGet(46)) - raft.server.log.purge.preservation.log.num = 0 (default)
2024-02-22 20:33:40,629 [d25dc3b0-28fc-4383-b1a0-617845025f41-groupManagement] INFO  server.RaftServerConfigKeys (ConfUtils.java:logGet(46)) - raft.server.log.queue.byte-limit = 4294967296 (custom)
2024-02-22 20:33:40,632 [d25dc3b0-28fc-4383-b1a0-617845025f41-groupManagement] INFO  server.RaftServerConfigKeys (ConfUtils.java:logGet(46)) - raft.server.log.queue.element-limit = 1024 (custom)
2024-02-22 20:33:40,632 [d25dc3b0-28fc-4383-b1a0-617845025f41-groupManagement] INFO  server.RaftServerConfigKeys (ConfUtils.java:logGet(46)) - raft.server.log.segment.size.max = 67108864 (custom)
2024-02-22 20:33:40,632 [d25dc3b0-28fc-4383-b1a0-617845025f41-groupManagement] INFO  server.RaftServerConfigKeys (ConfUtils.java:logGet(46)) - raft.server.log.preallocated.size = 4194304 (custom)
2024-02-22 20:33:40,632 [d25dc3b0-28fc-4383-b1a0-617845025f41-groupManagement] INFO  server.RaftServerConfigKeys (ConfUtils.java:logGet(46)) - raft.server.log.force.sync.num = 128 (default)
2024-02-22 20:33:40,632 [d25dc3b0-28fc-4383-b1a0-617845025f41-groupManagement] INFO  server.RaftServerConfigKeys (ConfUtils.java:logGet(46)) - raft.server.log.statemachine.data.sync = true (default)
2024-02-22 20:33:40,632 [d25dc3b0-28fc-4383-b1a0-617845025f41-groupManagement] INFO  server.RaftServerConfigKeys (ConfUtils.java:logGet(46)) - raft.server.log.statemachine.data.sync.timeout = 10s (default)
2024-02-22 20:33:40,632 [d25dc3b0-28fc-4383-b1a0-617845025f41-groupManagement] INFO  server.RaftServerConfigKeys (ConfUtils.java:logGet(46)) - raft.server.log.statemachine.data.sync.timeout.retry = 0 (custom)
2024-02-22 20:33:40,634 [EventQueue-OpenPipelineForHealthyPipelineSafeModeRule] INFO  safemode.SCMSafeModeManager (HealthyPipelineSafeModeRule.java:process(140)) - SCM in safe mode. Healthy pipelines reported count is 0, required healthy pipeline reported count is 1
2024-02-22 20:33:40,634 [EventQueue-OpenPipelineForHealthyPipelineSafeModeRule] INFO  safemode.SCMSafeModeManager (HealthyPipelineSafeModeRule.java:process(140)) - SCM in safe mode. Healthy pipelines reported count is 0, required healthy pipeline reported count is 1
2024-02-22 20:33:40,634 [78f89d9b-e409-4704-890b-bfcfbcdfd28a-groupManagement] INFO  util.AwaitToRun (AwaitToRun.java:start(81)) - Thread[78f89d9b-e409-4704-890b-bfcfbcdfd28a@group-24226A001283-cacheEviction-AwaitToRun,5,main] started
2024-02-22 20:33:40,635 [78f89d9b-e409-4704-890b-bfcfbcdfd28a-groupManagement] INFO  segmented.SegmentedRaftLogWorker (SegmentedRaftLogWorker.java:<init>(182)) - new 78f89d9b-e409-4704-890b-bfcfbcdfd28a@group-24226A001283-SegmentedRaftLogWorker for RaftStorageImpl:Storage Directory /home/runner/work/ozone/ozone/hadoop-ozone/integration-test/target/test-dir/MiniOzoneClusterImpl-a0fc024b-a492-45a5-9697-b0d14f72cb5c/datanode-8/data/ratis/ff667ce8-dec9-4649-ae60-24226a001283
2024-02-22 20:33:40,635 [78f89d9b-e409-4704-890b-bfcfbcdfd28a-groupManagement] INFO  server.RaftServerConfigKeys (ConfUtils.java:logGet(46)) - raft.server.log.queue.byte-limit = 4294967296 (custom)
2024-02-22 20:33:40,635 [78f89d9b-e409-4704-890b-bfcfbcdfd28a-groupManagement] INFO  server.RaftServerConfigKeys (ConfUtils.java:logGet(46)) - raft.server.log.queue.element-limit = 1024 (custom)
2024-02-22 20:33:40,636 [78f89d9b-e409-4704-890b-bfcfbcdfd28a-groupManagement] INFO  server.RaftServerConfigKeys (ConfUtils.java:logGet(46)) - raft.server.log.segment.size.max = 67108864 (custom)
2024-02-22 20:33:40,636 [78f89d9b-e409-4704-890b-bfcfbcdfd28a-groupManagement] INFO  server.RaftServerConfigKeys (ConfUtils.java:logGet(46)) - raft.server.log.preallocated.size = 4194304 (custom)
2024-02-22 20:33:40,636 [78f89d9b-e409-4704-890b-bfcfbcdfd28a-groupManagement] INFO  server.RaftServerConfigKeys (ConfUtils.java:logGet(46)) - raft.server.log.force.sync.num = 128 (default)
2024-02-22 20:33:40,636 [78f89d9b-e409-4704-890b-bfcfbcdfd28a-groupManagement] INFO  server.RaftServerConfigKeys (ConfUtils.java:logGet(46)) - raft.server.log.statemachine.data.sync = true (default)
2024-02-22 20:33:40,636 [78f89d9b-e409-4704-890b-bfcfbcdfd28a-groupManagement] INFO  server.RaftServerConfigKeys (ConfUtils.java:logGet(46)) - raft.server.log.statemachine.data.sync.timeout = 10s (default)
2024-02-22 20:33:40,636 [78f89d9b-e409-4704-890b-bfcfbcdfd28a-groupManagement] INFO  server.RaftServerConfigKeys (ConfUtils.java:logGet(46)) - raft.server.log.statemachine.data.sync.timeout.retry = 0 (custom)
2024-02-22 20:33:40,654 [d25dc3b0-28fc-4383-b1a0-617845025f41-groupManagement] INFO  server.RaftServerConfigKeys (ConfUtils.java:logGet(46)) - raft.server.log.write.buffer.size = 8388616 (custom)
2024-02-22 20:33:40,656 [d25dc3b0-28fc-4383-b1a0-617845025f41-groupManagement] INFO  server.RaftServerConfigKeys (ConfUtils.java:logGet(46)) - raft.server.log.appender.buffer.byte-limit = 8388608 (custom)
2024-02-22 20:33:40,657 [d25dc3b0-28fc-4383-b1a0-617845025f41-groupManagement] INFO  server.RaftServerConfigKeys (ConfUtils.java:logGet(46)) - raft.server.log.unsafe-flush.enabled = false (default)
2024-02-22 20:33:40,657 [d25dc3b0-28fc-4383-b1a0-617845025f41-groupManagement] INFO  server.RaftServerConfigKeys (ConfUtils.java:logGet(46)) - raft.server.log.async-flush.enabled = false (default)
2024-02-22 20:33:40,657 [d25dc3b0-28fc-4383-b1a0-617845025f41-groupManagement] INFO  server.RaftServerConfigKeys (ConfUtils.java:logGet(46)) - raft.server.log.statemachine.data.caching.enabled = true (custom)
2024-02-22 20:33:40,657 [d25dc3b0-28fc-4383-b1a0-617845025f41-groupManagement] INFO  segmented.SegmentedRaftLogWorker (SegmentedRaftLogWorker.java:lambda$new$0(134)) - d25dc3b0-28fc-4383-b1a0-617845025f41@group-9D5BCF0FDB08-SegmentedRaftLogWorker: flushIndex: setUnconditionally 0 -> -1
2024-02-22 20:33:40,657 [d25dc3b0-28fc-4383-b1a0-617845025f41-groupManagement] INFO  segmented.SegmentedRaftLogWorker (SegmentedRaftLogWorker.java:lambda$new$0(134)) - d25dc3b0-28fc-4383-b1a0-617845025f41@group-9D5BCF0FDB08-SegmentedRaftLogWorker: safeCacheEvictIndex: setUnconditionally 0 -> -1
2024-02-22 20:33:40,657 [d25dc3b0-28fc-4383-b1a0-617845025f41-groupManagement] INFO  server.RaftServer$Division (RaftServerImpl.java:start(396)) - d25dc3b0-28fc-4383-b1a0-617845025f41@group-9D5BCF0FDB08: start as a follower, conf=-1: peers:[78f89d9b-e409-4704-890b-bfcfbcdfd28a|10.1.0.33:15086, d25dc3b0-28fc-4383-b1a0-617845025f41|10.1.0.33:15032, 4e8f68d6-fd98-4f77-87e3-715939181693|10.1.0.33:15041]|listeners:[], old=null
2024-02-22 20:33:40,657 [d25dc3b0-28fc-4383-b1a0-617845025f41-groupManagement] INFO  server.RaftServer$Division (RaftServerImpl.java:setRole(383)) - d25dc3b0-28fc-4383-b1a0-617845025f41@group-9D5BCF0FDB08: changes role from      null to FOLLOWER at term 0 for startAsFollower
2024-02-22 20:33:40,657 [d25dc3b0-28fc-4383-b1a0-617845025f41-groupManagement] INFO  impl.RoleInfo (RoleInfo.java:updateAndGet(139)) - d25dc3b0-28fc-4383-b1a0-617845025f41: start d25dc3b0-28fc-4383-b1a0-617845025f41@group-9D5BCF0FDB08-FollowerState
2024-02-22 20:33:40,658 [d25dc3b0-28fc-4383-b1a0-617845025f41@group-9D5BCF0FDB08-FollowerState] INFO  server.RaftServerConfigKeys (ConfUtils.java:logFallback(53)) - raft.server.rpc.first-election.timeout.min = 5s (fallback to raft.server.rpc.timeout.min)
2024-02-22 20:33:40,658 [d25dc3b0-28fc-4383-b1a0-617845025f41@group-9D5BCF0FDB08-FollowerState] INFO  server.RaftServerConfigKeys (ConfUtils.java:logFallback(53)) - raft.server.rpc.first-election.timeout.max = 5200ms (fallback to raft.server.rpc.timeout.max)
2024-02-22 20:33:40,659 [d25dc3b0-28fc-4383-b1a0-617845025f41-groupManagement] INFO  util.JmxRegister (JmxRegister.java:tryRegister(44)) - Successfully registered JMX Bean with object name Ratis:service=RaftServer,group=group-9D5BCF0FDB08,id=d25dc3b0-28fc-4383-b1a0-617845025f41
2024-02-22 20:33:40,660 [78f89d9b-e409-4704-890b-bfcfbcdfd28a-groupManagement] INFO  server.RaftServerConfigKeys (ConfUtils.java:logGet(46)) - raft.server.log.write.buffer.size = 8388616 (custom)
2024-02-22 20:33:40,661 [d25dc3b0-28fc-4383-b1a0-617845025f41-groupManagement] INFO  server.RaftServerConfigKeys (ConfUtils.java:logGet(46)) - raft.server.snapshot.trigger-when-stop.enabled = true (default)
2024-02-22 20:33:40,661 [d25dc3b0-28fc-4383-b1a0-617845025f41-groupManagement] INFO  server.RaftServerConfigKeys (ConfUtils.java:logGet(46)) - raft.server.snapshot.auto.trigger.enabled = true (custom)
2024-02-22 20:33:40,661 [d25dc3b0-28fc-4383-b1a0-617845025f41-groupManagement] INFO  server.RaftServerConfigKeys (ConfUtils.java:logGet(46)) - raft.server.snapshot.auto.trigger.threshold = 10000 (custom)
2024-02-22 20:33:40,662 [d25dc3b0-28fc-4383-b1a0-617845025f41-groupManagement] INFO  server.RaftServerConfigKeys (ConfUtils.java:logGet(46)) - raft.server.snapshot.retention.file.num = 5 (custom)
2024-02-22 20:33:40,662 [d25dc3b0-28fc-4383-b1a0-617845025f41-groupManagement] INFO  server.RaftServerConfigKeys (ConfUtils.java:logGet(46)) - raft.server.log.purge.upto.snapshot.index = false (default)
2024-02-22 20:33:40,662 [78f89d9b-e409-4704-890b-bfcfbcdfd28a-groupManagement] INFO  server.RaftServerConfigKeys (ConfUtils.java:logGet(46)) - raft.server.log.appender.buffer.byte-limit = 8388608 (custom)
2024-02-22 20:33:40,662 [78f89d9b-e409-4704-890b-bfcfbcdfd28a-groupManagement] INFO  server.RaftServerConfigKeys (ConfUtils.java:logGet(46)) - raft.server.log.unsafe-flush.enabled = false (default)
2024-02-22 20:33:40,662 [78f89d9b-e409-4704-890b-bfcfbcdfd28a-groupManagement] INFO  server.RaftServerConfigKeys (ConfUtils.java:logGet(46)) - raft.server.log.async-flush.enabled = false (default)
2024-02-22 20:33:40,662 [78f89d9b-e409-4704-890b-bfcfbcdfd28a-groupManagement] INFO  server.RaftServerConfigKeys (ConfUtils.java:logGet(46)) - raft.server.log.statemachine.data.caching.enabled = true (custom)
2024-02-22 20:33:40,663 [78f89d9b-e409-4704-890b-bfcfbcdfd28a-groupManagement] INFO  segmented.SegmentedRaftLogWorker (SegmentedRaftLogWorker.java:lambda$new$0(134)) - 78f89d9b-e409-4704-890b-bfcfbcdfd28a@group-24226A001283-SegmentedRaftLogWorker: flushIndex: setUnconditionally 0 -> -1
2024-02-22 20:33:40,663 [78f89d9b-e409-4704-890b-bfcfbcdfd28a-groupManagement] INFO  segmented.SegmentedRaftLogWorker (SegmentedRaftLogWorker.java:lambda$new$0(134)) - 78f89d9b-e409-4704-890b-bfcfbcdfd28a@group-24226A001283-SegmentedRaftLogWorker: safeCacheEvictIndex: setUnconditionally 0 -> -1
2024-02-22 20:33:40,667 [78f89d9b-e409-4704-890b-bfcfbcdfd28a-groupManagement] INFO  server.RaftServer$Division (RaftServerImpl.java:start(396)) - 78f89d9b-e409-4704-890b-bfcfbcdfd28a@group-24226A001283: start as a follower, conf=-1: peers:[78f89d9b-e409-4704-890b-bfcfbcdfd28a|10.1.0.33:15086]|listeners:[], old=null
2024-02-22 20:33:40,667 [78f89d9b-e409-4704-890b-bfcfbcdfd28a-groupManagement] INFO  server.RaftServer$Division (RaftServerImpl.java:setRole(383)) - 78f89d9b-e409-4704-890b-bfcfbcdfd28a@group-24226A001283: changes role from      null to FOLLOWER at term 0 for startAsFollower
2024-02-22 20:33:40,667 [78f89d9b-e409-4704-890b-bfcfbcdfd28a-groupManagement] INFO  impl.RoleInfo (RoleInfo.java:updateAndGet(139)) - 78f89d9b-e409-4704-890b-bfcfbcdfd28a: start 78f89d9b-e409-4704-890b-bfcfbcdfd28a@group-24226A001283-FollowerState
2024-02-22 20:33:40,668 [78f89d9b-e409-4704-890b-bfcfbcdfd28a-groupManagement] INFO  util.JmxRegister (JmxRegister.java:tryRegister(44)) - Successfully registered JMX Bean with object name Ratis:service=RaftServer,group=group-24226A001283,id=78f89d9b-e409-4704-890b-bfcfbcdfd28a
2024-02-22 20:33:40,668 [78f89d9b-e409-4704-890b-bfcfbcdfd28a-groupManagement] INFO  server.RaftServerConfigKeys (ConfUtils.java:logGet(46)) - raft.server.snapshot.trigger-when-stop.enabled = true (default)
2024-02-22 20:33:40,669 [78f89d9b-e409-4704-890b-bfcfbcdfd28a-groupManagement] INFO  server.RaftServerConfigKeys (ConfUtils.java:logGet(46)) - raft.server.snapshot.auto.trigger.enabled = true (custom)
2024-02-22 20:33:40,669 [78f89d9b-e409-4704-890b-bfcfbcdfd28a-groupManagement] INFO  server.RaftServerConfigKeys (ConfUtils.java:logGet(46)) - raft.server.snapshot.auto.trigger.threshold = 10000 (custom)
2024-02-22 20:33:40,669 [78f89d9b-e409-4704-890b-bfcfbcdfd28a-groupManagement] INFO  server.RaftServerConfigKeys (ConfUtils.java:logGet(46)) - raft.server.snapshot.retention.file.num = 5 (custom)
2024-02-22 20:33:40,669 [78f89d9b-e409-4704-890b-bfcfbcdfd28a-groupManagement] INFO  server.RaftServerConfigKeys (ConfUtils.java:logGet(46)) - raft.server.log.purge.upto.snapshot.index = false (default)
2024-02-22 20:33:40,668 [78f89d9b-e409-4704-890b-bfcfbcdfd28a@group-24226A001283-FollowerState] INFO  server.RaftServerConfigKeys (ConfUtils.java:logFallback(53)) - raft.server.rpc.first-election.timeout.min = 5s (fallback to raft.server.rpc.timeout.min)
2024-02-22 20:33:40,670 [78f89d9b-e409-4704-890b-bfcfbcdfd28a@group-24226A001283-FollowerState] INFO  server.RaftServerConfigKeys (ConfUtils.java:logFallback(53)) - raft.server.rpc.first-election.timeout.max = 5200ms (fallback to raft.server.rpc.timeout.max)
2024-02-22 20:33:40,678 [d25dc3b0-28fc-4383-b1a0-617845025f41-PipelineCommandHandlerThread-0] INFO  ratis.XceiverServerRatis (XceiverServerRatis.java:addGroup(864)) - Created group PipelineID=6139a09f-40c0-48a4-995f-9d5bcf0fdb08
2024-02-22 20:33:40,683 [dc26353c-d48a-467d-89cd-3a7c4b626396-groupManagement] INFO  server.RaftServerConfigKeys (ConfUtils.java:logGet(46)) - raft.server.log.segment.size.max = 67108864 (custom)
2024-02-22 20:33:40,687 [923be64f-71f4-4891-b05d-82ff5a9df5b5-groupManagement] INFO  server.RaftServerConfigKeys (ConfUtils.java:logGet(46)) - raft.server.log.segment.size.max = 67108864 (custom)
2024-02-22 20:33:40,689 [dc26353c-d48a-467d-89cd-3a7c4b626396-groupManagement] INFO  server.RaftServerConfigKeys (ConfUtils.java:logGet(46)) - raft.server.log.segment.cache.num.max = 2 (custom)
2024-02-22 20:33:40,689 [dc26353c-d48a-467d-89cd-3a7c4b626396-groupManagement] INFO  server.RaftServerConfigKeys (ConfUtils.java:logGet(46)) - raft.server.log.segment.cache.size.max = 200MB (=209715200) (default)
2024-02-22 20:33:40,689 [dc26353c-d48a-467d-89cd-3a7c4b626396-groupManagement] INFO  server.RaftServerConfigKeys (ConfUtils.java:logGet(46)) - raft.server.log.appender.buffer.byte-limit = 8388608 (custom)
2024-02-22 20:33:40,693 [78f89d9b-e409-4704-890b-bfcfbcdfd28a-PipelineCommandHandlerThread-0] INFO  ratis.XceiverServerRatis (XceiverServerRatis.java:addGroup(864)) - Created group PipelineID=ff667ce8-dec9-4649-ae60-24226a001283
2024-02-22 20:33:40,693 [4e8f68d6-fd98-4f77-87e3-715939181693-PipelineCommandHandlerThread-0] INFO  commandhandler.CreatePipelineCommandHandler (CreatePipelineCommandHandler.java:lambda$handle$2(124)) - Created Pipeline RATIS THREE PipelineID=8e592c52-1f2d-49c6-9232-89543cf42d33.
2024-02-22 20:33:40,693 [78f89d9b-e409-4704-890b-bfcfbcdfd28a-PipelineCommandHandlerThread-0] INFO  commandhandler.CreatePipelineCommandHandler (CreatePipelineCommandHandler.java:lambda$handle$2(124)) - Created Pipeline RATIS ONE PipelineID=ff667ce8-dec9-4649-ae60-24226a001283.
2024-02-22 20:33:40,693 [4e8f68d6-fd98-4f77-87e3-715939181693-PipelineCommandHandlerThread-0] INFO  server.RaftServer (RaftServerProxy.java:addNew(100)) - 4e8f68d6-fd98-4f77-87e3-715939181693: addNew group-9EB4D3397E8E:[4e8f68d6-fd98-4f77-87e3-715939181693|10.1.0.33:15041] returns group-9EB4D3397E8E:java.util.concurrent.CompletableFuture@57b96cd0[Not completed]
2024-02-22 20:33:40,693 [78f89d9b-e409-4704-890b-bfcfbcdfd28a-PipelineCommandHandlerThread-0] INFO  server.RaftServer (RaftServerProxy.java:addNew(100)) - 78f89d9b-e409-4704-890b-bfcfbcdfd28a: addNew group-B58ED9299B6F:[78f89d9b-e409-4704-890b-bfcfbcdfd28a|10.1.0.33:15086, c30fedce-f286-40e0-881d-3d5a9a6e2463|10.1.0.33:15068, 13f92446-3b18-4d81-bc66-0f9b00220e72|10.1.0.33:15077] returns group-B58ED9299B6F:java.util.concurrent.CompletableFuture@4cf44eba[Not completed]
2024-02-22 20:33:40,694 [86ab988c-fa9c-425d-a1c6-9004ff7fd93d-PipelineCommandHandlerThread-0] INFO  commandhandler.CreatePipelineCommandHandler (CreatePipelineCommandHandler.java:lambda$handle$2(124)) - Created Pipeline RATIS THREE PipelineID=8e592c52-1f2d-49c6-9232-89543cf42d33.
2024-02-22 20:33:40,695 [86ab988c-fa9c-425d-a1c6-9004ff7fd93d-PipelineCommandHandlerThread-0] INFO  server.RaftServer (RaftServerProxy.java:addNew(100)) - 86ab988c-fa9c-425d-a1c6-9004ff7fd93d: addNew group-83D984655C73:[86ab988c-fa9c-425d-a1c6-9004ff7fd93d|10.1.0.33:15059, e46a6e51-795f-4801-a523-c45a6c7f2c34|10.1.0.33:15014, e780b093-7242-46d7-bd8f-0f810188c7b3|10.1.0.33:15095] returns group-83D984655C73:java.util.concurrent.CompletableFuture@2193c668[Not completed]
2024-02-22 20:33:40,695 [4e8f68d6-fd98-4f77-87e3-715939181693-groupManagement] INFO  server.RaftServer$Division (RaftServerImpl.java:<init>(256)) - 4e8f68d6-fd98-4f77-87e3-715939181693: new RaftServerImpl for group-9EB4D3397E8E:[4e8f68d6-fd98-4f77-87e3-715939181693|10.1.0.33:15041] with ContainerStateMachine:uninitialized
2024-02-22 20:33:40,695 [4e8f68d6-fd98-4f77-87e3-715939181693-groupManagement] INFO  server.RaftServerConfigKeys (ConfUtils.java:logGet(46)) - raft.server.rpc.timeout.min = 5s (custom)
2024-02-22 20:33:40,695 [4e8f68d6-fd98-4f77-87e3-715939181693-groupManagement] INFO  server.RaftServerConfigKeys (ConfUtils.java:logGet(46)) - raft.server.rpc.timeout.max = 5200ms (custom)
2024-02-22 20:33:40,695 [4e8f68d6-fd98-4f77-87e3-715939181693-groupManagement] INFO  server.RaftServerConfigKeys (ConfUtils.java:logGet(46)) - raft.server.rpc.sleep.time = 25ms (default)
2024-02-22 20:33:40,695 [4e8f68d6-fd98-4f77-87e3-715939181693-groupManagement] INFO  server.RaftServerConfigKeys (ConfUtils.java:logGet(46)) - raft.server.rpc.slowness.timeout = 300s (custom)
2024-02-22 20:33:40,696 [4e8f68d6-fd98-4f77-87e3-715939181693-groupManagement] INFO  server.RaftServerConfigKeys (ConfUtils.java:logGet(46)) - raft.server.leaderelection.leader.step-down.wait-time = 10s (default)
2024-02-22 20:33:40,696 [4e8f68d6-fd98-4f77-87e3-715939181693-groupManagement] INFO  server.RaftServerConfigKeys (ConfUtils.java:logGet(46)) - raft.server.leaderelection.member.majority-add = false (default)
2024-02-22 20:33:40,696 [4e8f68d6-fd98-4f77-87e3-715939181693-groupManagement] INFO  server.RaftServerConfigKeys (ConfUtils.java:logGet(46)) - raft.server.sleep.deviation.threshold = 300ms (default)
2024-02-22 20:33:40,696 [4e8f68d6-fd98-4f77-87e3-715939181693-groupManagement] INFO  server.RaftServer$Division (ServerState.java:<init>(113)) - 4e8f68d6-fd98-4f77-87e3-715939181693@group-9EB4D3397E8E: ConfigurationManager, init=-1: peers:[4e8f68d6-fd98-4f77-87e3-715939181693|10.1.0.33:15041]|listeners:[], old=null, confs=<EMPTY_MAP>
2024-02-22 20:33:40,696 [4e8f68d6-fd98-4f77-87e3-715939181693-groupManagement] INFO  server.RaftServerConfigKeys (ConfUtils.java:logGet(46)) - raft.server.notification.no-leader.timeout = 300s (custom)
2024-02-22 20:33:40,696 [4e8f68d6-fd98-4f77-87e3-715939181693-groupManagement] INFO  server.RaftServerConfigKeys (ConfUtils.java:logGet(46)) - raft.server.read.timeout = 10s (default)
2024-02-22 20:33:40,696 [4e8f68d6-fd98-4f77-87e3-715939181693-groupManagement] INFO  server.RaftServerConfigKeys (ConfUtils.java:logGet(46)) - raft.server.retrycache.expirytime = 600000ms (custom)
2024-02-22 20:33:40,696 [4e8f68d6-fd98-4f77-87e3-715939181693-groupManagement] INFO  server.RaftServerConfigKeys (ConfUtils.java:logGet(46)) - raft.server.retrycache.statistics.expirytime = 100ms (default)
2024-02-22 20:33:40,696 [4e8f68d6-fd98-4f77-87e3-715939181693-groupManagement] INFO  server.RaftServerConfigKeys (ConfUtils.java:logGet(46)) - raft.server.read.option = DEFAULT (default)
2024-02-22 20:33:40,696 [86ab988c-fa9c-425d-a1c6-9004ff7fd93d-groupManagement] INFO  server.RaftServer$Division (RaftServerImpl.java:<init>(256)) - 86ab988c-fa9c-425d-a1c6-9004ff7fd93d: new RaftServerImpl for group-83D984655C73:[86ab988c-fa9c-425d-a1c6-9004ff7fd93d|10.1.0.33:15059, e46a6e51-795f-4801-a523-c45a6c7f2c34|10.1.0.33:15014, e780b093-7242-46d7-bd8f-0f810188c7b3|10.1.0.33:15095] with ContainerStateMachine:uninitialized
2024-02-22 20:33:40,696 [4e8f68d6-fd98-4f77-87e3-715939181693-groupManagement] INFO  server.RaftServerConfigKeys (ConfUtils.java:logGet(46)) - raft.server.read.read-after-write-consistent.write-index-cache.expiry-time = 60s (default)
2024-02-22 20:33:40,696 [86ab988c-fa9c-425d-a1c6-9004ff7fd93d-groupManagement] INFO  server.RaftServerConfigKeys (ConfUtils.java:logGet(46)) - raft.server.rpc.timeout.min = 5s (custom)
2024-02-22 20:33:40,697 [86ab988c-fa9c-425d-a1c6-9004ff7fd93d-groupManagement] INFO  server.RaftServerConfigKeys (ConfUtils.java:logGet(46)) - raft.server.rpc.timeout.max = 5200ms (custom)
2024-02-22 20:33:40,697 [86ab988c-fa9c-425d-a1c6-9004ff7fd93d-groupManagement] INFO  server.RaftServerConfigKeys (ConfUtils.java:logGet(46)) - raft.server.rpc.sleep.time = 25ms (default)
2024-02-22 20:33:40,697 [86ab988c-fa9c-425d-a1c6-9004ff7fd93d-groupManagement] INFO  server.RaftServerConfigKeys (ConfUtils.java:logGet(46)) - raft.server.rpc.slowness.timeout = 300s (custom)
2024-02-22 20:33:40,697 [86ab988c-fa9c-425d-a1c6-9004ff7fd93d-groupManagement] INFO  server.RaftServerConfigKeys (ConfUtils.java:logGet(46)) - raft.server.leaderelection.leader.step-down.wait-time = 10s (default)
2024-02-22 20:33:40,697 [86ab988c-fa9c-425d-a1c6-9004ff7fd93d-groupManagement] INFO  server.RaftServerConfigKeys (ConfUtils.java:logGet(46)) - raft.server.leaderelection.member.majority-add = false (default)
2024-02-22 20:33:40,697 [86ab988c-fa9c-425d-a1c6-9004ff7fd93d-groupManagement] INFO  server.RaftServerConfigKeys (ConfUtils.java:logGet(46)) - raft.server.sleep.deviation.threshold = 300ms (default)
2024-02-22 20:33:40,697 [86ab988c-fa9c-425d-a1c6-9004ff7fd93d-groupManagement] INFO  server.RaftServer$Division (ServerState.java:<init>(113)) - 86ab988c-fa9c-425d-a1c6-9004ff7fd93d@group-83D984655C73: ConfigurationManager, init=-1: peers:[86ab988c-fa9c-425d-a1c6-9004ff7fd93d|10.1.0.33:15059, e46a6e51-795f-4801-a523-c45a6c7f2c34|10.1.0.33:15014, e780b093-7242-46d7-bd8f-0f810188c7b3|10.1.0.33:15095]|listeners:[], old=null, confs=<EMPTY_MAP>
2024-02-22 20:33:40,697 [86ab988c-fa9c-425d-a1c6-9004ff7fd93d-groupManagement] INFO  server.RaftServerConfigKeys (ConfUtils.java:logGet(46)) - raft.server.notification.no-leader.timeout = 300s (custom)
2024-02-22 20:33:40,697 [86ab988c-fa9c-425d-a1c6-9004ff7fd93d-groupManagement] INFO  server.RaftServerConfigKeys (ConfUtils.java:logGet(46)) - raft.server.read.timeout = 10s (default)
2024-02-22 20:33:40,697 [86ab988c-fa9c-425d-a1c6-9004ff7fd93d-groupManagement] INFO  server.RaftServerConfigKeys (ConfUtils.java:logGet(46)) - raft.server.retrycache.expirytime = 600000ms (custom)
2024-02-22 20:33:40,697 [86ab988c-fa9c-425d-a1c6-9004ff7fd93d-groupManagement] INFO  server.RaftServerConfigKeys (ConfUtils.java:logGet(46)) - raft.server.retrycache.statistics.expirytime = 100ms (default)
2024-02-22 20:33:40,697 [86ab988c-fa9c-425d-a1c6-9004ff7fd93d-groupManagement] INFO  server.RaftServerConfigKeys (ConfUtils.java:logGet(46)) - raft.server.read.option = DEFAULT (default)
2024-02-22 20:33:40,697 [86ab988c-fa9c-425d-a1c6-9004ff7fd93d-groupManagement] INFO  server.RaftServerConfigKeys (ConfUtils.java:logGet(46)) - raft.server.read.read-after-write-consistent.write-index-cache.expiry-time = 60s (default)
2024-02-22 20:33:40,698 [78f89d9b-e409-4704-890b-bfcfbcdfd28a-groupManagement] INFO  server.RaftServer$Division (RaftServerImpl.java:<init>(256)) - 78f89d9b-e409-4704-890b-bfcfbcdfd28a: new RaftServerImpl for group-B58ED9299B6F:[78f89d9b-e409-4704-890b-bfcfbcdfd28a|10.1.0.33:15086, c30fedce-f286-40e0-881d-3d5a9a6e2463|10.1.0.33:15068, 13f92446-3b18-4d81-bc66-0f9b00220e72|10.1.0.33:15077] with ContainerStateMachine:uninitialized
2024-02-22 20:33:40,698 [78f89d9b-e409-4704-890b-bfcfbcdfd28a-groupManagement] INFO  server.RaftServerConfigKeys (ConfUtils.java:logGet(46)) - raft.server.rpc.timeout.min = 5s (custom)
2024-02-22 20:33:40,698 [dc26353c-d48a-467d-89cd-3a7c4b626396-groupManagement] INFO  util.AwaitToRun (AwaitToRun.java:start(81)) - Thread[dc26353c-d48a-467d-89cd-3a7c4b626396@group-967E786A868E-cacheEviction-AwaitToRun,5,main] started
2024-02-22 20:33:40,698 [dc26353c-d48a-467d-89cd-3a7c4b626396-groupManagement] INFO  segmented.SegmentedRaftLogWorker (SegmentedRaftLogWorker.java:<init>(182)) - new dc26353c-d48a-467d-89cd-3a7c4b626396@group-967E786A868E-SegmentedRaftLogWorker for RaftStorageImpl:Storage Directory /home/runner/work/ozone/ozone/hadoop-ozone/integration-test/target/test-dir/MiniOzoneClusterImpl-a0fc024b-a492-45a5-9697-b0d14f72cb5c/datanode-4/data/ratis/a2c380a1-736c-4d1e-96be-967e786a868e
2024-02-22 20:33:40,699 [dc26353c-d48a-467d-89cd-3a7c4b626396-groupManagement] INFO  server.RaftServerConfigKeys (ConfUtils.java:logGet(46)) - raft.server.log.queue.byte-limit = 4294967296 (custom)
2024-02-22 20:33:40,699 [dc26353c-d48a-467d-89cd-3a7c4b626396-groupManagement] INFO  server.RaftServerConfigKeys (ConfUtils.java:logGet(46)) - raft.server.log.queue.element-limit = 1024 (custom)
2024-02-22 20:33:40,699 [dc26353c-d48a-467d-89cd-3a7c4b626396-groupManagement] INFO  server.RaftServerConfigKeys (ConfUtils.java:logGet(46)) - raft.server.log.segment.size.max = 67108864 (custom)
2024-02-22 20:33:40,699 [dc26353c-d48a-467d-89cd-3a7c4b626396-groupManagement] INFO  server.RaftServerConfigKeys (ConfUtils.java:logGet(46)) - raft.server.log.preallocated.size = 4194304 (custom)
2024-02-22 20:33:40,699 [dc26353c-d48a-467d-89cd-3a7c4b626396-groupManagement] INFO  server.RaftServerConfigKeys (ConfUtils.java:logGet(46)) - raft.server.log.force.sync.num = 128 (default)
2024-02-22 20:33:40,699 [dc26353c-d48a-467d-89cd-3a7c4b626396-groupManagement] INFO  server.RaftServerConfigKeys (ConfUtils.java:logGet(46)) - raft.server.log.statemachine.data.sync = true (default)
2024-02-22 20:33:40,699 [dc26353c-d48a-467d-89cd-3a7c4b626396-groupManagement] INFO  server.RaftServerConfigKeys (ConfUtils.java:logGet(46)) - raft.server.log.statemachine.data.sync.timeout = 10s (default)
2024-02-22 20:33:40,699 [dc26353c-d48a-467d-89cd-3a7c4b626396-groupManagement] INFO  server.RaftServerConfigKeys (ConfUtils.java:logGet(46)) - raft.server.log.statemachine.data.sync.timeout.retry = 0 (custom)
2024-02-22 20:33:40,698 [78f89d9b-e409-4704-890b-bfcfbcdfd28a-groupManagement] INFO  server.RaftServerConfigKeys (ConfUtils.java:logGet(46)) - raft.server.rpc.timeout.max = 5200ms (custom)
2024-02-22 20:33:40,699 [78f89d9b-e409-4704-890b-bfcfbcdfd28a-groupManagement] INFO  server.RaftServerConfigKeys (ConfUtils.java:logGet(46)) - raft.server.rpc.sleep.time = 25ms (default)
2024-02-22 20:33:40,699 [78f89d9b-e409-4704-890b-bfcfbcdfd28a-groupManagement] INFO  server.RaftServerConfigKeys (ConfUtils.java:logGet(46)) - raft.server.rpc.slowness.timeout = 300s (custom)
2024-02-22 20:33:40,699 [78f89d9b-e409-4704-890b-bfcfbcdfd28a-groupManagement] INFO  server.RaftServerConfigKeys (ConfUtils.java:logGet(46)) - raft.server.leaderelection.leader.step-down.wait-time = 10s (default)
2024-02-22 20:33:40,700 [78f89d9b-e409-4704-890b-bfcfbcdfd28a-groupManagement] INFO  server.RaftServerConfigKeys (ConfUtils.java:logGet(46)) - raft.server.leaderelection.member.majority-add = false (default)
2024-02-22 20:33:40,700 [78f89d9b-e409-4704-890b-bfcfbcdfd28a-groupManagement] INFO  server.RaftServerConfigKeys (ConfUtils.java:logGet(46)) - raft.server.sleep.deviation.threshold = 300ms (default)
2024-02-22 20:33:40,700 [78f89d9b-e409-4704-890b-bfcfbcdfd28a-groupManagement] INFO  server.RaftServer$Division (ServerState.java:<init>(113)) - 78f89d9b-e409-4704-890b-bfcfbcdfd28a@group-B58ED9299B6F: ConfigurationManager, init=-1: peers:[78f89d9b-e409-4704-890b-bfcfbcdfd28a|10.1.0.33:15086, c30fedce-f286-40e0-881d-3d5a9a6e2463|10.1.0.33:15068, 13f92446-3b18-4d81-bc66-0f9b00220e72|10.1.0.33:15077]|listeners:[], old=null, confs=<EMPTY_MAP>
2024-02-22 20:33:40,700 [78f89d9b-e409-4704-890b-bfcfbcdfd28a-groupManagement] INFO  server.RaftServerConfigKeys (ConfUtils.java:logGet(46)) - raft.server.notification.no-leader.timeout = 300s (custom)
2024-02-22 20:33:40,700 [78f89d9b-e409-4704-890b-bfcfbcdfd28a-groupManagement] INFO  server.RaftServerConfigKeys (ConfUtils.java:logGet(46)) - raft.server.read.timeout = 10s (default)
2024-02-22 20:33:40,700 [78f89d9b-e409-4704-890b-bfcfbcdfd28a-groupManagement] INFO  server.RaftServerConfigKeys (ConfUtils.java:logGet(46)) - raft.server.retrycache.expirytime = 600000ms (custom)
2024-02-22 20:33:40,700 [78f89d9b-e409-4704-890b-bfcfbcdfd28a-groupManagement] INFO  server.RaftServerConfigKeys (ConfUtils.java:logGet(46)) - raft.server.retrycache.statistics.expirytime = 100ms (default)
2024-02-22 20:33:40,700 [78f89d9b-e409-4704-890b-bfcfbcdfd28a-groupManagement] INFO  server.RaftServerConfigKeys (ConfUtils.java:logGet(46)) - raft.server.read.option = DEFAULT (default)
2024-02-22 20:33:40,700 [78f89d9b-e409-4704-890b-bfcfbcdfd28a-groupManagement] INFO  server.RaftServerConfigKeys (ConfUtils.java:logGet(46)) - raft.server.read.read-after-write-consistent.write-index-cache.expiry-time = 60s (default)
2024-02-22 20:33:40,704 [grpc-default-executor-3] INFO  server.RaftServer (RaftServerProxy.java:addNew(100)) - 4e8f68d6-fd98-4f77-87e3-715939181693: addNew group-9D5BCF0FDB08:[78f89d9b-e409-4704-890b-bfcfbcdfd28a|10.1.0.33:15086, d25dc3b0-28fc-4383-b1a0-617845025f41|10.1.0.33:15032, 4e8f68d6-fd98-4f77-87e3-715939181693|10.1.0.33:15041] returns group-9D5BCF0FDB08:java.util.concurrent.CompletableFuture@31dd95b8[Not completed]
2024-02-22 20:33:40,704 [923be64f-71f4-4891-b05d-82ff5a9df5b5-groupManagement] INFO  server.RaftServerConfigKeys (ConfUtils.java:logGet(46)) - raft.server.log.segment.cache.num.max = 2 (custom)
2024-02-22 20:33:40,705 [923be64f-71f4-4891-b05d-82ff5a9df5b5-groupManagement] INFO  server.RaftServerConfigKeys (ConfUtils.java:logGet(46)) - raft.server.log.segment.cache.size.max = 200MB (=209715200) (default)
2024-02-22 20:33:40,705 [923be64f-71f4-4891-b05d-82ff5a9df5b5-groupManagement] INFO  server.RaftServerConfigKeys (ConfUtils.java:logGet(46)) - raft.server.log.appender.buffer.byte-limit = 8388608 (custom)
2024-02-22 20:33:40,705 [923be64f-71f4-4891-b05d-82ff5a9df5b5-groupManagement] INFO  util.AwaitToRun (AwaitToRun.java:start(81)) - Thread[923be64f-71f4-4891-b05d-82ff5a9df5b5@group-A538022C1006-cacheEviction-AwaitToRun,5,main] started
2024-02-22 20:33:40,705 [923be64f-71f4-4891-b05d-82ff5a9df5b5-groupManagement] INFO  segmented.SegmentedRaftLogWorker (SegmentedRaftLogWorker.java:<init>(182)) - new 923be64f-71f4-4891-b05d-82ff5a9df5b5@group-A538022C1006-SegmentedRaftLogWorker for RaftStorageImpl:Storage Directory /home/runner/work/ozone/ozone/hadoop-ozone/integration-test/target/test-dir/MiniOzoneClusterImpl-a0fc024b-a492-45a5-9697-b0d14f72cb5c/datanode-1/data/ratis/b7ad60d3-b3bb-4da3-89ae-a538022c1006
2024-02-22 20:33:40,705 [923be64f-71f4-4891-b05d-82ff5a9df5b5-groupManagement] INFO  server.RaftServerConfigKeys (ConfUtils.java:logGet(46)) - raft.server.log.queue.byte-limit = 4294967296 (custom)
2024-02-22 20:33:40,705 [923be64f-71f4-4891-b05d-82ff5a9df5b5-groupManagement] INFO  server.RaftServerConfigKeys (ConfUtils.java:logGet(46)) - raft.server.log.queue.element-limit = 1024 (custom)
2024-02-22 20:33:40,705 [923be64f-71f4-4891-b05d-82ff5a9df5b5-groupManagement] INFO  server.RaftServerConfigKeys (ConfUtils.java:logGet(46)) - raft.server.log.segment.size.max = 67108864 (custom)
2024-02-22 20:33:40,706 [923be64f-71f4-4891-b05d-82ff5a9df5b5-groupManagement] INFO  server.RaftServerConfigKeys (ConfUtils.java:logGet(46)) - raft.server.log.preallocated.size = 4194304 (custom)
2024-02-22 20:33:40,706 [923be64f-71f4-4891-b05d-82ff5a9df5b5-groupManagement] INFO  server.RaftServerConfigKeys (ConfUtils.java:logGet(46)) - raft.server.log.force.sync.num = 128 (default)
2024-02-22 20:33:40,706 [923be64f-71f4-4891-b05d-82ff5a9df5b5-groupManagement] INFO  server.RaftServerConfigKeys (ConfUtils.java:logGet(46)) - raft.server.log.statemachine.data.sync = true (default)
2024-02-22 20:33:40,706 [923be64f-71f4-4891-b05d-82ff5a9df5b5-groupManagement] INFO  server.RaftServerConfigKeys (ConfUtils.java:logGet(46)) - raft.server.log.statemachine.data.sync.timeout = 10s (default)
2024-02-22 20:33:40,707 [e780b093-7242-46d7-bd8f-0f810188c7b3-groupManagement] INFO  server.RaftServerConfigKeys (ConfUtils.java:logGet(46)) - raft.server.rpc.request.timeout = 60s (custom)
2024-02-22 20:33:40,707 [e780b093-7242-46d7-bd8f-0f810188c7b3-groupManagement] INFO  server.RaftServerConfigKeys (ConfUtils.java:logGet(46)) - raft.server.log.appender.install.snapshot.enabled = false (custom)
2024-02-22 20:33:40,707 [e780b093-7242-46d7-bd8f-0f810188c7b3-groupManagement] INFO  server.RaftServerConfigKeys (ConfUtils.java:logGet(46)) - raft.server.threadpool.server.cached = true (default)
2024-02-22 20:33:40,707 [e780b093-7242-46d7-bd8f-0f810188c7b3-groupManagement] INFO  server.RaftServerConfigKeys (ConfUtils.java:logGet(46)) - raft.server.threadpool.server.size = 0 (default)
2024-02-22 20:33:40,708 [e780b093-7242-46d7-bd8f-0f810188c7b3-groupManagement] INFO  server.RaftServerConfigKeys (ConfUtils.java:logGet(46)) - raft.server.threadpool.client.cached = true (default)
2024-02-22 20:33:40,708 [e780b093-7242-46d7-bd8f-0f810188c7b3-groupManagement] INFO  server.RaftServerConfigKeys (ConfUtils.java:logGet(46)) - raft.server.threadpool.client.size = 0 (default)
2024-02-22 20:33:40,708 [e780b093-7242-46d7-bd8f-0f810188c7b3-groupManagement] INFO  server.RaftServerConfigKeys (ConfUtils.java:logGet(46)) - raft.server.storage.free-space.min = 0MB (=0) (default)
2024-02-22 20:33:40,708 [e780b093-7242-46d7-bd8f-0f810188c7b3-groupManagement] INFO  server.RaftServerConfigKeys (ConfUtils.java:logGet(46)) - raft.server.log.corruption.policy = EXCEPTION (default)
2024-02-22 20:33:40,708 [e780b093-7242-46d7-bd8f-0f810188c7b3-groupManagement] INFO  server.RaftServerConfigKeys (ConfUtils.java:logGet(46)) - raft.server.storage.dir = [/home/runner/work/ozone/ozone/hadoop-ozone/integration-test/target/test-dir/MiniOzoneClusterImpl-a0fc024b-a492-45a5-9697-b0d14f72cb5c/datanode-9/data/ratis] (custom)
2024-02-22 20:33:40,708 [e780b093-7242-46d7-bd8f-0f810188c7b3-groupManagement] INFO  storage.RaftStorageDirectory (RaftStorageDirectoryImpl.java:analyzeStorage(138)) - The storage directory /home/runner/work/ozone/ozone/hadoop-ozone/integration-test/target/test-dir/MiniOzoneClusterImpl-a0fc024b-a492-45a5-9697-b0d14f72cb5c/datanode-9/data/ratis/bcc14677-48a1-4052-9632-383c4aad3a78 does not exist. Creating ...
2024-02-22 20:33:40,707 [923be64f-71f4-4891-b05d-82ff5a9df5b5-groupManagement] INFO  server.RaftServerConfigKeys (ConfUtils.java:logGet(46)) - raft.server.log.statemachine.data.sync.timeout.retry = 0 (custom)
2024-02-22 20:33:40,709 [e780b093-7242-46d7-bd8f-0f810188c7b3-groupManagement] INFO  storage.RaftStorageDirectory (RaftStorageDirectoryImpl.java:tryLock(228)) - Lock on /home/runner/work/ozone/ozone/hadoop-ozone/integration-test/target/test-dir/MiniOzoneClusterImpl-a0fc024b-a492-45a5-9697-b0d14f72cb5c/datanode-9/data/ratis/bcc14677-48a1-4052-9632-383c4aad3a78/in_use.lock acquired by nodename 30552@fv-az779-213
2024-02-22 20:33:40,711 [e780b093-7242-46d7-bd8f-0f810188c7b3-groupManagement] INFO  storage.RaftStorage (RaftStorageImpl.java:format(99)) - Storage directory /home/runner/work/ozone/ozone/hadoop-ozone/integration-test/target/test-dir/MiniOzoneClusterImpl-a0fc024b-a492-45a5-9697-b0d14f72cb5c/datanode-9/data/ratis/bcc14677-48a1-4052-9632-383c4aad3a78 has been successfully formatted.
2024-02-22 20:33:40,711 [e780b093-7242-46d7-bd8f-0f810188c7b3-groupManagement] WARN  util.FileUtils (LogUtils.java:supplyAndLog(63)) - Failed to Files.newInputStream /home/runner/work/ozone/ozone/hadoop-ozone/integration-test/target/test-dir/MiniOzoneClusterImpl-a0fc024b-a492-45a5-9697-b0d14f72cb5c/datanode-9/data/ratis/bcc14677-48a1-4052-9632-383c4aad3a78/current/raft-meta.conf with options []: java.nio.file.NoSuchFileException: /home/runner/work/ozone/ozone/hadoop-ozone/integration-test/target/test-dir/MiniOzoneClusterImpl-a0fc024b-a492-45a5-9697-b0d14f72cb5c/datanode-9/data/ratis/bcc14677-48a1-4052-9632-383c4aad3a78/current/raft-meta.conf
2024-02-22 20:33:40,711 [e780b093-7242-46d7-bd8f-0f810188c7b3-groupManagement] INFO  ratis.ContainerStateMachine (ContainerStateMachine.java:loadSnapshot(287)) - group-383C4AAD3A78: The snapshot info is null. Setting the last applied index to:(t:0, i:~)
2024-02-22 20:33:40,711 [e780b093-7242-46d7-bd8f-0f810188c7b3-groupManagement] INFO  server.RaftServerConfigKeys (ConfUtils.java:logGet(46)) - raft.server.log.use.memory = false (default)
2024-02-22 20:33:40,711 [e780b093-7242-46d7-bd8f-0f810188c7b3-groupManagement] INFO  server.RaftServerConfigKeys (ConfUtils.java:logGet(46)) - raft.server.log.purge.gap = 1000000 (custom)
2024-02-22 20:33:40,711 [e780b093-7242-46d7-bd8f-0f810188c7b3-groupManagement] INFO  server.RaftServerConfigKeys (ConfUtils.java:logGet(46)) - raft.server.log.appender.buffer.byte-limit = 8388608 (custom)
2024-02-22 20:33:40,711 [e780b093-7242-46d7-bd8f-0f810188c7b3-groupManagement] INFO  server.RaftServerConfigKeys (ConfUtils.java:logGet(46)) - raft.server.log.statemachine.data.read.timeout = 1000ms (default)
2024-02-22 20:33:40,712 [e780b093-7242-46d7-bd8f-0f810188c7b3-groupManagement] INFO  server.RaftServerConfigKeys (ConfUtils.java:logGet(46)) - raft.server.log.purge.preservation.log.num = 0 (default)
2024-02-22 20:33:40,713 [dc26353c-d48a-467d-89cd-3a7c4b626396-groupManagement] INFO  server.RaftServerConfigKeys (ConfUtils.java:logGet(46)) - raft.server.log.write.buffer.size = 8388616 (custom)
2024-02-22 20:33:40,713 [EventQueue-OpenPipelineForHealthyPipelineSafeModeRule] INFO  safemode.SCMSafeModeManager (HealthyPipelineSafeModeRule.java:process(140)) - SCM in safe mode. Healthy pipelines reported count is 0, required healthy pipeline reported count is 1
2024-02-22 20:33:40,715 [dc26353c-d48a-467d-89cd-3a7c4b626396-groupManagement] INFO  server.RaftServerConfigKeys (ConfUtils.java:logGet(46)) - raft.server.log.appender.buffer.byte-limit = 8388608 (custom)
2024-02-22 20:33:40,715 [dc26353c-d48a-467d-89cd-3a7c4b626396-groupManagement] INFO  server.RaftServerConfigKeys (ConfUtils.java:logGet(46)) - raft.server.log.unsafe-flush.enabled = false (default)
2024-02-22 20:33:40,715 [dc26353c-d48a-467d-89cd-3a7c4b626396-groupManagement] INFO  server.RaftServerConfigKeys (ConfUtils.java:logGet(46)) - raft.server.log.async-flush.enabled = false (default)
2024-02-22 20:33:40,715 [dc26353c-d48a-467d-89cd-3a7c4b626396-groupManagement] INFO  server.RaftServerConfigKeys (ConfUtils.java:logGet(46)) - raft.server.log.statemachine.data.caching.enabled = true (custom)
2024-02-22 20:33:40,715 [dc26353c-d48a-467d-89cd-3a7c4b626396-groupManagement] INFO  segmented.SegmentedRaftLogWorker (SegmentedRaftLogWorker.java:lambda$new$0(134)) - dc26353c-d48a-467d-89cd-3a7c4b626396@group-967E786A868E-SegmentedRaftLogWorker: flushIndex: setUnconditionally 0 -> -1
2024-02-22 20:33:40,715 [dc26353c-d48a-467d-89cd-3a7c4b626396-groupManagement] INFO  segmented.SegmentedRaftLogWorker (SegmentedRaftLogWorker.java:lambda$new$0(134)) - dc26353c-d48a-467d-89cd-3a7c4b626396@group-967E786A868E-SegmentedRaftLogWorker: safeCacheEvictIndex: setUnconditionally 0 -> -1
2024-02-22 20:33:40,715 [dc26353c-d48a-467d-89cd-3a7c4b626396-groupManagement] INFO  server.RaftServer$Division (RaftServerImpl.java:start(396)) - dc26353c-d48a-467d-89cd-3a7c4b626396@group-967E786A868E: start as a follower, conf=-1: peers:[dc26353c-d48a-467d-89cd-3a7c4b626396|10.1.0.33:15050]|listeners:[], old=null
2024-02-22 20:33:40,715 [dc26353c-d48a-467d-89cd-3a7c4b626396-groupManagement] INFO  server.RaftServer$Division (RaftServerImpl.java:setRole(383)) - dc26353c-d48a-467d-89cd-3a7c4b626396@group-967E786A868E: changes role from      null to FOLLOWER at term 0 for startAsFollower
2024-02-22 20:33:40,716 [dc26353c-d48a-467d-89cd-3a7c4b626396-groupManagement] INFO  impl.RoleInfo (RoleInfo.java:updateAndGet(139)) - dc26353c-d48a-467d-89cd-3a7c4b626396: start dc26353c-d48a-467d-89cd-3a7c4b626396@group-967E786A868E-FollowerState
2024-02-22 20:33:40,718 [e46a6e51-795f-4801-a523-c45a6c7f2c34-groupManagement] INFO  server.RaftServerConfigKeys (ConfUtils.java:logGet(46)) - raft.server.rpc.request.timeout = 60s (custom)
2024-02-22 20:33:40,718 [e46a6e51-795f-4801-a523-c45a6c7f2c34-groupManagement] INFO  server.RaftServerConfigKeys (ConfUtils.java:logGet(46)) - raft.server.log.appender.install.snapshot.enabled = false (custom)
2024-02-22 20:33:40,718 [e46a6e51-795f-4801-a523-c45a6c7f2c34-groupManagement] INFO  server.RaftServerConfigKeys (ConfUtils.java:logGet(46)) - raft.server.threadpool.server.cached = true (default)
2024-02-22 20:33:40,718 [e46a6e51-795f-4801-a523-c45a6c7f2c34-groupManagement] INFO  server.RaftServerConfigKeys (ConfUtils.java:logGet(46)) - raft.server.threadpool.server.size = 0 (default)
2024-02-22 20:33:40,718 [e46a6e51-795f-4801-a523-c45a6c7f2c34-groupManagement] INFO  server.RaftServerConfigKeys (ConfUtils.java:logGet(46)) - raft.server.threadpool.client.cached = true (default)
2024-02-22 20:33:40,718 [e46a6e51-795f-4801-a523-c45a6c7f2c34-groupManagement] INFO  server.RaftServerConfigKeys (ConfUtils.java:logGet(46)) - raft.server.threadpool.client.size = 0 (default)
2024-02-22 20:33:40,718 [e46a6e51-795f-4801-a523-c45a6c7f2c34-groupManagement] INFO  server.RaftServerConfigKeys (ConfUtils.java:logGet(46)) - raft.server.storage.free-space.min = 0MB (=0) (default)
2024-02-22 20:33:40,718 [e46a6e51-795f-4801-a523-c45a6c7f2c34-groupManagement] INFO  server.RaftServerConfigKeys (ConfUtils.java:logGet(46)) - raft.server.log.corruption.policy = EXCEPTION (default)
2024-02-22 20:33:40,718 [e46a6e51-795f-4801-a523-c45a6c7f2c34-groupManagement] INFO  server.RaftServerConfigKeys (ConfUtils.java:logGet(46)) - raft.server.storage.dir = [/home/runner/work/ozone/ozone/hadoop-ozone/integration-test/target/test-dir/MiniOzoneClusterImpl-a0fc024b-a492-45a5-9697-b0d14f72cb5c/datanode-0/data/ratis] (custom)
2024-02-22 20:33:40,719 [e46a6e51-795f-4801-a523-c45a6c7f2c34-groupManagement] INFO  storage.RaftStorageDirectory (RaftStorageDirectoryImpl.java:analyzeStorage(138)) - The storage directory /home/runner/work/ozone/ozone/hadoop-ozone/integration-test/target/test-dir/MiniOzoneClusterImpl-a0fc024b-a492-45a5-9697-b0d14f72cb5c/datanode-0/data/ratis/0077ebc2-8b09-4842-8a13-83d984655c73 does not exist. Creating ...
2024-02-22 20:33:40,719 [dc26353c-d48a-467d-89cd-3a7c4b626396@group-967E786A868E-FollowerState] INFO  server.RaftServerConfigKeys (ConfUtils.java:logFallback(53)) - raft.server.rpc.first-election.timeout.min = 5s (fallback to raft.server.rpc.timeout.min)
2024-02-22 20:33:40,719 [dc26353c-d48a-467d-89cd-3a7c4b626396-groupManagement] INFO  util.JmxRegister (JmxRegister.java:tryRegister(44)) - Successfully registered JMX Bean with object name Ratis:service=RaftServer,group=group-967E786A868E,id=dc26353c-d48a-467d-89cd-3a7c4b626396
2024-02-22 20:33:40,719 [dc26353c-d48a-467d-89cd-3a7c4b626396-groupManagement] INFO  server.RaftServerConfigKeys (ConfUtils.java:logGet(46)) - raft.server.snapshot.trigger-when-stop.enabled = true (default)
2024-02-22 20:33:40,719 [dc26353c-d48a-467d-89cd-3a7c4b626396-groupManagement] INFO  server.RaftServerConfigKeys (ConfUtils.java:logGet(46)) - raft.server.snapshot.auto.trigger.enabled = true (custom)
2024-02-22 20:33:40,719 [dc26353c-d48a-467d-89cd-3a7c4b626396-groupManagement] INFO  server.RaftServerConfigKeys (ConfUtils.java:logGet(46)) - raft.server.snapshot.auto.trigger.threshold = 10000 (custom)
2024-02-22 20:33:40,719 [dc26353c-d48a-467d-89cd-3a7c4b626396-groupManagement] INFO  server.RaftServerConfigKeys (ConfUtils.java:logGet(46)) - raft.server.snapshot.retention.file.num = 5 (custom)
2024-02-22 20:33:40,720 [dc26353c-d48a-467d-89cd-3a7c4b626396-groupManagement] INFO  server.RaftServerConfigKeys (ConfUtils.java:logGet(46)) - raft.server.log.purge.upto.snapshot.index = false (default)
2024-02-22 20:33:40,720 [e46a6e51-795f-4801-a523-c45a6c7f2c34-groupManagement] INFO  storage.RaftStorageDirectory (RaftStorageDirectoryImpl.java:tryLock(228)) - Lock on /home/runner/work/ozone/ozone/hadoop-ozone/integration-test/target/test-dir/MiniOzoneClusterImpl-a0fc024b-a492-45a5-9697-b0d14f72cb5c/datanode-0/data/ratis/0077ebc2-8b09-4842-8a13-83d984655c73/in_use.lock acquired by nodename 30552@fv-az779-213
2024-02-22 20:33:40,720 [dc26353c-d48a-467d-89cd-3a7c4b626396@group-967E786A868E-FollowerState] INFO  server.RaftServerConfigKeys (ConfUtils.java:logFallback(53)) - raft.server.rpc.first-election.timeout.max = 5200ms (fallback to raft.server.rpc.timeout.max)
2024-02-22 20:33:40,720 [923be64f-71f4-4891-b05d-82ff5a9df5b5-groupManagement] INFO  server.RaftServerConfigKeys (ConfUtils.java:logGet(46)) - raft.server.log.write.buffer.size = 8388616 (custom)
2024-02-22 20:33:40,721 [e46a6e51-795f-4801-a523-c45a6c7f2c34-groupManagement] INFO  storage.RaftStorage (RaftStorageImpl.java:format(99)) - Storage directory /home/runner/work/ozone/ozone/hadoop-ozone/integration-test/target/test-dir/MiniOzoneClusterImpl-a0fc024b-a492-45a5-9697-b0d14f72cb5c/datanode-0/data/ratis/0077ebc2-8b09-4842-8a13-83d984655c73 has been successfully formatted.
2024-02-22 20:33:40,721 [e46a6e51-795f-4801-a523-c45a6c7f2c34-groupManagement] WARN  util.FileUtils (LogUtils.java:supplyAndLog(63)) - Failed to Files.newInputStream /home/runner/work/ozone/ozone/hadoop-ozone/integration-test/target/test-dir/MiniOzoneClusterImpl-a0fc024b-a492-45a5-9697-b0d14f72cb5c/datanode-0/data/ratis/0077ebc2-8b09-4842-8a13-83d984655c73/current/raft-meta.conf with options []: java.nio.file.NoSuchFileException: /home/runner/work/ozone/ozone/hadoop-ozone/integration-test/target/test-dir/MiniOzoneClusterImpl-a0fc024b-a492-45a5-9697-b0d14f72cb5c/datanode-0/data/ratis/0077ebc2-8b09-4842-8a13-83d984655c73/current/raft-meta.conf
2024-02-22 20:33:40,721 [e46a6e51-795f-4801-a523-c45a6c7f2c34-groupManagement] INFO  ratis.ContainerStateMachine (ContainerStateMachine.java:loadSnapshot(287)) - group-83D984655C73: The snapshot info is null. Setting the last applied index to:(t:0, i:~)
2024-02-22 20:33:40,721 [e46a6e51-795f-4801-a523-c45a6c7f2c34-groupManagement] INFO  server.RaftServerConfigKeys (ConfUtils.java:logGet(46)) - raft.server.log.use.memory = false (default)
2024-02-22 20:33:40,722 [e46a6e51-795f-4801-a523-c45a6c7f2c34-groupManagement] INFO  server.RaftServerConfigKeys (ConfUtils.java:logGet(46)) - raft.server.log.purge.gap = 1000000 (custom)
2024-02-22 20:33:40,723 [e46a6e51-795f-4801-a523-c45a6c7f2c34-groupManagement] INFO  server.RaftServerConfigKeys (ConfUtils.java:logGet(46)) - raft.server.log.appender.buffer.byte-limit = 8388608 (custom)
2024-02-22 20:33:40,723 [e46a6e51-795f-4801-a523-c45a6c7f2c34-groupManagement] INFO  server.RaftServerConfigKeys (ConfUtils.java:logGet(46)) - raft.server.log.statemachine.data.read.timeout = 1000ms (default)
2024-02-22 20:33:40,723 [e46a6e51-795f-4801-a523-c45a6c7f2c34-groupManagement] INFO  server.RaftServerConfigKeys (ConfUtils.java:logGet(46)) - raft.server.log.purge.preservation.log.num = 0 (default)
2024-02-22 20:33:40,723 [EventQueue-OpenPipelineForHealthyPipelineSafeModeRule] INFO  safemode.SCMSafeModeManager (HealthyPipelineSafeModeRule.java:process(140)) - SCM in safe mode. Healthy pipelines reported count is 0, required healthy pipeline reported count is 1
2024-02-22 20:33:40,723 [EventQueue-OpenPipelineForHealthyPipelineSafeModeRule] INFO  safemode.SCMSafeModeManager (HealthyPipelineSafeModeRule.java:process(140)) - SCM in safe mode. Healthy pipelines reported count is 0, required healthy pipeline reported count is 1
2024-02-22 20:33:40,729 [13f92446-3b18-4d81-bc66-0f9b00220e72-groupManagement] INFO  server.RaftServerConfigKeys (ConfUtils.java:logGet(46)) - raft.server.rpc.request.timeout = 60s (custom)
2024-02-22 20:33:40,729 [13f92446-3b18-4d81-bc66-0f9b00220e72-groupManagement] INFO  server.RaftServerConfigKeys (ConfUtils.java:logGet(46)) - raft.server.log.appender.install.snapshot.enabled = false (custom)
2024-02-22 20:33:40,729 [13f92446-3b18-4d81-bc66-0f9b00220e72-groupManagement] INFO  server.RaftServerConfigKeys (ConfUtils.java:logGet(46)) - raft.server.threadpool.server.cached = true (default)
2024-02-22 20:33:40,729 [13f92446-3b18-4d81-bc66-0f9b00220e72-groupManagement] INFO  server.RaftServerConfigKeys (ConfUtils.java:logGet(46)) - raft.server.threadpool.server.size = 0 (default)
2024-02-22 20:33:40,729 [13f92446-3b18-4d81-bc66-0f9b00220e72-groupManagement] INFO  server.RaftServerConfigKeys (ConfUtils.java:logGet(46)) - raft.server.threadpool.client.cached = true (default)
2024-02-22 20:33:40,729 [13f92446-3b18-4d81-bc66-0f9b00220e72-groupManagement] INFO  server.RaftServerConfigKeys (ConfUtils.java:logGet(46)) - raft.server.threadpool.client.size = 0 (default)
2024-02-22 20:33:40,731 [13f92446-3b18-4d81-bc66-0f9b00220e72-groupManagement] INFO  server.RaftServer$Division (RaftServerImpl.java:<init>(256)) - 13f92446-3b18-4d81-bc66-0f9b00220e72: new RaftServerImpl for group-C4BFF782AB50:[78f89d9b-e409-4704-890b-bfcfbcdfd28a|10.1.0.33:15086, c30fedce-f286-40e0-881d-3d5a9a6e2463|10.1.0.33:15068, 13f92446-3b18-4d81-bc66-0f9b00220e72|10.1.0.33:15077] with ContainerStateMachine:uninitialized
2024-02-22 20:33:40,731 [13f92446-3b18-4d81-bc66-0f9b00220e72-groupManagement] INFO  server.RaftServerConfigKeys (ConfUtils.java:logGet(46)) - raft.server.rpc.timeout.min = 5s (custom)
2024-02-22 20:33:40,731 [13f92446-3b18-4d81-bc66-0f9b00220e72-groupManagement] INFO  server.RaftServerConfigKeys (ConfUtils.java:logGet(46)) - raft.server.rpc.timeout.max = 5200ms (custom)
2024-02-22 20:33:40,731 [13f92446-3b18-4d81-bc66-0f9b00220e72-groupManagement] INFO  server.RaftServerConfigKeys (ConfUtils.java:logGet(46)) - raft.server.rpc.sleep.time = 25ms (default)
2024-02-22 20:33:40,731 [13f92446-3b18-4d81-bc66-0f9b00220e72-groupManagement] INFO  server.RaftServerConfigKeys (ConfUtils.java:logGet(46)) - raft.server.rpc.slowness.timeout = 300s (custom)
2024-02-22 20:33:40,731 [13f92446-3b18-4d81-bc66-0f9b00220e72-groupManagement] INFO  server.RaftServerConfigKeys (ConfUtils.java:logGet(46)) - raft.server.leaderelection.leader.step-down.wait-time = 10s (default)
2024-02-22 20:33:40,731 [13f92446-3b18-4d81-bc66-0f9b00220e72-groupManagement] INFO  server.RaftServerConfigKeys (ConfUtils.java:logGet(46)) - raft.server.leaderelection.member.majority-add = false (default)
2024-02-22 20:33:40,731 [13f92446-3b18-4d81-bc66-0f9b00220e72-groupManagement] INFO  server.RaftServerConfigKeys (ConfUtils.java:logGet(46)) - raft.server.sleep.deviation.threshold = 300ms (default)
2024-02-22 20:33:40,731 [13f92446-3b18-4d81-bc66-0f9b00220e72-groupManagement] INFO  server.RaftServer$Division (ServerState.java:<init>(113)) - 13f92446-3b18-4d81-bc66-0f9b00220e72@group-C4BFF782AB50: ConfigurationManager, init=-1: peers:[78f89d9b-e409-4704-890b-bfcfbcdfd28a|10.1.0.33:15086, c30fedce-f286-40e0-881d-3d5a9a6e2463|10.1.0.33:15068, 13f92446-3b18-4d81-bc66-0f9b00220e72|10.1.0.33:15077]|listeners:[], old=null, confs=<EMPTY_MAP>
2024-02-22 20:33:40,731 [13f92446-3b18-4d81-bc66-0f9b00220e72-groupManagement] INFO  server.RaftServerConfigKeys (ConfUtils.java:logGet(46)) - raft.server.notification.no-leader.timeout = 300s (custom)
2024-02-22 20:33:40,731 [13f92446-3b18-4d81-bc66-0f9b00220e72-groupManagement] INFO  server.RaftServerConfigKeys (ConfUtils.java:logGet(46)) - raft.server.read.timeout = 10s (default)
2024-02-22 20:33:40,731 [13f92446-3b18-4d81-bc66-0f9b00220e72-groupManagement] INFO  server.RaftServerConfigKeys (ConfUtils.java:logGet(46)) - raft.server.retrycache.expirytime = 600000ms (custom)
2024-02-22 20:33:40,731 [13f92446-3b18-4d81-bc66-0f9b00220e72-groupManagement] INFO  server.RaftServerConfigKeys (ConfUtils.java:logGet(46)) - raft.server.retrycache.statistics.expirytime = 100ms (default)
2024-02-22 20:33:40,732 [13f92446-3b18-4d81-bc66-0f9b00220e72-groupManagement] INFO  server.RaftServerConfigKeys (ConfUtils.java:logGet(46)) - raft.server.read.option = DEFAULT (default)
2024-02-22 20:33:40,732 [13f92446-3b18-4d81-bc66-0f9b00220e72-groupManagement] INFO  server.RaftServerConfigKeys (ConfUtils.java:logGet(46)) - raft.server.read.read-after-write-consistent.write-index-cache.expiry-time = 60s (default)
2024-02-22 20:33:40,735 [923be64f-71f4-4891-b05d-82ff5a9df5b5-groupManagement] INFO  server.RaftServerConfigKeys (ConfUtils.java:logGet(46)) - raft.server.log.appender.buffer.byte-limit = 8388608 (custom)
2024-02-22 20:33:40,737 [dc26353c-d48a-467d-89cd-3a7c4b626396-PipelineCommandHandlerThread-0] INFO  ratis.XceiverServerRatis (XceiverServerRatis.java:addGroup(864)) - Created group PipelineID=a2c380a1-736c-4d1e-96be-967e786a868e
2024-02-22 20:33:40,737 [dc26353c-d48a-467d-89cd-3a7c4b626396-PipelineCommandHandlerThread-0] INFO  commandhandler.CreatePipelineCommandHandler (CreatePipelineCommandHandler.java:lambda$handle$2(124)) - Created Pipeline RATIS ONE PipelineID=a2c380a1-736c-4d1e-96be-967e786a868e.
2024-02-22 20:33:40,737 [dc26353c-d48a-467d-89cd-3a7c4b626396-PipelineCommandHandlerThread-0] INFO  server.RaftServer (RaftServerProxy.java:addNew(100)) - dc26353c-d48a-467d-89cd-3a7c4b626396: addNew group-BDBAD3AB70B4:[923be64f-71f4-4891-b05d-82ff5a9df5b5|10.1.0.33:15023, e46a6e51-795f-4801-a523-c45a6c7f2c34|10.1.0.33:15014, dc26353c-d48a-467d-89cd-3a7c4b626396|10.1.0.33:15050] returns group-BDBAD3AB70B4:java.util.concurrent.CompletableFuture@2e7680b[Not completed]
2024-02-22 20:33:40,737 [923be64f-71f4-4891-b05d-82ff5a9df5b5-groupManagement] INFO  server.RaftServerConfigKeys (ConfUtils.java:logGet(46)) - raft.server.log.unsafe-flush.enabled = false (default)
2024-02-22 20:33:40,738 [923be64f-71f4-4891-b05d-82ff5a9df5b5-groupManagement] INFO  server.RaftServerConfigKeys (ConfUtils.java:logGet(46)) - raft.server.log.async-flush.enabled = false (default)
2024-02-22 20:33:40,739 [923be64f-71f4-4891-b05d-82ff5a9df5b5-groupManagement] INFO  server.RaftServerConfigKeys (ConfUtils.java:logGet(46)) - raft.server.log.statemachine.data.caching.enabled = true (custom)
2024-02-22 20:33:40,739 [923be64f-71f4-4891-b05d-82ff5a9df5b5-groupManagement] INFO  segmented.SegmentedRaftLogWorker (SegmentedRaftLogWorker.java:lambda$new$0(134)) - 923be64f-71f4-4891-b05d-82ff5a9df5b5@group-A538022C1006-SegmentedRaftLogWorker: flushIndex: setUnconditionally 0 -> -1
2024-02-22 20:33:40,739 [923be64f-71f4-4891-b05d-82ff5a9df5b5-groupManagement] INFO  segmented.SegmentedRaftLogWorker (SegmentedRaftLogWorker.java:lambda$new$0(134)) - 923be64f-71f4-4891-b05d-82ff5a9df5b5@group-A538022C1006-SegmentedRaftLogWorker: safeCacheEvictIndex: setUnconditionally 0 -> -1
2024-02-22 20:33:40,739 [dc26353c-d48a-467d-89cd-3a7c4b626396-groupManagement] INFO  server.RaftServer$Division (RaftServerImpl.java:<init>(256)) - dc26353c-d48a-467d-89cd-3a7c4b626396: new RaftServerImpl for group-BDBAD3AB70B4:[923be64f-71f4-4891-b05d-82ff5a9df5b5|10.1.0.33:15023, e46a6e51-795f-4801-a523-c45a6c7f2c34|10.1.0.33:15014, dc26353c-d48a-467d-89cd-3a7c4b626396|10.1.0.33:15050] with ContainerStateMachine:uninitialized
2024-02-22 20:33:40,739 [dc26353c-d48a-467d-89cd-3a7c4b626396-groupManagement] INFO  server.RaftServerConfigKeys (ConfUtils.java:logGet(46)) - raft.server.rpc.timeout.min = 5s (custom)
2024-02-22 20:33:40,739 [923be64f-71f4-4891-b05d-82ff5a9df5b5-groupManagement] INFO  server.RaftServer$Division (RaftServerImpl.java:start(396)) - 923be64f-71f4-4891-b05d-82ff5a9df5b5@group-A538022C1006: start as a follower, conf=-1: peers:[923be64f-71f4-4891-b05d-82ff5a9df5b5|10.1.0.33:15023, e46a6e51-795f-4801-a523-c45a6c7f2c34|10.1.0.33:15014, e780b093-7242-46d7-bd8f-0f810188c7b3|10.1.0.33:15095]|listeners:[], old=null
2024-02-22 20:33:40,739 [923be64f-71f4-4891-b05d-82ff5a9df5b5-groupManagement] INFO  server.RaftServer$Division (RaftServerImpl.java:setRole(383)) - 923be64f-71f4-4891-b05d-82ff5a9df5b5@group-A538022C1006: changes role from      null to FOLLOWER at term 0 for startAsFollower
2024-02-22 20:33:40,739 [923be64f-71f4-4891-b05d-82ff5a9df5b5-groupManagement] INFO  impl.RoleInfo (RoleInfo.java:updateAndGet(139)) - 923be64f-71f4-4891-b05d-82ff5a9df5b5: start 923be64f-71f4-4891-b05d-82ff5a9df5b5@group-A538022C1006-FollowerState
2024-02-22 20:33:40,739 [dc26353c-d48a-467d-89cd-3a7c4b626396-groupManagement] INFO  server.RaftServerConfigKeys (ConfUtils.java:logGet(46)) - raft.server.rpc.timeout.max = 5200ms (custom)
2024-02-22 20:33:40,740 [dc26353c-d48a-467d-89cd-3a7c4b626396-groupManagement] INFO  server.RaftServerConfigKeys (ConfUtils.java:logGet(46)) - raft.server.rpc.sleep.time = 25ms (default)
2024-02-22 20:33:40,740 [dc26353c-d48a-467d-89cd-3a7c4b626396-groupManagement] INFO  server.RaftServerConfigKeys (ConfUtils.java:logGet(46)) - raft.server.rpc.slowness.timeout = 300s (custom)
2024-02-22 20:33:40,740 [dc26353c-d48a-467d-89cd-3a7c4b626396-groupManagement] INFO  server.RaftServerConfigKeys (ConfUtils.java:logGet(46)) - raft.server.leaderelection.leader.step-down.wait-time = 10s (default)
2024-02-22 20:33:40,740 [dc26353c-d48a-467d-89cd-3a7c4b626396-groupManagement] INFO  server.RaftServerConfigKeys (ConfUtils.java:logGet(46)) - raft.server.leaderelection.member.majority-add = false (default)
2024-02-22 20:33:40,740 [dc26353c-d48a-467d-89cd-3a7c4b626396-groupManagement] INFO  server.RaftServerConfigKeys (ConfUtils.java:logGet(46)) - raft.server.sleep.deviation.threshold = 300ms (default)
2024-02-22 20:33:40,740 [dc26353c-d48a-467d-89cd-3a7c4b626396-groupManagement] INFO  server.RaftServer$Division (ServerState.java:<init>(113)) - dc26353c-d48a-467d-89cd-3a7c4b626396@group-BDBAD3AB70B4: ConfigurationManager, init=-1: peers:[923be64f-71f4-4891-b05d-82ff5a9df5b5|10.1.0.33:15023, e46a6e51-795f-4801-a523-c45a6c7f2c34|10.1.0.33:15014, dc26353c-d48a-467d-89cd-3a7c4b626396|10.1.0.33:15050]|listeners:[], old=null, confs=<EMPTY_MAP>
2024-02-22 20:33:40,740 [dc26353c-d48a-467d-89cd-3a7c4b626396-groupManagement] INFO  server.RaftServerConfigKeys (ConfUtils.java:logGet(46)) - raft.server.notification.no-leader.timeout = 300s (custom)
2024-02-22 20:33:40,740 [dc26353c-d48a-467d-89cd-3a7c4b626396-groupManagement] INFO  server.RaftServerConfigKeys (ConfUtils.java:logGet(46)) - raft.server.read.timeout = 10s (default)
2024-02-22 20:33:40,740 [dc26353c-d48a-467d-89cd-3a7c4b626396-groupManagement] INFO  server.RaftServerConfigKeys (ConfUtils.java:logGet(46)) - raft.server.retrycache.expirytime = 600000ms (custom)
2024-02-22 20:33:40,741 [dc26353c-d48a-467d-89cd-3a7c4b626396-groupManagement] INFO  server.RaftServerConfigKeys (ConfUtils.java:logGet(46)) - raft.server.retrycache.statistics.expirytime = 100ms (default)
2024-02-22 20:33:40,741 [dc26353c-d48a-467d-89cd-3a7c4b626396-groupManagement] INFO  server.RaftServerConfigKeys (ConfUtils.java:logGet(46)) - raft.server.read.option = DEFAULT (default)
2024-02-22 20:33:40,741 [dc26353c-d48a-467d-89cd-3a7c4b626396-groupManagement] INFO  server.RaftServerConfigKeys (ConfUtils.java:logGet(46)) - raft.server.read.read-after-write-consistent.write-index-cache.expiry-time = 60s (default)
2024-02-22 20:33:40,748 [923be64f-71f4-4891-b05d-82ff5a9df5b5-groupManagement] INFO  util.JmxRegister (JmxRegister.java:tryRegister(44)) - Successfully registered JMX Bean with object name Ratis:service=RaftServer,group=group-A538022C1006,id=923be64f-71f4-4891-b05d-82ff5a9df5b5
2024-02-22 20:33:40,748 [923be64f-71f4-4891-b05d-82ff5a9df5b5-groupManagement] INFO  server.RaftServerConfigKeys (ConfUtils.java:logGet(46)) - raft.server.snapshot.trigger-when-stop.enabled = true (default)
2024-02-22 20:33:40,748 [923be64f-71f4-4891-b05d-82ff5a9df5b5-groupManagement] INFO  server.RaftServerConfigKeys (ConfUtils.java:logGet(46)) - raft.server.snapshot.auto.trigger.enabled = true (custom)
2024-02-22 20:33:40,748 [923be64f-71f4-4891-b05d-82ff5a9df5b5-groupManagement] INFO  server.RaftServerConfigKeys (ConfUtils.java:logGet(46)) - raft.server.snapshot.auto.trigger.threshold = 10000 (custom)
2024-02-22 20:33:40,748 [923be64f-71f4-4891-b05d-82ff5a9df5b5-groupManagement] INFO  server.RaftServerConfigKeys (ConfUtils.java:logGet(46)) - raft.server.snapshot.retention.file.num = 5 (custom)
2024-02-22 20:33:40,749 [923be64f-71f4-4891-b05d-82ff5a9df5b5-groupManagement] INFO  server.RaftServerConfigKeys (ConfUtils.java:logGet(46)) - raft.server.log.purge.upto.snapshot.index = false (default)
2024-02-22 20:33:40,749 [923be64f-71f4-4891-b05d-82ff5a9df5b5@group-A538022C1006-FollowerState] INFO  server.RaftServerConfigKeys (ConfUtils.java:logFallback(53)) - raft.server.rpc.first-election.timeout.min = 5s (fallback to raft.server.rpc.timeout.min)
2024-02-22 20:33:40,750 [923be64f-71f4-4891-b05d-82ff5a9df5b5@group-A538022C1006-FollowerState] INFO  server.RaftServerConfigKeys (ConfUtils.java:logFallback(53)) - raft.server.rpc.first-election.timeout.max = 5200ms (fallback to raft.server.rpc.timeout.max)
2024-02-22 20:33:40,753 [dc26353c-d48a-467d-89cd-3a7c4b626396-groupManagement] INFO  server.RaftServerConfigKeys (ConfUtils.java:logGet(46)) - raft.server.rpc.request.timeout = 60s (custom)
2024-02-22 20:33:40,753 [dc26353c-d48a-467d-89cd-3a7c4b626396-groupManagement] INFO  server.RaftServerConfigKeys (ConfUtils.java:logGet(46)) - raft.server.log.appender.install.snapshot.enabled = false (custom)
2024-02-22 20:33:40,753 [dc26353c-d48a-467d-89cd-3a7c4b626396-groupManagement] INFO  server.RaftServerConfigKeys (ConfUtils.java:logGet(46)) - raft.server.threadpool.server.cached = true (default)
2024-02-22 20:33:40,753 [dc26353c-d48a-467d-89cd-3a7c4b626396-groupManagement] INFO  server.RaftServerConfigKeys (ConfUtils.java:logGet(46)) - raft.server.threadpool.server.size = 0 (default)
2024-02-22 20:33:40,753 [dc26353c-d48a-467d-89cd-3a7c4b626396-groupManagement] INFO  server.RaftServerConfigKeys (ConfUtils.java:logGet(46)) - raft.server.threadpool.client.cached = true (default)
2024-02-22 20:33:40,754 [dc26353c-d48a-467d-89cd-3a7c4b626396-groupManagement] INFO  server.RaftServerConfigKeys (ConfUtils.java:logGet(46)) - raft.server.threadpool.client.size = 0 (default)
2024-02-22 20:33:40,754 [dc26353c-d48a-467d-89cd-3a7c4b626396-groupManagement] INFO  server.RaftServerConfigKeys (ConfUtils.java:logGet(46)) - raft.server.storage.free-space.min = 0MB (=0) (default)
2024-02-22 20:33:40,754 [dc26353c-d48a-467d-89cd-3a7c4b626396-groupManagement] INFO  server.RaftServerConfigKeys (ConfUtils.java:logGet(46)) - raft.server.log.corruption.policy = EXCEPTION (default)
2024-02-22 20:33:40,755 [86ab988c-fa9c-425d-a1c6-9004ff7fd93d-groupManagement] INFO  server.RaftServerConfigKeys (ConfUtils.java:logGet(46)) - raft.server.rpc.request.timeout = 60s (custom)
2024-02-22 20:33:40,755 [86ab988c-fa9c-425d-a1c6-9004ff7fd93d-groupManagement] INFO  server.RaftServerConfigKeys (ConfUtils.java:logGet(46)) - raft.server.log.appender.install.snapshot.enabled = false (custom)
2024-02-22 20:33:40,755 [86ab988c-fa9c-425d-a1c6-9004ff7fd93d-groupManagement] INFO  server.RaftServerConfigKeys (ConfUtils.java:logGet(46)) - raft.server.threadpool.server.cached = true (default)
2024-02-22 20:33:40,755 [86ab988c-fa9c-425d-a1c6-9004ff7fd93d-groupManagement] INFO  server.RaftServerConfigKeys (ConfUtils.java:logGet(46)) - raft.server.threadpool.server.size = 0 (default)
2024-02-22 20:33:40,755 [86ab988c-fa9c-425d-a1c6-9004ff7fd93d-groupManagement] INFO  server.RaftServerConfigKeys (ConfUtils.java:logGet(46)) - raft.server.threadpool.client.cached = true (default)
2024-02-22 20:33:40,755 [86ab988c-fa9c-425d-a1c6-9004ff7fd93d-groupManagement] INFO  server.RaftServerConfigKeys (ConfUtils.java:logGet(46)) - raft.server.threadpool.client.size = 0 (default)
2024-02-22 20:33:40,755 [86ab988c-fa9c-425d-a1c6-9004ff7fd93d-groupManagement] INFO  server.RaftServerConfigKeys (ConfUtils.java:logGet(46)) - raft.server.storage.free-space.min = 0MB (=0) (default)
2024-02-22 20:33:40,756 [86ab988c-fa9c-425d-a1c6-9004ff7fd93d-groupManagement] INFO  server.RaftServerConfigKeys (ConfUtils.java:logGet(46)) - raft.server.log.corruption.policy = EXCEPTION (default)
2024-02-22 20:33:40,756 [86ab988c-fa9c-425d-a1c6-9004ff7fd93d-groupManagement] INFO  server.RaftServerConfigKeys (ConfUtils.java:logGet(46)) - raft.server.storage.dir = [/home/runner/work/ozone/ozone/hadoop-ozone/integration-test/target/test-dir/MiniOzoneClusterImpl-a0fc024b-a492-45a5-9697-b0d14f72cb5c/datanode-5/data/ratis] (custom)
2024-02-22 20:33:40,756 [86ab988c-fa9c-425d-a1c6-9004ff7fd93d-groupManagement] INFO  storage.RaftStorageDirectory (RaftStorageDirectoryImpl.java:analyzeStorage(138)) - The storage directory /home/runner/work/ozone/ozone/hadoop-ozone/integration-test/target/test-dir/MiniOzoneClusterImpl-a0fc024b-a492-45a5-9697-b0d14f72cb5c/datanode-5/data/ratis/0077ebc2-8b09-4842-8a13-83d984655c73 does not exist. Creating ...
2024-02-22 20:33:40,757 [e780b093-7242-46d7-bd8f-0f810188c7b3-groupManagement] INFO  server.RaftServerConfigKeys (ConfUtils.java:logGet(46)) - raft.server.log.segment.size.max = 67108864 (custom)
2024-02-22 20:33:40,757 [923be64f-71f4-4891-b05d-82ff5a9df5b5-PipelineCommandHandlerThread-0] INFO  ratis.XceiverServerRatis (XceiverServerRatis.java:addGroup(864)) - Created group PipelineID=b7ad60d3-b3bb-4da3-89ae-a538022c1006
2024-02-22 20:33:40,758 [4e8f68d6-fd98-4f77-87e3-715939181693-groupManagement] INFO  server.RaftServerConfigKeys (ConfUtils.java:logGet(46)) - raft.server.rpc.request.timeout = 60s (custom)
2024-02-22 20:33:40,758 [4e8f68d6-fd98-4f77-87e3-715939181693-groupManagement] INFO  server.RaftServerConfigKeys (ConfUtils.java:logGet(46)) - raft.server.log.appender.install.snapshot.enabled = false (custom)
2024-02-22 20:33:40,758 [4e8f68d6-fd98-4f77-87e3-715939181693-groupManagement] INFO  server.RaftServerConfigKeys (ConfUtils.java:logGet(46)) - raft.server.threadpool.server.cached = true (default)
2024-02-22 20:33:40,758 [4e8f68d6-fd98-4f77-87e3-715939181693-groupManagement] INFO  server.RaftServerConfigKeys (ConfUtils.java:logGet(46)) - raft.server.threadpool.server.size = 0 (default)
2024-02-22 20:33:40,758 [4e8f68d6-fd98-4f77-87e3-715939181693-groupManagement] INFO  server.RaftServerConfigKeys (ConfUtils.java:logGet(46)) - raft.server.threadpool.client.cached = true (default)
2024-02-22 20:33:40,758 [4e8f68d6-fd98-4f77-87e3-715939181693-groupManagement] INFO  server.RaftServerConfigKeys (ConfUtils.java:logGet(46)) - raft.server.threadpool.client.size = 0 (default)
2024-02-22 20:33:40,759 [4e8f68d6-fd98-4f77-87e3-715939181693-groupManagement] INFO  server.RaftServer$Division (RaftServerImpl.java:<init>(256)) - 4e8f68d6-fd98-4f77-87e3-715939181693: new RaftServerImpl for group-9D5BCF0FDB08:[78f89d9b-e409-4704-890b-bfcfbcdfd28a|10.1.0.33:15086, d25dc3b0-28fc-4383-b1a0-617845025f41|10.1.0.33:15032, 4e8f68d6-fd98-4f77-87e3-715939181693|10.1.0.33:15041] with ContainerStateMachine:uninitialized
2024-02-22 20:33:40,759 [4e8f68d6-fd98-4f77-87e3-715939181693-groupManagement] INFO  server.RaftServerConfigKeys (ConfUtils.java:logGet(46)) - raft.server.rpc.timeout.min = 5s (custom)
2024-02-22 20:33:40,759 [4e8f68d6-fd98-4f77-87e3-715939181693-groupManagement] INFO  server.RaftServerConfigKeys (ConfUtils.java:logGet(46)) - raft.server.rpc.timeout.max = 5200ms (custom)
2024-02-22 20:33:40,759 [4e8f68d6-fd98-4f77-87e3-715939181693-groupManagement] INFO  server.RaftServerConfigKeys (ConfUtils.java:logGet(46)) - raft.server.rpc.sleep.time = 25ms (default)
2024-02-22 20:33:40,759 [4e8f68d6-fd98-4f77-87e3-715939181693-groupManagement] INFO  server.RaftServerConfigKeys (ConfUtils.java:logGet(46)) - raft.server.rpc.slowness.timeout = 300s (custom)
2024-02-22 20:33:40,759 [4e8f68d6-fd98-4f77-87e3-715939181693-groupManagement] INFO  server.RaftServerConfigKeys (ConfUtils.java:logGet(46)) - raft.server.leaderelection.leader.step-down.wait-time = 10s (default)
2024-02-22 20:33:40,760 [4e8f68d6-fd98-4f77-87e3-715939181693-groupManagement] INFO  server.RaftServerConfigKeys (ConfUtils.java:logGet(46)) - raft.server.leaderelection.member.majority-add = false (default)
2024-02-22 20:33:40,760 [4e8f68d6-fd98-4f77-87e3-715939181693-groupManagement] INFO  server.RaftServerConfigKeys (ConfUtils.java:logGet(46)) - raft.server.sleep.deviation.threshold = 300ms (default)
2024-02-22 20:33:40,760 [4e8f68d6-fd98-4f77-87e3-715939181693-groupManagement] INFO  server.RaftServer$Division (ServerState.java:<init>(113)) - 4e8f68d6-fd98-4f77-87e3-715939181693@group-9D5BCF0FDB08: ConfigurationManager, init=-1: peers:[78f89d9b-e409-4704-890b-bfcfbcdfd28a|10.1.0.33:15086, d25dc3b0-28fc-4383-b1a0-617845025f41|10.1.0.33:15032, 4e8f68d6-fd98-4f77-87e3-715939181693|10.1.0.33:15041]|listeners:[], old=null, confs=<EMPTY_MAP>
2024-02-22 20:33:40,760 [4e8f68d6-fd98-4f77-87e3-715939181693-groupManagement] INFO  server.RaftServerConfigKeys (ConfUtils.java:logGet(46)) - raft.server.notification.no-leader.timeout = 300s (custom)
2024-02-22 20:33:40,760 [4e8f68d6-fd98-4f77-87e3-715939181693-groupManagement] INFO  server.RaftServerConfigKeys (ConfUtils.java:logGet(46)) - raft.server.read.timeout = 10s (default)
2024-02-22 20:33:40,760 [4e8f68d6-fd98-4f77-87e3-715939181693-groupManagement] INFO  server.RaftServerConfigKeys (ConfUtils.java:logGet(46)) - raft.server.retrycache.expirytime = 600000ms (custom)
2024-02-22 20:33:40,760 [4e8f68d6-fd98-4f77-87e3-715939181693-groupManagement] INFO  server.RaftServerConfigKeys (ConfUtils.java:logGet(46)) - raft.server.retrycache.statistics.expirytime = 100ms (default)
2024-02-22 20:33:40,760 [4e8f68d6-fd98-4f77-87e3-715939181693-groupManagement] INFO  server.RaftServerConfigKeys (ConfUtils.java:logGet(46)) - raft.server.read.option = DEFAULT (default)
2024-02-22 20:33:40,760 [4e8f68d6-fd98-4f77-87e3-715939181693-groupManagement] INFO  server.RaftServerConfigKeys (ConfUtils.java:logGet(46)) - raft.server.read.read-after-write-consistent.write-index-cache.expiry-time = 60s (default)
2024-02-22 20:33:40,762 [dc26353c-d48a-467d-89cd-3a7c4b626396-groupManagement] INFO  server.RaftServerConfigKeys (ConfUtils.java:logGet(46)) - raft.server.storage.dir = [/home/runner/work/ozone/ozone/hadoop-ozone/integration-test/target/test-dir/MiniOzoneClusterImpl-a0fc024b-a492-45a5-9697-b0d14f72cb5c/datanode-4/data/ratis] (custom)
2024-02-22 20:33:40,762 [dc26353c-d48a-467d-89cd-3a7c4b626396-groupManagement] INFO  storage.RaftStorageDirectory (RaftStorageDirectoryImpl.java:analyzeStorage(138)) - The storage directory /home/runner/work/ozone/ozone/hadoop-ozone/integration-test/target/test-dir/MiniOzoneClusterImpl-a0fc024b-a492-45a5-9697-b0d14f72cb5c/datanode-4/data/ratis/2f90e3ba-f3fd-48ab-9225-bdbad3ab70b4 does not exist. Creating ...
2024-02-22 20:33:40,757 [e46a6e51-795f-4801-a523-c45a6c7f2c34-groupManagement] INFO  server.RaftServerConfigKeys (ConfUtils.java:logGet(46)) - raft.server.log.segment.size.max = 67108864 (custom)
2024-02-22 20:33:40,764 [dc26353c-d48a-467d-89cd-3a7c4b626396-groupManagement] INFO  storage.RaftStorageDirectory (RaftStorageDirectoryImpl.java:tryLock(228)) - Lock on /home/runner/work/ozone/ozone/hadoop-ozone/integration-test/target/test-dir/MiniOzoneClusterImpl-a0fc024b-a492-45a5-9697-b0d14f72cb5c/datanode-4/data/ratis/2f90e3ba-f3fd-48ab-9225-bdbad3ab70b4/in_use.lock acquired by nodename 30552@fv-az779-213
2024-02-22 20:33:40,765 [86ab988c-fa9c-425d-a1c6-9004ff7fd93d-groupManagement] INFO  storage.RaftStorageDirectory (RaftStorageDirectoryImpl.java:tryLock(228)) - Lock on /home/runner/work/ozone/ozone/hadoop-ozone/integration-test/target/test-dir/MiniOzoneClusterImpl-a0fc024b-a492-45a5-9697-b0d14f72cb5c/datanode-5/data/ratis/0077ebc2-8b09-4842-8a13-83d984655c73/in_use.lock acquired by nodename 30552@fv-az779-213
2024-02-22 20:33:40,766 [dc26353c-d48a-467d-89cd-3a7c4b626396-groupManagement] INFO  storage.RaftStorage (RaftStorageImpl.java:format(99)) - Storage directory /home/runner/work/ozone/ozone/hadoop-ozone/integration-test/target/test-dir/MiniOzoneClusterImpl-a0fc024b-a492-45a5-9697-b0d14f72cb5c/datanode-4/data/ratis/2f90e3ba-f3fd-48ab-9225-bdbad3ab70b4 has been successfully formatted.
2024-02-22 20:33:40,767 [dc26353c-d48a-467d-89cd-3a7c4b626396-groupManagement] WARN  util.FileUtils (LogUtils.java:supplyAndLog(63)) - Failed to Files.newInputStream /home/runner/work/ozone/ozone/hadoop-ozone/integration-test/target/test-dir/MiniOzoneClusterImpl-a0fc024b-a492-45a5-9697-b0d14f72cb5c/datanode-4/data/ratis/2f90e3ba-f3fd-48ab-9225-bdbad3ab70b4/current/raft-meta.conf with options []: java.nio.file.NoSuchFileException: /home/runner/work/ozone/ozone/hadoop-ozone/integration-test/target/test-dir/MiniOzoneClusterImpl-a0fc024b-a492-45a5-9697-b0d14f72cb5c/datanode-4/data/ratis/2f90e3ba-f3fd-48ab-9225-bdbad3ab70b4/current/raft-meta.conf
2024-02-22 20:33:40,769 [EventQueue-OpenPipelineForHealthyPipelineSafeModeRule] INFO  safemode.SCMSafeModeManager (HealthyPipelineSafeModeRule.java:process(140)) - SCM in safe mode. Healthy pipelines reported count is 0, required healthy pipeline reported count is 1
2024-02-22 20:33:40,769 [EventQueue-OpenPipelineForHealthyPipelineSafeModeRule] INFO  safemode.SCMSafeModeManager (HealthyPipelineSafeModeRule.java:process(140)) - SCM in safe mode. Healthy pipelines reported count is 0, required healthy pipeline reported count is 1
2024-02-22 20:33:40,769 [dc26353c-d48a-467d-89cd-3a7c4b626396-groupManagement] INFO  ratis.ContainerStateMachine (ContainerStateMachine.java:loadSnapshot(287)) - group-BDBAD3AB70B4: The snapshot info is null. Setting the last applied index to:(t:0, i:~)
2024-02-22 20:33:40,770 [dc26353c-d48a-467d-89cd-3a7c4b626396-groupManagement] INFO  server.RaftServerConfigKeys (ConfUtils.java:logGet(46)) - raft.server.log.use.memory = false (default)
2024-02-22 20:33:40,770 [dc26353c-d48a-467d-89cd-3a7c4b626396-groupManagement] INFO  server.RaftServerConfigKeys (ConfUtils.java:logGet(46)) - raft.server.log.purge.gap = 1000000 (custom)
2024-02-22 20:33:40,770 [dc26353c-d48a-467d-89cd-3a7c4b626396-groupManagement] INFO  server.RaftServerConfigKeys (ConfUtils.java:logGet(46)) - raft.server.log.appender.buffer.byte-limit = 8388608 (custom)
2024-02-22 20:33:40,771 [dc26353c-d48a-467d-89cd-3a7c4b626396-groupManagement] INFO  server.RaftServerConfigKeys (ConfUtils.java:logGet(46)) - raft.server.log.statemachine.data.read.timeout = 1000ms (default)
2024-02-22 20:33:40,771 [dc26353c-d48a-467d-89cd-3a7c4b626396-groupManagement] INFO  server.RaftServerConfigKeys (ConfUtils.java:logGet(46)) - raft.server.log.purge.preservation.log.num = 0 (default)
2024-02-22 20:33:40,772 [86ab988c-fa9c-425d-a1c6-9004ff7fd93d-groupManagement] INFO  storage.RaftStorage (RaftStorageImpl.java:format(99)) - Storage directory /home/runner/work/ozone/ozone/hadoop-ozone/integration-test/target/test-dir/MiniOzoneClusterImpl-a0fc024b-a492-45a5-9697-b0d14f72cb5c/datanode-5/data/ratis/0077ebc2-8b09-4842-8a13-83d984655c73 has been successfully formatted.
2024-02-22 20:33:40,773 [e780b093-7242-46d7-bd8f-0f810188c7b3-groupManagement] INFO  server.RaftServerConfigKeys (ConfUtils.java:logGet(46)) - raft.server.log.segment.cache.num.max = 2 (custom)
2024-02-22 20:33:40,773 [e46a6e51-795f-4801-a523-c45a6c7f2c34-groupManagement] INFO  server.RaftServerConfigKeys (ConfUtils.java:logGet(46)) - raft.server.log.segment.cache.num.max = 2 (custom)
2024-02-22 20:33:40,773 [e46a6e51-795f-4801-a523-c45a6c7f2c34-groupManagement] INFO  server.RaftServerConfigKeys (ConfUtils.java:logGet(46)) - raft.server.log.segment.cache.size.max = 200MB (=209715200) (default)
2024-02-22 20:33:40,773 [e46a6e51-795f-4801-a523-c45a6c7f2c34-groupManagement] INFO  server.RaftServerConfigKeys (ConfUtils.java:logGet(46)) - raft.server.log.appender.buffer.byte-limit = 8388608 (custom)
2024-02-22 20:33:40,773 [86ab988c-fa9c-425d-a1c6-9004ff7fd93d-groupManagement] WARN  util.FileUtils (LogUtils.java:supplyAndLog(63)) - Failed to Files.newInputStream /home/runner/work/ozone/ozone/hadoop-ozone/integration-test/target/test-dir/MiniOzoneClusterImpl-a0fc024b-a492-45a5-9697-b0d14f72cb5c/datanode-5/data/ratis/0077ebc2-8b09-4842-8a13-83d984655c73/current/raft-meta.conf with options []: java.nio.file.NoSuchFileException: /home/runner/work/ozone/ozone/hadoop-ozone/integration-test/target/test-dir/MiniOzoneClusterImpl-a0fc024b-a492-45a5-9697-b0d14f72cb5c/datanode-5/data/ratis/0077ebc2-8b09-4842-8a13-83d984655c73/current/raft-meta.conf
2024-02-22 20:33:40,773 [e780b093-7242-46d7-bd8f-0f810188c7b3-groupManagement] INFO  server.RaftServerConfigKeys (ConfUtils.java:logGet(46)) - raft.server.log.segment.cache.size.max = 200MB (=209715200) (default)
2024-02-22 20:33:40,774 [e780b093-7242-46d7-bd8f-0f810188c7b3-groupManagement] INFO  server.RaftServerConfigKeys (ConfUtils.java:logGet(46)) - raft.server.log.appender.buffer.byte-limit = 8388608 (custom)
2024-02-22 20:33:40,775 [78f89d9b-e409-4704-890b-bfcfbcdfd28a-groupManagement] INFO  server.RaftServerConfigKeys (ConfUtils.java:logGet(46)) - raft.server.rpc.request.timeout = 60s (custom)
2024-02-22 20:33:40,775 [78f89d9b-e409-4704-890b-bfcfbcdfd28a-groupManagement] INFO  server.RaftServerConfigKeys (ConfUtils.java:logGet(46)) - raft.server.log.appender.install.snapshot.enabled = false (custom)
2024-02-22 20:33:40,776 [78f89d9b-e409-4704-890b-bfcfbcdfd28a-groupManagement] INFO  server.RaftServerConfigKeys (ConfUtils.java:logGet(46)) - raft.server.threadpool.server.cached = true (default)
2024-02-22 20:33:40,776 [78f89d9b-e409-4704-890b-bfcfbcdfd28a-groupManagement] INFO  server.RaftServerConfigKeys (ConfUtils.java:logGet(46)) - raft.server.threadpool.server.size = 0 (default)
2024-02-22 20:33:40,776 [78f89d9b-e409-4704-890b-bfcfbcdfd28a-groupManagement] INFO  server.RaftServerConfigKeys (ConfUtils.java:logGet(46)) - raft.server.threadpool.client.cached = true (default)
2024-02-22 20:33:40,776 [78f89d9b-e409-4704-890b-bfcfbcdfd28a-groupManagement] INFO  server.RaftServerConfigKeys (ConfUtils.java:logGet(46)) - raft.server.threadpool.client.size = 0 (default)
2024-02-22 20:33:40,776 [78f89d9b-e409-4704-890b-bfcfbcdfd28a-groupManagement] INFO  server.RaftServerConfigKeys (ConfUtils.java:logGet(46)) - raft.server.storage.free-space.min = 0MB (=0) (default)
2024-02-22 20:33:40,776 [78f89d9b-e409-4704-890b-bfcfbcdfd28a-groupManagement] INFO  server.RaftServerConfigKeys (ConfUtils.java:logGet(46)) - raft.server.log.corruption.policy = EXCEPTION (default)
2024-02-22 20:33:40,776 [78f89d9b-e409-4704-890b-bfcfbcdfd28a-groupManagement] INFO  server.RaftServerConfigKeys (ConfUtils.java:logGet(46)) - raft.server.storage.dir = [/home/runner/work/ozone/ozone/hadoop-ozone/integration-test/target/test-dir/MiniOzoneClusterImpl-a0fc024b-a492-45a5-9697-b0d14f72cb5c/datanode-8/data/ratis] (custom)
2024-02-22 20:33:40,776 [78f89d9b-e409-4704-890b-bfcfbcdfd28a-groupManagement] INFO  storage.RaftStorageDirectory (RaftStorageDirectoryImpl.java:analyzeStorage(138)) - The storage directory /home/runner/work/ozone/ozone/hadoop-ozone/integration-test/target/test-dir/MiniOzoneClusterImpl-a0fc024b-a492-45a5-9697-b0d14f72cb5c/datanode-8/data/ratis/d49f5e63-9859-43c9-95b6-b58ed9299b6f does not exist. Creating ...
2024-02-22 20:33:40,778 [13f92446-3b18-4d81-bc66-0f9b00220e72-groupManagement] INFO  server.RaftServerConfigKeys (ConfUtils.java:logGet(46)) - raft.server.rpc.request.timeout = 60s (custom)
2024-02-22 20:33:40,778 [13f92446-3b18-4d81-bc66-0f9b00220e72-groupManagement] INFO  server.RaftServerConfigKeys (ConfUtils.java:logGet(46)) - raft.server.log.appender.install.snapshot.enabled = false (custom)
2024-02-22 20:33:40,778 [13f92446-3b18-4d81-bc66-0f9b00220e72-groupManagement] INFO  server.RaftServerConfigKeys (ConfUtils.java:logGet(46)) - raft.server.threadpool.server.cached = true (default)
2024-02-22 20:33:40,778 [13f92446-3b18-4d81-bc66-0f9b00220e72-groupManagement] INFO  server.RaftServerConfigKeys (ConfUtils.java:logGet(46)) - raft.server.threadpool.server.size = 0 (default)
2024-02-22 20:33:40,778 [13f92446-3b18-4d81-bc66-0f9b00220e72-groupManagement] INFO  server.RaftServerConfigKeys (ConfUtils.java:logGet(46)) - raft.server.threadpool.client.cached = true (default)
2024-02-22 20:33:40,780 [13f92446-3b18-4d81-bc66-0f9b00220e72-groupManagement] INFO  server.RaftServerConfigKeys (ConfUtils.java:logGet(46)) - raft.server.threadpool.client.size = 0 (default)
2024-02-22 20:33:40,780 [e46a6e51-795f-4801-a523-c45a6c7f2c34-groupManagement] INFO  util.AwaitToRun (AwaitToRun.java:start(81)) - Thread[e46a6e51-795f-4801-a523-c45a6c7f2c34@group-83D984655C73-cacheEviction-AwaitToRun,5,main] started
2024-02-22 20:33:40,780 [13f92446-3b18-4d81-bc66-0f9b00220e72-groupManagement] INFO  server.RaftServerConfigKeys (ConfUtils.java:logGet(46)) - raft.server.storage.free-space.min = 0MB (=0) (default)
2024-02-22 20:33:40,780 [13f92446-3b18-4d81-bc66-0f9b00220e72-groupManagement] INFO  server.RaftServerConfigKeys (ConfUtils.java:logGet(46)) - raft.server.log.corruption.policy = EXCEPTION (default)
2024-02-22 20:33:40,780 [e46a6e51-795f-4801-a523-c45a6c7f2c34-groupManagement] INFO  segmented.SegmentedRaftLogWorker (SegmentedRaftLogWorker.java:<init>(182)) - new e46a6e51-795f-4801-a523-c45a6c7f2c34@group-83D984655C73-SegmentedRaftLogWorker for RaftStorageImpl:Storage Directory /home/runner/work/ozone/ozone/hadoop-ozone/integration-test/target/test-dir/MiniOzoneClusterImpl-a0fc024b-a492-45a5-9697-b0d14f72cb5c/datanode-0/data/ratis/0077ebc2-8b09-4842-8a13-83d984655c73
2024-02-22 20:33:40,781 [e46a6e51-795f-4801-a523-c45a6c7f2c34-groupManagement] INFO  server.RaftServerConfigKeys (ConfUtils.java:logGet(46)) - raft.server.log.queue.byte-limit = 4294967296 (custom)
2024-02-22 20:33:40,781 [e46a6e51-795f-4801-a523-c45a6c7f2c34-groupManagement] INFO  server.RaftServerConfigKeys (ConfUtils.java:logGet(46)) - raft.server.log.queue.element-limit = 1024 (custom)
2024-02-22 20:33:40,781 [e46a6e51-795f-4801-a523-c45a6c7f2c34-groupManagement] INFO  server.RaftServerConfigKeys (ConfUtils.java:logGet(46)) - raft.server.log.segment.size.max = 67108864 (custom)
2024-02-22 20:33:40,781 [e46a6e51-795f-4801-a523-c45a6c7f2c34-groupManagement] INFO  server.RaftServerConfigKeys (ConfUtils.java:logGet(46)) - raft.server.log.preallocated.size = 4194304 (custom)
2024-02-22 20:33:40,781 [e46a6e51-795f-4801-a523-c45a6c7f2c34-groupManagement] INFO  server.RaftServerConfigKeys (ConfUtils.java:logGet(46)) - raft.server.log.force.sync.num = 128 (default)
2024-02-22 20:33:40,781 [e46a6e51-795f-4801-a523-c45a6c7f2c34-groupManagement] INFO  server.RaftServerConfigKeys (ConfUtils.java:logGet(46)) - raft.server.log.statemachine.data.sync = true (default)
2024-02-22 20:33:40,781 [e46a6e51-795f-4801-a523-c45a6c7f2c34-groupManagement] INFO  server.RaftServerConfigKeys (ConfUtils.java:logGet(46)) - raft.server.log.statemachine.data.sync.timeout = 10s (default)
2024-02-22 20:33:40,782 [e46a6e51-795f-4801-a523-c45a6c7f2c34-groupManagement] INFO  server.RaftServerConfigKeys (ConfUtils.java:logGet(46)) - raft.server.log.statemachine.data.sync.timeout.retry = 0 (custom)
2024-02-22 20:33:40,780 [78f89d9b-e409-4704-890b-bfcfbcdfd28a-groupManagement] INFO  storage.RaftStorageDirectory (RaftStorageDirectoryImpl.java:tryLock(228)) - Lock on /home/runner/work/ozone/ozone/hadoop-ozone/integration-test/target/test-dir/MiniOzoneClusterImpl-a0fc024b-a492-45a5-9697-b0d14f72cb5c/datanode-8/data/ratis/d49f5e63-9859-43c9-95b6-b58ed9299b6f/in_use.lock acquired by nodename 30552@fv-az779-213
2024-02-22 20:33:40,780 [13f92446-3b18-4d81-bc66-0f9b00220e72-groupManagement] INFO  server.RaftServerConfigKeys (ConfUtils.java:logGet(46)) - raft.server.storage.dir = [/home/runner/work/ozone/ozone/hadoop-ozone/integration-test/target/test-dir/MiniOzoneClusterImpl-a0fc024b-a492-45a5-9697-b0d14f72cb5c/datanode-7/data/ratis] (custom)
2024-02-22 20:33:40,783 [13f92446-3b18-4d81-bc66-0f9b00220e72-groupManagement] INFO  storage.RaftStorageDirectory (RaftStorageDirectoryImpl.java:analyzeStorage(138)) - The storage directory /home/runner/work/ozone/ozone/hadoop-ozone/integration-test/target/test-dir/MiniOzoneClusterImpl-a0fc024b-a492-45a5-9697-b0d14f72cb5c/datanode-7/data/ratis/d49f5e63-9859-43c9-95b6-b58ed9299b6f does not exist. Creating ...
2024-02-22 20:33:40,784 [78f89d9b-e409-4704-890b-bfcfbcdfd28a-groupManagement] INFO  storage.RaftStorage (RaftStorageImpl.java:format(99)) - Storage directory /home/runner/work/ozone/ozone/hadoop-ozone/integration-test/target/test-dir/MiniOzoneClusterImpl-a0fc024b-a492-45a5-9697-b0d14f72cb5c/datanode-8/data/ratis/d49f5e63-9859-43c9-95b6-b58ed9299b6f has been successfully formatted.
2024-02-22 20:33:40,784 [78f89d9b-e409-4704-890b-bfcfbcdfd28a-groupManagement] WARN  util.FileUtils (LogUtils.java:supplyAndLog(63)) - Failed to Files.newInputStream /home/runner/work/ozone/ozone/hadoop-ozone/integration-test/target/test-dir/MiniOzoneClusterImpl-a0fc024b-a492-45a5-9697-b0d14f72cb5c/datanode-8/data/ratis/d49f5e63-9859-43c9-95b6-b58ed9299b6f/current/raft-meta.conf with options []: java.nio.file.NoSuchFileException: /home/runner/work/ozone/ozone/hadoop-ozone/integration-test/target/test-dir/MiniOzoneClusterImpl-a0fc024b-a492-45a5-9697-b0d14f72cb5c/datanode-8/data/ratis/d49f5e63-9859-43c9-95b6-b58ed9299b6f/current/raft-meta.conf
2024-02-22 20:33:40,784 [13f92446-3b18-4d81-bc66-0f9b00220e72-groupManagement] INFO  storage.RaftStorageDirectory (RaftStorageDirectoryImpl.java:tryLock(228)) - Lock on /home/runner/work/ozone/ozone/hadoop-ozone/integration-test/target/test-dir/MiniOzoneClusterImpl-a0fc024b-a492-45a5-9697-b0d14f72cb5c/datanode-7/data/ratis/d49f5e63-9859-43c9-95b6-b58ed9299b6f/in_use.lock acquired by nodename 30552@fv-az779-213
2024-02-22 20:33:40,785 [4e8f68d6-fd98-4f77-87e3-715939181693-groupManagement] INFO  server.RaftServerConfigKeys (ConfUtils.java:logGet(46)) - raft.server.rpc.request.timeout = 60s (custom)
2024-02-22 20:33:40,786 [4e8f68d6-fd98-4f77-87e3-715939181693-groupManagement] INFO  server.RaftServerConfigKeys (ConfUtils.java:logGet(46)) - raft.server.log.appender.install.snapshot.enabled = false (custom)
2024-02-22 20:33:40,786 [13f92446-3b18-4d81-bc66-0f9b00220e72-groupManagement] INFO  storage.RaftStorage (RaftStorageImpl.java:format(99)) - Storage directory /home/runner/work/ozone/ozone/hadoop-ozone/integration-test/target/test-dir/MiniOzoneClusterImpl-a0fc024b-a492-45a5-9697-b0d14f72cb5c/datanode-7/data/ratis/d49f5e63-9859-43c9-95b6-b58ed9299b6f has been successfully formatted.
2024-02-22 20:33:40,786 [13f92446-3b18-4d81-bc66-0f9b00220e72-groupManagement] WARN  util.FileUtils (LogUtils.java:supplyAndLog(63)) - Failed to Files.newInputStream /home/runner/work/ozone/ozone/hadoop-ozone/integration-test/target/test-dir/MiniOzoneClusterImpl-a0fc024b-a492-45a5-9697-b0d14f72cb5c/datanode-7/data/ratis/d49f5e63-9859-43c9-95b6-b58ed9299b6f/current/raft-meta.conf with options []: java.nio.file.NoSuchFileException: /home/runner/work/ozone/ozone/hadoop-ozone/integration-test/target/test-dir/MiniOzoneClusterImpl-a0fc024b-a492-45a5-9697-b0d14f72cb5c/datanode-7/data/ratis/d49f5e63-9859-43c9-95b6-b58ed9299b6f/current/raft-meta.conf
2024-02-22 20:33:40,787 [4e8f68d6-fd98-4f77-87e3-715939181693-groupManagement] INFO  server.RaftServerConfigKeys (ConfUtils.java:logGet(46)) - raft.server.threadpool.server.cached = true (default)
2024-02-22 20:33:40,787 [4e8f68d6-fd98-4f77-87e3-715939181693-groupManagement] INFO  server.RaftServerConfigKeys (ConfUtils.java:logGet(46)) - raft.server.threadpool.server.size = 0 (default)
2024-02-22 20:33:40,787 [4e8f68d6-fd98-4f77-87e3-715939181693-groupManagement] INFO  server.RaftServerConfigKeys (ConfUtils.java:logGet(46)) - raft.server.threadpool.client.cached = true (default)
2024-02-22 20:33:40,787 [4e8f68d6-fd98-4f77-87e3-715939181693-groupManagement] INFO  server.RaftServerConfigKeys (ConfUtils.java:logGet(46)) - raft.server.threadpool.client.size = 0 (default)
2024-02-22 20:33:40,791 [4e8f68d6-fd98-4f77-87e3-715939181693-groupManagement] INFO  server.RaftServerConfigKeys (ConfUtils.java:logGet(46)) - raft.server.storage.free-space.min = 0MB (=0) (default)
2024-02-22 20:33:40,792 [4e8f68d6-fd98-4f77-87e3-715939181693-groupManagement] INFO  server.RaftServerConfigKeys (ConfUtils.java:logGet(46)) - raft.server.log.corruption.policy = EXCEPTION (default)
2024-02-22 20:33:40,792 [4e8f68d6-fd98-4f77-87e3-715939181693-groupManagement] INFO  server.RaftServerConfigKeys (ConfUtils.java:logGet(46)) - raft.server.storage.dir = [/home/runner/work/ozone/ozone/hadoop-ozone/integration-test/target/test-dir/MiniOzoneClusterImpl-a0fc024b-a492-45a5-9697-b0d14f72cb5c/datanode-3/data/ratis] (custom)
2024-02-22 20:33:40,792 [4e8f68d6-fd98-4f77-87e3-715939181693-groupManagement] INFO  storage.RaftStorageDirectory (RaftStorageDirectoryImpl.java:analyzeStorage(138)) - The storage directory /home/runner/work/ozone/ozone/hadoop-ozone/integration-test/target/test-dir/MiniOzoneClusterImpl-a0fc024b-a492-45a5-9697-b0d14f72cb5c/datanode-3/data/ratis/aaf85d63-021e-4fec-a035-9eb4d3397e8e does not exist. Creating ...
2024-02-22 20:33:40,791 [86ab988c-fa9c-425d-a1c6-9004ff7fd93d-groupManagement] INFO  ratis.ContainerStateMachine (ContainerStateMachine.java:loadSnapshot(287)) - group-83D984655C73: The snapshot info is null. Setting the last applied index to:(t:0, i:~)
2024-02-22 20:33:40,790 [grpc-default-executor-3] INFO  server.RaftServer (RaftServerProxy.java:addNew(100)) - e780b093-7242-46d7-bd8f-0f810188c7b3: addNew group-A538022C1006:[923be64f-71f4-4891-b05d-82ff5a9df5b5|10.1.0.33:15023, e46a6e51-795f-4801-a523-c45a6c7f2c34|10.1.0.33:15014, e780b093-7242-46d7-bd8f-0f810188c7b3|10.1.0.33:15095] returns group-A538022C1006:java.util.concurrent.CompletableFuture@69033f9a[Not completed]
2024-02-22 20:33:40,792 [EventQueue-OpenPipelineForHealthyPipelineSafeModeRule] INFO  safemode.SCMSafeModeManager (HealthyPipelineSafeModeRule.java:process(140)) - SCM in safe mode. Healthy pipelines reported count is 0, required healthy pipeline reported count is 1
2024-02-22 20:33:40,792 [86ab988c-fa9c-425d-a1c6-9004ff7fd93d-groupManagement] INFO  server.RaftServerConfigKeys (ConfUtils.java:logGet(46)) - raft.server.log.use.memory = false (default)
2024-02-22 20:33:40,793 [86ab988c-fa9c-425d-a1c6-9004ff7fd93d-groupManagement] INFO  server.RaftServerConfigKeys (ConfUtils.java:logGet(46)) - raft.server.log.purge.gap = 1000000 (custom)
2024-02-22 20:33:40,793 [86ab988c-fa9c-425d-a1c6-9004ff7fd93d-groupManagement] INFO  server.RaftServerConfigKeys (ConfUtils.java:logGet(46)) - raft.server.log.appender.buffer.byte-limit = 8388608 (custom)
2024-02-22 20:33:40,793 [86ab988c-fa9c-425d-a1c6-9004ff7fd93d-groupManagement] INFO  server.RaftServerConfigKeys (ConfUtils.java:logGet(46)) - raft.server.log.statemachine.data.read.timeout = 1000ms (default)
2024-02-22 20:33:40,793 [86ab988c-fa9c-425d-a1c6-9004ff7fd93d-groupManagement] INFO  server.RaftServerConfigKeys (ConfUtils.java:logGet(46)) - raft.server.log.purge.preservation.log.num = 0 (default)
2024-02-22 20:33:40,793 [4e8f68d6-fd98-4f77-87e3-715939181693-groupManagement] INFO  storage.RaftStorageDirectory (RaftStorageDirectoryImpl.java:tryLock(228)) - Lock on /home/runner/work/ozone/ozone/hadoop-ozone/integration-test/target/test-dir/MiniOzoneClusterImpl-a0fc024b-a492-45a5-9697-b0d14f72cb5c/datanode-3/data/ratis/aaf85d63-021e-4fec-a035-9eb4d3397e8e/in_use.lock acquired by nodename 30552@fv-az779-213
2024-02-22 20:33:40,788 [e780b093-7242-46d7-bd8f-0f810188c7b3-groupManagement] INFO  util.AwaitToRun (AwaitToRun.java:start(81)) - Thread[e780b093-7242-46d7-bd8f-0f810188c7b3@group-383C4AAD3A78-cacheEviction-AwaitToRun,5,main] started
2024-02-22 20:33:40,794 [e780b093-7242-46d7-bd8f-0f810188c7b3-groupManagement] INFO  segmented.SegmentedRaftLogWorker (SegmentedRaftLogWorker.java:<init>(182)) - new e780b093-7242-46d7-bd8f-0f810188c7b3@group-383C4AAD3A78-SegmentedRaftLogWorker for RaftStorageImpl:Storage Directory /home/runner/work/ozone/ozone/hadoop-ozone/integration-test/target/test-dir/MiniOzoneClusterImpl-a0fc024b-a492-45a5-9697-b0d14f72cb5c/datanode-9/data/ratis/bcc14677-48a1-4052-9632-383c4aad3a78
2024-02-22 20:33:40,794 [e780b093-7242-46d7-bd8f-0f810188c7b3-groupManagement] INFO  server.RaftServerConfigKeys (ConfUtils.java:logGet(46)) - raft.server.log.queue.byte-limit = 4294967296 (custom)
2024-02-22 20:33:40,795 [e780b093-7242-46d7-bd8f-0f810188c7b3-groupManagement] INFO  server.RaftServerConfigKeys (ConfUtils.java:logGet(46)) - raft.server.log.queue.element-limit = 1024 (custom)
2024-02-22 20:33:40,795 [e780b093-7242-46d7-bd8f-0f810188c7b3-groupManagement] INFO  server.RaftServerConfigKeys (ConfUtils.java:logGet(46)) - raft.server.log.segment.size.max = 67108864 (custom)
2024-02-22 20:33:40,795 [e780b093-7242-46d7-bd8f-0f810188c7b3-groupManagement] INFO  server.RaftServerConfigKeys (ConfUtils.java:logGet(46)) - raft.server.log.preallocated.size = 4194304 (custom)
2024-02-22 20:33:40,795 [e780b093-7242-46d7-bd8f-0f810188c7b3-groupManagement] INFO  server.RaftServerConfigKeys (ConfUtils.java:logGet(46)) - raft.server.log.force.sync.num = 128 (default)
2024-02-22 20:33:40,795 [e780b093-7242-46d7-bd8f-0f810188c7b3-groupManagement] INFO  server.RaftServerConfigKeys (ConfUtils.java:logGet(46)) - raft.server.log.statemachine.data.sync = true (default)
2024-02-22 20:33:40,795 [e780b093-7242-46d7-bd8f-0f810188c7b3-groupManagement] INFO  server.RaftServerConfigKeys (ConfUtils.java:logGet(46)) - raft.server.log.statemachine.data.sync.timeout = 10s (default)
2024-02-22 20:33:40,796 [e780b093-7242-46d7-bd8f-0f810188c7b3-groupManagement] INFO  server.RaftServerConfigKeys (ConfUtils.java:logGet(46)) - raft.server.log.statemachine.data.sync.timeout.retry = 0 (custom)
2024-02-22 20:33:40,793 [78f89d9b-e409-4704-890b-bfcfbcdfd28a-groupManagement] INFO  ratis.ContainerStateMachine (ContainerStateMachine.java:loadSnapshot(287)) - group-B58ED9299B6F: The snapshot info is null. Setting the last applied index to:(t:0, i:~)
2024-02-22 20:33:40,793 [13f92446-3b18-4d81-bc66-0f9b00220e72-groupManagement] INFO  ratis.ContainerStateMachine (ContainerStateMachine.java:loadSnapshot(287)) - group-B58ED9299B6F: The snapshot info is null. Setting the last applied index to:(t:0, i:~)
2024-02-22 20:33:40,796 [13f92446-3b18-4d81-bc66-0f9b00220e72-groupManagement] INFO  server.RaftServerConfigKeys (ConfUtils.java:logGet(46)) - raft.server.log.use.memory = false (default)
2024-02-22 20:33:40,796 [78f89d9b-e409-4704-890b-bfcfbcdfd28a-groupManagement] INFO  server.RaftServerConfigKeys (ConfUtils.java:logGet(46)) - raft.server.log.use.memory = false (default)
2024-02-22 20:33:40,796 [78f89d9b-e409-4704-890b-bfcfbcdfd28a-groupManagement] INFO  server.RaftServerConfigKeys (ConfUtils.java:logGet(46)) - raft.server.log.purge.gap = 1000000 (custom)
2024-02-22 20:33:40,797 [78f89d9b-e409-4704-890b-bfcfbcdfd28a-groupManagement] INFO  server.RaftServerConfigKeys (ConfUtils.java:logGet(46)) - raft.server.log.appender.buffer.byte-limit = 8388608 (custom)
2024-02-22 20:33:40,797 [78f89d9b-e409-4704-890b-bfcfbcdfd28a-groupManagement] INFO  server.RaftServerConfigKeys (ConfUtils.java:logGet(46)) - raft.server.log.statemachine.data.read.timeout = 1000ms (default)
2024-02-22 20:33:40,798 [78f89d9b-e409-4704-890b-bfcfbcdfd28a-groupManagement] INFO  server.RaftServerConfigKeys (ConfUtils.java:logGet(46)) - raft.server.log.purge.preservation.log.num = 0 (default)
2024-02-22 20:33:40,795 [4e8f68d6-fd98-4f77-87e3-715939181693-groupManagement] INFO  storage.RaftStorage (RaftStorageImpl.java:format(99)) - Storage directory /home/runner/work/ozone/ozone/hadoop-ozone/integration-test/target/test-dir/MiniOzoneClusterImpl-a0fc024b-a492-45a5-9697-b0d14f72cb5c/datanode-3/data/ratis/aaf85d63-021e-4fec-a035-9eb4d3397e8e has been successfully formatted.
2024-02-22 20:33:40,794 [EventQueue-OpenPipelineForHealthyPipelineSafeModeRule] INFO  safemode.SCMSafeModeManager (HealthyPipelineSafeModeRule.java:process(140)) - SCM in safe mode. Healthy pipelines reported count is 0, required healthy pipeline reported count is 1
2024-02-22 20:33:40,797 [e46a6e51-795f-4801-a523-c45a6c7f2c34-groupManagement] INFO  server.RaftServerConfigKeys (ConfUtils.java:logGet(46)) - raft.server.log.write.buffer.size = 8388616 (custom)
2024-02-22 20:33:40,798 [4e8f68d6-fd98-4f77-87e3-715939181693-groupManagement] WARN  util.FileUtils (LogUtils.java:supplyAndLog(63)) - Failed to Files.newInputStream /home/runner/work/ozone/ozone/hadoop-ozone/integration-test/target/test-dir/MiniOzoneClusterImpl-a0fc024b-a492-45a5-9697-b0d14f72cb5c/datanode-3/data/ratis/aaf85d63-021e-4fec-a035-9eb4d3397e8e/current/raft-meta.conf with options []: java.nio.file.NoSuchFileException: /home/runner/work/ozone/ozone/hadoop-ozone/integration-test/target/test-dir/MiniOzoneClusterImpl-a0fc024b-a492-45a5-9697-b0d14f72cb5c/datanode-3/data/ratis/aaf85d63-021e-4fec-a035-9eb4d3397e8e/current/raft-meta.conf
2024-02-22 20:33:40,799 [4e8f68d6-fd98-4f77-87e3-715939181693-groupManagement] INFO  ratis.ContainerStateMachine (ContainerStateMachine.java:loadSnapshot(287)) - group-9EB4D3397E8E: The snapshot info is null. Setting the last applied index to:(t:0, i:~)
2024-02-22 20:33:40,799 [4e8f68d6-fd98-4f77-87e3-715939181693-groupManagement] INFO  server.RaftServerConfigKeys (ConfUtils.java:logGet(46)) - raft.server.log.use.memory = false (default)
2024-02-22 20:33:40,799 [4e8f68d6-fd98-4f77-87e3-715939181693-groupManagement] INFO  server.RaftServerConfigKeys (ConfUtils.java:logGet(46)) - raft.server.log.purge.gap = 1000000 (custom)
2024-02-22 20:33:40,800 [4e8f68d6-fd98-4f77-87e3-715939181693-groupManagement] INFO  server.RaftServerConfigKeys (ConfUtils.java:logGet(46)) - raft.server.log.appender.buffer.byte-limit = 8388608 (custom)
2024-02-22 20:33:40,801 [4e8f68d6-fd98-4f77-87e3-715939181693-groupManagement] INFO  server.RaftServerConfigKeys (ConfUtils.java:logGet(46)) - raft.server.log.statemachine.data.read.timeout = 1000ms (default)
2024-02-22 20:33:40,801 [4e8f68d6-fd98-4f77-87e3-715939181693-groupManagement] INFO  server.RaftServerConfigKeys (ConfUtils.java:logGet(46)) - raft.server.log.purge.preservation.log.num = 0 (default)
2024-02-22 20:33:40,796 [13f92446-3b18-4d81-bc66-0f9b00220e72-groupManagement] INFO  server.RaftServerConfigKeys (ConfUtils.java:logGet(46)) - raft.server.log.purge.gap = 1000000 (custom)
2024-02-22 20:33:40,802 [13f92446-3b18-4d81-bc66-0f9b00220e72-groupManagement] INFO  server.RaftServerConfigKeys (ConfUtils.java:logGet(46)) - raft.server.log.appender.buffer.byte-limit = 8388608 (custom)
2024-02-22 20:33:40,802 [13f92446-3b18-4d81-bc66-0f9b00220e72-groupManagement] INFO  server.RaftServerConfigKeys (ConfUtils.java:logGet(46)) - raft.server.log.statemachine.data.read.timeout = 1000ms (default)
2024-02-22 20:33:40,802 [13f92446-3b18-4d81-bc66-0f9b00220e72-groupManagement] INFO  server.RaftServerConfigKeys (ConfUtils.java:logGet(46)) - raft.server.log.purge.preservation.log.num = 0 (default)
2024-02-22 20:33:40,802 [EventQueue-PipelineReportForPipelineReportHandler] INFO  pipeline.PipelineReportHandler (PipelineReportHandler.java:processPipelineReport(136)) - Opened pipeline PipelineID=aaf85d63-021e-4fec-a035-9eb4d3397e8e
2024-02-22 20:33:40,800 [e46a6e51-795f-4801-a523-c45a6c7f2c34-groupManagement] INFO  server.RaftServerConfigKeys (ConfUtils.java:logGet(46)) - raft.server.log.appender.buffer.byte-limit = 8388608 (custom)
2024-02-22 20:33:40,798 [EventQueue-OpenPipelineForHealthyPipelineSafeModeRule] INFO  safemode.SCMSafeModeManager (HealthyPipelineSafeModeRule.java:process(140)) - SCM in safe mode. Healthy pipelines reported count is 0, required healthy pipeline reported count is 1
2024-02-22 20:33:40,802 [EventQueue-OpenPipelineForHealthyPipelineSafeModeRule] INFO  safemode.SCMSafeModeManager (HealthyPipelineSafeModeRule.java:process(140)) - SCM in safe mode. Healthy pipelines reported count is 0, required healthy pipeline reported count is 1
2024-02-22 20:33:40,802 [EventQueue-OpenPipelineForHealthyPipelineSafeModeRule] INFO  safemode.SCMSafeModeManager (HealthyPipelineSafeModeRule.java:process(140)) - SCM in safe mode. Healthy pipelines reported count is 0, required healthy pipeline reported count is 1
2024-02-22 20:33:40,802 [e46a6e51-795f-4801-a523-c45a6c7f2c34-groupManagement] INFO  server.RaftServerConfigKeys (ConfUtils.java:logGet(46)) - raft.server.log.unsafe-flush.enabled = false (default)
2024-02-22 20:33:40,803 [e46a6e51-795f-4801-a523-c45a6c7f2c34-groupManagement] INFO  server.RaftServerConfigKeys (ConfUtils.java:logGet(46)) - raft.server.log.async-flush.enabled = false (default)
2024-02-22 20:33:40,803 [e46a6e51-795f-4801-a523-c45a6c7f2c34-groupManagement] INFO  server.RaftServerConfigKeys (ConfUtils.java:logGet(46)) - raft.server.log.statemachine.data.caching.enabled = true (custom)
2024-02-22 20:33:40,803 [e46a6e51-795f-4801-a523-c45a6c7f2c34-groupManagement] INFO  segmented.SegmentedRaftLogWorker (SegmentedRaftLogWorker.java:lambda$new$0(134)) - e46a6e51-795f-4801-a523-c45a6c7f2c34@group-83D984655C73-SegmentedRaftLogWorker: flushIndex: setUnconditionally 0 -> -1
2024-02-22 20:33:40,803 [e46a6e51-795f-4801-a523-c45a6c7f2c34-groupManagement] INFO  segmented.SegmentedRaftLogWorker (SegmentedRaftLogWorker.java:lambda$new$0(134)) - e46a6e51-795f-4801-a523-c45a6c7f2c34@group-83D984655C73-SegmentedRaftLogWorker: safeCacheEvictIndex: setUnconditionally 0 -> -1
2024-02-22 20:33:40,805 [e46a6e51-795f-4801-a523-c45a6c7f2c34-groupManagement] INFO  server.RaftServer$Division (RaftServerImpl.java:start(396)) - e46a6e51-795f-4801-a523-c45a6c7f2c34@group-83D984655C73: start as a follower, conf=-1: peers:[86ab988c-fa9c-425d-a1c6-9004ff7fd93d|10.1.0.33:15059, e46a6e51-795f-4801-a523-c45a6c7f2c34|10.1.0.33:15014, e780b093-7242-46d7-bd8f-0f810188c7b3|10.1.0.33:15095]|listeners:[], old=null
2024-02-22 20:33:40,805 [e46a6e51-795f-4801-a523-c45a6c7f2c34-groupManagement] INFO  server.RaftServer$Division (RaftServerImpl.java:setRole(383)) - e46a6e51-795f-4801-a523-c45a6c7f2c34@group-83D984655C73: changes role from      null to FOLLOWER at term 0 for startAsFollower
2024-02-22 20:33:40,805 [e46a6e51-795f-4801-a523-c45a6c7f2c34-groupManagement] INFO  impl.RoleInfo (RoleInfo.java:updateAndGet(139)) - e46a6e51-795f-4801-a523-c45a6c7f2c34: start e46a6e51-795f-4801-a523-c45a6c7f2c34@group-83D984655C73-FollowerState
2024-02-22 20:33:40,806 [e46a6e51-795f-4801-a523-c45a6c7f2c34-groupManagement] INFO  util.JmxRegister (JmxRegister.java:tryRegister(44)) - Successfully registered JMX Bean with object name Ratis:service=RaftServer,group=group-83D984655C73,id=e46a6e51-795f-4801-a523-c45a6c7f2c34
2024-02-22 20:33:40,806 [e46a6e51-795f-4801-a523-c45a6c7f2c34-groupManagement] INFO  server.RaftServerConfigKeys (ConfUtils.java:logGet(46)) - raft.server.snapshot.trigger-when-stop.enabled = true (default)
2024-02-22 20:33:40,806 [e46a6e51-795f-4801-a523-c45a6c7f2c34-groupManagement] INFO  server.RaftServerConfigKeys (ConfUtils.java:logGet(46)) - raft.server.snapshot.auto.trigger.enabled = true (custom)
2024-02-22 20:33:40,806 [e46a6e51-795f-4801-a523-c45a6c7f2c34-groupManagement] INFO  server.RaftServerConfigKeys (ConfUtils.java:logGet(46)) - raft.server.snapshot.auto.trigger.threshold = 10000 (custom)
2024-02-22 20:33:40,806 [e46a6e51-795f-4801-a523-c45a6c7f2c34-groupManagement] INFO  server.RaftServerConfigKeys (ConfUtils.java:logGet(46)) - raft.server.snapshot.retention.file.num = 5 (custom)
2024-02-22 20:33:40,806 [e46a6e51-795f-4801-a523-c45a6c7f2c34-groupManagement] INFO  server.RaftServerConfigKeys (ConfUtils.java:logGet(46)) - raft.server.log.purge.upto.snapshot.index = false (default)
2024-02-22 20:33:40,806 [e46a6e51-795f-4801-a523-c45a6c7f2c34@group-83D984655C73-FollowerState] INFO  server.RaftServerConfigKeys (ConfUtils.java:logFallback(53)) - raft.server.rpc.first-election.timeout.min = 5s (fallback to raft.server.rpc.timeout.min)
2024-02-22 20:33:40,807 [e46a6e51-795f-4801-a523-c45a6c7f2c34@group-83D984655C73-FollowerState] INFO  server.RaftServerConfigKeys (ConfUtils.java:logFallback(53)) - raft.server.rpc.first-election.timeout.max = 5200ms (fallback to raft.server.rpc.timeout.max)
2024-02-22 20:33:40,807 [e780b093-7242-46d7-bd8f-0f810188c7b3-groupManagement] INFO  server.RaftServerConfigKeys (ConfUtils.java:logGet(46)) - raft.server.log.write.buffer.size = 8388616 (custom)
2024-02-22 20:33:40,810 [e780b093-7242-46d7-bd8f-0f810188c7b3-groupManagement] INFO  server.RaftServerConfigKeys (ConfUtils.java:logGet(46)) - raft.server.log.appender.buffer.byte-limit = 8388608 (custom)
2024-02-22 20:33:40,811 [e46a6e51-795f-4801-a523-c45a6c7f2c34-PipelineCommandHandlerThread-0] INFO  ratis.XceiverServerRatis (XceiverServerRatis.java:addGroup(864)) - Created group PipelineID=0077ebc2-8b09-4842-8a13-83d984655c73
2024-02-22 20:33:40,814 [e780b093-7242-46d7-bd8f-0f810188c7b3-groupManagement] INFO  server.RaftServerConfigKeys (ConfUtils.java:logGet(46)) - raft.server.log.unsafe-flush.enabled = false (default)
2024-02-22 20:33:40,814 [e780b093-7242-46d7-bd8f-0f810188c7b3-groupManagement] INFO  server.RaftServerConfigKeys (ConfUtils.java:logGet(46)) - raft.server.log.async-flush.enabled = false (default)
2024-02-22 20:33:40,815 [e780b093-7242-46d7-bd8f-0f810188c7b3-groupManagement] INFO  server.RaftServerConfigKeys (ConfUtils.java:logGet(46)) - raft.server.log.statemachine.data.caching.enabled = true (custom)
2024-02-22 20:33:40,815 [e780b093-7242-46d7-bd8f-0f810188c7b3-groupManagement] INFO  segmented.SegmentedRaftLogWorker (SegmentedRaftLogWorker.java:lambda$new$0(134)) - e780b093-7242-46d7-bd8f-0f810188c7b3@group-383C4AAD3A78-SegmentedRaftLogWorker: flushIndex: setUnconditionally 0 -> -1
2024-02-22 20:33:40,815 [e780b093-7242-46d7-bd8f-0f810188c7b3-groupManagement] INFO  segmented.SegmentedRaftLogWorker (SegmentedRaftLogWorker.java:lambda$new$0(134)) - e780b093-7242-46d7-bd8f-0f810188c7b3@group-383C4AAD3A78-SegmentedRaftLogWorker: safeCacheEvictIndex: setUnconditionally 0 -> -1
2024-02-22 20:33:40,822 [e780b093-7242-46d7-bd8f-0f810188c7b3-groupManagement] INFO  server.RaftServer$Division (RaftServerImpl.java:start(396)) - e780b093-7242-46d7-bd8f-0f810188c7b3@group-383C4AAD3A78: start as a follower, conf=-1: peers:[e780b093-7242-46d7-bd8f-0f810188c7b3|10.1.0.33:15095]|listeners:[], old=null
2024-02-22 20:33:40,822 [e780b093-7242-46d7-bd8f-0f810188c7b3-groupManagement] INFO  server.RaftServer$Division (RaftServerImpl.java:setRole(383)) - e780b093-7242-46d7-bd8f-0f810188c7b3@group-383C4AAD3A78: changes role from      null to FOLLOWER at term 0 for startAsFollower
2024-02-22 20:33:40,822 [e780b093-7242-46d7-bd8f-0f810188c7b3-groupManagement] INFO  impl.RoleInfo (RoleInfo.java:updateAndGet(139)) - e780b093-7242-46d7-bd8f-0f810188c7b3: start e780b093-7242-46d7-bd8f-0f810188c7b3@group-383C4AAD3A78-FollowerState
2024-02-22 20:33:40,826 [dc26353c-d48a-467d-89cd-3a7c4b626396-groupManagement] INFO  server.RaftServerConfigKeys (ConfUtils.java:logGet(46)) - raft.server.log.segment.size.max = 67108864 (custom)
2024-02-22 20:33:40,827 [4e8f68d6-fd98-4f77-87e3-715939181693-groupManagement] INFO  server.RaftServerConfigKeys (ConfUtils.java:logGet(46)) - raft.server.log.segment.size.max = 67108864 (custom)
2024-02-22 20:33:40,827 [13f92446-3b18-4d81-bc66-0f9b00220e72-groupManagement] INFO  server.RaftServerConfigKeys (ConfUtils.java:logGet(46)) - raft.server.log.segment.size.max = 67108864 (custom)
2024-02-22 20:33:40,830 [e780b093-7242-46d7-bd8f-0f810188c7b3@group-383C4AAD3A78-FollowerState] INFO  server.RaftServerConfigKeys (ConfUtils.java:logFallback(53)) - raft.server.rpc.first-election.timeout.min = 5s (fallback to raft.server.rpc.timeout.min)
2024-02-22 20:33:40,830 [grpc-default-executor-3] INFO  server.RaftServer (RaftServerProxy.java:addNew(100)) - e780b093-7242-46d7-bd8f-0f810188c7b3: addNew group-83D984655C73:[86ab988c-fa9c-425d-a1c6-9004ff7fd93d|10.1.0.33:15059, e46a6e51-795f-4801-a523-c45a6c7f2c34|10.1.0.33:15014, e780b093-7242-46d7-bd8f-0f810188c7b3|10.1.0.33:15095] returns group-83D984655C73:java.util.concurrent.CompletableFuture@651f1539[Not completed]
2024-02-22 20:33:40,830 [e780b093-7242-46d7-bd8f-0f810188c7b3-groupManagement] INFO  util.JmxRegister (JmxRegister.java:tryRegister(44)) - Successfully registered JMX Bean with object name Ratis:service=RaftServer,group=group-383C4AAD3A78,id=e780b093-7242-46d7-bd8f-0f810188c7b3
2024-02-22 20:33:40,830 [e780b093-7242-46d7-bd8f-0f810188c7b3-groupManagement] INFO  server.RaftServerConfigKeys (ConfUtils.java:logGet(46)) - raft.server.snapshot.trigger-when-stop.enabled = true (default)
2024-02-22 20:33:40,830 [e780b093-7242-46d7-bd8f-0f810188c7b3-groupManagement] INFO  server.RaftServerConfigKeys (ConfUtils.java:logGet(46)) - raft.server.snapshot.auto.trigger.enabled = true (custom)
2024-02-22 20:33:40,830 [e780b093-7242-46d7-bd8f-0f810188c7b3-groupManagement] INFO  server.RaftServerConfigKeys (ConfUtils.java:logGet(46)) - raft.server.snapshot.auto.trigger.threshold = 10000 (custom)
2024-02-22 20:33:40,830 [e780b093-7242-46d7-bd8f-0f810188c7b3-groupManagement] INFO  server.RaftServerConfigKeys (ConfUtils.java:logGet(46)) - raft.server.snapshot.retention.file.num = 5 (custom)
2024-02-22 20:33:40,830 [e780b093-7242-46d7-bd8f-0f810188c7b3-groupManagement] INFO  server.RaftServerConfigKeys (ConfUtils.java:logGet(46)) - raft.server.log.purge.upto.snapshot.index = false (default)
2024-02-22 20:33:40,826 [86ab988c-fa9c-425d-a1c6-9004ff7fd93d-groupManagement] INFO  server.RaftServerConfigKeys (ConfUtils.java:logGet(46)) - raft.server.log.segment.size.max = 67108864 (custom)
2024-02-22 20:33:40,830 [e780b093-7242-46d7-bd8f-0f810188c7b3@group-383C4AAD3A78-FollowerState] INFO  server.RaftServerConfigKeys (ConfUtils.java:logFallback(53)) - raft.server.rpc.first-election.timeout.max = 5200ms (fallback to raft.server.rpc.timeout.max)
2024-02-22 20:33:40,833 [dc26353c-d48a-467d-89cd-3a7c4b626396-groupManagement] INFO  server.RaftServerConfigKeys (ConfUtils.java:logGet(46)) - raft.server.log.segment.cache.num.max = 2 (custom)
2024-02-22 20:33:40,833 [dc26353c-d48a-467d-89cd-3a7c4b626396-groupManagement] INFO  server.RaftServerConfigKeys (ConfUtils.java:logGet(46)) - raft.server.log.segment.cache.size.max = 200MB (=209715200) (default)
2024-02-22 20:33:40,833 [dc26353c-d48a-467d-89cd-3a7c4b626396-groupManagement] INFO  server.RaftServerConfigKeys (ConfUtils.java:logGet(46)) - raft.server.log.appender.buffer.byte-limit = 8388608 (custom)
2024-02-22 20:33:40,834 [78f89d9b-e409-4704-890b-bfcfbcdfd28a-groupManagement] INFO  server.RaftServerConfigKeys (ConfUtils.java:logGet(46)) - raft.server.log.segment.size.max = 67108864 (custom)
2024-02-22 20:33:40,835 [13f92446-3b18-4d81-bc66-0f9b00220e72-groupManagement] INFO  server.RaftServerConfigKeys (ConfUtils.java:logGet(46)) - raft.server.log.segment.cache.num.max = 2 (custom)
2024-02-22 20:33:40,835 [13f92446-3b18-4d81-bc66-0f9b00220e72-groupManagement] INFO  server.RaftServerConfigKeys (ConfUtils.java:logGet(46)) - raft.server.log.segment.cache.size.max = 200MB (=209715200) (default)
2024-02-22 20:33:40,836 [13f92446-3b18-4d81-bc66-0f9b00220e72-groupManagement] INFO  server.RaftServerConfigKeys (ConfUtils.java:logGet(46)) - raft.server.log.appender.buffer.byte-limit = 8388608 (custom)
2024-02-22 20:33:40,836 [4e8f68d6-fd98-4f77-87e3-715939181693-groupManagement] INFO  server.RaftServerConfigKeys (ConfUtils.java:logGet(46)) - raft.server.log.segment.cache.num.max = 2 (custom)
2024-02-22 20:33:40,836 [4e8f68d6-fd98-4f77-87e3-715939181693-groupManagement] INFO  server.RaftServerConfigKeys (ConfUtils.java:logGet(46)) - raft.server.log.segment.cache.size.max = 200MB (=209715200) (default)
2024-02-22 20:33:40,836 [4e8f68d6-fd98-4f77-87e3-715939181693-groupManagement] INFO  server.RaftServerConfigKeys (ConfUtils.java:logGet(46)) - raft.server.log.appender.buffer.byte-limit = 8388608 (custom)
2024-02-22 20:33:40,836 [86ab988c-fa9c-425d-a1c6-9004ff7fd93d-groupManagement] INFO  server.RaftServerConfigKeys (ConfUtils.java:logGet(46)) - raft.server.log.segment.cache.num.max = 2 (custom)
2024-02-22 20:33:40,836 [78f89d9b-e409-4704-890b-bfcfbcdfd28a-groupManagement] INFO  server.RaftServerConfigKeys (ConfUtils.java:logGet(46)) - raft.server.log.segment.cache.num.max = 2 (custom)
2024-02-22 20:33:40,837 [78f89d9b-e409-4704-890b-bfcfbcdfd28a-groupManagement] INFO  server.RaftServerConfigKeys (ConfUtils.java:logGet(46)) - raft.server.log.segment.cache.size.max = 200MB (=209715200) (default)
2024-02-22 20:33:40,837 [78f89d9b-e409-4704-890b-bfcfbcdfd28a-groupManagement] INFO  server.RaftServerConfigKeys (ConfUtils.java:logGet(46)) - raft.server.log.appender.buffer.byte-limit = 8388608 (custom)
2024-02-22 20:33:40,838 [dc26353c-d48a-467d-89cd-3a7c4b626396-groupManagement] INFO  util.AwaitToRun (AwaitToRun.java:start(81)) - Thread[dc26353c-d48a-467d-89cd-3a7c4b626396@group-BDBAD3AB70B4-cacheEviction-AwaitToRun,5,main] started
2024-02-22 20:33:40,838 [dc26353c-d48a-467d-89cd-3a7c4b626396-groupManagement] INFO  segmented.SegmentedRaftLogWorker (SegmentedRaftLogWorker.java:<init>(182)) - new dc26353c-d48a-467d-89cd-3a7c4b626396@group-BDBAD3AB70B4-SegmentedRaftLogWorker for RaftStorageImpl:Storage Directory /home/runner/work/ozone/ozone/hadoop-ozone/integration-test/target/test-dir/MiniOzoneClusterImpl-a0fc024b-a492-45a5-9697-b0d14f72cb5c/datanode-4/data/ratis/2f90e3ba-f3fd-48ab-9225-bdbad3ab70b4
2024-02-22 20:33:40,838 [dc26353c-d48a-467d-89cd-3a7c4b626396-groupManagement] INFO  server.RaftServerConfigKeys (ConfUtils.java:logGet(46)) - raft.server.log.queue.byte-limit = 4294967296 (custom)
2024-02-22 20:33:40,838 [dc26353c-d48a-467d-89cd-3a7c4b626396-groupManagement] INFO  server.RaftServerConfigKeys (ConfUtils.java:logGet(46)) - raft.server.log.queue.element-limit = 1024 (custom)
2024-02-22 20:33:40,838 [dc26353c-d48a-467d-89cd-3a7c4b626396-groupManagement] INFO  server.RaftServerConfigKeys (ConfUtils.java:logGet(46)) - raft.server.log.segment.size.max = 67108864 (custom)
2024-02-22 20:33:40,838 [dc26353c-d48a-467d-89cd-3a7c4b626396-groupManagement] INFO  server.RaftServerConfigKeys (ConfUtils.java:logGet(46)) - raft.server.log.preallocated.size = 4194304 (custom)
2024-02-22 20:33:40,838 [dc26353c-d48a-467d-89cd-3a7c4b626396-groupManagement] INFO  server.RaftServerConfigKeys (ConfUtils.java:logGet(46)) - raft.server.log.force.sync.num = 128 (default)
2024-02-22 20:33:40,838 [dc26353c-d48a-467d-89cd-3a7c4b626396-groupManagement] INFO  server.RaftServerConfigKeys (ConfUtils.java:logGet(46)) - raft.server.log.statemachine.data.sync = true (default)
2024-02-22 20:33:40,838 [dc26353c-d48a-467d-89cd-3a7c4b626396-groupManagement] INFO  server.RaftServerConfigKeys (ConfUtils.java:logGet(46)) - raft.server.log.statemachine.data.sync.timeout = 10s (default)
2024-02-22 20:33:40,839 [dc26353c-d48a-467d-89cd-3a7c4b626396-groupManagement] INFO  server.RaftServerConfigKeys (ConfUtils.java:logGet(46)) - raft.server.log.statemachine.data.sync.timeout.retry = 0 (custom)
2024-02-22 20:33:40,839 [dc26353c-d48a-467d-89cd-3a7c4b626396-groupManagement] INFO  server.RaftServerConfigKeys (ConfUtils.java:logGet(46)) - raft.server.log.write.buffer.size = 8388616 (custom)
2024-02-22 20:33:40,837 [86ab988c-fa9c-425d-a1c6-9004ff7fd93d-groupManagement] INFO  server.RaftServerConfigKeys (ConfUtils.java:logGet(46)) - raft.server.log.segment.cache.size.max = 200MB (=209715200) (default)
2024-02-22 20:33:40,840 [dc26353c-d48a-467d-89cd-3a7c4b626396-groupManagement] INFO  server.RaftServerConfigKeys (ConfUtils.java:logGet(46)) - raft.server.log.appender.buffer.byte-limit = 8388608 (custom)
2024-02-22 20:33:40,840 [dc26353c-d48a-467d-89cd-3a7c4b626396-groupManagement] INFO  server.RaftServerConfigKeys (ConfUtils.java:logGet(46)) - raft.server.log.unsafe-flush.enabled = false (default)
2024-02-22 20:33:40,841 [dc26353c-d48a-467d-89cd-3a7c4b626396-groupManagement] INFO  server.RaftServerConfigKeys (ConfUtils.java:logGet(46)) - raft.server.log.async-flush.enabled = false (default)
2024-02-22 20:33:40,841 [dc26353c-d48a-467d-89cd-3a7c4b626396-groupManagement] INFO  server.RaftServerConfigKeys (ConfUtils.java:logGet(46)) - raft.server.log.statemachine.data.caching.enabled = true (custom)
2024-02-22 20:33:40,841 [dc26353c-d48a-467d-89cd-3a7c4b626396-groupManagement] INFO  segmented.SegmentedRaftLogWorker (SegmentedRaftLogWorker.java:lambda$new$0(134)) - dc26353c-d48a-467d-89cd-3a7c4b626396@group-BDBAD3AB70B4-SegmentedRaftLogWorker: flushIndex: setUnconditionally 0 -> -1
2024-02-22 20:33:40,841 [dc26353c-d48a-467d-89cd-3a7c4b626396-groupManagement] INFO  segmented.SegmentedRaftLogWorker (SegmentedRaftLogWorker.java:lambda$new$0(134)) - dc26353c-d48a-467d-89cd-3a7c4b626396@group-BDBAD3AB70B4-SegmentedRaftLogWorker: safeCacheEvictIndex: setUnconditionally 0 -> -1
2024-02-22 20:33:40,841 [86ab988c-fa9c-425d-a1c6-9004ff7fd93d-groupManagement] INFO  server.RaftServerConfigKeys (ConfUtils.java:logGet(46)) - raft.server.log.appender.buffer.byte-limit = 8388608 (custom)
2024-02-22 20:33:40,844 [dc26353c-d48a-467d-89cd-3a7c4b626396-groupManagement] INFO  server.RaftServer$Division (RaftServerImpl.java:start(396)) - dc26353c-d48a-467d-89cd-3a7c4b626396@group-BDBAD3AB70B4: start as a follower, conf=-1: peers:[923be64f-71f4-4891-b05d-82ff5a9df5b5|10.1.0.33:15023, e46a6e51-795f-4801-a523-c45a6c7f2c34|10.1.0.33:15014, dc26353c-d48a-467d-89cd-3a7c4b626396|10.1.0.33:15050]|listeners:[], old=null
2024-02-22 20:33:40,844 [dc26353c-d48a-467d-89cd-3a7c4b626396-groupManagement] INFO  server.RaftServer$Division (RaftServerImpl.java:setRole(383)) - dc26353c-d48a-467d-89cd-3a7c4b626396@group-BDBAD3AB70B4: changes role from      null to FOLLOWER at term 0 for startAsFollower
2024-02-22 20:33:40,844 [dc26353c-d48a-467d-89cd-3a7c4b626396-groupManagement] INFO  impl.RoleInfo (RoleInfo.java:updateAndGet(139)) - dc26353c-d48a-467d-89cd-3a7c4b626396: start dc26353c-d48a-467d-89cd-3a7c4b626396@group-BDBAD3AB70B4-FollowerState
2024-02-22 20:33:40,845 [dc26353c-d48a-467d-89cd-3a7c4b626396-groupManagement] INFO  util.JmxRegister (JmxRegister.java:tryRegister(44)) - Successfully registered JMX Bean with object name Ratis:service=RaftServer,group=group-BDBAD3AB70B4,id=dc26353c-d48a-467d-89cd-3a7c4b626396
2024-02-22 20:33:40,845 [dc26353c-d48a-467d-89cd-3a7c4b626396-groupManagement] INFO  server.RaftServerConfigKeys (ConfUtils.java:logGet(46)) - raft.server.snapshot.trigger-when-stop.enabled = true (default)
2024-02-22 20:33:40,845 [dc26353c-d48a-467d-89cd-3a7c4b626396-groupManagement] INFO  server.RaftServerConfigKeys (ConfUtils.java:logGet(46)) - raft.server.snapshot.auto.trigger.enabled = true (custom)
2024-02-22 20:33:40,845 [dc26353c-d48a-467d-89cd-3a7c4b626396-groupManagement] INFO  server.RaftServerConfigKeys (ConfUtils.java:logGet(46)) - raft.server.snapshot.auto.trigger.threshold = 10000 (custom)
2024-02-22 20:33:40,845 [dc26353c-d48a-467d-89cd-3a7c4b626396-groupManagement] INFO  server.RaftServerConfigKeys (ConfUtils.java:logGet(46)) - raft.server.snapshot.retention.file.num = 5 (custom)
2024-02-22 20:33:40,845 [dc26353c-d48a-467d-89cd-3a7c4b626396-groupManagement] INFO  server.RaftServerConfigKeys (ConfUtils.java:logGet(46)) - raft.server.log.purge.upto.snapshot.index = false (default)
2024-02-22 20:33:40,846 [dc26353c-d48a-467d-89cd-3a7c4b626396@group-BDBAD3AB70B4-FollowerState] INFO  server.RaftServerConfigKeys (ConfUtils.java:logFallback(53)) - raft.server.rpc.first-election.timeout.min = 5s (fallback to raft.server.rpc.timeout.min)
2024-02-22 20:33:40,846 [dc26353c-d48a-467d-89cd-3a7c4b626396-PipelineCommandHandlerThread-0] INFO  ratis.XceiverServerRatis (XceiverServerRatis.java:addGroup(864)) - Created group PipelineID=2f90e3ba-f3fd-48ab-9225-bdbad3ab70b4
2024-02-22 20:33:40,847 [dc26353c-d48a-467d-89cd-3a7c4b626396@group-BDBAD3AB70B4-FollowerState] INFO  server.RaftServerConfigKeys (ConfUtils.java:logFallback(53)) - raft.server.rpc.first-election.timeout.max = 5200ms (fallback to raft.server.rpc.timeout.max)
2024-02-22 20:33:40,849 [78f89d9b-e409-4704-890b-bfcfbcdfd28a-groupManagement] INFO  util.AwaitToRun (AwaitToRun.java:start(81)) - Thread[78f89d9b-e409-4704-890b-bfcfbcdfd28a@group-B58ED9299B6F-cacheEviction-AwaitToRun,5,main] started
2024-02-22 20:33:40,849 [78f89d9b-e409-4704-890b-bfcfbcdfd28a-groupManagement] INFO  segmented.SegmentedRaftLogWorker (SegmentedRaftLogWorker.java:<init>(182)) - new 78f89d9b-e409-4704-890b-bfcfbcdfd28a@group-B58ED9299B6F-SegmentedRaftLogWorker for RaftStorageImpl:Storage Directory /home/runner/work/ozone/ozone/hadoop-ozone/integration-test/target/test-dir/MiniOzoneClusterImpl-a0fc024b-a492-45a5-9697-b0d14f72cb5c/datanode-8/data/ratis/d49f5e63-9859-43c9-95b6-b58ed9299b6f
2024-02-22 20:33:40,849 [78f89d9b-e409-4704-890b-bfcfbcdfd28a-groupManagement] INFO  server.RaftServerConfigKeys (ConfUtils.java:logGet(46)) - raft.server.log.queue.byte-limit = 4294967296 (custom)
2024-02-22 20:33:40,850 [78f89d9b-e409-4704-890b-bfcfbcdfd28a-groupManagement] INFO  server.RaftServerConfigKeys (ConfUtils.java:logGet(46)) - raft.server.log.queue.element-limit = 1024 (custom)
2024-02-22 20:33:40,850 [78f89d9b-e409-4704-890b-bfcfbcdfd28a-groupManagement] INFO  server.RaftServerConfigKeys (ConfUtils.java:logGet(46)) - raft.server.log.segment.size.max = 67108864 (custom)
2024-02-22 20:33:40,850 [78f89d9b-e409-4704-890b-bfcfbcdfd28a-groupManagement] INFO  server.RaftServerConfigKeys (ConfUtils.java:logGet(46)) - raft.server.log.preallocated.size = 4194304 (custom)
2024-02-22 20:33:40,850 [78f89d9b-e409-4704-890b-bfcfbcdfd28a-groupManagement] INFO  server.RaftServerConfigKeys (ConfUtils.java:logGet(46)) - raft.server.log.force.sync.num = 128 (default)
2024-02-22 20:33:40,850 [78f89d9b-e409-4704-890b-bfcfbcdfd28a-groupManagement] INFO  server.RaftServerConfigKeys (ConfUtils.java:logGet(46)) - raft.server.log.statemachine.data.sync = true (default)
2024-02-22 20:33:40,850 [78f89d9b-e409-4704-890b-bfcfbcdfd28a-groupManagement] INFO  server.RaftServerConfigKeys (ConfUtils.java:logGet(46)) - raft.server.log.statemachine.data.sync.timeout = 10s (default)
2024-02-22 20:33:40,850 [78f89d9b-e409-4704-890b-bfcfbcdfd28a-groupManagement] INFO  server.RaftServerConfigKeys (ConfUtils.java:logGet(46)) - raft.server.log.statemachine.data.sync.timeout.retry = 0 (custom)
2024-02-22 20:33:40,850 [78f89d9b-e409-4704-890b-bfcfbcdfd28a-groupManagement] INFO  server.RaftServerConfigKeys (ConfUtils.java:logGet(46)) - raft.server.log.write.buffer.size = 8388616 (custom)
2024-02-22 20:33:40,852 [78f89d9b-e409-4704-890b-bfcfbcdfd28a-groupManagement] INFO  server.RaftServerConfigKeys (ConfUtils.java:logGet(46)) - raft.server.log.appender.buffer.byte-limit = 8388608 (custom)
2024-02-22 20:33:40,852 [78f89d9b-e409-4704-890b-bfcfbcdfd28a-groupManagement] INFO  server.RaftServerConfigKeys (ConfUtils.java:logGet(46)) - raft.server.log.unsafe-flush.enabled = false (default)
2024-02-22 20:33:40,852 [78f89d9b-e409-4704-890b-bfcfbcdfd28a-groupManagement] INFO  server.RaftServerConfigKeys (ConfUtils.java:logGet(46)) - raft.server.log.async-flush.enabled = false (default)
2024-02-22 20:33:40,852 [78f89d9b-e409-4704-890b-bfcfbcdfd28a-groupManagement] INFO  server.RaftServerConfigKeys (ConfUtils.java:logGet(46)) - raft.server.log.statemachine.data.caching.enabled = true (custom)
2024-02-22 20:33:40,852 [78f89d9b-e409-4704-890b-bfcfbcdfd28a-groupManagement] INFO  segmented.SegmentedRaftLogWorker (SegmentedRaftLogWorker.java:lambda$new$0(134)) - 78f89d9b-e409-4704-890b-bfcfbcdfd28a@group-B58ED9299B6F-SegmentedRaftLogWorker: flushIndex: setUnconditionally 0 -> -1
2024-02-22 20:33:40,852 [78f89d9b-e409-4704-890b-bfcfbcdfd28a-groupManagement] INFO  segmented.SegmentedRaftLogWorker (SegmentedRaftLogWorker.java:lambda$new$0(134)) - 78f89d9b-e409-4704-890b-bfcfbcdfd28a@group-B58ED9299B6F-SegmentedRaftLogWorker: safeCacheEvictIndex: setUnconditionally 0 -> -1
2024-02-22 20:33:40,853 [78f89d9b-e409-4704-890b-bfcfbcdfd28a-groupManagement] INFO  server.RaftServer$Division (RaftServerImpl.java:start(396)) - 78f89d9b-e409-4704-890b-bfcfbcdfd28a@group-B58ED9299B6F: start as a follower, conf=-1: peers:[78f89d9b-e409-4704-890b-bfcfbcdfd28a|10.1.0.33:15086, c30fedce-f286-40e0-881d-3d5a9a6e2463|10.1.0.33:15068, 13f92446-3b18-4d81-bc66-0f9b00220e72|10.1.0.33:15077]|listeners:[], old=null
2024-02-22 20:33:40,853 [78f89d9b-e409-4704-890b-bfcfbcdfd28a-groupManagement] INFO  server.RaftServer$Division (RaftServerImpl.java:setRole(383)) - 78f89d9b-e409-4704-890b-bfcfbcdfd28a@group-B58ED9299B6F: changes role from      null to FOLLOWER at term 0 for startAsFollower
2024-02-22 20:33:40,853 [78f89d9b-e409-4704-890b-bfcfbcdfd28a-groupManagement] INFO  impl.RoleInfo (RoleInfo.java:updateAndGet(139)) - 78f89d9b-e409-4704-890b-bfcfbcdfd28a: start 78f89d9b-e409-4704-890b-bfcfbcdfd28a@group-B58ED9299B6F-FollowerState
2024-02-22 20:33:40,853 [78f89d9b-e409-4704-890b-bfcfbcdfd28a-groupManagement] INFO  util.JmxRegister (JmxRegister.java:tryRegister(44)) - Successfully registered JMX Bean with object name Ratis:service=RaftServer,group=group-B58ED9299B6F,id=78f89d9b-e409-4704-890b-bfcfbcdfd28a
2024-02-22 20:33:40,853 [78f89d9b-e409-4704-890b-bfcfbcdfd28a-groupManagement] INFO  server.RaftServerConfigKeys (ConfUtils.java:logGet(46)) - raft.server.snapshot.trigger-when-stop.enabled = true (default)
2024-02-22 20:33:40,853 [78f89d9b-e409-4704-890b-bfcfbcdfd28a-groupManagement] INFO  server.RaftServerConfigKeys (ConfUtils.java:logGet(46)) - raft.server.snapshot.auto.trigger.enabled = true (custom)
2024-02-22 20:33:40,854 [78f89d9b-e409-4704-890b-bfcfbcdfd28a-groupManagement] INFO  server.RaftServerConfigKeys (ConfUtils.java:logGet(46)) - raft.server.snapshot.auto.trigger.threshold = 10000 (custom)
2024-02-22 20:33:40,854 [78f89d9b-e409-4704-890b-bfcfbcdfd28a-groupManagement] INFO  server.RaftServerConfigKeys (ConfUtils.java:logGet(46)) - raft.server.snapshot.retention.file.num = 5 (custom)
2024-02-22 20:33:40,854 [78f89d9b-e409-4704-890b-bfcfbcdfd28a-groupManagement] INFO  server.RaftServerConfigKeys (ConfUtils.java:logGet(46)) - raft.server.log.purge.upto.snapshot.index = false (default)
2024-02-22 20:33:40,854 [78f89d9b-e409-4704-890b-bfcfbcdfd28a@group-B58ED9299B6F-FollowerState] INFO  server.RaftServerConfigKeys (ConfUtils.java:logFallback(53)) - raft.server.rpc.first-election.timeout.min = 5s (fallback to raft.server.rpc.timeout.min)
2024-02-22 20:33:40,855 [78f89d9b-e409-4704-890b-bfcfbcdfd28a@group-B58ED9299B6F-FollowerState] INFO  server.RaftServerConfigKeys (ConfUtils.java:logFallback(53)) - raft.server.rpc.first-election.timeout.max = 5200ms (fallback to raft.server.rpc.timeout.max)
2024-02-22 20:33:40,855 [78f89d9b-e409-4704-890b-bfcfbcdfd28a-PipelineCommandHandlerThread-0] INFO  ratis.XceiverServerRatis (XceiverServerRatis.java:addGroup(864)) - Created group PipelineID=d49f5e63-9859-43c9-95b6-b58ed9299b6f
2024-02-22 20:33:40,858 [4e8f68d6-fd98-4f77-87e3-715939181693-groupManagement] INFO  util.AwaitToRun (AwaitToRun.java:start(81)) - Thread[4e8f68d6-fd98-4f77-87e3-715939181693@group-9EB4D3397E8E-cacheEviction-AwaitToRun,5,main] started
2024-02-22 20:33:40,858 [4e8f68d6-fd98-4f77-87e3-715939181693-groupManagement] INFO  segmented.SegmentedRaftLogWorker (SegmentedRaftLogWorker.java:<init>(182)) - new 4e8f68d6-fd98-4f77-87e3-715939181693@group-9EB4D3397E8E-SegmentedRaftLogWorker for RaftStorageImpl:Storage Directory /home/runner/work/ozone/ozone/hadoop-ozone/integration-test/target/test-dir/MiniOzoneClusterImpl-a0fc024b-a492-45a5-9697-b0d14f72cb5c/datanode-3/data/ratis/aaf85d63-021e-4fec-a035-9eb4d3397e8e
2024-02-22 20:33:40,858 [4e8f68d6-fd98-4f77-87e3-715939181693-groupManagement] INFO  server.RaftServerConfigKeys (ConfUtils.java:logGet(46)) - raft.server.log.queue.byte-limit = 4294967296 (custom)
2024-02-22 20:33:40,858 [4e8f68d6-fd98-4f77-87e3-715939181693-groupManagement] INFO  server.RaftServerConfigKeys (ConfUtils.java:logGet(46)) - raft.server.log.queue.element-limit = 1024 (custom)
2024-02-22 20:33:40,858 [4e8f68d6-fd98-4f77-87e3-715939181693-groupManagement] INFO  server.RaftServerConfigKeys (ConfUtils.java:logGet(46)) - raft.server.log.segment.size.max = 67108864 (custom)
2024-02-22 20:33:40,858 [4e8f68d6-fd98-4f77-87e3-715939181693-groupManagement] INFO  server.RaftServerConfigKeys (ConfUtils.java:logGet(46)) - raft.server.log.preallocated.size = 4194304 (custom)
2024-02-22 20:33:40,858 [4e8f68d6-fd98-4f77-87e3-715939181693-groupManagement] INFO  server.RaftServerConfigKeys (ConfUtils.java:logGet(46)) - raft.server.log.force.sync.num = 128 (default)
2024-02-22 20:33:40,858 [4e8f68d6-fd98-4f77-87e3-715939181693-groupManagement] INFO  server.RaftServerConfigKeys (ConfUtils.java:logGet(46)) - raft.server.log.statemachine.data.sync = true (default)
2024-02-22 20:33:40,859 [4e8f68d6-fd98-4f77-87e3-715939181693-groupManagement] INFO  server.RaftServerConfigKeys (ConfUtils.java:logGet(46)) - raft.server.log.statemachine.data.sync.timeout = 10s (default)
2024-02-22 20:33:40,859 [4e8f68d6-fd98-4f77-87e3-715939181693-groupManagement] INFO  server.RaftServerConfigKeys (ConfUtils.java:logGet(46)) - raft.server.log.statemachine.data.sync.timeout.retry = 0 (custom)
2024-02-22 20:33:40,859 [4e8f68d6-fd98-4f77-87e3-715939181693-groupManagement] INFO  server.RaftServerConfigKeys (ConfUtils.java:logGet(46)) - raft.server.log.write.buffer.size = 8388616 (custom)
2024-02-22 20:33:40,860 [4e8f68d6-fd98-4f77-87e3-715939181693-groupManagement] INFO  server.RaftServerConfigKeys (ConfUtils.java:logGet(46)) - raft.server.log.appender.buffer.byte-limit = 8388608 (custom)
2024-02-22 20:33:40,861 [4e8f68d6-fd98-4f77-87e3-715939181693-groupManagement] INFO  server.RaftServerConfigKeys (ConfUtils.java:logGet(46)) - raft.server.log.unsafe-flush.enabled = false (default)
2024-02-22 20:33:40,861 [4e8f68d6-fd98-4f77-87e3-715939181693-groupManagement] INFO  server.RaftServerConfigKeys (ConfUtils.java:logGet(46)) - raft.server.log.async-flush.enabled = false (default)
2024-02-22 20:33:40,861 [4e8f68d6-fd98-4f77-87e3-715939181693-groupManagement] INFO  server.RaftServerConfigKeys (ConfUtils.java:logGet(46)) - raft.server.log.statemachine.data.caching.enabled = true (custom)
2024-02-22 20:33:40,863 [13f92446-3b18-4d81-bc66-0f9b00220e72-groupManagement] INFO  util.AwaitToRun (AwaitToRun.java:start(81)) - Thread[13f92446-3b18-4d81-bc66-0f9b00220e72@group-B58ED9299B6F-cacheEviction-AwaitToRun,5,main] started
2024-02-22 20:33:40,863 [13f92446-3b18-4d81-bc66-0f9b00220e72-groupManagement] INFO  segmented.SegmentedRaftLogWorker (SegmentedRaftLogWorker.java:<init>(182)) - new 13f92446-3b18-4d81-bc66-0f9b00220e72@group-B58ED9299B6F-SegmentedRaftLogWorker for RaftStorageImpl:Storage Directory /home/runner/work/ozone/ozone/hadoop-ozone/integration-test/target/test-dir/MiniOzoneClusterImpl-a0fc024b-a492-45a5-9697-b0d14f72cb5c/datanode-7/data/ratis/d49f5e63-9859-43c9-95b6-b58ed9299b6f
2024-02-22 20:33:40,863 [13f92446-3b18-4d81-bc66-0f9b00220e72-groupManagement] INFO  server.RaftServerConfigKeys (ConfUtils.java:logGet(46)) - raft.server.log.queue.byte-limit = 4294967296 (custom)
2024-02-22 20:33:40,863 [13f92446-3b18-4d81-bc66-0f9b00220e72-groupManagement] INFO  server.RaftServerConfigKeys (ConfUtils.java:logGet(46)) - raft.server.log.queue.element-limit = 1024 (custom)
2024-02-22 20:33:40,863 [13f92446-3b18-4d81-bc66-0f9b00220e72-groupManagement] INFO  server.RaftServerConfigKeys (ConfUtils.java:logGet(46)) - raft.server.log.segment.size.max = 67108864 (custom)
2024-02-22 20:33:40,864 [13f92446-3b18-4d81-bc66-0f9b00220e72-groupManagement] INFO  server.RaftServerConfigKeys (ConfUtils.java:logGet(46)) - raft.server.log.preallocated.size = 4194304 (custom)
2024-02-22 20:33:40,864 [13f92446-3b18-4d81-bc66-0f9b00220e72-groupManagement] INFO  server.RaftServerConfigKeys (ConfUtils.java:logGet(46)) - raft.server.log.force.sync.num = 128 (default)
2024-02-22 20:33:40,864 [13f92446-3b18-4d81-bc66-0f9b00220e72-groupManagement] INFO  server.RaftServerConfigKeys (ConfUtils.java:logGet(46)) - raft.server.log.statemachine.data.sync = true (default)
2024-02-22 20:33:40,864 [13f92446-3b18-4d81-bc66-0f9b00220e72-groupManagement] INFO  server.RaftServerConfigKeys (ConfUtils.java:logGet(46)) - raft.server.log.statemachine.data.sync.timeout = 10s (default)
2024-02-22 20:33:40,864 [13f92446-3b18-4d81-bc66-0f9b00220e72-groupManagement] INFO  server.RaftServerConfigKeys (ConfUtils.java:logGet(46)) - raft.server.log.statemachine.data.sync.timeout.retry = 0 (custom)
2024-02-22 20:33:40,864 [13f92446-3b18-4d81-bc66-0f9b00220e72-groupManagement] INFO  server.RaftServerConfigKeys (ConfUtils.java:logGet(46)) - raft.server.log.write.buffer.size = 8388616 (custom)
2024-02-22 20:33:40,866 [13f92446-3b18-4d81-bc66-0f9b00220e72-groupManagement] INFO  server.RaftServerConfigKeys (ConfUtils.java:logGet(46)) - raft.server.log.appender.buffer.byte-limit = 8388608 (custom)
2024-02-22 20:33:40,866 [13f92446-3b18-4d81-bc66-0f9b00220e72-groupManagement] INFO  server.RaftServerConfigKeys (ConfUtils.java:logGet(46)) - raft.server.log.unsafe-flush.enabled = false (default)
2024-02-22 20:33:40,866 [13f92446-3b18-4d81-bc66-0f9b00220e72-groupManagement] INFO  server.RaftServerConfigKeys (ConfUtils.java:logGet(46)) - raft.server.log.async-flush.enabled = false (default)
2024-02-22 20:33:40,866 [13f92446-3b18-4d81-bc66-0f9b00220e72-groupManagement] INFO  server.RaftServerConfigKeys (ConfUtils.java:logGet(46)) - raft.server.log.statemachine.data.caching.enabled = true (custom)
2024-02-22 20:33:40,866 [13f92446-3b18-4d81-bc66-0f9b00220e72-groupManagement] INFO  segmented.SegmentedRaftLogWorker (SegmentedRaftLogWorker.java:lambda$new$0(134)) - 13f92446-3b18-4d81-bc66-0f9b00220e72@group-B58ED9299B6F-SegmentedRaftLogWorker: flushIndex: setUnconditionally 0 -> -1
2024-02-22 20:33:40,866 [13f92446-3b18-4d81-bc66-0f9b00220e72-groupManagement] INFO  segmented.SegmentedRaftLogWorker (SegmentedRaftLogWorker.java:lambda$new$0(134)) - 13f92446-3b18-4d81-bc66-0f9b00220e72@group-B58ED9299B6F-SegmentedRaftLogWorker: safeCacheEvictIndex: setUnconditionally 0 -> -1
2024-02-22 20:33:40,867 [e780b093-7242-46d7-bd8f-0f810188c7b3-groupManagement] INFO  server.RaftServer$Division (RaftServerImpl.java:<init>(256)) - e780b093-7242-46d7-bd8f-0f810188c7b3: new RaftServerImpl for group-A538022C1006:[923be64f-71f4-4891-b05d-82ff5a9df5b5|10.1.0.33:15023, e46a6e51-795f-4801-a523-c45a6c7f2c34|10.1.0.33:15014, e780b093-7242-46d7-bd8f-0f810188c7b3|10.1.0.33:15095] with ContainerStateMachine:uninitialized
2024-02-22 20:33:40,867 [e780b093-7242-46d7-bd8f-0f810188c7b3-groupManagement] INFO  server.RaftServerConfigKeys (ConfUtils.java:logGet(46)) - raft.server.rpc.timeout.min = 5s (custom)
2024-02-22 20:33:40,867 [e780b093-7242-46d7-bd8f-0f810188c7b3-groupManagement] INFO  server.RaftServerConfigKeys (ConfUtils.java:logGet(46)) - raft.server.rpc.timeout.max = 5200ms (custom)
2024-02-22 20:33:40,867 [e780b093-7242-46d7-bd8f-0f810188c7b3-groupManagement] INFO  server.RaftServerConfigKeys (ConfUtils.java:logGet(46)) - raft.server.rpc.sleep.time = 25ms (default)
2024-02-22 20:33:40,867 [e780b093-7242-46d7-bd8f-0f810188c7b3-groupManagement] INFO  server.RaftServerConfigKeys (ConfUtils.java:logGet(46)) - raft.server.rpc.slowness.timeout = 300s (custom)
2024-02-22 20:33:40,867 [e780b093-7242-46d7-bd8f-0f810188c7b3-groupManagement] INFO  server.RaftServerConfigKeys (ConfUtils.java:logGet(46)) - raft.server.leaderelection.leader.step-down.wait-time = 10s (default)
2024-02-22 20:33:40,867 [e780b093-7242-46d7-bd8f-0f810188c7b3-groupManagement] INFO  server.RaftServerConfigKeys (ConfUtils.java:logGet(46)) - raft.server.leaderelection.member.majority-add = false (default)
2024-02-22 20:33:40,868 [e780b093-7242-46d7-bd8f-0f810188c7b3-groupManagement] INFO  server.RaftServerConfigKeys (ConfUtils.java:logGet(46)) - raft.server.sleep.deviation.threshold = 300ms (default)
2024-02-22 20:33:40,868 [e780b093-7242-46d7-bd8f-0f810188c7b3-groupManagement] INFO  server.RaftServer$Division (ServerState.java:<init>(113)) - e780b093-7242-46d7-bd8f-0f810188c7b3@group-A538022C1006: ConfigurationManager, init=-1: peers:[923be64f-71f4-4891-b05d-82ff5a9df5b5|10.1.0.33:15023, e46a6e51-795f-4801-a523-c45a6c7f2c34|10.1.0.33:15014, e780b093-7242-46d7-bd8f-0f810188c7b3|10.1.0.33:15095]|listeners:[], old=null, confs=<EMPTY_MAP>
2024-02-22 20:33:40,868 [e780b093-7242-46d7-bd8f-0f810188c7b3-groupManagement] INFO  server.RaftServerConfigKeys (ConfUtils.java:logGet(46)) - raft.server.notification.no-leader.timeout = 300s (custom)
2024-02-22 20:33:40,868 [e780b093-7242-46d7-bd8f-0f810188c7b3-groupManagement] INFO  server.RaftServerConfigKeys (ConfUtils.java:logGet(46)) - raft.server.read.timeout = 10s (default)
2024-02-22 20:33:40,868 [e780b093-7242-46d7-bd8f-0f810188c7b3-groupManagement] INFO  server.RaftServerConfigKeys (ConfUtils.java:logGet(46)) - raft.server.retrycache.expirytime = 600000ms (custom)
2024-02-22 20:33:40,868 [e780b093-7242-46d7-bd8f-0f810188c7b3-groupManagement] INFO  server.RaftServerConfigKeys (ConfUtils.java:logGet(46)) - raft.server.retrycache.statistics.expirytime = 100ms (default)
2024-02-22 20:33:40,868 [e780b093-7242-46d7-bd8f-0f810188c7b3-groupManagement] INFO  server.RaftServerConfigKeys (ConfUtils.java:logGet(46)) - raft.server.read.option = DEFAULT (default)
2024-02-22 20:33:40,868 [e780b093-7242-46d7-bd8f-0f810188c7b3-groupManagement] INFO  server.RaftServerConfigKeys (ConfUtils.java:logGet(46)) - raft.server.read.read-after-write-consistent.write-index-cache.expiry-time = 60s (default)
2024-02-22 20:33:40,868 [13f92446-3b18-4d81-bc66-0f9b00220e72-groupManagement] INFO  server.RaftServer$Division (RaftServerImpl.java:start(396)) - 13f92446-3b18-4d81-bc66-0f9b00220e72@group-B58ED9299B6F: start as a follower, conf=-1: peers:[78f89d9b-e409-4704-890b-bfcfbcdfd28a|10.1.0.33:15086, c30fedce-f286-40e0-881d-3d5a9a6e2463|10.1.0.33:15068, 13f92446-3b18-4d81-bc66-0f9b00220e72|10.1.0.33:15077]|listeners:[], old=null
2024-02-22 20:33:40,868 [13f92446-3b18-4d81-bc66-0f9b00220e72-groupManagement] INFO  server.RaftServer$Division (RaftServerImpl.java:setRole(383)) - 13f92446-3b18-4d81-bc66-0f9b00220e72@group-B58ED9299B6F: changes role from      null to FOLLOWER at term 0 for startAsFollower
2024-02-22 20:33:40,868 [13f92446-3b18-4d81-bc66-0f9b00220e72-groupManagement] INFO  impl.RoleInfo (RoleInfo.java:updateAndGet(139)) - 13f92446-3b18-4d81-bc66-0f9b00220e72: start 13f92446-3b18-4d81-bc66-0f9b00220e72@group-B58ED9299B6F-FollowerState
2024-02-22 20:33:40,868 [13f92446-3b18-4d81-bc66-0f9b00220e72-groupManagement] INFO  util.JmxRegister (JmxRegister.java:tryRegister(44)) - Successfully registered JMX Bean with object name Ratis:service=RaftServer,group=group-B58ED9299B6F,id=13f92446-3b18-4d81-bc66-0f9b00220e72
2024-02-22 20:33:40,869 [13f92446-3b18-4d81-bc66-0f9b00220e72-groupManagement] INFO  server.RaftServerConfigKeys (ConfUtils.java:logGet(46)) - raft.server.snapshot.trigger-when-stop.enabled = true (default)
2024-02-22 20:33:40,869 [13f92446-3b18-4d81-bc66-0f9b00220e72-groupManagement] INFO  server.RaftServerConfigKeys (ConfUtils.java:logGet(46)) - raft.server.snapshot.auto.trigger.enabled = true (custom)
2024-02-22 20:33:40,869 [13f92446-3b18-4d81-bc66-0f9b00220e72-groupManagement] INFO  server.RaftServerConfigKeys (ConfUtils.java:logGet(46)) - raft.server.snapshot.auto.trigger.threshold = 10000 (custom)
2024-02-22 20:33:40,869 [13f92446-3b18-4d81-bc66-0f9b00220e72-groupManagement] INFO  server.RaftServerConfigKeys (ConfUtils.java:logGet(46)) - raft.server.snapshot.retention.file.num = 5 (custom)
2024-02-22 20:33:40,869 [13f92446-3b18-4d81-bc66-0f9b00220e72-groupManagement] INFO  server.RaftServerConfigKeys (ConfUtils.java:logGet(46)) - raft.server.log.purge.upto.snapshot.index = false (default)
2024-02-22 20:33:40,869 [e780b093-7242-46d7-bd8f-0f810188c7b3-PipelineCommandHandlerThread-0] INFO  ratis.XceiverServerRatis (XceiverServerRatis.java:addGroup(864)) - Created group PipelineID=bcc14677-48a1-4052-9632-383c4aad3a78
2024-02-22 20:33:40,869 [13f92446-3b18-4d81-bc66-0f9b00220e72@group-B58ED9299B6F-FollowerState] INFO  server.RaftServerConfigKeys (ConfUtils.java:logFallback(53)) - raft.server.rpc.first-election.timeout.min = 5s (fallback to raft.server.rpc.timeout.min)
2024-02-22 20:33:40,869 [e780b093-7242-46d7-bd8f-0f810188c7b3-PipelineCommandHandlerThread-0] INFO  commandhandler.CreatePipelineCommandHandler (CreatePipelineCommandHandler.java:lambda$handle$2(124)) - Created Pipeline RATIS ONE PipelineID=bcc14677-48a1-4052-9632-383c4aad3a78.
2024-02-22 20:33:40,870 [e780b093-7242-46d7-bd8f-0f810188c7b3-PipelineCommandHandlerThread-0] INFO  server.RaftServer (RaftServerProxy.java:addNew(100)) - e780b093-7242-46d7-bd8f-0f810188c7b3: addNew group-1944BBB8D763:[86ab988c-fa9c-425d-a1c6-9004ff7fd93d|10.1.0.33:15059, e46a6e51-795f-4801-a523-c45a6c7f2c34|10.1.0.33:15014, e780b093-7242-46d7-bd8f-0f810188c7b3|10.1.0.33:15095] returns group-1944BBB8D763:java.util.concurrent.CompletableFuture@35911c27[Not completed]
2024-02-22 20:33:40,870 [13f92446-3b18-4d81-bc66-0f9b00220e72@group-B58ED9299B6F-FollowerState] INFO  server.RaftServerConfigKeys (ConfUtils.java:logFallback(53)) - raft.server.rpc.first-election.timeout.max = 5200ms (fallback to raft.server.rpc.timeout.max)
2024-02-22 20:33:40,874 [13f92446-3b18-4d81-bc66-0f9b00220e72-groupManagement] INFO  server.RaftServerConfigKeys (ConfUtils.java:logGet(46)) - raft.server.storage.free-space.min = 0MB (=0) (default)
2024-02-22 20:33:40,874 [13f92446-3b18-4d81-bc66-0f9b00220e72-groupManagement] INFO  server.RaftServerConfigKeys (ConfUtils.java:logGet(46)) - raft.server.log.corruption.policy = EXCEPTION (default)
2024-02-22 20:33:40,874 [13f92446-3b18-4d81-bc66-0f9b00220e72-groupManagement] INFO  server.RaftServerConfigKeys (ConfUtils.java:logGet(46)) - raft.server.storage.dir = [/home/runner/work/ozone/ozone/hadoop-ozone/integration-test/target/test-dir/MiniOzoneClusterImpl-a0fc024b-a492-45a5-9697-b0d14f72cb5c/datanode-7/data/ratis] (custom)
2024-02-22 20:33:40,875 [13f92446-3b18-4d81-bc66-0f9b00220e72-groupManagement] INFO  storage.RaftStorageDirectory (RaftStorageDirectoryImpl.java:analyzeStorage(138)) - The storage directory /home/runner/work/ozone/ozone/hadoop-ozone/integration-test/target/test-dir/MiniOzoneClusterImpl-a0fc024b-a492-45a5-9697-b0d14f72cb5c/datanode-7/data/ratis/974fd487-4b0f-4554-8c0f-c4bff782ab50 does not exist. Creating ...
2024-02-22 20:33:40,874 [4e8f68d6-fd98-4f77-87e3-715939181693-groupManagement] INFO  segmented.SegmentedRaftLogWorker (SegmentedRaftLogWorker.java:lambda$new$0(134)) - 4e8f68d6-fd98-4f77-87e3-715939181693@group-9EB4D3397E8E-SegmentedRaftLogWorker: flushIndex: setUnconditionally 0 -> -1
2024-02-22 20:33:40,876 [4e8f68d6-fd98-4f77-87e3-715939181693-groupManagement] INFO  segmented.SegmentedRaftLogWorker (SegmentedRaftLogWorker.java:lambda$new$0(134)) - 4e8f68d6-fd98-4f77-87e3-715939181693@group-9EB4D3397E8E-SegmentedRaftLogWorker: safeCacheEvictIndex: setUnconditionally 0 -> -1
2024-02-22 20:33:40,877 [13f92446-3b18-4d81-bc66-0f9b00220e72-groupManagement] INFO  storage.RaftStorageDirectory (RaftStorageDirectoryImpl.java:tryLock(228)) - Lock on /home/runner/work/ozone/ozone/hadoop-ozone/integration-test/target/test-dir/MiniOzoneClusterImpl-a0fc024b-a492-45a5-9697-b0d14f72cb5c/datanode-7/data/ratis/974fd487-4b0f-4554-8c0f-c4bff782ab50/in_use.lock acquired by nodename 30552@fv-az779-213
2024-02-22 20:33:40,879 [13f92446-3b18-4d81-bc66-0f9b00220e72-groupManagement] INFO  storage.RaftStorage (RaftStorageImpl.java:format(99)) - Storage directory /home/runner/work/ozone/ozone/hadoop-ozone/integration-test/target/test-dir/MiniOzoneClusterImpl-a0fc024b-a492-45a5-9697-b0d14f72cb5c/datanode-7/data/ratis/974fd487-4b0f-4554-8c0f-c4bff782ab50 has been successfully formatted.
2024-02-22 20:33:40,879 [13f92446-3b18-4d81-bc66-0f9b00220e72-groupManagement] WARN  util.FileUtils (LogUtils.java:supplyAndLog(63)) - Failed to Files.newInputStream /home/runner/work/ozone/ozone/hadoop-ozone/integration-test/target/test-dir/MiniOzoneClusterImpl-a0fc024b-a492-45a5-9697-b0d14f72cb5c/datanode-7/data/ratis/974fd487-4b0f-4554-8c0f-c4bff782ab50/current/raft-meta.conf with options []: java.nio.file.NoSuchFileException: /home/runner/work/ozone/ozone/hadoop-ozone/integration-test/target/test-dir/MiniOzoneClusterImpl-a0fc024b-a492-45a5-9697-b0d14f72cb5c/datanode-7/data/ratis/974fd487-4b0f-4554-8c0f-c4bff782ab50/current/raft-meta.conf
2024-02-22 20:33:40,881 [e780b093-7242-46d7-bd8f-0f810188c7b3-groupManagement] INFO  server.RaftServerConfigKeys (ConfUtils.java:logGet(46)) - raft.server.rpc.request.timeout = 60s (custom)
2024-02-22 20:33:40,881 [e780b093-7242-46d7-bd8f-0f810188c7b3-groupManagement] INFO  server.RaftServerConfigKeys (ConfUtils.java:logGet(46)) - raft.server.log.appender.install.snapshot.enabled = false (custom)
2024-02-22 20:33:40,882 [e780b093-7242-46d7-bd8f-0f810188c7b3-groupManagement] INFO  server.RaftServerConfigKeys (ConfUtils.java:logGet(46)) - raft.server.threadpool.server.cached = true (default)
2024-02-22 20:33:40,882 [e780b093-7242-46d7-bd8f-0f810188c7b3-groupManagement] INFO  server.RaftServerConfigKeys (ConfUtils.java:logGet(46)) - raft.server.threadpool.server.size = 0 (default)
2024-02-22 20:33:40,882 [e780b093-7242-46d7-bd8f-0f810188c7b3-groupManagement] INFO  server.RaftServerConfigKeys (ConfUtils.java:logGet(46)) - raft.server.threadpool.client.cached = true (default)
2024-02-22 20:33:40,882 [e780b093-7242-46d7-bd8f-0f810188c7b3-groupManagement] INFO  server.RaftServerConfigKeys (ConfUtils.java:logGet(46)) - raft.server.threadpool.client.size = 0 (default)
2024-02-22 20:33:40,882 [86ab988c-fa9c-425d-a1c6-9004ff7fd93d-groupManagement] INFO  util.AwaitToRun (AwaitToRun.java:start(81)) - Thread[86ab988c-fa9c-425d-a1c6-9004ff7fd93d@group-83D984655C73-cacheEviction-AwaitToRun,5,main] started
2024-02-22 20:33:40,885 [86ab988c-fa9c-425d-a1c6-9004ff7fd93d-groupManagement] INFO  segmented.SegmentedRaftLogWorker (SegmentedRaftLogWorker.java:<init>(182)) - new 86ab988c-fa9c-425d-a1c6-9004ff7fd93d@group-83D984655C73-SegmentedRaftLogWorker for RaftStorageImpl:Storage Directory /home/runner/work/ozone/ozone/hadoop-ozone/integration-test/target/test-dir/MiniOzoneClusterImpl-a0fc024b-a492-45a5-9697-b0d14f72cb5c/datanode-5/data/ratis/0077ebc2-8b09-4842-8a13-83d984655c73
2024-02-22 20:33:40,885 [86ab988c-fa9c-425d-a1c6-9004ff7fd93d-groupManagement] INFO  server.RaftServerConfigKeys (ConfUtils.java:logGet(46)) - raft.server.log.queue.byte-limit = 4294967296 (custom)
2024-02-22 20:33:40,885 [86ab988c-fa9c-425d-a1c6-9004ff7fd93d-groupManagement] INFO  server.RaftServerConfigKeys (ConfUtils.java:logGet(46)) - raft.server.log.queue.element-limit = 1024 (custom)
2024-02-22 20:33:40,885 [86ab988c-fa9c-425d-a1c6-9004ff7fd93d-groupManagement] INFO  server.RaftServerConfigKeys (ConfUtils.java:logGet(46)) - raft.server.log.segment.size.max = 67108864 (custom)
2024-02-22 20:33:40,885 [86ab988c-fa9c-425d-a1c6-9004ff7fd93d-groupManagement] INFO  server.RaftServerConfigKeys (ConfUtils.java:logGet(46)) - raft.server.log.preallocated.size = 4194304 (custom)
2024-02-22 20:33:40,886 [86ab988c-fa9c-425d-a1c6-9004ff7fd93d-groupManagement] INFO  server.RaftServerConfigKeys (ConfUtils.java:logGet(46)) - raft.server.log.force.sync.num = 128 (default)
2024-02-22 20:33:40,886 [86ab988c-fa9c-425d-a1c6-9004ff7fd93d-groupManagement] INFO  server.RaftServerConfigKeys (ConfUtils.java:logGet(46)) - raft.server.log.statemachine.data.sync = true (default)
2024-02-22 20:33:40,886 [e780b093-7242-46d7-bd8f-0f810188c7b3-groupManagement] INFO  server.RaftServer$Division (RaftServerImpl.java:<init>(256)) - e780b093-7242-46d7-bd8f-0f810188c7b3: new RaftServerImpl for group-83D984655C73:[86ab988c-fa9c-425d-a1c6-9004ff7fd93d|10.1.0.33:15059, e46a6e51-795f-4801-a523-c45a6c7f2c34|10.1.0.33:15014, e780b093-7242-46d7-bd8f-0f810188c7b3|10.1.0.33:15095] with ContainerStateMachine:uninitialized
2024-02-22 20:33:40,886 [86ab988c-fa9c-425d-a1c6-9004ff7fd93d-groupManagement] INFO  server.RaftServerConfigKeys (ConfUtils.java:logGet(46)) - raft.server.log.statemachine.data.sync.timeout = 10s (default)
2024-02-22 20:33:40,886 [e780b093-7242-46d7-bd8f-0f810188c7b3-groupManagement] INFO  server.RaftServerConfigKeys (ConfUtils.java:logGet(46)) - raft.server.rpc.timeout.min = 5s (custom)
2024-02-22 20:33:40,886 [e780b093-7242-46d7-bd8f-0f810188c7b3-groupManagement] INFO  server.RaftServerConfigKeys (ConfUtils.java:logGet(46)) - raft.server.rpc.timeout.max = 5200ms (custom)
2024-02-22 20:33:40,886 [e780b093-7242-46d7-bd8f-0f810188c7b3-groupManagement] INFO  server.RaftServerConfigKeys (ConfUtils.java:logGet(46)) - raft.server.rpc.sleep.time = 25ms (default)
2024-02-22 20:33:40,886 [e780b093-7242-46d7-bd8f-0f810188c7b3-groupManagement] INFO  server.RaftServerConfigKeys (ConfUtils.java:logGet(46)) - raft.server.rpc.slowness.timeout = 300s (custom)
2024-02-22 20:33:40,886 [e780b093-7242-46d7-bd8f-0f810188c7b3-groupManagement] INFO  server.RaftServerConfigKeys (ConfUtils.java:logGet(46)) - raft.server.leaderelection.leader.step-down.wait-time = 10s (default)
2024-02-22 20:33:40,886 [e780b093-7242-46d7-bd8f-0f810188c7b3-groupManagement] INFO  server.RaftServerConfigKeys (ConfUtils.java:logGet(46)) - raft.server.leaderelection.member.majority-add = false (default)
2024-02-22 20:33:40,886 [e780b093-7242-46d7-bd8f-0f810188c7b3-groupManagement] INFO  server.RaftServerConfigKeys (ConfUtils.java:logGet(46)) - raft.server.sleep.deviation.threshold = 300ms (default)
2024-02-22 20:33:40,886 [86ab988c-fa9c-425d-a1c6-9004ff7fd93d-groupManagement] INFO  server.RaftServerConfigKeys (ConfUtils.java:logGet(46)) - raft.server.log.statemachine.data.sync.timeout.retry = 0 (custom)
2024-02-22 20:33:40,887 [86ab988c-fa9c-425d-a1c6-9004ff7fd93d-groupManagement] INFO  server.RaftServerConfigKeys (ConfUtils.java:logGet(46)) - raft.server.log.write.buffer.size = 8388616 (custom)
2024-02-22 20:33:40,886 [e780b093-7242-46d7-bd8f-0f810188c7b3-groupManagement] INFO  server.RaftServer$Division (ServerState.java:<init>(113)) - e780b093-7242-46d7-bd8f-0f810188c7b3@group-83D984655C73: ConfigurationManager, init=-1: peers:[86ab988c-fa9c-425d-a1c6-9004ff7fd93d|10.1.0.33:15059, e46a6e51-795f-4801-a523-c45a6c7f2c34|10.1.0.33:15014, e780b093-7242-46d7-bd8f-0f810188c7b3|10.1.0.33:15095]|listeners:[], old=null, confs=<EMPTY_MAP>
2024-02-22 20:33:40,888 [e780b093-7242-46d7-bd8f-0f810188c7b3-groupManagement] INFO  server.RaftServerConfigKeys (ConfUtils.java:logGet(46)) - raft.server.notification.no-leader.timeout = 300s (custom)
2024-02-22 20:33:40,888 [e780b093-7242-46d7-bd8f-0f810188c7b3-groupManagement] INFO  server.RaftServerConfigKeys (ConfUtils.java:logGet(46)) - raft.server.read.timeout = 10s (default)
2024-02-22 20:33:40,888 [e780b093-7242-46d7-bd8f-0f810188c7b3-groupManagement] INFO  server.RaftServerConfigKeys (ConfUtils.java:logGet(46)) - raft.server.retrycache.expirytime = 600000ms (custom)
2024-02-22 20:33:40,888 [e780b093-7242-46d7-bd8f-0f810188c7b3-groupManagement] INFO  server.RaftServerConfigKeys (ConfUtils.java:logGet(46)) - raft.server.retrycache.statistics.expirytime = 100ms (default)
2024-02-22 20:33:40,888 [grpc-default-executor-3] INFO  server.RaftServer (RaftServerProxy.java:addNew(100)) - e46a6e51-795f-4801-a523-c45a6c7f2c34: addNew group-BDBAD3AB70B4:[923be64f-71f4-4891-b05d-82ff5a9df5b5|10.1.0.33:15023, e46a6e51-795f-4801-a523-c45a6c7f2c34|10.1.0.33:15014, dc26353c-d48a-467d-89cd-3a7c4b626396|10.1.0.33:15050] returns group-BDBAD3AB70B4:java.util.concurrent.CompletableFuture@32509c5b[Not completed]
2024-02-22 20:33:40,888 [e780b093-7242-46d7-bd8f-0f810188c7b3-groupManagement] INFO  server.RaftServerConfigKeys (ConfUtils.java:logGet(46)) - raft.server.read.option = DEFAULT (default)
2024-02-22 20:33:40,888 [e780b093-7242-46d7-bd8f-0f810188c7b3-groupManagement] INFO  server.RaftServerConfigKeys (ConfUtils.java:logGet(46)) - raft.server.read.read-after-write-consistent.write-index-cache.expiry-time = 60s (default)
2024-02-22 20:33:40,888 [86ab988c-fa9c-425d-a1c6-9004ff7fd93d-groupManagement] INFO  server.RaftServerConfigKeys (ConfUtils.java:logGet(46)) - raft.server.log.appender.buffer.byte-limit = 8388608 (custom)
2024-02-22 20:33:40,889 [86ab988c-fa9c-425d-a1c6-9004ff7fd93d-groupManagement] INFO  server.RaftServerConfigKeys (ConfUtils.java:logGet(46)) - raft.server.log.unsafe-flush.enabled = false (default)
2024-02-22 20:33:40,889 [86ab988c-fa9c-425d-a1c6-9004ff7fd93d-groupManagement] INFO  server.RaftServerConfigKeys (ConfUtils.java:logGet(46)) - raft.server.log.async-flush.enabled = false (default)
2024-02-22 20:33:40,889 [86ab988c-fa9c-425d-a1c6-9004ff7fd93d-groupManagement] INFO  server.RaftServerConfigKeys (ConfUtils.java:logGet(46)) - raft.server.log.statemachine.data.caching.enabled = true (custom)
2024-02-22 20:33:40,889 [86ab988c-fa9c-425d-a1c6-9004ff7fd93d-groupManagement] INFO  segmented.SegmentedRaftLogWorker (SegmentedRaftLogWorker.java:lambda$new$0(134)) - 86ab988c-fa9c-425d-a1c6-9004ff7fd93d@group-83D984655C73-SegmentedRaftLogWorker: flushIndex: setUnconditionally 0 -> -1
2024-02-22 20:33:40,889 [86ab988c-fa9c-425d-a1c6-9004ff7fd93d-groupManagement] INFO  segmented.SegmentedRaftLogWorker (SegmentedRaftLogWorker.java:lambda$new$0(134)) - 86ab988c-fa9c-425d-a1c6-9004ff7fd93d@group-83D984655C73-SegmentedRaftLogWorker: safeCacheEvictIndex: setUnconditionally 0 -> -1
2024-02-22 20:33:40,889 [e46a6e51-795f-4801-a523-c45a6c7f2c34-groupManagement] INFO  server.RaftServer$Division (RaftServerImpl.java:<init>(256)) - e46a6e51-795f-4801-a523-c45a6c7f2c34: new RaftServerImpl for group-BDBAD3AB70B4:[923be64f-71f4-4891-b05d-82ff5a9df5b5|10.1.0.33:15023, e46a6e51-795f-4801-a523-c45a6c7f2c34|10.1.0.33:15014, dc26353c-d48a-467d-89cd-3a7c4b626396|10.1.0.33:15050] with ContainerStateMachine:uninitialized
2024-02-22 20:33:40,889 [e46a6e51-795f-4801-a523-c45a6c7f2c34-groupManagement] INFO  server.RaftServerConfigKeys (ConfUtils.java:logGet(46)) - raft.server.rpc.timeout.min = 5s (custom)
2024-02-22 20:33:40,889 [e46a6e51-795f-4801-a523-c45a6c7f2c34-groupManagement] INFO  server.RaftServerConfigKeys (ConfUtils.java:logGet(46)) - raft.server.rpc.timeout.max = 5200ms (custom)
2024-02-22 20:33:40,889 [e46a6e51-795f-4801-a523-c45a6c7f2c34-groupManagement] INFO  server.RaftServerConfigKeys (ConfUtils.java:logGet(46)) - raft.server.rpc.sleep.time = 25ms (default)
2024-02-22 20:33:40,889 [e46a6e51-795f-4801-a523-c45a6c7f2c34-groupManagement] INFO  server.RaftServerConfigKeys (ConfUtils.java:logGet(46)) - raft.server.rpc.slowness.timeout = 300s (custom)
2024-02-22 20:33:40,890 [e46a6e51-795f-4801-a523-c45a6c7f2c34-groupManagement] INFO  server.RaftServerConfigKeys (ConfUtils.java:logGet(46)) - raft.server.leaderelection.leader.step-down.wait-time = 10s (default)
2024-02-22 20:33:40,890 [e46a6e51-795f-4801-a523-c45a6c7f2c34-groupManagement] INFO  server.RaftServerConfigKeys (ConfUtils.java:logGet(46)) - raft.server.leaderelection.member.majority-add = false (default)
2024-02-22 20:33:40,890 [e46a6e51-795f-4801-a523-c45a6c7f2c34-groupManagement] INFO  server.RaftServerConfigKeys (ConfUtils.java:logGet(46)) - raft.server.sleep.deviation.threshold = 300ms (default)
2024-02-22 20:33:40,890 [e46a6e51-795f-4801-a523-c45a6c7f2c34-groupManagement] INFO  server.RaftServer$Division (ServerState.java:<init>(113)) - e46a6e51-795f-4801-a523-c45a6c7f2c34@group-BDBAD3AB70B4: ConfigurationManager, init=-1: peers:[923be64f-71f4-4891-b05d-82ff5a9df5b5|10.1.0.33:15023, e46a6e51-795f-4801-a523-c45a6c7f2c34|10.1.0.33:15014, dc26353c-d48a-467d-89cd-3a7c4b626396|10.1.0.33:15050]|listeners:[], old=null, confs=<EMPTY_MAP>
2024-02-22 20:33:40,890 [e46a6e51-795f-4801-a523-c45a6c7f2c34-groupManagement] INFO  server.RaftServerConfigKeys (ConfUtils.java:logGet(46)) - raft.server.notification.no-leader.timeout = 300s (custom)
2024-02-22 20:33:40,890 [e46a6e51-795f-4801-a523-c45a6c7f2c34-groupManagement] INFO  server.RaftServerConfigKeys (ConfUtils.java:logGet(46)) - raft.server.read.timeout = 10s (default)
2024-02-22 20:33:40,890 [e46a6e51-795f-4801-a523-c45a6c7f2c34-groupManagement] INFO  server.RaftServerConfigKeys (ConfUtils.java:logGet(46)) - raft.server.retrycache.expirytime = 600000ms (custom)
2024-02-22 20:33:40,890 [e46a6e51-795f-4801-a523-c45a6c7f2c34-groupManagement] INFO  server.RaftServerConfigKeys (ConfUtils.java:logGet(46)) - raft.server.retrycache.statistics.expirytime = 100ms (default)
2024-02-22 20:33:40,890 [e46a6e51-795f-4801-a523-c45a6c7f2c34-groupManagement] INFO  server.RaftServerConfigKeys (ConfUtils.java:logGet(46)) - raft.server.read.option = DEFAULT (default)
2024-02-22 20:33:40,890 [e46a6e51-795f-4801-a523-c45a6c7f2c34-groupManagement] INFO  server.RaftServerConfigKeys (ConfUtils.java:logGet(46)) - raft.server.read.read-after-write-consistent.write-index-cache.expiry-time = 60s (default)
2024-02-22 20:33:40,891 [86ab988c-fa9c-425d-a1c6-9004ff7fd93d-groupManagement] INFO  server.RaftServer$Division (RaftServerImpl.java:start(396)) - 86ab988c-fa9c-425d-a1c6-9004ff7fd93d@group-83D984655C73: start as a follower, conf=-1: peers:[86ab988c-fa9c-425d-a1c6-9004ff7fd93d|10.1.0.33:15059, e46a6e51-795f-4801-a523-c45a6c7f2c34|10.1.0.33:15014, e780b093-7242-46d7-bd8f-0f810188c7b3|10.1.0.33:15095]|listeners:[], old=null
2024-02-22 20:33:40,892 [86ab988c-fa9c-425d-a1c6-9004ff7fd93d-groupManagement] INFO  server.RaftServer$Division (RaftServerImpl.java:setRole(383)) - 86ab988c-fa9c-425d-a1c6-9004ff7fd93d@group-83D984655C73: changes role from      null to FOLLOWER at term 0 for startAsFollower
2024-02-22 20:33:40,892 [86ab988c-fa9c-425d-a1c6-9004ff7fd93d-groupManagement] INFO  impl.RoleInfo (RoleInfo.java:updateAndGet(139)) - 86ab988c-fa9c-425d-a1c6-9004ff7fd93d: start 86ab988c-fa9c-425d-a1c6-9004ff7fd93d@group-83D984655C73-FollowerState
2024-02-22 20:33:40,892 [13f92446-3b18-4d81-bc66-0f9b00220e72-groupManagement] INFO  ratis.ContainerStateMachine (ContainerStateMachine.java:loadSnapshot(287)) - group-C4BFF782AB50: The snapshot info is null. Setting the last applied index to:(t:0, i:~)
2024-02-22 20:33:40,892 [13f92446-3b18-4d81-bc66-0f9b00220e72-groupManagement] INFO  server.RaftServerConfigKeys (ConfUtils.java:logGet(46)) - raft.server.log.use.memory = false (default)
2024-02-22 20:33:40,892 [13f92446-3b18-4d81-bc66-0f9b00220e72-groupManagement] INFO  server.RaftServerConfigKeys (ConfUtils.java:logGet(46)) - raft.server.log.purge.gap = 1000000 (custom)
2024-02-22 20:33:40,893 [13f92446-3b18-4d81-bc66-0f9b00220e72-groupManagement] INFO  server.RaftServerConfigKeys (ConfUtils.java:logGet(46)) - raft.server.log.appender.buffer.byte-limit = 8388608 (custom)
2024-02-22 20:33:40,893 [13f92446-3b18-4d81-bc66-0f9b00220e72-groupManagement] INFO  server.RaftServerConfigKeys (ConfUtils.java:logGet(46)) - raft.server.log.statemachine.data.read.timeout = 1000ms (default)
2024-02-22 20:33:40,893 [13f92446-3b18-4d81-bc66-0f9b00220e72-groupManagement] INFO  server.RaftServerConfigKeys (ConfUtils.java:logGet(46)) - raft.server.log.purge.preservation.log.num = 0 (default)
2024-02-22 20:33:40,893 [86ab988c-fa9c-425d-a1c6-9004ff7fd93d-groupManagement] INFO  util.JmxRegister (JmxRegister.java:tryRegister(44)) - Successfully registered JMX Bean with object name Ratis:service=RaftServer,group=group-83D984655C73,id=86ab988c-fa9c-425d-a1c6-9004ff7fd93d
2024-02-22 20:33:40,893 [86ab988c-fa9c-425d-a1c6-9004ff7fd93d-groupManagement] INFO  server.RaftServerConfigKeys (ConfUtils.java:logGet(46)) - raft.server.snapshot.trigger-when-stop.enabled = true (default)
2024-02-22 20:33:40,893 [86ab988c-fa9c-425d-a1c6-9004ff7fd93d-groupManagement] INFO  server.RaftServerConfigKeys (ConfUtils.java:logGet(46)) - raft.server.snapshot.auto.trigger.enabled = true (custom)
2024-02-22 20:33:40,893 [86ab988c-fa9c-425d-a1c6-9004ff7fd93d-groupManagement] INFO  server.RaftServerConfigKeys (ConfUtils.java:logGet(46)) - raft.server.snapshot.auto.trigger.threshold = 10000 (custom)
2024-02-22 20:33:40,893 [86ab988c-fa9c-425d-a1c6-9004ff7fd93d-groupManagement] INFO  server.RaftServerConfigKeys (ConfUtils.java:logGet(46)) - raft.server.snapshot.retention.file.num = 5 (custom)
2024-02-22 20:33:40,893 [86ab988c-fa9c-425d-a1c6-9004ff7fd93d-groupManagement] INFO  server.RaftServerConfigKeys (ConfUtils.java:logGet(46)) - raft.server.log.purge.upto.snapshot.index = false (default)
2024-02-22 20:33:40,896 [86ab988c-fa9c-425d-a1c6-9004ff7fd93d@group-83D984655C73-FollowerState] INFO  server.RaftServerConfigKeys (ConfUtils.java:logFallback(53)) - raft.server.rpc.first-election.timeout.min = 5s (fallback to raft.server.rpc.timeout.min)
2024-02-22 20:33:40,896 [86ab988c-fa9c-425d-a1c6-9004ff7fd93d@group-83D984655C73-FollowerState] INFO  server.RaftServerConfigKeys (ConfUtils.java:logFallback(53)) - raft.server.rpc.first-election.timeout.max = 5200ms (fallback to raft.server.rpc.timeout.max)
2024-02-22 20:33:40,896 [EventQueue-OpenPipelineForHealthyPipelineSafeModeRule] INFO  safemode.SCMSafeModeManager (HealthyPipelineSafeModeRule.java:process(140)) - SCM in safe mode. Healthy pipelines reported count is 0, required healthy pipeline reported count is 1
2024-02-22 20:33:40,900 [13f92446-3b18-4d81-bc66-0f9b00220e72-groupManagement] INFO  server.RaftServerConfigKeys (ConfUtils.java:logGet(46)) - raft.server.log.segment.size.max = 67108864 (custom)
2024-02-22 20:33:40,901 [4e8f68d6-fd98-4f77-87e3-715939181693-groupManagement] INFO  server.RaftServer$Division (RaftServerImpl.java:start(396)) - 4e8f68d6-fd98-4f77-87e3-715939181693@group-9EB4D3397E8E: start as a follower, conf=-1: peers:[4e8f68d6-fd98-4f77-87e3-715939181693|10.1.0.33:15041]|listeners:[], old=null
2024-02-22 20:33:40,903 [4e8f68d6-fd98-4f77-87e3-715939181693-groupManagement] INFO  server.RaftServer$Division (RaftServerImpl.java:setRole(383)) - 4e8f68d6-fd98-4f77-87e3-715939181693@group-9EB4D3397E8E: changes role from      null to FOLLOWER at term 0 for startAsFollower
2024-02-22 20:33:40,903 [4e8f68d6-fd98-4f77-87e3-715939181693-groupManagement] INFO  impl.RoleInfo (RoleInfo.java:updateAndGet(139)) - 4e8f68d6-fd98-4f77-87e3-715939181693: start 4e8f68d6-fd98-4f77-87e3-715939181693@group-9EB4D3397E8E-FollowerState
2024-02-22 20:33:40,904 [4e8f68d6-fd98-4f77-87e3-715939181693@group-9EB4D3397E8E-FollowerState] INFO  server.RaftServerConfigKeys (ConfUtils.java:logFallback(53)) - raft.server.rpc.first-election.timeout.min = 5s (fallback to raft.server.rpc.timeout.min)
2024-02-22 20:33:40,904 [4e8f68d6-fd98-4f77-87e3-715939181693@group-9EB4D3397E8E-FollowerState] INFO  server.RaftServerConfigKeys (ConfUtils.java:logFallback(53)) - raft.server.rpc.first-election.timeout.max = 5200ms (fallback to raft.server.rpc.timeout.max)
2024-02-22 20:33:40,904 [4e8f68d6-fd98-4f77-87e3-715939181693-groupManagement] INFO  util.JmxRegister (JmxRegister.java:tryRegister(44)) - Successfully registered JMX Bean with object name Ratis:service=RaftServer,group=group-9EB4D3397E8E,id=4e8f68d6-fd98-4f77-87e3-715939181693
2024-02-22 20:33:40,905 [4e8f68d6-fd98-4f77-87e3-715939181693-groupManagement] INFO  server.RaftServerConfigKeys (ConfUtils.java:logGet(46)) - raft.server.snapshot.trigger-when-stop.enabled = true (default)
2024-02-22 20:33:40,905 [4e8f68d6-fd98-4f77-87e3-715939181693-groupManagement] INFO  server.RaftServerConfigKeys (ConfUtils.java:logGet(46)) - raft.server.snapshot.auto.trigger.enabled = true (custom)
2024-02-22 20:33:40,905 [4e8f68d6-fd98-4f77-87e3-715939181693-groupManagement] INFO  server.RaftServerConfigKeys (ConfUtils.java:logGet(46)) - raft.server.snapshot.auto.trigger.threshold = 10000 (custom)
2024-02-22 20:33:40,905 [4e8f68d6-fd98-4f77-87e3-715939181693-groupManagement] INFO  server.RaftServerConfigKeys (ConfUtils.java:logGet(46)) - raft.server.snapshot.retention.file.num = 5 (custom)
2024-02-22 20:33:40,905 [4e8f68d6-fd98-4f77-87e3-715939181693-groupManagement] INFO  server.RaftServerConfigKeys (ConfUtils.java:logGet(46)) - raft.server.log.purge.upto.snapshot.index = false (default)
2024-02-22 20:33:40,908 [13f92446-3b18-4d81-bc66-0f9b00220e72-groupManagement] INFO  server.RaftServerConfigKeys (ConfUtils.java:logGet(46)) - raft.server.log.segment.cache.num.max = 2 (custom)
2024-02-22 20:33:40,908 [13f92446-3b18-4d81-bc66-0f9b00220e72-groupManagement] INFO  server.RaftServerConfigKeys (ConfUtils.java:logGet(46)) - raft.server.log.segment.cache.size.max = 200MB (=209715200) (default)
2024-02-22 20:33:40,908 [13f92446-3b18-4d81-bc66-0f9b00220e72-groupManagement] INFO  server.RaftServerConfigKeys (ConfUtils.java:logGet(46)) - raft.server.log.appender.buffer.byte-limit = 8388608 (custom)
2024-02-22 20:33:40,910 [e46a6e51-795f-4801-a523-c45a6c7f2c34-groupManagement] INFO  server.RaftServerConfigKeys (ConfUtils.java:logGet(46)) - raft.server.rpc.request.timeout = 60s (custom)
2024-02-22 20:33:40,910 [e46a6e51-795f-4801-a523-c45a6c7f2c34-groupManagement] INFO  server.RaftServerConfigKeys (ConfUtils.java:logGet(46)) - raft.server.log.appender.install.snapshot.enabled = false (custom)
2024-02-22 20:33:40,910 [e46a6e51-795f-4801-a523-c45a6c7f2c34-groupManagement] INFO  server.RaftServerConfigKeys (ConfUtils.java:logGet(46)) - raft.server.threadpool.server.cached = true (default)
2024-02-22 20:33:40,910 [e46a6e51-795f-4801-a523-c45a6c7f2c34-groupManagement] INFO  server.RaftServerConfigKeys (ConfUtils.java:logGet(46)) - raft.server.threadpool.server.size = 0 (default)
2024-02-22 20:33:40,910 [e46a6e51-795f-4801-a523-c45a6c7f2c34-groupManagement] INFO  server.RaftServerConfigKeys (ConfUtils.java:logGet(46)) - raft.server.threadpool.client.cached = true (default)
2024-02-22 20:33:40,910 [e46a6e51-795f-4801-a523-c45a6c7f2c34-groupManagement] INFO  server.RaftServerConfigKeys (ConfUtils.java:logGet(46)) - raft.server.threadpool.client.size = 0 (default)
2024-02-22 20:33:40,911 [e46a6e51-795f-4801-a523-c45a6c7f2c34-groupManagement] INFO  server.RaftServerConfigKeys (ConfUtils.java:logGet(46)) - raft.server.storage.free-space.min = 0MB (=0) (default)
2024-02-22 20:33:40,911 [e46a6e51-795f-4801-a523-c45a6c7f2c34-groupManagement] INFO  server.RaftServerConfigKeys (ConfUtils.java:logGet(46)) - raft.server.log.corruption.policy = EXCEPTION (default)
2024-02-22 20:33:40,911 [e46a6e51-795f-4801-a523-c45a6c7f2c34-groupManagement] INFO  server.RaftServerConfigKeys (ConfUtils.java:logGet(46)) - raft.server.storage.dir = [/home/runner/work/ozone/ozone/hadoop-ozone/integration-test/target/test-dir/MiniOzoneClusterImpl-a0fc024b-a492-45a5-9697-b0d14f72cb5c/datanode-0/data/ratis] (custom)
2024-02-22 20:33:40,911 [e46a6e51-795f-4801-a523-c45a6c7f2c34-groupManagement] INFO  storage.RaftStorageDirectory (RaftStorageDirectoryImpl.java:analyzeStorage(138)) - The storage directory /home/runner/work/ozone/ozone/hadoop-ozone/integration-test/target/test-dir/MiniOzoneClusterImpl-a0fc024b-a492-45a5-9697-b0d14f72cb5c/datanode-0/data/ratis/2f90e3ba-f3fd-48ab-9225-bdbad3ab70b4 does not exist. Creating ...
2024-02-22 20:33:40,912 [13f92446-3b18-4d81-bc66-0f9b00220e72-groupManagement] INFO  util.AwaitToRun (AwaitToRun.java:start(81)) - Thread[13f92446-3b18-4d81-bc66-0f9b00220e72@group-C4BFF782AB50-cacheEviction-AwaitToRun,5,main] started
2024-02-22 20:33:40,912 [13f92446-3b18-4d81-bc66-0f9b00220e72-groupManagement] INFO  segmented.SegmentedRaftLogWorker (SegmentedRaftLogWorker.java:<init>(182)) - new 13f92446-3b18-4d81-bc66-0f9b00220e72@group-C4BFF782AB50-SegmentedRaftLogWorker for RaftStorageImpl:Storage Directory /home/runner/work/ozone/ozone/hadoop-ozone/integration-test/target/test-dir/MiniOzoneClusterImpl-a0fc024b-a492-45a5-9697-b0d14f72cb5c/datanode-7/data/ratis/974fd487-4b0f-4554-8c0f-c4bff782ab50
2024-02-22 20:33:40,912 [13f92446-3b18-4d81-bc66-0f9b00220e72-groupManagement] INFO  server.RaftServerConfigKeys (ConfUtils.java:logGet(46)) - raft.server.log.queue.byte-limit = 4294967296 (custom)
2024-02-22 20:33:40,912 [13f92446-3b18-4d81-bc66-0f9b00220e72-groupManagement] INFO  server.RaftServerConfigKeys (ConfUtils.java:logGet(46)) - raft.server.log.queue.element-limit = 1024 (custom)
2024-02-22 20:33:40,912 [13f92446-3b18-4d81-bc66-0f9b00220e72-groupManagement] INFO  server.RaftServerConfigKeys (ConfUtils.java:logGet(46)) - raft.server.log.segment.size.max = 67108864 (custom)
2024-02-22 20:33:40,913 [13f92446-3b18-4d81-bc66-0f9b00220e72-groupManagement] INFO  server.RaftServerConfigKeys (ConfUtils.java:logGet(46)) - raft.server.log.preallocated.size = 4194304 (custom)
2024-02-22 20:33:40,913 [13f92446-3b18-4d81-bc66-0f9b00220e72-groupManagement] INFO  server.RaftServerConfigKeys (ConfUtils.java:logGet(46)) - raft.server.log.force.sync.num = 128 (default)
2024-02-22 20:33:40,913 [13f92446-3b18-4d81-bc66-0f9b00220e72-groupManagement] INFO  server.RaftServerConfigKeys (ConfUtils.java:logGet(46)) - raft.server.log.statemachine.data.sync = true (default)
2024-02-22 20:33:40,913 [13f92446-3b18-4d81-bc66-0f9b00220e72-groupManagement] INFO  server.RaftServerConfigKeys (ConfUtils.java:logGet(46)) - raft.server.log.statemachine.data.sync.timeout = 10s (default)
2024-02-22 20:33:40,913 [13f92446-3b18-4d81-bc66-0f9b00220e72-groupManagement] INFO  server.RaftServerConfigKeys (ConfUtils.java:logGet(46)) - raft.server.log.statemachine.data.sync.timeout.retry = 0 (custom)
2024-02-22 20:33:40,913 [e46a6e51-795f-4801-a523-c45a6c7f2c34-groupManagement] INFO  storage.RaftStorageDirectory (RaftStorageDirectoryImpl.java:tryLock(228)) - Lock on /home/runner/work/ozone/ozone/hadoop-ozone/integration-test/target/test-dir/MiniOzoneClusterImpl-a0fc024b-a492-45a5-9697-b0d14f72cb5c/datanode-0/data/ratis/2f90e3ba-f3fd-48ab-9225-bdbad3ab70b4/in_use.lock acquired by nodename 30552@fv-az779-213
2024-02-22 20:33:40,914 [e46a6e51-795f-4801-a523-c45a6c7f2c34-groupManagement] INFO  storage.RaftStorage (RaftStorageImpl.java:format(99)) - Storage directory /home/runner/work/ozone/ozone/hadoop-ozone/integration-test/target/test-dir/MiniOzoneClusterImpl-a0fc024b-a492-45a5-9697-b0d14f72cb5c/datanode-0/data/ratis/2f90e3ba-f3fd-48ab-9225-bdbad3ab70b4 has been successfully formatted.
2024-02-22 20:33:40,915 [e46a6e51-795f-4801-a523-c45a6c7f2c34-groupManagement] WARN  util.FileUtils (LogUtils.java:supplyAndLog(63)) - Failed to Files.newInputStream /home/runner/work/ozone/ozone/hadoop-ozone/integration-test/target/test-dir/MiniOzoneClusterImpl-a0fc024b-a492-45a5-9697-b0d14f72cb5c/datanode-0/data/ratis/2f90e3ba-f3fd-48ab-9225-bdbad3ab70b4/current/raft-meta.conf with options []: java.nio.file.NoSuchFileException: /home/runner/work/ozone/ozone/hadoop-ozone/integration-test/target/test-dir/MiniOzoneClusterImpl-a0fc024b-a492-45a5-9697-b0d14f72cb5c/datanode-0/data/ratis/2f90e3ba-f3fd-48ab-9225-bdbad3ab70b4/current/raft-meta.conf
2024-02-22 20:33:40,917 [13f92446-3b18-4d81-bc66-0f9b00220e72-groupManagement] INFO  server.RaftServerConfigKeys (ConfUtils.java:logGet(46)) - raft.server.log.write.buffer.size = 8388616 (custom)
2024-02-22 20:33:40,918 [4e8f68d6-fd98-4f77-87e3-715939181693-groupManagement] INFO  server.RaftServerConfigKeys (ConfUtils.java:logGet(46)) - raft.server.storage.free-space.min = 0MB (=0) (default)
2024-02-22 20:33:40,918 [4e8f68d6-fd98-4f77-87e3-715939181693-groupManagement] INFO  server.RaftServerConfigKeys (ConfUtils.java:logGet(46)) - raft.server.log.corruption.policy = EXCEPTION (default)
2024-02-22 20:33:40,918 [4e8f68d6-fd98-4f77-87e3-715939181693-groupManagement] INFO  server.RaftServerConfigKeys (ConfUtils.java:logGet(46)) - raft.server.storage.dir = [/home/runner/work/ozone/ozone/hadoop-ozone/integration-test/target/test-dir/MiniOzoneClusterImpl-a0fc024b-a492-45a5-9697-b0d14f72cb5c/datanode-3/data/ratis] (custom)
2024-02-22 20:33:40,919 [13f92446-3b18-4d81-bc66-0f9b00220e72-groupManagement] INFO  server.RaftServerConfigKeys (ConfUtils.java:logGet(46)) - raft.server.log.appender.buffer.byte-limit = 8388608 (custom)
2024-02-22 20:33:40,919 [13f92446-3b18-4d81-bc66-0f9b00220e72-groupManagement] INFO  server.RaftServerConfigKeys (ConfUtils.java:logGet(46)) - raft.server.log.unsafe-flush.enabled = false (default)
2024-02-22 20:33:40,919 [4e8f68d6-fd98-4f77-87e3-715939181693-groupManagement] INFO  storage.RaftStorageDirectory (RaftStorageDirectoryImpl.java:analyzeStorage(138)) - The storage directory /home/runner/work/ozone/ozone/hadoop-ozone/integration-test/target/test-dir/MiniOzoneClusterImpl-a0fc024b-a492-45a5-9697-b0d14f72cb5c/datanode-3/data/ratis/6139a09f-40c0-48a4-995f-9d5bcf0fdb08 does not exist. Creating ...
2024-02-22 20:33:40,919 [4e8f68d6-fd98-4f77-87e3-715939181693-PipelineCommandHandlerThread-0] INFO  ratis.XceiverServerRatis (XceiverServerRatis.java:addGroup(864)) - Created group PipelineID=aaf85d63-021e-4fec-a035-9eb4d3397e8e
2024-02-22 20:33:40,920 [4e8f68d6-fd98-4f77-87e3-715939181693-PipelineCommandHandlerThread-0] INFO  commandhandler.CreatePipelineCommandHandler (CreatePipelineCommandHandler.java:lambda$handle$2(124)) - Created Pipeline RATIS ONE PipelineID=aaf85d63-021e-4fec-a035-9eb4d3397e8e.
2024-02-22 20:33:40,919 [13f92446-3b18-4d81-bc66-0f9b00220e72-groupManagement] INFO  server.RaftServerConfigKeys (ConfUtils.java:logGet(46)) - raft.server.log.async-flush.enabled = false (default)
2024-02-22 20:33:40,920 [13f92446-3b18-4d81-bc66-0f9b00220e72-groupManagement] INFO  server.RaftServerConfigKeys (ConfUtils.java:logGet(46)) - raft.server.log.statemachine.data.caching.enabled = true (custom)
2024-02-22 20:33:40,920 [4e8f68d6-fd98-4f77-87e3-715939181693-PipelineCommandHandlerThread-0] INFO  server.RaftServer (RaftServerProxy.java:addNew(100)) - 4e8f68d6-fd98-4f77-87e3-715939181693: addNew group-8820B9A2DC65:[78f89d9b-e409-4704-890b-bfcfbcdfd28a|10.1.0.33:15086, d25dc3b0-28fc-4383-b1a0-617845025f41|10.1.0.33:15032, 4e8f68d6-fd98-4f77-87e3-715939181693|10.1.0.33:15041] returns group-8820B9A2DC65:java.util.concurrent.CompletableFuture@556710e5[Not completed]
2024-02-22 20:33:40,920 [13f92446-3b18-4d81-bc66-0f9b00220e72-groupManagement] INFO  segmented.SegmentedRaftLogWorker (SegmentedRaftLogWorker.java:lambda$new$0(134)) - 13f92446-3b18-4d81-bc66-0f9b00220e72@group-C4BFF782AB50-SegmentedRaftLogWorker: flushIndex: setUnconditionally 0 -> -1
2024-02-22 20:33:40,920 [13f92446-3b18-4d81-bc66-0f9b00220e72-groupManagement] INFO  segmented.SegmentedRaftLogWorker (SegmentedRaftLogWorker.java:lambda$new$0(134)) - 13f92446-3b18-4d81-bc66-0f9b00220e72@group-C4BFF782AB50-SegmentedRaftLogWorker: safeCacheEvictIndex: setUnconditionally 0 -> -1
2024-02-22 20:33:40,920 [e780b093-7242-46d7-bd8f-0f810188c7b3-groupManagement] INFO  server.RaftServerConfigKeys (ConfUtils.java:logGet(46)) - raft.server.rpc.request.timeout = 60s (custom)
2024-02-22 20:33:40,920 [e780b093-7242-46d7-bd8f-0f810188c7b3-groupManagement] INFO  server.RaftServerConfigKeys (ConfUtils.java:logGet(46)) - raft.server.log.appender.install.snapshot.enabled = false (custom)
2024-02-22 20:33:40,920 [e780b093-7242-46d7-bd8f-0f810188c7b3-groupManagement] INFO  server.RaftServerConfigKeys (ConfUtils.java:logGet(46)) - raft.server.threadpool.server.cached = true (default)
2024-02-22 20:33:40,920 [e780b093-7242-46d7-bd8f-0f810188c7b3-groupManagement] INFO  server.RaftServerConfigKeys (ConfUtils.java:logGet(46)) - raft.server.threadpool.server.size = 0 (default)
2024-02-22 20:33:40,921 [e780b093-7242-46d7-bd8f-0f810188c7b3-groupManagement] INFO  server.RaftServerConfigKeys (ConfUtils.java:logGet(46)) - raft.server.threadpool.client.cached = true (default)
2024-02-22 20:33:40,921 [e780b093-7242-46d7-bd8f-0f810188c7b3-groupManagement] INFO  server.RaftServerConfigKeys (ConfUtils.java:logGet(46)) - raft.server.threadpool.client.size = 0 (default)
2024-02-22 20:33:40,921 [4e8f68d6-fd98-4f77-87e3-715939181693-groupManagement] INFO  storage.RaftStorageDirectory (RaftStorageDirectoryImpl.java:tryLock(228)) - Lock on /home/runner/work/ozone/ozone/hadoop-ozone/integration-test/target/test-dir/MiniOzoneClusterImpl-a0fc024b-a492-45a5-9697-b0d14f72cb5c/datanode-3/data/ratis/6139a09f-40c0-48a4-995f-9d5bcf0fdb08/in_use.lock acquired by nodename 30552@fv-az779-213
2024-02-22 20:33:40,922 [e780b093-7242-46d7-bd8f-0f810188c7b3-groupManagement] INFO  server.RaftServer$Division (RaftServerImpl.java:<init>(256)) - e780b093-7242-46d7-bd8f-0f810188c7b3: new RaftServerImpl for group-1944BBB8D763:[86ab988c-fa9c-425d-a1c6-9004ff7fd93d|10.1.0.33:15059, e46a6e51-795f-4801-a523-c45a6c7f2c34|10.1.0.33:15014, e780b093-7242-46d7-bd8f-0f810188c7b3|10.1.0.33:15095] with ContainerStateMachine:uninitialized
2024-02-22 20:33:40,922 [e780b093-7242-46d7-bd8f-0f810188c7b3-groupManagement] INFO  server.RaftServerConfigKeys (ConfUtils.java:logGet(46)) - raft.server.rpc.timeout.min = 5s (custom)
2024-02-22 20:33:40,922 [e780b093-7242-46d7-bd8f-0f810188c7b3-groupManagement] INFO  server.RaftServerConfigKeys (ConfUtils.java:logGet(46)) - raft.server.rpc.timeout.max = 5200ms (custom)
2024-02-22 20:33:40,922 [e780b093-7242-46d7-bd8f-0f810188c7b3-groupManagement] INFO  server.RaftServerConfigKeys (ConfUtils.java:logGet(46)) - raft.server.rpc.sleep.time = 25ms (default)
2024-02-22 20:33:40,922 [e780b093-7242-46d7-bd8f-0f810188c7b3-groupManagement] INFO  server.RaftServerConfigKeys (ConfUtils.java:logGet(46)) - raft.server.rpc.slowness.timeout = 300s (custom)
2024-02-22 20:33:40,922 [e780b093-7242-46d7-bd8f-0f810188c7b3-groupManagement] INFO  server.RaftServerConfigKeys (ConfUtils.java:logGet(46)) - raft.server.leaderelection.leader.step-down.wait-time = 10s (default)
2024-02-22 20:33:40,922 [e780b093-7242-46d7-bd8f-0f810188c7b3-groupManagement] INFO  server.RaftServerConfigKeys (ConfUtils.java:logGet(46)) - raft.server.leaderelection.member.majority-add = false (default)
2024-02-22 20:33:40,922 [e780b093-7242-46d7-bd8f-0f810188c7b3-groupManagement] INFO  server.RaftServerConfigKeys (ConfUtils.java:logGet(46)) - raft.server.sleep.deviation.threshold = 300ms (default)
2024-02-22 20:33:40,922 [e780b093-7242-46d7-bd8f-0f810188c7b3-groupManagement] INFO  server.RaftServer$Division (ServerState.java:<init>(113)) - e780b093-7242-46d7-bd8f-0f810188c7b3@group-1944BBB8D763: ConfigurationManager, init=-1: peers:[86ab988c-fa9c-425d-a1c6-9004ff7fd93d|10.1.0.33:15059, e46a6e51-795f-4801-a523-c45a6c7f2c34|10.1.0.33:15014, e780b093-7242-46d7-bd8f-0f810188c7b3|10.1.0.33:15095]|listeners:[], old=null, confs=<EMPTY_MAP>
2024-02-22 20:33:40,922 [e780b093-7242-46d7-bd8f-0f810188c7b3-groupManagement] INFO  server.RaftServerConfigKeys (ConfUtils.java:logGet(46)) - raft.server.notification.no-leader.timeout = 300s (custom)
2024-02-22 20:33:40,922 [e780b093-7242-46d7-bd8f-0f810188c7b3-groupManagement] INFO  server.RaftServerConfigKeys (ConfUtils.java:logGet(46)) - raft.server.read.timeout = 10s (default)
2024-02-22 20:33:40,922 [e780b093-7242-46d7-bd8f-0f810188c7b3-groupManagement] INFO  server.RaftServerConfigKeys (ConfUtils.java:logGet(46)) - raft.server.retrycache.expirytime = 600000ms (custom)
2024-02-22 20:33:40,922 [e780b093-7242-46d7-bd8f-0f810188c7b3-groupManagement] INFO  server.RaftServerConfigKeys (ConfUtils.java:logGet(46)) - raft.server.retrycache.statistics.expirytime = 100ms (default)
2024-02-22 20:33:40,923 [e780b093-7242-46d7-bd8f-0f810188c7b3-groupManagement] INFO  server.RaftServerConfigKeys (ConfUtils.java:logGet(46)) - raft.server.read.option = DEFAULT (default)
2024-02-22 20:33:40,923 [e780b093-7242-46d7-bd8f-0f810188c7b3-groupManagement] INFO  server.RaftServerConfigKeys (ConfUtils.java:logGet(46)) - raft.server.read.read-after-write-consistent.write-index-cache.expiry-time = 60s (default)
2024-02-22 20:33:40,923 [86ab988c-fa9c-425d-a1c6-9004ff7fd93d-PipelineCommandHandlerThread-0] INFO  ratis.XceiverServerRatis (XceiverServerRatis.java:addGroup(864)) - Created group PipelineID=0077ebc2-8b09-4842-8a13-83d984655c73
2024-02-22 20:33:40,925 [e46a6e51-795f-4801-a523-c45a6c7f2c34-groupManagement] INFO  ratis.ContainerStateMachine (ContainerStateMachine.java:loadSnapshot(287)) - group-BDBAD3AB70B4: The snapshot info is null. Setting the last applied index to:(t:0, i:~)
2024-02-22 20:33:40,925 [e46a6e51-795f-4801-a523-c45a6c7f2c34-groupManagement] INFO  server.RaftServerConfigKeys (ConfUtils.java:logGet(46)) - raft.server.log.use.memory = false (default)
2024-02-22 20:33:40,925 [e46a6e51-795f-4801-a523-c45a6c7f2c34-groupManagement] INFO  server.RaftServerConfigKeys (ConfUtils.java:logGet(46)) - raft.server.log.purge.gap = 1000000 (custom)
2024-02-22 20:33:40,926 [e46a6e51-795f-4801-a523-c45a6c7f2c34-groupManagement] INFO  server.RaftServerConfigKeys (ConfUtils.java:logGet(46)) - raft.server.log.appender.buffer.byte-limit = 8388608 (custom)
2024-02-22 20:33:40,926 [e46a6e51-795f-4801-a523-c45a6c7f2c34-groupManagement] INFO  server.RaftServerConfigKeys (ConfUtils.java:logGet(46)) - raft.server.log.statemachine.data.read.timeout = 1000ms (default)
2024-02-22 20:33:40,926 [e46a6e51-795f-4801-a523-c45a6c7f2c34-groupManagement] INFO  server.RaftServerConfigKeys (ConfUtils.java:logGet(46)) - raft.server.log.purge.preservation.log.num = 0 (default)
2024-02-22 20:33:40,931 [4e8f68d6-fd98-4f77-87e3-715939181693-groupManagement] INFO  storage.RaftStorage (RaftStorageImpl.java:format(99)) - Storage directory /home/runner/work/ozone/ozone/hadoop-ozone/integration-test/target/test-dir/MiniOzoneClusterImpl-a0fc024b-a492-45a5-9697-b0d14f72cb5c/datanode-3/data/ratis/6139a09f-40c0-48a4-995f-9d5bcf0fdb08 has been successfully formatted.
2024-02-22 20:33:40,931 [4e8f68d6-fd98-4f77-87e3-715939181693-groupManagement] WARN  util.FileUtils (LogUtils.java:supplyAndLog(63)) - Failed to Files.newInputStream /home/runner/work/ozone/ozone/hadoop-ozone/integration-test/target/test-dir/MiniOzoneClusterImpl-a0fc024b-a492-45a5-9697-b0d14f72cb5c/datanode-3/data/ratis/6139a09f-40c0-48a4-995f-9d5bcf0fdb08/current/raft-meta.conf with options []: java.nio.file.NoSuchFileException: /home/runner/work/ozone/ozone/hadoop-ozone/integration-test/target/test-dir/MiniOzoneClusterImpl-a0fc024b-a492-45a5-9697-b0d14f72cb5c/datanode-3/data/ratis/6139a09f-40c0-48a4-995f-9d5bcf0fdb08/current/raft-meta.conf
2024-02-22 20:33:40,932 [4e8f68d6-fd98-4f77-87e3-715939181693-groupManagement] INFO  ratis.ContainerStateMachine (ContainerStateMachine.java:loadSnapshot(287)) - group-9D5BCF0FDB08: The snapshot info is null. Setting the last applied index to:(t:0, i:~)
2024-02-22 20:33:40,932 [4e8f68d6-fd98-4f77-87e3-715939181693-groupManagement] INFO  server.RaftServerConfigKeys (ConfUtils.java:logGet(46)) - raft.server.log.use.memory = false (default)
2024-02-22 20:33:40,932 [4e8f68d6-fd98-4f77-87e3-715939181693-groupManagement] INFO  server.RaftServerConfigKeys (ConfUtils.java:logGet(46)) - raft.server.log.purge.gap = 1000000 (custom)
2024-02-22 20:33:40,932 [4e8f68d6-fd98-4f77-87e3-715939181693-groupManagement] INFO  server.RaftServerConfigKeys (ConfUtils.java:logGet(46)) - raft.server.log.appender.buffer.byte-limit = 8388608 (custom)
2024-02-22 20:33:40,932 [4e8f68d6-fd98-4f77-87e3-715939181693-groupManagement] INFO  server.RaftServerConfigKeys (ConfUtils.java:logGet(46)) - raft.server.log.statemachine.data.read.timeout = 1000ms (default)
2024-02-22 20:33:40,932 [4e8f68d6-fd98-4f77-87e3-715939181693-groupManagement] INFO  server.RaftServerConfigKeys (ConfUtils.java:logGet(46)) - raft.server.log.purge.preservation.log.num = 0 (default)
2024-02-22 20:33:40,937 [EventQueue-OpenPipelineForHealthyPipelineSafeModeRule] INFO  safemode.SCMSafeModeManager (HealthyPipelineSafeModeRule.java:process(140)) - SCM in safe mode. Healthy pipelines reported count is 0, required healthy pipeline reported count is 1
2024-02-22 20:33:40,937 [EventQueue-OpenPipelineForHealthyPipelineSafeModeRule] INFO  safemode.SCMSafeModeManager (HealthyPipelineSafeModeRule.java:process(140)) - SCM in safe mode. Healthy pipelines reported count is 0, required healthy pipeline reported count is 1
2024-02-22 20:33:40,937 [EventQueue-OpenPipelineForHealthyPipelineSafeModeRule] INFO  safemode.SCMSafeModeManager (HealthyPipelineSafeModeRule.java:process(140)) - SCM in safe mode. Healthy pipelines reported count is 0, required healthy pipeline reported count is 1
2024-02-22 20:33:40,937 [EventQueue-OpenPipelineForHealthyPipelineSafeModeRule] INFO  safemode.SCMSafeModeManager (HealthyPipelineSafeModeRule.java:process(140)) - SCM in safe mode. Healthy pipelines reported count is 0, required healthy pipeline reported count is 1
2024-02-22 20:33:40,939 [13f92446-3b18-4d81-bc66-0f9b00220e72-groupManagement] INFO  server.RaftServer$Division (RaftServerImpl.java:start(396)) - 13f92446-3b18-4d81-bc66-0f9b00220e72@group-C4BFF782AB50: start as a follower, conf=-1: peers:[78f89d9b-e409-4704-890b-bfcfbcdfd28a|10.1.0.33:15086, c30fedce-f286-40e0-881d-3d5a9a6e2463|10.1.0.33:15068, 13f92446-3b18-4d81-bc66-0f9b00220e72|10.1.0.33:15077]|listeners:[], old=null
2024-02-22 20:33:40,939 [13f92446-3b18-4d81-bc66-0f9b00220e72-groupManagement] INFO  server.RaftServer$Division (RaftServerImpl.java:setRole(383)) - 13f92446-3b18-4d81-bc66-0f9b00220e72@group-C4BFF782AB50: changes role from      null to FOLLOWER at term 0 for startAsFollower
2024-02-22 20:33:40,943 [e46a6e51-795f-4801-a523-c45a6c7f2c34-groupManagement] INFO  server.RaftServerConfigKeys (ConfUtils.java:logGet(46)) - raft.server.log.segment.size.max = 67108864 (custom)
2024-02-22 20:33:40,946 [e46a6e51-795f-4801-a523-c45a6c7f2c34-groupManagement] INFO  server.RaftServerConfigKeys (ConfUtils.java:logGet(46)) - raft.server.log.segment.cache.num.max = 2 (custom)
2024-02-22 20:33:40,946 [e46a6e51-795f-4801-a523-c45a6c7f2c34-groupManagement] INFO  server.RaftServerConfigKeys (ConfUtils.java:logGet(46)) - raft.server.log.segment.cache.size.max = 200MB (=209715200) (default)
2024-02-22 20:33:40,946 [e46a6e51-795f-4801-a523-c45a6c7f2c34-groupManagement] INFO  server.RaftServerConfigKeys (ConfUtils.java:logGet(46)) - raft.server.log.appender.buffer.byte-limit = 8388608 (custom)
2024-02-22 20:33:40,944 [4e8f68d6-fd98-4f77-87e3-715939181693-groupManagement] INFO  server.RaftServerConfigKeys (ConfUtils.java:logGet(46)) - raft.server.log.segment.size.max = 67108864 (custom)
2024-02-22 20:33:40,947 [4e8f68d6-fd98-4f77-87e3-715939181693-groupManagement] INFO  server.RaftServerConfigKeys (ConfUtils.java:logGet(46)) - raft.server.log.segment.cache.num.max = 2 (custom)
2024-02-22 20:33:40,947 [4e8f68d6-fd98-4f77-87e3-715939181693-groupManagement] INFO  server.RaftServerConfigKeys (ConfUtils.java:logGet(46)) - raft.server.log.segment.cache.size.max = 200MB (=209715200) (default)
2024-02-22 20:33:40,947 [4e8f68d6-fd98-4f77-87e3-715939181693-groupManagement] INFO  server.RaftServerConfigKeys (ConfUtils.java:logGet(46)) - raft.server.log.appender.buffer.byte-limit = 8388608 (custom)
2024-02-22 20:33:40,950 [e780b093-7242-46d7-bd8f-0f810188c7b3-groupManagement] INFO  server.RaftServerConfigKeys (ConfUtils.java:logGet(46)) - raft.server.rpc.request.timeout = 60s (custom)
2024-02-22 20:33:40,950 [e780b093-7242-46d7-bd8f-0f810188c7b3-groupManagement] INFO  server.RaftServerConfigKeys (ConfUtils.java:logGet(46)) - raft.server.log.appender.install.snapshot.enabled = false (custom)
2024-02-22 20:33:40,950 [e780b093-7242-46d7-bd8f-0f810188c7b3-groupManagement] INFO  server.RaftServerConfigKeys (ConfUtils.java:logGet(46)) - raft.server.threadpool.server.cached = true (default)
2024-02-22 20:33:40,950 [e780b093-7242-46d7-bd8f-0f810188c7b3-groupManagement] INFO  server.RaftServerConfigKeys (ConfUtils.java:logGet(46)) - raft.server.threadpool.server.size = 0 (default)
2024-02-22 20:33:40,950 [e780b093-7242-46d7-bd8f-0f810188c7b3-groupManagement] INFO  server.RaftServerConfigKeys (ConfUtils.java:logGet(46)) - raft.server.threadpool.client.cached = true (default)
2024-02-22 20:33:40,950 [e780b093-7242-46d7-bd8f-0f810188c7b3-groupManagement] INFO  server.RaftServerConfigKeys (ConfUtils.java:logGet(46)) - raft.server.threadpool.client.size = 0 (default)
2024-02-22 20:33:40,951 [e780b093-7242-46d7-bd8f-0f810188c7b3-groupManagement] INFO  server.RaftServerConfigKeys (ConfUtils.java:logGet(46)) - raft.server.storage.free-space.min = 0MB (=0) (default)
2024-02-22 20:33:40,951 [e780b093-7242-46d7-bd8f-0f810188c7b3-groupManagement] INFO  server.RaftServerConfigKeys (ConfUtils.java:logGet(46)) - raft.server.log.corruption.policy = EXCEPTION (default)
2024-02-22 20:33:40,951 [e780b093-7242-46d7-bd8f-0f810188c7b3-groupManagement] INFO  server.RaftServerConfigKeys (ConfUtils.java:logGet(46)) - raft.server.storage.dir = [/home/runner/work/ozone/ozone/hadoop-ozone/integration-test/target/test-dir/MiniOzoneClusterImpl-a0fc024b-a492-45a5-9697-b0d14f72cb5c/datanode-9/data/ratis] (custom)
2024-02-22 20:33:40,951 [e780b093-7242-46d7-bd8f-0f810188c7b3-groupManagement] INFO  storage.RaftStorageDirectory (RaftStorageDirectoryImpl.java:analyzeStorage(138)) - The storage directory /home/runner/work/ozone/ozone/hadoop-ozone/integration-test/target/test-dir/MiniOzoneClusterImpl-a0fc024b-a492-45a5-9697-b0d14f72cb5c/datanode-9/data/ratis/b7ad60d3-b3bb-4da3-89ae-a538022c1006 does not exist. Creating ...
2024-02-22 20:33:40,952 [e780b093-7242-46d7-bd8f-0f810188c7b3-groupManagement] INFO  storage.RaftStorageDirectory (RaftStorageDirectoryImpl.java:tryLock(228)) - Lock on /home/runner/work/ozone/ozone/hadoop-ozone/integration-test/target/test-dir/MiniOzoneClusterImpl-a0fc024b-a492-45a5-9697-b0d14f72cb5c/datanode-9/data/ratis/b7ad60d3-b3bb-4da3-89ae-a538022c1006/in_use.lock acquired by nodename 30552@fv-az779-213
2024-02-22 20:33:40,954 [e780b093-7242-46d7-bd8f-0f810188c7b3-groupManagement] INFO  storage.RaftStorage (RaftStorageImpl.java:format(99)) - Storage directory /home/runner/work/ozone/ozone/hadoop-ozone/integration-test/target/test-dir/MiniOzoneClusterImpl-a0fc024b-a492-45a5-9697-b0d14f72cb5c/datanode-9/data/ratis/b7ad60d3-b3bb-4da3-89ae-a538022c1006 has been successfully formatted.
2024-02-22 20:33:40,954 [e780b093-7242-46d7-bd8f-0f810188c7b3-groupManagement] WARN  util.FileUtils (LogUtils.java:supplyAndLog(63)) - Failed to Files.newInputStream /home/runner/work/ozone/ozone/hadoop-ozone/integration-test/target/test-dir/MiniOzoneClusterImpl-a0fc024b-a492-45a5-9697-b0d14f72cb5c/datanode-9/data/ratis/b7ad60d3-b3bb-4da3-89ae-a538022c1006/current/raft-meta.conf with options []: java.nio.file.NoSuchFileException: /home/runner/work/ozone/ozone/hadoop-ozone/integration-test/target/test-dir/MiniOzoneClusterImpl-a0fc024b-a492-45a5-9697-b0d14f72cb5c/datanode-9/data/ratis/b7ad60d3-b3bb-4da3-89ae-a538022c1006/current/raft-meta.conf
2024-02-22 20:33:40,959 [13f92446-3b18-4d81-bc66-0f9b00220e72-groupManagement] INFO  impl.RoleInfo (RoleInfo.java:updateAndGet(139)) - 13f92446-3b18-4d81-bc66-0f9b00220e72: start 13f92446-3b18-4d81-bc66-0f9b00220e72@group-C4BFF782AB50-FollowerState
2024-02-22 20:33:40,966 [13f92446-3b18-4d81-bc66-0f9b00220e72-groupManagement] INFO  util.JmxRegister (JmxRegister.java:tryRegister(44)) - Successfully registered JMX Bean with object name Ratis:service=RaftServer,group=group-C4BFF782AB50,id=13f92446-3b18-4d81-bc66-0f9b00220e72
2024-02-22 20:33:40,966 [13f92446-3b18-4d81-bc66-0f9b00220e72-groupManagement] INFO  server.RaftServerConfigKeys (ConfUtils.java:logGet(46)) - raft.server.snapshot.trigger-when-stop.enabled = true (default)
2024-02-22 20:33:40,966 [13f92446-3b18-4d81-bc66-0f9b00220e72-groupManagement] INFO  server.RaftServerConfigKeys (ConfUtils.java:logGet(46)) - raft.server.snapshot.auto.trigger.enabled = true (custom)
2024-02-22 20:33:40,966 [13f92446-3b18-4d81-bc66-0f9b00220e72-groupManagement] INFO  server.RaftServerConfigKeys (ConfUtils.java:logGet(46)) - raft.server.snapshot.auto.trigger.threshold = 10000 (custom)
2024-02-22 20:33:40,966 [13f92446-3b18-4d81-bc66-0f9b00220e72-groupManagement] INFO  server.RaftServerConfigKeys (ConfUtils.java:logGet(46)) - raft.server.snapshot.retention.file.num = 5 (custom)
2024-02-22 20:33:40,966 [13f92446-3b18-4d81-bc66-0f9b00220e72-groupManagement] INFO  server.RaftServerConfigKeys (ConfUtils.java:logGet(46)) - raft.server.log.purge.upto.snapshot.index = false (default)
2024-02-22 20:33:40,966 [13f92446-3b18-4d81-bc66-0f9b00220e72@group-C4BFF782AB50-FollowerState] INFO  server.RaftServerConfigKeys (ConfUtils.java:logFallback(53)) - raft.server.rpc.first-election.timeout.min = 5s (fallback to raft.server.rpc.timeout.min)
2024-02-22 20:33:40,967 [13f92446-3b18-4d81-bc66-0f9b00220e72@group-C4BFF782AB50-FollowerState] INFO  server.RaftServerConfigKeys (ConfUtils.java:logFallback(53)) - raft.server.rpc.first-election.timeout.max = 5200ms (fallback to raft.server.rpc.timeout.max)
2024-02-22 20:33:40,967 [13f92446-3b18-4d81-bc66-0f9b00220e72-PipelineCommandHandlerThread-0] INFO  ratis.XceiverServerRatis (XceiverServerRatis.java:addGroup(864)) - Created group PipelineID=974fd487-4b0f-4554-8c0f-c4bff782ab50
2024-02-22 20:33:40,971 [e780b093-7242-46d7-bd8f-0f810188c7b3-groupManagement] INFO  ratis.ContainerStateMachine (ContainerStateMachine.java:loadSnapshot(287)) - group-A538022C1006: The snapshot info is null. Setting the last applied index to:(t:0, i:~)
2024-02-22 20:33:40,972 [e780b093-7242-46d7-bd8f-0f810188c7b3-groupManagement] INFO  server.RaftServerConfigKeys (ConfUtils.java:logGet(46)) - raft.server.log.use.memory = false (default)
2024-02-22 20:33:40,972 [e780b093-7242-46d7-bd8f-0f810188c7b3-groupManagement] INFO  server.RaftServerConfigKeys (ConfUtils.java:logGet(46)) - raft.server.log.purge.gap = 1000000 (custom)
2024-02-22 20:33:40,973 [e780b093-7242-46d7-bd8f-0f810188c7b3-groupManagement] INFO  server.RaftServerConfigKeys (ConfUtils.java:logGet(46)) - raft.server.log.appender.buffer.byte-limit = 8388608 (custom)
2024-02-22 20:33:40,973 [e780b093-7242-46d7-bd8f-0f810188c7b3-groupManagement] INFO  server.RaftServerConfigKeys (ConfUtils.java:logGet(46)) - raft.server.log.statemachine.data.read.timeout = 1000ms (default)
2024-02-22 20:33:40,973 [EventQueue-OpenPipelineForHealthyPipelineSafeModeRule] INFO  safemode.SCMSafeModeManager (HealthyPipelineSafeModeRule.java:process(140)) - SCM in safe mode. Healthy pipelines reported count is 0, required healthy pipeline reported count is 1
2024-02-22 20:33:40,974 [e780b093-7242-46d7-bd8f-0f810188c7b3-groupManagement] INFO  server.RaftServerConfigKeys (ConfUtils.java:logGet(46)) - raft.server.log.purge.preservation.log.num = 0 (default)
2024-02-22 20:33:40,974 [4e8f68d6-fd98-4f77-87e3-715939181693-groupManagement] INFO  util.AwaitToRun (AwaitToRun.java:start(81)) - Thread[4e8f68d6-fd98-4f77-87e3-715939181693@group-9D5BCF0FDB08-cacheEviction-AwaitToRun,5,main] started
2024-02-22 20:33:40,975 [4e8f68d6-fd98-4f77-87e3-715939181693-groupManagement] INFO  segmented.SegmentedRaftLogWorker (SegmentedRaftLogWorker.java:<init>(182)) - new 4e8f68d6-fd98-4f77-87e3-715939181693@group-9D5BCF0FDB08-SegmentedRaftLogWorker for RaftStorageImpl:Storage Directory /home/runner/work/ozone/ozone/hadoop-ozone/integration-test/target/test-dir/MiniOzoneClusterImpl-a0fc024b-a492-45a5-9697-b0d14f72cb5c/datanode-3/data/ratis/6139a09f-40c0-48a4-995f-9d5bcf0fdb08
2024-02-22 20:33:40,975 [4e8f68d6-fd98-4f77-87e3-715939181693-groupManagement] INFO  server.RaftServerConfigKeys (ConfUtils.java:logGet(46)) - raft.server.log.queue.byte-limit = 4294967296 (custom)
2024-02-22 20:33:40,975 [4e8f68d6-fd98-4f77-87e3-715939181693-groupManagement] INFO  server.RaftServerConfigKeys (ConfUtils.java:logGet(46)) - raft.server.log.queue.element-limit = 1024 (custom)
2024-02-22 20:33:40,975 [4e8f68d6-fd98-4f77-87e3-715939181693-groupManagement] INFO  server.RaftServerConfigKeys (ConfUtils.java:logGet(46)) - raft.server.log.segment.size.max = 67108864 (custom)
2024-02-22 20:33:40,975 [4e8f68d6-fd98-4f77-87e3-715939181693-groupManagement] INFO  server.RaftServerConfigKeys (ConfUtils.java:logGet(46)) - raft.server.log.preallocated.size = 4194304 (custom)
2024-02-22 20:33:40,975 [4e8f68d6-fd98-4f77-87e3-715939181693-groupManagement] INFO  server.RaftServerConfigKeys (ConfUtils.java:logGet(46)) - raft.server.log.force.sync.num = 128 (default)
2024-02-22 20:33:40,975 [4e8f68d6-fd98-4f77-87e3-715939181693-groupManagement] INFO  server.RaftServerConfigKeys (ConfUtils.java:logGet(46)) - raft.server.log.statemachine.data.sync = true (default)
2024-02-22 20:33:40,975 [4e8f68d6-fd98-4f77-87e3-715939181693-groupManagement] INFO  server.RaftServerConfigKeys (ConfUtils.java:logGet(46)) - raft.server.log.statemachine.data.sync.timeout = 10s (default)
2024-02-22 20:33:40,975 [4e8f68d6-fd98-4f77-87e3-715939181693-groupManagement] INFO  server.RaftServerConfigKeys (ConfUtils.java:logGet(46)) - raft.server.log.statemachine.data.sync.timeout.retry = 0 (custom)
2024-02-22 20:33:40,975 [e46a6e51-795f-4801-a523-c45a6c7f2c34-groupManagement] INFO  util.AwaitToRun (AwaitToRun.java:start(81)) - Thread[e46a6e51-795f-4801-a523-c45a6c7f2c34@group-BDBAD3AB70B4-cacheEviction-AwaitToRun,5,main] started
2024-02-22 20:33:40,975 [e46a6e51-795f-4801-a523-c45a6c7f2c34-groupManagement] INFO  segmented.SegmentedRaftLogWorker (SegmentedRaftLogWorker.java:<init>(182)) - new e46a6e51-795f-4801-a523-c45a6c7f2c34@group-BDBAD3AB70B4-SegmentedRaftLogWorker for RaftStorageImpl:Storage Directory /home/runner/work/ozone/ozone/hadoop-ozone/integration-test/target/test-dir/MiniOzoneClusterImpl-a0fc024b-a492-45a5-9697-b0d14f72cb5c/datanode-0/data/ratis/2f90e3ba-f3fd-48ab-9225-bdbad3ab70b4
2024-02-22 20:33:40,976 [e46a6e51-795f-4801-a523-c45a6c7f2c34-groupManagement] INFO  server.RaftServerConfigKeys (ConfUtils.java:logGet(46)) - raft.server.log.queue.byte-limit = 4294967296 (custom)
2024-02-22 20:33:40,976 [e46a6e51-795f-4801-a523-c45a6c7f2c34-groupManagement] INFO  server.RaftServerConfigKeys (ConfUtils.java:logGet(46)) - raft.server.log.queue.element-limit = 1024 (custom)
2024-02-22 20:33:40,976 [e46a6e51-795f-4801-a523-c45a6c7f2c34-groupManagement] INFO  server.RaftServerConfigKeys (ConfUtils.java:logGet(46)) - raft.server.log.segment.size.max = 67108864 (custom)
2024-02-22 20:33:40,976 [e46a6e51-795f-4801-a523-c45a6c7f2c34-groupManagement] INFO  server.RaftServerConfigKeys (ConfUtils.java:logGet(46)) - raft.server.log.preallocated.size = 4194304 (custom)
2024-02-22 20:33:40,976 [e46a6e51-795f-4801-a523-c45a6c7f2c34-groupManagement] INFO  server.RaftServerConfigKeys (ConfUtils.java:logGet(46)) - raft.server.log.force.sync.num = 128 (default)
2024-02-22 20:33:40,976 [e46a6e51-795f-4801-a523-c45a6c7f2c34-groupManagement] INFO  server.RaftServerConfigKeys (ConfUtils.java:logGet(46)) - raft.server.log.statemachine.data.sync = true (default)
2024-02-22 20:33:40,976 [e46a6e51-795f-4801-a523-c45a6c7f2c34-groupManagement] INFO  server.RaftServerConfigKeys (ConfUtils.java:logGet(46)) - raft.server.log.statemachine.data.sync.timeout = 10s (default)
2024-02-22 20:33:40,976 [e46a6e51-795f-4801-a523-c45a6c7f2c34-groupManagement] INFO  server.RaftServerConfigKeys (ConfUtils.java:logGet(46)) - raft.server.log.statemachine.data.sync.timeout.retry = 0 (custom)
2024-02-22 20:33:40,978 [4e8f68d6-fd98-4f77-87e3-715939181693-groupManagement] INFO  server.RaftServerConfigKeys (ConfUtils.java:logGet(46)) - raft.server.log.write.buffer.size = 8388616 (custom)
2024-02-22 20:33:40,980 [4e8f68d6-fd98-4f77-87e3-715939181693-groupManagement] INFO  server.RaftServerConfigKeys (ConfUtils.java:logGet(46)) - raft.server.log.appender.buffer.byte-limit = 8388608 (custom)
2024-02-22 20:33:40,980 [4e8f68d6-fd98-4f77-87e3-715939181693-groupManagement] INFO  server.RaftServerConfigKeys (ConfUtils.java:logGet(46)) - raft.server.log.unsafe-flush.enabled = false (default)
2024-02-22 20:33:40,980 [4e8f68d6-fd98-4f77-87e3-715939181693-groupManagement] INFO  server.RaftServerConfigKeys (ConfUtils.java:logGet(46)) - raft.server.log.async-flush.enabled = false (default)
2024-02-22 20:33:40,980 [4e8f68d6-fd98-4f77-87e3-715939181693-groupManagement] INFO  server.RaftServerConfigKeys (ConfUtils.java:logGet(46)) - raft.server.log.statemachine.data.caching.enabled = true (custom)
2024-02-22 20:33:40,980 [4e8f68d6-fd98-4f77-87e3-715939181693-groupManagement] INFO  segmented.SegmentedRaftLogWorker (SegmentedRaftLogWorker.java:lambda$new$0(134)) - 4e8f68d6-fd98-4f77-87e3-715939181693@group-9D5BCF0FDB08-SegmentedRaftLogWorker: flushIndex: setUnconditionally 0 -> -1
2024-02-22 20:33:40,981 [4e8f68d6-fd98-4f77-87e3-715939181693-groupManagement] INFO  segmented.SegmentedRaftLogWorker (SegmentedRaftLogWorker.java:lambda$new$0(134)) - 4e8f68d6-fd98-4f77-87e3-715939181693@group-9D5BCF0FDB08-SegmentedRaftLogWorker: safeCacheEvictIndex: setUnconditionally 0 -> -1
2024-02-22 20:33:40,981 [e46a6e51-795f-4801-a523-c45a6c7f2c34-groupManagement] INFO  server.RaftServerConfigKeys (ConfUtils.java:logGet(46)) - raft.server.log.write.buffer.size = 8388616 (custom)
2024-02-22 20:33:40,982 [e46a6e51-795f-4801-a523-c45a6c7f2c34-groupManagement] INFO  server.RaftServerConfigKeys (ConfUtils.java:logGet(46)) - raft.server.log.appender.buffer.byte-limit = 8388608 (custom)
2024-02-22 20:33:40,983 [e46a6e51-795f-4801-a523-c45a6c7f2c34-groupManagement] INFO  server.RaftServerConfigKeys (ConfUtils.java:logGet(46)) - raft.server.log.unsafe-flush.enabled = false (default)
2024-02-22 20:33:40,983 [e46a6e51-795f-4801-a523-c45a6c7f2c34-groupManagement] INFO  server.RaftServerConfigKeys (ConfUtils.java:logGet(46)) - raft.server.log.async-flush.enabled = false (default)
2024-02-22 20:33:40,984 [e46a6e51-795f-4801-a523-c45a6c7f2c34-groupManagement] INFO  server.RaftServerConfigKeys (ConfUtils.java:logGet(46)) - raft.server.log.statemachine.data.caching.enabled = true (custom)
2024-02-22 20:33:40,984 [c30fedce-f286-40e0-881d-3d5a9a6e2463-PipelineCommandHandlerThread-0] INFO  commandhandler.CreatePipelineCommandHandler (CreatePipelineCommandHandler.java:lambda$handle$2(124)) - Created Pipeline RATIS THREE PipelineID=d49f5e63-9859-43c9-95b6-b58ed9299b6f.
2024-02-22 20:33:40,984 [e46a6e51-795f-4801-a523-c45a6c7f2c34-groupManagement] INFO  segmented.SegmentedRaftLogWorker (SegmentedRaftLogWorker.java:lambda$new$0(134)) - e46a6e51-795f-4801-a523-c45a6c7f2c34@group-BDBAD3AB70B4-SegmentedRaftLogWorker: flushIndex: setUnconditionally 0 -> -1
2024-02-22 20:33:40,984 [e46a6e51-795f-4801-a523-c45a6c7f2c34-groupManagement] INFO  segmented.SegmentedRaftLogWorker (SegmentedRaftLogWorker.java:lambda$new$0(134)) - e46a6e51-795f-4801-a523-c45a6c7f2c34@group-BDBAD3AB70B4-SegmentedRaftLogWorker: safeCacheEvictIndex: setUnconditionally 0 -> -1
2024-02-22 20:33:40,984 [c30fedce-f286-40e0-881d-3d5a9a6e2463-PipelineCommandHandlerThread-0] INFO  server.RaftServer (RaftServerProxy.java:addNew(100)) - c30fedce-f286-40e0-881d-3d5a9a6e2463: addNew group-C4BFF782AB50:[78f89d9b-e409-4704-890b-bfcfbcdfd28a|10.1.0.33:15086, c30fedce-f286-40e0-881d-3d5a9a6e2463|10.1.0.33:15068, 13f92446-3b18-4d81-bc66-0f9b00220e72|10.1.0.33:15077] returns group-C4BFF782AB50:java.util.concurrent.CompletableFuture@30e771ce[Not completed]
2024-02-22 20:33:40,985 [c30fedce-f286-40e0-881d-3d5a9a6e2463-groupManagement] INFO  server.RaftServer$Division (RaftServerImpl.java:<init>(256)) - c30fedce-f286-40e0-881d-3d5a9a6e2463: new RaftServerImpl for group-C4BFF782AB50:[78f89d9b-e409-4704-890b-bfcfbcdfd28a|10.1.0.33:15086, c30fedce-f286-40e0-881d-3d5a9a6e2463|10.1.0.33:15068, 13f92446-3b18-4d81-bc66-0f9b00220e72|10.1.0.33:15077] with ContainerStateMachine:uninitialized
2024-02-22 20:33:40,985 [c30fedce-f286-40e0-881d-3d5a9a6e2463-groupManagement] INFO  server.RaftServerConfigKeys (ConfUtils.java:logGet(46)) - raft.server.rpc.timeout.min = 5s (custom)
2024-02-22 20:33:40,985 [c30fedce-f286-40e0-881d-3d5a9a6e2463-groupManagement] INFO  server.RaftServerConfigKeys (ConfUtils.java:logGet(46)) - raft.server.rpc.timeout.max = 5200ms (custom)
2024-02-22 20:33:40,985 [c30fedce-f286-40e0-881d-3d5a9a6e2463-groupManagement] INFO  server.RaftServerConfigKeys (ConfUtils.java:logGet(46)) - raft.server.rpc.sleep.time = 25ms (default)
2024-02-22 20:33:40,985 [c30fedce-f286-40e0-881d-3d5a9a6e2463-groupManagement] INFO  server.RaftServerConfigKeys (ConfUtils.java:logGet(46)) - raft.server.rpc.slowness.timeout = 300s (custom)
2024-02-22 20:33:40,985 [c30fedce-f286-40e0-881d-3d5a9a6e2463-groupManagement] INFO  server.RaftServerConfigKeys (ConfUtils.java:logGet(46)) - raft.server.leaderelection.leader.step-down.wait-time = 10s (default)
2024-02-22 20:33:40,985 [c30fedce-f286-40e0-881d-3d5a9a6e2463-groupManagement] INFO  server.RaftServerConfigKeys (ConfUtils.java:logGet(46)) - raft.server.leaderelection.member.majority-add = false (default)
2024-02-22 20:33:40,985 [c30fedce-f286-40e0-881d-3d5a9a6e2463-groupManagement] INFO  server.RaftServerConfigKeys (ConfUtils.java:logGet(46)) - raft.server.sleep.deviation.threshold = 300ms (default)
2024-02-22 20:33:40,986 [c30fedce-f286-40e0-881d-3d5a9a6e2463-groupManagement] INFO  server.RaftServer$Division (ServerState.java:<init>(113)) - c30fedce-f286-40e0-881d-3d5a9a6e2463@group-C4BFF782AB50: ConfigurationManager, init=-1: peers:[78f89d9b-e409-4704-890b-bfcfbcdfd28a|10.1.0.33:15086, c30fedce-f286-40e0-881d-3d5a9a6e2463|10.1.0.33:15068, 13f92446-3b18-4d81-bc66-0f9b00220e72|10.1.0.33:15077]|listeners:[], old=null, confs=<EMPTY_MAP>
2024-02-22 20:33:40,986 [c30fedce-f286-40e0-881d-3d5a9a6e2463-groupManagement] INFO  server.RaftServerConfigKeys (ConfUtils.java:logGet(46)) - raft.server.notification.no-leader.timeout = 300s (custom)
2024-02-22 20:33:40,986 [c30fedce-f286-40e0-881d-3d5a9a6e2463-groupManagement] INFO  server.RaftServerConfigKeys (ConfUtils.java:logGet(46)) - raft.server.read.timeout = 10s (default)
2024-02-22 20:33:40,986 [c30fedce-f286-40e0-881d-3d5a9a6e2463-groupManagement] INFO  server.RaftServerConfigKeys (ConfUtils.java:logGet(46)) - raft.server.retrycache.expirytime = 600000ms (custom)
2024-02-22 20:33:40,986 [c30fedce-f286-40e0-881d-3d5a9a6e2463-groupManagement] INFO  server.RaftServerConfigKeys (ConfUtils.java:logGet(46)) - raft.server.retrycache.statistics.expirytime = 100ms (default)
2024-02-22 20:33:40,988 [c30fedce-f286-40e0-881d-3d5a9a6e2463-groupManagement] INFO  server.RaftServerConfigKeys (ConfUtils.java:logGet(46)) - raft.server.read.option = DEFAULT (default)
2024-02-22 20:33:40,988 [c30fedce-f286-40e0-881d-3d5a9a6e2463-groupManagement] INFO  server.RaftServerConfigKeys (ConfUtils.java:logGet(46)) - raft.server.read.read-after-write-consistent.write-index-cache.expiry-time = 60s (default)
2024-02-22 20:33:40,990 [c30fedce-f286-40e0-881d-3d5a9a6e2463-groupManagement] INFO  server.RaftServerConfigKeys (ConfUtils.java:logGet(46)) - raft.server.rpc.request.timeout = 60s (custom)
2024-02-22 20:33:40,990 [c30fedce-f286-40e0-881d-3d5a9a6e2463-groupManagement] INFO  server.RaftServerConfigKeys (ConfUtils.java:logGet(46)) - raft.server.log.appender.install.snapshot.enabled = false (custom)
2024-02-22 20:33:40,990 [c30fedce-f286-40e0-881d-3d5a9a6e2463-groupManagement] INFO  server.RaftServerConfigKeys (ConfUtils.java:logGet(46)) - raft.server.threadpool.server.cached = true (default)
2024-02-22 20:33:40,990 [c30fedce-f286-40e0-881d-3d5a9a6e2463-groupManagement] INFO  server.RaftServerConfigKeys (ConfUtils.java:logGet(46)) - raft.server.threadpool.server.size = 0 (default)
2024-02-22 20:33:40,990 [c30fedce-f286-40e0-881d-3d5a9a6e2463-groupManagement] INFO  server.RaftServerConfigKeys (ConfUtils.java:logGet(46)) - raft.server.threadpool.client.cached = true (default)
2024-02-22 20:33:40,990 [c30fedce-f286-40e0-881d-3d5a9a6e2463-groupManagement] INFO  server.RaftServerConfigKeys (ConfUtils.java:logGet(46)) - raft.server.threadpool.client.size = 0 (default)
2024-02-22 20:33:40,990 [c30fedce-f286-40e0-881d-3d5a9a6e2463-groupManagement] INFO  server.RaftServerConfigKeys (ConfUtils.java:logGet(46)) - raft.server.storage.free-space.min = 0MB (=0) (default)
2024-02-22 20:33:40,990 [c30fedce-f286-40e0-881d-3d5a9a6e2463-groupManagement] INFO  server.RaftServerConfigKeys (ConfUtils.java:logGet(46)) - raft.server.log.corruption.policy = EXCEPTION (default)
2024-02-22 20:33:40,990 [e780b093-7242-46d7-bd8f-0f810188c7b3-groupManagement] INFO  server.RaftServerConfigKeys (ConfUtils.java:logGet(46)) - raft.server.log.segment.size.max = 67108864 (custom)
2024-02-22 20:33:40,991 [e780b093-7242-46d7-bd8f-0f810188c7b3-groupManagement] INFO  server.RaftServerConfigKeys (ConfUtils.java:logGet(46)) - raft.server.log.segment.cache.num.max = 2 (custom)
2024-02-22 20:33:40,991 [e780b093-7242-46d7-bd8f-0f810188c7b3-groupManagement] INFO  server.RaftServerConfigKeys (ConfUtils.java:logGet(46)) - raft.server.log.segment.cache.size.max = 200MB (=209715200) (default)
2024-02-22 20:33:40,991 [e780b093-7242-46d7-bd8f-0f810188c7b3-groupManagement] INFO  server.RaftServerConfigKeys (ConfUtils.java:logGet(46)) - raft.server.log.appender.buffer.byte-limit = 8388608 (custom)
2024-02-22 20:33:40,990 [e46a6e51-795f-4801-a523-c45a6c7f2c34-groupManagement] INFO  server.RaftServer$Division (RaftServerImpl.java:start(396)) - e46a6e51-795f-4801-a523-c45a6c7f2c34@group-BDBAD3AB70B4: start as a follower, conf=-1: peers:[923be64f-71f4-4891-b05d-82ff5a9df5b5|10.1.0.33:15023, e46a6e51-795f-4801-a523-c45a6c7f2c34|10.1.0.33:15014, dc26353c-d48a-467d-89cd-3a7c4b626396|10.1.0.33:15050]|listeners:[], old=null
2024-02-22 20:33:40,990 [c30fedce-f286-40e0-881d-3d5a9a6e2463-groupManagement] INFO  server.RaftServerConfigKeys (ConfUtils.java:logGet(46)) - raft.server.storage.dir = [/home/runner/work/ozone/ozone/hadoop-ozone/integration-test/target/test-dir/MiniOzoneClusterImpl-a0fc024b-a492-45a5-9697-b0d14f72cb5c/datanode-6/data/ratis] (custom)
2024-02-22 20:33:40,991 [e780b093-7242-46d7-bd8f-0f810188c7b3-groupManagement] INFO  util.AwaitToRun (AwaitToRun.java:start(81)) - Thread[e780b093-7242-46d7-bd8f-0f810188c7b3@group-A538022C1006-cacheEviction-AwaitToRun,5,main] started
2024-02-22 20:33:40,991 [e780b093-7242-46d7-bd8f-0f810188c7b3-groupManagement] INFO  segmented.SegmentedRaftLogWorker (SegmentedRaftLogWorker.java:<init>(182)) - new e780b093-7242-46d7-bd8f-0f810188c7b3@group-A538022C1006-SegmentedRaftLogWorker for RaftStorageImpl:Storage Directory /home/runner/work/ozone/ozone/hadoop-ozone/integration-test/target/test-dir/MiniOzoneClusterImpl-a0fc024b-a492-45a5-9697-b0d14f72cb5c/datanode-9/data/ratis/b7ad60d3-b3bb-4da3-89ae-a538022c1006
2024-02-22 20:33:40,992 [e780b093-7242-46d7-bd8f-0f810188c7b3-groupManagement] INFO  server.RaftServerConfigKeys (ConfUtils.java:logGet(46)) - raft.server.log.queue.byte-limit = 4294967296 (custom)
2024-02-22 20:33:40,992 [e780b093-7242-46d7-bd8f-0f810188c7b3-groupManagement] INFO  server.RaftServerConfigKeys (ConfUtils.java:logGet(46)) - raft.server.log.queue.element-limit = 1024 (custom)
2024-02-22 20:33:40,992 [e780b093-7242-46d7-bd8f-0f810188c7b3-groupManagement] INFO  server.RaftServerConfigKeys (ConfUtils.java:logGet(46)) - raft.server.log.segment.size.max = 67108864 (custom)
2024-02-22 20:33:40,992 [e780b093-7242-46d7-bd8f-0f810188c7b3-groupManagement] INFO  server.RaftServerConfigKeys (ConfUtils.java:logGet(46)) - raft.server.log.preallocated.size = 4194304 (custom)
2024-02-22 20:33:40,992 [e780b093-7242-46d7-bd8f-0f810188c7b3-groupManagement] INFO  server.RaftServerConfigKeys (ConfUtils.java:logGet(46)) - raft.server.log.force.sync.num = 128 (default)
2024-02-22 20:33:40,992 [e780b093-7242-46d7-bd8f-0f810188c7b3-groupManagement] INFO  server.RaftServerConfigKeys (ConfUtils.java:logGet(46)) - raft.server.log.statemachine.data.sync = true (default)
2024-02-22 20:33:40,992 [e780b093-7242-46d7-bd8f-0f810188c7b3-groupManagement] INFO  server.RaftServerConfigKeys (ConfUtils.java:logGet(46)) - raft.server.log.statemachine.data.sync.timeout = 10s (default)
2024-02-22 20:33:40,992 [e780b093-7242-46d7-bd8f-0f810188c7b3-groupManagement] INFO  server.RaftServerConfigKeys (ConfUtils.java:logGet(46)) - raft.server.log.statemachine.data.sync.timeout.retry = 0 (custom)
2024-02-22 20:33:40,993 [e780b093-7242-46d7-bd8f-0f810188c7b3-groupManagement] INFO  server.RaftServerConfigKeys (ConfUtils.java:logGet(46)) - raft.server.log.write.buffer.size = 8388616 (custom)
2024-02-22 20:33:40,991 [e46a6e51-795f-4801-a523-c45a6c7f2c34-groupManagement] INFO  server.RaftServer$Division (RaftServerImpl.java:setRole(383)) - e46a6e51-795f-4801-a523-c45a6c7f2c34@group-BDBAD3AB70B4: changes role from      null to FOLLOWER at term 0 for startAsFollower
2024-02-22 20:33:40,992 [c30fedce-f286-40e0-881d-3d5a9a6e2463-groupManagement] INFO  storage.RaftStorageDirectory (RaftStorageDirectoryImpl.java:analyzeStorage(138)) - The storage directory /home/runner/work/ozone/ozone/hadoop-ozone/integration-test/target/test-dir/MiniOzoneClusterImpl-a0fc024b-a492-45a5-9697-b0d14f72cb5c/datanode-6/data/ratis/974fd487-4b0f-4554-8c0f-c4bff782ab50 does not exist. Creating ...
2024-02-22 20:33:40,993 [e46a6e51-795f-4801-a523-c45a6c7f2c34-groupManagement] INFO  impl.RoleInfo (RoleInfo.java:updateAndGet(139)) - e46a6e51-795f-4801-a523-c45a6c7f2c34: start e46a6e51-795f-4801-a523-c45a6c7f2c34@group-BDBAD3AB70B4-FollowerState
2024-02-22 20:33:40,994 [e46a6e51-795f-4801-a523-c45a6c7f2c34@group-BDBAD3AB70B4-FollowerState] INFO  server.RaftServerConfigKeys (ConfUtils.java:logFallback(53)) - raft.server.rpc.first-election.timeout.min = 5s (fallback to raft.server.rpc.timeout.min)
2024-02-22 20:33:40,994 [c30fedce-f286-40e0-881d-3d5a9a6e2463-groupManagement] INFO  storage.RaftStorageDirectory (RaftStorageDirectoryImpl.java:tryLock(228)) - Lock on /home/runner/work/ozone/ozone/hadoop-ozone/integration-test/target/test-dir/MiniOzoneClusterImpl-a0fc024b-a492-45a5-9697-b0d14f72cb5c/datanode-6/data/ratis/974fd487-4b0f-4554-8c0f-c4bff782ab50/in_use.lock acquired by nodename 30552@fv-az779-213
2024-02-22 20:33:40,994 [e46a6e51-795f-4801-a523-c45a6c7f2c34@group-BDBAD3AB70B4-FollowerState] INFO  server.RaftServerConfigKeys (ConfUtils.java:logFallback(53)) - raft.server.rpc.first-election.timeout.max = 5200ms (fallback to raft.server.rpc.timeout.max)
2024-02-22 20:33:40,995 [e780b093-7242-46d7-bd8f-0f810188c7b3-groupManagement] INFO  server.RaftServerConfigKeys (ConfUtils.java:logGet(46)) - raft.server.log.appender.buffer.byte-limit = 8388608 (custom)
2024-02-22 20:33:40,994 [e46a6e51-795f-4801-a523-c45a6c7f2c34-groupManagement] INFO  util.JmxRegister (JmxRegister.java:tryRegister(44)) - Successfully registered JMX Bean with object name Ratis:service=RaftServer,group=group-BDBAD3AB70B4,id=e46a6e51-795f-4801-a523-c45a6c7f2c34
2024-02-22 20:33:40,995 [e780b093-7242-46d7-bd8f-0f810188c7b3-groupManagement] INFO  server.RaftServerConfigKeys (ConfUtils.java:logGet(46)) - raft.server.log.unsafe-flush.enabled = false (default)
2024-02-22 20:33:40,995 [e46a6e51-795f-4801-a523-c45a6c7f2c34-groupManagement] INFO  server.RaftServerConfigKeys (ConfUtils.java:logGet(46)) - raft.server.snapshot.trigger-when-stop.enabled = true (default)
2024-02-22 20:33:40,995 [e46a6e51-795f-4801-a523-c45a6c7f2c34-groupManagement] INFO  server.RaftServerConfigKeys (ConfUtils.java:logGet(46)) - raft.server.snapshot.auto.trigger.enabled = true (custom)
2024-02-22 20:33:40,995 [4e8f68d6-fd98-4f77-87e3-715939181693-groupManagement] INFO  server.RaftServer$Division (RaftServerImpl.java:start(396)) - 4e8f68d6-fd98-4f77-87e3-715939181693@group-9D5BCF0FDB08: start as a follower, conf=-1: peers:[78f89d9b-e409-4704-890b-bfcfbcdfd28a|10.1.0.33:15086, d25dc3b0-28fc-4383-b1a0-617845025f41|10.1.0.33:15032, 4e8f68d6-fd98-4f77-87e3-715939181693|10.1.0.33:15041]|listeners:[], old=null
2024-02-22 20:33:40,996 [4e8f68d6-fd98-4f77-87e3-715939181693-groupManagement] INFO  server.RaftServer$Division (RaftServerImpl.java:setRole(383)) - 4e8f68d6-fd98-4f77-87e3-715939181693@group-9D5BCF0FDB08: changes role from      null to FOLLOWER at term 0 for startAsFollower
2024-02-22 20:33:40,996 [4e8f68d6-fd98-4f77-87e3-715939181693-groupManagement] INFO  impl.RoleInfo (RoleInfo.java:updateAndGet(139)) - 4e8f68d6-fd98-4f77-87e3-715939181693: start 4e8f68d6-fd98-4f77-87e3-715939181693@group-9D5BCF0FDB08-FollowerState
2024-02-22 20:33:40,995 [e780b093-7242-46d7-bd8f-0f810188c7b3-groupManagement] INFO  server.RaftServerConfigKeys (ConfUtils.java:logGet(46)) - raft.server.log.async-flush.enabled = false (default)
2024-02-22 20:33:40,996 [e780b093-7242-46d7-bd8f-0f810188c7b3-groupManagement] INFO  server.RaftServerConfigKeys (ConfUtils.java:logGet(46)) - raft.server.log.statemachine.data.caching.enabled = true (custom)
2024-02-22 20:33:40,996 [e780b093-7242-46d7-bd8f-0f810188c7b3-groupManagement] INFO  segmented.SegmentedRaftLogWorker (SegmentedRaftLogWorker.java:lambda$new$0(134)) - e780b093-7242-46d7-bd8f-0f810188c7b3@group-A538022C1006-SegmentedRaftLogWorker: flushIndex: setUnconditionally 0 -> -1
2024-02-22 20:33:40,997 [e780b093-7242-46d7-bd8f-0f810188c7b3-groupManagement] INFO  segmented.SegmentedRaftLogWorker (SegmentedRaftLogWorker.java:lambda$new$0(134)) - e780b093-7242-46d7-bd8f-0f810188c7b3@group-A538022C1006-SegmentedRaftLogWorker: safeCacheEvictIndex: setUnconditionally 0 -> -1
2024-02-22 20:33:40,995 [e46a6e51-795f-4801-a523-c45a6c7f2c34-groupManagement] INFO  server.RaftServerConfigKeys (ConfUtils.java:logGet(46)) - raft.server.snapshot.auto.trigger.threshold = 10000 (custom)
2024-02-22 20:33:40,996 [c30fedce-f286-40e0-881d-3d5a9a6e2463-groupManagement] INFO  storage.RaftStorage (RaftStorageImpl.java:format(99)) - Storage directory /home/runner/work/ozone/ozone/hadoop-ozone/integration-test/target/test-dir/MiniOzoneClusterImpl-a0fc024b-a492-45a5-9697-b0d14f72cb5c/datanode-6/data/ratis/974fd487-4b0f-4554-8c0f-c4bff782ab50 has been successfully formatted.
2024-02-22 20:33:40,997 [e46a6e51-795f-4801-a523-c45a6c7f2c34-groupManagement] INFO  server.RaftServerConfigKeys (ConfUtils.java:logGet(46)) - raft.server.snapshot.retention.file.num = 5 (custom)
2024-02-22 20:33:40,997 [e46a6e51-795f-4801-a523-c45a6c7f2c34-groupManagement] INFO  server.RaftServerConfigKeys (ConfUtils.java:logGet(46)) - raft.server.log.purge.upto.snapshot.index = false (default)
2024-02-22 20:33:40,997 [c30fedce-f286-40e0-881d-3d5a9a6e2463-groupManagement] WARN  util.FileUtils (LogUtils.java:supplyAndLog(63)) - Failed to Files.newInputStream /home/runner/work/ozone/ozone/hadoop-ozone/integration-test/target/test-dir/MiniOzoneClusterImpl-a0fc024b-a492-45a5-9697-b0d14f72cb5c/datanode-6/data/ratis/974fd487-4b0f-4554-8c0f-c4bff782ab50/current/raft-meta.conf with options []: java.nio.file.NoSuchFileException: /home/runner/work/ozone/ozone/hadoop-ozone/integration-test/target/test-dir/MiniOzoneClusterImpl-a0fc024b-a492-45a5-9697-b0d14f72cb5c/datanode-6/data/ratis/974fd487-4b0f-4554-8c0f-c4bff782ab50/current/raft-meta.conf
2024-02-22 20:33:40,997 [4e8f68d6-fd98-4f77-87e3-715939181693-groupManagement] INFO  util.JmxRegister (JmxRegister.java:tryRegister(44)) - Successfully registered JMX Bean with object name Ratis:service=RaftServer,group=group-9D5BCF0FDB08,id=4e8f68d6-fd98-4f77-87e3-715939181693
2024-02-22 20:33:40,997 [4e8f68d6-fd98-4f77-87e3-715939181693-groupManagement] INFO  server.RaftServerConfigKeys (ConfUtils.java:logGet(46)) - raft.server.snapshot.trigger-when-stop.enabled = true (default)
2024-02-22 20:33:40,997 [4e8f68d6-fd98-4f77-87e3-715939181693-groupManagement] INFO  server.RaftServerConfigKeys (ConfUtils.java:logGet(46)) - raft.server.snapshot.auto.trigger.enabled = true (custom)
2024-02-22 20:33:40,997 [c30fedce-f286-40e0-881d-3d5a9a6e2463-groupManagement] INFO  ratis.ContainerStateMachine (ContainerStateMachine.java:loadSnapshot(287)) - group-C4BFF782AB50: The snapshot info is null. Setting the last applied index to:(t:0, i:~)
2024-02-22 20:33:40,998 [4e8f68d6-fd98-4f77-87e3-715939181693-groupManagement] INFO  server.RaftServerConfigKeys (ConfUtils.java:logGet(46)) - raft.server.snapshot.auto.trigger.threshold = 10000 (custom)
2024-02-22 20:33:40,998 [4e8f68d6-fd98-4f77-87e3-715939181693-groupManagement] INFO  server.RaftServerConfigKeys (ConfUtils.java:logGet(46)) - raft.server.snapshot.retention.file.num = 5 (custom)
2024-02-22 20:33:40,998 [4e8f68d6-fd98-4f77-87e3-715939181693-groupManagement] INFO  server.RaftServerConfigKeys (ConfUtils.java:logGet(46)) - raft.server.log.purge.upto.snapshot.index = false (default)
2024-02-22 20:33:40,998 [4e8f68d6-fd98-4f77-87e3-715939181693@group-9D5BCF0FDB08-FollowerState] INFO  server.RaftServerConfigKeys (ConfUtils.java:logFallback(53)) - raft.server.rpc.first-election.timeout.min = 5s (fallback to raft.server.rpc.timeout.min)
2024-02-22 20:33:40,998 [4e8f68d6-fd98-4f77-87e3-715939181693@group-9D5BCF0FDB08-FollowerState] INFO  server.RaftServerConfigKeys (ConfUtils.java:logFallback(53)) - raft.server.rpc.first-election.timeout.max = 5200ms (fallback to raft.server.rpc.timeout.max)
2024-02-22 20:33:40,998 [c30fedce-f286-40e0-881d-3d5a9a6e2463-groupManagement] INFO  server.RaftServerConfigKeys (ConfUtils.java:logGet(46)) - raft.server.log.use.memory = false (default)
2024-02-22 20:33:40,998 [c30fedce-f286-40e0-881d-3d5a9a6e2463-groupManagement] INFO  server.RaftServerConfigKeys (ConfUtils.java:logGet(46)) - raft.server.log.purge.gap = 1000000 (custom)
2024-02-22 20:33:40,999 [c30fedce-f286-40e0-881d-3d5a9a6e2463-groupManagement] INFO  server.RaftServerConfigKeys (ConfUtils.java:logGet(46)) - raft.server.log.appender.buffer.byte-limit = 8388608 (custom)
2024-02-22 20:33:40,999 [c30fedce-f286-40e0-881d-3d5a9a6e2463-groupManagement] INFO  server.RaftServerConfigKeys (ConfUtils.java:logGet(46)) - raft.server.log.statemachine.data.read.timeout = 1000ms (default)
2024-02-22 20:33:40,999 [c30fedce-f286-40e0-881d-3d5a9a6e2463-groupManagement] INFO  server.RaftServerConfigKeys (ConfUtils.java:logGet(46)) - raft.server.log.purge.preservation.log.num = 0 (default)
2024-02-22 20:33:40,999 [EventQueue-OpenPipelineForHealthyPipelineSafeModeRule] INFO  safemode.SCMSafeModeManager (HealthyPipelineSafeModeRule.java:process(140)) - SCM in safe mode. Healthy pipelines reported count is 0, required healthy pipeline reported count is 1
2024-02-22 20:33:41,000 [c30fedce-f286-40e0-881d-3d5a9a6e2463-groupManagement] INFO  server.RaftServerConfigKeys (ConfUtils.java:logGet(46)) - raft.server.log.segment.size.max = 67108864 (custom)
2024-02-22 20:33:41,001 [c30fedce-f286-40e0-881d-3d5a9a6e2463-groupManagement] INFO  server.RaftServerConfigKeys (ConfUtils.java:logGet(46)) - raft.server.log.segment.cache.num.max = 2 (custom)
2024-02-22 20:33:41,001 [c30fedce-f286-40e0-881d-3d5a9a6e2463-groupManagement] INFO  server.RaftServerConfigKeys (ConfUtils.java:logGet(46)) - raft.server.log.segment.cache.size.max = 200MB (=209715200) (default)
2024-02-22 20:33:41,001 [c30fedce-f286-40e0-881d-3d5a9a6e2463-groupManagement] INFO  server.RaftServerConfigKeys (ConfUtils.java:logGet(46)) - raft.server.log.appender.buffer.byte-limit = 8388608 (custom)
2024-02-22 20:33:41,004 [c30fedce-f286-40e0-881d-3d5a9a6e2463-groupManagement] INFO  util.AwaitToRun (AwaitToRun.java:start(81)) - Thread[c30fedce-f286-40e0-881d-3d5a9a6e2463@group-C4BFF782AB50-cacheEviction-AwaitToRun,5,main] started
2024-02-22 20:33:41,004 [c30fedce-f286-40e0-881d-3d5a9a6e2463-groupManagement] INFO  segmented.SegmentedRaftLogWorker (SegmentedRaftLogWorker.java:<init>(182)) - new c30fedce-f286-40e0-881d-3d5a9a6e2463@group-C4BFF782AB50-SegmentedRaftLogWorker for RaftStorageImpl:Storage Directory /home/runner/work/ozone/ozone/hadoop-ozone/integration-test/target/test-dir/MiniOzoneClusterImpl-a0fc024b-a492-45a5-9697-b0d14f72cb5c/datanode-6/data/ratis/974fd487-4b0f-4554-8c0f-c4bff782ab50
2024-02-22 20:33:41,004 [c30fedce-f286-40e0-881d-3d5a9a6e2463-groupManagement] INFO  server.RaftServerConfigKeys (ConfUtils.java:logGet(46)) - raft.server.log.queue.byte-limit = 4294967296 (custom)
2024-02-22 20:33:41,004 [c30fedce-f286-40e0-881d-3d5a9a6e2463-groupManagement] INFO  server.RaftServerConfigKeys (ConfUtils.java:logGet(46)) - raft.server.log.queue.element-limit = 1024 (custom)
2024-02-22 20:33:41,004 [c30fedce-f286-40e0-881d-3d5a9a6e2463-groupManagement] INFO  server.RaftServerConfigKeys (ConfUtils.java:logGet(46)) - raft.server.log.segment.size.max = 67108864 (custom)
2024-02-22 20:33:41,005 [c30fedce-f286-40e0-881d-3d5a9a6e2463-groupManagement] INFO  server.RaftServerConfigKeys (ConfUtils.java:logGet(46)) - raft.server.log.preallocated.size = 4194304 (custom)
2024-02-22 20:33:41,005 [c30fedce-f286-40e0-881d-3d5a9a6e2463-groupManagement] INFO  server.RaftServerConfigKeys (ConfUtils.java:logGet(46)) - raft.server.log.force.sync.num = 128 (default)
2024-02-22 20:33:41,005 [c30fedce-f286-40e0-881d-3d5a9a6e2463-groupManagement] INFO  server.RaftServerConfigKeys (ConfUtils.java:logGet(46)) - raft.server.log.statemachine.data.sync = true (default)
2024-02-22 20:33:41,005 [c30fedce-f286-40e0-881d-3d5a9a6e2463-groupManagement] INFO  server.RaftServerConfigKeys (ConfUtils.java:logGet(46)) - raft.server.log.statemachine.data.sync.timeout = 10s (default)
2024-02-22 20:33:41,005 [c30fedce-f286-40e0-881d-3d5a9a6e2463-groupManagement] INFO  server.RaftServerConfigKeys (ConfUtils.java:logGet(46)) - raft.server.log.statemachine.data.sync.timeout.retry = 0 (custom)
2024-02-22 20:33:41,005 [c30fedce-f286-40e0-881d-3d5a9a6e2463-groupManagement] INFO  server.RaftServerConfigKeys (ConfUtils.java:logGet(46)) - raft.server.log.write.buffer.size = 8388616 (custom)
2024-02-22 20:33:41,006 [4e8f68d6-fd98-4f77-87e3-715939181693-groupManagement] INFO  server.RaftServer$Division (RaftServerImpl.java:<init>(256)) - 4e8f68d6-fd98-4f77-87e3-715939181693: new RaftServerImpl for group-8820B9A2DC65:[78f89d9b-e409-4704-890b-bfcfbcdfd28a|10.1.0.33:15086, d25dc3b0-28fc-4383-b1a0-617845025f41|10.1.0.33:15032, 4e8f68d6-fd98-4f77-87e3-715939181693|10.1.0.33:15041] with ContainerStateMachine:uninitialized
2024-02-22 20:33:41,006 [4e8f68d6-fd98-4f77-87e3-715939181693-groupManagement] INFO  server.RaftServerConfigKeys (ConfUtils.java:logGet(46)) - raft.server.rpc.timeout.min = 5s (custom)
2024-02-22 20:33:41,006 [4e8f68d6-fd98-4f77-87e3-715939181693-groupManagement] INFO  server.RaftServerConfigKeys (ConfUtils.java:logGet(46)) - raft.server.rpc.timeout.max = 5200ms (custom)
2024-02-22 20:33:41,006 [4e8f68d6-fd98-4f77-87e3-715939181693-groupManagement] INFO  server.RaftServerConfigKeys (ConfUtils.java:logGet(46)) - raft.server.rpc.sleep.time = 25ms (default)
2024-02-22 20:33:41,006 [4e8f68d6-fd98-4f77-87e3-715939181693-groupManagement] INFO  server.RaftServerConfigKeys (ConfUtils.java:logGet(46)) - raft.server.rpc.slowness.timeout = 300s (custom)
2024-02-22 20:33:41,006 [4e8f68d6-fd98-4f77-87e3-715939181693-groupManagement] INFO  server.RaftServerConfigKeys (ConfUtils.java:logGet(46)) - raft.server.leaderelection.leader.step-down.wait-time = 10s (default)
2024-02-22 20:33:41,006 [4e8f68d6-fd98-4f77-87e3-715939181693-groupManagement] INFO  server.RaftServerConfigKeys (ConfUtils.java:logGet(46)) - raft.server.leaderelection.member.majority-add = false (default)
2024-02-22 20:33:41,006 [4e8f68d6-fd98-4f77-87e3-715939181693-groupManagement] INFO  server.RaftServerConfigKeys (ConfUtils.java:logGet(46)) - raft.server.sleep.deviation.threshold = 300ms (default)
2024-02-22 20:33:41,006 [4e8f68d6-fd98-4f77-87e3-715939181693-groupManagement] INFO  server.RaftServer$Division (ServerState.java:<init>(113)) - 4e8f68d6-fd98-4f77-87e3-715939181693@group-8820B9A2DC65: ConfigurationManager, init=-1: peers:[78f89d9b-e409-4704-890b-bfcfbcdfd28a|10.1.0.33:15086, d25dc3b0-28fc-4383-b1a0-617845025f41|10.1.0.33:15032, 4e8f68d6-fd98-4f77-87e3-715939181693|10.1.0.33:15041]|listeners:[], old=null, confs=<EMPTY_MAP>
2024-02-22 20:33:41,007 [4e8f68d6-fd98-4f77-87e3-715939181693-groupManagement] INFO  server.RaftServerConfigKeys (ConfUtils.java:logGet(46)) - raft.server.notification.no-leader.timeout = 300s (custom)
2024-02-22 20:33:41,007 [4e8f68d6-fd98-4f77-87e3-715939181693-groupManagement] INFO  server.RaftServerConfigKeys (ConfUtils.java:logGet(46)) - raft.server.read.timeout = 10s (default)
2024-02-22 20:33:41,007 [4e8f68d6-fd98-4f77-87e3-715939181693-groupManagement] INFO  server.RaftServerConfigKeys (ConfUtils.java:logGet(46)) - raft.server.retrycache.expirytime = 600000ms (custom)
2024-02-22 20:33:41,007 [4e8f68d6-fd98-4f77-87e3-715939181693-groupManagement] INFO  server.RaftServerConfigKeys (ConfUtils.java:logGet(46)) - raft.server.retrycache.statistics.expirytime = 100ms (default)
2024-02-22 20:33:41,007 [c30fedce-f286-40e0-881d-3d5a9a6e2463-groupManagement] INFO  server.RaftServerConfigKeys (ConfUtils.java:logGet(46)) - raft.server.log.appender.buffer.byte-limit = 8388608 (custom)
2024-02-22 20:33:41,007 [c30fedce-f286-40e0-881d-3d5a9a6e2463-groupManagement] INFO  server.RaftServerConfigKeys (ConfUtils.java:logGet(46)) - raft.server.log.unsafe-flush.enabled = false (default)
2024-02-22 20:33:41,007 [c30fedce-f286-40e0-881d-3d5a9a6e2463-groupManagement] INFO  server.RaftServerConfigKeys (ConfUtils.java:logGet(46)) - raft.server.log.async-flush.enabled = false (default)
2024-02-22 20:33:41,007 [c30fedce-f286-40e0-881d-3d5a9a6e2463-groupManagement] INFO  server.RaftServerConfigKeys (ConfUtils.java:logGet(46)) - raft.server.log.statemachine.data.caching.enabled = true (custom)
2024-02-22 20:33:41,007 [c30fedce-f286-40e0-881d-3d5a9a6e2463-groupManagement] INFO  segmented.SegmentedRaftLogWorker (SegmentedRaftLogWorker.java:lambda$new$0(134)) - c30fedce-f286-40e0-881d-3d5a9a6e2463@group-C4BFF782AB50-SegmentedRaftLogWorker: flushIndex: setUnconditionally 0 -> -1
2024-02-22 20:33:41,007 [c30fedce-f286-40e0-881d-3d5a9a6e2463-groupManagement] INFO  segmented.SegmentedRaftLogWorker (SegmentedRaftLogWorker.java:lambda$new$0(134)) - c30fedce-f286-40e0-881d-3d5a9a6e2463@group-C4BFF782AB50-SegmentedRaftLogWorker: safeCacheEvictIndex: setUnconditionally 0 -> -1
2024-02-22 20:33:41,010 [c30fedce-f286-40e0-881d-3d5a9a6e2463-groupManagement] INFO  server.RaftServer$Division (RaftServerImpl.java:start(396)) - c30fedce-f286-40e0-881d-3d5a9a6e2463@group-C4BFF782AB50: start as a follower, conf=-1: peers:[78f89d9b-e409-4704-890b-bfcfbcdfd28a|10.1.0.33:15086, c30fedce-f286-40e0-881d-3d5a9a6e2463|10.1.0.33:15068, 13f92446-3b18-4d81-bc66-0f9b00220e72|10.1.0.33:15077]|listeners:[], old=null
2024-02-22 20:33:41,010 [c30fedce-f286-40e0-881d-3d5a9a6e2463-groupManagement] INFO  server.RaftServer$Division (RaftServerImpl.java:setRole(383)) - c30fedce-f286-40e0-881d-3d5a9a6e2463@group-C4BFF782AB50: changes role from      null to FOLLOWER at term 0 for startAsFollower
2024-02-22 20:33:41,010 [c30fedce-f286-40e0-881d-3d5a9a6e2463-groupManagement] INFO  impl.RoleInfo (RoleInfo.java:updateAndGet(139)) - c30fedce-f286-40e0-881d-3d5a9a6e2463: start c30fedce-f286-40e0-881d-3d5a9a6e2463@group-C4BFF782AB50-FollowerState
2024-02-22 20:33:41,010 [c30fedce-f286-40e0-881d-3d5a9a6e2463@group-C4BFF782AB50-FollowerState] INFO  server.RaftServerConfigKeys (ConfUtils.java:logFallback(53)) - raft.server.rpc.first-election.timeout.min = 5s (fallback to raft.server.rpc.timeout.min)
2024-02-22 20:33:41,010 [c30fedce-f286-40e0-881d-3d5a9a6e2463@group-C4BFF782AB50-FollowerState] INFO  server.RaftServerConfigKeys (ConfUtils.java:logFallback(53)) - raft.server.rpc.first-election.timeout.max = 5200ms (fallback to raft.server.rpc.timeout.max)
2024-02-22 20:33:41,007 [4e8f68d6-fd98-4f77-87e3-715939181693-groupManagement] INFO  server.RaftServerConfigKeys (ConfUtils.java:logGet(46)) - raft.server.read.option = DEFAULT (default)
2024-02-22 20:33:41,010 [4e8f68d6-fd98-4f77-87e3-715939181693-groupManagement] INFO  server.RaftServerConfigKeys (ConfUtils.java:logGet(46)) - raft.server.read.read-after-write-consistent.write-index-cache.expiry-time = 60s (default)
2024-02-22 20:33:41,012 [e780b093-7242-46d7-bd8f-0f810188c7b3-groupManagement] INFO  server.RaftServer$Division (RaftServerImpl.java:start(396)) - e780b093-7242-46d7-bd8f-0f810188c7b3@group-A538022C1006: start as a follower, conf=-1: peers:[923be64f-71f4-4891-b05d-82ff5a9df5b5|10.1.0.33:15023, e46a6e51-795f-4801-a523-c45a6c7f2c34|10.1.0.33:15014, e780b093-7242-46d7-bd8f-0f810188c7b3|10.1.0.33:15095]|listeners:[], old=null
2024-02-22 20:33:41,012 [e780b093-7242-46d7-bd8f-0f810188c7b3-groupManagement] INFO  server.RaftServer$Division (RaftServerImpl.java:setRole(383)) - e780b093-7242-46d7-bd8f-0f810188c7b3@group-A538022C1006: changes role from      null to FOLLOWER at term 0 for startAsFollower
2024-02-22 20:33:41,012 [e780b093-7242-46d7-bd8f-0f810188c7b3-groupManagement] INFO  impl.RoleInfo (RoleInfo.java:updateAndGet(139)) - e780b093-7242-46d7-bd8f-0f810188c7b3: start e780b093-7242-46d7-bd8f-0f810188c7b3@group-A538022C1006-FollowerState
2024-02-22 20:33:41,017 [c30fedce-f286-40e0-881d-3d5a9a6e2463-groupManagement] INFO  util.JmxRegister (JmxRegister.java:tryRegister(44)) - Successfully registered JMX Bean with object name Ratis:service=RaftServer,group=group-C4BFF782AB50,id=c30fedce-f286-40e0-881d-3d5a9a6e2463
2024-02-22 20:33:41,017 [c30fedce-f286-40e0-881d-3d5a9a6e2463-groupManagement] INFO  server.RaftServerConfigKeys (ConfUtils.java:logGet(46)) - raft.server.snapshot.trigger-when-stop.enabled = true (default)
2024-02-22 20:33:41,017 [e780b093-7242-46d7-bd8f-0f810188c7b3-groupManagement] INFO  util.JmxRegister (JmxRegister.java:tryRegister(44)) - Successfully registered JMX Bean with object name Ratis:service=RaftServer,group=group-A538022C1006,id=e780b093-7242-46d7-bd8f-0f810188c7b3
2024-02-22 20:33:41,017 [c30fedce-f286-40e0-881d-3d5a9a6e2463-groupManagement] INFO  server.RaftServerConfigKeys (ConfUtils.java:logGet(46)) - raft.server.snapshot.auto.trigger.enabled = true (custom)
2024-02-22 20:33:41,017 [c30fedce-f286-40e0-881d-3d5a9a6e2463-groupManagement] INFO  server.RaftServerConfigKeys (ConfUtils.java:logGet(46)) - raft.server.snapshot.auto.trigger.threshold = 10000 (custom)
2024-02-22 20:33:41,017 [c30fedce-f286-40e0-881d-3d5a9a6e2463-groupManagement] INFO  server.RaftServerConfigKeys (ConfUtils.java:logGet(46)) - raft.server.snapshot.retention.file.num = 5 (custom)
2024-02-22 20:33:41,017 [c30fedce-f286-40e0-881d-3d5a9a6e2463-groupManagement] INFO  server.RaftServerConfigKeys (ConfUtils.java:logGet(46)) - raft.server.log.purge.upto.snapshot.index = false (default)
2024-02-22 20:33:41,017 [e780b093-7242-46d7-bd8f-0f810188c7b3-groupManagement] INFO  server.RaftServerConfigKeys (ConfUtils.java:logGet(46)) - raft.server.snapshot.trigger-when-stop.enabled = true (default)
2024-02-22 20:33:41,018 [e780b093-7242-46d7-bd8f-0f810188c7b3-groupManagement] INFO  server.RaftServerConfigKeys (ConfUtils.java:logGet(46)) - raft.server.snapshot.auto.trigger.enabled = true (custom)
2024-02-22 20:33:41,018 [e780b093-7242-46d7-bd8f-0f810188c7b3-groupManagement] INFO  server.RaftServerConfigKeys (ConfUtils.java:logGet(46)) - raft.server.snapshot.auto.trigger.threshold = 10000 (custom)
2024-02-22 20:33:41,018 [e780b093-7242-46d7-bd8f-0f810188c7b3-groupManagement] INFO  server.RaftServerConfigKeys (ConfUtils.java:logGet(46)) - raft.server.snapshot.retention.file.num = 5 (custom)
2024-02-22 20:33:41,018 [e780b093-7242-46d7-bd8f-0f810188c7b3-groupManagement] INFO  server.RaftServerConfigKeys (ConfUtils.java:logGet(46)) - raft.server.log.purge.upto.snapshot.index = false (default)
2024-02-22 20:33:41,020 [c30fedce-f286-40e0-881d-3d5a9a6e2463-PipelineCommandHandlerThread-0] INFO  ratis.XceiverServerRatis (XceiverServerRatis.java:addGroup(864)) - Created group PipelineID=974fd487-4b0f-4554-8c0f-c4bff782ab50
2024-02-22 20:33:41,020 [4e8f68d6-fd98-4f77-87e3-715939181693-groupManagement] INFO  server.RaftServerConfigKeys (ConfUtils.java:logGet(46)) - raft.server.rpc.request.timeout = 60s (custom)
2024-02-22 20:33:41,020 [4e8f68d6-fd98-4f77-87e3-715939181693-groupManagement] INFO  server.RaftServerConfigKeys (ConfUtils.java:logGet(46)) - raft.server.log.appender.install.snapshot.enabled = false (custom)
2024-02-22 20:33:41,021 [4e8f68d6-fd98-4f77-87e3-715939181693-groupManagement] INFO  server.RaftServerConfigKeys (ConfUtils.java:logGet(46)) - raft.server.threadpool.server.cached = true (default)
2024-02-22 20:33:41,021 [4e8f68d6-fd98-4f77-87e3-715939181693-groupManagement] INFO  server.RaftServerConfigKeys (ConfUtils.java:logGet(46)) - raft.server.threadpool.server.size = 0 (default)
2024-02-22 20:33:41,021 [4e8f68d6-fd98-4f77-87e3-715939181693-groupManagement] INFO  server.RaftServerConfigKeys (ConfUtils.java:logGet(46)) - raft.server.threadpool.client.cached = true (default)
2024-02-22 20:33:41,022 [4e8f68d6-fd98-4f77-87e3-715939181693-groupManagement] INFO  server.RaftServerConfigKeys (ConfUtils.java:logGet(46)) - raft.server.threadpool.client.size = 0 (default)
2024-02-22 20:33:41,022 [4e8f68d6-fd98-4f77-87e3-715939181693-groupManagement] INFO  server.RaftServerConfigKeys (ConfUtils.java:logGet(46)) - raft.server.storage.free-space.min = 0MB (=0) (default)
2024-02-22 20:33:41,022 [4e8f68d6-fd98-4f77-87e3-715939181693-groupManagement] INFO  server.RaftServerConfigKeys (ConfUtils.java:logGet(46)) - raft.server.log.corruption.policy = EXCEPTION (default)
2024-02-22 20:33:41,023 [4e8f68d6-fd98-4f77-87e3-715939181693-groupManagement] INFO  server.RaftServerConfigKeys (ConfUtils.java:logGet(46)) - raft.server.storage.dir = [/home/runner/work/ozone/ozone/hadoop-ozone/integration-test/target/test-dir/MiniOzoneClusterImpl-a0fc024b-a492-45a5-9697-b0d14f72cb5c/datanode-3/data/ratis] (custom)
2024-02-22 20:33:41,023 [4e8f68d6-fd98-4f77-87e3-715939181693-groupManagement] INFO  storage.RaftStorageDirectory (RaftStorageDirectoryImpl.java:analyzeStorage(138)) - The storage directory /home/runner/work/ozone/ozone/hadoop-ozone/integration-test/target/test-dir/MiniOzoneClusterImpl-a0fc024b-a492-45a5-9697-b0d14f72cb5c/datanode-3/data/ratis/045ea6be-5c70-427a-91cd-8820b9a2dc65 does not exist. Creating ...
2024-02-22 20:33:41,020 [e780b093-7242-46d7-bd8f-0f810188c7b3@group-A538022C1006-FollowerState] INFO  server.RaftServerConfigKeys (ConfUtils.java:logFallback(53)) - raft.server.rpc.first-election.timeout.min = 5s (fallback to raft.server.rpc.timeout.min)
2024-02-22 20:33:41,026 [e780b093-7242-46d7-bd8f-0f810188c7b3@group-A538022C1006-FollowerState] INFO  server.RaftServerConfigKeys (ConfUtils.java:logFallback(53)) - raft.server.rpc.first-election.timeout.max = 5200ms (fallback to raft.server.rpc.timeout.max)
2024-02-22 20:33:41,026 [4e8f68d6-fd98-4f77-87e3-715939181693-groupManagement] INFO  storage.RaftStorageDirectory (RaftStorageDirectoryImpl.java:tryLock(228)) - Lock on /home/runner/work/ozone/ozone/hadoop-ozone/integration-test/target/test-dir/MiniOzoneClusterImpl-a0fc024b-a492-45a5-9697-b0d14f72cb5c/datanode-3/data/ratis/045ea6be-5c70-427a-91cd-8820b9a2dc65/in_use.lock acquired by nodename 30552@fv-az779-213
2024-02-22 20:33:41,030 [e780b093-7242-46d7-bd8f-0f810188c7b3-groupManagement] INFO  server.RaftServerConfigKeys (ConfUtils.java:logGet(46)) - raft.server.storage.free-space.min = 0MB (=0) (default)
2024-02-22 20:33:41,030 [78f89d9b-e409-4704-890b-bfcfbcdfd28a-PipelineCommandHandlerThread-0] INFO  commandhandler.CreatePipelineCommandHandler (CreatePipelineCommandHandler.java:lambda$handle$2(124)) - Created Pipeline RATIS THREE PipelineID=d49f5e63-9859-43c9-95b6-b58ed9299b6f.
2024-02-22 20:33:41,030 [e780b093-7242-46d7-bd8f-0f810188c7b3-groupManagement] INFO  server.RaftServerConfigKeys (ConfUtils.java:logGet(46)) - raft.server.log.corruption.policy = EXCEPTION (default)
2024-02-22 20:33:41,030 [e780b093-7242-46d7-bd8f-0f810188c7b3-groupManagement] INFO  server.RaftServerConfigKeys (ConfUtils.java:logGet(46)) - raft.server.storage.dir = [/home/runner/work/ozone/ozone/hadoop-ozone/integration-test/target/test-dir/MiniOzoneClusterImpl-a0fc024b-a492-45a5-9697-b0d14f72cb5c/datanode-9/data/ratis] (custom)
2024-02-22 20:33:41,030 [grpc-default-executor-3] INFO  server.RaftServer (RaftServerProxy.java:addNew(100)) - 78f89d9b-e409-4704-890b-bfcfbcdfd28a: addNew group-C4BFF782AB50:[78f89d9b-e409-4704-890b-bfcfbcdfd28a|10.1.0.33:15086, c30fedce-f286-40e0-881d-3d5a9a6e2463|10.1.0.33:15068, 13f92446-3b18-4d81-bc66-0f9b00220e72|10.1.0.33:15077] returns group-C4BFF782AB50:java.util.concurrent.CompletableFuture@55727a7c[Not completed]
2024-02-22 20:33:41,031 [e780b093-7242-46d7-bd8f-0f810188c7b3-groupManagement] INFO  storage.RaftStorageDirectory (RaftStorageDirectoryImpl.java:analyzeStorage(138)) - The storage directory /home/runner/work/ozone/ozone/hadoop-ozone/integration-test/target/test-dir/MiniOzoneClusterImpl-a0fc024b-a492-45a5-9697-b0d14f72cb5c/datanode-9/data/ratis/0077ebc2-8b09-4842-8a13-83d984655c73 does not exist. Creating ...
2024-02-22 20:33:41,031 [78f89d9b-e409-4704-890b-bfcfbcdfd28a-groupManagement] INFO  server.RaftServer$Division (RaftServerImpl.java:<init>(256)) - 78f89d9b-e409-4704-890b-bfcfbcdfd28a: new RaftServerImpl for group-C4BFF782AB50:[78f89d9b-e409-4704-890b-bfcfbcdfd28a|10.1.0.33:15086, c30fedce-f286-40e0-881d-3d5a9a6e2463|10.1.0.33:15068, 13f92446-3b18-4d81-bc66-0f9b00220e72|10.1.0.33:15077] with ContainerStateMachine:uninitialized
2024-02-22 20:33:41,031 [78f89d9b-e409-4704-890b-bfcfbcdfd28a-groupManagement] INFO  server.RaftServerConfigKeys (ConfUtils.java:logGet(46)) - raft.server.rpc.timeout.min = 5s (custom)
2024-02-22 20:33:41,032 [78f89d9b-e409-4704-890b-bfcfbcdfd28a-groupManagement] INFO  server.RaftServerConfigKeys (ConfUtils.java:logGet(46)) - raft.server.rpc.timeout.max = 5200ms (custom)
2024-02-22 20:33:41,032 [78f89d9b-e409-4704-890b-bfcfbcdfd28a-groupManagement] INFO  server.RaftServerConfigKeys (ConfUtils.java:logGet(46)) - raft.server.rpc.sleep.time = 25ms (default)
2024-02-22 20:33:41,032 [78f89d9b-e409-4704-890b-bfcfbcdfd28a-groupManagement] INFO  server.RaftServerConfigKeys (ConfUtils.java:logGet(46)) - raft.server.rpc.slowness.timeout = 300s (custom)
2024-02-22 20:33:41,032 [78f89d9b-e409-4704-890b-bfcfbcdfd28a-groupManagement] INFO  server.RaftServerConfigKeys (ConfUtils.java:logGet(46)) - raft.server.leaderelection.leader.step-down.wait-time = 10s (default)
2024-02-22 20:33:41,032 [78f89d9b-e409-4704-890b-bfcfbcdfd28a-PipelineCommandHandlerThread-0] INFO  server.RaftServer (RaftServerProxy.java:addNew(100)) - 78f89d9b-e409-4704-890b-bfcfbcdfd28a: addNew group-9D5BCF0FDB08:[78f89d9b-e409-4704-890b-bfcfbcdfd28a|10.1.0.33:15086, d25dc3b0-28fc-4383-b1a0-617845025f41|10.1.0.33:15032, 4e8f68d6-fd98-4f77-87e3-715939181693|10.1.0.33:15041] returns group-9D5BCF0FDB08:java.util.concurrent.CompletableFuture@21b28741[Not completed]
2024-02-22 20:33:41,032 [78f89d9b-e409-4704-890b-bfcfbcdfd28a-groupManagement] INFO  server.RaftServerConfigKeys (ConfUtils.java:logGet(46)) - raft.server.leaderelection.member.majority-add = false (default)
2024-02-22 20:33:41,032 [78f89d9b-e409-4704-890b-bfcfbcdfd28a-groupManagement] INFO  server.RaftServerConfigKeys (ConfUtils.java:logGet(46)) - raft.server.sleep.deviation.threshold = 300ms (default)
2024-02-22 20:33:41,032 [78f89d9b-e409-4704-890b-bfcfbcdfd28a-groupManagement] INFO  server.RaftServer$Division (ServerState.java:<init>(113)) - 78f89d9b-e409-4704-890b-bfcfbcdfd28a@group-C4BFF782AB50: ConfigurationManager, init=-1: peers:[78f89d9b-e409-4704-890b-bfcfbcdfd28a|10.1.0.33:15086, c30fedce-f286-40e0-881d-3d5a9a6e2463|10.1.0.33:15068, 13f92446-3b18-4d81-bc66-0f9b00220e72|10.1.0.33:15077]|listeners:[], old=null, confs=<EMPTY_MAP>
2024-02-22 20:33:41,032 [78f89d9b-e409-4704-890b-bfcfbcdfd28a-groupManagement] INFO  server.RaftServerConfigKeys (ConfUtils.java:logGet(46)) - raft.server.notification.no-leader.timeout = 300s (custom)
2024-02-22 20:33:41,032 [78f89d9b-e409-4704-890b-bfcfbcdfd28a-groupManagement] INFO  server.RaftServerConfigKeys (ConfUtils.java:logGet(46)) - raft.server.read.timeout = 10s (default)
2024-02-22 20:33:41,032 [78f89d9b-e409-4704-890b-bfcfbcdfd28a-groupManagement] INFO  server.RaftServerConfigKeys (ConfUtils.java:logGet(46)) - raft.server.retrycache.expirytime = 600000ms (custom)
2024-02-22 20:33:41,032 [78f89d9b-e409-4704-890b-bfcfbcdfd28a-groupManagement] INFO  server.RaftServerConfigKeys (ConfUtils.java:logGet(46)) - raft.server.retrycache.statistics.expirytime = 100ms (default)
2024-02-22 20:33:41,032 [78f89d9b-e409-4704-890b-bfcfbcdfd28a-groupManagement] INFO  server.RaftServerConfigKeys (ConfUtils.java:logGet(46)) - raft.server.read.option = DEFAULT (default)
2024-02-22 20:33:41,033 [78f89d9b-e409-4704-890b-bfcfbcdfd28a-groupManagement] INFO  server.RaftServerConfigKeys (ConfUtils.java:logGet(46)) - raft.server.read.read-after-write-consistent.write-index-cache.expiry-time = 60s (default)
2024-02-22 20:33:41,033 [e780b093-7242-46d7-bd8f-0f810188c7b3-groupManagement] INFO  storage.RaftStorageDirectory (RaftStorageDirectoryImpl.java:tryLock(228)) - Lock on /home/runner/work/ozone/ozone/hadoop-ozone/integration-test/target/test-dir/MiniOzoneClusterImpl-a0fc024b-a492-45a5-9697-b0d14f72cb5c/datanode-9/data/ratis/0077ebc2-8b09-4842-8a13-83d984655c73/in_use.lock acquired by nodename 30552@fv-az779-213
2024-02-22 20:33:41,034 [e780b093-7242-46d7-bd8f-0f810188c7b3-groupManagement] INFO  storage.RaftStorage (RaftStorageImpl.java:format(99)) - Storage directory /home/runner/work/ozone/ozone/hadoop-ozone/integration-test/target/test-dir/MiniOzoneClusterImpl-a0fc024b-a492-45a5-9697-b0d14f72cb5c/datanode-9/data/ratis/0077ebc2-8b09-4842-8a13-83d984655c73 has been successfully formatted.
2024-02-22 20:33:41,035 [e780b093-7242-46d7-bd8f-0f810188c7b3-groupManagement] WARN  util.FileUtils (LogUtils.java:supplyAndLog(63)) - Failed to Files.newInputStream /home/runner/work/ozone/ozone/hadoop-ozone/integration-test/target/test-dir/MiniOzoneClusterImpl-a0fc024b-a492-45a5-9697-b0d14f72cb5c/datanode-9/data/ratis/0077ebc2-8b09-4842-8a13-83d984655c73/current/raft-meta.conf with options []: java.nio.file.NoSuchFileException: /home/runner/work/ozone/ozone/hadoop-ozone/integration-test/target/test-dir/MiniOzoneClusterImpl-a0fc024b-a492-45a5-9697-b0d14f72cb5c/datanode-9/data/ratis/0077ebc2-8b09-4842-8a13-83d984655c73/current/raft-meta.conf
2024-02-22 20:33:41,035 [78f89d9b-e409-4704-890b-bfcfbcdfd28a-groupManagement] INFO  server.RaftServerConfigKeys (ConfUtils.java:logGet(46)) - raft.server.rpc.request.timeout = 60s (custom)
2024-02-22 20:33:41,035 [78f89d9b-e409-4704-890b-bfcfbcdfd28a-groupManagement] INFO  server.RaftServerConfigKeys (ConfUtils.java:logGet(46)) - raft.server.log.appender.install.snapshot.enabled = false (custom)
2024-02-22 20:33:41,035 [78f89d9b-e409-4704-890b-bfcfbcdfd28a-groupManagement] INFO  server.RaftServerConfigKeys (ConfUtils.java:logGet(46)) - raft.server.threadpool.server.cached = true (default)
2024-02-22 20:33:41,035 [78f89d9b-e409-4704-890b-bfcfbcdfd28a-groupManagement] INFO  server.RaftServerConfigKeys (ConfUtils.java:logGet(46)) - raft.server.threadpool.server.size = 0 (default)
2024-02-22 20:33:41,035 [78f89d9b-e409-4704-890b-bfcfbcdfd28a-groupManagement] INFO  server.RaftServerConfigKeys (ConfUtils.java:logGet(46)) - raft.server.threadpool.client.cached = true (default)
2024-02-22 20:33:41,035 [78f89d9b-e409-4704-890b-bfcfbcdfd28a-groupManagement] INFO  server.RaftServerConfigKeys (ConfUtils.java:logGet(46)) - raft.server.threadpool.client.size = 0 (default)
2024-02-22 20:33:41,036 [78f89d9b-e409-4704-890b-bfcfbcdfd28a-groupManagement] INFO  server.RaftServer$Division (RaftServerImpl.java:<init>(256)) - 78f89d9b-e409-4704-890b-bfcfbcdfd28a: new RaftServerImpl for group-9D5BCF0FDB08:[78f89d9b-e409-4704-890b-bfcfbcdfd28a|10.1.0.33:15086, d25dc3b0-28fc-4383-b1a0-617845025f41|10.1.0.33:15032, 4e8f68d6-fd98-4f77-87e3-715939181693|10.1.0.33:15041] with ContainerStateMachine:uninitialized
2024-02-22 20:33:41,036 [78f89d9b-e409-4704-890b-bfcfbcdfd28a-groupManagement] INFO  server.RaftServerConfigKeys (ConfUtils.java:logGet(46)) - raft.server.rpc.timeout.min = 5s (custom)
2024-02-22 20:33:41,036 [78f89d9b-e409-4704-890b-bfcfbcdfd28a-groupManagement] INFO  server.RaftServerConfigKeys (ConfUtils.java:logGet(46)) - raft.server.rpc.timeout.max = 5200ms (custom)
2024-02-22 20:33:41,036 [78f89d9b-e409-4704-890b-bfcfbcdfd28a-groupManagement] INFO  server.RaftServerConfigKeys (ConfUtils.java:logGet(46)) - raft.server.rpc.sleep.time = 25ms (default)
2024-02-22 20:33:41,037 [78f89d9b-e409-4704-890b-bfcfbcdfd28a-groupManagement] INFO  server.RaftServerConfigKeys (ConfUtils.java:logGet(46)) - raft.server.rpc.slowness.timeout = 300s (custom)
2024-02-22 20:33:41,037 [78f89d9b-e409-4704-890b-bfcfbcdfd28a-groupManagement] INFO  server.RaftServerConfigKeys (ConfUtils.java:logGet(46)) - raft.server.leaderelection.leader.step-down.wait-time = 10s (default)
2024-02-22 20:33:41,037 [78f89d9b-e409-4704-890b-bfcfbcdfd28a-groupManagement] INFO  server.RaftServerConfigKeys (ConfUtils.java:logGet(46)) - raft.server.leaderelection.member.majority-add = false (default)
2024-02-22 20:33:41,037 [78f89d9b-e409-4704-890b-bfcfbcdfd28a-groupManagement] INFO  server.RaftServerConfigKeys (ConfUtils.java:logGet(46)) - raft.server.sleep.deviation.threshold = 300ms (default)
2024-02-22 20:33:41,037 [78f89d9b-e409-4704-890b-bfcfbcdfd28a-groupManagement] INFO  server.RaftServer$Division (ServerState.java:<init>(113)) - 78f89d9b-e409-4704-890b-bfcfbcdfd28a@group-9D5BCF0FDB08: ConfigurationManager, init=-1: peers:[78f89d9b-e409-4704-890b-bfcfbcdfd28a|10.1.0.33:15086, d25dc3b0-28fc-4383-b1a0-617845025f41|10.1.0.33:15032, 4e8f68d6-fd98-4f77-87e3-715939181693|10.1.0.33:15041]|listeners:[], old=null, confs=<EMPTY_MAP>
2024-02-22 20:33:41,037 [78f89d9b-e409-4704-890b-bfcfbcdfd28a-groupManagement] INFO  server.RaftServerConfigKeys (ConfUtils.java:logGet(46)) - raft.server.notification.no-leader.timeout = 300s (custom)
2024-02-22 20:33:41,037 [78f89d9b-e409-4704-890b-bfcfbcdfd28a-groupManagement] INFO  server.RaftServerConfigKeys (ConfUtils.java:logGet(46)) - raft.server.read.timeout = 10s (default)
2024-02-22 20:33:41,037 [78f89d9b-e409-4704-890b-bfcfbcdfd28a-groupManagement] INFO  server.RaftServerConfigKeys (ConfUtils.java:logGet(46)) - raft.server.retrycache.expirytime = 600000ms (custom)
2024-02-22 20:33:41,037 [78f89d9b-e409-4704-890b-bfcfbcdfd28a-groupManagement] INFO  server.RaftServerConfigKeys (ConfUtils.java:logGet(46)) - raft.server.retrycache.statistics.expirytime = 100ms (default)
2024-02-22 20:33:41,037 [78f89d9b-e409-4704-890b-bfcfbcdfd28a-groupManagement] INFO  server.RaftServerConfigKeys (ConfUtils.java:logGet(46)) - raft.server.read.option = DEFAULT (default)
2024-02-22 20:33:41,037 [78f89d9b-e409-4704-890b-bfcfbcdfd28a-groupManagement] INFO  server.RaftServerConfigKeys (ConfUtils.java:logGet(46)) - raft.server.read.read-after-write-consistent.write-index-cache.expiry-time = 60s (default)
2024-02-22 20:33:41,040 [78f89d9b-e409-4704-890b-bfcfbcdfd28a-groupManagement] INFO  server.RaftServerConfigKeys (ConfUtils.java:logGet(46)) - raft.server.rpc.request.timeout = 60s (custom)
2024-02-22 20:33:41,040 [78f89d9b-e409-4704-890b-bfcfbcdfd28a-groupManagement] INFO  server.RaftServerConfigKeys (ConfUtils.java:logGet(46)) - raft.server.log.appender.install.snapshot.enabled = false (custom)
2024-02-22 20:33:41,040 [78f89d9b-e409-4704-890b-bfcfbcdfd28a-groupManagement] INFO  server.RaftServerConfigKeys (ConfUtils.java:logGet(46)) - raft.server.threadpool.server.cached = true (default)
2024-02-22 20:33:41,040 [78f89d9b-e409-4704-890b-bfcfbcdfd28a-groupManagement] INFO  server.RaftServerConfigKeys (ConfUtils.java:logGet(46)) - raft.server.threadpool.server.size = 0 (default)
2024-02-22 20:33:41,040 [78f89d9b-e409-4704-890b-bfcfbcdfd28a-groupManagement] INFO  server.RaftServerConfigKeys (ConfUtils.java:logGet(46)) - raft.server.threadpool.client.cached = true (default)
2024-02-22 20:33:41,040 [78f89d9b-e409-4704-890b-bfcfbcdfd28a-groupManagement] INFO  server.RaftServerConfigKeys (ConfUtils.java:logGet(46)) - raft.server.threadpool.client.size = 0 (default)
2024-02-22 20:33:41,040 [78f89d9b-e409-4704-890b-bfcfbcdfd28a-groupManagement] INFO  server.RaftServerConfigKeys (ConfUtils.java:logGet(46)) - raft.server.storage.free-space.min = 0MB (=0) (default)
2024-02-22 20:33:41,041 [78f89d9b-e409-4704-890b-bfcfbcdfd28a-groupManagement] INFO  server.RaftServerConfigKeys (ConfUtils.java:logGet(46)) - raft.server.log.corruption.policy = EXCEPTION (default)
2024-02-22 20:33:41,041 [78f89d9b-e409-4704-890b-bfcfbcdfd28a-groupManagement] INFO  server.RaftServerConfigKeys (ConfUtils.java:logGet(46)) - raft.server.storage.dir = [/home/runner/work/ozone/ozone/hadoop-ozone/integration-test/target/test-dir/MiniOzoneClusterImpl-a0fc024b-a492-45a5-9697-b0d14f72cb5c/datanode-8/data/ratis] (custom)
2024-02-22 20:33:41,041 [78f89d9b-e409-4704-890b-bfcfbcdfd28a-groupManagement] INFO  storage.RaftStorageDirectory (RaftStorageDirectoryImpl.java:analyzeStorage(138)) - The storage directory /home/runner/work/ozone/ozone/hadoop-ozone/integration-test/target/test-dir/MiniOzoneClusterImpl-a0fc024b-a492-45a5-9697-b0d14f72cb5c/datanode-8/data/ratis/974fd487-4b0f-4554-8c0f-c4bff782ab50 does not exist. Creating ...
2024-02-22 20:33:41,041 [4e8f68d6-fd98-4f77-87e3-715939181693-groupManagement] INFO  storage.RaftStorage (RaftStorageImpl.java:format(99)) - Storage directory /home/runner/work/ozone/ozone/hadoop-ozone/integration-test/target/test-dir/MiniOzoneClusterImpl-a0fc024b-a492-45a5-9697-b0d14f72cb5c/datanode-3/data/ratis/045ea6be-5c70-427a-91cd-8820b9a2dc65 has been successfully formatted.
2024-02-22 20:33:41,041 [4e8f68d6-fd98-4f77-87e3-715939181693-groupManagement] WARN  util.FileUtils (LogUtils.java:supplyAndLog(63)) - Failed to Files.newInputStream /home/runner/work/ozone/ozone/hadoop-ozone/integration-test/target/test-dir/MiniOzoneClusterImpl-a0fc024b-a492-45a5-9697-b0d14f72cb5c/datanode-3/data/ratis/045ea6be-5c70-427a-91cd-8820b9a2dc65/current/raft-meta.conf with options []: java.nio.file.NoSuchFileException: /home/runner/work/ozone/ozone/hadoop-ozone/integration-test/target/test-dir/MiniOzoneClusterImpl-a0fc024b-a492-45a5-9697-b0d14f72cb5c/datanode-3/data/ratis/045ea6be-5c70-427a-91cd-8820b9a2dc65/current/raft-meta.conf
2024-02-22 20:33:41,041 [e780b093-7242-46d7-bd8f-0f810188c7b3-groupManagement] INFO  ratis.ContainerStateMachine (ContainerStateMachine.java:loadSnapshot(287)) - group-83D984655C73: The snapshot info is null. Setting the last applied index to:(t:0, i:~)
2024-02-22 20:33:41,041 [e780b093-7242-46d7-bd8f-0f810188c7b3-groupManagement] INFO  server.RaftServerConfigKeys (ConfUtils.java:logGet(46)) - raft.server.log.use.memory = false (default)
2024-02-22 20:33:41,041 [4e8f68d6-fd98-4f77-87e3-715939181693-groupManagement] INFO  ratis.ContainerStateMachine (ContainerStateMachine.java:loadSnapshot(287)) - group-8820B9A2DC65: The snapshot info is null. Setting the last applied index to:(t:0, i:~)
2024-02-22 20:33:41,042 [e780b093-7242-46d7-bd8f-0f810188c7b3-groupManagement] INFO  server.RaftServerConfigKeys (ConfUtils.java:logGet(46)) - raft.server.log.purge.gap = 1000000 (custom)
2024-02-22 20:33:41,042 [4e8f68d6-fd98-4f77-87e3-715939181693-groupManagement] INFO  server.RaftServerConfigKeys (ConfUtils.java:logGet(46)) - raft.server.log.use.memory = false (default)
2024-02-22 20:33:41,049 [4e8f68d6-fd98-4f77-87e3-715939181693-groupManagement] INFO  server.RaftServerConfigKeys (ConfUtils.java:logGet(46)) - raft.server.log.purge.gap = 1000000 (custom)
2024-02-22 20:33:41,049 [4e8f68d6-fd98-4f77-87e3-715939181693-groupManagement] INFO  server.RaftServerConfigKeys (ConfUtils.java:logGet(46)) - raft.server.log.appender.buffer.byte-limit = 8388608 (custom)
2024-02-22 20:33:41,049 [4e8f68d6-fd98-4f77-87e3-715939181693-groupManagement] INFO  server.RaftServerConfigKeys (ConfUtils.java:logGet(46)) - raft.server.log.statemachine.data.read.timeout = 1000ms (default)
2024-02-22 20:33:41,049 [4e8f68d6-fd98-4f77-87e3-715939181693-groupManagement] INFO  server.RaftServerConfigKeys (ConfUtils.java:logGet(46)) - raft.server.log.purge.preservation.log.num = 0 (default)
2024-02-22 20:33:41,047 [78f89d9b-e409-4704-890b-bfcfbcdfd28a-groupManagement] INFO  storage.RaftStorageDirectory (RaftStorageDirectoryImpl.java:tryLock(228)) - Lock on /home/runner/work/ozone/ozone/hadoop-ozone/integration-test/target/test-dir/MiniOzoneClusterImpl-a0fc024b-a492-45a5-9697-b0d14f72cb5c/datanode-8/data/ratis/974fd487-4b0f-4554-8c0f-c4bff782ab50/in_use.lock acquired by nodename 30552@fv-az779-213
2024-02-22 20:33:41,044 [EventQueue-OpenPipelineForHealthyPipelineSafeModeRule] INFO  safemode.SCMSafeModeManager (HealthyPipelineSafeModeRule.java:process(140)) - SCM in safe mode. Healthy pipelines reported count is 0, required healthy pipeline reported count is 1
2024-02-22 20:33:41,054 [EventQueue-OpenPipelineForHealthyPipelineSafeModeRule] INFO  safemode.SCMSafeModeManager (HealthyPipelineSafeModeRule.java:process(140)) - SCM in safe mode. Healthy pipelines reported count is 0, required healthy pipeline reported count is 1
2024-02-22 20:33:41,054 [EventQueue-OpenPipelineForHealthyPipelineSafeModeRule] INFO  safemode.SCMSafeModeManager (HealthyPipelineSafeModeRule.java:process(140)) - SCM in safe mode. Healthy pipelines reported count is 0, required healthy pipeline reported count is 1
2024-02-22 20:33:41,054 [4e8f68d6-fd98-4f77-87e3-715939181693-groupManagement] INFO  server.RaftServerConfigKeys (ConfUtils.java:logGet(46)) - raft.server.log.segment.size.max = 67108864 (custom)
2024-02-22 20:33:41,055 [4e8f68d6-fd98-4f77-87e3-715939181693-groupManagement] INFO  server.RaftServerConfigKeys (ConfUtils.java:logGet(46)) - raft.server.log.segment.cache.num.max = 2 (custom)
2024-02-22 20:33:41,055 [4e8f68d6-fd98-4f77-87e3-715939181693-groupManagement] INFO  server.RaftServerConfigKeys (ConfUtils.java:logGet(46)) - raft.server.log.segment.cache.size.max = 200MB (=209715200) (default)
2024-02-22 20:33:41,055 [4e8f68d6-fd98-4f77-87e3-715939181693-groupManagement] INFO  server.RaftServerConfigKeys (ConfUtils.java:logGet(46)) - raft.server.log.appender.buffer.byte-limit = 8388608 (custom)
2024-02-22 20:33:41,055 [78f89d9b-e409-4704-890b-bfcfbcdfd28a-groupManagement] INFO  storage.RaftStorage (RaftStorageImpl.java:format(99)) - Storage directory /home/runner/work/ozone/ozone/hadoop-ozone/integration-test/target/test-dir/MiniOzoneClusterImpl-a0fc024b-a492-45a5-9697-b0d14f72cb5c/datanode-8/data/ratis/974fd487-4b0f-4554-8c0f-c4bff782ab50 has been successfully formatted.
2024-02-22 20:33:41,055 [78f89d9b-e409-4704-890b-bfcfbcdfd28a-groupManagement] WARN  util.FileUtils (LogUtils.java:supplyAndLog(63)) - Failed to Files.newInputStream /home/runner/work/ozone/ozone/hadoop-ozone/integration-test/target/test-dir/MiniOzoneClusterImpl-a0fc024b-a492-45a5-9697-b0d14f72cb5c/datanode-8/data/ratis/974fd487-4b0f-4554-8c0f-c4bff782ab50/current/raft-meta.conf with options []: java.nio.file.NoSuchFileException: /home/runner/work/ozone/ozone/hadoop-ozone/integration-test/target/test-dir/MiniOzoneClusterImpl-a0fc024b-a492-45a5-9697-b0d14f72cb5c/datanode-8/data/ratis/974fd487-4b0f-4554-8c0f-c4bff782ab50/current/raft-meta.conf
2024-02-22 20:33:41,042 [e780b093-7242-46d7-bd8f-0f810188c7b3-groupManagement] INFO  server.RaftServerConfigKeys (ConfUtils.java:logGet(46)) - raft.server.log.appender.buffer.byte-limit = 8388608 (custom)
2024-02-22 20:33:41,055 [e780b093-7242-46d7-bd8f-0f810188c7b3-groupManagement] INFO  server.RaftServerConfigKeys (ConfUtils.java:logGet(46)) - raft.server.log.statemachine.data.read.timeout = 1000ms (default)
2024-02-22 20:33:41,056 [e780b093-7242-46d7-bd8f-0f810188c7b3-groupManagement] INFO  server.RaftServerConfigKeys (ConfUtils.java:logGet(46)) - raft.server.log.purge.preservation.log.num = 0 (default)
2024-02-22 20:33:41,065 [78f89d9b-e409-4704-890b-bfcfbcdfd28a-groupManagement] INFO  ratis.ContainerStateMachine (ContainerStateMachine.java:loadSnapshot(287)) - group-C4BFF782AB50: The snapshot info is null. Setting the last applied index to:(t:0, i:~)
2024-02-22 20:33:41,065 [78f89d9b-e409-4704-890b-bfcfbcdfd28a-groupManagement] INFO  server.RaftServerConfigKeys (ConfUtils.java:logGet(46)) - raft.server.log.use.memory = false (default)
2024-02-22 20:33:41,065 [78f89d9b-e409-4704-890b-bfcfbcdfd28a-groupManagement] INFO  server.RaftServerConfigKeys (ConfUtils.java:logGet(46)) - raft.server.log.purge.gap = 1000000 (custom)
2024-02-22 20:33:41,065 [78f89d9b-e409-4704-890b-bfcfbcdfd28a-groupManagement] INFO  server.RaftServerConfigKeys (ConfUtils.java:logGet(46)) - raft.server.log.appender.buffer.byte-limit = 8388608 (custom)
2024-02-22 20:33:41,065 [78f89d9b-e409-4704-890b-bfcfbcdfd28a-groupManagement] INFO  server.RaftServerConfigKeys (ConfUtils.java:logGet(46)) - raft.server.log.statemachine.data.read.timeout = 1000ms (default)
2024-02-22 20:33:41,065 [78f89d9b-e409-4704-890b-bfcfbcdfd28a-groupManagement] INFO  server.RaftServerConfigKeys (ConfUtils.java:logGet(46)) - raft.server.log.purge.preservation.log.num = 0 (default)
2024-02-22 20:33:41,066 [e780b093-7242-46d7-bd8f-0f810188c7b3-groupManagement] INFO  server.RaftServerConfigKeys (ConfUtils.java:logGet(46)) - raft.server.log.segment.size.max = 67108864 (custom)
2024-02-22 20:33:41,066 [EventQueue-OpenPipelineForHealthyPipelineSafeModeRule] INFO  safemode.SCMSafeModeManager (HealthyPipelineSafeModeRule.java:process(140)) - SCM in safe mode. Healthy pipelines reported count is 0, required healthy pipeline reported count is 1
2024-02-22 20:33:41,067 [e780b093-7242-46d7-bd8f-0f810188c7b3-groupManagement] INFO  server.RaftServerConfigKeys (ConfUtils.java:logGet(46)) - raft.server.log.segment.cache.num.max = 2 (custom)
2024-02-22 20:33:41,067 [e780b093-7242-46d7-bd8f-0f810188c7b3-groupManagement] INFO  server.RaftServerConfigKeys (ConfUtils.java:logGet(46)) - raft.server.log.segment.cache.size.max = 200MB (=209715200) (default)
2024-02-22 20:33:41,067 [e780b093-7242-46d7-bd8f-0f810188c7b3-groupManagement] INFO  server.RaftServerConfigKeys (ConfUtils.java:logGet(46)) - raft.server.log.appender.buffer.byte-limit = 8388608 (custom)
2024-02-22 20:33:41,068 [78f89d9b-e409-4704-890b-bfcfbcdfd28a-groupManagement] INFO  server.RaftServerConfigKeys (ConfUtils.java:logGet(46)) - raft.server.log.segment.size.max = 67108864 (custom)
2024-02-22 20:33:41,069 [78f89d9b-e409-4704-890b-bfcfbcdfd28a-groupManagement] INFO  server.RaftServerConfigKeys (ConfUtils.java:logGet(46)) - raft.server.log.segment.cache.num.max = 2 (custom)
2024-02-22 20:33:41,069 [78f89d9b-e409-4704-890b-bfcfbcdfd28a-groupManagement] INFO  server.RaftServerConfigKeys (ConfUtils.java:logGet(46)) - raft.server.log.segment.cache.size.max = 200MB (=209715200) (default)
2024-02-22 20:33:41,069 [78f89d9b-e409-4704-890b-bfcfbcdfd28a-groupManagement] INFO  server.RaftServerConfigKeys (ConfUtils.java:logGet(46)) - raft.server.log.appender.buffer.byte-limit = 8388608 (custom)
2024-02-22 20:33:41,070 [4e8f68d6-fd98-4f77-87e3-715939181693-groupManagement] INFO  util.AwaitToRun (AwaitToRun.java:start(81)) - Thread[4e8f68d6-fd98-4f77-87e3-715939181693@group-8820B9A2DC65-cacheEviction-AwaitToRun,5,main] started
2024-02-22 20:33:41,071 [4e8f68d6-fd98-4f77-87e3-715939181693-groupManagement] INFO  segmented.SegmentedRaftLogWorker (SegmentedRaftLogWorker.java:<init>(182)) - new 4e8f68d6-fd98-4f77-87e3-715939181693@group-8820B9A2DC65-SegmentedRaftLogWorker for RaftStorageImpl:Storage Directory /home/runner/work/ozone/ozone/hadoop-ozone/integration-test/target/test-dir/MiniOzoneClusterImpl-a0fc024b-a492-45a5-9697-b0d14f72cb5c/datanode-3/data/ratis/045ea6be-5c70-427a-91cd-8820b9a2dc65
2024-02-22 20:33:41,071 [4e8f68d6-fd98-4f77-87e3-715939181693-groupManagement] INFO  server.RaftServerConfigKeys (ConfUtils.java:logGet(46)) - raft.server.log.queue.byte-limit = 4294967296 (custom)
2024-02-22 20:33:41,071 [4e8f68d6-fd98-4f77-87e3-715939181693-groupManagement] INFO  server.RaftServerConfigKeys (ConfUtils.java:logGet(46)) - raft.server.log.queue.element-limit = 1024 (custom)
2024-02-22 20:33:41,071 [4e8f68d6-fd98-4f77-87e3-715939181693-groupManagement] INFO  server.RaftServerConfigKeys (ConfUtils.java:logGet(46)) - raft.server.log.segment.size.max = 67108864 (custom)
2024-02-22 20:33:41,071 [4e8f68d6-fd98-4f77-87e3-715939181693-groupManagement] INFO  server.RaftServerConfigKeys (ConfUtils.java:logGet(46)) - raft.server.log.preallocated.size = 4194304 (custom)
2024-02-22 20:33:41,071 [4e8f68d6-fd98-4f77-87e3-715939181693-groupManagement] INFO  server.RaftServerConfigKeys (ConfUtils.java:logGet(46)) - raft.server.log.force.sync.num = 128 (default)
2024-02-22 20:33:41,071 [4e8f68d6-fd98-4f77-87e3-715939181693-groupManagement] INFO  server.RaftServerConfigKeys (ConfUtils.java:logGet(46)) - raft.server.log.statemachine.data.sync = true (default)
2024-02-22 20:33:41,071 [4e8f68d6-fd98-4f77-87e3-715939181693-groupManagement] INFO  server.RaftServerConfigKeys (ConfUtils.java:logGet(46)) - raft.server.log.statemachine.data.sync.timeout = 10s (default)
2024-02-22 20:33:41,071 [4e8f68d6-fd98-4f77-87e3-715939181693-groupManagement] INFO  server.RaftServerConfigKeys (ConfUtils.java:logGet(46)) - raft.server.log.statemachine.data.sync.timeout.retry = 0 (custom)
2024-02-22 20:33:41,072 [4e8f68d6-fd98-4f77-87e3-715939181693-groupManagement] INFO  server.RaftServerConfigKeys (ConfUtils.java:logGet(46)) - raft.server.log.write.buffer.size = 8388616 (custom)
2024-02-22 20:33:41,073 [4e8f68d6-fd98-4f77-87e3-715939181693-groupManagement] INFO  server.RaftServerConfigKeys (ConfUtils.java:logGet(46)) - raft.server.log.appender.buffer.byte-limit = 8388608 (custom)
2024-02-22 20:33:41,073 [4e8f68d6-fd98-4f77-87e3-715939181693-groupManagement] INFO  server.RaftServerConfigKeys (ConfUtils.java:logGet(46)) - raft.server.log.unsafe-flush.enabled = false (default)
2024-02-22 20:33:41,073 [4e8f68d6-fd98-4f77-87e3-715939181693-groupManagement] INFO  server.RaftServerConfigKeys (ConfUtils.java:logGet(46)) - raft.server.log.async-flush.enabled = false (default)
2024-02-22 20:33:41,073 [4e8f68d6-fd98-4f77-87e3-715939181693-groupManagement] INFO  server.RaftServerConfigKeys (ConfUtils.java:logGet(46)) - raft.server.log.statemachine.data.caching.enabled = true (custom)
2024-02-22 20:33:41,074 [4e8f68d6-fd98-4f77-87e3-715939181693-groupManagement] INFO  segmented.SegmentedRaftLogWorker (SegmentedRaftLogWorker.java:lambda$new$0(134)) - 4e8f68d6-fd98-4f77-87e3-715939181693@group-8820B9A2DC65-SegmentedRaftLogWorker: flushIndex: setUnconditionally 0 -> -1
2024-02-22 20:33:41,074 [4e8f68d6-fd98-4f77-87e3-715939181693-groupManagement] INFO  segmented.SegmentedRaftLogWorker (SegmentedRaftLogWorker.java:lambda$new$0(134)) - 4e8f68d6-fd98-4f77-87e3-715939181693@group-8820B9A2DC65-SegmentedRaftLogWorker: safeCacheEvictIndex: setUnconditionally 0 -> -1
2024-02-22 20:33:41,074 [4e8f68d6-fd98-4f77-87e3-715939181693-groupManagement] INFO  server.RaftServer$Division (RaftServerImpl.java:start(396)) - 4e8f68d6-fd98-4f77-87e3-715939181693@group-8820B9A2DC65: start as a follower, conf=-1: peers:[78f89d9b-e409-4704-890b-bfcfbcdfd28a|10.1.0.33:15086, d25dc3b0-28fc-4383-b1a0-617845025f41|10.1.0.33:15032, 4e8f68d6-fd98-4f77-87e3-715939181693|10.1.0.33:15041]|listeners:[], old=null
2024-02-22 20:33:41,075 [4e8f68d6-fd98-4f77-87e3-715939181693-groupManagement] INFO  server.RaftServer$Division (RaftServerImpl.java:setRole(383)) - 4e8f68d6-fd98-4f77-87e3-715939181693@group-8820B9A2DC65: changes role from      null to FOLLOWER at term 0 for startAsFollower
2024-02-22 20:33:41,075 [78f89d9b-e409-4704-890b-bfcfbcdfd28a-groupManagement] INFO  util.AwaitToRun (AwaitToRun.java:start(81)) - Thread[78f89d9b-e409-4704-890b-bfcfbcdfd28a@group-C4BFF782AB50-cacheEviction-AwaitToRun,5,main] started
2024-02-22 20:33:41,075 [78f89d9b-e409-4704-890b-bfcfbcdfd28a-groupManagement] INFO  segmented.SegmentedRaftLogWorker (SegmentedRaftLogWorker.java:<init>(182)) - new 78f89d9b-e409-4704-890b-bfcfbcdfd28a@group-C4BFF782AB50-SegmentedRaftLogWorker for RaftStorageImpl:Storage Directory /home/runner/work/ozone/ozone/hadoop-ozone/integration-test/target/test-dir/MiniOzoneClusterImpl-a0fc024b-a492-45a5-9697-b0d14f72cb5c/datanode-8/data/ratis/974fd487-4b0f-4554-8c0f-c4bff782ab50
2024-02-22 20:33:41,075 [78f89d9b-e409-4704-890b-bfcfbcdfd28a-groupManagement] INFO  server.RaftServerConfigKeys (ConfUtils.java:logGet(46)) - raft.server.log.queue.byte-limit = 4294967296 (custom)
2024-02-22 20:33:41,075 [78f89d9b-e409-4704-890b-bfcfbcdfd28a-groupManagement] INFO  server.RaftServerConfigKeys (ConfUtils.java:logGet(46)) - raft.server.log.queue.element-limit = 1024 (custom)
2024-02-22 20:33:41,075 [78f89d9b-e409-4704-890b-bfcfbcdfd28a-groupManagement] INFO  server.RaftServerConfigKeys (ConfUtils.java:logGet(46)) - raft.server.log.segment.size.max = 67108864 (custom)
2024-02-22 20:33:41,075 [78f89d9b-e409-4704-890b-bfcfbcdfd28a-groupManagement] INFO  server.RaftServerConfigKeys (ConfUtils.java:logGet(46)) - raft.server.log.preallocated.size = 4194304 (custom)
2024-02-22 20:33:41,075 [78f89d9b-e409-4704-890b-bfcfbcdfd28a-groupManagement] INFO  server.RaftServerConfigKeys (ConfUtils.java:logGet(46)) - raft.server.log.force.sync.num = 128 (default)
2024-02-22 20:33:41,075 [78f89d9b-e409-4704-890b-bfcfbcdfd28a-groupManagement] INFO  server.RaftServerConfigKeys (ConfUtils.java:logGet(46)) - raft.server.log.statemachine.data.sync = true (default)
2024-02-22 20:33:41,075 [78f89d9b-e409-4704-890b-bfcfbcdfd28a-groupManagement] INFO  server.RaftServerConfigKeys (ConfUtils.java:logGet(46)) - raft.server.log.statemachine.data.sync.timeout = 10s (default)
2024-02-22 20:33:41,075 [78f89d9b-e409-4704-890b-bfcfbcdfd28a-groupManagement] INFO  server.RaftServerConfigKeys (ConfUtils.java:logGet(46)) - raft.server.log.statemachine.data.sync.timeout.retry = 0 (custom)
2024-02-22 20:33:41,076 [78f89d9b-e409-4704-890b-bfcfbcdfd28a-groupManagement] INFO  server.RaftServerConfigKeys (ConfUtils.java:logGet(46)) - raft.server.log.write.buffer.size = 8388616 (custom)
2024-02-22 20:33:41,077 [78f89d9b-e409-4704-890b-bfcfbcdfd28a-groupManagement] INFO  server.RaftServerConfigKeys (ConfUtils.java:logGet(46)) - raft.server.log.appender.buffer.byte-limit = 8388608 (custom)
2024-02-22 20:33:41,078 [e780b093-7242-46d7-bd8f-0f810188c7b3-groupManagement] INFO  util.AwaitToRun (AwaitToRun.java:start(81)) - Thread[e780b093-7242-46d7-bd8f-0f810188c7b3@group-83D984655C73-cacheEviction-AwaitToRun,5,main] started
2024-02-22 20:33:41,080 [e780b093-7242-46d7-bd8f-0f810188c7b3-groupManagement] INFO  segmented.SegmentedRaftLogWorker (SegmentedRaftLogWorker.java:<init>(182)) - new e780b093-7242-46d7-bd8f-0f810188c7b3@group-83D984655C73-SegmentedRaftLogWorker for RaftStorageImpl:Storage Directory /home/runner/work/ozone/ozone/hadoop-ozone/integration-test/target/test-dir/MiniOzoneClusterImpl-a0fc024b-a492-45a5-9697-b0d14f72cb5c/datanode-9/data/ratis/0077ebc2-8b09-4842-8a13-83d984655c73
2024-02-22 20:33:41,080 [e780b093-7242-46d7-bd8f-0f810188c7b3-groupManagement] INFO  server.RaftServerConfigKeys (ConfUtils.java:logGet(46)) - raft.server.log.queue.byte-limit = 4294967296 (custom)
2024-02-22 20:33:41,081 [e780b093-7242-46d7-bd8f-0f810188c7b3-groupManagement] INFO  server.RaftServerConfigKeys (ConfUtils.java:logGet(46)) - raft.server.log.queue.element-limit = 1024 (custom)
2024-02-22 20:33:41,081 [e780b093-7242-46d7-bd8f-0f810188c7b3-groupManagement] INFO  server.RaftServerConfigKeys (ConfUtils.java:logGet(46)) - raft.server.log.segment.size.max = 67108864 (custom)
2024-02-22 20:33:41,084 [e780b093-7242-46d7-bd8f-0f810188c7b3-groupManagement] INFO  server.RaftServerConfigKeys (ConfUtils.java:logGet(46)) - raft.server.log.preallocated.size = 4194304 (custom)
2024-02-22 20:33:41,084 [e780b093-7242-46d7-bd8f-0f810188c7b3-groupManagement] INFO  server.RaftServerConfigKeys (ConfUtils.java:logGet(46)) - raft.server.log.force.sync.num = 128 (default)
2024-02-22 20:33:41,084 [e780b093-7242-46d7-bd8f-0f810188c7b3-groupManagement] INFO  server.RaftServerConfigKeys (ConfUtils.java:logGet(46)) - raft.server.log.statemachine.data.sync = true (default)
2024-02-22 20:33:41,084 [e780b093-7242-46d7-bd8f-0f810188c7b3-groupManagement] INFO  server.RaftServerConfigKeys (ConfUtils.java:logGet(46)) - raft.server.log.statemachine.data.sync.timeout = 10s (default)
2024-02-22 20:33:41,085 [e780b093-7242-46d7-bd8f-0f810188c7b3-groupManagement] INFO  server.RaftServerConfigKeys (ConfUtils.java:logGet(46)) - raft.server.log.statemachine.data.sync.timeout.retry = 0 (custom)
2024-02-22 20:33:41,085 [e780b093-7242-46d7-bd8f-0f810188c7b3-groupManagement] INFO  server.RaftServerConfigKeys (ConfUtils.java:logGet(46)) - raft.server.log.write.buffer.size = 8388616 (custom)
2024-02-22 20:33:41,086 [e780b093-7242-46d7-bd8f-0f810188c7b3-groupManagement] INFO  server.RaftServerConfigKeys (ConfUtils.java:logGet(46)) - raft.server.log.appender.buffer.byte-limit = 8388608 (custom)
2024-02-22 20:33:41,087 [e780b093-7242-46d7-bd8f-0f810188c7b3-groupManagement] INFO  server.RaftServerConfigKeys (ConfUtils.java:logGet(46)) - raft.server.log.unsafe-flush.enabled = false (default)
2024-02-22 20:33:41,087 [e780b093-7242-46d7-bd8f-0f810188c7b3-groupManagement] INFO  server.RaftServerConfigKeys (ConfUtils.java:logGet(46)) - raft.server.log.async-flush.enabled = false (default)
2024-02-22 20:33:41,087 [e780b093-7242-46d7-bd8f-0f810188c7b3-groupManagement] INFO  server.RaftServerConfigKeys (ConfUtils.java:logGet(46)) - raft.server.log.statemachine.data.caching.enabled = true (custom)
2024-02-22 20:33:41,087 [e780b093-7242-46d7-bd8f-0f810188c7b3-groupManagement] INFO  segmented.SegmentedRaftLogWorker (SegmentedRaftLogWorker.java:lambda$new$0(134)) - e780b093-7242-46d7-bd8f-0f810188c7b3@group-83D984655C73-SegmentedRaftLogWorker: flushIndex: setUnconditionally 0 -> -1
2024-02-22 20:33:41,087 [e780b093-7242-46d7-bd8f-0f810188c7b3-groupManagement] INFO  segmented.SegmentedRaftLogWorker (SegmentedRaftLogWorker.java:lambda$new$0(134)) - e780b093-7242-46d7-bd8f-0f810188c7b3@group-83D984655C73-SegmentedRaftLogWorker: safeCacheEvictIndex: setUnconditionally 0 -> -1
2024-02-22 20:33:41,082 [4e8f68d6-fd98-4f77-87e3-715939181693-groupManagement] INFO  impl.RoleInfo (RoleInfo.java:updateAndGet(139)) - 4e8f68d6-fd98-4f77-87e3-715939181693: start 4e8f68d6-fd98-4f77-87e3-715939181693@group-8820B9A2DC65-FollowerState
2024-02-22 20:33:41,093 [78f89d9b-e409-4704-890b-bfcfbcdfd28a-groupManagement] INFO  server.RaftServerConfigKeys (ConfUtils.java:logGet(46)) - raft.server.log.unsafe-flush.enabled = false (default)
2024-02-22 20:33:41,093 [78f89d9b-e409-4704-890b-bfcfbcdfd28a-groupManagement] INFO  server.RaftServerConfigKeys (ConfUtils.java:logGet(46)) - raft.server.log.async-flush.enabled = false (default)
2024-02-22 20:33:41,094 [78f89d9b-e409-4704-890b-bfcfbcdfd28a-groupManagement] INFO  server.RaftServerConfigKeys (ConfUtils.java:logGet(46)) - raft.server.log.statemachine.data.caching.enabled = true (custom)
2024-02-22 20:33:41,094 [78f89d9b-e409-4704-890b-bfcfbcdfd28a-groupManagement] INFO  segmented.SegmentedRaftLogWorker (SegmentedRaftLogWorker.java:lambda$new$0(134)) - 78f89d9b-e409-4704-890b-bfcfbcdfd28a@group-C4BFF782AB50-SegmentedRaftLogWorker: flushIndex: setUnconditionally 0 -> -1
2024-02-22 20:33:41,094 [78f89d9b-e409-4704-890b-bfcfbcdfd28a-groupManagement] INFO  segmented.SegmentedRaftLogWorker (SegmentedRaftLogWorker.java:lambda$new$0(134)) - 78f89d9b-e409-4704-890b-bfcfbcdfd28a@group-C4BFF782AB50-SegmentedRaftLogWorker: safeCacheEvictIndex: setUnconditionally 0 -> -1
2024-02-22 20:33:41,095 [78f89d9b-e409-4704-890b-bfcfbcdfd28a-groupManagement] INFO  server.RaftServer$Division (RaftServerImpl.java:start(396)) - 78f89d9b-e409-4704-890b-bfcfbcdfd28a@group-C4BFF782AB50: start as a follower, conf=-1: peers:[78f89d9b-e409-4704-890b-bfcfbcdfd28a|10.1.0.33:15086, c30fedce-f286-40e0-881d-3d5a9a6e2463|10.1.0.33:15068, 13f92446-3b18-4d81-bc66-0f9b00220e72|10.1.0.33:15077]|listeners:[], old=null
2024-02-22 20:33:41,095 [78f89d9b-e409-4704-890b-bfcfbcdfd28a-groupManagement] INFO  server.RaftServer$Division (RaftServerImpl.java:setRole(383)) - 78f89d9b-e409-4704-890b-bfcfbcdfd28a@group-C4BFF782AB50: changes role from      null to FOLLOWER at term 0 for startAsFollower
2024-02-22 20:33:41,095 [78f89d9b-e409-4704-890b-bfcfbcdfd28a-groupManagement] INFO  impl.RoleInfo (RoleInfo.java:updateAndGet(139)) - 78f89d9b-e409-4704-890b-bfcfbcdfd28a: start 78f89d9b-e409-4704-890b-bfcfbcdfd28a@group-C4BFF782AB50-FollowerState
2024-02-22 20:33:41,102 [4e8f68d6-fd98-4f77-87e3-715939181693@group-8820B9A2DC65-FollowerState] INFO  server.RaftServerConfigKeys (ConfUtils.java:logFallback(53)) - raft.server.rpc.first-election.timeout.min = 5s (fallback to raft.server.rpc.timeout.min)
2024-02-22 20:33:41,102 [grpc-default-executor-1] INFO  server.RaftServer (RaftServerProxy.java:addNew(100)) - e46a6e51-795f-4801-a523-c45a6c7f2c34: addNew group-A538022C1006:[923be64f-71f4-4891-b05d-82ff5a9df5b5|10.1.0.33:15023, e46a6e51-795f-4801-a523-c45a6c7f2c34|10.1.0.33:15014, e780b093-7242-46d7-bd8f-0f810188c7b3|10.1.0.33:15095] returns group-A538022C1006:java.util.concurrent.CompletableFuture@ee15fcb[Not completed]
2024-02-22 20:33:41,103 [4e8f68d6-fd98-4f77-87e3-715939181693@group-8820B9A2DC65-FollowerState] INFO  server.RaftServerConfigKeys (ConfUtils.java:logFallback(53)) - raft.server.rpc.first-election.timeout.max = 5200ms (fallback to raft.server.rpc.timeout.max)
2024-02-22 20:33:41,103 [e780b093-7242-46d7-bd8f-0f810188c7b3-groupManagement] INFO  server.RaftServer$Division (RaftServerImpl.java:start(396)) - e780b093-7242-46d7-bd8f-0f810188c7b3@group-83D984655C73: start as a follower, conf=-1: peers:[86ab988c-fa9c-425d-a1c6-9004ff7fd93d|10.1.0.33:15059, e46a6e51-795f-4801-a523-c45a6c7f2c34|10.1.0.33:15014, e780b093-7242-46d7-bd8f-0f810188c7b3|10.1.0.33:15095]|listeners:[], old=null
2024-02-22 20:33:41,103 [e780b093-7242-46d7-bd8f-0f810188c7b3-groupManagement] INFO  server.RaftServer$Division (RaftServerImpl.java:setRole(383)) - e780b093-7242-46d7-bd8f-0f810188c7b3@group-83D984655C73: changes role from      null to FOLLOWER at term 0 for startAsFollower
2024-02-22 20:33:41,103 [e780b093-7242-46d7-bd8f-0f810188c7b3-groupManagement] INFO  impl.RoleInfo (RoleInfo.java:updateAndGet(139)) - e780b093-7242-46d7-bd8f-0f810188c7b3: start e780b093-7242-46d7-bd8f-0f810188c7b3@group-83D984655C73-FollowerState
2024-02-22 20:33:41,104 [e46a6e51-795f-4801-a523-c45a6c7f2c34-groupManagement] INFO  server.RaftServer$Division (RaftServerImpl.java:<init>(256)) - e46a6e51-795f-4801-a523-c45a6c7f2c34: new RaftServerImpl for group-A538022C1006:[923be64f-71f4-4891-b05d-82ff5a9df5b5|10.1.0.33:15023, e46a6e51-795f-4801-a523-c45a6c7f2c34|10.1.0.33:15014, e780b093-7242-46d7-bd8f-0f810188c7b3|10.1.0.33:15095] with ContainerStateMachine:uninitialized
2024-02-22 20:33:41,104 [e46a6e51-795f-4801-a523-c45a6c7f2c34-groupManagement] INFO  server.RaftServerConfigKeys (ConfUtils.java:logGet(46)) - raft.server.rpc.timeout.min = 5s (custom)
2024-02-22 20:33:41,104 [e46a6e51-795f-4801-a523-c45a6c7f2c34-groupManagement] INFO  server.RaftServerConfigKeys (ConfUtils.java:logGet(46)) - raft.server.rpc.timeout.max = 5200ms (custom)
2024-02-22 20:33:41,104 [e46a6e51-795f-4801-a523-c45a6c7f2c34-groupManagement] INFO  server.RaftServerConfigKeys (ConfUtils.java:logGet(46)) - raft.server.rpc.sleep.time = 25ms (default)
2024-02-22 20:33:41,104 [e46a6e51-795f-4801-a523-c45a6c7f2c34-groupManagement] INFO  server.RaftServerConfigKeys (ConfUtils.java:logGet(46)) - raft.server.rpc.slowness.timeout = 300s (custom)
2024-02-22 20:33:41,104 [e46a6e51-795f-4801-a523-c45a6c7f2c34-groupManagement] INFO  server.RaftServerConfigKeys (ConfUtils.java:logGet(46)) - raft.server.leaderelection.leader.step-down.wait-time = 10s (default)
2024-02-22 20:33:41,104 [e46a6e51-795f-4801-a523-c45a6c7f2c34-groupManagement] INFO  server.RaftServerConfigKeys (ConfUtils.java:logGet(46)) - raft.server.leaderelection.member.majority-add = false (default)
2024-02-22 20:33:41,104 [e46a6e51-795f-4801-a523-c45a6c7f2c34-groupManagement] INFO  server.RaftServerConfigKeys (ConfUtils.java:logGet(46)) - raft.server.sleep.deviation.threshold = 300ms (default)
2024-02-22 20:33:41,104 [e46a6e51-795f-4801-a523-c45a6c7f2c34-groupManagement] INFO  server.RaftServer$Division (ServerState.java:<init>(113)) - e46a6e51-795f-4801-a523-c45a6c7f2c34@group-A538022C1006: ConfigurationManager, init=-1: peers:[923be64f-71f4-4891-b05d-82ff5a9df5b5|10.1.0.33:15023, e46a6e51-795f-4801-a523-c45a6c7f2c34|10.1.0.33:15014, e780b093-7242-46d7-bd8f-0f810188c7b3|10.1.0.33:15095]|listeners:[], old=null, confs=<EMPTY_MAP>
2024-02-22 20:33:41,104 [e46a6e51-795f-4801-a523-c45a6c7f2c34-groupManagement] INFO  server.RaftServerConfigKeys (ConfUtils.java:logGet(46)) - raft.server.notification.no-leader.timeout = 300s (custom)
2024-02-22 20:33:41,105 [e46a6e51-795f-4801-a523-c45a6c7f2c34-groupManagement] INFO  server.RaftServerConfigKeys (ConfUtils.java:logGet(46)) - raft.server.read.timeout = 10s (default)
2024-02-22 20:33:41,105 [e46a6e51-795f-4801-a523-c45a6c7f2c34-groupManagement] INFO  server.RaftServerConfigKeys (ConfUtils.java:logGet(46)) - raft.server.retrycache.expirytime = 600000ms (custom)
2024-02-22 20:33:41,105 [e46a6e51-795f-4801-a523-c45a6c7f2c34-groupManagement] INFO  server.RaftServerConfigKeys (ConfUtils.java:logGet(46)) - raft.server.retrycache.statistics.expirytime = 100ms (default)
2024-02-22 20:33:41,105 [e46a6e51-795f-4801-a523-c45a6c7f2c34-groupManagement] INFO  server.RaftServerConfigKeys (ConfUtils.java:logGet(46)) - raft.server.read.option = DEFAULT (default)
2024-02-22 20:33:41,105 [e46a6e51-795f-4801-a523-c45a6c7f2c34-groupManagement] INFO  server.RaftServerConfigKeys (ConfUtils.java:logGet(46)) - raft.server.read.read-after-write-consistent.write-index-cache.expiry-time = 60s (default)
2024-02-22 20:33:41,106 [e780b093-7242-46d7-bd8f-0f810188c7b3@group-83D984655C73-FollowerState] INFO  server.RaftServerConfigKeys (ConfUtils.java:logFallback(53)) - raft.server.rpc.first-election.timeout.min = 5s (fallback to raft.server.rpc.timeout.min)
2024-02-22 20:33:41,106 [e780b093-7242-46d7-bd8f-0f810188c7b3@group-83D984655C73-FollowerState] INFO  server.RaftServerConfigKeys (ConfUtils.java:logFallback(53)) - raft.server.rpc.first-election.timeout.max = 5200ms (fallback to raft.server.rpc.timeout.max)
2024-02-22 20:33:41,107 [78f89d9b-e409-4704-890b-bfcfbcdfd28a@group-C4BFF782AB50-FollowerState] INFO  server.RaftServerConfigKeys (ConfUtils.java:logFallback(53)) - raft.server.rpc.first-election.timeout.min = 5s (fallback to raft.server.rpc.timeout.min)
2024-02-22 20:33:41,106 [78f89d9b-e409-4704-890b-bfcfbcdfd28a-groupManagement] INFO  util.JmxRegister (JmxRegister.java:tryRegister(44)) - Successfully registered JMX Bean with object name Ratis:service=RaftServer,group=group-C4BFF782AB50,id=78f89d9b-e409-4704-890b-bfcfbcdfd28a
2024-02-22 20:33:41,108 [78f89d9b-e409-4704-890b-bfcfbcdfd28a-groupManagement] INFO  server.RaftServerConfigKeys (ConfUtils.java:logGet(46)) - raft.server.snapshot.trigger-when-stop.enabled = true (default)
2024-02-22 20:33:41,108 [78f89d9b-e409-4704-890b-bfcfbcdfd28a-groupManagement] INFO  server.RaftServerConfigKeys (ConfUtils.java:logGet(46)) - raft.server.snapshot.auto.trigger.enabled = true (custom)
2024-02-22 20:33:41,108 [78f89d9b-e409-4704-890b-bfcfbcdfd28a-groupManagement] INFO  server.RaftServerConfigKeys (ConfUtils.java:logGet(46)) - raft.server.snapshot.auto.trigger.threshold = 10000 (custom)
2024-02-22 20:33:41,108 [78f89d9b-e409-4704-890b-bfcfbcdfd28a-groupManagement] INFO  server.RaftServerConfigKeys (ConfUtils.java:logGet(46)) - raft.server.snapshot.retention.file.num = 5 (custom)
2024-02-22 20:33:41,108 [78f89d9b-e409-4704-890b-bfcfbcdfd28a-groupManagement] INFO  server.RaftServerConfigKeys (ConfUtils.java:logGet(46)) - raft.server.log.purge.upto.snapshot.index = false (default)
2024-02-22 20:33:41,107 [4e8f68d6-fd98-4f77-87e3-715939181693-groupManagement] INFO  util.JmxRegister (JmxRegister.java:tryRegister(44)) - Successfully registered JMX Bean with object name Ratis:service=RaftServer,group=group-8820B9A2DC65,id=4e8f68d6-fd98-4f77-87e3-715939181693
2024-02-22 20:33:41,108 [4e8f68d6-fd98-4f77-87e3-715939181693-groupManagement] INFO  server.RaftServerConfigKeys (ConfUtils.java:logGet(46)) - raft.server.snapshot.trigger-when-stop.enabled = true (default)
2024-02-22 20:33:41,108 [4e8f68d6-fd98-4f77-87e3-715939181693-groupManagement] INFO  server.RaftServerConfigKeys (ConfUtils.java:logGet(46)) - raft.server.snapshot.auto.trigger.enabled = true (custom)
2024-02-22 20:33:41,108 [4e8f68d6-fd98-4f77-87e3-715939181693-groupManagement] INFO  server.RaftServerConfigKeys (ConfUtils.java:logGet(46)) - raft.server.snapshot.auto.trigger.threshold = 10000 (custom)
2024-02-22 20:33:41,109 [4e8f68d6-fd98-4f77-87e3-715939181693-groupManagement] INFO  server.RaftServerConfigKeys (ConfUtils.java:logGet(46)) - raft.server.snapshot.retention.file.num = 5 (custom)
2024-02-22 20:33:41,109 [4e8f68d6-fd98-4f77-87e3-715939181693-groupManagement] INFO  server.RaftServerConfigKeys (ConfUtils.java:logGet(46)) - raft.server.log.purge.upto.snapshot.index = false (default)
2024-02-22 20:33:41,106 [e780b093-7242-46d7-bd8f-0f810188c7b3-groupManagement] INFO  util.JmxRegister (JmxRegister.java:tryRegister(44)) - Successfully registered JMX Bean with object name Ratis:service=RaftServer,group=group-83D984655C73,id=e780b093-7242-46d7-bd8f-0f810188c7b3
2024-02-22 20:33:41,109 [e780b093-7242-46d7-bd8f-0f810188c7b3-groupManagement] INFO  server.RaftServerConfigKeys (ConfUtils.java:logGet(46)) - raft.server.snapshot.trigger-when-stop.enabled = true (default)
2024-02-22 20:33:41,109 [e780b093-7242-46d7-bd8f-0f810188c7b3-groupManagement] INFO  server.RaftServerConfigKeys (ConfUtils.java:logGet(46)) - raft.server.snapshot.auto.trigger.enabled = true (custom)
2024-02-22 20:33:41,109 [e780b093-7242-46d7-bd8f-0f810188c7b3-groupManagement] INFO  server.RaftServerConfigKeys (ConfUtils.java:logGet(46)) - raft.server.snapshot.auto.trigger.threshold = 10000 (custom)
2024-02-22 20:33:41,109 [e780b093-7242-46d7-bd8f-0f810188c7b3-groupManagement] INFO  server.RaftServerConfigKeys (ConfUtils.java:logGet(46)) - raft.server.snapshot.retention.file.num = 5 (custom)
2024-02-22 20:33:41,109 [e780b093-7242-46d7-bd8f-0f810188c7b3-groupManagement] INFO  server.RaftServerConfigKeys (ConfUtils.java:logGet(46)) - raft.server.log.purge.upto.snapshot.index = false (default)
2024-02-22 20:33:41,109 [e46a6e51-795f-4801-a523-c45a6c7f2c34-groupManagement] INFO  server.RaftServerConfigKeys (ConfUtils.java:logGet(46)) - raft.server.rpc.request.timeout = 60s (custom)
2024-02-22 20:33:41,109 [e46a6e51-795f-4801-a523-c45a6c7f2c34-groupManagement] INFO  server.RaftServerConfigKeys (ConfUtils.java:logGet(46)) - raft.server.log.appender.install.snapshot.enabled = false (custom)
2024-02-22 20:33:41,109 [e46a6e51-795f-4801-a523-c45a6c7f2c34-groupManagement] INFO  server.RaftServerConfigKeys (ConfUtils.java:logGet(46)) - raft.server.threadpool.server.cached = true (default)
2024-02-22 20:33:41,109 [e46a6e51-795f-4801-a523-c45a6c7f2c34-groupManagement] INFO  server.RaftServerConfigKeys (ConfUtils.java:logGet(46)) - raft.server.threadpool.server.size = 0 (default)
2024-02-22 20:33:41,110 [e46a6e51-795f-4801-a523-c45a6c7f2c34-groupManagement] INFO  server.RaftServerConfigKeys (ConfUtils.java:logGet(46)) - raft.server.threadpool.client.cached = true (default)
2024-02-22 20:33:41,110 [e46a6e51-795f-4801-a523-c45a6c7f2c34-groupManagement] INFO  server.RaftServerConfigKeys (ConfUtils.java:logGet(46)) - raft.server.threadpool.client.size = 0 (default)
2024-02-22 20:33:41,110 [e46a6e51-795f-4801-a523-c45a6c7f2c34-groupManagement] INFO  server.RaftServerConfigKeys (ConfUtils.java:logGet(46)) - raft.server.storage.free-space.min = 0MB (=0) (default)
2024-02-22 20:33:41,110 [e46a6e51-795f-4801-a523-c45a6c7f2c34-groupManagement] INFO  server.RaftServerConfigKeys (ConfUtils.java:logGet(46)) - raft.server.log.corruption.policy = EXCEPTION (default)
2024-02-22 20:33:41,110 [e46a6e51-795f-4801-a523-c45a6c7f2c34-groupManagement] INFO  server.RaftServerConfigKeys (ConfUtils.java:logGet(46)) - raft.server.storage.dir = [/home/runner/work/ozone/ozone/hadoop-ozone/integration-test/target/test-dir/MiniOzoneClusterImpl-a0fc024b-a492-45a5-9697-b0d14f72cb5c/datanode-0/data/ratis] (custom)
2024-02-22 20:33:41,110 [e46a6e51-795f-4801-a523-c45a6c7f2c34-groupManagement] INFO  storage.RaftStorageDirectory (RaftStorageDirectoryImpl.java:analyzeStorage(138)) - The storage directory /home/runner/work/ozone/ozone/hadoop-ozone/integration-test/target/test-dir/MiniOzoneClusterImpl-a0fc024b-a492-45a5-9697-b0d14f72cb5c/datanode-0/data/ratis/b7ad60d3-b3bb-4da3-89ae-a538022c1006 does not exist. Creating ...
2024-02-22 20:33:41,111 [78f89d9b-e409-4704-890b-bfcfbcdfd28a@group-C4BFF782AB50-FollowerState] INFO  server.RaftServerConfigKeys (ConfUtils.java:logFallback(53)) - raft.server.rpc.first-election.timeout.max = 5200ms (fallback to raft.server.rpc.timeout.max)
2024-02-22 20:33:41,113 [grpc-default-executor-2] INFO  server.RaftServer (RaftServerProxy.java:addNew(100)) - 923be64f-71f4-4891-b05d-82ff5a9df5b5: addNew group-BDBAD3AB70B4:[923be64f-71f4-4891-b05d-82ff5a9df5b5|10.1.0.33:15023, e46a6e51-795f-4801-a523-c45a6c7f2c34|10.1.0.33:15014, dc26353c-d48a-467d-89cd-3a7c4b626396|10.1.0.33:15050] returns group-BDBAD3AB70B4:java.util.concurrent.CompletableFuture@5b79d843[Not completed]
2024-02-22 20:33:41,114 [923be64f-71f4-4891-b05d-82ff5a9df5b5-groupManagement] INFO  server.RaftServer$Division (RaftServerImpl.java:<init>(256)) - 923be64f-71f4-4891-b05d-82ff5a9df5b5: new RaftServerImpl for group-BDBAD3AB70B4:[923be64f-71f4-4891-b05d-82ff5a9df5b5|10.1.0.33:15023, e46a6e51-795f-4801-a523-c45a6c7f2c34|10.1.0.33:15014, dc26353c-d48a-467d-89cd-3a7c4b626396|10.1.0.33:15050] with ContainerStateMachine:uninitialized
2024-02-22 20:33:41,114 [923be64f-71f4-4891-b05d-82ff5a9df5b5-groupManagement] INFO  server.RaftServerConfigKeys (ConfUtils.java:logGet(46)) - raft.server.rpc.timeout.min = 5s (custom)
2024-02-22 20:33:41,114 [923be64f-71f4-4891-b05d-82ff5a9df5b5-groupManagement] INFO  server.RaftServerConfigKeys (ConfUtils.java:logGet(46)) - raft.server.rpc.timeout.max = 5200ms (custom)
2024-02-22 20:33:41,114 [923be64f-71f4-4891-b05d-82ff5a9df5b5-groupManagement] INFO  server.RaftServerConfigKeys (ConfUtils.java:logGet(46)) - raft.server.rpc.sleep.time = 25ms (default)
2024-02-22 20:33:41,115 [923be64f-71f4-4891-b05d-82ff5a9df5b5-groupManagement] INFO  server.RaftServerConfigKeys (ConfUtils.java:logGet(46)) - raft.server.rpc.slowness.timeout = 300s (custom)
2024-02-22 20:33:41,115 [923be64f-71f4-4891-b05d-82ff5a9df5b5-groupManagement] INFO  server.RaftServerConfigKeys (ConfUtils.java:logGet(46)) - raft.server.leaderelection.leader.step-down.wait-time = 10s (default)
2024-02-22 20:33:41,115 [923be64f-71f4-4891-b05d-82ff5a9df5b5-groupManagement] INFO  server.RaftServerConfigKeys (ConfUtils.java:logGet(46)) - raft.server.leaderelection.member.majority-add = false (default)
2024-02-22 20:33:41,115 [923be64f-71f4-4891-b05d-82ff5a9df5b5-groupManagement] INFO  server.RaftServerConfigKeys (ConfUtils.java:logGet(46)) - raft.server.sleep.deviation.threshold = 300ms (default)
2024-02-22 20:33:41,115 [923be64f-71f4-4891-b05d-82ff5a9df5b5-groupManagement] INFO  server.RaftServer$Division (ServerState.java:<init>(113)) - 923be64f-71f4-4891-b05d-82ff5a9df5b5@group-BDBAD3AB70B4: ConfigurationManager, init=-1: peers:[923be64f-71f4-4891-b05d-82ff5a9df5b5|10.1.0.33:15023, e46a6e51-795f-4801-a523-c45a6c7f2c34|10.1.0.33:15014, dc26353c-d48a-467d-89cd-3a7c4b626396|10.1.0.33:15050]|listeners:[], old=null, confs=<EMPTY_MAP>
2024-02-22 20:33:41,115 [923be64f-71f4-4891-b05d-82ff5a9df5b5-groupManagement] INFO  server.RaftServerConfigKeys (ConfUtils.java:logGet(46)) - raft.server.notification.no-leader.timeout = 300s (custom)
2024-02-22 20:33:41,115 [923be64f-71f4-4891-b05d-82ff5a9df5b5-groupManagement] INFO  server.RaftServerConfigKeys (ConfUtils.java:logGet(46)) - raft.server.read.timeout = 10s (default)
2024-02-22 20:33:41,115 [923be64f-71f4-4891-b05d-82ff5a9df5b5-groupManagement] INFO  server.RaftServerConfigKeys (ConfUtils.java:logGet(46)) - raft.server.retrycache.expirytime = 600000ms (custom)
2024-02-22 20:33:41,115 [923be64f-71f4-4891-b05d-82ff5a9df5b5-groupManagement] INFO  server.RaftServerConfigKeys (ConfUtils.java:logGet(46)) - raft.server.retrycache.statistics.expirytime = 100ms (default)
2024-02-22 20:33:41,115 [923be64f-71f4-4891-b05d-82ff5a9df5b5-groupManagement] INFO  server.RaftServerConfigKeys (ConfUtils.java:logGet(46)) - raft.server.read.option = DEFAULT (default)
2024-02-22 20:33:41,115 [923be64f-71f4-4891-b05d-82ff5a9df5b5-groupManagement] INFO  server.RaftServerConfigKeys (ConfUtils.java:logGet(46)) - raft.server.read.read-after-write-consistent.write-index-cache.expiry-time = 60s (default)
2024-02-22 20:33:41,115 [e46a6e51-795f-4801-a523-c45a6c7f2c34-groupManagement] INFO  storage.RaftStorageDirectory (RaftStorageDirectoryImpl.java:tryLock(228)) - Lock on /home/runner/work/ozone/ozone/hadoop-ozone/integration-test/target/test-dir/MiniOzoneClusterImpl-a0fc024b-a492-45a5-9697-b0d14f72cb5c/datanode-0/data/ratis/b7ad60d3-b3bb-4da3-89ae-a538022c1006/in_use.lock acquired by nodename 30552@fv-az779-213
2024-02-22 20:33:41,119 [e46a6e51-795f-4801-a523-c45a6c7f2c34-groupManagement] INFO  storage.RaftStorage (RaftStorageImpl.java:format(99)) - Storage directory /home/runner/work/ozone/ozone/hadoop-ozone/integration-test/target/test-dir/MiniOzoneClusterImpl-a0fc024b-a492-45a5-9697-b0d14f72cb5c/datanode-0/data/ratis/b7ad60d3-b3bb-4da3-89ae-a538022c1006 has been successfully formatted.
2024-02-22 20:33:41,119 [d25dc3b0-28fc-4383-b1a0-617845025f41-PipelineCommandHandlerThread-0] INFO  commandhandler.CreatePipelineCommandHandler (CreatePipelineCommandHandler.java:lambda$handle$2(124)) - Created Pipeline RATIS THREE PipelineID=6139a09f-40c0-48a4-995f-9d5bcf0fdb08.
2024-02-22 20:33:41,119 [e46a6e51-795f-4801-a523-c45a6c7f2c34-groupManagement] WARN  util.FileUtils (LogUtils.java:supplyAndLog(63)) - Failed to Files.newInputStream /home/runner/work/ozone/ozone/hadoop-ozone/integration-test/target/test-dir/MiniOzoneClusterImpl-a0fc024b-a492-45a5-9697-b0d14f72cb5c/datanode-0/data/ratis/b7ad60d3-b3bb-4da3-89ae-a538022c1006/current/raft-meta.conf with options []: java.nio.file.NoSuchFileException: /home/runner/work/ozone/ozone/hadoop-ozone/integration-test/target/test-dir/MiniOzoneClusterImpl-a0fc024b-a492-45a5-9697-b0d14f72cb5c/datanode-0/data/ratis/b7ad60d3-b3bb-4da3-89ae-a538022c1006/current/raft-meta.conf
2024-02-22 20:33:41,119 [d25dc3b0-28fc-4383-b1a0-617845025f41-PipelineCommandHandlerThread-0] INFO  server.RaftServer (RaftServerProxy.java:addNew(100)) - d25dc3b0-28fc-4383-b1a0-617845025f41: addNew group-8820B9A2DC65:[78f89d9b-e409-4704-890b-bfcfbcdfd28a|10.1.0.33:15086, d25dc3b0-28fc-4383-b1a0-617845025f41|10.1.0.33:15032, 4e8f68d6-fd98-4f77-87e3-715939181693|10.1.0.33:15041] returns group-8820B9A2DC65:java.util.concurrent.CompletableFuture@165a6cb3[Not completed]
2024-02-22 20:33:41,120 [d25dc3b0-28fc-4383-b1a0-617845025f41-groupManagement] INFO  server.RaftServer$Division (RaftServerImpl.java:<init>(256)) - d25dc3b0-28fc-4383-b1a0-617845025f41: new RaftServerImpl for group-8820B9A2DC65:[78f89d9b-e409-4704-890b-bfcfbcdfd28a|10.1.0.33:15086, d25dc3b0-28fc-4383-b1a0-617845025f41|10.1.0.33:15032, 4e8f68d6-fd98-4f77-87e3-715939181693|10.1.0.33:15041] with ContainerStateMachine:uninitialized
2024-02-22 20:33:41,120 [d25dc3b0-28fc-4383-b1a0-617845025f41-groupManagement] INFO  server.RaftServerConfigKeys (ConfUtils.java:logGet(46)) - raft.server.rpc.timeout.min = 5s (custom)
2024-02-22 20:33:41,120 [d25dc3b0-28fc-4383-b1a0-617845025f41-groupManagement] INFO  server.RaftServerConfigKeys (ConfUtils.java:logGet(46)) - raft.server.rpc.timeout.max = 5200ms (custom)
2024-02-22 20:33:41,120 [d25dc3b0-28fc-4383-b1a0-617845025f41-groupManagement] INFO  server.RaftServerConfigKeys (ConfUtils.java:logGet(46)) - raft.server.rpc.sleep.time = 25ms (default)
2024-02-22 20:33:41,120 [e46a6e51-795f-4801-a523-c45a6c7f2c34-groupManagement] INFO  ratis.ContainerStateMachine (ContainerStateMachine.java:loadSnapshot(287)) - group-A538022C1006: The snapshot info is null. Setting the last applied index to:(t:0, i:~)
2024-02-22 20:33:41,120 [e46a6e51-795f-4801-a523-c45a6c7f2c34-groupManagement] INFO  server.RaftServerConfigKeys (ConfUtils.java:logGet(46)) - raft.server.log.use.memory = false (default)
2024-02-22 20:33:41,120 [d25dc3b0-28fc-4383-b1a0-617845025f41-groupManagement] INFO  server.RaftServerConfigKeys (ConfUtils.java:logGet(46)) - raft.server.rpc.slowness.timeout = 300s (custom)
2024-02-22 20:33:41,121 [d25dc3b0-28fc-4383-b1a0-617845025f41-groupManagement] INFO  server.RaftServerConfigKeys (ConfUtils.java:logGet(46)) - raft.server.leaderelection.leader.step-down.wait-time = 10s (default)
2024-02-22 20:33:41,121 [d25dc3b0-28fc-4383-b1a0-617845025f41-groupManagement] INFO  server.RaftServerConfigKeys (ConfUtils.java:logGet(46)) - raft.server.leaderelection.member.majority-add = false (default)
2024-02-22 20:33:41,121 [d25dc3b0-28fc-4383-b1a0-617845025f41-groupManagement] INFO  server.RaftServerConfigKeys (ConfUtils.java:logGet(46)) - raft.server.sleep.deviation.threshold = 300ms (default)
2024-02-22 20:33:41,121 [EventQueue-OpenPipelineForHealthyPipelineSafeModeRule] INFO  safemode.SCMSafeModeManager (HealthyPipelineSafeModeRule.java:process(140)) - SCM in safe mode. Healthy pipelines reported count is 0, required healthy pipeline reported count is 1
2024-02-22 20:33:41,121 [EventQueue-OpenPipelineForHealthyPipelineSafeModeRule] INFO  safemode.SCMSafeModeManager (HealthyPipelineSafeModeRule.java:process(140)) - SCM in safe mode. Healthy pipelines reported count is 0, required healthy pipeline reported count is 1
2024-02-22 20:33:41,121 [e46a6e51-795f-4801-a523-c45a6c7f2c34-groupManagement] INFO  server.RaftServerConfigKeys (ConfUtils.java:logGet(46)) - raft.server.log.purge.gap = 1000000 (custom)
2024-02-22 20:33:41,121 [d25dc3b0-28fc-4383-b1a0-617845025f41-groupManagement] INFO  server.RaftServer$Division (ServerState.java:<init>(113)) - d25dc3b0-28fc-4383-b1a0-617845025f41@group-8820B9A2DC65: ConfigurationManager, init=-1: peers:[78f89d9b-e409-4704-890b-bfcfbcdfd28a|10.1.0.33:15086, d25dc3b0-28fc-4383-b1a0-617845025f41|10.1.0.33:15032, 4e8f68d6-fd98-4f77-87e3-715939181693|10.1.0.33:15041]|listeners:[], old=null, confs=<EMPTY_MAP>
2024-02-22 20:33:41,121 [d25dc3b0-28fc-4383-b1a0-617845025f41-groupManagement] INFO  server.RaftServerConfigKeys (ConfUtils.java:logGet(46)) - raft.server.notification.no-leader.timeout = 300s (custom)
2024-02-22 20:33:41,121 [d25dc3b0-28fc-4383-b1a0-617845025f41-groupManagement] INFO  server.RaftServerConfigKeys (ConfUtils.java:logGet(46)) - raft.server.read.timeout = 10s (default)
2024-02-22 20:33:41,122 [d25dc3b0-28fc-4383-b1a0-617845025f41-groupManagement] INFO  server.RaftServerConfigKeys (ConfUtils.java:logGet(46)) - raft.server.retrycache.expirytime = 600000ms (custom)
2024-02-22 20:33:41,122 [d25dc3b0-28fc-4383-b1a0-617845025f41-groupManagement] INFO  server.RaftServerConfigKeys (ConfUtils.java:logGet(46)) - raft.server.retrycache.statistics.expirytime = 100ms (default)
2024-02-22 20:33:41,122 [d25dc3b0-28fc-4383-b1a0-617845025f41-groupManagement] INFO  server.RaftServerConfigKeys (ConfUtils.java:logGet(46)) - raft.server.read.option = DEFAULT (default)
2024-02-22 20:33:41,122 [d25dc3b0-28fc-4383-b1a0-617845025f41-groupManagement] INFO  server.RaftServerConfigKeys (ConfUtils.java:logGet(46)) - raft.server.read.read-after-write-consistent.write-index-cache.expiry-time = 60s (default)
2024-02-22 20:33:41,122 [e46a6e51-795f-4801-a523-c45a6c7f2c34-groupManagement] INFO  server.RaftServerConfigKeys (ConfUtils.java:logGet(46)) - raft.server.log.appender.buffer.byte-limit = 8388608 (custom)
2024-02-22 20:33:41,123 [e46a6e51-795f-4801-a523-c45a6c7f2c34-groupManagement] INFO  server.RaftServerConfigKeys (ConfUtils.java:logGet(46)) - raft.server.log.statemachine.data.read.timeout = 1000ms (default)
2024-02-22 20:33:41,124 [e46a6e51-795f-4801-a523-c45a6c7f2c34-groupManagement] INFO  server.RaftServerConfigKeys (ConfUtils.java:logGet(46)) - raft.server.log.purge.preservation.log.num = 0 (default)
2024-02-22 20:33:41,124 [86ab988c-fa9c-425d-a1c6-9004ff7fd93d-PipelineCommandHandlerThread-0] INFO  commandhandler.CreatePipelineCommandHandler (CreatePipelineCommandHandler.java:lambda$handle$2(124)) - Created Pipeline RATIS THREE PipelineID=0077ebc2-8b09-4842-8a13-83d984655c73.
2024-02-22 20:33:41,124 [86ab988c-fa9c-425d-a1c6-9004ff7fd93d-PipelineCommandHandlerThread-0] INFO  server.RaftServer (RaftServerProxy.java:addNew(100)) - 86ab988c-fa9c-425d-a1c6-9004ff7fd93d: addNew group-1944BBB8D763:[86ab988c-fa9c-425d-a1c6-9004ff7fd93d|10.1.0.33:15059, e46a6e51-795f-4801-a523-c45a6c7f2c34|10.1.0.33:15014, e780b093-7242-46d7-bd8f-0f810188c7b3|10.1.0.33:15095] returns group-1944BBB8D763:java.util.concurrent.CompletableFuture@4a934658[Not completed]
2024-02-22 20:33:41,125 [13f92446-3b18-4d81-bc66-0f9b00220e72-PipelineCommandHandlerThread-0] INFO  commandhandler.CreatePipelineCommandHandler (CreatePipelineCommandHandler.java:lambda$handle$2(124)) - Created Pipeline RATIS THREE PipelineID=974fd487-4b0f-4554-8c0f-c4bff782ab50.
2024-02-22 20:33:41,125 [86ab988c-fa9c-425d-a1c6-9004ff7fd93d-groupManagement] INFO  server.RaftServer$Division (RaftServerImpl.java:<init>(256)) - 86ab988c-fa9c-425d-a1c6-9004ff7fd93d: new RaftServerImpl for group-1944BBB8D763:[86ab988c-fa9c-425d-a1c6-9004ff7fd93d|10.1.0.33:15059, e46a6e51-795f-4801-a523-c45a6c7f2c34|10.1.0.33:15014, e780b093-7242-46d7-bd8f-0f810188c7b3|10.1.0.33:15095] with ContainerStateMachine:uninitialized
2024-02-22 20:33:41,125 [86ab988c-fa9c-425d-a1c6-9004ff7fd93d-groupManagement] INFO  server.RaftServerConfigKeys (ConfUtils.java:logGet(46)) - raft.server.rpc.timeout.min = 5s (custom)
2024-02-22 20:33:41,125 [13f92446-3b18-4d81-bc66-0f9b00220e72-PipelineCommandHandlerThread-0] INFO  server.RaftServer (RaftServerProxy.java:addNew(100)) - 13f92446-3b18-4d81-bc66-0f9b00220e72: addNew group-F0C26C70F6EA:[13f92446-3b18-4d81-bc66-0f9b00220e72|10.1.0.33:15077] returns group-F0C26C70F6EA:java.util.concurrent.CompletableFuture@52aa3982[Not completed]
2024-02-22 20:33:41,125 [86ab988c-fa9c-425d-a1c6-9004ff7fd93d-groupManagement] INFO  server.RaftServerConfigKeys (ConfUtils.java:logGet(46)) - raft.server.rpc.timeout.max = 5200ms (custom)
2024-02-22 20:33:41,126 [86ab988c-fa9c-425d-a1c6-9004ff7fd93d-groupManagement] INFO  server.RaftServerConfigKeys (ConfUtils.java:logGet(46)) - raft.server.rpc.sleep.time = 25ms (default)
2024-02-22 20:33:41,126 [86ab988c-fa9c-425d-a1c6-9004ff7fd93d-groupManagement] INFO  server.RaftServerConfigKeys (ConfUtils.java:logGet(46)) - raft.server.rpc.slowness.timeout = 300s (custom)
2024-02-22 20:33:41,126 [86ab988c-fa9c-425d-a1c6-9004ff7fd93d-groupManagement] INFO  server.RaftServerConfigKeys (ConfUtils.java:logGet(46)) - raft.server.leaderelection.leader.step-down.wait-time = 10s (default)
2024-02-22 20:33:41,126 [86ab988c-fa9c-425d-a1c6-9004ff7fd93d-groupManagement] INFO  server.RaftServerConfigKeys (ConfUtils.java:logGet(46)) - raft.server.leaderelection.member.majority-add = false (default)
2024-02-22 20:33:41,126 [86ab988c-fa9c-425d-a1c6-9004ff7fd93d-groupManagement] INFO  server.RaftServerConfigKeys (ConfUtils.java:logGet(46)) - raft.server.sleep.deviation.threshold = 300ms (default)
2024-02-22 20:33:41,126 [86ab988c-fa9c-425d-a1c6-9004ff7fd93d-groupManagement] INFO  server.RaftServer$Division (ServerState.java:<init>(113)) - 86ab988c-fa9c-425d-a1c6-9004ff7fd93d@group-1944BBB8D763: ConfigurationManager, init=-1: peers:[86ab988c-fa9c-425d-a1c6-9004ff7fd93d|10.1.0.33:15059, e46a6e51-795f-4801-a523-c45a6c7f2c34|10.1.0.33:15014, e780b093-7242-46d7-bd8f-0f810188c7b3|10.1.0.33:15095]|listeners:[], old=null, confs=<EMPTY_MAP>
2024-02-22 20:33:41,126 [86ab988c-fa9c-425d-a1c6-9004ff7fd93d-groupManagement] INFO  server.RaftServerConfigKeys (ConfUtils.java:logGet(46)) - raft.server.notification.no-leader.timeout = 300s (custom)
2024-02-22 20:33:41,126 [86ab988c-fa9c-425d-a1c6-9004ff7fd93d-groupManagement] INFO  server.RaftServerConfigKeys (ConfUtils.java:logGet(46)) - raft.server.read.timeout = 10s (default)
2024-02-22 20:33:41,126 [86ab988c-fa9c-425d-a1c6-9004ff7fd93d-groupManagement] INFO  server.RaftServerConfigKeys (ConfUtils.java:logGet(46)) - raft.server.retrycache.expirytime = 600000ms (custom)
2024-02-22 20:33:41,126 [86ab988c-fa9c-425d-a1c6-9004ff7fd93d-groupManagement] INFO  server.RaftServerConfigKeys (ConfUtils.java:logGet(46)) - raft.server.retrycache.statistics.expirytime = 100ms (default)
2024-02-22 20:33:41,126 [86ab988c-fa9c-425d-a1c6-9004ff7fd93d-groupManagement] INFO  server.RaftServerConfigKeys (ConfUtils.java:logGet(46)) - raft.server.read.option = DEFAULT (default)
2024-02-22 20:33:41,126 [86ab988c-fa9c-425d-a1c6-9004ff7fd93d-groupManagement] INFO  server.RaftServerConfigKeys (ConfUtils.java:logGet(46)) - raft.server.read.read-after-write-consistent.write-index-cache.expiry-time = 60s (default)
2024-02-22 20:33:41,127 [13f92446-3b18-4d81-bc66-0f9b00220e72-groupManagement] INFO  server.RaftServer$Division (RaftServerImpl.java:<init>(256)) - 13f92446-3b18-4d81-bc66-0f9b00220e72: new RaftServerImpl for group-F0C26C70F6EA:[13f92446-3b18-4d81-bc66-0f9b00220e72|10.1.0.33:15077] with ContainerStateMachine:uninitialized
2024-02-22 20:33:41,127 [13f92446-3b18-4d81-bc66-0f9b00220e72-groupManagement] INFO  server.RaftServerConfigKeys (ConfUtils.java:logGet(46)) - raft.server.rpc.timeout.min = 5s (custom)
2024-02-22 20:33:41,127 [13f92446-3b18-4d81-bc66-0f9b00220e72-groupManagement] INFO  server.RaftServerConfigKeys (ConfUtils.java:logGet(46)) - raft.server.rpc.timeout.max = 5200ms (custom)
2024-02-22 20:33:41,127 [13f92446-3b18-4d81-bc66-0f9b00220e72-groupManagement] INFO  server.RaftServerConfigKeys (ConfUtils.java:logGet(46)) - raft.server.rpc.sleep.time = 25ms (default)
2024-02-22 20:33:41,127 [13f92446-3b18-4d81-bc66-0f9b00220e72-groupManagement] INFO  server.RaftServerConfigKeys (ConfUtils.java:logGet(46)) - raft.server.rpc.slowness.timeout = 300s (custom)
2024-02-22 20:33:41,127 [13f92446-3b18-4d81-bc66-0f9b00220e72-groupManagement] INFO  server.RaftServerConfigKeys (ConfUtils.java:logGet(46)) - raft.server.leaderelection.leader.step-down.wait-time = 10s (default)
2024-02-22 20:33:41,127 [13f92446-3b18-4d81-bc66-0f9b00220e72-groupManagement] INFO  server.RaftServerConfigKeys (ConfUtils.java:logGet(46)) - raft.server.leaderelection.member.majority-add = false (default)
2024-02-22 20:33:41,127 [13f92446-3b18-4d81-bc66-0f9b00220e72-groupManagement] INFO  server.RaftServerConfigKeys (ConfUtils.java:logGet(46)) - raft.server.sleep.deviation.threshold = 300ms (default)
2024-02-22 20:33:41,127 [13f92446-3b18-4d81-bc66-0f9b00220e72-groupManagement] INFO  server.RaftServer$Division (ServerState.java:<init>(113)) - 13f92446-3b18-4d81-bc66-0f9b00220e72@group-F0C26C70F6EA: ConfigurationManager, init=-1: peers:[13f92446-3b18-4d81-bc66-0f9b00220e72|10.1.0.33:15077]|listeners:[], old=null, confs=<EMPTY_MAP>
2024-02-22 20:33:41,127 [13f92446-3b18-4d81-bc66-0f9b00220e72-groupManagement] INFO  server.RaftServerConfigKeys (ConfUtils.java:logGet(46)) - raft.server.notification.no-leader.timeout = 300s (custom)
2024-02-22 20:33:41,127 [13f92446-3b18-4d81-bc66-0f9b00220e72-groupManagement] INFO  server.RaftServerConfigKeys (ConfUtils.java:logGet(46)) - raft.server.read.timeout = 10s (default)
2024-02-22 20:33:41,127 [13f92446-3b18-4d81-bc66-0f9b00220e72-groupManagement] INFO  server.RaftServerConfigKeys (ConfUtils.java:logGet(46)) - raft.server.retrycache.expirytime = 600000ms (custom)
2024-02-22 20:33:41,127 [13f92446-3b18-4d81-bc66-0f9b00220e72-groupManagement] INFO  server.RaftServerConfigKeys (ConfUtils.java:logGet(46)) - raft.server.retrycache.statistics.expirytime = 100ms (default)
2024-02-22 20:33:41,127 [13f92446-3b18-4d81-bc66-0f9b00220e72-groupManagement] INFO  server.RaftServerConfigKeys (ConfUtils.java:logGet(46)) - raft.server.read.option = DEFAULT (default)
2024-02-22 20:33:41,127 [13f92446-3b18-4d81-bc66-0f9b00220e72-groupManagement] INFO  server.RaftServerConfigKeys (ConfUtils.java:logGet(46)) - raft.server.read.read-after-write-consistent.write-index-cache.expiry-time = 60s (default)
2024-02-22 20:33:41,130 [e780b093-7242-46d7-bd8f-0f810188c7b3-groupManagement] INFO  server.RaftServerConfigKeys (ConfUtils.java:logGet(46)) - raft.server.storage.free-space.min = 0MB (=0) (default)
2024-02-22 20:33:41,130 [e780b093-7242-46d7-bd8f-0f810188c7b3-groupManagement] INFO  server.RaftServerConfigKeys (ConfUtils.java:logGet(46)) - raft.server.log.corruption.policy = EXCEPTION (default)
2024-02-22 20:33:41,131 [e780b093-7242-46d7-bd8f-0f810188c7b3-groupManagement] INFO  server.RaftServerConfigKeys (ConfUtils.java:logGet(46)) - raft.server.storage.dir = [/home/runner/work/ozone/ozone/hadoop-ozone/integration-test/target/test-dir/MiniOzoneClusterImpl-a0fc024b-a492-45a5-9697-b0d14f72cb5c/datanode-9/data/ratis] (custom)
2024-02-22 20:33:41,131 [e780b093-7242-46d7-bd8f-0f810188c7b3-groupManagement] INFO  storage.RaftStorageDirectory (RaftStorageDirectoryImpl.java:analyzeStorage(138)) - The storage directory /home/runner/work/ozone/ozone/hadoop-ozone/integration-test/target/test-dir/MiniOzoneClusterImpl-a0fc024b-a492-45a5-9697-b0d14f72cb5c/datanode-9/data/ratis/567d6c0b-0c61-46d9-a73e-1944bbb8d763 does not exist. Creating ...
2024-02-22 20:33:41,133 [e780b093-7242-46d7-bd8f-0f810188c7b3-groupManagement] INFO  storage.RaftStorageDirectory (RaftStorageDirectoryImpl.java:tryLock(228)) - Lock on /home/runner/work/ozone/ozone/hadoop-ozone/integration-test/target/test-dir/MiniOzoneClusterImpl-a0fc024b-a492-45a5-9697-b0d14f72cb5c/datanode-9/data/ratis/567d6c0b-0c61-46d9-a73e-1944bbb8d763/in_use.lock acquired by nodename 30552@fv-az779-213
2024-02-22 20:33:41,134 [e780b093-7242-46d7-bd8f-0f810188c7b3-groupManagement] INFO  storage.RaftStorage (RaftStorageImpl.java:format(99)) - Storage directory /home/runner/work/ozone/ozone/hadoop-ozone/integration-test/target/test-dir/MiniOzoneClusterImpl-a0fc024b-a492-45a5-9697-b0d14f72cb5c/datanode-9/data/ratis/567d6c0b-0c61-46d9-a73e-1944bbb8d763 has been successfully formatted.
2024-02-22 20:33:41,135 [e780b093-7242-46d7-bd8f-0f810188c7b3-groupManagement] WARN  util.FileUtils (LogUtils.java:supplyAndLog(63)) - Failed to Files.newInputStream /home/runner/work/ozone/ozone/hadoop-ozone/integration-test/target/test-dir/MiniOzoneClusterImpl-a0fc024b-a492-45a5-9697-b0d14f72cb5c/datanode-9/data/ratis/567d6c0b-0c61-46d9-a73e-1944bbb8d763/current/raft-meta.conf with options []: java.nio.file.NoSuchFileException: /home/runner/work/ozone/ozone/hadoop-ozone/integration-test/target/test-dir/MiniOzoneClusterImpl-a0fc024b-a492-45a5-9697-b0d14f72cb5c/datanode-9/data/ratis/567d6c0b-0c61-46d9-a73e-1944bbb8d763/current/raft-meta.conf
2024-02-22 20:33:41,136 [78f89d9b-e409-4704-890b-bfcfbcdfd28a-groupManagement] INFO  server.RaftServerConfigKeys (ConfUtils.java:logGet(46)) - raft.server.storage.free-space.min = 0MB (=0) (default)
2024-02-22 20:33:41,136 [78f89d9b-e409-4704-890b-bfcfbcdfd28a-groupManagement] INFO  server.RaftServerConfigKeys (ConfUtils.java:logGet(46)) - raft.server.log.corruption.policy = EXCEPTION (default)
2024-02-22 20:33:41,136 [78f89d9b-e409-4704-890b-bfcfbcdfd28a-groupManagement] INFO  server.RaftServerConfigKeys (ConfUtils.java:logGet(46)) - raft.server.storage.dir = [/home/runner/work/ozone/ozone/hadoop-ozone/integration-test/target/test-dir/MiniOzoneClusterImpl-a0fc024b-a492-45a5-9697-b0d14f72cb5c/datanode-8/data/ratis] (custom)
2024-02-22 20:33:41,137 [78f89d9b-e409-4704-890b-bfcfbcdfd28a-groupManagement] INFO  storage.RaftStorageDirectory (RaftStorageDirectoryImpl.java:analyzeStorage(138)) - The storage directory /home/runner/work/ozone/ozone/hadoop-ozone/integration-test/target/test-dir/MiniOzoneClusterImpl-a0fc024b-a492-45a5-9697-b0d14f72cb5c/datanode-8/data/ratis/6139a09f-40c0-48a4-995f-9d5bcf0fdb08 does not exist. Creating ...
2024-02-22 20:33:41,138 [78f89d9b-e409-4704-890b-bfcfbcdfd28a-groupManagement] INFO  storage.RaftStorageDirectory (RaftStorageDirectoryImpl.java:tryLock(228)) - Lock on /home/runner/work/ozone/ozone/hadoop-ozone/integration-test/target/test-dir/MiniOzoneClusterImpl-a0fc024b-a492-45a5-9697-b0d14f72cb5c/datanode-8/data/ratis/6139a09f-40c0-48a4-995f-9d5bcf0fdb08/in_use.lock acquired by nodename 30552@fv-az779-213
2024-02-22 20:33:41,139 [78f89d9b-e409-4704-890b-bfcfbcdfd28a-groupManagement] INFO  storage.RaftStorage (RaftStorageImpl.java:format(99)) - Storage directory /home/runner/work/ozone/ozone/hadoop-ozone/integration-test/target/test-dir/MiniOzoneClusterImpl-a0fc024b-a492-45a5-9697-b0d14f72cb5c/datanode-8/data/ratis/6139a09f-40c0-48a4-995f-9d5bcf0fdb08 has been successfully formatted.
2024-02-22 20:33:41,139 [78f89d9b-e409-4704-890b-bfcfbcdfd28a-groupManagement] WARN  util.FileUtils (LogUtils.java:supplyAndLog(63)) - Failed to Files.newInputStream /home/runner/work/ozone/ozone/hadoop-ozone/integration-test/target/test-dir/MiniOzoneClusterImpl-a0fc024b-a492-45a5-9697-b0d14f72cb5c/datanode-8/data/ratis/6139a09f-40c0-48a4-995f-9d5bcf0fdb08/current/raft-meta.conf with options []: java.nio.file.NoSuchFileException: /home/runner/work/ozone/ozone/hadoop-ozone/integration-test/target/test-dir/MiniOzoneClusterImpl-a0fc024b-a492-45a5-9697-b0d14f72cb5c/datanode-8/data/ratis/6139a09f-40c0-48a4-995f-9d5bcf0fdb08/current/raft-meta.conf
2024-02-22 20:33:41,151 [78f89d9b-e409-4704-890b-bfcfbcdfd28a-groupManagement] INFO  ratis.ContainerStateMachine (ContainerStateMachine.java:loadSnapshot(287)) - group-9D5BCF0FDB08: The snapshot info is null. Setting the last applied index to:(t:0, i:~)
2024-02-22 20:33:41,151 [78f89d9b-e409-4704-890b-bfcfbcdfd28a-groupManagement] INFO  server.RaftServerConfigKeys (ConfUtils.java:logGet(46)) - raft.server.log.use.memory = false (default)
2024-02-22 20:33:41,151 [78f89d9b-e409-4704-890b-bfcfbcdfd28a-groupManagement] INFO  server.RaftServerConfigKeys (ConfUtils.java:logGet(46)) - raft.server.log.purge.gap = 1000000 (custom)
2024-02-22 20:33:41,151 [78f89d9b-e409-4704-890b-bfcfbcdfd28a-groupManagement] INFO  server.RaftServerConfigKeys (ConfUtils.java:logGet(46)) - raft.server.log.appender.buffer.byte-limit = 8388608 (custom)
2024-02-22 20:33:41,152 [78f89d9b-e409-4704-890b-bfcfbcdfd28a-groupManagement] INFO  server.RaftServerConfigKeys (ConfUtils.java:logGet(46)) - raft.server.log.statemachine.data.read.timeout = 1000ms (default)
2024-02-22 20:33:41,152 [78f89d9b-e409-4704-890b-bfcfbcdfd28a-groupManagement] INFO  server.RaftServerConfigKeys (ConfUtils.java:logGet(46)) - raft.server.log.purge.preservation.log.num = 0 (default)
2024-02-22 20:33:41,152 [EventQueue-OpenPipelineForHealthyPipelineSafeModeRule] INFO  safemode.SCMSafeModeManager (HealthyPipelineSafeModeRule.java:process(140)) - SCM in safe mode. Healthy pipelines reported count is 0, required healthy pipeline reported count is 1
2024-02-22 20:33:41,153 [e780b093-7242-46d7-bd8f-0f810188c7b3-groupManagement] INFO  ratis.ContainerStateMachine (ContainerStateMachine.java:loadSnapshot(287)) - group-1944BBB8D763: The snapshot info is null. Setting the last applied index to:(t:0, i:~)
2024-02-22 20:33:41,153 [e780b093-7242-46d7-bd8f-0f810188c7b3-groupManagement] INFO  server.RaftServerConfigKeys (ConfUtils.java:logGet(46)) - raft.server.log.use.memory = false (default)
2024-02-22 20:33:41,153 [e780b093-7242-46d7-bd8f-0f810188c7b3-groupManagement] INFO  server.RaftServerConfigKeys (ConfUtils.java:logGet(46)) - raft.server.log.purge.gap = 1000000 (custom)
2024-02-22 20:33:41,153 [e780b093-7242-46d7-bd8f-0f810188c7b3-groupManagement] INFO  server.RaftServerConfigKeys (ConfUtils.java:logGet(46)) - raft.server.log.appender.buffer.byte-limit = 8388608 (custom)
2024-02-22 20:33:41,153 [e780b093-7242-46d7-bd8f-0f810188c7b3-groupManagement] INFO  server.RaftServerConfigKeys (ConfUtils.java:logGet(46)) - raft.server.log.statemachine.data.read.timeout = 1000ms (default)
2024-02-22 20:33:41,154 [e780b093-7242-46d7-bd8f-0f810188c7b3-groupManagement] INFO  server.RaftServerConfigKeys (ConfUtils.java:logGet(46)) - raft.server.log.purge.preservation.log.num = 0 (default)
2024-02-22 20:33:41,155 [4e8f68d6-fd98-4f77-87e3-715939181693-PipelineCommandHandlerThread-0] INFO  ratis.XceiverServerRatis (XceiverServerRatis.java:addGroup(864)) - Created group PipelineID=045ea6be-5c70-427a-91cd-8820b9a2dc65
2024-02-22 20:33:41,168 [EventQueue-OpenPipelineForHealthyPipelineSafeModeRule] INFO  safemode.SCMSafeModeManager (HealthyPipelineSafeModeRule.java:process(140)) - SCM in safe mode. Healthy pipelines reported count is 0, required healthy pipeline reported count is 1
2024-02-22 20:33:41,184 [86ab988c-fa9c-425d-a1c6-9004ff7fd93d-groupManagement] INFO  server.RaftServerConfigKeys (ConfUtils.java:logGet(46)) - raft.server.rpc.request.timeout = 60s (custom)
2024-02-22 20:33:41,184 [86ab988c-fa9c-425d-a1c6-9004ff7fd93d-groupManagement] INFO  server.RaftServerConfigKeys (ConfUtils.java:logGet(46)) - raft.server.log.appender.install.snapshot.enabled = false (custom)
2024-02-22 20:33:41,184 [86ab988c-fa9c-425d-a1c6-9004ff7fd93d-groupManagement] INFO  server.RaftServerConfigKeys (ConfUtils.java:logGet(46)) - raft.server.threadpool.server.cached = true (default)
2024-02-22 20:33:41,184 [86ab988c-fa9c-425d-a1c6-9004ff7fd93d-groupManagement] INFO  server.RaftServerConfigKeys (ConfUtils.java:logGet(46)) - raft.server.threadpool.server.size = 0 (default)
2024-02-22 20:33:41,184 [86ab988c-fa9c-425d-a1c6-9004ff7fd93d-groupManagement] INFO  server.RaftServerConfigKeys (ConfUtils.java:logGet(46)) - raft.server.threadpool.client.cached = true (default)
2024-02-22 20:33:41,184 [86ab988c-fa9c-425d-a1c6-9004ff7fd93d-groupManagement] INFO  server.RaftServerConfigKeys (ConfUtils.java:logGet(46)) - raft.server.threadpool.client.size = 0 (default)
2024-02-22 20:33:41,185 [86ab988c-fa9c-425d-a1c6-9004ff7fd93d-groupManagement] INFO  server.RaftServerConfigKeys (ConfUtils.java:logGet(46)) - raft.server.storage.free-space.min = 0MB (=0) (default)
2024-02-22 20:33:41,185 [86ab988c-fa9c-425d-a1c6-9004ff7fd93d-groupManagement] INFO  server.RaftServerConfigKeys (ConfUtils.java:logGet(46)) - raft.server.log.corruption.policy = EXCEPTION (default)
2024-02-22 20:33:41,185 [86ab988c-fa9c-425d-a1c6-9004ff7fd93d-groupManagement] INFO  server.RaftServerConfigKeys (ConfUtils.java:logGet(46)) - raft.server.storage.dir = [/home/runner/work/ozone/ozone/hadoop-ozone/integration-test/target/test-dir/MiniOzoneClusterImpl-a0fc024b-a492-45a5-9697-b0d14f72cb5c/datanode-5/data/ratis] (custom)
2024-02-22 20:33:41,185 [86ab988c-fa9c-425d-a1c6-9004ff7fd93d-groupManagement] INFO  storage.RaftStorageDirectory (RaftStorageDirectoryImpl.java:analyzeStorage(138)) - The storage directory /home/runner/work/ozone/ozone/hadoop-ozone/integration-test/target/test-dir/MiniOzoneClusterImpl-a0fc024b-a492-45a5-9697-b0d14f72cb5c/datanode-5/data/ratis/567d6c0b-0c61-46d9-a73e-1944bbb8d763 does not exist. Creating ...
2024-02-22 20:33:41,185 [923be64f-71f4-4891-b05d-82ff5a9df5b5-groupManagement] INFO  server.RaftServerConfigKeys (ConfUtils.java:logGet(46)) - raft.server.rpc.request.timeout = 60s (custom)
2024-02-22 20:33:41,185 [923be64f-71f4-4891-b05d-82ff5a9df5b5-groupManagement] INFO  server.RaftServerConfigKeys (ConfUtils.java:logGet(46)) - raft.server.log.appender.install.snapshot.enabled = false (custom)
2024-02-22 20:33:41,186 [923be64f-71f4-4891-b05d-82ff5a9df5b5-groupManagement] INFO  server.RaftServerConfigKeys (ConfUtils.java:logGet(46)) - raft.server.threadpool.server.cached = true (default)
2024-02-22 20:33:41,186 [923be64f-71f4-4891-b05d-82ff5a9df5b5-groupManagement] INFO  server.RaftServerConfigKeys (ConfUtils.java:logGet(46)) - raft.server.threadpool.server.size = 0 (default)
2024-02-22 20:33:41,186 [923be64f-71f4-4891-b05d-82ff5a9df5b5-groupManagement] INFO  server.RaftServerConfigKeys (ConfUtils.java:logGet(46)) - raft.server.threadpool.client.cached = true (default)
2024-02-22 20:33:41,186 [923be64f-71f4-4891-b05d-82ff5a9df5b5-groupManagement] INFO  server.RaftServerConfigKeys (ConfUtils.java:logGet(46)) - raft.server.threadpool.client.size = 0 (default)
2024-02-22 20:33:41,186 [923be64f-71f4-4891-b05d-82ff5a9df5b5-groupManagement] INFO  server.RaftServerConfigKeys (ConfUtils.java:logGet(46)) - raft.server.storage.free-space.min = 0MB (=0) (default)
2024-02-22 20:33:41,186 [923be64f-71f4-4891-b05d-82ff5a9df5b5-groupManagement] INFO  server.RaftServerConfigKeys (ConfUtils.java:logGet(46)) - raft.server.log.corruption.policy = EXCEPTION (default)
2024-02-22 20:33:41,186 [923be64f-71f4-4891-b05d-82ff5a9df5b5-groupManagement] INFO  server.RaftServerConfigKeys (ConfUtils.java:logGet(46)) - raft.server.storage.dir = [/home/runner/work/ozone/ozone/hadoop-ozone/integration-test/target/test-dir/MiniOzoneClusterImpl-a0fc024b-a492-45a5-9697-b0d14f72cb5c/datanode-1/data/ratis] (custom)
2024-02-22 20:33:41,186 [923be64f-71f4-4891-b05d-82ff5a9df5b5-groupManagement] INFO  storage.RaftStorageDirectory (RaftStorageDirectoryImpl.java:analyzeStorage(138)) - The storage directory /home/runner/work/ozone/ozone/hadoop-ozone/integration-test/target/test-dir/MiniOzoneClusterImpl-a0fc024b-a492-45a5-9697-b0d14f72cb5c/datanode-1/data/ratis/2f90e3ba-f3fd-48ab-9225-bdbad3ab70b4 does not exist. Creating ...
2024-02-22 20:33:41,187 [13f92446-3b18-4d81-bc66-0f9b00220e72-groupManagement] INFO  server.RaftServerConfigKeys (ConfUtils.java:logGet(46)) - raft.server.rpc.request.timeout = 60s (custom)
2024-02-22 20:33:41,187 [13f92446-3b18-4d81-bc66-0f9b00220e72-groupManagement] INFO  server.RaftServerConfigKeys (ConfUtils.java:logGet(46)) - raft.server.log.appender.install.snapshot.enabled = false (custom)
2024-02-22 20:33:41,187 [13f92446-3b18-4d81-bc66-0f9b00220e72-groupManagement] INFO  server.RaftServerConfigKeys (ConfUtils.java:logGet(46)) - raft.server.threadpool.server.cached = true (default)
2024-02-22 20:33:41,187 [13f92446-3b18-4d81-bc66-0f9b00220e72-groupManagement] INFO  server.RaftServerConfigKeys (ConfUtils.java:logGet(46)) - raft.server.threadpool.server.size = 0 (default)
2024-02-22 20:33:41,187 [13f92446-3b18-4d81-bc66-0f9b00220e72-groupManagement] INFO  server.RaftServerConfigKeys (ConfUtils.java:logGet(46)) - raft.server.threadpool.client.cached = true (default)
2024-02-22 20:33:41,187 [13f92446-3b18-4d81-bc66-0f9b00220e72-groupManagement] INFO  server.RaftServerConfigKeys (ConfUtils.java:logGet(46)) - raft.server.threadpool.client.size = 0 (default)
2024-02-22 20:33:41,187 [13f92446-3b18-4d81-bc66-0f9b00220e72-groupManagement] INFO  server.RaftServerConfigKeys (ConfUtils.java:logGet(46)) - raft.server.storage.free-space.min = 0MB (=0) (default)
2024-02-22 20:33:41,187 [13f92446-3b18-4d81-bc66-0f9b00220e72-groupManagement] INFO  server.RaftServerConfigKeys (ConfUtils.java:logGet(46)) - raft.server.log.corruption.policy = EXCEPTION (default)
2024-02-22 20:33:41,187 [13f92446-3b18-4d81-bc66-0f9b00220e72-groupManagement] INFO  server.RaftServerConfigKeys (ConfUtils.java:logGet(46)) - raft.server.storage.dir = [/home/runner/work/ozone/ozone/hadoop-ozone/integration-test/target/test-dir/MiniOzoneClusterImpl-a0fc024b-a492-45a5-9697-b0d14f72cb5c/datanode-7/data/ratis] (custom)
2024-02-22 20:33:41,187 [13f92446-3b18-4d81-bc66-0f9b00220e72-groupManagement] INFO  storage.RaftStorageDirectory (RaftStorageDirectoryImpl.java:analyzeStorage(138)) - The storage directory /home/runner/work/ozone/ozone/hadoop-ozone/integration-test/target/test-dir/MiniOzoneClusterImpl-a0fc024b-a492-45a5-9697-b0d14f72cb5c/datanode-7/data/ratis/014e79b4-2d53-4af7-bdbb-f0c26c70f6ea does not exist. Creating ...
2024-02-22 20:33:41,188 [923be64f-71f4-4891-b05d-82ff5a9df5b5-groupManagement] INFO  storage.RaftStorageDirectory (RaftStorageDirectoryImpl.java:tryLock(228)) - Lock on /home/runner/work/ozone/ozone/hadoop-ozone/integration-test/target/test-dir/MiniOzoneClusterImpl-a0fc024b-a492-45a5-9697-b0d14f72cb5c/datanode-1/data/ratis/2f90e3ba-f3fd-48ab-9225-bdbad3ab70b4/in_use.lock acquired by nodename 30552@fv-az779-213
2024-02-22 20:33:41,190 [78f89d9b-e409-4704-890b-bfcfbcdfd28a-groupManagement] INFO  server.RaftServerConfigKeys (ConfUtils.java:logGet(46)) - raft.server.log.segment.size.max = 67108864 (custom)
2024-02-22 20:33:41,190 [e780b093-7242-46d7-bd8f-0f810188c7b3-groupManagement] INFO  server.RaftServerConfigKeys (ConfUtils.java:logGet(46)) - raft.server.log.segment.size.max = 67108864 (custom)
2024-02-22 20:33:41,191 [923be64f-71f4-4891-b05d-82ff5a9df5b5-groupManagement] INFO  storage.RaftStorage (RaftStorageImpl.java:format(99)) - Storage directory /home/runner/work/ozone/ozone/hadoop-ozone/integration-test/target/test-dir/MiniOzoneClusterImpl-a0fc024b-a492-45a5-9697-b0d14f72cb5c/datanode-1/data/ratis/2f90e3ba-f3fd-48ab-9225-bdbad3ab70b4 has been successfully formatted.
2024-02-22 20:33:41,191 [923be64f-71f4-4891-b05d-82ff5a9df5b5-groupManagement] WARN  util.FileUtils (LogUtils.java:supplyAndLog(63)) - Failed to Files.newInputStream /home/runner/work/ozone/ozone/hadoop-ozone/integration-test/target/test-dir/MiniOzoneClusterImpl-a0fc024b-a492-45a5-9697-b0d14f72cb5c/datanode-1/data/ratis/2f90e3ba-f3fd-48ab-9225-bdbad3ab70b4/current/raft-meta.conf with options []: java.nio.file.NoSuchFileException: /home/runner/work/ozone/ozone/hadoop-ozone/integration-test/target/test-dir/MiniOzoneClusterImpl-a0fc024b-a492-45a5-9697-b0d14f72cb5c/datanode-1/data/ratis/2f90e3ba-f3fd-48ab-9225-bdbad3ab70b4/current/raft-meta.conf
2024-02-22 20:33:41,191 [13f92446-3b18-4d81-bc66-0f9b00220e72-groupManagement] INFO  storage.RaftStorageDirectory (RaftStorageDirectoryImpl.java:tryLock(228)) - Lock on /home/runner/work/ozone/ozone/hadoop-ozone/integration-test/target/test-dir/MiniOzoneClusterImpl-a0fc024b-a492-45a5-9697-b0d14f72cb5c/datanode-7/data/ratis/014e79b4-2d53-4af7-bdbb-f0c26c70f6ea/in_use.lock acquired by nodename 30552@fv-az779-213
2024-02-22 20:33:41,192 [e46a6e51-795f-4801-a523-c45a6c7f2c34-groupManagement] INFO  server.RaftServerConfigKeys (ConfUtils.java:logGet(46)) - raft.server.log.segment.size.max = 67108864 (custom)
2024-02-22 20:33:41,193 [78f89d9b-e409-4704-890b-bfcfbcdfd28a-groupManagement] INFO  server.RaftServerConfigKeys (ConfUtils.java:logGet(46)) - raft.server.log.segment.cache.num.max = 2 (custom)
2024-02-22 20:33:41,193 [78f89d9b-e409-4704-890b-bfcfbcdfd28a-groupManagement] INFO  server.RaftServerConfigKeys (ConfUtils.java:logGet(46)) - raft.server.log.segment.cache.size.max = 200MB (=209715200) (default)
2024-02-22 20:33:41,193 [78f89d9b-e409-4704-890b-bfcfbcdfd28a-groupManagement] INFO  server.RaftServerConfigKeys (ConfUtils.java:logGet(46)) - raft.server.log.appender.buffer.byte-limit = 8388608 (custom)
2024-02-22 20:33:41,193 [e780b093-7242-46d7-bd8f-0f810188c7b3-groupManagement] INFO  server.RaftServerConfigKeys (ConfUtils.java:logGet(46)) - raft.server.log.segment.cache.num.max = 2 (custom)
2024-02-22 20:33:41,193 [e780b093-7242-46d7-bd8f-0f810188c7b3-groupManagement] INFO  server.RaftServerConfigKeys (ConfUtils.java:logGet(46)) - raft.server.log.segment.cache.size.max = 200MB (=209715200) (default)
2024-02-22 20:33:41,193 [e780b093-7242-46d7-bd8f-0f810188c7b3-groupManagement] INFO  server.RaftServerConfigKeys (ConfUtils.java:logGet(46)) - raft.server.log.appender.buffer.byte-limit = 8388608 (custom)
2024-02-22 20:33:41,193 [e46a6e51-795f-4801-a523-c45a6c7f2c34-groupManagement] INFO  server.RaftServerConfigKeys (ConfUtils.java:logGet(46)) - raft.server.log.segment.cache.num.max = 2 (custom)
2024-02-22 20:33:41,194 [e46a6e51-795f-4801-a523-c45a6c7f2c34-groupManagement] INFO  server.RaftServerConfigKeys (ConfUtils.java:logGet(46)) - raft.server.log.segment.cache.size.max = 200MB (=209715200) (default)
2024-02-22 20:33:41,194 [e46a6e51-795f-4801-a523-c45a6c7f2c34-groupManagement] INFO  server.RaftServerConfigKeys (ConfUtils.java:logGet(46)) - raft.server.log.appender.buffer.byte-limit = 8388608 (custom)
2024-02-22 20:33:41,194 [86ab988c-fa9c-425d-a1c6-9004ff7fd93d-groupManagement] INFO  storage.RaftStorageDirectory (RaftStorageDirectoryImpl.java:tryLock(228)) - Lock on /home/runner/work/ozone/ozone/hadoop-ozone/integration-test/target/test-dir/MiniOzoneClusterImpl-a0fc024b-a492-45a5-9697-b0d14f72cb5c/datanode-5/data/ratis/567d6c0b-0c61-46d9-a73e-1944bbb8d763/in_use.lock acquired by nodename 30552@fv-az779-213
2024-02-22 20:33:41,195 [13f92446-3b18-4d81-bc66-0f9b00220e72-groupManagement] INFO  storage.RaftStorage (RaftStorageImpl.java:format(99)) - Storage directory /home/runner/work/ozone/ozone/hadoop-ozone/integration-test/target/test-dir/MiniOzoneClusterImpl-a0fc024b-a492-45a5-9697-b0d14f72cb5c/datanode-7/data/ratis/014e79b4-2d53-4af7-bdbb-f0c26c70f6ea has been successfully formatted.
2024-02-22 20:33:41,195 [13f92446-3b18-4d81-bc66-0f9b00220e72-groupManagement] WARN  util.FileUtils (LogUtils.java:supplyAndLog(63)) - Failed to Files.newInputStream /home/runner/work/ozone/ozone/hadoop-ozone/integration-test/target/test-dir/MiniOzoneClusterImpl-a0fc024b-a492-45a5-9697-b0d14f72cb5c/datanode-7/data/ratis/014e79b4-2d53-4af7-bdbb-f0c26c70f6ea/current/raft-meta.conf with options []: java.nio.file.NoSuchFileException: /home/runner/work/ozone/ozone/hadoop-ozone/integration-test/target/test-dir/MiniOzoneClusterImpl-a0fc024b-a492-45a5-9697-b0d14f72cb5c/datanode-7/data/ratis/014e79b4-2d53-4af7-bdbb-f0c26c70f6ea/current/raft-meta.conf
2024-02-22 20:33:41,199 [13f92446-3b18-4d81-bc66-0f9b00220e72-groupManagement] INFO  ratis.ContainerStateMachine (ContainerStateMachine.java:loadSnapshot(287)) - group-F0C26C70F6EA: The snapshot info is null. Setting the last applied index to:(t:0, i:~)
2024-02-22 20:33:41,199 [13f92446-3b18-4d81-bc66-0f9b00220e72-groupManagement] INFO  server.RaftServerConfigKeys (ConfUtils.java:logGet(46)) - raft.server.log.use.memory = false (default)
2024-02-22 20:33:41,199 [13f92446-3b18-4d81-bc66-0f9b00220e72-groupManagement] INFO  server.RaftServerConfigKeys (ConfUtils.java:logGet(46)) - raft.server.log.purge.gap = 1000000 (custom)
2024-02-22 20:33:41,199 [13f92446-3b18-4d81-bc66-0f9b00220e72-groupManagement] INFO  server.RaftServerConfigKeys (ConfUtils.java:logGet(46)) - raft.server.log.appender.buffer.byte-limit = 8388608 (custom)
2024-02-22 20:33:41,199 [d25dc3b0-28fc-4383-b1a0-617845025f41-groupManagement] INFO  server.RaftServerConfigKeys (ConfUtils.java:logGet(46)) - raft.server.rpc.request.timeout = 60s (custom)
2024-02-22 20:33:41,199 [13f92446-3b18-4d81-bc66-0f9b00220e72-groupManagement] INFO  server.RaftServerConfigKeys (ConfUtils.java:logGet(46)) - raft.server.log.statemachine.data.read.timeout = 1000ms (default)
2024-02-22 20:33:41,200 [13f92446-3b18-4d81-bc66-0f9b00220e72-groupManagement] INFO  server.RaftServerConfigKeys (ConfUtils.java:logGet(46)) - raft.server.log.purge.preservation.log.num = 0 (default)
2024-02-22 20:33:41,199 [d25dc3b0-28fc-4383-b1a0-617845025f41-groupManagement] INFO  server.RaftServerConfigKeys (ConfUtils.java:logGet(46)) - raft.server.log.appender.install.snapshot.enabled = false (custom)
2024-02-22 20:33:41,201 [d25dc3b0-28fc-4383-b1a0-617845025f41-groupManagement] INFO  server.RaftServerConfigKeys (ConfUtils.java:logGet(46)) - raft.server.threadpool.server.cached = true (default)
2024-02-22 20:33:41,201 [d25dc3b0-28fc-4383-b1a0-617845025f41-groupManagement] INFO  server.RaftServerConfigKeys (ConfUtils.java:logGet(46)) - raft.server.threadpool.server.size = 0 (default)
2024-02-22 20:33:41,201 [d25dc3b0-28fc-4383-b1a0-617845025f41-groupManagement] INFO  server.RaftServerConfigKeys (ConfUtils.java:logGet(46)) - raft.server.threadpool.client.cached = true (default)
2024-02-22 20:33:41,201 [d25dc3b0-28fc-4383-b1a0-617845025f41-groupManagement] INFO  server.RaftServerConfigKeys (ConfUtils.java:logGet(46)) - raft.server.threadpool.client.size = 0 (default)
2024-02-22 20:33:41,201 [d25dc3b0-28fc-4383-b1a0-617845025f41-groupManagement] INFO  server.RaftServerConfigKeys (ConfUtils.java:logGet(46)) - raft.server.storage.free-space.min = 0MB (=0) (default)
2024-02-22 20:33:41,201 [d25dc3b0-28fc-4383-b1a0-617845025f41-groupManagement] INFO  server.RaftServerConfigKeys (ConfUtils.java:logGet(46)) - raft.server.log.corruption.policy = EXCEPTION (default)
2024-02-22 20:33:41,201 [d25dc3b0-28fc-4383-b1a0-617845025f41-groupManagement] INFO  server.RaftServerConfigKeys (ConfUtils.java:logGet(46)) - raft.server.storage.dir = [/home/runner/work/ozone/ozone/hadoop-ozone/integration-test/target/test-dir/MiniOzoneClusterImpl-a0fc024b-a492-45a5-9697-b0d14f72cb5c/datanode-2/data/ratis] (custom)
2024-02-22 20:33:41,201 [d25dc3b0-28fc-4383-b1a0-617845025f41-groupManagement] INFO  storage.RaftStorageDirectory (RaftStorageDirectoryImpl.java:analyzeStorage(138)) - The storage directory /home/runner/work/ozone/ozone/hadoop-ozone/integration-test/target/test-dir/MiniOzoneClusterImpl-a0fc024b-a492-45a5-9697-b0d14f72cb5c/datanode-2/data/ratis/045ea6be-5c70-427a-91cd-8820b9a2dc65 does not exist. Creating ...
2024-02-22 20:33:41,204 [d25dc3b0-28fc-4383-b1a0-617845025f41-groupManagement] INFO  storage.RaftStorageDirectory (RaftStorageDirectoryImpl.java:tryLock(228)) - Lock on /home/runner/work/ozone/ozone/hadoop-ozone/integration-test/target/test-dir/MiniOzoneClusterImpl-a0fc024b-a492-45a5-9697-b0d14f72cb5c/datanode-2/data/ratis/045ea6be-5c70-427a-91cd-8820b9a2dc65/in_use.lock acquired by nodename 30552@fv-az779-213
2024-02-22 20:33:41,204 [EventQueue-PipelineReportForPipelineReportHandler] INFO  pipeline.PipelineReportHandler (PipelineReportHandler.java:processPipelineReport(136)) - Opened pipeline PipelineID=014e79b4-2d53-4af7-bdbb-f0c26c70f6ea
2024-02-22 20:33:41,205 [13f92446-3b18-4d81-bc66-0f9b00220e72-groupManagement] INFO  server.RaftServerConfigKeys (ConfUtils.java:logGet(46)) - raft.server.log.segment.size.max = 67108864 (custom)
2024-02-22 20:33:41,205 [86ab988c-fa9c-425d-a1c6-9004ff7fd93d-groupManagement] INFO  storage.RaftStorage (RaftStorageImpl.java:format(99)) - Storage directory /home/runner/work/ozone/ozone/hadoop-ozone/integration-test/target/test-dir/MiniOzoneClusterImpl-a0fc024b-a492-45a5-9697-b0d14f72cb5c/datanode-5/data/ratis/567d6c0b-0c61-46d9-a73e-1944bbb8d763 has been successfully formatted.
2024-02-22 20:33:41,205 [EventQueue-OpenPipelineForHealthyPipelineSafeModeRule] INFO  safemode.SCMSafeModeManager (HealthyPipelineSafeModeRule.java:process(140)) - SCM in safe mode. Healthy pipelines reported count is 0, required healthy pipeline reported count is 1
2024-02-22 20:33:41,205 [13f92446-3b18-4d81-bc66-0f9b00220e72-groupManagement] INFO  server.RaftServerConfigKeys (ConfUtils.java:logGet(46)) - raft.server.log.segment.cache.num.max = 2 (custom)
2024-02-22 20:33:41,205 [13f92446-3b18-4d81-bc66-0f9b00220e72-groupManagement] INFO  server.RaftServerConfigKeys (ConfUtils.java:logGet(46)) - raft.server.log.segment.cache.size.max = 200MB (=209715200) (default)
2024-02-22 20:33:41,205 [EventQueue-OpenPipelineForHealthyPipelineSafeModeRule] INFO  safemode.SCMSafeModeManager (HealthyPipelineSafeModeRule.java:process(140)) - SCM in safe mode. Healthy pipelines reported count is 0, required healthy pipeline reported count is 1
2024-02-22 20:33:41,205 [13f92446-3b18-4d81-bc66-0f9b00220e72-groupManagement] INFO  server.RaftServerConfigKeys (ConfUtils.java:logGet(46)) - raft.server.log.appender.buffer.byte-limit = 8388608 (custom)
2024-02-22 20:33:41,206 [d25dc3b0-28fc-4383-b1a0-617845025f41-groupManagement] INFO  storage.RaftStorage (RaftStorageImpl.java:format(99)) - Storage directory /home/runner/work/ozone/ozone/hadoop-ozone/integration-test/target/test-dir/MiniOzoneClusterImpl-a0fc024b-a492-45a5-9697-b0d14f72cb5c/datanode-2/data/ratis/045ea6be-5c70-427a-91cd-8820b9a2dc65 has been successfully formatted.
2024-02-22 20:33:41,206 [e46a6e51-795f-4801-a523-c45a6c7f2c34-groupManagement] INFO  util.AwaitToRun (AwaitToRun.java:start(81)) - Thread[e46a6e51-795f-4801-a523-c45a6c7f2c34@group-A538022C1006-cacheEviction-AwaitToRun,5,main] started
2024-02-22 20:33:41,206 [e46a6e51-795f-4801-a523-c45a6c7f2c34-groupManagement] INFO  segmented.SegmentedRaftLogWorker (SegmentedRaftLogWorker.java:<init>(182)) - new e46a6e51-795f-4801-a523-c45a6c7f2c34@group-A538022C1006-SegmentedRaftLogWorker for RaftStorageImpl:Storage Directory /home/runner/work/ozone/ozone/hadoop-ozone/integration-test/target/test-dir/MiniOzoneClusterImpl-a0fc024b-a492-45a5-9697-b0d14f72cb5c/datanode-0/data/ratis/b7ad60d3-b3bb-4da3-89ae-a538022c1006
2024-02-22 20:33:41,205 [86ab988c-fa9c-425d-a1c6-9004ff7fd93d-groupManagement] WARN  util.FileUtils (LogUtils.java:supplyAndLog(63)) - Failed to Files.newInputStream /home/runner/work/ozone/ozone/hadoop-ozone/integration-test/target/test-dir/MiniOzoneClusterImpl-a0fc024b-a492-45a5-9697-b0d14f72cb5c/datanode-5/data/ratis/567d6c0b-0c61-46d9-a73e-1944bbb8d763/current/raft-meta.conf with options []: java.nio.file.NoSuchFileException: /home/runner/work/ozone/ozone/hadoop-ozone/integration-test/target/test-dir/MiniOzoneClusterImpl-a0fc024b-a492-45a5-9697-b0d14f72cb5c/datanode-5/data/ratis/567d6c0b-0c61-46d9-a73e-1944bbb8d763/current/raft-meta.conf
2024-02-22 20:33:41,206 [e46a6e51-795f-4801-a523-c45a6c7f2c34-groupManagement] INFO  server.RaftServerConfigKeys (ConfUtils.java:logGet(46)) - raft.server.log.queue.byte-limit = 4294967296 (custom)
2024-02-22 20:33:41,206 [e46a6e51-795f-4801-a523-c45a6c7f2c34-groupManagement] INFO  server.RaftServerConfigKeys (ConfUtils.java:logGet(46)) - raft.server.log.queue.element-limit = 1024 (custom)
2024-02-22 20:33:41,206 [e46a6e51-795f-4801-a523-c45a6c7f2c34-groupManagement] INFO  server.RaftServerConfigKeys (ConfUtils.java:logGet(46)) - raft.server.log.segment.size.max = 67108864 (custom)
2024-02-22 20:33:41,206 [e46a6e51-795f-4801-a523-c45a6c7f2c34-groupManagement] INFO  server.RaftServerConfigKeys (ConfUtils.java:logGet(46)) - raft.server.log.preallocated.size = 4194304 (custom)
2024-02-22 20:33:41,206 [e46a6e51-795f-4801-a523-c45a6c7f2c34-groupManagement] INFO  server.RaftServerConfigKeys (ConfUtils.java:logGet(46)) - raft.server.log.force.sync.num = 128 (default)
2024-02-22 20:33:41,206 [e46a6e51-795f-4801-a523-c45a6c7f2c34-groupManagement] INFO  server.RaftServerConfigKeys (ConfUtils.java:logGet(46)) - raft.server.log.statemachine.data.sync = true (default)
2024-02-22 20:33:41,206 [e46a6e51-795f-4801-a523-c45a6c7f2c34-groupManagement] INFO  server.RaftServerConfigKeys (ConfUtils.java:logGet(46)) - raft.server.log.statemachine.data.sync.timeout = 10s (default)
2024-02-22 20:33:41,206 [e46a6e51-795f-4801-a523-c45a6c7f2c34-groupManagement] INFO  server.RaftServerConfigKeys (ConfUtils.java:logGet(46)) - raft.server.log.statemachine.data.sync.timeout.retry = 0 (custom)
2024-02-22 20:33:41,207 [e46a6e51-795f-4801-a523-c45a6c7f2c34-groupManagement] INFO  server.RaftServerConfigKeys (ConfUtils.java:logGet(46)) - raft.server.log.write.buffer.size = 8388616 (custom)
2024-02-22 20:33:41,209 [e46a6e51-795f-4801-a523-c45a6c7f2c34-groupManagement] INFO  server.RaftServerConfigKeys (ConfUtils.java:logGet(46)) - raft.server.log.appender.buffer.byte-limit = 8388608 (custom)
2024-02-22 20:33:41,209 [e46a6e51-795f-4801-a523-c45a6c7f2c34-groupManagement] INFO  server.RaftServerConfigKeys (ConfUtils.java:logGet(46)) - raft.server.log.unsafe-flush.enabled = false (default)
2024-02-22 20:33:41,209 [e46a6e51-795f-4801-a523-c45a6c7f2c34-groupManagement] INFO  server.RaftServerConfigKeys (ConfUtils.java:logGet(46)) - raft.server.log.async-flush.enabled = false (default)
2024-02-22 20:33:41,209 [e46a6e51-795f-4801-a523-c45a6c7f2c34-groupManagement] INFO  server.RaftServerConfigKeys (ConfUtils.java:logGet(46)) - raft.server.log.statemachine.data.caching.enabled = true (custom)
2024-02-22 20:33:41,209 [e46a6e51-795f-4801-a523-c45a6c7f2c34-groupManagement] INFO  segmented.SegmentedRaftLogWorker (SegmentedRaftLogWorker.java:lambda$new$0(134)) - e46a6e51-795f-4801-a523-c45a6c7f2c34@group-A538022C1006-SegmentedRaftLogWorker: flushIndex: setUnconditionally 0 -> -1
2024-02-22 20:33:41,209 [e46a6e51-795f-4801-a523-c45a6c7f2c34-groupManagement] INFO  segmented.SegmentedRaftLogWorker (SegmentedRaftLogWorker.java:lambda$new$0(134)) - e46a6e51-795f-4801-a523-c45a6c7f2c34@group-A538022C1006-SegmentedRaftLogWorker: safeCacheEvictIndex: setUnconditionally 0 -> -1
2024-02-22 20:33:41,206 [d25dc3b0-28fc-4383-b1a0-617845025f41-groupManagement] WARN  util.FileUtils (LogUtils.java:supplyAndLog(63)) - Failed to Files.newInputStream /home/runner/work/ozone/ozone/hadoop-ozone/integration-test/target/test-dir/MiniOzoneClusterImpl-a0fc024b-a492-45a5-9697-b0d14f72cb5c/datanode-2/data/ratis/045ea6be-5c70-427a-91cd-8820b9a2dc65/current/raft-meta.conf with options []: java.nio.file.NoSuchFileException: /home/runner/work/ozone/ozone/hadoop-ozone/integration-test/target/test-dir/MiniOzoneClusterImpl-a0fc024b-a492-45a5-9697-b0d14f72cb5c/datanode-2/data/ratis/045ea6be-5c70-427a-91cd-8820b9a2dc65/current/raft-meta.conf
2024-02-22 20:33:41,210 [e780b093-7242-46d7-bd8f-0f810188c7b3-groupManagement] INFO  util.AwaitToRun (AwaitToRun.java:start(81)) - Thread[e780b093-7242-46d7-bd8f-0f810188c7b3@group-1944BBB8D763-cacheEviction-AwaitToRun,5,main] started
2024-02-22 20:33:41,210 [e780b093-7242-46d7-bd8f-0f810188c7b3-groupManagement] INFO  segmented.SegmentedRaftLogWorker (SegmentedRaftLogWorker.java:<init>(182)) - new e780b093-7242-46d7-bd8f-0f810188c7b3@group-1944BBB8D763-SegmentedRaftLogWorker for RaftStorageImpl:Storage Directory /home/runner/work/ozone/ozone/hadoop-ozone/integration-test/target/test-dir/MiniOzoneClusterImpl-a0fc024b-a492-45a5-9697-b0d14f72cb5c/datanode-9/data/ratis/567d6c0b-0c61-46d9-a73e-1944bbb8d763
2024-02-22 20:33:41,210 [e780b093-7242-46d7-bd8f-0f810188c7b3-groupManagement] INFO  server.RaftServerConfigKeys (ConfUtils.java:logGet(46)) - raft.server.log.queue.byte-limit = 4294967296 (custom)
2024-02-22 20:33:41,210 [e780b093-7242-46d7-bd8f-0f810188c7b3-groupManagement] INFO  server.RaftServerConfigKeys (ConfUtils.java:logGet(46)) - raft.server.log.queue.element-limit = 1024 (custom)
2024-02-22 20:33:41,210 [e780b093-7242-46d7-bd8f-0f810188c7b3-groupManagement] INFO  server.RaftServerConfigKeys (ConfUtils.java:logGet(46)) - raft.server.log.segment.size.max = 67108864 (custom)
2024-02-22 20:33:41,210 [e780b093-7242-46d7-bd8f-0f810188c7b3-groupManagement] INFO  server.RaftServerConfigKeys (ConfUtils.java:logGet(46)) - raft.server.log.preallocated.size = 4194304 (custom)
2024-02-22 20:33:41,210 [e780b093-7242-46d7-bd8f-0f810188c7b3-groupManagement] INFO  server.RaftServerConfigKeys (ConfUtils.java:logGet(46)) - raft.server.log.force.sync.num = 128 (default)
2024-02-22 20:33:41,210 [e780b093-7242-46d7-bd8f-0f810188c7b3-groupManagement] INFO  server.RaftServerConfigKeys (ConfUtils.java:logGet(46)) - raft.server.log.statemachine.data.sync = true (default)
2024-02-22 20:33:41,211 [e780b093-7242-46d7-bd8f-0f810188c7b3-groupManagement] INFO  server.RaftServerConfigKeys (ConfUtils.java:logGet(46)) - raft.server.log.statemachine.data.sync.timeout = 10s (default)
2024-02-22 20:33:41,211 [e780b093-7242-46d7-bd8f-0f810188c7b3-groupManagement] INFO  server.RaftServerConfigKeys (ConfUtils.java:logGet(46)) - raft.server.log.statemachine.data.sync.timeout.retry = 0 (custom)
2024-02-22 20:33:41,211 [e780b093-7242-46d7-bd8f-0f810188c7b3-groupManagement] INFO  server.RaftServerConfigKeys (ConfUtils.java:logGet(46)) - raft.server.log.write.buffer.size = 8388616 (custom)
2024-02-22 20:33:41,213 [e780b093-7242-46d7-bd8f-0f810188c7b3-groupManagement] INFO  server.RaftServerConfigKeys (ConfUtils.java:logGet(46)) - raft.server.log.appender.buffer.byte-limit = 8388608 (custom)
2024-02-22 20:33:41,213 [e780b093-7242-46d7-bd8f-0f810188c7b3-groupManagement] INFO  server.RaftServerConfigKeys (ConfUtils.java:logGet(46)) - raft.server.log.unsafe-flush.enabled = false (default)
2024-02-22 20:33:41,213 [e780b093-7242-46d7-bd8f-0f810188c7b3-groupManagement] INFO  server.RaftServerConfigKeys (ConfUtils.java:logGet(46)) - raft.server.log.async-flush.enabled = false (default)
2024-02-22 20:33:41,213 [e780b093-7242-46d7-bd8f-0f810188c7b3-groupManagement] INFO  server.RaftServerConfigKeys (ConfUtils.java:logGet(46)) - raft.server.log.statemachine.data.caching.enabled = true (custom)
2024-02-22 20:33:41,213 [e780b093-7242-46d7-bd8f-0f810188c7b3-groupManagement] INFO  segmented.SegmentedRaftLogWorker (SegmentedRaftLogWorker.java:lambda$new$0(134)) - e780b093-7242-46d7-bd8f-0f810188c7b3@group-1944BBB8D763-SegmentedRaftLogWorker: flushIndex: setUnconditionally 0 -> -1
2024-02-22 20:33:41,213 [e780b093-7242-46d7-bd8f-0f810188c7b3-groupManagement] INFO  segmented.SegmentedRaftLogWorker (SegmentedRaftLogWorker.java:lambda$new$0(134)) - e780b093-7242-46d7-bd8f-0f810188c7b3@group-1944BBB8D763-SegmentedRaftLogWorker: safeCacheEvictIndex: setUnconditionally 0 -> -1
2024-02-22 20:33:41,216 [e780b093-7242-46d7-bd8f-0f810188c7b3-groupManagement] INFO  server.RaftServer$Division (RaftServerImpl.java:start(396)) - e780b093-7242-46d7-bd8f-0f810188c7b3@group-1944BBB8D763: start as a follower, conf=-1: peers:[86ab988c-fa9c-425d-a1c6-9004ff7fd93d|10.1.0.33:15059, e46a6e51-795f-4801-a523-c45a6c7f2c34|10.1.0.33:15014, e780b093-7242-46d7-bd8f-0f810188c7b3|10.1.0.33:15095]|listeners:[], old=null
2024-02-22 20:33:41,216 [e780b093-7242-46d7-bd8f-0f810188c7b3-groupManagement] INFO  server.RaftServer$Division (RaftServerImpl.java:setRole(383)) - e780b093-7242-46d7-bd8f-0f810188c7b3@group-1944BBB8D763: changes role from      null to FOLLOWER at term 0 for startAsFollower
2024-02-22 20:33:41,216 [e780b093-7242-46d7-bd8f-0f810188c7b3-groupManagement] INFO  impl.RoleInfo (RoleInfo.java:updateAndGet(139)) - e780b093-7242-46d7-bd8f-0f810188c7b3: start e780b093-7242-46d7-bd8f-0f810188c7b3@group-1944BBB8D763-FollowerState
2024-02-22 20:33:41,216 [e780b093-7242-46d7-bd8f-0f810188c7b3-groupManagement] INFO  util.JmxRegister (JmxRegister.java:tryRegister(44)) - Successfully registered JMX Bean with object name Ratis:service=RaftServer,group=group-1944BBB8D763,id=e780b093-7242-46d7-bd8f-0f810188c7b3
2024-02-22 20:33:41,216 [e780b093-7242-46d7-bd8f-0f810188c7b3@group-1944BBB8D763-FollowerState] INFO  server.RaftServerConfigKeys (ConfUtils.java:logFallback(53)) - raft.server.rpc.first-election.timeout.min = 5s (fallback to raft.server.rpc.timeout.min)
2024-02-22 20:33:41,216 [e780b093-7242-46d7-bd8f-0f810188c7b3-groupManagement] INFO  server.RaftServerConfigKeys (ConfUtils.java:logGet(46)) - raft.server.snapshot.trigger-when-stop.enabled = true (default)
2024-02-22 20:33:41,216 [e780b093-7242-46d7-bd8f-0f810188c7b3-groupManagement] INFO  server.RaftServerConfigKeys (ConfUtils.java:logGet(46)) - raft.server.snapshot.auto.trigger.enabled = true (custom)
2024-02-22 20:33:41,217 [e780b093-7242-46d7-bd8f-0f810188c7b3-groupManagement] INFO  server.RaftServerConfigKeys (ConfUtils.java:logGet(46)) - raft.server.snapshot.auto.trigger.threshold = 10000 (custom)
2024-02-22 20:33:41,217 [e780b093-7242-46d7-bd8f-0f810188c7b3-groupManagement] INFO  server.RaftServerConfigKeys (ConfUtils.java:logGet(46)) - raft.server.snapshot.retention.file.num = 5 (custom)
2024-02-22 20:33:41,217 [e780b093-7242-46d7-bd8f-0f810188c7b3-groupManagement] INFO  server.RaftServerConfigKeys (ConfUtils.java:logGet(46)) - raft.server.log.purge.upto.snapshot.index = false (default)
2024-02-22 20:33:41,216 [e780b093-7242-46d7-bd8f-0f810188c7b3@group-1944BBB8D763-FollowerState] INFO  server.RaftServerConfigKeys (ConfUtils.java:logFallback(53)) - raft.server.rpc.first-election.timeout.max = 5200ms (fallback to raft.server.rpc.timeout.max)
2024-02-22 20:33:41,218 [78f89d9b-e409-4704-890b-bfcfbcdfd28a-groupManagement] INFO  util.AwaitToRun (AwaitToRun.java:start(81)) - Thread[78f89d9b-e409-4704-890b-bfcfbcdfd28a@group-9D5BCF0FDB08-cacheEviction-AwaitToRun,5,main] started
2024-02-22 20:33:41,218 [78f89d9b-e409-4704-890b-bfcfbcdfd28a-groupManagement] INFO  segmented.SegmentedRaftLogWorker (SegmentedRaftLogWorker.java:<init>(182)) - new 78f89d9b-e409-4704-890b-bfcfbcdfd28a@group-9D5BCF0FDB08-SegmentedRaftLogWorker for RaftStorageImpl:Storage Directory /home/runner/work/ozone/ozone/hadoop-ozone/integration-test/target/test-dir/MiniOzoneClusterImpl-a0fc024b-a492-45a5-9697-b0d14f72cb5c/datanode-8/data/ratis/6139a09f-40c0-48a4-995f-9d5bcf0fdb08
2024-02-22 20:33:41,218 [78f89d9b-e409-4704-890b-bfcfbcdfd28a-groupManagement] INFO  server.RaftServerConfigKeys (ConfUtils.java:logGet(46)) - raft.server.log.queue.byte-limit = 4294967296 (custom)
2024-02-22 20:33:41,218 [78f89d9b-e409-4704-890b-bfcfbcdfd28a-groupManagement] INFO  server.RaftServerConfigKeys (ConfUtils.java:logGet(46)) - raft.server.log.queue.element-limit = 1024 (custom)
2024-02-22 20:33:41,218 [78f89d9b-e409-4704-890b-bfcfbcdfd28a-groupManagement] INFO  server.RaftServerConfigKeys (ConfUtils.java:logGet(46)) - raft.server.log.segment.size.max = 67108864 (custom)
2024-02-22 20:33:41,218 [78f89d9b-e409-4704-890b-bfcfbcdfd28a-groupManagement] INFO  server.RaftServerConfigKeys (ConfUtils.java:logGet(46)) - raft.server.log.preallocated.size = 4194304 (custom)
2024-02-22 20:33:41,218 [78f89d9b-e409-4704-890b-bfcfbcdfd28a-groupManagement] INFO  server.RaftServerConfigKeys (ConfUtils.java:logGet(46)) - raft.server.log.force.sync.num = 128 (default)
2024-02-22 20:33:41,218 [78f89d9b-e409-4704-890b-bfcfbcdfd28a-groupManagement] INFO  server.RaftServerConfigKeys (ConfUtils.java:logGet(46)) - raft.server.log.statemachine.data.sync = true (default)
2024-02-22 20:33:41,219 [78f89d9b-e409-4704-890b-bfcfbcdfd28a-groupManagement] INFO  server.RaftServerConfigKeys (ConfUtils.java:logGet(46)) - raft.server.log.statemachine.data.sync.timeout = 10s (default)
2024-02-22 20:33:41,219 [78f89d9b-e409-4704-890b-bfcfbcdfd28a-groupManagement] INFO  server.RaftServerConfigKeys (ConfUtils.java:logGet(46)) - raft.server.log.statemachine.data.sync.timeout.retry = 0 (custom)
2024-02-22 20:33:41,219 [78f89d9b-e409-4704-890b-bfcfbcdfd28a-groupManagement] INFO  server.RaftServerConfigKeys (ConfUtils.java:logGet(46)) - raft.server.log.write.buffer.size = 8388616 (custom)
2024-02-22 20:33:41,220 [78f89d9b-e409-4704-890b-bfcfbcdfd28a-groupManagement] INFO  server.RaftServerConfigKeys (ConfUtils.java:logGet(46)) - raft.server.log.appender.buffer.byte-limit = 8388608 (custom)
2024-02-22 20:33:41,220 [78f89d9b-e409-4704-890b-bfcfbcdfd28a-groupManagement] INFO  server.RaftServerConfigKeys (ConfUtils.java:logGet(46)) - raft.server.log.unsafe-flush.enabled = false (default)
2024-02-22 20:33:41,221 [78f89d9b-e409-4704-890b-bfcfbcdfd28a-groupManagement] INFO  server.RaftServerConfigKeys (ConfUtils.java:logGet(46)) - raft.server.log.async-flush.enabled = false (default)
2024-02-22 20:33:41,221 [78f89d9b-e409-4704-890b-bfcfbcdfd28a-groupManagement] INFO  server.RaftServerConfigKeys (ConfUtils.java:logGet(46)) - raft.server.log.statemachine.data.caching.enabled = true (custom)
2024-02-22 20:33:41,221 [78f89d9b-e409-4704-890b-bfcfbcdfd28a-groupManagement] INFO  segmented.SegmentedRaftLogWorker (SegmentedRaftLogWorker.java:lambda$new$0(134)) - 78f89d9b-e409-4704-890b-bfcfbcdfd28a@group-9D5BCF0FDB08-SegmentedRaftLogWorker: flushIndex: setUnconditionally 0 -> -1
2024-02-22 20:33:41,221 [78f89d9b-e409-4704-890b-bfcfbcdfd28a-groupManagement] INFO  segmented.SegmentedRaftLogWorker (SegmentedRaftLogWorker.java:lambda$new$0(134)) - 78f89d9b-e409-4704-890b-bfcfbcdfd28a@group-9D5BCF0FDB08-SegmentedRaftLogWorker: safeCacheEvictIndex: setUnconditionally 0 -> -1
2024-02-22 20:33:41,222 [923be64f-71f4-4891-b05d-82ff5a9df5b5-groupManagement] INFO  ratis.ContainerStateMachine (ContainerStateMachine.java:loadSnapshot(287)) - group-BDBAD3AB70B4: The snapshot info is null. Setting the last applied index to:(t:0, i:~)
2024-02-22 20:33:41,222 [923be64f-71f4-4891-b05d-82ff5a9df5b5-groupManagement] INFO  server.RaftServerConfigKeys (ConfUtils.java:logGet(46)) - raft.server.log.use.memory = false (default)
2024-02-22 20:33:41,222 [923be64f-71f4-4891-b05d-82ff5a9df5b5-groupManagement] INFO  server.RaftServerConfigKeys (ConfUtils.java:logGet(46)) - raft.server.log.purge.gap = 1000000 (custom)
2024-02-22 20:33:41,222 [923be64f-71f4-4891-b05d-82ff5a9df5b5-groupManagement] INFO  server.RaftServerConfigKeys (ConfUtils.java:logGet(46)) - raft.server.log.appender.buffer.byte-limit = 8388608 (custom)
2024-02-22 20:33:41,222 [923be64f-71f4-4891-b05d-82ff5a9df5b5-groupManagement] INFO  server.RaftServerConfigKeys (ConfUtils.java:logGet(46)) - raft.server.log.statemachine.data.read.timeout = 1000ms (default)
2024-02-22 20:33:41,222 [923be64f-71f4-4891-b05d-82ff5a9df5b5-groupManagement] INFO  server.RaftServerConfigKeys (ConfUtils.java:logGet(46)) - raft.server.log.purge.preservation.log.num = 0 (default)
2024-02-22 20:33:41,224 [e780b093-7242-46d7-bd8f-0f810188c7b3-PipelineCommandHandlerThread-0] INFO  ratis.XceiverServerRatis (XceiverServerRatis.java:addGroup(864)) - Created group PipelineID=567d6c0b-0c61-46d9-a73e-1944bbb8d763
2024-02-22 20:33:41,224 [923be64f-71f4-4891-b05d-82ff5a9df5b5-groupManagement] INFO  server.RaftServerConfigKeys (ConfUtils.java:logGet(46)) - raft.server.log.segment.size.max = 67108864 (custom)
2024-02-22 20:33:41,224 [923be64f-71f4-4891-b05d-82ff5a9df5b5-groupManagement] INFO  server.RaftServerConfigKeys (ConfUtils.java:logGet(46)) - raft.server.log.segment.cache.num.max = 2 (custom)
2024-02-22 20:33:41,224 [923be64f-71f4-4891-b05d-82ff5a9df5b5-groupManagement] INFO  server.RaftServerConfigKeys (ConfUtils.java:logGet(46)) - raft.server.log.segment.cache.size.max = 200MB (=209715200) (default)
2024-02-22 20:33:41,224 [923be64f-71f4-4891-b05d-82ff5a9df5b5-groupManagement] INFO  server.RaftServerConfigKeys (ConfUtils.java:logGet(46)) - raft.server.log.appender.buffer.byte-limit = 8388608 (custom)
2024-02-22 20:33:41,225 [78f89d9b-e409-4704-890b-bfcfbcdfd28a-groupManagement] INFO  server.RaftServer$Division (RaftServerImpl.java:start(396)) - 78f89d9b-e409-4704-890b-bfcfbcdfd28a@group-9D5BCF0FDB08: start as a follower, conf=-1: peers:[78f89d9b-e409-4704-890b-bfcfbcdfd28a|10.1.0.33:15086, d25dc3b0-28fc-4383-b1a0-617845025f41|10.1.0.33:15032, 4e8f68d6-fd98-4f77-87e3-715939181693|10.1.0.33:15041]|listeners:[], old=null
2024-02-22 20:33:41,225 [78f89d9b-e409-4704-890b-bfcfbcdfd28a-groupManagement] INFO  server.RaftServer$Division (RaftServerImpl.java:setRole(383)) - 78f89d9b-e409-4704-890b-bfcfbcdfd28a@group-9D5BCF0FDB08: changes role from      null to FOLLOWER at term 0 for startAsFollower
2024-02-22 20:33:41,230 [923be64f-71f4-4891-b05d-82ff5a9df5b5-groupManagement] INFO  util.AwaitToRun (AwaitToRun.java:start(81)) - Thread[923be64f-71f4-4891-b05d-82ff5a9df5b5@group-BDBAD3AB70B4-cacheEviction-AwaitToRun,5,main] started
2024-02-22 20:33:41,230 [923be64f-71f4-4891-b05d-82ff5a9df5b5-groupManagement] INFO  segmented.SegmentedRaftLogWorker (SegmentedRaftLogWorker.java:<init>(182)) - new 923be64f-71f4-4891-b05d-82ff5a9df5b5@group-BDBAD3AB70B4-SegmentedRaftLogWorker for RaftStorageImpl:Storage Directory /home/runner/work/ozone/ozone/hadoop-ozone/integration-test/target/test-dir/MiniOzoneClusterImpl-a0fc024b-a492-45a5-9697-b0d14f72cb5c/datanode-1/data/ratis/2f90e3ba-f3fd-48ab-9225-bdbad3ab70b4
2024-02-22 20:33:41,230 [923be64f-71f4-4891-b05d-82ff5a9df5b5-groupManagement] INFO  server.RaftServerConfigKeys (ConfUtils.java:logGet(46)) - raft.server.log.queue.byte-limit = 4294967296 (custom)
2024-02-22 20:33:41,230 [923be64f-71f4-4891-b05d-82ff5a9df5b5-groupManagement] INFO  server.RaftServerConfigKeys (ConfUtils.java:logGet(46)) - raft.server.log.queue.element-limit = 1024 (custom)
2024-02-22 20:33:41,230 [923be64f-71f4-4891-b05d-82ff5a9df5b5-groupManagement] INFO  server.RaftServerConfigKeys (ConfUtils.java:logGet(46)) - raft.server.log.segment.size.max = 67108864 (custom)
2024-02-22 20:33:41,230 [923be64f-71f4-4891-b05d-82ff5a9df5b5-groupManagement] INFO  server.RaftServerConfigKeys (ConfUtils.java:logGet(46)) - raft.server.log.preallocated.size = 4194304 (custom)
2024-02-22 20:33:41,231 [923be64f-71f4-4891-b05d-82ff5a9df5b5-groupManagement] INFO  server.RaftServerConfigKeys (ConfUtils.java:logGet(46)) - raft.server.log.force.sync.num = 128 (default)
2024-02-22 20:33:41,231 [923be64f-71f4-4891-b05d-82ff5a9df5b5-groupManagement] INFO  server.RaftServerConfigKeys (ConfUtils.java:logGet(46)) - raft.server.log.statemachine.data.sync = true (default)
2024-02-22 20:33:41,231 [923be64f-71f4-4891-b05d-82ff5a9df5b5-groupManagement] INFO  server.RaftServerConfigKeys (ConfUtils.java:logGet(46)) - raft.server.log.statemachine.data.sync.timeout = 10s (default)
2024-02-22 20:33:41,231 [923be64f-71f4-4891-b05d-82ff5a9df5b5-groupManagement] INFO  server.RaftServerConfigKeys (ConfUtils.java:logGet(46)) - raft.server.log.statemachine.data.sync.timeout.retry = 0 (custom)
2024-02-22 20:33:41,231 [d25dc3b0-28fc-4383-b1a0-617845025f41-groupManagement] INFO  ratis.ContainerStateMachine (ContainerStateMachine.java:loadSnapshot(287)) - group-8820B9A2DC65: The snapshot info is null. Setting the last applied index to:(t:0, i:~)
2024-02-22 20:33:41,231 [d25dc3b0-28fc-4383-b1a0-617845025f41-groupManagement] INFO  server.RaftServerConfigKeys (ConfUtils.java:logGet(46)) - raft.server.log.use.memory = false (default)
2024-02-22 20:33:41,231 [d25dc3b0-28fc-4383-b1a0-617845025f41-groupManagement] INFO  server.RaftServerConfigKeys (ConfUtils.java:logGet(46)) - raft.server.log.purge.gap = 1000000 (custom)
2024-02-22 20:33:41,231 [d25dc3b0-28fc-4383-b1a0-617845025f41-groupManagement] INFO  server.RaftServerConfigKeys (ConfUtils.java:logGet(46)) - raft.server.log.appender.buffer.byte-limit = 8388608 (custom)
2024-02-22 20:33:41,231 [d25dc3b0-28fc-4383-b1a0-617845025f41-groupManagement] INFO  server.RaftServerConfigKeys (ConfUtils.java:logGet(46)) - raft.server.log.statemachine.data.read.timeout = 1000ms (default)
2024-02-22 20:33:41,231 [d25dc3b0-28fc-4383-b1a0-617845025f41-groupManagement] INFO  server.RaftServerConfigKeys (ConfUtils.java:logGet(46)) - raft.server.log.purge.preservation.log.num = 0 (default)
2024-02-22 20:33:41,232 [923be64f-71f4-4891-b05d-82ff5a9df5b5-groupManagement] INFO  server.RaftServerConfigKeys (ConfUtils.java:logGet(46)) - raft.server.log.write.buffer.size = 8388616 (custom)
2024-02-22 20:33:41,233 [e46a6e51-795f-4801-a523-c45a6c7f2c34-groupManagement] INFO  server.RaftServer$Division (RaftServerImpl.java:start(396)) - e46a6e51-795f-4801-a523-c45a6c7f2c34@group-A538022C1006: start as a follower, conf=-1: peers:[923be64f-71f4-4891-b05d-82ff5a9df5b5|10.1.0.33:15023, e46a6e51-795f-4801-a523-c45a6c7f2c34|10.1.0.33:15014, e780b093-7242-46d7-bd8f-0f810188c7b3|10.1.0.33:15095]|listeners:[], old=null
2024-02-22 20:33:41,233 [e46a6e51-795f-4801-a523-c45a6c7f2c34-groupManagement] INFO  server.RaftServer$Division (RaftServerImpl.java:setRole(383)) - e46a6e51-795f-4801-a523-c45a6c7f2c34@group-A538022C1006: changes role from      null to FOLLOWER at term 0 for startAsFollower
2024-02-22 20:33:41,233 [e46a6e51-795f-4801-a523-c45a6c7f2c34-groupManagement] INFO  impl.RoleInfo (RoleInfo.java:updateAndGet(139)) - e46a6e51-795f-4801-a523-c45a6c7f2c34: start e46a6e51-795f-4801-a523-c45a6c7f2c34@group-A538022C1006-FollowerState
2024-02-22 20:33:41,234 [d25dc3b0-28fc-4383-b1a0-617845025f41-groupManagement] INFO  server.RaftServerConfigKeys (ConfUtils.java:logGet(46)) - raft.server.log.segment.size.max = 67108864 (custom)
2024-02-22 20:33:41,234 [d25dc3b0-28fc-4383-b1a0-617845025f41-groupManagement] INFO  server.RaftServerConfigKeys (ConfUtils.java:logGet(46)) - raft.server.log.segment.cache.num.max = 2 (custom)
2024-02-22 20:33:41,234 [d25dc3b0-28fc-4383-b1a0-617845025f41-groupManagement] INFO  server.RaftServerConfigKeys (ConfUtils.java:logGet(46)) - raft.server.log.segment.cache.size.max = 200MB (=209715200) (default)
2024-02-22 20:33:41,234 [d25dc3b0-28fc-4383-b1a0-617845025f41-groupManagement] INFO  server.RaftServerConfigKeys (ConfUtils.java:logGet(46)) - raft.server.log.appender.buffer.byte-limit = 8388608 (custom)
2024-02-22 20:33:41,235 [923be64f-71f4-4891-b05d-82ff5a9df5b5-groupManagement] INFO  server.RaftServerConfigKeys (ConfUtils.java:logGet(46)) - raft.server.log.appender.buffer.byte-limit = 8388608 (custom)
2024-02-22 20:33:41,235 [923be64f-71f4-4891-b05d-82ff5a9df5b5-groupManagement] INFO  server.RaftServerConfigKeys (ConfUtils.java:logGet(46)) - raft.server.log.unsafe-flush.enabled = false (default)
2024-02-22 20:33:41,235 [923be64f-71f4-4891-b05d-82ff5a9df5b5-groupManagement] INFO  server.RaftServerConfigKeys (ConfUtils.java:logGet(46)) - raft.server.log.async-flush.enabled = false (default)
2024-02-22 20:33:41,235 [923be64f-71f4-4891-b05d-82ff5a9df5b5-groupManagement] INFO  server.RaftServerConfigKeys (ConfUtils.java:logGet(46)) - raft.server.log.statemachine.data.caching.enabled = true (custom)
2024-02-22 20:33:41,235 [923be64f-71f4-4891-b05d-82ff5a9df5b5-groupManagement] INFO  segmented.SegmentedRaftLogWorker (SegmentedRaftLogWorker.java:lambda$new$0(134)) - 923be64f-71f4-4891-b05d-82ff5a9df5b5@group-BDBAD3AB70B4-SegmentedRaftLogWorker: flushIndex: setUnconditionally 0 -> -1
2024-02-22 20:33:41,236 [923be64f-71f4-4891-b05d-82ff5a9df5b5-groupManagement] INFO  segmented.SegmentedRaftLogWorker (SegmentedRaftLogWorker.java:lambda$new$0(134)) - 923be64f-71f4-4891-b05d-82ff5a9df5b5@group-BDBAD3AB70B4-SegmentedRaftLogWorker: safeCacheEvictIndex: setUnconditionally 0 -> -1
2024-02-22 20:33:41,237 [EventQueue-OpenPipelineForHealthyPipelineSafeModeRule] INFO  safemode.SCMSafeModeManager (HealthyPipelineSafeModeRule.java:process(140)) - SCM in safe mode. Healthy pipelines reported count is 0, required healthy pipeline reported count is 1
2024-02-22 20:33:41,237 [EventQueue-OpenPipelineForHealthyPipelineSafeModeRule] INFO  safemode.SCMSafeModeManager (HealthyPipelineSafeModeRule.java:process(140)) - SCM in safe mode. Healthy pipelines reported count is 0, required healthy pipeline reported count is 1
2024-02-22 20:33:41,238 [e46a6e51-795f-4801-a523-c45a6c7f2c34-groupManagement] INFO  util.JmxRegister (JmxRegister.java:tryRegister(44)) - Successfully registered JMX Bean with object name Ratis:service=RaftServer,group=group-A538022C1006,id=e46a6e51-795f-4801-a523-c45a6c7f2c34
2024-02-22 20:33:41,238 [e46a6e51-795f-4801-a523-c45a6c7f2c34-groupManagement] INFO  server.RaftServerConfigKeys (ConfUtils.java:logGet(46)) - raft.server.snapshot.trigger-when-stop.enabled = true (default)
2024-02-22 20:33:41,238 [e46a6e51-795f-4801-a523-c45a6c7f2c34-groupManagement] INFO  server.RaftServerConfigKeys (ConfUtils.java:logGet(46)) - raft.server.snapshot.auto.trigger.enabled = true (custom)
2024-02-22 20:33:41,238 [e46a6e51-795f-4801-a523-c45a6c7f2c34-groupManagement] INFO  server.RaftServerConfigKeys (ConfUtils.java:logGet(46)) - raft.server.snapshot.auto.trigger.threshold = 10000 (custom)
2024-02-22 20:33:41,238 [e46a6e51-795f-4801-a523-c45a6c7f2c34-groupManagement] INFO  server.RaftServerConfigKeys (ConfUtils.java:logGet(46)) - raft.server.snapshot.retention.file.num = 5 (custom)
2024-02-22 20:33:41,238 [e46a6e51-795f-4801-a523-c45a6c7f2c34-groupManagement] INFO  server.RaftServerConfigKeys (ConfUtils.java:logGet(46)) - raft.server.log.purge.upto.snapshot.index = false (default)
2024-02-22 20:33:41,239 [e46a6e51-795f-4801-a523-c45a6c7f2c34@group-A538022C1006-FollowerState] INFO  server.RaftServerConfigKeys (ConfUtils.java:logFallback(53)) - raft.server.rpc.first-election.timeout.min = 5s (fallback to raft.server.rpc.timeout.min)
2024-02-22 20:33:41,239 [e46a6e51-795f-4801-a523-c45a6c7f2c34@group-A538022C1006-FollowerState] INFO  server.RaftServerConfigKeys (ConfUtils.java:logFallback(53)) - raft.server.rpc.first-election.timeout.max = 5200ms (fallback to raft.server.rpc.timeout.max)
2024-02-22 20:33:41,240 [86ab988c-fa9c-425d-a1c6-9004ff7fd93d-groupManagement] INFO  ratis.ContainerStateMachine (ContainerStateMachine.java:loadSnapshot(287)) - group-1944BBB8D763: The snapshot info is null. Setting the last applied index to:(t:0, i:~)
2024-02-22 20:33:41,240 [86ab988c-fa9c-425d-a1c6-9004ff7fd93d-groupManagement] INFO  server.RaftServerConfigKeys (ConfUtils.java:logGet(46)) - raft.server.log.use.memory = false (default)
2024-02-22 20:33:41,240 [86ab988c-fa9c-425d-a1c6-9004ff7fd93d-groupManagement] INFO  server.RaftServerConfigKeys (ConfUtils.java:logGet(46)) - raft.server.log.purge.gap = 1000000 (custom)
2024-02-22 20:33:41,240 [86ab988c-fa9c-425d-a1c6-9004ff7fd93d-groupManagement] INFO  server.RaftServerConfigKeys (ConfUtils.java:logGet(46)) - raft.server.log.appender.buffer.byte-limit = 8388608 (custom)
2024-02-22 20:33:41,240 [86ab988c-fa9c-425d-a1c6-9004ff7fd93d-groupManagement] INFO  server.RaftServerConfigKeys (ConfUtils.java:logGet(46)) - raft.server.log.statemachine.data.read.timeout = 1000ms (default)
2024-02-22 20:33:41,240 [86ab988c-fa9c-425d-a1c6-9004ff7fd93d-groupManagement] INFO  server.RaftServerConfigKeys (ConfUtils.java:logGet(46)) - raft.server.log.purge.preservation.log.num = 0 (default)
2024-02-22 20:33:41,242 [86ab988c-fa9c-425d-a1c6-9004ff7fd93d-groupManagement] INFO  server.RaftServerConfigKeys (ConfUtils.java:logGet(46)) - raft.server.log.segment.size.max = 67108864 (custom)
2024-02-22 20:33:41,243 [86ab988c-fa9c-425d-a1c6-9004ff7fd93d-groupManagement] INFO  server.RaftServerConfigKeys (ConfUtils.java:logGet(46)) - raft.server.log.segment.cache.num.max = 2 (custom)
2024-02-22 20:33:41,243 [86ab988c-fa9c-425d-a1c6-9004ff7fd93d-groupManagement] INFO  server.RaftServerConfigKeys (ConfUtils.java:logGet(46)) - raft.server.log.segment.cache.size.max = 200MB (=209715200) (default)
2024-02-22 20:33:41,243 [86ab988c-fa9c-425d-a1c6-9004ff7fd93d-groupManagement] INFO  server.RaftServerConfigKeys (ConfUtils.java:logGet(46)) - raft.server.log.appender.buffer.byte-limit = 8388608 (custom)
2024-02-22 20:33:41,246 [13f92446-3b18-4d81-bc66-0f9b00220e72-groupManagement] INFO  util.AwaitToRun (AwaitToRun.java:start(81)) - Thread[13f92446-3b18-4d81-bc66-0f9b00220e72@group-F0C26C70F6EA-cacheEviction-AwaitToRun,5,main] started
2024-02-22 20:33:41,248 [13f92446-3b18-4d81-bc66-0f9b00220e72-groupManagement] INFO  segmented.SegmentedRaftLogWorker (SegmentedRaftLogWorker.java:<init>(182)) - new 13f92446-3b18-4d81-bc66-0f9b00220e72@group-F0C26C70F6EA-SegmentedRaftLogWorker for RaftStorageImpl:Storage Directory /home/runner/work/ozone/ozone/hadoop-ozone/integration-test/target/test-dir/MiniOzoneClusterImpl-a0fc024b-a492-45a5-9697-b0d14f72cb5c/datanode-7/data/ratis/014e79b4-2d53-4af7-bdbb-f0c26c70f6ea
2024-02-22 20:33:41,248 [13f92446-3b18-4d81-bc66-0f9b00220e72-groupManagement] INFO  server.RaftServerConfigKeys (ConfUtils.java:logGet(46)) - raft.server.log.queue.byte-limit = 4294967296 (custom)
2024-02-22 20:33:41,248 [13f92446-3b18-4d81-bc66-0f9b00220e72-groupManagement] INFO  server.RaftServerConfigKeys (ConfUtils.java:logGet(46)) - raft.server.log.queue.element-limit = 1024 (custom)
2024-02-22 20:33:41,248 [13f92446-3b18-4d81-bc66-0f9b00220e72-groupManagement] INFO  server.RaftServerConfigKeys (ConfUtils.java:logGet(46)) - raft.server.log.segment.size.max = 67108864 (custom)
2024-02-22 20:33:41,248 [13f92446-3b18-4d81-bc66-0f9b00220e72-groupManagement] INFO  server.RaftServerConfigKeys (ConfUtils.java:logGet(46)) - raft.server.log.preallocated.size = 4194304 (custom)
2024-02-22 20:33:41,248 [13f92446-3b18-4d81-bc66-0f9b00220e72-groupManagement] INFO  server.RaftServerConfigKeys (ConfUtils.java:logGet(46)) - raft.server.log.force.sync.num = 128 (default)
2024-02-22 20:33:41,248 [13f92446-3b18-4d81-bc66-0f9b00220e72-groupManagement] INFO  server.RaftServerConfigKeys (ConfUtils.java:logGet(46)) - raft.server.log.statemachine.data.sync = true (default)
2024-02-22 20:33:41,248 [13f92446-3b18-4d81-bc66-0f9b00220e72-groupManagement] INFO  server.RaftServerConfigKeys (ConfUtils.java:logGet(46)) - raft.server.log.statemachine.data.sync.timeout = 10s (default)
2024-02-22 20:33:41,248 [13f92446-3b18-4d81-bc66-0f9b00220e72-groupManagement] INFO  server.RaftServerConfigKeys (ConfUtils.java:logGet(46)) - raft.server.log.statemachine.data.sync.timeout.retry = 0 (custom)
2024-02-22 20:33:41,249 [13f92446-3b18-4d81-bc66-0f9b00220e72-groupManagement] INFO  server.RaftServerConfigKeys (ConfUtils.java:logGet(46)) - raft.server.log.write.buffer.size = 8388616 (custom)
2024-02-22 20:33:41,250 [86ab988c-fa9c-425d-a1c6-9004ff7fd93d-groupManagement] INFO  util.AwaitToRun (AwaitToRun.java:start(81)) - Thread[86ab988c-fa9c-425d-a1c6-9004ff7fd93d@group-1944BBB8D763-cacheEviction-AwaitToRun,5,main] started
2024-02-22 20:33:41,250 [86ab988c-fa9c-425d-a1c6-9004ff7fd93d-groupManagement] INFO  segmented.SegmentedRaftLogWorker (SegmentedRaftLogWorker.java:<init>(182)) - new 86ab988c-fa9c-425d-a1c6-9004ff7fd93d@group-1944BBB8D763-SegmentedRaftLogWorker for RaftStorageImpl:Storage Directory /home/runner/work/ozone/ozone/hadoop-ozone/integration-test/target/test-dir/MiniOzoneClusterImpl-a0fc024b-a492-45a5-9697-b0d14f72cb5c/datanode-5/data/ratis/567d6c0b-0c61-46d9-a73e-1944bbb8d763
2024-02-22 20:33:41,251 [86ab988c-fa9c-425d-a1c6-9004ff7fd93d-groupManagement] INFO  server.RaftServerConfigKeys (ConfUtils.java:logGet(46)) - raft.server.log.queue.byte-limit = 4294967296 (custom)
2024-02-22 20:33:41,251 [86ab988c-fa9c-425d-a1c6-9004ff7fd93d-groupManagement] INFO  server.RaftServerConfigKeys (ConfUtils.java:logGet(46)) - raft.server.log.queue.element-limit = 1024 (custom)
2024-02-22 20:33:41,251 [86ab988c-fa9c-425d-a1c6-9004ff7fd93d-groupManagement] INFO  server.RaftServerConfigKeys (ConfUtils.java:logGet(46)) - raft.server.log.segment.size.max = 67108864 (custom)
2024-02-22 20:33:41,251 [86ab988c-fa9c-425d-a1c6-9004ff7fd93d-groupManagement] INFO  server.RaftServerConfigKeys (ConfUtils.java:logGet(46)) - raft.server.log.preallocated.size = 4194304 (custom)
2024-02-22 20:33:41,251 [86ab988c-fa9c-425d-a1c6-9004ff7fd93d-groupManagement] INFO  server.RaftServerConfigKeys (ConfUtils.java:logGet(46)) - raft.server.log.force.sync.num = 128 (default)
2024-02-22 20:33:41,251 [86ab988c-fa9c-425d-a1c6-9004ff7fd93d-groupManagement] INFO  server.RaftServerConfigKeys (ConfUtils.java:logGet(46)) - raft.server.log.statemachine.data.sync = true (default)
2024-02-22 20:33:41,251 [86ab988c-fa9c-425d-a1c6-9004ff7fd93d-groupManagement] INFO  server.RaftServerConfigKeys (ConfUtils.java:logGet(46)) - raft.server.log.statemachine.data.sync.timeout = 10s (default)
2024-02-22 20:33:41,251 [86ab988c-fa9c-425d-a1c6-9004ff7fd93d-groupManagement] INFO  server.RaftServerConfigKeys (ConfUtils.java:logGet(46)) - raft.server.log.statemachine.data.sync.timeout.retry = 0 (custom)
2024-02-22 20:33:41,251 [86ab988c-fa9c-425d-a1c6-9004ff7fd93d-groupManagement] INFO  server.RaftServerConfigKeys (ConfUtils.java:logGet(46)) - raft.server.log.write.buffer.size = 8388616 (custom)
2024-02-22 20:33:41,252 [e46a6e51-795f-4801-a523-c45a6c7f2c34-PipelineCommandHandlerThread-0] INFO  commandhandler.CreatePipelineCommandHandler (CreatePipelineCommandHandler.java:lambda$handle$2(124)) - Created Pipeline RATIS THREE PipelineID=0077ebc2-8b09-4842-8a13-83d984655c73.
2024-02-22 20:33:41,253 [e46a6e51-795f-4801-a523-c45a6c7f2c34-PipelineCommandHandlerThread-0] INFO  server.RaftServer (RaftServerProxy.java:addNew(100)) - e46a6e51-795f-4801-a523-c45a6c7f2c34: addNew group-1944BBB8D763:[86ab988c-fa9c-425d-a1c6-9004ff7fd93d|10.1.0.33:15059, e46a6e51-795f-4801-a523-c45a6c7f2c34|10.1.0.33:15014, e780b093-7242-46d7-bd8f-0f810188c7b3|10.1.0.33:15095] returns group-1944BBB8D763:java.util.concurrent.CompletableFuture@3183cf47[Not completed]
2024-02-22 20:33:41,253 [86ab988c-fa9c-425d-a1c6-9004ff7fd93d-groupManagement] INFO  server.RaftServerConfigKeys (ConfUtils.java:logGet(46)) - raft.server.log.appender.buffer.byte-limit = 8388608 (custom)
2024-02-22 20:33:41,253 [86ab988c-fa9c-425d-a1c6-9004ff7fd93d-groupManagement] INFO  server.RaftServerConfigKeys (ConfUtils.java:logGet(46)) - raft.server.log.unsafe-flush.enabled = false (default)
2024-02-22 20:33:41,253 [86ab988c-fa9c-425d-a1c6-9004ff7fd93d-groupManagement] INFO  server.RaftServerConfigKeys (ConfUtils.java:logGet(46)) - raft.server.log.async-flush.enabled = false (default)
2024-02-22 20:33:41,254 [86ab988c-fa9c-425d-a1c6-9004ff7fd93d-groupManagement] INFO  server.RaftServerConfigKeys (ConfUtils.java:logGet(46)) - raft.server.log.statemachine.data.caching.enabled = true (custom)
2024-02-22 20:33:41,254 [e46a6e51-795f-4801-a523-c45a6c7f2c34-groupManagement] INFO  server.RaftServer$Division (RaftServerImpl.java:<init>(256)) - e46a6e51-795f-4801-a523-c45a6c7f2c34: new RaftServerImpl for group-1944BBB8D763:[86ab988c-fa9c-425d-a1c6-9004ff7fd93d|10.1.0.33:15059, e46a6e51-795f-4801-a523-c45a6c7f2c34|10.1.0.33:15014, e780b093-7242-46d7-bd8f-0f810188c7b3|10.1.0.33:15095] with ContainerStateMachine:uninitialized
2024-02-22 20:33:41,254 [e46a6e51-795f-4801-a523-c45a6c7f2c34-groupManagement] INFO  server.RaftServerConfigKeys (ConfUtils.java:logGet(46)) - raft.server.rpc.timeout.min = 5s (custom)
2024-02-22 20:33:41,254 [e46a6e51-795f-4801-a523-c45a6c7f2c34-groupManagement] INFO  server.RaftServerConfigKeys (ConfUtils.java:logGet(46)) - raft.server.rpc.timeout.max = 5200ms (custom)
2024-02-22 20:33:41,254 [e46a6e51-795f-4801-a523-c45a6c7f2c34-groupManagement] INFO  server.RaftServerConfigKeys (ConfUtils.java:logGet(46)) - raft.server.rpc.sleep.time = 25ms (default)
2024-02-22 20:33:41,254 [e46a6e51-795f-4801-a523-c45a6c7f2c34-groupManagement] INFO  server.RaftServerConfigKeys (ConfUtils.java:logGet(46)) - raft.server.rpc.slowness.timeout = 300s (custom)
2024-02-22 20:33:41,254 [e46a6e51-795f-4801-a523-c45a6c7f2c34-groupManagement] INFO  server.RaftServerConfigKeys (ConfUtils.java:logGet(46)) - raft.server.leaderelection.leader.step-down.wait-time = 10s (default)
2024-02-22 20:33:41,254 [e46a6e51-795f-4801-a523-c45a6c7f2c34-groupManagement] INFO  server.RaftServerConfigKeys (ConfUtils.java:logGet(46)) - raft.server.leaderelection.member.majority-add = false (default)
2024-02-22 20:33:41,254 [e46a6e51-795f-4801-a523-c45a6c7f2c34-groupManagement] INFO  server.RaftServerConfigKeys (ConfUtils.java:logGet(46)) - raft.server.sleep.deviation.threshold = 300ms (default)
2024-02-22 20:33:41,255 [e46a6e51-795f-4801-a523-c45a6c7f2c34-groupManagement] INFO  server.RaftServer$Division (ServerState.java:<init>(113)) - e46a6e51-795f-4801-a523-c45a6c7f2c34@group-1944BBB8D763: ConfigurationManager, init=-1: peers:[86ab988c-fa9c-425d-a1c6-9004ff7fd93d|10.1.0.33:15059, e46a6e51-795f-4801-a523-c45a6c7f2c34|10.1.0.33:15014, e780b093-7242-46d7-bd8f-0f810188c7b3|10.1.0.33:15095]|listeners:[], old=null, confs=<EMPTY_MAP>
2024-02-22 20:33:41,255 [e46a6e51-795f-4801-a523-c45a6c7f2c34-groupManagement] INFO  server.RaftServerConfigKeys (ConfUtils.java:logGet(46)) - raft.server.notification.no-leader.timeout = 300s (custom)
2024-02-22 20:33:41,255 [e46a6e51-795f-4801-a523-c45a6c7f2c34-groupManagement] INFO  server.RaftServerConfigKeys (ConfUtils.java:logGet(46)) - raft.server.read.timeout = 10s (default)
2024-02-22 20:33:41,255 [e46a6e51-795f-4801-a523-c45a6c7f2c34-groupManagement] INFO  server.RaftServerConfigKeys (ConfUtils.java:logGet(46)) - raft.server.retrycache.expirytime = 600000ms (custom)
2024-02-22 20:33:41,255 [e46a6e51-795f-4801-a523-c45a6c7f2c34-groupManagement] INFO  server.RaftServerConfigKeys (ConfUtils.java:logGet(46)) - raft.server.retrycache.statistics.expirytime = 100ms (default)
2024-02-22 20:33:41,255 [e46a6e51-795f-4801-a523-c45a6c7f2c34-groupManagement] INFO  server.RaftServerConfigKeys (ConfUtils.java:logGet(46)) - raft.server.read.option = DEFAULT (default)
2024-02-22 20:33:41,255 [e46a6e51-795f-4801-a523-c45a6c7f2c34-groupManagement] INFO  server.RaftServerConfigKeys (ConfUtils.java:logGet(46)) - raft.server.read.read-after-write-consistent.write-index-cache.expiry-time = 60s (default)
2024-02-22 20:33:41,256 [86ab988c-fa9c-425d-a1c6-9004ff7fd93d-groupManagement] INFO  segmented.SegmentedRaftLogWorker (SegmentedRaftLogWorker.java:lambda$new$0(134)) - 86ab988c-fa9c-425d-a1c6-9004ff7fd93d@group-1944BBB8D763-SegmentedRaftLogWorker: flushIndex: setUnconditionally 0 -> -1
2024-02-22 20:33:41,256 [86ab988c-fa9c-425d-a1c6-9004ff7fd93d-groupManagement] INFO  segmented.SegmentedRaftLogWorker (SegmentedRaftLogWorker.java:lambda$new$0(134)) - 86ab988c-fa9c-425d-a1c6-9004ff7fd93d@group-1944BBB8D763-SegmentedRaftLogWorker: safeCacheEvictIndex: setUnconditionally 0 -> -1
2024-02-22 20:33:41,257 [13f92446-3b18-4d81-bc66-0f9b00220e72-groupManagement] INFO  server.RaftServerConfigKeys (ConfUtils.java:logGet(46)) - raft.server.log.appender.buffer.byte-limit = 8388608 (custom)
2024-02-22 20:33:41,257 [13f92446-3b18-4d81-bc66-0f9b00220e72-groupManagement] INFO  server.RaftServerConfigKeys (ConfUtils.java:logGet(46)) - raft.server.log.unsafe-flush.enabled = false (default)
2024-02-22 20:33:41,257 [13f92446-3b18-4d81-bc66-0f9b00220e72-groupManagement] INFO  server.RaftServerConfigKeys (ConfUtils.java:logGet(46)) - raft.server.log.async-flush.enabled = false (default)
2024-02-22 20:33:41,257 [13f92446-3b18-4d81-bc66-0f9b00220e72-groupManagement] INFO  server.RaftServerConfigKeys (ConfUtils.java:logGet(46)) - raft.server.log.statemachine.data.caching.enabled = true (custom)
2024-02-22 20:33:41,257 [13f92446-3b18-4d81-bc66-0f9b00220e72-groupManagement] INFO  segmented.SegmentedRaftLogWorker (SegmentedRaftLogWorker.java:lambda$new$0(134)) - 13f92446-3b18-4d81-bc66-0f9b00220e72@group-F0C26C70F6EA-SegmentedRaftLogWorker: flushIndex: setUnconditionally 0 -> -1
2024-02-22 20:33:41,257 [13f92446-3b18-4d81-bc66-0f9b00220e72-groupManagement] INFO  segmented.SegmentedRaftLogWorker (SegmentedRaftLogWorker.java:lambda$new$0(134)) - 13f92446-3b18-4d81-bc66-0f9b00220e72@group-F0C26C70F6EA-SegmentedRaftLogWorker: safeCacheEvictIndex: setUnconditionally 0 -> -1
2024-02-22 20:33:41,259 [e46a6e51-795f-4801-a523-c45a6c7f2c34-groupManagement] INFO  server.RaftServerConfigKeys (ConfUtils.java:logGet(46)) - raft.server.rpc.request.timeout = 60s (custom)
2024-02-22 20:33:41,262 [78f89d9b-e409-4704-890b-bfcfbcdfd28a-groupManagement] INFO  impl.RoleInfo (RoleInfo.java:updateAndGet(139)) - 78f89d9b-e409-4704-890b-bfcfbcdfd28a: start 78f89d9b-e409-4704-890b-bfcfbcdfd28a@group-9D5BCF0FDB08-FollowerState
2024-02-22 20:33:41,263 [e46a6e51-795f-4801-a523-c45a6c7f2c34-groupManagement] INFO  server.RaftServerConfigKeys (ConfUtils.java:logGet(46)) - raft.server.log.appender.install.snapshot.enabled = false (custom)
2024-02-22 20:33:41,263 [e46a6e51-795f-4801-a523-c45a6c7f2c34-groupManagement] INFO  server.RaftServerConfigKeys (ConfUtils.java:logGet(46)) - raft.server.threadpool.server.cached = true (default)
2024-02-22 20:33:41,263 [e46a6e51-795f-4801-a523-c45a6c7f2c34-groupManagement] INFO  server.RaftServerConfigKeys (ConfUtils.java:logGet(46)) - raft.server.threadpool.server.size = 0 (default)
2024-02-22 20:33:41,264 [e46a6e51-795f-4801-a523-c45a6c7f2c34-groupManagement] INFO  server.RaftServerConfigKeys (ConfUtils.java:logGet(46)) - raft.server.threadpool.client.cached = true (default)
2024-02-22 20:33:41,264 [e46a6e51-795f-4801-a523-c45a6c7f2c34-groupManagement] INFO  server.RaftServerConfigKeys (ConfUtils.java:logGet(46)) - raft.server.threadpool.client.size = 0 (default)
2024-02-22 20:33:41,264 [e46a6e51-795f-4801-a523-c45a6c7f2c34-groupManagement] INFO  server.RaftServerConfigKeys (ConfUtils.java:logGet(46)) - raft.server.storage.free-space.min = 0MB (=0) (default)
2024-02-22 20:33:41,262 [d25dc3b0-28fc-4383-b1a0-617845025f41-groupManagement] INFO  util.AwaitToRun (AwaitToRun.java:start(81)) - Thread[d25dc3b0-28fc-4383-b1a0-617845025f41@group-8820B9A2DC65-cacheEviction-AwaitToRun,5,main] started
2024-02-22 20:33:41,265 [d25dc3b0-28fc-4383-b1a0-617845025f41-groupManagement] INFO  segmented.SegmentedRaftLogWorker (SegmentedRaftLogWorker.java:<init>(182)) - new d25dc3b0-28fc-4383-b1a0-617845025f41@group-8820B9A2DC65-SegmentedRaftLogWorker for RaftStorageImpl:Storage Directory /home/runner/work/ozone/ozone/hadoop-ozone/integration-test/target/test-dir/MiniOzoneClusterImpl-a0fc024b-a492-45a5-9697-b0d14f72cb5c/datanode-2/data/ratis/045ea6be-5c70-427a-91cd-8820b9a2dc65
2024-02-22 20:33:41,265 [d25dc3b0-28fc-4383-b1a0-617845025f41-groupManagement] INFO  server.RaftServerConfigKeys (ConfUtils.java:logGet(46)) - raft.server.log.queue.byte-limit = 4294967296 (custom)
2024-02-22 20:33:41,265 [d25dc3b0-28fc-4383-b1a0-617845025f41-groupManagement] INFO  server.RaftServerConfigKeys (ConfUtils.java:logGet(46)) - raft.server.log.queue.element-limit = 1024 (custom)
2024-02-22 20:33:41,265 [d25dc3b0-28fc-4383-b1a0-617845025f41-groupManagement] INFO  server.RaftServerConfigKeys (ConfUtils.java:logGet(46)) - raft.server.log.segment.size.max = 67108864 (custom)
2024-02-22 20:33:41,265 [d25dc3b0-28fc-4383-b1a0-617845025f41-groupManagement] INFO  server.RaftServerConfigKeys (ConfUtils.java:logGet(46)) - raft.server.log.preallocated.size = 4194304 (custom)
2024-02-22 20:33:41,265 [d25dc3b0-28fc-4383-b1a0-617845025f41-groupManagement] INFO  server.RaftServerConfigKeys (ConfUtils.java:logGet(46)) - raft.server.log.force.sync.num = 128 (default)
2024-02-22 20:33:41,265 [d25dc3b0-28fc-4383-b1a0-617845025f41-groupManagement] INFO  server.RaftServerConfigKeys (ConfUtils.java:logGet(46)) - raft.server.log.statemachine.data.sync = true (default)
2024-02-22 20:33:41,265 [d25dc3b0-28fc-4383-b1a0-617845025f41-groupManagement] INFO  server.RaftServerConfigKeys (ConfUtils.java:logGet(46)) - raft.server.log.statemachine.data.sync.timeout = 10s (default)
2024-02-22 20:33:41,265 [d25dc3b0-28fc-4383-b1a0-617845025f41-groupManagement] INFO  server.RaftServerConfigKeys (ConfUtils.java:logGet(46)) - raft.server.log.statemachine.data.sync.timeout.retry = 0 (custom)
2024-02-22 20:33:41,266 [d25dc3b0-28fc-4383-b1a0-617845025f41-groupManagement] INFO  server.RaftServerConfigKeys (ConfUtils.java:logGet(46)) - raft.server.log.write.buffer.size = 8388616 (custom)
2024-02-22 20:33:41,262 [923be64f-71f4-4891-b05d-82ff5a9df5b5-groupManagement] INFO  server.RaftServer$Division (RaftServerImpl.java:start(396)) - 923be64f-71f4-4891-b05d-82ff5a9df5b5@group-BDBAD3AB70B4: start as a follower, conf=-1: peers:[923be64f-71f4-4891-b05d-82ff5a9df5b5|10.1.0.33:15023, e46a6e51-795f-4801-a523-c45a6c7f2c34|10.1.0.33:15014, dc26353c-d48a-467d-89cd-3a7c4b626396|10.1.0.33:15050]|listeners:[], old=null
2024-02-22 20:33:41,264 [e46a6e51-795f-4801-a523-c45a6c7f2c34-groupManagement] INFO  server.RaftServerConfigKeys (ConfUtils.java:logGet(46)) - raft.server.log.corruption.policy = EXCEPTION (default)
2024-02-22 20:33:41,266 [e46a6e51-795f-4801-a523-c45a6c7f2c34-groupManagement] INFO  server.RaftServerConfigKeys (ConfUtils.java:logGet(46)) - raft.server.storage.dir = [/home/runner/work/ozone/ozone/hadoop-ozone/integration-test/target/test-dir/MiniOzoneClusterImpl-a0fc024b-a492-45a5-9697-b0d14f72cb5c/datanode-0/data/ratis] (custom)
2024-02-22 20:33:41,267 [e46a6e51-795f-4801-a523-c45a6c7f2c34-groupManagement] INFO  storage.RaftStorageDirectory (RaftStorageDirectoryImpl.java:analyzeStorage(138)) - The storage directory /home/runner/work/ozone/ozone/hadoop-ozone/integration-test/target/test-dir/MiniOzoneClusterImpl-a0fc024b-a492-45a5-9697-b0d14f72cb5c/datanode-0/data/ratis/567d6c0b-0c61-46d9-a73e-1944bbb8d763 does not exist. Creating ...
2024-02-22 20:33:41,267 [d25dc3b0-28fc-4383-b1a0-617845025f41-groupManagement] INFO  server.RaftServerConfigKeys (ConfUtils.java:logGet(46)) - raft.server.log.appender.buffer.byte-limit = 8388608 (custom)
2024-02-22 20:33:41,264 [EventQueue-OpenPipelineForHealthyPipelineSafeModeRule] INFO  safemode.SCMSafeModeManager (HealthyPipelineSafeModeRule.java:process(140)) - SCM in safe mode. Healthy pipelines reported count is 0, required healthy pipeline reported count is 1
2024-02-22 20:33:41,268 [EventQueue-OpenPipelineForHealthyPipelineSafeModeRule] INFO  safemode.SCMSafeModeManager (HealthyPipelineSafeModeRule.java:process(140)) - SCM in safe mode. Healthy pipelines reported count is 0, required healthy pipeline reported count is 1
2024-02-22 20:33:41,267 [d25dc3b0-28fc-4383-b1a0-617845025f41-groupManagement] INFO  server.RaftServerConfigKeys (ConfUtils.java:logGet(46)) - raft.server.log.unsafe-flush.enabled = false (default)
2024-02-22 20:33:41,268 [d25dc3b0-28fc-4383-b1a0-617845025f41-groupManagement] INFO  server.RaftServerConfigKeys (ConfUtils.java:logGet(46)) - raft.server.log.async-flush.enabled = false (default)
2024-02-22 20:33:41,268 [d25dc3b0-28fc-4383-b1a0-617845025f41-groupManagement] INFO  server.RaftServerConfigKeys (ConfUtils.java:logGet(46)) - raft.server.log.statemachine.data.caching.enabled = true (custom)
2024-02-22 20:33:41,268 [d25dc3b0-28fc-4383-b1a0-617845025f41-groupManagement] INFO  segmented.SegmentedRaftLogWorker (SegmentedRaftLogWorker.java:lambda$new$0(134)) - d25dc3b0-28fc-4383-b1a0-617845025f41@group-8820B9A2DC65-SegmentedRaftLogWorker: flushIndex: setUnconditionally 0 -> -1
2024-02-22 20:33:41,266 [923be64f-71f4-4891-b05d-82ff5a9df5b5-groupManagement] INFO  server.RaftServer$Division (RaftServerImpl.java:setRole(383)) - 923be64f-71f4-4891-b05d-82ff5a9df5b5@group-BDBAD3AB70B4: changes role from      null to FOLLOWER at term 0 for startAsFollower
2024-02-22 20:33:41,268 [d25dc3b0-28fc-4383-b1a0-617845025f41-groupManagement] INFO  segmented.SegmentedRaftLogWorker (SegmentedRaftLogWorker.java:lambda$new$0(134)) - d25dc3b0-28fc-4383-b1a0-617845025f41@group-8820B9A2DC65-SegmentedRaftLogWorker: safeCacheEvictIndex: setUnconditionally 0 -> -1
2024-02-22 20:33:41,268 [EventQueue-OpenPipelineForHealthyPipelineSafeModeRule] INFO  safemode.SCMSafeModeManager (HealthyPipelineSafeModeRule.java:process(140)) - SCM in safe mode. Healthy pipelines reported count is 0, required healthy pipeline reported count is 1
2024-02-22 20:33:41,269 [e46a6e51-795f-4801-a523-c45a6c7f2c34-groupManagement] INFO  storage.RaftStorageDirectory (RaftStorageDirectoryImpl.java:tryLock(228)) - Lock on /home/runner/work/ozone/ozone/hadoop-ozone/integration-test/target/test-dir/MiniOzoneClusterImpl-a0fc024b-a492-45a5-9697-b0d14f72cb5c/datanode-0/data/ratis/567d6c0b-0c61-46d9-a73e-1944bbb8d763/in_use.lock acquired by nodename 30552@fv-az779-213
2024-02-22 20:33:41,270 [13f92446-3b18-4d81-bc66-0f9b00220e72-groupManagement] INFO  server.RaftServer$Division (RaftServerImpl.java:start(396)) - 13f92446-3b18-4d81-bc66-0f9b00220e72@group-F0C26C70F6EA: start as a follower, conf=-1: peers:[13f92446-3b18-4d81-bc66-0f9b00220e72|10.1.0.33:15077]|listeners:[], old=null
2024-02-22 20:33:41,270 [13f92446-3b18-4d81-bc66-0f9b00220e72-groupManagement] INFO  server.RaftServer$Division (RaftServerImpl.java:setRole(383)) - 13f92446-3b18-4d81-bc66-0f9b00220e72@group-F0C26C70F6EA: changes role from      null to FOLLOWER at term 0 for startAsFollower
2024-02-22 20:33:41,270 [13f92446-3b18-4d81-bc66-0f9b00220e72-groupManagement] INFO  impl.RoleInfo (RoleInfo.java:updateAndGet(139)) - 13f92446-3b18-4d81-bc66-0f9b00220e72: start 13f92446-3b18-4d81-bc66-0f9b00220e72@group-F0C26C70F6EA-FollowerState
2024-02-22 20:33:41,271 [13f92446-3b18-4d81-bc66-0f9b00220e72-groupManagement] INFO  util.JmxRegister (JmxRegister.java:tryRegister(44)) - Successfully registered JMX Bean with object name Ratis:service=RaftServer,group=group-F0C26C70F6EA,id=13f92446-3b18-4d81-bc66-0f9b00220e72
2024-02-22 20:33:41,271 [13f92446-3b18-4d81-bc66-0f9b00220e72-groupManagement] INFO  server.RaftServerConfigKeys (ConfUtils.java:logGet(46)) - raft.server.snapshot.trigger-when-stop.enabled = true (default)
2024-02-22 20:33:41,271 [13f92446-3b18-4d81-bc66-0f9b00220e72-groupManagement] INFO  server.RaftServerConfigKeys (ConfUtils.java:logGet(46)) - raft.server.snapshot.auto.trigger.enabled = true (custom)
2024-02-22 20:33:41,271 [13f92446-3b18-4d81-bc66-0f9b00220e72-groupManagement] INFO  server.RaftServerConfigKeys (ConfUtils.java:logGet(46)) - raft.server.snapshot.auto.trigger.threshold = 10000 (custom)
2024-02-22 20:33:41,271 [13f92446-3b18-4d81-bc66-0f9b00220e72-groupManagement] INFO  server.RaftServerConfigKeys (ConfUtils.java:logGet(46)) - raft.server.snapshot.retention.file.num = 5 (custom)
2024-02-22 20:33:41,271 [13f92446-3b18-4d81-bc66-0f9b00220e72-groupManagement] INFO  server.RaftServerConfigKeys (ConfUtils.java:logGet(46)) - raft.server.log.purge.upto.snapshot.index = false (default)
2024-02-22 20:33:41,272 [e46a6e51-795f-4801-a523-c45a6c7f2c34-groupManagement] INFO  storage.RaftStorage (RaftStorageImpl.java:format(99)) - Storage directory /home/runner/work/ozone/ozone/hadoop-ozone/integration-test/target/test-dir/MiniOzoneClusterImpl-a0fc024b-a492-45a5-9697-b0d14f72cb5c/datanode-0/data/ratis/567d6c0b-0c61-46d9-a73e-1944bbb8d763 has been successfully formatted.
2024-02-22 20:33:41,279 [86ab988c-fa9c-425d-a1c6-9004ff7fd93d-groupManagement] INFO  server.RaftServer$Division (RaftServerImpl.java:start(396)) - 86ab988c-fa9c-425d-a1c6-9004ff7fd93d@group-1944BBB8D763: start as a follower, conf=-1: peers:[86ab988c-fa9c-425d-a1c6-9004ff7fd93d|10.1.0.33:15059, e46a6e51-795f-4801-a523-c45a6c7f2c34|10.1.0.33:15014, e780b093-7242-46d7-bd8f-0f810188c7b3|10.1.0.33:15095]|listeners:[], old=null
2024-02-22 20:33:41,279 [86ab988c-fa9c-425d-a1c6-9004ff7fd93d-groupManagement] INFO  server.RaftServer$Division (RaftServerImpl.java:setRole(383)) - 86ab988c-fa9c-425d-a1c6-9004ff7fd93d@group-1944BBB8D763: changes role from      null to FOLLOWER at term 0 for startAsFollower
2024-02-22 20:33:41,277 [grpc-default-executor-2] INFO  server.RaftServer (RaftServerProxy.java:addNew(100)) - 78f89d9b-e409-4704-890b-bfcfbcdfd28a: addNew group-8820B9A2DC65:[78f89d9b-e409-4704-890b-bfcfbcdfd28a|10.1.0.33:15086, d25dc3b0-28fc-4383-b1a0-617845025f41|10.1.0.33:15032, 4e8f68d6-fd98-4f77-87e3-715939181693|10.1.0.33:15041] returns group-8820B9A2DC65:java.util.concurrent.CompletableFuture@25cb9043[Not completed]
2024-02-22 20:33:41,272 [13f92446-3b18-4d81-bc66-0f9b00220e72-PipelineCommandHandlerThread-0] INFO  ratis.XceiverServerRatis (XceiverServerRatis.java:addGroup(864)) - Created group PipelineID=014e79b4-2d53-4af7-bdbb-f0c26c70f6ea
2024-02-22 20:33:41,279 [13f92446-3b18-4d81-bc66-0f9b00220e72-PipelineCommandHandlerThread-0] INFO  commandhandler.CreatePipelineCommandHandler (CreatePipelineCommandHandler.java:lambda$handle$2(124)) - Created Pipeline RATIS ONE PipelineID=014e79b4-2d53-4af7-bdbb-f0c26c70f6ea.
2024-02-22 20:33:41,280 [13f92446-3b18-4d81-bc66-0f9b00220e72-PipelineCommandHandlerThread-0] INFO  server.RaftServer (RaftServerProxy.java:addNew(100)) - 13f92446-3b18-4d81-bc66-0f9b00220e72: addNew group-C6933685B048:[86ab988c-fa9c-425d-a1c6-9004ff7fd93d|10.1.0.33:15059, c30fedce-f286-40e0-881d-3d5a9a6e2463|10.1.0.33:15068, 13f92446-3b18-4d81-bc66-0f9b00220e72|10.1.0.33:15077] returns group-C6933685B048:java.util.concurrent.CompletableFuture@63a106a[Not completed]
2024-02-22 20:33:41,272 [13f92446-3b18-4d81-bc66-0f9b00220e72@group-F0C26C70F6EA-FollowerState] INFO  server.RaftServerConfigKeys (ConfUtils.java:logFallback(53)) - raft.server.rpc.first-election.timeout.min = 5s (fallback to raft.server.rpc.timeout.min)
2024-02-22 20:33:41,280 [13f92446-3b18-4d81-bc66-0f9b00220e72@group-F0C26C70F6EA-FollowerState] INFO  server.RaftServerConfigKeys (ConfUtils.java:logFallback(53)) - raft.server.rpc.first-election.timeout.max = 5200ms (fallback to raft.server.rpc.timeout.max)
2024-02-22 20:33:41,281 [e46a6e51-795f-4801-a523-c45a6c7f2c34-groupManagement] WARN  util.FileUtils (LogUtils.java:supplyAndLog(63)) - Failed to Files.newInputStream /home/runner/work/ozone/ozone/hadoop-ozone/integration-test/target/test-dir/MiniOzoneClusterImpl-a0fc024b-a492-45a5-9697-b0d14f72cb5c/datanode-0/data/ratis/567d6c0b-0c61-46d9-a73e-1944bbb8d763/current/raft-meta.conf with options []: java.nio.file.NoSuchFileException: /home/runner/work/ozone/ozone/hadoop-ozone/integration-test/target/test-dir/MiniOzoneClusterImpl-a0fc024b-a492-45a5-9697-b0d14f72cb5c/datanode-0/data/ratis/567d6c0b-0c61-46d9-a73e-1944bbb8d763/current/raft-meta.conf
2024-02-22 20:33:41,281 [13f92446-3b18-4d81-bc66-0f9b00220e72-groupManagement] INFO  server.RaftServer$Division (RaftServerImpl.java:<init>(256)) - 13f92446-3b18-4d81-bc66-0f9b00220e72: new RaftServerImpl for group-C6933685B048:[86ab988c-fa9c-425d-a1c6-9004ff7fd93d|10.1.0.33:15059, c30fedce-f286-40e0-881d-3d5a9a6e2463|10.1.0.33:15068, 13f92446-3b18-4d81-bc66-0f9b00220e72|10.1.0.33:15077] with ContainerStateMachine:uninitialized
2024-02-22 20:33:41,281 [13f92446-3b18-4d81-bc66-0f9b00220e72-groupManagement] INFO  server.RaftServerConfigKeys (ConfUtils.java:logGet(46)) - raft.server.rpc.timeout.min = 5s (custom)
2024-02-22 20:33:41,281 [13f92446-3b18-4d81-bc66-0f9b00220e72-groupManagement] INFO  server.RaftServerConfigKeys (ConfUtils.java:logGet(46)) - raft.server.rpc.timeout.max = 5200ms (custom)
2024-02-22 20:33:41,281 [13f92446-3b18-4d81-bc66-0f9b00220e72-groupManagement] INFO  server.RaftServerConfigKeys (ConfUtils.java:logGet(46)) - raft.server.rpc.sleep.time = 25ms (default)
2024-02-22 20:33:41,281 [13f92446-3b18-4d81-bc66-0f9b00220e72-groupManagement] INFO  server.RaftServerConfigKeys (ConfUtils.java:logGet(46)) - raft.server.rpc.slowness.timeout = 300s (custom)
2024-02-22 20:33:41,281 [13f92446-3b18-4d81-bc66-0f9b00220e72-groupManagement] INFO  server.RaftServerConfigKeys (ConfUtils.java:logGet(46)) - raft.server.leaderelection.leader.step-down.wait-time = 10s (default)
2024-02-22 20:33:41,281 [13f92446-3b18-4d81-bc66-0f9b00220e72-groupManagement] INFO  server.RaftServerConfigKeys (ConfUtils.java:logGet(46)) - raft.server.leaderelection.member.majority-add = false (default)
2024-02-22 20:33:41,282 [13f92446-3b18-4d81-bc66-0f9b00220e72-groupManagement] INFO  server.RaftServerConfigKeys (ConfUtils.java:logGet(46)) - raft.server.sleep.deviation.threshold = 300ms (default)
2024-02-22 20:33:41,282 [13f92446-3b18-4d81-bc66-0f9b00220e72-groupManagement] INFO  server.RaftServer$Division (ServerState.java:<init>(113)) - 13f92446-3b18-4d81-bc66-0f9b00220e72@group-C6933685B048: ConfigurationManager, init=-1: peers:[86ab988c-fa9c-425d-a1c6-9004ff7fd93d|10.1.0.33:15059, c30fedce-f286-40e0-881d-3d5a9a6e2463|10.1.0.33:15068, 13f92446-3b18-4d81-bc66-0f9b00220e72|10.1.0.33:15077]|listeners:[], old=null, confs=<EMPTY_MAP>
2024-02-22 20:33:41,282 [13f92446-3b18-4d81-bc66-0f9b00220e72-groupManagement] INFO  server.RaftServerConfigKeys (ConfUtils.java:logGet(46)) - raft.server.notification.no-leader.timeout = 300s (custom)
2024-02-22 20:33:41,282 [13f92446-3b18-4d81-bc66-0f9b00220e72-groupManagement] INFO  server.RaftServerConfigKeys (ConfUtils.java:logGet(46)) - raft.server.read.timeout = 10s (default)
2024-02-22 20:33:41,282 [13f92446-3b18-4d81-bc66-0f9b00220e72-groupManagement] INFO  server.RaftServerConfigKeys (ConfUtils.java:logGet(46)) - raft.server.retrycache.expirytime = 600000ms (custom)
2024-02-22 20:33:41,282 [13f92446-3b18-4d81-bc66-0f9b00220e72-groupManagement] INFO  server.RaftServerConfigKeys (ConfUtils.java:logGet(46)) - raft.server.retrycache.statistics.expirytime = 100ms (default)
2024-02-22 20:33:41,282 [13f92446-3b18-4d81-bc66-0f9b00220e72-groupManagement] INFO  server.RaftServerConfigKeys (ConfUtils.java:logGet(46)) - raft.server.read.option = DEFAULT (default)
2024-02-22 20:33:41,282 [13f92446-3b18-4d81-bc66-0f9b00220e72-groupManagement] INFO  server.RaftServerConfigKeys (ConfUtils.java:logGet(46)) - raft.server.read.read-after-write-consistent.write-index-cache.expiry-time = 60s (default)
2024-02-22 20:33:41,284 [d25dc3b0-28fc-4383-b1a0-617845025f41-groupManagement] INFO  server.RaftServer$Division (RaftServerImpl.java:start(396)) - d25dc3b0-28fc-4383-b1a0-617845025f41@group-8820B9A2DC65: start as a follower, conf=-1: peers:[78f89d9b-e409-4704-890b-bfcfbcdfd28a|10.1.0.33:15086, d25dc3b0-28fc-4383-b1a0-617845025f41|10.1.0.33:15032, 4e8f68d6-fd98-4f77-87e3-715939181693|10.1.0.33:15041]|listeners:[], old=null
2024-02-22 20:33:41,284 [d25dc3b0-28fc-4383-b1a0-617845025f41-groupManagement] INFO  server.RaftServer$Division (RaftServerImpl.java:setRole(383)) - d25dc3b0-28fc-4383-b1a0-617845025f41@group-8820B9A2DC65: changes role from      null to FOLLOWER at term 0 for startAsFollower
2024-02-22 20:33:41,284 [d25dc3b0-28fc-4383-b1a0-617845025f41-groupManagement] INFO  impl.RoleInfo (RoleInfo.java:updateAndGet(139)) - d25dc3b0-28fc-4383-b1a0-617845025f41: start d25dc3b0-28fc-4383-b1a0-617845025f41@group-8820B9A2DC65-FollowerState
2024-02-22 20:33:41,285 [13f92446-3b18-4d81-bc66-0f9b00220e72-groupManagement] INFO  server.RaftServerConfigKeys (ConfUtils.java:logGet(46)) - raft.server.rpc.request.timeout = 60s (custom)
2024-02-22 20:33:41,285 [13f92446-3b18-4d81-bc66-0f9b00220e72-groupManagement] INFO  server.RaftServerConfigKeys (ConfUtils.java:logGet(46)) - raft.server.log.appender.install.snapshot.enabled = false (custom)
2024-02-22 20:33:41,285 [13f92446-3b18-4d81-bc66-0f9b00220e72-groupManagement] INFO  server.RaftServerConfigKeys (ConfUtils.java:logGet(46)) - raft.server.threadpool.server.cached = true (default)
2024-02-22 20:33:41,285 [13f92446-3b18-4d81-bc66-0f9b00220e72-groupManagement] INFO  server.RaftServerConfigKeys (ConfUtils.java:logGet(46)) - raft.server.threadpool.server.size = 0 (default)
2024-02-22 20:33:41,285 [13f92446-3b18-4d81-bc66-0f9b00220e72-groupManagement] INFO  server.RaftServerConfigKeys (ConfUtils.java:logGet(46)) - raft.server.threadpool.client.cached = true (default)
2024-02-22 20:33:41,285 [13f92446-3b18-4d81-bc66-0f9b00220e72-groupManagement] INFO  server.RaftServerConfigKeys (ConfUtils.java:logGet(46)) - raft.server.threadpool.client.size = 0 (default)
2024-02-22 20:33:41,285 [13f92446-3b18-4d81-bc66-0f9b00220e72-groupManagement] INFO  server.RaftServerConfigKeys (ConfUtils.java:logGet(46)) - raft.server.storage.free-space.min = 0MB (=0) (default)
2024-02-22 20:33:41,286 [13f92446-3b18-4d81-bc66-0f9b00220e72-groupManagement] INFO  server.RaftServerConfigKeys (ConfUtils.java:logGet(46)) - raft.server.log.corruption.policy = EXCEPTION (default)
2024-02-22 20:33:41,286 [13f92446-3b18-4d81-bc66-0f9b00220e72-groupManagement] INFO  server.RaftServerConfigKeys (ConfUtils.java:logGet(46)) - raft.server.storage.dir = [/home/runner/work/ozone/ozone/hadoop-ozone/integration-test/target/test-dir/MiniOzoneClusterImpl-a0fc024b-a492-45a5-9697-b0d14f72cb5c/datanode-7/data/ratis] (custom)
2024-02-22 20:33:41,286 [13f92446-3b18-4d81-bc66-0f9b00220e72-groupManagement] INFO  storage.RaftStorageDirectory (RaftStorageDirectoryImpl.java:analyzeStorage(138)) - The storage directory /home/runner/work/ozone/ozone/hadoop-ozone/integration-test/target/test-dir/MiniOzoneClusterImpl-a0fc024b-a492-45a5-9697-b0d14f72cb5c/datanode-7/data/ratis/724f0737-a92a-4fca-96d8-c6933685b048 does not exist. Creating ...
2024-02-22 20:33:41,286 [923be64f-71f4-4891-b05d-82ff5a9df5b5-groupManagement] INFO  impl.RoleInfo (RoleInfo.java:updateAndGet(139)) - 923be64f-71f4-4891-b05d-82ff5a9df5b5: start 923be64f-71f4-4891-b05d-82ff5a9df5b5@group-BDBAD3AB70B4-FollowerState
2024-02-22 20:33:41,286 [d25dc3b0-28fc-4383-b1a0-617845025f41-groupManagement] INFO  util.JmxRegister (JmxRegister.java:tryRegister(44)) - Successfully registered JMX Bean with object name Ratis:service=RaftServer,group=group-8820B9A2DC65,id=d25dc3b0-28fc-4383-b1a0-617845025f41
2024-02-22 20:33:41,287 [d25dc3b0-28fc-4383-b1a0-617845025f41-groupManagement] INFO  server.RaftServerConfigKeys (ConfUtils.java:logGet(46)) - raft.server.snapshot.trigger-when-stop.enabled = true (default)
2024-02-22 20:33:41,287 [d25dc3b0-28fc-4383-b1a0-617845025f41-groupManagement] INFO  server.RaftServerConfigKeys (ConfUtils.java:logGet(46)) - raft.server.snapshot.auto.trigger.enabled = true (custom)
2024-02-22 20:33:41,287 [d25dc3b0-28fc-4383-b1a0-617845025f41-groupManagement] INFO  server.RaftServerConfigKeys (ConfUtils.java:logGet(46)) - raft.server.snapshot.auto.trigger.threshold = 10000 (custom)
2024-02-22 20:33:41,287 [d25dc3b0-28fc-4383-b1a0-617845025f41-groupManagement] INFO  server.RaftServerConfigKeys (ConfUtils.java:logGet(46)) - raft.server.snapshot.retention.file.num = 5 (custom)
2024-02-22 20:33:41,287 [d25dc3b0-28fc-4383-b1a0-617845025f41-groupManagement] INFO  server.RaftServerConfigKeys (ConfUtils.java:logGet(46)) - raft.server.log.purge.upto.snapshot.index = false (default)
2024-02-22 20:33:41,287 [d25dc3b0-28fc-4383-b1a0-617845025f41@group-8820B9A2DC65-FollowerState] INFO  server.RaftServerConfigKeys (ConfUtils.java:logFallback(53)) - raft.server.rpc.first-election.timeout.min = 5s (fallback to raft.server.rpc.timeout.min)
2024-02-22 20:33:41,287 [13f92446-3b18-4d81-bc66-0f9b00220e72-groupManagement] INFO  storage.RaftStorageDirectory (RaftStorageDirectoryImpl.java:tryLock(228)) - Lock on /home/runner/work/ozone/ozone/hadoop-ozone/integration-test/target/test-dir/MiniOzoneClusterImpl-a0fc024b-a492-45a5-9697-b0d14f72cb5c/datanode-7/data/ratis/724f0737-a92a-4fca-96d8-c6933685b048/in_use.lock acquired by nodename 30552@fv-az779-213
2024-02-22 20:33:41,288 [923be64f-71f4-4891-b05d-82ff5a9df5b5-groupManagement] INFO  util.JmxRegister (JmxRegister.java:tryRegister(44)) - Successfully registered JMX Bean with object name Ratis:service=RaftServer,group=group-BDBAD3AB70B4,id=923be64f-71f4-4891-b05d-82ff5a9df5b5
2024-02-22 20:33:41,288 [923be64f-71f4-4891-b05d-82ff5a9df5b5-groupManagement] INFO  server.RaftServerConfigKeys (ConfUtils.java:logGet(46)) - raft.server.snapshot.trigger-when-stop.enabled = true (default)
2024-02-22 20:33:41,288 [923be64f-71f4-4891-b05d-82ff5a9df5b5-groupManagement] INFO  server.RaftServerConfigKeys (ConfUtils.java:logGet(46)) - raft.server.snapshot.auto.trigger.enabled = true (custom)
2024-02-22 20:33:41,288 [923be64f-71f4-4891-b05d-82ff5a9df5b5-groupManagement] INFO  server.RaftServerConfigKeys (ConfUtils.java:logGet(46)) - raft.server.snapshot.auto.trigger.threshold = 10000 (custom)
2024-02-22 20:33:41,288 [923be64f-71f4-4891-b05d-82ff5a9df5b5-groupManagement] INFO  server.RaftServerConfigKeys (ConfUtils.java:logGet(46)) - raft.server.snapshot.retention.file.num = 5 (custom)
2024-02-22 20:33:41,288 [923be64f-71f4-4891-b05d-82ff5a9df5b5-groupManagement] INFO  server.RaftServerConfigKeys (ConfUtils.java:logGet(46)) - raft.server.log.purge.upto.snapshot.index = false (default)
2024-02-22 20:33:41,288 [923be64f-71f4-4891-b05d-82ff5a9df5b5@group-BDBAD3AB70B4-FollowerState] INFO  server.RaftServerConfigKeys (ConfUtils.java:logFallback(53)) - raft.server.rpc.first-election.timeout.min = 5s (fallback to raft.server.rpc.timeout.min)
2024-02-22 20:33:41,288 [923be64f-71f4-4891-b05d-82ff5a9df5b5@group-BDBAD3AB70B4-FollowerState] INFO  server.RaftServerConfigKeys (ConfUtils.java:logFallback(53)) - raft.server.rpc.first-election.timeout.max = 5200ms (fallback to raft.server.rpc.timeout.max)
2024-02-22 20:33:41,288 [d25dc3b0-28fc-4383-b1a0-617845025f41@group-8820B9A2DC65-FollowerState] INFO  server.RaftServerConfigKeys (ConfUtils.java:logFallback(53)) - raft.server.rpc.first-election.timeout.max = 5200ms (fallback to raft.server.rpc.timeout.max)
2024-02-22 20:33:41,289 [13f92446-3b18-4d81-bc66-0f9b00220e72-groupManagement] INFO  storage.RaftStorage (RaftStorageImpl.java:format(99)) - Storage directory /home/runner/work/ozone/ozone/hadoop-ozone/integration-test/target/test-dir/MiniOzoneClusterImpl-a0fc024b-a492-45a5-9697-b0d14f72cb5c/datanode-7/data/ratis/724f0737-a92a-4fca-96d8-c6933685b048 has been successfully formatted.
2024-02-22 20:33:41,289 [13f92446-3b18-4d81-bc66-0f9b00220e72-groupManagement] WARN  util.FileUtils (LogUtils.java:supplyAndLog(63)) - Failed to Files.newInputStream /home/runner/work/ozone/ozone/hadoop-ozone/integration-test/target/test-dir/MiniOzoneClusterImpl-a0fc024b-a492-45a5-9697-b0d14f72cb5c/datanode-7/data/ratis/724f0737-a92a-4fca-96d8-c6933685b048/current/raft-meta.conf with options []: java.nio.file.NoSuchFileException: /home/runner/work/ozone/ozone/hadoop-ozone/integration-test/target/test-dir/MiniOzoneClusterImpl-a0fc024b-a492-45a5-9697-b0d14f72cb5c/datanode-7/data/ratis/724f0737-a92a-4fca-96d8-c6933685b048/current/raft-meta.conf
2024-02-22 20:33:41,290 [78f89d9b-e409-4704-890b-bfcfbcdfd28a-groupManagement] INFO  util.JmxRegister (JmxRegister.java:tryRegister(44)) - Successfully registered JMX Bean with object name Ratis:service=RaftServer,group=group-9D5BCF0FDB08,id=78f89d9b-e409-4704-890b-bfcfbcdfd28a
2024-02-22 20:33:41,290 [78f89d9b-e409-4704-890b-bfcfbcdfd28a-groupManagement] INFO  server.RaftServerConfigKeys (ConfUtils.java:logGet(46)) - raft.server.snapshot.trigger-when-stop.enabled = true (default)
2024-02-22 20:33:41,290 [78f89d9b-e409-4704-890b-bfcfbcdfd28a-groupManagement] INFO  server.RaftServerConfigKeys (ConfUtils.java:logGet(46)) - raft.server.snapshot.auto.trigger.enabled = true (custom)
2024-02-22 20:33:41,290 [78f89d9b-e409-4704-890b-bfcfbcdfd28a-groupManagement] INFO  server.RaftServerConfigKeys (ConfUtils.java:logGet(46)) - raft.server.snapshot.auto.trigger.threshold = 10000 (custom)
2024-02-22 20:33:41,290 [78f89d9b-e409-4704-890b-bfcfbcdfd28a-groupManagement] INFO  server.RaftServerConfigKeys (ConfUtils.java:logGet(46)) - raft.server.snapshot.retention.file.num = 5 (custom)
2024-02-22 20:33:41,290 [78f89d9b-e409-4704-890b-bfcfbcdfd28a-groupManagement] INFO  server.RaftServerConfigKeys (ConfUtils.java:logGet(46)) - raft.server.log.purge.upto.snapshot.index = false (default)
2024-02-22 20:33:41,291 [78f89d9b-e409-4704-890b-bfcfbcdfd28a@group-9D5BCF0FDB08-FollowerState] INFO  server.RaftServerConfigKeys (ConfUtils.java:logFallback(53)) - raft.server.rpc.first-election.timeout.min = 5s (fallback to raft.server.rpc.timeout.min)
2024-02-22 20:33:41,291 [78f89d9b-e409-4704-890b-bfcfbcdfd28a@group-9D5BCF0FDB08-FollowerState] INFO  server.RaftServerConfigKeys (ConfUtils.java:logFallback(53)) - raft.server.rpc.first-election.timeout.max = 5200ms (fallback to raft.server.rpc.timeout.max)
2024-02-22 20:33:41,291 [13f92446-3b18-4d81-bc66-0f9b00220e72-groupManagement] INFO  ratis.ContainerStateMachine (ContainerStateMachine.java:loadSnapshot(287)) - group-C6933685B048: The snapshot info is null. Setting the last applied index to:(t:0, i:~)
2024-02-22 20:33:41,291 [13f92446-3b18-4d81-bc66-0f9b00220e72-groupManagement] INFO  server.RaftServerConfigKeys (ConfUtils.java:logGet(46)) - raft.server.log.use.memory = false (default)
2024-02-22 20:33:41,291 [13f92446-3b18-4d81-bc66-0f9b00220e72-groupManagement] INFO  server.RaftServerConfigKeys (ConfUtils.java:logGet(46)) - raft.server.log.purge.gap = 1000000 (custom)
2024-02-22 20:33:41,291 [13f92446-3b18-4d81-bc66-0f9b00220e72-groupManagement] INFO  server.RaftServerConfigKeys (ConfUtils.java:logGet(46)) - raft.server.log.appender.buffer.byte-limit = 8388608 (custom)
2024-02-22 20:33:41,291 [13f92446-3b18-4d81-bc66-0f9b00220e72-groupManagement] INFO  server.RaftServerConfigKeys (ConfUtils.java:logGet(46)) - raft.server.log.statemachine.data.read.timeout = 1000ms (default)
2024-02-22 20:33:41,291 [13f92446-3b18-4d81-bc66-0f9b00220e72-groupManagement] INFO  server.RaftServerConfigKeys (ConfUtils.java:logGet(46)) - raft.server.log.purge.preservation.log.num = 0 (default)
2024-02-22 20:33:41,292 [78f89d9b-e409-4704-890b-bfcfbcdfd28a-groupManagement] INFO  server.RaftServer$Division (RaftServerImpl.java:<init>(256)) - 78f89d9b-e409-4704-890b-bfcfbcdfd28a: new RaftServerImpl for group-8820B9A2DC65:[78f89d9b-e409-4704-890b-bfcfbcdfd28a|10.1.0.33:15086, d25dc3b0-28fc-4383-b1a0-617845025f41|10.1.0.33:15032, 4e8f68d6-fd98-4f77-87e3-715939181693|10.1.0.33:15041] with ContainerStateMachine:uninitialized
2024-02-22 20:33:41,292 [78f89d9b-e409-4704-890b-bfcfbcdfd28a-groupManagement] INFO  server.RaftServerConfigKeys (ConfUtils.java:logGet(46)) - raft.server.rpc.timeout.min = 5s (custom)
2024-02-22 20:33:41,292 [78f89d9b-e409-4704-890b-bfcfbcdfd28a-groupManagement] INFO  server.RaftServerConfigKeys (ConfUtils.java:logGet(46)) - raft.server.rpc.timeout.max = 5200ms (custom)
2024-02-22 20:33:41,292 [78f89d9b-e409-4704-890b-bfcfbcdfd28a-groupManagement] INFO  server.RaftServerConfigKeys (ConfUtils.java:logGet(46)) - raft.server.rpc.sleep.time = 25ms (default)
2024-02-22 20:33:41,292 [78f89d9b-e409-4704-890b-bfcfbcdfd28a-groupManagement] INFO  server.RaftServerConfigKeys (ConfUtils.java:logGet(46)) - raft.server.rpc.slowness.timeout = 300s (custom)
2024-02-22 20:33:41,292 [78f89d9b-e409-4704-890b-bfcfbcdfd28a-groupManagement] INFO  server.RaftServerConfigKeys (ConfUtils.java:logGet(46)) - raft.server.leaderelection.leader.step-down.wait-time = 10s (default)
2024-02-22 20:33:41,292 [78f89d9b-e409-4704-890b-bfcfbcdfd28a-groupManagement] INFO  server.RaftServerConfigKeys (ConfUtils.java:logGet(46)) - raft.server.leaderelection.member.majority-add = false (default)
2024-02-22 20:33:41,292 [78f89d9b-e409-4704-890b-bfcfbcdfd28a-groupManagement] INFO  server.RaftServerConfigKeys (ConfUtils.java:logGet(46)) - raft.server.sleep.deviation.threshold = 300ms (default)
2024-02-22 20:33:41,292 [78f89d9b-e409-4704-890b-bfcfbcdfd28a-groupManagement] INFO  server.RaftServer$Division (ServerState.java:<init>(113)) - 78f89d9b-e409-4704-890b-bfcfbcdfd28a@group-8820B9A2DC65: ConfigurationManager, init=-1: peers:[78f89d9b-e409-4704-890b-bfcfbcdfd28a|10.1.0.33:15086, d25dc3b0-28fc-4383-b1a0-617845025f41|10.1.0.33:15032, 4e8f68d6-fd98-4f77-87e3-715939181693|10.1.0.33:15041]|listeners:[], old=null, confs=<EMPTY_MAP>
2024-02-22 20:33:41,292 [78f89d9b-e409-4704-890b-bfcfbcdfd28a-groupManagement] INFO  server.RaftServerConfigKeys (ConfUtils.java:logGet(46)) - raft.server.notification.no-leader.timeout = 300s (custom)
2024-02-22 20:33:41,292 [78f89d9b-e409-4704-890b-bfcfbcdfd28a-groupManagement] INFO  server.RaftServerConfigKeys (ConfUtils.java:logGet(46)) - raft.server.read.timeout = 10s (default)
2024-02-22 20:33:41,292 [78f89d9b-e409-4704-890b-bfcfbcdfd28a-groupManagement] INFO  server.RaftServerConfigKeys (ConfUtils.java:logGet(46)) - raft.server.retrycache.expirytime = 600000ms (custom)
2024-02-22 20:33:41,292 [78f89d9b-e409-4704-890b-bfcfbcdfd28a-groupManagement] INFO  server.RaftServerConfigKeys (ConfUtils.java:logGet(46)) - raft.server.retrycache.statistics.expirytime = 100ms (default)
2024-02-22 20:33:41,293 [78f89d9b-e409-4704-890b-bfcfbcdfd28a-groupManagement] INFO  server.RaftServerConfigKeys (ConfUtils.java:logGet(46)) - raft.server.read.option = DEFAULT (default)
2024-02-22 20:33:41,293 [78f89d9b-e409-4704-890b-bfcfbcdfd28a-groupManagement] INFO  server.RaftServerConfigKeys (ConfUtils.java:logGet(46)) - raft.server.read.read-after-write-consistent.write-index-cache.expiry-time = 60s (default)
2024-02-22 20:33:41,293 [78f89d9b-e409-4704-890b-bfcfbcdfd28a-PipelineCommandHandlerThread-0] INFO  ratis.XceiverServerRatis (XceiverServerRatis.java:addGroup(864)) - Created group PipelineID=6139a09f-40c0-48a4-995f-9d5bcf0fdb08
2024-02-22 20:33:41,295 [e46a6e51-795f-4801-a523-c45a6c7f2c34-groupManagement] INFO  ratis.ContainerStateMachine (ContainerStateMachine.java:loadSnapshot(287)) - group-1944BBB8D763: The snapshot info is null. Setting the last applied index to:(t:0, i:~)
2024-02-22 20:33:41,295 [e46a6e51-795f-4801-a523-c45a6c7f2c34-groupManagement] INFO  server.RaftServerConfigKeys (ConfUtils.java:logGet(46)) - raft.server.log.use.memory = false (default)
2024-02-22 20:33:41,295 [e46a6e51-795f-4801-a523-c45a6c7f2c34-groupManagement] INFO  server.RaftServerConfigKeys (ConfUtils.java:logGet(46)) - raft.server.log.purge.gap = 1000000 (custom)
2024-02-22 20:33:41,295 [e46a6e51-795f-4801-a523-c45a6c7f2c34-groupManagement] INFO  server.RaftServerConfigKeys (ConfUtils.java:logGet(46)) - raft.server.log.appender.buffer.byte-limit = 8388608 (custom)
2024-02-22 20:33:41,295 [e46a6e51-795f-4801-a523-c45a6c7f2c34-groupManagement] INFO  server.RaftServerConfigKeys (ConfUtils.java:logGet(46)) - raft.server.log.statemachine.data.read.timeout = 1000ms (default)
2024-02-22 20:33:41,295 [e46a6e51-795f-4801-a523-c45a6c7f2c34-groupManagement] INFO  server.RaftServerConfigKeys (ConfUtils.java:logGet(46)) - raft.server.log.purge.preservation.log.num = 0 (default)
2024-02-22 20:33:41,296 [86ab988c-fa9c-425d-a1c6-9004ff7fd93d-groupManagement] INFO  impl.RoleInfo (RoleInfo.java:updateAndGet(139)) - 86ab988c-fa9c-425d-a1c6-9004ff7fd93d: start 86ab988c-fa9c-425d-a1c6-9004ff7fd93d@group-1944BBB8D763-FollowerState
2024-02-22 20:33:41,297 [EventQueue-OpenPipelineForHealthyPipelineSafeModeRule] INFO  safemode.SCMSafeModeManager (HealthyPipelineSafeModeRule.java:process(140)) - SCM in safe mode. Healthy pipelines reported count is 0, required healthy pipeline reported count is 1
2024-02-22 20:33:41,297 [EventQueue-OpenPipelineForHealthyPipelineSafeModeRule] INFO  safemode.SCMSafeModeManager (HealthyPipelineSafeModeRule.java:process(140)) - SCM in safe mode. Healthy pipelines reported count is 0, required healthy pipeline reported count is 1
2024-02-22 20:33:41,298 [EventQueue-OpenPipelineForHealthyPipelineSafeModeRule] INFO  safemode.SCMSafeModeManager (HealthyPipelineSafeModeRule.java:process(140)) - SCM in safe mode. Healthy pipelines reported count is 0, required healthy pipeline reported count is 1
2024-02-22 20:33:41,298 [EventQueue-OpenPipelineForHealthyPipelineSafeModeRule] INFO  safemode.SCMSafeModeManager (HealthyPipelineSafeModeRule.java:process(140)) - SCM in safe mode. Healthy pipelines reported count is 0, required healthy pipeline reported count is 1
2024-02-22 20:33:41,302 [86ab988c-fa9c-425d-a1c6-9004ff7fd93d-groupManagement] INFO  util.JmxRegister (JmxRegister.java:tryRegister(44)) - Successfully registered JMX Bean with object name Ratis:service=RaftServer,group=group-1944BBB8D763,id=86ab988c-fa9c-425d-a1c6-9004ff7fd93d
2024-02-22 20:33:41,303 [86ab988c-fa9c-425d-a1c6-9004ff7fd93d-groupManagement] INFO  server.RaftServerConfigKeys (ConfUtils.java:logGet(46)) - raft.server.snapshot.trigger-when-stop.enabled = true (default)
2024-02-22 20:33:41,303 [86ab988c-fa9c-425d-a1c6-9004ff7fd93d-groupManagement] INFO  server.RaftServerConfigKeys (ConfUtils.java:logGet(46)) - raft.server.snapshot.auto.trigger.enabled = true (custom)
2024-02-22 20:33:41,303 [86ab988c-fa9c-425d-a1c6-9004ff7fd93d-groupManagement] INFO  server.RaftServerConfigKeys (ConfUtils.java:logGet(46)) - raft.server.snapshot.auto.trigger.threshold = 10000 (custom)
2024-02-22 20:33:41,303 [86ab988c-fa9c-425d-a1c6-9004ff7fd93d-groupManagement] INFO  server.RaftServerConfigKeys (ConfUtils.java:logGet(46)) - raft.server.snapshot.retention.file.num = 5 (custom)
2024-02-22 20:33:41,303 [86ab988c-fa9c-425d-a1c6-9004ff7fd93d-groupManagement] INFO  server.RaftServerConfigKeys (ConfUtils.java:logGet(46)) - raft.server.log.purge.upto.snapshot.index = false (default)
2024-02-22 20:33:41,303 [86ab988c-fa9c-425d-a1c6-9004ff7fd93d@group-1944BBB8D763-FollowerState] INFO  server.RaftServerConfigKeys (ConfUtils.java:logFallback(53)) - raft.server.rpc.first-election.timeout.min = 5s (fallback to raft.server.rpc.timeout.min)
2024-02-22 20:33:41,304 [86ab988c-fa9c-425d-a1c6-9004ff7fd93d@group-1944BBB8D763-FollowerState] INFO  server.RaftServerConfigKeys (ConfUtils.java:logFallback(53)) - raft.server.rpc.first-election.timeout.max = 5200ms (fallback to raft.server.rpc.timeout.max)
2024-02-22 20:33:41,306 [923be64f-71f4-4891-b05d-82ff5a9df5b5-PipelineCommandHandlerThread-0] INFO  commandhandler.CreatePipelineCommandHandler (CreatePipelineCommandHandler.java:lambda$handle$2(124)) - Created Pipeline RATIS THREE PipelineID=b7ad60d3-b3bb-4da3-89ae-a538022c1006.
2024-02-22 20:33:41,308 [c30fedce-f286-40e0-881d-3d5a9a6e2463-PipelineCommandHandlerThread-0] INFO  commandhandler.CreatePipelineCommandHandler (CreatePipelineCommandHandler.java:lambda$handle$2(124)) - Created Pipeline RATIS THREE PipelineID=974fd487-4b0f-4554-8c0f-c4bff782ab50.
2024-02-22 20:33:41,308 [923be64f-71f4-4891-b05d-82ff5a9df5b5-PipelineCommandHandlerThread-0] INFO  server.RaftServer (RaftServerProxy.java:addNew(100)) - 923be64f-71f4-4891-b05d-82ff5a9df5b5: addNew group-AFFC1E458E84:[923be64f-71f4-4891-b05d-82ff5a9df5b5|10.1.0.33:15023, e46a6e51-795f-4801-a523-c45a6c7f2c34|10.1.0.33:15014, e780b093-7242-46d7-bd8f-0f810188c7b3|10.1.0.33:15095] returns group-AFFC1E458E84:java.util.concurrent.CompletableFuture@7d0909c3[Not completed]
2024-02-22 20:33:41,308 [c30fedce-f286-40e0-881d-3d5a9a6e2463-PipelineCommandHandlerThread-0] INFO  server.RaftServer (RaftServerProxy.java:addNew(100)) - c30fedce-f286-40e0-881d-3d5a9a6e2463: addNew group-2DB48FF385FC:[c30fedce-f286-40e0-881d-3d5a9a6e2463|10.1.0.33:15068] returns group-2DB48FF385FC:java.util.concurrent.CompletableFuture@1e1962bf[Not completed]
2024-02-22 20:33:41,310 [c30fedce-f286-40e0-881d-3d5a9a6e2463-groupManagement] INFO  server.RaftServer$Division (RaftServerImpl.java:<init>(256)) - c30fedce-f286-40e0-881d-3d5a9a6e2463: new RaftServerImpl for group-2DB48FF385FC:[c30fedce-f286-40e0-881d-3d5a9a6e2463|10.1.0.33:15068] with ContainerStateMachine:uninitialized
2024-02-22 20:33:41,310 [c30fedce-f286-40e0-881d-3d5a9a6e2463-groupManagement] INFO  server.RaftServerConfigKeys (ConfUtils.java:logGet(46)) - raft.server.rpc.timeout.min = 5s (custom)
2024-02-22 20:33:41,310 [c30fedce-f286-40e0-881d-3d5a9a6e2463-groupManagement] INFO  server.RaftServerConfigKeys (ConfUtils.java:logGet(46)) - raft.server.rpc.timeout.max = 5200ms (custom)
2024-02-22 20:33:41,310 [c30fedce-f286-40e0-881d-3d5a9a6e2463-groupManagement] INFO  server.RaftServerConfigKeys (ConfUtils.java:logGet(46)) - raft.server.rpc.sleep.time = 25ms (default)
2024-02-22 20:33:41,310 [c30fedce-f286-40e0-881d-3d5a9a6e2463-groupManagement] INFO  server.RaftServerConfigKeys (ConfUtils.java:logGet(46)) - raft.server.rpc.slowness.timeout = 300s (custom)
2024-02-22 20:33:41,310 [c30fedce-f286-40e0-881d-3d5a9a6e2463-groupManagement] INFO  server.RaftServerConfigKeys (ConfUtils.java:logGet(46)) - raft.server.leaderelection.leader.step-down.wait-time = 10s (default)
2024-02-22 20:33:41,311 [c30fedce-f286-40e0-881d-3d5a9a6e2463-groupManagement] INFO  server.RaftServerConfigKeys (ConfUtils.java:logGet(46)) - raft.server.leaderelection.member.majority-add = false (default)
2024-02-22 20:33:41,311 [c30fedce-f286-40e0-881d-3d5a9a6e2463-groupManagement] INFO  server.RaftServerConfigKeys (ConfUtils.java:logGet(46)) - raft.server.sleep.deviation.threshold = 300ms (default)
2024-02-22 20:33:41,311 [c30fedce-f286-40e0-881d-3d5a9a6e2463-groupManagement] INFO  server.RaftServer$Division (ServerState.java:<init>(113)) - c30fedce-f286-40e0-881d-3d5a9a6e2463@group-2DB48FF385FC: ConfigurationManager, init=-1: peers:[c30fedce-f286-40e0-881d-3d5a9a6e2463|10.1.0.33:15068]|listeners:[], old=null, confs=<EMPTY_MAP>
2024-02-22 20:33:41,311 [c30fedce-f286-40e0-881d-3d5a9a6e2463-groupManagement] INFO  server.RaftServerConfigKeys (ConfUtils.java:logGet(46)) - raft.server.notification.no-leader.timeout = 300s (custom)
2024-02-22 20:33:41,311 [c30fedce-f286-40e0-881d-3d5a9a6e2463-groupManagement] INFO  server.RaftServerConfigKeys (ConfUtils.java:logGet(46)) - raft.server.read.timeout = 10s (default)
2024-02-22 20:33:41,311 [c30fedce-f286-40e0-881d-3d5a9a6e2463-groupManagement] INFO  server.RaftServerConfigKeys (ConfUtils.java:logGet(46)) - raft.server.retrycache.expirytime = 600000ms (custom)
2024-02-22 20:33:41,311 [c30fedce-f286-40e0-881d-3d5a9a6e2463-groupManagement] INFO  server.RaftServerConfigKeys (ConfUtils.java:logGet(46)) - raft.server.retrycache.statistics.expirytime = 100ms (default)
2024-02-22 20:33:41,311 [c30fedce-f286-40e0-881d-3d5a9a6e2463-groupManagement] INFO  server.RaftServerConfigKeys (ConfUtils.java:logGet(46)) - raft.server.read.option = DEFAULT (default)
2024-02-22 20:33:41,311 [c30fedce-f286-40e0-881d-3d5a9a6e2463-groupManagement] INFO  server.RaftServerConfigKeys (ConfUtils.java:logGet(46)) - raft.server.read.read-after-write-consistent.write-index-cache.expiry-time = 60s (default)
2024-02-22 20:33:41,315 [13f92446-3b18-4d81-bc66-0f9b00220e72-groupManagement] INFO  server.RaftServerConfigKeys (ConfUtils.java:logGet(46)) - raft.server.log.segment.size.max = 67108864 (custom)
2024-02-22 20:33:41,318 [13f92446-3b18-4d81-bc66-0f9b00220e72-groupManagement] INFO  server.RaftServerConfigKeys (ConfUtils.java:logGet(46)) - raft.server.log.segment.cache.num.max = 2 (custom)
2024-02-22 20:33:41,318 [13f92446-3b18-4d81-bc66-0f9b00220e72-groupManagement] INFO  server.RaftServerConfigKeys (ConfUtils.java:logGet(46)) - raft.server.log.segment.cache.size.max = 200MB (=209715200) (default)
2024-02-22 20:33:41,318 [13f92446-3b18-4d81-bc66-0f9b00220e72-groupManagement] INFO  server.RaftServerConfigKeys (ConfUtils.java:logGet(46)) - raft.server.log.appender.buffer.byte-limit = 8388608 (custom)
2024-02-22 20:33:41,323 [e46a6e51-795f-4801-a523-c45a6c7f2c34-groupManagement] INFO  server.RaftServerConfigKeys (ConfUtils.java:logGet(46)) - raft.server.log.segment.size.max = 67108864 (custom)
2024-02-22 20:33:41,325 [e46a6e51-795f-4801-a523-c45a6c7f2c34-groupManagement] INFO  server.RaftServerConfigKeys (ConfUtils.java:logGet(46)) - raft.server.log.segment.cache.num.max = 2 (custom)
2024-02-22 20:33:41,325 [e46a6e51-795f-4801-a523-c45a6c7f2c34-groupManagement] INFO  server.RaftServerConfigKeys (ConfUtils.java:logGet(46)) - raft.server.log.segment.cache.size.max = 200MB (=209715200) (default)
2024-02-22 20:33:41,325 [e46a6e51-795f-4801-a523-c45a6c7f2c34-groupManagement] INFO  server.RaftServerConfigKeys (ConfUtils.java:logGet(46)) - raft.server.log.appender.buffer.byte-limit = 8388608 (custom)
2024-02-22 20:33:41,327 [13f92446-3b18-4d81-bc66-0f9b00220e72-groupManagement] INFO  util.AwaitToRun (AwaitToRun.java:start(81)) - Thread[13f92446-3b18-4d81-bc66-0f9b00220e72@group-C6933685B048-cacheEviction-AwaitToRun,5,main] started
2024-02-22 20:33:41,327 [13f92446-3b18-4d81-bc66-0f9b00220e72-groupManagement] INFO  segmented.SegmentedRaftLogWorker (SegmentedRaftLogWorker.java:<init>(182)) - new 13f92446-3b18-4d81-bc66-0f9b00220e72@group-C6933685B048-SegmentedRaftLogWorker for RaftStorageImpl:Storage Directory /home/runner/work/ozone/ozone/hadoop-ozone/integration-test/target/test-dir/MiniOzoneClusterImpl-a0fc024b-a492-45a5-9697-b0d14f72cb5c/datanode-7/data/ratis/724f0737-a92a-4fca-96d8-c6933685b048
2024-02-22 20:33:41,327 [13f92446-3b18-4d81-bc66-0f9b00220e72-groupManagement] INFO  server.RaftServerConfigKeys (ConfUtils.java:logGet(46)) - raft.server.log.queue.byte-limit = 4294967296 (custom)
2024-02-22 20:33:41,327 [13f92446-3b18-4d81-bc66-0f9b00220e72-groupManagement] INFO  server.RaftServerConfigKeys (ConfUtils.java:logGet(46)) - raft.server.log.queue.element-limit = 1024 (custom)
2024-02-22 20:33:41,327 [13f92446-3b18-4d81-bc66-0f9b00220e72-groupManagement] INFO  server.RaftServerConfigKeys (ConfUtils.java:logGet(46)) - raft.server.log.segment.size.max = 67108864 (custom)
2024-02-22 20:33:41,327 [13f92446-3b18-4d81-bc66-0f9b00220e72-groupManagement] INFO  server.RaftServerConfigKeys (ConfUtils.java:logGet(46)) - raft.server.log.preallocated.size = 4194304 (custom)
2024-02-22 20:33:41,327 [13f92446-3b18-4d81-bc66-0f9b00220e72-groupManagement] INFO  server.RaftServerConfigKeys (ConfUtils.java:logGet(46)) - raft.server.log.force.sync.num = 128 (default)
2024-02-22 20:33:41,327 [13f92446-3b18-4d81-bc66-0f9b00220e72-groupManagement] INFO  server.RaftServerConfigKeys (ConfUtils.java:logGet(46)) - raft.server.log.statemachine.data.sync = true (default)
2024-02-22 20:33:41,327 [13f92446-3b18-4d81-bc66-0f9b00220e72-groupManagement] INFO  server.RaftServerConfigKeys (ConfUtils.java:logGet(46)) - raft.server.log.statemachine.data.sync.timeout = 10s (default)
2024-02-22 20:33:41,327 [13f92446-3b18-4d81-bc66-0f9b00220e72-groupManagement] INFO  server.RaftServerConfigKeys (ConfUtils.java:logGet(46)) - raft.server.log.statemachine.data.sync.timeout.retry = 0 (custom)
2024-02-22 20:33:41,330 [13f92446-3b18-4d81-bc66-0f9b00220e72-groupManagement] INFO  server.RaftServerConfigKeys (ConfUtils.java:logGet(46)) - raft.server.log.write.buffer.size = 8388616 (custom)
2024-02-22 20:33:41,332 [13f92446-3b18-4d81-bc66-0f9b00220e72-groupManagement] INFO  server.RaftServerConfigKeys (ConfUtils.java:logGet(46)) - raft.server.log.appender.buffer.byte-limit = 8388608 (custom)
2024-02-22 20:33:41,332 [13f92446-3b18-4d81-bc66-0f9b00220e72-groupManagement] INFO  server.RaftServerConfigKeys (ConfUtils.java:logGet(46)) - raft.server.log.unsafe-flush.enabled = false (default)
2024-02-22 20:33:41,332 [13f92446-3b18-4d81-bc66-0f9b00220e72-groupManagement] INFO  server.RaftServerConfigKeys (ConfUtils.java:logGet(46)) - raft.server.log.async-flush.enabled = false (default)
2024-02-22 20:33:41,333 [13f92446-3b18-4d81-bc66-0f9b00220e72-groupManagement] INFO  server.RaftServerConfigKeys (ConfUtils.java:logGet(46)) - raft.server.log.statemachine.data.caching.enabled = true (custom)
2024-02-22 20:33:41,333 [13f92446-3b18-4d81-bc66-0f9b00220e72-groupManagement] INFO  segmented.SegmentedRaftLogWorker (SegmentedRaftLogWorker.java:lambda$new$0(134)) - 13f92446-3b18-4d81-bc66-0f9b00220e72@group-C6933685B048-SegmentedRaftLogWorker: flushIndex: setUnconditionally 0 -> -1
2024-02-22 20:33:41,333 [13f92446-3b18-4d81-bc66-0f9b00220e72-groupManagement] INFO  segmented.SegmentedRaftLogWorker (SegmentedRaftLogWorker.java:lambda$new$0(134)) - 13f92446-3b18-4d81-bc66-0f9b00220e72@group-C6933685B048-SegmentedRaftLogWorker: safeCacheEvictIndex: setUnconditionally 0 -> -1
2024-02-22 20:33:41,335 [78f89d9b-e409-4704-890b-bfcfbcdfd28a-groupManagement] INFO  server.RaftServerConfigKeys (ConfUtils.java:logGet(46)) - raft.server.rpc.request.timeout = 60s (custom)
2024-02-22 20:33:41,335 [78f89d9b-e409-4704-890b-bfcfbcdfd28a-groupManagement] INFO  server.RaftServerConfigKeys (ConfUtils.java:logGet(46)) - raft.server.log.appender.install.snapshot.enabled = false (custom)
2024-02-22 20:33:41,336 [78f89d9b-e409-4704-890b-bfcfbcdfd28a-groupManagement] INFO  server.RaftServerConfigKeys (ConfUtils.java:logGet(46)) - raft.server.threadpool.server.cached = true (default)
2024-02-22 20:33:41,336 [78f89d9b-e409-4704-890b-bfcfbcdfd28a-groupManagement] INFO  server.RaftServerConfigKeys (ConfUtils.java:logGet(46)) - raft.server.threadpool.server.size = 0 (default)
2024-02-22 20:33:41,336 [78f89d9b-e409-4704-890b-bfcfbcdfd28a-groupManagement] INFO  server.RaftServerConfigKeys (ConfUtils.java:logGet(46)) - raft.server.threadpool.client.cached = true (default)
2024-02-22 20:33:41,339 [923be64f-71f4-4891-b05d-82ff5a9df5b5-groupManagement] INFO  server.RaftServer$Division (RaftServerImpl.java:<init>(256)) - 923be64f-71f4-4891-b05d-82ff5a9df5b5: new RaftServerImpl for group-AFFC1E458E84:[923be64f-71f4-4891-b05d-82ff5a9df5b5|10.1.0.33:15023, e46a6e51-795f-4801-a523-c45a6c7f2c34|10.1.0.33:15014, e780b093-7242-46d7-bd8f-0f810188c7b3|10.1.0.33:15095] with ContainerStateMachine:uninitialized
2024-02-22 20:33:41,340 [923be64f-71f4-4891-b05d-82ff5a9df5b5-groupManagement] INFO  server.RaftServerConfigKeys (ConfUtils.java:logGet(46)) - raft.server.rpc.timeout.min = 5s (custom)
2024-02-22 20:33:41,340 [923be64f-71f4-4891-b05d-82ff5a9df5b5-groupManagement] INFO  server.RaftServerConfigKeys (ConfUtils.java:logGet(46)) - raft.server.rpc.timeout.max = 5200ms (custom)
2024-02-22 20:33:41,340 [923be64f-71f4-4891-b05d-82ff5a9df5b5-groupManagement] INFO  server.RaftServerConfigKeys (ConfUtils.java:logGet(46)) - raft.server.rpc.sleep.time = 25ms (default)
2024-02-22 20:33:41,340 [923be64f-71f4-4891-b05d-82ff5a9df5b5-groupManagement] INFO  server.RaftServerConfigKeys (ConfUtils.java:logGet(46)) - raft.server.rpc.slowness.timeout = 300s (custom)
2024-02-22 20:33:41,340 [923be64f-71f4-4891-b05d-82ff5a9df5b5-groupManagement] INFO  server.RaftServerConfigKeys (ConfUtils.java:logGet(46)) - raft.server.leaderelection.leader.step-down.wait-time = 10s (default)
2024-02-22 20:33:41,340 [923be64f-71f4-4891-b05d-82ff5a9df5b5-groupManagement] INFO  server.RaftServerConfigKeys (ConfUtils.java:logGet(46)) - raft.server.leaderelection.member.majority-add = false (default)
2024-02-22 20:33:41,340 [923be64f-71f4-4891-b05d-82ff5a9df5b5-groupManagement] INFO  server.RaftServerConfigKeys (ConfUtils.java:logGet(46)) - raft.server.sleep.deviation.threshold = 300ms (default)
2024-02-22 20:33:41,340 [923be64f-71f4-4891-b05d-82ff5a9df5b5-groupManagement] INFO  server.RaftServer$Division (ServerState.java:<init>(113)) - 923be64f-71f4-4891-b05d-82ff5a9df5b5@group-AFFC1E458E84: ConfigurationManager, init=-1: peers:[923be64f-71f4-4891-b05d-82ff5a9df5b5|10.1.0.33:15023, e46a6e51-795f-4801-a523-c45a6c7f2c34|10.1.0.33:15014, e780b093-7242-46d7-bd8f-0f810188c7b3|10.1.0.33:15095]|listeners:[], old=null, confs=<EMPTY_MAP>
2024-02-22 20:33:41,340 [923be64f-71f4-4891-b05d-82ff5a9df5b5-groupManagement] INFO  server.RaftServerConfigKeys (ConfUtils.java:logGet(46)) - raft.server.notification.no-leader.timeout = 300s (custom)
2024-02-22 20:33:41,340 [923be64f-71f4-4891-b05d-82ff5a9df5b5-groupManagement] INFO  server.RaftServerConfigKeys (ConfUtils.java:logGet(46)) - raft.server.read.timeout = 10s (default)
2024-02-22 20:33:41,340 [923be64f-71f4-4891-b05d-82ff5a9df5b5-groupManagement] INFO  server.RaftServerConfigKeys (ConfUtils.java:logGet(46)) - raft.server.retrycache.expirytime = 600000ms (custom)
2024-02-22 20:33:41,340 [923be64f-71f4-4891-b05d-82ff5a9df5b5-groupManagement] INFO  server.RaftServerConfigKeys (ConfUtils.java:logGet(46)) - raft.server.retrycache.statistics.expirytime = 100ms (default)
2024-02-22 20:33:41,340 [923be64f-71f4-4891-b05d-82ff5a9df5b5-groupManagement] INFO  server.RaftServerConfigKeys (ConfUtils.java:logGet(46)) - raft.server.read.option = DEFAULT (default)
2024-02-22 20:33:41,341 [923be64f-71f4-4891-b05d-82ff5a9df5b5-groupManagement] INFO  server.RaftServerConfigKeys (ConfUtils.java:logGet(46)) - raft.server.read.read-after-write-consistent.write-index-cache.expiry-time = 60s (default)
2024-02-22 20:33:41,337 [d25dc3b0-28fc-4383-b1a0-617845025f41-PipelineCommandHandlerThread-0] INFO  ratis.XceiverServerRatis (XceiverServerRatis.java:addGroup(864)) - Created group PipelineID=045ea6be-5c70-427a-91cd-8820b9a2dc65
2024-02-22 20:33:41,337 [86ab988c-fa9c-425d-a1c6-9004ff7fd93d-PipelineCommandHandlerThread-0] INFO  ratis.XceiverServerRatis (XceiverServerRatis.java:addGroup(864)) - Created group PipelineID=567d6c0b-0c61-46d9-a73e-1944bbb8d763
2024-02-22 20:33:41,343 [13f92446-3b18-4d81-bc66-0f9b00220e72-groupManagement] INFO  server.RaftServer$Division (RaftServerImpl.java:start(396)) - 13f92446-3b18-4d81-bc66-0f9b00220e72@group-C6933685B048: start as a follower, conf=-1: peers:[86ab988c-fa9c-425d-a1c6-9004ff7fd93d|10.1.0.33:15059, c30fedce-f286-40e0-881d-3d5a9a6e2463|10.1.0.33:15068, 13f92446-3b18-4d81-bc66-0f9b00220e72|10.1.0.33:15077]|listeners:[], old=null
2024-02-22 20:33:41,343 [13f92446-3b18-4d81-bc66-0f9b00220e72-groupManagement] INFO  server.RaftServer$Division (RaftServerImpl.java:setRole(383)) - 13f92446-3b18-4d81-bc66-0f9b00220e72@group-C6933685B048: changes role from      null to FOLLOWER at term 0 for startAsFollower
2024-02-22 20:33:41,344 [13f92446-3b18-4d81-bc66-0f9b00220e72-groupManagement] INFO  impl.RoleInfo (RoleInfo.java:updateAndGet(139)) - 13f92446-3b18-4d81-bc66-0f9b00220e72: start 13f92446-3b18-4d81-bc66-0f9b00220e72@group-C6933685B048-FollowerState
2024-02-22 20:33:41,337 [c30fedce-f286-40e0-881d-3d5a9a6e2463-groupManagement] INFO  server.RaftServerConfigKeys (ConfUtils.java:logGet(46)) - raft.server.rpc.request.timeout = 60s (custom)
2024-02-22 20:33:41,344 [c30fedce-f286-40e0-881d-3d5a9a6e2463-groupManagement] INFO  server.RaftServerConfigKeys (ConfUtils.java:logGet(46)) - raft.server.log.appender.install.snapshot.enabled = false (custom)
2024-02-22 20:33:41,344 [c30fedce-f286-40e0-881d-3d5a9a6e2463-groupManagement] INFO  server.RaftServerConfigKeys (ConfUtils.java:logGet(46)) - raft.server.threadpool.server.cached = true (default)
2024-02-22 20:33:41,344 [c30fedce-f286-40e0-881d-3d5a9a6e2463-groupManagement] INFO  server.RaftServerConfigKeys (ConfUtils.java:logGet(46)) - raft.server.threadpool.server.size = 0 (default)
2024-02-22 20:33:41,344 [c30fedce-f286-40e0-881d-3d5a9a6e2463-groupManagement] INFO  server.RaftServerConfigKeys (ConfUtils.java:logGet(46)) - raft.server.threadpool.client.cached = true (default)
2024-02-22 20:33:41,344 [c30fedce-f286-40e0-881d-3d5a9a6e2463-groupManagement] INFO  server.RaftServerConfigKeys (ConfUtils.java:logGet(46)) - raft.server.threadpool.client.size = 0 (default)
2024-02-22 20:33:41,344 [c30fedce-f286-40e0-881d-3d5a9a6e2463-groupManagement] INFO  server.RaftServerConfigKeys (ConfUtils.java:logGet(46)) - raft.server.storage.free-space.min = 0MB (=0) (default)
2024-02-22 20:33:41,345 [c30fedce-f286-40e0-881d-3d5a9a6e2463-groupManagement] INFO  server.RaftServerConfigKeys (ConfUtils.java:logGet(46)) - raft.server.log.corruption.policy = EXCEPTION (default)
2024-02-22 20:33:41,345 [c30fedce-f286-40e0-881d-3d5a9a6e2463-groupManagement] INFO  server.RaftServerConfigKeys (ConfUtils.java:logGet(46)) - raft.server.storage.dir = [/home/runner/work/ozone/ozone/hadoop-ozone/integration-test/target/test-dir/MiniOzoneClusterImpl-a0fc024b-a492-45a5-9697-b0d14f72cb5c/datanode-6/data/ratis] (custom)
2024-02-22 20:33:41,345 [c30fedce-f286-40e0-881d-3d5a9a6e2463-groupManagement] INFO  storage.RaftStorageDirectory (RaftStorageDirectoryImpl.java:analyzeStorage(138)) - The storage directory /home/runner/work/ozone/ozone/hadoop-ozone/integration-test/target/test-dir/MiniOzoneClusterImpl-a0fc024b-a492-45a5-9697-b0d14f72cb5c/datanode-6/data/ratis/3026ec21-9570-4ecf-bd50-2db48ff385fc does not exist. Creating ...
2024-02-22 20:33:41,346 [c30fedce-f286-40e0-881d-3d5a9a6e2463-groupManagement] INFO  storage.RaftStorageDirectory (RaftStorageDirectoryImpl.java:tryLock(228)) - Lock on /home/runner/work/ozone/ozone/hadoop-ozone/integration-test/target/test-dir/MiniOzoneClusterImpl-a0fc024b-a492-45a5-9697-b0d14f72cb5c/datanode-6/data/ratis/3026ec21-9570-4ecf-bd50-2db48ff385fc/in_use.lock acquired by nodename 30552@fv-az779-213
2024-02-22 20:33:41,347 [c30fedce-f286-40e0-881d-3d5a9a6e2463-groupManagement] INFO  storage.RaftStorage (RaftStorageImpl.java:format(99)) - Storage directory /home/runner/work/ozone/ozone/hadoop-ozone/integration-test/target/test-dir/MiniOzoneClusterImpl-a0fc024b-a492-45a5-9697-b0d14f72cb5c/datanode-6/data/ratis/3026ec21-9570-4ecf-bd50-2db48ff385fc has been successfully formatted.
2024-02-22 20:33:41,347 [c30fedce-f286-40e0-881d-3d5a9a6e2463-groupManagement] WARN  util.FileUtils (LogUtils.java:supplyAndLog(63)) - Failed to Files.newInputStream /home/runner/work/ozone/ozone/hadoop-ozone/integration-test/target/test-dir/MiniOzoneClusterImpl-a0fc024b-a492-45a5-9697-b0d14f72cb5c/datanode-6/data/ratis/3026ec21-9570-4ecf-bd50-2db48ff385fc/current/raft-meta.conf with options []: java.nio.file.NoSuchFileException: /home/runner/work/ozone/ozone/hadoop-ozone/integration-test/target/test-dir/MiniOzoneClusterImpl-a0fc024b-a492-45a5-9697-b0d14f72cb5c/datanode-6/data/ratis/3026ec21-9570-4ecf-bd50-2db48ff385fc/current/raft-meta.conf
2024-02-22 20:33:41,350 [78f89d9b-e409-4704-890b-bfcfbcdfd28a-groupManagement] INFO  server.RaftServerConfigKeys (ConfUtils.java:logGet(46)) - raft.server.threadpool.client.size = 0 (default)
2024-02-22 20:33:41,350 [78f89d9b-e409-4704-890b-bfcfbcdfd28a-groupManagement] INFO  server.RaftServerConfigKeys (ConfUtils.java:logGet(46)) - raft.server.storage.free-space.min = 0MB (=0) (default)
2024-02-22 20:33:41,350 [78f89d9b-e409-4704-890b-bfcfbcdfd28a-groupManagement] INFO  server.RaftServerConfigKeys (ConfUtils.java:logGet(46)) - raft.server.log.corruption.policy = EXCEPTION (default)
2024-02-22 20:33:41,350 [78f89d9b-e409-4704-890b-bfcfbcdfd28a-groupManagement] INFO  server.RaftServerConfigKeys (ConfUtils.java:logGet(46)) - raft.server.storage.dir = [/home/runner/work/ozone/ozone/hadoop-ozone/integration-test/target/test-dir/MiniOzoneClusterImpl-a0fc024b-a492-45a5-9697-b0d14f72cb5c/datanode-8/data/ratis] (custom)
2024-02-22 20:33:41,350 [78f89d9b-e409-4704-890b-bfcfbcdfd28a-groupManagement] INFO  storage.RaftStorageDirectory (RaftStorageDirectoryImpl.java:analyzeStorage(138)) - The storage directory /home/runner/work/ozone/ozone/hadoop-ozone/integration-test/target/test-dir/MiniOzoneClusterImpl-a0fc024b-a492-45a5-9697-b0d14f72cb5c/datanode-8/data/ratis/045ea6be-5c70-427a-91cd-8820b9a2dc65 does not exist. Creating ...
2024-02-22 20:33:41,351 [e46a6e51-795f-4801-a523-c45a6c7f2c34-groupManagement] INFO  util.AwaitToRun (AwaitToRun.java:start(81)) - Thread[e46a6e51-795f-4801-a523-c45a6c7f2c34@group-1944BBB8D763-cacheEviction-AwaitToRun,5,main] started
2024-02-22 20:33:41,351 [e46a6e51-795f-4801-a523-c45a6c7f2c34-groupManagement] INFO  segmented.SegmentedRaftLogWorker (SegmentedRaftLogWorker.java:<init>(182)) - new e46a6e51-795f-4801-a523-c45a6c7f2c34@group-1944BBB8D763-SegmentedRaftLogWorker for RaftStorageImpl:Storage Directory /home/runner/work/ozone/ozone/hadoop-ozone/integration-test/target/test-dir/MiniOzoneClusterImpl-a0fc024b-a492-45a5-9697-b0d14f72cb5c/datanode-0/data/ratis/567d6c0b-0c61-46d9-a73e-1944bbb8d763
2024-02-22 20:33:41,351 [e46a6e51-795f-4801-a523-c45a6c7f2c34-groupManagement] INFO  server.RaftServerConfigKeys (ConfUtils.java:logGet(46)) - raft.server.log.queue.byte-limit = 4294967296 (custom)
2024-02-22 20:33:41,351 [e46a6e51-795f-4801-a523-c45a6c7f2c34-groupManagement] INFO  server.RaftServerConfigKeys (ConfUtils.java:logGet(46)) - raft.server.log.queue.element-limit = 1024 (custom)
2024-02-22 20:33:41,351 [e46a6e51-795f-4801-a523-c45a6c7f2c34-groupManagement] INFO  server.RaftServerConfigKeys (ConfUtils.java:logGet(46)) - raft.server.log.segment.size.max = 67108864 (custom)
2024-02-22 20:33:41,351 [e46a6e51-795f-4801-a523-c45a6c7f2c34-groupManagement] INFO  server.RaftServerConfigKeys (ConfUtils.java:logGet(46)) - raft.server.log.preallocated.size = 4194304 (custom)
2024-02-22 20:33:41,351 [e46a6e51-795f-4801-a523-c45a6c7f2c34-groupManagement] INFO  server.RaftServerConfigKeys (ConfUtils.java:logGet(46)) - raft.server.log.force.sync.num = 128 (default)
2024-02-22 20:33:41,351 [e46a6e51-795f-4801-a523-c45a6c7f2c34-groupManagement] INFO  server.RaftServerConfigKeys (ConfUtils.java:logGet(46)) - raft.server.log.statemachine.data.sync = true (default)
2024-02-22 20:33:41,351 [e46a6e51-795f-4801-a523-c45a6c7f2c34-groupManagement] INFO  server.RaftServerConfigKeys (ConfUtils.java:logGet(46)) - raft.server.log.statemachine.data.sync.timeout = 10s (default)
2024-02-22 20:33:41,351 [13f92446-3b18-4d81-bc66-0f9b00220e72-groupManagement] INFO  util.JmxRegister (JmxRegister.java:tryRegister(44)) - Successfully registered JMX Bean with object name Ratis:service=RaftServer,group=group-C6933685B048,id=13f92446-3b18-4d81-bc66-0f9b00220e72
2024-02-22 20:33:41,357 [78f89d9b-e409-4704-890b-bfcfbcdfd28a-groupManagement] INFO  storage.RaftStorageDirectory (RaftStorageDirectoryImpl.java:tryLock(228)) - Lock on /home/runner/work/ozone/ozone/hadoop-ozone/integration-test/target/test-dir/MiniOzoneClusterImpl-a0fc024b-a492-45a5-9697-b0d14f72cb5c/datanode-8/data/ratis/045ea6be-5c70-427a-91cd-8820b9a2dc65/in_use.lock acquired by nodename 30552@fv-az779-213
2024-02-22 20:33:41,351 [e46a6e51-795f-4801-a523-c45a6c7f2c34-groupManagement] INFO  server.RaftServerConfigKeys (ConfUtils.java:logGet(46)) - raft.server.log.statemachine.data.sync.timeout.retry = 0 (custom)
2024-02-22 20:33:41,357 [13f92446-3b18-4d81-bc66-0f9b00220e72-groupManagement] INFO  server.RaftServerConfigKeys (ConfUtils.java:logGet(46)) - raft.server.snapshot.trigger-when-stop.enabled = true (default)
2024-02-22 20:33:41,358 [13f92446-3b18-4d81-bc66-0f9b00220e72-groupManagement] INFO  server.RaftServerConfigKeys (ConfUtils.java:logGet(46)) - raft.server.snapshot.auto.trigger.enabled = true (custom)
2024-02-22 20:33:41,358 [13f92446-3b18-4d81-bc66-0f9b00220e72-groupManagement] INFO  server.RaftServerConfigKeys (ConfUtils.java:logGet(46)) - raft.server.snapshot.auto.trigger.threshold = 10000 (custom)
2024-02-22 20:33:41,358 [13f92446-3b18-4d81-bc66-0f9b00220e72-groupManagement] INFO  server.RaftServerConfigKeys (ConfUtils.java:logGet(46)) - raft.server.snapshot.retention.file.num = 5 (custom)
2024-02-22 20:33:41,358 [13f92446-3b18-4d81-bc66-0f9b00220e72-groupManagement] INFO  server.RaftServerConfigKeys (ConfUtils.java:logGet(46)) - raft.server.log.purge.upto.snapshot.index = false (default)
2024-02-22 20:33:41,359 [13f92446-3b18-4d81-bc66-0f9b00220e72@group-C6933685B048-FollowerState] INFO  server.RaftServerConfigKeys (ConfUtils.java:logFallback(53)) - raft.server.rpc.first-election.timeout.min = 5s (fallback to raft.server.rpc.timeout.min)
2024-02-22 20:33:41,359 [13f92446-3b18-4d81-bc66-0f9b00220e72@group-C6933685B048-FollowerState] INFO  server.RaftServerConfigKeys (ConfUtils.java:logFallback(53)) - raft.server.rpc.first-election.timeout.max = 5200ms (fallback to raft.server.rpc.timeout.max)
2024-02-22 20:33:41,362 [78f89d9b-e409-4704-890b-bfcfbcdfd28a-groupManagement] INFO  storage.RaftStorage (RaftStorageImpl.java:format(99)) - Storage directory /home/runner/work/ozone/ozone/hadoop-ozone/integration-test/target/test-dir/MiniOzoneClusterImpl-a0fc024b-a492-45a5-9697-b0d14f72cb5c/datanode-8/data/ratis/045ea6be-5c70-427a-91cd-8820b9a2dc65 has been successfully formatted.
2024-02-22 20:33:41,362 [78f89d9b-e409-4704-890b-bfcfbcdfd28a-groupManagement] WARN  util.FileUtils (LogUtils.java:supplyAndLog(63)) - Failed to Files.newInputStream /home/runner/work/ozone/ozone/hadoop-ozone/integration-test/target/test-dir/MiniOzoneClusterImpl-a0fc024b-a492-45a5-9697-b0d14f72cb5c/datanode-8/data/ratis/045ea6be-5c70-427a-91cd-8820b9a2dc65/current/raft-meta.conf with options []: java.nio.file.NoSuchFileException: /home/runner/work/ozone/ozone/hadoop-ozone/integration-test/target/test-dir/MiniOzoneClusterImpl-a0fc024b-a492-45a5-9697-b0d14f72cb5c/datanode-8/data/ratis/045ea6be-5c70-427a-91cd-8820b9a2dc65/current/raft-meta.conf
2024-02-22 20:33:41,362 [e46a6e51-795f-4801-a523-c45a6c7f2c34-groupManagement] INFO  server.RaftServerConfigKeys (ConfUtils.java:logGet(46)) - raft.server.log.write.buffer.size = 8388616 (custom)
2024-02-22 20:33:41,365 [e46a6e51-795f-4801-a523-c45a6c7f2c34-groupManagement] INFO  server.RaftServerConfigKeys (ConfUtils.java:logGet(46)) - raft.server.log.appender.buffer.byte-limit = 8388608 (custom)
2024-02-22 20:33:41,365 [e46a6e51-795f-4801-a523-c45a6c7f2c34-groupManagement] INFO  server.RaftServerConfigKeys (ConfUtils.java:logGet(46)) - raft.server.log.unsafe-flush.enabled = false (default)
2024-02-22 20:33:41,365 [e46a6e51-795f-4801-a523-c45a6c7f2c34-groupManagement] INFO  server.RaftServerConfigKeys (ConfUtils.java:logGet(46)) - raft.server.log.async-flush.enabled = false (default)
2024-02-22 20:33:41,365 [e46a6e51-795f-4801-a523-c45a6c7f2c34-groupManagement] INFO  server.RaftServerConfigKeys (ConfUtils.java:logGet(46)) - raft.server.log.statemachine.data.caching.enabled = true (custom)
2024-02-22 20:33:41,365 [e46a6e51-795f-4801-a523-c45a6c7f2c34-groupManagement] INFO  segmented.SegmentedRaftLogWorker (SegmentedRaftLogWorker.java:lambda$new$0(134)) - e46a6e51-795f-4801-a523-c45a6c7f2c34@group-1944BBB8D763-SegmentedRaftLogWorker: flushIndex: setUnconditionally 0 -> -1
2024-02-22 20:33:41,365 [e46a6e51-795f-4801-a523-c45a6c7f2c34-groupManagement] INFO  segmented.SegmentedRaftLogWorker (SegmentedRaftLogWorker.java:lambda$new$0(134)) - e46a6e51-795f-4801-a523-c45a6c7f2c34@group-1944BBB8D763-SegmentedRaftLogWorker: safeCacheEvictIndex: setUnconditionally 0 -> -1
2024-02-22 20:33:41,361 [EventQueue-PipelineReportForPipelineReportHandler] INFO  pipeline.PipelineReportHandler (PipelineReportHandler.java:processPipelineReport(136)) - Opened pipeline PipelineID=3026ec21-9570-4ecf-bd50-2db48ff385fc
2024-02-22 20:33:41,366 [EventQueue-OpenPipelineForHealthyPipelineSafeModeRule] INFO  safemode.SCMSafeModeManager (HealthyPipelineSafeModeRule.java:process(140)) - SCM in safe mode. Healthy pipelines reported count is 0, required healthy pipeline reported count is 1
2024-02-22 20:33:41,366 [EventQueue-OpenPipelineForHealthyPipelineSafeModeRule] INFO  safemode.SCMSafeModeManager (HealthyPipelineSafeModeRule.java:process(140)) - SCM in safe mode. Healthy pipelines reported count is 0, required healthy pipeline reported count is 1
2024-02-22 20:33:41,361 [923be64f-71f4-4891-b05d-82ff5a9df5b5-groupManagement] INFO  server.RaftServerConfigKeys (ConfUtils.java:logGet(46)) - raft.server.rpc.request.timeout = 60s (custom)
2024-02-22 20:33:41,366 [923be64f-71f4-4891-b05d-82ff5a9df5b5-groupManagement] INFO  server.RaftServerConfigKeys (ConfUtils.java:logGet(46)) - raft.server.log.appender.install.snapshot.enabled = false (custom)
2024-02-22 20:33:41,366 [923be64f-71f4-4891-b05d-82ff5a9df5b5-groupManagement] INFO  server.RaftServerConfigKeys (ConfUtils.java:logGet(46)) - raft.server.threadpool.server.cached = true (default)
2024-02-22 20:33:41,366 [923be64f-71f4-4891-b05d-82ff5a9df5b5-groupManagement] INFO  server.RaftServerConfigKeys (ConfUtils.java:logGet(46)) - raft.server.threadpool.server.size = 0 (default)
2024-02-22 20:33:41,366 [923be64f-71f4-4891-b05d-82ff5a9df5b5-groupManagement] INFO  server.RaftServerConfigKeys (ConfUtils.java:logGet(46)) - raft.server.threadpool.client.cached = true (default)
2024-02-22 20:33:41,367 [923be64f-71f4-4891-b05d-82ff5a9df5b5-groupManagement] INFO  server.RaftServerConfigKeys (ConfUtils.java:logGet(46)) - raft.server.threadpool.client.size = 0 (default)
2024-02-22 20:33:41,367 [923be64f-71f4-4891-b05d-82ff5a9df5b5-groupManagement] INFO  server.RaftServerConfigKeys (ConfUtils.java:logGet(46)) - raft.server.storage.free-space.min = 0MB (=0) (default)
2024-02-22 20:33:41,367 [923be64f-71f4-4891-b05d-82ff5a9df5b5-groupManagement] INFO  server.RaftServerConfigKeys (ConfUtils.java:logGet(46)) - raft.server.log.corruption.policy = EXCEPTION (default)
2024-02-22 20:33:41,367 [923be64f-71f4-4891-b05d-82ff5a9df5b5-groupManagement] INFO  server.RaftServerConfigKeys (ConfUtils.java:logGet(46)) - raft.server.storage.dir = [/home/runner/work/ozone/ozone/hadoop-ozone/integration-test/target/test-dir/MiniOzoneClusterImpl-a0fc024b-a492-45a5-9697-b0d14f72cb5c/datanode-1/data/ratis] (custom)
2024-02-22 20:33:41,367 [923be64f-71f4-4891-b05d-82ff5a9df5b5-groupManagement] INFO  storage.RaftStorageDirectory (RaftStorageDirectoryImpl.java:analyzeStorage(138)) - The storage directory /home/runner/work/ozone/ozone/hadoop-ozone/integration-test/target/test-dir/MiniOzoneClusterImpl-a0fc024b-a492-45a5-9697-b0d14f72cb5c/datanode-1/data/ratis/7a70ea48-d71a-4b2b-bc50-affc1e458e84 does not exist. Creating ...
2024-02-22 20:33:41,359 [c30fedce-f286-40e0-881d-3d5a9a6e2463-groupManagement] INFO  ratis.ContainerStateMachine (ContainerStateMachine.java:loadSnapshot(287)) - group-2DB48FF385FC: The snapshot info is null. Setting the last applied index to:(t:0, i:~)
2024-02-22 20:33:41,367 [c30fedce-f286-40e0-881d-3d5a9a6e2463-groupManagement] INFO  server.RaftServerConfigKeys (ConfUtils.java:logGet(46)) - raft.server.log.use.memory = false (default)
2024-02-22 20:33:41,367 [c30fedce-f286-40e0-881d-3d5a9a6e2463-groupManagement] INFO  server.RaftServerConfigKeys (ConfUtils.java:logGet(46)) - raft.server.log.purge.gap = 1000000 (custom)
2024-02-22 20:33:41,368 [c30fedce-f286-40e0-881d-3d5a9a6e2463-groupManagement] INFO  server.RaftServerConfigKeys (ConfUtils.java:logGet(46)) - raft.server.log.appender.buffer.byte-limit = 8388608 (custom)
2024-02-22 20:33:41,368 [c30fedce-f286-40e0-881d-3d5a9a6e2463-groupManagement] INFO  server.RaftServerConfigKeys (ConfUtils.java:logGet(46)) - raft.server.log.statemachine.data.read.timeout = 1000ms (default)
2024-02-22 20:33:41,368 [c30fedce-f286-40e0-881d-3d5a9a6e2463-groupManagement] INFO  server.RaftServerConfigKeys (ConfUtils.java:logGet(46)) - raft.server.log.purge.preservation.log.num = 0 (default)
2024-02-22 20:33:41,368 [923be64f-71f4-4891-b05d-82ff5a9df5b5-groupManagement] INFO  storage.RaftStorageDirectory (RaftStorageDirectoryImpl.java:tryLock(228)) - Lock on /home/runner/work/ozone/ozone/hadoop-ozone/integration-test/target/test-dir/MiniOzoneClusterImpl-a0fc024b-a492-45a5-9697-b0d14f72cb5c/datanode-1/data/ratis/7a70ea48-d71a-4b2b-bc50-affc1e458e84/in_use.lock acquired by nodename 30552@fv-az779-213
2024-02-22 20:33:41,369 [c30fedce-f286-40e0-881d-3d5a9a6e2463-groupManagement] INFO  server.RaftServerConfigKeys (ConfUtils.java:logGet(46)) - raft.server.log.segment.size.max = 67108864 (custom)
2024-02-22 20:33:41,369 [c30fedce-f286-40e0-881d-3d5a9a6e2463-groupManagement] INFO  server.RaftServerConfigKeys (ConfUtils.java:logGet(46)) - raft.server.log.segment.cache.num.max = 2 (custom)
2024-02-22 20:33:41,369 [c30fedce-f286-40e0-881d-3d5a9a6e2463-groupManagement] INFO  server.RaftServerConfigKeys (ConfUtils.java:logGet(46)) - raft.server.log.segment.cache.size.max = 200MB (=209715200) (default)
2024-02-22 20:33:41,369 [c30fedce-f286-40e0-881d-3d5a9a6e2463-groupManagement] INFO  server.RaftServerConfigKeys (ConfUtils.java:logGet(46)) - raft.server.log.appender.buffer.byte-limit = 8388608 (custom)
2024-02-22 20:33:41,370 [923be64f-71f4-4891-b05d-82ff5a9df5b5-groupManagement] INFO  storage.RaftStorage (RaftStorageImpl.java:format(99)) - Storage directory /home/runner/work/ozone/ozone/hadoop-ozone/integration-test/target/test-dir/MiniOzoneClusterImpl-a0fc024b-a492-45a5-9697-b0d14f72cb5c/datanode-1/data/ratis/7a70ea48-d71a-4b2b-bc50-affc1e458e84 has been successfully formatted.
2024-02-22 20:33:41,370 [923be64f-71f4-4891-b05d-82ff5a9df5b5-groupManagement] WARN  util.FileUtils (LogUtils.java:supplyAndLog(63)) - Failed to Files.newInputStream /home/runner/work/ozone/ozone/hadoop-ozone/integration-test/target/test-dir/MiniOzoneClusterImpl-a0fc024b-a492-45a5-9697-b0d14f72cb5c/datanode-1/data/ratis/7a70ea48-d71a-4b2b-bc50-affc1e458e84/current/raft-meta.conf with options []: java.nio.file.NoSuchFileException: /home/runner/work/ozone/ozone/hadoop-ozone/integration-test/target/test-dir/MiniOzoneClusterImpl-a0fc024b-a492-45a5-9697-b0d14f72cb5c/datanode-1/data/ratis/7a70ea48-d71a-4b2b-bc50-affc1e458e84/current/raft-meta.conf
2024-02-22 20:33:41,374 [c30fedce-f286-40e0-881d-3d5a9a6e2463-groupManagement] INFO  util.AwaitToRun (AwaitToRun.java:start(81)) - Thread[c30fedce-f286-40e0-881d-3d5a9a6e2463@group-2DB48FF385FC-cacheEviction-AwaitToRun,5,main] started
2024-02-22 20:33:41,383 [c30fedce-f286-40e0-881d-3d5a9a6e2463-groupManagement] INFO  segmented.SegmentedRaftLogWorker (SegmentedRaftLogWorker.java:<init>(182)) - new c30fedce-f286-40e0-881d-3d5a9a6e2463@group-2DB48FF385FC-SegmentedRaftLogWorker for RaftStorageImpl:Storage Directory /home/runner/work/ozone/ozone/hadoop-ozone/integration-test/target/test-dir/MiniOzoneClusterImpl-a0fc024b-a492-45a5-9697-b0d14f72cb5c/datanode-6/data/ratis/3026ec21-9570-4ecf-bd50-2db48ff385fc
2024-02-22 20:33:41,383 [c30fedce-f286-40e0-881d-3d5a9a6e2463-groupManagement] INFO  server.RaftServerConfigKeys (ConfUtils.java:logGet(46)) - raft.server.log.queue.byte-limit = 4294967296 (custom)
2024-02-22 20:33:41,383 [c30fedce-f286-40e0-881d-3d5a9a6e2463-groupManagement] INFO  server.RaftServerConfigKeys (ConfUtils.java:logGet(46)) - raft.server.log.queue.element-limit = 1024 (custom)
2024-02-22 20:33:41,383 [c30fedce-f286-40e0-881d-3d5a9a6e2463-groupManagement] INFO  server.RaftServerConfigKeys (ConfUtils.java:logGet(46)) - raft.server.log.segment.size.max = 67108864 (custom)
2024-02-22 20:33:41,383 [c30fedce-f286-40e0-881d-3d5a9a6e2463-groupManagement] INFO  server.RaftServerConfigKeys (ConfUtils.java:logGet(46)) - raft.server.log.preallocated.size = 4194304 (custom)
2024-02-22 20:33:41,384 [c30fedce-f286-40e0-881d-3d5a9a6e2463-groupManagement] INFO  server.RaftServerConfigKeys (ConfUtils.java:logGet(46)) - raft.server.log.force.sync.num = 128 (default)
2024-02-22 20:33:41,384 [c30fedce-f286-40e0-881d-3d5a9a6e2463-groupManagement] INFO  server.RaftServerConfigKeys (ConfUtils.java:logGet(46)) - raft.server.log.statemachine.data.sync = true (default)
2024-02-22 20:33:41,384 [c30fedce-f286-40e0-881d-3d5a9a6e2463-groupManagement] INFO  server.RaftServerConfigKeys (ConfUtils.java:logGet(46)) - raft.server.log.statemachine.data.sync.timeout = 10s (default)
2024-02-22 20:33:41,384 [c30fedce-f286-40e0-881d-3d5a9a6e2463-groupManagement] INFO  server.RaftServerConfigKeys (ConfUtils.java:logGet(46)) - raft.server.log.statemachine.data.sync.timeout.retry = 0 (custom)
2024-02-22 20:33:41,384 [c30fedce-f286-40e0-881d-3d5a9a6e2463-groupManagement] INFO  server.RaftServerConfigKeys (ConfUtils.java:logGet(46)) - raft.server.log.write.buffer.size = 8388616 (custom)
2024-02-22 20:33:41,386 [c30fedce-f286-40e0-881d-3d5a9a6e2463-groupManagement] INFO  server.RaftServerConfigKeys (ConfUtils.java:logGet(46)) - raft.server.log.appender.buffer.byte-limit = 8388608 (custom)
2024-02-22 20:33:41,386 [c30fedce-f286-40e0-881d-3d5a9a6e2463-groupManagement] INFO  server.RaftServerConfigKeys (ConfUtils.java:logGet(46)) - raft.server.log.unsafe-flush.enabled = false (default)
2024-02-22 20:33:41,386 [c30fedce-f286-40e0-881d-3d5a9a6e2463-groupManagement] INFO  server.RaftServerConfigKeys (ConfUtils.java:logGet(46)) - raft.server.log.async-flush.enabled = false (default)
2024-02-22 20:33:41,386 [c30fedce-f286-40e0-881d-3d5a9a6e2463-groupManagement] INFO  server.RaftServerConfigKeys (ConfUtils.java:logGet(46)) - raft.server.log.statemachine.data.caching.enabled = true (custom)
2024-02-22 20:33:41,381 [13f92446-3b18-4d81-bc66-0f9b00220e72-PipelineCommandHandlerThread-0] INFO  ratis.XceiverServerRatis (XceiverServerRatis.java:addGroup(864)) - Created group PipelineID=724f0737-a92a-4fca-96d8-c6933685b048
2024-02-22 20:33:41,378 [EventQueue-OpenPipelineForHealthyPipelineSafeModeRule] INFO  safemode.SCMSafeModeManager (HealthyPipelineSafeModeRule.java:process(140)) - SCM in safe mode. Healthy pipelines reported count is 0, required healthy pipeline reported count is 1
2024-02-22 20:33:41,377 [78f89d9b-e409-4704-890b-bfcfbcdfd28a-groupManagement] INFO  ratis.ContainerStateMachine (ContainerStateMachine.java:loadSnapshot(287)) - group-8820B9A2DC65: The snapshot info is null. Setting the last applied index to:(t:0, i:~)
2024-02-22 20:33:41,386 [78f89d9b-e409-4704-890b-bfcfbcdfd28a-groupManagement] INFO  server.RaftServerConfigKeys (ConfUtils.java:logGet(46)) - raft.server.log.use.memory = false (default)
2024-02-22 20:33:41,387 [78f89d9b-e409-4704-890b-bfcfbcdfd28a-groupManagement] INFO  server.RaftServerConfigKeys (ConfUtils.java:logGet(46)) - raft.server.log.purge.gap = 1000000 (custom)
2024-02-22 20:33:41,387 [78f89d9b-e409-4704-890b-bfcfbcdfd28a-groupManagement] INFO  server.RaftServerConfigKeys (ConfUtils.java:logGet(46)) - raft.server.log.appender.buffer.byte-limit = 8388608 (custom)
2024-02-22 20:33:41,387 [78f89d9b-e409-4704-890b-bfcfbcdfd28a-groupManagement] INFO  server.RaftServerConfigKeys (ConfUtils.java:logGet(46)) - raft.server.log.statemachine.data.read.timeout = 1000ms (default)
2024-02-22 20:33:41,387 [78f89d9b-e409-4704-890b-bfcfbcdfd28a-groupManagement] INFO  server.RaftServerConfigKeys (ConfUtils.java:logGet(46)) - raft.server.log.purge.preservation.log.num = 0 (default)
2024-02-22 20:33:41,376 [dc26353c-d48a-467d-89cd-3a7c4b626396-PipelineCommandHandlerThread-0] INFO  commandhandler.CreatePipelineCommandHandler (CreatePipelineCommandHandler.java:lambda$handle$2(124)) - Created Pipeline RATIS THREE PipelineID=2f90e3ba-f3fd-48ab-9225-bdbad3ab70b4.
2024-02-22 20:33:41,375 [e46a6e51-795f-4801-a523-c45a6c7f2c34-groupManagement] INFO  server.RaftServer$Division (RaftServerImpl.java:start(396)) - e46a6e51-795f-4801-a523-c45a6c7f2c34@group-1944BBB8D763: start as a follower, conf=-1: peers:[86ab988c-fa9c-425d-a1c6-9004ff7fd93d|10.1.0.33:15059, e46a6e51-795f-4801-a523-c45a6c7f2c34|10.1.0.33:15014, e780b093-7242-46d7-bd8f-0f810188c7b3|10.1.0.33:15095]|listeners:[], old=null
2024-02-22 20:33:41,387 [e46a6e51-795f-4801-a523-c45a6c7f2c34-groupManagement] INFO  server.RaftServer$Division (RaftServerImpl.java:setRole(383)) - e46a6e51-795f-4801-a523-c45a6c7f2c34@group-1944BBB8D763: changes role from      null to FOLLOWER at term 0 for startAsFollower
2024-02-22 20:33:41,387 [e46a6e51-795f-4801-a523-c45a6c7f2c34-groupManagement] INFO  impl.RoleInfo (RoleInfo.java:updateAndGet(139)) - e46a6e51-795f-4801-a523-c45a6c7f2c34: start e46a6e51-795f-4801-a523-c45a6c7f2c34@group-1944BBB8D763-FollowerState
2024-02-22 20:33:41,387 [dc26353c-d48a-467d-89cd-3a7c4b626396-PipelineCommandHandlerThread-0] INFO  server.RaftServer (RaftServerProxy.java:addNew(100)) - dc26353c-d48a-467d-89cd-3a7c4b626396: addNew group-34E96220011A:[86ab988c-fa9c-425d-a1c6-9004ff7fd93d|10.1.0.33:15059, c30fedce-f286-40e0-881d-3d5a9a6e2463|10.1.0.33:15068, dc26353c-d48a-467d-89cd-3a7c4b626396|10.1.0.33:15050] returns group-34E96220011A:java.util.concurrent.CompletableFuture@1d13455e[Not completed]
2024-02-22 20:33:41,390 [e46a6e51-795f-4801-a523-c45a6c7f2c34@group-1944BBB8D763-FollowerState] INFO  server.RaftServerConfigKeys (ConfUtils.java:logFallback(53)) - raft.server.rpc.first-election.timeout.min = 5s (fallback to raft.server.rpc.timeout.min)
2024-02-22 20:33:41,390 [e46a6e51-795f-4801-a523-c45a6c7f2c34@group-1944BBB8D763-FollowerState] INFO  server.RaftServerConfigKeys (ConfUtils.java:logFallback(53)) - raft.server.rpc.first-election.timeout.max = 5200ms (fallback to raft.server.rpc.timeout.max)
2024-02-22 20:33:41,391 [c30fedce-f286-40e0-881d-3d5a9a6e2463-groupManagement] INFO  segmented.SegmentedRaftLogWorker (SegmentedRaftLogWorker.java:lambda$new$0(134)) - c30fedce-f286-40e0-881d-3d5a9a6e2463@group-2DB48FF385FC-SegmentedRaftLogWorker: flushIndex: setUnconditionally 0 -> -1
2024-02-22 20:33:41,391 [c30fedce-f286-40e0-881d-3d5a9a6e2463-groupManagement] INFO  segmented.SegmentedRaftLogWorker (SegmentedRaftLogWorker.java:lambda$new$0(134)) - c30fedce-f286-40e0-881d-3d5a9a6e2463@group-2DB48FF385FC-SegmentedRaftLogWorker: safeCacheEvictIndex: setUnconditionally 0 -> -1
2024-02-22 20:33:41,391 [923be64f-71f4-4891-b05d-82ff5a9df5b5-groupManagement] INFO  ratis.ContainerStateMachine (ContainerStateMachine.java:loadSnapshot(287)) - group-AFFC1E458E84: The snapshot info is null. Setting the last applied index to:(t:0, i:~)
2024-02-22 20:33:41,391 [923be64f-71f4-4891-b05d-82ff5a9df5b5-groupManagement] INFO  server.RaftServerConfigKeys (ConfUtils.java:logGet(46)) - raft.server.log.use.memory = false (default)
2024-02-22 20:33:41,391 [923be64f-71f4-4891-b05d-82ff5a9df5b5-groupManagement] INFO  server.RaftServerConfigKeys (ConfUtils.java:logGet(46)) - raft.server.log.purge.gap = 1000000 (custom)
2024-02-22 20:33:41,392 [923be64f-71f4-4891-b05d-82ff5a9df5b5-groupManagement] INFO  server.RaftServerConfigKeys (ConfUtils.java:logGet(46)) - raft.server.log.appender.buffer.byte-limit = 8388608 (custom)
2024-02-22 20:33:41,392 [923be64f-71f4-4891-b05d-82ff5a9df5b5-groupManagement] INFO  server.RaftServerConfigKeys (ConfUtils.java:logGet(46)) - raft.server.log.statemachine.data.read.timeout = 1000ms (default)
2024-02-22 20:33:41,392 [923be64f-71f4-4891-b05d-82ff5a9df5b5-groupManagement] INFO  server.RaftServerConfigKeys (ConfUtils.java:logGet(46)) - raft.server.log.purge.preservation.log.num = 0 (default)
2024-02-22 20:33:41,394 [EventQueue-OpenPipelineForHealthyPipelineSafeModeRule] INFO  safemode.SCMSafeModeManager (HealthyPipelineSafeModeRule.java:process(140)) - SCM in safe mode. Healthy pipelines reported count is 0, required healthy pipeline reported count is 1
2024-02-22 20:33:41,394 [EventQueue-OpenPipelineForHealthyPipelineSafeModeRule] INFO  safemode.SCMSafeModeManager (HealthyPipelineSafeModeRule.java:process(140)) - SCM in safe mode. Healthy pipelines reported count is 0, required healthy pipeline reported count is 1
2024-02-22 20:33:41,395 [dc26353c-d48a-467d-89cd-3a7c4b626396-groupManagement] INFO  server.RaftServer$Division (RaftServerImpl.java:<init>(256)) - dc26353c-d48a-467d-89cd-3a7c4b626396: new RaftServerImpl for group-34E96220011A:[86ab988c-fa9c-425d-a1c6-9004ff7fd93d|10.1.0.33:15059, c30fedce-f286-40e0-881d-3d5a9a6e2463|10.1.0.33:15068, dc26353c-d48a-467d-89cd-3a7c4b626396|10.1.0.33:15050] with ContainerStateMachine:uninitialized
2024-02-22 20:33:41,395 [dc26353c-d48a-467d-89cd-3a7c4b626396-groupManagement] INFO  server.RaftServerConfigKeys (ConfUtils.java:logGet(46)) - raft.server.rpc.timeout.min = 5s (custom)
2024-02-22 20:33:41,395 [dc26353c-d48a-467d-89cd-3a7c4b626396-groupManagement] INFO  server.RaftServerConfigKeys (ConfUtils.java:logGet(46)) - raft.server.rpc.timeout.max = 5200ms (custom)
2024-02-22 20:33:41,395 [dc26353c-d48a-467d-89cd-3a7c4b626396-groupManagement] INFO  server.RaftServerConfigKeys (ConfUtils.java:logGet(46)) - raft.server.rpc.sleep.time = 25ms (default)
2024-02-22 20:33:41,395 [dc26353c-d48a-467d-89cd-3a7c4b626396-groupManagement] INFO  server.RaftServerConfigKeys (ConfUtils.java:logGet(46)) - raft.server.rpc.slowness.timeout = 300s (custom)
2024-02-22 20:33:41,395 [dc26353c-d48a-467d-89cd-3a7c4b626396-groupManagement] INFO  server.RaftServerConfigKeys (ConfUtils.java:logGet(46)) - raft.server.leaderelection.leader.step-down.wait-time = 10s (default)
2024-02-22 20:33:41,395 [dc26353c-d48a-467d-89cd-3a7c4b626396-groupManagement] INFO  server.RaftServerConfigKeys (ConfUtils.java:logGet(46)) - raft.server.leaderelection.member.majority-add = false (default)
2024-02-22 20:33:41,395 [dc26353c-d48a-467d-89cd-3a7c4b626396-groupManagement] INFO  server.RaftServerConfigKeys (ConfUtils.java:logGet(46)) - raft.server.sleep.deviation.threshold = 300ms (default)
2024-02-22 20:33:41,396 [dc26353c-d48a-467d-89cd-3a7c4b626396-groupManagement] INFO  server.RaftServer$Division (ServerState.java:<init>(113)) - dc26353c-d48a-467d-89cd-3a7c4b626396@group-34E96220011A: ConfigurationManager, init=-1: peers:[86ab988c-fa9c-425d-a1c6-9004ff7fd93d|10.1.0.33:15059, c30fedce-f286-40e0-881d-3d5a9a6e2463|10.1.0.33:15068, dc26353c-d48a-467d-89cd-3a7c4b626396|10.1.0.33:15050]|listeners:[], old=null, confs=<EMPTY_MAP>
2024-02-22 20:33:41,396 [dc26353c-d48a-467d-89cd-3a7c4b626396-groupManagement] INFO  server.RaftServerConfigKeys (ConfUtils.java:logGet(46)) - raft.server.notification.no-leader.timeout = 300s (custom)
2024-02-22 20:33:41,396 [dc26353c-d48a-467d-89cd-3a7c4b626396-groupManagement] INFO  server.RaftServerConfigKeys (ConfUtils.java:logGet(46)) - raft.server.read.timeout = 10s (default)
2024-02-22 20:33:41,396 [dc26353c-d48a-467d-89cd-3a7c4b626396-groupManagement] INFO  server.RaftServerConfigKeys (ConfUtils.java:logGet(46)) - raft.server.retrycache.expirytime = 600000ms (custom)
2024-02-22 20:33:41,396 [dc26353c-d48a-467d-89cd-3a7c4b626396-groupManagement] INFO  server.RaftServerConfigKeys (ConfUtils.java:logGet(46)) - raft.server.retrycache.statistics.expirytime = 100ms (default)
2024-02-22 20:33:41,396 [dc26353c-d48a-467d-89cd-3a7c4b626396-groupManagement] INFO  server.RaftServerConfigKeys (ConfUtils.java:logGet(46)) - raft.server.read.option = DEFAULT (default)
2024-02-22 20:33:41,396 [dc26353c-d48a-467d-89cd-3a7c4b626396-groupManagement] INFO  server.RaftServerConfigKeys (ConfUtils.java:logGet(46)) - raft.server.read.read-after-write-consistent.write-index-cache.expiry-time = 60s (default)
2024-02-22 20:33:41,396 [e46a6e51-795f-4801-a523-c45a6c7f2c34-groupManagement] INFO  util.JmxRegister (JmxRegister.java:tryRegister(44)) - Successfully registered JMX Bean with object name Ratis:service=RaftServer,group=group-1944BBB8D763,id=e46a6e51-795f-4801-a523-c45a6c7f2c34
2024-02-22 20:33:41,396 [e46a6e51-795f-4801-a523-c45a6c7f2c34-groupManagement] INFO  server.RaftServerConfigKeys (ConfUtils.java:logGet(46)) - raft.server.snapshot.trigger-when-stop.enabled = true (default)
2024-02-22 20:33:41,396 [e46a6e51-795f-4801-a523-c45a6c7f2c34-groupManagement] INFO  server.RaftServerConfigKeys (ConfUtils.java:logGet(46)) - raft.server.snapshot.auto.trigger.enabled = true (custom)
2024-02-22 20:33:41,397 [e46a6e51-795f-4801-a523-c45a6c7f2c34-groupManagement] INFO  server.RaftServerConfigKeys (ConfUtils.java:logGet(46)) - raft.server.snapshot.auto.trigger.threshold = 10000 (custom)
2024-02-22 20:33:41,397 [e46a6e51-795f-4801-a523-c45a6c7f2c34-groupManagement] INFO  server.RaftServerConfigKeys (ConfUtils.java:logGet(46)) - raft.server.snapshot.retention.file.num = 5 (custom)
2024-02-22 20:33:41,397 [e46a6e51-795f-4801-a523-c45a6c7f2c34-groupManagement] INFO  server.RaftServerConfigKeys (ConfUtils.java:logGet(46)) - raft.server.log.purge.upto.snapshot.index = false (default)
2024-02-22 20:33:41,397 [c30fedce-f286-40e0-881d-3d5a9a6e2463-groupManagement] INFO  server.RaftServer$Division (RaftServerImpl.java:start(396)) - c30fedce-f286-40e0-881d-3d5a9a6e2463@group-2DB48FF385FC: start as a follower, conf=-1: peers:[c30fedce-f286-40e0-881d-3d5a9a6e2463|10.1.0.33:15068]|listeners:[], old=null
2024-02-22 20:33:41,397 [c30fedce-f286-40e0-881d-3d5a9a6e2463-groupManagement] INFO  server.RaftServer$Division (RaftServerImpl.java:setRole(383)) - c30fedce-f286-40e0-881d-3d5a9a6e2463@group-2DB48FF385FC: changes role from      null to FOLLOWER at term 0 for startAsFollower
2024-02-22 20:33:41,397 [c30fedce-f286-40e0-881d-3d5a9a6e2463-groupManagement] INFO  impl.RoleInfo (RoleInfo.java:updateAndGet(139)) - c30fedce-f286-40e0-881d-3d5a9a6e2463: start c30fedce-f286-40e0-881d-3d5a9a6e2463@group-2DB48FF385FC-FollowerState
2024-02-22 20:33:41,398 [c30fedce-f286-40e0-881d-3d5a9a6e2463-groupManagement] INFO  util.JmxRegister (JmxRegister.java:tryRegister(44)) - Successfully registered JMX Bean with object name Ratis:service=RaftServer,group=group-2DB48FF385FC,id=c30fedce-f286-40e0-881d-3d5a9a6e2463
2024-02-22 20:33:41,398 [c30fedce-f286-40e0-881d-3d5a9a6e2463-groupManagement] INFO  server.RaftServerConfigKeys (ConfUtils.java:logGet(46)) - raft.server.snapshot.trigger-when-stop.enabled = true (default)
2024-02-22 20:33:41,398 [c30fedce-f286-40e0-881d-3d5a9a6e2463-groupManagement] INFO  server.RaftServerConfigKeys (ConfUtils.java:logGet(46)) - raft.server.snapshot.auto.trigger.enabled = true (custom)
2024-02-22 20:33:41,398 [c30fedce-f286-40e0-881d-3d5a9a6e2463-groupManagement] INFO  server.RaftServerConfigKeys (ConfUtils.java:logGet(46)) - raft.server.snapshot.auto.trigger.threshold = 10000 (custom)
2024-02-22 20:33:41,398 [c30fedce-f286-40e0-881d-3d5a9a6e2463-groupManagement] INFO  server.RaftServerConfigKeys (ConfUtils.java:logGet(46)) - raft.server.snapshot.retention.file.num = 5 (custom)
2024-02-22 20:33:41,398 [c30fedce-f286-40e0-881d-3d5a9a6e2463-groupManagement] INFO  server.RaftServerConfigKeys (ConfUtils.java:logGet(46)) - raft.server.log.purge.upto.snapshot.index = false (default)
2024-02-22 20:33:41,407 [grpc-default-executor-1] INFO  server.RaftServer (RaftServerProxy.java:addNew(100)) - c30fedce-f286-40e0-881d-3d5a9a6e2463: addNew group-C6933685B048:[86ab988c-fa9c-425d-a1c6-9004ff7fd93d|10.1.0.33:15059, c30fedce-f286-40e0-881d-3d5a9a6e2463|10.1.0.33:15068, 13f92446-3b18-4d81-bc66-0f9b00220e72|10.1.0.33:15077] returns group-C6933685B048:java.util.concurrent.CompletableFuture@683d52ce[Not completed]
2024-02-22 20:33:41,414 [c30fedce-f286-40e0-881d-3d5a9a6e2463-PipelineCommandHandlerThread-0] INFO  ratis.XceiverServerRatis (XceiverServerRatis.java:addGroup(864)) - Created group PipelineID=3026ec21-9570-4ecf-bd50-2db48ff385fc
2024-02-22 20:33:41,414 [c30fedce-f286-40e0-881d-3d5a9a6e2463-PipelineCommandHandlerThread-0] INFO  commandhandler.CreatePipelineCommandHandler (CreatePipelineCommandHandler.java:lambda$handle$2(124)) - Created Pipeline RATIS ONE PipelineID=3026ec21-9570-4ecf-bd50-2db48ff385fc.
2024-02-22 20:33:41,414 [c30fedce-f286-40e0-881d-3d5a9a6e2463-PipelineCommandHandlerThread-0] INFO  server.RaftServer (RaftServerProxy.java:addNew(100)) - c30fedce-f286-40e0-881d-3d5a9a6e2463: addNew group-34E96220011A:[86ab988c-fa9c-425d-a1c6-9004ff7fd93d|10.1.0.33:15059, c30fedce-f286-40e0-881d-3d5a9a6e2463|10.1.0.33:15068, dc26353c-d48a-467d-89cd-3a7c4b626396|10.1.0.33:15050] returns group-34E96220011A:java.util.concurrent.CompletableFuture@380fcb5a[Not completed]
2024-02-22 20:33:41,415 [c30fedce-f286-40e0-881d-3d5a9a6e2463@group-2DB48FF385FC-FollowerState] INFO  server.RaftServerConfigKeys (ConfUtils.java:logFallback(53)) - raft.server.rpc.first-election.timeout.min = 5s (fallback to raft.server.rpc.timeout.min)
2024-02-22 20:33:41,415 [c30fedce-f286-40e0-881d-3d5a9a6e2463@group-2DB48FF385FC-FollowerState] INFO  server.RaftServerConfigKeys (ConfUtils.java:logFallback(53)) - raft.server.rpc.first-election.timeout.max = 5200ms (fallback to raft.server.rpc.timeout.max)
2024-02-22 20:33:41,415 [c30fedce-f286-40e0-881d-3d5a9a6e2463-groupManagement] INFO  server.RaftServer$Division (RaftServerImpl.java:<init>(256)) - c30fedce-f286-40e0-881d-3d5a9a6e2463: new RaftServerImpl for group-C6933685B048:[86ab988c-fa9c-425d-a1c6-9004ff7fd93d|10.1.0.33:15059, c30fedce-f286-40e0-881d-3d5a9a6e2463|10.1.0.33:15068, 13f92446-3b18-4d81-bc66-0f9b00220e72|10.1.0.33:15077] with ContainerStateMachine:uninitialized
2024-02-22 20:33:41,415 [c30fedce-f286-40e0-881d-3d5a9a6e2463-groupManagement] INFO  server.RaftServerConfigKeys (ConfUtils.java:logGet(46)) - raft.server.rpc.timeout.min = 5s (custom)
2024-02-22 20:33:41,415 [c30fedce-f286-40e0-881d-3d5a9a6e2463-groupManagement] INFO  server.RaftServerConfigKeys (ConfUtils.java:logGet(46)) - raft.server.rpc.timeout.max = 5200ms (custom)
2024-02-22 20:33:41,415 [c30fedce-f286-40e0-881d-3d5a9a6e2463-groupManagement] INFO  server.RaftServerConfigKeys (ConfUtils.java:logGet(46)) - raft.server.rpc.sleep.time = 25ms (default)
2024-02-22 20:33:41,415 [c30fedce-f286-40e0-881d-3d5a9a6e2463-groupManagement] INFO  server.RaftServerConfigKeys (ConfUtils.java:logGet(46)) - raft.server.rpc.slowness.timeout = 300s (custom)
2024-02-22 20:33:41,415 [c30fedce-f286-40e0-881d-3d5a9a6e2463-groupManagement] INFO  server.RaftServerConfigKeys (ConfUtils.java:logGet(46)) - raft.server.leaderelection.leader.step-down.wait-time = 10s (default)
2024-02-22 20:33:41,415 [c30fedce-f286-40e0-881d-3d5a9a6e2463-groupManagement] INFO  server.RaftServerConfigKeys (ConfUtils.java:logGet(46)) - raft.server.leaderelection.member.majority-add = false (default)
2024-02-22 20:33:41,415 [c30fedce-f286-40e0-881d-3d5a9a6e2463-groupManagement] INFO  server.RaftServerConfigKeys (ConfUtils.java:logGet(46)) - raft.server.sleep.deviation.threshold = 300ms (default)
2024-02-22 20:33:41,416 [c30fedce-f286-40e0-881d-3d5a9a6e2463-groupManagement] INFO  server.RaftServer$Division (ServerState.java:<init>(113)) - c30fedce-f286-40e0-881d-3d5a9a6e2463@group-C6933685B048: ConfigurationManager, init=-1: peers:[86ab988c-fa9c-425d-a1c6-9004ff7fd93d|10.1.0.33:15059, c30fedce-f286-40e0-881d-3d5a9a6e2463|10.1.0.33:15068, 13f92446-3b18-4d81-bc66-0f9b00220e72|10.1.0.33:15077]|listeners:[], old=null, confs=<EMPTY_MAP>
2024-02-22 20:33:41,416 [c30fedce-f286-40e0-881d-3d5a9a6e2463-groupManagement] INFO  server.RaftServerConfigKeys (ConfUtils.java:logGet(46)) - raft.server.notification.no-leader.timeout = 300s (custom)
2024-02-22 20:33:41,416 [c30fedce-f286-40e0-881d-3d5a9a6e2463-groupManagement] INFO  server.RaftServerConfigKeys (ConfUtils.java:logGet(46)) - raft.server.read.timeout = 10s (default)
2024-02-22 20:33:41,416 [c30fedce-f286-40e0-881d-3d5a9a6e2463-groupManagement] INFO  server.RaftServerConfigKeys (ConfUtils.java:logGet(46)) - raft.server.retrycache.expirytime = 600000ms (custom)
2024-02-22 20:33:41,416 [c30fedce-f286-40e0-881d-3d5a9a6e2463-groupManagement] INFO  server.RaftServerConfigKeys (ConfUtils.java:logGet(46)) - raft.server.retrycache.statistics.expirytime = 100ms (default)
2024-02-22 20:33:41,416 [c30fedce-f286-40e0-881d-3d5a9a6e2463-groupManagement] INFO  server.RaftServerConfigKeys (ConfUtils.java:logGet(46)) - raft.server.read.option = DEFAULT (default)
2024-02-22 20:33:41,416 [c30fedce-f286-40e0-881d-3d5a9a6e2463-groupManagement] INFO  server.RaftServerConfigKeys (ConfUtils.java:logGet(46)) - raft.server.read.read-after-write-consistent.write-index-cache.expiry-time = 60s (default)
2024-02-22 20:33:41,424 [e46a6e51-795f-4801-a523-c45a6c7f2c34-PipelineCommandHandlerThread-0] INFO  ratis.XceiverServerRatis (XceiverServerRatis.java:addGroup(864)) - Created group PipelineID=567d6c0b-0c61-46d9-a73e-1944bbb8d763
2024-02-22 20:33:41,424 [e780b093-7242-46d7-bd8f-0f810188c7b3-PipelineCommandHandlerThread-0] INFO  commandhandler.CreatePipelineCommandHandler (CreatePipelineCommandHandler.java:lambda$handle$2(124)) - Created Pipeline RATIS THREE PipelineID=567d6c0b-0c61-46d9-a73e-1944bbb8d763.
2024-02-22 20:33:41,424 [e780b093-7242-46d7-bd8f-0f810188c7b3-PipelineCommandHandlerThread-0] INFO  server.RaftServer (RaftServerProxy.java:addNew(100)) - e780b093-7242-46d7-bd8f-0f810188c7b3: addNew group-AFFC1E458E84:[923be64f-71f4-4891-b05d-82ff5a9df5b5|10.1.0.33:15023, e46a6e51-795f-4801-a523-c45a6c7f2c34|10.1.0.33:15014, e780b093-7242-46d7-bd8f-0f810188c7b3|10.1.0.33:15095] returns group-AFFC1E458E84:java.util.concurrent.CompletableFuture@6d045815[Not completed]
2024-02-22 20:33:41,427 [e780b093-7242-46d7-bd8f-0f810188c7b3-groupManagement] INFO  server.RaftServer$Division (RaftServerImpl.java:<init>(256)) - e780b093-7242-46d7-bd8f-0f810188c7b3: new RaftServerImpl for group-AFFC1E458E84:[923be64f-71f4-4891-b05d-82ff5a9df5b5|10.1.0.33:15023, e46a6e51-795f-4801-a523-c45a6c7f2c34|10.1.0.33:15014, e780b093-7242-46d7-bd8f-0f810188c7b3|10.1.0.33:15095] with ContainerStateMachine:uninitialized
2024-02-22 20:33:41,428 [e780b093-7242-46d7-bd8f-0f810188c7b3-groupManagement] INFO  server.RaftServerConfigKeys (ConfUtils.java:logGet(46)) - raft.server.rpc.timeout.min = 5s (custom)
2024-02-22 20:33:41,428 [e780b093-7242-46d7-bd8f-0f810188c7b3-groupManagement] INFO  server.RaftServerConfigKeys (ConfUtils.java:logGet(46)) - raft.server.rpc.timeout.max = 5200ms (custom)
2024-02-22 20:33:41,428 [e780b093-7242-46d7-bd8f-0f810188c7b3-groupManagement] INFO  server.RaftServerConfigKeys (ConfUtils.java:logGet(46)) - raft.server.rpc.sleep.time = 25ms (default)
2024-02-22 20:33:41,428 [e780b093-7242-46d7-bd8f-0f810188c7b3-groupManagement] INFO  server.RaftServerConfigKeys (ConfUtils.java:logGet(46)) - raft.server.rpc.slowness.timeout = 300s (custom)
2024-02-22 20:33:41,428 [e780b093-7242-46d7-bd8f-0f810188c7b3-groupManagement] INFO  server.RaftServerConfigKeys (ConfUtils.java:logGet(46)) - raft.server.leaderelection.leader.step-down.wait-time = 10s (default)
2024-02-22 20:33:41,428 [e780b093-7242-46d7-bd8f-0f810188c7b3-groupManagement] INFO  server.RaftServerConfigKeys (ConfUtils.java:logGet(46)) - raft.server.leaderelection.member.majority-add = false (default)
2024-02-22 20:33:41,428 [e780b093-7242-46d7-bd8f-0f810188c7b3-groupManagement] INFO  server.RaftServerConfigKeys (ConfUtils.java:logGet(46)) - raft.server.sleep.deviation.threshold = 300ms (default)
2024-02-22 20:33:41,428 [e780b093-7242-46d7-bd8f-0f810188c7b3-groupManagement] INFO  server.RaftServer$Division (ServerState.java:<init>(113)) - e780b093-7242-46d7-bd8f-0f810188c7b3@group-AFFC1E458E84: ConfigurationManager, init=-1: peers:[923be64f-71f4-4891-b05d-82ff5a9df5b5|10.1.0.33:15023, e46a6e51-795f-4801-a523-c45a6c7f2c34|10.1.0.33:15014, e780b093-7242-46d7-bd8f-0f810188c7b3|10.1.0.33:15095]|listeners:[], old=null, confs=<EMPTY_MAP>
2024-02-22 20:33:41,428 [e780b093-7242-46d7-bd8f-0f810188c7b3-groupManagement] INFO  server.RaftServerConfigKeys (ConfUtils.java:logGet(46)) - raft.server.notification.no-leader.timeout = 300s (custom)
2024-02-22 20:33:41,428 [e780b093-7242-46d7-bd8f-0f810188c7b3-groupManagement] INFO  server.RaftServerConfigKeys (ConfUtils.java:logGet(46)) - raft.server.read.timeout = 10s (default)
2024-02-22 20:33:41,428 [e780b093-7242-46d7-bd8f-0f810188c7b3-groupManagement] INFO  server.RaftServerConfigKeys (ConfUtils.java:logGet(46)) - raft.server.retrycache.expirytime = 600000ms (custom)
2024-02-22 20:33:41,428 [e780b093-7242-46d7-bd8f-0f810188c7b3-groupManagement] INFO  server.RaftServerConfigKeys (ConfUtils.java:logGet(46)) - raft.server.retrycache.statistics.expirytime = 100ms (default)
2024-02-22 20:33:41,428 [e780b093-7242-46d7-bd8f-0f810188c7b3-groupManagement] INFO  server.RaftServerConfigKeys (ConfUtils.java:logGet(46)) - raft.server.read.option = DEFAULT (default)
2024-02-22 20:33:41,428 [e780b093-7242-46d7-bd8f-0f810188c7b3-groupManagement] INFO  server.RaftServerConfigKeys (ConfUtils.java:logGet(46)) - raft.server.read.read-after-write-consistent.write-index-cache.expiry-time = 60s (default)
2024-02-22 20:33:41,439 [78f89d9b-e409-4704-890b-bfcfbcdfd28a-groupManagement] INFO  server.RaftServerConfigKeys (ConfUtils.java:logGet(46)) - raft.server.log.segment.size.max = 67108864 (custom)
2024-02-22 20:33:41,439 [923be64f-71f4-4891-b05d-82ff5a9df5b5-groupManagement] INFO  server.RaftServerConfigKeys (ConfUtils.java:logGet(46)) - raft.server.log.segment.size.max = 67108864 (custom)
2024-02-22 20:33:41,443 [78f89d9b-e409-4704-890b-bfcfbcdfd28a-PipelineCommandHandlerThread-0] INFO  commandhandler.CreatePipelineCommandHandler (CreatePipelineCommandHandler.java:lambda$handle$2(124)) - Created Pipeline RATIS THREE PipelineID=6139a09f-40c0-48a4-995f-9d5bcf0fdb08.
2024-02-22 20:33:41,443 [78f89d9b-e409-4704-890b-bfcfbcdfd28a-PipelineCommandHandlerThread-0] INFO  server.RaftServer (RaftServerProxy.java:addNew(100)) - 78f89d9b-e409-4704-890b-bfcfbcdfd28a: addNew group-17BC54520CE5:[78f89d9b-e409-4704-890b-bfcfbcdfd28a|10.1.0.33:15086] returns group-17BC54520CE5:java.util.concurrent.CompletableFuture@3ffe2462[Not completed]
2024-02-22 20:33:41,447 [78f89d9b-e409-4704-890b-bfcfbcdfd28a-groupManagement] INFO  server.RaftServerConfigKeys (ConfUtils.java:logGet(46)) - raft.server.log.segment.cache.num.max = 2 (custom)
2024-02-22 20:33:41,447 [78f89d9b-e409-4704-890b-bfcfbcdfd28a-groupManagement] INFO  server.RaftServerConfigKeys (ConfUtils.java:logGet(46)) - raft.server.log.segment.cache.size.max = 200MB (=209715200) (default)
2024-02-22 20:33:41,447 [78f89d9b-e409-4704-890b-bfcfbcdfd28a-groupManagement] INFO  server.RaftServerConfigKeys (ConfUtils.java:logGet(46)) - raft.server.log.appender.buffer.byte-limit = 8388608 (custom)
2024-02-22 20:33:41,448 [923be64f-71f4-4891-b05d-82ff5a9df5b5-groupManagement] INFO  server.RaftServerConfigKeys (ConfUtils.java:logGet(46)) - raft.server.log.segment.cache.num.max = 2 (custom)
2024-02-22 20:33:41,448 [923be64f-71f4-4891-b05d-82ff5a9df5b5-groupManagement] INFO  server.RaftServerConfigKeys (ConfUtils.java:logGet(46)) - raft.server.log.segment.cache.size.max = 200MB (=209715200) (default)
2024-02-22 20:33:41,448 [923be64f-71f4-4891-b05d-82ff5a9df5b5-groupManagement] INFO  server.RaftServerConfigKeys (ConfUtils.java:logGet(46)) - raft.server.log.appender.buffer.byte-limit = 8388608 (custom)
2024-02-22 20:33:41,456 [d25dc3b0-28fc-4383-b1a0-617845025f41-PipelineCommandHandlerThread-0] INFO  commandhandler.CreatePipelineCommandHandler (CreatePipelineCommandHandler.java:lambda$handle$2(124)) - Created Pipeline RATIS THREE PipelineID=045ea6be-5c70-427a-91cd-8820b9a2dc65.
2024-02-22 20:33:41,456 [d25dc3b0-28fc-4383-b1a0-617845025f41-PipelineCommandHandlerThread-0] INFO  server.RaftServer (RaftServerProxy.java:addNew(100)) - d25dc3b0-28fc-4383-b1a0-617845025f41: addNew group-97BB02909E0E:[923be64f-71f4-4891-b05d-82ff5a9df5b5|10.1.0.33:15023, d25dc3b0-28fc-4383-b1a0-617845025f41|10.1.0.33:15032, 4e8f68d6-fd98-4f77-87e3-715939181693|10.1.0.33:15041] returns group-97BB02909E0E:java.util.concurrent.CompletableFuture@90ef59d[Not completed]
2024-02-22 20:33:41,457 [d25dc3b0-28fc-4383-b1a0-617845025f41-groupManagement] INFO  server.RaftServer$Division (RaftServerImpl.java:<init>(256)) - d25dc3b0-28fc-4383-b1a0-617845025f41: new RaftServerImpl for group-97BB02909E0E:[923be64f-71f4-4891-b05d-82ff5a9df5b5|10.1.0.33:15023, d25dc3b0-28fc-4383-b1a0-617845025f41|10.1.0.33:15032, 4e8f68d6-fd98-4f77-87e3-715939181693|10.1.0.33:15041] with ContainerStateMachine:uninitialized
2024-02-22 20:33:41,457 [d25dc3b0-28fc-4383-b1a0-617845025f41-groupManagement] INFO  server.RaftServerConfigKeys (ConfUtils.java:logGet(46)) - raft.server.rpc.timeout.min = 5s (custom)
2024-02-22 20:33:41,457 [d25dc3b0-28fc-4383-b1a0-617845025f41-groupManagement] INFO  server.RaftServerConfigKeys (ConfUtils.java:logGet(46)) - raft.server.rpc.timeout.max = 5200ms (custom)
2024-02-22 20:33:41,458 [d25dc3b0-28fc-4383-b1a0-617845025f41-groupManagement] INFO  server.RaftServerConfigKeys (ConfUtils.java:logGet(46)) - raft.server.rpc.sleep.time = 25ms (default)
2024-02-22 20:33:41,458 [d25dc3b0-28fc-4383-b1a0-617845025f41-groupManagement] INFO  server.RaftServerConfigKeys (ConfUtils.java:logGet(46)) - raft.server.rpc.slowness.timeout = 300s (custom)
2024-02-22 20:33:41,458 [d25dc3b0-28fc-4383-b1a0-617845025f41-groupManagement] INFO  server.RaftServerConfigKeys (ConfUtils.java:logGet(46)) - raft.server.leaderelection.leader.step-down.wait-time = 10s (default)
2024-02-22 20:33:41,458 [d25dc3b0-28fc-4383-b1a0-617845025f41-groupManagement] INFO  server.RaftServerConfigKeys (ConfUtils.java:logGet(46)) - raft.server.leaderelection.member.majority-add = false (default)
2024-02-22 20:33:41,458 [d25dc3b0-28fc-4383-b1a0-617845025f41-groupManagement] INFO  server.RaftServerConfigKeys (ConfUtils.java:logGet(46)) - raft.server.sleep.deviation.threshold = 300ms (default)
2024-02-22 20:33:41,458 [d25dc3b0-28fc-4383-b1a0-617845025f41-groupManagement] INFO  server.RaftServer$Division (ServerState.java:<init>(113)) - d25dc3b0-28fc-4383-b1a0-617845025f41@group-97BB02909E0E: ConfigurationManager, init=-1: peers:[923be64f-71f4-4891-b05d-82ff5a9df5b5|10.1.0.33:15023, d25dc3b0-28fc-4383-b1a0-617845025f41|10.1.0.33:15032, 4e8f68d6-fd98-4f77-87e3-715939181693|10.1.0.33:15041]|listeners:[], old=null, confs=<EMPTY_MAP>
2024-02-22 20:33:41,458 [d25dc3b0-28fc-4383-b1a0-617845025f41-groupManagement] INFO  server.RaftServerConfigKeys (ConfUtils.java:logGet(46)) - raft.server.notification.no-leader.timeout = 300s (custom)
2024-02-22 20:33:41,458 [d25dc3b0-28fc-4383-b1a0-617845025f41-groupManagement] INFO  server.RaftServerConfigKeys (ConfUtils.java:logGet(46)) - raft.server.read.timeout = 10s (default)
2024-02-22 20:33:41,458 [d25dc3b0-28fc-4383-b1a0-617845025f41-groupManagement] INFO  server.RaftServerConfigKeys (ConfUtils.java:logGet(46)) - raft.server.retrycache.expirytime = 600000ms (custom)
2024-02-22 20:33:41,458 [d25dc3b0-28fc-4383-b1a0-617845025f41-groupManagement] INFO  server.RaftServerConfigKeys (ConfUtils.java:logGet(46)) - raft.server.retrycache.statistics.expirytime = 100ms (default)
2024-02-22 20:33:41,458 [d25dc3b0-28fc-4383-b1a0-617845025f41-groupManagement] INFO  server.RaftServerConfigKeys (ConfUtils.java:logGet(46)) - raft.server.read.option = DEFAULT (default)
2024-02-22 20:33:41,458 [d25dc3b0-28fc-4383-b1a0-617845025f41-groupManagement] INFO  server.RaftServerConfigKeys (ConfUtils.java:logGet(46)) - raft.server.read.read-after-write-consistent.write-index-cache.expiry-time = 60s (default)
2024-02-22 20:33:41,459 [dc26353c-d48a-467d-89cd-3a7c4b626396-groupManagement] INFO  server.RaftServerConfigKeys (ConfUtils.java:logGet(46)) - raft.server.rpc.request.timeout = 60s (custom)
2024-02-22 20:33:41,459 [dc26353c-d48a-467d-89cd-3a7c4b626396-groupManagement] INFO  server.RaftServerConfigKeys (ConfUtils.java:logGet(46)) - raft.server.log.appender.install.snapshot.enabled = false (custom)
2024-02-22 20:33:41,459 [dc26353c-d48a-467d-89cd-3a7c4b626396-groupManagement] INFO  server.RaftServerConfigKeys (ConfUtils.java:logGet(46)) - raft.server.threadpool.server.cached = true (default)
2024-02-22 20:33:41,459 [dc26353c-d48a-467d-89cd-3a7c4b626396-groupManagement] INFO  server.RaftServerConfigKeys (ConfUtils.java:logGet(46)) - raft.server.threadpool.server.size = 0 (default)
2024-02-22 20:33:41,459 [dc26353c-d48a-467d-89cd-3a7c4b626396-groupManagement] INFO  server.RaftServerConfigKeys (ConfUtils.java:logGet(46)) - raft.server.threadpool.client.cached = true (default)
2024-02-22 20:33:41,459 [dc26353c-d48a-467d-89cd-3a7c4b626396-groupManagement] INFO  server.RaftServerConfigKeys (ConfUtils.java:logGet(46)) - raft.server.threadpool.client.size = 0 (default)
2024-02-22 20:33:41,460 [dc26353c-d48a-467d-89cd-3a7c4b626396-groupManagement] INFO  server.RaftServerConfigKeys (ConfUtils.java:logGet(46)) - raft.server.storage.free-space.min = 0MB (=0) (default)
2024-02-22 20:33:41,460 [dc26353c-d48a-467d-89cd-3a7c4b626396-groupManagement] INFO  server.RaftServerConfigKeys (ConfUtils.java:logGet(46)) - raft.server.log.corruption.policy = EXCEPTION (default)
2024-02-22 20:33:41,460 [dc26353c-d48a-467d-89cd-3a7c4b626396-groupManagement] INFO  server.RaftServerConfigKeys (ConfUtils.java:logGet(46)) - raft.server.storage.dir = [/home/runner/work/ozone/ozone/hadoop-ozone/integration-test/target/test-dir/MiniOzoneClusterImpl-a0fc024b-a492-45a5-9697-b0d14f72cb5c/datanode-4/data/ratis] (custom)
2024-02-22 20:33:41,460 [dc26353c-d48a-467d-89cd-3a7c4b626396-groupManagement] INFO  storage.RaftStorageDirectory (RaftStorageDirectoryImpl.java:analyzeStorage(138)) - The storage directory /home/runner/work/ozone/ozone/hadoop-ozone/integration-test/target/test-dir/MiniOzoneClusterImpl-a0fc024b-a492-45a5-9697-b0d14f72cb5c/datanode-4/data/ratis/b7d85f91-fa2f-4c6c-8457-34e96220011a does not exist. Creating ...
2024-02-22 20:33:41,461 [dc26353c-d48a-467d-89cd-3a7c4b626396-groupManagement] INFO  storage.RaftStorageDirectory (RaftStorageDirectoryImpl.java:tryLock(228)) - Lock on /home/runner/work/ozone/ozone/hadoop-ozone/integration-test/target/test-dir/MiniOzoneClusterImpl-a0fc024b-a492-45a5-9697-b0d14f72cb5c/datanode-4/data/ratis/b7d85f91-fa2f-4c6c-8457-34e96220011a/in_use.lock acquired by nodename 30552@fv-az779-213
2024-02-22 20:33:41,462 [dc26353c-d48a-467d-89cd-3a7c4b626396-groupManagement] INFO  storage.RaftStorage (RaftStorageImpl.java:format(99)) - Storage directory /home/runner/work/ozone/ozone/hadoop-ozone/integration-test/target/test-dir/MiniOzoneClusterImpl-a0fc024b-a492-45a5-9697-b0d14f72cb5c/datanode-4/data/ratis/b7d85f91-fa2f-4c6c-8457-34e96220011a has been successfully formatted.
2024-02-22 20:33:41,462 [dc26353c-d48a-467d-89cd-3a7c4b626396-groupManagement] WARN  util.FileUtils (LogUtils.java:supplyAndLog(63)) - Failed to Files.newInputStream /home/runner/work/ozone/ozone/hadoop-ozone/integration-test/target/test-dir/MiniOzoneClusterImpl-a0fc024b-a492-45a5-9697-b0d14f72cb5c/datanode-4/data/ratis/b7d85f91-fa2f-4c6c-8457-34e96220011a/current/raft-meta.conf with options []: java.nio.file.NoSuchFileException: /home/runner/work/ozone/ozone/hadoop-ozone/integration-test/target/test-dir/MiniOzoneClusterImpl-a0fc024b-a492-45a5-9697-b0d14f72cb5c/datanode-4/data/ratis/b7d85f91-fa2f-4c6c-8457-34e96220011a/current/raft-meta.conf
2024-02-22 20:33:41,464 [c30fedce-f286-40e0-881d-3d5a9a6e2463-groupManagement] INFO  server.RaftServerConfigKeys (ConfUtils.java:logGet(46)) - raft.server.rpc.request.timeout = 60s (custom)
2024-02-22 20:33:41,464 [c30fedce-f286-40e0-881d-3d5a9a6e2463-groupManagement] INFO  server.RaftServerConfigKeys (ConfUtils.java:logGet(46)) - raft.server.log.appender.install.snapshot.enabled = false (custom)
2024-02-22 20:33:41,464 [c30fedce-f286-40e0-881d-3d5a9a6e2463-groupManagement] INFO  server.RaftServerConfigKeys (ConfUtils.java:logGet(46)) - raft.server.threadpool.server.cached = true (default)
2024-02-22 20:33:41,464 [c30fedce-f286-40e0-881d-3d5a9a6e2463-groupManagement] INFO  server.RaftServerConfigKeys (ConfUtils.java:logGet(46)) - raft.server.threadpool.server.size = 0 (default)
2024-02-22 20:33:41,464 [c30fedce-f286-40e0-881d-3d5a9a6e2463-groupManagement] INFO  server.RaftServerConfigKeys (ConfUtils.java:logGet(46)) - raft.server.threadpool.client.cached = true (default)
2024-02-22 20:33:41,464 [c30fedce-f286-40e0-881d-3d5a9a6e2463-groupManagement] INFO  server.RaftServerConfigKeys (ConfUtils.java:logGet(46)) - raft.server.threadpool.client.size = 0 (default)
2024-02-22 20:33:41,465 [c30fedce-f286-40e0-881d-3d5a9a6e2463-groupManagement] INFO  server.RaftServer$Division (RaftServerImpl.java:<init>(256)) - c30fedce-f286-40e0-881d-3d5a9a6e2463: new RaftServerImpl for group-34E96220011A:[86ab988c-fa9c-425d-a1c6-9004ff7fd93d|10.1.0.33:15059, c30fedce-f286-40e0-881d-3d5a9a6e2463|10.1.0.33:15068, dc26353c-d48a-467d-89cd-3a7c4b626396|10.1.0.33:15050] with ContainerStateMachine:uninitialized
2024-02-22 20:33:41,465 [c30fedce-f286-40e0-881d-3d5a9a6e2463-groupManagement] INFO  server.RaftServerConfigKeys (ConfUtils.java:logGet(46)) - raft.server.rpc.timeout.min = 5s (custom)
2024-02-22 20:33:41,465 [c30fedce-f286-40e0-881d-3d5a9a6e2463-groupManagement] INFO  server.RaftServerConfigKeys (ConfUtils.java:logGet(46)) - raft.server.rpc.timeout.max = 5200ms (custom)
2024-02-22 20:33:41,465 [c30fedce-f286-40e0-881d-3d5a9a6e2463-groupManagement] INFO  server.RaftServerConfigKeys (ConfUtils.java:logGet(46)) - raft.server.rpc.sleep.time = 25ms (default)
2024-02-22 20:33:41,465 [c30fedce-f286-40e0-881d-3d5a9a6e2463-groupManagement] INFO  server.RaftServerConfigKeys (ConfUtils.java:logGet(46)) - raft.server.rpc.slowness.timeout = 300s (custom)
2024-02-22 20:33:41,465 [c30fedce-f286-40e0-881d-3d5a9a6e2463-groupManagement] INFO  server.RaftServerConfigKeys (ConfUtils.java:logGet(46)) - raft.server.leaderelection.leader.step-down.wait-time = 10s (default)
2024-02-22 20:33:41,465 [c30fedce-f286-40e0-881d-3d5a9a6e2463-groupManagement] INFO  server.RaftServerConfigKeys (ConfUtils.java:logGet(46)) - raft.server.leaderelection.member.majority-add = false (default)
2024-02-22 20:33:41,466 [c30fedce-f286-40e0-881d-3d5a9a6e2463-groupManagement] INFO  server.RaftServerConfigKeys (ConfUtils.java:logGet(46)) - raft.server.sleep.deviation.threshold = 300ms (default)
2024-02-22 20:33:41,466 [c30fedce-f286-40e0-881d-3d5a9a6e2463-groupManagement] INFO  server.RaftServer$Division (ServerState.java:<init>(113)) - c30fedce-f286-40e0-881d-3d5a9a6e2463@group-34E96220011A: ConfigurationManager, init=-1: peers:[86ab988c-fa9c-425d-a1c6-9004ff7fd93d|10.1.0.33:15059, c30fedce-f286-40e0-881d-3d5a9a6e2463|10.1.0.33:15068, dc26353c-d48a-467d-89cd-3a7c4b626396|10.1.0.33:15050]|listeners:[], old=null, confs=<EMPTY_MAP>
2024-02-22 20:33:41,466 [c30fedce-f286-40e0-881d-3d5a9a6e2463-groupManagement] INFO  server.RaftServerConfigKeys (ConfUtils.java:logGet(46)) - raft.server.notification.no-leader.timeout = 300s (custom)
2024-02-22 20:33:41,466 [c30fedce-f286-40e0-881d-3d5a9a6e2463-groupManagement] INFO  server.RaftServerConfigKeys (ConfUtils.java:logGet(46)) - raft.server.read.timeout = 10s (default)
2024-02-22 20:33:41,466 [c30fedce-f286-40e0-881d-3d5a9a6e2463-groupManagement] INFO  server.RaftServerConfigKeys (ConfUtils.java:logGet(46)) - raft.server.retrycache.expirytime = 600000ms (custom)
2024-02-22 20:33:41,466 [c30fedce-f286-40e0-881d-3d5a9a6e2463-groupManagement] INFO  server.RaftServerConfigKeys (ConfUtils.java:logGet(46)) - raft.server.retrycache.statistics.expirytime = 100ms (default)
2024-02-22 20:33:41,466 [c30fedce-f286-40e0-881d-3d5a9a6e2463-groupManagement] INFO  server.RaftServerConfigKeys (ConfUtils.java:logGet(46)) - raft.server.read.option = DEFAULT (default)
2024-02-22 20:33:41,466 [c30fedce-f286-40e0-881d-3d5a9a6e2463-groupManagement] INFO  server.RaftServerConfigKeys (ConfUtils.java:logGet(46)) - raft.server.read.read-after-write-consistent.write-index-cache.expiry-time = 60s (default)
2024-02-22 20:33:41,466 [e780b093-7242-46d7-bd8f-0f810188c7b3-groupManagement] INFO  server.RaftServerConfigKeys (ConfUtils.java:logGet(46)) - raft.server.rpc.request.timeout = 60s (custom)
2024-02-22 20:33:41,467 [e780b093-7242-46d7-bd8f-0f810188c7b3-groupManagement] INFO  server.RaftServerConfigKeys (ConfUtils.java:logGet(46)) - raft.server.log.appender.install.snapshot.enabled = false (custom)
2024-02-22 20:33:41,467 [e780b093-7242-46d7-bd8f-0f810188c7b3-groupManagement] INFO  server.RaftServerConfigKeys (ConfUtils.java:logGet(46)) - raft.server.threadpool.server.cached = true (default)
2024-02-22 20:33:41,467 [e780b093-7242-46d7-bd8f-0f810188c7b3-groupManagement] INFO  server.RaftServerConfigKeys (ConfUtils.java:logGet(46)) - raft.server.threadpool.server.size = 0 (default)
2024-02-22 20:33:41,467 [e780b093-7242-46d7-bd8f-0f810188c7b3-groupManagement] INFO  server.RaftServerConfigKeys (ConfUtils.java:logGet(46)) - raft.server.threadpool.client.cached = true (default)
2024-02-22 20:33:41,467 [e780b093-7242-46d7-bd8f-0f810188c7b3-groupManagement] INFO  server.RaftServerConfigKeys (ConfUtils.java:logGet(46)) - raft.server.threadpool.client.size = 0 (default)
2024-02-22 20:33:41,467 [e780b093-7242-46d7-bd8f-0f810188c7b3-groupManagement] INFO  server.RaftServerConfigKeys (ConfUtils.java:logGet(46)) - raft.server.storage.free-space.min = 0MB (=0) (default)
2024-02-22 20:33:41,467 [e780b093-7242-46d7-bd8f-0f810188c7b3-groupManagement] INFO  server.RaftServerConfigKeys (ConfUtils.java:logGet(46)) - raft.server.log.corruption.policy = EXCEPTION (default)
2024-02-22 20:33:41,467 [e780b093-7242-46d7-bd8f-0f810188c7b3-groupManagement] INFO  server.RaftServerConfigKeys (ConfUtils.java:logGet(46)) - raft.server.storage.dir = [/home/runner/work/ozone/ozone/hadoop-ozone/integration-test/target/test-dir/MiniOzoneClusterImpl-a0fc024b-a492-45a5-9697-b0d14f72cb5c/datanode-9/data/ratis] (custom)
2024-02-22 20:33:41,467 [e780b093-7242-46d7-bd8f-0f810188c7b3-groupManagement] INFO  storage.RaftStorageDirectory (RaftStorageDirectoryImpl.java:analyzeStorage(138)) - The storage directory /home/runner/work/ozone/ozone/hadoop-ozone/integration-test/target/test-dir/MiniOzoneClusterImpl-a0fc024b-a492-45a5-9697-b0d14f72cb5c/datanode-9/data/ratis/7a70ea48-d71a-4b2b-bc50-affc1e458e84 does not exist. Creating ...
2024-02-22 20:33:41,468 [86ab988c-fa9c-425d-a1c6-9004ff7fd93d-PipelineCommandHandlerThread-0] INFO  commandhandler.CreatePipelineCommandHandler (CreatePipelineCommandHandler.java:lambda$handle$2(124)) - Created Pipeline RATIS THREE PipelineID=567d6c0b-0c61-46d9-a73e-1944bbb8d763.
2024-02-22 20:33:41,469 [86ab988c-fa9c-425d-a1c6-9004ff7fd93d-PipelineCommandHandlerThread-0] INFO  server.RaftServer (RaftServerProxy.java:addNew(100)) - 86ab988c-fa9c-425d-a1c6-9004ff7fd93d: addNew group-39057960C58A:[86ab988c-fa9c-425d-a1c6-9004ff7fd93d|10.1.0.33:15059] returns group-39057960C58A:java.util.concurrent.CompletableFuture@19cd2df0[Not completed]
2024-02-22 20:33:41,468 [dc26353c-d48a-467d-89cd-3a7c4b626396-groupManagement] INFO  ratis.ContainerStateMachine (ContainerStateMachine.java:loadSnapshot(287)) - group-34E96220011A: The snapshot info is null. Setting the last applied index to:(t:0, i:~)
2024-02-22 20:33:41,469 [dc26353c-d48a-467d-89cd-3a7c4b626396-groupManagement] INFO  server.RaftServerConfigKeys (ConfUtils.java:logGet(46)) - raft.server.log.use.memory = false (default)
2024-02-22 20:33:41,469 [dc26353c-d48a-467d-89cd-3a7c4b626396-groupManagement] INFO  server.RaftServerConfigKeys (ConfUtils.java:logGet(46)) - raft.server.log.purge.gap = 1000000 (custom)
2024-02-22 20:33:41,469 [e780b093-7242-46d7-bd8f-0f810188c7b3-groupManagement] INFO  storage.RaftStorageDirectory (RaftStorageDirectoryImpl.java:tryLock(228)) - Lock on /home/runner/work/ozone/ozone/hadoop-ozone/integration-test/target/test-dir/MiniOzoneClusterImpl-a0fc024b-a492-45a5-9697-b0d14f72cb5c/datanode-9/data/ratis/7a70ea48-d71a-4b2b-bc50-affc1e458e84/in_use.lock acquired by nodename 30552@fv-az779-213
2024-02-22 20:33:41,469 [dc26353c-d48a-467d-89cd-3a7c4b626396-groupManagement] INFO  server.RaftServerConfigKeys (ConfUtils.java:logGet(46)) - raft.server.log.appender.buffer.byte-limit = 8388608 (custom)
2024-02-22 20:33:41,469 [dc26353c-d48a-467d-89cd-3a7c4b626396-groupManagement] INFO  server.RaftServerConfigKeys (ConfUtils.java:logGet(46)) - raft.server.log.statemachine.data.read.timeout = 1000ms (default)
2024-02-22 20:33:41,469 [dc26353c-d48a-467d-89cd-3a7c4b626396-groupManagement] INFO  server.RaftServerConfigKeys (ConfUtils.java:logGet(46)) - raft.server.log.purge.preservation.log.num = 0 (default)
2024-02-22 20:33:41,470 [EventQueue-OpenPipelineForHealthyPipelineSafeModeRule] INFO  safemode.SCMSafeModeManager (HealthyPipelineSafeModeRule.java:process(140)) - SCM in safe mode. Healthy pipelines reported count is 0, required healthy pipeline reported count is 1
2024-02-22 20:33:41,470 [EventQueue-OpenPipelineForHealthyPipelineSafeModeRule] INFO  safemode.SCMSafeModeManager (HealthyPipelineSafeModeRule.java:process(140)) - SCM in safe mode. Healthy pipelines reported count is 0, required healthy pipeline reported count is 1
2024-02-22 20:33:41,471 [86ab988c-fa9c-425d-a1c6-9004ff7fd93d-groupManagement] INFO  server.RaftServer$Division (RaftServerImpl.java:<init>(256)) - 86ab988c-fa9c-425d-a1c6-9004ff7fd93d: new RaftServerImpl for group-39057960C58A:[86ab988c-fa9c-425d-a1c6-9004ff7fd93d|10.1.0.33:15059] with ContainerStateMachine:uninitialized
2024-02-22 20:33:41,471 [86ab988c-fa9c-425d-a1c6-9004ff7fd93d-groupManagement] INFO  server.RaftServerConfigKeys (ConfUtils.java:logGet(46)) - raft.server.rpc.timeout.min = 5s (custom)
2024-02-22 20:33:41,471 [86ab988c-fa9c-425d-a1c6-9004ff7fd93d-groupManagement] INFO  server.RaftServerConfigKeys (ConfUtils.java:logGet(46)) - raft.server.rpc.timeout.max = 5200ms (custom)
2024-02-22 20:33:41,471 [86ab988c-fa9c-425d-a1c6-9004ff7fd93d-groupManagement] INFO  server.RaftServerConfigKeys (ConfUtils.java:logGet(46)) - raft.server.rpc.sleep.time = 25ms (default)
2024-02-22 20:33:41,471 [86ab988c-fa9c-425d-a1c6-9004ff7fd93d-groupManagement] INFO  server.RaftServerConfigKeys (ConfUtils.java:logGet(46)) - raft.server.rpc.slowness.timeout = 300s (custom)
2024-02-22 20:33:41,471 [86ab988c-fa9c-425d-a1c6-9004ff7fd93d-groupManagement] INFO  server.RaftServerConfigKeys (ConfUtils.java:logGet(46)) - raft.server.leaderelection.leader.step-down.wait-time = 10s (default)
2024-02-22 20:33:41,471 [86ab988c-fa9c-425d-a1c6-9004ff7fd93d-groupManagement] INFO  server.RaftServerConfigKeys (ConfUtils.java:logGet(46)) - raft.server.leaderelection.member.majority-add = false (default)
2024-02-22 20:33:41,472 [86ab988c-fa9c-425d-a1c6-9004ff7fd93d-groupManagement] INFO  server.RaftServerConfigKeys (ConfUtils.java:logGet(46)) - raft.server.sleep.deviation.threshold = 300ms (default)
2024-02-22 20:33:41,472 [86ab988c-fa9c-425d-a1c6-9004ff7fd93d-groupManagement] INFO  server.RaftServer$Division (ServerState.java:<init>(113)) - 86ab988c-fa9c-425d-a1c6-9004ff7fd93d@group-39057960C58A: ConfigurationManager, init=-1: peers:[86ab988c-fa9c-425d-a1c6-9004ff7fd93d|10.1.0.33:15059]|listeners:[], old=null, confs=<EMPTY_MAP>
2024-02-22 20:33:41,472 [86ab988c-fa9c-425d-a1c6-9004ff7fd93d-groupManagement] INFO  server.RaftServerConfigKeys (ConfUtils.java:logGet(46)) - raft.server.notification.no-leader.timeout = 300s (custom)
2024-02-22 20:33:41,472 [86ab988c-fa9c-425d-a1c6-9004ff7fd93d-groupManagement] INFO  server.RaftServerConfigKeys (ConfUtils.java:logGet(46)) - raft.server.read.timeout = 10s (default)
2024-02-22 20:33:41,472 [86ab988c-fa9c-425d-a1c6-9004ff7fd93d-groupManagement] INFO  server.RaftServerConfigKeys (ConfUtils.java:logGet(46)) - raft.server.retrycache.expirytime = 600000ms (custom)
2024-02-22 20:33:41,472 [86ab988c-fa9c-425d-a1c6-9004ff7fd93d-groupManagement] INFO  server.RaftServerConfigKeys (ConfUtils.java:logGet(46)) - raft.server.retrycache.statistics.expirytime = 100ms (default)
2024-02-22 20:33:41,472 [86ab988c-fa9c-425d-a1c6-9004ff7fd93d-groupManagement] INFO  server.RaftServerConfigKeys (ConfUtils.java:logGet(46)) - raft.server.read.option = DEFAULT (default)
2024-02-22 20:33:41,472 [86ab988c-fa9c-425d-a1c6-9004ff7fd93d-groupManagement] INFO  server.RaftServerConfigKeys (ConfUtils.java:logGet(46)) - raft.server.read.read-after-write-consistent.write-index-cache.expiry-time = 60s (default)
2024-02-22 20:33:41,473 [e780b093-7242-46d7-bd8f-0f810188c7b3-groupManagement] INFO  storage.RaftStorage (RaftStorageImpl.java:format(99)) - Storage directory /home/runner/work/ozone/ozone/hadoop-ozone/integration-test/target/test-dir/MiniOzoneClusterImpl-a0fc024b-a492-45a5-9697-b0d14f72cb5c/datanode-9/data/ratis/7a70ea48-d71a-4b2b-bc50-affc1e458e84 has been successfully formatted.
2024-02-22 20:33:41,473 [e780b093-7242-46d7-bd8f-0f810188c7b3-groupManagement] WARN  util.FileUtils (LogUtils.java:supplyAndLog(63)) - Failed to Files.newInputStream /home/runner/work/ozone/ozone/hadoop-ozone/integration-test/target/test-dir/MiniOzoneClusterImpl-a0fc024b-a492-45a5-9697-b0d14f72cb5c/datanode-9/data/ratis/7a70ea48-d71a-4b2b-bc50-affc1e458e84/current/raft-meta.conf with options []: java.nio.file.NoSuchFileException: /home/runner/work/ozone/ozone/hadoop-ozone/integration-test/target/test-dir/MiniOzoneClusterImpl-a0fc024b-a492-45a5-9697-b0d14f72cb5c/datanode-9/data/ratis/7a70ea48-d71a-4b2b-bc50-affc1e458e84/current/raft-meta.conf
2024-02-22 20:33:41,475 [dc26353c-d48a-467d-89cd-3a7c4b626396-groupManagement] INFO  server.RaftServerConfigKeys (ConfUtils.java:logGet(46)) - raft.server.log.segment.size.max = 67108864 (custom)
2024-02-22 20:33:41,476 [dc26353c-d48a-467d-89cd-3a7c4b626396-groupManagement] INFO  server.RaftServerConfigKeys (ConfUtils.java:logGet(46)) - raft.server.log.segment.cache.num.max = 2 (custom)
2024-02-22 20:33:41,476 [dc26353c-d48a-467d-89cd-3a7c4b626396-groupManagement] INFO  server.RaftServerConfigKeys (ConfUtils.java:logGet(46)) - raft.server.log.segment.cache.size.max = 200MB (=209715200) (default)
2024-02-22 20:33:41,476 [dc26353c-d48a-467d-89cd-3a7c4b626396-groupManagement] INFO  server.RaftServerConfigKeys (ConfUtils.java:logGet(46)) - raft.server.log.appender.buffer.byte-limit = 8388608 (custom)
2024-02-22 20:33:41,477 [86ab988c-fa9c-425d-a1c6-9004ff7fd93d-groupManagement] INFO  server.RaftServerConfigKeys (ConfUtils.java:logGet(46)) - raft.server.rpc.request.timeout = 60s (custom)
2024-02-22 20:33:41,477 [86ab988c-fa9c-425d-a1c6-9004ff7fd93d-groupManagement] INFO  server.RaftServerConfigKeys (ConfUtils.java:logGet(46)) - raft.server.log.appender.install.snapshot.enabled = false (custom)
2024-02-22 20:33:41,478 [86ab988c-fa9c-425d-a1c6-9004ff7fd93d-groupManagement] INFO  server.RaftServerConfigKeys (ConfUtils.java:logGet(46)) - raft.server.threadpool.server.cached = true (default)
2024-02-22 20:33:41,478 [86ab988c-fa9c-425d-a1c6-9004ff7fd93d-groupManagement] INFO  server.RaftServerConfigKeys (ConfUtils.java:logGet(46)) - raft.server.threadpool.server.size = 0 (default)
2024-02-22 20:33:41,478 [86ab988c-fa9c-425d-a1c6-9004ff7fd93d-groupManagement] INFO  server.RaftServerConfigKeys (ConfUtils.java:logGet(46)) - raft.server.threadpool.client.cached = true (default)
2024-02-22 20:33:41,478 [86ab988c-fa9c-425d-a1c6-9004ff7fd93d-groupManagement] INFO  server.RaftServerConfigKeys (ConfUtils.java:logGet(46)) - raft.server.threadpool.client.size = 0 (default)
2024-02-22 20:33:41,478 [86ab988c-fa9c-425d-a1c6-9004ff7fd93d-groupManagement] INFO  server.RaftServerConfigKeys (ConfUtils.java:logGet(46)) - raft.server.storage.free-space.min = 0MB (=0) (default)
2024-02-22 20:33:41,478 [86ab988c-fa9c-425d-a1c6-9004ff7fd93d-groupManagement] INFO  server.RaftServerConfigKeys (ConfUtils.java:logGet(46)) - raft.server.log.corruption.policy = EXCEPTION (default)
2024-02-22 20:33:41,478 [86ab988c-fa9c-425d-a1c6-9004ff7fd93d-groupManagement] INFO  server.RaftServerConfigKeys (ConfUtils.java:logGet(46)) - raft.server.storage.dir = [/home/runner/work/ozone/ozone/hadoop-ozone/integration-test/target/test-dir/MiniOzoneClusterImpl-a0fc024b-a492-45a5-9697-b0d14f72cb5c/datanode-5/data/ratis] (custom)
2024-02-22 20:33:41,478 [86ab988c-fa9c-425d-a1c6-9004ff7fd93d-groupManagement] INFO  storage.RaftStorageDirectory (RaftStorageDirectoryImpl.java:analyzeStorage(138)) - The storage directory /home/runner/work/ozone/ozone/hadoop-ozone/integration-test/target/test-dir/MiniOzoneClusterImpl-a0fc024b-a492-45a5-9697-b0d14f72cb5c/datanode-5/data/ratis/23eed6f5-f54e-4a5a-9149-39057960c58a does not exist. Creating ...
2024-02-22 20:33:41,479 [d25dc3b0-28fc-4383-b1a0-617845025f41-groupManagement] INFO  server.RaftServerConfigKeys (ConfUtils.java:logGet(46)) - raft.server.rpc.request.timeout = 60s (custom)
2024-02-22 20:33:41,479 [d25dc3b0-28fc-4383-b1a0-617845025f41-groupManagement] INFO  server.RaftServerConfigKeys (ConfUtils.java:logGet(46)) - raft.server.log.appender.install.snapshot.enabled = false (custom)
2024-02-22 20:33:41,479 [d25dc3b0-28fc-4383-b1a0-617845025f41-groupManagement] INFO  server.RaftServerConfigKeys (ConfUtils.java:logGet(46)) - raft.server.threadpool.server.cached = true (default)
2024-02-22 20:33:41,479 [d25dc3b0-28fc-4383-b1a0-617845025f41-groupManagement] INFO  server.RaftServerConfigKeys (ConfUtils.java:logGet(46)) - raft.server.threadpool.server.size = 0 (default)
2024-02-22 20:33:41,479 [d25dc3b0-28fc-4383-b1a0-617845025f41-groupManagement] INFO  server.RaftServerConfigKeys (ConfUtils.java:logGet(46)) - raft.server.threadpool.client.cached = true (default)
2024-02-22 20:33:41,479 [d25dc3b0-28fc-4383-b1a0-617845025f41-groupManagement] INFO  server.RaftServerConfigKeys (ConfUtils.java:logGet(46)) - raft.server.threadpool.client.size = 0 (default)
2024-02-22 20:33:41,480 [d25dc3b0-28fc-4383-b1a0-617845025f41-groupManagement] INFO  server.RaftServerConfigKeys (ConfUtils.java:logGet(46)) - raft.server.storage.free-space.min = 0MB (=0) (default)
2024-02-22 20:33:41,480 [d25dc3b0-28fc-4383-b1a0-617845025f41-groupManagement] INFO  server.RaftServerConfigKeys (ConfUtils.java:logGet(46)) - raft.server.log.corruption.policy = EXCEPTION (default)
2024-02-22 20:33:41,480 [d25dc3b0-28fc-4383-b1a0-617845025f41-groupManagement] INFO  server.RaftServerConfigKeys (ConfUtils.java:logGet(46)) - raft.server.storage.dir = [/home/runner/work/ozone/ozone/hadoop-ozone/integration-test/target/test-dir/MiniOzoneClusterImpl-a0fc024b-a492-45a5-9697-b0d14f72cb5c/datanode-2/data/ratis] (custom)
2024-02-22 20:33:41,480 [d25dc3b0-28fc-4383-b1a0-617845025f41-groupManagement] INFO  storage.RaftStorageDirectory (RaftStorageDirectoryImpl.java:analyzeStorage(138)) - The storage directory /home/runner/work/ozone/ozone/hadoop-ozone/integration-test/target/test-dir/MiniOzoneClusterImpl-a0fc024b-a492-45a5-9697-b0d14f72cb5c/datanode-2/data/ratis/d9165cc6-fdfc-42ee-9f98-97bb02909e0e does not exist. Creating ...
2024-02-22 20:33:41,479 [86ab988c-fa9c-425d-a1c6-9004ff7fd93d-groupManagement] INFO  storage.RaftStorageDirectory (RaftStorageDirectoryImpl.java:tryLock(228)) - Lock on /home/runner/work/ozone/ozone/hadoop-ozone/integration-test/target/test-dir/MiniOzoneClusterImpl-a0fc024b-a492-45a5-9697-b0d14f72cb5c/datanode-5/data/ratis/23eed6f5-f54e-4a5a-9149-39057960c58a/in_use.lock acquired by nodename 30552@fv-az779-213
2024-02-22 20:33:41,480 [c30fedce-f286-40e0-881d-3d5a9a6e2463-groupManagement] INFO  server.RaftServerConfigKeys (ConfUtils.java:logGet(46)) - raft.server.rpc.request.timeout = 60s (custom)
2024-02-22 20:33:41,481 [c30fedce-f286-40e0-881d-3d5a9a6e2463-groupManagement] INFO  server.RaftServerConfigKeys (ConfUtils.java:logGet(46)) - raft.server.log.appender.install.snapshot.enabled = false (custom)
2024-02-22 20:33:41,481 [c30fedce-f286-40e0-881d-3d5a9a6e2463-groupManagement] INFO  server.RaftServerConfigKeys (ConfUtils.java:logGet(46)) - raft.server.threadpool.server.cached = true (default)
2024-02-22 20:33:41,481 [c30fedce-f286-40e0-881d-3d5a9a6e2463-groupManagement] INFO  server.RaftServerConfigKeys (ConfUtils.java:logGet(46)) - raft.server.threadpool.server.size = 0 (default)
2024-02-22 20:33:41,481 [c30fedce-f286-40e0-881d-3d5a9a6e2463-groupManagement] INFO  server.RaftServerConfigKeys (ConfUtils.java:logGet(46)) - raft.server.threadpool.client.cached = true (default)
2024-02-22 20:33:41,482 [c30fedce-f286-40e0-881d-3d5a9a6e2463-groupManagement] INFO  server.RaftServerConfigKeys (ConfUtils.java:logGet(46)) - raft.server.threadpool.client.size = 0 (default)
2024-02-22 20:33:41,482 [c30fedce-f286-40e0-881d-3d5a9a6e2463-groupManagement] INFO  server.RaftServerConfigKeys (ConfUtils.java:logGet(46)) - raft.server.storage.free-space.min = 0MB (=0) (default)
2024-02-22 20:33:41,482 [c30fedce-f286-40e0-881d-3d5a9a6e2463-groupManagement] INFO  server.RaftServerConfigKeys (ConfUtils.java:logGet(46)) - raft.server.log.corruption.policy = EXCEPTION (default)
2024-02-22 20:33:41,482 [c30fedce-f286-40e0-881d-3d5a9a6e2463-groupManagement] INFO  server.RaftServerConfigKeys (ConfUtils.java:logGet(46)) - raft.server.storage.dir = [/home/runner/work/ozone/ozone/hadoop-ozone/integration-test/target/test-dir/MiniOzoneClusterImpl-a0fc024b-a492-45a5-9697-b0d14f72cb5c/datanode-6/data/ratis] (custom)
2024-02-22 20:33:41,482 [c30fedce-f286-40e0-881d-3d5a9a6e2463-groupManagement] INFO  storage.RaftStorageDirectory (RaftStorageDirectoryImpl.java:analyzeStorage(138)) - The storage directory /home/runner/work/ozone/ozone/hadoop-ozone/integration-test/target/test-dir/MiniOzoneClusterImpl-a0fc024b-a492-45a5-9697-b0d14f72cb5c/datanode-6/data/ratis/724f0737-a92a-4fca-96d8-c6933685b048 does not exist. Creating ...
2024-02-22 20:33:41,482 [e46a6e51-795f-4801-a523-c45a6c7f2c34-PipelineCommandHandlerThread-0] INFO  commandhandler.CreatePipelineCommandHandler (CreatePipelineCommandHandler.java:lambda$handle$2(124)) - Created Pipeline RATIS THREE PipelineID=567d6c0b-0c61-46d9-a73e-1944bbb8d763.
2024-02-22 20:33:41,483 [86ab988c-fa9c-425d-a1c6-9004ff7fd93d-groupManagement] INFO  storage.RaftStorage (RaftStorageImpl.java:format(99)) - Storage directory /home/runner/work/ozone/ozone/hadoop-ozone/integration-test/target/test-dir/MiniOzoneClusterImpl-a0fc024b-a492-45a5-9697-b0d14f72cb5c/datanode-5/data/ratis/23eed6f5-f54e-4a5a-9149-39057960c58a has been successfully formatted.
2024-02-22 20:33:41,483 [e46a6e51-795f-4801-a523-c45a6c7f2c34-PipelineCommandHandlerThread-0] INFO  server.RaftServer (RaftServerProxy.java:addNew(100)) - e46a6e51-795f-4801-a523-c45a6c7f2c34: addNew group-AFFC1E458E84:[923be64f-71f4-4891-b05d-82ff5a9df5b5|10.1.0.33:15023, e46a6e51-795f-4801-a523-c45a6c7f2c34|10.1.0.33:15014, e780b093-7242-46d7-bd8f-0f810188c7b3|10.1.0.33:15095] returns group-AFFC1E458E84:java.util.concurrent.CompletableFuture@359107a5[Not completed]
2024-02-22 20:33:41,483 [d25dc3b0-28fc-4383-b1a0-617845025f41-groupManagement] INFO  storage.RaftStorageDirectory (RaftStorageDirectoryImpl.java:tryLock(228)) - Lock on /home/runner/work/ozone/ozone/hadoop-ozone/integration-test/target/test-dir/MiniOzoneClusterImpl-a0fc024b-a492-45a5-9697-b0d14f72cb5c/datanode-2/data/ratis/d9165cc6-fdfc-42ee-9f98-97bb02909e0e/in_use.lock acquired by nodename 30552@fv-az779-213
2024-02-22 20:33:41,483 [86ab988c-fa9c-425d-a1c6-9004ff7fd93d-groupManagement] WARN  util.FileUtils (LogUtils.java:supplyAndLog(63)) - Failed to Files.newInputStream /home/runner/work/ozone/ozone/hadoop-ozone/integration-test/target/test-dir/MiniOzoneClusterImpl-a0fc024b-a492-45a5-9697-b0d14f72cb5c/datanode-5/data/ratis/23eed6f5-f54e-4a5a-9149-39057960c58a/current/raft-meta.conf with options []: java.nio.file.NoSuchFileException: /home/runner/work/ozone/ozone/hadoop-ozone/integration-test/target/test-dir/MiniOzoneClusterImpl-a0fc024b-a492-45a5-9697-b0d14f72cb5c/datanode-5/data/ratis/23eed6f5-f54e-4a5a-9149-39057960c58a/current/raft-meta.conf
2024-02-22 20:33:41,484 [e46a6e51-795f-4801-a523-c45a6c7f2c34-groupManagement] INFO  server.RaftServer$Division (RaftServerImpl.java:<init>(256)) - e46a6e51-795f-4801-a523-c45a6c7f2c34: new RaftServerImpl for group-AFFC1E458E84:[923be64f-71f4-4891-b05d-82ff5a9df5b5|10.1.0.33:15023, e46a6e51-795f-4801-a523-c45a6c7f2c34|10.1.0.33:15014, e780b093-7242-46d7-bd8f-0f810188c7b3|10.1.0.33:15095] with ContainerStateMachine:uninitialized
2024-02-22 20:33:41,484 [e46a6e51-795f-4801-a523-c45a6c7f2c34-groupManagement] INFO  server.RaftServerConfigKeys (ConfUtils.java:logGet(46)) - raft.server.rpc.timeout.min = 5s (custom)
2024-02-22 20:33:41,484 [e46a6e51-795f-4801-a523-c45a6c7f2c34-groupManagement] INFO  server.RaftServerConfigKeys (ConfUtils.java:logGet(46)) - raft.server.rpc.timeout.max = 5200ms (custom)
2024-02-22 20:33:41,484 [e46a6e51-795f-4801-a523-c45a6c7f2c34-groupManagement] INFO  server.RaftServerConfigKeys (ConfUtils.java:logGet(46)) - raft.server.rpc.sleep.time = 25ms (default)
2024-02-22 20:33:41,484 [e46a6e51-795f-4801-a523-c45a6c7f2c34-groupManagement] INFO  server.RaftServerConfigKeys (ConfUtils.java:logGet(46)) - raft.server.rpc.slowness.timeout = 300s (custom)
2024-02-22 20:33:41,484 [e46a6e51-795f-4801-a523-c45a6c7f2c34-groupManagement] INFO  server.RaftServerConfigKeys (ConfUtils.java:logGet(46)) - raft.server.leaderelection.leader.step-down.wait-time = 10s (default)
2024-02-22 20:33:41,484 [e46a6e51-795f-4801-a523-c45a6c7f2c34-groupManagement] INFO  server.RaftServerConfigKeys (ConfUtils.java:logGet(46)) - raft.server.leaderelection.member.majority-add = false (default)
2024-02-22 20:33:41,484 [e46a6e51-795f-4801-a523-c45a6c7f2c34-groupManagement] INFO  server.RaftServerConfigKeys (ConfUtils.java:logGet(46)) - raft.server.sleep.deviation.threshold = 300ms (default)
2024-02-22 20:33:41,484 [e46a6e51-795f-4801-a523-c45a6c7f2c34-groupManagement] INFO  server.RaftServer$Division (ServerState.java:<init>(113)) - e46a6e51-795f-4801-a523-c45a6c7f2c34@group-AFFC1E458E84: ConfigurationManager, init=-1: peers:[923be64f-71f4-4891-b05d-82ff5a9df5b5|10.1.0.33:15023, e46a6e51-795f-4801-a523-c45a6c7f2c34|10.1.0.33:15014, e780b093-7242-46d7-bd8f-0f810188c7b3|10.1.0.33:15095]|listeners:[], old=null, confs=<EMPTY_MAP>
2024-02-22 20:33:41,484 [e46a6e51-795f-4801-a523-c45a6c7f2c34-groupManagement] INFO  server.RaftServerConfigKeys (ConfUtils.java:logGet(46)) - raft.server.notification.no-leader.timeout = 300s (custom)
2024-02-22 20:33:41,484 [e46a6e51-795f-4801-a523-c45a6c7f2c34-groupManagement] INFO  server.RaftServerConfigKeys (ConfUtils.java:logGet(46)) - raft.server.read.timeout = 10s (default)
2024-02-22 20:33:41,484 [e46a6e51-795f-4801-a523-c45a6c7f2c34-groupManagement] INFO  server.RaftServerConfigKeys (ConfUtils.java:logGet(46)) - raft.server.retrycache.expirytime = 600000ms (custom)
2024-02-22 20:33:41,484 [e46a6e51-795f-4801-a523-c45a6c7f2c34-groupManagement] INFO  server.RaftServerConfigKeys (ConfUtils.java:logGet(46)) - raft.server.retrycache.statistics.expirytime = 100ms (default)
2024-02-22 20:33:41,485 [d25dc3b0-28fc-4383-b1a0-617845025f41-groupManagement] INFO  storage.RaftStorage (RaftStorageImpl.java:format(99)) - Storage directory /home/runner/work/ozone/ozone/hadoop-ozone/integration-test/target/test-dir/MiniOzoneClusterImpl-a0fc024b-a492-45a5-9697-b0d14f72cb5c/datanode-2/data/ratis/d9165cc6-fdfc-42ee-9f98-97bb02909e0e has been successfully formatted.
2024-02-22 20:33:41,484 [923be64f-71f4-4891-b05d-82ff5a9df5b5-groupManagement] INFO  util.AwaitToRun (AwaitToRun.java:start(81)) - Thread[923be64f-71f4-4891-b05d-82ff5a9df5b5@group-AFFC1E458E84-cacheEviction-AwaitToRun,5,main] started
2024-02-22 20:33:41,485 [d25dc3b0-28fc-4383-b1a0-617845025f41-groupManagement] WARN  util.FileUtils (LogUtils.java:supplyAndLog(63)) - Failed to Files.newInputStream /home/runner/work/ozone/ozone/hadoop-ozone/integration-test/target/test-dir/MiniOzoneClusterImpl-a0fc024b-a492-45a5-9697-b0d14f72cb5c/datanode-2/data/ratis/d9165cc6-fdfc-42ee-9f98-97bb02909e0e/current/raft-meta.conf with options []: java.nio.file.NoSuchFileException: /home/runner/work/ozone/ozone/hadoop-ozone/integration-test/target/test-dir/MiniOzoneClusterImpl-a0fc024b-a492-45a5-9697-b0d14f72cb5c/datanode-2/data/ratis/d9165cc6-fdfc-42ee-9f98-97bb02909e0e/current/raft-meta.conf
2024-02-22 20:33:41,485 [e46a6e51-795f-4801-a523-c45a6c7f2c34-groupManagement] INFO  server.RaftServerConfigKeys (ConfUtils.java:logGet(46)) - raft.server.read.option = DEFAULT (default)
2024-02-22 20:33:41,485 [e46a6e51-795f-4801-a523-c45a6c7f2c34-groupManagement] INFO  server.RaftServerConfigKeys (ConfUtils.java:logGet(46)) - raft.server.read.read-after-write-consistent.write-index-cache.expiry-time = 60s (default)
2024-02-22 20:33:41,485 [c30fedce-f286-40e0-881d-3d5a9a6e2463-groupManagement] INFO  storage.RaftStorageDirectory (RaftStorageDirectoryImpl.java:tryLock(228)) - Lock on /home/runner/work/ozone/ozone/hadoop-ozone/integration-test/target/test-dir/MiniOzoneClusterImpl-a0fc024b-a492-45a5-9697-b0d14f72cb5c/datanode-6/data/ratis/724f0737-a92a-4fca-96d8-c6933685b048/in_use.lock acquired by nodename 30552@fv-az779-213
2024-02-22 20:33:41,486 [78f89d9b-e409-4704-890b-bfcfbcdfd28a-groupManagement] INFO  util.AwaitToRun (AwaitToRun.java:start(81)) - Thread[78f89d9b-e409-4704-890b-bfcfbcdfd28a@group-8820B9A2DC65-cacheEviction-AwaitToRun,5,main] started
2024-02-22 20:33:41,486 [78f89d9b-e409-4704-890b-bfcfbcdfd28a-groupManagement] INFO  segmented.SegmentedRaftLogWorker (SegmentedRaftLogWorker.java:<init>(182)) - new 78f89d9b-e409-4704-890b-bfcfbcdfd28a@group-8820B9A2DC65-SegmentedRaftLogWorker for RaftStorageImpl:Storage Directory /home/runner/work/ozone/ozone/hadoop-ozone/integration-test/target/test-dir/MiniOzoneClusterImpl-a0fc024b-a492-45a5-9697-b0d14f72cb5c/datanode-8/data/ratis/045ea6be-5c70-427a-91cd-8820b9a2dc65
2024-02-22 20:33:41,486 [78f89d9b-e409-4704-890b-bfcfbcdfd28a-groupManagement] INFO  server.RaftServerConfigKeys (ConfUtils.java:logGet(46)) - raft.server.log.queue.byte-limit = 4294967296 (custom)
2024-02-22 20:33:41,486 [78f89d9b-e409-4704-890b-bfcfbcdfd28a-groupManagement] INFO  server.RaftServerConfigKeys (ConfUtils.java:logGet(46)) - raft.server.log.queue.element-limit = 1024 (custom)
2024-02-22 20:33:41,486 [78f89d9b-e409-4704-890b-bfcfbcdfd28a-groupManagement] INFO  server.RaftServerConfigKeys (ConfUtils.java:logGet(46)) - raft.server.log.segment.size.max = 67108864 (custom)
2024-02-22 20:33:41,486 [c30fedce-f286-40e0-881d-3d5a9a6e2463-groupManagement] INFO  storage.RaftStorage (RaftStorageImpl.java:format(99)) - Storage directory /home/runner/work/ozone/ozone/hadoop-ozone/integration-test/target/test-dir/MiniOzoneClusterImpl-a0fc024b-a492-45a5-9697-b0d14f72cb5c/datanode-6/data/ratis/724f0737-a92a-4fca-96d8-c6933685b048 has been successfully formatted.
2024-02-22 20:33:41,486 [86ab988c-fa9c-425d-a1c6-9004ff7fd93d-groupManagement] INFO  ratis.ContainerStateMachine (ContainerStateMachine.java:loadSnapshot(287)) - group-39057960C58A: The snapshot info is null. Setting the last applied index to:(t:0, i:~)
2024-02-22 20:33:41,486 [86ab988c-fa9c-425d-a1c6-9004ff7fd93d-groupManagement] INFO  server.RaftServerConfigKeys (ConfUtils.java:logGet(46)) - raft.server.log.use.memory = false (default)
2024-02-22 20:33:41,486 [86ab988c-fa9c-425d-a1c6-9004ff7fd93d-groupManagement] INFO  server.RaftServerConfigKeys (ConfUtils.java:logGet(46)) - raft.server.log.purge.gap = 1000000 (custom)
2024-02-22 20:33:41,486 [86ab988c-fa9c-425d-a1c6-9004ff7fd93d-groupManagement] INFO  server.RaftServerConfigKeys (ConfUtils.java:logGet(46)) - raft.server.log.appender.buffer.byte-limit = 8388608 (custom)
2024-02-22 20:33:41,487 [86ab988c-fa9c-425d-a1c6-9004ff7fd93d-groupManagement] INFO  server.RaftServerConfigKeys (ConfUtils.java:logGet(46)) - raft.server.log.statemachine.data.read.timeout = 1000ms (default)
2024-02-22 20:33:41,487 [86ab988c-fa9c-425d-a1c6-9004ff7fd93d-groupManagement] INFO  server.RaftServerConfigKeys (ConfUtils.java:logGet(46)) - raft.server.log.purge.preservation.log.num = 0 (default)
2024-02-22 20:33:41,485 [923be64f-71f4-4891-b05d-82ff5a9df5b5-groupManagement] INFO  segmented.SegmentedRaftLogWorker (SegmentedRaftLogWorker.java:<init>(182)) - new 923be64f-71f4-4891-b05d-82ff5a9df5b5@group-AFFC1E458E84-SegmentedRaftLogWorker for RaftStorageImpl:Storage Directory /home/runner/work/ozone/ozone/hadoop-ozone/integration-test/target/test-dir/MiniOzoneClusterImpl-a0fc024b-a492-45a5-9697-b0d14f72cb5c/datanode-1/data/ratis/7a70ea48-d71a-4b2b-bc50-affc1e458e84
2024-02-22 20:33:41,487 [923be64f-71f4-4891-b05d-82ff5a9df5b5-groupManagement] INFO  server.RaftServerConfigKeys (ConfUtils.java:logGet(46)) - raft.server.log.queue.byte-limit = 4294967296 (custom)
2024-02-22 20:33:41,487 [923be64f-71f4-4891-b05d-82ff5a9df5b5-groupManagement] INFO  server.RaftServerConfigKeys (ConfUtils.java:logGet(46)) - raft.server.log.queue.element-limit = 1024 (custom)
2024-02-22 20:33:41,487 [923be64f-71f4-4891-b05d-82ff5a9df5b5-groupManagement] INFO  server.RaftServerConfigKeys (ConfUtils.java:logGet(46)) - raft.server.log.segment.size.max = 67108864 (custom)
2024-02-22 20:33:41,487 [923be64f-71f4-4891-b05d-82ff5a9df5b5-groupManagement] INFO  server.RaftServerConfigKeys (ConfUtils.java:logGet(46)) - raft.server.log.preallocated.size = 4194304 (custom)
2024-02-22 20:33:41,487 [923be64f-71f4-4891-b05d-82ff5a9df5b5-groupManagement] INFO  server.RaftServerConfigKeys (ConfUtils.java:logGet(46)) - raft.server.log.force.sync.num = 128 (default)
2024-02-22 20:33:41,487 [923be64f-71f4-4891-b05d-82ff5a9df5b5-groupManagement] INFO  server.RaftServerConfigKeys (ConfUtils.java:logGet(46)) - raft.server.log.statemachine.data.sync = true (default)
2024-02-22 20:33:41,487 [923be64f-71f4-4891-b05d-82ff5a9df5b5-groupManagement] INFO  server.RaftServerConfigKeys (ConfUtils.java:logGet(46)) - raft.server.log.statemachine.data.sync.timeout = 10s (default)
2024-02-22 20:33:41,487 [923be64f-71f4-4891-b05d-82ff5a9df5b5-groupManagement] INFO  server.RaftServerConfigKeys (ConfUtils.java:logGet(46)) - raft.server.log.statemachine.data.sync.timeout.retry = 0 (custom)
2024-02-22 20:33:41,488 [dc26353c-d48a-467d-89cd-3a7c4b626396-groupManagement] INFO  util.AwaitToRun (AwaitToRun.java:start(81)) - Thread[dc26353c-d48a-467d-89cd-3a7c4b626396@group-34E96220011A-cacheEviction-AwaitToRun,5,main] started
2024-02-22 20:33:41,488 [dc26353c-d48a-467d-89cd-3a7c4b626396-groupManagement] INFO  segmented.SegmentedRaftLogWorker (SegmentedRaftLogWorker.java:<init>(182)) - new dc26353c-d48a-467d-89cd-3a7c4b626396@group-34E96220011A-SegmentedRaftLogWorker for RaftStorageImpl:Storage Directory /home/runner/work/ozone/ozone/hadoop-ozone/integration-test/target/test-dir/MiniOzoneClusterImpl-a0fc024b-a492-45a5-9697-b0d14f72cb5c/datanode-4/data/ratis/b7d85f91-fa2f-4c6c-8457-34e96220011a
2024-02-22 20:33:41,486 [c30fedce-f286-40e0-881d-3d5a9a6e2463-groupManagement] WARN  util.FileUtils (LogUtils.java:supplyAndLog(63)) - Failed to Files.newInputStream /home/runner/work/ozone/ozone/hadoop-ozone/integration-test/target/test-dir/MiniOzoneClusterImpl-a0fc024b-a492-45a5-9697-b0d14f72cb5c/datanode-6/data/ratis/724f0737-a92a-4fca-96d8-c6933685b048/current/raft-meta.conf with options []: java.nio.file.NoSuchFileException: /home/runner/work/ozone/ozone/hadoop-ozone/integration-test/target/test-dir/MiniOzoneClusterImpl-a0fc024b-a492-45a5-9697-b0d14f72cb5c/datanode-6/data/ratis/724f0737-a92a-4fca-96d8-c6933685b048/current/raft-meta.conf
2024-02-22 20:33:41,486 [78f89d9b-e409-4704-890b-bfcfbcdfd28a-groupManagement] INFO  server.RaftServerConfigKeys (ConfUtils.java:logGet(46)) - raft.server.log.preallocated.size = 4194304 (custom)
2024-02-22 20:33:41,491 [78f89d9b-e409-4704-890b-bfcfbcdfd28a-groupManagement] INFO  server.RaftServerConfigKeys (ConfUtils.java:logGet(46)) - raft.server.log.force.sync.num = 128 (default)
2024-02-22 20:33:41,491 [78f89d9b-e409-4704-890b-bfcfbcdfd28a-groupManagement] INFO  server.RaftServerConfigKeys (ConfUtils.java:logGet(46)) - raft.server.log.statemachine.data.sync = true (default)
2024-02-22 20:33:41,491 [78f89d9b-e409-4704-890b-bfcfbcdfd28a-groupManagement] INFO  server.RaftServerConfigKeys (ConfUtils.java:logGet(46)) - raft.server.log.statemachine.data.sync.timeout = 10s (default)
2024-02-22 20:33:41,491 [78f89d9b-e409-4704-890b-bfcfbcdfd28a-groupManagement] INFO  server.RaftServerConfigKeys (ConfUtils.java:logGet(46)) - raft.server.log.statemachine.data.sync.timeout.retry = 0 (custom)
2024-02-22 20:33:41,491 [78f89d9b-e409-4704-890b-bfcfbcdfd28a-groupManagement] INFO  server.RaftServerConfigKeys (ConfUtils.java:logGet(46)) - raft.server.log.write.buffer.size = 8388616 (custom)
2024-02-22 20:33:41,492 [78f89d9b-e409-4704-890b-bfcfbcdfd28a-groupManagement] INFO  server.RaftServerConfigKeys (ConfUtils.java:logGet(46)) - raft.server.log.appender.buffer.byte-limit = 8388608 (custom)
2024-02-22 20:33:41,492 [78f89d9b-e409-4704-890b-bfcfbcdfd28a-groupManagement] INFO  server.RaftServerConfigKeys (ConfUtils.java:logGet(46)) - raft.server.log.unsafe-flush.enabled = false (default)
2024-02-22 20:33:41,492 [78f89d9b-e409-4704-890b-bfcfbcdfd28a-groupManagement] INFO  server.RaftServerConfigKeys (ConfUtils.java:logGet(46)) - raft.server.log.async-flush.enabled = false (default)
2024-02-22 20:33:41,492 [78f89d9b-e409-4704-890b-bfcfbcdfd28a-groupManagement] INFO  server.RaftServerConfigKeys (ConfUtils.java:logGet(46)) - raft.server.log.statemachine.data.caching.enabled = true (custom)
2024-02-22 20:33:41,493 [78f89d9b-e409-4704-890b-bfcfbcdfd28a-groupManagement] INFO  segmented.SegmentedRaftLogWorker (SegmentedRaftLogWorker.java:lambda$new$0(134)) - 78f89d9b-e409-4704-890b-bfcfbcdfd28a@group-8820B9A2DC65-SegmentedRaftLogWorker: flushIndex: setUnconditionally 0 -> -1
2024-02-22 20:33:41,493 [78f89d9b-e409-4704-890b-bfcfbcdfd28a-groupManagement] INFO  segmented.SegmentedRaftLogWorker (SegmentedRaftLogWorker.java:lambda$new$0(134)) - 78f89d9b-e409-4704-890b-bfcfbcdfd28a@group-8820B9A2DC65-SegmentedRaftLogWorker: safeCacheEvictIndex: setUnconditionally 0 -> -1
2024-02-22 20:33:41,490 [86ab988c-fa9c-425d-a1c6-9004ff7fd93d-groupManagement] INFO  server.RaftServerConfigKeys (ConfUtils.java:logGet(46)) - raft.server.log.segment.size.max = 67108864 (custom)
2024-02-22 20:33:41,493 [86ab988c-fa9c-425d-a1c6-9004ff7fd93d-groupManagement] INFO  server.RaftServerConfigKeys (ConfUtils.java:logGet(46)) - raft.server.log.segment.cache.num.max = 2 (custom)
2024-02-22 20:33:41,493 [86ab988c-fa9c-425d-a1c6-9004ff7fd93d-groupManagement] INFO  server.RaftServerConfigKeys (ConfUtils.java:logGet(46)) - raft.server.log.segment.cache.size.max = 200MB (=209715200) (default)
2024-02-22 20:33:41,493 [86ab988c-fa9c-425d-a1c6-9004ff7fd93d-groupManagement] INFO  server.RaftServerConfigKeys (ConfUtils.java:logGet(46)) - raft.server.log.appender.buffer.byte-limit = 8388608 (custom)
2024-02-22 20:33:41,490 [e46a6e51-795f-4801-a523-c45a6c7f2c34-groupManagement] INFO  server.RaftServerConfigKeys (ConfUtils.java:logGet(46)) - raft.server.rpc.request.timeout = 60s (custom)
2024-02-22 20:33:41,494 [e46a6e51-795f-4801-a523-c45a6c7f2c34-groupManagement] INFO  server.RaftServerConfigKeys (ConfUtils.java:logGet(46)) - raft.server.log.appender.install.snapshot.enabled = false (custom)
2024-02-22 20:33:41,494 [e46a6e51-795f-4801-a523-c45a6c7f2c34-groupManagement] INFO  server.RaftServerConfigKeys (ConfUtils.java:logGet(46)) - raft.server.threadpool.server.cached = true (default)
2024-02-22 20:33:41,494 [e46a6e51-795f-4801-a523-c45a6c7f2c34-groupManagement] INFO  server.RaftServerConfigKeys (ConfUtils.java:logGet(46)) - raft.server.threadpool.server.size = 0 (default)
2024-02-22 20:33:41,494 [e46a6e51-795f-4801-a523-c45a6c7f2c34-groupManagement] INFO  server.RaftServerConfigKeys (ConfUtils.java:logGet(46)) - raft.server.threadpool.client.cached = true (default)
2024-02-22 20:33:41,494 [e46a6e51-795f-4801-a523-c45a6c7f2c34-groupManagement] INFO  server.RaftServerConfigKeys (ConfUtils.java:logGet(46)) - raft.server.threadpool.client.size = 0 (default)
2024-02-22 20:33:41,494 [e46a6e51-795f-4801-a523-c45a6c7f2c34-groupManagement] INFO  server.RaftServerConfigKeys (ConfUtils.java:logGet(46)) - raft.server.storage.free-space.min = 0MB (=0) (default)
2024-02-22 20:33:41,494 [e46a6e51-795f-4801-a523-c45a6c7f2c34-groupManagement] INFO  server.RaftServerConfigKeys (ConfUtils.java:logGet(46)) - raft.server.log.corruption.policy = EXCEPTION (default)
2024-02-22 20:33:41,495 [e46a6e51-795f-4801-a523-c45a6c7f2c34-groupManagement] INFO  server.RaftServerConfigKeys (ConfUtils.java:logGet(46)) - raft.server.storage.dir = [/home/runner/work/ozone/ozone/hadoop-ozone/integration-test/target/test-dir/MiniOzoneClusterImpl-a0fc024b-a492-45a5-9697-b0d14f72cb5c/datanode-0/data/ratis] (custom)
2024-02-22 20:33:41,495 [e46a6e51-795f-4801-a523-c45a6c7f2c34-groupManagement] INFO  storage.RaftStorageDirectory (RaftStorageDirectoryImpl.java:analyzeStorage(138)) - The storage directory /home/runner/work/ozone/ozone/hadoop-ozone/integration-test/target/test-dir/MiniOzoneClusterImpl-a0fc024b-a492-45a5-9697-b0d14f72cb5c/datanode-0/data/ratis/7a70ea48-d71a-4b2b-bc50-affc1e458e84 does not exist. Creating ...
2024-02-22 20:33:41,489 [d25dc3b0-28fc-4383-b1a0-617845025f41-groupManagement] INFO  ratis.ContainerStateMachine (ContainerStateMachine.java:loadSnapshot(287)) - group-97BB02909E0E: The snapshot info is null. Setting the last applied index to:(t:0, i:~)
2024-02-22 20:33:41,495 [d25dc3b0-28fc-4383-b1a0-617845025f41-groupManagement] INFO  server.RaftServerConfigKeys (ConfUtils.java:logGet(46)) - raft.server.log.use.memory = false (default)
2024-02-22 20:33:41,496 [78f89d9b-e409-4704-890b-bfcfbcdfd28a-groupManagement] INFO  server.RaftServer$Division (RaftServerImpl.java:start(396)) - 78f89d9b-e409-4704-890b-bfcfbcdfd28a@group-8820B9A2DC65: start as a follower, conf=-1: peers:[78f89d9b-e409-4704-890b-bfcfbcdfd28a|10.1.0.33:15086, d25dc3b0-28fc-4383-b1a0-617845025f41|10.1.0.33:15032, 4e8f68d6-fd98-4f77-87e3-715939181693|10.1.0.33:15041]|listeners:[], old=null
2024-02-22 20:33:41,496 [78f89d9b-e409-4704-890b-bfcfbcdfd28a-groupManagement] INFO  server.RaftServer$Division (RaftServerImpl.java:setRole(383)) - 78f89d9b-e409-4704-890b-bfcfbcdfd28a@group-8820B9A2DC65: changes role from      null to FOLLOWER at term 0 for startAsFollower
2024-02-22 20:33:41,496 [78f89d9b-e409-4704-890b-bfcfbcdfd28a-groupManagement] INFO  impl.RoleInfo (RoleInfo.java:updateAndGet(139)) - 78f89d9b-e409-4704-890b-bfcfbcdfd28a: start 78f89d9b-e409-4704-890b-bfcfbcdfd28a@group-8820B9A2DC65-FollowerState
2024-02-22 20:33:41,489 [e780b093-7242-46d7-bd8f-0f810188c7b3-groupManagement] INFO  ratis.ContainerStateMachine (ContainerStateMachine.java:loadSnapshot(287)) - group-AFFC1E458E84: The snapshot info is null. Setting the last applied index to:(t:0, i:~)
2024-02-22 20:33:41,496 [e780b093-7242-46d7-bd8f-0f810188c7b3-groupManagement] INFO  server.RaftServerConfigKeys (ConfUtils.java:logGet(46)) - raft.server.log.use.memory = false (default)
2024-02-22 20:33:41,496 [e780b093-7242-46d7-bd8f-0f810188c7b3-groupManagement] INFO  server.RaftServerConfigKeys (ConfUtils.java:logGet(46)) - raft.server.log.purge.gap = 1000000 (custom)
2024-02-22 20:33:41,496 [e780b093-7242-46d7-bd8f-0f810188c7b3-groupManagement] INFO  server.RaftServerConfigKeys (ConfUtils.java:logGet(46)) - raft.server.log.appender.buffer.byte-limit = 8388608 (custom)
2024-02-22 20:33:41,496 [e780b093-7242-46d7-bd8f-0f810188c7b3-groupManagement] INFO  server.RaftServerConfigKeys (ConfUtils.java:logGet(46)) - raft.server.log.statemachine.data.read.timeout = 1000ms (default)
2024-02-22 20:33:41,496 [e780b093-7242-46d7-bd8f-0f810188c7b3-groupManagement] INFO  server.RaftServerConfigKeys (ConfUtils.java:logGet(46)) - raft.server.log.purge.preservation.log.num = 0 (default)
2024-02-22 20:33:41,498 [e780b093-7242-46d7-bd8f-0f810188c7b3-groupManagement] INFO  server.RaftServerConfigKeys (ConfUtils.java:logGet(46)) - raft.server.log.segment.size.max = 67108864 (custom)
2024-02-22 20:33:41,498 [e780b093-7242-46d7-bd8f-0f810188c7b3-groupManagement] INFO  server.RaftServerConfigKeys (ConfUtils.java:logGet(46)) - raft.server.log.segment.cache.num.max = 2 (custom)
2024-02-22 20:33:41,498 [e780b093-7242-46d7-bd8f-0f810188c7b3-groupManagement] INFO  server.RaftServerConfigKeys (ConfUtils.java:logGet(46)) - raft.server.log.segment.cache.size.max = 200MB (=209715200) (default)
2024-02-22 20:33:41,498 [e780b093-7242-46d7-bd8f-0f810188c7b3-groupManagement] INFO  server.RaftServerConfigKeys (ConfUtils.java:logGet(46)) - raft.server.log.appender.buffer.byte-limit = 8388608 (custom)
2024-02-22 20:33:41,489 [EventQueue-OpenPipelineForHealthyPipelineSafeModeRule] INFO  safemode.SCMSafeModeManager (HealthyPipelineSafeModeRule.java:process(140)) - SCM in safe mode. Healthy pipelines reported count is 0, required healthy pipeline reported count is 1
2024-02-22 20:33:41,489 [EventQueue-PipelineReportForPipelineReportHandler] INFO  pipeline.PipelineReportHandler (PipelineReportHandler.java:processPipelineReport(136)) - Opened pipeline PipelineID=23eed6f5-f54e-4a5a-9149-39057960c58a
2024-02-22 20:33:41,489 [923be64f-71f4-4891-b05d-82ff5a9df5b5-groupManagement] INFO  server.RaftServerConfigKeys (ConfUtils.java:logGet(46)) - raft.server.log.write.buffer.size = 8388616 (custom)
2024-02-22 20:33:41,499 [EventQueue-OpenPipelineForHealthyPipelineSafeModeRule] INFO  safemode.SCMSafeModeManager (HealthyPipelineSafeModeRule.java:process(140)) - SCM in safe mode. Healthy pipelines reported count is 0, required healthy pipeline reported count is 1
2024-02-22 20:33:41,499 [EventQueue-OpenPipelineForHealthyPipelineSafeModeRule] INFO  safemode.SCMSafeModeManager (HealthyPipelineSafeModeRule.java:process(140)) - SCM in safe mode. Healthy pipelines reported count is 0, required healthy pipeline reported count is 1
2024-02-22 20:33:41,499 [EventQueue-OpenPipelineForHealthyPipelineSafeModeRule] INFO  safemode.SCMSafeModeManager (HealthyPipelineSafeModeRule.java:process(140)) - SCM in safe mode. Healthy pipelines reported count is 0, required healthy pipeline reported count is 1
2024-02-22 20:33:41,488 [dc26353c-d48a-467d-89cd-3a7c4b626396-groupManagement] INFO  server.RaftServerConfigKeys (ConfUtils.java:logGet(46)) - raft.server.log.queue.byte-limit = 4294967296 (custom)
2024-02-22 20:33:41,499 [dc26353c-d48a-467d-89cd-3a7c4b626396-groupManagement] INFO  server.RaftServerConfigKeys (ConfUtils.java:logGet(46)) - raft.server.log.queue.element-limit = 1024 (custom)
2024-02-22 20:33:41,499 [dc26353c-d48a-467d-89cd-3a7c4b626396-groupManagement] INFO  server.RaftServerConfigKeys (ConfUtils.java:logGet(46)) - raft.server.log.segment.size.max = 67108864 (custom)
2024-02-22 20:33:41,499 [dc26353c-d48a-467d-89cd-3a7c4b626396-groupManagement] INFO  server.RaftServerConfigKeys (ConfUtils.java:logGet(46)) - raft.server.log.preallocated.size = 4194304 (custom)
2024-02-22 20:33:41,499 [dc26353c-d48a-467d-89cd-3a7c4b626396-groupManagement] INFO  server.RaftServerConfigKeys (ConfUtils.java:logGet(46)) - raft.server.log.force.sync.num = 128 (default)
2024-02-22 20:33:41,499 [dc26353c-d48a-467d-89cd-3a7c4b626396-groupManagement] INFO  server.RaftServerConfigKeys (ConfUtils.java:logGet(46)) - raft.server.log.statemachine.data.sync = true (default)
2024-02-22 20:33:41,500 [dc26353c-d48a-467d-89cd-3a7c4b626396-groupManagement] INFO  server.RaftServerConfigKeys (ConfUtils.java:logGet(46)) - raft.server.log.statemachine.data.sync.timeout = 10s (default)
2024-02-22 20:33:41,500 [dc26353c-d48a-467d-89cd-3a7c4b626396-groupManagement] INFO  server.RaftServerConfigKeys (ConfUtils.java:logGet(46)) - raft.server.log.statemachine.data.sync.timeout.retry = 0 (custom)
2024-02-22 20:33:41,500 [dc26353c-d48a-467d-89cd-3a7c4b626396-groupManagement] INFO  server.RaftServerConfigKeys (ConfUtils.java:logGet(46)) - raft.server.log.write.buffer.size = 8388616 (custom)
2024-02-22 20:33:41,501 [dc26353c-d48a-467d-89cd-3a7c4b626396-groupManagement] INFO  server.RaftServerConfigKeys (ConfUtils.java:logGet(46)) - raft.server.log.appender.buffer.byte-limit = 8388608 (custom)
2024-02-22 20:33:41,501 [dc26353c-d48a-467d-89cd-3a7c4b626396-groupManagement] INFO  server.RaftServerConfigKeys (ConfUtils.java:logGet(46)) - raft.server.log.unsafe-flush.enabled = false (default)
2024-02-22 20:33:41,501 [dc26353c-d48a-467d-89cd-3a7c4b626396-groupManagement] INFO  server.RaftServerConfigKeys (ConfUtils.java:logGet(46)) - raft.server.log.async-flush.enabled = false (default)
2024-02-22 20:33:41,501 [dc26353c-d48a-467d-89cd-3a7c4b626396-groupManagement] INFO  server.RaftServerConfigKeys (ConfUtils.java:logGet(46)) - raft.server.log.statemachine.data.caching.enabled = true (custom)
2024-02-22 20:33:41,502 [dc26353c-d48a-467d-89cd-3a7c4b626396-groupManagement] INFO  segmented.SegmentedRaftLogWorker (SegmentedRaftLogWorker.java:lambda$new$0(134)) - dc26353c-d48a-467d-89cd-3a7c4b626396@group-34E96220011A-SegmentedRaftLogWorker: flushIndex: setUnconditionally 0 -> -1
2024-02-22 20:33:41,502 [dc26353c-d48a-467d-89cd-3a7c4b626396-groupManagement] INFO  segmented.SegmentedRaftLogWorker (SegmentedRaftLogWorker.java:lambda$new$0(134)) - dc26353c-d48a-467d-89cd-3a7c4b626396@group-34E96220011A-SegmentedRaftLogWorker: safeCacheEvictIndex: setUnconditionally 0 -> -1
2024-02-22 20:33:41,496 [e46a6e51-795f-4801-a523-c45a6c7f2c34-groupManagement] INFO  storage.RaftStorageDirectory (RaftStorageDirectoryImpl.java:tryLock(228)) - Lock on /home/runner/work/ozone/ozone/hadoop-ozone/integration-test/target/test-dir/MiniOzoneClusterImpl-a0fc024b-a492-45a5-9697-b0d14f72cb5c/datanode-0/data/ratis/7a70ea48-d71a-4b2b-bc50-affc1e458e84/in_use.lock acquired by nodename 30552@fv-az779-213
2024-02-22 20:33:41,496 [d25dc3b0-28fc-4383-b1a0-617845025f41-groupManagement] INFO  server.RaftServerConfigKeys (ConfUtils.java:logGet(46)) - raft.server.log.purge.gap = 1000000 (custom)
2024-02-22 20:33:41,502 [d25dc3b0-28fc-4383-b1a0-617845025f41-groupManagement] INFO  server.RaftServerConfigKeys (ConfUtils.java:logGet(46)) - raft.server.log.appender.buffer.byte-limit = 8388608 (custom)
2024-02-22 20:33:41,502 [d25dc3b0-28fc-4383-b1a0-617845025f41-groupManagement] INFO  server.RaftServerConfigKeys (ConfUtils.java:logGet(46)) - raft.server.log.statemachine.data.read.timeout = 1000ms (default)
2024-02-22 20:33:41,502 [d25dc3b0-28fc-4383-b1a0-617845025f41-groupManagement] INFO  server.RaftServerConfigKeys (ConfUtils.java:logGet(46)) - raft.server.log.purge.preservation.log.num = 0 (default)
2024-02-22 20:33:41,491 [c30fedce-f286-40e0-881d-3d5a9a6e2463-groupManagement] INFO  ratis.ContainerStateMachine (ContainerStateMachine.java:loadSnapshot(287)) - group-C6933685B048: The snapshot info is null. Setting the last applied index to:(t:0, i:~)
2024-02-22 20:33:41,503 [c30fedce-f286-40e0-881d-3d5a9a6e2463-groupManagement] INFO  server.RaftServerConfigKeys (ConfUtils.java:logGet(46)) - raft.server.log.use.memory = false (default)
2024-02-22 20:33:41,503 [c30fedce-f286-40e0-881d-3d5a9a6e2463-groupManagement] INFO  server.RaftServerConfigKeys (ConfUtils.java:logGet(46)) - raft.server.log.purge.gap = 1000000 (custom)
2024-02-22 20:33:41,503 [c30fedce-f286-40e0-881d-3d5a9a6e2463-groupManagement] INFO  server.RaftServerConfigKeys (ConfUtils.java:logGet(46)) - raft.server.log.appender.buffer.byte-limit = 8388608 (custom)
2024-02-22 20:33:41,503 [c30fedce-f286-40e0-881d-3d5a9a6e2463-groupManagement] INFO  server.RaftServerConfigKeys (ConfUtils.java:logGet(46)) - raft.server.log.statemachine.data.read.timeout = 1000ms (default)
2024-02-22 20:33:41,503 [c30fedce-f286-40e0-881d-3d5a9a6e2463-groupManagement] INFO  server.RaftServerConfigKeys (ConfUtils.java:logGet(46)) - raft.server.log.purge.preservation.log.num = 0 (default)
2024-02-22 20:33:41,504 [e46a6e51-795f-4801-a523-c45a6c7f2c34-groupManagement] INFO  storage.RaftStorage (RaftStorageImpl.java:format(99)) - Storage directory /home/runner/work/ozone/ozone/hadoop-ozone/integration-test/target/test-dir/MiniOzoneClusterImpl-a0fc024b-a492-45a5-9697-b0d14f72cb5c/datanode-0/data/ratis/7a70ea48-d71a-4b2b-bc50-affc1e458e84 has been successfully formatted.
2024-02-22 20:33:41,504 [e46a6e51-795f-4801-a523-c45a6c7f2c34-groupManagement] WARN  util.FileUtils (LogUtils.java:supplyAndLog(63)) - Failed to Files.newInputStream /home/runner/work/ozone/ozone/hadoop-ozone/integration-test/target/test-dir/MiniOzoneClusterImpl-a0fc024b-a492-45a5-9697-b0d14f72cb5c/datanode-0/data/ratis/7a70ea48-d71a-4b2b-bc50-affc1e458e84/current/raft-meta.conf with options []: java.nio.file.NoSuchFileException: /home/runner/work/ozone/ozone/hadoop-ozone/integration-test/target/test-dir/MiniOzoneClusterImpl-a0fc024b-a492-45a5-9697-b0d14f72cb5c/datanode-0/data/ratis/7a70ea48-d71a-4b2b-bc50-affc1e458e84/current/raft-meta.conf
2024-02-22 20:33:41,503 [78f89d9b-e409-4704-890b-bfcfbcdfd28a-groupManagement] INFO  util.JmxRegister (JmxRegister.java:tryRegister(44)) - Successfully registered JMX Bean with object name Ratis:service=RaftServer,group=group-8820B9A2DC65,id=78f89d9b-e409-4704-890b-bfcfbcdfd28a
2024-02-22 20:33:41,504 [86ab988c-fa9c-425d-a1c6-9004ff7fd93d-groupManagement] INFO  util.AwaitToRun (AwaitToRun.java:start(81)) - Thread[86ab988c-fa9c-425d-a1c6-9004ff7fd93d@group-39057960C58A-cacheEviction-AwaitToRun,5,main] started
2024-02-22 20:33:41,502 [923be64f-71f4-4891-b05d-82ff5a9df5b5-groupManagement] INFO  server.RaftServerConfigKeys (ConfUtils.java:logGet(46)) - raft.server.log.appender.buffer.byte-limit = 8388608 (custom)
2024-02-22 20:33:41,502 [EventQueue-OpenPipelineForHealthyPipelineSafeModeRule] INFO  safemode.SCMSafeModeManager (HealthyPipelineSafeModeRule.java:process(140)) - SCM in safe mode. Healthy pipelines reported count is 0, required healthy pipeline reported count is 1
2024-02-22 20:33:41,504 [923be64f-71f4-4891-b05d-82ff5a9df5b5-groupManagement] INFO  server.RaftServerConfigKeys (ConfUtils.java:logGet(46)) - raft.server.log.unsafe-flush.enabled = false (default)
2024-02-22 20:33:41,504 [86ab988c-fa9c-425d-a1c6-9004ff7fd93d-groupManagement] INFO  segmented.SegmentedRaftLogWorker (SegmentedRaftLogWorker.java:<init>(182)) - new 86ab988c-fa9c-425d-a1c6-9004ff7fd93d@group-39057960C58A-SegmentedRaftLogWorker for RaftStorageImpl:Storage Directory /home/runner/work/ozone/ozone/hadoop-ozone/integration-test/target/test-dir/MiniOzoneClusterImpl-a0fc024b-a492-45a5-9697-b0d14f72cb5c/datanode-5/data/ratis/23eed6f5-f54e-4a5a-9149-39057960c58a
2024-02-22 20:33:41,504 [78f89d9b-e409-4704-890b-bfcfbcdfd28a-groupManagement] INFO  server.RaftServerConfigKeys (ConfUtils.java:logGet(46)) - raft.server.snapshot.trigger-when-stop.enabled = true (default)
2024-02-22 20:33:41,504 [78f89d9b-e409-4704-890b-bfcfbcdfd28a@group-8820B9A2DC65-FollowerState] INFO  server.RaftServerConfigKeys (ConfUtils.java:logFallback(53)) - raft.server.rpc.first-election.timeout.min = 5s (fallback to raft.server.rpc.timeout.min)
2024-02-22 20:33:41,505 [78f89d9b-e409-4704-890b-bfcfbcdfd28a-groupManagement] INFO  server.RaftServerConfigKeys (ConfUtils.java:logGet(46)) - raft.server.snapshot.auto.trigger.enabled = true (custom)
2024-02-22 20:33:41,505 [86ab988c-fa9c-425d-a1c6-9004ff7fd93d-groupManagement] INFO  server.RaftServerConfigKeys (ConfUtils.java:logGet(46)) - raft.server.log.queue.byte-limit = 4294967296 (custom)
2024-02-22 20:33:41,505 [86ab988c-fa9c-425d-a1c6-9004ff7fd93d-groupManagement] INFO  server.RaftServerConfigKeys (ConfUtils.java:logGet(46)) - raft.server.log.queue.element-limit = 1024 (custom)
2024-02-22 20:33:41,505 [923be64f-71f4-4891-b05d-82ff5a9df5b5-groupManagement] INFO  server.RaftServerConfigKeys (ConfUtils.java:logGet(46)) - raft.server.log.async-flush.enabled = false (default)
2024-02-22 20:33:41,504 [EventQueue-OpenPipelineForHealthyPipelineSafeModeRule] INFO  safemode.SCMSafeModeManager (HealthyPipelineSafeModeRule.java:process(140)) - SCM in safe mode. Healthy pipelines reported count is 0, required healthy pipeline reported count is 1
2024-02-22 20:33:41,505 [923be64f-71f4-4891-b05d-82ff5a9df5b5-groupManagement] INFO  server.RaftServerConfigKeys (ConfUtils.java:logGet(46)) - raft.server.log.statemachine.data.caching.enabled = true (custom)
2024-02-22 20:33:41,505 [86ab988c-fa9c-425d-a1c6-9004ff7fd93d-groupManagement] INFO  server.RaftServerConfigKeys (ConfUtils.java:logGet(46)) - raft.server.log.segment.size.max = 67108864 (custom)
2024-02-22 20:33:41,505 [86ab988c-fa9c-425d-a1c6-9004ff7fd93d-groupManagement] INFO  server.RaftServerConfigKeys (ConfUtils.java:logGet(46)) - raft.server.log.preallocated.size = 4194304 (custom)
2024-02-22 20:33:41,505 [86ab988c-fa9c-425d-a1c6-9004ff7fd93d-groupManagement] INFO  server.RaftServerConfigKeys (ConfUtils.java:logGet(46)) - raft.server.log.force.sync.num = 128 (default)
2024-02-22 20:33:41,505 [86ab988c-fa9c-425d-a1c6-9004ff7fd93d-groupManagement] INFO  server.RaftServerConfigKeys (ConfUtils.java:logGet(46)) - raft.server.log.statemachine.data.sync = true (default)
2024-02-22 20:33:41,506 [86ab988c-fa9c-425d-a1c6-9004ff7fd93d-groupManagement] INFO  server.RaftServerConfigKeys (ConfUtils.java:logGet(46)) - raft.server.log.statemachine.data.sync.timeout = 10s (default)
2024-02-22 20:33:41,506 [86ab988c-fa9c-425d-a1c6-9004ff7fd93d-groupManagement] INFO  server.RaftServerConfigKeys (ConfUtils.java:logGet(46)) - raft.server.log.statemachine.data.sync.timeout.retry = 0 (custom)
2024-02-22 20:33:41,505 [78f89d9b-e409-4704-890b-bfcfbcdfd28a-groupManagement] INFO  server.RaftServerConfigKeys (ConfUtils.java:logGet(46)) - raft.server.snapshot.auto.trigger.threshold = 10000 (custom)
2024-02-22 20:33:41,506 [78f89d9b-e409-4704-890b-bfcfbcdfd28a-groupManagement] INFO  server.RaftServerConfigKeys (ConfUtils.java:logGet(46)) - raft.server.snapshot.retention.file.num = 5 (custom)
2024-02-22 20:33:41,506 [78f89d9b-e409-4704-890b-bfcfbcdfd28a-groupManagement] INFO  server.RaftServerConfigKeys (ConfUtils.java:logGet(46)) - raft.server.log.purge.upto.snapshot.index = false (default)
2024-02-22 20:33:41,505 [78f89d9b-e409-4704-890b-bfcfbcdfd28a@group-8820B9A2DC65-FollowerState] INFO  server.RaftServerConfigKeys (ConfUtils.java:logFallback(53)) - raft.server.rpc.first-election.timeout.max = 5200ms (fallback to raft.server.rpc.timeout.max)
2024-02-22 20:33:41,505 [923be64f-71f4-4891-b05d-82ff5a9df5b5-groupManagement] INFO  segmented.SegmentedRaftLogWorker (SegmentedRaftLogWorker.java:lambda$new$0(134)) - 923be64f-71f4-4891-b05d-82ff5a9df5b5@group-AFFC1E458E84-SegmentedRaftLogWorker: flushIndex: setUnconditionally 0 -> -1
2024-02-22 20:33:41,505 [EventQueue-OpenPipelineForHealthyPipelineSafeModeRule] INFO  safemode.SCMSafeModeManager (HealthyPipelineSafeModeRule.java:process(140)) - SCM in safe mode. Healthy pipelines reported count is 0, required healthy pipeline reported count is 1
2024-02-22 20:33:41,506 [923be64f-71f4-4891-b05d-82ff5a9df5b5-groupManagement] INFO  segmented.SegmentedRaftLogWorker (SegmentedRaftLogWorker.java:lambda$new$0(134)) - 923be64f-71f4-4891-b05d-82ff5a9df5b5@group-AFFC1E458E84-SegmentedRaftLogWorker: safeCacheEvictIndex: setUnconditionally 0 -> -1
2024-02-22 20:33:41,507 [86ab988c-fa9c-425d-a1c6-9004ff7fd93d-groupManagement] INFO  server.RaftServerConfigKeys (ConfUtils.java:logGet(46)) - raft.server.log.write.buffer.size = 8388616 (custom)
2024-02-22 20:33:41,508 [86ab988c-fa9c-425d-a1c6-9004ff7fd93d-groupManagement] INFO  server.RaftServerConfigKeys (ConfUtils.java:logGet(46)) - raft.server.log.appender.buffer.byte-limit = 8388608 (custom)
2024-02-22 20:33:41,508 [86ab988c-fa9c-425d-a1c6-9004ff7fd93d-groupManagement] INFO  server.RaftServerConfigKeys (ConfUtils.java:logGet(46)) - raft.server.log.unsafe-flush.enabled = false (default)
2024-02-22 20:33:41,508 [86ab988c-fa9c-425d-a1c6-9004ff7fd93d-groupManagement] INFO  server.RaftServerConfigKeys (ConfUtils.java:logGet(46)) - raft.server.log.async-flush.enabled = false (default)
2024-02-22 20:33:41,508 [86ab988c-fa9c-425d-a1c6-9004ff7fd93d-groupManagement] INFO  server.RaftServerConfigKeys (ConfUtils.java:logGet(46)) - raft.server.log.statemachine.data.caching.enabled = true (custom)
2024-02-22 20:33:41,508 [86ab988c-fa9c-425d-a1c6-9004ff7fd93d-groupManagement] INFO  segmented.SegmentedRaftLogWorker (SegmentedRaftLogWorker.java:lambda$new$0(134)) - 86ab988c-fa9c-425d-a1c6-9004ff7fd93d@group-39057960C58A-SegmentedRaftLogWorker: flushIndex: setUnconditionally 0 -> -1
2024-02-22 20:33:41,508 [86ab988c-fa9c-425d-a1c6-9004ff7fd93d-groupManagement] INFO  segmented.SegmentedRaftLogWorker (SegmentedRaftLogWorker.java:lambda$new$0(134)) - 86ab988c-fa9c-425d-a1c6-9004ff7fd93d@group-39057960C58A-SegmentedRaftLogWorker: safeCacheEvictIndex: setUnconditionally 0 -> -1
2024-02-22 20:33:41,509 [d25dc3b0-28fc-4383-b1a0-617845025f41-groupManagement] INFO  server.RaftServerConfigKeys (ConfUtils.java:logGet(46)) - raft.server.log.segment.size.max = 67108864 (custom)
2024-02-22 20:33:41,509 [c30fedce-f286-40e0-881d-3d5a9a6e2463-groupManagement] INFO  server.RaftServerConfigKeys (ConfUtils.java:logGet(46)) - raft.server.log.segment.size.max = 67108864 (custom)
2024-02-22 20:33:41,510 [d25dc3b0-28fc-4383-b1a0-617845025f41-groupManagement] INFO  server.RaftServerConfigKeys (ConfUtils.java:logGet(46)) - raft.server.log.segment.cache.num.max = 2 (custom)
2024-02-22 20:33:41,510 [d25dc3b0-28fc-4383-b1a0-617845025f41-groupManagement] INFO  server.RaftServerConfigKeys (ConfUtils.java:logGet(46)) - raft.server.log.segment.cache.size.max = 200MB (=209715200) (default)
2024-02-22 20:33:41,510 [d25dc3b0-28fc-4383-b1a0-617845025f41-groupManagement] INFO  server.RaftServerConfigKeys (ConfUtils.java:logGet(46)) - raft.server.log.appender.buffer.byte-limit = 8388608 (custom)
2024-02-22 20:33:41,510 [c30fedce-f286-40e0-881d-3d5a9a6e2463-groupManagement] INFO  server.RaftServerConfigKeys (ConfUtils.java:logGet(46)) - raft.server.log.segment.cache.num.max = 2 (custom)
2024-02-22 20:33:41,510 [c30fedce-f286-40e0-881d-3d5a9a6e2463-groupManagement] INFO  server.RaftServerConfigKeys (ConfUtils.java:logGet(46)) - raft.server.log.segment.cache.size.max = 200MB (=209715200) (default)
2024-02-22 20:33:41,510 [c30fedce-f286-40e0-881d-3d5a9a6e2463-groupManagement] INFO  server.RaftServerConfigKeys (ConfUtils.java:logGet(46)) - raft.server.log.appender.buffer.byte-limit = 8388608 (custom)
2024-02-22 20:33:41,514 [dc26353c-d48a-467d-89cd-3a7c4b626396-groupManagement] INFO  server.RaftServer$Division (RaftServerImpl.java:start(396)) - dc26353c-d48a-467d-89cd-3a7c4b626396@group-34E96220011A: start as a follower, conf=-1: peers:[86ab988c-fa9c-425d-a1c6-9004ff7fd93d|10.1.0.33:15059, c30fedce-f286-40e0-881d-3d5a9a6e2463|10.1.0.33:15068, dc26353c-d48a-467d-89cd-3a7c4b626396|10.1.0.33:15050]|listeners:[], old=null
2024-02-22 20:33:41,514 [dc26353c-d48a-467d-89cd-3a7c4b626396-groupManagement] INFO  server.RaftServer$Division (RaftServerImpl.java:setRole(383)) - dc26353c-d48a-467d-89cd-3a7c4b626396@group-34E96220011A: changes role from      null to FOLLOWER at term 0 for startAsFollower
2024-02-22 20:33:41,514 [dc26353c-d48a-467d-89cd-3a7c4b626396-groupManagement] INFO  impl.RoleInfo (RoleInfo.java:updateAndGet(139)) - dc26353c-d48a-467d-89cd-3a7c4b626396: start dc26353c-d48a-467d-89cd-3a7c4b626396@group-34E96220011A-FollowerState
2024-02-22 20:33:41,514 [e780b093-7242-46d7-bd8f-0f810188c7b3-groupManagement] INFO  util.AwaitToRun (AwaitToRun.java:start(81)) - Thread[e780b093-7242-46d7-bd8f-0f810188c7b3@group-AFFC1E458E84-cacheEviction-AwaitToRun,5,main] started
2024-02-22 20:33:41,514 [e780b093-7242-46d7-bd8f-0f810188c7b3-groupManagement] INFO  segmented.SegmentedRaftLogWorker (SegmentedRaftLogWorker.java:<init>(182)) - new e780b093-7242-46d7-bd8f-0f810188c7b3@group-AFFC1E458E84-SegmentedRaftLogWorker for RaftStorageImpl:Storage Directory /home/runner/work/ozone/ozone/hadoop-ozone/integration-test/target/test-dir/MiniOzoneClusterImpl-a0fc024b-a492-45a5-9697-b0d14f72cb5c/datanode-9/data/ratis/7a70ea48-d71a-4b2b-bc50-affc1e458e84
2024-02-22 20:33:41,514 [e780b093-7242-46d7-bd8f-0f810188c7b3-groupManagement] INFO  server.RaftServerConfigKeys (ConfUtils.java:logGet(46)) - raft.server.log.queue.byte-limit = 4294967296 (custom)
2024-02-22 20:33:41,514 [e780b093-7242-46d7-bd8f-0f810188c7b3-groupManagement] INFO  server.RaftServerConfigKeys (ConfUtils.java:logGet(46)) - raft.server.log.queue.element-limit = 1024 (custom)
2024-02-22 20:33:41,514 [e780b093-7242-46d7-bd8f-0f810188c7b3-groupManagement] INFO  server.RaftServerConfigKeys (ConfUtils.java:logGet(46)) - raft.server.log.segment.size.max = 67108864 (custom)
2024-02-22 20:33:41,515 [e780b093-7242-46d7-bd8f-0f810188c7b3-groupManagement] INFO  server.RaftServerConfigKeys (ConfUtils.java:logGet(46)) - raft.server.log.preallocated.size = 4194304 (custom)
2024-02-22 20:33:41,515 [e780b093-7242-46d7-bd8f-0f810188c7b3-groupManagement] INFO  server.RaftServerConfigKeys (ConfUtils.java:logGet(46)) - raft.server.log.force.sync.num = 128 (default)
2024-02-22 20:33:41,515 [e780b093-7242-46d7-bd8f-0f810188c7b3-groupManagement] INFO  server.RaftServerConfigKeys (ConfUtils.java:logGet(46)) - raft.server.log.statemachine.data.sync = true (default)
2024-02-22 20:33:41,515 [e780b093-7242-46d7-bd8f-0f810188c7b3-groupManagement] INFO  server.RaftServerConfigKeys (ConfUtils.java:logGet(46)) - raft.server.log.statemachine.data.sync.timeout = 10s (default)
2024-02-22 20:33:41,515 [e780b093-7242-46d7-bd8f-0f810188c7b3-groupManagement] INFO  server.RaftServerConfigKeys (ConfUtils.java:logGet(46)) - raft.server.log.statemachine.data.sync.timeout.retry = 0 (custom)
2024-02-22 20:33:41,515 [e780b093-7242-46d7-bd8f-0f810188c7b3-groupManagement] INFO  server.RaftServerConfigKeys (ConfUtils.java:logGet(46)) - raft.server.log.write.buffer.size = 8388616 (custom)
2024-02-22 20:33:41,516 [c30fedce-f286-40e0-881d-3d5a9a6e2463-groupManagement] INFO  util.AwaitToRun (AwaitToRun.java:start(81)) - Thread[c30fedce-f286-40e0-881d-3d5a9a6e2463@group-C6933685B048-cacheEviction-AwaitToRun,5,main] started
2024-02-22 20:33:41,516 [c30fedce-f286-40e0-881d-3d5a9a6e2463-groupManagement] INFO  segmented.SegmentedRaftLogWorker (SegmentedRaftLogWorker.java:<init>(182)) - new c30fedce-f286-40e0-881d-3d5a9a6e2463@group-C6933685B048-SegmentedRaftLogWorker for RaftStorageImpl:Storage Directory /home/runner/work/ozone/ozone/hadoop-ozone/integration-test/target/test-dir/MiniOzoneClusterImpl-a0fc024b-a492-45a5-9697-b0d14f72cb5c/datanode-6/data/ratis/724f0737-a92a-4fca-96d8-c6933685b048
2024-02-22 20:33:41,516 [c30fedce-f286-40e0-881d-3d5a9a6e2463-groupManagement] INFO  server.RaftServerConfigKeys (ConfUtils.java:logGet(46)) - raft.server.log.queue.byte-limit = 4294967296 (custom)
2024-02-22 20:33:41,516 [c30fedce-f286-40e0-881d-3d5a9a6e2463-groupManagement] INFO  server.RaftServerConfigKeys (ConfUtils.java:logGet(46)) - raft.server.log.queue.element-limit = 1024 (custom)
2024-02-22 20:33:41,517 [c30fedce-f286-40e0-881d-3d5a9a6e2463-groupManagement] INFO  server.RaftServerConfigKeys (ConfUtils.java:logGet(46)) - raft.server.log.segment.size.max = 67108864 (custom)
2024-02-22 20:33:41,517 [c30fedce-f286-40e0-881d-3d5a9a6e2463-groupManagement] INFO  server.RaftServerConfigKeys (ConfUtils.java:logGet(46)) - raft.server.log.preallocated.size = 4194304 (custom)
2024-02-22 20:33:41,517 [c30fedce-f286-40e0-881d-3d5a9a6e2463-groupManagement] INFO  server.RaftServerConfigKeys (ConfUtils.java:logGet(46)) - raft.server.log.force.sync.num = 128 (default)
2024-02-22 20:33:41,517 [c30fedce-f286-40e0-881d-3d5a9a6e2463-groupManagement] INFO  server.RaftServerConfigKeys (ConfUtils.java:logGet(46)) - raft.server.log.statemachine.data.sync = true (default)
2024-02-22 20:33:41,517 [c30fedce-f286-40e0-881d-3d5a9a6e2463-groupManagement] INFO  server.RaftServerConfigKeys (ConfUtils.java:logGet(46)) - raft.server.log.statemachine.data.sync.timeout = 10s (default)
2024-02-22 20:33:41,517 [e780b093-7242-46d7-bd8f-0f810188c7b3-groupManagement] INFO  server.RaftServerConfigKeys (ConfUtils.java:logGet(46)) - raft.server.log.appender.buffer.byte-limit = 8388608 (custom)
2024-02-22 20:33:41,517 [e780b093-7242-46d7-bd8f-0f810188c7b3-groupManagement] INFO  server.RaftServerConfigKeys (ConfUtils.java:logGet(46)) - raft.server.log.unsafe-flush.enabled = false (default)
2024-02-22 20:33:41,517 [e780b093-7242-46d7-bd8f-0f810188c7b3-groupManagement] INFO  server.RaftServerConfigKeys (ConfUtils.java:logGet(46)) - raft.server.log.async-flush.enabled = false (default)
2024-02-22 20:33:41,517 [e780b093-7242-46d7-bd8f-0f810188c7b3-groupManagement] INFO  server.RaftServerConfigKeys (ConfUtils.java:logGet(46)) - raft.server.log.statemachine.data.caching.enabled = true (custom)
2024-02-22 20:33:41,517 [e780b093-7242-46d7-bd8f-0f810188c7b3-groupManagement] INFO  segmented.SegmentedRaftLogWorker (SegmentedRaftLogWorker.java:lambda$new$0(134)) - e780b093-7242-46d7-bd8f-0f810188c7b3@group-AFFC1E458E84-SegmentedRaftLogWorker: flushIndex: setUnconditionally 0 -> -1
2024-02-22 20:33:41,517 [e780b093-7242-46d7-bd8f-0f810188c7b3-groupManagement] INFO  segmented.SegmentedRaftLogWorker (SegmentedRaftLogWorker.java:lambda$new$0(134)) - e780b093-7242-46d7-bd8f-0f810188c7b3@group-AFFC1E458E84-SegmentedRaftLogWorker: safeCacheEvictIndex: setUnconditionally 0 -> -1
2024-02-22 20:33:41,517 [c30fedce-f286-40e0-881d-3d5a9a6e2463-groupManagement] INFO  server.RaftServerConfigKeys (ConfUtils.java:logGet(46)) - raft.server.log.statemachine.data.sync.timeout.retry = 0 (custom)
2024-02-22 20:33:41,518 [c30fedce-f286-40e0-881d-3d5a9a6e2463-groupManagement] INFO  server.RaftServerConfigKeys (ConfUtils.java:logGet(46)) - raft.server.log.write.buffer.size = 8388616 (custom)
2024-02-22 20:33:41,519 [d25dc3b0-28fc-4383-b1a0-617845025f41-groupManagement] INFO  util.AwaitToRun (AwaitToRun.java:start(81)) - Thread[d25dc3b0-28fc-4383-b1a0-617845025f41@group-97BB02909E0E-cacheEviction-AwaitToRun,5,main] started
2024-02-22 20:33:41,519 [d25dc3b0-28fc-4383-b1a0-617845025f41-groupManagement] INFO  segmented.SegmentedRaftLogWorker (SegmentedRaftLogWorker.java:<init>(182)) - new d25dc3b0-28fc-4383-b1a0-617845025f41@group-97BB02909E0E-SegmentedRaftLogWorker for RaftStorageImpl:Storage Directory /home/runner/work/ozone/ozone/hadoop-ozone/integration-test/target/test-dir/MiniOzoneClusterImpl-a0fc024b-a492-45a5-9697-b0d14f72cb5c/datanode-2/data/ratis/d9165cc6-fdfc-42ee-9f98-97bb02909e0e
2024-02-22 20:33:41,519 [d25dc3b0-28fc-4383-b1a0-617845025f41-groupManagement] INFO  server.RaftServerConfigKeys (ConfUtils.java:logGet(46)) - raft.server.log.queue.byte-limit = 4294967296 (custom)
2024-02-22 20:33:41,519 [d25dc3b0-28fc-4383-b1a0-617845025f41-groupManagement] INFO  server.RaftServerConfigKeys (ConfUtils.java:logGet(46)) - raft.server.log.queue.element-limit = 1024 (custom)
2024-02-22 20:33:41,519 [c30fedce-f286-40e0-881d-3d5a9a6e2463-groupManagement] INFO  server.RaftServerConfigKeys (ConfUtils.java:logGet(46)) - raft.server.log.appender.buffer.byte-limit = 8388608 (custom)
2024-02-22 20:33:41,519 [c30fedce-f286-40e0-881d-3d5a9a6e2463-groupManagement] INFO  server.RaftServerConfigKeys (ConfUtils.java:logGet(46)) - raft.server.log.unsafe-flush.enabled = false (default)
2024-02-22 20:33:41,519 [c30fedce-f286-40e0-881d-3d5a9a6e2463-groupManagement] INFO  server.RaftServerConfigKeys (ConfUtils.java:logGet(46)) - raft.server.log.async-flush.enabled = false (default)
2024-02-22 20:33:41,519 [c30fedce-f286-40e0-881d-3d5a9a6e2463-groupManagement] INFO  server.RaftServerConfigKeys (ConfUtils.java:logGet(46)) - raft.server.log.statemachine.data.caching.enabled = true (custom)
2024-02-22 20:33:41,520 [c30fedce-f286-40e0-881d-3d5a9a6e2463-groupManagement] INFO  segmented.SegmentedRaftLogWorker (SegmentedRaftLogWorker.java:lambda$new$0(134)) - c30fedce-f286-40e0-881d-3d5a9a6e2463@group-C6933685B048-SegmentedRaftLogWorker: flushIndex: setUnconditionally 0 -> -1
2024-02-22 20:33:41,520 [c30fedce-f286-40e0-881d-3d5a9a6e2463-groupManagement] INFO  segmented.SegmentedRaftLogWorker (SegmentedRaftLogWorker.java:lambda$new$0(134)) - c30fedce-f286-40e0-881d-3d5a9a6e2463@group-C6933685B048-SegmentedRaftLogWorker: safeCacheEvictIndex: setUnconditionally 0 -> -1
2024-02-22 20:33:41,519 [d25dc3b0-28fc-4383-b1a0-617845025f41-groupManagement] INFO  server.RaftServerConfigKeys (ConfUtils.java:logGet(46)) - raft.server.log.segment.size.max = 67108864 (custom)
2024-02-22 20:33:41,520 [d25dc3b0-28fc-4383-b1a0-617845025f41-groupManagement] INFO  server.RaftServerConfigKeys (ConfUtils.java:logGet(46)) - raft.server.log.preallocated.size = 4194304 (custom)
2024-02-22 20:33:41,520 [d25dc3b0-28fc-4383-b1a0-617845025f41-groupManagement] INFO  server.RaftServerConfigKeys (ConfUtils.java:logGet(46)) - raft.server.log.force.sync.num = 128 (default)
2024-02-22 20:33:41,520 [d25dc3b0-28fc-4383-b1a0-617845025f41-groupManagement] INFO  server.RaftServerConfigKeys (ConfUtils.java:logGet(46)) - raft.server.log.statemachine.data.sync = true (default)
2024-02-22 20:33:41,520 [d25dc3b0-28fc-4383-b1a0-617845025f41-groupManagement] INFO  server.RaftServerConfigKeys (ConfUtils.java:logGet(46)) - raft.server.log.statemachine.data.sync.timeout = 10s (default)
2024-02-22 20:33:41,520 [d25dc3b0-28fc-4383-b1a0-617845025f41-groupManagement] INFO  server.RaftServerConfigKeys (ConfUtils.java:logGet(46)) - raft.server.log.statemachine.data.sync.timeout.retry = 0 (custom)
2024-02-22 20:33:41,521 [d25dc3b0-28fc-4383-b1a0-617845025f41-groupManagement] INFO  server.RaftServerConfigKeys (ConfUtils.java:logGet(46)) - raft.server.log.write.buffer.size = 8388616 (custom)
2024-02-22 20:33:41,522 [d25dc3b0-28fc-4383-b1a0-617845025f41-groupManagement] INFO  server.RaftServerConfigKeys (ConfUtils.java:logGet(46)) - raft.server.log.appender.buffer.byte-limit = 8388608 (custom)
2024-02-22 20:33:41,522 [d25dc3b0-28fc-4383-b1a0-617845025f41-groupManagement] INFO  server.RaftServerConfigKeys (ConfUtils.java:logGet(46)) - raft.server.log.unsafe-flush.enabled = false (default)
2024-02-22 20:33:41,522 [d25dc3b0-28fc-4383-b1a0-617845025f41-groupManagement] INFO  server.RaftServerConfigKeys (ConfUtils.java:logGet(46)) - raft.server.log.async-flush.enabled = false (default)
2024-02-22 20:33:41,522 [d25dc3b0-28fc-4383-b1a0-617845025f41-groupManagement] INFO  server.RaftServerConfigKeys (ConfUtils.java:logGet(46)) - raft.server.log.statemachine.data.caching.enabled = true (custom)
2024-02-22 20:33:41,524 [d25dc3b0-28fc-4383-b1a0-617845025f41-groupManagement] INFO  segmented.SegmentedRaftLogWorker (SegmentedRaftLogWorker.java:lambda$new$0(134)) - d25dc3b0-28fc-4383-b1a0-617845025f41@group-97BB02909E0E-SegmentedRaftLogWorker: flushIndex: setUnconditionally 0 -> -1
2024-02-22 20:33:41,524 [d25dc3b0-28fc-4383-b1a0-617845025f41-groupManagement] INFO  segmented.SegmentedRaftLogWorker (SegmentedRaftLogWorker.java:lambda$new$0(134)) - d25dc3b0-28fc-4383-b1a0-617845025f41@group-97BB02909E0E-SegmentedRaftLogWorker: safeCacheEvictIndex: setUnconditionally 0 -> -1
2024-02-22 20:33:41,524 [86ab988c-fa9c-425d-a1c6-9004ff7fd93d-groupManagement] INFO  server.RaftServer$Division (RaftServerImpl.java:start(396)) - 86ab988c-fa9c-425d-a1c6-9004ff7fd93d@group-39057960C58A: start as a follower, conf=-1: peers:[86ab988c-fa9c-425d-a1c6-9004ff7fd93d|10.1.0.33:15059]|listeners:[], old=null
2024-02-22 20:33:41,524 [86ab988c-fa9c-425d-a1c6-9004ff7fd93d-groupManagement] INFO  server.RaftServer$Division (RaftServerImpl.java:setRole(383)) - 86ab988c-fa9c-425d-a1c6-9004ff7fd93d@group-39057960C58A: changes role from      null to FOLLOWER at term 0 for startAsFollower
2024-02-22 20:33:41,524 [923be64f-71f4-4891-b05d-82ff5a9df5b5-groupManagement] INFO  server.RaftServer$Division (RaftServerImpl.java:start(396)) - 923be64f-71f4-4891-b05d-82ff5a9df5b5@group-AFFC1E458E84: start as a follower, conf=-1: peers:[923be64f-71f4-4891-b05d-82ff5a9df5b5|10.1.0.33:15023, e46a6e51-795f-4801-a523-c45a6c7f2c34|10.1.0.33:15014, e780b093-7242-46d7-bd8f-0f810188c7b3|10.1.0.33:15095]|listeners:[], old=null
2024-02-22 20:33:41,524 [923be64f-71f4-4891-b05d-82ff5a9df5b5-groupManagement] INFO  server.RaftServer$Division (RaftServerImpl.java:setRole(383)) - 923be64f-71f4-4891-b05d-82ff5a9df5b5@group-AFFC1E458E84: changes role from      null to FOLLOWER at term 0 for startAsFollower
2024-02-22 20:33:41,524 [923be64f-71f4-4891-b05d-82ff5a9df5b5-groupManagement] INFO  impl.RoleInfo (RoleInfo.java:updateAndGet(139)) - 923be64f-71f4-4891-b05d-82ff5a9df5b5: start 923be64f-71f4-4891-b05d-82ff5a9df5b5@group-AFFC1E458E84-FollowerState
2024-02-22 20:33:41,525 [923be64f-71f4-4891-b05d-82ff5a9df5b5-groupManagement] INFO  util.JmxRegister (JmxRegister.java:tryRegister(44)) - Successfully registered JMX Bean with object name Ratis:service=RaftServer,group=group-AFFC1E458E84,id=923be64f-71f4-4891-b05d-82ff5a9df5b5
2024-02-22 20:33:41,525 [923be64f-71f4-4891-b05d-82ff5a9df5b5-groupManagement] INFO  server.RaftServerConfigKeys (ConfUtils.java:logGet(46)) - raft.server.snapshot.trigger-when-stop.enabled = true (default)
2024-02-22 20:33:41,525 [923be64f-71f4-4891-b05d-82ff5a9df5b5-groupManagement] INFO  server.RaftServerConfigKeys (ConfUtils.java:logGet(46)) - raft.server.snapshot.auto.trigger.enabled = true (custom)
2024-02-22 20:33:41,525 [923be64f-71f4-4891-b05d-82ff5a9df5b5-groupManagement] INFO  server.RaftServerConfigKeys (ConfUtils.java:logGet(46)) - raft.server.snapshot.auto.trigger.threshold = 10000 (custom)
2024-02-22 20:33:41,525 [923be64f-71f4-4891-b05d-82ff5a9df5b5-groupManagement] INFO  server.RaftServerConfigKeys (ConfUtils.java:logGet(46)) - raft.server.snapshot.retention.file.num = 5 (custom)
2024-02-22 20:33:41,525 [923be64f-71f4-4891-b05d-82ff5a9df5b5-groupManagement] INFO  server.RaftServerConfigKeys (ConfUtils.java:logGet(46)) - raft.server.log.purge.upto.snapshot.index = false (default)
2024-02-22 20:33:41,526 [923be64f-71f4-4891-b05d-82ff5a9df5b5@group-AFFC1E458E84-FollowerState] INFO  server.RaftServerConfigKeys (ConfUtils.java:logFallback(53)) - raft.server.rpc.first-election.timeout.min = 5s (fallback to raft.server.rpc.timeout.min)
2024-02-22 20:33:41,526 [923be64f-71f4-4891-b05d-82ff5a9df5b5@group-AFFC1E458E84-FollowerState] INFO  server.RaftServerConfigKeys (ConfUtils.java:logFallback(53)) - raft.server.rpc.first-election.timeout.max = 5200ms (fallback to raft.server.rpc.timeout.max)
2024-02-22 20:33:41,527 [923be64f-71f4-4891-b05d-82ff5a9df5b5-PipelineCommandHandlerThread-0] INFO  ratis.XceiverServerRatis (XceiverServerRatis.java:addGroup(864)) - Created group PipelineID=7a70ea48-d71a-4b2b-bc50-affc1e458e84
2024-02-22 20:33:41,531 [78f89d9b-e409-4704-890b-bfcfbcdfd28a-groupManagement] INFO  server.RaftServer$Division (RaftServerImpl.java:<init>(256)) - 78f89d9b-e409-4704-890b-bfcfbcdfd28a: new RaftServerImpl for group-17BC54520CE5:[78f89d9b-e409-4704-890b-bfcfbcdfd28a|10.1.0.33:15086] with ContainerStateMachine:uninitialized
2024-02-22 20:33:41,531 [78f89d9b-e409-4704-890b-bfcfbcdfd28a-groupManagement] INFO  server.RaftServerConfigKeys (ConfUtils.java:logGet(46)) - raft.server.rpc.timeout.min = 5s (custom)
2024-02-22 20:33:41,531 [78f89d9b-e409-4704-890b-bfcfbcdfd28a-groupManagement] INFO  server.RaftServerConfigKeys (ConfUtils.java:logGet(46)) - raft.server.rpc.timeout.max = 5200ms (custom)
2024-02-22 20:33:41,532 [78f89d9b-e409-4704-890b-bfcfbcdfd28a-groupManagement] INFO  server.RaftServerConfigKeys (ConfUtils.java:logGet(46)) - raft.server.rpc.sleep.time = 25ms (default)
2024-02-22 20:33:41,532 [78f89d9b-e409-4704-890b-bfcfbcdfd28a-groupManagement] INFO  server.RaftServerConfigKeys (ConfUtils.java:logGet(46)) - raft.server.rpc.slowness.timeout = 300s (custom)
2024-02-22 20:33:41,532 [78f89d9b-e409-4704-890b-bfcfbcdfd28a-groupManagement] INFO  server.RaftServerConfigKeys (ConfUtils.java:logGet(46)) - raft.server.leaderelection.leader.step-down.wait-time = 10s (default)
2024-02-22 20:33:41,532 [78f89d9b-e409-4704-890b-bfcfbcdfd28a-groupManagement] INFO  server.RaftServerConfigKeys (ConfUtils.java:logGet(46)) - raft.server.leaderelection.member.majority-add = false (default)
2024-02-22 20:33:41,532 [78f89d9b-e409-4704-890b-bfcfbcdfd28a-groupManagement] INFO  server.RaftServerConfigKeys (ConfUtils.java:logGet(46)) - raft.server.sleep.deviation.threshold = 300ms (default)
2024-02-22 20:33:41,532 [78f89d9b-e409-4704-890b-bfcfbcdfd28a-groupManagement] INFO  server.RaftServer$Division (ServerState.java:<init>(113)) - 78f89d9b-e409-4704-890b-bfcfbcdfd28a@group-17BC54520CE5: ConfigurationManager, init=-1: peers:[78f89d9b-e409-4704-890b-bfcfbcdfd28a|10.1.0.33:15086]|listeners:[], old=null, confs=<EMPTY_MAP>
2024-02-22 20:33:41,532 [78f89d9b-e409-4704-890b-bfcfbcdfd28a-groupManagement] INFO  server.RaftServerConfigKeys (ConfUtils.java:logGet(46)) - raft.server.notification.no-leader.timeout = 300s (custom)
2024-02-22 20:33:41,532 [78f89d9b-e409-4704-890b-bfcfbcdfd28a-groupManagement] INFO  server.RaftServerConfigKeys (ConfUtils.java:logGet(46)) - raft.server.read.timeout = 10s (default)
2024-02-22 20:33:41,532 [78f89d9b-e409-4704-890b-bfcfbcdfd28a-groupManagement] INFO  server.RaftServerConfigKeys (ConfUtils.java:logGet(46)) - raft.server.retrycache.expirytime = 600000ms (custom)
2024-02-22 20:33:41,532 [78f89d9b-e409-4704-890b-bfcfbcdfd28a-groupManagement] INFO  server.RaftServerConfigKeys (ConfUtils.java:logGet(46)) - raft.server.retrycache.statistics.expirytime = 100ms (default)
2024-02-22 20:33:41,532 [78f89d9b-e409-4704-890b-bfcfbcdfd28a-groupManagement] INFO  server.RaftServerConfigKeys (ConfUtils.java:logGet(46)) - raft.server.read.option = DEFAULT (default)
2024-02-22 20:33:41,532 [78f89d9b-e409-4704-890b-bfcfbcdfd28a-groupManagement] INFO  server.RaftServerConfigKeys (ConfUtils.java:logGet(46)) - raft.server.read.read-after-write-consistent.write-index-cache.expiry-time = 60s (default)
2024-02-22 20:33:41,539 [e46a6e51-795f-4801-a523-c45a6c7f2c34-groupManagement] INFO  ratis.ContainerStateMachine (ContainerStateMachine.java:loadSnapshot(287)) - group-AFFC1E458E84: The snapshot info is null. Setting the last applied index to:(t:0, i:~)
2024-02-22 20:33:41,539 [e46a6e51-795f-4801-a523-c45a6c7f2c34-groupManagement] INFO  server.RaftServerConfigKeys (ConfUtils.java:logGet(46)) - raft.server.log.use.memory = false (default)
2024-02-22 20:33:41,539 [e46a6e51-795f-4801-a523-c45a6c7f2c34-groupManagement] INFO  server.RaftServerConfigKeys (ConfUtils.java:logGet(46)) - raft.server.log.purge.gap = 1000000 (custom)
2024-02-22 20:33:41,539 [e46a6e51-795f-4801-a523-c45a6c7f2c34-groupManagement] INFO  server.RaftServerConfigKeys (ConfUtils.java:logGet(46)) - raft.server.log.appender.buffer.byte-limit = 8388608 (custom)
2024-02-22 20:33:41,539 [e46a6e51-795f-4801-a523-c45a6c7f2c34-groupManagement] INFO  server.RaftServerConfigKeys (ConfUtils.java:logGet(46)) - raft.server.log.statemachine.data.read.timeout = 1000ms (default)
2024-02-22 20:33:41,539 [e46a6e51-795f-4801-a523-c45a6c7f2c34-groupManagement] INFO  server.RaftServerConfigKeys (ConfUtils.java:logGet(46)) - raft.server.log.purge.preservation.log.num = 0 (default)
2024-02-22 20:33:41,541 [e46a6e51-795f-4801-a523-c45a6c7f2c34-groupManagement] INFO  server.RaftServerConfigKeys (ConfUtils.java:logGet(46)) - raft.server.log.segment.size.max = 67108864 (custom)
2024-02-22 20:33:41,541 [e46a6e51-795f-4801-a523-c45a6c7f2c34-groupManagement] INFO  server.RaftServerConfigKeys (ConfUtils.java:logGet(46)) - raft.server.log.segment.cache.num.max = 2 (custom)
2024-02-22 20:33:41,541 [e46a6e51-795f-4801-a523-c45a6c7f2c34-groupManagement] INFO  server.RaftServerConfigKeys (ConfUtils.java:logGet(46)) - raft.server.log.segment.cache.size.max = 200MB (=209715200) (default)
2024-02-22 20:33:41,541 [e46a6e51-795f-4801-a523-c45a6c7f2c34-groupManagement] INFO  server.RaftServerConfigKeys (ConfUtils.java:logGet(46)) - raft.server.log.appender.buffer.byte-limit = 8388608 (custom)
2024-02-22 20:33:41,541 [e46a6e51-795f-4801-a523-c45a6c7f2c34-groupManagement] INFO  util.AwaitToRun (AwaitToRun.java:start(81)) - Thread[e46a6e51-795f-4801-a523-c45a6c7f2c34@group-AFFC1E458E84-cacheEviction-AwaitToRun,5,main] started
2024-02-22 20:33:41,542 [e46a6e51-795f-4801-a523-c45a6c7f2c34-groupManagement] INFO  segmented.SegmentedRaftLogWorker (SegmentedRaftLogWorker.java:<init>(182)) - new e46a6e51-795f-4801-a523-c45a6c7f2c34@group-AFFC1E458E84-SegmentedRaftLogWorker for RaftStorageImpl:Storage Directory /home/runner/work/ozone/ozone/hadoop-ozone/integration-test/target/test-dir/MiniOzoneClusterImpl-a0fc024b-a492-45a5-9697-b0d14f72cb5c/datanode-0/data/ratis/7a70ea48-d71a-4b2b-bc50-affc1e458e84
2024-02-22 20:33:41,542 [e46a6e51-795f-4801-a523-c45a6c7f2c34-groupManagement] INFO  server.RaftServerConfigKeys (ConfUtils.java:logGet(46)) - raft.server.log.queue.byte-limit = 4294967296 (custom)
2024-02-22 20:33:41,542 [e46a6e51-795f-4801-a523-c45a6c7f2c34-groupManagement] INFO  server.RaftServerConfigKeys (ConfUtils.java:logGet(46)) - raft.server.log.queue.element-limit = 1024 (custom)
2024-02-22 20:33:41,542 [e46a6e51-795f-4801-a523-c45a6c7f2c34-groupManagement] INFO  server.RaftServerConfigKeys (ConfUtils.java:logGet(46)) - raft.server.log.segment.size.max = 67108864 (custom)
2024-02-22 20:33:41,542 [e46a6e51-795f-4801-a523-c45a6c7f2c34-groupManagement] INFO  server.RaftServerConfigKeys (ConfUtils.java:logGet(46)) - raft.server.log.preallocated.size = 4194304 (custom)
2024-02-22 20:33:41,542 [e46a6e51-795f-4801-a523-c45a6c7f2c34-groupManagement] INFO  server.RaftServerConfigKeys (ConfUtils.java:logGet(46)) - raft.server.log.force.sync.num = 128 (default)
2024-02-22 20:33:41,542 [e46a6e51-795f-4801-a523-c45a6c7f2c34-groupManagement] INFO  server.RaftServerConfigKeys (ConfUtils.java:logGet(46)) - raft.server.log.statemachine.data.sync = true (default)
2024-02-22 20:33:41,542 [e46a6e51-795f-4801-a523-c45a6c7f2c34-groupManagement] INFO  server.RaftServerConfigKeys (ConfUtils.java:logGet(46)) - raft.server.log.statemachine.data.sync.timeout = 10s (default)
2024-02-22 20:33:41,542 [EventQueue-OpenPipelineForHealthyPipelineSafeModeRule] INFO  safemode.SCMSafeModeManager (HealthyPipelineSafeModeRule.java:process(140)) - SCM in safe mode. Healthy pipelines reported count is 0, required healthy pipeline reported count is 1
2024-02-22 20:33:41,543 [EventQueue-OpenPipelineForHealthyPipelineSafeModeRule] INFO  safemode.SCMSafeModeManager (HealthyPipelineSafeModeRule.java:process(140)) - SCM in safe mode. Healthy pipelines reported count is 0, required healthy pipeline reported count is 1
2024-02-22 20:33:41,543 [e46a6e51-795f-4801-a523-c45a6c7f2c34-groupManagement] INFO  server.RaftServerConfigKeys (ConfUtils.java:logGet(46)) - raft.server.log.statemachine.data.sync.timeout.retry = 0 (custom)
2024-02-22 20:33:41,544 [e46a6e51-795f-4801-a523-c45a6c7f2c34-groupManagement] INFO  server.RaftServerConfigKeys (ConfUtils.java:logGet(46)) - raft.server.log.write.buffer.size = 8388616 (custom)
2024-02-22 20:33:41,544 [main] INFO  ozone.MiniOzoneClusterImpl (MiniOzoneClusterImpl.java:lambda$waitForClusterToBeReady$0(205)) - Nodes are ready. Got 10 of 10 DN Heartbeats.
2024-02-22 20:33:41,545 [main] INFO  ozone.MiniOzoneClusterImpl (MiniOzoneClusterImpl.java:lambda$waitForClusterToBeReady$0(208)) - Waiting for cluster to exit safe mode
2024-02-22 20:33:41,545 [main] INFO  ozone.MiniOzoneClusterImpl (MiniOzoneClusterImpl.java:lambda$waitForClusterToBeReady$0(210)) - SCM became leader
2024-02-22 20:33:41,545 [e46a6e51-795f-4801-a523-c45a6c7f2c34-groupManagement] INFO  server.RaftServerConfigKeys (ConfUtils.java:logGet(46)) - raft.server.log.appender.buffer.byte-limit = 8388608 (custom)
2024-02-22 20:33:41,545 [e46a6e51-795f-4801-a523-c45a6c7f2c34-groupManagement] INFO  server.RaftServerConfigKeys (ConfUtils.java:logGet(46)) - raft.server.log.unsafe-flush.enabled = false (default)
2024-02-22 20:33:41,546 [e46a6e51-795f-4801-a523-c45a6c7f2c34-groupManagement] INFO  server.RaftServerConfigKeys (ConfUtils.java:logGet(46)) - raft.server.log.async-flush.enabled = false (default)
2024-02-22 20:33:41,546 [e46a6e51-795f-4801-a523-c45a6c7f2c34-groupManagement] INFO  server.RaftServerConfigKeys (ConfUtils.java:logGet(46)) - raft.server.log.statemachine.data.caching.enabled = true (custom)
2024-02-22 20:33:41,546 [e46a6e51-795f-4801-a523-c45a6c7f2c34-groupManagement] INFO  segmented.SegmentedRaftLogWorker (SegmentedRaftLogWorker.java:lambda$new$0(134)) - e46a6e51-795f-4801-a523-c45a6c7f2c34@group-AFFC1E458E84-SegmentedRaftLogWorker: flushIndex: setUnconditionally 0 -> -1
2024-02-22 20:33:41,546 [e46a6e51-795f-4801-a523-c45a6c7f2c34-groupManagement] INFO  segmented.SegmentedRaftLogWorker (SegmentedRaftLogWorker.java:lambda$new$0(134)) - e46a6e51-795f-4801-a523-c45a6c7f2c34@group-AFFC1E458E84-SegmentedRaftLogWorker: safeCacheEvictIndex: setUnconditionally 0 -> -1
2024-02-22 20:33:41,549 [78f89d9b-e409-4704-890b-bfcfbcdfd28a-groupManagement] INFO  server.RaftServerConfigKeys (ConfUtils.java:logGet(46)) - raft.server.rpc.request.timeout = 60s (custom)
2024-02-22 20:33:41,549 [78f89d9b-e409-4704-890b-bfcfbcdfd28a-groupManagement] INFO  server.RaftServerConfigKeys (ConfUtils.java:logGet(46)) - raft.server.log.appender.install.snapshot.enabled = false (custom)
2024-02-22 20:33:41,549 [78f89d9b-e409-4704-890b-bfcfbcdfd28a-groupManagement] INFO  server.RaftServerConfigKeys (ConfUtils.java:logGet(46)) - raft.server.threadpool.server.cached = true (default)
2024-02-22 20:33:41,549 [78f89d9b-e409-4704-890b-bfcfbcdfd28a-groupManagement] INFO  server.RaftServerConfigKeys (ConfUtils.java:logGet(46)) - raft.server.threadpool.server.size = 0 (default)
2024-02-22 20:33:41,549 [78f89d9b-e409-4704-890b-bfcfbcdfd28a-groupManagement] INFO  server.RaftServerConfigKeys (ConfUtils.java:logGet(46)) - raft.server.threadpool.client.cached = true (default)
2024-02-22 20:33:41,549 [78f89d9b-e409-4704-890b-bfcfbcdfd28a-groupManagement] INFO  server.RaftServerConfigKeys (ConfUtils.java:logGet(46)) - raft.server.threadpool.client.size = 0 (default)
2024-02-22 20:33:41,549 [78f89d9b-e409-4704-890b-bfcfbcdfd28a-groupManagement] INFO  server.RaftServerConfigKeys (ConfUtils.java:logGet(46)) - raft.server.storage.free-space.min = 0MB (=0) (default)
2024-02-22 20:33:41,550 [78f89d9b-e409-4704-890b-bfcfbcdfd28a-groupManagement] INFO  server.RaftServerConfigKeys (ConfUtils.java:logGet(46)) - raft.server.log.corruption.policy = EXCEPTION (default)
2024-02-22 20:33:41,550 [78f89d9b-e409-4704-890b-bfcfbcdfd28a-groupManagement] INFO  server.RaftServerConfigKeys (ConfUtils.java:logGet(46)) - raft.server.storage.dir = [/home/runner/work/ozone/ozone/hadoop-ozone/integration-test/target/test-dir/MiniOzoneClusterImpl-a0fc024b-a492-45a5-9697-b0d14f72cb5c/datanode-8/data/ratis] (custom)
2024-02-22 20:33:41,550 [78f89d9b-e409-4704-890b-bfcfbcdfd28a-groupManagement] INFO  storage.RaftStorageDirectory (RaftStorageDirectoryImpl.java:analyzeStorage(138)) - The storage directory /home/runner/work/ozone/ozone/hadoop-ozone/integration-test/target/test-dir/MiniOzoneClusterImpl-a0fc024b-a492-45a5-9697-b0d14f72cb5c/datanode-8/data/ratis/059125b3-e2f6-4b31-98e7-17bc54520ce5 does not exist. Creating ...
2024-02-22 20:33:41,550 [86ab988c-fa9c-425d-a1c6-9004ff7fd93d-groupManagement] INFO  impl.RoleInfo (RoleInfo.java:updateAndGet(139)) - 86ab988c-fa9c-425d-a1c6-9004ff7fd93d: start 86ab988c-fa9c-425d-a1c6-9004ff7fd93d@group-39057960C58A-FollowerState
2024-02-22 20:33:41,552 [78f89d9b-e409-4704-890b-bfcfbcdfd28a-groupManagement] INFO  storage.RaftStorageDirectory (RaftStorageDirectoryImpl.java:tryLock(228)) - Lock on /home/runner/work/ozone/ozone/hadoop-ozone/integration-test/target/test-dir/MiniOzoneClusterImpl-a0fc024b-a492-45a5-9697-b0d14f72cb5c/datanode-8/data/ratis/059125b3-e2f6-4b31-98e7-17bc54520ce5/in_use.lock acquired by nodename 30552@fv-az779-213
2024-02-22 20:33:41,553 [78f89d9b-e409-4704-890b-bfcfbcdfd28a-groupManagement] INFO  storage.RaftStorage (RaftStorageImpl.java:format(99)) - Storage directory /home/runner/work/ozone/ozone/hadoop-ozone/integration-test/target/test-dir/MiniOzoneClusterImpl-a0fc024b-a492-45a5-9697-b0d14f72cb5c/datanode-8/data/ratis/059125b3-e2f6-4b31-98e7-17bc54520ce5 has been successfully formatted.
2024-02-22 20:33:41,553 [78f89d9b-e409-4704-890b-bfcfbcdfd28a-groupManagement] WARN  util.FileUtils (LogUtils.java:supplyAndLog(63)) - Failed to Files.newInputStream /home/runner/work/ozone/ozone/hadoop-ozone/integration-test/target/test-dir/MiniOzoneClusterImpl-a0fc024b-a492-45a5-9697-b0d14f72cb5c/datanode-8/data/ratis/059125b3-e2f6-4b31-98e7-17bc54520ce5/current/raft-meta.conf with options []: java.nio.file.NoSuchFileException: /home/runner/work/ozone/ozone/hadoop-ozone/integration-test/target/test-dir/MiniOzoneClusterImpl-a0fc024b-a492-45a5-9697-b0d14f72cb5c/datanode-8/data/ratis/059125b3-e2f6-4b31-98e7-17bc54520ce5/current/raft-meta.conf
2024-02-22 20:33:41,554 [86ab988c-fa9c-425d-a1c6-9004ff7fd93d-groupManagement] INFO  util.JmxRegister (JmxRegister.java:tryRegister(44)) - Successfully registered JMX Bean with object name Ratis:service=RaftServer,group=group-39057960C58A,id=86ab988c-fa9c-425d-a1c6-9004ff7fd93d
2024-02-22 20:33:41,554 [86ab988c-fa9c-425d-a1c6-9004ff7fd93d-groupManagement] INFO  server.RaftServerConfigKeys (ConfUtils.java:logGet(46)) - raft.server.snapshot.trigger-when-stop.enabled = true (default)
2024-02-22 20:33:41,554 [86ab988c-fa9c-425d-a1c6-9004ff7fd93d-groupManagement] INFO  server.RaftServerConfigKeys (ConfUtils.java:logGet(46)) - raft.server.snapshot.auto.trigger.enabled = true (custom)
2024-02-22 20:33:41,554 [86ab988c-fa9c-425d-a1c6-9004ff7fd93d-groupManagement] INFO  server.RaftServerConfigKeys (ConfUtils.java:logGet(46)) - raft.server.snapshot.auto.trigger.threshold = 10000 (custom)
2024-02-22 20:33:41,554 [86ab988c-fa9c-425d-a1c6-9004ff7fd93d-groupManagement] INFO  server.RaftServerConfigKeys (ConfUtils.java:logGet(46)) - raft.server.snapshot.retention.file.num = 5 (custom)
2024-02-22 20:33:41,555 [86ab988c-fa9c-425d-a1c6-9004ff7fd93d-groupManagement] INFO  server.RaftServerConfigKeys (ConfUtils.java:logGet(46)) - raft.server.log.purge.upto.snapshot.index = false (default)
2024-02-22 20:33:41,555 [86ab988c-fa9c-425d-a1c6-9004ff7fd93d@group-39057960C58A-FollowerState] INFO  server.RaftServerConfigKeys (ConfUtils.java:logFallback(53)) - raft.server.rpc.first-election.timeout.min = 5s (fallback to raft.server.rpc.timeout.min)
2024-02-22 20:33:41,555 [86ab988c-fa9c-425d-a1c6-9004ff7fd93d@group-39057960C58A-FollowerState] INFO  server.RaftServerConfigKeys (ConfUtils.java:logFallback(53)) - raft.server.rpc.first-election.timeout.max = 5200ms (fallback to raft.server.rpc.timeout.max)
2024-02-22 20:33:41,557 [86ab988c-fa9c-425d-a1c6-9004ff7fd93d-PipelineCommandHandlerThread-0] INFO  ratis.XceiverServerRatis (XceiverServerRatis.java:addGroup(864)) - Created group PipelineID=23eed6f5-f54e-4a5a-9149-39057960c58a
2024-02-22 20:33:41,557 [86ab988c-fa9c-425d-a1c6-9004ff7fd93d-PipelineCommandHandlerThread-0] INFO  commandhandler.CreatePipelineCommandHandler (CreatePipelineCommandHandler.java:lambda$handle$2(124)) - Created Pipeline RATIS ONE PipelineID=23eed6f5-f54e-4a5a-9149-39057960c58a.
2024-02-22 20:33:41,557 [86ab988c-fa9c-425d-a1c6-9004ff7fd93d-PipelineCommandHandlerThread-0] INFO  server.RaftServer (RaftServerProxy.java:addNew(100)) - 86ab988c-fa9c-425d-a1c6-9004ff7fd93d: addNew group-34E96220011A:[86ab988c-fa9c-425d-a1c6-9004ff7fd93d|10.1.0.33:15059, c30fedce-f286-40e0-881d-3d5a9a6e2463|10.1.0.33:15068, dc26353c-d48a-467d-89cd-3a7c4b626396|10.1.0.33:15050] returns group-34E96220011A:java.util.concurrent.CompletableFuture@1e158287[Not completed]
2024-02-22 20:33:41,558 [86ab988c-fa9c-425d-a1c6-9004ff7fd93d-groupManagement] INFO  server.RaftServer$Division (RaftServerImpl.java:<init>(256)) - 86ab988c-fa9c-425d-a1c6-9004ff7fd93d: new RaftServerImpl for group-34E96220011A:[86ab988c-fa9c-425d-a1c6-9004ff7fd93d|10.1.0.33:15059, c30fedce-f286-40e0-881d-3d5a9a6e2463|10.1.0.33:15068, dc26353c-d48a-467d-89cd-3a7c4b626396|10.1.0.33:15050] with ContainerStateMachine:uninitialized
2024-02-22 20:33:41,558 [86ab988c-fa9c-425d-a1c6-9004ff7fd93d-groupManagement] INFO  server.RaftServerConfigKeys (ConfUtils.java:logGet(46)) - raft.server.rpc.timeout.min = 5s (custom)
2024-02-22 20:33:41,558 [86ab988c-fa9c-425d-a1c6-9004ff7fd93d-groupManagement] INFO  server.RaftServerConfigKeys (ConfUtils.java:logGet(46)) - raft.server.rpc.timeout.max = 5200ms (custom)
2024-02-22 20:33:41,558 [86ab988c-fa9c-425d-a1c6-9004ff7fd93d-groupManagement] INFO  server.RaftServerConfigKeys (ConfUtils.java:logGet(46)) - raft.server.rpc.sleep.time = 25ms (default)
2024-02-22 20:33:41,558 [86ab988c-fa9c-425d-a1c6-9004ff7fd93d-groupManagement] INFO  server.RaftServerConfigKeys (ConfUtils.java:logGet(46)) - raft.server.rpc.slowness.timeout = 300s (custom)
2024-02-22 20:33:41,558 [86ab988c-fa9c-425d-a1c6-9004ff7fd93d-groupManagement] INFO  server.RaftServerConfigKeys (ConfUtils.java:logGet(46)) - raft.server.leaderelection.leader.step-down.wait-time = 10s (default)
2024-02-22 20:33:41,558 [86ab988c-fa9c-425d-a1c6-9004ff7fd93d-groupManagement] INFO  server.RaftServerConfigKeys (ConfUtils.java:logGet(46)) - raft.server.leaderelection.member.majority-add = false (default)
2024-02-22 20:33:41,559 [86ab988c-fa9c-425d-a1c6-9004ff7fd93d-groupManagement] INFO  server.RaftServerConfigKeys (ConfUtils.java:logGet(46)) - raft.server.sleep.deviation.threshold = 300ms (default)
2024-02-22 20:33:41,559 [86ab988c-fa9c-425d-a1c6-9004ff7fd93d-groupManagement] INFO  server.RaftServer$Division (ServerState.java:<init>(113)) - 86ab988c-fa9c-425d-a1c6-9004ff7fd93d@group-34E96220011A: ConfigurationManager, init=-1: peers:[86ab988c-fa9c-425d-a1c6-9004ff7fd93d|10.1.0.33:15059, c30fedce-f286-40e0-881d-3d5a9a6e2463|10.1.0.33:15068, dc26353c-d48a-467d-89cd-3a7c4b626396|10.1.0.33:15050]|listeners:[], old=null, confs=<EMPTY_MAP>
2024-02-22 20:33:41,559 [86ab988c-fa9c-425d-a1c6-9004ff7fd93d-groupManagement] INFO  server.RaftServerConfigKeys (ConfUtils.java:logGet(46)) - raft.server.notification.no-leader.timeout = 300s (custom)
2024-02-22 20:33:41,559 [86ab988c-fa9c-425d-a1c6-9004ff7fd93d-groupManagement] INFO  server.RaftServerConfigKeys (ConfUtils.java:logGet(46)) - raft.server.read.timeout = 10s (default)
2024-02-22 20:33:41,559 [86ab988c-fa9c-425d-a1c6-9004ff7fd93d-groupManagement] INFO  server.RaftServerConfigKeys (ConfUtils.java:logGet(46)) - raft.server.retrycache.expirytime = 600000ms (custom)
2024-02-22 20:33:41,559 [86ab988c-fa9c-425d-a1c6-9004ff7fd93d-groupManagement] INFO  server.RaftServerConfigKeys (ConfUtils.java:logGet(46)) - raft.server.retrycache.statistics.expirytime = 100ms (default)
2024-02-22 20:33:41,559 [86ab988c-fa9c-425d-a1c6-9004ff7fd93d-groupManagement] INFO  server.RaftServerConfigKeys (ConfUtils.java:logGet(46)) - raft.server.read.option = DEFAULT (default)
2024-02-22 20:33:41,559 [86ab988c-fa9c-425d-a1c6-9004ff7fd93d-groupManagement] INFO  server.RaftServerConfigKeys (ConfUtils.java:logGet(46)) - raft.server.read.read-after-write-consistent.write-index-cache.expiry-time = 60s (default)
2024-02-22 20:33:41,560 [d25dc3b0-28fc-4383-b1a0-617845025f41-groupManagement] INFO  server.RaftServer$Division (RaftServerImpl.java:start(396)) - d25dc3b0-28fc-4383-b1a0-617845025f41@group-97BB02909E0E: start as a follower, conf=-1: peers:[923be64f-71f4-4891-b05d-82ff5a9df5b5|10.1.0.33:15023, d25dc3b0-28fc-4383-b1a0-617845025f41|10.1.0.33:15032, 4e8f68d6-fd98-4f77-87e3-715939181693|10.1.0.33:15041]|listeners:[], old=null
2024-02-22 20:33:41,560 [d25dc3b0-28fc-4383-b1a0-617845025f41-groupManagement] INFO  server.RaftServer$Division (RaftServerImpl.java:setRole(383)) - d25dc3b0-28fc-4383-b1a0-617845025f41@group-97BB02909E0E: changes role from      null to FOLLOWER at term 0 for startAsFollower
2024-02-22 20:33:41,560 [d25dc3b0-28fc-4383-b1a0-617845025f41-groupManagement] INFO  impl.RoleInfo (RoleInfo.java:updateAndGet(139)) - d25dc3b0-28fc-4383-b1a0-617845025f41: start d25dc3b0-28fc-4383-b1a0-617845025f41@group-97BB02909E0E-FollowerState
2024-02-22 20:33:41,561 [d25dc3b0-28fc-4383-b1a0-617845025f41-groupManagement] INFO  util.JmxRegister (JmxRegister.java:tryRegister(44)) - Successfully registered JMX Bean with object name Ratis:service=RaftServer,group=group-97BB02909E0E,id=d25dc3b0-28fc-4383-b1a0-617845025f41
2024-02-22 20:33:41,561 [d25dc3b0-28fc-4383-b1a0-617845025f41-groupManagement] INFO  server.RaftServerConfigKeys (ConfUtils.java:logGet(46)) - raft.server.snapshot.trigger-when-stop.enabled = true (default)
2024-02-22 20:33:41,561 [d25dc3b0-28fc-4383-b1a0-617845025f41-groupManagement] INFO  server.RaftServerConfigKeys (ConfUtils.java:logGet(46)) - raft.server.snapshot.auto.trigger.enabled = true (custom)
2024-02-22 20:33:41,561 [d25dc3b0-28fc-4383-b1a0-617845025f41-groupManagement] INFO  server.RaftServerConfigKeys (ConfUtils.java:logGet(46)) - raft.server.snapshot.auto.trigger.threshold = 10000 (custom)
2024-02-22 20:33:41,561 [d25dc3b0-28fc-4383-b1a0-617845025f41-groupManagement] INFO  server.RaftServerConfigKeys (ConfUtils.java:logGet(46)) - raft.server.snapshot.retention.file.num = 5 (custom)
2024-02-22 20:33:41,561 [d25dc3b0-28fc-4383-b1a0-617845025f41-groupManagement] INFO  server.RaftServerConfigKeys (ConfUtils.java:logGet(46)) - raft.server.log.purge.upto.snapshot.index = false (default)
2024-02-22 20:33:41,562 [d25dc3b0-28fc-4383-b1a0-617845025f41@group-97BB02909E0E-FollowerState] INFO  server.RaftServerConfigKeys (ConfUtils.java:logFallback(53)) - raft.server.rpc.first-election.timeout.min = 5s (fallback to raft.server.rpc.timeout.min)
2024-02-22 20:33:41,562 [d25dc3b0-28fc-4383-b1a0-617845025f41@group-97BB02909E0E-FollowerState] INFO  server.RaftServerConfigKeys (ConfUtils.java:logFallback(53)) - raft.server.rpc.first-election.timeout.max = 5200ms (fallback to raft.server.rpc.timeout.max)
2024-02-22 20:33:41,562 [86ab988c-fa9c-425d-a1c6-9004ff7fd93d-groupManagement] INFO  server.RaftServerConfigKeys (ConfUtils.java:logGet(46)) - raft.server.rpc.request.timeout = 60s (custom)
2024-02-22 20:33:41,562 [e780b093-7242-46d7-bd8f-0f810188c7b3-groupManagement] INFO  server.RaftServer$Division (RaftServerImpl.java:start(396)) - e780b093-7242-46d7-bd8f-0f810188c7b3@group-AFFC1E458E84: start as a follower, conf=-1: peers:[923be64f-71f4-4891-b05d-82ff5a9df5b5|10.1.0.33:15023, e46a6e51-795f-4801-a523-c45a6c7f2c34|10.1.0.33:15014, e780b093-7242-46d7-bd8f-0f810188c7b3|10.1.0.33:15095]|listeners:[], old=null
2024-02-22 20:33:41,562 [e780b093-7242-46d7-bd8f-0f810188c7b3-groupManagement] INFO  server.RaftServer$Division (RaftServerImpl.java:setRole(383)) - e780b093-7242-46d7-bd8f-0f810188c7b3@group-AFFC1E458E84: changes role from      null to FOLLOWER at term 0 for startAsFollower
2024-02-22 20:33:41,562 [c30fedce-f286-40e0-881d-3d5a9a6e2463-groupManagement] INFO  server.RaftServer$Division (RaftServerImpl.java:start(396)) - c30fedce-f286-40e0-881d-3d5a9a6e2463@group-C6933685B048: start as a follower, conf=-1: peers:[86ab988c-fa9c-425d-a1c6-9004ff7fd93d|10.1.0.33:15059, c30fedce-f286-40e0-881d-3d5a9a6e2463|10.1.0.33:15068, 13f92446-3b18-4d81-bc66-0f9b00220e72|10.1.0.33:15077]|listeners:[], old=null
2024-02-22 20:33:41,563 [c30fedce-f286-40e0-881d-3d5a9a6e2463-groupManagement] INFO  server.RaftServer$Division (RaftServerImpl.java:setRole(383)) - c30fedce-f286-40e0-881d-3d5a9a6e2463@group-C6933685B048: changes role from      null to FOLLOWER at term 0 for startAsFollower
2024-02-22 20:33:41,563 [86ab988c-fa9c-425d-a1c6-9004ff7fd93d-groupManagement] INFO  server.RaftServerConfigKeys (ConfUtils.java:logGet(46)) - raft.server.log.appender.install.snapshot.enabled = false (custom)
2024-02-22 20:33:41,563 [dc26353c-d48a-467d-89cd-3a7c4b626396@group-34E96220011A-FollowerState] INFO  server.RaftServerConfigKeys (ConfUtils.java:logFallback(53)) - raft.server.rpc.first-election.timeout.min = 5s (fallback to raft.server.rpc.timeout.min)
2024-02-22 20:33:41,563 [dc26353c-d48a-467d-89cd-3a7c4b626396@group-34E96220011A-FollowerState] INFO  server.RaftServerConfigKeys (ConfUtils.java:logFallback(53)) - raft.server.rpc.first-election.timeout.max = 5200ms (fallback to raft.server.rpc.timeout.max)
2024-02-22 20:33:41,563 [e780b093-7242-46d7-bd8f-0f810188c7b3-groupManagement] INFO  impl.RoleInfo (RoleInfo.java:updateAndGet(139)) - e780b093-7242-46d7-bd8f-0f810188c7b3: start e780b093-7242-46d7-bd8f-0f810188c7b3@group-AFFC1E458E84-FollowerState
2024-02-22 20:33:41,563 [dc26353c-d48a-467d-89cd-3a7c4b626396-groupManagement] INFO  util.JmxRegister (JmxRegister.java:tryRegister(44)) - Successfully registered JMX Bean with object name Ratis:service=RaftServer,group=group-34E96220011A,id=dc26353c-d48a-467d-89cd-3a7c4b626396
2024-02-22 20:33:41,569 [dc26353c-d48a-467d-89cd-3a7c4b626396-groupManagement] INFO  server.RaftServerConfigKeys (ConfUtils.java:logGet(46)) - raft.server.snapshot.trigger-when-stop.enabled = true (default)
2024-02-22 20:33:41,569 [dc26353c-d48a-467d-89cd-3a7c4b626396-groupManagement] INFO  server.RaftServerConfigKeys (ConfUtils.java:logGet(46)) - raft.server.snapshot.auto.trigger.enabled = true (custom)
2024-02-22 20:33:41,569 [dc26353c-d48a-467d-89cd-3a7c4b626396-groupManagement] INFO  server.RaftServerConfigKeys (ConfUtils.java:logGet(46)) - raft.server.snapshot.auto.trigger.threshold = 10000 (custom)
2024-02-22 20:33:41,569 [dc26353c-d48a-467d-89cd-3a7c4b626396-groupManagement] INFO  server.RaftServerConfigKeys (ConfUtils.java:logGet(46)) - raft.server.snapshot.retention.file.num = 5 (custom)
2024-02-22 20:33:41,569 [dc26353c-d48a-467d-89cd-3a7c4b626396-groupManagement] INFO  server.RaftServerConfigKeys (ConfUtils.java:logGet(46)) - raft.server.log.purge.upto.snapshot.index = false (default)
2024-02-22 20:33:41,563 [c30fedce-f286-40e0-881d-3d5a9a6e2463-groupManagement] INFO  impl.RoleInfo (RoleInfo.java:updateAndGet(139)) - c30fedce-f286-40e0-881d-3d5a9a6e2463: start c30fedce-f286-40e0-881d-3d5a9a6e2463@group-C6933685B048-FollowerState
2024-02-22 20:33:41,568 [923be64f-71f4-4891-b05d-82ff5a9df5b5-PipelineCommandHandlerThread-0] INFO  commandhandler.CreatePipelineCommandHandler (CreatePipelineCommandHandler.java:lambda$handle$2(124)) - Created Pipeline RATIS THREE PipelineID=7a70ea48-d71a-4b2b-bc50-affc1e458e84.
2024-02-22 20:33:41,569 [923be64f-71f4-4891-b05d-82ff5a9df5b5-PipelineCommandHandlerThread-0] INFO  server.RaftServer (RaftServerProxy.java:addNew(100)) - 923be64f-71f4-4891-b05d-82ff5a9df5b5: addNew group-97BB02909E0E:[923be64f-71f4-4891-b05d-82ff5a9df5b5|10.1.0.33:15023, d25dc3b0-28fc-4383-b1a0-617845025f41|10.1.0.33:15032, 4e8f68d6-fd98-4f77-87e3-715939181693|10.1.0.33:15041] returns group-97BB02909E0E:java.util.concurrent.CompletableFuture@30b88dd0[Not completed]
2024-02-22 20:33:41,570 [923be64f-71f4-4891-b05d-82ff5a9df5b5-groupManagement] INFO  server.RaftServer$Division (RaftServerImpl.java:<init>(256)) - 923be64f-71f4-4891-b05d-82ff5a9df5b5: new RaftServerImpl for group-97BB02909E0E:[923be64f-71f4-4891-b05d-82ff5a9df5b5|10.1.0.33:15023, d25dc3b0-28fc-4383-b1a0-617845025f41|10.1.0.33:15032, 4e8f68d6-fd98-4f77-87e3-715939181693|10.1.0.33:15041] with ContainerStateMachine:uninitialized
2024-02-22 20:33:41,570 [923be64f-71f4-4891-b05d-82ff5a9df5b5-groupManagement] INFO  server.RaftServerConfigKeys (ConfUtils.java:logGet(46)) - raft.server.rpc.timeout.min = 5s (custom)
2024-02-22 20:33:41,570 [923be64f-71f4-4891-b05d-82ff5a9df5b5-groupManagement] INFO  server.RaftServerConfigKeys (ConfUtils.java:logGet(46)) - raft.server.rpc.timeout.max = 5200ms (custom)
2024-02-22 20:33:41,570 [923be64f-71f4-4891-b05d-82ff5a9df5b5-groupManagement] INFO  server.RaftServerConfigKeys (ConfUtils.java:logGet(46)) - raft.server.rpc.sleep.time = 25ms (default)
2024-02-22 20:33:41,570 [923be64f-71f4-4891-b05d-82ff5a9df5b5-groupManagement] INFO  server.RaftServerConfigKeys (ConfUtils.java:logGet(46)) - raft.server.rpc.slowness.timeout = 300s (custom)
2024-02-22 20:33:41,571 [923be64f-71f4-4891-b05d-82ff5a9df5b5-groupManagement] INFO  server.RaftServerConfigKeys (ConfUtils.java:logGet(46)) - raft.server.leaderelection.leader.step-down.wait-time = 10s (default)
2024-02-22 20:33:41,571 [923be64f-71f4-4891-b05d-82ff5a9df5b5-groupManagement] INFO  server.RaftServerConfigKeys (ConfUtils.java:logGet(46)) - raft.server.leaderelection.member.majority-add = false (default)
2024-02-22 20:33:41,571 [923be64f-71f4-4891-b05d-82ff5a9df5b5-groupManagement] INFO  server.RaftServerConfigKeys (ConfUtils.java:logGet(46)) - raft.server.sleep.deviation.threshold = 300ms (default)
2024-02-22 20:33:41,571 [EventQueue-PipelineReportForPipelineReportHandler] INFO  pipeline.PipelineReportHandler (PipelineReportHandler.java:processPipelineReport(136)) - Opened pipeline PipelineID=059125b3-e2f6-4b31-98e7-17bc54520ce5
2024-02-22 20:33:41,568 [86ab988c-fa9c-425d-a1c6-9004ff7fd93d-groupManagement] INFO  server.RaftServerConfigKeys (ConfUtils.java:logGet(46)) - raft.server.threadpool.server.cached = true (default)
2024-02-22 20:33:41,571 [EventQueue-OpenPipelineForHealthyPipelineSafeModeRule] INFO  safemode.SCMSafeModeManager (HealthyPipelineSafeModeRule.java:process(140)) - SCM in safe mode. Healthy pipelines reported count is 0, required healthy pipeline reported count is 1
2024-02-22 20:33:41,567 [e46a6e51-795f-4801-a523-c45a6c7f2c34-groupManagement] INFO  server.RaftServer$Division (RaftServerImpl.java:start(396)) - e46a6e51-795f-4801-a523-c45a6c7f2c34@group-AFFC1E458E84: start as a follower, conf=-1: peers:[923be64f-71f4-4891-b05d-82ff5a9df5b5|10.1.0.33:15023, e46a6e51-795f-4801-a523-c45a6c7f2c34|10.1.0.33:15014, e780b093-7242-46d7-bd8f-0f810188c7b3|10.1.0.33:15095]|listeners:[], old=null
2024-02-22 20:33:41,571 [e46a6e51-795f-4801-a523-c45a6c7f2c34-groupManagement] INFO  server.RaftServer$Division (RaftServerImpl.java:setRole(383)) - e46a6e51-795f-4801-a523-c45a6c7f2c34@group-AFFC1E458E84: changes role from      null to FOLLOWER at term 0 for startAsFollower
2024-02-22 20:33:41,566 [78f89d9b-e409-4704-890b-bfcfbcdfd28a-groupManagement] INFO  ratis.ContainerStateMachine (ContainerStateMachine.java:loadSnapshot(287)) - group-17BC54520CE5: The snapshot info is null. Setting the last applied index to:(t:0, i:~)
2024-02-22 20:33:41,571 [EventQueue-OpenPipelineForHealthyPipelineSafeModeRule] INFO  safemode.SCMSafeModeManager (HealthyPipelineSafeModeRule.java:process(140)) - SCM in safe mode. Healthy pipelines reported count is 0, required healthy pipeline reported count is 1
2024-02-22 20:33:41,571 [e780b093-7242-46d7-bd8f-0f810188c7b3-groupManagement] INFO  util.JmxRegister (JmxRegister.java:tryRegister(44)) - Successfully registered JMX Bean with object name Ratis:service=RaftServer,group=group-AFFC1E458E84,id=e780b093-7242-46d7-bd8f-0f810188c7b3
2024-02-22 20:33:41,571 [e780b093-7242-46d7-bd8f-0f810188c7b3-groupManagement] INFO  server.RaftServerConfigKeys (ConfUtils.java:logGet(46)) - raft.server.snapshot.trigger-when-stop.enabled = true (default)
2024-02-22 20:33:41,571 [e780b093-7242-46d7-bd8f-0f810188c7b3-groupManagement] INFO  server.RaftServerConfigKeys (ConfUtils.java:logGet(46)) - raft.server.snapshot.auto.trigger.enabled = true (custom)
2024-02-22 20:33:41,571 [e780b093-7242-46d7-bd8f-0f810188c7b3-groupManagement] INFO  server.RaftServerConfigKeys (ConfUtils.java:logGet(46)) - raft.server.snapshot.auto.trigger.threshold = 10000 (custom)
2024-02-22 20:33:41,571 [e780b093-7242-46d7-bd8f-0f810188c7b3-groupManagement] INFO  server.RaftServerConfigKeys (ConfUtils.java:logGet(46)) - raft.server.snapshot.retention.file.num = 5 (custom)
2024-02-22 20:33:41,572 [e780b093-7242-46d7-bd8f-0f810188c7b3-groupManagement] INFO  server.RaftServerConfigKeys (ConfUtils.java:logGet(46)) - raft.server.log.purge.upto.snapshot.index = false (default)
2024-02-22 20:33:41,571 [86ab988c-fa9c-425d-a1c6-9004ff7fd93d-groupManagement] INFO  server.RaftServerConfigKeys (ConfUtils.java:logGet(46)) - raft.server.threadpool.server.size = 0 (default)
2024-02-22 20:33:41,572 [86ab988c-fa9c-425d-a1c6-9004ff7fd93d-groupManagement] INFO  server.RaftServerConfigKeys (ConfUtils.java:logGet(46)) - raft.server.threadpool.client.cached = true (default)
2024-02-22 20:33:41,572 [86ab988c-fa9c-425d-a1c6-9004ff7fd93d-groupManagement] INFO  server.RaftServerConfigKeys (ConfUtils.java:logGet(46)) - raft.server.threadpool.client.size = 0 (default)
2024-02-22 20:33:41,572 [86ab988c-fa9c-425d-a1c6-9004ff7fd93d-groupManagement] INFO  server.RaftServerConfigKeys (ConfUtils.java:logGet(46)) - raft.server.storage.free-space.min = 0MB (=0) (default)
2024-02-22 20:33:41,572 [86ab988c-fa9c-425d-a1c6-9004ff7fd93d-groupManagement] INFO  server.RaftServerConfigKeys (ConfUtils.java:logGet(46)) - raft.server.log.corruption.policy = EXCEPTION (default)
2024-02-22 20:33:41,572 [86ab988c-fa9c-425d-a1c6-9004ff7fd93d-groupManagement] INFO  server.RaftServerConfigKeys (ConfUtils.java:logGet(46)) - raft.server.storage.dir = [/home/runner/work/ozone/ozone/hadoop-ozone/integration-test/target/test-dir/MiniOzoneClusterImpl-a0fc024b-a492-45a5-9697-b0d14f72cb5c/datanode-5/data/ratis] (custom)
2024-02-22 20:33:41,573 [86ab988c-fa9c-425d-a1c6-9004ff7fd93d-groupManagement] INFO  storage.RaftStorageDirectory (RaftStorageDirectoryImpl.java:analyzeStorage(138)) - The storage directory /home/runner/work/ozone/ozone/hadoop-ozone/integration-test/target/test-dir/MiniOzoneClusterImpl-a0fc024b-a492-45a5-9697-b0d14f72cb5c/datanode-5/data/ratis/b7d85f91-fa2f-4c6c-8457-34e96220011a does not exist. Creating ...
2024-02-22 20:33:41,571 [923be64f-71f4-4891-b05d-82ff5a9df5b5-groupManagement] INFO  server.RaftServer$Division (ServerState.java:<init>(113)) - 923be64f-71f4-4891-b05d-82ff5a9df5b5@group-97BB02909E0E: ConfigurationManager, init=-1: peers:[923be64f-71f4-4891-b05d-82ff5a9df5b5|10.1.0.33:15023, d25dc3b0-28fc-4383-b1a0-617845025f41|10.1.0.33:15032, 4e8f68d6-fd98-4f77-87e3-715939181693|10.1.0.33:15041]|listeners:[], old=null, confs=<EMPTY_MAP>
2024-02-22 20:33:41,573 [923be64f-71f4-4891-b05d-82ff5a9df5b5-groupManagement] INFO  server.RaftServerConfigKeys (ConfUtils.java:logGet(46)) - raft.server.notification.no-leader.timeout = 300s (custom)
2024-02-22 20:33:41,573 [923be64f-71f4-4891-b05d-82ff5a9df5b5-groupManagement] INFO  server.RaftServerConfigKeys (ConfUtils.java:logGet(46)) - raft.server.read.timeout = 10s (default)
2024-02-22 20:33:41,573 [923be64f-71f4-4891-b05d-82ff5a9df5b5-groupManagement] INFO  server.RaftServerConfigKeys (ConfUtils.java:logGet(46)) - raft.server.retrycache.expirytime = 600000ms (custom)
2024-02-22 20:33:41,573 [923be64f-71f4-4891-b05d-82ff5a9df5b5-groupManagement] INFO  server.RaftServerConfigKeys (ConfUtils.java:logGet(46)) - raft.server.retrycache.statistics.expirytime = 100ms (default)
2024-02-22 20:33:41,573 [e780b093-7242-46d7-bd8f-0f810188c7b3-PipelineCommandHandlerThread-0] INFO  ratis.XceiverServerRatis (XceiverServerRatis.java:addGroup(864)) - Created group PipelineID=7a70ea48-d71a-4b2b-bc50-affc1e458e84
2024-02-22 20:33:41,573 [923be64f-71f4-4891-b05d-82ff5a9df5b5-groupManagement] INFO  server.RaftServerConfigKeys (ConfUtils.java:logGet(46)) - raft.server.read.option = DEFAULT (default)
2024-02-22 20:33:41,573 [923be64f-71f4-4891-b05d-82ff5a9df5b5-groupManagement] INFO  server.RaftServerConfigKeys (ConfUtils.java:logGet(46)) - raft.server.read.read-after-write-consistent.write-index-cache.expiry-time = 60s (default)
2024-02-22 20:33:41,576 [923be64f-71f4-4891-b05d-82ff5a9df5b5-groupManagement] INFO  server.RaftServerConfigKeys (ConfUtils.java:logGet(46)) - raft.server.rpc.request.timeout = 60s (custom)
2024-02-22 20:33:41,576 [923be64f-71f4-4891-b05d-82ff5a9df5b5-groupManagement] INFO  server.RaftServerConfigKeys (ConfUtils.java:logGet(46)) - raft.server.log.appender.install.snapshot.enabled = false (custom)
2024-02-22 20:33:41,576 [923be64f-71f4-4891-b05d-82ff5a9df5b5-groupManagement] INFO  server.RaftServerConfigKeys (ConfUtils.java:logGet(46)) - raft.server.threadpool.server.cached = true (default)
2024-02-22 20:33:41,576 [923be64f-71f4-4891-b05d-82ff5a9df5b5-groupManagement] INFO  server.RaftServerConfigKeys (ConfUtils.java:logGet(46)) - raft.server.threadpool.server.size = 0 (default)
2024-02-22 20:33:41,576 [923be64f-71f4-4891-b05d-82ff5a9df5b5-groupManagement] INFO  server.RaftServerConfigKeys (ConfUtils.java:logGet(46)) - raft.server.threadpool.client.cached = true (default)
2024-02-22 20:33:41,576 [923be64f-71f4-4891-b05d-82ff5a9df5b5-groupManagement] INFO  server.RaftServerConfigKeys (ConfUtils.java:logGet(46)) - raft.server.threadpool.client.size = 0 (default)
2024-02-22 20:33:41,576 [923be64f-71f4-4891-b05d-82ff5a9df5b5-groupManagement] INFO  server.RaftServerConfigKeys (ConfUtils.java:logGet(46)) - raft.server.storage.free-space.min = 0MB (=0) (default)
2024-02-22 20:33:41,576 [923be64f-71f4-4891-b05d-82ff5a9df5b5-groupManagement] INFO  server.RaftServerConfigKeys (ConfUtils.java:logGet(46)) - raft.server.log.corruption.policy = EXCEPTION (default)
2024-02-22 20:33:41,576 [923be64f-71f4-4891-b05d-82ff5a9df5b5-groupManagement] INFO  server.RaftServerConfigKeys (ConfUtils.java:logGet(46)) - raft.server.storage.dir = [/home/runner/work/ozone/ozone/hadoop-ozone/integration-test/target/test-dir/MiniOzoneClusterImpl-a0fc024b-a492-45a5-9697-b0d14f72cb5c/datanode-1/data/ratis] (custom)
2024-02-22 20:33:41,576 [923be64f-71f4-4891-b05d-82ff5a9df5b5-groupManagement] INFO  storage.RaftStorageDirectory (RaftStorageDirectoryImpl.java:analyzeStorage(138)) - The storage directory /home/runner/work/ozone/ozone/hadoop-ozone/integration-test/target/test-dir/MiniOzoneClusterImpl-a0fc024b-a492-45a5-9697-b0d14f72cb5c/datanode-1/data/ratis/d9165cc6-fdfc-42ee-9f98-97bb02909e0e does not exist. Creating ...
2024-02-22 20:33:41,573 [4e8f68d6-fd98-4f77-87e3-715939181693-PipelineCommandHandlerThread-0] INFO  commandhandler.CreatePipelineCommandHandler (CreatePipelineCommandHandler.java:lambda$handle$2(124)) - Created Pipeline RATIS THREE PipelineID=045ea6be-5c70-427a-91cd-8820b9a2dc65.
2024-02-22 20:33:41,577 [4e8f68d6-fd98-4f77-87e3-715939181693-PipelineCommandHandlerThread-0] INFO  server.RaftServer (RaftServerProxy.java:addNew(100)) - 4e8f68d6-fd98-4f77-87e3-715939181693: addNew group-97BB02909E0E:[923be64f-71f4-4891-b05d-82ff5a9df5b5|10.1.0.33:15023, d25dc3b0-28fc-4383-b1a0-617845025f41|10.1.0.33:15032, 4e8f68d6-fd98-4f77-87e3-715939181693|10.1.0.33:15041] returns group-97BB02909E0E:java.util.concurrent.CompletableFuture@66ca6404[Not completed]
2024-02-22 20:33:41,571 [78f89d9b-e409-4704-890b-bfcfbcdfd28a-groupManagement] INFO  server.RaftServerConfigKeys (ConfUtils.java:logGet(46)) - raft.server.log.use.memory = false (default)
2024-02-22 20:33:41,577 [78f89d9b-e409-4704-890b-bfcfbcdfd28a-groupManagement] INFO  server.RaftServerConfigKeys (ConfUtils.java:logGet(46)) - raft.server.log.purge.gap = 1000000 (custom)
2024-02-22 20:33:41,577 [78f89d9b-e409-4704-890b-bfcfbcdfd28a-groupManagement] INFO  server.RaftServerConfigKeys (ConfUtils.java:logGet(46)) - raft.server.log.appender.buffer.byte-limit = 8388608 (custom)
2024-02-22 20:33:41,577 [78f89d9b-e409-4704-890b-bfcfbcdfd28a-groupManagement] INFO  server.RaftServerConfigKeys (ConfUtils.java:logGet(46)) - raft.server.log.statemachine.data.read.timeout = 1000ms (default)
2024-02-22 20:33:41,577 [78f89d9b-e409-4704-890b-bfcfbcdfd28a-groupManagement] INFO  server.RaftServerConfigKeys (ConfUtils.java:logGet(46)) - raft.server.log.purge.preservation.log.num = 0 (default)
2024-02-22 20:33:41,578 [4e8f68d6-fd98-4f77-87e3-715939181693-groupManagement] INFO  server.RaftServer$Division (RaftServerImpl.java:<init>(256)) - 4e8f68d6-fd98-4f77-87e3-715939181693: new RaftServerImpl for group-97BB02909E0E:[923be64f-71f4-4891-b05d-82ff5a9df5b5|10.1.0.33:15023, d25dc3b0-28fc-4383-b1a0-617845025f41|10.1.0.33:15032, 4e8f68d6-fd98-4f77-87e3-715939181693|10.1.0.33:15041] with ContainerStateMachine:uninitialized
2024-02-22 20:33:41,578 [4e8f68d6-fd98-4f77-87e3-715939181693-groupManagement] INFO  server.RaftServerConfigKeys (ConfUtils.java:logGet(46)) - raft.server.rpc.timeout.min = 5s (custom)
2024-02-22 20:33:41,578 [4e8f68d6-fd98-4f77-87e3-715939181693-groupManagement] INFO  server.RaftServerConfigKeys (ConfUtils.java:logGet(46)) - raft.server.rpc.timeout.max = 5200ms (custom)
2024-02-22 20:33:41,578 [4e8f68d6-fd98-4f77-87e3-715939181693-groupManagement] INFO  server.RaftServerConfigKeys (ConfUtils.java:logGet(46)) - raft.server.rpc.sleep.time = 25ms (default)
2024-02-22 20:33:41,578 [4e8f68d6-fd98-4f77-87e3-715939181693-groupManagement] INFO  server.RaftServerConfigKeys (ConfUtils.java:logGet(46)) - raft.server.rpc.slowness.timeout = 300s (custom)
2024-02-22 20:33:41,578 [4e8f68d6-fd98-4f77-87e3-715939181693-groupManagement] INFO  server.RaftServerConfigKeys (ConfUtils.java:logGet(46)) - raft.server.leaderelection.leader.step-down.wait-time = 10s (default)
2024-02-22 20:33:41,578 [4e8f68d6-fd98-4f77-87e3-715939181693-groupManagement] INFO  server.RaftServerConfigKeys (ConfUtils.java:logGet(46)) - raft.server.leaderelection.member.majority-add = false (default)
2024-02-22 20:33:41,578 [4e8f68d6-fd98-4f77-87e3-715939181693-groupManagement] INFO  server.RaftServerConfigKeys (ConfUtils.java:logGet(46)) - raft.server.sleep.deviation.threshold = 300ms (default)
2024-02-22 20:33:41,578 [4e8f68d6-fd98-4f77-87e3-715939181693-groupManagement] INFO  server.RaftServer$Division (ServerState.java:<init>(113)) - 4e8f68d6-fd98-4f77-87e3-715939181693@group-97BB02909E0E: ConfigurationManager, init=-1: peers:[923be64f-71f4-4891-b05d-82ff5a9df5b5|10.1.0.33:15023, d25dc3b0-28fc-4383-b1a0-617845025f41|10.1.0.33:15032, 4e8f68d6-fd98-4f77-87e3-715939181693|10.1.0.33:15041]|listeners:[], old=null, confs=<EMPTY_MAP>
2024-02-22 20:33:41,578 [4e8f68d6-fd98-4f77-87e3-715939181693-groupManagement] INFO  server.RaftServerConfigKeys (ConfUtils.java:logGet(46)) - raft.server.notification.no-leader.timeout = 300s (custom)
2024-02-22 20:33:41,579 [4e8f68d6-fd98-4f77-87e3-715939181693-groupManagement] INFO  server.RaftServerConfigKeys (ConfUtils.java:logGet(46)) - raft.server.read.timeout = 10s (default)
2024-02-22 20:33:41,579 [4e8f68d6-fd98-4f77-87e3-715939181693-groupManagement] INFO  server.RaftServerConfigKeys (ConfUtils.java:logGet(46)) - raft.server.retrycache.expirytime = 600000ms (custom)
2024-02-22 20:33:41,579 [4e8f68d6-fd98-4f77-87e3-715939181693-groupManagement] INFO  server.RaftServerConfigKeys (ConfUtils.java:logGet(46)) - raft.server.retrycache.statistics.expirytime = 100ms (default)
2024-02-22 20:33:41,579 [4e8f68d6-fd98-4f77-87e3-715939181693-groupManagement] INFO  server.RaftServerConfigKeys (ConfUtils.java:logGet(46)) - raft.server.read.option = DEFAULT (default)
2024-02-22 20:33:41,579 [4e8f68d6-fd98-4f77-87e3-715939181693-groupManagement] INFO  server.RaftServerConfigKeys (ConfUtils.java:logGet(46)) - raft.server.read.read-after-write-consistent.write-index-cache.expiry-time = 60s (default)
2024-02-22 20:33:41,579 [78f89d9b-e409-4704-890b-bfcfbcdfd28a-groupManagement] INFO  server.RaftServerConfigKeys (ConfUtils.java:logGet(46)) - raft.server.log.segment.size.max = 67108864 (custom)
2024-02-22 20:33:41,573 [e780b093-7242-46d7-bd8f-0f810188c7b3@group-AFFC1E458E84-FollowerState] INFO  server.RaftServerConfigKeys (ConfUtils.java:logFallback(53)) - raft.server.rpc.first-election.timeout.min = 5s (fallback to raft.server.rpc.timeout.min)
2024-02-22 20:33:41,580 [e780b093-7242-46d7-bd8f-0f810188c7b3@group-AFFC1E458E84-FollowerState] INFO  server.RaftServerConfigKeys (ConfUtils.java:logFallback(53)) - raft.server.rpc.first-election.timeout.max = 5200ms (fallback to raft.server.rpc.timeout.max)
2024-02-22 20:33:41,580 [86ab988c-fa9c-425d-a1c6-9004ff7fd93d-groupManagement] INFO  storage.RaftStorageDirectory (RaftStorageDirectoryImpl.java:tryLock(228)) - Lock on /home/runner/work/ozone/ozone/hadoop-ozone/integration-test/target/test-dir/MiniOzoneClusterImpl-a0fc024b-a492-45a5-9697-b0d14f72cb5c/datanode-5/data/ratis/b7d85f91-fa2f-4c6c-8457-34e96220011a/in_use.lock acquired by nodename 30552@fv-az779-213
2024-02-22 20:33:41,578 [d25dc3b0-28fc-4383-b1a0-617845025f41-PipelineCommandHandlerThread-0] INFO  ratis.XceiverServerRatis (XceiverServerRatis.java:addGroup(864)) - Created group PipelineID=d9165cc6-fdfc-42ee-9f98-97bb02909e0e
2024-02-22 20:33:41,582 [78f89d9b-e409-4704-890b-bfcfbcdfd28a-groupManagement] INFO  server.RaftServerConfigKeys (ConfUtils.java:logGet(46)) - raft.server.log.segment.cache.num.max = 2 (custom)
2024-02-22 20:33:41,582 [78f89d9b-e409-4704-890b-bfcfbcdfd28a-groupManagement] INFO  server.RaftServerConfigKeys (ConfUtils.java:logGet(46)) - raft.server.log.segment.cache.size.max = 200MB (=209715200) (default)
2024-02-22 20:33:41,582 [78f89d9b-e409-4704-890b-bfcfbcdfd28a-groupManagement] INFO  server.RaftServerConfigKeys (ConfUtils.java:logGet(46)) - raft.server.log.appender.buffer.byte-limit = 8388608 (custom)
2024-02-22 20:33:41,583 [86ab988c-fa9c-425d-a1c6-9004ff7fd93d-groupManagement] INFO  storage.RaftStorage (RaftStorageImpl.java:format(99)) - Storage directory /home/runner/work/ozone/ozone/hadoop-ozone/integration-test/target/test-dir/MiniOzoneClusterImpl-a0fc024b-a492-45a5-9697-b0d14f72cb5c/datanode-5/data/ratis/b7d85f91-fa2f-4c6c-8457-34e96220011a has been successfully formatted.
2024-02-22 20:33:41,583 [86ab988c-fa9c-425d-a1c6-9004ff7fd93d-groupManagement] WARN  util.FileUtils (LogUtils.java:supplyAndLog(63)) - Failed to Files.newInputStream /home/runner/work/ozone/ozone/hadoop-ozone/integration-test/target/test-dir/MiniOzoneClusterImpl-a0fc024b-a492-45a5-9697-b0d14f72cb5c/datanode-5/data/ratis/b7d85f91-fa2f-4c6c-8457-34e96220011a/current/raft-meta.conf with options []: java.nio.file.NoSuchFileException: /home/runner/work/ozone/ozone/hadoop-ozone/integration-test/target/test-dir/MiniOzoneClusterImpl-a0fc024b-a492-45a5-9697-b0d14f72cb5c/datanode-5/data/ratis/b7d85f91-fa2f-4c6c-8457-34e96220011a/current/raft-meta.conf
2024-02-22 20:33:41,583 [923be64f-71f4-4891-b05d-82ff5a9df5b5-groupManagement] INFO  storage.RaftStorageDirectory (RaftStorageDirectoryImpl.java:tryLock(228)) - Lock on /home/runner/work/ozone/ozone/hadoop-ozone/integration-test/target/test-dir/MiniOzoneClusterImpl-a0fc024b-a492-45a5-9697-b0d14f72cb5c/datanode-1/data/ratis/d9165cc6-fdfc-42ee-9f98-97bb02909e0e/in_use.lock acquired by nodename 30552@fv-az779-213
2024-02-22 20:33:41,585 [78f89d9b-e409-4704-890b-bfcfbcdfd28a-groupManagement] INFO  util.AwaitToRun (AwaitToRun.java:start(81)) - Thread[78f89d9b-e409-4704-890b-bfcfbcdfd28a@group-17BC54520CE5-cacheEviction-AwaitToRun,5,main] started
2024-02-22 20:33:41,585 [78f89d9b-e409-4704-890b-bfcfbcdfd28a-groupManagement] INFO  segmented.SegmentedRaftLogWorker (SegmentedRaftLogWorker.java:<init>(182)) - new 78f89d9b-e409-4704-890b-bfcfbcdfd28a@group-17BC54520CE5-SegmentedRaftLogWorker for RaftStorageImpl:Storage Directory /home/runner/work/ozone/ozone/hadoop-ozone/integration-test/target/test-dir/MiniOzoneClusterImpl-a0fc024b-a492-45a5-9697-b0d14f72cb5c/datanode-8/data/ratis/059125b3-e2f6-4b31-98e7-17bc54520ce5
2024-02-22 20:33:41,585 [78f89d9b-e409-4704-890b-bfcfbcdfd28a-groupManagement] INFO  server.RaftServerConfigKeys (ConfUtils.java:logGet(46)) - raft.server.log.queue.byte-limit = 4294967296 (custom)
2024-02-22 20:33:41,585 [78f89d9b-e409-4704-890b-bfcfbcdfd28a-groupManagement] INFO  server.RaftServerConfigKeys (ConfUtils.java:logGet(46)) - raft.server.log.queue.element-limit = 1024 (custom)
2024-02-22 20:33:41,585 [78f89d9b-e409-4704-890b-bfcfbcdfd28a-groupManagement] INFO  server.RaftServerConfigKeys (ConfUtils.java:logGet(46)) - raft.server.log.segment.size.max = 67108864 (custom)
2024-02-22 20:33:41,585 [e46a6e51-795f-4801-a523-c45a6c7f2c34-groupManagement] INFO  impl.RoleInfo (RoleInfo.java:updateAndGet(139)) - e46a6e51-795f-4801-a523-c45a6c7f2c34: start e46a6e51-795f-4801-a523-c45a6c7f2c34@group-AFFC1E458E84-FollowerState
2024-02-22 20:33:41,586 [78f89d9b-e409-4704-890b-bfcfbcdfd28a-groupManagement] INFO  server.RaftServerConfigKeys (ConfUtils.java:logGet(46)) - raft.server.log.preallocated.size = 4194304 (custom)
2024-02-22 20:33:41,586 [78f89d9b-e409-4704-890b-bfcfbcdfd28a-groupManagement] INFO  server.RaftServerConfigKeys (ConfUtils.java:logGet(46)) - raft.server.log.force.sync.num = 128 (default)
2024-02-22 20:33:41,586 [78f89d9b-e409-4704-890b-bfcfbcdfd28a-groupManagement] INFO  server.RaftServerConfigKeys (ConfUtils.java:logGet(46)) - raft.server.log.statemachine.data.sync = true (default)
2024-02-22 20:33:41,586 [78f89d9b-e409-4704-890b-bfcfbcdfd28a-groupManagement] INFO  server.RaftServerConfigKeys (ConfUtils.java:logGet(46)) - raft.server.log.statemachine.data.sync.timeout = 10s (default)
2024-02-22 20:33:41,586 [78f89d9b-e409-4704-890b-bfcfbcdfd28a-groupManagement] INFO  server.RaftServerConfigKeys (ConfUtils.java:logGet(46)) - raft.server.log.statemachine.data.sync.timeout.retry = 0 (custom)
2024-02-22 20:33:41,587 [c30fedce-f286-40e0-881d-3d5a9a6e2463-groupManagement] INFO  util.JmxRegister (JmxRegister.java:tryRegister(44)) - Successfully registered JMX Bean with object name Ratis:service=RaftServer,group=group-C6933685B048,id=c30fedce-f286-40e0-881d-3d5a9a6e2463
2024-02-22 20:33:41,587 [c30fedce-f286-40e0-881d-3d5a9a6e2463-groupManagement] INFO  server.RaftServerConfigKeys (ConfUtils.java:logGet(46)) - raft.server.snapshot.trigger-when-stop.enabled = true (default)
2024-02-22 20:33:41,587 [c30fedce-f286-40e0-881d-3d5a9a6e2463-groupManagement] INFO  server.RaftServerConfigKeys (ConfUtils.java:logGet(46)) - raft.server.snapshot.auto.trigger.enabled = true (custom)
2024-02-22 20:33:41,587 [c30fedce-f286-40e0-881d-3d5a9a6e2463-groupManagement] INFO  server.RaftServerConfigKeys (ConfUtils.java:logGet(46)) - raft.server.snapshot.auto.trigger.threshold = 10000 (custom)
2024-02-22 20:33:41,587 [c30fedce-f286-40e0-881d-3d5a9a6e2463-groupManagement] INFO  server.RaftServerConfigKeys (ConfUtils.java:logGet(46)) - raft.server.snapshot.retention.file.num = 5 (custom)
2024-02-22 20:33:41,587 [c30fedce-f286-40e0-881d-3d5a9a6e2463-groupManagement] INFO  server.RaftServerConfigKeys (ConfUtils.java:logGet(46)) - raft.server.log.purge.upto.snapshot.index = false (default)
2024-02-22 20:33:41,587 [923be64f-71f4-4891-b05d-82ff5a9df5b5-groupManagement] INFO  storage.RaftStorage (RaftStorageImpl.java:format(99)) - Storage directory /home/runner/work/ozone/ozone/hadoop-ozone/integration-test/target/test-dir/MiniOzoneClusterImpl-a0fc024b-a492-45a5-9697-b0d14f72cb5c/datanode-1/data/ratis/d9165cc6-fdfc-42ee-9f98-97bb02909e0e has been successfully formatted.
2024-02-22 20:33:41,588 [923be64f-71f4-4891-b05d-82ff5a9df5b5-groupManagement] WARN  util.FileUtils (LogUtils.java:supplyAndLog(63)) - Failed to Files.newInputStream /home/runner/work/ozone/ozone/hadoop-ozone/integration-test/target/test-dir/MiniOzoneClusterImpl-a0fc024b-a492-45a5-9697-b0d14f72cb5c/datanode-1/data/ratis/d9165cc6-fdfc-42ee-9f98-97bb02909e0e/current/raft-meta.conf with options []: java.nio.file.NoSuchFileException: /home/runner/work/ozone/ozone/hadoop-ozone/integration-test/target/test-dir/MiniOzoneClusterImpl-a0fc024b-a492-45a5-9697-b0d14f72cb5c/datanode-1/data/ratis/d9165cc6-fdfc-42ee-9f98-97bb02909e0e/current/raft-meta.conf
2024-02-22 20:33:41,591 [78f89d9b-e409-4704-890b-bfcfbcdfd28a-groupManagement] INFO  server.RaftServerConfigKeys (ConfUtils.java:logGet(46)) - raft.server.log.write.buffer.size = 8388616 (custom)
2024-02-22 20:33:41,593 [78f89d9b-e409-4704-890b-bfcfbcdfd28a-groupManagement] INFO  server.RaftServerConfigKeys (ConfUtils.java:logGet(46)) - raft.server.log.appender.buffer.byte-limit = 8388608 (custom)
2024-02-22 20:33:41,593 [78f89d9b-e409-4704-890b-bfcfbcdfd28a-groupManagement] INFO  server.RaftServerConfigKeys (ConfUtils.java:logGet(46)) - raft.server.log.unsafe-flush.enabled = false (default)
2024-02-22 20:33:41,593 [78f89d9b-e409-4704-890b-bfcfbcdfd28a-groupManagement] INFO  server.RaftServerConfigKeys (ConfUtils.java:logGet(46)) - raft.server.log.async-flush.enabled = false (default)
2024-02-22 20:33:41,593 [c30fedce-f286-40e0-881d-3d5a9a6e2463@group-C6933685B048-FollowerState] INFO  server.RaftServerConfigKeys (ConfUtils.java:logFallback(53)) - raft.server.rpc.first-election.timeout.min = 5s (fallback to raft.server.rpc.timeout.min)
2024-02-22 20:33:41,593 [78f89d9b-e409-4704-890b-bfcfbcdfd28a-groupManagement] INFO  server.RaftServerConfigKeys (ConfUtils.java:logGet(46)) - raft.server.log.statemachine.data.caching.enabled = true (custom)
2024-02-22 20:33:41,593 [78f89d9b-e409-4704-890b-bfcfbcdfd28a-groupManagement] INFO  segmented.SegmentedRaftLogWorker (SegmentedRaftLogWorker.java:lambda$new$0(134)) - 78f89d9b-e409-4704-890b-bfcfbcdfd28a@group-17BC54520CE5-SegmentedRaftLogWorker: flushIndex: setUnconditionally 0 -> -1
2024-02-22 20:33:41,593 [78f89d9b-e409-4704-890b-bfcfbcdfd28a-groupManagement] INFO  segmented.SegmentedRaftLogWorker (SegmentedRaftLogWorker.java:lambda$new$0(134)) - 78f89d9b-e409-4704-890b-bfcfbcdfd28a@group-17BC54520CE5-SegmentedRaftLogWorker: safeCacheEvictIndex: setUnconditionally 0 -> -1
2024-02-22 20:33:41,596 [4e8f68d6-fd98-4f77-87e3-715939181693-groupManagement] INFO  server.RaftServerConfigKeys (ConfUtils.java:logGet(46)) - raft.server.rpc.request.timeout = 60s (custom)
2024-02-22 20:33:41,596 [4e8f68d6-fd98-4f77-87e3-715939181693-groupManagement] INFO  server.RaftServerConfigKeys (ConfUtils.java:logGet(46)) - raft.server.log.appender.install.snapshot.enabled = false (custom)
2024-02-22 20:33:41,596 [4e8f68d6-fd98-4f77-87e3-715939181693-groupManagement] INFO  server.RaftServerConfigKeys (ConfUtils.java:logGet(46)) - raft.server.threadpool.server.cached = true (default)
2024-02-22 20:33:41,596 [4e8f68d6-fd98-4f77-87e3-715939181693-groupManagement] INFO  server.RaftServerConfigKeys (ConfUtils.java:logGet(46)) - raft.server.threadpool.server.size = 0 (default)
2024-02-22 20:33:41,596 [4e8f68d6-fd98-4f77-87e3-715939181693-groupManagement] INFO  server.RaftServerConfigKeys (ConfUtils.java:logGet(46)) - raft.server.threadpool.client.cached = true (default)
2024-02-22 20:33:41,596 [4e8f68d6-fd98-4f77-87e3-715939181693-groupManagement] INFO  server.RaftServerConfigKeys (ConfUtils.java:logGet(46)) - raft.server.threadpool.client.size = 0 (default)
2024-02-22 20:33:41,597 [4e8f68d6-fd98-4f77-87e3-715939181693-groupManagement] INFO  server.RaftServerConfigKeys (ConfUtils.java:logGet(46)) - raft.server.storage.free-space.min = 0MB (=0) (default)
2024-02-22 20:33:41,597 [4e8f68d6-fd98-4f77-87e3-715939181693-groupManagement] INFO  server.RaftServerConfigKeys (ConfUtils.java:logGet(46)) - raft.server.log.corruption.policy = EXCEPTION (default)
2024-02-22 20:33:41,597 [c30fedce-f286-40e0-881d-3d5a9a6e2463@group-C6933685B048-FollowerState] INFO  server.RaftServerConfigKeys (ConfUtils.java:logFallback(53)) - raft.server.rpc.first-election.timeout.max = 5200ms (fallback to raft.server.rpc.timeout.max)
2024-02-22 20:33:41,597 [4e8f68d6-fd98-4f77-87e3-715939181693-groupManagement] INFO  server.RaftServerConfigKeys (ConfUtils.java:logGet(46)) - raft.server.storage.dir = [/home/runner/work/ozone/ozone/hadoop-ozone/integration-test/target/test-dir/MiniOzoneClusterImpl-a0fc024b-a492-45a5-9697-b0d14f72cb5c/datanode-3/data/ratis] (custom)
2024-02-22 20:33:41,597 [e46a6e51-795f-4801-a523-c45a6c7f2c34-groupManagement] INFO  util.JmxRegister (JmxRegister.java:tryRegister(44)) - Successfully registered JMX Bean with object name Ratis:service=RaftServer,group=group-AFFC1E458E84,id=e46a6e51-795f-4801-a523-c45a6c7f2c34
2024-02-22 20:33:41,597 [e46a6e51-795f-4801-a523-c45a6c7f2c34-groupManagement] INFO  server.RaftServerConfigKeys (ConfUtils.java:logGet(46)) - raft.server.snapshot.trigger-when-stop.enabled = true (default)
2024-02-22 20:33:41,597 [e46a6e51-795f-4801-a523-c45a6c7f2c34-groupManagement] INFO  server.RaftServerConfigKeys (ConfUtils.java:logGet(46)) - raft.server.snapshot.auto.trigger.enabled = true (custom)
2024-02-22 20:33:41,597 [e46a6e51-795f-4801-a523-c45a6c7f2c34-groupManagement] INFO  server.RaftServerConfigKeys (ConfUtils.java:logGet(46)) - raft.server.snapshot.auto.trigger.threshold = 10000 (custom)
2024-02-22 20:33:41,597 [e46a6e51-795f-4801-a523-c45a6c7f2c34-groupManagement] INFO  server.RaftServerConfigKeys (ConfUtils.java:logGet(46)) - raft.server.snapshot.retention.file.num = 5 (custom)
2024-02-22 20:33:41,597 [e46a6e51-795f-4801-a523-c45a6c7f2c34-groupManagement] INFO  server.RaftServerConfigKeys (ConfUtils.java:logGet(46)) - raft.server.log.purge.upto.snapshot.index = false (default)
2024-02-22 20:33:41,599 [e46a6e51-795f-4801-a523-c45a6c7f2c34@group-AFFC1E458E84-FollowerState] INFO  server.RaftServerConfigKeys (ConfUtils.java:logFallback(53)) - raft.server.rpc.first-election.timeout.min = 5s (fallback to raft.server.rpc.timeout.min)
2024-02-22 20:33:41,599 [e46a6e51-795f-4801-a523-c45a6c7f2c34@group-AFFC1E458E84-FollowerState] INFO  server.RaftServerConfigKeys (ConfUtils.java:logFallback(53)) - raft.server.rpc.first-election.timeout.max = 5200ms (fallback to raft.server.rpc.timeout.max)
2024-02-22 20:33:41,597 [4e8f68d6-fd98-4f77-87e3-715939181693-groupManagement] INFO  storage.RaftStorageDirectory (RaftStorageDirectoryImpl.java:analyzeStorage(138)) - The storage directory /home/runner/work/ozone/ozone/hadoop-ozone/integration-test/target/test-dir/MiniOzoneClusterImpl-a0fc024b-a492-45a5-9697-b0d14f72cb5c/datanode-3/data/ratis/d9165cc6-fdfc-42ee-9f98-97bb02909e0e does not exist. Creating ...
2024-02-22 20:33:41,600 [86ab988c-fa9c-425d-a1c6-9004ff7fd93d-groupManagement] INFO  ratis.ContainerStateMachine (ContainerStateMachine.java:loadSnapshot(287)) - group-34E96220011A: The snapshot info is null. Setting the last applied index to:(t:0, i:~)
2024-02-22 20:33:41,600 [e46a6e51-795f-4801-a523-c45a6c7f2c34-PipelineCommandHandlerThread-0] INFO  ratis.XceiverServerRatis (XceiverServerRatis.java:addGroup(864)) - Created group PipelineID=7a70ea48-d71a-4b2b-bc50-affc1e458e84
2024-02-22 20:33:41,600 [86ab988c-fa9c-425d-a1c6-9004ff7fd93d-groupManagement] INFO  server.RaftServerConfigKeys (ConfUtils.java:logGet(46)) - raft.server.log.use.memory = false (default)
2024-02-22 20:33:41,600 [86ab988c-fa9c-425d-a1c6-9004ff7fd93d-groupManagement] INFO  server.RaftServerConfigKeys (ConfUtils.java:logGet(46)) - raft.server.log.purge.gap = 1000000 (custom)
2024-02-22 20:33:41,600 [86ab988c-fa9c-425d-a1c6-9004ff7fd93d-groupManagement] INFO  server.RaftServerConfigKeys (ConfUtils.java:logGet(46)) - raft.server.log.appender.buffer.byte-limit = 8388608 (custom)
2024-02-22 20:33:41,601 [86ab988c-fa9c-425d-a1c6-9004ff7fd93d-groupManagement] INFO  server.RaftServerConfigKeys (ConfUtils.java:logGet(46)) - raft.server.log.statemachine.data.read.timeout = 1000ms (default)
2024-02-22 20:33:41,601 [86ab988c-fa9c-425d-a1c6-9004ff7fd93d-groupManagement] INFO  server.RaftServerConfigKeys (ConfUtils.java:logGet(46)) - raft.server.log.purge.preservation.log.num = 0 (default)
2024-02-22 20:33:41,602 [4e8f68d6-fd98-4f77-87e3-715939181693-groupManagement] INFO  storage.RaftStorageDirectory (RaftStorageDirectoryImpl.java:tryLock(228)) - Lock on /home/runner/work/ozone/ozone/hadoop-ozone/integration-test/target/test-dir/MiniOzoneClusterImpl-a0fc024b-a492-45a5-9697-b0d14f72cb5c/datanode-3/data/ratis/d9165cc6-fdfc-42ee-9f98-97bb02909e0e/in_use.lock acquired by nodename 30552@fv-az779-213
2024-02-22 20:33:41,602 [86ab988c-fa9c-425d-a1c6-9004ff7fd93d-groupManagement] INFO  server.RaftServerConfigKeys (ConfUtils.java:logGet(46)) - raft.server.log.segment.size.max = 67108864 (custom)
2024-02-22 20:33:41,602 [86ab988c-fa9c-425d-a1c6-9004ff7fd93d-groupManagement] INFO  server.RaftServerConfigKeys (ConfUtils.java:logGet(46)) - raft.server.log.segment.cache.num.max = 2 (custom)
2024-02-22 20:33:41,603 [86ab988c-fa9c-425d-a1c6-9004ff7fd93d-groupManagement] INFO  server.RaftServerConfigKeys (ConfUtils.java:logGet(46)) - raft.server.log.segment.cache.size.max = 200MB (=209715200) (default)
2024-02-22 20:33:41,603 [86ab988c-fa9c-425d-a1c6-9004ff7fd93d-groupManagement] INFO  server.RaftServerConfigKeys (ConfUtils.java:logGet(46)) - raft.server.log.appender.buffer.byte-limit = 8388608 (custom)
2024-02-22 20:33:41,603 [4e8f68d6-fd98-4f77-87e3-715939181693-groupManagement] INFO  storage.RaftStorage (RaftStorageImpl.java:format(99)) - Storage directory /home/runner/work/ozone/ozone/hadoop-ozone/integration-test/target/test-dir/MiniOzoneClusterImpl-a0fc024b-a492-45a5-9697-b0d14f72cb5c/datanode-3/data/ratis/d9165cc6-fdfc-42ee-9f98-97bb02909e0e has been successfully formatted.
2024-02-22 20:33:41,603 [4e8f68d6-fd98-4f77-87e3-715939181693-groupManagement] WARN  util.FileUtils (LogUtils.java:supplyAndLog(63)) - Failed to Files.newInputStream /home/runner/work/ozone/ozone/hadoop-ozone/integration-test/target/test-dir/MiniOzoneClusterImpl-a0fc024b-a492-45a5-9697-b0d14f72cb5c/datanode-3/data/ratis/d9165cc6-fdfc-42ee-9f98-97bb02909e0e/current/raft-meta.conf with options []: java.nio.file.NoSuchFileException: /home/runner/work/ozone/ozone/hadoop-ozone/integration-test/target/test-dir/MiniOzoneClusterImpl-a0fc024b-a492-45a5-9697-b0d14f72cb5c/datanode-3/data/ratis/d9165cc6-fdfc-42ee-9f98-97bb02909e0e/current/raft-meta.conf
2024-02-22 20:33:41,604 [EventQueue-OpenPipelineForHealthyPipelineSafeModeRule] INFO  safemode.SCMSafeModeManager (HealthyPipelineSafeModeRule.java:process(140)) - SCM in safe mode. Healthy pipelines reported count is 0, required healthy pipeline reported count is 1
2024-02-22 20:33:41,604 [EventQueue-OpenPipelineForHealthyPipelineSafeModeRule] INFO  safemode.SCMSafeModeManager (HealthyPipelineSafeModeRule.java:process(140)) - SCM in safe mode. Healthy pipelines reported count is 0, required healthy pipeline reported count is 1
2024-02-22 20:33:41,604 [78f89d9b-e409-4704-890b-bfcfbcdfd28a-groupManagement] INFO  server.RaftServer$Division (RaftServerImpl.java:start(396)) - 78f89d9b-e409-4704-890b-bfcfbcdfd28a@group-17BC54520CE5: start as a follower, conf=-1: peers:[78f89d9b-e409-4704-890b-bfcfbcdfd28a|10.1.0.33:15086]|listeners:[], old=null
2024-02-22 20:33:41,604 [78f89d9b-e409-4704-890b-bfcfbcdfd28a-groupManagement] INFO  server.RaftServer$Division (RaftServerImpl.java:setRole(383)) - 78f89d9b-e409-4704-890b-bfcfbcdfd28a@group-17BC54520CE5: changes role from      null to FOLLOWER at term 0 for startAsFollower
2024-02-22 20:33:41,605 [78f89d9b-e409-4704-890b-bfcfbcdfd28a-groupManagement] INFO  impl.RoleInfo (RoleInfo.java:updateAndGet(139)) - 78f89d9b-e409-4704-890b-bfcfbcdfd28a: start 78f89d9b-e409-4704-890b-bfcfbcdfd28a@group-17BC54520CE5-FollowerState
2024-02-22 20:33:41,605 [78f89d9b-e409-4704-890b-bfcfbcdfd28a-groupManagement] INFO  util.JmxRegister (JmxRegister.java:tryRegister(44)) - Successfully registered JMX Bean with object name Ratis:service=RaftServer,group=group-17BC54520CE5,id=78f89d9b-e409-4704-890b-bfcfbcdfd28a
2024-02-22 20:33:41,605 [78f89d9b-e409-4704-890b-bfcfbcdfd28a-groupManagement] INFO  server.RaftServerConfigKeys (ConfUtils.java:logGet(46)) - raft.server.snapshot.trigger-when-stop.enabled = true (default)
2024-02-22 20:33:41,605 [78f89d9b-e409-4704-890b-bfcfbcdfd28a-groupManagement] INFO  server.RaftServerConfigKeys (ConfUtils.java:logGet(46)) - raft.server.snapshot.auto.trigger.enabled = true (custom)
2024-02-22 20:33:41,605 [78f89d9b-e409-4704-890b-bfcfbcdfd28a-groupManagement] INFO  server.RaftServerConfigKeys (ConfUtils.java:logGet(46)) - raft.server.snapshot.auto.trigger.threshold = 10000 (custom)
2024-02-22 20:33:41,605 [78f89d9b-e409-4704-890b-bfcfbcdfd28a-groupManagement] INFO  server.RaftServerConfigKeys (ConfUtils.java:logGet(46)) - raft.server.snapshot.retention.file.num = 5 (custom)
2024-02-22 20:33:41,605 [78f89d9b-e409-4704-890b-bfcfbcdfd28a-groupManagement] INFO  server.RaftServerConfigKeys (ConfUtils.java:logGet(46)) - raft.server.log.purge.upto.snapshot.index = false (default)
2024-02-22 20:33:41,606 [78f89d9b-e409-4704-890b-bfcfbcdfd28a@group-17BC54520CE5-FollowerState] INFO  server.RaftServerConfigKeys (ConfUtils.java:logFallback(53)) - raft.server.rpc.first-election.timeout.min = 5s (fallback to raft.server.rpc.timeout.min)
2024-02-22 20:33:41,606 [78f89d9b-e409-4704-890b-bfcfbcdfd28a@group-17BC54520CE5-FollowerState] INFO  server.RaftServerConfigKeys (ConfUtils.java:logFallback(53)) - raft.server.rpc.first-election.timeout.max = 5200ms (fallback to raft.server.rpc.timeout.max)
2024-02-22 20:33:41,610 [dc26353c-d48a-467d-89cd-3a7c4b626396-PipelineCommandHandlerThread-0] INFO  ratis.XceiverServerRatis (XceiverServerRatis.java:addGroup(864)) - Created group PipelineID=b7d85f91-fa2f-4c6c-8457-34e96220011a
2024-02-22 20:33:41,617 [923be64f-71f4-4891-b05d-82ff5a9df5b5-groupManagement] INFO  ratis.ContainerStateMachine (ContainerStateMachine.java:loadSnapshot(287)) - group-97BB02909E0E: The snapshot info is null. Setting the last applied index to:(t:0, i:~)
2024-02-22 20:33:41,617 [923be64f-71f4-4891-b05d-82ff5a9df5b5-groupManagement] INFO  server.RaftServerConfigKeys (ConfUtils.java:logGet(46)) - raft.server.log.use.memory = false (default)
2024-02-22 20:33:41,617 [923be64f-71f4-4891-b05d-82ff5a9df5b5-groupManagement] INFO  server.RaftServerConfigKeys (ConfUtils.java:logGet(46)) - raft.server.log.purge.gap = 1000000 (custom)
2024-02-22 20:33:41,617 [923be64f-71f4-4891-b05d-82ff5a9df5b5-groupManagement] INFO  server.RaftServerConfigKeys (ConfUtils.java:logGet(46)) - raft.server.log.appender.buffer.byte-limit = 8388608 (custom)
2024-02-22 20:33:41,617 [923be64f-71f4-4891-b05d-82ff5a9df5b5-groupManagement] INFO  server.RaftServerConfigKeys (ConfUtils.java:logGet(46)) - raft.server.log.statemachine.data.read.timeout = 1000ms (default)
2024-02-22 20:33:41,618 [923be64f-71f4-4891-b05d-82ff5a9df5b5-groupManagement] INFO  server.RaftServerConfigKeys (ConfUtils.java:logGet(46)) - raft.server.log.purge.preservation.log.num = 0 (default)
2024-02-22 20:33:41,620 [EventQueue-OpenPipelineForHealthyPipelineSafeModeRule] INFO  safemode.SCMSafeModeManager (HealthyPipelineSafeModeRule.java:process(140)) - SCM in safe mode. Healthy pipelines reported count is 0, required healthy pipeline reported count is 1
2024-02-22 20:33:41,620 [EventQueue-OpenPipelineForHealthyPipelineSafeModeRule] INFO  safemode.SCMSafeModeManager (HealthyPipelineSafeModeRule.java:process(140)) - SCM in safe mode. Healthy pipelines reported count is 0, required healthy pipeline reported count is 1
2024-02-22 20:33:41,620 [923be64f-71f4-4891-b05d-82ff5a9df5b5-groupManagement] INFO  server.RaftServerConfigKeys (ConfUtils.java:logGet(46)) - raft.server.log.segment.size.max = 67108864 (custom)
2024-02-22 20:33:41,620 [923be64f-71f4-4891-b05d-82ff5a9df5b5-groupManagement] INFO  server.RaftServerConfigKeys (ConfUtils.java:logGet(46)) - raft.server.log.segment.cache.num.max = 2 (custom)
2024-02-22 20:33:41,620 [923be64f-71f4-4891-b05d-82ff5a9df5b5-groupManagement] INFO  server.RaftServerConfigKeys (ConfUtils.java:logGet(46)) - raft.server.log.segment.cache.size.max = 200MB (=209715200) (default)
2024-02-22 20:33:41,620 [923be64f-71f4-4891-b05d-82ff5a9df5b5-groupManagement] INFO  server.RaftServerConfigKeys (ConfUtils.java:logGet(46)) - raft.server.log.appender.buffer.byte-limit = 8388608 (custom)
2024-02-22 20:33:41,627 [4e8f68d6-fd98-4f77-87e3-715939181693-groupManagement] INFO  ratis.ContainerStateMachine (ContainerStateMachine.java:loadSnapshot(287)) - group-97BB02909E0E: The snapshot info is null. Setting the last applied index to:(t:0, i:~)
2024-02-22 20:33:41,627 [4e8f68d6-fd98-4f77-87e3-715939181693-groupManagement] INFO  server.RaftServerConfigKeys (ConfUtils.java:logGet(46)) - raft.server.log.use.memory = false (default)
2024-02-22 20:33:41,627 [4e8f68d6-fd98-4f77-87e3-715939181693-groupManagement] INFO  server.RaftServerConfigKeys (ConfUtils.java:logGet(46)) - raft.server.log.purge.gap = 1000000 (custom)
2024-02-22 20:33:41,627 [4e8f68d6-fd98-4f77-87e3-715939181693-groupManagement] INFO  server.RaftServerConfigKeys (ConfUtils.java:logGet(46)) - raft.server.log.appender.buffer.byte-limit = 8388608 (custom)
2024-02-22 20:33:41,627 [4e8f68d6-fd98-4f77-87e3-715939181693-groupManagement] INFO  server.RaftServerConfigKeys (ConfUtils.java:logGet(46)) - raft.server.log.statemachine.data.read.timeout = 1000ms (default)
2024-02-22 20:33:41,627 [4e8f68d6-fd98-4f77-87e3-715939181693-groupManagement] INFO  server.RaftServerConfigKeys (ConfUtils.java:logGet(46)) - raft.server.log.purge.preservation.log.num = 0 (default)
2024-02-22 20:33:41,628 [86ab988c-fa9c-425d-a1c6-9004ff7fd93d-groupManagement] INFO  util.AwaitToRun (AwaitToRun.java:start(81)) - Thread[86ab988c-fa9c-425d-a1c6-9004ff7fd93d@group-34E96220011A-cacheEviction-AwaitToRun,5,main] started
2024-02-22 20:33:41,628 [86ab988c-fa9c-425d-a1c6-9004ff7fd93d-groupManagement] INFO  segmented.SegmentedRaftLogWorker (SegmentedRaftLogWorker.java:<init>(182)) - new 86ab988c-fa9c-425d-a1c6-9004ff7fd93d@group-34E96220011A-SegmentedRaftLogWorker for RaftStorageImpl:Storage Directory /home/runner/work/ozone/ozone/hadoop-ozone/integration-test/target/test-dir/MiniOzoneClusterImpl-a0fc024b-a492-45a5-9697-b0d14f72cb5c/datanode-5/data/ratis/b7d85f91-fa2f-4c6c-8457-34e96220011a
2024-02-22 20:33:41,628 [86ab988c-fa9c-425d-a1c6-9004ff7fd93d-groupManagement] INFO  server.RaftServerConfigKeys (ConfUtils.java:logGet(46)) - raft.server.log.queue.byte-limit = 4294967296 (custom)
2024-02-22 20:33:41,628 [86ab988c-fa9c-425d-a1c6-9004ff7fd93d-groupManagement] INFO  server.RaftServerConfigKeys (ConfUtils.java:logGet(46)) - raft.server.log.queue.element-limit = 1024 (custom)
2024-02-22 20:33:41,628 [86ab988c-fa9c-425d-a1c6-9004ff7fd93d-groupManagement] INFO  server.RaftServerConfigKeys (ConfUtils.java:logGet(46)) - raft.server.log.segment.size.max = 67108864 (custom)
2024-02-22 20:33:41,628 [86ab988c-fa9c-425d-a1c6-9004ff7fd93d-groupManagement] INFO  server.RaftServerConfigKeys (ConfUtils.java:logGet(46)) - raft.server.log.preallocated.size = 4194304 (custom)
2024-02-22 20:33:41,628 [86ab988c-fa9c-425d-a1c6-9004ff7fd93d-groupManagement] INFO  server.RaftServerConfigKeys (ConfUtils.java:logGet(46)) - raft.server.log.force.sync.num = 128 (default)
2024-02-22 20:33:41,628 [86ab988c-fa9c-425d-a1c6-9004ff7fd93d-groupManagement] INFO  server.RaftServerConfigKeys (ConfUtils.java:logGet(46)) - raft.server.log.statemachine.data.sync = true (default)
2024-02-22 20:33:41,628 [86ab988c-fa9c-425d-a1c6-9004ff7fd93d-groupManagement] INFO  server.RaftServerConfigKeys (ConfUtils.java:logGet(46)) - raft.server.log.statemachine.data.sync.timeout = 10s (default)
2024-02-22 20:33:41,629 [86ab988c-fa9c-425d-a1c6-9004ff7fd93d-groupManagement] INFO  server.RaftServerConfigKeys (ConfUtils.java:logGet(46)) - raft.server.log.statemachine.data.sync.timeout.retry = 0 (custom)
2024-02-22 20:33:41,629 [EventQueue-OpenPipelineForHealthyPipelineSafeModeRule] INFO  safemode.SCMSafeModeManager (HealthyPipelineSafeModeRule.java:process(140)) - SCM in safe mode. Healthy pipelines reported count is 0, required healthy pipeline reported count is 1
2024-02-22 20:33:41,629 [EventQueue-OpenPipelineForHealthyPipelineSafeModeRule] INFO  safemode.SCMSafeModeManager (HealthyPipelineSafeModeRule.java:process(140)) - SCM in safe mode. Healthy pipelines reported count is 0, required healthy pipeline reported count is 1
2024-02-22 20:33:41,630 [86ab988c-fa9c-425d-a1c6-9004ff7fd93d-groupManagement] INFO  server.RaftServerConfigKeys (ConfUtils.java:logGet(46)) - raft.server.log.write.buffer.size = 8388616 (custom)
2024-02-22 20:33:41,630 [4e8f68d6-fd98-4f77-87e3-715939181693-groupManagement] INFO  server.RaftServerConfigKeys (ConfUtils.java:logGet(46)) - raft.server.log.segment.size.max = 67108864 (custom)
2024-02-22 20:33:41,631 [4e8f68d6-fd98-4f77-87e3-715939181693-groupManagement] INFO  server.RaftServerConfigKeys (ConfUtils.java:logGet(46)) - raft.server.log.segment.cache.num.max = 2 (custom)
2024-02-22 20:33:41,631 [4e8f68d6-fd98-4f77-87e3-715939181693-groupManagement] INFO  server.RaftServerConfigKeys (ConfUtils.java:logGet(46)) - raft.server.log.segment.cache.size.max = 200MB (=209715200) (default)
2024-02-22 20:33:41,631 [4e8f68d6-fd98-4f77-87e3-715939181693-groupManagement] INFO  server.RaftServerConfigKeys (ConfUtils.java:logGet(46)) - raft.server.log.appender.buffer.byte-limit = 8388608 (custom)
2024-02-22 20:33:41,631 [4e8f68d6-fd98-4f77-87e3-715939181693-groupManagement] INFO  util.AwaitToRun (AwaitToRun.java:start(81)) - Thread[4e8f68d6-fd98-4f77-87e3-715939181693@group-97BB02909E0E-cacheEviction-AwaitToRun,5,main] started
2024-02-22 20:33:41,631 [86ab988c-fa9c-425d-a1c6-9004ff7fd93d-groupManagement] INFO  server.RaftServerConfigKeys (ConfUtils.java:logGet(46)) - raft.server.log.appender.buffer.byte-limit = 8388608 (custom)
2024-02-22 20:33:41,631 [86ab988c-fa9c-425d-a1c6-9004ff7fd93d-groupManagement] INFO  server.RaftServerConfigKeys (ConfUtils.java:logGet(46)) - raft.server.log.unsafe-flush.enabled = false (default)
2024-02-22 20:33:41,631 [86ab988c-fa9c-425d-a1c6-9004ff7fd93d-groupManagement] INFO  server.RaftServerConfigKeys (ConfUtils.java:logGet(46)) - raft.server.log.async-flush.enabled = false (default)
2024-02-22 20:33:41,632 [86ab988c-fa9c-425d-a1c6-9004ff7fd93d-groupManagement] INFO  server.RaftServerConfigKeys (ConfUtils.java:logGet(46)) - raft.server.log.statemachine.data.caching.enabled = true (custom)
2024-02-22 20:33:41,631 [4e8f68d6-fd98-4f77-87e3-715939181693-groupManagement] INFO  segmented.SegmentedRaftLogWorker (SegmentedRaftLogWorker.java:<init>(182)) - new 4e8f68d6-fd98-4f77-87e3-715939181693@group-97BB02909E0E-SegmentedRaftLogWorker for RaftStorageImpl:Storage Directory /home/runner/work/ozone/ozone/hadoop-ozone/integration-test/target/test-dir/MiniOzoneClusterImpl-a0fc024b-a492-45a5-9697-b0d14f72cb5c/datanode-3/data/ratis/d9165cc6-fdfc-42ee-9f98-97bb02909e0e
2024-02-22 20:33:41,632 [4e8f68d6-fd98-4f77-87e3-715939181693-groupManagement] INFO  server.RaftServerConfigKeys (ConfUtils.java:logGet(46)) - raft.server.log.queue.byte-limit = 4294967296 (custom)
2024-02-22 20:33:41,632 [4e8f68d6-fd98-4f77-87e3-715939181693-groupManagement] INFO  server.RaftServerConfigKeys (ConfUtils.java:logGet(46)) - raft.server.log.queue.element-limit = 1024 (custom)
2024-02-22 20:33:41,632 [4e8f68d6-fd98-4f77-87e3-715939181693-groupManagement] INFO  server.RaftServerConfigKeys (ConfUtils.java:logGet(46)) - raft.server.log.segment.size.max = 67108864 (custom)
2024-02-22 20:33:41,632 [4e8f68d6-fd98-4f77-87e3-715939181693-groupManagement] INFO  server.RaftServerConfigKeys (ConfUtils.java:logGet(46)) - raft.server.log.preallocated.size = 4194304 (custom)
2024-02-22 20:33:41,632 [4e8f68d6-fd98-4f77-87e3-715939181693-groupManagement] INFO  server.RaftServerConfigKeys (ConfUtils.java:logGet(46)) - raft.server.log.force.sync.num = 128 (default)
2024-02-22 20:33:41,632 [4e8f68d6-fd98-4f77-87e3-715939181693-groupManagement] INFO  server.RaftServerConfigKeys (ConfUtils.java:logGet(46)) - raft.server.log.statemachine.data.sync = true (default)
2024-02-22 20:33:41,632 [4e8f68d6-fd98-4f77-87e3-715939181693-groupManagement] INFO  server.RaftServerConfigKeys (ConfUtils.java:logGet(46)) - raft.server.log.statemachine.data.sync.timeout = 10s (default)
2024-02-22 20:33:41,632 [4e8f68d6-fd98-4f77-87e3-715939181693-groupManagement] INFO  server.RaftServerConfigKeys (ConfUtils.java:logGet(46)) - raft.server.log.statemachine.data.sync.timeout.retry = 0 (custom)
2024-02-22 20:33:41,632 [86ab988c-fa9c-425d-a1c6-9004ff7fd93d-groupManagement] INFO  segmented.SegmentedRaftLogWorker (SegmentedRaftLogWorker.java:lambda$new$0(134)) - 86ab988c-fa9c-425d-a1c6-9004ff7fd93d@group-34E96220011A-SegmentedRaftLogWorker: flushIndex: setUnconditionally 0 -> -1
2024-02-22 20:33:41,632 [86ab988c-fa9c-425d-a1c6-9004ff7fd93d-groupManagement] INFO  segmented.SegmentedRaftLogWorker (SegmentedRaftLogWorker.java:lambda$new$0(134)) - 86ab988c-fa9c-425d-a1c6-9004ff7fd93d@group-34E96220011A-SegmentedRaftLogWorker: safeCacheEvictIndex: setUnconditionally 0 -> -1
2024-02-22 20:33:41,633 [4e8f68d6-fd98-4f77-87e3-715939181693-groupManagement] INFO  server.RaftServerConfigKeys (ConfUtils.java:logGet(46)) - raft.server.log.write.buffer.size = 8388616 (custom)
2024-02-22 20:33:41,633 [86ab988c-fa9c-425d-a1c6-9004ff7fd93d-groupManagement] INFO  server.RaftServer$Division (RaftServerImpl.java:start(396)) - 86ab988c-fa9c-425d-a1c6-9004ff7fd93d@group-34E96220011A: start as a follower, conf=-1: peers:[86ab988c-fa9c-425d-a1c6-9004ff7fd93d|10.1.0.33:15059, c30fedce-f286-40e0-881d-3d5a9a6e2463|10.1.0.33:15068, dc26353c-d48a-467d-89cd-3a7c4b626396|10.1.0.33:15050]|listeners:[], old=null
2024-02-22 20:33:41,634 [86ab988c-fa9c-425d-a1c6-9004ff7fd93d-groupManagement] INFO  server.RaftServer$Division (RaftServerImpl.java:setRole(383)) - 86ab988c-fa9c-425d-a1c6-9004ff7fd93d@group-34E96220011A: changes role from      null to FOLLOWER at term 0 for startAsFollower
2024-02-22 20:33:41,634 [86ab988c-fa9c-425d-a1c6-9004ff7fd93d-groupManagement] INFO  impl.RoleInfo (RoleInfo.java:updateAndGet(139)) - 86ab988c-fa9c-425d-a1c6-9004ff7fd93d: start 86ab988c-fa9c-425d-a1c6-9004ff7fd93d@group-34E96220011A-FollowerState
2024-02-22 20:33:41,634 [86ab988c-fa9c-425d-a1c6-9004ff7fd93d-groupManagement] INFO  util.JmxRegister (JmxRegister.java:tryRegister(44)) - Successfully registered JMX Bean with object name Ratis:service=RaftServer,group=group-34E96220011A,id=86ab988c-fa9c-425d-a1c6-9004ff7fd93d
2024-02-22 20:33:41,634 [86ab988c-fa9c-425d-a1c6-9004ff7fd93d-groupManagement] INFO  server.RaftServerConfigKeys (ConfUtils.java:logGet(46)) - raft.server.snapshot.trigger-when-stop.enabled = true (default)
2024-02-22 20:33:41,634 [86ab988c-fa9c-425d-a1c6-9004ff7fd93d-groupManagement] INFO  server.RaftServerConfigKeys (ConfUtils.java:logGet(46)) - raft.server.snapshot.auto.trigger.enabled = true (custom)
2024-02-22 20:33:41,634 [86ab988c-fa9c-425d-a1c6-9004ff7fd93d-groupManagement] INFO  server.RaftServerConfigKeys (ConfUtils.java:logGet(46)) - raft.server.snapshot.auto.trigger.threshold = 10000 (custom)
2024-02-22 20:33:41,634 [86ab988c-fa9c-425d-a1c6-9004ff7fd93d-groupManagement] INFO  server.RaftServerConfigKeys (ConfUtils.java:logGet(46)) - raft.server.snapshot.retention.file.num = 5 (custom)
2024-02-22 20:33:41,634 [86ab988c-fa9c-425d-a1c6-9004ff7fd93d-groupManagement] INFO  server.RaftServerConfigKeys (ConfUtils.java:logGet(46)) - raft.server.log.purge.upto.snapshot.index = false (default)
2024-02-22 20:33:41,634 [4e8f68d6-fd98-4f77-87e3-715939181693-groupManagement] INFO  server.RaftServerConfigKeys (ConfUtils.java:logGet(46)) - raft.server.log.appender.buffer.byte-limit = 8388608 (custom)
2024-02-22 20:33:41,634 [4e8f68d6-fd98-4f77-87e3-715939181693-groupManagement] INFO  server.RaftServerConfigKeys (ConfUtils.java:logGet(46)) - raft.server.log.unsafe-flush.enabled = false (default)
2024-02-22 20:33:41,635 [4e8f68d6-fd98-4f77-87e3-715939181693-groupManagement] INFO  server.RaftServerConfigKeys (ConfUtils.java:logGet(46)) - raft.server.log.async-flush.enabled = false (default)
2024-02-22 20:33:41,635 [4e8f68d6-fd98-4f77-87e3-715939181693-groupManagement] INFO  server.RaftServerConfigKeys (ConfUtils.java:logGet(46)) - raft.server.log.statemachine.data.caching.enabled = true (custom)
2024-02-22 20:33:41,635 [86ab988c-fa9c-425d-a1c6-9004ff7fd93d@group-34E96220011A-FollowerState] INFO  server.RaftServerConfigKeys (ConfUtils.java:logFallback(53)) - raft.server.rpc.first-election.timeout.min = 5s (fallback to raft.server.rpc.timeout.min)
2024-02-22 20:33:41,635 [86ab988c-fa9c-425d-a1c6-9004ff7fd93d@group-34E96220011A-FollowerState] INFO  server.RaftServerConfigKeys (ConfUtils.java:logFallback(53)) - raft.server.rpc.first-election.timeout.max = 5200ms (fallback to raft.server.rpc.timeout.max)
2024-02-22 20:33:41,635 [4e8f68d6-fd98-4f77-87e3-715939181693-groupManagement] INFO  segmented.SegmentedRaftLogWorker (SegmentedRaftLogWorker.java:lambda$new$0(134)) - 4e8f68d6-fd98-4f77-87e3-715939181693@group-97BB02909E0E-SegmentedRaftLogWorker: flushIndex: setUnconditionally 0 -> -1
2024-02-22 20:33:41,635 [4e8f68d6-fd98-4f77-87e3-715939181693-groupManagement] INFO  segmented.SegmentedRaftLogWorker (SegmentedRaftLogWorker.java:lambda$new$0(134)) - 4e8f68d6-fd98-4f77-87e3-715939181693@group-97BB02909E0E-SegmentedRaftLogWorker: safeCacheEvictIndex: setUnconditionally 0 -> -1
2024-02-22 20:33:41,635 [86ab988c-fa9c-425d-a1c6-9004ff7fd93d-PipelineCommandHandlerThread-0] INFO  ratis.XceiverServerRatis (XceiverServerRatis.java:addGroup(864)) - Created group PipelineID=b7d85f91-fa2f-4c6c-8457-34e96220011a
2024-02-22 20:33:41,636 [923be64f-71f4-4891-b05d-82ff5a9df5b5-groupManagement] INFO  util.AwaitToRun (AwaitToRun.java:start(81)) - Thread[923be64f-71f4-4891-b05d-82ff5a9df5b5@group-97BB02909E0E-cacheEviction-AwaitToRun,5,main] started
2024-02-22 20:33:41,636 [923be64f-71f4-4891-b05d-82ff5a9df5b5-groupManagement] INFO  segmented.SegmentedRaftLogWorker (SegmentedRaftLogWorker.java:<init>(182)) - new 923be64f-71f4-4891-b05d-82ff5a9df5b5@group-97BB02909E0E-SegmentedRaftLogWorker for RaftStorageImpl:Storage Directory /home/runner/work/ozone/ozone/hadoop-ozone/integration-test/target/test-dir/MiniOzoneClusterImpl-a0fc024b-a492-45a5-9697-b0d14f72cb5c/datanode-1/data/ratis/d9165cc6-fdfc-42ee-9f98-97bb02909e0e
2024-02-22 20:33:41,636 [923be64f-71f4-4891-b05d-82ff5a9df5b5-groupManagement] INFO  server.RaftServerConfigKeys (ConfUtils.java:logGet(46)) - raft.server.log.queue.byte-limit = 4294967296 (custom)
2024-02-22 20:33:41,636 [923be64f-71f4-4891-b05d-82ff5a9df5b5-groupManagement] INFO  server.RaftServerConfigKeys (ConfUtils.java:logGet(46)) - raft.server.log.queue.element-limit = 1024 (custom)
2024-02-22 20:33:41,636 [923be64f-71f4-4891-b05d-82ff5a9df5b5-groupManagement] INFO  server.RaftServerConfigKeys (ConfUtils.java:logGet(46)) - raft.server.log.segment.size.max = 67108864 (custom)
2024-02-22 20:33:41,636 [923be64f-71f4-4891-b05d-82ff5a9df5b5-groupManagement] INFO  server.RaftServerConfigKeys (ConfUtils.java:logGet(46)) - raft.server.log.preallocated.size = 4194304 (custom)
2024-02-22 20:33:41,636 [923be64f-71f4-4891-b05d-82ff5a9df5b5-groupManagement] INFO  server.RaftServerConfigKeys (ConfUtils.java:logGet(46)) - raft.server.log.force.sync.num = 128 (default)
2024-02-22 20:33:41,637 [923be64f-71f4-4891-b05d-82ff5a9df5b5-groupManagement] INFO  server.RaftServerConfigKeys (ConfUtils.java:logGet(46)) - raft.server.log.statemachine.data.sync = true (default)
2024-02-22 20:33:41,637 [923be64f-71f4-4891-b05d-82ff5a9df5b5-groupManagement] INFO  server.RaftServerConfigKeys (ConfUtils.java:logGet(46)) - raft.server.log.statemachine.data.sync.timeout = 10s (default)
2024-02-22 20:33:41,637 [923be64f-71f4-4891-b05d-82ff5a9df5b5-groupManagement] INFO  server.RaftServerConfigKeys (ConfUtils.java:logGet(46)) - raft.server.log.statemachine.data.sync.timeout.retry = 0 (custom)
2024-02-22 20:33:41,637 [923be64f-71f4-4891-b05d-82ff5a9df5b5-groupManagement] INFO  server.RaftServerConfigKeys (ConfUtils.java:logGet(46)) - raft.server.log.write.buffer.size = 8388616 (custom)
2024-02-22 20:33:41,638 [923be64f-71f4-4891-b05d-82ff5a9df5b5-groupManagement] INFO  server.RaftServerConfigKeys (ConfUtils.java:logGet(46)) - raft.server.log.appender.buffer.byte-limit = 8388608 (custom)
2024-02-22 20:33:41,638 [923be64f-71f4-4891-b05d-82ff5a9df5b5-groupManagement] INFO  server.RaftServerConfigKeys (ConfUtils.java:logGet(46)) - raft.server.log.unsafe-flush.enabled = false (default)
2024-02-22 20:33:41,638 [923be64f-71f4-4891-b05d-82ff5a9df5b5-groupManagement] INFO  server.RaftServerConfigKeys (ConfUtils.java:logGet(46)) - raft.server.log.async-flush.enabled = false (default)
2024-02-22 20:33:41,639 [923be64f-71f4-4891-b05d-82ff5a9df5b5-groupManagement] INFO  server.RaftServerConfigKeys (ConfUtils.java:logGet(46)) - raft.server.log.statemachine.data.caching.enabled = true (custom)
2024-02-22 20:33:41,639 [923be64f-71f4-4891-b05d-82ff5a9df5b5-groupManagement] INFO  segmented.SegmentedRaftLogWorker (SegmentedRaftLogWorker.java:lambda$new$0(134)) - 923be64f-71f4-4891-b05d-82ff5a9df5b5@group-97BB02909E0E-SegmentedRaftLogWorker: flushIndex: setUnconditionally 0 -> -1
2024-02-22 20:33:41,639 [923be64f-71f4-4891-b05d-82ff5a9df5b5-groupManagement] INFO  segmented.SegmentedRaftLogWorker (SegmentedRaftLogWorker.java:lambda$new$0(134)) - 923be64f-71f4-4891-b05d-82ff5a9df5b5@group-97BB02909E0E-SegmentedRaftLogWorker: safeCacheEvictIndex: setUnconditionally 0 -> -1
2024-02-22 20:33:41,639 [923be64f-71f4-4891-b05d-82ff5a9df5b5-groupManagement] INFO  server.RaftServer$Division (RaftServerImpl.java:start(396)) - 923be64f-71f4-4891-b05d-82ff5a9df5b5@group-97BB02909E0E: start as a follower, conf=-1: peers:[923be64f-71f4-4891-b05d-82ff5a9df5b5|10.1.0.33:15023, d25dc3b0-28fc-4383-b1a0-617845025f41|10.1.0.33:15032, 4e8f68d6-fd98-4f77-87e3-715939181693|10.1.0.33:15041]|listeners:[], old=null
2024-02-22 20:33:41,639 [923be64f-71f4-4891-b05d-82ff5a9df5b5-groupManagement] INFO  server.RaftServer$Division (RaftServerImpl.java:setRole(383)) - 923be64f-71f4-4891-b05d-82ff5a9df5b5@group-97BB02909E0E: changes role from      null to FOLLOWER at term 0 for startAsFollower
2024-02-22 20:33:41,639 [923be64f-71f4-4891-b05d-82ff5a9df5b5-groupManagement] INFO  impl.RoleInfo (RoleInfo.java:updateAndGet(139)) - 923be64f-71f4-4891-b05d-82ff5a9df5b5: start 923be64f-71f4-4891-b05d-82ff5a9df5b5@group-97BB02909E0E-FollowerState
2024-02-22 20:33:41,642 [923be64f-71f4-4891-b05d-82ff5a9df5b5-groupManagement] INFO  util.JmxRegister (JmxRegister.java:tryRegister(44)) - Successfully registered JMX Bean with object name Ratis:service=RaftServer,group=group-97BB02909E0E,id=923be64f-71f4-4891-b05d-82ff5a9df5b5
2024-02-22 20:33:41,642 [923be64f-71f4-4891-b05d-82ff5a9df5b5-groupManagement] INFO  server.RaftServerConfigKeys (ConfUtils.java:logGet(46)) - raft.server.snapshot.trigger-when-stop.enabled = true (default)
2024-02-22 20:33:41,642 [923be64f-71f4-4891-b05d-82ff5a9df5b5-groupManagement] INFO  server.RaftServerConfigKeys (ConfUtils.java:logGet(46)) - raft.server.snapshot.auto.trigger.enabled = true (custom)
2024-02-22 20:33:41,642 [923be64f-71f4-4891-b05d-82ff5a9df5b5-groupManagement] INFO  server.RaftServerConfigKeys (ConfUtils.java:logGet(46)) - raft.server.snapshot.auto.trigger.threshold = 10000 (custom)
2024-02-22 20:33:41,642 [923be64f-71f4-4891-b05d-82ff5a9df5b5-groupManagement] INFO  server.RaftServerConfigKeys (ConfUtils.java:logGet(46)) - raft.server.snapshot.retention.file.num = 5 (custom)
2024-02-22 20:33:41,642 [923be64f-71f4-4891-b05d-82ff5a9df5b5-groupManagement] INFO  server.RaftServerConfigKeys (ConfUtils.java:logGet(46)) - raft.server.log.purge.upto.snapshot.index = false (default)
2024-02-22 20:33:41,643 [923be64f-71f4-4891-b05d-82ff5a9df5b5-PipelineCommandHandlerThread-0] INFO  ratis.XceiverServerRatis (XceiverServerRatis.java:addGroup(864)) - Created group PipelineID=d9165cc6-fdfc-42ee-9f98-97bb02909e0e
2024-02-22 20:33:41,644 [923be64f-71f4-4891-b05d-82ff5a9df5b5@group-97BB02909E0E-FollowerState] INFO  server.RaftServerConfigKeys (ConfUtils.java:logFallback(53)) - raft.server.rpc.first-election.timeout.min = 5s (fallback to raft.server.rpc.timeout.min)
2024-02-22 20:33:41,648 [923be64f-71f4-4891-b05d-82ff5a9df5b5@group-97BB02909E0E-FollowerState] INFO  server.RaftServerConfigKeys (ConfUtils.java:logFallback(53)) - raft.server.rpc.first-election.timeout.max = 5200ms (fallback to raft.server.rpc.timeout.max)
2024-02-22 20:33:41,647 [c30fedce-f286-40e0-881d-3d5a9a6e2463-groupManagement] INFO  server.RaftServerConfigKeys (ConfUtils.java:logGet(46)) - raft.server.storage.free-space.min = 0MB (=0) (default)
2024-02-22 20:33:41,648 [c30fedce-f286-40e0-881d-3d5a9a6e2463-groupManagement] INFO  server.RaftServerConfigKeys (ConfUtils.java:logGet(46)) - raft.server.log.corruption.policy = EXCEPTION (default)
2024-02-22 20:33:41,649 [c30fedce-f286-40e0-881d-3d5a9a6e2463-groupManagement] INFO  server.RaftServerConfigKeys (ConfUtils.java:logGet(46)) - raft.server.storage.dir = [/home/runner/work/ozone/ozone/hadoop-ozone/integration-test/target/test-dir/MiniOzoneClusterImpl-a0fc024b-a492-45a5-9697-b0d14f72cb5c/datanode-6/data/ratis] (custom)
2024-02-22 20:33:41,649 [c30fedce-f286-40e0-881d-3d5a9a6e2463-groupManagement] INFO  storage.RaftStorageDirectory (RaftStorageDirectoryImpl.java:analyzeStorage(138)) - The storage directory /home/runner/work/ozone/ozone/hadoop-ozone/integration-test/target/test-dir/MiniOzoneClusterImpl-a0fc024b-a492-45a5-9697-b0d14f72cb5c/datanode-6/data/ratis/b7d85f91-fa2f-4c6c-8457-34e96220011a does not exist. Creating ...
2024-02-22 20:33:41,650 [4e8f68d6-fd98-4f77-87e3-715939181693-groupManagement] INFO  server.RaftServer$Division (RaftServerImpl.java:start(396)) - 4e8f68d6-fd98-4f77-87e3-715939181693@group-97BB02909E0E: start as a follower, conf=-1: peers:[923be64f-71f4-4891-b05d-82ff5a9df5b5|10.1.0.33:15023, d25dc3b0-28fc-4383-b1a0-617845025f41|10.1.0.33:15032, 4e8f68d6-fd98-4f77-87e3-715939181693|10.1.0.33:15041]|listeners:[], old=null
2024-02-22 20:33:41,650 [4e8f68d6-fd98-4f77-87e3-715939181693-groupManagement] INFO  server.RaftServer$Division (RaftServerImpl.java:setRole(383)) - 4e8f68d6-fd98-4f77-87e3-715939181693@group-97BB02909E0E: changes role from      null to FOLLOWER at term 0 for startAsFollower
2024-02-22 20:33:41,650 [4e8f68d6-fd98-4f77-87e3-715939181693-groupManagement] INFO  impl.RoleInfo (RoleInfo.java:updateAndGet(139)) - 4e8f68d6-fd98-4f77-87e3-715939181693: start 4e8f68d6-fd98-4f77-87e3-715939181693@group-97BB02909E0E-FollowerState
2024-02-22 20:33:41,651 [4e8f68d6-fd98-4f77-87e3-715939181693-groupManagement] INFO  util.JmxRegister (JmxRegister.java:tryRegister(44)) - Successfully registered JMX Bean with object name Ratis:service=RaftServer,group=group-97BB02909E0E,id=4e8f68d6-fd98-4f77-87e3-715939181693
2024-02-22 20:33:41,651 [4e8f68d6-fd98-4f77-87e3-715939181693-groupManagement] INFO  server.RaftServerConfigKeys (ConfUtils.java:logGet(46)) - raft.server.snapshot.trigger-when-stop.enabled = true (default)
2024-02-22 20:33:41,651 [4e8f68d6-fd98-4f77-87e3-715939181693-groupManagement] INFO  server.RaftServerConfigKeys (ConfUtils.java:logGet(46)) - raft.server.snapshot.auto.trigger.enabled = true (custom)
2024-02-22 20:33:41,651 [4e8f68d6-fd98-4f77-87e3-715939181693-groupManagement] INFO  server.RaftServerConfigKeys (ConfUtils.java:logGet(46)) - raft.server.snapshot.auto.trigger.threshold = 10000 (custom)
2024-02-22 20:33:41,651 [4e8f68d6-fd98-4f77-87e3-715939181693-groupManagement] INFO  server.RaftServerConfigKeys (ConfUtils.java:logGet(46)) - raft.server.snapshot.retention.file.num = 5 (custom)
2024-02-22 20:33:41,651 [4e8f68d6-fd98-4f77-87e3-715939181693-groupManagement] INFO  server.RaftServerConfigKeys (ConfUtils.java:logGet(46)) - raft.server.log.purge.upto.snapshot.index = false (default)
2024-02-22 20:33:41,651 [c30fedce-f286-40e0-881d-3d5a9a6e2463-groupManagement] INFO  storage.RaftStorageDirectory (RaftStorageDirectoryImpl.java:tryLock(228)) - Lock on /home/runner/work/ozone/ozone/hadoop-ozone/integration-test/target/test-dir/MiniOzoneClusterImpl-a0fc024b-a492-45a5-9697-b0d14f72cb5c/datanode-6/data/ratis/b7d85f91-fa2f-4c6c-8457-34e96220011a/in_use.lock acquired by nodename 30552@fv-az779-213
2024-02-22 20:33:41,652 [4e8f68d6-fd98-4f77-87e3-715939181693@group-97BB02909E0E-FollowerState] INFO  server.RaftServerConfigKeys (ConfUtils.java:logFallback(53)) - raft.server.rpc.first-election.timeout.min = 5s (fallback to raft.server.rpc.timeout.min)
2024-02-22 20:33:41,652 [4e8f68d6-fd98-4f77-87e3-715939181693@group-97BB02909E0E-FollowerState] INFO  server.RaftServerConfigKeys (ConfUtils.java:logFallback(53)) - raft.server.rpc.first-election.timeout.max = 5200ms (fallback to raft.server.rpc.timeout.max)
2024-02-22 20:33:41,653 [4e8f68d6-fd98-4f77-87e3-715939181693-PipelineCommandHandlerThread-0] INFO  ratis.XceiverServerRatis (XceiverServerRatis.java:addGroup(864)) - Created group PipelineID=d9165cc6-fdfc-42ee-9f98-97bb02909e0e
2024-02-22 20:33:41,654 [c30fedce-f286-40e0-881d-3d5a9a6e2463-groupManagement] INFO  storage.RaftStorage (RaftStorageImpl.java:format(99)) - Storage directory /home/runner/work/ozone/ozone/hadoop-ozone/integration-test/target/test-dir/MiniOzoneClusterImpl-a0fc024b-a492-45a5-9697-b0d14f72cb5c/datanode-6/data/ratis/b7d85f91-fa2f-4c6c-8457-34e96220011a has been successfully formatted.
2024-02-22 20:33:41,654 [c30fedce-f286-40e0-881d-3d5a9a6e2463-groupManagement] WARN  util.FileUtils (LogUtils.java:supplyAndLog(63)) - Failed to Files.newInputStream /home/runner/work/ozone/ozone/hadoop-ozone/integration-test/target/test-dir/MiniOzoneClusterImpl-a0fc024b-a492-45a5-9697-b0d14f72cb5c/datanode-6/data/ratis/b7d85f91-fa2f-4c6c-8457-34e96220011a/current/raft-meta.conf with options []: java.nio.file.NoSuchFileException: /home/runner/work/ozone/ozone/hadoop-ozone/integration-test/target/test-dir/MiniOzoneClusterImpl-a0fc024b-a492-45a5-9697-b0d14f72cb5c/datanode-6/data/ratis/b7d85f91-fa2f-4c6c-8457-34e96220011a/current/raft-meta.conf
2024-02-22 20:33:41,657 [78f89d9b-e409-4704-890b-bfcfbcdfd28a-PipelineCommandHandlerThread-0] INFO  ratis.XceiverServerRatis (XceiverServerRatis.java:addGroup(864)) - Created group PipelineID=059125b3-e2f6-4b31-98e7-17bc54520ce5
2024-02-22 20:33:41,657 [78f89d9b-e409-4704-890b-bfcfbcdfd28a-PipelineCommandHandlerThread-0] INFO  commandhandler.CreatePipelineCommandHandler (CreatePipelineCommandHandler.java:lambda$handle$2(124)) - Created Pipeline RATIS ONE PipelineID=059125b3-e2f6-4b31-98e7-17bc54520ce5.
2024-02-22 20:33:41,657 [78f89d9b-e409-4704-890b-bfcfbcdfd28a-PipelineCommandHandlerThread-0] INFO  server.RaftServer (RaftServerProxy.java:addNew(100)) - 78f89d9b-e409-4704-890b-bfcfbcdfd28a: addNew group-B62AC99FA1E0:[78f89d9b-e409-4704-890b-bfcfbcdfd28a|10.1.0.33:15086, e780b093-7242-46d7-bd8f-0f810188c7b3|10.1.0.33:15095, 13f92446-3b18-4d81-bc66-0f9b00220e72|10.1.0.33:15077] returns group-B62AC99FA1E0:java.util.concurrent.CompletableFuture@468cea80[Not completed]
2024-02-22 20:33:41,659 [c30fedce-f286-40e0-881d-3d5a9a6e2463-groupManagement] INFO  ratis.ContainerStateMachine (ContainerStateMachine.java:loadSnapshot(287)) - group-34E96220011A: The snapshot info is null. Setting the last applied index to:(t:0, i:~)
2024-02-22 20:33:41,659 [c30fedce-f286-40e0-881d-3d5a9a6e2463-groupManagement] INFO  server.RaftServerConfigKeys (ConfUtils.java:logGet(46)) - raft.server.log.use.memory = false (default)
2024-02-22 20:33:41,659 [c30fedce-f286-40e0-881d-3d5a9a6e2463-groupManagement] INFO  server.RaftServerConfigKeys (ConfUtils.java:logGet(46)) - raft.server.log.purge.gap = 1000000 (custom)
2024-02-22 20:33:41,659 [c30fedce-f286-40e0-881d-3d5a9a6e2463-groupManagement] INFO  server.RaftServerConfigKeys (ConfUtils.java:logGet(46)) - raft.server.log.appender.buffer.byte-limit = 8388608 (custom)
2024-02-22 20:33:41,660 [c30fedce-f286-40e0-881d-3d5a9a6e2463-groupManagement] INFO  server.RaftServerConfigKeys (ConfUtils.java:logGet(46)) - raft.server.log.statemachine.data.read.timeout = 1000ms (default)
2024-02-22 20:33:41,660 [c30fedce-f286-40e0-881d-3d5a9a6e2463-groupManagement] INFO  server.RaftServerConfigKeys (ConfUtils.java:logGet(46)) - raft.server.log.purge.preservation.log.num = 0 (default)
2024-02-22 20:33:41,661 [EventQueue-OpenPipelineForHealthyPipelineSafeModeRule] INFO  safemode.SCMSafeModeManager (HealthyPipelineSafeModeRule.java:process(140)) - SCM in safe mode. Healthy pipelines reported count is 0, required healthy pipeline reported count is 1
2024-02-22 20:33:41,661 [EventQueue-OpenPipelineForHealthyPipelineSafeModeRule] INFO  safemode.SCMSafeModeManager (HealthyPipelineSafeModeRule.java:process(140)) - SCM in safe mode. Healthy pipelines reported count is 0, required healthy pipeline reported count is 1
2024-02-22 20:33:41,661 [c30fedce-f286-40e0-881d-3d5a9a6e2463-groupManagement] INFO  server.RaftServerConfigKeys (ConfUtils.java:logGet(46)) - raft.server.log.segment.size.max = 67108864 (custom)
2024-02-22 20:33:41,662 [c30fedce-f286-40e0-881d-3d5a9a6e2463-groupManagement] INFO  server.RaftServerConfigKeys (ConfUtils.java:logGet(46)) - raft.server.log.segment.cache.num.max = 2 (custom)
2024-02-22 20:33:41,662 [c30fedce-f286-40e0-881d-3d5a9a6e2463-groupManagement] INFO  server.RaftServerConfigKeys (ConfUtils.java:logGet(46)) - raft.server.log.segment.cache.size.max = 200MB (=209715200) (default)
2024-02-22 20:33:41,662 [c30fedce-f286-40e0-881d-3d5a9a6e2463-groupManagement] INFO  server.RaftServerConfigKeys (ConfUtils.java:logGet(46)) - raft.server.log.appender.buffer.byte-limit = 8388608 (custom)
2024-02-22 20:33:41,662 [d25dc3b0-28fc-4383-b1a0-617845025f41-PipelineCommandHandlerThread-0] INFO  commandhandler.CreatePipelineCommandHandler (CreatePipelineCommandHandler.java:lambda$handle$2(124)) - Created Pipeline RATIS THREE PipelineID=d9165cc6-fdfc-42ee-9f98-97bb02909e0e.
2024-02-22 20:33:41,663 [d25dc3b0-28fc-4383-b1a0-617845025f41-PipelineCommandHandlerThread-0] INFO  server.RaftServer (RaftServerProxy.java:addNew(100)) - d25dc3b0-28fc-4383-b1a0-617845025f41: addNew group-C11F3E838557:[e46a6e51-795f-4801-a523-c45a6c7f2c34|10.1.0.33:15014, d25dc3b0-28fc-4383-b1a0-617845025f41|10.1.0.33:15032, 4e8f68d6-fd98-4f77-87e3-715939181693|10.1.0.33:15041] returns group-C11F3E838557:java.util.concurrent.CompletableFuture@6c7c1627[Not completed]
2024-02-22 20:33:41,664 [d25dc3b0-28fc-4383-b1a0-617845025f41-groupManagement] INFO  server.RaftServer$Division (RaftServerImpl.java:<init>(256)) - d25dc3b0-28fc-4383-b1a0-617845025f41: new RaftServerImpl for group-C11F3E838557:[e46a6e51-795f-4801-a523-c45a6c7f2c34|10.1.0.33:15014, d25dc3b0-28fc-4383-b1a0-617845025f41|10.1.0.33:15032, 4e8f68d6-fd98-4f77-87e3-715939181693|10.1.0.33:15041] with ContainerStateMachine:uninitialized
2024-02-22 20:33:41,664 [d25dc3b0-28fc-4383-b1a0-617845025f41-groupManagement] INFO  server.RaftServerConfigKeys (ConfUtils.java:logGet(46)) - raft.server.rpc.timeout.min = 5s (custom)
2024-02-22 20:33:41,664 [d25dc3b0-28fc-4383-b1a0-617845025f41-groupManagement] INFO  server.RaftServerConfigKeys (ConfUtils.java:logGet(46)) - raft.server.rpc.timeout.max = 5200ms (custom)
2024-02-22 20:33:41,664 [d25dc3b0-28fc-4383-b1a0-617845025f41-groupManagement] INFO  server.RaftServerConfigKeys (ConfUtils.java:logGet(46)) - raft.server.rpc.sleep.time = 25ms (default)
2024-02-22 20:33:41,664 [d25dc3b0-28fc-4383-b1a0-617845025f41-groupManagement] INFO  server.RaftServerConfigKeys (ConfUtils.java:logGet(46)) - raft.server.rpc.slowness.timeout = 300s (custom)
2024-02-22 20:33:41,664 [d25dc3b0-28fc-4383-b1a0-617845025f41-groupManagement] INFO  server.RaftServerConfigKeys (ConfUtils.java:logGet(46)) - raft.server.leaderelection.leader.step-down.wait-time = 10s (default)
2024-02-22 20:33:41,664 [d25dc3b0-28fc-4383-b1a0-617845025f41-groupManagement] INFO  server.RaftServerConfigKeys (ConfUtils.java:logGet(46)) - raft.server.leaderelection.member.majority-add = false (default)
2024-02-22 20:33:41,664 [d25dc3b0-28fc-4383-b1a0-617845025f41-groupManagement] INFO  server.RaftServerConfigKeys (ConfUtils.java:logGet(46)) - raft.server.sleep.deviation.threshold = 300ms (default)
2024-02-22 20:33:41,664 [d25dc3b0-28fc-4383-b1a0-617845025f41-groupManagement] INFO  server.RaftServer$Division (ServerState.java:<init>(113)) - d25dc3b0-28fc-4383-b1a0-617845025f41@group-C11F3E838557: ConfigurationManager, init=-1: peers:[e46a6e51-795f-4801-a523-c45a6c7f2c34|10.1.0.33:15014, d25dc3b0-28fc-4383-b1a0-617845025f41|10.1.0.33:15032, 4e8f68d6-fd98-4f77-87e3-715939181693|10.1.0.33:15041]|listeners:[], old=null, confs=<EMPTY_MAP>
2024-02-22 20:33:41,664 [d25dc3b0-28fc-4383-b1a0-617845025f41-groupManagement] INFO  server.RaftServerConfigKeys (ConfUtils.java:logGet(46)) - raft.server.notification.no-leader.timeout = 300s (custom)
2024-02-22 20:33:41,664 [d25dc3b0-28fc-4383-b1a0-617845025f41-groupManagement] INFO  server.RaftServerConfigKeys (ConfUtils.java:logGet(46)) - raft.server.read.timeout = 10s (default)
2024-02-22 20:33:41,664 [d25dc3b0-28fc-4383-b1a0-617845025f41-groupManagement] INFO  server.RaftServerConfigKeys (ConfUtils.java:logGet(46)) - raft.server.retrycache.expirytime = 600000ms (custom)
2024-02-22 20:33:41,665 [d25dc3b0-28fc-4383-b1a0-617845025f41-groupManagement] INFO  server.RaftServerConfigKeys (ConfUtils.java:logGet(46)) - raft.server.retrycache.statistics.expirytime = 100ms (default)
2024-02-22 20:33:41,665 [d25dc3b0-28fc-4383-b1a0-617845025f41-groupManagement] INFO  server.RaftServerConfigKeys (ConfUtils.java:logGet(46)) - raft.server.read.option = DEFAULT (default)
2024-02-22 20:33:41,665 [d25dc3b0-28fc-4383-b1a0-617845025f41-groupManagement] INFO  server.RaftServerConfigKeys (ConfUtils.java:logGet(46)) - raft.server.read.read-after-write-consistent.write-index-cache.expiry-time = 60s (default)
2024-02-22 20:33:41,670 [d25dc3b0-28fc-4383-b1a0-617845025f41-groupManagement] INFO  server.RaftServerConfigKeys (ConfUtils.java:logGet(46)) - raft.server.rpc.request.timeout = 60s (custom)
2024-02-22 20:33:41,683 [d25dc3b0-28fc-4383-b1a0-617845025f41-groupManagement] INFO  server.RaftServerConfigKeys (ConfUtils.java:logGet(46)) - raft.server.log.appender.install.snapshot.enabled = false (custom)
2024-02-22 20:33:41,683 [d25dc3b0-28fc-4383-b1a0-617845025f41-groupManagement] INFO  server.RaftServerConfigKeys (ConfUtils.java:logGet(46)) - raft.server.threadpool.server.cached = true (default)
2024-02-22 20:33:41,683 [d25dc3b0-28fc-4383-b1a0-617845025f41-groupManagement] INFO  server.RaftServerConfigKeys (ConfUtils.java:logGet(46)) - raft.server.threadpool.server.size = 0 (default)
2024-02-22 20:33:41,683 [d25dc3b0-28fc-4383-b1a0-617845025f41-groupManagement] INFO  server.RaftServerConfigKeys (ConfUtils.java:logGet(46)) - raft.server.threadpool.client.cached = true (default)
2024-02-22 20:33:41,683 [d25dc3b0-28fc-4383-b1a0-617845025f41-groupManagement] INFO  server.RaftServerConfigKeys (ConfUtils.java:logGet(46)) - raft.server.threadpool.client.size = 0 (default)
2024-02-22 20:33:41,683 [d25dc3b0-28fc-4383-b1a0-617845025f41-groupManagement] INFO  server.RaftServerConfigKeys (ConfUtils.java:logGet(46)) - raft.server.storage.free-space.min = 0MB (=0) (default)
2024-02-22 20:33:41,683 [d25dc3b0-28fc-4383-b1a0-617845025f41-groupManagement] INFO  server.RaftServerConfigKeys (ConfUtils.java:logGet(46)) - raft.server.log.corruption.policy = EXCEPTION (default)
2024-02-22 20:33:41,684 [d25dc3b0-28fc-4383-b1a0-617845025f41-groupManagement] INFO  server.RaftServerConfigKeys (ConfUtils.java:logGet(46)) - raft.server.storage.dir = [/home/runner/work/ozone/ozone/hadoop-ozone/integration-test/target/test-dir/MiniOzoneClusterImpl-a0fc024b-a492-45a5-9697-b0d14f72cb5c/datanode-2/data/ratis] (custom)
2024-02-22 20:33:41,684 [d25dc3b0-28fc-4383-b1a0-617845025f41-groupManagement] INFO  storage.RaftStorageDirectory (RaftStorageDirectoryImpl.java:analyzeStorage(138)) - The storage directory /home/runner/work/ozone/ozone/hadoop-ozone/integration-test/target/test-dir/MiniOzoneClusterImpl-a0fc024b-a492-45a5-9697-b0d14f72cb5c/datanode-2/data/ratis/df82f477-9a32-43af-879e-c11f3e838557 does not exist. Creating ...
2024-02-22 20:33:41,678 [c30fedce-f286-40e0-881d-3d5a9a6e2463-groupManagement] INFO  util.AwaitToRun (AwaitToRun.java:start(81)) - Thread[c30fedce-f286-40e0-881d-3d5a9a6e2463@group-34E96220011A-cacheEviction-AwaitToRun,5,main] started
2024-02-22 20:33:41,684 [c30fedce-f286-40e0-881d-3d5a9a6e2463-groupManagement] INFO  segmented.SegmentedRaftLogWorker (SegmentedRaftLogWorker.java:<init>(182)) - new c30fedce-f286-40e0-881d-3d5a9a6e2463@group-34E96220011A-SegmentedRaftLogWorker for RaftStorageImpl:Storage Directory /home/runner/work/ozone/ozone/hadoop-ozone/integration-test/target/test-dir/MiniOzoneClusterImpl-a0fc024b-a492-45a5-9697-b0d14f72cb5c/datanode-6/data/ratis/b7d85f91-fa2f-4c6c-8457-34e96220011a
2024-02-22 20:33:41,684 [c30fedce-f286-40e0-881d-3d5a9a6e2463-groupManagement] INFO  server.RaftServerConfigKeys (ConfUtils.java:logGet(46)) - raft.server.log.queue.byte-limit = 4294967296 (custom)
2024-02-22 20:33:41,684 [c30fedce-f286-40e0-881d-3d5a9a6e2463-groupManagement] INFO  server.RaftServerConfigKeys (ConfUtils.java:logGet(46)) - raft.server.log.queue.element-limit = 1024 (custom)
2024-02-22 20:33:41,685 [c30fedce-f286-40e0-881d-3d5a9a6e2463-groupManagement] INFO  server.RaftServerConfigKeys (ConfUtils.java:logGet(46)) - raft.server.log.segment.size.max = 67108864 (custom)
2024-02-22 20:33:41,685 [c30fedce-f286-40e0-881d-3d5a9a6e2463-groupManagement] INFO  server.RaftServerConfigKeys (ConfUtils.java:logGet(46)) - raft.server.log.preallocated.size = 4194304 (custom)
2024-02-22 20:33:41,685 [c30fedce-f286-40e0-881d-3d5a9a6e2463-groupManagement] INFO  server.RaftServerConfigKeys (ConfUtils.java:logGet(46)) - raft.server.log.force.sync.num = 128 (default)
2024-02-22 20:33:41,685 [c30fedce-f286-40e0-881d-3d5a9a6e2463-groupManagement] INFO  server.RaftServerConfigKeys (ConfUtils.java:logGet(46)) - raft.server.log.statemachine.data.sync = true (default)
2024-02-22 20:33:41,685 [c30fedce-f286-40e0-881d-3d5a9a6e2463-groupManagement] INFO  server.RaftServerConfigKeys (ConfUtils.java:logGet(46)) - raft.server.log.statemachine.data.sync.timeout = 10s (default)
2024-02-22 20:33:41,685 [c30fedce-f286-40e0-881d-3d5a9a6e2463-groupManagement] INFO  server.RaftServerConfigKeys (ConfUtils.java:logGet(46)) - raft.server.log.statemachine.data.sync.timeout.retry = 0 (custom)
2024-02-22 20:33:41,685 [c30fedce-f286-40e0-881d-3d5a9a6e2463-groupManagement] INFO  server.RaftServerConfigKeys (ConfUtils.java:logGet(46)) - raft.server.log.write.buffer.size = 8388616 (custom)
2024-02-22 20:33:41,687 [c30fedce-f286-40e0-881d-3d5a9a6e2463-groupManagement] INFO  server.RaftServerConfigKeys (ConfUtils.java:logGet(46)) - raft.server.log.appender.buffer.byte-limit = 8388608 (custom)
2024-02-22 20:33:41,687 [c30fedce-f286-40e0-881d-3d5a9a6e2463-groupManagement] INFO  server.RaftServerConfigKeys (ConfUtils.java:logGet(46)) - raft.server.log.unsafe-flush.enabled = false (default)
2024-02-22 20:33:41,687 [c30fedce-f286-40e0-881d-3d5a9a6e2463-groupManagement] INFO  server.RaftServerConfigKeys (ConfUtils.java:logGet(46)) - raft.server.log.async-flush.enabled = false (default)
2024-02-22 20:33:41,671 [78f89d9b-e409-4704-890b-bfcfbcdfd28a-groupManagement] INFO  server.RaftServer$Division (RaftServerImpl.java:<init>(256)) - 78f89d9b-e409-4704-890b-bfcfbcdfd28a: new RaftServerImpl for group-B62AC99FA1E0:[78f89d9b-e409-4704-890b-bfcfbcdfd28a|10.1.0.33:15086, e780b093-7242-46d7-bd8f-0f810188c7b3|10.1.0.33:15095, 13f92446-3b18-4d81-bc66-0f9b00220e72|10.1.0.33:15077] with ContainerStateMachine:uninitialized
2024-02-22 20:33:41,694 [e780b093-7242-46d7-bd8f-0f810188c7b3-PipelineCommandHandlerThread-0] INFO  commandhandler.CreatePipelineCommandHandler (CreatePipelineCommandHandler.java:lambda$handle$2(124)) - Created Pipeline RATIS THREE PipelineID=7a70ea48-d71a-4b2b-bc50-affc1e458e84.
2024-02-22 20:33:41,694 [e780b093-7242-46d7-bd8f-0f810188c7b3-PipelineCommandHandlerThread-0] INFO  server.RaftServer (RaftServerProxy.java:addNew(100)) - e780b093-7242-46d7-bd8f-0f810188c7b3: addNew group-0722226B2D74:[e780b093-7242-46d7-bd8f-0f810188c7b3|10.1.0.33:15095] returns group-0722226B2D74:java.util.concurrent.CompletableFuture@524b8ad[Not completed]
2024-02-22 20:33:41,695 [e780b093-7242-46d7-bd8f-0f810188c7b3-groupManagement] INFO  server.RaftServer$Division (RaftServerImpl.java:<init>(256)) - e780b093-7242-46d7-bd8f-0f810188c7b3: new RaftServerImpl for group-0722226B2D74:[e780b093-7242-46d7-bd8f-0f810188c7b3|10.1.0.33:15095] with ContainerStateMachine:uninitialized
2024-02-22 20:33:41,695 [e780b093-7242-46d7-bd8f-0f810188c7b3-groupManagement] INFO  server.RaftServerConfigKeys (ConfUtils.java:logGet(46)) - raft.server.rpc.timeout.min = 5s (custom)
2024-02-22 20:33:41,696 [e780b093-7242-46d7-bd8f-0f810188c7b3-groupManagement] INFO  server.RaftServerConfigKeys (ConfUtils.java:logGet(46)) - raft.server.rpc.timeout.max = 5200ms (custom)
2024-02-22 20:33:41,696 [e780b093-7242-46d7-bd8f-0f810188c7b3-groupManagement] INFO  server.RaftServerConfigKeys (ConfUtils.java:logGet(46)) - raft.server.rpc.sleep.time = 25ms (default)
2024-02-22 20:33:41,696 [e780b093-7242-46d7-bd8f-0f810188c7b3-groupManagement] INFO  server.RaftServerConfigKeys (ConfUtils.java:logGet(46)) - raft.server.rpc.slowness.timeout = 300s (custom)
2024-02-22 20:33:41,696 [e780b093-7242-46d7-bd8f-0f810188c7b3-groupManagement] INFO  server.RaftServerConfigKeys (ConfUtils.java:logGet(46)) - raft.server.leaderelection.leader.step-down.wait-time = 10s (default)
2024-02-22 20:33:41,696 [e780b093-7242-46d7-bd8f-0f810188c7b3-groupManagement] INFO  server.RaftServerConfigKeys (ConfUtils.java:logGet(46)) - raft.server.leaderelection.member.majority-add = false (default)
2024-02-22 20:33:41,696 [e780b093-7242-46d7-bd8f-0f810188c7b3-groupManagement] INFO  server.RaftServerConfigKeys (ConfUtils.java:logGet(46)) - raft.server.sleep.deviation.threshold = 300ms (default)
2024-02-22 20:33:41,696 [e780b093-7242-46d7-bd8f-0f810188c7b3-groupManagement] INFO  server.RaftServer$Division (ServerState.java:<init>(113)) - e780b093-7242-46d7-bd8f-0f810188c7b3@group-0722226B2D74: ConfigurationManager, init=-1: peers:[e780b093-7242-46d7-bd8f-0f810188c7b3|10.1.0.33:15095]|listeners:[], old=null, confs=<EMPTY_MAP>
2024-02-22 20:33:41,696 [e780b093-7242-46d7-bd8f-0f810188c7b3-groupManagement] INFO  server.RaftServerConfigKeys (ConfUtils.java:logGet(46)) - raft.server.notification.no-leader.timeout = 300s (custom)
2024-02-22 20:33:41,696 [e780b093-7242-46d7-bd8f-0f810188c7b3-groupManagement] INFO  server.RaftServerConfigKeys (ConfUtils.java:logGet(46)) - raft.server.read.timeout = 10s (default)
2024-02-22 20:33:41,696 [e780b093-7242-46d7-bd8f-0f810188c7b3-groupManagement] INFO  server.RaftServerConfigKeys (ConfUtils.java:logGet(46)) - raft.server.retrycache.expirytime = 600000ms (custom)
2024-02-22 20:33:41,696 [e780b093-7242-46d7-bd8f-0f810188c7b3-groupManagement] INFO  server.RaftServerConfigKeys (ConfUtils.java:logGet(46)) - raft.server.retrycache.statistics.expirytime = 100ms (default)
2024-02-22 20:33:41,696 [e780b093-7242-46d7-bd8f-0f810188c7b3-groupManagement] INFO  server.RaftServerConfigKeys (ConfUtils.java:logGet(46)) - raft.server.read.option = DEFAULT (default)
2024-02-22 20:33:41,696 [e780b093-7242-46d7-bd8f-0f810188c7b3-groupManagement] INFO  server.RaftServerConfigKeys (ConfUtils.java:logGet(46)) - raft.server.read.read-after-write-consistent.write-index-cache.expiry-time = 60s (default)
2024-02-22 20:33:41,694 [78f89d9b-e409-4704-890b-bfcfbcdfd28a-groupManagement] INFO  server.RaftServerConfigKeys (ConfUtils.java:logGet(46)) - raft.server.rpc.timeout.min = 5s (custom)
2024-02-22 20:33:41,699 [78f89d9b-e409-4704-890b-bfcfbcdfd28a-groupManagement] INFO  server.RaftServerConfigKeys (ConfUtils.java:logGet(46)) - raft.server.rpc.timeout.max = 5200ms (custom)
2024-02-22 20:33:41,699 [78f89d9b-e409-4704-890b-bfcfbcdfd28a-groupManagement] INFO  server.RaftServerConfigKeys (ConfUtils.java:logGet(46)) - raft.server.rpc.sleep.time = 25ms (default)
2024-02-22 20:33:41,699 [78f89d9b-e409-4704-890b-bfcfbcdfd28a-groupManagement] INFO  server.RaftServerConfigKeys (ConfUtils.java:logGet(46)) - raft.server.rpc.slowness.timeout = 300s (custom)
2024-02-22 20:33:41,699 [78f89d9b-e409-4704-890b-bfcfbcdfd28a-groupManagement] INFO  server.RaftServerConfigKeys (ConfUtils.java:logGet(46)) - raft.server.leaderelection.leader.step-down.wait-time = 10s (default)
2024-02-22 20:33:41,699 [78f89d9b-e409-4704-890b-bfcfbcdfd28a-groupManagement] INFO  server.RaftServerConfigKeys (ConfUtils.java:logGet(46)) - raft.server.leaderelection.member.majority-add = false (default)
2024-02-22 20:33:41,699 [78f89d9b-e409-4704-890b-bfcfbcdfd28a-groupManagement] INFO  server.RaftServerConfigKeys (ConfUtils.java:logGet(46)) - raft.server.sleep.deviation.threshold = 300ms (default)
2024-02-22 20:33:41,699 [78f89d9b-e409-4704-890b-bfcfbcdfd28a-groupManagement] INFO  server.RaftServer$Division (ServerState.java:<init>(113)) - 78f89d9b-e409-4704-890b-bfcfbcdfd28a@group-B62AC99FA1E0: ConfigurationManager, init=-1: peers:[78f89d9b-e409-4704-890b-bfcfbcdfd28a|10.1.0.33:15086, e780b093-7242-46d7-bd8f-0f810188c7b3|10.1.0.33:15095, 13f92446-3b18-4d81-bc66-0f9b00220e72|10.1.0.33:15077]|listeners:[], old=null, confs=<EMPTY_MAP>
2024-02-22 20:33:41,699 [78f89d9b-e409-4704-890b-bfcfbcdfd28a-groupManagement] INFO  server.RaftServerConfigKeys (ConfUtils.java:logGet(46)) - raft.server.notification.no-leader.timeout = 300s (custom)
2024-02-22 20:33:41,699 [78f89d9b-e409-4704-890b-bfcfbcdfd28a-groupManagement] INFO  server.RaftServerConfigKeys (ConfUtils.java:logGet(46)) - raft.server.read.timeout = 10s (default)
2024-02-22 20:33:41,699 [78f89d9b-e409-4704-890b-bfcfbcdfd28a-groupManagement] INFO  server.RaftServerConfigKeys (ConfUtils.java:logGet(46)) - raft.server.retrycache.expirytime = 600000ms (custom)
2024-02-22 20:33:41,699 [78f89d9b-e409-4704-890b-bfcfbcdfd28a-groupManagement] INFO  server.RaftServerConfigKeys (ConfUtils.java:logGet(46)) - raft.server.retrycache.statistics.expirytime = 100ms (default)
2024-02-22 20:33:41,699 [78f89d9b-e409-4704-890b-bfcfbcdfd28a-groupManagement] INFO  server.RaftServerConfigKeys (ConfUtils.java:logGet(46)) - raft.server.read.option = DEFAULT (default)
2024-02-22 20:33:41,699 [78f89d9b-e409-4704-890b-bfcfbcdfd28a-groupManagement] INFO  server.RaftServerConfigKeys (ConfUtils.java:logGet(46)) - raft.server.read.read-after-write-consistent.write-index-cache.expiry-time = 60s (default)
2024-02-22 20:33:41,694 [d25dc3b0-28fc-4383-b1a0-617845025f41-groupManagement] INFO  storage.RaftStorageDirectory (RaftStorageDirectoryImpl.java:tryLock(228)) - Lock on /home/runner/work/ozone/ozone/hadoop-ozone/integration-test/target/test-dir/MiniOzoneClusterImpl-a0fc024b-a492-45a5-9697-b0d14f72cb5c/datanode-2/data/ratis/df82f477-9a32-43af-879e-c11f3e838557/in_use.lock acquired by nodename 30552@fv-az779-213
2024-02-22 20:33:41,692 [923be64f-71f4-4891-b05d-82ff5a9df5b5-PipelineCommandHandlerThread-0] INFO  commandhandler.CreatePipelineCommandHandler (CreatePipelineCommandHandler.java:lambda$handle$2(124)) - Created Pipeline RATIS THREE PipelineID=d9165cc6-fdfc-42ee-9f98-97bb02909e0e.
2024-02-22 20:33:41,690 [c30fedce-f286-40e0-881d-3d5a9a6e2463-groupManagement] INFO  server.RaftServerConfigKeys (ConfUtils.java:logGet(46)) - raft.server.log.statemachine.data.caching.enabled = true (custom)
2024-02-22 20:33:41,700 [c30fedce-f286-40e0-881d-3d5a9a6e2463-groupManagement] INFO  segmented.SegmentedRaftLogWorker (SegmentedRaftLogWorker.java:lambda$new$0(134)) - c30fedce-f286-40e0-881d-3d5a9a6e2463@group-34E96220011A-SegmentedRaftLogWorker: flushIndex: setUnconditionally 0 -> -1
2024-02-22 20:33:41,700 [c30fedce-f286-40e0-881d-3d5a9a6e2463-groupManagement] INFO  segmented.SegmentedRaftLogWorker (SegmentedRaftLogWorker.java:lambda$new$0(134)) - c30fedce-f286-40e0-881d-3d5a9a6e2463@group-34E96220011A-SegmentedRaftLogWorker: safeCacheEvictIndex: setUnconditionally 0 -> -1
2024-02-22 20:33:41,701 [grpc-default-executor-1] INFO  server.RaftServer (RaftServerProxy.java:addNew(100)) - 86ab988c-fa9c-425d-a1c6-9004ff7fd93d: addNew group-C6933685B048:[86ab988c-fa9c-425d-a1c6-9004ff7fd93d|10.1.0.33:15059, c30fedce-f286-40e0-881d-3d5a9a6e2463|10.1.0.33:15068, 13f92446-3b18-4d81-bc66-0f9b00220e72|10.1.0.33:15077] returns group-C6933685B048:java.util.concurrent.CompletableFuture@7e334584[Not completed]
2024-02-22 20:33:41,701 [d25dc3b0-28fc-4383-b1a0-617845025f41-groupManagement] INFO  storage.RaftStorage (RaftStorageImpl.java:format(99)) - Storage directory /home/runner/work/ozone/ozone/hadoop-ozone/integration-test/target/test-dir/MiniOzoneClusterImpl-a0fc024b-a492-45a5-9697-b0d14f72cb5c/datanode-2/data/ratis/df82f477-9a32-43af-879e-c11f3e838557 has been successfully formatted.
2024-02-22 20:33:41,702 [d25dc3b0-28fc-4383-b1a0-617845025f41-groupManagement] WARN  util.FileUtils (LogUtils.java:supplyAndLog(63)) - Failed to Files.newInputStream /home/runner/work/ozone/ozone/hadoop-ozone/integration-test/target/test-dir/MiniOzoneClusterImpl-a0fc024b-a492-45a5-9697-b0d14f72cb5c/datanode-2/data/ratis/df82f477-9a32-43af-879e-c11f3e838557/current/raft-meta.conf with options []: java.nio.file.NoSuchFileException: /home/runner/work/ozone/ozone/hadoop-ozone/integration-test/target/test-dir/MiniOzoneClusterImpl-a0fc024b-a492-45a5-9697-b0d14f72cb5c/datanode-2/data/ratis/df82f477-9a32-43af-879e-c11f3e838557/current/raft-meta.conf
2024-02-22 20:33:41,704 [86ab988c-fa9c-425d-a1c6-9004ff7fd93d-groupManagement] INFO  server.RaftServer$Division (RaftServerImpl.java:<init>(256)) - 86ab988c-fa9c-425d-a1c6-9004ff7fd93d: new RaftServerImpl for group-C6933685B048:[86ab988c-fa9c-425d-a1c6-9004ff7fd93d|10.1.0.33:15059, c30fedce-f286-40e0-881d-3d5a9a6e2463|10.1.0.33:15068, 13f92446-3b18-4d81-bc66-0f9b00220e72|10.1.0.33:15077] with ContainerStateMachine:uninitialized
2024-02-22 20:33:41,704 [86ab988c-fa9c-425d-a1c6-9004ff7fd93d-groupManagement] INFO  server.RaftServerConfigKeys (ConfUtils.java:logGet(46)) - raft.server.rpc.timeout.min = 5s (custom)
2024-02-22 20:33:41,704 [86ab988c-fa9c-425d-a1c6-9004ff7fd93d-groupManagement] INFO  server.RaftServerConfigKeys (ConfUtils.java:logGet(46)) - raft.server.rpc.timeout.max = 5200ms (custom)
2024-02-22 20:33:41,704 [86ab988c-fa9c-425d-a1c6-9004ff7fd93d-groupManagement] INFO  server.RaftServerConfigKeys (ConfUtils.java:logGet(46)) - raft.server.rpc.sleep.time = 25ms (default)
2024-02-22 20:33:41,704 [86ab988c-fa9c-425d-a1c6-9004ff7fd93d-groupManagement] INFO  server.RaftServerConfigKeys (ConfUtils.java:logGet(46)) - raft.server.rpc.slowness.timeout = 300s (custom)
2024-02-22 20:33:41,704 [86ab988c-fa9c-425d-a1c6-9004ff7fd93d-groupManagement] INFO  server.RaftServerConfigKeys (ConfUtils.java:logGet(46)) - raft.server.leaderelection.leader.step-down.wait-time = 10s (default)
2024-02-22 20:33:41,704 [86ab988c-fa9c-425d-a1c6-9004ff7fd93d-groupManagement] INFO  server.RaftServerConfigKeys (ConfUtils.java:logGet(46)) - raft.server.leaderelection.member.majority-add = false (default)
2024-02-22 20:33:41,704 [86ab988c-fa9c-425d-a1c6-9004ff7fd93d-groupManagement] INFO  server.RaftServerConfigKeys (ConfUtils.java:logGet(46)) - raft.server.sleep.deviation.threshold = 300ms (default)
2024-02-22 20:33:41,704 [86ab988c-fa9c-425d-a1c6-9004ff7fd93d-groupManagement] INFO  server.RaftServer$Division (ServerState.java:<init>(113)) - 86ab988c-fa9c-425d-a1c6-9004ff7fd93d@group-C6933685B048: ConfigurationManager, init=-1: peers:[86ab988c-fa9c-425d-a1c6-9004ff7fd93d|10.1.0.33:15059, c30fedce-f286-40e0-881d-3d5a9a6e2463|10.1.0.33:15068, 13f92446-3b18-4d81-bc66-0f9b00220e72|10.1.0.33:15077]|listeners:[], old=null, confs=<EMPTY_MAP>
2024-02-22 20:33:41,704 [86ab988c-fa9c-425d-a1c6-9004ff7fd93d-groupManagement] INFO  server.RaftServerConfigKeys (ConfUtils.java:logGet(46)) - raft.server.notification.no-leader.timeout = 300s (custom)
2024-02-22 20:33:41,705 [86ab988c-fa9c-425d-a1c6-9004ff7fd93d-groupManagement] INFO  server.RaftServerConfigKeys (ConfUtils.java:logGet(46)) - raft.server.read.timeout = 10s (default)
2024-02-22 20:33:41,705 [86ab988c-fa9c-425d-a1c6-9004ff7fd93d-groupManagement] INFO  server.RaftServerConfigKeys (ConfUtils.java:logGet(46)) - raft.server.retrycache.expirytime = 600000ms (custom)
2024-02-22 20:33:41,705 [86ab988c-fa9c-425d-a1c6-9004ff7fd93d-groupManagement] INFO  server.RaftServerConfigKeys (ConfUtils.java:logGet(46)) - raft.server.retrycache.statistics.expirytime = 100ms (default)
2024-02-22 20:33:41,705 [86ab988c-fa9c-425d-a1c6-9004ff7fd93d-groupManagement] INFO  server.RaftServerConfigKeys (ConfUtils.java:logGet(46)) - raft.server.read.option = DEFAULT (default)
2024-02-22 20:33:41,705 [86ab988c-fa9c-425d-a1c6-9004ff7fd93d-groupManagement] INFO  server.RaftServerConfigKeys (ConfUtils.java:logGet(46)) - raft.server.read.read-after-write-consistent.write-index-cache.expiry-time = 60s (default)
2024-02-22 20:33:41,706 [c30fedce-f286-40e0-881d-3d5a9a6e2463-groupManagement] INFO  server.RaftServer$Division (RaftServerImpl.java:start(396)) - c30fedce-f286-40e0-881d-3d5a9a6e2463@group-34E96220011A: start as a follower, conf=-1: peers:[86ab988c-fa9c-425d-a1c6-9004ff7fd93d|10.1.0.33:15059, c30fedce-f286-40e0-881d-3d5a9a6e2463|10.1.0.33:15068, dc26353c-d48a-467d-89cd-3a7c4b626396|10.1.0.33:15050]|listeners:[], old=null
2024-02-22 20:33:41,706 [c30fedce-f286-40e0-881d-3d5a9a6e2463-groupManagement] INFO  server.RaftServer$Division (RaftServerImpl.java:setRole(383)) - c30fedce-f286-40e0-881d-3d5a9a6e2463@group-34E96220011A: changes role from      null to FOLLOWER at term 0 for startAsFollower
2024-02-22 20:33:41,709 [c30fedce-f286-40e0-881d-3d5a9a6e2463-groupManagement] INFO  impl.RoleInfo (RoleInfo.java:updateAndGet(139)) - c30fedce-f286-40e0-881d-3d5a9a6e2463: start c30fedce-f286-40e0-881d-3d5a9a6e2463@group-34E96220011A-FollowerState
2024-02-22 20:33:41,709 [EventQueue-OpenPipelineForHealthyPipelineSafeModeRule] INFO  safemode.SCMSafeModeManager (HealthyPipelineSafeModeRule.java:process(140)) - SCM in safe mode. Healthy pipelines reported count is 0, required healthy pipeline reported count is 1
2024-02-22 20:33:41,707 [d25dc3b0-28fc-4383-b1a0-617845025f41-groupManagement] INFO  ratis.ContainerStateMachine (ContainerStateMachine.java:loadSnapshot(287)) - group-C11F3E838557: The snapshot info is null. Setting the last applied index to:(t:0, i:~)
2024-02-22 20:33:41,709 [d25dc3b0-28fc-4383-b1a0-617845025f41-groupManagement] INFO  server.RaftServerConfigKeys (ConfUtils.java:logGet(46)) - raft.server.log.use.memory = false (default)
2024-02-22 20:33:41,710 [d25dc3b0-28fc-4383-b1a0-617845025f41-groupManagement] INFO  server.RaftServerConfigKeys (ConfUtils.java:logGet(46)) - raft.server.log.purge.gap = 1000000 (custom)
2024-02-22 20:33:41,710 [d25dc3b0-28fc-4383-b1a0-617845025f41-groupManagement] INFO  server.RaftServerConfigKeys (ConfUtils.java:logGet(46)) - raft.server.log.appender.buffer.byte-limit = 8388608 (custom)
2024-02-22 20:33:41,710 [d25dc3b0-28fc-4383-b1a0-617845025f41-groupManagement] INFO  server.RaftServerConfigKeys (ConfUtils.java:logGet(46)) - raft.server.log.statemachine.data.read.timeout = 1000ms (default)
2024-02-22 20:33:41,710 [d25dc3b0-28fc-4383-b1a0-617845025f41-groupManagement] INFO  server.RaftServerConfigKeys (ConfUtils.java:logGet(46)) - raft.server.log.purge.preservation.log.num = 0 (default)
2024-02-22 20:33:41,709 [EventQueue-OpenPipelineForHealthyPipelineSafeModeRule] INFO  safemode.SCMSafeModeManager (HealthyPipelineSafeModeRule.java:process(140)) - SCM in safe mode. Healthy pipelines reported count is 0, required healthy pipeline reported count is 1
2024-02-22 20:33:41,710 [c30fedce-f286-40e0-881d-3d5a9a6e2463-groupManagement] INFO  util.JmxRegister (JmxRegister.java:tryRegister(44)) - Successfully registered JMX Bean with object name Ratis:service=RaftServer,group=group-34E96220011A,id=c30fedce-f286-40e0-881d-3d5a9a6e2463
2024-02-22 20:33:41,710 [c30fedce-f286-40e0-881d-3d5a9a6e2463-groupManagement] INFO  server.RaftServerConfigKeys (ConfUtils.java:logGet(46)) - raft.server.snapshot.trigger-when-stop.enabled = true (default)
2024-02-22 20:33:41,710 [c30fedce-f286-40e0-881d-3d5a9a6e2463-groupManagement] INFO  server.RaftServerConfigKeys (ConfUtils.java:logGet(46)) - raft.server.snapshot.auto.trigger.enabled = true (custom)
2024-02-22 20:33:41,710 [c30fedce-f286-40e0-881d-3d5a9a6e2463-groupManagement] INFO  server.RaftServerConfigKeys (ConfUtils.java:logGet(46)) - raft.server.snapshot.auto.trigger.threshold = 10000 (custom)
2024-02-22 20:33:41,711 [c30fedce-f286-40e0-881d-3d5a9a6e2463-groupManagement] INFO  server.RaftServerConfigKeys (ConfUtils.java:logGet(46)) - raft.server.snapshot.retention.file.num = 5 (custom)
2024-02-22 20:33:41,711 [c30fedce-f286-40e0-881d-3d5a9a6e2463-groupManagement] INFO  server.RaftServerConfigKeys (ConfUtils.java:logGet(46)) - raft.server.log.purge.upto.snapshot.index = false (default)
2024-02-22 20:33:41,712 [c30fedce-f286-40e0-881d-3d5a9a6e2463@group-34E96220011A-FollowerState] INFO  server.RaftServerConfigKeys (ConfUtils.java:logFallback(53)) - raft.server.rpc.first-election.timeout.min = 5s (fallback to raft.server.rpc.timeout.min)
2024-02-22 20:33:41,713 [c30fedce-f286-40e0-881d-3d5a9a6e2463@group-34E96220011A-FollowerState] INFO  server.RaftServerConfigKeys (ConfUtils.java:logFallback(53)) - raft.server.rpc.first-election.timeout.max = 5200ms (fallback to raft.server.rpc.timeout.max)
2024-02-22 20:33:41,719 [c30fedce-f286-40e0-881d-3d5a9a6e2463-PipelineCommandHandlerThread-0] INFO  ratis.XceiverServerRatis (XceiverServerRatis.java:addGroup(864)) - Created group PipelineID=b7d85f91-fa2f-4c6c-8457-34e96220011a
2024-02-22 20:33:41,728 [d25dc3b0-28fc-4383-b1a0-617845025f41-groupManagement] INFO  server.RaftServerConfigKeys (ConfUtils.java:logGet(46)) - raft.server.log.segment.size.max = 67108864 (custom)
2024-02-22 20:33:41,730 [d25dc3b0-28fc-4383-b1a0-617845025f41-groupManagement] INFO  server.RaftServerConfigKeys (ConfUtils.java:logGet(46)) - raft.server.log.segment.cache.num.max = 2 (custom)
2024-02-22 20:33:41,730 [d25dc3b0-28fc-4383-b1a0-617845025f41-groupManagement] INFO  server.RaftServerConfigKeys (ConfUtils.java:logGet(46)) - raft.server.log.segment.cache.size.max = 200MB (=209715200) (default)
2024-02-22 20:33:41,730 [d25dc3b0-28fc-4383-b1a0-617845025f41-groupManagement] INFO  server.RaftServerConfigKeys (ConfUtils.java:logGet(46)) - raft.server.log.appender.buffer.byte-limit = 8388608 (custom)
2024-02-22 20:33:41,730 [e780b093-7242-46d7-bd8f-0f810188c7b3-groupManagement] INFO  server.RaftServerConfigKeys (ConfUtils.java:logGet(46)) - raft.server.rpc.request.timeout = 60s (custom)
2024-02-22 20:33:41,730 [e780b093-7242-46d7-bd8f-0f810188c7b3-groupManagement] INFO  server.RaftServerConfigKeys (ConfUtils.java:logGet(46)) - raft.server.log.appender.install.snapshot.enabled = false (custom)
2024-02-22 20:33:41,730 [e780b093-7242-46d7-bd8f-0f810188c7b3-groupManagement] INFO  server.RaftServerConfigKeys (ConfUtils.java:logGet(46)) - raft.server.threadpool.server.cached = true (default)
2024-02-22 20:33:41,731 [e780b093-7242-46d7-bd8f-0f810188c7b3-groupManagement] INFO  server.RaftServerConfigKeys (ConfUtils.java:logGet(46)) - raft.server.threadpool.server.size = 0 (default)
2024-02-22 20:33:41,731 [e780b093-7242-46d7-bd8f-0f810188c7b3-groupManagement] INFO  server.RaftServerConfigKeys (ConfUtils.java:logGet(46)) - raft.server.threadpool.client.cached = true (default)
2024-02-22 20:33:41,731 [e780b093-7242-46d7-bd8f-0f810188c7b3-groupManagement] INFO  server.RaftServerConfigKeys (ConfUtils.java:logGet(46)) - raft.server.threadpool.client.size = 0 (default)
2024-02-22 20:33:41,731 [e780b093-7242-46d7-bd8f-0f810188c7b3-groupManagement] INFO  server.RaftServerConfigKeys (ConfUtils.java:logGet(46)) - raft.server.storage.free-space.min = 0MB (=0) (default)
2024-02-22 20:33:41,731 [e780b093-7242-46d7-bd8f-0f810188c7b3-groupManagement] INFO  server.RaftServerConfigKeys (ConfUtils.java:logGet(46)) - raft.server.log.corruption.policy = EXCEPTION (default)
2024-02-22 20:33:41,731 [e780b093-7242-46d7-bd8f-0f810188c7b3-groupManagement] INFO  server.RaftServerConfigKeys (ConfUtils.java:logGet(46)) - raft.server.storage.dir = [/home/runner/work/ozone/ozone/hadoop-ozone/integration-test/target/test-dir/MiniOzoneClusterImpl-a0fc024b-a492-45a5-9697-b0d14f72cb5c/datanode-9/data/ratis] (custom)
2024-02-22 20:33:41,731 [e780b093-7242-46d7-bd8f-0f810188c7b3-groupManagement] INFO  storage.RaftStorageDirectory (RaftStorageDirectoryImpl.java:analyzeStorage(138)) - The storage directory /home/runner/work/ozone/ozone/hadoop-ozone/integration-test/target/test-dir/MiniOzoneClusterImpl-a0fc024b-a492-45a5-9697-b0d14f72cb5c/datanode-9/data/ratis/8d5f8f25-b7e1-4606-82d0-0722226b2d74 does not exist. Creating ...
2024-02-22 20:33:41,732 [78f89d9b-e409-4704-890b-bfcfbcdfd28a-groupManagement] INFO  server.RaftServerConfigKeys (ConfUtils.java:logGet(46)) - raft.server.rpc.request.timeout = 60s (custom)
2024-02-22 20:33:41,732 [78f89d9b-e409-4704-890b-bfcfbcdfd28a-groupManagement] INFO  server.RaftServerConfigKeys (ConfUtils.java:logGet(46)) - raft.server.log.appender.install.snapshot.enabled = false (custom)
2024-02-22 20:33:41,732 [78f89d9b-e409-4704-890b-bfcfbcdfd28a-groupManagement] INFO  server.RaftServerConfigKeys (ConfUtils.java:logGet(46)) - raft.server.threadpool.server.cached = true (default)
2024-02-22 20:33:41,732 [78f89d9b-e409-4704-890b-bfcfbcdfd28a-groupManagement] INFO  server.RaftServerConfigKeys (ConfUtils.java:logGet(46)) - raft.server.threadpool.server.size = 0 (default)
2024-02-22 20:33:41,732 [78f89d9b-e409-4704-890b-bfcfbcdfd28a-groupManagement] INFO  server.RaftServerConfigKeys (ConfUtils.java:logGet(46)) - raft.server.threadpool.client.cached = true (default)
2024-02-22 20:33:41,733 [78f89d9b-e409-4704-890b-bfcfbcdfd28a-groupManagement] INFO  server.RaftServerConfigKeys (ConfUtils.java:logGet(46)) - raft.server.threadpool.client.size = 0 (default)
2024-02-22 20:33:41,733 [78f89d9b-e409-4704-890b-bfcfbcdfd28a-groupManagement] INFO  server.RaftServerConfigKeys (ConfUtils.java:logGet(46)) - raft.server.storage.free-space.min = 0MB (=0) (default)
2024-02-22 20:33:41,733 [78f89d9b-e409-4704-890b-bfcfbcdfd28a-groupManagement] INFO  server.RaftServerConfigKeys (ConfUtils.java:logGet(46)) - raft.server.log.corruption.policy = EXCEPTION (default)
2024-02-22 20:33:41,733 [78f89d9b-e409-4704-890b-bfcfbcdfd28a-groupManagement] INFO  server.RaftServerConfigKeys (ConfUtils.java:logGet(46)) - raft.server.storage.dir = [/home/runner/work/ozone/ozone/hadoop-ozone/integration-test/target/test-dir/MiniOzoneClusterImpl-a0fc024b-a492-45a5-9697-b0d14f72cb5c/datanode-8/data/ratis] (custom)
2024-02-22 20:33:41,733 [78f89d9b-e409-4704-890b-bfcfbcdfd28a-groupManagement] INFO  storage.RaftStorageDirectory (RaftStorageDirectoryImpl.java:analyzeStorage(138)) - The storage directory /home/runner/work/ozone/ozone/hadoop-ozone/integration-test/target/test-dir/MiniOzoneClusterImpl-a0fc024b-a492-45a5-9697-b0d14f72cb5c/datanode-8/data/ratis/a069b16c-3c19-42f6-a3b4-b62ac99fa1e0 does not exist. Creating ...
2024-02-22 20:33:41,733 [86ab988c-fa9c-425d-a1c6-9004ff7fd93d-groupManagement] INFO  server.RaftServerConfigKeys (ConfUtils.java:logGet(46)) - raft.server.rpc.request.timeout = 60s (custom)
2024-02-22 20:33:41,733 [86ab988c-fa9c-425d-a1c6-9004ff7fd93d-groupManagement] INFO  server.RaftServerConfigKeys (ConfUtils.java:logGet(46)) - raft.server.log.appender.install.snapshot.enabled = false (custom)
2024-02-22 20:33:41,733 [86ab988c-fa9c-425d-a1c6-9004ff7fd93d-groupManagement] INFO  server.RaftServerConfigKeys (ConfUtils.java:logGet(46)) - raft.server.threadpool.server.cached = true (default)
2024-02-22 20:33:41,733 [86ab988c-fa9c-425d-a1c6-9004ff7fd93d-groupManagement] INFO  server.RaftServerConfigKeys (ConfUtils.java:logGet(46)) - raft.server.threadpool.server.size = 0 (default)
2024-02-22 20:33:41,733 [86ab988c-fa9c-425d-a1c6-9004ff7fd93d-groupManagement] INFO  server.RaftServerConfigKeys (ConfUtils.java:logGet(46)) - raft.server.threadpool.client.cached = true (default)
2024-02-22 20:33:41,733 [86ab988c-fa9c-425d-a1c6-9004ff7fd93d-groupManagement] INFO  server.RaftServerConfigKeys (ConfUtils.java:logGet(46)) - raft.server.threadpool.client.size = 0 (default)
2024-02-22 20:33:41,733 [86ab988c-fa9c-425d-a1c6-9004ff7fd93d-groupManagement] INFO  server.RaftServerConfigKeys (ConfUtils.java:logGet(46)) - raft.server.storage.free-space.min = 0MB (=0) (default)
2024-02-22 20:33:41,733 [86ab988c-fa9c-425d-a1c6-9004ff7fd93d-groupManagement] INFO  server.RaftServerConfigKeys (ConfUtils.java:logGet(46)) - raft.server.log.corruption.policy = EXCEPTION (default)
2024-02-22 20:33:41,733 [86ab988c-fa9c-425d-a1c6-9004ff7fd93d-groupManagement] INFO  server.RaftServerConfigKeys (ConfUtils.java:logGet(46)) - raft.server.storage.dir = [/home/runner/work/ozone/ozone/hadoop-ozone/integration-test/target/test-dir/MiniOzoneClusterImpl-a0fc024b-a492-45a5-9697-b0d14f72cb5c/datanode-5/data/ratis] (custom)
2024-02-22 20:33:41,734 [86ab988c-fa9c-425d-a1c6-9004ff7fd93d-groupManagement] INFO  storage.RaftStorageDirectory (RaftStorageDirectoryImpl.java:analyzeStorage(138)) - The storage directory /home/runner/work/ozone/ozone/hadoop-ozone/integration-test/target/test-dir/MiniOzoneClusterImpl-a0fc024b-a492-45a5-9697-b0d14f72cb5c/datanode-5/data/ratis/724f0737-a92a-4fca-96d8-c6933685b048 does not exist. Creating ...
2024-02-22 20:33:41,734 [e780b093-7242-46d7-bd8f-0f810188c7b3-groupManagement] INFO  storage.RaftStorageDirectory (RaftStorageDirectoryImpl.java:tryLock(228)) - Lock on /home/runner/work/ozone/ozone/hadoop-ozone/integration-test/target/test-dir/MiniOzoneClusterImpl-a0fc024b-a492-45a5-9697-b0d14f72cb5c/datanode-9/data/ratis/8d5f8f25-b7e1-4606-82d0-0722226b2d74/in_use.lock acquired by nodename 30552@fv-az779-213
2024-02-22 20:33:41,734 [78f89d9b-e409-4704-890b-bfcfbcdfd28a-groupManagement] INFO  storage.RaftStorageDirectory (RaftStorageDirectoryImpl.java:tryLock(228)) - Lock on /home/runner/work/ozone/ozone/hadoop-ozone/integration-test/target/test-dir/MiniOzoneClusterImpl-a0fc024b-a492-45a5-9697-b0d14f72cb5c/datanode-8/data/ratis/a069b16c-3c19-42f6-a3b4-b62ac99fa1e0/in_use.lock acquired by nodename 30552@fv-az779-213
2024-02-22 20:33:41,734 [86ab988c-fa9c-425d-a1c6-9004ff7fd93d-groupManagement] INFO  storage.RaftStorageDirectory (RaftStorageDirectoryImpl.java:tryLock(228)) - Lock on /home/runner/work/ozone/ozone/hadoop-ozone/integration-test/target/test-dir/MiniOzoneClusterImpl-a0fc024b-a492-45a5-9697-b0d14f72cb5c/datanode-5/data/ratis/724f0737-a92a-4fca-96d8-c6933685b048/in_use.lock acquired by nodename 30552@fv-az779-213
2024-02-22 20:33:41,735 [e780b093-7242-46d7-bd8f-0f810188c7b3-groupManagement] INFO  storage.RaftStorage (RaftStorageImpl.java:format(99)) - Storage directory /home/runner/work/ozone/ozone/hadoop-ozone/integration-test/target/test-dir/MiniOzoneClusterImpl-a0fc024b-a492-45a5-9697-b0d14f72cb5c/datanode-9/data/ratis/8d5f8f25-b7e1-4606-82d0-0722226b2d74 has been successfully formatted.
2024-02-22 20:33:41,735 [e780b093-7242-46d7-bd8f-0f810188c7b3-groupManagement] WARN  util.FileUtils (LogUtils.java:supplyAndLog(63)) - Failed to Files.newInputStream /home/runner/work/ozone/ozone/hadoop-ozone/integration-test/target/test-dir/MiniOzoneClusterImpl-a0fc024b-a492-45a5-9697-b0d14f72cb5c/datanode-9/data/ratis/8d5f8f25-b7e1-4606-82d0-0722226b2d74/current/raft-meta.conf with options []: java.nio.file.NoSuchFileException: /home/runner/work/ozone/ozone/hadoop-ozone/integration-test/target/test-dir/MiniOzoneClusterImpl-a0fc024b-a492-45a5-9697-b0d14f72cb5c/datanode-9/data/ratis/8d5f8f25-b7e1-4606-82d0-0722226b2d74/current/raft-meta.conf
2024-02-22 20:33:41,736 [78f89d9b-e409-4704-890b-bfcfbcdfd28a-groupManagement] INFO  storage.RaftStorage (RaftStorageImpl.java:format(99)) - Storage directory /home/runner/work/ozone/ozone/hadoop-ozone/integration-test/target/test-dir/MiniOzoneClusterImpl-a0fc024b-a492-45a5-9697-b0d14f72cb5c/datanode-8/data/ratis/a069b16c-3c19-42f6-a3b4-b62ac99fa1e0 has been successfully formatted.
2024-02-22 20:33:41,736 [78f89d9b-e409-4704-890b-bfcfbcdfd28a-groupManagement] WARN  util.FileUtils (LogUtils.java:supplyAndLog(63)) - Failed to Files.newInputStream /home/runner/work/ozone/ozone/hadoop-ozone/integration-test/target/test-dir/MiniOzoneClusterImpl-a0fc024b-a492-45a5-9697-b0d14f72cb5c/datanode-8/data/ratis/a069b16c-3c19-42f6-a3b4-b62ac99fa1e0/current/raft-meta.conf with options []: java.nio.file.NoSuchFileException: /home/runner/work/ozone/ozone/hadoop-ozone/integration-test/target/test-dir/MiniOzoneClusterImpl-a0fc024b-a492-45a5-9697-b0d14f72cb5c/datanode-8/data/ratis/a069b16c-3c19-42f6-a3b4-b62ac99fa1e0/current/raft-meta.conf
2024-02-22 20:33:41,736 [86ab988c-fa9c-425d-a1c6-9004ff7fd93d-groupManagement] INFO  storage.RaftStorage (RaftStorageImpl.java:format(99)) - Storage directory /home/runner/work/ozone/ozone/hadoop-ozone/integration-test/target/test-dir/MiniOzoneClusterImpl-a0fc024b-a492-45a5-9697-b0d14f72cb5c/datanode-5/data/ratis/724f0737-a92a-4fca-96d8-c6933685b048 has been successfully formatted.
2024-02-22 20:33:41,737 [86ab988c-fa9c-425d-a1c6-9004ff7fd93d-groupManagement] WARN  util.FileUtils (LogUtils.java:supplyAndLog(63)) - Failed to Files.newInputStream /home/runner/work/ozone/ozone/hadoop-ozone/integration-test/target/test-dir/MiniOzoneClusterImpl-a0fc024b-a492-45a5-9697-b0d14f72cb5c/datanode-5/data/ratis/724f0737-a92a-4fca-96d8-c6933685b048/current/raft-meta.conf with options []: java.nio.file.NoSuchFileException: /home/runner/work/ozone/ozone/hadoop-ozone/integration-test/target/test-dir/MiniOzoneClusterImpl-a0fc024b-a492-45a5-9697-b0d14f72cb5c/datanode-5/data/ratis/724f0737-a92a-4fca-96d8-c6933685b048/current/raft-meta.conf
2024-02-22 20:33:41,738 [4e8f68d6-fd98-4f77-87e3-715939181693-PipelineCommandHandlerThread-0] INFO  commandhandler.CreatePipelineCommandHandler (CreatePipelineCommandHandler.java:lambda$handle$2(124)) - Created Pipeline RATIS THREE PipelineID=d9165cc6-fdfc-42ee-9f98-97bb02909e0e.
2024-02-22 20:33:41,738 [4e8f68d6-fd98-4f77-87e3-715939181693-PipelineCommandHandlerThread-0] INFO  server.RaftServer (RaftServerProxy.java:addNew(100)) - 4e8f68d6-fd98-4f77-87e3-715939181693: addNew group-C11F3E838557:[e46a6e51-795f-4801-a523-c45a6c7f2c34|10.1.0.33:15014, d25dc3b0-28fc-4383-b1a0-617845025f41|10.1.0.33:15032, 4e8f68d6-fd98-4f77-87e3-715939181693|10.1.0.33:15041] returns group-C11F3E838557:java.util.concurrent.CompletableFuture@c814577[Not completed]
2024-02-22 20:33:41,739 [4e8f68d6-fd98-4f77-87e3-715939181693-groupManagement] INFO  server.RaftServer$Division (RaftServerImpl.java:<init>(256)) - 4e8f68d6-fd98-4f77-87e3-715939181693: new RaftServerImpl for group-C11F3E838557:[e46a6e51-795f-4801-a523-c45a6c7f2c34|10.1.0.33:15014, d25dc3b0-28fc-4383-b1a0-617845025f41|10.1.0.33:15032, 4e8f68d6-fd98-4f77-87e3-715939181693|10.1.0.33:15041] with ContainerStateMachine:uninitialized
2024-02-22 20:33:41,739 [4e8f68d6-fd98-4f77-87e3-715939181693-groupManagement] INFO  server.RaftServerConfigKeys (ConfUtils.java:logGet(46)) - raft.server.rpc.timeout.min = 5s (custom)
2024-02-22 20:33:41,739 [4e8f68d6-fd98-4f77-87e3-715939181693-groupManagement] INFO  server.RaftServerConfigKeys (ConfUtils.java:logGet(46)) - raft.server.rpc.timeout.max = 5200ms (custom)
2024-02-22 20:33:41,739 [4e8f68d6-fd98-4f77-87e3-715939181693-groupManagement] INFO  server.RaftServerConfigKeys (ConfUtils.java:logGet(46)) - raft.server.rpc.sleep.time = 25ms (default)
2024-02-22 20:33:41,740 [4e8f68d6-fd98-4f77-87e3-715939181693-groupManagement] INFO  server.RaftServerConfigKeys (ConfUtils.java:logGet(46)) - raft.server.rpc.slowness.timeout = 300s (custom)
2024-02-22 20:33:41,740 [4e8f68d6-fd98-4f77-87e3-715939181693-groupManagement] INFO  server.RaftServerConfigKeys (ConfUtils.java:logGet(46)) - raft.server.leaderelection.leader.step-down.wait-time = 10s (default)
2024-02-22 20:33:41,740 [4e8f68d6-fd98-4f77-87e3-715939181693-groupManagement] INFO  server.RaftServerConfigKeys (ConfUtils.java:logGet(46)) - raft.server.leaderelection.member.majority-add = false (default)
2024-02-22 20:33:41,740 [4e8f68d6-fd98-4f77-87e3-715939181693-groupManagement] INFO  server.RaftServerConfigKeys (ConfUtils.java:logGet(46)) - raft.server.sleep.deviation.threshold = 300ms (default)
2024-02-22 20:33:41,740 [4e8f68d6-fd98-4f77-87e3-715939181693-groupManagement] INFO  server.RaftServer$Division (ServerState.java:<init>(113)) - 4e8f68d6-fd98-4f77-87e3-715939181693@group-C11F3E838557: ConfigurationManager, init=-1: peers:[e46a6e51-795f-4801-a523-c45a6c7f2c34|10.1.0.33:15014, d25dc3b0-28fc-4383-b1a0-617845025f41|10.1.0.33:15032, 4e8f68d6-fd98-4f77-87e3-715939181693|10.1.0.33:15041]|listeners:[], old=null, confs=<EMPTY_MAP>
2024-02-22 20:33:41,740 [4e8f68d6-fd98-4f77-87e3-715939181693-groupManagement] INFO  server.RaftServerConfigKeys (ConfUtils.java:logGet(46)) - raft.server.notification.no-leader.timeout = 300s (custom)
2024-02-22 20:33:41,740 [4e8f68d6-fd98-4f77-87e3-715939181693-groupManagement] INFO  server.RaftServerConfigKeys (ConfUtils.java:logGet(46)) - raft.server.read.timeout = 10s (default)
2024-02-22 20:33:41,740 [4e8f68d6-fd98-4f77-87e3-715939181693-groupManagement] INFO  server.RaftServerConfigKeys (ConfUtils.java:logGet(46)) - raft.server.retrycache.expirytime = 600000ms (custom)
2024-02-22 20:33:41,740 [4e8f68d6-fd98-4f77-87e3-715939181693-groupManagement] INFO  server.RaftServerConfigKeys (ConfUtils.java:logGet(46)) - raft.server.retrycache.statistics.expirytime = 100ms (default)
2024-02-22 20:33:41,740 [4e8f68d6-fd98-4f77-87e3-715939181693-groupManagement] INFO  server.RaftServerConfigKeys (ConfUtils.java:logGet(46)) - raft.server.read.option = DEFAULT (default)
2024-02-22 20:33:41,740 [4e8f68d6-fd98-4f77-87e3-715939181693-groupManagement] INFO  server.RaftServerConfigKeys (ConfUtils.java:logGet(46)) - raft.server.read.read-after-write-consistent.write-index-cache.expiry-time = 60s (default)
2024-02-22 20:33:41,742 [4e8f68d6-fd98-4f77-87e3-715939181693-groupManagement] INFO  server.RaftServerConfigKeys (ConfUtils.java:logGet(46)) - raft.server.rpc.request.timeout = 60s (custom)
2024-02-22 20:33:41,742 [4e8f68d6-fd98-4f77-87e3-715939181693-groupManagement] INFO  server.RaftServerConfigKeys (ConfUtils.java:logGet(46)) - raft.server.log.appender.install.snapshot.enabled = false (custom)
2024-02-22 20:33:41,742 [4e8f68d6-fd98-4f77-87e3-715939181693-groupManagement] INFO  server.RaftServerConfigKeys (ConfUtils.java:logGet(46)) - raft.server.threadpool.server.cached = true (default)
2024-02-22 20:33:41,742 [4e8f68d6-fd98-4f77-87e3-715939181693-groupManagement] INFO  server.RaftServerConfigKeys (ConfUtils.java:logGet(46)) - raft.server.threadpool.server.size = 0 (default)
2024-02-22 20:33:41,743 [4e8f68d6-fd98-4f77-87e3-715939181693-groupManagement] INFO  server.RaftServerConfigKeys (ConfUtils.java:logGet(46)) - raft.server.threadpool.client.cached = true (default)
2024-02-22 20:33:41,743 [4e8f68d6-fd98-4f77-87e3-715939181693-groupManagement] INFO  server.RaftServerConfigKeys (ConfUtils.java:logGet(46)) - raft.server.threadpool.client.size = 0 (default)
2024-02-22 20:33:41,743 [4e8f68d6-fd98-4f77-87e3-715939181693-groupManagement] INFO  server.RaftServerConfigKeys (ConfUtils.java:logGet(46)) - raft.server.storage.free-space.min = 0MB (=0) (default)
2024-02-22 20:33:41,743 [4e8f68d6-fd98-4f77-87e3-715939181693-groupManagement] INFO  server.RaftServerConfigKeys (ConfUtils.java:logGet(46)) - raft.server.log.corruption.policy = EXCEPTION (default)
2024-02-22 20:33:41,743 [4e8f68d6-fd98-4f77-87e3-715939181693-groupManagement] INFO  server.RaftServerConfigKeys (ConfUtils.java:logGet(46)) - raft.server.storage.dir = [/home/runner/work/ozone/ozone/hadoop-ozone/integration-test/target/test-dir/MiniOzoneClusterImpl-a0fc024b-a492-45a5-9697-b0d14f72cb5c/datanode-3/data/ratis] (custom)
2024-02-22 20:33:41,743 [4e8f68d6-fd98-4f77-87e3-715939181693-groupManagement] INFO  storage.RaftStorageDirectory (RaftStorageDirectoryImpl.java:analyzeStorage(138)) - The storage directory /home/runner/work/ozone/ozone/hadoop-ozone/integration-test/target/test-dir/MiniOzoneClusterImpl-a0fc024b-a492-45a5-9697-b0d14f72cb5c/datanode-3/data/ratis/df82f477-9a32-43af-879e-c11f3e838557 does not exist. Creating ...
2024-02-22 20:33:41,744 [4e8f68d6-fd98-4f77-87e3-715939181693-groupManagement] INFO  storage.RaftStorageDirectory (RaftStorageDirectoryImpl.java:tryLock(228)) - Lock on /home/runner/work/ozone/ozone/hadoop-ozone/integration-test/target/test-dir/MiniOzoneClusterImpl-a0fc024b-a492-45a5-9697-b0d14f72cb5c/datanode-3/data/ratis/df82f477-9a32-43af-879e-c11f3e838557/in_use.lock acquired by nodename 30552@fv-az779-213
2024-02-22 20:33:41,745 [4e8f68d6-fd98-4f77-87e3-715939181693-groupManagement] INFO  storage.RaftStorage (RaftStorageImpl.java:format(99)) - Storage directory /home/runner/work/ozone/ozone/hadoop-ozone/integration-test/target/test-dir/MiniOzoneClusterImpl-a0fc024b-a492-45a5-9697-b0d14f72cb5c/datanode-3/data/ratis/df82f477-9a32-43af-879e-c11f3e838557 has been successfully formatted.
2024-02-22 20:33:41,745 [4e8f68d6-fd98-4f77-87e3-715939181693-groupManagement] WARN  util.FileUtils (LogUtils.java:supplyAndLog(63)) - Failed to Files.newInputStream /home/runner/work/ozone/ozone/hadoop-ozone/integration-test/target/test-dir/MiniOzoneClusterImpl-a0fc024b-a492-45a5-9697-b0d14f72cb5c/datanode-3/data/ratis/df82f477-9a32-43af-879e-c11f3e838557/current/raft-meta.conf with options []: java.nio.file.NoSuchFileException: /home/runner/work/ozone/ozone/hadoop-ozone/integration-test/target/test-dir/MiniOzoneClusterImpl-a0fc024b-a492-45a5-9697-b0d14f72cb5c/datanode-3/data/ratis/df82f477-9a32-43af-879e-c11f3e838557/current/raft-meta.conf
2024-02-22 20:33:41,750 [78f89d9b-e409-4704-890b-bfcfbcdfd28a-groupManagement] INFO  ratis.ContainerStateMachine (ContainerStateMachine.java:loadSnapshot(287)) - group-B62AC99FA1E0: The snapshot info is null. Setting the last applied index to:(t:0, i:~)
2024-02-22 20:33:41,750 [78f89d9b-e409-4704-890b-bfcfbcdfd28a-groupManagement] INFO  server.RaftServerConfigKeys (ConfUtils.java:logGet(46)) - raft.server.log.use.memory = false (default)
2024-02-22 20:33:41,750 [78f89d9b-e409-4704-890b-bfcfbcdfd28a-groupManagement] INFO  server.RaftServerConfigKeys (ConfUtils.java:logGet(46)) - raft.server.log.purge.gap = 1000000 (custom)
2024-02-22 20:33:41,750 [78f89d9b-e409-4704-890b-bfcfbcdfd28a-groupManagement] INFO  server.RaftServerConfigKeys (ConfUtils.java:logGet(46)) - raft.server.log.appender.buffer.byte-limit = 8388608 (custom)
2024-02-22 20:33:41,751 [78f89d9b-e409-4704-890b-bfcfbcdfd28a-groupManagement] INFO  server.RaftServerConfigKeys (ConfUtils.java:logGet(46)) - raft.server.log.statemachine.data.read.timeout = 1000ms (default)
2024-02-22 20:33:41,751 [78f89d9b-e409-4704-890b-bfcfbcdfd28a-groupManagement] INFO  server.RaftServerConfigKeys (ConfUtils.java:logGet(46)) - raft.server.log.purge.preservation.log.num = 0 (default)
2024-02-22 20:33:41,752 [78f89d9b-e409-4704-890b-bfcfbcdfd28a-groupManagement] INFO  server.RaftServerConfigKeys (ConfUtils.java:logGet(46)) - raft.server.log.segment.size.max = 67108864 (custom)
2024-02-22 20:33:41,752 [78f89d9b-e409-4704-890b-bfcfbcdfd28a-groupManagement] INFO  server.RaftServerConfigKeys (ConfUtils.java:logGet(46)) - raft.server.log.segment.cache.num.max = 2 (custom)
2024-02-22 20:33:41,752 [78f89d9b-e409-4704-890b-bfcfbcdfd28a-groupManagement] INFO  server.RaftServerConfigKeys (ConfUtils.java:logGet(46)) - raft.server.log.segment.cache.size.max = 200MB (=209715200) (default)
2024-02-22 20:33:41,753 [78f89d9b-e409-4704-890b-bfcfbcdfd28a-groupManagement] INFO  server.RaftServerConfigKeys (ConfUtils.java:logGet(46)) - raft.server.log.appender.buffer.byte-limit = 8388608 (custom)
2024-02-22 20:33:41,750 [86ab988c-fa9c-425d-a1c6-9004ff7fd93d-groupManagement] INFO  ratis.ContainerStateMachine (ContainerStateMachine.java:loadSnapshot(287)) - group-C6933685B048: The snapshot info is null. Setting the last applied index to:(t:0, i:~)
2024-02-22 20:33:41,753 [86ab988c-fa9c-425d-a1c6-9004ff7fd93d-groupManagement] INFO  server.RaftServerConfigKeys (ConfUtils.java:logGet(46)) - raft.server.log.use.memory = false (default)
2024-02-22 20:33:41,753 [86ab988c-fa9c-425d-a1c6-9004ff7fd93d-groupManagement] INFO  server.RaftServerConfigKeys (ConfUtils.java:logGet(46)) - raft.server.log.purge.gap = 1000000 (custom)
2024-02-22 20:33:41,753 [86ab988c-fa9c-425d-a1c6-9004ff7fd93d-groupManagement] INFO  server.RaftServerConfigKeys (ConfUtils.java:logGet(46)) - raft.server.log.appender.buffer.byte-limit = 8388608 (custom)
2024-02-22 20:33:41,753 [86ab988c-fa9c-425d-a1c6-9004ff7fd93d-groupManagement] INFO  server.RaftServerConfigKeys (ConfUtils.java:logGet(46)) - raft.server.log.statemachine.data.read.timeout = 1000ms (default)
2024-02-22 20:33:41,753 [86ab988c-fa9c-425d-a1c6-9004ff7fd93d-groupManagement] INFO  server.RaftServerConfigKeys (ConfUtils.java:logGet(46)) - raft.server.log.purge.preservation.log.num = 0 (default)
2024-02-22 20:33:41,754 [d25dc3b0-28fc-4383-b1a0-617845025f41-groupManagement] INFO  util.AwaitToRun (AwaitToRun.java:start(81)) - Thread[d25dc3b0-28fc-4383-b1a0-617845025f41@group-C11F3E838557-cacheEviction-AwaitToRun,5,main] started
2024-02-22 20:33:41,754 [d25dc3b0-28fc-4383-b1a0-617845025f41-groupManagement] INFO  segmented.SegmentedRaftLogWorker (SegmentedRaftLogWorker.java:<init>(182)) - new d25dc3b0-28fc-4383-b1a0-617845025f41@group-C11F3E838557-SegmentedRaftLogWorker for RaftStorageImpl:Storage Directory /home/runner/work/ozone/ozone/hadoop-ozone/integration-test/target/test-dir/MiniOzoneClusterImpl-a0fc024b-a492-45a5-9697-b0d14f72cb5c/datanode-2/data/ratis/df82f477-9a32-43af-879e-c11f3e838557
2024-02-22 20:33:41,754 [d25dc3b0-28fc-4383-b1a0-617845025f41-groupManagement] INFO  server.RaftServerConfigKeys (ConfUtils.java:logGet(46)) - raft.server.log.queue.byte-limit = 4294967296 (custom)
2024-02-22 20:33:41,754 [d25dc3b0-28fc-4383-b1a0-617845025f41-groupManagement] INFO  server.RaftServerConfigKeys (ConfUtils.java:logGet(46)) - raft.server.log.queue.element-limit = 1024 (custom)
2024-02-22 20:33:41,754 [d25dc3b0-28fc-4383-b1a0-617845025f41-groupManagement] INFO  server.RaftServerConfigKeys (ConfUtils.java:logGet(46)) - raft.server.log.segment.size.max = 67108864 (custom)
2024-02-22 20:33:41,755 [d25dc3b0-28fc-4383-b1a0-617845025f41-groupManagement] INFO  server.RaftServerConfigKeys (ConfUtils.java:logGet(46)) - raft.server.log.preallocated.size = 4194304 (custom)
2024-02-22 20:33:41,755 [d25dc3b0-28fc-4383-b1a0-617845025f41-groupManagement] INFO  server.RaftServerConfigKeys (ConfUtils.java:logGet(46)) - raft.server.log.force.sync.num = 128 (default)
2024-02-22 20:33:41,755 [d25dc3b0-28fc-4383-b1a0-617845025f41-groupManagement] INFO  server.RaftServerConfigKeys (ConfUtils.java:logGet(46)) - raft.server.log.statemachine.data.sync = true (default)
2024-02-22 20:33:41,755 [d25dc3b0-28fc-4383-b1a0-617845025f41-groupManagement] INFO  server.RaftServerConfigKeys (ConfUtils.java:logGet(46)) - raft.server.log.statemachine.data.sync.timeout = 10s (default)
2024-02-22 20:33:41,755 [d25dc3b0-28fc-4383-b1a0-617845025f41-groupManagement] INFO  server.RaftServerConfigKeys (ConfUtils.java:logGet(46)) - raft.server.log.statemachine.data.sync.timeout.retry = 0 (custom)
2024-02-22 20:33:41,755 [d25dc3b0-28fc-4383-b1a0-617845025f41-groupManagement] INFO  server.RaftServerConfigKeys (ConfUtils.java:logGet(46)) - raft.server.log.write.buffer.size = 8388616 (custom)
2024-02-22 20:33:41,755 [EventQueue-PipelineReportForPipelineReportHandler] INFO  pipeline.PipelineReportHandler (PipelineReportHandler.java:processPipelineReport(136)) - Opened pipeline PipelineID=8d5f8f25-b7e1-4606-82d0-0722226b2d74
2024-02-22 20:33:41,755 [EventQueue-OpenPipelineForHealthyPipelineSafeModeRule] INFO  safemode.SCMSafeModeManager (HealthyPipelineSafeModeRule.java:process(140)) - SCM in safe mode. Healthy pipelines reported count is 0, required healthy pipeline reported count is 1
2024-02-22 20:33:41,756 [EventQueue-OpenPipelineForHealthyPipelineSafeModeRule] INFO  safemode.SCMSafeModeManager (HealthyPipelineSafeModeRule.java:process(140)) - SCM in safe mode. Healthy pipelines reported count is 0, required healthy pipeline reported count is 1
2024-02-22 20:33:41,756 [EventQueue-OpenPipelineForHealthyPipelineSafeModeRule] INFO  safemode.SCMSafeModeManager (HealthyPipelineSafeModeRule.java:process(140)) - SCM in safe mode. Healthy pipelines reported count is 0, required healthy pipeline reported count is 1
2024-02-22 20:33:41,756 [EventQueue-OpenPipelineForHealthyPipelineSafeModeRule] INFO  safemode.SCMSafeModeManager (HealthyPipelineSafeModeRule.java:process(140)) - SCM in safe mode. Healthy pipelines reported count is 0, required healthy pipeline reported count is 1
2024-02-22 20:33:41,756 [EventQueue-OpenPipelineForHealthyPipelineSafeModeRule] INFO  safemode.SCMSafeModeManager (HealthyPipelineSafeModeRule.java:process(140)) - SCM in safe mode. Healthy pipelines reported count is 0, required healthy pipeline reported count is 1
2024-02-22 20:33:41,756 [EventQueue-OpenPipelineForHealthyPipelineSafeModeRule] INFO  safemode.SCMSafeModeManager (HealthyPipelineSafeModeRule.java:process(140)) - SCM in safe mode. Healthy pipelines reported count is 0, required healthy pipeline reported count is 1
2024-02-22 20:33:41,750 [e780b093-7242-46d7-bd8f-0f810188c7b3-groupManagement] INFO  ratis.ContainerStateMachine (ContainerStateMachine.java:loadSnapshot(287)) - group-0722226B2D74: The snapshot info is null. Setting the last applied index to:(t:0, i:~)
2024-02-22 20:33:41,756 [e780b093-7242-46d7-bd8f-0f810188c7b3-groupManagement] INFO  server.RaftServerConfigKeys (ConfUtils.java:logGet(46)) - raft.server.log.use.memory = false (default)
2024-02-22 20:33:41,756 [e780b093-7242-46d7-bd8f-0f810188c7b3-groupManagement] INFO  server.RaftServerConfigKeys (ConfUtils.java:logGet(46)) - raft.server.log.purge.gap = 1000000 (custom)
2024-02-22 20:33:41,756 [e780b093-7242-46d7-bd8f-0f810188c7b3-groupManagement] INFO  server.RaftServerConfigKeys (ConfUtils.java:logGet(46)) - raft.server.log.appender.buffer.byte-limit = 8388608 (custom)
2024-02-22 20:33:41,756 [e780b093-7242-46d7-bd8f-0f810188c7b3-groupManagement] INFO  server.RaftServerConfigKeys (ConfUtils.java:logGet(46)) - raft.server.log.statemachine.data.read.timeout = 1000ms (default)
2024-02-22 20:33:41,756 [e780b093-7242-46d7-bd8f-0f810188c7b3-groupManagement] INFO  server.RaftServerConfigKeys (ConfUtils.java:logGet(46)) - raft.server.log.purge.preservation.log.num = 0 (default)
2024-02-22 20:33:41,757 [d25dc3b0-28fc-4383-b1a0-617845025f41-groupManagement] INFO  server.RaftServerConfigKeys (ConfUtils.java:logGet(46)) - raft.server.log.appender.buffer.byte-limit = 8388608 (custom)
2024-02-22 20:33:41,757 [d25dc3b0-28fc-4383-b1a0-617845025f41-groupManagement] INFO  server.RaftServerConfigKeys (ConfUtils.java:logGet(46)) - raft.server.log.unsafe-flush.enabled = false (default)
2024-02-22 20:33:41,757 [d25dc3b0-28fc-4383-b1a0-617845025f41-groupManagement] INFO  server.RaftServerConfigKeys (ConfUtils.java:logGet(46)) - raft.server.log.async-flush.enabled = false (default)
2024-02-22 20:33:41,757 [d25dc3b0-28fc-4383-b1a0-617845025f41-groupManagement] INFO  server.RaftServerConfigKeys (ConfUtils.java:logGet(46)) - raft.server.log.statemachine.data.caching.enabled = true (custom)
2024-02-22 20:33:41,757 [d25dc3b0-28fc-4383-b1a0-617845025f41-groupManagement] INFO  segmented.SegmentedRaftLogWorker (SegmentedRaftLogWorker.java:lambda$new$0(134)) - d25dc3b0-28fc-4383-b1a0-617845025f41@group-C11F3E838557-SegmentedRaftLogWorker: flushIndex: setUnconditionally 0 -> -1
2024-02-22 20:33:41,757 [d25dc3b0-28fc-4383-b1a0-617845025f41-groupManagement] INFO  segmented.SegmentedRaftLogWorker (SegmentedRaftLogWorker.java:lambda$new$0(134)) - d25dc3b0-28fc-4383-b1a0-617845025f41@group-C11F3E838557-SegmentedRaftLogWorker: safeCacheEvictIndex: setUnconditionally 0 -> -1
2024-02-22 20:33:41,758 [e780b093-7242-46d7-bd8f-0f810188c7b3-groupManagement] INFO  server.RaftServerConfigKeys (ConfUtils.java:logGet(46)) - raft.server.log.segment.size.max = 67108864 (custom)
2024-02-22 20:33:41,758 [e780b093-7242-46d7-bd8f-0f810188c7b3-groupManagement] INFO  server.RaftServerConfigKeys (ConfUtils.java:logGet(46)) - raft.server.log.segment.cache.num.max = 2 (custom)
2024-02-22 20:33:41,758 [e780b093-7242-46d7-bd8f-0f810188c7b3-groupManagement] INFO  server.RaftServerConfigKeys (ConfUtils.java:logGet(46)) - raft.server.log.segment.cache.size.max = 200MB (=209715200) (default)
2024-02-22 20:33:41,758 [e780b093-7242-46d7-bd8f-0f810188c7b3-groupManagement] INFO  server.RaftServerConfigKeys (ConfUtils.java:logGet(46)) - raft.server.log.appender.buffer.byte-limit = 8388608 (custom)
2024-02-22 20:33:41,755 [86ab988c-fa9c-425d-a1c6-9004ff7fd93d-groupManagement] INFO  server.RaftServerConfigKeys (ConfUtils.java:logGet(46)) - raft.server.log.segment.size.max = 67108864 (custom)
2024-02-22 20:33:41,761 [d25dc3b0-28fc-4383-b1a0-617845025f41-groupManagement] INFO  server.RaftServer$Division (RaftServerImpl.java:start(396)) - d25dc3b0-28fc-4383-b1a0-617845025f41@group-C11F3E838557: start as a follower, conf=-1: peers:[e46a6e51-795f-4801-a523-c45a6c7f2c34|10.1.0.33:15014, d25dc3b0-28fc-4383-b1a0-617845025f41|10.1.0.33:15032, 4e8f68d6-fd98-4f77-87e3-715939181693|10.1.0.33:15041]|listeners:[], old=null
2024-02-22 20:33:41,761 [d25dc3b0-28fc-4383-b1a0-617845025f41-groupManagement] INFO  server.RaftServer$Division (RaftServerImpl.java:setRole(383)) - d25dc3b0-28fc-4383-b1a0-617845025f41@group-C11F3E838557: changes role from      null to FOLLOWER at term 0 for startAsFollower
2024-02-22 20:33:41,761 [d25dc3b0-28fc-4383-b1a0-617845025f41-groupManagement] INFO  impl.RoleInfo (RoleInfo.java:updateAndGet(139)) - d25dc3b0-28fc-4383-b1a0-617845025f41: start d25dc3b0-28fc-4383-b1a0-617845025f41@group-C11F3E838557-FollowerState
2024-02-22 20:33:41,761 [86ab988c-fa9c-425d-a1c6-9004ff7fd93d-groupManagement] INFO  server.RaftServerConfigKeys (ConfUtils.java:logGet(46)) - raft.server.log.segment.cache.num.max = 2 (custom)
2024-02-22 20:33:41,761 [86ab988c-fa9c-425d-a1c6-9004ff7fd93d-groupManagement] INFO  server.RaftServerConfigKeys (ConfUtils.java:logGet(46)) - raft.server.log.segment.cache.size.max = 200MB (=209715200) (default)
2024-02-22 20:33:41,762 [86ab988c-fa9c-425d-a1c6-9004ff7fd93d-groupManagement] INFO  server.RaftServerConfigKeys (ConfUtils.java:logGet(46)) - raft.server.log.appender.buffer.byte-limit = 8388608 (custom)
2024-02-22 20:33:41,762 [d25dc3b0-28fc-4383-b1a0-617845025f41-groupManagement] INFO  util.JmxRegister (JmxRegister.java:tryRegister(44)) - Successfully registered JMX Bean with object name Ratis:service=RaftServer,group=group-C11F3E838557,id=d25dc3b0-28fc-4383-b1a0-617845025f41
2024-02-22 20:33:41,762 [d25dc3b0-28fc-4383-b1a0-617845025f41-groupManagement] INFO  server.RaftServerConfigKeys (ConfUtils.java:logGet(46)) - raft.server.snapshot.trigger-when-stop.enabled = true (default)
2024-02-22 20:33:41,762 [d25dc3b0-28fc-4383-b1a0-617845025f41-groupManagement] INFO  server.RaftServerConfigKeys (ConfUtils.java:logGet(46)) - raft.server.snapshot.auto.trigger.enabled = true (custom)
2024-02-22 20:33:41,762 [d25dc3b0-28fc-4383-b1a0-617845025f41-groupManagement] INFO  server.RaftServerConfigKeys (ConfUtils.java:logGet(46)) - raft.server.snapshot.auto.trigger.threshold = 10000 (custom)
2024-02-22 20:33:41,763 [d25dc3b0-28fc-4383-b1a0-617845025f41-groupManagement] INFO  server.RaftServerConfigKeys (ConfUtils.java:logGet(46)) - raft.server.snapshot.retention.file.num = 5 (custom)
2024-02-22 20:33:41,763 [d25dc3b0-28fc-4383-b1a0-617845025f41-groupManagement] INFO  server.RaftServerConfigKeys (ConfUtils.java:logGet(46)) - raft.server.log.purge.upto.snapshot.index = false (default)
2024-02-22 20:33:41,763 [d25dc3b0-28fc-4383-b1a0-617845025f41@group-C11F3E838557-FollowerState] INFO  server.RaftServerConfigKeys (ConfUtils.java:logFallback(53)) - raft.server.rpc.first-election.timeout.min = 5s (fallback to raft.server.rpc.timeout.min)
2024-02-22 20:33:41,764 [d25dc3b0-28fc-4383-b1a0-617845025f41@group-C11F3E838557-FollowerState] INFO  server.RaftServerConfigKeys (ConfUtils.java:logFallback(53)) - raft.server.rpc.first-election.timeout.max = 5200ms (fallback to raft.server.rpc.timeout.max)
2024-02-22 20:33:41,766 [d25dc3b0-28fc-4383-b1a0-617845025f41-PipelineCommandHandlerThread-0] INFO  ratis.XceiverServerRatis (XceiverServerRatis.java:addGroup(864)) - Created group PipelineID=df82f477-9a32-43af-879e-c11f3e838557
2024-02-22 20:33:41,770 [e46a6e51-795f-4801-a523-c45a6c7f2c34-PipelineCommandHandlerThread-0] INFO  commandhandler.CreatePipelineCommandHandler (CreatePipelineCommandHandler.java:lambda$handle$2(124)) - Created Pipeline RATIS THREE PipelineID=7a70ea48-d71a-4b2b-bc50-affc1e458e84.
2024-02-22 20:33:41,771 [e46a6e51-795f-4801-a523-c45a6c7f2c34-PipelineCommandHandlerThread-0] INFO  server.RaftServer (RaftServerProxy.java:addNew(100)) - e46a6e51-795f-4801-a523-c45a6c7f2c34: addNew group-C11F3E838557:[e46a6e51-795f-4801-a523-c45a6c7f2c34|10.1.0.33:15014, d25dc3b0-28fc-4383-b1a0-617845025f41|10.1.0.33:15032, 4e8f68d6-fd98-4f77-87e3-715939181693|10.1.0.33:15041] returns group-C11F3E838557:java.util.concurrent.CompletableFuture@71cb5977[Not completed]
2024-02-22 20:33:41,772 [e46a6e51-795f-4801-a523-c45a6c7f2c34-groupManagement] INFO  server.RaftServer$Division (RaftServerImpl.java:<init>(256)) - e46a6e51-795f-4801-a523-c45a6c7f2c34: new RaftServerImpl for group-C11F3E838557:[e46a6e51-795f-4801-a523-c45a6c7f2c34|10.1.0.33:15014, d25dc3b0-28fc-4383-b1a0-617845025f41|10.1.0.33:15032, 4e8f68d6-fd98-4f77-87e3-715939181693|10.1.0.33:15041] with ContainerStateMachine:uninitialized
2024-02-22 20:33:41,772 [e46a6e51-795f-4801-a523-c45a6c7f2c34-groupManagement] INFO  server.RaftServerConfigKeys (ConfUtils.java:logGet(46)) - raft.server.rpc.timeout.min = 5s (custom)
2024-02-22 20:33:41,772 [e46a6e51-795f-4801-a523-c45a6c7f2c34-groupManagement] INFO  server.RaftServerConfigKeys (ConfUtils.java:logGet(46)) - raft.server.rpc.timeout.max = 5200ms (custom)
2024-02-22 20:33:41,772 [e46a6e51-795f-4801-a523-c45a6c7f2c34-groupManagement] INFO  server.RaftServerConfigKeys (ConfUtils.java:logGet(46)) - raft.server.rpc.sleep.time = 25ms (default)
2024-02-22 20:33:41,772 [e46a6e51-795f-4801-a523-c45a6c7f2c34-groupManagement] INFO  server.RaftServerConfigKeys (ConfUtils.java:logGet(46)) - raft.server.rpc.slowness.timeout = 300s (custom)
2024-02-22 20:33:41,772 [e46a6e51-795f-4801-a523-c45a6c7f2c34-groupManagement] INFO  server.RaftServerConfigKeys (ConfUtils.java:logGet(46)) - raft.server.leaderelection.leader.step-down.wait-time = 10s (default)
2024-02-22 20:33:41,772 [e46a6e51-795f-4801-a523-c45a6c7f2c34-groupManagement] INFO  server.RaftServerConfigKeys (ConfUtils.java:logGet(46)) - raft.server.leaderelection.member.majority-add = false (default)
2024-02-22 20:33:41,772 [e46a6e51-795f-4801-a523-c45a6c7f2c34-groupManagement] INFO  server.RaftServerConfigKeys (ConfUtils.java:logGet(46)) - raft.server.sleep.deviation.threshold = 300ms (default)
2024-02-22 20:33:41,772 [e46a6e51-795f-4801-a523-c45a6c7f2c34-groupManagement] INFO  server.RaftServer$Division (ServerState.java:<init>(113)) - e46a6e51-795f-4801-a523-c45a6c7f2c34@group-C11F3E838557: ConfigurationManager, init=-1: peers:[e46a6e51-795f-4801-a523-c45a6c7f2c34|10.1.0.33:15014, d25dc3b0-28fc-4383-b1a0-617845025f41|10.1.0.33:15032, 4e8f68d6-fd98-4f77-87e3-715939181693|10.1.0.33:15041]|listeners:[], old=null, confs=<EMPTY_MAP>
2024-02-22 20:33:41,772 [e46a6e51-795f-4801-a523-c45a6c7f2c34-groupManagement] INFO  server.RaftServerConfigKeys (ConfUtils.java:logGet(46)) - raft.server.notification.no-leader.timeout = 300s (custom)
2024-02-22 20:33:41,772 [e46a6e51-795f-4801-a523-c45a6c7f2c34-groupManagement] INFO  server.RaftServerConfigKeys (ConfUtils.java:logGet(46)) - raft.server.read.timeout = 10s (default)
2024-02-22 20:33:41,772 [e46a6e51-795f-4801-a523-c45a6c7f2c34-groupManagement] INFO  server.RaftServerConfigKeys (ConfUtils.java:logGet(46)) - raft.server.retrycache.expirytime = 600000ms (custom)
2024-02-22 20:33:41,773 [e46a6e51-795f-4801-a523-c45a6c7f2c34-groupManagement] INFO  server.RaftServerConfigKeys (ConfUtils.java:logGet(46)) - raft.server.retrycache.statistics.expirytime = 100ms (default)
2024-02-22 20:33:41,773 [e46a6e51-795f-4801-a523-c45a6c7f2c34-groupManagement] INFO  server.RaftServerConfigKeys (ConfUtils.java:logGet(46)) - raft.server.read.option = DEFAULT (default)
2024-02-22 20:33:41,773 [e46a6e51-795f-4801-a523-c45a6c7f2c34-groupManagement] INFO  server.RaftServerConfigKeys (ConfUtils.java:logGet(46)) - raft.server.read.read-after-write-consistent.write-index-cache.expiry-time = 60s (default)
2024-02-22 20:33:41,773 [86ab988c-fa9c-425d-a1c6-9004ff7fd93d-groupManagement] INFO  util.AwaitToRun (AwaitToRun.java:start(81)) - Thread[86ab988c-fa9c-425d-a1c6-9004ff7fd93d@group-C6933685B048-cacheEviction-AwaitToRun,5,main] started
2024-02-22 20:33:41,773 [86ab988c-fa9c-425d-a1c6-9004ff7fd93d-groupManagement] INFO  segmented.SegmentedRaftLogWorker (SegmentedRaftLogWorker.java:<init>(182)) - new 86ab988c-fa9c-425d-a1c6-9004ff7fd93d@group-C6933685B048-SegmentedRaftLogWorker for RaftStorageImpl:Storage Directory /home/runner/work/ozone/ozone/hadoop-ozone/integration-test/target/test-dir/MiniOzoneClusterImpl-a0fc024b-a492-45a5-9697-b0d14f72cb5c/datanode-5/data/ratis/724f0737-a92a-4fca-96d8-c6933685b048
2024-02-22 20:33:41,773 [86ab988c-fa9c-425d-a1c6-9004ff7fd93d-groupManagement] INFO  server.RaftServerConfigKeys (ConfUtils.java:logGet(46)) - raft.server.log.queue.byte-limit = 4294967296 (custom)
2024-02-22 20:33:41,773 [86ab988c-fa9c-425d-a1c6-9004ff7fd93d-groupManagement] INFO  server.RaftServerConfigKeys (ConfUtils.java:logGet(46)) - raft.server.log.queue.element-limit = 1024 (custom)
2024-02-22 20:33:41,773 [86ab988c-fa9c-425d-a1c6-9004ff7fd93d-groupManagement] INFO  server.RaftServerConfigKeys (ConfUtils.java:logGet(46)) - raft.server.log.segment.size.max = 67108864 (custom)
2024-02-22 20:33:41,773 [86ab988c-fa9c-425d-a1c6-9004ff7fd93d-groupManagement] INFO  server.RaftServerConfigKeys (ConfUtils.java:logGet(46)) - raft.server.log.preallocated.size = 4194304 (custom)
2024-02-22 20:33:41,773 [86ab988c-fa9c-425d-a1c6-9004ff7fd93d-groupManagement] INFO  server.RaftServerConfigKeys (ConfUtils.java:logGet(46)) - raft.server.log.force.sync.num = 128 (default)
2024-02-22 20:33:41,773 [86ab988c-fa9c-425d-a1c6-9004ff7fd93d-groupManagement] INFO  server.RaftServerConfigKeys (ConfUtils.java:logGet(46)) - raft.server.log.statemachine.data.sync = true (default)
2024-02-22 20:33:41,773 [86ab988c-fa9c-425d-a1c6-9004ff7fd93d-groupManagement] INFO  server.RaftServerConfigKeys (ConfUtils.java:logGet(46)) - raft.server.log.statemachine.data.sync.timeout = 10s (default)
2024-02-22 20:33:41,773 [86ab988c-fa9c-425d-a1c6-9004ff7fd93d-groupManagement] INFO  server.RaftServerConfigKeys (ConfUtils.java:logGet(46)) - raft.server.log.statemachine.data.sync.timeout.retry = 0 (custom)
2024-02-22 20:33:41,774 [86ab988c-fa9c-425d-a1c6-9004ff7fd93d-groupManagement] INFO  server.RaftServerConfigKeys (ConfUtils.java:logGet(46)) - raft.server.log.write.buffer.size = 8388616 (custom)
2024-02-22 20:33:41,776 [e46a6e51-795f-4801-a523-c45a6c7f2c34-groupManagement] INFO  server.RaftServerConfigKeys (ConfUtils.java:logGet(46)) - raft.server.rpc.request.timeout = 60s (custom)
2024-02-22 20:33:41,776 [e46a6e51-795f-4801-a523-c45a6c7f2c34-groupManagement] INFO  server.RaftServerConfigKeys (ConfUtils.java:logGet(46)) - raft.server.log.appender.install.snapshot.enabled = false (custom)
2024-02-22 20:33:41,776 [e46a6e51-795f-4801-a523-c45a6c7f2c34-groupManagement] INFO  server.RaftServerConfigKeys (ConfUtils.java:logGet(46)) - raft.server.threadpool.server.cached = true (default)
2024-02-22 20:33:41,777 [e780b093-7242-46d7-bd8f-0f810188c7b3-groupManagement] INFO  util.AwaitToRun (AwaitToRun.java:start(81)) - Thread[e780b093-7242-46d7-bd8f-0f810188c7b3@group-0722226B2D74-cacheEviction-AwaitToRun,5,main] started
2024-02-22 20:33:41,777 [e780b093-7242-46d7-bd8f-0f810188c7b3-groupManagement] INFO  segmented.SegmentedRaftLogWorker (SegmentedRaftLogWorker.java:<init>(182)) - new e780b093-7242-46d7-bd8f-0f810188c7b3@group-0722226B2D74-SegmentedRaftLogWorker for RaftStorageImpl:Storage Directory /home/runner/work/ozone/ozone/hadoop-ozone/integration-test/target/test-dir/MiniOzoneClusterImpl-a0fc024b-a492-45a5-9697-b0d14f72cb5c/datanode-9/data/ratis/8d5f8f25-b7e1-4606-82d0-0722226b2d74
2024-02-22 20:33:41,777 [e780b093-7242-46d7-bd8f-0f810188c7b3-groupManagement] INFO  server.RaftServerConfigKeys (ConfUtils.java:logGet(46)) - raft.server.log.queue.byte-limit = 4294967296 (custom)
2024-02-22 20:33:41,777 [e780b093-7242-46d7-bd8f-0f810188c7b3-groupManagement] INFO  server.RaftServerConfigKeys (ConfUtils.java:logGet(46)) - raft.server.log.queue.element-limit = 1024 (custom)
2024-02-22 20:33:41,777 [e780b093-7242-46d7-bd8f-0f810188c7b3-groupManagement] INFO  server.RaftServerConfigKeys (ConfUtils.java:logGet(46)) - raft.server.log.segment.size.max = 67108864 (custom)
2024-02-22 20:33:41,777 [e780b093-7242-46d7-bd8f-0f810188c7b3-groupManagement] INFO  server.RaftServerConfigKeys (ConfUtils.java:logGet(46)) - raft.server.log.preallocated.size = 4194304 (custom)
2024-02-22 20:33:41,777 [e780b093-7242-46d7-bd8f-0f810188c7b3-groupManagement] INFO  server.RaftServerConfigKeys (ConfUtils.java:logGet(46)) - raft.server.log.force.sync.num = 128 (default)
2024-02-22 20:33:41,777 [e780b093-7242-46d7-bd8f-0f810188c7b3-groupManagement] INFO  server.RaftServerConfigKeys (ConfUtils.java:logGet(46)) - raft.server.log.statemachine.data.sync = true (default)
2024-02-22 20:33:41,777 [e780b093-7242-46d7-bd8f-0f810188c7b3-groupManagement] INFO  server.RaftServerConfigKeys (ConfUtils.java:logGet(46)) - raft.server.log.statemachine.data.sync.timeout = 10s (default)
2024-02-22 20:33:41,777 [e780b093-7242-46d7-bd8f-0f810188c7b3-groupManagement] INFO  server.RaftServerConfigKeys (ConfUtils.java:logGet(46)) - raft.server.log.statemachine.data.sync.timeout.retry = 0 (custom)
2024-02-22 20:33:41,778 [e780b093-7242-46d7-bd8f-0f810188c7b3-groupManagement] INFO  server.RaftServerConfigKeys (ConfUtils.java:logGet(46)) - raft.server.log.write.buffer.size = 8388616 (custom)
2024-02-22 20:33:41,778 [86ab988c-fa9c-425d-a1c6-9004ff7fd93d-groupManagement] INFO  server.RaftServerConfigKeys (ConfUtils.java:logGet(46)) - raft.server.log.appender.buffer.byte-limit = 8388608 (custom)
2024-02-22 20:33:41,778 [86ab988c-fa9c-425d-a1c6-9004ff7fd93d-groupManagement] INFO  server.RaftServerConfigKeys (ConfUtils.java:logGet(46)) - raft.server.log.unsafe-flush.enabled = false (default)
2024-02-22 20:33:41,779 [86ab988c-fa9c-425d-a1c6-9004ff7fd93d-groupManagement] INFO  server.RaftServerConfigKeys (ConfUtils.java:logGet(46)) - raft.server.log.async-flush.enabled = false (default)
2024-02-22 20:33:41,779 [86ab988c-fa9c-425d-a1c6-9004ff7fd93d-groupManagement] INFO  server.RaftServerConfigKeys (ConfUtils.java:logGet(46)) - raft.server.log.statemachine.data.caching.enabled = true (custom)
2024-02-22 20:33:41,779 [86ab988c-fa9c-425d-a1c6-9004ff7fd93d-groupManagement] INFO  segmented.SegmentedRaftLogWorker (SegmentedRaftLogWorker.java:lambda$new$0(134)) - 86ab988c-fa9c-425d-a1c6-9004ff7fd93d@group-C6933685B048-SegmentedRaftLogWorker: flushIndex: setUnconditionally 0 -> -1
2024-02-22 20:33:41,779 [86ab988c-fa9c-425d-a1c6-9004ff7fd93d-groupManagement] INFO  segmented.SegmentedRaftLogWorker (SegmentedRaftLogWorker.java:lambda$new$0(134)) - 86ab988c-fa9c-425d-a1c6-9004ff7fd93d@group-C6933685B048-SegmentedRaftLogWorker: safeCacheEvictIndex: setUnconditionally 0 -> -1
2024-02-22 20:33:41,780 [e780b093-7242-46d7-bd8f-0f810188c7b3-groupManagement] INFO  server.RaftServerConfigKeys (ConfUtils.java:logGet(46)) - raft.server.log.appender.buffer.byte-limit = 8388608 (custom)
2024-02-22 20:33:41,780 [e780b093-7242-46d7-bd8f-0f810188c7b3-groupManagement] INFO  server.RaftServerConfigKeys (ConfUtils.java:logGet(46)) - raft.server.log.unsafe-flush.enabled = false (default)
2024-02-22 20:33:41,780 [e780b093-7242-46d7-bd8f-0f810188c7b3-groupManagement] INFO  server.RaftServerConfigKeys (ConfUtils.java:logGet(46)) - raft.server.log.async-flush.enabled = false (default)
2024-02-22 20:33:41,780 [e780b093-7242-46d7-bd8f-0f810188c7b3-groupManagement] INFO  server.RaftServerConfigKeys (ConfUtils.java:logGet(46)) - raft.server.log.statemachine.data.caching.enabled = true (custom)
2024-02-22 20:33:41,780 [e780b093-7242-46d7-bd8f-0f810188c7b3-groupManagement] INFO  segmented.SegmentedRaftLogWorker (SegmentedRaftLogWorker.java:lambda$new$0(134)) - e780b093-7242-46d7-bd8f-0f810188c7b3@group-0722226B2D74-SegmentedRaftLogWorker: flushIndex: setUnconditionally 0 -> -1
2024-02-22 20:33:41,781 [e780b093-7242-46d7-bd8f-0f810188c7b3-groupManagement] INFO  segmented.SegmentedRaftLogWorker (SegmentedRaftLogWorker.java:lambda$new$0(134)) - e780b093-7242-46d7-bd8f-0f810188c7b3@group-0722226B2D74-SegmentedRaftLogWorker: safeCacheEvictIndex: setUnconditionally 0 -> -1
2024-02-22 20:33:41,781 [e46a6e51-795f-4801-a523-c45a6c7f2c34-groupManagement] INFO  server.RaftServerConfigKeys (ConfUtils.java:logGet(46)) - raft.server.threadpool.server.size = 0 (default)
2024-02-22 20:33:41,781 [e46a6e51-795f-4801-a523-c45a6c7f2c34-groupManagement] INFO  server.RaftServerConfigKeys (ConfUtils.java:logGet(46)) - raft.server.threadpool.client.cached = true (default)
2024-02-22 20:33:41,781 [e46a6e51-795f-4801-a523-c45a6c7f2c34-groupManagement] INFO  server.RaftServerConfigKeys (ConfUtils.java:logGet(46)) - raft.server.threadpool.client.size = 0 (default)
2024-02-22 20:33:41,782 [e46a6e51-795f-4801-a523-c45a6c7f2c34-groupManagement] INFO  server.RaftServerConfigKeys (ConfUtils.java:logGet(46)) - raft.server.storage.free-space.min = 0MB (=0) (default)
2024-02-22 20:33:41,782 [e46a6e51-795f-4801-a523-c45a6c7f2c34-groupManagement] INFO  server.RaftServerConfigKeys (ConfUtils.java:logGet(46)) - raft.server.log.corruption.policy = EXCEPTION (default)
2024-02-22 20:33:41,782 [e46a6e51-795f-4801-a523-c45a6c7f2c34-groupManagement] INFO  server.RaftServerConfigKeys (ConfUtils.java:logGet(46)) - raft.server.storage.dir = [/home/runner/work/ozone/ozone/hadoop-ozone/integration-test/target/test-dir/MiniOzoneClusterImpl-a0fc024b-a492-45a5-9697-b0d14f72cb5c/datanode-0/data/ratis] (custom)
2024-02-22 20:33:41,783 [e46a6e51-795f-4801-a523-c45a6c7f2c34-groupManagement] INFO  storage.RaftStorageDirectory (RaftStorageDirectoryImpl.java:analyzeStorage(138)) - The storage directory /home/runner/work/ozone/ozone/hadoop-ozone/integration-test/target/test-dir/MiniOzoneClusterImpl-a0fc024b-a492-45a5-9697-b0d14f72cb5c/datanode-0/data/ratis/df82f477-9a32-43af-879e-c11f3e838557 does not exist. Creating ...
2024-02-22 20:33:41,784 [e46a6e51-795f-4801-a523-c45a6c7f2c34-groupManagement] INFO  storage.RaftStorageDirectory (RaftStorageDirectoryImpl.java:tryLock(228)) - Lock on /home/runner/work/ozone/ozone/hadoop-ozone/integration-test/target/test-dir/MiniOzoneClusterImpl-a0fc024b-a492-45a5-9697-b0d14f72cb5c/datanode-0/data/ratis/df82f477-9a32-43af-879e-c11f3e838557/in_use.lock acquired by nodename 30552@fv-az779-213
2024-02-22 20:33:41,785 [e46a6e51-795f-4801-a523-c45a6c7f2c34-groupManagement] INFO  storage.RaftStorage (RaftStorageImpl.java:format(99)) - Storage directory /home/runner/work/ozone/ozone/hadoop-ozone/integration-test/target/test-dir/MiniOzoneClusterImpl-a0fc024b-a492-45a5-9697-b0d14f72cb5c/datanode-0/data/ratis/df82f477-9a32-43af-879e-c11f3e838557 has been successfully formatted.
2024-02-22 20:33:41,786 [e46a6e51-795f-4801-a523-c45a6c7f2c34-groupManagement] WARN  util.FileUtils (LogUtils.java:supplyAndLog(63)) - Failed to Files.newInputStream /home/runner/work/ozone/ozone/hadoop-ozone/integration-test/target/test-dir/MiniOzoneClusterImpl-a0fc024b-a492-45a5-9697-b0d14f72cb5c/datanode-0/data/ratis/df82f477-9a32-43af-879e-c11f3e838557/current/raft-meta.conf with options []: java.nio.file.NoSuchFileException: /home/runner/work/ozone/ozone/hadoop-ozone/integration-test/target/test-dir/MiniOzoneClusterImpl-a0fc024b-a492-45a5-9697-b0d14f72cb5c/datanode-0/data/ratis/df82f477-9a32-43af-879e-c11f3e838557/current/raft-meta.conf
2024-02-22 20:33:41,786 [78f89d9b-e409-4704-890b-bfcfbcdfd28a-groupManagement] INFO  util.AwaitToRun (AwaitToRun.java:start(81)) - Thread[78f89d9b-e409-4704-890b-bfcfbcdfd28a@group-B62AC99FA1E0-cacheEviction-AwaitToRun,5,main] started
2024-02-22 20:33:41,787 [78f89d9b-e409-4704-890b-bfcfbcdfd28a-groupManagement] INFO  segmented.SegmentedRaftLogWorker (SegmentedRaftLogWorker.java:<init>(182)) - new 78f89d9b-e409-4704-890b-bfcfbcdfd28a@group-B62AC99FA1E0-SegmentedRaftLogWorker for RaftStorageImpl:Storage Directory /home/runner/work/ozone/ozone/hadoop-ozone/integration-test/target/test-dir/MiniOzoneClusterImpl-a0fc024b-a492-45a5-9697-b0d14f72cb5c/datanode-8/data/ratis/a069b16c-3c19-42f6-a3b4-b62ac99fa1e0
2024-02-22 20:33:41,787 [78f89d9b-e409-4704-890b-bfcfbcdfd28a-groupManagement] INFO  server.RaftServerConfigKeys (ConfUtils.java:logGet(46)) - raft.server.log.queue.byte-limit = 4294967296 (custom)
2024-02-22 20:33:41,787 [78f89d9b-e409-4704-890b-bfcfbcdfd28a-groupManagement] INFO  server.RaftServerConfigKeys (ConfUtils.java:logGet(46)) - raft.server.log.queue.element-limit = 1024 (custom)
2024-02-22 20:33:41,787 [78f89d9b-e409-4704-890b-bfcfbcdfd28a-groupManagement] INFO  server.RaftServerConfigKeys (ConfUtils.java:logGet(46)) - raft.server.log.segment.size.max = 67108864 (custom)
2024-02-22 20:33:41,787 [78f89d9b-e409-4704-890b-bfcfbcdfd28a-groupManagement] INFO  server.RaftServerConfigKeys (ConfUtils.java:logGet(46)) - raft.server.log.preallocated.size = 4194304 (custom)
2024-02-22 20:33:41,787 [78f89d9b-e409-4704-890b-bfcfbcdfd28a-groupManagement] INFO  server.RaftServerConfigKeys (ConfUtils.java:logGet(46)) - raft.server.log.force.sync.num = 128 (default)
2024-02-22 20:33:41,787 [78f89d9b-e409-4704-890b-bfcfbcdfd28a-groupManagement] INFO  server.RaftServerConfigKeys (ConfUtils.java:logGet(46)) - raft.server.log.statemachine.data.sync = true (default)
2024-02-22 20:33:41,787 [78f89d9b-e409-4704-890b-bfcfbcdfd28a-groupManagement] INFO  server.RaftServerConfigKeys (ConfUtils.java:logGet(46)) - raft.server.log.statemachine.data.sync.timeout = 10s (default)
2024-02-22 20:33:41,787 [78f89d9b-e409-4704-890b-bfcfbcdfd28a-groupManagement] INFO  server.RaftServerConfigKeys (ConfUtils.java:logGet(46)) - raft.server.log.statemachine.data.sync.timeout.retry = 0 (custom)
2024-02-22 20:33:41,787 [78f89d9b-e409-4704-890b-bfcfbcdfd28a-groupManagement] INFO  server.RaftServerConfigKeys (ConfUtils.java:logGet(46)) - raft.server.log.write.buffer.size = 8388616 (custom)
2024-02-22 20:33:41,789 [78f89d9b-e409-4704-890b-bfcfbcdfd28a-groupManagement] INFO  server.RaftServerConfigKeys (ConfUtils.java:logGet(46)) - raft.server.log.appender.buffer.byte-limit = 8388608 (custom)
2024-02-22 20:33:41,789 [78f89d9b-e409-4704-890b-bfcfbcdfd28a-groupManagement] INFO  server.RaftServerConfigKeys (ConfUtils.java:logGet(46)) - raft.server.log.unsafe-flush.enabled = false (default)
2024-02-22 20:33:41,789 [78f89d9b-e409-4704-890b-bfcfbcdfd28a-groupManagement] INFO  server.RaftServerConfigKeys (ConfUtils.java:logGet(46)) - raft.server.log.async-flush.enabled = false (default)
2024-02-22 20:33:41,789 [78f89d9b-e409-4704-890b-bfcfbcdfd28a-groupManagement] INFO  server.RaftServerConfigKeys (ConfUtils.java:logGet(46)) - raft.server.log.statemachine.data.caching.enabled = true (custom)
2024-02-22 20:33:41,789 [78f89d9b-e409-4704-890b-bfcfbcdfd28a-groupManagement] INFO  segmented.SegmentedRaftLogWorker (SegmentedRaftLogWorker.java:lambda$new$0(134)) - 78f89d9b-e409-4704-890b-bfcfbcdfd28a@group-B62AC99FA1E0-SegmentedRaftLogWorker: flushIndex: setUnconditionally 0 -> -1
2024-02-22 20:33:41,789 [78f89d9b-e409-4704-890b-bfcfbcdfd28a-groupManagement] INFO  segmented.SegmentedRaftLogWorker (SegmentedRaftLogWorker.java:lambda$new$0(134)) - 78f89d9b-e409-4704-890b-bfcfbcdfd28a@group-B62AC99FA1E0-SegmentedRaftLogWorker: safeCacheEvictIndex: setUnconditionally 0 -> -1
2024-02-22 20:33:41,790 [4e8f68d6-fd98-4f77-87e3-715939181693-groupManagement] INFO  ratis.ContainerStateMachine (ContainerStateMachine.java:loadSnapshot(287)) - group-C11F3E838557: The snapshot info is null. Setting the last applied index to:(t:0, i:~)
2024-02-22 20:33:41,790 [4e8f68d6-fd98-4f77-87e3-715939181693-groupManagement] INFO  server.RaftServerConfigKeys (ConfUtils.java:logGet(46)) - raft.server.log.use.memory = false (default)
2024-02-22 20:33:41,791 [4e8f68d6-fd98-4f77-87e3-715939181693-groupManagement] INFO  server.RaftServerConfigKeys (ConfUtils.java:logGet(46)) - raft.server.log.purge.gap = 1000000 (custom)
2024-02-22 20:33:41,791 [4e8f68d6-fd98-4f77-87e3-715939181693-groupManagement] INFO  server.RaftServerConfigKeys (ConfUtils.java:logGet(46)) - raft.server.log.appender.buffer.byte-limit = 8388608 (custom)
2024-02-22 20:33:41,791 [4e8f68d6-fd98-4f77-87e3-715939181693-groupManagement] INFO  server.RaftServerConfigKeys (ConfUtils.java:logGet(46)) - raft.server.log.statemachine.data.read.timeout = 1000ms (default)
2024-02-22 20:33:41,791 [4e8f68d6-fd98-4f77-87e3-715939181693-groupManagement] INFO  server.RaftServerConfigKeys (ConfUtils.java:logGet(46)) - raft.server.log.purge.preservation.log.num = 0 (default)
2024-02-22 20:33:41,792 [4e8f68d6-fd98-4f77-87e3-715939181693-groupManagement] INFO  server.RaftServerConfigKeys (ConfUtils.java:logGet(46)) - raft.server.log.segment.size.max = 67108864 (custom)
2024-02-22 20:33:41,793 [4e8f68d6-fd98-4f77-87e3-715939181693-groupManagement] INFO  server.RaftServerConfigKeys (ConfUtils.java:logGet(46)) - raft.server.log.segment.cache.num.max = 2 (custom)
2024-02-22 20:33:41,793 [4e8f68d6-fd98-4f77-87e3-715939181693-groupManagement] INFO  server.RaftServerConfigKeys (ConfUtils.java:logGet(46)) - raft.server.log.segment.cache.size.max = 200MB (=209715200) (default)
2024-02-22 20:33:41,793 [4e8f68d6-fd98-4f77-87e3-715939181693-groupManagement] INFO  server.RaftServerConfigKeys (ConfUtils.java:logGet(46)) - raft.server.log.appender.buffer.byte-limit = 8388608 (custom)
2024-02-22 20:33:41,793 [EventQueue-OpenPipelineForHealthyPipelineSafeModeRule] INFO  safemode.SCMSafeModeManager (HealthyPipelineSafeModeRule.java:process(140)) - SCM in safe mode. Healthy pipelines reported count is 0, required healthy pipeline reported count is 1
2024-02-22 20:33:41,793 [EventQueue-OpenPipelineForHealthyPipelineSafeModeRule] INFO  safemode.SCMSafeModeManager (HealthyPipelineSafeModeRule.java:process(140)) - SCM in safe mode. Healthy pipelines reported count is 0, required healthy pipeline reported count is 1
2024-02-22 20:33:41,793 [dc26353c-d48a-467d-89cd-3a7c4b626396-PipelineCommandHandlerThread-0] INFO  commandhandler.CreatePipelineCommandHandler (CreatePipelineCommandHandler.java:lambda$handle$2(124)) - Created Pipeline RATIS THREE PipelineID=b7d85f91-fa2f-4c6c-8457-34e96220011a.
2024-02-22 20:33:41,794 [78f89d9b-e409-4704-890b-bfcfbcdfd28a-groupManagement] INFO  server.RaftServer$Division (RaftServerImpl.java:start(396)) - 78f89d9b-e409-4704-890b-bfcfbcdfd28a@group-B62AC99FA1E0: start as a follower, conf=-1: peers:[78f89d9b-e409-4704-890b-bfcfbcdfd28a|10.1.0.33:15086, e780b093-7242-46d7-bd8f-0f810188c7b3|10.1.0.33:15095, 13f92446-3b18-4d81-bc66-0f9b00220e72|10.1.0.33:15077]|listeners:[], old=null
2024-02-22 20:33:41,794 [78f89d9b-e409-4704-890b-bfcfbcdfd28a-groupManagement] INFO  server.RaftServer$Division (RaftServerImpl.java:setRole(383)) - 78f89d9b-e409-4704-890b-bfcfbcdfd28a@group-B62AC99FA1E0: changes role from      null to FOLLOWER at term 0 for startAsFollower
2024-02-22 20:33:41,798 [4e8f68d6-fd98-4f77-87e3-715939181693-groupManagement] INFO  util.AwaitToRun (AwaitToRun.java:start(81)) - Thread[4e8f68d6-fd98-4f77-87e3-715939181693@group-C11F3E838557-cacheEviction-AwaitToRun,5,main] started
2024-02-22 20:33:41,798 [4e8f68d6-fd98-4f77-87e3-715939181693-groupManagement] INFO  segmented.SegmentedRaftLogWorker (SegmentedRaftLogWorker.java:<init>(182)) - new 4e8f68d6-fd98-4f77-87e3-715939181693@group-C11F3E838557-SegmentedRaftLogWorker for RaftStorageImpl:Storage Directory /home/runner/work/ozone/ozone/hadoop-ozone/integration-test/target/test-dir/MiniOzoneClusterImpl-a0fc024b-a492-45a5-9697-b0d14f72cb5c/datanode-3/data/ratis/df82f477-9a32-43af-879e-c11f3e838557
2024-02-22 20:33:41,798 [4e8f68d6-fd98-4f77-87e3-715939181693-groupManagement] INFO  server.RaftServerConfigKeys (ConfUtils.java:logGet(46)) - raft.server.log.queue.byte-limit = 4294967296 (custom)
2024-02-22 20:33:41,798 [4e8f68d6-fd98-4f77-87e3-715939181693-groupManagement] INFO  server.RaftServerConfigKeys (ConfUtils.java:logGet(46)) - raft.server.log.queue.element-limit = 1024 (custom)
2024-02-22 20:33:41,798 [4e8f68d6-fd98-4f77-87e3-715939181693-groupManagement] INFO  server.RaftServerConfigKeys (ConfUtils.java:logGet(46)) - raft.server.log.segment.size.max = 67108864 (custom)
2024-02-22 20:33:41,798 [4e8f68d6-fd98-4f77-87e3-715939181693-groupManagement] INFO  server.RaftServerConfigKeys (ConfUtils.java:logGet(46)) - raft.server.log.preallocated.size = 4194304 (custom)
2024-02-22 20:33:41,798 [4e8f68d6-fd98-4f77-87e3-715939181693-groupManagement] INFO  server.RaftServerConfigKeys (ConfUtils.java:logGet(46)) - raft.server.log.force.sync.num = 128 (default)
2024-02-22 20:33:41,798 [4e8f68d6-fd98-4f77-87e3-715939181693-groupManagement] INFO  server.RaftServerConfigKeys (ConfUtils.java:logGet(46)) - raft.server.log.statemachine.data.sync = true (default)
2024-02-22 20:33:41,798 [4e8f68d6-fd98-4f77-87e3-715939181693-groupManagement] INFO  server.RaftServerConfigKeys (ConfUtils.java:logGet(46)) - raft.server.log.statemachine.data.sync.timeout = 10s (default)
2024-02-22 20:33:41,799 [4e8f68d6-fd98-4f77-87e3-715939181693-groupManagement] INFO  server.RaftServerConfigKeys (ConfUtils.java:logGet(46)) - raft.server.log.statemachine.data.sync.timeout.retry = 0 (custom)
2024-02-22 20:33:41,799 [4e8f68d6-fd98-4f77-87e3-715939181693-groupManagement] INFO  server.RaftServerConfigKeys (ConfUtils.java:logGet(46)) - raft.server.log.write.buffer.size = 8388616 (custom)
2024-02-22 20:33:41,800 [4e8f68d6-fd98-4f77-87e3-715939181693-groupManagement] INFO  server.RaftServerConfigKeys (ConfUtils.java:logGet(46)) - raft.server.log.appender.buffer.byte-limit = 8388608 (custom)
2024-02-22 20:33:41,800 [4e8f68d6-fd98-4f77-87e3-715939181693-groupManagement] INFO  server.RaftServerConfigKeys (ConfUtils.java:logGet(46)) - raft.server.log.unsafe-flush.enabled = false (default)
2024-02-22 20:33:41,801 [4e8f68d6-fd98-4f77-87e3-715939181693-groupManagement] INFO  server.RaftServerConfigKeys (ConfUtils.java:logGet(46)) - raft.server.log.async-flush.enabled = false (default)
2024-02-22 20:33:41,807 [4e8f68d6-fd98-4f77-87e3-715939181693-groupManagement] INFO  server.RaftServerConfigKeys (ConfUtils.java:logGet(46)) - raft.server.log.statemachine.data.caching.enabled = true (custom)
2024-02-22 20:33:41,808 [4e8f68d6-fd98-4f77-87e3-715939181693-groupManagement] INFO  segmented.SegmentedRaftLogWorker (SegmentedRaftLogWorker.java:lambda$new$0(134)) - 4e8f68d6-fd98-4f77-87e3-715939181693@group-C11F3E838557-SegmentedRaftLogWorker: flushIndex: setUnconditionally 0 -> -1
2024-02-22 20:33:41,808 [4e8f68d6-fd98-4f77-87e3-715939181693-groupManagement] INFO  segmented.SegmentedRaftLogWorker (SegmentedRaftLogWorker.java:lambda$new$0(134)) - 4e8f68d6-fd98-4f77-87e3-715939181693@group-C11F3E838557-SegmentedRaftLogWorker: safeCacheEvictIndex: setUnconditionally 0 -> -1
2024-02-22 20:33:41,801 [78f89d9b-e409-4704-890b-bfcfbcdfd28a-groupManagement] INFO  impl.RoleInfo (RoleInfo.java:updateAndGet(139)) - 78f89d9b-e409-4704-890b-bfcfbcdfd28a: start 78f89d9b-e409-4704-890b-bfcfbcdfd28a@group-B62AC99FA1E0-FollowerState
2024-02-22 20:33:41,800 [86ab988c-fa9c-425d-a1c6-9004ff7fd93d-PipelineCommandHandlerThread-0] INFO  commandhandler.CreatePipelineCommandHandler (CreatePipelineCommandHandler.java:lambda$handle$2(124)) - Created Pipeline RATIS THREE PipelineID=b7d85f91-fa2f-4c6c-8457-34e96220011a.
2024-02-22 20:33:41,807 [e780b093-7242-46d7-bd8f-0f810188c7b3-groupManagement] INFO  server.RaftServer$Division (RaftServerImpl.java:start(396)) - e780b093-7242-46d7-bd8f-0f810188c7b3@group-0722226B2D74: start as a follower, conf=-1: peers:[e780b093-7242-46d7-bd8f-0f810188c7b3|10.1.0.33:15095]|listeners:[], old=null
2024-02-22 20:33:41,809 [e780b093-7242-46d7-bd8f-0f810188c7b3-groupManagement] INFO  server.RaftServer$Division (RaftServerImpl.java:setRole(383)) - e780b093-7242-46d7-bd8f-0f810188c7b3@group-0722226B2D74: changes role from      null to FOLLOWER at term 0 for startAsFollower
2024-02-22 20:33:41,806 [86ab988c-fa9c-425d-a1c6-9004ff7fd93d-groupManagement] INFO  server.RaftServer$Division (RaftServerImpl.java:start(396)) - 86ab988c-fa9c-425d-a1c6-9004ff7fd93d@group-C6933685B048: start as a follower, conf=-1: peers:[86ab988c-fa9c-425d-a1c6-9004ff7fd93d|10.1.0.33:15059, c30fedce-f286-40e0-881d-3d5a9a6e2463|10.1.0.33:15068, 13f92446-3b18-4d81-bc66-0f9b00220e72|10.1.0.33:15077]|listeners:[], old=null
2024-02-22 20:33:41,809 [86ab988c-fa9c-425d-a1c6-9004ff7fd93d-groupManagement] INFO  server.RaftServer$Division (RaftServerImpl.java:setRole(383)) - 86ab988c-fa9c-425d-a1c6-9004ff7fd93d@group-C6933685B048: changes role from      null to FOLLOWER at term 0 for startAsFollower
2024-02-22 20:33:41,809 [4e8f68d6-fd98-4f77-87e3-715939181693-groupManagement] INFO  server.RaftServer$Division (RaftServerImpl.java:start(396)) - 4e8f68d6-fd98-4f77-87e3-715939181693@group-C11F3E838557: start as a follower, conf=-1: peers:[e46a6e51-795f-4801-a523-c45a6c7f2c34|10.1.0.33:15014, d25dc3b0-28fc-4383-b1a0-617845025f41|10.1.0.33:15032, 4e8f68d6-fd98-4f77-87e3-715939181693|10.1.0.33:15041]|listeners:[], old=null
2024-02-22 20:33:41,809 [4e8f68d6-fd98-4f77-87e3-715939181693-groupManagement] INFO  server.RaftServer$Division (RaftServerImpl.java:setRole(383)) - 4e8f68d6-fd98-4f77-87e3-715939181693@group-C11F3E838557: changes role from      null to FOLLOWER at term 0 for startAsFollower
2024-02-22 20:33:41,809 [e46a6e51-795f-4801-a523-c45a6c7f2c34-groupManagement] INFO  ratis.ContainerStateMachine (ContainerStateMachine.java:loadSnapshot(287)) - group-C11F3E838557: The snapshot info is null. Setting the last applied index to:(t:0, i:~)
2024-02-22 20:33:41,809 [86ab988c-fa9c-425d-a1c6-9004ff7fd93d-groupManagement] INFO  impl.RoleInfo (RoleInfo.java:updateAndGet(139)) - 86ab988c-fa9c-425d-a1c6-9004ff7fd93d: start 86ab988c-fa9c-425d-a1c6-9004ff7fd93d@group-C6933685B048-FollowerState
2024-02-22 20:33:41,809 [4e8f68d6-fd98-4f77-87e3-715939181693-groupManagement] INFO  impl.RoleInfo (RoleInfo.java:updateAndGet(139)) - 4e8f68d6-fd98-4f77-87e3-715939181693: start 4e8f68d6-fd98-4f77-87e3-715939181693@group-C11F3E838557-FollowerState
2024-02-22 20:33:41,810 [e46a6e51-795f-4801-a523-c45a6c7f2c34-groupManagement] INFO  server.RaftServerConfigKeys (ConfUtils.java:logGet(46)) - raft.server.log.use.memory = false (default)
2024-02-22 20:33:41,810 [e46a6e51-795f-4801-a523-c45a6c7f2c34-groupManagement] INFO  server.RaftServerConfigKeys (ConfUtils.java:logGet(46)) - raft.server.log.purge.gap = 1000000 (custom)
2024-02-22 20:33:41,810 [e46a6e51-795f-4801-a523-c45a6c7f2c34-groupManagement] INFO  server.RaftServerConfigKeys (ConfUtils.java:logGet(46)) - raft.server.log.appender.buffer.byte-limit = 8388608 (custom)
2024-02-22 20:33:41,810 [e46a6e51-795f-4801-a523-c45a6c7f2c34-groupManagement] INFO  server.RaftServerConfigKeys (ConfUtils.java:logGet(46)) - raft.server.log.statemachine.data.read.timeout = 1000ms (default)
2024-02-22 20:33:41,810 [e46a6e51-795f-4801-a523-c45a6c7f2c34-groupManagement] INFO  server.RaftServerConfigKeys (ConfUtils.java:logGet(46)) - raft.server.log.purge.preservation.log.num = 0 (default)
2024-02-22 20:33:41,811 [EventQueue-OpenPipelineForHealthyPipelineSafeModeRule] INFO  safemode.SCMSafeModeManager (HealthyPipelineSafeModeRule.java:process(140)) - SCM in safe mode. Healthy pipelines reported count is 0, required healthy pipeline reported count is 1
2024-02-22 20:33:41,811 [EventQueue-OpenPipelineForHealthyPipelineSafeModeRule] INFO  safemode.SCMSafeModeManager (HealthyPipelineSafeModeRule.java:process(140)) - SCM in safe mode. Healthy pipelines reported count is 0, required healthy pipeline reported count is 1
2024-02-22 20:33:41,811 [e780b093-7242-46d7-bd8f-0f810188c7b3-groupManagement] INFO  impl.RoleInfo (RoleInfo.java:updateAndGet(139)) - e780b093-7242-46d7-bd8f-0f810188c7b3: start e780b093-7242-46d7-bd8f-0f810188c7b3@group-0722226B2D74-FollowerState
2024-02-22 20:33:41,812 [86ab988c-fa9c-425d-a1c6-9004ff7fd93d-groupManagement] INFO  util.JmxRegister (JmxRegister.java:tryRegister(44)) - Successfully registered JMX Bean with object name Ratis:service=RaftServer,group=group-C6933685B048,id=86ab988c-fa9c-425d-a1c6-9004ff7fd93d
2024-02-22 20:33:41,812 [86ab988c-fa9c-425d-a1c6-9004ff7fd93d-groupManagement] INFO  server.RaftServerConfigKeys (ConfUtils.java:logGet(46)) - raft.server.snapshot.trigger-when-stop.enabled = true (default)
2024-02-22 20:33:41,812 [86ab988c-fa9c-425d-a1c6-9004ff7fd93d-groupManagement] INFO  server.RaftServerConfigKeys (ConfUtils.java:logGet(46)) - raft.server.snapshot.auto.trigger.enabled = true (custom)
2024-02-22 20:33:41,812 [86ab988c-fa9c-425d-a1c6-9004ff7fd93d-groupManagement] INFO  server.RaftServerConfigKeys (ConfUtils.java:logGet(46)) - raft.server.snapshot.auto.trigger.threshold = 10000 (custom)
2024-02-22 20:33:41,812 [86ab988c-fa9c-425d-a1c6-9004ff7fd93d-groupManagement] INFO  server.RaftServerConfigKeys (ConfUtils.java:logGet(46)) - raft.server.snapshot.retention.file.num = 5 (custom)
2024-02-22 20:33:41,812 [86ab988c-fa9c-425d-a1c6-9004ff7fd93d-groupManagement] INFO  server.RaftServerConfigKeys (ConfUtils.java:logGet(46)) - raft.server.log.purge.upto.snapshot.index = false (default)
2024-02-22 20:33:41,812 [e46a6e51-795f-4801-a523-c45a6c7f2c34-groupManagement] INFO  server.RaftServerConfigKeys (ConfUtils.java:logGet(46)) - raft.server.log.segment.size.max = 67108864 (custom)
2024-02-22 20:33:41,813 [e46a6e51-795f-4801-a523-c45a6c7f2c34-groupManagement] INFO  server.RaftServerConfigKeys (ConfUtils.java:logGet(46)) - raft.server.log.segment.cache.num.max = 2 (custom)
2024-02-22 20:33:41,813 [e46a6e51-795f-4801-a523-c45a6c7f2c34-groupManagement] INFO  server.RaftServerConfigKeys (ConfUtils.java:logGet(46)) - raft.server.log.segment.cache.size.max = 200MB (=209715200) (default)
2024-02-22 20:33:41,813 [e46a6e51-795f-4801-a523-c45a6c7f2c34-groupManagement] INFO  server.RaftServerConfigKeys (ConfUtils.java:logGet(46)) - raft.server.log.appender.buffer.byte-limit = 8388608 (custom)
2024-02-22 20:33:41,814 [86ab988c-fa9c-425d-a1c6-9004ff7fd93d@group-C6933685B048-FollowerState] INFO  server.RaftServerConfigKeys (ConfUtils.java:logFallback(53)) - raft.server.rpc.first-election.timeout.min = 5s (fallback to raft.server.rpc.timeout.min)
2024-02-22 20:33:41,814 [86ab988c-fa9c-425d-a1c6-9004ff7fd93d@group-C6933685B048-FollowerState] INFO  server.RaftServerConfigKeys (ConfUtils.java:logFallback(53)) - raft.server.rpc.first-election.timeout.max = 5200ms (fallback to raft.server.rpc.timeout.max)
2024-02-22 20:33:41,815 [78f89d9b-e409-4704-890b-bfcfbcdfd28a-groupManagement] INFO  util.JmxRegister (JmxRegister.java:tryRegister(44)) - Successfully registered JMX Bean with object name Ratis:service=RaftServer,group=group-B62AC99FA1E0,id=78f89d9b-e409-4704-890b-bfcfbcdfd28a
2024-02-22 20:33:41,815 [78f89d9b-e409-4704-890b-bfcfbcdfd28a-groupManagement] INFO  server.RaftServerConfigKeys (ConfUtils.java:logGet(46)) - raft.server.snapshot.trigger-when-stop.enabled = true (default)
2024-02-22 20:33:41,815 [78f89d9b-e409-4704-890b-bfcfbcdfd28a-groupManagement] INFO  server.RaftServerConfigKeys (ConfUtils.java:logGet(46)) - raft.server.snapshot.auto.trigger.enabled = true (custom)
2024-02-22 20:33:41,815 [78f89d9b-e409-4704-890b-bfcfbcdfd28a-groupManagement] INFO  server.RaftServerConfigKeys (ConfUtils.java:logGet(46)) - raft.server.snapshot.auto.trigger.threshold = 10000 (custom)
2024-02-22 20:33:41,815 [78f89d9b-e409-4704-890b-bfcfbcdfd28a-groupManagement] INFO  server.RaftServerConfigKeys (ConfUtils.java:logGet(46)) - raft.server.snapshot.retention.file.num = 5 (custom)
2024-02-22 20:33:41,815 [78f89d9b-e409-4704-890b-bfcfbcdfd28a-groupManagement] INFO  server.RaftServerConfigKeys (ConfUtils.java:logGet(46)) - raft.server.log.purge.upto.snapshot.index = false (default)
2024-02-22 20:33:41,816 [78f89d9b-e409-4704-890b-bfcfbcdfd28a@group-B62AC99FA1E0-FollowerState] INFO  server.RaftServerConfigKeys (ConfUtils.java:logFallback(53)) - raft.server.rpc.first-election.timeout.min = 5s (fallback to raft.server.rpc.timeout.min)
2024-02-22 20:33:41,816 [78f89d9b-e409-4704-890b-bfcfbcdfd28a@group-B62AC99FA1E0-FollowerState] INFO  server.RaftServerConfigKeys (ConfUtils.java:logFallback(53)) - raft.server.rpc.first-election.timeout.max = 5200ms (fallback to raft.server.rpc.timeout.max)
2024-02-22 20:33:41,824 [e46a6e51-795f-4801-a523-c45a6c7f2c34-groupManagement] INFO  util.AwaitToRun (AwaitToRun.java:start(81)) - Thread[e46a6e51-795f-4801-a523-c45a6c7f2c34@group-C11F3E838557-cacheEviction-AwaitToRun,5,main] started
2024-02-22 20:33:41,824 [e46a6e51-795f-4801-a523-c45a6c7f2c34-groupManagement] INFO  segmented.SegmentedRaftLogWorker (SegmentedRaftLogWorker.java:<init>(182)) - new e46a6e51-795f-4801-a523-c45a6c7f2c34@group-C11F3E838557-SegmentedRaftLogWorker for RaftStorageImpl:Storage Directory /home/runner/work/ozone/ozone/hadoop-ozone/integration-test/target/test-dir/MiniOzoneClusterImpl-a0fc024b-a492-45a5-9697-b0d14f72cb5c/datanode-0/data/ratis/df82f477-9a32-43af-879e-c11f3e838557
2024-02-22 20:33:41,824 [e46a6e51-795f-4801-a523-c45a6c7f2c34-groupManagement] INFO  server.RaftServerConfigKeys (ConfUtils.java:logGet(46)) - raft.server.log.queue.byte-limit = 4294967296 (custom)
2024-02-22 20:33:41,824 [e46a6e51-795f-4801-a523-c45a6c7f2c34-groupManagement] INFO  server.RaftServerConfigKeys (ConfUtils.java:logGet(46)) - raft.server.log.queue.element-limit = 1024 (custom)
2024-02-22 20:33:41,824 [e46a6e51-795f-4801-a523-c45a6c7f2c34-groupManagement] INFO  server.RaftServerConfigKeys (ConfUtils.java:logGet(46)) - raft.server.log.segment.size.max = 67108864 (custom)
2024-02-22 20:33:41,824 [e46a6e51-795f-4801-a523-c45a6c7f2c34-groupManagement] INFO  server.RaftServerConfigKeys (ConfUtils.java:logGet(46)) - raft.server.log.preallocated.size = 4194304 (custom)
2024-02-22 20:33:41,824 [e46a6e51-795f-4801-a523-c45a6c7f2c34-groupManagement] INFO  server.RaftServerConfigKeys (ConfUtils.java:logGet(46)) - raft.server.log.force.sync.num = 128 (default)
2024-02-22 20:33:41,824 [e46a6e51-795f-4801-a523-c45a6c7f2c34-groupManagement] INFO  server.RaftServerConfigKeys (ConfUtils.java:logGet(46)) - raft.server.log.statemachine.data.sync = true (default)
2024-02-22 20:33:41,824 [e46a6e51-795f-4801-a523-c45a6c7f2c34-groupManagement] INFO  server.RaftServerConfigKeys (ConfUtils.java:logGet(46)) - raft.server.log.statemachine.data.sync.timeout = 10s (default)
2024-02-22 20:33:41,825 [e46a6e51-795f-4801-a523-c45a6c7f2c34-groupManagement] INFO  server.RaftServerConfigKeys (ConfUtils.java:logGet(46)) - raft.server.log.statemachine.data.sync.timeout.retry = 0 (custom)
2024-02-22 20:33:41,825 [e46a6e51-795f-4801-a523-c45a6c7f2c34-groupManagement] INFO  server.RaftServerConfigKeys (ConfUtils.java:logGet(46)) - raft.server.log.write.buffer.size = 8388616 (custom)
2024-02-22 20:33:41,826 [e46a6e51-795f-4801-a523-c45a6c7f2c34-groupManagement] INFO  server.RaftServerConfigKeys (ConfUtils.java:logGet(46)) - raft.server.log.appender.buffer.byte-limit = 8388608 (custom)
2024-02-22 20:33:41,826 [e46a6e51-795f-4801-a523-c45a6c7f2c34-groupManagement] INFO  server.RaftServerConfigKeys (ConfUtils.java:logGet(46)) - raft.server.log.unsafe-flush.enabled = false (default)
2024-02-22 20:33:41,827 [e46a6e51-795f-4801-a523-c45a6c7f2c34-groupManagement] INFO  server.RaftServerConfigKeys (ConfUtils.java:logGet(46)) - raft.server.log.async-flush.enabled = false (default)
2024-02-22 20:33:41,827 [e46a6e51-795f-4801-a523-c45a6c7f2c34-groupManagement] INFO  server.RaftServerConfigKeys (ConfUtils.java:logGet(46)) - raft.server.log.statemachine.data.caching.enabled = true (custom)
2024-02-22 20:33:41,827 [e46a6e51-795f-4801-a523-c45a6c7f2c34-groupManagement] INFO  segmented.SegmentedRaftLogWorker (SegmentedRaftLogWorker.java:lambda$new$0(134)) - e46a6e51-795f-4801-a523-c45a6c7f2c34@group-C11F3E838557-SegmentedRaftLogWorker: flushIndex: setUnconditionally 0 -> -1
2024-02-22 20:33:41,827 [e46a6e51-795f-4801-a523-c45a6c7f2c34-groupManagement] INFO  segmented.SegmentedRaftLogWorker (SegmentedRaftLogWorker.java:lambda$new$0(134)) - e46a6e51-795f-4801-a523-c45a6c7f2c34@group-C11F3E838557-SegmentedRaftLogWorker: safeCacheEvictIndex: setUnconditionally 0 -> -1
2024-02-22 20:33:41,829 [e780b093-7242-46d7-bd8f-0f810188c7b3-groupManagement] INFO  util.JmxRegister (JmxRegister.java:tryRegister(44)) - Successfully registered JMX Bean with object name Ratis:service=RaftServer,group=group-0722226B2D74,id=e780b093-7242-46d7-bd8f-0f810188c7b3
2024-02-22 20:33:41,829 [e780b093-7242-46d7-bd8f-0f810188c7b3-groupManagement] INFO  server.RaftServerConfigKeys (ConfUtils.java:logGet(46)) - raft.server.snapshot.trigger-when-stop.enabled = true (default)
2024-02-22 20:33:41,829 [e780b093-7242-46d7-bd8f-0f810188c7b3-groupManagement] INFO  server.RaftServerConfigKeys (ConfUtils.java:logGet(46)) - raft.server.snapshot.auto.trigger.enabled = true (custom)
2024-02-22 20:33:41,829 [e780b093-7242-46d7-bd8f-0f810188c7b3-groupManagement] INFO  server.RaftServerConfigKeys (ConfUtils.java:logGet(46)) - raft.server.snapshot.auto.trigger.threshold = 10000 (custom)
2024-02-22 20:33:41,829 [e780b093-7242-46d7-bd8f-0f810188c7b3-groupManagement] INFO  server.RaftServerConfigKeys (ConfUtils.java:logGet(46)) - raft.server.snapshot.retention.file.num = 5 (custom)
2024-02-22 20:33:41,830 [e780b093-7242-46d7-bd8f-0f810188c7b3-groupManagement] INFO  server.RaftServerConfigKeys (ConfUtils.java:logGet(46)) - raft.server.log.purge.upto.snapshot.index = false (default)
2024-02-22 20:33:41,831 [4e8f68d6-fd98-4f77-87e3-715939181693-groupManagement] INFO  util.JmxRegister (JmxRegister.java:tryRegister(44)) - Successfully registered JMX Bean with object name Ratis:service=RaftServer,group=group-C11F3E838557,id=4e8f68d6-fd98-4f77-87e3-715939181693
2024-02-22 20:33:41,832 [4e8f68d6-fd98-4f77-87e3-715939181693-groupManagement] INFO  server.RaftServerConfigKeys (ConfUtils.java:logGet(46)) - raft.server.snapshot.trigger-when-stop.enabled = true (default)
2024-02-22 20:33:41,832 [4e8f68d6-fd98-4f77-87e3-715939181693-groupManagement] INFO  server.RaftServerConfigKeys (ConfUtils.java:logGet(46)) - raft.server.snapshot.auto.trigger.enabled = true (custom)
2024-02-22 20:33:41,832 [4e8f68d6-fd98-4f77-87e3-715939181693-groupManagement] INFO  server.RaftServerConfigKeys (ConfUtils.java:logGet(46)) - raft.server.snapshot.auto.trigger.threshold = 10000 (custom)
2024-02-22 20:33:41,832 [4e8f68d6-fd98-4f77-87e3-715939181693-groupManagement] INFO  server.RaftServerConfigKeys (ConfUtils.java:logGet(46)) - raft.server.snapshot.retention.file.num = 5 (custom)
2024-02-22 20:33:41,832 [4e8f68d6-fd98-4f77-87e3-715939181693-groupManagement] INFO  server.RaftServerConfigKeys (ConfUtils.java:logGet(46)) - raft.server.log.purge.upto.snapshot.index = false (default)
2024-02-22 20:33:41,832 [e780b093-7242-46d7-bd8f-0f810188c7b3-PipelineCommandHandlerThread-0] INFO  ratis.XceiverServerRatis (XceiverServerRatis.java:addGroup(864)) - Created group PipelineID=8d5f8f25-b7e1-4606-82d0-0722226b2d74
2024-02-22 20:33:41,832 [e780b093-7242-46d7-bd8f-0f810188c7b3-PipelineCommandHandlerThread-0] INFO  commandhandler.CreatePipelineCommandHandler (CreatePipelineCommandHandler.java:lambda$handle$2(124)) - Created Pipeline RATIS ONE PipelineID=8d5f8f25-b7e1-4606-82d0-0722226b2d74.
2024-02-22 20:33:41,833 [e780b093-7242-46d7-bd8f-0f810188c7b3-PipelineCommandHandlerThread-0] INFO  server.RaftServer (RaftServerProxy.java:addNew(100)) - e780b093-7242-46d7-bd8f-0f810188c7b3: addNew group-B62AC99FA1E0:[78f89d9b-e409-4704-890b-bfcfbcdfd28a|10.1.0.33:15086, e780b093-7242-46d7-bd8f-0f810188c7b3|10.1.0.33:15095, 13f92446-3b18-4d81-bc66-0f9b00220e72|10.1.0.33:15077] returns group-B62AC99FA1E0:java.util.concurrent.CompletableFuture@47f04f9a[Not completed]
2024-02-22 20:33:41,834 [e780b093-7242-46d7-bd8f-0f810188c7b3-groupManagement] INFO  server.RaftServer$Division (RaftServerImpl.java:<init>(256)) - e780b093-7242-46d7-bd8f-0f810188c7b3: new RaftServerImpl for group-B62AC99FA1E0:[78f89d9b-e409-4704-890b-bfcfbcdfd28a|10.1.0.33:15086, e780b093-7242-46d7-bd8f-0f810188c7b3|10.1.0.33:15095, 13f92446-3b18-4d81-bc66-0f9b00220e72|10.1.0.33:15077] with ContainerStateMachine:uninitialized
2024-02-22 20:33:41,834 [e780b093-7242-46d7-bd8f-0f810188c7b3-groupManagement] INFO  server.RaftServerConfigKeys (ConfUtils.java:logGet(46)) - raft.server.rpc.timeout.min = 5s (custom)
2024-02-22 20:33:41,834 [e780b093-7242-46d7-bd8f-0f810188c7b3-groupManagement] INFO  server.RaftServerConfigKeys (ConfUtils.java:logGet(46)) - raft.server.rpc.timeout.max = 5200ms (custom)
2024-02-22 20:33:41,834 [e780b093-7242-46d7-bd8f-0f810188c7b3-groupManagement] INFO  server.RaftServerConfigKeys (ConfUtils.java:logGet(46)) - raft.server.rpc.sleep.time = 25ms (default)
2024-02-22 20:33:41,834 [e780b093-7242-46d7-bd8f-0f810188c7b3-groupManagement] INFO  server.RaftServerConfigKeys (ConfUtils.java:logGet(46)) - raft.server.rpc.slowness.timeout = 300s (custom)
2024-02-22 20:33:41,834 [e780b093-7242-46d7-bd8f-0f810188c7b3-groupManagement] INFO  server.RaftServerConfigKeys (ConfUtils.java:logGet(46)) - raft.server.leaderelection.leader.step-down.wait-time = 10s (default)
2024-02-22 20:33:41,834 [e780b093-7242-46d7-bd8f-0f810188c7b3-groupManagement] INFO  server.RaftServerConfigKeys (ConfUtils.java:logGet(46)) - raft.server.leaderelection.member.majority-add = false (default)
2024-02-22 20:33:41,834 [e780b093-7242-46d7-bd8f-0f810188c7b3-groupManagement] INFO  server.RaftServerConfigKeys (ConfUtils.java:logGet(46)) - raft.server.sleep.deviation.threshold = 300ms (default)
2024-02-22 20:33:41,834 [e780b093-7242-46d7-bd8f-0f810188c7b3-groupManagement] INFO  server.RaftServer$Division (ServerState.java:<init>(113)) - e780b093-7242-46d7-bd8f-0f810188c7b3@group-B62AC99FA1E0: ConfigurationManager, init=-1: peers:[78f89d9b-e409-4704-890b-bfcfbcdfd28a|10.1.0.33:15086, e780b093-7242-46d7-bd8f-0f810188c7b3|10.1.0.33:15095, 13f92446-3b18-4d81-bc66-0f9b00220e72|10.1.0.33:15077]|listeners:[], old=null, confs=<EMPTY_MAP>
2024-02-22 20:33:41,834 [e780b093-7242-46d7-bd8f-0f810188c7b3-groupManagement] INFO  server.RaftServerConfigKeys (ConfUtils.java:logGet(46)) - raft.server.notification.no-leader.timeout = 300s (custom)
2024-02-22 20:33:41,834 [e780b093-7242-46d7-bd8f-0f810188c7b3-groupManagement] INFO  server.RaftServerConfigKeys (ConfUtils.java:logGet(46)) - raft.server.read.timeout = 10s (default)
2024-02-22 20:33:41,834 [e780b093-7242-46d7-bd8f-0f810188c7b3-groupManagement] INFO  server.RaftServerConfigKeys (ConfUtils.java:logGet(46)) - raft.server.retrycache.expirytime = 600000ms (custom)
2024-02-22 20:33:41,835 [e780b093-7242-46d7-bd8f-0f810188c7b3-groupManagement] INFO  server.RaftServerConfigKeys (ConfUtils.java:logGet(46)) - raft.server.retrycache.statistics.expirytime = 100ms (default)
2024-02-22 20:33:41,835 [e780b093-7242-46d7-bd8f-0f810188c7b3-groupManagement] INFO  server.RaftServerConfigKeys (ConfUtils.java:logGet(46)) - raft.server.read.option = DEFAULT (default)
2024-02-22 20:33:41,835 [e780b093-7242-46d7-bd8f-0f810188c7b3-groupManagement] INFO  server.RaftServerConfigKeys (ConfUtils.java:logGet(46)) - raft.server.read.read-after-write-consistent.write-index-cache.expiry-time = 60s (default)
2024-02-22 20:33:41,837 [4e8f68d6-fd98-4f77-87e3-715939181693-PipelineCommandHandlerThread-0] INFO  ratis.XceiverServerRatis (XceiverServerRatis.java:addGroup(864)) - Created group PipelineID=df82f477-9a32-43af-879e-c11f3e838557
2024-02-22 20:33:41,838 [e780b093-7242-46d7-bd8f-0f810188c7b3@group-0722226B2D74-FollowerState] INFO  server.RaftServerConfigKeys (ConfUtils.java:logFallback(53)) - raft.server.rpc.first-election.timeout.min = 5s (fallback to raft.server.rpc.timeout.min)
2024-02-22 20:33:41,838 [e780b093-7242-46d7-bd8f-0f810188c7b3@group-0722226B2D74-FollowerState] INFO  server.RaftServerConfigKeys (ConfUtils.java:logFallback(53)) - raft.server.rpc.first-election.timeout.max = 5200ms (fallback to raft.server.rpc.timeout.max)
2024-02-22 20:33:41,839 [e46a6e51-795f-4801-a523-c45a6c7f2c34-groupManagement] INFO  server.RaftServer$Division (RaftServerImpl.java:start(396)) - e46a6e51-795f-4801-a523-c45a6c7f2c34@group-C11F3E838557: start as a follower, conf=-1: peers:[e46a6e51-795f-4801-a523-c45a6c7f2c34|10.1.0.33:15014, d25dc3b0-28fc-4383-b1a0-617845025f41|10.1.0.33:15032, 4e8f68d6-fd98-4f77-87e3-715939181693|10.1.0.33:15041]|listeners:[], old=null
2024-02-22 20:33:41,839 [e46a6e51-795f-4801-a523-c45a6c7f2c34-groupManagement] INFO  server.RaftServer$Division (RaftServerImpl.java:setRole(383)) - e46a6e51-795f-4801-a523-c45a6c7f2c34@group-C11F3E838557: changes role from      null to FOLLOWER at term 0 for startAsFollower
2024-02-22 20:33:41,839 [e46a6e51-795f-4801-a523-c45a6c7f2c34-groupManagement] INFO  impl.RoleInfo (RoleInfo.java:updateAndGet(139)) - e46a6e51-795f-4801-a523-c45a6c7f2c34: start e46a6e51-795f-4801-a523-c45a6c7f2c34@group-C11F3E838557-FollowerState
2024-02-22 20:33:41,839 [e46a6e51-795f-4801-a523-c45a6c7f2c34-groupManagement] INFO  util.JmxRegister (JmxRegister.java:tryRegister(44)) - Successfully registered JMX Bean with object name Ratis:service=RaftServer,group=group-C11F3E838557,id=e46a6e51-795f-4801-a523-c45a6c7f2c34
2024-02-22 20:33:41,839 [e46a6e51-795f-4801-a523-c45a6c7f2c34-groupManagement] INFO  server.RaftServerConfigKeys (ConfUtils.java:logGet(46)) - raft.server.snapshot.trigger-when-stop.enabled = true (default)
2024-02-22 20:33:41,839 [e46a6e51-795f-4801-a523-c45a6c7f2c34-groupManagement] INFO  server.RaftServerConfigKeys (ConfUtils.java:logGet(46)) - raft.server.snapshot.auto.trigger.enabled = true (custom)
2024-02-22 20:33:41,839 [e46a6e51-795f-4801-a523-c45a6c7f2c34-groupManagement] INFO  server.RaftServerConfigKeys (ConfUtils.java:logGet(46)) - raft.server.snapshot.auto.trigger.threshold = 10000 (custom)
2024-02-22 20:33:41,839 [e46a6e51-795f-4801-a523-c45a6c7f2c34-groupManagement] INFO  server.RaftServerConfigKeys (ConfUtils.java:logGet(46)) - raft.server.snapshot.retention.file.num = 5 (custom)
2024-02-22 20:33:41,839 [e46a6e51-795f-4801-a523-c45a6c7f2c34-groupManagement] INFO  server.RaftServerConfigKeys (ConfUtils.java:logGet(46)) - raft.server.log.purge.upto.snapshot.index = false (default)
2024-02-22 20:33:41,839 [c30fedce-f286-40e0-881d-3d5a9a6e2463-PipelineCommandHandlerThread-0] INFO  commandhandler.CreatePipelineCommandHandler (CreatePipelineCommandHandler.java:lambda$handle$2(124)) - Created Pipeline RATIS THREE PipelineID=b7d85f91-fa2f-4c6c-8457-34e96220011a.
2024-02-22 20:33:41,841 [e780b093-7242-46d7-bd8f-0f810188c7b3-groupManagement] INFO  server.RaftServerConfigKeys (ConfUtils.java:logGet(46)) - raft.server.rpc.request.timeout = 60s (custom)
2024-02-22 20:33:41,841 [e780b093-7242-46d7-bd8f-0f810188c7b3-groupManagement] INFO  server.RaftServerConfigKeys (ConfUtils.java:logGet(46)) - raft.server.log.appender.install.snapshot.enabled = false (custom)
2024-02-22 20:33:41,841 [e780b093-7242-46d7-bd8f-0f810188c7b3-groupManagement] INFO  server.RaftServerConfigKeys (ConfUtils.java:logGet(46)) - raft.server.threadpool.server.cached = true (default)
2024-02-22 20:33:41,842 [e780b093-7242-46d7-bd8f-0f810188c7b3-groupManagement] INFO  server.RaftServerConfigKeys (ConfUtils.java:logGet(46)) - raft.server.threadpool.server.size = 0 (default)
2024-02-22 20:33:41,842 [e46a6e51-795f-4801-a523-c45a6c7f2c34-PipelineCommandHandlerThread-0] INFO  ratis.XceiverServerRatis (XceiverServerRatis.java:addGroup(864)) - Created group PipelineID=df82f477-9a32-43af-879e-c11f3e838557
2024-02-22 20:33:41,844 [e46a6e51-795f-4801-a523-c45a6c7f2c34@group-C11F3E838557-FollowerState] INFO  server.RaftServerConfigKeys (ConfUtils.java:logFallback(53)) - raft.server.rpc.first-election.timeout.min = 5s (fallback to raft.server.rpc.timeout.min)
2024-02-22 20:33:41,844 [e46a6e51-795f-4801-a523-c45a6c7f2c34@group-C11F3E838557-FollowerState] INFO  server.RaftServerConfigKeys (ConfUtils.java:logFallback(53)) - raft.server.rpc.first-election.timeout.max = 5200ms (fallback to raft.server.rpc.timeout.max)
2024-02-22 20:33:41,845 [4e8f68d6-fd98-4f77-87e3-715939181693@group-C11F3E838557-FollowerState] INFO  server.RaftServerConfigKeys (ConfUtils.java:logFallback(53)) - raft.server.rpc.first-election.timeout.min = 5s (fallback to raft.server.rpc.timeout.min)
2024-02-22 20:33:41,845 [4e8f68d6-fd98-4f77-87e3-715939181693@group-C11F3E838557-FollowerState] INFO  server.RaftServerConfigKeys (ConfUtils.java:logFallback(53)) - raft.server.rpc.first-election.timeout.max = 5200ms (fallback to raft.server.rpc.timeout.max)
2024-02-22 20:33:41,842 [e780b093-7242-46d7-bd8f-0f810188c7b3-groupManagement] INFO  server.RaftServerConfigKeys (ConfUtils.java:logGet(46)) - raft.server.threadpool.client.cached = true (default)
2024-02-22 20:33:41,846 [e780b093-7242-46d7-bd8f-0f810188c7b3-groupManagement] INFO  server.RaftServerConfigKeys (ConfUtils.java:logGet(46)) - raft.server.threadpool.client.size = 0 (default)
2024-02-22 20:33:41,846 [e780b093-7242-46d7-bd8f-0f810188c7b3-groupManagement] INFO  server.RaftServerConfigKeys (ConfUtils.java:logGet(46)) - raft.server.storage.free-space.min = 0MB (=0) (default)
2024-02-22 20:33:41,846 [e780b093-7242-46d7-bd8f-0f810188c7b3-groupManagement] INFO  server.RaftServerConfigKeys (ConfUtils.java:logGet(46)) - raft.server.log.corruption.policy = EXCEPTION (default)
2024-02-22 20:33:41,846 [e780b093-7242-46d7-bd8f-0f810188c7b3-groupManagement] INFO  server.RaftServerConfigKeys (ConfUtils.java:logGet(46)) - raft.server.storage.dir = [/home/runner/work/ozone/ozone/hadoop-ozone/integration-test/target/test-dir/MiniOzoneClusterImpl-a0fc024b-a492-45a5-9697-b0d14f72cb5c/datanode-9/data/ratis] (custom)
2024-02-22 20:33:41,847 [e780b093-7242-46d7-bd8f-0f810188c7b3-groupManagement] INFO  storage.RaftStorageDirectory (RaftStorageDirectoryImpl.java:analyzeStorage(138)) - The storage directory /home/runner/work/ozone/ozone/hadoop-ozone/integration-test/target/test-dir/MiniOzoneClusterImpl-a0fc024b-a492-45a5-9697-b0d14f72cb5c/datanode-9/data/ratis/a069b16c-3c19-42f6-a3b4-b62ac99fa1e0 does not exist. Creating ...
2024-02-22 20:33:41,848 [e780b093-7242-46d7-bd8f-0f810188c7b3-groupManagement] INFO  storage.RaftStorageDirectory (RaftStorageDirectoryImpl.java:tryLock(228)) - Lock on /home/runner/work/ozone/ozone/hadoop-ozone/integration-test/target/test-dir/MiniOzoneClusterImpl-a0fc024b-a492-45a5-9697-b0d14f72cb5c/datanode-9/data/ratis/a069b16c-3c19-42f6-a3b4-b62ac99fa1e0/in_use.lock acquired by nodename 30552@fv-az779-213
2024-02-22 20:33:41,849 [e780b093-7242-46d7-bd8f-0f810188c7b3-groupManagement] INFO  storage.RaftStorage (RaftStorageImpl.java:format(99)) - Storage directory /home/runner/work/ozone/ozone/hadoop-ozone/integration-test/target/test-dir/MiniOzoneClusterImpl-a0fc024b-a492-45a5-9697-b0d14f72cb5c/datanode-9/data/ratis/a069b16c-3c19-42f6-a3b4-b62ac99fa1e0 has been successfully formatted.
2024-02-22 20:33:41,849 [e780b093-7242-46d7-bd8f-0f810188c7b3-groupManagement] WARN  util.FileUtils (LogUtils.java:supplyAndLog(63)) - Failed to Files.newInputStream /home/runner/work/ozone/ozone/hadoop-ozone/integration-test/target/test-dir/MiniOzoneClusterImpl-a0fc024b-a492-45a5-9697-b0d14f72cb5c/datanode-9/data/ratis/a069b16c-3c19-42f6-a3b4-b62ac99fa1e0/current/raft-meta.conf with options []: java.nio.file.NoSuchFileException: /home/runner/work/ozone/ozone/hadoop-ozone/integration-test/target/test-dir/MiniOzoneClusterImpl-a0fc024b-a492-45a5-9697-b0d14f72cb5c/datanode-9/data/ratis/a069b16c-3c19-42f6-a3b4-b62ac99fa1e0/current/raft-meta.conf
2024-02-22 20:33:41,852 [e780b093-7242-46d7-bd8f-0f810188c7b3-groupManagement] INFO  ratis.ContainerStateMachine (ContainerStateMachine.java:loadSnapshot(287)) - group-B62AC99FA1E0: The snapshot info is null. Setting the last applied index to:(t:0, i:~)
2024-02-22 20:33:41,852 [e780b093-7242-46d7-bd8f-0f810188c7b3-groupManagement] INFO  server.RaftServerConfigKeys (ConfUtils.java:logGet(46)) - raft.server.log.use.memory = false (default)
2024-02-22 20:33:41,852 [e780b093-7242-46d7-bd8f-0f810188c7b3-groupManagement] INFO  server.RaftServerConfigKeys (ConfUtils.java:logGet(46)) - raft.server.log.purge.gap = 1000000 (custom)
2024-02-22 20:33:41,852 [e780b093-7242-46d7-bd8f-0f810188c7b3-groupManagement] INFO  server.RaftServerConfigKeys (ConfUtils.java:logGet(46)) - raft.server.log.appender.buffer.byte-limit = 8388608 (custom)
2024-02-22 20:33:41,853 [e780b093-7242-46d7-bd8f-0f810188c7b3-groupManagement] INFO  server.RaftServerConfigKeys (ConfUtils.java:logGet(46)) - raft.server.log.statemachine.data.read.timeout = 1000ms (default)
2024-02-22 20:33:41,853 [e780b093-7242-46d7-bd8f-0f810188c7b3-groupManagement] INFO  server.RaftServerConfigKeys (ConfUtils.java:logGet(46)) - raft.server.log.purge.preservation.log.num = 0 (default)
2024-02-22 20:33:41,854 [e780b093-7242-46d7-bd8f-0f810188c7b3-groupManagement] INFO  server.RaftServerConfigKeys (ConfUtils.java:logGet(46)) - raft.server.log.segment.size.max = 67108864 (custom)
2024-02-22 20:33:41,854 [78f89d9b-e409-4704-890b-bfcfbcdfd28a-PipelineCommandHandlerThread-0] INFO  ratis.XceiverServerRatis (XceiverServerRatis.java:addGroup(864)) - Created group PipelineID=a069b16c-3c19-42f6-a3b4-b62ac99fa1e0
2024-02-22 20:33:41,855 [EventQueue-OpenPipelineForHealthyPipelineSafeModeRule] INFO  safemode.SCMSafeModeManager (HealthyPipelineSafeModeRule.java:process(140)) - SCM in safe mode. Healthy pipelines reported count is 0, required healthy pipeline reported count is 1
2024-02-22 20:33:41,855 [EventQueue-OpenPipelineForHealthyPipelineSafeModeRule] INFO  safemode.SCMSafeModeManager (HealthyPipelineSafeModeRule.java:process(140)) - SCM in safe mode. Healthy pipelines reported count is 0, required healthy pipeline reported count is 1
2024-02-22 20:33:41,857 [e780b093-7242-46d7-bd8f-0f810188c7b3-groupManagement] INFO  server.RaftServerConfigKeys (ConfUtils.java:logGet(46)) - raft.server.log.segment.cache.num.max = 2 (custom)
2024-02-22 20:33:41,857 [e780b093-7242-46d7-bd8f-0f810188c7b3-groupManagement] INFO  server.RaftServerConfigKeys (ConfUtils.java:logGet(46)) - raft.server.log.segment.cache.size.max = 200MB (=209715200) (default)
2024-02-22 20:33:41,857 [e780b093-7242-46d7-bd8f-0f810188c7b3-groupManagement] INFO  server.RaftServerConfigKeys (ConfUtils.java:logGet(46)) - raft.server.log.appender.buffer.byte-limit = 8388608 (custom)
2024-02-22 20:33:41,858 [e780b093-7242-46d7-bd8f-0f810188c7b3-groupManagement] INFO  util.AwaitToRun (AwaitToRun.java:start(81)) - Thread[e780b093-7242-46d7-bd8f-0f810188c7b3@group-B62AC99FA1E0-cacheEviction-AwaitToRun,5,main] started
2024-02-22 20:33:41,858 [e780b093-7242-46d7-bd8f-0f810188c7b3-groupManagement] INFO  segmented.SegmentedRaftLogWorker (SegmentedRaftLogWorker.java:<init>(182)) - new e780b093-7242-46d7-bd8f-0f810188c7b3@group-B62AC99FA1E0-SegmentedRaftLogWorker for RaftStorageImpl:Storage Directory /home/runner/work/ozone/ozone/hadoop-ozone/integration-test/target/test-dir/MiniOzoneClusterImpl-a0fc024b-a492-45a5-9697-b0d14f72cb5c/datanode-9/data/ratis/a069b16c-3c19-42f6-a3b4-b62ac99fa1e0
2024-02-22 20:33:41,858 [e780b093-7242-46d7-bd8f-0f810188c7b3-groupManagement] INFO  server.RaftServerConfigKeys (ConfUtils.java:logGet(46)) - raft.server.log.queue.byte-limit = 4294967296 (custom)
2024-02-22 20:33:41,858 [e780b093-7242-46d7-bd8f-0f810188c7b3-groupManagement] INFO  server.RaftServerConfigKeys (ConfUtils.java:logGet(46)) - raft.server.log.queue.element-limit = 1024 (custom)
2024-02-22 20:33:41,858 [e780b093-7242-46d7-bd8f-0f810188c7b3-groupManagement] INFO  server.RaftServerConfigKeys (ConfUtils.java:logGet(46)) - raft.server.log.segment.size.max = 67108864 (custom)
2024-02-22 20:33:41,858 [e780b093-7242-46d7-bd8f-0f810188c7b3-groupManagement] INFO  server.RaftServerConfigKeys (ConfUtils.java:logGet(46)) - raft.server.log.preallocated.size = 4194304 (custom)
2024-02-22 20:33:41,858 [e780b093-7242-46d7-bd8f-0f810188c7b3-groupManagement] INFO  server.RaftServerConfigKeys (ConfUtils.java:logGet(46)) - raft.server.log.force.sync.num = 128 (default)
2024-02-22 20:33:41,858 [e780b093-7242-46d7-bd8f-0f810188c7b3-groupManagement] INFO  server.RaftServerConfigKeys (ConfUtils.java:logGet(46)) - raft.server.log.statemachine.data.sync = true (default)
2024-02-22 20:33:41,858 [e780b093-7242-46d7-bd8f-0f810188c7b3-groupManagement] INFO  server.RaftServerConfigKeys (ConfUtils.java:logGet(46)) - raft.server.log.statemachine.data.sync.timeout = 10s (default)
2024-02-22 20:33:41,858 [e780b093-7242-46d7-bd8f-0f810188c7b3-groupManagement] INFO  server.RaftServerConfigKeys (ConfUtils.java:logGet(46)) - raft.server.log.statemachine.data.sync.timeout.retry = 0 (custom)
2024-02-22 20:33:41,859 [e780b093-7242-46d7-bd8f-0f810188c7b3-groupManagement] INFO  server.RaftServerConfigKeys (ConfUtils.java:logGet(46)) - raft.server.log.write.buffer.size = 8388616 (custom)
2024-02-22 20:33:41,861 [e780b093-7242-46d7-bd8f-0f810188c7b3-groupManagement] INFO  server.RaftServerConfigKeys (ConfUtils.java:logGet(46)) - raft.server.log.appender.buffer.byte-limit = 8388608 (custom)
2024-02-22 20:33:41,861 [e780b093-7242-46d7-bd8f-0f810188c7b3-groupManagement] INFO  server.RaftServerConfigKeys (ConfUtils.java:logGet(46)) - raft.server.log.unsafe-flush.enabled = false (default)
2024-02-22 20:33:41,861 [e780b093-7242-46d7-bd8f-0f810188c7b3-groupManagement] INFO  server.RaftServerConfigKeys (ConfUtils.java:logGet(46)) - raft.server.log.async-flush.enabled = false (default)
2024-02-22 20:33:41,861 [e780b093-7242-46d7-bd8f-0f810188c7b3-groupManagement] INFO  server.RaftServerConfigKeys (ConfUtils.java:logGet(46)) - raft.server.log.statemachine.data.caching.enabled = true (custom)
2024-02-22 20:33:41,861 [e780b093-7242-46d7-bd8f-0f810188c7b3-groupManagement] INFO  segmented.SegmentedRaftLogWorker (SegmentedRaftLogWorker.java:lambda$new$0(134)) - e780b093-7242-46d7-bd8f-0f810188c7b3@group-B62AC99FA1E0-SegmentedRaftLogWorker: flushIndex: setUnconditionally 0 -> -1
2024-02-22 20:33:41,862 [13f92446-3b18-4d81-bc66-0f9b00220e72-PipelineCommandHandlerThread-0] INFO  commandhandler.CreatePipelineCommandHandler (CreatePipelineCommandHandler.java:lambda$handle$2(124)) - Created Pipeline RATIS THREE PipelineID=724f0737-a92a-4fca-96d8-c6933685b048.
2024-02-22 20:33:41,862 [13f92446-3b18-4d81-bc66-0f9b00220e72-PipelineCommandHandlerThread-0] INFO  server.RaftServer (RaftServerProxy.java:addNew(100)) - 13f92446-3b18-4d81-bc66-0f9b00220e72: addNew group-B62AC99FA1E0:[78f89d9b-e409-4704-890b-bfcfbcdfd28a|10.1.0.33:15086, e780b093-7242-46d7-bd8f-0f810188c7b3|10.1.0.33:15095, 13f92446-3b18-4d81-bc66-0f9b00220e72|10.1.0.33:15077] returns group-B62AC99FA1E0:java.util.concurrent.CompletableFuture@48b9e213[Not completed]
2024-02-22 20:33:41,862 [e780b093-7242-46d7-bd8f-0f810188c7b3-groupManagement] INFO  segmented.SegmentedRaftLogWorker (SegmentedRaftLogWorker.java:lambda$new$0(134)) - e780b093-7242-46d7-bd8f-0f810188c7b3@group-B62AC99FA1E0-SegmentedRaftLogWorker: safeCacheEvictIndex: setUnconditionally 0 -> -1
2024-02-22 20:33:41,863 [e780b093-7242-46d7-bd8f-0f810188c7b3-groupManagement] INFO  server.RaftServer$Division (RaftServerImpl.java:start(396)) - e780b093-7242-46d7-bd8f-0f810188c7b3@group-B62AC99FA1E0: start as a follower, conf=-1: peers:[78f89d9b-e409-4704-890b-bfcfbcdfd28a|10.1.0.33:15086, e780b093-7242-46d7-bd8f-0f810188c7b3|10.1.0.33:15095, 13f92446-3b18-4d81-bc66-0f9b00220e72|10.1.0.33:15077]|listeners:[], old=null
2024-02-22 20:33:41,863 [e780b093-7242-46d7-bd8f-0f810188c7b3-groupManagement] INFO  server.RaftServer$Division (RaftServerImpl.java:setRole(383)) - e780b093-7242-46d7-bd8f-0f810188c7b3@group-B62AC99FA1E0: changes role from      null to FOLLOWER at term 0 for startAsFollower
2024-02-22 20:33:41,863 [13f92446-3b18-4d81-bc66-0f9b00220e72-groupManagement] INFO  server.RaftServer$Division (RaftServerImpl.java:<init>(256)) - 13f92446-3b18-4d81-bc66-0f9b00220e72: new RaftServerImpl for group-B62AC99FA1E0:[78f89d9b-e409-4704-890b-bfcfbcdfd28a|10.1.0.33:15086, e780b093-7242-46d7-bd8f-0f810188c7b3|10.1.0.33:15095, 13f92446-3b18-4d81-bc66-0f9b00220e72|10.1.0.33:15077] with ContainerStateMachine:uninitialized
2024-02-22 20:33:41,863 [e780b093-7242-46d7-bd8f-0f810188c7b3-groupManagement] INFO  impl.RoleInfo (RoleInfo.java:updateAndGet(139)) - e780b093-7242-46d7-bd8f-0f810188c7b3: start e780b093-7242-46d7-bd8f-0f810188c7b3@group-B62AC99FA1E0-FollowerState
2024-02-22 20:33:41,863 [13f92446-3b18-4d81-bc66-0f9b00220e72-groupManagement] INFO  server.RaftServerConfigKeys (ConfUtils.java:logGet(46)) - raft.server.rpc.timeout.min = 5s (custom)
2024-02-22 20:33:41,863 [13f92446-3b18-4d81-bc66-0f9b00220e72-groupManagement] INFO  server.RaftServerConfigKeys (ConfUtils.java:logGet(46)) - raft.server.rpc.timeout.max = 5200ms (custom)
2024-02-22 20:33:41,863 [13f92446-3b18-4d81-bc66-0f9b00220e72-groupManagement] INFO  server.RaftServerConfigKeys (ConfUtils.java:logGet(46)) - raft.server.rpc.sleep.time = 25ms (default)
2024-02-22 20:33:41,864 [13f92446-3b18-4d81-bc66-0f9b00220e72-groupManagement] INFO  server.RaftServerConfigKeys (ConfUtils.java:logGet(46)) - raft.server.rpc.slowness.timeout = 300s (custom)
2024-02-22 20:33:41,864 [13f92446-3b18-4d81-bc66-0f9b00220e72-groupManagement] INFO  server.RaftServerConfigKeys (ConfUtils.java:logGet(46)) - raft.server.leaderelection.leader.step-down.wait-time = 10s (default)
2024-02-22 20:33:41,864 [13f92446-3b18-4d81-bc66-0f9b00220e72-groupManagement] INFO  server.RaftServerConfigKeys (ConfUtils.java:logGet(46)) - raft.server.leaderelection.member.majority-add = false (default)
2024-02-22 20:33:41,864 [13f92446-3b18-4d81-bc66-0f9b00220e72-groupManagement] INFO  server.RaftServerConfigKeys (ConfUtils.java:logGet(46)) - raft.server.sleep.deviation.threshold = 300ms (default)
2024-02-22 20:33:41,864 [13f92446-3b18-4d81-bc66-0f9b00220e72-groupManagement] INFO  server.RaftServer$Division (ServerState.java:<init>(113)) - 13f92446-3b18-4d81-bc66-0f9b00220e72@group-B62AC99FA1E0: ConfigurationManager, init=-1: peers:[78f89d9b-e409-4704-890b-bfcfbcdfd28a|10.1.0.33:15086, e780b093-7242-46d7-bd8f-0f810188c7b3|10.1.0.33:15095, 13f92446-3b18-4d81-bc66-0f9b00220e72|10.1.0.33:15077]|listeners:[], old=null, confs=<EMPTY_MAP>
2024-02-22 20:33:41,864 [13f92446-3b18-4d81-bc66-0f9b00220e72-groupManagement] INFO  server.RaftServerConfigKeys (ConfUtils.java:logGet(46)) - raft.server.notification.no-leader.timeout = 300s (custom)
2024-02-22 20:33:41,864 [13f92446-3b18-4d81-bc66-0f9b00220e72-groupManagement] INFO  server.RaftServerConfigKeys (ConfUtils.java:logGet(46)) - raft.server.read.timeout = 10s (default)
2024-02-22 20:33:41,864 [13f92446-3b18-4d81-bc66-0f9b00220e72-groupManagement] INFO  server.RaftServerConfigKeys (ConfUtils.java:logGet(46)) - raft.server.retrycache.expirytime = 600000ms (custom)
2024-02-22 20:33:41,864 [13f92446-3b18-4d81-bc66-0f9b00220e72-groupManagement] INFO  server.RaftServerConfigKeys (ConfUtils.java:logGet(46)) - raft.server.retrycache.statistics.expirytime = 100ms (default)
2024-02-22 20:33:41,864 [13f92446-3b18-4d81-bc66-0f9b00220e72-groupManagement] INFO  server.RaftServerConfigKeys (ConfUtils.java:logGet(46)) - raft.server.read.option = DEFAULT (default)
2024-02-22 20:33:41,864 [13f92446-3b18-4d81-bc66-0f9b00220e72-groupManagement] INFO  server.RaftServerConfigKeys (ConfUtils.java:logGet(46)) - raft.server.read.read-after-write-consistent.write-index-cache.expiry-time = 60s (default)
2024-02-22 20:33:41,868 [13f92446-3b18-4d81-bc66-0f9b00220e72-groupManagement] INFO  server.RaftServerConfigKeys (ConfUtils.java:logGet(46)) - raft.server.rpc.request.timeout = 60s (custom)
2024-02-22 20:33:41,870 [13f92446-3b18-4d81-bc66-0f9b00220e72-groupManagement] INFO  server.RaftServerConfigKeys (ConfUtils.java:logGet(46)) - raft.server.log.appender.install.snapshot.enabled = false (custom)
2024-02-22 20:33:41,870 [13f92446-3b18-4d81-bc66-0f9b00220e72-groupManagement] INFO  server.RaftServerConfigKeys (ConfUtils.java:logGet(46)) - raft.server.threadpool.server.cached = true (default)
2024-02-22 20:33:41,870 [13f92446-3b18-4d81-bc66-0f9b00220e72-groupManagement] INFO  server.RaftServerConfigKeys (ConfUtils.java:logGet(46)) - raft.server.threadpool.server.size = 0 (default)
2024-02-22 20:33:41,871 [13f92446-3b18-4d81-bc66-0f9b00220e72-groupManagement] INFO  server.RaftServerConfigKeys (ConfUtils.java:logGet(46)) - raft.server.threadpool.client.cached = true (default)
2024-02-22 20:33:41,871 [13f92446-3b18-4d81-bc66-0f9b00220e72-groupManagement] INFO  server.RaftServerConfigKeys (ConfUtils.java:logGet(46)) - raft.server.threadpool.client.size = 0 (default)
2024-02-22 20:33:41,871 [13f92446-3b18-4d81-bc66-0f9b00220e72-groupManagement] INFO  server.RaftServerConfigKeys (ConfUtils.java:logGet(46)) - raft.server.storage.free-space.min = 0MB (=0) (default)
2024-02-22 20:33:41,871 [13f92446-3b18-4d81-bc66-0f9b00220e72-groupManagement] INFO  server.RaftServerConfigKeys (ConfUtils.java:logGet(46)) - raft.server.log.corruption.policy = EXCEPTION (default)
2024-02-22 20:33:41,872 [13f92446-3b18-4d81-bc66-0f9b00220e72-groupManagement] INFO  server.RaftServerConfigKeys (ConfUtils.java:logGet(46)) - raft.server.storage.dir = [/home/runner/work/ozone/ozone/hadoop-ozone/integration-test/target/test-dir/MiniOzoneClusterImpl-a0fc024b-a492-45a5-9697-b0d14f72cb5c/datanode-7/data/ratis] (custom)
2024-02-22 20:33:41,875 [d25dc3b0-28fc-4383-b1a0-617845025f41-PipelineCommandHandlerThread-0] INFO  commandhandler.CreatePipelineCommandHandler (CreatePipelineCommandHandler.java:lambda$handle$2(124)) - Created Pipeline RATIS THREE PipelineID=df82f477-9a32-43af-879e-c11f3e838557.
2024-02-22 20:33:41,883 [e780b093-7242-46d7-bd8f-0f810188c7b3-groupManagement] INFO  util.JmxRegister (JmxRegister.java:tryRegister(44)) - Successfully registered JMX Bean with object name Ratis:service=RaftServer,group=group-B62AC99FA1E0,id=e780b093-7242-46d7-bd8f-0f810188c7b3
2024-02-22 20:33:41,883 [e780b093-7242-46d7-bd8f-0f810188c7b3-groupManagement] INFO  server.RaftServerConfigKeys (ConfUtils.java:logGet(46)) - raft.server.snapshot.trigger-when-stop.enabled = true (default)
2024-02-22 20:33:41,883 [e780b093-7242-46d7-bd8f-0f810188c7b3-groupManagement] INFO  server.RaftServerConfigKeys (ConfUtils.java:logGet(46)) - raft.server.snapshot.auto.trigger.enabled = true (custom)
2024-02-22 20:33:41,883 [e780b093-7242-46d7-bd8f-0f810188c7b3-groupManagement] INFO  server.RaftServerConfigKeys (ConfUtils.java:logGet(46)) - raft.server.snapshot.auto.trigger.threshold = 10000 (custom)
2024-02-22 20:33:41,883 [e780b093-7242-46d7-bd8f-0f810188c7b3-groupManagement] INFO  server.RaftServerConfigKeys (ConfUtils.java:logGet(46)) - raft.server.snapshot.retention.file.num = 5 (custom)
2024-02-22 20:33:41,883 [e780b093-7242-46d7-bd8f-0f810188c7b3-groupManagement] INFO  server.RaftServerConfigKeys (ConfUtils.java:logGet(46)) - raft.server.log.purge.upto.snapshot.index = false (default)
2024-02-22 20:33:41,885 [e780b093-7242-46d7-bd8f-0f810188c7b3@group-B62AC99FA1E0-FollowerState] INFO  server.RaftServerConfigKeys (ConfUtils.java:logFallback(53)) - raft.server.rpc.first-election.timeout.min = 5s (fallback to raft.server.rpc.timeout.min)
2024-02-22 20:33:41,886 [e780b093-7242-46d7-bd8f-0f810188c7b3@group-B62AC99FA1E0-FollowerState] INFO  server.RaftServerConfigKeys (ConfUtils.java:logFallback(53)) - raft.server.rpc.first-election.timeout.max = 5200ms (fallback to raft.server.rpc.timeout.max)
2024-02-22 20:33:41,886 [13f92446-3b18-4d81-bc66-0f9b00220e72-groupManagement] INFO  storage.RaftStorageDirectory (RaftStorageDirectoryImpl.java:analyzeStorage(138)) - The storage directory /home/runner/work/ozone/ozone/hadoop-ozone/integration-test/target/test-dir/MiniOzoneClusterImpl-a0fc024b-a492-45a5-9697-b0d14f72cb5c/datanode-7/data/ratis/a069b16c-3c19-42f6-a3b4-b62ac99fa1e0 does not exist. Creating ...
2024-02-22 20:33:41,886 [4e8f68d6-fd98-4f77-87e3-715939181693-PipelineCommandHandlerThread-0] INFO  commandhandler.CreatePipelineCommandHandler (CreatePipelineCommandHandler.java:lambda$handle$2(124)) - Created Pipeline RATIS THREE PipelineID=df82f477-9a32-43af-879e-c11f3e838557.
2024-02-22 20:33:41,887 [13f92446-3b18-4d81-bc66-0f9b00220e72-groupManagement] INFO  storage.RaftStorageDirectory (RaftStorageDirectoryImpl.java:tryLock(228)) - Lock on /home/runner/work/ozone/ozone/hadoop-ozone/integration-test/target/test-dir/MiniOzoneClusterImpl-a0fc024b-a492-45a5-9697-b0d14f72cb5c/datanode-7/data/ratis/a069b16c-3c19-42f6-a3b4-b62ac99fa1e0/in_use.lock acquired by nodename 30552@fv-az779-213
2024-02-22 20:33:41,887 [e780b093-7242-46d7-bd8f-0f810188c7b3-PipelineCommandHandlerThread-0] INFO  ratis.XceiverServerRatis (XceiverServerRatis.java:addGroup(864)) - Created group PipelineID=a069b16c-3c19-42f6-a3b4-b62ac99fa1e0
2024-02-22 20:33:41,888 [13f92446-3b18-4d81-bc66-0f9b00220e72-groupManagement] INFO  storage.RaftStorage (RaftStorageImpl.java:format(99)) - Storage directory /home/runner/work/ozone/ozone/hadoop-ozone/integration-test/target/test-dir/MiniOzoneClusterImpl-a0fc024b-a492-45a5-9697-b0d14f72cb5c/datanode-7/data/ratis/a069b16c-3c19-42f6-a3b4-b62ac99fa1e0 has been successfully formatted.
2024-02-22 20:33:41,888 [13f92446-3b18-4d81-bc66-0f9b00220e72-groupManagement] WARN  util.FileUtils (LogUtils.java:supplyAndLog(63)) - Failed to Files.newInputStream /home/runner/work/ozone/ozone/hadoop-ozone/integration-test/target/test-dir/MiniOzoneClusterImpl-a0fc024b-a492-45a5-9697-b0d14f72cb5c/datanode-7/data/ratis/a069b16c-3c19-42f6-a3b4-b62ac99fa1e0/current/raft-meta.conf with options []: java.nio.file.NoSuchFileException: /home/runner/work/ozone/ozone/hadoop-ozone/integration-test/target/test-dir/MiniOzoneClusterImpl-a0fc024b-a492-45a5-9697-b0d14f72cb5c/datanode-7/data/ratis/a069b16c-3c19-42f6-a3b4-b62ac99fa1e0/current/raft-meta.conf
2024-02-22 20:33:41,889 [13f92446-3b18-4d81-bc66-0f9b00220e72-groupManagement] INFO  ratis.ContainerStateMachine (ContainerStateMachine.java:loadSnapshot(287)) - group-B62AC99FA1E0: The snapshot info is null. Setting the last applied index to:(t:0, i:~)
2024-02-22 20:33:41,889 [13f92446-3b18-4d81-bc66-0f9b00220e72-groupManagement] INFO  server.RaftServerConfigKeys (ConfUtils.java:logGet(46)) - raft.server.log.use.memory = false (default)
2024-02-22 20:33:41,889 [13f92446-3b18-4d81-bc66-0f9b00220e72-groupManagement] INFO  server.RaftServerConfigKeys (ConfUtils.java:logGet(46)) - raft.server.log.purge.gap = 1000000 (custom)
2024-02-22 20:33:41,889 [13f92446-3b18-4d81-bc66-0f9b00220e72-groupManagement] INFO  server.RaftServerConfigKeys (ConfUtils.java:logGet(46)) - raft.server.log.appender.buffer.byte-limit = 8388608 (custom)
2024-02-22 20:33:41,889 [13f92446-3b18-4d81-bc66-0f9b00220e72-groupManagement] INFO  server.RaftServerConfigKeys (ConfUtils.java:logGet(46)) - raft.server.log.statemachine.data.read.timeout = 1000ms (default)
2024-02-22 20:33:41,889 [13f92446-3b18-4d81-bc66-0f9b00220e72-groupManagement] INFO  server.RaftServerConfigKeys (ConfUtils.java:logGet(46)) - raft.server.log.purge.preservation.log.num = 0 (default)
2024-02-22 20:33:41,894 [13f92446-3b18-4d81-bc66-0f9b00220e72-groupManagement] INFO  server.RaftServerConfigKeys (ConfUtils.java:logGet(46)) - raft.server.log.segment.size.max = 67108864 (custom)
2024-02-22 20:33:41,895 [13f92446-3b18-4d81-bc66-0f9b00220e72-groupManagement] INFO  server.RaftServerConfigKeys (ConfUtils.java:logGet(46)) - raft.server.log.segment.cache.num.max = 2 (custom)
2024-02-22 20:33:41,895 [13f92446-3b18-4d81-bc66-0f9b00220e72-groupManagement] INFO  server.RaftServerConfigKeys (ConfUtils.java:logGet(46)) - raft.server.log.segment.cache.size.max = 200MB (=209715200) (default)
2024-02-22 20:33:41,895 [13f92446-3b18-4d81-bc66-0f9b00220e72-groupManagement] INFO  server.RaftServerConfigKeys (ConfUtils.java:logGet(46)) - raft.server.log.appender.buffer.byte-limit = 8388608 (custom)
2024-02-22 20:33:41,901 [e46a6e51-795f-4801-a523-c45a6c7f2c34-PipelineCommandHandlerThread-0] INFO  commandhandler.CreatePipelineCommandHandler (CreatePipelineCommandHandler.java:lambda$handle$2(124)) - Created Pipeline RATIS THREE PipelineID=df82f477-9a32-43af-879e-c11f3e838557.
2024-02-22 20:33:41,902 [EventQueue-OpenPipelineForHealthyPipelineSafeModeRule] INFO  safemode.SCMSafeModeManager (HealthyPipelineSafeModeRule.java:process(140)) - SCM in safe mode. Healthy pipelines reported count is 0, required healthy pipeline reported count is 1
2024-02-22 20:33:41,902 [EventQueue-OpenPipelineForHealthyPipelineSafeModeRule] INFO  safemode.SCMSafeModeManager (HealthyPipelineSafeModeRule.java:process(140)) - SCM in safe mode. Healthy pipelines reported count is 0, required healthy pipeline reported count is 1
2024-02-22 20:33:41,902 [13f92446-3b18-4d81-bc66-0f9b00220e72-groupManagement] INFO  util.AwaitToRun (AwaitToRun.java:start(81)) - Thread[13f92446-3b18-4d81-bc66-0f9b00220e72@group-B62AC99FA1E0-cacheEviction-AwaitToRun,5,main] started
2024-02-22 20:33:41,902 [13f92446-3b18-4d81-bc66-0f9b00220e72-groupManagement] INFO  segmented.SegmentedRaftLogWorker (SegmentedRaftLogWorker.java:<init>(182)) - new 13f92446-3b18-4d81-bc66-0f9b00220e72@group-B62AC99FA1E0-SegmentedRaftLogWorker for RaftStorageImpl:Storage Directory /home/runner/work/ozone/ozone/hadoop-ozone/integration-test/target/test-dir/MiniOzoneClusterImpl-a0fc024b-a492-45a5-9697-b0d14f72cb5c/datanode-7/data/ratis/a069b16c-3c19-42f6-a3b4-b62ac99fa1e0
2024-02-22 20:33:41,902 [13f92446-3b18-4d81-bc66-0f9b00220e72-groupManagement] INFO  server.RaftServerConfigKeys (ConfUtils.java:logGet(46)) - raft.server.log.queue.byte-limit = 4294967296 (custom)
2024-02-22 20:33:41,902 [13f92446-3b18-4d81-bc66-0f9b00220e72-groupManagement] INFO  server.RaftServerConfigKeys (ConfUtils.java:logGet(46)) - raft.server.log.queue.element-limit = 1024 (custom)
2024-02-22 20:33:41,903 [13f92446-3b18-4d81-bc66-0f9b00220e72-groupManagement] INFO  server.RaftServerConfigKeys (ConfUtils.java:logGet(46)) - raft.server.log.segment.size.max = 67108864 (custom)
2024-02-22 20:33:41,903 [13f92446-3b18-4d81-bc66-0f9b00220e72-groupManagement] INFO  server.RaftServerConfigKeys (ConfUtils.java:logGet(46)) - raft.server.log.preallocated.size = 4194304 (custom)
2024-02-22 20:33:41,903 [13f92446-3b18-4d81-bc66-0f9b00220e72-groupManagement] INFO  server.RaftServerConfigKeys (ConfUtils.java:logGet(46)) - raft.server.log.force.sync.num = 128 (default)
2024-02-22 20:33:41,903 [13f92446-3b18-4d81-bc66-0f9b00220e72-groupManagement] INFO  server.RaftServerConfigKeys (ConfUtils.java:logGet(46)) - raft.server.log.statemachine.data.sync = true (default)
2024-02-22 20:33:41,903 [13f92446-3b18-4d81-bc66-0f9b00220e72-groupManagement] INFO  server.RaftServerConfigKeys (ConfUtils.java:logGet(46)) - raft.server.log.statemachine.data.sync.timeout = 10s (default)
2024-02-22 20:33:41,903 [13f92446-3b18-4d81-bc66-0f9b00220e72-groupManagement] INFO  server.RaftServerConfigKeys (ConfUtils.java:logGet(46)) - raft.server.log.statemachine.data.sync.timeout.retry = 0 (custom)
2024-02-22 20:33:41,903 [13f92446-3b18-4d81-bc66-0f9b00220e72-groupManagement] INFO  server.RaftServerConfigKeys (ConfUtils.java:logGet(46)) - raft.server.log.write.buffer.size = 8388616 (custom)
2024-02-22 20:33:41,905 [13f92446-3b18-4d81-bc66-0f9b00220e72-groupManagement] INFO  server.RaftServerConfigKeys (ConfUtils.java:logGet(46)) - raft.server.log.appender.buffer.byte-limit = 8388608 (custom)
2024-02-22 20:33:41,905 [13f92446-3b18-4d81-bc66-0f9b00220e72-groupManagement] INFO  server.RaftServerConfigKeys (ConfUtils.java:logGet(46)) - raft.server.log.unsafe-flush.enabled = false (default)
2024-02-22 20:33:41,905 [13f92446-3b18-4d81-bc66-0f9b00220e72-groupManagement] INFO  server.RaftServerConfigKeys (ConfUtils.java:logGet(46)) - raft.server.log.async-flush.enabled = false (default)
2024-02-22 20:33:41,905 [13f92446-3b18-4d81-bc66-0f9b00220e72-groupManagement] INFO  server.RaftServerConfigKeys (ConfUtils.java:logGet(46)) - raft.server.log.statemachine.data.caching.enabled = true (custom)
2024-02-22 20:33:41,906 [13f92446-3b18-4d81-bc66-0f9b00220e72-groupManagement] INFO  segmented.SegmentedRaftLogWorker (SegmentedRaftLogWorker.java:lambda$new$0(134)) - 13f92446-3b18-4d81-bc66-0f9b00220e72@group-B62AC99FA1E0-SegmentedRaftLogWorker: flushIndex: setUnconditionally 0 -> -1
2024-02-22 20:33:41,906 [13f92446-3b18-4d81-bc66-0f9b00220e72-groupManagement] INFO  segmented.SegmentedRaftLogWorker (SegmentedRaftLogWorker.java:lambda$new$0(134)) - 13f92446-3b18-4d81-bc66-0f9b00220e72@group-B62AC99FA1E0-SegmentedRaftLogWorker: safeCacheEvictIndex: setUnconditionally 0 -> -1
2024-02-22 20:33:41,906 [13f92446-3b18-4d81-bc66-0f9b00220e72-groupManagement] INFO  server.RaftServer$Division (RaftServerImpl.java:start(396)) - 13f92446-3b18-4d81-bc66-0f9b00220e72@group-B62AC99FA1E0: start as a follower, conf=-1: peers:[78f89d9b-e409-4704-890b-bfcfbcdfd28a|10.1.0.33:15086, e780b093-7242-46d7-bd8f-0f810188c7b3|10.1.0.33:15095, 13f92446-3b18-4d81-bc66-0f9b00220e72|10.1.0.33:15077]|listeners:[], old=null
2024-02-22 20:33:41,906 [13f92446-3b18-4d81-bc66-0f9b00220e72-groupManagement] INFO  server.RaftServer$Division (RaftServerImpl.java:setRole(383)) - 13f92446-3b18-4d81-bc66-0f9b00220e72@group-B62AC99FA1E0: changes role from      null to FOLLOWER at term 0 for startAsFollower
2024-02-22 20:33:41,906 [13f92446-3b18-4d81-bc66-0f9b00220e72-groupManagement] INFO  impl.RoleInfo (RoleInfo.java:updateAndGet(139)) - 13f92446-3b18-4d81-bc66-0f9b00220e72: start 13f92446-3b18-4d81-bc66-0f9b00220e72@group-B62AC99FA1E0-FollowerState
2024-02-22 20:33:41,906 [13f92446-3b18-4d81-bc66-0f9b00220e72-groupManagement] INFO  util.JmxRegister (JmxRegister.java:tryRegister(44)) - Successfully registered JMX Bean with object name Ratis:service=RaftServer,group=group-B62AC99FA1E0,id=13f92446-3b18-4d81-bc66-0f9b00220e72
2024-02-22 20:33:41,906 [13f92446-3b18-4d81-bc66-0f9b00220e72-groupManagement] INFO  server.RaftServerConfigKeys (ConfUtils.java:logGet(46)) - raft.server.snapshot.trigger-when-stop.enabled = true (default)
2024-02-22 20:33:41,906 [13f92446-3b18-4d81-bc66-0f9b00220e72-groupManagement] INFO  server.RaftServerConfigKeys (ConfUtils.java:logGet(46)) - raft.server.snapshot.auto.trigger.enabled = true (custom)
2024-02-22 20:33:41,907 [13f92446-3b18-4d81-bc66-0f9b00220e72-groupManagement] INFO  server.RaftServerConfigKeys (ConfUtils.java:logGet(46)) - raft.server.snapshot.auto.trigger.threshold = 10000 (custom)
2024-02-22 20:33:41,907 [13f92446-3b18-4d81-bc66-0f9b00220e72@group-B62AC99FA1E0-FollowerState] INFO  server.RaftServerConfigKeys (ConfUtils.java:logFallback(53)) - raft.server.rpc.first-election.timeout.min = 5s (fallback to raft.server.rpc.timeout.min)
2024-02-22 20:33:41,907 [13f92446-3b18-4d81-bc66-0f9b00220e72@group-B62AC99FA1E0-FollowerState] INFO  server.RaftServerConfigKeys (ConfUtils.java:logFallback(53)) - raft.server.rpc.first-election.timeout.max = 5200ms (fallback to raft.server.rpc.timeout.max)
2024-02-22 20:33:41,907 [13f92446-3b18-4d81-bc66-0f9b00220e72-groupManagement] INFO  server.RaftServerConfigKeys (ConfUtils.java:logGet(46)) - raft.server.snapshot.retention.file.num = 5 (custom)
2024-02-22 20:33:41,907 [13f92446-3b18-4d81-bc66-0f9b00220e72-groupManagement] INFO  server.RaftServerConfigKeys (ConfUtils.java:logGet(46)) - raft.server.log.purge.upto.snapshot.index = false (default)
2024-02-22 20:33:41,908 [13f92446-3b18-4d81-bc66-0f9b00220e72-PipelineCommandHandlerThread-0] INFO  ratis.XceiverServerRatis (XceiverServerRatis.java:addGroup(864)) - Created group PipelineID=a069b16c-3c19-42f6-a3b4-b62ac99fa1e0
2024-02-22 20:33:41,927 [78f89d9b-e409-4704-890b-bfcfbcdfd28a-PipelineCommandHandlerThread-0] INFO  commandhandler.CreatePipelineCommandHandler (CreatePipelineCommandHandler.java:lambda$handle$2(124)) - Created Pipeline RATIS THREE PipelineID=a069b16c-3c19-42f6-a3b4-b62ac99fa1e0.
2024-02-22 20:33:41,933 [e780b093-7242-46d7-bd8f-0f810188c7b3-PipelineCommandHandlerThread-0] INFO  commandhandler.CreatePipelineCommandHandler (CreatePipelineCommandHandler.java:lambda$handle$2(124)) - Created Pipeline RATIS THREE PipelineID=a069b16c-3c19-42f6-a3b4-b62ac99fa1e0.
2024-02-22 20:33:41,946 [13f92446-3b18-4d81-bc66-0f9b00220e72-PipelineCommandHandlerThread-0] INFO  commandhandler.CreatePipelineCommandHandler (CreatePipelineCommandHandler.java:lambda$handle$2(124)) - Created Pipeline RATIS THREE PipelineID=a069b16c-3c19-42f6-a3b4-b62ac99fa1e0.
2024-02-22 20:33:42,545 [main] INFO  ozone.MiniOzoneClusterImpl (MiniOzoneClusterImpl.java:lambda$waitForClusterToBeReady$0(205)) - Nodes are ready. Got 10 of 10 DN Heartbeats.
2024-02-22 20:33:42,545 [main] INFO  ozone.MiniOzoneClusterImpl (MiniOzoneClusterImpl.java:lambda$waitForClusterToBeReady$0(208)) - Waiting for cluster to exit safe mode
2024-02-22 20:33:42,546 [main] INFO  ozone.MiniOzoneClusterImpl (MiniOzoneClusterImpl.java:lambda$waitForClusterToBeReady$0(210)) - SCM became leader
2024-02-22 20:33:43,546 [main] INFO  ozone.MiniOzoneClusterImpl (MiniOzoneClusterImpl.java:lambda$waitForClusterToBeReady$0(205)) - Nodes are ready. Got 10 of 10 DN Heartbeats.
2024-02-22 20:33:43,546 [main] INFO  ozone.MiniOzoneClusterImpl (MiniOzoneClusterImpl.java:lambda$waitForClusterToBeReady$0(208)) - Waiting for cluster to exit safe mode
2024-02-22 20:33:43,546 [main] INFO  ozone.MiniOzoneClusterImpl (MiniOzoneClusterImpl.java:lambda$waitForClusterToBeReady$0(210)) - SCM became leader
2024-02-22 20:33:44,416 [e46a6e51-795f-4801-a523-c45a6c7f2c34@group-B95644BE5767-FollowerState] INFO  impl.FollowerState (FollowerState.java:run(143)) - e46a6e51-795f-4801-a523-c45a6c7f2c34@group-B95644BE5767-FollowerState: change to CANDIDATE, lastRpcElapsedTime:5061387740ns, electionTimeout:5059ms
2024-02-22 20:33:44,417 [e46a6e51-795f-4801-a523-c45a6c7f2c34@group-B95644BE5767-FollowerState] INFO  impl.RoleInfo (RoleInfo.java:shutdownFollowerState(110)) - e46a6e51-795f-4801-a523-c45a6c7f2c34: shutdown e46a6e51-795f-4801-a523-c45a6c7f2c34@group-B95644BE5767-FollowerState
2024-02-22 20:33:44,417 [e46a6e51-795f-4801-a523-c45a6c7f2c34@group-B95644BE5767-FollowerState] INFO  server.RaftServer$Division (RaftServerImpl.java:setRole(383)) - e46a6e51-795f-4801-a523-c45a6c7f2c34@group-B95644BE5767: changes role from  FOLLOWER to CANDIDATE at term 0 for changeToCandidate
2024-02-22 20:33:44,419 [e46a6e51-795f-4801-a523-c45a6c7f2c34@group-B95644BE5767-FollowerState] INFO  server.RaftServerConfigKeys (ConfUtils.java:logGet(46)) - raft.server.leaderelection.pre-vote = true (default)
2024-02-22 20:33:44,419 [e46a6e51-795f-4801-a523-c45a6c7f2c34@group-B95644BE5767-FollowerState] INFO  impl.RoleInfo (RoleInfo.java:updateAndGet(139)) - e46a6e51-795f-4801-a523-c45a6c7f2c34: start e46a6e51-795f-4801-a523-c45a6c7f2c34@group-B95644BE5767-LeaderElection2
2024-02-22 20:33:44,421 [e46a6e51-795f-4801-a523-c45a6c7f2c34@group-B95644BE5767-LeaderElection2] INFO  impl.LeaderElection (LeaderElection.java:askForVotes(321)) - e46a6e51-795f-4801-a523-c45a6c7f2c34@group-B95644BE5767-LeaderElection2 PRE_VOTE round 0: submit vote requests at term 0 for -1: peers:[e46a6e51-795f-4801-a523-c45a6c7f2c34|10.1.0.33:15014]|listeners:[], old=null
2024-02-22 20:33:44,421 [e46a6e51-795f-4801-a523-c45a6c7f2c34@group-B95644BE5767-LeaderElection2] INFO  impl.LeaderElection (LeaderElection.java:askForVotes(323)) - e46a6e51-795f-4801-a523-c45a6c7f2c34@group-B95644BE5767-LeaderElection2 PRE_VOTE round 0: result PASSED (term=0)
2024-02-22 20:33:44,423 [e46a6e51-795f-4801-a523-c45a6c7f2c34@group-B95644BE5767-LeaderElection2] INFO  impl.LeaderElection (LeaderElection.java:askForVotes(321)) - e46a6e51-795f-4801-a523-c45a6c7f2c34@group-B95644BE5767-LeaderElection2 ELECTION round 0: submit vote requests at term 1 for -1: peers:[e46a6e51-795f-4801-a523-c45a6c7f2c34|10.1.0.33:15014]|listeners:[], old=null
2024-02-22 20:33:44,423 [e46a6e51-795f-4801-a523-c45a6c7f2c34@group-B95644BE5767-LeaderElection2] INFO  impl.LeaderElection (LeaderElection.java:askForVotes(323)) - e46a6e51-795f-4801-a523-c45a6c7f2c34@group-B95644BE5767-LeaderElection2 ELECTION round 0: result PASSED (term=1)
2024-02-22 20:33:44,423 [e46a6e51-795f-4801-a523-c45a6c7f2c34@group-B95644BE5767-LeaderElection2] INFO  impl.RoleInfo (RoleInfo.java:shutdownLeaderElection(130)) - e46a6e51-795f-4801-a523-c45a6c7f2c34: shutdown e46a6e51-795f-4801-a523-c45a6c7f2c34@group-B95644BE5767-LeaderElection2
2024-02-22 20:33:44,423 [e46a6e51-795f-4801-a523-c45a6c7f2c34@group-B95644BE5767-LeaderElection2] INFO  server.RaftServer$Division (RaftServerImpl.java:setRole(383)) - e46a6e51-795f-4801-a523-c45a6c7f2c34@group-B95644BE5767: changes role from CANDIDATE to LEADER at term 1 for changeToLeader
2024-02-22 20:33:44,423 [e46a6e51-795f-4801-a523-c45a6c7f2c34@group-B95644BE5767-LeaderElection2] INFO  server.RaftServerConfigKeys (ConfUtils.java:logGet(46)) - raft.server.staging.catchup.gap = 1000 (default)
2024-02-22 20:33:44,423 [e46a6e51-795f-4801-a523-c45a6c7f2c34@group-B95644BE5767-LeaderElection2] INFO  server.RaftServerConfigKeys (ConfUtils.java:logGet(46)) - raft.server.write.element-limit = 1024 (custom)
2024-02-22 20:33:44,423 [e46a6e51-795f-4801-a523-c45a6c7f2c34@group-B95644BE5767-LeaderElection2] INFO  server.RaftServerConfigKeys (ConfUtils.java:logGet(46)) - raft.server.write.byte-limit = 1024 M (=1073741824) (custom)
2024-02-22 20:33:44,424 [e46a6e51-795f-4801-a523-c45a6c7f2c34@group-B95644BE5767-LeaderElection2] INFO  server.RaftServerConfigKeys (ConfUtils.java:logGet(46)) - raft.server.watch.timeout = 180s (custom)
2024-02-22 20:33:44,424 [e46a6e51-795f-4801-a523-c45a6c7f2c34@group-B95644BE5767-LeaderElection2] INFO  server.RaftServerConfigKeys (ConfUtils.java:logGet(46)) - raft.server.watch.timeout.denomination = 1s (default)
2024-02-22 20:33:44,424 [e46a6e51-795f-4801-a523-c45a6c7f2c34@group-B95644BE5767-LeaderElection2] INFO  server.RaftServerConfigKeys (ConfUtils.java:logGet(46)) - raft.server.watch.element-limit = 65536 (default)
2024-02-22 20:33:44,424 [e46a6e51-795f-4801-a523-c45a6c7f2c34@group-B95644BE5767-LeaderElection2] INFO  server.RaftServerConfigKeys (ConfUtils.java:logGet(46)) - raft.server.read.leader.lease.enabled = false (default)
2024-02-22 20:33:44,424 [e46a6e51-795f-4801-a523-c45a6c7f2c34@group-B95644BE5767-LeaderElection2] INFO  server.RaftServerConfigKeys (ConfUtils.java:logGet(46)) - raft.server.read.leader.lease.timeout.ratio = 0.9 (default)
2024-02-22 20:33:44,424 [e46a6e51-795f-4801-a523-c45a6c7f2c34@group-B95644BE5767-LeaderElection2] INFO  server.RaftServerConfigKeys (ConfUtils.java:logGet(46)) - raft.server.rpc.timeout.min = 5s (custom)
2024-02-22 20:33:44,424 [e46a6e51-795f-4801-a523-c45a6c7f2c34@group-B95644BE5767-LeaderElection2] INFO  server.RaftServerConfigKeys (ConfUtils.java:logGet(46)) - raft.server.write.element-limit = 1024 (custom)
2024-02-22 20:33:44,424 [e46a6e51-795f-4801-a523-c45a6c7f2c34@group-B95644BE5767-LeaderElection2] INFO  server.RaftServerConfigKeys (ConfUtils.java:logGet(46)) - raft.server.write.follower.gap.ratio.max = -1.0 (default)
2024-02-22 20:33:44,424 [e46a6e51-795f-4801-a523-c45a6c7f2c34@group-B95644BE5767-LeaderElection2] INFO  impl.RoleInfo (RoleInfo.java:updateAndGet(139)) - e46a6e51-795f-4801-a523-c45a6c7f2c34: start e46a6e51-795f-4801-a523-c45a6c7f2c34@group-B95644BE5767-LeaderStateImpl
2024-02-22 20:33:44,425 [e46a6e51-795f-4801-a523-c45a6c7f2c34@group-B95644BE5767-LeaderElection2] INFO  server.RaftServer$Division (RaftServerImpl.java:setFirstElection(574)) - e46a6e51-795f-4801-a523-c45a6c7f2c34@group-B95644BE5767: set firstElectionSinceStartup to false for becomeLeader
2024-02-22 20:33:44,425 [e46a6e51-795f-4801-a523-c45a6c7f2c34@group-B95644BE5767-LeaderElection2] INFO  ratis.XceiverServerRatis (XceiverServerRatis.java:handleLeaderChangedNotification(966)) - Leader change notification received for group: group-B95644BE5767 with new leaderId: e46a6e51-795f-4801-a523-c45a6c7f2c34
2024-02-22 20:33:44,426 [e46a6e51-795f-4801-a523-c45a6c7f2c34@group-B95644BE5767-LeaderElection2] INFO  server.RaftServer$Division (ServerState.java:setLeader(269)) - e46a6e51-795f-4801-a523-c45a6c7f2c34@group-B95644BE5767: change Leader from null to e46a6e51-795f-4801-a523-c45a6c7f2c34 at term 1 for becomeLeader, leader elected after 5104ms
2024-02-22 20:33:44,426 [e46a6e51-795f-4801-a523-c45a6c7f2c34@group-B95644BE5767-LeaderElection2] INFO  segmented.SegmentedRaftLogWorker (SegmentedRaftLogWorker.java:startLogSegment(430)) - e46a6e51-795f-4801-a523-c45a6c7f2c34@group-B95644BE5767-SegmentedRaftLogWorker: Starting segment from index:0
2024-02-22 20:33:44,427 [e46a6e51-795f-4801-a523-c45a6c7f2c34@group-B95644BE5767-LeaderElection2] INFO  server.RaftServer$Division (ServerState.java:setRaftConf(386)) - e46a6e51-795f-4801-a523-c45a6c7f2c34@group-B95644BE5767: set configuration 0: peers:[e46a6e51-795f-4801-a523-c45a6c7f2c34|10.1.0.33:15014]|listeners:[], old=null
2024-02-22 20:33:44,428 [EventQueue-OpenPipelineForHealthyPipelineSafeModeRule] INFO  safemode.SCMSafeModeManager (HealthyPipelineSafeModeRule.java:process(140)) - SCM in safe mode. Healthy pipelines reported count is 0, required healthy pipeline reported count is 1
2024-02-22 20:33:44,428 [EventQueue-OpenPipelineForHealthyPipelineSafeModeRule] INFO  safemode.SCMSafeModeManager (HealthyPipelineSafeModeRule.java:process(140)) - SCM in safe mode. Healthy pipelines reported count is 0, required healthy pipeline reported count is 1
2024-02-22 20:33:44,428 [e46a6e51-795f-4801-a523-c45a6c7f2c34@group-B95644BE5767-SegmentedRaftLogWorker] INFO  segmented.BufferedWriteChannel (BufferedWriteChannel.java:open(62)) - open log_inprogress_0 at position 0
2024-02-22 20:33:44,431 [e46a6e51-795f-4801-a523-c45a6c7f2c34@group-5D786B606559-FollowerState] INFO  impl.FollowerState (FollowerState.java:run(143)) - e46a6e51-795f-4801-a523-c45a6c7f2c34@group-5D786B606559-FollowerState: change to CANDIDATE, lastRpcElapsedTime:5032546410ns, electionTimeout:5031ms
2024-02-22 20:33:44,432 [e46a6e51-795f-4801-a523-c45a6c7f2c34@group-5D786B606559-FollowerState] INFO  impl.RoleInfo (RoleInfo.java:shutdownFollowerState(110)) - e46a6e51-795f-4801-a523-c45a6c7f2c34: shutdown e46a6e51-795f-4801-a523-c45a6c7f2c34@group-5D786B606559-FollowerState
2024-02-22 20:33:44,432 [e46a6e51-795f-4801-a523-c45a6c7f2c34@group-5D786B606559-FollowerState] INFO  server.RaftServer$Division (RaftServerImpl.java:setRole(383)) - e46a6e51-795f-4801-a523-c45a6c7f2c34@group-5D786B606559: changes role from  FOLLOWER to CANDIDATE at term 0 for changeToCandidate
2024-02-22 20:33:44,433 [e46a6e51-795f-4801-a523-c45a6c7f2c34@group-5D786B606559-FollowerState] INFO  server.RaftServerConfigKeys (ConfUtils.java:logGet(46)) - raft.server.leaderelection.pre-vote = true (default)
2024-02-22 20:33:44,433 [e46a6e51-795f-4801-a523-c45a6c7f2c34@group-5D786B606559-FollowerState] INFO  impl.RoleInfo (RoleInfo.java:updateAndGet(139)) - e46a6e51-795f-4801-a523-c45a6c7f2c34: start e46a6e51-795f-4801-a523-c45a6c7f2c34@group-5D786B606559-LeaderElection3
2024-02-22 20:33:44,434 [e46a6e51-795f-4801-a523-c45a6c7f2c34@group-5D786B606559-LeaderElection3] INFO  impl.LeaderElection (LeaderElection.java:askForVotes(321)) - e46a6e51-795f-4801-a523-c45a6c7f2c34@group-5D786B606559-LeaderElection3 PRE_VOTE round 0: submit vote requests at term 0 for -1: peers:[923be64f-71f4-4891-b05d-82ff5a9df5b5|10.1.0.33:15023, e46a6e51-795f-4801-a523-c45a6c7f2c34|10.1.0.33:15014, d25dc3b0-28fc-4383-b1a0-617845025f41|10.1.0.33:15032]|listeners:[], old=null
2024-02-22 20:33:44,438 [e46a6e51-795f-4801-a523-c45a6c7f2c34@group-5D786B606559-LeaderElection3] INFO  server.RaftServerConfigKeys (ConfUtils.java:logFallback(53)) - raft.server.rpc.first-election.timeout.min = 5s (fallback to raft.server.rpc.timeout.min)
2024-02-22 20:33:44,438 [e46a6e51-795f-4801-a523-c45a6c7f2c34@group-5D786B606559-LeaderElection3] INFO  server.RaftServerConfigKeys (ConfUtils.java:logFallback(53)) - raft.server.rpc.first-election.timeout.max = 5200ms (fallback to raft.server.rpc.timeout.max)
2024-02-22 20:33:44,439 [e46a6e51-795f-4801-a523-c45a6c7f2c34@group-B95644BE5767-SegmentedRaftLogWorker] INFO  segmented.SegmentedRaftLogWorker (SegmentedRaftLogWorker.java:execute(634)) - e46a6e51-795f-4801-a523-c45a6c7f2c34@group-B95644BE5767-SegmentedRaftLogWorker: created new log segment /home/runner/work/ozone/ozone/hadoop-ozone/integration-test/target/test-dir/MiniOzoneClusterImpl-a0fc024b-a492-45a5-9697-b0d14f72cb5c/datanode-0/data/ratis/11a280ad-33a2-41da-bb9f-b95644be5767/current/log_inprogress_0
2024-02-22 20:33:44,444 [e46a6e51-795f-4801-a523-c45a6c7f2c34@group-5D786B606559-LeaderElection3-2] INFO  server.GrpcServerProtocolClient (GrpcServerProtocolClient.java:<init>(65)) - Build channel for d25dc3b0-28fc-4383-b1a0-617845025f41|10.1.0.33:15032
2024-02-22 20:33:44,444 [e46a6e51-795f-4801-a523-c45a6c7f2c34@group-5D786B606559-LeaderElection3-1] INFO  server.GrpcServerProtocolClient (GrpcServerProtocolClient.java:<init>(65)) - Build channel for 923be64f-71f4-4891-b05d-82ff5a9df5b5|10.1.0.33:15023
2024-02-22 20:33:44,447 [e46a6e51-795f-4801-a523-c45a6c7f2c34@group-B95644BE5767-StateMachineUpdater] INFO  server.RaftServer$Division (LeaderStateImpl.java:isApplied(320)) - leader is ready since appliedIndex == 0 >= startIndex == 0
2024-02-22 20:33:44,455 [grpc-default-executor-3] INFO  server.RaftServer$Division (RaftServerImpl.java:requestVote(1389)) - d25dc3b0-28fc-4383-b1a0-617845025f41@group-5D786B606559: receive requestVote(PRE_VOTE, e46a6e51-795f-4801-a523-c45a6c7f2c34, group-5D786B606559, 0, (t:0, i:0))
2024-02-22 20:33:44,455 [grpc-default-executor-1] INFO  server.RaftServer$Division (RaftServerImpl.java:requestVote(1389)) - 923be64f-71f4-4891-b05d-82ff5a9df5b5@group-5D786B606559: receive requestVote(PRE_VOTE, e46a6e51-795f-4801-a523-c45a6c7f2c34, group-5D786B606559, 0, (t:0, i:0))
2024-02-22 20:33:44,456 [grpc-default-executor-1] INFO  impl.VoteContext (VoteContext.java:log(49)) - 923be64f-71f4-4891-b05d-82ff5a9df5b5@group-5D786B606559-FOLLOWER: accept PRE_VOTE from e46a6e51-795f-4801-a523-c45a6c7f2c34: our priority 0 <= candidate's priority 1
2024-02-22 20:33:44,456 [grpc-default-executor-3] INFO  impl.VoteContext (VoteContext.java:log(49)) - d25dc3b0-28fc-4383-b1a0-617845025f41@group-5D786B606559-FOLLOWER: accept PRE_VOTE from e46a6e51-795f-4801-a523-c45a6c7f2c34: our priority 0 <= candidate's priority 1
2024-02-22 20:33:44,461 [grpc-default-executor-3] INFO  server.RaftServer$Division (RaftServerImpl.java:requestVote(1422)) - d25dc3b0-28fc-4383-b1a0-617845025f41@group-5D786B606559 replies to PRE_VOTE vote request: e46a6e51-795f-4801-a523-c45a6c7f2c34<-d25dc3b0-28fc-4383-b1a0-617845025f41#0:OK-t0. Peer's state: d25dc3b0-28fc-4383-b1a0-617845025f41@group-5D786B606559:t0, leader=null, voted=, raftlog=Memoized:d25dc3b0-28fc-4383-b1a0-617845025f41@group-5D786B606559-SegmentedRaftLog:OPENED:c-1, conf=-1: peers:[923be64f-71f4-4891-b05d-82ff5a9df5b5|10.1.0.33:15023, e46a6e51-795f-4801-a523-c45a6c7f2c34|10.1.0.33:15014, d25dc3b0-28fc-4383-b1a0-617845025f41|10.1.0.33:15032]|listeners:[], old=null
2024-02-22 20:33:44,461 [grpc-default-executor-1] INFO  server.RaftServer$Division (RaftServerImpl.java:requestVote(1422)) - 923be64f-71f4-4891-b05d-82ff5a9df5b5@group-5D786B606559 replies to PRE_VOTE vote request: e46a6e51-795f-4801-a523-c45a6c7f2c34<-923be64f-71f4-4891-b05d-82ff5a9df5b5#0:OK-t0. Peer's state: 923be64f-71f4-4891-b05d-82ff5a9df5b5@group-5D786B606559:t0, leader=null, voted=, raftlog=Memoized:923be64f-71f4-4891-b05d-82ff5a9df5b5@group-5D786B606559-SegmentedRaftLog:OPENED:c-1, conf=-1: peers:[923be64f-71f4-4891-b05d-82ff5a9df5b5|10.1.0.33:15023, e46a6e51-795f-4801-a523-c45a6c7f2c34|10.1.0.33:15014, d25dc3b0-28fc-4383-b1a0-617845025f41|10.1.0.33:15032]|listeners:[], old=null
2024-02-22 20:33:44,464 [e46a6e51-795f-4801-a523-c45a6c7f2c34@group-5D786B606559-LeaderElection3] INFO  impl.LeaderElection (LeaderElection.java:logAndReturn(89)) - e46a6e51-795f-4801-a523-c45a6c7f2c34@group-5D786B606559-LeaderElection3: PRE_VOTE PASSED received 1 response(s) and 0 exception(s):
2024-02-22 20:33:44,464 [e46a6e51-795f-4801-a523-c45a6c7f2c34@group-5D786B606559-LeaderElection3] INFO  impl.LeaderElection (LeaderElection.java:logAndReturn(93)) -   Response 0: e46a6e51-795f-4801-a523-c45a6c7f2c34<-923be64f-71f4-4891-b05d-82ff5a9df5b5#0:OK-t0
2024-02-22 20:33:44,464 [e46a6e51-795f-4801-a523-c45a6c7f2c34@group-5D786B606559-LeaderElection3] INFO  impl.LeaderElection (LeaderElection.java:askForVotes(323)) - e46a6e51-795f-4801-a523-c45a6c7f2c34@group-5D786B606559-LeaderElection3 PRE_VOTE round 0: result PASSED
2024-02-22 20:33:44,466 [e46a6e51-795f-4801-a523-c45a6c7f2c34@group-5D786B606559-LeaderElection3] INFO  impl.LeaderElection (LeaderElection.java:askForVotes(321)) - e46a6e51-795f-4801-a523-c45a6c7f2c34@group-5D786B606559-LeaderElection3 ELECTION round 0: submit vote requests at term 1 for -1: peers:[923be64f-71f4-4891-b05d-82ff5a9df5b5|10.1.0.33:15023, e46a6e51-795f-4801-a523-c45a6c7f2c34|10.1.0.33:15014, d25dc3b0-28fc-4383-b1a0-617845025f41|10.1.0.33:15032]|listeners:[], old=null
2024-02-22 20:33:44,468 [e46a6e51-795f-4801-a523-c45a6c7f2c34@group-5D786B606559-LeaderElection3] INFO  server.RaftServerConfigKeys (ConfUtils.java:logFallback(53)) - raft.server.rpc.first-election.timeout.min = 5s (fallback to raft.server.rpc.timeout.min)
2024-02-22 20:33:44,468 [e46a6e51-795f-4801-a523-c45a6c7f2c34@group-5D786B606559-LeaderElection3] INFO  server.RaftServerConfigKeys (ConfUtils.java:logFallback(53)) - raft.server.rpc.first-election.timeout.max = 5200ms (fallback to raft.server.rpc.timeout.max)
2024-02-22 20:33:44,473 [grpc-default-executor-1] INFO  server.RaftServer$Division (RaftServerImpl.java:requestVote(1389)) - d25dc3b0-28fc-4383-b1a0-617845025f41@group-5D786B606559: receive requestVote(ELECTION, e46a6e51-795f-4801-a523-c45a6c7f2c34, group-5D786B606559, 1, (t:0, i:0))
2024-02-22 20:33:44,473 [grpc-default-executor-3] INFO  server.RaftServer$Division (RaftServerImpl.java:requestVote(1389)) - 923be64f-71f4-4891-b05d-82ff5a9df5b5@group-5D786B606559: receive requestVote(ELECTION, e46a6e51-795f-4801-a523-c45a6c7f2c34, group-5D786B606559, 1, (t:0, i:0))
2024-02-22 20:33:44,475 [grpc-default-executor-3] INFO  impl.VoteContext (VoteContext.java:log(49)) - 923be64f-71f4-4891-b05d-82ff5a9df5b5@group-5D786B606559-FOLLOWER: accept ELECTION from e46a6e51-795f-4801-a523-c45a6c7f2c34: our priority 0 <= candidate's priority 1
2024-02-22 20:33:44,475 [grpc-default-executor-1] INFO  impl.VoteContext (VoteContext.java:log(49)) - d25dc3b0-28fc-4383-b1a0-617845025f41@group-5D786B606559-FOLLOWER: accept ELECTION from e46a6e51-795f-4801-a523-c45a6c7f2c34: our priority 0 <= candidate's priority 1
2024-02-22 20:33:44,476 [grpc-default-executor-1] INFO  server.RaftServer$Division (RaftServerImpl.java:setRole(383)) - d25dc3b0-28fc-4383-b1a0-617845025f41@group-5D786B606559: changes role from  FOLLOWER to FOLLOWER at term 1 for candidate:e46a6e51-795f-4801-a523-c45a6c7f2c34
2024-02-22 20:33:44,476 [grpc-default-executor-1] INFO  impl.RoleInfo (RoleInfo.java:shutdownFollowerState(110)) - d25dc3b0-28fc-4383-b1a0-617845025f41: shutdown d25dc3b0-28fc-4383-b1a0-617845025f41@group-5D786B606559-FollowerState
2024-02-22 20:33:44,476 [d25dc3b0-28fc-4383-b1a0-617845025f41@group-5D786B606559-FollowerState] INFO  impl.FollowerState (FollowerState.java:run(152)) - d25dc3b0-28fc-4383-b1a0-617845025f41@group-5D786B606559-FollowerState was interrupted
2024-02-22 20:33:44,476 [grpc-default-executor-3] INFO  server.RaftServer$Division (RaftServerImpl.java:setRole(383)) - 923be64f-71f4-4891-b05d-82ff5a9df5b5@group-5D786B606559: changes role from  FOLLOWER to FOLLOWER at term 1 for candidate:e46a6e51-795f-4801-a523-c45a6c7f2c34
2024-02-22 20:33:44,477 [grpc-default-executor-3] INFO  impl.RoleInfo (RoleInfo.java:shutdownFollowerState(110)) - 923be64f-71f4-4891-b05d-82ff5a9df5b5: shutdown 923be64f-71f4-4891-b05d-82ff5a9df5b5@group-5D786B606559-FollowerState
2024-02-22 20:33:44,477 [923be64f-71f4-4891-b05d-82ff5a9df5b5@group-5D786B606559-FollowerState] INFO  impl.FollowerState (FollowerState.java:run(152)) - 923be64f-71f4-4891-b05d-82ff5a9df5b5@group-5D786B606559-FollowerState was interrupted
2024-02-22 20:33:44,478 [grpc-default-executor-1] INFO  impl.RoleInfo (RoleInfo.java:updateAndGet(139)) - d25dc3b0-28fc-4383-b1a0-617845025f41: start d25dc3b0-28fc-4383-b1a0-617845025f41@group-5D786B606559-FollowerState
2024-02-22 20:33:44,478 [grpc-default-executor-3] INFO  impl.RoleInfo (RoleInfo.java:updateAndGet(139)) - 923be64f-71f4-4891-b05d-82ff5a9df5b5: start 923be64f-71f4-4891-b05d-82ff5a9df5b5@group-5D786B606559-FollowerState
2024-02-22 20:33:44,478 [grpc-default-executor-1] INFO  server.RaftServer$Division (RaftServerImpl.java:setFirstElection(574)) - d25dc3b0-28fc-4383-b1a0-617845025f41@group-5D786B606559: set firstElectionSinceStartup to false for candidate:e46a6e51-795f-4801-a523-c45a6c7f2c34
2024-02-22 20:33:44,479 [grpc-default-executor-1] INFO  server.RaftServer$Division (RaftServerImpl.java:requestVote(1422)) - d25dc3b0-28fc-4383-b1a0-617845025f41@group-5D786B606559 replies to ELECTION vote request: e46a6e51-795f-4801-a523-c45a6c7f2c34<-d25dc3b0-28fc-4383-b1a0-617845025f41#0:OK-t1. Peer's state: d25dc3b0-28fc-4383-b1a0-617845025f41@group-5D786B606559:t1, leader=null, voted=e46a6e51-795f-4801-a523-c45a6c7f2c34, raftlog=Memoized:d25dc3b0-28fc-4383-b1a0-617845025f41@group-5D786B606559-SegmentedRaftLog:OPENED:c-1, conf=-1: peers:[923be64f-71f4-4891-b05d-82ff5a9df5b5|10.1.0.33:15023, e46a6e51-795f-4801-a523-c45a6c7f2c34|10.1.0.33:15014, d25dc3b0-28fc-4383-b1a0-617845025f41|10.1.0.33:15032]|listeners:[], old=null
2024-02-22 20:33:44,482 [grpc-default-executor-3] INFO  server.RaftServer$Division (RaftServerImpl.java:setFirstElection(574)) - 923be64f-71f4-4891-b05d-82ff5a9df5b5@group-5D786B606559: set firstElectionSinceStartup to false for candidate:e46a6e51-795f-4801-a523-c45a6c7f2c34
2024-02-22 20:33:44,484 [grpc-default-executor-3] INFO  server.RaftServer$Division (RaftServerImpl.java:requestVote(1422)) - 923be64f-71f4-4891-b05d-82ff5a9df5b5@group-5D786B606559 replies to ELECTION vote request: e46a6e51-795f-4801-a523-c45a6c7f2c34<-923be64f-71f4-4891-b05d-82ff5a9df5b5#0:OK-t1. Peer's state: 923be64f-71f4-4891-b05d-82ff5a9df5b5@group-5D786B606559:t1, leader=null, voted=e46a6e51-795f-4801-a523-c45a6c7f2c34, raftlog=Memoized:923be64f-71f4-4891-b05d-82ff5a9df5b5@group-5D786B606559-SegmentedRaftLog:OPENED:c-1, conf=-1: peers:[923be64f-71f4-4891-b05d-82ff5a9df5b5|10.1.0.33:15023, e46a6e51-795f-4801-a523-c45a6c7f2c34|10.1.0.33:15014, d25dc3b0-28fc-4383-b1a0-617845025f41|10.1.0.33:15032]|listeners:[], old=null
2024-02-22 20:33:44,487 [e46a6e51-795f-4801-a523-c45a6c7f2c34@group-5D786B606559-LeaderElection3] INFO  impl.LeaderElection (LeaderElection.java:logAndReturn(89)) - e46a6e51-795f-4801-a523-c45a6c7f2c34@group-5D786B606559-LeaderElection3: ELECTION PASSED received 1 response(s) and 0 exception(s):
2024-02-22 20:33:44,487 [e46a6e51-795f-4801-a523-c45a6c7f2c34@group-5D786B606559-LeaderElection3] INFO  impl.LeaderElection (LeaderElection.java:logAndReturn(93)) -   Response 0: e46a6e51-795f-4801-a523-c45a6c7f2c34<-923be64f-71f4-4891-b05d-82ff5a9df5b5#0:OK-t1
2024-02-22 20:33:44,487 [e46a6e51-795f-4801-a523-c45a6c7f2c34@group-5D786B606559-LeaderElection3] INFO  impl.LeaderElection (LeaderElection.java:askForVotes(323)) - e46a6e51-795f-4801-a523-c45a6c7f2c34@group-5D786B606559-LeaderElection3 ELECTION round 0: result PASSED
2024-02-22 20:33:44,487 [e46a6e51-795f-4801-a523-c45a6c7f2c34@group-5D786B606559-LeaderElection3] INFO  impl.RoleInfo (RoleInfo.java:shutdownLeaderElection(130)) - e46a6e51-795f-4801-a523-c45a6c7f2c34: shutdown e46a6e51-795f-4801-a523-c45a6c7f2c34@group-5D786B606559-LeaderElection3
2024-02-22 20:33:44,487 [e46a6e51-795f-4801-a523-c45a6c7f2c34@group-5D786B606559-LeaderElection3] INFO  server.RaftServer$Division (RaftServerImpl.java:setRole(383)) - e46a6e51-795f-4801-a523-c45a6c7f2c34@group-5D786B606559: changes role from CANDIDATE to LEADER at term 1 for changeToLeader
2024-02-22 20:33:44,487 [e46a6e51-795f-4801-a523-c45a6c7f2c34@group-5D786B606559-LeaderElection3] INFO  server.RaftServerConfigKeys (ConfUtils.java:logGet(46)) - raft.server.staging.catchup.gap = 1000 (default)
2024-02-22 20:33:44,488 [e46a6e51-795f-4801-a523-c45a6c7f2c34@group-5D786B606559-LeaderElection3] INFO  server.RaftServerConfigKeys (ConfUtils.java:logGet(46)) - raft.server.write.element-limit = 1024 (custom)
2024-02-22 20:33:44,488 [e46a6e51-795f-4801-a523-c45a6c7f2c34@group-5D786B606559-LeaderElection3] INFO  server.RaftServerConfigKeys (ConfUtils.java:logGet(46)) - raft.server.write.byte-limit = 1024 M (=1073741824) (custom)
2024-02-22 20:33:44,488 [e46a6e51-795f-4801-a523-c45a6c7f2c34@group-5D786B606559-LeaderElection3] INFO  server.RaftServerConfigKeys (ConfUtils.java:logGet(46)) - raft.server.watch.timeout = 180s (custom)
2024-02-22 20:33:44,488 [e46a6e51-795f-4801-a523-c45a6c7f2c34@group-5D786B606559-LeaderElection3] INFO  server.RaftServerConfigKeys (ConfUtils.java:logGet(46)) - raft.server.watch.timeout.denomination = 1s (default)
2024-02-22 20:33:44,488 [e46a6e51-795f-4801-a523-c45a6c7f2c34@group-5D786B606559-LeaderElection3] INFO  server.RaftServerConfigKeys (ConfUtils.java:logGet(46)) - raft.server.watch.element-limit = 65536 (default)
2024-02-22 20:33:44,488 [e46a6e51-795f-4801-a523-c45a6c7f2c34@group-5D786B606559-LeaderElection3] INFO  server.RaftServerConfigKeys (ConfUtils.java:logGet(46)) - raft.server.read.leader.lease.enabled = false (default)
2024-02-22 20:33:44,488 [e46a6e51-795f-4801-a523-c45a6c7f2c34@group-5D786B606559-LeaderElection3] INFO  server.RaftServerConfigKeys (ConfUtils.java:logGet(46)) - raft.server.read.leader.lease.timeout.ratio = 0.9 (default)
2024-02-22 20:33:44,488 [e46a6e51-795f-4801-a523-c45a6c7f2c34@group-5D786B606559-LeaderElection3] INFO  server.RaftServerConfigKeys (ConfUtils.java:logGet(46)) - raft.server.rpc.timeout.min = 5s (custom)
2024-02-22 20:33:44,488 [e46a6e51-795f-4801-a523-c45a6c7f2c34@group-5D786B606559-LeaderElection3] INFO  server.RaftServerConfigKeys (ConfUtils.java:logGet(46)) - raft.server.write.element-limit = 1024 (custom)
2024-02-22 20:33:44,489 [e46a6e51-795f-4801-a523-c45a6c7f2c34@group-5D786B606559-LeaderElection3] INFO  server.RaftServerConfigKeys (ConfUtils.java:logGet(46)) - raft.server.write.follower.gap.ratio.max = -1.0 (default)
2024-02-22 20:33:44,497 [923be64f-71f4-4891-b05d-82ff5a9df5b5@group-F32933EC9ABE-FollowerState] INFO  impl.FollowerState (FollowerState.java:run(143)) - 923be64f-71f4-4891-b05d-82ff5a9df5b5@group-F32933EC9ABE-FollowerState: change to CANDIDATE, lastRpcElapsedTime:5011789674ns, electionTimeout:5009ms
2024-02-22 20:33:44,497 [923be64f-71f4-4891-b05d-82ff5a9df5b5@group-F32933EC9ABE-FollowerState] INFO  impl.RoleInfo (RoleInfo.java:shutdownFollowerState(110)) - 923be64f-71f4-4891-b05d-82ff5a9df5b5: shutdown 923be64f-71f4-4891-b05d-82ff5a9df5b5@group-F32933EC9ABE-FollowerState
2024-02-22 20:33:44,497 [923be64f-71f4-4891-b05d-82ff5a9df5b5@group-F32933EC9ABE-FollowerState] INFO  server.RaftServer$Division (RaftServerImpl.java:setRole(383)) - 923be64f-71f4-4891-b05d-82ff5a9df5b5@group-F32933EC9ABE: changes role from  FOLLOWER to CANDIDATE at term 0 for changeToCandidate
2024-02-22 20:33:44,501 [923be64f-71f4-4891-b05d-82ff5a9df5b5@group-F32933EC9ABE-FollowerState] INFO  server.RaftServerConfigKeys (ConfUtils.java:logGet(46)) - raft.server.leaderelection.pre-vote = true (default)
2024-02-22 20:33:44,501 [923be64f-71f4-4891-b05d-82ff5a9df5b5@group-F32933EC9ABE-FollowerState] INFO  impl.RoleInfo (RoleInfo.java:updateAndGet(139)) - 923be64f-71f4-4891-b05d-82ff5a9df5b5: start 923be64f-71f4-4891-b05d-82ff5a9df5b5@group-F32933EC9ABE-LeaderElection4
2024-02-22 20:33:44,506 [923be64f-71f4-4891-b05d-82ff5a9df5b5@group-F32933EC9ABE-LeaderElection4] INFO  impl.LeaderElection (LeaderElection.java:askForVotes(321)) - 923be64f-71f4-4891-b05d-82ff5a9df5b5@group-F32933EC9ABE-LeaderElection4 PRE_VOTE round 0: submit vote requests at term 0 for -1: peers:[923be64f-71f4-4891-b05d-82ff5a9df5b5|10.1.0.33:15023]|listeners:[], old=null
2024-02-22 20:33:44,511 [923be64f-71f4-4891-b05d-82ff5a9df5b5@group-F32933EC9ABE-LeaderElection4] INFO  impl.LeaderElection (LeaderElection.java:askForVotes(323)) - 923be64f-71f4-4891-b05d-82ff5a9df5b5@group-F32933EC9ABE-LeaderElection4 PRE_VOTE round 0: result PASSED (term=0)
2024-02-22 20:33:44,511 [e46a6e51-795f-4801-a523-c45a6c7f2c34@group-5D786B606559-LeaderElection3] INFO  server.RaftServerConfigKeys (ConfUtils.java:logGet(46)) - raft.server.log.appender.snapshot.chunk.size.max = 16MB (=16777216) (default)
2024-02-22 20:33:44,511 [e46a6e51-795f-4801-a523-c45a6c7f2c34@group-5D786B606559-LeaderElection3] INFO  server.RaftServerConfigKeys (ConfUtils.java:logGet(46)) - raft.server.log.appender.buffer.byte-limit = 8388608 (custom)
2024-02-22 20:33:44,512 [e46a6e51-795f-4801-a523-c45a6c7f2c34@group-5D786B606559-LeaderElection3] INFO  server.RaftServerConfigKeys (ConfUtils.java:logGet(46)) - raft.server.log.appender.buffer.element-limit = 1 (custom)
2024-02-22 20:33:44,512 [923be64f-71f4-4891-b05d-82ff5a9df5b5@group-F32933EC9ABE-LeaderElection4] INFO  impl.LeaderElection (LeaderElection.java:askForVotes(321)) - 923be64f-71f4-4891-b05d-82ff5a9df5b5@group-F32933EC9ABE-LeaderElection4 ELECTION round 0: submit vote requests at term 1 for -1: peers:[923be64f-71f4-4891-b05d-82ff5a9df5b5|10.1.0.33:15023]|listeners:[], old=null
2024-02-22 20:33:44,512 [923be64f-71f4-4891-b05d-82ff5a9df5b5@group-F32933EC9ABE-LeaderElection4] INFO  impl.LeaderElection (LeaderElection.java:askForVotes(323)) - 923be64f-71f4-4891-b05d-82ff5a9df5b5@group-F32933EC9ABE-LeaderElection4 ELECTION round 0: result PASSED (term=1)
2024-02-22 20:33:44,512 [923be64f-71f4-4891-b05d-82ff5a9df5b5@group-F32933EC9ABE-LeaderElection4] INFO  impl.RoleInfo (RoleInfo.java:shutdownLeaderElection(130)) - 923be64f-71f4-4891-b05d-82ff5a9df5b5: shutdown 923be64f-71f4-4891-b05d-82ff5a9df5b5@group-F32933EC9ABE-LeaderElection4
2024-02-22 20:33:44,512 [923be64f-71f4-4891-b05d-82ff5a9df5b5@group-F32933EC9ABE-LeaderElection4] INFO  server.RaftServer$Division (RaftServerImpl.java:setRole(383)) - 923be64f-71f4-4891-b05d-82ff5a9df5b5@group-F32933EC9ABE: changes role from CANDIDATE to LEADER at term 1 for changeToLeader
2024-02-22 20:33:44,512 [923be64f-71f4-4891-b05d-82ff5a9df5b5@group-F32933EC9ABE-LeaderElection4] INFO  server.RaftServerConfigKeys (ConfUtils.java:logGet(46)) - raft.server.staging.catchup.gap = 1000 (default)
2024-02-22 20:33:44,512 [923be64f-71f4-4891-b05d-82ff5a9df5b5@group-F32933EC9ABE-LeaderElection4] INFO  server.RaftServerConfigKeys (ConfUtils.java:logGet(46)) - raft.server.write.element-limit = 1024 (custom)
2024-02-22 20:33:44,512 [923be64f-71f4-4891-b05d-82ff5a9df5b5@group-F32933EC9ABE-LeaderElection4] INFO  server.RaftServerConfigKeys (ConfUtils.java:logGet(46)) - raft.server.write.byte-limit = 1024 M (=1073741824) (custom)
2024-02-22 20:33:44,513 [923be64f-71f4-4891-b05d-82ff5a9df5b5@group-F32933EC9ABE-LeaderElection4] INFO  server.RaftServerConfigKeys (ConfUtils.java:logGet(46)) - raft.server.watch.timeout = 180s (custom)
2024-02-22 20:33:44,513 [923be64f-71f4-4891-b05d-82ff5a9df5b5@group-F32933EC9ABE-LeaderElection4] INFO  server.RaftServerConfigKeys (ConfUtils.java:logGet(46)) - raft.server.watch.timeout.denomination = 1s (default)
2024-02-22 20:33:44,513 [923be64f-71f4-4891-b05d-82ff5a9df5b5@group-F32933EC9ABE-LeaderElection4] INFO  server.RaftServerConfigKeys (ConfUtils.java:logGet(46)) - raft.server.watch.element-limit = 65536 (default)
2024-02-22 20:33:44,513 [923be64f-71f4-4891-b05d-82ff5a9df5b5@group-F32933EC9ABE-LeaderElection4] INFO  server.RaftServerConfigKeys (ConfUtils.java:logGet(46)) - raft.server.read.leader.lease.enabled = false (default)
2024-02-22 20:33:44,513 [923be64f-71f4-4891-b05d-82ff5a9df5b5@group-F32933EC9ABE-LeaderElection4] INFO  server.RaftServerConfigKeys (ConfUtils.java:logGet(46)) - raft.server.read.leader.lease.timeout.ratio = 0.9 (default)
2024-02-22 20:33:44,513 [923be64f-71f4-4891-b05d-82ff5a9df5b5@group-F32933EC9ABE-LeaderElection4] INFO  server.RaftServerConfigKeys (ConfUtils.java:logGet(46)) - raft.server.rpc.timeout.min = 5s (custom)
2024-02-22 20:33:44,513 [923be64f-71f4-4891-b05d-82ff5a9df5b5@group-F32933EC9ABE-LeaderElection4] INFO  server.RaftServerConfigKeys (ConfUtils.java:logGet(46)) - raft.server.write.element-limit = 1024 (custom)
2024-02-22 20:33:44,513 [923be64f-71f4-4891-b05d-82ff5a9df5b5@group-F32933EC9ABE-LeaderElection4] INFO  server.RaftServerConfigKeys (ConfUtils.java:logGet(46)) - raft.server.write.follower.gap.ratio.max = -1.0 (default)
2024-02-22 20:33:44,513 [e46a6e51-795f-4801-a523-c45a6c7f2c34@group-5D786B606559-LeaderElection3] INFO  server.RaftServerConfigKeys (ConfUtils.java:logGet(46)) - raft.server.log.appender.wait-time.min = 0μs (custom)
2024-02-22 20:33:44,513 [923be64f-71f4-4891-b05d-82ff5a9df5b5@group-F32933EC9ABE-LeaderElection4] INFO  impl.RoleInfo (RoleInfo.java:updateAndGet(139)) - 923be64f-71f4-4891-b05d-82ff5a9df5b5: start 923be64f-71f4-4891-b05d-82ff5a9df5b5@group-F32933EC9ABE-LeaderStateImpl
2024-02-22 20:33:44,516 [923be64f-71f4-4891-b05d-82ff5a9df5b5@group-F32933EC9ABE-LeaderElection4] INFO  server.RaftServer$Division (RaftServerImpl.java:setFirstElection(574)) - 923be64f-71f4-4891-b05d-82ff5a9df5b5@group-F32933EC9ABE: set firstElectionSinceStartup to false for becomeLeader
2024-02-22 20:33:44,516 [e46a6e51-795f-4801-a523-c45a6c7f2c34@group-5D786B606559-LeaderElection3] INFO  grpc.GrpcConfigKeys (ConfUtils.java:logGet(46)) - raft.grpc.server.leader.outstanding.appends.max = 8 (default)
2024-02-22 20:33:44,516 [e46a6e51-795f-4801-a523-c45a6c7f2c34@group-5D786B606559-LeaderElection3] INFO  server.RaftServerConfigKeys (ConfUtils.java:logGet(46)) - raft.server.rpc.request.timeout = 60s (custom)
2024-02-22 20:33:44,516 [e46a6e51-795f-4801-a523-c45a6c7f2c34@group-5D786B606559-LeaderElection3] INFO  grpc.GrpcConfigKeys (ConfUtils.java:logGet(46)) - raft.grpc.server.install_snapshot.request.element-limit = 8 (default)
2024-02-22 20:33:44,517 [e46a6e51-795f-4801-a523-c45a6c7f2c34@group-5D786B606559-LeaderElection3] INFO  grpc.GrpcConfigKeys (ConfUtils.java:logGet(46)) - raft.grpc.server.install_snapshot.request.timeout = 3000ms (default)
2024-02-22 20:33:44,517 [e46a6e51-795f-4801-a523-c45a6c7f2c34@group-5D786B606559-LeaderElection3] INFO  grpc.GrpcConfigKeys (ConfUtils.java:logGet(46)) - raft.grpc.server.log-message.batch.duration = 5s (default)
2024-02-22 20:33:44,517 [e46a6e51-795f-4801-a523-c45a6c7f2c34@group-5D786B606559-LeaderElection3] INFO  server.RaftServerConfigKeys (ConfUtils.java:logGet(46)) - raft.server.log.appender.install.snapshot.enabled = false (custom)
2024-02-22 20:33:44,517 [e46a6e51-795f-4801-a523-c45a6c7f2c34@group-5D786B606559-LeaderElection3] INFO  grpc.GrpcConfigKeys (ConfUtils.java:logGet(46)) - raft.grpc.server.heartbeat.channel = true (default)
2024-02-22 20:33:44,516 [923be64f-71f4-4891-b05d-82ff5a9df5b5@group-F32933EC9ABE-LeaderElection4] INFO  ratis.XceiverServerRatis (XceiverServerRatis.java:handleLeaderChangedNotification(966)) - Leader change notification received for group: group-F32933EC9ABE with new leaderId: 923be64f-71f4-4891-b05d-82ff5a9df5b5
2024-02-22 20:33:44,519 [923be64f-71f4-4891-b05d-82ff5a9df5b5@group-F32933EC9ABE-LeaderElection4] INFO  server.RaftServer$Division (ServerState.java:setLeader(269)) - 923be64f-71f4-4891-b05d-82ff5a9df5b5@group-F32933EC9ABE: change Leader from null to 923be64f-71f4-4891-b05d-82ff5a9df5b5 at term 1 for becomeLeader, leader elected after 5064ms
2024-02-22 20:33:44,519 [923be64f-71f4-4891-b05d-82ff5a9df5b5@group-F32933EC9ABE-LeaderElection4] INFO  segmented.SegmentedRaftLogWorker (SegmentedRaftLogWorker.java:startLogSegment(430)) - 923be64f-71f4-4891-b05d-82ff5a9df5b5@group-F32933EC9ABE-SegmentedRaftLogWorker: Starting segment from index:0
2024-02-22 20:33:44,520 [923be64f-71f4-4891-b05d-82ff5a9df5b5@group-F32933EC9ABE-LeaderElection4] INFO  server.RaftServer$Division (ServerState.java:setRaftConf(386)) - 923be64f-71f4-4891-b05d-82ff5a9df5b5@group-F32933EC9ABE: set configuration 0: peers:[923be64f-71f4-4891-b05d-82ff5a9df5b5|10.1.0.33:15023]|listeners:[], old=null
2024-02-22 20:33:44,521 [923be64f-71f4-4891-b05d-82ff5a9df5b5@group-F32933EC9ABE-SegmentedRaftLogWorker] INFO  segmented.BufferedWriteChannel (BufferedWriteChannel.java:open(62)) - open log_inprogress_0 at position 0
2024-02-22 20:33:44,526 [EventQueue-OpenPipelineForHealthyPipelineSafeModeRule] INFO  safemode.SCMSafeModeManager (HealthyPipelineSafeModeRule.java:process(140)) - SCM in safe mode. Healthy pipelines reported count is 0, required healthy pipeline reported count is 1
2024-02-22 20:33:44,527 [EventQueue-OpenPipelineForHealthyPipelineSafeModeRule] INFO  safemode.SCMSafeModeManager (HealthyPipelineSafeModeRule.java:process(140)) - SCM in safe mode. Healthy pipelines reported count is 0, required healthy pipeline reported count is 1
2024-02-22 20:33:44,530 [e46a6e51-795f-4801-a523-c45a6c7f2c34@group-5D786B606559-LeaderElection3] INFO  server.RaftServerConfigKeys (ConfUtils.java:logGet(46)) - raft.server.log.appender.snapshot.chunk.size.max = 16MB (=16777216) (default)
2024-02-22 20:33:44,530 [e46a6e51-795f-4801-a523-c45a6c7f2c34@group-5D786B606559-LeaderElection3] INFO  server.RaftServerConfigKeys (ConfUtils.java:logGet(46)) - raft.server.log.appender.buffer.byte-limit = 8388608 (custom)
2024-02-22 20:33:44,531 [e46a6e51-795f-4801-a523-c45a6c7f2c34@group-5D786B606559-LeaderElection3] INFO  server.RaftServerConfigKeys (ConfUtils.java:logGet(46)) - raft.server.log.appender.buffer.element-limit = 1 (custom)
2024-02-22 20:33:44,531 [e46a6e51-795f-4801-a523-c45a6c7f2c34@group-5D786B606559-LeaderElection3] INFO  server.RaftServerConfigKeys (ConfUtils.java:logGet(46)) - raft.server.log.appender.wait-time.min = 0μs (custom)
2024-02-22 20:33:44,531 [923be64f-71f4-4891-b05d-82ff5a9df5b5@group-F32933EC9ABE-SegmentedRaftLogWorker] INFO  segmented.SegmentedRaftLogWorker (SegmentedRaftLogWorker.java:execute(634)) - 923be64f-71f4-4891-b05d-82ff5a9df5b5@group-F32933EC9ABE-SegmentedRaftLogWorker: created new log segment /home/runner/work/ozone/ozone/hadoop-ozone/integration-test/target/test-dir/MiniOzoneClusterImpl-a0fc024b-a492-45a5-9697-b0d14f72cb5c/datanode-1/data/ratis/8d53b36c-f6a6-447d-b29e-f32933ec9abe/current/log_inprogress_0
2024-02-22 20:33:44,533 [e46a6e51-795f-4801-a523-c45a6c7f2c34@group-5D786B606559-LeaderElection3] INFO  grpc.GrpcConfigKeys (ConfUtils.java:logGet(46)) - raft.grpc.server.leader.outstanding.appends.max = 8 (default)
2024-02-22 20:33:44,533 [e46a6e51-795f-4801-a523-c45a6c7f2c34@group-5D786B606559-LeaderElection3] INFO  server.RaftServerConfigKeys (ConfUtils.java:logGet(46)) - raft.server.rpc.request.timeout = 60s (custom)
2024-02-22 20:33:44,534 [e46a6e51-795f-4801-a523-c45a6c7f2c34@group-5D786B606559-LeaderElection3] INFO  grpc.GrpcConfigKeys (ConfUtils.java:logGet(46)) - raft.grpc.server.install_snapshot.request.element-limit = 8 (default)
2024-02-22 20:33:44,534 [e46a6e51-795f-4801-a523-c45a6c7f2c34@group-5D786B606559-LeaderElection3] INFO  grpc.GrpcConfigKeys (ConfUtils.java:logGet(46)) - raft.grpc.server.install_snapshot.request.timeout = 3000ms (default)
2024-02-22 20:33:44,535 [e46a6e51-795f-4801-a523-c45a6c7f2c34@group-5D786B606559-LeaderElection3] INFO  grpc.GrpcConfigKeys (ConfUtils.java:logGet(46)) - raft.grpc.server.log-message.batch.duration = 5s (default)
2024-02-22 20:33:44,535 [e46a6e51-795f-4801-a523-c45a6c7f2c34@group-5D786B606559-LeaderElection3] INFO  server.RaftServerConfigKeys (ConfUtils.java:logGet(46)) - raft.server.log.appender.install.snapshot.enabled = false (custom)
2024-02-22 20:33:44,535 [e46a6e51-795f-4801-a523-c45a6c7f2c34@group-5D786B606559-LeaderElection3] INFO  grpc.GrpcConfigKeys (ConfUtils.java:logGet(46)) - raft.grpc.server.heartbeat.channel = true (default)
2024-02-22 20:33:44,536 [923be64f-71f4-4891-b05d-82ff5a9df5b5@group-F32933EC9ABE-StateMachineUpdater] INFO  server.RaftServer$Division (LeaderStateImpl.java:isApplied(320)) - leader is ready since appliedIndex == 0 >= startIndex == 0
2024-02-22 20:33:44,538 [e46a6e51-795f-4801-a523-c45a6c7f2c34@group-5D786B606559-LeaderElection3] INFO  impl.RoleInfo (RoleInfo.java:updateAndGet(139)) - e46a6e51-795f-4801-a523-c45a6c7f2c34: start e46a6e51-795f-4801-a523-c45a6c7f2c34@group-5D786B606559-LeaderStateImpl
2024-02-22 20:33:44,538 [e46a6e51-795f-4801-a523-c45a6c7f2c34@group-5D786B606559-LeaderElection3] INFO  server.RaftServer$Division (RaftServerImpl.java:setFirstElection(574)) - e46a6e51-795f-4801-a523-c45a6c7f2c34@group-5D786B606559: set firstElectionSinceStartup to false for becomeLeader
2024-02-22 20:33:44,538 [e46a6e51-795f-4801-a523-c45a6c7f2c34@group-5D786B606559-LeaderElection3] INFO  ratis.XceiverServerRatis (XceiverServerRatis.java:handleLeaderChangedNotification(966)) - Leader change notification received for group: group-5D786B606559 with new leaderId: e46a6e51-795f-4801-a523-c45a6c7f2c34
2024-02-22 20:33:44,538 [e46a6e51-795f-4801-a523-c45a6c7f2c34@group-5D786B606559-LeaderElection3] INFO  server.RaftServer$Division (ServerState.java:setLeader(269)) - e46a6e51-795f-4801-a523-c45a6c7f2c34@group-5D786B606559: change Leader from null to e46a6e51-795f-4801-a523-c45a6c7f2c34 at term 1 for becomeLeader, leader elected after 5167ms
2024-02-22 20:33:44,539 [e46a6e51-795f-4801-a523-c45a6c7f2c34@group-5D786B606559-LeaderElection3] INFO  segmented.SegmentedRaftLogWorker (SegmentedRaftLogWorker.java:startLogSegment(430)) - e46a6e51-795f-4801-a523-c45a6c7f2c34@group-5D786B606559-SegmentedRaftLogWorker: Starting segment from index:0
2024-02-22 20:33:44,540 [e46a6e51-795f-4801-a523-c45a6c7f2c34@group-5D786B606559-SegmentedRaftLogWorker] INFO  segmented.BufferedWriteChannel (BufferedWriteChannel.java:open(62)) - open log_inprogress_0 at position 0
2024-02-22 20:33:44,541 [e46a6e51-795f-4801-a523-c45a6c7f2c34@group-5D786B606559-LeaderElection3] INFO  server.RaftServer$Division (ServerState.java:setRaftConf(386)) - e46a6e51-795f-4801-a523-c45a6c7f2c34@group-5D786B606559: set configuration 0: peers:[923be64f-71f4-4891-b05d-82ff5a9df5b5|10.1.0.33:15023, e46a6e51-795f-4801-a523-c45a6c7f2c34|10.1.0.33:15014, d25dc3b0-28fc-4383-b1a0-617845025f41|10.1.0.33:15032]|listeners:[], old=null
2024-02-22 20:33:44,544 [EventQueue-OpenPipelineForHealthyPipelineSafeModeRule] INFO  safemode.SCMSafeModeManager (HealthyPipelineSafeModeRule.java:process(140)) - SCM in safe mode. Healthy pipelines reported count is 1, required healthy pipeline reported count is 1
2024-02-22 20:33:44,544 [EventQueue-OpenPipelineForHealthyPipelineSafeModeRule] INFO  safemode.SCMSafeModeManager (SCMSafeModeManager.java:validateSafeModeExitRules(200)) - HealthyPipelineSafeModeRule rule is successfully validated
2024-02-22 20:33:44,544 [EventQueue-OpenPipelineForHealthyPipelineSafeModeRule] INFO  safemode.SCMSafeModeManager (SCMSafeModeManager.java:validateSafeModeExitRules(215)) - ScmSafeModeManager, all rules are successfully validated
2024-02-22 20:33:44,544 [EventQueue-OpenPipelineForHealthyPipelineSafeModeRule] INFO  safemode.SCMSafeModeManager (SCMSafeModeManager.java:exitSafeMode(244)) - SCM exiting safe mode.
2024-02-22 20:33:44,544 [EventQueue-OpenPipelineForHealthyPipelineSafeModeRule] INFO  ha.SCMContext (SCMContext.java:updateSafeModeStatus(225)) - Update SafeModeStatus from SafeModeStatus{safeModeStatus=true, preCheckPassed=true} to SafeModeStatus{safeModeStatus=false, preCheckPassed=true}.
2024-02-22 20:33:44,544 [EventQueue-OpenPipelineForHealthyPipelineSafeModeRule] INFO  pipeline.BackgroundPipelineCreator (BackgroundPipelineCreator.java:notifyStatusChanged(258)) - Service BackgroundPipelineCreator transitions to RUNNING.
2024-02-22 20:33:44,545 [EventQueue-OpenPipelineForHealthyPipelineSafeModeRule] INFO  BackgroundPipelineScrubber (BackgroundSCMService.java:notifyStatusChanged(79)) - Service BackgroundPipelineScrubber transitions to RUNNING.
2024-02-22 20:33:44,545 [EventQueue-OpenPipelineForHealthyPipelineSafeModeRule] INFO  ExpiredContainerReplicaOpScrubber (BackgroundSCMService.java:notifyStatusChanged(79)) - Service ExpiredContainerReplicaOpScrubber transitions to RUNNING.
2024-02-22 20:33:44,545 [EventQueue-OpenPipelineForHealthyPipelineSafeModeRule] INFO  block.SCMBlockDeletingService (SCMBlockDeletingService.java:notifyStatusChanged(247)) - notifyStatusChanged:RUNNING
2024-02-22 20:33:44,545 [EventQueue-OpenPipelineForHealthyPipelineSafeModeRule] INFO  replication.ReplicationManager (ReplicationManager.java:notifyStatusChanged(1402)) - Service ReplicationManager transitions to RUNNING.
2024-02-22 20:33:44,549 [EventQueue-OpenPipelineForHealthyPipelineSafeModeRule] WARN  balancer.ContainerBalancer (ContainerBalancer.java:shouldRun(134)) - Could not find persisted configuration for ContainerBalancer when checking if ContainerBalancer should run. ContainerBalancer should not run now.
2024-02-22 20:33:44,549 [main] INFO  ozone.MiniOzoneClusterImpl (MiniOzoneClusterImpl.java:lambda$waitForClusterToBeReady$0(205)) - Nodes are ready. Got 10 of 10 DN Heartbeats.
2024-02-22 20:33:44,549 [main] INFO  ozone.MiniOzoneClusterImpl (MiniOzoneClusterImpl.java:lambda$waitForClusterToBeReady$0(208)) - Cluster exits safe mode
2024-02-22 20:33:44,550 [main] INFO  ozone.MiniOzoneClusterImpl (MiniOzoneClusterImpl.java:lambda$waitForClusterToBeReady$0(210)) - SCM became leader
2024-02-22 20:33:44,555 [e46a6e51-795f-4801-a523-c45a6c7f2c34@group-5D786B606559-SegmentedRaftLogWorker] INFO  segmented.SegmentedRaftLogWorker (SegmentedRaftLogWorker.java:execute(634)) - e46a6e51-795f-4801-a523-c45a6c7f2c34@group-5D786B606559-SegmentedRaftLogWorker: created new log segment /home/runner/work/ozone/ozone/hadoop-ozone/integration-test/target/test-dir/MiniOzoneClusterImpl-a0fc024b-a492-45a5-9697-b0d14f72cb5c/datanode-0/data/ratis/fe00566f-73d9-496a-868e-5d786b606559/current/log_inprogress_0
2024-02-22 20:33:44,574 [main] INFO  protocolPB.OmTransportFactory (OmTransportFactory.java:createFactory(62)) - Loading OM transport implementation org.apache.hadoop.ozone.om.protocolPB.Hadoop3OmTransportFactory as specified by configuration.
2024-02-22 20:33:44,603 [d25dc3b0-28fc-4383-b1a0-617845025f41-server-thread1] INFO  ratis.XceiverServerRatis (XceiverServerRatis.java:handleLeaderChangedNotification(966)) - Leader change notification received for group: group-5D786B606559 with new leaderId: e46a6e51-795f-4801-a523-c45a6c7f2c34
2024-02-22 20:33:44,604 [d25dc3b0-28fc-4383-b1a0-617845025f41-server-thread1] INFO  server.RaftServer$Division (ServerState.java:setLeader(269)) - d25dc3b0-28fc-4383-b1a0-617845025f41@group-5D786B606559: change Leader from null to e46a6e51-795f-4801-a523-c45a6c7f2c34 at term 1 for appendEntries, leader elected after 5009ms
2024-02-22 20:33:44,625 [d25dc3b0-28fc-4383-b1a0-617845025f41@group-C38389527FEF-FollowerState] INFO  impl.FollowerState (FollowerState.java:run(143)) - d25dc3b0-28fc-4383-b1a0-617845025f41@group-C38389527FEF-FollowerState: change to CANDIDATE, lastRpcElapsedTime:5038914106ns, electionTimeout:5035ms
2024-02-22 20:33:44,625 [d25dc3b0-28fc-4383-b1a0-617845025f41@group-C38389527FEF-FollowerState] INFO  impl.RoleInfo (RoleInfo.java:shutdownFollowerState(110)) - d25dc3b0-28fc-4383-b1a0-617845025f41: shutdown d25dc3b0-28fc-4383-b1a0-617845025f41@group-C38389527FEF-FollowerState
2024-02-22 20:33:44,625 [d25dc3b0-28fc-4383-b1a0-617845025f41@group-C38389527FEF-FollowerState] INFO  server.RaftServer$Division (RaftServerImpl.java:setRole(383)) - d25dc3b0-28fc-4383-b1a0-617845025f41@group-C38389527FEF: changes role from  FOLLOWER to CANDIDATE at term 0 for changeToCandidate
2024-02-22 20:33:44,628 [d25dc3b0-28fc-4383-b1a0-617845025f41@group-C38389527FEF-FollowerState] INFO  server.RaftServerConfigKeys (ConfUtils.java:logGet(46)) - raft.server.leaderelection.pre-vote = true (default)
2024-02-22 20:33:44,628 [d25dc3b0-28fc-4383-b1a0-617845025f41@group-C38389527FEF-FollowerState] INFO  impl.RoleInfo (RoleInfo.java:updateAndGet(139)) - d25dc3b0-28fc-4383-b1a0-617845025f41: start d25dc3b0-28fc-4383-b1a0-617845025f41@group-C38389527FEF-LeaderElection5
2024-02-22 20:33:44,632 [923be64f-71f4-4891-b05d-82ff5a9df5b5-server-thread1] INFO  ratis.XceiverServerRatis (XceiverServerRatis.java:handleLeaderChangedNotification(966)) - Leader change notification received for group: group-5D786B606559 with new leaderId: e46a6e51-795f-4801-a523-c45a6c7f2c34
2024-02-22 20:33:44,632 [923be64f-71f4-4891-b05d-82ff5a9df5b5-server-thread1] INFO  server.RaftServer$Division (ServerState.java:setLeader(269)) - 923be64f-71f4-4891-b05d-82ff5a9df5b5@group-5D786B606559: change Leader from null to e46a6e51-795f-4801-a523-c45a6c7f2c34 at term 1 for appendEntries, leader elected after 5138ms
2024-02-22 20:33:44,634 [d25dc3b0-28fc-4383-b1a0-617845025f41-server-thread3] INFO  server.RaftServer$Division (ServerState.java:setRaftConf(386)) - d25dc3b0-28fc-4383-b1a0-617845025f41@group-5D786B606559: set configuration 0: peers:[923be64f-71f4-4891-b05d-82ff5a9df5b5|10.1.0.33:15023, e46a6e51-795f-4801-a523-c45a6c7f2c34|10.1.0.33:15014, d25dc3b0-28fc-4383-b1a0-617845025f41|10.1.0.33:15032]|listeners:[], old=null
2024-02-22 20:33:44,638 [d25dc3b0-28fc-4383-b1a0-617845025f41@group-C38389527FEF-LeaderElection5] INFO  impl.LeaderElection (LeaderElection.java:askForVotes(321)) - d25dc3b0-28fc-4383-b1a0-617845025f41@group-C38389527FEF-LeaderElection5 PRE_VOTE round 0: submit vote requests at term 0 for -1: peers:[d25dc3b0-28fc-4383-b1a0-617845025f41|10.1.0.33:15032]|listeners:[], old=null
2024-02-22 20:33:44,646 [d25dc3b0-28fc-4383-b1a0-617845025f41@group-C38389527FEF-LeaderElection5] INFO  impl.LeaderElection (LeaderElection.java:askForVotes(323)) - d25dc3b0-28fc-4383-b1a0-617845025f41@group-C38389527FEF-LeaderElection5 PRE_VOTE round 0: result PASSED (term=0)
2024-02-22 20:33:44,646 [d25dc3b0-28fc-4383-b1a0-617845025f41-server-thread3] INFO  segmented.SegmentedRaftLogWorker (SegmentedRaftLogWorker.java:startLogSegment(430)) - d25dc3b0-28fc-4383-b1a0-617845025f41@group-5D786B606559-SegmentedRaftLogWorker: Starting segment from index:0
2024-02-22 20:33:44,645 [923be64f-71f4-4891-b05d-82ff5a9df5b5-server-thread1] INFO  server.RaftServer$Division (ServerState.java:setRaftConf(386)) - 923be64f-71f4-4891-b05d-82ff5a9df5b5@group-5D786B606559: set configuration 0: peers:[923be64f-71f4-4891-b05d-82ff5a9df5b5|10.1.0.33:15023, e46a6e51-795f-4801-a523-c45a6c7f2c34|10.1.0.33:15014, d25dc3b0-28fc-4383-b1a0-617845025f41|10.1.0.33:15032]|listeners:[], old=null
2024-02-22 20:33:44,647 [923be64f-71f4-4891-b05d-82ff5a9df5b5-server-thread1] INFO  segmented.SegmentedRaftLogWorker (SegmentedRaftLogWorker.java:startLogSegment(430)) - 923be64f-71f4-4891-b05d-82ff5a9df5b5@group-5D786B606559-SegmentedRaftLogWorker: Starting segment from index:0
2024-02-22 20:33:44,648 [923be64f-71f4-4891-b05d-82ff5a9df5b5@group-5D786B606559-SegmentedRaftLogWorker] INFO  segmented.BufferedWriteChannel (BufferedWriteChannel.java:open(62)) - open log_inprogress_0 at position 0
2024-02-22 20:33:44,647 [d25dc3b0-28fc-4383-b1a0-617845025f41@group-5D786B606559-SegmentedRaftLogWorker] INFO  segmented.BufferedWriteChannel (BufferedWriteChannel.java:open(62)) - open log_inprogress_0 at position 0
2024-02-22 20:33:44,657 [923be64f-71f4-4891-b05d-82ff5a9df5b5@group-5D786B606559-SegmentedRaftLogWorker] INFO  segmented.SegmentedRaftLogWorker (SegmentedRaftLogWorker.java:execute(634)) - 923be64f-71f4-4891-b05d-82ff5a9df5b5@group-5D786B606559-SegmentedRaftLogWorker: created new log segment /home/runner/work/ozone/ozone/hadoop-ozone/integration-test/target/test-dir/MiniOzoneClusterImpl-a0fc024b-a492-45a5-9697-b0d14f72cb5c/datanode-1/data/ratis/fe00566f-73d9-496a-868e-5d786b606559/current/log_inprogress_0
2024-02-22 20:33:44,658 [d25dc3b0-28fc-4383-b1a0-617845025f41@group-C38389527FEF-LeaderElection5] INFO  impl.LeaderElection (LeaderElection.java:askForVotes(321)) - d25dc3b0-28fc-4383-b1a0-617845025f41@group-C38389527FEF-LeaderElection5 ELECTION round 0: submit vote requests at term 1 for -1: peers:[d25dc3b0-28fc-4383-b1a0-617845025f41|10.1.0.33:15032]|listeners:[], old=null
2024-02-22 20:33:44,658 [d25dc3b0-28fc-4383-b1a0-617845025f41@group-C38389527FEF-LeaderElection5] INFO  impl.LeaderElection (LeaderElection.java:askForVotes(323)) - d25dc3b0-28fc-4383-b1a0-617845025f41@group-C38389527FEF-LeaderElection5 ELECTION round 0: result PASSED (term=1)
2024-02-22 20:33:44,658 [d25dc3b0-28fc-4383-b1a0-617845025f41@group-C38389527FEF-LeaderElection5] INFO  impl.RoleInfo (RoleInfo.java:shutdownLeaderElection(130)) - d25dc3b0-28fc-4383-b1a0-617845025f41: shutdown d25dc3b0-28fc-4383-b1a0-617845025f41@group-C38389527FEF-LeaderElection5
2024-02-22 20:33:44,658 [d25dc3b0-28fc-4383-b1a0-617845025f41@group-C38389527FEF-LeaderElection5] INFO  server.RaftServer$Division (RaftServerImpl.java:setRole(383)) - d25dc3b0-28fc-4383-b1a0-617845025f41@group-C38389527FEF: changes role from CANDIDATE to LEADER at term 1 for changeToLeader
2024-02-22 20:33:44,658 [d25dc3b0-28fc-4383-b1a0-617845025f41@group-C38389527FEF-LeaderElection5] INFO  server.RaftServerConfigKeys (ConfUtils.java:logGet(46)) - raft.server.staging.catchup.gap = 1000 (default)
2024-02-22 20:33:44,658 [d25dc3b0-28fc-4383-b1a0-617845025f41@group-C38389527FEF-LeaderElection5] INFO  server.RaftServerConfigKeys (ConfUtils.java:logGet(46)) - raft.server.write.element-limit = 1024 (custom)
2024-02-22 20:33:44,658 [d25dc3b0-28fc-4383-b1a0-617845025f41@group-C38389527FEF-LeaderElection5] INFO  server.RaftServerConfigKeys (ConfUtils.java:logGet(46)) - raft.server.write.byte-limit = 1024 M (=1073741824) (custom)
2024-02-22 20:33:44,659 [d25dc3b0-28fc-4383-b1a0-617845025f41@group-C38389527FEF-LeaderElection5] INFO  server.RaftServerConfigKeys (ConfUtils.java:logGet(46)) - raft.server.watch.timeout = 180s (custom)
2024-02-22 20:33:44,659 [d25dc3b0-28fc-4383-b1a0-617845025f41@group-C38389527FEF-LeaderElection5] INFO  server.RaftServerConfigKeys (ConfUtils.java:logGet(46)) - raft.server.watch.timeout.denomination = 1s (default)
2024-02-22 20:33:44,660 [d25dc3b0-28fc-4383-b1a0-617845025f41@group-C38389527FEF-LeaderElection5] INFO  server.RaftServerConfigKeys (ConfUtils.java:logGet(46)) - raft.server.watch.element-limit = 65536 (default)
2024-02-22 20:33:44,660 [d25dc3b0-28fc-4383-b1a0-617845025f41@group-C38389527FEF-LeaderElection5] INFO  server.RaftServerConfigKeys (ConfUtils.java:logGet(46)) - raft.server.read.leader.lease.enabled = false (default)
2024-02-22 20:33:44,660 [d25dc3b0-28fc-4383-b1a0-617845025f41@group-C38389527FEF-LeaderElection5] INFO  server.RaftServerConfigKeys (ConfUtils.java:logGet(46)) - raft.server.read.leader.lease.timeout.ratio = 0.9 (default)
2024-02-22 20:33:44,660 [d25dc3b0-28fc-4383-b1a0-617845025f41@group-C38389527FEF-LeaderElection5] INFO  server.RaftServerConfigKeys (ConfUtils.java:logGet(46)) - raft.server.rpc.timeout.min = 5s (custom)
2024-02-22 20:33:44,660 [d25dc3b0-28fc-4383-b1a0-617845025f41@group-C38389527FEF-LeaderElection5] INFO  server.RaftServerConfigKeys (ConfUtils.java:logGet(46)) - raft.server.write.element-limit = 1024 (custom)
2024-02-22 20:33:44,660 [d25dc3b0-28fc-4383-b1a0-617845025f41@group-C38389527FEF-LeaderElection5] INFO  server.RaftServerConfigKeys (ConfUtils.java:logGet(46)) - raft.server.write.follower.gap.ratio.max = -1.0 (default)
2024-02-22 20:33:44,660 [d25dc3b0-28fc-4383-b1a0-617845025f41@group-C38389527FEF-LeaderElection5] INFO  impl.RoleInfo (RoleInfo.java:updateAndGet(139)) - d25dc3b0-28fc-4383-b1a0-617845025f41: start d25dc3b0-28fc-4383-b1a0-617845025f41@group-C38389527FEF-LeaderStateImpl
2024-02-22 20:33:44,660 [d25dc3b0-28fc-4383-b1a0-617845025f41@group-C38389527FEF-LeaderElection5] INFO  server.RaftServer$Division (RaftServerImpl.java:setFirstElection(574)) - d25dc3b0-28fc-4383-b1a0-617845025f41@group-C38389527FEF: set firstElectionSinceStartup to false for becomeLeader
2024-02-22 20:33:44,661 [d25dc3b0-28fc-4383-b1a0-617845025f41@group-C38389527FEF-LeaderElection5] INFO  ratis.XceiverServerRatis (XceiverServerRatis.java:handleLeaderChangedNotification(966)) - Leader change notification received for group: group-C38389527FEF with new leaderId: d25dc3b0-28fc-4383-b1a0-617845025f41
2024-02-22 20:33:44,661 [d25dc3b0-28fc-4383-b1a0-617845025f41@group-C38389527FEF-LeaderElection5] INFO  server.RaftServer$Division (ServerState.java:setLeader(269)) - d25dc3b0-28fc-4383-b1a0-617845025f41@group-C38389527FEF: change Leader from null to d25dc3b0-28fc-4383-b1a0-617845025f41 at term 1 for becomeLeader, leader elected after 5104ms
2024-02-22 20:33:44,661 [d25dc3b0-28fc-4383-b1a0-617845025f41@group-C38389527FEF-LeaderElection5] INFO  segmented.SegmentedRaftLogWorker (SegmentedRaftLogWorker.java:startLogSegment(430)) - d25dc3b0-28fc-4383-b1a0-617845025f41@group-C38389527FEF-SegmentedRaftLogWorker: Starting segment from index:0
2024-02-22 20:33:44,661 [d25dc3b0-28fc-4383-b1a0-617845025f41@group-5D786B606559-SegmentedRaftLogWorker] INFO  segmented.SegmentedRaftLogWorker (SegmentedRaftLogWorker.java:execute(634)) - d25dc3b0-28fc-4383-b1a0-617845025f41@group-5D786B606559-SegmentedRaftLogWorker: created new log segment /home/runner/work/ozone/ozone/hadoop-ozone/integration-test/target/test-dir/MiniOzoneClusterImpl-a0fc024b-a492-45a5-9697-b0d14f72cb5c/datanode-2/data/ratis/fe00566f-73d9-496a-868e-5d786b606559/current/log_inprogress_0
2024-02-22 20:33:44,661 [d25dc3b0-28fc-4383-b1a0-617845025f41@group-C38389527FEF-SegmentedRaftLogWorker] INFO  segmented.BufferedWriteChannel (BufferedWriteChannel.java:open(62)) - open log_inprogress_0 at position 0
2024-02-22 20:33:44,668 [d25dc3b0-28fc-4383-b1a0-617845025f41@group-C38389527FEF-LeaderElection5] INFO  server.RaftServer$Division (ServerState.java:setRaftConf(386)) - d25dc3b0-28fc-4383-b1a0-617845025f41@group-C38389527FEF: set configuration 0: peers:[d25dc3b0-28fc-4383-b1a0-617845025f41|10.1.0.33:15032]|listeners:[], old=null
2024-02-22 20:33:44,670 [e46a6e51-795f-4801-a523-c45a6c7f2c34@group-5D786B606559-StateMachineUpdater] INFO  server.RaftServer$Division (LeaderStateImpl.java:isApplied(320)) - leader is ready since appliedIndex == 0 >= startIndex == 0
2024-02-22 20:33:44,670 [d25dc3b0-28fc-4383-b1a0-617845025f41@group-C38389527FEF-SegmentedRaftLogWorker] INFO  segmented.SegmentedRaftLogWorker (SegmentedRaftLogWorker.java:execute(634)) - d25dc3b0-28fc-4383-b1a0-617845025f41@group-C38389527FEF-SegmentedRaftLogWorker: created new log segment /home/runner/work/ozone/ozone/hadoop-ozone/integration-test/target/test-dir/MiniOzoneClusterImpl-a0fc024b-a492-45a5-9697-b0d14f72cb5c/datanode-2/data/ratis/cc9cefaf-0a91-48d6-879a-c38389527fef/current/log_inprogress_0
2024-02-22 20:33:44,676 [d25dc3b0-28fc-4383-b1a0-617845025f41@group-C38389527FEF-StateMachineUpdater] INFO  server.RaftServer$Division (LeaderStateImpl.java:isApplied(320)) - leader is ready since appliedIndex == 0 >= startIndex == 0
2024-02-22 20:33:44,923 [4e8f68d6-fd98-4f77-87e3-715939181693@group-DA1B62F9EAE3-FollowerState] INFO  impl.FollowerState (FollowerState.java:run(143)) - 4e8f68d6-fd98-4f77-87e3-715939181693@group-DA1B62F9EAE3-FollowerState: change to CANDIDATE, lastRpcElapsedTime:5087971644ns, electionTimeout:5059ms
2024-02-22 20:33:44,923 [4e8f68d6-fd98-4f77-87e3-715939181693@group-DA1B62F9EAE3-FollowerState] INFO  impl.RoleInfo (RoleInfo.java:shutdownFollowerState(110)) - 4e8f68d6-fd98-4f77-87e3-715939181693: shutdown 4e8f68d6-fd98-4f77-87e3-715939181693@group-DA1B62F9EAE3-FollowerState
2024-02-22 20:33:44,923 [4e8f68d6-fd98-4f77-87e3-715939181693@group-DA1B62F9EAE3-FollowerState] INFO  server.RaftServer$Division (RaftServerImpl.java:setRole(383)) - 4e8f68d6-fd98-4f77-87e3-715939181693@group-DA1B62F9EAE3: changes role from  FOLLOWER to CANDIDATE at term 0 for changeToCandidate
2024-02-22 20:33:44,923 [4e8f68d6-fd98-4f77-87e3-715939181693@group-DA1B62F9EAE3-FollowerState] INFO  server.RaftServerConfigKeys (ConfUtils.java:logGet(46)) - raft.server.leaderelection.pre-vote = true (default)
2024-02-22 20:33:44,923 [4e8f68d6-fd98-4f77-87e3-715939181693@group-DA1B62F9EAE3-FollowerState] INFO  impl.RoleInfo (RoleInfo.java:updateAndGet(139)) - 4e8f68d6-fd98-4f77-87e3-715939181693: start 4e8f68d6-fd98-4f77-87e3-715939181693@group-DA1B62F9EAE3-LeaderElection6
2024-02-22 20:33:44,925 [4e8f68d6-fd98-4f77-87e3-715939181693@group-DA1B62F9EAE3-LeaderElection6] INFO  impl.LeaderElection (LeaderElection.java:askForVotes(321)) - 4e8f68d6-fd98-4f77-87e3-715939181693@group-DA1B62F9EAE3-LeaderElection6 PRE_VOTE round 0: submit vote requests at term 0 for -1: peers:[4e8f68d6-fd98-4f77-87e3-715939181693|10.1.0.33:15041]|listeners:[], old=null
2024-02-22 20:33:44,926 [4e8f68d6-fd98-4f77-87e3-715939181693@group-DA1B62F9EAE3-LeaderElection6] INFO  impl.LeaderElection (LeaderElection.java:askForVotes(323)) - 4e8f68d6-fd98-4f77-87e3-715939181693@group-DA1B62F9EAE3-LeaderElection6 PRE_VOTE round 0: result PASSED (term=0)
2024-02-22 20:33:44,927 [4e8f68d6-fd98-4f77-87e3-715939181693@group-DA1B62F9EAE3-LeaderElection6] INFO  impl.LeaderElection (LeaderElection.java:askForVotes(321)) - 4e8f68d6-fd98-4f77-87e3-715939181693@group-DA1B62F9EAE3-LeaderElection6 ELECTION round 0: submit vote requests at term 1 for -1: peers:[4e8f68d6-fd98-4f77-87e3-715939181693|10.1.0.33:15041]|listeners:[], old=null
2024-02-22 20:33:44,927 [4e8f68d6-fd98-4f77-87e3-715939181693@group-DA1B62F9EAE3-LeaderElection6] INFO  impl.LeaderElection (LeaderElection.java:askForVotes(323)) - 4e8f68d6-fd98-4f77-87e3-715939181693@group-DA1B62F9EAE3-LeaderElection6 ELECTION round 0: result PASSED (term=1)
2024-02-22 20:33:44,927 [4e8f68d6-fd98-4f77-87e3-715939181693@group-DA1B62F9EAE3-LeaderElection6] INFO  impl.RoleInfo (RoleInfo.java:shutdownLeaderElection(130)) - 4e8f68d6-fd98-4f77-87e3-715939181693: shutdown 4e8f68d6-fd98-4f77-87e3-715939181693@group-DA1B62F9EAE3-LeaderElection6
2024-02-22 20:33:44,927 [4e8f68d6-fd98-4f77-87e3-715939181693@group-DA1B62F9EAE3-LeaderElection6] INFO  server.RaftServer$Division (RaftServerImpl.java:setRole(383)) - 4e8f68d6-fd98-4f77-87e3-715939181693@group-DA1B62F9EAE3: changes role from CANDIDATE to LEADER at term 1 for changeToLeader
2024-02-22 20:33:44,927 [4e8f68d6-fd98-4f77-87e3-715939181693@group-DA1B62F9EAE3-LeaderElection6] INFO  server.RaftServerConfigKeys (ConfUtils.java:logGet(46)) - raft.server.staging.catchup.gap = 1000 (default)
2024-02-22 20:33:44,928 [4e8f68d6-fd98-4f77-87e3-715939181693@group-DA1B62F9EAE3-LeaderElection6] INFO  server.RaftServerConfigKeys (ConfUtils.java:logGet(46)) - raft.server.write.element-limit = 1024 (custom)
2024-02-22 20:33:44,928 [4e8f68d6-fd98-4f77-87e3-715939181693@group-DA1B62F9EAE3-LeaderElection6] INFO  server.RaftServerConfigKeys (ConfUtils.java:logGet(46)) - raft.server.write.byte-limit = 1024 M (=1073741824) (custom)
2024-02-22 20:33:44,930 [4e8f68d6-fd98-4f77-87e3-715939181693@group-DA1B62F9EAE3-LeaderElection6] INFO  server.RaftServerConfigKeys (ConfUtils.java:logGet(46)) - raft.server.watch.timeout = 180s (custom)
2024-02-22 20:33:44,930 [4e8f68d6-fd98-4f77-87e3-715939181693@group-DA1B62F9EAE3-LeaderElection6] INFO  server.RaftServerConfigKeys (ConfUtils.java:logGet(46)) - raft.server.watch.timeout.denomination = 1s (default)
2024-02-22 20:33:44,930 [4e8f68d6-fd98-4f77-87e3-715939181693@group-DA1B62F9EAE3-LeaderElection6] INFO  server.RaftServerConfigKeys (ConfUtils.java:logGet(46)) - raft.server.watch.element-limit = 65536 (default)
2024-02-22 20:33:44,930 [4e8f68d6-fd98-4f77-87e3-715939181693@group-DA1B62F9EAE3-LeaderElection6] INFO  server.RaftServerConfigKeys (ConfUtils.java:logGet(46)) - raft.server.read.leader.lease.enabled = false (default)
2024-02-22 20:33:44,930 [4e8f68d6-fd98-4f77-87e3-715939181693@group-DA1B62F9EAE3-LeaderElection6] INFO  server.RaftServerConfigKeys (ConfUtils.java:logGet(46)) - raft.server.read.leader.lease.timeout.ratio = 0.9 (default)
2024-02-22 20:33:44,930 [4e8f68d6-fd98-4f77-87e3-715939181693@group-DA1B62F9EAE3-LeaderElection6] INFO  server.RaftServerConfigKeys (ConfUtils.java:logGet(46)) - raft.server.rpc.timeout.min = 5s (custom)
2024-02-22 20:33:44,930 [4e8f68d6-fd98-4f77-87e3-715939181693@group-DA1B62F9EAE3-LeaderElection6] INFO  server.RaftServerConfigKeys (ConfUtils.java:logGet(46)) - raft.server.write.element-limit = 1024 (custom)
2024-02-22 20:33:44,930 [4e8f68d6-fd98-4f77-87e3-715939181693@group-DA1B62F9EAE3-LeaderElection6] INFO  server.RaftServerConfigKeys (ConfUtils.java:logGet(46)) - raft.server.write.follower.gap.ratio.max = -1.0 (default)
2024-02-22 20:33:44,931 [4e8f68d6-fd98-4f77-87e3-715939181693@group-DA1B62F9EAE3-LeaderElection6] INFO  impl.RoleInfo (RoleInfo.java:updateAndGet(139)) - 4e8f68d6-fd98-4f77-87e3-715939181693: start 4e8f68d6-fd98-4f77-87e3-715939181693@group-DA1B62F9EAE3-LeaderStateImpl
2024-02-22 20:33:44,931 [4e8f68d6-fd98-4f77-87e3-715939181693@group-DA1B62F9EAE3-LeaderElection6] INFO  server.RaftServer$Division (RaftServerImpl.java:setFirstElection(574)) - 4e8f68d6-fd98-4f77-87e3-715939181693@group-DA1B62F9EAE3: set firstElectionSinceStartup to false for becomeLeader
2024-02-22 20:33:44,931 [4e8f68d6-fd98-4f77-87e3-715939181693@group-DA1B62F9EAE3-LeaderElection6] INFO  ratis.XceiverServerRatis (XceiverServerRatis.java:handleLeaderChangedNotification(966)) - Leader change notification received for group: group-DA1B62F9EAE3 with new leaderId: 4e8f68d6-fd98-4f77-87e3-715939181693
2024-02-22 20:33:44,931 [4e8f68d6-fd98-4f77-87e3-715939181693@group-DA1B62F9EAE3-LeaderElection6] INFO  server.RaftServer$Division (ServerState.java:setLeader(269)) - 4e8f68d6-fd98-4f77-87e3-715939181693@group-DA1B62F9EAE3: change Leader from null to 4e8f68d6-fd98-4f77-87e3-715939181693 at term 1 for becomeLeader, leader elected after 5174ms
2024-02-22 20:33:44,931 [4e8f68d6-fd98-4f77-87e3-715939181693@group-DA1B62F9EAE3-LeaderElection6] INFO  segmented.SegmentedRaftLogWorker (SegmentedRaftLogWorker.java:startLogSegment(430)) - 4e8f68d6-fd98-4f77-87e3-715939181693@group-DA1B62F9EAE3-SegmentedRaftLogWorker: Starting segment from index:0
2024-02-22 20:33:44,933 [4e8f68d6-fd98-4f77-87e3-715939181693@group-DA1B62F9EAE3-LeaderElection6] INFO  server.RaftServer$Division (ServerState.java:setRaftConf(386)) - 4e8f68d6-fd98-4f77-87e3-715939181693@group-DA1B62F9EAE3: set configuration 0: peers:[4e8f68d6-fd98-4f77-87e3-715939181693|10.1.0.33:15041]|listeners:[], old=null
2024-02-22 20:33:44,933 [4e8f68d6-fd98-4f77-87e3-715939181693@group-DA1B62F9EAE3-SegmentedRaftLogWorker] INFO  segmented.BufferedWriteChannel (BufferedWriteChannel.java:open(62)) - open log_inprogress_0 at position 0
2024-02-22 20:33:44,941 [4e8f68d6-fd98-4f77-87e3-715939181693@group-DA1B62F9EAE3-SegmentedRaftLogWorker] INFO  segmented.SegmentedRaftLogWorker (SegmentedRaftLogWorker.java:execute(634)) - 4e8f68d6-fd98-4f77-87e3-715939181693@group-DA1B62F9EAE3-SegmentedRaftLogWorker: created new log segment /home/runner/work/ozone/ozone/hadoop-ozone/integration-test/target/test-dir/MiniOzoneClusterImpl-a0fc024b-a492-45a5-9697-b0d14f72cb5c/datanode-3/data/ratis/b5bf6ad3-51f0-4337-a9ac-da1b62f9eae3/current/log_inprogress_0
2024-02-22 20:33:44,943 [4e8f68d6-fd98-4f77-87e3-715939181693@group-DA1B62F9EAE3-StateMachineUpdater] INFO  server.RaftServer$Division (LeaderStateImpl.java:isApplied(320)) - leader is ready since appliedIndex == 0 >= startIndex == 0
2024-02-22 20:33:45,020 [main] INFO  rpc.RpcClient (RpcClient.java:createVolume(466)) - Creating Volume: d6be1826-a7da-4004-bb82-564bf35aae25, with runner as owner and space quota set to -1 bytes, counts quota set to -1
2024-02-22 20:33:45,064 [4e8f68d6-fd98-4f77-87e3-715939181693@group-DD233808B888-FollowerState] INFO  impl.FollowerState (FollowerState.java:run(143)) - 4e8f68d6-fd98-4f77-87e3-715939181693@group-DD233808B888-FollowerState: change to CANDIDATE, lastRpcElapsedTime:5148687302ns, electionTimeout:5127ms
2024-02-22 20:33:45,064 [4e8f68d6-fd98-4f77-87e3-715939181693@group-DD233808B888-FollowerState] INFO  impl.RoleInfo (RoleInfo.java:shutdownFollowerState(110)) - 4e8f68d6-fd98-4f77-87e3-715939181693: shutdown 4e8f68d6-fd98-4f77-87e3-715939181693@group-DD233808B888-FollowerState
2024-02-22 20:33:45,064 [4e8f68d6-fd98-4f77-87e3-715939181693@group-DD233808B888-FollowerState] INFO  server.RaftServer$Division (RaftServerImpl.java:setRole(383)) - 4e8f68d6-fd98-4f77-87e3-715939181693@group-DD233808B888: changes role from  FOLLOWER to CANDIDATE at term 0 for changeToCandidate
2024-02-22 20:33:45,064 [4e8f68d6-fd98-4f77-87e3-715939181693@group-DD233808B888-FollowerState] INFO  server.RaftServerConfigKeys (ConfUtils.java:logGet(46)) - raft.server.leaderelection.pre-vote = true (default)
2024-02-22 20:33:45,064 [4e8f68d6-fd98-4f77-87e3-715939181693@group-DD233808B888-FollowerState] INFO  impl.RoleInfo (RoleInfo.java:updateAndGet(139)) - 4e8f68d6-fd98-4f77-87e3-715939181693: start 4e8f68d6-fd98-4f77-87e3-715939181693@group-DD233808B888-LeaderElection7
2024-02-22 20:33:45,067 [4e8f68d6-fd98-4f77-87e3-715939181693@group-DD233808B888-LeaderElection7] INFO  impl.LeaderElection (LeaderElection.java:askForVotes(321)) - 4e8f68d6-fd98-4f77-87e3-715939181693@group-DD233808B888-LeaderElection7 PRE_VOTE round 0: submit vote requests at term 0 for -1: peers:[86ab988c-fa9c-425d-a1c6-9004ff7fd93d|10.1.0.33:15059, 4e8f68d6-fd98-4f77-87e3-715939181693|10.1.0.33:15041, dc26353c-d48a-467d-89cd-3a7c4b626396|10.1.0.33:15050]|listeners:[], old=null
2024-02-22 20:33:45,070 [4e8f68d6-fd98-4f77-87e3-715939181693@group-DD233808B888-LeaderElection7-1] INFO  server.GrpcServerProtocolClient (GrpcServerProtocolClient.java:<init>(65)) - Build channel for 86ab988c-fa9c-425d-a1c6-9004ff7fd93d|10.1.0.33:15059
2024-02-22 20:33:45,070 [4e8f68d6-fd98-4f77-87e3-715939181693@group-DD233808B888-LeaderElection7-2] INFO  server.GrpcServerProtocolClient (GrpcServerProtocolClient.java:<init>(65)) - Build channel for dc26353c-d48a-467d-89cd-3a7c4b626396|10.1.0.33:15050
2024-02-22 20:33:45,070 [4e8f68d6-fd98-4f77-87e3-715939181693@group-DD233808B888-LeaderElection7] INFO  server.RaftServerConfigKeys (ConfUtils.java:logFallback(53)) - raft.server.rpc.first-election.timeout.min = 5s (fallback to raft.server.rpc.timeout.min)
2024-02-22 20:33:45,073 [4e8f68d6-fd98-4f77-87e3-715939181693@group-DD233808B888-LeaderElection7] INFO  server.RaftServerConfigKeys (ConfUtils.java:logFallback(53)) - raft.server.rpc.first-election.timeout.max = 5200ms (fallback to raft.server.rpc.timeout.max)
2024-02-22 20:33:45,076 [grpc-default-executor-5] INFO  server.RaftServer$Division (RaftServerImpl.java:requestVote(1389)) - 86ab988c-fa9c-425d-a1c6-9004ff7fd93d@group-DD233808B888: receive requestVote(PRE_VOTE, 4e8f68d6-fd98-4f77-87e3-715939181693, group-DD233808B888, 0, (t:0, i:0))
2024-02-22 20:33:45,077 [grpc-default-executor-5] INFO  impl.VoteContext (VoteContext.java:log(49)) - 86ab988c-fa9c-425d-a1c6-9004ff7fd93d@group-DD233808B888-FOLLOWER: reject PRE_VOTE from 4e8f68d6-fd98-4f77-87e3-715939181693: our priority 1 > candidate's priority 0
2024-02-22 20:33:45,077 [grpc-default-executor-2] INFO  server.RaftServer$Division (RaftServerImpl.java:requestVote(1389)) - dc26353c-d48a-467d-89cd-3a7c4b626396@group-DD233808B888: receive requestVote(PRE_VOTE, 4e8f68d6-fd98-4f77-87e3-715939181693, group-DD233808B888, 0, (t:0, i:0))
2024-02-22 20:33:45,077 [grpc-default-executor-5] INFO  server.RaftServer$Division (RaftServerImpl.java:requestVote(1422)) - 86ab988c-fa9c-425d-a1c6-9004ff7fd93d@group-DD233808B888 replies to PRE_VOTE vote request: 4e8f68d6-fd98-4f77-87e3-715939181693<-86ab988c-fa9c-425d-a1c6-9004ff7fd93d#0:FAIL-t0. Peer's state: 86ab988c-fa9c-425d-a1c6-9004ff7fd93d@group-DD233808B888:t0, leader=null, voted=, raftlog=Memoized:86ab988c-fa9c-425d-a1c6-9004ff7fd93d@group-DD233808B888-SegmentedRaftLog:OPENED:c-1, conf=-1: peers:[86ab988c-fa9c-425d-a1c6-9004ff7fd93d|10.1.0.33:15059, 4e8f68d6-fd98-4f77-87e3-715939181693|10.1.0.33:15041, dc26353c-d48a-467d-89cd-3a7c4b626396|10.1.0.33:15050]|listeners:[], old=null
2024-02-22 20:33:45,077 [grpc-default-executor-2] INFO  impl.VoteContext (VoteContext.java:log(49)) - dc26353c-d48a-467d-89cd-3a7c4b626396@group-DD233808B888-FOLLOWER: accept PRE_VOTE from 4e8f68d6-fd98-4f77-87e3-715939181693: our priority 0 <= candidate's priority 0
2024-02-22 20:33:45,077 [grpc-default-executor-2] INFO  server.RaftServer$Division (RaftServerImpl.java:requestVote(1422)) - dc26353c-d48a-467d-89cd-3a7c4b626396@group-DD233808B888 replies to PRE_VOTE vote request: 4e8f68d6-fd98-4f77-87e3-715939181693<-dc26353c-d48a-467d-89cd-3a7c4b626396#0:OK-t0. Peer's state: dc26353c-d48a-467d-89cd-3a7c4b626396@group-DD233808B888:t0, leader=null, voted=, raftlog=Memoized:dc26353c-d48a-467d-89cd-3a7c4b626396@group-DD233808B888-SegmentedRaftLog:OPENED:c-1, conf=-1: peers:[86ab988c-fa9c-425d-a1c6-9004ff7fd93d|10.1.0.33:15059, 4e8f68d6-fd98-4f77-87e3-715939181693|10.1.0.33:15041, dc26353c-d48a-467d-89cd-3a7c4b626396|10.1.0.33:15050]|listeners:[], old=null
2024-02-22 20:33:45,078 [4e8f68d6-fd98-4f77-87e3-715939181693@group-DD233808B888-LeaderElection7] INFO  impl.LeaderElection (LeaderElection.java:logAndReturn(89)) - 4e8f68d6-fd98-4f77-87e3-715939181693@group-DD233808B888-LeaderElection7: PRE_VOTE REJECTED received 1 response(s) and 0 exception(s):
2024-02-22 20:33:45,082 [4e8f68d6-fd98-4f77-87e3-715939181693@group-DD233808B888-LeaderElection7] INFO  impl.LeaderElection (LeaderElection.java:logAndReturn(93)) -   Response 0: 4e8f68d6-fd98-4f77-87e3-715939181693<-86ab988c-fa9c-425d-a1c6-9004ff7fd93d#0:FAIL-t0
2024-02-22 20:33:45,082 [4e8f68d6-fd98-4f77-87e3-715939181693@group-DD233808B888-LeaderElection7] INFO  impl.LeaderElection (LeaderElection.java:askForVotes(323)) - 4e8f68d6-fd98-4f77-87e3-715939181693@group-DD233808B888-LeaderElection7 PRE_VOTE round 0: result REJECTED
2024-02-22 20:33:45,084 [4e8f68d6-fd98-4f77-87e3-715939181693@group-DD233808B888-LeaderElection7] INFO  server.RaftServer$Division (RaftServerImpl.java:setRole(383)) - 4e8f68d6-fd98-4f77-87e3-715939181693@group-DD233808B888: changes role from CANDIDATE to FOLLOWER at term 0 for REJECTED
2024-02-22 20:33:45,084 [4e8f68d6-fd98-4f77-87e3-715939181693@group-DD233808B888-LeaderElection7] INFO  impl.RoleInfo (RoleInfo.java:shutdownLeaderElection(130)) - 4e8f68d6-fd98-4f77-87e3-715939181693: shutdown 4e8f68d6-fd98-4f77-87e3-715939181693@group-DD233808B888-LeaderElection7
2024-02-22 20:33:45,092 [4e8f68d6-fd98-4f77-87e3-715939181693@group-DD233808B888-LeaderElection7] INFO  impl.RoleInfo (RoleInfo.java:updateAndGet(139)) - 4e8f68d6-fd98-4f77-87e3-715939181693: start 4e8f68d6-fd98-4f77-87e3-715939181693@group-DD233808B888-FollowerState
2024-02-22 20:33:45,094 [4e8f68d6-fd98-4f77-87e3-715939181693@group-DD233808B888-LeaderElection7] INFO  server.RaftServer$Division (RaftServerImpl.java:setFirstElection(574)) - 4e8f68d6-fd98-4f77-87e3-715939181693@group-DD233808B888: set firstElectionSinceStartup to false for REJECTED
2024-02-22 20:33:45,113 [om1-OMStateMachineApplyTransactionThread - 0] INFO  volume.OMVolumeCreateRequest (OMVolumeCreateRequest.java:validateAndUpdateCache(198)) - created volume:d6be1826-a7da-4004-bb82-564bf35aae25 for user:runner
2024-02-22 20:33:45,121 [86ab988c-fa9c-425d-a1c6-9004ff7fd93d@group-DD233808B888-FollowerState] INFO  impl.FollowerState (FollowerState.java:run(143)) - 86ab988c-fa9c-425d-a1c6-9004ff7fd93d@group-DD233808B888-FollowerState: change to CANDIDATE, lastRpcElapsedTime:5090548463ns, electionTimeout:5080ms
2024-02-22 20:33:45,122 [86ab988c-fa9c-425d-a1c6-9004ff7fd93d@group-DD233808B888-FollowerState] INFO  impl.RoleInfo (RoleInfo.java:shutdownFollowerState(110)) - 86ab988c-fa9c-425d-a1c6-9004ff7fd93d: shutdown 86ab988c-fa9c-425d-a1c6-9004ff7fd93d@group-DD233808B888-FollowerState
2024-02-22 20:33:45,122 [86ab988c-fa9c-425d-a1c6-9004ff7fd93d@group-DD233808B888-FollowerState] INFO  server.RaftServer$Division (RaftServerImpl.java:setRole(383)) - 86ab988c-fa9c-425d-a1c6-9004ff7fd93d@group-DD233808B888: changes role from  FOLLOWER to CANDIDATE at term 0 for changeToCandidate
2024-02-22 20:33:45,122 [86ab988c-fa9c-425d-a1c6-9004ff7fd93d@group-DD233808B888-FollowerState] INFO  server.RaftServerConfigKeys (ConfUtils.java:logGet(46)) - raft.server.leaderelection.pre-vote = true (default)
2024-02-22 20:33:45,122 [86ab988c-fa9c-425d-a1c6-9004ff7fd93d@group-DD233808B888-FollowerState] INFO  impl.RoleInfo (RoleInfo.java:updateAndGet(139)) - 86ab988c-fa9c-425d-a1c6-9004ff7fd93d: start 86ab988c-fa9c-425d-a1c6-9004ff7fd93d@group-DD233808B888-LeaderElection8
2024-02-22 20:33:45,126 [86ab988c-fa9c-425d-a1c6-9004ff7fd93d@group-DD233808B888-LeaderElection8] INFO  impl.LeaderElection (LeaderElection.java:askForVotes(321)) - 86ab988c-fa9c-425d-a1c6-9004ff7fd93d@group-DD233808B888-LeaderElection8 PRE_VOTE round 0: submit vote requests at term 0 for -1: peers:[86ab988c-fa9c-425d-a1c6-9004ff7fd93d|10.1.0.33:15059, 4e8f68d6-fd98-4f77-87e3-715939181693|10.1.0.33:15041, dc26353c-d48a-467d-89cd-3a7c4b626396|10.1.0.33:15050]|listeners:[], old=null
2024-02-22 20:33:45,126 [86ab988c-fa9c-425d-a1c6-9004ff7fd93d@group-DD233808B888-LeaderElection8-1] INFO  server.GrpcServerProtocolClient (GrpcServerProtocolClient.java:<init>(65)) - Build channel for 4e8f68d6-fd98-4f77-87e3-715939181693|10.1.0.33:15041
2024-02-22 20:33:45,133 [main] INFO  rpc.RpcClient (RpcClient.java:createBucket(692)) - Creating Bucket: d6be1826-a7da-4004-bb82-564bf35aae25/d6be1826-a7da-4004-bb82-564bf35aae25, with server-side default bucket layout, runner as owner, Versioning false, Storage Type set to DISK and Encryption set to false, Replication Type set to server-side default replication type, Namespace Quota set to -1, Space Quota set to -1 
2024-02-22 20:33:45,134 [86ab988c-fa9c-425d-a1c6-9004ff7fd93d@group-DD233808B888-LeaderElection8] INFO  server.RaftServerConfigKeys (ConfUtils.java:logFallback(53)) - raft.server.rpc.first-election.timeout.min = 5s (fallback to raft.server.rpc.timeout.min)
2024-02-22 20:33:45,134 [86ab988c-fa9c-425d-a1c6-9004ff7fd93d@group-DD233808B888-LeaderElection8] INFO  server.RaftServerConfigKeys (ConfUtils.java:logFallback(53)) - raft.server.rpc.first-election.timeout.max = 5200ms (fallback to raft.server.rpc.timeout.max)
2024-02-22 20:33:45,136 [om1-OMDoubleBufferFlushThread] INFO  helpers.OmKeyInfo (OmKeyInfo.java:getCodec(71)) - OmKeyInfo.getCodec ignorePipeline = true
2024-02-22 20:33:45,136 [om1-OMDoubleBufferFlushThread] INFO  helpers.OmKeyInfo (OmKeyInfo.java:getCodec(71)) - OmKeyInfo.getCodec ignorePipeline = true
2024-02-22 20:33:45,136 [om1-OMDoubleBufferFlushThread] INFO  helpers.OmKeyInfo (OmKeyInfo.java:getCodec(71)) - OmKeyInfo.getCodec ignorePipeline = true
2024-02-22 20:33:45,136 [om1-OMDoubleBufferFlushThread] INFO  helpers.OmKeyInfo (OmKeyInfo.java:getCodec(71)) - OmKeyInfo.getCodec ignorePipeline = true
2024-02-22 20:33:45,136 [om1-OMDoubleBufferFlushThread] INFO  helpers.OmKeyInfo (OmKeyInfo.java:getCodec(71)) - OmKeyInfo.getCodec ignorePipeline = true
2024-02-22 20:33:45,138 [86ab988c-fa9c-425d-a1c6-9004ff7fd93d@group-DD233808B888-LeaderElection8-2] INFO  server.GrpcServerProtocolClient (GrpcServerProtocolClient.java:<init>(65)) - Build channel for dc26353c-d48a-467d-89cd-3a7c4b626396|10.1.0.33:15050
2024-02-22 20:33:45,139 [grpc-default-executor-2] INFO  server.RaftServer$Division (RaftServerImpl.java:requestVote(1389)) - 4e8f68d6-fd98-4f77-87e3-715939181693@group-DD233808B888: receive requestVote(PRE_VOTE, 86ab988c-fa9c-425d-a1c6-9004ff7fd93d, group-DD233808B888, 0, (t:0, i:0))
2024-02-22 20:33:45,139 [grpc-default-executor-2] INFO  impl.VoteContext (VoteContext.java:log(49)) - 4e8f68d6-fd98-4f77-87e3-715939181693@group-DD233808B888-FOLLOWER: accept PRE_VOTE from 86ab988c-fa9c-425d-a1c6-9004ff7fd93d: our priority 0 <= candidate's priority 1
2024-02-22 20:33:45,139 [grpc-default-executor-2] INFO  server.RaftServer$Division (RaftServerImpl.java:requestVote(1422)) - 4e8f68d6-fd98-4f77-87e3-715939181693@group-DD233808B888 replies to PRE_VOTE vote request: 86ab988c-fa9c-425d-a1c6-9004ff7fd93d<-4e8f68d6-fd98-4f77-87e3-715939181693#0:OK-t0. Peer's state: 4e8f68d6-fd98-4f77-87e3-715939181693@group-DD233808B888:t0, leader=null, voted=, raftlog=Memoized:4e8f68d6-fd98-4f77-87e3-715939181693@group-DD233808B888-SegmentedRaftLog:OPENED:c-1, conf=-1: peers:[86ab988c-fa9c-425d-a1c6-9004ff7fd93d|10.1.0.33:15059, 4e8f68d6-fd98-4f77-87e3-715939181693|10.1.0.33:15041, dc26353c-d48a-467d-89cd-3a7c4b626396|10.1.0.33:15050]|listeners:[], old=null
2024-02-22 20:33:45,140 [86ab988c-fa9c-425d-a1c6-9004ff7fd93d@group-DD233808B888-LeaderElection8] INFO  impl.LeaderElection (LeaderElection.java:logAndReturn(89)) - 86ab988c-fa9c-425d-a1c6-9004ff7fd93d@group-DD233808B888-LeaderElection8: PRE_VOTE PASSED received 1 response(s) and 0 exception(s):
2024-02-22 20:33:45,140 [86ab988c-fa9c-425d-a1c6-9004ff7fd93d@group-DD233808B888-LeaderElection8] INFO  impl.LeaderElection (LeaderElection.java:logAndReturn(93)) -   Response 0: 86ab988c-fa9c-425d-a1c6-9004ff7fd93d<-4e8f68d6-fd98-4f77-87e3-715939181693#0:OK-t0
2024-02-22 20:33:45,140 [86ab988c-fa9c-425d-a1c6-9004ff7fd93d@group-DD233808B888-LeaderElection8] INFO  impl.LeaderElection (LeaderElection.java:askForVotes(323)) - 86ab988c-fa9c-425d-a1c6-9004ff7fd93d@group-DD233808B888-LeaderElection8 PRE_VOTE round 0: result PASSED
2024-02-22 20:33:45,142 [86ab988c-fa9c-425d-a1c6-9004ff7fd93d@group-DD233808B888-LeaderElection8] INFO  impl.LeaderElection (LeaderElection.java:askForVotes(321)) - 86ab988c-fa9c-425d-a1c6-9004ff7fd93d@group-DD233808B888-LeaderElection8 ELECTION round 0: submit vote requests at term 1 for -1: peers:[86ab988c-fa9c-425d-a1c6-9004ff7fd93d|10.1.0.33:15059, 4e8f68d6-fd98-4f77-87e3-715939181693|10.1.0.33:15041, dc26353c-d48a-467d-89cd-3a7c4b626396|10.1.0.33:15050]|listeners:[], old=null
2024-02-22 20:33:45,143 [86ab988c-fa9c-425d-a1c6-9004ff7fd93d@group-DD233808B888-LeaderElection8] INFO  server.RaftServerConfigKeys (ConfUtils.java:logFallback(53)) - raft.server.rpc.first-election.timeout.min = 5s (fallback to raft.server.rpc.timeout.min)
2024-02-22 20:33:45,143 [86ab988c-fa9c-425d-a1c6-9004ff7fd93d@group-DD233808B888-LeaderElection8] INFO  server.RaftServerConfigKeys (ConfUtils.java:logFallback(53)) - raft.server.rpc.first-election.timeout.max = 5200ms (fallback to raft.server.rpc.timeout.max)
2024-02-22 20:33:45,143 [grpc-default-executor-5] INFO  server.RaftServer$Division (RaftServerImpl.java:requestVote(1389)) - 4e8f68d6-fd98-4f77-87e3-715939181693@group-DD233808B888: receive requestVote(ELECTION, 86ab988c-fa9c-425d-a1c6-9004ff7fd93d, group-DD233808B888, 1, (t:0, i:0))
2024-02-22 20:33:45,144 [grpc-default-executor-5] INFO  impl.VoteContext (VoteContext.java:log(49)) - 4e8f68d6-fd98-4f77-87e3-715939181693@group-DD233808B888-FOLLOWER: accept ELECTION from 86ab988c-fa9c-425d-a1c6-9004ff7fd93d: our priority 0 <= candidate's priority 1
2024-02-22 20:33:45,144 [grpc-default-executor-5] INFO  server.RaftServer$Division (RaftServerImpl.java:setRole(383)) - 4e8f68d6-fd98-4f77-87e3-715939181693@group-DD233808B888: changes role from  FOLLOWER to FOLLOWER at term 1 for candidate:86ab988c-fa9c-425d-a1c6-9004ff7fd93d
2024-02-22 20:33:45,144 [grpc-default-executor-5] INFO  impl.RoleInfo (RoleInfo.java:shutdownFollowerState(110)) - 4e8f68d6-fd98-4f77-87e3-715939181693: shutdown 4e8f68d6-fd98-4f77-87e3-715939181693@group-DD233808B888-FollowerState
2024-02-22 20:33:45,144 [grpc-default-executor-5] INFO  impl.RoleInfo (RoleInfo.java:updateAndGet(139)) - 4e8f68d6-fd98-4f77-87e3-715939181693: start 4e8f68d6-fd98-4f77-87e3-715939181693@group-DD233808B888-FollowerState
2024-02-22 20:33:45,144 [4e8f68d6-fd98-4f77-87e3-715939181693@group-DD233808B888-FollowerState] INFO  impl.FollowerState (FollowerState.java:run(152)) - 4e8f68d6-fd98-4f77-87e3-715939181693@group-DD233808B888-FollowerState was interrupted
2024-02-22 20:33:45,146 [grpc-default-executor-5] INFO  server.RaftServer$Division (RaftServerImpl.java:requestVote(1422)) - 4e8f68d6-fd98-4f77-87e3-715939181693@group-DD233808B888 replies to ELECTION vote request: 86ab988c-fa9c-425d-a1c6-9004ff7fd93d<-4e8f68d6-fd98-4f77-87e3-715939181693#0:OK-t1. Peer's state: 4e8f68d6-fd98-4f77-87e3-715939181693@group-DD233808B888:t1, leader=null, voted=86ab988c-fa9c-425d-a1c6-9004ff7fd93d, raftlog=Memoized:4e8f68d6-fd98-4f77-87e3-715939181693@group-DD233808B888-SegmentedRaftLog:OPENED:c-1, conf=-1: peers:[86ab988c-fa9c-425d-a1c6-9004ff7fd93d|10.1.0.33:15059, 4e8f68d6-fd98-4f77-87e3-715939181693|10.1.0.33:15041, dc26353c-d48a-467d-89cd-3a7c4b626396|10.1.0.33:15050]|listeners:[], old=null
2024-02-22 20:33:45,147 [grpc-default-executor-5] INFO  server.RaftServer$Division (RaftServerImpl.java:requestVote(1389)) - dc26353c-d48a-467d-89cd-3a7c4b626396@group-DD233808B888: receive requestVote(ELECTION, 86ab988c-fa9c-425d-a1c6-9004ff7fd93d, group-DD233808B888, 1, (t:0, i:0))
2024-02-22 20:33:45,150 [grpc-default-executor-5] INFO  impl.VoteContext (VoteContext.java:log(49)) - dc26353c-d48a-467d-89cd-3a7c4b626396@group-DD233808B888-FOLLOWER: accept ELECTION from 86ab988c-fa9c-425d-a1c6-9004ff7fd93d: our priority 0 <= candidate's priority 1
2024-02-22 20:33:45,150 [grpc-default-executor-5] INFO  server.RaftServer$Division (RaftServerImpl.java:setRole(383)) - dc26353c-d48a-467d-89cd-3a7c4b626396@group-DD233808B888: changes role from  FOLLOWER to FOLLOWER at term 1 for candidate:86ab988c-fa9c-425d-a1c6-9004ff7fd93d
2024-02-22 20:33:45,150 [grpc-default-executor-5] INFO  impl.RoleInfo (RoleInfo.java:shutdownFollowerState(110)) - dc26353c-d48a-467d-89cd-3a7c4b626396: shutdown dc26353c-d48a-467d-89cd-3a7c4b626396@group-DD233808B888-FollowerState
2024-02-22 20:33:45,150 [grpc-default-executor-5] INFO  impl.RoleInfo (RoleInfo.java:updateAndGet(139)) - dc26353c-d48a-467d-89cd-3a7c4b626396: start dc26353c-d48a-467d-89cd-3a7c4b626396@group-DD233808B888-FollowerState
2024-02-22 20:33:45,150 [dc26353c-d48a-467d-89cd-3a7c4b626396@group-DD233808B888-FollowerState] INFO  impl.FollowerState (FollowerState.java:run(152)) - dc26353c-d48a-467d-89cd-3a7c4b626396@group-DD233808B888-FollowerState was interrupted
2024-02-22 20:33:45,150 [grpc-default-executor-5] INFO  server.RaftServer$Division (RaftServerImpl.java:setFirstElection(574)) - dc26353c-d48a-467d-89cd-3a7c4b626396@group-DD233808B888: set firstElectionSinceStartup to false for candidate:86ab988c-fa9c-425d-a1c6-9004ff7fd93d
2024-02-22 20:33:45,152 [86ab988c-fa9c-425d-a1c6-9004ff7fd93d@group-DD233808B888-LeaderElection8] INFO  impl.LeaderElection (LeaderElection.java:logAndReturn(89)) - 86ab988c-fa9c-425d-a1c6-9004ff7fd93d@group-DD233808B888-LeaderElection8: ELECTION PASSED received 1 response(s) and 0 exception(s):
2024-02-22 20:33:45,153 [86ab988c-fa9c-425d-a1c6-9004ff7fd93d@group-DD233808B888-LeaderElection8] INFO  impl.LeaderElection (LeaderElection.java:logAndReturn(93)) -   Response 0: 86ab988c-fa9c-425d-a1c6-9004ff7fd93d<-4e8f68d6-fd98-4f77-87e3-715939181693#0:OK-t1
2024-02-22 20:33:45,153 [86ab988c-fa9c-425d-a1c6-9004ff7fd93d@group-DD233808B888-LeaderElection8] INFO  impl.LeaderElection (LeaderElection.java:askForVotes(323)) - 86ab988c-fa9c-425d-a1c6-9004ff7fd93d@group-DD233808B888-LeaderElection8 ELECTION round 0: result PASSED
2024-02-22 20:33:45,153 [86ab988c-fa9c-425d-a1c6-9004ff7fd93d@group-DD233808B888-LeaderElection8] INFO  impl.RoleInfo (RoleInfo.java:shutdownLeaderElection(130)) - 86ab988c-fa9c-425d-a1c6-9004ff7fd93d: shutdown 86ab988c-fa9c-425d-a1c6-9004ff7fd93d@group-DD233808B888-LeaderElection8
2024-02-22 20:33:45,153 [86ab988c-fa9c-425d-a1c6-9004ff7fd93d@group-DD233808B888-LeaderElection8] INFO  server.RaftServer$Division (RaftServerImpl.java:setRole(383)) - 86ab988c-fa9c-425d-a1c6-9004ff7fd93d@group-DD233808B888: changes role from CANDIDATE to LEADER at term 1 for changeToLeader
2024-02-22 20:33:45,153 [86ab988c-fa9c-425d-a1c6-9004ff7fd93d@group-DD233808B888-LeaderElection8] INFO  server.RaftServerConfigKeys (ConfUtils.java:logGet(46)) - raft.server.staging.catchup.gap = 1000 (default)
2024-02-22 20:33:45,153 [86ab988c-fa9c-425d-a1c6-9004ff7fd93d@group-DD233808B888-LeaderElection8] INFO  server.RaftServerConfigKeys (ConfUtils.java:logGet(46)) - raft.server.write.element-limit = 1024 (custom)
2024-02-22 20:33:45,153 [86ab988c-fa9c-425d-a1c6-9004ff7fd93d@group-DD233808B888-LeaderElection8] INFO  server.RaftServerConfigKeys (ConfUtils.java:logGet(46)) - raft.server.write.byte-limit = 1024 M (=1073741824) (custom)
2024-02-22 20:33:45,153 [86ab988c-fa9c-425d-a1c6-9004ff7fd93d@group-DD233808B888-LeaderElection8] INFO  server.RaftServerConfigKeys (ConfUtils.java:logGet(46)) - raft.server.watch.timeout = 180s (custom)
2024-02-22 20:33:45,153 [86ab988c-fa9c-425d-a1c6-9004ff7fd93d@group-DD233808B888-LeaderElection8] INFO  server.RaftServerConfigKeys (ConfUtils.java:logGet(46)) - raft.server.watch.timeout.denomination = 1s (default)
2024-02-22 20:33:45,154 [86ab988c-fa9c-425d-a1c6-9004ff7fd93d@group-DD233808B888-LeaderElection8] INFO  server.RaftServerConfigKeys (ConfUtils.java:logGet(46)) - raft.server.watch.element-limit = 65536 (default)
2024-02-22 20:33:45,154 [86ab988c-fa9c-425d-a1c6-9004ff7fd93d@group-DD233808B888-LeaderElection8] INFO  server.RaftServerConfigKeys (ConfUtils.java:logGet(46)) - raft.server.read.leader.lease.enabled = false (default)
2024-02-22 20:33:45,154 [86ab988c-fa9c-425d-a1c6-9004ff7fd93d@group-DD233808B888-LeaderElection8] INFO  server.RaftServerConfigKeys (ConfUtils.java:logGet(46)) - raft.server.read.leader.lease.timeout.ratio = 0.9 (default)
2024-02-22 20:33:45,154 [86ab988c-fa9c-425d-a1c6-9004ff7fd93d@group-DD233808B888-LeaderElection8] INFO  server.RaftServerConfigKeys (ConfUtils.java:logGet(46)) - raft.server.rpc.timeout.min = 5s (custom)
2024-02-22 20:33:45,154 [86ab988c-fa9c-425d-a1c6-9004ff7fd93d@group-DD233808B888-LeaderElection8] INFO  server.RaftServerConfigKeys (ConfUtils.java:logGet(46)) - raft.server.write.element-limit = 1024 (custom)
2024-02-22 20:33:45,154 [86ab988c-fa9c-425d-a1c6-9004ff7fd93d@group-DD233808B888-LeaderElection8] INFO  server.RaftServerConfigKeys (ConfUtils.java:logGet(46)) - raft.server.write.follower.gap.ratio.max = -1.0 (default)
2024-02-22 20:33:45,155 [86ab988c-fa9c-425d-a1c6-9004ff7fd93d@group-DD233808B888-LeaderElection8] INFO  server.RaftServerConfigKeys (ConfUtils.java:logGet(46)) - raft.server.log.appender.snapshot.chunk.size.max = 16MB (=16777216) (default)
2024-02-22 20:33:45,155 [86ab988c-fa9c-425d-a1c6-9004ff7fd93d@group-DD233808B888-LeaderElection8] INFO  server.RaftServerConfigKeys (ConfUtils.java:logGet(46)) - raft.server.log.appender.buffer.byte-limit = 8388608 (custom)
2024-02-22 20:33:45,155 [86ab988c-fa9c-425d-a1c6-9004ff7fd93d@group-DD233808B888-LeaderElection8] INFO  server.RaftServerConfigKeys (ConfUtils.java:logGet(46)) - raft.server.log.appender.buffer.element-limit = 1 (custom)
2024-02-22 20:33:45,155 [86ab988c-fa9c-425d-a1c6-9004ff7fd93d@group-DD233808B888-LeaderElection8] INFO  server.RaftServerConfigKeys (ConfUtils.java:logGet(46)) - raft.server.log.appender.wait-time.min = 0μs (custom)
2024-02-22 20:33:45,155 [grpc-default-executor-5] INFO  server.RaftServer$Division (RaftServerImpl.java:requestVote(1422)) - dc26353c-d48a-467d-89cd-3a7c4b626396@group-DD233808B888 replies to ELECTION vote request: 86ab988c-fa9c-425d-a1c6-9004ff7fd93d<-dc26353c-d48a-467d-89cd-3a7c4b626396#0:OK-t1. Peer's state: dc26353c-d48a-467d-89cd-3a7c4b626396@group-DD233808B888:t1, leader=null, voted=86ab988c-fa9c-425d-a1c6-9004ff7fd93d, raftlog=Memoized:dc26353c-d48a-467d-89cd-3a7c4b626396@group-DD233808B888-SegmentedRaftLog:OPENED:c-1, conf=-1: peers:[86ab988c-fa9c-425d-a1c6-9004ff7fd93d|10.1.0.33:15059, 4e8f68d6-fd98-4f77-87e3-715939181693|10.1.0.33:15041, dc26353c-d48a-467d-89cd-3a7c4b626396|10.1.0.33:15050]|listeners:[], old=null
2024-02-22 20:33:45,155 [grpc-default-executor-5] INFO  server.RaftServer$Division (RaftServerImpl.java:requestVote(1389)) - dc26353c-d48a-467d-89cd-3a7c4b626396@group-DD233808B888: receive requestVote(PRE_VOTE, 86ab988c-fa9c-425d-a1c6-9004ff7fd93d, group-DD233808B888, 0, (t:0, i:0))
2024-02-22 20:33:45,156 [grpc-default-executor-5] INFO  impl.VoteContext (VoteContext.java:log(49)) - dc26353c-d48a-467d-89cd-3a7c4b626396@group-DD233808B888-FOLLOWER: accept PRE_VOTE from 86ab988c-fa9c-425d-a1c6-9004ff7fd93d: our priority 0 <= candidate's priority 1
2024-02-22 20:33:45,156 [grpc-default-executor-5] INFO  server.RaftServer$Division (RaftServerImpl.java:requestVote(1422)) - dc26353c-d48a-467d-89cd-3a7c4b626396@group-DD233808B888 replies to PRE_VOTE vote request: 86ab988c-fa9c-425d-a1c6-9004ff7fd93d<-dc26353c-d48a-467d-89cd-3a7c4b626396#0:OK-t1. Peer's state: dc26353c-d48a-467d-89cd-3a7c4b626396@group-DD233808B888:t1, leader=null, voted=86ab988c-fa9c-425d-a1c6-9004ff7fd93d, raftlog=Memoized:dc26353c-d48a-467d-89cd-3a7c4b626396@group-DD233808B888-SegmentedRaftLog:OPENED:c-1, conf=-1: peers:[86ab988c-fa9c-425d-a1c6-9004ff7fd93d|10.1.0.33:15059, 4e8f68d6-fd98-4f77-87e3-715939181693|10.1.0.33:15041, dc26353c-d48a-467d-89cd-3a7c4b626396|10.1.0.33:15050]|listeners:[], old=null
2024-02-22 20:33:45,157 [om1-OMStateMachineApplyTransactionThread - 0] INFO  bucket.OMBucketCreateRequest (OMBucketCreateRequest.java:validateAndUpdateCache(292)) - created bucket: d6be1826-a7da-4004-bb82-564bf35aae25 of layout FILE_SYSTEM_OPTIMIZED in volume: d6be1826-a7da-4004-bb82-564bf35aae25
2024-02-22 20:33:45,155 [86ab988c-fa9c-425d-a1c6-9004ff7fd93d@group-DD233808B888-LeaderElection8] INFO  grpc.GrpcConfigKeys (ConfUtils.java:logGet(46)) - raft.grpc.server.leader.outstanding.appends.max = 8 (default)
2024-02-22 20:33:45,162 [86ab988c-fa9c-425d-a1c6-9004ff7fd93d@group-DD233808B888-LeaderElection8] INFO  server.RaftServerConfigKeys (ConfUtils.java:logGet(46)) - raft.server.rpc.request.timeout = 60s (custom)
2024-02-22 20:33:45,162 [86ab988c-fa9c-425d-a1c6-9004ff7fd93d@group-DD233808B888-LeaderElection8] INFO  grpc.GrpcConfigKeys (ConfUtils.java:logGet(46)) - raft.grpc.server.install_snapshot.request.element-limit = 8 (default)
2024-02-22 20:33:45,162 [86ab988c-fa9c-425d-a1c6-9004ff7fd93d@group-DD233808B888-LeaderElection8] INFO  grpc.GrpcConfigKeys (ConfUtils.java:logGet(46)) - raft.grpc.server.install_snapshot.request.timeout = 3000ms (default)
2024-02-22 20:33:45,162 [86ab988c-fa9c-425d-a1c6-9004ff7fd93d@group-DD233808B888-LeaderElection8] INFO  grpc.GrpcConfigKeys (ConfUtils.java:logGet(46)) - raft.grpc.server.log-message.batch.duration = 5s (default)
2024-02-22 20:33:45,163 [86ab988c-fa9c-425d-a1c6-9004ff7fd93d@group-DD233808B888-LeaderElection8] INFO  server.RaftServerConfigKeys (ConfUtils.java:logGet(46)) - raft.server.log.appender.install.snapshot.enabled = false (custom)
2024-02-22 20:33:45,163 [86ab988c-fa9c-425d-a1c6-9004ff7fd93d@group-DD233808B888-LeaderElection8] INFO  grpc.GrpcConfigKeys (ConfUtils.java:logGet(46)) - raft.grpc.server.heartbeat.channel = true (default)
2024-02-22 20:33:45,164 [86ab988c-fa9c-425d-a1c6-9004ff7fd93d@group-DD233808B888-LeaderElection8] INFO  server.RaftServerConfigKeys (ConfUtils.java:logGet(46)) - raft.server.log.appender.snapshot.chunk.size.max = 16MB (=16777216) (default)
2024-02-22 20:33:45,164 [86ab988c-fa9c-425d-a1c6-9004ff7fd93d@group-DD233808B888-LeaderElection8] INFO  server.RaftServerConfigKeys (ConfUtils.java:logGet(46)) - raft.server.log.appender.buffer.byte-limit = 8388608 (custom)
2024-02-22 20:33:45,165 [86ab988c-fa9c-425d-a1c6-9004ff7fd93d@group-DD233808B888-LeaderElection8] INFO  server.RaftServerConfigKeys (ConfUtils.java:logGet(46)) - raft.server.log.appender.buffer.element-limit = 1 (custom)
2024-02-22 20:33:45,165 [86ab988c-fa9c-425d-a1c6-9004ff7fd93d@group-DD233808B888-LeaderElection8] INFO  server.RaftServerConfigKeys (ConfUtils.java:logGet(46)) - raft.server.log.appender.wait-time.min = 0μs (custom)
2024-02-22 20:33:45,166 [86ab988c-fa9c-425d-a1c6-9004ff7fd93d@group-DD233808B888-LeaderElection8] INFO  grpc.GrpcConfigKeys (ConfUtils.java:logGet(46)) - raft.grpc.server.leader.outstanding.appends.max = 8 (default)
2024-02-22 20:33:45,166 [86ab988c-fa9c-425d-a1c6-9004ff7fd93d@group-DD233808B888-LeaderElection8] INFO  server.RaftServerConfigKeys (ConfUtils.java:logGet(46)) - raft.server.rpc.request.timeout = 60s (custom)
2024-02-22 20:33:45,166 [86ab988c-fa9c-425d-a1c6-9004ff7fd93d@group-DD233808B888-LeaderElection8] INFO  grpc.GrpcConfigKeys (ConfUtils.java:logGet(46)) - raft.grpc.server.install_snapshot.request.element-limit = 8 (default)
2024-02-22 20:33:45,167 [86ab988c-fa9c-425d-a1c6-9004ff7fd93d@group-DD233808B888-LeaderElection8] INFO  grpc.GrpcConfigKeys (ConfUtils.java:logGet(46)) - raft.grpc.server.install_snapshot.request.timeout = 3000ms (default)
2024-02-22 20:33:45,167 [86ab988c-fa9c-425d-a1c6-9004ff7fd93d@group-DD233808B888-LeaderElection8] INFO  grpc.GrpcConfigKeys (ConfUtils.java:logGet(46)) - raft.grpc.server.log-message.batch.duration = 5s (default)
2024-02-22 20:33:45,167 [86ab988c-fa9c-425d-a1c6-9004ff7fd93d@group-DD233808B888-LeaderElection8] INFO  server.RaftServerConfigKeys (ConfUtils.java:logGet(46)) - raft.server.log.appender.install.snapshot.enabled = false (custom)
2024-02-22 20:33:45,168 [86ab988c-fa9c-425d-a1c6-9004ff7fd93d@group-DD233808B888-LeaderElection8] INFO  grpc.GrpcConfigKeys (ConfUtils.java:logGet(46)) - raft.grpc.server.heartbeat.channel = true (default)
2024-02-22 20:33:45,168 [86ab988c-fa9c-425d-a1c6-9004ff7fd93d@group-DD233808B888-LeaderElection8] INFO  impl.RoleInfo (RoleInfo.java:updateAndGet(139)) - 86ab988c-fa9c-425d-a1c6-9004ff7fd93d: start 86ab988c-fa9c-425d-a1c6-9004ff7fd93d@group-DD233808B888-LeaderStateImpl
2024-02-22 20:33:45,168 [86ab988c-fa9c-425d-a1c6-9004ff7fd93d@group-DD233808B888-LeaderElection8] INFO  server.RaftServer$Division (RaftServerImpl.java:setFirstElection(574)) - 86ab988c-fa9c-425d-a1c6-9004ff7fd93d@group-DD233808B888: set firstElectionSinceStartup to false for becomeLeader
2024-02-22 20:33:45,169 [86ab988c-fa9c-425d-a1c6-9004ff7fd93d@group-DD233808B888-LeaderElection8] INFO  ratis.XceiverServerRatis (XceiverServerRatis.java:handleLeaderChangedNotification(966)) - Leader change notification received for group: group-DD233808B888 with new leaderId: 86ab988c-fa9c-425d-a1c6-9004ff7fd93d
2024-02-22 20:33:45,169 [86ab988c-fa9c-425d-a1c6-9004ff7fd93d@group-DD233808B888-LeaderElection8] INFO  server.RaftServer$Division (ServerState.java:setLeader(269)) - 86ab988c-fa9c-425d-a1c6-9004ff7fd93d@group-DD233808B888: change Leader from null to 86ab988c-fa9c-425d-a1c6-9004ff7fd93d at term 1 for becomeLeader, leader elected after 5183ms
2024-02-22 20:33:45,170 [86ab988c-fa9c-425d-a1c6-9004ff7fd93d@group-DD233808B888-LeaderElection8] INFO  segmented.SegmentedRaftLogWorker (SegmentedRaftLogWorker.java:startLogSegment(430)) - 86ab988c-fa9c-425d-a1c6-9004ff7fd93d@group-DD233808B888-SegmentedRaftLogWorker: Starting segment from index:0
2024-02-22 20:33:45,170 [86ab988c-fa9c-425d-a1c6-9004ff7fd93d@group-DD233808B888-SegmentedRaftLogWorker] INFO  segmented.BufferedWriteChannel (BufferedWriteChannel.java:open(62)) - open log_inprogress_0 at position 0
2024-02-22 20:33:45,175 [86ab988c-fa9c-425d-a1c6-9004ff7fd93d@group-DD233808B888-LeaderElection8] INFO  server.RaftServer$Division (ServerState.java:setRaftConf(386)) - 86ab988c-fa9c-425d-a1c6-9004ff7fd93d@group-DD233808B888: set configuration 0: peers:[86ab988c-fa9c-425d-a1c6-9004ff7fd93d|10.1.0.33:15059, 4e8f68d6-fd98-4f77-87e3-715939181693|10.1.0.33:15041, dc26353c-d48a-467d-89cd-3a7c4b626396|10.1.0.33:15050]|listeners:[], old=null
2024-02-22 20:33:45,175 [dc26353c-d48a-467d-89cd-3a7c4b626396@group-F1C03574D52D-FollowerState] INFO  impl.FollowerState (FollowerState.java:run(143)) - dc26353c-d48a-467d-89cd-3a7c4b626396@group-F1C03574D52D-FollowerState: change to CANDIDATE, lastRpcElapsedTime:5180657129ns, electionTimeout:5175ms
2024-02-22 20:33:45,175 [dc26353c-d48a-467d-89cd-3a7c4b626396@group-F1C03574D52D-FollowerState] INFO  impl.RoleInfo (RoleInfo.java:shutdownFollowerState(110)) - dc26353c-d48a-467d-89cd-3a7c4b626396: shutdown dc26353c-d48a-467d-89cd-3a7c4b626396@group-F1C03574D52D-FollowerState
2024-02-22 20:33:45,176 [dc26353c-d48a-467d-89cd-3a7c4b626396@group-F1C03574D52D-FollowerState] INFO  server.RaftServer$Division (RaftServerImpl.java:setRole(383)) - dc26353c-d48a-467d-89cd-3a7c4b626396@group-F1C03574D52D: changes role from  FOLLOWER to CANDIDATE at term 0 for changeToCandidate
2024-02-22 20:33:45,178 [dc26353c-d48a-467d-89cd-3a7c4b626396@group-F1C03574D52D-FollowerState] INFO  server.RaftServerConfigKeys (ConfUtils.java:logGet(46)) - raft.server.leaderelection.pre-vote = true (default)
2024-02-22 20:33:45,178 [dc26353c-d48a-467d-89cd-3a7c4b626396@group-F1C03574D52D-FollowerState] INFO  impl.RoleInfo (RoleInfo.java:updateAndGet(139)) - dc26353c-d48a-467d-89cd-3a7c4b626396: start dc26353c-d48a-467d-89cd-3a7c4b626396@group-F1C03574D52D-LeaderElection9
2024-02-22 20:33:45,181 [86ab988c-fa9c-425d-a1c6-9004ff7fd93d@group-DD233808B888-SegmentedRaftLogWorker] INFO  segmented.SegmentedRaftLogWorker (SegmentedRaftLogWorker.java:execute(634)) - 86ab988c-fa9c-425d-a1c6-9004ff7fd93d@group-DD233808B888-SegmentedRaftLogWorker: created new log segment /home/runner/work/ozone/ozone/hadoop-ozone/integration-test/target/test-dir/MiniOzoneClusterImpl-a0fc024b-a492-45a5-9697-b0d14f72cb5c/datanode-5/data/ratis/d5bd5305-e788-403f-b58f-dd233808b888/current/log_inprogress_0
2024-02-22 20:33:45,185 [dc26353c-d48a-467d-89cd-3a7c4b626396-server-thread1] INFO  ratis.XceiverServerRatis (XceiverServerRatis.java:handleLeaderChangedNotification(966)) - Leader change notification received for group: group-DD233808B888 with new leaderId: 86ab988c-fa9c-425d-a1c6-9004ff7fd93d
2024-02-22 20:33:45,185 [dc26353c-d48a-467d-89cd-3a7c4b626396-server-thread1] INFO  server.RaftServer$Division (ServerState.java:setLeader(269)) - dc26353c-d48a-467d-89cd-3a7c4b626396@group-DD233808B888: change Leader from null to 86ab988c-fa9c-425d-a1c6-9004ff7fd93d at term 1 for appendEntries, leader elected after 5177ms
2024-02-22 20:33:45,193 [dc26353c-d48a-467d-89cd-3a7c4b626396@group-F1C03574D52D-LeaderElection9] INFO  impl.LeaderElection (LeaderElection.java:askForVotes(321)) - dc26353c-d48a-467d-89cd-3a7c4b626396@group-F1C03574D52D-LeaderElection9 PRE_VOTE round 0: submit vote requests at term 0 for -1: peers:[dc26353c-d48a-467d-89cd-3a7c4b626396|10.1.0.33:15050]|listeners:[], old=null
2024-02-22 20:33:45,193 [dc26353c-d48a-467d-89cd-3a7c4b626396@group-F1C03574D52D-LeaderElection9] INFO  impl.LeaderElection (LeaderElection.java:askForVotes(323)) - dc26353c-d48a-467d-89cd-3a7c4b626396@group-F1C03574D52D-LeaderElection9 PRE_VOTE round 0: result PASSED (term=0)
2024-02-22 20:33:45,194 [4e8f68d6-fd98-4f77-87e3-715939181693-server-thread1] INFO  ratis.XceiverServerRatis (XceiverServerRatis.java:handleLeaderChangedNotification(966)) - Leader change notification received for group: group-DD233808B888 with new leaderId: 86ab988c-fa9c-425d-a1c6-9004ff7fd93d
2024-02-22 20:33:45,202 [dc26353c-d48a-467d-89cd-3a7c4b626396@group-F1C03574D52D-LeaderElection9] INFO  impl.LeaderElection (LeaderElection.java:askForVotes(321)) - dc26353c-d48a-467d-89cd-3a7c4b626396@group-F1C03574D52D-LeaderElection9 ELECTION round 0: submit vote requests at term 1 for -1: peers:[dc26353c-d48a-467d-89cd-3a7c4b626396|10.1.0.33:15050]|listeners:[], old=null
2024-02-22 20:33:45,206 [dc26353c-d48a-467d-89cd-3a7c4b626396@group-F1C03574D52D-LeaderElection9] INFO  impl.LeaderElection (LeaderElection.java:askForVotes(323)) - dc26353c-d48a-467d-89cd-3a7c4b626396@group-F1C03574D52D-LeaderElection9 ELECTION round 0: result PASSED (term=1)
2024-02-22 20:33:45,206 [dc26353c-d48a-467d-89cd-3a7c4b626396@group-F1C03574D52D-LeaderElection9] INFO  impl.RoleInfo (RoleInfo.java:shutdownLeaderElection(130)) - dc26353c-d48a-467d-89cd-3a7c4b626396: shutdown dc26353c-d48a-467d-89cd-3a7c4b626396@group-F1C03574D52D-LeaderElection9
2024-02-22 20:33:45,206 [dc26353c-d48a-467d-89cd-3a7c4b626396@group-F1C03574D52D-LeaderElection9] INFO  server.RaftServer$Division (RaftServerImpl.java:setRole(383)) - dc26353c-d48a-467d-89cd-3a7c4b626396@group-F1C03574D52D: changes role from CANDIDATE to LEADER at term 1 for changeToLeader
2024-02-22 20:33:45,206 [dc26353c-d48a-467d-89cd-3a7c4b626396@group-F1C03574D52D-LeaderElection9] INFO  server.RaftServerConfigKeys (ConfUtils.java:logGet(46)) - raft.server.staging.catchup.gap = 1000 (default)
2024-02-22 20:33:45,207 [dc26353c-d48a-467d-89cd-3a7c4b626396@group-F1C03574D52D-LeaderElection9] INFO  server.RaftServerConfigKeys (ConfUtils.java:logGet(46)) - raft.server.write.element-limit = 1024 (custom)
2024-02-22 20:33:45,207 [dc26353c-d48a-467d-89cd-3a7c4b626396@group-F1C03574D52D-LeaderElection9] INFO  server.RaftServerConfigKeys (ConfUtils.java:logGet(46)) - raft.server.write.byte-limit = 1024 M (=1073741824) (custom)
2024-02-22 20:33:45,207 [86ab988c-fa9c-425d-a1c6-9004ff7fd93d@group-41A8147A3383-FollowerState] INFO  impl.FollowerState (FollowerState.java:run(143)) - 86ab988c-fa9c-425d-a1c6-9004ff7fd93d@group-41A8147A3383-FollowerState: change to CANDIDATE, lastRpcElapsedTime:5011524574ns, electionTimeout:5003ms
2024-02-22 20:33:45,207 [86ab988c-fa9c-425d-a1c6-9004ff7fd93d@group-41A8147A3383-FollowerState] INFO  impl.RoleInfo (RoleInfo.java:shutdownFollowerState(110)) - 86ab988c-fa9c-425d-a1c6-9004ff7fd93d: shutdown 86ab988c-fa9c-425d-a1c6-9004ff7fd93d@group-41A8147A3383-FollowerState
2024-02-22 20:33:45,207 [86ab988c-fa9c-425d-a1c6-9004ff7fd93d@group-41A8147A3383-FollowerState] INFO  server.RaftServer$Division (RaftServerImpl.java:setRole(383)) - 86ab988c-fa9c-425d-a1c6-9004ff7fd93d@group-41A8147A3383: changes role from  FOLLOWER to CANDIDATE at term 0 for changeToCandidate
2024-02-22 20:33:45,207 [dc26353c-d48a-467d-89cd-3a7c4b626396@group-F1C03574D52D-LeaderElection9] INFO  server.RaftServerConfigKeys (ConfUtils.java:logGet(46)) - raft.server.watch.timeout = 180s (custom)
2024-02-22 20:33:45,207 [86ab988c-fa9c-425d-a1c6-9004ff7fd93d@group-41A8147A3383-FollowerState] INFO  server.RaftServerConfigKeys (ConfUtils.java:logGet(46)) - raft.server.leaderelection.pre-vote = true (default)
2024-02-22 20:33:45,207 [86ab988c-fa9c-425d-a1c6-9004ff7fd93d@group-41A8147A3383-FollowerState] INFO  impl.RoleInfo (RoleInfo.java:updateAndGet(139)) - 86ab988c-fa9c-425d-a1c6-9004ff7fd93d: start 86ab988c-fa9c-425d-a1c6-9004ff7fd93d@group-41A8147A3383-LeaderElection10
2024-02-22 20:33:45,207 [dc26353c-d48a-467d-89cd-3a7c4b626396@group-F1C03574D52D-LeaderElection9] INFO  server.RaftServerConfigKeys (ConfUtils.java:logGet(46)) - raft.server.watch.timeout.denomination = 1s (default)
2024-02-22 20:33:45,207 [4e8f68d6-fd98-4f77-87e3-715939181693-server-thread1] INFO  server.RaftServer$Division (ServerState.java:setLeader(269)) - 4e8f68d6-fd98-4f77-87e3-715939181693@group-DD233808B888: change Leader from null to 86ab988c-fa9c-425d-a1c6-9004ff7fd93d at term 1 for appendEntries, leader elected after 5333ms
2024-02-22 20:33:45,209 [dc26353c-d48a-467d-89cd-3a7c4b626396@group-F1C03574D52D-LeaderElection9] INFO  server.RaftServerConfigKeys (ConfUtils.java:logGet(46)) - raft.server.watch.element-limit = 65536 (default)
2024-02-22 20:33:45,209 [dc26353c-d48a-467d-89cd-3a7c4b626396@group-F1C03574D52D-LeaderElection9] INFO  server.RaftServerConfigKeys (ConfUtils.java:logGet(46)) - raft.server.read.leader.lease.enabled = false (default)
2024-02-22 20:33:45,209 [dc26353c-d48a-467d-89cd-3a7c4b626396@group-F1C03574D52D-LeaderElection9] INFO  server.RaftServerConfigKeys (ConfUtils.java:logGet(46)) - raft.server.read.leader.lease.timeout.ratio = 0.9 (default)
2024-02-22 20:33:45,210 [dc26353c-d48a-467d-89cd-3a7c4b626396@group-F1C03574D52D-LeaderElection9] INFO  server.RaftServerConfigKeys (ConfUtils.java:logGet(46)) - raft.server.rpc.timeout.min = 5s (custom)
2024-02-22 20:33:45,210 [dc26353c-d48a-467d-89cd-3a7c4b626396@group-F1C03574D52D-LeaderElection9] INFO  server.RaftServerConfigKeys (ConfUtils.java:logGet(46)) - raft.server.write.element-limit = 1024 (custom)
2024-02-22 20:33:45,210 [dc26353c-d48a-467d-89cd-3a7c4b626396@group-F1C03574D52D-LeaderElection9] INFO  server.RaftServerConfigKeys (ConfUtils.java:logGet(46)) - raft.server.write.follower.gap.ratio.max = -1.0 (default)
2024-02-22 20:33:45,210 [dc26353c-d48a-467d-89cd-3a7c4b626396@group-F1C03574D52D-LeaderElection9] INFO  impl.RoleInfo (RoleInfo.java:updateAndGet(139)) - dc26353c-d48a-467d-89cd-3a7c4b626396: start dc26353c-d48a-467d-89cd-3a7c4b626396@group-F1C03574D52D-LeaderStateImpl
2024-02-22 20:33:45,210 [dc26353c-d48a-467d-89cd-3a7c4b626396@group-F1C03574D52D-LeaderElection9] INFO  server.RaftServer$Division (RaftServerImpl.java:setFirstElection(574)) - dc26353c-d48a-467d-89cd-3a7c4b626396@group-F1C03574D52D: set firstElectionSinceStartup to false for becomeLeader
2024-02-22 20:33:45,210 [dc26353c-d48a-467d-89cd-3a7c4b626396@group-F1C03574D52D-LeaderElection9] INFO  ratis.XceiverServerRatis (XceiverServerRatis.java:handleLeaderChangedNotification(966)) - Leader change notification received for group: group-F1C03574D52D with new leaderId: dc26353c-d48a-467d-89cd-3a7c4b626396
2024-02-22 20:33:45,214 [86ab988c-fa9c-425d-a1c6-9004ff7fd93d@group-41A8147A3383-LeaderElection10] INFO  impl.LeaderElection (LeaderElection.java:askForVotes(321)) - 86ab988c-fa9c-425d-a1c6-9004ff7fd93d@group-41A8147A3383-LeaderElection10 PRE_VOTE round 0: submit vote requests at term 0 for -1: peers:[86ab988c-fa9c-425d-a1c6-9004ff7fd93d|10.1.0.33:15059]|listeners:[], old=null
2024-02-22 20:33:45,214 [dc26353c-d48a-467d-89cd-3a7c4b626396@group-F1C03574D52D-LeaderElection9] INFO  server.RaftServer$Division (ServerState.java:setLeader(269)) - dc26353c-d48a-467d-89cd-3a7c4b626396@group-F1C03574D52D: change Leader from null to dc26353c-d48a-467d-89cd-3a7c4b626396 at term 1 for becomeLeader, leader elected after 5288ms
2024-02-22 20:33:45,214 [4e8f68d6-fd98-4f77-87e3-715939181693-server-thread2] INFO  server.RaftServer$Division (ServerState.java:setRaftConf(386)) - 4e8f68d6-fd98-4f77-87e3-715939181693@group-DD233808B888: set configuration 0: peers:[86ab988c-fa9c-425d-a1c6-9004ff7fd93d|10.1.0.33:15059, 4e8f68d6-fd98-4f77-87e3-715939181693|10.1.0.33:15041, dc26353c-d48a-467d-89cd-3a7c4b626396|10.1.0.33:15050]|listeners:[], old=null
2024-02-22 20:33:45,214 [dc26353c-d48a-467d-89cd-3a7c4b626396@group-F1C03574D52D-LeaderElection9] INFO  segmented.SegmentedRaftLogWorker (SegmentedRaftLogWorker.java:startLogSegment(430)) - dc26353c-d48a-467d-89cd-3a7c4b626396@group-F1C03574D52D-SegmentedRaftLogWorker: Starting segment from index:0
2024-02-22 20:33:45,214 [d25dc3b0-28fc-4383-b1a0-617845025f41@group-2F189D2772BA-FollowerState] INFO  impl.FollowerState (FollowerState.java:run(143)) - d25dc3b0-28fc-4383-b1a0-617845025f41@group-2F189D2772BA-FollowerState: change to CANDIDATE, lastRpcElapsedTime:5094949611ns, electionTimeout:5074ms
2024-02-22 20:33:45,214 [d25dc3b0-28fc-4383-b1a0-617845025f41@group-2F189D2772BA-FollowerState] INFO  impl.RoleInfo (RoleInfo.java:shutdownFollowerState(110)) - d25dc3b0-28fc-4383-b1a0-617845025f41: shutdown d25dc3b0-28fc-4383-b1a0-617845025f41@group-2F189D2772BA-FollowerState
2024-02-22 20:33:45,214 [d25dc3b0-28fc-4383-b1a0-617845025f41@group-2F189D2772BA-FollowerState] INFO  server.RaftServer$Division (RaftServerImpl.java:setRole(383)) - d25dc3b0-28fc-4383-b1a0-617845025f41@group-2F189D2772BA: changes role from  FOLLOWER to CANDIDATE at term 0 for changeToCandidate
2024-02-22 20:33:45,214 [d25dc3b0-28fc-4383-b1a0-617845025f41@group-2F189D2772BA-FollowerState] INFO  server.RaftServerConfigKeys (ConfUtils.java:logGet(46)) - raft.server.leaderelection.pre-vote = true (default)
2024-02-22 20:33:45,215 [d25dc3b0-28fc-4383-b1a0-617845025f41@group-2F189D2772BA-FollowerState] INFO  impl.RoleInfo (RoleInfo.java:updateAndGet(139)) - d25dc3b0-28fc-4383-b1a0-617845025f41: start d25dc3b0-28fc-4383-b1a0-617845025f41@group-2F189D2772BA-LeaderElection11
2024-02-22 20:33:45,215 [dc26353c-d48a-467d-89cd-3a7c4b626396@group-F1C03574D52D-SegmentedRaftLogWorker] INFO  segmented.BufferedWriteChannel (BufferedWriteChannel.java:open(62)) - open log_inprogress_0 at position 0
2024-02-22 20:33:45,214 [86ab988c-fa9c-425d-a1c6-9004ff7fd93d@group-41A8147A3383-LeaderElection10] INFO  impl.LeaderElection (LeaderElection.java:askForVotes(323)) - 86ab988c-fa9c-425d-a1c6-9004ff7fd93d@group-41A8147A3383-LeaderElection10 PRE_VOTE round 0: result PASSED (term=0)
2024-02-22 20:33:45,214 [4e8f68d6-fd98-4f77-87e3-715939181693-server-thread2] INFO  segmented.SegmentedRaftLogWorker (SegmentedRaftLogWorker.java:startLogSegment(430)) - 4e8f68d6-fd98-4f77-87e3-715939181693@group-DD233808B888-SegmentedRaftLogWorker: Starting segment from index:0
2024-02-22 20:33:45,220 [dc26353c-d48a-467d-89cd-3a7c4b626396@group-F1C03574D52D-LeaderElection9] INFO  server.RaftServer$Division (ServerState.java:setRaftConf(386)) - dc26353c-d48a-467d-89cd-3a7c4b626396@group-F1C03574D52D: set configuration 0: peers:[dc26353c-d48a-467d-89cd-3a7c4b626396|10.1.0.33:15050]|listeners:[], old=null
2024-02-22 20:33:45,220 [4e8f68d6-fd98-4f77-87e3-715939181693@group-DD233808B888-SegmentedRaftLogWorker] INFO  segmented.BufferedWriteChannel (BufferedWriteChannel.java:open(62)) - open log_inprogress_0 at position 0
2024-02-22 20:33:45,220 [dc26353c-d48a-467d-89cd-3a7c4b626396-server-thread3] INFO  server.RaftServer$Division (ServerState.java:setRaftConf(386)) - dc26353c-d48a-467d-89cd-3a7c4b626396@group-DD233808B888: set configuration 0: peers:[86ab988c-fa9c-425d-a1c6-9004ff7fd93d|10.1.0.33:15059, 4e8f68d6-fd98-4f77-87e3-715939181693|10.1.0.33:15041, dc26353c-d48a-467d-89cd-3a7c4b626396|10.1.0.33:15050]|listeners:[], old=null
2024-02-22 20:33:45,220 [dc26353c-d48a-467d-89cd-3a7c4b626396-server-thread3] INFO  segmented.SegmentedRaftLogWorker (SegmentedRaftLogWorker.java:startLogSegment(430)) - dc26353c-d48a-467d-89cd-3a7c4b626396@group-DD233808B888-SegmentedRaftLogWorker: Starting segment from index:0
2024-02-22 20:33:45,229 [d25dc3b0-28fc-4383-b1a0-617845025f41@group-2F189D2772BA-LeaderElection11] INFO  impl.LeaderElection (LeaderElection.java:askForVotes(321)) - d25dc3b0-28fc-4383-b1a0-617845025f41@group-2F189D2772BA-LeaderElection11 PRE_VOTE round 0: submit vote requests at term 0 for -1: peers:[923be64f-71f4-4891-b05d-82ff5a9df5b5|10.1.0.33:15023, e46a6e51-795f-4801-a523-c45a6c7f2c34|10.1.0.33:15014, d25dc3b0-28fc-4383-b1a0-617845025f41|10.1.0.33:15032]|listeners:[], old=null
2024-02-22 20:33:45,229 [dc26353c-d48a-467d-89cd-3a7c4b626396@group-DD233808B888-SegmentedRaftLogWorker] INFO  segmented.BufferedWriteChannel (BufferedWriteChannel.java:open(62)) - open log_inprogress_0 at position 0
2024-02-22 20:33:45,229 [86ab988c-fa9c-425d-a1c6-9004ff7fd93d@group-41A8147A3383-LeaderElection10] INFO  impl.LeaderElection (LeaderElection.java:askForVotes(321)) - 86ab988c-fa9c-425d-a1c6-9004ff7fd93d@group-41A8147A3383-LeaderElection10 ELECTION round 0: submit vote requests at term 1 for -1: peers:[86ab988c-fa9c-425d-a1c6-9004ff7fd93d|10.1.0.33:15059]|listeners:[], old=null
2024-02-22 20:33:45,229 [d25dc3b0-28fc-4383-b1a0-617845025f41@group-2F189D2772BA-LeaderElection11-1] INFO  server.GrpcServerProtocolClient (GrpcServerProtocolClient.java:<init>(65)) - Build channel for 923be64f-71f4-4891-b05d-82ff5a9df5b5|10.1.0.33:15023
2024-02-22 20:33:45,229 [86ab988c-fa9c-425d-a1c6-9004ff7fd93d@group-41A8147A3383-LeaderElection10] INFO  impl.LeaderElection (LeaderElection.java:askForVotes(323)) - 86ab988c-fa9c-425d-a1c6-9004ff7fd93d@group-41A8147A3383-LeaderElection10 ELECTION round 0: result PASSED (term=1)
2024-02-22 20:33:45,230 [86ab988c-fa9c-425d-a1c6-9004ff7fd93d@group-41A8147A3383-LeaderElection10] INFO  impl.RoleInfo (RoleInfo.java:shutdownLeaderElection(130)) - 86ab988c-fa9c-425d-a1c6-9004ff7fd93d: shutdown 86ab988c-fa9c-425d-a1c6-9004ff7fd93d@group-41A8147A3383-LeaderElection10
2024-02-22 20:33:45,230 [86ab988c-fa9c-425d-a1c6-9004ff7fd93d@group-41A8147A3383-LeaderElection10] INFO  server.RaftServer$Division (RaftServerImpl.java:setRole(383)) - 86ab988c-fa9c-425d-a1c6-9004ff7fd93d@group-41A8147A3383: changes role from CANDIDATE to LEADER at term 1 for changeToLeader
2024-02-22 20:33:45,230 [86ab988c-fa9c-425d-a1c6-9004ff7fd93d@group-41A8147A3383-LeaderElection10] INFO  server.RaftServerConfigKeys (ConfUtils.java:logGet(46)) - raft.server.staging.catchup.gap = 1000 (default)
2024-02-22 20:33:45,230 [86ab988c-fa9c-425d-a1c6-9004ff7fd93d@group-41A8147A3383-LeaderElection10] INFO  server.RaftServerConfigKeys (ConfUtils.java:logGet(46)) - raft.server.write.element-limit = 1024 (custom)
2024-02-22 20:33:45,230 [86ab988c-fa9c-425d-a1c6-9004ff7fd93d@group-41A8147A3383-LeaderElection10] INFO  server.RaftServerConfigKeys (ConfUtils.java:logGet(46)) - raft.server.write.byte-limit = 1024 M (=1073741824) (custom)
2024-02-22 20:33:45,230 [86ab988c-fa9c-425d-a1c6-9004ff7fd93d@group-41A8147A3383-LeaderElection10] INFO  server.RaftServerConfigKeys (ConfUtils.java:logGet(46)) - raft.server.watch.timeout = 180s (custom)
2024-02-22 20:33:45,230 [86ab988c-fa9c-425d-a1c6-9004ff7fd93d@group-41A8147A3383-LeaderElection10] INFO  server.RaftServerConfigKeys (ConfUtils.java:logGet(46)) - raft.server.watch.timeout.denomination = 1s (default)
2024-02-22 20:33:45,231 [86ab988c-fa9c-425d-a1c6-9004ff7fd93d@group-41A8147A3383-LeaderElection10] INFO  server.RaftServerConfigKeys (ConfUtils.java:logGet(46)) - raft.server.watch.element-limit = 65536 (default)
2024-02-22 20:33:45,231 [86ab988c-fa9c-425d-a1c6-9004ff7fd93d@group-41A8147A3383-LeaderElection10] INFO  server.RaftServerConfigKeys (ConfUtils.java:logGet(46)) - raft.server.read.leader.lease.enabled = false (default)
2024-02-22 20:33:45,231 [86ab988c-fa9c-425d-a1c6-9004ff7fd93d@group-41A8147A3383-LeaderElection10] INFO  server.RaftServerConfigKeys (ConfUtils.java:logGet(46)) - raft.server.read.leader.lease.timeout.ratio = 0.9 (default)
2024-02-22 20:33:45,231 [86ab988c-fa9c-425d-a1c6-9004ff7fd93d@group-41A8147A3383-LeaderElection10] INFO  server.RaftServerConfigKeys (ConfUtils.java:logGet(46)) - raft.server.rpc.timeout.min = 5s (custom)
2024-02-22 20:33:45,231 [86ab988c-fa9c-425d-a1c6-9004ff7fd93d@group-41A8147A3383-LeaderElection10] INFO  server.RaftServerConfigKeys (ConfUtils.java:logGet(46)) - raft.server.write.element-limit = 1024 (custom)
2024-02-22 20:33:45,231 [86ab988c-fa9c-425d-a1c6-9004ff7fd93d@group-41A8147A3383-LeaderElection10] INFO  server.RaftServerConfigKeys (ConfUtils.java:logGet(46)) - raft.server.write.follower.gap.ratio.max = -1.0 (default)
2024-02-22 20:33:45,231 [86ab988c-fa9c-425d-a1c6-9004ff7fd93d@group-41A8147A3383-LeaderElection10] INFO  impl.RoleInfo (RoleInfo.java:updateAndGet(139)) - 86ab988c-fa9c-425d-a1c6-9004ff7fd93d: start 86ab988c-fa9c-425d-a1c6-9004ff7fd93d@group-41A8147A3383-LeaderStateImpl
2024-02-22 20:33:45,231 [86ab988c-fa9c-425d-a1c6-9004ff7fd93d@group-41A8147A3383-LeaderElection10] INFO  server.RaftServer$Division (RaftServerImpl.java:setFirstElection(574)) - 86ab988c-fa9c-425d-a1c6-9004ff7fd93d@group-41A8147A3383: set firstElectionSinceStartup to false for becomeLeader
2024-02-22 20:33:45,231 [86ab988c-fa9c-425d-a1c6-9004ff7fd93d@group-41A8147A3383-LeaderElection10] INFO  ratis.XceiverServerRatis (XceiverServerRatis.java:handleLeaderChangedNotification(966)) - Leader change notification received for group: group-41A8147A3383 with new leaderId: 86ab988c-fa9c-425d-a1c6-9004ff7fd93d
2024-02-22 20:33:45,231 [86ab988c-fa9c-425d-a1c6-9004ff7fd93d@group-41A8147A3383-LeaderElection10] INFO  server.RaftServer$Division (ServerState.java:setLeader(269)) - 86ab988c-fa9c-425d-a1c6-9004ff7fd93d@group-41A8147A3383: change Leader from null to 86ab988c-fa9c-425d-a1c6-9004ff7fd93d at term 1 for becomeLeader, leader elected after 5129ms
2024-02-22 20:33:45,232 [86ab988c-fa9c-425d-a1c6-9004ff7fd93d@group-41A8147A3383-LeaderElection10] INFO  segmented.SegmentedRaftLogWorker (SegmentedRaftLogWorker.java:startLogSegment(430)) - 86ab988c-fa9c-425d-a1c6-9004ff7fd93d@group-41A8147A3383-SegmentedRaftLogWorker: Starting segment from index:0
2024-02-22 20:33:45,229 [dc26353c-d48a-467d-89cd-3a7c4b626396@group-F1C03574D52D-SegmentedRaftLogWorker] INFO  segmented.SegmentedRaftLogWorker (SegmentedRaftLogWorker.java:execute(634)) - dc26353c-d48a-467d-89cd-3a7c4b626396@group-F1C03574D52D-SegmentedRaftLogWorker: created new log segment /home/runner/work/ozone/ozone/hadoop-ozone/integration-test/target/test-dir/MiniOzoneClusterImpl-a0fc024b-a492-45a5-9697-b0d14f72cb5c/datanode-4/data/ratis/b3c4fde0-a36a-432c-b3ef-f1c03574d52d/current/log_inprogress_0
2024-02-22 20:33:45,229 [d25dc3b0-28fc-4383-b1a0-617845025f41@group-2F189D2772BA-LeaderElection11] INFO  server.RaftServerConfigKeys (ConfUtils.java:logFallback(53)) - raft.server.rpc.first-election.timeout.min = 5s (fallback to raft.server.rpc.timeout.min)
2024-02-22 20:33:45,237 [86ab988c-fa9c-425d-a1c6-9004ff7fd93d@group-41A8147A3383-SegmentedRaftLogWorker] INFO  segmented.BufferedWriteChannel (BufferedWriteChannel.java:open(62)) - open log_inprogress_0 at position 0
2024-02-22 20:33:45,235 [86ab988c-fa9c-425d-a1c6-9004ff7fd93d@group-41A8147A3383-LeaderElection10] INFO  server.RaftServer$Division (ServerState.java:setRaftConf(386)) - 86ab988c-fa9c-425d-a1c6-9004ff7fd93d@group-41A8147A3383: set configuration 0: peers:[86ab988c-fa9c-425d-a1c6-9004ff7fd93d|10.1.0.33:15059]|listeners:[], old=null
2024-02-22 20:33:45,235 [d25dc3b0-28fc-4383-b1a0-617845025f41@group-2F189D2772BA-LeaderElection11-2] INFO  server.GrpcServerProtocolClient (GrpcServerProtocolClient.java:<init>(65)) - Build channel for e46a6e51-795f-4801-a523-c45a6c7f2c34|10.1.0.33:15014
2024-02-22 20:33:45,230 [4e8f68d6-fd98-4f77-87e3-715939181693@group-DD233808B888-SegmentedRaftLogWorker] INFO  segmented.SegmentedRaftLogWorker (SegmentedRaftLogWorker.java:execute(634)) - 4e8f68d6-fd98-4f77-87e3-715939181693@group-DD233808B888-SegmentedRaftLogWorker: created new log segment /home/runner/work/ozone/ozone/hadoop-ozone/integration-test/target/test-dir/MiniOzoneClusterImpl-a0fc024b-a492-45a5-9697-b0d14f72cb5c/datanode-3/data/ratis/d5bd5305-e788-403f-b58f-dd233808b888/current/log_inprogress_0
2024-02-22 20:33:45,237 [d25dc3b0-28fc-4383-b1a0-617845025f41@group-2F189D2772BA-LeaderElection11] INFO  server.RaftServerConfigKeys (ConfUtils.java:logFallback(53)) - raft.server.rpc.first-election.timeout.max = 5200ms (fallback to raft.server.rpc.timeout.max)
2024-02-22 20:33:45,245 [923be64f-71f4-4891-b05d-82ff5a9df5b5@group-2F189D2772BA-FollowerState] INFO  impl.FollowerState (FollowerState.java:run(143)) - 923be64f-71f4-4891-b05d-82ff5a9df5b5@group-2F189D2772BA-FollowerState: change to CANDIDATE, lastRpcElapsedTime:5108897209ns, electionTimeout:5088ms
2024-02-22 20:33:45,245 [923be64f-71f4-4891-b05d-82ff5a9df5b5@group-2F189D2772BA-FollowerState] INFO  impl.RoleInfo (RoleInfo.java:shutdownFollowerState(110)) - 923be64f-71f4-4891-b05d-82ff5a9df5b5: shutdown 923be64f-71f4-4891-b05d-82ff5a9df5b5@group-2F189D2772BA-FollowerState
2024-02-22 20:33:45,245 [923be64f-71f4-4891-b05d-82ff5a9df5b5@group-2F189D2772BA-FollowerState] INFO  server.RaftServer$Division (RaftServerImpl.java:setRole(383)) - 923be64f-71f4-4891-b05d-82ff5a9df5b5@group-2F189D2772BA: changes role from  FOLLOWER to CANDIDATE at term 0 for changeToCandidate
2024-02-22 20:33:45,245 [923be64f-71f4-4891-b05d-82ff5a9df5b5@group-2F189D2772BA-FollowerState] INFO  server.RaftServerConfigKeys (ConfUtils.java:logGet(46)) - raft.server.leaderelection.pre-vote = true (default)
2024-02-22 20:33:45,245 [923be64f-71f4-4891-b05d-82ff5a9df5b5@group-2F189D2772BA-FollowerState] INFO  impl.RoleInfo (RoleInfo.java:updateAndGet(139)) - 923be64f-71f4-4891-b05d-82ff5a9df5b5: start 923be64f-71f4-4891-b05d-82ff5a9df5b5@group-2F189D2772BA-LeaderElection12
2024-02-22 20:33:45,249 [dc26353c-d48a-467d-89cd-3a7c4b626396@group-DD233808B888-SegmentedRaftLogWorker] INFO  segmented.SegmentedRaftLogWorker (SegmentedRaftLogWorker.java:execute(634)) - dc26353c-d48a-467d-89cd-3a7c4b626396@group-DD233808B888-SegmentedRaftLogWorker: created new log segment /home/runner/work/ozone/ozone/hadoop-ozone/integration-test/target/test-dir/MiniOzoneClusterImpl-a0fc024b-a492-45a5-9697-b0d14f72cb5c/datanode-4/data/ratis/d5bd5305-e788-403f-b58f-dd233808b888/current/log_inprogress_0
2024-02-22 20:33:45,251 [923be64f-71f4-4891-b05d-82ff5a9df5b5@group-2F189D2772BA-LeaderElection12] INFO  impl.LeaderElection (LeaderElection.java:askForVotes(321)) - 923be64f-71f4-4891-b05d-82ff5a9df5b5@group-2F189D2772BA-LeaderElection12 PRE_VOTE round 0: submit vote requests at term 0 for -1: peers:[923be64f-71f4-4891-b05d-82ff5a9df5b5|10.1.0.33:15023, e46a6e51-795f-4801-a523-c45a6c7f2c34|10.1.0.33:15014, d25dc3b0-28fc-4383-b1a0-617845025f41|10.1.0.33:15032]|listeners:[], old=null
2024-02-22 20:33:45,251 [86ab988c-fa9c-425d-a1c6-9004ff7fd93d@group-41A8147A3383-SegmentedRaftLogWorker] INFO  segmented.SegmentedRaftLogWorker (SegmentedRaftLogWorker.java:execute(634)) - 86ab988c-fa9c-425d-a1c6-9004ff7fd93d@group-41A8147A3383-SegmentedRaftLogWorker: created new log segment /home/runner/work/ozone/ozone/hadoop-ozone/integration-test/target/test-dir/MiniOzoneClusterImpl-a0fc024b-a492-45a5-9697-b0d14f72cb5c/datanode-5/data/ratis/3658265f-c295-4862-ab84-41a8147a3383/current/log_inprogress_0
2024-02-22 20:33:45,251 [923be64f-71f4-4891-b05d-82ff5a9df5b5@group-2F189D2772BA-LeaderElection12-1] INFO  server.GrpcServerProtocolClient (GrpcServerProtocolClient.java:<init>(65)) - Build channel for e46a6e51-795f-4801-a523-c45a6c7f2c34|10.1.0.33:15014
2024-02-22 20:33:45,253 [dc26353c-d48a-467d-89cd-3a7c4b626396@group-F1C03574D52D-StateMachineUpdater] INFO  server.RaftServer$Division (LeaderStateImpl.java:isApplied(320)) - leader is ready since appliedIndex == 0 >= startIndex == 0
2024-02-22 20:33:45,254 [grpc-default-executor-2] INFO  server.RaftServer$Division (RaftServerImpl.java:requestVote(1389)) - 923be64f-71f4-4891-b05d-82ff5a9df5b5@group-2F189D2772BA: receive requestVote(PRE_VOTE, d25dc3b0-28fc-4383-b1a0-617845025f41, group-2F189D2772BA, 0, (t:0, i:0))
2024-02-22 20:33:45,254 [grpc-default-executor-2] INFO  impl.VoteContext (VoteContext.java:log(49)) - 923be64f-71f4-4891-b05d-82ff5a9df5b5@group-2F189D2772BA-CANDIDATE: accept PRE_VOTE from d25dc3b0-28fc-4383-b1a0-617845025f41: our priority 0 <= candidate's priority 1
2024-02-22 20:33:45,254 [grpc-default-executor-2] INFO  server.RaftServer$Division (RaftServerImpl.java:requestVote(1422)) - 923be64f-71f4-4891-b05d-82ff5a9df5b5@group-2F189D2772BA replies to PRE_VOTE vote request: d25dc3b0-28fc-4383-b1a0-617845025f41<-923be64f-71f4-4891-b05d-82ff5a9df5b5#0:OK-t0. Peer's state: 923be64f-71f4-4891-b05d-82ff5a9df5b5@group-2F189D2772BA:t0, leader=null, voted=, raftlog=Memoized:923be64f-71f4-4891-b05d-82ff5a9df5b5@group-2F189D2772BA-SegmentedRaftLog:OPENED:c-1, conf=-1: peers:[923be64f-71f4-4891-b05d-82ff5a9df5b5|10.1.0.33:15023, e46a6e51-795f-4801-a523-c45a6c7f2c34|10.1.0.33:15014, d25dc3b0-28fc-4383-b1a0-617845025f41|10.1.0.33:15032]|listeners:[], old=null
2024-02-22 20:33:45,258 [923be64f-71f4-4891-b05d-82ff5a9df5b5@group-2F189D2772BA-LeaderElection12] INFO  server.RaftServerConfigKeys (ConfUtils.java:logFallback(53)) - raft.server.rpc.first-election.timeout.min = 5s (fallback to raft.server.rpc.timeout.min)
2024-02-22 20:33:45,258 [923be64f-71f4-4891-b05d-82ff5a9df5b5@group-2F189D2772BA-LeaderElection12] INFO  server.RaftServerConfigKeys (ConfUtils.java:logFallback(53)) - raft.server.rpc.first-election.timeout.max = 5200ms (fallback to raft.server.rpc.timeout.max)
2024-02-22 20:33:45,259 [d25dc3b0-28fc-4383-b1a0-617845025f41@group-2F189D2772BA-LeaderElection11] INFO  impl.LeaderElection (LeaderElection.java:logAndReturn(89)) - d25dc3b0-28fc-4383-b1a0-617845025f41@group-2F189D2772BA-LeaderElection11: PRE_VOTE PASSED received 1 response(s) and 0 exception(s):
2024-02-22 20:33:45,259 [d25dc3b0-28fc-4383-b1a0-617845025f41@group-2F189D2772BA-LeaderElection11] INFO  impl.LeaderElection (LeaderElection.java:logAndReturn(93)) -   Response 0: d25dc3b0-28fc-4383-b1a0-617845025f41<-923be64f-71f4-4891-b05d-82ff5a9df5b5#0:OK-t0
2024-02-22 20:33:45,259 [d25dc3b0-28fc-4383-b1a0-617845025f41@group-2F189D2772BA-LeaderElection11] INFO  impl.LeaderElection (LeaderElection.java:askForVotes(323)) - d25dc3b0-28fc-4383-b1a0-617845025f41@group-2F189D2772BA-LeaderElection11 PRE_VOTE round 0: result PASSED
2024-02-22 20:33:45,265 [d25dc3b0-28fc-4383-b1a0-617845025f41@group-2F189D2772BA-LeaderElection11] INFO  impl.LeaderElection (LeaderElection.java:askForVotes(321)) - d25dc3b0-28fc-4383-b1a0-617845025f41@group-2F189D2772BA-LeaderElection11 ELECTION round 0: submit vote requests at term 1 for -1: peers:[923be64f-71f4-4891-b05d-82ff5a9df5b5|10.1.0.33:15023, e46a6e51-795f-4801-a523-c45a6c7f2c34|10.1.0.33:15014, d25dc3b0-28fc-4383-b1a0-617845025f41|10.1.0.33:15032]|listeners:[], old=null
2024-02-22 20:33:45,266 [86ab988c-fa9c-425d-a1c6-9004ff7fd93d@group-41A8147A3383-StateMachineUpdater] INFO  server.RaftServer$Division (LeaderStateImpl.java:isApplied(320)) - leader is ready since appliedIndex == 0 >= startIndex == 0
2024-02-22 20:33:45,266 [86ab988c-fa9c-425d-a1c6-9004ff7fd93d@group-DD233808B888-StateMachineUpdater] INFO  server.RaftServer$Division (LeaderStateImpl.java:isApplied(320)) - leader is ready since appliedIndex == 0 >= startIndex == 0
2024-02-22 20:33:45,266 [e46a6e51-795f-4801-a523-c45a6c7f2c34@group-2F189D2772BA-FollowerState] INFO  impl.FollowerState (FollowerState.java:run(143)) - e46a6e51-795f-4801-a523-c45a6c7f2c34@group-2F189D2772BA-FollowerState: change to CANDIDATE, lastRpcElapsedTime:5103370616ns, electionTimeout:5090ms
2024-02-22 20:33:45,266 [e46a6e51-795f-4801-a523-c45a6c7f2c34@group-2F189D2772BA-FollowerState] INFO  impl.RoleInfo (RoleInfo.java:shutdownFollowerState(110)) - e46a6e51-795f-4801-a523-c45a6c7f2c34: shutdown e46a6e51-795f-4801-a523-c45a6c7f2c34@group-2F189D2772BA-FollowerState
2024-02-22 20:33:45,266 [e46a6e51-795f-4801-a523-c45a6c7f2c34@group-2F189D2772BA-FollowerState] INFO  server.RaftServer$Division (RaftServerImpl.java:setRole(383)) - e46a6e51-795f-4801-a523-c45a6c7f2c34@group-2F189D2772BA: changes role from  FOLLOWER to CANDIDATE at term 0 for changeToCandidate
2024-02-22 20:33:45,267 [grpc-default-executor-2] INFO  server.RaftServer$Division (RaftServerImpl.java:requestVote(1389)) - e46a6e51-795f-4801-a523-c45a6c7f2c34@group-2F189D2772BA: receive requestVote(PRE_VOTE, 923be64f-71f4-4891-b05d-82ff5a9df5b5, group-2F189D2772BA, 0, (t:0, i:0))
2024-02-22 20:33:45,268 [grpc-default-executor-1] INFO  server.RaftServer$Division (RaftServerImpl.java:requestVote(1389)) - e46a6e51-795f-4801-a523-c45a6c7f2c34@group-2F189D2772BA: receive requestVote(PRE_VOTE, d25dc3b0-28fc-4383-b1a0-617845025f41, group-2F189D2772BA, 0, (t:0, i:0))
2024-02-22 20:33:45,268 [d25dc3b0-28fc-4383-b1a0-617845025f41@group-2F189D2772BA-LeaderElection11] INFO  server.RaftServerConfigKeys (ConfUtils.java:logFallback(53)) - raft.server.rpc.first-election.timeout.min = 5s (fallback to raft.server.rpc.timeout.min)
2024-02-22 20:33:45,268 [d25dc3b0-28fc-4383-b1a0-617845025f41@group-2F189D2772BA-LeaderElection11] INFO  server.RaftServerConfigKeys (ConfUtils.java:logFallback(53)) - raft.server.rpc.first-election.timeout.max = 5200ms (fallback to raft.server.rpc.timeout.max)
2024-02-22 20:33:45,270 [e46a6e51-795f-4801-a523-c45a6c7f2c34@group-2F189D2772BA-FollowerState] INFO  server.RaftServerConfigKeys (ConfUtils.java:logGet(46)) - raft.server.leaderelection.pre-vote = true (default)
2024-02-22 20:33:45,270 [e46a6e51-795f-4801-a523-c45a6c7f2c34@group-2F189D2772BA-FollowerState] INFO  impl.RoleInfo (RoleInfo.java:updateAndGet(139)) - e46a6e51-795f-4801-a523-c45a6c7f2c34: start e46a6e51-795f-4801-a523-c45a6c7f2c34@group-2F189D2772BA-LeaderElection13
2024-02-22 20:33:45,271 [e46a6e51-795f-4801-a523-c45a6c7f2c34@group-2F189D2772BA-LeaderElection13] INFO  impl.LeaderElection (LeaderElection.java:askForVotes(321)) - e46a6e51-795f-4801-a523-c45a6c7f2c34@group-2F189D2772BA-LeaderElection13 PRE_VOTE round 0: submit vote requests at term 0 for -1: peers:[923be64f-71f4-4891-b05d-82ff5a9df5b5|10.1.0.33:15023, e46a6e51-795f-4801-a523-c45a6c7f2c34|10.1.0.33:15014, d25dc3b0-28fc-4383-b1a0-617845025f41|10.1.0.33:15032]|listeners:[], old=null
2024-02-22 20:33:45,271 [grpc-default-executor-2] INFO  impl.VoteContext (VoteContext.java:log(49)) - e46a6e51-795f-4801-a523-c45a6c7f2c34@group-2F189D2772BA-CANDIDATE: accept PRE_VOTE from 923be64f-71f4-4891-b05d-82ff5a9df5b5: our priority 0 <= candidate's priority 0
2024-02-22 20:33:45,271 [grpc-default-executor-2] INFO  server.RaftServer$Division (RaftServerImpl.java:requestVote(1422)) - e46a6e51-795f-4801-a523-c45a6c7f2c34@group-2F189D2772BA replies to PRE_VOTE vote request: 923be64f-71f4-4891-b05d-82ff5a9df5b5<-e46a6e51-795f-4801-a523-c45a6c7f2c34#0:OK-t0. Peer's state: e46a6e51-795f-4801-a523-c45a6c7f2c34@group-2F189D2772BA:t0, leader=null, voted=, raftlog=Memoized:e46a6e51-795f-4801-a523-c45a6c7f2c34@group-2F189D2772BA-SegmentedRaftLog:OPENED:c-1, conf=-1: peers:[923be64f-71f4-4891-b05d-82ff5a9df5b5|10.1.0.33:15023, e46a6e51-795f-4801-a523-c45a6c7f2c34|10.1.0.33:15014, d25dc3b0-28fc-4383-b1a0-617845025f41|10.1.0.33:15032]|listeners:[], old=null
2024-02-22 20:33:45,271 [grpc-default-executor-1] INFO  impl.VoteContext (VoteContext.java:log(49)) - e46a6e51-795f-4801-a523-c45a6c7f2c34@group-2F189D2772BA-CANDIDATE: accept PRE_VOTE from d25dc3b0-28fc-4383-b1a0-617845025f41: our priority 0 <= candidate's priority 1
2024-02-22 20:33:45,272 [grpc-default-executor-1] INFO  server.RaftServer$Division (RaftServerImpl.java:requestVote(1422)) - e46a6e51-795f-4801-a523-c45a6c7f2c34@group-2F189D2772BA replies to PRE_VOTE vote request: d25dc3b0-28fc-4383-b1a0-617845025f41<-e46a6e51-795f-4801-a523-c45a6c7f2c34#0:OK-t0. Peer's state: e46a6e51-795f-4801-a523-c45a6c7f2c34@group-2F189D2772BA:t0, leader=null, voted=, raftlog=Memoized:e46a6e51-795f-4801-a523-c45a6c7f2c34@group-2F189D2772BA-SegmentedRaftLog:OPENED:c-1, conf=-1: peers:[923be64f-71f4-4891-b05d-82ff5a9df5b5|10.1.0.33:15023, e46a6e51-795f-4801-a523-c45a6c7f2c34|10.1.0.33:15014, d25dc3b0-28fc-4383-b1a0-617845025f41|10.1.0.33:15032]|listeners:[], old=null
2024-02-22 20:33:45,275 [grpc-default-executor-2] INFO  server.RaftServer$Division (RaftServerImpl.java:requestVote(1389)) - 923be64f-71f4-4891-b05d-82ff5a9df5b5@group-2F189D2772BA: receive requestVote(PRE_VOTE, e46a6e51-795f-4801-a523-c45a6c7f2c34, group-2F189D2772BA, 0, (t:0, i:0))
2024-02-22 20:33:45,275 [e46a6e51-795f-4801-a523-c45a6c7f2c34@group-2F189D2772BA-LeaderElection13] INFO  server.RaftServerConfigKeys (ConfUtils.java:logFallback(53)) - raft.server.rpc.first-election.timeout.min = 5s (fallback to raft.server.rpc.timeout.min)
2024-02-22 20:33:45,275 [e46a6e51-795f-4801-a523-c45a6c7f2c34@group-2F189D2772BA-LeaderElection13] INFO  server.RaftServerConfigKeys (ConfUtils.java:logFallback(53)) - raft.server.rpc.first-election.timeout.max = 5200ms (fallback to raft.server.rpc.timeout.max)
2024-02-22 20:33:45,275 [grpc-default-executor-2] INFO  impl.VoteContext (VoteContext.java:log(49)) - 923be64f-71f4-4891-b05d-82ff5a9df5b5@group-2F189D2772BA-CANDIDATE: accept PRE_VOTE from e46a6e51-795f-4801-a523-c45a6c7f2c34: our priority 0 <= candidate's priority 0
2024-02-22 20:33:45,275 [grpc-default-executor-2] INFO  server.RaftServer$Division (RaftServerImpl.java:requestVote(1422)) - 923be64f-71f4-4891-b05d-82ff5a9df5b5@group-2F189D2772BA replies to PRE_VOTE vote request: e46a6e51-795f-4801-a523-c45a6c7f2c34<-923be64f-71f4-4891-b05d-82ff5a9df5b5#0:OK-t0. Peer's state: 923be64f-71f4-4891-b05d-82ff5a9df5b5@group-2F189D2772BA:t0, leader=null, voted=, raftlog=Memoized:923be64f-71f4-4891-b05d-82ff5a9df5b5@group-2F189D2772BA-SegmentedRaftLog:OPENED:c-1, conf=-1: peers:[923be64f-71f4-4891-b05d-82ff5a9df5b5|10.1.0.33:15023, e46a6e51-795f-4801-a523-c45a6c7f2c34|10.1.0.33:15014, d25dc3b0-28fc-4383-b1a0-617845025f41|10.1.0.33:15032]|listeners:[], old=null
2024-02-22 20:33:45,278 [grpc-default-executor-2] INFO  server.RaftServer$Division (RaftServerImpl.java:requestVote(1389)) - 923be64f-71f4-4891-b05d-82ff5a9df5b5@group-2F189D2772BA: receive requestVote(ELECTION, d25dc3b0-28fc-4383-b1a0-617845025f41, group-2F189D2772BA, 1, (t:0, i:0))
2024-02-22 20:33:45,278 [grpc-default-executor-2] INFO  impl.VoteContext (VoteContext.java:log(49)) - 923be64f-71f4-4891-b05d-82ff5a9df5b5@group-2F189D2772BA-CANDIDATE: accept ELECTION from d25dc3b0-28fc-4383-b1a0-617845025f41: our priority 0 <= candidate's priority 1
2024-02-22 20:33:45,278 [grpc-default-executor-1] INFO  server.RaftServer$Division (RaftServerImpl.java:requestVote(1389)) - d25dc3b0-28fc-4383-b1a0-617845025f41@group-2F189D2772BA: receive requestVote(PRE_VOTE, e46a6e51-795f-4801-a523-c45a6c7f2c34, group-2F189D2772BA, 0, (t:0, i:0))
2024-02-22 20:33:45,278 [grpc-default-executor-1] INFO  impl.VoteContext (VoteContext.java:log(49)) - d25dc3b0-28fc-4383-b1a0-617845025f41@group-2F189D2772BA-CANDIDATE: reject PRE_VOTE from e46a6e51-795f-4801-a523-c45a6c7f2c34: our priority 1 > candidate's priority 0
2024-02-22 20:33:45,278 [923be64f-71f4-4891-b05d-82ff5a9df5b5@group-2F189D2772BA-LeaderElection12-2] INFO  server.GrpcServerProtocolClient (GrpcServerProtocolClient.java:<init>(65)) - Build channel for d25dc3b0-28fc-4383-b1a0-617845025f41|10.1.0.33:15032
2024-02-22 20:33:45,278 [grpc-default-executor-2] INFO  server.RaftServer$Division (RaftServerImpl.java:setRole(383)) - 923be64f-71f4-4891-b05d-82ff5a9df5b5@group-2F189D2772BA: changes role from CANDIDATE to FOLLOWER at term 1 for candidate:d25dc3b0-28fc-4383-b1a0-617845025f41
2024-02-22 20:33:45,279 [grpc-default-executor-2] INFO  impl.RoleInfo (RoleInfo.java:shutdownLeaderElection(130)) - 923be64f-71f4-4891-b05d-82ff5a9df5b5: shutdown 923be64f-71f4-4891-b05d-82ff5a9df5b5@group-2F189D2772BA-LeaderElection12
2024-02-22 20:33:45,279 [grpc-default-executor-1] INFO  server.RaftServer$Division (RaftServerImpl.java:requestVote(1422)) - d25dc3b0-28fc-4383-b1a0-617845025f41@group-2F189D2772BA replies to PRE_VOTE vote request: e46a6e51-795f-4801-a523-c45a6c7f2c34<-d25dc3b0-28fc-4383-b1a0-617845025f41#0:FAIL-t1. Peer's state: d25dc3b0-28fc-4383-b1a0-617845025f41@group-2F189D2772BA:t1, leader=null, voted=d25dc3b0-28fc-4383-b1a0-617845025f41, raftlog=Memoized:d25dc3b0-28fc-4383-b1a0-617845025f41@group-2F189D2772BA-SegmentedRaftLog:OPENED:c-1, conf=-1: peers:[923be64f-71f4-4891-b05d-82ff5a9df5b5|10.1.0.33:15023, e46a6e51-795f-4801-a523-c45a6c7f2c34|10.1.0.33:15014, d25dc3b0-28fc-4383-b1a0-617845025f41|10.1.0.33:15032]|listeners:[], old=null
2024-02-22 20:33:45,279 [grpc-default-executor-2] INFO  impl.RoleInfo (RoleInfo.java:updateAndGet(139)) - 923be64f-71f4-4891-b05d-82ff5a9df5b5: start 923be64f-71f4-4891-b05d-82ff5a9df5b5@group-2F189D2772BA-FollowerState
2024-02-22 20:33:45,280 [923be64f-71f4-4891-b05d-82ff5a9df5b5@group-2F189D2772BA-LeaderElection12] INFO  impl.LeaderElection (LeaderElection.java:logAndReturn(89)) - 923be64f-71f4-4891-b05d-82ff5a9df5b5@group-2F189D2772BA-LeaderElection12: PRE_VOTE PASSED received 1 response(s) and 0 exception(s):
2024-02-22 20:33:45,281 [923be64f-71f4-4891-b05d-82ff5a9df5b5@group-2F189D2772BA-LeaderElection12] INFO  impl.LeaderElection (LeaderElection.java:logAndReturn(93)) -   Response 0: 923be64f-71f4-4891-b05d-82ff5a9df5b5<-e46a6e51-795f-4801-a523-c45a6c7f2c34#0:OK-t0
2024-02-22 20:33:45,281 [grpc-default-executor-1] INFO  server.RaftServer$Division (RaftServerImpl.java:requestVote(1389)) - e46a6e51-795f-4801-a523-c45a6c7f2c34@group-2F189D2772BA: receive requestVote(ELECTION, d25dc3b0-28fc-4383-b1a0-617845025f41, group-2F189D2772BA, 1, (t:0, i:0))
2024-02-22 20:33:45,281 [grpc-default-executor-1] INFO  impl.VoteContext (VoteContext.java:log(49)) - e46a6e51-795f-4801-a523-c45a6c7f2c34@group-2F189D2772BA-CANDIDATE: accept ELECTION from d25dc3b0-28fc-4383-b1a0-617845025f41: our priority 0 <= candidate's priority 1
2024-02-22 20:33:45,281 [grpc-default-executor-1] INFO  server.RaftServer$Division (RaftServerImpl.java:setRole(383)) - e46a6e51-795f-4801-a523-c45a6c7f2c34@group-2F189D2772BA: changes role from CANDIDATE to FOLLOWER at term 1 for candidate:d25dc3b0-28fc-4383-b1a0-617845025f41
2024-02-22 20:33:45,281 [grpc-default-executor-1] INFO  impl.RoleInfo (RoleInfo.java:shutdownLeaderElection(130)) - e46a6e51-795f-4801-a523-c45a6c7f2c34: shutdown e46a6e51-795f-4801-a523-c45a6c7f2c34@group-2F189D2772BA-LeaderElection13
2024-02-22 20:33:45,282 [e46a6e51-795f-4801-a523-c45a6c7f2c34@group-2F189D2772BA-LeaderElection13] INFO  impl.LeaderElection (LeaderElection.java:logAndReturn(89)) - e46a6e51-795f-4801-a523-c45a6c7f2c34@group-2F189D2772BA-LeaderElection13: PRE_VOTE DISCOVERED_A_NEW_TERM (term=1) received 2 response(s) and 0 exception(s):
2024-02-22 20:33:45,282 [e46a6e51-795f-4801-a523-c45a6c7f2c34@group-2F189D2772BA-LeaderElection13] INFO  impl.LeaderElection (LeaderElection.java:logAndReturn(93)) -   Response 0: e46a6e51-795f-4801-a523-c45a6c7f2c34<-923be64f-71f4-4891-b05d-82ff5a9df5b5#0:OK-t0
2024-02-22 20:33:45,282 [e46a6e51-795f-4801-a523-c45a6c7f2c34@group-2F189D2772BA-LeaderElection13] INFO  impl.LeaderElection (LeaderElection.java:logAndReturn(93)) -   Response 1: e46a6e51-795f-4801-a523-c45a6c7f2c34<-d25dc3b0-28fc-4383-b1a0-617845025f41#0:FAIL-t1
2024-02-22 20:33:45,288 [grpc-default-executor-2] INFO  server.RaftServer$Division (RaftServerImpl.java:setFirstElection(574)) - 923be64f-71f4-4891-b05d-82ff5a9df5b5@group-2F189D2772BA: set firstElectionSinceStartup to false for candidate:d25dc3b0-28fc-4383-b1a0-617845025f41
2024-02-22 20:33:45,288 [e46a6e51-795f-4801-a523-c45a6c7f2c34@group-2F189D2772BA-LeaderElection13] INFO  impl.LeaderElection (LeaderElection.java:askForVotes(323)) - e46a6e51-795f-4801-a523-c45a6c7f2c34@group-2F189D2772BA-LeaderElection13 PRE_VOTE round 0: result DISCOVERED_A_NEW_TERM (term=1)
2024-02-22 20:33:45,288 [grpc-default-executor-1] INFO  impl.RoleInfo (RoleInfo.java:updateAndGet(139)) - e46a6e51-795f-4801-a523-c45a6c7f2c34: start e46a6e51-795f-4801-a523-c45a6c7f2c34@group-2F189D2772BA-FollowerState
2024-02-22 20:33:45,289 [grpc-default-executor-1] INFO  server.RaftServer$Division (RaftServerImpl.java:setFirstElection(574)) - e46a6e51-795f-4801-a523-c45a6c7f2c34@group-2F189D2772BA: set firstElectionSinceStartup to false for candidate:d25dc3b0-28fc-4383-b1a0-617845025f41
2024-02-22 20:33:45,289 [923be64f-71f4-4891-b05d-82ff5a9df5b5@group-2F189D2772BA-LeaderElection12] INFO  impl.LeaderElection (LeaderElection.java:askForVotes(323)) - 923be64f-71f4-4891-b05d-82ff5a9df5b5@group-2F189D2772BA-LeaderElection12 PRE_VOTE round 0: result PASSED
2024-02-22 20:33:45,290 [grpc-default-executor-4] INFO  server.RaftServer$Division (RaftServerImpl.java:requestVote(1389)) - d25dc3b0-28fc-4383-b1a0-617845025f41@group-2F189D2772BA: receive requestVote(PRE_VOTE, 923be64f-71f4-4891-b05d-82ff5a9df5b5, group-2F189D2772BA, 0, (t:0, i:0))
2024-02-22 20:33:45,290 [grpc-default-executor-4] INFO  impl.VoteContext (VoteContext.java:log(49)) - d25dc3b0-28fc-4383-b1a0-617845025f41@group-2F189D2772BA-CANDIDATE: reject PRE_VOTE from 923be64f-71f4-4891-b05d-82ff5a9df5b5: our priority 1 > candidate's priority 0
2024-02-22 20:33:45,290 [grpc-default-executor-4] INFO  server.RaftServer$Division (RaftServerImpl.java:requestVote(1422)) - d25dc3b0-28fc-4383-b1a0-617845025f41@group-2F189D2772BA replies to PRE_VOTE vote request: 923be64f-71f4-4891-b05d-82ff5a9df5b5<-d25dc3b0-28fc-4383-b1a0-617845025f41#0:FAIL-t1. Peer's state: d25dc3b0-28fc-4383-b1a0-617845025f41@group-2F189D2772BA:t1, leader=null, voted=d25dc3b0-28fc-4383-b1a0-617845025f41, raftlog=Memoized:d25dc3b0-28fc-4383-b1a0-617845025f41@group-2F189D2772BA-SegmentedRaftLog:OPENED:c-1, conf=-1: peers:[923be64f-71f4-4891-b05d-82ff5a9df5b5|10.1.0.33:15023, e46a6e51-795f-4801-a523-c45a6c7f2c34|10.1.0.33:15014, d25dc3b0-28fc-4383-b1a0-617845025f41|10.1.0.33:15032]|listeners:[], old=null
2024-02-22 20:33:45,290 [grpc-default-executor-2] INFO  server.RaftServer$Division (RaftServerImpl.java:requestVote(1422)) - 923be64f-71f4-4891-b05d-82ff5a9df5b5@group-2F189D2772BA replies to ELECTION vote request: d25dc3b0-28fc-4383-b1a0-617845025f41<-923be64f-71f4-4891-b05d-82ff5a9df5b5#0:OK-t1. Peer's state: 923be64f-71f4-4891-b05d-82ff5a9df5b5@group-2F189D2772BA:t1, leader=null, voted=d25dc3b0-28fc-4383-b1a0-617845025f41, raftlog=Memoized:923be64f-71f4-4891-b05d-82ff5a9df5b5@group-2F189D2772BA-SegmentedRaftLog:OPENED:c-1, conf=-1: peers:[923be64f-71f4-4891-b05d-82ff5a9df5b5|10.1.0.33:15023, e46a6e51-795f-4801-a523-c45a6c7f2c34|10.1.0.33:15014, d25dc3b0-28fc-4383-b1a0-617845025f41|10.1.0.33:15032]|listeners:[], old=null
2024-02-22 20:33:45,291 [d25dc3b0-28fc-4383-b1a0-617845025f41@group-2F189D2772BA-LeaderElection11] INFO  impl.LeaderElection (LeaderElection.java:logAndReturn(89)) - d25dc3b0-28fc-4383-b1a0-617845025f41@group-2F189D2772BA-LeaderElection11: ELECTION PASSED received 1 response(s) and 0 exception(s):
2024-02-22 20:33:45,291 [grpc-default-executor-1] INFO  server.RaftServer$Division (RaftServerImpl.java:requestVote(1422)) - e46a6e51-795f-4801-a523-c45a6c7f2c34@group-2F189D2772BA replies to ELECTION vote request: d25dc3b0-28fc-4383-b1a0-617845025f41<-e46a6e51-795f-4801-a523-c45a6c7f2c34#0:OK-t1. Peer's state: e46a6e51-795f-4801-a523-c45a6c7f2c34@group-2F189D2772BA:t1, leader=null, voted=d25dc3b0-28fc-4383-b1a0-617845025f41, raftlog=Memoized:e46a6e51-795f-4801-a523-c45a6c7f2c34@group-2F189D2772BA-SegmentedRaftLog:OPENED:c-1, conf=-1: peers:[923be64f-71f4-4891-b05d-82ff5a9df5b5|10.1.0.33:15023, e46a6e51-795f-4801-a523-c45a6c7f2c34|10.1.0.33:15014, d25dc3b0-28fc-4383-b1a0-617845025f41|10.1.0.33:15032]|listeners:[], old=null
2024-02-22 20:33:45,291 [d25dc3b0-28fc-4383-b1a0-617845025f41@group-2F189D2772BA-LeaderElection11] INFO  impl.LeaderElection (LeaderElection.java:logAndReturn(93)) -   Response 0: d25dc3b0-28fc-4383-b1a0-617845025f41<-923be64f-71f4-4891-b05d-82ff5a9df5b5#0:OK-t1
2024-02-22 20:33:45,292 [d25dc3b0-28fc-4383-b1a0-617845025f41@group-2F189D2772BA-LeaderElection11] INFO  impl.LeaderElection (LeaderElection.java:askForVotes(323)) - d25dc3b0-28fc-4383-b1a0-617845025f41@group-2F189D2772BA-LeaderElection11 ELECTION round 0: result PASSED
2024-02-22 20:33:45,292 [d25dc3b0-28fc-4383-b1a0-617845025f41@group-2F189D2772BA-LeaderElection11] INFO  impl.RoleInfo (RoleInfo.java:shutdownLeaderElection(130)) - d25dc3b0-28fc-4383-b1a0-617845025f41: shutdown d25dc3b0-28fc-4383-b1a0-617845025f41@group-2F189D2772BA-LeaderElection11
2024-02-22 20:33:45,292 [d25dc3b0-28fc-4383-b1a0-617845025f41@group-2F189D2772BA-LeaderElection11] INFO  server.RaftServer$Division (RaftServerImpl.java:setRole(383)) - d25dc3b0-28fc-4383-b1a0-617845025f41@group-2F189D2772BA: changes role from CANDIDATE to LEADER at term 1 for changeToLeader
2024-02-22 20:33:45,292 [d25dc3b0-28fc-4383-b1a0-617845025f41@group-2F189D2772BA-LeaderElection11] INFO  server.RaftServerConfigKeys (ConfUtils.java:logGet(46)) - raft.server.staging.catchup.gap = 1000 (default)
2024-02-22 20:33:45,292 [d25dc3b0-28fc-4383-b1a0-617845025f41@group-2F189D2772BA-LeaderElection11] INFO  server.RaftServerConfigKeys (ConfUtils.java:logGet(46)) - raft.server.write.element-limit = 1024 (custom)
2024-02-22 20:33:45,292 [d25dc3b0-28fc-4383-b1a0-617845025f41@group-2F189D2772BA-LeaderElection11] INFO  server.RaftServerConfigKeys (ConfUtils.java:logGet(46)) - raft.server.write.byte-limit = 1024 M (=1073741824) (custom)
2024-02-22 20:33:45,292 [d25dc3b0-28fc-4383-b1a0-617845025f41@group-2F189D2772BA-LeaderElection11] INFO  server.RaftServerConfigKeys (ConfUtils.java:logGet(46)) - raft.server.watch.timeout = 180s (custom)
2024-02-22 20:33:45,292 [d25dc3b0-28fc-4383-b1a0-617845025f41@group-2F189D2772BA-LeaderElection11] INFO  server.RaftServerConfigKeys (ConfUtils.java:logGet(46)) - raft.server.watch.timeout.denomination = 1s (default)
2024-02-22 20:33:45,293 [d25dc3b0-28fc-4383-b1a0-617845025f41@group-2F189D2772BA-LeaderElection11] INFO  server.RaftServerConfigKeys (ConfUtils.java:logGet(46)) - raft.server.watch.element-limit = 65536 (default)
2024-02-22 20:33:45,293 [d25dc3b0-28fc-4383-b1a0-617845025f41@group-2F189D2772BA-LeaderElection11] INFO  server.RaftServerConfigKeys (ConfUtils.java:logGet(46)) - raft.server.read.leader.lease.enabled = false (default)
2024-02-22 20:33:45,293 [d25dc3b0-28fc-4383-b1a0-617845025f41@group-2F189D2772BA-LeaderElection11] INFO  server.RaftServerConfigKeys (ConfUtils.java:logGet(46)) - raft.server.read.leader.lease.timeout.ratio = 0.9 (default)
2024-02-22 20:33:45,293 [d25dc3b0-28fc-4383-b1a0-617845025f41@group-2F189D2772BA-LeaderElection11] INFO  server.RaftServerConfigKeys (ConfUtils.java:logGet(46)) - raft.server.rpc.timeout.min = 5s (custom)
2024-02-22 20:33:45,293 [d25dc3b0-28fc-4383-b1a0-617845025f41@group-2F189D2772BA-LeaderElection11] INFO  server.RaftServerConfigKeys (ConfUtils.java:logGet(46)) - raft.server.write.element-limit = 1024 (custom)
2024-02-22 20:33:45,293 [d25dc3b0-28fc-4383-b1a0-617845025f41@group-2F189D2772BA-LeaderElection11] INFO  server.RaftServerConfigKeys (ConfUtils.java:logGet(46)) - raft.server.write.follower.gap.ratio.max = -1.0 (default)
2024-02-22 20:33:45,295 [d25dc3b0-28fc-4383-b1a0-617845025f41@group-2F189D2772BA-LeaderElection11] INFO  server.RaftServerConfigKeys (ConfUtils.java:logGet(46)) - raft.server.log.appender.snapshot.chunk.size.max = 16MB (=16777216) (default)
2024-02-22 20:33:45,295 [d25dc3b0-28fc-4383-b1a0-617845025f41@group-2F189D2772BA-LeaderElection11] INFO  server.RaftServerConfigKeys (ConfUtils.java:logGet(46)) - raft.server.log.appender.buffer.byte-limit = 8388608 (custom)
2024-02-22 20:33:45,295 [d25dc3b0-28fc-4383-b1a0-617845025f41@group-2F189D2772BA-LeaderElection11] INFO  server.RaftServerConfigKeys (ConfUtils.java:logGet(46)) - raft.server.log.appender.buffer.element-limit = 1 (custom)
2024-02-22 20:33:45,295 [d25dc3b0-28fc-4383-b1a0-617845025f41@group-2F189D2772BA-LeaderElection11] INFO  server.RaftServerConfigKeys (ConfUtils.java:logGet(46)) - raft.server.log.appender.wait-time.min = 0μs (custom)
2024-02-22 20:33:45,295 [d25dc3b0-28fc-4383-b1a0-617845025f41@group-2F189D2772BA-LeaderElection11] INFO  grpc.GrpcConfigKeys (ConfUtils.java:logGet(46)) - raft.grpc.server.leader.outstanding.appends.max = 8 (default)
2024-02-22 20:33:45,295 [d25dc3b0-28fc-4383-b1a0-617845025f41@group-2F189D2772BA-LeaderElection11] INFO  server.RaftServerConfigKeys (ConfUtils.java:logGet(46)) - raft.server.rpc.request.timeout = 60s (custom)
2024-02-22 20:33:45,296 [d25dc3b0-28fc-4383-b1a0-617845025f41@group-2F189D2772BA-LeaderElection11] INFO  grpc.GrpcConfigKeys (ConfUtils.java:logGet(46)) - raft.grpc.server.install_snapshot.request.element-limit = 8 (default)
2024-02-22 20:33:45,296 [d25dc3b0-28fc-4383-b1a0-617845025f41@group-2F189D2772BA-LeaderElection11] INFO  grpc.GrpcConfigKeys (ConfUtils.java:logGet(46)) - raft.grpc.server.install_snapshot.request.timeout = 3000ms (default)
2024-02-22 20:33:45,296 [d25dc3b0-28fc-4383-b1a0-617845025f41@group-2F189D2772BA-LeaderElection11] INFO  grpc.GrpcConfigKeys (ConfUtils.java:logGet(46)) - raft.grpc.server.log-message.batch.duration = 5s (default)
2024-02-22 20:33:45,296 [d25dc3b0-28fc-4383-b1a0-617845025f41@group-2F189D2772BA-LeaderElection11] INFO  server.RaftServerConfigKeys (ConfUtils.java:logGet(46)) - raft.server.log.appender.install.snapshot.enabled = false (custom)
2024-02-22 20:33:45,296 [d25dc3b0-28fc-4383-b1a0-617845025f41@group-2F189D2772BA-LeaderElection11] INFO  grpc.GrpcConfigKeys (ConfUtils.java:logGet(46)) - raft.grpc.server.heartbeat.channel = true (default)
2024-02-22 20:33:45,297 [d25dc3b0-28fc-4383-b1a0-617845025f41@group-2F189D2772BA-LeaderElection11] INFO  server.RaftServerConfigKeys (ConfUtils.java:logGet(46)) - raft.server.log.appender.snapshot.chunk.size.max = 16MB (=16777216) (default)
2024-02-22 20:33:45,297 [d25dc3b0-28fc-4383-b1a0-617845025f41@group-2F189D2772BA-LeaderElection11] INFO  server.RaftServerConfigKeys (ConfUtils.java:logGet(46)) - raft.server.log.appender.buffer.byte-limit = 8388608 (custom)
2024-02-22 20:33:45,297 [d25dc3b0-28fc-4383-b1a0-617845025f41@group-2F189D2772BA-LeaderElection11] INFO  server.RaftServerConfigKeys (ConfUtils.java:logGet(46)) - raft.server.log.appender.buffer.element-limit = 1 (custom)
2024-02-22 20:33:45,297 [d25dc3b0-28fc-4383-b1a0-617845025f41@group-2F189D2772BA-LeaderElection11] INFO  server.RaftServerConfigKeys (ConfUtils.java:logGet(46)) - raft.server.log.appender.wait-time.min = 0μs (custom)
2024-02-22 20:33:45,297 [d25dc3b0-28fc-4383-b1a0-617845025f41@group-2F189D2772BA-LeaderElection11] INFO  grpc.GrpcConfigKeys (ConfUtils.java:logGet(46)) - raft.grpc.server.leader.outstanding.appends.max = 8 (default)
2024-02-22 20:33:45,297 [d25dc3b0-28fc-4383-b1a0-617845025f41@group-2F189D2772BA-LeaderElection11] INFO  server.RaftServerConfigKeys (ConfUtils.java:logGet(46)) - raft.server.rpc.request.timeout = 60s (custom)
2024-02-22 20:33:45,297 [d25dc3b0-28fc-4383-b1a0-617845025f41@group-2F189D2772BA-LeaderElection11] INFO  grpc.GrpcConfigKeys (ConfUtils.java:logGet(46)) - raft.grpc.server.install_snapshot.request.element-limit = 8 (default)
2024-02-22 20:33:45,297 [d25dc3b0-28fc-4383-b1a0-617845025f41@group-2F189D2772BA-LeaderElection11] INFO  grpc.GrpcConfigKeys (ConfUtils.java:logGet(46)) - raft.grpc.server.install_snapshot.request.timeout = 3000ms (default)
2024-02-22 20:33:45,297 [d25dc3b0-28fc-4383-b1a0-617845025f41@group-2F189D2772BA-LeaderElection11] INFO  grpc.GrpcConfigKeys (ConfUtils.java:logGet(46)) - raft.grpc.server.log-message.batch.duration = 5s (default)
2024-02-22 20:33:45,297 [d25dc3b0-28fc-4383-b1a0-617845025f41@group-2F189D2772BA-LeaderElection11] INFO  server.RaftServerConfigKeys (ConfUtils.java:logGet(46)) - raft.server.log.appender.install.snapshot.enabled = false (custom)
2024-02-22 20:33:45,298 [d25dc3b0-28fc-4383-b1a0-617845025f41@group-2F189D2772BA-LeaderElection11] INFO  grpc.GrpcConfigKeys (ConfUtils.java:logGet(46)) - raft.grpc.server.heartbeat.channel = true (default)
2024-02-22 20:33:45,300 [d25dc3b0-28fc-4383-b1a0-617845025f41@group-2F189D2772BA-LeaderElection11] INFO  impl.RoleInfo (RoleInfo.java:updateAndGet(139)) - d25dc3b0-28fc-4383-b1a0-617845025f41: start d25dc3b0-28fc-4383-b1a0-617845025f41@group-2F189D2772BA-LeaderStateImpl
2024-02-22 20:33:45,300 [d25dc3b0-28fc-4383-b1a0-617845025f41@group-2F189D2772BA-LeaderElection11] INFO  server.RaftServer$Division (RaftServerImpl.java:setFirstElection(574)) - d25dc3b0-28fc-4383-b1a0-617845025f41@group-2F189D2772BA: set firstElectionSinceStartup to false for becomeLeader
2024-02-22 20:33:45,300 [d25dc3b0-28fc-4383-b1a0-617845025f41@group-2F189D2772BA-LeaderElection11] INFO  ratis.XceiverServerRatis (XceiverServerRatis.java:handleLeaderChangedNotification(966)) - Leader change notification received for group: group-2F189D2772BA with new leaderId: d25dc3b0-28fc-4383-b1a0-617845025f41
2024-02-22 20:33:45,301 [d25dc3b0-28fc-4383-b1a0-617845025f41@group-2F189D2772BA-LeaderElection11] INFO  server.RaftServer$Division (ServerState.java:setLeader(269)) - d25dc3b0-28fc-4383-b1a0-617845025f41@group-2F189D2772BA: change Leader from null to d25dc3b0-28fc-4383-b1a0-617845025f41 at term 1 for becomeLeader, leader elected after 5236ms
2024-02-22 20:33:45,301 [d25dc3b0-28fc-4383-b1a0-617845025f41@group-2F189D2772BA-LeaderElection11] INFO  segmented.SegmentedRaftLogWorker (SegmentedRaftLogWorker.java:startLogSegment(430)) - d25dc3b0-28fc-4383-b1a0-617845025f41@group-2F189D2772BA-SegmentedRaftLogWorker: Starting segment from index:0
2024-02-22 20:33:45,302 [d25dc3b0-28fc-4383-b1a0-617845025f41@group-2F189D2772BA-SegmentedRaftLogWorker] INFO  segmented.BufferedWriteChannel (BufferedWriteChannel.java:open(62)) - open log_inprogress_0 at position 0
2024-02-22 20:33:45,304 [d25dc3b0-28fc-4383-b1a0-617845025f41@group-2F189D2772BA-LeaderElection11] INFO  server.RaftServer$Division (ServerState.java:setRaftConf(386)) - d25dc3b0-28fc-4383-b1a0-617845025f41@group-2F189D2772BA: set configuration 0: peers:[923be64f-71f4-4891-b05d-82ff5a9df5b5|10.1.0.33:15023, e46a6e51-795f-4801-a523-c45a6c7f2c34|10.1.0.33:15014, d25dc3b0-28fc-4383-b1a0-617845025f41|10.1.0.33:15032]|listeners:[], old=null
2024-02-22 20:33:45,306 [main] INFO  rpc.RpcClient (RpcClient.java:createBucket(692)) - Creating Bucket: d6be1826-a7da-4004-bb82-564bf35aae25/aaff6f3a-54ef-4d38-9231-d62cb4aa5f84, with server-side default bucket layout, runner as owner, Versioning false, Storage Type set to DISK and Encryption set to false, Replication Type set to EC, Namespace Quota set to -1, Space Quota set to -1 
2024-02-22 20:33:45,314 [d25dc3b0-28fc-4383-b1a0-617845025f41@group-2F189D2772BA-SegmentedRaftLogWorker] INFO  segmented.SegmentedRaftLogWorker (SegmentedRaftLogWorker.java:execute(634)) - d25dc3b0-28fc-4383-b1a0-617845025f41@group-2F189D2772BA-SegmentedRaftLogWorker: created new log segment /home/runner/work/ozone/ozone/hadoop-ozone/integration-test/target/test-dir/MiniOzoneClusterImpl-a0fc024b-a492-45a5-9697-b0d14f72cb5c/datanode-2/data/ratis/06d574de-a9f9-4ab3-be46-2f189d2772ba/current/log_inprogress_0
2024-02-22 20:33:45,315 [923be64f-71f4-4891-b05d-82ff5a9df5b5-server-thread1] INFO  ratis.XceiverServerRatis (XceiverServerRatis.java:handleLeaderChangedNotification(966)) - Leader change notification received for group: group-2F189D2772BA with new leaderId: d25dc3b0-28fc-4383-b1a0-617845025f41
2024-02-22 20:33:45,316 [923be64f-71f4-4891-b05d-82ff5a9df5b5-server-thread1] INFO  server.RaftServer$Division (ServerState.java:setLeader(269)) - 923be64f-71f4-4891-b05d-82ff5a9df5b5@group-2F189D2772BA: change Leader from null to d25dc3b0-28fc-4383-b1a0-617845025f41 at term 1 for appendEntries, leader elected after 5253ms
2024-02-22 20:33:45,318 [om1-OMStateMachineApplyTransactionThread - 0] INFO  bucket.OMBucketCreateRequest (OMBucketCreateRequest.java:validateAndUpdateCache(292)) - created bucket: aaff6f3a-54ef-4d38-9231-d62cb4aa5f84 of layout FILE_SYSTEM_OPTIMIZED in volume: d6be1826-a7da-4004-bb82-564bf35aae25
2024-02-22 20:33:45,323 [923be64f-71f4-4891-b05d-82ff5a9df5b5-server-thread2] INFO  server.RaftServer$Division (ServerState.java:setRaftConf(386)) - 923be64f-71f4-4891-b05d-82ff5a9df5b5@group-2F189D2772BA: set configuration 0: peers:[923be64f-71f4-4891-b05d-82ff5a9df5b5|10.1.0.33:15023, e46a6e51-795f-4801-a523-c45a6c7f2c34|10.1.0.33:15014, d25dc3b0-28fc-4383-b1a0-617845025f41|10.1.0.33:15032]|listeners:[], old=null
2024-02-22 20:33:45,324 [923be64f-71f4-4891-b05d-82ff5a9df5b5-server-thread2] INFO  segmented.SegmentedRaftLogWorker (SegmentedRaftLogWorker.java:startLogSegment(430)) - 923be64f-71f4-4891-b05d-82ff5a9df5b5@group-2F189D2772BA-SegmentedRaftLogWorker: Starting segment from index:0
2024-02-22 20:33:45,325 [923be64f-71f4-4891-b05d-82ff5a9df5b5@group-2F189D2772BA-SegmentedRaftLogWorker] INFO  segmented.BufferedWriteChannel (BufferedWriteChannel.java:open(62)) - open log_inprogress_0 at position 0
2024-02-22 20:33:45,336 [923be64f-71f4-4891-b05d-82ff5a9df5b5@group-2F189D2772BA-SegmentedRaftLogWorker] INFO  segmented.SegmentedRaftLogWorker (SegmentedRaftLogWorker.java:execute(634)) - 923be64f-71f4-4891-b05d-82ff5a9df5b5@group-2F189D2772BA-SegmentedRaftLogWorker: created new log segment /home/runner/work/ozone/ozone/hadoop-ozone/integration-test/target/test-dir/MiniOzoneClusterImpl-a0fc024b-a492-45a5-9697-b0d14f72cb5c/datanode-1/data/ratis/06d574de-a9f9-4ab3-be46-2f189d2772ba/current/log_inprogress_0
2024-02-22 20:33:45,339 [d25dc3b0-28fc-4383-b1a0-617845025f41@group-2F189D2772BA-StateMachineUpdater] INFO  server.RaftServer$Division (LeaderStateImpl.java:isApplied(320)) - leader is ready since appliedIndex == 0 >= startIndex == 0
2024-02-22 20:33:45,347 [e46a6e51-795f-4801-a523-c45a6c7f2c34-server-thread1] INFO  ratis.XceiverServerRatis (XceiverServerRatis.java:handleLeaderChangedNotification(966)) - Leader change notification received for group: group-2F189D2772BA with new leaderId: d25dc3b0-28fc-4383-b1a0-617845025f41
2024-02-22 20:33:45,348 [e46a6e51-795f-4801-a523-c45a6c7f2c34-server-thread1] INFO  server.RaftServer$Division (ServerState.java:setLeader(269)) - e46a6e51-795f-4801-a523-c45a6c7f2c34@group-2F189D2772BA: change Leader from null to d25dc3b0-28fc-4383-b1a0-617845025f41 at term 1 for appendEntries, leader elected after 5290ms
2024-02-22 20:33:45,349 [e46a6e51-795f-4801-a523-c45a6c7f2c34-server-thread2] INFO  server.RaftServer$Division (ServerState.java:setRaftConf(386)) - e46a6e51-795f-4801-a523-c45a6c7f2c34@group-2F189D2772BA: set configuration 0: peers:[923be64f-71f4-4891-b05d-82ff5a9df5b5|10.1.0.33:15023, e46a6e51-795f-4801-a523-c45a6c7f2c34|10.1.0.33:15014, d25dc3b0-28fc-4383-b1a0-617845025f41|10.1.0.33:15032]|listeners:[], old=null
2024-02-22 20:33:45,352 [e46a6e51-795f-4801-a523-c45a6c7f2c34-server-thread2] INFO  segmented.SegmentedRaftLogWorker (SegmentedRaftLogWorker.java:startLogSegment(430)) - e46a6e51-795f-4801-a523-c45a6c7f2c34@group-2F189D2772BA-SegmentedRaftLogWorker: Starting segment from index:0
2024-02-22 20:33:45,352 [e46a6e51-795f-4801-a523-c45a6c7f2c34@group-2F189D2772BA-SegmentedRaftLogWorker] INFO  segmented.BufferedWriteChannel (BufferedWriteChannel.java:open(62)) - open log_inprogress_0 at position 0
2024-02-22 20:33:45,357 [86ab988c-fa9c-425d-a1c6-9004ff7fd93d@group-89543CF42D33-FollowerState] INFO  impl.FollowerState (FollowerState.java:run(143)) - 86ab988c-fa9c-425d-a1c6-9004ff7fd93d@group-89543CF42D33-FollowerState: change to CANDIDATE, lastRpcElapsedTime:5103160499ns, electionTimeout:5085ms
2024-02-22 20:33:45,357 [86ab988c-fa9c-425d-a1c6-9004ff7fd93d@group-89543CF42D33-FollowerState] INFO  impl.RoleInfo (RoleInfo.java:shutdownFollowerState(110)) - 86ab988c-fa9c-425d-a1c6-9004ff7fd93d: shutdown 86ab988c-fa9c-425d-a1c6-9004ff7fd93d@group-89543CF42D33-FollowerState
2024-02-22 20:33:45,357 [86ab988c-fa9c-425d-a1c6-9004ff7fd93d@group-89543CF42D33-FollowerState] INFO  server.RaftServer$Division (RaftServerImpl.java:setRole(383)) - 86ab988c-fa9c-425d-a1c6-9004ff7fd93d@group-89543CF42D33: changes role from  FOLLOWER to CANDIDATE at term 0 for changeToCandidate
2024-02-22 20:33:45,357 [86ab988c-fa9c-425d-a1c6-9004ff7fd93d@group-89543CF42D33-FollowerState] INFO  server.RaftServerConfigKeys (ConfUtils.java:logGet(46)) - raft.server.leaderelection.pre-vote = true (default)
2024-02-22 20:33:45,358 [86ab988c-fa9c-425d-a1c6-9004ff7fd93d@group-89543CF42D33-FollowerState] INFO  impl.RoleInfo (RoleInfo.java:updateAndGet(139)) - 86ab988c-fa9c-425d-a1c6-9004ff7fd93d: start 86ab988c-fa9c-425d-a1c6-9004ff7fd93d@group-89543CF42D33-LeaderElection14
2024-02-22 20:33:45,360 [86ab988c-fa9c-425d-a1c6-9004ff7fd93d@group-89543CF42D33-LeaderElection14] INFO  impl.LeaderElection (LeaderElection.java:askForVotes(321)) - 86ab988c-fa9c-425d-a1c6-9004ff7fd93d@group-89543CF42D33-LeaderElection14 PRE_VOTE round 0: submit vote requests at term 0 for -1: peers:[86ab988c-fa9c-425d-a1c6-9004ff7fd93d|10.1.0.33:15059, 4e8f68d6-fd98-4f77-87e3-715939181693|10.1.0.33:15041, dc26353c-d48a-467d-89cd-3a7c4b626396|10.1.0.33:15050]|listeners:[], old=null
2024-02-22 20:33:45,362 [86ab988c-fa9c-425d-a1c6-9004ff7fd93d@group-89543CF42D33-LeaderElection14] INFO  server.RaftServerConfigKeys (ConfUtils.java:logFallback(53)) - raft.server.rpc.first-election.timeout.min = 5s (fallback to raft.server.rpc.timeout.min)
2024-02-22 20:33:45,362 [86ab988c-fa9c-425d-a1c6-9004ff7fd93d@group-89543CF42D33-LeaderElection14] INFO  server.RaftServerConfigKeys (ConfUtils.java:logFallback(53)) - raft.server.rpc.first-election.timeout.max = 5200ms (fallback to raft.server.rpc.timeout.max)
2024-02-22 20:33:45,362 [grpc-default-executor-2] INFO  server.RaftServer$Division (RaftServerImpl.java:requestVote(1389)) - 4e8f68d6-fd98-4f77-87e3-715939181693@group-89543CF42D33: receive requestVote(PRE_VOTE, 86ab988c-fa9c-425d-a1c6-9004ff7fd93d, group-89543CF42D33, 0, (t:0, i:0))
2024-02-22 20:33:45,363 [grpc-default-executor-2] INFO  impl.VoteContext (VoteContext.java:log(49)) - 4e8f68d6-fd98-4f77-87e3-715939181693@group-89543CF42D33-FOLLOWER: reject PRE_VOTE from 86ab988c-fa9c-425d-a1c6-9004ff7fd93d: our priority 1 > candidate's priority 0
2024-02-22 20:33:45,363 [grpc-default-executor-2] INFO  server.RaftServer$Division (RaftServerImpl.java:requestVote(1422)) - 4e8f68d6-fd98-4f77-87e3-715939181693@group-89543CF42D33 replies to PRE_VOTE vote request: 86ab988c-fa9c-425d-a1c6-9004ff7fd93d<-4e8f68d6-fd98-4f77-87e3-715939181693#0:FAIL-t0. Peer's state: 4e8f68d6-fd98-4f77-87e3-715939181693@group-89543CF42D33:t0, leader=null, voted=, raftlog=Memoized:4e8f68d6-fd98-4f77-87e3-715939181693@group-89543CF42D33-SegmentedRaftLog:OPENED:c-1, conf=-1: peers:[86ab988c-fa9c-425d-a1c6-9004ff7fd93d|10.1.0.33:15059, 4e8f68d6-fd98-4f77-87e3-715939181693|10.1.0.33:15041, dc26353c-d48a-467d-89cd-3a7c4b626396|10.1.0.33:15050]|listeners:[], old=null
2024-02-22 20:33:45,364 [e46a6e51-795f-4801-a523-c45a6c7f2c34@group-2F189D2772BA-SegmentedRaftLogWorker] INFO  segmented.SegmentedRaftLogWorker (SegmentedRaftLogWorker.java:execute(634)) - e46a6e51-795f-4801-a523-c45a6c7f2c34@group-2F189D2772BA-SegmentedRaftLogWorker: created new log segment /home/runner/work/ozone/ozone/hadoop-ozone/integration-test/target/test-dir/MiniOzoneClusterImpl-a0fc024b-a492-45a5-9697-b0d14f72cb5c/datanode-0/data/ratis/06d574de-a9f9-4ab3-be46-2f189d2772ba/current/log_inprogress_0
2024-02-22 20:33:45,365 [86ab988c-fa9c-425d-a1c6-9004ff7fd93d@group-89543CF42D33-LeaderElection14] INFO  impl.LeaderElection (LeaderElection.java:logAndReturn(89)) - 86ab988c-fa9c-425d-a1c6-9004ff7fd93d@group-89543CF42D33-LeaderElection14: PRE_VOTE REJECTED received 1 response(s) and 0 exception(s):
2024-02-22 20:33:45,365 [86ab988c-fa9c-425d-a1c6-9004ff7fd93d@group-89543CF42D33-LeaderElection14] INFO  impl.LeaderElection (LeaderElection.java:logAndReturn(93)) -   Response 0: 86ab988c-fa9c-425d-a1c6-9004ff7fd93d<-4e8f68d6-fd98-4f77-87e3-715939181693#0:FAIL-t0
2024-02-22 20:33:45,366 [86ab988c-fa9c-425d-a1c6-9004ff7fd93d@group-89543CF42D33-LeaderElection14] INFO  impl.LeaderElection (LeaderElection.java:askForVotes(323)) - 86ab988c-fa9c-425d-a1c6-9004ff7fd93d@group-89543CF42D33-LeaderElection14 PRE_VOTE round 0: result REJECTED
2024-02-22 20:33:45,366 [86ab988c-fa9c-425d-a1c6-9004ff7fd93d@group-89543CF42D33-LeaderElection14] INFO  server.RaftServer$Division (RaftServerImpl.java:setRole(383)) - 86ab988c-fa9c-425d-a1c6-9004ff7fd93d@group-89543CF42D33: changes role from CANDIDATE to FOLLOWER at term 0 for REJECTED
2024-02-22 20:33:45,367 [86ab988c-fa9c-425d-a1c6-9004ff7fd93d@group-89543CF42D33-LeaderElection14] INFO  impl.RoleInfo (RoleInfo.java:shutdownLeaderElection(130)) - 86ab988c-fa9c-425d-a1c6-9004ff7fd93d: shutdown 86ab988c-fa9c-425d-a1c6-9004ff7fd93d@group-89543CF42D33-LeaderElection14
2024-02-22 20:33:45,367 [86ab988c-fa9c-425d-a1c6-9004ff7fd93d@group-89543CF42D33-LeaderElection14] INFO  impl.RoleInfo (RoleInfo.java:updateAndGet(139)) - 86ab988c-fa9c-425d-a1c6-9004ff7fd93d: start 86ab988c-fa9c-425d-a1c6-9004ff7fd93d@group-89543CF42D33-FollowerState
2024-02-22 20:33:45,367 [86ab988c-fa9c-425d-a1c6-9004ff7fd93d@group-89543CF42D33-LeaderElection14] INFO  server.RaftServer$Division (RaftServerImpl.java:setFirstElection(574)) - 86ab988c-fa9c-425d-a1c6-9004ff7fd93d@group-89543CF42D33: set firstElectionSinceStartup to false for REJECTED
2024-02-22 20:33:45,374 [grpc-default-executor-1] INFO  server.RaftServer$Division (RaftServerImpl.java:requestVote(1389)) - dc26353c-d48a-467d-89cd-3a7c4b626396@group-89543CF42D33: receive requestVote(PRE_VOTE, 86ab988c-fa9c-425d-a1c6-9004ff7fd93d, group-89543CF42D33, 0, (t:0, i:0))
2024-02-22 20:33:45,374 [grpc-default-executor-1] INFO  impl.VoteContext (VoteContext.java:log(49)) - dc26353c-d48a-467d-89cd-3a7c4b626396@group-89543CF42D33-FOLLOWER: accept PRE_VOTE from 86ab988c-fa9c-425d-a1c6-9004ff7fd93d: our priority 0 <= candidate's priority 0
2024-02-22 20:33:45,375 [grpc-default-executor-1] INFO  server.RaftServer$Division (RaftServerImpl.java:requestVote(1422)) - dc26353c-d48a-467d-89cd-3a7c4b626396@group-89543CF42D33 replies to PRE_VOTE vote request: 86ab988c-fa9c-425d-a1c6-9004ff7fd93d<-dc26353c-d48a-467d-89cd-3a7c4b626396#0:OK-t0. Peer's state: dc26353c-d48a-467d-89cd-3a7c4b626396@group-89543CF42D33:t0, leader=null, voted=, raftlog=Memoized:dc26353c-d48a-467d-89cd-3a7c4b626396@group-89543CF42D33-SegmentedRaftLog:OPENED:c-1, conf=-1: peers:[86ab988c-fa9c-425d-a1c6-9004ff7fd93d|10.1.0.33:15059, 4e8f68d6-fd98-4f77-87e3-715939181693|10.1.0.33:15041, dc26353c-d48a-467d-89cd-3a7c4b626396|10.1.0.33:15050]|listeners:[], old=null
2024-02-22 20:33:45,415 [IPC Server handler 0 on default port 15001] INFO  algorithms.SCMContainerPlacementRackScatter (SCMContainerPlacementRackScatter.java:chooseDatanodesInternal(370)) - Chosen nodes: [13f92446-3b18-4d81-bc66-0f9b00220e72(fv-az779-213.k0faouyluq4u1aavuapgg5xmpb.cx.internal.cloudapp.net/10.1.0.33), c30fedce-f286-40e0-881d-3d5a9a6e2463(fv-az779-213.k0faouyluq4u1aavuapgg5xmpb.cx.internal.cloudapp.net/10.1.0.33), 923be64f-71f4-4891-b05d-82ff5a9df5b5(fv-az779-213.k0faouyluq4u1aavuapgg5xmpb.cx.internal.cloudapp.net/10.1.0.33), e780b093-7242-46d7-bd8f-0f810188c7b3(fv-az779-213.k0faouyluq4u1aavuapgg5xmpb.cx.internal.cloudapp.net/10.1.0.33), 86ab988c-fa9c-425d-a1c6-9004ff7fd93d(fv-az779-213.k0faouyluq4u1aavuapgg5xmpb.cx.internal.cloudapp.net/10.1.0.33)]. isPolicySatisfied: true.
2024-02-22 20:33:45,417 [IPC Server handler 0 on default port 15001] INFO  ha.SequenceIdGenerator (SequenceIdGenerator.java:getNextId(145)) - Allocate a batch for containerId, change lastId from 0 to 1000.
2024-02-22 20:33:45,425 [IPC Server handler 0 on default port 15001] INFO  pipeline.WritableECContainerProvider (WritableECContainerProvider.java:allocateContainer(211)) - Created and opened new pipeline Pipeline[ Id: 81ff5ff8-3747-4d3b-94d0-19b6e1b1e1f7, Nodes: 13f92446-3b18-4d81-bc66-0f9b00220e72(fv-az779-213.k0faouyluq4u1aavuapgg5xmpb.cx.internal.cloudapp.net/10.1.0.33)c30fedce-f286-40e0-881d-3d5a9a6e2463(fv-az779-213.k0faouyluq4u1aavuapgg5xmpb.cx.internal.cloudapp.net/10.1.0.33)923be64f-71f4-4891-b05d-82ff5a9df5b5(fv-az779-213.k0faouyluq4u1aavuapgg5xmpb.cx.internal.cloudapp.net/10.1.0.33)e780b093-7242-46d7-bd8f-0f810188c7b3(fv-az779-213.k0faouyluq4u1aavuapgg5xmpb.cx.internal.cloudapp.net/10.1.0.33)86ab988c-fa9c-425d-a1c6-9004ff7fd93d(fv-az779-213.k0faouyluq4u1aavuapgg5xmpb.cx.internal.cloudapp.net/10.1.0.33), ReplicationConfig: EC{rs-3-2-1024k}, State:ALLOCATED, leaderId:, CreationTimestamp2024-02-22T20:33:45.415Z[Etc/UTC]]
2024-02-22 20:33:45,425 [IPC Server handler 0 on default port 15001] WARN  ha.SequenceIdGenerator (SequenceIdGenerator.java:allocateBatch(258)) - Failed to allocate a batch for localId, expected lastId is 0, actual lastId is 113750153625600000.
2024-02-22 20:33:45,425 [IPC Server handler 0 on default port 15001] INFO  ha.SequenceIdGenerator (SequenceIdGenerator.java:getNextId(145)) - Allocate a batch for localId, change lastId from 113750153625600000 to 113750153625601000.
2024-02-22 20:33:45,481 [main] WARN  erasurecode.ErasureCodeNative (ErasureCodeNative.java:<clinit>(55)) - ISA-L support is not available in your platform... using builtin-java codec where applicable
2024-02-22 20:33:45,524 [d25dc3b0-28fc-4383-b1a0-617845025f41@group-3075FEAC11D2-FollowerState] INFO  impl.FollowerState (FollowerState.java:run(143)) - d25dc3b0-28fc-4383-b1a0-617845025f41@group-3075FEAC11D2-FollowerState: change to CANDIDATE, lastRpcElapsedTime:5005998869ns, electionTimeout:5002ms
2024-02-22 20:33:45,524 [d25dc3b0-28fc-4383-b1a0-617845025f41@group-3075FEAC11D2-FollowerState] INFO  impl.RoleInfo (RoleInfo.java:shutdownFollowerState(110)) - d25dc3b0-28fc-4383-b1a0-617845025f41: shutdown d25dc3b0-28fc-4383-b1a0-617845025f41@group-3075FEAC11D2-FollowerState
2024-02-22 20:33:45,524 [d25dc3b0-28fc-4383-b1a0-617845025f41@group-3075FEAC11D2-FollowerState] INFO  server.RaftServer$Division (RaftServerImpl.java:setRole(383)) - d25dc3b0-28fc-4383-b1a0-617845025f41@group-3075FEAC11D2: changes role from  FOLLOWER to CANDIDATE at term 0 for changeToCandidate
2024-02-22 20:33:45,524 [d25dc3b0-28fc-4383-b1a0-617845025f41@group-3075FEAC11D2-FollowerState] INFO  server.RaftServerConfigKeys (ConfUtils.java:logGet(46)) - raft.server.leaderelection.pre-vote = true (default)
2024-02-22 20:33:45,524 [d25dc3b0-28fc-4383-b1a0-617845025f41@group-3075FEAC11D2-FollowerState] INFO  impl.RoleInfo (RoleInfo.java:updateAndGet(139)) - d25dc3b0-28fc-4383-b1a0-617845025f41: start d25dc3b0-28fc-4383-b1a0-617845025f41@group-3075FEAC11D2-LeaderElection15
2024-02-22 20:33:45,526 [d25dc3b0-28fc-4383-b1a0-617845025f41@group-3075FEAC11D2-LeaderElection15] INFO  impl.LeaderElection (LeaderElection.java:askForVotes(321)) - d25dc3b0-28fc-4383-b1a0-617845025f41@group-3075FEAC11D2-LeaderElection15 PRE_VOTE round 0: submit vote requests at term 0 for -1: peers:[d25dc3b0-28fc-4383-b1a0-617845025f41|10.1.0.33:15032]|listeners:[], old=null
2024-02-22 20:33:45,526 [d25dc3b0-28fc-4383-b1a0-617845025f41@group-3075FEAC11D2-LeaderElection15] INFO  impl.LeaderElection (LeaderElection.java:askForVotes(323)) - d25dc3b0-28fc-4383-b1a0-617845025f41@group-3075FEAC11D2-LeaderElection15 PRE_VOTE round 0: result PASSED (term=0)
2024-02-22 20:33:45,528 [d25dc3b0-28fc-4383-b1a0-617845025f41@group-3075FEAC11D2-LeaderElection15] INFO  impl.LeaderElection (LeaderElection.java:askForVotes(321)) - d25dc3b0-28fc-4383-b1a0-617845025f41@group-3075FEAC11D2-LeaderElection15 ELECTION round 0: submit vote requests at term 1 for -1: peers:[d25dc3b0-28fc-4383-b1a0-617845025f41|10.1.0.33:15032]|listeners:[], old=null
2024-02-22 20:33:45,528 [d25dc3b0-28fc-4383-b1a0-617845025f41@group-3075FEAC11D2-LeaderElection15] INFO  impl.LeaderElection (LeaderElection.java:askForVotes(323)) - d25dc3b0-28fc-4383-b1a0-617845025f41@group-3075FEAC11D2-LeaderElection15 ELECTION round 0: result PASSED (term=1)
2024-02-22 20:33:45,528 [d25dc3b0-28fc-4383-b1a0-617845025f41@group-3075FEAC11D2-LeaderElection15] INFO  impl.RoleInfo (RoleInfo.java:shutdownLeaderElection(130)) - d25dc3b0-28fc-4383-b1a0-617845025f41: shutdown d25dc3b0-28fc-4383-b1a0-617845025f41@group-3075FEAC11D2-LeaderElection15
2024-02-22 20:33:45,528 [d25dc3b0-28fc-4383-b1a0-617845025f41@group-3075FEAC11D2-LeaderElection15] INFO  server.RaftServer$Division (RaftServerImpl.java:setRole(383)) - d25dc3b0-28fc-4383-b1a0-617845025f41@group-3075FEAC11D2: changes role from CANDIDATE to LEADER at term 1 for changeToLeader
2024-02-22 20:33:45,528 [d25dc3b0-28fc-4383-b1a0-617845025f41@group-3075FEAC11D2-LeaderElection15] INFO  server.RaftServerConfigKeys (ConfUtils.java:logGet(46)) - raft.server.staging.catchup.gap = 1000 (default)
2024-02-22 20:33:45,528 [d25dc3b0-28fc-4383-b1a0-617845025f41@group-3075FEAC11D2-LeaderElection15] INFO  server.RaftServerConfigKeys (ConfUtils.java:logGet(46)) - raft.server.write.element-limit = 1024 (custom)
2024-02-22 20:33:45,529 [d25dc3b0-28fc-4383-b1a0-617845025f41@group-3075FEAC11D2-LeaderElection15] INFO  server.RaftServerConfigKeys (ConfUtils.java:logGet(46)) - raft.server.write.byte-limit = 1024 M (=1073741824) (custom)
2024-02-22 20:33:45,529 [d25dc3b0-28fc-4383-b1a0-617845025f41@group-3075FEAC11D2-LeaderElection15] INFO  server.RaftServerConfigKeys (ConfUtils.java:logGet(46)) - raft.server.watch.timeout = 180s (custom)
2024-02-22 20:33:45,529 [d25dc3b0-28fc-4383-b1a0-617845025f41@group-3075FEAC11D2-LeaderElection15] INFO  server.RaftServerConfigKeys (ConfUtils.java:logGet(46)) - raft.server.watch.timeout.denomination = 1s (default)
2024-02-22 20:33:45,529 [d25dc3b0-28fc-4383-b1a0-617845025f41@group-3075FEAC11D2-LeaderElection15] INFO  server.RaftServerConfigKeys (ConfUtils.java:logGet(46)) - raft.server.watch.element-limit = 65536 (default)
2024-02-22 20:33:45,529 [d25dc3b0-28fc-4383-b1a0-617845025f41@group-3075FEAC11D2-LeaderElection15] INFO  server.RaftServerConfigKeys (ConfUtils.java:logGet(46)) - raft.server.read.leader.lease.enabled = false (default)
2024-02-22 20:33:45,530 [d25dc3b0-28fc-4383-b1a0-617845025f41@group-3075FEAC11D2-LeaderElection15] INFO  server.RaftServerConfigKeys (ConfUtils.java:logGet(46)) - raft.server.read.leader.lease.timeout.ratio = 0.9 (default)
2024-02-22 20:33:45,530 [d25dc3b0-28fc-4383-b1a0-617845025f41@group-3075FEAC11D2-LeaderElection15] INFO  server.RaftServerConfigKeys (ConfUtils.java:logGet(46)) - raft.server.rpc.timeout.min = 5s (custom)
2024-02-22 20:33:45,530 [d25dc3b0-28fc-4383-b1a0-617845025f41@group-3075FEAC11D2-LeaderElection15] INFO  server.RaftServerConfigKeys (ConfUtils.java:logGet(46)) - raft.server.write.element-limit = 1024 (custom)
2024-02-22 20:33:45,530 [d25dc3b0-28fc-4383-b1a0-617845025f41@group-3075FEAC11D2-LeaderElection15] INFO  server.RaftServerConfigKeys (ConfUtils.java:logGet(46)) - raft.server.write.follower.gap.ratio.max = -1.0 (default)
2024-02-22 20:33:45,530 [d25dc3b0-28fc-4383-b1a0-617845025f41@group-3075FEAC11D2-LeaderElection15] INFO  impl.RoleInfo (RoleInfo.java:updateAndGet(139)) - d25dc3b0-28fc-4383-b1a0-617845025f41: start d25dc3b0-28fc-4383-b1a0-617845025f41@group-3075FEAC11D2-LeaderStateImpl
2024-02-22 20:33:45,530 [d25dc3b0-28fc-4383-b1a0-617845025f41@group-3075FEAC11D2-LeaderElection15] INFO  server.RaftServer$Division (RaftServerImpl.java:setFirstElection(574)) - d25dc3b0-28fc-4383-b1a0-617845025f41@group-3075FEAC11D2: set firstElectionSinceStartup to false for becomeLeader
2024-02-22 20:33:45,530 [d25dc3b0-28fc-4383-b1a0-617845025f41@group-3075FEAC11D2-LeaderElection15] INFO  ratis.XceiverServerRatis (XceiverServerRatis.java:handleLeaderChangedNotification(966)) - Leader change notification received for group: group-3075FEAC11D2 with new leaderId: d25dc3b0-28fc-4383-b1a0-617845025f41
2024-02-22 20:33:45,531 [d25dc3b0-28fc-4383-b1a0-617845025f41@group-3075FEAC11D2-LeaderElection15] INFO  server.RaftServer$Division (ServerState.java:setLeader(269)) - d25dc3b0-28fc-4383-b1a0-617845025f41@group-3075FEAC11D2: change Leader from null to d25dc3b0-28fc-4383-b1a0-617845025f41 at term 1 for becomeLeader, leader elected after 5201ms
2024-02-22 20:33:45,531 [d25dc3b0-28fc-4383-b1a0-617845025f41@group-3075FEAC11D2-LeaderElection15] INFO  segmented.SegmentedRaftLogWorker (SegmentedRaftLogWorker.java:startLogSegment(430)) - d25dc3b0-28fc-4383-b1a0-617845025f41@group-3075FEAC11D2-SegmentedRaftLogWorker: Starting segment from index:0
2024-02-22 20:33:45,531 [c30fedce-f286-40e0-881d-3d5a9a6e2463@group-EA994A47DE23-FollowerState] INFO  impl.FollowerState (FollowerState.java:run(143)) - c30fedce-f286-40e0-881d-3d5a9a6e2463@group-EA994A47DE23-FollowerState: change to CANDIDATE, lastRpcElapsedTime:5142887986ns, electionTimeout:5135ms
2024-02-22 20:33:45,531 [c30fedce-f286-40e0-881d-3d5a9a6e2463@group-EA994A47DE23-FollowerState] INFO  impl.RoleInfo (RoleInfo.java:shutdownFollowerState(110)) - c30fedce-f286-40e0-881d-3d5a9a6e2463: shutdown c30fedce-f286-40e0-881d-3d5a9a6e2463@group-EA994A47DE23-FollowerState
2024-02-22 20:33:45,531 [c30fedce-f286-40e0-881d-3d5a9a6e2463@group-EA994A47DE23-FollowerState] INFO  server.RaftServer$Division (RaftServerImpl.java:setRole(383)) - c30fedce-f286-40e0-881d-3d5a9a6e2463@group-EA994A47DE23: changes role from  FOLLOWER to CANDIDATE at term 0 for changeToCandidate
2024-02-22 20:33:45,532 [c30fedce-f286-40e0-881d-3d5a9a6e2463@group-EA994A47DE23-FollowerState] INFO  server.RaftServerConfigKeys (ConfUtils.java:logGet(46)) - raft.server.leaderelection.pre-vote = true (default)
2024-02-22 20:33:45,532 [c30fedce-f286-40e0-881d-3d5a9a6e2463@group-EA994A47DE23-FollowerState] INFO  impl.RoleInfo (RoleInfo.java:updateAndGet(139)) - c30fedce-f286-40e0-881d-3d5a9a6e2463: start c30fedce-f286-40e0-881d-3d5a9a6e2463@group-EA994A47DE23-LeaderElection16
2024-02-22 20:33:45,539 [d25dc3b0-28fc-4383-b1a0-617845025f41@group-3075FEAC11D2-LeaderElection15] INFO  server.RaftServer$Division (ServerState.java:setRaftConf(386)) - d25dc3b0-28fc-4383-b1a0-617845025f41@group-3075FEAC11D2: set configuration 0: peers:[d25dc3b0-28fc-4383-b1a0-617845025f41|10.1.0.33:15032]|listeners:[], old=null
2024-02-22 20:33:45,539 [d25dc3b0-28fc-4383-b1a0-617845025f41@group-3075FEAC11D2-SegmentedRaftLogWorker] INFO  segmented.BufferedWriteChannel (BufferedWriteChannel.java:open(62)) - open log_inprogress_0 at position 0
2024-02-22 20:33:45,541 [c30fedce-f286-40e0-881d-3d5a9a6e2463@group-EA994A47DE23-LeaderElection16] INFO  impl.LeaderElection (LeaderElection.java:askForVotes(321)) - c30fedce-f286-40e0-881d-3d5a9a6e2463@group-EA994A47DE23-LeaderElection16 PRE_VOTE round 0: submit vote requests at term 0 for -1: peers:[c30fedce-f286-40e0-881d-3d5a9a6e2463|10.1.0.33:15068]|listeners:[], old=null
2024-02-22 20:33:45,541 [c30fedce-f286-40e0-881d-3d5a9a6e2463@group-EA994A47DE23-LeaderElection16] INFO  impl.LeaderElection (LeaderElection.java:askForVotes(323)) - c30fedce-f286-40e0-881d-3d5a9a6e2463@group-EA994A47DE23-LeaderElection16 PRE_VOTE round 0: result PASSED (term=0)
2024-02-22 20:33:45,543 [c30fedce-f286-40e0-881d-3d5a9a6e2463@group-EA994A47DE23-LeaderElection16] INFO  impl.LeaderElection (LeaderElection.java:askForVotes(321)) - c30fedce-f286-40e0-881d-3d5a9a6e2463@group-EA994A47DE23-LeaderElection16 ELECTION round 0: submit vote requests at term 1 for -1: peers:[c30fedce-f286-40e0-881d-3d5a9a6e2463|10.1.0.33:15068]|listeners:[], old=null
2024-02-22 20:33:45,543 [c30fedce-f286-40e0-881d-3d5a9a6e2463@group-EA994A47DE23-LeaderElection16] INFO  impl.LeaderElection (LeaderElection.java:askForVotes(323)) - c30fedce-f286-40e0-881d-3d5a9a6e2463@group-EA994A47DE23-LeaderElection16 ELECTION round 0: result PASSED (term=1)
2024-02-22 20:33:45,543 [c30fedce-f286-40e0-881d-3d5a9a6e2463@group-EA994A47DE23-LeaderElection16] INFO  impl.RoleInfo (RoleInfo.java:shutdownLeaderElection(130)) - c30fedce-f286-40e0-881d-3d5a9a6e2463: shutdown c30fedce-f286-40e0-881d-3d5a9a6e2463@group-EA994A47DE23-LeaderElection16
2024-02-22 20:33:45,543 [c30fedce-f286-40e0-881d-3d5a9a6e2463@group-EA994A47DE23-LeaderElection16] INFO  server.RaftServer$Division (RaftServerImpl.java:setRole(383)) - c30fedce-f286-40e0-881d-3d5a9a6e2463@group-EA994A47DE23: changes role from CANDIDATE to LEADER at term 1 for changeToLeader
2024-02-22 20:33:45,544 [c30fedce-f286-40e0-881d-3d5a9a6e2463@group-EA994A47DE23-LeaderElection16] INFO  server.RaftServerConfigKeys (ConfUtils.java:logGet(46)) - raft.server.staging.catchup.gap = 1000 (default)
2024-02-22 20:33:45,544 [c30fedce-f286-40e0-881d-3d5a9a6e2463@group-EA994A47DE23-LeaderElection16] INFO  server.RaftServerConfigKeys (ConfUtils.java:logGet(46)) - raft.server.write.element-limit = 1024 (custom)
2024-02-22 20:33:45,544 [c30fedce-f286-40e0-881d-3d5a9a6e2463@group-EA994A47DE23-LeaderElection16] INFO  server.RaftServerConfigKeys (ConfUtils.java:logGet(46)) - raft.server.write.byte-limit = 1024 M (=1073741824) (custom)
2024-02-22 20:33:45,544 [c30fedce-f286-40e0-881d-3d5a9a6e2463@group-EA994A47DE23-LeaderElection16] INFO  server.RaftServerConfigKeys (ConfUtils.java:logGet(46)) - raft.server.watch.timeout = 180s (custom)
2024-02-22 20:33:45,544 [c30fedce-f286-40e0-881d-3d5a9a6e2463@group-EA994A47DE23-LeaderElection16] INFO  server.RaftServerConfigKeys (ConfUtils.java:logGet(46)) - raft.server.watch.timeout.denomination = 1s (default)
2024-02-22 20:33:45,545 [c30fedce-f286-40e0-881d-3d5a9a6e2463@group-EA994A47DE23-LeaderElection16] INFO  server.RaftServerConfigKeys (ConfUtils.java:logGet(46)) - raft.server.watch.element-limit = 65536 (default)
2024-02-22 20:33:45,545 [c30fedce-f286-40e0-881d-3d5a9a6e2463@group-EA994A47DE23-LeaderElection16] INFO  server.RaftServerConfigKeys (ConfUtils.java:logGet(46)) - raft.server.read.leader.lease.enabled = false (default)
2024-02-22 20:33:45,545 [c30fedce-f286-40e0-881d-3d5a9a6e2463@group-EA994A47DE23-LeaderElection16] INFO  server.RaftServerConfigKeys (ConfUtils.java:logGet(46)) - raft.server.read.leader.lease.timeout.ratio = 0.9 (default)
2024-02-22 20:33:45,545 [c30fedce-f286-40e0-881d-3d5a9a6e2463@group-EA994A47DE23-LeaderElection16] INFO  server.RaftServerConfigKeys (ConfUtils.java:logGet(46)) - raft.server.rpc.timeout.min = 5s (custom)
2024-02-22 20:33:45,545 [c30fedce-f286-40e0-881d-3d5a9a6e2463@group-EA994A47DE23-LeaderElection16] INFO  server.RaftServerConfigKeys (ConfUtils.java:logGet(46)) - raft.server.write.element-limit = 1024 (custom)
2024-02-22 20:33:45,545 [c30fedce-f286-40e0-881d-3d5a9a6e2463@group-EA994A47DE23-LeaderElection16] INFO  server.RaftServerConfigKeys (ConfUtils.java:logGet(46)) - raft.server.write.follower.gap.ratio.max = -1.0 (default)
2024-02-22 20:33:45,545 [c30fedce-f286-40e0-881d-3d5a9a6e2463@group-EA994A47DE23-LeaderElection16] INFO  impl.RoleInfo (RoleInfo.java:updateAndGet(139)) - c30fedce-f286-40e0-881d-3d5a9a6e2463: start c30fedce-f286-40e0-881d-3d5a9a6e2463@group-EA994A47DE23-LeaderStateImpl
2024-02-22 20:33:45,546 [c30fedce-f286-40e0-881d-3d5a9a6e2463@group-EA994A47DE23-LeaderElection16] INFO  server.RaftServer$Division (RaftServerImpl.java:setFirstElection(574)) - c30fedce-f286-40e0-881d-3d5a9a6e2463@group-EA994A47DE23: set firstElectionSinceStartup to false for becomeLeader
2024-02-22 20:33:45,546 [c30fedce-f286-40e0-881d-3d5a9a6e2463@group-EA994A47DE23-LeaderElection16] INFO  ratis.XceiverServerRatis (XceiverServerRatis.java:handleLeaderChangedNotification(966)) - Leader change notification received for group: group-EA994A47DE23 with new leaderId: c30fedce-f286-40e0-881d-3d5a9a6e2463
2024-02-22 20:33:45,546 [c30fedce-f286-40e0-881d-3d5a9a6e2463@group-EA994A47DE23-LeaderElection16] INFO  server.RaftServer$Division (ServerState.java:setLeader(269)) - c30fedce-f286-40e0-881d-3d5a9a6e2463@group-EA994A47DE23: change Leader from null to c30fedce-f286-40e0-881d-3d5a9a6e2463 at term 1 for becomeLeader, leader elected after 5314ms
2024-02-22 20:33:45,546 [c30fedce-f286-40e0-881d-3d5a9a6e2463@group-EA994A47DE23-LeaderElection16] INFO  segmented.SegmentedRaftLogWorker (SegmentedRaftLogWorker.java:startLogSegment(430)) - c30fedce-f286-40e0-881d-3d5a9a6e2463@group-EA994A47DE23-SegmentedRaftLogWorker: Starting segment from index:0
2024-02-22 20:33:45,547 [c30fedce-f286-40e0-881d-3d5a9a6e2463@group-EA994A47DE23-SegmentedRaftLogWorker] INFO  segmented.BufferedWriteChannel (BufferedWriteChannel.java:open(62)) - open log_inprogress_0 at position 0
2024-02-22 20:33:45,547 [923be64f-71f4-4891-b05d-82ff5a9df5b5@group-26EAFC745620-FollowerState] INFO  impl.FollowerState (FollowerState.java:run(143)) - 923be64f-71f4-4891-b05d-82ff5a9df5b5@group-26EAFC745620-FollowerState: change to CANDIDATE, lastRpcElapsedTime:5016764353ns, electionTimeout:5007ms
2024-02-22 20:33:45,548 [923be64f-71f4-4891-b05d-82ff5a9df5b5@group-26EAFC745620-FollowerState] INFO  impl.RoleInfo (RoleInfo.java:shutdownFollowerState(110)) - 923be64f-71f4-4891-b05d-82ff5a9df5b5: shutdown 923be64f-71f4-4891-b05d-82ff5a9df5b5@group-26EAFC745620-FollowerState
2024-02-22 20:33:45,548 [923be64f-71f4-4891-b05d-82ff5a9df5b5@group-26EAFC745620-FollowerState] INFO  server.RaftServer$Division (RaftServerImpl.java:setRole(383)) - 923be64f-71f4-4891-b05d-82ff5a9df5b5@group-26EAFC745620: changes role from  FOLLOWER to CANDIDATE at term 0 for changeToCandidate
2024-02-22 20:33:45,548 [923be64f-71f4-4891-b05d-82ff5a9df5b5@group-26EAFC745620-FollowerState] INFO  server.RaftServerConfigKeys (ConfUtils.java:logGet(46)) - raft.server.leaderelection.pre-vote = true (default)
2024-02-22 20:33:45,548 [923be64f-71f4-4891-b05d-82ff5a9df5b5@group-26EAFC745620-FollowerState] INFO  impl.RoleInfo (RoleInfo.java:updateAndGet(139)) - 923be64f-71f4-4891-b05d-82ff5a9df5b5: start 923be64f-71f4-4891-b05d-82ff5a9df5b5@group-26EAFC745620-LeaderElection17
2024-02-22 20:33:45,548 [d25dc3b0-28fc-4383-b1a0-617845025f41@group-3075FEAC11D2-SegmentedRaftLogWorker] INFO  segmented.SegmentedRaftLogWorker (SegmentedRaftLogWorker.java:execute(634)) - d25dc3b0-28fc-4383-b1a0-617845025f41@group-3075FEAC11D2-SegmentedRaftLogWorker: created new log segment /home/runner/work/ozone/ozone/hadoop-ozone/integration-test/target/test-dir/MiniOzoneClusterImpl-a0fc024b-a492-45a5-9697-b0d14f72cb5c/datanode-2/data/ratis/a7366094-685d-4073-9d9e-3075feac11d2/current/log_inprogress_0
2024-02-22 20:33:45,553 [c30fedce-f286-40e0-881d-3d5a9a6e2463@group-EA994A47DE23-LeaderElection16] INFO  server.RaftServer$Division (ServerState.java:setRaftConf(386)) - c30fedce-f286-40e0-881d-3d5a9a6e2463@group-EA994A47DE23: set configuration 0: peers:[c30fedce-f286-40e0-881d-3d5a9a6e2463|10.1.0.33:15068]|listeners:[], old=null
2024-02-22 20:33:45,555 [923be64f-71f4-4891-b05d-82ff5a9df5b5@group-26EAFC745620-LeaderElection17] INFO  impl.LeaderElection (LeaderElection.java:askForVotes(321)) - 923be64f-71f4-4891-b05d-82ff5a9df5b5@group-26EAFC745620-LeaderElection17 PRE_VOTE round 0: submit vote requests at term 0 for -1: peers:[923be64f-71f4-4891-b05d-82ff5a9df5b5|10.1.0.33:15023]|listeners:[], old=null
2024-02-22 20:33:45,555 [923be64f-71f4-4891-b05d-82ff5a9df5b5@group-26EAFC745620-LeaderElection17] INFO  impl.LeaderElection (LeaderElection.java:askForVotes(323)) - 923be64f-71f4-4891-b05d-82ff5a9df5b5@group-26EAFC745620-LeaderElection17 PRE_VOTE round 0: result PASSED (term=0)
2024-02-22 20:33:45,556 [c30fedce-f286-40e0-881d-3d5a9a6e2463@group-EA994A47DE23-SegmentedRaftLogWorker] INFO  segmented.SegmentedRaftLogWorker (SegmentedRaftLogWorker.java:execute(634)) - c30fedce-f286-40e0-881d-3d5a9a6e2463@group-EA994A47DE23-SegmentedRaftLogWorker: created new log segment /home/runner/work/ozone/ozone/hadoop-ozone/integration-test/target/test-dir/MiniOzoneClusterImpl-a0fc024b-a492-45a5-9697-b0d14f72cb5c/datanode-6/data/ratis/16bbfbff-f11d-450e-97a4-ea994a47de23/current/log_inprogress_0
2024-02-22 20:33:45,556 [d25dc3b0-28fc-4383-b1a0-617845025f41@group-3075FEAC11D2-StateMachineUpdater] INFO  server.RaftServer$Division (LeaderStateImpl.java:isApplied(320)) - leader is ready since appliedIndex == 0 >= startIndex == 0
2024-02-22 20:33:45,557 [923be64f-71f4-4891-b05d-82ff5a9df5b5@group-26EAFC745620-LeaderElection17] INFO  impl.LeaderElection (LeaderElection.java:askForVotes(321)) - 923be64f-71f4-4891-b05d-82ff5a9df5b5@group-26EAFC745620-LeaderElection17 ELECTION round 0: submit vote requests at term 1 for -1: peers:[923be64f-71f4-4891-b05d-82ff5a9df5b5|10.1.0.33:15023]|listeners:[], old=null
2024-02-22 20:33:45,557 [923be64f-71f4-4891-b05d-82ff5a9df5b5@group-26EAFC745620-LeaderElection17] INFO  impl.LeaderElection (LeaderElection.java:askForVotes(323)) - 923be64f-71f4-4891-b05d-82ff5a9df5b5@group-26EAFC745620-LeaderElection17 ELECTION round 0: result PASSED (term=1)
2024-02-22 20:33:45,558 [923be64f-71f4-4891-b05d-82ff5a9df5b5@group-26EAFC745620-LeaderElection17] INFO  impl.RoleInfo (RoleInfo.java:shutdownLeaderElection(130)) - 923be64f-71f4-4891-b05d-82ff5a9df5b5: shutdown 923be64f-71f4-4891-b05d-82ff5a9df5b5@group-26EAFC745620-LeaderElection17
2024-02-22 20:33:45,560 [923be64f-71f4-4891-b05d-82ff5a9df5b5@group-26EAFC745620-LeaderElection17] INFO  server.RaftServer$Division (RaftServerImpl.java:setRole(383)) - 923be64f-71f4-4891-b05d-82ff5a9df5b5@group-26EAFC745620: changes role from CANDIDATE to LEADER at term 1 for changeToLeader
2024-02-22 20:33:45,560 [923be64f-71f4-4891-b05d-82ff5a9df5b5@group-26EAFC745620-LeaderElection17] INFO  server.RaftServerConfigKeys (ConfUtils.java:logGet(46)) - raft.server.staging.catchup.gap = 1000 (default)
2024-02-22 20:33:45,561 [923be64f-71f4-4891-b05d-82ff5a9df5b5@group-26EAFC745620-LeaderElection17] INFO  server.RaftServerConfigKeys (ConfUtils.java:logGet(46)) - raft.server.write.element-limit = 1024 (custom)
2024-02-22 20:33:45,561 [c30fedce-f286-40e0-881d-3d5a9a6e2463@group-EA994A47DE23-StateMachineUpdater] INFO  server.RaftServer$Division (LeaderStateImpl.java:isApplied(320)) - leader is ready since appliedIndex == 0 >= startIndex == 0
2024-02-22 20:33:45,561 [923be64f-71f4-4891-b05d-82ff5a9df5b5@group-26EAFC745620-LeaderElection17] INFO  server.RaftServerConfigKeys (ConfUtils.java:logGet(46)) - raft.server.write.byte-limit = 1024 M (=1073741824) (custom)
2024-02-22 20:33:45,571 [923be64f-71f4-4891-b05d-82ff5a9df5b5@group-26EAFC745620-LeaderElection17] INFO  server.RaftServerConfigKeys (ConfUtils.java:logGet(46)) - raft.server.watch.timeout = 180s (custom)
2024-02-22 20:33:45,571 [923be64f-71f4-4891-b05d-82ff5a9df5b5@group-26EAFC745620-LeaderElection17] INFO  server.RaftServerConfigKeys (ConfUtils.java:logGet(46)) - raft.server.watch.timeout.denomination = 1s (default)
2024-02-22 20:33:45,571 [923be64f-71f4-4891-b05d-82ff5a9df5b5@group-26EAFC745620-LeaderElection17] INFO  server.RaftServerConfigKeys (ConfUtils.java:logGet(46)) - raft.server.watch.element-limit = 65536 (default)
2024-02-22 20:33:45,572 [923be64f-71f4-4891-b05d-82ff5a9df5b5@group-26EAFC745620-LeaderElection17] INFO  server.RaftServerConfigKeys (ConfUtils.java:logGet(46)) - raft.server.read.leader.lease.enabled = false (default)
2024-02-22 20:33:45,572 [923be64f-71f4-4891-b05d-82ff5a9df5b5@group-26EAFC745620-LeaderElection17] INFO  server.RaftServerConfigKeys (ConfUtils.java:logGet(46)) - raft.server.read.leader.lease.timeout.ratio = 0.9 (default)
2024-02-22 20:33:45,572 [923be64f-71f4-4891-b05d-82ff5a9df5b5@group-26EAFC745620-LeaderElection17] INFO  server.RaftServerConfigKeys (ConfUtils.java:logGet(46)) - raft.server.rpc.timeout.min = 5s (custom)
2024-02-22 20:33:45,573 [923be64f-71f4-4891-b05d-82ff5a9df5b5@group-26EAFC745620-LeaderElection17] INFO  server.RaftServerConfigKeys (ConfUtils.java:logGet(46)) - raft.server.write.element-limit = 1024 (custom)
2024-02-22 20:33:45,573 [923be64f-71f4-4891-b05d-82ff5a9df5b5@group-26EAFC745620-LeaderElection17] INFO  server.RaftServerConfigKeys (ConfUtils.java:logGet(46)) - raft.server.write.follower.gap.ratio.max = -1.0 (default)
2024-02-22 20:33:45,573 [923be64f-71f4-4891-b05d-82ff5a9df5b5@group-26EAFC745620-LeaderElection17] INFO  impl.RoleInfo (RoleInfo.java:updateAndGet(139)) - 923be64f-71f4-4891-b05d-82ff5a9df5b5: start 923be64f-71f4-4891-b05d-82ff5a9df5b5@group-26EAFC745620-LeaderStateImpl
2024-02-22 20:33:45,573 [923be64f-71f4-4891-b05d-82ff5a9df5b5@group-26EAFC745620-LeaderElection17] INFO  server.RaftServer$Division (RaftServerImpl.java:setFirstElection(574)) - 923be64f-71f4-4891-b05d-82ff5a9df5b5@group-26EAFC745620: set firstElectionSinceStartup to false for becomeLeader
2024-02-22 20:33:45,574 [923be64f-71f4-4891-b05d-82ff5a9df5b5@group-26EAFC745620-LeaderElection17] INFO  ratis.XceiverServerRatis (XceiverServerRatis.java:handleLeaderChangedNotification(966)) - Leader change notification received for group: group-26EAFC745620 with new leaderId: 923be64f-71f4-4891-b05d-82ff5a9df5b5
2024-02-22 20:33:45,574 [923be64f-71f4-4891-b05d-82ff5a9df5b5@group-26EAFC745620-LeaderElection17] INFO  server.RaftServer$Division (ServerState.java:setLeader(269)) - 923be64f-71f4-4891-b05d-82ff5a9df5b5@group-26EAFC745620: change Leader from null to 923be64f-71f4-4891-b05d-82ff5a9df5b5 at term 1 for becomeLeader, leader elected after 5270ms
2024-02-22 20:33:45,576 [923be64f-71f4-4891-b05d-82ff5a9df5b5@group-26EAFC745620-LeaderElection17] INFO  segmented.SegmentedRaftLogWorker (SegmentedRaftLogWorker.java:startLogSegment(430)) - 923be64f-71f4-4891-b05d-82ff5a9df5b5@group-26EAFC745620-SegmentedRaftLogWorker: Starting segment from index:0
2024-02-22 20:33:45,582 [923be64f-71f4-4891-b05d-82ff5a9df5b5@group-26EAFC745620-SegmentedRaftLogWorker] INFO  segmented.BufferedWriteChannel (BufferedWriteChannel.java:open(62)) - open log_inprogress_0 at position 0
2024-02-22 20:33:45,588 [923be64f-71f4-4891-b05d-82ff5a9df5b5@group-26EAFC745620-LeaderElection17] INFO  server.RaftServer$Division (ServerState.java:setRaftConf(386)) - 923be64f-71f4-4891-b05d-82ff5a9df5b5@group-26EAFC745620: set configuration 0: peers:[923be64f-71f4-4891-b05d-82ff5a9df5b5|10.1.0.33:15023]|listeners:[], old=null
2024-02-22 20:33:45,594 [923be64f-71f4-4891-b05d-82ff5a9df5b5@group-26EAFC745620-SegmentedRaftLogWorker] INFO  segmented.SegmentedRaftLogWorker (SegmentedRaftLogWorker.java:execute(634)) - 923be64f-71f4-4891-b05d-82ff5a9df5b5@group-26EAFC745620-SegmentedRaftLogWorker: created new log segment /home/runner/work/ozone/ozone/hadoop-ozone/integration-test/target/test-dir/MiniOzoneClusterImpl-a0fc024b-a492-45a5-9697-b0d14f72cb5c/datanode-1/data/ratis/90e41e33-6449-465e-944d-26eafc745620/current/log_inprogress_0
2024-02-22 20:33:45,596 [923be64f-71f4-4891-b05d-82ff5a9df5b5@group-26EAFC745620-StateMachineUpdater] INFO  server.RaftServer$Division (LeaderStateImpl.java:isApplied(320)) - leader is ready since appliedIndex == 0 >= startIndex == 0
2024-02-22 20:33:45,599 [4e8f68d6-fd98-4f77-87e3-715939181693@group-89543CF42D33-FollowerState] INFO  impl.FollowerState (FollowerState.java:run(143)) - 4e8f68d6-fd98-4f77-87e3-715939181693@group-89543CF42D33-FollowerState: change to CANDIDATE, lastRpcElapsedTime:5160244881ns, electionTimeout:5154ms
2024-02-22 20:33:45,599 [4e8f68d6-fd98-4f77-87e3-715939181693@group-89543CF42D33-FollowerState] INFO  impl.RoleInfo (RoleInfo.java:shutdownFollowerState(110)) - 4e8f68d6-fd98-4f77-87e3-715939181693: shutdown 4e8f68d6-fd98-4f77-87e3-715939181693@group-89543CF42D33-FollowerState
2024-02-22 20:33:45,599 [4e8f68d6-fd98-4f77-87e3-715939181693@group-89543CF42D33-FollowerState] INFO  server.RaftServer$Division (RaftServerImpl.java:setRole(383)) - 4e8f68d6-fd98-4f77-87e3-715939181693@group-89543CF42D33: changes role from  FOLLOWER to CANDIDATE at term 0 for changeToCandidate
2024-02-22 20:33:45,599 [4e8f68d6-fd98-4f77-87e3-715939181693@group-89543CF42D33-FollowerState] INFO  server.RaftServerConfigKeys (ConfUtils.java:logGet(46)) - raft.server.leaderelection.pre-vote = true (default)
2024-02-22 20:33:45,599 [4e8f68d6-fd98-4f77-87e3-715939181693@group-89543CF42D33-FollowerState] INFO  impl.RoleInfo (RoleInfo.java:updateAndGet(139)) - 4e8f68d6-fd98-4f77-87e3-715939181693: start 4e8f68d6-fd98-4f77-87e3-715939181693@group-89543CF42D33-LeaderElection18
2024-02-22 20:33:45,601 [4e8f68d6-fd98-4f77-87e3-715939181693@group-89543CF42D33-LeaderElection18] INFO  impl.LeaderElection (LeaderElection.java:askForVotes(321)) - 4e8f68d6-fd98-4f77-87e3-715939181693@group-89543CF42D33-LeaderElection18 PRE_VOTE round 0: submit vote requests at term 0 for -1: peers:[86ab988c-fa9c-425d-a1c6-9004ff7fd93d|10.1.0.33:15059, 4e8f68d6-fd98-4f77-87e3-715939181693|10.1.0.33:15041, dc26353c-d48a-467d-89cd-3a7c4b626396|10.1.0.33:15050]|listeners:[], old=null
2024-02-22 20:33:45,601 [4e8f68d6-fd98-4f77-87e3-715939181693@group-89543CF42D33-LeaderElection18] INFO  server.RaftServerConfigKeys (ConfUtils.java:logFallback(53)) - raft.server.rpc.first-election.timeout.min = 5s (fallback to raft.server.rpc.timeout.min)
2024-02-22 20:33:45,601 [4e8f68d6-fd98-4f77-87e3-715939181693@group-89543CF42D33-LeaderElection18] INFO  server.RaftServerConfigKeys (ConfUtils.java:logFallback(53)) - raft.server.rpc.first-election.timeout.max = 5200ms (fallback to raft.server.rpc.timeout.max)
2024-02-22 20:33:45,603 [grpc-default-executor-1] INFO  server.RaftServer$Division (RaftServerImpl.java:requestVote(1389)) - dc26353c-d48a-467d-89cd-3a7c4b626396@group-89543CF42D33: receive requestVote(PRE_VOTE, 4e8f68d6-fd98-4f77-87e3-715939181693, group-89543CF42D33, 0, (t:0, i:0))
2024-02-22 20:33:45,603 [grpc-default-executor-1] INFO  impl.VoteContext (VoteContext.java:log(49)) - dc26353c-d48a-467d-89cd-3a7c4b626396@group-89543CF42D33-FOLLOWER: accept PRE_VOTE from 4e8f68d6-fd98-4f77-87e3-715939181693: our priority 0 <= candidate's priority 1
2024-02-22 20:33:45,603 [grpc-default-executor-1] INFO  server.RaftServer$Division (RaftServerImpl.java:requestVote(1422)) - dc26353c-d48a-467d-89cd-3a7c4b626396@group-89543CF42D33 replies to PRE_VOTE vote request: 4e8f68d6-fd98-4f77-87e3-715939181693<-dc26353c-d48a-467d-89cd-3a7c4b626396#0:OK-t0. Peer's state: dc26353c-d48a-467d-89cd-3a7c4b626396@group-89543CF42D33:t0, leader=null, voted=, raftlog=Memoized:dc26353c-d48a-467d-89cd-3a7c4b626396@group-89543CF42D33-SegmentedRaftLog:OPENED:c-1, conf=-1: peers:[86ab988c-fa9c-425d-a1c6-9004ff7fd93d|10.1.0.33:15059, 4e8f68d6-fd98-4f77-87e3-715939181693|10.1.0.33:15041, dc26353c-d48a-467d-89cd-3a7c4b626396|10.1.0.33:15050]|listeners:[], old=null
2024-02-22 20:33:45,603 [grpc-default-executor-2] INFO  server.RaftServer$Division (RaftServerImpl.java:requestVote(1389)) - 86ab988c-fa9c-425d-a1c6-9004ff7fd93d@group-89543CF42D33: receive requestVote(PRE_VOTE, 4e8f68d6-fd98-4f77-87e3-715939181693, group-89543CF42D33, 0, (t:0, i:0))
2024-02-22 20:33:45,603 [grpc-default-executor-2] INFO  impl.VoteContext (VoteContext.java:log(49)) - 86ab988c-fa9c-425d-a1c6-9004ff7fd93d@group-89543CF42D33-FOLLOWER: accept PRE_VOTE from 4e8f68d6-fd98-4f77-87e3-715939181693: our priority 0 <= candidate's priority 1
2024-02-22 20:33:45,603 [grpc-default-executor-2] INFO  server.RaftServer$Division (RaftServerImpl.java:requestVote(1422)) - 86ab988c-fa9c-425d-a1c6-9004ff7fd93d@group-89543CF42D33 replies to PRE_VOTE vote request: 4e8f68d6-fd98-4f77-87e3-715939181693<-86ab988c-fa9c-425d-a1c6-9004ff7fd93d#0:OK-t0. Peer's state: 86ab988c-fa9c-425d-a1c6-9004ff7fd93d@group-89543CF42D33:t0, leader=null, voted=, raftlog=Memoized:86ab988c-fa9c-425d-a1c6-9004ff7fd93d@group-89543CF42D33-SegmentedRaftLog:OPENED:c-1, conf=-1: peers:[86ab988c-fa9c-425d-a1c6-9004ff7fd93d|10.1.0.33:15059, 4e8f68d6-fd98-4f77-87e3-715939181693|10.1.0.33:15041, dc26353c-d48a-467d-89cd-3a7c4b626396|10.1.0.33:15050]|listeners:[], old=null
2024-02-22 20:33:45,605 [4e8f68d6-fd98-4f77-87e3-715939181693@group-89543CF42D33-LeaderElection18] INFO  impl.LeaderElection (LeaderElection.java:logAndReturn(89)) - 4e8f68d6-fd98-4f77-87e3-715939181693@group-89543CF42D33-LeaderElection18: PRE_VOTE PASSED received 1 response(s) and 0 exception(s):
2024-02-22 20:33:45,605 [4e8f68d6-fd98-4f77-87e3-715939181693@group-89543CF42D33-LeaderElection18] INFO  impl.LeaderElection (LeaderElection.java:logAndReturn(93)) -   Response 0: 4e8f68d6-fd98-4f77-87e3-715939181693<-dc26353c-d48a-467d-89cd-3a7c4b626396#0:OK-t0
2024-02-22 20:33:45,605 [4e8f68d6-fd98-4f77-87e3-715939181693@group-89543CF42D33-LeaderElection18] INFO  impl.LeaderElection (LeaderElection.java:askForVotes(323)) - 4e8f68d6-fd98-4f77-87e3-715939181693@group-89543CF42D33-LeaderElection18 PRE_VOTE round 0: result PASSED
2024-02-22 20:33:45,608 [4e8f68d6-fd98-4f77-87e3-715939181693@group-89543CF42D33-LeaderElection18] INFO  impl.LeaderElection (LeaderElection.java:askForVotes(321)) - 4e8f68d6-fd98-4f77-87e3-715939181693@group-89543CF42D33-LeaderElection18 ELECTION round 0: submit vote requests at term 1 for -1: peers:[86ab988c-fa9c-425d-a1c6-9004ff7fd93d|10.1.0.33:15059, 4e8f68d6-fd98-4f77-87e3-715939181693|10.1.0.33:15041, dc26353c-d48a-467d-89cd-3a7c4b626396|10.1.0.33:15050]|listeners:[], old=null
2024-02-22 20:33:45,609 [4e8f68d6-fd98-4f77-87e3-715939181693@group-89543CF42D33-LeaderElection18] INFO  server.RaftServerConfigKeys (ConfUtils.java:logFallback(53)) - raft.server.rpc.first-election.timeout.min = 5s (fallback to raft.server.rpc.timeout.min)
2024-02-22 20:33:45,609 [4e8f68d6-fd98-4f77-87e3-715939181693@group-89543CF42D33-LeaderElection18] INFO  server.RaftServerConfigKeys (ConfUtils.java:logFallback(53)) - raft.server.rpc.first-election.timeout.max = 5200ms (fallback to raft.server.rpc.timeout.max)
2024-02-22 20:33:45,610 [grpc-default-executor-2] INFO  server.RaftServer$Division (RaftServerImpl.java:requestVote(1389)) - dc26353c-d48a-467d-89cd-3a7c4b626396@group-89543CF42D33: receive requestVote(ELECTION, 4e8f68d6-fd98-4f77-87e3-715939181693, group-89543CF42D33, 1, (t:0, i:0))
2024-02-22 20:33:45,610 [grpc-default-executor-1] INFO  server.RaftServer$Division (RaftServerImpl.java:requestVote(1389)) - 86ab988c-fa9c-425d-a1c6-9004ff7fd93d@group-89543CF42D33: receive requestVote(ELECTION, 4e8f68d6-fd98-4f77-87e3-715939181693, group-89543CF42D33, 1, (t:0, i:0))
2024-02-22 20:33:45,611 [grpc-default-executor-2] INFO  impl.VoteContext (VoteContext.java:log(49)) - dc26353c-d48a-467d-89cd-3a7c4b626396@group-89543CF42D33-FOLLOWER: accept ELECTION from 4e8f68d6-fd98-4f77-87e3-715939181693: our priority 0 <= candidate's priority 1
2024-02-22 20:33:45,611 [grpc-default-executor-1] INFO  impl.VoteContext (VoteContext.java:log(49)) - 86ab988c-fa9c-425d-a1c6-9004ff7fd93d@group-89543CF42D33-FOLLOWER: accept ELECTION from 4e8f68d6-fd98-4f77-87e3-715939181693: our priority 0 <= candidate's priority 1
2024-02-22 20:33:45,611 [grpc-default-executor-2] INFO  server.RaftServer$Division (RaftServerImpl.java:setRole(383)) - dc26353c-d48a-467d-89cd-3a7c4b626396@group-89543CF42D33: changes role from  FOLLOWER to FOLLOWER at term 1 for candidate:4e8f68d6-fd98-4f77-87e3-715939181693
2024-02-22 20:33:45,611 [grpc-default-executor-2] INFO  impl.RoleInfo (RoleInfo.java:shutdownFollowerState(110)) - dc26353c-d48a-467d-89cd-3a7c4b626396: shutdown dc26353c-d48a-467d-89cd-3a7c4b626396@group-89543CF42D33-FollowerState
2024-02-22 20:33:45,611 [grpc-default-executor-1] INFO  server.RaftServer$Division (RaftServerImpl.java:setRole(383)) - 86ab988c-fa9c-425d-a1c6-9004ff7fd93d@group-89543CF42D33: changes role from  FOLLOWER to FOLLOWER at term 1 for candidate:4e8f68d6-fd98-4f77-87e3-715939181693
2024-02-22 20:33:45,611 [grpc-default-executor-1] INFO  impl.RoleInfo (RoleInfo.java:shutdownFollowerState(110)) - 86ab988c-fa9c-425d-a1c6-9004ff7fd93d: shutdown 86ab988c-fa9c-425d-a1c6-9004ff7fd93d@group-89543CF42D33-FollowerState
2024-02-22 20:33:45,611 [grpc-default-executor-2] INFO  impl.RoleInfo (RoleInfo.java:updateAndGet(139)) - dc26353c-d48a-467d-89cd-3a7c4b626396: start dc26353c-d48a-467d-89cd-3a7c4b626396@group-89543CF42D33-FollowerState
2024-02-22 20:33:45,611 [86ab988c-fa9c-425d-a1c6-9004ff7fd93d@group-89543CF42D33-FollowerState] INFO  impl.FollowerState (FollowerState.java:run(152)) - 86ab988c-fa9c-425d-a1c6-9004ff7fd93d@group-89543CF42D33-FollowerState was interrupted
2024-02-22 20:33:45,611 [grpc-default-executor-2] INFO  server.RaftServer$Division (RaftServerImpl.java:setFirstElection(574)) - dc26353c-d48a-467d-89cd-3a7c4b626396@group-89543CF42D33: set firstElectionSinceStartup to false for candidate:4e8f68d6-fd98-4f77-87e3-715939181693
2024-02-22 20:33:45,611 [dc26353c-d48a-467d-89cd-3a7c4b626396@group-89543CF42D33-FollowerState] INFO  impl.FollowerState (FollowerState.java:run(152)) - dc26353c-d48a-467d-89cd-3a7c4b626396@group-89543CF42D33-FollowerState was interrupted
2024-02-22 20:33:45,611 [grpc-default-executor-1] INFO  impl.RoleInfo (RoleInfo.java:updateAndGet(139)) - 86ab988c-fa9c-425d-a1c6-9004ff7fd93d: start 86ab988c-fa9c-425d-a1c6-9004ff7fd93d@group-89543CF42D33-FollowerState
2024-02-22 20:33:45,612 [grpc-default-executor-2] INFO  server.RaftServer$Division (RaftServerImpl.java:requestVote(1422)) - dc26353c-d48a-467d-89cd-3a7c4b626396@group-89543CF42D33 replies to ELECTION vote request: 4e8f68d6-fd98-4f77-87e3-715939181693<-dc26353c-d48a-467d-89cd-3a7c4b626396#0:OK-t1. Peer's state: dc26353c-d48a-467d-89cd-3a7c4b626396@group-89543CF42D33:t1, leader=null, voted=4e8f68d6-fd98-4f77-87e3-715939181693, raftlog=Memoized:dc26353c-d48a-467d-89cd-3a7c4b626396@group-89543CF42D33-SegmentedRaftLog:OPENED:c-1, conf=-1: peers:[86ab988c-fa9c-425d-a1c6-9004ff7fd93d|10.1.0.33:15059, 4e8f68d6-fd98-4f77-87e3-715939181693|10.1.0.33:15041, dc26353c-d48a-467d-89cd-3a7c4b626396|10.1.0.33:15050]|listeners:[], old=null
2024-02-22 20:33:45,618 [grpc-default-executor-1] INFO  server.RaftServer$Division (RaftServerImpl.java:requestVote(1422)) - 86ab988c-fa9c-425d-a1c6-9004ff7fd93d@group-89543CF42D33 replies to ELECTION vote request: 4e8f68d6-fd98-4f77-87e3-715939181693<-86ab988c-fa9c-425d-a1c6-9004ff7fd93d#0:OK-t1. Peer's state: 86ab988c-fa9c-425d-a1c6-9004ff7fd93d@group-89543CF42D33:t1, leader=null, voted=4e8f68d6-fd98-4f77-87e3-715939181693, raftlog=Memoized:86ab988c-fa9c-425d-a1c6-9004ff7fd93d@group-89543CF42D33-SegmentedRaftLog:OPENED:c-1, conf=-1: peers:[86ab988c-fa9c-425d-a1c6-9004ff7fd93d|10.1.0.33:15059, 4e8f68d6-fd98-4f77-87e3-715939181693|10.1.0.33:15041, dc26353c-d48a-467d-89cd-3a7c4b626396|10.1.0.33:15050]|listeners:[], old=null
2024-02-22 20:33:45,619 [4e8f68d6-fd98-4f77-87e3-715939181693@group-89543CF42D33-LeaderElection18] INFO  impl.LeaderElection (LeaderElection.java:logAndReturn(89)) - 4e8f68d6-fd98-4f77-87e3-715939181693@group-89543CF42D33-LeaderElection18: ELECTION PASSED received 1 response(s) and 0 exception(s):
2024-02-22 20:33:45,619 [4e8f68d6-fd98-4f77-87e3-715939181693@group-89543CF42D33-LeaderElection18] INFO  impl.LeaderElection (LeaderElection.java:logAndReturn(93)) -   Response 0: 4e8f68d6-fd98-4f77-87e3-715939181693<-dc26353c-d48a-467d-89cd-3a7c4b626396#0:OK-t1
2024-02-22 20:33:45,619 [4e8f68d6-fd98-4f77-87e3-715939181693@group-89543CF42D33-LeaderElection18] INFO  impl.LeaderElection (LeaderElection.java:askForVotes(323)) - 4e8f68d6-fd98-4f77-87e3-715939181693@group-89543CF42D33-LeaderElection18 ELECTION round 0: result PASSED
2024-02-22 20:33:45,619 [4e8f68d6-fd98-4f77-87e3-715939181693@group-89543CF42D33-LeaderElection18] INFO  impl.RoleInfo (RoleInfo.java:shutdownLeaderElection(130)) - 4e8f68d6-fd98-4f77-87e3-715939181693: shutdown 4e8f68d6-fd98-4f77-87e3-715939181693@group-89543CF42D33-LeaderElection18
2024-02-22 20:33:45,619 [4e8f68d6-fd98-4f77-87e3-715939181693@group-89543CF42D33-LeaderElection18] INFO  server.RaftServer$Division (RaftServerImpl.java:setRole(383)) - 4e8f68d6-fd98-4f77-87e3-715939181693@group-89543CF42D33: changes role from CANDIDATE to LEADER at term 1 for changeToLeader
2024-02-22 20:33:45,619 [4e8f68d6-fd98-4f77-87e3-715939181693@group-89543CF42D33-LeaderElection18] INFO  server.RaftServerConfigKeys (ConfUtils.java:logGet(46)) - raft.server.staging.catchup.gap = 1000 (default)
2024-02-22 20:33:45,619 [4e8f68d6-fd98-4f77-87e3-715939181693@group-89543CF42D33-LeaderElection18] INFO  server.RaftServerConfigKeys (ConfUtils.java:logGet(46)) - raft.server.write.element-limit = 1024 (custom)
2024-02-22 20:33:45,619 [4e8f68d6-fd98-4f77-87e3-715939181693@group-89543CF42D33-LeaderElection18] INFO  server.RaftServerConfigKeys (ConfUtils.java:logGet(46)) - raft.server.write.byte-limit = 1024 M (=1073741824) (custom)
2024-02-22 20:33:45,620 [4e8f68d6-fd98-4f77-87e3-715939181693@group-89543CF42D33-LeaderElection18] INFO  server.RaftServerConfigKeys (ConfUtils.java:logGet(46)) - raft.server.watch.timeout = 180s (custom)
2024-02-22 20:33:45,620 [4e8f68d6-fd98-4f77-87e3-715939181693@group-89543CF42D33-LeaderElection18] INFO  server.RaftServerConfigKeys (ConfUtils.java:logGet(46)) - raft.server.watch.timeout.denomination = 1s (default)
2024-02-22 20:33:45,620 [4e8f68d6-fd98-4f77-87e3-715939181693@group-89543CF42D33-LeaderElection18] INFO  server.RaftServerConfigKeys (ConfUtils.java:logGet(46)) - raft.server.watch.element-limit = 65536 (default)
2024-02-22 20:33:45,620 [4e8f68d6-fd98-4f77-87e3-715939181693@group-89543CF42D33-LeaderElection18] INFO  server.RaftServerConfigKeys (ConfUtils.java:logGet(46)) - raft.server.read.leader.lease.enabled = false (default)
2024-02-22 20:33:45,620 [4e8f68d6-fd98-4f77-87e3-715939181693@group-89543CF42D33-LeaderElection18] INFO  server.RaftServerConfigKeys (ConfUtils.java:logGet(46)) - raft.server.read.leader.lease.timeout.ratio = 0.9 (default)
2024-02-22 20:33:45,620 [4e8f68d6-fd98-4f77-87e3-715939181693@group-89543CF42D33-LeaderElection18] INFO  server.RaftServerConfigKeys (ConfUtils.java:logGet(46)) - raft.server.rpc.timeout.min = 5s (custom)
2024-02-22 20:33:45,620 [4e8f68d6-fd98-4f77-87e3-715939181693@group-89543CF42D33-LeaderElection18] INFO  server.RaftServerConfigKeys (ConfUtils.java:logGet(46)) - raft.server.write.element-limit = 1024 (custom)
2024-02-22 20:33:45,620 [4e8f68d6-fd98-4f77-87e3-715939181693@group-89543CF42D33-LeaderElection18] INFO  server.RaftServerConfigKeys (ConfUtils.java:logGet(46)) - raft.server.write.follower.gap.ratio.max = -1.0 (default)
2024-02-22 20:33:45,620 [13f92446-3b18-4d81-bc66-0f9b00220e72@group-EF19AB1BE06F-FollowerState] INFO  impl.FollowerState (FollowerState.java:run(143)) - 13f92446-3b18-4d81-bc66-0f9b00220e72@group-EF19AB1BE06F-FollowerState: change to CANDIDATE, lastRpcElapsedTime:5073269783ns, electionTimeout:5068ms
2024-02-22 20:33:45,620 [13f92446-3b18-4d81-bc66-0f9b00220e72@group-EF19AB1BE06F-FollowerState] INFO  impl.RoleInfo (RoleInfo.java:shutdownFollowerState(110)) - 13f92446-3b18-4d81-bc66-0f9b00220e72: shutdown 13f92446-3b18-4d81-bc66-0f9b00220e72@group-EF19AB1BE06F-FollowerState
2024-02-22 20:33:45,620 [13f92446-3b18-4d81-bc66-0f9b00220e72@group-EF19AB1BE06F-FollowerState] INFO  server.RaftServer$Division (RaftServerImpl.java:setRole(383)) - 13f92446-3b18-4d81-bc66-0f9b00220e72@group-EF19AB1BE06F: changes role from  FOLLOWER to CANDIDATE at term 0 for changeToCandidate
2024-02-22 20:33:45,622 [13f92446-3b18-4d81-bc66-0f9b00220e72@group-EF19AB1BE06F-FollowerState] INFO  server.RaftServerConfigKeys (ConfUtils.java:logGet(46)) - raft.server.leaderelection.pre-vote = true (default)
2024-02-22 20:33:45,622 [13f92446-3b18-4d81-bc66-0f9b00220e72@group-EF19AB1BE06F-FollowerState] INFO  impl.RoleInfo (RoleInfo.java:updateAndGet(139)) - 13f92446-3b18-4d81-bc66-0f9b00220e72: start 13f92446-3b18-4d81-bc66-0f9b00220e72@group-EF19AB1BE06F-LeaderElection19
2024-02-22 20:33:45,622 [4e8f68d6-fd98-4f77-87e3-715939181693@group-89543CF42D33-LeaderElection18] INFO  server.RaftServerConfigKeys (ConfUtils.java:logGet(46)) - raft.server.log.appender.snapshot.chunk.size.max = 16MB (=16777216) (default)
2024-02-22 20:33:45,622 [4e8f68d6-fd98-4f77-87e3-715939181693@group-89543CF42D33-LeaderElection18] INFO  server.RaftServerConfigKeys (ConfUtils.java:logGet(46)) - raft.server.log.appender.buffer.byte-limit = 8388608 (custom)
2024-02-22 20:33:45,622 [4e8f68d6-fd98-4f77-87e3-715939181693@group-89543CF42D33-LeaderElection18] INFO  server.RaftServerConfigKeys (ConfUtils.java:logGet(46)) - raft.server.log.appender.buffer.element-limit = 1 (custom)
2024-02-22 20:33:45,625 [4e8f68d6-fd98-4f77-87e3-715939181693@group-89543CF42D33-LeaderElection18] INFO  server.RaftServerConfigKeys (ConfUtils.java:logGet(46)) - raft.server.log.appender.wait-time.min = 0μs (custom)
2024-02-22 20:33:45,625 [4e8f68d6-fd98-4f77-87e3-715939181693@group-89543CF42D33-LeaderElection18] INFO  grpc.GrpcConfigKeys (ConfUtils.java:logGet(46)) - raft.grpc.server.leader.outstanding.appends.max = 8 (default)
2024-02-22 20:33:45,625 [4e8f68d6-fd98-4f77-87e3-715939181693@group-89543CF42D33-LeaderElection18] INFO  server.RaftServerConfigKeys (ConfUtils.java:logGet(46)) - raft.server.rpc.request.timeout = 60s (custom)
2024-02-22 20:33:45,625 [4e8f68d6-fd98-4f77-87e3-715939181693@group-89543CF42D33-LeaderElection18] INFO  grpc.GrpcConfigKeys (ConfUtils.java:logGet(46)) - raft.grpc.server.install_snapshot.request.element-limit = 8 (default)
2024-02-22 20:33:45,625 [4e8f68d6-fd98-4f77-87e3-715939181693@group-89543CF42D33-LeaderElection18] INFO  grpc.GrpcConfigKeys (ConfUtils.java:logGet(46)) - raft.grpc.server.install_snapshot.request.timeout = 3000ms (default)
2024-02-22 20:33:45,625 [4e8f68d6-fd98-4f77-87e3-715939181693@group-89543CF42D33-LeaderElection18] INFO  grpc.GrpcConfigKeys (ConfUtils.java:logGet(46)) - raft.grpc.server.log-message.batch.duration = 5s (default)
2024-02-22 20:33:45,625 [4e8f68d6-fd98-4f77-87e3-715939181693@group-89543CF42D33-LeaderElection18] INFO  server.RaftServerConfigKeys (ConfUtils.java:logGet(46)) - raft.server.log.appender.install.snapshot.enabled = false (custom)
2024-02-22 20:33:45,625 [4e8f68d6-fd98-4f77-87e3-715939181693@group-89543CF42D33-LeaderElection18] INFO  grpc.GrpcConfigKeys (ConfUtils.java:logGet(46)) - raft.grpc.server.heartbeat.channel = true (default)
2024-02-22 20:33:45,626 [4e8f68d6-fd98-4f77-87e3-715939181693@group-89543CF42D33-LeaderElection18] INFO  server.RaftServerConfigKeys (ConfUtils.java:logGet(46)) - raft.server.log.appender.snapshot.chunk.size.max = 16MB (=16777216) (default)
2024-02-22 20:33:45,626 [4e8f68d6-fd98-4f77-87e3-715939181693@group-89543CF42D33-LeaderElection18] INFO  server.RaftServerConfigKeys (ConfUtils.java:logGet(46)) - raft.server.log.appender.buffer.byte-limit = 8388608 (custom)
2024-02-22 20:33:45,626 [4e8f68d6-fd98-4f77-87e3-715939181693@group-89543CF42D33-LeaderElection18] INFO  server.RaftServerConfigKeys (ConfUtils.java:logGet(46)) - raft.server.log.appender.buffer.element-limit = 1 (custom)
2024-02-22 20:33:45,626 [4e8f68d6-fd98-4f77-87e3-715939181693@group-89543CF42D33-LeaderElection18] INFO  server.RaftServerConfigKeys (ConfUtils.java:logGet(46)) - raft.server.log.appender.wait-time.min = 0μs (custom)
2024-02-22 20:33:45,627 [13f92446-3b18-4d81-bc66-0f9b00220e72@group-EF19AB1BE06F-LeaderElection19] INFO  impl.LeaderElection (LeaderElection.java:askForVotes(321)) - 13f92446-3b18-4d81-bc66-0f9b00220e72@group-EF19AB1BE06F-LeaderElection19 PRE_VOTE round 0: submit vote requests at term 0 for -1: peers:[13f92446-3b18-4d81-bc66-0f9b00220e72|10.1.0.33:15077]|listeners:[], old=null
2024-02-22 20:33:45,627 [4e8f68d6-fd98-4f77-87e3-715939181693@group-89543CF42D33-LeaderElection18] INFO  grpc.GrpcConfigKeys (ConfUtils.java:logGet(46)) - raft.grpc.server.leader.outstanding.appends.max = 8 (default)
2024-02-22 20:33:45,627 [13f92446-3b18-4d81-bc66-0f9b00220e72@group-EF19AB1BE06F-LeaderElection19] INFO  impl.LeaderElection (LeaderElection.java:askForVotes(323)) - 13f92446-3b18-4d81-bc66-0f9b00220e72@group-EF19AB1BE06F-LeaderElection19 PRE_VOTE round 0: result PASSED (term=0)
2024-02-22 20:33:45,627 [4e8f68d6-fd98-4f77-87e3-715939181693@group-89543CF42D33-LeaderElection18] INFO  server.RaftServerConfigKeys (ConfUtils.java:logGet(46)) - raft.server.rpc.request.timeout = 60s (custom)
2024-02-22 20:33:45,627 [4e8f68d6-fd98-4f77-87e3-715939181693@group-89543CF42D33-LeaderElection18] INFO  grpc.GrpcConfigKeys (ConfUtils.java:logGet(46)) - raft.grpc.server.install_snapshot.request.element-limit = 8 (default)
2024-02-22 20:33:45,627 [4e8f68d6-fd98-4f77-87e3-715939181693@group-89543CF42D33-LeaderElection18] INFO  grpc.GrpcConfigKeys (ConfUtils.java:logGet(46)) - raft.grpc.server.install_snapshot.request.timeout = 3000ms (default)
2024-02-22 20:33:45,627 [4e8f68d6-fd98-4f77-87e3-715939181693@group-89543CF42D33-LeaderElection18] INFO  grpc.GrpcConfigKeys (ConfUtils.java:logGet(46)) - raft.grpc.server.log-message.batch.duration = 5s (default)
2024-02-22 20:33:45,628 [4e8f68d6-fd98-4f77-87e3-715939181693@group-89543CF42D33-LeaderElection18] INFO  server.RaftServerConfigKeys (ConfUtils.java:logGet(46)) - raft.server.log.appender.install.snapshot.enabled = false (custom)
2024-02-22 20:33:45,628 [4e8f68d6-fd98-4f77-87e3-715939181693@group-89543CF42D33-LeaderElection18] INFO  grpc.GrpcConfigKeys (ConfUtils.java:logGet(46)) - raft.grpc.server.heartbeat.channel = true (default)
2024-02-22 20:33:45,628 [4e8f68d6-fd98-4f77-87e3-715939181693@group-89543CF42D33-LeaderElection18] INFO  impl.RoleInfo (RoleInfo.java:updateAndGet(139)) - 4e8f68d6-fd98-4f77-87e3-715939181693: start 4e8f68d6-fd98-4f77-87e3-715939181693@group-89543CF42D33-LeaderStateImpl
2024-02-22 20:33:45,628 [4e8f68d6-fd98-4f77-87e3-715939181693@group-89543CF42D33-LeaderElection18] INFO  server.RaftServer$Division (RaftServerImpl.java:setFirstElection(574)) - 4e8f68d6-fd98-4f77-87e3-715939181693@group-89543CF42D33: set firstElectionSinceStartup to false for becomeLeader
2024-02-22 20:33:45,628 [4e8f68d6-fd98-4f77-87e3-715939181693@group-89543CF42D33-LeaderElection18] INFO  ratis.XceiverServerRatis (XceiverServerRatis.java:handleLeaderChangedNotification(966)) - Leader change notification received for group: group-89543CF42D33 with new leaderId: 4e8f68d6-fd98-4f77-87e3-715939181693
2024-02-22 20:33:45,628 [4e8f68d6-fd98-4f77-87e3-715939181693@group-89543CF42D33-LeaderElection18] INFO  server.RaftServer$Division (ServerState.java:setLeader(269)) - 4e8f68d6-fd98-4f77-87e3-715939181693@group-89543CF42D33: change Leader from null to 4e8f68d6-fd98-4f77-87e3-715939181693 at term 1 for becomeLeader, leader elected after 5352ms
2024-02-22 20:33:45,628 [13f92446-3b18-4d81-bc66-0f9b00220e72@group-EF19AB1BE06F-LeaderElection19] INFO  impl.LeaderElection (LeaderElection.java:askForVotes(321)) - 13f92446-3b18-4d81-bc66-0f9b00220e72@group-EF19AB1BE06F-LeaderElection19 ELECTION round 0: submit vote requests at term 1 for -1: peers:[13f92446-3b18-4d81-bc66-0f9b00220e72|10.1.0.33:15077]|listeners:[], old=null
2024-02-22 20:33:45,628 [13f92446-3b18-4d81-bc66-0f9b00220e72@group-EF19AB1BE06F-LeaderElection19] INFO  impl.LeaderElection (LeaderElection.java:askForVotes(323)) - 13f92446-3b18-4d81-bc66-0f9b00220e72@group-EF19AB1BE06F-LeaderElection19 ELECTION round 0: result PASSED (term=1)
2024-02-22 20:33:45,628 [13f92446-3b18-4d81-bc66-0f9b00220e72@group-EF19AB1BE06F-LeaderElection19] INFO  impl.RoleInfo (RoleInfo.java:shutdownLeaderElection(130)) - 13f92446-3b18-4d81-bc66-0f9b00220e72: shutdown 13f92446-3b18-4d81-bc66-0f9b00220e72@group-EF19AB1BE06F-LeaderElection19
2024-02-22 20:33:45,629 [13f92446-3b18-4d81-bc66-0f9b00220e72@group-EF19AB1BE06F-LeaderElection19] INFO  server.RaftServer$Division (RaftServerImpl.java:setRole(383)) - 13f92446-3b18-4d81-bc66-0f9b00220e72@group-EF19AB1BE06F: changes role from CANDIDATE to LEADER at term 1 for changeToLeader
2024-02-22 20:33:45,629 [13f92446-3b18-4d81-bc66-0f9b00220e72@group-EF19AB1BE06F-LeaderElection19] INFO  server.RaftServerConfigKeys (ConfUtils.java:logGet(46)) - raft.server.staging.catchup.gap = 1000 (default)
2024-02-22 20:33:45,629 [13f92446-3b18-4d81-bc66-0f9b00220e72@group-EF19AB1BE06F-LeaderElection19] INFO  server.RaftServerConfigKeys (ConfUtils.java:logGet(46)) - raft.server.write.element-limit = 1024 (custom)
2024-02-22 20:33:45,629 [13f92446-3b18-4d81-bc66-0f9b00220e72@group-EF19AB1BE06F-LeaderElection19] INFO  server.RaftServerConfigKeys (ConfUtils.java:logGet(46)) - raft.server.write.byte-limit = 1024 M (=1073741824) (custom)
2024-02-22 20:33:45,629 [4e8f68d6-fd98-4f77-87e3-715939181693@group-89543CF42D33-LeaderElection18] INFO  segmented.SegmentedRaftLogWorker (SegmentedRaftLogWorker.java:startLogSegment(430)) - 4e8f68d6-fd98-4f77-87e3-715939181693@group-89543CF42D33-SegmentedRaftLogWorker: Starting segment from index:0
2024-02-22 20:33:45,629 [13f92446-3b18-4d81-bc66-0f9b00220e72@group-EF19AB1BE06F-LeaderElection19] INFO  server.RaftServerConfigKeys (ConfUtils.java:logGet(46)) - raft.server.watch.timeout = 180s (custom)
2024-02-22 20:33:45,629 [13f92446-3b18-4d81-bc66-0f9b00220e72@group-EF19AB1BE06F-LeaderElection19] INFO  server.RaftServerConfigKeys (ConfUtils.java:logGet(46)) - raft.server.watch.timeout.denomination = 1s (default)
2024-02-22 20:33:45,629 [13f92446-3b18-4d81-bc66-0f9b00220e72@group-EF19AB1BE06F-LeaderElection19] INFO  server.RaftServerConfigKeys (ConfUtils.java:logGet(46)) - raft.server.watch.element-limit = 65536 (default)
2024-02-22 20:33:45,629 [13f92446-3b18-4d81-bc66-0f9b00220e72@group-EF19AB1BE06F-LeaderElection19] INFO  server.RaftServerConfigKeys (ConfUtils.java:logGet(46)) - raft.server.read.leader.lease.enabled = false (default)
2024-02-22 20:33:45,629 [4e8f68d6-fd98-4f77-87e3-715939181693@group-89543CF42D33-SegmentedRaftLogWorker] INFO  segmented.BufferedWriteChannel (BufferedWriteChannel.java:open(62)) - open log_inprogress_0 at position 0
2024-02-22 20:33:45,629 [13f92446-3b18-4d81-bc66-0f9b00220e72@group-EF19AB1BE06F-LeaderElection19] INFO  server.RaftServerConfigKeys (ConfUtils.java:logGet(46)) - raft.server.read.leader.lease.timeout.ratio = 0.9 (default)
2024-02-22 20:33:45,630 [13f92446-3b18-4d81-bc66-0f9b00220e72@group-EF19AB1BE06F-LeaderElection19] INFO  server.RaftServerConfigKeys (ConfUtils.java:logGet(46)) - raft.server.rpc.timeout.min = 5s (custom)
2024-02-22 20:33:45,630 [13f92446-3b18-4d81-bc66-0f9b00220e72@group-EF19AB1BE06F-LeaderElection19] INFO  server.RaftServerConfigKeys (ConfUtils.java:logGet(46)) - raft.server.write.element-limit = 1024 (custom)
2024-02-22 20:33:45,630 [13f92446-3b18-4d81-bc66-0f9b00220e72@group-EF19AB1BE06F-LeaderElection19] INFO  server.RaftServerConfigKeys (ConfUtils.java:logGet(46)) - raft.server.write.follower.gap.ratio.max = -1.0 (default)
2024-02-22 20:33:45,630 [13f92446-3b18-4d81-bc66-0f9b00220e72@group-EF19AB1BE06F-LeaderElection19] INFO  impl.RoleInfo (RoleInfo.java:updateAndGet(139)) - 13f92446-3b18-4d81-bc66-0f9b00220e72: start 13f92446-3b18-4d81-bc66-0f9b00220e72@group-EF19AB1BE06F-LeaderStateImpl
2024-02-22 20:33:45,630 [13f92446-3b18-4d81-bc66-0f9b00220e72@group-EF19AB1BE06F-LeaderElection19] INFO  server.RaftServer$Division (RaftServerImpl.java:setFirstElection(574)) - 13f92446-3b18-4d81-bc66-0f9b00220e72@group-EF19AB1BE06F: set firstElectionSinceStartup to false for becomeLeader
2024-02-22 20:33:45,630 [13f92446-3b18-4d81-bc66-0f9b00220e72@group-EF19AB1BE06F-LeaderElection19] INFO  ratis.XceiverServerRatis (XceiverServerRatis.java:handleLeaderChangedNotification(966)) - Leader change notification received for group: group-EF19AB1BE06F with new leaderId: 13f92446-3b18-4d81-bc66-0f9b00220e72
2024-02-22 20:33:45,630 [13f92446-3b18-4d81-bc66-0f9b00220e72@group-EF19AB1BE06F-LeaderElection19] INFO  server.RaftServer$Division (ServerState.java:setLeader(269)) - 13f92446-3b18-4d81-bc66-0f9b00220e72@group-EF19AB1BE06F: change Leader from null to 13f92446-3b18-4d81-bc66-0f9b00220e72 at term 1 for becomeLeader, leader elected after 5285ms
2024-02-22 20:33:45,630 [13f92446-3b18-4d81-bc66-0f9b00220e72@group-EF19AB1BE06F-LeaderElection19] INFO  segmented.SegmentedRaftLogWorker (SegmentedRaftLogWorker.java:startLogSegment(430)) - 13f92446-3b18-4d81-bc66-0f9b00220e72@group-EF19AB1BE06F-SegmentedRaftLogWorker: Starting segment from index:0
2024-02-22 20:33:45,636 [13f92446-3b18-4d81-bc66-0f9b00220e72@group-EF19AB1BE06F-LeaderElection19] INFO  server.RaftServer$Division (ServerState.java:setRaftConf(386)) - 13f92446-3b18-4d81-bc66-0f9b00220e72@group-EF19AB1BE06F: set configuration 0: peers:[13f92446-3b18-4d81-bc66-0f9b00220e72|10.1.0.33:15077]|listeners:[], old=null
2024-02-22 20:33:45,636 [13f92446-3b18-4d81-bc66-0f9b00220e72@group-EF19AB1BE06F-SegmentedRaftLogWorker] INFO  segmented.BufferedWriteChannel (BufferedWriteChannel.java:open(62)) - open log_inprogress_0 at position 0
2024-02-22 20:33:45,638 [4e8f68d6-fd98-4f77-87e3-715939181693@group-89543CF42D33-LeaderElection18] INFO  server.RaftServer$Division (ServerState.java:setRaftConf(386)) - 4e8f68d6-fd98-4f77-87e3-715939181693@group-89543CF42D33: set configuration 0: peers:[86ab988c-fa9c-425d-a1c6-9004ff7fd93d|10.1.0.33:15059, 4e8f68d6-fd98-4f77-87e3-715939181693|10.1.0.33:15041, dc26353c-d48a-467d-89cd-3a7c4b626396|10.1.0.33:15050]|listeners:[], old=null
2024-02-22 20:33:45,644 [13f92446-3b18-4d81-bc66-0f9b00220e72@group-EF19AB1BE06F-SegmentedRaftLogWorker] INFO  segmented.SegmentedRaftLogWorker (SegmentedRaftLogWorker.java:execute(634)) - 13f92446-3b18-4d81-bc66-0f9b00220e72@group-EF19AB1BE06F-SegmentedRaftLogWorker: created new log segment /home/runner/work/ozone/ozone/hadoop-ozone/integration-test/target/test-dir/MiniOzoneClusterImpl-a0fc024b-a492-45a5-9697-b0d14f72cb5c/datanode-7/data/ratis/d218b5b2-1780-4e0a-a27d-ef19ab1be06f/current/log_inprogress_0
2024-02-22 20:33:45,651 [4e8f68d6-fd98-4f77-87e3-715939181693@group-89543CF42D33-SegmentedRaftLogWorker] INFO  segmented.SegmentedRaftLogWorker (SegmentedRaftLogWorker.java:execute(634)) - 4e8f68d6-fd98-4f77-87e3-715939181693@group-89543CF42D33-SegmentedRaftLogWorker: created new log segment /home/runner/work/ozone/ozone/hadoop-ozone/integration-test/target/test-dir/MiniOzoneClusterImpl-a0fc024b-a492-45a5-9697-b0d14f72cb5c/datanode-3/data/ratis/8e592c52-1f2d-49c6-9232-89543cf42d33/current/log_inprogress_0
2024-02-22 20:33:45,661 [13f92446-3b18-4d81-bc66-0f9b00220e72@group-EF19AB1BE06F-StateMachineUpdater] INFO  server.RaftServer$Division (LeaderStateImpl.java:isApplied(320)) - leader is ready since appliedIndex == 0 >= startIndex == 0
2024-02-22 20:33:45,670 [dc26353c-d48a-467d-89cd-3a7c4b626396-server-thread1] INFO  ratis.XceiverServerRatis (XceiverServerRatis.java:handleLeaderChangedNotification(966)) - Leader change notification received for group: group-89543CF42D33 with new leaderId: 4e8f68d6-fd98-4f77-87e3-715939181693
2024-02-22 20:33:45,670 [dc26353c-d48a-467d-89cd-3a7c4b626396-server-thread1] INFO  server.RaftServer$Division (ServerState.java:setLeader(269)) - dc26353c-d48a-467d-89cd-3a7c4b626396@group-89543CF42D33: change Leader from null to 4e8f68d6-fd98-4f77-87e3-715939181693 at term 1 for appendEntries, leader elected after 5353ms
2024-02-22 20:33:45,674 [dc26353c-d48a-467d-89cd-3a7c4b626396-server-thread2] INFO  server.RaftServer$Division (ServerState.java:setRaftConf(386)) - dc26353c-d48a-467d-89cd-3a7c4b626396@group-89543CF42D33: set configuration 0: peers:[86ab988c-fa9c-425d-a1c6-9004ff7fd93d|10.1.0.33:15059, 4e8f68d6-fd98-4f77-87e3-715939181693|10.1.0.33:15041, dc26353c-d48a-467d-89cd-3a7c4b626396|10.1.0.33:15050]|listeners:[], old=null
2024-02-22 20:33:45,675 [dc26353c-d48a-467d-89cd-3a7c4b626396-server-thread2] INFO  segmented.SegmentedRaftLogWorker (SegmentedRaftLogWorker.java:startLogSegment(430)) - dc26353c-d48a-467d-89cd-3a7c4b626396@group-89543CF42D33-SegmentedRaftLogWorker: Starting segment from index:0
2024-02-22 20:33:45,682 [dc26353c-d48a-467d-89cd-3a7c4b626396@group-89543CF42D33-SegmentedRaftLogWorker] INFO  segmented.BufferedWriteChannel (BufferedWriteChannel.java:open(62)) - open log_inprogress_0 at position 0
2024-02-22 20:33:45,689 [86ab988c-fa9c-425d-a1c6-9004ff7fd93d-server-thread1] INFO  ratis.XceiverServerRatis (XceiverServerRatis.java:handleLeaderChangedNotification(966)) - Leader change notification received for group: group-89543CF42D33 with new leaderId: 4e8f68d6-fd98-4f77-87e3-715939181693
2024-02-22 20:33:45,689 [86ab988c-fa9c-425d-a1c6-9004ff7fd93d-server-thread1] INFO  server.RaftServer$Division (ServerState.java:setLeader(269)) - 86ab988c-fa9c-425d-a1c6-9004ff7fd93d@group-89543CF42D33: change Leader from null to 4e8f68d6-fd98-4f77-87e3-715939181693 at term 1 for appendEntries, leader elected after 5482ms
2024-02-22 20:33:45,690 [86ab988c-fa9c-425d-a1c6-9004ff7fd93d-server-thread1] INFO  server.RaftServer$Division (ServerState.java:setRaftConf(386)) - 86ab988c-fa9c-425d-a1c6-9004ff7fd93d@group-89543CF42D33: set configuration 0: peers:[86ab988c-fa9c-425d-a1c6-9004ff7fd93d|10.1.0.33:15059, 4e8f68d6-fd98-4f77-87e3-715939181693|10.1.0.33:15041, dc26353c-d48a-467d-89cd-3a7c4b626396|10.1.0.33:15050]|listeners:[], old=null
2024-02-22 20:33:45,690 [86ab988c-fa9c-425d-a1c6-9004ff7fd93d-server-thread1] INFO  segmented.SegmentedRaftLogWorker (SegmentedRaftLogWorker.java:startLogSegment(430)) - 86ab988c-fa9c-425d-a1c6-9004ff7fd93d@group-89543CF42D33-SegmentedRaftLogWorker: Starting segment from index:0
2024-02-22 20:33:45,691 [dc26353c-d48a-467d-89cd-3a7c4b626396@group-89543CF42D33-SegmentedRaftLogWorker] INFO  segmented.SegmentedRaftLogWorker (SegmentedRaftLogWorker.java:execute(634)) - dc26353c-d48a-467d-89cd-3a7c4b626396@group-89543CF42D33-SegmentedRaftLogWorker: created new log segment /home/runner/work/ozone/ozone/hadoop-ozone/integration-test/target/test-dir/MiniOzoneClusterImpl-a0fc024b-a492-45a5-9697-b0d14f72cb5c/datanode-4/data/ratis/8e592c52-1f2d-49c6-9232-89543cf42d33/current/log_inprogress_0
2024-02-22 20:33:45,700 [86ab988c-fa9c-425d-a1c6-9004ff7fd93d@group-89543CF42D33-SegmentedRaftLogWorker] INFO  segmented.BufferedWriteChannel (BufferedWriteChannel.java:open(62)) - open log_inprogress_0 at position 0
2024-02-22 20:33:45,701 [78f89d9b-e409-4704-890b-bfcfbcdfd28a@group-24226A001283-FollowerState] INFO  impl.FollowerState (FollowerState.java:run(143)) - 78f89d9b-e409-4704-890b-bfcfbcdfd28a@group-24226A001283-FollowerState: change to CANDIDATE, lastRpcElapsedTime:5033811945ns, electionTimeout:5031ms
2024-02-22 20:33:45,701 [78f89d9b-e409-4704-890b-bfcfbcdfd28a@group-24226A001283-FollowerState] INFO  impl.RoleInfo (RoleInfo.java:shutdownFollowerState(110)) - 78f89d9b-e409-4704-890b-bfcfbcdfd28a: shutdown 78f89d9b-e409-4704-890b-bfcfbcdfd28a@group-24226A001283-FollowerState
2024-02-22 20:33:45,701 [78f89d9b-e409-4704-890b-bfcfbcdfd28a@group-24226A001283-FollowerState] INFO  server.RaftServer$Division (RaftServerImpl.java:setRole(383)) - 78f89d9b-e409-4704-890b-bfcfbcdfd28a@group-24226A001283: changes role from  FOLLOWER to CANDIDATE at term 0 for changeToCandidate
2024-02-22 20:33:45,711 [86ab988c-fa9c-425d-a1c6-9004ff7fd93d@group-89543CF42D33-SegmentedRaftLogWorker] INFO  segmented.SegmentedRaftLogWorker (SegmentedRaftLogWorker.java:execute(634)) - 86ab988c-fa9c-425d-a1c6-9004ff7fd93d@group-89543CF42D33-SegmentedRaftLogWorker: created new log segment /home/runner/work/ozone/ozone/hadoop-ozone/integration-test/target/test-dir/MiniOzoneClusterImpl-a0fc024b-a492-45a5-9697-b0d14f72cb5c/datanode-5/data/ratis/8e592c52-1f2d-49c6-9232-89543cf42d33/current/log_inprogress_0
2024-02-22 20:33:45,711 [78f89d9b-e409-4704-890b-bfcfbcdfd28a@group-24226A001283-FollowerState] INFO  server.RaftServerConfigKeys (ConfUtils.java:logGet(46)) - raft.server.leaderelection.pre-vote = true (default)
2024-02-22 20:33:45,711 [78f89d9b-e409-4704-890b-bfcfbcdfd28a@group-24226A001283-FollowerState] INFO  impl.RoleInfo (RoleInfo.java:updateAndGet(139)) - 78f89d9b-e409-4704-890b-bfcfbcdfd28a: start 78f89d9b-e409-4704-890b-bfcfbcdfd28a@group-24226A001283-LeaderElection20
2024-02-22 20:33:45,713 [pool-432-thread-1] INFO  impl.MetricsSystemImpl (MetricsSystemImpl.java:init(158)) - XceiverClientMetrics metrics system started (again)
2024-02-22 20:33:45,713 [pool-432-thread-1] INFO  lib.Interns (Interns.java:removeEldestEntry(50)) - Metrics intern cache overflow at 2011 for MetricsSystem={MetricsSystem=MetricsInfoImpl{name=MetricsSystem, description=MetricsSystem}, MetricsSystem record=MetricsInfoImpl{name=MetricsSystem, description=MetricsSystem record}}
2024-02-22 20:33:45,721 [4e8f68d6-fd98-4f77-87e3-715939181693@group-89543CF42D33-StateMachineUpdater] INFO  server.RaftServer$Division (LeaderStateImpl.java:isApplied(320)) - leader is ready since appliedIndex == 0 >= startIndex == 0
2024-02-22 20:33:45,722 [78f89d9b-e409-4704-890b-bfcfbcdfd28a@group-24226A001283-LeaderElection20] INFO  impl.LeaderElection (LeaderElection.java:askForVotes(321)) - 78f89d9b-e409-4704-890b-bfcfbcdfd28a@group-24226A001283-LeaderElection20 PRE_VOTE round 0: submit vote requests at term 0 for -1: peers:[78f89d9b-e409-4704-890b-bfcfbcdfd28a|10.1.0.33:15086]|listeners:[], old=null
2024-02-22 20:33:45,724 [78f89d9b-e409-4704-890b-bfcfbcdfd28a@group-24226A001283-LeaderElection20] INFO  impl.LeaderElection (LeaderElection.java:askForVotes(323)) - 78f89d9b-e409-4704-890b-bfcfbcdfd28a@group-24226A001283-LeaderElection20 PRE_VOTE round 0: result PASSED (term=0)
2024-02-22 20:33:45,726 [78f89d9b-e409-4704-890b-bfcfbcdfd28a@group-24226A001283-LeaderElection20] INFO  impl.LeaderElection (LeaderElection.java:askForVotes(321)) - 78f89d9b-e409-4704-890b-bfcfbcdfd28a@group-24226A001283-LeaderElection20 ELECTION round 0: submit vote requests at term 1 for -1: peers:[78f89d9b-e409-4704-890b-bfcfbcdfd28a|10.1.0.33:15086]|listeners:[], old=null
2024-02-22 20:33:45,726 [78f89d9b-e409-4704-890b-bfcfbcdfd28a@group-24226A001283-LeaderElection20] INFO  impl.LeaderElection (LeaderElection.java:askForVotes(323)) - 78f89d9b-e409-4704-890b-bfcfbcdfd28a@group-24226A001283-LeaderElection20 ELECTION round 0: result PASSED (term=1)
2024-02-22 20:33:45,726 [78f89d9b-e409-4704-890b-bfcfbcdfd28a@group-24226A001283-LeaderElection20] INFO  impl.RoleInfo (RoleInfo.java:shutdownLeaderElection(130)) - 78f89d9b-e409-4704-890b-bfcfbcdfd28a: shutdown 78f89d9b-e409-4704-890b-bfcfbcdfd28a@group-24226A001283-LeaderElection20
2024-02-22 20:33:45,727 [78f89d9b-e409-4704-890b-bfcfbcdfd28a@group-24226A001283-LeaderElection20] INFO  server.RaftServer$Division (RaftServerImpl.java:setRole(383)) - 78f89d9b-e409-4704-890b-bfcfbcdfd28a@group-24226A001283: changes role from CANDIDATE to LEADER at term 1 for changeToLeader
2024-02-22 20:33:45,727 [78f89d9b-e409-4704-890b-bfcfbcdfd28a@group-24226A001283-LeaderElection20] INFO  server.RaftServerConfigKeys (ConfUtils.java:logGet(46)) - raft.server.staging.catchup.gap = 1000 (default)
2024-02-22 20:33:45,727 [78f89d9b-e409-4704-890b-bfcfbcdfd28a@group-24226A001283-LeaderElection20] INFO  server.RaftServerConfigKeys (ConfUtils.java:logGet(46)) - raft.server.write.element-limit = 1024 (custom)
2024-02-22 20:33:45,728 [78f89d9b-e409-4704-890b-bfcfbcdfd28a@group-24226A001283-LeaderElection20] INFO  server.RaftServerConfigKeys (ConfUtils.java:logGet(46)) - raft.server.write.byte-limit = 1024 M (=1073741824) (custom)
2024-02-22 20:33:45,728 [78f89d9b-e409-4704-890b-bfcfbcdfd28a@group-24226A001283-LeaderElection20] INFO  server.RaftServerConfigKeys (ConfUtils.java:logGet(46)) - raft.server.watch.timeout = 180s (custom)
2024-02-22 20:33:45,729 [78f89d9b-e409-4704-890b-bfcfbcdfd28a@group-24226A001283-LeaderElection20] INFO  server.RaftServerConfigKeys (ConfUtils.java:logGet(46)) - raft.server.watch.timeout.denomination = 1s (default)
2024-02-22 20:33:45,729 [78f89d9b-e409-4704-890b-bfcfbcdfd28a@group-24226A001283-LeaderElection20] INFO  server.RaftServerConfigKeys (ConfUtils.java:logGet(46)) - raft.server.watch.element-limit = 65536 (default)
2024-02-22 20:33:45,729 [78f89d9b-e409-4704-890b-bfcfbcdfd28a@group-24226A001283-LeaderElection20] INFO  server.RaftServerConfigKeys (ConfUtils.java:logGet(46)) - raft.server.read.leader.lease.enabled = false (default)
2024-02-22 20:33:45,730 [78f89d9b-e409-4704-890b-bfcfbcdfd28a@group-24226A001283-LeaderElection20] INFO  server.RaftServerConfigKeys (ConfUtils.java:logGet(46)) - raft.server.read.leader.lease.timeout.ratio = 0.9 (default)
2024-02-22 20:33:45,730 [78f89d9b-e409-4704-890b-bfcfbcdfd28a@group-24226A001283-LeaderElection20] INFO  server.RaftServerConfigKeys (ConfUtils.java:logGet(46)) - raft.server.rpc.timeout.min = 5s (custom)
2024-02-22 20:33:45,730 [78f89d9b-e409-4704-890b-bfcfbcdfd28a@group-24226A001283-LeaderElection20] INFO  server.RaftServerConfigKeys (ConfUtils.java:logGet(46)) - raft.server.write.element-limit = 1024 (custom)
2024-02-22 20:33:45,731 [78f89d9b-e409-4704-890b-bfcfbcdfd28a@group-24226A001283-LeaderElection20] INFO  server.RaftServerConfigKeys (ConfUtils.java:logGet(46)) - raft.server.write.follower.gap.ratio.max = -1.0 (default)
2024-02-22 20:33:45,731 [78f89d9b-e409-4704-890b-bfcfbcdfd28a@group-24226A001283-LeaderElection20] INFO  impl.RoleInfo (RoleInfo.java:updateAndGet(139)) - 78f89d9b-e409-4704-890b-bfcfbcdfd28a: start 78f89d9b-e409-4704-890b-bfcfbcdfd28a@group-24226A001283-LeaderStateImpl
2024-02-22 20:33:45,731 [78f89d9b-e409-4704-890b-bfcfbcdfd28a@group-24226A001283-LeaderElection20] INFO  server.RaftServer$Division (RaftServerImpl.java:setFirstElection(574)) - 78f89d9b-e409-4704-890b-bfcfbcdfd28a@group-24226A001283: set firstElectionSinceStartup to false for becomeLeader
2024-02-22 20:33:45,732 [78f89d9b-e409-4704-890b-bfcfbcdfd28a@group-24226A001283-LeaderElection20] INFO  ratis.XceiverServerRatis (XceiverServerRatis.java:handleLeaderChangedNotification(966)) - Leader change notification received for group: group-24226A001283 with new leaderId: 78f89d9b-e409-4704-890b-bfcfbcdfd28a
2024-02-22 20:33:45,734 [78f89d9b-e409-4704-890b-bfcfbcdfd28a@group-24226A001283-LeaderElection20] INFO  server.RaftServer$Division (ServerState.java:setLeader(269)) - 78f89d9b-e409-4704-890b-bfcfbcdfd28a@group-24226A001283: change Leader from null to 78f89d9b-e409-4704-890b-bfcfbcdfd28a at term 1 for becomeLeader, leader elected after 5240ms
2024-02-22 20:33:45,734 [78f89d9b-e409-4704-890b-bfcfbcdfd28a@group-24226A001283-LeaderElection20] INFO  segmented.SegmentedRaftLogWorker (SegmentedRaftLogWorker.java:startLogSegment(430)) - 78f89d9b-e409-4704-890b-bfcfbcdfd28a@group-24226A001283-SegmentedRaftLogWorker: Starting segment from index:0
2024-02-22 20:33:45,735 [78f89d9b-e409-4704-890b-bfcfbcdfd28a@group-24226A001283-LeaderElection20] INFO  server.RaftServer$Division (ServerState.java:setRaftConf(386)) - 78f89d9b-e409-4704-890b-bfcfbcdfd28a@group-24226A001283: set configuration 0: peers:[78f89d9b-e409-4704-890b-bfcfbcdfd28a|10.1.0.33:15086]|listeners:[], old=null
2024-02-22 20:33:45,735 [78f89d9b-e409-4704-890b-bfcfbcdfd28a@group-24226A001283-SegmentedRaftLogWorker] INFO  segmented.BufferedWriteChannel (BufferedWriteChannel.java:open(62)) - open log_inprogress_0 at position 0
2024-02-22 20:33:45,737 [c30fedce-f286-40e0-881d-3d5a9a6e2463@group-B58ED9299B6F-FollowerState] INFO  impl.FollowerState (FollowerState.java:run(143)) - c30fedce-f286-40e0-881d-3d5a9a6e2463@group-B58ED9299B6F-FollowerState: change to CANDIDATE, lastRpcElapsedTime:5167063115ns, electionTimeout:5165ms
2024-02-22 20:33:45,737 [c30fedce-f286-40e0-881d-3d5a9a6e2463@group-B58ED9299B6F-FollowerState] INFO  impl.RoleInfo (RoleInfo.java:shutdownFollowerState(110)) - c30fedce-f286-40e0-881d-3d5a9a6e2463: shutdown c30fedce-f286-40e0-881d-3d5a9a6e2463@group-B58ED9299B6F-FollowerState
2024-02-22 20:33:45,737 [c30fedce-f286-40e0-881d-3d5a9a6e2463@group-B58ED9299B6F-FollowerState] INFO  server.RaftServer$Division (RaftServerImpl.java:setRole(383)) - c30fedce-f286-40e0-881d-3d5a9a6e2463@group-B58ED9299B6F: changes role from  FOLLOWER to CANDIDATE at term 0 for changeToCandidate
2024-02-22 20:33:45,737 [c30fedce-f286-40e0-881d-3d5a9a6e2463@group-B58ED9299B6F-FollowerState] INFO  server.RaftServerConfigKeys (ConfUtils.java:logGet(46)) - raft.server.leaderelection.pre-vote = true (default)
2024-02-22 20:33:45,737 [c30fedce-f286-40e0-881d-3d5a9a6e2463@group-B58ED9299B6F-FollowerState] INFO  impl.RoleInfo (RoleInfo.java:updateAndGet(139)) - c30fedce-f286-40e0-881d-3d5a9a6e2463: start c30fedce-f286-40e0-881d-3d5a9a6e2463@group-B58ED9299B6F-LeaderElection21
2024-02-22 20:33:45,738 [c30fedce-f286-40e0-881d-3d5a9a6e2463@group-B58ED9299B6F-LeaderElection21] INFO  impl.LeaderElection (LeaderElection.java:askForVotes(321)) - c30fedce-f286-40e0-881d-3d5a9a6e2463@group-B58ED9299B6F-LeaderElection21 PRE_VOTE round 0: submit vote requests at term 0 for -1: peers:[78f89d9b-e409-4704-890b-bfcfbcdfd28a|10.1.0.33:15086, c30fedce-f286-40e0-881d-3d5a9a6e2463|10.1.0.33:15068, 13f92446-3b18-4d81-bc66-0f9b00220e72|10.1.0.33:15077]|listeners:[], old=null
2024-02-22 20:33:45,740 [c30fedce-f286-40e0-881d-3d5a9a6e2463@group-B58ED9299B6F-LeaderElection21-1] INFO  server.GrpcServerProtocolClient (GrpcServerProtocolClient.java:<init>(65)) - Build channel for 78f89d9b-e409-4704-890b-bfcfbcdfd28a|10.1.0.33:15086
2024-02-22 20:33:45,744 [grpc-default-executor-5] INFO  server.RaftServer$Division (RaftServerImpl.java:requestVote(1389)) - 78f89d9b-e409-4704-890b-bfcfbcdfd28a@group-B58ED9299B6F: receive requestVote(PRE_VOTE, c30fedce-f286-40e0-881d-3d5a9a6e2463, group-B58ED9299B6F, 0, (t:0, i:0))
2024-02-22 20:33:45,745 [78f89d9b-e409-4704-890b-bfcfbcdfd28a@group-24226A001283-SegmentedRaftLogWorker] INFO  segmented.SegmentedRaftLogWorker (SegmentedRaftLogWorker.java:execute(634)) - 78f89d9b-e409-4704-890b-bfcfbcdfd28a@group-24226A001283-SegmentedRaftLogWorker: created new log segment /home/runner/work/ozone/ozone/hadoop-ozone/integration-test/target/test-dir/MiniOzoneClusterImpl-a0fc024b-a492-45a5-9697-b0d14f72cb5c/datanode-8/data/ratis/ff667ce8-dec9-4649-ae60-24226a001283/current/log_inprogress_0
2024-02-22 20:33:45,745 [grpc-default-executor-5] INFO  impl.VoteContext (VoteContext.java:log(49)) - 78f89d9b-e409-4704-890b-bfcfbcdfd28a@group-B58ED9299B6F-FOLLOWER: accept PRE_VOTE from c30fedce-f286-40e0-881d-3d5a9a6e2463: our priority 0 <= candidate's priority 0
2024-02-22 20:33:45,745 [grpc-default-executor-5] INFO  server.RaftServer$Division (RaftServerImpl.java:requestVote(1422)) - 78f89d9b-e409-4704-890b-bfcfbcdfd28a@group-B58ED9299B6F replies to PRE_VOTE vote request: c30fedce-f286-40e0-881d-3d5a9a6e2463<-78f89d9b-e409-4704-890b-bfcfbcdfd28a#0:OK-t0. Peer's state: 78f89d9b-e409-4704-890b-bfcfbcdfd28a@group-B58ED9299B6F:t0, leader=null, voted=, raftlog=Memoized:78f89d9b-e409-4704-890b-bfcfbcdfd28a@group-B58ED9299B6F-SegmentedRaftLog:OPENED:c-1, conf=-1: peers:[78f89d9b-e409-4704-890b-bfcfbcdfd28a|10.1.0.33:15086, c30fedce-f286-40e0-881d-3d5a9a6e2463|10.1.0.33:15068, 13f92446-3b18-4d81-bc66-0f9b00220e72|10.1.0.33:15077]|listeners:[], old=null
2024-02-22 20:33:45,748 [c30fedce-f286-40e0-881d-3d5a9a6e2463@group-B58ED9299B6F-LeaderElection21] INFO  server.RaftServerConfigKeys (ConfUtils.java:logFallback(53)) - raft.server.rpc.first-election.timeout.min = 5s (fallback to raft.server.rpc.timeout.min)
2024-02-22 20:33:45,748 [c30fedce-f286-40e0-881d-3d5a9a6e2463@group-B58ED9299B6F-LeaderElection21] INFO  server.RaftServerConfigKeys (ConfUtils.java:logFallback(53)) - raft.server.rpc.first-election.timeout.max = 5200ms (fallback to raft.server.rpc.timeout.max)
2024-02-22 20:33:45,751 [78f89d9b-e409-4704-890b-bfcfbcdfd28a@group-24226A001283-StateMachineUpdater] INFO  server.RaftServer$Division (LeaderStateImpl.java:isApplied(320)) - leader is ready since appliedIndex == 0 >= startIndex == 0
2024-02-22 20:33:45,752 [c30fedce-f286-40e0-881d-3d5a9a6e2463@group-B58ED9299B6F-LeaderElection21-2] INFO  server.GrpcServerProtocolClient (GrpcServerProtocolClient.java:<init>(65)) - Build channel for 13f92446-3b18-4d81-bc66-0f9b00220e72|10.1.0.33:15077
2024-02-22 20:33:45,753 [e46a6e51-795f-4801-a523-c45a6c7f2c34@group-D74CD222B38A-FollowerState] INFO  impl.FollowerState (FollowerState.java:run(143)) - e46a6e51-795f-4801-a523-c45a6c7f2c34@group-D74CD222B38A-FollowerState: change to CANDIDATE, lastRpcElapsedTime:5201771154ns, electionTimeout:5155ms
2024-02-22 20:33:45,753 [e46a6e51-795f-4801-a523-c45a6c7f2c34@group-D74CD222B38A-FollowerState] INFO  impl.RoleInfo (RoleInfo.java:shutdownFollowerState(110)) - e46a6e51-795f-4801-a523-c45a6c7f2c34: shutdown e46a6e51-795f-4801-a523-c45a6c7f2c34@group-D74CD222B38A-FollowerState
2024-02-22 20:33:45,753 [e46a6e51-795f-4801-a523-c45a6c7f2c34@group-D74CD222B38A-FollowerState] INFO  server.RaftServer$Division (RaftServerImpl.java:setRole(383)) - e46a6e51-795f-4801-a523-c45a6c7f2c34@group-D74CD222B38A: changes role from  FOLLOWER to CANDIDATE at term 0 for changeToCandidate
2024-02-22 20:33:45,753 [e46a6e51-795f-4801-a523-c45a6c7f2c34@group-D74CD222B38A-FollowerState] INFO  server.RaftServerConfigKeys (ConfUtils.java:logGet(46)) - raft.server.leaderelection.pre-vote = true (default)
2024-02-22 20:33:45,753 [e46a6e51-795f-4801-a523-c45a6c7f2c34@group-D74CD222B38A-FollowerState] INFO  impl.RoleInfo (RoleInfo.java:updateAndGet(139)) - e46a6e51-795f-4801-a523-c45a6c7f2c34: start e46a6e51-795f-4801-a523-c45a6c7f2c34@group-D74CD222B38A-LeaderElection22
2024-02-22 20:33:45,755 [e46a6e51-795f-4801-a523-c45a6c7f2c34@group-D74CD222B38A-LeaderElection22] INFO  impl.LeaderElection (LeaderElection.java:askForVotes(321)) - e46a6e51-795f-4801-a523-c45a6c7f2c34@group-D74CD222B38A-LeaderElection22 PRE_VOTE round 0: submit vote requests at term 0 for -1: peers:[e46a6e51-795f-4801-a523-c45a6c7f2c34|10.1.0.33:15014]|listeners:[], old=null
2024-02-22 20:33:45,756 [e46a6e51-795f-4801-a523-c45a6c7f2c34@group-D74CD222B38A-LeaderElection22] INFO  impl.LeaderElection (LeaderElection.java:askForVotes(323)) - e46a6e51-795f-4801-a523-c45a6c7f2c34@group-D74CD222B38A-LeaderElection22 PRE_VOTE round 0: result PASSED (term=0)
2024-02-22 20:33:45,757 [e46a6e51-795f-4801-a523-c45a6c7f2c34@group-D74CD222B38A-LeaderElection22] INFO  impl.LeaderElection (LeaderElection.java:askForVotes(321)) - e46a6e51-795f-4801-a523-c45a6c7f2c34@group-D74CD222B38A-LeaderElection22 ELECTION round 0: submit vote requests at term 1 for -1: peers:[e46a6e51-795f-4801-a523-c45a6c7f2c34|10.1.0.33:15014]|listeners:[], old=null
2024-02-22 20:33:45,758 [e46a6e51-795f-4801-a523-c45a6c7f2c34@group-D74CD222B38A-LeaderElection22] INFO  impl.LeaderElection (LeaderElection.java:askForVotes(323)) - e46a6e51-795f-4801-a523-c45a6c7f2c34@group-D74CD222B38A-LeaderElection22 ELECTION round 0: result PASSED (term=1)
2024-02-22 20:33:45,758 [e46a6e51-795f-4801-a523-c45a6c7f2c34@group-D74CD222B38A-LeaderElection22] INFO  impl.RoleInfo (RoleInfo.java:shutdownLeaderElection(130)) - e46a6e51-795f-4801-a523-c45a6c7f2c34: shutdown e46a6e51-795f-4801-a523-c45a6c7f2c34@group-D74CD222B38A-LeaderElection22
2024-02-22 20:33:45,758 [e46a6e51-795f-4801-a523-c45a6c7f2c34@group-D74CD222B38A-LeaderElection22] INFO  server.RaftServer$Division (RaftServerImpl.java:setRole(383)) - e46a6e51-795f-4801-a523-c45a6c7f2c34@group-D74CD222B38A: changes role from CANDIDATE to LEADER at term 1 for changeToLeader
2024-02-22 20:33:45,759 [e46a6e51-795f-4801-a523-c45a6c7f2c34@group-D74CD222B38A-LeaderElection22] INFO  server.RaftServerConfigKeys (ConfUtils.java:logGet(46)) - raft.server.staging.catchup.gap = 1000 (default)
2024-02-22 20:33:45,759 [grpc-default-executor-5] INFO  server.RaftServer$Division (RaftServerImpl.java:requestVote(1389)) - 13f92446-3b18-4d81-bc66-0f9b00220e72@group-B58ED9299B6F: receive requestVote(PRE_VOTE, c30fedce-f286-40e0-881d-3d5a9a6e2463, group-B58ED9299B6F, 0, (t:0, i:0))
2024-02-22 20:33:45,759 [grpc-default-executor-5] INFO  impl.VoteContext (VoteContext.java:log(49)) - 13f92446-3b18-4d81-bc66-0f9b00220e72@group-B58ED9299B6F-FOLLOWER: reject PRE_VOTE from c30fedce-f286-40e0-881d-3d5a9a6e2463: our priority 1 > candidate's priority 0
2024-02-22 20:33:45,759 [grpc-default-executor-5] INFO  server.RaftServer$Division (RaftServerImpl.java:requestVote(1422)) - 13f92446-3b18-4d81-bc66-0f9b00220e72@group-B58ED9299B6F replies to PRE_VOTE vote request: c30fedce-f286-40e0-881d-3d5a9a6e2463<-13f92446-3b18-4d81-bc66-0f9b00220e72#0:FAIL-t0. Peer's state: 13f92446-3b18-4d81-bc66-0f9b00220e72@group-B58ED9299B6F:t0, leader=null, voted=, raftlog=Memoized:13f92446-3b18-4d81-bc66-0f9b00220e72@group-B58ED9299B6F-SegmentedRaftLog:OPENED:c-1, conf=-1: peers:[78f89d9b-e409-4704-890b-bfcfbcdfd28a|10.1.0.33:15086, c30fedce-f286-40e0-881d-3d5a9a6e2463|10.1.0.33:15068, 13f92446-3b18-4d81-bc66-0f9b00220e72|10.1.0.33:15077]|listeners:[], old=null
2024-02-22 20:33:45,760 [c30fedce-f286-40e0-881d-3d5a9a6e2463@group-B58ED9299B6F-LeaderElection21] INFO  impl.LeaderElection (LeaderElection.java:logAndReturn(89)) - c30fedce-f286-40e0-881d-3d5a9a6e2463@group-B58ED9299B6F-LeaderElection21: PRE_VOTE REJECTED received 2 response(s) and 0 exception(s):
2024-02-22 20:33:45,760 [c30fedce-f286-40e0-881d-3d5a9a6e2463@group-B58ED9299B6F-LeaderElection21] INFO  impl.LeaderElection (LeaderElection.java:logAndReturn(93)) -   Response 0: c30fedce-f286-40e0-881d-3d5a9a6e2463<-78f89d9b-e409-4704-890b-bfcfbcdfd28a#0:OK-t0
2024-02-22 20:33:45,760 [c30fedce-f286-40e0-881d-3d5a9a6e2463@group-B58ED9299B6F-LeaderElection21] INFO  impl.LeaderElection (LeaderElection.java:logAndReturn(93)) -   Response 1: c30fedce-f286-40e0-881d-3d5a9a6e2463<-13f92446-3b18-4d81-bc66-0f9b00220e72#0:FAIL-t0
2024-02-22 20:33:45,760 [c30fedce-f286-40e0-881d-3d5a9a6e2463@group-B58ED9299B6F-LeaderElection21] INFO  impl.LeaderElection (LeaderElection.java:askForVotes(323)) - c30fedce-f286-40e0-881d-3d5a9a6e2463@group-B58ED9299B6F-LeaderElection21 PRE_VOTE round 0: result REJECTED
2024-02-22 20:33:45,760 [c30fedce-f286-40e0-881d-3d5a9a6e2463@group-B58ED9299B6F-LeaderElection21] INFO  server.RaftServer$Division (RaftServerImpl.java:setRole(383)) - c30fedce-f286-40e0-881d-3d5a9a6e2463@group-B58ED9299B6F: changes role from CANDIDATE to FOLLOWER at term 0 for REJECTED
2024-02-22 20:33:45,760 [c30fedce-f286-40e0-881d-3d5a9a6e2463@group-B58ED9299B6F-LeaderElection21] INFO  impl.RoleInfo (RoleInfo.java:shutdownLeaderElection(130)) - c30fedce-f286-40e0-881d-3d5a9a6e2463: shutdown c30fedce-f286-40e0-881d-3d5a9a6e2463@group-B58ED9299B6F-LeaderElection21
2024-02-22 20:33:45,760 [c30fedce-f286-40e0-881d-3d5a9a6e2463@group-B58ED9299B6F-LeaderElection21] INFO  impl.RoleInfo (RoleInfo.java:updateAndGet(139)) - c30fedce-f286-40e0-881d-3d5a9a6e2463: start c30fedce-f286-40e0-881d-3d5a9a6e2463@group-B58ED9299B6F-FollowerState
2024-02-22 20:33:45,761 [e46a6e51-795f-4801-a523-c45a6c7f2c34@group-D74CD222B38A-LeaderElection22] INFO  server.RaftServerConfigKeys (ConfUtils.java:logGet(46)) - raft.server.write.element-limit = 1024 (custom)
2024-02-22 20:33:45,761 [e46a6e51-795f-4801-a523-c45a6c7f2c34@group-D74CD222B38A-LeaderElection22] INFO  server.RaftServerConfigKeys (ConfUtils.java:logGet(46)) - raft.server.write.byte-limit = 1024 M (=1073741824) (custom)
2024-02-22 20:33:45,762 [e46a6e51-795f-4801-a523-c45a6c7f2c34@group-D74CD222B38A-LeaderElection22] INFO  server.RaftServerConfigKeys (ConfUtils.java:logGet(46)) - raft.server.watch.timeout = 180s (custom)
2024-02-22 20:33:45,762 [e46a6e51-795f-4801-a523-c45a6c7f2c34@group-D74CD222B38A-LeaderElection22] INFO  server.RaftServerConfigKeys (ConfUtils.java:logGet(46)) - raft.server.watch.timeout.denomination = 1s (default)
2024-02-22 20:33:45,762 [e46a6e51-795f-4801-a523-c45a6c7f2c34@group-D74CD222B38A-LeaderElection22] INFO  server.RaftServerConfigKeys (ConfUtils.java:logGet(46)) - raft.server.watch.element-limit = 65536 (default)
2024-02-22 20:33:45,763 [e46a6e51-795f-4801-a523-c45a6c7f2c34@group-D74CD222B38A-LeaderElection22] INFO  server.RaftServerConfigKeys (ConfUtils.java:logGet(46)) - raft.server.read.leader.lease.enabled = false (default)
2024-02-22 20:33:45,763 [e46a6e51-795f-4801-a523-c45a6c7f2c34@group-D74CD222B38A-LeaderElection22] INFO  server.RaftServerConfigKeys (ConfUtils.java:logGet(46)) - raft.server.read.leader.lease.timeout.ratio = 0.9 (default)
2024-02-22 20:33:45,764 [e46a6e51-795f-4801-a523-c45a6c7f2c34@group-D74CD222B38A-LeaderElection22] INFO  server.RaftServerConfigKeys (ConfUtils.java:logGet(46)) - raft.server.rpc.timeout.min = 5s (custom)
2024-02-22 20:33:45,764 [e46a6e51-795f-4801-a523-c45a6c7f2c34@group-D74CD222B38A-LeaderElection22] INFO  server.RaftServerConfigKeys (ConfUtils.java:logGet(46)) - raft.server.write.element-limit = 1024 (custom)
2024-02-22 20:33:45,764 [c30fedce-f286-40e0-881d-3d5a9a6e2463@group-B58ED9299B6F-LeaderElection21] INFO  server.RaftServer$Division (RaftServerImpl.java:setFirstElection(574)) - c30fedce-f286-40e0-881d-3d5a9a6e2463@group-B58ED9299B6F: set firstElectionSinceStartup to false for REJECTED
2024-02-22 20:33:45,765 [e46a6e51-795f-4801-a523-c45a6c7f2c34@group-D74CD222B38A-LeaderElection22] INFO  server.RaftServerConfigKeys (ConfUtils.java:logGet(46)) - raft.server.write.follower.gap.ratio.max = -1.0 (default)
2024-02-22 20:33:45,765 [e46a6e51-795f-4801-a523-c45a6c7f2c34@group-D74CD222B38A-LeaderElection22] INFO  impl.RoleInfo (RoleInfo.java:updateAndGet(139)) - e46a6e51-795f-4801-a523-c45a6c7f2c34: start e46a6e51-795f-4801-a523-c45a6c7f2c34@group-D74CD222B38A-LeaderStateImpl
2024-02-22 20:33:45,766 [e46a6e51-795f-4801-a523-c45a6c7f2c34@group-D74CD222B38A-LeaderElection22] INFO  server.RaftServer$Division (RaftServerImpl.java:setFirstElection(574)) - e46a6e51-795f-4801-a523-c45a6c7f2c34@group-D74CD222B38A: set firstElectionSinceStartup to false for becomeLeader
2024-02-22 20:33:45,766 [e46a6e51-795f-4801-a523-c45a6c7f2c34@group-D74CD222B38A-LeaderElection22] INFO  ratis.XceiverServerRatis (XceiverServerRatis.java:handleLeaderChangedNotification(966)) - Leader change notification received for group: group-D74CD222B38A with new leaderId: e46a6e51-795f-4801-a523-c45a6c7f2c34
2024-02-22 20:33:45,766 [e46a6e51-795f-4801-a523-c45a6c7f2c34@group-D74CD222B38A-LeaderElection22] INFO  server.RaftServer$Division (ServerState.java:setLeader(269)) - e46a6e51-795f-4801-a523-c45a6c7f2c34@group-D74CD222B38A: change Leader from null to e46a6e51-795f-4801-a523-c45a6c7f2c34 at term 1 for becomeLeader, leader elected after 5417ms
2024-02-22 20:33:45,767 [e46a6e51-795f-4801-a523-c45a6c7f2c34@group-D74CD222B38A-LeaderElection22] INFO  segmented.SegmentedRaftLogWorker (SegmentedRaftLogWorker.java:startLogSegment(430)) - e46a6e51-795f-4801-a523-c45a6c7f2c34@group-D74CD222B38A-SegmentedRaftLogWorker: Starting segment from index:0
2024-02-22 20:33:45,767 [e46a6e51-795f-4801-a523-c45a6c7f2c34@group-D74CD222B38A-LeaderElection22] INFO  server.RaftServer$Division (ServerState.java:setRaftConf(386)) - e46a6e51-795f-4801-a523-c45a6c7f2c34@group-D74CD222B38A: set configuration 0: peers:[e46a6e51-795f-4801-a523-c45a6c7f2c34|10.1.0.33:15014]|listeners:[], old=null
2024-02-22 20:33:45,768 [e46a6e51-795f-4801-a523-c45a6c7f2c34@group-D74CD222B38A-SegmentedRaftLogWorker] INFO  segmented.BufferedWriteChannel (BufferedWriteChannel.java:open(62)) - open log_inprogress_0 at position 0
2024-02-22 20:33:45,790 [e46a6e51-795f-4801-a523-c45a6c7f2c34@group-D74CD222B38A-SegmentedRaftLogWorker] INFO  segmented.SegmentedRaftLogWorker (SegmentedRaftLogWorker.java:execute(634)) - e46a6e51-795f-4801-a523-c45a6c7f2c34@group-D74CD222B38A-SegmentedRaftLogWorker: created new log segment /home/runner/work/ozone/ozone/hadoop-ozone/integration-test/target/test-dir/MiniOzoneClusterImpl-a0fc024b-a492-45a5-9697-b0d14f72cb5c/datanode-0/data/ratis/efc484b9-defd-45a9-8873-d74cd222b38a/current/log_inprogress_0
2024-02-22 20:33:45,792 [923be64f-71f4-4891-b05d-82ff5a9df5b5@group-A538022C1006-FollowerState] INFO  impl.FollowerState (FollowerState.java:run(143)) - 923be64f-71f4-4891-b05d-82ff5a9df5b5@group-A538022C1006-FollowerState: change to CANDIDATE, lastRpcElapsedTime:5052841713ns, electionTimeout:5042ms
2024-02-22 20:33:45,792 [923be64f-71f4-4891-b05d-82ff5a9df5b5@group-A538022C1006-FollowerState] INFO  impl.RoleInfo (RoleInfo.java:shutdownFollowerState(110)) - 923be64f-71f4-4891-b05d-82ff5a9df5b5: shutdown 923be64f-71f4-4891-b05d-82ff5a9df5b5@group-A538022C1006-FollowerState
2024-02-22 20:33:45,792 [923be64f-71f4-4891-b05d-82ff5a9df5b5@group-A538022C1006-FollowerState] INFO  server.RaftServer$Division (RaftServerImpl.java:setRole(383)) - 923be64f-71f4-4891-b05d-82ff5a9df5b5@group-A538022C1006: changes role from  FOLLOWER to CANDIDATE at term 0 for changeToCandidate
2024-02-22 20:33:45,794 [923be64f-71f4-4891-b05d-82ff5a9df5b5@group-A538022C1006-FollowerState] INFO  server.RaftServerConfigKeys (ConfUtils.java:logGet(46)) - raft.server.leaderelection.pre-vote = true (default)
2024-02-22 20:33:45,794 [923be64f-71f4-4891-b05d-82ff5a9df5b5@group-A538022C1006-FollowerState] INFO  impl.RoleInfo (RoleInfo.java:updateAndGet(139)) - 923be64f-71f4-4891-b05d-82ff5a9df5b5: start 923be64f-71f4-4891-b05d-82ff5a9df5b5@group-A538022C1006-LeaderElection23
2024-02-22 20:33:45,800 [d25dc3b0-28fc-4383-b1a0-617845025f41@group-9D5BCF0FDB08-FollowerState] INFO  impl.FollowerState (FollowerState.java:run(143)) - d25dc3b0-28fc-4383-b1a0-617845025f41@group-9D5BCF0FDB08-FollowerState: change to CANDIDATE, lastRpcElapsedTime:5142449911ns, electionTimeout:5142ms
2024-02-22 20:33:45,800 [d25dc3b0-28fc-4383-b1a0-617845025f41@group-9D5BCF0FDB08-FollowerState] INFO  impl.RoleInfo (RoleInfo.java:shutdownFollowerState(110)) - d25dc3b0-28fc-4383-b1a0-617845025f41: shutdown d25dc3b0-28fc-4383-b1a0-617845025f41@group-9D5BCF0FDB08-FollowerState
2024-02-22 20:33:45,800 [d25dc3b0-28fc-4383-b1a0-617845025f41@group-9D5BCF0FDB08-FollowerState] INFO  server.RaftServer$Division (RaftServerImpl.java:setRole(383)) - d25dc3b0-28fc-4383-b1a0-617845025f41@group-9D5BCF0FDB08: changes role from  FOLLOWER to CANDIDATE at term 0 for changeToCandidate
2024-02-22 20:33:45,805 [923be64f-71f4-4891-b05d-82ff5a9df5b5@group-A538022C1006-LeaderElection23] INFO  impl.LeaderElection (LeaderElection.java:askForVotes(321)) - 923be64f-71f4-4891-b05d-82ff5a9df5b5@group-A538022C1006-LeaderElection23 PRE_VOTE round 0: submit vote requests at term 0 for -1: peers:[923be64f-71f4-4891-b05d-82ff5a9df5b5|10.1.0.33:15023, e46a6e51-795f-4801-a523-c45a6c7f2c34|10.1.0.33:15014, e780b093-7242-46d7-bd8f-0f810188c7b3|10.1.0.33:15095]|listeners:[], old=null
2024-02-22 20:33:45,806 [e46a6e51-795f-4801-a523-c45a6c7f2c34@group-D74CD222B38A-StateMachineUpdater] INFO  server.RaftServer$Division (LeaderStateImpl.java:isApplied(320)) - leader is ready since appliedIndex == 0 >= startIndex == 0
2024-02-22 20:33:45,809 [923be64f-71f4-4891-b05d-82ff5a9df5b5@group-A538022C1006-LeaderElection23] INFO  server.RaftServerConfigKeys (ConfUtils.java:logFallback(53)) - raft.server.rpc.first-election.timeout.min = 5s (fallback to raft.server.rpc.timeout.min)
2024-02-22 20:33:45,809 [923be64f-71f4-4891-b05d-82ff5a9df5b5@group-A538022C1006-LeaderElection23] INFO  server.RaftServerConfigKeys (ConfUtils.java:logFallback(53)) - raft.server.rpc.first-election.timeout.max = 5200ms (fallback to raft.server.rpc.timeout.max)
2024-02-22 20:33:45,809 [grpc-default-executor-1] INFO  server.RaftServer$Division (RaftServerImpl.java:requestVote(1389)) - e46a6e51-795f-4801-a523-c45a6c7f2c34@group-A538022C1006: receive requestVote(PRE_VOTE, 923be64f-71f4-4891-b05d-82ff5a9df5b5, group-A538022C1006, 0, (t:0, i:0))
2024-02-22 20:33:45,809 [grpc-default-executor-1] INFO  impl.VoteContext (VoteContext.java:log(49)) - e46a6e51-795f-4801-a523-c45a6c7f2c34@group-A538022C1006-FOLLOWER: accept PRE_VOTE from 923be64f-71f4-4891-b05d-82ff5a9df5b5: our priority 0 <= candidate's priority 0
2024-02-22 20:33:45,809 [grpc-default-executor-1] INFO  server.RaftServer$Division (RaftServerImpl.java:requestVote(1422)) - e46a6e51-795f-4801-a523-c45a6c7f2c34@group-A538022C1006 replies to PRE_VOTE vote request: 923be64f-71f4-4891-b05d-82ff5a9df5b5<-e46a6e51-795f-4801-a523-c45a6c7f2c34#0:OK-t0. Peer's state: e46a6e51-795f-4801-a523-c45a6c7f2c34@group-A538022C1006:t0, leader=null, voted=, raftlog=Memoized:e46a6e51-795f-4801-a523-c45a6c7f2c34@group-A538022C1006-SegmentedRaftLog:OPENED:c-1, conf=-1: peers:[923be64f-71f4-4891-b05d-82ff5a9df5b5|10.1.0.33:15023, e46a6e51-795f-4801-a523-c45a6c7f2c34|10.1.0.33:15014, e780b093-7242-46d7-bd8f-0f810188c7b3|10.1.0.33:15095]|listeners:[], old=null
2024-02-22 20:33:45,810 [d25dc3b0-28fc-4383-b1a0-617845025f41@group-9D5BCF0FDB08-FollowerState] INFO  server.RaftServerConfigKeys (ConfUtils.java:logGet(46)) - raft.server.leaderelection.pre-vote = true (default)
2024-02-22 20:33:45,810 [d25dc3b0-28fc-4383-b1a0-617845025f41@group-9D5BCF0FDB08-FollowerState] INFO  impl.RoleInfo (RoleInfo.java:updateAndGet(139)) - d25dc3b0-28fc-4383-b1a0-617845025f41: start d25dc3b0-28fc-4383-b1a0-617845025f41@group-9D5BCF0FDB08-LeaderElection24
2024-02-22 20:33:45,810 [923be64f-71f4-4891-b05d-82ff5a9df5b5@group-A538022C1006-LeaderElection23-2] INFO  server.GrpcServerProtocolClient (GrpcServerProtocolClient.java:<init>(65)) - Build channel for e780b093-7242-46d7-bd8f-0f810188c7b3|10.1.0.33:15095
2024-02-22 20:33:45,828 [d25dc3b0-28fc-4383-b1a0-617845025f41@group-9D5BCF0FDB08-LeaderElection24] INFO  impl.LeaderElection (LeaderElection.java:askForVotes(321)) - d25dc3b0-28fc-4383-b1a0-617845025f41@group-9D5BCF0FDB08-LeaderElection24 PRE_VOTE round 0: submit vote requests at term 0 for -1: peers:[78f89d9b-e409-4704-890b-bfcfbcdfd28a|10.1.0.33:15086, d25dc3b0-28fc-4383-b1a0-617845025f41|10.1.0.33:15032, 4e8f68d6-fd98-4f77-87e3-715939181693|10.1.0.33:15041]|listeners:[], old=null
2024-02-22 20:33:45,829 [d25dc3b0-28fc-4383-b1a0-617845025f41@group-9D5BCF0FDB08-LeaderElection24] INFO  server.RaftServerConfigKeys (ConfUtils.java:logFallback(53)) - raft.server.rpc.first-election.timeout.min = 5s (fallback to raft.server.rpc.timeout.min)
2024-02-22 20:33:45,829 [d25dc3b0-28fc-4383-b1a0-617845025f41@group-9D5BCF0FDB08-LeaderElection24] INFO  server.RaftServerConfigKeys (ConfUtils.java:logFallback(53)) - raft.server.rpc.first-election.timeout.max = 5200ms (fallback to raft.server.rpc.timeout.max)
2024-02-22 20:33:45,829 [d25dc3b0-28fc-4383-b1a0-617845025f41@group-9D5BCF0FDB08-LeaderElection24-2] INFO  server.GrpcServerProtocolClient (GrpcServerProtocolClient.java:<init>(65)) - Build channel for 4e8f68d6-fd98-4f77-87e3-715939181693|10.1.0.33:15041
2024-02-22 20:33:45,832 [grpc-default-executor-4] INFO  server.RaftServer$Division (RaftServerImpl.java:requestVote(1389)) - e780b093-7242-46d7-bd8f-0f810188c7b3@group-A538022C1006: receive requestVote(PRE_VOTE, 923be64f-71f4-4891-b05d-82ff5a9df5b5, group-A538022C1006, 0, (t:0, i:0))
2024-02-22 20:33:45,832 [grpc-default-executor-4] INFO  impl.VoteContext (VoteContext.java:log(49)) - e780b093-7242-46d7-bd8f-0f810188c7b3@group-A538022C1006-FOLLOWER: reject PRE_VOTE from 923be64f-71f4-4891-b05d-82ff5a9df5b5: our priority 1 > candidate's priority 0
2024-02-22 20:33:45,832 [grpc-default-executor-4] INFO  server.RaftServer$Division (RaftServerImpl.java:requestVote(1422)) - e780b093-7242-46d7-bd8f-0f810188c7b3@group-A538022C1006 replies to PRE_VOTE vote request: 923be64f-71f4-4891-b05d-82ff5a9df5b5<-e780b093-7242-46d7-bd8f-0f810188c7b3#0:FAIL-t0. Peer's state: e780b093-7242-46d7-bd8f-0f810188c7b3@group-A538022C1006:t0, leader=null, voted=, raftlog=Memoized:e780b093-7242-46d7-bd8f-0f810188c7b3@group-A538022C1006-SegmentedRaftLog:OPENED:c-1, conf=-1: peers:[923be64f-71f4-4891-b05d-82ff5a9df5b5|10.1.0.33:15023, e46a6e51-795f-4801-a523-c45a6c7f2c34|10.1.0.33:15014, e780b093-7242-46d7-bd8f-0f810188c7b3|10.1.0.33:15095]|listeners:[], old=null
2024-02-22 20:33:45,833 [923be64f-71f4-4891-b05d-82ff5a9df5b5@group-A538022C1006-LeaderElection23] INFO  impl.LeaderElection (LeaderElection.java:logAndReturn(89)) - 923be64f-71f4-4891-b05d-82ff5a9df5b5@group-A538022C1006-LeaderElection23: PRE_VOTE REJECTED received 2 response(s) and 0 exception(s):
2024-02-22 20:33:45,833 [923be64f-71f4-4891-b05d-82ff5a9df5b5@group-A538022C1006-LeaderElection23] INFO  impl.LeaderElection (LeaderElection.java:logAndReturn(93)) -   Response 0: 923be64f-71f4-4891-b05d-82ff5a9df5b5<-e46a6e51-795f-4801-a523-c45a6c7f2c34#0:OK-t0
2024-02-22 20:33:45,833 [923be64f-71f4-4891-b05d-82ff5a9df5b5@group-A538022C1006-LeaderElection23] INFO  impl.LeaderElection (LeaderElection.java:logAndReturn(93)) -   Response 1: 923be64f-71f4-4891-b05d-82ff5a9df5b5<-e780b093-7242-46d7-bd8f-0f810188c7b3#0:FAIL-t0
2024-02-22 20:33:45,833 [923be64f-71f4-4891-b05d-82ff5a9df5b5@group-A538022C1006-LeaderElection23] INFO  impl.LeaderElection (LeaderElection.java:askForVotes(323)) - 923be64f-71f4-4891-b05d-82ff5a9df5b5@group-A538022C1006-LeaderElection23 PRE_VOTE round 0: result REJECTED
2024-02-22 20:33:45,833 [923be64f-71f4-4891-b05d-82ff5a9df5b5@group-A538022C1006-LeaderElection23] INFO  server.RaftServer$Division (RaftServerImpl.java:setRole(383)) - 923be64f-71f4-4891-b05d-82ff5a9df5b5@group-A538022C1006: changes role from CANDIDATE to FOLLOWER at term 0 for REJECTED
2024-02-22 20:33:45,834 [923be64f-71f4-4891-b05d-82ff5a9df5b5@group-A538022C1006-LeaderElection23] INFO  impl.RoleInfo (RoleInfo.java:shutdownLeaderElection(130)) - 923be64f-71f4-4891-b05d-82ff5a9df5b5: shutdown 923be64f-71f4-4891-b05d-82ff5a9df5b5@group-A538022C1006-LeaderElection23
2024-02-22 20:33:45,834 [923be64f-71f4-4891-b05d-82ff5a9df5b5@group-A538022C1006-LeaderElection23] INFO  impl.RoleInfo (RoleInfo.java:updateAndGet(139)) - 923be64f-71f4-4891-b05d-82ff5a9df5b5: start 923be64f-71f4-4891-b05d-82ff5a9df5b5@group-A538022C1006-FollowerState
2024-02-22 20:33:45,834 [923be64f-71f4-4891-b05d-82ff5a9df5b5@group-A538022C1006-LeaderElection23] INFO  server.RaftServer$Division (RaftServerImpl.java:setFirstElection(574)) - 923be64f-71f4-4891-b05d-82ff5a9df5b5@group-A538022C1006: set firstElectionSinceStartup to false for REJECTED
2024-02-22 20:33:45,835 [grpc-default-executor-4] INFO  server.RaftServer$Division (RaftServerImpl.java:requestVote(1389)) - 4e8f68d6-fd98-4f77-87e3-715939181693@group-9D5BCF0FDB08: receive requestVote(PRE_VOTE, d25dc3b0-28fc-4383-b1a0-617845025f41, group-9D5BCF0FDB08, 0, (t:0, i:0))
2024-02-22 20:33:45,835 [grpc-default-executor-4] INFO  impl.VoteContext (VoteContext.java:log(49)) - 4e8f68d6-fd98-4f77-87e3-715939181693@group-9D5BCF0FDB08-FOLLOWER: reject PRE_VOTE from d25dc3b0-28fc-4383-b1a0-617845025f41: our priority 1 > candidate's priority 0
2024-02-22 20:33:45,835 [grpc-default-executor-4] INFO  server.RaftServer$Division (RaftServerImpl.java:requestVote(1422)) - 4e8f68d6-fd98-4f77-87e3-715939181693@group-9D5BCF0FDB08 replies to PRE_VOTE vote request: d25dc3b0-28fc-4383-b1a0-617845025f41<-4e8f68d6-fd98-4f77-87e3-715939181693#0:FAIL-t0. Peer's state: 4e8f68d6-fd98-4f77-87e3-715939181693@group-9D5BCF0FDB08:t0, leader=null, voted=, raftlog=Memoized:4e8f68d6-fd98-4f77-87e3-715939181693@group-9D5BCF0FDB08-SegmentedRaftLog:OPENED:c-1, conf=-1: peers:[78f89d9b-e409-4704-890b-bfcfbcdfd28a|10.1.0.33:15086, d25dc3b0-28fc-4383-b1a0-617845025f41|10.1.0.33:15032, 4e8f68d6-fd98-4f77-87e3-715939181693|10.1.0.33:15041]|listeners:[], old=null
2024-02-22 20:33:45,836 [d25dc3b0-28fc-4383-b1a0-617845025f41@group-9D5BCF0FDB08-LeaderElection24] INFO  impl.LeaderElection (LeaderElection.java:logAndReturn(89)) - d25dc3b0-28fc-4383-b1a0-617845025f41@group-9D5BCF0FDB08-LeaderElection24: PRE_VOTE REJECTED received 1 response(s) and 0 exception(s):
2024-02-22 20:33:45,836 [d25dc3b0-28fc-4383-b1a0-617845025f41@group-9D5BCF0FDB08-LeaderElection24] INFO  impl.LeaderElection (LeaderElection.java:logAndReturn(93)) -   Response 0: d25dc3b0-28fc-4383-b1a0-617845025f41<-4e8f68d6-fd98-4f77-87e3-715939181693#0:FAIL-t0
2024-02-22 20:33:45,836 [d25dc3b0-28fc-4383-b1a0-617845025f41@group-9D5BCF0FDB08-LeaderElection24] INFO  impl.LeaderElection (LeaderElection.java:askForVotes(323)) - d25dc3b0-28fc-4383-b1a0-617845025f41@group-9D5BCF0FDB08-LeaderElection24 PRE_VOTE round 0: result REJECTED
2024-02-22 20:33:45,837 [d25dc3b0-28fc-4383-b1a0-617845025f41@group-9D5BCF0FDB08-LeaderElection24-1] INFO  server.GrpcServerProtocolClient (GrpcServerProtocolClient.java:<init>(65)) - Build channel for 78f89d9b-e409-4704-890b-bfcfbcdfd28a|10.1.0.33:15086
2024-02-22 20:33:45,837 [d25dc3b0-28fc-4383-b1a0-617845025f41@group-9D5BCF0FDB08-LeaderElection24] INFO  server.RaftServer$Division (RaftServerImpl.java:setRole(383)) - d25dc3b0-28fc-4383-b1a0-617845025f41@group-9D5BCF0FDB08: changes role from CANDIDATE to FOLLOWER at term 0 for REJECTED
2024-02-22 20:33:45,838 [d25dc3b0-28fc-4383-b1a0-617845025f41@group-9D5BCF0FDB08-LeaderElection24] INFO  impl.RoleInfo (RoleInfo.java:shutdownLeaderElection(130)) - d25dc3b0-28fc-4383-b1a0-617845025f41: shutdown d25dc3b0-28fc-4383-b1a0-617845025f41@group-9D5BCF0FDB08-LeaderElection24
2024-02-22 20:33:45,838 [d25dc3b0-28fc-4383-b1a0-617845025f41@group-9D5BCF0FDB08-LeaderElection24] INFO  impl.RoleInfo (RoleInfo.java:updateAndGet(139)) - d25dc3b0-28fc-4383-b1a0-617845025f41: start d25dc3b0-28fc-4383-b1a0-617845025f41@group-9D5BCF0FDB08-FollowerState
2024-02-22 20:33:45,838 [d25dc3b0-28fc-4383-b1a0-617845025f41@group-9D5BCF0FDB08-LeaderElection24] INFO  server.RaftServer$Division (RaftServerImpl.java:setFirstElection(574)) - d25dc3b0-28fc-4383-b1a0-617845025f41@group-9D5BCF0FDB08: set firstElectionSinceStartup to false for REJECTED
2024-02-22 20:33:45,844 [e46a6e51-795f-4801-a523-c45a6c7f2c34@group-83D984655C73-FollowerState] INFO  impl.FollowerState (FollowerState.java:run(143)) - e46a6e51-795f-4801-a523-c45a6c7f2c34@group-83D984655C73-FollowerState: change to CANDIDATE, lastRpcElapsedTime:5038443911ns, electionTimeout:5032ms
2024-02-22 20:33:45,844 [e46a6e51-795f-4801-a523-c45a6c7f2c34@group-83D984655C73-FollowerState] INFO  impl.RoleInfo (RoleInfo.java:shutdownFollowerState(110)) - e46a6e51-795f-4801-a523-c45a6c7f2c34: shutdown e46a6e51-795f-4801-a523-c45a6c7f2c34@group-83D984655C73-FollowerState
2024-02-22 20:33:45,844 [e46a6e51-795f-4801-a523-c45a6c7f2c34@group-83D984655C73-FollowerState] INFO  server.RaftServer$Division (RaftServerImpl.java:setRole(383)) - e46a6e51-795f-4801-a523-c45a6c7f2c34@group-83D984655C73: changes role from  FOLLOWER to CANDIDATE at term 0 for changeToCandidate
2024-02-22 20:33:45,844 [e46a6e51-795f-4801-a523-c45a6c7f2c34@group-83D984655C73-FollowerState] INFO  server.RaftServerConfigKeys (ConfUtils.java:logGet(46)) - raft.server.leaderelection.pre-vote = true (default)
2024-02-22 20:33:45,844 [e46a6e51-795f-4801-a523-c45a6c7f2c34@group-83D984655C73-FollowerState] INFO  impl.RoleInfo (RoleInfo.java:updateAndGet(139)) - e46a6e51-795f-4801-a523-c45a6c7f2c34: start e46a6e51-795f-4801-a523-c45a6c7f2c34@group-83D984655C73-LeaderElection25
2024-02-22 20:33:45,845 [grpc-default-executor-4] INFO  server.RaftServer$Division (RaftServerImpl.java:requestVote(1389)) - 78f89d9b-e409-4704-890b-bfcfbcdfd28a@group-9D5BCF0FDB08: receive requestVote(PRE_VOTE, d25dc3b0-28fc-4383-b1a0-617845025f41, group-9D5BCF0FDB08, 0, (t:0, i:0))
2024-02-22 20:33:45,845 [grpc-default-executor-4] INFO  impl.VoteContext (VoteContext.java:log(49)) - 78f89d9b-e409-4704-890b-bfcfbcdfd28a@group-9D5BCF0FDB08-FOLLOWER: accept PRE_VOTE from d25dc3b0-28fc-4383-b1a0-617845025f41: our priority 0 <= candidate's priority 0
2024-02-22 20:33:45,845 [grpc-default-executor-4] INFO  server.RaftServer$Division (RaftServerImpl.java:requestVote(1422)) - 78f89d9b-e409-4704-890b-bfcfbcdfd28a@group-9D5BCF0FDB08 replies to PRE_VOTE vote request: d25dc3b0-28fc-4383-b1a0-617845025f41<-78f89d9b-e409-4704-890b-bfcfbcdfd28a#0:OK-t0. Peer's state: 78f89d9b-e409-4704-890b-bfcfbcdfd28a@group-9D5BCF0FDB08:t0, leader=null, voted=, raftlog=Memoized:78f89d9b-e409-4704-890b-bfcfbcdfd28a@group-9D5BCF0FDB08-SegmentedRaftLog:OPENED:c-1, conf=-1: peers:[78f89d9b-e409-4704-890b-bfcfbcdfd28a|10.1.0.33:15086, d25dc3b0-28fc-4383-b1a0-617845025f41|10.1.0.33:15032, 4e8f68d6-fd98-4f77-87e3-715939181693|10.1.0.33:15041]|listeners:[], old=null
2024-02-22 20:33:45,846 [e780b093-7242-46d7-bd8f-0f810188c7b3@group-383C4AAD3A78-FollowerState] INFO  impl.FollowerState (FollowerState.java:run(143)) - e780b093-7242-46d7-bd8f-0f810188c7b3@group-383C4AAD3A78-FollowerState: change to CANDIDATE, lastRpcElapsedTime:5024241726ns, electionTimeout:5014ms
2024-02-22 20:33:45,846 [e780b093-7242-46d7-bd8f-0f810188c7b3@group-383C4AAD3A78-FollowerState] INFO  impl.RoleInfo (RoleInfo.java:shutdownFollowerState(110)) - e780b093-7242-46d7-bd8f-0f810188c7b3: shutdown e780b093-7242-46d7-bd8f-0f810188c7b3@group-383C4AAD3A78-FollowerState
2024-02-22 20:33:45,846 [e780b093-7242-46d7-bd8f-0f810188c7b3@group-383C4AAD3A78-FollowerState] INFO  server.RaftServer$Division (RaftServerImpl.java:setRole(383)) - e780b093-7242-46d7-bd8f-0f810188c7b3@group-383C4AAD3A78: changes role from  FOLLOWER to CANDIDATE at term 0 for changeToCandidate
2024-02-22 20:33:45,846 [e780b093-7242-46d7-bd8f-0f810188c7b3@group-383C4AAD3A78-FollowerState] INFO  server.RaftServerConfigKeys (ConfUtils.java:logGet(46)) - raft.server.leaderelection.pre-vote = true (default)
2024-02-22 20:33:45,846 [e780b093-7242-46d7-bd8f-0f810188c7b3@group-383C4AAD3A78-FollowerState] INFO  impl.RoleInfo (RoleInfo.java:updateAndGet(139)) - e780b093-7242-46d7-bd8f-0f810188c7b3: start e780b093-7242-46d7-bd8f-0f810188c7b3@group-383C4AAD3A78-LeaderElection26
2024-02-22 20:33:45,851 [e780b093-7242-46d7-bd8f-0f810188c7b3@group-383C4AAD3A78-LeaderElection26] INFO  impl.LeaderElection (LeaderElection.java:askForVotes(321)) - e780b093-7242-46d7-bd8f-0f810188c7b3@group-383C4AAD3A78-LeaderElection26 PRE_VOTE round 0: submit vote requests at term 0 for -1: peers:[e780b093-7242-46d7-bd8f-0f810188c7b3|10.1.0.33:15095]|listeners:[], old=null
2024-02-22 20:33:45,851 [e46a6e51-795f-4801-a523-c45a6c7f2c34@group-83D984655C73-LeaderElection25] INFO  impl.LeaderElection (LeaderElection.java:askForVotes(321)) - e46a6e51-795f-4801-a523-c45a6c7f2c34@group-83D984655C73-LeaderElection25 PRE_VOTE round 0: submit vote requests at term 0 for -1: peers:[86ab988c-fa9c-425d-a1c6-9004ff7fd93d|10.1.0.33:15059, e46a6e51-795f-4801-a523-c45a6c7f2c34|10.1.0.33:15014, e780b093-7242-46d7-bd8f-0f810188c7b3|10.1.0.33:15095]|listeners:[], old=null
2024-02-22 20:33:45,851 [e780b093-7242-46d7-bd8f-0f810188c7b3@group-383C4AAD3A78-LeaderElection26] INFO  impl.LeaderElection (LeaderElection.java:askForVotes(323)) - e780b093-7242-46d7-bd8f-0f810188c7b3@group-383C4AAD3A78-LeaderElection26 PRE_VOTE round 0: result PASSED (term=0)
2024-02-22 20:33:45,853 [e780b093-7242-46d7-bd8f-0f810188c7b3@group-383C4AAD3A78-LeaderElection26] INFO  impl.LeaderElection (LeaderElection.java:askForVotes(321)) - e780b093-7242-46d7-bd8f-0f810188c7b3@group-383C4AAD3A78-LeaderElection26 ELECTION round 0: submit vote requests at term 1 for -1: peers:[e780b093-7242-46d7-bd8f-0f810188c7b3|10.1.0.33:15095]|listeners:[], old=null
2024-02-22 20:33:45,857 [e780b093-7242-46d7-bd8f-0f810188c7b3@group-383C4AAD3A78-LeaderElection26] INFO  impl.LeaderElection (LeaderElection.java:askForVotes(323)) - e780b093-7242-46d7-bd8f-0f810188c7b3@group-383C4AAD3A78-LeaderElection26 ELECTION round 0: result PASSED (term=1)
2024-02-22 20:33:45,857 [e780b093-7242-46d7-bd8f-0f810188c7b3@group-383C4AAD3A78-LeaderElection26] INFO  impl.RoleInfo (RoleInfo.java:shutdownLeaderElection(130)) - e780b093-7242-46d7-bd8f-0f810188c7b3: shutdown e780b093-7242-46d7-bd8f-0f810188c7b3@group-383C4AAD3A78-LeaderElection26
2024-02-22 20:33:45,857 [e780b093-7242-46d7-bd8f-0f810188c7b3@group-383C4AAD3A78-LeaderElection26] INFO  server.RaftServer$Division (RaftServerImpl.java:setRole(383)) - e780b093-7242-46d7-bd8f-0f810188c7b3@group-383C4AAD3A78: changes role from CANDIDATE to LEADER at term 1 for changeToLeader
2024-02-22 20:33:45,857 [e780b093-7242-46d7-bd8f-0f810188c7b3@group-383C4AAD3A78-LeaderElection26] INFO  server.RaftServerConfigKeys (ConfUtils.java:logGet(46)) - raft.server.staging.catchup.gap = 1000 (default)
2024-02-22 20:33:45,854 [e46a6e51-795f-4801-a523-c45a6c7f2c34@group-83D984655C73-LeaderElection25-2] INFO  server.GrpcServerProtocolClient (GrpcServerProtocolClient.java:<init>(65)) - Build channel for e780b093-7242-46d7-bd8f-0f810188c7b3|10.1.0.33:15095
2024-02-22 20:33:45,854 [e46a6e51-795f-4801-a523-c45a6c7f2c34@group-83D984655C73-LeaderElection25] INFO  server.RaftServerConfigKeys (ConfUtils.java:logFallback(53)) - raft.server.rpc.first-election.timeout.min = 5s (fallback to raft.server.rpc.timeout.min)
2024-02-22 20:33:45,854 [e46a6e51-795f-4801-a523-c45a6c7f2c34@group-83D984655C73-LeaderElection25-1] INFO  server.GrpcServerProtocolClient (GrpcServerProtocolClient.java:<init>(65)) - Build channel for 86ab988c-fa9c-425d-a1c6-9004ff7fd93d|10.1.0.33:15059
2024-02-22 20:33:45,859 [e46a6e51-795f-4801-a523-c45a6c7f2c34@group-83D984655C73-LeaderElection25] INFO  server.RaftServerConfigKeys (ConfUtils.java:logFallback(53)) - raft.server.rpc.first-election.timeout.max = 5200ms (fallback to raft.server.rpc.timeout.max)
2024-02-22 20:33:45,863 [e780b093-7242-46d7-bd8f-0f810188c7b3@group-383C4AAD3A78-LeaderElection26] INFO  server.RaftServerConfigKeys (ConfUtils.java:logGet(46)) - raft.server.write.element-limit = 1024 (custom)
2024-02-22 20:33:45,863 [e780b093-7242-46d7-bd8f-0f810188c7b3@group-383C4AAD3A78-LeaderElection26] INFO  server.RaftServerConfigKeys (ConfUtils.java:logGet(46)) - raft.server.write.byte-limit = 1024 M (=1073741824) (custom)
2024-02-22 20:33:45,863 [e780b093-7242-46d7-bd8f-0f810188c7b3@group-383C4AAD3A78-LeaderElection26] INFO  server.RaftServerConfigKeys (ConfUtils.java:logGet(46)) - raft.server.watch.timeout = 180s (custom)
2024-02-22 20:33:45,863 [e780b093-7242-46d7-bd8f-0f810188c7b3@group-383C4AAD3A78-LeaderElection26] INFO  server.RaftServerConfigKeys (ConfUtils.java:logGet(46)) - raft.server.watch.timeout.denomination = 1s (default)
2024-02-22 20:33:45,865 [e780b093-7242-46d7-bd8f-0f810188c7b3@group-383C4AAD3A78-LeaderElection26] INFO  server.RaftServerConfigKeys (ConfUtils.java:logGet(46)) - raft.server.watch.element-limit = 65536 (default)
2024-02-22 20:33:45,865 [e780b093-7242-46d7-bd8f-0f810188c7b3@group-383C4AAD3A78-LeaderElection26] INFO  server.RaftServerConfigKeys (ConfUtils.java:logGet(46)) - raft.server.read.leader.lease.enabled = false (default)
2024-02-22 20:33:45,865 [e780b093-7242-46d7-bd8f-0f810188c7b3@group-383C4AAD3A78-LeaderElection26] INFO  server.RaftServerConfigKeys (ConfUtils.java:logGet(46)) - raft.server.read.leader.lease.timeout.ratio = 0.9 (default)
2024-02-22 20:33:45,865 [e780b093-7242-46d7-bd8f-0f810188c7b3@group-383C4AAD3A78-LeaderElection26] INFO  server.RaftServerConfigKeys (ConfUtils.java:logGet(46)) - raft.server.rpc.timeout.min = 5s (custom)
2024-02-22 20:33:45,865 [e780b093-7242-46d7-bd8f-0f810188c7b3@group-383C4AAD3A78-LeaderElection26] INFO  server.RaftServerConfigKeys (ConfUtils.java:logGet(46)) - raft.server.write.element-limit = 1024 (custom)
2024-02-22 20:33:45,865 [e780b093-7242-46d7-bd8f-0f810188c7b3@group-383C4AAD3A78-LeaderElection26] INFO  server.RaftServerConfigKeys (ConfUtils.java:logGet(46)) - raft.server.write.follower.gap.ratio.max = -1.0 (default)
2024-02-22 20:33:45,865 [e780b093-7242-46d7-bd8f-0f810188c7b3@group-383C4AAD3A78-LeaderElection26] INFO  impl.RoleInfo (RoleInfo.java:updateAndGet(139)) - e780b093-7242-46d7-bd8f-0f810188c7b3: start e780b093-7242-46d7-bd8f-0f810188c7b3@group-383C4AAD3A78-LeaderStateImpl
2024-02-22 20:33:45,865 [e780b093-7242-46d7-bd8f-0f810188c7b3@group-383C4AAD3A78-LeaderElection26] INFO  server.RaftServer$Division (RaftServerImpl.java:setFirstElection(574)) - e780b093-7242-46d7-bd8f-0f810188c7b3@group-383C4AAD3A78: set firstElectionSinceStartup to false for becomeLeader
2024-02-22 20:33:45,865 [e780b093-7242-46d7-bd8f-0f810188c7b3@group-383C4AAD3A78-LeaderElection26] INFO  ratis.XceiverServerRatis (XceiverServerRatis.java:handleLeaderChangedNotification(966)) - Leader change notification received for group: group-383C4AAD3A78 with new leaderId: e780b093-7242-46d7-bd8f-0f810188c7b3
2024-02-22 20:33:45,866 [e780b093-7242-46d7-bd8f-0f810188c7b3@group-383C4AAD3A78-LeaderElection26] INFO  server.RaftServer$Division (ServerState.java:setLeader(269)) - e780b093-7242-46d7-bd8f-0f810188c7b3@group-383C4AAD3A78: change Leader from null to e780b093-7242-46d7-bd8f-0f810188c7b3 at term 1 for becomeLeader, leader elected after 5253ms
2024-02-22 20:33:45,866 [e780b093-7242-46d7-bd8f-0f810188c7b3@group-383C4AAD3A78-LeaderElection26] INFO  segmented.SegmentedRaftLogWorker (SegmentedRaftLogWorker.java:startLogSegment(430)) - e780b093-7242-46d7-bd8f-0f810188c7b3@group-383C4AAD3A78-SegmentedRaftLogWorker: Starting segment from index:0
2024-02-22 20:33:45,866 [e780b093-7242-46d7-bd8f-0f810188c7b3@group-383C4AAD3A78-LeaderElection26] INFO  server.RaftServer$Division (ServerState.java:setRaftConf(386)) - e780b093-7242-46d7-bd8f-0f810188c7b3@group-383C4AAD3A78: set configuration 0: peers:[e780b093-7242-46d7-bd8f-0f810188c7b3|10.1.0.33:15095]|listeners:[], old=null
2024-02-22 20:33:45,866 [e780b093-7242-46d7-bd8f-0f810188c7b3@group-383C4AAD3A78-SegmentedRaftLogWorker] INFO  segmented.BufferedWriteChannel (BufferedWriteChannel.java:open(62)) - open log_inprogress_0 at position 0
2024-02-22 20:33:45,876 [grpc-default-executor-4] INFO  server.RaftServer$Division (RaftServerImpl.java:requestVote(1389)) - 86ab988c-fa9c-425d-a1c6-9004ff7fd93d@group-83D984655C73: receive requestVote(PRE_VOTE, e46a6e51-795f-4801-a523-c45a6c7f2c34, group-83D984655C73, 0, (t:0, i:0))
2024-02-22 20:33:45,876 [grpc-default-executor-4] INFO  impl.VoteContext (VoteContext.java:log(49)) - 86ab988c-fa9c-425d-a1c6-9004ff7fd93d@group-83D984655C73-FOLLOWER: accept PRE_VOTE from e46a6e51-795f-4801-a523-c45a6c7f2c34: our priority 0 <= candidate's priority 0
2024-02-22 20:33:45,876 [grpc-default-executor-4] INFO  server.RaftServer$Division (RaftServerImpl.java:requestVote(1422)) - 86ab988c-fa9c-425d-a1c6-9004ff7fd93d@group-83D984655C73 replies to PRE_VOTE vote request: e46a6e51-795f-4801-a523-c45a6c7f2c34<-86ab988c-fa9c-425d-a1c6-9004ff7fd93d#0:OK-t0. Peer's state: 86ab988c-fa9c-425d-a1c6-9004ff7fd93d@group-83D984655C73:t0, leader=null, voted=, raftlog=Memoized:86ab988c-fa9c-425d-a1c6-9004ff7fd93d@group-83D984655C73-SegmentedRaftLog:OPENED:c-1, conf=-1: peers:[86ab988c-fa9c-425d-a1c6-9004ff7fd93d|10.1.0.33:15059, e46a6e51-795f-4801-a523-c45a6c7f2c34|10.1.0.33:15014, e780b093-7242-46d7-bd8f-0f810188c7b3|10.1.0.33:15095]|listeners:[], old=null
2024-02-22 20:33:45,878 [e780b093-7242-46d7-bd8f-0f810188c7b3@group-383C4AAD3A78-SegmentedRaftLogWorker] INFO  segmented.SegmentedRaftLogWorker (SegmentedRaftLogWorker.java:execute(634)) - e780b093-7242-46d7-bd8f-0f810188c7b3@group-383C4AAD3A78-SegmentedRaftLogWorker: created new log segment /home/runner/work/ozone/ozone/hadoop-ozone/integration-test/target/test-dir/MiniOzoneClusterImpl-a0fc024b-a492-45a5-9697-b0d14f72cb5c/datanode-9/data/ratis/bcc14677-48a1-4052-9632-383c4aad3a78/current/log_inprogress_0
2024-02-22 20:33:45,880 [78f89d9b-e409-4704-890b-bfcfbcdfd28a@group-B58ED9299B6F-FollowerState] INFO  server.RaftServerConfigKeys (ConfUtils.java:logFallback(53)) - raft.server.rpc.first-election.timeout.min = 5s (fallback to raft.server.rpc.timeout.min)
2024-02-22 20:33:45,880 [78f89d9b-e409-4704-890b-bfcfbcdfd28a@group-B58ED9299B6F-FollowerState] INFO  server.RaftServerConfigKeys (ConfUtils.java:logFallback(53)) - raft.server.rpc.first-election.timeout.max = 5200ms (fallback to raft.server.rpc.timeout.max)
2024-02-22 20:33:45,882 [dc26353c-d48a-467d-89cd-3a7c4b626396@group-967E786A868E-FollowerState] INFO  impl.FollowerState (FollowerState.java:run(143)) - dc26353c-d48a-467d-89cd-3a7c4b626396@group-967E786A868E-FollowerState: change to CANDIDATE, lastRpcElapsedTime:5166411869ns, electionTimeout:5162ms
2024-02-22 20:33:45,882 [dc26353c-d48a-467d-89cd-3a7c4b626396@group-967E786A868E-FollowerState] INFO  impl.RoleInfo (RoleInfo.java:shutdownFollowerState(110)) - dc26353c-d48a-467d-89cd-3a7c4b626396: shutdown dc26353c-d48a-467d-89cd-3a7c4b626396@group-967E786A868E-FollowerState
2024-02-22 20:33:45,882 [dc26353c-d48a-467d-89cd-3a7c4b626396@group-967E786A868E-FollowerState] INFO  server.RaftServer$Division (RaftServerImpl.java:setRole(383)) - dc26353c-d48a-467d-89cd-3a7c4b626396@group-967E786A868E: changes role from  FOLLOWER to CANDIDATE at term 0 for changeToCandidate
2024-02-22 20:33:45,882 [dc26353c-d48a-467d-89cd-3a7c4b626396@group-967E786A868E-FollowerState] INFO  server.RaftServerConfigKeys (ConfUtils.java:logGet(46)) - raft.server.leaderelection.pre-vote = true (default)
2024-02-22 20:33:45,882 [dc26353c-d48a-467d-89cd-3a7c4b626396@group-967E786A868E-FollowerState] INFO  impl.RoleInfo (RoleInfo.java:updateAndGet(139)) - dc26353c-d48a-467d-89cd-3a7c4b626396: start dc26353c-d48a-467d-89cd-3a7c4b626396@group-967E786A868E-LeaderElection27
2024-02-22 20:33:45,883 [grpc-default-executor-4] INFO  server.RaftServer$Division (RaftServerImpl.java:requestVote(1389)) - e780b093-7242-46d7-bd8f-0f810188c7b3@group-83D984655C73: receive requestVote(PRE_VOTE, e46a6e51-795f-4801-a523-c45a6c7f2c34, group-83D984655C73, 0, (t:0, i:0))
2024-02-22 20:33:45,883 [grpc-default-executor-4] INFO  impl.VoteContext (VoteContext.java:log(49)) - e780b093-7242-46d7-bd8f-0f810188c7b3@group-83D984655C73-FOLLOWER: reject PRE_VOTE from e46a6e51-795f-4801-a523-c45a6c7f2c34: our priority 1 > candidate's priority 0
2024-02-22 20:33:45,883 [grpc-default-executor-4] INFO  server.RaftServer$Division (RaftServerImpl.java:requestVote(1422)) - e780b093-7242-46d7-bd8f-0f810188c7b3@group-83D984655C73 replies to PRE_VOTE vote request: e46a6e51-795f-4801-a523-c45a6c7f2c34<-e780b093-7242-46d7-bd8f-0f810188c7b3#0:FAIL-t0. Peer's state: e780b093-7242-46d7-bd8f-0f810188c7b3@group-83D984655C73:t0, leader=null, voted=, raftlog=Memoized:e780b093-7242-46d7-bd8f-0f810188c7b3@group-83D984655C73-SegmentedRaftLog:OPENED:c-1, conf=-1: peers:[86ab988c-fa9c-425d-a1c6-9004ff7fd93d|10.1.0.33:15059, e46a6e51-795f-4801-a523-c45a6c7f2c34|10.1.0.33:15014, e780b093-7242-46d7-bd8f-0f810188c7b3|10.1.0.33:15095]|listeners:[], old=null
2024-02-22 20:33:45,883 [e780b093-7242-46d7-bd8f-0f810188c7b3@group-383C4AAD3A78-StateMachineUpdater] INFO  server.RaftServer$Division (LeaderStateImpl.java:isApplied(320)) - leader is ready since appliedIndex == 0 >= startIndex == 0
2024-02-22 20:33:45,883 [e46a6e51-795f-4801-a523-c45a6c7f2c34@group-83D984655C73-LeaderElection25] INFO  impl.LeaderElection (LeaderElection.java:logAndReturn(89)) - e46a6e51-795f-4801-a523-c45a6c7f2c34@group-83D984655C73-LeaderElection25: PRE_VOTE REJECTED received 2 response(s) and 0 exception(s):
2024-02-22 20:33:45,884 [e46a6e51-795f-4801-a523-c45a6c7f2c34@group-83D984655C73-LeaderElection25] INFO  impl.LeaderElection (LeaderElection.java:logAndReturn(93)) -   Response 0: e46a6e51-795f-4801-a523-c45a6c7f2c34<-86ab988c-fa9c-425d-a1c6-9004ff7fd93d#0:OK-t0
2024-02-22 20:33:45,884 [e46a6e51-795f-4801-a523-c45a6c7f2c34@group-83D984655C73-LeaderElection25] INFO  impl.LeaderElection (LeaderElection.java:logAndReturn(93)) -   Response 1: e46a6e51-795f-4801-a523-c45a6c7f2c34<-e780b093-7242-46d7-bd8f-0f810188c7b3#0:FAIL-t0
2024-02-22 20:33:45,884 [e46a6e51-795f-4801-a523-c45a6c7f2c34@group-83D984655C73-LeaderElection25] INFO  impl.LeaderElection (LeaderElection.java:askForVotes(323)) - e46a6e51-795f-4801-a523-c45a6c7f2c34@group-83D984655C73-LeaderElection25 PRE_VOTE round 0: result REJECTED
2024-02-22 20:33:45,884 [e46a6e51-795f-4801-a523-c45a6c7f2c34@group-83D984655C73-LeaderElection25] INFO  server.RaftServer$Division (RaftServerImpl.java:setRole(383)) - e46a6e51-795f-4801-a523-c45a6c7f2c34@group-83D984655C73: changes role from CANDIDATE to FOLLOWER at term 0 for REJECTED
2024-02-22 20:33:45,884 [e46a6e51-795f-4801-a523-c45a6c7f2c34@group-83D984655C73-LeaderElection25] INFO  impl.RoleInfo (RoleInfo.java:shutdownLeaderElection(130)) - e46a6e51-795f-4801-a523-c45a6c7f2c34: shutdown e46a6e51-795f-4801-a523-c45a6c7f2c34@group-83D984655C73-LeaderElection25
2024-02-22 20:33:45,884 [e46a6e51-795f-4801-a523-c45a6c7f2c34@group-83D984655C73-LeaderElection25] INFO  impl.RoleInfo (RoleInfo.java:updateAndGet(139)) - e46a6e51-795f-4801-a523-c45a6c7f2c34: start e46a6e51-795f-4801-a523-c45a6c7f2c34@group-83D984655C73-FollowerState
2024-02-22 20:33:45,884 [e46a6e51-795f-4801-a523-c45a6c7f2c34@group-83D984655C73-LeaderElection25] INFO  server.RaftServer$Division (RaftServerImpl.java:setFirstElection(574)) - e46a6e51-795f-4801-a523-c45a6c7f2c34@group-83D984655C73: set firstElectionSinceStartup to false for REJECTED
2024-02-22 20:33:45,887 [dc26353c-d48a-467d-89cd-3a7c4b626396@group-967E786A868E-LeaderElection27] INFO  impl.LeaderElection (LeaderElection.java:askForVotes(321)) - dc26353c-d48a-467d-89cd-3a7c4b626396@group-967E786A868E-LeaderElection27 PRE_VOTE round 0: submit vote requests at term 0 for -1: peers:[dc26353c-d48a-467d-89cd-3a7c4b626396|10.1.0.33:15050]|listeners:[], old=null
2024-02-22 20:33:45,887 [dc26353c-d48a-467d-89cd-3a7c4b626396@group-967E786A868E-LeaderElection27] INFO  impl.LeaderElection (LeaderElection.java:askForVotes(323)) - dc26353c-d48a-467d-89cd-3a7c4b626396@group-967E786A868E-LeaderElection27 PRE_VOTE round 0: result PASSED (term=0)
2024-02-22 20:33:45,888 [dc26353c-d48a-467d-89cd-3a7c4b626396@group-967E786A868E-LeaderElection27] INFO  impl.LeaderElection (LeaderElection.java:askForVotes(321)) - dc26353c-d48a-467d-89cd-3a7c4b626396@group-967E786A868E-LeaderElection27 ELECTION round 0: submit vote requests at term 1 for -1: peers:[dc26353c-d48a-467d-89cd-3a7c4b626396|10.1.0.33:15050]|listeners:[], old=null
2024-02-22 20:33:45,888 [dc26353c-d48a-467d-89cd-3a7c4b626396@group-967E786A868E-LeaderElection27] INFO  impl.LeaderElection (LeaderElection.java:askForVotes(323)) - dc26353c-d48a-467d-89cd-3a7c4b626396@group-967E786A868E-LeaderElection27 ELECTION round 0: result PASSED (term=1)
2024-02-22 20:33:45,888 [dc26353c-d48a-467d-89cd-3a7c4b626396@group-967E786A868E-LeaderElection27] INFO  impl.RoleInfo (RoleInfo.java:shutdownLeaderElection(130)) - dc26353c-d48a-467d-89cd-3a7c4b626396: shutdown dc26353c-d48a-467d-89cd-3a7c4b626396@group-967E786A868E-LeaderElection27
2024-02-22 20:33:45,888 [dc26353c-d48a-467d-89cd-3a7c4b626396@group-967E786A868E-LeaderElection27] INFO  server.RaftServer$Division (RaftServerImpl.java:setRole(383)) - dc26353c-d48a-467d-89cd-3a7c4b626396@group-967E786A868E: changes role from CANDIDATE to LEADER at term 1 for changeToLeader
2024-02-22 20:33:45,888 [dc26353c-d48a-467d-89cd-3a7c4b626396@group-967E786A868E-LeaderElection27] INFO  server.RaftServerConfigKeys (ConfUtils.java:logGet(46)) - raft.server.staging.catchup.gap = 1000 (default)
2024-02-22 20:33:45,888 [dc26353c-d48a-467d-89cd-3a7c4b626396@group-967E786A868E-LeaderElection27] INFO  server.RaftServerConfigKeys (ConfUtils.java:logGet(46)) - raft.server.write.element-limit = 1024 (custom)
2024-02-22 20:33:45,889 [dc26353c-d48a-467d-89cd-3a7c4b626396@group-967E786A868E-LeaderElection27] INFO  server.RaftServerConfigKeys (ConfUtils.java:logGet(46)) - raft.server.write.byte-limit = 1024 M (=1073741824) (custom)
2024-02-22 20:33:45,889 [dc26353c-d48a-467d-89cd-3a7c4b626396@group-967E786A868E-LeaderElection27] INFO  server.RaftServerConfigKeys (ConfUtils.java:logGet(46)) - raft.server.watch.timeout = 180s (custom)
2024-02-22 20:33:45,889 [dc26353c-d48a-467d-89cd-3a7c4b626396@group-967E786A868E-LeaderElection27] INFO  server.RaftServerConfigKeys (ConfUtils.java:logGet(46)) - raft.server.watch.timeout.denomination = 1s (default)
2024-02-22 20:33:45,889 [dc26353c-d48a-467d-89cd-3a7c4b626396@group-967E786A868E-LeaderElection27] INFO  server.RaftServerConfigKeys (ConfUtils.java:logGet(46)) - raft.server.watch.element-limit = 65536 (default)
2024-02-22 20:33:45,889 [dc26353c-d48a-467d-89cd-3a7c4b626396@group-967E786A868E-LeaderElection27] INFO  server.RaftServerConfigKeys (ConfUtils.java:logGet(46)) - raft.server.read.leader.lease.enabled = false (default)
2024-02-22 20:33:45,889 [dc26353c-d48a-467d-89cd-3a7c4b626396@group-967E786A868E-LeaderElection27] INFO  server.RaftServerConfigKeys (ConfUtils.java:logGet(46)) - raft.server.read.leader.lease.timeout.ratio = 0.9 (default)
2024-02-22 20:33:45,889 [dc26353c-d48a-467d-89cd-3a7c4b626396@group-967E786A868E-LeaderElection27] INFO  server.RaftServerConfigKeys (ConfUtils.java:logGet(46)) - raft.server.rpc.timeout.min = 5s (custom)
2024-02-22 20:33:45,890 [dc26353c-d48a-467d-89cd-3a7c4b626396@group-967E786A868E-LeaderElection27] INFO  server.RaftServerConfigKeys (ConfUtils.java:logGet(46)) - raft.server.write.element-limit = 1024 (custom)
2024-02-22 20:33:45,891 [dc26353c-d48a-467d-89cd-3a7c4b626396@group-967E786A868E-LeaderElection27] INFO  server.RaftServerConfigKeys (ConfUtils.java:logGet(46)) - raft.server.write.follower.gap.ratio.max = -1.0 (default)
2024-02-22 20:33:45,891 [dc26353c-d48a-467d-89cd-3a7c4b626396@group-967E786A868E-LeaderElection27] INFO  impl.RoleInfo (RoleInfo.java:updateAndGet(139)) - dc26353c-d48a-467d-89cd-3a7c4b626396: start dc26353c-d48a-467d-89cd-3a7c4b626396@group-967E786A868E-LeaderStateImpl
2024-02-22 20:33:45,891 [dc26353c-d48a-467d-89cd-3a7c4b626396@group-967E786A868E-LeaderElection27] INFO  server.RaftServer$Division (RaftServerImpl.java:setFirstElection(574)) - dc26353c-d48a-467d-89cd-3a7c4b626396@group-967E786A868E: set firstElectionSinceStartup to false for becomeLeader
2024-02-22 20:33:45,891 [dc26353c-d48a-467d-89cd-3a7c4b626396@group-967E786A868E-LeaderElection27] INFO  ratis.XceiverServerRatis (XceiverServerRatis.java:handleLeaderChangedNotification(966)) - Leader change notification received for group: group-967E786A868E with new leaderId: dc26353c-d48a-467d-89cd-3a7c4b626396
2024-02-22 20:33:45,892 [dc26353c-d48a-467d-89cd-3a7c4b626396@group-967E786A868E-LeaderElection27] INFO  server.RaftServer$Division (ServerState.java:setLeader(269)) - dc26353c-d48a-467d-89cd-3a7c4b626396@group-967E786A868E: change Leader from null to dc26353c-d48a-467d-89cd-3a7c4b626396 at term 1 for becomeLeader, leader elected after 5483ms
2024-02-22 20:33:45,892 [dc26353c-d48a-467d-89cd-3a7c4b626396@group-967E786A868E-LeaderElection27] INFO  segmented.SegmentedRaftLogWorker (SegmentedRaftLogWorker.java:startLogSegment(430)) - dc26353c-d48a-467d-89cd-3a7c4b626396@group-967E786A868E-SegmentedRaftLogWorker: Starting segment from index:0
2024-02-22 20:33:45,892 [dc26353c-d48a-467d-89cd-3a7c4b626396@group-967E786A868E-SegmentedRaftLogWorker] INFO  segmented.BufferedWriteChannel (BufferedWriteChannel.java:open(62)) - open log_inprogress_0 at position 0
2024-02-22 20:33:45,895 [dc26353c-d48a-467d-89cd-3a7c4b626396@group-967E786A868E-LeaderElection27] INFO  server.RaftServer$Division (ServerState.java:setRaftConf(386)) - dc26353c-d48a-467d-89cd-3a7c4b626396@group-967E786A868E: set configuration 0: peers:[dc26353c-d48a-467d-89cd-3a7c4b626396|10.1.0.33:15050]|listeners:[], old=null
2024-02-22 20:33:45,898 [dc26353c-d48a-467d-89cd-3a7c4b626396@group-BDBAD3AB70B4-FollowerState] INFO  impl.FollowerState (FollowerState.java:run(143)) - dc26353c-d48a-467d-89cd-3a7c4b626396@group-BDBAD3AB70B4-FollowerState: change to CANDIDATE, lastRpcElapsedTime:5053902988ns, electionTimeout:5051ms
2024-02-22 20:33:45,898 [dc26353c-d48a-467d-89cd-3a7c4b626396@group-BDBAD3AB70B4-FollowerState] INFO  impl.RoleInfo (RoleInfo.java:shutdownFollowerState(110)) - dc26353c-d48a-467d-89cd-3a7c4b626396: shutdown dc26353c-d48a-467d-89cd-3a7c4b626396@group-BDBAD3AB70B4-FollowerState
2024-02-22 20:33:45,898 [dc26353c-d48a-467d-89cd-3a7c4b626396@group-BDBAD3AB70B4-FollowerState] INFO  server.RaftServer$Division (RaftServerImpl.java:setRole(383)) - dc26353c-d48a-467d-89cd-3a7c4b626396@group-BDBAD3AB70B4: changes role from  FOLLOWER to CANDIDATE at term 0 for changeToCandidate
2024-02-22 20:33:45,899 [dc26353c-d48a-467d-89cd-3a7c4b626396@group-967E786A868E-SegmentedRaftLogWorker] INFO  segmented.SegmentedRaftLogWorker (SegmentedRaftLogWorker.java:execute(634)) - dc26353c-d48a-467d-89cd-3a7c4b626396@group-967E786A868E-SegmentedRaftLogWorker: created new log segment /home/runner/work/ozone/ozone/hadoop-ozone/integration-test/target/test-dir/MiniOzoneClusterImpl-a0fc024b-a492-45a5-9697-b0d14f72cb5c/datanode-4/data/ratis/a2c380a1-736c-4d1e-96be-967e786a868e/current/log_inprogress_0
2024-02-22 20:33:45,903 [dc26353c-d48a-467d-89cd-3a7c4b626396@group-BDBAD3AB70B4-FollowerState] INFO  server.RaftServerConfigKeys (ConfUtils.java:logGet(46)) - raft.server.leaderelection.pre-vote = true (default)
2024-02-22 20:33:45,903 [dc26353c-d48a-467d-89cd-3a7c4b626396@group-BDBAD3AB70B4-FollowerState] INFO  impl.RoleInfo (RoleInfo.java:updateAndGet(139)) - dc26353c-d48a-467d-89cd-3a7c4b626396: start dc26353c-d48a-467d-89cd-3a7c4b626396@group-BDBAD3AB70B4-LeaderElection28
2024-02-22 20:33:45,905 [dc26353c-d48a-467d-89cd-3a7c4b626396@group-967E786A868E-StateMachineUpdater] INFO  server.RaftServer$Division (LeaderStateImpl.java:isApplied(320)) - leader is ready since appliedIndex == 0 >= startIndex == 0
2024-02-22 20:33:45,913 [dc26353c-d48a-467d-89cd-3a7c4b626396@group-BDBAD3AB70B4-LeaderElection28] INFO  impl.LeaderElection (LeaderElection.java:askForVotes(321)) - dc26353c-d48a-467d-89cd-3a7c4b626396@group-BDBAD3AB70B4-LeaderElection28 PRE_VOTE round 0: submit vote requests at term 0 for -1: peers:[923be64f-71f4-4891-b05d-82ff5a9df5b5|10.1.0.33:15023, e46a6e51-795f-4801-a523-c45a6c7f2c34|10.1.0.33:15014, dc26353c-d48a-467d-89cd-3a7c4b626396|10.1.0.33:15050]|listeners:[], old=null
2024-02-22 20:33:45,913 [dc26353c-d48a-467d-89cd-3a7c4b626396@group-BDBAD3AB70B4-LeaderElection28-1] INFO  server.GrpcServerProtocolClient (GrpcServerProtocolClient.java:<init>(65)) - Build channel for 923be64f-71f4-4891-b05d-82ff5a9df5b5|10.1.0.33:15023
2024-02-22 20:33:45,915 [dc26353c-d48a-467d-89cd-3a7c4b626396@group-BDBAD3AB70B4-LeaderElection28] INFO  server.RaftServerConfigKeys (ConfUtils.java:logFallback(53)) - raft.server.rpc.first-election.timeout.min = 5s (fallback to raft.server.rpc.timeout.min)
2024-02-22 20:33:45,915 [dc26353c-d48a-467d-89cd-3a7c4b626396@group-BDBAD3AB70B4-LeaderElection28] INFO  server.RaftServerConfigKeys (ConfUtils.java:logFallback(53)) - raft.server.rpc.first-election.timeout.max = 5200ms (fallback to raft.server.rpc.timeout.max)
2024-02-22 20:33:45,916 [dc26353c-d48a-467d-89cd-3a7c4b626396@group-BDBAD3AB70B4-LeaderElection28-2] INFO  server.GrpcServerProtocolClient (GrpcServerProtocolClient.java:<init>(65)) - Build channel for e46a6e51-795f-4801-a523-c45a6c7f2c34|10.1.0.33:15014
2024-02-22 20:33:45,918 [grpc-default-executor-4] INFO  server.RaftServer$Division (RaftServerImpl.java:requestVote(1389)) - 923be64f-71f4-4891-b05d-82ff5a9df5b5@group-BDBAD3AB70B4: receive requestVote(PRE_VOTE, dc26353c-d48a-467d-89cd-3a7c4b626396, group-BDBAD3AB70B4, 0, (t:0, i:0))
2024-02-22 20:33:45,919 [grpc-default-executor-4] INFO  impl.VoteContext (VoteContext.java:log(49)) - 923be64f-71f4-4891-b05d-82ff5a9df5b5@group-BDBAD3AB70B4-FOLLOWER: accept PRE_VOTE from dc26353c-d48a-467d-89cd-3a7c4b626396: our priority 0 <= candidate's priority 1
2024-02-22 20:33:45,919 [grpc-default-executor-4] INFO  server.RaftServer$Division (RaftServerImpl.java:requestVote(1422)) - 923be64f-71f4-4891-b05d-82ff5a9df5b5@group-BDBAD3AB70B4 replies to PRE_VOTE vote request: dc26353c-d48a-467d-89cd-3a7c4b626396<-923be64f-71f4-4891-b05d-82ff5a9df5b5#0:OK-t0. Peer's state: 923be64f-71f4-4891-b05d-82ff5a9df5b5@group-BDBAD3AB70B4:t0, leader=null, voted=, raftlog=Memoized:923be64f-71f4-4891-b05d-82ff5a9df5b5@group-BDBAD3AB70B4-SegmentedRaftLog:OPENED:c-1, conf=-1: peers:[923be64f-71f4-4891-b05d-82ff5a9df5b5|10.1.0.33:15023, e46a6e51-795f-4801-a523-c45a6c7f2c34|10.1.0.33:15014, dc26353c-d48a-467d-89cd-3a7c4b626396|10.1.0.33:15050]|listeners:[], old=null
2024-02-22 20:33:45,921 [grpc-default-executor-4] INFO  server.RaftServer$Division (RaftServerImpl.java:requestVote(1389)) - e46a6e51-795f-4801-a523-c45a6c7f2c34@group-BDBAD3AB70B4: receive requestVote(PRE_VOTE, dc26353c-d48a-467d-89cd-3a7c4b626396, group-BDBAD3AB70B4, 0, (t:0, i:0))
2024-02-22 20:33:45,921 [grpc-default-executor-4] INFO  impl.VoteContext (VoteContext.java:log(49)) - e46a6e51-795f-4801-a523-c45a6c7f2c34@group-BDBAD3AB70B4-FOLLOWER: accept PRE_VOTE from dc26353c-d48a-467d-89cd-3a7c4b626396: our priority 0 <= candidate's priority 1
2024-02-22 20:33:45,921 [dc26353c-d48a-467d-89cd-3a7c4b626396@group-BDBAD3AB70B4-LeaderElection28] INFO  impl.LeaderElection (LeaderElection.java:logAndReturn(89)) - dc26353c-d48a-467d-89cd-3a7c4b626396@group-BDBAD3AB70B4-LeaderElection28: PRE_VOTE PASSED received 1 response(s) and 0 exception(s):
2024-02-22 20:33:45,921 [grpc-default-executor-4] INFO  server.RaftServer$Division (RaftServerImpl.java:requestVote(1422)) - e46a6e51-795f-4801-a523-c45a6c7f2c34@group-BDBAD3AB70B4 replies to PRE_VOTE vote request: dc26353c-d48a-467d-89cd-3a7c4b626396<-e46a6e51-795f-4801-a523-c45a6c7f2c34#0:OK-t0. Peer's state: e46a6e51-795f-4801-a523-c45a6c7f2c34@group-BDBAD3AB70B4:t0, leader=null, voted=, raftlog=Memoized:e46a6e51-795f-4801-a523-c45a6c7f2c34@group-BDBAD3AB70B4-SegmentedRaftLog:OPENED:c-1, conf=-1: peers:[923be64f-71f4-4891-b05d-82ff5a9df5b5|10.1.0.33:15023, e46a6e51-795f-4801-a523-c45a6c7f2c34|10.1.0.33:15014, dc26353c-d48a-467d-89cd-3a7c4b626396|10.1.0.33:15050]|listeners:[], old=null
2024-02-22 20:33:45,921 [dc26353c-d48a-467d-89cd-3a7c4b626396@group-BDBAD3AB70B4-LeaderElection28] INFO  impl.LeaderElection (LeaderElection.java:logAndReturn(93)) -   Response 0: dc26353c-d48a-467d-89cd-3a7c4b626396<-923be64f-71f4-4891-b05d-82ff5a9df5b5#0:OK-t0
2024-02-22 20:33:45,923 [dc26353c-d48a-467d-89cd-3a7c4b626396@group-BDBAD3AB70B4-LeaderElection28] INFO  impl.LeaderElection (LeaderElection.java:askForVotes(323)) - dc26353c-d48a-467d-89cd-3a7c4b626396@group-BDBAD3AB70B4-LeaderElection28 PRE_VOTE round 0: result PASSED
2024-02-22 20:33:45,924 [dc26353c-d48a-467d-89cd-3a7c4b626396@group-BDBAD3AB70B4-LeaderElection28] INFO  impl.LeaderElection (LeaderElection.java:askForVotes(321)) - dc26353c-d48a-467d-89cd-3a7c4b626396@group-BDBAD3AB70B4-LeaderElection28 ELECTION round 0: submit vote requests at term 1 for -1: peers:[923be64f-71f4-4891-b05d-82ff5a9df5b5|10.1.0.33:15023, e46a6e51-795f-4801-a523-c45a6c7f2c34|10.1.0.33:15014, dc26353c-d48a-467d-89cd-3a7c4b626396|10.1.0.33:15050]|listeners:[], old=null
2024-02-22 20:33:45,929 [dc26353c-d48a-467d-89cd-3a7c4b626396@group-BDBAD3AB70B4-LeaderElection28] INFO  server.RaftServerConfigKeys (ConfUtils.java:logFallback(53)) - raft.server.rpc.first-election.timeout.min = 5s (fallback to raft.server.rpc.timeout.min)
2024-02-22 20:33:45,929 [dc26353c-d48a-467d-89cd-3a7c4b626396@group-BDBAD3AB70B4-LeaderElection28] INFO  server.RaftServerConfigKeys (ConfUtils.java:logFallback(53)) - raft.server.rpc.first-election.timeout.max = 5200ms (fallback to raft.server.rpc.timeout.max)
2024-02-22 20:33:45,934 [13f92446-3b18-4d81-bc66-0f9b00220e72@group-B58ED9299B6F-FollowerState] INFO  impl.FollowerState (FollowerState.java:run(143)) - 13f92446-3b18-4d81-bc66-0f9b00220e72@group-B58ED9299B6F-FollowerState: change to CANDIDATE, lastRpcElapsedTime:5065539456ns, electionTimeout:5063ms
2024-02-22 20:33:45,934 [13f92446-3b18-4d81-bc66-0f9b00220e72@group-B58ED9299B6F-FollowerState] INFO  impl.RoleInfo (RoleInfo.java:shutdownFollowerState(110)) - 13f92446-3b18-4d81-bc66-0f9b00220e72: shutdown 13f92446-3b18-4d81-bc66-0f9b00220e72@group-B58ED9299B6F-FollowerState
2024-02-22 20:33:45,934 [13f92446-3b18-4d81-bc66-0f9b00220e72@group-B58ED9299B6F-FollowerState] INFO  server.RaftServer$Division (RaftServerImpl.java:setRole(383)) - 13f92446-3b18-4d81-bc66-0f9b00220e72@group-B58ED9299B6F: changes role from  FOLLOWER to CANDIDATE at term 0 for changeToCandidate
2024-02-22 20:33:45,934 [13f92446-3b18-4d81-bc66-0f9b00220e72@group-B58ED9299B6F-FollowerState] INFO  server.RaftServerConfigKeys (ConfUtils.java:logGet(46)) - raft.server.leaderelection.pre-vote = true (default)
2024-02-22 20:33:45,934 [13f92446-3b18-4d81-bc66-0f9b00220e72@group-B58ED9299B6F-FollowerState] INFO  impl.RoleInfo (RoleInfo.java:updateAndGet(139)) - 13f92446-3b18-4d81-bc66-0f9b00220e72: start 13f92446-3b18-4d81-bc66-0f9b00220e72@group-B58ED9299B6F-LeaderElection29
2024-02-22 20:33:45,935 [13f92446-3b18-4d81-bc66-0f9b00220e72@group-B58ED9299B6F-LeaderElection29] INFO  impl.LeaderElection (LeaderElection.java:askForVotes(321)) - 13f92446-3b18-4d81-bc66-0f9b00220e72@group-B58ED9299B6F-LeaderElection29 PRE_VOTE round 0: submit vote requests at term 0 for -1: peers:[78f89d9b-e409-4704-890b-bfcfbcdfd28a|10.1.0.33:15086, c30fedce-f286-40e0-881d-3d5a9a6e2463|10.1.0.33:15068, 13f92446-3b18-4d81-bc66-0f9b00220e72|10.1.0.33:15077]|listeners:[], old=null
2024-02-22 20:33:45,935 [13f92446-3b18-4d81-bc66-0f9b00220e72@group-B58ED9299B6F-LeaderElection29-1] INFO  server.GrpcServerProtocolClient (GrpcServerProtocolClient.java:<init>(65)) - Build channel for 78f89d9b-e409-4704-890b-bfcfbcdfd28a|10.1.0.33:15086
2024-02-22 20:33:45,936 [13f92446-3b18-4d81-bc66-0f9b00220e72@group-B58ED9299B6F-LeaderElection29-2] INFO  server.GrpcServerProtocolClient (GrpcServerProtocolClient.java:<init>(65)) - Build channel for c30fedce-f286-40e0-881d-3d5a9a6e2463|10.1.0.33:15068
2024-02-22 20:33:45,935 [13f92446-3b18-4d81-bc66-0f9b00220e72@group-B58ED9299B6F-LeaderElection29] INFO  server.RaftServerConfigKeys (ConfUtils.java:logFallback(53)) - raft.server.rpc.first-election.timeout.min = 5s (fallback to raft.server.rpc.timeout.min)
2024-02-22 20:33:45,936 [13f92446-3b18-4d81-bc66-0f9b00220e72@group-B58ED9299B6F-LeaderElection29] INFO  server.RaftServerConfigKeys (ConfUtils.java:logFallback(53)) - raft.server.rpc.first-election.timeout.max = 5200ms (fallback to raft.server.rpc.timeout.max)
2024-02-22 20:33:45,946 [grpc-default-executor-2] INFO  server.RaftServer$Division (RaftServerImpl.java:requestVote(1389)) - 923be64f-71f4-4891-b05d-82ff5a9df5b5@group-BDBAD3AB70B4: receive requestVote(ELECTION, dc26353c-d48a-467d-89cd-3a7c4b626396, group-BDBAD3AB70B4, 1, (t:0, i:0))
2024-02-22 20:33:45,947 [grpc-default-executor-4] INFO  server.RaftServer$Division (RaftServerImpl.java:requestVote(1389)) - e46a6e51-795f-4801-a523-c45a6c7f2c34@group-BDBAD3AB70B4: receive requestVote(ELECTION, dc26353c-d48a-467d-89cd-3a7c4b626396, group-BDBAD3AB70B4, 1, (t:0, i:0))
2024-02-22 20:33:45,948 [grpc-default-executor-4] INFO  impl.VoteContext (VoteContext.java:log(49)) - e46a6e51-795f-4801-a523-c45a6c7f2c34@group-BDBAD3AB70B4-FOLLOWER: accept ELECTION from dc26353c-d48a-467d-89cd-3a7c4b626396: our priority 0 <= candidate's priority 1
2024-02-22 20:33:45,948 [grpc-default-executor-4] INFO  server.RaftServer$Division (RaftServerImpl.java:setRole(383)) - e46a6e51-795f-4801-a523-c45a6c7f2c34@group-BDBAD3AB70B4: changes role from  FOLLOWER to FOLLOWER at term 1 for candidate:dc26353c-d48a-467d-89cd-3a7c4b626396
2024-02-22 20:33:45,948 [grpc-default-executor-5] INFO  server.RaftServer$Division (RaftServerImpl.java:requestVote(1389)) - c30fedce-f286-40e0-881d-3d5a9a6e2463@group-B58ED9299B6F: receive requestVote(PRE_VOTE, 13f92446-3b18-4d81-bc66-0f9b00220e72, group-B58ED9299B6F, 0, (t:0, i:0))
2024-02-22 20:33:45,948 [grpc-default-executor-5] INFO  impl.VoteContext (VoteContext.java:log(49)) - c30fedce-f286-40e0-881d-3d5a9a6e2463@group-B58ED9299B6F-FOLLOWER: accept PRE_VOTE from 13f92446-3b18-4d81-bc66-0f9b00220e72: our priority 0 <= candidate's priority 1
2024-02-22 20:33:45,948 [grpc-default-executor-5] INFO  server.RaftServer$Division (RaftServerImpl.java:requestVote(1422)) - c30fedce-f286-40e0-881d-3d5a9a6e2463@group-B58ED9299B6F replies to PRE_VOTE vote request: 13f92446-3b18-4d81-bc66-0f9b00220e72<-c30fedce-f286-40e0-881d-3d5a9a6e2463#0:OK-t0. Peer's state: c30fedce-f286-40e0-881d-3d5a9a6e2463@group-B58ED9299B6F:t0, leader=null, voted=, raftlog=Memoized:c30fedce-f286-40e0-881d-3d5a9a6e2463@group-B58ED9299B6F-SegmentedRaftLog:OPENED:c-1, conf=-1: peers:[78f89d9b-e409-4704-890b-bfcfbcdfd28a|10.1.0.33:15086, c30fedce-f286-40e0-881d-3d5a9a6e2463|10.1.0.33:15068, 13f92446-3b18-4d81-bc66-0f9b00220e72|10.1.0.33:15077]|listeners:[], old=null
2024-02-22 20:33:45,948 [grpc-default-executor-4] INFO  impl.RoleInfo (RoleInfo.java:shutdownFollowerState(110)) - e46a6e51-795f-4801-a523-c45a6c7f2c34: shutdown e46a6e51-795f-4801-a523-c45a6c7f2c34@group-BDBAD3AB70B4-FollowerState
2024-02-22 20:33:45,949 [grpc-default-executor-5] INFO  server.RaftServer$Division (RaftServerImpl.java:requestVote(1389)) - 78f89d9b-e409-4704-890b-bfcfbcdfd28a@group-B58ED9299B6F: receive requestVote(PRE_VOTE, 13f92446-3b18-4d81-bc66-0f9b00220e72, group-B58ED9299B6F, 0, (t:0, i:0))
2024-02-22 20:33:45,949 [grpc-default-executor-5] INFO  impl.VoteContext (VoteContext.java:log(49)) - 78f89d9b-e409-4704-890b-bfcfbcdfd28a@group-B58ED9299B6F-FOLLOWER: accept PRE_VOTE from 13f92446-3b18-4d81-bc66-0f9b00220e72: our priority 0 <= candidate's priority 1
2024-02-22 20:33:45,949 [grpc-default-executor-5] INFO  server.RaftServer$Division (RaftServerImpl.java:requestVote(1422)) - 78f89d9b-e409-4704-890b-bfcfbcdfd28a@group-B58ED9299B6F replies to PRE_VOTE vote request: 13f92446-3b18-4d81-bc66-0f9b00220e72<-78f89d9b-e409-4704-890b-bfcfbcdfd28a#0:OK-t0. Peer's state: 78f89d9b-e409-4704-890b-bfcfbcdfd28a@group-B58ED9299B6F:t0, leader=null, voted=, raftlog=Memoized:78f89d9b-e409-4704-890b-bfcfbcdfd28a@group-B58ED9299B6F-SegmentedRaftLog:OPENED:c-1, conf=-1: peers:[78f89d9b-e409-4704-890b-bfcfbcdfd28a|10.1.0.33:15086, c30fedce-f286-40e0-881d-3d5a9a6e2463|10.1.0.33:15068, 13f92446-3b18-4d81-bc66-0f9b00220e72|10.1.0.33:15077]|listeners:[], old=null
2024-02-22 20:33:45,950 [grpc-default-executor-4] INFO  impl.RoleInfo (RoleInfo.java:updateAndGet(139)) - e46a6e51-795f-4801-a523-c45a6c7f2c34: start e46a6e51-795f-4801-a523-c45a6c7f2c34@group-BDBAD3AB70B4-FollowerState
2024-02-22 20:33:45,950 [e46a6e51-795f-4801-a523-c45a6c7f2c34@group-BDBAD3AB70B4-FollowerState] INFO  impl.FollowerState (FollowerState.java:run(152)) - e46a6e51-795f-4801-a523-c45a6c7f2c34@group-BDBAD3AB70B4-FollowerState was interrupted
2024-02-22 20:33:45,950 [13f92446-3b18-4d81-bc66-0f9b00220e72@group-B58ED9299B6F-LeaderElection29] INFO  impl.LeaderElection (LeaderElection.java:logAndReturn(89)) - 13f92446-3b18-4d81-bc66-0f9b00220e72@group-B58ED9299B6F-LeaderElection29: PRE_VOTE PASSED received 1 response(s) and 0 exception(s):
2024-02-22 20:33:45,950 [13f92446-3b18-4d81-bc66-0f9b00220e72@group-B58ED9299B6F-LeaderElection29] INFO  impl.LeaderElection (LeaderElection.java:logAndReturn(93)) -   Response 0: 13f92446-3b18-4d81-bc66-0f9b00220e72<-78f89d9b-e409-4704-890b-bfcfbcdfd28a#0:OK-t0
2024-02-22 20:33:45,954 [grpc-default-executor-4] INFO  server.RaftServer$Division (RaftServerImpl.java:setFirstElection(574)) - e46a6e51-795f-4801-a523-c45a6c7f2c34@group-BDBAD3AB70B4: set firstElectionSinceStartup to false for candidate:dc26353c-d48a-467d-89cd-3a7c4b626396
2024-02-22 20:33:45,956 [grpc-default-executor-4] INFO  server.RaftServer$Division (RaftServerImpl.java:requestVote(1422)) - e46a6e51-795f-4801-a523-c45a6c7f2c34@group-BDBAD3AB70B4 replies to ELECTION vote request: dc26353c-d48a-467d-89cd-3a7c4b626396<-e46a6e51-795f-4801-a523-c45a6c7f2c34#0:OK-t1. Peer's state: e46a6e51-795f-4801-a523-c45a6c7f2c34@group-BDBAD3AB70B4:t1, leader=null, voted=dc26353c-d48a-467d-89cd-3a7c4b626396, raftlog=Memoized:e46a6e51-795f-4801-a523-c45a6c7f2c34@group-BDBAD3AB70B4-SegmentedRaftLog:OPENED:c-1, conf=-1: peers:[923be64f-71f4-4891-b05d-82ff5a9df5b5|10.1.0.33:15023, e46a6e51-795f-4801-a523-c45a6c7f2c34|10.1.0.33:15014, dc26353c-d48a-467d-89cd-3a7c4b626396|10.1.0.33:15050]|listeners:[], old=null
2024-02-22 20:33:45,962 [13f92446-3b18-4d81-bc66-0f9b00220e72@group-B58ED9299B6F-LeaderElection29] INFO  impl.LeaderElection (LeaderElection.java:askForVotes(323)) - 13f92446-3b18-4d81-bc66-0f9b00220e72@group-B58ED9299B6F-LeaderElection29 PRE_VOTE round 0: result PASSED
2024-02-22 20:33:45,963 [grpc-default-executor-2] INFO  impl.VoteContext (VoteContext.java:log(49)) - 923be64f-71f4-4891-b05d-82ff5a9df5b5@group-BDBAD3AB70B4-FOLLOWER: accept ELECTION from dc26353c-d48a-467d-89cd-3a7c4b626396: our priority 0 <= candidate's priority 1
2024-02-22 20:33:45,963 [grpc-default-executor-2] INFO  server.RaftServer$Division (RaftServerImpl.java:setRole(383)) - 923be64f-71f4-4891-b05d-82ff5a9df5b5@group-BDBAD3AB70B4: changes role from  FOLLOWER to FOLLOWER at term 1 for candidate:dc26353c-d48a-467d-89cd-3a7c4b626396
2024-02-22 20:33:45,963 [grpc-default-executor-2] INFO  impl.RoleInfo (RoleInfo.java:shutdownFollowerState(110)) - 923be64f-71f4-4891-b05d-82ff5a9df5b5: shutdown 923be64f-71f4-4891-b05d-82ff5a9df5b5@group-BDBAD3AB70B4-FollowerState
2024-02-22 20:33:45,964 [13f92446-3b18-4d81-bc66-0f9b00220e72@group-B58ED9299B6F-LeaderElection29] INFO  impl.LeaderElection (LeaderElection.java:askForVotes(321)) - 13f92446-3b18-4d81-bc66-0f9b00220e72@group-B58ED9299B6F-LeaderElection29 ELECTION round 0: submit vote requests at term 1 for -1: peers:[78f89d9b-e409-4704-890b-bfcfbcdfd28a|10.1.0.33:15086, c30fedce-f286-40e0-881d-3d5a9a6e2463|10.1.0.33:15068, 13f92446-3b18-4d81-bc66-0f9b00220e72|10.1.0.33:15077]|listeners:[], old=null
2024-02-22 20:33:45,967 [grpc-default-executor-2] INFO  impl.RoleInfo (RoleInfo.java:updateAndGet(139)) - 923be64f-71f4-4891-b05d-82ff5a9df5b5: start 923be64f-71f4-4891-b05d-82ff5a9df5b5@group-BDBAD3AB70B4-FollowerState
2024-02-22 20:33:45,967 [923be64f-71f4-4891-b05d-82ff5a9df5b5@group-BDBAD3AB70B4-FollowerState] INFO  impl.FollowerState (FollowerState.java:run(152)) - 923be64f-71f4-4891-b05d-82ff5a9df5b5@group-BDBAD3AB70B4-FollowerState was interrupted
2024-02-22 20:33:45,967 [13f92446-3b18-4d81-bc66-0f9b00220e72@group-B58ED9299B6F-LeaderElection29] INFO  server.RaftServerConfigKeys (ConfUtils.java:logFallback(53)) - raft.server.rpc.first-election.timeout.min = 5s (fallback to raft.server.rpc.timeout.min)
2024-02-22 20:33:45,967 [13f92446-3b18-4d81-bc66-0f9b00220e72@group-B58ED9299B6F-LeaderElection29] INFO  server.RaftServerConfigKeys (ConfUtils.java:logFallback(53)) - raft.server.rpc.first-election.timeout.max = 5200ms (fallback to raft.server.rpc.timeout.max)
2024-02-22 20:33:45,967 [dc26353c-d48a-467d-89cd-3a7c4b626396@group-BDBAD3AB70B4-LeaderElection28] INFO  impl.LeaderElection (LeaderElection.java:logAndReturn(89)) - dc26353c-d48a-467d-89cd-3a7c4b626396@group-BDBAD3AB70B4-LeaderElection28: ELECTION PASSED received 1 response(s) and 0 exception(s):
2024-02-22 20:33:45,968 [dc26353c-d48a-467d-89cd-3a7c4b626396@group-BDBAD3AB70B4-LeaderElection28] INFO  impl.LeaderElection (LeaderElection.java:logAndReturn(93)) -   Response 0: dc26353c-d48a-467d-89cd-3a7c4b626396<-e46a6e51-795f-4801-a523-c45a6c7f2c34#0:OK-t1
2024-02-22 20:33:45,968 [grpc-default-executor-2] INFO  server.RaftServer$Division (RaftServerImpl.java:setFirstElection(574)) - 923be64f-71f4-4891-b05d-82ff5a9df5b5@group-BDBAD3AB70B4: set firstElectionSinceStartup to false for candidate:dc26353c-d48a-467d-89cd-3a7c4b626396
2024-02-22 20:33:45,968 [grpc-default-executor-6] INFO  server.RaftServer$Division (RaftServerImpl.java:requestVote(1389)) - 78f89d9b-e409-4704-890b-bfcfbcdfd28a@group-B58ED9299B6F: receive requestVote(ELECTION, 13f92446-3b18-4d81-bc66-0f9b00220e72, group-B58ED9299B6F, 1, (t:0, i:0))
2024-02-22 20:33:45,969 [grpc-default-executor-6] INFO  impl.VoteContext (VoteContext.java:log(49)) - 78f89d9b-e409-4704-890b-bfcfbcdfd28a@group-B58ED9299B6F-FOLLOWER: accept ELECTION from 13f92446-3b18-4d81-bc66-0f9b00220e72: our priority 0 <= candidate's priority 1
2024-02-22 20:33:45,969 [grpc-default-executor-6] INFO  server.RaftServer$Division (RaftServerImpl.java:setRole(383)) - 78f89d9b-e409-4704-890b-bfcfbcdfd28a@group-B58ED9299B6F: changes role from  FOLLOWER to FOLLOWER at term 1 for candidate:13f92446-3b18-4d81-bc66-0f9b00220e72
2024-02-22 20:33:45,969 [grpc-default-executor-6] INFO  impl.RoleInfo (RoleInfo.java:shutdownFollowerState(110)) - 78f89d9b-e409-4704-890b-bfcfbcdfd28a: shutdown 78f89d9b-e409-4704-890b-bfcfbcdfd28a@group-B58ED9299B6F-FollowerState
2024-02-22 20:33:45,969 [grpc-default-executor-6] INFO  impl.RoleInfo (RoleInfo.java:updateAndGet(139)) - 78f89d9b-e409-4704-890b-bfcfbcdfd28a: start 78f89d9b-e409-4704-890b-bfcfbcdfd28a@group-B58ED9299B6F-FollowerState
2024-02-22 20:33:45,969 [78f89d9b-e409-4704-890b-bfcfbcdfd28a@group-B58ED9299B6F-FollowerState] INFO  impl.FollowerState (FollowerState.java:run(152)) - 78f89d9b-e409-4704-890b-bfcfbcdfd28a@group-B58ED9299B6F-FollowerState was interrupted
2024-02-22 20:33:45,969 [grpc-default-executor-6] INFO  server.RaftServer$Division (RaftServerImpl.java:setFirstElection(574)) - 78f89d9b-e409-4704-890b-bfcfbcdfd28a@group-B58ED9299B6F: set firstElectionSinceStartup to false for candidate:13f92446-3b18-4d81-bc66-0f9b00220e72
2024-02-22 20:33:45,970 [grpc-default-executor-6] INFO  server.RaftServer$Division (RaftServerImpl.java:requestVote(1422)) - 78f89d9b-e409-4704-890b-bfcfbcdfd28a@group-B58ED9299B6F replies to ELECTION vote request: 13f92446-3b18-4d81-bc66-0f9b00220e72<-78f89d9b-e409-4704-890b-bfcfbcdfd28a#0:OK-t1. Peer's state: 78f89d9b-e409-4704-890b-bfcfbcdfd28a@group-B58ED9299B6F:t1, leader=null, voted=13f92446-3b18-4d81-bc66-0f9b00220e72, raftlog=Memoized:78f89d9b-e409-4704-890b-bfcfbcdfd28a@group-B58ED9299B6F-SegmentedRaftLog:OPENED:c-1, conf=-1: peers:[78f89d9b-e409-4704-890b-bfcfbcdfd28a|10.1.0.33:15086, c30fedce-f286-40e0-881d-3d5a9a6e2463|10.1.0.33:15068, 13f92446-3b18-4d81-bc66-0f9b00220e72|10.1.0.33:15077]|listeners:[], old=null
2024-02-22 20:33:45,971 [grpc-default-executor-6] INFO  server.RaftServer$Division (RaftServerImpl.java:requestVote(1389)) - c30fedce-f286-40e0-881d-3d5a9a6e2463@group-B58ED9299B6F: receive requestVote(ELECTION, 13f92446-3b18-4d81-bc66-0f9b00220e72, group-B58ED9299B6F, 1, (t:0, i:0))
2024-02-22 20:33:45,971 [grpc-default-executor-6] INFO  impl.VoteContext (VoteContext.java:log(49)) - c30fedce-f286-40e0-881d-3d5a9a6e2463@group-B58ED9299B6F-FOLLOWER: accept ELECTION from 13f92446-3b18-4d81-bc66-0f9b00220e72: our priority 0 <= candidate's priority 1
2024-02-22 20:33:45,971 [grpc-default-executor-6] INFO  server.RaftServer$Division (RaftServerImpl.java:setRole(383)) - c30fedce-f286-40e0-881d-3d5a9a6e2463@group-B58ED9299B6F: changes role from  FOLLOWER to FOLLOWER at term 1 for candidate:13f92446-3b18-4d81-bc66-0f9b00220e72
2024-02-22 20:33:45,971 [grpc-default-executor-6] INFO  impl.RoleInfo (RoleInfo.java:shutdownFollowerState(110)) - c30fedce-f286-40e0-881d-3d5a9a6e2463: shutdown c30fedce-f286-40e0-881d-3d5a9a6e2463@group-B58ED9299B6F-FollowerState
2024-02-22 20:33:45,971 [grpc-default-executor-6] INFO  impl.RoleInfo (RoleInfo.java:updateAndGet(139)) - c30fedce-f286-40e0-881d-3d5a9a6e2463: start c30fedce-f286-40e0-881d-3d5a9a6e2463@group-B58ED9299B6F-FollowerState
2024-02-22 20:33:45,971 [c30fedce-f286-40e0-881d-3d5a9a6e2463@group-B58ED9299B6F-FollowerState] INFO  impl.FollowerState (FollowerState.java:run(152)) - c30fedce-f286-40e0-881d-3d5a9a6e2463@group-B58ED9299B6F-FollowerState was interrupted
2024-02-22 20:33:45,970 [grpc-default-executor-2] INFO  server.RaftServer$Division (RaftServerImpl.java:requestVote(1422)) - 923be64f-71f4-4891-b05d-82ff5a9df5b5@group-BDBAD3AB70B4 replies to ELECTION vote request: dc26353c-d48a-467d-89cd-3a7c4b626396<-923be64f-71f4-4891-b05d-82ff5a9df5b5#0:OK-t1. Peer's state: 923be64f-71f4-4891-b05d-82ff5a9df5b5@group-BDBAD3AB70B4:t1, leader=null, voted=dc26353c-d48a-467d-89cd-3a7c4b626396, raftlog=Memoized:923be64f-71f4-4891-b05d-82ff5a9df5b5@group-BDBAD3AB70B4-SegmentedRaftLog:OPENED:c-1, conf=-1: peers:[923be64f-71f4-4891-b05d-82ff5a9df5b5|10.1.0.33:15023, e46a6e51-795f-4801-a523-c45a6c7f2c34|10.1.0.33:15014, dc26353c-d48a-467d-89cd-3a7c4b626396|10.1.0.33:15050]|listeners:[], old=null
2024-02-22 20:33:45,975 [dc26353c-d48a-467d-89cd-3a7c4b626396@group-BDBAD3AB70B4-LeaderElection28] INFO  impl.LeaderElection (LeaderElection.java:askForVotes(323)) - dc26353c-d48a-467d-89cd-3a7c4b626396@group-BDBAD3AB70B4-LeaderElection28 ELECTION round 0: result PASSED
2024-02-22 20:33:45,975 [dc26353c-d48a-467d-89cd-3a7c4b626396@group-BDBAD3AB70B4-LeaderElection28] INFO  impl.RoleInfo (RoleInfo.java:shutdownLeaderElection(130)) - dc26353c-d48a-467d-89cd-3a7c4b626396: shutdown dc26353c-d48a-467d-89cd-3a7c4b626396@group-BDBAD3AB70B4-LeaderElection28
2024-02-22 20:33:45,976 [dc26353c-d48a-467d-89cd-3a7c4b626396@group-BDBAD3AB70B4-LeaderElection28] INFO  server.RaftServer$Division (RaftServerImpl.java:setRole(383)) - dc26353c-d48a-467d-89cd-3a7c4b626396@group-BDBAD3AB70B4: changes role from CANDIDATE to LEADER at term 1 for changeToLeader
2024-02-22 20:33:45,976 [dc26353c-d48a-467d-89cd-3a7c4b626396@group-BDBAD3AB70B4-LeaderElection28] INFO  server.RaftServerConfigKeys (ConfUtils.java:logGet(46)) - raft.server.staging.catchup.gap = 1000 (default)
2024-02-22 20:33:45,976 [grpc-default-executor-6] INFO  server.RaftServer$Division (RaftServerImpl.java:requestVote(1422)) - c30fedce-f286-40e0-881d-3d5a9a6e2463@group-B58ED9299B6F replies to ELECTION vote request: 13f92446-3b18-4d81-bc66-0f9b00220e72<-c30fedce-f286-40e0-881d-3d5a9a6e2463#0:OK-t1. Peer's state: c30fedce-f286-40e0-881d-3d5a9a6e2463@group-B58ED9299B6F:t1, leader=null, voted=13f92446-3b18-4d81-bc66-0f9b00220e72, raftlog=Memoized:c30fedce-f286-40e0-881d-3d5a9a6e2463@group-B58ED9299B6F-SegmentedRaftLog:OPENED:c-1, conf=-1: peers:[78f89d9b-e409-4704-890b-bfcfbcdfd28a|10.1.0.33:15086, c30fedce-f286-40e0-881d-3d5a9a6e2463|10.1.0.33:15068, 13f92446-3b18-4d81-bc66-0f9b00220e72|10.1.0.33:15077]|listeners:[], old=null
2024-02-22 20:33:45,976 [dc26353c-d48a-467d-89cd-3a7c4b626396@group-BDBAD3AB70B4-LeaderElection28] INFO  server.RaftServerConfigKeys (ConfUtils.java:logGet(46)) - raft.server.write.element-limit = 1024 (custom)
2024-02-22 20:33:45,977 [13f92446-3b18-4d81-bc66-0f9b00220e72@group-B58ED9299B6F-LeaderElection29] INFO  impl.LeaderElection (LeaderElection.java:logAndReturn(89)) - 13f92446-3b18-4d81-bc66-0f9b00220e72@group-B58ED9299B6F-LeaderElection29: ELECTION PASSED received 1 response(s) and 0 exception(s):
2024-02-22 20:33:45,977 [13f92446-3b18-4d81-bc66-0f9b00220e72@group-B58ED9299B6F-LeaderElection29] INFO  impl.LeaderElection (LeaderElection.java:logAndReturn(93)) -   Response 0: 13f92446-3b18-4d81-bc66-0f9b00220e72<-78f89d9b-e409-4704-890b-bfcfbcdfd28a#0:OK-t1
2024-02-22 20:33:45,977 [13f92446-3b18-4d81-bc66-0f9b00220e72@group-B58ED9299B6F-LeaderElection29] INFO  impl.LeaderElection (LeaderElection.java:askForVotes(323)) - 13f92446-3b18-4d81-bc66-0f9b00220e72@group-B58ED9299B6F-LeaderElection29 ELECTION round 0: result PASSED
2024-02-22 20:33:45,977 [13f92446-3b18-4d81-bc66-0f9b00220e72@group-B58ED9299B6F-LeaderElection29] INFO  impl.RoleInfo (RoleInfo.java:shutdownLeaderElection(130)) - 13f92446-3b18-4d81-bc66-0f9b00220e72: shutdown 13f92446-3b18-4d81-bc66-0f9b00220e72@group-B58ED9299B6F-LeaderElection29
2024-02-22 20:33:45,977 [13f92446-3b18-4d81-bc66-0f9b00220e72@group-B58ED9299B6F-LeaderElection29] INFO  server.RaftServer$Division (RaftServerImpl.java:setRole(383)) - 13f92446-3b18-4d81-bc66-0f9b00220e72@group-B58ED9299B6F: changes role from CANDIDATE to LEADER at term 1 for changeToLeader
2024-02-22 20:33:45,977 [13f92446-3b18-4d81-bc66-0f9b00220e72@group-B58ED9299B6F-LeaderElection29] INFO  server.RaftServerConfigKeys (ConfUtils.java:logGet(46)) - raft.server.staging.catchup.gap = 1000 (default)
2024-02-22 20:33:45,977 [13f92446-3b18-4d81-bc66-0f9b00220e72@group-B58ED9299B6F-LeaderElection29] INFO  server.RaftServerConfigKeys (ConfUtils.java:logGet(46)) - raft.server.write.element-limit = 1024 (custom)
2024-02-22 20:33:45,978 [13f92446-3b18-4d81-bc66-0f9b00220e72@group-B58ED9299B6F-LeaderElection29] INFO  server.RaftServerConfigKeys (ConfUtils.java:logGet(46)) - raft.server.write.byte-limit = 1024 M (=1073741824) (custom)
2024-02-22 20:33:45,978 [13f92446-3b18-4d81-bc66-0f9b00220e72@group-B58ED9299B6F-LeaderElection29] INFO  server.RaftServerConfigKeys (ConfUtils.java:logGet(46)) - raft.server.watch.timeout = 180s (custom)
2024-02-22 20:33:45,978 [13f92446-3b18-4d81-bc66-0f9b00220e72@group-B58ED9299B6F-LeaderElection29] INFO  server.RaftServerConfigKeys (ConfUtils.java:logGet(46)) - raft.server.watch.timeout.denomination = 1s (default)
2024-02-22 20:33:45,978 [13f92446-3b18-4d81-bc66-0f9b00220e72@group-B58ED9299B6F-LeaderElection29] INFO  server.RaftServerConfigKeys (ConfUtils.java:logGet(46)) - raft.server.watch.element-limit = 65536 (default)
2024-02-22 20:33:45,978 [13f92446-3b18-4d81-bc66-0f9b00220e72@group-B58ED9299B6F-LeaderElection29] INFO  server.RaftServerConfigKeys (ConfUtils.java:logGet(46)) - raft.server.read.leader.lease.enabled = false (default)
2024-02-22 20:33:45,978 [13f92446-3b18-4d81-bc66-0f9b00220e72@group-B58ED9299B6F-LeaderElection29] INFO  server.RaftServerConfigKeys (ConfUtils.java:logGet(46)) - raft.server.read.leader.lease.timeout.ratio = 0.9 (default)
2024-02-22 20:33:45,978 [13f92446-3b18-4d81-bc66-0f9b00220e72@group-B58ED9299B6F-LeaderElection29] INFO  server.RaftServerConfigKeys (ConfUtils.java:logGet(46)) - raft.server.rpc.timeout.min = 5s (custom)
2024-02-22 20:33:45,978 [13f92446-3b18-4d81-bc66-0f9b00220e72@group-B58ED9299B6F-LeaderElection29] INFO  server.RaftServerConfigKeys (ConfUtils.java:logGet(46)) - raft.server.write.element-limit = 1024 (custom)
2024-02-22 20:33:45,978 [13f92446-3b18-4d81-bc66-0f9b00220e72@group-B58ED9299B6F-LeaderElection29] INFO  server.RaftServerConfigKeys (ConfUtils.java:logGet(46)) - raft.server.write.follower.gap.ratio.max = -1.0 (default)
2024-02-22 20:33:45,979 [13f92446-3b18-4d81-bc66-0f9b00220e72@group-B58ED9299B6F-LeaderElection29] INFO  server.RaftServerConfigKeys (ConfUtils.java:logGet(46)) - raft.server.log.appender.snapshot.chunk.size.max = 16MB (=16777216) (default)
2024-02-22 20:33:45,979 [13f92446-3b18-4d81-bc66-0f9b00220e72@group-B58ED9299B6F-LeaderElection29] INFO  server.RaftServerConfigKeys (ConfUtils.java:logGet(46)) - raft.server.log.appender.buffer.byte-limit = 8388608 (custom)
2024-02-22 20:33:45,979 [13f92446-3b18-4d81-bc66-0f9b00220e72@group-B58ED9299B6F-LeaderElection29] INFO  server.RaftServerConfigKeys (ConfUtils.java:logGet(46)) - raft.server.log.appender.buffer.element-limit = 1 (custom)
2024-02-22 20:33:45,979 [13f92446-3b18-4d81-bc66-0f9b00220e72@group-B58ED9299B6F-LeaderElection29] INFO  server.RaftServerConfigKeys (ConfUtils.java:logGet(46)) - raft.server.log.appender.wait-time.min = 0μs (custom)
2024-02-22 20:33:45,979 [13f92446-3b18-4d81-bc66-0f9b00220e72@group-B58ED9299B6F-LeaderElection29] INFO  grpc.GrpcConfigKeys (ConfUtils.java:logGet(46)) - raft.grpc.server.leader.outstanding.appends.max = 8 (default)
2024-02-22 20:33:45,979 [13f92446-3b18-4d81-bc66-0f9b00220e72@group-B58ED9299B6F-LeaderElection29] INFO  server.RaftServerConfigKeys (ConfUtils.java:logGet(46)) - raft.server.rpc.request.timeout = 60s (custom)
2024-02-22 20:33:45,979 [13f92446-3b18-4d81-bc66-0f9b00220e72@group-B58ED9299B6F-LeaderElection29] INFO  grpc.GrpcConfigKeys (ConfUtils.java:logGet(46)) - raft.grpc.server.install_snapshot.request.element-limit = 8 (default)
2024-02-22 20:33:45,979 [13f92446-3b18-4d81-bc66-0f9b00220e72@group-B58ED9299B6F-LeaderElection29] INFO  grpc.GrpcConfigKeys (ConfUtils.java:logGet(46)) - raft.grpc.server.install_snapshot.request.timeout = 3000ms (default)
2024-02-22 20:33:45,979 [13f92446-3b18-4d81-bc66-0f9b00220e72@group-B58ED9299B6F-LeaderElection29] INFO  grpc.GrpcConfigKeys (ConfUtils.java:logGet(46)) - raft.grpc.server.log-message.batch.duration = 5s (default)
2024-02-22 20:33:45,979 [13f92446-3b18-4d81-bc66-0f9b00220e72@group-B58ED9299B6F-LeaderElection29] INFO  server.RaftServerConfigKeys (ConfUtils.java:logGet(46)) - raft.server.log.appender.install.snapshot.enabled = false (custom)
2024-02-22 20:33:45,979 [13f92446-3b18-4d81-bc66-0f9b00220e72@group-B58ED9299B6F-LeaderElection29] INFO  grpc.GrpcConfigKeys (ConfUtils.java:logGet(46)) - raft.grpc.server.heartbeat.channel = true (default)
2024-02-22 20:33:45,980 [13f92446-3b18-4d81-bc66-0f9b00220e72@group-B58ED9299B6F-LeaderElection29] INFO  server.RaftServerConfigKeys (ConfUtils.java:logGet(46)) - raft.server.log.appender.snapshot.chunk.size.max = 16MB (=16777216) (default)
2024-02-22 20:33:45,980 [13f92446-3b18-4d81-bc66-0f9b00220e72@group-B58ED9299B6F-LeaderElection29] INFO  server.RaftServerConfigKeys (ConfUtils.java:logGet(46)) - raft.server.log.appender.buffer.byte-limit = 8388608 (custom)
2024-02-22 20:33:45,980 [13f92446-3b18-4d81-bc66-0f9b00220e72@group-B58ED9299B6F-LeaderElection29] INFO  server.RaftServerConfigKeys (ConfUtils.java:logGet(46)) - raft.server.log.appender.buffer.element-limit = 1 (custom)
2024-02-22 20:33:45,980 [13f92446-3b18-4d81-bc66-0f9b00220e72@group-B58ED9299B6F-LeaderElection29] INFO  server.RaftServerConfigKeys (ConfUtils.java:logGet(46)) - raft.server.log.appender.wait-time.min = 0μs (custom)
2024-02-22 20:33:45,980 [13f92446-3b18-4d81-bc66-0f9b00220e72@group-B58ED9299B6F-LeaderElection29] INFO  grpc.GrpcConfigKeys (ConfUtils.java:logGet(46)) - raft.grpc.server.leader.outstanding.appends.max = 8 (default)
2024-02-22 20:33:45,980 [13f92446-3b18-4d81-bc66-0f9b00220e72@group-B58ED9299B6F-LeaderElection29] INFO  server.RaftServerConfigKeys (ConfUtils.java:logGet(46)) - raft.server.rpc.request.timeout = 60s (custom)
2024-02-22 20:33:45,980 [13f92446-3b18-4d81-bc66-0f9b00220e72@group-B58ED9299B6F-LeaderElection29] INFO  grpc.GrpcConfigKeys (ConfUtils.java:logGet(46)) - raft.grpc.server.install_snapshot.request.element-limit = 8 (default)
2024-02-22 20:33:45,980 [13f92446-3b18-4d81-bc66-0f9b00220e72@group-B58ED9299B6F-LeaderElection29] INFO  grpc.GrpcConfigKeys (ConfUtils.java:logGet(46)) - raft.grpc.server.install_snapshot.request.timeout = 3000ms (default)
2024-02-22 20:33:45,980 [13f92446-3b18-4d81-bc66-0f9b00220e72@group-B58ED9299B6F-LeaderElection29] INFO  grpc.GrpcConfigKeys (ConfUtils.java:logGet(46)) - raft.grpc.server.log-message.batch.duration = 5s (default)
2024-02-22 20:33:45,980 [13f92446-3b18-4d81-bc66-0f9b00220e72@group-B58ED9299B6F-LeaderElection29] INFO  server.RaftServerConfigKeys (ConfUtils.java:logGet(46)) - raft.server.log.appender.install.snapshot.enabled = false (custom)
2024-02-22 20:33:45,980 [13f92446-3b18-4d81-bc66-0f9b00220e72@group-B58ED9299B6F-LeaderElection29] INFO  grpc.GrpcConfigKeys (ConfUtils.java:logGet(46)) - raft.grpc.server.heartbeat.channel = true (default)
2024-02-22 20:33:45,980 [13f92446-3b18-4d81-bc66-0f9b00220e72@group-B58ED9299B6F-LeaderElection29] INFO  impl.RoleInfo (RoleInfo.java:updateAndGet(139)) - 13f92446-3b18-4d81-bc66-0f9b00220e72: start 13f92446-3b18-4d81-bc66-0f9b00220e72@group-B58ED9299B6F-LeaderStateImpl
2024-02-22 20:33:45,980 [13f92446-3b18-4d81-bc66-0f9b00220e72@group-B58ED9299B6F-LeaderElection29] INFO  server.RaftServer$Division (RaftServerImpl.java:setFirstElection(574)) - 13f92446-3b18-4d81-bc66-0f9b00220e72@group-B58ED9299B6F: set firstElectionSinceStartup to false for becomeLeader
2024-02-22 20:33:45,980 [13f92446-3b18-4d81-bc66-0f9b00220e72@group-B58ED9299B6F-LeaderElection29] INFO  ratis.XceiverServerRatis (XceiverServerRatis.java:handleLeaderChangedNotification(966)) - Leader change notification received for group: group-B58ED9299B6F with new leaderId: 13f92446-3b18-4d81-bc66-0f9b00220e72
2024-02-22 20:33:45,981 [13f92446-3b18-4d81-bc66-0f9b00220e72@group-B58ED9299B6F-LeaderElection29] INFO  server.RaftServer$Division (ServerState.java:setLeader(269)) - 13f92446-3b18-4d81-bc66-0f9b00220e72@group-B58ED9299B6F: change Leader from null to 13f92446-3b18-4d81-bc66-0f9b00220e72 at term 1 for becomeLeader, leader elected after 5354ms
2024-02-22 20:33:45,981 [13f92446-3b18-4d81-bc66-0f9b00220e72@group-B58ED9299B6F-LeaderElection29] INFO  segmented.SegmentedRaftLogWorker (SegmentedRaftLogWorker.java:startLogSegment(430)) - 13f92446-3b18-4d81-bc66-0f9b00220e72@group-B58ED9299B6F-SegmentedRaftLogWorker: Starting segment from index:0
2024-02-22 20:33:45,981 [13f92446-3b18-4d81-bc66-0f9b00220e72@group-B58ED9299B6F-LeaderElection29] INFO  server.RaftServer$Division (ServerState.java:setRaftConf(386)) - 13f92446-3b18-4d81-bc66-0f9b00220e72@group-B58ED9299B6F: set configuration 0: peers:[78f89d9b-e409-4704-890b-bfcfbcdfd28a|10.1.0.33:15086, c30fedce-f286-40e0-881d-3d5a9a6e2463|10.1.0.33:15068, 13f92446-3b18-4d81-bc66-0f9b00220e72|10.1.0.33:15077]|listeners:[], old=null
2024-02-22 20:33:45,981 [13f92446-3b18-4d81-bc66-0f9b00220e72@group-B58ED9299B6F-SegmentedRaftLogWorker] INFO  segmented.BufferedWriteChannel (BufferedWriteChannel.java:open(62)) - open log_inprogress_0 at position 0
2024-02-22 20:33:45,977 [dc26353c-d48a-467d-89cd-3a7c4b626396@group-BDBAD3AB70B4-LeaderElection28] INFO  server.RaftServerConfigKeys (ConfUtils.java:logGet(46)) - raft.server.write.byte-limit = 1024 M (=1073741824) (custom)
2024-02-22 20:33:45,981 [dc26353c-d48a-467d-89cd-3a7c4b626396@group-BDBAD3AB70B4-LeaderElection28] INFO  server.RaftServerConfigKeys (ConfUtils.java:logGet(46)) - raft.server.watch.timeout = 180s (custom)
2024-02-22 20:33:45,981 [dc26353c-d48a-467d-89cd-3a7c4b626396@group-BDBAD3AB70B4-LeaderElection28] INFO  server.RaftServerConfigKeys (ConfUtils.java:logGet(46)) - raft.server.watch.timeout.denomination = 1s (default)
2024-02-22 20:33:45,981 [dc26353c-d48a-467d-89cd-3a7c4b626396@group-BDBAD3AB70B4-LeaderElection28] INFO  server.RaftServerConfigKeys (ConfUtils.java:logGet(46)) - raft.server.watch.element-limit = 65536 (default)
2024-02-22 20:33:45,981 [dc26353c-d48a-467d-89cd-3a7c4b626396@group-BDBAD3AB70B4-LeaderElection28] INFO  server.RaftServerConfigKeys (ConfUtils.java:logGet(46)) - raft.server.read.leader.lease.enabled = false (default)
2024-02-22 20:33:45,982 [dc26353c-d48a-467d-89cd-3a7c4b626396@group-BDBAD3AB70B4-LeaderElection28] INFO  server.RaftServerConfigKeys (ConfUtils.java:logGet(46)) - raft.server.read.leader.lease.timeout.ratio = 0.9 (default)
2024-02-22 20:33:45,982 [dc26353c-d48a-467d-89cd-3a7c4b626396@group-BDBAD3AB70B4-LeaderElection28] INFO  server.RaftServerConfigKeys (ConfUtils.java:logGet(46)) - raft.server.rpc.timeout.min = 5s (custom)
2024-02-22 20:33:45,982 [dc26353c-d48a-467d-89cd-3a7c4b626396@group-BDBAD3AB70B4-LeaderElection28] INFO  server.RaftServerConfigKeys (ConfUtils.java:logGet(46)) - raft.server.write.element-limit = 1024 (custom)
2024-02-22 20:33:45,982 [dc26353c-d48a-467d-89cd-3a7c4b626396@group-BDBAD3AB70B4-LeaderElection28] INFO  server.RaftServerConfigKeys (ConfUtils.java:logGet(46)) - raft.server.write.follower.gap.ratio.max = -1.0 (default)
2024-02-22 20:33:45,982 [dc26353c-d48a-467d-89cd-3a7c4b626396@group-BDBAD3AB70B4-LeaderElection28] INFO  server.RaftServerConfigKeys (ConfUtils.java:logGet(46)) - raft.server.log.appender.snapshot.chunk.size.max = 16MB (=16777216) (default)
2024-02-22 20:33:45,982 [dc26353c-d48a-467d-89cd-3a7c4b626396@group-BDBAD3AB70B4-LeaderElection28] INFO  server.RaftServerConfigKeys (ConfUtils.java:logGet(46)) - raft.server.log.appender.buffer.byte-limit = 8388608 (custom)
2024-02-22 20:33:45,982 [dc26353c-d48a-467d-89cd-3a7c4b626396@group-BDBAD3AB70B4-LeaderElection28] INFO  server.RaftServerConfigKeys (ConfUtils.java:logGet(46)) - raft.server.log.appender.buffer.element-limit = 1 (custom)
2024-02-22 20:33:46,159 [dc26353c-d48a-467d-89cd-3a7c4b626396@group-BDBAD3AB70B4-LeaderElection28] INFO  server.RaftServerConfigKeys (ConfUtils.java:logGet(46)) - raft.server.log.appender.wait-time.min = 0μs (custom)
2024-02-22 20:33:46,159 [dc26353c-d48a-467d-89cd-3a7c4b626396@group-BDBAD3AB70B4-LeaderElection28] INFO  grpc.GrpcConfigKeys (ConfUtils.java:logGet(46)) - raft.grpc.server.leader.outstanding.appends.max = 8 (default)
2024-02-22 20:33:46,159 [dc26353c-d48a-467d-89cd-3a7c4b626396@group-BDBAD3AB70B4-LeaderElection28] INFO  server.RaftServerConfigKeys (ConfUtils.java:logGet(46)) - raft.server.rpc.request.timeout = 60s (custom)
2024-02-22 20:33:46,159 [dc26353c-d48a-467d-89cd-3a7c4b626396@group-BDBAD3AB70B4-LeaderElection28] INFO  grpc.GrpcConfigKeys (ConfUtils.java:logGet(46)) - raft.grpc.server.install_snapshot.request.element-limit = 8 (default)
2024-02-22 20:33:46,159 [dc26353c-d48a-467d-89cd-3a7c4b626396@group-BDBAD3AB70B4-LeaderElection28] INFO  grpc.GrpcConfigKeys (ConfUtils.java:logGet(46)) - raft.grpc.server.install_snapshot.request.timeout = 3000ms (default)
2024-02-22 20:33:46,160 [dc26353c-d48a-467d-89cd-3a7c4b626396@group-BDBAD3AB70B4-LeaderElection28] INFO  grpc.GrpcConfigKeys (ConfUtils.java:logGet(46)) - raft.grpc.server.log-message.batch.duration = 5s (default)
2024-02-22 20:33:46,160 [dc26353c-d48a-467d-89cd-3a7c4b626396@group-BDBAD3AB70B4-LeaderElection28] INFO  server.RaftServerConfigKeys (ConfUtils.java:logGet(46)) - raft.server.log.appender.install.snapshot.enabled = false (custom)
2024-02-22 20:33:46,160 [dc26353c-d48a-467d-89cd-3a7c4b626396@group-BDBAD3AB70B4-LeaderElection28] INFO  grpc.GrpcConfigKeys (ConfUtils.java:logGet(46)) - raft.grpc.server.heartbeat.channel = true (default)
2024-02-22 20:33:46,165 [86ab988c-fa9c-425d-a1c6-9004ff7fd93d@group-83D984655C73-FollowerState] INFO  server.RaftServerConfigKeys (ConfUtils.java:logFallback(53)) - raft.server.rpc.first-election.timeout.min = 5s (fallback to raft.server.rpc.timeout.min)
2024-02-22 20:33:46,166 [4e8f68d6-fd98-4f77-87e3-715939181693@group-9D5BCF0FDB08-FollowerState] INFO  impl.FollowerState (FollowerState.java:run(143)) - 4e8f68d6-fd98-4f77-87e3-715939181693@group-9D5BCF0FDB08-FollowerState: change to CANDIDATE, lastRpcElapsedTime:5165137519ns, electionTimeout:5151ms
2024-02-22 20:33:46,166 [e780b093-7242-46d7-bd8f-0f810188c7b3@group-A538022C1006-FollowerState] INFO  impl.FollowerState (FollowerState.java:run(143)) - e780b093-7242-46d7-bd8f-0f810188c7b3@group-A538022C1006-FollowerState: change to CANDIDATE, lastRpcElapsedTime:5148416898ns, electionTimeout:5116ms
2024-02-22 20:33:46,166 [4e8f68d6-fd98-4f77-87e3-715939181693@group-9D5BCF0FDB08-FollowerState] INFO  impl.RoleInfo (RoleInfo.java:shutdownFollowerState(110)) - 4e8f68d6-fd98-4f77-87e3-715939181693: shutdown 4e8f68d6-fd98-4f77-87e3-715939181693@group-9D5BCF0FDB08-FollowerState
2024-02-22 20:33:46,166 [e780b093-7242-46d7-bd8f-0f810188c7b3@group-A538022C1006-FollowerState] INFO  impl.RoleInfo (RoleInfo.java:shutdownFollowerState(110)) - e780b093-7242-46d7-bd8f-0f810188c7b3: shutdown e780b093-7242-46d7-bd8f-0f810188c7b3@group-A538022C1006-FollowerState
2024-02-22 20:33:46,166 [4e8f68d6-fd98-4f77-87e3-715939181693@group-9D5BCF0FDB08-FollowerState] INFO  server.RaftServer$Division (RaftServerImpl.java:setRole(383)) - 4e8f68d6-fd98-4f77-87e3-715939181693@group-9D5BCF0FDB08: changes role from  FOLLOWER to CANDIDATE at term 0 for changeToCandidate
2024-02-22 20:33:46,166 [e780b093-7242-46d7-bd8f-0f810188c7b3@group-A538022C1006-FollowerState] INFO  server.RaftServer$Division (RaftServerImpl.java:setRole(383)) - e780b093-7242-46d7-bd8f-0f810188c7b3@group-A538022C1006: changes role from  FOLLOWER to CANDIDATE at term 0 for changeToCandidate
2024-02-22 20:33:46,166 [4e8f68d6-fd98-4f77-87e3-715939181693@group-9D5BCF0FDB08-FollowerState] INFO  server.RaftServerConfigKeys (ConfUtils.java:logGet(46)) - raft.server.leaderelection.pre-vote = true (default)
2024-02-22 20:33:46,166 [c30fedce-f286-40e0-881d-3d5a9a6e2463@group-C4BFF782AB50-FollowerState] INFO  impl.FollowerState (FollowerState.java:run(143)) - c30fedce-f286-40e0-881d-3d5a9a6e2463@group-C4BFF782AB50-FollowerState: change to CANDIDATE, lastRpcElapsedTime:5156129762ns, electionTimeout:5152ms
2024-02-22 20:33:46,166 [c30fedce-f286-40e0-881d-3d5a9a6e2463@group-C4BFF782AB50-FollowerState] INFO  impl.RoleInfo (RoleInfo.java:shutdownFollowerState(110)) - c30fedce-f286-40e0-881d-3d5a9a6e2463: shutdown c30fedce-f286-40e0-881d-3d5a9a6e2463@group-C4BFF782AB50-FollowerState
2024-02-22 20:33:46,166 [c30fedce-f286-40e0-881d-3d5a9a6e2463@group-C4BFF782AB50-FollowerState] INFO  server.RaftServer$Division (RaftServerImpl.java:setRole(383)) - c30fedce-f286-40e0-881d-3d5a9a6e2463@group-C4BFF782AB50: changes role from  FOLLOWER to CANDIDATE at term 0 for changeToCandidate
2024-02-22 20:33:46,166 [c30fedce-f286-40e0-881d-3d5a9a6e2463@group-C4BFF782AB50-FollowerState] INFO  server.RaftServerConfigKeys (ConfUtils.java:logGet(46)) - raft.server.leaderelection.pre-vote = true (default)
2024-02-22 20:33:46,166 [c30fedce-f286-40e0-881d-3d5a9a6e2463@group-C4BFF782AB50-FollowerState] INFO  impl.RoleInfo (RoleInfo.java:updateAndGet(139)) - c30fedce-f286-40e0-881d-3d5a9a6e2463: start c30fedce-f286-40e0-881d-3d5a9a6e2463@group-C4BFF782AB50-LeaderElection32
2024-02-22 20:33:46,166 [4e8f68d6-fd98-4f77-87e3-715939181693@group-9D5BCF0FDB08-FollowerState] INFO  impl.RoleInfo (RoleInfo.java:updateAndGet(139)) - 4e8f68d6-fd98-4f77-87e3-715939181693: start 4e8f68d6-fd98-4f77-87e3-715939181693@group-9D5BCF0FDB08-LeaderElection30
2024-02-22 20:33:46,166 [e780b093-7242-46d7-bd8f-0f810188c7b3@group-A538022C1006-FollowerState] INFO  server.RaftServerConfigKeys (ConfUtils.java:logGet(46)) - raft.server.leaderelection.pre-vote = true (default)
2024-02-22 20:33:46,167 [e780b093-7242-46d7-bd8f-0f810188c7b3@group-A538022C1006-FollowerState] INFO  impl.RoleInfo (RoleInfo.java:updateAndGet(139)) - e780b093-7242-46d7-bd8f-0f810188c7b3: start e780b093-7242-46d7-bd8f-0f810188c7b3@group-A538022C1006-LeaderElection31
2024-02-22 20:33:46,167 [dc26353c-d48a-467d-89cd-3a7c4b626396@group-BDBAD3AB70B4-LeaderElection28] INFO  server.RaftServerConfigKeys (ConfUtils.java:logGet(46)) - raft.server.log.appender.snapshot.chunk.size.max = 16MB (=16777216) (default)
2024-02-22 20:33:46,167 [dc26353c-d48a-467d-89cd-3a7c4b626396@group-BDBAD3AB70B4-LeaderElection28] INFO  server.RaftServerConfigKeys (ConfUtils.java:logGet(46)) - raft.server.log.appender.buffer.byte-limit = 8388608 (custom)
2024-02-22 20:33:46,167 [dc26353c-d48a-467d-89cd-3a7c4b626396@group-BDBAD3AB70B4-LeaderElection28] INFO  server.RaftServerConfigKeys (ConfUtils.java:logGet(46)) - raft.server.log.appender.buffer.element-limit = 1 (custom)
2024-02-22 20:33:46,168 [c30fedce-f286-40e0-881d-3d5a9a6e2463@group-C4BFF782AB50-LeaderElection32] INFO  impl.LeaderElection (LeaderElection.java:askForVotes(321)) - c30fedce-f286-40e0-881d-3d5a9a6e2463@group-C4BFF782AB50-LeaderElection32 PRE_VOTE round 0: submit vote requests at term 0 for -1: peers:[78f89d9b-e409-4704-890b-bfcfbcdfd28a|10.1.0.33:15086, c30fedce-f286-40e0-881d-3d5a9a6e2463|10.1.0.33:15068, 13f92446-3b18-4d81-bc66-0f9b00220e72|10.1.0.33:15077]|listeners:[], old=null
2024-02-22 20:33:46,168 [dc26353c-d48a-467d-89cd-3a7c4b626396@group-BDBAD3AB70B4-LeaderElection28] INFO  server.RaftServerConfigKeys (ConfUtils.java:logGet(46)) - raft.server.log.appender.wait-time.min = 0μs (custom)
2024-02-22 20:33:46,169 [dc26353c-d48a-467d-89cd-3a7c4b626396@group-BDBAD3AB70B4-LeaderElection28] INFO  grpc.GrpcConfigKeys (ConfUtils.java:logGet(46)) - raft.grpc.server.leader.outstanding.appends.max = 8 (default)
2024-02-22 20:33:46,170 [dc26353c-d48a-467d-89cd-3a7c4b626396@group-BDBAD3AB70B4-LeaderElection28] INFO  server.RaftServerConfigKeys (ConfUtils.java:logGet(46)) - raft.server.rpc.request.timeout = 60s (custom)
2024-02-22 20:33:46,170 [dc26353c-d48a-467d-89cd-3a7c4b626396@group-BDBAD3AB70B4-LeaderElection28] INFO  grpc.GrpcConfigKeys (ConfUtils.java:logGet(46)) - raft.grpc.server.install_snapshot.request.element-limit = 8 (default)
2024-02-22 20:33:46,170 [dc26353c-d48a-467d-89cd-3a7c4b626396@group-BDBAD3AB70B4-LeaderElection28] INFO  grpc.GrpcConfigKeys (ConfUtils.java:logGet(46)) - raft.grpc.server.install_snapshot.request.timeout = 3000ms (default)
2024-02-22 20:33:46,170 [dc26353c-d48a-467d-89cd-3a7c4b626396@group-BDBAD3AB70B4-LeaderElection28] INFO  grpc.GrpcConfigKeys (ConfUtils.java:logGet(46)) - raft.grpc.server.log-message.batch.duration = 5s (default)
2024-02-22 20:33:46,170 [dc26353c-d48a-467d-89cd-3a7c4b626396@group-BDBAD3AB70B4-LeaderElection28] INFO  server.RaftServerConfigKeys (ConfUtils.java:logGet(46)) - raft.server.log.appender.install.snapshot.enabled = false (custom)
2024-02-22 20:33:46,170 [dc26353c-d48a-467d-89cd-3a7c4b626396@group-BDBAD3AB70B4-LeaderElection28] INFO  grpc.GrpcConfigKeys (ConfUtils.java:logGet(46)) - raft.grpc.server.heartbeat.channel = true (default)
2024-02-22 20:33:46,170 [13f92446-3b18-4d81-bc66-0f9b00220e72@group-B58ED9299B6F-SegmentedRaftLogWorker] INFO  segmented.SegmentedRaftLogWorker (SegmentedRaftLogWorker.java:execute(634)) - 13f92446-3b18-4d81-bc66-0f9b00220e72@group-B58ED9299B6F-SegmentedRaftLogWorker: created new log segment /home/runner/work/ozone/ozone/hadoop-ozone/integration-test/target/test-dir/MiniOzoneClusterImpl-a0fc024b-a492-45a5-9697-b0d14f72cb5c/datanode-7/data/ratis/d49f5e63-9859-43c9-95b6-b58ed9299b6f/current/log_inprogress_0
2024-02-22 20:33:46,170 [4e8f68d6-fd98-4f77-87e3-715939181693@group-9EB4D3397E8E-FollowerState] INFO  impl.FollowerState (FollowerState.java:run(143)) - 4e8f68d6-fd98-4f77-87e3-715939181693@group-9EB4D3397E8E-FollowerState: change to CANDIDATE, lastRpcElapsedTime:5261651118ns, electionTimeout:5120ms
2024-02-22 20:33:46,170 [4e8f68d6-fd98-4f77-87e3-715939181693@group-9EB4D3397E8E-FollowerState] INFO  impl.RoleInfo (RoleInfo.java:shutdownFollowerState(110)) - 4e8f68d6-fd98-4f77-87e3-715939181693: shutdown 4e8f68d6-fd98-4f77-87e3-715939181693@group-9EB4D3397E8E-FollowerState
2024-02-22 20:33:46,170 [4e8f68d6-fd98-4f77-87e3-715939181693@group-9EB4D3397E8E-FollowerState] INFO  server.RaftServer$Division (RaftServerImpl.java:setRole(383)) - 4e8f68d6-fd98-4f77-87e3-715939181693@group-9EB4D3397E8E: changes role from  FOLLOWER to CANDIDATE at term 0 for changeToCandidate
2024-02-22 20:33:46,171 [dc26353c-d48a-467d-89cd-3a7c4b626396@group-BDBAD3AB70B4-LeaderElection28] INFO  impl.RoleInfo (RoleInfo.java:updateAndGet(139)) - dc26353c-d48a-467d-89cd-3a7c4b626396: start dc26353c-d48a-467d-89cd-3a7c4b626396@group-BDBAD3AB70B4-LeaderStateImpl
2024-02-22 20:33:46,171 [dc26353c-d48a-467d-89cd-3a7c4b626396@group-BDBAD3AB70B4-LeaderElection28] INFO  server.RaftServer$Division (RaftServerImpl.java:setFirstElection(574)) - dc26353c-d48a-467d-89cd-3a7c4b626396@group-BDBAD3AB70B4: set firstElectionSinceStartup to false for becomeLeader
2024-02-22 20:33:46,171 [dc26353c-d48a-467d-89cd-3a7c4b626396@group-BDBAD3AB70B4-LeaderElection28] INFO  ratis.XceiverServerRatis (XceiverServerRatis.java:handleLeaderChangedNotification(966)) - Leader change notification received for group: group-BDBAD3AB70B4 with new leaderId: dc26353c-d48a-467d-89cd-3a7c4b626396
2024-02-22 20:33:46,171 [e780b093-7242-46d7-bd8f-0f810188c7b3@group-A538022C1006-LeaderElection31] INFO  impl.LeaderElection (LeaderElection.java:askForVotes(321)) - e780b093-7242-46d7-bd8f-0f810188c7b3@group-A538022C1006-LeaderElection31 PRE_VOTE round 0: submit vote requests at term 0 for -1: peers:[923be64f-71f4-4891-b05d-82ff5a9df5b5|10.1.0.33:15023, e46a6e51-795f-4801-a523-c45a6c7f2c34|10.1.0.33:15014, e780b093-7242-46d7-bd8f-0f810188c7b3|10.1.0.33:15095]|listeners:[], old=null
2024-02-22 20:33:46,171 [4e8f68d6-fd98-4f77-87e3-715939181693@group-9D5BCF0FDB08-LeaderElection30] INFO  impl.LeaderElection (LeaderElection.java:askForVotes(321)) - 4e8f68d6-fd98-4f77-87e3-715939181693@group-9D5BCF0FDB08-LeaderElection30 PRE_VOTE round 0: submit vote requests at term 0 for -1: peers:[78f89d9b-e409-4704-890b-bfcfbcdfd28a|10.1.0.33:15086, d25dc3b0-28fc-4383-b1a0-617845025f41|10.1.0.33:15032, 4e8f68d6-fd98-4f77-87e3-715939181693|10.1.0.33:15041]|listeners:[], old=null
2024-02-22 20:33:46,172 [4e8f68d6-fd98-4f77-87e3-715939181693@group-9EB4D3397E8E-FollowerState] INFO  server.RaftServerConfigKeys (ConfUtils.java:logGet(46)) - raft.server.leaderelection.pre-vote = true (default)
2024-02-22 20:33:46,172 [4e8f68d6-fd98-4f77-87e3-715939181693@group-9EB4D3397E8E-FollowerState] INFO  impl.RoleInfo (RoleInfo.java:updateAndGet(139)) - 4e8f68d6-fd98-4f77-87e3-715939181693: start 4e8f68d6-fd98-4f77-87e3-715939181693@group-9EB4D3397E8E-LeaderElection33
2024-02-22 20:33:46,173 [4e8f68d6-fd98-4f77-87e3-715939181693@group-9EB4D3397E8E-LeaderElection33] INFO  impl.LeaderElection (LeaderElection.java:askForVotes(321)) - 4e8f68d6-fd98-4f77-87e3-715939181693@group-9EB4D3397E8E-LeaderElection33 PRE_VOTE round 0: submit vote requests at term 0 for -1: peers:[4e8f68d6-fd98-4f77-87e3-715939181693|10.1.0.33:15041]|listeners:[], old=null
2024-02-22 20:33:46,175 [4e8f68d6-fd98-4f77-87e3-715939181693@group-9EB4D3397E8E-LeaderElection33] INFO  impl.LeaderElection (LeaderElection.java:askForVotes(323)) - 4e8f68d6-fd98-4f77-87e3-715939181693@group-9EB4D3397E8E-LeaderElection33 PRE_VOTE round 0: result PASSED (term=0)
2024-02-22 20:33:46,176 [e780b093-7242-46d7-bd8f-0f810188c7b3@group-83D984655C73-FollowerState] INFO  impl.FollowerState (FollowerState.java:run(143)) - e780b093-7242-46d7-bd8f-0f810188c7b3@group-83D984655C73-FollowerState: change to CANDIDATE, lastRpcElapsedTime:5060961779ns, electionTimeout:5012ms
2024-02-22 20:33:46,176 [e780b093-7242-46d7-bd8f-0f810188c7b3@group-83D984655C73-FollowerState] INFO  impl.RoleInfo (RoleInfo.java:shutdownFollowerState(110)) - e780b093-7242-46d7-bd8f-0f810188c7b3: shutdown e780b093-7242-46d7-bd8f-0f810188c7b3@group-83D984655C73-FollowerState
2024-02-22 20:33:46,176 [e780b093-7242-46d7-bd8f-0f810188c7b3@group-83D984655C73-FollowerState] INFO  server.RaftServer$Division (RaftServerImpl.java:setRole(383)) - e780b093-7242-46d7-bd8f-0f810188c7b3@group-83D984655C73: changes role from  FOLLOWER to CANDIDATE at term 0 for changeToCandidate
2024-02-22 20:33:46,176 [e780b093-7242-46d7-bd8f-0f810188c7b3@group-83D984655C73-FollowerState] INFO  server.RaftServerConfigKeys (ConfUtils.java:logGet(46)) - raft.server.leaderelection.pre-vote = true (default)
2024-02-22 20:33:46,176 [e780b093-7242-46d7-bd8f-0f810188c7b3@group-83D984655C73-FollowerState] INFO  impl.RoleInfo (RoleInfo.java:updateAndGet(139)) - e780b093-7242-46d7-bd8f-0f810188c7b3: start e780b093-7242-46d7-bd8f-0f810188c7b3@group-83D984655C73-LeaderElection34
2024-02-22 20:33:46,176 [13f92446-3b18-4d81-bc66-0f9b00220e72@group-C4BFF782AB50-FollowerState] INFO  impl.FollowerState (FollowerState.java:run(143)) - 13f92446-3b18-4d81-bc66-0f9b00220e72@group-C4BFF782AB50-FollowerState: change to CANDIDATE, lastRpcElapsedTime:5205846480ns, electionTimeout:5074ms
2024-02-22 20:33:46,176 [13f92446-3b18-4d81-bc66-0f9b00220e72@group-C4BFF782AB50-FollowerState] INFO  impl.RoleInfo (RoleInfo.java:shutdownFollowerState(110)) - 13f92446-3b18-4d81-bc66-0f9b00220e72: shutdown 13f92446-3b18-4d81-bc66-0f9b00220e72@group-C4BFF782AB50-FollowerState
2024-02-22 20:33:46,176 [13f92446-3b18-4d81-bc66-0f9b00220e72@group-C4BFF782AB50-FollowerState] INFO  server.RaftServer$Division (RaftServerImpl.java:setRole(383)) - 13f92446-3b18-4d81-bc66-0f9b00220e72@group-C4BFF782AB50: changes role from  FOLLOWER to CANDIDATE at term 0 for changeToCandidate
2024-02-22 20:33:46,176 [86ab988c-fa9c-425d-a1c6-9004ff7fd93d@group-83D984655C73-FollowerState] INFO  server.RaftServerConfigKeys (ConfUtils.java:logFallback(53)) - raft.server.rpc.first-election.timeout.max = 5200ms (fallback to raft.server.rpc.timeout.max)
2024-02-22 20:33:46,177 [4e8f68d6-fd98-4f77-87e3-715939181693@group-9EB4D3397E8E-LeaderElection33] INFO  impl.LeaderElection (LeaderElection.java:askForVotes(321)) - 4e8f68d6-fd98-4f77-87e3-715939181693@group-9EB4D3397E8E-LeaderElection33 ELECTION round 0: submit vote requests at term 1 for -1: peers:[4e8f68d6-fd98-4f77-87e3-715939181693|10.1.0.33:15041]|listeners:[], old=null
2024-02-22 20:33:46,177 [4e8f68d6-fd98-4f77-87e3-715939181693@group-9EB4D3397E8E-LeaderElection33] INFO  impl.LeaderElection (LeaderElection.java:askForVotes(323)) - 4e8f68d6-fd98-4f77-87e3-715939181693@group-9EB4D3397E8E-LeaderElection33 ELECTION round 0: result PASSED (term=1)
2024-02-22 20:33:46,177 [4e8f68d6-fd98-4f77-87e3-715939181693@group-9EB4D3397E8E-LeaderElection33] INFO  impl.RoleInfo (RoleInfo.java:shutdownLeaderElection(130)) - 4e8f68d6-fd98-4f77-87e3-715939181693: shutdown 4e8f68d6-fd98-4f77-87e3-715939181693@group-9EB4D3397E8E-LeaderElection33
2024-02-22 20:33:46,177 [4e8f68d6-fd98-4f77-87e3-715939181693@group-9EB4D3397E8E-LeaderElection33] INFO  server.RaftServer$Division (RaftServerImpl.java:setRole(383)) - 4e8f68d6-fd98-4f77-87e3-715939181693@group-9EB4D3397E8E: changes role from CANDIDATE to LEADER at term 1 for changeToLeader
2024-02-22 20:33:46,178 [4e8f68d6-fd98-4f77-87e3-715939181693@group-9EB4D3397E8E-LeaderElection33] INFO  server.RaftServerConfigKeys (ConfUtils.java:logGet(46)) - raft.server.staging.catchup.gap = 1000 (default)
2024-02-22 20:33:46,179 [78f89d9b-e409-4704-890b-bfcfbcdfd28a-server-thread1] INFO  ratis.XceiverServerRatis (XceiverServerRatis.java:handleLeaderChangedNotification(966)) - Leader change notification received for group: group-B58ED9299B6F with new leaderId: 13f92446-3b18-4d81-bc66-0f9b00220e72
2024-02-22 20:33:46,179 [78f89d9b-e409-4704-890b-bfcfbcdfd28a-server-thread1] INFO  server.RaftServer$Division (ServerState.java:setLeader(269)) - 78f89d9b-e409-4704-890b-bfcfbcdfd28a@group-B58ED9299B6F: change Leader from null to 13f92446-3b18-4d81-bc66-0f9b00220e72 at term 1 for appendEntries, leader elected after 5479ms
2024-02-22 20:33:46,180 [e780b093-7242-46d7-bd8f-0f810188c7b3@group-83D984655C73-LeaderElection34] INFO  impl.LeaderElection (LeaderElection.java:askForVotes(321)) - e780b093-7242-46d7-bd8f-0f810188c7b3@group-83D984655C73-LeaderElection34 PRE_VOTE round 0: submit vote requests at term 0 for -1: peers:[86ab988c-fa9c-425d-a1c6-9004ff7fd93d|10.1.0.33:15059, e46a6e51-795f-4801-a523-c45a6c7f2c34|10.1.0.33:15014, e780b093-7242-46d7-bd8f-0f810188c7b3|10.1.0.33:15095]|listeners:[], old=null
2024-02-22 20:33:46,190 [dc26353c-d48a-467d-89cd-3a7c4b626396@group-BDBAD3AB70B4-LeaderElection28] INFO  server.RaftServer$Division (ServerState.java:setLeader(269)) - dc26353c-d48a-467d-89cd-3a7c4b626396@group-BDBAD3AB70B4: change Leader from null to dc26353c-d48a-467d-89cd-3a7c4b626396 at term 1 for becomeLeader, leader elected after 5430ms
2024-02-22 20:33:46,190 [c30fedce-f286-40e0-881d-3d5a9a6e2463-server-thread1] INFO  ratis.XceiverServerRatis (XceiverServerRatis.java:handleLeaderChangedNotification(966)) - Leader change notification received for group: group-B58ED9299B6F with new leaderId: 13f92446-3b18-4d81-bc66-0f9b00220e72
2024-02-22 20:33:46,190 [dc26353c-d48a-467d-89cd-3a7c4b626396@group-BDBAD3AB70B4-LeaderElection28] INFO  segmented.SegmentedRaftLogWorker (SegmentedRaftLogWorker.java:startLogSegment(430)) - dc26353c-d48a-467d-89cd-3a7c4b626396@group-BDBAD3AB70B4-SegmentedRaftLogWorker: Starting segment from index:0
2024-02-22 20:33:46,190 [c30fedce-f286-40e0-881d-3d5a9a6e2463-server-thread1] INFO  server.RaftServer$Division (ServerState.java:setLeader(269)) - c30fedce-f286-40e0-881d-3d5a9a6e2463@group-B58ED9299B6F: change Leader from null to 13f92446-3b18-4d81-bc66-0f9b00220e72 at term 1 for appendEntries, leader elected after 5775ms
2024-02-22 20:33:46,190 [dc26353c-d48a-467d-89cd-3a7c4b626396@group-BDBAD3AB70B4-LeaderElection28] INFO  server.RaftServer$Division (ServerState.java:setRaftConf(386)) - dc26353c-d48a-467d-89cd-3a7c4b626396@group-BDBAD3AB70B4: set configuration 0: peers:[923be64f-71f4-4891-b05d-82ff5a9df5b5|10.1.0.33:15023, e46a6e51-795f-4801-a523-c45a6c7f2c34|10.1.0.33:15014, dc26353c-d48a-467d-89cd-3a7c4b626396|10.1.0.33:15050]|listeners:[], old=null
2024-02-22 20:33:46,190 [c30fedce-f286-40e0-881d-3d5a9a6e2463-server-thread1] INFO  server.RaftServer$Division (ServerState.java:setRaftConf(386)) - c30fedce-f286-40e0-881d-3d5a9a6e2463@group-B58ED9299B6F: set configuration 0: peers:[78f89d9b-e409-4704-890b-bfcfbcdfd28a|10.1.0.33:15086, c30fedce-f286-40e0-881d-3d5a9a6e2463|10.1.0.33:15068, 13f92446-3b18-4d81-bc66-0f9b00220e72|10.1.0.33:15077]|listeners:[], old=null
2024-02-22 20:33:46,190 [dc26353c-d48a-467d-89cd-3a7c4b626396@group-BDBAD3AB70B4-SegmentedRaftLogWorker] INFO  segmented.BufferedWriteChannel (BufferedWriteChannel.java:open(62)) - open log_inprogress_0 at position 0
2024-02-22 20:33:46,190 [c30fedce-f286-40e0-881d-3d5a9a6e2463-server-thread1] INFO  segmented.SegmentedRaftLogWorker (SegmentedRaftLogWorker.java:startLogSegment(430)) - c30fedce-f286-40e0-881d-3d5a9a6e2463@group-B58ED9299B6F-SegmentedRaftLogWorker: Starting segment from index:0
2024-02-22 20:33:46,191 [e780b093-7242-46d7-bd8f-0f810188c7b3@group-83D984655C73-LeaderElection34-1] INFO  server.GrpcServerProtocolClient (GrpcServerProtocolClient.java:<init>(65)) - Build channel for 86ab988c-fa9c-425d-a1c6-9004ff7fd93d|10.1.0.33:15059
2024-02-22 20:33:46,193 [78f89d9b-e409-4704-890b-bfcfbcdfd28a-server-thread2] INFO  server.RaftServer$Division (ServerState.java:setRaftConf(386)) - 78f89d9b-e409-4704-890b-bfcfbcdfd28a@group-B58ED9299B6F: set configuration 0: peers:[78f89d9b-e409-4704-890b-bfcfbcdfd28a|10.1.0.33:15086, c30fedce-f286-40e0-881d-3d5a9a6e2463|10.1.0.33:15068, 13f92446-3b18-4d81-bc66-0f9b00220e72|10.1.0.33:15077]|listeners:[], old=null
2024-02-22 20:33:46,197 [4e8f68d6-fd98-4f77-87e3-715939181693@group-9D5BCF0FDB08-LeaderElection30] INFO  server.RaftServerConfigKeys (ConfUtils.java:logFallback(53)) - raft.server.rpc.first-election.timeout.min = 5s (fallback to raft.server.rpc.timeout.min)
2024-02-22 20:33:46,204 [4e8f68d6-fd98-4f77-87e3-715939181693@group-9D5BCF0FDB08-LeaderElection30] INFO  server.RaftServerConfigKeys (ConfUtils.java:logFallback(53)) - raft.server.rpc.first-election.timeout.max = 5200ms (fallback to raft.server.rpc.timeout.max)
2024-02-22 20:33:46,205 [78f89d9b-e409-4704-890b-bfcfbcdfd28a-server-thread2] INFO  segmented.SegmentedRaftLogWorker (SegmentedRaftLogWorker.java:startLogSegment(430)) - 78f89d9b-e409-4704-890b-bfcfbcdfd28a@group-B58ED9299B6F-SegmentedRaftLogWorker: Starting segment from index:0
2024-02-22 20:33:46,205 [dc26353c-d48a-467d-89cd-3a7c4b626396@group-BDBAD3AB70B4-SegmentedRaftLogWorker] INFO  segmented.SegmentedRaftLogWorker (SegmentedRaftLogWorker.java:execute(634)) - dc26353c-d48a-467d-89cd-3a7c4b626396@group-BDBAD3AB70B4-SegmentedRaftLogWorker: created new log segment /home/runner/work/ozone/ozone/hadoop-ozone/integration-test/target/test-dir/MiniOzoneClusterImpl-a0fc024b-a492-45a5-9697-b0d14f72cb5c/datanode-4/data/ratis/2f90e3ba-f3fd-48ab-9225-bdbad3ab70b4/current/log_inprogress_0
2024-02-22 20:33:46,205 [4e8f68d6-fd98-4f77-87e3-715939181693@group-9D5BCF0FDB08-LeaderElection30-2] INFO  server.GrpcServerProtocolClient (GrpcServerProtocolClient.java:<init>(65)) - Build channel for d25dc3b0-28fc-4383-b1a0-617845025f41|10.1.0.33:15032
2024-02-22 20:33:46,206 [grpc-default-executor-2] INFO  server.RaftServer$Division (RaftServerImpl.java:requestVote(1389)) - 78f89d9b-e409-4704-890b-bfcfbcdfd28a@group-C4BFF782AB50: receive requestVote(PRE_VOTE, c30fedce-f286-40e0-881d-3d5a9a6e2463, group-C4BFF782AB50, 0, (t:0, i:0))
2024-02-22 20:33:46,208 [grpc-default-executor-2] INFO  impl.VoteContext (VoteContext.java:log(49)) - 78f89d9b-e409-4704-890b-bfcfbcdfd28a@group-C4BFF782AB50-FOLLOWER: accept PRE_VOTE from c30fedce-f286-40e0-881d-3d5a9a6e2463: our priority 0 <= candidate's priority 1
2024-02-22 20:33:46,195 [4e8f68d6-fd98-4f77-87e3-715939181693@group-9D5BCF0FDB08-LeaderElection30-1] INFO  server.GrpcServerProtocolClient (GrpcServerProtocolClient.java:<init>(65)) - Build channel for 78f89d9b-e409-4704-890b-bfcfbcdfd28a|10.1.0.33:15086
2024-02-22 20:33:46,208 [grpc-default-executor-2] INFO  server.RaftServer$Division (RaftServerImpl.java:requestVote(1422)) - 78f89d9b-e409-4704-890b-bfcfbcdfd28a@group-C4BFF782AB50 replies to PRE_VOTE vote request: c30fedce-f286-40e0-881d-3d5a9a6e2463<-78f89d9b-e409-4704-890b-bfcfbcdfd28a#0:OK-t0. Peer's state: 78f89d9b-e409-4704-890b-bfcfbcdfd28a@group-C4BFF782AB50:t0, leader=null, voted=, raftlog=Memoized:78f89d9b-e409-4704-890b-bfcfbcdfd28a@group-C4BFF782AB50-SegmentedRaftLog:OPENED:c-1, conf=-1: peers:[78f89d9b-e409-4704-890b-bfcfbcdfd28a|10.1.0.33:15086, c30fedce-f286-40e0-881d-3d5a9a6e2463|10.1.0.33:15068, 13f92446-3b18-4d81-bc66-0f9b00220e72|10.1.0.33:15077]|listeners:[], old=null
2024-02-22 20:33:46,195 [13f92446-3b18-4d81-bc66-0f9b00220e72@group-C4BFF782AB50-FollowerState] INFO  server.RaftServerConfigKeys (ConfUtils.java:logGet(46)) - raft.server.leaderelection.pre-vote = true (default)
2024-02-22 20:33:46,214 [13f92446-3b18-4d81-bc66-0f9b00220e72@group-C4BFF782AB50-FollowerState] INFO  impl.RoleInfo (RoleInfo.java:updateAndGet(139)) - 13f92446-3b18-4d81-bc66-0f9b00220e72: start 13f92446-3b18-4d81-bc66-0f9b00220e72@group-C4BFF782AB50-LeaderElection35
2024-02-22 20:33:46,195 [e780b093-7242-46d7-bd8f-0f810188c7b3@group-A538022C1006-LeaderElection31-2] INFO  server.GrpcServerProtocolClient (GrpcServerProtocolClient.java:<init>(65)) - Build channel for e46a6e51-795f-4801-a523-c45a6c7f2c34|10.1.0.33:15014
2024-02-22 20:33:46,195 [e780b093-7242-46d7-bd8f-0f810188c7b3@group-A538022C1006-LeaderElection31] INFO  server.RaftServerConfigKeys (ConfUtils.java:logFallback(53)) - raft.server.rpc.first-election.timeout.min = 5s (fallback to raft.server.rpc.timeout.min)
2024-02-22 20:33:46,195 [e780b093-7242-46d7-bd8f-0f810188c7b3@group-A538022C1006-LeaderElection31-1] INFO  server.GrpcServerProtocolClient (GrpcServerProtocolClient.java:<init>(65)) - Build channel for 923be64f-71f4-4891-b05d-82ff5a9df5b5|10.1.0.33:15023
2024-02-22 20:33:46,195 [4e8f68d6-fd98-4f77-87e3-715939181693@group-9EB4D3397E8E-LeaderElection33] INFO  server.RaftServerConfigKeys (ConfUtils.java:logGet(46)) - raft.server.write.element-limit = 1024 (custom)
2024-02-22 20:33:46,215 [4e8f68d6-fd98-4f77-87e3-715939181693@group-9EB4D3397E8E-LeaderElection33] INFO  server.RaftServerConfigKeys (ConfUtils.java:logGet(46)) - raft.server.write.byte-limit = 1024 M (=1073741824) (custom)
2024-02-22 20:33:46,193 [c30fedce-f286-40e0-881d-3d5a9a6e2463@group-C4BFF782AB50-LeaderElection32] INFO  server.RaftServerConfigKeys (ConfUtils.java:logFallback(53)) - raft.server.rpc.first-election.timeout.min = 5s (fallback to raft.server.rpc.timeout.min)
2024-02-22 20:33:46,216 [c30fedce-f286-40e0-881d-3d5a9a6e2463@group-C4BFF782AB50-LeaderElection32] INFO  server.RaftServerConfigKeys (ConfUtils.java:logFallback(53)) - raft.server.rpc.first-election.timeout.max = 5200ms (fallback to raft.server.rpc.timeout.max)
2024-02-22 20:33:46,216 [c30fedce-f286-40e0-881d-3d5a9a6e2463@group-C4BFF782AB50-LeaderElection32] INFO  impl.LeaderElection (LeaderElection.java:logAndReturn(89)) - c30fedce-f286-40e0-881d-3d5a9a6e2463@group-C4BFF782AB50-LeaderElection32: PRE_VOTE PASSED received 1 response(s) and 0 exception(s):
2024-02-22 20:33:46,216 [c30fedce-f286-40e0-881d-3d5a9a6e2463@group-C4BFF782AB50-LeaderElection32] INFO  impl.LeaderElection (LeaderElection.java:logAndReturn(93)) -   Response 0: c30fedce-f286-40e0-881d-3d5a9a6e2463<-78f89d9b-e409-4704-890b-bfcfbcdfd28a#0:OK-t0
2024-02-22 20:33:46,216 [c30fedce-f286-40e0-881d-3d5a9a6e2463@group-C4BFF782AB50-LeaderElection32] INFO  impl.LeaderElection (LeaderElection.java:askForVotes(323)) - c30fedce-f286-40e0-881d-3d5a9a6e2463@group-C4BFF782AB50-LeaderElection32 PRE_VOTE round 0: result PASSED
2024-02-22 20:33:46,216 [c30fedce-f286-40e0-881d-3d5a9a6e2463@group-B58ED9299B6F-SegmentedRaftLogWorker] INFO  segmented.BufferedWriteChannel (BufferedWriteChannel.java:open(62)) - open log_inprogress_0 at position 0
2024-02-22 20:33:46,214 [e780b093-7242-46d7-bd8f-0f810188c7b3@group-A538022C1006-LeaderElection31] INFO  server.RaftServerConfigKeys (ConfUtils.java:logFallback(53)) - raft.server.rpc.first-election.timeout.max = 5200ms (fallback to raft.server.rpc.timeout.max)
2024-02-22 20:33:46,213 [grpc-default-executor-1] INFO  server.RaftServer$Division (RaftServerImpl.java:requestVote(1389)) - d25dc3b0-28fc-4383-b1a0-617845025f41@group-9D5BCF0FDB08: receive requestVote(PRE_VOTE, 4e8f68d6-fd98-4f77-87e3-715939181693, group-9D5BCF0FDB08, 0, (t:0, i:0))
2024-02-22 20:33:46,218 [grpc-default-executor-1] INFO  impl.VoteContext (VoteContext.java:log(49)) - d25dc3b0-28fc-4383-b1a0-617845025f41@group-9D5BCF0FDB08-FOLLOWER: accept PRE_VOTE from 4e8f68d6-fd98-4f77-87e3-715939181693: our priority 0 <= candidate's priority 1
2024-02-22 20:33:46,218 [grpc-default-executor-1] INFO  server.RaftServer$Division (RaftServerImpl.java:requestVote(1422)) - d25dc3b0-28fc-4383-b1a0-617845025f41@group-9D5BCF0FDB08 replies to PRE_VOTE vote request: 4e8f68d6-fd98-4f77-87e3-715939181693<-d25dc3b0-28fc-4383-b1a0-617845025f41#0:OK-t0. Peer's state: d25dc3b0-28fc-4383-b1a0-617845025f41@group-9D5BCF0FDB08:t0, leader=null, voted=, raftlog=Memoized:d25dc3b0-28fc-4383-b1a0-617845025f41@group-9D5BCF0FDB08-SegmentedRaftLog:OPENED:c-1, conf=-1: peers:[78f89d9b-e409-4704-890b-bfcfbcdfd28a|10.1.0.33:15086, d25dc3b0-28fc-4383-b1a0-617845025f41|10.1.0.33:15032, 4e8f68d6-fd98-4f77-87e3-715939181693|10.1.0.33:15041]|listeners:[], old=null
2024-02-22 20:33:46,209 [grpc-default-executor-4] INFO  server.RaftServer$Division (RaftServerImpl.java:requestVote(1389)) - 13f92446-3b18-4d81-bc66-0f9b00220e72@group-C4BFF782AB50: receive requestVote(PRE_VOTE, c30fedce-f286-40e0-881d-3d5a9a6e2463, group-C4BFF782AB50, 0, (t:0, i:0))
2024-02-22 20:33:46,218 [grpc-default-executor-4] INFO  impl.VoteContext (VoteContext.java:log(49)) - 13f92446-3b18-4d81-bc66-0f9b00220e72@group-C4BFF782AB50-CANDIDATE: accept PRE_VOTE from c30fedce-f286-40e0-881d-3d5a9a6e2463: our priority 0 <= candidate's priority 1
2024-02-22 20:33:46,218 [grpc-default-executor-4] INFO  server.RaftServer$Division (RaftServerImpl.java:requestVote(1422)) - 13f92446-3b18-4d81-bc66-0f9b00220e72@group-C4BFF782AB50 replies to PRE_VOTE vote request: c30fedce-f286-40e0-881d-3d5a9a6e2463<-13f92446-3b18-4d81-bc66-0f9b00220e72#0:OK-t0. Peer's state: 13f92446-3b18-4d81-bc66-0f9b00220e72@group-C4BFF782AB50:t0, leader=null, voted=, raftlog=Memoized:13f92446-3b18-4d81-bc66-0f9b00220e72@group-C4BFF782AB50-SegmentedRaftLog:OPENED:c-1, conf=-1: peers:[78f89d9b-e409-4704-890b-bfcfbcdfd28a|10.1.0.33:15086, c30fedce-f286-40e0-881d-3d5a9a6e2463|10.1.0.33:15068, 13f92446-3b18-4d81-bc66-0f9b00220e72|10.1.0.33:15077]|listeners:[], old=null
2024-02-22 20:33:46,204 [grpc-default-executor-3] INFO  server.RaftServer$Division (RaftServerImpl.java:requestVote(1389)) - 86ab988c-fa9c-425d-a1c6-9004ff7fd93d@group-83D984655C73: receive requestVote(PRE_VOTE, e780b093-7242-46d7-bd8f-0f810188c7b3, group-83D984655C73, 0, (t:0, i:0))
2024-02-22 20:33:46,219 [grpc-default-executor-3] INFO  impl.VoteContext (VoteContext.java:log(49)) - 86ab988c-fa9c-425d-a1c6-9004ff7fd93d@group-83D984655C73-FOLLOWER: accept PRE_VOTE from e780b093-7242-46d7-bd8f-0f810188c7b3: our priority 0 <= candidate's priority 1
2024-02-22 20:33:46,219 [grpc-default-executor-3] INFO  server.RaftServer$Division (RaftServerImpl.java:requestVote(1422)) - 86ab988c-fa9c-425d-a1c6-9004ff7fd93d@group-83D984655C73 replies to PRE_VOTE vote request: e780b093-7242-46d7-bd8f-0f810188c7b3<-86ab988c-fa9c-425d-a1c6-9004ff7fd93d#0:OK-t0. Peer's state: 86ab988c-fa9c-425d-a1c6-9004ff7fd93d@group-83D984655C73:t0, leader=null, voted=, raftlog=Memoized:86ab988c-fa9c-425d-a1c6-9004ff7fd93d@group-83D984655C73-SegmentedRaftLog:OPENED:c-1, conf=-1: peers:[86ab988c-fa9c-425d-a1c6-9004ff7fd93d|10.1.0.33:15059, e46a6e51-795f-4801-a523-c45a6c7f2c34|10.1.0.33:15014, e780b093-7242-46d7-bd8f-0f810188c7b3|10.1.0.33:15095]|listeners:[], old=null
2024-02-22 20:33:46,203 [EventQueue-PipelineReportForPipelineReportHandler] INFO  pipeline.PipelineReportHandler (PipelineReportHandler.java:processPipelineReport(136)) - Opened pipeline PipelineID=2f90e3ba-f3fd-48ab-9225-bdbad3ab70b4
2024-02-22 20:33:46,202 [e780b093-7242-46d7-bd8f-0f810188c7b3@group-83D984655C73-LeaderElection34] INFO  server.RaftServerConfigKeys (ConfUtils.java:logFallback(53)) - raft.server.rpc.first-election.timeout.min = 5s (fallback to raft.server.rpc.timeout.min)
2024-02-22 20:33:46,220 [e780b093-7242-46d7-bd8f-0f810188c7b3@group-83D984655C73-LeaderElection34] INFO  server.RaftServerConfigKeys (ConfUtils.java:logFallback(53)) - raft.server.rpc.first-election.timeout.max = 5200ms (fallback to raft.server.rpc.timeout.max)
2024-02-22 20:33:46,220 [78f89d9b-e409-4704-890b-bfcfbcdfd28a@group-B58ED9299B6F-SegmentedRaftLogWorker] INFO  segmented.BufferedWriteChannel (BufferedWriteChannel.java:open(62)) - open log_inprogress_0 at position 0
2024-02-22 20:33:46,222 [4e8f68d6-fd98-4f77-87e3-715939181693@group-9EB4D3397E8E-LeaderElection33] INFO  server.RaftServerConfigKeys (ConfUtils.java:logGet(46)) - raft.server.watch.timeout = 180s (custom)
2024-02-22 20:33:46,222 [4e8f68d6-fd98-4f77-87e3-715939181693@group-9EB4D3397E8E-LeaderElection33] INFO  server.RaftServerConfigKeys (ConfUtils.java:logGet(46)) - raft.server.watch.timeout.denomination = 1s (default)
2024-02-22 20:33:46,230 [grpc-default-executor-3] INFO  server.RaftServer$Division (RaftServerImpl.java:requestVote(1389)) - e46a6e51-795f-4801-a523-c45a6c7f2c34@group-A538022C1006: receive requestVote(PRE_VOTE, e780b093-7242-46d7-bd8f-0f810188c7b3, group-A538022C1006, 0, (t:0, i:0))
2024-02-22 20:33:46,230 [grpc-default-executor-3] INFO  impl.VoteContext (VoteContext.java:log(49)) - e46a6e51-795f-4801-a523-c45a6c7f2c34@group-A538022C1006-FOLLOWER: accept PRE_VOTE from e780b093-7242-46d7-bd8f-0f810188c7b3: our priority 0 <= candidate's priority 1
2024-02-22 20:33:46,230 [grpc-default-executor-3] INFO  server.RaftServer$Division (RaftServerImpl.java:requestVote(1422)) - e46a6e51-795f-4801-a523-c45a6c7f2c34@group-A538022C1006 replies to PRE_VOTE vote request: e780b093-7242-46d7-bd8f-0f810188c7b3<-e46a6e51-795f-4801-a523-c45a6c7f2c34#0:OK-t0. Peer's state: e46a6e51-795f-4801-a523-c45a6c7f2c34@group-A538022C1006:t0, leader=null, voted=, raftlog=Memoized:e46a6e51-795f-4801-a523-c45a6c7f2c34@group-A538022C1006-SegmentedRaftLog:OPENED:c-1, conf=-1: peers:[923be64f-71f4-4891-b05d-82ff5a9df5b5|10.1.0.33:15023, e46a6e51-795f-4801-a523-c45a6c7f2c34|10.1.0.33:15014, e780b093-7242-46d7-bd8f-0f810188c7b3|10.1.0.33:15095]|listeners:[], old=null
2024-02-22 20:33:46,230 [4e8f68d6-fd98-4f77-87e3-715939181693@group-9EB4D3397E8E-LeaderElection33] INFO  server.RaftServerConfigKeys (ConfUtils.java:logGet(46)) - raft.server.watch.element-limit = 65536 (default)
2024-02-22 20:33:46,229 [923be64f-71f4-4891-b05d-82ff5a9df5b5-server-thread1] INFO  ratis.XceiverServerRatis (XceiverServerRatis.java:handleLeaderChangedNotification(966)) - Leader change notification received for group: group-BDBAD3AB70B4 with new leaderId: dc26353c-d48a-467d-89cd-3a7c4b626396
2024-02-22 20:33:46,227 [c30fedce-f286-40e0-881d-3d5a9a6e2463@group-B58ED9299B6F-SegmentedRaftLogWorker] INFO  segmented.SegmentedRaftLogWorker (SegmentedRaftLogWorker.java:execute(634)) - c30fedce-f286-40e0-881d-3d5a9a6e2463@group-B58ED9299B6F-SegmentedRaftLogWorker: created new log segment /home/runner/work/ozone/ozone/hadoop-ozone/integration-test/target/test-dir/MiniOzoneClusterImpl-a0fc024b-a492-45a5-9697-b0d14f72cb5c/datanode-6/data/ratis/d49f5e63-9859-43c9-95b6-b58ed9299b6f/current/log_inprogress_0
2024-02-22 20:33:46,231 [e780b093-7242-46d7-bd8f-0f810188c7b3@group-83D984655C73-LeaderElection34] INFO  impl.LeaderElection (LeaderElection.java:logAndReturn(89)) - e780b093-7242-46d7-bd8f-0f810188c7b3@group-83D984655C73-LeaderElection34: PRE_VOTE PASSED received 1 response(s) and 0 exception(s):
2024-02-22 20:33:46,231 [e780b093-7242-46d7-bd8f-0f810188c7b3@group-83D984655C73-LeaderElection34] INFO  impl.LeaderElection (LeaderElection.java:logAndReturn(93)) -   Response 0: e780b093-7242-46d7-bd8f-0f810188c7b3<-86ab988c-fa9c-425d-a1c6-9004ff7fd93d#0:OK-t0
2024-02-22 20:33:46,231 [e780b093-7242-46d7-bd8f-0f810188c7b3@group-83D984655C73-LeaderElection34] INFO  impl.LeaderElection (LeaderElection.java:askForVotes(323)) - e780b093-7242-46d7-bd8f-0f810188c7b3@group-83D984655C73-LeaderElection34 PRE_VOTE round 0: result PASSED
2024-02-22 20:33:46,231 [grpc-default-executor-0] INFO  server.RaftServer$Division (RaftServerImpl.java:requestVote(1389)) - 923be64f-71f4-4891-b05d-82ff5a9df5b5@group-A538022C1006: receive requestVote(PRE_VOTE, e780b093-7242-46d7-bd8f-0f810188c7b3, group-A538022C1006, 0, (t:0, i:0))
2024-02-22 20:33:46,231 [grpc-default-executor-0] INFO  impl.VoteContext (VoteContext.java:log(49)) - 923be64f-71f4-4891-b05d-82ff5a9df5b5@group-A538022C1006-FOLLOWER: accept PRE_VOTE from e780b093-7242-46d7-bd8f-0f810188c7b3: our priority 0 <= candidate's priority 1
2024-02-22 20:33:46,232 [4e8f68d6-fd98-4f77-87e3-715939181693@group-9D5BCF0FDB08-LeaderElection30] INFO  impl.LeaderElection (LeaderElection.java:logAndReturn(89)) - 4e8f68d6-fd98-4f77-87e3-715939181693@group-9D5BCF0FDB08-LeaderElection30: PRE_VOTE PASSED received 1 response(s) and 0 exception(s):
2024-02-22 20:33:46,232 [grpc-default-executor-0] INFO  server.RaftServer$Division (RaftServerImpl.java:requestVote(1422)) - 923be64f-71f4-4891-b05d-82ff5a9df5b5@group-A538022C1006 replies to PRE_VOTE vote request: e780b093-7242-46d7-bd8f-0f810188c7b3<-923be64f-71f4-4891-b05d-82ff5a9df5b5#0:OK-t0. Peer's state: 923be64f-71f4-4891-b05d-82ff5a9df5b5@group-A538022C1006:t0, leader=null, voted=, raftlog=Memoized:923be64f-71f4-4891-b05d-82ff5a9df5b5@group-A538022C1006-SegmentedRaftLog:OPENED:c-1, conf=-1: peers:[923be64f-71f4-4891-b05d-82ff5a9df5b5|10.1.0.33:15023, e46a6e51-795f-4801-a523-c45a6c7f2c34|10.1.0.33:15014, e780b093-7242-46d7-bd8f-0f810188c7b3|10.1.0.33:15095]|listeners:[], old=null
2024-02-22 20:33:46,232 [78f89d9b-e409-4704-890b-bfcfbcdfd28a@group-B58ED9299B6F-SegmentedRaftLogWorker] INFO  segmented.SegmentedRaftLogWorker (SegmentedRaftLogWorker.java:execute(634)) - 78f89d9b-e409-4704-890b-bfcfbcdfd28a@group-B58ED9299B6F-SegmentedRaftLogWorker: created new log segment /home/runner/work/ozone/ozone/hadoop-ozone/integration-test/target/test-dir/MiniOzoneClusterImpl-a0fc024b-a492-45a5-9697-b0d14f72cb5c/datanode-8/data/ratis/d49f5e63-9859-43c9-95b6-b58ed9299b6f/current/log_inprogress_0
2024-02-22 20:33:46,226 [13f92446-3b18-4d81-bc66-0f9b00220e72@group-C4BFF782AB50-LeaderElection35] INFO  impl.LeaderElection (LeaderElection.java:askForVotes(321)) - 13f92446-3b18-4d81-bc66-0f9b00220e72@group-C4BFF782AB50-LeaderElection35 PRE_VOTE round 0: submit vote requests at term 0 for -1: peers:[78f89d9b-e409-4704-890b-bfcfbcdfd28a|10.1.0.33:15086, c30fedce-f286-40e0-881d-3d5a9a6e2463|10.1.0.33:15068, 13f92446-3b18-4d81-bc66-0f9b00220e72|10.1.0.33:15077]|listeners:[], old=null
2024-02-22 20:33:46,224 [c30fedce-f286-40e0-881d-3d5a9a6e2463@group-C4BFF782AB50-LeaderElection32] INFO  impl.LeaderElection (LeaderElection.java:askForVotes(321)) - c30fedce-f286-40e0-881d-3d5a9a6e2463@group-C4BFF782AB50-LeaderElection32 ELECTION round 0: submit vote requests at term 1 for -1: peers:[78f89d9b-e409-4704-890b-bfcfbcdfd28a|10.1.0.33:15086, c30fedce-f286-40e0-881d-3d5a9a6e2463|10.1.0.33:15068, 13f92446-3b18-4d81-bc66-0f9b00220e72|10.1.0.33:15077]|listeners:[], old=null
2024-02-22 20:33:46,232 [4e8f68d6-fd98-4f77-87e3-715939181693@group-9D5BCF0FDB08-LeaderElection30] INFO  impl.LeaderElection (LeaderElection.java:logAndReturn(93)) -   Response 0: 4e8f68d6-fd98-4f77-87e3-715939181693<-d25dc3b0-28fc-4383-b1a0-617845025f41#0:OK-t0
2024-02-22 20:33:46,231 [4e8f68d6-fd98-4f77-87e3-715939181693@group-9EB4D3397E8E-LeaderElection33] INFO  server.RaftServerConfigKeys (ConfUtils.java:logGet(46)) - raft.server.read.leader.lease.enabled = false (default)
2024-02-22 20:33:46,233 [4e8f68d6-fd98-4f77-87e3-715939181693@group-9EB4D3397E8E-LeaderElection33] INFO  server.RaftServerConfigKeys (ConfUtils.java:logGet(46)) - raft.server.read.leader.lease.timeout.ratio = 0.9 (default)
2024-02-22 20:33:46,233 [4e8f68d6-fd98-4f77-87e3-715939181693@group-9EB4D3397E8E-LeaderElection33] INFO  server.RaftServerConfigKeys (ConfUtils.java:logGet(46)) - raft.server.rpc.timeout.min = 5s (custom)
2024-02-22 20:33:46,233 [4e8f68d6-fd98-4f77-87e3-715939181693@group-9EB4D3397E8E-LeaderElection33] INFO  server.RaftServerConfigKeys (ConfUtils.java:logGet(46)) - raft.server.write.element-limit = 1024 (custom)
2024-02-22 20:33:46,233 [4e8f68d6-fd98-4f77-87e3-715939181693@group-9EB4D3397E8E-LeaderElection33] INFO  server.RaftServerConfigKeys (ConfUtils.java:logGet(46)) - raft.server.write.follower.gap.ratio.max = -1.0 (default)
2024-02-22 20:33:46,233 [4e8f68d6-fd98-4f77-87e3-715939181693@group-9EB4D3397E8E-LeaderElection33] INFO  impl.RoleInfo (RoleInfo.java:updateAndGet(139)) - 4e8f68d6-fd98-4f77-87e3-715939181693: start 4e8f68d6-fd98-4f77-87e3-715939181693@group-9EB4D3397E8E-LeaderStateImpl
2024-02-22 20:33:46,234 [4e8f68d6-fd98-4f77-87e3-715939181693@group-9EB4D3397E8E-LeaderElection33] INFO  server.RaftServer$Division (RaftServerImpl.java:setFirstElection(574)) - 4e8f68d6-fd98-4f77-87e3-715939181693@group-9EB4D3397E8E: set firstElectionSinceStartup to false for becomeLeader
2024-02-22 20:33:46,234 [4e8f68d6-fd98-4f77-87e3-715939181693@group-9EB4D3397E8E-LeaderElection33] INFO  ratis.XceiverServerRatis (XceiverServerRatis.java:handleLeaderChangedNotification(966)) - Leader change notification received for group: group-9EB4D3397E8E with new leaderId: 4e8f68d6-fd98-4f77-87e3-715939181693
2024-02-22 20:33:46,234 [923be64f-71f4-4891-b05d-82ff5a9df5b5-server-thread1] INFO  server.RaftServer$Division (ServerState.java:setLeader(269)) - 923be64f-71f4-4891-b05d-82ff5a9df5b5@group-BDBAD3AB70B4: change Leader from null to dc26353c-d48a-467d-89cd-3a7c4b626396 at term 1 for appendEntries, leader elected after 5114ms
2024-02-22 20:33:46,233 [grpc-default-executor-4] INFO  server.RaftServer$Division (RaftServerImpl.java:requestVote(1389)) - e46a6e51-795f-4801-a523-c45a6c7f2c34@group-83D984655C73: receive requestVote(PRE_VOTE, e780b093-7242-46d7-bd8f-0f810188c7b3, group-83D984655C73, 0, (t:0, i:0))
2024-02-22 20:33:46,234 [923be64f-71f4-4891-b05d-82ff5a9df5b5-server-thread1] INFO  server.RaftServer$Division (ServerState.java:setRaftConf(386)) - 923be64f-71f4-4891-b05d-82ff5a9df5b5@group-BDBAD3AB70B4: set configuration 0: peers:[923be64f-71f4-4891-b05d-82ff5a9df5b5|10.1.0.33:15023, e46a6e51-795f-4801-a523-c45a6c7f2c34|10.1.0.33:15014, dc26353c-d48a-467d-89cd-3a7c4b626396|10.1.0.33:15050]|listeners:[], old=null
2024-02-22 20:33:46,234 [grpc-default-executor-4] INFO  impl.VoteContext (VoteContext.java:log(49)) - e46a6e51-795f-4801-a523-c45a6c7f2c34@group-83D984655C73-FOLLOWER: accept PRE_VOTE from e780b093-7242-46d7-bd8f-0f810188c7b3: our priority 0 <= candidate's priority 1
2024-02-22 20:33:46,234 [grpc-default-executor-4] INFO  server.RaftServer$Division (RaftServerImpl.java:requestVote(1422)) - e46a6e51-795f-4801-a523-c45a6c7f2c34@group-83D984655C73 replies to PRE_VOTE vote request: e780b093-7242-46d7-bd8f-0f810188c7b3<-e46a6e51-795f-4801-a523-c45a6c7f2c34#0:OK-t0. Peer's state: e46a6e51-795f-4801-a523-c45a6c7f2c34@group-83D984655C73:t0, leader=null, voted=, raftlog=Memoized:e46a6e51-795f-4801-a523-c45a6c7f2c34@group-83D984655C73-SegmentedRaftLog:OPENED:c-1, conf=-1: peers:[86ab988c-fa9c-425d-a1c6-9004ff7fd93d|10.1.0.33:15059, e46a6e51-795f-4801-a523-c45a6c7f2c34|10.1.0.33:15014, e780b093-7242-46d7-bd8f-0f810188c7b3|10.1.0.33:15095]|listeners:[], old=null
2024-02-22 20:33:46,233 [e780b093-7242-46d7-bd8f-0f810188c7b3@group-83D984655C73-LeaderElection34] INFO  impl.LeaderElection (LeaderElection.java:askForVotes(321)) - e780b093-7242-46d7-bd8f-0f810188c7b3@group-83D984655C73-LeaderElection34 ELECTION round 0: submit vote requests at term 1 for -1: peers:[86ab988c-fa9c-425d-a1c6-9004ff7fd93d|10.1.0.33:15059, e46a6e51-795f-4801-a523-c45a6c7f2c34|10.1.0.33:15014, e780b093-7242-46d7-bd8f-0f810188c7b3|10.1.0.33:15095]|listeners:[], old=null
2024-02-22 20:33:46,234 [923be64f-71f4-4891-b05d-82ff5a9df5b5-server-thread1] INFO  segmented.SegmentedRaftLogWorker (SegmentedRaftLogWorker.java:startLogSegment(430)) - 923be64f-71f4-4891-b05d-82ff5a9df5b5@group-BDBAD3AB70B4-SegmentedRaftLogWorker: Starting segment from index:0
2024-02-22 20:33:46,238 [e780b093-7242-46d7-bd8f-0f810188c7b3@group-A538022C1006-LeaderElection31] INFO  impl.LeaderElection (LeaderElection.java:logAndReturn(89)) - e780b093-7242-46d7-bd8f-0f810188c7b3@group-A538022C1006-LeaderElection31: PRE_VOTE PASSED received 1 response(s) and 0 exception(s):
2024-02-22 20:33:46,238 [e780b093-7242-46d7-bd8f-0f810188c7b3@group-A538022C1006-LeaderElection31] INFO  impl.LeaderElection (LeaderElection.java:logAndReturn(93)) -   Response 0: e780b093-7242-46d7-bd8f-0f810188c7b3<-923be64f-71f4-4891-b05d-82ff5a9df5b5#0:OK-t0
2024-02-22 20:33:46,240 [grpc-default-executor-7] INFO  server.RaftServer$Division (RaftServerImpl.java:requestVote(1389)) - 78f89d9b-e409-4704-890b-bfcfbcdfd28a@group-C4BFF782AB50: receive requestVote(PRE_VOTE, 13f92446-3b18-4d81-bc66-0f9b00220e72, group-C4BFF782AB50, 0, (t:0, i:0))
2024-02-22 20:33:46,240 [grpc-default-executor-7] INFO  impl.VoteContext (VoteContext.java:log(49)) - 78f89d9b-e409-4704-890b-bfcfbcdfd28a@group-C4BFF782AB50-FOLLOWER: accept PRE_VOTE from 13f92446-3b18-4d81-bc66-0f9b00220e72: our priority 0 <= candidate's priority 0
2024-02-22 20:33:46,240 [grpc-default-executor-7] INFO  server.RaftServer$Division (RaftServerImpl.java:requestVote(1422)) - 78f89d9b-e409-4704-890b-bfcfbcdfd28a@group-C4BFF782AB50 replies to PRE_VOTE vote request: 13f92446-3b18-4d81-bc66-0f9b00220e72<-78f89d9b-e409-4704-890b-bfcfbcdfd28a#0:OK-t0. Peer's state: 78f89d9b-e409-4704-890b-bfcfbcdfd28a@group-C4BFF782AB50:t0, leader=null, voted=, raftlog=Memoized:78f89d9b-e409-4704-890b-bfcfbcdfd28a@group-C4BFF782AB50-SegmentedRaftLog:OPENED:c-1, conf=-1: peers:[78f89d9b-e409-4704-890b-bfcfbcdfd28a|10.1.0.33:15086, c30fedce-f286-40e0-881d-3d5a9a6e2463|10.1.0.33:15068, 13f92446-3b18-4d81-bc66-0f9b00220e72|10.1.0.33:15077]|listeners:[], old=null
2024-02-22 20:33:46,241 [13f92446-3b18-4d81-bc66-0f9b00220e72@group-C4BFF782AB50-LeaderElection35] INFO  server.RaftServerConfigKeys (ConfUtils.java:logFallback(53)) - raft.server.rpc.first-election.timeout.min = 5s (fallback to raft.server.rpc.timeout.min)
2024-02-22 20:33:46,241 [13f92446-3b18-4d81-bc66-0f9b00220e72@group-C4BFF782AB50-LeaderElection35] INFO  server.RaftServerConfigKeys (ConfUtils.java:logFallback(53)) - raft.server.rpc.first-election.timeout.max = 5200ms (fallback to raft.server.rpc.timeout.max)
2024-02-22 20:33:46,242 [923be64f-71f4-4891-b05d-82ff5a9df5b5@group-BDBAD3AB70B4-SegmentedRaftLogWorker] INFO  segmented.BufferedWriteChannel (BufferedWriteChannel.java:open(62)) - open log_inprogress_0 at position 0
2024-02-22 20:33:46,243 [grpc-default-executor-7] INFO  server.RaftServer$Division (RaftServerImpl.java:requestVote(1389)) - 86ab988c-fa9c-425d-a1c6-9004ff7fd93d@group-83D984655C73: receive requestVote(ELECTION, e780b093-7242-46d7-bd8f-0f810188c7b3, group-83D984655C73, 1, (t:0, i:0))
2024-02-22 20:33:46,243 [grpc-default-executor-7] INFO  impl.VoteContext (VoteContext.java:log(49)) - 86ab988c-fa9c-425d-a1c6-9004ff7fd93d@group-83D984655C73-FOLLOWER: accept ELECTION from e780b093-7242-46d7-bd8f-0f810188c7b3: our priority 0 <= candidate's priority 1
2024-02-22 20:33:46,243 [grpc-default-executor-7] INFO  server.RaftServer$Division (RaftServerImpl.java:setRole(383)) - 86ab988c-fa9c-425d-a1c6-9004ff7fd93d@group-83D984655C73: changes role from  FOLLOWER to FOLLOWER at term 1 for candidate:e780b093-7242-46d7-bd8f-0f810188c7b3
2024-02-22 20:33:46,243 [grpc-default-executor-7] INFO  impl.RoleInfo (RoleInfo.java:shutdownFollowerState(110)) - 86ab988c-fa9c-425d-a1c6-9004ff7fd93d: shutdown 86ab988c-fa9c-425d-a1c6-9004ff7fd93d@group-83D984655C73-FollowerState
2024-02-22 20:33:46,243 [e780b093-7242-46d7-bd8f-0f810188c7b3@group-83D984655C73-LeaderElection34] INFO  server.RaftServerConfigKeys (ConfUtils.java:logFallback(53)) - raft.server.rpc.first-election.timeout.min = 5s (fallback to raft.server.rpc.timeout.min)
2024-02-22 20:33:46,243 [e780b093-7242-46d7-bd8f-0f810188c7b3@group-83D984655C73-LeaderElection34] INFO  server.RaftServerConfigKeys (ConfUtils.java:logFallback(53)) - raft.server.rpc.first-election.timeout.max = 5200ms (fallback to raft.server.rpc.timeout.max)
2024-02-22 20:33:46,244 [4e8f68d6-fd98-4f77-87e3-715939181693@group-9EB4D3397E8E-LeaderElection33] INFO  server.RaftServer$Division (ServerState.java:setLeader(269)) - 4e8f68d6-fd98-4f77-87e3-715939181693@group-9EB4D3397E8E: change Leader from null to 4e8f68d6-fd98-4f77-87e3-715939181693 at term 1 for becomeLeader, leader elected after 5537ms
2024-02-22 20:33:46,244 [4e8f68d6-fd98-4f77-87e3-715939181693@group-9EB4D3397E8E-LeaderElection33] INFO  segmented.SegmentedRaftLogWorker (SegmentedRaftLogWorker.java:startLogSegment(430)) - 4e8f68d6-fd98-4f77-87e3-715939181693@group-9EB4D3397E8E-SegmentedRaftLogWorker: Starting segment from index:0
2024-02-22 20:33:46,244 [4e8f68d6-fd98-4f77-87e3-715939181693@group-9EB4D3397E8E-LeaderElection33] INFO  server.RaftServer$Division (ServerState.java:setRaftConf(386)) - 4e8f68d6-fd98-4f77-87e3-715939181693@group-9EB4D3397E8E: set configuration 0: peers:[4e8f68d6-fd98-4f77-87e3-715939181693|10.1.0.33:15041]|listeners:[], old=null
2024-02-22 20:33:46,244 [4e8f68d6-fd98-4f77-87e3-715939181693@group-9EB4D3397E8E-SegmentedRaftLogWorker] INFO  segmented.BufferedWriteChannel (BufferedWriteChannel.java:open(62)) - open log_inprogress_0 at position 0
2024-02-22 20:33:46,249 [923be64f-71f4-4891-b05d-82ff5a9df5b5@group-BDBAD3AB70B4-SegmentedRaftLogWorker] INFO  segmented.SegmentedRaftLogWorker (SegmentedRaftLogWorker.java:execute(634)) - 923be64f-71f4-4891-b05d-82ff5a9df5b5@group-BDBAD3AB70B4-SegmentedRaftLogWorker: created new log segment /home/runner/work/ozone/ozone/hadoop-ozone/integration-test/target/test-dir/MiniOzoneClusterImpl-a0fc024b-a492-45a5-9697-b0d14f72cb5c/datanode-1/data/ratis/2f90e3ba-f3fd-48ab-9225-bdbad3ab70b4/current/log_inprogress_0
2024-02-22 20:33:46,249 [grpc-default-executor-2] INFO  server.RaftServer$Division (RaftServerImpl.java:requestVote(1389)) - e46a6e51-795f-4801-a523-c45a6c7f2c34@group-83D984655C73: receive requestVote(ELECTION, e780b093-7242-46d7-bd8f-0f810188c7b3, group-83D984655C73, 1, (t:0, i:0))
2024-02-22 20:33:46,249 [grpc-default-executor-2] INFO  impl.VoteContext (VoteContext.java:log(49)) - e46a6e51-795f-4801-a523-c45a6c7f2c34@group-83D984655C73-FOLLOWER: accept ELECTION from e780b093-7242-46d7-bd8f-0f810188c7b3: our priority 0 <= candidate's priority 1
2024-02-22 20:33:46,249 [grpc-default-executor-2] INFO  server.RaftServer$Division (RaftServerImpl.java:setRole(383)) - e46a6e51-795f-4801-a523-c45a6c7f2c34@group-83D984655C73: changes role from  FOLLOWER to FOLLOWER at term 1 for candidate:e780b093-7242-46d7-bd8f-0f810188c7b3
2024-02-22 20:33:46,250 [grpc-default-executor-2] INFO  impl.RoleInfo (RoleInfo.java:shutdownFollowerState(110)) - e46a6e51-795f-4801-a523-c45a6c7f2c34: shutdown e46a6e51-795f-4801-a523-c45a6c7f2c34@group-83D984655C73-FollowerState
2024-02-22 20:33:46,254 [4e8f68d6-fd98-4f77-87e3-715939181693@group-9D5BCF0FDB08-LeaderElection30] INFO  impl.LeaderElection (LeaderElection.java:askForVotes(323)) - 4e8f68d6-fd98-4f77-87e3-715939181693@group-9D5BCF0FDB08-LeaderElection30 PRE_VOTE round 0: result PASSED
2024-02-22 20:33:46,254 [4e8f68d6-fd98-4f77-87e3-715939181693@group-9EB4D3397E8E-SegmentedRaftLogWorker] INFO  segmented.SegmentedRaftLogWorker (SegmentedRaftLogWorker.java:execute(634)) - 4e8f68d6-fd98-4f77-87e3-715939181693@group-9EB4D3397E8E-SegmentedRaftLogWorker: created new log segment /home/runner/work/ozone/ozone/hadoop-ozone/integration-test/target/test-dir/MiniOzoneClusterImpl-a0fc024b-a492-45a5-9697-b0d14f72cb5c/datanode-3/data/ratis/aaf85d63-021e-4fec-a035-9eb4d3397e8e/current/log_inprogress_0
2024-02-22 20:33:46,255 [4e8f68d6-fd98-4f77-87e3-715939181693@group-9D5BCF0FDB08-LeaderElection30] INFO  impl.LeaderElection (LeaderElection.java:askForVotes(321)) - 4e8f68d6-fd98-4f77-87e3-715939181693@group-9D5BCF0FDB08-LeaderElection30 ELECTION round 0: submit vote requests at term 1 for -1: peers:[78f89d9b-e409-4704-890b-bfcfbcdfd28a|10.1.0.33:15086, d25dc3b0-28fc-4383-b1a0-617845025f41|10.1.0.33:15032, 4e8f68d6-fd98-4f77-87e3-715939181693|10.1.0.33:15041]|listeners:[], old=null
2024-02-22 20:33:46,258 [grpc-default-executor-2] INFO  impl.RoleInfo (RoleInfo.java:updateAndGet(139)) - e46a6e51-795f-4801-a523-c45a6c7f2c34: start e46a6e51-795f-4801-a523-c45a6c7f2c34@group-83D984655C73-FollowerState
2024-02-22 20:33:46,258 [e46a6e51-795f-4801-a523-c45a6c7f2c34@group-83D984655C73-FollowerState] INFO  impl.FollowerState (FollowerState.java:run(152)) - e46a6e51-795f-4801-a523-c45a6c7f2c34@group-83D984655C73-FollowerState was interrupted
2024-02-22 20:33:46,258 [4e8f68d6-fd98-4f77-87e3-715939181693@group-8820B9A2DC65-FollowerState] INFO  impl.FollowerState (FollowerState.java:run(143)) - 4e8f68d6-fd98-4f77-87e3-715939181693@group-8820B9A2DC65-FollowerState: change to CANDIDATE, lastRpcElapsedTime:5176576730ns, electionTimeout:5155ms
2024-02-22 20:33:46,258 [4e8f68d6-fd98-4f77-87e3-715939181693@group-8820B9A2DC65-FollowerState] INFO  impl.RoleInfo (RoleInfo.java:shutdownFollowerState(110)) - 4e8f68d6-fd98-4f77-87e3-715939181693: shutdown 4e8f68d6-fd98-4f77-87e3-715939181693@group-8820B9A2DC65-FollowerState
2024-02-22 20:33:46,258 [4e8f68d6-fd98-4f77-87e3-715939181693@group-8820B9A2DC65-FollowerState] INFO  server.RaftServer$Division (RaftServerImpl.java:setRole(383)) - 4e8f68d6-fd98-4f77-87e3-715939181693@group-8820B9A2DC65: changes role from  FOLLOWER to CANDIDATE at term 0 for changeToCandidate
2024-02-22 20:33:46,259 [c30fedce-f286-40e0-881d-3d5a9a6e2463@group-C4BFF782AB50-LeaderElection32] INFO  server.RaftServerConfigKeys (ConfUtils.java:logFallback(53)) - raft.server.rpc.first-election.timeout.min = 5s (fallback to raft.server.rpc.timeout.min)
2024-02-22 20:33:46,259 [c30fedce-f286-40e0-881d-3d5a9a6e2463@group-C4BFF782AB50-LeaderElection32] INFO  server.RaftServerConfigKeys (ConfUtils.java:logFallback(53)) - raft.server.rpc.first-election.timeout.max = 5200ms (fallback to raft.server.rpc.timeout.max)
2024-02-22 20:33:46,260 [grpc-default-executor-7] INFO  impl.RoleInfo (RoleInfo.java:updateAndGet(139)) - 86ab988c-fa9c-425d-a1c6-9004ff7fd93d: start 86ab988c-fa9c-425d-a1c6-9004ff7fd93d@group-83D984655C73-FollowerState
2024-02-22 20:33:46,260 [grpc-default-executor-7] INFO  server.RaftServer$Division (RaftServerImpl.java:setFirstElection(574)) - 86ab988c-fa9c-425d-a1c6-9004ff7fd93d@group-83D984655C73: set firstElectionSinceStartup to false for candidate:e780b093-7242-46d7-bd8f-0f810188c7b3
2024-02-22 20:33:46,260 [86ab988c-fa9c-425d-a1c6-9004ff7fd93d@group-83D984655C73-FollowerState] INFO  impl.FollowerState (FollowerState.java:run(152)) - 86ab988c-fa9c-425d-a1c6-9004ff7fd93d@group-83D984655C73-FollowerState was interrupted
2024-02-22 20:33:46,261 [grpc-default-executor-7] INFO  server.RaftServer$Division (RaftServerImpl.java:requestVote(1422)) - 86ab988c-fa9c-425d-a1c6-9004ff7fd93d@group-83D984655C73 replies to ELECTION vote request: e780b093-7242-46d7-bd8f-0f810188c7b3<-86ab988c-fa9c-425d-a1c6-9004ff7fd93d#0:OK-t1. Peer's state: 86ab988c-fa9c-425d-a1c6-9004ff7fd93d@group-83D984655C73:t1, leader=null, voted=e780b093-7242-46d7-bd8f-0f810188c7b3, raftlog=Memoized:86ab988c-fa9c-425d-a1c6-9004ff7fd93d@group-83D984655C73-SegmentedRaftLog:OPENED:c-1, conf=-1: peers:[86ab988c-fa9c-425d-a1c6-9004ff7fd93d|10.1.0.33:15059, e46a6e51-795f-4801-a523-c45a6c7f2c34|10.1.0.33:15014, e780b093-7242-46d7-bd8f-0f810188c7b3|10.1.0.33:15095]|listeners:[], old=null
2024-02-22 20:33:46,266 [grpc-default-executor-7] INFO  server.RaftServer$Division (RaftServerImpl.java:requestVote(1389)) - 78f89d9b-e409-4704-890b-bfcfbcdfd28a@group-C4BFF782AB50: receive requestVote(ELECTION, c30fedce-f286-40e0-881d-3d5a9a6e2463, group-C4BFF782AB50, 1, (t:0, i:0))
2024-02-22 20:33:46,266 [grpc-default-executor-7] INFO  impl.VoteContext (VoteContext.java:log(49)) - 78f89d9b-e409-4704-890b-bfcfbcdfd28a@group-C4BFF782AB50-FOLLOWER: accept ELECTION from c30fedce-f286-40e0-881d-3d5a9a6e2463: our priority 0 <= candidate's priority 1
2024-02-22 20:33:46,266 [grpc-default-executor-7] INFO  server.RaftServer$Division (RaftServerImpl.java:setRole(383)) - 78f89d9b-e409-4704-890b-bfcfbcdfd28a@group-C4BFF782AB50: changes role from  FOLLOWER to FOLLOWER at term 1 for candidate:c30fedce-f286-40e0-881d-3d5a9a6e2463
2024-02-22 20:33:46,266 [grpc-default-executor-7] INFO  impl.RoleInfo (RoleInfo.java:shutdownFollowerState(110)) - 78f89d9b-e409-4704-890b-bfcfbcdfd28a: shutdown 78f89d9b-e409-4704-890b-bfcfbcdfd28a@group-C4BFF782AB50-FollowerState
2024-02-22 20:33:46,266 [grpc-default-executor-7] INFO  impl.RoleInfo (RoleInfo.java:updateAndGet(139)) - 78f89d9b-e409-4704-890b-bfcfbcdfd28a: start 78f89d9b-e409-4704-890b-bfcfbcdfd28a@group-C4BFF782AB50-FollowerState
2024-02-22 20:33:46,266 [13f92446-3b18-4d81-bc66-0f9b00220e72@group-B58ED9299B6F-StateMachineUpdater] INFO  server.RaftServer$Division (LeaderStateImpl.java:isApplied(320)) - leader is ready since appliedIndex == 0 >= startIndex == 0
2024-02-22 20:33:46,266 [78f89d9b-e409-4704-890b-bfcfbcdfd28a@group-C4BFF782AB50-FollowerState] INFO  impl.FollowerState (FollowerState.java:run(152)) - 78f89d9b-e409-4704-890b-bfcfbcdfd28a@group-C4BFF782AB50-FollowerState was interrupted
2024-02-22 20:33:46,269 [grpc-default-executor-6] INFO  server.RaftServer$Division (RaftServerImpl.java:requestVote(1389)) - 13f92446-3b18-4d81-bc66-0f9b00220e72@group-C4BFF782AB50: receive requestVote(ELECTION, c30fedce-f286-40e0-881d-3d5a9a6e2463, group-C4BFF782AB50, 1, (t:0, i:0))
2024-02-22 20:33:46,269 [grpc-default-executor-6] INFO  impl.VoteContext (VoteContext.java:log(49)) - 13f92446-3b18-4d81-bc66-0f9b00220e72@group-C4BFF782AB50-CANDIDATE: accept ELECTION from c30fedce-f286-40e0-881d-3d5a9a6e2463: our priority 0 <= candidate's priority 1
2024-02-22 20:33:46,269 [grpc-default-executor-6] INFO  server.RaftServer$Division (RaftServerImpl.java:setRole(383)) - 13f92446-3b18-4d81-bc66-0f9b00220e72@group-C4BFF782AB50: changes role from CANDIDATE to FOLLOWER at term 1 for candidate:c30fedce-f286-40e0-881d-3d5a9a6e2463
2024-02-22 20:33:46,269 [grpc-default-executor-6] INFO  impl.RoleInfo (RoleInfo.java:shutdownLeaderElection(130)) - 13f92446-3b18-4d81-bc66-0f9b00220e72: shutdown 13f92446-3b18-4d81-bc66-0f9b00220e72@group-C4BFF782AB50-LeaderElection35
2024-02-22 20:33:46,270 [grpc-default-executor-7] INFO  server.RaftServer$Division (RaftServerImpl.java:setFirstElection(574)) - 78f89d9b-e409-4704-890b-bfcfbcdfd28a@group-C4BFF782AB50: set firstElectionSinceStartup to false for candidate:c30fedce-f286-40e0-881d-3d5a9a6e2463
2024-02-22 20:33:46,271 [e46a6e51-795f-4801-a523-c45a6c7f2c34-server-thread2] INFO  ratis.XceiverServerRatis (XceiverServerRatis.java:handleLeaderChangedNotification(966)) - Leader change notification received for group: group-BDBAD3AB70B4 with new leaderId: dc26353c-d48a-467d-89cd-3a7c4b626396
2024-02-22 20:33:46,271 [grpc-default-executor-7] INFO  server.RaftServer$Division (RaftServerImpl.java:requestVote(1422)) - 78f89d9b-e409-4704-890b-bfcfbcdfd28a@group-C4BFF782AB50 replies to ELECTION vote request: c30fedce-f286-40e0-881d-3d5a9a6e2463<-78f89d9b-e409-4704-890b-bfcfbcdfd28a#0:OK-t1. Peer's state: 78f89d9b-e409-4704-890b-bfcfbcdfd28a@group-C4BFF782AB50:t1, leader=null, voted=c30fedce-f286-40e0-881d-3d5a9a6e2463, raftlog=Memoized:78f89d9b-e409-4704-890b-bfcfbcdfd28a@group-C4BFF782AB50-SegmentedRaftLog:OPENED:c-1, conf=-1: peers:[78f89d9b-e409-4704-890b-bfcfbcdfd28a|10.1.0.33:15086, c30fedce-f286-40e0-881d-3d5a9a6e2463|10.1.0.33:15068, 13f92446-3b18-4d81-bc66-0f9b00220e72|10.1.0.33:15077]|listeners:[], old=null
2024-02-22 20:33:46,272 [e46a6e51-795f-4801-a523-c45a6c7f2c34-server-thread2] INFO  server.RaftServer$Division (ServerState.java:setLeader(269)) - e46a6e51-795f-4801-a523-c45a6c7f2c34@group-BDBAD3AB70B4: change Leader from null to dc26353c-d48a-467d-89cd-3a7c4b626396 at term 1 for appendEntries, leader elected after 5381ms
2024-02-22 20:33:46,272 [e46a6e51-795f-4801-a523-c45a6c7f2c34-server-thread2] INFO  server.RaftServer$Division (ServerState.java:setRaftConf(386)) - e46a6e51-795f-4801-a523-c45a6c7f2c34@group-BDBAD3AB70B4: set configuration 0: peers:[923be64f-71f4-4891-b05d-82ff5a9df5b5|10.1.0.33:15023, e46a6e51-795f-4801-a523-c45a6c7f2c34|10.1.0.33:15014, dc26353c-d48a-467d-89cd-3a7c4b626396|10.1.0.33:15050]|listeners:[], old=null
2024-02-22 20:33:46,272 [e46a6e51-795f-4801-a523-c45a6c7f2c34-server-thread2] INFO  segmented.SegmentedRaftLogWorker (SegmentedRaftLogWorker.java:startLogSegment(430)) - e46a6e51-795f-4801-a523-c45a6c7f2c34@group-BDBAD3AB70B4-SegmentedRaftLogWorker: Starting segment from index:0
2024-02-22 20:33:46,272 [e780b093-7242-46d7-bd8f-0f810188c7b3@group-A538022C1006-LeaderElection31] INFO  impl.LeaderElection (LeaderElection.java:askForVotes(323)) - e780b093-7242-46d7-bd8f-0f810188c7b3@group-A538022C1006-LeaderElection31 PRE_VOTE round 0: result PASSED
2024-02-22 20:33:46,273 [e46a6e51-795f-4801-a523-c45a6c7f2c34@group-BDBAD3AB70B4-SegmentedRaftLogWorker] INFO  segmented.BufferedWriteChannel (BufferedWriteChannel.java:open(62)) - open log_inprogress_0 at position 0
2024-02-22 20:33:46,274 [e780b093-7242-46d7-bd8f-0f810188c7b3@group-A538022C1006-LeaderElection31] INFO  impl.LeaderElection (LeaderElection.java:askForVotes(321)) - e780b093-7242-46d7-bd8f-0f810188c7b3@group-A538022C1006-LeaderElection31 ELECTION round 0: submit vote requests at term 1 for -1: peers:[923be64f-71f4-4891-b05d-82ff5a9df5b5|10.1.0.33:15023, e46a6e51-795f-4801-a523-c45a6c7f2c34|10.1.0.33:15014, e780b093-7242-46d7-bd8f-0f810188c7b3|10.1.0.33:15095]|listeners:[], old=null
2024-02-22 20:33:46,276 [e780b093-7242-46d7-bd8f-0f810188c7b3@group-A538022C1006-LeaderElection31] INFO  server.RaftServerConfigKeys (ConfUtils.java:logFallback(53)) - raft.server.rpc.first-election.timeout.min = 5s (fallback to raft.server.rpc.timeout.min)
2024-02-22 20:33:46,276 [e780b093-7242-46d7-bd8f-0f810188c7b3@group-A538022C1006-LeaderElection31] INFO  server.RaftServerConfigKeys (ConfUtils.java:logFallback(53)) - raft.server.rpc.first-election.timeout.max = 5200ms (fallback to raft.server.rpc.timeout.max)
2024-02-22 20:33:46,277 [grpc-default-executor-6] INFO  impl.RoleInfo (RoleInfo.java:updateAndGet(139)) - 13f92446-3b18-4d81-bc66-0f9b00220e72: start 13f92446-3b18-4d81-bc66-0f9b00220e72@group-C4BFF782AB50-FollowerState
2024-02-22 20:33:46,277 [grpc-default-executor-6] INFO  server.RaftServer$Division (RaftServerImpl.java:setFirstElection(574)) - 13f92446-3b18-4d81-bc66-0f9b00220e72@group-C4BFF782AB50: set firstElectionSinceStartup to false for candidate:c30fedce-f286-40e0-881d-3d5a9a6e2463
2024-02-22 20:33:46,276 [grpc-default-executor-3] INFO  server.RaftServer$Division (RaftServerImpl.java:requestVote(1389)) - 923be64f-71f4-4891-b05d-82ff5a9df5b5@group-A538022C1006: receive requestVote(ELECTION, e780b093-7242-46d7-bd8f-0f810188c7b3, group-A538022C1006, 1, (t:0, i:0))
2024-02-22 20:33:46,279 [grpc-default-executor-3] INFO  impl.VoteContext (VoteContext.java:log(49)) - 923be64f-71f4-4891-b05d-82ff5a9df5b5@group-A538022C1006-FOLLOWER: accept ELECTION from e780b093-7242-46d7-bd8f-0f810188c7b3: our priority 0 <= candidate's priority 1
2024-02-22 20:33:46,279 [grpc-default-executor-3] INFO  server.RaftServer$Division (RaftServerImpl.java:setRole(383)) - 923be64f-71f4-4891-b05d-82ff5a9df5b5@group-A538022C1006: changes role from  FOLLOWER to FOLLOWER at term 1 for candidate:e780b093-7242-46d7-bd8f-0f810188c7b3
2024-02-22 20:33:46,279 [grpc-default-executor-3] INFO  impl.RoleInfo (RoleInfo.java:shutdownFollowerState(110)) - 923be64f-71f4-4891-b05d-82ff5a9df5b5: shutdown 923be64f-71f4-4891-b05d-82ff5a9df5b5@group-A538022C1006-FollowerState
2024-02-22 20:33:46,279 [grpc-default-executor-8] INFO  server.RaftServer$Division (RaftServerImpl.java:requestVote(1389)) - 78f89d9b-e409-4704-890b-bfcfbcdfd28a@group-9D5BCF0FDB08: receive requestVote(PRE_VOTE, 4e8f68d6-fd98-4f77-87e3-715939181693, group-9D5BCF0FDB08, 0, (t:0, i:0))
2024-02-22 20:33:46,279 [grpc-default-executor-4] INFO  server.RaftServer$Division (RaftServerImpl.java:requestVote(1389)) - c30fedce-f286-40e0-881d-3d5a9a6e2463@group-C4BFF782AB50: receive requestVote(PRE_VOTE, 13f92446-3b18-4d81-bc66-0f9b00220e72, group-C4BFF782AB50, 0, (t:0, i:0))
2024-02-22 20:33:46,280 [grpc-default-executor-4] INFO  impl.VoteContext (VoteContext.java:log(49)) - c30fedce-f286-40e0-881d-3d5a9a6e2463@group-C4BFF782AB50-CANDIDATE: reject PRE_VOTE from 13f92446-3b18-4d81-bc66-0f9b00220e72: our priority 1 > candidate's priority 0
2024-02-22 20:33:46,280 [grpc-default-executor-8] INFO  impl.VoteContext (VoteContext.java:log(49)) - 78f89d9b-e409-4704-890b-bfcfbcdfd28a@group-9D5BCF0FDB08-FOLLOWER: accept PRE_VOTE from 4e8f68d6-fd98-4f77-87e3-715939181693: our priority 0 <= candidate's priority 1
2024-02-22 20:33:46,280 [grpc-default-executor-8] INFO  server.RaftServer$Division (RaftServerImpl.java:requestVote(1422)) - 78f89d9b-e409-4704-890b-bfcfbcdfd28a@group-9D5BCF0FDB08 replies to PRE_VOTE vote request: 4e8f68d6-fd98-4f77-87e3-715939181693<-78f89d9b-e409-4704-890b-bfcfbcdfd28a#0:OK-t0. Peer's state: 78f89d9b-e409-4704-890b-bfcfbcdfd28a@group-9D5BCF0FDB08:t0, leader=null, voted=, raftlog=Memoized:78f89d9b-e409-4704-890b-bfcfbcdfd28a@group-9D5BCF0FDB08-SegmentedRaftLog:OPENED:c-1, conf=-1: peers:[78f89d9b-e409-4704-890b-bfcfbcdfd28a|10.1.0.33:15086, d25dc3b0-28fc-4383-b1a0-617845025f41|10.1.0.33:15032, 4e8f68d6-fd98-4f77-87e3-715939181693|10.1.0.33:15041]|listeners:[], old=null
2024-02-22 20:33:46,280 [grpc-default-executor-7] INFO  server.RaftServer$Division (RaftServerImpl.java:requestVote(1389)) - e46a6e51-795f-4801-a523-c45a6c7f2c34@group-A538022C1006: receive requestVote(ELECTION, e780b093-7242-46d7-bd8f-0f810188c7b3, group-A538022C1006, 1, (t:0, i:0))
2024-02-22 20:33:46,279 [grpc-default-executor-3] INFO  impl.RoleInfo (RoleInfo.java:updateAndGet(139)) - 923be64f-71f4-4891-b05d-82ff5a9df5b5: start 923be64f-71f4-4891-b05d-82ff5a9df5b5@group-A538022C1006-FollowerState
2024-02-22 20:33:46,280 [grpc-default-executor-7] INFO  impl.VoteContext (VoteContext.java:log(49)) - e46a6e51-795f-4801-a523-c45a6c7f2c34@group-A538022C1006-FOLLOWER: accept ELECTION from e780b093-7242-46d7-bd8f-0f810188c7b3: our priority 0 <= candidate's priority 1
2024-02-22 20:33:46,280 [4e8f68d6-fd98-4f77-87e3-715939181693@group-8820B9A2DC65-FollowerState] INFO  server.RaftServerConfigKeys (ConfUtils.java:logGet(46)) - raft.server.leaderelection.pre-vote = true (default)
2024-02-22 20:33:46,280 [4e8f68d6-fd98-4f77-87e3-715939181693@group-8820B9A2DC65-FollowerState] INFO  impl.RoleInfo (RoleInfo.java:updateAndGet(139)) - 4e8f68d6-fd98-4f77-87e3-715939181693: start 4e8f68d6-fd98-4f77-87e3-715939181693@group-8820B9A2DC65-LeaderElection36
2024-02-22 20:33:46,280 [grpc-default-executor-4] INFO  server.RaftServer$Division (RaftServerImpl.java:requestVote(1422)) - c30fedce-f286-40e0-881d-3d5a9a6e2463@group-C4BFF782AB50 replies to PRE_VOTE vote request: 13f92446-3b18-4d81-bc66-0f9b00220e72<-c30fedce-f286-40e0-881d-3d5a9a6e2463#0:FAIL-t1. Peer's state: c30fedce-f286-40e0-881d-3d5a9a6e2463@group-C4BFF782AB50:t1, leader=null, voted=c30fedce-f286-40e0-881d-3d5a9a6e2463, raftlog=Memoized:c30fedce-f286-40e0-881d-3d5a9a6e2463@group-C4BFF782AB50-SegmentedRaftLog:OPENED:c-1, conf=-1: peers:[78f89d9b-e409-4704-890b-bfcfbcdfd28a|10.1.0.33:15086, c30fedce-f286-40e0-881d-3d5a9a6e2463|10.1.0.33:15068, 13f92446-3b18-4d81-bc66-0f9b00220e72|10.1.0.33:15077]|listeners:[], old=null
2024-02-22 20:33:46,279 [923be64f-71f4-4891-b05d-82ff5a9df5b5@group-A538022C1006-FollowerState] INFO  impl.FollowerState (FollowerState.java:run(152)) - 923be64f-71f4-4891-b05d-82ff5a9df5b5@group-A538022C1006-FollowerState was interrupted
2024-02-22 20:33:46,281 [4e8f68d6-fd98-4f77-87e3-715939181693@group-8820B9A2DC65-LeaderElection36] INFO  impl.LeaderElection (LeaderElection.java:askForVotes(321)) - 4e8f68d6-fd98-4f77-87e3-715939181693@group-8820B9A2DC65-LeaderElection36 PRE_VOTE round 0: submit vote requests at term 0 for -1: peers:[78f89d9b-e409-4704-890b-bfcfbcdfd28a|10.1.0.33:15086, d25dc3b0-28fc-4383-b1a0-617845025f41|10.1.0.33:15032, 4e8f68d6-fd98-4f77-87e3-715939181693|10.1.0.33:15041]|listeners:[], old=null
2024-02-22 20:33:46,280 [grpc-default-executor-7] INFO  server.RaftServer$Division (RaftServerImpl.java:setRole(383)) - e46a6e51-795f-4801-a523-c45a6c7f2c34@group-A538022C1006: changes role from  FOLLOWER to FOLLOWER at term 1 for candidate:e780b093-7242-46d7-bd8f-0f810188c7b3
2024-02-22 20:33:46,282 [grpc-default-executor-7] INFO  impl.RoleInfo (RoleInfo.java:shutdownFollowerState(110)) - e46a6e51-795f-4801-a523-c45a6c7f2c34: shutdown e46a6e51-795f-4801-a523-c45a6c7f2c34@group-A538022C1006-FollowerState
2024-02-22 20:33:46,282 [grpc-default-executor-6] INFO  server.RaftServer$Division (RaftServerImpl.java:requestVote(1422)) - 13f92446-3b18-4d81-bc66-0f9b00220e72@group-C4BFF782AB50 replies to ELECTION vote request: c30fedce-f286-40e0-881d-3d5a9a6e2463<-13f92446-3b18-4d81-bc66-0f9b00220e72#0:OK-t1. Peer's state: 13f92446-3b18-4d81-bc66-0f9b00220e72@group-C4BFF782AB50:t1, leader=null, voted=c30fedce-f286-40e0-881d-3d5a9a6e2463, raftlog=Memoized:13f92446-3b18-4d81-bc66-0f9b00220e72@group-C4BFF782AB50-SegmentedRaftLog:OPENED:c-1, conf=-1: peers:[78f89d9b-e409-4704-890b-bfcfbcdfd28a|10.1.0.33:15086, c30fedce-f286-40e0-881d-3d5a9a6e2463|10.1.0.33:15068, 13f92446-3b18-4d81-bc66-0f9b00220e72|10.1.0.33:15077]|listeners:[], old=null
2024-02-22 20:33:46,282 [4e8f68d6-fd98-4f77-87e3-715939181693@group-9D5BCF0FDB08-LeaderElection30] INFO  server.RaftServerConfigKeys (ConfUtils.java:logFallback(53)) - raft.server.rpc.first-election.timeout.min = 5s (fallback to raft.server.rpc.timeout.min)
2024-02-22 20:33:46,282 [4e8f68d6-fd98-4f77-87e3-715939181693@group-9D5BCF0FDB08-LeaderElection30] INFO  server.RaftServerConfigKeys (ConfUtils.java:logFallback(53)) - raft.server.rpc.first-election.timeout.max = 5200ms (fallback to raft.server.rpc.timeout.max)
2024-02-22 20:33:46,282 [grpc-default-executor-7] INFO  impl.RoleInfo (RoleInfo.java:updateAndGet(139)) - e46a6e51-795f-4801-a523-c45a6c7f2c34: start e46a6e51-795f-4801-a523-c45a6c7f2c34@group-A538022C1006-FollowerState
2024-02-22 20:33:46,282 [e46a6e51-795f-4801-a523-c45a6c7f2c34@group-A538022C1006-FollowerState] INFO  impl.FollowerState (FollowerState.java:run(152)) - e46a6e51-795f-4801-a523-c45a6c7f2c34@group-A538022C1006-FollowerState was interrupted
2024-02-22 20:33:46,282 [grpc-default-executor-2] INFO  server.RaftServer$Division (RaftServerImpl.java:requestVote(1422)) - e46a6e51-795f-4801-a523-c45a6c7f2c34@group-83D984655C73 replies to ELECTION vote request: e780b093-7242-46d7-bd8f-0f810188c7b3<-e46a6e51-795f-4801-a523-c45a6c7f2c34#0:OK-t1. Peer's state: e46a6e51-795f-4801-a523-c45a6c7f2c34@group-83D984655C73:t1, leader=null, voted=e780b093-7242-46d7-bd8f-0f810188c7b3, raftlog=Memoized:e46a6e51-795f-4801-a523-c45a6c7f2c34@group-83D984655C73-SegmentedRaftLog:OPENED:c-1, conf=-1: peers:[86ab988c-fa9c-425d-a1c6-9004ff7fd93d|10.1.0.33:15059, e46a6e51-795f-4801-a523-c45a6c7f2c34|10.1.0.33:15014, e780b093-7242-46d7-bd8f-0f810188c7b3|10.1.0.33:15095]|listeners:[], old=null
2024-02-22 20:33:46,283 [e46a6e51-795f-4801-a523-c45a6c7f2c34@group-BDBAD3AB70B4-SegmentedRaftLogWorker] INFO  segmented.SegmentedRaftLogWorker (SegmentedRaftLogWorker.java:execute(634)) - e46a6e51-795f-4801-a523-c45a6c7f2c34@group-BDBAD3AB70B4-SegmentedRaftLogWorker: created new log segment /home/runner/work/ozone/ozone/hadoop-ozone/integration-test/target/test-dir/MiniOzoneClusterImpl-a0fc024b-a492-45a5-9697-b0d14f72cb5c/datanode-0/data/ratis/2f90e3ba-f3fd-48ab-9225-bdbad3ab70b4/current/log_inprogress_0
2024-02-22 20:33:46,283 [grpc-default-executor-7] INFO  server.RaftServer$Division (RaftServerImpl.java:setFirstElection(574)) - e46a6e51-795f-4801-a523-c45a6c7f2c34@group-A538022C1006: set firstElectionSinceStartup to false for candidate:e780b093-7242-46d7-bd8f-0f810188c7b3
2024-02-22 20:33:46,285 [e780b093-7242-46d7-bd8f-0f810188c7b3@group-83D984655C73-LeaderElection34] INFO  impl.LeaderElection (LeaderElection.java:logAndReturn(89)) - e780b093-7242-46d7-bd8f-0f810188c7b3@group-83D984655C73-LeaderElection34: ELECTION PASSED received 1 response(s) and 0 exception(s):
2024-02-22 20:33:46,285 [e780b093-7242-46d7-bd8f-0f810188c7b3@group-83D984655C73-LeaderElection34] INFO  impl.LeaderElection (LeaderElection.java:logAndReturn(93)) -   Response 0: e780b093-7242-46d7-bd8f-0f810188c7b3<-86ab988c-fa9c-425d-a1c6-9004ff7fd93d#0:OK-t1
2024-02-22 20:33:46,285 [e780b093-7242-46d7-bd8f-0f810188c7b3@group-83D984655C73-LeaderElection34] INFO  impl.LeaderElection (LeaderElection.java:askForVotes(323)) - e780b093-7242-46d7-bd8f-0f810188c7b3@group-83D984655C73-LeaderElection34 ELECTION round 0: result PASSED
2024-02-22 20:33:46,285 [e780b093-7242-46d7-bd8f-0f810188c7b3@group-83D984655C73-LeaderElection34] INFO  impl.RoleInfo (RoleInfo.java:shutdownLeaderElection(130)) - e780b093-7242-46d7-bd8f-0f810188c7b3: shutdown e780b093-7242-46d7-bd8f-0f810188c7b3@group-83D984655C73-LeaderElection34
2024-02-22 20:33:46,285 [e780b093-7242-46d7-bd8f-0f810188c7b3@group-83D984655C73-LeaderElection34] INFO  server.RaftServer$Division (RaftServerImpl.java:setRole(383)) - e780b093-7242-46d7-bd8f-0f810188c7b3@group-83D984655C73: changes role from CANDIDATE to LEADER at term 1 for changeToLeader
2024-02-22 20:33:46,285 [e780b093-7242-46d7-bd8f-0f810188c7b3@group-83D984655C73-LeaderElection34] INFO  server.RaftServerConfigKeys (ConfUtils.java:logGet(46)) - raft.server.staging.catchup.gap = 1000 (default)
2024-02-22 20:33:46,285 [e780b093-7242-46d7-bd8f-0f810188c7b3@group-83D984655C73-LeaderElection34] INFO  server.RaftServerConfigKeys (ConfUtils.java:logGet(46)) - raft.server.write.element-limit = 1024 (custom)
2024-02-22 20:33:46,285 [e780b093-7242-46d7-bd8f-0f810188c7b3@group-83D984655C73-LeaderElection34] INFO  server.RaftServerConfigKeys (ConfUtils.java:logGet(46)) - raft.server.write.byte-limit = 1024 M (=1073741824) (custom)
2024-02-22 20:33:46,286 [e780b093-7242-46d7-bd8f-0f810188c7b3@group-83D984655C73-LeaderElection34] INFO  server.RaftServerConfigKeys (ConfUtils.java:logGet(46)) - raft.server.watch.timeout = 180s (custom)
2024-02-22 20:33:46,286 [e780b093-7242-46d7-bd8f-0f810188c7b3@group-83D984655C73-LeaderElection34] INFO  server.RaftServerConfigKeys (ConfUtils.java:logGet(46)) - raft.server.watch.timeout.denomination = 1s (default)
2024-02-22 20:33:46,286 [e780b093-7242-46d7-bd8f-0f810188c7b3@group-83D984655C73-LeaderElection34] INFO  server.RaftServerConfigKeys (ConfUtils.java:logGet(46)) - raft.server.watch.element-limit = 65536 (default)
2024-02-22 20:33:46,286 [e780b093-7242-46d7-bd8f-0f810188c7b3@group-83D984655C73-LeaderElection34] INFO  server.RaftServerConfigKeys (ConfUtils.java:logGet(46)) - raft.server.read.leader.lease.enabled = false (default)
2024-02-22 20:33:46,286 [e780b093-7242-46d7-bd8f-0f810188c7b3@group-83D984655C73-LeaderElection34] INFO  server.RaftServerConfigKeys (ConfUtils.java:logGet(46)) - raft.server.read.leader.lease.timeout.ratio = 0.9 (default)
2024-02-22 20:33:46,286 [e780b093-7242-46d7-bd8f-0f810188c7b3@group-83D984655C73-LeaderElection34] INFO  server.RaftServerConfigKeys (ConfUtils.java:logGet(46)) - raft.server.rpc.timeout.min = 5s (custom)
2024-02-22 20:33:46,286 [e780b093-7242-46d7-bd8f-0f810188c7b3@group-83D984655C73-LeaderElection34] INFO  server.RaftServerConfigKeys (ConfUtils.java:logGet(46)) - raft.server.write.element-limit = 1024 (custom)
2024-02-22 20:33:46,286 [e780b093-7242-46d7-bd8f-0f810188c7b3@group-83D984655C73-LeaderElection34] INFO  server.RaftServerConfigKeys (ConfUtils.java:logGet(46)) - raft.server.write.follower.gap.ratio.max = -1.0 (default)
2024-02-22 20:33:46,287 [e780b093-7242-46d7-bd8f-0f810188c7b3@group-83D984655C73-LeaderElection34] INFO  server.RaftServerConfigKeys (ConfUtils.java:logGet(46)) - raft.server.log.appender.snapshot.chunk.size.max = 16MB (=16777216) (default)
2024-02-22 20:33:46,287 [e780b093-7242-46d7-bd8f-0f810188c7b3@group-83D984655C73-LeaderElection34] INFO  server.RaftServerConfigKeys (ConfUtils.java:logGet(46)) - raft.server.log.appender.buffer.byte-limit = 8388608 (custom)
2024-02-22 20:33:46,287 [e780b093-7242-46d7-bd8f-0f810188c7b3@group-83D984655C73-LeaderElection34] INFO  server.RaftServerConfigKeys (ConfUtils.java:logGet(46)) - raft.server.log.appender.buffer.element-limit = 1 (custom)
2024-02-22 20:33:46,287 [e780b093-7242-46d7-bd8f-0f810188c7b3@group-83D984655C73-LeaderElection34] INFO  server.RaftServerConfigKeys (ConfUtils.java:logGet(46)) - raft.server.log.appender.wait-time.min = 0μs (custom)
2024-02-22 20:33:46,287 [4e8f68d6-fd98-4f77-87e3-715939181693@group-9EB4D3397E8E-StateMachineUpdater] INFO  server.RaftServer$Division (LeaderStateImpl.java:isApplied(320)) - leader is ready since appliedIndex == 0 >= startIndex == 0
2024-02-22 20:33:46,288 [grpc-default-executor-3] INFO  server.RaftServer$Division (RaftServerImpl.java:requestVote(1422)) - 923be64f-71f4-4891-b05d-82ff5a9df5b5@group-A538022C1006 replies to ELECTION vote request: e780b093-7242-46d7-bd8f-0f810188c7b3<-923be64f-71f4-4891-b05d-82ff5a9df5b5#0:OK-t1. Peer's state: 923be64f-71f4-4891-b05d-82ff5a9df5b5@group-A538022C1006:t1, leader=null, voted=e780b093-7242-46d7-bd8f-0f810188c7b3, raftlog=Memoized:923be64f-71f4-4891-b05d-82ff5a9df5b5@group-A538022C1006-SegmentedRaftLog:OPENED:c-1, conf=-1: peers:[923be64f-71f4-4891-b05d-82ff5a9df5b5|10.1.0.33:15023, e46a6e51-795f-4801-a523-c45a6c7f2c34|10.1.0.33:15014, e780b093-7242-46d7-bd8f-0f810188c7b3|10.1.0.33:15095]|listeners:[], old=null
2024-02-22 20:33:46,288 [grpc-default-executor-7] INFO  server.RaftServer$Division (RaftServerImpl.java:requestVote(1422)) - e46a6e51-795f-4801-a523-c45a6c7f2c34@group-A538022C1006 replies to ELECTION vote request: e780b093-7242-46d7-bd8f-0f810188c7b3<-e46a6e51-795f-4801-a523-c45a6c7f2c34#0:OK-t1. Peer's state: e46a6e51-795f-4801-a523-c45a6c7f2c34@group-A538022C1006:t1, leader=null, voted=e780b093-7242-46d7-bd8f-0f810188c7b3, raftlog=Memoized:e46a6e51-795f-4801-a523-c45a6c7f2c34@group-A538022C1006-SegmentedRaftLog:OPENED:c-1, conf=-1: peers:[923be64f-71f4-4891-b05d-82ff5a9df5b5|10.1.0.33:15023, e46a6e51-795f-4801-a523-c45a6c7f2c34|10.1.0.33:15014, e780b093-7242-46d7-bd8f-0f810188c7b3|10.1.0.33:15095]|listeners:[], old=null
2024-02-22 20:33:46,287 [e780b093-7242-46d7-bd8f-0f810188c7b3@group-83D984655C73-LeaderElection34] INFO  grpc.GrpcConfigKeys (ConfUtils.java:logGet(46)) - raft.grpc.server.leader.outstanding.appends.max = 8 (default)
2024-02-22 20:33:46,288 [e780b093-7242-46d7-bd8f-0f810188c7b3@group-A538022C1006-LeaderElection31] INFO  impl.LeaderElection (LeaderElection.java:logAndReturn(89)) - e780b093-7242-46d7-bd8f-0f810188c7b3@group-A538022C1006-LeaderElection31: ELECTION PASSED received 1 response(s) and 0 exception(s):
2024-02-22 20:33:46,289 [e780b093-7242-46d7-bd8f-0f810188c7b3@group-A538022C1006-LeaderElection31] INFO  impl.LeaderElection (LeaderElection.java:logAndReturn(93)) -   Response 0: e780b093-7242-46d7-bd8f-0f810188c7b3<-923be64f-71f4-4891-b05d-82ff5a9df5b5#0:OK-t1
2024-02-22 20:33:46,289 [e780b093-7242-46d7-bd8f-0f810188c7b3@group-A538022C1006-LeaderElection31] INFO  impl.LeaderElection (LeaderElection.java:askForVotes(323)) - e780b093-7242-46d7-bd8f-0f810188c7b3@group-A538022C1006-LeaderElection31 ELECTION round 0: result PASSED
2024-02-22 20:33:46,289 [e780b093-7242-46d7-bd8f-0f810188c7b3@group-A538022C1006-LeaderElection31] INFO  impl.RoleInfo (RoleInfo.java:shutdownLeaderElection(130)) - e780b093-7242-46d7-bd8f-0f810188c7b3: shutdown e780b093-7242-46d7-bd8f-0f810188c7b3@group-A538022C1006-LeaderElection31
2024-02-22 20:33:46,289 [e780b093-7242-46d7-bd8f-0f810188c7b3@group-A538022C1006-LeaderElection31] INFO  server.RaftServer$Division (RaftServerImpl.java:setRole(383)) - e780b093-7242-46d7-bd8f-0f810188c7b3@group-A538022C1006: changes role from CANDIDATE to LEADER at term 1 for changeToLeader
2024-02-22 20:33:46,289 [e780b093-7242-46d7-bd8f-0f810188c7b3@group-A538022C1006-LeaderElection31] INFO  server.RaftServerConfigKeys (ConfUtils.java:logGet(46)) - raft.server.staging.catchup.gap = 1000 (default)
2024-02-22 20:33:46,289 [e780b093-7242-46d7-bd8f-0f810188c7b3@group-A538022C1006-LeaderElection31] INFO  server.RaftServerConfigKeys (ConfUtils.java:logGet(46)) - raft.server.write.element-limit = 1024 (custom)
2024-02-22 20:33:46,289 [e780b093-7242-46d7-bd8f-0f810188c7b3@group-A538022C1006-LeaderElection31] INFO  server.RaftServerConfigKeys (ConfUtils.java:logGet(46)) - raft.server.write.byte-limit = 1024 M (=1073741824) (custom)
2024-02-22 20:33:46,290 [e780b093-7242-46d7-bd8f-0f810188c7b3@group-A538022C1006-LeaderElection31] INFO  server.RaftServerConfigKeys (ConfUtils.java:logGet(46)) - raft.server.watch.timeout = 180s (custom)
2024-02-22 20:33:46,290 [e780b093-7242-46d7-bd8f-0f810188c7b3@group-A538022C1006-LeaderElection31] INFO  server.RaftServerConfigKeys (ConfUtils.java:logGet(46)) - raft.server.watch.timeout.denomination = 1s (default)
2024-02-22 20:33:46,290 [e780b093-7242-46d7-bd8f-0f810188c7b3@group-A538022C1006-LeaderElection31] INFO  server.RaftServerConfigKeys (ConfUtils.java:logGet(46)) - raft.server.watch.element-limit = 65536 (default)
2024-02-22 20:33:46,290 [e780b093-7242-46d7-bd8f-0f810188c7b3@group-A538022C1006-LeaderElection31] INFO  server.RaftServerConfigKeys (ConfUtils.java:logGet(46)) - raft.server.read.leader.lease.enabled = false (default)
2024-02-22 20:33:46,290 [e780b093-7242-46d7-bd8f-0f810188c7b3@group-A538022C1006-LeaderElection31] INFO  server.RaftServerConfigKeys (ConfUtils.java:logGet(46)) - raft.server.read.leader.lease.timeout.ratio = 0.9 (default)
2024-02-22 20:33:46,290 [e780b093-7242-46d7-bd8f-0f810188c7b3@group-A538022C1006-LeaderElection31] INFO  server.RaftServerConfigKeys (ConfUtils.java:logGet(46)) - raft.server.rpc.timeout.min = 5s (custom)
2024-02-22 20:33:46,289 [e780b093-7242-46d7-bd8f-0f810188c7b3@group-83D984655C73-LeaderElection34] INFO  server.RaftServerConfigKeys (ConfUtils.java:logGet(46)) - raft.server.rpc.request.timeout = 60s (custom)
2024-02-22 20:33:46,290 [e780b093-7242-46d7-bd8f-0f810188c7b3@group-83D984655C73-LeaderElection34] INFO  grpc.GrpcConfigKeys (ConfUtils.java:logGet(46)) - raft.grpc.server.install_snapshot.request.element-limit = 8 (default)
2024-02-22 20:33:46,290 [e780b093-7242-46d7-bd8f-0f810188c7b3@group-83D984655C73-LeaderElection34] INFO  grpc.GrpcConfigKeys (ConfUtils.java:logGet(46)) - raft.grpc.server.install_snapshot.request.timeout = 3000ms (default)
2024-02-22 20:33:46,290 [e780b093-7242-46d7-bd8f-0f810188c7b3@group-83D984655C73-LeaderElection34] INFO  grpc.GrpcConfigKeys (ConfUtils.java:logGet(46)) - raft.grpc.server.log-message.batch.duration = 5s (default)
2024-02-22 20:33:46,290 [e780b093-7242-46d7-bd8f-0f810188c7b3@group-83D984655C73-LeaderElection34] INFO  server.RaftServerConfigKeys (ConfUtils.java:logGet(46)) - raft.server.log.appender.install.snapshot.enabled = false (custom)
2024-02-22 20:33:46,290 [e780b093-7242-46d7-bd8f-0f810188c7b3@group-83D984655C73-LeaderElection34] INFO  grpc.GrpcConfigKeys (ConfUtils.java:logGet(46)) - raft.grpc.server.heartbeat.channel = true (default)
2024-02-22 20:33:46,290 [e780b093-7242-46d7-bd8f-0f810188c7b3@group-A538022C1006-LeaderElection31] INFO  server.RaftServerConfigKeys (ConfUtils.java:logGet(46)) - raft.server.write.element-limit = 1024 (custom)
2024-02-22 20:33:46,291 [e780b093-7242-46d7-bd8f-0f810188c7b3@group-A538022C1006-LeaderElection31] INFO  server.RaftServerConfigKeys (ConfUtils.java:logGet(46)) - raft.server.write.follower.gap.ratio.max = -1.0 (default)
2024-02-22 20:33:46,292 [e780b093-7242-46d7-bd8f-0f810188c7b3@group-A538022C1006-LeaderElection31] INFO  server.RaftServerConfigKeys (ConfUtils.java:logGet(46)) - raft.server.log.appender.snapshot.chunk.size.max = 16MB (=16777216) (default)
2024-02-22 20:33:46,292 [e780b093-7242-46d7-bd8f-0f810188c7b3@group-A538022C1006-LeaderElection31] INFO  server.RaftServerConfigKeys (ConfUtils.java:logGet(46)) - raft.server.log.appender.buffer.byte-limit = 8388608 (custom)
2024-02-22 20:33:46,292 [e780b093-7242-46d7-bd8f-0f810188c7b3@group-A538022C1006-LeaderElection31] INFO  server.RaftServerConfigKeys (ConfUtils.java:logGet(46)) - raft.server.log.appender.buffer.element-limit = 1 (custom)
2024-02-22 20:33:46,292 [e780b093-7242-46d7-bd8f-0f810188c7b3@group-A538022C1006-LeaderElection31] INFO  server.RaftServerConfigKeys (ConfUtils.java:logGet(46)) - raft.server.log.appender.wait-time.min = 0μs (custom)
2024-02-22 20:33:46,292 [e780b093-7242-46d7-bd8f-0f810188c7b3@group-A538022C1006-LeaderElection31] INFO  grpc.GrpcConfigKeys (ConfUtils.java:logGet(46)) - raft.grpc.server.leader.outstanding.appends.max = 8 (default)
2024-02-22 20:33:46,293 [e780b093-7242-46d7-bd8f-0f810188c7b3@group-A538022C1006-LeaderElection31] INFO  server.RaftServerConfigKeys (ConfUtils.java:logGet(46)) - raft.server.rpc.request.timeout = 60s (custom)
2024-02-22 20:33:46,293 [e780b093-7242-46d7-bd8f-0f810188c7b3@group-A538022C1006-LeaderElection31] INFO  grpc.GrpcConfigKeys (ConfUtils.java:logGet(46)) - raft.grpc.server.install_snapshot.request.element-limit = 8 (default)
2024-02-22 20:33:46,293 [e780b093-7242-46d7-bd8f-0f810188c7b3@group-A538022C1006-LeaderElection31] INFO  grpc.GrpcConfigKeys (ConfUtils.java:logGet(46)) - raft.grpc.server.install_snapshot.request.timeout = 3000ms (default)
2024-02-22 20:33:46,293 [e780b093-7242-46d7-bd8f-0f810188c7b3@group-A538022C1006-LeaderElection31] INFO  grpc.GrpcConfigKeys (ConfUtils.java:logGet(46)) - raft.grpc.server.log-message.batch.duration = 5s (default)
2024-02-22 20:33:46,293 [e780b093-7242-46d7-bd8f-0f810188c7b3@group-A538022C1006-LeaderElection31] INFO  server.RaftServerConfigKeys (ConfUtils.java:logGet(46)) - raft.server.log.appender.install.snapshot.enabled = false (custom)
2024-02-22 20:33:46,293 [e780b093-7242-46d7-bd8f-0f810188c7b3@group-A538022C1006-LeaderElection31] INFO  grpc.GrpcConfigKeys (ConfUtils.java:logGet(46)) - raft.grpc.server.heartbeat.channel = true (default)
2024-02-22 20:33:46,293 [e780b093-7242-46d7-bd8f-0f810188c7b3@group-83D984655C73-LeaderElection34] INFO  server.RaftServerConfigKeys (ConfUtils.java:logGet(46)) - raft.server.log.appender.snapshot.chunk.size.max = 16MB (=16777216) (default)
2024-02-22 20:33:46,293 [e780b093-7242-46d7-bd8f-0f810188c7b3@group-83D984655C73-LeaderElection34] INFO  server.RaftServerConfigKeys (ConfUtils.java:logGet(46)) - raft.server.log.appender.buffer.byte-limit = 8388608 (custom)
2024-02-22 20:33:46,293 [e780b093-7242-46d7-bd8f-0f810188c7b3@group-83D984655C73-LeaderElection34] INFO  server.RaftServerConfigKeys (ConfUtils.java:logGet(46)) - raft.server.log.appender.buffer.element-limit = 1 (custom)
2024-02-22 20:33:46,293 [e780b093-7242-46d7-bd8f-0f810188c7b3@group-83D984655C73-LeaderElection34] INFO  server.RaftServerConfigKeys (ConfUtils.java:logGet(46)) - raft.server.log.appender.wait-time.min = 0μs (custom)
2024-02-22 20:33:46,293 [e780b093-7242-46d7-bd8f-0f810188c7b3@group-83D984655C73-LeaderElection34] INFO  grpc.GrpcConfigKeys (ConfUtils.java:logGet(46)) - raft.grpc.server.leader.outstanding.appends.max = 8 (default)
2024-02-22 20:33:46,293 [e780b093-7242-46d7-bd8f-0f810188c7b3@group-83D984655C73-LeaderElection34] INFO  server.RaftServerConfigKeys (ConfUtils.java:logGet(46)) - raft.server.rpc.request.timeout = 60s (custom)
2024-02-22 20:33:46,293 [e780b093-7242-46d7-bd8f-0f810188c7b3@group-83D984655C73-LeaderElection34] INFO  grpc.GrpcConfigKeys (ConfUtils.java:logGet(46)) - raft.grpc.server.install_snapshot.request.element-limit = 8 (default)
2024-02-22 20:33:46,294 [e780b093-7242-46d7-bd8f-0f810188c7b3@group-83D984655C73-LeaderElection34] INFO  grpc.GrpcConfigKeys (ConfUtils.java:logGet(46)) - raft.grpc.server.install_snapshot.request.timeout = 3000ms (default)
2024-02-22 20:33:46,294 [e780b093-7242-46d7-bd8f-0f810188c7b3@group-83D984655C73-LeaderElection34] INFO  grpc.GrpcConfigKeys (ConfUtils.java:logGet(46)) - raft.grpc.server.log-message.batch.duration = 5s (default)
2024-02-22 20:33:46,296 [c30fedce-f286-40e0-881d-3d5a9a6e2463@group-C4BFF782AB50-LeaderElection32] INFO  impl.LeaderElection (LeaderElection.java:logAndReturn(89)) - c30fedce-f286-40e0-881d-3d5a9a6e2463@group-C4BFF782AB50-LeaderElection32: ELECTION PASSED received 1 response(s) and 0 exception(s):
2024-02-22 20:33:46,298 [c30fedce-f286-40e0-881d-3d5a9a6e2463@group-C4BFF782AB50-LeaderElection32] INFO  impl.LeaderElection (LeaderElection.java:logAndReturn(93)) -   Response 0: c30fedce-f286-40e0-881d-3d5a9a6e2463<-78f89d9b-e409-4704-890b-bfcfbcdfd28a#0:OK-t1
2024-02-22 20:33:46,298 [c30fedce-f286-40e0-881d-3d5a9a6e2463@group-C4BFF782AB50-LeaderElection32] INFO  impl.LeaderElection (LeaderElection.java:askForVotes(323)) - c30fedce-f286-40e0-881d-3d5a9a6e2463@group-C4BFF782AB50-LeaderElection32 ELECTION round 0: result PASSED
2024-02-22 20:33:46,298 [c30fedce-f286-40e0-881d-3d5a9a6e2463@group-C4BFF782AB50-LeaderElection32] INFO  impl.RoleInfo (RoleInfo.java:shutdownLeaderElection(130)) - c30fedce-f286-40e0-881d-3d5a9a6e2463: shutdown c30fedce-f286-40e0-881d-3d5a9a6e2463@group-C4BFF782AB50-LeaderElection32
2024-02-22 20:33:46,298 [c30fedce-f286-40e0-881d-3d5a9a6e2463@group-C4BFF782AB50-LeaderElection32] INFO  server.RaftServer$Division (RaftServerImpl.java:setRole(383)) - c30fedce-f286-40e0-881d-3d5a9a6e2463@group-C4BFF782AB50: changes role from CANDIDATE to LEADER at term 1 for changeToLeader
2024-02-22 20:33:46,298 [c30fedce-f286-40e0-881d-3d5a9a6e2463@group-C4BFF782AB50-LeaderElection32] INFO  server.RaftServerConfigKeys (ConfUtils.java:logGet(46)) - raft.server.staging.catchup.gap = 1000 (default)
2024-02-22 20:33:46,298 [c30fedce-f286-40e0-881d-3d5a9a6e2463@group-C4BFF782AB50-LeaderElection32] INFO  server.RaftServerConfigKeys (ConfUtils.java:logGet(46)) - raft.server.write.element-limit = 1024 (custom)
2024-02-22 20:33:46,299 [e780b093-7242-46d7-bd8f-0f810188c7b3@group-A538022C1006-LeaderElection31] INFO  server.RaftServerConfigKeys (ConfUtils.java:logGet(46)) - raft.server.log.appender.snapshot.chunk.size.max = 16MB (=16777216) (default)
2024-02-22 20:33:46,299 [e780b093-7242-46d7-bd8f-0f810188c7b3@group-A538022C1006-LeaderElection31] INFO  server.RaftServerConfigKeys (ConfUtils.java:logGet(46)) - raft.server.log.appender.buffer.byte-limit = 8388608 (custom)
2024-02-22 20:33:46,299 [e780b093-7242-46d7-bd8f-0f810188c7b3@group-A538022C1006-LeaderElection31] INFO  server.RaftServerConfigKeys (ConfUtils.java:logGet(46)) - raft.server.log.appender.buffer.element-limit = 1 (custom)
2024-02-22 20:33:46,298 [e780b093-7242-46d7-bd8f-0f810188c7b3@group-83D984655C73-LeaderElection34] INFO  server.RaftServerConfigKeys (ConfUtils.java:logGet(46)) - raft.server.log.appender.install.snapshot.enabled = false (custom)
2024-02-22 20:33:46,299 [e780b093-7242-46d7-bd8f-0f810188c7b3@group-83D984655C73-LeaderElection34] INFO  grpc.GrpcConfigKeys (ConfUtils.java:logGet(46)) - raft.grpc.server.heartbeat.channel = true (default)
2024-02-22 20:33:46,299 [e780b093-7242-46d7-bd8f-0f810188c7b3@group-83D984655C73-LeaderElection34] INFO  impl.RoleInfo (RoleInfo.java:updateAndGet(139)) - e780b093-7242-46d7-bd8f-0f810188c7b3: start e780b093-7242-46d7-bd8f-0f810188c7b3@group-83D984655C73-LeaderStateImpl
2024-02-22 20:33:46,299 [e780b093-7242-46d7-bd8f-0f810188c7b3@group-83D984655C73-LeaderElection34] INFO  server.RaftServer$Division (RaftServerImpl.java:setFirstElection(574)) - e780b093-7242-46d7-bd8f-0f810188c7b3@group-83D984655C73: set firstElectionSinceStartup to false for becomeLeader
2024-02-22 20:33:46,299 [e780b093-7242-46d7-bd8f-0f810188c7b3@group-83D984655C73-LeaderElection34] INFO  ratis.XceiverServerRatis (XceiverServerRatis.java:handleLeaderChangedNotification(966)) - Leader change notification received for group: group-83D984655C73 with new leaderId: e780b093-7242-46d7-bd8f-0f810188c7b3
2024-02-22 20:33:46,300 [4e8f68d6-fd98-4f77-87e3-715939181693@group-8820B9A2DC65-LeaderElection36] INFO  server.RaftServerConfigKeys (ConfUtils.java:logFallback(53)) - raft.server.rpc.first-election.timeout.min = 5s (fallback to raft.server.rpc.timeout.min)
2024-02-22 20:33:46,300 [13f92446-3b18-4d81-bc66-0f9b00220e72@group-C4BFF782AB50-LeaderElection35] INFO  impl.LeaderElection (LeaderElection.java:logAndReturn(89)) - 13f92446-3b18-4d81-bc66-0f9b00220e72@group-C4BFF782AB50-LeaderElection35: PRE_VOTE DISCOVERED_A_NEW_TERM (term=1) received 2 response(s) and 0 exception(s):
2024-02-22 20:33:46,300 [13f92446-3b18-4d81-bc66-0f9b00220e72@group-C4BFF782AB50-LeaderElection35] INFO  impl.LeaderElection (LeaderElection.java:logAndReturn(93)) -   Response 0: 13f92446-3b18-4d81-bc66-0f9b00220e72<-78f89d9b-e409-4704-890b-bfcfbcdfd28a#0:OK-t0
2024-02-22 20:33:46,300 [13f92446-3b18-4d81-bc66-0f9b00220e72@group-C4BFF782AB50-LeaderElection35] INFO  impl.LeaderElection (LeaderElection.java:logAndReturn(93)) -   Response 1: 13f92446-3b18-4d81-bc66-0f9b00220e72<-c30fedce-f286-40e0-881d-3d5a9a6e2463#0:FAIL-t1
2024-02-22 20:33:46,300 [13f92446-3b18-4d81-bc66-0f9b00220e72@group-C4BFF782AB50-LeaderElection35] INFO  impl.LeaderElection (LeaderElection.java:askForVotes(323)) - 13f92446-3b18-4d81-bc66-0f9b00220e72@group-C4BFF782AB50-LeaderElection35 PRE_VOTE round 0: result DISCOVERED_A_NEW_TERM (term=1)
2024-02-22 20:33:46,301 [e780b093-7242-46d7-bd8f-0f810188c7b3@group-A538022C1006-LeaderElection31] INFO  server.RaftServerConfigKeys (ConfUtils.java:logGet(46)) - raft.server.log.appender.wait-time.min = 0μs (custom)
2024-02-22 20:33:46,301 [e780b093-7242-46d7-bd8f-0f810188c7b3@group-A538022C1006-LeaderElection31] INFO  grpc.GrpcConfigKeys (ConfUtils.java:logGet(46)) - raft.grpc.server.leader.outstanding.appends.max = 8 (default)
2024-02-22 20:33:46,301 [e780b093-7242-46d7-bd8f-0f810188c7b3@group-A538022C1006-LeaderElection31] INFO  server.RaftServerConfigKeys (ConfUtils.java:logGet(46)) - raft.server.rpc.request.timeout = 60s (custom)
2024-02-22 20:33:46,301 [e780b093-7242-46d7-bd8f-0f810188c7b3@group-A538022C1006-LeaderElection31] INFO  grpc.GrpcConfigKeys (ConfUtils.java:logGet(46)) - raft.grpc.server.install_snapshot.request.element-limit = 8 (default)
2024-02-22 20:33:46,301 [e780b093-7242-46d7-bd8f-0f810188c7b3@group-A538022C1006-LeaderElection31] INFO  grpc.GrpcConfigKeys (ConfUtils.java:logGet(46)) - raft.grpc.server.install_snapshot.request.timeout = 3000ms (default)
2024-02-22 20:33:46,301 [e780b093-7242-46d7-bd8f-0f810188c7b3@group-A538022C1006-LeaderElection31] INFO  grpc.GrpcConfigKeys (ConfUtils.java:logGet(46)) - raft.grpc.server.log-message.batch.duration = 5s (default)
2024-02-22 20:33:46,301 [e780b093-7242-46d7-bd8f-0f810188c7b3@group-A538022C1006-LeaderElection31] INFO  server.RaftServerConfigKeys (ConfUtils.java:logGet(46)) - raft.server.log.appender.install.snapshot.enabled = false (custom)
2024-02-22 20:33:46,301 [e780b093-7242-46d7-bd8f-0f810188c7b3@group-A538022C1006-LeaderElection31] INFO  grpc.GrpcConfigKeys (ConfUtils.java:logGet(46)) - raft.grpc.server.heartbeat.channel = true (default)
2024-02-22 20:33:46,302 [e780b093-7242-46d7-bd8f-0f810188c7b3@group-A538022C1006-LeaderElection31] INFO  impl.RoleInfo (RoleInfo.java:updateAndGet(139)) - e780b093-7242-46d7-bd8f-0f810188c7b3: start e780b093-7242-46d7-bd8f-0f810188c7b3@group-A538022C1006-LeaderStateImpl
2024-02-22 20:33:46,302 [e780b093-7242-46d7-bd8f-0f810188c7b3@group-A538022C1006-LeaderElection31] INFO  server.RaftServer$Division (RaftServerImpl.java:setFirstElection(574)) - e780b093-7242-46d7-bd8f-0f810188c7b3@group-A538022C1006: set firstElectionSinceStartup to false for becomeLeader
2024-02-22 20:33:46,302 [e780b093-7242-46d7-bd8f-0f810188c7b3@group-A538022C1006-LeaderElection31] INFO  ratis.XceiverServerRatis (XceiverServerRatis.java:handleLeaderChangedNotification(966)) - Leader change notification received for group: group-A538022C1006 with new leaderId: e780b093-7242-46d7-bd8f-0f810188c7b3
2024-02-22 20:33:46,302 [e780b093-7242-46d7-bd8f-0f810188c7b3@group-A538022C1006-LeaderElection31] INFO  server.RaftServer$Division (ServerState.java:setLeader(269)) - e780b093-7242-46d7-bd8f-0f810188c7b3@group-A538022C1006: change Leader from null to e780b093-7242-46d7-bd8f-0f810188c7b3 at term 1 for becomeLeader, leader elected after 5434ms
2024-02-22 20:33:46,302 [e780b093-7242-46d7-bd8f-0f810188c7b3@group-A538022C1006-LeaderElection31] INFO  segmented.SegmentedRaftLogWorker (SegmentedRaftLogWorker.java:startLogSegment(430)) - e780b093-7242-46d7-bd8f-0f810188c7b3@group-A538022C1006-SegmentedRaftLogWorker: Starting segment from index:0
2024-02-22 20:33:46,303 [e780b093-7242-46d7-bd8f-0f810188c7b3@group-A538022C1006-LeaderElection31] INFO  server.RaftServer$Division (ServerState.java:setRaftConf(386)) - e780b093-7242-46d7-bd8f-0f810188c7b3@group-A538022C1006: set configuration 0: peers:[923be64f-71f4-4891-b05d-82ff5a9df5b5|10.1.0.33:15023, e46a6e51-795f-4801-a523-c45a6c7f2c34|10.1.0.33:15014, e780b093-7242-46d7-bd8f-0f810188c7b3|10.1.0.33:15095]|listeners:[], old=null
2024-02-22 20:33:46,303 [dc26353c-d48a-467d-89cd-3a7c4b626396@group-BDBAD3AB70B4-StateMachineUpdater] INFO  server.RaftServer$Division (LeaderStateImpl.java:isApplied(320)) - leader is ready since appliedIndex == 0 >= startIndex == 0
2024-02-22 20:33:46,304 [e780b093-7242-46d7-bd8f-0f810188c7b3@group-A538022C1006-SegmentedRaftLogWorker] INFO  segmented.BufferedWriteChannel (BufferedWriteChannel.java:open(62)) - open log_inprogress_0 at position 0
2024-02-22 20:33:46,310 [4e8f68d6-fd98-4f77-87e3-715939181693@group-8820B9A2DC65-LeaderElection36] INFO  server.RaftServerConfigKeys (ConfUtils.java:logFallback(53)) - raft.server.rpc.first-election.timeout.max = 5200ms (fallback to raft.server.rpc.timeout.max)
2024-02-22 20:33:46,310 [c30fedce-f286-40e0-881d-3d5a9a6e2463@group-C4BFF782AB50-LeaderElection32] INFO  server.RaftServerConfigKeys (ConfUtils.java:logGet(46)) - raft.server.write.byte-limit = 1024 M (=1073741824) (custom)
2024-02-22 20:33:46,310 [c30fedce-f286-40e0-881d-3d5a9a6e2463@group-C4BFF782AB50-LeaderElection32] INFO  server.RaftServerConfigKeys (ConfUtils.java:logGet(46)) - raft.server.watch.timeout = 180s (custom)
2024-02-22 20:33:46,310 [c30fedce-f286-40e0-881d-3d5a9a6e2463@group-C4BFF782AB50-LeaderElection32] INFO  server.RaftServerConfigKeys (ConfUtils.java:logGet(46)) - raft.server.watch.timeout.denomination = 1s (default)
2024-02-22 20:33:46,310 [c30fedce-f286-40e0-881d-3d5a9a6e2463@group-C4BFF782AB50-LeaderElection32] INFO  server.RaftServerConfigKeys (ConfUtils.java:logGet(46)) - raft.server.watch.element-limit = 65536 (default)
2024-02-22 20:33:46,310 [c30fedce-f286-40e0-881d-3d5a9a6e2463@group-C4BFF782AB50-LeaderElection32] INFO  server.RaftServerConfigKeys (ConfUtils.java:logGet(46)) - raft.server.read.leader.lease.enabled = false (default)
2024-02-22 20:33:46,311 [c30fedce-f286-40e0-881d-3d5a9a6e2463@group-C4BFF782AB50-LeaderElection32] INFO  server.RaftServerConfigKeys (ConfUtils.java:logGet(46)) - raft.server.read.leader.lease.timeout.ratio = 0.9 (default)
2024-02-22 20:33:46,311 [c30fedce-f286-40e0-881d-3d5a9a6e2463@group-C4BFF782AB50-LeaderElection32] INFO  server.RaftServerConfigKeys (ConfUtils.java:logGet(46)) - raft.server.rpc.timeout.min = 5s (custom)
2024-02-22 20:33:46,311 [c30fedce-f286-40e0-881d-3d5a9a6e2463@group-C4BFF782AB50-LeaderElection32] INFO  server.RaftServerConfigKeys (ConfUtils.java:logGet(46)) - raft.server.write.element-limit = 1024 (custom)
2024-02-22 20:33:46,311 [c30fedce-f286-40e0-881d-3d5a9a6e2463@group-C4BFF782AB50-LeaderElection32] INFO  server.RaftServerConfigKeys (ConfUtils.java:logGet(46)) - raft.server.write.follower.gap.ratio.max = -1.0 (default)
2024-02-22 20:33:46,311 [c30fedce-f286-40e0-881d-3d5a9a6e2463@group-C4BFF782AB50-LeaderElection32] INFO  server.RaftServerConfigKeys (ConfUtils.java:logGet(46)) - raft.server.log.appender.snapshot.chunk.size.max = 16MB (=16777216) (default)
2024-02-22 20:33:46,311 [c30fedce-f286-40e0-881d-3d5a9a6e2463@group-C4BFF782AB50-LeaderElection32] INFO  server.RaftServerConfigKeys (ConfUtils.java:logGet(46)) - raft.server.log.appender.buffer.byte-limit = 8388608 (custom)
2024-02-22 20:33:46,311 [c30fedce-f286-40e0-881d-3d5a9a6e2463@group-C4BFF782AB50-LeaderElection32] INFO  server.RaftServerConfigKeys (ConfUtils.java:logGet(46)) - raft.server.log.appender.buffer.element-limit = 1 (custom)
2024-02-22 20:33:46,314 [e780b093-7242-46d7-bd8f-0f810188c7b3@group-A538022C1006-SegmentedRaftLogWorker] INFO  segmented.SegmentedRaftLogWorker (SegmentedRaftLogWorker.java:execute(634)) - e780b093-7242-46d7-bd8f-0f810188c7b3@group-A538022C1006-SegmentedRaftLogWorker: created new log segment /home/runner/work/ozone/ozone/hadoop-ozone/integration-test/target/test-dir/MiniOzoneClusterImpl-a0fc024b-a492-45a5-9697-b0d14f72cb5c/datanode-9/data/ratis/b7ad60d3-b3bb-4da3-89ae-a538022c1006/current/log_inprogress_0
2024-02-22 20:33:46,315 [c30fedce-f286-40e0-881d-3d5a9a6e2463@group-C4BFF782AB50-LeaderElection32] INFO  server.RaftServerConfigKeys (ConfUtils.java:logGet(46)) - raft.server.log.appender.wait-time.min = 0μs (custom)
2024-02-22 20:33:46,315 [c30fedce-f286-40e0-881d-3d5a9a6e2463@group-C4BFF782AB50-LeaderElection32] INFO  grpc.GrpcConfigKeys (ConfUtils.java:logGet(46)) - raft.grpc.server.leader.outstanding.appends.max = 8 (default)
2024-02-22 20:33:46,315 [c30fedce-f286-40e0-881d-3d5a9a6e2463@group-C4BFF782AB50-LeaderElection32] INFO  server.RaftServerConfigKeys (ConfUtils.java:logGet(46)) - raft.server.rpc.request.timeout = 60s (custom)
2024-02-22 20:33:46,315 [c30fedce-f286-40e0-881d-3d5a9a6e2463@group-C4BFF782AB50-LeaderElection32] INFO  grpc.GrpcConfigKeys (ConfUtils.java:logGet(46)) - raft.grpc.server.install_snapshot.request.element-limit = 8 (default)
2024-02-22 20:33:46,315 [c30fedce-f286-40e0-881d-3d5a9a6e2463@group-C4BFF782AB50-LeaderElection32] INFO  grpc.GrpcConfigKeys (ConfUtils.java:logGet(46)) - raft.grpc.server.install_snapshot.request.timeout = 3000ms (default)
2024-02-22 20:33:46,315 [c30fedce-f286-40e0-881d-3d5a9a6e2463@group-C4BFF782AB50-LeaderElection32] INFO  grpc.GrpcConfigKeys (ConfUtils.java:logGet(46)) - raft.grpc.server.log-message.batch.duration = 5s (default)
2024-02-22 20:33:46,315 [c30fedce-f286-40e0-881d-3d5a9a6e2463@group-C4BFF782AB50-LeaderElection32] INFO  server.RaftServerConfigKeys (ConfUtils.java:logGet(46)) - raft.server.log.appender.install.snapshot.enabled = false (custom)
2024-02-22 20:33:46,315 [c30fedce-f286-40e0-881d-3d5a9a6e2463@group-C4BFF782AB50-LeaderElection32] INFO  grpc.GrpcConfigKeys (ConfUtils.java:logGet(46)) - raft.grpc.server.heartbeat.channel = true (default)
2024-02-22 20:33:46,315 [e780b093-7242-46d7-bd8f-0f810188c7b3@group-83D984655C73-LeaderElection34] INFO  server.RaftServer$Division (ServerState.java:setLeader(269)) - e780b093-7242-46d7-bd8f-0f810188c7b3@group-83D984655C73: change Leader from null to e780b093-7242-46d7-bd8f-0f810188c7b3 at term 1 for becomeLeader, leader elected after 5411ms
2024-02-22 20:33:46,315 [e780b093-7242-46d7-bd8f-0f810188c7b3@group-83D984655C73-LeaderElection34] INFO  segmented.SegmentedRaftLogWorker (SegmentedRaftLogWorker.java:startLogSegment(430)) - e780b093-7242-46d7-bd8f-0f810188c7b3@group-83D984655C73-SegmentedRaftLogWorker: Starting segment from index:0
2024-02-22 20:33:46,316 [e780b093-7242-46d7-bd8f-0f810188c7b3@group-83D984655C73-LeaderElection34] INFO  server.RaftServer$Division (ServerState.java:setRaftConf(386)) - e780b093-7242-46d7-bd8f-0f810188c7b3@group-83D984655C73: set configuration 0: peers:[86ab988c-fa9c-425d-a1c6-9004ff7fd93d|10.1.0.33:15059, e46a6e51-795f-4801-a523-c45a6c7f2c34|10.1.0.33:15014, e780b093-7242-46d7-bd8f-0f810188c7b3|10.1.0.33:15095]|listeners:[], old=null
2024-02-22 20:33:46,320 [grpc-default-executor-3] INFO  server.RaftServer$Division (RaftServerImpl.java:requestVote(1389)) - 78f89d9b-e409-4704-890b-bfcfbcdfd28a@group-9D5BCF0FDB08: receive requestVote(ELECTION, 4e8f68d6-fd98-4f77-87e3-715939181693, group-9D5BCF0FDB08, 1, (t:0, i:0))
2024-02-22 20:33:46,320 [grpc-default-executor-3] INFO  impl.VoteContext (VoteContext.java:log(49)) - 78f89d9b-e409-4704-890b-bfcfbcdfd28a@group-9D5BCF0FDB08-FOLLOWER: accept ELECTION from 4e8f68d6-fd98-4f77-87e3-715939181693: our priority 0 <= candidate's priority 1
2024-02-22 20:33:46,320 [grpc-default-executor-3] INFO  server.RaftServer$Division (RaftServerImpl.java:setRole(383)) - 78f89d9b-e409-4704-890b-bfcfbcdfd28a@group-9D5BCF0FDB08: changes role from  FOLLOWER to FOLLOWER at term 1 for candidate:4e8f68d6-fd98-4f77-87e3-715939181693
2024-02-22 20:33:46,320 [grpc-default-executor-3] INFO  impl.RoleInfo (RoleInfo.java:shutdownFollowerState(110)) - 78f89d9b-e409-4704-890b-bfcfbcdfd28a: shutdown 78f89d9b-e409-4704-890b-bfcfbcdfd28a@group-9D5BCF0FDB08-FollowerState
2024-02-22 20:33:46,320 [grpc-default-executor-3] INFO  impl.RoleInfo (RoleInfo.java:updateAndGet(139)) - 78f89d9b-e409-4704-890b-bfcfbcdfd28a: start 78f89d9b-e409-4704-890b-bfcfbcdfd28a@group-9D5BCF0FDB08-FollowerState
2024-02-22 20:33:46,320 [78f89d9b-e409-4704-890b-bfcfbcdfd28a@group-9D5BCF0FDB08-FollowerState] INFO  impl.FollowerState (FollowerState.java:run(152)) - 78f89d9b-e409-4704-890b-bfcfbcdfd28a@group-9D5BCF0FDB08-FollowerState was interrupted
2024-02-22 20:33:46,320 [grpc-default-executor-3] INFO  server.RaftServer$Division (RaftServerImpl.java:setFirstElection(574)) - 78f89d9b-e409-4704-890b-bfcfbcdfd28a@group-9D5BCF0FDB08: set firstElectionSinceStartup to false for candidate:4e8f68d6-fd98-4f77-87e3-715939181693
2024-02-22 20:33:46,320 [grpc-default-executor-7] INFO  server.RaftServer$Division (RaftServerImpl.java:requestVote(1389)) - d25dc3b0-28fc-4383-b1a0-617845025f41@group-9D5BCF0FDB08: receive requestVote(ELECTION, 4e8f68d6-fd98-4f77-87e3-715939181693, group-9D5BCF0FDB08, 1, (t:0, i:0))
2024-02-22 20:33:46,325 [grpc-default-executor-7] INFO  impl.VoteContext (VoteContext.java:log(49)) - d25dc3b0-28fc-4383-b1a0-617845025f41@group-9D5BCF0FDB08-FOLLOWER: accept ELECTION from 4e8f68d6-fd98-4f77-87e3-715939181693: our priority 0 <= candidate's priority 1
2024-02-22 20:33:46,325 [grpc-default-executor-7] INFO  server.RaftServer$Division (RaftServerImpl.java:setRole(383)) - d25dc3b0-28fc-4383-b1a0-617845025f41@group-9D5BCF0FDB08: changes role from  FOLLOWER to FOLLOWER at term 1 for candidate:4e8f68d6-fd98-4f77-87e3-715939181693
2024-02-22 20:33:46,325 [grpc-default-executor-7] INFO  impl.RoleInfo (RoleInfo.java:shutdownFollowerState(110)) - d25dc3b0-28fc-4383-b1a0-617845025f41: shutdown d25dc3b0-28fc-4383-b1a0-617845025f41@group-9D5BCF0FDB08-FollowerState
2024-02-22 20:33:46,324 [grpc-default-executor-3] INFO  server.RaftServer$Division (RaftServerImpl.java:requestVote(1422)) - 78f89d9b-e409-4704-890b-bfcfbcdfd28a@group-9D5BCF0FDB08 replies to ELECTION vote request: 4e8f68d6-fd98-4f77-87e3-715939181693<-78f89d9b-e409-4704-890b-bfcfbcdfd28a#0:OK-t1. Peer's state: 78f89d9b-e409-4704-890b-bfcfbcdfd28a@group-9D5BCF0FDB08:t1, leader=null, voted=4e8f68d6-fd98-4f77-87e3-715939181693, raftlog=Memoized:78f89d9b-e409-4704-890b-bfcfbcdfd28a@group-9D5BCF0FDB08-SegmentedRaftLog:OPENED:c-1, conf=-1: peers:[78f89d9b-e409-4704-890b-bfcfbcdfd28a|10.1.0.33:15086, d25dc3b0-28fc-4383-b1a0-617845025f41|10.1.0.33:15032, 4e8f68d6-fd98-4f77-87e3-715939181693|10.1.0.33:15041]|listeners:[], old=null
2024-02-22 20:33:46,325 [grpc-default-executor-7] INFO  impl.RoleInfo (RoleInfo.java:updateAndGet(139)) - d25dc3b0-28fc-4383-b1a0-617845025f41: start d25dc3b0-28fc-4383-b1a0-617845025f41@group-9D5BCF0FDB08-FollowerState
2024-02-22 20:33:46,325 [grpc-default-executor-1] INFO  server.RaftServer$Division (RaftServerImpl.java:requestVote(1389)) - 78f89d9b-e409-4704-890b-bfcfbcdfd28a@group-8820B9A2DC65: receive requestVote(PRE_VOTE, 4e8f68d6-fd98-4f77-87e3-715939181693, group-8820B9A2DC65, 0, (t:0, i:0))
2024-02-22 20:33:46,326 [grpc-default-executor-1] INFO  impl.VoteContext (VoteContext.java:log(49)) - 78f89d9b-e409-4704-890b-bfcfbcdfd28a@group-8820B9A2DC65-FOLLOWER: accept PRE_VOTE from 4e8f68d6-fd98-4f77-87e3-715939181693: our priority 0 <= candidate's priority 0
2024-02-22 20:33:46,326 [grpc-default-executor-1] INFO  server.RaftServer$Division (RaftServerImpl.java:requestVote(1422)) - 78f89d9b-e409-4704-890b-bfcfbcdfd28a@group-8820B9A2DC65 replies to PRE_VOTE vote request: 4e8f68d6-fd98-4f77-87e3-715939181693<-78f89d9b-e409-4704-890b-bfcfbcdfd28a#0:OK-t0. Peer's state: 78f89d9b-e409-4704-890b-bfcfbcdfd28a@group-8820B9A2DC65:t0, leader=null, voted=, raftlog=Memoized:78f89d9b-e409-4704-890b-bfcfbcdfd28a@group-8820B9A2DC65-SegmentedRaftLog:OPENED:c-1, conf=-1: peers:[78f89d9b-e409-4704-890b-bfcfbcdfd28a|10.1.0.33:15086, d25dc3b0-28fc-4383-b1a0-617845025f41|10.1.0.33:15032, 4e8f68d6-fd98-4f77-87e3-715939181693|10.1.0.33:15041]|listeners:[], old=null
2024-02-22 20:33:46,325 [d25dc3b0-28fc-4383-b1a0-617845025f41@group-9D5BCF0FDB08-FollowerState] INFO  impl.FollowerState (FollowerState.java:run(152)) - d25dc3b0-28fc-4383-b1a0-617845025f41@group-9D5BCF0FDB08-FollowerState was interrupted
2024-02-22 20:33:46,326 [grpc-default-executor-6] INFO  server.RaftServer$Division (RaftServerImpl.java:requestVote(1389)) - d25dc3b0-28fc-4383-b1a0-617845025f41@group-8820B9A2DC65: receive requestVote(PRE_VOTE, 4e8f68d6-fd98-4f77-87e3-715939181693, group-8820B9A2DC65, 0, (t:0, i:0))
2024-02-22 20:33:46,326 [grpc-default-executor-6] INFO  impl.VoteContext (VoteContext.java:log(49)) - d25dc3b0-28fc-4383-b1a0-617845025f41@group-8820B9A2DC65-FOLLOWER: reject PRE_VOTE from 4e8f68d6-fd98-4f77-87e3-715939181693: our priority 1 > candidate's priority 0
2024-02-22 20:33:46,326 [grpc-default-executor-6] INFO  server.RaftServer$Division (RaftServerImpl.java:requestVote(1422)) - d25dc3b0-28fc-4383-b1a0-617845025f41@group-8820B9A2DC65 replies to PRE_VOTE vote request: 4e8f68d6-fd98-4f77-87e3-715939181693<-d25dc3b0-28fc-4383-b1a0-617845025f41#0:FAIL-t0. Peer's state: d25dc3b0-28fc-4383-b1a0-617845025f41@group-8820B9A2DC65:t0, leader=null, voted=, raftlog=Memoized:d25dc3b0-28fc-4383-b1a0-617845025f41@group-8820B9A2DC65-SegmentedRaftLog:OPENED:c-1, conf=-1: peers:[78f89d9b-e409-4704-890b-bfcfbcdfd28a|10.1.0.33:15086, d25dc3b0-28fc-4383-b1a0-617845025f41|10.1.0.33:15032, 4e8f68d6-fd98-4f77-87e3-715939181693|10.1.0.33:15041]|listeners:[], old=null
2024-02-22 20:33:46,330 [grpc-default-executor-7] INFO  server.RaftServer$Division (RaftServerImpl.java:requestVote(1422)) - d25dc3b0-28fc-4383-b1a0-617845025f41@group-9D5BCF0FDB08 replies to ELECTION vote request: 4e8f68d6-fd98-4f77-87e3-715939181693<-d25dc3b0-28fc-4383-b1a0-617845025f41#0:OK-t1. Peer's state: d25dc3b0-28fc-4383-b1a0-617845025f41@group-9D5BCF0FDB08:t1, leader=null, voted=4e8f68d6-fd98-4f77-87e3-715939181693, raftlog=Memoized:d25dc3b0-28fc-4383-b1a0-617845025f41@group-9D5BCF0FDB08-SegmentedRaftLog:OPENED:c-1, conf=-1: peers:[78f89d9b-e409-4704-890b-bfcfbcdfd28a|10.1.0.33:15086, d25dc3b0-28fc-4383-b1a0-617845025f41|10.1.0.33:15032, 4e8f68d6-fd98-4f77-87e3-715939181693|10.1.0.33:15041]|listeners:[], old=null
2024-02-22 20:33:46,332 [86ab988c-fa9c-425d-a1c6-9004ff7fd93d@group-1944BBB8D763-FollowerState] INFO  impl.FollowerState (FollowerState.java:run(143)) - 86ab988c-fa9c-425d-a1c6-9004ff7fd93d@group-1944BBB8D763-FollowerState: change to CANDIDATE, lastRpcElapsedTime:5035730491ns, electionTimeout:5026ms
2024-02-22 20:33:46,332 [86ab988c-fa9c-425d-a1c6-9004ff7fd93d@group-1944BBB8D763-FollowerState] INFO  impl.RoleInfo (RoleInfo.java:shutdownFollowerState(110)) - 86ab988c-fa9c-425d-a1c6-9004ff7fd93d: shutdown 86ab988c-fa9c-425d-a1c6-9004ff7fd93d@group-1944BBB8D763-FollowerState
2024-02-22 20:33:46,332 [86ab988c-fa9c-425d-a1c6-9004ff7fd93d@group-1944BBB8D763-FollowerState] INFO  server.RaftServer$Division (RaftServerImpl.java:setRole(383)) - 86ab988c-fa9c-425d-a1c6-9004ff7fd93d@group-1944BBB8D763: changes role from  FOLLOWER to CANDIDATE at term 0 for changeToCandidate
2024-02-22 20:33:46,332 [86ab988c-fa9c-425d-a1c6-9004ff7fd93d@group-1944BBB8D763-FollowerState] INFO  server.RaftServerConfigKeys (ConfUtils.java:logGet(46)) - raft.server.leaderelection.pre-vote = true (default)
2024-02-22 20:33:46,332 [86ab988c-fa9c-425d-a1c6-9004ff7fd93d@group-1944BBB8D763-FollowerState] INFO  impl.RoleInfo (RoleInfo.java:updateAndGet(139)) - 86ab988c-fa9c-425d-a1c6-9004ff7fd93d: start 86ab988c-fa9c-425d-a1c6-9004ff7fd93d@group-1944BBB8D763-LeaderElection37
2024-02-22 20:33:46,335 [86ab988c-fa9c-425d-a1c6-9004ff7fd93d@group-1944BBB8D763-LeaderElection37] INFO  impl.LeaderElection (LeaderElection.java:askForVotes(321)) - 86ab988c-fa9c-425d-a1c6-9004ff7fd93d@group-1944BBB8D763-LeaderElection37 PRE_VOTE round 0: submit vote requests at term 0 for -1: peers:[86ab988c-fa9c-425d-a1c6-9004ff7fd93d|10.1.0.33:15059, e46a6e51-795f-4801-a523-c45a6c7f2c34|10.1.0.33:15014, e780b093-7242-46d7-bd8f-0f810188c7b3|10.1.0.33:15095]|listeners:[], old=null
2024-02-22 20:33:46,335 [e780b093-7242-46d7-bd8f-0f810188c7b3@group-83D984655C73-SegmentedRaftLogWorker] INFO  segmented.BufferedWriteChannel (BufferedWriteChannel.java:open(62)) - open log_inprogress_0 at position 0
2024-02-22 20:33:46,337 [d25dc3b0-28fc-4383-b1a0-617845025f41@group-8820B9A2DC65-FollowerState] INFO  impl.FollowerState (FollowerState.java:run(143)) - d25dc3b0-28fc-4383-b1a0-617845025f41@group-8820B9A2DC65-FollowerState: change to CANDIDATE, lastRpcElapsedTime:5052544686ns, electionTimeout:5048ms
2024-02-22 20:33:46,337 [d25dc3b0-28fc-4383-b1a0-617845025f41@group-8820B9A2DC65-FollowerState] INFO  impl.RoleInfo (RoleInfo.java:shutdownFollowerState(110)) - d25dc3b0-28fc-4383-b1a0-617845025f41: shutdown d25dc3b0-28fc-4383-b1a0-617845025f41@group-8820B9A2DC65-FollowerState
2024-02-22 20:33:46,337 [d25dc3b0-28fc-4383-b1a0-617845025f41@group-8820B9A2DC65-FollowerState] INFO  server.RaftServer$Division (RaftServerImpl.java:setRole(383)) - d25dc3b0-28fc-4383-b1a0-617845025f41@group-8820B9A2DC65: changes role from  FOLLOWER to CANDIDATE at term 0 for changeToCandidate
2024-02-22 20:33:46,339 [c30fedce-f286-40e0-881d-3d5a9a6e2463@group-C4BFF782AB50-LeaderElection32] INFO  server.RaftServerConfigKeys (ConfUtils.java:logGet(46)) - raft.server.log.appender.snapshot.chunk.size.max = 16MB (=16777216) (default)
2024-02-22 20:33:46,339 [c30fedce-f286-40e0-881d-3d5a9a6e2463@group-C4BFF782AB50-LeaderElection32] INFO  server.RaftServerConfigKeys (ConfUtils.java:logGet(46)) - raft.server.log.appender.buffer.byte-limit = 8388608 (custom)
2024-02-22 20:33:46,339 [c30fedce-f286-40e0-881d-3d5a9a6e2463@group-C4BFF782AB50-LeaderElection32] INFO  server.RaftServerConfigKeys (ConfUtils.java:logGet(46)) - raft.server.log.appender.buffer.element-limit = 1 (custom)
2024-02-22 20:33:46,339 [c30fedce-f286-40e0-881d-3d5a9a6e2463@group-C4BFF782AB50-LeaderElection32] INFO  server.RaftServerConfigKeys (ConfUtils.java:logGet(46)) - raft.server.log.appender.wait-time.min = 0μs (custom)
2024-02-22 20:33:46,339 [c30fedce-f286-40e0-881d-3d5a9a6e2463@group-C4BFF782AB50-LeaderElection32] INFO  grpc.GrpcConfigKeys (ConfUtils.java:logGet(46)) - raft.grpc.server.leader.outstanding.appends.max = 8 (default)
2024-02-22 20:33:46,345 [c30fedce-f286-40e0-881d-3d5a9a6e2463@group-C4BFF782AB50-LeaderElection32] INFO  server.RaftServerConfigKeys (ConfUtils.java:logGet(46)) - raft.server.rpc.request.timeout = 60s (custom)
2024-02-22 20:33:46,345 [c30fedce-f286-40e0-881d-3d5a9a6e2463@group-C4BFF782AB50-LeaderElection32] INFO  grpc.GrpcConfigKeys (ConfUtils.java:logGet(46)) - raft.grpc.server.install_snapshot.request.element-limit = 8 (default)
2024-02-22 20:33:46,345 [c30fedce-f286-40e0-881d-3d5a9a6e2463@group-C4BFF782AB50-LeaderElection32] INFO  grpc.GrpcConfigKeys (ConfUtils.java:logGet(46)) - raft.grpc.server.install_snapshot.request.timeout = 3000ms (default)
2024-02-22 20:33:46,345 [c30fedce-f286-40e0-881d-3d5a9a6e2463@group-C4BFF782AB50-LeaderElection32] INFO  grpc.GrpcConfigKeys (ConfUtils.java:logGet(46)) - raft.grpc.server.log-message.batch.duration = 5s (default)
2024-02-22 20:33:46,345 [c30fedce-f286-40e0-881d-3d5a9a6e2463@group-C4BFF782AB50-LeaderElection32] INFO  server.RaftServerConfigKeys (ConfUtils.java:logGet(46)) - raft.server.log.appender.install.snapshot.enabled = false (custom)
2024-02-22 20:33:46,345 [c30fedce-f286-40e0-881d-3d5a9a6e2463@group-C4BFF782AB50-LeaderElection32] INFO  grpc.GrpcConfigKeys (ConfUtils.java:logGet(46)) - raft.grpc.server.heartbeat.channel = true (default)
2024-02-22 20:33:46,346 [c30fedce-f286-40e0-881d-3d5a9a6e2463@group-C4BFF782AB50-LeaderElection32] INFO  impl.RoleInfo (RoleInfo.java:updateAndGet(139)) - c30fedce-f286-40e0-881d-3d5a9a6e2463: start c30fedce-f286-40e0-881d-3d5a9a6e2463@group-C4BFF782AB50-LeaderStateImpl
2024-02-22 20:33:46,346 [c30fedce-f286-40e0-881d-3d5a9a6e2463@group-C4BFF782AB50-LeaderElection32] INFO  server.RaftServer$Division (RaftServerImpl.java:setFirstElection(574)) - c30fedce-f286-40e0-881d-3d5a9a6e2463@group-C4BFF782AB50: set firstElectionSinceStartup to false for becomeLeader
2024-02-22 20:33:46,346 [c30fedce-f286-40e0-881d-3d5a9a6e2463@group-C4BFF782AB50-LeaderElection32] INFO  ratis.XceiverServerRatis (XceiverServerRatis.java:handleLeaderChangedNotification(966)) - Leader change notification received for group: group-C4BFF782AB50 with new leaderId: c30fedce-f286-40e0-881d-3d5a9a6e2463
2024-02-22 20:33:46,346 [c30fedce-f286-40e0-881d-3d5a9a6e2463@group-C4BFF782AB50-LeaderElection32] INFO  server.RaftServer$Division (ServerState.java:setLeader(269)) - c30fedce-f286-40e0-881d-3d5a9a6e2463@group-C4BFF782AB50: change Leader from null to c30fedce-f286-40e0-881d-3d5a9a6e2463 at term 1 for becomeLeader, leader elected after 5360ms
2024-02-22 20:33:46,346 [c30fedce-f286-40e0-881d-3d5a9a6e2463@group-C4BFF782AB50-LeaderElection32] INFO  segmented.SegmentedRaftLogWorker (SegmentedRaftLogWorker.java:startLogSegment(430)) - c30fedce-f286-40e0-881d-3d5a9a6e2463@group-C4BFF782AB50-SegmentedRaftLogWorker: Starting segment from index:0
2024-02-22 20:33:46,346 [c30fedce-f286-40e0-881d-3d5a9a6e2463@group-C4BFF782AB50-LeaderElection32] INFO  server.RaftServer$Division (ServerState.java:setRaftConf(386)) - c30fedce-f286-40e0-881d-3d5a9a6e2463@group-C4BFF782AB50: set configuration 0: peers:[78f89d9b-e409-4704-890b-bfcfbcdfd28a|10.1.0.33:15086, c30fedce-f286-40e0-881d-3d5a9a6e2463|10.1.0.33:15068, 13f92446-3b18-4d81-bc66-0f9b00220e72|10.1.0.33:15077]|listeners:[], old=null
2024-02-22 20:33:46,347 [c30fedce-f286-40e0-881d-3d5a9a6e2463@group-C4BFF782AB50-SegmentedRaftLogWorker] INFO  segmented.BufferedWriteChannel (BufferedWriteChannel.java:open(62)) - open log_inprogress_0 at position 0
2024-02-22 20:33:46,345 [4e8f68d6-fd98-4f77-87e3-715939181693@group-8820B9A2DC65-LeaderElection36] INFO  impl.LeaderElection (LeaderElection.java:logAndReturn(89)) - 4e8f68d6-fd98-4f77-87e3-715939181693@group-8820B9A2DC65-LeaderElection36: PRE_VOTE REJECTED received 1 response(s) and 0 exception(s):
2024-02-22 20:33:46,347 [4e8f68d6-fd98-4f77-87e3-715939181693@group-8820B9A2DC65-LeaderElection36] INFO  impl.LeaderElection (LeaderElection.java:logAndReturn(93)) -   Response 0: 4e8f68d6-fd98-4f77-87e3-715939181693<-d25dc3b0-28fc-4383-b1a0-617845025f41#0:FAIL-t0
2024-02-22 20:33:46,344 [4e8f68d6-fd98-4f77-87e3-715939181693@group-9D5BCF0FDB08-LeaderElection30] INFO  impl.LeaderElection (LeaderElection.java:logAndReturn(89)) - 4e8f68d6-fd98-4f77-87e3-715939181693@group-9D5BCF0FDB08-LeaderElection30: ELECTION PASSED received 1 response(s) and 0 exception(s):
2024-02-22 20:33:46,347 [4e8f68d6-fd98-4f77-87e3-715939181693@group-9D5BCF0FDB08-LeaderElection30] INFO  impl.LeaderElection (LeaderElection.java:logAndReturn(93)) -   Response 0: 4e8f68d6-fd98-4f77-87e3-715939181693<-78f89d9b-e409-4704-890b-bfcfbcdfd28a#0:OK-t1
2024-02-22 20:33:46,343 [923be64f-71f4-4891-b05d-82ff5a9df5b5-server-thread1] INFO  ratis.XceiverServerRatis (XceiverServerRatis.java:handleLeaderChangedNotification(966)) - Leader change notification received for group: group-A538022C1006 with new leaderId: e780b093-7242-46d7-bd8f-0f810188c7b3
2024-02-22 20:33:46,347 [923be64f-71f4-4891-b05d-82ff5a9df5b5-server-thread1] INFO  server.RaftServer$Division (ServerState.java:setLeader(269)) - 923be64f-71f4-4891-b05d-82ff5a9df5b5@group-A538022C1006: change Leader from null to e780b093-7242-46d7-bd8f-0f810188c7b3 at term 1 for appendEntries, leader elected after 5757ms
2024-02-22 20:33:46,343 [86ab988c-fa9c-425d-a1c6-9004ff7fd93d@group-1944BBB8D763-LeaderElection37-2] INFO  server.GrpcServerProtocolClient (GrpcServerProtocolClient.java:<init>(65)) - Build channel for e780b093-7242-46d7-bd8f-0f810188c7b3|10.1.0.33:15095
2024-02-22 20:33:46,343 [86ab988c-fa9c-425d-a1c6-9004ff7fd93d@group-1944BBB8D763-LeaderElection37] INFO  server.RaftServerConfigKeys (ConfUtils.java:logFallback(53)) - raft.server.rpc.first-election.timeout.min = 5s (fallback to raft.server.rpc.timeout.min)
2024-02-22 20:33:46,343 [86ab988c-fa9c-425d-a1c6-9004ff7fd93d@group-1944BBB8D763-LeaderElection37-1] INFO  server.GrpcServerProtocolClient (GrpcServerProtocolClient.java:<init>(65)) - Build channel for e46a6e51-795f-4801-a523-c45a6c7f2c34|10.1.0.33:15014
2024-02-22 20:33:46,339 [d25dc3b0-28fc-4383-b1a0-617845025f41@group-8820B9A2DC65-FollowerState] INFO  server.RaftServerConfigKeys (ConfUtils.java:logGet(46)) - raft.server.leaderelection.pre-vote = true (default)
2024-02-22 20:33:46,349 [d25dc3b0-28fc-4383-b1a0-617845025f41@group-8820B9A2DC65-FollowerState] INFO  impl.RoleInfo (RoleInfo.java:updateAndGet(139)) - d25dc3b0-28fc-4383-b1a0-617845025f41: start d25dc3b0-28fc-4383-b1a0-617845025f41@group-8820B9A2DC65-LeaderElection38
2024-02-22 20:33:46,349 [923be64f-71f4-4891-b05d-82ff5a9df5b5-server-thread2] INFO  server.RaftServer$Division (ServerState.java:setRaftConf(386)) - 923be64f-71f4-4891-b05d-82ff5a9df5b5@group-A538022C1006: set configuration 0: peers:[923be64f-71f4-4891-b05d-82ff5a9df5b5|10.1.0.33:15023, e46a6e51-795f-4801-a523-c45a6c7f2c34|10.1.0.33:15014, e780b093-7242-46d7-bd8f-0f810188c7b3|10.1.0.33:15095]|listeners:[], old=null
2024-02-22 20:33:46,349 [923be64f-71f4-4891-b05d-82ff5a9df5b5-server-thread2] INFO  segmented.SegmentedRaftLogWorker (SegmentedRaftLogWorker.java:startLogSegment(430)) - 923be64f-71f4-4891-b05d-82ff5a9df5b5@group-A538022C1006-SegmentedRaftLogWorker: Starting segment from index:0
2024-02-22 20:33:46,350 [86ab988c-fa9c-425d-a1c6-9004ff7fd93d@group-1944BBB8D763-LeaderElection37] INFO  server.RaftServerConfigKeys (ConfUtils.java:logFallback(53)) - raft.server.rpc.first-election.timeout.max = 5200ms (fallback to raft.server.rpc.timeout.max)
2024-02-22 20:33:46,350 [e780b093-7242-46d7-bd8f-0f810188c7b3@group-83D984655C73-SegmentedRaftLogWorker] INFO  segmented.SegmentedRaftLogWorker (SegmentedRaftLogWorker.java:execute(634)) - e780b093-7242-46d7-bd8f-0f810188c7b3@group-83D984655C73-SegmentedRaftLogWorker: created new log segment /home/runner/work/ozone/ozone/hadoop-ozone/integration-test/target/test-dir/MiniOzoneClusterImpl-a0fc024b-a492-45a5-9697-b0d14f72cb5c/datanode-9/data/ratis/0077ebc2-8b09-4842-8a13-83d984655c73/current/log_inprogress_0
2024-02-22 20:33:46,357 [c30fedce-f286-40e0-881d-3d5a9a6e2463@group-C4BFF782AB50-SegmentedRaftLogWorker] INFO  segmented.SegmentedRaftLogWorker (SegmentedRaftLogWorker.java:execute(634)) - c30fedce-f286-40e0-881d-3d5a9a6e2463@group-C4BFF782AB50-SegmentedRaftLogWorker: created new log segment /home/runner/work/ozone/ozone/hadoop-ozone/integration-test/target/test-dir/MiniOzoneClusterImpl-a0fc024b-a492-45a5-9697-b0d14f72cb5c/datanode-6/data/ratis/974fd487-4b0f-4554-8c0f-c4bff782ab50/current/log_inprogress_0
2024-02-22 20:33:46,363 [main] INFO  ozoneimpl.OzoneContainer (OzoneContainer.java:stop(481)) - Attempting to stop container services.
2024-02-22 20:33:46,368 [86ab988c-fa9c-425d-a1c6-9004ff7fd93d-server-thread2] INFO  ratis.XceiverServerRatis (XceiverServerRatis.java:handleLeaderChangedNotification(966)) - Leader change notification received for group: group-83D984655C73 with new leaderId: e780b093-7242-46d7-bd8f-0f810188c7b3
2024-02-22 20:33:46,368 [86ab988c-fa9c-425d-a1c6-9004ff7fd93d-server-thread2] INFO  server.RaftServer$Division (ServerState.java:setLeader(269)) - 86ab988c-fa9c-425d-a1c6-9004ff7fd93d@group-83D984655C73: change Leader from null to e780b093-7242-46d7-bd8f-0f810188c7b3 at term 1 for appendEntries, leader elected after 5670ms
2024-02-22 20:33:46,369 [86ab988c-fa9c-425d-a1c6-9004ff7fd93d-server-thread2] INFO  server.RaftServer$Division (ServerState.java:setRaftConf(386)) - 86ab988c-fa9c-425d-a1c6-9004ff7fd93d@group-83D984655C73: set configuration 0: peers:[86ab988c-fa9c-425d-a1c6-9004ff7fd93d|10.1.0.33:15059, e46a6e51-795f-4801-a523-c45a6c7f2c34|10.1.0.33:15014, e780b093-7242-46d7-bd8f-0f810188c7b3|10.1.0.33:15095]|listeners:[], old=null
2024-02-22 20:33:46,369 [86ab988c-fa9c-425d-a1c6-9004ff7fd93d-server-thread2] INFO  segmented.SegmentedRaftLogWorker (SegmentedRaftLogWorker.java:startLogSegment(430)) - 86ab988c-fa9c-425d-a1c6-9004ff7fd93d@group-83D984655C73-SegmentedRaftLogWorker: Starting segment from index:0
2024-02-22 20:33:46,370 [923be64f-71f4-4891-b05d-82ff5a9df5b5@group-A538022C1006-SegmentedRaftLogWorker] INFO  segmented.BufferedWriteChannel (BufferedWriteChannel.java:open(62)) - open log_inprogress_0 at position 0
2024-02-22 20:33:46,373 [d25dc3b0-28fc-4383-b1a0-617845025f41@group-8820B9A2DC65-LeaderElection38] INFO  impl.LeaderElection (LeaderElection.java:askForVotes(321)) - d25dc3b0-28fc-4383-b1a0-617845025f41@group-8820B9A2DC65-LeaderElection38 PRE_VOTE round 0: submit vote requests at term 0 for -1: peers:[78f89d9b-e409-4704-890b-bfcfbcdfd28a|10.1.0.33:15086, d25dc3b0-28fc-4383-b1a0-617845025f41|10.1.0.33:15032, 4e8f68d6-fd98-4f77-87e3-715939181693|10.1.0.33:15041]|listeners:[], old=null
2024-02-22 20:33:46,375 [e780b093-7242-46d7-bd8f-0f810188c7b3@group-1944BBB8D763-FollowerState] INFO  impl.FollowerState (FollowerState.java:run(143)) - e780b093-7242-46d7-bd8f-0f810188c7b3@group-1944BBB8D763-FollowerState: change to CANDIDATE, lastRpcElapsedTime:5158663410ns, electionTimeout:5149ms
2024-02-22 20:33:46,379 [e780b093-7242-46d7-bd8f-0f810188c7b3@group-1944BBB8D763-FollowerState] INFO  impl.RoleInfo (RoleInfo.java:shutdownFollowerState(110)) - e780b093-7242-46d7-bd8f-0f810188c7b3: shutdown e780b093-7242-46d7-bd8f-0f810188c7b3@group-1944BBB8D763-FollowerState
2024-02-22 20:33:46,379 [e780b093-7242-46d7-bd8f-0f810188c7b3@group-1944BBB8D763-FollowerState] INFO  server.RaftServer$Division (RaftServerImpl.java:setRole(383)) - e780b093-7242-46d7-bd8f-0f810188c7b3@group-1944BBB8D763: changes role from  FOLLOWER to CANDIDATE at term 0 for changeToCandidate
2024-02-22 20:33:46,381 [e46a6e51-795f-4801-a523-c45a6c7f2c34-server-thread1] INFO  ratis.XceiverServerRatis (XceiverServerRatis.java:handleLeaderChangedNotification(966)) - Leader change notification received for group: group-A538022C1006 with new leaderId: e780b093-7242-46d7-bd8f-0f810188c7b3
2024-02-22 20:33:46,381 [e46a6e51-795f-4801-a523-c45a6c7f2c34-server-thread1] INFO  server.RaftServer$Division (ServerState.java:setLeader(269)) - e46a6e51-795f-4801-a523-c45a6c7f2c34@group-A538022C1006: change Leader from null to e780b093-7242-46d7-bd8f-0f810188c7b3 at term 1 for appendEntries, leader elected after 5276ms
2024-02-22 20:33:46,382 [e46a6e51-795f-4801-a523-c45a6c7f2c34-server-thread1] INFO  server.RaftServer$Division (ServerState.java:setRaftConf(386)) - e46a6e51-795f-4801-a523-c45a6c7f2c34@group-A538022C1006: set configuration 0: peers:[923be64f-71f4-4891-b05d-82ff5a9df5b5|10.1.0.33:15023, e46a6e51-795f-4801-a523-c45a6c7f2c34|10.1.0.33:15014, e780b093-7242-46d7-bd8f-0f810188c7b3|10.1.0.33:15095]|listeners:[], old=null
2024-02-22 20:33:46,382 [e46a6e51-795f-4801-a523-c45a6c7f2c34-server-thread1] INFO  segmented.SegmentedRaftLogWorker (SegmentedRaftLogWorker.java:startLogSegment(430)) - e46a6e51-795f-4801-a523-c45a6c7f2c34@group-A538022C1006-SegmentedRaftLogWorker: Starting segment from index:0
2024-02-22 20:33:46,374 [e46a6e51-795f-4801-a523-c45a6c7f2c34-server-thread1] INFO  ratis.XceiverServerRatis (XceiverServerRatis.java:handleLeaderChangedNotification(966)) - Leader change notification received for group: group-83D984655C73 with new leaderId: e780b093-7242-46d7-bd8f-0f810188c7b3
2024-02-22 20:33:46,374 [86ab988c-fa9c-425d-a1c6-9004ff7fd93d@group-83D984655C73-SegmentedRaftLogWorker] INFO  segmented.BufferedWriteChannel (BufferedWriteChannel.java:open(62)) - open log_inprogress_0 at position 0
2024-02-22 20:33:46,374 [4e8f68d6-fd98-4f77-87e3-715939181693@group-8820B9A2DC65-LeaderElection36] INFO  impl.LeaderElection (LeaderElection.java:askForVotes(323)) - 4e8f68d6-fd98-4f77-87e3-715939181693@group-8820B9A2DC65-LeaderElection36 PRE_VOTE round 0: result REJECTED
2024-02-22 20:33:46,374 [grpc-default-executor-7] INFO  server.RaftServer$Division (RaftServerImpl.java:requestVote(1389)) - e46a6e51-795f-4801-a523-c45a6c7f2c34@group-1944BBB8D763: receive requestVote(PRE_VOTE, 86ab988c-fa9c-425d-a1c6-9004ff7fd93d, group-1944BBB8D763, 0, (t:0, i:0))
2024-02-22 20:33:46,386 [grpc-default-executor-7] INFO  impl.VoteContext (VoteContext.java:log(49)) - e46a6e51-795f-4801-a523-c45a6c7f2c34@group-1944BBB8D763-FOLLOWER: accept PRE_VOTE from 86ab988c-fa9c-425d-a1c6-9004ff7fd93d: our priority 0 <= candidate's priority 1
2024-02-22 20:33:46,386 [grpc-default-executor-7] INFO  server.RaftServer$Division (RaftServerImpl.java:requestVote(1422)) - e46a6e51-795f-4801-a523-c45a6c7f2c34@group-1944BBB8D763 replies to PRE_VOTE vote request: 86ab988c-fa9c-425d-a1c6-9004ff7fd93d<-e46a6e51-795f-4801-a523-c45a6c7f2c34#0:OK-t0. Peer's state: e46a6e51-795f-4801-a523-c45a6c7f2c34@group-1944BBB8D763:t0, leader=null, voted=, raftlog=Memoized:e46a6e51-795f-4801-a523-c45a6c7f2c34@group-1944BBB8D763-SegmentedRaftLog:OPENED:c-1, conf=-1: peers:[86ab988c-fa9c-425d-a1c6-9004ff7fd93d|10.1.0.33:15059, e46a6e51-795f-4801-a523-c45a6c7f2c34|10.1.0.33:15014, e780b093-7242-46d7-bd8f-0f810188c7b3|10.1.0.33:15095]|listeners:[], old=null
2024-02-22 20:33:46,374 [grpc-default-executor-3] INFO  server.RaftServer$Division (RaftServerImpl.java:requestVote(1389)) - e780b093-7242-46d7-bd8f-0f810188c7b3@group-1944BBB8D763: receive requestVote(PRE_VOTE, 86ab988c-fa9c-425d-a1c6-9004ff7fd93d, group-1944BBB8D763, 0, (t:0, i:0))
2024-02-22 20:33:46,373 [4e8f68d6-fd98-4f77-87e3-715939181693@group-9D5BCF0FDB08-LeaderElection30] INFO  impl.LeaderElection (LeaderElection.java:askForVotes(323)) - 4e8f68d6-fd98-4f77-87e3-715939181693@group-9D5BCF0FDB08-LeaderElection30 ELECTION round 0: result PASSED
2024-02-22 20:33:46,386 [4e8f68d6-fd98-4f77-87e3-715939181693@group-9D5BCF0FDB08-LeaderElection30] INFO  impl.RoleInfo (RoleInfo.java:shutdownLeaderElection(130)) - 4e8f68d6-fd98-4f77-87e3-715939181693: shutdown 4e8f68d6-fd98-4f77-87e3-715939181693@group-9D5BCF0FDB08-LeaderElection30
2024-02-22 20:33:46,387 [4e8f68d6-fd98-4f77-87e3-715939181693@group-9D5BCF0FDB08-LeaderElection30] INFO  server.RaftServer$Division (RaftServerImpl.java:setRole(383)) - 4e8f68d6-fd98-4f77-87e3-715939181693@group-9D5BCF0FDB08: changes role from CANDIDATE to LEADER at term 1 for changeToLeader
2024-02-22 20:33:46,387 [4e8f68d6-fd98-4f77-87e3-715939181693@group-9D5BCF0FDB08-LeaderElection30] INFO  server.RaftServerConfigKeys (ConfUtils.java:logGet(46)) - raft.server.staging.catchup.gap = 1000 (default)
2024-02-22 20:33:46,387 [4e8f68d6-fd98-4f77-87e3-715939181693@group-9D5BCF0FDB08-LeaderElection30] INFO  server.RaftServerConfigKeys (ConfUtils.java:logGet(46)) - raft.server.write.element-limit = 1024 (custom)
2024-02-22 20:33:46,387 [4e8f68d6-fd98-4f77-87e3-715939181693@group-9D5BCF0FDB08-LeaderElection30] INFO  server.RaftServerConfigKeys (ConfUtils.java:logGet(46)) - raft.server.write.byte-limit = 1024 M (=1073741824) (custom)
2024-02-22 20:33:46,387 [4e8f68d6-fd98-4f77-87e3-715939181693@group-9D5BCF0FDB08-LeaderElection30] INFO  server.RaftServerConfigKeys (ConfUtils.java:logGet(46)) - raft.server.watch.timeout = 180s (custom)
2024-02-22 20:33:46,387 [4e8f68d6-fd98-4f77-87e3-715939181693@group-9D5BCF0FDB08-LeaderElection30] INFO  server.RaftServerConfigKeys (ConfUtils.java:logGet(46)) - raft.server.watch.timeout.denomination = 1s (default)
2024-02-22 20:33:46,387 [4e8f68d6-fd98-4f77-87e3-715939181693@group-9D5BCF0FDB08-LeaderElection30] INFO  server.RaftServerConfigKeys (ConfUtils.java:logGet(46)) - raft.server.watch.element-limit = 65536 (default)
2024-02-22 20:33:46,387 [4e8f68d6-fd98-4f77-87e3-715939181693@group-9D5BCF0FDB08-LeaderElection30] INFO  server.RaftServerConfigKeys (ConfUtils.java:logGet(46)) - raft.server.read.leader.lease.enabled = false (default)
2024-02-22 20:33:46,387 [4e8f68d6-fd98-4f77-87e3-715939181693@group-9D5BCF0FDB08-LeaderElection30] INFO  server.RaftServerConfigKeys (ConfUtils.java:logGet(46)) - raft.server.read.leader.lease.timeout.ratio = 0.9 (default)
2024-02-22 20:33:46,388 [4e8f68d6-fd98-4f77-87e3-715939181693@group-9D5BCF0FDB08-LeaderElection30] INFO  server.RaftServerConfigKeys (ConfUtils.java:logGet(46)) - raft.server.rpc.timeout.min = 5s (custom)
2024-02-22 20:33:46,388 [4e8f68d6-fd98-4f77-87e3-715939181693@group-9D5BCF0FDB08-LeaderElection30] INFO  server.RaftServerConfigKeys (ConfUtils.java:logGet(46)) - raft.server.write.element-limit = 1024 (custom)
2024-02-22 20:33:46,388 [4e8f68d6-fd98-4f77-87e3-715939181693@group-9D5BCF0FDB08-LeaderElection30] INFO  server.RaftServerConfigKeys (ConfUtils.java:logGet(46)) - raft.server.write.follower.gap.ratio.max = -1.0 (default)
2024-02-22 20:33:46,388 [4e8f68d6-fd98-4f77-87e3-715939181693@group-9D5BCF0FDB08-LeaderElection30] INFO  server.RaftServerConfigKeys (ConfUtils.java:logGet(46)) - raft.server.log.appender.snapshot.chunk.size.max = 16MB (=16777216) (default)
2024-02-22 20:33:46,388 [4e8f68d6-fd98-4f77-87e3-715939181693@group-9D5BCF0FDB08-LeaderElection30] INFO  server.RaftServerConfigKeys (ConfUtils.java:logGet(46)) - raft.server.log.appender.buffer.byte-limit = 8388608 (custom)
2024-02-22 20:33:46,388 [4e8f68d6-fd98-4f77-87e3-715939181693@group-9D5BCF0FDB08-LeaderElection30] INFO  server.RaftServerConfigKeys (ConfUtils.java:logGet(46)) - raft.server.log.appender.buffer.element-limit = 1 (custom)
2024-02-22 20:33:46,388 [4e8f68d6-fd98-4f77-87e3-715939181693@group-9D5BCF0FDB08-LeaderElection30] INFO  server.RaftServerConfigKeys (ConfUtils.java:logGet(46)) - raft.server.log.appender.wait-time.min = 0μs (custom)
2024-02-22 20:33:46,389 [4e8f68d6-fd98-4f77-87e3-715939181693@group-9D5BCF0FDB08-LeaderElection30] INFO  grpc.GrpcConfigKeys (ConfUtils.java:logGet(46)) - raft.grpc.server.leader.outstanding.appends.max = 8 (default)
2024-02-22 20:33:46,389 [4e8f68d6-fd98-4f77-87e3-715939181693@group-9D5BCF0FDB08-LeaderElection30] INFO  server.RaftServerConfigKeys (ConfUtils.java:logGet(46)) - raft.server.rpc.request.timeout = 60s (custom)
2024-02-22 20:33:46,389 [4e8f68d6-fd98-4f77-87e3-715939181693@group-9D5BCF0FDB08-LeaderElection30] INFO  grpc.GrpcConfigKeys (ConfUtils.java:logGet(46)) - raft.grpc.server.install_snapshot.request.element-limit = 8 (default)
2024-02-22 20:33:46,389 [4e8f68d6-fd98-4f77-87e3-715939181693@group-9D5BCF0FDB08-LeaderElection30] INFO  grpc.GrpcConfigKeys (ConfUtils.java:logGet(46)) - raft.grpc.server.install_snapshot.request.timeout = 3000ms (default)
2024-02-22 20:33:46,389 [4e8f68d6-fd98-4f77-87e3-715939181693@group-9D5BCF0FDB08-LeaderElection30] INFO  grpc.GrpcConfigKeys (ConfUtils.java:logGet(46)) - raft.grpc.server.log-message.batch.duration = 5s (default)
2024-02-22 20:33:46,389 [4e8f68d6-fd98-4f77-87e3-715939181693@group-9D5BCF0FDB08-LeaderElection30] INFO  server.RaftServerConfigKeys (ConfUtils.java:logGet(46)) - raft.server.log.appender.install.snapshot.enabled = false (custom)
2024-02-22 20:33:46,389 [4e8f68d6-fd98-4f77-87e3-715939181693@group-9D5BCF0FDB08-LeaderElection30] INFO  grpc.GrpcConfigKeys (ConfUtils.java:logGet(46)) - raft.grpc.server.heartbeat.channel = true (default)
2024-02-22 20:33:46,385 [4e8f68d6-fd98-4f77-87e3-715939181693@group-8820B9A2DC65-LeaderElection36] INFO  server.RaftServer$Division (RaftServerImpl.java:setRole(383)) - 4e8f68d6-fd98-4f77-87e3-715939181693@group-8820B9A2DC65: changes role from CANDIDATE to FOLLOWER at term 0 for REJECTED
2024-02-22 20:33:46,390 [4e8f68d6-fd98-4f77-87e3-715939181693@group-8820B9A2DC65-LeaderElection36] INFO  impl.RoleInfo (RoleInfo.java:shutdownLeaderElection(130)) - 4e8f68d6-fd98-4f77-87e3-715939181693: shutdown 4e8f68d6-fd98-4f77-87e3-715939181693@group-8820B9A2DC65-LeaderElection36
2024-02-22 20:33:46,390 [4e8f68d6-fd98-4f77-87e3-715939181693@group-8820B9A2DC65-LeaderElection36] INFO  impl.RoleInfo (RoleInfo.java:updateAndGet(139)) - 4e8f68d6-fd98-4f77-87e3-715939181693: start 4e8f68d6-fd98-4f77-87e3-715939181693@group-8820B9A2DC65-FollowerState
2024-02-22 20:33:46,385 [main] INFO  server.RaftServer (RaftServerProxy.java:lambda$close$9(416)) - 13f92446-3b18-4d81-bc66-0f9b00220e72: close
2024-02-22 20:33:46,390 [d25dc3b0-28fc-4383-b1a0-617845025f41@group-8820B9A2DC65-LeaderElection38] INFO  server.RaftServerConfigKeys (ConfUtils.java:logFallback(53)) - raft.server.rpc.first-election.timeout.min = 5s (fallback to raft.server.rpc.timeout.min)
2024-02-22 20:33:46,391 [d25dc3b0-28fc-4383-b1a0-617845025f41@group-8820B9A2DC65-LeaderElection38] INFO  server.RaftServerConfigKeys (ConfUtils.java:logFallback(53)) - raft.server.rpc.first-election.timeout.max = 5200ms (fallback to raft.server.rpc.timeout.max)
2024-02-22 20:33:46,391 [13f92446-3b18-4d81-bc66-0f9b00220e72-impl-thread1] INFO  server.RaftServer$Division (RaftServerImpl.java:lambda$close$3(526)) - 13f92446-3b18-4d81-bc66-0f9b00220e72@group-EF19AB1BE06F: shutdown
2024-02-22 20:33:46,391 [13f92446-3b18-4d81-bc66-0f9b00220e72-impl-thread1] INFO  util.JmxRegister (JmxRegister.java:unregister(73)) - Successfully un-registered JMX Bean with object name Ratis:service=RaftServer,group=group-EF19AB1BE06F,id=13f92446-3b18-4d81-bc66-0f9b00220e72
2024-02-22 20:33:46,391 [13f92446-3b18-4d81-bc66-0f9b00220e72-impl-thread1] INFO  impl.RoleInfo (RoleInfo.java:shutdownLeaderState(94)) - 13f92446-3b18-4d81-bc66-0f9b00220e72: shutdown 13f92446-3b18-4d81-bc66-0f9b00220e72@group-EF19AB1BE06F-LeaderStateImpl
2024-02-22 20:33:46,391 [13f92446-3b18-4d81-bc66-0f9b00220e72-impl-thread1] INFO  impl.PendingRequests (PendingRequests.java:sendNotLeaderResponses(289)) - 13f92446-3b18-4d81-bc66-0f9b00220e72@group-EF19AB1BE06F-PendingRequests: sendNotLeaderResponses
2024-02-22 20:33:46,392 [grpc-default-executor-5] INFO  server.RaftServer$Division (RaftServerImpl.java:requestVote(1389)) - 4e8f68d6-fd98-4f77-87e3-715939181693@group-8820B9A2DC65: receive requestVote(PRE_VOTE, d25dc3b0-28fc-4383-b1a0-617845025f41, group-8820B9A2DC65, 0, (t:0, i:0))
2024-02-22 20:33:46,393 [13f92446-3b18-4d81-bc66-0f9b00220e72-impl-thread1] INFO  impl.StateMachineUpdater (StateMachineUpdater.java:stopAndJoin(157)) - 13f92446-3b18-4d81-bc66-0f9b00220e72@group-EF19AB1BE06F-StateMachineUpdater: set stopIndex = 0
2024-02-22 20:33:46,393 [13f92446-3b18-4d81-bc66-0f9b00220e72@group-EF19AB1BE06F-StateMachineUpdater] INFO  ratis.ContainerStateMachine (ContainerStateMachine.java:takeSnapshot(355)) - group-EF19AB1BE06F: Taking a snapshot at:(t:1, i:0) file /home/runner/work/ozone/ozone/hadoop-ozone/integration-test/target/test-dir/MiniOzoneClusterImpl-a0fc024b-a492-45a5-9697-b0d14f72cb5c/datanode-7/data/ratis/d218b5b2-1780-4e0a-a27d-ef19ab1be06f/sm/snapshot.1_0
2024-02-22 20:33:46,394 [86ab988c-fa9c-425d-a1c6-9004ff7fd93d@group-83D984655C73-SegmentedRaftLogWorker] INFO  segmented.SegmentedRaftLogWorker (SegmentedRaftLogWorker.java:execute(634)) - 86ab988c-fa9c-425d-a1c6-9004ff7fd93d@group-83D984655C73-SegmentedRaftLogWorker: created new log segment /home/runner/work/ozone/ozone/hadoop-ozone/integration-test/target/test-dir/MiniOzoneClusterImpl-a0fc024b-a492-45a5-9697-b0d14f72cb5c/datanode-5/data/ratis/0077ebc2-8b09-4842-8a13-83d984655c73/current/log_inprogress_0
2024-02-22 20:33:46,397 [13f92446-3b18-4d81-bc66-0f9b00220e72-impl-thread2] INFO  server.RaftServer$Division (RaftServerImpl.java:lambda$close$3(526)) - 13f92446-3b18-4d81-bc66-0f9b00220e72@group-C4BFF782AB50: shutdown
2024-02-22 20:33:46,397 [13f92446-3b18-4d81-bc66-0f9b00220e72-impl-thread2] INFO  util.JmxRegister (JmxRegister.java:unregister(73)) - Successfully un-registered JMX Bean with object name Ratis:service=RaftServer,group=group-C4BFF782AB50,id=13f92446-3b18-4d81-bc66-0f9b00220e72
2024-02-22 20:33:46,397 [13f92446-3b18-4d81-bc66-0f9b00220e72-impl-thread2] INFO  impl.RoleInfo (RoleInfo.java:shutdownFollowerState(110)) - 13f92446-3b18-4d81-bc66-0f9b00220e72: shutdown 13f92446-3b18-4d81-bc66-0f9b00220e72@group-C4BFF782AB50-FollowerState
2024-02-22 20:33:46,397 [13f92446-3b18-4d81-bc66-0f9b00220e72-impl-thread3] INFO  server.RaftServer$Division (RaftServerImpl.java:lambda$close$3(526)) - 13f92446-3b18-4d81-bc66-0f9b00220e72@group-B58ED9299B6F: shutdown
2024-02-22 20:33:46,397 [13f92446-3b18-4d81-bc66-0f9b00220e72-impl-thread3] INFO  util.JmxRegister (JmxRegister.java:unregister(73)) - Successfully un-registered JMX Bean with object name Ratis:service=RaftServer,group=group-B58ED9299B6F,id=13f92446-3b18-4d81-bc66-0f9b00220e72
2024-02-22 20:33:46,397 [13f92446-3b18-4d81-bc66-0f9b00220e72-impl-thread3] INFO  impl.RoleInfo (RoleInfo.java:shutdownLeaderState(94)) - 13f92446-3b18-4d81-bc66-0f9b00220e72: shutdown 13f92446-3b18-4d81-bc66-0f9b00220e72@group-B58ED9299B6F-LeaderStateImpl
2024-02-22 20:33:46,398 [13f92446-3b18-4d81-bc66-0f9b00220e72@group-B58ED9299B6F->c30fedce-f286-40e0-881d-3d5a9a6e2463-GrpcLogAppender-LogAppenderDaemon] WARN  server.GrpcLogAppender (GrpcLogAppender.java:mayWait(289)) - 13f92446-3b18-4d81-bc66-0f9b00220e72@group-B58ED9299B6F->c30fedce-f286-40e0-881d-3d5a9a6e2463-GrpcLogAppender: Wait interrupted by java.lang.InterruptedException
2024-02-22 20:33:46,401 [grpc-default-executor-7] INFO  server.GrpcServerProtocolService (GrpcServerProtocolService.java:onCompleted(157)) - c30fedce-f286-40e0-881d-3d5a9a6e2463: Completed APPEND_ENTRIES, lastRequest: 13f92446-3b18-4d81-bc66-0f9b00220e72->c30fedce-f286-40e0-881d-3d5a9a6e2463#1-t1,previous=(t:0, i:0),leaderCommit=-1,initializing? false,entries: size=1, first=(t:1, i:0), CONFIGURATIONENTRY(current:id: "78f89d9b-e409-4704-890b-bfcfbcdfd28a"
address: "10.1.0.33:15086"
dataStreamAddress: "10.1.0.33:15087"
clientAddress: "10.1.0.33:15084"
adminAddress: "10.1.0.33:15085"
startupRole: FOLLOWER
,id: "c30fedce-f286-40e0-881d-3d5a9a6e2463"
address: "10.1.0.33:15068"
dataStreamAddress: "10.1.0.33:15069"
clientAddress: "10.1.0.33:15066"
adminAddress: "10.1.0.33:15067"
startupRole: FOLLOWER
,id: "13f92446-3b18-4d81-bc66-0f9b00220e72"
address: "10.1.0.33:15077"
priority: 1
dataStreamAddress: "10.1.0.33:15078"
clientAddress: "10.1.0.33:15075"
adminAddress: "10.1.0.33:15076"
startupRole: FOLLOWER
, old:)
2024-02-22 20:33:46,401 [grpc-default-executor-7] INFO  server.GrpcServerProtocolService (GrpcServerProtocolService.java:lambda$onCompleted$5(159)) - c30fedce-f286-40e0-881d-3d5a9a6e2463: Completed APPEND_ENTRIES, lastReply: null
2024-02-22 20:33:46,385 [78f89d9b-e409-4704-890b-bfcfbcdfd28a-server-thread1] INFO  ratis.XceiverServerRatis (XceiverServerRatis.java:handleLeaderChangedNotification(966)) - Leader change notification received for group: group-C4BFF782AB50 with new leaderId: c30fedce-f286-40e0-881d-3d5a9a6e2463
2024-02-22 20:33:46,385 [e46a6e51-795f-4801-a523-c45a6c7f2c34-server-thread1] INFO  server.RaftServer$Division (ServerState.java:setLeader(269)) - e46a6e51-795f-4801-a523-c45a6c7f2c34@group-83D984655C73: change Leader from null to e780b093-7242-46d7-bd8f-0f810188c7b3 at term 1 for appendEntries, leader elected after 5757ms
2024-02-22 20:33:46,383 [e780b093-7242-46d7-bd8f-0f810188c7b3@group-1944BBB8D763-FollowerState] INFO  server.RaftServerConfigKeys (ConfUtils.java:logGet(46)) - raft.server.leaderelection.pre-vote = true (default)
2024-02-22 20:33:46,404 [e780b093-7242-46d7-bd8f-0f810188c7b3@group-1944BBB8D763-FollowerState] INFO  impl.RoleInfo (RoleInfo.java:updateAndGet(139)) - e780b093-7242-46d7-bd8f-0f810188c7b3: start e780b093-7242-46d7-bd8f-0f810188c7b3@group-1944BBB8D763-LeaderElection39
2024-02-22 20:33:46,404 [e46a6e51-795f-4801-a523-c45a6c7f2c34-server-thread1] INFO  server.RaftServer$Division (ServerState.java:setRaftConf(386)) - e46a6e51-795f-4801-a523-c45a6c7f2c34@group-83D984655C73: set configuration 0: peers:[86ab988c-fa9c-425d-a1c6-9004ff7fd93d|10.1.0.33:15059, e46a6e51-795f-4801-a523-c45a6c7f2c34|10.1.0.33:15014, e780b093-7242-46d7-bd8f-0f810188c7b3|10.1.0.33:15095]|listeners:[], old=null
2024-02-22 20:33:46,404 [e46a6e51-795f-4801-a523-c45a6c7f2c34-server-thread1] INFO  segmented.SegmentedRaftLogWorker (SegmentedRaftLogWorker.java:startLogSegment(430)) - e46a6e51-795f-4801-a523-c45a6c7f2c34@group-83D984655C73-SegmentedRaftLogWorker: Starting segment from index:0
2024-02-22 20:33:46,383 [13f92446-3b18-4d81-bc66-0f9b00220e72-server-thread1] INFO  ratis.XceiverServerRatis (XceiverServerRatis.java:handleLeaderChangedNotification(966)) - Leader change notification received for group: group-C4BFF782AB50 with new leaderId: c30fedce-f286-40e0-881d-3d5a9a6e2463
2024-02-22 20:33:46,409 [13f92446-3b18-4d81-bc66-0f9b00220e72-server-thread1] INFO  server.RaftServer$Division (ServerState.java:setLeader(269)) - 13f92446-3b18-4d81-bc66-0f9b00220e72@group-C4BFF782AB50: change Leader from null to c30fedce-f286-40e0-881d-3d5a9a6e2463 at term 1 for appendEntries, leader elected after 5651ms
2024-02-22 20:33:46,409 [e46a6e51-795f-4801-a523-c45a6c7f2c34@group-A538022C1006-SegmentedRaftLogWorker] INFO  segmented.BufferedWriteChannel (BufferedWriteChannel.java:open(62)) - open log_inprogress_0 at position 0
2024-02-22 20:33:46,381 [923be64f-71f4-4891-b05d-82ff5a9df5b5@group-A538022C1006-SegmentedRaftLogWorker] INFO  segmented.SegmentedRaftLogWorker (SegmentedRaftLogWorker.java:execute(634)) - 923be64f-71f4-4891-b05d-82ff5a9df5b5@group-A538022C1006-SegmentedRaftLogWorker: created new log segment /home/runner/work/ozone/ozone/hadoop-ozone/integration-test/target/test-dir/MiniOzoneClusterImpl-a0fc024b-a492-45a5-9697-b0d14f72cb5c/datanode-1/data/ratis/b7ad60d3-b3bb-4da3-89ae-a538022c1006/current/log_inprogress_0
2024-02-22 20:33:46,408 [78f89d9b-e409-4704-890b-bfcfbcdfd28a-server-thread1] INFO  server.RaftServer$Division (ServerState.java:setLeader(269)) - 78f89d9b-e409-4704-890b-bfcfbcdfd28a@group-C4BFF782AB50: change Leader from null to c30fedce-f286-40e0-881d-3d5a9a6e2463 at term 1 for appendEntries, leader elected after 5352ms
2024-02-22 20:33:46,397 [13f92446-3b18-4d81-bc66-0f9b00220e72@group-C4BFF782AB50-FollowerState] INFO  impl.FollowerState (FollowerState.java:run(152)) - 13f92446-3b18-4d81-bc66-0f9b00220e72@group-C4BFF782AB50-FollowerState was interrupted
2024-02-22 20:33:46,390 [4e8f68d6-fd98-4f77-87e3-715939181693@group-9D5BCF0FDB08-LeaderElection30] INFO  server.RaftServerConfigKeys (ConfUtils.java:logGet(46)) - raft.server.log.appender.snapshot.chunk.size.max = 16MB (=16777216) (default)
2024-02-22 20:33:46,410 [4e8f68d6-fd98-4f77-87e3-715939181693@group-9D5BCF0FDB08-LeaderElection30] INFO  server.RaftServerConfigKeys (ConfUtils.java:logGet(46)) - raft.server.log.appender.buffer.byte-limit = 8388608 (custom)
2024-02-22 20:33:46,410 [4e8f68d6-fd98-4f77-87e3-715939181693@group-9D5BCF0FDB08-LeaderElection30] INFO  server.RaftServerConfigKeys (ConfUtils.java:logGet(46)) - raft.server.log.appender.buffer.element-limit = 1 (custom)
2024-02-22 20:33:46,389 [13f92446-3b18-4d81-bc66-0f9b00220e72@group-F0C26C70F6EA-FollowerState] INFO  impl.FollowerState (FollowerState.java:run(143)) - 13f92446-3b18-4d81-bc66-0f9b00220e72@group-F0C26C70F6EA-FollowerState: change to CANDIDATE, lastRpcElapsedTime:5118136370ns, electionTimeout:5107ms
2024-02-22 20:33:46,411 [13f92446-3b18-4d81-bc66-0f9b00220e72@group-F0C26C70F6EA-FollowerState] INFO  impl.RoleInfo (RoleInfo.java:shutdownFollowerState(110)) - 13f92446-3b18-4d81-bc66-0f9b00220e72: shutdown 13f92446-3b18-4d81-bc66-0f9b00220e72@group-F0C26C70F6EA-FollowerState
2024-02-22 20:33:46,411 [13f92446-3b18-4d81-bc66-0f9b00220e72@group-F0C26C70F6EA-FollowerState] INFO  server.RaftServer$Division (RaftServerImpl.java:setRole(383)) - 13f92446-3b18-4d81-bc66-0f9b00220e72@group-F0C26C70F6EA: changes role from  FOLLOWER to CANDIDATE at term 0 for changeToCandidate
2024-02-22 20:33:46,411 [78f89d9b-e409-4704-890b-bfcfbcdfd28a-server-thread2] INFO  server.RaftServer$Division (ServerState.java:setRaftConf(386)) - 78f89d9b-e409-4704-890b-bfcfbcdfd28a@group-C4BFF782AB50: set configuration 0: peers:[78f89d9b-e409-4704-890b-bfcfbcdfd28a|10.1.0.33:15086, c30fedce-f286-40e0-881d-3d5a9a6e2463|10.1.0.33:15068, 13f92446-3b18-4d81-bc66-0f9b00220e72|10.1.0.33:15077]|listeners:[], old=null
2024-02-22 20:33:46,411 [78f89d9b-e409-4704-890b-bfcfbcdfd28a-server-thread2] INFO  segmented.SegmentedRaftLogWorker (SegmentedRaftLogWorker.java:startLogSegment(430)) - 78f89d9b-e409-4704-890b-bfcfbcdfd28a@group-C4BFF782AB50-SegmentedRaftLogWorker: Starting segment from index:0
2024-02-22 20:33:46,413 [86ab988c-fa9c-425d-a1c6-9004ff7fd93d@group-1944BBB8D763-LeaderElection37] INFO  impl.LeaderElection (LeaderElection.java:logAndReturn(89)) - 86ab988c-fa9c-425d-a1c6-9004ff7fd93d@group-1944BBB8D763-LeaderElection37: PRE_VOTE PASSED received 1 response(s) and 0 exception(s):
2024-02-22 20:33:46,413 [86ab988c-fa9c-425d-a1c6-9004ff7fd93d@group-1944BBB8D763-LeaderElection37] INFO  impl.LeaderElection (LeaderElection.java:logAndReturn(93)) -   Response 0: 86ab988c-fa9c-425d-a1c6-9004ff7fd93d<-e46a6e51-795f-4801-a523-c45a6c7f2c34#0:OK-t0
2024-02-22 20:33:46,414 [e46a6e51-795f-4801-a523-c45a6c7f2c34@group-83D984655C73-SegmentedRaftLogWorker] INFO  segmented.BufferedWriteChannel (BufferedWriteChannel.java:open(62)) - open log_inprogress_0 at position 0
2024-02-22 20:33:46,415 [13f92446-3b18-4d81-bc66-0f9b00220e72@group-C6933685B048-FollowerState] INFO  impl.FollowerState (FollowerState.java:run(143)) - 13f92446-3b18-4d81-bc66-0f9b00220e72@group-C6933685B048-FollowerState: change to CANDIDATE, lastRpcElapsedTime:5071766999ns, electionTimeout:5049ms
2024-02-22 20:33:46,415 [13f92446-3b18-4d81-bc66-0f9b00220e72@group-C6933685B048-FollowerState] INFO  impl.RoleInfo (RoleInfo.java:shutdownFollowerState(110)) - 13f92446-3b18-4d81-bc66-0f9b00220e72: shutdown 13f92446-3b18-4d81-bc66-0f9b00220e72@group-C6933685B048-FollowerState
2024-02-22 20:33:46,415 [13f92446-3b18-4d81-bc66-0f9b00220e72@group-C6933685B048-FollowerState] INFO  server.RaftServer$Division (RaftServerImpl.java:setRole(383)) - 13f92446-3b18-4d81-bc66-0f9b00220e72@group-C6933685B048: changes role from  FOLLOWER to CANDIDATE at term 0 for changeToCandidate
2024-02-22 20:33:46,418 [grpc-default-executor-3] INFO  impl.VoteContext (VoteContext.java:log(49)) - e780b093-7242-46d7-bd8f-0f810188c7b3@group-1944BBB8D763-CANDIDATE: accept PRE_VOTE from 86ab988c-fa9c-425d-a1c6-9004ff7fd93d: our priority 0 <= candidate's priority 1
2024-02-22 20:33:46,418 [grpc-default-executor-3] INFO  server.RaftServer$Division (RaftServerImpl.java:requestVote(1422)) - e780b093-7242-46d7-bd8f-0f810188c7b3@group-1944BBB8D763 replies to PRE_VOTE vote request: 86ab988c-fa9c-425d-a1c6-9004ff7fd93d<-e780b093-7242-46d7-bd8f-0f810188c7b3#0:OK-t0. Peer's state: e780b093-7242-46d7-bd8f-0f810188c7b3@group-1944BBB8D763:t0, leader=null, voted=, raftlog=Memoized:e780b093-7242-46d7-bd8f-0f810188c7b3@group-1944BBB8D763-SegmentedRaftLog:OPENED:c-1, conf=-1: peers:[86ab988c-fa9c-425d-a1c6-9004ff7fd93d|10.1.0.33:15059, e46a6e51-795f-4801-a523-c45a6c7f2c34|10.1.0.33:15014, e780b093-7242-46d7-bd8f-0f810188c7b3|10.1.0.33:15095]|listeners:[], old=null
2024-02-22 20:33:46,419 [e780b093-7242-46d7-bd8f-0f810188c7b3@group-1944BBB8D763-LeaderElection39] INFO  impl.LeaderElection (LeaderElection.java:askForVotes(321)) - e780b093-7242-46d7-bd8f-0f810188c7b3@group-1944BBB8D763-LeaderElection39 PRE_VOTE round 0: submit vote requests at term 0 for -1: peers:[86ab988c-fa9c-425d-a1c6-9004ff7fd93d|10.1.0.33:15059, e46a6e51-795f-4801-a523-c45a6c7f2c34|10.1.0.33:15014, e780b093-7242-46d7-bd8f-0f810188c7b3|10.1.0.33:15095]|listeners:[], old=null
2024-02-22 20:33:46,397 [13f92446-3b18-4d81-bc66-0f9b00220e72-impl-thread2] INFO  impl.StateMachineUpdater (StateMachineUpdater.java:stopAndJoin(157)) - 13f92446-3b18-4d81-bc66-0f9b00220e72@group-C4BFF782AB50-StateMachineUpdater: set stopIndex = -1
2024-02-22 20:33:46,422 [13f92446-3b18-4d81-bc66-0f9b00220e72-impl-thread2] INFO  server.RaftServer$Division (ServerState.java:close(427)) - 13f92446-3b18-4d81-bc66-0f9b00220e72@group-C4BFF782AB50: applyIndex: -1
2024-02-22 20:33:46,423 [13f92446-3b18-4d81-bc66-0f9b00220e72-impl-thread4] INFO  server.RaftServer$Division (RaftServerImpl.java:lambda$close$3(526)) - 13f92446-3b18-4d81-bc66-0f9b00220e72@group-B62AC99FA1E0: shutdown
2024-02-22 20:33:46,423 [13f92446-3b18-4d81-bc66-0f9b00220e72-impl-thread4] INFO  util.JmxRegister (JmxRegister.java:unregister(73)) - Successfully un-registered JMX Bean with object name Ratis:service=RaftServer,group=group-B62AC99FA1E0,id=13f92446-3b18-4d81-bc66-0f9b00220e72
2024-02-22 20:33:46,399 [13f92446-3b18-4d81-bc66-0f9b00220e72@group-B58ED9299B6F->78f89d9b-e409-4704-890b-bfcfbcdfd28a-GrpcLogAppender-LogAppenderDaemon] WARN  server.GrpcLogAppender (GrpcLogAppender.java:mayWait(289)) - 13f92446-3b18-4d81-bc66-0f9b00220e72@group-B58ED9299B6F->78f89d9b-e409-4704-890b-bfcfbcdfd28a-GrpcLogAppender: Wait interrupted by java.lang.InterruptedException
2024-02-22 20:33:46,423 [13f92446-3b18-4d81-bc66-0f9b00220e72-impl-thread5] INFO  server.RaftServer$Division (RaftServerImpl.java:lambda$close$3(526)) - 13f92446-3b18-4d81-bc66-0f9b00220e72@group-F0C26C70F6EA: shutdown
2024-02-22 20:33:46,423 [13f92446-3b18-4d81-bc66-0f9b00220e72-impl-thread5] INFO  util.JmxRegister (JmxRegister.java:unregister(73)) - Successfully un-registered JMX Bean with object name Ratis:service=RaftServer,group=group-F0C26C70F6EA,id=13f92446-3b18-4d81-bc66-0f9b00220e72
2024-02-22 20:33:46,398 [13f92446-3b18-4d81-bc66-0f9b00220e72-impl-thread3] INFO  impl.PendingRequests (PendingRequests.java:sendNotLeaderResponses(289)) - 13f92446-3b18-4d81-bc66-0f9b00220e72@group-B58ED9299B6F-PendingRequests: sendNotLeaderResponses
2024-02-22 20:33:46,424 [13f92446-3b18-4d81-bc66-0f9b00220e72-impl-thread6] INFO  server.RaftServer$Division (RaftServerImpl.java:lambda$close$3(526)) - 13f92446-3b18-4d81-bc66-0f9b00220e72@group-C6933685B048: shutdown
2024-02-22 20:33:46,419 [grpc-default-executor-8] WARN  server.GrpcServerProtocolService (LogUtils.java:warn(123)) - 13f92446-3b18-4d81-bc66-0f9b00220e72: Failed APPEND_ENTRIES request c30fedce-f286-40e0-881d-3d5a9a6e2463->13f92446-3b18-4d81-bc66-0f9b00220e72#1-t1,previous=(t:0, i:0),leaderCommit=-1,initializing? false,entries: size=1, first=(t:1, i:0), CONFIGURATIONENTRY(current:id: "78f89d9b-e409-4704-890b-bfcfbcdfd28a"
address: "10.1.0.33:15086"
dataStreamAddress: "10.1.0.33:15087"
clientAddress: "10.1.0.33:15084"
adminAddress: "10.1.0.33:15085"
startupRole: FOLLOWER
,id: "c30fedce-f286-40e0-881d-3d5a9a6e2463"
address: "10.1.0.33:15068"
priority: 1
dataStreamAddress: "10.1.0.33:15069"
clientAddress: "10.1.0.33:15066"
adminAddress: "10.1.0.33:15067"
startupRole: FOLLOWER
,id: "13f92446-3b18-4d81-bc66-0f9b00220e72"
address: "10.1.0.33:15077"
dataStreamAddress: "10.1.0.33:15078"
clientAddress: "10.1.0.33:15075"
adminAddress: "10.1.0.33:15076"
startupRole: FOLLOWER
, old:)
java.util.concurrent.CompletionException: org.apache.ratis.protocol.exceptions.ServerNotReadyException: 13f92446-3b18-4d81-bc66-0f9b00220e72@group-C4BFF782AB50 is not in [STARTING, RUNNING]: current state is CLOSING
	at org.apache.ratis.util.JavaUtils.callAsUnchecked(JavaUtils.java:122)
	at org.apache.ratis.server.impl.RaftServerImpl.lambda$executeSubmitServerRequestAsync$12(RaftServerImpl.java:891)
	at java.util.concurrent.CompletableFuture$AsyncSupply.run(CompletableFuture.java:1604)
	at java.util.concurrent.ThreadPoolExecutor.runWorker(ThreadPoolExecutor.java:1149)
	at java.util.concurrent.ThreadPoolExecutor$Worker.run(ThreadPoolExecutor.java:624)
	at java.lang.Thread.run(Thread.java:750)
Caused by: org.apache.ratis.protocol.exceptions.ServerNotReadyException: 13f92446-3b18-4d81-bc66-0f9b00220e72@group-C4BFF782AB50 is not in [STARTING, RUNNING]: current state is CLOSING
	at org.apache.ratis.server.impl.RaftServerImpl.lambda$assertLifeCycleState$10(RaftServerImpl.java:812)
	at org.apache.ratis.util.LifeCycle.assertCurrentState(LifeCycle.java:260)
	at org.apache.ratis.server.impl.RaftServerImpl.assertLifeCycleState(RaftServerImpl.java:811)
	at org.apache.ratis.server.impl.RaftServerImpl.preAppendEntriesAsync(RaftServerImpl.java:1536)
	at org.apache.ratis.server.impl.RaftServerImpl.appendEntriesAsync(RaftServerImpl.java:1480)
	at org.apache.ratis.server.impl.RaftServerProxy.lambda$null$28(RaftServerProxy.java:644)
	at org.apache.ratis.util.JavaUtils.callAsUnchecked(JavaUtils.java:118)
	... 5 more
2024-02-22 20:33:46,403 [grpc-default-executor-11] INFO  server.GrpcServerProtocolService (GrpcServerProtocolService.java:onCompleted(157)) - c30fedce-f286-40e0-881d-3d5a9a6e2463: Completed APPEND_ENTRIES, lastRequest: null
2024-02-22 20:33:46,436 [e780b093-7242-46d7-bd8f-0f810188c7b3@group-83D984655C73-StateMachineUpdater] INFO  server.RaftServer$Division (LeaderStateImpl.java:isApplied(320)) - leader is ready since appliedIndex == 0 >= startIndex == 0
2024-02-22 20:33:46,437 [grpc-default-executor-12] INFO  server.GrpcServerProtocolService (GrpcServerProtocolService.java:onCompleted(157)) - 78f89d9b-e409-4704-890b-bfcfbcdfd28a: Completed APPEND_ENTRIES, lastRequest: 13f92446-3b18-4d81-bc66-0f9b00220e72->78f89d9b-e409-4704-890b-bfcfbcdfd28a#1-t1,previous=(t:0, i:0),leaderCommit=-1,initializing? false,entries: size=1, first=(t:1, i:0), CONFIGURATIONENTRY(current:id: "78f89d9b-e409-4704-890b-bfcfbcdfd28a"
address: "10.1.0.33:15086"
dataStreamAddress: "10.1.0.33:15087"
clientAddress: "10.1.0.33:15084"
adminAddress: "10.1.0.33:15085"
startupRole: FOLLOWER
,id: "c30fedce-f286-40e0-881d-3d5a9a6e2463"
address: "10.1.0.33:15068"
dataStreamAddress: "10.1.0.33:15069"
clientAddress: "10.1.0.33:15066"
adminAddress: "10.1.0.33:15067"
startupRole: FOLLOWER
,id: "13f92446-3b18-4d81-bc66-0f9b00220e72"
address: "10.1.0.33:15077"
priority: 1
dataStreamAddress: "10.1.0.33:15078"
clientAddress: "10.1.0.33:15075"
adminAddress: "10.1.0.33:15076"
startupRole: FOLLOWER
, old:)
2024-02-22 20:33:46,437 [grpc-default-executor-12] INFO  server.GrpcServerProtocolService (GrpcServerProtocolService.java:lambda$onCompleted$5(159)) - 78f89d9b-e409-4704-890b-bfcfbcdfd28a: Completed APPEND_ENTRIES, lastReply: null
2024-02-22 20:33:46,423 [13f92446-3b18-4d81-bc66-0f9b00220e72-impl-thread4] INFO  impl.RoleInfo (RoleInfo.java:shutdownFollowerState(110)) - 13f92446-3b18-4d81-bc66-0f9b00220e72: shutdown 13f92446-3b18-4d81-bc66-0f9b00220e72@group-B62AC99FA1E0-FollowerState
2024-02-22 20:33:46,437 [13f92446-3b18-4d81-bc66-0f9b00220e72-impl-thread4] INFO  impl.StateMachineUpdater (StateMachineUpdater.java:stopAndJoin(157)) - 13f92446-3b18-4d81-bc66-0f9b00220e72@group-B62AC99FA1E0-StateMachineUpdater: set stopIndex = -1
2024-02-22 20:33:46,437 [13f92446-3b18-4d81-bc66-0f9b00220e72@group-B62AC99FA1E0-FollowerState] INFO  impl.FollowerState (FollowerState.java:run(152)) - 13f92446-3b18-4d81-bc66-0f9b00220e72@group-B62AC99FA1E0-FollowerState was interrupted
2024-02-22 20:33:46,432 [grpc-default-executor-9] INFO  server.GrpcServerProtocolService (GrpcServerProtocolService.java:onCompleted(157)) - 78f89d9b-e409-4704-890b-bfcfbcdfd28a: Completed APPEND_ENTRIES, lastRequest: null
2024-02-22 20:33:46,430 [e46a6e51-795f-4801-a523-c45a6c7f2c34@group-A538022C1006-SegmentedRaftLogWorker] INFO  segmented.SegmentedRaftLogWorker (SegmentedRaftLogWorker.java:execute(634)) - e46a6e51-795f-4801-a523-c45a6c7f2c34@group-A538022C1006-SegmentedRaftLogWorker: created new log segment /home/runner/work/ozone/ozone/hadoop-ozone/integration-test/target/test-dir/MiniOzoneClusterImpl-a0fc024b-a492-45a5-9697-b0d14f72cb5c/datanode-0/data/ratis/b7ad60d3-b3bb-4da3-89ae-a538022c1006/current/log_inprogress_0
2024-02-22 20:33:46,430 [grpc-default-executor-1] INFO  server.RaftServer$Division (RaftServerImpl.java:requestVote(1389)) - e46a6e51-795f-4801-a523-c45a6c7f2c34@group-1944BBB8D763: receive requestVote(PRE_VOTE, e780b093-7242-46d7-bd8f-0f810188c7b3, group-1944BBB8D763, 0, (t:0, i:0))
2024-02-22 20:33:46,438 [grpc-default-executor-1] INFO  impl.VoteContext (VoteContext.java:log(49)) - e46a6e51-795f-4801-a523-c45a6c7f2c34@group-1944BBB8D763-FOLLOWER: accept PRE_VOTE from e780b093-7242-46d7-bd8f-0f810188c7b3: our priority 0 <= candidate's priority 0
2024-02-22 20:33:46,438 [grpc-default-executor-1] INFO  server.RaftServer$Division (RaftServerImpl.java:requestVote(1422)) - e46a6e51-795f-4801-a523-c45a6c7f2c34@group-1944BBB8D763 replies to PRE_VOTE vote request: e780b093-7242-46d7-bd8f-0f810188c7b3<-e46a6e51-795f-4801-a523-c45a6c7f2c34#0:OK-t0. Peer's state: e46a6e51-795f-4801-a523-c45a6c7f2c34@group-1944BBB8D763:t0, leader=null, voted=, raftlog=Memoized:e46a6e51-795f-4801-a523-c45a6c7f2c34@group-1944BBB8D763-SegmentedRaftLog:OPENED:c-1, conf=-1: peers:[86ab988c-fa9c-425d-a1c6-9004ff7fd93d|10.1.0.33:15059, e46a6e51-795f-4801-a523-c45a6c7f2c34|10.1.0.33:15014, e780b093-7242-46d7-bd8f-0f810188c7b3|10.1.0.33:15095]|listeners:[], old=null
2024-02-22 20:33:46,430 [4e8f68d6-fd98-4f77-87e3-715939181693@group-9D5BCF0FDB08-LeaderElection30] INFO  server.RaftServerConfigKeys (ConfUtils.java:logGet(46)) - raft.server.log.appender.wait-time.min = 0μs (custom)
2024-02-22 20:33:46,438 [4e8f68d6-fd98-4f77-87e3-715939181693@group-9D5BCF0FDB08-LeaderElection30] INFO  grpc.GrpcConfigKeys (ConfUtils.java:logGet(46)) - raft.grpc.server.leader.outstanding.appends.max = 8 (default)
2024-02-22 20:33:46,438 [4e8f68d6-fd98-4f77-87e3-715939181693@group-9D5BCF0FDB08-LeaderElection30] INFO  server.RaftServerConfigKeys (ConfUtils.java:logGet(46)) - raft.server.rpc.request.timeout = 60s (custom)
2024-02-22 20:33:46,439 [4e8f68d6-fd98-4f77-87e3-715939181693@group-9D5BCF0FDB08-LeaderElection30] INFO  grpc.GrpcConfigKeys (ConfUtils.java:logGet(46)) - raft.grpc.server.install_snapshot.request.element-limit = 8 (default)
2024-02-22 20:33:46,439 [4e8f68d6-fd98-4f77-87e3-715939181693@group-9D5BCF0FDB08-LeaderElection30] INFO  grpc.GrpcConfigKeys (ConfUtils.java:logGet(46)) - raft.grpc.server.install_snapshot.request.timeout = 3000ms (default)
2024-02-22 20:33:46,439 [4e8f68d6-fd98-4f77-87e3-715939181693@group-9D5BCF0FDB08-LeaderElection30] INFO  grpc.GrpcConfigKeys (ConfUtils.java:logGet(46)) - raft.grpc.server.log-message.batch.duration = 5s (default)
2024-02-22 20:33:46,439 [4e8f68d6-fd98-4f77-87e3-715939181693@group-9D5BCF0FDB08-LeaderElection30] INFO  server.RaftServerConfigKeys (ConfUtils.java:logGet(46)) - raft.server.log.appender.install.snapshot.enabled = false (custom)
2024-02-22 20:33:46,439 [4e8f68d6-fd98-4f77-87e3-715939181693@group-9D5BCF0FDB08-LeaderElection30] INFO  grpc.GrpcConfigKeys (ConfUtils.java:logGet(46)) - raft.grpc.server.heartbeat.channel = true (default)
2024-02-22 20:33:46,439 [4e8f68d6-fd98-4f77-87e3-715939181693@group-9D5BCF0FDB08-LeaderElection30] INFO  impl.RoleInfo (RoleInfo.java:updateAndGet(139)) - 4e8f68d6-fd98-4f77-87e3-715939181693: start 4e8f68d6-fd98-4f77-87e3-715939181693@group-9D5BCF0FDB08-LeaderStateImpl
2024-02-22 20:33:46,439 [4e8f68d6-fd98-4f77-87e3-715939181693@group-9D5BCF0FDB08-LeaderElection30] INFO  server.RaftServer$Division (RaftServerImpl.java:setFirstElection(574)) - 4e8f68d6-fd98-4f77-87e3-715939181693@group-9D5BCF0FDB08: set firstElectionSinceStartup to false for becomeLeader
2024-02-22 20:33:46,439 [4e8f68d6-fd98-4f77-87e3-715939181693@group-9D5BCF0FDB08-LeaderElection30] INFO  ratis.XceiverServerRatis (XceiverServerRatis.java:handleLeaderChangedNotification(966)) - Leader change notification received for group: group-9D5BCF0FDB08 with new leaderId: 4e8f68d6-fd98-4f77-87e3-715939181693
2024-02-22 20:33:46,439 [4e8f68d6-fd98-4f77-87e3-715939181693@group-9D5BCF0FDB08-LeaderElection30] INFO  server.RaftServer$Division (ServerState.java:setLeader(269)) - 4e8f68d6-fd98-4f77-87e3-715939181693@group-9D5BCF0FDB08: change Leader from null to 4e8f68d6-fd98-4f77-87e3-715939181693 at term 1 for becomeLeader, leader elected after 5679ms
2024-02-22 20:33:46,440 [4e8f68d6-fd98-4f77-87e3-715939181693@group-9D5BCF0FDB08-LeaderElection30] INFO  segmented.SegmentedRaftLogWorker (SegmentedRaftLogWorker.java:startLogSegment(430)) - 4e8f68d6-fd98-4f77-87e3-715939181693@group-9D5BCF0FDB08-SegmentedRaftLogWorker: Starting segment from index:0
2024-02-22 20:33:46,440 [4e8f68d6-fd98-4f77-87e3-715939181693@group-9D5BCF0FDB08-LeaderElection30] INFO  server.RaftServer$Division (ServerState.java:setRaftConf(386)) - 4e8f68d6-fd98-4f77-87e3-715939181693@group-9D5BCF0FDB08: set configuration 0: peers:[78f89d9b-e409-4704-890b-bfcfbcdfd28a|10.1.0.33:15086, d25dc3b0-28fc-4383-b1a0-617845025f41|10.1.0.33:15032, 4e8f68d6-fd98-4f77-87e3-715939181693|10.1.0.33:15041]|listeners:[], old=null
2024-02-22 20:33:46,430 [13f92446-3b18-4d81-bc66-0f9b00220e72@group-F0C26C70F6EA-FollowerState] INFO  server.RaftServerConfigKeys (ConfUtils.java:logGet(46)) - raft.server.leaderelection.pre-vote = true (default)
2024-02-22 20:33:46,440 [4e8f68d6-fd98-4f77-87e3-715939181693@group-9D5BCF0FDB08-SegmentedRaftLogWorker] INFO  segmented.BufferedWriteChannel (BufferedWriteChannel.java:open(62)) - open log_inprogress_0 at position 0
2024-02-22 20:33:46,429 [grpc-default-executor-2] INFO  server.RaftServer$Division (RaftServerImpl.java:requestVote(1389)) - 86ab988c-fa9c-425d-a1c6-9004ff7fd93d@group-1944BBB8D763: receive requestVote(PRE_VOTE, e780b093-7242-46d7-bd8f-0f810188c7b3, group-1944BBB8D763, 0, (t:0, i:0))
2024-02-22 20:33:46,442 [grpc-default-executor-2] INFO  impl.VoteContext (VoteContext.java:log(49)) - 86ab988c-fa9c-425d-a1c6-9004ff7fd93d@group-1944BBB8D763-CANDIDATE: reject PRE_VOTE from e780b093-7242-46d7-bd8f-0f810188c7b3: our priority 1 > candidate's priority 0
2024-02-22 20:33:46,442 [grpc-default-executor-2] INFO  server.RaftServer$Division (RaftServerImpl.java:requestVote(1422)) - 86ab988c-fa9c-425d-a1c6-9004ff7fd93d@group-1944BBB8D763 replies to PRE_VOTE vote request: e780b093-7242-46d7-bd8f-0f810188c7b3<-86ab988c-fa9c-425d-a1c6-9004ff7fd93d#0:FAIL-t0. Peer's state: 86ab988c-fa9c-425d-a1c6-9004ff7fd93d@group-1944BBB8D763:t0, leader=null, voted=, raftlog=Memoized:86ab988c-fa9c-425d-a1c6-9004ff7fd93d@group-1944BBB8D763-SegmentedRaftLog:OPENED:c-1, conf=-1: peers:[86ab988c-fa9c-425d-a1c6-9004ff7fd93d|10.1.0.33:15059, e46a6e51-795f-4801-a523-c45a6c7f2c34|10.1.0.33:15014, e780b093-7242-46d7-bd8f-0f810188c7b3|10.1.0.33:15095]|listeners:[], old=null
2024-02-22 20:33:46,429 [78f89d9b-e409-4704-890b-bfcfbcdfd28a@group-C4BFF782AB50-SegmentedRaftLogWorker] INFO  segmented.BufferedWriteChannel (BufferedWriteChannel.java:open(62)) - open log_inprogress_0 at position 0
2024-02-22 20:33:46,429 [86ab988c-fa9c-425d-a1c6-9004ff7fd93d@group-1944BBB8D763-LeaderElection37] INFO  impl.LeaderElection (LeaderElection.java:askForVotes(323)) - 86ab988c-fa9c-425d-a1c6-9004ff7fd93d@group-1944BBB8D763-LeaderElection37 PRE_VOTE round 0: result PASSED
2024-02-22 20:33:46,429 [e780b093-7242-46d7-bd8f-0f810188c7b3@group-1944BBB8D763-LeaderElection39] INFO  server.RaftServerConfigKeys (ConfUtils.java:logFallback(53)) - raft.server.rpc.first-election.timeout.min = 5s (fallback to raft.server.rpc.timeout.min)
2024-02-22 20:33:46,446 [e780b093-7242-46d7-bd8f-0f810188c7b3@group-1944BBB8D763-LeaderElection39] INFO  server.RaftServerConfigKeys (ConfUtils.java:logFallback(53)) - raft.server.rpc.first-election.timeout.max = 5200ms (fallback to raft.server.rpc.timeout.max)
2024-02-22 20:33:46,428 [13f92446-3b18-4d81-bc66-0f9b00220e72@group-C6933685B048-FollowerState] INFO  server.RaftServerConfigKeys (ConfUtils.java:logGet(46)) - raft.server.leaderelection.pre-vote = true (default)
2024-02-22 20:33:46,447 [13f92446-3b18-4d81-bc66-0f9b00220e72@group-C6933685B048-FollowerState] INFO  impl.RoleInfo (RoleInfo.java:updateAndGet(139)) - 13f92446-3b18-4d81-bc66-0f9b00220e72: start 13f92446-3b18-4d81-bc66-0f9b00220e72@group-C6933685B048-LeaderElection41
2024-02-22 20:33:46,427 [main] INFO  server.GrpcService (GrpcService.java:closeImpl(311)) - 13f92446-3b18-4d81-bc66-0f9b00220e72: shutdown server org.apache.ratis.grpc.server.GrpcClientProtocolService now
2024-02-22 20:33:46,426 [13f92446-3b18-4d81-bc66-0f9b00220e72@group-B58ED9299B6F-StateMachineUpdater] INFO  ratis.ContainerStateMachine (ContainerStateMachine.java:takeSnapshot(355)) - group-B58ED9299B6F: Taking a snapshot at:(t:1, i:0) file /home/runner/work/ozone/ozone/hadoop-ozone/integration-test/target/test-dir/MiniOzoneClusterImpl-a0fc024b-a492-45a5-9697-b0d14f72cb5c/datanode-7/data/ratis/d49f5e63-9859-43c9-95b6-b58ed9299b6f/sm/snapshot.1_0
2024-02-22 20:33:46,426 [13f92446-3b18-4d81-bc66-0f9b00220e72-impl-thread3] INFO  impl.StateMachineUpdater (StateMachineUpdater.java:stopAndJoin(157)) - 13f92446-3b18-4d81-bc66-0f9b00220e72@group-B58ED9299B6F-StateMachineUpdater: set stopIndex = 0
2024-02-22 20:33:46,424 [13f92446-3b18-4d81-bc66-0f9b00220e72-impl-thread5] INFO  impl.StateMachineUpdater (StateMachineUpdater.java:stopAndJoin(157)) - 13f92446-3b18-4d81-bc66-0f9b00220e72@group-F0C26C70F6EA-StateMachineUpdater: set stopIndex = -1
2024-02-22 20:33:46,450 [13f92446-3b18-4d81-bc66-0f9b00220e72-impl-thread5] INFO  server.RaftServer$Division (ServerState.java:close(427)) - 13f92446-3b18-4d81-bc66-0f9b00220e72@group-F0C26C70F6EA: applyIndex: -1
2024-02-22 20:33:46,426 [e46a6e51-795f-4801-a523-c45a6c7f2c34@group-83D984655C73-SegmentedRaftLogWorker] INFO  segmented.SegmentedRaftLogWorker (SegmentedRaftLogWorker.java:execute(634)) - e46a6e51-795f-4801-a523-c45a6c7f2c34@group-83D984655C73-SegmentedRaftLogWorker: created new log segment /home/runner/work/ozone/ozone/hadoop-ozone/integration-test/target/test-dir/MiniOzoneClusterImpl-a0fc024b-a492-45a5-9697-b0d14f72cb5c/datanode-0/data/ratis/0077ebc2-8b09-4842-8a13-83d984655c73/current/log_inprogress_0
2024-02-22 20:33:46,426 [grpc-default-executor-3] INFO  server.RaftServer$Division (RaftServerImpl.java:requestVote(1389)) - 78f89d9b-e409-4704-890b-bfcfbcdfd28a@group-8820B9A2DC65: receive requestVote(PRE_VOTE, d25dc3b0-28fc-4383-b1a0-617845025f41, group-8820B9A2DC65, 0, (t:0, i:0))
2024-02-22 20:33:46,426 [grpc-default-executor-13] INFO  server.GrpcLogAppender (GrpcLogAppender.java:onCompleted(546)) - 13f92446-3b18-4d81-bc66-0f9b00220e72@group-B58ED9299B6F->c30fedce-f286-40e0-881d-3d5a9a6e2463-AppendLogResponseHandler: follower responses appendEntries COMPLETED
2024-02-22 20:33:46,450 [grpc-default-executor-3] INFO  impl.VoteContext (VoteContext.java:log(49)) - 78f89d9b-e409-4704-890b-bfcfbcdfd28a@group-8820B9A2DC65-FOLLOWER: accept PRE_VOTE from d25dc3b0-28fc-4383-b1a0-617845025f41: our priority 0 <= candidate's priority 1
2024-02-22 20:33:46,450 [grpc-default-executor-3] INFO  server.RaftServer$Division (RaftServerImpl.java:requestVote(1422)) - 78f89d9b-e409-4704-890b-bfcfbcdfd28a@group-8820B9A2DC65 replies to PRE_VOTE vote request: d25dc3b0-28fc-4383-b1a0-617845025f41<-78f89d9b-e409-4704-890b-bfcfbcdfd28a#0:OK-t0. Peer's state: 78f89d9b-e409-4704-890b-bfcfbcdfd28a@group-8820B9A2DC65:t0, leader=null, voted=, raftlog=Memoized:78f89d9b-e409-4704-890b-bfcfbcdfd28a@group-8820B9A2DC65-SegmentedRaftLog:OPENED:c-1, conf=-1: peers:[78f89d9b-e409-4704-890b-bfcfbcdfd28a|10.1.0.33:15086, d25dc3b0-28fc-4383-b1a0-617845025f41|10.1.0.33:15032, 4e8f68d6-fd98-4f77-87e3-715939181693|10.1.0.33:15041]|listeners:[], old=null
2024-02-22 20:33:46,426 [13f92446-3b18-4d81-bc66-0f9b00220e72@group-C4BFF782AB50-cacheEviction-AwaitToRun] INFO  util.AwaitToRun (AwaitToRun.java:run(49)) - 13f92446-3b18-4d81-bc66-0f9b00220e72@group-C4BFF782AB50-cacheEviction-AwaitToRun-AwaitForSignal is interrupted
2024-02-22 20:33:46,424 [4e8f68d6-fd98-4f77-87e3-715939181693@group-8820B9A2DC65-LeaderElection36] INFO  server.RaftServer$Division (RaftServerImpl.java:setFirstElection(574)) - 4e8f68d6-fd98-4f77-87e3-715939181693@group-8820B9A2DC65: set firstElectionSinceStartup to false for REJECTED
2024-02-22 20:33:46,451 [grpc-default-executor-5] INFO  impl.VoteContext (VoteContext.java:log(49)) - 4e8f68d6-fd98-4f77-87e3-715939181693@group-8820B9A2DC65-FOLLOWER: accept PRE_VOTE from d25dc3b0-28fc-4383-b1a0-617845025f41: our priority 0 <= candidate's priority 1
2024-02-22 20:33:46,451 [grpc-default-executor-5] INFO  server.RaftServer$Division (RaftServerImpl.java:requestVote(1422)) - 4e8f68d6-fd98-4f77-87e3-715939181693@group-8820B9A2DC65 replies to PRE_VOTE vote request: d25dc3b0-28fc-4383-b1a0-617845025f41<-4e8f68d6-fd98-4f77-87e3-715939181693#0:OK-t0. Peer's state: 4e8f68d6-fd98-4f77-87e3-715939181693@group-8820B9A2DC65:t0, leader=null, voted=, raftlog=Memoized:4e8f68d6-fd98-4f77-87e3-715939181693@group-8820B9A2DC65-SegmentedRaftLog:OPENED:c-1, conf=-1: peers:[78f89d9b-e409-4704-890b-bfcfbcdfd28a|10.1.0.33:15086, d25dc3b0-28fc-4383-b1a0-617845025f41|10.1.0.33:15032, 4e8f68d6-fd98-4f77-87e3-715939181693|10.1.0.33:15041]|listeners:[], old=null
2024-02-22 20:33:46,424 [13f92446-3b18-4d81-bc66-0f9b00220e72-impl-thread6] INFO  util.JmxRegister (JmxRegister.java:unregister(73)) - Successfully un-registered JMX Bean with object name Ratis:service=RaftServer,group=group-C6933685B048,id=13f92446-3b18-4d81-bc66-0f9b00220e72
2024-02-22 20:33:46,451 [13f92446-3b18-4d81-bc66-0f9b00220e72-impl-thread6] INFO  impl.RoleInfo (RoleInfo.java:shutdownLeaderElection(130)) - 13f92446-3b18-4d81-bc66-0f9b00220e72: shutdown 13f92446-3b18-4d81-bc66-0f9b00220e72@group-C6933685B048-LeaderElection41
2024-02-22 20:33:46,452 [13f92446-3b18-4d81-bc66-0f9b00220e72-impl-thread6] INFO  impl.StateMachineUpdater (StateMachineUpdater.java:stopAndJoin(157)) - 13f92446-3b18-4d81-bc66-0f9b00220e72@group-C6933685B048-StateMachineUpdater: set stopIndex = -1
2024-02-22 20:33:46,448 [grpc-default-executor-1] INFO  server.GrpcLogAppender (GrpcLogAppender.java:onCompleted(546)) - 13f92446-3b18-4d81-bc66-0f9b00220e72@group-B58ED9299B6F->78f89d9b-e409-4704-890b-bfcfbcdfd28a-AppendLogResponseHandler: follower responses appendEntries COMPLETED
2024-02-22 20:33:46,447 [13f92446-3b18-4d81-bc66-0f9b00220e72-impl-thread4] INFO  server.RaftServer$Division (ServerState.java:close(427)) - 13f92446-3b18-4d81-bc66-0f9b00220e72@group-B62AC99FA1E0: applyIndex: -1
2024-02-22 20:33:46,440 [13f92446-3b18-4d81-bc66-0f9b00220e72@group-F0C26C70F6EA-FollowerState] INFO  impl.RoleInfo (RoleInfo.java:updateAndGet(139)) - 13f92446-3b18-4d81-bc66-0f9b00220e72: start 13f92446-3b18-4d81-bc66-0f9b00220e72@group-F0C26C70F6EA-LeaderElection40
2024-02-22 20:33:46,452 [13f92446-3b18-4d81-bc66-0f9b00220e72@group-B62AC99FA1E0-cacheEviction-AwaitToRun] INFO  util.AwaitToRun (AwaitToRun.java:run(49)) - 13f92446-3b18-4d81-bc66-0f9b00220e72@group-B62AC99FA1E0-cacheEviction-AwaitToRun-AwaitForSignal is interrupted
2024-02-22 20:33:46,452 [4e8f68d6-fd98-4f77-87e3-715939181693@group-9D5BCF0FDB08-SegmentedRaftLogWorker] INFO  segmented.SegmentedRaftLogWorker (SegmentedRaftLogWorker.java:execute(634)) - 4e8f68d6-fd98-4f77-87e3-715939181693@group-9D5BCF0FDB08-SegmentedRaftLogWorker: created new log segment /home/runner/work/ozone/ozone/hadoop-ozone/integration-test/target/test-dir/MiniOzoneClusterImpl-a0fc024b-a492-45a5-9697-b0d14f72cb5c/datanode-3/data/ratis/6139a09f-40c0-48a4-995f-9d5bcf0fdb08/current/log_inprogress_0
2024-02-22 20:33:46,453 [c30fedce-f286-40e0-881d-3d5a9a6e2463@group-2DB48FF385FC-FollowerState] INFO  impl.FollowerState (FollowerState.java:run(143)) - c30fedce-f286-40e0-881d-3d5a9a6e2463@group-2DB48FF385FC-FollowerState: change to CANDIDATE, lastRpcElapsedTime:5055648233ns, electionTimeout:5038ms
2024-02-22 20:33:46,453 [c30fedce-f286-40e0-881d-3d5a9a6e2463@group-2DB48FF385FC-FollowerState] INFO  impl.RoleInfo (RoleInfo.java:shutdownFollowerState(110)) - c30fedce-f286-40e0-881d-3d5a9a6e2463: shutdown c30fedce-f286-40e0-881d-3d5a9a6e2463@group-2DB48FF385FC-FollowerState
2024-02-22 20:33:46,453 [c30fedce-f286-40e0-881d-3d5a9a6e2463@group-2DB48FF385FC-FollowerState] INFO  server.RaftServer$Division (RaftServerImpl.java:setRole(383)) - c30fedce-f286-40e0-881d-3d5a9a6e2463@group-2DB48FF385FC: changes role from  FOLLOWER to CANDIDATE at term 0 for changeToCandidate
2024-02-22 20:33:46,454 [78f89d9b-e409-4704-890b-bfcfbcdfd28a@group-C4BFF782AB50-SegmentedRaftLogWorker] INFO  segmented.SegmentedRaftLogWorker (SegmentedRaftLogWorker.java:execute(634)) - 78f89d9b-e409-4704-890b-bfcfbcdfd28a@group-C4BFF782AB50-SegmentedRaftLogWorker: created new log segment /home/runner/work/ozone/ozone/hadoop-ozone/integration-test/target/test-dir/MiniOzoneClusterImpl-a0fc024b-a492-45a5-9697-b0d14f72cb5c/datanode-8/data/ratis/974fd487-4b0f-4554-8c0f-c4bff782ab50/current/log_inprogress_0
2024-02-22 20:33:46,454 [13f92446-3b18-4d81-bc66-0f9b00220e72-impl-thread6] INFO  server.RaftServer$Division (ServerState.java:close(427)) - 13f92446-3b18-4d81-bc66-0f9b00220e72@group-C6933685B048: applyIndex: -1
2024-02-22 20:33:46,454 [86ab988c-fa9c-425d-a1c6-9004ff7fd93d@group-1944BBB8D763-LeaderElection37] INFO  impl.LeaderElection (LeaderElection.java:askForVotes(321)) - 86ab988c-fa9c-425d-a1c6-9004ff7fd93d@group-1944BBB8D763-LeaderElection37 ELECTION round 0: submit vote requests at term 1 for -1: peers:[86ab988c-fa9c-425d-a1c6-9004ff7fd93d|10.1.0.33:15059, e46a6e51-795f-4801-a523-c45a6c7f2c34|10.1.0.33:15014, e780b093-7242-46d7-bd8f-0f810188c7b3|10.1.0.33:15095]|listeners:[], old=null
2024-02-22 20:33:46,451 [d25dc3b0-28fc-4383-b1a0-617845025f41@group-8820B9A2DC65-LeaderElection38] INFO  impl.LeaderElection (LeaderElection.java:logAndReturn(89)) - d25dc3b0-28fc-4383-b1a0-617845025f41@group-8820B9A2DC65-LeaderElection38: PRE_VOTE PASSED received 1 response(s) and 0 exception(s):
2024-02-22 20:33:46,454 [d25dc3b0-28fc-4383-b1a0-617845025f41@group-8820B9A2DC65-LeaderElection38] INFO  impl.LeaderElection (LeaderElection.java:logAndReturn(93)) -   Response 0: d25dc3b0-28fc-4383-b1a0-617845025f41<-4e8f68d6-fd98-4f77-87e3-715939181693#0:OK-t0
2024-02-22 20:33:46,455 [grpc-default-executor-11] INFO  server.GrpcServerProtocolService (GrpcServerProtocolService.java:lambda$onCompleted$5(159)) - c30fedce-f286-40e0-881d-3d5a9a6e2463: Completed APPEND_ENTRIES, lastReply: serverReply {
  requestorId: "13f92446-3b18-4d81-bc66-0f9b00220e72"
  replyId: "c30fedce-f286-40e0-881d-3d5a9a6e2463"
  raftGroupId {
    id: "\324\237^c\230YC\311\225\266\265\216\331)\233o"
  }
  success: true
}
term: 1
nextIndex: 1
followerCommit: 18446744073709551615
matchIndex: 18446744073709551615
isHearbeat: true

2024-02-22 20:33:46,455 [e780b093-7242-46d7-bd8f-0f810188c7b3@group-A538022C1006-StateMachineUpdater] INFO  server.RaftServer$Division (LeaderStateImpl.java:isApplied(320)) - leader is ready since appliedIndex == 0 >= startIndex == 0
2024-02-22 20:33:46,456 [13f92446-3b18-4d81-bc66-0f9b00220e72@group-C6933685B048-LeaderElection41] INFO  impl.LeaderElection (LeaderElection.java:run(239)) - 13f92446-3b18-4d81-bc66-0f9b00220e72@group-C6933685B048-LeaderElection41: skip running since this is already CLOSING
2024-02-22 20:33:46,456 [13f92446-3b18-4d81-bc66-0f9b00220e72@group-F0C26C70F6EA-cacheEviction-AwaitToRun] INFO  util.AwaitToRun (AwaitToRun.java:run(49)) - 13f92446-3b18-4d81-bc66-0f9b00220e72@group-F0C26C70F6EA-cacheEviction-AwaitToRun-AwaitForSignal is interrupted
2024-02-22 20:33:46,459 [d25dc3b0-28fc-4383-b1a0-617845025f41-server-thread1] INFO  ratis.XceiverServerRatis (XceiverServerRatis.java:handleLeaderChangedNotification(966)) - Leader change notification received for group: group-9D5BCF0FDB08 with new leaderId: 4e8f68d6-fd98-4f77-87e3-715939181693
2024-02-22 20:33:46,459 [d25dc3b0-28fc-4383-b1a0-617845025f41-server-thread1] INFO  server.RaftServer$Division (ServerState.java:setLeader(269)) - d25dc3b0-28fc-4383-b1a0-617845025f41@group-9D5BCF0FDB08: change Leader from null to 4e8f68d6-fd98-4f77-87e3-715939181693 at term 1 for appendEntries, leader elected after 5904ms
2024-02-22 20:33:46,459 [grpc-default-executor-9] INFO  server.GrpcServerProtocolService (GrpcServerProtocolService.java:lambda$onCompleted$5(159)) - 78f89d9b-e409-4704-890b-bfcfbcdfd28a: Completed APPEND_ENTRIES, lastReply: serverReply {
  requestorId: "13f92446-3b18-4d81-bc66-0f9b00220e72"
  replyId: "78f89d9b-e409-4704-890b-bfcfbcdfd28a"
  raftGroupId {
    id: "\324\237^c\230YC\311\225\266\265\216\331)\233o"
  }
  success: true
}
term: 1
followerCommit: 18446744073709551615
matchIndex: 18446744073709551615
isHearbeat: true

2024-02-22 20:33:46,460 [grpc-default-executor-12] INFO  server.GrpcLogAppender (GrpcLogAppender.java:onCompleted(546)) - 13f92446-3b18-4d81-bc66-0f9b00220e72@group-B58ED9299B6F->78f89d9b-e409-4704-890b-bfcfbcdfd28a-AppendLogResponseHandler: follower responses appendEntries COMPLETED
2024-02-22 20:33:46,460 [Thread-1422] INFO  server.GrpcServerProtocolClient (GrpcServerProtocolClient.java:close(103)) - c30fedce-f286-40e0-881d-3d5a9a6e2463 Close channels
2024-02-22 20:33:46,460 [Thread-1421] INFO  server.GrpcServerProtocolClient (GrpcServerProtocolClient.java:close(103)) - 78f89d9b-e409-4704-890b-bfcfbcdfd28a Close channels
2024-02-22 20:33:46,462 [e780b093-7242-46d7-bd8f-0f810188c7b3@group-1944BBB8D763-LeaderElection39] INFO  impl.LeaderElection (LeaderElection.java:logAndReturn(89)) - e780b093-7242-46d7-bd8f-0f810188c7b3@group-1944BBB8D763-LeaderElection39: PRE_VOTE REJECTED received 2 response(s) and 0 exception(s):
2024-02-22 20:33:46,462 [e780b093-7242-46d7-bd8f-0f810188c7b3@group-1944BBB8D763-LeaderElection39] INFO  impl.LeaderElection (LeaderElection.java:logAndReturn(93)) -   Response 0: e780b093-7242-46d7-bd8f-0f810188c7b3<-86ab988c-fa9c-425d-a1c6-9004ff7fd93d#0:FAIL-t0
2024-02-22 20:33:46,462 [e780b093-7242-46d7-bd8f-0f810188c7b3@group-1944BBB8D763-LeaderElection39] INFO  impl.LeaderElection (LeaderElection.java:logAndReturn(93)) -   Response 1: e780b093-7242-46d7-bd8f-0f810188c7b3<-e46a6e51-795f-4801-a523-c45a6c7f2c34#0:OK-t0
2024-02-22 20:33:46,462 [e780b093-7242-46d7-bd8f-0f810188c7b3@group-1944BBB8D763-LeaderElection39] INFO  impl.LeaderElection (LeaderElection.java:askForVotes(323)) - e780b093-7242-46d7-bd8f-0f810188c7b3@group-1944BBB8D763-LeaderElection39 PRE_VOTE round 0: result REJECTED
2024-02-22 20:33:46,462 [e780b093-7242-46d7-bd8f-0f810188c7b3@group-1944BBB8D763-LeaderElection39] INFO  server.RaftServer$Division (RaftServerImpl.java:setRole(383)) - e780b093-7242-46d7-bd8f-0f810188c7b3@group-1944BBB8D763: changes role from CANDIDATE to FOLLOWER at term 0 for REJECTED
2024-02-22 20:33:46,462 [e780b093-7242-46d7-bd8f-0f810188c7b3@group-1944BBB8D763-LeaderElection39] INFO  impl.RoleInfo (RoleInfo.java:shutdownLeaderElection(130)) - e780b093-7242-46d7-bd8f-0f810188c7b3: shutdown e780b093-7242-46d7-bd8f-0f810188c7b3@group-1944BBB8D763-LeaderElection39
2024-02-22 20:33:46,462 [e780b093-7242-46d7-bd8f-0f810188c7b3@group-1944BBB8D763-LeaderElection39] INFO  impl.RoleInfo (RoleInfo.java:updateAndGet(139)) - e780b093-7242-46d7-bd8f-0f810188c7b3: start e780b093-7242-46d7-bd8f-0f810188c7b3@group-1944BBB8D763-FollowerState
2024-02-22 20:33:46,462 [e780b093-7242-46d7-bd8f-0f810188c7b3@group-1944BBB8D763-LeaderElection39] INFO  server.RaftServer$Division (RaftServerImpl.java:setFirstElection(574)) - e780b093-7242-46d7-bd8f-0f810188c7b3@group-1944BBB8D763: set firstElectionSinceStartup to false for REJECTED
2024-02-22 20:33:46,466 [d25dc3b0-28fc-4383-b1a0-617845025f41@group-8820B9A2DC65-LeaderElection38] INFO  impl.LeaderElection (LeaderElection.java:askForVotes(323)) - d25dc3b0-28fc-4383-b1a0-617845025f41@group-8820B9A2DC65-LeaderElection38 PRE_VOTE round 0: result PASSED
2024-02-22 20:33:46,468 [13f92446-3b18-4d81-bc66-0f9b00220e72@group-C6933685B048-cacheEviction-AwaitToRun] INFO  util.AwaitToRun (AwaitToRun.java:run(49)) - 13f92446-3b18-4d81-bc66-0f9b00220e72@group-C6933685B048-cacheEviction-AwaitToRun-AwaitForSignal is interrupted
2024-02-22 20:33:46,468 [c30fedce-f286-40e0-881d-3d5a9a6e2463@group-2DB48FF385FC-FollowerState] INFO  server.RaftServerConfigKeys (ConfUtils.java:logGet(46)) - raft.server.leaderelection.pre-vote = true (default)
2024-02-22 20:33:46,468 [c30fedce-f286-40e0-881d-3d5a9a6e2463@group-2DB48FF385FC-FollowerState] INFO  impl.RoleInfo (RoleInfo.java:updateAndGet(139)) - c30fedce-f286-40e0-881d-3d5a9a6e2463: start c30fedce-f286-40e0-881d-3d5a9a6e2463@group-2DB48FF385FC-LeaderElection42
2024-02-22 20:33:46,468 [grpc-default-executor-11] INFO  server.GrpcLogAppender (GrpcLogAppender.java:onCompleted(546)) - 13f92446-3b18-4d81-bc66-0f9b00220e72@group-B58ED9299B6F->c30fedce-f286-40e0-881d-3d5a9a6e2463-AppendLogResponseHandler: follower responses appendEntries COMPLETED
2024-02-22 20:33:46,469 [grpc-default-executor-11] WARN  server.GrpcLogAppender (GrpcLogAppender.java:resetClient(226)) - 13f92446-3b18-4d81-bc66-0f9b00220e72@group-B58ED9299B6F->c30fedce-f286-40e0-881d-3d5a9a6e2463-GrpcLogAppender: Failed to getClient for c30fedce-f286-40e0-881d-3d5a9a6e2463
org.apache.ratis.protocol.exceptions.AlreadyClosedException: 13f92446-3b18-4d81-bc66-0f9b00220e72 is already CLOSED
	at org.apache.ratis.util.PeerProxyMap$PeerAndProxy.getProxy(PeerProxyMap.java:65)
	at org.apache.ratis.util.PeerProxyMap.getProxy(PeerProxyMap.java:114)
	at org.apache.ratis.grpc.server.GrpcLogAppender.getClient(GrpcLogAppender.java:196)
	at org.apache.ratis.grpc.server.GrpcLogAppender.resetClient(GrpcLogAppender.java:201)
	at org.apache.ratis.grpc.server.GrpcLogAppender.access$800(GrpcLogAppender.java:62)
	at org.apache.ratis.grpc.server.GrpcLogAppender$AppendLogResponseHandler.onCompleted(GrpcLogAppender.java:547)
	at org.apache.ratis.thirdparty.io.grpc.stub.ClientCalls$StreamObserverToCallListenerAdapter.onClose(ClientCalls.java:479)
	at org.apache.ratis.thirdparty.io.grpc.internal.DelayedClientCall$DelayedListener$3.run(DelayedClientCall.java:489)
	at org.apache.ratis.thirdparty.io.grpc.internal.DelayedClientCall$DelayedListener.delayOrExecute(DelayedClientCall.java:453)
	at org.apache.ratis.thirdparty.io.grpc.internal.DelayedClientCall$DelayedListener.onClose(DelayedClientCall.java:486)
	at org.apache.ratis.thirdparty.io.grpc.internal.ClientCallImpl.closeObserver(ClientCallImpl.java:567)
	at org.apache.ratis.thirdparty.io.grpc.internal.ClientCallImpl.access$300(ClientCallImpl.java:71)
	at org.apache.ratis.thirdparty.io.grpc.internal.ClientCallImpl$ClientStreamListenerImpl$1StreamClosed.runInternal(ClientCallImpl.java:735)
	at org.apache.ratis.thirdparty.io.grpc.internal.ClientCallImpl$ClientStreamListenerImpl$1StreamClosed.runInContext(ClientCallImpl.java:716)
	at org.apache.ratis.thirdparty.io.grpc.internal.ContextRunnable.run(ContextRunnable.java:37)
	at org.apache.ratis.thirdparty.io.grpc.internal.SerializingExecutor.run(SerializingExecutor.java:133)
	at java.util.concurrent.ThreadPoolExecutor.runWorker(ThreadPoolExecutor.java:1149)
	at java.util.concurrent.ThreadPoolExecutor$Worker.run(ThreadPoolExecutor.java:624)
	at java.lang.Thread.run(Thread.java:750)
2024-02-22 20:33:46,469 [d25dc3b0-28fc-4383-b1a0-617845025f41@group-8820B9A2DC65-LeaderElection38] INFO  impl.LeaderElection (LeaderElection.java:askForVotes(321)) - d25dc3b0-28fc-4383-b1a0-617845025f41@group-8820B9A2DC65-LeaderElection38 ELECTION round 0: submit vote requests at term 1 for -1: peers:[78f89d9b-e409-4704-890b-bfcfbcdfd28a|10.1.0.33:15086, d25dc3b0-28fc-4383-b1a0-617845025f41|10.1.0.33:15032, 4e8f68d6-fd98-4f77-87e3-715939181693|10.1.0.33:15041]|listeners:[], old=null
2024-02-22 20:33:46,470 [c30fedce-f286-40e0-881d-3d5a9a6e2463@group-2DB48FF385FC-LeaderElection42] INFO  impl.LeaderElection (LeaderElection.java:askForVotes(321)) - c30fedce-f286-40e0-881d-3d5a9a6e2463@group-2DB48FF385FC-LeaderElection42 PRE_VOTE round 0: submit vote requests at term 0 for -1: peers:[c30fedce-f286-40e0-881d-3d5a9a6e2463|10.1.0.33:15068]|listeners:[], old=null
2024-02-22 20:33:46,470 [c30fedce-f286-40e0-881d-3d5a9a6e2463@group-2DB48FF385FC-LeaderElection42] INFO  impl.LeaderElection (LeaderElection.java:askForVotes(323)) - c30fedce-f286-40e0-881d-3d5a9a6e2463@group-2DB48FF385FC-LeaderElection42 PRE_VOTE round 0: result PASSED (term=0)
2024-02-22 20:33:46,471 [c30fedce-f286-40e0-881d-3d5a9a6e2463@group-2DB48FF385FC-LeaderElection42] INFO  impl.LeaderElection (LeaderElection.java:askForVotes(321)) - c30fedce-f286-40e0-881d-3d5a9a6e2463@group-2DB48FF385FC-LeaderElection42 ELECTION round 0: submit vote requests at term 1 for -1: peers:[c30fedce-f286-40e0-881d-3d5a9a6e2463|10.1.0.33:15068]|listeners:[], old=null
2024-02-22 20:33:46,472 [c30fedce-f286-40e0-881d-3d5a9a6e2463@group-2DB48FF385FC-LeaderElection42] INFO  impl.LeaderElection (LeaderElection.java:askForVotes(323)) - c30fedce-f286-40e0-881d-3d5a9a6e2463@group-2DB48FF385FC-LeaderElection42 ELECTION round 0: result PASSED (term=1)
2024-02-22 20:33:46,472 [c30fedce-f286-40e0-881d-3d5a9a6e2463@group-2DB48FF385FC-LeaderElection42] INFO  impl.RoleInfo (RoleInfo.java:shutdownLeaderElection(130)) - c30fedce-f286-40e0-881d-3d5a9a6e2463: shutdown c30fedce-f286-40e0-881d-3d5a9a6e2463@group-2DB48FF385FC-LeaderElection42
2024-02-22 20:33:46,473 [c30fedce-f286-40e0-881d-3d5a9a6e2463@group-2DB48FF385FC-LeaderElection42] INFO  server.RaftServer$Division (RaftServerImpl.java:setRole(383)) - c30fedce-f286-40e0-881d-3d5a9a6e2463@group-2DB48FF385FC: changes role from CANDIDATE to LEADER at term 1 for changeToLeader
2024-02-22 20:33:46,474 [c30fedce-f286-40e0-881d-3d5a9a6e2463@group-2DB48FF385FC-LeaderElection42] INFO  server.RaftServerConfigKeys (ConfUtils.java:logGet(46)) - raft.server.staging.catchup.gap = 1000 (default)
2024-02-22 20:33:46,475 [13f92446-3b18-4d81-bc66-0f9b00220e72@group-EF19AB1BE06F-StateMachineUpdater] INFO  ratis.ContainerStateMachine (ContainerStateMachine.java:takeSnapshot(366)) - group-EF19AB1BE06F: Finished taking a snapshot at:(t:1, i:0) file:/home/runner/work/ozone/ozone/hadoop-ozone/integration-test/target/test-dir/MiniOzoneClusterImpl-a0fc024b-a492-45a5-9697-b0d14f72cb5c/datanode-7/data/ratis/d218b5b2-1780-4e0a-a27d-ef19ab1be06f/sm/snapshot.1_0 took: 82 ms
2024-02-22 20:33:46,475 [13f92446-3b18-4d81-bc66-0f9b00220e72@group-B58ED9299B6F-StateMachineUpdater] INFO  ratis.ContainerStateMachine (ContainerStateMachine.java:takeSnapshot(366)) - group-B58ED9299B6F: Finished taking a snapshot at:(t:1, i:0) file:/home/runner/work/ozone/ozone/hadoop-ozone/integration-test/target/test-dir/MiniOzoneClusterImpl-a0fc024b-a492-45a5-9697-b0d14f72cb5c/datanode-7/data/ratis/d49f5e63-9859-43c9-95b6-b58ed9299b6f/sm/snapshot.1_0 took: 49 ms
2024-02-22 20:33:46,477 [13f92446-3b18-4d81-bc66-0f9b00220e72@group-EF19AB1BE06F-StateMachineUpdater] INFO  impl.StateMachineUpdater (StateMachineUpdater.java:takeSnapshot(295)) - 13f92446-3b18-4d81-bc66-0f9b00220e72@group-EF19AB1BE06F-StateMachineUpdater: Took a snapshot at index 0
2024-02-22 20:33:46,477 [13f92446-3b18-4d81-bc66-0f9b00220e72@group-B58ED9299B6F-StateMachineUpdater] INFO  impl.StateMachineUpdater (StateMachineUpdater.java:takeSnapshot(295)) - 13f92446-3b18-4d81-bc66-0f9b00220e72@group-B58ED9299B6F-StateMachineUpdater: Took a snapshot at index 0
2024-02-22 20:33:46,477 [13f92446-3b18-4d81-bc66-0f9b00220e72@group-EF19AB1BE06F-StateMachineUpdater] INFO  impl.StateMachineUpdater (StateMachineUpdater.java:lambda$new$0(98)) - 13f92446-3b18-4d81-bc66-0f9b00220e72@group-EF19AB1BE06F-StateMachineUpdater: snapshotIndex: updateIncreasingly -1 -> 0
2024-02-22 20:33:46,477 [13f92446-3b18-4d81-bc66-0f9b00220e72@group-B58ED9299B6F-StateMachineUpdater] INFO  impl.StateMachineUpdater (StateMachineUpdater.java:lambda$new$0(98)) - 13f92446-3b18-4d81-bc66-0f9b00220e72@group-B58ED9299B6F-StateMachineUpdater: snapshotIndex: updateIncreasingly -1 -> 0
2024-02-22 20:33:46,478 [d25dc3b0-28fc-4383-b1a0-617845025f41@group-8820B9A2DC65-LeaderElection38] INFO  server.RaftServerConfigKeys (ConfUtils.java:logFallback(53)) - raft.server.rpc.first-election.timeout.min = 5s (fallback to raft.server.rpc.timeout.min)
2024-02-22 20:33:46,478 [d25dc3b0-28fc-4383-b1a0-617845025f41@group-8820B9A2DC65-LeaderElection38] INFO  server.RaftServerConfigKeys (ConfUtils.java:logFallback(53)) - raft.server.rpc.first-election.timeout.max = 5200ms (fallback to raft.server.rpc.timeout.max)
2024-02-22 20:33:46,479 [13f92446-3b18-4d81-bc66-0f9b00220e72-impl-thread3] INFO  server.RaftServer$Division (ServerState.java:close(427)) - 13f92446-3b18-4d81-bc66-0f9b00220e72@group-B58ED9299B6F: applyIndex: 0
2024-02-22 20:33:46,485 [grpc-default-executor-13] INFO  server.RaftServer$Division (RaftServerImpl.java:requestVote(1389)) - e780b093-7242-46d7-bd8f-0f810188c7b3@group-1944BBB8D763: receive requestVote(ELECTION, 86ab988c-fa9c-425d-a1c6-9004ff7fd93d, group-1944BBB8D763, 1, (t:0, i:0))
2024-02-22 20:33:46,485 [d25dc3b0-28fc-4383-b1a0-617845025f41-server-thread2] INFO  server.RaftServer$Division (ServerState.java:setRaftConf(386)) - d25dc3b0-28fc-4383-b1a0-617845025f41@group-9D5BCF0FDB08: set configuration 0: peers:[78f89d9b-e409-4704-890b-bfcfbcdfd28a|10.1.0.33:15086, d25dc3b0-28fc-4383-b1a0-617845025f41|10.1.0.33:15032, 4e8f68d6-fd98-4f77-87e3-715939181693|10.1.0.33:15041]|listeners:[], old=null
2024-02-22 20:33:46,486 [d25dc3b0-28fc-4383-b1a0-617845025f41-server-thread2] INFO  segmented.SegmentedRaftLogWorker (SegmentedRaftLogWorker.java:startLogSegment(430)) - d25dc3b0-28fc-4383-b1a0-617845025f41@group-9D5BCF0FDB08-SegmentedRaftLogWorker: Starting segment from index:0
2024-02-22 20:33:46,486 [d25dc3b0-28fc-4383-b1a0-617845025f41@group-9D5BCF0FDB08-SegmentedRaftLogWorker] INFO  segmented.BufferedWriteChannel (BufferedWriteChannel.java:open(62)) - open log_inprogress_0 at position 0
2024-02-22 20:33:46,489 [grpc-default-executor-1] WARN  server.GrpcLogAppender (LogUtils.java:warn(121)) - c30fedce-f286-40e0-881d-3d5a9a6e2463@group-C4BFF782AB50->13f92446-3b18-4d81-bc66-0f9b00220e72-AppendLogResponseHandler: Failed appendEntries: org.apache.ratis.protocol.exceptions.ServerNotReadyException: 13f92446-3b18-4d81-bc66-0f9b00220e72@group-C4BFF782AB50 is not in [STARTING, RUNNING]: current state is CLOSING
2024-02-22 20:33:46,485 [grpc-default-executor-9] INFO  server.RaftServer$Division (RaftServerImpl.java:requestVote(1389)) - 78f89d9b-e409-4704-890b-bfcfbcdfd28a@group-8820B9A2DC65: receive requestVote(ELECTION, d25dc3b0-28fc-4383-b1a0-617845025f41, group-8820B9A2DC65, 1, (t:0, i:0))
2024-02-22 20:33:46,489 [grpc-default-executor-3] INFO  server.RaftServer$Division (RaftServerImpl.java:requestVote(1389)) - 4e8f68d6-fd98-4f77-87e3-715939181693@group-8820B9A2DC65: receive requestVote(ELECTION, d25dc3b0-28fc-4383-b1a0-617845025f41, group-8820B9A2DC65, 1, (t:0, i:0))
2024-02-22 20:33:46,489 [grpc-default-executor-9] INFO  impl.VoteContext (VoteContext.java:log(49)) - 78f89d9b-e409-4704-890b-bfcfbcdfd28a@group-8820B9A2DC65-FOLLOWER: accept ELECTION from d25dc3b0-28fc-4383-b1a0-617845025f41: our priority 0 <= candidate's priority 1
2024-02-22 20:33:46,490 [grpc-default-executor-3] INFO  impl.VoteContext (VoteContext.java:log(49)) - 4e8f68d6-fd98-4f77-87e3-715939181693@group-8820B9A2DC65-FOLLOWER: accept ELECTION from d25dc3b0-28fc-4383-b1a0-617845025f41: our priority 0 <= candidate's priority 1
2024-02-22 20:33:46,490 [grpc-default-executor-9] INFO  server.RaftServer$Division (RaftServerImpl.java:setRole(383)) - 78f89d9b-e409-4704-890b-bfcfbcdfd28a@group-8820B9A2DC65: changes role from  FOLLOWER to FOLLOWER at term 1 for candidate:d25dc3b0-28fc-4383-b1a0-617845025f41
2024-02-22 20:33:46,483 [86ab988c-fa9c-425d-a1c6-9004ff7fd93d@group-1944BBB8D763-LeaderElection37] INFO  server.RaftServerConfigKeys (ConfUtils.java:logFallback(53)) - raft.server.rpc.first-election.timeout.min = 5s (fallback to raft.server.rpc.timeout.min)
2024-02-22 20:33:46,480 [13f92446-3b18-4d81-bc66-0f9b00220e72-impl-thread1] INFO  server.RaftServer$Division (ServerState.java:close(427)) - 13f92446-3b18-4d81-bc66-0f9b00220e72@group-EF19AB1BE06F: applyIndex: 0
2024-02-22 20:33:46,490 [86ab988c-fa9c-425d-a1c6-9004ff7fd93d@group-1944BBB8D763-LeaderElection37] INFO  server.RaftServerConfigKeys (ConfUtils.java:logFallback(53)) - raft.server.rpc.first-election.timeout.max = 5200ms (fallback to raft.server.rpc.timeout.max)
2024-02-22 20:33:46,490 [main] INFO  server.GrpcService (GrpcService.java:closeImpl(320)) - 13f92446-3b18-4d81-bc66-0f9b00220e72: shutdown server org.apache.ratis.grpc.server.GrpcClientProtocolService successfully
2024-02-22 20:33:46,490 [main] INFO  server.GrpcService (GrpcService.java:closeImpl(311)) - 13f92446-3b18-4d81-bc66-0f9b00220e72: shutdown server GrpcServerProtocolService now
2024-02-22 20:33:46,490 [grpc-default-executor-9] INFO  impl.RoleInfo (RoleInfo.java:shutdownFollowerState(110)) - 78f89d9b-e409-4704-890b-bfcfbcdfd28a: shutdown 78f89d9b-e409-4704-890b-bfcfbcdfd28a@group-8820B9A2DC65-FollowerState
2024-02-22 20:33:46,490 [grpc-default-executor-3] INFO  server.RaftServer$Division (RaftServerImpl.java:setRole(383)) - 4e8f68d6-fd98-4f77-87e3-715939181693@group-8820B9A2DC65: changes role from  FOLLOWER to FOLLOWER at term 1 for candidate:d25dc3b0-28fc-4383-b1a0-617845025f41
2024-02-22 20:33:46,491 [grpc-default-executor-3] INFO  impl.RoleInfo (RoleInfo.java:shutdownFollowerState(110)) - 4e8f68d6-fd98-4f77-87e3-715939181693: shutdown 4e8f68d6-fd98-4f77-87e3-715939181693@group-8820B9A2DC65-FollowerState
2024-02-22 20:33:46,485 [grpc-default-executor-13] INFO  impl.VoteContext (VoteContext.java:log(49)) - e780b093-7242-46d7-bd8f-0f810188c7b3@group-1944BBB8D763-FOLLOWER: accept ELECTION from 86ab988c-fa9c-425d-a1c6-9004ff7fd93d: our priority 0 <= candidate's priority 1
2024-02-22 20:33:46,491 [grpc-default-executor-13] INFO  server.RaftServer$Division (RaftServerImpl.java:setRole(383)) - e780b093-7242-46d7-bd8f-0f810188c7b3@group-1944BBB8D763: changes role from  FOLLOWER to FOLLOWER at term 1 for candidate:86ab988c-fa9c-425d-a1c6-9004ff7fd93d
2024-02-22 20:33:46,491 [grpc-default-executor-13] INFO  impl.RoleInfo (RoleInfo.java:shutdownFollowerState(110)) - e780b093-7242-46d7-bd8f-0f810188c7b3: shutdown e780b093-7242-46d7-bd8f-0f810188c7b3@group-1944BBB8D763-FollowerState
2024-02-22 20:33:46,485 [13f92446-3b18-4d81-bc66-0f9b00220e72@group-B58ED9299B6F-cacheEviction-AwaitToRun] INFO  util.AwaitToRun (AwaitToRun.java:run(49)) - 13f92446-3b18-4d81-bc66-0f9b00220e72@group-B58ED9299B6F-cacheEviction-AwaitToRun-AwaitForSignal is interrupted
2024-02-22 20:33:46,493 [grpc-default-executor-2] WARN  server.GrpcServerProtocolService (LogUtils.java:warn(121)) - 13f92446-3b18-4d81-bc66-0f9b00220e72: APPEND_ENTRIES onError, lastRequest: null: org.apache.ratis.thirdparty.io.grpc.StatusRuntimeException: CANCELLED: client cancelled
2024-02-22 20:33:46,497 [d25dc3b0-28fc-4383-b1a0-617845025f41@group-9D5BCF0FDB08-SegmentedRaftLogWorker] INFO  segmented.SegmentedRaftLogWorker (SegmentedRaftLogWorker.java:execute(634)) - d25dc3b0-28fc-4383-b1a0-617845025f41@group-9D5BCF0FDB08-SegmentedRaftLogWorker: created new log segment /home/runner/work/ozone/ozone/hadoop-ozone/integration-test/target/test-dir/MiniOzoneClusterImpl-a0fc024b-a492-45a5-9697-b0d14f72cb5c/datanode-2/data/ratis/6139a09f-40c0-48a4-995f-9d5bcf0fdb08/current/log_inprogress_0
2024-02-22 20:33:46,498 [c30fedce-f286-40e0-881d-3d5a9a6e2463@group-2DB48FF385FC-LeaderElection42] INFO  server.RaftServerConfigKeys (ConfUtils.java:logGet(46)) - raft.server.write.element-limit = 1024 (custom)
2024-02-22 20:33:46,498 [c30fedce-f286-40e0-881d-3d5a9a6e2463@group-2DB48FF385FC-LeaderElection42] INFO  server.RaftServerConfigKeys (ConfUtils.java:logGet(46)) - raft.server.write.byte-limit = 1024 M (=1073741824) (custom)
2024-02-22 20:33:46,498 [grpc-default-executor-8] INFO  server.RaftServer$Division (RaftServerImpl.java:requestVote(1389)) - e46a6e51-795f-4801-a523-c45a6c7f2c34@group-1944BBB8D763: receive requestVote(ELECTION, 86ab988c-fa9c-425d-a1c6-9004ff7fd93d, group-1944BBB8D763, 1, (t:0, i:0))
2024-02-22 20:33:46,498 [c30fedce-f286-40e0-881d-3d5a9a6e2463@group-2DB48FF385FC-LeaderElection42] INFO  server.RaftServerConfigKeys (ConfUtils.java:logGet(46)) - raft.server.watch.timeout = 180s (custom)
2024-02-22 20:33:46,498 [c30fedce-f286-40e0-881d-3d5a9a6e2463@group-2DB48FF385FC-LeaderElection42] INFO  server.RaftServerConfigKeys (ConfUtils.java:logGet(46)) - raft.server.watch.timeout.denomination = 1s (default)
2024-02-22 20:33:46,498 [c30fedce-f286-40e0-881d-3d5a9a6e2463@group-2DB48FF385FC-LeaderElection42] INFO  server.RaftServerConfigKeys (ConfUtils.java:logGet(46)) - raft.server.watch.element-limit = 65536 (default)
2024-02-22 20:33:46,498 [c30fedce-f286-40e0-881d-3d5a9a6e2463@group-2DB48FF385FC-LeaderElection42] INFO  server.RaftServerConfigKeys (ConfUtils.java:logGet(46)) - raft.server.read.leader.lease.enabled = false (default)
2024-02-22 20:33:46,498 [c30fedce-f286-40e0-881d-3d5a9a6e2463@group-2DB48FF385FC-LeaderElection42] INFO  server.RaftServerConfigKeys (ConfUtils.java:logGet(46)) - raft.server.read.leader.lease.timeout.ratio = 0.9 (default)
2024-02-22 20:33:46,498 [c30fedce-f286-40e0-881d-3d5a9a6e2463@group-2DB48FF385FC-LeaderElection42] INFO  server.RaftServerConfigKeys (ConfUtils.java:logGet(46)) - raft.server.rpc.timeout.min = 5s (custom)
2024-02-22 20:33:46,498 [c30fedce-f286-40e0-881d-3d5a9a6e2463@group-2DB48FF385FC-LeaderElection42] INFO  server.RaftServerConfigKeys (ConfUtils.java:logGet(46)) - raft.server.write.element-limit = 1024 (custom)
2024-02-22 20:33:46,499 [c30fedce-f286-40e0-881d-3d5a9a6e2463@group-2DB48FF385FC-LeaderElection42] INFO  server.RaftServerConfigKeys (ConfUtils.java:logGet(46)) - raft.server.write.follower.gap.ratio.max = -1.0 (default)
2024-02-22 20:33:46,499 [c30fedce-f286-40e0-881d-3d5a9a6e2463@group-2DB48FF385FC-LeaderElection42] INFO  impl.RoleInfo (RoleInfo.java:updateAndGet(139)) - c30fedce-f286-40e0-881d-3d5a9a6e2463: start c30fedce-f286-40e0-881d-3d5a9a6e2463@group-2DB48FF385FC-LeaderStateImpl
2024-02-22 20:33:46,499 [c30fedce-f286-40e0-881d-3d5a9a6e2463@group-2DB48FF385FC-LeaderElection42] INFO  server.RaftServer$Division (RaftServerImpl.java:setFirstElection(574)) - c30fedce-f286-40e0-881d-3d5a9a6e2463@group-2DB48FF385FC: set firstElectionSinceStartup to false for becomeLeader
2024-02-22 20:33:46,499 [c30fedce-f286-40e0-881d-3d5a9a6e2463@group-2DB48FF385FC-LeaderElection42] INFO  ratis.XceiverServerRatis (XceiverServerRatis.java:handleLeaderChangedNotification(966)) - Leader change notification received for group: group-2DB48FF385FC with new leaderId: c30fedce-f286-40e0-881d-3d5a9a6e2463
2024-02-22 20:33:46,498 [grpc-default-executor-8] INFO  impl.VoteContext (VoteContext.java:log(49)) - e46a6e51-795f-4801-a523-c45a6c7f2c34@group-1944BBB8D763-FOLLOWER: accept ELECTION from 86ab988c-fa9c-425d-a1c6-9004ff7fd93d: our priority 0 <= candidate's priority 1
2024-02-22 20:33:46,499 [grpc-default-executor-8] INFO  server.RaftServer$Division (RaftServerImpl.java:setRole(383)) - e46a6e51-795f-4801-a523-c45a6c7f2c34@group-1944BBB8D763: changes role from  FOLLOWER to FOLLOWER at term 1 for candidate:86ab988c-fa9c-425d-a1c6-9004ff7fd93d
2024-02-22 20:33:46,499 [grpc-default-executor-8] INFO  impl.RoleInfo (RoleInfo.java:shutdownFollowerState(110)) - e46a6e51-795f-4801-a523-c45a6c7f2c34: shutdown e46a6e51-795f-4801-a523-c45a6c7f2c34@group-1944BBB8D763-FollowerState
2024-02-22 20:33:46,500 [78f89d9b-e409-4704-890b-bfcfbcdfd28a-server-thread1] INFO  ratis.XceiverServerRatis (XceiverServerRatis.java:handleLeaderChangedNotification(966)) - Leader change notification received for group: group-9D5BCF0FDB08 with new leaderId: 4e8f68d6-fd98-4f77-87e3-715939181693
2024-02-22 20:33:46,500 [78f89d9b-e409-4704-890b-bfcfbcdfd28a-server-thread1] INFO  server.RaftServer$Division (ServerState.java:setLeader(269)) - 78f89d9b-e409-4704-890b-bfcfbcdfd28a@group-9D5BCF0FDB08: change Leader from null to 4e8f68d6-fd98-4f77-87e3-715939181693 at term 1 for appendEntries, leader elected after 5462ms
2024-02-22 20:33:46,500 [grpc-default-executor-13] INFO  impl.RoleInfo (RoleInfo.java:updateAndGet(139)) - e780b093-7242-46d7-bd8f-0f810188c7b3: start e780b093-7242-46d7-bd8f-0f810188c7b3@group-1944BBB8D763-FollowerState
2024-02-22 20:33:46,500 [grpc-default-executor-9] INFO  impl.RoleInfo (RoleInfo.java:updateAndGet(139)) - 78f89d9b-e409-4704-890b-bfcfbcdfd28a: start 78f89d9b-e409-4704-890b-bfcfbcdfd28a@group-8820B9A2DC65-FollowerState
2024-02-22 20:33:46,500 [4e8f68d6-fd98-4f77-87e3-715939181693@group-8820B9A2DC65-FollowerState] INFO  impl.FollowerState (FollowerState.java:run(152)) - 4e8f68d6-fd98-4f77-87e3-715939181693@group-8820B9A2DC65-FollowerState was interrupted
2024-02-22 20:33:46,500 [grpc-default-executor-3] INFO  impl.RoleInfo (RoleInfo.java:updateAndGet(139)) - 4e8f68d6-fd98-4f77-87e3-715939181693: start 4e8f68d6-fd98-4f77-87e3-715939181693@group-8820B9A2DC65-FollowerState
2024-02-22 20:33:46,500 [e780b093-7242-46d7-bd8f-0f810188c7b3@group-1944BBB8D763-FollowerState] INFO  impl.FollowerState (FollowerState.java:run(152)) - e780b093-7242-46d7-bd8f-0f810188c7b3@group-1944BBB8D763-FollowerState was interrupted
2024-02-22 20:33:46,501 [78f89d9b-e409-4704-890b-bfcfbcdfd28a@group-8820B9A2DC65-FollowerState] INFO  impl.FollowerState (FollowerState.java:run(152)) - 78f89d9b-e409-4704-890b-bfcfbcdfd28a@group-8820B9A2DC65-FollowerState was interrupted
2024-02-22 20:33:46,501 [grpc-default-executor-9] INFO  server.RaftServer$Division (RaftServerImpl.java:setFirstElection(574)) - 78f89d9b-e409-4704-890b-bfcfbcdfd28a@group-8820B9A2DC65: set firstElectionSinceStartup to false for candidate:d25dc3b0-28fc-4383-b1a0-617845025f41
2024-02-22 20:33:46,500 [13f92446-3b18-4d81-bc66-0f9b00220e72@group-EF19AB1BE06F-cacheEviction-AwaitToRun] INFO  util.AwaitToRun (AwaitToRun.java:run(49)) - 13f92446-3b18-4d81-bc66-0f9b00220e72@group-EF19AB1BE06F-cacheEviction-AwaitToRun-AwaitForSignal is interrupted
2024-02-22 20:33:46,508 [main] INFO  server.GrpcService (GrpcService.java:closeImpl(320)) - 13f92446-3b18-4d81-bc66-0f9b00220e72: shutdown server GrpcServerProtocolService successfully
2024-02-22 20:33:46,508 [main] INFO  server.GrpcService (GrpcService.java:closeImpl(311)) - 13f92446-3b18-4d81-bc66-0f9b00220e72: shutdown server org.apache.ratis.grpc.server.GrpcAdminProtocolService now
2024-02-22 20:33:46,508 [grpc-default-executor-9] INFO  server.RaftServer$Division (RaftServerImpl.java:requestVote(1422)) - 78f89d9b-e409-4704-890b-bfcfbcdfd28a@group-8820B9A2DC65 replies to ELECTION vote request: d25dc3b0-28fc-4383-b1a0-617845025f41<-78f89d9b-e409-4704-890b-bfcfbcdfd28a#0:OK-t1. Peer's state: 78f89d9b-e409-4704-890b-bfcfbcdfd28a@group-8820B9A2DC65:t1, leader=null, voted=d25dc3b0-28fc-4383-b1a0-617845025f41, raftlog=Memoized:78f89d9b-e409-4704-890b-bfcfbcdfd28a@group-8820B9A2DC65-SegmentedRaftLog:OPENED:c-1, conf=-1: peers:[78f89d9b-e409-4704-890b-bfcfbcdfd28a|10.1.0.33:15086, d25dc3b0-28fc-4383-b1a0-617845025f41|10.1.0.33:15032, 4e8f68d6-fd98-4f77-87e3-715939181693|10.1.0.33:15041]|listeners:[], old=null
2024-02-22 20:33:46,513 [main] INFO  server.GrpcService (GrpcService.java:closeImpl(320)) - 13f92446-3b18-4d81-bc66-0f9b00220e72: shutdown server org.apache.ratis.grpc.server.GrpcAdminProtocolService successfully
2024-02-22 20:33:46,513 [78f89d9b-e409-4704-890b-bfcfbcdfd28a-server-thread2] INFO  server.RaftServer$Division (ServerState.java:setRaftConf(386)) - 78f89d9b-e409-4704-890b-bfcfbcdfd28a@group-9D5BCF0FDB08: set configuration 0: peers:[78f89d9b-e409-4704-890b-bfcfbcdfd28a|10.1.0.33:15086, d25dc3b0-28fc-4383-b1a0-617845025f41|10.1.0.33:15032, 4e8f68d6-fd98-4f77-87e3-715939181693|10.1.0.33:15041]|listeners:[], old=null
2024-02-22 20:33:46,514 [78f89d9b-e409-4704-890b-bfcfbcdfd28a-server-thread2] INFO  segmented.SegmentedRaftLogWorker (SegmentedRaftLogWorker.java:startLogSegment(430)) - 78f89d9b-e409-4704-890b-bfcfbcdfd28a@group-9D5BCF0FDB08-SegmentedRaftLogWorker: Starting segment from index:0
2024-02-22 20:33:46,515 [e46a6e51-795f-4801-a523-c45a6c7f2c34@group-1944BBB8D763-FollowerState] INFO  impl.FollowerState (FollowerState.java:run(152)) - e46a6e51-795f-4801-a523-c45a6c7f2c34@group-1944BBB8D763-FollowerState was interrupted
2024-02-22 20:33:46,515 [c30fedce-f286-40e0-881d-3d5a9a6e2463@group-2DB48FF385FC-LeaderElection42] INFO  server.RaftServer$Division (ServerState.java:setLeader(269)) - c30fedce-f286-40e0-881d-3d5a9a6e2463@group-2DB48FF385FC: change Leader from null to c30fedce-f286-40e0-881d-3d5a9a6e2463 at term 1 for becomeLeader, leader elected after 5187ms
2024-02-22 20:33:46,515 [c30fedce-f286-40e0-881d-3d5a9a6e2463@group-2DB48FF385FC-LeaderElection42] INFO  segmented.SegmentedRaftLogWorker (SegmentedRaftLogWorker.java:startLogSegment(430)) - c30fedce-f286-40e0-881d-3d5a9a6e2463@group-2DB48FF385FC-SegmentedRaftLogWorker: Starting segment from index:0
2024-02-22 20:33:46,516 [c30fedce-f286-40e0-881d-3d5a9a6e2463@group-2DB48FF385FC-LeaderElection42] INFO  server.RaftServer$Division (ServerState.java:setRaftConf(386)) - c30fedce-f286-40e0-881d-3d5a9a6e2463@group-2DB48FF385FC: set configuration 0: peers:[c30fedce-f286-40e0-881d-3d5a9a6e2463|10.1.0.33:15068]|listeners:[], old=null
2024-02-22 20:33:46,516 [c30fedce-f286-40e0-881d-3d5a9a6e2463@group-2DB48FF385FC-SegmentedRaftLogWorker] INFO  segmented.BufferedWriteChannel (BufferedWriteChannel.java:open(62)) - open log_inprogress_0 at position 0
2024-02-22 20:33:46,520 [grpc-default-executor-3] INFO  server.RaftServer$Division (RaftServerImpl.java:requestVote(1422)) - 4e8f68d6-fd98-4f77-87e3-715939181693@group-8820B9A2DC65 replies to ELECTION vote request: d25dc3b0-28fc-4383-b1a0-617845025f41<-4e8f68d6-fd98-4f77-87e3-715939181693#0:OK-t1. Peer's state: 4e8f68d6-fd98-4f77-87e3-715939181693@group-8820B9A2DC65:t1, leader=null, voted=d25dc3b0-28fc-4383-b1a0-617845025f41, raftlog=Memoized:4e8f68d6-fd98-4f77-87e3-715939181693@group-8820B9A2DC65-SegmentedRaftLog:OPENED:c-1, conf=-1: peers:[78f89d9b-e409-4704-890b-bfcfbcdfd28a|10.1.0.33:15086, d25dc3b0-28fc-4383-b1a0-617845025f41|10.1.0.33:15032, 4e8f68d6-fd98-4f77-87e3-715939181693|10.1.0.33:15041]|listeners:[], old=null
2024-02-22 20:33:46,520 [grpc-default-executor-13] INFO  server.RaftServer$Division (RaftServerImpl.java:requestVote(1422)) - e780b093-7242-46d7-bd8f-0f810188c7b3@group-1944BBB8D763 replies to ELECTION vote request: 86ab988c-fa9c-425d-a1c6-9004ff7fd93d<-e780b093-7242-46d7-bd8f-0f810188c7b3#0:OK-t1. Peer's state: e780b093-7242-46d7-bd8f-0f810188c7b3@group-1944BBB8D763:t1, leader=null, voted=86ab988c-fa9c-425d-a1c6-9004ff7fd93d, raftlog=Memoized:e780b093-7242-46d7-bd8f-0f810188c7b3@group-1944BBB8D763-SegmentedRaftLog:OPENED:c-1, conf=-1: peers:[86ab988c-fa9c-425d-a1c6-9004ff7fd93d|10.1.0.33:15059, e46a6e51-795f-4801-a523-c45a6c7f2c34|10.1.0.33:15014, e780b093-7242-46d7-bd8f-0f810188c7b3|10.1.0.33:15095]|listeners:[], old=null
2024-02-22 20:33:46,525 [d25dc3b0-28fc-4383-b1a0-617845025f41@group-8820B9A2DC65-LeaderElection38] INFO  impl.LeaderElection (LeaderElection.java:logAndReturn(89)) - d25dc3b0-28fc-4383-b1a0-617845025f41@group-8820B9A2DC65-LeaderElection38: ELECTION PASSED received 1 response(s) and 0 exception(s):
2024-02-22 20:33:46,525 [d25dc3b0-28fc-4383-b1a0-617845025f41@group-8820B9A2DC65-LeaderElection38] INFO  impl.LeaderElection (LeaderElection.java:logAndReturn(93)) -   Response 0: d25dc3b0-28fc-4383-b1a0-617845025f41<-78f89d9b-e409-4704-890b-bfcfbcdfd28a#0:OK-t1
2024-02-22 20:33:46,525 [d25dc3b0-28fc-4383-b1a0-617845025f41@group-8820B9A2DC65-LeaderElection38] INFO  impl.LeaderElection (LeaderElection.java:askForVotes(323)) - d25dc3b0-28fc-4383-b1a0-617845025f41@group-8820B9A2DC65-LeaderElection38 ELECTION round 0: result PASSED
2024-02-22 20:33:46,525 [d25dc3b0-28fc-4383-b1a0-617845025f41@group-8820B9A2DC65-LeaderElection38] INFO  impl.RoleInfo (RoleInfo.java:shutdownLeaderElection(130)) - d25dc3b0-28fc-4383-b1a0-617845025f41: shutdown d25dc3b0-28fc-4383-b1a0-617845025f41@group-8820B9A2DC65-LeaderElection38
2024-02-22 20:33:46,525 [d25dc3b0-28fc-4383-b1a0-617845025f41@group-8820B9A2DC65-LeaderElection38] INFO  server.RaftServer$Division (RaftServerImpl.java:setRole(383)) - d25dc3b0-28fc-4383-b1a0-617845025f41@group-8820B9A2DC65: changes role from CANDIDATE to LEADER at term 1 for changeToLeader
2024-02-22 20:33:46,525 [d25dc3b0-28fc-4383-b1a0-617845025f41@group-8820B9A2DC65-LeaderElection38] INFO  server.RaftServerConfigKeys (ConfUtils.java:logGet(46)) - raft.server.staging.catchup.gap = 1000 (default)
2024-02-22 20:33:46,525 [grpc-default-executor-1] INFO  leader.LogAppender (LogAppenderBase.java:lambda$getNextIndexForError$0(215)) - Decrease nextIndex to 0
2024-02-22 20:33:46,526 [grpc-default-executor-1] INFO  leader.LogAppender (LogAppenderBase.java:lambda$getNextIndexForError$0(215)) - Decrease nextIndex to 0
2024-02-22 20:33:46,526 [grpc-default-executor-1] INFO  leader.FollowerInfo (FollowerInfoImpl.java:info(70)) - c30fedce-f286-40e0-881d-3d5a9a6e2463@group-C4BFF782AB50->13f92446-3b18-4d81-bc66-0f9b00220e72: computeNextIndex nextIndex: updateUnconditionally 1 -> 0
2024-02-22 20:33:46,527 [78f89d9b-e409-4704-890b-bfcfbcdfd28a@group-9D5BCF0FDB08-SegmentedRaftLogWorker] INFO  segmented.BufferedWriteChannel (BufferedWriteChannel.java:open(62)) - open log_inprogress_0 at position 0
2024-02-22 20:33:46,526 [c30fedce-f286-40e0-881d-3d5a9a6e2463@group-2DB48FF385FC-SegmentedRaftLogWorker] INFO  segmented.SegmentedRaftLogWorker (SegmentedRaftLogWorker.java:execute(634)) - c30fedce-f286-40e0-881d-3d5a9a6e2463@group-2DB48FF385FC-SegmentedRaftLogWorker: created new log segment /home/runner/work/ozone/ozone/hadoop-ozone/integration-test/target/test-dir/MiniOzoneClusterImpl-a0fc024b-a492-45a5-9697-b0d14f72cb5c/datanode-6/data/ratis/3026ec21-9570-4ecf-bd50-2db48ff385fc/current/log_inprogress_0
2024-02-22 20:33:46,530 [c30fedce-f286-40e0-881d-3d5a9a6e2463@group-C4BFF782AB50-StateMachineUpdater] INFO  server.RaftServer$Division (LeaderStateImpl.java:isApplied(320)) - leader is ready since appliedIndex == 0 >= startIndex == 0
2024-02-22 20:33:46,532 [923be64f-71f4-4891-b05d-82ff5a9df5b5@group-AFFC1E458E84-FollowerState] INFO  impl.FollowerState (FollowerState.java:run(143)) - 923be64f-71f4-4891-b05d-82ff5a9df5b5@group-AFFC1E458E84-FollowerState: change to CANDIDATE, lastRpcElapsedTime:5007795939ns, electionTimeout:5006ms
2024-02-22 20:33:46,532 [923be64f-71f4-4891-b05d-82ff5a9df5b5@group-AFFC1E458E84-FollowerState] INFO  impl.RoleInfo (RoleInfo.java:shutdownFollowerState(110)) - 923be64f-71f4-4891-b05d-82ff5a9df5b5: shutdown 923be64f-71f4-4891-b05d-82ff5a9df5b5@group-AFFC1E458E84-FollowerState
2024-02-22 20:33:46,532 [923be64f-71f4-4891-b05d-82ff5a9df5b5@group-AFFC1E458E84-FollowerState] INFO  server.RaftServer$Division (RaftServerImpl.java:setRole(383)) - 923be64f-71f4-4891-b05d-82ff5a9df5b5@group-AFFC1E458E84: changes role from  FOLLOWER to CANDIDATE at term 0 for changeToCandidate
2024-02-22 20:33:46,532 [923be64f-71f4-4891-b05d-82ff5a9df5b5@group-AFFC1E458E84-FollowerState] INFO  server.RaftServerConfigKeys (ConfUtils.java:logGet(46)) - raft.server.leaderelection.pre-vote = true (default)
2024-02-22 20:33:46,533 [923be64f-71f4-4891-b05d-82ff5a9df5b5@group-AFFC1E458E84-FollowerState] INFO  impl.RoleInfo (RoleInfo.java:updateAndGet(139)) - 923be64f-71f4-4891-b05d-82ff5a9df5b5: start 923be64f-71f4-4891-b05d-82ff5a9df5b5@group-AFFC1E458E84-LeaderElection43
2024-02-22 20:33:46,533 [923be64f-71f4-4891-b05d-82ff5a9df5b5@group-AFFC1E458E84-LeaderElection43] INFO  impl.LeaderElection (LeaderElection.java:askForVotes(321)) - 923be64f-71f4-4891-b05d-82ff5a9df5b5@group-AFFC1E458E84-LeaderElection43 PRE_VOTE round 0: submit vote requests at term 0 for -1: peers:[923be64f-71f4-4891-b05d-82ff5a9df5b5|10.1.0.33:15023, e46a6e51-795f-4801-a523-c45a6c7f2c34|10.1.0.33:15014, e780b093-7242-46d7-bd8f-0f810188c7b3|10.1.0.33:15095]|listeners:[], old=null
2024-02-22 20:33:46,536 [923be64f-71f4-4891-b05d-82ff5a9df5b5@group-AFFC1E458E84-LeaderElection43] INFO  server.RaftServerConfigKeys (ConfUtils.java:logFallback(53)) - raft.server.rpc.first-election.timeout.min = 5s (fallback to raft.server.rpc.timeout.min)
2024-02-22 20:33:46,536 [grpc-default-executor-8] INFO  impl.RoleInfo (RoleInfo.java:updateAndGet(139)) - e46a6e51-795f-4801-a523-c45a6c7f2c34: start e46a6e51-795f-4801-a523-c45a6c7f2c34@group-1944BBB8D763-FollowerState
2024-02-22 20:33:46,536 [923be64f-71f4-4891-b05d-82ff5a9df5b5@group-AFFC1E458E84-LeaderElection43] INFO  server.RaftServerConfigKeys (ConfUtils.java:logFallback(53)) - raft.server.rpc.first-election.timeout.max = 5200ms (fallback to raft.server.rpc.timeout.max)
2024-02-22 20:33:46,537 [c30fedce-f286-40e0-881d-3d5a9a6e2463@group-2DB48FF385FC-StateMachineUpdater] INFO  server.RaftServer$Division (LeaderStateImpl.java:isApplied(320)) - leader is ready since appliedIndex == 0 >= startIndex == 0
2024-02-22 20:33:46,537 [78f89d9b-e409-4704-890b-bfcfbcdfd28a@group-9D5BCF0FDB08-SegmentedRaftLogWorker] INFO  segmented.SegmentedRaftLogWorker (SegmentedRaftLogWorker.java:execute(634)) - 78f89d9b-e409-4704-890b-bfcfbcdfd28a@group-9D5BCF0FDB08-SegmentedRaftLogWorker: created new log segment /home/runner/work/ozone/ozone/hadoop-ozone/integration-test/target/test-dir/MiniOzoneClusterImpl-a0fc024b-a492-45a5-9697-b0d14f72cb5c/datanode-8/data/ratis/6139a09f-40c0-48a4-995f-9d5bcf0fdb08/current/log_inprogress_0
2024-02-22 20:33:46,542 [d25dc3b0-28fc-4383-b1a0-617845025f41@group-8820B9A2DC65-LeaderElection38] INFO  server.RaftServerConfigKeys (ConfUtils.java:logGet(46)) - raft.server.write.element-limit = 1024 (custom)
2024-02-22 20:33:46,542 [d25dc3b0-28fc-4383-b1a0-617845025f41@group-8820B9A2DC65-LeaderElection38] INFO  server.RaftServerConfigKeys (ConfUtils.java:logGet(46)) - raft.server.write.byte-limit = 1024 M (=1073741824) (custom)
2024-02-22 20:33:46,542 [86ab988c-fa9c-425d-a1c6-9004ff7fd93d@group-1944BBB8D763-LeaderElection37] INFO  impl.LeaderElection (LeaderElection.java:logAndReturn(89)) - 86ab988c-fa9c-425d-a1c6-9004ff7fd93d@group-1944BBB8D763-LeaderElection37: ELECTION PASSED received 1 response(s) and 0 exception(s):
2024-02-22 20:33:46,542 [86ab988c-fa9c-425d-a1c6-9004ff7fd93d@group-1944BBB8D763-LeaderElection37] INFO  impl.LeaderElection (LeaderElection.java:logAndReturn(93)) -   Response 0: 86ab988c-fa9c-425d-a1c6-9004ff7fd93d<-e780b093-7242-46d7-bd8f-0f810188c7b3#0:OK-t1
2024-02-22 20:33:46,543 [86ab988c-fa9c-425d-a1c6-9004ff7fd93d@group-1944BBB8D763-LeaderElection37] INFO  impl.LeaderElection (LeaderElection.java:askForVotes(323)) - 86ab988c-fa9c-425d-a1c6-9004ff7fd93d@group-1944BBB8D763-LeaderElection37 ELECTION round 0: result PASSED
2024-02-22 20:33:46,543 [d25dc3b0-28fc-4383-b1a0-617845025f41@group-8820B9A2DC65-LeaderElection38] INFO  server.RaftServerConfigKeys (ConfUtils.java:logGet(46)) - raft.server.watch.timeout = 180s (custom)
2024-02-22 20:33:46,543 [86ab988c-fa9c-425d-a1c6-9004ff7fd93d@group-1944BBB8D763-LeaderElection37] INFO  impl.RoleInfo (RoleInfo.java:shutdownLeaderElection(130)) - 86ab988c-fa9c-425d-a1c6-9004ff7fd93d: shutdown 86ab988c-fa9c-425d-a1c6-9004ff7fd93d@group-1944BBB8D763-LeaderElection37
2024-02-22 20:33:46,543 [86ab988c-fa9c-425d-a1c6-9004ff7fd93d@group-1944BBB8D763-LeaderElection37] INFO  server.RaftServer$Division (RaftServerImpl.java:setRole(383)) - 86ab988c-fa9c-425d-a1c6-9004ff7fd93d@group-1944BBB8D763: changes role from CANDIDATE to LEADER at term 1 for changeToLeader
2024-02-22 20:33:46,543 [86ab988c-fa9c-425d-a1c6-9004ff7fd93d@group-1944BBB8D763-LeaderElection37] INFO  server.RaftServerConfigKeys (ConfUtils.java:logGet(46)) - raft.server.staging.catchup.gap = 1000 (default)
2024-02-22 20:33:46,543 [86ab988c-fa9c-425d-a1c6-9004ff7fd93d@group-1944BBB8D763-LeaderElection37] INFO  server.RaftServerConfigKeys (ConfUtils.java:logGet(46)) - raft.server.write.element-limit = 1024 (custom)
2024-02-22 20:33:46,543 [86ab988c-fa9c-425d-a1c6-9004ff7fd93d@group-1944BBB8D763-LeaderElection37] INFO  server.RaftServerConfigKeys (ConfUtils.java:logGet(46)) - raft.server.write.byte-limit = 1024 M (=1073741824) (custom)
2024-02-22 20:33:46,543 [86ab988c-fa9c-425d-a1c6-9004ff7fd93d@group-1944BBB8D763-LeaderElection37] INFO  server.RaftServerConfigKeys (ConfUtils.java:logGet(46)) - raft.server.watch.timeout = 180s (custom)
2024-02-22 20:33:46,543 [86ab988c-fa9c-425d-a1c6-9004ff7fd93d@group-1944BBB8D763-LeaderElection37] INFO  server.RaftServerConfigKeys (ConfUtils.java:logGet(46)) - raft.server.watch.timeout.denomination = 1s (default)
2024-02-22 20:33:46,543 [grpc-default-executor-13] INFO  server.RaftServer$Division (RaftServerImpl.java:requestVote(1389)) - e46a6e51-795f-4801-a523-c45a6c7f2c34@group-AFFC1E458E84: receive requestVote(PRE_VOTE, 923be64f-71f4-4891-b05d-82ff5a9df5b5, group-AFFC1E458E84, 0, (t:0, i:0))
2024-02-22 20:33:46,544 [grpc-default-executor-13] INFO  impl.VoteContext (VoteContext.java:log(49)) - e46a6e51-795f-4801-a523-c45a6c7f2c34@group-AFFC1E458E84-FOLLOWER: reject PRE_VOTE from 923be64f-71f4-4891-b05d-82ff5a9df5b5: our priority 1 > candidate's priority 0
2024-02-22 20:33:46,544 [grpc-default-executor-13] INFO  server.RaftServer$Division (RaftServerImpl.java:requestVote(1422)) - e46a6e51-795f-4801-a523-c45a6c7f2c34@group-AFFC1E458E84 replies to PRE_VOTE vote request: 923be64f-71f4-4891-b05d-82ff5a9df5b5<-e46a6e51-795f-4801-a523-c45a6c7f2c34#0:FAIL-t0. Peer's state: e46a6e51-795f-4801-a523-c45a6c7f2c34@group-AFFC1E458E84:t0, leader=null, voted=, raftlog=Memoized:e46a6e51-795f-4801-a523-c45a6c7f2c34@group-AFFC1E458E84-SegmentedRaftLog:OPENED:c-1, conf=-1: peers:[923be64f-71f4-4891-b05d-82ff5a9df5b5|10.1.0.33:15023, e46a6e51-795f-4801-a523-c45a6c7f2c34|10.1.0.33:15014, e780b093-7242-46d7-bd8f-0f810188c7b3|10.1.0.33:15095]|listeners:[], old=null
2024-02-22 20:33:46,544 [grpc-default-executor-1] WARN  server.GrpcLogAppender (GrpcLogAppender.java:lambda$resetClient$1(217)) - c30fedce-f286-40e0-881d-3d5a9a6e2463@group-C4BFF782AB50->13f92446-3b18-4d81-bc66-0f9b00220e72-GrpcLogAppender: Follower failed (request=null, errorCount=2); keep nextIndex (1) unchanged and retry.
2024-02-22 20:33:46,543 [d25dc3b0-28fc-4383-b1a0-617845025f41@group-8820B9A2DC65-LeaderElection38] INFO  server.RaftServerConfigKeys (ConfUtils.java:logGet(46)) - raft.server.watch.timeout.denomination = 1s (default)
2024-02-22 20:33:46,548 [d25dc3b0-28fc-4383-b1a0-617845025f41@group-8820B9A2DC65-LeaderElection38] INFO  server.RaftServerConfigKeys (ConfUtils.java:logGet(46)) - raft.server.watch.element-limit = 65536 (default)
2024-02-22 20:33:46,548 [d25dc3b0-28fc-4383-b1a0-617845025f41@group-8820B9A2DC65-LeaderElection38] INFO  server.RaftServerConfigKeys (ConfUtils.java:logGet(46)) - raft.server.read.leader.lease.enabled = false (default)
2024-02-22 20:33:46,548 [d25dc3b0-28fc-4383-b1a0-617845025f41@group-8820B9A2DC65-LeaderElection38] INFO  server.RaftServerConfigKeys (ConfUtils.java:logGet(46)) - raft.server.read.leader.lease.timeout.ratio = 0.9 (default)
2024-02-22 20:33:46,548 [d25dc3b0-28fc-4383-b1a0-617845025f41@group-8820B9A2DC65-LeaderElection38] INFO  server.RaftServerConfigKeys (ConfUtils.java:logGet(46)) - raft.server.rpc.timeout.min = 5s (custom)
2024-02-22 20:33:46,548 [d25dc3b0-28fc-4383-b1a0-617845025f41@group-8820B9A2DC65-LeaderElection38] INFO  server.RaftServerConfigKeys (ConfUtils.java:logGet(46)) - raft.server.write.element-limit = 1024 (custom)
2024-02-22 20:33:46,549 [d25dc3b0-28fc-4383-b1a0-617845025f41@group-8820B9A2DC65-LeaderElection38] INFO  server.RaftServerConfigKeys (ConfUtils.java:logGet(46)) - raft.server.write.follower.gap.ratio.max = -1.0 (default)
2024-02-22 20:33:46,549 [d25dc3b0-28fc-4383-b1a0-617845025f41@group-8820B9A2DC65-LeaderElection38] INFO  server.RaftServerConfigKeys (ConfUtils.java:logGet(46)) - raft.server.log.appender.snapshot.chunk.size.max = 16MB (=16777216) (default)
2024-02-22 20:33:46,549 [d25dc3b0-28fc-4383-b1a0-617845025f41@group-8820B9A2DC65-LeaderElection38] INFO  server.RaftServerConfigKeys (ConfUtils.java:logGet(46)) - raft.server.log.appender.buffer.byte-limit = 8388608 (custom)
2024-02-22 20:33:46,549 [d25dc3b0-28fc-4383-b1a0-617845025f41@group-8820B9A2DC65-LeaderElection38] INFO  server.RaftServerConfigKeys (ConfUtils.java:logGet(46)) - raft.server.log.appender.buffer.element-limit = 1 (custom)
2024-02-22 20:33:46,548 [grpc-default-executor-8] INFO  server.RaftServer$Division (RaftServerImpl.java:setFirstElection(574)) - e46a6e51-795f-4801-a523-c45a6c7f2c34@group-1944BBB8D763: set firstElectionSinceStartup to false for candidate:86ab988c-fa9c-425d-a1c6-9004ff7fd93d
2024-02-22 20:33:46,543 [86ab988c-fa9c-425d-a1c6-9004ff7fd93d@group-1944BBB8D763-LeaderElection37] INFO  server.RaftServerConfigKeys (ConfUtils.java:logGet(46)) - raft.server.watch.element-limit = 65536 (default)
2024-02-22 20:33:46,549 [86ab988c-fa9c-425d-a1c6-9004ff7fd93d@group-1944BBB8D763-LeaderElection37] INFO  server.RaftServerConfigKeys (ConfUtils.java:logGet(46)) - raft.server.read.leader.lease.enabled = false (default)
2024-02-22 20:33:46,550 [86ab988c-fa9c-425d-a1c6-9004ff7fd93d@group-1944BBB8D763-LeaderElection37] INFO  server.RaftServerConfigKeys (ConfUtils.java:logGet(46)) - raft.server.read.leader.lease.timeout.ratio = 0.9 (default)
2024-02-22 20:33:46,550 [86ab988c-fa9c-425d-a1c6-9004ff7fd93d@group-1944BBB8D763-LeaderElection37] INFO  server.RaftServerConfigKeys (ConfUtils.java:logGet(46)) - raft.server.rpc.timeout.min = 5s (custom)
2024-02-22 20:33:46,550 [86ab988c-fa9c-425d-a1c6-9004ff7fd93d@group-1944BBB8D763-LeaderElection37] INFO  server.RaftServerConfigKeys (ConfUtils.java:logGet(46)) - raft.server.write.element-limit = 1024 (custom)
2024-02-22 20:33:46,550 [86ab988c-fa9c-425d-a1c6-9004ff7fd93d@group-1944BBB8D763-LeaderElection37] INFO  server.RaftServerConfigKeys (ConfUtils.java:logGet(46)) - raft.server.write.follower.gap.ratio.max = -1.0 (default)
2024-02-22 20:33:46,550 [86ab988c-fa9c-425d-a1c6-9004ff7fd93d@group-1944BBB8D763-LeaderElection37] INFO  server.RaftServerConfigKeys (ConfUtils.java:logGet(46)) - raft.server.log.appender.snapshot.chunk.size.max = 16MB (=16777216) (default)
2024-02-22 20:33:46,550 [4e8f68d6-fd98-4f77-87e3-715939181693@group-9D5BCF0FDB08-StateMachineUpdater] INFO  server.RaftServer$Division (LeaderStateImpl.java:isApplied(320)) - leader is ready since appliedIndex == 0 >= startIndex == 0
2024-02-22 20:33:46,551 [grpc-default-executor-8] INFO  server.RaftServer$Division (RaftServerImpl.java:requestVote(1422)) - e46a6e51-795f-4801-a523-c45a6c7f2c34@group-1944BBB8D763 replies to ELECTION vote request: 86ab988c-fa9c-425d-a1c6-9004ff7fd93d<-e46a6e51-795f-4801-a523-c45a6c7f2c34#0:OK-t1. Peer's state: e46a6e51-795f-4801-a523-c45a6c7f2c34@group-1944BBB8D763:t1, leader=null, voted=86ab988c-fa9c-425d-a1c6-9004ff7fd93d, raftlog=Memoized:e46a6e51-795f-4801-a523-c45a6c7f2c34@group-1944BBB8D763-SegmentedRaftLog:OPENED:c-1, conf=-1: peers:[86ab988c-fa9c-425d-a1c6-9004ff7fd93d|10.1.0.33:15059, e46a6e51-795f-4801-a523-c45a6c7f2c34|10.1.0.33:15014, e780b093-7242-46d7-bd8f-0f810188c7b3|10.1.0.33:15095]|listeners:[], old=null
2024-02-22 20:33:46,550 [86ab988c-fa9c-425d-a1c6-9004ff7fd93d@group-1944BBB8D763-LeaderElection37] INFO  server.RaftServerConfigKeys (ConfUtils.java:logGet(46)) - raft.server.log.appender.buffer.byte-limit = 8388608 (custom)
2024-02-22 20:33:46,551 [86ab988c-fa9c-425d-a1c6-9004ff7fd93d@group-1944BBB8D763-LeaderElection37] INFO  server.RaftServerConfigKeys (ConfUtils.java:logGet(46)) - raft.server.log.appender.buffer.element-limit = 1 (custom)
2024-02-22 20:33:46,562 [86ab988c-fa9c-425d-a1c6-9004ff7fd93d@group-1944BBB8D763-LeaderElection37] INFO  server.RaftServerConfigKeys (ConfUtils.java:logGet(46)) - raft.server.log.appender.wait-time.min = 0μs (custom)
2024-02-22 20:33:46,562 [86ab988c-fa9c-425d-a1c6-9004ff7fd93d@group-1944BBB8D763-LeaderElection37] INFO  grpc.GrpcConfigKeys (ConfUtils.java:logGet(46)) - raft.grpc.server.leader.outstanding.appends.max = 8 (default)
2024-02-22 20:33:46,562 [86ab988c-fa9c-425d-a1c6-9004ff7fd93d@group-1944BBB8D763-LeaderElection37] INFO  server.RaftServerConfigKeys (ConfUtils.java:logGet(46)) - raft.server.rpc.request.timeout = 60s (custom)
2024-02-22 20:33:46,562 [d25dc3b0-28fc-4383-b1a0-617845025f41@group-8820B9A2DC65-LeaderElection38] INFO  server.RaftServerConfigKeys (ConfUtils.java:logGet(46)) - raft.server.log.appender.wait-time.min = 0μs (custom)
2024-02-22 20:33:46,562 [d25dc3b0-28fc-4383-b1a0-617845025f41@group-8820B9A2DC65-LeaderElection38] INFO  grpc.GrpcConfigKeys (ConfUtils.java:logGet(46)) - raft.grpc.server.leader.outstanding.appends.max = 8 (default)
2024-02-22 20:33:46,562 [d25dc3b0-28fc-4383-b1a0-617845025f41@group-8820B9A2DC65-LeaderElection38] INFO  server.RaftServerConfigKeys (ConfUtils.java:logGet(46)) - raft.server.rpc.request.timeout = 60s (custom)
2024-02-22 20:33:46,562 [d25dc3b0-28fc-4383-b1a0-617845025f41@group-8820B9A2DC65-LeaderElection38] INFO  grpc.GrpcConfigKeys (ConfUtils.java:logGet(46)) - raft.grpc.server.install_snapshot.request.element-limit = 8 (default)
2024-02-22 20:33:46,562 [d25dc3b0-28fc-4383-b1a0-617845025f41@group-8820B9A2DC65-LeaderElection38] INFO  grpc.GrpcConfigKeys (ConfUtils.java:logGet(46)) - raft.grpc.server.install_snapshot.request.timeout = 3000ms (default)
2024-02-22 20:33:46,562 [d25dc3b0-28fc-4383-b1a0-617845025f41@group-8820B9A2DC65-LeaderElection38] INFO  grpc.GrpcConfigKeys (ConfUtils.java:logGet(46)) - raft.grpc.server.log-message.batch.duration = 5s (default)
2024-02-22 20:33:46,563 [d25dc3b0-28fc-4383-b1a0-617845025f41@group-8820B9A2DC65-LeaderElection38] INFO  server.RaftServerConfigKeys (ConfUtils.java:logGet(46)) - raft.server.log.appender.install.snapshot.enabled = false (custom)
2024-02-22 20:33:46,563 [d25dc3b0-28fc-4383-b1a0-617845025f41@group-8820B9A2DC65-LeaderElection38] INFO  grpc.GrpcConfigKeys (ConfUtils.java:logGet(46)) - raft.grpc.server.heartbeat.channel = true (default)
2024-02-22 20:33:46,562 [86ab988c-fa9c-425d-a1c6-9004ff7fd93d@group-1944BBB8D763-LeaderElection37] INFO  grpc.GrpcConfigKeys (ConfUtils.java:logGet(46)) - raft.grpc.server.install_snapshot.request.element-limit = 8 (default)
2024-02-22 20:33:46,563 [86ab988c-fa9c-425d-a1c6-9004ff7fd93d@group-1944BBB8D763-LeaderElection37] INFO  grpc.GrpcConfigKeys (ConfUtils.java:logGet(46)) - raft.grpc.server.install_snapshot.request.timeout = 3000ms (default)
2024-02-22 20:33:46,563 [86ab988c-fa9c-425d-a1c6-9004ff7fd93d@group-1944BBB8D763-LeaderElection37] INFO  grpc.GrpcConfigKeys (ConfUtils.java:logGet(46)) - raft.grpc.server.log-message.batch.duration = 5s (default)
2024-02-22 20:33:46,563 [86ab988c-fa9c-425d-a1c6-9004ff7fd93d@group-1944BBB8D763-LeaderElection37] INFO  server.RaftServerConfigKeys (ConfUtils.java:logGet(46)) - raft.server.log.appender.install.snapshot.enabled = false (custom)
2024-02-22 20:33:46,563 [86ab988c-fa9c-425d-a1c6-9004ff7fd93d@group-1944BBB8D763-LeaderElection37] INFO  grpc.GrpcConfigKeys (ConfUtils.java:logGet(46)) - raft.grpc.server.heartbeat.channel = true (default)
2024-02-22 20:33:46,565 [d25dc3b0-28fc-4383-b1a0-617845025f41@group-8820B9A2DC65-LeaderElection38] INFO  server.RaftServerConfigKeys (ConfUtils.java:logGet(46)) - raft.server.log.appender.snapshot.chunk.size.max = 16MB (=16777216) (default)
2024-02-22 20:33:46,565 [d25dc3b0-28fc-4383-b1a0-617845025f41@group-8820B9A2DC65-LeaderElection38] INFO  server.RaftServerConfigKeys (ConfUtils.java:logGet(46)) - raft.server.log.appender.buffer.byte-limit = 8388608 (custom)
2024-02-22 20:33:46,565 [d25dc3b0-28fc-4383-b1a0-617845025f41@group-8820B9A2DC65-LeaderElection38] INFO  server.RaftServerConfigKeys (ConfUtils.java:logGet(46)) - raft.server.log.appender.buffer.element-limit = 1 (custom)
2024-02-22 20:33:46,565 [d25dc3b0-28fc-4383-b1a0-617845025f41@group-8820B9A2DC65-LeaderElection38] INFO  server.RaftServerConfigKeys (ConfUtils.java:logGet(46)) - raft.server.log.appender.wait-time.min = 0μs (custom)
2024-02-22 20:33:46,565 [d25dc3b0-28fc-4383-b1a0-617845025f41@group-8820B9A2DC65-LeaderElection38] INFO  grpc.GrpcConfigKeys (ConfUtils.java:logGet(46)) - raft.grpc.server.leader.outstanding.appends.max = 8 (default)
2024-02-22 20:33:46,565 [d25dc3b0-28fc-4383-b1a0-617845025f41@group-8820B9A2DC65-LeaderElection38] INFO  server.RaftServerConfigKeys (ConfUtils.java:logGet(46)) - raft.server.rpc.request.timeout = 60s (custom)
2024-02-22 20:33:46,565 [d25dc3b0-28fc-4383-b1a0-617845025f41@group-8820B9A2DC65-LeaderElection38] INFO  grpc.GrpcConfigKeys (ConfUtils.java:logGet(46)) - raft.grpc.server.install_snapshot.request.element-limit = 8 (default)
2024-02-22 20:33:46,565 [d25dc3b0-28fc-4383-b1a0-617845025f41@group-8820B9A2DC65-LeaderElection38] INFO  grpc.GrpcConfigKeys (ConfUtils.java:logGet(46)) - raft.grpc.server.install_snapshot.request.timeout = 3000ms (default)
2024-02-22 20:33:46,565 [d25dc3b0-28fc-4383-b1a0-617845025f41@group-8820B9A2DC65-LeaderElection38] INFO  grpc.GrpcConfigKeys (ConfUtils.java:logGet(46)) - raft.grpc.server.log-message.batch.duration = 5s (default)
2024-02-22 20:33:46,565 [d25dc3b0-28fc-4383-b1a0-617845025f41@group-8820B9A2DC65-LeaderElection38] INFO  server.RaftServerConfigKeys (ConfUtils.java:logGet(46)) - raft.server.log.appender.install.snapshot.enabled = false (custom)
2024-02-22 20:33:46,565 [d25dc3b0-28fc-4383-b1a0-617845025f41@group-8820B9A2DC65-LeaderElection38] INFO  grpc.GrpcConfigKeys (ConfUtils.java:logGet(46)) - raft.grpc.server.heartbeat.channel = true (default)
2024-02-22 20:33:46,565 [d25dc3b0-28fc-4383-b1a0-617845025f41@group-97BB02909E0E-FollowerState] INFO  impl.FollowerState (FollowerState.java:run(143)) - d25dc3b0-28fc-4383-b1a0-617845025f41@group-97BB02909E0E-FollowerState: change to CANDIDATE, lastRpcElapsedTime:5004996937ns, electionTimeout:5003ms
2024-02-22 20:33:46,566 [d25dc3b0-28fc-4383-b1a0-617845025f41@group-97BB02909E0E-FollowerState] INFO  impl.RoleInfo (RoleInfo.java:shutdownFollowerState(110)) - d25dc3b0-28fc-4383-b1a0-617845025f41: shutdown d25dc3b0-28fc-4383-b1a0-617845025f41@group-97BB02909E0E-FollowerState
2024-02-22 20:33:46,566 [d25dc3b0-28fc-4383-b1a0-617845025f41@group-97BB02909E0E-FollowerState] INFO  server.RaftServer$Division (RaftServerImpl.java:setRole(383)) - d25dc3b0-28fc-4383-b1a0-617845025f41@group-97BB02909E0E: changes role from  FOLLOWER to CANDIDATE at term 0 for changeToCandidate
2024-02-22 20:33:46,566 [d25dc3b0-28fc-4383-b1a0-617845025f41@group-97BB02909E0E-FollowerState] INFO  server.RaftServerConfigKeys (ConfUtils.java:logGet(46)) - raft.server.leaderelection.pre-vote = true (default)
2024-02-22 20:33:46,566 [d25dc3b0-28fc-4383-b1a0-617845025f41@group-97BB02909E0E-FollowerState] INFO  impl.RoleInfo (RoleInfo.java:updateAndGet(139)) - d25dc3b0-28fc-4383-b1a0-617845025f41: start d25dc3b0-28fc-4383-b1a0-617845025f41@group-97BB02909E0E-LeaderElection44
2024-02-22 20:33:46,566 [923be64f-71f4-4891-b05d-82ff5a9df5b5@group-AFFC1E458E84-LeaderElection43] INFO  impl.LeaderElection (LeaderElection.java:logAndReturn(89)) - 923be64f-71f4-4891-b05d-82ff5a9df5b5@group-AFFC1E458E84-LeaderElection43: PRE_VOTE REJECTED received 1 response(s) and 0 exception(s):
2024-02-22 20:33:46,566 [923be64f-71f4-4891-b05d-82ff5a9df5b5@group-AFFC1E458E84-LeaderElection43] INFO  impl.LeaderElection (LeaderElection.java:logAndReturn(93)) -   Response 0: 923be64f-71f4-4891-b05d-82ff5a9df5b5<-e46a6e51-795f-4801-a523-c45a6c7f2c34#0:FAIL-t0
2024-02-22 20:33:46,566 [grpc-default-executor-13] INFO  server.RaftServer$Division (RaftServerImpl.java:requestVote(1389)) - e780b093-7242-46d7-bd8f-0f810188c7b3@group-AFFC1E458E84: receive requestVote(PRE_VOTE, 923be64f-71f4-4891-b05d-82ff5a9df5b5, group-AFFC1E458E84, 0, (t:0, i:0))
2024-02-22 20:33:46,566 [grpc-default-executor-13] INFO  impl.VoteContext (VoteContext.java:log(49)) - e780b093-7242-46d7-bd8f-0f810188c7b3@group-AFFC1E458E84-FOLLOWER: accept PRE_VOTE from 923be64f-71f4-4891-b05d-82ff5a9df5b5: our priority 0 <= candidate's priority 0
2024-02-22 20:33:46,566 [grpc-default-executor-13] INFO  server.RaftServer$Division (RaftServerImpl.java:requestVote(1422)) - e780b093-7242-46d7-bd8f-0f810188c7b3@group-AFFC1E458E84 replies to PRE_VOTE vote request: 923be64f-71f4-4891-b05d-82ff5a9df5b5<-e780b093-7242-46d7-bd8f-0f810188c7b3#0:OK-t0. Peer's state: e780b093-7242-46d7-bd8f-0f810188c7b3@group-AFFC1E458E84:t0, leader=null, voted=, raftlog=Memoized:e780b093-7242-46d7-bd8f-0f810188c7b3@group-AFFC1E458E84-SegmentedRaftLog:OPENED:c-1, conf=-1: peers:[923be64f-71f4-4891-b05d-82ff5a9df5b5|10.1.0.33:15023, e46a6e51-795f-4801-a523-c45a6c7f2c34|10.1.0.33:15014, e780b093-7242-46d7-bd8f-0f810188c7b3|10.1.0.33:15095]|listeners:[], old=null
2024-02-22 20:33:46,568 [d25dc3b0-28fc-4383-b1a0-617845025f41@group-8820B9A2DC65-LeaderElection38] INFO  impl.RoleInfo (RoleInfo.java:updateAndGet(139)) - d25dc3b0-28fc-4383-b1a0-617845025f41: start d25dc3b0-28fc-4383-b1a0-617845025f41@group-8820B9A2DC65-LeaderStateImpl
2024-02-22 20:33:46,568 [d25dc3b0-28fc-4383-b1a0-617845025f41@group-8820B9A2DC65-LeaderElection38] INFO  server.RaftServer$Division (RaftServerImpl.java:setFirstElection(574)) - d25dc3b0-28fc-4383-b1a0-617845025f41@group-8820B9A2DC65: set firstElectionSinceStartup to false for becomeLeader
2024-02-22 20:33:46,568 [d25dc3b0-28fc-4383-b1a0-617845025f41@group-8820B9A2DC65-LeaderElection38] INFO  ratis.XceiverServerRatis (XceiverServerRatis.java:handleLeaderChangedNotification(966)) - Leader change notification received for group: group-8820B9A2DC65 with new leaderId: d25dc3b0-28fc-4383-b1a0-617845025f41
2024-02-22 20:33:46,569 [86ab988c-fa9c-425d-a1c6-9004ff7fd93d@group-1944BBB8D763-LeaderElection37] INFO  server.RaftServerConfigKeys (ConfUtils.java:logGet(46)) - raft.server.log.appender.snapshot.chunk.size.max = 16MB (=16777216) (default)
2024-02-22 20:33:46,569 [86ab988c-fa9c-425d-a1c6-9004ff7fd93d@group-1944BBB8D763-LeaderElection37] INFO  server.RaftServerConfigKeys (ConfUtils.java:logGet(46)) - raft.server.log.appender.buffer.byte-limit = 8388608 (custom)
2024-02-22 20:33:46,569 [86ab988c-fa9c-425d-a1c6-9004ff7fd93d@group-1944BBB8D763-LeaderElection37] INFO  server.RaftServerConfigKeys (ConfUtils.java:logGet(46)) - raft.server.log.appender.buffer.element-limit = 1 (custom)
2024-02-22 20:33:46,570 [d25dc3b0-28fc-4383-b1a0-617845025f41@group-97BB02909E0E-LeaderElection44] INFO  impl.LeaderElection (LeaderElection.java:askForVotes(321)) - d25dc3b0-28fc-4383-b1a0-617845025f41@group-97BB02909E0E-LeaderElection44 PRE_VOTE round 0: submit vote requests at term 0 for -1: peers:[923be64f-71f4-4891-b05d-82ff5a9df5b5|10.1.0.33:15023, d25dc3b0-28fc-4383-b1a0-617845025f41|10.1.0.33:15032, 4e8f68d6-fd98-4f77-87e3-715939181693|10.1.0.33:15041]|listeners:[], old=null
2024-02-22 20:33:46,571 [86ab988c-fa9c-425d-a1c6-9004ff7fd93d@group-1944BBB8D763-LeaderElection37] INFO  server.RaftServerConfigKeys (ConfUtils.java:logGet(46)) - raft.server.log.appender.wait-time.min = 0μs (custom)
2024-02-22 20:33:46,571 [86ab988c-fa9c-425d-a1c6-9004ff7fd93d@group-1944BBB8D763-LeaderElection37] INFO  grpc.GrpcConfigKeys (ConfUtils.java:logGet(46)) - raft.grpc.server.leader.outstanding.appends.max = 8 (default)
2024-02-22 20:33:46,571 [86ab988c-fa9c-425d-a1c6-9004ff7fd93d@group-1944BBB8D763-LeaderElection37] INFO  server.RaftServerConfigKeys (ConfUtils.java:logGet(46)) - raft.server.rpc.request.timeout = 60s (custom)
2024-02-22 20:33:46,571 [86ab988c-fa9c-425d-a1c6-9004ff7fd93d@group-1944BBB8D763-LeaderElection37] INFO  grpc.GrpcConfigKeys (ConfUtils.java:logGet(46)) - raft.grpc.server.install_snapshot.request.element-limit = 8 (default)
2024-02-22 20:33:46,571 [86ab988c-fa9c-425d-a1c6-9004ff7fd93d@group-1944BBB8D763-LeaderElection37] INFO  grpc.GrpcConfigKeys (ConfUtils.java:logGet(46)) - raft.grpc.server.install_snapshot.request.timeout = 3000ms (default)
2024-02-22 20:33:46,571 [86ab988c-fa9c-425d-a1c6-9004ff7fd93d@group-1944BBB8D763-LeaderElection37] INFO  grpc.GrpcConfigKeys (ConfUtils.java:logGet(46)) - raft.grpc.server.log-message.batch.duration = 5s (default)
2024-02-22 20:33:46,571 [86ab988c-fa9c-425d-a1c6-9004ff7fd93d@group-1944BBB8D763-LeaderElection37] INFO  server.RaftServerConfigKeys (ConfUtils.java:logGet(46)) - raft.server.log.appender.install.snapshot.enabled = false (custom)
2024-02-22 20:33:46,571 [86ab988c-fa9c-425d-a1c6-9004ff7fd93d@group-1944BBB8D763-LeaderElection37] INFO  grpc.GrpcConfigKeys (ConfUtils.java:logGet(46)) - raft.grpc.server.heartbeat.channel = true (default)
2024-02-22 20:33:46,571 [86ab988c-fa9c-425d-a1c6-9004ff7fd93d@group-1944BBB8D763-LeaderElection37] INFO  impl.RoleInfo (RoleInfo.java:updateAndGet(139)) - 86ab988c-fa9c-425d-a1c6-9004ff7fd93d: start 86ab988c-fa9c-425d-a1c6-9004ff7fd93d@group-1944BBB8D763-LeaderStateImpl
2024-02-22 20:33:46,571 [86ab988c-fa9c-425d-a1c6-9004ff7fd93d@group-1944BBB8D763-LeaderElection37] INFO  server.RaftServer$Division (RaftServerImpl.java:setFirstElection(574)) - 86ab988c-fa9c-425d-a1c6-9004ff7fd93d@group-1944BBB8D763: set firstElectionSinceStartup to false for becomeLeader
2024-02-22 20:33:46,571 [86ab988c-fa9c-425d-a1c6-9004ff7fd93d@group-1944BBB8D763-LeaderElection37] INFO  ratis.XceiverServerRatis (XceiverServerRatis.java:handleLeaderChangedNotification(966)) - Leader change notification received for group: group-1944BBB8D763 with new leaderId: 86ab988c-fa9c-425d-a1c6-9004ff7fd93d
2024-02-22 20:33:46,571 [d25dc3b0-28fc-4383-b1a0-617845025f41@group-8820B9A2DC65-LeaderElection38] INFO  server.RaftServer$Division (ServerState.java:setLeader(269)) - d25dc3b0-28fc-4383-b1a0-617845025f41@group-8820B9A2DC65: change Leader from null to d25dc3b0-28fc-4383-b1a0-617845025f41 at term 1 for becomeLeader, leader elected after 5446ms
2024-02-22 20:33:46,572 [d25dc3b0-28fc-4383-b1a0-617845025f41@group-8820B9A2DC65-LeaderElection38] INFO  segmented.SegmentedRaftLogWorker (SegmentedRaftLogWorker.java:startLogSegment(430)) - d25dc3b0-28fc-4383-b1a0-617845025f41@group-8820B9A2DC65-SegmentedRaftLogWorker: Starting segment from index:0
2024-02-22 20:33:46,572 [dc26353c-d48a-467d-89cd-3a7c4b626396@group-34E96220011A-FollowerState] INFO  impl.FollowerState (FollowerState.java:run(143)) - dc26353c-d48a-467d-89cd-3a7c4b626396@group-34E96220011A-FollowerState: change to CANDIDATE, lastRpcElapsedTime:5058448312ns, electionTimeout:5003ms
2024-02-22 20:33:46,572 [dc26353c-d48a-467d-89cd-3a7c4b626396@group-34E96220011A-FollowerState] INFO  impl.RoleInfo (RoleInfo.java:shutdownFollowerState(110)) - dc26353c-d48a-467d-89cd-3a7c4b626396: shutdown dc26353c-d48a-467d-89cd-3a7c4b626396@group-34E96220011A-FollowerState
2024-02-22 20:33:46,572 [dc26353c-d48a-467d-89cd-3a7c4b626396@group-34E96220011A-FollowerState] INFO  server.RaftServer$Division (RaftServerImpl.java:setRole(383)) - dc26353c-d48a-467d-89cd-3a7c4b626396@group-34E96220011A: changes role from  FOLLOWER to CANDIDATE at term 0 for changeToCandidate
2024-02-22 20:33:46,573 [grpc-default-executor-13] INFO  server.RaftServer$Division (RaftServerImpl.java:requestVote(1389)) - 923be64f-71f4-4891-b05d-82ff5a9df5b5@group-97BB02909E0E: receive requestVote(PRE_VOTE, d25dc3b0-28fc-4383-b1a0-617845025f41, group-97BB02909E0E, 0, (t:0, i:0))
2024-02-22 20:33:46,573 [grpc-default-executor-13] INFO  impl.VoteContext (VoteContext.java:log(49)) - 923be64f-71f4-4891-b05d-82ff5a9df5b5@group-97BB02909E0E-FOLLOWER: accept PRE_VOTE from d25dc3b0-28fc-4383-b1a0-617845025f41: our priority 0 <= candidate's priority 0
2024-02-22 20:33:46,573 [grpc-default-executor-13] INFO  server.RaftServer$Division (RaftServerImpl.java:requestVote(1422)) - 923be64f-71f4-4891-b05d-82ff5a9df5b5@group-97BB02909E0E replies to PRE_VOTE vote request: d25dc3b0-28fc-4383-b1a0-617845025f41<-923be64f-71f4-4891-b05d-82ff5a9df5b5#0:OK-t0. Peer's state: 923be64f-71f4-4891-b05d-82ff5a9df5b5@group-97BB02909E0E:t0, leader=null, voted=, raftlog=Memoized:923be64f-71f4-4891-b05d-82ff5a9df5b5@group-97BB02909E0E-SegmentedRaftLog:OPENED:c-1, conf=-1: peers:[923be64f-71f4-4891-b05d-82ff5a9df5b5|10.1.0.33:15023, d25dc3b0-28fc-4383-b1a0-617845025f41|10.1.0.33:15032, 4e8f68d6-fd98-4f77-87e3-715939181693|10.1.0.33:15041]|listeners:[], old=null
2024-02-22 20:33:46,574 [d25dc3b0-28fc-4383-b1a0-617845025f41@group-97BB02909E0E-LeaderElection44] INFO  server.RaftServerConfigKeys (ConfUtils.java:logFallback(53)) - raft.server.rpc.first-election.timeout.min = 5s (fallback to raft.server.rpc.timeout.min)
2024-02-22 20:33:46,574 [d25dc3b0-28fc-4383-b1a0-617845025f41@group-97BB02909E0E-LeaderElection44] INFO  server.RaftServerConfigKeys (ConfUtils.java:logFallback(53)) - raft.server.rpc.first-election.timeout.max = 5200ms (fallback to raft.server.rpc.timeout.max)
2024-02-22 20:33:46,574 [923be64f-71f4-4891-b05d-82ff5a9df5b5@group-AFFC1E458E84-LeaderElection43] INFO  impl.LeaderElection (LeaderElection.java:askForVotes(323)) - 923be64f-71f4-4891-b05d-82ff5a9df5b5@group-AFFC1E458E84-LeaderElection43 PRE_VOTE round 0: result REJECTED
2024-02-22 20:33:46,574 [923be64f-71f4-4891-b05d-82ff5a9df5b5@group-AFFC1E458E84-LeaderElection43] INFO  server.RaftServer$Division (RaftServerImpl.java:setRole(383)) - 923be64f-71f4-4891-b05d-82ff5a9df5b5@group-AFFC1E458E84: changes role from CANDIDATE to FOLLOWER at term 0 for REJECTED
2024-02-22 20:33:46,574 [923be64f-71f4-4891-b05d-82ff5a9df5b5@group-AFFC1E458E84-LeaderElection43] INFO  impl.RoleInfo (RoleInfo.java:shutdownLeaderElection(130)) - 923be64f-71f4-4891-b05d-82ff5a9df5b5: shutdown 923be64f-71f4-4891-b05d-82ff5a9df5b5@group-AFFC1E458E84-LeaderElection43
2024-02-22 20:33:46,574 [923be64f-71f4-4891-b05d-82ff5a9df5b5@group-AFFC1E458E84-LeaderElection43] INFO  impl.RoleInfo (RoleInfo.java:updateAndGet(139)) - 923be64f-71f4-4891-b05d-82ff5a9df5b5: start 923be64f-71f4-4891-b05d-82ff5a9df5b5@group-AFFC1E458E84-FollowerState
2024-02-22 20:33:46,575 [grpc-default-executor-13] INFO  server.RaftServer$Division (RaftServerImpl.java:requestVote(1389)) - 4e8f68d6-fd98-4f77-87e3-715939181693@group-97BB02909E0E: receive requestVote(PRE_VOTE, d25dc3b0-28fc-4383-b1a0-617845025f41, group-97BB02909E0E, 0, (t:0, i:0))
2024-02-22 20:33:46,575 [grpc-default-executor-13] INFO  impl.VoteContext (VoteContext.java:log(49)) - 4e8f68d6-fd98-4f77-87e3-715939181693@group-97BB02909E0E-FOLLOWER: reject PRE_VOTE from d25dc3b0-28fc-4383-b1a0-617845025f41: our priority 1 > candidate's priority 0
2024-02-22 20:33:46,575 [grpc-default-executor-13] INFO  server.RaftServer$Division (RaftServerImpl.java:requestVote(1422)) - 4e8f68d6-fd98-4f77-87e3-715939181693@group-97BB02909E0E replies to PRE_VOTE vote request: d25dc3b0-28fc-4383-b1a0-617845025f41<-4e8f68d6-fd98-4f77-87e3-715939181693#0:FAIL-t0. Peer's state: 4e8f68d6-fd98-4f77-87e3-715939181693@group-97BB02909E0E:t0, leader=null, voted=, raftlog=Memoized:4e8f68d6-fd98-4f77-87e3-715939181693@group-97BB02909E0E-SegmentedRaftLog:OPENED:c-1, conf=-1: peers:[923be64f-71f4-4891-b05d-82ff5a9df5b5|10.1.0.33:15023, d25dc3b0-28fc-4383-b1a0-617845025f41|10.1.0.33:15032, 4e8f68d6-fd98-4f77-87e3-715939181693|10.1.0.33:15041]|listeners:[], old=null
2024-02-22 20:33:46,576 [923be64f-71f4-4891-b05d-82ff5a9df5b5@group-AFFC1E458E84-LeaderElection43] INFO  server.RaftServer$Division (RaftServerImpl.java:setFirstElection(574)) - 923be64f-71f4-4891-b05d-82ff5a9df5b5@group-AFFC1E458E84: set firstElectionSinceStartup to false for REJECTED
2024-02-22 20:33:46,576 [dc26353c-d48a-467d-89cd-3a7c4b626396@group-34E96220011A-FollowerState] INFO  server.RaftServerConfigKeys (ConfUtils.java:logGet(46)) - raft.server.leaderelection.pre-vote = true (default)
2024-02-22 20:33:46,576 [dc26353c-d48a-467d-89cd-3a7c4b626396@group-34E96220011A-FollowerState] INFO  impl.RoleInfo (RoleInfo.java:updateAndGet(139)) - dc26353c-d48a-467d-89cd-3a7c4b626396: start dc26353c-d48a-467d-89cd-3a7c4b626396@group-34E96220011A-LeaderElection45
2024-02-22 20:33:46,578 [dc26353c-d48a-467d-89cd-3a7c4b626396@group-34E96220011A-LeaderElection45] INFO  impl.LeaderElection (LeaderElection.java:askForVotes(321)) - dc26353c-d48a-467d-89cd-3a7c4b626396@group-34E96220011A-LeaderElection45 PRE_VOTE round 0: submit vote requests at term 0 for -1: peers:[86ab988c-fa9c-425d-a1c6-9004ff7fd93d|10.1.0.33:15059, c30fedce-f286-40e0-881d-3d5a9a6e2463|10.1.0.33:15068, dc26353c-d48a-467d-89cd-3a7c4b626396|10.1.0.33:15050]|listeners:[], old=null
2024-02-22 20:33:46,578 [86ab988c-fa9c-425d-a1c6-9004ff7fd93d@group-1944BBB8D763-LeaderElection37] INFO  server.RaftServer$Division (ServerState.java:setLeader(269)) - 86ab988c-fa9c-425d-a1c6-9004ff7fd93d@group-1944BBB8D763: change Leader from null to 86ab988c-fa9c-425d-a1c6-9004ff7fd93d at term 1 for becomeLeader, leader elected after 5445ms
2024-02-22 20:33:46,578 [86ab988c-fa9c-425d-a1c6-9004ff7fd93d@group-1944BBB8D763-LeaderElection37] INFO  segmented.SegmentedRaftLogWorker (SegmentedRaftLogWorker.java:startLogSegment(430)) - 86ab988c-fa9c-425d-a1c6-9004ff7fd93d@group-1944BBB8D763-SegmentedRaftLogWorker: Starting segment from index:0
2024-02-22 20:33:46,579 [86ab988c-fa9c-425d-a1c6-9004ff7fd93d@group-1944BBB8D763-LeaderElection37] INFO  server.RaftServer$Division (ServerState.java:setRaftConf(386)) - 86ab988c-fa9c-425d-a1c6-9004ff7fd93d@group-1944BBB8D763: set configuration 0: peers:[86ab988c-fa9c-425d-a1c6-9004ff7fd93d|10.1.0.33:15059, e46a6e51-795f-4801-a523-c45a6c7f2c34|10.1.0.33:15014, e780b093-7242-46d7-bd8f-0f810188c7b3|10.1.0.33:15095]|listeners:[], old=null
2024-02-22 20:33:46,579 [86ab988c-fa9c-425d-a1c6-9004ff7fd93d@group-1944BBB8D763-SegmentedRaftLogWorker] INFO  segmented.BufferedWriteChannel (BufferedWriteChannel.java:open(62)) - open log_inprogress_0 at position 0
2024-02-22 20:33:46,580 [d25dc3b0-28fc-4383-b1a0-617845025f41@group-8820B9A2DC65-SegmentedRaftLogWorker] INFO  segmented.BufferedWriteChannel (BufferedWriteChannel.java:open(62)) - open log_inprogress_0 at position 0
2024-02-22 20:33:46,578 [d25dc3b0-28fc-4383-b1a0-617845025f41@group-8820B9A2DC65-LeaderElection38] INFO  server.RaftServer$Division (ServerState.java:setRaftConf(386)) - d25dc3b0-28fc-4383-b1a0-617845025f41@group-8820B9A2DC65: set configuration 0: peers:[78f89d9b-e409-4704-890b-bfcfbcdfd28a|10.1.0.33:15086, d25dc3b0-28fc-4383-b1a0-617845025f41|10.1.0.33:15032, 4e8f68d6-fd98-4f77-87e3-715939181693|10.1.0.33:15041]|listeners:[], old=null
2024-02-22 20:33:46,585 [13f92446-3b18-4d81-bc66-0f9b00220e72-NettyServerStreamRpc-bossGroup--thread1] INFO  logging.LoggingHandler (AbstractInternalLogger.java:log(148)) - [id: 0xd38b61e0, L:/0.0.0.0:15078] CLOSE
2024-02-22 20:33:46,585 [13f92446-3b18-4d81-bc66-0f9b00220e72-NettyServerStreamRpc-bossGroup--thread1] INFO  logging.LoggingHandler (AbstractInternalLogger.java:log(148)) - [id: 0xd38b61e0, L:/0.0.0.0:15078] INACTIVE
2024-02-22 20:33:46,586 [13f92446-3b18-4d81-bc66-0f9b00220e72-NettyServerStreamRpc-bossGroup--thread1] INFO  logging.LoggingHandler (AbstractInternalLogger.java:log(148)) - [id: 0xd38b61e0, L:/0.0.0.0:15078] UNREGISTERED
2024-02-22 20:33:46,590 [86ab988c-fa9c-425d-a1c6-9004ff7fd93d@group-1944BBB8D763-SegmentedRaftLogWorker] INFO  segmented.SegmentedRaftLogWorker (SegmentedRaftLogWorker.java:execute(634)) - 86ab988c-fa9c-425d-a1c6-9004ff7fd93d@group-1944BBB8D763-SegmentedRaftLogWorker: created new log segment /home/runner/work/ozone/ozone/hadoop-ozone/integration-test/target/test-dir/MiniOzoneClusterImpl-a0fc024b-a492-45a5-9697-b0d14f72cb5c/datanode-5/data/ratis/567d6c0b-0c61-46d9-a73e-1944bbb8d763/current/log_inprogress_0
2024-02-22 20:33:46,591 [d25dc3b0-28fc-4383-b1a0-617845025f41@group-8820B9A2DC65-SegmentedRaftLogWorker] INFO  segmented.SegmentedRaftLogWorker (SegmentedRaftLogWorker.java:execute(634)) - d25dc3b0-28fc-4383-b1a0-617845025f41@group-8820B9A2DC65-SegmentedRaftLogWorker: created new log segment /home/runner/work/ozone/ozone/hadoop-ozone/integration-test/target/test-dir/MiniOzoneClusterImpl-a0fc024b-a492-45a5-9697-b0d14f72cb5c/datanode-2/data/ratis/045ea6be-5c70-427a-91cd-8820b9a2dc65/current/log_inprogress_0
2024-02-22 20:33:46,599 [d25dc3b0-28fc-4383-b1a0-617845025f41@group-97BB02909E0E-LeaderElection44] INFO  impl.LeaderElection (LeaderElection.java:logAndReturn(89)) - d25dc3b0-28fc-4383-b1a0-617845025f41@group-97BB02909E0E-LeaderElection44: PRE_VOTE REJECTED received 2 response(s) and 0 exception(s):
2024-02-22 20:33:46,599 [d25dc3b0-28fc-4383-b1a0-617845025f41@group-97BB02909E0E-LeaderElection44] INFO  impl.LeaderElection (LeaderElection.java:logAndReturn(93)) -   Response 0: d25dc3b0-28fc-4383-b1a0-617845025f41<-923be64f-71f4-4891-b05d-82ff5a9df5b5#0:OK-t0
2024-02-22 20:33:46,600 [d25dc3b0-28fc-4383-b1a0-617845025f41@group-97BB02909E0E-LeaderElection44] INFO  impl.LeaderElection (LeaderElection.java:logAndReturn(93)) -   Response 1: d25dc3b0-28fc-4383-b1a0-617845025f41<-4e8f68d6-fd98-4f77-87e3-715939181693#0:FAIL-t0
2024-02-22 20:33:46,600 [d25dc3b0-28fc-4383-b1a0-617845025f41@group-97BB02909E0E-LeaderElection44] INFO  impl.LeaderElection (LeaderElection.java:askForVotes(323)) - d25dc3b0-28fc-4383-b1a0-617845025f41@group-97BB02909E0E-LeaderElection44 PRE_VOTE round 0: result REJECTED
2024-02-22 20:33:46,600 [d25dc3b0-28fc-4383-b1a0-617845025f41@group-97BB02909E0E-LeaderElection44] INFO  server.RaftServer$Division (RaftServerImpl.java:setRole(383)) - d25dc3b0-28fc-4383-b1a0-617845025f41@group-97BB02909E0E: changes role from CANDIDATE to FOLLOWER at term 0 for REJECTED
2024-02-22 20:33:46,600 [d25dc3b0-28fc-4383-b1a0-617845025f41@group-97BB02909E0E-LeaderElection44] INFO  impl.RoleInfo (RoleInfo.java:shutdownLeaderElection(130)) - d25dc3b0-28fc-4383-b1a0-617845025f41: shutdown d25dc3b0-28fc-4383-b1a0-617845025f41@group-97BB02909E0E-LeaderElection44
2024-02-22 20:33:46,602 [dc26353c-d48a-467d-89cd-3a7c4b626396@group-34E96220011A-LeaderElection45-1] INFO  server.GrpcServerProtocolClient (GrpcServerProtocolClient.java:<init>(65)) - Build channel for 86ab988c-fa9c-425d-a1c6-9004ff7fd93d|10.1.0.33:15059
2024-02-22 20:33:46,605 [dc26353c-d48a-467d-89cd-3a7c4b626396@group-34E96220011A-LeaderElection45] INFO  server.RaftServerConfigKeys (ConfUtils.java:logFallback(53)) - raft.server.rpc.first-election.timeout.min = 5s (fallback to raft.server.rpc.timeout.min)
2024-02-22 20:33:46,606 [dc26353c-d48a-467d-89cd-3a7c4b626396@group-34E96220011A-LeaderElection45] INFO  server.RaftServerConfigKeys (ConfUtils.java:logFallback(53)) - raft.server.rpc.first-election.timeout.max = 5200ms (fallback to raft.server.rpc.timeout.max)
2024-02-22 20:33:46,606 [dc26353c-d48a-467d-89cd-3a7c4b626396@group-34E96220011A-LeaderElection45-2] INFO  server.GrpcServerProtocolClient (GrpcServerProtocolClient.java:<init>(65)) - Build channel for c30fedce-f286-40e0-881d-3d5a9a6e2463|10.1.0.33:15068
2024-02-22 20:33:46,607 [e46a6e51-795f-4801-a523-c45a6c7f2c34-server-thread1] INFO  ratis.XceiverServerRatis (XceiverServerRatis.java:handleLeaderChangedNotification(966)) - Leader change notification received for group: group-1944BBB8D763 with new leaderId: 86ab988c-fa9c-425d-a1c6-9004ff7fd93d
2024-02-22 20:33:46,607 [e46a6e51-795f-4801-a523-c45a6c7f2c34-server-thread1] INFO  server.RaftServer$Division (ServerState.java:setLeader(269)) - e46a6e51-795f-4801-a523-c45a6c7f2c34@group-1944BBB8D763: change Leader from null to 86ab988c-fa9c-425d-a1c6-9004ff7fd93d at term 1 for appendEntries, leader elected after 5352ms
2024-02-22 20:33:46,620 [78f89d9b-e409-4704-890b-bfcfbcdfd28a-server-thread1] INFO  ratis.XceiverServerRatis (XceiverServerRatis.java:handleLeaderChangedNotification(966)) - Leader change notification received for group: group-8820B9A2DC65 with new leaderId: d25dc3b0-28fc-4383-b1a0-617845025f41
2024-02-22 20:33:46,621 [78f89d9b-e409-4704-890b-bfcfbcdfd28a-server-thread1] INFO  server.RaftServer$Division (ServerState.java:setLeader(269)) - 78f89d9b-e409-4704-890b-bfcfbcdfd28a@group-8820B9A2DC65: change Leader from null to d25dc3b0-28fc-4383-b1a0-617845025f41 at term 1 for appendEntries, leader elected after 5328ms
2024-02-22 20:33:46,621 [4e8f68d6-fd98-4f77-87e3-715939181693-server-thread2] INFO  ratis.XceiverServerRatis (XceiverServerRatis.java:handleLeaderChangedNotification(966)) - Leader change notification received for group: group-8820B9A2DC65 with new leaderId: d25dc3b0-28fc-4383-b1a0-617845025f41
2024-02-22 20:33:46,621 [4e8f68d6-fd98-4f77-87e3-715939181693-server-thread2] INFO  server.RaftServer$Division (ServerState.java:setLeader(269)) - 4e8f68d6-fd98-4f77-87e3-715939181693@group-8820B9A2DC65: change Leader from null to d25dc3b0-28fc-4383-b1a0-617845025f41 at term 1 for appendEntries, leader elected after 5614ms
2024-02-22 20:33:46,621 [4e8f68d6-fd98-4f77-87e3-715939181693-server-thread2] INFO  server.RaftServer$Division (ServerState.java:setRaftConf(386)) - 4e8f68d6-fd98-4f77-87e3-715939181693@group-8820B9A2DC65: set configuration 0: peers:[78f89d9b-e409-4704-890b-bfcfbcdfd28a|10.1.0.33:15086, d25dc3b0-28fc-4383-b1a0-617845025f41|10.1.0.33:15032, 4e8f68d6-fd98-4f77-87e3-715939181693|10.1.0.33:15041]|listeners:[], old=null
2024-02-22 20:33:46,621 [4e8f68d6-fd98-4f77-87e3-715939181693-server-thread2] INFO  segmented.SegmentedRaftLogWorker (SegmentedRaftLogWorker.java:startLogSegment(430)) - 4e8f68d6-fd98-4f77-87e3-715939181693@group-8820B9A2DC65-SegmentedRaftLogWorker: Starting segment from index:0
2024-02-22 20:33:46,623 [grpc-default-executor-13] INFO  server.RaftServer$Division (RaftServerImpl.java:requestVote(1389)) - 86ab988c-fa9c-425d-a1c6-9004ff7fd93d@group-34E96220011A: receive requestVote(PRE_VOTE, dc26353c-d48a-467d-89cd-3a7c4b626396, group-34E96220011A, 0, (t:0, i:0))
2024-02-22 20:33:46,623 [d25dc3b0-28fc-4383-b1a0-617845025f41@group-97BB02909E0E-LeaderElection44] INFO  impl.RoleInfo (RoleInfo.java:updateAndGet(139)) - d25dc3b0-28fc-4383-b1a0-617845025f41: start d25dc3b0-28fc-4383-b1a0-617845025f41@group-97BB02909E0E-FollowerState
2024-02-22 20:33:46,623 [grpc-default-executor-13] INFO  impl.VoteContext (VoteContext.java:log(49)) - 86ab988c-fa9c-425d-a1c6-9004ff7fd93d@group-34E96220011A-FOLLOWER: reject PRE_VOTE from dc26353c-d48a-467d-89cd-3a7c4b626396: our priority 1 > candidate's priority 0
2024-02-22 20:33:46,623 [grpc-default-executor-13] INFO  server.RaftServer$Division (RaftServerImpl.java:requestVote(1422)) - 86ab988c-fa9c-425d-a1c6-9004ff7fd93d@group-34E96220011A replies to PRE_VOTE vote request: dc26353c-d48a-467d-89cd-3a7c4b626396<-86ab988c-fa9c-425d-a1c6-9004ff7fd93d#0:FAIL-t0. Peer's state: 86ab988c-fa9c-425d-a1c6-9004ff7fd93d@group-34E96220011A:t0, leader=null, voted=, raftlog=Memoized:86ab988c-fa9c-425d-a1c6-9004ff7fd93d@group-34E96220011A-SegmentedRaftLog:OPENED:c-1, conf=-1: peers:[86ab988c-fa9c-425d-a1c6-9004ff7fd93d|10.1.0.33:15059, c30fedce-f286-40e0-881d-3d5a9a6e2463|10.1.0.33:15068, dc26353c-d48a-467d-89cd-3a7c4b626396|10.1.0.33:15050]|listeners:[], old=null
2024-02-22 20:33:46,623 [e46a6e51-795f-4801-a523-c45a6c7f2c34-server-thread2] INFO  server.RaftServer$Division (ServerState.java:setRaftConf(386)) - e46a6e51-795f-4801-a523-c45a6c7f2c34@group-1944BBB8D763: set configuration 0: peers:[86ab988c-fa9c-425d-a1c6-9004ff7fd93d|10.1.0.33:15059, e46a6e51-795f-4801-a523-c45a6c7f2c34|10.1.0.33:15014, e780b093-7242-46d7-bd8f-0f810188c7b3|10.1.0.33:15095]|listeners:[], old=null
2024-02-22 20:33:46,623 [e46a6e51-795f-4801-a523-c45a6c7f2c34-server-thread2] INFO  segmented.SegmentedRaftLogWorker (SegmentedRaftLogWorker.java:startLogSegment(430)) - e46a6e51-795f-4801-a523-c45a6c7f2c34@group-1944BBB8D763-SegmentedRaftLogWorker: Starting segment from index:0
2024-02-22 20:33:46,624 [d25dc3b0-28fc-4383-b1a0-617845025f41@group-97BB02909E0E-LeaderElection44] INFO  server.RaftServer$Division (RaftServerImpl.java:setFirstElection(574)) - d25dc3b0-28fc-4383-b1a0-617845025f41@group-97BB02909E0E: set firstElectionSinceStartup to false for REJECTED
2024-02-22 20:33:46,625 [4e8f68d6-fd98-4f77-87e3-715939181693@group-8820B9A2DC65-SegmentedRaftLogWorker] INFO  segmented.BufferedWriteChannel (BufferedWriteChannel.java:open(62)) - open log_inprogress_0 at position 0
2024-02-22 20:33:46,630 [grpc-default-executor-3] INFO  server.RaftServer$Division (RaftServerImpl.java:requestVote(1389)) - c30fedce-f286-40e0-881d-3d5a9a6e2463@group-34E96220011A: receive requestVote(PRE_VOTE, dc26353c-d48a-467d-89cd-3a7c4b626396, group-34E96220011A, 0, (t:0, i:0))
2024-02-22 20:33:46,631 [grpc-default-executor-3] INFO  impl.VoteContext (VoteContext.java:log(49)) - c30fedce-f286-40e0-881d-3d5a9a6e2463@group-34E96220011A-FOLLOWER: accept PRE_VOTE from dc26353c-d48a-467d-89cd-3a7c4b626396: our priority 0 <= candidate's priority 0
2024-02-22 20:33:46,631 [grpc-default-executor-3] INFO  server.RaftServer$Division (RaftServerImpl.java:requestVote(1422)) - c30fedce-f286-40e0-881d-3d5a9a6e2463@group-34E96220011A replies to PRE_VOTE vote request: dc26353c-d48a-467d-89cd-3a7c4b626396<-c30fedce-f286-40e0-881d-3d5a9a6e2463#0:OK-t0. Peer's state: c30fedce-f286-40e0-881d-3d5a9a6e2463@group-34E96220011A:t0, leader=null, voted=, raftlog=Memoized:c30fedce-f286-40e0-881d-3d5a9a6e2463@group-34E96220011A-SegmentedRaftLog:OPENED:c-1, conf=-1: peers:[86ab988c-fa9c-425d-a1c6-9004ff7fd93d|10.1.0.33:15059, c30fedce-f286-40e0-881d-3d5a9a6e2463|10.1.0.33:15068, dc26353c-d48a-467d-89cd-3a7c4b626396|10.1.0.33:15050]|listeners:[], old=null
2024-02-22 20:33:46,632 [78f89d9b-e409-4704-890b-bfcfbcdfd28a-server-thread2] INFO  server.RaftServer$Division (ServerState.java:setRaftConf(386)) - 78f89d9b-e409-4704-890b-bfcfbcdfd28a@group-8820B9A2DC65: set configuration 0: peers:[78f89d9b-e409-4704-890b-bfcfbcdfd28a|10.1.0.33:15086, d25dc3b0-28fc-4383-b1a0-617845025f41|10.1.0.33:15032, 4e8f68d6-fd98-4f77-87e3-715939181693|10.1.0.33:15041]|listeners:[], old=null
2024-02-22 20:33:46,632 [78f89d9b-e409-4704-890b-bfcfbcdfd28a-server-thread2] INFO  segmented.SegmentedRaftLogWorker (SegmentedRaftLogWorker.java:startLogSegment(430)) - 78f89d9b-e409-4704-890b-bfcfbcdfd28a@group-8820B9A2DC65-SegmentedRaftLogWorker: Starting segment from index:0
2024-02-22 20:33:46,635 [4e8f68d6-fd98-4f77-87e3-715939181693@group-8820B9A2DC65-SegmentedRaftLogWorker] INFO  segmented.SegmentedRaftLogWorker (SegmentedRaftLogWorker.java:execute(634)) - 4e8f68d6-fd98-4f77-87e3-715939181693@group-8820B9A2DC65-SegmentedRaftLogWorker: created new log segment /home/runner/work/ozone/ozone/hadoop-ozone/integration-test/target/test-dir/MiniOzoneClusterImpl-a0fc024b-a492-45a5-9697-b0d14f72cb5c/datanode-3/data/ratis/045ea6be-5c70-427a-91cd-8820b9a2dc65/current/log_inprogress_0
2024-02-22 20:33:46,635 [dc26353c-d48a-467d-89cd-3a7c4b626396@group-34E96220011A-LeaderElection45] INFO  impl.LeaderElection (LeaderElection.java:logAndReturn(89)) - dc26353c-d48a-467d-89cd-3a7c4b626396@group-34E96220011A-LeaderElection45: PRE_VOTE REJECTED received 1 response(s) and 0 exception(s):
2024-02-22 20:33:46,635 [dc26353c-d48a-467d-89cd-3a7c4b626396@group-34E96220011A-LeaderElection45] INFO  impl.LeaderElection (LeaderElection.java:logAndReturn(93)) -   Response 0: dc26353c-d48a-467d-89cd-3a7c4b626396<-86ab988c-fa9c-425d-a1c6-9004ff7fd93d#0:FAIL-t0
2024-02-22 20:33:46,635 [dc26353c-d48a-467d-89cd-3a7c4b626396@group-34E96220011A-LeaderElection45] INFO  impl.LeaderElection (LeaderElection.java:askForVotes(323)) - dc26353c-d48a-467d-89cd-3a7c4b626396@group-34E96220011A-LeaderElection45 PRE_VOTE round 0: result REJECTED
2024-02-22 20:33:46,635 [dc26353c-d48a-467d-89cd-3a7c4b626396@group-34E96220011A-LeaderElection45] INFO  server.RaftServer$Division (RaftServerImpl.java:setRole(383)) - dc26353c-d48a-467d-89cd-3a7c4b626396@group-34E96220011A: changes role from CANDIDATE to FOLLOWER at term 0 for REJECTED
2024-02-22 20:33:46,635 [dc26353c-d48a-467d-89cd-3a7c4b626396@group-34E96220011A-LeaderElection45] INFO  impl.RoleInfo (RoleInfo.java:shutdownLeaderElection(130)) - dc26353c-d48a-467d-89cd-3a7c4b626396: shutdown dc26353c-d48a-467d-89cd-3a7c4b626396@group-34E96220011A-LeaderElection45
2024-02-22 20:33:46,636 [dc26353c-d48a-467d-89cd-3a7c4b626396@group-34E96220011A-LeaderElection45] INFO  impl.RoleInfo (RoleInfo.java:updateAndGet(139)) - dc26353c-d48a-467d-89cd-3a7c4b626396: start dc26353c-d48a-467d-89cd-3a7c4b626396@group-34E96220011A-FollowerState
2024-02-22 20:33:46,636 [e46a6e51-795f-4801-a523-c45a6c7f2c34@group-1944BBB8D763-SegmentedRaftLogWorker] INFO  segmented.BufferedWriteChannel (BufferedWriteChannel.java:open(62)) - open log_inprogress_0 at position 0
2024-02-22 20:33:46,636 [dc26353c-d48a-467d-89cd-3a7c4b626396@group-34E96220011A-LeaderElection45] INFO  server.RaftServer$Division (RaftServerImpl.java:setFirstElection(574)) - dc26353c-d48a-467d-89cd-3a7c4b626396@group-34E96220011A: set firstElectionSinceStartup to false for REJECTED
2024-02-22 20:33:46,637 [e780b093-7242-46d7-bd8f-0f810188c7b3-server-thread2] INFO  ratis.XceiverServerRatis (XceiverServerRatis.java:handleLeaderChangedNotification(966)) - Leader change notification received for group: group-1944BBB8D763 with new leaderId: 86ab988c-fa9c-425d-a1c6-9004ff7fd93d
2024-02-22 20:33:46,637 [e780b093-7242-46d7-bd8f-0f810188c7b3-server-thread2] INFO  server.RaftServer$Division (ServerState.java:setLeader(269)) - e780b093-7242-46d7-bd8f-0f810188c7b3@group-1944BBB8D763: change Leader from null to 86ab988c-fa9c-425d-a1c6-9004ff7fd93d at term 1 for appendEntries, leader elected after 5714ms
2024-02-22 20:33:46,637 [e780b093-7242-46d7-bd8f-0f810188c7b3-server-thread2] INFO  server.RaftServer$Division (ServerState.java:setRaftConf(386)) - e780b093-7242-46d7-bd8f-0f810188c7b3@group-1944BBB8D763: set configuration 0: peers:[86ab988c-fa9c-425d-a1c6-9004ff7fd93d|10.1.0.33:15059, e46a6e51-795f-4801-a523-c45a6c7f2c34|10.1.0.33:15014, e780b093-7242-46d7-bd8f-0f810188c7b3|10.1.0.33:15095]|listeners:[], old=null
2024-02-22 20:33:46,637 [e780b093-7242-46d7-bd8f-0f810188c7b3-server-thread2] INFO  segmented.SegmentedRaftLogWorker (SegmentedRaftLogWorker.java:startLogSegment(430)) - e780b093-7242-46d7-bd8f-0f810188c7b3@group-1944BBB8D763-SegmentedRaftLogWorker: Starting segment from index:0
2024-02-22 20:33:46,643 [e780b093-7242-46d7-bd8f-0f810188c7b3@group-1944BBB8D763-SegmentedRaftLogWorker] INFO  segmented.BufferedWriteChannel (BufferedWriteChannel.java:open(62)) - open log_inprogress_0 at position 0
2024-02-22 20:33:46,643 [86ab988c-fa9c-425d-a1c6-9004ff7fd93d@group-39057960C58A-FollowerState] INFO  impl.FollowerState (FollowerState.java:run(143)) - 86ab988c-fa9c-425d-a1c6-9004ff7fd93d@group-39057960C58A-FollowerState: change to CANDIDATE, lastRpcElapsedTime:5092152844ns, electionTimeout:5087ms
2024-02-22 20:33:46,643 [86ab988c-fa9c-425d-a1c6-9004ff7fd93d@group-39057960C58A-FollowerState] INFO  impl.RoleInfo (RoleInfo.java:shutdownFollowerState(110)) - 86ab988c-fa9c-425d-a1c6-9004ff7fd93d: shutdown 86ab988c-fa9c-425d-a1c6-9004ff7fd93d@group-39057960C58A-FollowerState
2024-02-22 20:33:46,644 [86ab988c-fa9c-425d-a1c6-9004ff7fd93d@group-39057960C58A-FollowerState] INFO  server.RaftServer$Division (RaftServerImpl.java:setRole(383)) - 86ab988c-fa9c-425d-a1c6-9004ff7fd93d@group-39057960C58A: changes role from  FOLLOWER to CANDIDATE at term 0 for changeToCandidate
2024-02-22 20:33:46,643 [78f89d9b-e409-4704-890b-bfcfbcdfd28a@group-8820B9A2DC65-SegmentedRaftLogWorker] INFO  segmented.BufferedWriteChannel (BufferedWriteChannel.java:open(62)) - open log_inprogress_0 at position 0
2024-02-22 20:33:46,647 [e46a6e51-795f-4801-a523-c45a6c7f2c34@group-1944BBB8D763-SegmentedRaftLogWorker] INFO  segmented.SegmentedRaftLogWorker (SegmentedRaftLogWorker.java:execute(634)) - e46a6e51-795f-4801-a523-c45a6c7f2c34@group-1944BBB8D763-SegmentedRaftLogWorker: created new log segment /home/runner/work/ozone/ozone/hadoop-ozone/integration-test/target/test-dir/MiniOzoneClusterImpl-a0fc024b-a492-45a5-9697-b0d14f72cb5c/datanode-0/data/ratis/567d6c0b-0c61-46d9-a73e-1944bbb8d763/current/log_inprogress_0
2024-02-22 20:33:46,644 [86ab988c-fa9c-425d-a1c6-9004ff7fd93d@group-39057960C58A-FollowerState] INFO  server.RaftServerConfigKeys (ConfUtils.java:logGet(46)) - raft.server.leaderelection.pre-vote = true (default)
2024-02-22 20:33:46,648 [86ab988c-fa9c-425d-a1c6-9004ff7fd93d@group-39057960C58A-FollowerState] INFO  impl.RoleInfo (RoleInfo.java:updateAndGet(139)) - 86ab988c-fa9c-425d-a1c6-9004ff7fd93d: start 86ab988c-fa9c-425d-a1c6-9004ff7fd93d@group-39057960C58A-LeaderElection46
2024-02-22 20:33:46,649 [86ab988c-fa9c-425d-a1c6-9004ff7fd93d@group-39057960C58A-LeaderElection46] INFO  impl.LeaderElection (LeaderElection.java:askForVotes(321)) - 86ab988c-fa9c-425d-a1c6-9004ff7fd93d@group-39057960C58A-LeaderElection46 PRE_VOTE round 0: submit vote requests at term 0 for -1: peers:[86ab988c-fa9c-425d-a1c6-9004ff7fd93d|10.1.0.33:15059]|listeners:[], old=null
2024-02-22 20:33:46,649 [86ab988c-fa9c-425d-a1c6-9004ff7fd93d@group-39057960C58A-LeaderElection46] INFO  impl.LeaderElection (LeaderElection.java:askForVotes(323)) - 86ab988c-fa9c-425d-a1c6-9004ff7fd93d@group-39057960C58A-LeaderElection46 PRE_VOTE round 0: result PASSED (term=0)
2024-02-22 20:33:46,651 [13f92446-3b18-4d81-bc66-0f9b00220e72-impl-thread1] INFO  segmented.SegmentedRaftLogWorker (SegmentedRaftLogWorker.java:close(245)) - 13f92446-3b18-4d81-bc66-0f9b00220e72@group-EF19AB1BE06F-SegmentedRaftLogWorker close()
2024-02-22 20:33:46,652 [4e8f68d6-fd98-4f77-87e3-715939181693@group-97BB02909E0E-FollowerState] INFO  impl.FollowerState (FollowerState.java:run(143)) - 4e8f68d6-fd98-4f77-87e3-715939181693@group-97BB02909E0E-FollowerState: change to CANDIDATE, lastRpcElapsedTime:5002483418ns, electionTimeout:5000ms
2024-02-22 20:33:46,653 [4e8f68d6-fd98-4f77-87e3-715939181693@group-97BB02909E0E-FollowerState] INFO  impl.RoleInfo (RoleInfo.java:shutdownFollowerState(110)) - 4e8f68d6-fd98-4f77-87e3-715939181693: shutdown 4e8f68d6-fd98-4f77-87e3-715939181693@group-97BB02909E0E-FollowerState
2024-02-22 20:33:46,653 [4e8f68d6-fd98-4f77-87e3-715939181693@group-97BB02909E0E-FollowerState] INFO  server.RaftServer$Division (RaftServerImpl.java:setRole(383)) - 4e8f68d6-fd98-4f77-87e3-715939181693@group-97BB02909E0E: changes role from  FOLLOWER to CANDIDATE at term 0 for changeToCandidate
2024-02-22 20:33:46,654 [4e8f68d6-fd98-4f77-87e3-715939181693@group-97BB02909E0E-FollowerState] INFO  server.RaftServerConfigKeys (ConfUtils.java:logGet(46)) - raft.server.leaderelection.pre-vote = true (default)
2024-02-22 20:33:46,654 [4e8f68d6-fd98-4f77-87e3-715939181693@group-97BB02909E0E-FollowerState] INFO  impl.RoleInfo (RoleInfo.java:updateAndGet(139)) - 4e8f68d6-fd98-4f77-87e3-715939181693: start 4e8f68d6-fd98-4f77-87e3-715939181693@group-97BB02909E0E-LeaderElection47
2024-02-22 20:33:46,654 [4e8f68d6-fd98-4f77-87e3-715939181693@group-97BB02909E0E-LeaderElection47] INFO  impl.LeaderElection (LeaderElection.java:askForVotes(321)) - 4e8f68d6-fd98-4f77-87e3-715939181693@group-97BB02909E0E-LeaderElection47 PRE_VOTE round 0: submit vote requests at term 0 for -1: peers:[923be64f-71f4-4891-b05d-82ff5a9df5b5|10.1.0.33:15023, d25dc3b0-28fc-4383-b1a0-617845025f41|10.1.0.33:15032, 4e8f68d6-fd98-4f77-87e3-715939181693|10.1.0.33:15041]|listeners:[], old=null
2024-02-22 20:33:46,655 [4e8f68d6-fd98-4f77-87e3-715939181693@group-97BB02909E0E-LeaderElection47-1] INFO  server.GrpcServerProtocolClient (GrpcServerProtocolClient.java:<init>(65)) - Build channel for 923be64f-71f4-4891-b05d-82ff5a9df5b5|10.1.0.33:15023
2024-02-22 20:33:46,655 [d25dc3b0-28fc-4383-b1a0-617845025f41@group-8820B9A2DC65-StateMachineUpdater] INFO  server.RaftServer$Division (LeaderStateImpl.java:isApplied(320)) - leader is ready since appliedIndex == 0 >= startIndex == 0
2024-02-22 20:33:46,655 [e780b093-7242-46d7-bd8f-0f810188c7b3@group-1944BBB8D763-SegmentedRaftLogWorker] INFO  segmented.SegmentedRaftLogWorker (SegmentedRaftLogWorker.java:execute(634)) - e780b093-7242-46d7-bd8f-0f810188c7b3@group-1944BBB8D763-SegmentedRaftLogWorker: created new log segment /home/runner/work/ozone/ozone/hadoop-ozone/integration-test/target/test-dir/MiniOzoneClusterImpl-a0fc024b-a492-45a5-9697-b0d14f72cb5c/datanode-9/data/ratis/567d6c0b-0c61-46d9-a73e-1944bbb8d763/current/log_inprogress_0
2024-02-22 20:33:46,657 [78f89d9b-e409-4704-890b-bfcfbcdfd28a@group-8820B9A2DC65-SegmentedRaftLogWorker] INFO  segmented.SegmentedRaftLogWorker (SegmentedRaftLogWorker.java:execute(634)) - 78f89d9b-e409-4704-890b-bfcfbcdfd28a@group-8820B9A2DC65-SegmentedRaftLogWorker: created new log segment /home/runner/work/ozone/ozone/hadoop-ozone/integration-test/target/test-dir/MiniOzoneClusterImpl-a0fc024b-a492-45a5-9697-b0d14f72cb5c/datanode-8/data/ratis/045ea6be-5c70-427a-91cd-8820b9a2dc65/current/log_inprogress_0
2024-02-22 20:33:46,659 [86ab988c-fa9c-425d-a1c6-9004ff7fd93d@group-1944BBB8D763-StateMachineUpdater] INFO  server.RaftServer$Division (LeaderStateImpl.java:isApplied(320)) - leader is ready since appliedIndex == 0 >= startIndex == 0
2024-02-22 20:33:46,659 [4e8f68d6-fd98-4f77-87e3-715939181693@group-97BB02909E0E-LeaderElection47] INFO  server.RaftServerConfigKeys (ConfUtils.java:logFallback(53)) - raft.server.rpc.first-election.timeout.min = 5s (fallback to raft.server.rpc.timeout.min)
2024-02-22 20:33:46,664 [4e8f68d6-fd98-4f77-87e3-715939181693@group-97BB02909E0E-LeaderElection47] INFO  server.RaftServerConfigKeys (ConfUtils.java:logFallback(53)) - raft.server.rpc.first-election.timeout.max = 5200ms (fallback to raft.server.rpc.timeout.max)
2024-02-22 20:33:46,665 [grpc-default-executor-8] INFO  server.RaftServer$Division (RaftServerImpl.java:requestVote(1389)) - 923be64f-71f4-4891-b05d-82ff5a9df5b5@group-97BB02909E0E: receive requestVote(PRE_VOTE, 4e8f68d6-fd98-4f77-87e3-715939181693, group-97BB02909E0E, 0, (t:0, i:0))
2024-02-22 20:33:46,665 [grpc-default-executor-8] INFO  impl.VoteContext (VoteContext.java:log(49)) - 923be64f-71f4-4891-b05d-82ff5a9df5b5@group-97BB02909E0E-FOLLOWER: accept PRE_VOTE from 4e8f68d6-fd98-4f77-87e3-715939181693: our priority 0 <= candidate's priority 1
2024-02-22 20:33:46,665 [grpc-default-executor-8] INFO  server.RaftServer$Division (RaftServerImpl.java:requestVote(1422)) - 923be64f-71f4-4891-b05d-82ff5a9df5b5@group-97BB02909E0E replies to PRE_VOTE vote request: 4e8f68d6-fd98-4f77-87e3-715939181693<-923be64f-71f4-4891-b05d-82ff5a9df5b5#0:OK-t0. Peer's state: 923be64f-71f4-4891-b05d-82ff5a9df5b5@group-97BB02909E0E:t0, leader=null, voted=, raftlog=Memoized:923be64f-71f4-4891-b05d-82ff5a9df5b5@group-97BB02909E0E-SegmentedRaftLog:OPENED:c-1, conf=-1: peers:[923be64f-71f4-4891-b05d-82ff5a9df5b5|10.1.0.33:15023, d25dc3b0-28fc-4383-b1a0-617845025f41|10.1.0.33:15032, 4e8f68d6-fd98-4f77-87e3-715939181693|10.1.0.33:15041]|listeners:[], old=null
2024-02-22 20:33:46,666 [4e8f68d6-fd98-4f77-87e3-715939181693@group-97BB02909E0E-LeaderElection47] INFO  impl.LeaderElection (LeaderElection.java:logAndReturn(89)) - 4e8f68d6-fd98-4f77-87e3-715939181693@group-97BB02909E0E-LeaderElection47: PRE_VOTE PASSED received 1 response(s) and 0 exception(s):
2024-02-22 20:33:46,666 [4e8f68d6-fd98-4f77-87e3-715939181693@group-97BB02909E0E-LeaderElection47] INFO  impl.LeaderElection (LeaderElection.java:logAndReturn(93)) -   Response 0: 4e8f68d6-fd98-4f77-87e3-715939181693<-923be64f-71f4-4891-b05d-82ff5a9df5b5#0:OK-t0
2024-02-22 20:33:46,667 [4e8f68d6-fd98-4f77-87e3-715939181693@group-97BB02909E0E-LeaderElection47] INFO  impl.LeaderElection (LeaderElection.java:askForVotes(323)) - 4e8f68d6-fd98-4f77-87e3-715939181693@group-97BB02909E0E-LeaderElection47 PRE_VOTE round 0: result PASSED
2024-02-22 20:33:46,668 [grpc-default-executor-8] INFO  server.RaftServer$Division (RaftServerImpl.java:requestVote(1389)) - d25dc3b0-28fc-4383-b1a0-617845025f41@group-97BB02909E0E: receive requestVote(PRE_VOTE, 4e8f68d6-fd98-4f77-87e3-715939181693, group-97BB02909E0E, 0, (t:0, i:0))
2024-02-22 20:33:46,668 [grpc-default-executor-8] INFO  impl.VoteContext (VoteContext.java:log(49)) - d25dc3b0-28fc-4383-b1a0-617845025f41@group-97BB02909E0E-FOLLOWER: accept PRE_VOTE from 4e8f68d6-fd98-4f77-87e3-715939181693: our priority 0 <= candidate's priority 1
2024-02-22 20:33:46,668 [grpc-default-executor-8] INFO  server.RaftServer$Division (RaftServerImpl.java:requestVote(1422)) - d25dc3b0-28fc-4383-b1a0-617845025f41@group-97BB02909E0E replies to PRE_VOTE vote request: 4e8f68d6-fd98-4f77-87e3-715939181693<-d25dc3b0-28fc-4383-b1a0-617845025f41#0:OK-t0. Peer's state: d25dc3b0-28fc-4383-b1a0-617845025f41@group-97BB02909E0E:t0, leader=null, voted=, raftlog=Memoized:d25dc3b0-28fc-4383-b1a0-617845025f41@group-97BB02909E0E-SegmentedRaftLog:OPENED:c-1, conf=-1: peers:[923be64f-71f4-4891-b05d-82ff5a9df5b5|10.1.0.33:15023, d25dc3b0-28fc-4383-b1a0-617845025f41|10.1.0.33:15032, 4e8f68d6-fd98-4f77-87e3-715939181693|10.1.0.33:15041]|listeners:[], old=null
2024-02-22 20:33:46,669 [86ab988c-fa9c-425d-a1c6-9004ff7fd93d@group-39057960C58A-LeaderElection46] INFO  impl.LeaderElection (LeaderElection.java:askForVotes(321)) - 86ab988c-fa9c-425d-a1c6-9004ff7fd93d@group-39057960C58A-LeaderElection46 ELECTION round 0: submit vote requests at term 1 for -1: peers:[86ab988c-fa9c-425d-a1c6-9004ff7fd93d|10.1.0.33:15059]|listeners:[], old=null
2024-02-22 20:33:46,669 [86ab988c-fa9c-425d-a1c6-9004ff7fd93d@group-39057960C58A-LeaderElection46] INFO  impl.LeaderElection (LeaderElection.java:askForVotes(323)) - 86ab988c-fa9c-425d-a1c6-9004ff7fd93d@group-39057960C58A-LeaderElection46 ELECTION round 0: result PASSED (term=1)
2024-02-22 20:33:46,669 [86ab988c-fa9c-425d-a1c6-9004ff7fd93d@group-39057960C58A-LeaderElection46] INFO  impl.RoleInfo (RoleInfo.java:shutdownLeaderElection(130)) - 86ab988c-fa9c-425d-a1c6-9004ff7fd93d: shutdown 86ab988c-fa9c-425d-a1c6-9004ff7fd93d@group-39057960C58A-LeaderElection46
2024-02-22 20:33:46,669 [86ab988c-fa9c-425d-a1c6-9004ff7fd93d@group-39057960C58A-LeaderElection46] INFO  server.RaftServer$Division (RaftServerImpl.java:setRole(383)) - 86ab988c-fa9c-425d-a1c6-9004ff7fd93d@group-39057960C58A: changes role from CANDIDATE to LEADER at term 1 for changeToLeader
2024-02-22 20:33:46,669 [86ab988c-fa9c-425d-a1c6-9004ff7fd93d@group-39057960C58A-LeaderElection46] INFO  server.RaftServerConfigKeys (ConfUtils.java:logGet(46)) - raft.server.staging.catchup.gap = 1000 (default)
2024-02-22 20:33:46,670 [86ab988c-fa9c-425d-a1c6-9004ff7fd93d@group-39057960C58A-LeaderElection46] INFO  server.RaftServerConfigKeys (ConfUtils.java:logGet(46)) - raft.server.write.element-limit = 1024 (custom)
2024-02-22 20:33:46,670 [86ab988c-fa9c-425d-a1c6-9004ff7fd93d@group-39057960C58A-LeaderElection46] INFO  server.RaftServerConfigKeys (ConfUtils.java:logGet(46)) - raft.server.write.byte-limit = 1024 M (=1073741824) (custom)
2024-02-22 20:33:46,670 [86ab988c-fa9c-425d-a1c6-9004ff7fd93d@group-39057960C58A-LeaderElection46] INFO  server.RaftServerConfigKeys (ConfUtils.java:logGet(46)) - raft.server.watch.timeout = 180s (custom)
2024-02-22 20:33:46,670 [86ab988c-fa9c-425d-a1c6-9004ff7fd93d@group-39057960C58A-LeaderElection46] INFO  server.RaftServerConfigKeys (ConfUtils.java:logGet(46)) - raft.server.watch.timeout.denomination = 1s (default)
2024-02-22 20:33:46,670 [86ab988c-fa9c-425d-a1c6-9004ff7fd93d@group-39057960C58A-LeaderElection46] INFO  server.RaftServerConfigKeys (ConfUtils.java:logGet(46)) - raft.server.watch.element-limit = 65536 (default)
2024-02-22 20:33:46,670 [86ab988c-fa9c-425d-a1c6-9004ff7fd93d@group-39057960C58A-LeaderElection46] INFO  server.RaftServerConfigKeys (ConfUtils.java:logGet(46)) - raft.server.read.leader.lease.enabled = false (default)
2024-02-22 20:33:46,670 [86ab988c-fa9c-425d-a1c6-9004ff7fd93d@group-39057960C58A-LeaderElection46] INFO  server.RaftServerConfigKeys (ConfUtils.java:logGet(46)) - raft.server.read.leader.lease.timeout.ratio = 0.9 (default)
2024-02-22 20:33:46,670 [86ab988c-fa9c-425d-a1c6-9004ff7fd93d@group-39057960C58A-LeaderElection46] INFO  server.RaftServerConfigKeys (ConfUtils.java:logGet(46)) - raft.server.rpc.timeout.min = 5s (custom)
2024-02-22 20:33:46,669 [4e8f68d6-fd98-4f77-87e3-715939181693@group-97BB02909E0E-LeaderElection47] INFO  impl.LeaderElection (LeaderElection.java:askForVotes(321)) - 4e8f68d6-fd98-4f77-87e3-715939181693@group-97BB02909E0E-LeaderElection47 ELECTION round 0: submit vote requests at term 1 for -1: peers:[923be64f-71f4-4891-b05d-82ff5a9df5b5|10.1.0.33:15023, d25dc3b0-28fc-4383-b1a0-617845025f41|10.1.0.33:15032, 4e8f68d6-fd98-4f77-87e3-715939181693|10.1.0.33:15041]|listeners:[], old=null
2024-02-22 20:33:46,670 [86ab988c-fa9c-425d-a1c6-9004ff7fd93d@group-39057960C58A-LeaderElection46] INFO  server.RaftServerConfigKeys (ConfUtils.java:logGet(46)) - raft.server.write.element-limit = 1024 (custom)
2024-02-22 20:33:46,670 [86ab988c-fa9c-425d-a1c6-9004ff7fd93d@group-39057960C58A-LeaderElection46] INFO  server.RaftServerConfigKeys (ConfUtils.java:logGet(46)) - raft.server.write.follower.gap.ratio.max = -1.0 (default)
2024-02-22 20:33:46,671 [86ab988c-fa9c-425d-a1c6-9004ff7fd93d@group-39057960C58A-LeaderElection46] INFO  impl.RoleInfo (RoleInfo.java:updateAndGet(139)) - 86ab988c-fa9c-425d-a1c6-9004ff7fd93d: start 86ab988c-fa9c-425d-a1c6-9004ff7fd93d@group-39057960C58A-LeaderStateImpl
2024-02-22 20:33:46,671 [86ab988c-fa9c-425d-a1c6-9004ff7fd93d@group-39057960C58A-LeaderElection46] INFO  server.RaftServer$Division (RaftServerImpl.java:setFirstElection(574)) - 86ab988c-fa9c-425d-a1c6-9004ff7fd93d@group-39057960C58A: set firstElectionSinceStartup to false for becomeLeader
2024-02-22 20:33:46,671 [86ab988c-fa9c-425d-a1c6-9004ff7fd93d@group-39057960C58A-LeaderElection46] INFO  ratis.XceiverServerRatis (XceiverServerRatis.java:handleLeaderChangedNotification(966)) - Leader change notification received for group: group-39057960C58A with new leaderId: 86ab988c-fa9c-425d-a1c6-9004ff7fd93d
2024-02-22 20:33:46,671 [86ab988c-fa9c-425d-a1c6-9004ff7fd93d@group-39057960C58A-LeaderElection46] INFO  server.RaftServer$Division (ServerState.java:setLeader(269)) - 86ab988c-fa9c-425d-a1c6-9004ff7fd93d@group-39057960C58A: change Leader from null to 86ab988c-fa9c-425d-a1c6-9004ff7fd93d at term 1 for becomeLeader, leader elected after 5198ms
2024-02-22 20:33:46,671 [86ab988c-fa9c-425d-a1c6-9004ff7fd93d@group-39057960C58A-LeaderElection46] INFO  segmented.SegmentedRaftLogWorker (SegmentedRaftLogWorker.java:startLogSegment(430)) - 86ab988c-fa9c-425d-a1c6-9004ff7fd93d@group-39057960C58A-SegmentedRaftLogWorker: Starting segment from index:0
2024-02-22 20:33:46,672 [4e8f68d6-fd98-4f77-87e3-715939181693@group-97BB02909E0E-LeaderElection47] INFO  server.RaftServerConfigKeys (ConfUtils.java:logFallback(53)) - raft.server.rpc.first-election.timeout.min = 5s (fallback to raft.server.rpc.timeout.min)
2024-02-22 20:33:46,672 [4e8f68d6-fd98-4f77-87e3-715939181693@group-97BB02909E0E-LeaderElection47] INFO  server.RaftServerConfigKeys (ConfUtils.java:logFallback(53)) - raft.server.rpc.first-election.timeout.max = 5200ms (fallback to raft.server.rpc.timeout.max)
2024-02-22 20:33:46,674 [86ab988c-fa9c-425d-a1c6-9004ff7fd93d@group-39057960C58A-SegmentedRaftLogWorker] INFO  segmented.BufferedWriteChannel (BufferedWriteChannel.java:open(62)) - open log_inprogress_0 at position 0
2024-02-22 20:33:46,679 [86ab988c-fa9c-425d-a1c6-9004ff7fd93d@group-39057960C58A-LeaderElection46] INFO  server.RaftServer$Division (ServerState.java:setRaftConf(386)) - 86ab988c-fa9c-425d-a1c6-9004ff7fd93d@group-39057960C58A: set configuration 0: peers:[86ab988c-fa9c-425d-a1c6-9004ff7fd93d|10.1.0.33:15059]|listeners:[], old=null
2024-02-22 20:33:46,680 [grpc-default-executor-8] INFO  server.RaftServer$Division (RaftServerImpl.java:requestVote(1389)) - 923be64f-71f4-4891-b05d-82ff5a9df5b5@group-97BB02909E0E: receive requestVote(ELECTION, 4e8f68d6-fd98-4f77-87e3-715939181693, group-97BB02909E0E, 1, (t:0, i:0))
2024-02-22 20:33:46,680 [grpc-default-executor-8] INFO  impl.VoteContext (VoteContext.java:log(49)) - 923be64f-71f4-4891-b05d-82ff5a9df5b5@group-97BB02909E0E-FOLLOWER: accept ELECTION from 4e8f68d6-fd98-4f77-87e3-715939181693: our priority 0 <= candidate's priority 1
2024-02-22 20:33:46,680 [grpc-default-executor-8] INFO  server.RaftServer$Division (RaftServerImpl.java:setRole(383)) - 923be64f-71f4-4891-b05d-82ff5a9df5b5@group-97BB02909E0E: changes role from  FOLLOWER to FOLLOWER at term 1 for candidate:4e8f68d6-fd98-4f77-87e3-715939181693
2024-02-22 20:33:46,680 [grpc-default-executor-8] INFO  impl.RoleInfo (RoleInfo.java:shutdownFollowerState(110)) - 923be64f-71f4-4891-b05d-82ff5a9df5b5: shutdown 923be64f-71f4-4891-b05d-82ff5a9df5b5@group-97BB02909E0E-FollowerState
2024-02-22 20:33:46,683 [grpc-default-executor-2] INFO  server.RaftServer$Division (RaftServerImpl.java:requestVote(1389)) - d25dc3b0-28fc-4383-b1a0-617845025f41@group-97BB02909E0E: receive requestVote(ELECTION, 4e8f68d6-fd98-4f77-87e3-715939181693, group-97BB02909E0E, 1, (t:0, i:0))
2024-02-22 20:33:46,683 [grpc-default-executor-2] INFO  impl.VoteContext (VoteContext.java:log(49)) - d25dc3b0-28fc-4383-b1a0-617845025f41@group-97BB02909E0E-FOLLOWER: accept ELECTION from 4e8f68d6-fd98-4f77-87e3-715939181693: our priority 0 <= candidate's priority 1
2024-02-22 20:33:46,683 [grpc-default-executor-2] INFO  server.RaftServer$Division (RaftServerImpl.java:setRole(383)) - d25dc3b0-28fc-4383-b1a0-617845025f41@group-97BB02909E0E: changes role from  FOLLOWER to FOLLOWER at term 1 for candidate:4e8f68d6-fd98-4f77-87e3-715939181693
2024-02-22 20:33:46,683 [grpc-default-executor-2] INFO  impl.RoleInfo (RoleInfo.java:shutdownFollowerState(110)) - d25dc3b0-28fc-4383-b1a0-617845025f41: shutdown d25dc3b0-28fc-4383-b1a0-617845025f41@group-97BB02909E0E-FollowerState
2024-02-22 20:33:46,684 [86ab988c-fa9c-425d-a1c6-9004ff7fd93d@group-39057960C58A-SegmentedRaftLogWorker] INFO  segmented.SegmentedRaftLogWorker (SegmentedRaftLogWorker.java:execute(634)) - 86ab988c-fa9c-425d-a1c6-9004ff7fd93d@group-39057960C58A-SegmentedRaftLogWorker: created new log segment /home/runner/work/ozone/ozone/hadoop-ozone/integration-test/target/test-dir/MiniOzoneClusterImpl-a0fc024b-a492-45a5-9697-b0d14f72cb5c/datanode-5/data/ratis/23eed6f5-f54e-4a5a-9149-39057960c58a/current/log_inprogress_0
2024-02-22 20:33:46,686 [grpc-default-executor-2] INFO  impl.RoleInfo (RoleInfo.java:updateAndGet(139)) - d25dc3b0-28fc-4383-b1a0-617845025f41: start d25dc3b0-28fc-4383-b1a0-617845025f41@group-97BB02909E0E-FollowerState
2024-02-22 20:33:46,686 [d25dc3b0-28fc-4383-b1a0-617845025f41@group-97BB02909E0E-FollowerState] INFO  impl.FollowerState (FollowerState.java:run(152)) - d25dc3b0-28fc-4383-b1a0-617845025f41@group-97BB02909E0E-FollowerState was interrupted
2024-02-22 20:33:46,687 [e46a6e51-795f-4801-a523-c45a6c7f2c34@group-AFFC1E458E84-FollowerState] INFO  impl.FollowerState (FollowerState.java:run(143)) - e46a6e51-795f-4801-a523-c45a6c7f2c34@group-AFFC1E458E84-FollowerState: change to CANDIDATE, lastRpcElapsedTime:5101665032ns, electionTimeout:5088ms
2024-02-22 20:33:46,687 [e46a6e51-795f-4801-a523-c45a6c7f2c34@group-AFFC1E458E84-FollowerState] INFO  impl.RoleInfo (RoleInfo.java:shutdownFollowerState(110)) - e46a6e51-795f-4801-a523-c45a6c7f2c34: shutdown e46a6e51-795f-4801-a523-c45a6c7f2c34@group-AFFC1E458E84-FollowerState
2024-02-22 20:33:46,687 [e46a6e51-795f-4801-a523-c45a6c7f2c34@group-AFFC1E458E84-FollowerState] INFO  server.RaftServer$Division (RaftServerImpl.java:setRole(383)) - e46a6e51-795f-4801-a523-c45a6c7f2c34@group-AFFC1E458E84: changes role from  FOLLOWER to CANDIDATE at term 0 for changeToCandidate
2024-02-22 20:33:46,689 [grpc-default-executor-8] INFO  impl.RoleInfo (RoleInfo.java:updateAndGet(139)) - 923be64f-71f4-4891-b05d-82ff5a9df5b5: start 923be64f-71f4-4891-b05d-82ff5a9df5b5@group-97BB02909E0E-FollowerState
2024-02-22 20:33:46,689 [e46a6e51-795f-4801-a523-c45a6c7f2c34@group-AFFC1E458E84-FollowerState] INFO  server.RaftServerConfigKeys (ConfUtils.java:logGet(46)) - raft.server.leaderelection.pre-vote = true (default)
2024-02-22 20:33:46,690 [e46a6e51-795f-4801-a523-c45a6c7f2c34@group-AFFC1E458E84-FollowerState] INFO  impl.RoleInfo (RoleInfo.java:updateAndGet(139)) - e46a6e51-795f-4801-a523-c45a6c7f2c34: start e46a6e51-795f-4801-a523-c45a6c7f2c34@group-AFFC1E458E84-LeaderElection48
2024-02-22 20:33:46,689 [923be64f-71f4-4891-b05d-82ff5a9df5b5@group-97BB02909E0E-FollowerState] INFO  impl.FollowerState (FollowerState.java:run(152)) - 923be64f-71f4-4891-b05d-82ff5a9df5b5@group-97BB02909E0E-FollowerState was interrupted
2024-02-22 20:33:46,690 [grpc-default-executor-2] INFO  server.RaftServer$Division (RaftServerImpl.java:requestVote(1422)) - d25dc3b0-28fc-4383-b1a0-617845025f41@group-97BB02909E0E replies to ELECTION vote request: 4e8f68d6-fd98-4f77-87e3-715939181693<-d25dc3b0-28fc-4383-b1a0-617845025f41#0:OK-t1. Peer's state: d25dc3b0-28fc-4383-b1a0-617845025f41@group-97BB02909E0E:t1, leader=null, voted=4e8f68d6-fd98-4f77-87e3-715939181693, raftlog=Memoized:d25dc3b0-28fc-4383-b1a0-617845025f41@group-97BB02909E0E-SegmentedRaftLog:OPENED:c-1, conf=-1: peers:[923be64f-71f4-4891-b05d-82ff5a9df5b5|10.1.0.33:15023, d25dc3b0-28fc-4383-b1a0-617845025f41|10.1.0.33:15032, 4e8f68d6-fd98-4f77-87e3-715939181693|10.1.0.33:15041]|listeners:[], old=null
2024-02-22 20:33:46,691 [grpc-default-executor-8] INFO  server.RaftServer$Division (RaftServerImpl.java:setFirstElection(574)) - 923be64f-71f4-4891-b05d-82ff5a9df5b5@group-97BB02909E0E: set firstElectionSinceStartup to false for candidate:4e8f68d6-fd98-4f77-87e3-715939181693
2024-02-22 20:33:46,695 [grpc-default-executor-8] INFO  server.RaftServer$Division (RaftServerImpl.java:requestVote(1422)) - 923be64f-71f4-4891-b05d-82ff5a9df5b5@group-97BB02909E0E replies to ELECTION vote request: 4e8f68d6-fd98-4f77-87e3-715939181693<-923be64f-71f4-4891-b05d-82ff5a9df5b5#0:OK-t1. Peer's state: 923be64f-71f4-4891-b05d-82ff5a9df5b5@group-97BB02909E0E:t1, leader=null, voted=4e8f68d6-fd98-4f77-87e3-715939181693, raftlog=Memoized:923be64f-71f4-4891-b05d-82ff5a9df5b5@group-97BB02909E0E-SegmentedRaftLog:OPENED:c-1, conf=-1: peers:[923be64f-71f4-4891-b05d-82ff5a9df5b5|10.1.0.33:15023, d25dc3b0-28fc-4383-b1a0-617845025f41|10.1.0.33:15032, 4e8f68d6-fd98-4f77-87e3-715939181693|10.1.0.33:15041]|listeners:[], old=null
2024-02-22 20:33:46,695 [4e8f68d6-fd98-4f77-87e3-715939181693@group-97BB02909E0E-LeaderElection47] INFO  impl.LeaderElection (LeaderElection.java:logAndReturn(89)) - 4e8f68d6-fd98-4f77-87e3-715939181693@group-97BB02909E0E-LeaderElection47: ELECTION PASSED received 1 response(s) and 0 exception(s):
2024-02-22 20:33:46,696 [4e8f68d6-fd98-4f77-87e3-715939181693@group-97BB02909E0E-LeaderElection47] INFO  impl.LeaderElection (LeaderElection.java:logAndReturn(93)) -   Response 0: 4e8f68d6-fd98-4f77-87e3-715939181693<-d25dc3b0-28fc-4383-b1a0-617845025f41#0:OK-t1
2024-02-22 20:33:46,696 [4e8f68d6-fd98-4f77-87e3-715939181693@group-97BB02909E0E-LeaderElection47] INFO  impl.LeaderElection (LeaderElection.java:askForVotes(323)) - 4e8f68d6-fd98-4f77-87e3-715939181693@group-97BB02909E0E-LeaderElection47 ELECTION round 0: result PASSED
2024-02-22 20:33:46,696 [4e8f68d6-fd98-4f77-87e3-715939181693@group-97BB02909E0E-LeaderElection47] INFO  impl.RoleInfo (RoleInfo.java:shutdownLeaderElection(130)) - 4e8f68d6-fd98-4f77-87e3-715939181693: shutdown 4e8f68d6-fd98-4f77-87e3-715939181693@group-97BB02909E0E-LeaderElection47
2024-02-22 20:33:46,696 [4e8f68d6-fd98-4f77-87e3-715939181693@group-97BB02909E0E-LeaderElection47] INFO  server.RaftServer$Division (RaftServerImpl.java:setRole(383)) - 4e8f68d6-fd98-4f77-87e3-715939181693@group-97BB02909E0E: changes role from CANDIDATE to LEADER at term 1 for changeToLeader
2024-02-22 20:33:46,696 [86ab988c-fa9c-425d-a1c6-9004ff7fd93d@group-39057960C58A-StateMachineUpdater] INFO  server.RaftServer$Division (LeaderStateImpl.java:isApplied(320)) - leader is ready since appliedIndex == 0 >= startIndex == 0
2024-02-22 20:33:46,696 [4e8f68d6-fd98-4f77-87e3-715939181693@group-97BB02909E0E-LeaderElection47] INFO  server.RaftServerConfigKeys (ConfUtils.java:logGet(46)) - raft.server.staging.catchup.gap = 1000 (default)
2024-02-22 20:33:46,696 [4e8f68d6-fd98-4f77-87e3-715939181693@group-97BB02909E0E-LeaderElection47] INFO  server.RaftServerConfigKeys (ConfUtils.java:logGet(46)) - raft.server.write.element-limit = 1024 (custom)
2024-02-22 20:33:46,696 [4e8f68d6-fd98-4f77-87e3-715939181693@group-97BB02909E0E-LeaderElection47] INFO  server.RaftServerConfigKeys (ConfUtils.java:logGet(46)) - raft.server.write.byte-limit = 1024 M (=1073741824) (custom)
2024-02-22 20:33:46,697 [4e8f68d6-fd98-4f77-87e3-715939181693@group-97BB02909E0E-LeaderElection47] INFO  server.RaftServerConfigKeys (ConfUtils.java:logGet(46)) - raft.server.watch.timeout = 180s (custom)
2024-02-22 20:33:46,697 [4e8f68d6-fd98-4f77-87e3-715939181693@group-97BB02909E0E-LeaderElection47] INFO  server.RaftServerConfigKeys (ConfUtils.java:logGet(46)) - raft.server.watch.timeout.denomination = 1s (default)
2024-02-22 20:33:46,697 [4e8f68d6-fd98-4f77-87e3-715939181693@group-97BB02909E0E-LeaderElection47] INFO  server.RaftServerConfigKeys (ConfUtils.java:logGet(46)) - raft.server.watch.element-limit = 65536 (default)
2024-02-22 20:33:46,697 [4e8f68d6-fd98-4f77-87e3-715939181693@group-97BB02909E0E-LeaderElection47] INFO  server.RaftServerConfigKeys (ConfUtils.java:logGet(46)) - raft.server.read.leader.lease.enabled = false (default)
2024-02-22 20:33:46,697 [4e8f68d6-fd98-4f77-87e3-715939181693@group-97BB02909E0E-LeaderElection47] INFO  server.RaftServerConfigKeys (ConfUtils.java:logGet(46)) - raft.server.read.leader.lease.timeout.ratio = 0.9 (default)
2024-02-22 20:33:46,697 [4e8f68d6-fd98-4f77-87e3-715939181693@group-97BB02909E0E-LeaderElection47] INFO  server.RaftServerConfigKeys (ConfUtils.java:logGet(46)) - raft.server.rpc.timeout.min = 5s (custom)
2024-02-22 20:33:46,697 [4e8f68d6-fd98-4f77-87e3-715939181693@group-97BB02909E0E-LeaderElection47] INFO  server.RaftServerConfigKeys (ConfUtils.java:logGet(46)) - raft.server.write.element-limit = 1024 (custom)
2024-02-22 20:33:46,697 [4e8f68d6-fd98-4f77-87e3-715939181693@group-97BB02909E0E-LeaderElection47] INFO  server.RaftServerConfigKeys (ConfUtils.java:logGet(46)) - raft.server.write.follower.gap.ratio.max = -1.0 (default)
2024-02-22 20:33:46,697 [4e8f68d6-fd98-4f77-87e3-715939181693@group-97BB02909E0E-LeaderElection47] INFO  server.RaftServerConfigKeys (ConfUtils.java:logGet(46)) - raft.server.log.appender.snapshot.chunk.size.max = 16MB (=16777216) (default)
2024-02-22 20:33:46,697 [4e8f68d6-fd98-4f77-87e3-715939181693@group-97BB02909E0E-LeaderElection47] INFO  server.RaftServerConfigKeys (ConfUtils.java:logGet(46)) - raft.server.log.appender.buffer.byte-limit = 8388608 (custom)
2024-02-22 20:33:46,698 [4e8f68d6-fd98-4f77-87e3-715939181693@group-97BB02909E0E-LeaderElection47] INFO  server.RaftServerConfigKeys (ConfUtils.java:logGet(46)) - raft.server.log.appender.buffer.element-limit = 1 (custom)
2024-02-22 20:33:46,698 [4e8f68d6-fd98-4f77-87e3-715939181693@group-97BB02909E0E-LeaderElection47] INFO  server.RaftServerConfigKeys (ConfUtils.java:logGet(46)) - raft.server.log.appender.wait-time.min = 0μs (custom)
2024-02-22 20:33:46,698 [4e8f68d6-fd98-4f77-87e3-715939181693@group-97BB02909E0E-LeaderElection47] INFO  grpc.GrpcConfigKeys (ConfUtils.java:logGet(46)) - raft.grpc.server.leader.outstanding.appends.max = 8 (default)
2024-02-22 20:33:46,698 [4e8f68d6-fd98-4f77-87e3-715939181693@group-97BB02909E0E-LeaderElection47] INFO  server.RaftServerConfigKeys (ConfUtils.java:logGet(46)) - raft.server.rpc.request.timeout = 60s (custom)
2024-02-22 20:33:46,698 [4e8f68d6-fd98-4f77-87e3-715939181693@group-97BB02909E0E-LeaderElection47] INFO  grpc.GrpcConfigKeys (ConfUtils.java:logGet(46)) - raft.grpc.server.install_snapshot.request.element-limit = 8 (default)
2024-02-22 20:33:46,698 [4e8f68d6-fd98-4f77-87e3-715939181693@group-97BB02909E0E-LeaderElection47] INFO  grpc.GrpcConfigKeys (ConfUtils.java:logGet(46)) - raft.grpc.server.install_snapshot.request.timeout = 3000ms (default)
2024-02-22 20:33:46,698 [4e8f68d6-fd98-4f77-87e3-715939181693@group-97BB02909E0E-LeaderElection47] INFO  grpc.GrpcConfigKeys (ConfUtils.java:logGet(46)) - raft.grpc.server.log-message.batch.duration = 5s (default)
2024-02-22 20:33:46,698 [4e8f68d6-fd98-4f77-87e3-715939181693@group-97BB02909E0E-LeaderElection47] INFO  server.RaftServerConfigKeys (ConfUtils.java:logGet(46)) - raft.server.log.appender.install.snapshot.enabled = false (custom)
2024-02-22 20:33:46,698 [4e8f68d6-fd98-4f77-87e3-715939181693@group-97BB02909E0E-LeaderElection47] INFO  grpc.GrpcConfigKeys (ConfUtils.java:logGet(46)) - raft.grpc.server.heartbeat.channel = true (default)
2024-02-22 20:33:46,698 [e46a6e51-795f-4801-a523-c45a6c7f2c34@group-AFFC1E458E84-LeaderElection48] INFO  impl.LeaderElection (LeaderElection.java:askForVotes(321)) - e46a6e51-795f-4801-a523-c45a6c7f2c34@group-AFFC1E458E84-LeaderElection48 PRE_VOTE round 0: submit vote requests at term 0 for -1: peers:[923be64f-71f4-4891-b05d-82ff5a9df5b5|10.1.0.33:15023, e46a6e51-795f-4801-a523-c45a6c7f2c34|10.1.0.33:15014, e780b093-7242-46d7-bd8f-0f810188c7b3|10.1.0.33:15095]|listeners:[], old=null
2024-02-22 20:33:46,699 [4e8f68d6-fd98-4f77-87e3-715939181693@group-97BB02909E0E-LeaderElection47] INFO  server.RaftServerConfigKeys (ConfUtils.java:logGet(46)) - raft.server.log.appender.snapshot.chunk.size.max = 16MB (=16777216) (default)
2024-02-22 20:33:46,699 [4e8f68d6-fd98-4f77-87e3-715939181693@group-97BB02909E0E-LeaderElection47] INFO  server.RaftServerConfigKeys (ConfUtils.java:logGet(46)) - raft.server.log.appender.buffer.byte-limit = 8388608 (custom)
2024-02-22 20:33:46,699 [4e8f68d6-fd98-4f77-87e3-715939181693@group-97BB02909E0E-LeaderElection47] INFO  server.RaftServerConfigKeys (ConfUtils.java:logGet(46)) - raft.server.log.appender.buffer.element-limit = 1 (custom)
2024-02-22 20:33:46,700 [4e8f68d6-fd98-4f77-87e3-715939181693@group-97BB02909E0E-LeaderElection47] INFO  server.RaftServerConfigKeys (ConfUtils.java:logGet(46)) - raft.server.log.appender.wait-time.min = 0μs (custom)
2024-02-22 20:33:46,700 [4e8f68d6-fd98-4f77-87e3-715939181693@group-97BB02909E0E-LeaderElection47] INFO  grpc.GrpcConfigKeys (ConfUtils.java:logGet(46)) - raft.grpc.server.leader.outstanding.appends.max = 8 (default)
2024-02-22 20:33:46,700 [4e8f68d6-fd98-4f77-87e3-715939181693@group-97BB02909E0E-LeaderElection47] INFO  server.RaftServerConfigKeys (ConfUtils.java:logGet(46)) - raft.server.rpc.request.timeout = 60s (custom)
2024-02-22 20:33:46,701 [4e8f68d6-fd98-4f77-87e3-715939181693@group-97BB02909E0E-LeaderElection47] INFO  grpc.GrpcConfigKeys (ConfUtils.java:logGet(46)) - raft.grpc.server.install_snapshot.request.element-limit = 8 (default)
2024-02-22 20:33:46,701 [4e8f68d6-fd98-4f77-87e3-715939181693@group-97BB02909E0E-LeaderElection47] INFO  grpc.GrpcConfigKeys (ConfUtils.java:logGet(46)) - raft.grpc.server.install_snapshot.request.timeout = 3000ms (default)
2024-02-22 20:33:46,701 [e46a6e51-795f-4801-a523-c45a6c7f2c34@group-AFFC1E458E84-LeaderElection48] INFO  server.RaftServerConfigKeys (ConfUtils.java:logFallback(53)) - raft.server.rpc.first-election.timeout.min = 5s (fallback to raft.server.rpc.timeout.min)
2024-02-22 20:33:46,701 [4e8f68d6-fd98-4f77-87e3-715939181693@group-97BB02909E0E-LeaderElection47] INFO  grpc.GrpcConfigKeys (ConfUtils.java:logGet(46)) - raft.grpc.server.log-message.batch.duration = 5s (default)
2024-02-22 20:33:46,701 [4e8f68d6-fd98-4f77-87e3-715939181693@group-97BB02909E0E-LeaderElection47] INFO  server.RaftServerConfigKeys (ConfUtils.java:logGet(46)) - raft.server.log.appender.install.snapshot.enabled = false (custom)
2024-02-22 20:33:46,701 [4e8f68d6-fd98-4f77-87e3-715939181693@group-97BB02909E0E-LeaderElection47] INFO  grpc.GrpcConfigKeys (ConfUtils.java:logGet(46)) - raft.grpc.server.heartbeat.channel = true (default)
2024-02-22 20:33:46,701 [e46a6e51-795f-4801-a523-c45a6c7f2c34@group-AFFC1E458E84-LeaderElection48] INFO  server.RaftServerConfigKeys (ConfUtils.java:logFallback(53)) - raft.server.rpc.first-election.timeout.max = 5200ms (fallback to raft.server.rpc.timeout.max)
2024-02-22 20:33:46,701 [4e8f68d6-fd98-4f77-87e3-715939181693@group-97BB02909E0E-LeaderElection47] INFO  impl.RoleInfo (RoleInfo.java:updateAndGet(139)) - 4e8f68d6-fd98-4f77-87e3-715939181693: start 4e8f68d6-fd98-4f77-87e3-715939181693@group-97BB02909E0E-LeaderStateImpl
2024-02-22 20:33:46,701 [4e8f68d6-fd98-4f77-87e3-715939181693@group-97BB02909E0E-LeaderElection47] INFO  server.RaftServer$Division (RaftServerImpl.java:setFirstElection(574)) - 4e8f68d6-fd98-4f77-87e3-715939181693@group-97BB02909E0E: set firstElectionSinceStartup to false for becomeLeader
2024-02-22 20:33:46,701 [4e8f68d6-fd98-4f77-87e3-715939181693@group-97BB02909E0E-LeaderElection47] INFO  ratis.XceiverServerRatis (XceiverServerRatis.java:handleLeaderChangedNotification(966)) - Leader change notification received for group: group-97BB02909E0E with new leaderId: 4e8f68d6-fd98-4f77-87e3-715939181693
2024-02-22 20:33:46,701 [4e8f68d6-fd98-4f77-87e3-715939181693@group-97BB02909E0E-LeaderElection47] INFO  server.RaftServer$Division (ServerState.java:setLeader(269)) - 4e8f68d6-fd98-4f77-87e3-715939181693@group-97BB02909E0E: change Leader from null to 4e8f68d6-fd98-4f77-87e3-715939181693 at term 1 for becomeLeader, leader elected after 5122ms
2024-02-22 20:33:46,702 [4e8f68d6-fd98-4f77-87e3-715939181693@group-97BB02909E0E-LeaderElection47] INFO  segmented.SegmentedRaftLogWorker (SegmentedRaftLogWorker.java:startLogSegment(430)) - 4e8f68d6-fd98-4f77-87e3-715939181693@group-97BB02909E0E-SegmentedRaftLogWorker: Starting segment from index:0
2024-02-22 20:33:46,702 [grpc-default-executor-8] INFO  server.RaftServer$Division (RaftServerImpl.java:requestVote(1389)) - 923be64f-71f4-4891-b05d-82ff5a9df5b5@group-AFFC1E458E84: receive requestVote(PRE_VOTE, e46a6e51-795f-4801-a523-c45a6c7f2c34, group-AFFC1E458E84, 0, (t:0, i:0))
2024-02-22 20:33:46,702 [grpc-default-executor-8] INFO  impl.VoteContext (VoteContext.java:log(49)) - 923be64f-71f4-4891-b05d-82ff5a9df5b5@group-AFFC1E458E84-FOLLOWER: accept PRE_VOTE from e46a6e51-795f-4801-a523-c45a6c7f2c34: our priority 0 <= candidate's priority 1
2024-02-22 20:33:46,702 [4e8f68d6-fd98-4f77-87e3-715939181693@group-97BB02909E0E-SegmentedRaftLogWorker] INFO  segmented.BufferedWriteChannel (BufferedWriteChannel.java:open(62)) - open log_inprogress_0 at position 0
2024-02-22 20:33:46,702 [grpc-default-executor-8] INFO  server.RaftServer$Division (RaftServerImpl.java:requestVote(1422)) - 923be64f-71f4-4891-b05d-82ff5a9df5b5@group-AFFC1E458E84 replies to PRE_VOTE vote request: e46a6e51-795f-4801-a523-c45a6c7f2c34<-923be64f-71f4-4891-b05d-82ff5a9df5b5#0:OK-t0. Peer's state: 923be64f-71f4-4891-b05d-82ff5a9df5b5@group-AFFC1E458E84:t0, leader=null, voted=, raftlog=Memoized:923be64f-71f4-4891-b05d-82ff5a9df5b5@group-AFFC1E458E84-SegmentedRaftLog:OPENED:c-1, conf=-1: peers:[923be64f-71f4-4891-b05d-82ff5a9df5b5|10.1.0.33:15023, e46a6e51-795f-4801-a523-c45a6c7f2c34|10.1.0.33:15014, e780b093-7242-46d7-bd8f-0f810188c7b3|10.1.0.33:15095]|listeners:[], old=null
2024-02-22 20:33:46,703 [e46a6e51-795f-4801-a523-c45a6c7f2c34@group-AFFC1E458E84-LeaderElection48] INFO  impl.LeaderElection (LeaderElection.java:logAndReturn(89)) - e46a6e51-795f-4801-a523-c45a6c7f2c34@group-AFFC1E458E84-LeaderElection48: PRE_VOTE PASSED received 1 response(s) and 0 exception(s):
2024-02-22 20:33:46,703 [e46a6e51-795f-4801-a523-c45a6c7f2c34@group-AFFC1E458E84-LeaderElection48] INFO  impl.LeaderElection (LeaderElection.java:logAndReturn(93)) -   Response 0: e46a6e51-795f-4801-a523-c45a6c7f2c34<-923be64f-71f4-4891-b05d-82ff5a9df5b5#0:OK-t0
2024-02-22 20:33:46,703 [e46a6e51-795f-4801-a523-c45a6c7f2c34@group-AFFC1E458E84-LeaderElection48] INFO  impl.LeaderElection (LeaderElection.java:askForVotes(323)) - e46a6e51-795f-4801-a523-c45a6c7f2c34@group-AFFC1E458E84-LeaderElection48 PRE_VOTE round 0: result PASSED
2024-02-22 20:33:46,704 [grpc-default-executor-8] INFO  server.RaftServer$Division (RaftServerImpl.java:requestVote(1389)) - e780b093-7242-46d7-bd8f-0f810188c7b3@group-AFFC1E458E84: receive requestVote(PRE_VOTE, e46a6e51-795f-4801-a523-c45a6c7f2c34, group-AFFC1E458E84, 0, (t:0, i:0))
2024-02-22 20:33:46,704 [e46a6e51-795f-4801-a523-c45a6c7f2c34@group-AFFC1E458E84-LeaderElection48] INFO  impl.LeaderElection (LeaderElection.java:askForVotes(321)) - e46a6e51-795f-4801-a523-c45a6c7f2c34@group-AFFC1E458E84-LeaderElection48 ELECTION round 0: submit vote requests at term 1 for -1: peers:[923be64f-71f4-4891-b05d-82ff5a9df5b5|10.1.0.33:15023, e46a6e51-795f-4801-a523-c45a6c7f2c34|10.1.0.33:15014, e780b093-7242-46d7-bd8f-0f810188c7b3|10.1.0.33:15095]|listeners:[], old=null
2024-02-22 20:33:46,705 [grpc-default-executor-8] INFO  impl.VoteContext (VoteContext.java:log(49)) - e780b093-7242-46d7-bd8f-0f810188c7b3@group-AFFC1E458E84-FOLLOWER: accept PRE_VOTE from e46a6e51-795f-4801-a523-c45a6c7f2c34: our priority 0 <= candidate's priority 1
2024-02-22 20:33:46,705 [grpc-default-executor-8] INFO  server.RaftServer$Division (RaftServerImpl.java:requestVote(1422)) - e780b093-7242-46d7-bd8f-0f810188c7b3@group-AFFC1E458E84 replies to PRE_VOTE vote request: e46a6e51-795f-4801-a523-c45a6c7f2c34<-e780b093-7242-46d7-bd8f-0f810188c7b3#0:OK-t0. Peer's state: e780b093-7242-46d7-bd8f-0f810188c7b3@group-AFFC1E458E84:t0, leader=null, voted=, raftlog=Memoized:e780b093-7242-46d7-bd8f-0f810188c7b3@group-AFFC1E458E84-SegmentedRaftLog:OPENED:c-1, conf=-1: peers:[923be64f-71f4-4891-b05d-82ff5a9df5b5|10.1.0.33:15023, e46a6e51-795f-4801-a523-c45a6c7f2c34|10.1.0.33:15014, e780b093-7242-46d7-bd8f-0f810188c7b3|10.1.0.33:15095]|listeners:[], old=null
2024-02-22 20:33:46,705 [86ab988c-fa9c-425d-a1c6-9004ff7fd93d@group-34E96220011A-FollowerState] INFO  impl.FollowerState (FollowerState.java:run(143)) - 86ab988c-fa9c-425d-a1c6-9004ff7fd93d@group-34E96220011A-FollowerState: change to CANDIDATE, lastRpcElapsedTime:5071349239ns, electionTimeout:5070ms
2024-02-22 20:33:46,705 [86ab988c-fa9c-425d-a1c6-9004ff7fd93d@group-34E96220011A-FollowerState] INFO  impl.RoleInfo (RoleInfo.java:shutdownFollowerState(110)) - 86ab988c-fa9c-425d-a1c6-9004ff7fd93d: shutdown 86ab988c-fa9c-425d-a1c6-9004ff7fd93d@group-34E96220011A-FollowerState
2024-02-22 20:33:46,705 [86ab988c-fa9c-425d-a1c6-9004ff7fd93d@group-34E96220011A-FollowerState] INFO  server.RaftServer$Division (RaftServerImpl.java:setRole(383)) - 86ab988c-fa9c-425d-a1c6-9004ff7fd93d@group-34E96220011A: changes role from  FOLLOWER to CANDIDATE at term 0 for changeToCandidate
2024-02-22 20:33:46,706 [EventQueue-PipelineReportForPipelineReportHandler] INFO  pipeline.PipelineReportHandler (PipelineReportHandler.java:processPipelineReport(136)) - Opened pipeline PipelineID=d9165cc6-fdfc-42ee-9f98-97bb02909e0e
2024-02-22 20:33:46,707 [e780b093-7242-46d7-bd8f-0f810188c7b3@group-AFFC1E458E84-FollowerState] INFO  server.RaftServerConfigKeys (ConfUtils.java:logFallback(53)) - raft.server.rpc.first-election.timeout.min = 5s (fallback to raft.server.rpc.timeout.min)
2024-02-22 20:33:46,707 [e780b093-7242-46d7-bd8f-0f810188c7b3@group-AFFC1E458E84-FollowerState] INFO  server.RaftServerConfigKeys (ConfUtils.java:logFallback(53)) - raft.server.rpc.first-election.timeout.max = 5200ms (fallback to raft.server.rpc.timeout.max)
2024-02-22 20:33:46,707 [4e8f68d6-fd98-4f77-87e3-715939181693@group-97BB02909E0E-LeaderElection47] INFO  server.RaftServer$Division (ServerState.java:setRaftConf(386)) - 4e8f68d6-fd98-4f77-87e3-715939181693@group-97BB02909E0E: set configuration 0: peers:[923be64f-71f4-4891-b05d-82ff5a9df5b5|10.1.0.33:15023, d25dc3b0-28fc-4383-b1a0-617845025f41|10.1.0.33:15032, 4e8f68d6-fd98-4f77-87e3-715939181693|10.1.0.33:15041]|listeners:[], old=null
2024-02-22 20:33:46,708 [e46a6e51-795f-4801-a523-c45a6c7f2c34@group-AFFC1E458E84-LeaderElection48] INFO  server.RaftServerConfigKeys (ConfUtils.java:logFallback(53)) - raft.server.rpc.first-election.timeout.min = 5s (fallback to raft.server.rpc.timeout.min)
2024-02-22 20:33:46,709 [e46a6e51-795f-4801-a523-c45a6c7f2c34@group-AFFC1E458E84-LeaderElection48] INFO  server.RaftServerConfigKeys (ConfUtils.java:logFallback(53)) - raft.server.rpc.first-election.timeout.max = 5200ms (fallback to raft.server.rpc.timeout.max)
2024-02-22 20:33:46,709 [86ab988c-fa9c-425d-a1c6-9004ff7fd93d@group-34E96220011A-FollowerState] INFO  server.RaftServerConfigKeys (ConfUtils.java:logGet(46)) - raft.server.leaderelection.pre-vote = true (default)
2024-02-22 20:33:46,709 [86ab988c-fa9c-425d-a1c6-9004ff7fd93d@group-34E96220011A-FollowerState] INFO  impl.RoleInfo (RoleInfo.java:updateAndGet(139)) - 86ab988c-fa9c-425d-a1c6-9004ff7fd93d: start 86ab988c-fa9c-425d-a1c6-9004ff7fd93d@group-34E96220011A-LeaderElection49
2024-02-22 20:33:46,709 [86ab988c-fa9c-425d-a1c6-9004ff7fd93d@group-34E96220011A-LeaderElection49] INFO  impl.LeaderElection (LeaderElection.java:askForVotes(321)) - 86ab988c-fa9c-425d-a1c6-9004ff7fd93d@group-34E96220011A-LeaderElection49 PRE_VOTE round 0: submit vote requests at term 0 for -1: peers:[86ab988c-fa9c-425d-a1c6-9004ff7fd93d|10.1.0.33:15059, c30fedce-f286-40e0-881d-3d5a9a6e2463|10.1.0.33:15068, dc26353c-d48a-467d-89cd-3a7c4b626396|10.1.0.33:15050]|listeners:[], old=null
2024-02-22 20:33:46,710 [grpc-default-executor-8] INFO  server.RaftServer$Division (RaftServerImpl.java:requestVote(1389)) - e780b093-7242-46d7-bd8f-0f810188c7b3@group-AFFC1E458E84: receive requestVote(ELECTION, e46a6e51-795f-4801-a523-c45a6c7f2c34, group-AFFC1E458E84, 1, (t:0, i:0))
2024-02-22 20:33:46,710 [grpc-default-executor-8] INFO  impl.VoteContext (VoteContext.java:log(49)) - e780b093-7242-46d7-bd8f-0f810188c7b3@group-AFFC1E458E84-FOLLOWER: accept ELECTION from e46a6e51-795f-4801-a523-c45a6c7f2c34: our priority 0 <= candidate's priority 1
2024-02-22 20:33:46,710 [grpc-default-executor-8] INFO  server.RaftServer$Division (RaftServerImpl.java:setRole(383)) - e780b093-7242-46d7-bd8f-0f810188c7b3@group-AFFC1E458E84: changes role from  FOLLOWER to FOLLOWER at term 1 for candidate:e46a6e51-795f-4801-a523-c45a6c7f2c34
2024-02-22 20:33:46,710 [grpc-default-executor-8] INFO  impl.RoleInfo (RoleInfo.java:shutdownFollowerState(110)) - e780b093-7242-46d7-bd8f-0f810188c7b3: shutdown e780b093-7242-46d7-bd8f-0f810188c7b3@group-AFFC1E458E84-FollowerState
2024-02-22 20:33:46,711 [grpc-default-executor-2] INFO  server.RaftServer$Division (RaftServerImpl.java:requestVote(1389)) - 923be64f-71f4-4891-b05d-82ff5a9df5b5@group-AFFC1E458E84: receive requestVote(ELECTION, e46a6e51-795f-4801-a523-c45a6c7f2c34, group-AFFC1E458E84, 1, (t:0, i:0))
2024-02-22 20:33:46,711 [grpc-default-executor-2] INFO  impl.VoteContext (VoteContext.java:log(49)) - 923be64f-71f4-4891-b05d-82ff5a9df5b5@group-AFFC1E458E84-FOLLOWER: accept ELECTION from e46a6e51-795f-4801-a523-c45a6c7f2c34: our priority 0 <= candidate's priority 1
2024-02-22 20:33:46,711 [grpc-default-executor-2] INFO  server.RaftServer$Division (RaftServerImpl.java:setRole(383)) - 923be64f-71f4-4891-b05d-82ff5a9df5b5@group-AFFC1E458E84: changes role from  FOLLOWER to FOLLOWER at term 1 for candidate:e46a6e51-795f-4801-a523-c45a6c7f2c34
2024-02-22 20:33:46,712 [grpc-default-executor-2] INFO  impl.RoleInfo (RoleInfo.java:shutdownFollowerState(110)) - 923be64f-71f4-4891-b05d-82ff5a9df5b5: shutdown 923be64f-71f4-4891-b05d-82ff5a9df5b5@group-AFFC1E458E84-FollowerState
2024-02-22 20:33:46,712 [4e8f68d6-fd98-4f77-87e3-715939181693@group-97BB02909E0E-SegmentedRaftLogWorker] INFO  segmented.SegmentedRaftLogWorker (SegmentedRaftLogWorker.java:execute(634)) - 4e8f68d6-fd98-4f77-87e3-715939181693@group-97BB02909E0E-SegmentedRaftLogWorker: created new log segment /home/runner/work/ozone/ozone/hadoop-ozone/integration-test/target/test-dir/MiniOzoneClusterImpl-a0fc024b-a492-45a5-9697-b0d14f72cb5c/datanode-3/data/ratis/d9165cc6-fdfc-42ee-9f98-97bb02909e0e/current/log_inprogress_0
2024-02-22 20:33:46,714 [923be64f-71f4-4891-b05d-82ff5a9df5b5@group-AFFC1E458E84-FollowerState] INFO  impl.FollowerState (FollowerState.java:run(152)) - 923be64f-71f4-4891-b05d-82ff5a9df5b5@group-AFFC1E458E84-FollowerState was interrupted
2024-02-22 20:33:46,714 [86ab988c-fa9c-425d-a1c6-9004ff7fd93d@group-34E96220011A-LeaderElection49-1] INFO  server.GrpcServerProtocolClient (GrpcServerProtocolClient.java:<init>(65)) - Build channel for c30fedce-f286-40e0-881d-3d5a9a6e2463|10.1.0.33:15068
2024-02-22 20:33:46,714 [86ab988c-fa9c-425d-a1c6-9004ff7fd93d@group-34E96220011A-LeaderElection49] INFO  server.RaftServerConfigKeys (ConfUtils.java:logFallback(53)) - raft.server.rpc.first-election.timeout.min = 5s (fallback to raft.server.rpc.timeout.min)
2024-02-22 20:33:46,714 [86ab988c-fa9c-425d-a1c6-9004ff7fd93d@group-34E96220011A-LeaderElection49] INFO  server.RaftServerConfigKeys (ConfUtils.java:logFallback(53)) - raft.server.rpc.first-election.timeout.max = 5200ms (fallback to raft.server.rpc.timeout.max)
2024-02-22 20:33:46,715 [grpc-default-executor-8] INFO  impl.RoleInfo (RoleInfo.java:updateAndGet(139)) - e780b093-7242-46d7-bd8f-0f810188c7b3: start e780b093-7242-46d7-bd8f-0f810188c7b3@group-AFFC1E458E84-FollowerState
2024-02-22 20:33:46,715 [e780b093-7242-46d7-bd8f-0f810188c7b3@group-AFFC1E458E84-FollowerState] INFO  impl.FollowerState (FollowerState.java:run(152)) - e780b093-7242-46d7-bd8f-0f810188c7b3@group-AFFC1E458E84-FollowerState was interrupted
2024-02-22 20:33:46,716 [grpc-default-executor-12] INFO  server.RaftServer$Division (RaftServerImpl.java:requestVote(1389)) - dc26353c-d48a-467d-89cd-3a7c4b626396@group-34E96220011A: receive requestVote(PRE_VOTE, 86ab988c-fa9c-425d-a1c6-9004ff7fd93d, group-34E96220011A, 0, (t:0, i:0))
2024-02-22 20:33:46,716 [grpc-default-executor-12] INFO  impl.VoteContext (VoteContext.java:log(49)) - dc26353c-d48a-467d-89cd-3a7c4b626396@group-34E96220011A-FOLLOWER: accept PRE_VOTE from 86ab988c-fa9c-425d-a1c6-9004ff7fd93d: our priority 0 <= candidate's priority 1
2024-02-22 20:33:46,716 [grpc-default-executor-12] INFO  server.RaftServer$Division (RaftServerImpl.java:requestVote(1422)) - dc26353c-d48a-467d-89cd-3a7c4b626396@group-34E96220011A replies to PRE_VOTE vote request: 86ab988c-fa9c-425d-a1c6-9004ff7fd93d<-dc26353c-d48a-467d-89cd-3a7c4b626396#0:OK-t0. Peer's state: dc26353c-d48a-467d-89cd-3a7c4b626396@group-34E96220011A:t0, leader=null, voted=, raftlog=Memoized:dc26353c-d48a-467d-89cd-3a7c4b626396@group-34E96220011A-SegmentedRaftLog:OPENED:c-1, conf=-1: peers:[86ab988c-fa9c-425d-a1c6-9004ff7fd93d|10.1.0.33:15059, c30fedce-f286-40e0-881d-3d5a9a6e2463|10.1.0.33:15068, dc26353c-d48a-467d-89cd-3a7c4b626396|10.1.0.33:15050]|listeners:[], old=null
2024-02-22 20:33:46,718 [grpc-default-executor-8] INFO  server.RaftServer$Division (RaftServerImpl.java:setFirstElection(574)) - e780b093-7242-46d7-bd8f-0f810188c7b3@group-AFFC1E458E84: set firstElectionSinceStartup to false for candidate:e46a6e51-795f-4801-a523-c45a6c7f2c34
2024-02-22 20:33:46,719 [923be64f-71f4-4891-b05d-82ff5a9df5b5-server-thread2] INFO  ratis.XceiverServerRatis (XceiverServerRatis.java:handleLeaderChangedNotification(966)) - Leader change notification received for group: group-97BB02909E0E with new leaderId: 4e8f68d6-fd98-4f77-87e3-715939181693
2024-02-22 20:33:46,719 [923be64f-71f4-4891-b05d-82ff5a9df5b5-server-thread2] INFO  server.RaftServer$Division (ServerState.java:setLeader(269)) - 923be64f-71f4-4891-b05d-82ff5a9df5b5@group-97BB02909E0E: change Leader from null to 4e8f68d6-fd98-4f77-87e3-715939181693 at term 1 for appendEntries, leader elected after 5145ms
2024-02-22 20:33:46,719 [923be64f-71f4-4891-b05d-82ff5a9df5b5-server-thread2] INFO  server.RaftServer$Division (ServerState.java:setRaftConf(386)) - 923be64f-71f4-4891-b05d-82ff5a9df5b5@group-97BB02909E0E: set configuration 0: peers:[923be64f-71f4-4891-b05d-82ff5a9df5b5|10.1.0.33:15023, d25dc3b0-28fc-4383-b1a0-617845025f41|10.1.0.33:15032, 4e8f68d6-fd98-4f77-87e3-715939181693|10.1.0.33:15041]|listeners:[], old=null
2024-02-22 20:33:46,719 [923be64f-71f4-4891-b05d-82ff5a9df5b5-server-thread2] INFO  segmented.SegmentedRaftLogWorker (SegmentedRaftLogWorker.java:startLogSegment(430)) - 923be64f-71f4-4891-b05d-82ff5a9df5b5@group-97BB02909E0E-SegmentedRaftLogWorker: Starting segment from index:0
2024-02-22 20:33:46,720 [grpc-default-executor-8] INFO  server.RaftServer$Division (RaftServerImpl.java:requestVote(1422)) - e780b093-7242-46d7-bd8f-0f810188c7b3@group-AFFC1E458E84 replies to ELECTION vote request: e46a6e51-795f-4801-a523-c45a6c7f2c34<-e780b093-7242-46d7-bd8f-0f810188c7b3#0:OK-t1. Peer's state: e780b093-7242-46d7-bd8f-0f810188c7b3@group-AFFC1E458E84:t1, leader=null, voted=e46a6e51-795f-4801-a523-c45a6c7f2c34, raftlog=Memoized:e780b093-7242-46d7-bd8f-0f810188c7b3@group-AFFC1E458E84-SegmentedRaftLog:OPENED:c-1, conf=-1: peers:[923be64f-71f4-4891-b05d-82ff5a9df5b5|10.1.0.33:15023, e46a6e51-795f-4801-a523-c45a6c7f2c34|10.1.0.33:15014, e780b093-7242-46d7-bd8f-0f810188c7b3|10.1.0.33:15095]|listeners:[], old=null
2024-02-22 20:33:46,721 [d25dc3b0-28fc-4383-b1a0-617845025f41-server-thread1] INFO  ratis.XceiverServerRatis (XceiverServerRatis.java:handleLeaderChangedNotification(966)) - Leader change notification received for group: group-97BB02909E0E with new leaderId: 4e8f68d6-fd98-4f77-87e3-715939181693
2024-02-22 20:33:46,724 [923be64f-71f4-4891-b05d-82ff5a9df5b5@group-97BB02909E0E-SegmentedRaftLogWorker] INFO  segmented.BufferedWriteChannel (BufferedWriteChannel.java:open(62)) - open log_inprogress_0 at position 0
2024-02-22 20:33:46,723 [86ab988c-fa9c-425d-a1c6-9004ff7fd93d@group-34E96220011A-LeaderElection49] INFO  impl.LeaderElection (LeaderElection.java:logAndReturn(89)) - 86ab988c-fa9c-425d-a1c6-9004ff7fd93d@group-34E96220011A-LeaderElection49: PRE_VOTE PASSED received 1 response(s) and 0 exception(s):
2024-02-22 20:33:46,724 [86ab988c-fa9c-425d-a1c6-9004ff7fd93d@group-34E96220011A-LeaderElection49] INFO  impl.LeaderElection (LeaderElection.java:logAndReturn(93)) -   Response 0: 86ab988c-fa9c-425d-a1c6-9004ff7fd93d<-dc26353c-d48a-467d-89cd-3a7c4b626396#0:OK-t0
2024-02-22 20:33:46,724 [86ab988c-fa9c-425d-a1c6-9004ff7fd93d@group-34E96220011A-LeaderElection49] INFO  impl.LeaderElection (LeaderElection.java:askForVotes(323)) - 86ab988c-fa9c-425d-a1c6-9004ff7fd93d@group-34E96220011A-LeaderElection49 PRE_VOTE round 0: result PASSED
2024-02-22 20:33:46,723 [grpc-default-executor-2] INFO  impl.RoleInfo (RoleInfo.java:updateAndGet(139)) - 923be64f-71f4-4891-b05d-82ff5a9df5b5: start 923be64f-71f4-4891-b05d-82ff5a9df5b5@group-AFFC1E458E84-FollowerState
2024-02-22 20:33:46,725 [e46a6e51-795f-4801-a523-c45a6c7f2c34@group-AFFC1E458E84-LeaderElection48] INFO  impl.LeaderElection (LeaderElection.java:logAndReturn(89)) - e46a6e51-795f-4801-a523-c45a6c7f2c34@group-AFFC1E458E84-LeaderElection48: ELECTION PASSED received 1 response(s) and 0 exception(s):
2024-02-22 20:33:46,725 [e46a6e51-795f-4801-a523-c45a6c7f2c34@group-AFFC1E458E84-LeaderElection48] INFO  impl.LeaderElection (LeaderElection.java:logAndReturn(93)) -   Response 0: e46a6e51-795f-4801-a523-c45a6c7f2c34<-e780b093-7242-46d7-bd8f-0f810188c7b3#0:OK-t1
2024-02-22 20:33:46,725 [e46a6e51-795f-4801-a523-c45a6c7f2c34@group-AFFC1E458E84-LeaderElection48] INFO  impl.LeaderElection (LeaderElection.java:askForVotes(323)) - e46a6e51-795f-4801-a523-c45a6c7f2c34@group-AFFC1E458E84-LeaderElection48 ELECTION round 0: result PASSED
2024-02-22 20:33:46,725 [e46a6e51-795f-4801-a523-c45a6c7f2c34@group-AFFC1E458E84-LeaderElection48] INFO  impl.RoleInfo (RoleInfo.java:shutdownLeaderElection(130)) - e46a6e51-795f-4801-a523-c45a6c7f2c34: shutdown e46a6e51-795f-4801-a523-c45a6c7f2c34@group-AFFC1E458E84-LeaderElection48
2024-02-22 20:33:46,725 [d25dc3b0-28fc-4383-b1a0-617845025f41-server-thread1] INFO  server.RaftServer$Division (ServerState.java:setLeader(269)) - d25dc3b0-28fc-4383-b1a0-617845025f41@group-97BB02909E0E: change Leader from null to 4e8f68d6-fd98-4f77-87e3-715939181693 at term 1 for appendEntries, leader elected after 5263ms
2024-02-22 20:33:46,727 [86ab988c-fa9c-425d-a1c6-9004ff7fd93d@group-34E96220011A-LeaderElection49] INFO  impl.LeaderElection (LeaderElection.java:askForVotes(321)) - 86ab988c-fa9c-425d-a1c6-9004ff7fd93d@group-34E96220011A-LeaderElection49 ELECTION round 0: submit vote requests at term 1 for -1: peers:[86ab988c-fa9c-425d-a1c6-9004ff7fd93d|10.1.0.33:15059, c30fedce-f286-40e0-881d-3d5a9a6e2463|10.1.0.33:15068, dc26353c-d48a-467d-89cd-3a7c4b626396|10.1.0.33:15050]|listeners:[], old=null
2024-02-22 20:33:46,727 [grpc-default-executor-8] INFO  server.RaftServer$Division (RaftServerImpl.java:requestVote(1389)) - c30fedce-f286-40e0-881d-3d5a9a6e2463@group-34E96220011A: receive requestVote(PRE_VOTE, 86ab988c-fa9c-425d-a1c6-9004ff7fd93d, group-34E96220011A, 0, (t:0, i:0))
2024-02-22 20:33:46,729 [grpc-default-executor-8] INFO  impl.VoteContext (VoteContext.java:log(49)) - c30fedce-f286-40e0-881d-3d5a9a6e2463@group-34E96220011A-FOLLOWER: accept PRE_VOTE from 86ab988c-fa9c-425d-a1c6-9004ff7fd93d: our priority 0 <= candidate's priority 1
2024-02-22 20:33:46,729 [grpc-default-executor-8] INFO  server.RaftServer$Division (RaftServerImpl.java:requestVote(1422)) - c30fedce-f286-40e0-881d-3d5a9a6e2463@group-34E96220011A replies to PRE_VOTE vote request: 86ab988c-fa9c-425d-a1c6-9004ff7fd93d<-c30fedce-f286-40e0-881d-3d5a9a6e2463#0:OK-t0. Peer's state: c30fedce-f286-40e0-881d-3d5a9a6e2463@group-34E96220011A:t0, leader=null, voted=, raftlog=Memoized:c30fedce-f286-40e0-881d-3d5a9a6e2463@group-34E96220011A-SegmentedRaftLog:OPENED:c-1, conf=-1: peers:[86ab988c-fa9c-425d-a1c6-9004ff7fd93d|10.1.0.33:15059, c30fedce-f286-40e0-881d-3d5a9a6e2463|10.1.0.33:15068, dc26353c-d48a-467d-89cd-3a7c4b626396|10.1.0.33:15050]|listeners:[], old=null
2024-02-22 20:33:46,725 [e46a6e51-795f-4801-a523-c45a6c7f2c34@group-AFFC1E458E84-LeaderElection48] INFO  server.RaftServer$Division (RaftServerImpl.java:setRole(383)) - e46a6e51-795f-4801-a523-c45a6c7f2c34@group-AFFC1E458E84: changes role from CANDIDATE to LEADER at term 1 for changeToLeader
2024-02-22 20:33:46,729 [e46a6e51-795f-4801-a523-c45a6c7f2c34@group-AFFC1E458E84-LeaderElection48] INFO  server.RaftServerConfigKeys (ConfUtils.java:logGet(46)) - raft.server.staging.catchup.gap = 1000 (default)
2024-02-22 20:33:46,729 [d25dc3b0-28fc-4383-b1a0-617845025f41-server-thread2] INFO  server.RaftServer$Division (ServerState.java:setRaftConf(386)) - d25dc3b0-28fc-4383-b1a0-617845025f41@group-97BB02909E0E: set configuration 0: peers:[923be64f-71f4-4891-b05d-82ff5a9df5b5|10.1.0.33:15023, d25dc3b0-28fc-4383-b1a0-617845025f41|10.1.0.33:15032, 4e8f68d6-fd98-4f77-87e3-715939181693|10.1.0.33:15041]|listeners:[], old=null
2024-02-22 20:33:46,729 [d25dc3b0-28fc-4383-b1a0-617845025f41-server-thread2] INFO  segmented.SegmentedRaftLogWorker (SegmentedRaftLogWorker.java:startLogSegment(430)) - d25dc3b0-28fc-4383-b1a0-617845025f41@group-97BB02909E0E-SegmentedRaftLogWorker: Starting segment from index:0
2024-02-22 20:33:46,730 [grpc-default-executor-2] INFO  server.RaftServer$Division (RaftServerImpl.java:requestVote(1422)) - 923be64f-71f4-4891-b05d-82ff5a9df5b5@group-AFFC1E458E84 replies to ELECTION vote request: e46a6e51-795f-4801-a523-c45a6c7f2c34<-923be64f-71f4-4891-b05d-82ff5a9df5b5#0:OK-t1. Peer's state: 923be64f-71f4-4891-b05d-82ff5a9df5b5@group-AFFC1E458E84:t1, leader=null, voted=e46a6e51-795f-4801-a523-c45a6c7f2c34, raftlog=Memoized:923be64f-71f4-4891-b05d-82ff5a9df5b5@group-AFFC1E458E84-SegmentedRaftLog:OPENED:c-1, conf=-1: peers:[923be64f-71f4-4891-b05d-82ff5a9df5b5|10.1.0.33:15023, e46a6e51-795f-4801-a523-c45a6c7f2c34|10.1.0.33:15014, e780b093-7242-46d7-bd8f-0f810188c7b3|10.1.0.33:15095]|listeners:[], old=null
2024-02-22 20:33:46,730 [86ab988c-fa9c-425d-a1c6-9004ff7fd93d@group-34E96220011A-LeaderElection49] INFO  server.RaftServerConfigKeys (ConfUtils.java:logFallback(53)) - raft.server.rpc.first-election.timeout.min = 5s (fallback to raft.server.rpc.timeout.min)
2024-02-22 20:33:46,730 [86ab988c-fa9c-425d-a1c6-9004ff7fd93d@group-34E96220011A-LeaderElection49] INFO  server.RaftServerConfigKeys (ConfUtils.java:logFallback(53)) - raft.server.rpc.first-election.timeout.max = 5200ms (fallback to raft.server.rpc.timeout.max)
2024-02-22 20:33:46,730 [e46a6e51-795f-4801-a523-c45a6c7f2c34@group-AFFC1E458E84-LeaderElection48] INFO  server.RaftServerConfigKeys (ConfUtils.java:logGet(46)) - raft.server.write.element-limit = 1024 (custom)
2024-02-22 20:33:46,730 [e46a6e51-795f-4801-a523-c45a6c7f2c34@group-AFFC1E458E84-LeaderElection48] INFO  server.RaftServerConfigKeys (ConfUtils.java:logGet(46)) - raft.server.write.byte-limit = 1024 M (=1073741824) (custom)
2024-02-22 20:33:46,731 [e46a6e51-795f-4801-a523-c45a6c7f2c34@group-AFFC1E458E84-LeaderElection48] INFO  server.RaftServerConfigKeys (ConfUtils.java:logGet(46)) - raft.server.watch.timeout = 180s (custom)
2024-02-22 20:33:46,731 [e46a6e51-795f-4801-a523-c45a6c7f2c34@group-AFFC1E458E84-LeaderElection48] INFO  server.RaftServerConfigKeys (ConfUtils.java:logGet(46)) - raft.server.watch.timeout.denomination = 1s (default)
2024-02-22 20:33:46,731 [e46a6e51-795f-4801-a523-c45a6c7f2c34@group-AFFC1E458E84-LeaderElection48] INFO  server.RaftServerConfigKeys (ConfUtils.java:logGet(46)) - raft.server.watch.element-limit = 65536 (default)
2024-02-22 20:33:46,731 [e46a6e51-795f-4801-a523-c45a6c7f2c34@group-AFFC1E458E84-LeaderElection48] INFO  server.RaftServerConfigKeys (ConfUtils.java:logGet(46)) - raft.server.read.leader.lease.enabled = false (default)
2024-02-22 20:33:46,731 [grpc-default-executor-2] INFO  server.RaftServer$Division (RaftServerImpl.java:requestVote(1389)) - c30fedce-f286-40e0-881d-3d5a9a6e2463@group-34E96220011A: receive requestVote(ELECTION, 86ab988c-fa9c-425d-a1c6-9004ff7fd93d, group-34E96220011A, 1, (t:0, i:0))
2024-02-22 20:33:46,731 [grpc-default-executor-2] INFO  impl.VoteContext (VoteContext.java:log(49)) - c30fedce-f286-40e0-881d-3d5a9a6e2463@group-34E96220011A-FOLLOWER: accept ELECTION from 86ab988c-fa9c-425d-a1c6-9004ff7fd93d: our priority 0 <= candidate's priority 1
2024-02-22 20:33:46,731 [grpc-default-executor-2] INFO  server.RaftServer$Division (RaftServerImpl.java:setRole(383)) - c30fedce-f286-40e0-881d-3d5a9a6e2463@group-34E96220011A: changes role from  FOLLOWER to FOLLOWER at term 1 for candidate:86ab988c-fa9c-425d-a1c6-9004ff7fd93d
2024-02-22 20:33:46,731 [grpc-default-executor-2] INFO  impl.RoleInfo (RoleInfo.java:shutdownFollowerState(110)) - c30fedce-f286-40e0-881d-3d5a9a6e2463: shutdown c30fedce-f286-40e0-881d-3d5a9a6e2463@group-34E96220011A-FollowerState
2024-02-22 20:33:46,731 [grpc-default-executor-2] INFO  impl.RoleInfo (RoleInfo.java:updateAndGet(139)) - c30fedce-f286-40e0-881d-3d5a9a6e2463: start c30fedce-f286-40e0-881d-3d5a9a6e2463@group-34E96220011A-FollowerState
2024-02-22 20:33:46,731 [c30fedce-f286-40e0-881d-3d5a9a6e2463@group-34E96220011A-FollowerState] INFO  impl.FollowerState (FollowerState.java:run(152)) - c30fedce-f286-40e0-881d-3d5a9a6e2463@group-34E96220011A-FollowerState was interrupted
2024-02-22 20:33:46,731 [e46a6e51-795f-4801-a523-c45a6c7f2c34@group-AFFC1E458E84-LeaderElection48] INFO  server.RaftServerConfigKeys (ConfUtils.java:logGet(46)) - raft.server.read.leader.lease.timeout.ratio = 0.9 (default)
2024-02-22 20:33:46,732 [e46a6e51-795f-4801-a523-c45a6c7f2c34@group-AFFC1E458E84-LeaderElection48] INFO  server.RaftServerConfigKeys (ConfUtils.java:logGet(46)) - raft.server.rpc.timeout.min = 5s (custom)
2024-02-22 20:33:46,732 [e46a6e51-795f-4801-a523-c45a6c7f2c34@group-AFFC1E458E84-LeaderElection48] INFO  server.RaftServerConfigKeys (ConfUtils.java:logGet(46)) - raft.server.write.element-limit = 1024 (custom)
2024-02-22 20:33:46,732 [e46a6e51-795f-4801-a523-c45a6c7f2c34@group-AFFC1E458E84-LeaderElection48] INFO  server.RaftServerConfigKeys (ConfUtils.java:logGet(46)) - raft.server.write.follower.gap.ratio.max = -1.0 (default)
2024-02-22 20:33:46,732 [grpc-default-executor-2] INFO  server.RaftServer$Division (RaftServerImpl.java:setFirstElection(574)) - c30fedce-f286-40e0-881d-3d5a9a6e2463@group-34E96220011A: set firstElectionSinceStartup to false for candidate:86ab988c-fa9c-425d-a1c6-9004ff7fd93d
2024-02-22 20:33:46,732 [e46a6e51-795f-4801-a523-c45a6c7f2c34@group-AFFC1E458E84-LeaderElection48] INFO  server.RaftServerConfigKeys (ConfUtils.java:logGet(46)) - raft.server.log.appender.snapshot.chunk.size.max = 16MB (=16777216) (default)
2024-02-22 20:33:46,732 [e46a6e51-795f-4801-a523-c45a6c7f2c34@group-AFFC1E458E84-LeaderElection48] INFO  server.RaftServerConfigKeys (ConfUtils.java:logGet(46)) - raft.server.log.appender.buffer.byte-limit = 8388608 (custom)
2024-02-22 20:33:46,732 [e46a6e51-795f-4801-a523-c45a6c7f2c34@group-AFFC1E458E84-LeaderElection48] INFO  server.RaftServerConfigKeys (ConfUtils.java:logGet(46)) - raft.server.log.appender.buffer.element-limit = 1 (custom)
2024-02-22 20:33:46,733 [e46a6e51-795f-4801-a523-c45a6c7f2c34@group-AFFC1E458E84-LeaderElection48] INFO  server.RaftServerConfigKeys (ConfUtils.java:logGet(46)) - raft.server.log.appender.wait-time.min = 0μs (custom)
2024-02-22 20:33:46,733 [e46a6e51-795f-4801-a523-c45a6c7f2c34@group-AFFC1E458E84-LeaderElection48] INFO  grpc.GrpcConfigKeys (ConfUtils.java:logGet(46)) - raft.grpc.server.leader.outstanding.appends.max = 8 (default)
2024-02-22 20:33:46,731 [d25dc3b0-28fc-4383-b1a0-617845025f41@group-97BB02909E0E-SegmentedRaftLogWorker] INFO  segmented.BufferedWriteChannel (BufferedWriteChannel.java:open(62)) - open log_inprogress_0 at position 0
2024-02-22 20:33:46,734 [grpc-default-executor-2] INFO  server.RaftServer$Division (RaftServerImpl.java:requestVote(1422)) - c30fedce-f286-40e0-881d-3d5a9a6e2463@group-34E96220011A replies to ELECTION vote request: 86ab988c-fa9c-425d-a1c6-9004ff7fd93d<-c30fedce-f286-40e0-881d-3d5a9a6e2463#0:OK-t1. Peer's state: c30fedce-f286-40e0-881d-3d5a9a6e2463@group-34E96220011A:t1, leader=null, voted=86ab988c-fa9c-425d-a1c6-9004ff7fd93d, raftlog=Memoized:c30fedce-f286-40e0-881d-3d5a9a6e2463@group-34E96220011A-SegmentedRaftLog:OPENED:c-1, conf=-1: peers:[86ab988c-fa9c-425d-a1c6-9004ff7fd93d|10.1.0.33:15059, c30fedce-f286-40e0-881d-3d5a9a6e2463|10.1.0.33:15068, dc26353c-d48a-467d-89cd-3a7c4b626396|10.1.0.33:15050]|listeners:[], old=null
2024-02-22 20:33:46,734 [923be64f-71f4-4891-b05d-82ff5a9df5b5@group-97BB02909E0E-SegmentedRaftLogWorker] INFO  segmented.SegmentedRaftLogWorker (SegmentedRaftLogWorker.java:execute(634)) - 923be64f-71f4-4891-b05d-82ff5a9df5b5@group-97BB02909E0E-SegmentedRaftLogWorker: created new log segment /home/runner/work/ozone/ozone/hadoop-ozone/integration-test/target/test-dir/MiniOzoneClusterImpl-a0fc024b-a492-45a5-9697-b0d14f72cb5c/datanode-1/data/ratis/d9165cc6-fdfc-42ee-9f98-97bb02909e0e/current/log_inprogress_0
2024-02-22 20:33:46,733 [e46a6e51-795f-4801-a523-c45a6c7f2c34@group-AFFC1E458E84-LeaderElection48] INFO  server.RaftServerConfigKeys (ConfUtils.java:logGet(46)) - raft.server.rpc.request.timeout = 60s (custom)
2024-02-22 20:33:46,737 [e46a6e51-795f-4801-a523-c45a6c7f2c34@group-AFFC1E458E84-LeaderElection48] INFO  grpc.GrpcConfigKeys (ConfUtils.java:logGet(46)) - raft.grpc.server.install_snapshot.request.element-limit = 8 (default)
2024-02-22 20:33:46,737 [e46a6e51-795f-4801-a523-c45a6c7f2c34@group-AFFC1E458E84-LeaderElection48] INFO  grpc.GrpcConfigKeys (ConfUtils.java:logGet(46)) - raft.grpc.server.install_snapshot.request.timeout = 3000ms (default)
2024-02-22 20:33:46,737 [e46a6e51-795f-4801-a523-c45a6c7f2c34@group-AFFC1E458E84-LeaderElection48] INFO  grpc.GrpcConfigKeys (ConfUtils.java:logGet(46)) - raft.grpc.server.log-message.batch.duration = 5s (default)
2024-02-22 20:33:46,737 [e46a6e51-795f-4801-a523-c45a6c7f2c34@group-AFFC1E458E84-LeaderElection48] INFO  server.RaftServerConfigKeys (ConfUtils.java:logGet(46)) - raft.server.log.appender.install.snapshot.enabled = false (custom)
2024-02-22 20:33:46,737 [e46a6e51-795f-4801-a523-c45a6c7f2c34@group-AFFC1E458E84-LeaderElection48] INFO  grpc.GrpcConfigKeys (ConfUtils.java:logGet(46)) - raft.grpc.server.heartbeat.channel = true (default)
2024-02-22 20:33:46,738 [c30fedce-f286-40e0-881d-3d5a9a6e2463@group-C6933685B048-FollowerState] INFO  impl.FollowerState (FollowerState.java:run(143)) - c30fedce-f286-40e0-881d-3d5a9a6e2463@group-C6933685B048-FollowerState: change to CANDIDATE, lastRpcElapsedTime:5174919594ns, electionTimeout:5141ms
2024-02-22 20:33:46,738 [c30fedce-f286-40e0-881d-3d5a9a6e2463@group-C6933685B048-FollowerState] INFO  impl.RoleInfo (RoleInfo.java:shutdownFollowerState(110)) - c30fedce-f286-40e0-881d-3d5a9a6e2463: shutdown c30fedce-f286-40e0-881d-3d5a9a6e2463@group-C6933685B048-FollowerState
2024-02-22 20:33:46,738 [c30fedce-f286-40e0-881d-3d5a9a6e2463@group-C6933685B048-FollowerState] INFO  server.RaftServer$Division (RaftServerImpl.java:setRole(383)) - c30fedce-f286-40e0-881d-3d5a9a6e2463@group-C6933685B048: changes role from  FOLLOWER to CANDIDATE at term 0 for changeToCandidate
2024-02-22 20:33:46,738 [c30fedce-f286-40e0-881d-3d5a9a6e2463@group-C6933685B048-FollowerState] INFO  server.RaftServerConfigKeys (ConfUtils.java:logGet(46)) - raft.server.leaderelection.pre-vote = true (default)
2024-02-22 20:33:46,738 [c30fedce-f286-40e0-881d-3d5a9a6e2463@group-C6933685B048-FollowerState] INFO  impl.RoleInfo (RoleInfo.java:updateAndGet(139)) - c30fedce-f286-40e0-881d-3d5a9a6e2463: start c30fedce-f286-40e0-881d-3d5a9a6e2463@group-C6933685B048-LeaderElection50
2024-02-22 20:33:46,738 [c30fedce-f286-40e0-881d-3d5a9a6e2463@group-C6933685B048-LeaderElection50] INFO  impl.LeaderElection (LeaderElection.java:askForVotes(321)) - c30fedce-f286-40e0-881d-3d5a9a6e2463@group-C6933685B048-LeaderElection50 PRE_VOTE round 0: submit vote requests at term 0 for -1: peers:[86ab988c-fa9c-425d-a1c6-9004ff7fd93d|10.1.0.33:15059, c30fedce-f286-40e0-881d-3d5a9a6e2463|10.1.0.33:15068, 13f92446-3b18-4d81-bc66-0f9b00220e72|10.1.0.33:15077]|listeners:[], old=null
2024-02-22 20:33:46,737 [grpc-default-executor-13] INFO  server.RaftServer$Division (RaftServerImpl.java:requestVote(1389)) - dc26353c-d48a-467d-89cd-3a7c4b626396@group-34E96220011A: receive requestVote(ELECTION, 86ab988c-fa9c-425d-a1c6-9004ff7fd93d, group-34E96220011A, 1, (t:0, i:0))
2024-02-22 20:33:46,739 [grpc-default-executor-13] INFO  impl.VoteContext (VoteContext.java:log(49)) - dc26353c-d48a-467d-89cd-3a7c4b626396@group-34E96220011A-FOLLOWER: accept ELECTION from 86ab988c-fa9c-425d-a1c6-9004ff7fd93d: our priority 0 <= candidate's priority 1
2024-02-22 20:33:46,739 [grpc-default-executor-13] INFO  server.RaftServer$Division (RaftServerImpl.java:setRole(383)) - dc26353c-d48a-467d-89cd-3a7c4b626396@group-34E96220011A: changes role from  FOLLOWER to FOLLOWER at term 1 for candidate:86ab988c-fa9c-425d-a1c6-9004ff7fd93d
2024-02-22 20:33:46,739 [c30fedce-f286-40e0-881d-3d5a9a6e2463@group-C6933685B048-LeaderElection50-1] INFO  server.GrpcServerProtocolClient (GrpcServerProtocolClient.java:<init>(65)) - Build channel for 86ab988c-fa9c-425d-a1c6-9004ff7fd93d|10.1.0.33:15059
2024-02-22 20:33:46,738 [e46a6e51-795f-4801-a523-c45a6c7f2c34@group-AFFC1E458E84-LeaderElection48] INFO  server.RaftServerConfigKeys (ConfUtils.java:logGet(46)) - raft.server.log.appender.snapshot.chunk.size.max = 16MB (=16777216) (default)
2024-02-22 20:33:46,737 [86ab988c-fa9c-425d-a1c6-9004ff7fd93d@group-34E96220011A-LeaderElection49] INFO  impl.LeaderElection (LeaderElection.java:logAndReturn(89)) - 86ab988c-fa9c-425d-a1c6-9004ff7fd93d@group-34E96220011A-LeaderElection49: ELECTION PASSED received 1 response(s) and 0 exception(s):
2024-02-22 20:33:46,739 [86ab988c-fa9c-425d-a1c6-9004ff7fd93d@group-34E96220011A-LeaderElection49] INFO  impl.LeaderElection (LeaderElection.java:logAndReturn(93)) -   Response 0: 86ab988c-fa9c-425d-a1c6-9004ff7fd93d<-c30fedce-f286-40e0-881d-3d5a9a6e2463#0:OK-t1
2024-02-22 20:33:46,739 [grpc-default-executor-13] INFO  impl.RoleInfo (RoleInfo.java:shutdownFollowerState(110)) - dc26353c-d48a-467d-89cd-3a7c4b626396: shutdown dc26353c-d48a-467d-89cd-3a7c4b626396@group-34E96220011A-FollowerState
2024-02-22 20:33:46,739 [e46a6e51-795f-4801-a523-c45a6c7f2c34@group-AFFC1E458E84-LeaderElection48] INFO  server.RaftServerConfigKeys (ConfUtils.java:logGet(46)) - raft.server.log.appender.buffer.byte-limit = 8388608 (custom)
2024-02-22 20:33:46,739 [e46a6e51-795f-4801-a523-c45a6c7f2c34@group-AFFC1E458E84-LeaderElection48] INFO  server.RaftServerConfigKeys (ConfUtils.java:logGet(46)) - raft.server.log.appender.buffer.element-limit = 1 (custom)
2024-02-22 20:33:46,740 [c30fedce-f286-40e0-881d-3d5a9a6e2463@group-C6933685B048-LeaderElection50] INFO  server.RaftServerConfigKeys (ConfUtils.java:logFallback(53)) - raft.server.rpc.first-election.timeout.min = 5s (fallback to raft.server.rpc.timeout.min)
2024-02-22 20:33:46,740 [c30fedce-f286-40e0-881d-3d5a9a6e2463@group-C6933685B048-LeaderElection50] INFO  server.RaftServerConfigKeys (ConfUtils.java:logFallback(53)) - raft.server.rpc.first-election.timeout.max = 5200ms (fallback to raft.server.rpc.timeout.max)
2024-02-22 20:33:46,740 [grpc-default-executor-13] INFO  impl.RoleInfo (RoleInfo.java:updateAndGet(139)) - dc26353c-d48a-467d-89cd-3a7c4b626396: start dc26353c-d48a-467d-89cd-3a7c4b626396@group-34E96220011A-FollowerState
2024-02-22 20:33:46,740 [dc26353c-d48a-467d-89cd-3a7c4b626396@group-34E96220011A-FollowerState] INFO  impl.FollowerState (FollowerState.java:run(152)) - dc26353c-d48a-467d-89cd-3a7c4b626396@group-34E96220011A-FollowerState was interrupted
2024-02-22 20:33:46,741 [86ab988c-fa9c-425d-a1c6-9004ff7fd93d@group-34E96220011A-LeaderElection49] INFO  impl.LeaderElection (LeaderElection.java:askForVotes(323)) - 86ab988c-fa9c-425d-a1c6-9004ff7fd93d@group-34E96220011A-LeaderElection49 ELECTION round 0: result PASSED
2024-02-22 20:33:46,741 [86ab988c-fa9c-425d-a1c6-9004ff7fd93d@group-34E96220011A-LeaderElection49] INFO  impl.RoleInfo (RoleInfo.java:shutdownLeaderElection(130)) - 86ab988c-fa9c-425d-a1c6-9004ff7fd93d: shutdown 86ab988c-fa9c-425d-a1c6-9004ff7fd93d@group-34E96220011A-LeaderElection49
2024-02-22 20:33:46,741 [86ab988c-fa9c-425d-a1c6-9004ff7fd93d@group-34E96220011A-LeaderElection49] INFO  server.RaftServer$Division (RaftServerImpl.java:setRole(383)) - 86ab988c-fa9c-425d-a1c6-9004ff7fd93d@group-34E96220011A: changes role from CANDIDATE to LEADER at term 1 for changeToLeader
2024-02-22 20:33:46,741 [86ab988c-fa9c-425d-a1c6-9004ff7fd93d@group-34E96220011A-LeaderElection49] INFO  server.RaftServerConfigKeys (ConfUtils.java:logGet(46)) - raft.server.staging.catchup.gap = 1000 (default)
2024-02-22 20:33:46,741 [86ab988c-fa9c-425d-a1c6-9004ff7fd93d@group-34E96220011A-LeaderElection49] INFO  server.RaftServerConfigKeys (ConfUtils.java:logGet(46)) - raft.server.write.element-limit = 1024 (custom)
2024-02-22 20:33:46,741 [86ab988c-fa9c-425d-a1c6-9004ff7fd93d@group-34E96220011A-LeaderElection49] INFO  server.RaftServerConfigKeys (ConfUtils.java:logGet(46)) - raft.server.write.byte-limit = 1024 M (=1073741824) (custom)
2024-02-22 20:33:46,741 [86ab988c-fa9c-425d-a1c6-9004ff7fd93d@group-34E96220011A-LeaderElection49] INFO  server.RaftServerConfigKeys (ConfUtils.java:logGet(46)) - raft.server.watch.timeout = 180s (custom)
2024-02-22 20:33:46,741 [86ab988c-fa9c-425d-a1c6-9004ff7fd93d@group-34E96220011A-LeaderElection49] INFO  server.RaftServerConfigKeys (ConfUtils.java:logGet(46)) - raft.server.watch.timeout.denomination = 1s (default)
2024-02-22 20:33:46,741 [86ab988c-fa9c-425d-a1c6-9004ff7fd93d@group-34E96220011A-LeaderElection49] INFO  server.RaftServerConfigKeys (ConfUtils.java:logGet(46)) - raft.server.watch.element-limit = 65536 (default)
2024-02-22 20:33:46,741 [86ab988c-fa9c-425d-a1c6-9004ff7fd93d@group-34E96220011A-LeaderElection49] INFO  server.RaftServerConfigKeys (ConfUtils.java:logGet(46)) - raft.server.read.leader.lease.enabled = false (default)
2024-02-22 20:33:46,741 [86ab988c-fa9c-425d-a1c6-9004ff7fd93d@group-34E96220011A-LeaderElection49] INFO  server.RaftServerConfigKeys (ConfUtils.java:logGet(46)) - raft.server.read.leader.lease.timeout.ratio = 0.9 (default)
2024-02-22 20:33:46,741 [86ab988c-fa9c-425d-a1c6-9004ff7fd93d@group-34E96220011A-LeaderElection49] INFO  server.RaftServerConfigKeys (ConfUtils.java:logGet(46)) - raft.server.rpc.timeout.min = 5s (custom)
2024-02-22 20:33:46,741 [86ab988c-fa9c-425d-a1c6-9004ff7fd93d@group-34E96220011A-LeaderElection49] INFO  server.RaftServerConfigKeys (ConfUtils.java:logGet(46)) - raft.server.write.element-limit = 1024 (custom)
2024-02-22 20:33:46,741 [86ab988c-fa9c-425d-a1c6-9004ff7fd93d@group-34E96220011A-LeaderElection49] INFO  server.RaftServerConfigKeys (ConfUtils.java:logGet(46)) - raft.server.write.follower.gap.ratio.max = -1.0 (default)
2024-02-22 20:33:46,741 [86ab988c-fa9c-425d-a1c6-9004ff7fd93d@group-34E96220011A-LeaderElection49] INFO  server.RaftServerConfigKeys (ConfUtils.java:logGet(46)) - raft.server.log.appender.snapshot.chunk.size.max = 16MB (=16777216) (default)
2024-02-22 20:33:46,742 [86ab988c-fa9c-425d-a1c6-9004ff7fd93d@group-34E96220011A-LeaderElection49] INFO  server.RaftServerConfigKeys (ConfUtils.java:logGet(46)) - raft.server.log.appender.buffer.byte-limit = 8388608 (custom)
2024-02-22 20:33:46,742 [86ab988c-fa9c-425d-a1c6-9004ff7fd93d@group-34E96220011A-LeaderElection49] INFO  server.RaftServerConfigKeys (ConfUtils.java:logGet(46)) - raft.server.log.appender.buffer.element-limit = 1 (custom)
2024-02-22 20:33:46,742 [86ab988c-fa9c-425d-a1c6-9004ff7fd93d@group-34E96220011A-LeaderElection49] INFO  server.RaftServerConfigKeys (ConfUtils.java:logGet(46)) - raft.server.log.appender.wait-time.min = 0μs (custom)
2024-02-22 20:33:46,742 [86ab988c-fa9c-425d-a1c6-9004ff7fd93d@group-34E96220011A-LeaderElection49] INFO  grpc.GrpcConfigKeys (ConfUtils.java:logGet(46)) - raft.grpc.server.leader.outstanding.appends.max = 8 (default)
2024-02-22 20:33:46,742 [c30fedce-f286-40e0-881d-3d5a9a6e2463@group-C6933685B048-LeaderElection50] INFO  impl.LeaderElection (LogUtils.java:infoOrTrace(136)) - c30fedce-f286-40e0-881d-3d5a9a6e2463@group-C6933685B048-LeaderElection50 got exception when requesting votes: java.util.concurrent.ExecutionException: org.apache.ratis.thirdparty.io.grpc.StatusRuntimeException: UNAVAILABLE: io exception
2024-02-22 20:33:46,742 [86ab988c-fa9c-425d-a1c6-9004ff7fd93d@group-34E96220011A-LeaderElection49] INFO  server.RaftServerConfigKeys (ConfUtils.java:logGet(46)) - raft.server.rpc.request.timeout = 60s (custom)
2024-02-22 20:33:46,742 [86ab988c-fa9c-425d-a1c6-9004ff7fd93d@group-34E96220011A-LeaderElection49] INFO  grpc.GrpcConfigKeys (ConfUtils.java:logGet(46)) - raft.grpc.server.install_snapshot.request.element-limit = 8 (default)
2024-02-22 20:33:46,742 [86ab988c-fa9c-425d-a1c6-9004ff7fd93d@group-34E96220011A-LeaderElection49] INFO  grpc.GrpcConfigKeys (ConfUtils.java:logGet(46)) - raft.grpc.server.install_snapshot.request.timeout = 3000ms (default)
2024-02-22 20:33:46,742 [86ab988c-fa9c-425d-a1c6-9004ff7fd93d@group-34E96220011A-LeaderElection49] INFO  grpc.GrpcConfigKeys (ConfUtils.java:logGet(46)) - raft.grpc.server.log-message.batch.duration = 5s (default)
2024-02-22 20:33:46,742 [86ab988c-fa9c-425d-a1c6-9004ff7fd93d@group-34E96220011A-LeaderElection49] INFO  server.RaftServerConfigKeys (ConfUtils.java:logGet(46)) - raft.server.log.appender.install.snapshot.enabled = false (custom)
2024-02-22 20:33:46,742 [86ab988c-fa9c-425d-a1c6-9004ff7fd93d@group-34E96220011A-LeaderElection49] INFO  grpc.GrpcConfigKeys (ConfUtils.java:logGet(46)) - raft.grpc.server.heartbeat.channel = true (default)
2024-02-22 20:33:46,744 [d25dc3b0-28fc-4383-b1a0-617845025f41@group-97BB02909E0E-SegmentedRaftLogWorker] INFO  segmented.SegmentedRaftLogWorker (SegmentedRaftLogWorker.java:execute(634)) - d25dc3b0-28fc-4383-b1a0-617845025f41@group-97BB02909E0E-SegmentedRaftLogWorker: created new log segment /home/runner/work/ozone/ozone/hadoop-ozone/integration-test/target/test-dir/MiniOzoneClusterImpl-a0fc024b-a492-45a5-9697-b0d14f72cb5c/datanode-2/data/ratis/d9165cc6-fdfc-42ee-9f98-97bb02909e0e/current/log_inprogress_0
2024-02-22 20:33:46,744 [grpc-default-executor-13] INFO  server.RaftServer$Division (RaftServerImpl.java:requestVote(1422)) - dc26353c-d48a-467d-89cd-3a7c4b626396@group-34E96220011A replies to ELECTION vote request: 86ab988c-fa9c-425d-a1c6-9004ff7fd93d<-dc26353c-d48a-467d-89cd-3a7c4b626396#0:OK-t1. Peer's state: dc26353c-d48a-467d-89cd-3a7c4b626396@group-34E96220011A:t1, leader=null, voted=86ab988c-fa9c-425d-a1c6-9004ff7fd93d, raftlog=Memoized:dc26353c-d48a-467d-89cd-3a7c4b626396@group-34E96220011A-SegmentedRaftLog:OPENED:c-1, conf=-1: peers:[86ab988c-fa9c-425d-a1c6-9004ff7fd93d|10.1.0.33:15059, c30fedce-f286-40e0-881d-3d5a9a6e2463|10.1.0.33:15068, dc26353c-d48a-467d-89cd-3a7c4b626396|10.1.0.33:15050]|listeners:[], old=null
2024-02-22 20:33:46,745 [86ab988c-fa9c-425d-a1c6-9004ff7fd93d@group-34E96220011A-LeaderElection49] INFO  server.RaftServerConfigKeys (ConfUtils.java:logGet(46)) - raft.server.log.appender.snapshot.chunk.size.max = 16MB (=16777216) (default)
2024-02-22 20:33:46,745 [86ab988c-fa9c-425d-a1c6-9004ff7fd93d@group-34E96220011A-LeaderElection49] INFO  server.RaftServerConfigKeys (ConfUtils.java:logGet(46)) - raft.server.log.appender.buffer.byte-limit = 8388608 (custom)
2024-02-22 20:33:46,745 [86ab988c-fa9c-425d-a1c6-9004ff7fd93d@group-34E96220011A-LeaderElection49] INFO  server.RaftServerConfigKeys (ConfUtils.java:logGet(46)) - raft.server.log.appender.buffer.element-limit = 1 (custom)
2024-02-22 20:33:46,745 [86ab988c-fa9c-425d-a1c6-9004ff7fd93d@group-34E96220011A-LeaderElection49] INFO  server.RaftServerConfigKeys (ConfUtils.java:logGet(46)) - raft.server.log.appender.wait-time.min = 0μs (custom)
2024-02-22 20:33:46,745 [e46a6e51-795f-4801-a523-c45a6c7f2c34@group-AFFC1E458E84-LeaderElection48] INFO  server.RaftServerConfigKeys (ConfUtils.java:logGet(46)) - raft.server.log.appender.wait-time.min = 0μs (custom)
2024-02-22 20:33:46,745 [e46a6e51-795f-4801-a523-c45a6c7f2c34@group-AFFC1E458E84-LeaderElection48] INFO  grpc.GrpcConfigKeys (ConfUtils.java:logGet(46)) - raft.grpc.server.leader.outstanding.appends.max = 8 (default)
2024-02-22 20:33:46,746 [e46a6e51-795f-4801-a523-c45a6c7f2c34@group-AFFC1E458E84-LeaderElection48] INFO  server.RaftServerConfigKeys (ConfUtils.java:logGet(46)) - raft.server.rpc.request.timeout = 60s (custom)
2024-02-22 20:33:46,746 [e46a6e51-795f-4801-a523-c45a6c7f2c34@group-AFFC1E458E84-LeaderElection48] INFO  grpc.GrpcConfigKeys (ConfUtils.java:logGet(46)) - raft.grpc.server.install_snapshot.request.element-limit = 8 (default)
2024-02-22 20:33:46,746 [4e8f68d6-fd98-4f77-87e3-715939181693@group-97BB02909E0E-StateMachineUpdater] INFO  server.RaftServer$Division (LeaderStateImpl.java:isApplied(320)) - leader is ready since appliedIndex == 0 >= startIndex == 0
2024-02-22 20:33:46,746 [e46a6e51-795f-4801-a523-c45a6c7f2c34@group-AFFC1E458E84-LeaderElection48] INFO  grpc.GrpcConfigKeys (ConfUtils.java:logGet(46)) - raft.grpc.server.install_snapshot.request.timeout = 3000ms (default)
2024-02-22 20:33:46,746 [e46a6e51-795f-4801-a523-c45a6c7f2c34@group-AFFC1E458E84-LeaderElection48] INFO  grpc.GrpcConfigKeys (ConfUtils.java:logGet(46)) - raft.grpc.server.log-message.batch.duration = 5s (default)
2024-02-22 20:33:46,746 [e46a6e51-795f-4801-a523-c45a6c7f2c34@group-AFFC1E458E84-LeaderElection48] INFO  server.RaftServerConfigKeys (ConfUtils.java:logGet(46)) - raft.server.log.appender.install.snapshot.enabled = false (custom)
2024-02-22 20:33:46,746 [e46a6e51-795f-4801-a523-c45a6c7f2c34@group-AFFC1E458E84-LeaderElection48] INFO  grpc.GrpcConfigKeys (ConfUtils.java:logGet(46)) - raft.grpc.server.heartbeat.channel = true (default)
2024-02-22 20:33:46,747 [e46a6e51-795f-4801-a523-c45a6c7f2c34@group-AFFC1E458E84-LeaderElection48] INFO  impl.RoleInfo (RoleInfo.java:updateAndGet(139)) - e46a6e51-795f-4801-a523-c45a6c7f2c34: start e46a6e51-795f-4801-a523-c45a6c7f2c34@group-AFFC1E458E84-LeaderStateImpl
2024-02-22 20:33:46,747 [e46a6e51-795f-4801-a523-c45a6c7f2c34@group-AFFC1E458E84-LeaderElection48] INFO  server.RaftServer$Division (RaftServerImpl.java:setFirstElection(574)) - e46a6e51-795f-4801-a523-c45a6c7f2c34@group-AFFC1E458E84: set firstElectionSinceStartup to false for becomeLeader
2024-02-22 20:33:46,747 [e46a6e51-795f-4801-a523-c45a6c7f2c34@group-AFFC1E458E84-LeaderElection48] INFO  ratis.XceiverServerRatis (XceiverServerRatis.java:handleLeaderChangedNotification(966)) - Leader change notification received for group: group-AFFC1E458E84 with new leaderId: e46a6e51-795f-4801-a523-c45a6c7f2c34
2024-02-22 20:33:46,747 [e46a6e51-795f-4801-a523-c45a6c7f2c34@group-AFFC1E458E84-LeaderElection48] INFO  server.RaftServer$Division (ServerState.java:setLeader(269)) - e46a6e51-795f-4801-a523-c45a6c7f2c34@group-AFFC1E458E84: change Leader from null to e46a6e51-795f-4801-a523-c45a6c7f2c34 at term 1 for becomeLeader, leader elected after 5262ms
2024-02-22 20:33:46,747 [e46a6e51-795f-4801-a523-c45a6c7f2c34@group-AFFC1E458E84-LeaderElection48] INFO  segmented.SegmentedRaftLogWorker (SegmentedRaftLogWorker.java:startLogSegment(430)) - e46a6e51-795f-4801-a523-c45a6c7f2c34@group-AFFC1E458E84-SegmentedRaftLogWorker: Starting segment from index:0
2024-02-22 20:33:46,748 [e46a6e51-795f-4801-a523-c45a6c7f2c34@group-AFFC1E458E84-SegmentedRaftLogWorker] INFO  segmented.BufferedWriteChannel (BufferedWriteChannel.java:open(62)) - open log_inprogress_0 at position 0
2024-02-22 20:33:46,745 [86ab988c-fa9c-425d-a1c6-9004ff7fd93d@group-34E96220011A-LeaderElection49] INFO  grpc.GrpcConfigKeys (ConfUtils.java:logGet(46)) - raft.grpc.server.leader.outstanding.appends.max = 8 (default)
2024-02-22 20:33:46,748 [86ab988c-fa9c-425d-a1c6-9004ff7fd93d@group-34E96220011A-LeaderElection49] INFO  server.RaftServerConfigKeys (ConfUtils.java:logGet(46)) - raft.server.rpc.request.timeout = 60s (custom)
2024-02-22 20:33:46,748 [86ab988c-fa9c-425d-a1c6-9004ff7fd93d@group-34E96220011A-LeaderElection49] INFO  grpc.GrpcConfigKeys (ConfUtils.java:logGet(46)) - raft.grpc.server.install_snapshot.request.element-limit = 8 (default)
2024-02-22 20:33:46,748 [86ab988c-fa9c-425d-a1c6-9004ff7fd93d@group-34E96220011A-LeaderElection49] INFO  grpc.GrpcConfigKeys (ConfUtils.java:logGet(46)) - raft.grpc.server.install_snapshot.request.timeout = 3000ms (default)
2024-02-22 20:33:46,748 [86ab988c-fa9c-425d-a1c6-9004ff7fd93d@group-34E96220011A-LeaderElection49] INFO  grpc.GrpcConfigKeys (ConfUtils.java:logGet(46)) - raft.grpc.server.log-message.batch.duration = 5s (default)
2024-02-22 20:33:46,749 [86ab988c-fa9c-425d-a1c6-9004ff7fd93d@group-34E96220011A-LeaderElection49] INFO  server.RaftServerConfigKeys (ConfUtils.java:logGet(46)) - raft.server.log.appender.install.snapshot.enabled = false (custom)
2024-02-22 20:33:46,749 [86ab988c-fa9c-425d-a1c6-9004ff7fd93d@group-34E96220011A-LeaderElection49] INFO  grpc.GrpcConfigKeys (ConfUtils.java:logGet(46)) - raft.grpc.server.heartbeat.channel = true (default)
2024-02-22 20:33:46,749 [86ab988c-fa9c-425d-a1c6-9004ff7fd93d@group-34E96220011A-LeaderElection49] INFO  impl.RoleInfo (RoleInfo.java:updateAndGet(139)) - 86ab988c-fa9c-425d-a1c6-9004ff7fd93d: start 86ab988c-fa9c-425d-a1c6-9004ff7fd93d@group-34E96220011A-LeaderStateImpl
2024-02-22 20:33:46,749 [86ab988c-fa9c-425d-a1c6-9004ff7fd93d@group-34E96220011A-LeaderElection49] INFO  server.RaftServer$Division (RaftServerImpl.java:setFirstElection(574)) - 86ab988c-fa9c-425d-a1c6-9004ff7fd93d@group-34E96220011A: set firstElectionSinceStartup to false for becomeLeader
2024-02-22 20:33:46,749 [86ab988c-fa9c-425d-a1c6-9004ff7fd93d@group-34E96220011A-LeaderElection49] INFO  ratis.XceiverServerRatis (XceiverServerRatis.java:handleLeaderChangedNotification(966)) - Leader change notification received for group: group-34E96220011A with new leaderId: 86ab988c-fa9c-425d-a1c6-9004ff7fd93d
2024-02-22 20:33:46,749 [86ab988c-fa9c-425d-a1c6-9004ff7fd93d@group-34E96220011A-LeaderElection49] INFO  server.RaftServer$Division (ServerState.java:setLeader(269)) - 86ab988c-fa9c-425d-a1c6-9004ff7fd93d@group-34E96220011A: change Leader from null to 86ab988c-fa9c-425d-a1c6-9004ff7fd93d at term 1 for becomeLeader, leader elected after 5190ms
2024-02-22 20:33:46,749 [86ab988c-fa9c-425d-a1c6-9004ff7fd93d@group-34E96220011A-LeaderElection49] INFO  segmented.SegmentedRaftLogWorker (SegmentedRaftLogWorker.java:startLogSegment(430)) - 86ab988c-fa9c-425d-a1c6-9004ff7fd93d@group-34E96220011A-SegmentedRaftLogWorker: Starting segment from index:0
2024-02-22 20:33:46,750 [86ab988c-fa9c-425d-a1c6-9004ff7fd93d@group-34E96220011A-SegmentedRaftLogWorker] INFO  segmented.BufferedWriteChannel (BufferedWriteChannel.java:open(62)) - open log_inprogress_0 at position 0
2024-02-22 20:33:46,752 [e46a6e51-795f-4801-a523-c45a6c7f2c34@group-AFFC1E458E84-LeaderElection48] INFO  server.RaftServer$Division (ServerState.java:setRaftConf(386)) - e46a6e51-795f-4801-a523-c45a6c7f2c34@group-AFFC1E458E84: set configuration 0: peers:[923be64f-71f4-4891-b05d-82ff5a9df5b5|10.1.0.33:15023, e46a6e51-795f-4801-a523-c45a6c7f2c34|10.1.0.33:15014, e780b093-7242-46d7-bd8f-0f810188c7b3|10.1.0.33:15095]|listeners:[], old=null
2024-02-22 20:33:46,753 [EventQueue-PipelineReportForPipelineReportHandler] INFO  pipeline.PipelineReportHandler (PipelineReportHandler.java:processPipelineReport(136)) - Opened pipeline PipelineID=b7d85f91-fa2f-4c6c-8457-34e96220011a
2024-02-22 20:33:46,754 [86ab988c-fa9c-425d-a1c6-9004ff7fd93d@group-34E96220011A-LeaderElection49] INFO  server.RaftServer$Division (ServerState.java:setRaftConf(386)) - 86ab988c-fa9c-425d-a1c6-9004ff7fd93d@group-34E96220011A: set configuration 0: peers:[86ab988c-fa9c-425d-a1c6-9004ff7fd93d|10.1.0.33:15059, c30fedce-f286-40e0-881d-3d5a9a6e2463|10.1.0.33:15068, dc26353c-d48a-467d-89cd-3a7c4b626396|10.1.0.33:15050]|listeners:[], old=null
2024-02-22 20:33:46,758 [923be64f-71f4-4891-b05d-82ff5a9df5b5-server-thread1] INFO  ratis.XceiverServerRatis (XceiverServerRatis.java:handleLeaderChangedNotification(966)) - Leader change notification received for group: group-AFFC1E458E84 with new leaderId: e46a6e51-795f-4801-a523-c45a6c7f2c34
2024-02-22 20:33:46,759 [e46a6e51-795f-4801-a523-c45a6c7f2c34@group-AFFC1E458E84-SegmentedRaftLogWorker] INFO  segmented.SegmentedRaftLogWorker (SegmentedRaftLogWorker.java:execute(634)) - e46a6e51-795f-4801-a523-c45a6c7f2c34@group-AFFC1E458E84-SegmentedRaftLogWorker: created new log segment /home/runner/work/ozone/ozone/hadoop-ozone/integration-test/target/test-dir/MiniOzoneClusterImpl-a0fc024b-a492-45a5-9697-b0d14f72cb5c/datanode-0/data/ratis/7a70ea48-d71a-4b2b-bc50-affc1e458e84/current/log_inprogress_0
2024-02-22 20:33:46,760 [923be64f-71f4-4891-b05d-82ff5a9df5b5-server-thread1] INFO  server.RaftServer$Division (ServerState.java:setLeader(269)) - 923be64f-71f4-4891-b05d-82ff5a9df5b5@group-AFFC1E458E84: change Leader from null to e46a6e51-795f-4801-a523-c45a6c7f2c34 at term 1 for appendEntries, leader elected after 5417ms
2024-02-22 20:33:46,761 [grpc-default-executor-4] INFO  server.RaftServer$Division (RaftServerImpl.java:requestVote(1389)) - 86ab988c-fa9c-425d-a1c6-9004ff7fd93d@group-C6933685B048: receive requestVote(PRE_VOTE, c30fedce-f286-40e0-881d-3d5a9a6e2463, group-C6933685B048, 0, (t:0, i:0))
2024-02-22 20:33:46,761 [grpc-default-executor-4] INFO  impl.VoteContext (VoteContext.java:log(49)) - 86ab988c-fa9c-425d-a1c6-9004ff7fd93d@group-C6933685B048-FOLLOWER: accept PRE_VOTE from c30fedce-f286-40e0-881d-3d5a9a6e2463: our priority 0 <= candidate's priority 0
2024-02-22 20:33:46,761 [grpc-default-executor-4] INFO  server.RaftServer$Division (RaftServerImpl.java:requestVote(1422)) - 86ab988c-fa9c-425d-a1c6-9004ff7fd93d@group-C6933685B048 replies to PRE_VOTE vote request: c30fedce-f286-40e0-881d-3d5a9a6e2463<-86ab988c-fa9c-425d-a1c6-9004ff7fd93d#0:OK-t0. Peer's state: 86ab988c-fa9c-425d-a1c6-9004ff7fd93d@group-C6933685B048:t0, leader=null, voted=, raftlog=Memoized:86ab988c-fa9c-425d-a1c6-9004ff7fd93d@group-C6933685B048-SegmentedRaftLog:OPENED:c-1, conf=-1: peers:[86ab988c-fa9c-425d-a1c6-9004ff7fd93d|10.1.0.33:15059, c30fedce-f286-40e0-881d-3d5a9a6e2463|10.1.0.33:15068, 13f92446-3b18-4d81-bc66-0f9b00220e72|10.1.0.33:15077]|listeners:[], old=null
2024-02-22 20:33:46,762 [c30fedce-f286-40e0-881d-3d5a9a6e2463@group-C6933685B048-LeaderElection50] INFO  impl.LeaderElection (LeaderElection.java:logAndReturn(89)) - c30fedce-f286-40e0-881d-3d5a9a6e2463@group-C6933685B048-LeaderElection50: PRE_VOTE PASSED received 1 response(s) and 1 exception(s):
2024-02-22 20:33:46,762 [c30fedce-f286-40e0-881d-3d5a9a6e2463@group-C6933685B048-LeaderElection50] INFO  impl.LeaderElection (LeaderElection.java:logAndReturn(93)) -   Response 0: c30fedce-f286-40e0-881d-3d5a9a6e2463<-86ab988c-fa9c-425d-a1c6-9004ff7fd93d#0:OK-t0
2024-02-22 20:33:46,763 [c30fedce-f286-40e0-881d-3d5a9a6e2463@group-C6933685B048-LeaderElection50] INFO  impl.LeaderElection (LogUtils.java:infoOrTrace(136)) -   Exception 1: java.util.concurrent.ExecutionException: org.apache.ratis.thirdparty.io.grpc.StatusRuntimeException: UNAVAILABLE: io exception
2024-02-22 20:33:46,763 [86ab988c-fa9c-425d-a1c6-9004ff7fd93d@group-34E96220011A-SegmentedRaftLogWorker] INFO  segmented.SegmentedRaftLogWorker (SegmentedRaftLogWorker.java:execute(634)) - 86ab988c-fa9c-425d-a1c6-9004ff7fd93d@group-34E96220011A-SegmentedRaftLogWorker: created new log segment /home/runner/work/ozone/ozone/hadoop-ozone/integration-test/target/test-dir/MiniOzoneClusterImpl-a0fc024b-a492-45a5-9697-b0d14f72cb5c/datanode-5/data/ratis/b7d85f91-fa2f-4c6c-8457-34e96220011a/current/log_inprogress_0
2024-02-22 20:33:46,766 [78f89d9b-e409-4704-890b-bfcfbcdfd28a@group-17BC54520CE5-FollowerState] INFO  impl.FollowerState (FollowerState.java:run(143)) - 78f89d9b-e409-4704-890b-bfcfbcdfd28a@group-17BC54520CE5-FollowerState: change to CANDIDATE, lastRpcElapsedTime:5161244713ns, electionTimeout:5159ms
2024-02-22 20:33:46,766 [78f89d9b-e409-4704-890b-bfcfbcdfd28a@group-17BC54520CE5-FollowerState] INFO  impl.RoleInfo (RoleInfo.java:shutdownFollowerState(110)) - 78f89d9b-e409-4704-890b-bfcfbcdfd28a: shutdown 78f89d9b-e409-4704-890b-bfcfbcdfd28a@group-17BC54520CE5-FollowerState
2024-02-22 20:33:46,766 [78f89d9b-e409-4704-890b-bfcfbcdfd28a@group-17BC54520CE5-FollowerState] INFO  server.RaftServer$Division (RaftServerImpl.java:setRole(383)) - 78f89d9b-e409-4704-890b-bfcfbcdfd28a@group-17BC54520CE5: changes role from  FOLLOWER to CANDIDATE at term 0 for changeToCandidate
2024-02-22 20:33:46,766 [78f89d9b-e409-4704-890b-bfcfbcdfd28a@group-17BC54520CE5-FollowerState] INFO  server.RaftServerConfigKeys (ConfUtils.java:logGet(46)) - raft.server.leaderelection.pre-vote = true (default)
2024-02-22 20:33:46,766 [78f89d9b-e409-4704-890b-bfcfbcdfd28a@group-17BC54520CE5-FollowerState] INFO  impl.RoleInfo (RoleInfo.java:updateAndGet(139)) - 78f89d9b-e409-4704-890b-bfcfbcdfd28a: start 78f89d9b-e409-4704-890b-bfcfbcdfd28a@group-17BC54520CE5-LeaderElection51
2024-02-22 20:33:46,766 [e780b093-7242-46d7-bd8f-0f810188c7b3-server-thread1] INFO  ratis.XceiverServerRatis (XceiverServerRatis.java:handleLeaderChangedNotification(966)) - Leader change notification received for group: group-AFFC1E458E84 with new leaderId: e46a6e51-795f-4801-a523-c45a6c7f2c34
2024-02-22 20:33:46,766 [e780b093-7242-46d7-bd8f-0f810188c7b3-server-thread1] INFO  server.RaftServer$Division (ServerState.java:setLeader(269)) - e780b093-7242-46d7-bd8f-0f810188c7b3@group-AFFC1E458E84: change Leader from null to e46a6e51-795f-4801-a523-c45a6c7f2c34 at term 1 for appendEntries, leader elected after 5337ms
2024-02-22 20:33:46,766 [923be64f-71f4-4891-b05d-82ff5a9df5b5-server-thread2] INFO  server.RaftServer$Division (ServerState.java:setRaftConf(386)) - 923be64f-71f4-4891-b05d-82ff5a9df5b5@group-AFFC1E458E84: set configuration 0: peers:[923be64f-71f4-4891-b05d-82ff5a9df5b5|10.1.0.33:15023, e46a6e51-795f-4801-a523-c45a6c7f2c34|10.1.0.33:15014, e780b093-7242-46d7-bd8f-0f810188c7b3|10.1.0.33:15095]|listeners:[], old=null
2024-02-22 20:33:46,766 [923be64f-71f4-4891-b05d-82ff5a9df5b5-server-thread2] INFO  segmented.SegmentedRaftLogWorker (SegmentedRaftLogWorker.java:startLogSegment(430)) - 923be64f-71f4-4891-b05d-82ff5a9df5b5@group-AFFC1E458E84-SegmentedRaftLogWorker: Starting segment from index:0
2024-02-22 20:33:46,767 [c30fedce-f286-40e0-881d-3d5a9a6e2463@group-C6933685B048-LeaderElection50] INFO  impl.LeaderElection (LeaderElection.java:askForVotes(323)) - c30fedce-f286-40e0-881d-3d5a9a6e2463@group-C6933685B048-LeaderElection50 PRE_VOTE round 0: result PASSED
2024-02-22 20:33:46,767 [78f89d9b-e409-4704-890b-bfcfbcdfd28a@group-17BC54520CE5-LeaderElection51] INFO  impl.LeaderElection (LeaderElection.java:askForVotes(321)) - 78f89d9b-e409-4704-890b-bfcfbcdfd28a@group-17BC54520CE5-LeaderElection51 PRE_VOTE round 0: submit vote requests at term 0 for -1: peers:[78f89d9b-e409-4704-890b-bfcfbcdfd28a|10.1.0.33:15086]|listeners:[], old=null
2024-02-22 20:33:46,768 [78f89d9b-e409-4704-890b-bfcfbcdfd28a@group-17BC54520CE5-LeaderElection51] INFO  impl.LeaderElection (LeaderElection.java:askForVotes(323)) - 78f89d9b-e409-4704-890b-bfcfbcdfd28a@group-17BC54520CE5-LeaderElection51 PRE_VOTE round 0: result PASSED (term=0)
2024-02-22 20:33:46,770 [c30fedce-f286-40e0-881d-3d5a9a6e2463@group-C6933685B048-LeaderElection50] INFO  impl.LeaderElection (LeaderElection.java:askForVotes(321)) - c30fedce-f286-40e0-881d-3d5a9a6e2463@group-C6933685B048-LeaderElection50 ELECTION round 0: submit vote requests at term 1 for -1: peers:[86ab988c-fa9c-425d-a1c6-9004ff7fd93d|10.1.0.33:15059, c30fedce-f286-40e0-881d-3d5a9a6e2463|10.1.0.33:15068, 13f92446-3b18-4d81-bc66-0f9b00220e72|10.1.0.33:15077]|listeners:[], old=null
2024-02-22 20:33:46,770 [78f89d9b-e409-4704-890b-bfcfbcdfd28a@group-17BC54520CE5-LeaderElection51] INFO  impl.LeaderElection (LeaderElection.java:askForVotes(321)) - 78f89d9b-e409-4704-890b-bfcfbcdfd28a@group-17BC54520CE5-LeaderElection51 ELECTION round 0: submit vote requests at term 1 for -1: peers:[78f89d9b-e409-4704-890b-bfcfbcdfd28a|10.1.0.33:15086]|listeners:[], old=null
2024-02-22 20:33:46,770 [78f89d9b-e409-4704-890b-bfcfbcdfd28a@group-17BC54520CE5-LeaderElection51] INFO  impl.LeaderElection (LeaderElection.java:askForVotes(323)) - 78f89d9b-e409-4704-890b-bfcfbcdfd28a@group-17BC54520CE5-LeaderElection51 ELECTION round 0: result PASSED (term=1)
2024-02-22 20:33:46,770 [78f89d9b-e409-4704-890b-bfcfbcdfd28a@group-17BC54520CE5-LeaderElection51] INFO  impl.RoleInfo (RoleInfo.java:shutdownLeaderElection(130)) - 78f89d9b-e409-4704-890b-bfcfbcdfd28a: shutdown 78f89d9b-e409-4704-890b-bfcfbcdfd28a@group-17BC54520CE5-LeaderElection51
2024-02-22 20:33:46,770 [78f89d9b-e409-4704-890b-bfcfbcdfd28a@group-17BC54520CE5-LeaderElection51] INFO  server.RaftServer$Division (RaftServerImpl.java:setRole(383)) - 78f89d9b-e409-4704-890b-bfcfbcdfd28a@group-17BC54520CE5: changes role from CANDIDATE to LEADER at term 1 for changeToLeader
2024-02-22 20:33:46,770 [78f89d9b-e409-4704-890b-bfcfbcdfd28a@group-17BC54520CE5-LeaderElection51] INFO  server.RaftServerConfigKeys (ConfUtils.java:logGet(46)) - raft.server.staging.catchup.gap = 1000 (default)
2024-02-22 20:33:46,776 [dc26353c-d48a-467d-89cd-3a7c4b626396-server-thread1] INFO  ratis.XceiverServerRatis (XceiverServerRatis.java:handleLeaderChangedNotification(966)) - Leader change notification received for group: group-34E96220011A with new leaderId: 86ab988c-fa9c-425d-a1c6-9004ff7fd93d
2024-02-22 20:33:46,777 [dc26353c-d48a-467d-89cd-3a7c4b626396-server-thread1] INFO  server.RaftServer$Division (ServerState.java:setLeader(269)) - dc26353c-d48a-467d-89cd-3a7c4b626396@group-34E96220011A: change Leader from null to 86ab988c-fa9c-425d-a1c6-9004ff7fd93d at term 1 for appendEntries, leader elected after 5380ms
2024-02-22 20:33:46,776 [c30fedce-f286-40e0-881d-3d5a9a6e2463-server-thread1] INFO  ratis.XceiverServerRatis (XceiverServerRatis.java:handleLeaderChangedNotification(966)) - Leader change notification received for group: group-34E96220011A with new leaderId: 86ab988c-fa9c-425d-a1c6-9004ff7fd93d
2024-02-22 20:33:46,776 [e780b093-7242-46d7-bd8f-0f810188c7b3-server-thread2] INFO  server.RaftServer$Division (ServerState.java:setRaftConf(386)) - e780b093-7242-46d7-bd8f-0f810188c7b3@group-AFFC1E458E84: set configuration 0: peers:[923be64f-71f4-4891-b05d-82ff5a9df5b5|10.1.0.33:15023, e46a6e51-795f-4801-a523-c45a6c7f2c34|10.1.0.33:15014, e780b093-7242-46d7-bd8f-0f810188c7b3|10.1.0.33:15095]|listeners:[], old=null
2024-02-22 20:33:46,778 [e780b093-7242-46d7-bd8f-0f810188c7b3-server-thread2] INFO  segmented.SegmentedRaftLogWorker (SegmentedRaftLogWorker.java:startLogSegment(430)) - e780b093-7242-46d7-bd8f-0f810188c7b3@group-AFFC1E458E84-SegmentedRaftLogWorker: Starting segment from index:0
2024-02-22 20:33:46,776 [78f89d9b-e409-4704-890b-bfcfbcdfd28a@group-17BC54520CE5-LeaderElection51] INFO  server.RaftServerConfigKeys (ConfUtils.java:logGet(46)) - raft.server.write.element-limit = 1024 (custom)
2024-02-22 20:33:46,778 [78f89d9b-e409-4704-890b-bfcfbcdfd28a@group-17BC54520CE5-LeaderElection51] INFO  server.RaftServerConfigKeys (ConfUtils.java:logGet(46)) - raft.server.write.byte-limit = 1024 M (=1073741824) (custom)
2024-02-22 20:33:46,779 [78f89d9b-e409-4704-890b-bfcfbcdfd28a@group-17BC54520CE5-LeaderElection51] INFO  server.RaftServerConfigKeys (ConfUtils.java:logGet(46)) - raft.server.watch.timeout = 180s (custom)
2024-02-22 20:33:46,779 [78f89d9b-e409-4704-890b-bfcfbcdfd28a@group-17BC54520CE5-LeaderElection51] INFO  server.RaftServerConfigKeys (ConfUtils.java:logGet(46)) - raft.server.watch.timeout.denomination = 1s (default)
2024-02-22 20:33:46,780 [78f89d9b-e409-4704-890b-bfcfbcdfd28a@group-17BC54520CE5-LeaderElection51] INFO  server.RaftServerConfigKeys (ConfUtils.java:logGet(46)) - raft.server.watch.element-limit = 65536 (default)
2024-02-22 20:33:46,780 [78f89d9b-e409-4704-890b-bfcfbcdfd28a@group-17BC54520CE5-LeaderElection51] INFO  server.RaftServerConfigKeys (ConfUtils.java:logGet(46)) - raft.server.read.leader.lease.enabled = false (default)
2024-02-22 20:33:46,780 [78f89d9b-e409-4704-890b-bfcfbcdfd28a@group-17BC54520CE5-LeaderElection51] INFO  server.RaftServerConfigKeys (ConfUtils.java:logGet(46)) - raft.server.read.leader.lease.timeout.ratio = 0.9 (default)
2024-02-22 20:33:46,781 [78f89d9b-e409-4704-890b-bfcfbcdfd28a@group-17BC54520CE5-LeaderElection51] INFO  server.RaftServerConfigKeys (ConfUtils.java:logGet(46)) - raft.server.rpc.timeout.min = 5s (custom)
2024-02-22 20:33:46,781 [78f89d9b-e409-4704-890b-bfcfbcdfd28a@group-17BC54520CE5-LeaderElection51] INFO  server.RaftServerConfigKeys (ConfUtils.java:logGet(46)) - raft.server.write.element-limit = 1024 (custom)
2024-02-22 20:33:46,781 [78f89d9b-e409-4704-890b-bfcfbcdfd28a@group-17BC54520CE5-LeaderElection51] INFO  server.RaftServerConfigKeys (ConfUtils.java:logGet(46)) - raft.server.write.follower.gap.ratio.max = -1.0 (default)
2024-02-22 20:33:46,781 [78f89d9b-e409-4704-890b-bfcfbcdfd28a@group-17BC54520CE5-LeaderElection51] INFO  impl.RoleInfo (RoleInfo.java:updateAndGet(139)) - 78f89d9b-e409-4704-890b-bfcfbcdfd28a: start 78f89d9b-e409-4704-890b-bfcfbcdfd28a@group-17BC54520CE5-LeaderStateImpl
2024-02-22 20:33:46,782 [78f89d9b-e409-4704-890b-bfcfbcdfd28a@group-17BC54520CE5-LeaderElection51] INFO  server.RaftServer$Division (RaftServerImpl.java:setFirstElection(574)) - 78f89d9b-e409-4704-890b-bfcfbcdfd28a@group-17BC54520CE5: set firstElectionSinceStartup to false for becomeLeader
2024-02-22 20:33:46,782 [78f89d9b-e409-4704-890b-bfcfbcdfd28a@group-17BC54520CE5-LeaderElection51] INFO  ratis.XceiverServerRatis (XceiverServerRatis.java:handleLeaderChangedNotification(966)) - Leader change notification received for group: group-17BC54520CE5 with new leaderId: 78f89d9b-e409-4704-890b-bfcfbcdfd28a
2024-02-22 20:33:46,777 [c30fedce-f286-40e0-881d-3d5a9a6e2463-server-thread1] INFO  server.RaftServer$Division (ServerState.java:setLeader(269)) - c30fedce-f286-40e0-881d-3d5a9a6e2463@group-34E96220011A: change Leader from null to 86ab988c-fa9c-425d-a1c6-9004ff7fd93d at term 1 for appendEntries, leader elected after 5310ms
2024-02-22 20:33:46,777 [grpc-default-executor-13] INFO  server.RaftServer$Division (RaftServerImpl.java:requestVote(1389)) - 86ab988c-fa9c-425d-a1c6-9004ff7fd93d@group-C6933685B048: receive requestVote(ELECTION, c30fedce-f286-40e0-881d-3d5a9a6e2463, group-C6933685B048, 1, (t:0, i:0))
2024-02-22 20:33:46,783 [c30fedce-f286-40e0-881d-3d5a9a6e2463@group-C6933685B048-LeaderElection50] INFO  server.RaftServerConfigKeys (ConfUtils.java:logFallback(53)) - raft.server.rpc.first-election.timeout.min = 5s (fallback to raft.server.rpc.timeout.min)
2024-02-22 20:33:46,783 [c30fedce-f286-40e0-881d-3d5a9a6e2463@group-C6933685B048-LeaderElection50] INFO  server.RaftServerConfigKeys (ConfUtils.java:logFallback(53)) - raft.server.rpc.first-election.timeout.max = 5200ms (fallback to raft.server.rpc.timeout.max)
2024-02-22 20:33:46,783 [grpc-default-executor-13] INFO  impl.VoteContext (VoteContext.java:log(49)) - 86ab988c-fa9c-425d-a1c6-9004ff7fd93d@group-C6933685B048-FOLLOWER: accept ELECTION from c30fedce-f286-40e0-881d-3d5a9a6e2463: our priority 0 <= candidate's priority 0
2024-02-22 20:33:46,784 [grpc-default-executor-13] INFO  server.RaftServer$Division (RaftServerImpl.java:setRole(383)) - 86ab988c-fa9c-425d-a1c6-9004ff7fd93d@group-C6933685B048: changes role from  FOLLOWER to FOLLOWER at term 1 for candidate:c30fedce-f286-40e0-881d-3d5a9a6e2463
2024-02-22 20:33:46,784 [grpc-default-executor-13] INFO  impl.RoleInfo (RoleInfo.java:shutdownFollowerState(110)) - 86ab988c-fa9c-425d-a1c6-9004ff7fd93d: shutdown 86ab988c-fa9c-425d-a1c6-9004ff7fd93d@group-C6933685B048-FollowerState
2024-02-22 20:33:46,784 [c30fedce-f286-40e0-881d-3d5a9a6e2463@group-C6933685B048-LeaderElection50] INFO  impl.LeaderElection (LogUtils.java:infoOrTrace(136)) - c30fedce-f286-40e0-881d-3d5a9a6e2463@group-C6933685B048-LeaderElection50 got exception when requesting votes: java.util.concurrent.ExecutionException: org.apache.ratis.thirdparty.io.grpc.StatusRuntimeException: UNAVAILABLE: io exception
2024-02-22 20:33:46,785 [dc26353c-d48a-467d-89cd-3a7c4b626396-server-thread2] INFO  server.RaftServer$Division (ServerState.java:setRaftConf(386)) - dc26353c-d48a-467d-89cd-3a7c4b626396@group-34E96220011A: set configuration 0: peers:[86ab988c-fa9c-425d-a1c6-9004ff7fd93d|10.1.0.33:15059, c30fedce-f286-40e0-881d-3d5a9a6e2463|10.1.0.33:15068, dc26353c-d48a-467d-89cd-3a7c4b626396|10.1.0.33:15050]|listeners:[], old=null
2024-02-22 20:33:46,785 [dc26353c-d48a-467d-89cd-3a7c4b626396-server-thread2] INFO  segmented.SegmentedRaftLogWorker (SegmentedRaftLogWorker.java:startLogSegment(430)) - dc26353c-d48a-467d-89cd-3a7c4b626396@group-34E96220011A-SegmentedRaftLogWorker: Starting segment from index:0
2024-02-22 20:33:46,785 [923be64f-71f4-4891-b05d-82ff5a9df5b5@group-AFFC1E458E84-SegmentedRaftLogWorker] INFO  segmented.BufferedWriteChannel (BufferedWriteChannel.java:open(62)) - open log_inprogress_0 at position 0
2024-02-22 20:33:46,785 [c30fedce-f286-40e0-881d-3d5a9a6e2463-server-thread2] INFO  server.RaftServer$Division (ServerState.java:setRaftConf(386)) - c30fedce-f286-40e0-881d-3d5a9a6e2463@group-34E96220011A: set configuration 0: peers:[86ab988c-fa9c-425d-a1c6-9004ff7fd93d|10.1.0.33:15059, c30fedce-f286-40e0-881d-3d5a9a6e2463|10.1.0.33:15068, dc26353c-d48a-467d-89cd-3a7c4b626396|10.1.0.33:15050]|listeners:[], old=null
2024-02-22 20:33:46,785 [c30fedce-f286-40e0-881d-3d5a9a6e2463-server-thread2] INFO  segmented.SegmentedRaftLogWorker (SegmentedRaftLogWorker.java:startLogSegment(430)) - c30fedce-f286-40e0-881d-3d5a9a6e2463@group-34E96220011A-SegmentedRaftLogWorker: Starting segment from index:0
2024-02-22 20:33:46,788 [78f89d9b-e409-4704-890b-bfcfbcdfd28a@group-17BC54520CE5-LeaderElection51] INFO  server.RaftServer$Division (ServerState.java:setLeader(269)) - 78f89d9b-e409-4704-890b-bfcfbcdfd28a@group-17BC54520CE5: change Leader from null to 78f89d9b-e409-4704-890b-bfcfbcdfd28a at term 1 for becomeLeader, leader elected after 5249ms
2024-02-22 20:33:46,788 [86ab988c-fa9c-425d-a1c6-9004ff7fd93d@group-C6933685B048-FollowerState] INFO  impl.FollowerState (FollowerState.java:run(152)) - 86ab988c-fa9c-425d-a1c6-9004ff7fd93d@group-C6933685B048-FollowerState was interrupted
2024-02-22 20:33:46,788 [78f89d9b-e409-4704-890b-bfcfbcdfd28a@group-17BC54520CE5-LeaderElection51] INFO  segmented.SegmentedRaftLogWorker (SegmentedRaftLogWorker.java:startLogSegment(430)) - 78f89d9b-e409-4704-890b-bfcfbcdfd28a@group-17BC54520CE5-SegmentedRaftLogWorker: Starting segment from index:0
2024-02-22 20:33:46,788 [grpc-default-executor-13] INFO  impl.RoleInfo (RoleInfo.java:updateAndGet(139)) - 86ab988c-fa9c-425d-a1c6-9004ff7fd93d: start 86ab988c-fa9c-425d-a1c6-9004ff7fd93d@group-C6933685B048-FollowerState
2024-02-22 20:33:46,794 [78f89d9b-e409-4704-890b-bfcfbcdfd28a@group-17BC54520CE5-LeaderElection51] INFO  server.RaftServer$Division (ServerState.java:setRaftConf(386)) - 78f89d9b-e409-4704-890b-bfcfbcdfd28a@group-17BC54520CE5: set configuration 0: peers:[78f89d9b-e409-4704-890b-bfcfbcdfd28a|10.1.0.33:15086]|listeners:[], old=null
2024-02-22 20:33:46,794 [78f89d9b-e409-4704-890b-bfcfbcdfd28a@group-17BC54520CE5-SegmentedRaftLogWorker] INFO  segmented.BufferedWriteChannel (BufferedWriteChannel.java:open(62)) - open log_inprogress_0 at position 0
2024-02-22 20:33:46,798 [923be64f-71f4-4891-b05d-82ff5a9df5b5@group-AFFC1E458E84-SegmentedRaftLogWorker] INFO  segmented.SegmentedRaftLogWorker (SegmentedRaftLogWorker.java:execute(634)) - 923be64f-71f4-4891-b05d-82ff5a9df5b5@group-AFFC1E458E84-SegmentedRaftLogWorker: created new log segment /home/runner/work/ozone/ozone/hadoop-ozone/integration-test/target/test-dir/MiniOzoneClusterImpl-a0fc024b-a492-45a5-9697-b0d14f72cb5c/datanode-1/data/ratis/7a70ea48-d71a-4b2b-bc50-affc1e458e84/current/log_inprogress_0
2024-02-22 20:33:46,798 [grpc-default-executor-13] INFO  server.RaftServer$Division (RaftServerImpl.java:setFirstElection(574)) - 86ab988c-fa9c-425d-a1c6-9004ff7fd93d@group-C6933685B048: set firstElectionSinceStartup to false for candidate:c30fedce-f286-40e0-881d-3d5a9a6e2463
2024-02-22 20:33:46,803 [grpc-default-executor-13] INFO  server.RaftServer$Division (RaftServerImpl.java:requestVote(1422)) - 86ab988c-fa9c-425d-a1c6-9004ff7fd93d@group-C6933685B048 replies to ELECTION vote request: c30fedce-f286-40e0-881d-3d5a9a6e2463<-86ab988c-fa9c-425d-a1c6-9004ff7fd93d#0:OK-t1. Peer's state: 86ab988c-fa9c-425d-a1c6-9004ff7fd93d@group-C6933685B048:t1, leader=null, voted=c30fedce-f286-40e0-881d-3d5a9a6e2463, raftlog=Memoized:86ab988c-fa9c-425d-a1c6-9004ff7fd93d@group-C6933685B048-SegmentedRaftLog:OPENED:c-1, conf=-1: peers:[86ab988c-fa9c-425d-a1c6-9004ff7fd93d|10.1.0.33:15059, c30fedce-f286-40e0-881d-3d5a9a6e2463|10.1.0.33:15068, 13f92446-3b18-4d81-bc66-0f9b00220e72|10.1.0.33:15077]|listeners:[], old=null
2024-02-22 20:33:46,804 [c30fedce-f286-40e0-881d-3d5a9a6e2463@group-C6933685B048-LeaderElection50] INFO  impl.LeaderElection (LeaderElection.java:logAndReturn(89)) - c30fedce-f286-40e0-881d-3d5a9a6e2463@group-C6933685B048-LeaderElection50: ELECTION PASSED received 1 response(s) and 1 exception(s):
2024-02-22 20:33:46,804 [c30fedce-f286-40e0-881d-3d5a9a6e2463@group-C6933685B048-LeaderElection50] INFO  impl.LeaderElection (LeaderElection.java:logAndReturn(93)) -   Response 0: c30fedce-f286-40e0-881d-3d5a9a6e2463<-86ab988c-fa9c-425d-a1c6-9004ff7fd93d#0:OK-t1
2024-02-22 20:33:46,804 [c30fedce-f286-40e0-881d-3d5a9a6e2463@group-C6933685B048-LeaderElection50] INFO  impl.LeaderElection (LogUtils.java:infoOrTrace(136)) -   Exception 1: java.util.concurrent.ExecutionException: org.apache.ratis.thirdparty.io.grpc.StatusRuntimeException: UNAVAILABLE: io exception
2024-02-22 20:33:46,804 [c30fedce-f286-40e0-881d-3d5a9a6e2463@group-C6933685B048-LeaderElection50] INFO  impl.LeaderElection (LeaderElection.java:askForVotes(323)) - c30fedce-f286-40e0-881d-3d5a9a6e2463@group-C6933685B048-LeaderElection50 ELECTION round 0: result PASSED
2024-02-22 20:33:46,804 [c30fedce-f286-40e0-881d-3d5a9a6e2463@group-C6933685B048-LeaderElection50] INFO  impl.RoleInfo (RoleInfo.java:shutdownLeaderElection(130)) - c30fedce-f286-40e0-881d-3d5a9a6e2463: shutdown c30fedce-f286-40e0-881d-3d5a9a6e2463@group-C6933685B048-LeaderElection50
2024-02-22 20:33:46,804 [c30fedce-f286-40e0-881d-3d5a9a6e2463@group-C6933685B048-LeaderElection50] INFO  server.RaftServer$Division (RaftServerImpl.java:setRole(383)) - c30fedce-f286-40e0-881d-3d5a9a6e2463@group-C6933685B048: changes role from CANDIDATE to LEADER at term 1 for changeToLeader
2024-02-22 20:33:46,804 [c30fedce-f286-40e0-881d-3d5a9a6e2463@group-C6933685B048-LeaderElection50] INFO  server.RaftServerConfigKeys (ConfUtils.java:logGet(46)) - raft.server.staging.catchup.gap = 1000 (default)
2024-02-22 20:33:46,804 [c30fedce-f286-40e0-881d-3d5a9a6e2463@group-C6933685B048-LeaderElection50] INFO  server.RaftServerConfigKeys (ConfUtils.java:logGet(46)) - raft.server.write.element-limit = 1024 (custom)
2024-02-22 20:33:46,804 [c30fedce-f286-40e0-881d-3d5a9a6e2463@group-C6933685B048-LeaderElection50] INFO  server.RaftServerConfigKeys (ConfUtils.java:logGet(46)) - raft.server.write.byte-limit = 1024 M (=1073741824) (custom)
2024-02-22 20:33:46,805 [e780b093-7242-46d7-bd8f-0f810188c7b3@group-AFFC1E458E84-SegmentedRaftLogWorker] INFO  segmented.BufferedWriteChannel (BufferedWriteChannel.java:open(62)) - open log_inprogress_0 at position 0
2024-02-22 20:33:46,809 [78f89d9b-e409-4704-890b-bfcfbcdfd28a@group-17BC54520CE5-SegmentedRaftLogWorker] INFO  segmented.SegmentedRaftLogWorker (SegmentedRaftLogWorker.java:execute(634)) - 78f89d9b-e409-4704-890b-bfcfbcdfd28a@group-17BC54520CE5-SegmentedRaftLogWorker: created new log segment /home/runner/work/ozone/ozone/hadoop-ozone/integration-test/target/test-dir/MiniOzoneClusterImpl-a0fc024b-a492-45a5-9697-b0d14f72cb5c/datanode-8/data/ratis/059125b3-e2f6-4b31-98e7-17bc54520ce5/current/log_inprogress_0
2024-02-22 20:33:46,810 [c30fedce-f286-40e0-881d-3d5a9a6e2463@group-34E96220011A-SegmentedRaftLogWorker] INFO  segmented.BufferedWriteChannel (BufferedWriteChannel.java:open(62)) - open log_inprogress_0 at position 0
2024-02-22 20:33:46,810 [dc26353c-d48a-467d-89cd-3a7c4b626396@group-34E96220011A-SegmentedRaftLogWorker] INFO  segmented.BufferedWriteChannel (BufferedWriteChannel.java:open(62)) - open log_inprogress_0 at position 0
2024-02-22 20:33:46,815 [c30fedce-f286-40e0-881d-3d5a9a6e2463@group-C6933685B048-LeaderElection50] INFO  server.RaftServerConfigKeys (ConfUtils.java:logGet(46)) - raft.server.watch.timeout = 180s (custom)
2024-02-22 20:33:46,815 [c30fedce-f286-40e0-881d-3d5a9a6e2463@group-C6933685B048-LeaderElection50] INFO  server.RaftServerConfigKeys (ConfUtils.java:logGet(46)) - raft.server.watch.timeout.denomination = 1s (default)
2024-02-22 20:33:46,815 [c30fedce-f286-40e0-881d-3d5a9a6e2463@group-C6933685B048-LeaderElection50] INFO  server.RaftServerConfigKeys (ConfUtils.java:logGet(46)) - raft.server.watch.element-limit = 65536 (default)
2024-02-22 20:33:46,815 [c30fedce-f286-40e0-881d-3d5a9a6e2463@group-C6933685B048-LeaderElection50] INFO  server.RaftServerConfigKeys (ConfUtils.java:logGet(46)) - raft.server.read.leader.lease.enabled = false (default)
2024-02-22 20:33:46,815 [c30fedce-f286-40e0-881d-3d5a9a6e2463@group-C6933685B048-LeaderElection50] INFO  server.RaftServerConfigKeys (ConfUtils.java:logGet(46)) - raft.server.read.leader.lease.timeout.ratio = 0.9 (default)
2024-02-22 20:33:46,816 [c30fedce-f286-40e0-881d-3d5a9a6e2463@group-C6933685B048-LeaderElection50] INFO  server.RaftServerConfigKeys (ConfUtils.java:logGet(46)) - raft.server.rpc.timeout.min = 5s (custom)
2024-02-22 20:33:46,816 [c30fedce-f286-40e0-881d-3d5a9a6e2463@group-C6933685B048-LeaderElection50] INFO  server.RaftServerConfigKeys (ConfUtils.java:logGet(46)) - raft.server.write.element-limit = 1024 (custom)
2024-02-22 20:33:46,816 [c30fedce-f286-40e0-881d-3d5a9a6e2463@group-C6933685B048-LeaderElection50] INFO  server.RaftServerConfigKeys (ConfUtils.java:logGet(46)) - raft.server.write.follower.gap.ratio.max = -1.0 (default)
2024-02-22 20:33:46,816 [c30fedce-f286-40e0-881d-3d5a9a6e2463@group-C6933685B048-LeaderElection50] INFO  server.RaftServerConfigKeys (ConfUtils.java:logGet(46)) - raft.server.log.appender.snapshot.chunk.size.max = 16MB (=16777216) (default)
2024-02-22 20:33:46,817 [c30fedce-f286-40e0-881d-3d5a9a6e2463@group-C6933685B048-LeaderElection50] INFO  server.RaftServerConfigKeys (ConfUtils.java:logGet(46)) - raft.server.log.appender.buffer.byte-limit = 8388608 (custom)
2024-02-22 20:33:46,817 [c30fedce-f286-40e0-881d-3d5a9a6e2463@group-C6933685B048-LeaderElection50] INFO  server.RaftServerConfigKeys (ConfUtils.java:logGet(46)) - raft.server.log.appender.buffer.element-limit = 1 (custom)
2024-02-22 20:33:46,817 [c30fedce-f286-40e0-881d-3d5a9a6e2463@group-C6933685B048-LeaderElection50] INFO  server.RaftServerConfigKeys (ConfUtils.java:logGet(46)) - raft.server.log.appender.wait-time.min = 0μs (custom)
2024-02-22 20:33:46,817 [c30fedce-f286-40e0-881d-3d5a9a6e2463@group-C6933685B048-LeaderElection50] INFO  grpc.GrpcConfigKeys (ConfUtils.java:logGet(46)) - raft.grpc.server.leader.outstanding.appends.max = 8 (default)
2024-02-22 20:33:46,817 [c30fedce-f286-40e0-881d-3d5a9a6e2463@group-C6933685B048-LeaderElection50] INFO  server.RaftServerConfigKeys (ConfUtils.java:logGet(46)) - raft.server.rpc.request.timeout = 60s (custom)
2024-02-22 20:33:46,817 [c30fedce-f286-40e0-881d-3d5a9a6e2463@group-C6933685B048-LeaderElection50] INFO  grpc.GrpcConfigKeys (ConfUtils.java:logGet(46)) - raft.grpc.server.install_snapshot.request.element-limit = 8 (default)
2024-02-22 20:33:46,817 [c30fedce-f286-40e0-881d-3d5a9a6e2463@group-C6933685B048-LeaderElection50] INFO  grpc.GrpcConfigKeys (ConfUtils.java:logGet(46)) - raft.grpc.server.install_snapshot.request.timeout = 3000ms (default)
2024-02-22 20:33:46,817 [c30fedce-f286-40e0-881d-3d5a9a6e2463@group-C6933685B048-LeaderElection50] INFO  grpc.GrpcConfigKeys (ConfUtils.java:logGet(46)) - raft.grpc.server.log-message.batch.duration = 5s (default)
2024-02-22 20:33:46,817 [c30fedce-f286-40e0-881d-3d5a9a6e2463@group-C6933685B048-LeaderElection50] INFO  server.RaftServerConfigKeys (ConfUtils.java:logGet(46)) - raft.server.log.appender.install.snapshot.enabled = false (custom)
2024-02-22 20:33:46,817 [c30fedce-f286-40e0-881d-3d5a9a6e2463@group-C6933685B048-LeaderElection50] INFO  grpc.GrpcConfigKeys (ConfUtils.java:logGet(46)) - raft.grpc.server.heartbeat.channel = true (default)
2024-02-22 20:33:46,818 [c30fedce-f286-40e0-881d-3d5a9a6e2463@group-C6933685B048-LeaderElection50] INFO  server.RaftServerConfigKeys (ConfUtils.java:logGet(46)) - raft.server.log.appender.snapshot.chunk.size.max = 16MB (=16777216) (default)
2024-02-22 20:33:46,820 [c30fedce-f286-40e0-881d-3d5a9a6e2463@group-C6933685B048-LeaderElection50] INFO  server.RaftServerConfigKeys (ConfUtils.java:logGet(46)) - raft.server.log.appender.buffer.byte-limit = 8388608 (custom)
2024-02-22 20:33:46,820 [c30fedce-f286-40e0-881d-3d5a9a6e2463@group-C6933685B048-LeaderElection50] INFO  server.RaftServerConfigKeys (ConfUtils.java:logGet(46)) - raft.server.log.appender.buffer.element-limit = 1 (custom)
2024-02-22 20:33:46,821 [c30fedce-f286-40e0-881d-3d5a9a6e2463@group-C6933685B048-LeaderElection50] INFO  server.RaftServerConfigKeys (ConfUtils.java:logGet(46)) - raft.server.log.appender.wait-time.min = 0μs (custom)
2024-02-22 20:33:46,821 [c30fedce-f286-40e0-881d-3d5a9a6e2463@group-C6933685B048-LeaderElection50] INFO  grpc.GrpcConfigKeys (ConfUtils.java:logGet(46)) - raft.grpc.server.leader.outstanding.appends.max = 8 (default)
2024-02-22 20:33:46,821 [c30fedce-f286-40e0-881d-3d5a9a6e2463@group-C6933685B048-LeaderElection50] INFO  server.RaftServerConfigKeys (ConfUtils.java:logGet(46)) - raft.server.rpc.request.timeout = 60s (custom)
2024-02-22 20:33:46,822 [c30fedce-f286-40e0-881d-3d5a9a6e2463@group-C6933685B048-LeaderElection50] INFO  grpc.GrpcConfigKeys (ConfUtils.java:logGet(46)) - raft.grpc.server.install_snapshot.request.element-limit = 8 (default)
2024-02-22 20:33:46,822 [c30fedce-f286-40e0-881d-3d5a9a6e2463@group-C6933685B048-LeaderElection50] INFO  grpc.GrpcConfigKeys (ConfUtils.java:logGet(46)) - raft.grpc.server.install_snapshot.request.timeout = 3000ms (default)
2024-02-22 20:33:46,822 [c30fedce-f286-40e0-881d-3d5a9a6e2463@group-C6933685B048-LeaderElection50] INFO  grpc.GrpcConfigKeys (ConfUtils.java:logGet(46)) - raft.grpc.server.log-message.batch.duration = 5s (default)
2024-02-22 20:33:46,822 [c30fedce-f286-40e0-881d-3d5a9a6e2463@group-C6933685B048-LeaderElection50] INFO  server.RaftServerConfigKeys (ConfUtils.java:logGet(46)) - raft.server.log.appender.install.snapshot.enabled = false (custom)
2024-02-22 20:33:46,822 [c30fedce-f286-40e0-881d-3d5a9a6e2463@group-C6933685B048-LeaderElection50] INFO  grpc.GrpcConfigKeys (ConfUtils.java:logGet(46)) - raft.grpc.server.heartbeat.channel = true (default)
2024-02-22 20:33:46,823 [c30fedce-f286-40e0-881d-3d5a9a6e2463@group-C6933685B048-LeaderElection50] INFO  impl.RoleInfo (RoleInfo.java:updateAndGet(139)) - c30fedce-f286-40e0-881d-3d5a9a6e2463: start c30fedce-f286-40e0-881d-3d5a9a6e2463@group-C6933685B048-LeaderStateImpl
2024-02-22 20:33:46,823 [c30fedce-f286-40e0-881d-3d5a9a6e2463@group-C6933685B048-LeaderElection50] INFO  server.RaftServer$Division (RaftServerImpl.java:setFirstElection(574)) - c30fedce-f286-40e0-881d-3d5a9a6e2463@group-C6933685B048: set firstElectionSinceStartup to false for becomeLeader
2024-02-22 20:33:46,823 [c30fedce-f286-40e0-881d-3d5a9a6e2463@group-C6933685B048-LeaderElection50] INFO  ratis.XceiverServerRatis (XceiverServerRatis.java:handleLeaderChangedNotification(966)) - Leader change notification received for group: group-C6933685B048 with new leaderId: c30fedce-f286-40e0-881d-3d5a9a6e2463
2024-02-22 20:33:46,823 [c30fedce-f286-40e0-881d-3d5a9a6e2463@group-C6933685B048-LeaderElection50] INFO  server.RaftServer$Division (ServerState.java:setLeader(269)) - c30fedce-f286-40e0-881d-3d5a9a6e2463@group-C6933685B048: change Leader from null to c30fedce-f286-40e0-881d-3d5a9a6e2463 at term 1 for becomeLeader, leader elected after 5406ms
2024-02-22 20:33:46,823 [c30fedce-f286-40e0-881d-3d5a9a6e2463@group-C6933685B048-LeaderElection50] INFO  segmented.SegmentedRaftLogWorker (SegmentedRaftLogWorker.java:startLogSegment(430)) - c30fedce-f286-40e0-881d-3d5a9a6e2463@group-C6933685B048-SegmentedRaftLogWorker: Starting segment from index:0
2024-02-22 20:33:46,823 [c30fedce-f286-40e0-881d-3d5a9a6e2463@group-C6933685B048-SegmentedRaftLogWorker] INFO  segmented.BufferedWriteChannel (BufferedWriteChannel.java:open(62)) - open log_inprogress_0 at position 0
2024-02-22 20:33:46,824 [e780b093-7242-46d7-bd8f-0f810188c7b3@group-AFFC1E458E84-SegmentedRaftLogWorker] INFO  segmented.SegmentedRaftLogWorker (SegmentedRaftLogWorker.java:execute(634)) - e780b093-7242-46d7-bd8f-0f810188c7b3@group-AFFC1E458E84-SegmentedRaftLogWorker: created new log segment /home/runner/work/ozone/ozone/hadoop-ozone/integration-test/target/test-dir/MiniOzoneClusterImpl-a0fc024b-a492-45a5-9697-b0d14f72cb5c/datanode-9/data/ratis/7a70ea48-d71a-4b2b-bc50-affc1e458e84/current/log_inprogress_0
2024-02-22 20:33:46,825 [e46a6e51-795f-4801-a523-c45a6c7f2c34@group-AFFC1E458E84-StateMachineUpdater] INFO  server.RaftServer$Division (LeaderStateImpl.java:isApplied(320)) - leader is ready since appliedIndex == 0 >= startIndex == 0
2024-02-22 20:33:46,825 [78f89d9b-e409-4704-890b-bfcfbcdfd28a@group-17BC54520CE5-StateMachineUpdater] INFO  server.RaftServer$Division (LeaderStateImpl.java:isApplied(320)) - leader is ready since appliedIndex == 0 >= startIndex == 0
2024-02-22 20:33:46,825 [dc26353c-d48a-467d-89cd-3a7c4b626396@group-34E96220011A-SegmentedRaftLogWorker] INFO  segmented.SegmentedRaftLogWorker (SegmentedRaftLogWorker.java:execute(634)) - dc26353c-d48a-467d-89cd-3a7c4b626396@group-34E96220011A-SegmentedRaftLogWorker: created new log segment /home/runner/work/ozone/ozone/hadoop-ozone/integration-test/target/test-dir/MiniOzoneClusterImpl-a0fc024b-a492-45a5-9697-b0d14f72cb5c/datanode-4/data/ratis/b7d85f91-fa2f-4c6c-8457-34e96220011a/current/log_inprogress_0
2024-02-22 20:33:46,825 [EventQueue-PipelineReportForPipelineReportHandler] INFO  pipeline.PipelineReportHandler (PipelineReportHandler.java:processPipelineReport(136)) - Opened pipeline PipelineID=724f0737-a92a-4fca-96d8-c6933685b048
2024-02-22 20:33:46,826 [c30fedce-f286-40e0-881d-3d5a9a6e2463@group-34E96220011A-SegmentedRaftLogWorker] INFO  segmented.SegmentedRaftLogWorker (SegmentedRaftLogWorker.java:execute(634)) - c30fedce-f286-40e0-881d-3d5a9a6e2463@group-34E96220011A-SegmentedRaftLogWorker: created new log segment /home/runner/work/ozone/ozone/hadoop-ozone/integration-test/target/test-dir/MiniOzoneClusterImpl-a0fc024b-a492-45a5-9697-b0d14f72cb5c/datanode-6/data/ratis/b7d85f91-fa2f-4c6c-8457-34e96220011a/current/log_inprogress_0
2024-02-22 20:33:46,826 [c30fedce-f286-40e0-881d-3d5a9a6e2463@group-C6933685B048-LeaderElection50] INFO  server.RaftServer$Division (ServerState.java:setRaftConf(386)) - c30fedce-f286-40e0-881d-3d5a9a6e2463@group-C6933685B048: set configuration 0: peers:[86ab988c-fa9c-425d-a1c6-9004ff7fd93d|10.1.0.33:15059, c30fedce-f286-40e0-881d-3d5a9a6e2463|10.1.0.33:15068, 13f92446-3b18-4d81-bc66-0f9b00220e72|10.1.0.33:15077]|listeners:[], old=null
2024-02-22 20:33:46,827 [grpc-default-executor-1] WARN  server.GrpcLogAppender (LogUtils.java:warn(121)) - c30fedce-f286-40e0-881d-3d5a9a6e2463@group-C6933685B048->13f92446-3b18-4d81-bc66-0f9b00220e72-AppendLogResponseHandler: Failed appendEntries: org.apache.ratis.thirdparty.io.grpc.StatusRuntimeException: UNAVAILABLE: io exception
2024-02-22 20:33:46,828 [grpc-default-executor-1] WARN  server.GrpcLogAppender (GrpcLogAppender.java:lambda$resetClient$1(217)) - c30fedce-f286-40e0-881d-3d5a9a6e2463@group-C6933685B048->13f92446-3b18-4d81-bc66-0f9b00220e72-GrpcLogAppender: Follower failed (request=null, errorCount=1); keep nextIndex (0) unchanged and retry.
2024-02-22 20:33:46,832 [86ab988c-fa9c-425d-a1c6-9004ff7fd93d@group-34E96220011A-StateMachineUpdater] INFO  server.RaftServer$Division (LeaderStateImpl.java:isApplied(320)) - leader is ready since appliedIndex == 0 >= startIndex == 0
2024-02-22 20:33:46,834 [c30fedce-f286-40e0-881d-3d5a9a6e2463@group-C6933685B048-SegmentedRaftLogWorker] INFO  segmented.SegmentedRaftLogWorker (SegmentedRaftLogWorker.java:execute(634)) - c30fedce-f286-40e0-881d-3d5a9a6e2463@group-C6933685B048-SegmentedRaftLogWorker: created new log segment /home/runner/work/ozone/ozone/hadoop-ozone/integration-test/target/test-dir/MiniOzoneClusterImpl-a0fc024b-a492-45a5-9697-b0d14f72cb5c/datanode-6/data/ratis/724f0737-a92a-4fca-96d8-c6933685b048/current/log_inprogress_0
2024-02-22 20:33:46,835 [86ab988c-fa9c-425d-a1c6-9004ff7fd93d-server-thread1] INFO  ratis.XceiverServerRatis (XceiverServerRatis.java:handleLeaderChangedNotification(966)) - Leader change notification received for group: group-C6933685B048 with new leaderId: c30fedce-f286-40e0-881d-3d5a9a6e2463
2024-02-22 20:33:46,835 [86ab988c-fa9c-425d-a1c6-9004ff7fd93d-server-thread1] INFO  server.RaftServer$Division (ServerState.java:setLeader(269)) - 86ab988c-fa9c-425d-a1c6-9004ff7fd93d@group-C6933685B048: change Leader from null to c30fedce-f286-40e0-881d-3d5a9a6e2463 at term 1 for appendEntries, leader elected after 5130ms
2024-02-22 20:33:46,836 [86ab988c-fa9c-425d-a1c6-9004ff7fd93d-server-thread2] INFO  server.RaftServer$Division (ServerState.java:setRaftConf(386)) - 86ab988c-fa9c-425d-a1c6-9004ff7fd93d@group-C6933685B048: set configuration 0: peers:[86ab988c-fa9c-425d-a1c6-9004ff7fd93d|10.1.0.33:15059, c30fedce-f286-40e0-881d-3d5a9a6e2463|10.1.0.33:15068, 13f92446-3b18-4d81-bc66-0f9b00220e72|10.1.0.33:15077]|listeners:[], old=null
2024-02-22 20:33:46,836 [86ab988c-fa9c-425d-a1c6-9004ff7fd93d-server-thread2] INFO  segmented.SegmentedRaftLogWorker (SegmentedRaftLogWorker.java:startLogSegment(430)) - 86ab988c-fa9c-425d-a1c6-9004ff7fd93d@group-C6933685B048-SegmentedRaftLogWorker: Starting segment from index:0
2024-02-22 20:33:46,837 [86ab988c-fa9c-425d-a1c6-9004ff7fd93d@group-C6933685B048-SegmentedRaftLogWorker] INFO  segmented.BufferedWriteChannel (BufferedWriteChannel.java:open(62)) - open log_inprogress_0 at position 0
2024-02-22 20:33:46,840 [e780b093-7242-46d7-bd8f-0f810188c7b3@group-0722226B2D74-FollowerState] INFO  impl.FollowerState (FollowerState.java:run(143)) - e780b093-7242-46d7-bd8f-0f810188c7b3@group-0722226B2D74-FollowerState: change to CANDIDATE, lastRpcElapsedTime:5029135771ns, electionTimeout:5000ms
2024-02-22 20:33:46,840 [e780b093-7242-46d7-bd8f-0f810188c7b3@group-0722226B2D74-FollowerState] INFO  impl.RoleInfo (RoleInfo.java:shutdownFollowerState(110)) - e780b093-7242-46d7-bd8f-0f810188c7b3: shutdown e780b093-7242-46d7-bd8f-0f810188c7b3@group-0722226B2D74-FollowerState
2024-02-22 20:33:46,841 [e780b093-7242-46d7-bd8f-0f810188c7b3@group-0722226B2D74-FollowerState] INFO  server.RaftServer$Division (RaftServerImpl.java:setRole(383)) - e780b093-7242-46d7-bd8f-0f810188c7b3@group-0722226B2D74: changes role from  FOLLOWER to CANDIDATE at term 0 for changeToCandidate
2024-02-22 20:33:46,841 [e780b093-7242-46d7-bd8f-0f810188c7b3@group-0722226B2D74-FollowerState] INFO  server.RaftServerConfigKeys (ConfUtils.java:logGet(46)) - raft.server.leaderelection.pre-vote = true (default)
2024-02-22 20:33:46,841 [e780b093-7242-46d7-bd8f-0f810188c7b3@group-0722226B2D74-FollowerState] INFO  impl.RoleInfo (RoleInfo.java:updateAndGet(139)) - e780b093-7242-46d7-bd8f-0f810188c7b3: start e780b093-7242-46d7-bd8f-0f810188c7b3@group-0722226B2D74-LeaderElection52
2024-02-22 20:33:46,841 [e780b093-7242-46d7-bd8f-0f810188c7b3@group-0722226B2D74-LeaderElection52] INFO  impl.LeaderElection (LeaderElection.java:askForVotes(321)) - e780b093-7242-46d7-bd8f-0f810188c7b3@group-0722226B2D74-LeaderElection52 PRE_VOTE round 0: submit vote requests at term 0 for -1: peers:[e780b093-7242-46d7-bd8f-0f810188c7b3|10.1.0.33:15095]|listeners:[], old=null
2024-02-22 20:33:46,841 [e780b093-7242-46d7-bd8f-0f810188c7b3@group-0722226B2D74-LeaderElection52] INFO  impl.LeaderElection (LeaderElection.java:askForVotes(323)) - e780b093-7242-46d7-bd8f-0f810188c7b3@group-0722226B2D74-LeaderElection52 PRE_VOTE round 0: result PASSED (term=0)
2024-02-22 20:33:46,845 [e46a6e51-795f-4801-a523-c45a6c7f2c34@group-C11F3E838557-FollowerState] INFO  impl.FollowerState (FollowerState.java:run(143)) - e46a6e51-795f-4801-a523-c45a6c7f2c34@group-C11F3E838557-FollowerState: change to CANDIDATE, lastRpcElapsedTime:5006156921ns, electionTimeout:5001ms
2024-02-22 20:33:46,845 [e46a6e51-795f-4801-a523-c45a6c7f2c34@group-C11F3E838557-FollowerState] INFO  impl.RoleInfo (RoleInfo.java:shutdownFollowerState(110)) - e46a6e51-795f-4801-a523-c45a6c7f2c34: shutdown e46a6e51-795f-4801-a523-c45a6c7f2c34@group-C11F3E838557-FollowerState
2024-02-22 20:33:46,845 [e46a6e51-795f-4801-a523-c45a6c7f2c34@group-C11F3E838557-FollowerState] INFO  server.RaftServer$Division (RaftServerImpl.java:setRole(383)) - e46a6e51-795f-4801-a523-c45a6c7f2c34@group-C11F3E838557: changes role from  FOLLOWER to CANDIDATE at term 0 for changeToCandidate
2024-02-22 20:33:46,845 [e46a6e51-795f-4801-a523-c45a6c7f2c34@group-C11F3E838557-FollowerState] INFO  server.RaftServerConfigKeys (ConfUtils.java:logGet(46)) - raft.server.leaderelection.pre-vote = true (default)
2024-02-22 20:33:46,845 [e46a6e51-795f-4801-a523-c45a6c7f2c34@group-C11F3E838557-FollowerState] INFO  impl.RoleInfo (RoleInfo.java:updateAndGet(139)) - e46a6e51-795f-4801-a523-c45a6c7f2c34: start e46a6e51-795f-4801-a523-c45a6c7f2c34@group-C11F3E838557-LeaderElection53
2024-02-22 20:33:46,846 [e46a6e51-795f-4801-a523-c45a6c7f2c34@group-C11F3E838557-LeaderElection53] INFO  impl.LeaderElection (LeaderElection.java:askForVotes(321)) - e46a6e51-795f-4801-a523-c45a6c7f2c34@group-C11F3E838557-LeaderElection53 PRE_VOTE round 0: submit vote requests at term 0 for -1: peers:[e46a6e51-795f-4801-a523-c45a6c7f2c34|10.1.0.33:15014, d25dc3b0-28fc-4383-b1a0-617845025f41|10.1.0.33:15032, 4e8f68d6-fd98-4f77-87e3-715939181693|10.1.0.33:15041]|listeners:[], old=null
2024-02-22 20:33:46,847 [e780b093-7242-46d7-bd8f-0f810188c7b3@group-0722226B2D74-LeaderElection52] INFO  impl.LeaderElection (LeaderElection.java:askForVotes(321)) - e780b093-7242-46d7-bd8f-0f810188c7b3@group-0722226B2D74-LeaderElection52 ELECTION round 0: submit vote requests at term 1 for -1: peers:[e780b093-7242-46d7-bd8f-0f810188c7b3|10.1.0.33:15095]|listeners:[], old=null
2024-02-22 20:33:46,847 [e780b093-7242-46d7-bd8f-0f810188c7b3@group-0722226B2D74-LeaderElection52] INFO  impl.LeaderElection (LeaderElection.java:askForVotes(323)) - e780b093-7242-46d7-bd8f-0f810188c7b3@group-0722226B2D74-LeaderElection52 ELECTION round 0: result PASSED (term=1)
2024-02-22 20:33:46,847 [86ab988c-fa9c-425d-a1c6-9004ff7fd93d@group-C6933685B048-SegmentedRaftLogWorker] INFO  segmented.SegmentedRaftLogWorker (SegmentedRaftLogWorker.java:execute(634)) - 86ab988c-fa9c-425d-a1c6-9004ff7fd93d@group-C6933685B048-SegmentedRaftLogWorker: created new log segment /home/runner/work/ozone/ozone/hadoop-ozone/integration-test/target/test-dir/MiniOzoneClusterImpl-a0fc024b-a492-45a5-9697-b0d14f72cb5c/datanode-5/data/ratis/724f0737-a92a-4fca-96d8-c6933685b048/current/log_inprogress_0
2024-02-22 20:33:46,847 [e780b093-7242-46d7-bd8f-0f810188c7b3@group-0722226B2D74-LeaderElection52] INFO  impl.RoleInfo (RoleInfo.java:shutdownLeaderElection(130)) - e780b093-7242-46d7-bd8f-0f810188c7b3: shutdown e780b093-7242-46d7-bd8f-0f810188c7b3@group-0722226B2D74-LeaderElection52
2024-02-22 20:33:46,847 [e780b093-7242-46d7-bd8f-0f810188c7b3@group-0722226B2D74-LeaderElection52] INFO  server.RaftServer$Division (RaftServerImpl.java:setRole(383)) - e780b093-7242-46d7-bd8f-0f810188c7b3@group-0722226B2D74: changes role from CANDIDATE to LEADER at term 1 for changeToLeader
2024-02-22 20:33:46,847 [e780b093-7242-46d7-bd8f-0f810188c7b3@group-0722226B2D74-LeaderElection52] INFO  server.RaftServerConfigKeys (ConfUtils.java:logGet(46)) - raft.server.staging.catchup.gap = 1000 (default)
2024-02-22 20:33:46,848 [e780b093-7242-46d7-bd8f-0f810188c7b3@group-0722226B2D74-LeaderElection52] INFO  server.RaftServerConfigKeys (ConfUtils.java:logGet(46)) - raft.server.write.element-limit = 1024 (custom)
2024-02-22 20:33:46,849 [e780b093-7242-46d7-bd8f-0f810188c7b3@group-0722226B2D74-LeaderElection52] INFO  server.RaftServerConfigKeys (ConfUtils.java:logGet(46)) - raft.server.write.byte-limit = 1024 M (=1073741824) (custom)
2024-02-22 20:33:46,849 [e780b093-7242-46d7-bd8f-0f810188c7b3@group-0722226B2D74-LeaderElection52] INFO  server.RaftServerConfigKeys (ConfUtils.java:logGet(46)) - raft.server.watch.timeout = 180s (custom)
2024-02-22 20:33:46,849 [e780b093-7242-46d7-bd8f-0f810188c7b3@group-0722226B2D74-LeaderElection52] INFO  server.RaftServerConfigKeys (ConfUtils.java:logGet(46)) - raft.server.watch.timeout.denomination = 1s (default)
2024-02-22 20:33:46,849 [e780b093-7242-46d7-bd8f-0f810188c7b3@group-0722226B2D74-LeaderElection52] INFO  server.RaftServerConfigKeys (ConfUtils.java:logGet(46)) - raft.server.watch.element-limit = 65536 (default)
2024-02-22 20:33:46,849 [e780b093-7242-46d7-bd8f-0f810188c7b3@group-0722226B2D74-LeaderElection52] INFO  server.RaftServerConfigKeys (ConfUtils.java:logGet(46)) - raft.server.read.leader.lease.enabled = false (default)
2024-02-22 20:33:46,849 [e780b093-7242-46d7-bd8f-0f810188c7b3@group-0722226B2D74-LeaderElection52] INFO  server.RaftServerConfigKeys (ConfUtils.java:logGet(46)) - raft.server.read.leader.lease.timeout.ratio = 0.9 (default)
2024-02-22 20:33:46,849 [e780b093-7242-46d7-bd8f-0f810188c7b3@group-0722226B2D74-LeaderElection52] INFO  server.RaftServerConfigKeys (ConfUtils.java:logGet(46)) - raft.server.rpc.timeout.min = 5s (custom)
2024-02-22 20:33:46,849 [e780b093-7242-46d7-bd8f-0f810188c7b3@group-0722226B2D74-LeaderElection52] INFO  server.RaftServerConfigKeys (ConfUtils.java:logGet(46)) - raft.server.write.element-limit = 1024 (custom)
2024-02-22 20:33:46,849 [e780b093-7242-46d7-bd8f-0f810188c7b3@group-0722226B2D74-LeaderElection52] INFO  server.RaftServerConfigKeys (ConfUtils.java:logGet(46)) - raft.server.write.follower.gap.ratio.max = -1.0 (default)
2024-02-22 20:33:46,849 [e780b093-7242-46d7-bd8f-0f810188c7b3@group-0722226B2D74-LeaderElection52] INFO  impl.RoleInfo (RoleInfo.java:updateAndGet(139)) - e780b093-7242-46d7-bd8f-0f810188c7b3: start e780b093-7242-46d7-bd8f-0f810188c7b3@group-0722226B2D74-LeaderStateImpl
2024-02-22 20:33:46,849 [e780b093-7242-46d7-bd8f-0f810188c7b3@group-0722226B2D74-LeaderElection52] INFO  server.RaftServer$Division (RaftServerImpl.java:setFirstElection(574)) - e780b093-7242-46d7-bd8f-0f810188c7b3@group-0722226B2D74: set firstElectionSinceStartup to false for becomeLeader
2024-02-22 20:33:46,850 [e780b093-7242-46d7-bd8f-0f810188c7b3@group-0722226B2D74-LeaderElection52] INFO  ratis.XceiverServerRatis (XceiverServerRatis.java:handleLeaderChangedNotification(966)) - Leader change notification received for group: group-0722226B2D74 with new leaderId: e780b093-7242-46d7-bd8f-0f810188c7b3
2024-02-22 20:33:46,850 [e780b093-7242-46d7-bd8f-0f810188c7b3@group-0722226B2D74-LeaderElection52] INFO  server.RaftServer$Division (ServerState.java:setLeader(269)) - e780b093-7242-46d7-bd8f-0f810188c7b3@group-0722226B2D74: change Leader from null to e780b093-7242-46d7-bd8f-0f810188c7b3 at term 1 for becomeLeader, leader elected after 5153ms
2024-02-22 20:33:46,850 [e780b093-7242-46d7-bd8f-0f810188c7b3@group-0722226B2D74-LeaderElection52] INFO  segmented.SegmentedRaftLogWorker (SegmentedRaftLogWorker.java:startLogSegment(430)) - e780b093-7242-46d7-bd8f-0f810188c7b3@group-0722226B2D74-SegmentedRaftLogWorker: Starting segment from index:0
2024-02-22 20:33:46,854 [c30fedce-f286-40e0-881d-3d5a9a6e2463@group-C6933685B048-StateMachineUpdater] INFO  server.RaftServer$Division (LeaderStateImpl.java:isApplied(320)) - leader is ready since appliedIndex == 0 >= startIndex == 0
2024-02-22 20:33:46,855 [e46a6e51-795f-4801-a523-c45a6c7f2c34@group-C11F3E838557-LeaderElection53] INFO  server.RaftServerConfigKeys (ConfUtils.java:logFallback(53)) - raft.server.rpc.first-election.timeout.min = 5s (fallback to raft.server.rpc.timeout.min)
2024-02-22 20:33:46,855 [e46a6e51-795f-4801-a523-c45a6c7f2c34@group-C11F3E838557-LeaderElection53] INFO  server.RaftServerConfigKeys (ConfUtils.java:logFallback(53)) - raft.server.rpc.first-election.timeout.max = 5200ms (fallback to raft.server.rpc.timeout.max)
2024-02-22 20:33:46,856 [grpc-default-executor-13] INFO  server.RaftServer$Division (RaftServerImpl.java:requestVote(1389)) - d25dc3b0-28fc-4383-b1a0-617845025f41@group-C11F3E838557: receive requestVote(PRE_VOTE, e46a6e51-795f-4801-a523-c45a6c7f2c34, group-C11F3E838557, 0, (t:0, i:0))
2024-02-22 20:33:46,856 [e46a6e51-795f-4801-a523-c45a6c7f2c34@group-C11F3E838557-LeaderElection53-2] INFO  server.GrpcServerProtocolClient (GrpcServerProtocolClient.java:<init>(65)) - Build channel for 4e8f68d6-fd98-4f77-87e3-715939181693|10.1.0.33:15041
2024-02-22 20:33:46,856 [grpc-default-executor-13] INFO  impl.VoteContext (VoteContext.java:log(49)) - d25dc3b0-28fc-4383-b1a0-617845025f41@group-C11F3E838557-FOLLOWER: accept PRE_VOTE from e46a6e51-795f-4801-a523-c45a6c7f2c34: our priority 0 <= candidate's priority 1
2024-02-22 20:33:46,857 [grpc-default-executor-13] INFO  server.RaftServer$Division (RaftServerImpl.java:requestVote(1422)) - d25dc3b0-28fc-4383-b1a0-617845025f41@group-C11F3E838557 replies to PRE_VOTE vote request: e46a6e51-795f-4801-a523-c45a6c7f2c34<-d25dc3b0-28fc-4383-b1a0-617845025f41#0:OK-t0. Peer's state: d25dc3b0-28fc-4383-b1a0-617845025f41@group-C11F3E838557:t0, leader=null, voted=, raftlog=Memoized:d25dc3b0-28fc-4383-b1a0-617845025f41@group-C11F3E838557-SegmentedRaftLog:OPENED:c-1, conf=-1: peers:[e46a6e51-795f-4801-a523-c45a6c7f2c34|10.1.0.33:15014, d25dc3b0-28fc-4383-b1a0-617845025f41|10.1.0.33:15032, 4e8f68d6-fd98-4f77-87e3-715939181693|10.1.0.33:15041]|listeners:[], old=null
2024-02-22 20:33:46,855 [e780b093-7242-46d7-bd8f-0f810188c7b3@group-0722226B2D74-SegmentedRaftLogWorker] INFO  segmented.BufferedWriteChannel (BufferedWriteChannel.java:open(62)) - open log_inprogress_0 at position 0
2024-02-22 20:33:46,858 [e46a6e51-795f-4801-a523-c45a6c7f2c34@group-C11F3E838557-LeaderElection53] INFO  impl.LeaderElection (LeaderElection.java:logAndReturn(89)) - e46a6e51-795f-4801-a523-c45a6c7f2c34@group-C11F3E838557-LeaderElection53: PRE_VOTE PASSED received 1 response(s) and 0 exception(s):
2024-02-22 20:33:46,858 [e46a6e51-795f-4801-a523-c45a6c7f2c34@group-C11F3E838557-LeaderElection53] INFO  impl.LeaderElection (LeaderElection.java:logAndReturn(93)) -   Response 0: e46a6e51-795f-4801-a523-c45a6c7f2c34<-d25dc3b0-28fc-4383-b1a0-617845025f41#0:OK-t0
2024-02-22 20:33:46,859 [e46a6e51-795f-4801-a523-c45a6c7f2c34@group-C11F3E838557-LeaderElection53] INFO  impl.LeaderElection (LeaderElection.java:askForVotes(323)) - e46a6e51-795f-4801-a523-c45a6c7f2c34@group-C11F3E838557-LeaderElection53 PRE_VOTE round 0: result PASSED
2024-02-22 20:33:46,857 [78f89d9b-e409-4704-890b-bfcfbcdfd28a@group-B62AC99FA1E0-FollowerState] INFO  impl.FollowerState (FollowerState.java:run(143)) - 78f89d9b-e409-4704-890b-bfcfbcdfd28a@group-B62AC99FA1E0-FollowerState: change to CANDIDATE, lastRpcElapsedTime:5056669593ns, electionTimeout:5041ms
2024-02-22 20:33:46,866 [78f89d9b-e409-4704-890b-bfcfbcdfd28a@group-B62AC99FA1E0-FollowerState] INFO  impl.RoleInfo (RoleInfo.java:shutdownFollowerState(110)) - 78f89d9b-e409-4704-890b-bfcfbcdfd28a: shutdown 78f89d9b-e409-4704-890b-bfcfbcdfd28a@group-B62AC99FA1E0-FollowerState
2024-02-22 20:33:46,866 [78f89d9b-e409-4704-890b-bfcfbcdfd28a@group-B62AC99FA1E0-FollowerState] INFO  server.RaftServer$Division (RaftServerImpl.java:setRole(383)) - 78f89d9b-e409-4704-890b-bfcfbcdfd28a@group-B62AC99FA1E0: changes role from  FOLLOWER to CANDIDATE at term 0 for changeToCandidate
2024-02-22 20:33:46,866 [78f89d9b-e409-4704-890b-bfcfbcdfd28a@group-B62AC99FA1E0-FollowerState] INFO  server.RaftServerConfigKeys (ConfUtils.java:logGet(46)) - raft.server.leaderelection.pre-vote = true (default)
2024-02-22 20:33:46,866 [78f89d9b-e409-4704-890b-bfcfbcdfd28a@group-B62AC99FA1E0-FollowerState] INFO  impl.RoleInfo (RoleInfo.java:updateAndGet(139)) - 78f89d9b-e409-4704-890b-bfcfbcdfd28a: start 78f89d9b-e409-4704-890b-bfcfbcdfd28a@group-B62AC99FA1E0-LeaderElection54
2024-02-22 20:33:46,863 [grpc-default-executor-13] INFO  server.RaftServer$Division (RaftServerImpl.java:requestVote(1389)) - 4e8f68d6-fd98-4f77-87e3-715939181693@group-C11F3E838557: receive requestVote(PRE_VOTE, e46a6e51-795f-4801-a523-c45a6c7f2c34, group-C11F3E838557, 0, (t:0, i:0))
2024-02-22 20:33:46,867 [78f89d9b-e409-4704-890b-bfcfbcdfd28a@group-B62AC99FA1E0-LeaderElection54] INFO  impl.LeaderElection (LeaderElection.java:askForVotes(321)) - 78f89d9b-e409-4704-890b-bfcfbcdfd28a@group-B62AC99FA1E0-LeaderElection54 PRE_VOTE round 0: submit vote requests at term 0 for -1: peers:[78f89d9b-e409-4704-890b-bfcfbcdfd28a|10.1.0.33:15086, e780b093-7242-46d7-bd8f-0f810188c7b3|10.1.0.33:15095, 13f92446-3b18-4d81-bc66-0f9b00220e72|10.1.0.33:15077]|listeners:[], old=null
2024-02-22 20:33:46,867 [e46a6e51-795f-4801-a523-c45a6c7f2c34@group-C11F3E838557-LeaderElection53] INFO  impl.LeaderElection (LeaderElection.java:askForVotes(321)) - e46a6e51-795f-4801-a523-c45a6c7f2c34@group-C11F3E838557-LeaderElection53 ELECTION round 0: submit vote requests at term 1 for -1: peers:[e46a6e51-795f-4801-a523-c45a6c7f2c34|10.1.0.33:15014, d25dc3b0-28fc-4383-b1a0-617845025f41|10.1.0.33:15032, 4e8f68d6-fd98-4f77-87e3-715939181693|10.1.0.33:15041]|listeners:[], old=null
2024-02-22 20:33:46,862 [e780b093-7242-46d7-bd8f-0f810188c7b3@group-0722226B2D74-LeaderElection52] INFO  server.RaftServer$Division (ServerState.java:setRaftConf(386)) - e780b093-7242-46d7-bd8f-0f810188c7b3@group-0722226B2D74: set configuration 0: peers:[e780b093-7242-46d7-bd8f-0f810188c7b3|10.1.0.33:15095]|listeners:[], old=null
2024-02-22 20:33:46,867 [e780b093-7242-46d7-bd8f-0f810188c7b3@group-0722226B2D74-SegmentedRaftLogWorker] INFO  segmented.SegmentedRaftLogWorker (SegmentedRaftLogWorker.java:execute(634)) - e780b093-7242-46d7-bd8f-0f810188c7b3@group-0722226B2D74-SegmentedRaftLogWorker: created new log segment /home/runner/work/ozone/ozone/hadoop-ozone/integration-test/target/test-dir/MiniOzoneClusterImpl-a0fc024b-a492-45a5-9697-b0d14f72cb5c/datanode-9/data/ratis/8d5f8f25-b7e1-4606-82d0-0722226b2d74/current/log_inprogress_0
2024-02-22 20:33:46,867 [78f89d9b-e409-4704-890b-bfcfbcdfd28a@group-B62AC99FA1E0-LeaderElection54-1] INFO  server.GrpcServerProtocolClient (GrpcServerProtocolClient.java:<init>(65)) - Build channel for e780b093-7242-46d7-bd8f-0f810188c7b3|10.1.0.33:15095
2024-02-22 20:33:46,867 [grpc-default-executor-13] INFO  impl.VoteContext (VoteContext.java:log(49)) - 4e8f68d6-fd98-4f77-87e3-715939181693@group-C11F3E838557-FOLLOWER: accept PRE_VOTE from e46a6e51-795f-4801-a523-c45a6c7f2c34: our priority 0 <= candidate's priority 1
2024-02-22 20:33:46,867 [grpc-default-executor-13] INFO  server.RaftServer$Division (RaftServerImpl.java:requestVote(1422)) - 4e8f68d6-fd98-4f77-87e3-715939181693@group-C11F3E838557 replies to PRE_VOTE vote request: e46a6e51-795f-4801-a523-c45a6c7f2c34<-4e8f68d6-fd98-4f77-87e3-715939181693#0:OK-t0. Peer's state: 4e8f68d6-fd98-4f77-87e3-715939181693@group-C11F3E838557:t0, leader=null, voted=, raftlog=Memoized:4e8f68d6-fd98-4f77-87e3-715939181693@group-C11F3E838557-SegmentedRaftLog:OPENED:c-1, conf=-1: peers:[e46a6e51-795f-4801-a523-c45a6c7f2c34|10.1.0.33:15014, d25dc3b0-28fc-4383-b1a0-617845025f41|10.1.0.33:15032, 4e8f68d6-fd98-4f77-87e3-715939181693|10.1.0.33:15041]|listeners:[], old=null
2024-02-22 20:33:46,869 [e780b093-7242-46d7-bd8f-0f810188c7b3@group-0722226B2D74-StateMachineUpdater] INFO  server.RaftServer$Division (LeaderStateImpl.java:isApplied(320)) - leader is ready since appliedIndex == 0 >= startIndex == 0
2024-02-22 20:33:46,869 [grpc-default-executor-13] INFO  server.RaftServer$Division (RaftServerImpl.java:requestVote(1389)) - d25dc3b0-28fc-4383-b1a0-617845025f41@group-C11F3E838557: receive requestVote(ELECTION, e46a6e51-795f-4801-a523-c45a6c7f2c34, group-C11F3E838557, 1, (t:0, i:0))
2024-02-22 20:33:46,869 [grpc-default-executor-13] INFO  impl.VoteContext (VoteContext.java:log(49)) - d25dc3b0-28fc-4383-b1a0-617845025f41@group-C11F3E838557-FOLLOWER: accept ELECTION from e46a6e51-795f-4801-a523-c45a6c7f2c34: our priority 0 <= candidate's priority 1
2024-02-22 20:33:46,870 [grpc-default-executor-13] INFO  server.RaftServer$Division (RaftServerImpl.java:setRole(383)) - d25dc3b0-28fc-4383-b1a0-617845025f41@group-C11F3E838557: changes role from  FOLLOWER to FOLLOWER at term 1 for candidate:e46a6e51-795f-4801-a523-c45a6c7f2c34
2024-02-22 20:33:46,870 [grpc-default-executor-13] INFO  impl.RoleInfo (RoleInfo.java:shutdownFollowerState(110)) - d25dc3b0-28fc-4383-b1a0-617845025f41: shutdown d25dc3b0-28fc-4383-b1a0-617845025f41@group-C11F3E838557-FollowerState
2024-02-22 20:33:46,870 [e46a6e51-795f-4801-a523-c45a6c7f2c34@group-C11F3E838557-LeaderElection53] INFO  server.RaftServerConfigKeys (ConfUtils.java:logFallback(53)) - raft.server.rpc.first-election.timeout.min = 5s (fallback to raft.server.rpc.timeout.min)
2024-02-22 20:33:46,870 [e46a6e51-795f-4801-a523-c45a6c7f2c34@group-C11F3E838557-LeaderElection53] INFO  server.RaftServerConfigKeys (ConfUtils.java:logFallback(53)) - raft.server.rpc.first-election.timeout.max = 5200ms (fallback to raft.server.rpc.timeout.max)
2024-02-22 20:33:46,870 [grpc-default-executor-13] INFO  impl.RoleInfo (RoleInfo.java:updateAndGet(139)) - d25dc3b0-28fc-4383-b1a0-617845025f41: start d25dc3b0-28fc-4383-b1a0-617845025f41@group-C11F3E838557-FollowerState
2024-02-22 20:33:46,870 [d25dc3b0-28fc-4383-b1a0-617845025f41@group-C11F3E838557-FollowerState] INFO  impl.FollowerState (FollowerState.java:run(152)) - d25dc3b0-28fc-4383-b1a0-617845025f41@group-C11F3E838557-FollowerState was interrupted
2024-02-22 20:33:46,871 [grpc-default-executor-13] INFO  server.RaftServer$Division (RaftServerImpl.java:setFirstElection(574)) - d25dc3b0-28fc-4383-b1a0-617845025f41@group-C11F3E838557: set firstElectionSinceStartup to false for candidate:e46a6e51-795f-4801-a523-c45a6c7f2c34
2024-02-22 20:33:46,871 [grpc-default-executor-4] INFO  server.RaftServer$Division (RaftServerImpl.java:requestVote(1389)) - 4e8f68d6-fd98-4f77-87e3-715939181693@group-C11F3E838557: receive requestVote(ELECTION, e46a6e51-795f-4801-a523-c45a6c7f2c34, group-C11F3E838557, 1, (t:0, i:0))
2024-02-22 20:33:46,871 [grpc-default-executor-4] INFO  impl.VoteContext (VoteContext.java:log(49)) - 4e8f68d6-fd98-4f77-87e3-715939181693@group-C11F3E838557-FOLLOWER: accept ELECTION from e46a6e51-795f-4801-a523-c45a6c7f2c34: our priority 0 <= candidate's priority 1
2024-02-22 20:33:46,871 [grpc-default-executor-4] INFO  server.RaftServer$Division (RaftServerImpl.java:setRole(383)) - 4e8f68d6-fd98-4f77-87e3-715939181693@group-C11F3E838557: changes role from  FOLLOWER to FOLLOWER at term 1 for candidate:e46a6e51-795f-4801-a523-c45a6c7f2c34
2024-02-22 20:33:46,871 [grpc-default-executor-4] INFO  impl.RoleInfo (RoleInfo.java:shutdownFollowerState(110)) - 4e8f68d6-fd98-4f77-87e3-715939181693: shutdown 4e8f68d6-fd98-4f77-87e3-715939181693@group-C11F3E838557-FollowerState
2024-02-22 20:33:46,872 [78f89d9b-e409-4704-890b-bfcfbcdfd28a@group-B62AC99FA1E0-LeaderElection54] INFO  server.RaftServerConfigKeys (ConfUtils.java:logFallback(53)) - raft.server.rpc.first-election.timeout.min = 5s (fallback to raft.server.rpc.timeout.min)
2024-02-22 20:33:46,872 [78f89d9b-e409-4704-890b-bfcfbcdfd28a@group-B62AC99FA1E0-LeaderElection54] INFO  server.RaftServerConfigKeys (ConfUtils.java:logFallback(53)) - raft.server.rpc.first-election.timeout.max = 5200ms (fallback to raft.server.rpc.timeout.max)
2024-02-22 20:33:46,872 [78f89d9b-e409-4704-890b-bfcfbcdfd28a@group-B62AC99FA1E0-LeaderElection54-2] INFO  server.GrpcServerProtocolClient (GrpcServerProtocolClient.java:<init>(65)) - Build channel for 13f92446-3b18-4d81-bc66-0f9b00220e72|10.1.0.33:15077
2024-02-22 20:33:46,872 [grpc-default-executor-13] INFO  server.RaftServer$Division (RaftServerImpl.java:requestVote(1422)) - d25dc3b0-28fc-4383-b1a0-617845025f41@group-C11F3E838557 replies to ELECTION vote request: e46a6e51-795f-4801-a523-c45a6c7f2c34<-d25dc3b0-28fc-4383-b1a0-617845025f41#0:OK-t1. Peer's state: d25dc3b0-28fc-4383-b1a0-617845025f41@group-C11F3E838557:t1, leader=null, voted=e46a6e51-795f-4801-a523-c45a6c7f2c34, raftlog=Memoized:d25dc3b0-28fc-4383-b1a0-617845025f41@group-C11F3E838557-SegmentedRaftLog:OPENED:c-1, conf=-1: peers:[e46a6e51-795f-4801-a523-c45a6c7f2c34|10.1.0.33:15014, d25dc3b0-28fc-4383-b1a0-617845025f41|10.1.0.33:15032, 4e8f68d6-fd98-4f77-87e3-715939181693|10.1.0.33:15041]|listeners:[], old=null
2024-02-22 20:33:46,873 [e46a6e51-795f-4801-a523-c45a6c7f2c34@group-C11F3E838557-LeaderElection53] INFO  impl.LeaderElection (LeaderElection.java:logAndReturn(89)) - e46a6e51-795f-4801-a523-c45a6c7f2c34@group-C11F3E838557-LeaderElection53: ELECTION PASSED received 1 response(s) and 0 exception(s):
2024-02-22 20:33:46,873 [grpc-default-executor-4] INFO  impl.RoleInfo (RoleInfo.java:updateAndGet(139)) - 4e8f68d6-fd98-4f77-87e3-715939181693: start 4e8f68d6-fd98-4f77-87e3-715939181693@group-C11F3E838557-FollowerState
2024-02-22 20:33:46,873 [e46a6e51-795f-4801-a523-c45a6c7f2c34@group-C11F3E838557-LeaderElection53] INFO  impl.LeaderElection (LeaderElection.java:logAndReturn(93)) -   Response 0: e46a6e51-795f-4801-a523-c45a6c7f2c34<-d25dc3b0-28fc-4383-b1a0-617845025f41#0:OK-t1
2024-02-22 20:33:46,874 [4e8f68d6-fd98-4f77-87e3-715939181693@group-C11F3E838557-FollowerState] INFO  impl.FollowerState (FollowerState.java:run(152)) - 4e8f68d6-fd98-4f77-87e3-715939181693@group-C11F3E838557-FollowerState was interrupted
2024-02-22 20:33:46,874 [grpc-default-executor-4] INFO  server.RaftServer$Division (RaftServerImpl.java:setFirstElection(574)) - 4e8f68d6-fd98-4f77-87e3-715939181693@group-C11F3E838557: set firstElectionSinceStartup to false for candidate:e46a6e51-795f-4801-a523-c45a6c7f2c34
2024-02-22 20:33:46,874 [grpc-default-executor-8] INFO  server.RaftServer$Division (RaftServerImpl.java:requestVote(1389)) - e780b093-7242-46d7-bd8f-0f810188c7b3@group-B62AC99FA1E0: receive requestVote(PRE_VOTE, 78f89d9b-e409-4704-890b-bfcfbcdfd28a, group-B62AC99FA1E0, 0, (t:0, i:0))
2024-02-22 20:33:46,875 [grpc-default-executor-8] INFO  impl.VoteContext (VoteContext.java:log(49)) - e780b093-7242-46d7-bd8f-0f810188c7b3@group-B62AC99FA1E0-FOLLOWER: reject PRE_VOTE from 78f89d9b-e409-4704-890b-bfcfbcdfd28a: our priority 1 > candidate's priority 0
2024-02-22 20:33:46,875 [grpc-default-executor-8] INFO  server.RaftServer$Division (RaftServerImpl.java:requestVote(1422)) - e780b093-7242-46d7-bd8f-0f810188c7b3@group-B62AC99FA1E0 replies to PRE_VOTE vote request: 78f89d9b-e409-4704-890b-bfcfbcdfd28a<-e780b093-7242-46d7-bd8f-0f810188c7b3#0:FAIL-t0. Peer's state: e780b093-7242-46d7-bd8f-0f810188c7b3@group-B62AC99FA1E0:t0, leader=null, voted=, raftlog=Memoized:e780b093-7242-46d7-bd8f-0f810188c7b3@group-B62AC99FA1E0-SegmentedRaftLog:OPENED:c-1, conf=-1: peers:[78f89d9b-e409-4704-890b-bfcfbcdfd28a|10.1.0.33:15086, e780b093-7242-46d7-bd8f-0f810188c7b3|10.1.0.33:15095, 13f92446-3b18-4d81-bc66-0f9b00220e72|10.1.0.33:15077]|listeners:[], old=null
2024-02-22 20:33:46,875 [e46a6e51-795f-4801-a523-c45a6c7f2c34@group-C11F3E838557-LeaderElection53] INFO  impl.LeaderElection (LeaderElection.java:askForVotes(323)) - e46a6e51-795f-4801-a523-c45a6c7f2c34@group-C11F3E838557-LeaderElection53 ELECTION round 0: result PASSED
2024-02-22 20:33:46,875 [e46a6e51-795f-4801-a523-c45a6c7f2c34@group-C11F3E838557-LeaderElection53] INFO  impl.RoleInfo (RoleInfo.java:shutdownLeaderElection(130)) - e46a6e51-795f-4801-a523-c45a6c7f2c34: shutdown e46a6e51-795f-4801-a523-c45a6c7f2c34@group-C11F3E838557-LeaderElection53
2024-02-22 20:33:46,875 [e46a6e51-795f-4801-a523-c45a6c7f2c34@group-C11F3E838557-LeaderElection53] INFO  server.RaftServer$Division (RaftServerImpl.java:setRole(383)) - e46a6e51-795f-4801-a523-c45a6c7f2c34@group-C11F3E838557: changes role from CANDIDATE to LEADER at term 1 for changeToLeader
2024-02-22 20:33:46,875 [e46a6e51-795f-4801-a523-c45a6c7f2c34@group-C11F3E838557-LeaderElection53] INFO  server.RaftServerConfigKeys (ConfUtils.java:logGet(46)) - raft.server.staging.catchup.gap = 1000 (default)
2024-02-22 20:33:46,876 [e46a6e51-795f-4801-a523-c45a6c7f2c34@group-C11F3E838557-LeaderElection53] INFO  server.RaftServerConfigKeys (ConfUtils.java:logGet(46)) - raft.server.write.element-limit = 1024 (custom)
2024-02-22 20:33:46,876 [grpc-default-executor-4] INFO  server.RaftServer$Division (RaftServerImpl.java:requestVote(1422)) - 4e8f68d6-fd98-4f77-87e3-715939181693@group-C11F3E838557 replies to ELECTION vote request: e46a6e51-795f-4801-a523-c45a6c7f2c34<-4e8f68d6-fd98-4f77-87e3-715939181693#0:OK-t1. Peer's state: 4e8f68d6-fd98-4f77-87e3-715939181693@group-C11F3E838557:t1, leader=null, voted=e46a6e51-795f-4801-a523-c45a6c7f2c34, raftlog=Memoized:4e8f68d6-fd98-4f77-87e3-715939181693@group-C11F3E838557-SegmentedRaftLog:OPENED:c-1, conf=-1: peers:[e46a6e51-795f-4801-a523-c45a6c7f2c34|10.1.0.33:15014, d25dc3b0-28fc-4383-b1a0-617845025f41|10.1.0.33:15032, 4e8f68d6-fd98-4f77-87e3-715939181693|10.1.0.33:15041]|listeners:[], old=null
2024-02-22 20:33:46,876 [78f89d9b-e409-4704-890b-bfcfbcdfd28a@group-B62AC99FA1E0-LeaderElection54] INFO  impl.LeaderElection (LeaderElection.java:logAndReturn(89)) - 78f89d9b-e409-4704-890b-bfcfbcdfd28a@group-B62AC99FA1E0-LeaderElection54: PRE_VOTE REJECTED received 1 response(s) and 0 exception(s):
2024-02-22 20:33:46,876 [78f89d9b-e409-4704-890b-bfcfbcdfd28a@group-B62AC99FA1E0-LeaderElection54] INFO  impl.LeaderElection (LeaderElection.java:logAndReturn(93)) -   Response 0: 78f89d9b-e409-4704-890b-bfcfbcdfd28a<-e780b093-7242-46d7-bd8f-0f810188c7b3#0:FAIL-t0
2024-02-22 20:33:46,876 [78f89d9b-e409-4704-890b-bfcfbcdfd28a@group-B62AC99FA1E0-LeaderElection54] INFO  impl.LeaderElection (LeaderElection.java:askForVotes(323)) - 78f89d9b-e409-4704-890b-bfcfbcdfd28a@group-B62AC99FA1E0-LeaderElection54 PRE_VOTE round 0: result REJECTED
2024-02-22 20:33:46,876 [78f89d9b-e409-4704-890b-bfcfbcdfd28a@group-B62AC99FA1E0-LeaderElection54] INFO  server.RaftServer$Division (RaftServerImpl.java:setRole(383)) - 78f89d9b-e409-4704-890b-bfcfbcdfd28a@group-B62AC99FA1E0: changes role from CANDIDATE to FOLLOWER at term 0 for REJECTED
2024-02-22 20:33:46,876 [78f89d9b-e409-4704-890b-bfcfbcdfd28a@group-B62AC99FA1E0-LeaderElection54] INFO  impl.RoleInfo (RoleInfo.java:shutdownLeaderElection(130)) - 78f89d9b-e409-4704-890b-bfcfbcdfd28a: shutdown 78f89d9b-e409-4704-890b-bfcfbcdfd28a@group-B62AC99FA1E0-LeaderElection54
2024-02-22 20:33:46,876 [78f89d9b-e409-4704-890b-bfcfbcdfd28a@group-B62AC99FA1E0-LeaderElection54] INFO  impl.RoleInfo (RoleInfo.java:updateAndGet(139)) - 78f89d9b-e409-4704-890b-bfcfbcdfd28a: start 78f89d9b-e409-4704-890b-bfcfbcdfd28a@group-B62AC99FA1E0-FollowerState
2024-02-22 20:33:46,876 [e46a6e51-795f-4801-a523-c45a6c7f2c34@group-C11F3E838557-LeaderElection53] INFO  server.RaftServerConfigKeys (ConfUtils.java:logGet(46)) - raft.server.write.byte-limit = 1024 M (=1073741824) (custom)
2024-02-22 20:33:46,876 [e46a6e51-795f-4801-a523-c45a6c7f2c34@group-C11F3E838557-LeaderElection53] INFO  server.RaftServerConfigKeys (ConfUtils.java:logGet(46)) - raft.server.watch.timeout = 180s (custom)
2024-02-22 20:33:46,876 [e46a6e51-795f-4801-a523-c45a6c7f2c34@group-C11F3E838557-LeaderElection53] INFO  server.RaftServerConfigKeys (ConfUtils.java:logGet(46)) - raft.server.watch.timeout.denomination = 1s (default)
2024-02-22 20:33:46,877 [e46a6e51-795f-4801-a523-c45a6c7f2c34@group-C11F3E838557-LeaderElection53] INFO  server.RaftServerConfigKeys (ConfUtils.java:logGet(46)) - raft.server.watch.element-limit = 65536 (default)
2024-02-22 20:33:46,877 [e46a6e51-795f-4801-a523-c45a6c7f2c34@group-C11F3E838557-LeaderElection53] INFO  server.RaftServerConfigKeys (ConfUtils.java:logGet(46)) - raft.server.read.leader.lease.enabled = false (default)
2024-02-22 20:33:46,877 [e46a6e51-795f-4801-a523-c45a6c7f2c34@group-C11F3E838557-LeaderElection53] INFO  server.RaftServerConfigKeys (ConfUtils.java:logGet(46)) - raft.server.read.leader.lease.timeout.ratio = 0.9 (default)
2024-02-22 20:33:46,877 [e46a6e51-795f-4801-a523-c45a6c7f2c34@group-C11F3E838557-LeaderElection53] INFO  server.RaftServerConfigKeys (ConfUtils.java:logGet(46)) - raft.server.rpc.timeout.min = 5s (custom)
2024-02-22 20:33:46,877 [e46a6e51-795f-4801-a523-c45a6c7f2c34@group-C11F3E838557-LeaderElection53] INFO  server.RaftServerConfigKeys (ConfUtils.java:logGet(46)) - raft.server.write.element-limit = 1024 (custom)
2024-02-22 20:33:46,877 [e46a6e51-795f-4801-a523-c45a6c7f2c34@group-C11F3E838557-LeaderElection53] INFO  server.RaftServerConfigKeys (ConfUtils.java:logGet(46)) - raft.server.write.follower.gap.ratio.max = -1.0 (default)
2024-02-22 20:33:46,877 [e46a6e51-795f-4801-a523-c45a6c7f2c34@group-C11F3E838557-LeaderElection53] INFO  server.RaftServerConfigKeys (ConfUtils.java:logGet(46)) - raft.server.log.appender.snapshot.chunk.size.max = 16MB (=16777216) (default)
2024-02-22 20:33:46,877 [e46a6e51-795f-4801-a523-c45a6c7f2c34@group-C11F3E838557-LeaderElection53] INFO  server.RaftServerConfigKeys (ConfUtils.java:logGet(46)) - raft.server.log.appender.buffer.byte-limit = 8388608 (custom)
2024-02-22 20:33:46,877 [e46a6e51-795f-4801-a523-c45a6c7f2c34@group-C11F3E838557-LeaderElection53] INFO  server.RaftServerConfigKeys (ConfUtils.java:logGet(46)) - raft.server.log.appender.buffer.element-limit = 1 (custom)
2024-02-22 20:33:46,877 [78f89d9b-e409-4704-890b-bfcfbcdfd28a@group-B62AC99FA1E0-LeaderElection54] INFO  server.RaftServer$Division (RaftServerImpl.java:setFirstElection(574)) - 78f89d9b-e409-4704-890b-bfcfbcdfd28a@group-B62AC99FA1E0: set firstElectionSinceStartup to false for REJECTED
2024-02-22 20:33:46,878 [e46a6e51-795f-4801-a523-c45a6c7f2c34@group-C11F3E838557-LeaderElection53] INFO  server.RaftServerConfigKeys (ConfUtils.java:logGet(46)) - raft.server.log.appender.wait-time.min = 0μs (custom)
2024-02-22 20:33:46,878 [e46a6e51-795f-4801-a523-c45a6c7f2c34@group-C11F3E838557-LeaderElection53] INFO  grpc.GrpcConfigKeys (ConfUtils.java:logGet(46)) - raft.grpc.server.leader.outstanding.appends.max = 8 (default)
2024-02-22 20:33:46,878 [e46a6e51-795f-4801-a523-c45a6c7f2c34@group-C11F3E838557-LeaderElection53] INFO  server.RaftServerConfigKeys (ConfUtils.java:logGet(46)) - raft.server.rpc.request.timeout = 60s (custom)
2024-02-22 20:33:46,878 [e46a6e51-795f-4801-a523-c45a6c7f2c34@group-C11F3E838557-LeaderElection53] INFO  grpc.GrpcConfigKeys (ConfUtils.java:logGet(46)) - raft.grpc.server.install_snapshot.request.element-limit = 8 (default)
2024-02-22 20:33:46,878 [e46a6e51-795f-4801-a523-c45a6c7f2c34@group-C11F3E838557-LeaderElection53] INFO  grpc.GrpcConfigKeys (ConfUtils.java:logGet(46)) - raft.grpc.server.install_snapshot.request.timeout = 3000ms (default)
2024-02-22 20:33:46,878 [e46a6e51-795f-4801-a523-c45a6c7f2c34@group-C11F3E838557-LeaderElection53] INFO  grpc.GrpcConfigKeys (ConfUtils.java:logGet(46)) - raft.grpc.server.log-message.batch.duration = 5s (default)
2024-02-22 20:33:46,878 [e46a6e51-795f-4801-a523-c45a6c7f2c34@group-C11F3E838557-LeaderElection53] INFO  server.RaftServerConfigKeys (ConfUtils.java:logGet(46)) - raft.server.log.appender.install.snapshot.enabled = false (custom)
2024-02-22 20:33:46,878 [e46a6e51-795f-4801-a523-c45a6c7f2c34@group-C11F3E838557-LeaderElection53] INFO  grpc.GrpcConfigKeys (ConfUtils.java:logGet(46)) - raft.grpc.server.heartbeat.channel = true (default)
2024-02-22 20:33:46,879 [e46a6e51-795f-4801-a523-c45a6c7f2c34@group-C11F3E838557-LeaderElection53] INFO  server.RaftServerConfigKeys (ConfUtils.java:logGet(46)) - raft.server.log.appender.snapshot.chunk.size.max = 16MB (=16777216) (default)
2024-02-22 20:33:46,879 [e46a6e51-795f-4801-a523-c45a6c7f2c34@group-C11F3E838557-LeaderElection53] INFO  server.RaftServerConfigKeys (ConfUtils.java:logGet(46)) - raft.server.log.appender.buffer.byte-limit = 8388608 (custom)
2024-02-22 20:33:46,879 [e46a6e51-795f-4801-a523-c45a6c7f2c34@group-C11F3E838557-LeaderElection53] INFO  server.RaftServerConfigKeys (ConfUtils.java:logGet(46)) - raft.server.log.appender.buffer.element-limit = 1 (custom)
2024-02-22 20:33:46,879 [e46a6e51-795f-4801-a523-c45a6c7f2c34@group-C11F3E838557-LeaderElection53] INFO  server.RaftServerConfigKeys (ConfUtils.java:logGet(46)) - raft.server.log.appender.wait-time.min = 0μs (custom)
2024-02-22 20:33:46,879 [e46a6e51-795f-4801-a523-c45a6c7f2c34@group-C11F3E838557-LeaderElection53] INFO  grpc.GrpcConfigKeys (ConfUtils.java:logGet(46)) - raft.grpc.server.leader.outstanding.appends.max = 8 (default)
2024-02-22 20:33:46,879 [e46a6e51-795f-4801-a523-c45a6c7f2c34@group-C11F3E838557-LeaderElection53] INFO  server.RaftServerConfigKeys (ConfUtils.java:logGet(46)) - raft.server.rpc.request.timeout = 60s (custom)
2024-02-22 20:33:46,879 [e46a6e51-795f-4801-a523-c45a6c7f2c34@group-C11F3E838557-LeaderElection53] INFO  grpc.GrpcConfigKeys (ConfUtils.java:logGet(46)) - raft.grpc.server.install_snapshot.request.element-limit = 8 (default)
2024-02-22 20:33:46,879 [e46a6e51-795f-4801-a523-c45a6c7f2c34@group-C11F3E838557-LeaderElection53] INFO  grpc.GrpcConfigKeys (ConfUtils.java:logGet(46)) - raft.grpc.server.install_snapshot.request.timeout = 3000ms (default)
2024-02-22 20:33:46,879 [e46a6e51-795f-4801-a523-c45a6c7f2c34@group-C11F3E838557-LeaderElection53] INFO  grpc.GrpcConfigKeys (ConfUtils.java:logGet(46)) - raft.grpc.server.log-message.batch.duration = 5s (default)
2024-02-22 20:33:46,879 [e46a6e51-795f-4801-a523-c45a6c7f2c34@group-C11F3E838557-LeaderElection53] INFO  server.RaftServerConfigKeys (ConfUtils.java:logGet(46)) - raft.server.log.appender.install.snapshot.enabled = false (custom)
2024-02-22 20:33:46,879 [e46a6e51-795f-4801-a523-c45a6c7f2c34@group-C11F3E838557-LeaderElection53] INFO  grpc.GrpcConfigKeys (ConfUtils.java:logGet(46)) - raft.grpc.server.heartbeat.channel = true (default)
2024-02-22 20:33:46,879 [e46a6e51-795f-4801-a523-c45a6c7f2c34@group-C11F3E838557-LeaderElection53] INFO  impl.RoleInfo (RoleInfo.java:updateAndGet(139)) - e46a6e51-795f-4801-a523-c45a6c7f2c34: start e46a6e51-795f-4801-a523-c45a6c7f2c34@group-C11F3E838557-LeaderStateImpl
2024-02-22 20:33:46,879 [e46a6e51-795f-4801-a523-c45a6c7f2c34@group-C11F3E838557-LeaderElection53] INFO  server.RaftServer$Division (RaftServerImpl.java:setFirstElection(574)) - e46a6e51-795f-4801-a523-c45a6c7f2c34@group-C11F3E838557: set firstElectionSinceStartup to false for becomeLeader
2024-02-22 20:33:46,880 [e46a6e51-795f-4801-a523-c45a6c7f2c34@group-C11F3E838557-LeaderElection53] INFO  ratis.XceiverServerRatis (XceiverServerRatis.java:handleLeaderChangedNotification(966)) - Leader change notification received for group: group-C11F3E838557 with new leaderId: e46a6e51-795f-4801-a523-c45a6c7f2c34
2024-02-22 20:33:46,880 [e46a6e51-795f-4801-a523-c45a6c7f2c34@group-C11F3E838557-LeaderElection53] INFO  server.RaftServer$Division (ServerState.java:setLeader(269)) - e46a6e51-795f-4801-a523-c45a6c7f2c34@group-C11F3E838557: change Leader from null to e46a6e51-795f-4801-a523-c45a6c7f2c34 at term 1 for becomeLeader, leader elected after 5107ms
2024-02-22 20:33:46,880 [e46a6e51-795f-4801-a523-c45a6c7f2c34@group-C11F3E838557-LeaderElection53] INFO  segmented.SegmentedRaftLogWorker (SegmentedRaftLogWorker.java:startLogSegment(430)) - e46a6e51-795f-4801-a523-c45a6c7f2c34@group-C11F3E838557-SegmentedRaftLogWorker: Starting segment from index:0
2024-02-22 20:33:46,880 [e46a6e51-795f-4801-a523-c45a6c7f2c34@group-C11F3E838557-LeaderElection53] INFO  server.RaftServer$Division (ServerState.java:setRaftConf(386)) - e46a6e51-795f-4801-a523-c45a6c7f2c34@group-C11F3E838557: set configuration 0: peers:[e46a6e51-795f-4801-a523-c45a6c7f2c34|10.1.0.33:15014, d25dc3b0-28fc-4383-b1a0-617845025f41|10.1.0.33:15032, 4e8f68d6-fd98-4f77-87e3-715939181693|10.1.0.33:15041]|listeners:[], old=null
2024-02-22 20:33:46,880 [e46a6e51-795f-4801-a523-c45a6c7f2c34@group-C11F3E838557-SegmentedRaftLogWorker] INFO  segmented.BufferedWriteChannel (BufferedWriteChannel.java:open(62)) - open log_inprogress_0 at position 0
2024-02-22 20:33:46,884 [EventQueue-PipelineReportForPipelineReportHandler] INFO  pipeline.PipelineReportHandler (PipelineReportHandler.java:processPipelineReport(136)) - Opened pipeline PipelineID=df82f477-9a32-43af-879e-c11f3e838557
2024-02-22 20:33:46,887 [e46a6e51-795f-4801-a523-c45a6c7f2c34@group-C11F3E838557-SegmentedRaftLogWorker] INFO  segmented.SegmentedRaftLogWorker (SegmentedRaftLogWorker.java:execute(634)) - e46a6e51-795f-4801-a523-c45a6c7f2c34@group-C11F3E838557-SegmentedRaftLogWorker: created new log segment /home/runner/work/ozone/ozone/hadoop-ozone/integration-test/target/test-dir/MiniOzoneClusterImpl-a0fc024b-a492-45a5-9697-b0d14f72cb5c/datanode-0/data/ratis/df82f477-9a32-43af-879e-c11f3e838557/current/log_inprogress_0
2024-02-22 20:33:46,894 [d25dc3b0-28fc-4383-b1a0-617845025f41-server-thread1] INFO  ratis.XceiverServerRatis (XceiverServerRatis.java:handleLeaderChangedNotification(966)) - Leader change notification received for group: group-C11F3E838557 with new leaderId: e46a6e51-795f-4801-a523-c45a6c7f2c34
2024-02-22 20:33:46,894 [d25dc3b0-28fc-4383-b1a0-617845025f41-server-thread1] INFO  server.RaftServer$Division (ServerState.java:setLeader(269)) - d25dc3b0-28fc-4383-b1a0-617845025f41@group-C11F3E838557: change Leader from null to e46a6e51-795f-4801-a523-c45a6c7f2c34 at term 1 for appendEntries, leader elected after 5229ms
2024-02-22 20:33:46,895 [d25dc3b0-28fc-4383-b1a0-617845025f41-server-thread2] INFO  server.RaftServer$Division (ServerState.java:setRaftConf(386)) - d25dc3b0-28fc-4383-b1a0-617845025f41@group-C11F3E838557: set configuration 0: peers:[e46a6e51-795f-4801-a523-c45a6c7f2c34|10.1.0.33:15014, d25dc3b0-28fc-4383-b1a0-617845025f41|10.1.0.33:15032, 4e8f68d6-fd98-4f77-87e3-715939181693|10.1.0.33:15041]|listeners:[], old=null
2024-02-22 20:33:46,895 [d25dc3b0-28fc-4383-b1a0-617845025f41-server-thread2] INFO  segmented.SegmentedRaftLogWorker (SegmentedRaftLogWorker.java:startLogSegment(430)) - d25dc3b0-28fc-4383-b1a0-617845025f41@group-C11F3E838557-SegmentedRaftLogWorker: Starting segment from index:0
2024-02-22 20:33:46,895 [4e8f68d6-fd98-4f77-87e3-715939181693-server-thread2] INFO  ratis.XceiverServerRatis (XceiverServerRatis.java:handleLeaderChangedNotification(966)) - Leader change notification received for group: group-C11F3E838557 with new leaderId: e46a6e51-795f-4801-a523-c45a6c7f2c34
2024-02-22 20:33:46,898 [4e8f68d6-fd98-4f77-87e3-715939181693-server-thread2] INFO  server.RaftServer$Division (ServerState.java:setLeader(269)) - 4e8f68d6-fd98-4f77-87e3-715939181693@group-C11F3E838557: change Leader from null to e46a6e51-795f-4801-a523-c45a6c7f2c34 at term 1 for appendEntries, leader elected after 5155ms
2024-02-22 20:33:46,898 [d25dc3b0-28fc-4383-b1a0-617845025f41@group-C11F3E838557-SegmentedRaftLogWorker] INFO  segmented.BufferedWriteChannel (BufferedWriteChannel.java:open(62)) - open log_inprogress_0 at position 0
2024-02-22 20:33:46,898 [4e8f68d6-fd98-4f77-87e3-715939181693-server-thread2] INFO  server.RaftServer$Division (ServerState.java:setRaftConf(386)) - 4e8f68d6-fd98-4f77-87e3-715939181693@group-C11F3E838557: set configuration 0: peers:[e46a6e51-795f-4801-a523-c45a6c7f2c34|10.1.0.33:15014, d25dc3b0-28fc-4383-b1a0-617845025f41|10.1.0.33:15032, 4e8f68d6-fd98-4f77-87e3-715939181693|10.1.0.33:15041]|listeners:[], old=null
2024-02-22 20:33:46,899 [4e8f68d6-fd98-4f77-87e3-715939181693-server-thread2] INFO  segmented.SegmentedRaftLogWorker (SegmentedRaftLogWorker.java:startLogSegment(430)) - 4e8f68d6-fd98-4f77-87e3-715939181693@group-C11F3E838557-SegmentedRaftLogWorker: Starting segment from index:0
2024-02-22 20:33:46,899 [4e8f68d6-fd98-4f77-87e3-715939181693@group-C11F3E838557-SegmentedRaftLogWorker] INFO  segmented.BufferedWriteChannel (BufferedWriteChannel.java:open(62)) - open log_inprogress_0 at position 0
2024-02-22 20:33:46,907 [13f92446-3b18-4d81-bc66-0f9b00220e72-impl-thread4] INFO  segmented.SegmentedRaftLogWorker (SegmentedRaftLogWorker.java:close(245)) - 13f92446-3b18-4d81-bc66-0f9b00220e72@group-B62AC99FA1E0-SegmentedRaftLogWorker close()
2024-02-22 20:33:46,909 [d25dc3b0-28fc-4383-b1a0-617845025f41@group-C11F3E838557-SegmentedRaftLogWorker] INFO  segmented.SegmentedRaftLogWorker (SegmentedRaftLogWorker.java:execute(634)) - d25dc3b0-28fc-4383-b1a0-617845025f41@group-C11F3E838557-SegmentedRaftLogWorker: created new log segment /home/runner/work/ozone/ozone/hadoop-ozone/integration-test/target/test-dir/MiniOzoneClusterImpl-a0fc024b-a492-45a5-9697-b0d14f72cb5c/datanode-2/data/ratis/df82f477-9a32-43af-879e-c11f3e838557/current/log_inprogress_0
2024-02-22 20:33:46,910 [4e8f68d6-fd98-4f77-87e3-715939181693@group-C11F3E838557-SegmentedRaftLogWorker] INFO  segmented.SegmentedRaftLogWorker (SegmentedRaftLogWorker.java:execute(634)) - 4e8f68d6-fd98-4f77-87e3-715939181693@group-C11F3E838557-SegmentedRaftLogWorker: created new log segment /home/runner/work/ozone/ozone/hadoop-ozone/integration-test/target/test-dir/MiniOzoneClusterImpl-a0fc024b-a492-45a5-9697-b0d14f72cb5c/datanode-3/data/ratis/df82f477-9a32-43af-879e-c11f3e838557/current/log_inprogress_0
2024-02-22 20:33:46,912 [e46a6e51-795f-4801-a523-c45a6c7f2c34@group-C11F3E838557-StateMachineUpdater] INFO  server.RaftServer$Division (LeaderStateImpl.java:isApplied(320)) - leader is ready since appliedIndex == 0 >= startIndex == 0
2024-02-22 20:33:46,932 [13f92446-3b18-4d81-bc66-0f9b00220e72-impl-thread2] INFO  segmented.SegmentedRaftLogWorker (SegmentedRaftLogWorker.java:close(245)) - 13f92446-3b18-4d81-bc66-0f9b00220e72@group-C4BFF782AB50-SegmentedRaftLogWorker close()
2024-02-22 20:33:47,058 [e780b093-7242-46d7-bd8f-0f810188c7b3@group-B62AC99FA1E0-FollowerState] INFO  impl.FollowerState (FollowerState.java:run(143)) - e780b093-7242-46d7-bd8f-0f810188c7b3@group-B62AC99FA1E0-FollowerState: change to CANDIDATE, lastRpcElapsedTime:5194526032ns, electionTimeout:5172ms
2024-02-22 20:33:47,058 [e780b093-7242-46d7-bd8f-0f810188c7b3@group-B62AC99FA1E0-FollowerState] INFO  impl.RoleInfo (RoleInfo.java:shutdownFollowerState(110)) - e780b093-7242-46d7-bd8f-0f810188c7b3: shutdown e780b093-7242-46d7-bd8f-0f810188c7b3@group-B62AC99FA1E0-FollowerState
2024-02-22 20:33:47,058 [e780b093-7242-46d7-bd8f-0f810188c7b3@group-B62AC99FA1E0-FollowerState] INFO  server.RaftServer$Division (RaftServerImpl.java:setRole(383)) - e780b093-7242-46d7-bd8f-0f810188c7b3@group-B62AC99FA1E0: changes role from  FOLLOWER to CANDIDATE at term 0 for changeToCandidate
2024-02-22 20:33:47,058 [e780b093-7242-46d7-bd8f-0f810188c7b3@group-B62AC99FA1E0-FollowerState] INFO  server.RaftServerConfigKeys (ConfUtils.java:logGet(46)) - raft.server.leaderelection.pre-vote = true (default)
2024-02-22 20:33:47,058 [e780b093-7242-46d7-bd8f-0f810188c7b3@group-B62AC99FA1E0-FollowerState] INFO  impl.RoleInfo (RoleInfo.java:updateAndGet(139)) - e780b093-7242-46d7-bd8f-0f810188c7b3: start e780b093-7242-46d7-bd8f-0f810188c7b3@group-B62AC99FA1E0-LeaderElection55
2024-02-22 20:33:47,058 [e780b093-7242-46d7-bd8f-0f810188c7b3@group-B62AC99FA1E0-LeaderElection55] INFO  impl.LeaderElection (LeaderElection.java:askForVotes(321)) - e780b093-7242-46d7-bd8f-0f810188c7b3@group-B62AC99FA1E0-LeaderElection55 PRE_VOTE round 0: submit vote requests at term 0 for -1: peers:[78f89d9b-e409-4704-890b-bfcfbcdfd28a|10.1.0.33:15086, e780b093-7242-46d7-bd8f-0f810188c7b3|10.1.0.33:15095, 13f92446-3b18-4d81-bc66-0f9b00220e72|10.1.0.33:15077]|listeners:[], old=null
2024-02-22 20:33:47,059 [e780b093-7242-46d7-bd8f-0f810188c7b3@group-B62AC99FA1E0-LeaderElection55-1] INFO  server.GrpcServerProtocolClient (GrpcServerProtocolClient.java:<init>(65)) - Build channel for 78f89d9b-e409-4704-890b-bfcfbcdfd28a|10.1.0.33:15086
2024-02-22 20:33:47,059 [e780b093-7242-46d7-bd8f-0f810188c7b3@group-B62AC99FA1E0-LeaderElection55-2] INFO  server.GrpcServerProtocolClient (GrpcServerProtocolClient.java:<init>(65)) - Build channel for 13f92446-3b18-4d81-bc66-0f9b00220e72|10.1.0.33:15077
2024-02-22 20:33:47,059 [e780b093-7242-46d7-bd8f-0f810188c7b3@group-B62AC99FA1E0-LeaderElection55] INFO  server.RaftServerConfigKeys (ConfUtils.java:logFallback(53)) - raft.server.rpc.first-election.timeout.min = 5s (fallback to raft.server.rpc.timeout.min)
2024-02-22 20:33:47,059 [e780b093-7242-46d7-bd8f-0f810188c7b3@group-B62AC99FA1E0-LeaderElection55] INFO  server.RaftServerConfigKeys (ConfUtils.java:logFallback(53)) - raft.server.rpc.first-election.timeout.max = 5200ms (fallback to raft.server.rpc.timeout.max)
2024-02-22 20:33:47,061 [e780b093-7242-46d7-bd8f-0f810188c7b3@group-B62AC99FA1E0-LeaderElection55] INFO  impl.LeaderElection (LogUtils.java:infoOrTrace(136)) - e780b093-7242-46d7-bd8f-0f810188c7b3@group-B62AC99FA1E0-LeaderElection55 got exception when requesting votes: java.util.concurrent.ExecutionException: org.apache.ratis.thirdparty.io.grpc.StatusRuntimeException: UNAVAILABLE: io exception
2024-02-22 20:33:47,063 [grpc-default-executor-4] INFO  server.RaftServer$Division (RaftServerImpl.java:requestVote(1389)) - 78f89d9b-e409-4704-890b-bfcfbcdfd28a@group-B62AC99FA1E0: receive requestVote(PRE_VOTE, e780b093-7242-46d7-bd8f-0f810188c7b3, group-B62AC99FA1E0, 0, (t:0, i:0))
2024-02-22 20:33:47,063 [grpc-default-executor-4] INFO  impl.VoteContext (VoteContext.java:log(49)) - 78f89d9b-e409-4704-890b-bfcfbcdfd28a@group-B62AC99FA1E0-FOLLOWER: accept PRE_VOTE from e780b093-7242-46d7-bd8f-0f810188c7b3: our priority 0 <= candidate's priority 1
2024-02-22 20:33:47,063 [grpc-default-executor-4] INFO  server.RaftServer$Division (RaftServerImpl.java:requestVote(1422)) - 78f89d9b-e409-4704-890b-bfcfbcdfd28a@group-B62AC99FA1E0 replies to PRE_VOTE vote request: e780b093-7242-46d7-bd8f-0f810188c7b3<-78f89d9b-e409-4704-890b-bfcfbcdfd28a#0:OK-t0. Peer's state: 78f89d9b-e409-4704-890b-bfcfbcdfd28a@group-B62AC99FA1E0:t0, leader=null, voted=, raftlog=Memoized:78f89d9b-e409-4704-890b-bfcfbcdfd28a@group-B62AC99FA1E0-SegmentedRaftLog:OPENED:c-1, conf=-1: peers:[78f89d9b-e409-4704-890b-bfcfbcdfd28a|10.1.0.33:15086, e780b093-7242-46d7-bd8f-0f810188c7b3|10.1.0.33:15095, 13f92446-3b18-4d81-bc66-0f9b00220e72|10.1.0.33:15077]|listeners:[], old=null
2024-02-22 20:33:47,064 [e780b093-7242-46d7-bd8f-0f810188c7b3@group-B62AC99FA1E0-LeaderElection55] INFO  impl.LeaderElection (LeaderElection.java:logAndReturn(89)) - e780b093-7242-46d7-bd8f-0f810188c7b3@group-B62AC99FA1E0-LeaderElection55: PRE_VOTE PASSED received 1 response(s) and 1 exception(s):
2024-02-22 20:33:47,064 [e780b093-7242-46d7-bd8f-0f810188c7b3@group-B62AC99FA1E0-LeaderElection55] INFO  impl.LeaderElection (LeaderElection.java:logAndReturn(93)) -   Response 0: e780b093-7242-46d7-bd8f-0f810188c7b3<-78f89d9b-e409-4704-890b-bfcfbcdfd28a#0:OK-t0
2024-02-22 20:33:47,064 [e780b093-7242-46d7-bd8f-0f810188c7b3@group-B62AC99FA1E0-LeaderElection55] INFO  impl.LeaderElection (LogUtils.java:infoOrTrace(136)) -   Exception 1: java.util.concurrent.ExecutionException: org.apache.ratis.thirdparty.io.grpc.StatusRuntimeException: UNAVAILABLE: io exception
2024-02-22 20:33:47,064 [e780b093-7242-46d7-bd8f-0f810188c7b3@group-B62AC99FA1E0-LeaderElection55] INFO  impl.LeaderElection (LeaderElection.java:askForVotes(323)) - e780b093-7242-46d7-bd8f-0f810188c7b3@group-B62AC99FA1E0-LeaderElection55 PRE_VOTE round 0: result PASSED
2024-02-22 20:33:47,067 [e780b093-7242-46d7-bd8f-0f810188c7b3@group-B62AC99FA1E0-LeaderElection55] INFO  impl.LeaderElection (LeaderElection.java:askForVotes(321)) - e780b093-7242-46d7-bd8f-0f810188c7b3@group-B62AC99FA1E0-LeaderElection55 ELECTION round 0: submit vote requests at term 1 for -1: peers:[78f89d9b-e409-4704-890b-bfcfbcdfd28a|10.1.0.33:15086, e780b093-7242-46d7-bd8f-0f810188c7b3|10.1.0.33:15095, 13f92446-3b18-4d81-bc66-0f9b00220e72|10.1.0.33:15077]|listeners:[], old=null
2024-02-22 20:33:47,067 [e780b093-7242-46d7-bd8f-0f810188c7b3@group-B62AC99FA1E0-LeaderElection55] INFO  server.RaftServerConfigKeys (ConfUtils.java:logFallback(53)) - raft.server.rpc.first-election.timeout.min = 5s (fallback to raft.server.rpc.timeout.min)
2024-02-22 20:33:47,067 [e780b093-7242-46d7-bd8f-0f810188c7b3@group-B62AC99FA1E0-LeaderElection55] INFO  server.RaftServerConfigKeys (ConfUtils.java:logFallback(53)) - raft.server.rpc.first-election.timeout.max = 5200ms (fallback to raft.server.rpc.timeout.max)
2024-02-22 20:33:47,067 [e780b093-7242-46d7-bd8f-0f810188c7b3@group-B62AC99FA1E0-LeaderElection55] INFO  impl.LeaderElection (LogUtils.java:infoOrTrace(136)) - e780b093-7242-46d7-bd8f-0f810188c7b3@group-B62AC99FA1E0-LeaderElection55 got exception when requesting votes: java.util.concurrent.ExecutionException: org.apache.ratis.thirdparty.io.grpc.StatusRuntimeException: UNAVAILABLE: io exception
2024-02-22 20:33:47,068 [grpc-default-executor-4] INFO  server.RaftServer$Division (RaftServerImpl.java:requestVote(1389)) - 78f89d9b-e409-4704-890b-bfcfbcdfd28a@group-B62AC99FA1E0: receive requestVote(ELECTION, e780b093-7242-46d7-bd8f-0f810188c7b3, group-B62AC99FA1E0, 1, (t:0, i:0))
2024-02-22 20:33:47,068 [grpc-default-executor-4] INFO  impl.VoteContext (VoteContext.java:log(49)) - 78f89d9b-e409-4704-890b-bfcfbcdfd28a@group-B62AC99FA1E0-FOLLOWER: accept ELECTION from e780b093-7242-46d7-bd8f-0f810188c7b3: our priority 0 <= candidate's priority 1
2024-02-22 20:33:47,068 [grpc-default-executor-4] INFO  server.RaftServer$Division (RaftServerImpl.java:setRole(383)) - 78f89d9b-e409-4704-890b-bfcfbcdfd28a@group-B62AC99FA1E0: changes role from  FOLLOWER to FOLLOWER at term 1 for candidate:e780b093-7242-46d7-bd8f-0f810188c7b3
2024-02-22 20:33:47,068 [grpc-default-executor-4] INFO  impl.RoleInfo (RoleInfo.java:shutdownFollowerState(110)) - 78f89d9b-e409-4704-890b-bfcfbcdfd28a: shutdown 78f89d9b-e409-4704-890b-bfcfbcdfd28a@group-B62AC99FA1E0-FollowerState
2024-02-22 20:33:47,069 [grpc-default-executor-4] INFO  impl.RoleInfo (RoleInfo.java:updateAndGet(139)) - 78f89d9b-e409-4704-890b-bfcfbcdfd28a: start 78f89d9b-e409-4704-890b-bfcfbcdfd28a@group-B62AC99FA1E0-FollowerState
2024-02-22 20:33:47,069 [78f89d9b-e409-4704-890b-bfcfbcdfd28a@group-B62AC99FA1E0-FollowerState] INFO  impl.FollowerState (FollowerState.java:run(152)) - 78f89d9b-e409-4704-890b-bfcfbcdfd28a@group-B62AC99FA1E0-FollowerState was interrupted
2024-02-22 20:33:47,072 [grpc-default-executor-4] INFO  server.RaftServer$Division (RaftServerImpl.java:requestVote(1422)) - 78f89d9b-e409-4704-890b-bfcfbcdfd28a@group-B62AC99FA1E0 replies to ELECTION vote request: e780b093-7242-46d7-bd8f-0f810188c7b3<-78f89d9b-e409-4704-890b-bfcfbcdfd28a#0:OK-t1. Peer's state: 78f89d9b-e409-4704-890b-bfcfbcdfd28a@group-B62AC99FA1E0:t1, leader=null, voted=e780b093-7242-46d7-bd8f-0f810188c7b3, raftlog=Memoized:78f89d9b-e409-4704-890b-bfcfbcdfd28a@group-B62AC99FA1E0-SegmentedRaftLog:OPENED:c-1, conf=-1: peers:[78f89d9b-e409-4704-890b-bfcfbcdfd28a|10.1.0.33:15086, e780b093-7242-46d7-bd8f-0f810188c7b3|10.1.0.33:15095, 13f92446-3b18-4d81-bc66-0f9b00220e72|10.1.0.33:15077]|listeners:[], old=null
2024-02-22 20:33:47,073 [e780b093-7242-46d7-bd8f-0f810188c7b3@group-B62AC99FA1E0-LeaderElection55] INFO  impl.LeaderElection (LeaderElection.java:logAndReturn(89)) - e780b093-7242-46d7-bd8f-0f810188c7b3@group-B62AC99FA1E0-LeaderElection55: ELECTION PASSED received 1 response(s) and 1 exception(s):
2024-02-22 20:33:47,073 [e780b093-7242-46d7-bd8f-0f810188c7b3@group-B62AC99FA1E0-LeaderElection55] INFO  impl.LeaderElection (LeaderElection.java:logAndReturn(93)) -   Response 0: e780b093-7242-46d7-bd8f-0f810188c7b3<-78f89d9b-e409-4704-890b-bfcfbcdfd28a#0:OK-t1
2024-02-22 20:33:47,073 [e780b093-7242-46d7-bd8f-0f810188c7b3@group-B62AC99FA1E0-LeaderElection55] INFO  impl.LeaderElection (LogUtils.java:infoOrTrace(136)) -   Exception 1: java.util.concurrent.ExecutionException: org.apache.ratis.thirdparty.io.grpc.StatusRuntimeException: UNAVAILABLE: io exception
2024-02-22 20:33:47,073 [e780b093-7242-46d7-bd8f-0f810188c7b3@group-B62AC99FA1E0-LeaderElection55] INFO  impl.LeaderElection (LeaderElection.java:askForVotes(323)) - e780b093-7242-46d7-bd8f-0f810188c7b3@group-B62AC99FA1E0-LeaderElection55 ELECTION round 0: result PASSED
2024-02-22 20:33:47,073 [e780b093-7242-46d7-bd8f-0f810188c7b3@group-B62AC99FA1E0-LeaderElection55] INFO  impl.RoleInfo (RoleInfo.java:shutdownLeaderElection(130)) - e780b093-7242-46d7-bd8f-0f810188c7b3: shutdown e780b093-7242-46d7-bd8f-0f810188c7b3@group-B62AC99FA1E0-LeaderElection55
2024-02-22 20:33:47,073 [e780b093-7242-46d7-bd8f-0f810188c7b3@group-B62AC99FA1E0-LeaderElection55] INFO  server.RaftServer$Division (RaftServerImpl.java:setRole(383)) - e780b093-7242-46d7-bd8f-0f810188c7b3@group-B62AC99FA1E0: changes role from CANDIDATE to LEADER at term 1 for changeToLeader
2024-02-22 20:33:47,073 [e780b093-7242-46d7-bd8f-0f810188c7b3@group-B62AC99FA1E0-LeaderElection55] INFO  server.RaftServerConfigKeys (ConfUtils.java:logGet(46)) - raft.server.staging.catchup.gap = 1000 (default)
2024-02-22 20:33:47,074 [e780b093-7242-46d7-bd8f-0f810188c7b3@group-B62AC99FA1E0-LeaderElection55] INFO  server.RaftServerConfigKeys (ConfUtils.java:logGet(46)) - raft.server.write.element-limit = 1024 (custom)
2024-02-22 20:33:47,074 [e780b093-7242-46d7-bd8f-0f810188c7b3@group-B62AC99FA1E0-LeaderElection55] INFO  server.RaftServerConfigKeys (ConfUtils.java:logGet(46)) - raft.server.write.byte-limit = 1024 M (=1073741824) (custom)
2024-02-22 20:33:47,074 [e780b093-7242-46d7-bd8f-0f810188c7b3@group-B62AC99FA1E0-LeaderElection55] INFO  server.RaftServerConfigKeys (ConfUtils.java:logGet(46)) - raft.server.watch.timeout = 180s (custom)
2024-02-22 20:33:47,074 [e780b093-7242-46d7-bd8f-0f810188c7b3@group-B62AC99FA1E0-LeaderElection55] INFO  server.RaftServerConfigKeys (ConfUtils.java:logGet(46)) - raft.server.watch.timeout.denomination = 1s (default)
2024-02-22 20:33:47,074 [e780b093-7242-46d7-bd8f-0f810188c7b3@group-B62AC99FA1E0-LeaderElection55] INFO  server.RaftServerConfigKeys (ConfUtils.java:logGet(46)) - raft.server.watch.element-limit = 65536 (default)
2024-02-22 20:33:47,074 [e780b093-7242-46d7-bd8f-0f810188c7b3@group-B62AC99FA1E0-LeaderElection55] INFO  server.RaftServerConfigKeys (ConfUtils.java:logGet(46)) - raft.server.read.leader.lease.enabled = false (default)
2024-02-22 20:33:47,074 [e780b093-7242-46d7-bd8f-0f810188c7b3@group-B62AC99FA1E0-LeaderElection55] INFO  server.RaftServerConfigKeys (ConfUtils.java:logGet(46)) - raft.server.read.leader.lease.timeout.ratio = 0.9 (default)
2024-02-22 20:33:47,074 [e780b093-7242-46d7-bd8f-0f810188c7b3@group-B62AC99FA1E0-LeaderElection55] INFO  server.RaftServerConfigKeys (ConfUtils.java:logGet(46)) - raft.server.rpc.timeout.min = 5s (custom)
2024-02-22 20:33:47,074 [e780b093-7242-46d7-bd8f-0f810188c7b3@group-B62AC99FA1E0-LeaderElection55] INFO  server.RaftServerConfigKeys (ConfUtils.java:logGet(46)) - raft.server.write.element-limit = 1024 (custom)
2024-02-22 20:33:47,075 [e780b093-7242-46d7-bd8f-0f810188c7b3@group-B62AC99FA1E0-LeaderElection55] INFO  server.RaftServerConfigKeys (ConfUtils.java:logGet(46)) - raft.server.write.follower.gap.ratio.max = -1.0 (default)
2024-02-22 20:33:47,075 [e780b093-7242-46d7-bd8f-0f810188c7b3@group-B62AC99FA1E0-LeaderElection55] INFO  server.RaftServerConfigKeys (ConfUtils.java:logGet(46)) - raft.server.log.appender.snapshot.chunk.size.max = 16MB (=16777216) (default)
2024-02-22 20:33:47,075 [e780b093-7242-46d7-bd8f-0f810188c7b3@group-B62AC99FA1E0-LeaderElection55] INFO  server.RaftServerConfigKeys (ConfUtils.java:logGet(46)) - raft.server.log.appender.buffer.byte-limit = 8388608 (custom)
2024-02-22 20:33:47,075 [e780b093-7242-46d7-bd8f-0f810188c7b3@group-B62AC99FA1E0-LeaderElection55] INFO  server.RaftServerConfigKeys (ConfUtils.java:logGet(46)) - raft.server.log.appender.buffer.element-limit = 1 (custom)
2024-02-22 20:33:47,075 [e780b093-7242-46d7-bd8f-0f810188c7b3@group-B62AC99FA1E0-LeaderElection55] INFO  server.RaftServerConfigKeys (ConfUtils.java:logGet(46)) - raft.server.log.appender.wait-time.min = 0μs (custom)
2024-02-22 20:33:47,075 [e780b093-7242-46d7-bd8f-0f810188c7b3@group-B62AC99FA1E0-LeaderElection55] INFO  grpc.GrpcConfigKeys (ConfUtils.java:logGet(46)) - raft.grpc.server.leader.outstanding.appends.max = 8 (default)
2024-02-22 20:33:47,075 [e780b093-7242-46d7-bd8f-0f810188c7b3@group-B62AC99FA1E0-LeaderElection55] INFO  server.RaftServerConfigKeys (ConfUtils.java:logGet(46)) - raft.server.rpc.request.timeout = 60s (custom)
2024-02-22 20:33:47,076 [e780b093-7242-46d7-bd8f-0f810188c7b3@group-B62AC99FA1E0-LeaderElection55] INFO  grpc.GrpcConfigKeys (ConfUtils.java:logGet(46)) - raft.grpc.server.install_snapshot.request.element-limit = 8 (default)
2024-02-22 20:33:47,076 [e780b093-7242-46d7-bd8f-0f810188c7b3@group-B62AC99FA1E0-LeaderElection55] INFO  grpc.GrpcConfigKeys (ConfUtils.java:logGet(46)) - raft.grpc.server.install_snapshot.request.timeout = 3000ms (default)
2024-02-22 20:33:47,076 [e780b093-7242-46d7-bd8f-0f810188c7b3@group-B62AC99FA1E0-LeaderElection55] INFO  grpc.GrpcConfigKeys (ConfUtils.java:logGet(46)) - raft.grpc.server.log-message.batch.duration = 5s (default)
2024-02-22 20:33:47,076 [e780b093-7242-46d7-bd8f-0f810188c7b3@group-B62AC99FA1E0-LeaderElection55] INFO  server.RaftServerConfigKeys (ConfUtils.java:logGet(46)) - raft.server.log.appender.install.snapshot.enabled = false (custom)
2024-02-22 20:33:47,076 [e780b093-7242-46d7-bd8f-0f810188c7b3@group-B62AC99FA1E0-LeaderElection55] INFO  grpc.GrpcConfigKeys (ConfUtils.java:logGet(46)) - raft.grpc.server.heartbeat.channel = true (default)
2024-02-22 20:33:47,077 [e780b093-7242-46d7-bd8f-0f810188c7b3@group-B62AC99FA1E0-LeaderElection55] INFO  server.RaftServerConfigKeys (ConfUtils.java:logGet(46)) - raft.server.log.appender.snapshot.chunk.size.max = 16MB (=16777216) (default)
2024-02-22 20:33:47,077 [e780b093-7242-46d7-bd8f-0f810188c7b3@group-B62AC99FA1E0-LeaderElection55] INFO  server.RaftServerConfigKeys (ConfUtils.java:logGet(46)) - raft.server.log.appender.buffer.byte-limit = 8388608 (custom)
2024-02-22 20:33:47,077 [e780b093-7242-46d7-bd8f-0f810188c7b3@group-B62AC99FA1E0-LeaderElection55] INFO  server.RaftServerConfigKeys (ConfUtils.java:logGet(46)) - raft.server.log.appender.buffer.element-limit = 1 (custom)
2024-02-22 20:33:47,077 [e780b093-7242-46d7-bd8f-0f810188c7b3@group-B62AC99FA1E0-LeaderElection55] INFO  server.RaftServerConfigKeys (ConfUtils.java:logGet(46)) - raft.server.log.appender.wait-time.min = 0μs (custom)
2024-02-22 20:33:47,077 [e780b093-7242-46d7-bd8f-0f810188c7b3@group-B62AC99FA1E0-LeaderElection55] INFO  grpc.GrpcConfigKeys (ConfUtils.java:logGet(46)) - raft.grpc.server.leader.outstanding.appends.max = 8 (default)
2024-02-22 20:33:47,077 [e780b093-7242-46d7-bd8f-0f810188c7b3@group-B62AC99FA1E0-LeaderElection55] INFO  server.RaftServerConfigKeys (ConfUtils.java:logGet(46)) - raft.server.rpc.request.timeout = 60s (custom)
2024-02-22 20:33:47,077 [e780b093-7242-46d7-bd8f-0f810188c7b3@group-B62AC99FA1E0-LeaderElection55] INFO  grpc.GrpcConfigKeys (ConfUtils.java:logGet(46)) - raft.grpc.server.install_snapshot.request.element-limit = 8 (default)
2024-02-22 20:33:47,077 [e780b093-7242-46d7-bd8f-0f810188c7b3@group-B62AC99FA1E0-LeaderElection55] INFO  grpc.GrpcConfigKeys (ConfUtils.java:logGet(46)) - raft.grpc.server.install_snapshot.request.timeout = 3000ms (default)
2024-02-22 20:33:47,077 [e780b093-7242-46d7-bd8f-0f810188c7b3@group-B62AC99FA1E0-LeaderElection55] INFO  grpc.GrpcConfigKeys (ConfUtils.java:logGet(46)) - raft.grpc.server.log-message.batch.duration = 5s (default)
2024-02-22 20:33:47,078 [e780b093-7242-46d7-bd8f-0f810188c7b3@group-B62AC99FA1E0-LeaderElection55] INFO  server.RaftServerConfigKeys (ConfUtils.java:logGet(46)) - raft.server.log.appender.install.snapshot.enabled = false (custom)
2024-02-22 20:33:47,078 [e780b093-7242-46d7-bd8f-0f810188c7b3@group-B62AC99FA1E0-LeaderElection55] INFO  grpc.GrpcConfigKeys (ConfUtils.java:logGet(46)) - raft.grpc.server.heartbeat.channel = true (default)
2024-02-22 20:33:47,078 [e780b093-7242-46d7-bd8f-0f810188c7b3@group-B62AC99FA1E0-LeaderElection55] INFO  impl.RoleInfo (RoleInfo.java:updateAndGet(139)) - e780b093-7242-46d7-bd8f-0f810188c7b3: start e780b093-7242-46d7-bd8f-0f810188c7b3@group-B62AC99FA1E0-LeaderStateImpl
2024-02-22 20:33:47,078 [e780b093-7242-46d7-bd8f-0f810188c7b3@group-B62AC99FA1E0-LeaderElection55] INFO  server.RaftServer$Division (RaftServerImpl.java:setFirstElection(574)) - e780b093-7242-46d7-bd8f-0f810188c7b3@group-B62AC99FA1E0: set firstElectionSinceStartup to false for becomeLeader
2024-02-22 20:33:47,078 [e780b093-7242-46d7-bd8f-0f810188c7b3@group-B62AC99FA1E0-LeaderElection55] INFO  ratis.XceiverServerRatis (XceiverServerRatis.java:handleLeaderChangedNotification(966)) - Leader change notification received for group: group-B62AC99FA1E0 with new leaderId: e780b093-7242-46d7-bd8f-0f810188c7b3
2024-02-22 20:33:47,078 [e780b093-7242-46d7-bd8f-0f810188c7b3@group-B62AC99FA1E0-LeaderElection55] INFO  server.RaftServer$Division (ServerState.java:setLeader(269)) - e780b093-7242-46d7-bd8f-0f810188c7b3@group-B62AC99FA1E0: change Leader from null to e780b093-7242-46d7-bd8f-0f810188c7b3 at term 1 for becomeLeader, leader elected after 5243ms
2024-02-22 20:33:47,078 [e780b093-7242-46d7-bd8f-0f810188c7b3@group-B62AC99FA1E0-LeaderElection55] INFO  segmented.SegmentedRaftLogWorker (SegmentedRaftLogWorker.java:startLogSegment(430)) - e780b093-7242-46d7-bd8f-0f810188c7b3@group-B62AC99FA1E0-SegmentedRaftLogWorker: Starting segment from index:0
2024-02-22 20:33:47,079 [e780b093-7242-46d7-bd8f-0f810188c7b3@group-B62AC99FA1E0-SegmentedRaftLogWorker] INFO  segmented.BufferedWriteChannel (BufferedWriteChannel.java:open(62)) - open log_inprogress_0 at position 0
2024-02-22 20:33:47,081 [e780b093-7242-46d7-bd8f-0f810188c7b3@group-B62AC99FA1E0-LeaderElection55] INFO  server.RaftServer$Division (ServerState.java:setRaftConf(386)) - e780b093-7242-46d7-bd8f-0f810188c7b3@group-B62AC99FA1E0: set configuration 0: peers:[78f89d9b-e409-4704-890b-bfcfbcdfd28a|10.1.0.33:15086, e780b093-7242-46d7-bd8f-0f810188c7b3|10.1.0.33:15095, 13f92446-3b18-4d81-bc66-0f9b00220e72|10.1.0.33:15077]|listeners:[], old=null
2024-02-22 20:33:47,084 [EventQueue-PipelineReportForPipelineReportHandler] INFO  pipeline.PipelineReportHandler (PipelineReportHandler.java:processPipelineReport(136)) - Opened pipeline PipelineID=a069b16c-3c19-42f6-a3b4-b62ac99fa1e0
2024-02-22 20:33:47,086 [e780b093-7242-46d7-bd8f-0f810188c7b3@group-B62AC99FA1E0-SegmentedRaftLogWorker] INFO  segmented.SegmentedRaftLogWorker (SegmentedRaftLogWorker.java:execute(634)) - e780b093-7242-46d7-bd8f-0f810188c7b3@group-B62AC99FA1E0-SegmentedRaftLogWorker: created new log segment /home/runner/work/ozone/ozone/hadoop-ozone/integration-test/target/test-dir/MiniOzoneClusterImpl-a0fc024b-a492-45a5-9697-b0d14f72cb5c/datanode-9/data/ratis/a069b16c-3c19-42f6-a3b4-b62ac99fa1e0/current/log_inprogress_0
2024-02-22 20:33:47,087 [78f89d9b-e409-4704-890b-bfcfbcdfd28a-server-thread1] INFO  ratis.XceiverServerRatis (XceiverServerRatis.java:handleLeaderChangedNotification(966)) - Leader change notification received for group: group-B62AC99FA1E0 with new leaderId: e780b093-7242-46d7-bd8f-0f810188c7b3
2024-02-22 20:33:47,087 [78f89d9b-e409-4704-890b-bfcfbcdfd28a-server-thread1] INFO  server.RaftServer$Division (ServerState.java:setLeader(269)) - 78f89d9b-e409-4704-890b-bfcfbcdfd28a@group-B62AC99FA1E0: change Leader from null to e780b093-7242-46d7-bd8f-0f810188c7b3 at term 1 for appendEntries, leader elected after 5387ms
2024-02-22 20:33:47,087 [78f89d9b-e409-4704-890b-bfcfbcdfd28a-server-thread1] INFO  server.RaftServer$Division (ServerState.java:setRaftConf(386)) - 78f89d9b-e409-4704-890b-bfcfbcdfd28a@group-B62AC99FA1E0: set configuration 0: peers:[78f89d9b-e409-4704-890b-bfcfbcdfd28a|10.1.0.33:15086, e780b093-7242-46d7-bd8f-0f810188c7b3|10.1.0.33:15095, 13f92446-3b18-4d81-bc66-0f9b00220e72|10.1.0.33:15077]|listeners:[], old=null
2024-02-22 20:33:47,087 [78f89d9b-e409-4704-890b-bfcfbcdfd28a-server-thread1] INFO  segmented.SegmentedRaftLogWorker (SegmentedRaftLogWorker.java:startLogSegment(430)) - 78f89d9b-e409-4704-890b-bfcfbcdfd28a@group-B62AC99FA1E0-SegmentedRaftLogWorker: Starting segment from index:0
2024-02-22 20:33:47,088 [78f89d9b-e409-4704-890b-bfcfbcdfd28a@group-B62AC99FA1E0-SegmentedRaftLogWorker] INFO  segmented.BufferedWriteChannel (BufferedWriteChannel.java:open(62)) - open log_inprogress_0 at position 0
2024-02-22 20:33:47,090 [grpc-default-executor-8] WARN  server.GrpcLogAppender (LogUtils.java:warn(121)) - e780b093-7242-46d7-bd8f-0f810188c7b3@group-B62AC99FA1E0->13f92446-3b18-4d81-bc66-0f9b00220e72-AppendLogResponseHandler: Failed appendEntries: org.apache.ratis.thirdparty.io.grpc.StatusRuntimeException: UNAVAILABLE: io exception
2024-02-22 20:33:47,096 [78f89d9b-e409-4704-890b-bfcfbcdfd28a@group-B62AC99FA1E0-SegmentedRaftLogWorker] INFO  segmented.SegmentedRaftLogWorker (SegmentedRaftLogWorker.java:execute(634)) - 78f89d9b-e409-4704-890b-bfcfbcdfd28a@group-B62AC99FA1E0-SegmentedRaftLogWorker: created new log segment /home/runner/work/ozone/ozone/hadoop-ozone/integration-test/target/test-dir/MiniOzoneClusterImpl-a0fc024b-a492-45a5-9697-b0d14f72cb5c/datanode-8/data/ratis/a069b16c-3c19-42f6-a3b4-b62ac99fa1e0/current/log_inprogress_0
2024-02-22 20:33:47,116 [e780b093-7242-46d7-bd8f-0f810188c7b3@group-B62AC99FA1E0-StateMachineUpdater] INFO  server.RaftServer$Division (LeaderStateImpl.java:isApplied(320)) - leader is ready since appliedIndex == 0 >= startIndex == 0
2024-02-22 20:33:47,178 [13f92446-3b18-4d81-bc66-0f9b00220e72-impl-thread3] INFO  segmented.SegmentedRaftLogWorker (SegmentedRaftLogWorker.java:close(245)) - 13f92446-3b18-4d81-bc66-0f9b00220e72@group-B58ED9299B6F-SegmentedRaftLogWorker close()
2024-02-22 20:33:47,271 [13f92446-3b18-4d81-bc66-0f9b00220e72-impl-thread5] INFO  segmented.SegmentedRaftLogWorker (SegmentedRaftLogWorker.java:close(245)) - 13f92446-3b18-4d81-bc66-0f9b00220e72@group-F0C26C70F6EA-SegmentedRaftLogWorker close()
2024-02-22 20:33:47,352 [13f92446-3b18-4d81-bc66-0f9b00220e72-impl-thread6] INFO  segmented.SegmentedRaftLogWorker (SegmentedRaftLogWorker.java:close(245)) - 13f92446-3b18-4d81-bc66-0f9b00220e72@group-C6933685B048-SegmentedRaftLogWorker close()
2024-02-22 20:33:47,354 [JvmPauseMonitor9] INFO  util.JvmPauseMonitor (JvmPauseMonitor.java:run(152)) - JvmPauseMonitor-13f92446-3b18-4d81-bc66-0f9b00220e72: Stopped
2024-02-22 20:33:47,580 [EventQueue-StaleNodeForStaleNodeHandler] INFO  node.StaleNodeHandler (StaleNodeHandler.java:onMessage(57)) - Datanode 13f92446-3b18-4d81-bc66-0f9b00220e72(fv-az779-213.k0faouyluq4u1aavuapgg5xmpb.cx.internal.cloudapp.net/10.1.0.33) moved to stale state. Finalizing its pipelines [PipelineID=d218b5b2-1780-4e0a-a27d-ef19ab1be06f, PipelineID=974fd487-4b0f-4554-8c0f-c4bff782ab50, PipelineID=d49f5e63-9859-43c9-95b6-b58ed9299b6f, PipelineID=a069b16c-3c19-42f6-a3b4-b62ac99fa1e0, PipelineID=81ff5ff8-3747-4d3b-94d0-19b6e1b1e1f7, PipelineID=014e79b4-2d53-4af7-bdbb-f0c26c70f6ea, PipelineID=724f0737-a92a-4fca-96d8-c6933685b048]
2024-02-22 20:33:47,581 [EventQueue-StaleNodeForStaleNodeHandler] INFO  pipeline.PipelineManagerImpl (PipelineManagerImpl.java:closePipeline(518)) - Pipeline PipelineID=a069b16c-3c19-42f6-a3b4-b62ac99fa1e0 moved to CLOSED state
2024-02-22 20:33:47,584 [EventQueue-StaleNodeForStaleNodeHandler] INFO  pipeline.PipelineManagerImpl (PipelineManagerImpl.java:closeContainersForPipeline(484)) - Container #1 closed for pipeline=PipelineID=81ff5ff8-3747-4d3b-94d0-19b6e1b1e1f7
2024-02-22 20:33:47,584 [EventQueue-StaleNodeForStaleNodeHandler] INFO  pipeline.PipelineManagerImpl (PipelineManagerImpl.java:closePipeline(518)) - Pipeline PipelineID=81ff5ff8-3747-4d3b-94d0-19b6e1b1e1f7 moved to CLOSED state
2024-02-22 20:33:47,585 [EventQueue-StaleNodeForStaleNodeHandler] INFO  pipeline.PipelineManagerImpl (PipelineManagerImpl.java:closePipeline(518)) - Pipeline PipelineID=014e79b4-2d53-4af7-bdbb-f0c26c70f6ea moved to CLOSED state
2024-02-22 20:33:47,585 [EventQueue-StaleNodeForStaleNodeHandler] INFO  pipeline.PipelineManagerImpl (PipelineManagerImpl.java:closePipeline(518)) - Pipeline PipelineID=724f0737-a92a-4fca-96d8-c6933685b048 moved to CLOSED state
2024-02-22 20:33:47,585 [EventQueue-CloseContainerForCloseContainerEventHandler] INFO  container.CloseContainerEventHandler (CloseContainerEventHandler.java:onMessage(88)) - Close container Event triggered for container : #1, current state: CLOSING
2024-02-22 20:33:48,444 [ReplicationMonitor] INFO  replication.ReplicationManager (ReplicationManager.java:sendDatanodeCommand(678)) - Sending command [closeContainerCommand: containerID: 1, pipelineID: PipelineID=81ff5ff8-3747-4d3b-94d0-19b6e1b1e1f7, force: true] for container ContainerInfo{id=#1, state=CLOSING, stateEnterTime=2024-02-22T20:33:47.583Z, pipelineID=PipelineID=81ff5ff8-3747-4d3b-94d0-19b6e1b1e1f7, owner=omServiceIdDefault} to 13f92446-3b18-4d81-bc66-0f9b00220e72(fv-az779-213.k0faouyluq4u1aavuapgg5xmpb.cx.internal.cloudapp.net/10.1.0.33) with datanode deadline 1708634598444 and scm deadline 1708634628444
2024-02-22 20:33:48,444 [ReplicationMonitor] INFO  replication.ReplicationManager (ReplicationManager.java:sendDatanodeCommand(678)) - Sending command [closeContainerCommand: containerID: 1, pipelineID: PipelineID=81ff5ff8-3747-4d3b-94d0-19b6e1b1e1f7, force: true] for container ContainerInfo{id=#1, state=CLOSING, stateEnterTime=2024-02-22T20:33:47.583Z, pipelineID=PipelineID=81ff5ff8-3747-4d3b-94d0-19b6e1b1e1f7, owner=omServiceIdDefault} to e780b093-7242-46d7-bd8f-0f810188c7b3(fv-az779-213.k0faouyluq4u1aavuapgg5xmpb.cx.internal.cloudapp.net/10.1.0.33) with datanode deadline 1708634598444 and scm deadline 1708634628444
2024-02-22 20:33:48,444 [ReplicationMonitor] INFO  replication.ReplicationManager (ReplicationManager.java:sendDatanodeCommand(678)) - Sending command [closeContainerCommand: containerID: 1, pipelineID: PipelineID=81ff5ff8-3747-4d3b-94d0-19b6e1b1e1f7, force: true] for container ContainerInfo{id=#1, state=CLOSING, stateEnterTime=2024-02-22T20:33:47.583Z, pipelineID=PipelineID=81ff5ff8-3747-4d3b-94d0-19b6e1b1e1f7, owner=omServiceIdDefault} to c30fedce-f286-40e0-881d-3d5a9a6e2463(fv-az779-213.k0faouyluq4u1aavuapgg5xmpb.cx.internal.cloudapp.net/10.1.0.33) with datanode deadline 1708634598444 and scm deadline 1708634628444
2024-02-22 20:33:48,444 [ReplicationMonitor] INFO  replication.ReplicationManager (ReplicationManager.java:sendDatanodeCommand(678)) - Sending command [closeContainerCommand: containerID: 1, pipelineID: PipelineID=81ff5ff8-3747-4d3b-94d0-19b6e1b1e1f7, force: true] for container ContainerInfo{id=#1, state=CLOSING, stateEnterTime=2024-02-22T20:33:47.583Z, pipelineID=PipelineID=81ff5ff8-3747-4d3b-94d0-19b6e1b1e1f7, owner=omServiceIdDefault} to 923be64f-71f4-4891-b05d-82ff5a9df5b5(fv-az779-213.k0faouyluq4u1aavuapgg5xmpb.cx.internal.cloudapp.net/10.1.0.33) with datanode deadline 1708634598444 and scm deadline 1708634628444
2024-02-22 20:33:48,444 [ReplicationMonitor] INFO  replication.ReplicationManager (ReplicationManager.java:sendDatanodeCommand(678)) - Sending command [closeContainerCommand: containerID: 1, pipelineID: PipelineID=81ff5ff8-3747-4d3b-94d0-19b6e1b1e1f7, force: true] for container ContainerInfo{id=#1, state=CLOSING, stateEnterTime=2024-02-22T20:33:47.583Z, pipelineID=PipelineID=81ff5ff8-3747-4d3b-94d0-19b6e1b1e1f7, owner=omServiceIdDefault} to 86ab988c-fa9c-425d-a1c6-9004ff7fd93d(fv-az779-213.k0faouyluq4u1aavuapgg5xmpb.cx.internal.cloudapp.net/10.1.0.33) with datanode deadline 1708634598444 and scm deadline 1708634628444
2024-02-22 20:33:48,445 [ReplicationMonitor] INFO  replication.ReplicationManager (ReplicationManager.java:processAll(398)) - Replication Monitor Thread took 10 milliseconds for processing 1 containers.
2024-02-22 20:33:49,087 [EventQueue-DeadNodeForDeadNodeHandler] INFO  node.DeadNodeHandler (DeadNodeHandler.java:onMessage(95)) - A dead datanode is detected. 13f92446-3b18-4d81-bc66-0f9b00220e72(fv-az779-213.k0faouyluq4u1aavuapgg5xmpb.cx.internal.cloudapp.net/10.1.0.33)
2024-02-22 20:33:49,089 [EventQueue-DeadNodeForDeadNodeHandler] INFO  pipeline.RatisPipelineProvider (RatisPipelineProvider.java:lambda$close$4(270)) - Send pipeline:PipelineID=d218b5b2-1780-4e0a-a27d-ef19ab1be06f close command to datanode 13f92446-3b18-4d81-bc66-0f9b00220e72
2024-02-22 20:33:49,090 [EventQueue-DeadNodeForDeadNodeHandler] INFO  pipeline.PipelineManagerImpl (PipelineManagerImpl.java:removePipeline(459)) - Pipeline Pipeline[ Id: d218b5b2-1780-4e0a-a27d-ef19ab1be06f, Nodes: 13f92446-3b18-4d81-bc66-0f9b00220e72(fv-az779-213.k0faouyluq4u1aavuapgg5xmpb.cx.internal.cloudapp.net/10.1.0.33), ReplicationConfig: RATIS/ONE, State:CLOSED, leaderId:13f92446-3b18-4d81-bc66-0f9b00220e72, CreationTimestamp2024-02-22T20:33:37.310Z[Etc/UTC]] removed.
2024-02-22 20:33:49,090 [EventQueue-DeadNodeForDeadNodeHandler] INFO  pipeline.RatisPipelineProvider (RatisPipelineProvider.java:lambda$close$4(270)) - Send pipeline:PipelineID=974fd487-4b0f-4554-8c0f-c4bff782ab50 close command to datanode 78f89d9b-e409-4704-890b-bfcfbcdfd28a
2024-02-22 20:33:49,091 [EventQueue-DeadNodeForDeadNodeHandler] INFO  pipeline.RatisPipelineProvider (RatisPipelineProvider.java:lambda$close$4(270)) - Send pipeline:PipelineID=974fd487-4b0f-4554-8c0f-c4bff782ab50 close command to datanode c30fedce-f286-40e0-881d-3d5a9a6e2463
2024-02-22 20:33:49,091 [EventQueue-DeadNodeForDeadNodeHandler] INFO  pipeline.RatisPipelineProvider (RatisPipelineProvider.java:lambda$close$4(270)) - Send pipeline:PipelineID=974fd487-4b0f-4554-8c0f-c4bff782ab50 close command to datanode 13f92446-3b18-4d81-bc66-0f9b00220e72
2024-02-22 20:33:49,091 [EventQueue-DeadNodeForDeadNodeHandler] INFO  pipeline.PipelineManagerImpl (PipelineManagerImpl.java:removePipeline(459)) - Pipeline Pipeline[ Id: 974fd487-4b0f-4554-8c0f-c4bff782ab50, Nodes: 78f89d9b-e409-4704-890b-bfcfbcdfd28a(fv-az779-213.k0faouyluq4u1aavuapgg5xmpb.cx.internal.cloudapp.net/10.1.0.33)c30fedce-f286-40e0-881d-3d5a9a6e2463(fv-az779-213.k0faouyluq4u1aavuapgg5xmpb.cx.internal.cloudapp.net/10.1.0.33)13f92446-3b18-4d81-bc66-0f9b00220e72(fv-az779-213.k0faouyluq4u1aavuapgg5xmpb.cx.internal.cloudapp.net/10.1.0.33), ReplicationConfig: RATIS/THREE, State:CLOSED, leaderId:c30fedce-f286-40e0-881d-3d5a9a6e2463, CreationTimestamp2024-02-22T20:33:37.445Z[Etc/UTC]] removed.
2024-02-22 20:33:49,092 [EventQueue-DeadNodeForDeadNodeHandler] INFO  pipeline.RatisPipelineProvider (RatisPipelineProvider.java:lambda$close$4(270)) - Send pipeline:PipelineID=d49f5e63-9859-43c9-95b6-b58ed9299b6f close command to datanode 13f92446-3b18-4d81-bc66-0f9b00220e72
2024-02-22 20:33:49,092 [EventQueue-DeadNodeForDeadNodeHandler] INFO  pipeline.RatisPipelineProvider (RatisPipelineProvider.java:lambda$close$4(270)) - Send pipeline:PipelineID=d49f5e63-9859-43c9-95b6-b58ed9299b6f close command to datanode 78f89d9b-e409-4704-890b-bfcfbcdfd28a
2024-02-22 20:33:49,092 [EventQueue-DeadNodeForDeadNodeHandler] INFO  pipeline.RatisPipelineProvider (RatisPipelineProvider.java:lambda$close$4(270)) - Send pipeline:PipelineID=d49f5e63-9859-43c9-95b6-b58ed9299b6f close command to datanode c30fedce-f286-40e0-881d-3d5a9a6e2463
2024-02-22 20:33:49,093 [EventQueue-DeadNodeForDeadNodeHandler] INFO  pipeline.PipelineManagerImpl (PipelineManagerImpl.java:removePipeline(459)) - Pipeline Pipeline[ Id: d49f5e63-9859-43c9-95b6-b58ed9299b6f, Nodes: 13f92446-3b18-4d81-bc66-0f9b00220e72(fv-az779-213.k0faouyluq4u1aavuapgg5xmpb.cx.internal.cloudapp.net/10.1.0.33)78f89d9b-e409-4704-890b-bfcfbcdfd28a(fv-az779-213.k0faouyluq4u1aavuapgg5xmpb.cx.internal.cloudapp.net/10.1.0.33)c30fedce-f286-40e0-881d-3d5a9a6e2463(fv-az779-213.k0faouyluq4u1aavuapgg5xmpb.cx.internal.cloudapp.net/10.1.0.33), ReplicationConfig: RATIS/THREE, State:CLOSED, leaderId:13f92446-3b18-4d81-bc66-0f9b00220e72, CreationTimestamp2024-02-22T20:33:37.442Z[Etc/UTC]] removed.
2024-02-22 20:33:49,093 [EventQueue-DeadNodeForDeadNodeHandler] INFO  pipeline.RatisPipelineProvider (RatisPipelineProvider.java:lambda$close$4(270)) - Send pipeline:PipelineID=a069b16c-3c19-42f6-a3b4-b62ac99fa1e0 close command to datanode 78f89d9b-e409-4704-890b-bfcfbcdfd28a
2024-02-22 20:33:49,093 [EventQueue-DeadNodeForDeadNodeHandler] INFO  pipeline.RatisPipelineProvider (RatisPipelineProvider.java:lambda$close$4(270)) - Send pipeline:PipelineID=a069b16c-3c19-42f6-a3b4-b62ac99fa1e0 close command to datanode 13f92446-3b18-4d81-bc66-0f9b00220e72
2024-02-22 20:33:49,094 [EventQueue-DeadNodeForDeadNodeHandler] INFO  pipeline.RatisPipelineProvider (RatisPipelineProvider.java:lambda$close$4(270)) - Send pipeline:PipelineID=a069b16c-3c19-42f6-a3b4-b62ac99fa1e0 close command to datanode e780b093-7242-46d7-bd8f-0f810188c7b3
2024-02-22 20:33:49,094 [EventQueue-DeadNodeForDeadNodeHandler] INFO  pipeline.PipelineManagerImpl (PipelineManagerImpl.java:removePipeline(459)) - Pipeline Pipeline[ Id: a069b16c-3c19-42f6-a3b4-b62ac99fa1e0, Nodes: 78f89d9b-e409-4704-890b-bfcfbcdfd28a(fv-az779-213.k0faouyluq4u1aavuapgg5xmpb.cx.internal.cloudapp.net/10.1.0.33)13f92446-3b18-4d81-bc66-0f9b00220e72(fv-az779-213.k0faouyluq4u1aavuapgg5xmpb.cx.internal.cloudapp.net/10.1.0.33)e780b093-7242-46d7-bd8f-0f810188c7b3(fv-az779-213.k0faouyluq4u1aavuapgg5xmpb.cx.internal.cloudapp.net/10.1.0.33), ReplicationConfig: RATIS/THREE, State:CLOSED, leaderId:e780b093-7242-46d7-bd8f-0f810188c7b3, CreationTimestamp2024-02-22T20:33:39.680Z[Etc/UTC]] removed.
2024-02-22 20:33:49,095 [EventQueue-DeadNodeForDeadNodeHandler] INFO  pipeline.PipelineManagerImpl (PipelineManagerImpl.java:removePipeline(459)) - Pipeline Pipeline[ Id: 81ff5ff8-3747-4d3b-94d0-19b6e1b1e1f7, Nodes: 13f92446-3b18-4d81-bc66-0f9b00220e72(fv-az779-213.k0faouyluq4u1aavuapgg5xmpb.cx.internal.cloudapp.net/10.1.0.33)c30fedce-f286-40e0-881d-3d5a9a6e2463(fv-az779-213.k0faouyluq4u1aavuapgg5xmpb.cx.internal.cloudapp.net/10.1.0.33)923be64f-71f4-4891-b05d-82ff5a9df5b5(fv-az779-213.k0faouyluq4u1aavuapgg5xmpb.cx.internal.cloudapp.net/10.1.0.33)e780b093-7242-46d7-bd8f-0f810188c7b3(fv-az779-213.k0faouyluq4u1aavuapgg5xmpb.cx.internal.cloudapp.net/10.1.0.33)86ab988c-fa9c-425d-a1c6-9004ff7fd93d(fv-az779-213.k0faouyluq4u1aavuapgg5xmpb.cx.internal.cloudapp.net/10.1.0.33), ReplicationConfig: EC{rs-3-2-1024k}, State:CLOSED, leaderId:, CreationTimestamp2024-02-22T20:33:45.415Z[Etc/UTC]] removed.
2024-02-22 20:33:49,095 [EventQueue-DeadNodeForDeadNodeHandler] INFO  pipeline.RatisPipelineProvider (RatisPipelineProvider.java:lambda$close$4(270)) - Send pipeline:PipelineID=014e79b4-2d53-4af7-bdbb-f0c26c70f6ea close command to datanode 13f92446-3b18-4d81-bc66-0f9b00220e72
2024-02-22 20:33:49,096 [EventQueue-DeadNodeForDeadNodeHandler] INFO  pipeline.PipelineManagerImpl (PipelineManagerImpl.java:removePipeline(459)) - Pipeline Pipeline[ Id: 014e79b4-2d53-4af7-bdbb-f0c26c70f6ea, Nodes: 13f92446-3b18-4d81-bc66-0f9b00220e72(fv-az779-213.k0faouyluq4u1aavuapgg5xmpb.cx.internal.cloudapp.net/10.1.0.33), ReplicationConfig: RATIS/ONE, State:CLOSED, leaderId:13f92446-3b18-4d81-bc66-0f9b00220e72, CreationTimestamp2024-02-22T20:33:39.478Z[Etc/UTC]] removed.
2024-02-22 20:33:49,096 [EventQueue-DeadNodeForDeadNodeHandler] INFO  pipeline.RatisPipelineProvider (RatisPipelineProvider.java:lambda$close$4(270)) - Send pipeline:PipelineID=724f0737-a92a-4fca-96d8-c6933685b048 close command to datanode c30fedce-f286-40e0-881d-3d5a9a6e2463
2024-02-22 20:33:49,096 [EventQueue-DeadNodeForDeadNodeHandler] INFO  pipeline.RatisPipelineProvider (RatisPipelineProvider.java:lambda$close$4(270)) - Send pipeline:PipelineID=724f0737-a92a-4fca-96d8-c6933685b048 close command to datanode 86ab988c-fa9c-425d-a1c6-9004ff7fd93d
2024-02-22 20:33:49,097 [EventQueue-DeadNodeForDeadNodeHandler] INFO  pipeline.RatisPipelineProvider (RatisPipelineProvider.java:lambda$close$4(270)) - Send pipeline:PipelineID=724f0737-a92a-4fca-96d8-c6933685b048 close command to datanode 13f92446-3b18-4d81-bc66-0f9b00220e72
2024-02-22 20:33:49,097 [EventQueue-DeadNodeForDeadNodeHandler] INFO  pipeline.PipelineManagerImpl (PipelineManagerImpl.java:removePipeline(459)) - Pipeline Pipeline[ Id: 724f0737-a92a-4fca-96d8-c6933685b048, Nodes: c30fedce-f286-40e0-881d-3d5a9a6e2463(fv-az779-213.k0faouyluq4u1aavuapgg5xmpb.cx.internal.cloudapp.net/10.1.0.33)86ab988c-fa9c-425d-a1c6-9004ff7fd93d(fv-az779-213.k0faouyluq4u1aavuapgg5xmpb.cx.internal.cloudapp.net/10.1.0.33)13f92446-3b18-4d81-bc66-0f9b00220e72(fv-az779-213.k0faouyluq4u1aavuapgg5xmpb.cx.internal.cloudapp.net/10.1.0.33), ReplicationConfig: RATIS/THREE, State:CLOSED, leaderId:c30fedce-f286-40e0-881d-3d5a9a6e2463, CreationTimestamp2024-02-22T20:33:39.480Z[Etc/UTC]] removed.
2024-02-22 20:33:49,099 [EventQueue-DeadNodeForDeadNodeHandler] INFO  node.DeadNodeHandler (DeadNodeHandler.java:onMessage(108)) - Clearing command queue of size 8 for DN 13f92446-3b18-4d81-bc66-0f9b00220e72(fv-az779-213.k0faouyluq4u1aavuapgg5xmpb.cx.internal.cloudapp.net/10.1.0.33)
2024-02-22 20:33:49,099 [EventQueue-DeadNodeForDeadNodeHandler] INFO  net.NetworkTopologyImpl (NetworkTopologyImpl.java:remove(202)) - Removed a node: /default-rack/13f92446-3b18-4d81-bc66-0f9b00220e72
2024-02-22 20:33:49,102 [e780b093-7242-46d7-bd8f-0f810188c7b3-CloseContainerThread-0] INFO  keyvalue.KeyValueContainer (KeyValueContainer.java:flushAndSyncDB(522)) - Container 1 is synced with bcsId 0.
2024-02-22 20:33:49,102 [e780b093-7242-46d7-bd8f-0f810188c7b3-CloseContainerThread-0] INFO  keyvalue.KeyValueContainer (KeyValueContainer.java:flushAndSyncDB(522)) - Container 1 is synced with bcsId 0.
2024-02-22 20:33:49,105 [e780b093-7242-46d7-bd8f-0f810188c7b3-CloseContainerThread-0] INFO  keyvalue.KeyValueContainer (KeyValueContainer.java:close(437)) - Container 1 is closed with bcsId 0.
2024-02-22 20:33:49,106 [FixedThreadPoolWithAffinityExecutor-0-0] INFO  container.IncrementalContainerReportHandler (AbstractContainerReportHandler.java:updateContainerState(312)) - Moving container #1 to CLOSED state, datanode e780b093-7242-46d7-bd8f-0f810188c7b3(fv-az779-213.k0faouyluq4u1aavuapgg5xmpb.cx.internal.cloudapp.net/10.1.0.33) reported CLOSED replica with index 4.
2024-02-22 20:33:49,373 [main] INFO  utils.DatanodeStoreCache (DatanodeStoreCache.java:shutdownCache(116)) - Skip clearing cache in mini cluster mode. Entries left: [/home/runner/work/ozone/ozone/hadoop-ozone/integration-test/target/test-dir/MiniOzoneClusterImpl-a0fc024b-a492-45a5-9697-b0d14f72cb5c/datanode-0/data-0/containers/hdds/a0fc024b-a492-45a5-9697-b0d14f72cb5c/DS-299987d7-fd24-454a-a84b-6cc06537c5fb/container.db, /home/runner/work/ozone/ozone/hadoop-ozone/integration-test/target/test-dir/MiniOzoneClusterImpl-a0fc024b-a492-45a5-9697-b0d14f72cb5c/datanode-1/data-0/containers/hdds/a0fc024b-a492-45a5-9697-b0d14f72cb5c/DS-03c0cb47-e50f-46ca-8df8-5e5d0fe0e276/container.db, /home/runner/work/ozone/ozone/hadoop-ozone/integration-test/target/test-dir/MiniOzoneClusterImpl-a0fc024b-a492-45a5-9697-b0d14f72cb5c/datanode-2/data-0/containers/hdds/a0fc024b-a492-45a5-9697-b0d14f72cb5c/DS-abaa2ce2-b3fd-4c70-8851-d0201c21e826/container.db, /home/runner/work/ozone/ozone/hadoop-ozone/integration-test/target/test-dir/MiniOzoneClusterImpl-a0fc024b-a492-45a5-9697-b0d14f72cb5c/datanode-3/data-0/containers/hdds/a0fc024b-a492-45a5-9697-b0d14f72cb5c/DS-d29d917a-0b9a-42c9-b993-f172b98444da/container.db, /home/runner/work/ozone/ozone/hadoop-ozone/integration-test/target/test-dir/MiniOzoneClusterImpl-a0fc024b-a492-45a5-9697-b0d14f72cb5c/datanode-4/data-0/containers/hdds/a0fc024b-a492-45a5-9697-b0d14f72cb5c/DS-235cea87-c68a-4619-b2c3-27ee6d6aa8c8/container.db, /home/runner/work/ozone/ozone/hadoop-ozone/integration-test/target/test-dir/MiniOzoneClusterImpl-a0fc024b-a492-45a5-9697-b0d14f72cb5c/datanode-5/data-0/containers/hdds/a0fc024b-a492-45a5-9697-b0d14f72cb5c/DS-14864615-8396-4ee9-a345-c70cc21159d0/container.db, /home/runner/work/ozone/ozone/hadoop-ozone/integration-test/target/test-dir/MiniOzoneClusterImpl-a0fc024b-a492-45a5-9697-b0d14f72cb5c/datanode-6/data-0/containers/hdds/a0fc024b-a492-45a5-9697-b0d14f72cb5c/DS-4102b721-6723-401c-b44c-75f127aad9dc/container.db, /home/runner/work/ozone/ozone/hadoop-ozone/integration-test/target/test-dir/MiniOzoneClusterImpl-a0fc024b-a492-45a5-9697-b0d14f72cb5c/datanode-7/data-0/containers/hdds/a0fc024b-a492-45a5-9697-b0d14f72cb5c/DS-6624c09e-ab20-42b2-9f8d-c05c1cadbcc3/container.db, /home/runner/work/ozone/ozone/hadoop-ozone/integration-test/target/test-dir/MiniOzoneClusterImpl-a0fc024b-a492-45a5-9697-b0d14f72cb5c/datanode-8/data-0/containers/hdds/a0fc024b-a492-45a5-9697-b0d14f72cb5c/DS-14ef36f7-00e5-4d97-aacd-17cb31820a20/container.db, /home/runner/work/ozone/ozone/hadoop-ozone/integration-test/target/test-dir/MiniOzoneClusterImpl-a0fc024b-a492-45a5-9697-b0d14f72cb5c/datanode-9/data-0/containers/hdds/a0fc024b-a492-45a5-9697-b0d14f72cb5c/DS-c39179ae-62f0-416f-8500-3873941ab73f/container.db]
2024-02-22 20:33:49,379 [main] INFO  utils.DatanodeStoreCache (DatanodeStoreCache.java:removeDB(110)) - Removed db /home/runner/work/ozone/ozone/hadoop-ozone/integration-test/target/test-dir/MiniOzoneClusterImpl-a0fc024b-a492-45a5-9697-b0d14f72cb5c/datanode-7/data-0/containers/hdds/a0fc024b-a492-45a5-9697-b0d14f72cb5c/DS-6624c09e-ab20-42b2-9f8d-c05c1cadbcc3/container.db from cache
2024-02-22 20:33:49,379 [main] INFO  volume.HddsVolume (HddsVolume.java:closeDbStore(451)) - SchemaV3 db is stopped at /home/runner/work/ozone/ozone/hadoop-ozone/integration-test/target/test-dir/MiniOzoneClusterImpl-a0fc024b-a492-45a5-9697-b0d14f72cb5c/datanode-7/data-0/containers/hdds/a0fc024b-a492-45a5-9697-b0d14f72cb5c/DS-6624c09e-ab20-42b2-9f8d-c05c1cadbcc3/container.db for volume DS-6624c09e-ab20-42b2-9f8d-c05c1cadbcc3
2024-02-22 20:33:49,379 [main] INFO  utils.BackgroundService (BackgroundService.java:shutdown(160)) - Shutting down service BlockDeletingService
2024-02-22 20:33:49,380 [main] INFO  utils.BackgroundService (BackgroundService.java:shutdown(160)) - Shutting down service StaleRecoveringContainerScrubbingService
2024-02-22 20:33:49,380 [main] INFO  statemachine.DatanodeStateMachine (DatanodeStateMachine.java:stopDaemon(638)) - Ozone container server stopped.
2024-02-22 20:33:49,382 [main] INFO  handler.ContextHandler (ContextHandler.java:doStop(1159)) - Stopped o.e.j.w.WebAppContext@478dc67c{hddsDatanode,/,null,STOPPED}{jar:file:/home/runner/.m2/repository/org/apache/ozone/hdds-container-service/1.5.0-SNAPSHOT/hdds-container-service-1.5.0-SNAPSHOT.jar!/webapps/hddsDatanode}
2024-02-22 20:33:49,385 [main] INFO  server.AbstractConnector (AbstractConnector.java:doStop(383)) - Stopped ServerConnector@5ffc5867{HTTP/1.1, (http/1.1)}{0.0.0.0:15072}
2024-02-22 20:33:49,385 [main] INFO  server.session (HouseKeeper.java:stopScavenging(149)) - node0 Stopped scavenging
2024-02-22 20:33:49,386 [main] INFO  handler.ContextHandler (ContextHandler.java:doStop(1159)) - Stopped o.e.j.s.ServletContextHandler@5483015{static,/static,jar:file:/home/runner/.m2/repository/org/apache/ozone/hdds-container-service/1.5.0-SNAPSHOT/hdds-container-service-1.5.0-SNAPSHOT.jar!/webapps/static,STOPPED}
2024-02-22 20:33:49,386 [main] INFO  handler.ContextHandler (ContextHandler.java:doStop(1159)) - Stopped o.e.j.s.ServletContextHandler@6d58674f{logs,/logs,file:///home/runner/work/ozone/ozone/hadoop-ozone/integration-test/target/log,STOPPED}
2024-02-22 20:33:49,387 [main] INFO  ozone.HddsDatanodeClientProtocolServer (HddsDatanodeClientProtocolServer.java:stop(78)) - Stopping the RPC server for Client Protocol
2024-02-22 20:33:49,387 [main] INFO  ipc.Server (Server.java:stop(3523)) - Stopping server on 15073
2024-02-22 20:33:49,389 [IPC Server listener on 15073] INFO  ipc.Server (Server.java:run(1434)) - Stopping IPC Server listener on 15073
2024-02-22 20:33:49,390 [IPC Server Responder] INFO  ipc.Server (Server.java:run(1567)) - Stopping IPC Server Responder
2024-02-22 20:33:49,392 [main] INFO  replication.ReplicationManager (ReplicationManager.java:stop(327)) - Stopping Replication Monitor Thread.
2024-02-22 20:33:49,392 [UnderReplicatedProcessor] WARN  replication.UnhealthyReplicationProcessor (UnhealthyReplicationProcessor.java:run(180)) - UnderReplicatedProcessor interrupted. Exiting...
2024-02-22 20:33:49,392 [ReplicationMonitor] INFO  replication.ReplicationManager (ReplicationManager.java:run(934)) - Replication Monitor Thread is stopped
2024-02-22 20:33:49,392 [OverReplicatedProcessor] WARN  replication.UnhealthyReplicationProcessor (UnhealthyReplicationProcessor.java:run(180)) - OverReplicatedProcessor interrupted. Exiting...
2024-02-22 20:33:49,394 [main] INFO  replication.ReplicationManager (ReplicationManager.java:start(295)) - Starting Replication Monitor Thread.
2024-02-22 20:33:49,396 [ReplicationMonitor] INFO  replication.ReplicationManager (ReplicationManager.java:sendDatanodeCommand(678)) - Sending command [closeContainerCommand: containerID: 1, pipelineID: PipelineID=81ff5ff8-3747-4d3b-94d0-19b6e1b1e1f7, force: true] for container ContainerInfo{id=#1, state=CLOSED, stateEnterTime=2024-02-22T20:33:49.107Z, pipelineID=PipelineID=81ff5ff8-3747-4d3b-94d0-19b6e1b1e1f7, owner=omServiceIdDefault} to 923be64f-71f4-4891-b05d-82ff5a9df5b5(fv-az779-213.k0faouyluq4u1aavuapgg5xmpb.cx.internal.cloudapp.net/10.1.0.33) with datanode deadline 1708634599396 and scm deadline 1708634629396
2024-02-22 20:33:49,396 [ReplicationMonitor] INFO  replication.ReplicationManager (ReplicationManager.java:sendDatanodeCommand(678)) - Sending command [closeContainerCommand: containerID: 1, pipelineID: PipelineID=81ff5ff8-3747-4d3b-94d0-19b6e1b1e1f7, force: true] for container ContainerInfo{id=#1, state=CLOSED, stateEnterTime=2024-02-22T20:33:49.107Z, pipelineID=PipelineID=81ff5ff8-3747-4d3b-94d0-19b6e1b1e1f7, owner=omServiceIdDefault} to c30fedce-f286-40e0-881d-3d5a9a6e2463(fv-az779-213.k0faouyluq4u1aavuapgg5xmpb.cx.internal.cloudapp.net/10.1.0.33) with datanode deadline 1708634599396 and scm deadline 1708634629396
2024-02-22 20:33:49,396 [ReplicationMonitor] INFO  replication.ReplicationManager (ReplicationManager.java:sendDatanodeCommand(678)) - Sending command [closeContainerCommand: containerID: 1, pipelineID: PipelineID=81ff5ff8-3747-4d3b-94d0-19b6e1b1e1f7, force: true] for container ContainerInfo{id=#1, state=CLOSED, stateEnterTime=2024-02-22T20:33:49.107Z, pipelineID=PipelineID=81ff5ff8-3747-4d3b-94d0-19b6e1b1e1f7, owner=omServiceIdDefault} to 86ab988c-fa9c-425d-a1c6-9004ff7fd93d(fv-az779-213.k0faouyluq4u1aavuapgg5xmpb.cx.internal.cloudapp.net/10.1.0.33) with datanode deadline 1708634599396 and scm deadline 1708634629396
2024-02-22 20:33:49,401 [ReplicationMonitor] INFO  replication.ReplicationManager (ReplicationManager.java:processAll(398)) - Replication Monitor Thread took 7 milliseconds for processing 1 containers.
2024-02-22 20:33:49,753 [86ab988c-fa9c-425d-a1c6-9004ff7fd93d-PipelineCommandHandlerThread-0] INFO  server.RaftServer (RaftServerProxy.java:remove(111)) - 86ab988c-fa9c-425d-a1c6-9004ff7fd93d: remove  FOLLOWER 86ab988c-fa9c-425d-a1c6-9004ff7fd93d@group-C6933685B048:t1, leader=c30fedce-f286-40e0-881d-3d5a9a6e2463, voted=c30fedce-f286-40e0-881d-3d5a9a6e2463, raftlog=Memoized:86ab988c-fa9c-425d-a1c6-9004ff7fd93d@group-C6933685B048-SegmentedRaftLog:OPENED:c0, conf=0: peers:[86ab988c-fa9c-425d-a1c6-9004ff7fd93d|10.1.0.33:15059, c30fedce-f286-40e0-881d-3d5a9a6e2463|10.1.0.33:15068, 13f92446-3b18-4d81-bc66-0f9b00220e72|10.1.0.33:15077]|listeners:[], old=null RUNNING
2024-02-22 20:33:49,754 [86ab988c-fa9c-425d-a1c6-9004ff7fd93d-PipelineCommandHandlerThread-0] INFO  server.RaftServer$Division (RaftServerImpl.java:lambda$close$3(526)) - 86ab988c-fa9c-425d-a1c6-9004ff7fd93d@group-C6933685B048: shutdown
2024-02-22 20:33:49,754 [86ab988c-fa9c-425d-a1c6-9004ff7fd93d-PipelineCommandHandlerThread-0] INFO  util.JmxRegister (JmxRegister.java:unregister(73)) - Successfully un-registered JMX Bean with object name Ratis:service=RaftServer,group=group-C6933685B048,id=86ab988c-fa9c-425d-a1c6-9004ff7fd93d
2024-02-22 20:33:49,754 [86ab988c-fa9c-425d-a1c6-9004ff7fd93d-PipelineCommandHandlerThread-0] INFO  impl.RoleInfo (RoleInfo.java:shutdownFollowerState(110)) - 86ab988c-fa9c-425d-a1c6-9004ff7fd93d: shutdown 86ab988c-fa9c-425d-a1c6-9004ff7fd93d@group-C6933685B048-FollowerState
2024-02-22 20:33:49,754 [86ab988c-fa9c-425d-a1c6-9004ff7fd93d-PipelineCommandHandlerThread-0] INFO  impl.StateMachineUpdater (StateMachineUpdater.java:stopAndJoin(157)) - 86ab988c-fa9c-425d-a1c6-9004ff7fd93d@group-C6933685B048-StateMachineUpdater: set stopIndex = 0
2024-02-22 20:33:49,754 [86ab988c-fa9c-425d-a1c6-9004ff7fd93d@group-C6933685B048-StateMachineUpdater] INFO  ratis.ContainerStateMachine (ContainerStateMachine.java:takeSnapshot(355)) - group-C6933685B048: Taking a snapshot at:(t:1, i:0) file /home/runner/work/ozone/ozone/hadoop-ozone/integration-test/target/test-dir/MiniOzoneClusterImpl-a0fc024b-a492-45a5-9697-b0d14f72cb5c/datanode-5/data/ratis/724f0737-a92a-4fca-96d8-c6933685b048/sm/snapshot.1_0
2024-02-22 20:33:49,755 [86ab988c-fa9c-425d-a1c6-9004ff7fd93d@group-C6933685B048-StateMachineUpdater] INFO  ratis.ContainerStateMachine (ContainerStateMachine.java:takeSnapshot(366)) - group-C6933685B048: Finished taking a snapshot at:(t:1, i:0) file:/home/runner/work/ozone/ozone/hadoop-ozone/integration-test/target/test-dir/MiniOzoneClusterImpl-a0fc024b-a492-45a5-9697-b0d14f72cb5c/datanode-5/data/ratis/724f0737-a92a-4fca-96d8-c6933685b048/sm/snapshot.1_0 took: 1 ms
2024-02-22 20:33:49,754 [86ab988c-fa9c-425d-a1c6-9004ff7fd93d@group-C6933685B048-FollowerState] INFO  impl.FollowerState (FollowerState.java:run(152)) - 86ab988c-fa9c-425d-a1c6-9004ff7fd93d@group-C6933685B048-FollowerState was interrupted
2024-02-22 20:33:49,758 [86ab988c-fa9c-425d-a1c6-9004ff7fd93d@group-C6933685B048-StateMachineUpdater] INFO  impl.StateMachineUpdater (StateMachineUpdater.java:takeSnapshot(295)) - 86ab988c-fa9c-425d-a1c6-9004ff7fd93d@group-C6933685B048-StateMachineUpdater: Took a snapshot at index 0
2024-02-22 20:33:49,758 [86ab988c-fa9c-425d-a1c6-9004ff7fd93d@group-C6933685B048-StateMachineUpdater] INFO  impl.StateMachineUpdater (StateMachineUpdater.java:lambda$new$0(98)) - 86ab988c-fa9c-425d-a1c6-9004ff7fd93d@group-C6933685B048-StateMachineUpdater: snapshotIndex: updateIncreasingly -1 -> 0
2024-02-22 20:33:49,758 [86ab988c-fa9c-425d-a1c6-9004ff7fd93d-PipelineCommandHandlerThread-0] INFO  server.RaftServer$Division (ServerState.java:close(427)) - 86ab988c-fa9c-425d-a1c6-9004ff7fd93d@group-C6933685B048: applyIndex: 0
2024-02-22 20:33:49,759 [86ab988c-fa9c-425d-a1c6-9004ff7fd93d@group-C6933685B048-cacheEviction-AwaitToRun] INFO  util.AwaitToRun (AwaitToRun.java:run(49)) - 86ab988c-fa9c-425d-a1c6-9004ff7fd93d@group-C6933685B048-cacheEviction-AwaitToRun-AwaitForSignal is interrupted
2024-02-22 20:33:49,760 [86ab988c-fa9c-425d-a1c6-9004ff7fd93d-CloseContainerThread-1] INFO  keyvalue.KeyValueContainer (KeyValueContainer.java:flushAndSyncDB(522)) - Container 1 is synced with bcsId 0.
2024-02-22 20:33:49,761 [86ab988c-fa9c-425d-a1c6-9004ff7fd93d-CloseContainerThread-1] INFO  keyvalue.KeyValueContainer (KeyValueContainer.java:flushAndSyncDB(522)) - Container 1 is synced with bcsId 0.
2024-02-22 20:33:49,766 [86ab988c-fa9c-425d-a1c6-9004ff7fd93d-CloseContainerThread-1] INFO  keyvalue.KeyValueContainer (KeyValueContainer.java:close(437)) - Container 1 is closed with bcsId 0.
2024-02-22 20:33:49,851 [86ab988c-fa9c-425d-a1c6-9004ff7fd93d-PipelineCommandHandlerThread-0] INFO  segmented.SegmentedRaftLogWorker (SegmentedRaftLogWorker.java:close(245)) - 86ab988c-fa9c-425d-a1c6-9004ff7fd93d@group-C6933685B048-SegmentedRaftLogWorker close()
2024-02-22 20:33:49,855 [86ab988c-fa9c-425d-a1c6-9004ff7fd93d-PipelineCommandHandlerThread-0] INFO  server.RaftServer$Division (RaftServerImpl.java:groupRemove(496)) - 86ab988c-fa9c-425d-a1c6-9004ff7fd93d@group-C6933685B048: Succeed to remove RaftStorageDirectory Storage Directory /home/runner/work/ozone/ozone/hadoop-ozone/integration-test/target/test-dir/MiniOzoneClusterImpl-a0fc024b-a492-45a5-9697-b0d14f72cb5c/datanode-5/data/ratis/724f0737-a92a-4fca-96d8-c6933685b048
2024-02-22 20:33:49,855 [86ab988c-fa9c-425d-a1c6-9004ff7fd93d-PipelineCommandHandlerThread-0] ERROR commandhandler.ClosePipelineCommandHandler (ClosePipelineCommandHandler.java:lambda$handle$2(137)) - Can't close pipeline PipelineID=724f0737-a92a-4fca-96d8-c6933685b048
org.apache.ratis.protocol.exceptions.GroupMismatchException: 86ab988c-fa9c-425d-a1c6-9004ff7fd93d: group-C6933685B048 not found.
	at org.apache.ratis.server.impl.RaftServerProxy$ImplMap.get(RaftServerProxy.java:154)
	at org.apache.ratis.server.impl.RaftServerProxy.getImplFuture(RaftServerProxy.java:364)
	at org.apache.ratis.server.impl.RaftServerProxy.getImpl(RaftServerProxy.java:373)
	at org.apache.ratis.server.impl.RaftServerProxy.getDivision(RaftServerProxy.java:386)
	at org.apache.hadoop.ozone.container.common.transport.server.ratis.XceiverServerRatis.getRaftPeersInPipeline(XceiverServerRatis.java:951)
	at org.apache.hadoop.ozone.container.common.statemachine.commandhandler.ClosePipelineCommandHandler.lambda$handle$2(ClosePipelineCommandHandler.java:114)
	at java.util.concurrent.CompletableFuture$AsyncRun.run(CompletableFuture.java:1640)
	at java.util.concurrent.ThreadPoolExecutor.runWorker(ThreadPoolExecutor.java:1149)
	at java.util.concurrent.ThreadPoolExecutor$Worker.run(ThreadPoolExecutor.java:624)
	at java.lang.Thread.run(Thread.java:750)
2024-02-22 20:33:49,913 [923be64f-71f4-4891-b05d-82ff5a9df5b5-CloseContainerThread-0] INFO  keyvalue.KeyValueContainer (KeyValueContainer.java:flushAndSyncDB(522)) - Container 1 is synced with bcsId 0.
2024-02-22 20:33:49,913 [923be64f-71f4-4891-b05d-82ff5a9df5b5-CloseContainerThread-0] INFO  keyvalue.KeyValueContainer (KeyValueContainer.java:flushAndSyncDB(522)) - Container 1 is synced with bcsId 0.
2024-02-22 20:33:49,916 [923be64f-71f4-4891-b05d-82ff5a9df5b5-CloseContainerThread-0] INFO  keyvalue.KeyValueContainer (KeyValueContainer.java:close(437)) - Container 1 is closed with bcsId 0.
2024-02-22 20:33:50,290 [78f89d9b-e409-4704-890b-bfcfbcdfd28a-PipelineCommandHandlerThread-0] INFO  server.RaftServer (RaftServerProxy.java:remove(111)) - 78f89d9b-e409-4704-890b-bfcfbcdfd28a: remove  FOLLOWER 78f89d9b-e409-4704-890b-bfcfbcdfd28a@group-C4BFF782AB50:t1, leader=c30fedce-f286-40e0-881d-3d5a9a6e2463, voted=c30fedce-f286-40e0-881d-3d5a9a6e2463, raftlog=Memoized:78f89d9b-e409-4704-890b-bfcfbcdfd28a@group-C4BFF782AB50-SegmentedRaftLog:OPENED:c0, conf=0: peers:[78f89d9b-e409-4704-890b-bfcfbcdfd28a|10.1.0.33:15086, c30fedce-f286-40e0-881d-3d5a9a6e2463|10.1.0.33:15068, 13f92446-3b18-4d81-bc66-0f9b00220e72|10.1.0.33:15077]|listeners:[], old=null RUNNING
2024-02-22 20:33:50,290 [78f89d9b-e409-4704-890b-bfcfbcdfd28a-PipelineCommandHandlerThread-0] INFO  server.RaftServer$Division (RaftServerImpl.java:lambda$close$3(526)) - 78f89d9b-e409-4704-890b-bfcfbcdfd28a@group-C4BFF782AB50: shutdown
2024-02-22 20:33:50,290 [78f89d9b-e409-4704-890b-bfcfbcdfd28a-PipelineCommandHandlerThread-0] INFO  util.JmxRegister (JmxRegister.java:unregister(73)) - Successfully un-registered JMX Bean with object name Ratis:service=RaftServer,group=group-C4BFF782AB50,id=78f89d9b-e409-4704-890b-bfcfbcdfd28a
2024-02-22 20:33:50,290 [78f89d9b-e409-4704-890b-bfcfbcdfd28a-PipelineCommandHandlerThread-0] INFO  impl.RoleInfo (RoleInfo.java:shutdownFollowerState(110)) - 78f89d9b-e409-4704-890b-bfcfbcdfd28a: shutdown 78f89d9b-e409-4704-890b-bfcfbcdfd28a@group-C4BFF782AB50-FollowerState
2024-02-22 20:33:50,290 [78f89d9b-e409-4704-890b-bfcfbcdfd28a-PipelineCommandHandlerThread-0] INFO  impl.StateMachineUpdater (StateMachineUpdater.java:stopAndJoin(157)) - 78f89d9b-e409-4704-890b-bfcfbcdfd28a@group-C4BFF782AB50-StateMachineUpdater: set stopIndex = 0
2024-02-22 20:33:50,290 [78f89d9b-e409-4704-890b-bfcfbcdfd28a@group-C4BFF782AB50-FollowerState] INFO  impl.FollowerState (FollowerState.java:run(152)) - 78f89d9b-e409-4704-890b-bfcfbcdfd28a@group-C4BFF782AB50-FollowerState was interrupted
2024-02-22 20:33:50,292 [78f89d9b-e409-4704-890b-bfcfbcdfd28a@group-C4BFF782AB50-StateMachineUpdater] INFO  ratis.ContainerStateMachine (ContainerStateMachine.java:takeSnapshot(355)) - group-C4BFF782AB50: Taking a snapshot at:(t:1, i:0) file /home/runner/work/ozone/ozone/hadoop-ozone/integration-test/target/test-dir/MiniOzoneClusterImpl-a0fc024b-a492-45a5-9697-b0d14f72cb5c/datanode-8/data/ratis/974fd487-4b0f-4554-8c0f-c4bff782ab50/sm/snapshot.1_0
2024-02-22 20:33:50,293 [78f89d9b-e409-4704-890b-bfcfbcdfd28a@group-C4BFF782AB50-StateMachineUpdater] INFO  ratis.ContainerStateMachine (ContainerStateMachine.java:takeSnapshot(366)) - group-C4BFF782AB50: Finished taking a snapshot at:(t:1, i:0) file:/home/runner/work/ozone/ozone/hadoop-ozone/integration-test/target/test-dir/MiniOzoneClusterImpl-a0fc024b-a492-45a5-9697-b0d14f72cb5c/datanode-8/data/ratis/974fd487-4b0f-4554-8c0f-c4bff782ab50/sm/snapshot.1_0 took: 1 ms
2024-02-22 20:33:50,293 [78f89d9b-e409-4704-890b-bfcfbcdfd28a@group-C4BFF782AB50-StateMachineUpdater] INFO  impl.StateMachineUpdater (StateMachineUpdater.java:takeSnapshot(295)) - 78f89d9b-e409-4704-890b-bfcfbcdfd28a@group-C4BFF782AB50-StateMachineUpdater: Took a snapshot at index 0
2024-02-22 20:33:50,293 [78f89d9b-e409-4704-890b-bfcfbcdfd28a@group-C4BFF782AB50-StateMachineUpdater] INFO  impl.StateMachineUpdater (StateMachineUpdater.java:lambda$new$0(98)) - 78f89d9b-e409-4704-890b-bfcfbcdfd28a@group-C4BFF782AB50-StateMachineUpdater: snapshotIndex: updateIncreasingly -1 -> 0
2024-02-22 20:33:50,294 [78f89d9b-e409-4704-890b-bfcfbcdfd28a-PipelineCommandHandlerThread-0] INFO  server.RaftServer$Division (ServerState.java:close(427)) - 78f89d9b-e409-4704-890b-bfcfbcdfd28a@group-C4BFF782AB50: applyIndex: 0
2024-02-22 20:33:50,294 [78f89d9b-e409-4704-890b-bfcfbcdfd28a@group-C4BFF782AB50-cacheEviction-AwaitToRun] INFO  util.AwaitToRun (AwaitToRun.java:run(49)) - 78f89d9b-e409-4704-890b-bfcfbcdfd28a@group-C4BFF782AB50-cacheEviction-AwaitToRun-AwaitForSignal is interrupted
2024-02-22 20:33:50,325 [c30fedce-f286-40e0-881d-3d5a9a6e2463-PipelineCommandHandlerThread-0] INFO  server.RaftServer (RaftServerProxy.java:remove(111)) - c30fedce-f286-40e0-881d-3d5a9a6e2463: remove    LEADER c30fedce-f286-40e0-881d-3d5a9a6e2463@group-C4BFF782AB50:t1, leader=c30fedce-f286-40e0-881d-3d5a9a6e2463, voted=c30fedce-f286-40e0-881d-3d5a9a6e2463, raftlog=Memoized:c30fedce-f286-40e0-881d-3d5a9a6e2463@group-C4BFF782AB50-SegmentedRaftLog:OPENED:c0, conf=0: peers:[78f89d9b-e409-4704-890b-bfcfbcdfd28a|10.1.0.33:15086, c30fedce-f286-40e0-881d-3d5a9a6e2463|10.1.0.33:15068, 13f92446-3b18-4d81-bc66-0f9b00220e72|10.1.0.33:15077]|listeners:[], old=null RUNNING
2024-02-22 20:33:50,326 [c30fedce-f286-40e0-881d-3d5a9a6e2463-PipelineCommandHandlerThread-0] INFO  server.RaftServer$Division (RaftServerImpl.java:lambda$close$3(526)) - c30fedce-f286-40e0-881d-3d5a9a6e2463@group-C4BFF782AB50: shutdown
2024-02-22 20:33:50,326 [c30fedce-f286-40e0-881d-3d5a9a6e2463-PipelineCommandHandlerThread-0] INFO  util.JmxRegister (JmxRegister.java:unregister(73)) - Successfully un-registered JMX Bean with object name Ratis:service=RaftServer,group=group-C4BFF782AB50,id=c30fedce-f286-40e0-881d-3d5a9a6e2463
2024-02-22 20:33:50,326 [c30fedce-f286-40e0-881d-3d5a9a6e2463-PipelineCommandHandlerThread-0] INFO  impl.RoleInfo (RoleInfo.java:shutdownLeaderState(94)) - c30fedce-f286-40e0-881d-3d5a9a6e2463: shutdown c30fedce-f286-40e0-881d-3d5a9a6e2463@group-C4BFF782AB50-LeaderStateImpl
2024-02-22 20:33:50,326 [c30fedce-f286-40e0-881d-3d5a9a6e2463-PipelineCommandHandlerThread-0] INFO  impl.PendingRequests (PendingRequests.java:sendNotLeaderResponses(289)) - c30fedce-f286-40e0-881d-3d5a9a6e2463@group-C4BFF782AB50-PendingRequests: sendNotLeaderResponses
2024-02-22 20:33:50,326 [c30fedce-f286-40e0-881d-3d5a9a6e2463@group-C4BFF782AB50->78f89d9b-e409-4704-890b-bfcfbcdfd28a-GrpcLogAppender-LogAppenderDaemon] WARN  server.GrpcLogAppender (GrpcLogAppender.java:mayWait(289)) - c30fedce-f286-40e0-881d-3d5a9a6e2463@group-C4BFF782AB50->78f89d9b-e409-4704-890b-bfcfbcdfd28a-GrpcLogAppender: Wait interrupted by java.lang.InterruptedException
2024-02-22 20:33:50,327 [c30fedce-f286-40e0-881d-3d5a9a6e2463-CloseContainerThread-0] INFO  keyvalue.KeyValueContainer (KeyValueContainer.java:flushAndSyncDB(522)) - Container 1 is synced with bcsId 0.
2024-02-22 20:33:50,327 [grpc-default-executor-13] INFO  server.GrpcServerProtocolService (GrpcServerProtocolService.java:onCompleted(157)) - 78f89d9b-e409-4704-890b-bfcfbcdfd28a: Completed APPEND_ENTRIES, lastRequest: null
2024-02-22 20:33:50,327 [c30fedce-f286-40e0-881d-3d5a9a6e2463-CloseContainerThread-0] INFO  keyvalue.KeyValueContainer (KeyValueContainer.java:flushAndSyncDB(522)) - Container 1 is synced with bcsId 0.
2024-02-22 20:33:50,328 [c30fedce-f286-40e0-881d-3d5a9a6e2463@group-C4BFF782AB50->13f92446-3b18-4d81-bc66-0f9b00220e72-GrpcLogAppender-LogAppenderDaemon] WARN  server.GrpcLogAppender (GrpcLogAppender.java:mayWait(289)) - c30fedce-f286-40e0-881d-3d5a9a6e2463@group-C4BFF782AB50->13f92446-3b18-4d81-bc66-0f9b00220e72-GrpcLogAppender: Wait interrupted by java.lang.InterruptedException
2024-02-22 20:33:50,328 [c30fedce-f286-40e0-881d-3d5a9a6e2463-PipelineCommandHandlerThread-0] INFO  impl.StateMachineUpdater (StateMachineUpdater.java:stopAndJoin(157)) - c30fedce-f286-40e0-881d-3d5a9a6e2463@group-C4BFF782AB50-StateMachineUpdater: set stopIndex = 0
2024-02-22 20:33:50,328 [c30fedce-f286-40e0-881d-3d5a9a6e2463@group-C4BFF782AB50-StateMachineUpdater] INFO  ratis.ContainerStateMachine (ContainerStateMachine.java:takeSnapshot(355)) - group-C4BFF782AB50: Taking a snapshot at:(t:1, i:0) file /home/runner/work/ozone/ozone/hadoop-ozone/integration-test/target/test-dir/MiniOzoneClusterImpl-a0fc024b-a492-45a5-9697-b0d14f72cb5c/datanode-6/data/ratis/974fd487-4b0f-4554-8c0f-c4bff782ab50/sm/snapshot.1_0
2024-02-22 20:33:50,328 [c30fedce-f286-40e0-881d-3d5a9a6e2463@group-C4BFF782AB50-StateMachineUpdater] INFO  ratis.ContainerStateMachine (ContainerStateMachine.java:takeSnapshot(366)) - group-C4BFF782AB50: Finished taking a snapshot at:(t:1, i:0) file:/home/runner/work/ozone/ozone/hadoop-ozone/integration-test/target/test-dir/MiniOzoneClusterImpl-a0fc024b-a492-45a5-9697-b0d14f72cb5c/datanode-6/data/ratis/974fd487-4b0f-4554-8c0f-c4bff782ab50/sm/snapshot.1_0 took: 0 ms
2024-02-22 20:33:50,329 [c30fedce-f286-40e0-881d-3d5a9a6e2463@group-C4BFF782AB50-StateMachineUpdater] INFO  impl.StateMachineUpdater (StateMachineUpdater.java:takeSnapshot(295)) - c30fedce-f286-40e0-881d-3d5a9a6e2463@group-C4BFF782AB50-StateMachineUpdater: Took a snapshot at index 0
2024-02-22 20:33:50,329 [c30fedce-f286-40e0-881d-3d5a9a6e2463@group-C4BFF782AB50-StateMachineUpdater] INFO  impl.StateMachineUpdater (StateMachineUpdater.java:lambda$new$0(98)) - c30fedce-f286-40e0-881d-3d5a9a6e2463@group-C4BFF782AB50-StateMachineUpdater: snapshotIndex: updateIncreasingly -1 -> 0
2024-02-22 20:33:50,329 [c30fedce-f286-40e0-881d-3d5a9a6e2463-PipelineCommandHandlerThread-0] INFO  server.RaftServer$Division (ServerState.java:close(427)) - c30fedce-f286-40e0-881d-3d5a9a6e2463@group-C4BFF782AB50: applyIndex: 0
2024-02-22 20:33:50,329 [c30fedce-f286-40e0-881d-3d5a9a6e2463@group-C4BFF782AB50-cacheEviction-AwaitToRun] INFO  util.AwaitToRun (AwaitToRun.java:run(49)) - c30fedce-f286-40e0-881d-3d5a9a6e2463@group-C4BFF782AB50-cacheEviction-AwaitToRun-AwaitForSignal is interrupted
2024-02-22 20:33:50,330 [grpc-default-executor-13] INFO  server.GrpcServerProtocolService (GrpcServerProtocolService.java:lambda$onCompleted$5(159)) - 78f89d9b-e409-4704-890b-bfcfbcdfd28a: Completed APPEND_ENTRIES, lastReply: serverReply {
  requestorId: "c30fedce-f286-40e0-881d-3d5a9a6e2463"
  replyId: "78f89d9b-e409-4704-890b-bfcfbcdfd28a"
  raftGroupId {
    id: "\227O\324\207K\017ET\214\017\304\277\367\202\253P"
  }
  callId: 4
  success: true
}
term: 1
nextIndex: 1
matchIndex: 18446744073709551615
isHearbeat: true

2024-02-22 20:33:50,332 [grpc-default-executor-8] INFO  server.GrpcLogAppender (GrpcLogAppender.java:onCompleted(546)) - c30fedce-f286-40e0-881d-3d5a9a6e2463@group-C4BFF782AB50->78f89d9b-e409-4704-890b-bfcfbcdfd28a-AppendLogResponseHandler: follower responses appendEntries COMPLETED
2024-02-22 20:33:50,333 [grpc-default-executor-4] INFO  server.GrpcServerProtocolService (GrpcServerProtocolService.java:onCompleted(157)) - 78f89d9b-e409-4704-890b-bfcfbcdfd28a: Completed APPEND_ENTRIES, lastRequest: c30fedce-f286-40e0-881d-3d5a9a6e2463->78f89d9b-e409-4704-890b-bfcfbcdfd28a#1-t1,previous=(t:0, i:0),leaderCommit=-1,initializing? false,entries: size=1, first=(t:1, i:0), CONFIGURATIONENTRY(current:id: "78f89d9b-e409-4704-890b-bfcfbcdfd28a"
address: "10.1.0.33:15086"
dataStreamAddress: "10.1.0.33:15087"
clientAddress: "10.1.0.33:15084"
adminAddress: "10.1.0.33:15085"
startupRole: FOLLOWER
,id: "c30fedce-f286-40e0-881d-3d5a9a6e2463"
address: "10.1.0.33:15068"
priority: 1
dataStreamAddress: "10.1.0.33:15069"
clientAddress: "10.1.0.33:15066"
adminAddress: "10.1.0.33:15067"
startupRole: FOLLOWER
,id: "13f92446-3b18-4d81-bc66-0f9b00220e72"
address: "10.1.0.33:15077"
dataStreamAddress: "10.1.0.33:15078"
clientAddress: "10.1.0.33:15075"
adminAddress: "10.1.0.33:15076"
startupRole: FOLLOWER
, old:)
2024-02-22 20:33:50,333 [grpc-default-executor-4] INFO  server.GrpcServerProtocolService (GrpcServerProtocolService.java:lambda$onCompleted$5(159)) - 78f89d9b-e409-4704-890b-bfcfbcdfd28a: Completed APPEND_ENTRIES, lastReply: null
2024-02-22 20:33:50,333 [grpc-default-executor-4] INFO  server.GrpcLogAppender (GrpcLogAppender.java:onCompleted(546)) - c30fedce-f286-40e0-881d-3d5a9a6e2463@group-C4BFF782AB50->78f89d9b-e409-4704-890b-bfcfbcdfd28a-AppendLogResponseHandler: follower responses appendEntries COMPLETED
2024-02-22 20:33:50,335 [c30fedce-f286-40e0-881d-3d5a9a6e2463-CloseContainerThread-0] INFO  keyvalue.KeyValueContainer (KeyValueContainer.java:close(437)) - Container 1 is closed with bcsId 0.
2024-02-22 20:33:50,369 [c30fedce-f286-40e0-881d-3d5a9a6e2463-PipelineCommandHandlerThread-0] INFO  segmented.SegmentedRaftLogWorker (SegmentedRaftLogWorker.java:close(245)) - c30fedce-f286-40e0-881d-3d5a9a6e2463@group-C4BFF782AB50-SegmentedRaftLogWorker close()
2024-02-22 20:33:50,372 [c30fedce-f286-40e0-881d-3d5a9a6e2463-PipelineCommandHandlerThread-0] INFO  server.RaftServer$Division (RaftServerImpl.java:groupRemove(496)) - c30fedce-f286-40e0-881d-3d5a9a6e2463@group-C4BFF782AB50: Succeed to remove RaftStorageDirectory Storage Directory /home/runner/work/ozone/ozone/hadoop-ozone/integration-test/target/test-dir/MiniOzoneClusterImpl-a0fc024b-a492-45a5-9697-b0d14f72cb5c/datanode-6/data/ratis/974fd487-4b0f-4554-8c0f-c4bff782ab50
2024-02-22 20:33:50,372 [c30fedce-f286-40e0-881d-3d5a9a6e2463-PipelineCommandHandlerThread-0] ERROR commandhandler.ClosePipelineCommandHandler (ClosePipelineCommandHandler.java:lambda$handle$2(137)) - Can't close pipeline PipelineID=974fd487-4b0f-4554-8c0f-c4bff782ab50
org.apache.ratis.protocol.exceptions.GroupMismatchException: c30fedce-f286-40e0-881d-3d5a9a6e2463: group-C4BFF782AB50 not found.
	at org.apache.ratis.server.impl.RaftServerProxy$ImplMap.get(RaftServerProxy.java:154)
	at org.apache.ratis.server.impl.RaftServerProxy.getImplFuture(RaftServerProxy.java:364)
	at org.apache.ratis.server.impl.RaftServerProxy.getImpl(RaftServerProxy.java:373)
	at org.apache.ratis.server.impl.RaftServerProxy.getDivision(RaftServerProxy.java:386)
	at org.apache.hadoop.ozone.container.common.transport.server.ratis.XceiverServerRatis.getRaftPeersInPipeline(XceiverServerRatis.java:951)
	at org.apache.hadoop.ozone.container.common.statemachine.commandhandler.ClosePipelineCommandHandler.lambda$handle$2(ClosePipelineCommandHandler.java:114)
	at java.util.concurrent.CompletableFuture$AsyncRun.run(CompletableFuture.java:1640)
	at java.util.concurrent.ThreadPoolExecutor.runWorker(ThreadPoolExecutor.java:1149)
	at java.util.concurrent.ThreadPoolExecutor$Worker.run(ThreadPoolExecutor.java:624)
	at java.lang.Thread.run(Thread.java:750)
2024-02-22 20:33:50,373 [c30fedce-f286-40e0-881d-3d5a9a6e2463-PipelineCommandHandlerThread-0] INFO  server.RaftServer (RaftServerProxy.java:remove(111)) - c30fedce-f286-40e0-881d-3d5a9a6e2463: remove  FOLLOWER c30fedce-f286-40e0-881d-3d5a9a6e2463@group-B58ED9299B6F:t1, leader=13f92446-3b18-4d81-bc66-0f9b00220e72, voted=13f92446-3b18-4d81-bc66-0f9b00220e72, raftlog=Memoized:c30fedce-f286-40e0-881d-3d5a9a6e2463@group-B58ED9299B6F-SegmentedRaftLog:OPENED:c-1, conf=0: peers:[78f89d9b-e409-4704-890b-bfcfbcdfd28a|10.1.0.33:15086, c30fedce-f286-40e0-881d-3d5a9a6e2463|10.1.0.33:15068, 13f92446-3b18-4d81-bc66-0f9b00220e72|10.1.0.33:15077]|listeners:[], old=null RUNNING
2024-02-22 20:33:50,373 [c30fedce-f286-40e0-881d-3d5a9a6e2463-PipelineCommandHandlerThread-0] INFO  server.RaftServer$Division (RaftServerImpl.java:lambda$close$3(526)) - c30fedce-f286-40e0-881d-3d5a9a6e2463@group-B58ED9299B6F: shutdown
2024-02-22 20:33:50,373 [c30fedce-f286-40e0-881d-3d5a9a6e2463-PipelineCommandHandlerThread-0] INFO  util.JmxRegister (JmxRegister.java:unregister(73)) - Successfully un-registered JMX Bean with object name Ratis:service=RaftServer,group=group-B58ED9299B6F,id=c30fedce-f286-40e0-881d-3d5a9a6e2463
2024-02-22 20:33:50,373 [c30fedce-f286-40e0-881d-3d5a9a6e2463-PipelineCommandHandlerThread-0] INFO  impl.RoleInfo (RoleInfo.java:shutdownFollowerState(110)) - c30fedce-f286-40e0-881d-3d5a9a6e2463: shutdown c30fedce-f286-40e0-881d-3d5a9a6e2463@group-B58ED9299B6F-FollowerState
2024-02-22 20:33:50,373 [c30fedce-f286-40e0-881d-3d5a9a6e2463-PipelineCommandHandlerThread-0] INFO  impl.StateMachineUpdater (StateMachineUpdater.java:stopAndJoin(157)) - c30fedce-f286-40e0-881d-3d5a9a6e2463@group-B58ED9299B6F-StateMachineUpdater: set stopIndex = -1
2024-02-22 20:33:50,373 [c30fedce-f286-40e0-881d-3d5a9a6e2463@group-B58ED9299B6F-FollowerState] INFO  impl.FollowerState (FollowerState.java:run(152)) - c30fedce-f286-40e0-881d-3d5a9a6e2463@group-B58ED9299B6F-FollowerState was interrupted
2024-02-22 20:33:50,373 [c30fedce-f286-40e0-881d-3d5a9a6e2463-PipelineCommandHandlerThread-0] INFO  server.RaftServer$Division (ServerState.java:close(427)) - c30fedce-f286-40e0-881d-3d5a9a6e2463@group-B58ED9299B6F: applyIndex: -1
2024-02-22 20:33:50,375 [c30fedce-f286-40e0-881d-3d5a9a6e2463@group-B58ED9299B6F-cacheEviction-AwaitToRun] INFO  util.AwaitToRun (AwaitToRun.java:run(49)) - c30fedce-f286-40e0-881d-3d5a9a6e2463@group-B58ED9299B6F-cacheEviction-AwaitToRun-AwaitForSignal is interrupted
2024-02-22 20:33:50,465 [78f89d9b-e409-4704-890b-bfcfbcdfd28a-PipelineCommandHandlerThread-0] INFO  segmented.SegmentedRaftLogWorker (SegmentedRaftLogWorker.java:close(245)) - 78f89d9b-e409-4704-890b-bfcfbcdfd28a@group-C4BFF782AB50-SegmentedRaftLogWorker close()
2024-02-22 20:33:50,469 [78f89d9b-e409-4704-890b-bfcfbcdfd28a-PipelineCommandHandlerThread-0] INFO  server.RaftServer$Division (RaftServerImpl.java:groupRemove(496)) - 78f89d9b-e409-4704-890b-bfcfbcdfd28a@group-C4BFF782AB50: Succeed to remove RaftStorageDirectory Storage Directory /home/runner/work/ozone/ozone/hadoop-ozone/integration-test/target/test-dir/MiniOzoneClusterImpl-a0fc024b-a492-45a5-9697-b0d14f72cb5c/datanode-8/data/ratis/974fd487-4b0f-4554-8c0f-c4bff782ab50
2024-02-22 20:33:50,469 [78f89d9b-e409-4704-890b-bfcfbcdfd28a-PipelineCommandHandlerThread-0] ERROR commandhandler.ClosePipelineCommandHandler (ClosePipelineCommandHandler.java:lambda$handle$2(137)) - Can't close pipeline PipelineID=974fd487-4b0f-4554-8c0f-c4bff782ab50
org.apache.ratis.protocol.exceptions.GroupMismatchException: 78f89d9b-e409-4704-890b-bfcfbcdfd28a: group-C4BFF782AB50 not found.
	at org.apache.ratis.server.impl.RaftServerProxy$ImplMap.get(RaftServerProxy.java:154)
	at org.apache.ratis.server.impl.RaftServerProxy.getImplFuture(RaftServerProxy.java:364)
	at org.apache.ratis.server.impl.RaftServerProxy.getImpl(RaftServerProxy.java:373)
	at org.apache.ratis.server.impl.RaftServerProxy.getDivision(RaftServerProxy.java:386)
	at org.apache.hadoop.ozone.container.common.transport.server.ratis.XceiverServerRatis.getRaftPeersInPipeline(XceiverServerRatis.java:951)
	at org.apache.hadoop.ozone.container.common.statemachine.commandhandler.ClosePipelineCommandHandler.lambda$handle$2(ClosePipelineCommandHandler.java:114)
	at java.util.concurrent.CompletableFuture$AsyncRun.run(CompletableFuture.java:1640)
	at java.util.concurrent.ThreadPoolExecutor.runWorker(ThreadPoolExecutor.java:1149)
	at java.util.concurrent.ThreadPoolExecutor$Worker.run(ThreadPoolExecutor.java:624)
	at java.lang.Thread.run(Thread.java:750)
2024-02-22 20:33:50,469 [78f89d9b-e409-4704-890b-bfcfbcdfd28a-PipelineCommandHandlerThread-0] INFO  server.RaftServer (RaftServerProxy.java:remove(111)) - 78f89d9b-e409-4704-890b-bfcfbcdfd28a: remove  FOLLOWER 78f89d9b-e409-4704-890b-bfcfbcdfd28a@group-B58ED9299B6F:t1, leader=13f92446-3b18-4d81-bc66-0f9b00220e72, voted=13f92446-3b18-4d81-bc66-0f9b00220e72, raftlog=Memoized:78f89d9b-e409-4704-890b-bfcfbcdfd28a@group-B58ED9299B6F-SegmentedRaftLog:OPENED:c-1, conf=0: peers:[78f89d9b-e409-4704-890b-bfcfbcdfd28a|10.1.0.33:15086, c30fedce-f286-40e0-881d-3d5a9a6e2463|10.1.0.33:15068, 13f92446-3b18-4d81-bc66-0f9b00220e72|10.1.0.33:15077]|listeners:[], old=null RUNNING
2024-02-22 20:33:50,470 [78f89d9b-e409-4704-890b-bfcfbcdfd28a-PipelineCommandHandlerThread-0] INFO  server.RaftServer$Division (RaftServerImpl.java:lambda$close$3(526)) - 78f89d9b-e409-4704-890b-bfcfbcdfd28a@group-B58ED9299B6F: shutdown
2024-02-22 20:33:50,470 [78f89d9b-e409-4704-890b-bfcfbcdfd28a-PipelineCommandHandlerThread-0] INFO  util.JmxRegister (JmxRegister.java:unregister(73)) - Successfully un-registered JMX Bean with object name Ratis:service=RaftServer,group=group-B58ED9299B6F,id=78f89d9b-e409-4704-890b-bfcfbcdfd28a
2024-02-22 20:33:50,470 [78f89d9b-e409-4704-890b-bfcfbcdfd28a-PipelineCommandHandlerThread-0] INFO  impl.RoleInfo (RoleInfo.java:shutdownFollowerState(110)) - 78f89d9b-e409-4704-890b-bfcfbcdfd28a: shutdown 78f89d9b-e409-4704-890b-bfcfbcdfd28a@group-B58ED9299B6F-FollowerState
2024-02-22 20:33:50,470 [78f89d9b-e409-4704-890b-bfcfbcdfd28a-PipelineCommandHandlerThread-0] INFO  impl.StateMachineUpdater (StateMachineUpdater.java:stopAndJoin(157)) - 78f89d9b-e409-4704-890b-bfcfbcdfd28a@group-B58ED9299B6F-StateMachineUpdater: set stopIndex = -1
2024-02-22 20:33:50,470 [78f89d9b-e409-4704-890b-bfcfbcdfd28a@group-B58ED9299B6F-FollowerState] INFO  impl.FollowerState (FollowerState.java:run(152)) - 78f89d9b-e409-4704-890b-bfcfbcdfd28a@group-B58ED9299B6F-FollowerState was interrupted
2024-02-22 20:33:50,471 [78f89d9b-e409-4704-890b-bfcfbcdfd28a-PipelineCommandHandlerThread-0] INFO  server.RaftServer$Division (ServerState.java:close(427)) - 78f89d9b-e409-4704-890b-bfcfbcdfd28a@group-B58ED9299B6F: applyIndex: -1
2024-02-22 20:33:50,471 [78f89d9b-e409-4704-890b-bfcfbcdfd28a@group-B58ED9299B6F-cacheEviction-AwaitToRun] INFO  util.AwaitToRun (AwaitToRun.java:run(49)) - 78f89d9b-e409-4704-890b-bfcfbcdfd28a@group-B58ED9299B6F-cacheEviction-AwaitToRun-AwaitForSignal is interrupted
2024-02-22 20:33:50,582 [e780b093-7242-46d7-bd8f-0f810188c7b3-PipelineCommandHandlerThread-0] INFO  server.RaftServer (RaftServerProxy.java:remove(111)) - e780b093-7242-46d7-bd8f-0f810188c7b3: remove    LEADER e780b093-7242-46d7-bd8f-0f810188c7b3@group-B62AC99FA1E0:t1, leader=e780b093-7242-46d7-bd8f-0f810188c7b3, voted=e780b093-7242-46d7-bd8f-0f810188c7b3, raftlog=Memoized:e780b093-7242-46d7-bd8f-0f810188c7b3@group-B62AC99FA1E0-SegmentedRaftLog:OPENED:c0, conf=0: peers:[78f89d9b-e409-4704-890b-bfcfbcdfd28a|10.1.0.33:15086, e780b093-7242-46d7-bd8f-0f810188c7b3|10.1.0.33:15095, 13f92446-3b18-4d81-bc66-0f9b00220e72|10.1.0.33:15077]|listeners:[], old=null RUNNING
2024-02-22 20:33:50,582 [e780b093-7242-46d7-bd8f-0f810188c7b3-PipelineCommandHandlerThread-0] INFO  server.RaftServer$Division (RaftServerImpl.java:lambda$close$3(526)) - e780b093-7242-46d7-bd8f-0f810188c7b3@group-B62AC99FA1E0: shutdown
2024-02-22 20:33:50,582 [e780b093-7242-46d7-bd8f-0f810188c7b3-PipelineCommandHandlerThread-0] INFO  util.JmxRegister (JmxRegister.java:unregister(73)) - Successfully un-registered JMX Bean with object name Ratis:service=RaftServer,group=group-B62AC99FA1E0,id=e780b093-7242-46d7-bd8f-0f810188c7b3
2024-02-22 20:33:50,583 [e780b093-7242-46d7-bd8f-0f810188c7b3-PipelineCommandHandlerThread-0] INFO  impl.RoleInfo (RoleInfo.java:shutdownLeaderState(94)) - e780b093-7242-46d7-bd8f-0f810188c7b3: shutdown e780b093-7242-46d7-bd8f-0f810188c7b3@group-B62AC99FA1E0-LeaderStateImpl
2024-02-22 20:33:50,583 [e780b093-7242-46d7-bd8f-0f810188c7b3@group-B62AC99FA1E0->78f89d9b-e409-4704-890b-bfcfbcdfd28a-GrpcLogAppender-LogAppenderDaemon] WARN  server.GrpcLogAppender (GrpcLogAppender.java:mayWait(289)) - e780b093-7242-46d7-bd8f-0f810188c7b3@group-B62AC99FA1E0->78f89d9b-e409-4704-890b-bfcfbcdfd28a-GrpcLogAppender: Wait interrupted by java.lang.InterruptedException
2024-02-22 20:33:50,583 [e780b093-7242-46d7-bd8f-0f810188c7b3@group-B62AC99FA1E0->13f92446-3b18-4d81-bc66-0f9b00220e72-GrpcLogAppender-LogAppenderDaemon] WARN  server.GrpcLogAppender (GrpcLogAppender.java:mayWait(289)) - e780b093-7242-46d7-bd8f-0f810188c7b3@group-B62AC99FA1E0->13f92446-3b18-4d81-bc66-0f9b00220e72-GrpcLogAppender: Wait interrupted by java.lang.InterruptedException
2024-02-22 20:33:50,583 [e780b093-7242-46d7-bd8f-0f810188c7b3-PipelineCommandHandlerThread-0] INFO  impl.PendingRequests (PendingRequests.java:sendNotLeaderResponses(289)) - e780b093-7242-46d7-bd8f-0f810188c7b3@group-B62AC99FA1E0-PendingRequests: sendNotLeaderResponses
2024-02-22 20:33:50,584 [grpc-default-executor-8] INFO  server.GrpcServerProtocolService (GrpcServerProtocolService.java:onCompleted(157)) - 78f89d9b-e409-4704-890b-bfcfbcdfd28a: Completed APPEND_ENTRIES, lastRequest: null
2024-02-22 20:33:50,584 [e780b093-7242-46d7-bd8f-0f810188c7b3-PipelineCommandHandlerThread-0] INFO  impl.StateMachineUpdater (StateMachineUpdater.java:stopAndJoin(157)) - e780b093-7242-46d7-bd8f-0f810188c7b3@group-B62AC99FA1E0-StateMachineUpdater: set stopIndex = 0
2024-02-22 20:33:50,584 [grpc-default-executor-8] INFO  server.GrpcServerProtocolService (GrpcServerProtocolService.java:lambda$onCompleted$5(159)) - 78f89d9b-e409-4704-890b-bfcfbcdfd28a: Completed APPEND_ENTRIES, lastReply: serverReply {
  requestorId: "e780b093-7242-46d7-bd8f-0f810188c7b3"
  replyId: "78f89d9b-e409-4704-890b-bfcfbcdfd28a"
  raftGroupId {
    id: "\240i\261l<\031B\366\243\264\266*\311\237\241\340"
  }
  callId: 3
  success: true
}
term: 1
nextIndex: 1
matchIndex: 18446744073709551615
isHearbeat: true

2024-02-22 20:33:50,584 [e780b093-7242-46d7-bd8f-0f810188c7b3@group-B62AC99FA1E0-StateMachineUpdater] INFO  ratis.ContainerStateMachine (ContainerStateMachine.java:takeSnapshot(355)) - group-B62AC99FA1E0: Taking a snapshot at:(t:1, i:0) file /home/runner/work/ozone/ozone/hadoop-ozone/integration-test/target/test-dir/MiniOzoneClusterImpl-a0fc024b-a492-45a5-9697-b0d14f72cb5c/datanode-9/data/ratis/a069b16c-3c19-42f6-a3b4-b62ac99fa1e0/sm/snapshot.1_0
2024-02-22 20:33:50,584 [grpc-default-executor-4] INFO  server.GrpcServerProtocolService (GrpcServerProtocolService.java:onCompleted(157)) - 78f89d9b-e409-4704-890b-bfcfbcdfd28a: Completed APPEND_ENTRIES, lastRequest: e780b093-7242-46d7-bd8f-0f810188c7b3->78f89d9b-e409-4704-890b-bfcfbcdfd28a#1-t1,previous=(t:0, i:0),leaderCommit=-1,initializing? false,entries: size=1, first=(t:1, i:0), CONFIGURATIONENTRY(current:id: "78f89d9b-e409-4704-890b-bfcfbcdfd28a"
address: "10.1.0.33:15086"
dataStreamAddress: "10.1.0.33:15087"
clientAddress: "10.1.0.33:15084"
adminAddress: "10.1.0.33:15085"
startupRole: FOLLOWER
,id: "e780b093-7242-46d7-bd8f-0f810188c7b3"
address: "10.1.0.33:15095"
priority: 1
dataStreamAddress: "10.1.0.33:15096"
clientAddress: "10.1.0.33:15093"
adminAddress: "10.1.0.33:15094"
startupRole: FOLLOWER
,id: "13f92446-3b18-4d81-bc66-0f9b00220e72"
address: "10.1.0.33:15077"
dataStreamAddress: "10.1.0.33:15078"
clientAddress: "10.1.0.33:15075"
adminAddress: "10.1.0.33:15076"
startupRole: FOLLOWER
, old:)
2024-02-22 20:33:50,584 [grpc-default-executor-4] INFO  server.GrpcServerProtocolService (GrpcServerProtocolService.java:lambda$onCompleted$5(159)) - 78f89d9b-e409-4704-890b-bfcfbcdfd28a: Completed APPEND_ENTRIES, lastReply: null
2024-02-22 20:33:50,584 [grpc-default-executor-4] INFO  server.GrpcLogAppender (GrpcLogAppender.java:onCompleted(546)) - e780b093-7242-46d7-bd8f-0f810188c7b3@group-B62AC99FA1E0->78f89d9b-e409-4704-890b-bfcfbcdfd28a-AppendLogResponseHandler: follower responses appendEntries COMPLETED
2024-02-22 20:33:50,585 [e780b093-7242-46d7-bd8f-0f810188c7b3@group-B62AC99FA1E0-StateMachineUpdater] INFO  ratis.ContainerStateMachine (ContainerStateMachine.java:takeSnapshot(366)) - group-B62AC99FA1E0: Finished taking a snapshot at:(t:1, i:0) file:/home/runner/work/ozone/ozone/hadoop-ozone/integration-test/target/test-dir/MiniOzoneClusterImpl-a0fc024b-a492-45a5-9697-b0d14f72cb5c/datanode-9/data/ratis/a069b16c-3c19-42f6-a3b4-b62ac99fa1e0/sm/snapshot.1_0 took: 1 ms
2024-02-22 20:33:50,585 [grpc-default-executor-8] INFO  server.GrpcLogAppender (GrpcLogAppender.java:onCompleted(546)) - e780b093-7242-46d7-bd8f-0f810188c7b3@group-B62AC99FA1E0->78f89d9b-e409-4704-890b-bfcfbcdfd28a-AppendLogResponseHandler: follower responses appendEntries COMPLETED
2024-02-22 20:33:50,586 [e780b093-7242-46d7-bd8f-0f810188c7b3@group-B62AC99FA1E0-StateMachineUpdater] INFO  impl.StateMachineUpdater (StateMachineUpdater.java:takeSnapshot(295)) - e780b093-7242-46d7-bd8f-0f810188c7b3@group-B62AC99FA1E0-StateMachineUpdater: Took a snapshot at index 0
2024-02-22 20:33:50,586 [e780b093-7242-46d7-bd8f-0f810188c7b3@group-B62AC99FA1E0-StateMachineUpdater] INFO  impl.StateMachineUpdater (StateMachineUpdater.java:lambda$new$0(98)) - e780b093-7242-46d7-bd8f-0f810188c7b3@group-B62AC99FA1E0-StateMachineUpdater: snapshotIndex: updateIncreasingly -1 -> 0
2024-02-22 20:33:50,588 [e780b093-7242-46d7-bd8f-0f810188c7b3-PipelineCommandHandlerThread-0] INFO  server.RaftServer$Division (ServerState.java:close(427)) - e780b093-7242-46d7-bd8f-0f810188c7b3@group-B62AC99FA1E0: applyIndex: 0
2024-02-22 20:33:50,589 [e780b093-7242-46d7-bd8f-0f810188c7b3@group-B62AC99FA1E0-cacheEviction-AwaitToRun] INFO  util.AwaitToRun (AwaitToRun.java:run(49)) - e780b093-7242-46d7-bd8f-0f810188c7b3@group-B62AC99FA1E0-cacheEviction-AwaitToRun-AwaitForSignal is interrupted
2024-02-22 20:33:51,093 [e780b093-7242-46d7-bd8f-0f810188c7b3-PipelineCommandHandlerThread-0] INFO  segmented.SegmentedRaftLogWorker (SegmentedRaftLogWorker.java:close(245)) - e780b093-7242-46d7-bd8f-0f810188c7b3@group-B62AC99FA1E0-SegmentedRaftLogWorker close()
2024-02-22 20:33:51,095 [e780b093-7242-46d7-bd8f-0f810188c7b3-PipelineCommandHandlerThread-0] INFO  server.RaftServer$Division (RaftServerImpl.java:groupRemove(496)) - e780b093-7242-46d7-bd8f-0f810188c7b3@group-B62AC99FA1E0: Succeed to remove RaftStorageDirectory Storage Directory /home/runner/work/ozone/ozone/hadoop-ozone/integration-test/target/test-dir/MiniOzoneClusterImpl-a0fc024b-a492-45a5-9697-b0d14f72cb5c/datanode-9/data/ratis/a069b16c-3c19-42f6-a3b4-b62ac99fa1e0
2024-02-22 20:33:51,095 [e780b093-7242-46d7-bd8f-0f810188c7b3-PipelineCommandHandlerThread-0] ERROR commandhandler.ClosePipelineCommandHandler (ClosePipelineCommandHandler.java:lambda$handle$2(137)) - Can't close pipeline PipelineID=a069b16c-3c19-42f6-a3b4-b62ac99fa1e0
org.apache.ratis.protocol.exceptions.GroupMismatchException: e780b093-7242-46d7-bd8f-0f810188c7b3: group-B62AC99FA1E0 not found.
	at org.apache.ratis.server.impl.RaftServerProxy$ImplMap.get(RaftServerProxy.java:154)
	at org.apache.ratis.server.impl.RaftServerProxy.getImplFuture(RaftServerProxy.java:364)
	at org.apache.ratis.server.impl.RaftServerProxy.getImpl(RaftServerProxy.java:373)
	at org.apache.ratis.server.impl.RaftServerProxy.getDivision(RaftServerProxy.java:386)
	at org.apache.hadoop.ozone.container.common.transport.server.ratis.XceiverServerRatis.getRaftPeersInPipeline(XceiverServerRatis.java:951)
	at org.apache.hadoop.ozone.container.common.statemachine.commandhandler.ClosePipelineCommandHandler.lambda$handle$2(ClosePipelineCommandHandler.java:114)
	at java.util.concurrent.CompletableFuture$AsyncRun.run(CompletableFuture.java:1640)
	at java.util.concurrent.ThreadPoolExecutor.runWorker(ThreadPoolExecutor.java:1149)
	at java.util.concurrent.ThreadPoolExecutor$Worker.run(ThreadPoolExecutor.java:624)
	at java.lang.Thread.run(Thread.java:750)
2024-02-22 20:33:51,235 [c30fedce-f286-40e0-881d-3d5a9a6e2463-PipelineCommandHandlerThread-0] INFO  segmented.SegmentedRaftLogWorker (SegmentedRaftLogWorker.java:close(245)) - c30fedce-f286-40e0-881d-3d5a9a6e2463@group-B58ED9299B6F-SegmentedRaftLogWorker close()
2024-02-22 20:33:51,237 [c30fedce-f286-40e0-881d-3d5a9a6e2463-PipelineCommandHandlerThread-0] INFO  server.RaftServer$Division (RaftServerImpl.java:groupRemove(496)) - c30fedce-f286-40e0-881d-3d5a9a6e2463@group-B58ED9299B6F: Succeed to remove RaftStorageDirectory Storage Directory /home/runner/work/ozone/ozone/hadoop-ozone/integration-test/target/test-dir/MiniOzoneClusterImpl-a0fc024b-a492-45a5-9697-b0d14f72cb5c/datanode-6/data/ratis/d49f5e63-9859-43c9-95b6-b58ed9299b6f
2024-02-22 20:33:51,237 [c30fedce-f286-40e0-881d-3d5a9a6e2463-PipelineCommandHandlerThread-0] ERROR commandhandler.ClosePipelineCommandHandler (ClosePipelineCommandHandler.java:lambda$handle$2(137)) - Can't close pipeline PipelineID=d49f5e63-9859-43c9-95b6-b58ed9299b6f
org.apache.ratis.protocol.exceptions.GroupMismatchException: c30fedce-f286-40e0-881d-3d5a9a6e2463: group-B58ED9299B6F not found.
	at org.apache.ratis.server.impl.RaftServerProxy$ImplMap.get(RaftServerProxy.java:154)
	at org.apache.ratis.server.impl.RaftServerProxy.getImplFuture(RaftServerProxy.java:364)
	at org.apache.ratis.server.impl.RaftServerProxy.getImpl(RaftServerProxy.java:373)
	at org.apache.ratis.server.impl.RaftServerProxy.getDivision(RaftServerProxy.java:386)
	at org.apache.hadoop.ozone.container.common.transport.server.ratis.XceiverServerRatis.getRaftPeersInPipeline(XceiverServerRatis.java:951)
	at org.apache.hadoop.ozone.container.common.statemachine.commandhandler.ClosePipelineCommandHandler.lambda$handle$2(ClosePipelineCommandHandler.java:114)
	at java.util.concurrent.CompletableFuture$AsyncRun.run(CompletableFuture.java:1640)
	at java.util.concurrent.ThreadPoolExecutor.runWorker(ThreadPoolExecutor.java:1149)
	at java.util.concurrent.ThreadPoolExecutor$Worker.run(ThreadPoolExecutor.java:624)
	at java.lang.Thread.run(Thread.java:750)
2024-02-22 20:33:51,238 [c30fedce-f286-40e0-881d-3d5a9a6e2463-PipelineCommandHandlerThread-0] INFO  server.RaftServer (RaftServerProxy.java:remove(111)) - c30fedce-f286-40e0-881d-3d5a9a6e2463: remove    LEADER c30fedce-f286-40e0-881d-3d5a9a6e2463@group-C6933685B048:t1, leader=c30fedce-f286-40e0-881d-3d5a9a6e2463, voted=c30fedce-f286-40e0-881d-3d5a9a6e2463, raftlog=Memoized:c30fedce-f286-40e0-881d-3d5a9a6e2463@group-C6933685B048-SegmentedRaftLog:OPENED:c0, conf=0: peers:[86ab988c-fa9c-425d-a1c6-9004ff7fd93d|10.1.0.33:15059, c30fedce-f286-40e0-881d-3d5a9a6e2463|10.1.0.33:15068, 13f92446-3b18-4d81-bc66-0f9b00220e72|10.1.0.33:15077]|listeners:[], old=null RUNNING
2024-02-22 20:33:51,238 [c30fedce-f286-40e0-881d-3d5a9a6e2463-PipelineCommandHandlerThread-0] INFO  server.RaftServer$Division (RaftServerImpl.java:lambda$close$3(526)) - c30fedce-f286-40e0-881d-3d5a9a6e2463@group-C6933685B048: shutdown
2024-02-22 20:33:51,238 [c30fedce-f286-40e0-881d-3d5a9a6e2463-PipelineCommandHandlerThread-0] INFO  util.JmxRegister (JmxRegister.java:unregister(73)) - Successfully un-registered JMX Bean with object name Ratis:service=RaftServer,group=group-C6933685B048,id=c30fedce-f286-40e0-881d-3d5a9a6e2463
2024-02-22 20:33:51,238 [c30fedce-f286-40e0-881d-3d5a9a6e2463-PipelineCommandHandlerThread-0] INFO  impl.RoleInfo (RoleInfo.java:shutdownLeaderState(94)) - c30fedce-f286-40e0-881d-3d5a9a6e2463: shutdown c30fedce-f286-40e0-881d-3d5a9a6e2463@group-C6933685B048-LeaderStateImpl
2024-02-22 20:33:51,238 [c30fedce-f286-40e0-881d-3d5a9a6e2463-PipelineCommandHandlerThread-0] INFO  impl.PendingRequests (PendingRequests.java:sendNotLeaderResponses(289)) - c30fedce-f286-40e0-881d-3d5a9a6e2463@group-C6933685B048-PendingRequests: sendNotLeaderResponses
2024-02-22 20:33:51,240 [c30fedce-f286-40e0-881d-3d5a9a6e2463@group-C6933685B048->13f92446-3b18-4d81-bc66-0f9b00220e72-GrpcLogAppender-LogAppenderDaemon] WARN  server.GrpcLogAppender (GrpcLogAppender.java:mayWait(289)) - c30fedce-f286-40e0-881d-3d5a9a6e2463@group-C6933685B048->13f92446-3b18-4d81-bc66-0f9b00220e72-GrpcLogAppender: Wait interrupted by java.lang.InterruptedException
2024-02-22 20:33:51,240 [c30fedce-f286-40e0-881d-3d5a9a6e2463@group-C6933685B048->86ab988c-fa9c-425d-a1c6-9004ff7fd93d-GrpcLogAppender-LogAppenderDaemon] WARN  server.GrpcLogAppender (GrpcLogAppender.java:mayWait(289)) - c30fedce-f286-40e0-881d-3d5a9a6e2463@group-C6933685B048->86ab988c-fa9c-425d-a1c6-9004ff7fd93d-GrpcLogAppender: Wait interrupted by java.lang.InterruptedException
2024-02-22 20:33:51,240 [c30fedce-f286-40e0-881d-3d5a9a6e2463-PipelineCommandHandlerThread-0] INFO  impl.StateMachineUpdater (StateMachineUpdater.java:stopAndJoin(157)) - c30fedce-f286-40e0-881d-3d5a9a6e2463@group-C6933685B048-StateMachineUpdater: set stopIndex = 0
2024-02-22 20:33:51,240 [c30fedce-f286-40e0-881d-3d5a9a6e2463@group-C6933685B048-StateMachineUpdater] INFO  ratis.ContainerStateMachine (ContainerStateMachine.java:takeSnapshot(355)) - group-C6933685B048: Taking a snapshot at:(t:1, i:0) file /home/runner/work/ozone/ozone/hadoop-ozone/integration-test/target/test-dir/MiniOzoneClusterImpl-a0fc024b-a492-45a5-9697-b0d14f72cb5c/datanode-6/data/ratis/724f0737-a92a-4fca-96d8-c6933685b048/sm/snapshot.1_0
2024-02-22 20:33:51,240 [grpc-default-executor-13] INFO  server.GrpcServerProtocolService (GrpcServerProtocolService.java:onCompleted(157)) - 86ab988c-fa9c-425d-a1c6-9004ff7fd93d: Completed APPEND_ENTRIES, lastRequest: null
2024-02-22 20:33:51,241 [grpc-default-executor-13] INFO  server.GrpcServerProtocolService (GrpcServerProtocolService.java:lambda$onCompleted$5(159)) - 86ab988c-fa9c-425d-a1c6-9004ff7fd93d: Completed APPEND_ENTRIES, lastReply: serverReply {
  requestorId: "c30fedce-f286-40e0-881d-3d5a9a6e2463"
  replyId: "86ab988c-fa9c-425d-a1c6-9004ff7fd93d"
  raftGroupId {
    id: "rO\a7\251*O\312\226\330\306\2236\205\260H"
  }
  callId: 4
  success: true
}
term: 1
nextIndex: 1
matchIndex: 18446744073709551615
isHearbeat: true

2024-02-22 20:33:51,241 [grpc-default-executor-8] INFO  server.GrpcServerProtocolService (GrpcServerProtocolService.java:onCompleted(157)) - 86ab988c-fa9c-425d-a1c6-9004ff7fd93d: Completed APPEND_ENTRIES, lastRequest: c30fedce-f286-40e0-881d-3d5a9a6e2463->86ab988c-fa9c-425d-a1c6-9004ff7fd93d#1-t1,previous=(t:0, i:0),leaderCommit=-1,initializing? false,entries: size=1, first=(t:1, i:0), CONFIGURATIONENTRY(current:id: "86ab988c-fa9c-425d-a1c6-9004ff7fd93d"
address: "10.1.0.33:15059"
dataStreamAddress: "10.1.0.33:15060"
clientAddress: "10.1.0.33:15057"
adminAddress: "10.1.0.33:15058"
startupRole: FOLLOWER
,id: "c30fedce-f286-40e0-881d-3d5a9a6e2463"
address: "10.1.0.33:15068"
dataStreamAddress: "10.1.0.33:15069"
clientAddress: "10.1.0.33:15066"
adminAddress: "10.1.0.33:15067"
startupRole: FOLLOWER
,id: "13f92446-3b18-4d81-bc66-0f9b00220e72"
address: "10.1.0.33:15077"
priority: 1
dataStreamAddress: "10.1.0.33:15078"
clientAddress: "10.1.0.33:15075"
adminAddress: "10.1.0.33:15076"
startupRole: FOLLOWER
, old:)
2024-02-22 20:33:51,241 [grpc-default-executor-8] INFO  server.GrpcServerProtocolService (GrpcServerProtocolService.java:lambda$onCompleted$5(159)) - 86ab988c-fa9c-425d-a1c6-9004ff7fd93d: Completed APPEND_ENTRIES, lastReply: null
2024-02-22 20:33:51,241 [c30fedce-f286-40e0-881d-3d5a9a6e2463@group-C6933685B048-StateMachineUpdater] INFO  ratis.ContainerStateMachine (ContainerStateMachine.java:takeSnapshot(366)) - group-C6933685B048: Finished taking a snapshot at:(t:1, i:0) file:/home/runner/work/ozone/ozone/hadoop-ozone/integration-test/target/test-dir/MiniOzoneClusterImpl-a0fc024b-a492-45a5-9697-b0d14f72cb5c/datanode-6/data/ratis/724f0737-a92a-4fca-96d8-c6933685b048/sm/snapshot.1_0 took: 0 ms
2024-02-22 20:33:51,241 [c30fedce-f286-40e0-881d-3d5a9a6e2463@group-C6933685B048-StateMachineUpdater] INFO  impl.StateMachineUpdater (StateMachineUpdater.java:takeSnapshot(295)) - c30fedce-f286-40e0-881d-3d5a9a6e2463@group-C6933685B048-StateMachineUpdater: Took a snapshot at index 0
2024-02-22 20:33:51,241 [c30fedce-f286-40e0-881d-3d5a9a6e2463@group-C6933685B048-StateMachineUpdater] INFO  impl.StateMachineUpdater (StateMachineUpdater.java:lambda$new$0(98)) - c30fedce-f286-40e0-881d-3d5a9a6e2463@group-C6933685B048-StateMachineUpdater: snapshotIndex: updateIncreasingly -1 -> 0
2024-02-22 20:33:51,241 [c30fedce-f286-40e0-881d-3d5a9a6e2463-PipelineCommandHandlerThread-0] INFO  server.RaftServer$Division (ServerState.java:close(427)) - c30fedce-f286-40e0-881d-3d5a9a6e2463@group-C6933685B048: applyIndex: 0
2024-02-22 20:33:51,241 [c30fedce-f286-40e0-881d-3d5a9a6e2463@group-C6933685B048-cacheEviction-AwaitToRun] INFO  util.AwaitToRun (AwaitToRun.java:run(49)) - c30fedce-f286-40e0-881d-3d5a9a6e2463@group-C6933685B048-cacheEviction-AwaitToRun-AwaitForSignal is interrupted
2024-02-22 20:33:51,242 [grpc-default-executor-4] INFO  server.GrpcLogAppender (GrpcLogAppender.java:onCompleted(546)) - c30fedce-f286-40e0-881d-3d5a9a6e2463@group-C6933685B048->86ab988c-fa9c-425d-a1c6-9004ff7fd93d-AppendLogResponseHandler: follower responses appendEntries COMPLETED
2024-02-22 20:33:51,243 [grpc-default-executor-13] INFO  server.GrpcLogAppender (GrpcLogAppender.java:onCompleted(546)) - c30fedce-f286-40e0-881d-3d5a9a6e2463@group-C6933685B048->86ab988c-fa9c-425d-a1c6-9004ff7fd93d-AppendLogResponseHandler: follower responses appendEntries COMPLETED
2024-02-22 20:33:51,255 [78f89d9b-e409-4704-890b-bfcfbcdfd28a-PipelineCommandHandlerThread-0] INFO  segmented.SegmentedRaftLogWorker (SegmentedRaftLogWorker.java:close(245)) - 78f89d9b-e409-4704-890b-bfcfbcdfd28a@group-B58ED9299B6F-SegmentedRaftLogWorker close()
2024-02-22 20:33:51,261 [78f89d9b-e409-4704-890b-bfcfbcdfd28a-PipelineCommandHandlerThread-0] INFO  server.RaftServer$Division (RaftServerImpl.java:groupRemove(496)) - 78f89d9b-e409-4704-890b-bfcfbcdfd28a@group-B58ED9299B6F: Succeed to remove RaftStorageDirectory Storage Directory /home/runner/work/ozone/ozone/hadoop-ozone/integration-test/target/test-dir/MiniOzoneClusterImpl-a0fc024b-a492-45a5-9697-b0d14f72cb5c/datanode-8/data/ratis/d49f5e63-9859-43c9-95b6-b58ed9299b6f
2024-02-22 20:33:51,261 [78f89d9b-e409-4704-890b-bfcfbcdfd28a-PipelineCommandHandlerThread-0] ERROR commandhandler.ClosePipelineCommandHandler (ClosePipelineCommandHandler.java:lambda$handle$2(137)) - Can't close pipeline PipelineID=d49f5e63-9859-43c9-95b6-b58ed9299b6f
org.apache.ratis.protocol.exceptions.GroupMismatchException: 78f89d9b-e409-4704-890b-bfcfbcdfd28a: group-B58ED9299B6F not found.
	at org.apache.ratis.server.impl.RaftServerProxy$ImplMap.get(RaftServerProxy.java:154)
	at org.apache.ratis.server.impl.RaftServerProxy.getImplFuture(RaftServerProxy.java:364)
	at org.apache.ratis.server.impl.RaftServerProxy.getImpl(RaftServerProxy.java:373)
	at org.apache.ratis.server.impl.RaftServerProxy.getDivision(RaftServerProxy.java:386)
	at org.apache.hadoop.ozone.container.common.transport.server.ratis.XceiverServerRatis.getRaftPeersInPipeline(XceiverServerRatis.java:951)
	at org.apache.hadoop.ozone.container.common.statemachine.commandhandler.ClosePipelineCommandHandler.lambda$handle$2(ClosePipelineCommandHandler.java:114)
	at java.util.concurrent.CompletableFuture$AsyncRun.run(CompletableFuture.java:1640)
	at java.util.concurrent.ThreadPoolExecutor.runWorker(ThreadPoolExecutor.java:1149)
	at java.util.concurrent.ThreadPoolExecutor$Worker.run(ThreadPoolExecutor.java:624)
	at java.lang.Thread.run(Thread.java:750)
2024-02-22 20:33:51,261 [78f89d9b-e409-4704-890b-bfcfbcdfd28a-PipelineCommandHandlerThread-0] INFO  server.RaftServer (RaftServerProxy.java:remove(111)) - 78f89d9b-e409-4704-890b-bfcfbcdfd28a: remove  FOLLOWER 78f89d9b-e409-4704-890b-bfcfbcdfd28a@group-B62AC99FA1E0:t1, leader=e780b093-7242-46d7-bd8f-0f810188c7b3, voted=e780b093-7242-46d7-bd8f-0f810188c7b3, raftlog=Memoized:78f89d9b-e409-4704-890b-bfcfbcdfd28a@group-B62AC99FA1E0-SegmentedRaftLog:OPENED:c0, conf=0: peers:[78f89d9b-e409-4704-890b-bfcfbcdfd28a|10.1.0.33:15086, e780b093-7242-46d7-bd8f-0f810188c7b3|10.1.0.33:15095, 13f92446-3b18-4d81-bc66-0f9b00220e72|10.1.0.33:15077]|listeners:[], old=null RUNNING
2024-02-22 20:33:51,261 [78f89d9b-e409-4704-890b-bfcfbcdfd28a-PipelineCommandHandlerThread-0] INFO  server.RaftServer$Division (RaftServerImpl.java:lambda$close$3(526)) - 78f89d9b-e409-4704-890b-bfcfbcdfd28a@group-B62AC99FA1E0: shutdown
2024-02-22 20:33:51,261 [78f89d9b-e409-4704-890b-bfcfbcdfd28a-PipelineCommandHandlerThread-0] INFO  util.JmxRegister (JmxRegister.java:unregister(73)) - Successfully un-registered JMX Bean with object name Ratis:service=RaftServer,group=group-B62AC99FA1E0,id=78f89d9b-e409-4704-890b-bfcfbcdfd28a
2024-02-22 20:33:51,261 [78f89d9b-e409-4704-890b-bfcfbcdfd28a-PipelineCommandHandlerThread-0] INFO  impl.RoleInfo (RoleInfo.java:shutdownFollowerState(110)) - 78f89d9b-e409-4704-890b-bfcfbcdfd28a: shutdown 78f89d9b-e409-4704-890b-bfcfbcdfd28a@group-B62AC99FA1E0-FollowerState
2024-02-22 20:33:51,262 [78f89d9b-e409-4704-890b-bfcfbcdfd28a-PipelineCommandHandlerThread-0] INFO  impl.StateMachineUpdater (StateMachineUpdater.java:stopAndJoin(157)) - 78f89d9b-e409-4704-890b-bfcfbcdfd28a@group-B62AC99FA1E0-StateMachineUpdater: set stopIndex = 0
2024-02-22 20:33:51,262 [78f89d9b-e409-4704-890b-bfcfbcdfd28a@group-B62AC99FA1E0-StateMachineUpdater] INFO  ratis.ContainerStateMachine (ContainerStateMachine.java:takeSnapshot(355)) - group-B62AC99FA1E0: Taking a snapshot at:(t:1, i:0) file /home/runner/work/ozone/ozone/hadoop-ozone/integration-test/target/test-dir/MiniOzoneClusterImpl-a0fc024b-a492-45a5-9697-b0d14f72cb5c/datanode-8/data/ratis/a069b16c-3c19-42f6-a3b4-b62ac99fa1e0/sm/snapshot.1_0
2024-02-22 20:33:51,262 [78f89d9b-e409-4704-890b-bfcfbcdfd28a@group-B62AC99FA1E0-FollowerState] INFO  impl.FollowerState (FollowerState.java:run(152)) - 78f89d9b-e409-4704-890b-bfcfbcdfd28a@group-B62AC99FA1E0-FollowerState was interrupted
2024-02-22 20:33:51,263 [78f89d9b-e409-4704-890b-bfcfbcdfd28a@group-B62AC99FA1E0-StateMachineUpdater] INFO  ratis.ContainerStateMachine (ContainerStateMachine.java:takeSnapshot(366)) - group-B62AC99FA1E0: Finished taking a snapshot at:(t:1, i:0) file:/home/runner/work/ozone/ozone/hadoop-ozone/integration-test/target/test-dir/MiniOzoneClusterImpl-a0fc024b-a492-45a5-9697-b0d14f72cb5c/datanode-8/data/ratis/a069b16c-3c19-42f6-a3b4-b62ac99fa1e0/sm/snapshot.1_0 took: 1 ms
2024-02-22 20:33:51,263 [78f89d9b-e409-4704-890b-bfcfbcdfd28a@group-B62AC99FA1E0-StateMachineUpdater] INFO  impl.StateMachineUpdater (StateMachineUpdater.java:takeSnapshot(295)) - 78f89d9b-e409-4704-890b-bfcfbcdfd28a@group-B62AC99FA1E0-StateMachineUpdater: Took a snapshot at index 0
2024-02-22 20:33:51,263 [78f89d9b-e409-4704-890b-bfcfbcdfd28a@group-B62AC99FA1E0-StateMachineUpdater] INFO  impl.StateMachineUpdater (StateMachineUpdater.java:lambda$new$0(98)) - 78f89d9b-e409-4704-890b-bfcfbcdfd28a@group-B62AC99FA1E0-StateMachineUpdater: snapshotIndex: updateIncreasingly -1 -> 0
2024-02-22 20:33:51,263 [78f89d9b-e409-4704-890b-bfcfbcdfd28a-PipelineCommandHandlerThread-0] INFO  server.RaftServer$Division (ServerState.java:close(427)) - 78f89d9b-e409-4704-890b-bfcfbcdfd28a@group-B62AC99FA1E0: applyIndex: 0
2024-02-22 20:33:51,264 [78f89d9b-e409-4704-890b-bfcfbcdfd28a@group-B62AC99FA1E0-cacheEviction-AwaitToRun] INFO  util.AwaitToRun (AwaitToRun.java:run(49)) - 78f89d9b-e409-4704-890b-bfcfbcdfd28a@group-B62AC99FA1E0-cacheEviction-AwaitToRun-AwaitForSignal is interrupted
2024-02-22 20:33:51,491 [timer2] WARN  server.GrpcLogAppender (LogUtils.java:warn(121)) - c30fedce-f286-40e0-881d-3d5a9a6e2463@group-C4BFF782AB50->13f92446-3b18-4d81-bc66-0f9b00220e72-AppendLogResponseHandler: Failed appendEntries (Repeated 10 times in the last 5.002s): org.apache.ratis.thirdparty.io.grpc.StatusRuntimeException: UNAVAILABLE: io exception
2024-02-22 20:33:51,548 [timer4] WARN  server.GrpcLogAppender (GrpcLogAppender.java:lambda$resetClient$1(217)) - c30fedce-f286-40e0-881d-3d5a9a6e2463@group-C6933685B048->13f92446-3b18-4d81-bc66-0f9b00220e72-GrpcLogAppender: Follower failed (request=null, errorCount=10); keep nextIndex (1) unchanged and retry. (Repeated 23 times in the last 5.004s)
2024-02-22 20:33:51,828 [timer1] WARN  server.GrpcLogAppender (LogUtils.java:warn(121)) - c30fedce-f286-40e0-881d-3d5a9a6e2463@group-C6933685B048->13f92446-3b18-4d81-bc66-0f9b00220e72-AppendLogResponseHandler: Failed appendEntries (Repeated 10 times in the last 5.000s): org.apache.ratis.thirdparty.io.grpc.StatusRuntimeException: UNAVAILABLE: io exception
2024-02-22 20:33:51,828 [timer2] WARN  server.GrpcLogAppender (GrpcLogAppender.java:lambda$resetClient$1(217)) - e780b093-7242-46d7-bd8f-0f810188c7b3@group-B62AC99FA1E0->13f92446-3b18-4d81-bc66-0f9b00220e72-GrpcLogAppender: Follower failed (request=null, errorCount=2); keep nextIndex (0) unchanged and retry. (Repeated 4 times in the last 5.000s)
2024-02-22 20:33:51,835 [c30fedce-f286-40e0-881d-3d5a9a6e2463-PipelineCommandHandlerThread-0] INFO  segmented.SegmentedRaftLogWorker (SegmentedRaftLogWorker.java:close(245)) - c30fedce-f286-40e0-881d-3d5a9a6e2463@group-C6933685B048-SegmentedRaftLogWorker close()
2024-02-22 20:33:51,836 [c30fedce-f286-40e0-881d-3d5a9a6e2463-PipelineCommandHandlerThread-0] INFO  server.RaftServer$Division (RaftServerImpl.java:groupRemove(496)) - c30fedce-f286-40e0-881d-3d5a9a6e2463@group-C6933685B048: Succeed to remove RaftStorageDirectory Storage Directory /home/runner/work/ozone/ozone/hadoop-ozone/integration-test/target/test-dir/MiniOzoneClusterImpl-a0fc024b-a492-45a5-9697-b0d14f72cb5c/datanode-6/data/ratis/724f0737-a92a-4fca-96d8-c6933685b048
2024-02-22 20:33:51,837 [c30fedce-f286-40e0-881d-3d5a9a6e2463-PipelineCommandHandlerThread-0] ERROR commandhandler.ClosePipelineCommandHandler (ClosePipelineCommandHandler.java:lambda$handle$2(137)) - Can't close pipeline PipelineID=724f0737-a92a-4fca-96d8-c6933685b048
org.apache.ratis.protocol.exceptions.GroupMismatchException: c30fedce-f286-40e0-881d-3d5a9a6e2463: group-C6933685B048 not found.
	at org.apache.ratis.server.impl.RaftServerProxy$ImplMap.get(RaftServerProxy.java:154)
	at org.apache.ratis.server.impl.RaftServerProxy.getImplFuture(RaftServerProxy.java:364)
	at org.apache.ratis.server.impl.RaftServerProxy.getImpl(RaftServerProxy.java:373)
	at org.apache.ratis.server.impl.RaftServerProxy.getDivision(RaftServerProxy.java:386)
	at org.apache.hadoop.ozone.container.common.transport.server.ratis.XceiverServerRatis.getRaftPeersInPipeline(XceiverServerRatis.java:951)
	at org.apache.hadoop.ozone.container.common.statemachine.commandhandler.ClosePipelineCommandHandler.lambda$handle$2(ClosePipelineCommandHandler.java:114)
	at java.util.concurrent.CompletableFuture$AsyncRun.run(CompletableFuture.java:1640)
	at java.util.concurrent.ThreadPoolExecutor.runWorker(ThreadPoolExecutor.java:1149)
	at java.util.concurrent.ThreadPoolExecutor$Worker.run(ThreadPoolExecutor.java:624)
	at java.lang.Thread.run(Thread.java:750)
2024-02-22 20:33:52,090 [timer5] WARN  server.GrpcLogAppender (LogUtils.java:warn(121)) - e780b093-7242-46d7-bd8f-0f810188c7b3@group-B62AC99FA1E0->13f92446-3b18-4d81-bc66-0f9b00220e72-AppendLogResponseHandler: Failed appendEntries (Repeated 8 times in the last 5.000s): org.apache.ratis.thirdparty.io.grpc.StatusRuntimeException: UNAVAILABLE: io exception
2024-02-22 20:33:52,102 [78f89d9b-e409-4704-890b-bfcfbcdfd28a-PipelineCommandHandlerThread-0] INFO  segmented.SegmentedRaftLogWorker (SegmentedRaftLogWorker.java:close(245)) - 78f89d9b-e409-4704-890b-bfcfbcdfd28a@group-B62AC99FA1E0-SegmentedRaftLogWorker close()
2024-02-22 20:33:52,104 [78f89d9b-e409-4704-890b-bfcfbcdfd28a-PipelineCommandHandlerThread-0] INFO  server.RaftServer$Division (RaftServerImpl.java:groupRemove(496)) - 78f89d9b-e409-4704-890b-bfcfbcdfd28a@group-B62AC99FA1E0: Succeed to remove RaftStorageDirectory Storage Directory /home/runner/work/ozone/ozone/hadoop-ozone/integration-test/target/test-dir/MiniOzoneClusterImpl-a0fc024b-a492-45a5-9697-b0d14f72cb5c/datanode-8/data/ratis/a069b16c-3c19-42f6-a3b4-b62ac99fa1e0
2024-02-22 20:33:52,104 [78f89d9b-e409-4704-890b-bfcfbcdfd28a-PipelineCommandHandlerThread-0] ERROR commandhandler.ClosePipelineCommandHandler (ClosePipelineCommandHandler.java:lambda$handle$2(137)) - Can't close pipeline PipelineID=a069b16c-3c19-42f6-a3b4-b62ac99fa1e0
org.apache.ratis.protocol.exceptions.GroupMismatchException: 78f89d9b-e409-4704-890b-bfcfbcdfd28a: group-B62AC99FA1E0 not found.
	at org.apache.ratis.server.impl.RaftServerProxy$ImplMap.get(RaftServerProxy.java:154)
	at org.apache.ratis.server.impl.RaftServerProxy.getImplFuture(RaftServerProxy.java:364)
	at org.apache.ratis.server.impl.RaftServerProxy.getImpl(RaftServerProxy.java:373)
	at org.apache.ratis.server.impl.RaftServerProxy.getDivision(RaftServerProxy.java:386)
	at org.apache.hadoop.ozone.container.common.transport.server.ratis.XceiverServerRatis.getRaftPeersInPipeline(XceiverServerRatis.java:951)
	at org.apache.hadoop.ozone.container.common.statemachine.commandhandler.ClosePipelineCommandHandler.lambda$handle$2(ClosePipelineCommandHandler.java:114)
	at java.util.concurrent.CompletableFuture$AsyncRun.run(CompletableFuture.java:1640)
	at java.util.concurrent.ThreadPoolExecutor.runWorker(ThreadPoolExecutor.java:1149)
	at java.util.concurrent.ThreadPoolExecutor$Worker.run(ThreadPoolExecutor.java:624)
	at java.lang.Thread.run(Thread.java:750)
2024-02-22 20:33:59,401 [UnderReplicatedProcessor] INFO  algorithms.SCMContainerPlacementRackScatter (SCMContainerPlacementRackScatter.java:chooseDatanodesInternal(370)) - Chosen nodes: [78f89d9b-e409-4704-890b-bfcfbcdfd28a(fv-az779-213.k0faouyluq4u1aavuapgg5xmpb.cx.internal.cloudapp.net/10.1.0.33)]. isPolicySatisfied: true.
2024-02-22 20:33:59,402 [UnderReplicatedProcessor] INFO  replication.ReplicationManager (ReplicationManager.java:sendDatanodeCommand(678)) - Sending command [reconstructECContainersCommand: containerID: 1, replicationConfig: EC{rs-3-2-1024k}, sources: [c30fedce-f286-40e0-881d-3d5a9a6e2463(fv-az779-213.k0faouyluq4u1aavuapgg5xmpb.cx.internal.cloudapp.net/10.1.0.33) replicaIndex: 2, 923be64f-71f4-4891-b05d-82ff5a9df5b5(fv-az779-213.k0faouyluq4u1aavuapgg5xmpb.cx.internal.cloudapp.net/10.1.0.33) replicaIndex: 3, e780b093-7242-46d7-bd8f-0f810188c7b3(fv-az779-213.k0faouyluq4u1aavuapgg5xmpb.cx.internal.cloudapp.net/10.1.0.33) replicaIndex: 4, 86ab988c-fa9c-425d-a1c6-9004ff7fd93d(fv-az779-213.k0faouyluq4u1aavuapgg5xmpb.cx.internal.cloudapp.net/10.1.0.33) replicaIndex: 5], targets: [78f89d9b-e409-4704-890b-bfcfbcdfd28a(fv-az779-213.k0faouyluq4u1aavuapgg5xmpb.cx.internal.cloudapp.net/10.1.0.33)], missingIndexes: [1]] for container ContainerInfo{id=#1, state=CLOSED, stateEnterTime=2024-02-22T20:33:49.107Z, pipelineID=PipelineID=81ff5ff8-3747-4d3b-94d0-19b6e1b1e1f7, owner=omServiceIdDefault} to 78f89d9b-e409-4704-890b-bfcfbcdfd28a(fv-az779-213.k0faouyluq4u1aavuapgg5xmpb.cx.internal.cloudapp.net/10.1.0.33) with datanode deadline 1708634609402 and scm deadline 1708634639402
2024-02-22 20:33:59,403 [UnderReplicatedProcessor] INFO  replication.UnhealthyReplicationProcessor (UnhealthyReplicationProcessor.java:processAll(138)) - Processed 1 containers with health state counts {UNDER_REPLICATED=1}, failed processing 0, deferred due to load 0
2024-02-22 20:33:59,403 [ReplicationMonitor] INFO  replication.ReplicationManager (ReplicationManager.java:processAll(398)) - Replication Monitor Thread took 2 milliseconds for processing 1 containers.
2024-02-22 20:34:00,795 [nullContainerReplicationThread-0] INFO  reconstruction.ECReconstructionCoordinatorTask (ECReconstructionCoordinatorTask.java:runTask(65)) - IN_PROGRESS reconstructECContainersCommand: containerID=1, replication=rs-3-2-1024k, missingIndexes=[1], sources={2=c30fedce-f286-40e0-881d-3d5a9a6e2463(fv-az779-213.k0faouyluq4u1aavuapgg5xmpb.cx.internal.cloudapp.net/10.1.0.33), 3=923be64f-71f4-4891-b05d-82ff5a9df5b5(fv-az779-213.k0faouyluq4u1aavuapgg5xmpb.cx.internal.cloudapp.net/10.1.0.33), 4=e780b093-7242-46d7-bd8f-0f810188c7b3(fv-az779-213.k0faouyluq4u1aavuapgg5xmpb.cx.internal.cloudapp.net/10.1.0.33), 5=86ab988c-fa9c-425d-a1c6-9004ff7fd93d(fv-az779-213.k0faouyluq4u1aavuapgg5xmpb.cx.internal.cloudapp.net/10.1.0.33)}, targets={1=78f89d9b-e409-4704-890b-bfcfbcdfd28a(fv-az779-213.k0faouyluq4u1aavuapgg5xmpb.cx.internal.cloudapp.net/10.1.0.33)}
2024-02-22 20:34:00,920 [nullContainerReplicationThread-0] INFO  reconstruction.ECReconstructionCoordinator (ECReconstructionCoordinator.java:logBlockGroupDetails(351)) - Block group details for conID: 1 locID: 113750153625600001 bcsId: 0. Replication Config EC{rs-3-2-1024k}. Calculated safe length: 3145728. 
2024-02-22 20:34:00,921 [nullContainerReplicationThread-0] INFO  reconstruction.ECReconstructionCoordinator (ECReconstructionCoordinator.java:logBlockGroupDetails(382)) - Block Data for: conID: 1 locID: 113750153625600001 bcsId: 0 replica Index: 2 block length: 1048576 block group length: 3145728 chunk list: 
  chunkNum: 1 length: 1048576 offset: 0
2024-02-22 20:34:00,921 [nullContainerReplicationThread-0] INFO  reconstruction.ECReconstructionCoordinator (ECReconstructionCoordinator.java:logBlockGroupDetails(382)) - Block Data for: conID: 1 locID: 113750153625600001 bcsId: 0 replica Index: 3 block length: 1048576 block group length: 3145728 chunk list: 
  chunkNum: 1 length: 1048576 offset: 0
2024-02-22 20:34:00,921 [nullContainerReplicationThread-0] INFO  reconstruction.ECReconstructionCoordinator (ECReconstructionCoordinator.java:logBlockGroupDetails(382)) - Block Data for: conID: 1 locID: 113750153625600001 bcsId: 0 replica Index: 4 block length: 1048576 block group length: 3145728 chunk list: 
  chunkNum: 1 length: 1048576 offset: 0
2024-02-22 20:34:00,922 [nullContainerReplicationThread-0] INFO  reconstruction.ECReconstructionCoordinator (ECReconstructionCoordinator.java:logBlockGroupDetails(382)) - Block Data for: conID: 1 locID: 113750153625600001 bcsId: 0 replica Index: 5 block length: 1048576 block group length: 3145728 chunk list: 
  chunkNum: 1 length: 1048576 offset: 0
2024-02-22 20:34:00,955 [78f89d9b-e409-4704-890b-bfcfbcdfd28a-ChunkReader-0] INFO  keyvalue.KeyValueContainer (KeyValueContainer.java:flushAndSyncDB(522)) - Container 1 is synced with bcsId 0.
2024-02-22 20:34:00,955 [78f89d9b-e409-4704-890b-bfcfbcdfd28a-ChunkReader-0] INFO  keyvalue.KeyValueContainer (KeyValueContainer.java:flushAndSyncDB(522)) - Container 1 is synced with bcsId 0.
2024-02-22 20:34:00,956 [78f89d9b-e409-4704-890b-bfcfbcdfd28a-ChunkReader-0] INFO  keyvalue.KeyValueContainer (KeyValueContainer.java:close(437)) - Container 1 is closed with bcsId 0.
2024-02-22 20:34:00,957 [nullContainerReplicationThread-0] INFO  reconstruction.ECReconstructionCoordinatorTask (ECReconstructionCoordinatorTask.java:runTask(75)) - DONE reconstructECContainersCommand: containerID=1, replication=rs-3-2-1024k, missingIndexes=[1], sources={2=c30fedce-f286-40e0-881d-3d5a9a6e2463(fv-az779-213.k0faouyluq4u1aavuapgg5xmpb.cx.internal.cloudapp.net/10.1.0.33), 3=923be64f-71f4-4891-b05d-82ff5a9df5b5(fv-az779-213.k0faouyluq4u1aavuapgg5xmpb.cx.internal.cloudapp.net/10.1.0.33), 4=e780b093-7242-46d7-bd8f-0f810188c7b3(fv-az779-213.k0faouyluq4u1aavuapgg5xmpb.cx.internal.cloudapp.net/10.1.0.33), 5=86ab988c-fa9c-425d-a1c6-9004ff7fd93d(fv-az779-213.k0faouyluq4u1aavuapgg5xmpb.cx.internal.cloudapp.net/10.1.0.33)}, targets={1=78f89d9b-e409-4704-890b-bfcfbcdfd28a(fv-az779-213.k0faouyluq4u1aavuapgg5xmpb.cx.internal.cloudapp.net/10.1.0.33)} in 162 ms
2024-02-22 20:34:00,957 [nullContainerReplicationThread-0] INFO  replication.ReplicationSupervisor (ReplicationSupervisor.java:run(374)) - Successful DONE reconstructECContainersCommand: containerID=1, replication=rs-3-2-1024k, missingIndexes=[1], sources={2=c30fedce-f286-40e0-881d-3d5a9a6e2463(fv-az779-213.k0faouyluq4u1aavuapgg5xmpb.cx.internal.cloudapp.net/10.1.0.33), 3=923be64f-71f4-4891-b05d-82ff5a9df5b5(fv-az779-213.k0faouyluq4u1aavuapgg5xmpb.cx.internal.cloudapp.net/10.1.0.33), 4=e780b093-7242-46d7-bd8f-0f810188c7b3(fv-az779-213.k0faouyluq4u1aavuapgg5xmpb.cx.internal.cloudapp.net/10.1.0.33), 5=86ab988c-fa9c-425d-a1c6-9004ff7fd93d(fv-az779-213.k0faouyluq4u1aavuapgg5xmpb.cx.internal.cloudapp.net/10.1.0.33)}, targets={1=78f89d9b-e409-4704-890b-bfcfbcdfd28a(fv-az779-213.k0faouyluq4u1aavuapgg5xmpb.cx.internal.cloudapp.net/10.1.0.33)}
2024-02-22 20:34:01,005 [main] INFO  replication.ReplicationManager (ReplicationManager.java:stop(327)) - Stopping Replication Monitor Thread.
2024-02-22 20:34:01,005 [UnderReplicatedProcessor] WARN  replication.UnhealthyReplicationProcessor (UnhealthyReplicationProcessor.java:run(180)) - UnderReplicatedProcessor interrupted. Exiting...
2024-02-22 20:34:01,005 [OverReplicatedProcessor] WARN  replication.UnhealthyReplicationProcessor (UnhealthyReplicationProcessor.java:run(180)) - OverReplicatedProcessor interrupted. Exiting...
2024-02-22 20:34:01,005 [ReplicationMonitor] INFO  replication.ReplicationManager (ReplicationManager.java:run(934)) - Replication Monitor Thread is stopped
2024-02-22 20:34:01,108 [main] INFO  impl.MetricsSystemImpl (MetricsSystemImpl.java:init(158)) - HddsDatanode metrics system started (again)
2024-02-22 20:34:01,141 [main] INFO  ozone.HddsDatanodeService (HddsDatanodeService.java:start(240)) - HddsDatanodeService host:fv-az779-213.k0faouyluq4u1aavuapgg5xmpb.cx.internal.cloudapp.net ip:10.1.0.33
2024-02-22 20:34:01,152 [main] INFO  upgrade.AbstractLayoutVersionManager (AbstractLayoutVersionManager.java:init(83)) - Initializing Layout version manager with metadata layout = HADOOP_PRC_PORTS_IN_DATANODEDETAILS (version = 7), software layout = HADOOP_PRC_PORTS_IN_DATANODEDETAILS (version = 7)
2024-02-22 20:34:01,153 [main] INFO  statemachine.DatanodeStateMachine (DatanodeStateMachine.java:getEndPointTaskThreadPoolSize(299)) - Datanode State Machine Task Thread Pool size 2
2024-02-22 20:34:01,155 [main] INFO  volume.HddsVolume (HddsVolume.java:<init>(125)) - Creating HddsVolume: /home/runner/work/ozone/ozone/hadoop-ozone/integration-test/target/test-dir/MiniOzoneClusterImpl-a0fc024b-a492-45a5-9697-b0d14f72cb5c/datanode-7/data-0/containers/hdds of storage type : DISK capacity : 9223372036854775807
2024-02-22 20:34:01,155 [main] INFO  volume.MutableVolumeSet (MutableVolumeSet.java:initializeVolumeSet(173)) - Added Volume : /home/runner/work/ozone/ozone/hadoop-ozone/integration-test/target/test-dir/MiniOzoneClusterImpl-a0fc024b-a492-45a5-9697-b0d14f72cb5c/datanode-7/data-0/containers/hdds to VolumeSet
2024-02-22 20:34:01,156 [main] INFO  volume.MutableVolumeSet (MutableVolumeSet.java:initializeVolumeSet(173)) - Added Volume : /home/runner/work/ozone/ozone/hadoop-ozone/integration-test/target/test-dir/MiniOzoneClusterImpl-a0fc024b-a492-45a5-9697-b0d14f72cb5c/datanode-7/data/ratis to VolumeSet
2024-02-22 20:34:01,179 [ForkJoinPool.commonPool-worker-0] INFO  utils.DatanodeStoreCache (DatanodeStoreCache.java:addDB(72)) - Added db /home/runner/work/ozone/ozone/hadoop-ozone/integration-test/target/test-dir/MiniOzoneClusterImpl-a0fc024b-a492-45a5-9697-b0d14f72cb5c/datanode-7/data-0/containers/hdds/a0fc024b-a492-45a5-9697-b0d14f72cb5c/DS-6624c09e-ab20-42b2-9f8d-c05c1cadbcc3/container.db to cache
2024-02-22 20:34:01,179 [ForkJoinPool.commonPool-worker-0] INFO  volume.HddsVolume (HddsVolume.java:loadDbStore(373)) - SchemaV3 db is loaded at /home/runner/work/ozone/ozone/hadoop-ozone/integration-test/target/test-dir/MiniOzoneClusterImpl-a0fc024b-a492-45a5-9697-b0d14f72cb5c/datanode-7/data-0/containers/hdds/a0fc024b-a492-45a5-9697-b0d14f72cb5c/DS-6624c09e-ab20-42b2-9f8d-c05c1cadbcc3/container.db for volume DS-6624c09e-ab20-42b2-9f8d-c05c1cadbcc3
2024-02-22 20:34:01,180 [main] INFO  ozoneimpl.OzoneContainer (HddsVolumeUtil.java:loadAllHddsVolumeDbStore(103)) - Load 1 volumes DbStore cost: 24ms
2024-02-22 20:34:01,183 [main] INFO  server.RaftServer (ConfUtils.java:logGet(46)) - raft.rpc.type = GRPC (default)
2024-02-22 20:34:01,183 [main] INFO  grpc.GrpcConfigKeys (ConfUtils.java:logFallback(53)) - raft.grpc.admin.host = null (fallback to raft.grpc.server.host)
2024-02-22 20:34:01,183 [main] INFO  grpc.GrpcConfigKeys (ConfUtils.java:logGet(46)) - raft.grpc.admin.port = 15076 (custom)
2024-02-22 20:34:01,183 [main] INFO  grpc.GrpcConfigKeys (ConfUtils.java:logFallback(53)) - raft.grpc.client.host = null (fallback to raft.grpc.server.host)
2024-02-22 20:34:01,184 [main] INFO  grpc.GrpcConfigKeys (ConfUtils.java:logGet(46)) - raft.grpc.client.port = 15075 (custom)
2024-02-22 20:34:01,184 [main] INFO  grpc.GrpcConfigKeys (ConfUtils.java:logGet(46)) - raft.grpc.server.host = null (default)
2024-02-22 20:34:01,184 [main] INFO  grpc.GrpcConfigKeys (ConfUtils.java:logGet(46)) - raft.grpc.server.port = 15077 (custom)
2024-02-22 20:34:01,184 [main] INFO  server.GrpcService (ConfUtils.java:logGet(46)) - raft.grpc.message.size.max = 32MB (=33554432) (custom)
2024-02-22 20:34:01,184 [main] INFO  server.RaftServerConfigKeys (ConfUtils.java:logGet(46)) - raft.server.log.appender.buffer.byte-limit = 8388608 (custom)
2024-02-22 20:34:01,185 [main] INFO  server.GrpcService (ConfUtils.java:logGet(46)) - raft.grpc.flow.control.window = 5MB (=5242880) (custom)
2024-02-22 20:34:01,185 [main] INFO  server.RaftServerConfigKeys (ConfUtils.java:logGet(46)) - raft.server.rpc.request.timeout = 60s (custom)
2024-02-22 20:34:01,185 [main] INFO  grpc.GrpcConfigKeys (ConfUtils.java:logGet(46)) - raft.grpc.server.heartbeat.channel = true (default)
2024-02-22 20:34:01,185 [main] INFO  grpc.GrpcConfigKeys (ConfUtils.java:logGet(46)) - raft.grpc.server.async.request.thread.pool.cached = true (default)
2024-02-22 20:34:01,185 [main] INFO  grpc.GrpcConfigKeys (ConfUtils.java:logGet(46)) - raft.grpc.server.async.request.thread.pool.size = 32 (default)
2024-02-22 20:34:01,188 [main] INFO  impl.DataStreamServerImpl (ConfUtils.java:logGet(46)) - raft.datastream.type = NETTY (custom)
2024-02-22 20:34:01,188 [main] INFO  server.RaftServerConfigKeys (ConfUtils.java:logGet(46)) - raft.server.data-stream.async.request.thread.pool.cached = false (default)
2024-02-22 20:34:01,188 [main] INFO  server.RaftServerConfigKeys (ConfUtils.java:logGet(46)) - raft.server.data-stream.async.request.thread.pool.size = 20 (custom)
2024-02-22 20:34:01,189 [main] INFO  server.RaftServerConfigKeys (ConfUtils.java:logGet(46)) - raft.server.data-stream.async.write.thread.pool.size = 16 (default)
2024-02-22 20:34:01,189 [main] INFO  netty.NettyConfigKeys$DataStream (ConfUtils.java:logGet(46)) - raft.netty.dataStream.server.channel.inactive.grace-period = 10min (default)
2024-02-22 20:34:01,189 [main] INFO  server.RaftServerConfigKeys (ConfUtils.java:logGet(46)) - raft.server.data-stream.client.pool.size = 10 (default)
2024-02-22 20:34:01,189 [main] INFO  netty.NettyConfigKeys$DataStream (ConfUtils.java:logGet(46)) - raft.netty.dataStream.server.use-epoll = true (default)
2024-02-22 20:34:01,189 [main] INFO  netty.NettyConfigKeys$DataStream (ConfUtils.java:logGet(46)) - raft.netty.dataStream.server.boss-group.size = 0 (default)
2024-02-22 20:34:01,190 [main] INFO  netty.NettyUtils (NettyUtils.java:newEventLoopGroup(69)) - Create EpollEventLoopGroup for 13f92446-3b18-4d81-bc66-0f9b00220e72-NettyServerStreamRpc-bossGroup; Thread size is 0.
2024-02-22 20:34:01,190 [main] INFO  netty.NettyConfigKeys$DataStream (ConfUtils.java:logGet(46)) - raft.netty.dataStream.server.worker-group.size = 0 (default)
2024-02-22 20:34:01,190 [main] INFO  netty.NettyUtils (NettyUtils.java:newEventLoopGroup(69)) - Create EpollEventLoopGroup for 13f92446-3b18-4d81-bc66-0f9b00220e72-NettyServerStreamRpc-workerGroup; Thread size is 0.
2024-02-22 20:34:01,190 [main] INFO  netty.NettyConfigKeys$DataStream (ConfUtils.java:logGet(46)) - raft.netty.dataStream.server.tls.conf = null (default)
2024-02-22 20:34:01,191 [main] INFO  netty.NettyConfigKeys$DataStream (ConfUtils.java:logGet(46)) - raft.netty.dataStream.host = null (default)
2024-02-22 20:34:01,191 [main] INFO  netty.NettyConfigKeys$DataStream (ConfUtils.java:logGet(46)) - raft.netty.dataStream.port = 15078 (custom)
2024-02-22 20:34:01,191 [main] INFO  server.RaftServerConfigKeys (ConfUtils.java:logGet(46)) - raft.server.sleep.deviation.threshold = 300ms (default)
2024-02-22 20:34:01,191 [main] INFO  server.RaftServerConfigKeys (ConfUtils.java:logGet(46)) - raft.server.close.threshold = 60s (default)
2024-02-22 20:34:01,191 [main] INFO  server.RaftServerConfigKeys (ConfUtils.java:logGet(46)) - raft.server.leaderelection.leader.step-down.wait-time = 10s (default)
2024-02-22 20:34:01,192 [main] INFO  server.RaftServerConfigKeys (ConfUtils.java:logGet(46)) - raft.server.storage.dir = [/home/runner/work/ozone/ozone/hadoop-ozone/integration-test/target/test-dir/MiniOzoneClusterImpl-a0fc024b-a492-45a5-9697-b0d14f72cb5c/datanode-7/data/ratis] (custom)
2024-02-22 20:34:01,192 [main] INFO  server.RaftServerConfigKeys (ConfUtils.java:logGet(46)) - raft.server.threadpool.proxy.cached = true (default)
2024-02-22 20:34:01,192 [main] INFO  server.RaftServerConfigKeys (ConfUtils.java:logGet(46)) - raft.server.threadpool.proxy.size = 0 (default)
2024-02-22 20:34:01,192 [13f92446-3b18-4d81-bc66-0f9b00220e72-NettyServerStreamRpc-bossGroup--thread1] INFO  logging.LoggingHandler (AbstractInternalLogger.java:log(148)) - [id: 0x3375ce44] REGISTERED
2024-02-22 20:34:01,192 [13f92446-3b18-4d81-bc66-0f9b00220e72-NettyServerStreamRpc-bossGroup--thread1] INFO  logging.LoggingHandler (AbstractInternalLogger.java:log(148)) - [id: 0x3375ce44] BIND: 0.0.0.0/0.0.0.0:15078
2024-02-22 20:34:01,193 [13f92446-3b18-4d81-bc66-0f9b00220e72-NettyServerStreamRpc-bossGroup--thread1] INFO  logging.LoggingHandler (AbstractInternalLogger.java:log(148)) - [id: 0x3375ce44, L:/0.0.0.0:15078] ACTIVE
2024-02-22 20:34:01,193 [13f92446-3b18-4d81-bc66-0f9b00220e72-impl-thread1] INFO  server.RaftServer (RaftServerProxy.java:initGroupDir(264)) - 13f92446-3b18-4d81-bc66-0f9b00220e72: found a subdirectory /home/runner/work/ozone/ozone/hadoop-ozone/integration-test/target/test-dir/MiniOzoneClusterImpl-a0fc024b-a492-45a5-9697-b0d14f72cb5c/datanode-7/data/ratis/tmp
2024-02-22 20:34:01,193 [13f92446-3b18-4d81-bc66-0f9b00220e72-impl-thread1] INFO  server.RaftServer (RaftServerProxy.java:initGroupDir(269)) - 13f92446-3b18-4d81-bc66-0f9b00220e72: The directory /home/runner/work/ozone/ozone/hadoop-ozone/integration-test/target/test-dir/MiniOzoneClusterImpl-a0fc024b-a492-45a5-9697-b0d14f72cb5c/datanode-7/data/ratis/tmp is not a group directory; ignoring it. 
2024-02-22 20:34:01,193 [13f92446-3b18-4d81-bc66-0f9b00220e72-impl-thread1] INFO  server.RaftServer (RaftServerProxy.java:initGroupDir(264)) - 13f92446-3b18-4d81-bc66-0f9b00220e72: found a subdirectory /home/runner/work/ozone/ozone/hadoop-ozone/integration-test/target/test-dir/MiniOzoneClusterImpl-a0fc024b-a492-45a5-9697-b0d14f72cb5c/datanode-7/data/ratis/974fd487-4b0f-4554-8c0f-c4bff782ab50
2024-02-22 20:34:01,194 [13f92446-3b18-4d81-bc66-0f9b00220e72-impl-thread1] INFO  server.RaftServer (RaftServerProxy.java:addNew(100)) - 13f92446-3b18-4d81-bc66-0f9b00220e72: addNew group-C4BFF782AB50:[] returns group-C4BFF782AB50:java.util.concurrent.CompletableFuture@4eaa33b5[Not completed]
2024-02-22 20:34:01,194 [13f92446-3b18-4d81-bc66-0f9b00220e72-impl-thread1] INFO  server.RaftServer (RaftServerProxy.java:initGroupDir(264)) - 13f92446-3b18-4d81-bc66-0f9b00220e72: found a subdirectory /home/runner/work/ozone/ozone/hadoop-ozone/integration-test/target/test-dir/MiniOzoneClusterImpl-a0fc024b-a492-45a5-9697-b0d14f72cb5c/datanode-7/data/ratis/a069b16c-3c19-42f6-a3b4-b62ac99fa1e0
2024-02-22 20:34:01,194 [13f92446-3b18-4d81-bc66-0f9b00220e72-impl-thread1] INFO  server.RaftServer (RaftServerProxy.java:addNew(100)) - 13f92446-3b18-4d81-bc66-0f9b00220e72: addNew group-B62AC99FA1E0:[] returns group-B62AC99FA1E0:java.util.concurrent.CompletableFuture@4a95beb8[Not completed]
2024-02-22 20:34:01,194 [13f92446-3b18-4d81-bc66-0f9b00220e72-impl-thread1] INFO  server.RaftServer (RaftServerProxy.java:initGroupDir(264)) - 13f92446-3b18-4d81-bc66-0f9b00220e72: found a subdirectory /home/runner/work/ozone/ozone/hadoop-ozone/integration-test/target/test-dir/MiniOzoneClusterImpl-a0fc024b-a492-45a5-9697-b0d14f72cb5c/datanode-7/data/ratis/d49f5e63-9859-43c9-95b6-b58ed9299b6f
2024-02-22 20:34:01,194 [13f92446-3b18-4d81-bc66-0f9b00220e72-impl-thread1] INFO  server.RaftServer (RaftServerProxy.java:addNew(100)) - 13f92446-3b18-4d81-bc66-0f9b00220e72: addNew group-B58ED9299B6F:[] returns group-B58ED9299B6F:java.util.concurrent.CompletableFuture@f97398e[Not completed]
2024-02-22 20:34:01,194 [13f92446-3b18-4d81-bc66-0f9b00220e72-impl-thread1] INFO  server.RaftServer (RaftServerProxy.java:initGroupDir(264)) - 13f92446-3b18-4d81-bc66-0f9b00220e72: found a subdirectory /home/runner/work/ozone/ozone/hadoop-ozone/integration-test/target/test-dir/MiniOzoneClusterImpl-a0fc024b-a492-45a5-9697-b0d14f72cb5c/datanode-7/data/ratis/724f0737-a92a-4fca-96d8-c6933685b048
2024-02-22 20:34:01,194 [13f92446-3b18-4d81-bc66-0f9b00220e72-impl-thread1] INFO  server.RaftServer (RaftServerProxy.java:addNew(100)) - 13f92446-3b18-4d81-bc66-0f9b00220e72: addNew group-C6933685B048:[] returns group-C6933685B048:java.util.concurrent.CompletableFuture@21fa6e21[Not completed]
2024-02-22 20:34:01,194 [13f92446-3b18-4d81-bc66-0f9b00220e72-impl-thread1] INFO  server.RaftServer (RaftServerProxy.java:initGroupDir(264)) - 13f92446-3b18-4d81-bc66-0f9b00220e72: found a subdirectory /home/runner/work/ozone/ozone/hadoop-ozone/integration-test/target/test-dir/MiniOzoneClusterImpl-a0fc024b-a492-45a5-9697-b0d14f72cb5c/datanode-7/data/ratis/d218b5b2-1780-4e0a-a27d-ef19ab1be06f
2024-02-22 20:34:01,194 [13f92446-3b18-4d81-bc66-0f9b00220e72-impl-thread1] INFO  server.RaftServer (RaftServerProxy.java:addNew(100)) - 13f92446-3b18-4d81-bc66-0f9b00220e72: addNew group-EF19AB1BE06F:[] returns group-EF19AB1BE06F:java.util.concurrent.CompletableFuture@3ed2d630[Not completed]
2024-02-22 20:34:01,194 [13f92446-3b18-4d81-bc66-0f9b00220e72-impl-thread1] INFO  server.RaftServer (RaftServerProxy.java:initGroupDir(264)) - 13f92446-3b18-4d81-bc66-0f9b00220e72: found a subdirectory /home/runner/work/ozone/ozone/hadoop-ozone/integration-test/target/test-dir/MiniOzoneClusterImpl-a0fc024b-a492-45a5-9697-b0d14f72cb5c/datanode-7/data/ratis/014e79b4-2d53-4af7-bdbb-f0c26c70f6ea
2024-02-22 20:34:01,194 [13f92446-3b18-4d81-bc66-0f9b00220e72-impl-thread1] INFO  server.RaftServer (RaftServerProxy.java:addNew(100)) - 13f92446-3b18-4d81-bc66-0f9b00220e72: addNew group-F0C26C70F6EA:[] returns group-F0C26C70F6EA:java.util.concurrent.CompletableFuture@5955df2c[Not completed]
2024-02-22 20:34:01,195 [main] INFO  replication.ReplicationServer (ReplicationServer.java:<init>(86)) - Initializing replication server with thread count = 10 queue length = 4096
2024-02-22 20:34:01,195 [13f92446-3b18-4d81-bc66-0f9b00220e72-groupManagement] INFO  server.RaftServer$Division (RaftServerImpl.java:<init>(256)) - 13f92446-3b18-4d81-bc66-0f9b00220e72: new RaftServerImpl for group-C4BFF782AB50:[] with ContainerStateMachine:uninitialized
2024-02-22 20:34:01,195 [13f92446-3b18-4d81-bc66-0f9b00220e72-groupManagement] INFO  server.RaftServerConfigKeys (ConfUtils.java:logGet(46)) - raft.server.rpc.timeout.min = 5s (custom)
2024-02-22 20:34:01,195 [13f92446-3b18-4d81-bc66-0f9b00220e72-groupManagement] INFO  server.RaftServerConfigKeys (ConfUtils.java:logGet(46)) - raft.server.rpc.timeout.max = 5200ms (custom)
2024-02-22 20:34:01,196 [13f92446-3b18-4d81-bc66-0f9b00220e72-groupManagement] INFO  server.RaftServerConfigKeys (ConfUtils.java:logGet(46)) - raft.server.rpc.sleep.time = 25ms (default)
2024-02-22 20:34:01,196 [13f92446-3b18-4d81-bc66-0f9b00220e72-groupManagement] INFO  server.RaftServerConfigKeys (ConfUtils.java:logGet(46)) - raft.server.rpc.slowness.timeout = 300s (custom)
2024-02-22 20:34:01,196 [main] INFO  server.XceiverServerGrpc (XceiverServerGrpc.java:<init>(141)) - GrpcServer channel type EpollServerSocketChannel
2024-02-22 20:34:01,196 [13f92446-3b18-4d81-bc66-0f9b00220e72-groupManagement] INFO  server.RaftServerConfigKeys (ConfUtils.java:logGet(46)) - raft.server.leaderelection.leader.step-down.wait-time = 10s (default)
2024-02-22 20:34:01,196 [13f92446-3b18-4d81-bc66-0f9b00220e72-groupManagement] INFO  server.RaftServerConfigKeys (ConfUtils.java:logGet(46)) - raft.server.leaderelection.member.majority-add = false (default)
2024-02-22 20:34:01,196 [13f92446-3b18-4d81-bc66-0f9b00220e72-groupManagement] INFO  server.RaftServerConfigKeys (ConfUtils.java:logGet(46)) - raft.server.sleep.deviation.threshold = 300ms (default)
2024-02-22 20:34:01,196 [13f92446-3b18-4d81-bc66-0f9b00220e72-groupManagement] INFO  server.RaftServer$Division (ServerState.java:<init>(113)) - 13f92446-3b18-4d81-bc66-0f9b00220e72@group-C4BFF782AB50: ConfigurationManager, init=-1: peers:[]|listeners:[], old=null, confs=<EMPTY_MAP>
2024-02-22 20:34:01,197 [13f92446-3b18-4d81-bc66-0f9b00220e72-groupManagement] INFO  server.RaftServerConfigKeys (ConfUtils.java:logGet(46)) - raft.server.notification.no-leader.timeout = 300s (custom)
2024-02-22 20:34:01,197 [13f92446-3b18-4d81-bc66-0f9b00220e72-groupManagement] INFO  server.RaftServerConfigKeys (ConfUtils.java:logGet(46)) - raft.server.read.timeout = 10s (default)
2024-02-22 20:34:01,197 [13f92446-3b18-4d81-bc66-0f9b00220e72-groupManagement] INFO  server.RaftServerConfigKeys (ConfUtils.java:logGet(46)) - raft.server.retrycache.expirytime = 600000ms (custom)
2024-02-22 20:34:01,197 [13f92446-3b18-4d81-bc66-0f9b00220e72-groupManagement] INFO  server.RaftServerConfigKeys (ConfUtils.java:logGet(46)) - raft.server.retrycache.statistics.expirytime = 100ms (default)
2024-02-22 20:34:01,197 [13f92446-3b18-4d81-bc66-0f9b00220e72-groupManagement] INFO  server.RaftServerConfigKeys (ConfUtils.java:logGet(46)) - raft.server.read.option = DEFAULT (default)
2024-02-22 20:34:01,197 [13f92446-3b18-4d81-bc66-0f9b00220e72-groupManagement] INFO  server.RaftServerConfigKeys (ConfUtils.java:logGet(46)) - raft.server.read.read-after-write-consistent.write-index-cache.expiry-time = 60s (default)
2024-02-22 20:34:01,197 [main] INFO  replication.ReplicationSupervisor (ReplicationSupervisor.java:build(163)) - Initializing replication supervisor with thread count = 10
2024-02-22 20:34:01,202 [main] INFO  replication.ReplicationSupervisor (ReplicationSupervisor.java:nodeStateUpdated(317)) - Node state updated to IN_SERVICE, scaling executor pool size to 10
2024-02-22 20:34:01,205 [main] INFO  http.BaseHttpServer (BaseHttpServer.java:newHttpServer2BuilderForOzone(223)) - Starting Web-server for hddsDatanode at: http://0.0.0.0:15072
2024-02-22 20:34:01,205 [13f92446-3b18-4d81-bc66-0f9b00220e72-groupManagement] INFO  server.RaftServerConfigKeys (ConfUtils.java:logGet(46)) - raft.server.rpc.request.timeout = 60s (custom)
2024-02-22 20:34:01,205 [13f92446-3b18-4d81-bc66-0f9b00220e72-groupManagement] INFO  server.RaftServerConfigKeys (ConfUtils.java:logGet(46)) - raft.server.log.appender.install.snapshot.enabled = false (custom)
2024-02-22 20:34:01,205 [main] INFO  http.BaseHttpServer (BaseHttpServer.java:<init>(110)) - Hadoop Security Enabled: false Ozone Security Enabled: false Ozone HTTP Security Enabled: false 
2024-02-22 20:34:01,205 [13f92446-3b18-4d81-bc66-0f9b00220e72-groupManagement] INFO  server.RaftServerConfigKeys (ConfUtils.java:logGet(46)) - raft.server.threadpool.server.cached = true (default)
2024-02-22 20:34:01,205 [13f92446-3b18-4d81-bc66-0f9b00220e72-groupManagement] INFO  server.RaftServerConfigKeys (ConfUtils.java:logGet(46)) - raft.server.threadpool.server.size = 0 (default)
2024-02-22 20:34:01,205 [13f92446-3b18-4d81-bc66-0f9b00220e72-groupManagement] INFO  server.RaftServerConfigKeys (ConfUtils.java:logGet(46)) - raft.server.threadpool.client.cached = true (default)
2024-02-22 20:34:01,205 [13f92446-3b18-4d81-bc66-0f9b00220e72-groupManagement] INFO  server.RaftServerConfigKeys (ConfUtils.java:logGet(46)) - raft.server.threadpool.client.size = 0 (default)
2024-02-22 20:34:01,206 [13f92446-3b18-4d81-bc66-0f9b00220e72-groupManagement] INFO  server.RaftServer$Division (RaftServerImpl.java:<init>(256)) - 13f92446-3b18-4d81-bc66-0f9b00220e72: new RaftServerImpl for group-B62AC99FA1E0:[] with ContainerStateMachine:uninitialized
2024-02-22 20:34:01,206 [13f92446-3b18-4d81-bc66-0f9b00220e72-groupManagement] INFO  server.RaftServerConfigKeys (ConfUtils.java:logGet(46)) - raft.server.rpc.timeout.min = 5s (custom)
2024-02-22 20:34:01,207 [13f92446-3b18-4d81-bc66-0f9b00220e72-groupManagement] INFO  server.RaftServerConfigKeys (ConfUtils.java:logGet(46)) - raft.server.rpc.timeout.max = 5200ms (custom)
2024-02-22 20:34:01,207 [main] WARN  server.AuthenticationFilter (AuthenticationFilter.java:constructSecretProvider(240)) - Unable to initialize FileSignerSecretProvider, falling back to use random secrets. Reason: Could not read signature secret file: /home/runner/hadoop-http-auth-signature-secret
2024-02-22 20:34:01,207 [13f92446-3b18-4d81-bc66-0f9b00220e72-groupManagement] INFO  server.RaftServerConfigKeys (ConfUtils.java:logGet(46)) - raft.server.rpc.sleep.time = 25ms (default)
2024-02-22 20:34:01,207 [13f92446-3b18-4d81-bc66-0f9b00220e72-groupManagement] INFO  server.RaftServerConfigKeys (ConfUtils.java:logGet(46)) - raft.server.rpc.slowness.timeout = 300s (custom)
2024-02-22 20:34:01,207 [13f92446-3b18-4d81-bc66-0f9b00220e72-groupManagement] INFO  server.RaftServerConfigKeys (ConfUtils.java:logGet(46)) - raft.server.leaderelection.leader.step-down.wait-time = 10s (default)
2024-02-22 20:34:01,207 [13f92446-3b18-4d81-bc66-0f9b00220e72-groupManagement] INFO  server.RaftServerConfigKeys (ConfUtils.java:logGet(46)) - raft.server.leaderelection.member.majority-add = false (default)
2024-02-22 20:34:01,207 [13f92446-3b18-4d81-bc66-0f9b00220e72-groupManagement] INFO  server.RaftServerConfigKeys (ConfUtils.java:logGet(46)) - raft.server.sleep.deviation.threshold = 300ms (default)
2024-02-22 20:34:01,207 [13f92446-3b18-4d81-bc66-0f9b00220e72-groupManagement] INFO  server.RaftServer$Division (ServerState.java:<init>(113)) - 13f92446-3b18-4d81-bc66-0f9b00220e72@group-B62AC99FA1E0: ConfigurationManager, init=-1: peers:[]|listeners:[], old=null, confs=<EMPTY_MAP>
2024-02-22 20:34:01,208 [13f92446-3b18-4d81-bc66-0f9b00220e72-groupManagement] INFO  server.RaftServerConfigKeys (ConfUtils.java:logGet(46)) - raft.server.notification.no-leader.timeout = 300s (custom)
2024-02-22 20:34:01,208 [13f92446-3b18-4d81-bc66-0f9b00220e72-groupManagement] INFO  server.RaftServerConfigKeys (ConfUtils.java:logGet(46)) - raft.server.read.timeout = 10s (default)
2024-02-22 20:34:01,208 [13f92446-3b18-4d81-bc66-0f9b00220e72-groupManagement] INFO  server.RaftServerConfigKeys (ConfUtils.java:logGet(46)) - raft.server.retrycache.expirytime = 600000ms (custom)
2024-02-22 20:34:01,208 [13f92446-3b18-4d81-bc66-0f9b00220e72-groupManagement] INFO  server.RaftServerConfigKeys (ConfUtils.java:logGet(46)) - raft.server.retrycache.statistics.expirytime = 100ms (default)
2024-02-22 20:34:01,208 [13f92446-3b18-4d81-bc66-0f9b00220e72-groupManagement] INFO  server.RaftServerConfigKeys (ConfUtils.java:logGet(46)) - raft.server.read.option = DEFAULT (default)
2024-02-22 20:34:01,208 [13f92446-3b18-4d81-bc66-0f9b00220e72-groupManagement] INFO  server.RaftServerConfigKeys (ConfUtils.java:logGet(46)) - raft.server.read.read-after-write-consistent.write-index-cache.expiry-time = 60s (default)
2024-02-22 20:34:01,211 [13f92446-3b18-4d81-bc66-0f9b00220e72-groupManagement] INFO  server.RaftServerConfigKeys (ConfUtils.java:logGet(46)) - raft.server.rpc.request.timeout = 60s (custom)
2024-02-22 20:34:01,211 [13f92446-3b18-4d81-bc66-0f9b00220e72-groupManagement] INFO  server.RaftServerConfigKeys (ConfUtils.java:logGet(46)) - raft.server.log.appender.install.snapshot.enabled = false (custom)
2024-02-22 20:34:01,213 [13f92446-3b18-4d81-bc66-0f9b00220e72-groupManagement] INFO  server.RaftServerConfigKeys (ConfUtils.java:logGet(46)) - raft.server.threadpool.server.cached = true (default)
2024-02-22 20:34:01,213 [13f92446-3b18-4d81-bc66-0f9b00220e72-groupManagement] INFO  server.RaftServerConfigKeys (ConfUtils.java:logGet(46)) - raft.server.threadpool.server.size = 0 (default)
2024-02-22 20:34:01,214 [13f92446-3b18-4d81-bc66-0f9b00220e72-groupManagement] INFO  server.RaftServerConfigKeys (ConfUtils.java:logGet(46)) - raft.server.threadpool.client.cached = true (default)
2024-02-22 20:34:01,214 [13f92446-3b18-4d81-bc66-0f9b00220e72-groupManagement] INFO  server.RaftServerConfigKeys (ConfUtils.java:logGet(46)) - raft.server.threadpool.client.size = 0 (default)
2024-02-22 20:34:01,214 [main] INFO  http.HttpRequestLog (HttpRequestLog.java:getRequestLog(86)) - Http request log for http.requests.hddsDatanode is not defined
2024-02-22 20:34:01,216 [main] INFO  http.HttpServer2 (HttpServer2.java:addGlobalFilter(1036)) - Added global filter 'safety' (class=org.apache.hadoop.hdds.server.http.HttpServer2$QuotingInputFilter)
2024-02-22 20:34:01,216 [13f92446-3b18-4d81-bc66-0f9b00220e72-groupManagement] INFO  server.RaftServer$Division (RaftServerImpl.java:<init>(256)) - 13f92446-3b18-4d81-bc66-0f9b00220e72: new RaftServerImpl for group-B58ED9299B6F:[] with ContainerStateMachine:uninitialized
2024-02-22 20:34:01,216 [main] INFO  http.HttpServer2 (HttpServer2.java:addFilter(1012)) - Added filter static_user_filter (class=org.apache.hadoop.http.lib.StaticUserWebFilter$StaticUserFilter) to context hddsDatanode
2024-02-22 20:34:01,217 [13f92446-3b18-4d81-bc66-0f9b00220e72-groupManagement] INFO  server.RaftServerConfigKeys (ConfUtils.java:logGet(46)) - raft.server.rpc.timeout.min = 5s (custom)
2024-02-22 20:34:01,217 [13f92446-3b18-4d81-bc66-0f9b00220e72-groupManagement] INFO  server.RaftServerConfigKeys (ConfUtils.java:logGet(46)) - raft.server.rpc.timeout.max = 5200ms (custom)
2024-02-22 20:34:01,217 [13f92446-3b18-4d81-bc66-0f9b00220e72-groupManagement] INFO  server.RaftServerConfigKeys (ConfUtils.java:logGet(46)) - raft.server.rpc.sleep.time = 25ms (default)
2024-02-22 20:34:01,217 [13f92446-3b18-4d81-bc66-0f9b00220e72-groupManagement] INFO  server.RaftServerConfigKeys (ConfUtils.java:logGet(46)) - raft.server.rpc.slowness.timeout = 300s (custom)
2024-02-22 20:34:01,217 [13f92446-3b18-4d81-bc66-0f9b00220e72-groupManagement] INFO  server.RaftServerConfigKeys (ConfUtils.java:logGet(46)) - raft.server.leaderelection.leader.step-down.wait-time = 10s (default)
2024-02-22 20:34:01,217 [13f92446-3b18-4d81-bc66-0f9b00220e72-groupManagement] INFO  server.RaftServerConfigKeys (ConfUtils.java:logGet(46)) - raft.server.leaderelection.member.majority-add = false (default)
2024-02-22 20:34:01,217 [13f92446-3b18-4d81-bc66-0f9b00220e72-groupManagement] INFO  server.RaftServerConfigKeys (ConfUtils.java:logGet(46)) - raft.server.sleep.deviation.threshold = 300ms (default)
2024-02-22 20:34:01,218 [13f92446-3b18-4d81-bc66-0f9b00220e72-groupManagement] INFO  server.RaftServer$Division (ServerState.java:<init>(113)) - 13f92446-3b18-4d81-bc66-0f9b00220e72@group-B58ED9299B6F: ConfigurationManager, init=-1: peers:[]|listeners:[], old=null, confs=<EMPTY_MAP>
2024-02-22 20:34:01,218 [13f92446-3b18-4d81-bc66-0f9b00220e72-groupManagement] INFO  server.RaftServerConfigKeys (ConfUtils.java:logGet(46)) - raft.server.notification.no-leader.timeout = 300s (custom)
2024-02-22 20:34:01,218 [13f92446-3b18-4d81-bc66-0f9b00220e72-groupManagement] INFO  server.RaftServerConfigKeys (ConfUtils.java:logGet(46)) - raft.server.read.timeout = 10s (default)
2024-02-22 20:34:01,218 [13f92446-3b18-4d81-bc66-0f9b00220e72-groupManagement] INFO  server.RaftServerConfigKeys (ConfUtils.java:logGet(46)) - raft.server.retrycache.expirytime = 600000ms (custom)
2024-02-22 20:34:01,218 [13f92446-3b18-4d81-bc66-0f9b00220e72-groupManagement] INFO  server.RaftServerConfigKeys (ConfUtils.java:logGet(46)) - raft.server.retrycache.statistics.expirytime = 100ms (default)
2024-02-22 20:34:01,218 [13f92446-3b18-4d81-bc66-0f9b00220e72-groupManagement] INFO  server.RaftServerConfigKeys (ConfUtils.java:logGet(46)) - raft.server.read.option = DEFAULT (default)
2024-02-22 20:34:01,218 [13f92446-3b18-4d81-bc66-0f9b00220e72-groupManagement] INFO  server.RaftServerConfigKeys (ConfUtils.java:logGet(46)) - raft.server.read.read-after-write-consistent.write-index-cache.expiry-time = 60s (default)
2024-02-22 20:34:01,220 [main] INFO  http.HttpServer2 (HttpServer2.java:addFilter(1020)) - Added filter static_user_filter (class=org.apache.hadoop.http.lib.StaticUserWebFilter$StaticUserFilter) to context logs
2024-02-22 20:34:01,220 [main] INFO  http.HttpServer2 (HttpServer2.java:addFilter(1020)) - Added filter static_user_filter (class=org.apache.hadoop.http.lib.StaticUserWebFilter$StaticUserFilter) to context static
2024-02-22 20:34:01,222 [main] INFO  http.BaseHttpServer (BaseHttpServer.java:<init>(189)) - HTTP server of hddsDatanode uses base directory /home/runner/work/ozone/ozone/hadoop-ozone/integration-test/target/test-dir/MiniOzoneClusterImpl-a0fc024b-a492-45a5-9697-b0d14f72cb5c/datanode-7/meta/webserver
2024-02-22 20:34:01,222 [main] INFO  http.HttpServer2 (HttpServer2.java:bindListener(1236)) - Jetty bound to port 15072
2024-02-22 20:34:01,224 [main] INFO  server.Server (Server.java:doStart(375)) - jetty-9.4.53.v20231009; built: 2023-10-09T12:29:09.265Z; git: 27bde00a0b95a1d5bbee0eae7984f891d2d0f8c9; jvm 1.8.0_402-b06
2024-02-22 20:34:01,223 [13f92446-3b18-4d81-bc66-0f9b00220e72-groupManagement] INFO  server.RaftServerConfigKeys (ConfUtils.java:logGet(46)) - raft.server.rpc.request.timeout = 60s (custom)
2024-02-22 20:34:01,224 [13f92446-3b18-4d81-bc66-0f9b00220e72-groupManagement] INFO  server.RaftServerConfigKeys (ConfUtils.java:logGet(46)) - raft.server.log.appender.install.snapshot.enabled = false (custom)
2024-02-22 20:34:01,224 [13f92446-3b18-4d81-bc66-0f9b00220e72-groupManagement] INFO  server.RaftServerConfigKeys (ConfUtils.java:logGet(46)) - raft.server.threadpool.server.cached = true (default)
2024-02-22 20:34:01,224 [13f92446-3b18-4d81-bc66-0f9b00220e72-groupManagement] INFO  server.RaftServerConfigKeys (ConfUtils.java:logGet(46)) - raft.server.threadpool.server.size = 0 (default)
2024-02-22 20:34:01,224 [13f92446-3b18-4d81-bc66-0f9b00220e72-groupManagement] INFO  server.RaftServerConfigKeys (ConfUtils.java:logGet(46)) - raft.server.threadpool.client.cached = true (default)
2024-02-22 20:34:01,224 [13f92446-3b18-4d81-bc66-0f9b00220e72-groupManagement] INFO  server.RaftServerConfigKeys (ConfUtils.java:logGet(46)) - raft.server.threadpool.client.size = 0 (default)
2024-02-22 20:34:01,225 [13f92446-3b18-4d81-bc66-0f9b00220e72-groupManagement] INFO  server.RaftServer$Division (RaftServerImpl.java:<init>(256)) - 13f92446-3b18-4d81-bc66-0f9b00220e72: new RaftServerImpl for group-C6933685B048:[] with ContainerStateMachine:uninitialized
2024-02-22 20:34:01,225 [13f92446-3b18-4d81-bc66-0f9b00220e72-groupManagement] INFO  server.RaftServerConfigKeys (ConfUtils.java:logGet(46)) - raft.server.rpc.timeout.min = 5s (custom)
2024-02-22 20:34:01,225 [13f92446-3b18-4d81-bc66-0f9b00220e72-groupManagement] INFO  server.RaftServerConfigKeys (ConfUtils.java:logGet(46)) - raft.server.rpc.timeout.max = 5200ms (custom)
2024-02-22 20:34:01,225 [13f92446-3b18-4d81-bc66-0f9b00220e72-groupManagement] INFO  server.RaftServerConfigKeys (ConfUtils.java:logGet(46)) - raft.server.rpc.sleep.time = 25ms (default)
2024-02-22 20:34:01,226 [13f92446-3b18-4d81-bc66-0f9b00220e72-groupManagement] INFO  server.RaftServerConfigKeys (ConfUtils.java:logGet(46)) - raft.server.rpc.slowness.timeout = 300s (custom)
2024-02-22 20:34:01,226 [13f92446-3b18-4d81-bc66-0f9b00220e72-groupManagement] INFO  server.RaftServerConfigKeys (ConfUtils.java:logGet(46)) - raft.server.leaderelection.leader.step-down.wait-time = 10s (default)
2024-02-22 20:34:01,226 [13f92446-3b18-4d81-bc66-0f9b00220e72-groupManagement] INFO  server.RaftServerConfigKeys (ConfUtils.java:logGet(46)) - raft.server.leaderelection.member.majority-add = false (default)
2024-02-22 20:34:01,226 [13f92446-3b18-4d81-bc66-0f9b00220e72-groupManagement] INFO  server.RaftServerConfigKeys (ConfUtils.java:logGet(46)) - raft.server.sleep.deviation.threshold = 300ms (default)
2024-02-22 20:34:01,226 [13f92446-3b18-4d81-bc66-0f9b00220e72-groupManagement] INFO  server.RaftServer$Division (ServerState.java:<init>(113)) - 13f92446-3b18-4d81-bc66-0f9b00220e72@group-C6933685B048: ConfigurationManager, init=-1: peers:[]|listeners:[], old=null, confs=<EMPTY_MAP>
2024-02-22 20:34:01,226 [13f92446-3b18-4d81-bc66-0f9b00220e72-groupManagement] INFO  server.RaftServerConfigKeys (ConfUtils.java:logGet(46)) - raft.server.notification.no-leader.timeout = 300s (custom)
2024-02-22 20:34:01,226 [13f92446-3b18-4d81-bc66-0f9b00220e72-groupManagement] INFO  server.RaftServerConfigKeys (ConfUtils.java:logGet(46)) - raft.server.read.timeout = 10s (default)
2024-02-22 20:34:01,226 [13f92446-3b18-4d81-bc66-0f9b00220e72-groupManagement] INFO  server.RaftServerConfigKeys (ConfUtils.java:logGet(46)) - raft.server.retrycache.expirytime = 600000ms (custom)
2024-02-22 20:34:01,226 [13f92446-3b18-4d81-bc66-0f9b00220e72-groupManagement] INFO  server.RaftServerConfigKeys (ConfUtils.java:logGet(46)) - raft.server.retrycache.statistics.expirytime = 100ms (default)
2024-02-22 20:34:01,226 [13f92446-3b18-4d81-bc66-0f9b00220e72-groupManagement] INFO  server.RaftServerConfigKeys (ConfUtils.java:logGet(46)) - raft.server.read.option = DEFAULT (default)
2024-02-22 20:34:01,227 [13f92446-3b18-4d81-bc66-0f9b00220e72-groupManagement] INFO  server.RaftServerConfigKeys (ConfUtils.java:logGet(46)) - raft.server.read.read-after-write-consistent.write-index-cache.expiry-time = 60s (default)
2024-02-22 20:34:01,229 [13f92446-3b18-4d81-bc66-0f9b00220e72-groupManagement] INFO  server.RaftServerConfigKeys (ConfUtils.java:logGet(46)) - raft.server.rpc.request.timeout = 60s (custom)
2024-02-22 20:34:01,229 [13f92446-3b18-4d81-bc66-0f9b00220e72-groupManagement] INFO  server.RaftServerConfigKeys (ConfUtils.java:logGet(46)) - raft.server.log.appender.install.snapshot.enabled = false (custom)
2024-02-22 20:34:01,229 [13f92446-3b18-4d81-bc66-0f9b00220e72-groupManagement] INFO  server.RaftServerConfigKeys (ConfUtils.java:logGet(46)) - raft.server.threadpool.server.cached = true (default)
2024-02-22 20:34:01,230 [13f92446-3b18-4d81-bc66-0f9b00220e72-groupManagement] INFO  server.RaftServerConfigKeys (ConfUtils.java:logGet(46)) - raft.server.threadpool.server.size = 0 (default)
2024-02-22 20:34:01,230 [13f92446-3b18-4d81-bc66-0f9b00220e72-groupManagement] INFO  server.RaftServerConfigKeys (ConfUtils.java:logGet(46)) - raft.server.threadpool.client.cached = true (default)
2024-02-22 20:34:01,230 [13f92446-3b18-4d81-bc66-0f9b00220e72-groupManagement] INFO  server.RaftServerConfigKeys (ConfUtils.java:logGet(46)) - raft.server.threadpool.client.size = 0 (default)
2024-02-22 20:34:01,231 [13f92446-3b18-4d81-bc66-0f9b00220e72-groupManagement] INFO  server.RaftServer$Division (RaftServerImpl.java:<init>(256)) - 13f92446-3b18-4d81-bc66-0f9b00220e72: new RaftServerImpl for group-EF19AB1BE06F:[] with ContainerStateMachine:uninitialized
2024-02-22 20:34:01,231 [13f92446-3b18-4d81-bc66-0f9b00220e72-groupManagement] INFO  server.RaftServerConfigKeys (ConfUtils.java:logGet(46)) - raft.server.rpc.timeout.min = 5s (custom)
2024-02-22 20:34:01,231 [13f92446-3b18-4d81-bc66-0f9b00220e72-groupManagement] INFO  server.RaftServerConfigKeys (ConfUtils.java:logGet(46)) - raft.server.rpc.timeout.max = 5200ms (custom)
2024-02-22 20:34:01,231 [13f92446-3b18-4d81-bc66-0f9b00220e72-groupManagement] INFO  server.RaftServerConfigKeys (ConfUtils.java:logGet(46)) - raft.server.rpc.sleep.time = 25ms (default)
2024-02-22 20:34:01,231 [13f92446-3b18-4d81-bc66-0f9b00220e72-groupManagement] INFO  server.RaftServerConfigKeys (ConfUtils.java:logGet(46)) - raft.server.rpc.slowness.timeout = 300s (custom)
2024-02-22 20:34:01,231 [13f92446-3b18-4d81-bc66-0f9b00220e72-groupManagement] INFO  server.RaftServerConfigKeys (ConfUtils.java:logGet(46)) - raft.server.leaderelection.leader.step-down.wait-time = 10s (default)
2024-02-22 20:34:01,231 [13f92446-3b18-4d81-bc66-0f9b00220e72-groupManagement] INFO  server.RaftServerConfigKeys (ConfUtils.java:logGet(46)) - raft.server.leaderelection.member.majority-add = false (default)
2024-02-22 20:34:01,231 [13f92446-3b18-4d81-bc66-0f9b00220e72-groupManagement] INFO  server.RaftServerConfigKeys (ConfUtils.java:logGet(46)) - raft.server.sleep.deviation.threshold = 300ms (default)
2024-02-22 20:34:01,231 [13f92446-3b18-4d81-bc66-0f9b00220e72-groupManagement] INFO  server.RaftServer$Division (ServerState.java:<init>(113)) - 13f92446-3b18-4d81-bc66-0f9b00220e72@group-EF19AB1BE06F: ConfigurationManager, init=-1: peers:[]|listeners:[], old=null, confs=<EMPTY_MAP>
2024-02-22 20:34:01,232 [13f92446-3b18-4d81-bc66-0f9b00220e72-groupManagement] INFO  server.RaftServerConfigKeys (ConfUtils.java:logGet(46)) - raft.server.notification.no-leader.timeout = 300s (custom)
2024-02-22 20:34:01,232 [13f92446-3b18-4d81-bc66-0f9b00220e72-groupManagement] INFO  server.RaftServerConfigKeys (ConfUtils.java:logGet(46)) - raft.server.read.timeout = 10s (default)
2024-02-22 20:34:01,232 [13f92446-3b18-4d81-bc66-0f9b00220e72-groupManagement] INFO  server.RaftServerConfigKeys (ConfUtils.java:logGet(46)) - raft.server.retrycache.expirytime = 600000ms (custom)
2024-02-22 20:34:01,232 [13f92446-3b18-4d81-bc66-0f9b00220e72-groupManagement] INFO  server.RaftServerConfigKeys (ConfUtils.java:logGet(46)) - raft.server.retrycache.statistics.expirytime = 100ms (default)
2024-02-22 20:34:01,232 [13f92446-3b18-4d81-bc66-0f9b00220e72-groupManagement] INFO  server.RaftServerConfigKeys (ConfUtils.java:logGet(46)) - raft.server.read.option = DEFAULT (default)
2024-02-22 20:34:01,232 [13f92446-3b18-4d81-bc66-0f9b00220e72-groupManagement] INFO  server.RaftServerConfigKeys (ConfUtils.java:logGet(46)) - raft.server.read.read-after-write-consistent.write-index-cache.expiry-time = 60s (default)
2024-02-22 20:34:01,235 [13f92446-3b18-4d81-bc66-0f9b00220e72-groupManagement] INFO  server.RaftServerConfigKeys (ConfUtils.java:logGet(46)) - raft.server.rpc.request.timeout = 60s (custom)
2024-02-22 20:34:01,235 [13f92446-3b18-4d81-bc66-0f9b00220e72-groupManagement] INFO  server.RaftServerConfigKeys (ConfUtils.java:logGet(46)) - raft.server.log.appender.install.snapshot.enabled = false (custom)
2024-02-22 20:34:01,235 [13f92446-3b18-4d81-bc66-0f9b00220e72-groupManagement] INFO  server.RaftServerConfigKeys (ConfUtils.java:logGet(46)) - raft.server.threadpool.server.cached = true (default)
2024-02-22 20:34:01,235 [13f92446-3b18-4d81-bc66-0f9b00220e72-groupManagement] INFO  server.RaftServerConfigKeys (ConfUtils.java:logGet(46)) - raft.server.threadpool.server.size = 0 (default)
2024-02-22 20:34:01,235 [13f92446-3b18-4d81-bc66-0f9b00220e72-groupManagement] INFO  server.RaftServerConfigKeys (ConfUtils.java:logGet(46)) - raft.server.threadpool.client.cached = true (default)
2024-02-22 20:34:01,235 [13f92446-3b18-4d81-bc66-0f9b00220e72-groupManagement] INFO  server.RaftServerConfigKeys (ConfUtils.java:logGet(46)) - raft.server.threadpool.client.size = 0 (default)
2024-02-22 20:34:01,236 [13f92446-3b18-4d81-bc66-0f9b00220e72-groupManagement] INFO  server.RaftServer$Division (RaftServerImpl.java:<init>(256)) - 13f92446-3b18-4d81-bc66-0f9b00220e72: new RaftServerImpl for group-F0C26C70F6EA:[] with ContainerStateMachine:uninitialized
2024-02-22 20:34:01,236 [13f92446-3b18-4d81-bc66-0f9b00220e72-groupManagement] INFO  server.RaftServerConfigKeys (ConfUtils.java:logGet(46)) - raft.server.rpc.timeout.min = 5s (custom)
2024-02-22 20:34:01,236 [13f92446-3b18-4d81-bc66-0f9b00220e72-groupManagement] INFO  server.RaftServerConfigKeys (ConfUtils.java:logGet(46)) - raft.server.rpc.timeout.max = 5200ms (custom)
2024-02-22 20:34:01,236 [13f92446-3b18-4d81-bc66-0f9b00220e72-groupManagement] INFO  server.RaftServerConfigKeys (ConfUtils.java:logGet(46)) - raft.server.rpc.sleep.time = 25ms (default)
2024-02-22 20:34:01,236 [13f92446-3b18-4d81-bc66-0f9b00220e72-groupManagement] INFO  server.RaftServerConfigKeys (ConfUtils.java:logGet(46)) - raft.server.rpc.slowness.timeout = 300s (custom)
2024-02-22 20:34:01,237 [13f92446-3b18-4d81-bc66-0f9b00220e72-groupManagement] INFO  server.RaftServerConfigKeys (ConfUtils.java:logGet(46)) - raft.server.leaderelection.leader.step-down.wait-time = 10s (default)
2024-02-22 20:34:01,237 [13f92446-3b18-4d81-bc66-0f9b00220e72-groupManagement] INFO  server.RaftServerConfigKeys (ConfUtils.java:logGet(46)) - raft.server.leaderelection.member.majority-add = false (default)
2024-02-22 20:34:01,237 [13f92446-3b18-4d81-bc66-0f9b00220e72-groupManagement] INFO  server.RaftServerConfigKeys (ConfUtils.java:logGet(46)) - raft.server.sleep.deviation.threshold = 300ms (default)
2024-02-22 20:34:01,237 [13f92446-3b18-4d81-bc66-0f9b00220e72-groupManagement] INFO  server.RaftServer$Division (ServerState.java:<init>(113)) - 13f92446-3b18-4d81-bc66-0f9b00220e72@group-F0C26C70F6EA: ConfigurationManager, init=-1: peers:[]|listeners:[], old=null, confs=<EMPTY_MAP>
2024-02-22 20:34:01,237 [13f92446-3b18-4d81-bc66-0f9b00220e72-groupManagement] INFO  server.RaftServerConfigKeys (ConfUtils.java:logGet(46)) - raft.server.notification.no-leader.timeout = 300s (custom)
2024-02-22 20:34:01,237 [13f92446-3b18-4d81-bc66-0f9b00220e72-groupManagement] INFO  server.RaftServerConfigKeys (ConfUtils.java:logGet(46)) - raft.server.read.timeout = 10s (default)
2024-02-22 20:34:01,237 [13f92446-3b18-4d81-bc66-0f9b00220e72-groupManagement] INFO  server.RaftServerConfigKeys (ConfUtils.java:logGet(46)) - raft.server.retrycache.expirytime = 600000ms (custom)
2024-02-22 20:34:01,237 [13f92446-3b18-4d81-bc66-0f9b00220e72-groupManagement] INFO  server.RaftServerConfigKeys (ConfUtils.java:logGet(46)) - raft.server.retrycache.statistics.expirytime = 100ms (default)
2024-02-22 20:34:01,237 [13f92446-3b18-4d81-bc66-0f9b00220e72-groupManagement] INFO  server.RaftServerConfigKeys (ConfUtils.java:logGet(46)) - raft.server.read.option = DEFAULT (default)
2024-02-22 20:34:01,237 [13f92446-3b18-4d81-bc66-0f9b00220e72-groupManagement] INFO  server.RaftServerConfigKeys (ConfUtils.java:logGet(46)) - raft.server.read.read-after-write-consistent.write-index-cache.expiry-time = 60s (default)
2024-02-22 20:34:01,240 [13f92446-3b18-4d81-bc66-0f9b00220e72-groupManagement] INFO  server.RaftServerConfigKeys (ConfUtils.java:logGet(46)) - raft.server.rpc.request.timeout = 60s (custom)
2024-02-22 20:34:01,240 [13f92446-3b18-4d81-bc66-0f9b00220e72-groupManagement] INFO  server.RaftServerConfigKeys (ConfUtils.java:logGet(46)) - raft.server.log.appender.install.snapshot.enabled = false (custom)
2024-02-22 20:34:01,240 [13f92446-3b18-4d81-bc66-0f9b00220e72-groupManagement] INFO  server.RaftServerConfigKeys (ConfUtils.java:logGet(46)) - raft.server.threadpool.server.cached = true (default)
2024-02-22 20:34:01,240 [13f92446-3b18-4d81-bc66-0f9b00220e72-groupManagement] INFO  server.RaftServerConfigKeys (ConfUtils.java:logGet(46)) - raft.server.threadpool.server.size = 0 (default)
2024-02-22 20:34:01,240 [13f92446-3b18-4d81-bc66-0f9b00220e72-groupManagement] INFO  server.RaftServerConfigKeys (ConfUtils.java:logGet(46)) - raft.server.threadpool.client.cached = true (default)
2024-02-22 20:34:01,241 [13f92446-3b18-4d81-bc66-0f9b00220e72-groupManagement] INFO  server.RaftServerConfigKeys (ConfUtils.java:logGet(46)) - raft.server.threadpool.client.size = 0 (default)
2024-02-22 20:34:01,241 [main] INFO  server.session (DefaultSessionIdManager.java:doStart(334)) - DefaultSessionIdManager workerName=node0
2024-02-22 20:34:01,241 [main] INFO  server.session (DefaultSessionIdManager.java:doStart(339)) - No SessionScavenger set, using defaults
2024-02-22 20:34:01,242 [main] INFO  server.session (HouseKeeper.java:startScavenging(132)) - node0 Scavenging every 600000ms
2024-02-22 20:34:01,246 [main] INFO  handler.ContextHandler (ContextHandler.java:doStart(921)) - Started o.e.j.s.ServletContextHandler@7e64fa55{logs,/logs,file:///home/runner/work/ozone/ozone/hadoop-ozone/integration-test/target/log,AVAILABLE}
2024-02-22 20:34:01,246 [main] INFO  handler.ContextHandler (ContextHandler.java:doStart(921)) - Started o.e.j.s.ServletContextHandler@63f4354e{static,/static,jar:file:/home/runner/.m2/repository/org/apache/ozone/hdds-container-service/1.5.0-SNAPSHOT/hdds-container-service-1.5.0-SNAPSHOT.jar!/webapps/static,AVAILABLE}
2024-02-22 20:34:01,280 [main] INFO  handler.ContextHandler (ContextHandler.java:doStart(921)) - Started o.e.j.w.WebAppContext@50ee3102{hddsDatanode,/,file:///home/runner/work/ozone/ozone/hadoop-ozone/integration-test/target/test-dir/MiniOzoneClusterImpl-a0fc024b-a492-45a5-9697-b0d14f72cb5c/datanode-7/meta/webserver/jetty-0_0_0_0-15072-hdds-container-service-1_5_0-SNAPSHOT_jar-_-any-3825062166772332037/webapp/,AVAILABLE}{jar:file:/home/runner/.m2/repository/org/apache/ozone/hdds-container-service/1.5.0-SNAPSHOT/hdds-container-service-1.5.0-SNAPSHOT.jar!/webapps/hddsDatanode}
2024-02-22 20:34:01,284 [main] INFO  server.AbstractConnector (AbstractConnector.java:doStart(333)) - Started ServerConnector@4afb557c{HTTP/1.1, (http/1.1)}{0.0.0.0:15072}
2024-02-22 20:34:01,284 [main] INFO  server.Server (Server.java:doStart(415)) - Started @35665ms
2024-02-22 20:34:01,284 [main] WARN  impl.MetricsSystemImpl (MetricsSystemImpl.java:register(279)) - Sink prometheus already exists!
2024-02-22 20:34:01,285 [main] INFO  http.BaseHttpServer (BaseHttpServer.java:updateConnectorAddress(354)) - HTTP server of hddsDatanode listening at http://0.0.0.0:15072
2024-02-22 20:34:01,285 [main] INFO  ipc.CallQueueManager (CallQueueManager.java:<init>(90)) - Using callQueue: class java.util.concurrent.LinkedBlockingQueue, queueCapacity: 100, scheduler: class org.apache.hadoop.ipc.DefaultRpcScheduler, ipcBackoff: false.
2024-02-22 20:34:01,285 [main] INFO  ipc.Server (Server.java:<init>(1287)) - Listener at 0.0.0.0:15073
2024-02-22 20:34:01,288 [Socket Reader #1 for port 15073] INFO  ipc.Server (Server.java:run(1323)) - Starting Socket Reader #1 for port 15073
2024-02-22 20:34:01,292 [main] INFO  ozone.HddsDatanodeService (HddsDatanodeService.java:start(327)) - Datanode start with admins: [runner]
2024-02-22 20:34:01,292 [main] INFO  ozone.HddsDatanodeClientProtocolServer (HddsDatanodeClientProtocolServer.java:start(72)) - RPC server for Client /0.0.0.0:15073
2024-02-22 20:34:01,292 [IPC Server Responder] INFO  ipc.Server (Server.java:run(1562)) - IPC Server Responder: starting
2024-02-22 20:34:01,293 [IPC Server listener on 15073] INFO  ipc.Server (Server.java:run(1402)) - IPC Server listener on 15073: starting
2024-02-22 20:34:01,295 [13f92446-3b18-4d81-bc66-0f9b00220e72-DatanodeStateMachineDaemonThread] INFO  statemachine.DatanodeStateMachine (DatanodeStateMachine.java:lambda$startDaemon$1(555)) - Ozone container server started.
2024-02-22 20:34:01,295 [main] INFO  ozone.MiniOzoneClusterImpl (MiniOzoneClusterImpl.java:lambda$waitForClusterToBeReady$0(205)) - Waiting for nodes to be ready. Got 9 of 10 DN Heartbeats.
2024-02-22 20:34:01,296 [main] INFO  ozone.MiniOzoneClusterImpl (MiniOzoneClusterImpl.java:lambda$waitForClusterToBeReady$0(208)) - Cluster exits safe mode
2024-02-22 20:34:01,296 [main] INFO  ozone.MiniOzoneClusterImpl (MiniOzoneClusterImpl.java:lambda$waitForClusterToBeReady$0(210)) - SCM became leader
2024-02-22 20:34:01,299 [13f92446-3b18-4d81-bc66-0f9b00220e72-DatanodeStateMachineTaskThread-0] INFO  datanode.InitDatanodeState (InitDatanodeState.java:persistContainerDatanodeDetails(139)) - DatanodeDetails is persisted to /home/runner/work/ozone/ozone/hadoop-ozone/integration-test/target/test-dir/MiniOzoneClusterImpl-a0fc024b-a492-45a5-9697-b0d14f72cb5c/datanode-7/meta/datanode.id
2024-02-22 20:34:02,296 [main] INFO  ozone.MiniOzoneClusterImpl (MiniOzoneClusterImpl.java:lambda$waitForClusterToBeReady$0(205)) - Waiting for nodes to be ready. Got 9 of 10 DN Heartbeats.
2024-02-22 20:34:02,296 [main] INFO  ozone.MiniOzoneClusterImpl (MiniOzoneClusterImpl.java:lambda$waitForClusterToBeReady$0(208)) - Cluster exits safe mode
2024-02-22 20:34:02,296 [main] INFO  ozone.MiniOzoneClusterImpl (MiniOzoneClusterImpl.java:lambda$waitForClusterToBeReady$0(210)) - SCM became leader
2024-02-22 20:34:03,296 [main] INFO  ozone.MiniOzoneClusterImpl (MiniOzoneClusterImpl.java:lambda$waitForClusterToBeReady$0(205)) - Waiting for nodes to be ready. Got 9 of 10 DN Heartbeats.
2024-02-22 20:34:03,297 [main] INFO  ozone.MiniOzoneClusterImpl (MiniOzoneClusterImpl.java:lambda$waitForClusterToBeReady$0(208)) - Cluster exits safe mode
2024-02-22 20:34:03,297 [main] INFO  ozone.MiniOzoneClusterImpl (MiniOzoneClusterImpl.java:lambda$waitForClusterToBeReady$0(210)) - SCM became leader
2024-02-22 20:34:03,300 [13f92446-3b18-4d81-bc66-0f9b00220e72-ContainerReader-0] INFO  ozoneimpl.ContainerReader (ContainerReader.java:readVolume(148)) - Start to verify containers on volume /home/runner/work/ozone/ozone/hadoop-ozone/integration-test/target/test-dir/MiniOzoneClusterImpl-a0fc024b-a492-45a5-9697-b0d14f72cb5c/datanode-7/data-0/containers/hdds
2024-02-22 20:34:03,307 [13f92446-3b18-4d81-bc66-0f9b00220e72-ContainerReader-0] INFO  ozoneimpl.ContainerReader (ContainerReader.java:readVolume(178)) - Finish verifying containers on volume /home/runner/work/ozone/ozone/hadoop-ozone/integration-test/target/test-dir/MiniOzoneClusterImpl-a0fc024b-a492-45a5-9697-b0d14f72cb5c/datanode-7/data-0/containers/hdds
2024-02-22 20:34:03,307 [13f92446-3b18-4d81-bc66-0f9b00220e72-EndpointStateMachineTaskThread-/0.0.0.0:15002-0 ] INFO  ozoneimpl.OzoneContainer (OzoneContainer.java:buildContainerSet(328)) - Build ContainerSet costs 0s
2024-02-22 20:34:03,307 [13f92446-3b18-4d81-bc66-0f9b00220e72-EndpointStateMachineTaskThread-/0.0.0.0:15002-0 ] INFO  volume.ThrottledAsyncChecker (ThrottledAsyncChecker.java:schedule(141)) - Scheduling a check for /home/runner/work/ozone/ozone/hadoop-ozone/integration-test/target/test-dir/MiniOzoneClusterImpl-a0fc024b-a492-45a5-9697-b0d14f72cb5c/datanode-7/data-0/containers/hdds
2024-02-22 20:34:03,308 [13f92446-3b18-4d81-bc66-0f9b00220e72-EndpointStateMachineTaskThread-/0.0.0.0:15002-0 ] INFO  volume.StorageVolumeChecker (StorageVolumeChecker.java:checkAllVolumes(218)) - Scheduled health check for volume /home/runner/work/ozone/ozone/hadoop-ozone/integration-test/target/test-dir/MiniOzoneClusterImpl-a0fc024b-a492-45a5-9697-b0d14f72cb5c/datanode-7/data-0/containers/hdds
2024-02-22 20:34:03,311 [13f92446-3b18-4d81-bc66-0f9b00220e72-EndpointStateMachineTaskThread-/0.0.0.0:15002-0 ] INFO  volume.ThrottledAsyncChecker (ThrottledAsyncChecker.java:schedule(141)) - Scheduling a check for /home/runner/work/ozone/ozone/hadoop-ozone/integration-test/target/test-dir/MiniOzoneClusterImpl-a0fc024b-a492-45a5-9697-b0d14f72cb5c/datanode-7/data/ratis
2024-02-22 20:34:03,311 [13f92446-3b18-4d81-bc66-0f9b00220e72-EndpointStateMachineTaskThread-/0.0.0.0:15002-0 ] INFO  volume.StorageVolumeChecker (StorageVolumeChecker.java:checkAllVolumes(218)) - Scheduled health check for volume /home/runner/work/ozone/ozone/hadoop-ozone/integration-test/target/test-dir/MiniOzoneClusterImpl-a0fc024b-a492-45a5-9697-b0d14f72cb5c/datanode-7/data/ratis
2024-02-22 20:34:03,312 [13f92446-3b18-4d81-bc66-0f9b00220e72-EndpointStateMachineTaskThread-/0.0.0.0:15002-0 ] INFO  ozoneimpl.OzoneContainer (OzoneContainer.java:start(459)) - Attempting to start container services.
2024-02-22 20:34:03,312 [13f92446-3b18-4d81-bc66-0f9b00220e72-EndpointStateMachineTaskThread-/0.0.0.0:15002-0 ] INFO  ozoneimpl.OzoneContainer (OzoneContainer.java:startContainerScrub(339)) - Scheduled background container scanners and the on-demand container scanner have been disabled.
2024-02-22 20:34:03,312 [13f92446-3b18-4d81-bc66-0f9b00220e72-EndpointStateMachineTaskThread-/0.0.0.0:15002-0 ] INFO  replication.ReplicationServer (ReplicationServer.java:start(140)) - ReplicationServer is started using port 15079
2024-02-22 20:34:03,312 [13f92446-3b18-4d81-bc66-0f9b00220e72-EndpointStateMachineTaskThread-/0.0.0.0:15002-0 ] INFO  ratis.XceiverServerRatis (XceiverServerRatis.java:start(566)) - Starting XceiverServerRatis 13f92446-3b18-4d81-bc66-0f9b00220e72
2024-02-22 20:34:03,314 [13f92446-3b18-4d81-bc66-0f9b00220e72-impl-thread1] INFO  server.RaftServerConfigKeys (ConfUtils.java:logGet(46)) - raft.server.storage.free-space.min = 0MB (=0) (default)
2024-02-22 20:34:03,314 [13f92446-3b18-4d81-bc66-0f9b00220e72-impl-thread1] INFO  server.RaftServerConfigKeys (ConfUtils.java:logGet(46)) - raft.server.log.corruption.policy = EXCEPTION (default)
2024-02-22 20:34:03,314 [13f92446-3b18-4d81-bc66-0f9b00220e72-impl-thread2] INFO  server.RaftServerConfigKeys (ConfUtils.java:logGet(46)) - raft.server.storage.free-space.min = 0MB (=0) (default)
2024-02-22 20:34:03,314 [13f92446-3b18-4d81-bc66-0f9b00220e72-impl-thread1] INFO  server.RaftServerConfigKeys (ConfUtils.java:logGet(46)) - raft.server.storage.dir = [/home/runner/work/ozone/ozone/hadoop-ozone/integration-test/target/test-dir/MiniOzoneClusterImpl-a0fc024b-a492-45a5-9697-b0d14f72cb5c/datanode-7/data/ratis] (custom)
2024-02-22 20:34:03,314 [13f92446-3b18-4d81-bc66-0f9b00220e72-impl-thread2] INFO  server.RaftServerConfigKeys (ConfUtils.java:logGet(46)) - raft.server.log.corruption.policy = EXCEPTION (default)
2024-02-22 20:34:03,314 [13f92446-3b18-4d81-bc66-0f9b00220e72-impl-thread2] INFO  server.RaftServerConfigKeys (ConfUtils.java:logGet(46)) - raft.server.storage.dir = [/home/runner/work/ozone/ozone/hadoop-ozone/integration-test/target/test-dir/MiniOzoneClusterImpl-a0fc024b-a492-45a5-9697-b0d14f72cb5c/datanode-7/data/ratis] (custom)
2024-02-22 20:34:03,315 [13f92446-3b18-4d81-bc66-0f9b00220e72-impl-thread2] INFO  storage.RaftStorageDirectory (RaftStorageDirectoryImpl.java:tryLock(228)) - Lock on /home/runner/work/ozone/ozone/hadoop-ozone/integration-test/target/test-dir/MiniOzoneClusterImpl-a0fc024b-a492-45a5-9697-b0d14f72cb5c/datanode-7/data/ratis/974fd487-4b0f-4554-8c0f-c4bff782ab50/in_use.lock acquired by nodename 30552@fv-az779-213
2024-02-22 20:34:03,315 [13f92446-3b18-4d81-bc66-0f9b00220e72-impl-thread3] INFO  server.RaftServerConfigKeys (ConfUtils.java:logGet(46)) - raft.server.storage.free-space.min = 0MB (=0) (default)
2024-02-22 20:34:03,315 [13f92446-3b18-4d81-bc66-0f9b00220e72-impl-thread3] INFO  server.RaftServerConfigKeys (ConfUtils.java:logGet(46)) - raft.server.log.corruption.policy = EXCEPTION (default)
2024-02-22 20:34:03,315 [13f92446-3b18-4d81-bc66-0f9b00220e72-impl-thread3] INFO  server.RaftServerConfigKeys (ConfUtils.java:logGet(46)) - raft.server.storage.dir = [/home/runner/work/ozone/ozone/hadoop-ozone/integration-test/target/test-dir/MiniOzoneClusterImpl-a0fc024b-a492-45a5-9697-b0d14f72cb5c/datanode-7/data/ratis] (custom)
2024-02-22 20:34:03,315 [13f92446-3b18-4d81-bc66-0f9b00220e72-impl-thread4] INFO  server.RaftServerConfigKeys (ConfUtils.java:logGet(46)) - raft.server.storage.free-space.min = 0MB (=0) (default)
2024-02-22 20:34:03,316 [13f92446-3b18-4d81-bc66-0f9b00220e72-impl-thread5] INFO  server.RaftServerConfigKeys (ConfUtils.java:logGet(46)) - raft.server.storage.free-space.min = 0MB (=0) (default)
2024-02-22 20:34:03,315 [13f92446-3b18-4d81-bc66-0f9b00220e72-impl-thread1] INFO  storage.RaftStorageDirectory (RaftStorageDirectoryImpl.java:tryLock(228)) - Lock on /home/runner/work/ozone/ozone/hadoop-ozone/integration-test/target/test-dir/MiniOzoneClusterImpl-a0fc024b-a492-45a5-9697-b0d14f72cb5c/datanode-7/data/ratis/d218b5b2-1780-4e0a-a27d-ef19ab1be06f/in_use.lock acquired by nodename 30552@fv-az779-213
2024-02-22 20:34:03,316 [13f92446-3b18-4d81-bc66-0f9b00220e72-impl-thread6] INFO  server.RaftServerConfigKeys (ConfUtils.java:logGet(46)) - raft.server.storage.free-space.min = 0MB (=0) (default)
2024-02-22 20:34:03,316 [13f92446-3b18-4d81-bc66-0f9b00220e72-impl-thread6] INFO  server.RaftServerConfigKeys (ConfUtils.java:logGet(46)) - raft.server.log.corruption.policy = EXCEPTION (default)
2024-02-22 20:34:03,317 [13f92446-3b18-4d81-bc66-0f9b00220e72-impl-thread6] INFO  server.RaftServerConfigKeys (ConfUtils.java:logGet(46)) - raft.server.storage.dir = [/home/runner/work/ozone/ozone/hadoop-ozone/integration-test/target/test-dir/MiniOzoneClusterImpl-a0fc024b-a492-45a5-9697-b0d14f72cb5c/datanode-7/data/ratis] (custom)
2024-02-22 20:34:03,317 [13f92446-3b18-4d81-bc66-0f9b00220e72-impl-thread1] INFO  storage.RaftStorage (RaftStorageImpl.java:analyzeAndRecoverStorage(119)) - Read RaftStorageMetadata{term=1, votedFor=13f92446-3b18-4d81-bc66-0f9b00220e72} from /home/runner/work/ozone/ozone/hadoop-ozone/integration-test/target/test-dir/MiniOzoneClusterImpl-a0fc024b-a492-45a5-9697-b0d14f72cb5c/datanode-7/data/ratis/d218b5b2-1780-4e0a-a27d-ef19ab1be06f/current/raft-meta
2024-02-22 20:34:03,316 [13f92446-3b18-4d81-bc66-0f9b00220e72-impl-thread5] INFO  server.RaftServerConfigKeys (ConfUtils.java:logGet(46)) - raft.server.log.corruption.policy = EXCEPTION (default)
2024-02-22 20:34:03,317 [13f92446-3b18-4d81-bc66-0f9b00220e72-impl-thread5] INFO  server.RaftServerConfigKeys (ConfUtils.java:logGet(46)) - raft.server.storage.dir = [/home/runner/work/ozone/ozone/hadoop-ozone/integration-test/target/test-dir/MiniOzoneClusterImpl-a0fc024b-a492-45a5-9697-b0d14f72cb5c/datanode-7/data/ratis] (custom)
2024-02-22 20:34:03,316 [13f92446-3b18-4d81-bc66-0f9b00220e72-impl-thread4] INFO  server.RaftServerConfigKeys (ConfUtils.java:logGet(46)) - raft.server.log.corruption.policy = EXCEPTION (default)
2024-02-22 20:34:03,317 [13f92446-3b18-4d81-bc66-0f9b00220e72-impl-thread4] INFO  server.RaftServerConfigKeys (ConfUtils.java:logGet(46)) - raft.server.storage.dir = [/home/runner/work/ozone/ozone/hadoop-ozone/integration-test/target/test-dir/MiniOzoneClusterImpl-a0fc024b-a492-45a5-9697-b0d14f72cb5c/datanode-7/data/ratis] (custom)
2024-02-22 20:34:03,316 [13f92446-3b18-4d81-bc66-0f9b00220e72-impl-thread2] INFO  storage.RaftStorage (RaftStorageImpl.java:analyzeAndRecoverStorage(119)) - Read RaftStorageMetadata{term=1, votedFor=c30fedce-f286-40e0-881d-3d5a9a6e2463} from /home/runner/work/ozone/ozone/hadoop-ozone/integration-test/target/test-dir/MiniOzoneClusterImpl-a0fc024b-a492-45a5-9697-b0d14f72cb5c/datanode-7/data/ratis/974fd487-4b0f-4554-8c0f-c4bff782ab50/current/raft-meta
2024-02-22 20:34:03,316 [13f92446-3b18-4d81-bc66-0f9b00220e72-impl-thread3] INFO  storage.RaftStorageDirectory (RaftStorageDirectoryImpl.java:tryLock(228)) - Lock on /home/runner/work/ozone/ozone/hadoop-ozone/integration-test/target/test-dir/MiniOzoneClusterImpl-a0fc024b-a492-45a5-9697-b0d14f72cb5c/datanode-7/data/ratis/d49f5e63-9859-43c9-95b6-b58ed9299b6f/in_use.lock acquired by nodename 30552@fv-az779-213
2024-02-22 20:34:03,317 [13f92446-3b18-4d81-bc66-0f9b00220e72-impl-thread2] WARN  util.FileUtils (LogUtils.java:supplyAndLog(63)) - Failed to Files.newInputStream /home/runner/work/ozone/ozone/hadoop-ozone/integration-test/target/test-dir/MiniOzoneClusterImpl-a0fc024b-a492-45a5-9697-b0d14f72cb5c/datanode-7/data/ratis/974fd487-4b0f-4554-8c0f-c4bff782ab50/current/raft-meta.conf with options []: java.nio.file.NoSuchFileException: /home/runner/work/ozone/ozone/hadoop-ozone/integration-test/target/test-dir/MiniOzoneClusterImpl-a0fc024b-a492-45a5-9697-b0d14f72cb5c/datanode-7/data/ratis/974fd487-4b0f-4554-8c0f-c4bff782ab50/current/raft-meta.conf
2024-02-22 20:34:03,317 [13f92446-3b18-4d81-bc66-0f9b00220e72-impl-thread6] INFO  storage.RaftStorageDirectory (RaftStorageDirectoryImpl.java:tryLock(228)) - Lock on /home/runner/work/ozone/ozone/hadoop-ozone/integration-test/target/test-dir/MiniOzoneClusterImpl-a0fc024b-a492-45a5-9697-b0d14f72cb5c/datanode-7/data/ratis/724f0737-a92a-4fca-96d8-c6933685b048/in_use.lock acquired by nodename 30552@fv-az779-213
2024-02-22 20:34:03,319 [13f92446-3b18-4d81-bc66-0f9b00220e72-impl-thread3] INFO  storage.RaftStorage (RaftStorageImpl.java:analyzeAndRecoverStorage(119)) - Read RaftStorageMetadata{term=1, votedFor=13f92446-3b18-4d81-bc66-0f9b00220e72} from /home/runner/work/ozone/ozone/hadoop-ozone/integration-test/target/test-dir/MiniOzoneClusterImpl-a0fc024b-a492-45a5-9697-b0d14f72cb5c/datanode-7/data/ratis/d49f5e63-9859-43c9-95b6-b58ed9299b6f/current/raft-meta
2024-02-22 20:34:03,319 [13f92446-3b18-4d81-bc66-0f9b00220e72-impl-thread1] INFO  server.RaftServer$Division (ServerState.java:setRaftConf(386)) - 13f92446-3b18-4d81-bc66-0f9b00220e72@group-EF19AB1BE06F: set configuration 0: peers:[13f92446-3b18-4d81-bc66-0f9b00220e72|10.1.0.33:15077]|listeners:[], old=null
2024-02-22 20:34:03,319 [13f92446-3b18-4d81-bc66-0f9b00220e72-impl-thread6] INFO  storage.RaftStorage (RaftStorageImpl.java:analyzeAndRecoverStorage(119)) - Read RaftStorageMetadata{term=0, votedFor=} from /home/runner/work/ozone/ozone/hadoop-ozone/integration-test/target/test-dir/MiniOzoneClusterImpl-a0fc024b-a492-45a5-9697-b0d14f72cb5c/datanode-7/data/ratis/724f0737-a92a-4fca-96d8-c6933685b048/current/raft-meta
2024-02-22 20:34:03,319 [13f92446-3b18-4d81-bc66-0f9b00220e72-impl-thread6] WARN  util.FileUtils (LogUtils.java:supplyAndLog(63)) - Failed to Files.newInputStream /home/runner/work/ozone/ozone/hadoop-ozone/integration-test/target/test-dir/MiniOzoneClusterImpl-a0fc024b-a492-45a5-9697-b0d14f72cb5c/datanode-7/data/ratis/724f0737-a92a-4fca-96d8-c6933685b048/current/raft-meta.conf with options []: java.nio.file.NoSuchFileException: /home/runner/work/ozone/ozone/hadoop-ozone/integration-test/target/test-dir/MiniOzoneClusterImpl-a0fc024b-a492-45a5-9697-b0d14f72cb5c/datanode-7/data/ratis/724f0737-a92a-4fca-96d8-c6933685b048/current/raft-meta.conf
2024-02-22 20:34:03,319 [13f92446-3b18-4d81-bc66-0f9b00220e72-impl-thread5] INFO  storage.RaftStorageDirectory (RaftStorageDirectoryImpl.java:tryLock(228)) - Lock on /home/runner/work/ozone/ozone/hadoop-ozone/integration-test/target/test-dir/MiniOzoneClusterImpl-a0fc024b-a492-45a5-9697-b0d14f72cb5c/datanode-7/data/ratis/014e79b4-2d53-4af7-bdbb-f0c26c70f6ea/in_use.lock acquired by nodename 30552@fv-az779-213
2024-02-22 20:34:03,319 [13f92446-3b18-4d81-bc66-0f9b00220e72-impl-thread4] INFO  storage.RaftStorageDirectory (RaftStorageDirectoryImpl.java:tryLock(228)) - Lock on /home/runner/work/ozone/ozone/hadoop-ozone/integration-test/target/test-dir/MiniOzoneClusterImpl-a0fc024b-a492-45a5-9697-b0d14f72cb5c/datanode-7/data/ratis/a069b16c-3c19-42f6-a3b4-b62ac99fa1e0/in_use.lock acquired by nodename 30552@fv-az779-213
2024-02-22 20:34:03,320 [13f92446-3b18-4d81-bc66-0f9b00220e72-impl-thread5] INFO  storage.RaftStorage (RaftStorageImpl.java:analyzeAndRecoverStorage(119)) - Read RaftStorageMetadata{term=0, votedFor=} from /home/runner/work/ozone/ozone/hadoop-ozone/integration-test/target/test-dir/MiniOzoneClusterImpl-a0fc024b-a492-45a5-9697-b0d14f72cb5c/datanode-7/data/ratis/014e79b4-2d53-4af7-bdbb-f0c26c70f6ea/current/raft-meta
2024-02-22 20:34:03,320 [13f92446-3b18-4d81-bc66-0f9b00220e72-impl-thread5] WARN  util.FileUtils (LogUtils.java:supplyAndLog(63)) - Failed to Files.newInputStream /home/runner/work/ozone/ozone/hadoop-ozone/integration-test/target/test-dir/MiniOzoneClusterImpl-a0fc024b-a492-45a5-9697-b0d14f72cb5c/datanode-7/data/ratis/014e79b4-2d53-4af7-bdbb-f0c26c70f6ea/current/raft-meta.conf with options []: java.nio.file.NoSuchFileException: /home/runner/work/ozone/ozone/hadoop-ozone/integration-test/target/test-dir/MiniOzoneClusterImpl-a0fc024b-a492-45a5-9697-b0d14f72cb5c/datanode-7/data/ratis/014e79b4-2d53-4af7-bdbb-f0c26c70f6ea/current/raft-meta.conf
2024-02-22 20:34:03,320 [13f92446-3b18-4d81-bc66-0f9b00220e72-impl-thread4] INFO  storage.RaftStorage (RaftStorageImpl.java:analyzeAndRecoverStorage(119)) - Read RaftStorageMetadata{term=0, votedFor=} from /home/runner/work/ozone/ozone/hadoop-ozone/integration-test/target/test-dir/MiniOzoneClusterImpl-a0fc024b-a492-45a5-9697-b0d14f72cb5c/datanode-7/data/ratis/a069b16c-3c19-42f6-a3b4-b62ac99fa1e0/current/raft-meta
2024-02-22 20:34:03,320 [13f92446-3b18-4d81-bc66-0f9b00220e72-impl-thread4] WARN  util.FileUtils (LogUtils.java:supplyAndLog(63)) - Failed to Files.newInputStream /home/runner/work/ozone/ozone/hadoop-ozone/integration-test/target/test-dir/MiniOzoneClusterImpl-a0fc024b-a492-45a5-9697-b0d14f72cb5c/datanode-7/data/ratis/a069b16c-3c19-42f6-a3b4-b62ac99fa1e0/current/raft-meta.conf with options []: java.nio.file.NoSuchFileException: /home/runner/work/ozone/ozone/hadoop-ozone/integration-test/target/test-dir/MiniOzoneClusterImpl-a0fc024b-a492-45a5-9697-b0d14f72cb5c/datanode-7/data/ratis/a069b16c-3c19-42f6-a3b4-b62ac99fa1e0/current/raft-meta.conf
2024-02-22 20:34:03,321 [13f92446-3b18-4d81-bc66-0f9b00220e72-impl-thread3] INFO  server.RaftServer$Division (ServerState.java:setRaftConf(386)) - 13f92446-3b18-4d81-bc66-0f9b00220e72@group-B58ED9299B6F: set configuration 0: peers:[78f89d9b-e409-4704-890b-bfcfbcdfd28a|10.1.0.33:15086, c30fedce-f286-40e0-881d-3d5a9a6e2463|10.1.0.33:15068, 13f92446-3b18-4d81-bc66-0f9b00220e72|10.1.0.33:15077]|listeners:[], old=null
2024-02-22 20:34:03,321 [13f92446-3b18-4d81-bc66-0f9b00220e72-impl-thread6] INFO  ratis.ContainerStateMachine (ContainerStateMachine.java:loadSnapshot(287)) - group-C6933685B048: The snapshot info is null. Setting the last applied index to:(t:0, i:~)
2024-02-22 20:34:03,321 [13f92446-3b18-4d81-bc66-0f9b00220e72-impl-thread6] INFO  server.RaftServerConfigKeys (ConfUtils.java:logGet(46)) - raft.server.log.use.memory = false (default)
2024-02-22 20:34:03,322 [13f92446-3b18-4d81-bc66-0f9b00220e72-impl-thread1] INFO  ratis.ContainerStateMachine (ContainerStateMachine.java:loadSnapshot(296)) - group-EF19AB1BE06F: Setting the last applied index to (t:1, i:0)
2024-02-22 20:34:03,322 [13f92446-3b18-4d81-bc66-0f9b00220e72-impl-thread3] INFO  ratis.ContainerStateMachine (ContainerStateMachine.java:loadSnapshot(296)) - group-B58ED9299B6F: Setting the last applied index to (t:1, i:0)
2024-02-22 20:34:03,322 [13f92446-3b18-4d81-bc66-0f9b00220e72-impl-thread6] INFO  server.RaftServerConfigKeys (ConfUtils.java:logGet(46)) - raft.server.log.purge.gap = 1000000 (custom)
2024-02-22 20:34:03,322 [13f92446-3b18-4d81-bc66-0f9b00220e72-impl-thread6] INFO  server.RaftServerConfigKeys (ConfUtils.java:logGet(46)) - raft.server.log.appender.buffer.byte-limit = 8388608 (custom)
2024-02-22 20:34:03,322 [13f92446-3b18-4d81-bc66-0f9b00220e72-impl-thread6] INFO  server.RaftServerConfigKeys (ConfUtils.java:logGet(46)) - raft.server.log.statemachine.data.read.timeout = 1000ms (default)
2024-02-22 20:34:03,322 [13f92446-3b18-4d81-bc66-0f9b00220e72-impl-thread6] INFO  server.RaftServerConfigKeys (ConfUtils.java:logGet(46)) - raft.server.log.purge.preservation.log.num = 0 (default)
2024-02-22 20:34:03,322 [13f92446-3b18-4d81-bc66-0f9b00220e72-impl-thread3] INFO  server.RaftServerConfigKeys (ConfUtils.java:logGet(46)) - raft.server.log.use.memory = false (default)
2024-02-22 20:34:03,323 [13f92446-3b18-4d81-bc66-0f9b00220e72-impl-thread3] INFO  server.RaftServerConfigKeys (ConfUtils.java:logGet(46)) - raft.server.log.purge.gap = 1000000 (custom)
2024-02-22 20:34:03,323 [13f92446-3b18-4d81-bc66-0f9b00220e72-impl-thread3] INFO  server.RaftServerConfigKeys (ConfUtils.java:logGet(46)) - raft.server.log.appender.buffer.byte-limit = 8388608 (custom)
2024-02-22 20:34:03,323 [13f92446-3b18-4d81-bc66-0f9b00220e72-impl-thread3] INFO  server.RaftServerConfigKeys (ConfUtils.java:logGet(46)) - raft.server.log.statemachine.data.read.timeout = 1000ms (default)
2024-02-22 20:34:03,323 [13f92446-3b18-4d81-bc66-0f9b00220e72-impl-thread3] INFO  server.RaftServerConfigKeys (ConfUtils.java:logGet(46)) - raft.server.log.purge.preservation.log.num = 0 (default)
2024-02-22 20:34:03,324 [13f92446-3b18-4d81-bc66-0f9b00220e72-impl-thread1] INFO  server.RaftServerConfigKeys (ConfUtils.java:logGet(46)) - raft.server.log.use.memory = false (default)
2024-02-22 20:34:03,324 [13f92446-3b18-4d81-bc66-0f9b00220e72-impl-thread1] INFO  server.RaftServerConfigKeys (ConfUtils.java:logGet(46)) - raft.server.log.purge.gap = 1000000 (custom)
2024-02-22 20:34:03,324 [13f92446-3b18-4d81-bc66-0f9b00220e72-impl-thread1] INFO  server.RaftServerConfigKeys (ConfUtils.java:logGet(46)) - raft.server.log.appender.buffer.byte-limit = 8388608 (custom)
2024-02-22 20:34:03,325 [13f92446-3b18-4d81-bc66-0f9b00220e72-impl-thread1] INFO  server.RaftServerConfigKeys (ConfUtils.java:logGet(46)) - raft.server.log.statemachine.data.read.timeout = 1000ms (default)
2024-02-22 20:34:03,325 [13f92446-3b18-4d81-bc66-0f9b00220e72-impl-thread1] INFO  server.RaftServerConfigKeys (ConfUtils.java:logGet(46)) - raft.server.log.purge.preservation.log.num = 0 (default)
2024-02-22 20:34:03,325 [13f92446-3b18-4d81-bc66-0f9b00220e72-impl-thread6] INFO  server.RaftServerConfigKeys (ConfUtils.java:logGet(46)) - raft.server.log.segment.size.max = 67108864 (custom)
2024-02-22 20:34:03,325 [13f92446-3b18-4d81-bc66-0f9b00220e72-impl-thread2] INFO  ratis.ContainerStateMachine (ContainerStateMachine.java:loadSnapshot(287)) - group-C4BFF782AB50: The snapshot info is null. Setting the last applied index to:(t:0, i:~)
2024-02-22 20:34:03,325 [13f92446-3b18-4d81-bc66-0f9b00220e72-impl-thread2] INFO  server.RaftServerConfigKeys (ConfUtils.java:logGet(46)) - raft.server.log.use.memory = false (default)
2024-02-22 20:34:03,325 [13f92446-3b18-4d81-bc66-0f9b00220e72-impl-thread2] INFO  server.RaftServerConfigKeys (ConfUtils.java:logGet(46)) - raft.server.log.purge.gap = 1000000 (custom)
2024-02-22 20:34:03,326 [13f92446-3b18-4d81-bc66-0f9b00220e72-impl-thread2] INFO  server.RaftServerConfigKeys (ConfUtils.java:logGet(46)) - raft.server.log.appender.buffer.byte-limit = 8388608 (custom)
2024-02-22 20:34:03,326 [13f92446-3b18-4d81-bc66-0f9b00220e72-impl-thread2] INFO  server.RaftServerConfigKeys (ConfUtils.java:logGet(46)) - raft.server.log.statemachine.data.read.timeout = 1000ms (default)
2024-02-22 20:34:03,326 [13f92446-3b18-4d81-bc66-0f9b00220e72-impl-thread2] INFO  server.RaftServerConfigKeys (ConfUtils.java:logGet(46)) - raft.server.log.purge.preservation.log.num = 0 (default)
2024-02-22 20:34:03,329 [13f92446-3b18-4d81-bc66-0f9b00220e72-impl-thread4] INFO  ratis.ContainerStateMachine (ContainerStateMachine.java:loadSnapshot(287)) - group-B62AC99FA1E0: The snapshot info is null. Setting the last applied index to:(t:0, i:~)
2024-02-22 20:34:03,329 [13f92446-3b18-4d81-bc66-0f9b00220e72-impl-thread4] INFO  server.RaftServerConfigKeys (ConfUtils.java:logGet(46)) - raft.server.log.use.memory = false (default)
2024-02-22 20:34:03,329 [13f92446-3b18-4d81-bc66-0f9b00220e72-impl-thread4] INFO  server.RaftServerConfigKeys (ConfUtils.java:logGet(46)) - raft.server.log.purge.gap = 1000000 (custom)
2024-02-22 20:34:03,329 [13f92446-3b18-4d81-bc66-0f9b00220e72-impl-thread4] INFO  server.RaftServerConfigKeys (ConfUtils.java:logGet(46)) - raft.server.log.appender.buffer.byte-limit = 8388608 (custom)
2024-02-22 20:34:03,329 [13f92446-3b18-4d81-bc66-0f9b00220e72-impl-thread4] INFO  server.RaftServerConfigKeys (ConfUtils.java:logGet(46)) - raft.server.log.statemachine.data.read.timeout = 1000ms (default)
2024-02-22 20:34:03,329 [13f92446-3b18-4d81-bc66-0f9b00220e72-impl-thread4] INFO  server.RaftServerConfigKeys (ConfUtils.java:logGet(46)) - raft.server.log.purge.preservation.log.num = 0 (default)
2024-02-22 20:34:03,329 [13f92446-3b18-4d81-bc66-0f9b00220e72-impl-thread5] INFO  ratis.ContainerStateMachine (ContainerStateMachine.java:loadSnapshot(287)) - group-F0C26C70F6EA: The snapshot info is null. Setting the last applied index to:(t:0, i:~)
2024-02-22 20:34:03,329 [13f92446-3b18-4d81-bc66-0f9b00220e72-impl-thread5] INFO  server.RaftServerConfigKeys (ConfUtils.java:logGet(46)) - raft.server.log.use.memory = false (default)
2024-02-22 20:34:03,329 [13f92446-3b18-4d81-bc66-0f9b00220e72-impl-thread5] INFO  server.RaftServerConfigKeys (ConfUtils.java:logGet(46)) - raft.server.log.purge.gap = 1000000 (custom)
2024-02-22 20:34:03,330 [13f92446-3b18-4d81-bc66-0f9b00220e72-impl-thread5] INFO  server.RaftServerConfigKeys (ConfUtils.java:logGet(46)) - raft.server.log.appender.buffer.byte-limit = 8388608 (custom)
2024-02-22 20:34:03,330 [13f92446-3b18-4d81-bc66-0f9b00220e72-impl-thread5] INFO  server.RaftServerConfigKeys (ConfUtils.java:logGet(46)) - raft.server.log.statemachine.data.read.timeout = 1000ms (default)
2024-02-22 20:34:03,330 [13f92446-3b18-4d81-bc66-0f9b00220e72-impl-thread5] INFO  server.RaftServerConfigKeys (ConfUtils.java:logGet(46)) - raft.server.log.purge.preservation.log.num = 0 (default)
2024-02-22 20:34:03,335 [13f92446-3b18-4d81-bc66-0f9b00220e72-impl-thread6] INFO  server.RaftServerConfigKeys (ConfUtils.java:logGet(46)) - raft.server.log.segment.cache.num.max = 2 (custom)
2024-02-22 20:34:03,335 [13f92446-3b18-4d81-bc66-0f9b00220e72-impl-thread6] INFO  server.RaftServerConfigKeys (ConfUtils.java:logGet(46)) - raft.server.log.segment.cache.size.max = 200MB (=209715200) (default)
2024-02-22 20:34:03,335 [13f92446-3b18-4d81-bc66-0f9b00220e72-impl-thread6] INFO  server.RaftServerConfigKeys (ConfUtils.java:logGet(46)) - raft.server.log.appender.buffer.byte-limit = 8388608 (custom)
2024-02-22 20:34:03,335 [13f92446-3b18-4d81-bc66-0f9b00220e72-impl-thread6] INFO  util.AwaitToRun (AwaitToRun.java:start(81)) - Thread[13f92446-3b18-4d81-bc66-0f9b00220e72@group-C6933685B048-cacheEviction-AwaitToRun,5,main] started
2024-02-22 20:34:03,335 [13f92446-3b18-4d81-bc66-0f9b00220e72-impl-thread6] INFO  segmented.SegmentedRaftLogWorker (SegmentedRaftLogWorker.java:<init>(182)) - new 13f92446-3b18-4d81-bc66-0f9b00220e72@group-C6933685B048-SegmentedRaftLogWorker for RaftStorageImpl:Storage Directory /home/runner/work/ozone/ozone/hadoop-ozone/integration-test/target/test-dir/MiniOzoneClusterImpl-a0fc024b-a492-45a5-9697-b0d14f72cb5c/datanode-7/data/ratis/724f0737-a92a-4fca-96d8-c6933685b048
2024-02-22 20:34:03,335 [13f92446-3b18-4d81-bc66-0f9b00220e72-impl-thread6] INFO  server.RaftServerConfigKeys (ConfUtils.java:logGet(46)) - raft.server.log.queue.byte-limit = 4294967296 (custom)
2024-02-22 20:34:03,335 [13f92446-3b18-4d81-bc66-0f9b00220e72-impl-thread6] INFO  server.RaftServerConfigKeys (ConfUtils.java:logGet(46)) - raft.server.log.queue.element-limit = 1024 (custom)
2024-02-22 20:34:03,335 [13f92446-3b18-4d81-bc66-0f9b00220e72-impl-thread6] INFO  server.RaftServerConfigKeys (ConfUtils.java:logGet(46)) - raft.server.log.segment.size.max = 67108864 (custom)
2024-02-22 20:34:03,335 [13f92446-3b18-4d81-bc66-0f9b00220e72-impl-thread6] INFO  server.RaftServerConfigKeys (ConfUtils.java:logGet(46)) - raft.server.log.preallocated.size = 4194304 (custom)
2024-02-22 20:34:03,335 [13f92446-3b18-4d81-bc66-0f9b00220e72-impl-thread6] INFO  server.RaftServerConfigKeys (ConfUtils.java:logGet(46)) - raft.server.log.force.sync.num = 128 (default)
2024-02-22 20:34:03,335 [13f92446-3b18-4d81-bc66-0f9b00220e72-impl-thread6] INFO  server.RaftServerConfigKeys (ConfUtils.java:logGet(46)) - raft.server.log.statemachine.data.sync = true (default)
2024-02-22 20:34:03,336 [13f92446-3b18-4d81-bc66-0f9b00220e72-impl-thread6] INFO  server.RaftServerConfigKeys (ConfUtils.java:logGet(46)) - raft.server.log.statemachine.data.sync.timeout = 10s (default)
2024-02-22 20:34:03,336 [13f92446-3b18-4d81-bc66-0f9b00220e72-impl-thread6] INFO  server.RaftServerConfigKeys (ConfUtils.java:logGet(46)) - raft.server.log.statemachine.data.sync.timeout.retry = 0 (custom)
2024-02-22 20:34:03,340 [13f92446-3b18-4d81-bc66-0f9b00220e72-impl-thread6] INFO  server.RaftServerConfigKeys (ConfUtils.java:logGet(46)) - raft.server.log.write.buffer.size = 8388616 (custom)
2024-02-22 20:34:03,341 [13f92446-3b18-4d81-bc66-0f9b00220e72-impl-thread6] INFO  server.RaftServerConfigKeys (ConfUtils.java:logGet(46)) - raft.server.log.appender.buffer.byte-limit = 8388608 (custom)
2024-02-22 20:34:03,341 [13f92446-3b18-4d81-bc66-0f9b00220e72-impl-thread6] INFO  server.RaftServerConfigKeys (ConfUtils.java:logGet(46)) - raft.server.log.unsafe-flush.enabled = false (default)
2024-02-22 20:34:03,341 [13f92446-3b18-4d81-bc66-0f9b00220e72-impl-thread6] INFO  server.RaftServerConfigKeys (ConfUtils.java:logGet(46)) - raft.server.log.async-flush.enabled = false (default)
2024-02-22 20:34:03,341 [13f92446-3b18-4d81-bc66-0f9b00220e72-impl-thread6] INFO  server.RaftServerConfigKeys (ConfUtils.java:logGet(46)) - raft.server.log.statemachine.data.caching.enabled = true (custom)
2024-02-22 20:34:03,342 [13f92446-3b18-4d81-bc66-0f9b00220e72-impl-thread6] INFO  segmented.SegmentedRaftLogWorker (SegmentedRaftLogWorker.java:lambda$new$0(134)) - 13f92446-3b18-4d81-bc66-0f9b00220e72@group-C6933685B048-SegmentedRaftLogWorker: flushIndex: setUnconditionally 0 -> -1
2024-02-22 20:34:03,342 [13f92446-3b18-4d81-bc66-0f9b00220e72-impl-thread6] INFO  segmented.SegmentedRaftLogWorker (SegmentedRaftLogWorker.java:lambda$new$0(134)) - 13f92446-3b18-4d81-bc66-0f9b00220e72@group-C6933685B048-SegmentedRaftLogWorker: safeCacheEvictIndex: setUnconditionally 0 -> -1
2024-02-22 20:34:03,347 [13f92446-3b18-4d81-bc66-0f9b00220e72-impl-thread6] INFO  server.RaftServer$Division (RaftServerImpl.java:start(402)) - 13f92446-3b18-4d81-bc66-0f9b00220e72@group-C6933685B048: start with initializing state, conf=-1: peers:[]|listeners:[], old=null
2024-02-22 20:34:03,347 [13f92446-3b18-4d81-bc66-0f9b00220e72-impl-thread6] INFO  server.RaftServer$Division (RaftServerImpl.java:setRole(383)) - 13f92446-3b18-4d81-bc66-0f9b00220e72@group-C6933685B048: changes role from      null to FOLLOWER at term 0 for startInitializing
2024-02-22 20:34:03,347 [13f92446-3b18-4d81-bc66-0f9b00220e72-impl-thread1] INFO  server.RaftServerConfigKeys (ConfUtils.java:logGet(46)) - raft.server.log.segment.size.max = 67108864 (custom)
2024-02-22 20:34:03,347 [13f92446-3b18-4d81-bc66-0f9b00220e72-impl-thread6] INFO  util.JmxRegister (JmxRegister.java:tryRegister(44)) - Successfully registered JMX Bean with object name Ratis:service=RaftServer,group=group-C6933685B048,id=13f92446-3b18-4d81-bc66-0f9b00220e72
2024-02-22 20:34:03,347 [13f92446-3b18-4d81-bc66-0f9b00220e72-impl-thread6] INFO  server.RaftServerConfigKeys (ConfUtils.java:logGet(46)) - raft.server.snapshot.trigger-when-stop.enabled = true (default)
2024-02-22 20:34:03,348 [13f92446-3b18-4d81-bc66-0f9b00220e72-impl-thread6] INFO  server.RaftServerConfigKeys (ConfUtils.java:logGet(46)) - raft.server.snapshot.auto.trigger.enabled = true (custom)
2024-02-22 20:34:03,348 [13f92446-3b18-4d81-bc66-0f9b00220e72-impl-thread6] INFO  server.RaftServerConfigKeys (ConfUtils.java:logGet(46)) - raft.server.snapshot.auto.trigger.threshold = 10000 (custom)
2024-02-22 20:34:03,348 [13f92446-3b18-4d81-bc66-0f9b00220e72-impl-thread6] INFO  server.RaftServerConfigKeys (ConfUtils.java:logGet(46)) - raft.server.snapshot.retention.file.num = 5 (custom)
2024-02-22 20:34:03,348 [13f92446-3b18-4d81-bc66-0f9b00220e72-impl-thread6] INFO  server.RaftServerConfigKeys (ConfUtils.java:logGet(46)) - raft.server.log.purge.upto.snapshot.index = false (default)
2024-02-22 20:34:03,349 [13f92446-3b18-4d81-bc66-0f9b00220e72-impl-thread3] INFO  server.RaftServerConfigKeys (ConfUtils.java:logGet(46)) - raft.server.log.segment.size.max = 67108864 (custom)
2024-02-22 20:34:03,351 [13f92446-3b18-4d81-bc66-0f9b00220e72-impl-thread1] INFO  server.RaftServerConfigKeys (ConfUtils.java:logGet(46)) - raft.server.log.segment.cache.num.max = 2 (custom)
2024-02-22 20:34:03,351 [13f92446-3b18-4d81-bc66-0f9b00220e72-impl-thread1] INFO  server.RaftServerConfigKeys (ConfUtils.java:logGet(46)) - raft.server.log.segment.cache.size.max = 200MB (=209715200) (default)
2024-02-22 20:34:03,351 [13f92446-3b18-4d81-bc66-0f9b00220e72-impl-thread1] INFO  server.RaftServerConfigKeys (ConfUtils.java:logGet(46)) - raft.server.log.appender.buffer.byte-limit = 8388608 (custom)
2024-02-22 20:34:03,351 [13f92446-3b18-4d81-bc66-0f9b00220e72-impl-thread1] INFO  util.AwaitToRun (AwaitToRun.java:start(81)) - Thread[13f92446-3b18-4d81-bc66-0f9b00220e72@group-EF19AB1BE06F-cacheEviction-AwaitToRun,5,main] started
2024-02-22 20:34:03,351 [13f92446-3b18-4d81-bc66-0f9b00220e72-impl-thread1] INFO  segmented.SegmentedRaftLogWorker (SegmentedRaftLogWorker.java:<init>(182)) - new 13f92446-3b18-4d81-bc66-0f9b00220e72@group-EF19AB1BE06F-SegmentedRaftLogWorker for RaftStorageImpl:Storage Directory /home/runner/work/ozone/ozone/hadoop-ozone/integration-test/target/test-dir/MiniOzoneClusterImpl-a0fc024b-a492-45a5-9697-b0d14f72cb5c/datanode-7/data/ratis/d218b5b2-1780-4e0a-a27d-ef19ab1be06f
2024-02-22 20:34:03,351 [13f92446-3b18-4d81-bc66-0f9b00220e72-impl-thread1] INFO  server.RaftServerConfigKeys (ConfUtils.java:logGet(46)) - raft.server.log.queue.byte-limit = 4294967296 (custom)
2024-02-22 20:34:03,351 [13f92446-3b18-4d81-bc66-0f9b00220e72-impl-thread1] INFO  server.RaftServerConfigKeys (ConfUtils.java:logGet(46)) - raft.server.log.queue.element-limit = 1024 (custom)
2024-02-22 20:34:03,351 [13f92446-3b18-4d81-bc66-0f9b00220e72-impl-thread1] INFO  server.RaftServerConfigKeys (ConfUtils.java:logGet(46)) - raft.server.log.segment.size.max = 67108864 (custom)
2024-02-22 20:34:03,351 [13f92446-3b18-4d81-bc66-0f9b00220e72-impl-thread1] INFO  server.RaftServerConfigKeys (ConfUtils.java:logGet(46)) - raft.server.log.preallocated.size = 4194304 (custom)
2024-02-22 20:34:03,351 [13f92446-3b18-4d81-bc66-0f9b00220e72-impl-thread1] INFO  server.RaftServerConfigKeys (ConfUtils.java:logGet(46)) - raft.server.log.force.sync.num = 128 (default)
2024-02-22 20:34:03,351 [13f92446-3b18-4d81-bc66-0f9b00220e72-impl-thread1] INFO  server.RaftServerConfigKeys (ConfUtils.java:logGet(46)) - raft.server.log.statemachine.data.sync = true (default)
2024-02-22 20:34:03,351 [13f92446-3b18-4d81-bc66-0f9b00220e72-impl-thread1] INFO  server.RaftServerConfigKeys (ConfUtils.java:logGet(46)) - raft.server.log.statemachine.data.sync.timeout = 10s (default)
2024-02-22 20:34:03,351 [13f92446-3b18-4d81-bc66-0f9b00220e72-impl-thread1] INFO  server.RaftServerConfigKeys (ConfUtils.java:logGet(46)) - raft.server.log.statemachine.data.sync.timeout.retry = 0 (custom)
2024-02-22 20:34:03,353 [13f92446-3b18-4d81-bc66-0f9b00220e72-impl-thread2] INFO  server.RaftServerConfigKeys (ConfUtils.java:logGet(46)) - raft.server.log.segment.size.max = 67108864 (custom)
2024-02-22 20:34:03,353 [13f92446-3b18-4d81-bc66-0f9b00220e72-impl-thread3] INFO  server.RaftServerConfigKeys (ConfUtils.java:logGet(46)) - raft.server.log.segment.cache.num.max = 2 (custom)
2024-02-22 20:34:03,353 [13f92446-3b18-4d81-bc66-0f9b00220e72-impl-thread3] INFO  server.RaftServerConfigKeys (ConfUtils.java:logGet(46)) - raft.server.log.segment.cache.size.max = 200MB (=209715200) (default)
2024-02-22 20:34:03,353 [13f92446-3b18-4d81-bc66-0f9b00220e72-impl-thread3] INFO  server.RaftServerConfigKeys (ConfUtils.java:logGet(46)) - raft.server.log.appender.buffer.byte-limit = 8388608 (custom)
2024-02-22 20:34:03,353 [13f92446-3b18-4d81-bc66-0f9b00220e72-impl-thread3] INFO  util.AwaitToRun (AwaitToRun.java:start(81)) - Thread[13f92446-3b18-4d81-bc66-0f9b00220e72@group-B58ED9299B6F-cacheEviction-AwaitToRun,5,main] started
2024-02-22 20:34:03,353 [13f92446-3b18-4d81-bc66-0f9b00220e72-impl-thread3] INFO  segmented.SegmentedRaftLogWorker (SegmentedRaftLogWorker.java:<init>(182)) - new 13f92446-3b18-4d81-bc66-0f9b00220e72@group-B58ED9299B6F-SegmentedRaftLogWorker for RaftStorageImpl:Storage Directory /home/runner/work/ozone/ozone/hadoop-ozone/integration-test/target/test-dir/MiniOzoneClusterImpl-a0fc024b-a492-45a5-9697-b0d14f72cb5c/datanode-7/data/ratis/d49f5e63-9859-43c9-95b6-b58ed9299b6f
2024-02-22 20:34:03,353 [13f92446-3b18-4d81-bc66-0f9b00220e72-impl-thread3] INFO  server.RaftServerConfigKeys (ConfUtils.java:logGet(46)) - raft.server.log.queue.byte-limit = 4294967296 (custom)
2024-02-22 20:34:03,353 [13f92446-3b18-4d81-bc66-0f9b00220e72-impl-thread3] INFO  server.RaftServerConfigKeys (ConfUtils.java:logGet(46)) - raft.server.log.queue.element-limit = 1024 (custom)
2024-02-22 20:34:03,353 [13f92446-3b18-4d81-bc66-0f9b00220e72-impl-thread3] INFO  server.RaftServerConfigKeys (ConfUtils.java:logGet(46)) - raft.server.log.segment.size.max = 67108864 (custom)
2024-02-22 20:34:03,353 [13f92446-3b18-4d81-bc66-0f9b00220e72-impl-thread3] INFO  server.RaftServerConfigKeys (ConfUtils.java:logGet(46)) - raft.server.log.preallocated.size = 4194304 (custom)
2024-02-22 20:34:03,353 [13f92446-3b18-4d81-bc66-0f9b00220e72-impl-thread3] INFO  server.RaftServerConfigKeys (ConfUtils.java:logGet(46)) - raft.server.log.force.sync.num = 128 (default)
2024-02-22 20:34:03,353 [13f92446-3b18-4d81-bc66-0f9b00220e72-impl-thread3] INFO  server.RaftServerConfigKeys (ConfUtils.java:logGet(46)) - raft.server.log.statemachine.data.sync = true (default)
2024-02-22 20:34:03,353 [13f92446-3b18-4d81-bc66-0f9b00220e72-impl-thread3] INFO  server.RaftServerConfigKeys (ConfUtils.java:logGet(46)) - raft.server.log.statemachine.data.sync.timeout = 10s (default)
2024-02-22 20:34:03,354 [13f92446-3b18-4d81-bc66-0f9b00220e72-impl-thread3] INFO  server.RaftServerConfigKeys (ConfUtils.java:logGet(46)) - raft.server.log.statemachine.data.sync.timeout.retry = 0 (custom)
2024-02-22 20:34:03,355 [13f92446-3b18-4d81-bc66-0f9b00220e72-impl-thread1] INFO  server.RaftServerConfigKeys (ConfUtils.java:logGet(46)) - raft.server.log.write.buffer.size = 8388616 (custom)
2024-02-22 20:34:03,356 [13f92446-3b18-4d81-bc66-0f9b00220e72-impl-thread1] INFO  server.RaftServerConfigKeys (ConfUtils.java:logGet(46)) - raft.server.log.appender.buffer.byte-limit = 8388608 (custom)
2024-02-22 20:34:03,356 [13f92446-3b18-4d81-bc66-0f9b00220e72-impl-thread1] INFO  server.RaftServerConfigKeys (ConfUtils.java:logGet(46)) - raft.server.log.unsafe-flush.enabled = false (default)
2024-02-22 20:34:03,356 [13f92446-3b18-4d81-bc66-0f9b00220e72-impl-thread1] INFO  server.RaftServerConfigKeys (ConfUtils.java:logGet(46)) - raft.server.log.async-flush.enabled = false (default)
2024-02-22 20:34:03,356 [13f92446-3b18-4d81-bc66-0f9b00220e72-impl-thread1] INFO  server.RaftServerConfigKeys (ConfUtils.java:logGet(46)) - raft.server.log.statemachine.data.caching.enabled = true (custom)
2024-02-22 20:34:03,359 [13f92446-3b18-4d81-bc66-0f9b00220e72-impl-thread4] INFO  server.RaftServerConfigKeys (ConfUtils.java:logGet(46)) - raft.server.log.segment.size.max = 67108864 (custom)
2024-02-22 20:34:03,359 [13f92446-3b18-4d81-bc66-0f9b00220e72-impl-thread5] INFO  server.RaftServerConfigKeys (ConfUtils.java:logGet(46)) - raft.server.log.segment.size.max = 67108864 (custom)
2024-02-22 20:34:03,360 [13f92446-3b18-4d81-bc66-0f9b00220e72-impl-thread2] INFO  server.RaftServerConfigKeys (ConfUtils.java:logGet(46)) - raft.server.log.segment.cache.num.max = 2 (custom)
2024-02-22 20:34:03,360 [13f92446-3b18-4d81-bc66-0f9b00220e72-impl-thread2] INFO  server.RaftServerConfigKeys (ConfUtils.java:logGet(46)) - raft.server.log.segment.cache.size.max = 200MB (=209715200) (default)
2024-02-22 20:34:03,360 [13f92446-3b18-4d81-bc66-0f9b00220e72-impl-thread2] INFO  server.RaftServerConfigKeys (ConfUtils.java:logGet(46)) - raft.server.log.appender.buffer.byte-limit = 8388608 (custom)
2024-02-22 20:34:03,361 [13f92446-3b18-4d81-bc66-0f9b00220e72-impl-thread3] INFO  server.RaftServerConfigKeys (ConfUtils.java:logGet(46)) - raft.server.log.write.buffer.size = 8388616 (custom)
2024-02-22 20:34:03,361 [13f92446-3b18-4d81-bc66-0f9b00220e72-impl-thread1] INFO  server.RaftServer$Division (ServerState.java:setRaftConf(386)) - 13f92446-3b18-4d81-bc66-0f9b00220e72@group-EF19AB1BE06F: set configuration 0: peers:[13f92446-3b18-4d81-bc66-0f9b00220e72|10.1.0.33:15077]|listeners:[], old=null
2024-02-22 20:34:03,361 [13f92446-3b18-4d81-bc66-0f9b00220e72-impl-thread1] INFO  segmented.LogSegment (LogSegment.java:loadSegment(170)) - Successfully read 1 entries from segment file /home/runner/work/ozone/ozone/hadoop-ozone/integration-test/target/test-dir/MiniOzoneClusterImpl-a0fc024b-a492-45a5-9697-b0d14f72cb5c/datanode-7/data/ratis/d218b5b2-1780-4e0a-a27d-ef19ab1be06f/current/log_inprogress_0
2024-02-22 20:34:03,361 [13f92446-3b18-4d81-bc66-0f9b00220e72-impl-thread1] INFO  segmented.SegmentedRaftLogWorker (SegmentedRaftLogWorker.java:lambda$new$0(134)) - 13f92446-3b18-4d81-bc66-0f9b00220e72@group-EF19AB1BE06F-SegmentedRaftLogWorker: safeCacheEvictIndex: setUnconditionally 0 -> -1
2024-02-22 20:34:03,361 [13f92446-3b18-4d81-bc66-0f9b00220e72-impl-thread1] INFO  segmented.BufferedWriteChannel (BufferedWriteChannel.java:open(62)) - open log_inprogress_0 (append) at position 129
2024-02-22 20:34:03,362 [13f92446-3b18-4d81-bc66-0f9b00220e72-impl-thread4] INFO  server.RaftServerConfigKeys (ConfUtils.java:logGet(46)) - raft.server.log.segment.cache.num.max = 2 (custom)
2024-02-22 20:34:03,362 [13f92446-3b18-4d81-bc66-0f9b00220e72-impl-thread5] INFO  server.RaftServerConfigKeys (ConfUtils.java:logGet(46)) - raft.server.log.segment.cache.num.max = 2 (custom)
2024-02-22 20:34:03,362 [13f92446-3b18-4d81-bc66-0f9b00220e72-impl-thread5] INFO  server.RaftServerConfigKeys (ConfUtils.java:logGet(46)) - raft.server.log.segment.cache.size.max = 200MB (=209715200) (default)
2024-02-22 20:34:03,362 [13f92446-3b18-4d81-bc66-0f9b00220e72-impl-thread5] INFO  server.RaftServerConfigKeys (ConfUtils.java:logGet(46)) - raft.server.log.appender.buffer.byte-limit = 8388608 (custom)
2024-02-22 20:34:03,362 [13f92446-3b18-4d81-bc66-0f9b00220e72-impl-thread4] INFO  server.RaftServerConfigKeys (ConfUtils.java:logGet(46)) - raft.server.log.segment.cache.size.max = 200MB (=209715200) (default)
2024-02-22 20:34:03,362 [13f92446-3b18-4d81-bc66-0f9b00220e72-impl-thread5] INFO  util.AwaitToRun (AwaitToRun.java:start(81)) - Thread[13f92446-3b18-4d81-bc66-0f9b00220e72@group-F0C26C70F6EA-cacheEviction-AwaitToRun,5,main] started
2024-02-22 20:34:03,362 [13f92446-3b18-4d81-bc66-0f9b00220e72-impl-thread5] INFO  segmented.SegmentedRaftLogWorker (SegmentedRaftLogWorker.java:<init>(182)) - new 13f92446-3b18-4d81-bc66-0f9b00220e72@group-F0C26C70F6EA-SegmentedRaftLogWorker for RaftStorageImpl:Storage Directory /home/runner/work/ozone/ozone/hadoop-ozone/integration-test/target/test-dir/MiniOzoneClusterImpl-a0fc024b-a492-45a5-9697-b0d14f72cb5c/datanode-7/data/ratis/014e79b4-2d53-4af7-bdbb-f0c26c70f6ea
2024-02-22 20:34:03,362 [13f92446-3b18-4d81-bc66-0f9b00220e72-impl-thread2] INFO  util.AwaitToRun (AwaitToRun.java:start(81)) - Thread[13f92446-3b18-4d81-bc66-0f9b00220e72@group-C4BFF782AB50-cacheEviction-AwaitToRun,5,main] started
2024-02-22 20:34:03,362 [13f92446-3b18-4d81-bc66-0f9b00220e72-impl-thread2] INFO  segmented.SegmentedRaftLogWorker (SegmentedRaftLogWorker.java:<init>(182)) - new 13f92446-3b18-4d81-bc66-0f9b00220e72@group-C4BFF782AB50-SegmentedRaftLogWorker for RaftStorageImpl:Storage Directory /home/runner/work/ozone/ozone/hadoop-ozone/integration-test/target/test-dir/MiniOzoneClusterImpl-a0fc024b-a492-45a5-9697-b0d14f72cb5c/datanode-7/data/ratis/974fd487-4b0f-4554-8c0f-c4bff782ab50
2024-02-22 20:34:03,362 [13f92446-3b18-4d81-bc66-0f9b00220e72-impl-thread5] INFO  server.RaftServerConfigKeys (ConfUtils.java:logGet(46)) - raft.server.log.queue.byte-limit = 4294967296 (custom)
2024-02-22 20:34:03,362 [13f92446-3b18-4d81-bc66-0f9b00220e72-impl-thread1] INFO  server.RaftServer$Division (RaftServerImpl.java:start(396)) - 13f92446-3b18-4d81-bc66-0f9b00220e72@group-EF19AB1BE06F: start as a follower, conf=0: peers:[13f92446-3b18-4d81-bc66-0f9b00220e72|10.1.0.33:15077]|listeners:[], old=null
2024-02-22 20:34:03,362 [13f92446-3b18-4d81-bc66-0f9b00220e72-impl-thread4] INFO  server.RaftServerConfigKeys (ConfUtils.java:logGet(46)) - raft.server.log.appender.buffer.byte-limit = 8388608 (custom)
2024-02-22 20:34:03,362 [13f92446-3b18-4d81-bc66-0f9b00220e72-impl-thread1] INFO  server.RaftServer$Division (RaftServerImpl.java:setRole(383)) - 13f92446-3b18-4d81-bc66-0f9b00220e72@group-EF19AB1BE06F: changes role from      null to FOLLOWER at term 1 for startAsFollower
2024-02-22 20:34:03,362 [13f92446-3b18-4d81-bc66-0f9b00220e72-impl-thread5] INFO  server.RaftServerConfigKeys (ConfUtils.java:logGet(46)) - raft.server.log.queue.element-limit = 1024 (custom)
2024-02-22 20:34:03,362 [13f92446-3b18-4d81-bc66-0f9b00220e72-impl-thread2] INFO  server.RaftServerConfigKeys (ConfUtils.java:logGet(46)) - raft.server.log.queue.byte-limit = 4294967296 (custom)
2024-02-22 20:34:03,363 [13f92446-3b18-4d81-bc66-0f9b00220e72-impl-thread5] INFO  server.RaftServerConfigKeys (ConfUtils.java:logGet(46)) - raft.server.log.segment.size.max = 67108864 (custom)
2024-02-22 20:34:03,363 [13f92446-3b18-4d81-bc66-0f9b00220e72-impl-thread2] INFO  server.RaftServerConfigKeys (ConfUtils.java:logGet(46)) - raft.server.log.queue.element-limit = 1024 (custom)
2024-02-22 20:34:03,363 [13f92446-3b18-4d81-bc66-0f9b00220e72-impl-thread5] INFO  server.RaftServerConfigKeys (ConfUtils.java:logGet(46)) - raft.server.log.preallocated.size = 4194304 (custom)
2024-02-22 20:34:03,363 [13f92446-3b18-4d81-bc66-0f9b00220e72-impl-thread2] INFO  server.RaftServerConfigKeys (ConfUtils.java:logGet(46)) - raft.server.log.segment.size.max = 67108864 (custom)
2024-02-22 20:34:03,363 [13f92446-3b18-4d81-bc66-0f9b00220e72-impl-thread2] INFO  server.RaftServerConfigKeys (ConfUtils.java:logGet(46)) - raft.server.log.preallocated.size = 4194304 (custom)
2024-02-22 20:34:03,363 [13f92446-3b18-4d81-bc66-0f9b00220e72-impl-thread2] INFO  server.RaftServerConfigKeys (ConfUtils.java:logGet(46)) - raft.server.log.force.sync.num = 128 (default)
2024-02-22 20:34:03,363 [13f92446-3b18-4d81-bc66-0f9b00220e72-impl-thread2] INFO  server.RaftServerConfigKeys (ConfUtils.java:logGet(46)) - raft.server.log.statemachine.data.sync = true (default)
2024-02-22 20:34:03,363 [13f92446-3b18-4d81-bc66-0f9b00220e72-impl-thread5] INFO  server.RaftServerConfigKeys (ConfUtils.java:logGet(46)) - raft.server.log.force.sync.num = 128 (default)
2024-02-22 20:34:03,363 [13f92446-3b18-4d81-bc66-0f9b00220e72-impl-thread5] INFO  server.RaftServerConfigKeys (ConfUtils.java:logGet(46)) - raft.server.log.statemachine.data.sync = true (default)
2024-02-22 20:34:03,364 [13f92446-3b18-4d81-bc66-0f9b00220e72-impl-thread5] INFO  server.RaftServerConfigKeys (ConfUtils.java:logGet(46)) - raft.server.log.statemachine.data.sync.timeout = 10s (default)
2024-02-22 20:34:03,364 [13f92446-3b18-4d81-bc66-0f9b00220e72-impl-thread3] INFO  server.RaftServerConfigKeys (ConfUtils.java:logGet(46)) - raft.server.log.appender.buffer.byte-limit = 8388608 (custom)
2024-02-22 20:34:03,364 [13f92446-3b18-4d81-bc66-0f9b00220e72-impl-thread2] INFO  server.RaftServerConfigKeys (ConfUtils.java:logGet(46)) - raft.server.log.statemachine.data.sync.timeout = 10s (default)
2024-02-22 20:34:03,364 [13f92446-3b18-4d81-bc66-0f9b00220e72-impl-thread2] INFO  server.RaftServerConfigKeys (ConfUtils.java:logGet(46)) - raft.server.log.statemachine.data.sync.timeout.retry = 0 (custom)
2024-02-22 20:34:03,364 [13f92446-3b18-4d81-bc66-0f9b00220e72-impl-thread2] INFO  server.RaftServerConfigKeys (ConfUtils.java:logGet(46)) - raft.server.log.write.buffer.size = 8388616 (custom)
2024-02-22 20:34:03,364 [13f92446-3b18-4d81-bc66-0f9b00220e72-impl-thread5] INFO  server.RaftServerConfigKeys (ConfUtils.java:logGet(46)) - raft.server.log.statemachine.data.sync.timeout.retry = 0 (custom)
2024-02-22 20:34:03,364 [13f92446-3b18-4d81-bc66-0f9b00220e72-impl-thread4] INFO  util.AwaitToRun (AwaitToRun.java:start(81)) - Thread[13f92446-3b18-4d81-bc66-0f9b00220e72@group-B62AC99FA1E0-cacheEviction-AwaitToRun,5,main] started
2024-02-22 20:34:03,364 [13f92446-3b18-4d81-bc66-0f9b00220e72-impl-thread3] INFO  server.RaftServerConfigKeys (ConfUtils.java:logGet(46)) - raft.server.log.unsafe-flush.enabled = false (default)
2024-02-22 20:34:03,365 [13f92446-3b18-4d81-bc66-0f9b00220e72-impl-thread4] INFO  segmented.SegmentedRaftLogWorker (SegmentedRaftLogWorker.java:<init>(182)) - new 13f92446-3b18-4d81-bc66-0f9b00220e72@group-B62AC99FA1E0-SegmentedRaftLogWorker for RaftStorageImpl:Storage Directory /home/runner/work/ozone/ozone/hadoop-ozone/integration-test/target/test-dir/MiniOzoneClusterImpl-a0fc024b-a492-45a5-9697-b0d14f72cb5c/datanode-7/data/ratis/a069b16c-3c19-42f6-a3b4-b62ac99fa1e0
2024-02-22 20:34:03,365 [13f92446-3b18-4d81-bc66-0f9b00220e72-impl-thread5] INFO  server.RaftServerConfigKeys (ConfUtils.java:logGet(46)) - raft.server.log.write.buffer.size = 8388616 (custom)
2024-02-22 20:34:03,365 [13f92446-3b18-4d81-bc66-0f9b00220e72-impl-thread4] INFO  server.RaftServerConfigKeys (ConfUtils.java:logGet(46)) - raft.server.log.queue.byte-limit = 4294967296 (custom)
2024-02-22 20:34:03,365 [13f92446-3b18-4d81-bc66-0f9b00220e72-impl-thread4] INFO  server.RaftServerConfigKeys (ConfUtils.java:logGet(46)) - raft.server.log.queue.element-limit = 1024 (custom)
2024-02-22 20:34:03,365 [13f92446-3b18-4d81-bc66-0f9b00220e72-impl-thread3] INFO  server.RaftServerConfigKeys (ConfUtils.java:logGet(46)) - raft.server.log.async-flush.enabled = false (default)
2024-02-22 20:34:03,365 [13f92446-3b18-4d81-bc66-0f9b00220e72-impl-thread4] INFO  server.RaftServerConfigKeys (ConfUtils.java:logGet(46)) - raft.server.log.segment.size.max = 67108864 (custom)
2024-02-22 20:34:03,365 [13f92446-3b18-4d81-bc66-0f9b00220e72-impl-thread3] INFO  server.RaftServerConfigKeys (ConfUtils.java:logGet(46)) - raft.server.log.statemachine.data.caching.enabled = true (custom)
2024-02-22 20:34:03,365 [13f92446-3b18-4d81-bc66-0f9b00220e72-impl-thread4] INFO  server.RaftServerConfigKeys (ConfUtils.java:logGet(46)) - raft.server.log.preallocated.size = 4194304 (custom)
2024-02-22 20:34:03,365 [13f92446-3b18-4d81-bc66-0f9b00220e72-impl-thread4] INFO  server.RaftServerConfigKeys (ConfUtils.java:logGet(46)) - raft.server.log.force.sync.num = 128 (default)
2024-02-22 20:34:03,365 [13f92446-3b18-4d81-bc66-0f9b00220e72-impl-thread4] INFO  server.RaftServerConfigKeys (ConfUtils.java:logGet(46)) - raft.server.log.statemachine.data.sync = true (default)
2024-02-22 20:34:03,365 [13f92446-3b18-4d81-bc66-0f9b00220e72-impl-thread4] INFO  server.RaftServerConfigKeys (ConfUtils.java:logGet(46)) - raft.server.log.statemachine.data.sync.timeout = 10s (default)
2024-02-22 20:34:03,365 [13f92446-3b18-4d81-bc66-0f9b00220e72-impl-thread4] INFO  server.RaftServerConfigKeys (ConfUtils.java:logGet(46)) - raft.server.log.statemachine.data.sync.timeout.retry = 0 (custom)
2024-02-22 20:34:03,366 [13f92446-3b18-4d81-bc66-0f9b00220e72-impl-thread1] INFO  impl.RoleInfo (RoleInfo.java:updateAndGet(139)) - 13f92446-3b18-4d81-bc66-0f9b00220e72: start 13f92446-3b18-4d81-bc66-0f9b00220e72@group-EF19AB1BE06F-FollowerState
2024-02-22 20:34:03,366 [13f92446-3b18-4d81-bc66-0f9b00220e72-impl-thread3] INFO  server.RaftServer$Division (ServerState.java:setRaftConf(386)) - 13f92446-3b18-4d81-bc66-0f9b00220e72@group-B58ED9299B6F: set configuration 0: peers:[78f89d9b-e409-4704-890b-bfcfbcdfd28a|10.1.0.33:15086, c30fedce-f286-40e0-881d-3d5a9a6e2463|10.1.0.33:15068, 13f92446-3b18-4d81-bc66-0f9b00220e72|10.1.0.33:15077]|listeners:[], old=null
2024-02-22 20:34:03,366 [13f92446-3b18-4d81-bc66-0f9b00220e72-impl-thread4] INFO  server.RaftServerConfigKeys (ConfUtils.java:logGet(46)) - raft.server.log.write.buffer.size = 8388616 (custom)
2024-02-22 20:34:03,366 [13f92446-3b18-4d81-bc66-0f9b00220e72-impl-thread3] INFO  segmented.LogSegment (LogSegment.java:loadSegment(170)) - Successfully read 1 entries from segment file /home/runner/work/ozone/ozone/hadoop-ozone/integration-test/target/test-dir/MiniOzoneClusterImpl-a0fc024b-a492-45a5-9697-b0d14f72cb5c/datanode-7/data/ratis/d49f5e63-9859-43c9-95b6-b58ed9299b6f/current/log_inprogress_0
2024-02-22 20:34:03,366 [13f92446-3b18-4d81-bc66-0f9b00220e72-impl-thread3] INFO  segmented.SegmentedRaftLogWorker (SegmentedRaftLogWorker.java:lambda$new$0(134)) - 13f92446-3b18-4d81-bc66-0f9b00220e72@group-B58ED9299B6F-SegmentedRaftLogWorker: safeCacheEvictIndex: setUnconditionally 0 -> -1
2024-02-22 20:34:03,366 [13f92446-3b18-4d81-bc66-0f9b00220e72-impl-thread3] INFO  segmented.BufferedWriteChannel (BufferedWriteChannel.java:open(62)) - open log_inprogress_0 (append) at position 351
2024-02-22 20:34:03,366 [13f92446-3b18-4d81-bc66-0f9b00220e72-impl-thread5] INFO  server.RaftServerConfigKeys (ConfUtils.java:logGet(46)) - raft.server.log.appender.buffer.byte-limit = 8388608 (custom)
2024-02-22 20:34:03,366 [13f92446-3b18-4d81-bc66-0f9b00220e72-impl-thread5] INFO  server.RaftServerConfigKeys (ConfUtils.java:logGet(46)) - raft.server.log.unsafe-flush.enabled = false (default)
2024-02-22 20:34:03,366 [13f92446-3b18-4d81-bc66-0f9b00220e72-impl-thread5] INFO  server.RaftServerConfigKeys (ConfUtils.java:logGet(46)) - raft.server.log.async-flush.enabled = false (default)
2024-02-22 20:34:03,366 [13f92446-3b18-4d81-bc66-0f9b00220e72-impl-thread5] INFO  server.RaftServerConfigKeys (ConfUtils.java:logGet(46)) - raft.server.log.statemachine.data.caching.enabled = true (custom)
2024-02-22 20:34:03,367 [13f92446-3b18-4d81-bc66-0f9b00220e72-impl-thread5] INFO  segmented.SegmentedRaftLogWorker (SegmentedRaftLogWorker.java:lambda$new$0(134)) - 13f92446-3b18-4d81-bc66-0f9b00220e72@group-F0C26C70F6EA-SegmentedRaftLogWorker: flushIndex: setUnconditionally 0 -> -1
2024-02-22 20:34:03,368 [13f92446-3b18-4d81-bc66-0f9b00220e72-impl-thread5] INFO  segmented.SegmentedRaftLogWorker (SegmentedRaftLogWorker.java:lambda$new$0(134)) - 13f92446-3b18-4d81-bc66-0f9b00220e72@group-F0C26C70F6EA-SegmentedRaftLogWorker: safeCacheEvictIndex: setUnconditionally 0 -> -1
2024-02-22 20:34:03,367 [13f92446-3b18-4d81-bc66-0f9b00220e72-impl-thread1] INFO  util.JmxRegister (JmxRegister.java:tryRegister(44)) - Successfully registered JMX Bean with object name Ratis:service=RaftServer,group=group-EF19AB1BE06F,id=13f92446-3b18-4d81-bc66-0f9b00220e72
2024-02-22 20:34:03,368 [13f92446-3b18-4d81-bc66-0f9b00220e72-impl-thread1] INFO  server.RaftServerConfigKeys (ConfUtils.java:logGet(46)) - raft.server.snapshot.trigger-when-stop.enabled = true (default)
2024-02-22 20:34:03,368 [13f92446-3b18-4d81-bc66-0f9b00220e72-impl-thread1] INFO  server.RaftServerConfigKeys (ConfUtils.java:logGet(46)) - raft.server.snapshot.auto.trigger.enabled = true (custom)
2024-02-22 20:34:03,368 [13f92446-3b18-4d81-bc66-0f9b00220e72-impl-thread1] INFO  server.RaftServerConfigKeys (ConfUtils.java:logGet(46)) - raft.server.snapshot.auto.trigger.threshold = 10000 (custom)
2024-02-22 20:34:03,368 [13f92446-3b18-4d81-bc66-0f9b00220e72-impl-thread1] INFO  server.RaftServerConfigKeys (ConfUtils.java:logGet(46)) - raft.server.snapshot.retention.file.num = 5 (custom)
2024-02-22 20:34:03,368 [13f92446-3b18-4d81-bc66-0f9b00220e72-impl-thread1] INFO  server.RaftServerConfigKeys (ConfUtils.java:logGet(46)) - raft.server.log.purge.upto.snapshot.index = false (default)
2024-02-22 20:34:03,368 [13f92446-3b18-4d81-bc66-0f9b00220e72-impl-thread2] INFO  server.RaftServerConfigKeys (ConfUtils.java:logGet(46)) - raft.server.log.appender.buffer.byte-limit = 8388608 (custom)
2024-02-22 20:34:03,368 [13f92446-3b18-4d81-bc66-0f9b00220e72-impl-thread2] INFO  server.RaftServerConfigKeys (ConfUtils.java:logGet(46)) - raft.server.log.unsafe-flush.enabled = false (default)
2024-02-22 20:34:03,368 [13f92446-3b18-4d81-bc66-0f9b00220e72-impl-thread2] INFO  server.RaftServerConfigKeys (ConfUtils.java:logGet(46)) - raft.server.log.async-flush.enabled = false (default)
2024-02-22 20:34:03,368 [13f92446-3b18-4d81-bc66-0f9b00220e72-impl-thread2] INFO  server.RaftServerConfigKeys (ConfUtils.java:logGet(46)) - raft.server.log.statemachine.data.caching.enabled = true (custom)
2024-02-22 20:34:03,368 [13f92446-3b18-4d81-bc66-0f9b00220e72-impl-thread2] INFO  segmented.SegmentedRaftLogWorker (SegmentedRaftLogWorker.java:lambda$new$0(134)) - 13f92446-3b18-4d81-bc66-0f9b00220e72@group-C4BFF782AB50-SegmentedRaftLogWorker: flushIndex: setUnconditionally 0 -> -1
2024-02-22 20:34:03,369 [13f92446-3b18-4d81-bc66-0f9b00220e72-impl-thread2] INFO  segmented.SegmentedRaftLogWorker (SegmentedRaftLogWorker.java:lambda$new$0(134)) - 13f92446-3b18-4d81-bc66-0f9b00220e72@group-C4BFF782AB50-SegmentedRaftLogWorker: safeCacheEvictIndex: setUnconditionally 0 -> -1
2024-02-22 20:34:03,369 [13f92446-3b18-4d81-bc66-0f9b00220e72-impl-thread4] INFO  server.RaftServerConfigKeys (ConfUtils.java:logGet(46)) - raft.server.log.appender.buffer.byte-limit = 8388608 (custom)
2024-02-22 20:34:03,369 [13f92446-3b18-4d81-bc66-0f9b00220e72-impl-thread4] INFO  server.RaftServerConfigKeys (ConfUtils.java:logGet(46)) - raft.server.log.unsafe-flush.enabled = false (default)
2024-02-22 20:34:03,369 [13f92446-3b18-4d81-bc66-0f9b00220e72-impl-thread4] INFO  server.RaftServerConfigKeys (ConfUtils.java:logGet(46)) - raft.server.log.async-flush.enabled = false (default)
2024-02-22 20:34:03,369 [13f92446-3b18-4d81-bc66-0f9b00220e72-impl-thread4] INFO  server.RaftServerConfigKeys (ConfUtils.java:logGet(46)) - raft.server.log.statemachine.data.caching.enabled = true (custom)
2024-02-22 20:34:03,369 [13f92446-3b18-4d81-bc66-0f9b00220e72-impl-thread4] INFO  segmented.SegmentedRaftLogWorker (SegmentedRaftLogWorker.java:lambda$new$0(134)) - 13f92446-3b18-4d81-bc66-0f9b00220e72@group-B62AC99FA1E0-SegmentedRaftLogWorker: flushIndex: setUnconditionally 0 -> -1
2024-02-22 20:34:03,369 [13f92446-3b18-4d81-bc66-0f9b00220e72-impl-thread4] INFO  segmented.SegmentedRaftLogWorker (SegmentedRaftLogWorker.java:lambda$new$0(134)) - 13f92446-3b18-4d81-bc66-0f9b00220e72@group-B62AC99FA1E0-SegmentedRaftLogWorker: safeCacheEvictIndex: setUnconditionally 0 -> -1
2024-02-22 20:34:03,370 [13f92446-3b18-4d81-bc66-0f9b00220e72-impl-thread3] INFO  server.RaftServer$Division (RaftServerImpl.java:start(396)) - 13f92446-3b18-4d81-bc66-0f9b00220e72@group-B58ED9299B6F: start as a follower, conf=0: peers:[78f89d9b-e409-4704-890b-bfcfbcdfd28a|10.1.0.33:15086, c30fedce-f286-40e0-881d-3d5a9a6e2463|10.1.0.33:15068, 13f92446-3b18-4d81-bc66-0f9b00220e72|10.1.0.33:15077]|listeners:[], old=null
2024-02-22 20:34:03,370 [13f92446-3b18-4d81-bc66-0f9b00220e72-impl-thread3] INFO  server.RaftServer$Division (RaftServerImpl.java:setRole(383)) - 13f92446-3b18-4d81-bc66-0f9b00220e72@group-B58ED9299B6F: changes role from      null to FOLLOWER at term 1 for startAsFollower
2024-02-22 20:34:03,370 [13f92446-3b18-4d81-bc66-0f9b00220e72-impl-thread4] INFO  server.RaftServer$Division (RaftServerImpl.java:start(402)) - 13f92446-3b18-4d81-bc66-0f9b00220e72@group-B62AC99FA1E0: start with initializing state, conf=-1: peers:[]|listeners:[], old=null
2024-02-22 20:34:03,370 [13f92446-3b18-4d81-bc66-0f9b00220e72-impl-thread4] INFO  server.RaftServer$Division (RaftServerImpl.java:setRole(383)) - 13f92446-3b18-4d81-bc66-0f9b00220e72@group-B62AC99FA1E0: changes role from      null to FOLLOWER at term 0 for startInitializing
2024-02-22 20:34:03,370 [13f92446-3b18-4d81-bc66-0f9b00220e72-impl-thread4] INFO  util.JmxRegister (JmxRegister.java:tryRegister(44)) - Successfully registered JMX Bean with object name Ratis:service=RaftServer,group=group-B62AC99FA1E0,id=13f92446-3b18-4d81-bc66-0f9b00220e72
2024-02-22 20:34:03,370 [13f92446-3b18-4d81-bc66-0f9b00220e72-impl-thread4] INFO  server.RaftServerConfigKeys (ConfUtils.java:logGet(46)) - raft.server.snapshot.trigger-when-stop.enabled = true (default)
2024-02-22 20:34:03,370 [13f92446-3b18-4d81-bc66-0f9b00220e72-impl-thread4] INFO  server.RaftServerConfigKeys (ConfUtils.java:logGet(46)) - raft.server.snapshot.auto.trigger.enabled = true (custom)
2024-02-22 20:34:03,370 [13f92446-3b18-4d81-bc66-0f9b00220e72-impl-thread4] INFO  server.RaftServerConfigKeys (ConfUtils.java:logGet(46)) - raft.server.snapshot.auto.trigger.threshold = 10000 (custom)
2024-02-22 20:34:03,370 [13f92446-3b18-4d81-bc66-0f9b00220e72-impl-thread4] INFO  server.RaftServerConfigKeys (ConfUtils.java:logGet(46)) - raft.server.snapshot.retention.file.num = 5 (custom)
2024-02-22 20:34:03,370 [13f92446-3b18-4d81-bc66-0f9b00220e72-impl-thread4] INFO  server.RaftServerConfigKeys (ConfUtils.java:logGet(46)) - raft.server.log.purge.upto.snapshot.index = false (default)
2024-02-22 20:34:03,371 [13f92446-3b18-4d81-bc66-0f9b00220e72-impl-thread2] INFO  server.RaftServer$Division (RaftServerImpl.java:start(402)) - 13f92446-3b18-4d81-bc66-0f9b00220e72@group-C4BFF782AB50: start with initializing state, conf=-1: peers:[]|listeners:[], old=null
2024-02-22 20:34:03,371 [13f92446-3b18-4d81-bc66-0f9b00220e72-impl-thread2] INFO  server.RaftServer$Division (RaftServerImpl.java:setRole(383)) - 13f92446-3b18-4d81-bc66-0f9b00220e72@group-C4BFF782AB50: changes role from      null to FOLLOWER at term 1 for startInitializing
2024-02-22 20:34:03,371 [13f92446-3b18-4d81-bc66-0f9b00220e72@group-EF19AB1BE06F-FollowerState] INFO  server.RaftServerConfigKeys (ConfUtils.java:logFallback(53)) - raft.server.rpc.first-election.timeout.min = 5s (fallback to raft.server.rpc.timeout.min)
2024-02-22 20:34:03,372 [13f92446-3b18-4d81-bc66-0f9b00220e72@group-EF19AB1BE06F-FollowerState] INFO  server.RaftServerConfigKeys (ConfUtils.java:logFallback(53)) - raft.server.rpc.first-election.timeout.max = 5200ms (fallback to raft.server.rpc.timeout.max)
2024-02-22 20:34:03,371 [13f92446-3b18-4d81-bc66-0f9b00220e72-impl-thread2] INFO  util.JmxRegister (JmxRegister.java:tryRegister(44)) - Successfully registered JMX Bean with object name Ratis:service=RaftServer,group=group-C4BFF782AB50,id=13f92446-3b18-4d81-bc66-0f9b00220e72
2024-02-22 20:34:03,372 [13f92446-3b18-4d81-bc66-0f9b00220e72-impl-thread2] INFO  server.RaftServerConfigKeys (ConfUtils.java:logGet(46)) - raft.server.snapshot.trigger-when-stop.enabled = true (default)
2024-02-22 20:34:03,372 [13f92446-3b18-4d81-bc66-0f9b00220e72-impl-thread2] INFO  server.RaftServerConfigKeys (ConfUtils.java:logGet(46)) - raft.server.snapshot.auto.trigger.enabled = true (custom)
2024-02-22 20:34:03,372 [13f92446-3b18-4d81-bc66-0f9b00220e72-impl-thread2] INFO  server.RaftServerConfigKeys (ConfUtils.java:logGet(46)) - raft.server.snapshot.auto.trigger.threshold = 10000 (custom)
2024-02-22 20:34:03,372 [13f92446-3b18-4d81-bc66-0f9b00220e72-impl-thread2] INFO  server.RaftServerConfigKeys (ConfUtils.java:logGet(46)) - raft.server.snapshot.retention.file.num = 5 (custom)
2024-02-22 20:34:03,372 [13f92446-3b18-4d81-bc66-0f9b00220e72-impl-thread2] INFO  server.RaftServerConfigKeys (ConfUtils.java:logGet(46)) - raft.server.log.purge.upto.snapshot.index = false (default)
2024-02-22 20:34:03,372 [13f92446-3b18-4d81-bc66-0f9b00220e72-impl-thread5] INFO  server.RaftServer$Division (RaftServerImpl.java:start(402)) - 13f92446-3b18-4d81-bc66-0f9b00220e72@group-F0C26C70F6EA: start with initializing state, conf=-1: peers:[]|listeners:[], old=null
2024-02-22 20:34:03,372 [13f92446-3b18-4d81-bc66-0f9b00220e72-impl-thread5] INFO  server.RaftServer$Division (RaftServerImpl.java:setRole(383)) - 13f92446-3b18-4d81-bc66-0f9b00220e72@group-F0C26C70F6EA: changes role from      null to FOLLOWER at term 0 for startInitializing
2024-02-22 20:34:03,373 [13f92446-3b18-4d81-bc66-0f9b00220e72-impl-thread5] INFO  util.JmxRegister (JmxRegister.java:tryRegister(44)) - Successfully registered JMX Bean with object name Ratis:service=RaftServer,group=group-F0C26C70F6EA,id=13f92446-3b18-4d81-bc66-0f9b00220e72
2024-02-22 20:34:03,373 [13f92446-3b18-4d81-bc66-0f9b00220e72-impl-thread5] INFO  server.RaftServerConfigKeys (ConfUtils.java:logGet(46)) - raft.server.snapshot.trigger-when-stop.enabled = true (default)
2024-02-22 20:34:03,373 [13f92446-3b18-4d81-bc66-0f9b00220e72-impl-thread5] INFO  server.RaftServerConfigKeys (ConfUtils.java:logGet(46)) - raft.server.snapshot.auto.trigger.enabled = true (custom)
2024-02-22 20:34:03,373 [13f92446-3b18-4d81-bc66-0f9b00220e72-impl-thread5] INFO  server.RaftServerConfigKeys (ConfUtils.java:logGet(46)) - raft.server.snapshot.auto.trigger.threshold = 10000 (custom)
2024-02-22 20:34:03,373 [13f92446-3b18-4d81-bc66-0f9b00220e72-impl-thread5] INFO  server.RaftServerConfigKeys (ConfUtils.java:logGet(46)) - raft.server.snapshot.retention.file.num = 5 (custom)
2024-02-22 20:34:03,373 [13f92446-3b18-4d81-bc66-0f9b00220e72-impl-thread5] INFO  server.RaftServerConfigKeys (ConfUtils.java:logGet(46)) - raft.server.log.purge.upto.snapshot.index = false (default)
2024-02-22 20:34:03,373 [13f92446-3b18-4d81-bc66-0f9b00220e72-impl-thread3] INFO  impl.RoleInfo (RoleInfo.java:updateAndGet(139)) - 13f92446-3b18-4d81-bc66-0f9b00220e72: start 13f92446-3b18-4d81-bc66-0f9b00220e72@group-B58ED9299B6F-FollowerState
2024-02-22 20:34:03,373 [13f92446-3b18-4d81-bc66-0f9b00220e72-impl-thread3] INFO  util.JmxRegister (JmxRegister.java:tryRegister(44)) - Successfully registered JMX Bean with object name Ratis:service=RaftServer,group=group-B58ED9299B6F,id=13f92446-3b18-4d81-bc66-0f9b00220e72
2024-02-22 20:34:03,374 [13f92446-3b18-4d81-bc66-0f9b00220e72@group-B58ED9299B6F-FollowerState] INFO  server.RaftServerConfigKeys (ConfUtils.java:logFallback(53)) - raft.server.rpc.first-election.timeout.min = 5s (fallback to raft.server.rpc.timeout.min)
2024-02-22 20:34:03,374 [13f92446-3b18-4d81-bc66-0f9b00220e72-impl-thread3] INFO  server.RaftServerConfigKeys (ConfUtils.java:logGet(46)) - raft.server.snapshot.trigger-when-stop.enabled = true (default)
2024-02-22 20:34:03,374 [13f92446-3b18-4d81-bc66-0f9b00220e72-impl-thread3] INFO  server.RaftServerConfigKeys (ConfUtils.java:logGet(46)) - raft.server.snapshot.auto.trigger.enabled = true (custom)
2024-02-22 20:34:03,374 [13f92446-3b18-4d81-bc66-0f9b00220e72-impl-thread3] INFO  server.RaftServerConfigKeys (ConfUtils.java:logGet(46)) - raft.server.snapshot.auto.trigger.threshold = 10000 (custom)
2024-02-22 20:34:03,374 [13f92446-3b18-4d81-bc66-0f9b00220e72-impl-thread3] INFO  server.RaftServerConfigKeys (ConfUtils.java:logGet(46)) - raft.server.snapshot.retention.file.num = 5 (custom)
2024-02-22 20:34:03,374 [13f92446-3b18-4d81-bc66-0f9b00220e72-impl-thread3] INFO  server.RaftServerConfigKeys (ConfUtils.java:logGet(46)) - raft.server.log.purge.upto.snapshot.index = false (default)
2024-02-22 20:34:03,374 [13f92446-3b18-4d81-bc66-0f9b00220e72@group-B58ED9299B6F-FollowerState] INFO  server.RaftServerConfigKeys (ConfUtils.java:logFallback(53)) - raft.server.rpc.first-election.timeout.max = 5200ms (fallback to raft.server.rpc.timeout.max)
2024-02-22 20:34:03,374 [13f92446-3b18-4d81-bc66-0f9b00220e72-EndpointStateMachineTaskThread-/0.0.0.0:15002-0 ] INFO  server.RaftServer (RaftServerProxy.java:startImpl(406)) - 13f92446-3b18-4d81-bc66-0f9b00220e72: start RPC server
2024-02-22 20:34:03,375 [13f92446-3b18-4d81-bc66-0f9b00220e72-EndpointStateMachineTaskThread-/0.0.0.0:15002-0 ] INFO  server.GrpcService (GrpcService.java:startImpl(302)) - 13f92446-3b18-4d81-bc66-0f9b00220e72: GrpcService started, listening on 15075
2024-02-22 20:34:03,375 [13f92446-3b18-4d81-bc66-0f9b00220e72-EndpointStateMachineTaskThread-/0.0.0.0:15002-0 ] INFO  server.GrpcService (GrpcService.java:startImpl(302)) - 13f92446-3b18-4d81-bc66-0f9b00220e72: GrpcService started, listening on 15077
2024-02-22 20:34:03,375 [13f92446-3b18-4d81-bc66-0f9b00220e72-EndpointStateMachineTaskThread-/0.0.0.0:15002-0 ] INFO  server.GrpcService (GrpcService.java:startImpl(302)) - 13f92446-3b18-4d81-bc66-0f9b00220e72: GrpcService started, listening on 15076
2024-02-22 20:34:03,375 [13f92446-3b18-4d81-bc66-0f9b00220e72-EndpointStateMachineTaskThread-/0.0.0.0:15002-0 ] INFO  ratis.XceiverServerRatis (XceiverServerRatis.java:getRealPort(592)) - XceiverServerRatis 13f92446-3b18-4d81-bc66-0f9b00220e72 is started using port 15075 for RATIS
2024-02-22 20:34:03,376 [13f92446-3b18-4d81-bc66-0f9b00220e72-EndpointStateMachineTaskThread-/0.0.0.0:15002-0 ] INFO  ratis.XceiverServerRatis (XceiverServerRatis.java:getRealPort(592)) - XceiverServerRatis 13f92446-3b18-4d81-bc66-0f9b00220e72 is started using port 15076 for RATIS_ADMIN
2024-02-22 20:34:03,376 [13f92446-3b18-4d81-bc66-0f9b00220e72-EndpointStateMachineTaskThread-/0.0.0.0:15002-0 ] INFO  ratis.XceiverServerRatis (XceiverServerRatis.java:getRealPort(592)) - XceiverServerRatis 13f92446-3b18-4d81-bc66-0f9b00220e72 is started using port 15077 for RATIS_SERVER
2024-02-22 20:34:03,376 [13f92446-3b18-4d81-bc66-0f9b00220e72-EndpointStateMachineTaskThread-/0.0.0.0:15002-0 ] INFO  ratis.XceiverServerRatis (XceiverServerRatis.java:getRealPort(592)) - XceiverServerRatis 13f92446-3b18-4d81-bc66-0f9b00220e72 is started using port 15078 for RATIS_DATASTREAM
2024-02-22 20:34:03,375 [JvmPauseMonitor12] INFO  util.JvmPauseMonitor (JvmPauseMonitor.java:run(146)) - JvmPauseMonitor-13f92446-3b18-4d81-bc66-0f9b00220e72: Started
2024-02-22 20:34:03,378 [13f92446-3b18-4d81-bc66-0f9b00220e72-BlockDeletingService#0] INFO  interfaces.ContainerDeletionChoosingPolicyTemplate (ContainerDeletionChoosingPolicyTemplate.java:chooseContainerForBlockDeletion(85)) - Chosen 0/5000 blocks from 0 candidate containers.
2024-02-22 20:34:04,297 [main] INFO  ozone.MiniOzoneClusterImpl (MiniOzoneClusterImpl.java:lambda$waitForClusterToBeReady$0(205)) - Waiting for nodes to be ready. Got 9 of 10 DN Heartbeats.
2024-02-22 20:34:04,297 [main] INFO  ozone.MiniOzoneClusterImpl (MiniOzoneClusterImpl.java:lambda$waitForClusterToBeReady$0(208)) - Cluster exits safe mode
2024-02-22 20:34:04,297 [main] INFO  ozone.MiniOzoneClusterImpl (MiniOzoneClusterImpl.java:lambda$waitForClusterToBeReady$0(210)) - SCM became leader
2024-02-22 20:34:05,298 [main] INFO  ozone.MiniOzoneClusterImpl (MiniOzoneClusterImpl.java:lambda$waitForClusterToBeReady$0(205)) - Waiting for nodes to be ready. Got 9 of 10 DN Heartbeats.
2024-02-22 20:34:05,298 [main] INFO  ozone.MiniOzoneClusterImpl (MiniOzoneClusterImpl.java:lambda$waitForClusterToBeReady$0(208)) - Cluster exits safe mode
2024-02-22 20:34:05,298 [main] INFO  ozone.MiniOzoneClusterImpl (MiniOzoneClusterImpl.java:lambda$waitForClusterToBeReady$0(210)) - SCM became leader
2024-02-22 20:34:05,333 [EventQueue-PipelineReportForPipelineReportHandler] INFO  pipeline.PipelineReportHandler (PipelineReportHandler.java:processPipelineReport(115)) - Reported pipeline PipelineID=d218b5b2-1780-4e0a-a27d-ef19ab1be06f is not found
2024-02-22 20:34:05,333 [EventQueue-PipelineReportForPipelineReportHandler] INFO  pipeline.PipelineReportHandler (PipelineReportHandler.java:processPipelineReport(115)) - Reported pipeline PipelineID=974fd487-4b0f-4554-8c0f-c4bff782ab50 is not found
2024-02-22 20:34:05,333 [EventQueue-PipelineReportForPipelineReportHandler] INFO  pipeline.PipelineReportHandler (PipelineReportHandler.java:processPipelineReport(115)) - Reported pipeline PipelineID=d49f5e63-9859-43c9-95b6-b58ed9299b6f is not found
2024-02-22 20:34:05,333 [EventQueue-PipelineReportForPipelineReportHandler] INFO  pipeline.PipelineReportHandler (PipelineReportHandler.java:processPipelineReport(115)) - Reported pipeline PipelineID=a069b16c-3c19-42f6-a3b4-b62ac99fa1e0 is not found
2024-02-22 20:34:05,333 [EventQueue-PipelineReportForPipelineReportHandler] INFO  pipeline.PipelineReportHandler (PipelineReportHandler.java:processPipelineReport(115)) - Reported pipeline PipelineID=014e79b4-2d53-4af7-bdbb-f0c26c70f6ea is not found
2024-02-22 20:34:05,333 [EventQueue-PipelineReportForPipelineReportHandler] INFO  pipeline.PipelineReportHandler (PipelineReportHandler.java:processPipelineReport(115)) - Reported pipeline PipelineID=724f0737-a92a-4fca-96d8-c6933685b048 is not found
2024-02-22 20:34:06,298 [main] INFO  ozone.MiniOzoneClusterImpl (MiniOzoneClusterImpl.java:lambda$waitForClusterToBeReady$0(205)) - Waiting for nodes to be ready. Got 9 of 10 DN Heartbeats.
2024-02-22 20:34:06,299 [main] INFO  ozone.MiniOzoneClusterImpl (MiniOzoneClusterImpl.java:lambda$waitForClusterToBeReady$0(208)) - Cluster exits safe mode
2024-02-22 20:34:06,299 [main] INFO  ozone.MiniOzoneClusterImpl (MiniOzoneClusterImpl.java:lambda$waitForClusterToBeReady$0(210)) - SCM became leader
2024-02-22 20:34:07,299 [main] INFO  ozone.MiniOzoneClusterImpl (MiniOzoneClusterImpl.java:lambda$waitForClusterToBeReady$0(205)) - Waiting for nodes to be ready. Got 9 of 10 DN Heartbeats.
2024-02-22 20:34:07,299 [main] INFO  ozone.MiniOzoneClusterImpl (MiniOzoneClusterImpl.java:lambda$waitForClusterToBeReady$0(208)) - Cluster exits safe mode
2024-02-22 20:34:07,299 [main] INFO  ozone.MiniOzoneClusterImpl (MiniOzoneClusterImpl.java:lambda$waitForClusterToBeReady$0(210)) - SCM became leader
2024-02-22 20:34:07,331 [EventQueue-PipelineReportForPipelineReportHandler] INFO  pipeline.PipelineReportHandler (PipelineReportHandler.java:processPipelineReport(115)) - Reported pipeline PipelineID=d218b5b2-1780-4e0a-a27d-ef19ab1be06f is not found
2024-02-22 20:34:07,331 [EventQueue-PipelineReportForPipelineReportHandler] INFO  pipeline.PipelineReportHandler (PipelineReportHandler.java:processPipelineReport(115)) - Reported pipeline PipelineID=974fd487-4b0f-4554-8c0f-c4bff782ab50 is not found
2024-02-22 20:34:07,331 [EventQueue-PipelineReportForPipelineReportHandler] INFO  pipeline.PipelineReportHandler (PipelineReportHandler.java:processPipelineReport(115)) - Reported pipeline PipelineID=d49f5e63-9859-43c9-95b6-b58ed9299b6f is not found
2024-02-22 20:34:07,331 [EventQueue-PipelineReportForPipelineReportHandler] INFO  pipeline.PipelineReportHandler (PipelineReportHandler.java:processPipelineReport(115)) - Reported pipeline PipelineID=a069b16c-3c19-42f6-a3b4-b62ac99fa1e0 is not found
2024-02-22 20:34:07,331 [EventQueue-PipelineReportForPipelineReportHandler] INFO  pipeline.PipelineReportHandler (PipelineReportHandler.java:processPipelineReport(115)) - Reported pipeline PipelineID=014e79b4-2d53-4af7-bdbb-f0c26c70f6ea is not found
2024-02-22 20:34:07,331 [EventQueue-PipelineReportForPipelineReportHandler] INFO  pipeline.PipelineReportHandler (PipelineReportHandler.java:processPipelineReport(115)) - Reported pipeline PipelineID=724f0737-a92a-4fca-96d8-c6933685b048 is not found
2024-02-22 20:34:07,409 [EventQueue-HealthyReadonlyNodeForHealthyReadOnlyNodeHandler] INFO  node.HealthyReadOnlyNodeHandler (HealthyReadOnlyNodeHandler.java:onMessage(55)) - Datanode 13f92446-3b18-4d81-bc66-0f9b00220e72(fv-az779-213.k0faouyluq4u1aavuapgg5xmpb.cx.internal.cloudapp.net/10.1.0.33) moved to HEALTHY READONLY state.
2024-02-22 20:34:07,409 [EventQueue-HealthyReadonlyNodeForHealthyReadOnlyNodeHandler] INFO  net.NetworkTopologyImpl (NetworkTopologyImpl.java:add(124)) - Added a new node: /default-rack/13f92446-3b18-4d81-bc66-0f9b00220e72
2024-02-22 20:34:07,509 [EventQueue-HealthyReadonlyToHealthyNodeForReadOnlyHealthyToHealthyNodeHandler] INFO  node.ReadOnlyHealthyToHealthyNodeHandler (ReadOnlyHealthyToHealthyNodeHandler.java:onMessage(51)) - Datanode 13f92446-3b18-4d81-bc66-0f9b00220e72(fv-az779-213.k0faouyluq4u1aavuapgg5xmpb.cx.internal.cloudapp.net/10.1.0.33) moved to HEALTHY state.
2024-02-22 20:34:07,509 [EventQueue-HealthyReadonlyToHealthyNodeForReadOnlyHealthyToHealthyNodeHandler] INFO  pipeline.BackgroundPipelineCreator (BackgroundPipelineCreator.java:notifyEventTriggered(280)) - trigger a one-shot run on RatisPipelineUtilsThread.
2024-02-22 20:34:07,511 [RatisPipelineUtilsThread-0] INFO  pipeline.RatisPipelineProvider (RatisPipelineProvider.java:lambda$create$0(205)) - Sending CreatePipelineCommand for pipeline:PipelineID=6dc9a45d-f13a-4834-a9c0-e8e8a0364f52 to datanode:13f92446-3b18-4d81-bc66-0f9b00220e72
2024-02-22 20:34:07,512 [RatisPipelineUtilsThread-0] INFO  pipeline.BackgroundPipelineCreator (BackgroundPipelineCreator.java:createPipelines(236)) - Created new pipeline Pipeline[ Id: 6dc9a45d-f13a-4834-a9c0-e8e8a0364f52, Nodes: 13f92446-3b18-4d81-bc66-0f9b00220e72(fv-az779-213.k0faouyluq4u1aavuapgg5xmpb.cx.internal.cloudapp.net/10.1.0.33), ReplicationConfig: RATIS/ONE, State:ALLOCATED, leaderId:, CreationTimestamp2024-02-22T20:34:07.511Z[Etc/UTC]]
2024-02-22 20:34:07,512 [RatisPipelineUtilsThread-0] INFO  pipeline.RatisPipelineProvider (RatisPipelineProvider.java:lambda$create$0(205)) - Sending CreatePipelineCommand for pipeline:PipelineID=90d05964-7e5b-4889-ac12-5c1807567017 to datanode:78f89d9b-e409-4704-890b-bfcfbcdfd28a
2024-02-22 20:34:07,512 [RatisPipelineUtilsThread-0] INFO  pipeline.RatisPipelineProvider (RatisPipelineProvider.java:lambda$create$0(205)) - Sending CreatePipelineCommand for pipeline:PipelineID=90d05964-7e5b-4889-ac12-5c1807567017 to datanode:86ab988c-fa9c-425d-a1c6-9004ff7fd93d
2024-02-22 20:34:07,512 [RatisPipelineUtilsThread-0] INFO  pipeline.RatisPipelineProvider (RatisPipelineProvider.java:lambda$create$0(205)) - Sending CreatePipelineCommand for pipeline:PipelineID=90d05964-7e5b-4889-ac12-5c1807567017 to datanode:e780b093-7242-46d7-bd8f-0f810188c7b3
2024-02-22 20:34:07,513 [RatisPipelineUtilsThread-0] INFO  pipeline.BackgroundPipelineCreator (BackgroundPipelineCreator.java:createPipelines(236)) - Created new pipeline Pipeline[ Id: 90d05964-7e5b-4889-ac12-5c1807567017, Nodes: 78f89d9b-e409-4704-890b-bfcfbcdfd28a(fv-az779-213.k0faouyluq4u1aavuapgg5xmpb.cx.internal.cloudapp.net/10.1.0.33)86ab988c-fa9c-425d-a1c6-9004ff7fd93d(fv-az779-213.k0faouyluq4u1aavuapgg5xmpb.cx.internal.cloudapp.net/10.1.0.33)e780b093-7242-46d7-bd8f-0f810188c7b3(fv-az779-213.k0faouyluq4u1aavuapgg5xmpb.cx.internal.cloudapp.net/10.1.0.33), ReplicationConfig: RATIS/THREE, State:ALLOCATED, leaderId:, CreationTimestamp2024-02-22T20:34:07.512Z[Etc/UTC]]
2024-02-22 20:34:07,519 [RatisPipelineUtilsThread-0] INFO  pipeline.RatisPipelineProvider (RatisPipelineProvider.java:lambda$create$0(205)) - Sending CreatePipelineCommand for pipeline:PipelineID=1bcde526-35df-43d7-9d8e-68f6d74661ce to datanode:13f92446-3b18-4d81-bc66-0f9b00220e72
2024-02-22 20:34:07,519 [RatisPipelineUtilsThread-0] INFO  pipeline.RatisPipelineProvider (RatisPipelineProvider.java:lambda$create$0(205)) - Sending CreatePipelineCommand for pipeline:PipelineID=1bcde526-35df-43d7-9d8e-68f6d74661ce to datanode:c30fedce-f286-40e0-881d-3d5a9a6e2463
2024-02-22 20:34:07,519 [RatisPipelineUtilsThread-0] INFO  pipeline.RatisPipelineProvider (RatisPipelineProvider.java:lambda$create$0(205)) - Sending CreatePipelineCommand for pipeline:PipelineID=1bcde526-35df-43d7-9d8e-68f6d74661ce to datanode:78f89d9b-e409-4704-890b-bfcfbcdfd28a
2024-02-22 20:34:07,520 [RatisPipelineUtilsThread-0] INFO  pipeline.BackgroundPipelineCreator (BackgroundPipelineCreator.java:createPipelines(236)) - Created new pipeline Pipeline[ Id: 1bcde526-35df-43d7-9d8e-68f6d74661ce, Nodes: 13f92446-3b18-4d81-bc66-0f9b00220e72(fv-az779-213.k0faouyluq4u1aavuapgg5xmpb.cx.internal.cloudapp.net/10.1.0.33)c30fedce-f286-40e0-881d-3d5a9a6e2463(fv-az779-213.k0faouyluq4u1aavuapgg5xmpb.cx.internal.cloudapp.net/10.1.0.33)78f89d9b-e409-4704-890b-bfcfbcdfd28a(fv-az779-213.k0faouyluq4u1aavuapgg5xmpb.cx.internal.cloudapp.net/10.1.0.33), ReplicationConfig: RATIS/THREE, State:ALLOCATED, leaderId:, CreationTimestamp2024-02-22T20:34:07.519Z[Etc/UTC]]
2024-02-22 20:34:08,299 [main] INFO  ozone.MiniOzoneClusterImpl (MiniOzoneClusterImpl.java:lambda$waitForClusterToBeReady$0(205)) - Nodes are ready. Got 10 of 10 DN Heartbeats.
2024-02-22 20:34:08,300 [main] INFO  ozone.MiniOzoneClusterImpl (MiniOzoneClusterImpl.java:lambda$waitForClusterToBeReady$0(208)) - Cluster exits safe mode
2024-02-22 20:34:08,300 [main] INFO  ozone.MiniOzoneClusterImpl (MiniOzoneClusterImpl.java:lambda$waitForClusterToBeReady$0(210)) - SCM became leader
2024-02-22 20:34:08,300 [main] INFO  replication.ReplicationManager (ReplicationManager.java:start(295)) - Starting Replication Monitor Thread.
2024-02-22 20:34:08,301 [ReplicationMonitor] INFO  replication.ReplicationManager (ReplicationManager.java:sendDatanodeCommand(678)) - Sending command [closeContainerCommand: containerID: 1, pipelineID: PipelineID=81ff5ff8-3747-4d3b-94d0-19b6e1b1e1f7, force: true] for container ContainerInfo{id=#1, state=CLOSED, stateEnterTime=2024-02-22T20:33:49.107Z, pipelineID=PipelineID=81ff5ff8-3747-4d3b-94d0-19b6e1b1e1f7, owner=omServiceIdDefault} to 13f92446-3b18-4d81-bc66-0f9b00220e72(fv-az779-213.k0faouyluq4u1aavuapgg5xmpb.cx.internal.cloudapp.net/10.1.0.33) with datanode deadline 1708634618301 and scm deadline 1708634648301
2024-02-22 20:34:08,302 [ReplicationMonitor] INFO  replication.ReplicationManager (ReplicationManager.java:processAll(398)) - Replication Monitor Thread took 1 milliseconds for processing 1 containers.
2024-02-22 20:34:08,330 [13f92446-3b18-4d81-bc66-0f9b00220e72-PipelineCommandHandlerThread-0] INFO  server.RaftServer (RaftServerProxy.java:remove(111)) - 13f92446-3b18-4d81-bc66-0f9b00220e72: remove  FOLLOWER 13f92446-3b18-4d81-bc66-0f9b00220e72@group-EF19AB1BE06F:t1, leader=null, voted=13f92446-3b18-4d81-bc66-0f9b00220e72, raftlog=Memoized:13f92446-3b18-4d81-bc66-0f9b00220e72@group-EF19AB1BE06F-SegmentedRaftLog:OPENED:c0, conf=0: peers:[13f92446-3b18-4d81-bc66-0f9b00220e72|10.1.0.33:15077]|listeners:[], old=null RUNNING
2024-02-22 20:34:08,330 [13f92446-3b18-4d81-bc66-0f9b00220e72-PipelineCommandHandlerThread-0] INFO  server.RaftServer$Division (RaftServerImpl.java:lambda$close$3(526)) - 13f92446-3b18-4d81-bc66-0f9b00220e72@group-EF19AB1BE06F: shutdown
2024-02-22 20:34:08,331 [13f92446-3b18-4d81-bc66-0f9b00220e72-PipelineCommandHandlerThread-0] INFO  util.JmxRegister (JmxRegister.java:unregister(73)) - Successfully un-registered JMX Bean with object name Ratis:service=RaftServer,group=group-EF19AB1BE06F,id=13f92446-3b18-4d81-bc66-0f9b00220e72
2024-02-22 20:34:08,331 [13f92446-3b18-4d81-bc66-0f9b00220e72-PipelineCommandHandlerThread-0] INFO  impl.RoleInfo (RoleInfo.java:shutdownFollowerState(110)) - 13f92446-3b18-4d81-bc66-0f9b00220e72: shutdown 13f92446-3b18-4d81-bc66-0f9b00220e72@group-EF19AB1BE06F-FollowerState
2024-02-22 20:34:08,331 [13f92446-3b18-4d81-bc66-0f9b00220e72@group-EF19AB1BE06F-FollowerState] INFO  impl.FollowerState (FollowerState.java:run(152)) - 13f92446-3b18-4d81-bc66-0f9b00220e72@group-EF19AB1BE06F-FollowerState was interrupted
2024-02-22 20:34:08,331 [13f92446-3b18-4d81-bc66-0f9b00220e72-PipelineCommandHandlerThread-0] INFO  impl.StateMachineUpdater (StateMachineUpdater.java:stopAndJoin(157)) - 13f92446-3b18-4d81-bc66-0f9b00220e72@group-EF19AB1BE06F-StateMachineUpdater: set stopIndex = 0
2024-02-22 20:34:08,331 [13f92446-3b18-4d81-bc66-0f9b00220e72-PipelineCommandHandlerThread-0] INFO  server.RaftServer$Division (ServerState.java:close(427)) - 13f92446-3b18-4d81-bc66-0f9b00220e72@group-EF19AB1BE06F: applyIndex: 0
2024-02-22 20:34:08,331 [13f92446-3b18-4d81-bc66-0f9b00220e72@group-EF19AB1BE06F-cacheEviction-AwaitToRun] INFO  util.AwaitToRun (AwaitToRun.java:run(49)) - 13f92446-3b18-4d81-bc66-0f9b00220e72@group-EF19AB1BE06F-cacheEviction-AwaitToRun-AwaitForSignal is interrupted
2024-02-22 20:34:08,364 [13f92446-3b18-4d81-bc66-0f9b00220e72-PipelineCommandHandlerThread-0] INFO  segmented.SegmentedRaftLogWorker (SegmentedRaftLogWorker.java:close(245)) - 13f92446-3b18-4d81-bc66-0f9b00220e72@group-EF19AB1BE06F-SegmentedRaftLogWorker close()
2024-02-22 20:34:08,367 [13f92446-3b18-4d81-bc66-0f9b00220e72-PipelineCommandHandlerThread-0] INFO  server.RaftServer$Division (RaftServerImpl.java:groupRemove(496)) - 13f92446-3b18-4d81-bc66-0f9b00220e72@group-EF19AB1BE06F: Succeed to remove RaftStorageDirectory Storage Directory /home/runner/work/ozone/ozone/hadoop-ozone/integration-test/target/test-dir/MiniOzoneClusterImpl-a0fc024b-a492-45a5-9697-b0d14f72cb5c/datanode-7/data/ratis/d218b5b2-1780-4e0a-a27d-ef19ab1be06f
2024-02-22 20:34:08,367 [13f92446-3b18-4d81-bc66-0f9b00220e72-PipelineCommandHandlerThread-0] ERROR commandhandler.ClosePipelineCommandHandler (ClosePipelineCommandHandler.java:lambda$handle$2(137)) - Can't close pipeline PipelineID=d218b5b2-1780-4e0a-a27d-ef19ab1be06f
org.apache.ratis.protocol.exceptions.GroupMismatchException: 13f92446-3b18-4d81-bc66-0f9b00220e72: group-EF19AB1BE06F not found.
	at org.apache.ratis.server.impl.RaftServerProxy$ImplMap.get(RaftServerProxy.java:154)
	at org.apache.ratis.server.impl.RaftServerProxy.getImplFuture(RaftServerProxy.java:364)
	at org.apache.ratis.server.impl.RaftServerProxy.getImpl(RaftServerProxy.java:373)
	at org.apache.ratis.server.impl.RaftServerProxy.getDivision(RaftServerProxy.java:386)
	at org.apache.hadoop.ozone.container.common.transport.server.ratis.XceiverServerRatis.getRaftPeersInPipeline(XceiverServerRatis.java:951)
	at org.apache.hadoop.ozone.container.common.statemachine.commandhandler.ClosePipelineCommandHandler.lambda$handle$2(ClosePipelineCommandHandler.java:114)
	at java.util.concurrent.CompletableFuture$AsyncRun.run(CompletableFuture.java:1640)
	at java.util.concurrent.ThreadPoolExecutor.runWorker(ThreadPoolExecutor.java:1149)
	at java.util.concurrent.ThreadPoolExecutor$Worker.run(ThreadPoolExecutor.java:624)
	at java.lang.Thread.run(Thread.java:750)
2024-02-22 20:34:08,368 [13f92446-3b18-4d81-bc66-0f9b00220e72-PipelineCommandHandlerThread-0] INFO  server.RaftServer (RaftServerProxy.java:remove(111)) - 13f92446-3b18-4d81-bc66-0f9b00220e72: remove  FOLLOWER 13f92446-3b18-4d81-bc66-0f9b00220e72@group-C4BFF782AB50:t1, leader=null, voted=c30fedce-f286-40e0-881d-3d5a9a6e2463, raftlog=Memoized:13f92446-3b18-4d81-bc66-0f9b00220e72@group-C4BFF782AB50-SegmentedRaftLog:OPENED:c-1, conf=-1: peers:[]|listeners:[], old=null STARTING
2024-02-22 20:34:08,368 [13f92446-3b18-4d81-bc66-0f9b00220e72-PipelineCommandHandlerThread-0] INFO  server.RaftServer$Division (RaftServerImpl.java:lambda$close$3(526)) - 13f92446-3b18-4d81-bc66-0f9b00220e72@group-C4BFF782AB50: shutdown
2024-02-22 20:34:08,368 [13f92446-3b18-4d81-bc66-0f9b00220e72-PipelineCommandHandlerThread-0] INFO  util.JmxRegister (JmxRegister.java:unregister(73)) - Successfully un-registered JMX Bean with object name Ratis:service=RaftServer,group=group-C4BFF782AB50,id=13f92446-3b18-4d81-bc66-0f9b00220e72
2024-02-22 20:34:08,368 [13f92446-3b18-4d81-bc66-0f9b00220e72-PipelineCommandHandlerThread-0] INFO  impl.StateMachineUpdater (StateMachineUpdater.java:stopAndJoin(157)) - 13f92446-3b18-4d81-bc66-0f9b00220e72@group-C4BFF782AB50-StateMachineUpdater: set stopIndex = -1
2024-02-22 20:34:08,368 [13f92446-3b18-4d81-bc66-0f9b00220e72-PipelineCommandHandlerThread-0] INFO  server.RaftServer$Division (ServerState.java:close(427)) - 13f92446-3b18-4d81-bc66-0f9b00220e72@group-C4BFF782AB50: applyIndex: -1
2024-02-22 20:34:08,368 [13f92446-3b18-4d81-bc66-0f9b00220e72@group-C4BFF782AB50-cacheEviction-AwaitToRun] INFO  util.AwaitToRun (AwaitToRun.java:run(49)) - 13f92446-3b18-4d81-bc66-0f9b00220e72@group-C4BFF782AB50-cacheEviction-AwaitToRun-AwaitForSignal is interrupted
2024-02-22 20:34:08,372 [13f92446-3b18-4d81-bc66-0f9b00220e72-PipelineCommandHandlerThread-0] INFO  segmented.SegmentedRaftLogWorker (SegmentedRaftLogWorker.java:close(245)) - 13f92446-3b18-4d81-bc66-0f9b00220e72@group-C4BFF782AB50-SegmentedRaftLogWorker close()
2024-02-22 20:34:08,375 [13f92446-3b18-4d81-bc66-0f9b00220e72-PipelineCommandHandlerThread-0] INFO  server.RaftServer$Division (RaftServerImpl.java:groupRemove(496)) - 13f92446-3b18-4d81-bc66-0f9b00220e72@group-C4BFF782AB50: Succeed to remove RaftStorageDirectory Storage Directory /home/runner/work/ozone/ozone/hadoop-ozone/integration-test/target/test-dir/MiniOzoneClusterImpl-a0fc024b-a492-45a5-9697-b0d14f72cb5c/datanode-7/data/ratis/974fd487-4b0f-4554-8c0f-c4bff782ab50
2024-02-22 20:34:08,376 [13f92446-3b18-4d81-bc66-0f9b00220e72-PipelineCommandHandlerThread-0] ERROR commandhandler.ClosePipelineCommandHandler (ClosePipelineCommandHandler.java:lambda$handle$2(137)) - Can't close pipeline PipelineID=974fd487-4b0f-4554-8c0f-c4bff782ab50
org.apache.ratis.protocol.exceptions.GroupMismatchException: 13f92446-3b18-4d81-bc66-0f9b00220e72: group-C4BFF782AB50 not found.
	at org.apache.ratis.server.impl.RaftServerProxy$ImplMap.get(RaftServerProxy.java:154)
	at org.apache.ratis.server.impl.RaftServerProxy.getImplFuture(RaftServerProxy.java:364)
	at org.apache.ratis.server.impl.RaftServerProxy.getImpl(RaftServerProxy.java:373)
	at org.apache.ratis.server.impl.RaftServerProxy.getDivision(RaftServerProxy.java:386)
	at org.apache.hadoop.ozone.container.common.transport.server.ratis.XceiverServerRatis.getRaftPeersInPipeline(XceiverServerRatis.java:951)
	at org.apache.hadoop.ozone.container.common.statemachine.commandhandler.ClosePipelineCommandHandler.lambda$handle$2(ClosePipelineCommandHandler.java:114)
	at java.util.concurrent.CompletableFuture$AsyncRun.run(CompletableFuture.java:1640)
	at java.util.concurrent.ThreadPoolExecutor.runWorker(ThreadPoolExecutor.java:1149)
	at java.util.concurrent.ThreadPoolExecutor$Worker.run(ThreadPoolExecutor.java:624)
	at java.lang.Thread.run(Thread.java:750)
2024-02-22 20:34:08,376 [13f92446-3b18-4d81-bc66-0f9b00220e72-PipelineCommandHandlerThread-0] INFO  server.RaftServer (RaftServerProxy.java:remove(111)) - 13f92446-3b18-4d81-bc66-0f9b00220e72: remove  FOLLOWER 13f92446-3b18-4d81-bc66-0f9b00220e72@group-B58ED9299B6F:t1, leader=null, voted=13f92446-3b18-4d81-bc66-0f9b00220e72, raftlog=Memoized:13f92446-3b18-4d81-bc66-0f9b00220e72@group-B58ED9299B6F-SegmentedRaftLog:OPENED:c0, conf=0: peers:[78f89d9b-e409-4704-890b-bfcfbcdfd28a|10.1.0.33:15086, c30fedce-f286-40e0-881d-3d5a9a6e2463|10.1.0.33:15068, 13f92446-3b18-4d81-bc66-0f9b00220e72|10.1.0.33:15077]|listeners:[], old=null RUNNING
2024-02-22 20:34:08,376 [13f92446-3b18-4d81-bc66-0f9b00220e72-PipelineCommandHandlerThread-0] INFO  server.RaftServer$Division (RaftServerImpl.java:lambda$close$3(526)) - 13f92446-3b18-4d81-bc66-0f9b00220e72@group-B58ED9299B6F: shutdown
2024-02-22 20:34:08,376 [13f92446-3b18-4d81-bc66-0f9b00220e72-PipelineCommandHandlerThread-0] INFO  util.JmxRegister (JmxRegister.java:unregister(73)) - Successfully un-registered JMX Bean with object name Ratis:service=RaftServer,group=group-B58ED9299B6F,id=13f92446-3b18-4d81-bc66-0f9b00220e72
2024-02-22 20:34:08,376 [13f92446-3b18-4d81-bc66-0f9b00220e72-PipelineCommandHandlerThread-0] INFO  impl.RoleInfo (RoleInfo.java:shutdownFollowerState(110)) - 13f92446-3b18-4d81-bc66-0f9b00220e72: shutdown 13f92446-3b18-4d81-bc66-0f9b00220e72@group-B58ED9299B6F-FollowerState
2024-02-22 20:34:08,376 [13f92446-3b18-4d81-bc66-0f9b00220e72@group-B58ED9299B6F-FollowerState] INFO  impl.FollowerState (FollowerState.java:run(152)) - 13f92446-3b18-4d81-bc66-0f9b00220e72@group-B58ED9299B6F-FollowerState was interrupted
2024-02-22 20:34:08,377 [13f92446-3b18-4d81-bc66-0f9b00220e72-PipelineCommandHandlerThread-0] INFO  impl.StateMachineUpdater (StateMachineUpdater.java:stopAndJoin(157)) - 13f92446-3b18-4d81-bc66-0f9b00220e72@group-B58ED9299B6F-StateMachineUpdater: set stopIndex = 0
2024-02-22 20:34:08,378 [13f92446-3b18-4d81-bc66-0f9b00220e72-PipelineCommandHandlerThread-0] INFO  server.RaftServer$Division (ServerState.java:close(427)) - 13f92446-3b18-4d81-bc66-0f9b00220e72@group-B58ED9299B6F: applyIndex: 0
2024-02-22 20:34:08,378 [13f92446-3b18-4d81-bc66-0f9b00220e72@group-B58ED9299B6F-cacheEviction-AwaitToRun] INFO  util.AwaitToRun (AwaitToRun.java:run(49)) - 13f92446-3b18-4d81-bc66-0f9b00220e72@group-B58ED9299B6F-cacheEviction-AwaitToRun-AwaitForSignal is interrupted
2024-02-22 20:34:08,768 [86ab988c-fa9c-425d-a1c6-9004ff7fd93d-PipelineCommandHandlerThread-0] INFO  server.RaftServer (RaftServerProxy.java:addNew(100)) - 86ab988c-fa9c-425d-a1c6-9004ff7fd93d: addNew group-5C1807567017:[86ab988c-fa9c-425d-a1c6-9004ff7fd93d|10.1.0.33:15059, 78f89d9b-e409-4704-890b-bfcfbcdfd28a|10.1.0.33:15086, e780b093-7242-46d7-bd8f-0f810188c7b3|10.1.0.33:15095] returns group-5C1807567017:java.util.concurrent.CompletableFuture@550a7394[Not completed]
2024-02-22 20:34:08,769 [86ab988c-fa9c-425d-a1c6-9004ff7fd93d-groupManagement] INFO  server.RaftServer$Division (RaftServerImpl.java:<init>(256)) - 86ab988c-fa9c-425d-a1c6-9004ff7fd93d: new RaftServerImpl for group-5C1807567017:[86ab988c-fa9c-425d-a1c6-9004ff7fd93d|10.1.0.33:15059, 78f89d9b-e409-4704-890b-bfcfbcdfd28a|10.1.0.33:15086, e780b093-7242-46d7-bd8f-0f810188c7b3|10.1.0.33:15095] with ContainerStateMachine:uninitialized
2024-02-22 20:34:08,769 [86ab988c-fa9c-425d-a1c6-9004ff7fd93d-groupManagement] INFO  server.RaftServerConfigKeys (ConfUtils.java:logGet(46)) - raft.server.rpc.timeout.min = 5s (custom)
2024-02-22 20:34:08,769 [86ab988c-fa9c-425d-a1c6-9004ff7fd93d-groupManagement] INFO  server.RaftServerConfigKeys (ConfUtils.java:logGet(46)) - raft.server.rpc.timeout.max = 5200ms (custom)
2024-02-22 20:34:08,769 [86ab988c-fa9c-425d-a1c6-9004ff7fd93d-groupManagement] INFO  server.RaftServerConfigKeys (ConfUtils.java:logGet(46)) - raft.server.rpc.sleep.time = 25ms (default)
2024-02-22 20:34:08,769 [86ab988c-fa9c-425d-a1c6-9004ff7fd93d-groupManagement] INFO  server.RaftServerConfigKeys (ConfUtils.java:logGet(46)) - raft.server.rpc.slowness.timeout = 300s (custom)
2024-02-22 20:34:08,769 [86ab988c-fa9c-425d-a1c6-9004ff7fd93d-groupManagement] INFO  server.RaftServerConfigKeys (ConfUtils.java:logGet(46)) - raft.server.leaderelection.leader.step-down.wait-time = 10s (default)
2024-02-22 20:34:08,769 [86ab988c-fa9c-425d-a1c6-9004ff7fd93d-groupManagement] INFO  server.RaftServerConfigKeys (ConfUtils.java:logGet(46)) - raft.server.leaderelection.member.majority-add = false (default)
2024-02-22 20:34:08,769 [86ab988c-fa9c-425d-a1c6-9004ff7fd93d-groupManagement] INFO  server.RaftServerConfigKeys (ConfUtils.java:logGet(46)) - raft.server.sleep.deviation.threshold = 300ms (default)
2024-02-22 20:34:08,769 [86ab988c-fa9c-425d-a1c6-9004ff7fd93d-groupManagement] INFO  server.RaftServer$Division (ServerState.java:<init>(113)) - 86ab988c-fa9c-425d-a1c6-9004ff7fd93d@group-5C1807567017: ConfigurationManager, init=-1: peers:[86ab988c-fa9c-425d-a1c6-9004ff7fd93d|10.1.0.33:15059, 78f89d9b-e409-4704-890b-bfcfbcdfd28a|10.1.0.33:15086, e780b093-7242-46d7-bd8f-0f810188c7b3|10.1.0.33:15095]|listeners:[], old=null, confs=<EMPTY_MAP>
2024-02-22 20:34:08,769 [86ab988c-fa9c-425d-a1c6-9004ff7fd93d-groupManagement] INFO  server.RaftServerConfigKeys (ConfUtils.java:logGet(46)) - raft.server.notification.no-leader.timeout = 300s (custom)
2024-02-22 20:34:08,769 [86ab988c-fa9c-425d-a1c6-9004ff7fd93d-groupManagement] INFO  server.RaftServerConfigKeys (ConfUtils.java:logGet(46)) - raft.server.read.timeout = 10s (default)
2024-02-22 20:34:08,769 [86ab988c-fa9c-425d-a1c6-9004ff7fd93d-groupManagement] INFO  server.RaftServerConfigKeys (ConfUtils.java:logGet(46)) - raft.server.retrycache.expirytime = 600000ms (custom)
2024-02-22 20:34:08,769 [86ab988c-fa9c-425d-a1c6-9004ff7fd93d-groupManagement] INFO  server.RaftServerConfigKeys (ConfUtils.java:logGet(46)) - raft.server.retrycache.statistics.expirytime = 100ms (default)
2024-02-22 20:34:08,770 [86ab988c-fa9c-425d-a1c6-9004ff7fd93d-groupManagement] INFO  server.RaftServerConfigKeys (ConfUtils.java:logGet(46)) - raft.server.read.option = DEFAULT (default)
2024-02-22 20:34:08,770 [86ab988c-fa9c-425d-a1c6-9004ff7fd93d-groupManagement] INFO  server.RaftServerConfigKeys (ConfUtils.java:logGet(46)) - raft.server.read.read-after-write-consistent.write-index-cache.expiry-time = 60s (default)
2024-02-22 20:34:08,772 [86ab988c-fa9c-425d-a1c6-9004ff7fd93d-groupManagement] INFO  server.RaftServerConfigKeys (ConfUtils.java:logGet(46)) - raft.server.rpc.request.timeout = 60s (custom)
2024-02-22 20:34:08,772 [86ab988c-fa9c-425d-a1c6-9004ff7fd93d-groupManagement] INFO  server.RaftServerConfigKeys (ConfUtils.java:logGet(46)) - raft.server.log.appender.install.snapshot.enabled = false (custom)
2024-02-22 20:34:08,772 [86ab988c-fa9c-425d-a1c6-9004ff7fd93d-groupManagement] INFO  server.RaftServerConfigKeys (ConfUtils.java:logGet(46)) - raft.server.threadpool.server.cached = true (default)
2024-02-22 20:34:08,772 [86ab988c-fa9c-425d-a1c6-9004ff7fd93d-groupManagement] INFO  server.RaftServerConfigKeys (ConfUtils.java:logGet(46)) - raft.server.threadpool.server.size = 0 (default)
2024-02-22 20:34:08,772 [86ab988c-fa9c-425d-a1c6-9004ff7fd93d-groupManagement] INFO  server.RaftServerConfigKeys (ConfUtils.java:logGet(46)) - raft.server.threadpool.client.cached = true (default)
2024-02-22 20:34:08,772 [86ab988c-fa9c-425d-a1c6-9004ff7fd93d-groupManagement] INFO  server.RaftServerConfigKeys (ConfUtils.java:logGet(46)) - raft.server.threadpool.client.size = 0 (default)
2024-02-22 20:34:08,772 [86ab988c-fa9c-425d-a1c6-9004ff7fd93d-groupManagement] INFO  server.RaftServerConfigKeys (ConfUtils.java:logGet(46)) - raft.server.storage.free-space.min = 0MB (=0) (default)
2024-02-22 20:34:08,772 [86ab988c-fa9c-425d-a1c6-9004ff7fd93d-groupManagement] INFO  server.RaftServerConfigKeys (ConfUtils.java:logGet(46)) - raft.server.log.corruption.policy = EXCEPTION (default)
2024-02-22 20:34:08,772 [86ab988c-fa9c-425d-a1c6-9004ff7fd93d-groupManagement] INFO  server.RaftServerConfigKeys (ConfUtils.java:logGet(46)) - raft.server.storage.dir = [/home/runner/work/ozone/ozone/hadoop-ozone/integration-test/target/test-dir/MiniOzoneClusterImpl-a0fc024b-a492-45a5-9697-b0d14f72cb5c/datanode-5/data/ratis] (custom)
2024-02-22 20:34:08,772 [86ab988c-fa9c-425d-a1c6-9004ff7fd93d-groupManagement] INFO  storage.RaftStorageDirectory (RaftStorageDirectoryImpl.java:analyzeStorage(138)) - The storage directory /home/runner/work/ozone/ozone/hadoop-ozone/integration-test/target/test-dir/MiniOzoneClusterImpl-a0fc024b-a492-45a5-9697-b0d14f72cb5c/datanode-5/data/ratis/90d05964-7e5b-4889-ac12-5c1807567017 does not exist. Creating ...
2024-02-22 20:34:08,773 [86ab988c-fa9c-425d-a1c6-9004ff7fd93d-groupManagement] INFO  storage.RaftStorageDirectory (RaftStorageDirectoryImpl.java:tryLock(228)) - Lock on /home/runner/work/ozone/ozone/hadoop-ozone/integration-test/target/test-dir/MiniOzoneClusterImpl-a0fc024b-a492-45a5-9697-b0d14f72cb5c/datanode-5/data/ratis/90d05964-7e5b-4889-ac12-5c1807567017/in_use.lock acquired by nodename 30552@fv-az779-213
2024-02-22 20:34:08,774 [86ab988c-fa9c-425d-a1c6-9004ff7fd93d-groupManagement] INFO  storage.RaftStorage (RaftStorageImpl.java:format(99)) - Storage directory /home/runner/work/ozone/ozone/hadoop-ozone/integration-test/target/test-dir/MiniOzoneClusterImpl-a0fc024b-a492-45a5-9697-b0d14f72cb5c/datanode-5/data/ratis/90d05964-7e5b-4889-ac12-5c1807567017 has been successfully formatted.
2024-02-22 20:34:08,775 [86ab988c-fa9c-425d-a1c6-9004ff7fd93d-groupManagement] WARN  util.FileUtils (LogUtils.java:supplyAndLog(63)) - Failed to Files.newInputStream /home/runner/work/ozone/ozone/hadoop-ozone/integration-test/target/test-dir/MiniOzoneClusterImpl-a0fc024b-a492-45a5-9697-b0d14f72cb5c/datanode-5/data/ratis/90d05964-7e5b-4889-ac12-5c1807567017/current/raft-meta.conf with options []: java.nio.file.NoSuchFileException: /home/runner/work/ozone/ozone/hadoop-ozone/integration-test/target/test-dir/MiniOzoneClusterImpl-a0fc024b-a492-45a5-9697-b0d14f72cb5c/datanode-5/data/ratis/90d05964-7e5b-4889-ac12-5c1807567017/current/raft-meta.conf
2024-02-22 20:34:08,775 [86ab988c-fa9c-425d-a1c6-9004ff7fd93d-groupManagement] INFO  ratis.ContainerStateMachine (ContainerStateMachine.java:loadSnapshot(287)) - group-5C1807567017: The snapshot info is null. Setting the last applied index to:(t:0, i:~)
2024-02-22 20:34:08,775 [86ab988c-fa9c-425d-a1c6-9004ff7fd93d-groupManagement] INFO  server.RaftServerConfigKeys (ConfUtils.java:logGet(46)) - raft.server.log.use.memory = false (default)
2024-02-22 20:34:08,775 [86ab988c-fa9c-425d-a1c6-9004ff7fd93d-groupManagement] INFO  server.RaftServerConfigKeys (ConfUtils.java:logGet(46)) - raft.server.log.purge.gap = 1000000 (custom)
2024-02-22 20:34:08,775 [86ab988c-fa9c-425d-a1c6-9004ff7fd93d-groupManagement] INFO  server.RaftServerConfigKeys (ConfUtils.java:logGet(46)) - raft.server.log.appender.buffer.byte-limit = 8388608 (custom)
2024-02-22 20:34:08,775 [86ab988c-fa9c-425d-a1c6-9004ff7fd93d-groupManagement] INFO  server.RaftServerConfigKeys (ConfUtils.java:logGet(46)) - raft.server.log.statemachine.data.read.timeout = 1000ms (default)
2024-02-22 20:34:08,776 [86ab988c-fa9c-425d-a1c6-9004ff7fd93d-groupManagement] INFO  server.RaftServerConfigKeys (ConfUtils.java:logGet(46)) - raft.server.log.purge.preservation.log.num = 0 (default)
2024-02-22 20:34:08,777 [86ab988c-fa9c-425d-a1c6-9004ff7fd93d-groupManagement] INFO  server.RaftServerConfigKeys (ConfUtils.java:logGet(46)) - raft.server.log.segment.size.max = 67108864 (custom)
2024-02-22 20:34:08,777 [86ab988c-fa9c-425d-a1c6-9004ff7fd93d-groupManagement] INFO  server.RaftServerConfigKeys (ConfUtils.java:logGet(46)) - raft.server.log.segment.cache.num.max = 2 (custom)
2024-02-22 20:34:08,777 [86ab988c-fa9c-425d-a1c6-9004ff7fd93d-groupManagement] INFO  server.RaftServerConfigKeys (ConfUtils.java:logGet(46)) - raft.server.log.segment.cache.size.max = 200MB (=209715200) (default)
2024-02-22 20:34:08,777 [86ab988c-fa9c-425d-a1c6-9004ff7fd93d-groupManagement] INFO  server.RaftServerConfigKeys (ConfUtils.java:logGet(46)) - raft.server.log.appender.buffer.byte-limit = 8388608 (custom)
2024-02-22 20:34:08,778 [86ab988c-fa9c-425d-a1c6-9004ff7fd93d-groupManagement] INFO  util.AwaitToRun (AwaitToRun.java:start(81)) - Thread[86ab988c-fa9c-425d-a1c6-9004ff7fd93d@group-5C1807567017-cacheEviction-AwaitToRun,5,main] started
2024-02-22 20:34:08,778 [86ab988c-fa9c-425d-a1c6-9004ff7fd93d-groupManagement] INFO  segmented.SegmentedRaftLogWorker (SegmentedRaftLogWorker.java:<init>(182)) - new 86ab988c-fa9c-425d-a1c6-9004ff7fd93d@group-5C1807567017-SegmentedRaftLogWorker for RaftStorageImpl:Storage Directory /home/runner/work/ozone/ozone/hadoop-ozone/integration-test/target/test-dir/MiniOzoneClusterImpl-a0fc024b-a492-45a5-9697-b0d14f72cb5c/datanode-5/data/ratis/90d05964-7e5b-4889-ac12-5c1807567017
2024-02-22 20:34:08,778 [86ab988c-fa9c-425d-a1c6-9004ff7fd93d-groupManagement] INFO  server.RaftServerConfigKeys (ConfUtils.java:logGet(46)) - raft.server.log.queue.byte-limit = 4294967296 (custom)
2024-02-22 20:34:08,778 [86ab988c-fa9c-425d-a1c6-9004ff7fd93d-groupManagement] INFO  server.RaftServerConfigKeys (ConfUtils.java:logGet(46)) - raft.server.log.queue.element-limit = 1024 (custom)
2024-02-22 20:34:08,778 [86ab988c-fa9c-425d-a1c6-9004ff7fd93d-groupManagement] INFO  server.RaftServerConfigKeys (ConfUtils.java:logGet(46)) - raft.server.log.segment.size.max = 67108864 (custom)
2024-02-22 20:34:08,778 [86ab988c-fa9c-425d-a1c6-9004ff7fd93d-groupManagement] INFO  server.RaftServerConfigKeys (ConfUtils.java:logGet(46)) - raft.server.log.preallocated.size = 4194304 (custom)
2024-02-22 20:34:08,778 [86ab988c-fa9c-425d-a1c6-9004ff7fd93d-groupManagement] INFO  server.RaftServerConfigKeys (ConfUtils.java:logGet(46)) - raft.server.log.force.sync.num = 128 (default)
2024-02-22 20:34:08,778 [86ab988c-fa9c-425d-a1c6-9004ff7fd93d-groupManagement] INFO  server.RaftServerConfigKeys (ConfUtils.java:logGet(46)) - raft.server.log.statemachine.data.sync = true (default)
2024-02-22 20:34:08,778 [86ab988c-fa9c-425d-a1c6-9004ff7fd93d-groupManagement] INFO  server.RaftServerConfigKeys (ConfUtils.java:logGet(46)) - raft.server.log.statemachine.data.sync.timeout = 10s (default)
2024-02-22 20:34:08,779 [86ab988c-fa9c-425d-a1c6-9004ff7fd93d-groupManagement] INFO  server.RaftServerConfigKeys (ConfUtils.java:logGet(46)) - raft.server.log.statemachine.data.sync.timeout.retry = 0 (custom)
2024-02-22 20:34:08,779 [86ab988c-fa9c-425d-a1c6-9004ff7fd93d-groupManagement] INFO  server.RaftServerConfigKeys (ConfUtils.java:logGet(46)) - raft.server.log.write.buffer.size = 8388616 (custom)
2024-02-22 20:34:08,781 [86ab988c-fa9c-425d-a1c6-9004ff7fd93d-groupManagement] INFO  server.RaftServerConfigKeys (ConfUtils.java:logGet(46)) - raft.server.log.appender.buffer.byte-limit = 8388608 (custom)
2024-02-22 20:34:08,781 [86ab988c-fa9c-425d-a1c6-9004ff7fd93d-groupManagement] INFO  server.RaftServerConfigKeys (ConfUtils.java:logGet(46)) - raft.server.log.unsafe-flush.enabled = false (default)
2024-02-22 20:34:08,781 [86ab988c-fa9c-425d-a1c6-9004ff7fd93d-groupManagement] INFO  server.RaftServerConfigKeys (ConfUtils.java:logGet(46)) - raft.server.log.async-flush.enabled = false (default)
2024-02-22 20:34:08,781 [86ab988c-fa9c-425d-a1c6-9004ff7fd93d-groupManagement] INFO  server.RaftServerConfigKeys (ConfUtils.java:logGet(46)) - raft.server.log.statemachine.data.caching.enabled = true (custom)
2024-02-22 20:34:08,781 [86ab988c-fa9c-425d-a1c6-9004ff7fd93d-groupManagement] INFO  segmented.SegmentedRaftLogWorker (SegmentedRaftLogWorker.java:lambda$new$0(134)) - 86ab988c-fa9c-425d-a1c6-9004ff7fd93d@group-5C1807567017-SegmentedRaftLogWorker: flushIndex: setUnconditionally 0 -> -1
2024-02-22 20:34:08,781 [86ab988c-fa9c-425d-a1c6-9004ff7fd93d-groupManagement] INFO  segmented.SegmentedRaftLogWorker (SegmentedRaftLogWorker.java:lambda$new$0(134)) - 86ab988c-fa9c-425d-a1c6-9004ff7fd93d@group-5C1807567017-SegmentedRaftLogWorker: safeCacheEvictIndex: setUnconditionally 0 -> -1
2024-02-22 20:34:08,781 [86ab988c-fa9c-425d-a1c6-9004ff7fd93d-groupManagement] INFO  server.RaftServer$Division (RaftServerImpl.java:start(396)) - 86ab988c-fa9c-425d-a1c6-9004ff7fd93d@group-5C1807567017: start as a follower, conf=-1: peers:[86ab988c-fa9c-425d-a1c6-9004ff7fd93d|10.1.0.33:15059, 78f89d9b-e409-4704-890b-bfcfbcdfd28a|10.1.0.33:15086, e780b093-7242-46d7-bd8f-0f810188c7b3|10.1.0.33:15095]|listeners:[], old=null
2024-02-22 20:34:08,781 [86ab988c-fa9c-425d-a1c6-9004ff7fd93d-groupManagement] INFO  server.RaftServer$Division (RaftServerImpl.java:setRole(383)) - 86ab988c-fa9c-425d-a1c6-9004ff7fd93d@group-5C1807567017: changes role from      null to FOLLOWER at term 0 for startAsFollower
2024-02-22 20:34:08,782 [86ab988c-fa9c-425d-a1c6-9004ff7fd93d-groupManagement] INFO  impl.RoleInfo (RoleInfo.java:updateAndGet(139)) - 86ab988c-fa9c-425d-a1c6-9004ff7fd93d: start 86ab988c-fa9c-425d-a1c6-9004ff7fd93d@group-5C1807567017-FollowerState
2024-02-22 20:34:08,782 [86ab988c-fa9c-425d-a1c6-9004ff7fd93d-groupManagement] INFO  util.JmxRegister (JmxRegister.java:tryRegister(44)) - Successfully registered JMX Bean with object name Ratis:service=RaftServer,group=group-5C1807567017,id=86ab988c-fa9c-425d-a1c6-9004ff7fd93d
2024-02-22 20:34:08,782 [86ab988c-fa9c-425d-a1c6-9004ff7fd93d-groupManagement] INFO  server.RaftServerConfigKeys (ConfUtils.java:logGet(46)) - raft.server.snapshot.trigger-when-stop.enabled = true (default)
2024-02-22 20:34:08,782 [86ab988c-fa9c-425d-a1c6-9004ff7fd93d-groupManagement] INFO  server.RaftServerConfigKeys (ConfUtils.java:logGet(46)) - raft.server.snapshot.auto.trigger.enabled = true (custom)
2024-02-22 20:34:08,782 [86ab988c-fa9c-425d-a1c6-9004ff7fd93d-groupManagement] INFO  server.RaftServerConfigKeys (ConfUtils.java:logGet(46)) - raft.server.snapshot.auto.trigger.threshold = 10000 (custom)
2024-02-22 20:34:08,782 [86ab988c-fa9c-425d-a1c6-9004ff7fd93d-groupManagement] INFO  server.RaftServerConfigKeys (ConfUtils.java:logGet(46)) - raft.server.snapshot.retention.file.num = 5 (custom)
2024-02-22 20:34:08,782 [86ab988c-fa9c-425d-a1c6-9004ff7fd93d-groupManagement] INFO  server.RaftServerConfigKeys (ConfUtils.java:logGet(46)) - raft.server.log.purge.upto.snapshot.index = false (default)
2024-02-22 20:34:08,783 [86ab988c-fa9c-425d-a1c6-9004ff7fd93d@group-5C1807567017-FollowerState] INFO  server.RaftServerConfigKeys (ConfUtils.java:logFallback(53)) - raft.server.rpc.first-election.timeout.min = 5s (fallback to raft.server.rpc.timeout.min)
2024-02-22 20:34:08,783 [86ab988c-fa9c-425d-a1c6-9004ff7fd93d-PipelineCommandHandlerThread-0] INFO  ratis.XceiverServerRatis (XceiverServerRatis.java:addGroup(864)) - Created group PipelineID=90d05964-7e5b-4889-ac12-5c1807567017
2024-02-22 20:34:08,783 [86ab988c-fa9c-425d-a1c6-9004ff7fd93d@group-5C1807567017-FollowerState] INFO  server.RaftServerConfigKeys (ConfUtils.java:logFallback(53)) - raft.server.rpc.first-election.timeout.max = 5200ms (fallback to raft.server.rpc.timeout.max)
2024-02-22 20:34:08,788 [grpc-default-executor-4] INFO  server.RaftServer (RaftServerProxy.java:addNew(100)) - 78f89d9b-e409-4704-890b-bfcfbcdfd28a: addNew group-5C1807567017:[86ab988c-fa9c-425d-a1c6-9004ff7fd93d|10.1.0.33:15059, 78f89d9b-e409-4704-890b-bfcfbcdfd28a|10.1.0.33:15086, e780b093-7242-46d7-bd8f-0f810188c7b3|10.1.0.33:15095] returns group-5C1807567017:java.util.concurrent.CompletableFuture@50bc08d3[Not completed]
2024-02-22 20:34:08,789 [78f89d9b-e409-4704-890b-bfcfbcdfd28a-groupManagement] INFO  server.RaftServer$Division (RaftServerImpl.java:<init>(256)) - 78f89d9b-e409-4704-890b-bfcfbcdfd28a: new RaftServerImpl for group-5C1807567017:[86ab988c-fa9c-425d-a1c6-9004ff7fd93d|10.1.0.33:15059, 78f89d9b-e409-4704-890b-bfcfbcdfd28a|10.1.0.33:15086, e780b093-7242-46d7-bd8f-0f810188c7b3|10.1.0.33:15095] with ContainerStateMachine:uninitialized
2024-02-22 20:34:08,789 [78f89d9b-e409-4704-890b-bfcfbcdfd28a-groupManagement] INFO  server.RaftServerConfigKeys (ConfUtils.java:logGet(46)) - raft.server.rpc.timeout.min = 5s (custom)
2024-02-22 20:34:08,789 [78f89d9b-e409-4704-890b-bfcfbcdfd28a-groupManagement] INFO  server.RaftServerConfigKeys (ConfUtils.java:logGet(46)) - raft.server.rpc.timeout.max = 5200ms (custom)
2024-02-22 20:34:08,789 [78f89d9b-e409-4704-890b-bfcfbcdfd28a-groupManagement] INFO  server.RaftServerConfigKeys (ConfUtils.java:logGet(46)) - raft.server.rpc.sleep.time = 25ms (default)
2024-02-22 20:34:08,789 [78f89d9b-e409-4704-890b-bfcfbcdfd28a-groupManagement] INFO  server.RaftServerConfigKeys (ConfUtils.java:logGet(46)) - raft.server.rpc.slowness.timeout = 300s (custom)
2024-02-22 20:34:08,789 [78f89d9b-e409-4704-890b-bfcfbcdfd28a-groupManagement] INFO  server.RaftServerConfigKeys (ConfUtils.java:logGet(46)) - raft.server.leaderelection.leader.step-down.wait-time = 10s (default)
2024-02-22 20:34:08,789 [78f89d9b-e409-4704-890b-bfcfbcdfd28a-groupManagement] INFO  server.RaftServerConfigKeys (ConfUtils.java:logGet(46)) - raft.server.leaderelection.member.majority-add = false (default)
2024-02-22 20:34:08,789 [78f89d9b-e409-4704-890b-bfcfbcdfd28a-groupManagement] INFO  server.RaftServerConfigKeys (ConfUtils.java:logGet(46)) - raft.server.sleep.deviation.threshold = 300ms (default)
2024-02-22 20:34:08,789 [78f89d9b-e409-4704-890b-bfcfbcdfd28a-groupManagement] INFO  server.RaftServer$Division (ServerState.java:<init>(113)) - 78f89d9b-e409-4704-890b-bfcfbcdfd28a@group-5C1807567017: ConfigurationManager, init=-1: peers:[86ab988c-fa9c-425d-a1c6-9004ff7fd93d|10.1.0.33:15059, 78f89d9b-e409-4704-890b-bfcfbcdfd28a|10.1.0.33:15086, e780b093-7242-46d7-bd8f-0f810188c7b3|10.1.0.33:15095]|listeners:[], old=null, confs=<EMPTY_MAP>
2024-02-22 20:34:08,789 [78f89d9b-e409-4704-890b-bfcfbcdfd28a-groupManagement] INFO  server.RaftServerConfigKeys (ConfUtils.java:logGet(46)) - raft.server.notification.no-leader.timeout = 300s (custom)
2024-02-22 20:34:08,789 [78f89d9b-e409-4704-890b-bfcfbcdfd28a-groupManagement] INFO  server.RaftServerConfigKeys (ConfUtils.java:logGet(46)) - raft.server.read.timeout = 10s (default)
2024-02-22 20:34:08,789 [78f89d9b-e409-4704-890b-bfcfbcdfd28a-groupManagement] INFO  server.RaftServerConfigKeys (ConfUtils.java:logGet(46)) - raft.server.retrycache.expirytime = 600000ms (custom)
2024-02-22 20:34:08,790 [78f89d9b-e409-4704-890b-bfcfbcdfd28a-groupManagement] INFO  server.RaftServerConfigKeys (ConfUtils.java:logGet(46)) - raft.server.retrycache.statistics.expirytime = 100ms (default)
2024-02-22 20:34:08,790 [78f89d9b-e409-4704-890b-bfcfbcdfd28a-groupManagement] INFO  server.RaftServerConfigKeys (ConfUtils.java:logGet(46)) - raft.server.read.option = DEFAULT (default)
2024-02-22 20:34:08,790 [78f89d9b-e409-4704-890b-bfcfbcdfd28a-groupManagement] INFO  server.RaftServerConfigKeys (ConfUtils.java:logGet(46)) - raft.server.read.read-after-write-consistent.write-index-cache.expiry-time = 60s (default)
2024-02-22 20:34:08,792 [78f89d9b-e409-4704-890b-bfcfbcdfd28a-groupManagement] INFO  server.RaftServerConfigKeys (ConfUtils.java:logGet(46)) - raft.server.rpc.request.timeout = 60s (custom)
2024-02-22 20:34:08,792 [78f89d9b-e409-4704-890b-bfcfbcdfd28a-groupManagement] INFO  server.RaftServerConfigKeys (ConfUtils.java:logGet(46)) - raft.server.log.appender.install.snapshot.enabled = false (custom)
2024-02-22 20:34:08,792 [78f89d9b-e409-4704-890b-bfcfbcdfd28a-groupManagement] INFO  server.RaftServerConfigKeys (ConfUtils.java:logGet(46)) - raft.server.threadpool.server.cached = true (default)
2024-02-22 20:34:08,792 [78f89d9b-e409-4704-890b-bfcfbcdfd28a-groupManagement] INFO  server.RaftServerConfigKeys (ConfUtils.java:logGet(46)) - raft.server.threadpool.server.size = 0 (default)
2024-02-22 20:34:08,792 [78f89d9b-e409-4704-890b-bfcfbcdfd28a-groupManagement] INFO  server.RaftServerConfigKeys (ConfUtils.java:logGet(46)) - raft.server.threadpool.client.cached = true (default)
2024-02-22 20:34:08,792 [78f89d9b-e409-4704-890b-bfcfbcdfd28a-groupManagement] INFO  server.RaftServerConfigKeys (ConfUtils.java:logGet(46)) - raft.server.threadpool.client.size = 0 (default)
2024-02-22 20:34:08,792 [78f89d9b-e409-4704-890b-bfcfbcdfd28a-groupManagement] INFO  server.RaftServerConfigKeys (ConfUtils.java:logGet(46)) - raft.server.storage.free-space.min = 0MB (=0) (default)
2024-02-22 20:34:08,792 [78f89d9b-e409-4704-890b-bfcfbcdfd28a-groupManagement] INFO  server.RaftServerConfigKeys (ConfUtils.java:logGet(46)) - raft.server.log.corruption.policy = EXCEPTION (default)
2024-02-22 20:34:08,792 [78f89d9b-e409-4704-890b-bfcfbcdfd28a-groupManagement] INFO  server.RaftServerConfigKeys (ConfUtils.java:logGet(46)) - raft.server.storage.dir = [/home/runner/work/ozone/ozone/hadoop-ozone/integration-test/target/test-dir/MiniOzoneClusterImpl-a0fc024b-a492-45a5-9697-b0d14f72cb5c/datanode-8/data/ratis] (custom)
2024-02-22 20:34:08,793 [78f89d9b-e409-4704-890b-bfcfbcdfd28a-groupManagement] INFO  storage.RaftStorageDirectory (RaftStorageDirectoryImpl.java:analyzeStorage(138)) - The storage directory /home/runner/work/ozone/ozone/hadoop-ozone/integration-test/target/test-dir/MiniOzoneClusterImpl-a0fc024b-a492-45a5-9697-b0d14f72cb5c/datanode-8/data/ratis/90d05964-7e5b-4889-ac12-5c1807567017 does not exist. Creating ...
2024-02-22 20:34:08,793 [78f89d9b-e409-4704-890b-bfcfbcdfd28a-groupManagement] INFO  storage.RaftStorageDirectory (RaftStorageDirectoryImpl.java:tryLock(228)) - Lock on /home/runner/work/ozone/ozone/hadoop-ozone/integration-test/target/test-dir/MiniOzoneClusterImpl-a0fc024b-a492-45a5-9697-b0d14f72cb5c/datanode-8/data/ratis/90d05964-7e5b-4889-ac12-5c1807567017/in_use.lock acquired by nodename 30552@fv-az779-213
2024-02-22 20:34:08,794 [78f89d9b-e409-4704-890b-bfcfbcdfd28a-groupManagement] INFO  storage.RaftStorage (RaftStorageImpl.java:format(99)) - Storage directory /home/runner/work/ozone/ozone/hadoop-ozone/integration-test/target/test-dir/MiniOzoneClusterImpl-a0fc024b-a492-45a5-9697-b0d14f72cb5c/datanode-8/data/ratis/90d05964-7e5b-4889-ac12-5c1807567017 has been successfully formatted.
2024-02-22 20:34:08,795 [78f89d9b-e409-4704-890b-bfcfbcdfd28a-groupManagement] WARN  util.FileUtils (LogUtils.java:supplyAndLog(63)) - Failed to Files.newInputStream /home/runner/work/ozone/ozone/hadoop-ozone/integration-test/target/test-dir/MiniOzoneClusterImpl-a0fc024b-a492-45a5-9697-b0d14f72cb5c/datanode-8/data/ratis/90d05964-7e5b-4889-ac12-5c1807567017/current/raft-meta.conf with options []: java.nio.file.NoSuchFileException: /home/runner/work/ozone/ozone/hadoop-ozone/integration-test/target/test-dir/MiniOzoneClusterImpl-a0fc024b-a492-45a5-9697-b0d14f72cb5c/datanode-8/data/ratis/90d05964-7e5b-4889-ac12-5c1807567017/current/raft-meta.conf
2024-02-22 20:34:08,795 [78f89d9b-e409-4704-890b-bfcfbcdfd28a-groupManagement] INFO  ratis.ContainerStateMachine (ContainerStateMachine.java:loadSnapshot(287)) - group-5C1807567017: The snapshot info is null. Setting the last applied index to:(t:0, i:~)
2024-02-22 20:34:08,795 [78f89d9b-e409-4704-890b-bfcfbcdfd28a-groupManagement] INFO  server.RaftServerConfigKeys (ConfUtils.java:logGet(46)) - raft.server.log.use.memory = false (default)
2024-02-22 20:34:08,795 [78f89d9b-e409-4704-890b-bfcfbcdfd28a-groupManagement] INFO  server.RaftServerConfigKeys (ConfUtils.java:logGet(46)) - raft.server.log.purge.gap = 1000000 (custom)
2024-02-22 20:34:08,795 [78f89d9b-e409-4704-890b-bfcfbcdfd28a-groupManagement] INFO  server.RaftServerConfigKeys (ConfUtils.java:logGet(46)) - raft.server.log.appender.buffer.byte-limit = 8388608 (custom)
2024-02-22 20:34:08,795 [78f89d9b-e409-4704-890b-bfcfbcdfd28a-groupManagement] INFO  server.RaftServerConfigKeys (ConfUtils.java:logGet(46)) - raft.server.log.statemachine.data.read.timeout = 1000ms (default)
2024-02-22 20:34:08,795 [78f89d9b-e409-4704-890b-bfcfbcdfd28a-groupManagement] INFO  server.RaftServerConfigKeys (ConfUtils.java:logGet(46)) - raft.server.log.purge.preservation.log.num = 0 (default)
2024-02-22 20:34:08,797 [78f89d9b-e409-4704-890b-bfcfbcdfd28a-groupManagement] INFO  server.RaftServerConfigKeys (ConfUtils.java:logGet(46)) - raft.server.log.segment.size.max = 67108864 (custom)
2024-02-22 20:34:08,797 [78f89d9b-e409-4704-890b-bfcfbcdfd28a-groupManagement] INFO  server.RaftServerConfigKeys (ConfUtils.java:logGet(46)) - raft.server.log.segment.cache.num.max = 2 (custom)
2024-02-22 20:34:08,797 [78f89d9b-e409-4704-890b-bfcfbcdfd28a-groupManagement] INFO  server.RaftServerConfigKeys (ConfUtils.java:logGet(46)) - raft.server.log.segment.cache.size.max = 200MB (=209715200) (default)
2024-02-22 20:34:08,797 [78f89d9b-e409-4704-890b-bfcfbcdfd28a-groupManagement] INFO  server.RaftServerConfigKeys (ConfUtils.java:logGet(46)) - raft.server.log.appender.buffer.byte-limit = 8388608 (custom)
2024-02-22 20:34:08,797 [78f89d9b-e409-4704-890b-bfcfbcdfd28a-groupManagement] INFO  util.AwaitToRun (AwaitToRun.java:start(81)) - Thread[78f89d9b-e409-4704-890b-bfcfbcdfd28a@group-5C1807567017-cacheEviction-AwaitToRun,5,main] started
2024-02-22 20:34:08,797 [78f89d9b-e409-4704-890b-bfcfbcdfd28a-groupManagement] INFO  segmented.SegmentedRaftLogWorker (SegmentedRaftLogWorker.java:<init>(182)) - new 78f89d9b-e409-4704-890b-bfcfbcdfd28a@group-5C1807567017-SegmentedRaftLogWorker for RaftStorageImpl:Storage Directory /home/runner/work/ozone/ozone/hadoop-ozone/integration-test/target/test-dir/MiniOzoneClusterImpl-a0fc024b-a492-45a5-9697-b0d14f72cb5c/datanode-8/data/ratis/90d05964-7e5b-4889-ac12-5c1807567017
2024-02-22 20:34:08,797 [78f89d9b-e409-4704-890b-bfcfbcdfd28a-groupManagement] INFO  server.RaftServerConfigKeys (ConfUtils.java:logGet(46)) - raft.server.log.queue.byte-limit = 4294967296 (custom)
2024-02-22 20:34:08,797 [78f89d9b-e409-4704-890b-bfcfbcdfd28a-groupManagement] INFO  server.RaftServerConfigKeys (ConfUtils.java:logGet(46)) - raft.server.log.queue.element-limit = 1024 (custom)
2024-02-22 20:34:08,797 [78f89d9b-e409-4704-890b-bfcfbcdfd28a-groupManagement] INFO  server.RaftServerConfigKeys (ConfUtils.java:logGet(46)) - raft.server.log.segment.size.max = 67108864 (custom)
2024-02-22 20:34:08,797 [78f89d9b-e409-4704-890b-bfcfbcdfd28a-groupManagement] INFO  server.RaftServerConfigKeys (ConfUtils.java:logGet(46)) - raft.server.log.preallocated.size = 4194304 (custom)
2024-02-22 20:34:08,797 [78f89d9b-e409-4704-890b-bfcfbcdfd28a-groupManagement] INFO  server.RaftServerConfigKeys (ConfUtils.java:logGet(46)) - raft.server.log.force.sync.num = 128 (default)
2024-02-22 20:34:08,797 [78f89d9b-e409-4704-890b-bfcfbcdfd28a-groupManagement] INFO  server.RaftServerConfigKeys (ConfUtils.java:logGet(46)) - raft.server.log.statemachine.data.sync = true (default)
2024-02-22 20:34:08,797 [78f89d9b-e409-4704-890b-bfcfbcdfd28a-groupManagement] INFO  server.RaftServerConfigKeys (ConfUtils.java:logGet(46)) - raft.server.log.statemachine.data.sync.timeout = 10s (default)
2024-02-22 20:34:08,797 [78f89d9b-e409-4704-890b-bfcfbcdfd28a-groupManagement] INFO  server.RaftServerConfigKeys (ConfUtils.java:logGet(46)) - raft.server.log.statemachine.data.sync.timeout.retry = 0 (custom)
2024-02-22 20:34:08,798 [78f89d9b-e409-4704-890b-bfcfbcdfd28a-groupManagement] INFO  server.RaftServerConfigKeys (ConfUtils.java:logGet(46)) - raft.server.log.write.buffer.size = 8388616 (custom)
2024-02-22 20:34:08,799 [78f89d9b-e409-4704-890b-bfcfbcdfd28a-groupManagement] INFO  server.RaftServerConfigKeys (ConfUtils.java:logGet(46)) - raft.server.log.appender.buffer.byte-limit = 8388608 (custom)
2024-02-22 20:34:08,799 [78f89d9b-e409-4704-890b-bfcfbcdfd28a-groupManagement] INFO  server.RaftServerConfigKeys (ConfUtils.java:logGet(46)) - raft.server.log.unsafe-flush.enabled = false (default)
2024-02-22 20:34:08,799 [78f89d9b-e409-4704-890b-bfcfbcdfd28a-groupManagement] INFO  server.RaftServerConfigKeys (ConfUtils.java:logGet(46)) - raft.server.log.async-flush.enabled = false (default)
2024-02-22 20:34:08,799 [78f89d9b-e409-4704-890b-bfcfbcdfd28a-groupManagement] INFO  server.RaftServerConfigKeys (ConfUtils.java:logGet(46)) - raft.server.log.statemachine.data.caching.enabled = true (custom)
2024-02-22 20:34:08,799 [78f89d9b-e409-4704-890b-bfcfbcdfd28a-groupManagement] INFO  segmented.SegmentedRaftLogWorker (SegmentedRaftLogWorker.java:lambda$new$0(134)) - 78f89d9b-e409-4704-890b-bfcfbcdfd28a@group-5C1807567017-SegmentedRaftLogWorker: flushIndex: setUnconditionally 0 -> -1
2024-02-22 20:34:08,799 [78f89d9b-e409-4704-890b-bfcfbcdfd28a-groupManagement] INFO  segmented.SegmentedRaftLogWorker (SegmentedRaftLogWorker.java:lambda$new$0(134)) - 78f89d9b-e409-4704-890b-bfcfbcdfd28a@group-5C1807567017-SegmentedRaftLogWorker: safeCacheEvictIndex: setUnconditionally 0 -> -1
2024-02-22 20:34:08,800 [78f89d9b-e409-4704-890b-bfcfbcdfd28a-groupManagement] INFO  server.RaftServer$Division (RaftServerImpl.java:start(396)) - 78f89d9b-e409-4704-890b-bfcfbcdfd28a@group-5C1807567017: start as a follower, conf=-1: peers:[86ab988c-fa9c-425d-a1c6-9004ff7fd93d|10.1.0.33:15059, 78f89d9b-e409-4704-890b-bfcfbcdfd28a|10.1.0.33:15086, e780b093-7242-46d7-bd8f-0f810188c7b3|10.1.0.33:15095]|listeners:[], old=null
2024-02-22 20:34:08,800 [78f89d9b-e409-4704-890b-bfcfbcdfd28a-groupManagement] INFO  server.RaftServer$Division (RaftServerImpl.java:setRole(383)) - 78f89d9b-e409-4704-890b-bfcfbcdfd28a@group-5C1807567017: changes role from      null to FOLLOWER at term 0 for startAsFollower
2024-02-22 20:34:08,800 [78f89d9b-e409-4704-890b-bfcfbcdfd28a-groupManagement] INFO  impl.RoleInfo (RoleInfo.java:updateAndGet(139)) - 78f89d9b-e409-4704-890b-bfcfbcdfd28a: start 78f89d9b-e409-4704-890b-bfcfbcdfd28a@group-5C1807567017-FollowerState
2024-02-22 20:34:08,800 [78f89d9b-e409-4704-890b-bfcfbcdfd28a-groupManagement] INFO  util.JmxRegister (JmxRegister.java:tryRegister(44)) - Successfully registered JMX Bean with object name Ratis:service=RaftServer,group=group-5C1807567017,id=78f89d9b-e409-4704-890b-bfcfbcdfd28a
2024-02-22 20:34:08,800 [78f89d9b-e409-4704-890b-bfcfbcdfd28a-groupManagement] INFO  server.RaftServerConfigKeys (ConfUtils.java:logGet(46)) - raft.server.snapshot.trigger-when-stop.enabled = true (default)
2024-02-22 20:34:08,800 [78f89d9b-e409-4704-890b-bfcfbcdfd28a@group-5C1807567017-FollowerState] INFO  server.RaftServerConfigKeys (ConfUtils.java:logFallback(53)) - raft.server.rpc.first-election.timeout.min = 5s (fallback to raft.server.rpc.timeout.min)
2024-02-22 20:34:08,800 [78f89d9b-e409-4704-890b-bfcfbcdfd28a-groupManagement] INFO  server.RaftServerConfigKeys (ConfUtils.java:logGet(46)) - raft.server.snapshot.auto.trigger.enabled = true (custom)
2024-02-22 20:34:08,800 [78f89d9b-e409-4704-890b-bfcfbcdfd28a@group-5C1807567017-FollowerState] INFO  server.RaftServerConfigKeys (ConfUtils.java:logFallback(53)) - raft.server.rpc.first-election.timeout.max = 5200ms (fallback to raft.server.rpc.timeout.max)
2024-02-22 20:34:08,800 [78f89d9b-e409-4704-890b-bfcfbcdfd28a-groupManagement] INFO  server.RaftServerConfigKeys (ConfUtils.java:logGet(46)) - raft.server.snapshot.auto.trigger.threshold = 10000 (custom)
2024-02-22 20:34:08,800 [78f89d9b-e409-4704-890b-bfcfbcdfd28a-groupManagement] INFO  server.RaftServerConfigKeys (ConfUtils.java:logGet(46)) - raft.server.snapshot.retention.file.num = 5 (custom)
2024-02-22 20:34:08,800 [78f89d9b-e409-4704-890b-bfcfbcdfd28a-groupManagement] INFO  server.RaftServerConfigKeys (ConfUtils.java:logGet(46)) - raft.server.log.purge.upto.snapshot.index = false (default)
2024-02-22 20:34:08,808 [grpc-default-executor-4] INFO  server.RaftServer (RaftServerProxy.java:addNew(100)) - e780b093-7242-46d7-bd8f-0f810188c7b3: addNew group-5C1807567017:[86ab988c-fa9c-425d-a1c6-9004ff7fd93d|10.1.0.33:15059, 78f89d9b-e409-4704-890b-bfcfbcdfd28a|10.1.0.33:15086, e780b093-7242-46d7-bd8f-0f810188c7b3|10.1.0.33:15095] returns group-5C1807567017:java.util.concurrent.CompletableFuture@10b4db42[Not completed]
2024-02-22 20:34:08,809 [e780b093-7242-46d7-bd8f-0f810188c7b3-groupManagement] INFO  server.RaftServer$Division (RaftServerImpl.java:<init>(256)) - e780b093-7242-46d7-bd8f-0f810188c7b3: new RaftServerImpl for group-5C1807567017:[86ab988c-fa9c-425d-a1c6-9004ff7fd93d|10.1.0.33:15059, 78f89d9b-e409-4704-890b-bfcfbcdfd28a|10.1.0.33:15086, e780b093-7242-46d7-bd8f-0f810188c7b3|10.1.0.33:15095] with ContainerStateMachine:uninitialized
2024-02-22 20:34:08,809 [e780b093-7242-46d7-bd8f-0f810188c7b3-groupManagement] INFO  server.RaftServerConfigKeys (ConfUtils.java:logGet(46)) - raft.server.rpc.timeout.min = 5s (custom)
2024-02-22 20:34:08,809 [e780b093-7242-46d7-bd8f-0f810188c7b3-groupManagement] INFO  server.RaftServerConfigKeys (ConfUtils.java:logGet(46)) - raft.server.rpc.timeout.max = 5200ms (custom)
2024-02-22 20:34:08,809 [e780b093-7242-46d7-bd8f-0f810188c7b3-groupManagement] INFO  server.RaftServerConfigKeys (ConfUtils.java:logGet(46)) - raft.server.rpc.sleep.time = 25ms (default)
2024-02-22 20:34:08,809 [e780b093-7242-46d7-bd8f-0f810188c7b3-groupManagement] INFO  server.RaftServerConfigKeys (ConfUtils.java:logGet(46)) - raft.server.rpc.slowness.timeout = 300s (custom)
2024-02-22 20:34:08,809 [e780b093-7242-46d7-bd8f-0f810188c7b3-groupManagement] INFO  server.RaftServerConfigKeys (ConfUtils.java:logGet(46)) - raft.server.leaderelection.leader.step-down.wait-time = 10s (default)
2024-02-22 20:34:08,809 [e780b093-7242-46d7-bd8f-0f810188c7b3-groupManagement] INFO  server.RaftServerConfigKeys (ConfUtils.java:logGet(46)) - raft.server.leaderelection.member.majority-add = false (default)
2024-02-22 20:34:08,809 [e780b093-7242-46d7-bd8f-0f810188c7b3-groupManagement] INFO  server.RaftServerConfigKeys (ConfUtils.java:logGet(46)) - raft.server.sleep.deviation.threshold = 300ms (default)
2024-02-22 20:34:08,809 [e780b093-7242-46d7-bd8f-0f810188c7b3-groupManagement] INFO  server.RaftServer$Division (ServerState.java:<init>(113)) - e780b093-7242-46d7-bd8f-0f810188c7b3@group-5C1807567017: ConfigurationManager, init=-1: peers:[86ab988c-fa9c-425d-a1c6-9004ff7fd93d|10.1.0.33:15059, 78f89d9b-e409-4704-890b-bfcfbcdfd28a|10.1.0.33:15086, e780b093-7242-46d7-bd8f-0f810188c7b3|10.1.0.33:15095]|listeners:[], old=null, confs=<EMPTY_MAP>
2024-02-22 20:34:08,809 [e780b093-7242-46d7-bd8f-0f810188c7b3-groupManagement] INFO  server.RaftServerConfigKeys (ConfUtils.java:logGet(46)) - raft.server.notification.no-leader.timeout = 300s (custom)
2024-02-22 20:34:08,809 [e780b093-7242-46d7-bd8f-0f810188c7b3-groupManagement] INFO  server.RaftServerConfigKeys (ConfUtils.java:logGet(46)) - raft.server.read.timeout = 10s (default)
2024-02-22 20:34:08,809 [e780b093-7242-46d7-bd8f-0f810188c7b3-groupManagement] INFO  server.RaftServerConfigKeys (ConfUtils.java:logGet(46)) - raft.server.retrycache.expirytime = 600000ms (custom)
2024-02-22 20:34:08,809 [e780b093-7242-46d7-bd8f-0f810188c7b3-groupManagement] INFO  server.RaftServerConfigKeys (ConfUtils.java:logGet(46)) - raft.server.retrycache.statistics.expirytime = 100ms (default)
2024-02-22 20:34:08,810 [e780b093-7242-46d7-bd8f-0f810188c7b3-groupManagement] INFO  server.RaftServerConfigKeys (ConfUtils.java:logGet(46)) - raft.server.read.option = DEFAULT (default)
2024-02-22 20:34:08,810 [e780b093-7242-46d7-bd8f-0f810188c7b3-groupManagement] INFO  server.RaftServerConfigKeys (ConfUtils.java:logGet(46)) - raft.server.read.read-after-write-consistent.write-index-cache.expiry-time = 60s (default)
2024-02-22 20:34:08,812 [e780b093-7242-46d7-bd8f-0f810188c7b3-groupManagement] INFO  server.RaftServerConfigKeys (ConfUtils.java:logGet(46)) - raft.server.rpc.request.timeout = 60s (custom)
2024-02-22 20:34:08,812 [e780b093-7242-46d7-bd8f-0f810188c7b3-groupManagement] INFO  server.RaftServerConfigKeys (ConfUtils.java:logGet(46)) - raft.server.log.appender.install.snapshot.enabled = false (custom)
2024-02-22 20:34:08,812 [e780b093-7242-46d7-bd8f-0f810188c7b3-groupManagement] INFO  server.RaftServerConfigKeys (ConfUtils.java:logGet(46)) - raft.server.threadpool.server.cached = true (default)
2024-02-22 20:34:08,812 [e780b093-7242-46d7-bd8f-0f810188c7b3-groupManagement] INFO  server.RaftServerConfigKeys (ConfUtils.java:logGet(46)) - raft.server.threadpool.server.size = 0 (default)
2024-02-22 20:34:08,812 [e780b093-7242-46d7-bd8f-0f810188c7b3-groupManagement] INFO  server.RaftServerConfigKeys (ConfUtils.java:logGet(46)) - raft.server.threadpool.client.cached = true (default)
2024-02-22 20:34:08,812 [e780b093-7242-46d7-bd8f-0f810188c7b3-groupManagement] INFO  server.RaftServerConfigKeys (ConfUtils.java:logGet(46)) - raft.server.threadpool.client.size = 0 (default)
2024-02-22 20:34:08,812 [e780b093-7242-46d7-bd8f-0f810188c7b3-groupManagement] INFO  server.RaftServerConfigKeys (ConfUtils.java:logGet(46)) - raft.server.storage.free-space.min = 0MB (=0) (default)
2024-02-22 20:34:08,812 [e780b093-7242-46d7-bd8f-0f810188c7b3-groupManagement] INFO  server.RaftServerConfigKeys (ConfUtils.java:logGet(46)) - raft.server.log.corruption.policy = EXCEPTION (default)
2024-02-22 20:34:08,812 [e780b093-7242-46d7-bd8f-0f810188c7b3-groupManagement] INFO  server.RaftServerConfigKeys (ConfUtils.java:logGet(46)) - raft.server.storage.dir = [/home/runner/work/ozone/ozone/hadoop-ozone/integration-test/target/test-dir/MiniOzoneClusterImpl-a0fc024b-a492-45a5-9697-b0d14f72cb5c/datanode-9/data/ratis] (custom)
2024-02-22 20:34:08,813 [e780b093-7242-46d7-bd8f-0f810188c7b3-groupManagement] INFO  storage.RaftStorageDirectory (RaftStorageDirectoryImpl.java:analyzeStorage(138)) - The storage directory /home/runner/work/ozone/ozone/hadoop-ozone/integration-test/target/test-dir/MiniOzoneClusterImpl-a0fc024b-a492-45a5-9697-b0d14f72cb5c/datanode-9/data/ratis/90d05964-7e5b-4889-ac12-5c1807567017 does not exist. Creating ...
2024-02-22 20:34:08,814 [e780b093-7242-46d7-bd8f-0f810188c7b3-groupManagement] INFO  storage.RaftStorageDirectory (RaftStorageDirectoryImpl.java:tryLock(228)) - Lock on /home/runner/work/ozone/ozone/hadoop-ozone/integration-test/target/test-dir/MiniOzoneClusterImpl-a0fc024b-a492-45a5-9697-b0d14f72cb5c/datanode-9/data/ratis/90d05964-7e5b-4889-ac12-5c1807567017/in_use.lock acquired by nodename 30552@fv-az779-213
2024-02-22 20:34:08,815 [e780b093-7242-46d7-bd8f-0f810188c7b3-groupManagement] INFO  storage.RaftStorage (RaftStorageImpl.java:format(99)) - Storage directory /home/runner/work/ozone/ozone/hadoop-ozone/integration-test/target/test-dir/MiniOzoneClusterImpl-a0fc024b-a492-45a5-9697-b0d14f72cb5c/datanode-9/data/ratis/90d05964-7e5b-4889-ac12-5c1807567017 has been successfully formatted.
2024-02-22 20:34:08,815 [e780b093-7242-46d7-bd8f-0f810188c7b3-groupManagement] WARN  util.FileUtils (LogUtils.java:supplyAndLog(63)) - Failed to Files.newInputStream /home/runner/work/ozone/ozone/hadoop-ozone/integration-test/target/test-dir/MiniOzoneClusterImpl-a0fc024b-a492-45a5-9697-b0d14f72cb5c/datanode-9/data/ratis/90d05964-7e5b-4889-ac12-5c1807567017/current/raft-meta.conf with options []: java.nio.file.NoSuchFileException: /home/runner/work/ozone/ozone/hadoop-ozone/integration-test/target/test-dir/MiniOzoneClusterImpl-a0fc024b-a492-45a5-9697-b0d14f72cb5c/datanode-9/data/ratis/90d05964-7e5b-4889-ac12-5c1807567017/current/raft-meta.conf
2024-02-22 20:34:08,815 [e780b093-7242-46d7-bd8f-0f810188c7b3-groupManagement] INFO  ratis.ContainerStateMachine (ContainerStateMachine.java:loadSnapshot(287)) - group-5C1807567017: The snapshot info is null. Setting the last applied index to:(t:0, i:~)
2024-02-22 20:34:08,816 [e780b093-7242-46d7-bd8f-0f810188c7b3-groupManagement] INFO  server.RaftServerConfigKeys (ConfUtils.java:logGet(46)) - raft.server.log.use.memory = false (default)
2024-02-22 20:34:08,816 [e780b093-7242-46d7-bd8f-0f810188c7b3-groupManagement] INFO  server.RaftServerConfigKeys (ConfUtils.java:logGet(46)) - raft.server.log.purge.gap = 1000000 (custom)
2024-02-22 20:34:08,816 [e780b093-7242-46d7-bd8f-0f810188c7b3-groupManagement] INFO  server.RaftServerConfigKeys (ConfUtils.java:logGet(46)) - raft.server.log.appender.buffer.byte-limit = 8388608 (custom)
2024-02-22 20:34:08,816 [e780b093-7242-46d7-bd8f-0f810188c7b3-groupManagement] INFO  server.RaftServerConfigKeys (ConfUtils.java:logGet(46)) - raft.server.log.statemachine.data.read.timeout = 1000ms (default)
2024-02-22 20:34:08,816 [e780b093-7242-46d7-bd8f-0f810188c7b3-groupManagement] INFO  server.RaftServerConfigKeys (ConfUtils.java:logGet(46)) - raft.server.log.purge.preservation.log.num = 0 (default)
2024-02-22 20:34:08,818 [e780b093-7242-46d7-bd8f-0f810188c7b3-groupManagement] INFO  server.RaftServerConfigKeys (ConfUtils.java:logGet(46)) - raft.server.log.segment.size.max = 67108864 (custom)
2024-02-22 20:34:08,818 [e780b093-7242-46d7-bd8f-0f810188c7b3-groupManagement] INFO  server.RaftServerConfigKeys (ConfUtils.java:logGet(46)) - raft.server.log.segment.cache.num.max = 2 (custom)
2024-02-22 20:34:08,818 [e780b093-7242-46d7-bd8f-0f810188c7b3-groupManagement] INFO  server.RaftServerConfigKeys (ConfUtils.java:logGet(46)) - raft.server.log.segment.cache.size.max = 200MB (=209715200) (default)
2024-02-22 20:34:08,818 [e780b093-7242-46d7-bd8f-0f810188c7b3-groupManagement] INFO  server.RaftServerConfigKeys (ConfUtils.java:logGet(46)) - raft.server.log.appender.buffer.byte-limit = 8388608 (custom)
2024-02-22 20:34:08,822 [e780b093-7242-46d7-bd8f-0f810188c7b3-groupManagement] INFO  util.AwaitToRun (AwaitToRun.java:start(81)) - Thread[e780b093-7242-46d7-bd8f-0f810188c7b3@group-5C1807567017-cacheEviction-AwaitToRun,5,main] started
2024-02-22 20:34:08,822 [e780b093-7242-46d7-bd8f-0f810188c7b3-groupManagement] INFO  segmented.SegmentedRaftLogWorker (SegmentedRaftLogWorker.java:<init>(182)) - new e780b093-7242-46d7-bd8f-0f810188c7b3@group-5C1807567017-SegmentedRaftLogWorker for RaftStorageImpl:Storage Directory /home/runner/work/ozone/ozone/hadoop-ozone/integration-test/target/test-dir/MiniOzoneClusterImpl-a0fc024b-a492-45a5-9697-b0d14f72cb5c/datanode-9/data/ratis/90d05964-7e5b-4889-ac12-5c1807567017
2024-02-22 20:34:08,822 [e780b093-7242-46d7-bd8f-0f810188c7b3-groupManagement] INFO  server.RaftServerConfigKeys (ConfUtils.java:logGet(46)) - raft.server.log.queue.byte-limit = 4294967296 (custom)
2024-02-22 20:34:08,822 [e780b093-7242-46d7-bd8f-0f810188c7b3-groupManagement] INFO  server.RaftServerConfigKeys (ConfUtils.java:logGet(46)) - raft.server.log.queue.element-limit = 1024 (custom)
2024-02-22 20:34:08,822 [e780b093-7242-46d7-bd8f-0f810188c7b3-groupManagement] INFO  server.RaftServerConfigKeys (ConfUtils.java:logGet(46)) - raft.server.log.segment.size.max = 67108864 (custom)
2024-02-22 20:34:08,822 [e780b093-7242-46d7-bd8f-0f810188c7b3-groupManagement] INFO  server.RaftServerConfigKeys (ConfUtils.java:logGet(46)) - raft.server.log.preallocated.size = 4194304 (custom)
2024-02-22 20:34:08,822 [e780b093-7242-46d7-bd8f-0f810188c7b3-groupManagement] INFO  server.RaftServerConfigKeys (ConfUtils.java:logGet(46)) - raft.server.log.force.sync.num = 128 (default)
2024-02-22 20:34:08,822 [e780b093-7242-46d7-bd8f-0f810188c7b3-groupManagement] INFO  server.RaftServerConfigKeys (ConfUtils.java:logGet(46)) - raft.server.log.statemachine.data.sync = true (default)
2024-02-22 20:34:08,823 [e780b093-7242-46d7-bd8f-0f810188c7b3-groupManagement] INFO  server.RaftServerConfigKeys (ConfUtils.java:logGet(46)) - raft.server.log.statemachine.data.sync.timeout = 10s (default)
2024-02-22 20:34:08,823 [e780b093-7242-46d7-bd8f-0f810188c7b3-groupManagement] INFO  server.RaftServerConfigKeys (ConfUtils.java:logGet(46)) - raft.server.log.statemachine.data.sync.timeout.retry = 0 (custom)
2024-02-22 20:34:08,823 [e780b093-7242-46d7-bd8f-0f810188c7b3-groupManagement] INFO  server.RaftServerConfigKeys (ConfUtils.java:logGet(46)) - raft.server.log.write.buffer.size = 8388616 (custom)
2024-02-22 20:34:08,825 [e780b093-7242-46d7-bd8f-0f810188c7b3-groupManagement] INFO  server.RaftServerConfigKeys (ConfUtils.java:logGet(46)) - raft.server.log.appender.buffer.byte-limit = 8388608 (custom)
2024-02-22 20:34:08,825 [e780b093-7242-46d7-bd8f-0f810188c7b3-groupManagement] INFO  server.RaftServerConfigKeys (ConfUtils.java:logGet(46)) - raft.server.log.unsafe-flush.enabled = false (default)
2024-02-22 20:34:08,825 [e780b093-7242-46d7-bd8f-0f810188c7b3-groupManagement] INFO  server.RaftServerConfigKeys (ConfUtils.java:logGet(46)) - raft.server.log.async-flush.enabled = false (default)
2024-02-22 20:34:08,825 [e780b093-7242-46d7-bd8f-0f810188c7b3-groupManagement] INFO  server.RaftServerConfigKeys (ConfUtils.java:logGet(46)) - raft.server.log.statemachine.data.caching.enabled = true (custom)
2024-02-22 20:34:08,825 [e780b093-7242-46d7-bd8f-0f810188c7b3-groupManagement] INFO  segmented.SegmentedRaftLogWorker (SegmentedRaftLogWorker.java:lambda$new$0(134)) - e780b093-7242-46d7-bd8f-0f810188c7b3@group-5C1807567017-SegmentedRaftLogWorker: flushIndex: setUnconditionally 0 -> -1
2024-02-22 20:34:08,825 [e780b093-7242-46d7-bd8f-0f810188c7b3-groupManagement] INFO  segmented.SegmentedRaftLogWorker (SegmentedRaftLogWorker.java:lambda$new$0(134)) - e780b093-7242-46d7-bd8f-0f810188c7b3@group-5C1807567017-SegmentedRaftLogWorker: safeCacheEvictIndex: setUnconditionally 0 -> -1
2024-02-22 20:34:08,826 [e780b093-7242-46d7-bd8f-0f810188c7b3-groupManagement] INFO  server.RaftServer$Division (RaftServerImpl.java:start(396)) - e780b093-7242-46d7-bd8f-0f810188c7b3@group-5C1807567017: start as a follower, conf=-1: peers:[86ab988c-fa9c-425d-a1c6-9004ff7fd93d|10.1.0.33:15059, 78f89d9b-e409-4704-890b-bfcfbcdfd28a|10.1.0.33:15086, e780b093-7242-46d7-bd8f-0f810188c7b3|10.1.0.33:15095]|listeners:[], old=null
2024-02-22 20:34:08,826 [e780b093-7242-46d7-bd8f-0f810188c7b3-groupManagement] INFO  server.RaftServer$Division (RaftServerImpl.java:setRole(383)) - e780b093-7242-46d7-bd8f-0f810188c7b3@group-5C1807567017: changes role from      null to FOLLOWER at term 0 for startAsFollower
2024-02-22 20:34:08,826 [e780b093-7242-46d7-bd8f-0f810188c7b3-groupManagement] INFO  impl.RoleInfo (RoleInfo.java:updateAndGet(139)) - e780b093-7242-46d7-bd8f-0f810188c7b3: start e780b093-7242-46d7-bd8f-0f810188c7b3@group-5C1807567017-FollowerState
2024-02-22 20:34:08,826 [e780b093-7242-46d7-bd8f-0f810188c7b3@group-5C1807567017-FollowerState] INFO  server.RaftServerConfigKeys (ConfUtils.java:logFallback(53)) - raft.server.rpc.first-election.timeout.min = 5s (fallback to raft.server.rpc.timeout.min)
2024-02-22 20:34:08,826 [e780b093-7242-46d7-bd8f-0f810188c7b3-groupManagement] INFO  util.JmxRegister (JmxRegister.java:tryRegister(44)) - Successfully registered JMX Bean with object name Ratis:service=RaftServer,group=group-5C1807567017,id=e780b093-7242-46d7-bd8f-0f810188c7b3
2024-02-22 20:34:08,826 [e780b093-7242-46d7-bd8f-0f810188c7b3@group-5C1807567017-FollowerState] INFO  server.RaftServerConfigKeys (ConfUtils.java:logFallback(53)) - raft.server.rpc.first-election.timeout.max = 5200ms (fallback to raft.server.rpc.timeout.max)
2024-02-22 20:34:08,826 [e780b093-7242-46d7-bd8f-0f810188c7b3-groupManagement] INFO  server.RaftServerConfigKeys (ConfUtils.java:logGet(46)) - raft.server.snapshot.trigger-when-stop.enabled = true (default)
2024-02-22 20:34:08,826 [e780b093-7242-46d7-bd8f-0f810188c7b3-groupManagement] INFO  server.RaftServerConfigKeys (ConfUtils.java:logGet(46)) - raft.server.snapshot.auto.trigger.enabled = true (custom)
2024-02-22 20:34:08,826 [e780b093-7242-46d7-bd8f-0f810188c7b3-groupManagement] INFO  server.RaftServerConfigKeys (ConfUtils.java:logGet(46)) - raft.server.snapshot.auto.trigger.threshold = 10000 (custom)
2024-02-22 20:34:08,827 [e780b093-7242-46d7-bd8f-0f810188c7b3-groupManagement] INFO  server.RaftServerConfigKeys (ConfUtils.java:logGet(46)) - raft.server.snapshot.retention.file.num = 5 (custom)
2024-02-22 20:34:08,827 [e780b093-7242-46d7-bd8f-0f810188c7b3-groupManagement] INFO  server.RaftServerConfigKeys (ConfUtils.java:logGet(46)) - raft.server.log.purge.upto.snapshot.index = false (default)
2024-02-22 20:34:08,830 [86ab988c-fa9c-425d-a1c6-9004ff7fd93d-PipelineCommandHandlerThread-0] INFO  commandhandler.CreatePipelineCommandHandler (CreatePipelineCommandHandler.java:lambda$handle$2(124)) - Created Pipeline RATIS THREE PipelineID=90d05964-7e5b-4889-ac12-5c1807567017.
2024-02-22 20:34:08,838 [c30fedce-f286-40e0-881d-3d5a9a6e2463-PipelineCommandHandlerThread-0] INFO  server.RaftServer (RaftServerProxy.java:addNew(100)) - c30fedce-f286-40e0-881d-3d5a9a6e2463: addNew group-68F6D74661CE:[78f89d9b-e409-4704-890b-bfcfbcdfd28a|10.1.0.33:15086, c30fedce-f286-40e0-881d-3d5a9a6e2463|10.1.0.33:15068, 13f92446-3b18-4d81-bc66-0f9b00220e72|10.1.0.33:15077] returns group-68F6D74661CE:java.util.concurrent.CompletableFuture@6d8ffa6a[Not completed]
2024-02-22 20:34:08,839 [c30fedce-f286-40e0-881d-3d5a9a6e2463-groupManagement] INFO  server.RaftServer$Division (RaftServerImpl.java:<init>(256)) - c30fedce-f286-40e0-881d-3d5a9a6e2463: new RaftServerImpl for group-68F6D74661CE:[78f89d9b-e409-4704-890b-bfcfbcdfd28a|10.1.0.33:15086, c30fedce-f286-40e0-881d-3d5a9a6e2463|10.1.0.33:15068, 13f92446-3b18-4d81-bc66-0f9b00220e72|10.1.0.33:15077] with ContainerStateMachine:uninitialized
2024-02-22 20:34:08,840 [c30fedce-f286-40e0-881d-3d5a9a6e2463-groupManagement] INFO  server.RaftServerConfigKeys (ConfUtils.java:logGet(46)) - raft.server.rpc.timeout.min = 5s (custom)
2024-02-22 20:34:08,840 [c30fedce-f286-40e0-881d-3d5a9a6e2463-groupManagement] INFO  server.RaftServerConfigKeys (ConfUtils.java:logGet(46)) - raft.server.rpc.timeout.max = 5200ms (custom)
2024-02-22 20:34:08,840 [c30fedce-f286-40e0-881d-3d5a9a6e2463-groupManagement] INFO  server.RaftServerConfigKeys (ConfUtils.java:logGet(46)) - raft.server.rpc.sleep.time = 25ms (default)
2024-02-22 20:34:08,840 [c30fedce-f286-40e0-881d-3d5a9a6e2463-groupManagement] INFO  server.RaftServerConfigKeys (ConfUtils.java:logGet(46)) - raft.server.rpc.slowness.timeout = 300s (custom)
2024-02-22 20:34:08,840 [c30fedce-f286-40e0-881d-3d5a9a6e2463-groupManagement] INFO  server.RaftServerConfigKeys (ConfUtils.java:logGet(46)) - raft.server.leaderelection.leader.step-down.wait-time = 10s (default)
2024-02-22 20:34:08,840 [c30fedce-f286-40e0-881d-3d5a9a6e2463-groupManagement] INFO  server.RaftServerConfigKeys (ConfUtils.java:logGet(46)) - raft.server.leaderelection.member.majority-add = false (default)
2024-02-22 20:34:08,840 [c30fedce-f286-40e0-881d-3d5a9a6e2463-groupManagement] INFO  server.RaftServerConfigKeys (ConfUtils.java:logGet(46)) - raft.server.sleep.deviation.threshold = 300ms (default)
2024-02-22 20:34:08,840 [c30fedce-f286-40e0-881d-3d5a9a6e2463-groupManagement] INFO  server.RaftServer$Division (ServerState.java:<init>(113)) - c30fedce-f286-40e0-881d-3d5a9a6e2463@group-68F6D74661CE: ConfigurationManager, init=-1: peers:[78f89d9b-e409-4704-890b-bfcfbcdfd28a|10.1.0.33:15086, c30fedce-f286-40e0-881d-3d5a9a6e2463|10.1.0.33:15068, 13f92446-3b18-4d81-bc66-0f9b00220e72|10.1.0.33:15077]|listeners:[], old=null, confs=<EMPTY_MAP>
2024-02-22 20:34:08,840 [c30fedce-f286-40e0-881d-3d5a9a6e2463-groupManagement] INFO  server.RaftServerConfigKeys (ConfUtils.java:logGet(46)) - raft.server.notification.no-leader.timeout = 300s (custom)
2024-02-22 20:34:08,840 [c30fedce-f286-40e0-881d-3d5a9a6e2463-groupManagement] INFO  server.RaftServerConfigKeys (ConfUtils.java:logGet(46)) - raft.server.read.timeout = 10s (default)
2024-02-22 20:34:08,840 [c30fedce-f286-40e0-881d-3d5a9a6e2463-groupManagement] INFO  server.RaftServerConfigKeys (ConfUtils.java:logGet(46)) - raft.server.retrycache.expirytime = 600000ms (custom)
2024-02-22 20:34:08,840 [c30fedce-f286-40e0-881d-3d5a9a6e2463-groupManagement] INFO  server.RaftServerConfigKeys (ConfUtils.java:logGet(46)) - raft.server.retrycache.statistics.expirytime = 100ms (default)
2024-02-22 20:34:08,840 [c30fedce-f286-40e0-881d-3d5a9a6e2463-groupManagement] INFO  server.RaftServerConfigKeys (ConfUtils.java:logGet(46)) - raft.server.read.option = DEFAULT (default)
2024-02-22 20:34:08,840 [c30fedce-f286-40e0-881d-3d5a9a6e2463-groupManagement] INFO  server.RaftServerConfigKeys (ConfUtils.java:logGet(46)) - raft.server.read.read-after-write-consistent.write-index-cache.expiry-time = 60s (default)
2024-02-22 20:34:08,844 [c30fedce-f286-40e0-881d-3d5a9a6e2463-groupManagement] INFO  server.RaftServerConfigKeys (ConfUtils.java:logGet(46)) - raft.server.rpc.request.timeout = 60s (custom)
2024-02-22 20:34:08,844 [c30fedce-f286-40e0-881d-3d5a9a6e2463-groupManagement] INFO  server.RaftServerConfigKeys (ConfUtils.java:logGet(46)) - raft.server.log.appender.install.snapshot.enabled = false (custom)
2024-02-22 20:34:08,844 [c30fedce-f286-40e0-881d-3d5a9a6e2463-groupManagement] INFO  server.RaftServerConfigKeys (ConfUtils.java:logGet(46)) - raft.server.threadpool.server.cached = true (default)
2024-02-22 20:34:08,844 [c30fedce-f286-40e0-881d-3d5a9a6e2463-groupManagement] INFO  server.RaftServerConfigKeys (ConfUtils.java:logGet(46)) - raft.server.threadpool.server.size = 0 (default)
2024-02-22 20:34:08,844 [c30fedce-f286-40e0-881d-3d5a9a6e2463-groupManagement] INFO  server.RaftServerConfigKeys (ConfUtils.java:logGet(46)) - raft.server.threadpool.client.cached = true (default)
2024-02-22 20:34:08,844 [c30fedce-f286-40e0-881d-3d5a9a6e2463-groupManagement] INFO  server.RaftServerConfigKeys (ConfUtils.java:logGet(46)) - raft.server.threadpool.client.size = 0 (default)
2024-02-22 20:34:08,844 [c30fedce-f286-40e0-881d-3d5a9a6e2463-groupManagement] INFO  server.RaftServerConfigKeys (ConfUtils.java:logGet(46)) - raft.server.storage.free-space.min = 0MB (=0) (default)
2024-02-22 20:34:08,845 [c30fedce-f286-40e0-881d-3d5a9a6e2463-groupManagement] INFO  server.RaftServerConfigKeys (ConfUtils.java:logGet(46)) - raft.server.log.corruption.policy = EXCEPTION (default)
2024-02-22 20:34:08,845 [c30fedce-f286-40e0-881d-3d5a9a6e2463-groupManagement] INFO  server.RaftServerConfigKeys (ConfUtils.java:logGet(46)) - raft.server.storage.dir = [/home/runner/work/ozone/ozone/hadoop-ozone/integration-test/target/test-dir/MiniOzoneClusterImpl-a0fc024b-a492-45a5-9697-b0d14f72cb5c/datanode-6/data/ratis] (custom)
2024-02-22 20:34:08,845 [c30fedce-f286-40e0-881d-3d5a9a6e2463-groupManagement] INFO  storage.RaftStorageDirectory (RaftStorageDirectoryImpl.java:analyzeStorage(138)) - The storage directory /home/runner/work/ozone/ozone/hadoop-ozone/integration-test/target/test-dir/MiniOzoneClusterImpl-a0fc024b-a492-45a5-9697-b0d14f72cb5c/datanode-6/data/ratis/1bcde526-35df-43d7-9d8e-68f6d74661ce does not exist. Creating ...
2024-02-22 20:34:08,847 [c30fedce-f286-40e0-881d-3d5a9a6e2463-groupManagement] INFO  storage.RaftStorageDirectory (RaftStorageDirectoryImpl.java:tryLock(228)) - Lock on /home/runner/work/ozone/ozone/hadoop-ozone/integration-test/target/test-dir/MiniOzoneClusterImpl-a0fc024b-a492-45a5-9697-b0d14f72cb5c/datanode-6/data/ratis/1bcde526-35df-43d7-9d8e-68f6d74661ce/in_use.lock acquired by nodename 30552@fv-az779-213
2024-02-22 20:34:08,848 [c30fedce-f286-40e0-881d-3d5a9a6e2463-groupManagement] INFO  storage.RaftStorage (RaftStorageImpl.java:format(99)) - Storage directory /home/runner/work/ozone/ozone/hadoop-ozone/integration-test/target/test-dir/MiniOzoneClusterImpl-a0fc024b-a492-45a5-9697-b0d14f72cb5c/datanode-6/data/ratis/1bcde526-35df-43d7-9d8e-68f6d74661ce has been successfully formatted.
2024-02-22 20:34:08,848 [c30fedce-f286-40e0-881d-3d5a9a6e2463-groupManagement] WARN  util.FileUtils (LogUtils.java:supplyAndLog(63)) - Failed to Files.newInputStream /home/runner/work/ozone/ozone/hadoop-ozone/integration-test/target/test-dir/MiniOzoneClusterImpl-a0fc024b-a492-45a5-9697-b0d14f72cb5c/datanode-6/data/ratis/1bcde526-35df-43d7-9d8e-68f6d74661ce/current/raft-meta.conf with options []: java.nio.file.NoSuchFileException: /home/runner/work/ozone/ozone/hadoop-ozone/integration-test/target/test-dir/MiniOzoneClusterImpl-a0fc024b-a492-45a5-9697-b0d14f72cb5c/datanode-6/data/ratis/1bcde526-35df-43d7-9d8e-68f6d74661ce/current/raft-meta.conf
2024-02-22 20:34:08,848 [c30fedce-f286-40e0-881d-3d5a9a6e2463-groupManagement] INFO  ratis.ContainerStateMachine (ContainerStateMachine.java:loadSnapshot(287)) - group-68F6D74661CE: The snapshot info is null. Setting the last applied index to:(t:0, i:~)
2024-02-22 20:34:08,848 [c30fedce-f286-40e0-881d-3d5a9a6e2463-groupManagement] INFO  server.RaftServerConfigKeys (ConfUtils.java:logGet(46)) - raft.server.log.use.memory = false (default)
2024-02-22 20:34:08,849 [c30fedce-f286-40e0-881d-3d5a9a6e2463-groupManagement] INFO  server.RaftServerConfigKeys (ConfUtils.java:logGet(46)) - raft.server.log.purge.gap = 1000000 (custom)
2024-02-22 20:34:08,849 [c30fedce-f286-40e0-881d-3d5a9a6e2463-groupManagement] INFO  server.RaftServerConfigKeys (ConfUtils.java:logGet(46)) - raft.server.log.appender.buffer.byte-limit = 8388608 (custom)
2024-02-22 20:34:08,849 [c30fedce-f286-40e0-881d-3d5a9a6e2463-groupManagement] INFO  server.RaftServerConfigKeys (ConfUtils.java:logGet(46)) - raft.server.log.statemachine.data.read.timeout = 1000ms (default)
2024-02-22 20:34:08,849 [c30fedce-f286-40e0-881d-3d5a9a6e2463-groupManagement] INFO  server.RaftServerConfigKeys (ConfUtils.java:logGet(46)) - raft.server.log.purge.preservation.log.num = 0 (default)
2024-02-22 20:34:08,850 [c30fedce-f286-40e0-881d-3d5a9a6e2463-groupManagement] INFO  server.RaftServerConfigKeys (ConfUtils.java:logGet(46)) - raft.server.log.segment.size.max = 67108864 (custom)
2024-02-22 20:34:08,850 [c30fedce-f286-40e0-881d-3d5a9a6e2463-groupManagement] INFO  server.RaftServerConfigKeys (ConfUtils.java:logGet(46)) - raft.server.log.segment.cache.num.max = 2 (custom)
2024-02-22 20:34:08,850 [c30fedce-f286-40e0-881d-3d5a9a6e2463-groupManagement] INFO  server.RaftServerConfigKeys (ConfUtils.java:logGet(46)) - raft.server.log.segment.cache.size.max = 200MB (=209715200) (default)
2024-02-22 20:34:08,850 [c30fedce-f286-40e0-881d-3d5a9a6e2463-groupManagement] INFO  server.RaftServerConfigKeys (ConfUtils.java:logGet(46)) - raft.server.log.appender.buffer.byte-limit = 8388608 (custom)
2024-02-22 20:34:08,850 [c30fedce-f286-40e0-881d-3d5a9a6e2463-groupManagement] INFO  util.AwaitToRun (AwaitToRun.java:start(81)) - Thread[c30fedce-f286-40e0-881d-3d5a9a6e2463@group-68F6D74661CE-cacheEviction-AwaitToRun,5,main] started
2024-02-22 20:34:08,850 [c30fedce-f286-40e0-881d-3d5a9a6e2463-groupManagement] INFO  segmented.SegmentedRaftLogWorker (SegmentedRaftLogWorker.java:<init>(182)) - new c30fedce-f286-40e0-881d-3d5a9a6e2463@group-68F6D74661CE-SegmentedRaftLogWorker for RaftStorageImpl:Storage Directory /home/runner/work/ozone/ozone/hadoop-ozone/integration-test/target/test-dir/MiniOzoneClusterImpl-a0fc024b-a492-45a5-9697-b0d14f72cb5c/datanode-6/data/ratis/1bcde526-35df-43d7-9d8e-68f6d74661ce
2024-02-22 20:34:08,850 [c30fedce-f286-40e0-881d-3d5a9a6e2463-groupManagement] INFO  server.RaftServerConfigKeys (ConfUtils.java:logGet(46)) - raft.server.log.queue.byte-limit = 4294967296 (custom)
2024-02-22 20:34:08,851 [c30fedce-f286-40e0-881d-3d5a9a6e2463-groupManagement] INFO  server.RaftServerConfigKeys (ConfUtils.java:logGet(46)) - raft.server.log.queue.element-limit = 1024 (custom)
2024-02-22 20:34:08,851 [c30fedce-f286-40e0-881d-3d5a9a6e2463-groupManagement] INFO  server.RaftServerConfigKeys (ConfUtils.java:logGet(46)) - raft.server.log.segment.size.max = 67108864 (custom)
2024-02-22 20:34:08,851 [c30fedce-f286-40e0-881d-3d5a9a6e2463-groupManagement] INFO  server.RaftServerConfigKeys (ConfUtils.java:logGet(46)) - raft.server.log.preallocated.size = 4194304 (custom)
2024-02-22 20:34:08,851 [c30fedce-f286-40e0-881d-3d5a9a6e2463-groupManagement] INFO  server.RaftServerConfigKeys (ConfUtils.java:logGet(46)) - raft.server.log.force.sync.num = 128 (default)
2024-02-22 20:34:08,851 [c30fedce-f286-40e0-881d-3d5a9a6e2463-groupManagement] INFO  server.RaftServerConfigKeys (ConfUtils.java:logGet(46)) - raft.server.log.statemachine.data.sync = true (default)
2024-02-22 20:34:08,851 [c30fedce-f286-40e0-881d-3d5a9a6e2463-groupManagement] INFO  server.RaftServerConfigKeys (ConfUtils.java:logGet(46)) - raft.server.log.statemachine.data.sync.timeout = 10s (default)
2024-02-22 20:34:08,851 [c30fedce-f286-40e0-881d-3d5a9a6e2463-groupManagement] INFO  server.RaftServerConfigKeys (ConfUtils.java:logGet(46)) - raft.server.log.statemachine.data.sync.timeout.retry = 0 (custom)
2024-02-22 20:34:08,851 [c30fedce-f286-40e0-881d-3d5a9a6e2463-groupManagement] INFO  server.RaftServerConfigKeys (ConfUtils.java:logGet(46)) - raft.server.log.write.buffer.size = 8388616 (custom)
2024-02-22 20:34:08,852 [c30fedce-f286-40e0-881d-3d5a9a6e2463-groupManagement] INFO  server.RaftServerConfigKeys (ConfUtils.java:logGet(46)) - raft.server.log.appender.buffer.byte-limit = 8388608 (custom)
2024-02-22 20:34:08,852 [c30fedce-f286-40e0-881d-3d5a9a6e2463-groupManagement] INFO  server.RaftServerConfigKeys (ConfUtils.java:logGet(46)) - raft.server.log.unsafe-flush.enabled = false (default)
2024-02-22 20:34:08,852 [c30fedce-f286-40e0-881d-3d5a9a6e2463-groupManagement] INFO  server.RaftServerConfigKeys (ConfUtils.java:logGet(46)) - raft.server.log.async-flush.enabled = false (default)
2024-02-22 20:34:08,852 [c30fedce-f286-40e0-881d-3d5a9a6e2463-groupManagement] INFO  server.RaftServerConfigKeys (ConfUtils.java:logGet(46)) - raft.server.log.statemachine.data.caching.enabled = true (custom)
2024-02-22 20:34:08,853 [c30fedce-f286-40e0-881d-3d5a9a6e2463-groupManagement] INFO  segmented.SegmentedRaftLogWorker (SegmentedRaftLogWorker.java:lambda$new$0(134)) - c30fedce-f286-40e0-881d-3d5a9a6e2463@group-68F6D74661CE-SegmentedRaftLogWorker: flushIndex: setUnconditionally 0 -> -1
2024-02-22 20:34:08,853 [c30fedce-f286-40e0-881d-3d5a9a6e2463-groupManagement] INFO  segmented.SegmentedRaftLogWorker (SegmentedRaftLogWorker.java:lambda$new$0(134)) - c30fedce-f286-40e0-881d-3d5a9a6e2463@group-68F6D74661CE-SegmentedRaftLogWorker: safeCacheEvictIndex: setUnconditionally 0 -> -1
2024-02-22 20:34:08,853 [c30fedce-f286-40e0-881d-3d5a9a6e2463-groupManagement] INFO  server.RaftServer$Division (RaftServerImpl.java:start(396)) - c30fedce-f286-40e0-881d-3d5a9a6e2463@group-68F6D74661CE: start as a follower, conf=-1: peers:[78f89d9b-e409-4704-890b-bfcfbcdfd28a|10.1.0.33:15086, c30fedce-f286-40e0-881d-3d5a9a6e2463|10.1.0.33:15068, 13f92446-3b18-4d81-bc66-0f9b00220e72|10.1.0.33:15077]|listeners:[], old=null
2024-02-22 20:34:08,853 [c30fedce-f286-40e0-881d-3d5a9a6e2463-groupManagement] INFO  server.RaftServer$Division (RaftServerImpl.java:setRole(383)) - c30fedce-f286-40e0-881d-3d5a9a6e2463@group-68F6D74661CE: changes role from      null to FOLLOWER at term 0 for startAsFollower
2024-02-22 20:34:08,853 [c30fedce-f286-40e0-881d-3d5a9a6e2463-groupManagement] INFO  impl.RoleInfo (RoleInfo.java:updateAndGet(139)) - c30fedce-f286-40e0-881d-3d5a9a6e2463: start c30fedce-f286-40e0-881d-3d5a9a6e2463@group-68F6D74661CE-FollowerState
2024-02-22 20:34:08,853 [c30fedce-f286-40e0-881d-3d5a9a6e2463@group-68F6D74661CE-FollowerState] INFO  server.RaftServerConfigKeys (ConfUtils.java:logFallback(53)) - raft.server.rpc.first-election.timeout.min = 5s (fallback to raft.server.rpc.timeout.min)
2024-02-22 20:34:08,853 [c30fedce-f286-40e0-881d-3d5a9a6e2463-groupManagement] INFO  util.JmxRegister (JmxRegister.java:tryRegister(44)) - Successfully registered JMX Bean with object name Ratis:service=RaftServer,group=group-68F6D74661CE,id=c30fedce-f286-40e0-881d-3d5a9a6e2463
2024-02-22 20:34:08,853 [c30fedce-f286-40e0-881d-3d5a9a6e2463@group-68F6D74661CE-FollowerState] INFO  server.RaftServerConfigKeys (ConfUtils.java:logFallback(53)) - raft.server.rpc.first-election.timeout.max = 5200ms (fallback to raft.server.rpc.timeout.max)
2024-02-22 20:34:08,853 [c30fedce-f286-40e0-881d-3d5a9a6e2463-groupManagement] INFO  server.RaftServerConfigKeys (ConfUtils.java:logGet(46)) - raft.server.snapshot.trigger-when-stop.enabled = true (default)
2024-02-22 20:34:08,853 [c30fedce-f286-40e0-881d-3d5a9a6e2463-groupManagement] INFO  server.RaftServerConfigKeys (ConfUtils.java:logGet(46)) - raft.server.snapshot.auto.trigger.enabled = true (custom)
2024-02-22 20:34:08,853 [c30fedce-f286-40e0-881d-3d5a9a6e2463-groupManagement] INFO  server.RaftServerConfigKeys (ConfUtils.java:logGet(46)) - raft.server.snapshot.auto.trigger.threshold = 10000 (custom)
2024-02-22 20:34:08,854 [c30fedce-f286-40e0-881d-3d5a9a6e2463-groupManagement] INFO  server.RaftServerConfigKeys (ConfUtils.java:logGet(46)) - raft.server.snapshot.retention.file.num = 5 (custom)
2024-02-22 20:34:08,854 [c30fedce-f286-40e0-881d-3d5a9a6e2463-groupManagement] INFO  server.RaftServerConfigKeys (ConfUtils.java:logGet(46)) - raft.server.log.purge.upto.snapshot.index = false (default)
2024-02-22 20:34:08,854 [c30fedce-f286-40e0-881d-3d5a9a6e2463-PipelineCommandHandlerThread-0] INFO  ratis.XceiverServerRatis (XceiverServerRatis.java:addGroup(864)) - Created group PipelineID=1bcde526-35df-43d7-9d8e-68f6d74661ce
2024-02-22 20:34:08,859 [grpc-default-executor-4] INFO  server.RaftServer (RaftServerProxy.java:addNew(100)) - 13f92446-3b18-4d81-bc66-0f9b00220e72: addNew group-68F6D74661CE:[78f89d9b-e409-4704-890b-bfcfbcdfd28a|10.1.0.33:15086, c30fedce-f286-40e0-881d-3d5a9a6e2463|10.1.0.33:15068, 13f92446-3b18-4d81-bc66-0f9b00220e72|10.1.0.33:15077] returns group-68F6D74661CE:java.util.concurrent.CompletableFuture@531eadc0[Not completed]
2024-02-22 20:34:08,860 [13f92446-3b18-4d81-bc66-0f9b00220e72-groupManagement] INFO  server.RaftServer$Division (RaftServerImpl.java:<init>(256)) - 13f92446-3b18-4d81-bc66-0f9b00220e72: new RaftServerImpl for group-68F6D74661CE:[78f89d9b-e409-4704-890b-bfcfbcdfd28a|10.1.0.33:15086, c30fedce-f286-40e0-881d-3d5a9a6e2463|10.1.0.33:15068, 13f92446-3b18-4d81-bc66-0f9b00220e72|10.1.0.33:15077] with ContainerStateMachine:uninitialized
2024-02-22 20:34:08,860 [13f92446-3b18-4d81-bc66-0f9b00220e72-groupManagement] INFO  server.RaftServerConfigKeys (ConfUtils.java:logGet(46)) - raft.server.rpc.timeout.min = 5s (custom)
2024-02-22 20:34:08,860 [13f92446-3b18-4d81-bc66-0f9b00220e72-groupManagement] INFO  server.RaftServerConfigKeys (ConfUtils.java:logGet(46)) - raft.server.rpc.timeout.max = 5200ms (custom)
2024-02-22 20:34:08,860 [13f92446-3b18-4d81-bc66-0f9b00220e72-groupManagement] INFO  server.RaftServerConfigKeys (ConfUtils.java:logGet(46)) - raft.server.rpc.sleep.time = 25ms (default)
2024-02-22 20:34:08,860 [13f92446-3b18-4d81-bc66-0f9b00220e72-groupManagement] INFO  server.RaftServerConfigKeys (ConfUtils.java:logGet(46)) - raft.server.rpc.slowness.timeout = 300s (custom)
2024-02-22 20:34:08,860 [13f92446-3b18-4d81-bc66-0f9b00220e72-groupManagement] INFO  server.RaftServerConfigKeys (ConfUtils.java:logGet(46)) - raft.server.leaderelection.leader.step-down.wait-time = 10s (default)
2024-02-22 20:34:08,860 [13f92446-3b18-4d81-bc66-0f9b00220e72-groupManagement] INFO  server.RaftServerConfigKeys (ConfUtils.java:logGet(46)) - raft.server.leaderelection.member.majority-add = false (default)
2024-02-22 20:34:08,860 [13f92446-3b18-4d81-bc66-0f9b00220e72-groupManagement] INFO  server.RaftServerConfigKeys (ConfUtils.java:logGet(46)) - raft.server.sleep.deviation.threshold = 300ms (default)
2024-02-22 20:34:08,860 [13f92446-3b18-4d81-bc66-0f9b00220e72-groupManagement] INFO  server.RaftServer$Division (ServerState.java:<init>(113)) - 13f92446-3b18-4d81-bc66-0f9b00220e72@group-68F6D74661CE: ConfigurationManager, init=-1: peers:[78f89d9b-e409-4704-890b-bfcfbcdfd28a|10.1.0.33:15086, c30fedce-f286-40e0-881d-3d5a9a6e2463|10.1.0.33:15068, 13f92446-3b18-4d81-bc66-0f9b00220e72|10.1.0.33:15077]|listeners:[], old=null, confs=<EMPTY_MAP>
2024-02-22 20:34:08,860 [13f92446-3b18-4d81-bc66-0f9b00220e72-groupManagement] INFO  server.RaftServerConfigKeys (ConfUtils.java:logGet(46)) - raft.server.notification.no-leader.timeout = 300s (custom)
2024-02-22 20:34:08,861 [13f92446-3b18-4d81-bc66-0f9b00220e72-groupManagement] INFO  server.RaftServerConfigKeys (ConfUtils.java:logGet(46)) - raft.server.read.timeout = 10s (default)
2024-02-22 20:34:08,861 [13f92446-3b18-4d81-bc66-0f9b00220e72-groupManagement] INFO  server.RaftServerConfigKeys (ConfUtils.java:logGet(46)) - raft.server.retrycache.expirytime = 600000ms (custom)
2024-02-22 20:34:08,861 [13f92446-3b18-4d81-bc66-0f9b00220e72-groupManagement] INFO  server.RaftServerConfigKeys (ConfUtils.java:logGet(46)) - raft.server.retrycache.statistics.expirytime = 100ms (default)
2024-02-22 20:34:08,861 [13f92446-3b18-4d81-bc66-0f9b00220e72-groupManagement] INFO  server.RaftServerConfigKeys (ConfUtils.java:logGet(46)) - raft.server.read.option = DEFAULT (default)
2024-02-22 20:34:08,861 [13f92446-3b18-4d81-bc66-0f9b00220e72-groupManagement] INFO  server.RaftServerConfigKeys (ConfUtils.java:logGet(46)) - raft.server.read.read-after-write-consistent.write-index-cache.expiry-time = 60s (default)
2024-02-22 20:34:08,862 [13f92446-3b18-4d81-bc66-0f9b00220e72-groupManagement] INFO  server.RaftServerConfigKeys (ConfUtils.java:logGet(46)) - raft.server.rpc.request.timeout = 60s (custom)
2024-02-22 20:34:08,862 [13f92446-3b18-4d81-bc66-0f9b00220e72-groupManagement] INFO  server.RaftServerConfigKeys (ConfUtils.java:logGet(46)) - raft.server.log.appender.install.snapshot.enabled = false (custom)
2024-02-22 20:34:08,863 [13f92446-3b18-4d81-bc66-0f9b00220e72-groupManagement] INFO  server.RaftServerConfigKeys (ConfUtils.java:logGet(46)) - raft.server.threadpool.server.cached = true (default)
2024-02-22 20:34:08,863 [13f92446-3b18-4d81-bc66-0f9b00220e72-groupManagement] INFO  server.RaftServerConfigKeys (ConfUtils.java:logGet(46)) - raft.server.threadpool.server.size = 0 (default)
2024-02-22 20:34:08,863 [13f92446-3b18-4d81-bc66-0f9b00220e72-groupManagement] INFO  server.RaftServerConfigKeys (ConfUtils.java:logGet(46)) - raft.server.threadpool.client.cached = true (default)
2024-02-22 20:34:08,863 [13f92446-3b18-4d81-bc66-0f9b00220e72-groupManagement] INFO  server.RaftServerConfigKeys (ConfUtils.java:logGet(46)) - raft.server.threadpool.client.size = 0 (default)
2024-02-22 20:34:08,863 [13f92446-3b18-4d81-bc66-0f9b00220e72-groupManagement] INFO  server.RaftServerConfigKeys (ConfUtils.java:logGet(46)) - raft.server.storage.free-space.min = 0MB (=0) (default)
2024-02-22 20:34:08,863 [13f92446-3b18-4d81-bc66-0f9b00220e72-groupManagement] INFO  server.RaftServerConfigKeys (ConfUtils.java:logGet(46)) - raft.server.log.corruption.policy = EXCEPTION (default)
2024-02-22 20:34:08,863 [13f92446-3b18-4d81-bc66-0f9b00220e72-groupManagement] INFO  server.RaftServerConfigKeys (ConfUtils.java:logGet(46)) - raft.server.storage.dir = [/home/runner/work/ozone/ozone/hadoop-ozone/integration-test/target/test-dir/MiniOzoneClusterImpl-a0fc024b-a492-45a5-9697-b0d14f72cb5c/datanode-7/data/ratis] (custom)
2024-02-22 20:34:08,863 [13f92446-3b18-4d81-bc66-0f9b00220e72-groupManagement] INFO  storage.RaftStorageDirectory (RaftStorageDirectoryImpl.java:analyzeStorage(138)) - The storage directory /home/runner/work/ozone/ozone/hadoop-ozone/integration-test/target/test-dir/MiniOzoneClusterImpl-a0fc024b-a492-45a5-9697-b0d14f72cb5c/datanode-7/data/ratis/1bcde526-35df-43d7-9d8e-68f6d74661ce does not exist. Creating ...
2024-02-22 20:34:08,864 [13f92446-3b18-4d81-bc66-0f9b00220e72-groupManagement] INFO  storage.RaftStorageDirectory (RaftStorageDirectoryImpl.java:tryLock(228)) - Lock on /home/runner/work/ozone/ozone/hadoop-ozone/integration-test/target/test-dir/MiniOzoneClusterImpl-a0fc024b-a492-45a5-9697-b0d14f72cb5c/datanode-7/data/ratis/1bcde526-35df-43d7-9d8e-68f6d74661ce/in_use.lock acquired by nodename 30552@fv-az779-213
2024-02-22 20:34:08,865 [13f92446-3b18-4d81-bc66-0f9b00220e72-groupManagement] INFO  storage.RaftStorage (RaftStorageImpl.java:format(99)) - Storage directory /home/runner/work/ozone/ozone/hadoop-ozone/integration-test/target/test-dir/MiniOzoneClusterImpl-a0fc024b-a492-45a5-9697-b0d14f72cb5c/datanode-7/data/ratis/1bcde526-35df-43d7-9d8e-68f6d74661ce has been successfully formatted.
2024-02-22 20:34:08,865 [13f92446-3b18-4d81-bc66-0f9b00220e72-groupManagement] WARN  util.FileUtils (LogUtils.java:supplyAndLog(63)) - Failed to Files.newInputStream /home/runner/work/ozone/ozone/hadoop-ozone/integration-test/target/test-dir/MiniOzoneClusterImpl-a0fc024b-a492-45a5-9697-b0d14f72cb5c/datanode-7/data/ratis/1bcde526-35df-43d7-9d8e-68f6d74661ce/current/raft-meta.conf with options []: java.nio.file.NoSuchFileException: /home/runner/work/ozone/ozone/hadoop-ozone/integration-test/target/test-dir/MiniOzoneClusterImpl-a0fc024b-a492-45a5-9697-b0d14f72cb5c/datanode-7/data/ratis/1bcde526-35df-43d7-9d8e-68f6d74661ce/current/raft-meta.conf
2024-02-22 20:34:08,866 [13f92446-3b18-4d81-bc66-0f9b00220e72-groupManagement] INFO  ratis.ContainerStateMachine (ContainerStateMachine.java:loadSnapshot(287)) - group-68F6D74661CE: The snapshot info is null. Setting the last applied index to:(t:0, i:~)
2024-02-22 20:34:08,866 [13f92446-3b18-4d81-bc66-0f9b00220e72-groupManagement] INFO  server.RaftServerConfigKeys (ConfUtils.java:logGet(46)) - raft.server.log.use.memory = false (default)
2024-02-22 20:34:08,866 [13f92446-3b18-4d81-bc66-0f9b00220e72-groupManagement] INFO  server.RaftServerConfigKeys (ConfUtils.java:logGet(46)) - raft.server.log.purge.gap = 1000000 (custom)
2024-02-22 20:34:08,866 [13f92446-3b18-4d81-bc66-0f9b00220e72-groupManagement] INFO  server.RaftServerConfigKeys (ConfUtils.java:logGet(46)) - raft.server.log.appender.buffer.byte-limit = 8388608 (custom)
2024-02-22 20:34:08,866 [13f92446-3b18-4d81-bc66-0f9b00220e72-groupManagement] INFO  server.RaftServerConfigKeys (ConfUtils.java:logGet(46)) - raft.server.log.statemachine.data.read.timeout = 1000ms (default)
2024-02-22 20:34:08,866 [13f92446-3b18-4d81-bc66-0f9b00220e72-groupManagement] INFO  server.RaftServerConfigKeys (ConfUtils.java:logGet(46)) - raft.server.log.purge.preservation.log.num = 0 (default)
2024-02-22 20:34:08,867 [EventQueue-PipelineReportForPipelineReportHandler] INFO  pipeline.PipelineReportHandler (PipelineReportHandler.java:processPipelineReport(115)) - Reported pipeline PipelineID=a069b16c-3c19-42f6-a3b4-b62ac99fa1e0 is not found
2024-02-22 20:34:08,867 [EventQueue-PipelineReportForPipelineReportHandler] INFO  pipeline.PipelineReportHandler (PipelineReportHandler.java:processPipelineReport(115)) - Reported pipeline PipelineID=014e79b4-2d53-4af7-bdbb-f0c26c70f6ea is not found
2024-02-22 20:34:08,867 [EventQueue-PipelineReportForPipelineReportHandler] INFO  pipeline.PipelineReportHandler (PipelineReportHandler.java:processPipelineReport(115)) - Reported pipeline PipelineID=724f0737-a92a-4fca-96d8-c6933685b048 is not found
2024-02-22 20:34:08,868 [13f92446-3b18-4d81-bc66-0f9b00220e72-groupManagement] INFO  server.RaftServerConfigKeys (ConfUtils.java:logGet(46)) - raft.server.log.segment.size.max = 67108864 (custom)
2024-02-22 20:34:08,868 [13f92446-3b18-4d81-bc66-0f9b00220e72-groupManagement] INFO  server.RaftServerConfigKeys (ConfUtils.java:logGet(46)) - raft.server.log.segment.cache.num.max = 2 (custom)
2024-02-22 20:34:08,868 [13f92446-3b18-4d81-bc66-0f9b00220e72-groupManagement] INFO  server.RaftServerConfigKeys (ConfUtils.java:logGet(46)) - raft.server.log.segment.cache.size.max = 200MB (=209715200) (default)
2024-02-22 20:34:08,868 [13f92446-3b18-4d81-bc66-0f9b00220e72-groupManagement] INFO  server.RaftServerConfigKeys (ConfUtils.java:logGet(46)) - raft.server.log.appender.buffer.byte-limit = 8388608 (custom)
2024-02-22 20:34:08,868 [13f92446-3b18-4d81-bc66-0f9b00220e72-groupManagement] INFO  util.AwaitToRun (AwaitToRun.java:start(81)) - Thread[13f92446-3b18-4d81-bc66-0f9b00220e72@group-68F6D74661CE-cacheEviction-AwaitToRun,5,main] started
2024-02-22 20:34:08,869 [13f92446-3b18-4d81-bc66-0f9b00220e72-groupManagement] INFO  segmented.SegmentedRaftLogWorker (SegmentedRaftLogWorker.java:<init>(182)) - new 13f92446-3b18-4d81-bc66-0f9b00220e72@group-68F6D74661CE-SegmentedRaftLogWorker for RaftStorageImpl:Storage Directory /home/runner/work/ozone/ozone/hadoop-ozone/integration-test/target/test-dir/MiniOzoneClusterImpl-a0fc024b-a492-45a5-9697-b0d14f72cb5c/datanode-7/data/ratis/1bcde526-35df-43d7-9d8e-68f6d74661ce
2024-02-22 20:34:08,869 [13f92446-3b18-4d81-bc66-0f9b00220e72-groupManagement] INFO  server.RaftServerConfigKeys (ConfUtils.java:logGet(46)) - raft.server.log.queue.byte-limit = 4294967296 (custom)
2024-02-22 20:34:08,869 [13f92446-3b18-4d81-bc66-0f9b00220e72-groupManagement] INFO  server.RaftServerConfigKeys (ConfUtils.java:logGet(46)) - raft.server.log.queue.element-limit = 1024 (custom)
2024-02-22 20:34:08,869 [13f92446-3b18-4d81-bc66-0f9b00220e72-groupManagement] INFO  server.RaftServerConfigKeys (ConfUtils.java:logGet(46)) - raft.server.log.segment.size.max = 67108864 (custom)
2024-02-22 20:34:08,869 [13f92446-3b18-4d81-bc66-0f9b00220e72-groupManagement] INFO  server.RaftServerConfigKeys (ConfUtils.java:logGet(46)) - raft.server.log.preallocated.size = 4194304 (custom)
2024-02-22 20:34:08,869 [13f92446-3b18-4d81-bc66-0f9b00220e72-groupManagement] INFO  server.RaftServerConfigKeys (ConfUtils.java:logGet(46)) - raft.server.log.force.sync.num = 128 (default)
2024-02-22 20:34:08,869 [13f92446-3b18-4d81-bc66-0f9b00220e72-groupManagement] INFO  server.RaftServerConfigKeys (ConfUtils.java:logGet(46)) - raft.server.log.statemachine.data.sync = true (default)
2024-02-22 20:34:08,869 [13f92446-3b18-4d81-bc66-0f9b00220e72-groupManagement] INFO  server.RaftServerConfigKeys (ConfUtils.java:logGet(46)) - raft.server.log.statemachine.data.sync.timeout = 10s (default)
2024-02-22 20:34:08,870 [13f92446-3b18-4d81-bc66-0f9b00220e72-groupManagement] INFO  server.RaftServerConfigKeys (ConfUtils.java:logGet(46)) - raft.server.log.statemachine.data.sync.timeout.retry = 0 (custom)
2024-02-22 20:34:08,870 [13f92446-3b18-4d81-bc66-0f9b00220e72-groupManagement] INFO  server.RaftServerConfigKeys (ConfUtils.java:logGet(46)) - raft.server.log.write.buffer.size = 8388616 (custom)
2024-02-22 20:34:08,871 [13f92446-3b18-4d81-bc66-0f9b00220e72-groupManagement] INFO  server.RaftServerConfigKeys (ConfUtils.java:logGet(46)) - raft.server.log.appender.buffer.byte-limit = 8388608 (custom)
2024-02-22 20:34:08,871 [13f92446-3b18-4d81-bc66-0f9b00220e72-groupManagement] INFO  server.RaftServerConfigKeys (ConfUtils.java:logGet(46)) - raft.server.log.unsafe-flush.enabled = false (default)
2024-02-22 20:34:08,871 [13f92446-3b18-4d81-bc66-0f9b00220e72-groupManagement] INFO  server.RaftServerConfigKeys (ConfUtils.java:logGet(46)) - raft.server.log.async-flush.enabled = false (default)
2024-02-22 20:34:08,872 [13f92446-3b18-4d81-bc66-0f9b00220e72-groupManagement] INFO  server.RaftServerConfigKeys (ConfUtils.java:logGet(46)) - raft.server.log.statemachine.data.caching.enabled = true (custom)
2024-02-22 20:34:08,872 [13f92446-3b18-4d81-bc66-0f9b00220e72-groupManagement] INFO  segmented.SegmentedRaftLogWorker (SegmentedRaftLogWorker.java:lambda$new$0(134)) - 13f92446-3b18-4d81-bc66-0f9b00220e72@group-68F6D74661CE-SegmentedRaftLogWorker: flushIndex: setUnconditionally 0 -> -1
2024-02-22 20:34:08,872 [13f92446-3b18-4d81-bc66-0f9b00220e72-groupManagement] INFO  segmented.SegmentedRaftLogWorker (SegmentedRaftLogWorker.java:lambda$new$0(134)) - 13f92446-3b18-4d81-bc66-0f9b00220e72@group-68F6D74661CE-SegmentedRaftLogWorker: safeCacheEvictIndex: setUnconditionally 0 -> -1
2024-02-22 20:34:08,872 [13f92446-3b18-4d81-bc66-0f9b00220e72-groupManagement] INFO  server.RaftServer$Division (RaftServerImpl.java:start(396)) - 13f92446-3b18-4d81-bc66-0f9b00220e72@group-68F6D74661CE: start as a follower, conf=-1: peers:[78f89d9b-e409-4704-890b-bfcfbcdfd28a|10.1.0.33:15086, c30fedce-f286-40e0-881d-3d5a9a6e2463|10.1.0.33:15068, 13f92446-3b18-4d81-bc66-0f9b00220e72|10.1.0.33:15077]|listeners:[], old=null
2024-02-22 20:34:08,872 [13f92446-3b18-4d81-bc66-0f9b00220e72-groupManagement] INFO  server.RaftServer$Division (RaftServerImpl.java:setRole(383)) - 13f92446-3b18-4d81-bc66-0f9b00220e72@group-68F6D74661CE: changes role from      null to FOLLOWER at term 0 for startAsFollower
2024-02-22 20:34:08,873 [13f92446-3b18-4d81-bc66-0f9b00220e72-groupManagement] INFO  impl.RoleInfo (RoleInfo.java:updateAndGet(139)) - 13f92446-3b18-4d81-bc66-0f9b00220e72: start 13f92446-3b18-4d81-bc66-0f9b00220e72@group-68F6D74661CE-FollowerState
2024-02-22 20:34:08,873 [13f92446-3b18-4d81-bc66-0f9b00220e72@group-68F6D74661CE-FollowerState] INFO  server.RaftServerConfigKeys (ConfUtils.java:logFallback(53)) - raft.server.rpc.first-election.timeout.min = 5s (fallback to raft.server.rpc.timeout.min)
2024-02-22 20:34:08,873 [13f92446-3b18-4d81-bc66-0f9b00220e72@group-68F6D74661CE-FollowerState] INFO  server.RaftServerConfigKeys (ConfUtils.java:logFallback(53)) - raft.server.rpc.first-election.timeout.max = 5200ms (fallback to raft.server.rpc.timeout.max)
2024-02-22 20:34:08,873 [13f92446-3b18-4d81-bc66-0f9b00220e72-groupManagement] INFO  util.JmxRegister (JmxRegister.java:tryRegister(44)) - Successfully registered JMX Bean with object name Ratis:service=RaftServer,group=group-68F6D74661CE,id=13f92446-3b18-4d81-bc66-0f9b00220e72
2024-02-22 20:34:08,873 [13f92446-3b18-4d81-bc66-0f9b00220e72-groupManagement] INFO  server.RaftServerConfigKeys (ConfUtils.java:logGet(46)) - raft.server.snapshot.trigger-when-stop.enabled = true (default)
2024-02-22 20:34:08,873 [13f92446-3b18-4d81-bc66-0f9b00220e72-groupManagement] INFO  server.RaftServerConfigKeys (ConfUtils.java:logGet(46)) - raft.server.snapshot.auto.trigger.enabled = true (custom)
2024-02-22 20:34:08,873 [13f92446-3b18-4d81-bc66-0f9b00220e72-groupManagement] INFO  server.RaftServerConfigKeys (ConfUtils.java:logGet(46)) - raft.server.snapshot.auto.trigger.threshold = 10000 (custom)
2024-02-22 20:34:08,873 [13f92446-3b18-4d81-bc66-0f9b00220e72-groupManagement] INFO  server.RaftServerConfigKeys (ConfUtils.java:logGet(46)) - raft.server.snapshot.retention.file.num = 5 (custom)
2024-02-22 20:34:08,873 [13f92446-3b18-4d81-bc66-0f9b00220e72-groupManagement] INFO  server.RaftServerConfigKeys (ConfUtils.java:logGet(46)) - raft.server.log.purge.upto.snapshot.index = false (default)
2024-02-22 20:34:08,881 [grpc-default-executor-4] INFO  server.RaftServer (RaftServerProxy.java:addNew(100)) - 78f89d9b-e409-4704-890b-bfcfbcdfd28a: addNew group-68F6D74661CE:[78f89d9b-e409-4704-890b-bfcfbcdfd28a|10.1.0.33:15086, c30fedce-f286-40e0-881d-3d5a9a6e2463|10.1.0.33:15068, 13f92446-3b18-4d81-bc66-0f9b00220e72|10.1.0.33:15077] returns group-68F6D74661CE:java.util.concurrent.CompletableFuture@21e4f0af[Not completed]
2024-02-22 20:34:08,882 [78f89d9b-e409-4704-890b-bfcfbcdfd28a-groupManagement] INFO  server.RaftServer$Division (RaftServerImpl.java:<init>(256)) - 78f89d9b-e409-4704-890b-bfcfbcdfd28a: new RaftServerImpl for group-68F6D74661CE:[78f89d9b-e409-4704-890b-bfcfbcdfd28a|10.1.0.33:15086, c30fedce-f286-40e0-881d-3d5a9a6e2463|10.1.0.33:15068, 13f92446-3b18-4d81-bc66-0f9b00220e72|10.1.0.33:15077] with ContainerStateMachine:uninitialized
2024-02-22 20:34:08,882 [78f89d9b-e409-4704-890b-bfcfbcdfd28a-groupManagement] INFO  server.RaftServerConfigKeys (ConfUtils.java:logGet(46)) - raft.server.rpc.timeout.min = 5s (custom)
2024-02-22 20:34:08,882 [78f89d9b-e409-4704-890b-bfcfbcdfd28a-groupManagement] INFO  server.RaftServerConfigKeys (ConfUtils.java:logGet(46)) - raft.server.rpc.timeout.max = 5200ms (custom)
2024-02-22 20:34:08,882 [78f89d9b-e409-4704-890b-bfcfbcdfd28a-groupManagement] INFO  server.RaftServerConfigKeys (ConfUtils.java:logGet(46)) - raft.server.rpc.sleep.time = 25ms (default)
2024-02-22 20:34:08,882 [78f89d9b-e409-4704-890b-bfcfbcdfd28a-groupManagement] INFO  server.RaftServerConfigKeys (ConfUtils.java:logGet(46)) - raft.server.rpc.slowness.timeout = 300s (custom)
2024-02-22 20:34:08,883 [78f89d9b-e409-4704-890b-bfcfbcdfd28a-groupManagement] INFO  server.RaftServerConfigKeys (ConfUtils.java:logGet(46)) - raft.server.leaderelection.leader.step-down.wait-time = 10s (default)
2024-02-22 20:34:08,883 [78f89d9b-e409-4704-890b-bfcfbcdfd28a-groupManagement] INFO  server.RaftServerConfigKeys (ConfUtils.java:logGet(46)) - raft.server.leaderelection.member.majority-add = false (default)
2024-02-22 20:34:08,883 [78f89d9b-e409-4704-890b-bfcfbcdfd28a-groupManagement] INFO  server.RaftServerConfigKeys (ConfUtils.java:logGet(46)) - raft.server.sleep.deviation.threshold = 300ms (default)
2024-02-22 20:34:08,883 [78f89d9b-e409-4704-890b-bfcfbcdfd28a-groupManagement] INFO  server.RaftServer$Division (ServerState.java:<init>(113)) - 78f89d9b-e409-4704-890b-bfcfbcdfd28a@group-68F6D74661CE: ConfigurationManager, init=-1: peers:[78f89d9b-e409-4704-890b-bfcfbcdfd28a|10.1.0.33:15086, c30fedce-f286-40e0-881d-3d5a9a6e2463|10.1.0.33:15068, 13f92446-3b18-4d81-bc66-0f9b00220e72|10.1.0.33:15077]|listeners:[], old=null, confs=<EMPTY_MAP>
2024-02-22 20:34:08,883 [78f89d9b-e409-4704-890b-bfcfbcdfd28a-groupManagement] INFO  server.RaftServerConfigKeys (ConfUtils.java:logGet(46)) - raft.server.notification.no-leader.timeout = 300s (custom)
2024-02-22 20:34:08,883 [78f89d9b-e409-4704-890b-bfcfbcdfd28a-groupManagement] INFO  server.RaftServerConfigKeys (ConfUtils.java:logGet(46)) - raft.server.read.timeout = 10s (default)
2024-02-22 20:34:08,883 [78f89d9b-e409-4704-890b-bfcfbcdfd28a-groupManagement] INFO  server.RaftServerConfigKeys (ConfUtils.java:logGet(46)) - raft.server.retrycache.expirytime = 600000ms (custom)
2024-02-22 20:34:08,883 [78f89d9b-e409-4704-890b-bfcfbcdfd28a-groupManagement] INFO  server.RaftServerConfigKeys (ConfUtils.java:logGet(46)) - raft.server.retrycache.statistics.expirytime = 100ms (default)
2024-02-22 20:34:08,883 [78f89d9b-e409-4704-890b-bfcfbcdfd28a-groupManagement] INFO  server.RaftServerConfigKeys (ConfUtils.java:logGet(46)) - raft.server.read.option = DEFAULT (default)
2024-02-22 20:34:08,883 [78f89d9b-e409-4704-890b-bfcfbcdfd28a-groupManagement] INFO  server.RaftServerConfigKeys (ConfUtils.java:logGet(46)) - raft.server.read.read-after-write-consistent.write-index-cache.expiry-time = 60s (default)
2024-02-22 20:34:08,885 [78f89d9b-e409-4704-890b-bfcfbcdfd28a-groupManagement] INFO  server.RaftServerConfigKeys (ConfUtils.java:logGet(46)) - raft.server.rpc.request.timeout = 60s (custom)
2024-02-22 20:34:08,885 [78f89d9b-e409-4704-890b-bfcfbcdfd28a-groupManagement] INFO  server.RaftServerConfigKeys (ConfUtils.java:logGet(46)) - raft.server.log.appender.install.snapshot.enabled = false (custom)
2024-02-22 20:34:08,885 [78f89d9b-e409-4704-890b-bfcfbcdfd28a-groupManagement] INFO  server.RaftServerConfigKeys (ConfUtils.java:logGet(46)) - raft.server.threadpool.server.cached = true (default)
2024-02-22 20:34:08,885 [78f89d9b-e409-4704-890b-bfcfbcdfd28a-groupManagement] INFO  server.RaftServerConfigKeys (ConfUtils.java:logGet(46)) - raft.server.threadpool.server.size = 0 (default)
2024-02-22 20:34:08,885 [78f89d9b-e409-4704-890b-bfcfbcdfd28a-groupManagement] INFO  server.RaftServerConfigKeys (ConfUtils.java:logGet(46)) - raft.server.threadpool.client.cached = true (default)
2024-02-22 20:34:08,885 [78f89d9b-e409-4704-890b-bfcfbcdfd28a-groupManagement] INFO  server.RaftServerConfigKeys (ConfUtils.java:logGet(46)) - raft.server.threadpool.client.size = 0 (default)
2024-02-22 20:34:08,885 [78f89d9b-e409-4704-890b-bfcfbcdfd28a-groupManagement] INFO  server.RaftServerConfigKeys (ConfUtils.java:logGet(46)) - raft.server.storage.free-space.min = 0MB (=0) (default)
2024-02-22 20:34:08,885 [78f89d9b-e409-4704-890b-bfcfbcdfd28a-groupManagement] INFO  server.RaftServerConfigKeys (ConfUtils.java:logGet(46)) - raft.server.log.corruption.policy = EXCEPTION (default)
2024-02-22 20:34:08,885 [78f89d9b-e409-4704-890b-bfcfbcdfd28a-groupManagement] INFO  server.RaftServerConfigKeys (ConfUtils.java:logGet(46)) - raft.server.storage.dir = [/home/runner/work/ozone/ozone/hadoop-ozone/integration-test/target/test-dir/MiniOzoneClusterImpl-a0fc024b-a492-45a5-9697-b0d14f72cb5c/datanode-8/data/ratis] (custom)
2024-02-22 20:34:08,885 [78f89d9b-e409-4704-890b-bfcfbcdfd28a-groupManagement] INFO  storage.RaftStorageDirectory (RaftStorageDirectoryImpl.java:analyzeStorage(138)) - The storage directory /home/runner/work/ozone/ozone/hadoop-ozone/integration-test/target/test-dir/MiniOzoneClusterImpl-a0fc024b-a492-45a5-9697-b0d14f72cb5c/datanode-8/data/ratis/1bcde526-35df-43d7-9d8e-68f6d74661ce does not exist. Creating ...
2024-02-22 20:34:08,886 [78f89d9b-e409-4704-890b-bfcfbcdfd28a-groupManagement] INFO  storage.RaftStorageDirectory (RaftStorageDirectoryImpl.java:tryLock(228)) - Lock on /home/runner/work/ozone/ozone/hadoop-ozone/integration-test/target/test-dir/MiniOzoneClusterImpl-a0fc024b-a492-45a5-9697-b0d14f72cb5c/datanode-8/data/ratis/1bcde526-35df-43d7-9d8e-68f6d74661ce/in_use.lock acquired by nodename 30552@fv-az779-213
2024-02-22 20:34:08,887 [78f89d9b-e409-4704-890b-bfcfbcdfd28a-groupManagement] INFO  storage.RaftStorage (RaftStorageImpl.java:format(99)) - Storage directory /home/runner/work/ozone/ozone/hadoop-ozone/integration-test/target/test-dir/MiniOzoneClusterImpl-a0fc024b-a492-45a5-9697-b0d14f72cb5c/datanode-8/data/ratis/1bcde526-35df-43d7-9d8e-68f6d74661ce has been successfully formatted.
2024-02-22 20:34:08,887 [78f89d9b-e409-4704-890b-bfcfbcdfd28a-groupManagement] WARN  util.FileUtils (LogUtils.java:supplyAndLog(63)) - Failed to Files.newInputStream /home/runner/work/ozone/ozone/hadoop-ozone/integration-test/target/test-dir/MiniOzoneClusterImpl-a0fc024b-a492-45a5-9697-b0d14f72cb5c/datanode-8/data/ratis/1bcde526-35df-43d7-9d8e-68f6d74661ce/current/raft-meta.conf with options []: java.nio.file.NoSuchFileException: /home/runner/work/ozone/ozone/hadoop-ozone/integration-test/target/test-dir/MiniOzoneClusterImpl-a0fc024b-a492-45a5-9697-b0d14f72cb5c/datanode-8/data/ratis/1bcde526-35df-43d7-9d8e-68f6d74661ce/current/raft-meta.conf
2024-02-22 20:34:08,887 [78f89d9b-e409-4704-890b-bfcfbcdfd28a-groupManagement] INFO  ratis.ContainerStateMachine (ContainerStateMachine.java:loadSnapshot(287)) - group-68F6D74661CE: The snapshot info is null. Setting the last applied index to:(t:0, i:~)
2024-02-22 20:34:08,887 [78f89d9b-e409-4704-890b-bfcfbcdfd28a-groupManagement] INFO  server.RaftServerConfigKeys (ConfUtils.java:logGet(46)) - raft.server.log.use.memory = false (default)
2024-02-22 20:34:08,888 [78f89d9b-e409-4704-890b-bfcfbcdfd28a-groupManagement] INFO  server.RaftServerConfigKeys (ConfUtils.java:logGet(46)) - raft.server.log.purge.gap = 1000000 (custom)
2024-02-22 20:34:08,888 [78f89d9b-e409-4704-890b-bfcfbcdfd28a-groupManagement] INFO  server.RaftServerConfigKeys (ConfUtils.java:logGet(46)) - raft.server.log.appender.buffer.byte-limit = 8388608 (custom)
2024-02-22 20:34:08,888 [78f89d9b-e409-4704-890b-bfcfbcdfd28a-groupManagement] INFO  server.RaftServerConfigKeys (ConfUtils.java:logGet(46)) - raft.server.log.statemachine.data.read.timeout = 1000ms (default)
2024-02-22 20:34:08,888 [78f89d9b-e409-4704-890b-bfcfbcdfd28a-groupManagement] INFO  server.RaftServerConfigKeys (ConfUtils.java:logGet(46)) - raft.server.log.purge.preservation.log.num = 0 (default)
2024-02-22 20:34:08,889 [78f89d9b-e409-4704-890b-bfcfbcdfd28a-groupManagement] INFO  server.RaftServerConfigKeys (ConfUtils.java:logGet(46)) - raft.server.log.segment.size.max = 67108864 (custom)
2024-02-22 20:34:08,889 [78f89d9b-e409-4704-890b-bfcfbcdfd28a-groupManagement] INFO  server.RaftServerConfigKeys (ConfUtils.java:logGet(46)) - raft.server.log.segment.cache.num.max = 2 (custom)
2024-02-22 20:34:08,889 [78f89d9b-e409-4704-890b-bfcfbcdfd28a-groupManagement] INFO  server.RaftServerConfigKeys (ConfUtils.java:logGet(46)) - raft.server.log.segment.cache.size.max = 200MB (=209715200) (default)
2024-02-22 20:34:08,889 [78f89d9b-e409-4704-890b-bfcfbcdfd28a-groupManagement] INFO  server.RaftServerConfigKeys (ConfUtils.java:logGet(46)) - raft.server.log.appender.buffer.byte-limit = 8388608 (custom)
2024-02-22 20:34:08,890 [78f89d9b-e409-4704-890b-bfcfbcdfd28a-groupManagement] INFO  util.AwaitToRun (AwaitToRun.java:start(81)) - Thread[78f89d9b-e409-4704-890b-bfcfbcdfd28a@group-68F6D74661CE-cacheEviction-AwaitToRun,5,main] started
2024-02-22 20:34:08,890 [78f89d9b-e409-4704-890b-bfcfbcdfd28a-groupManagement] INFO  segmented.SegmentedRaftLogWorker (SegmentedRaftLogWorker.java:<init>(182)) - new 78f89d9b-e409-4704-890b-bfcfbcdfd28a@group-68F6D74661CE-SegmentedRaftLogWorker for RaftStorageImpl:Storage Directory /home/runner/work/ozone/ozone/hadoop-ozone/integration-test/target/test-dir/MiniOzoneClusterImpl-a0fc024b-a492-45a5-9697-b0d14f72cb5c/datanode-8/data/ratis/1bcde526-35df-43d7-9d8e-68f6d74661ce
2024-02-22 20:34:08,890 [78f89d9b-e409-4704-890b-bfcfbcdfd28a-groupManagement] INFO  server.RaftServerConfigKeys (ConfUtils.java:logGet(46)) - raft.server.log.queue.byte-limit = 4294967296 (custom)
2024-02-22 20:34:08,890 [78f89d9b-e409-4704-890b-bfcfbcdfd28a-groupManagement] INFO  server.RaftServerConfigKeys (ConfUtils.java:logGet(46)) - raft.server.log.queue.element-limit = 1024 (custom)
2024-02-22 20:34:08,890 [78f89d9b-e409-4704-890b-bfcfbcdfd28a-groupManagement] INFO  server.RaftServerConfigKeys (ConfUtils.java:logGet(46)) - raft.server.log.segment.size.max = 67108864 (custom)
2024-02-22 20:34:08,890 [78f89d9b-e409-4704-890b-bfcfbcdfd28a-groupManagement] INFO  server.RaftServerConfigKeys (ConfUtils.java:logGet(46)) - raft.server.log.preallocated.size = 4194304 (custom)
2024-02-22 20:34:08,890 [78f89d9b-e409-4704-890b-bfcfbcdfd28a-groupManagement] INFO  server.RaftServerConfigKeys (ConfUtils.java:logGet(46)) - raft.server.log.force.sync.num = 128 (default)
2024-02-22 20:34:08,890 [78f89d9b-e409-4704-890b-bfcfbcdfd28a-groupManagement] INFO  server.RaftServerConfigKeys (ConfUtils.java:logGet(46)) - raft.server.log.statemachine.data.sync = true (default)
2024-02-22 20:34:08,890 [78f89d9b-e409-4704-890b-bfcfbcdfd28a-groupManagement] INFO  server.RaftServerConfigKeys (ConfUtils.java:logGet(46)) - raft.server.log.statemachine.data.sync.timeout = 10s (default)
2024-02-22 20:34:08,890 [78f89d9b-e409-4704-890b-bfcfbcdfd28a-groupManagement] INFO  server.RaftServerConfigKeys (ConfUtils.java:logGet(46)) - raft.server.log.statemachine.data.sync.timeout.retry = 0 (custom)
2024-02-22 20:34:08,891 [78f89d9b-e409-4704-890b-bfcfbcdfd28a-groupManagement] INFO  server.RaftServerConfigKeys (ConfUtils.java:logGet(46)) - raft.server.log.write.buffer.size = 8388616 (custom)
2024-02-22 20:34:08,892 [78f89d9b-e409-4704-890b-bfcfbcdfd28a-groupManagement] INFO  server.RaftServerConfigKeys (ConfUtils.java:logGet(46)) - raft.server.log.appender.buffer.byte-limit = 8388608 (custom)
2024-02-22 20:34:08,892 [78f89d9b-e409-4704-890b-bfcfbcdfd28a-groupManagement] INFO  server.RaftServerConfigKeys (ConfUtils.java:logGet(46)) - raft.server.log.unsafe-flush.enabled = false (default)
2024-02-22 20:34:08,892 [78f89d9b-e409-4704-890b-bfcfbcdfd28a-groupManagement] INFO  server.RaftServerConfigKeys (ConfUtils.java:logGet(46)) - raft.server.log.async-flush.enabled = false (default)
2024-02-22 20:34:08,892 [78f89d9b-e409-4704-890b-bfcfbcdfd28a-groupManagement] INFO  server.RaftServerConfigKeys (ConfUtils.java:logGet(46)) - raft.server.log.statemachine.data.caching.enabled = true (custom)
2024-02-22 20:34:08,892 [78f89d9b-e409-4704-890b-bfcfbcdfd28a-groupManagement] INFO  segmented.SegmentedRaftLogWorker (SegmentedRaftLogWorker.java:lambda$new$0(134)) - 78f89d9b-e409-4704-890b-bfcfbcdfd28a@group-68F6D74661CE-SegmentedRaftLogWorker: flushIndex: setUnconditionally 0 -> -1
2024-02-22 20:34:08,892 [78f89d9b-e409-4704-890b-bfcfbcdfd28a-groupManagement] INFO  segmented.SegmentedRaftLogWorker (SegmentedRaftLogWorker.java:lambda$new$0(134)) - 78f89d9b-e409-4704-890b-bfcfbcdfd28a@group-68F6D74661CE-SegmentedRaftLogWorker: safeCacheEvictIndex: setUnconditionally 0 -> -1
2024-02-22 20:34:08,893 [78f89d9b-e409-4704-890b-bfcfbcdfd28a-groupManagement] INFO  server.RaftServer$Division (RaftServerImpl.java:start(396)) - 78f89d9b-e409-4704-890b-bfcfbcdfd28a@group-68F6D74661CE: start as a follower, conf=-1: peers:[78f89d9b-e409-4704-890b-bfcfbcdfd28a|10.1.0.33:15086, c30fedce-f286-40e0-881d-3d5a9a6e2463|10.1.0.33:15068, 13f92446-3b18-4d81-bc66-0f9b00220e72|10.1.0.33:15077]|listeners:[], old=null
2024-02-22 20:34:08,893 [78f89d9b-e409-4704-890b-bfcfbcdfd28a-groupManagement] INFO  server.RaftServer$Division (RaftServerImpl.java:setRole(383)) - 78f89d9b-e409-4704-890b-bfcfbcdfd28a@group-68F6D74661CE: changes role from      null to FOLLOWER at term 0 for startAsFollower
2024-02-22 20:34:08,893 [78f89d9b-e409-4704-890b-bfcfbcdfd28a-groupManagement] INFO  impl.RoleInfo (RoleInfo.java:updateAndGet(139)) - 78f89d9b-e409-4704-890b-bfcfbcdfd28a: start 78f89d9b-e409-4704-890b-bfcfbcdfd28a@group-68F6D74661CE-FollowerState
2024-02-22 20:34:08,893 [78f89d9b-e409-4704-890b-bfcfbcdfd28a@group-68F6D74661CE-FollowerState] INFO  server.RaftServerConfigKeys (ConfUtils.java:logFallback(53)) - raft.server.rpc.first-election.timeout.min = 5s (fallback to raft.server.rpc.timeout.min)
2024-02-22 20:34:08,893 [78f89d9b-e409-4704-890b-bfcfbcdfd28a-groupManagement] INFO  util.JmxRegister (JmxRegister.java:tryRegister(44)) - Successfully registered JMX Bean with object name Ratis:service=RaftServer,group=group-68F6D74661CE,id=78f89d9b-e409-4704-890b-bfcfbcdfd28a
2024-02-22 20:34:08,893 [78f89d9b-e409-4704-890b-bfcfbcdfd28a@group-68F6D74661CE-FollowerState] INFO  server.RaftServerConfigKeys (ConfUtils.java:logFallback(53)) - raft.server.rpc.first-election.timeout.max = 5200ms (fallback to raft.server.rpc.timeout.max)
2024-02-22 20:34:08,893 [78f89d9b-e409-4704-890b-bfcfbcdfd28a-groupManagement] INFO  server.RaftServerConfigKeys (ConfUtils.java:logGet(46)) - raft.server.snapshot.trigger-when-stop.enabled = true (default)
2024-02-22 20:34:08,893 [78f89d9b-e409-4704-890b-bfcfbcdfd28a-groupManagement] INFO  server.RaftServerConfigKeys (ConfUtils.java:logGet(46)) - raft.server.snapshot.auto.trigger.enabled = true (custom)
2024-02-22 20:34:08,893 [78f89d9b-e409-4704-890b-bfcfbcdfd28a-groupManagement] INFO  server.RaftServerConfigKeys (ConfUtils.java:logGet(46)) - raft.server.snapshot.auto.trigger.threshold = 10000 (custom)
2024-02-22 20:34:08,893 [78f89d9b-e409-4704-890b-bfcfbcdfd28a-groupManagement] INFO  server.RaftServerConfigKeys (ConfUtils.java:logGet(46)) - raft.server.snapshot.retention.file.num = 5 (custom)
2024-02-22 20:34:08,893 [78f89d9b-e409-4704-890b-bfcfbcdfd28a-groupManagement] INFO  server.RaftServerConfigKeys (ConfUtils.java:logGet(46)) - raft.server.log.purge.upto.snapshot.index = false (default)
2024-02-22 20:34:08,898 [c30fedce-f286-40e0-881d-3d5a9a6e2463-PipelineCommandHandlerThread-0] INFO  commandhandler.CreatePipelineCommandHandler (CreatePipelineCommandHandler.java:lambda$handle$2(124)) - Created Pipeline RATIS THREE PipelineID=1bcde526-35df-43d7-9d8e-68f6d74661ce.
2024-02-22 20:34:09,373 [13f92446-3b18-4d81-bc66-0f9b00220e72-PipelineCommandHandlerThread-0] INFO  segmented.SegmentedRaftLogWorker (SegmentedRaftLogWorker.java:close(245)) - 13f92446-3b18-4d81-bc66-0f9b00220e72@group-B58ED9299B6F-SegmentedRaftLogWorker close()
2024-02-22 20:34:09,375 [13f92446-3b18-4d81-bc66-0f9b00220e72-PipelineCommandHandlerThread-0] INFO  server.RaftServer$Division (RaftServerImpl.java:groupRemove(496)) - 13f92446-3b18-4d81-bc66-0f9b00220e72@group-B58ED9299B6F: Succeed to remove RaftStorageDirectory Storage Directory /home/runner/work/ozone/ozone/hadoop-ozone/integration-test/target/test-dir/MiniOzoneClusterImpl-a0fc024b-a492-45a5-9697-b0d14f72cb5c/datanode-7/data/ratis/d49f5e63-9859-43c9-95b6-b58ed9299b6f
2024-02-22 20:34:09,375 [13f92446-3b18-4d81-bc66-0f9b00220e72-PipelineCommandHandlerThread-0] ERROR commandhandler.ClosePipelineCommandHandler (ClosePipelineCommandHandler.java:lambda$handle$2(137)) - Can't close pipeline PipelineID=d49f5e63-9859-43c9-95b6-b58ed9299b6f
org.apache.ratis.protocol.exceptions.GroupMismatchException: 13f92446-3b18-4d81-bc66-0f9b00220e72: group-B58ED9299B6F not found.
	at org.apache.ratis.server.impl.RaftServerProxy$ImplMap.get(RaftServerProxy.java:154)
	at org.apache.ratis.server.impl.RaftServerProxy.getImplFuture(RaftServerProxy.java:364)
	at org.apache.ratis.server.impl.RaftServerProxy.getImpl(RaftServerProxy.java:373)
	at org.apache.ratis.server.impl.RaftServerProxy.getDivision(RaftServerProxy.java:386)
	at org.apache.hadoop.ozone.container.common.transport.server.ratis.XceiverServerRatis.getRaftPeersInPipeline(XceiverServerRatis.java:951)
	at org.apache.hadoop.ozone.container.common.statemachine.commandhandler.ClosePipelineCommandHandler.lambda$handle$2(ClosePipelineCommandHandler.java:114)
	at java.util.concurrent.CompletableFuture$AsyncRun.run(CompletableFuture.java:1640)
	at java.util.concurrent.ThreadPoolExecutor.runWorker(ThreadPoolExecutor.java:1149)
	at java.util.concurrent.ThreadPoolExecutor$Worker.run(ThreadPoolExecutor.java:624)
	at java.lang.Thread.run(Thread.java:750)
2024-02-22 20:34:09,376 [13f92446-3b18-4d81-bc66-0f9b00220e72-PipelineCommandHandlerThread-0] INFO  server.RaftServer (RaftServerProxy.java:remove(111)) - 13f92446-3b18-4d81-bc66-0f9b00220e72: remove  FOLLOWER 13f92446-3b18-4d81-bc66-0f9b00220e72@group-B62AC99FA1E0:t0, leader=null, voted=, raftlog=Memoized:13f92446-3b18-4d81-bc66-0f9b00220e72@group-B62AC99FA1E0-SegmentedRaftLog:OPENED:c-1, conf=-1: peers:[]|listeners:[], old=null STARTING
2024-02-22 20:34:09,376 [13f92446-3b18-4d81-bc66-0f9b00220e72-PipelineCommandHandlerThread-0] INFO  server.RaftServer$Division (RaftServerImpl.java:lambda$close$3(526)) - 13f92446-3b18-4d81-bc66-0f9b00220e72@group-B62AC99FA1E0: shutdown
2024-02-22 20:34:09,376 [13f92446-3b18-4d81-bc66-0f9b00220e72-PipelineCommandHandlerThread-0] INFO  util.JmxRegister (JmxRegister.java:unregister(73)) - Successfully un-registered JMX Bean with object name Ratis:service=RaftServer,group=group-B62AC99FA1E0,id=13f92446-3b18-4d81-bc66-0f9b00220e72
2024-02-22 20:34:09,376 [13f92446-3b18-4d81-bc66-0f9b00220e72-PipelineCommandHandlerThread-0] INFO  impl.StateMachineUpdater (StateMachineUpdater.java:stopAndJoin(157)) - 13f92446-3b18-4d81-bc66-0f9b00220e72@group-B62AC99FA1E0-StateMachineUpdater: set stopIndex = -1
2024-02-22 20:34:09,376 [13f92446-3b18-4d81-bc66-0f9b00220e72-PipelineCommandHandlerThread-0] INFO  server.RaftServer$Division (ServerState.java:close(427)) - 13f92446-3b18-4d81-bc66-0f9b00220e72@group-B62AC99FA1E0: applyIndex: -1
2024-02-22 20:34:09,376 [13f92446-3b18-4d81-bc66-0f9b00220e72@group-B62AC99FA1E0-cacheEviction-AwaitToRun] INFO  util.AwaitToRun (AwaitToRun.java:run(49)) - 13f92446-3b18-4d81-bc66-0f9b00220e72@group-B62AC99FA1E0-cacheEviction-AwaitToRun-AwaitForSignal is interrupted
2024-02-22 20:34:09,833 [13f92446-3b18-4d81-bc66-0f9b00220e72-CloseContainerThread-0] INFO  keyvalue.KeyValueContainer (KeyValueContainer.java:flushAndSyncDB(522)) - Container 1 is synced with bcsId 0.
2024-02-22 20:34:09,833 [13f92446-3b18-4d81-bc66-0f9b00220e72-CloseContainerThread-0] INFO  keyvalue.KeyValueContainer (KeyValueContainer.java:flushAndSyncDB(522)) - Container 1 is synced with bcsId 0.
2024-02-22 20:34:09,835 [13f92446-3b18-4d81-bc66-0f9b00220e72-CloseContainerThread-0] INFO  keyvalue.KeyValueContainer (KeyValueContainer.java:close(437)) - Container 1 is closed with bcsId 0.
2024-02-22 20:34:10,375 [13f92446-3b18-4d81-bc66-0f9b00220e72-PipelineCommandHandlerThread-0] INFO  segmented.SegmentedRaftLogWorker (SegmentedRaftLogWorker.java:close(245)) - 13f92446-3b18-4d81-bc66-0f9b00220e72@group-B62AC99FA1E0-SegmentedRaftLogWorker close()
2024-02-22 20:34:10,378 [13f92446-3b18-4d81-bc66-0f9b00220e72-PipelineCommandHandlerThread-0] INFO  server.RaftServer$Division (RaftServerImpl.java:groupRemove(496)) - 13f92446-3b18-4d81-bc66-0f9b00220e72@group-B62AC99FA1E0: Succeed to remove RaftStorageDirectory Storage Directory /home/runner/work/ozone/ozone/hadoop-ozone/integration-test/target/test-dir/MiniOzoneClusterImpl-a0fc024b-a492-45a5-9697-b0d14f72cb5c/datanode-7/data/ratis/a069b16c-3c19-42f6-a3b4-b62ac99fa1e0
2024-02-22 20:34:10,378 [13f92446-3b18-4d81-bc66-0f9b00220e72-PipelineCommandHandlerThread-0] ERROR commandhandler.ClosePipelineCommandHandler (ClosePipelineCommandHandler.java:lambda$handle$2(137)) - Can't close pipeline PipelineID=a069b16c-3c19-42f6-a3b4-b62ac99fa1e0
org.apache.ratis.protocol.exceptions.GroupMismatchException: 13f92446-3b18-4d81-bc66-0f9b00220e72: group-B62AC99FA1E0 not found.
	at org.apache.ratis.server.impl.RaftServerProxy$ImplMap.get(RaftServerProxy.java:154)
	at org.apache.ratis.server.impl.RaftServerProxy.getImplFuture(RaftServerProxy.java:364)
	at org.apache.ratis.server.impl.RaftServerProxy.getImpl(RaftServerProxy.java:373)
	at org.apache.ratis.server.impl.RaftServerProxy.getDivision(RaftServerProxy.java:386)
	at org.apache.hadoop.ozone.container.common.transport.server.ratis.XceiverServerRatis.getRaftPeersInPipeline(XceiverServerRatis.java:951)
	at org.apache.hadoop.ozone.container.common.statemachine.commandhandler.ClosePipelineCommandHandler.lambda$handle$2(ClosePipelineCommandHandler.java:114)
	at java.util.concurrent.CompletableFuture$AsyncRun.run(CompletableFuture.java:1640)
	at java.util.concurrent.ThreadPoolExecutor.runWorker(ThreadPoolExecutor.java:1149)
	at java.util.concurrent.ThreadPoolExecutor$Worker.run(ThreadPoolExecutor.java:624)
	at java.lang.Thread.run(Thread.java:750)
2024-02-22 20:34:10,379 [13f92446-3b18-4d81-bc66-0f9b00220e72-PipelineCommandHandlerThread-0] INFO  server.RaftServer (RaftServerProxy.java:remove(111)) - 13f92446-3b18-4d81-bc66-0f9b00220e72: remove  FOLLOWER 13f92446-3b18-4d81-bc66-0f9b00220e72@group-F0C26C70F6EA:t0, leader=null, voted=, raftlog=Memoized:13f92446-3b18-4d81-bc66-0f9b00220e72@group-F0C26C70F6EA-SegmentedRaftLog:OPENED:c-1, conf=-1: peers:[]|listeners:[], old=null STARTING
2024-02-22 20:34:10,379 [13f92446-3b18-4d81-bc66-0f9b00220e72-PipelineCommandHandlerThread-0] INFO  server.RaftServer$Division (RaftServerImpl.java:lambda$close$3(526)) - 13f92446-3b18-4d81-bc66-0f9b00220e72@group-F0C26C70F6EA: shutdown
2024-02-22 20:34:10,379 [13f92446-3b18-4d81-bc66-0f9b00220e72-PipelineCommandHandlerThread-0] INFO  util.JmxRegister (JmxRegister.java:unregister(73)) - Successfully un-registered JMX Bean with object name Ratis:service=RaftServer,group=group-F0C26C70F6EA,id=13f92446-3b18-4d81-bc66-0f9b00220e72
2024-02-22 20:34:10,379 [13f92446-3b18-4d81-bc66-0f9b00220e72-PipelineCommandHandlerThread-0] INFO  impl.StateMachineUpdater (StateMachineUpdater.java:stopAndJoin(157)) - 13f92446-3b18-4d81-bc66-0f9b00220e72@group-F0C26C70F6EA-StateMachineUpdater: set stopIndex = -1
2024-02-22 20:34:10,379 [13f92446-3b18-4d81-bc66-0f9b00220e72-PipelineCommandHandlerThread-0] INFO  server.RaftServer$Division (ServerState.java:close(427)) - 13f92446-3b18-4d81-bc66-0f9b00220e72@group-F0C26C70F6EA: applyIndex: -1
2024-02-22 20:34:10,379 [13f92446-3b18-4d81-bc66-0f9b00220e72@group-F0C26C70F6EA-cacheEviction-AwaitToRun] INFO  util.AwaitToRun (AwaitToRun.java:run(49)) - 13f92446-3b18-4d81-bc66-0f9b00220e72@group-F0C26C70F6EA-cacheEviction-AwaitToRun-AwaitForSignal is interrupted
2024-02-22 20:34:11,374 [13f92446-3b18-4d81-bc66-0f9b00220e72-PipelineCommandHandlerThread-0] INFO  segmented.SegmentedRaftLogWorker (SegmentedRaftLogWorker.java:close(245)) - 13f92446-3b18-4d81-bc66-0f9b00220e72@group-F0C26C70F6EA-SegmentedRaftLogWorker close()
2024-02-22 20:34:11,380 [13f92446-3b18-4d81-bc66-0f9b00220e72-PipelineCommandHandlerThread-0] INFO  server.RaftServer$Division (RaftServerImpl.java:groupRemove(496)) - 13f92446-3b18-4d81-bc66-0f9b00220e72@group-F0C26C70F6EA: Succeed to remove RaftStorageDirectory Storage Directory /home/runner/work/ozone/ozone/hadoop-ozone/integration-test/target/test-dir/MiniOzoneClusterImpl-a0fc024b-a492-45a5-9697-b0d14f72cb5c/datanode-7/data/ratis/014e79b4-2d53-4af7-bdbb-f0c26c70f6ea
2024-02-22 20:34:11,380 [13f92446-3b18-4d81-bc66-0f9b00220e72-PipelineCommandHandlerThread-0] ERROR commandhandler.ClosePipelineCommandHandler (ClosePipelineCommandHandler.java:lambda$handle$2(137)) - Can't close pipeline PipelineID=014e79b4-2d53-4af7-bdbb-f0c26c70f6ea
org.apache.ratis.protocol.exceptions.GroupMismatchException: 13f92446-3b18-4d81-bc66-0f9b00220e72: group-F0C26C70F6EA not found.
	at org.apache.ratis.server.impl.RaftServerProxy$ImplMap.get(RaftServerProxy.java:154)
	at org.apache.ratis.server.impl.RaftServerProxy.getImplFuture(RaftServerProxy.java:364)
	at org.apache.ratis.server.impl.RaftServerProxy.getImpl(RaftServerProxy.java:373)
	at org.apache.ratis.server.impl.RaftServerProxy.getDivision(RaftServerProxy.java:386)
	at org.apache.hadoop.ozone.container.common.transport.server.ratis.XceiverServerRatis.getRaftPeersInPipeline(XceiverServerRatis.java:951)
	at org.apache.hadoop.ozone.container.common.statemachine.commandhandler.ClosePipelineCommandHandler.lambda$handle$2(ClosePipelineCommandHandler.java:114)
	at java.util.concurrent.CompletableFuture$AsyncRun.run(CompletableFuture.java:1640)
	at java.util.concurrent.ThreadPoolExecutor.runWorker(ThreadPoolExecutor.java:1149)
	at java.util.concurrent.ThreadPoolExecutor$Worker.run(ThreadPoolExecutor.java:624)
	at java.lang.Thread.run(Thread.java:750)
2024-02-22 20:34:11,380 [13f92446-3b18-4d81-bc66-0f9b00220e72-PipelineCommandHandlerThread-0] INFO  server.RaftServer (RaftServerProxy.java:remove(111)) - 13f92446-3b18-4d81-bc66-0f9b00220e72: remove  FOLLOWER 13f92446-3b18-4d81-bc66-0f9b00220e72@group-C6933685B048:t0, leader=null, voted=, raftlog=Memoized:13f92446-3b18-4d81-bc66-0f9b00220e72@group-C6933685B048-SegmentedRaftLog:OPENED:c-1, conf=-1: peers:[]|listeners:[], old=null STARTING
2024-02-22 20:34:11,380 [13f92446-3b18-4d81-bc66-0f9b00220e72-PipelineCommandHandlerThread-0] INFO  server.RaftServer$Division (RaftServerImpl.java:lambda$close$3(526)) - 13f92446-3b18-4d81-bc66-0f9b00220e72@group-C6933685B048: shutdown
2024-02-22 20:34:11,380 [13f92446-3b18-4d81-bc66-0f9b00220e72-PipelineCommandHandlerThread-0] INFO  util.JmxRegister (JmxRegister.java:unregister(73)) - Successfully un-registered JMX Bean with object name Ratis:service=RaftServer,group=group-C6933685B048,id=13f92446-3b18-4d81-bc66-0f9b00220e72
2024-02-22 20:34:11,380 [13f92446-3b18-4d81-bc66-0f9b00220e72-PipelineCommandHandlerThread-0] INFO  impl.StateMachineUpdater (StateMachineUpdater.java:stopAndJoin(157)) - 13f92446-3b18-4d81-bc66-0f9b00220e72@group-C6933685B048-StateMachineUpdater: set stopIndex = -1
2024-02-22 20:34:11,380 [13f92446-3b18-4d81-bc66-0f9b00220e72-PipelineCommandHandlerThread-0] INFO  server.RaftServer$Division (ServerState.java:close(427)) - 13f92446-3b18-4d81-bc66-0f9b00220e72@group-C6933685B048: applyIndex: -1
2024-02-22 20:34:11,380 [13f92446-3b18-4d81-bc66-0f9b00220e72@group-C6933685B048-cacheEviction-AwaitToRun] INFO  util.AwaitToRun (AwaitToRun.java:run(49)) - 13f92446-3b18-4d81-bc66-0f9b00220e72@group-C6933685B048-cacheEviction-AwaitToRun-AwaitForSignal is interrupted
2024-02-22 20:34:12,347 [13f92446-3b18-4d81-bc66-0f9b00220e72-PipelineCommandHandlerThread-0] INFO  segmented.SegmentedRaftLogWorker (SegmentedRaftLogWorker.java:close(245)) - 13f92446-3b18-4d81-bc66-0f9b00220e72@group-C6933685B048-SegmentedRaftLogWorker close()
2024-02-22 20:34:12,354 [13f92446-3b18-4d81-bc66-0f9b00220e72-PipelineCommandHandlerThread-0] INFO  server.RaftServer$Division (RaftServerImpl.java:groupRemove(496)) - 13f92446-3b18-4d81-bc66-0f9b00220e72@group-C6933685B048: Succeed to remove RaftStorageDirectory Storage Directory /home/runner/work/ozone/ozone/hadoop-ozone/integration-test/target/test-dir/MiniOzoneClusterImpl-a0fc024b-a492-45a5-9697-b0d14f72cb5c/datanode-7/data/ratis/724f0737-a92a-4fca-96d8-c6933685b048
2024-02-22 20:34:12,354 [13f92446-3b18-4d81-bc66-0f9b00220e72-PipelineCommandHandlerThread-0] ERROR commandhandler.ClosePipelineCommandHandler (ClosePipelineCommandHandler.java:lambda$handle$2(137)) - Can't close pipeline PipelineID=724f0737-a92a-4fca-96d8-c6933685b048
org.apache.ratis.protocol.exceptions.GroupMismatchException: 13f92446-3b18-4d81-bc66-0f9b00220e72: group-C6933685B048 not found.
	at org.apache.ratis.server.impl.RaftServerProxy$ImplMap.get(RaftServerProxy.java:154)
	at org.apache.ratis.server.impl.RaftServerProxy.getImplFuture(RaftServerProxy.java:364)
	at org.apache.ratis.server.impl.RaftServerProxy.getImpl(RaftServerProxy.java:373)
	at org.apache.ratis.server.impl.RaftServerProxy.getDivision(RaftServerProxy.java:386)
	at org.apache.hadoop.ozone.container.common.transport.server.ratis.XceiverServerRatis.getRaftPeersInPipeline(XceiverServerRatis.java:951)
	at org.apache.hadoop.ozone.container.common.statemachine.commandhandler.ClosePipelineCommandHandler.lambda$handle$2(ClosePipelineCommandHandler.java:114)
	at java.util.concurrent.CompletableFuture$AsyncRun.run(CompletableFuture.java:1640)
	at java.util.concurrent.ThreadPoolExecutor.runWorker(ThreadPoolExecutor.java:1149)
	at java.util.concurrent.ThreadPoolExecutor$Worker.run(ThreadPoolExecutor.java:624)
	at java.lang.Thread.run(Thread.java:750)
2024-02-22 20:34:12,354 [13f92446-3b18-4d81-bc66-0f9b00220e72-PipelineCommandHandlerThread-0] INFO  server.RaftServer (RaftServerProxy.java:addNew(100)) - 13f92446-3b18-4d81-bc66-0f9b00220e72: addNew group-E8E8A0364F52:[13f92446-3b18-4d81-bc66-0f9b00220e72|10.1.0.33:15077] returns group-E8E8A0364F52:java.util.concurrent.CompletableFuture@2fa35981[Not completed]
2024-02-22 20:34:12,355 [13f92446-3b18-4d81-bc66-0f9b00220e72-groupManagement] INFO  server.RaftServer$Division (RaftServerImpl.java:<init>(256)) - 13f92446-3b18-4d81-bc66-0f9b00220e72: new RaftServerImpl for group-E8E8A0364F52:[13f92446-3b18-4d81-bc66-0f9b00220e72|10.1.0.33:15077] with ContainerStateMachine:uninitialized
2024-02-22 20:34:12,355 [13f92446-3b18-4d81-bc66-0f9b00220e72-groupManagement] INFO  server.RaftServerConfigKeys (ConfUtils.java:logGet(46)) - raft.server.rpc.timeout.min = 5s (custom)
2024-02-22 20:34:12,355 [13f92446-3b18-4d81-bc66-0f9b00220e72-groupManagement] INFO  server.RaftServerConfigKeys (ConfUtils.java:logGet(46)) - raft.server.rpc.timeout.max = 5200ms (custom)
2024-02-22 20:34:12,355 [13f92446-3b18-4d81-bc66-0f9b00220e72-groupManagement] INFO  server.RaftServerConfigKeys (ConfUtils.java:logGet(46)) - raft.server.rpc.sleep.time = 25ms (default)
2024-02-22 20:34:12,355 [13f92446-3b18-4d81-bc66-0f9b00220e72-groupManagement] INFO  server.RaftServerConfigKeys (ConfUtils.java:logGet(46)) - raft.server.rpc.slowness.timeout = 300s (custom)
2024-02-22 20:34:12,355 [13f92446-3b18-4d81-bc66-0f9b00220e72-groupManagement] INFO  server.RaftServerConfigKeys (ConfUtils.java:logGet(46)) - raft.server.leaderelection.leader.step-down.wait-time = 10s (default)
2024-02-22 20:34:12,356 [13f92446-3b18-4d81-bc66-0f9b00220e72-groupManagement] INFO  server.RaftServerConfigKeys (ConfUtils.java:logGet(46)) - raft.server.leaderelection.member.majority-add = false (default)
2024-02-22 20:34:12,356 [13f92446-3b18-4d81-bc66-0f9b00220e72-groupManagement] INFO  server.RaftServerConfigKeys (ConfUtils.java:logGet(46)) - raft.server.sleep.deviation.threshold = 300ms (default)
2024-02-22 20:34:12,356 [13f92446-3b18-4d81-bc66-0f9b00220e72-groupManagement] INFO  server.RaftServer$Division (ServerState.java:<init>(113)) - 13f92446-3b18-4d81-bc66-0f9b00220e72@group-E8E8A0364F52: ConfigurationManager, init=-1: peers:[13f92446-3b18-4d81-bc66-0f9b00220e72|10.1.0.33:15077]|listeners:[], old=null, confs=<EMPTY_MAP>
2024-02-22 20:34:12,356 [13f92446-3b18-4d81-bc66-0f9b00220e72-groupManagement] INFO  server.RaftServerConfigKeys (ConfUtils.java:logGet(46)) - raft.server.notification.no-leader.timeout = 300s (custom)
2024-02-22 20:34:12,356 [13f92446-3b18-4d81-bc66-0f9b00220e72-groupManagement] INFO  server.RaftServerConfigKeys (ConfUtils.java:logGet(46)) - raft.server.read.timeout = 10s (default)
2024-02-22 20:34:12,356 [13f92446-3b18-4d81-bc66-0f9b00220e72-groupManagement] INFO  server.RaftServerConfigKeys (ConfUtils.java:logGet(46)) - raft.server.retrycache.expirytime = 600000ms (custom)
2024-02-22 20:34:12,356 [13f92446-3b18-4d81-bc66-0f9b00220e72-groupManagement] INFO  server.RaftServerConfigKeys (ConfUtils.java:logGet(46)) - raft.server.retrycache.statistics.expirytime = 100ms (default)
2024-02-22 20:34:12,356 [13f92446-3b18-4d81-bc66-0f9b00220e72-groupManagement] INFO  server.RaftServerConfigKeys (ConfUtils.java:logGet(46)) - raft.server.read.option = DEFAULT (default)
2024-02-22 20:34:12,356 [13f92446-3b18-4d81-bc66-0f9b00220e72-groupManagement] INFO  server.RaftServerConfigKeys (ConfUtils.java:logGet(46)) - raft.server.read.read-after-write-consistent.write-index-cache.expiry-time = 60s (default)
2024-02-22 20:34:12,358 [13f92446-3b18-4d81-bc66-0f9b00220e72-groupManagement] INFO  server.RaftServerConfigKeys (ConfUtils.java:logGet(46)) - raft.server.rpc.request.timeout = 60s (custom)
2024-02-22 20:34:12,358 [13f92446-3b18-4d81-bc66-0f9b00220e72-groupManagement] INFO  server.RaftServerConfigKeys (ConfUtils.java:logGet(46)) - raft.server.log.appender.install.snapshot.enabled = false (custom)
2024-02-22 20:34:12,358 [13f92446-3b18-4d81-bc66-0f9b00220e72-groupManagement] INFO  server.RaftServerConfigKeys (ConfUtils.java:logGet(46)) - raft.server.threadpool.server.cached = true (default)
2024-02-22 20:34:12,358 [13f92446-3b18-4d81-bc66-0f9b00220e72-groupManagement] INFO  server.RaftServerConfigKeys (ConfUtils.java:logGet(46)) - raft.server.threadpool.server.size = 0 (default)
2024-02-22 20:34:12,358 [13f92446-3b18-4d81-bc66-0f9b00220e72-groupManagement] INFO  server.RaftServerConfigKeys (ConfUtils.java:logGet(46)) - raft.server.threadpool.client.cached = true (default)
2024-02-22 20:34:12,358 [13f92446-3b18-4d81-bc66-0f9b00220e72-groupManagement] INFO  server.RaftServerConfigKeys (ConfUtils.java:logGet(46)) - raft.server.threadpool.client.size = 0 (default)
2024-02-22 20:34:12,358 [13f92446-3b18-4d81-bc66-0f9b00220e72-groupManagement] INFO  server.RaftServerConfigKeys (ConfUtils.java:logGet(46)) - raft.server.storage.free-space.min = 0MB (=0) (default)
2024-02-22 20:34:12,358 [13f92446-3b18-4d81-bc66-0f9b00220e72-groupManagement] INFO  server.RaftServerConfigKeys (ConfUtils.java:logGet(46)) - raft.server.log.corruption.policy = EXCEPTION (default)
2024-02-22 20:34:12,359 [13f92446-3b18-4d81-bc66-0f9b00220e72-groupManagement] INFO  server.RaftServerConfigKeys (ConfUtils.java:logGet(46)) - raft.server.storage.dir = [/home/runner/work/ozone/ozone/hadoop-ozone/integration-test/target/test-dir/MiniOzoneClusterImpl-a0fc024b-a492-45a5-9697-b0d14f72cb5c/datanode-7/data/ratis] (custom)
2024-02-22 20:34:12,359 [13f92446-3b18-4d81-bc66-0f9b00220e72-groupManagement] INFO  storage.RaftStorageDirectory (RaftStorageDirectoryImpl.java:analyzeStorage(138)) - The storage directory /home/runner/work/ozone/ozone/hadoop-ozone/integration-test/target/test-dir/MiniOzoneClusterImpl-a0fc024b-a492-45a5-9697-b0d14f72cb5c/datanode-7/data/ratis/6dc9a45d-f13a-4834-a9c0-e8e8a0364f52 does not exist. Creating ...
2024-02-22 20:34:12,360 [13f92446-3b18-4d81-bc66-0f9b00220e72-groupManagement] INFO  storage.RaftStorageDirectory (RaftStorageDirectoryImpl.java:tryLock(228)) - Lock on /home/runner/work/ozone/ozone/hadoop-ozone/integration-test/target/test-dir/MiniOzoneClusterImpl-a0fc024b-a492-45a5-9697-b0d14f72cb5c/datanode-7/data/ratis/6dc9a45d-f13a-4834-a9c0-e8e8a0364f52/in_use.lock acquired by nodename 30552@fv-az779-213
2024-02-22 20:34:12,361 [13f92446-3b18-4d81-bc66-0f9b00220e72-groupManagement] INFO  storage.RaftStorage (RaftStorageImpl.java:format(99)) - Storage directory /home/runner/work/ozone/ozone/hadoop-ozone/integration-test/target/test-dir/MiniOzoneClusterImpl-a0fc024b-a492-45a5-9697-b0d14f72cb5c/datanode-7/data/ratis/6dc9a45d-f13a-4834-a9c0-e8e8a0364f52 has been successfully formatted.
2024-02-22 20:34:12,362 [13f92446-3b18-4d81-bc66-0f9b00220e72-groupManagement] WARN  util.FileUtils (LogUtils.java:supplyAndLog(63)) - Failed to Files.newInputStream /home/runner/work/ozone/ozone/hadoop-ozone/integration-test/target/test-dir/MiniOzoneClusterImpl-a0fc024b-a492-45a5-9697-b0d14f72cb5c/datanode-7/data/ratis/6dc9a45d-f13a-4834-a9c0-e8e8a0364f52/current/raft-meta.conf with options []: java.nio.file.NoSuchFileException: /home/runner/work/ozone/ozone/hadoop-ozone/integration-test/target/test-dir/MiniOzoneClusterImpl-a0fc024b-a492-45a5-9697-b0d14f72cb5c/datanode-7/data/ratis/6dc9a45d-f13a-4834-a9c0-e8e8a0364f52/current/raft-meta.conf
2024-02-22 20:34:12,362 [13f92446-3b18-4d81-bc66-0f9b00220e72-groupManagement] INFO  ratis.ContainerStateMachine (ContainerStateMachine.java:loadSnapshot(287)) - group-E8E8A0364F52: The snapshot info is null. Setting the last applied index to:(t:0, i:~)
2024-02-22 20:34:12,362 [13f92446-3b18-4d81-bc66-0f9b00220e72-groupManagement] INFO  server.RaftServerConfigKeys (ConfUtils.java:logGet(46)) - raft.server.log.use.memory = false (default)
2024-02-22 20:34:12,362 [13f92446-3b18-4d81-bc66-0f9b00220e72-groupManagement] INFO  server.RaftServerConfigKeys (ConfUtils.java:logGet(46)) - raft.server.log.purge.gap = 1000000 (custom)
2024-02-22 20:34:12,363 [13f92446-3b18-4d81-bc66-0f9b00220e72-groupManagement] INFO  server.RaftServerConfigKeys (ConfUtils.java:logGet(46)) - raft.server.log.appender.buffer.byte-limit = 8388608 (custom)
2024-02-22 20:34:12,363 [13f92446-3b18-4d81-bc66-0f9b00220e72-groupManagement] INFO  server.RaftServerConfigKeys (ConfUtils.java:logGet(46)) - raft.server.log.statemachine.data.read.timeout = 1000ms (default)
2024-02-22 20:34:12,363 [13f92446-3b18-4d81-bc66-0f9b00220e72-groupManagement] INFO  server.RaftServerConfigKeys (ConfUtils.java:logGet(46)) - raft.server.log.purge.preservation.log.num = 0 (default)
2024-02-22 20:34:12,364 [EventQueue-PipelineReportForPipelineReportHandler] INFO  pipeline.PipelineReportHandler (PipelineReportHandler.java:processPipelineReport(136)) - Opened pipeline PipelineID=6dc9a45d-f13a-4834-a9c0-e8e8a0364f52
2024-02-22 20:34:12,364 [13f92446-3b18-4d81-bc66-0f9b00220e72-groupManagement] INFO  server.RaftServerConfigKeys (ConfUtils.java:logGet(46)) - raft.server.log.segment.size.max = 67108864 (custom)
2024-02-22 20:34:12,364 [13f92446-3b18-4d81-bc66-0f9b00220e72-groupManagement] INFO  server.RaftServerConfigKeys (ConfUtils.java:logGet(46)) - raft.server.log.segment.cache.num.max = 2 (custom)
2024-02-22 20:34:12,364 [13f92446-3b18-4d81-bc66-0f9b00220e72-groupManagement] INFO  server.RaftServerConfigKeys (ConfUtils.java:logGet(46)) - raft.server.log.segment.cache.size.max = 200MB (=209715200) (default)
2024-02-22 20:34:12,364 [13f92446-3b18-4d81-bc66-0f9b00220e72-groupManagement] INFO  server.RaftServerConfigKeys (ConfUtils.java:logGet(46)) - raft.server.log.appender.buffer.byte-limit = 8388608 (custom)
2024-02-22 20:34:12,364 [13f92446-3b18-4d81-bc66-0f9b00220e72-groupManagement] INFO  util.AwaitToRun (AwaitToRun.java:start(81)) - Thread[13f92446-3b18-4d81-bc66-0f9b00220e72@group-E8E8A0364F52-cacheEviction-AwaitToRun,5,main] started
2024-02-22 20:34:12,364 [13f92446-3b18-4d81-bc66-0f9b00220e72-groupManagement] INFO  segmented.SegmentedRaftLogWorker (SegmentedRaftLogWorker.java:<init>(182)) - new 13f92446-3b18-4d81-bc66-0f9b00220e72@group-E8E8A0364F52-SegmentedRaftLogWorker for RaftStorageImpl:Storage Directory /home/runner/work/ozone/ozone/hadoop-ozone/integration-test/target/test-dir/MiniOzoneClusterImpl-a0fc024b-a492-45a5-9697-b0d14f72cb5c/datanode-7/data/ratis/6dc9a45d-f13a-4834-a9c0-e8e8a0364f52
2024-02-22 20:34:12,364 [13f92446-3b18-4d81-bc66-0f9b00220e72-groupManagement] INFO  server.RaftServerConfigKeys (ConfUtils.java:logGet(46)) - raft.server.log.queue.byte-limit = 4294967296 (custom)
2024-02-22 20:34:12,365 [13f92446-3b18-4d81-bc66-0f9b00220e72-groupManagement] INFO  server.RaftServerConfigKeys (ConfUtils.java:logGet(46)) - raft.server.log.queue.element-limit = 1024 (custom)
2024-02-22 20:34:12,365 [13f92446-3b18-4d81-bc66-0f9b00220e72-groupManagement] INFO  server.RaftServerConfigKeys (ConfUtils.java:logGet(46)) - raft.server.log.segment.size.max = 67108864 (custom)
2024-02-22 20:34:12,365 [13f92446-3b18-4d81-bc66-0f9b00220e72-groupManagement] INFO  server.RaftServerConfigKeys (ConfUtils.java:logGet(46)) - raft.server.log.preallocated.size = 4194304 (custom)
2024-02-22 20:34:12,365 [13f92446-3b18-4d81-bc66-0f9b00220e72-groupManagement] INFO  server.RaftServerConfigKeys (ConfUtils.java:logGet(46)) - raft.server.log.force.sync.num = 128 (default)
2024-02-22 20:34:12,365 [13f92446-3b18-4d81-bc66-0f9b00220e72-groupManagement] INFO  server.RaftServerConfigKeys (ConfUtils.java:logGet(46)) - raft.server.log.statemachine.data.sync = true (default)
2024-02-22 20:34:12,365 [13f92446-3b18-4d81-bc66-0f9b00220e72-groupManagement] INFO  server.RaftServerConfigKeys (ConfUtils.java:logGet(46)) - raft.server.log.statemachine.data.sync.timeout = 10s (default)
2024-02-22 20:34:12,365 [13f92446-3b18-4d81-bc66-0f9b00220e72-groupManagement] INFO  server.RaftServerConfigKeys (ConfUtils.java:logGet(46)) - raft.server.log.statemachine.data.sync.timeout.retry = 0 (custom)
2024-02-22 20:34:12,365 [13f92446-3b18-4d81-bc66-0f9b00220e72-groupManagement] INFO  server.RaftServerConfigKeys (ConfUtils.java:logGet(46)) - raft.server.log.write.buffer.size = 8388616 (custom)
2024-02-22 20:34:12,367 [13f92446-3b18-4d81-bc66-0f9b00220e72-groupManagement] INFO  server.RaftServerConfigKeys (ConfUtils.java:logGet(46)) - raft.server.log.appender.buffer.byte-limit = 8388608 (custom)
2024-02-22 20:34:12,367 [13f92446-3b18-4d81-bc66-0f9b00220e72-groupManagement] INFO  server.RaftServerConfigKeys (ConfUtils.java:logGet(46)) - raft.server.log.unsafe-flush.enabled = false (default)
2024-02-22 20:34:12,367 [13f92446-3b18-4d81-bc66-0f9b00220e72-groupManagement] INFO  server.RaftServerConfigKeys (ConfUtils.java:logGet(46)) - raft.server.log.async-flush.enabled = false (default)
2024-02-22 20:34:12,367 [13f92446-3b18-4d81-bc66-0f9b00220e72-groupManagement] INFO  server.RaftServerConfigKeys (ConfUtils.java:logGet(46)) - raft.server.log.statemachine.data.caching.enabled = true (custom)
2024-02-22 20:34:12,367 [13f92446-3b18-4d81-bc66-0f9b00220e72-groupManagement] INFO  segmented.SegmentedRaftLogWorker (SegmentedRaftLogWorker.java:lambda$new$0(134)) - 13f92446-3b18-4d81-bc66-0f9b00220e72@group-E8E8A0364F52-SegmentedRaftLogWorker: flushIndex: setUnconditionally 0 -> -1
2024-02-22 20:34:12,368 [13f92446-3b18-4d81-bc66-0f9b00220e72-groupManagement] INFO  segmented.SegmentedRaftLogWorker (SegmentedRaftLogWorker.java:lambda$new$0(134)) - 13f92446-3b18-4d81-bc66-0f9b00220e72@group-E8E8A0364F52-SegmentedRaftLogWorker: safeCacheEvictIndex: setUnconditionally 0 -> -1
2024-02-22 20:34:12,368 [13f92446-3b18-4d81-bc66-0f9b00220e72-groupManagement] INFO  server.RaftServer$Division (RaftServerImpl.java:start(396)) - 13f92446-3b18-4d81-bc66-0f9b00220e72@group-E8E8A0364F52: start as a follower, conf=-1: peers:[13f92446-3b18-4d81-bc66-0f9b00220e72|10.1.0.33:15077]|listeners:[], old=null
2024-02-22 20:34:12,368 [13f92446-3b18-4d81-bc66-0f9b00220e72-groupManagement] INFO  server.RaftServer$Division (RaftServerImpl.java:setRole(383)) - 13f92446-3b18-4d81-bc66-0f9b00220e72@group-E8E8A0364F52: changes role from      null to FOLLOWER at term 0 for startAsFollower
2024-02-22 20:34:12,368 [13f92446-3b18-4d81-bc66-0f9b00220e72-groupManagement] INFO  impl.RoleInfo (RoleInfo.java:updateAndGet(139)) - 13f92446-3b18-4d81-bc66-0f9b00220e72: start 13f92446-3b18-4d81-bc66-0f9b00220e72@group-E8E8A0364F52-FollowerState
2024-02-22 20:34:12,368 [13f92446-3b18-4d81-bc66-0f9b00220e72-groupManagement] INFO  util.JmxRegister (JmxRegister.java:tryRegister(44)) - Successfully registered JMX Bean with object name Ratis:service=RaftServer,group=group-E8E8A0364F52,id=13f92446-3b18-4d81-bc66-0f9b00220e72
2024-02-22 20:34:12,368 [13f92446-3b18-4d81-bc66-0f9b00220e72@group-E8E8A0364F52-FollowerState] INFO  server.RaftServerConfigKeys (ConfUtils.java:logFallback(53)) - raft.server.rpc.first-election.timeout.min = 5s (fallback to raft.server.rpc.timeout.min)
2024-02-22 20:34:12,368 [13f92446-3b18-4d81-bc66-0f9b00220e72-groupManagement] INFO  server.RaftServerConfigKeys (ConfUtils.java:logGet(46)) - raft.server.snapshot.trigger-when-stop.enabled = true (default)
2024-02-22 20:34:12,368 [13f92446-3b18-4d81-bc66-0f9b00220e72@group-E8E8A0364F52-FollowerState] INFO  server.RaftServerConfigKeys (ConfUtils.java:logFallback(53)) - raft.server.rpc.first-election.timeout.max = 5200ms (fallback to raft.server.rpc.timeout.max)
2024-02-22 20:34:12,368 [13f92446-3b18-4d81-bc66-0f9b00220e72-groupManagement] INFO  server.RaftServerConfigKeys (ConfUtils.java:logGet(46)) - raft.server.snapshot.auto.trigger.enabled = true (custom)
2024-02-22 20:34:12,369 [13f92446-3b18-4d81-bc66-0f9b00220e72-groupManagement] INFO  server.RaftServerConfigKeys (ConfUtils.java:logGet(46)) - raft.server.snapshot.auto.trigger.threshold = 10000 (custom)
2024-02-22 20:34:12,369 [13f92446-3b18-4d81-bc66-0f9b00220e72-groupManagement] INFO  server.RaftServerConfigKeys (ConfUtils.java:logGet(46)) - raft.server.snapshot.retention.file.num = 5 (custom)
2024-02-22 20:34:12,369 [13f92446-3b18-4d81-bc66-0f9b00220e72-groupManagement] INFO  server.RaftServerConfigKeys (ConfUtils.java:logGet(46)) - raft.server.log.purge.upto.snapshot.index = false (default)
2024-02-22 20:34:12,369 [13f92446-3b18-4d81-bc66-0f9b00220e72-PipelineCommandHandlerThread-0] INFO  ratis.XceiverServerRatis (XceiverServerRatis.java:addGroup(864)) - Created group PipelineID=6dc9a45d-f13a-4834-a9c0-e8e8a0364f52
2024-02-22 20:34:12,369 [13f92446-3b18-4d81-bc66-0f9b00220e72-PipelineCommandHandlerThread-0] INFO  commandhandler.CreatePipelineCommandHandler (CreatePipelineCommandHandler.java:lambda$handle$2(124)) - Created Pipeline RATIS ONE PipelineID=6dc9a45d-f13a-4834-a9c0-e8e8a0364f52.
2024-02-22 20:34:13,839 [78f89d9b-e409-4704-890b-bfcfbcdfd28a@group-5C1807567017-FollowerState] INFO  impl.FollowerState (FollowerState.java:run(143)) - 78f89d9b-e409-4704-890b-bfcfbcdfd28a@group-5C1807567017-FollowerState: change to CANDIDATE, lastRpcElapsedTime:5039641207ns, electionTimeout:5039ms
2024-02-22 20:34:13,839 [78f89d9b-e409-4704-890b-bfcfbcdfd28a@group-5C1807567017-FollowerState] INFO  impl.RoleInfo (RoleInfo.java:shutdownFollowerState(110)) - 78f89d9b-e409-4704-890b-bfcfbcdfd28a: shutdown 78f89d9b-e409-4704-890b-bfcfbcdfd28a@group-5C1807567017-FollowerState
2024-02-22 20:34:13,840 [78f89d9b-e409-4704-890b-bfcfbcdfd28a@group-5C1807567017-FollowerState] INFO  server.RaftServer$Division (RaftServerImpl.java:setRole(383)) - 78f89d9b-e409-4704-890b-bfcfbcdfd28a@group-5C1807567017: changes role from  FOLLOWER to CANDIDATE at term 0 for changeToCandidate
2024-02-22 20:34:13,840 [78f89d9b-e409-4704-890b-bfcfbcdfd28a@group-5C1807567017-FollowerState] INFO  server.RaftServerConfigKeys (ConfUtils.java:logGet(46)) - raft.server.leaderelection.pre-vote = true (default)
2024-02-22 20:34:13,840 [78f89d9b-e409-4704-890b-bfcfbcdfd28a@group-5C1807567017-FollowerState] INFO  impl.RoleInfo (RoleInfo.java:updateAndGet(139)) - 78f89d9b-e409-4704-890b-bfcfbcdfd28a: start 78f89d9b-e409-4704-890b-bfcfbcdfd28a@group-5C1807567017-LeaderElection56
2024-02-22 20:34:13,842 [78f89d9b-e409-4704-890b-bfcfbcdfd28a@group-5C1807567017-LeaderElection56] INFO  impl.LeaderElection (LeaderElection.java:askForVotes(321)) - 78f89d9b-e409-4704-890b-bfcfbcdfd28a@group-5C1807567017-LeaderElection56 PRE_VOTE round 0: submit vote requests at term 0 for -1: peers:[86ab988c-fa9c-425d-a1c6-9004ff7fd93d|10.1.0.33:15059, 78f89d9b-e409-4704-890b-bfcfbcdfd28a|10.1.0.33:15086, e780b093-7242-46d7-bd8f-0f810188c7b3|10.1.0.33:15095]|listeners:[], old=null
2024-02-22 20:34:13,842 [78f89d9b-e409-4704-890b-bfcfbcdfd28a@group-5C1807567017-LeaderElection56] INFO  server.RaftServerConfigKeys (ConfUtils.java:logFallback(53)) - raft.server.rpc.first-election.timeout.min = 5s (fallback to raft.server.rpc.timeout.min)
2024-02-22 20:34:13,842 [78f89d9b-e409-4704-890b-bfcfbcdfd28a@group-5C1807567017-LeaderElection56] INFO  server.RaftServerConfigKeys (ConfUtils.java:logFallback(53)) - raft.server.rpc.first-election.timeout.max = 5200ms (fallback to raft.server.rpc.timeout.max)
2024-02-22 20:34:13,842 [78f89d9b-e409-4704-890b-bfcfbcdfd28a@group-5C1807567017-LeaderElection56-1] INFO  server.GrpcServerProtocolClient (GrpcServerProtocolClient.java:<init>(65)) - Build channel for 86ab988c-fa9c-425d-a1c6-9004ff7fd93d|10.1.0.33:15059
2024-02-22 20:34:13,844 [grpc-default-executor-13] INFO  server.RaftServer$Division (RaftServerImpl.java:requestVote(1389)) - e780b093-7242-46d7-bd8f-0f810188c7b3@group-5C1807567017: receive requestVote(PRE_VOTE, 78f89d9b-e409-4704-890b-bfcfbcdfd28a, group-5C1807567017, 0, (t:0, i:0))
2024-02-22 20:34:13,844 [grpc-default-executor-13] INFO  impl.VoteContext (VoteContext.java:log(49)) - e780b093-7242-46d7-bd8f-0f810188c7b3@group-5C1807567017-FOLLOWER: reject PRE_VOTE from 78f89d9b-e409-4704-890b-bfcfbcdfd28a: our priority 1 > candidate's priority 0
2024-02-22 20:34:13,844 [grpc-default-executor-13] INFO  server.RaftServer$Division (RaftServerImpl.java:requestVote(1422)) - e780b093-7242-46d7-bd8f-0f810188c7b3@group-5C1807567017 replies to PRE_VOTE vote request: 78f89d9b-e409-4704-890b-bfcfbcdfd28a<-e780b093-7242-46d7-bd8f-0f810188c7b3#0:FAIL-t0. Peer's state: e780b093-7242-46d7-bd8f-0f810188c7b3@group-5C1807567017:t0, leader=null, voted=, raftlog=Memoized:e780b093-7242-46d7-bd8f-0f810188c7b3@group-5C1807567017-SegmentedRaftLog:OPENED:c-1, conf=-1: peers:[86ab988c-fa9c-425d-a1c6-9004ff7fd93d|10.1.0.33:15059, 78f89d9b-e409-4704-890b-bfcfbcdfd28a|10.1.0.33:15086, e780b093-7242-46d7-bd8f-0f810188c7b3|10.1.0.33:15095]|listeners:[], old=null
2024-02-22 20:34:13,844 [78f89d9b-e409-4704-890b-bfcfbcdfd28a@group-5C1807567017-LeaderElection56] INFO  impl.LeaderElection (LeaderElection.java:logAndReturn(89)) - 78f89d9b-e409-4704-890b-bfcfbcdfd28a@group-5C1807567017-LeaderElection56: PRE_VOTE REJECTED received 1 response(s) and 0 exception(s):
2024-02-22 20:34:13,845 [78f89d9b-e409-4704-890b-bfcfbcdfd28a@group-5C1807567017-LeaderElection56] INFO  impl.LeaderElection (LeaderElection.java:logAndReturn(93)) -   Response 0: 78f89d9b-e409-4704-890b-bfcfbcdfd28a<-e780b093-7242-46d7-bd8f-0f810188c7b3#0:FAIL-t0
2024-02-22 20:34:13,845 [78f89d9b-e409-4704-890b-bfcfbcdfd28a@group-5C1807567017-LeaderElection56] INFO  impl.LeaderElection (LeaderElection.java:askForVotes(323)) - 78f89d9b-e409-4704-890b-bfcfbcdfd28a@group-5C1807567017-LeaderElection56 PRE_VOTE round 0: result REJECTED
2024-02-22 20:34:13,845 [78f89d9b-e409-4704-890b-bfcfbcdfd28a@group-5C1807567017-LeaderElection56] INFO  server.RaftServer$Division (RaftServerImpl.java:setRole(383)) - 78f89d9b-e409-4704-890b-bfcfbcdfd28a@group-5C1807567017: changes role from CANDIDATE to FOLLOWER at term 0 for REJECTED
2024-02-22 20:34:13,845 [78f89d9b-e409-4704-890b-bfcfbcdfd28a@group-5C1807567017-LeaderElection56] INFO  impl.RoleInfo (RoleInfo.java:shutdownLeaderElection(130)) - 78f89d9b-e409-4704-890b-bfcfbcdfd28a: shutdown 78f89d9b-e409-4704-890b-bfcfbcdfd28a@group-5C1807567017-LeaderElection56
2024-02-22 20:34:13,847 [78f89d9b-e409-4704-890b-bfcfbcdfd28a@group-5C1807567017-LeaderElection56] INFO  impl.RoleInfo (RoleInfo.java:updateAndGet(139)) - 78f89d9b-e409-4704-890b-bfcfbcdfd28a: start 78f89d9b-e409-4704-890b-bfcfbcdfd28a@group-5C1807567017-FollowerState
2024-02-22 20:34:13,847 [grpc-default-executor-13] INFO  server.RaftServer$Division (RaftServerImpl.java:requestVote(1389)) - 86ab988c-fa9c-425d-a1c6-9004ff7fd93d@group-5C1807567017: receive requestVote(PRE_VOTE, 78f89d9b-e409-4704-890b-bfcfbcdfd28a, group-5C1807567017, 0, (t:0, i:0))
2024-02-22 20:34:13,847 [78f89d9b-e409-4704-890b-bfcfbcdfd28a@group-5C1807567017-LeaderElection56] INFO  server.RaftServer$Division (RaftServerImpl.java:setFirstElection(574)) - 78f89d9b-e409-4704-890b-bfcfbcdfd28a@group-5C1807567017: set firstElectionSinceStartup to false for REJECTED
2024-02-22 20:34:13,847 [grpc-default-executor-13] INFO  impl.VoteContext (VoteContext.java:log(49)) - 86ab988c-fa9c-425d-a1c6-9004ff7fd93d@group-5C1807567017-FOLLOWER: accept PRE_VOTE from 78f89d9b-e409-4704-890b-bfcfbcdfd28a: our priority 0 <= candidate's priority 0
2024-02-22 20:34:13,847 [grpc-default-executor-13] INFO  server.RaftServer$Division (RaftServerImpl.java:requestVote(1422)) - 86ab988c-fa9c-425d-a1c6-9004ff7fd93d@group-5C1807567017 replies to PRE_VOTE vote request: 78f89d9b-e409-4704-890b-bfcfbcdfd28a<-86ab988c-fa9c-425d-a1c6-9004ff7fd93d#0:OK-t0. Peer's state: 86ab988c-fa9c-425d-a1c6-9004ff7fd93d@group-5C1807567017:t0, leader=null, voted=, raftlog=Memoized:86ab988c-fa9c-425d-a1c6-9004ff7fd93d@group-5C1807567017-SegmentedRaftLog:OPENED:c-1, conf=-1: peers:[86ab988c-fa9c-425d-a1c6-9004ff7fd93d|10.1.0.33:15059, 78f89d9b-e409-4704-890b-bfcfbcdfd28a|10.1.0.33:15086, e780b093-7242-46d7-bd8f-0f810188c7b3|10.1.0.33:15095]|listeners:[], old=null
2024-02-22 20:34:13,859 [86ab988c-fa9c-425d-a1c6-9004ff7fd93d@group-5C1807567017-FollowerState] INFO  server.RaftServerConfigKeys (ConfUtils.java:logFallback(53)) - raft.server.rpc.first-election.timeout.min = 5s (fallback to raft.server.rpc.timeout.min)
2024-02-22 20:34:13,859 [86ab988c-fa9c-425d-a1c6-9004ff7fd93d@group-5C1807567017-FollowerState] INFO  server.RaftServerConfigKeys (ConfUtils.java:logFallback(53)) - raft.server.rpc.first-election.timeout.max = 5200ms (fallback to raft.server.rpc.timeout.max)
2024-02-22 20:34:13,922 [e780b093-7242-46d7-bd8f-0f810188c7b3@group-5C1807567017-FollowerState] INFO  impl.FollowerState (FollowerState.java:run(143)) - e780b093-7242-46d7-bd8f-0f810188c7b3@group-5C1807567017-FollowerState: change to CANDIDATE, lastRpcElapsedTime:5096517061ns, electionTimeout:5096ms
2024-02-22 20:34:13,922 [e780b093-7242-46d7-bd8f-0f810188c7b3@group-5C1807567017-FollowerState] INFO  impl.RoleInfo (RoleInfo.java:shutdownFollowerState(110)) - e780b093-7242-46d7-bd8f-0f810188c7b3: shutdown e780b093-7242-46d7-bd8f-0f810188c7b3@group-5C1807567017-FollowerState
2024-02-22 20:34:13,923 [e780b093-7242-46d7-bd8f-0f810188c7b3@group-5C1807567017-FollowerState] INFO  server.RaftServer$Division (RaftServerImpl.java:setRole(383)) - e780b093-7242-46d7-bd8f-0f810188c7b3@group-5C1807567017: changes role from  FOLLOWER to CANDIDATE at term 0 for changeToCandidate
2024-02-22 20:34:13,923 [e780b093-7242-46d7-bd8f-0f810188c7b3@group-5C1807567017-FollowerState] INFO  server.RaftServerConfigKeys (ConfUtils.java:logGet(46)) - raft.server.leaderelection.pre-vote = true (default)
2024-02-22 20:34:13,923 [e780b093-7242-46d7-bd8f-0f810188c7b3@group-5C1807567017-FollowerState] INFO  impl.RoleInfo (RoleInfo.java:updateAndGet(139)) - e780b093-7242-46d7-bd8f-0f810188c7b3: start e780b093-7242-46d7-bd8f-0f810188c7b3@group-5C1807567017-LeaderElection57
2024-02-22 20:34:13,925 [e780b093-7242-46d7-bd8f-0f810188c7b3@group-5C1807567017-LeaderElection57] INFO  impl.LeaderElection (LeaderElection.java:askForVotes(321)) - e780b093-7242-46d7-bd8f-0f810188c7b3@group-5C1807567017-LeaderElection57 PRE_VOTE round 0: submit vote requests at term 0 for -1: peers:[86ab988c-fa9c-425d-a1c6-9004ff7fd93d|10.1.0.33:15059, 78f89d9b-e409-4704-890b-bfcfbcdfd28a|10.1.0.33:15086, e780b093-7242-46d7-bd8f-0f810188c7b3|10.1.0.33:15095]|listeners:[], old=null
2024-02-22 20:34:13,925 [e780b093-7242-46d7-bd8f-0f810188c7b3@group-5C1807567017-LeaderElection57] INFO  server.RaftServerConfigKeys (ConfUtils.java:logFallback(53)) - raft.server.rpc.first-election.timeout.min = 5s (fallback to raft.server.rpc.timeout.min)
2024-02-22 20:34:13,925 [e780b093-7242-46d7-bd8f-0f810188c7b3@group-5C1807567017-LeaderElection57] INFO  server.RaftServerConfigKeys (ConfUtils.java:logFallback(53)) - raft.server.rpc.first-election.timeout.max = 5200ms (fallback to raft.server.rpc.timeout.max)
2024-02-22 20:34:13,926 [grpc-default-executor-13] INFO  server.RaftServer$Division (RaftServerImpl.java:requestVote(1389)) - 78f89d9b-e409-4704-890b-bfcfbcdfd28a@group-5C1807567017: receive requestVote(PRE_VOTE, e780b093-7242-46d7-bd8f-0f810188c7b3, group-5C1807567017, 0, (t:0, i:0))
2024-02-22 20:34:13,926 [grpc-default-executor-4] INFO  server.RaftServer$Division (RaftServerImpl.java:requestVote(1389)) - 86ab988c-fa9c-425d-a1c6-9004ff7fd93d@group-5C1807567017: receive requestVote(PRE_VOTE, e780b093-7242-46d7-bd8f-0f810188c7b3, group-5C1807567017, 0, (t:0, i:0))
2024-02-22 20:34:13,926 [grpc-default-executor-13] INFO  impl.VoteContext (VoteContext.java:log(49)) - 78f89d9b-e409-4704-890b-bfcfbcdfd28a@group-5C1807567017-FOLLOWER: accept PRE_VOTE from e780b093-7242-46d7-bd8f-0f810188c7b3: our priority 0 <= candidate's priority 1
2024-02-22 20:34:13,926 [grpc-default-executor-4] INFO  impl.VoteContext (VoteContext.java:log(49)) - 86ab988c-fa9c-425d-a1c6-9004ff7fd93d@group-5C1807567017-FOLLOWER: accept PRE_VOTE from e780b093-7242-46d7-bd8f-0f810188c7b3: our priority 0 <= candidate's priority 1
2024-02-22 20:34:13,926 [grpc-default-executor-13] INFO  server.RaftServer$Division (RaftServerImpl.java:requestVote(1422)) - 78f89d9b-e409-4704-890b-bfcfbcdfd28a@group-5C1807567017 replies to PRE_VOTE vote request: e780b093-7242-46d7-bd8f-0f810188c7b3<-78f89d9b-e409-4704-890b-bfcfbcdfd28a#0:OK-t0. Peer's state: 78f89d9b-e409-4704-890b-bfcfbcdfd28a@group-5C1807567017:t0, leader=null, voted=, raftlog=Memoized:78f89d9b-e409-4704-890b-bfcfbcdfd28a@group-5C1807567017-SegmentedRaftLog:OPENED:c-1, conf=-1: peers:[86ab988c-fa9c-425d-a1c6-9004ff7fd93d|10.1.0.33:15059, 78f89d9b-e409-4704-890b-bfcfbcdfd28a|10.1.0.33:15086, e780b093-7242-46d7-bd8f-0f810188c7b3|10.1.0.33:15095]|listeners:[], old=null
2024-02-22 20:34:13,926 [grpc-default-executor-4] INFO  server.RaftServer$Division (RaftServerImpl.java:requestVote(1422)) - 86ab988c-fa9c-425d-a1c6-9004ff7fd93d@group-5C1807567017 replies to PRE_VOTE vote request: e780b093-7242-46d7-bd8f-0f810188c7b3<-86ab988c-fa9c-425d-a1c6-9004ff7fd93d#0:OK-t0. Peer's state: 86ab988c-fa9c-425d-a1c6-9004ff7fd93d@group-5C1807567017:t0, leader=null, voted=, raftlog=Memoized:86ab988c-fa9c-425d-a1c6-9004ff7fd93d@group-5C1807567017-SegmentedRaftLog:OPENED:c-1, conf=-1: peers:[86ab988c-fa9c-425d-a1c6-9004ff7fd93d|10.1.0.33:15059, 78f89d9b-e409-4704-890b-bfcfbcdfd28a|10.1.0.33:15086, e780b093-7242-46d7-bd8f-0f810188c7b3|10.1.0.33:15095]|listeners:[], old=null
2024-02-22 20:34:13,927 [e780b093-7242-46d7-bd8f-0f810188c7b3@group-5C1807567017-LeaderElection57] INFO  impl.LeaderElection (LeaderElection.java:logAndReturn(89)) - e780b093-7242-46d7-bd8f-0f810188c7b3@group-5C1807567017-LeaderElection57: PRE_VOTE PASSED received 1 response(s) and 0 exception(s):
2024-02-22 20:34:13,927 [e780b093-7242-46d7-bd8f-0f810188c7b3@group-5C1807567017-LeaderElection57] INFO  impl.LeaderElection (LeaderElection.java:logAndReturn(93)) -   Response 0: e780b093-7242-46d7-bd8f-0f810188c7b3<-78f89d9b-e409-4704-890b-bfcfbcdfd28a#0:OK-t0
2024-02-22 20:34:13,927 [e780b093-7242-46d7-bd8f-0f810188c7b3@group-5C1807567017-LeaderElection57] INFO  impl.LeaderElection (LeaderElection.java:askForVotes(323)) - e780b093-7242-46d7-bd8f-0f810188c7b3@group-5C1807567017-LeaderElection57 PRE_VOTE round 0: result PASSED
2024-02-22 20:34:13,929 [e780b093-7242-46d7-bd8f-0f810188c7b3@group-5C1807567017-LeaderElection57] INFO  impl.LeaderElection (LeaderElection.java:askForVotes(321)) - e780b093-7242-46d7-bd8f-0f810188c7b3@group-5C1807567017-LeaderElection57 ELECTION round 0: submit vote requests at term 1 for -1: peers:[86ab988c-fa9c-425d-a1c6-9004ff7fd93d|10.1.0.33:15059, 78f89d9b-e409-4704-890b-bfcfbcdfd28a|10.1.0.33:15086, e780b093-7242-46d7-bd8f-0f810188c7b3|10.1.0.33:15095]|listeners:[], old=null
2024-02-22 20:34:13,929 [e780b093-7242-46d7-bd8f-0f810188c7b3@group-5C1807567017-LeaderElection57] INFO  server.RaftServerConfigKeys (ConfUtils.java:logFallback(53)) - raft.server.rpc.first-election.timeout.min = 5s (fallback to raft.server.rpc.timeout.min)
2024-02-22 20:34:13,929 [e780b093-7242-46d7-bd8f-0f810188c7b3@group-5C1807567017-LeaderElection57] INFO  server.RaftServerConfigKeys (ConfUtils.java:logFallback(53)) - raft.server.rpc.first-election.timeout.max = 5200ms (fallback to raft.server.rpc.timeout.max)
2024-02-22 20:34:13,930 [grpc-default-executor-13] INFO  server.RaftServer$Division (RaftServerImpl.java:requestVote(1389)) - 86ab988c-fa9c-425d-a1c6-9004ff7fd93d@group-5C1807567017: receive requestVote(ELECTION, e780b093-7242-46d7-bd8f-0f810188c7b3, group-5C1807567017, 1, (t:0, i:0))
2024-02-22 20:34:13,930 [grpc-default-executor-13] INFO  impl.VoteContext (VoteContext.java:log(49)) - 86ab988c-fa9c-425d-a1c6-9004ff7fd93d@group-5C1807567017-FOLLOWER: accept ELECTION from e780b093-7242-46d7-bd8f-0f810188c7b3: our priority 0 <= candidate's priority 1
2024-02-22 20:34:13,930 [grpc-default-executor-13] INFO  server.RaftServer$Division (RaftServerImpl.java:setRole(383)) - 86ab988c-fa9c-425d-a1c6-9004ff7fd93d@group-5C1807567017: changes role from  FOLLOWER to FOLLOWER at term 1 for candidate:e780b093-7242-46d7-bd8f-0f810188c7b3
2024-02-22 20:34:13,930 [grpc-default-executor-13] INFO  impl.RoleInfo (RoleInfo.java:shutdownFollowerState(110)) - 86ab988c-fa9c-425d-a1c6-9004ff7fd93d: shutdown 86ab988c-fa9c-425d-a1c6-9004ff7fd93d@group-5C1807567017-FollowerState
2024-02-22 20:34:13,930 [grpc-default-executor-13] INFO  impl.RoleInfo (RoleInfo.java:updateAndGet(139)) - 86ab988c-fa9c-425d-a1c6-9004ff7fd93d: start 86ab988c-fa9c-425d-a1c6-9004ff7fd93d@group-5C1807567017-FollowerState
2024-02-22 20:34:13,930 [86ab988c-fa9c-425d-a1c6-9004ff7fd93d@group-5C1807567017-FollowerState] INFO  impl.FollowerState (FollowerState.java:run(152)) - 86ab988c-fa9c-425d-a1c6-9004ff7fd93d@group-5C1807567017-FollowerState was interrupted
2024-02-22 20:34:13,932 [grpc-default-executor-13] INFO  server.RaftServer$Division (RaftServerImpl.java:setFirstElection(574)) - 86ab988c-fa9c-425d-a1c6-9004ff7fd93d@group-5C1807567017: set firstElectionSinceStartup to false for candidate:e780b093-7242-46d7-bd8f-0f810188c7b3
2024-02-22 20:34:13,936 [grpc-default-executor-4] INFO  server.RaftServer$Division (RaftServerImpl.java:requestVote(1389)) - 78f89d9b-e409-4704-890b-bfcfbcdfd28a@group-5C1807567017: receive requestVote(ELECTION, e780b093-7242-46d7-bd8f-0f810188c7b3, group-5C1807567017, 1, (t:0, i:0))
2024-02-22 20:34:13,936 [grpc-default-executor-4] INFO  impl.VoteContext (VoteContext.java:log(49)) - 78f89d9b-e409-4704-890b-bfcfbcdfd28a@group-5C1807567017-FOLLOWER: accept ELECTION from e780b093-7242-46d7-bd8f-0f810188c7b3: our priority 0 <= candidate's priority 1
2024-02-22 20:34:13,936 [grpc-default-executor-4] INFO  server.RaftServer$Division (RaftServerImpl.java:setRole(383)) - 78f89d9b-e409-4704-890b-bfcfbcdfd28a@group-5C1807567017: changes role from  FOLLOWER to FOLLOWER at term 1 for candidate:e780b093-7242-46d7-bd8f-0f810188c7b3
2024-02-22 20:34:13,936 [grpc-default-executor-4] INFO  impl.RoleInfo (RoleInfo.java:shutdownFollowerState(110)) - 78f89d9b-e409-4704-890b-bfcfbcdfd28a: shutdown 78f89d9b-e409-4704-890b-bfcfbcdfd28a@group-5C1807567017-FollowerState
2024-02-22 20:34:13,936 [grpc-default-executor-4] INFO  impl.RoleInfo (RoleInfo.java:updateAndGet(139)) - 78f89d9b-e409-4704-890b-bfcfbcdfd28a: start 78f89d9b-e409-4704-890b-bfcfbcdfd28a@group-5C1807567017-FollowerState
2024-02-22 20:34:13,937 [grpc-default-executor-13] INFO  server.RaftServer$Division (RaftServerImpl.java:requestVote(1422)) - 86ab988c-fa9c-425d-a1c6-9004ff7fd93d@group-5C1807567017 replies to ELECTION vote request: e780b093-7242-46d7-bd8f-0f810188c7b3<-86ab988c-fa9c-425d-a1c6-9004ff7fd93d#0:OK-t1. Peer's state: 86ab988c-fa9c-425d-a1c6-9004ff7fd93d@group-5C1807567017:t1, leader=null, voted=e780b093-7242-46d7-bd8f-0f810188c7b3, raftlog=Memoized:86ab988c-fa9c-425d-a1c6-9004ff7fd93d@group-5C1807567017-SegmentedRaftLog:OPENED:c-1, conf=-1: peers:[86ab988c-fa9c-425d-a1c6-9004ff7fd93d|10.1.0.33:15059, 78f89d9b-e409-4704-890b-bfcfbcdfd28a|10.1.0.33:15086, e780b093-7242-46d7-bd8f-0f810188c7b3|10.1.0.33:15095]|listeners:[], old=null
2024-02-22 20:34:13,937 [78f89d9b-e409-4704-890b-bfcfbcdfd28a@group-5C1807567017-FollowerState] INFO  impl.FollowerState (FollowerState.java:run(152)) - 78f89d9b-e409-4704-890b-bfcfbcdfd28a@group-5C1807567017-FollowerState was interrupted
2024-02-22 20:34:13,939 [e780b093-7242-46d7-bd8f-0f810188c7b3@group-5C1807567017-LeaderElection57] INFO  impl.LeaderElection (LeaderElection.java:logAndReturn(89)) - e780b093-7242-46d7-bd8f-0f810188c7b3@group-5C1807567017-LeaderElection57: ELECTION PASSED received 1 response(s) and 0 exception(s):
2024-02-22 20:34:13,939 [e780b093-7242-46d7-bd8f-0f810188c7b3@group-5C1807567017-LeaderElection57] INFO  impl.LeaderElection (LeaderElection.java:logAndReturn(93)) -   Response 0: e780b093-7242-46d7-bd8f-0f810188c7b3<-86ab988c-fa9c-425d-a1c6-9004ff7fd93d#0:OK-t1
2024-02-22 20:34:13,939 [e780b093-7242-46d7-bd8f-0f810188c7b3@group-5C1807567017-LeaderElection57] INFO  impl.LeaderElection (LeaderElection.java:askForVotes(323)) - e780b093-7242-46d7-bd8f-0f810188c7b3@group-5C1807567017-LeaderElection57 ELECTION round 0: result PASSED
2024-02-22 20:34:13,939 [e780b093-7242-46d7-bd8f-0f810188c7b3@group-5C1807567017-LeaderElection57] INFO  impl.RoleInfo (RoleInfo.java:shutdownLeaderElection(130)) - e780b093-7242-46d7-bd8f-0f810188c7b3: shutdown e780b093-7242-46d7-bd8f-0f810188c7b3@group-5C1807567017-LeaderElection57
2024-02-22 20:34:13,940 [e780b093-7242-46d7-bd8f-0f810188c7b3@group-5C1807567017-LeaderElection57] INFO  server.RaftServer$Division (RaftServerImpl.java:setRole(383)) - e780b093-7242-46d7-bd8f-0f810188c7b3@group-5C1807567017: changes role from CANDIDATE to LEADER at term 1 for changeToLeader
2024-02-22 20:34:13,940 [e780b093-7242-46d7-bd8f-0f810188c7b3@group-5C1807567017-LeaderElection57] INFO  server.RaftServerConfigKeys (ConfUtils.java:logGet(46)) - raft.server.staging.catchup.gap = 1000 (default)
2024-02-22 20:34:13,940 [e780b093-7242-46d7-bd8f-0f810188c7b3@group-5C1807567017-LeaderElection57] INFO  server.RaftServerConfigKeys (ConfUtils.java:logGet(46)) - raft.server.write.element-limit = 1024 (custom)
2024-02-22 20:34:13,940 [e780b093-7242-46d7-bd8f-0f810188c7b3@group-5C1807567017-LeaderElection57] INFO  server.RaftServerConfigKeys (ConfUtils.java:logGet(46)) - raft.server.write.byte-limit = 1024 M (=1073741824) (custom)
2024-02-22 20:34:13,940 [e780b093-7242-46d7-bd8f-0f810188c7b3@group-5C1807567017-LeaderElection57] INFO  server.RaftServerConfigKeys (ConfUtils.java:logGet(46)) - raft.server.watch.timeout = 180s (custom)
2024-02-22 20:34:13,940 [e780b093-7242-46d7-bd8f-0f810188c7b3@group-5C1807567017-LeaderElection57] INFO  server.RaftServerConfigKeys (ConfUtils.java:logGet(46)) - raft.server.watch.timeout.denomination = 1s (default)
2024-02-22 20:34:13,940 [e780b093-7242-46d7-bd8f-0f810188c7b3@group-5C1807567017-LeaderElection57] INFO  server.RaftServerConfigKeys (ConfUtils.java:logGet(46)) - raft.server.watch.element-limit = 65536 (default)
2024-02-22 20:34:13,940 [grpc-default-executor-4] INFO  server.RaftServer$Division (RaftServerImpl.java:requestVote(1422)) - 78f89d9b-e409-4704-890b-bfcfbcdfd28a@group-5C1807567017 replies to ELECTION vote request: e780b093-7242-46d7-bd8f-0f810188c7b3<-78f89d9b-e409-4704-890b-bfcfbcdfd28a#0:OK-t1. Peer's state: 78f89d9b-e409-4704-890b-bfcfbcdfd28a@group-5C1807567017:t1, leader=null, voted=e780b093-7242-46d7-bd8f-0f810188c7b3, raftlog=Memoized:78f89d9b-e409-4704-890b-bfcfbcdfd28a@group-5C1807567017-SegmentedRaftLog:OPENED:c-1, conf=-1: peers:[86ab988c-fa9c-425d-a1c6-9004ff7fd93d|10.1.0.33:15059, 78f89d9b-e409-4704-890b-bfcfbcdfd28a|10.1.0.33:15086, e780b093-7242-46d7-bd8f-0f810188c7b3|10.1.0.33:15095]|listeners:[], old=null
2024-02-22 20:34:13,940 [e780b093-7242-46d7-bd8f-0f810188c7b3@group-5C1807567017-LeaderElection57] INFO  server.RaftServerConfigKeys (ConfUtils.java:logGet(46)) - raft.server.read.leader.lease.enabled = false (default)
2024-02-22 20:34:13,941 [e780b093-7242-46d7-bd8f-0f810188c7b3@group-5C1807567017-LeaderElection57] INFO  server.RaftServerConfigKeys (ConfUtils.java:logGet(46)) - raft.server.read.leader.lease.timeout.ratio = 0.9 (default)
2024-02-22 20:34:13,941 [e780b093-7242-46d7-bd8f-0f810188c7b3@group-5C1807567017-LeaderElection57] INFO  server.RaftServerConfigKeys (ConfUtils.java:logGet(46)) - raft.server.rpc.timeout.min = 5s (custom)
2024-02-22 20:34:13,941 [e780b093-7242-46d7-bd8f-0f810188c7b3@group-5C1807567017-LeaderElection57] INFO  server.RaftServerConfigKeys (ConfUtils.java:logGet(46)) - raft.server.write.element-limit = 1024 (custom)
2024-02-22 20:34:13,941 [e780b093-7242-46d7-bd8f-0f810188c7b3@group-5C1807567017-LeaderElection57] INFO  server.RaftServerConfigKeys (ConfUtils.java:logGet(46)) - raft.server.write.follower.gap.ratio.max = -1.0 (default)
2024-02-22 20:34:13,941 [e780b093-7242-46d7-bd8f-0f810188c7b3@group-5C1807567017-LeaderElection57] INFO  server.RaftServerConfigKeys (ConfUtils.java:logGet(46)) - raft.server.log.appender.snapshot.chunk.size.max = 16MB (=16777216) (default)
2024-02-22 20:34:13,942 [e780b093-7242-46d7-bd8f-0f810188c7b3@group-5C1807567017-LeaderElection57] INFO  server.RaftServerConfigKeys (ConfUtils.java:logGet(46)) - raft.server.log.appender.buffer.byte-limit = 8388608 (custom)
2024-02-22 20:34:13,942 [e780b093-7242-46d7-bd8f-0f810188c7b3@group-5C1807567017-LeaderElection57] INFO  server.RaftServerConfigKeys (ConfUtils.java:logGet(46)) - raft.server.log.appender.buffer.element-limit = 1 (custom)
2024-02-22 20:34:13,942 [e780b093-7242-46d7-bd8f-0f810188c7b3@group-5C1807567017-LeaderElection57] INFO  server.RaftServerConfigKeys (ConfUtils.java:logGet(46)) - raft.server.log.appender.wait-time.min = 0μs (custom)
2024-02-22 20:34:13,942 [e780b093-7242-46d7-bd8f-0f810188c7b3@group-5C1807567017-LeaderElection57] INFO  grpc.GrpcConfigKeys (ConfUtils.java:logGet(46)) - raft.grpc.server.leader.outstanding.appends.max = 8 (default)
2024-02-22 20:34:13,942 [e780b093-7242-46d7-bd8f-0f810188c7b3@group-5C1807567017-LeaderElection57] INFO  server.RaftServerConfigKeys (ConfUtils.java:logGet(46)) - raft.server.rpc.request.timeout = 60s (custom)
2024-02-22 20:34:13,942 [e780b093-7242-46d7-bd8f-0f810188c7b3@group-5C1807567017-LeaderElection57] INFO  grpc.GrpcConfigKeys (ConfUtils.java:logGet(46)) - raft.grpc.server.install_snapshot.request.element-limit = 8 (default)
2024-02-22 20:34:13,942 [e780b093-7242-46d7-bd8f-0f810188c7b3@group-5C1807567017-LeaderElection57] INFO  grpc.GrpcConfigKeys (ConfUtils.java:logGet(46)) - raft.grpc.server.install_snapshot.request.timeout = 3000ms (default)
2024-02-22 20:34:13,942 [e780b093-7242-46d7-bd8f-0f810188c7b3@group-5C1807567017-LeaderElection57] INFO  grpc.GrpcConfigKeys (ConfUtils.java:logGet(46)) - raft.grpc.server.log-message.batch.duration = 5s (default)
2024-02-22 20:34:13,942 [e780b093-7242-46d7-bd8f-0f810188c7b3@group-5C1807567017-LeaderElection57] INFO  server.RaftServerConfigKeys (ConfUtils.java:logGet(46)) - raft.server.log.appender.install.snapshot.enabled = false (custom)
2024-02-22 20:34:13,943 [e780b093-7242-46d7-bd8f-0f810188c7b3@group-5C1807567017-LeaderElection57] INFO  grpc.GrpcConfigKeys (ConfUtils.java:logGet(46)) - raft.grpc.server.heartbeat.channel = true (default)
2024-02-22 20:34:13,944 [e780b093-7242-46d7-bd8f-0f810188c7b3@group-5C1807567017-LeaderElection57] INFO  server.RaftServerConfigKeys (ConfUtils.java:logGet(46)) - raft.server.log.appender.snapshot.chunk.size.max = 16MB (=16777216) (default)
2024-02-22 20:34:13,944 [e780b093-7242-46d7-bd8f-0f810188c7b3@group-5C1807567017-LeaderElection57] INFO  server.RaftServerConfigKeys (ConfUtils.java:logGet(46)) - raft.server.log.appender.buffer.byte-limit = 8388608 (custom)
2024-02-22 20:34:13,944 [e780b093-7242-46d7-bd8f-0f810188c7b3@group-5C1807567017-LeaderElection57] INFO  server.RaftServerConfigKeys (ConfUtils.java:logGet(46)) - raft.server.log.appender.buffer.element-limit = 1 (custom)
2024-02-22 20:34:13,944 [e780b093-7242-46d7-bd8f-0f810188c7b3@group-5C1807567017-LeaderElection57] INFO  server.RaftServerConfigKeys (ConfUtils.java:logGet(46)) - raft.server.log.appender.wait-time.min = 0μs (custom)
2024-02-22 20:34:13,944 [e780b093-7242-46d7-bd8f-0f810188c7b3@group-5C1807567017-LeaderElection57] INFO  grpc.GrpcConfigKeys (ConfUtils.java:logGet(46)) - raft.grpc.server.leader.outstanding.appends.max = 8 (default)
2024-02-22 20:34:13,944 [e780b093-7242-46d7-bd8f-0f810188c7b3@group-5C1807567017-LeaderElection57] INFO  server.RaftServerConfigKeys (ConfUtils.java:logGet(46)) - raft.server.rpc.request.timeout = 60s (custom)
2024-02-22 20:34:13,944 [e780b093-7242-46d7-bd8f-0f810188c7b3@group-5C1807567017-LeaderElection57] INFO  grpc.GrpcConfigKeys (ConfUtils.java:logGet(46)) - raft.grpc.server.install_snapshot.request.element-limit = 8 (default)
2024-02-22 20:34:13,944 [e780b093-7242-46d7-bd8f-0f810188c7b3@group-5C1807567017-LeaderElection57] INFO  grpc.GrpcConfigKeys (ConfUtils.java:logGet(46)) - raft.grpc.server.install_snapshot.request.timeout = 3000ms (default)
2024-02-22 20:34:13,944 [e780b093-7242-46d7-bd8f-0f810188c7b3@group-5C1807567017-LeaderElection57] INFO  grpc.GrpcConfigKeys (ConfUtils.java:logGet(46)) - raft.grpc.server.log-message.batch.duration = 5s (default)
2024-02-22 20:34:13,944 [e780b093-7242-46d7-bd8f-0f810188c7b3@group-5C1807567017-LeaderElection57] INFO  server.RaftServerConfigKeys (ConfUtils.java:logGet(46)) - raft.server.log.appender.install.snapshot.enabled = false (custom)
2024-02-22 20:34:13,944 [e780b093-7242-46d7-bd8f-0f810188c7b3@group-5C1807567017-LeaderElection57] INFO  grpc.GrpcConfigKeys (ConfUtils.java:logGet(46)) - raft.grpc.server.heartbeat.channel = true (default)
2024-02-22 20:34:13,944 [e780b093-7242-46d7-bd8f-0f810188c7b3@group-5C1807567017-LeaderElection57] INFO  impl.RoleInfo (RoleInfo.java:updateAndGet(139)) - e780b093-7242-46d7-bd8f-0f810188c7b3: start e780b093-7242-46d7-bd8f-0f810188c7b3@group-5C1807567017-LeaderStateImpl
2024-02-22 20:34:13,945 [e780b093-7242-46d7-bd8f-0f810188c7b3@group-5C1807567017-LeaderElection57] INFO  server.RaftServer$Division (RaftServerImpl.java:setFirstElection(574)) - e780b093-7242-46d7-bd8f-0f810188c7b3@group-5C1807567017: set firstElectionSinceStartup to false for becomeLeader
2024-02-22 20:34:13,945 [e780b093-7242-46d7-bd8f-0f810188c7b3@group-5C1807567017-LeaderElection57] INFO  ratis.XceiverServerRatis (XceiverServerRatis.java:handleLeaderChangedNotification(966)) - Leader change notification received for group: group-5C1807567017 with new leaderId: e780b093-7242-46d7-bd8f-0f810188c7b3
2024-02-22 20:34:13,945 [e780b093-7242-46d7-bd8f-0f810188c7b3@group-5C1807567017-LeaderElection57] INFO  server.RaftServer$Division (ServerState.java:setLeader(269)) - e780b093-7242-46d7-bd8f-0f810188c7b3@group-5C1807567017: change Leader from null to e780b093-7242-46d7-bd8f-0f810188c7b3 at term 1 for becomeLeader, leader elected after 5135ms
2024-02-22 20:34:13,945 [e780b093-7242-46d7-bd8f-0f810188c7b3@group-5C1807567017-LeaderElection57] INFO  segmented.SegmentedRaftLogWorker (SegmentedRaftLogWorker.java:startLogSegment(430)) - e780b093-7242-46d7-bd8f-0f810188c7b3@group-5C1807567017-SegmentedRaftLogWorker: Starting segment from index:0
2024-02-22 20:34:13,945 [e780b093-7242-46d7-bd8f-0f810188c7b3@group-5C1807567017-SegmentedRaftLogWorker] INFO  segmented.BufferedWriteChannel (BufferedWriteChannel.java:open(62)) - open log_inprogress_0 at position 0
2024-02-22 20:34:13,947 [e780b093-7242-46d7-bd8f-0f810188c7b3@group-5C1807567017-LeaderElection57] INFO  server.RaftServer$Division (ServerState.java:setRaftConf(386)) - e780b093-7242-46d7-bd8f-0f810188c7b3@group-5C1807567017: set configuration 0: peers:[86ab988c-fa9c-425d-a1c6-9004ff7fd93d|10.1.0.33:15059, 78f89d9b-e409-4704-890b-bfcfbcdfd28a|10.1.0.33:15086, e780b093-7242-46d7-bd8f-0f810188c7b3|10.1.0.33:15095]|listeners:[], old=null
2024-02-22 20:34:13,949 [EventQueue-PipelineReportForPipelineReportHandler] INFO  pipeline.PipelineReportHandler (PipelineReportHandler.java:processPipelineReport(136)) - Opened pipeline PipelineID=90d05964-7e5b-4889-ac12-5c1807567017
2024-02-22 20:34:13,951 [78f89d9b-e409-4704-890b-bfcfbcdfd28a-server-thread1] INFO  ratis.XceiverServerRatis (XceiverServerRatis.java:handleLeaderChangedNotification(966)) - Leader change notification received for group: group-5C1807567017 with new leaderId: e780b093-7242-46d7-bd8f-0f810188c7b3
2024-02-22 20:34:13,951 [78f89d9b-e409-4704-890b-bfcfbcdfd28a-server-thread1] INFO  server.RaftServer$Division (ServerState.java:setLeader(269)) - 78f89d9b-e409-4704-890b-bfcfbcdfd28a@group-5C1807567017: change Leader from null to e780b093-7242-46d7-bd8f-0f810188c7b3 at term 1 for appendEntries, leader elected after 5161ms
2024-02-22 20:34:13,953 [86ab988c-fa9c-425d-a1c6-9004ff7fd93d-server-thread1] INFO  ratis.XceiverServerRatis (XceiverServerRatis.java:handleLeaderChangedNotification(966)) - Leader change notification received for group: group-5C1807567017 with new leaderId: e780b093-7242-46d7-bd8f-0f810188c7b3
2024-02-22 20:34:13,953 [86ab988c-fa9c-425d-a1c6-9004ff7fd93d-server-thread1] INFO  server.RaftServer$Division (ServerState.java:setLeader(269)) - 86ab988c-fa9c-425d-a1c6-9004ff7fd93d@group-5C1807567017: change Leader from null to e780b093-7242-46d7-bd8f-0f810188c7b3 at term 1 for appendEntries, leader elected after 5183ms
2024-02-22 20:34:13,955 [78f89d9b-e409-4704-890b-bfcfbcdfd28a-server-thread2] INFO  server.RaftServer$Division (ServerState.java:setRaftConf(386)) - 78f89d9b-e409-4704-890b-bfcfbcdfd28a@group-5C1807567017: set configuration 0: peers:[86ab988c-fa9c-425d-a1c6-9004ff7fd93d|10.1.0.33:15059, 78f89d9b-e409-4704-890b-bfcfbcdfd28a|10.1.0.33:15086, e780b093-7242-46d7-bd8f-0f810188c7b3|10.1.0.33:15095]|listeners:[], old=null
2024-02-22 20:34:13,955 [78f89d9b-e409-4704-890b-bfcfbcdfd28a-server-thread2] INFO  segmented.SegmentedRaftLogWorker (SegmentedRaftLogWorker.java:startLogSegment(430)) - 78f89d9b-e409-4704-890b-bfcfbcdfd28a@group-5C1807567017-SegmentedRaftLogWorker: Starting segment from index:0
2024-02-22 20:34:13,955 [78f89d9b-e409-4704-890b-bfcfbcdfd28a@group-5C1807567017-SegmentedRaftLogWorker] INFO  segmented.BufferedWriteChannel (BufferedWriteChannel.java:open(62)) - open log_inprogress_0 at position 0
2024-02-22 20:34:13,968 [e780b093-7242-46d7-bd8f-0f810188c7b3@group-5C1807567017-SegmentedRaftLogWorker] INFO  segmented.SegmentedRaftLogWorker (SegmentedRaftLogWorker.java:execute(634)) - e780b093-7242-46d7-bd8f-0f810188c7b3@group-5C1807567017-SegmentedRaftLogWorker: created new log segment /home/runner/work/ozone/ozone/hadoop-ozone/integration-test/target/test-dir/MiniOzoneClusterImpl-a0fc024b-a492-45a5-9697-b0d14f72cb5c/datanode-9/data/ratis/90d05964-7e5b-4889-ac12-5c1807567017/current/log_inprogress_0
2024-02-22 20:34:13,969 [86ab988c-fa9c-425d-a1c6-9004ff7fd93d-server-thread2] INFO  server.RaftServer$Division (ServerState.java:setRaftConf(386)) - 86ab988c-fa9c-425d-a1c6-9004ff7fd93d@group-5C1807567017: set configuration 0: peers:[86ab988c-fa9c-425d-a1c6-9004ff7fd93d|10.1.0.33:15059, 78f89d9b-e409-4704-890b-bfcfbcdfd28a|10.1.0.33:15086, e780b093-7242-46d7-bd8f-0f810188c7b3|10.1.0.33:15095]|listeners:[], old=null
2024-02-22 20:34:13,969 [86ab988c-fa9c-425d-a1c6-9004ff7fd93d-server-thread2] INFO  segmented.SegmentedRaftLogWorker (SegmentedRaftLogWorker.java:startLogSegment(430)) - 86ab988c-fa9c-425d-a1c6-9004ff7fd93d@group-5C1807567017-SegmentedRaftLogWorker: Starting segment from index:0
2024-02-22 20:34:13,969 [78f89d9b-e409-4704-890b-bfcfbcdfd28a@group-5C1807567017-SegmentedRaftLogWorker] INFO  segmented.SegmentedRaftLogWorker (SegmentedRaftLogWorker.java:execute(634)) - 78f89d9b-e409-4704-890b-bfcfbcdfd28a@group-5C1807567017-SegmentedRaftLogWorker: created new log segment /home/runner/work/ozone/ozone/hadoop-ozone/integration-test/target/test-dir/MiniOzoneClusterImpl-a0fc024b-a492-45a5-9697-b0d14f72cb5c/datanode-8/data/ratis/90d05964-7e5b-4889-ac12-5c1807567017/current/log_inprogress_0
2024-02-22 20:34:13,970 [86ab988c-fa9c-425d-a1c6-9004ff7fd93d@group-5C1807567017-SegmentedRaftLogWorker] INFO  segmented.BufferedWriteChannel (BufferedWriteChannel.java:open(62)) - open log_inprogress_0 at position 0
2024-02-22 20:34:13,977 [e780b093-7242-46d7-bd8f-0f810188c7b3@group-5C1807567017-StateMachineUpdater] INFO  server.RaftServer$Division (LeaderStateImpl.java:isApplied(320)) - leader is ready since appliedIndex == 0 >= startIndex == 0
2024-02-22 20:34:13,979 [86ab988c-fa9c-425d-a1c6-9004ff7fd93d@group-5C1807567017-SegmentedRaftLogWorker] INFO  segmented.SegmentedRaftLogWorker (SegmentedRaftLogWorker.java:execute(634)) - 86ab988c-fa9c-425d-a1c6-9004ff7fd93d@group-5C1807567017-SegmentedRaftLogWorker: created new log segment /home/runner/work/ozone/ozone/hadoop-ozone/integration-test/target/test-dir/MiniOzoneClusterImpl-a0fc024b-a492-45a5-9697-b0d14f72cb5c/datanode-5/data/ratis/90d05964-7e5b-4889-ac12-5c1807567017/current/log_inprogress_0
2024-02-22 20:34:14,007 [c30fedce-f286-40e0-881d-3d5a9a6e2463@group-68F6D74661CE-FollowerState] INFO  impl.FollowerState (FollowerState.java:run(143)) - c30fedce-f286-40e0-881d-3d5a9a6e2463@group-68F6D74661CE-FollowerState: change to CANDIDATE, lastRpcElapsedTime:5153449087ns, electionTimeout:5153ms
2024-02-22 20:34:14,007 [c30fedce-f286-40e0-881d-3d5a9a6e2463@group-68F6D74661CE-FollowerState] INFO  impl.RoleInfo (RoleInfo.java:shutdownFollowerState(110)) - c30fedce-f286-40e0-881d-3d5a9a6e2463: shutdown c30fedce-f286-40e0-881d-3d5a9a6e2463@group-68F6D74661CE-FollowerState
2024-02-22 20:34:14,007 [c30fedce-f286-40e0-881d-3d5a9a6e2463@group-68F6D74661CE-FollowerState] INFO  server.RaftServer$Division (RaftServerImpl.java:setRole(383)) - c30fedce-f286-40e0-881d-3d5a9a6e2463@group-68F6D74661CE: changes role from  FOLLOWER to CANDIDATE at term 0 for changeToCandidate
2024-02-22 20:34:14,007 [c30fedce-f286-40e0-881d-3d5a9a6e2463@group-68F6D74661CE-FollowerState] INFO  server.RaftServerConfigKeys (ConfUtils.java:logGet(46)) - raft.server.leaderelection.pre-vote = true (default)
2024-02-22 20:34:14,007 [c30fedce-f286-40e0-881d-3d5a9a6e2463@group-68F6D74661CE-FollowerState] INFO  impl.RoleInfo (RoleInfo.java:updateAndGet(139)) - c30fedce-f286-40e0-881d-3d5a9a6e2463: start c30fedce-f286-40e0-881d-3d5a9a6e2463@group-68F6D74661CE-LeaderElection58
2024-02-22 20:34:14,009 [c30fedce-f286-40e0-881d-3d5a9a6e2463@group-68F6D74661CE-LeaderElection58] INFO  impl.LeaderElection (LeaderElection.java:askForVotes(321)) - c30fedce-f286-40e0-881d-3d5a9a6e2463@group-68F6D74661CE-LeaderElection58 PRE_VOTE round 0: submit vote requests at term 0 for -1: peers:[78f89d9b-e409-4704-890b-bfcfbcdfd28a|10.1.0.33:15086, c30fedce-f286-40e0-881d-3d5a9a6e2463|10.1.0.33:15068, 13f92446-3b18-4d81-bc66-0f9b00220e72|10.1.0.33:15077]|listeners:[], old=null
2024-02-22 20:34:14,009 [c30fedce-f286-40e0-881d-3d5a9a6e2463@group-68F6D74661CE-LeaderElection58] INFO  server.RaftServerConfigKeys (ConfUtils.java:logFallback(53)) - raft.server.rpc.first-election.timeout.min = 5s (fallback to raft.server.rpc.timeout.min)
2024-02-22 20:34:14,009 [c30fedce-f286-40e0-881d-3d5a9a6e2463@group-68F6D74661CE-LeaderElection58] INFO  server.RaftServerConfigKeys (ConfUtils.java:logFallback(53)) - raft.server.rpc.first-election.timeout.max = 5200ms (fallback to raft.server.rpc.timeout.max)
2024-02-22 20:34:14,010 [grpc-default-executor-4] INFO  server.RaftServer$Division (RaftServerImpl.java:requestVote(1389)) - 78f89d9b-e409-4704-890b-bfcfbcdfd28a@group-68F6D74661CE: receive requestVote(PRE_VOTE, c30fedce-f286-40e0-881d-3d5a9a6e2463, group-68F6D74661CE, 0, (t:0, i:0))
2024-02-22 20:34:14,010 [grpc-default-executor-8] INFO  server.RaftServer$Division (RaftServerImpl.java:requestVote(1389)) - 13f92446-3b18-4d81-bc66-0f9b00220e72@group-68F6D74661CE: receive requestVote(PRE_VOTE, c30fedce-f286-40e0-881d-3d5a9a6e2463, group-68F6D74661CE, 0, (t:0, i:0))
2024-02-22 20:34:14,010 [grpc-default-executor-4] INFO  impl.VoteContext (VoteContext.java:log(49)) - 78f89d9b-e409-4704-890b-bfcfbcdfd28a@group-68F6D74661CE-FOLLOWER: accept PRE_VOTE from c30fedce-f286-40e0-881d-3d5a9a6e2463: our priority 0 <= candidate's priority 0
2024-02-22 20:34:14,010 [grpc-default-executor-8] INFO  impl.VoteContext (VoteContext.java:log(49)) - 13f92446-3b18-4d81-bc66-0f9b00220e72@group-68F6D74661CE-FOLLOWER: reject PRE_VOTE from c30fedce-f286-40e0-881d-3d5a9a6e2463: our priority 1 > candidate's priority 0
2024-02-22 20:34:14,010 [grpc-default-executor-4] INFO  server.RaftServer$Division (RaftServerImpl.java:requestVote(1422)) - 78f89d9b-e409-4704-890b-bfcfbcdfd28a@group-68F6D74661CE replies to PRE_VOTE vote request: c30fedce-f286-40e0-881d-3d5a9a6e2463<-78f89d9b-e409-4704-890b-bfcfbcdfd28a#0:OK-t0. Peer's state: 78f89d9b-e409-4704-890b-bfcfbcdfd28a@group-68F6D74661CE:t0, leader=null, voted=, raftlog=Memoized:78f89d9b-e409-4704-890b-bfcfbcdfd28a@group-68F6D74661CE-SegmentedRaftLog:OPENED:c-1, conf=-1: peers:[78f89d9b-e409-4704-890b-bfcfbcdfd28a|10.1.0.33:15086, c30fedce-f286-40e0-881d-3d5a9a6e2463|10.1.0.33:15068, 13f92446-3b18-4d81-bc66-0f9b00220e72|10.1.0.33:15077]|listeners:[], old=null
2024-02-22 20:34:14,010 [grpc-default-executor-8] INFO  server.RaftServer$Division (RaftServerImpl.java:requestVote(1422)) - 13f92446-3b18-4d81-bc66-0f9b00220e72@group-68F6D74661CE replies to PRE_VOTE vote request: c30fedce-f286-40e0-881d-3d5a9a6e2463<-13f92446-3b18-4d81-bc66-0f9b00220e72#0:FAIL-t0. Peer's state: 13f92446-3b18-4d81-bc66-0f9b00220e72@group-68F6D74661CE:t0, leader=null, voted=, raftlog=Memoized:13f92446-3b18-4d81-bc66-0f9b00220e72@group-68F6D74661CE-SegmentedRaftLog:OPENED:c-1, conf=-1: peers:[78f89d9b-e409-4704-890b-bfcfbcdfd28a|10.1.0.33:15086, c30fedce-f286-40e0-881d-3d5a9a6e2463|10.1.0.33:15068, 13f92446-3b18-4d81-bc66-0f9b00220e72|10.1.0.33:15077]|listeners:[], old=null
2024-02-22 20:34:14,011 [78f89d9b-e409-4704-890b-bfcfbcdfd28a@group-68F6D74661CE-FollowerState] INFO  server.RaftServerConfigKeys (ConfUtils.java:logFallback(53)) - raft.server.rpc.first-election.timeout.min = 5s (fallback to raft.server.rpc.timeout.min)
2024-02-22 20:34:14,011 [78f89d9b-e409-4704-890b-bfcfbcdfd28a@group-68F6D74661CE-FollowerState] INFO  server.RaftServerConfigKeys (ConfUtils.java:logFallback(53)) - raft.server.rpc.first-election.timeout.max = 5200ms (fallback to raft.server.rpc.timeout.max)
2024-02-22 20:34:14,014 [c30fedce-f286-40e0-881d-3d5a9a6e2463@group-68F6D74661CE-LeaderElection58] INFO  impl.LeaderElection (LeaderElection.java:logAndReturn(89)) - c30fedce-f286-40e0-881d-3d5a9a6e2463@group-68F6D74661CE-LeaderElection58: PRE_VOTE REJECTED received 2 response(s) and 0 exception(s):
2024-02-22 20:34:14,014 [c30fedce-f286-40e0-881d-3d5a9a6e2463@group-68F6D74661CE-LeaderElection58] INFO  impl.LeaderElection (LeaderElection.java:logAndReturn(93)) -   Response 0: c30fedce-f286-40e0-881d-3d5a9a6e2463<-78f89d9b-e409-4704-890b-bfcfbcdfd28a#0:OK-t0
2024-02-22 20:34:14,014 [c30fedce-f286-40e0-881d-3d5a9a6e2463@group-68F6D74661CE-LeaderElection58] INFO  impl.LeaderElection (LeaderElection.java:logAndReturn(93)) -   Response 1: c30fedce-f286-40e0-881d-3d5a9a6e2463<-13f92446-3b18-4d81-bc66-0f9b00220e72#0:FAIL-t0
2024-02-22 20:34:14,014 [c30fedce-f286-40e0-881d-3d5a9a6e2463@group-68F6D74661CE-LeaderElection58] INFO  impl.LeaderElection (LeaderElection.java:askForVotes(323)) - c30fedce-f286-40e0-881d-3d5a9a6e2463@group-68F6D74661CE-LeaderElection58 PRE_VOTE round 0: result REJECTED
2024-02-22 20:34:14,014 [c30fedce-f286-40e0-881d-3d5a9a6e2463@group-68F6D74661CE-LeaderElection58] INFO  server.RaftServer$Division (RaftServerImpl.java:setRole(383)) - c30fedce-f286-40e0-881d-3d5a9a6e2463@group-68F6D74661CE: changes role from CANDIDATE to FOLLOWER at term 0 for REJECTED
2024-02-22 20:34:14,014 [c30fedce-f286-40e0-881d-3d5a9a6e2463@group-68F6D74661CE-LeaderElection58] INFO  impl.RoleInfo (RoleInfo.java:shutdownLeaderElection(130)) - c30fedce-f286-40e0-881d-3d5a9a6e2463: shutdown c30fedce-f286-40e0-881d-3d5a9a6e2463@group-68F6D74661CE-LeaderElection58
2024-02-22 20:34:14,014 [c30fedce-f286-40e0-881d-3d5a9a6e2463@group-68F6D74661CE-LeaderElection58] INFO  impl.RoleInfo (RoleInfo.java:updateAndGet(139)) - c30fedce-f286-40e0-881d-3d5a9a6e2463: start c30fedce-f286-40e0-881d-3d5a9a6e2463@group-68F6D74661CE-FollowerState
2024-02-22 20:34:14,016 [c30fedce-f286-40e0-881d-3d5a9a6e2463@group-68F6D74661CE-LeaderElection58] INFO  server.RaftServer$Division (RaftServerImpl.java:setFirstElection(574)) - c30fedce-f286-40e0-881d-3d5a9a6e2463@group-68F6D74661CE: set firstElectionSinceStartup to false for REJECTED
2024-02-22 20:34:14,021 [13f92446-3b18-4d81-bc66-0f9b00220e72@group-68F6D74661CE-FollowerState] INFO  impl.FollowerState (FollowerState.java:run(143)) - 13f92446-3b18-4d81-bc66-0f9b00220e72@group-68F6D74661CE-FollowerState: change to CANDIDATE, lastRpcElapsedTime:5148473308ns, electionTimeout:5148ms
2024-02-22 20:34:14,021 [13f92446-3b18-4d81-bc66-0f9b00220e72@group-68F6D74661CE-FollowerState] INFO  impl.RoleInfo (RoleInfo.java:shutdownFollowerState(110)) - 13f92446-3b18-4d81-bc66-0f9b00220e72: shutdown 13f92446-3b18-4d81-bc66-0f9b00220e72@group-68F6D74661CE-FollowerState
2024-02-22 20:34:14,021 [13f92446-3b18-4d81-bc66-0f9b00220e72@group-68F6D74661CE-FollowerState] INFO  server.RaftServer$Division (RaftServerImpl.java:setRole(383)) - 13f92446-3b18-4d81-bc66-0f9b00220e72@group-68F6D74661CE: changes role from  FOLLOWER to CANDIDATE at term 0 for changeToCandidate
2024-02-22 20:34:14,021 [13f92446-3b18-4d81-bc66-0f9b00220e72@group-68F6D74661CE-FollowerState] INFO  server.RaftServerConfigKeys (ConfUtils.java:logGet(46)) - raft.server.leaderelection.pre-vote = true (default)
2024-02-22 20:34:14,021 [13f92446-3b18-4d81-bc66-0f9b00220e72@group-68F6D74661CE-FollowerState] INFO  impl.RoleInfo (RoleInfo.java:updateAndGet(139)) - 13f92446-3b18-4d81-bc66-0f9b00220e72: start 13f92446-3b18-4d81-bc66-0f9b00220e72@group-68F6D74661CE-LeaderElection59
2024-02-22 20:34:14,023 [13f92446-3b18-4d81-bc66-0f9b00220e72@group-68F6D74661CE-LeaderElection59] INFO  impl.LeaderElection (LeaderElection.java:askForVotes(321)) - 13f92446-3b18-4d81-bc66-0f9b00220e72@group-68F6D74661CE-LeaderElection59 PRE_VOTE round 0: submit vote requests at term 0 for -1: peers:[78f89d9b-e409-4704-890b-bfcfbcdfd28a|10.1.0.33:15086, c30fedce-f286-40e0-881d-3d5a9a6e2463|10.1.0.33:15068, 13f92446-3b18-4d81-bc66-0f9b00220e72|10.1.0.33:15077]|listeners:[], old=null
2024-02-22 20:34:14,024 [13f92446-3b18-4d81-bc66-0f9b00220e72@group-68F6D74661CE-LeaderElection59] INFO  server.RaftServerConfigKeys (ConfUtils.java:logFallback(53)) - raft.server.rpc.first-election.timeout.min = 5s (fallback to raft.server.rpc.timeout.min)
2024-02-22 20:34:14,024 [13f92446-3b18-4d81-bc66-0f9b00220e72@group-68F6D74661CE-LeaderElection59-1] INFO  server.GrpcServerProtocolClient (GrpcServerProtocolClient.java:<init>(65)) - Build channel for 78f89d9b-e409-4704-890b-bfcfbcdfd28a|10.1.0.33:15086
2024-02-22 20:34:14,024 [13f92446-3b18-4d81-bc66-0f9b00220e72@group-68F6D74661CE-LeaderElection59] INFO  server.RaftServerConfigKeys (ConfUtils.java:logFallback(53)) - raft.server.rpc.first-election.timeout.max = 5200ms (fallback to raft.server.rpc.timeout.max)
2024-02-22 20:34:14,024 [13f92446-3b18-4d81-bc66-0f9b00220e72@group-68F6D74661CE-LeaderElection59-2] INFO  server.GrpcServerProtocolClient (GrpcServerProtocolClient.java:<init>(65)) - Build channel for c30fedce-f286-40e0-881d-3d5a9a6e2463|10.1.0.33:15068
2024-02-22 20:34:14,029 [grpc-default-executor-8] INFO  server.RaftServer$Division (RaftServerImpl.java:requestVote(1389)) - c30fedce-f286-40e0-881d-3d5a9a6e2463@group-68F6D74661CE: receive requestVote(PRE_VOTE, 13f92446-3b18-4d81-bc66-0f9b00220e72, group-68F6D74661CE, 0, (t:0, i:0))
2024-02-22 20:34:14,029 [grpc-default-executor-8] INFO  impl.VoteContext (VoteContext.java:log(49)) - c30fedce-f286-40e0-881d-3d5a9a6e2463@group-68F6D74661CE-FOLLOWER: accept PRE_VOTE from 13f92446-3b18-4d81-bc66-0f9b00220e72: our priority 0 <= candidate's priority 1
2024-02-22 20:34:14,030 [grpc-default-executor-8] INFO  server.RaftServer$Division (RaftServerImpl.java:requestVote(1422)) - c30fedce-f286-40e0-881d-3d5a9a6e2463@group-68F6D74661CE replies to PRE_VOTE vote request: 13f92446-3b18-4d81-bc66-0f9b00220e72<-c30fedce-f286-40e0-881d-3d5a9a6e2463#0:OK-t0. Peer's state: c30fedce-f286-40e0-881d-3d5a9a6e2463@group-68F6D74661CE:t0, leader=null, voted=, raftlog=Memoized:c30fedce-f286-40e0-881d-3d5a9a6e2463@group-68F6D74661CE-SegmentedRaftLog:OPENED:c-1, conf=-1: peers:[78f89d9b-e409-4704-890b-bfcfbcdfd28a|10.1.0.33:15086, c30fedce-f286-40e0-881d-3d5a9a6e2463|10.1.0.33:15068, 13f92446-3b18-4d81-bc66-0f9b00220e72|10.1.0.33:15077]|listeners:[], old=null
2024-02-22 20:34:14,030 [13f92446-3b18-4d81-bc66-0f9b00220e72@group-68F6D74661CE-LeaderElection59] INFO  impl.LeaderElection (LeaderElection.java:logAndReturn(89)) - 13f92446-3b18-4d81-bc66-0f9b00220e72@group-68F6D74661CE-LeaderElection59: PRE_VOTE PASSED received 1 response(s) and 0 exception(s):
2024-02-22 20:34:14,030 [13f92446-3b18-4d81-bc66-0f9b00220e72@group-68F6D74661CE-LeaderElection59] INFO  impl.LeaderElection (LeaderElection.java:logAndReturn(93)) -   Response 0: 13f92446-3b18-4d81-bc66-0f9b00220e72<-c30fedce-f286-40e0-881d-3d5a9a6e2463#0:OK-t0
2024-02-22 20:34:14,030 [grpc-default-executor-8] INFO  server.RaftServer$Division (RaftServerImpl.java:requestVote(1389)) - 78f89d9b-e409-4704-890b-bfcfbcdfd28a@group-68F6D74661CE: receive requestVote(PRE_VOTE, 13f92446-3b18-4d81-bc66-0f9b00220e72, group-68F6D74661CE, 0, (t:0, i:0))
2024-02-22 20:34:14,030 [13f92446-3b18-4d81-bc66-0f9b00220e72@group-68F6D74661CE-LeaderElection59] INFO  impl.LeaderElection (LeaderElection.java:askForVotes(323)) - 13f92446-3b18-4d81-bc66-0f9b00220e72@group-68F6D74661CE-LeaderElection59 PRE_VOTE round 0: result PASSED
2024-02-22 20:34:14,030 [grpc-default-executor-8] INFO  impl.VoteContext (VoteContext.java:log(49)) - 78f89d9b-e409-4704-890b-bfcfbcdfd28a@group-68F6D74661CE-FOLLOWER: accept PRE_VOTE from 13f92446-3b18-4d81-bc66-0f9b00220e72: our priority 0 <= candidate's priority 1
2024-02-22 20:34:14,031 [grpc-default-executor-8] INFO  server.RaftServer$Division (RaftServerImpl.java:requestVote(1422)) - 78f89d9b-e409-4704-890b-bfcfbcdfd28a@group-68F6D74661CE replies to PRE_VOTE vote request: 13f92446-3b18-4d81-bc66-0f9b00220e72<-78f89d9b-e409-4704-890b-bfcfbcdfd28a#0:OK-t0. Peer's state: 78f89d9b-e409-4704-890b-bfcfbcdfd28a@group-68F6D74661CE:t0, leader=null, voted=, raftlog=Memoized:78f89d9b-e409-4704-890b-bfcfbcdfd28a@group-68F6D74661CE-SegmentedRaftLog:OPENED:c-1, conf=-1: peers:[78f89d9b-e409-4704-890b-bfcfbcdfd28a|10.1.0.33:15086, c30fedce-f286-40e0-881d-3d5a9a6e2463|10.1.0.33:15068, 13f92446-3b18-4d81-bc66-0f9b00220e72|10.1.0.33:15077]|listeners:[], old=null
2024-02-22 20:34:14,032 [13f92446-3b18-4d81-bc66-0f9b00220e72@group-68F6D74661CE-LeaderElection59] INFO  impl.LeaderElection (LeaderElection.java:askForVotes(321)) - 13f92446-3b18-4d81-bc66-0f9b00220e72@group-68F6D74661CE-LeaderElection59 ELECTION round 0: submit vote requests at term 1 for -1: peers:[78f89d9b-e409-4704-890b-bfcfbcdfd28a|10.1.0.33:15086, c30fedce-f286-40e0-881d-3d5a9a6e2463|10.1.0.33:15068, 13f92446-3b18-4d81-bc66-0f9b00220e72|10.1.0.33:15077]|listeners:[], old=null
2024-02-22 20:34:14,033 [13f92446-3b18-4d81-bc66-0f9b00220e72@group-68F6D74661CE-LeaderElection59] INFO  server.RaftServerConfigKeys (ConfUtils.java:logFallback(53)) - raft.server.rpc.first-election.timeout.min = 5s (fallback to raft.server.rpc.timeout.min)
2024-02-22 20:34:14,033 [13f92446-3b18-4d81-bc66-0f9b00220e72@group-68F6D74661CE-LeaderElection59] INFO  server.RaftServerConfigKeys (ConfUtils.java:logFallback(53)) - raft.server.rpc.first-election.timeout.max = 5200ms (fallback to raft.server.rpc.timeout.max)
2024-02-22 20:34:14,039 [grpc-default-executor-8] INFO  server.RaftServer$Division (RaftServerImpl.java:requestVote(1389)) - 78f89d9b-e409-4704-890b-bfcfbcdfd28a@group-68F6D74661CE: receive requestVote(ELECTION, 13f92446-3b18-4d81-bc66-0f9b00220e72, group-68F6D74661CE, 1, (t:0, i:0))
2024-02-22 20:34:14,039 [grpc-default-executor-8] INFO  impl.VoteContext (VoteContext.java:log(49)) - 78f89d9b-e409-4704-890b-bfcfbcdfd28a@group-68F6D74661CE-FOLLOWER: accept ELECTION from 13f92446-3b18-4d81-bc66-0f9b00220e72: our priority 0 <= candidate's priority 1
2024-02-22 20:34:14,039 [grpc-default-executor-8] INFO  server.RaftServer$Division (RaftServerImpl.java:setRole(383)) - 78f89d9b-e409-4704-890b-bfcfbcdfd28a@group-68F6D74661CE: changes role from  FOLLOWER to FOLLOWER at term 1 for candidate:13f92446-3b18-4d81-bc66-0f9b00220e72
2024-02-22 20:34:14,039 [grpc-default-executor-8] INFO  impl.RoleInfo (RoleInfo.java:shutdownFollowerState(110)) - 78f89d9b-e409-4704-890b-bfcfbcdfd28a: shutdown 78f89d9b-e409-4704-890b-bfcfbcdfd28a@group-68F6D74661CE-FollowerState
2024-02-22 20:34:14,039 [grpc-default-executor-8] INFO  impl.RoleInfo (RoleInfo.java:updateAndGet(139)) - 78f89d9b-e409-4704-890b-bfcfbcdfd28a: start 78f89d9b-e409-4704-890b-bfcfbcdfd28a@group-68F6D74661CE-FollowerState
2024-02-22 20:34:14,039 [78f89d9b-e409-4704-890b-bfcfbcdfd28a@group-68F6D74661CE-FollowerState] INFO  impl.FollowerState (FollowerState.java:run(152)) - 78f89d9b-e409-4704-890b-bfcfbcdfd28a@group-68F6D74661CE-FollowerState was interrupted
2024-02-22 20:34:14,039 [grpc-default-executor-4] INFO  server.RaftServer$Division (RaftServerImpl.java:requestVote(1389)) - c30fedce-f286-40e0-881d-3d5a9a6e2463@group-68F6D74661CE: receive requestVote(ELECTION, 13f92446-3b18-4d81-bc66-0f9b00220e72, group-68F6D74661CE, 1, (t:0, i:0))
2024-02-22 20:34:14,040 [grpc-default-executor-4] INFO  impl.VoteContext (VoteContext.java:log(49)) - c30fedce-f286-40e0-881d-3d5a9a6e2463@group-68F6D74661CE-FOLLOWER: accept ELECTION from 13f92446-3b18-4d81-bc66-0f9b00220e72: our priority 0 <= candidate's priority 1
2024-02-22 20:34:14,040 [grpc-default-executor-4] INFO  server.RaftServer$Division (RaftServerImpl.java:setRole(383)) - c30fedce-f286-40e0-881d-3d5a9a6e2463@group-68F6D74661CE: changes role from  FOLLOWER to FOLLOWER at term 1 for candidate:13f92446-3b18-4d81-bc66-0f9b00220e72
2024-02-22 20:34:14,040 [grpc-default-executor-4] INFO  impl.RoleInfo (RoleInfo.java:shutdownFollowerState(110)) - c30fedce-f286-40e0-881d-3d5a9a6e2463: shutdown c30fedce-f286-40e0-881d-3d5a9a6e2463@group-68F6D74661CE-FollowerState
2024-02-22 20:34:14,040 [grpc-default-executor-8] INFO  server.RaftServer$Division (RaftServerImpl.java:setFirstElection(574)) - 78f89d9b-e409-4704-890b-bfcfbcdfd28a@group-68F6D74661CE: set firstElectionSinceStartup to false for candidate:13f92446-3b18-4d81-bc66-0f9b00220e72
2024-02-22 20:34:14,041 [grpc-default-executor-4] INFO  impl.RoleInfo (RoleInfo.java:updateAndGet(139)) - c30fedce-f286-40e0-881d-3d5a9a6e2463: start c30fedce-f286-40e0-881d-3d5a9a6e2463@group-68F6D74661CE-FollowerState
2024-02-22 20:34:14,041 [c30fedce-f286-40e0-881d-3d5a9a6e2463@group-68F6D74661CE-FollowerState] INFO  impl.FollowerState (FollowerState.java:run(152)) - c30fedce-f286-40e0-881d-3d5a9a6e2463@group-68F6D74661CE-FollowerState was interrupted
2024-02-22 20:34:14,042 [grpc-default-executor-8] INFO  server.RaftServer$Division (RaftServerImpl.java:requestVote(1422)) - 78f89d9b-e409-4704-890b-bfcfbcdfd28a@group-68F6D74661CE replies to ELECTION vote request: 13f92446-3b18-4d81-bc66-0f9b00220e72<-78f89d9b-e409-4704-890b-bfcfbcdfd28a#0:OK-t1. Peer's state: 78f89d9b-e409-4704-890b-bfcfbcdfd28a@group-68F6D74661CE:t1, leader=null, voted=13f92446-3b18-4d81-bc66-0f9b00220e72, raftlog=Memoized:78f89d9b-e409-4704-890b-bfcfbcdfd28a@group-68F6D74661CE-SegmentedRaftLog:OPENED:c-1, conf=-1: peers:[78f89d9b-e409-4704-890b-bfcfbcdfd28a|10.1.0.33:15086, c30fedce-f286-40e0-881d-3d5a9a6e2463|10.1.0.33:15068, 13f92446-3b18-4d81-bc66-0f9b00220e72|10.1.0.33:15077]|listeners:[], old=null
2024-02-22 20:34:14,048 [grpc-default-executor-4] INFO  server.RaftServer$Division (RaftServerImpl.java:requestVote(1422)) - c30fedce-f286-40e0-881d-3d5a9a6e2463@group-68F6D74661CE replies to ELECTION vote request: 13f92446-3b18-4d81-bc66-0f9b00220e72<-c30fedce-f286-40e0-881d-3d5a9a6e2463#0:OK-t1. Peer's state: c30fedce-f286-40e0-881d-3d5a9a6e2463@group-68F6D74661CE:t1, leader=null, voted=13f92446-3b18-4d81-bc66-0f9b00220e72, raftlog=Memoized:c30fedce-f286-40e0-881d-3d5a9a6e2463@group-68F6D74661CE-SegmentedRaftLog:OPENED:c-1, conf=-1: peers:[78f89d9b-e409-4704-890b-bfcfbcdfd28a|10.1.0.33:15086, c30fedce-f286-40e0-881d-3d5a9a6e2463|10.1.0.33:15068, 13f92446-3b18-4d81-bc66-0f9b00220e72|10.1.0.33:15077]|listeners:[], old=null
2024-02-22 20:34:14,048 [13f92446-3b18-4d81-bc66-0f9b00220e72@group-68F6D74661CE-LeaderElection59] INFO  impl.LeaderElection (LeaderElection.java:logAndReturn(89)) - 13f92446-3b18-4d81-bc66-0f9b00220e72@group-68F6D74661CE-LeaderElection59: ELECTION PASSED received 1 response(s) and 0 exception(s):
2024-02-22 20:34:14,048 [13f92446-3b18-4d81-bc66-0f9b00220e72@group-68F6D74661CE-LeaderElection59] INFO  impl.LeaderElection (LeaderElection.java:logAndReturn(93)) -   Response 0: 13f92446-3b18-4d81-bc66-0f9b00220e72<-c30fedce-f286-40e0-881d-3d5a9a6e2463#0:OK-t1
2024-02-22 20:34:14,049 [13f92446-3b18-4d81-bc66-0f9b00220e72@group-68F6D74661CE-LeaderElection59] INFO  impl.LeaderElection (LeaderElection.java:askForVotes(323)) - 13f92446-3b18-4d81-bc66-0f9b00220e72@group-68F6D74661CE-LeaderElection59 ELECTION round 0: result PASSED
2024-02-22 20:34:14,049 [13f92446-3b18-4d81-bc66-0f9b00220e72@group-68F6D74661CE-LeaderElection59] INFO  impl.RoleInfo (RoleInfo.java:shutdownLeaderElection(130)) - 13f92446-3b18-4d81-bc66-0f9b00220e72: shutdown 13f92446-3b18-4d81-bc66-0f9b00220e72@group-68F6D74661CE-LeaderElection59
2024-02-22 20:34:14,049 [13f92446-3b18-4d81-bc66-0f9b00220e72@group-68F6D74661CE-LeaderElection59] INFO  server.RaftServer$Division (RaftServerImpl.java:setRole(383)) - 13f92446-3b18-4d81-bc66-0f9b00220e72@group-68F6D74661CE: changes role from CANDIDATE to LEADER at term 1 for changeToLeader
2024-02-22 20:34:14,049 [13f92446-3b18-4d81-bc66-0f9b00220e72@group-68F6D74661CE-LeaderElection59] INFO  server.RaftServerConfigKeys (ConfUtils.java:logGet(46)) - raft.server.staging.catchup.gap = 1000 (default)
2024-02-22 20:34:14,049 [13f92446-3b18-4d81-bc66-0f9b00220e72@group-68F6D74661CE-LeaderElection59] INFO  server.RaftServerConfigKeys (ConfUtils.java:logGet(46)) - raft.server.write.element-limit = 1024 (custom)
2024-02-22 20:34:14,049 [13f92446-3b18-4d81-bc66-0f9b00220e72@group-68F6D74661CE-LeaderElection59] INFO  server.RaftServerConfigKeys (ConfUtils.java:logGet(46)) - raft.server.write.byte-limit = 1024 M (=1073741824) (custom)
2024-02-22 20:34:14,049 [13f92446-3b18-4d81-bc66-0f9b00220e72@group-68F6D74661CE-LeaderElection59] INFO  server.RaftServerConfigKeys (ConfUtils.java:logGet(46)) - raft.server.watch.timeout = 180s (custom)
2024-02-22 20:34:14,049 [13f92446-3b18-4d81-bc66-0f9b00220e72@group-68F6D74661CE-LeaderElection59] INFO  server.RaftServerConfigKeys (ConfUtils.java:logGet(46)) - raft.server.watch.timeout.denomination = 1s (default)
2024-02-22 20:34:14,049 [13f92446-3b18-4d81-bc66-0f9b00220e72@group-68F6D74661CE-LeaderElection59] INFO  server.RaftServerConfigKeys (ConfUtils.java:logGet(46)) - raft.server.watch.element-limit = 65536 (default)
2024-02-22 20:34:14,049 [13f92446-3b18-4d81-bc66-0f9b00220e72@group-68F6D74661CE-LeaderElection59] INFO  server.RaftServerConfigKeys (ConfUtils.java:logGet(46)) - raft.server.read.leader.lease.enabled = false (default)
2024-02-22 20:34:14,049 [13f92446-3b18-4d81-bc66-0f9b00220e72@group-68F6D74661CE-LeaderElection59] INFO  server.RaftServerConfigKeys (ConfUtils.java:logGet(46)) - raft.server.read.leader.lease.timeout.ratio = 0.9 (default)
2024-02-22 20:34:14,050 [13f92446-3b18-4d81-bc66-0f9b00220e72@group-68F6D74661CE-LeaderElection59] INFO  server.RaftServerConfigKeys (ConfUtils.java:logGet(46)) - raft.server.rpc.timeout.min = 5s (custom)
2024-02-22 20:34:14,050 [13f92446-3b18-4d81-bc66-0f9b00220e72@group-68F6D74661CE-LeaderElection59] INFO  server.RaftServerConfigKeys (ConfUtils.java:logGet(46)) - raft.server.write.element-limit = 1024 (custom)
2024-02-22 20:34:14,050 [13f92446-3b18-4d81-bc66-0f9b00220e72@group-68F6D74661CE-LeaderElection59] INFO  server.RaftServerConfigKeys (ConfUtils.java:logGet(46)) - raft.server.write.follower.gap.ratio.max = -1.0 (default)
2024-02-22 20:34:14,050 [13f92446-3b18-4d81-bc66-0f9b00220e72@group-68F6D74661CE-LeaderElection59] INFO  server.RaftServerConfigKeys (ConfUtils.java:logGet(46)) - raft.server.log.appender.snapshot.chunk.size.max = 16MB (=16777216) (default)
2024-02-22 20:34:14,050 [13f92446-3b18-4d81-bc66-0f9b00220e72@group-68F6D74661CE-LeaderElection59] INFO  server.RaftServerConfigKeys (ConfUtils.java:logGet(46)) - raft.server.log.appender.buffer.byte-limit = 8388608 (custom)
2024-02-22 20:34:14,050 [13f92446-3b18-4d81-bc66-0f9b00220e72@group-68F6D74661CE-LeaderElection59] INFO  server.RaftServerConfigKeys (ConfUtils.java:logGet(46)) - raft.server.log.appender.buffer.element-limit = 1 (custom)
2024-02-22 20:34:14,050 [13f92446-3b18-4d81-bc66-0f9b00220e72@group-68F6D74661CE-LeaderElection59] INFO  server.RaftServerConfigKeys (ConfUtils.java:logGet(46)) - raft.server.log.appender.wait-time.min = 0μs (custom)
2024-02-22 20:34:14,051 [13f92446-3b18-4d81-bc66-0f9b00220e72@group-68F6D74661CE-LeaderElection59] INFO  grpc.GrpcConfigKeys (ConfUtils.java:logGet(46)) - raft.grpc.server.leader.outstanding.appends.max = 8 (default)
2024-02-22 20:34:14,051 [13f92446-3b18-4d81-bc66-0f9b00220e72@group-68F6D74661CE-LeaderElection59] INFO  server.RaftServerConfigKeys (ConfUtils.java:logGet(46)) - raft.server.rpc.request.timeout = 60s (custom)
2024-02-22 20:34:14,051 [13f92446-3b18-4d81-bc66-0f9b00220e72@group-68F6D74661CE-LeaderElection59] INFO  grpc.GrpcConfigKeys (ConfUtils.java:logGet(46)) - raft.grpc.server.install_snapshot.request.element-limit = 8 (default)
2024-02-22 20:34:14,051 [13f92446-3b18-4d81-bc66-0f9b00220e72@group-68F6D74661CE-LeaderElection59] INFO  grpc.GrpcConfigKeys (ConfUtils.java:logGet(46)) - raft.grpc.server.install_snapshot.request.timeout = 3000ms (default)
2024-02-22 20:34:14,051 [13f92446-3b18-4d81-bc66-0f9b00220e72@group-68F6D74661CE-LeaderElection59] INFO  grpc.GrpcConfigKeys (ConfUtils.java:logGet(46)) - raft.grpc.server.log-message.batch.duration = 5s (default)
2024-02-22 20:34:14,051 [13f92446-3b18-4d81-bc66-0f9b00220e72@group-68F6D74661CE-LeaderElection59] INFO  server.RaftServerConfigKeys (ConfUtils.java:logGet(46)) - raft.server.log.appender.install.snapshot.enabled = false (custom)
2024-02-22 20:34:14,051 [13f92446-3b18-4d81-bc66-0f9b00220e72@group-68F6D74661CE-LeaderElection59] INFO  grpc.GrpcConfigKeys (ConfUtils.java:logGet(46)) - raft.grpc.server.heartbeat.channel = true (default)
2024-02-22 20:34:14,052 [13f92446-3b18-4d81-bc66-0f9b00220e72@group-68F6D74661CE-LeaderElection59] INFO  server.RaftServerConfigKeys (ConfUtils.java:logGet(46)) - raft.server.log.appender.snapshot.chunk.size.max = 16MB (=16777216) (default)
2024-02-22 20:34:14,052 [13f92446-3b18-4d81-bc66-0f9b00220e72@group-68F6D74661CE-LeaderElection59] INFO  server.RaftServerConfigKeys (ConfUtils.java:logGet(46)) - raft.server.log.appender.buffer.byte-limit = 8388608 (custom)
2024-02-22 20:34:14,052 [13f92446-3b18-4d81-bc66-0f9b00220e72@group-68F6D74661CE-LeaderElection59] INFO  server.RaftServerConfigKeys (ConfUtils.java:logGet(46)) - raft.server.log.appender.buffer.element-limit = 1 (custom)
2024-02-22 20:34:14,052 [13f92446-3b18-4d81-bc66-0f9b00220e72@group-68F6D74661CE-LeaderElection59] INFO  server.RaftServerConfigKeys (ConfUtils.java:logGet(46)) - raft.server.log.appender.wait-time.min = 0μs (custom)
2024-02-22 20:34:14,052 [13f92446-3b18-4d81-bc66-0f9b00220e72@group-68F6D74661CE-LeaderElection59] INFO  grpc.GrpcConfigKeys (ConfUtils.java:logGet(46)) - raft.grpc.server.leader.outstanding.appends.max = 8 (default)
2024-02-22 20:34:14,052 [13f92446-3b18-4d81-bc66-0f9b00220e72@group-68F6D74661CE-LeaderElection59] INFO  server.RaftServerConfigKeys (ConfUtils.java:logGet(46)) - raft.server.rpc.request.timeout = 60s (custom)
2024-02-22 20:34:14,052 [13f92446-3b18-4d81-bc66-0f9b00220e72@group-68F6D74661CE-LeaderElection59] INFO  grpc.GrpcConfigKeys (ConfUtils.java:logGet(46)) - raft.grpc.server.install_snapshot.request.element-limit = 8 (default)
2024-02-22 20:34:14,052 [13f92446-3b18-4d81-bc66-0f9b00220e72@group-68F6D74661CE-LeaderElection59] INFO  grpc.GrpcConfigKeys (ConfUtils.java:logGet(46)) - raft.grpc.server.install_snapshot.request.timeout = 3000ms (default)
2024-02-22 20:34:14,052 [13f92446-3b18-4d81-bc66-0f9b00220e72@group-68F6D74661CE-LeaderElection59] INFO  grpc.GrpcConfigKeys (ConfUtils.java:logGet(46)) - raft.grpc.server.log-message.batch.duration = 5s (default)
2024-02-22 20:34:14,052 [13f92446-3b18-4d81-bc66-0f9b00220e72@group-68F6D74661CE-LeaderElection59] INFO  server.RaftServerConfigKeys (ConfUtils.java:logGet(46)) - raft.server.log.appender.install.snapshot.enabled = false (custom)
2024-02-22 20:34:14,052 [13f92446-3b18-4d81-bc66-0f9b00220e72@group-68F6D74661CE-LeaderElection59] INFO  grpc.GrpcConfigKeys (ConfUtils.java:logGet(46)) - raft.grpc.server.heartbeat.channel = true (default)
2024-02-22 20:34:14,052 [13f92446-3b18-4d81-bc66-0f9b00220e72@group-68F6D74661CE-LeaderElection59] INFO  impl.RoleInfo (RoleInfo.java:updateAndGet(139)) - 13f92446-3b18-4d81-bc66-0f9b00220e72: start 13f92446-3b18-4d81-bc66-0f9b00220e72@group-68F6D74661CE-LeaderStateImpl
2024-02-22 20:34:14,052 [13f92446-3b18-4d81-bc66-0f9b00220e72@group-68F6D74661CE-LeaderElection59] INFO  server.RaftServer$Division (RaftServerImpl.java:setFirstElection(574)) - 13f92446-3b18-4d81-bc66-0f9b00220e72@group-68F6D74661CE: set firstElectionSinceStartup to false for becomeLeader
2024-02-22 20:34:14,052 [13f92446-3b18-4d81-bc66-0f9b00220e72@group-68F6D74661CE-LeaderElection59] INFO  ratis.XceiverServerRatis (XceiverServerRatis.java:handleLeaderChangedNotification(966)) - Leader change notification received for group: group-68F6D74661CE with new leaderId: 13f92446-3b18-4d81-bc66-0f9b00220e72
2024-02-22 20:34:14,053 [13f92446-3b18-4d81-bc66-0f9b00220e72@group-68F6D74661CE-LeaderElection59] INFO  server.RaftServer$Division (ServerState.java:setLeader(269)) - 13f92446-3b18-4d81-bc66-0f9b00220e72@group-68F6D74661CE: change Leader from null to 13f92446-3b18-4d81-bc66-0f9b00220e72 at term 1 for becomeLeader, leader elected after 5191ms
2024-02-22 20:34:14,053 [13f92446-3b18-4d81-bc66-0f9b00220e72@group-68F6D74661CE-LeaderElection59] INFO  segmented.SegmentedRaftLogWorker (SegmentedRaftLogWorker.java:startLogSegment(430)) - 13f92446-3b18-4d81-bc66-0f9b00220e72@group-68F6D74661CE-SegmentedRaftLogWorker: Starting segment from index:0
2024-02-22 20:34:14,053 [13f92446-3b18-4d81-bc66-0f9b00220e72@group-68F6D74661CE-SegmentedRaftLogWorker] INFO  segmented.BufferedWriteChannel (BufferedWriteChannel.java:open(62)) - open log_inprogress_0 at position 0
2024-02-22 20:34:14,055 [13f92446-3b18-4d81-bc66-0f9b00220e72@group-68F6D74661CE-LeaderElection59] INFO  server.RaftServer$Division (ServerState.java:setRaftConf(386)) - 13f92446-3b18-4d81-bc66-0f9b00220e72@group-68F6D74661CE: set configuration 0: peers:[78f89d9b-e409-4704-890b-bfcfbcdfd28a|10.1.0.33:15086, c30fedce-f286-40e0-881d-3d5a9a6e2463|10.1.0.33:15068, 13f92446-3b18-4d81-bc66-0f9b00220e72|10.1.0.33:15077]|listeners:[], old=null
2024-02-22 20:34:14,056 [EventQueue-PipelineReportForPipelineReportHandler] INFO  pipeline.PipelineReportHandler (PipelineReportHandler.java:processPipelineReport(136)) - Opened pipeline PipelineID=1bcde526-35df-43d7-9d8e-68f6d74661ce
2024-02-22 20:34:14,061 [78f89d9b-e409-4704-890b-bfcfbcdfd28a-server-thread1] INFO  ratis.XceiverServerRatis (XceiverServerRatis.java:handleLeaderChangedNotification(966)) - Leader change notification received for group: group-68F6D74661CE with new leaderId: 13f92446-3b18-4d81-bc66-0f9b00220e72
2024-02-22 20:34:14,061 [78f89d9b-e409-4704-890b-bfcfbcdfd28a-server-thread1] INFO  server.RaftServer$Division (ServerState.java:setLeader(269)) - 78f89d9b-e409-4704-890b-bfcfbcdfd28a@group-68F6D74661CE: change Leader from null to 13f92446-3b18-4d81-bc66-0f9b00220e72 at term 1 for appendEntries, leader elected after 5177ms
2024-02-22 20:34:14,061 [c30fedce-f286-40e0-881d-3d5a9a6e2463-server-thread1] INFO  ratis.XceiverServerRatis (XceiverServerRatis.java:handleLeaderChangedNotification(966)) - Leader change notification received for group: group-68F6D74661CE with new leaderId: 13f92446-3b18-4d81-bc66-0f9b00220e72
2024-02-22 20:34:14,061 [c30fedce-f286-40e0-881d-3d5a9a6e2463-server-thread1] INFO  server.RaftServer$Division (ServerState.java:setLeader(269)) - c30fedce-f286-40e0-881d-3d5a9a6e2463@group-68F6D74661CE: change Leader from null to 13f92446-3b18-4d81-bc66-0f9b00220e72 at term 1 for appendEntries, leader elected after 5220ms
2024-02-22 20:34:14,066 [78f89d9b-e409-4704-890b-bfcfbcdfd28a-server-thread1] INFO  server.RaftServer$Division (ServerState.java:setRaftConf(386)) - 78f89d9b-e409-4704-890b-bfcfbcdfd28a@group-68F6D74661CE: set configuration 0: peers:[78f89d9b-e409-4704-890b-bfcfbcdfd28a|10.1.0.33:15086, c30fedce-f286-40e0-881d-3d5a9a6e2463|10.1.0.33:15068, 13f92446-3b18-4d81-bc66-0f9b00220e72|10.1.0.33:15077]|listeners:[], old=null
2024-02-22 20:34:14,066 [78f89d9b-e409-4704-890b-bfcfbcdfd28a-server-thread1] INFO  segmented.SegmentedRaftLogWorker (SegmentedRaftLogWorker.java:startLogSegment(430)) - 78f89d9b-e409-4704-890b-bfcfbcdfd28a@group-68F6D74661CE-SegmentedRaftLogWorker: Starting segment from index:0
2024-02-22 20:34:14,066 [13f92446-3b18-4d81-bc66-0f9b00220e72@group-68F6D74661CE-SegmentedRaftLogWorker] INFO  segmented.SegmentedRaftLogWorker (SegmentedRaftLogWorker.java:execute(634)) - 13f92446-3b18-4d81-bc66-0f9b00220e72@group-68F6D74661CE-SegmentedRaftLogWorker: created new log segment /home/runner/work/ozone/ozone/hadoop-ozone/integration-test/target/test-dir/MiniOzoneClusterImpl-a0fc024b-a492-45a5-9697-b0d14f72cb5c/datanode-7/data/ratis/1bcde526-35df-43d7-9d8e-68f6d74661ce/current/log_inprogress_0
2024-02-22 20:34:14,066 [78f89d9b-e409-4704-890b-bfcfbcdfd28a@group-68F6D74661CE-SegmentedRaftLogWorker] INFO  segmented.BufferedWriteChannel (BufferedWriteChannel.java:open(62)) - open log_inprogress_0 at position 0
2024-02-22 20:34:14,067 [c30fedce-f286-40e0-881d-3d5a9a6e2463-server-thread2] INFO  server.RaftServer$Division (ServerState.java:setRaftConf(386)) - c30fedce-f286-40e0-881d-3d5a9a6e2463@group-68F6D74661CE: set configuration 0: peers:[78f89d9b-e409-4704-890b-bfcfbcdfd28a|10.1.0.33:15086, c30fedce-f286-40e0-881d-3d5a9a6e2463|10.1.0.33:15068, 13f92446-3b18-4d81-bc66-0f9b00220e72|10.1.0.33:15077]|listeners:[], old=null
2024-02-22 20:34:14,068 [c30fedce-f286-40e0-881d-3d5a9a6e2463-server-thread2] INFO  segmented.SegmentedRaftLogWorker (SegmentedRaftLogWorker.java:startLogSegment(430)) - c30fedce-f286-40e0-881d-3d5a9a6e2463@group-68F6D74661CE-SegmentedRaftLogWorker: Starting segment from index:0
2024-02-22 20:34:14,068 [c30fedce-f286-40e0-881d-3d5a9a6e2463@group-68F6D74661CE-SegmentedRaftLogWorker] INFO  segmented.BufferedWriteChannel (BufferedWriteChannel.java:open(62)) - open log_inprogress_0 at position 0
2024-02-22 20:34:14,078 [78f89d9b-e409-4704-890b-bfcfbcdfd28a@group-68F6D74661CE-SegmentedRaftLogWorker] INFO  segmented.SegmentedRaftLogWorker (SegmentedRaftLogWorker.java:execute(634)) - 78f89d9b-e409-4704-890b-bfcfbcdfd28a@group-68F6D74661CE-SegmentedRaftLogWorker: created new log segment /home/runner/work/ozone/ozone/hadoop-ozone/integration-test/target/test-dir/MiniOzoneClusterImpl-a0fc024b-a492-45a5-9697-b0d14f72cb5c/datanode-8/data/ratis/1bcde526-35df-43d7-9d8e-68f6d74661ce/current/log_inprogress_0
2024-02-22 20:34:14,079 [c30fedce-f286-40e0-881d-3d5a9a6e2463@group-68F6D74661CE-SegmentedRaftLogWorker] INFO  segmented.SegmentedRaftLogWorker (SegmentedRaftLogWorker.java:execute(634)) - c30fedce-f286-40e0-881d-3d5a9a6e2463@group-68F6D74661CE-SegmentedRaftLogWorker: created new log segment /home/runner/work/ozone/ozone/hadoop-ozone/integration-test/target/test-dir/MiniOzoneClusterImpl-a0fc024b-a492-45a5-9697-b0d14f72cb5c/datanode-6/data/ratis/1bcde526-35df-43d7-9d8e-68f6d74661ce/current/log_inprogress_0
2024-02-22 20:34:14,081 [13f92446-3b18-4d81-bc66-0f9b00220e72@group-68F6D74661CE-StateMachineUpdater] INFO  server.RaftServer$Division (LeaderStateImpl.java:isApplied(320)) - leader is ready since appliedIndex == 0 >= startIndex == 0
2024-02-22 20:34:17,522 [13f92446-3b18-4d81-bc66-0f9b00220e72@group-E8E8A0364F52-FollowerState] INFO  impl.FollowerState (FollowerState.java:run(143)) - 13f92446-3b18-4d81-bc66-0f9b00220e72@group-E8E8A0364F52-FollowerState: change to CANDIDATE, lastRpcElapsedTime:5154578774ns, electionTimeout:5154ms
2024-02-22 20:34:17,523 [13f92446-3b18-4d81-bc66-0f9b00220e72@group-E8E8A0364F52-FollowerState] INFO  impl.RoleInfo (RoleInfo.java:shutdownFollowerState(110)) - 13f92446-3b18-4d81-bc66-0f9b00220e72: shutdown 13f92446-3b18-4d81-bc66-0f9b00220e72@group-E8E8A0364F52-FollowerState
2024-02-22 20:34:17,523 [13f92446-3b18-4d81-bc66-0f9b00220e72@group-E8E8A0364F52-FollowerState] INFO  server.RaftServer$Division (RaftServerImpl.java:setRole(383)) - 13f92446-3b18-4d81-bc66-0f9b00220e72@group-E8E8A0364F52: changes role from  FOLLOWER to CANDIDATE at term 0 for changeToCandidate
2024-02-22 20:34:17,523 [13f92446-3b18-4d81-bc66-0f9b00220e72@group-E8E8A0364F52-FollowerState] INFO  server.RaftServerConfigKeys (ConfUtils.java:logGet(46)) - raft.server.leaderelection.pre-vote = true (default)
2024-02-22 20:34:17,523 [13f92446-3b18-4d81-bc66-0f9b00220e72@group-E8E8A0364F52-FollowerState] INFO  impl.RoleInfo (RoleInfo.java:updateAndGet(139)) - 13f92446-3b18-4d81-bc66-0f9b00220e72: start 13f92446-3b18-4d81-bc66-0f9b00220e72@group-E8E8A0364F52-LeaderElection60
2024-02-22 20:34:17,525 [13f92446-3b18-4d81-bc66-0f9b00220e72@group-E8E8A0364F52-LeaderElection60] INFO  impl.LeaderElection (LeaderElection.java:askForVotes(321)) - 13f92446-3b18-4d81-bc66-0f9b00220e72@group-E8E8A0364F52-LeaderElection60 PRE_VOTE round 0: submit vote requests at term 0 for -1: peers:[13f92446-3b18-4d81-bc66-0f9b00220e72|10.1.0.33:15077]|listeners:[], old=null
2024-02-22 20:34:17,525 [13f92446-3b18-4d81-bc66-0f9b00220e72@group-E8E8A0364F52-LeaderElection60] INFO  impl.LeaderElection (LeaderElection.java:askForVotes(323)) - 13f92446-3b18-4d81-bc66-0f9b00220e72@group-E8E8A0364F52-LeaderElection60 PRE_VOTE round 0: result PASSED (term=0)
2024-02-22 20:34:17,526 [13f92446-3b18-4d81-bc66-0f9b00220e72@group-E8E8A0364F52-LeaderElection60] INFO  impl.LeaderElection (LeaderElection.java:askForVotes(321)) - 13f92446-3b18-4d81-bc66-0f9b00220e72@group-E8E8A0364F52-LeaderElection60 ELECTION round 0: submit vote requests at term 1 for -1: peers:[13f92446-3b18-4d81-bc66-0f9b00220e72|10.1.0.33:15077]|listeners:[], old=null
2024-02-22 20:34:17,526 [13f92446-3b18-4d81-bc66-0f9b00220e72@group-E8E8A0364F52-LeaderElection60] INFO  impl.LeaderElection (LeaderElection.java:askForVotes(323)) - 13f92446-3b18-4d81-bc66-0f9b00220e72@group-E8E8A0364F52-LeaderElection60 ELECTION round 0: result PASSED (term=1)
2024-02-22 20:34:17,526 [13f92446-3b18-4d81-bc66-0f9b00220e72@group-E8E8A0364F52-LeaderElection60] INFO  impl.RoleInfo (RoleInfo.java:shutdownLeaderElection(130)) - 13f92446-3b18-4d81-bc66-0f9b00220e72: shutdown 13f92446-3b18-4d81-bc66-0f9b00220e72@group-E8E8A0364F52-LeaderElection60
2024-02-22 20:34:17,526 [13f92446-3b18-4d81-bc66-0f9b00220e72@group-E8E8A0364F52-LeaderElection60] INFO  server.RaftServer$Division (RaftServerImpl.java:setRole(383)) - 13f92446-3b18-4d81-bc66-0f9b00220e72@group-E8E8A0364F52: changes role from CANDIDATE to LEADER at term 1 for changeToLeader
2024-02-22 20:34:17,526 [13f92446-3b18-4d81-bc66-0f9b00220e72@group-E8E8A0364F52-LeaderElection60] INFO  server.RaftServerConfigKeys (ConfUtils.java:logGet(46)) - raft.server.staging.catchup.gap = 1000 (default)
2024-02-22 20:34:17,526 [13f92446-3b18-4d81-bc66-0f9b00220e72@group-E8E8A0364F52-LeaderElection60] INFO  server.RaftServerConfigKeys (ConfUtils.java:logGet(46)) - raft.server.write.element-limit = 1024 (custom)
2024-02-22 20:34:17,526 [13f92446-3b18-4d81-bc66-0f9b00220e72@group-E8E8A0364F52-LeaderElection60] INFO  server.RaftServerConfigKeys (ConfUtils.java:logGet(46)) - raft.server.write.byte-limit = 1024 M (=1073741824) (custom)
2024-02-22 20:34:17,527 [13f92446-3b18-4d81-bc66-0f9b00220e72@group-E8E8A0364F52-LeaderElection60] INFO  server.RaftServerConfigKeys (ConfUtils.java:logGet(46)) - raft.server.watch.timeout = 180s (custom)
2024-02-22 20:34:17,527 [13f92446-3b18-4d81-bc66-0f9b00220e72@group-E8E8A0364F52-LeaderElection60] INFO  server.RaftServerConfigKeys (ConfUtils.java:logGet(46)) - raft.server.watch.timeout.denomination = 1s (default)
2024-02-22 20:34:17,527 [13f92446-3b18-4d81-bc66-0f9b00220e72@group-E8E8A0364F52-LeaderElection60] INFO  server.RaftServerConfigKeys (ConfUtils.java:logGet(46)) - raft.server.watch.element-limit = 65536 (default)
2024-02-22 20:34:17,527 [13f92446-3b18-4d81-bc66-0f9b00220e72@group-E8E8A0364F52-LeaderElection60] INFO  server.RaftServerConfigKeys (ConfUtils.java:logGet(46)) - raft.server.read.leader.lease.enabled = false (default)
2024-02-22 20:34:17,527 [13f92446-3b18-4d81-bc66-0f9b00220e72@group-E8E8A0364F52-LeaderElection60] INFO  server.RaftServerConfigKeys (ConfUtils.java:logGet(46)) - raft.server.read.leader.lease.timeout.ratio = 0.9 (default)
2024-02-22 20:34:17,527 [13f92446-3b18-4d81-bc66-0f9b00220e72@group-E8E8A0364F52-LeaderElection60] INFO  server.RaftServerConfigKeys (ConfUtils.java:logGet(46)) - raft.server.rpc.timeout.min = 5s (custom)
2024-02-22 20:34:17,527 [13f92446-3b18-4d81-bc66-0f9b00220e72@group-E8E8A0364F52-LeaderElection60] INFO  server.RaftServerConfigKeys (ConfUtils.java:logGet(46)) - raft.server.write.element-limit = 1024 (custom)
2024-02-22 20:34:17,527 [13f92446-3b18-4d81-bc66-0f9b00220e72@group-E8E8A0364F52-LeaderElection60] INFO  server.RaftServerConfigKeys (ConfUtils.java:logGet(46)) - raft.server.write.follower.gap.ratio.max = -1.0 (default)
2024-02-22 20:34:17,527 [13f92446-3b18-4d81-bc66-0f9b00220e72@group-E8E8A0364F52-LeaderElection60] INFO  impl.RoleInfo (RoleInfo.java:updateAndGet(139)) - 13f92446-3b18-4d81-bc66-0f9b00220e72: start 13f92446-3b18-4d81-bc66-0f9b00220e72@group-E8E8A0364F52-LeaderStateImpl
2024-02-22 20:34:17,527 [13f92446-3b18-4d81-bc66-0f9b00220e72@group-E8E8A0364F52-LeaderElection60] INFO  server.RaftServer$Division (RaftServerImpl.java:setFirstElection(574)) - 13f92446-3b18-4d81-bc66-0f9b00220e72@group-E8E8A0364F52: set firstElectionSinceStartup to false for becomeLeader
2024-02-22 20:34:17,527 [13f92446-3b18-4d81-bc66-0f9b00220e72@group-E8E8A0364F52-LeaderElection60] INFO  ratis.XceiverServerRatis (XceiverServerRatis.java:handleLeaderChangedNotification(966)) - Leader change notification received for group: group-E8E8A0364F52 with new leaderId: 13f92446-3b18-4d81-bc66-0f9b00220e72
2024-02-22 20:34:17,528 [13f92446-3b18-4d81-bc66-0f9b00220e72@group-E8E8A0364F52-LeaderElection60] INFO  server.RaftServer$Division (ServerState.java:setLeader(269)) - 13f92446-3b18-4d81-bc66-0f9b00220e72@group-E8E8A0364F52: change Leader from null to 13f92446-3b18-4d81-bc66-0f9b00220e72 at term 1 for becomeLeader, leader elected after 5171ms
2024-02-22 20:34:17,528 [13f92446-3b18-4d81-bc66-0f9b00220e72@group-E8E8A0364F52-LeaderElection60] INFO  segmented.SegmentedRaftLogWorker (SegmentedRaftLogWorker.java:startLogSegment(430)) - 13f92446-3b18-4d81-bc66-0f9b00220e72@group-E8E8A0364F52-SegmentedRaftLogWorker: Starting segment from index:0
2024-02-22 20:34:17,528 [13f92446-3b18-4d81-bc66-0f9b00220e72@group-E8E8A0364F52-SegmentedRaftLogWorker] INFO  segmented.BufferedWriteChannel (BufferedWriteChannel.java:open(62)) - open log_inprogress_0 at position 0
2024-02-22 20:34:17,533 [13f92446-3b18-4d81-bc66-0f9b00220e72@group-E8E8A0364F52-LeaderElection60] INFO  server.RaftServer$Division (ServerState.java:setRaftConf(386)) - 13f92446-3b18-4d81-bc66-0f9b00220e72@group-E8E8A0364F52: set configuration 0: peers:[13f92446-3b18-4d81-bc66-0f9b00220e72|10.1.0.33:15077]|listeners:[], old=null
2024-02-22 20:34:17,536 [13f92446-3b18-4d81-bc66-0f9b00220e72@group-E8E8A0364F52-SegmentedRaftLogWorker] INFO  segmented.SegmentedRaftLogWorker (SegmentedRaftLogWorker.java:execute(634)) - 13f92446-3b18-4d81-bc66-0f9b00220e72@group-E8E8A0364F52-SegmentedRaftLogWorker: created new log segment /home/runner/work/ozone/ozone/hadoop-ozone/integration-test/target/test-dir/MiniOzoneClusterImpl-a0fc024b-a492-45a5-9697-b0d14f72cb5c/datanode-7/data/ratis/6dc9a45d-f13a-4834-a9c0-e8e8a0364f52/current/log_inprogress_0
2024-02-22 20:34:17,537 [13f92446-3b18-4d81-bc66-0f9b00220e72@group-E8E8A0364F52-StateMachineUpdater] INFO  server.RaftServer$Division (LeaderStateImpl.java:isApplied(320)) - leader is ready since appliedIndex == 0 >= startIndex == 0
2024-02-22 20:34:18,307 [OverReplicatedProcessor] INFO  replication.ReplicationManager (ReplicationManager.java:sendDatanodeCommand(678)) - Sending command [deleteContainerCommand: containerID: 1, replicaIndex: 1, force: true] for container ContainerInfo{id=#1, state=CLOSED, stateEnterTime=2024-02-22T20:33:49.107Z, pipelineID=PipelineID=81ff5ff8-3747-4d3b-94d0-19b6e1b1e1f7, owner=omServiceIdDefault} to 13f92446-3b18-4d81-bc66-0f9b00220e72(fv-az779-213.k0faouyluq4u1aavuapgg5xmpb.cx.internal.cloudapp.net/10.1.0.33) with datanode deadline 1708634628306 and scm deadline 1708634658306
2024-02-22 20:34:18,307 [OverReplicatedProcessor] INFO  replication.UnhealthyReplicationProcessor (UnhealthyReplicationProcessor.java:processAll(138)) - Processed 1 containers with health state counts {OVER_REPLICATED=1}, failed processing 0, deferred due to load 0
2024-02-22 20:34:18,307 [ReplicationMonitor] INFO  replication.ReplicationManager (ReplicationManager.java:processAll(398)) - Replication Monitor Thread took 4 milliseconds for processing 1 containers.
2024-02-22 20:34:19,031 [13f92446-3b18-4d81-bc66-0f9b00220e72-DeleteContainerThread-0] INFO  keyvalue.KeyValueContainer (KeyValueContainer.java:markContainerForDelete(424)) - Moving container /home/runner/work/ozone/ozone/hadoop-ozone/integration-test/target/test-dir/MiniOzoneClusterImpl-a0fc024b-a492-45a5-9697-b0d14f72cb5c/datanode-7/data-0/containers/hdds/a0fc024b-a492-45a5-9697-b0d14f72cb5c/current/containerDir0/1 to state DELETED from state:CLOSED
]]></system-out>
  </testcase>
  <testcase name="testECContainerRecoveryWithTimedOutRecovery" classname="org.apache.hadoop.ozone.container.TestECContainerRecovery" time="105.435">
    <error type="java.util.concurrent.TimeoutException"><![CDATA[java.util.concurrent.TimeoutException: 
Timed out waiting for condition. Thread diagnostics:
Timestamp: 2024-02-22 08:36:04,479

"IPC Server handler 89 on default port 15001" daemon prio=5 tid=243 timed_waiting
java.lang.Thread.State: TIMED_WAITING
        at sun.misc.Unsafe.park(Native Method)
        at java.util.concurrent.locks.LockSupport.parkNanos(LockSupport.java:215)
        at java.util.concurrent.locks.AbstractQueuedSynchronizer$ConditionObject.awaitNanos(AbstractQueuedSynchronizer.java:2078)
        at java.util.concurrent.LinkedBlockingQueue.poll(LinkedBlockingQueue.java:467)
        at org.apache.hadoop.ipc.CallQueueManager.take(CallQueueManager.java:317)
        at org.apache.hadoop.ipc.Server$Handler.run(Server.java:3014)
"StaleRecoveringContainerScrubbingService#3" daemon prio=5 tid=2000 in Object.wait()
java.lang.Thread.State: WAITING (on object monitor)
        at sun.misc.Unsafe.park(Native Method)
        at java.util.concurrent.locks.LockSupport.park(LockSupport.java:175)
        at java.util.concurrent.locks.AbstractQueuedSynchronizer$ConditionObject.await(AbstractQueuedSynchronizer.java:2039)
        at java.util.concurrent.ScheduledThreadPoolExecutor$DelayedWorkQueue.take(ScheduledThreadPoolExecutor.java:1088)
        at java.util.concurrent.ScheduledThreadPoolExecutor$DelayedWorkQueue.take(ScheduledThreadPoolExecutor.java:809)
        at java.util.concurrent.ThreadPoolExecutor.getTask(ThreadPoolExecutor.java:1074)
        at java.util.concurrent.ThreadPoolExecutor.runWorker(ThreadPoolExecutor.java:1134)
        at java.util.concurrent.ThreadPoolExecutor$Worker.run(ThreadPoolExecutor.java:624)
        at java.lang.Thread.run(Thread.java:750)
"86ab988c-fa9c-425d-a1c6-9004ff7fd93d-PipelineCommandHandlerThread-0"  prio=5 tid=965 in Object.wait()
java.lang.Thread.State: WAITING (on object monitor)
        at sun.misc.Unsafe.park(Native Method)
        at java.util.concurrent.locks.LockSupport.park(LockSupport.java:175)
        at java.util.concurrent.locks.AbstractQueuedSynchronizer$ConditionObject.await(AbstractQueuedSynchronizer.java:2039)
        at java.util.concurrent.LinkedBlockingQueue.take(LinkedBlockingQueue.java:442)
        at java.util.concurrent.ThreadPoolExecutor.getTask(ThreadPoolExecutor.java:1074)
        at java.util.concurrent.ThreadPoolExecutor.runWorker(ThreadPoolExecutor.java:1134)
        at java.util.concurrent.ThreadPoolExecutor$Worker.run(ThreadPoolExecutor.java:624)
        at java.lang.Thread.run(Thread.java:750)
"86ab988c-fa9c-425d-a1c6-9004ff7fd93d-CloseContainerThread-0"  prio=5 tid=1986 in Object.wait()
java.lang.Thread.State: WAITING (on object monitor)
        at sun.misc.Unsafe.park(Native Method)
        at java.util.concurrent.locks.LockSupport.park(LockSupport.java:175)
        at java.util.concurrent.locks.AbstractQueuedSynchronizer$ConditionObject.await(AbstractQueuedSynchronizer.java:2039)
        at java.util.concurrent.LinkedBlockingQueue.take(LinkedBlockingQueue.java:442)
        at java.util.concurrent.ThreadPoolExecutor.getTask(ThreadPoolExecutor.java:1074)
        at java.util.concurrent.ThreadPoolExecutor.runWorker(ThreadPoolExecutor.java:1134)
        at java.util.concurrent.ThreadPoolExecutor$Worker.run(ThreadPoolExecutor.java:624)
        at java.lang.Thread.run(Thread.java:750)
"prometheus" daemon prio=5 tid=367 in Object.wait()
java.lang.Thread.State: WAITING (on object monitor)
        at java.lang.Object.wait(Native Method)
        at java.lang.Object.wait(Object.java:502)
        at org.apache.hadoop.metrics2.impl.SinkQueue.waitForData(SinkQueue.java:114)
        at org.apache.hadoop.metrics2.impl.SinkQueue.consumeAll(SinkQueue.java:83)
        at org.apache.hadoop.metrics2.impl.MetricsSinkAdapter.publishMetricsFromQueue(MetricsSinkAdapter.java:135)
        at org.apache.hadoop.metrics2.impl.MetricsSinkAdapter$1.run(MetricsSinkAdapter.java:89)
"qtp2047373618-363" daemon prio=5 tid=363 timed_waiting
java.lang.Thread.State: TIMED_WAITING
        at sun.misc.Unsafe.park(Native Method)
        at java.util.concurrent.locks.LockSupport.parkNanos(LockSupport.java:215)
        at java.util.concurrent.locks.AbstractQueuedSynchronizer$ConditionObject.awaitNanos(AbstractQueuedSynchronizer.java:2078)
        at org.eclipse.jetty.util.BlockingArrayQueue.poll(BlockingArrayQueue.java:382)
        at org.eclipse.jetty.util.thread.QueuedThreadPool$Runner.idleJobPoll(QueuedThreadPool.java:974)
        at org.eclipse.jetty.util.thread.QueuedThreadPool$Runner.run(QueuedThreadPool.java:1018)
        at java.lang.Thread.run(Thread.java:750)
"om1-OpenKeyCleanupService#0" daemon prio=5 tid=397 timed_waiting
java.lang.Thread.State: TIMED_WAITING
        at sun.misc.Unsafe.park(Native Method)
        at java.util.concurrent.locks.LockSupport.parkNanos(LockSupport.java:215)
        at java.util.concurrent.locks.AbstractQueuedSynchronizer$ConditionObject.awaitNanos(AbstractQueuedSynchronizer.java:2078)
        at java.util.concurrent.ScheduledThreadPoolExecutor$DelayedWorkQueue.take(ScheduledThreadPoolExecutor.java:1093)
        at java.util.concurrent.ScheduledThreadPoolExecutor$DelayedWorkQueue.take(ScheduledThreadPoolExecutor.java:809)
        at java.util.concurrent.ThreadPoolExecutor.getTask(ThreadPoolExecutor.java:1074)
        at java.util.concurrent.ThreadPoolExecutor.runWorker(ThreadPoolExecutor.java:1134)
        at java.util.concurrent.ThreadPoolExecutor$Worker.run(ThreadPoolExecutor.java:624)
        at java.lang.Thread.run(Thread.java:750)
"qtp751996498-610" daemon prio=5 tid=610 runnable
java.lang.Thread.State: RUNNABLE
        at sun.nio.ch.EPollArrayWrapper.epollWait(Native Method)
        at sun.nio.ch.EPollArrayWrapper.poll(EPollArrayWrapper.java:269)
        at sun.nio.ch.EPollSelectorImpl.doSelect(EPollSelectorImpl.java:93)
        at sun.nio.ch.SelectorImpl.lockAndDoSelect(SelectorImpl.java:86)
        at sun.nio.ch.SelectorImpl.select(SelectorImpl.java:97)
        at sun.nio.ch.SelectorImpl.select(SelectorImpl.java:101)
        at org.eclipse.jetty.io.ManagedSelector.nioSelect(ManagedSelector.java:183)
        at org.eclipse.jetty.io.ManagedSelector.select(ManagedSelector.java:190)
        at org.eclipse.jetty.io.ManagedSelector$SelectorProducer.select(ManagedSelector.java:606)
        at org.eclipse.jetty.io.ManagedSelector$SelectorProducer.produce(ManagedSelector.java:543)
        at org.eclipse.jetty.util.thread.strategy.EatWhatYouKill.produceTask(EatWhatYouKill.java:362)
        at org.eclipse.jetty.util.thread.strategy.EatWhatYouKill.doProduce(EatWhatYouKill.java:186)
        at org.eclipse.jetty.util.thread.strategy.EatWhatYouKill.tryProduce(EatWhatYouKill.java:173)
        at org.eclipse.jetty.util.thread.strategy.EatWhatYouKill.produce(EatWhatYouKill.java:137)
        at org.eclipse.jetty.io.ManagedSelector$$Lambda$589/284576707.run(Unknown Source)
        at org.eclipse.jetty.util.thread.QueuedThreadPool.runJob(QueuedThreadPool.java:883)
        at org.eclipse.jetty.util.thread.QueuedThreadPool$Runner.run(QueuedThreadPool.java:1034)
        at java.lang.Thread.run(Thread.java:750)
"IPC Server handler 39 on default port 15001" daemon prio=5 tid=193 timed_waiting
java.lang.Thread.State: TIMED_WAITING
        at sun.misc.Unsafe.park(Native Method)
        at java.util.concurrent.locks.LockSupport.parkNanos(LockSupport.java:215)
        at java.util.concurrent.locks.AbstractQueuedSynchronizer$ConditionObject.awaitNanos(AbstractQueuedSynchronizer.java:2078)
        at java.util.concurrent.LinkedBlockingQueue.poll(LinkedBlockingQueue.java:467)
        at org.apache.hadoop.ipc.CallQueueManager.take(CallQueueManager.java:317)
        at org.apache.hadoop.ipc.Server$Handler.run(Server.java:3014)
"d25dc3b0-28fc-4383-b1a0-617845025f41-PeriodicHDDSVolumeChecker" daemon prio=5 tid=752 timed_waiting
java.lang.Thread.State: TIMED_WAITING
        at sun.misc.Unsafe.park(Native Method)
        at java.util.concurrent.locks.LockSupport.parkNanos(LockSupport.java:215)
        at java.util.concurrent.locks.AbstractQueuedSynchronizer$ConditionObject.awaitNanos(AbstractQueuedSynchronizer.java:2078)
        at java.util.concurrent.ScheduledThreadPoolExecutor$DelayedWorkQueue.take(ScheduledThreadPoolExecutor.java:1093)
        at java.util.concurrent.ScheduledThreadPoolExecutor$DelayedWorkQueue.take(ScheduledThreadPoolExecutor.java:809)
        at java.util.concurrent.ThreadPoolExecutor.getTask(ThreadPoolExecutor.java:1074)
        at java.util.concurrent.ThreadPoolExecutor.runWorker(ThreadPoolExecutor.java:1134)
        at java.util.concurrent.ThreadPoolExecutor$Worker.run(ThreadPoolExecutor.java:624)
        at java.lang.Thread.run(Thread.java:750)
"IPC Server handler 42 on default port 15000" daemon prio=5 tid=96 timed_waiting
java.lang.Thread.State: TIMED_WAITING
        at sun.misc.Unsafe.park(Native Method)
        at java.util.concurrent.locks.LockSupport.parkNanos(LockSupport.java:215)
        at java.util.concurrent.locks.AbstractQueuedSynchronizer$ConditionObject.awaitNanos(AbstractQueuedSynchronizer.java:2078)
        at java.util.concurrent.LinkedBlockingQueue.poll(LinkedBlockingQueue.java:467)
        at org.apache.hadoop.ipc.CallQueueManager.take(CallQueueManager.java:317)
        at org.apache.hadoop.ipc.Server$Handler.run(Server.java:3014)
"FixedThreadPoolWithAffinityExecutor-9-0" daemon prio=5 tid=52 timed_waiting
java.lang.Thread.State: TIMED_WAITING
        at sun.misc.Unsafe.park(Native Method)
        at java.util.concurrent.locks.LockSupport.parkNanos(LockSupport.java:215)
        at java.util.concurrent.locks.AbstractQueuedSynchronizer$ConditionObject.awaitNanos(AbstractQueuedSynchronizer.java:2078)
        at java.util.concurrent.LinkedBlockingQueue.poll(LinkedBlockingQueue.java:467)
        at org.apache.hadoop.hdds.scm.server.ContainerReportQueue.poll(ContainerReportQueue.java:269)
        at org.apache.hadoop.hdds.scm.server.ContainerReportQueue.poll(ContainerReportQueue.java:42)
        at org.apache.hadoop.hdds.server.events.FixedThreadPoolWithAffinityExecutor$ContainerReportProcessTask.run(FixedThreadPoolWithAffinityExecutor.java:253)
        at java.util.concurrent.Executors$RunnableAdapter.call(Executors.java:511)
        at java.util.concurrent.FutureTask.run(FutureTask.java:266)
        at java.util.concurrent.ThreadPoolExecutor.runWorker(ThreadPoolExecutor.java:1149)
        at java.util.concurrent.ThreadPoolExecutor$Worker.run(ThreadPoolExecutor.java:624)
        at java.lang.Thread.run(Thread.java:750)
"IPC Server handler 31 on default port 15002" daemon prio=5 tid=285 timed_waiting
java.lang.Thread.State: TIMED_WAITING
        at sun.misc.Unsafe.park(Native Method)
        at java.util.concurrent.locks.LockSupport.parkNanos(LockSupport.java:215)
        at java.util.concurrent.locks.AbstractQueuedSynchronizer$ConditionObject.awaitNanos(AbstractQueuedSynchronizer.java:2078)
        at java.util.concurrent.LinkedBlockingQueue.poll(LinkedBlockingQueue.java:467)
        at org.apache.hadoop.ipc.CallQueueManager.take(CallQueueManager.java:317)
        at org.apache.hadoop.ipc.Server$Handler.run(Server.java:3014)
"SCMBlockDeletingService#0" daemon prio=5 tid=354 timed_waiting
java.lang.Thread.State: TIMED_WAITING
        at sun.misc.Unsafe.park(Native Method)
        at java.util.concurrent.locks.LockSupport.parkNanos(LockSupport.java:215)
        at java.util.concurrent.locks.AbstractQueuedSynchronizer$ConditionObject.awaitNanos(AbstractQueuedSynchronizer.java:2078)
        at java.util.concurrent.ScheduledThreadPoolExecutor$DelayedWorkQueue.take(ScheduledThreadPoolExecutor.java:1093)
        at java.util.concurrent.ScheduledThreadPoolExecutor$DelayedWorkQueue.take(ScheduledThreadPoolExecutor.java:809)
        at java.util.concurrent.ThreadPoolExecutor.getTask(ThreadPoolExecutor.java:1074)
        at java.util.concurrent.ThreadPoolExecutor.runWorker(ThreadPoolExecutor.java:1134)
        at java.util.concurrent.ThreadPoolExecutor$Worker.run(ThreadPoolExecutor.java:624)
        at java.lang.Thread.run(Thread.java:750)
"13f92446-3b18-4d81-bc66-0f9b00220e72-DeleteContainerThread-0"  prio=5 tid=2215 in Object.wait()
java.lang.Thread.State: WAITING (on object monitor)
        at sun.misc.Unsafe.park(Native Method)
        at java.util.concurrent.locks.LockSupport.park(LockSupport.java:175)
        at java.util.concurrent.locks.AbstractQueuedSynchronizer$ConditionObject.await(AbstractQueuedSynchronizer.java:2039)
        at java.util.concurrent.LinkedBlockingQueue.take(LinkedBlockingQueue.java:442)
        at java.util.concurrent.ThreadPoolExecutor.getTask(ThreadPoolExecutor.java:1074)
        at java.util.concurrent.ThreadPoolExecutor.runWorker(ThreadPoolExecutor.java:1134)
        at java.util.concurrent.ThreadPoolExecutor$Worker.run(ThreadPoolExecutor.java:624)
        at java.lang.Thread.run(Thread.java:750)
"13f92446-3b18-4d81-bc66-0f9b00220e72-DatanodeStateMachineTaskThread-0"  prio=5 tid=2067 in Object.wait()
java.lang.Thread.State: WAITING (on object monitor)
        at sun.misc.Unsafe.park(Native Method)
        at java.util.concurrent.locks.LockSupport.park(LockSupport.java:175)
        at java.util.concurrent.locks.AbstractQueuedSynchronizer$ConditionObject.await(AbstractQueuedSynchronizer.java:2039)
        at java.util.concurrent.LinkedBlockingQueue.take(LinkedBlockingQueue.java:442)
        at java.util.concurrent.ThreadPoolExecutor.getTask(ThreadPoolExecutor.java:1074)
        at java.util.concurrent.ThreadPoolExecutor.runWorker(ThreadPoolExecutor.java:1134)
        at java.util.concurrent.ThreadPoolExecutor$Worker.run(ThreadPoolExecutor.java:624)
        at java.lang.Thread.run(Thread.java:750)
"qtp122073438-2045" daemon prio=5 tid=2045 runnable
java.lang.Thread.State: RUNNABLE
        at sun.nio.ch.EPollArrayWrapper.epollWait(Native Method)
        at sun.nio.ch.EPollArrayWrapper.poll(EPollArrayWrapper.java:269)
        at sun.nio.ch.EPollSelectorImpl.doSelect(EPollSelectorImpl.java:93)
        at sun.nio.ch.SelectorImpl.lockAndDoSelect(SelectorImpl.java:86)
        at sun.nio.ch.SelectorImpl.select(SelectorImpl.java:97)
        at sun.nio.ch.SelectorImpl.select(SelectorImpl.java:101)
        at org.eclipse.jetty.io.ManagedSelector.nioSelect(ManagedSelector.java:183)
        at org.eclipse.jetty.io.ManagedSelector.select(ManagedSelector.java:190)
        at org.eclipse.jetty.io.ManagedSelector$SelectorProducer.select(ManagedSelector.java:606)
        at org.eclipse.jetty.io.ManagedSelector$SelectorProducer.produce(ManagedSelector.java:543)
        at org.eclipse.jetty.util.thread.strategy.EatWhatYouKill.produceTask(EatWhatYouKill.java:362)
        at org.eclipse.jetty.util.thread.strategy.EatWhatYouKill.doProduce(EatWhatYouKill.java:186)
        at org.eclipse.jetty.util.thread.strategy.EatWhatYouKill.tryProduce(EatWhatYouKill.java:173)
        at org.eclipse.jetty.util.thread.strategy.EatWhatYouKill.produce(EatWhatYouKill.java:137)
        at org.eclipse.jetty.io.ManagedSelector$$Lambda$589/284576707.run(Unknown Source)
        at org.eclipse.jetty.util.thread.QueuedThreadPool.runJob(QueuedThreadPool.java:883)
        at org.eclipse.jetty.util.thread.QueuedThreadPool$Runner.run(QueuedThreadPool.java:1034)
        at java.lang.Thread.run(Thread.java:750)
"IPC Server handler 63 on default port 15001" daemon prio=5 tid=217 timed_waiting
java.lang.Thread.State: TIMED_WAITING
        at sun.misc.Unsafe.park(Native Method)
        at java.util.concurrent.locks.LockSupport.parkNanos(LockSupport.java:215)
        at java.util.concurrent.locks.AbstractQueuedSynchronizer$ConditionObject.awaitNanos(AbstractQueuedSynchronizer.java:2078)
        at java.util.concurrent.LinkedBlockingQueue.poll(LinkedBlockingQueue.java:467)
        at org.apache.hadoop.ipc.CallQueueManager.take(CallQueueManager.java:317)
        at org.apache.hadoop.ipc.Server$Handler.run(Server.java:3014)
"qtp751996498-613" daemon prio=5 tid=613 timed_waiting
java.lang.Thread.State: TIMED_WAITING
        at sun.misc.Unsafe.park(Native Method)
        at java.util.concurrent.locks.LockSupport.parkNanos(LockSupport.java:215)
        at java.util.concurrent.locks.AbstractQueuedSynchronizer$ConditionObject.awaitNanos(AbstractQueuedSynchronizer.java:2078)
        at org.eclipse.jetty.util.BlockingArrayQueue.poll(BlockingArrayQueue.java:382)
        at org.eclipse.jetty.util.thread.QueuedThreadPool$Runner.idleJobPoll(QueuedThreadPool.java:974)
        at org.eclipse.jetty.util.thread.QueuedThreadPool$Runner.run(QueuedThreadPool.java:1018)
        at java.lang.Thread.run(Thread.java:750)
"Socket Reader #1 for port 15000"  prio=5 tid=39 runnable
java.lang.Thread.State: RUNNABLE
        at sun.nio.ch.EPollArrayWrapper.epollWait(Native Method)
        at sun.nio.ch.EPollArrayWrapper.poll(EPollArrayWrapper.java:269)
        at sun.nio.ch.EPollSelectorImpl.doSelect(EPollSelectorImpl.java:93)
        at sun.nio.ch.SelectorImpl.lockAndDoSelect(SelectorImpl.java:86)
        at sun.nio.ch.SelectorImpl.select(SelectorImpl.java:97)
        at sun.nio.ch.SelectorImpl.select(SelectorImpl.java:101)
        at org.apache.hadoop.ipc.Server$Listener$Reader.doRunLoop(Server.java:1346)
        at org.apache.hadoop.ipc.Server$Listener$Reader.run(Server.java:1325)
"IPC Server handler 99 on default port 15000" daemon prio=5 tid=153 timed_waiting
java.lang.Thread.State: TIMED_WAITING
        at sun.misc.Unsafe.park(Native Method)
        at java.util.concurrent.locks.LockSupport.parkNanos(LockSupport.java:215)
        at java.util.concurrent.locks.AbstractQueuedSynchronizer$ConditionObject.awaitNanos(AbstractQueuedSynchronizer.java:2078)
        at java.util.concurrent.LinkedBlockingQueue.poll(LinkedBlockingQueue.java:467)
        at org.apache.hadoop.ipc.CallQueueManager.take(CallQueueManager.java:317)
        at org.apache.hadoop.ipc.Server$Handler.run(Server.java:3014)
"4e8f68d6-fd98-4f77-87e3-715939181693@group-89543CF42D33->86ab988c-fa9c-425d-a1c6-9004ff7fd93d-GrpcLogAppender-LogAppenderDaemon" daemon prio=5 tid=1580 timed_waiting
java.lang.Thread.State: TIMED_WAITING
        at sun.misc.Unsafe.park(Native Method)
        at java.util.concurrent.locks.LockSupport.parkNanos(LockSupport.java:215)
        at java.util.concurrent.locks.AbstractQueuedSynchronizer$ConditionObject.await(AbstractQueuedSynchronizer.java:2163)
        at org.apache.ratis.util.AwaitForSignal.await(AwaitForSignal.java:65)
        at org.apache.ratis.grpc.server.GrpcLogAppender.mayWait(GrpcLogAppender.java:286)
        at org.apache.ratis.grpc.server.GrpcLogAppender.run(GrpcLogAppender.java:254)
        at org.apache.ratis.server.leader.LogAppenderDaemon.run(LogAppenderDaemon.java:80)
        at org.apache.ratis.server.leader.LogAppenderDaemon$$Lambda$1370/616798254.run(Unknown Source)
        at java.lang.Thread.run(Thread.java:750)
"Session-HouseKeeper-14ea6b28-1"  prio=5 tid=502 timed_waiting
java.lang.Thread.State: TIMED_WAITING
        at sun.misc.Unsafe.park(Native Method)
        at java.util.concurrent.locks.LockSupport.parkNanos(LockSupport.java:215)
        at java.util.concurrent.locks.AbstractQueuedSynchronizer$ConditionObject.awaitNanos(AbstractQueuedSynchronizer.java:2078)
        at java.util.concurrent.ScheduledThreadPoolExecutor$DelayedWorkQueue.take(ScheduledThreadPoolExecutor.java:1093)
        at java.util.concurrent.ScheduledThreadPoolExecutor$DelayedWorkQueue.take(ScheduledThreadPoolExecutor.java:809)
        at java.util.concurrent.ThreadPoolExecutor.getTask(ThreadPoolExecutor.java:1074)
        at java.util.concurrent.ThreadPoolExecutor.runWorker(ThreadPoolExecutor.java:1134)
        at java.util.concurrent.ThreadPoolExecutor$Worker.run(ThreadPoolExecutor.java:624)
        at java.lang.Thread.run(Thread.java:750)
"c30fedce-f286-40e0-881d-3d5a9a6e2463@group-34E96220011A-cacheEviction-AwaitToRun" daemon prio=5 tid=1358 in Object.wait()
java.lang.Thread.State: WAITING (on object monitor)
        at sun.misc.Unsafe.park(Native Method)
        at java.util.concurrent.locks.LockSupport.park(LockSupport.java:175)
        at java.util.concurrent.locks.AbstractQueuedSynchronizer$ConditionObject.await(AbstractQueuedSynchronizer.java:2039)
        at org.apache.ratis.util.AwaitForSignal.await(AwaitForSignal.java:48)
        at org.apache.ratis.util.AwaitToRun$RunnableImpl.run(AwaitToRun.java:47)
        at java.lang.Thread.run(Thread.java:750)
"IPC Server handler 62 on default port 15000" daemon prio=5 tid=116 timed_waiting
java.lang.Thread.State: TIMED_WAITING
        at sun.misc.Unsafe.park(Native Method)
        at java.util.concurrent.locks.LockSupport.parkNanos(LockSupport.java:215)
        at java.util.concurrent.locks.AbstractQueuedSynchronizer$ConditionObject.awaitNanos(AbstractQueuedSynchronizer.java:2078)
        at java.util.concurrent.LinkedBlockingQueue.poll(LinkedBlockingQueue.java:467)
        at org.apache.hadoop.ipc.CallQueueManager.take(CallQueueManager.java:317)
        at org.apache.hadoop.ipc.Server$Handler.run(Server.java:3014)
"78f89d9b-e409-4704-890b-bfcfbcdfd28a-DatanodeStateMachineTaskThread-1"  prio=5 tid=845 in Object.wait()
java.lang.Thread.State: WAITING (on object monitor)
        at sun.misc.Unsafe.park(Native Method)
        at java.util.concurrent.locks.LockSupport.park(LockSupport.java:175)
        at java.util.concurrent.locks.AbstractQueuedSynchronizer$ConditionObject.await(AbstractQueuedSynchronizer.java:2039)
        at java.util.concurrent.LinkedBlockingQueue.take(LinkedBlockingQueue.java:442)
        at java.util.concurrent.ThreadPoolExecutor.getTask(ThreadPoolExecutor.java:1074)
        at java.util.concurrent.ThreadPoolExecutor.runWorker(ThreadPoolExecutor.java:1134)
        at java.util.concurrent.ThreadPoolExecutor$Worker.run(ThreadPoolExecutor.java:624)
        at java.lang.Thread.run(Thread.java:750)
"c30fedce-f286-40e0-881d-3d5a9a6e2463@group-EA994A47DE23-SegmentedRaftLogWorker"  prio=5 tid=1027 timed_waiting
java.lang.Thread.State: TIMED_WAITING
        at sun.misc.Unsafe.park(Native Method)
        at java.util.concurrent.locks.LockSupport.parkNanos(LockSupport.java:215)
        at java.util.concurrent.locks.AbstractQueuedSynchronizer$ConditionObject.awaitNanos(AbstractQueuedSynchronizer.java:2078)
        at org.apache.ratis.util.DataBlockingQueue.poll(DataBlockingQueue.java:148)
        at org.apache.ratis.server.raftlog.segmented.SegmentedRaftLogWorker.run(SegmentedRaftLogWorker.java:299)
        at org.apache.ratis.server.raftlog.segmented.SegmentedRaftLogWorker$$Lambda$913/1052546256.run(Unknown Source)
        at java.util.concurrent.Executors$RunnableAdapter.call(Executors.java:511)
        at java.util.concurrent.FutureTask.run(FutureTask.java:266)
        at java.util.concurrent.ThreadPoolExecutor.runWorker(ThreadPoolExecutor.java:1149)
        at java.util.concurrent.ThreadPoolExecutor$Worker.run(ThreadPoolExecutor.java:624)
        at java.lang.Thread.run(Thread.java:750)
"4e8f68d6-fd98-4f77-87e3-715939181693@group-DD233808B888-cacheEviction-AwaitToRun" daemon prio=5 tid=933 in Object.wait()
java.lang.Thread.State: WAITING (on object monitor)
        at sun.misc.Unsafe.park(Native Method)
        at java.util.concurrent.locks.LockSupport.park(LockSupport.java:175)
        at java.util.concurrent.locks.AbstractQueuedSynchronizer$ConditionObject.await(AbstractQueuedSynchronizer.java:2039)
        at org.apache.ratis.util.AwaitForSignal.await(AwaitForSignal.java:48)
        at org.apache.ratis.util.AwaitToRun$RunnableImpl.run(AwaitToRun.java:47)
        at java.lang.Thread.run(Thread.java:750)
"e46a6e51-795f-4801-a523-c45a6c7f2c34-DatanodeStateMachineTaskThread-0"  prio=5 tid=460 in Object.wait()
java.lang.Thread.State: WAITING (on object monitor)
        at sun.misc.Unsafe.park(Native Method)
        at java.util.concurrent.locks.LockSupport.park(LockSupport.java:175)
        at java.util.concurrent.locks.AbstractQueuedSynchronizer$ConditionObject.await(AbstractQueuedSynchronizer.java:2039)
        at java.util.concurrent.LinkedBlockingQueue.take(LinkedBlockingQueue.java:442)
        at java.util.concurrent.ThreadPoolExecutor.getTask(ThreadPoolExecutor.java:1074)
        at java.util.concurrent.ThreadPoolExecutor.runWorker(ThreadPoolExecutor.java:1134)
        at java.util.concurrent.ThreadPoolExecutor$Worker.run(ThreadPoolExecutor.java:624)
        at java.lang.Thread.run(Thread.java:750)
"86ab988c-fa9c-425d-a1c6-9004ff7fd93d-ChunkReader-2" daemon prio=5 tid=1635 in Object.wait()
java.lang.Thread.State: WAITING (on object monitor)
        at sun.misc.Unsafe.park(Native Method)
        at java.util.concurrent.locks.LockSupport.park(LockSupport.java:175)
        at java.util.concurrent.locks.AbstractQueuedSynchronizer$ConditionObject.await(AbstractQueuedSynchronizer.java:2039)
        at java.util.concurrent.LinkedBlockingQueue.take(LinkedBlockingQueue.java:442)
        at java.util.concurrent.ThreadPoolExecutor.getTask(ThreadPoolExecutor.java:1074)
        at java.util.concurrent.ThreadPoolExecutor.runWorker(ThreadPoolExecutor.java:1134)
        at java.util.concurrent.ThreadPoolExecutor$Worker.run(ThreadPoolExecutor.java:624)
        at java.lang.Thread.run(Thread.java:750)
"IPC Server handler 46 on default port 15001" daemon prio=5 tid=200 timed_waiting
java.lang.Thread.State: TIMED_WAITING
        at sun.misc.Unsafe.park(Native Method)
        at java.util.concurrent.locks.LockSupport.parkNanos(LockSupport.java:215)
        at java.util.concurrent.locks.AbstractQueuedSynchronizer$ConditionObject.awaitNanos(AbstractQueuedSynchronizer.java:2078)
        at java.util.concurrent.LinkedBlockingQueue.poll(LinkedBlockingQueue.java:467)
        at org.apache.hadoop.ipc.CallQueueManager.take(CallQueueManager.java:317)
        at org.apache.hadoop.ipc.Server$Handler.run(Server.java:3014)
"IPC Server handler 57 on default port 15000" daemon prio=5 tid=111 timed_waiting
java.lang.Thread.State: TIMED_WAITING
        at sun.misc.Unsafe.park(Native Method)
        at java.util.concurrent.locks.LockSupport.parkNanos(LockSupport.java:215)
        at java.util.concurrent.locks.AbstractQueuedSynchronizer$ConditionObject.awaitNanos(AbstractQueuedSynchronizer.java:2078)
        at java.util.concurrent.LinkedBlockingQueue.poll(LinkedBlockingQueue.java:467)
        at org.apache.hadoop.ipc.CallQueueManager.take(CallQueueManager.java:317)
        at org.apache.hadoop.ipc.Server$Handler.run(Server.java:3014)
"13f92446-3b18-4d81-bc66-0f9b00220e72-BlockDeletingService#0" daemon prio=5 tid=2105 timed_waiting
java.lang.Thread.State: TIMED_WAITING
        at sun.misc.Unsafe.park(Native Method)
        at java.util.concurrent.locks.LockSupport.parkNanos(LockSupport.java:215)
        at java.util.concurrent.locks.AbstractQueuedSynchronizer$ConditionObject.awaitNanos(AbstractQueuedSynchronizer.java:2078)
        at java.util.concurrent.ScheduledThreadPoolExecutor$DelayedWorkQueue.take(ScheduledThreadPoolExecutor.java:1093)
        at java.util.concurrent.ScheduledThreadPoolExecutor$DelayedWorkQueue.take(ScheduledThreadPoolExecutor.java:809)
        at java.util.concurrent.ThreadPoolExecutor.getTask(ThreadPoolExecutor.java:1074)
        at java.util.concurrent.ThreadPoolExecutor.runWorker(ThreadPoolExecutor.java:1134)
        at java.util.concurrent.ThreadPoolExecutor$Worker.run(ThreadPoolExecutor.java:624)
        at java.lang.Thread.run(Thread.java:750)
"IPC Server handler 0 on default port 15055" daemon prio=5 tid=594 timed_waiting
java.lang.Thread.State: TIMED_WAITING
        at sun.misc.Unsafe.park(Native Method)
        at java.util.concurrent.locks.LockSupport.parkNanos(LockSupport.java:215)
        at java.util.concurrent.locks.AbstractQueuedSynchronizer$ConditionObject.awaitNanos(AbstractQueuedSynchronizer.java:2078)
        at java.util.concurrent.LinkedBlockingQueue.poll(LinkedBlockingQueue.java:467)
        at org.apache.hadoop.ipc.CallQueueManager.take(CallQueueManager.java:317)
        at org.apache.hadoop.ipc.Server$Handler.run(Server.java:3014)
"qtp480886755-494" daemon prio=5 tid=494 runnable
java.lang.Thread.State: RUNNABLE
        at sun.nio.ch.EPollArrayWrapper.epollWait(Native Method)
        at sun.nio.ch.EPollArrayWrapper.poll(EPollArrayWrapper.java:269)
        at sun.nio.ch.EPollSelectorImpl.doSelect(EPollSelectorImpl.java:93)
        at sun.nio.ch.SelectorImpl.lockAndDoSelect(SelectorImpl.java:86)
        at sun.nio.ch.SelectorImpl.select(SelectorImpl.java:97)
        at sun.nio.ch.SelectorImpl.select(SelectorImpl.java:101)
        at org.eclipse.jetty.io.ManagedSelector.nioSelect(ManagedSelector.java:183)
        at org.eclipse.jetty.io.ManagedSelector.select(ManagedSelector.java:190)
        at org.eclipse.jetty.io.ManagedSelector$SelectorProducer.select(ManagedSelector.java:606)
        at org.eclipse.jetty.io.ManagedSelector$SelectorProducer.produce(ManagedSelector.java:543)
        at org.eclipse.jetty.util.thread.strategy.EatWhatYouKill.produceTask(EatWhatYouKill.java:362)
        at org.eclipse.jetty.util.thread.strategy.EatWhatYouKill.doProduce(EatWhatYouKill.java:186)
        at org.eclipse.jetty.util.thread.strategy.EatWhatYouKill.tryProduce(EatWhatYouKill.java:173)
        at org.eclipse.jetty.util.thread.strategy.EatWhatYouKill.produce(EatWhatYouKill.java:137)
        at org.eclipse.jetty.io.ManagedSelector$$Lambda$589/284576707.run(Unknown Source)
        at org.eclipse.jetty.util.thread.QueuedThreadPool.runJob(QueuedThreadPool.java:883)
        at org.eclipse.jetty.util.thread.QueuedThreadPool$Runner.run(QueuedThreadPool.java:1034)
        at java.lang.Thread.run(Thread.java:750)
"IPC Server handler 10 on default port 15004" daemon prio=5 tid=422 timed_waiting
java.lang.Thread.State: TIMED_WAITING
        at sun.misc.Unsafe.park(Native Method)
        at java.util.concurrent.locks.LockSupport.parkNanos(LockSupport.java:215)
        at java.util.concurrent.locks.AbstractQueuedSynchronizer$ConditionObject.awaitNanos(AbstractQueuedSynchronizer.java:2078)
        at java.util.concurrent.LinkedBlockingQueue.poll(LinkedBlockingQueue.java:467)
        at org.apache.hadoop.ipc.CallQueueManager.take(CallQueueManager.java:317)
        at org.apache.hadoop.ipc.Server$Handler.run(Server.java:3014)
"86ab988c-fa9c-425d-a1c6-9004ff7fd93d@group-41A8147A3383-cacheEviction-AwaitToRun" daemon prio=5 tid=987 in Object.wait()
java.lang.Thread.State: WAITING (on object monitor)
        at sun.misc.Unsafe.park(Native Method)
        at java.util.concurrent.locks.LockSupport.park(LockSupport.java:175)
        at java.util.concurrent.locks.AbstractQueuedSynchronizer$ConditionObject.await(AbstractQueuedSynchronizer.java:2039)
        at org.apache.ratis.util.AwaitForSignal.await(AwaitForSignal.java:48)
        at org.apache.ratis.util.AwaitToRun$RunnableImpl.run(AwaitToRun.java:47)
        at java.lang.Thread.run(Thread.java:750)
"IPC Server handler 67 on default port 15002" daemon prio=5 tid=321 timed_waiting
java.lang.Thread.State: TIMED_WAITING
        at sun.misc.Unsafe.park(Native Method)
        at java.util.concurrent.locks.LockSupport.parkNanos(LockSupport.java:215)
        at java.util.concurrent.locks.AbstractQueuedSynchronizer$ConditionObject.awaitNanos(AbstractQueuedSynchronizer.java:2078)
        at java.util.concurrent.LinkedBlockingQueue.poll(LinkedBlockingQueue.java:467)
        at org.apache.hadoop.ipc.CallQueueManager.take(CallQueueManager.java:317)
        at org.apache.hadoop.ipc.Server$Handler.run(Server.java:3014)
"c30fedce-f286-40e0-881d-3d5a9a6e2463-PipelineCommandHandlerThread-0"  prio=5 tid=990 in Object.wait()
java.lang.Thread.State: WAITING (on object monitor)
        at sun.misc.Unsafe.park(Native Method)
        at java.util.concurrent.locks.LockSupport.park(LockSupport.java:175)
        at java.util.concurrent.locks.AbstractQueuedSynchronizer$ConditionObject.await(AbstractQueuedSynchronizer.java:2039)
        at java.util.concurrent.LinkedBlockingQueue.take(LinkedBlockingQueue.java:442)
        at java.util.concurrent.ThreadPoolExecutor.getTask(ThreadPoolExecutor.java:1074)
        at java.util.concurrent.ThreadPoolExecutor.runWorker(ThreadPoolExecutor.java:1134)
        at java.util.concurrent.ThreadPoolExecutor$Worker.run(ThreadPoolExecutor.java:624)
        at java.lang.Thread.run(Thread.java:750)
"IPC Server handler 58 on default port 15002" daemon prio=5 tid=312 timed_waiting
java.lang.Thread.State: TIMED_WAITING
        at sun.misc.Unsafe.park(Native Method)
        at java.util.concurrent.locks.LockSupport.parkNanos(LockSupport.java:215)
        at java.util.concurrent.locks.AbstractQueuedSynchronizer$ConditionObject.awaitNanos(AbstractQueuedSynchronizer.java:2078)
        at java.util.concurrent.LinkedBlockingQueue.poll(LinkedBlockingQueue.java:467)
        at org.apache.hadoop.ipc.CallQueueManager.take(CallQueueManager.java:317)
        at org.apache.hadoop.ipc.Server$Handler.run(Server.java:3014)
"4e8f68d6-fd98-4f77-87e3-715939181693-ChunkReader-4" daemon prio=5 tid=2370 in Object.wait()
java.lang.Thread.State: WAITING (on object monitor)
        at sun.misc.Unsafe.park(Native Method)
        at java.util.concurrent.locks.LockSupport.park(LockSupport.java:175)
        at java.util.concurrent.locks.AbstractQueuedSynchronizer$ConditionObject.await(AbstractQueuedSynchronizer.java:2039)
        at java.util.concurrent.LinkedBlockingQueue.take(LinkedBlockingQueue.java:442)
        at java.util.concurrent.ThreadPoolExecutor.getTask(ThreadPoolExecutor.java:1074)
        at java.util.concurrent.ThreadPoolExecutor.runWorker(ThreadPoolExecutor.java:1134)
        at java.util.concurrent.ThreadPoolExecutor$Worker.run(ThreadPoolExecutor.java:624)
        at java.lang.Thread.run(Thread.java:750)
"78f89d9b-e409-4704-890b-bfcfbcdfd28a-ec-reconstruct-reader-TID-2"  prio=5 tid=2022 in Object.wait()
java.lang.Thread.State: WAITING (on object monitor)
        at sun.misc.Unsafe.park(Native Method)
        at java.util.concurrent.locks.LockSupport.park(LockSupport.java:175)
        at java.util.concurrent.SynchronousQueue$TransferStack.awaitFulfill(SynchronousQueue.java:458)
        at java.util.concurrent.SynchronousQueue$TransferStack.transfer(SynchronousQueue.java:362)
        at java.util.concurrent.SynchronousQueue.take(SynchronousQueue.java:924)
        at java.util.concurrent.ThreadPoolExecutor.getTask(ThreadPoolExecutor.java:1074)
        at java.util.concurrent.ThreadPoolExecutor.runWorker(ThreadPoolExecutor.java:1134)
        at java.util.concurrent.ThreadPoolExecutor$Worker.run(ThreadPoolExecutor.java:624)
        at java.lang.Thread.run(Thread.java:750)
"e46a6e51-795f-4801-a523-c45a6c7f2c34@group-B95644BE5767-LeaderStateImpl" daemon prio=5 tid=1462 timed_waiting
java.lang.Thread.State: TIMED_WAITING
        at sun.misc.Unsafe.park(Native Method)
        at java.util.concurrent.locks.LockSupport.parkNanos(LockSupport.java:215)
        at java.util.concurrent.locks.AbstractQueuedSynchronizer$ConditionObject.awaitNanos(AbstractQueuedSynchronizer.java:2078)
        at java.util.concurrent.ArrayBlockingQueue.poll(ArrayBlockingQueue.java:418)
        at org.apache.ratis.server.impl.LeaderStateImpl$EventQueue.poll(LeaderStateImpl.java:164)
        at org.apache.ratis.server.impl.LeaderStateImpl$EventProcessor.run(LeaderStateImpl.java:762)
"org.apache.hadoop.ozone.container.common.statemachine.commandhandler.DeleteBlocksCommandHandler$DeleteCmdWorker@5ffb7dce" daemon prio=5 tid=436 timed_waiting
java.lang.Thread.State: TIMED_WAITING
        at java.lang.Thread.sleep(Native Method)
        at org.apache.hadoop.ozone.container.common.statemachine.commandhandler.DeleteBlocksCommandHandler$DeleteCmdWorker.run(DeleteBlocksCommandHandler.java:259)
        at java.lang.Thread.run(Thread.java:750)
"qtp2089021425-529" daemon prio=5 tid=529 timed_waiting
java.lang.Thread.State: TIMED_WAITING
        at sun.misc.Unsafe.park(Native Method)
        at java.util.concurrent.locks.LockSupport.parkNanos(LockSupport.java:215)
        at java.util.concurrent.locks.AbstractQueuedSynchronizer$ConditionObject.awaitNanos(AbstractQueuedSynchronizer.java:2078)
        at org.eclipse.jetty.util.BlockingArrayQueue.poll(BlockingArrayQueue.java:382)
        at org.eclipse.jetty.util.thread.QueuedThreadPool$Runner.idleJobPoll(QueuedThreadPool.java:974)
        at org.eclipse.jetty.util.thread.QueuedThreadPool$Runner.run(QueuedThreadPool.java:1018)
        at java.lang.Thread.run(Thread.java:750)
"StaleRecoveringContainerScrubbingService#1" daemon prio=5 tid=875 in Object.wait()
java.lang.Thread.State: WAITING (on object monitor)
        at sun.misc.Unsafe.park(Native Method)
        at java.util.concurrent.locks.LockSupport.park(LockSupport.java:175)
        at java.util.concurrent.locks.AbstractQueuedSynchronizer$ConditionObject.await(AbstractQueuedSynchronizer.java:2039)
        at java.util.concurrent.ScheduledThreadPoolExecutor$DelayedWorkQueue.take(ScheduledThreadPoolExecutor.java:1088)
        at java.util.concurrent.ScheduledThreadPoolExecutor$DelayedWorkQueue.take(ScheduledThreadPoolExecutor.java:809)
        at java.util.concurrent.ThreadPoolExecutor.getTask(ThreadPoolExecutor.java:1074)
        at java.util.concurrent.ThreadPoolExecutor.runWorker(ThreadPoolExecutor.java:1134)
        at java.util.concurrent.ThreadPoolExecutor$Worker.run(ThreadPoolExecutor.java:624)
        at java.lang.Thread.run(Thread.java:750)
"IPC Server handler 98 on default port 15000" daemon prio=5 tid=152 timed_waiting
java.lang.Thread.State: TIMED_WAITING
        at sun.misc.Unsafe.park(Native Method)
        at java.util.concurrent.locks.LockSupport.parkNanos(LockSupport.java:215)
        at java.util.concurrent.locks.AbstractQueuedSynchronizer$ConditionObject.awaitNanos(AbstractQueuedSynchronizer.java:2078)
        at java.util.concurrent.LinkedBlockingQueue.poll(LinkedBlockingQueue.java:467)
        at org.apache.hadoop.ipc.CallQueueManager.take(CallQueueManager.java:317)
        at org.apache.hadoop.ipc.Server$Handler.run(Server.java:3014)
"pool-67-thread-1"  prio=5 tid=402 timed_waiting
java.lang.Thread.State: TIMED_WAITING
        at sun.misc.Unsafe.park(Native Method)
        at java.util.concurrent.locks.LockSupport.parkNanos(LockSupport.java:215)
        at java.util.concurrent.locks.AbstractQueuedSynchronizer$ConditionObject.awaitNanos(AbstractQueuedSynchronizer.java:2078)
        at java.util.concurrent.ScheduledThreadPoolExecutor$DelayedWorkQueue.take(ScheduledThreadPoolExecutor.java:1093)
        at java.util.concurrent.ScheduledThreadPoolExecutor$DelayedWorkQueue.take(ScheduledThreadPoolExecutor.java:809)
        at java.util.concurrent.ThreadPoolExecutor.getTask(ThreadPoolExecutor.java:1074)
        at java.util.concurrent.ThreadPoolExecutor.runWorker(ThreadPoolExecutor.java:1134)
        at java.util.concurrent.ThreadPoolExecutor$Worker.run(ThreadPoolExecutor.java:624)
        at java.lang.Thread.run(Thread.java:750)
"13f92446-3b18-4d81-bc66-0f9b00220e72-ChunkReader-1" daemon prio=5 tid=2227 in Object.wait()
java.lang.Thread.State: WAITING (on object monitor)
        at sun.misc.Unsafe.park(Native Method)
        at java.util.concurrent.locks.LockSupport.park(LockSupport.java:175)
        at java.util.concurrent.locks.AbstractQueuedSynchronizer$ConditionObject.await(AbstractQueuedSynchronizer.java:2039)
        at java.util.concurrent.LinkedBlockingQueue.take(LinkedBlockingQueue.java:442)
        at java.util.concurrent.ThreadPoolExecutor.getTask(ThreadPoolExecutor.java:1074)
        at java.util.concurrent.ThreadPoolExecutor.runWorker(ThreadPoolExecutor.java:1134)
        at java.util.concurrent.ThreadPoolExecutor$Worker.run(ThreadPoolExecutor.java:624)
        at java.lang.Thread.run(Thread.java:750)
"IPC Server handler 61 on default port 15001" daemon prio=5 tid=215 timed_waiting
java.lang.Thread.State: TIMED_WAITING
        at sun.misc.Unsafe.park(Native Method)
        at java.util.concurrent.locks.LockSupport.parkNanos(LockSupport.java:215)
        at java.util.concurrent.locks.AbstractQueuedSynchronizer$ConditionObject.awaitNanos(AbstractQueuedSynchronizer.java:2078)
        at java.util.concurrent.LinkedBlockingQueue.poll(LinkedBlockingQueue.java:467)
        at org.apache.hadoop.ipc.CallQueueManager.take(CallQueueManager.java:317)
        at org.apache.hadoop.ipc.Server$Handler.run(Server.java:3014)
"qtp2050676025-697" daemon prio=5 tid=697 timed_waiting
java.lang.Thread.State: TIMED_WAITING
        at sun.misc.Unsafe.park(Native Method)
        at java.util.concurrent.locks.LockSupport.parkNanos(LockSupport.java:215)
        at java.util.concurrent.locks.AbstractQueuedSynchronizer$ConditionObject.awaitNanos(AbstractQueuedSynchronizer.java:2078)
        at org.eclipse.jetty.util.BlockingArrayQueue.poll(BlockingArrayQueue.java:382)
        at org.eclipse.jetty.util.thread.QueuedThreadPool$Runner.idleJobPoll(QueuedThreadPool.java:974)
        at org.eclipse.jetty.util.thread.QueuedThreadPool$Runner.run(QueuedThreadPool.java:1018)
        at java.lang.Thread.run(Thread.java:750)
"dc26353c-d48a-467d-89cd-3a7c4b626396-server-thread2" daemon prio=5 tid=1933 timed_waiting
java.lang.Thread.State: TIMED_WAITING
        at sun.misc.Unsafe.park(Native Method)
        at java.util.concurrent.locks.LockSupport.parkNanos(LockSupport.java:215)
        at java.util.concurrent.SynchronousQueue$TransferStack.awaitFulfill(SynchronousQueue.java:460)
        at java.util.concurrent.SynchronousQueue$TransferStack.transfer(SynchronousQueue.java:362)
        at java.util.concurrent.SynchronousQueue.poll(SynchronousQueue.java:941)
        at java.util.concurrent.ThreadPoolExecutor.getTask(ThreadPoolExecutor.java:1073)
        at java.util.concurrent.ThreadPoolExecutor.runWorker(ThreadPoolExecutor.java:1134)
        at java.util.concurrent.ThreadPoolExecutor$Worker.run(ThreadPoolExecutor.java:624)
        at java.lang.Thread.run(Thread.java:750)
"dc26353c-d48a-467d-89cd-3a7c4b626396@group-F1C03574D52D-SegmentedRaftLogWorker"  prio=5 tid=950 timed_waiting
java.lang.Thread.State: TIMED_WAITING
        at sun.misc.Unsafe.park(Native Method)
        at java.util.concurrent.locks.LockSupport.parkNanos(LockSupport.java:215)
        at java.util.concurrent.locks.AbstractQueuedSynchronizer$ConditionObject.awaitNanos(AbstractQueuedSynchronizer.java:2078)
        at org.apache.ratis.util.DataBlockingQueue.poll(DataBlockingQueue.java:148)
        at org.apache.ratis.server.raftlog.segmented.SegmentedRaftLogWorker.run(SegmentedRaftLogWorker.java:299)
        at org.apache.ratis.server.raftlog.segmented.SegmentedRaftLogWorker$$Lambda$913/1052546256.run(Unknown Source)
        at java.util.concurrent.Executors$RunnableAdapter.call(Executors.java:511)
        at java.util.concurrent.FutureTask.run(FutureTask.java:266)
        at java.util.concurrent.ThreadPoolExecutor.runWorker(ThreadPoolExecutor.java:1149)
        at java.util.concurrent.ThreadPoolExecutor$Worker.run(ThreadPoolExecutor.java:624)
        at java.lang.Thread.run(Thread.java:750)
"FixedThreadPoolWithAffinityExecutor-5-0" daemon prio=5 tid=48 timed_waiting
java.lang.Thread.State: TIMED_WAITING
        at sun.misc.Unsafe.park(Native Method)
        at java.util.concurrent.locks.LockSupport.parkNanos(LockSupport.java:215)
        at java.util.concurrent.locks.AbstractQueuedSynchronizer$ConditionObject.awaitNanos(AbstractQueuedSynchronizer.java:2078)
        at java.util.concurrent.LinkedBlockingQueue.poll(LinkedBlockingQueue.java:467)
        at org.apache.hadoop.hdds.scm.server.ContainerReportQueue.poll(ContainerReportQueue.java:269)
        at org.apache.hadoop.hdds.scm.server.ContainerReportQueue.poll(ContainerReportQueue.java:42)
        at org.apache.hadoop.hdds.server.events.FixedThreadPoolWithAffinityExecutor$ContainerReportProcessTask.run(FixedThreadPoolWithAffinityExecutor.java:253)
        at java.util.concurrent.Executors$RunnableAdapter.call(Executors.java:511)
        at java.util.concurrent.FutureTask.run(FutureTask.java:266)
        at java.util.concurrent.ThreadPoolExecutor.runWorker(ThreadPoolExecutor.java:1149)
        at java.util.concurrent.ThreadPoolExecutor$Worker.run(ThreadPoolExecutor.java:624)
        at java.lang.Thread.run(Thread.java:750)
"13f92446-3b18-4d81-bc66-0f9b00220e72-PipelineCommandHandlerThread-0"  prio=5 tid=2124 in Object.wait()
java.lang.Thread.State: WAITING (on object monitor)
        at sun.misc.Unsafe.park(Native Method)
        at java.util.concurrent.locks.LockSupport.park(LockSupport.java:175)
        at java.util.concurrent.locks.AbstractQueuedSynchronizer$ConditionObject.await(AbstractQueuedSynchronizer.java:2039)
        at java.util.concurrent.LinkedBlockingQueue.take(LinkedBlockingQueue.java:442)
        at java.util.concurrent.ThreadPoolExecutor.getTask(ThreadPoolExecutor.java:1074)
        at java.util.concurrent.ThreadPoolExecutor.runWorker(ThreadPoolExecutor.java:1134)
        at java.util.concurrent.ThreadPoolExecutor$Worker.run(ThreadPoolExecutor.java:624)
        at java.lang.Thread.run(Thread.java:750)
"dc26353c-d48a-467d-89cd-3a7c4b626396@group-34E96220011A-SegmentedRaftLogWorker"  prio=5 tid=1283 timed_waiting
java.lang.Thread.State: TIMED_WAITING
        at sun.misc.Unsafe.park(Native Method)
        at java.util.concurrent.locks.LockSupport.parkNanos(LockSupport.java:215)
        at java.util.concurrent.locks.AbstractQueuedSynchronizer$ConditionObject.awaitNanos(AbstractQueuedSynchronizer.java:2078)
        at org.apache.ratis.util.DataBlockingQueue.poll(DataBlockingQueue.java:148)
        at org.apache.ratis.server.raftlog.segmented.SegmentedRaftLogWorker.run(SegmentedRaftLogWorker.java:299)
        at org.apache.ratis.server.raftlog.segmented.SegmentedRaftLogWorker$$Lambda$913/1052546256.run(Unknown Source)
        at java.util.concurrent.Executors$RunnableAdapter.call(Executors.java:511)
        at java.util.concurrent.FutureTask.run(FutureTask.java:266)
        at java.util.concurrent.ThreadPoolExecutor.runWorker(ThreadPoolExecutor.java:1149)
        at java.util.concurrent.ThreadPoolExecutor$Worker.run(ThreadPoolExecutor.java:624)
        at java.lang.Thread.run(Thread.java:750)
"IPC Server handler 15 on default port 15004" daemon prio=5 tid=427 timed_waiting
java.lang.Thread.State: TIMED_WAITING
        at sun.misc.Unsafe.park(Native Method)
        at java.util.concurrent.locks.LockSupport.parkNanos(LockSupport.java:215)
        at java.util.concurrent.locks.AbstractQueuedSynchronizer$ConditionObject.awaitNanos(AbstractQueuedSynchronizer.java:2078)
        at java.util.concurrent.LinkedBlockingQueue.poll(LinkedBlockingQueue.java:467)
        at org.apache.hadoop.ipc.CallQueueManager.take(CallQueueManager.java:317)
        at org.apache.hadoop.ipc.Server$Handler.run(Server.java:3014)
"dc26353c-d48a-467d-89cd-3a7c4b626396@group-967E786A868E-LeaderStateImpl" daemon prio=5 tid=1622 timed_waiting
java.lang.Thread.State: TIMED_WAITING
        at sun.misc.Unsafe.park(Native Method)
        at java.util.concurrent.locks.LockSupport.parkNanos(LockSupport.java:215)
        at java.util.concurrent.locks.AbstractQueuedSynchronizer$ConditionObject.awaitNanos(AbstractQueuedSynchronizer.java:2078)
        at java.util.concurrent.ArrayBlockingQueue.poll(ArrayBlockingQueue.java:418)
        at org.apache.ratis.server.impl.LeaderStateImpl$EventQueue.poll(LeaderStateImpl.java:164)
        at org.apache.ratis.server.impl.LeaderStateImpl$EventProcessor.run(LeaderStateImpl.java:762)
"d25dc3b0-28fc-4383-b1a0-617845025f41@group-C11F3E838557-FollowerState" daemon prio=5 tid=1954 timed_waiting
java.lang.Thread.State: TIMED_WAITING
        at java.lang.Thread.sleep(Native Method)
        at java.lang.Thread.sleep(Thread.java:342)
        at java.util.concurrent.TimeUnit.sleep(TimeUnit.java:386)
        at org.apache.ratis.util.TimeDuration.sleep(TimeDuration.java:353)
        at org.apache.ratis.util.TimeDuration.sleep(TimeDuration.java:338)
        at org.apache.ratis.server.impl.FollowerState.run(FollowerState.java:128)
"c30fedce-f286-40e0-881d-3d5a9a6e2463@group-EA994A47DE23-StateMachineUpdater" daemon prio=5 tid=1029 timed_waiting
java.lang.Thread.State: TIMED_WAITING
        at sun.misc.Unsafe.park(Native Method)
        at java.util.concurrent.locks.LockSupport.parkNanos(LockSupport.java:215)
        at java.util.concurrent.locks.AbstractQueuedSynchronizer$ConditionObject.await(AbstractQueuedSynchronizer.java:2163)
        at org.apache.ratis.util.AwaitForSignal.await(AwaitForSignal.java:65)
        at org.apache.ratis.server.impl.StateMachineUpdater.waitForCommit(StateMachineUpdater.java:211)
        at org.apache.ratis.server.impl.StateMachineUpdater.run(StateMachineUpdater.java:180)
        at java.lang.Thread.run(Thread.java:750)
"IPC Server handler 55 on default port 15002" daemon prio=5 tid=309 timed_waiting
java.lang.Thread.State: TIMED_WAITING
        at sun.misc.Unsafe.park(Native Method)
        at java.util.concurrent.locks.LockSupport.parkNanos(LockSupport.java:215)
        at java.util.concurrent.locks.AbstractQueuedSynchronizer$ConditionObject.awaitNanos(AbstractQueuedSynchronizer.java:2078)
        at java.util.concurrent.LinkedBlockingQueue.poll(LinkedBlockingQueue.java:467)
        at org.apache.hadoop.ipc.CallQueueManager.take(CallQueueManager.java:317)
        at org.apache.hadoop.ipc.Server$Handler.run(Server.java:3014)
"13f92446-3b18-4d81-bc66-0f9b00220e72-NettyServerStreamRpc-bossGroup--thread1"  prio=5 tid=2040 runnable
java.lang.Thread.State: RUNNABLE
        at org.apache.ratis.thirdparty.io.netty.channel.epoll.Native.epollWait(Native Method)
        at org.apache.ratis.thirdparty.io.netty.channel.epoll.Native.epollWait(Native.java:209)
        at org.apache.ratis.thirdparty.io.netty.channel.epoll.Native.epollWait(Native.java:202)
        at org.apache.ratis.thirdparty.io.netty.channel.epoll.EpollEventLoop.epollWaitNoTimerChange(EpollEventLoop.java:316)
        at org.apache.ratis.thirdparty.io.netty.channel.epoll.EpollEventLoop.run(EpollEventLoop.java:373)
        at org.apache.ratis.thirdparty.io.netty.util.concurrent.SingleThreadEventExecutor$4.run(SingleThreadEventExecutor.java:997)
        at org.apache.ratis.thirdparty.io.netty.util.internal.ThreadExecutorMap$2.run(ThreadExecutorMap.java:74)
        at java.lang.Thread.run(Thread.java:750)
"c30fedce-f286-40e0-881d-3d5a9a6e2463@group-68F6D74661CE-StateMachineUpdater" daemon prio=5 tid=2146 timed_waiting
java.lang.Thread.State: TIMED_WAITING
        at sun.misc.Unsafe.park(Native Method)
        at java.util.concurrent.locks.LockSupport.parkNanos(LockSupport.java:215)
        at java.util.concurrent.locks.AbstractQueuedSynchronizer$ConditionObject.await(AbstractQueuedSynchronizer.java:2163)
        at org.apache.ratis.util.AwaitForSignal.await(AwaitForSignal.java:65)
        at org.apache.ratis.server.impl.StateMachineUpdater.waitForCommit(StateMachineUpdater.java:211)
        at org.apache.ratis.server.impl.StateMachineUpdater.run(StateMachineUpdater.java:180)
        at java.lang.Thread.run(Thread.java:750)
"13f92446-3b18-4d81-bc66-0f9b00220e72@group-68F6D74661CE-StateMachineUpdater" daemon prio=5 tid=2150 timed_waiting
java.lang.Thread.State: TIMED_WAITING
        at sun.misc.Unsafe.park(Native Method)
        at java.util.concurrent.locks.LockSupport.parkNanos(LockSupport.java:215)
        at java.util.concurrent.locks.AbstractQueuedSynchronizer$ConditionObject.await(AbstractQueuedSynchronizer.java:2163)
        at org.apache.ratis.util.AwaitForSignal.await(AwaitForSignal.java:65)
        at org.apache.ratis.server.impl.StateMachineUpdater.waitForCommit(StateMachineUpdater.java:211)
        at org.apache.ratis.server.impl.StateMachineUpdater.run(StateMachineUpdater.java:180)
        at java.lang.Thread.run(Thread.java:750)
"78f89d9b-e409-4704-890b-bfcfbcdfd28a-DatanodeReportManager-0" daemon prio=5 tid=680 in Object.wait()
java.lang.Thread.State: WAITING (on object monitor)
        at sun.misc.Unsafe.park(Native Method)
        at java.util.concurrent.locks.LockSupport.park(LockSupport.java:175)
        at java.util.concurrent.locks.AbstractQueuedSynchronizer$ConditionObject.await(AbstractQueuedSynchronizer.java:2039)
        at java.util.concurrent.ScheduledThreadPoolExecutor$DelayedWorkQueue.take(ScheduledThreadPoolExecutor.java:1088)
        at java.util.concurrent.ScheduledThreadPoolExecutor$DelayedWorkQueue.take(ScheduledThreadPoolExecutor.java:809)
        at java.util.concurrent.ThreadPoolExecutor.getTask(ThreadPoolExecutor.java:1074)
        at java.util.concurrent.ThreadPoolExecutor.runWorker(ThreadPoolExecutor.java:1134)
        at java.util.concurrent.ThreadPoolExecutor$Worker.run(ThreadPoolExecutor.java:624)
        at java.lang.Thread.run(Thread.java:750)
"IPC Server handler 48 on default port 15001" daemon prio=5 tid=202 timed_waiting
java.lang.Thread.State: TIMED_WAITING
        at sun.misc.Unsafe.park(Native Method)
        at java.util.concurrent.locks.LockSupport.parkNanos(LockSupport.java:215)
        at java.util.concurrent.locks.AbstractQueuedSynchronizer$ConditionObject.awaitNanos(AbstractQueuedSynchronizer.java:2078)
        at java.util.concurrent.LinkedBlockingQueue.poll(LinkedBlockingQueue.java:467)
        at org.apache.hadoop.ipc.CallQueueManager.take(CallQueueManager.java:317)
        at org.apache.hadoop.ipc.Server$Handler.run(Server.java:3014)
"StaleRecoveringContainerScrubbingService#0" daemon prio=5 tid=810 in Object.wait()
java.lang.Thread.State: WAITING (on object monitor)
        at sun.misc.Unsafe.park(Native Method)
        at java.util.concurrent.locks.LockSupport.park(LockSupport.java:175)
        at java.util.concurrent.locks.AbstractQueuedSynchronizer$ConditionObject.await(AbstractQueuedSynchronizer.java:2039)
        at java.util.concurrent.ScheduledThreadPoolExecutor$DelayedWorkQueue.take(ScheduledThreadPoolExecutor.java:1088)
        at java.util.concurrent.ScheduledThreadPoolExecutor$DelayedWorkQueue.take(ScheduledThreadPoolExecutor.java:809)
        at java.util.concurrent.ThreadPoolExecutor.getTask(ThreadPoolExecutor.java:1074)
        at java.util.concurrent.ThreadPoolExecutor.runWorker(ThreadPoolExecutor.java:1134)
        at java.util.concurrent.ThreadPoolExecutor$Worker.run(ThreadPoolExecutor.java:624)
        at java.lang.Thread.run(Thread.java:750)
"qtp124466405-405-acceptor-0@1bc79c42-ServerConnector@a859cad{HTTP/1.1, (http/1.1)}{0.0.0.0:15005}" daemon prio=3 tid=405 runnable
java.lang.Thread.State: RUNNABLE
        at sun.nio.ch.ServerSocketChannelImpl.accept0(Native Method)
        at sun.nio.ch.ServerSocketChannelImpl.accept(ServerSocketChannelImpl.java:421)
        at sun.nio.ch.ServerSocketChannelImpl.accept(ServerSocketChannelImpl.java:249)
        at org.eclipse.jetty.server.ServerConnector.accept(ServerConnector.java:388)
        at org.eclipse.jetty.server.AbstractConnector$Acceptor.run(AbstractConnector.java:704)
        at org.eclipse.jetty.util.thread.QueuedThreadPool.runJob(QueuedThreadPool.java:883)
        at org.eclipse.jetty.util.thread.QueuedThreadPool$Runner.run(QueuedThreadPool.java:1034)
        at java.lang.Thread.run(Thread.java:750)
"IPC Server handler 53 on default port 15001" daemon prio=5 tid=207 timed_waiting
java.lang.Thread.State: TIMED_WAITING
        at sun.misc.Unsafe.park(Native Method)
        at java.util.concurrent.locks.LockSupport.parkNanos(LockSupport.java:215)
        at java.util.concurrent.locks.AbstractQueuedSynchronizer$ConditionObject.awaitNanos(AbstractQueuedSynchronizer.java:2078)
        at java.util.concurrent.LinkedBlockingQueue.poll(LinkedBlockingQueue.java:467)
        at org.apache.hadoop.ipc.CallQueueManager.take(CallQueueManager.java:317)
        at org.apache.hadoop.ipc.Server$Handler.run(Server.java:3014)
"IPC Server handler 90 on default port 15000" daemon prio=5 tid=144 timed_waiting
java.lang.Thread.State: TIMED_WAITING
        at sun.misc.Unsafe.park(Native Method)
        at java.util.concurrent.locks.LockSupport.parkNanos(LockSupport.java:215)
        at java.util.concurrent.locks.AbstractQueuedSynchronizer$ConditionObject.awaitNanos(AbstractQueuedSynchronizer.java:2078)
        at java.util.concurrent.LinkedBlockingQueue.poll(LinkedBlockingQueue.java:467)
        at org.apache.hadoop.ipc.CallQueueManager.take(CallQueueManager.java:317)
        at org.apache.hadoop.ipc.Server$Handler.run(Server.java:3014)
"IPC Server handler 20 on default port 15002" daemon prio=5 tid=274 timed_waiting
java.lang.Thread.State: TIMED_WAITING
        at sun.misc.Unsafe.park(Native Method)
        at java.util.concurrent.locks.LockSupport.parkNanos(LockSupport.java:215)
        at java.util.concurrent.locks.AbstractQueuedSynchronizer$ConditionObject.awaitNanos(AbstractQueuedSynchronizer.java:2078)
        at java.util.concurrent.LinkedBlockingQueue.poll(LinkedBlockingQueue.java:467)
        at org.apache.hadoop.ipc.CallQueueManager.take(CallQueueManager.java:317)
        at org.apache.hadoop.ipc.Server$Handler.run(Server.java:3014)
"Hadoop-Metrics-Updater-0" daemon prio=5 tid=2058 timed_waiting
java.lang.Thread.State: TIMED_WAITING
        at sun.misc.Unsafe.park(Native Method)
        at java.util.concurrent.locks.LockSupport.parkNanos(LockSupport.java:215)
        at java.util.concurrent.locks.AbstractQueuedSynchronizer$ConditionObject.awaitNanos(AbstractQueuedSynchronizer.java:2078)
        at java.util.concurrent.ScheduledThreadPoolExecutor$DelayedWorkQueue.take(ScheduledThreadPoolExecutor.java:1093)
        at java.util.concurrent.ScheduledThreadPoolExecutor$DelayedWorkQueue.take(ScheduledThreadPoolExecutor.java:809)
        at java.util.concurrent.ThreadPoolExecutor.getTask(ThreadPoolExecutor.java:1074)
        at java.util.concurrent.ThreadPoolExecutor.runWorker(ThreadPoolExecutor.java:1134)
        at java.util.concurrent.ThreadPoolExecutor$Worker.run(ThreadPoolExecutor.java:624)
        at java.lang.Thread.run(Thread.java:750)
"om1-SnapshotDeletingService#0" daemon prio=5 tid=399 timed_waiting
java.lang.Thread.State: TIMED_WAITING
        at sun.misc.Unsafe.park(Native Method)
        at java.util.concurrent.locks.LockSupport.parkNanos(LockSupport.java:215)
        at java.util.concurrent.locks.AbstractQueuedSynchronizer$ConditionObject.awaitNanos(AbstractQueuedSynchronizer.java:2078)
        at java.util.concurrent.ScheduledThreadPoolExecutor$DelayedWorkQueue.take(ScheduledThreadPoolExecutor.java:1093)
        at java.util.concurrent.ScheduledThreadPoolExecutor$DelayedWorkQueue.take(ScheduledThreadPoolExecutor.java:809)
        at java.util.concurrent.ThreadPoolExecutor.getTask(ThreadPoolExecutor.java:1074)
        at java.util.concurrent.ThreadPoolExecutor.runWorker(ThreadPoolExecutor.java:1134)
        at java.util.concurrent.ThreadPoolExecutor$Worker.run(ThreadPoolExecutor.java:624)
        at java.lang.Thread.run(Thread.java:750)
"4e8f68d6-fd98-4f77-87e3-715939181693-ChunkWriter-0-0" daemon prio=5 tid=771 in Object.wait()
java.lang.Thread.State: WAITING (on object monitor)
        at sun.misc.Unsafe.park(Native Method)
        at java.util.concurrent.locks.LockSupport.park(LockSupport.java:175)
        at java.util.concurrent.locks.AbstractQueuedSynchronizer$ConditionObject.await(AbstractQueuedSynchronizer.java:2039)
        at java.util.concurrent.LinkedBlockingDeque.takeFirst(LinkedBlockingDeque.java:492)
        at java.util.concurrent.LinkedBlockingDeque.take(LinkedBlockingDeque.java:680)
        at java.util.concurrent.ThreadPoolExecutor.getTask(ThreadPoolExecutor.java:1074)
        at java.util.concurrent.ThreadPoolExecutor.runWorker(ThreadPoolExecutor.java:1134)
        at java.util.concurrent.ThreadPoolExecutor$Worker.run(ThreadPoolExecutor.java:624)
        at java.lang.Thread.run(Thread.java:750)
"d25dc3b0-28fc-4383-b1a0-617845025f41@group-C38389527FEF-LeaderStateImpl" daemon prio=5 tid=1490 timed_waiting
java.lang.Thread.State: TIMED_WAITING
        at sun.misc.Unsafe.park(Native Method)
        at java.util.concurrent.locks.LockSupport.parkNanos(LockSupport.java:215)
        at java.util.concurrent.locks.AbstractQueuedSynchronizer$ConditionObject.awaitNanos(AbstractQueuedSynchronizer.java:2078)
        at java.util.concurrent.ArrayBlockingQueue.poll(ArrayBlockingQueue.java:418)
        at org.apache.ratis.server.impl.LeaderStateImpl$EventQueue.poll(LeaderStateImpl.java:164)
        at org.apache.ratis.server.impl.LeaderStateImpl$EventProcessor.run(LeaderStateImpl.java:762)
"IPC Server handler 46 on default port 15000" daemon prio=5 tid=100 timed_waiting
java.lang.Thread.State: TIMED_WAITING
        at sun.misc.Unsafe.park(Native Method)
        at java.util.concurrent.locks.LockSupport.parkNanos(LockSupport.java:215)
        at java.util.concurrent.locks.AbstractQueuedSynchronizer$ConditionObject.awaitNanos(AbstractQueuedSynchronizer.java:2078)
        at java.util.concurrent.LinkedBlockingQueue.poll(LinkedBlockingQueue.java:467)
        at org.apache.hadoop.ipc.CallQueueManager.take(CallQueueManager.java:317)
        at org.apache.hadoop.ipc.Server$Handler.run(Server.java:3014)
"86ab988c-fa9c-425d-a1c6-9004ff7fd93d-ChunkReader-ELG-0" daemon prio=5 tid=808 runnable
java.lang.Thread.State: RUNNABLE
        at org.apache.ratis.thirdparty.io.netty.channel.epoll.Native.epollWait0(Native Method)
        at org.apache.ratis.thirdparty.io.netty.channel.epoll.Native.epollWait(Native.java:182)
        at org.apache.ratis.thirdparty.io.netty.channel.epoll.EpollEventLoop.epollWait(EpollEventLoop.java:312)
        at org.apache.ratis.thirdparty.io.netty.channel.epoll.EpollEventLoop.run(EpollEventLoop.java:376)
        at org.apache.ratis.thirdparty.io.netty.util.concurrent.SingleThreadEventExecutor$4.run(SingleThreadEventExecutor.java:997)
        at org.apache.ratis.thirdparty.io.netty.util.internal.ThreadExecutorMap$2.run(ThreadExecutorMap.java:74)
        at java.lang.Thread.run(Thread.java:750)
"78f89d9b-e409-4704-890b-bfcfbcdfd28a-PipelineCommandHandlerThread-0"  prio=5 tid=1032 in Object.wait()
java.lang.Thread.State: WAITING (on object monitor)
        at sun.misc.Unsafe.park(Native Method)
        at java.util.concurrent.locks.LockSupport.park(LockSupport.java:175)
        at java.util.concurrent.locks.AbstractQueuedSynchronizer$ConditionObject.await(AbstractQueuedSynchronizer.java:2039)
        at java.util.concurrent.LinkedBlockingQueue.take(LinkedBlockingQueue.java:442)
        at java.util.concurrent.ThreadPoolExecutor.getTask(ThreadPoolExecutor.java:1074)
        at java.util.concurrent.ThreadPoolExecutor.runWorker(ThreadPoolExecutor.java:1134)
        at java.util.concurrent.ThreadPoolExecutor$Worker.run(ThreadPoolExecutor.java:624)
        at java.lang.Thread.run(Thread.java:750)
"IPC Server handler 75 on default port 15000" daemon prio=5 tid=129 timed_waiting
java.lang.Thread.State: TIMED_WAITING
        at sun.misc.Unsafe.park(Native Method)
        at java.util.concurrent.locks.LockSupport.parkNanos(LockSupport.java:215)
        at java.util.concurrent.locks.AbstractQueuedSynchronizer$ConditionObject.awaitNanos(AbstractQueuedSynchronizer.java:2078)
        at java.util.concurrent.LinkedBlockingQueue.poll(LinkedBlockingQueue.java:467)
        at org.apache.hadoop.ipc.CallQueueManager.take(CallQueueManager.java:317)
        at org.apache.hadoop.ipc.Server$Handler.run(Server.java:3014)
"IPC Server handler 6 on default port 15001" daemon prio=5 tid=160 timed_waiting
java.lang.Thread.State: TIMED_WAITING
        at sun.misc.Unsafe.park(Native Method)
        at java.util.concurrent.locks.LockSupport.parkNanos(LockSupport.java:215)
        at java.util.concurrent.locks.AbstractQueuedSynchronizer$ConditionObject.awaitNanos(AbstractQueuedSynchronizer.java:2078)
        at java.util.concurrent.LinkedBlockingQueue.poll(LinkedBlockingQueue.java:467)
        at org.apache.hadoop.ipc.CallQueueManager.take(CallQueueManager.java:317)
        at org.apache.hadoop.ipc.Server$Handler.run(Server.java:3014)
"StaleRecoveringContainerScrubbingService#0" daemon prio=5 tid=778 in Object.wait()
java.lang.Thread.State: WAITING (on object monitor)
        at sun.misc.Unsafe.park(Native Method)
        at java.util.concurrent.locks.LockSupport.park(LockSupport.java:175)
        at java.util.concurrent.locks.AbstractQueuedSynchronizer$ConditionObject.await(AbstractQueuedSynchronizer.java:2039)
        at java.util.concurrent.ScheduledThreadPoolExecutor$DelayedWorkQueue.take(ScheduledThreadPoolExecutor.java:1088)
        at java.util.concurrent.ScheduledThreadPoolExecutor$DelayedWorkQueue.take(ScheduledThreadPoolExecutor.java:809)
        at java.util.concurrent.ThreadPoolExecutor.getTask(ThreadPoolExecutor.java:1074)
        at java.util.concurrent.ThreadPoolExecutor.runWorker(ThreadPoolExecutor.java:1134)
        at java.util.concurrent.ThreadPoolExecutor$Worker.run(ThreadPoolExecutor.java:624)
        at java.lang.Thread.run(Thread.java:750)
"86ab988c-fa9c-425d-a1c6-9004ff7fd93d@group-39057960C58A-SegmentedRaftLogWorker" daemon prio=5 tid=1288 timed_waiting
java.lang.Thread.State: TIMED_WAITING
        at sun.misc.Unsafe.park(Native Method)
        at java.util.concurrent.locks.LockSupport.parkNanos(LockSupport.java:215)
        at java.util.concurrent.locks.AbstractQueuedSynchronizer$ConditionObject.awaitNanos(AbstractQueuedSynchronizer.java:2078)
        at org.apache.ratis.util.DataBlockingQueue.poll(DataBlockingQueue.java:148)
        at org.apache.ratis.server.raftlog.segmented.SegmentedRaftLogWorker.run(SegmentedRaftLogWorker.java:299)
        at org.apache.ratis.server.raftlog.segmented.SegmentedRaftLogWorker$$Lambda$913/1052546256.run(Unknown Source)
        at java.util.concurrent.Executors$RunnableAdapter.call(Executors.java:511)
        at java.util.concurrent.FutureTask.run(FutureTask.java:266)
        at java.util.concurrent.ThreadPoolExecutor.runWorker(ThreadPoolExecutor.java:1149)
        at java.util.concurrent.ThreadPoolExecutor$Worker.run(ThreadPoolExecutor.java:624)
        at java.lang.Thread.run(Thread.java:750)
"OverReplicatedProcessor" daemon prio=5 tid=2339 timed_waiting
java.lang.Thread.State: TIMED_WAITING
        at java.lang.Object.wait(Native Method)
        at org.apache.hadoop.hdds.scm.container.replication.UnhealthyReplicationProcessor.run(UnhealthyReplicationProcessor.java:174)
        at java.lang.Thread.run(Thread.java:750)
"IPC Server handler 9 on default port 15000" daemon prio=5 tid=63 timed_waiting
java.lang.Thread.State: TIMED_WAITING
        at sun.misc.Unsafe.park(Native Method)
        at java.util.concurrent.locks.LockSupport.parkNanos(LockSupport.java:215)
        at java.util.concurrent.locks.AbstractQueuedSynchronizer$ConditionObject.awaitNanos(AbstractQueuedSynchronizer.java:2078)
        at java.util.concurrent.LinkedBlockingQueue.poll(LinkedBlockingQueue.java:467)
        at org.apache.hadoop.ipc.CallQueueManager.take(CallQueueManager.java:317)
        at org.apache.hadoop.ipc.Server$Handler.run(Server.java:3014)
"86ab988c-fa9c-425d-a1c6-9004ff7fd93d@group-DD233808B888->4e8f68d6-fd98-4f77-87e3-715939181693-GrpcLogAppender-LogAppenderDaemon" daemon prio=5 tid=1513 timed_waiting
java.lang.Thread.State: TIMED_WAITING
        at sun.misc.Unsafe.park(Native Method)
        at java.util.concurrent.locks.LockSupport.parkNanos(LockSupport.java:215)
        at java.util.concurrent.locks.AbstractQueuedSynchronizer$ConditionObject.await(AbstractQueuedSynchronizer.java:2163)
        at org.apache.ratis.util.AwaitForSignal.await(AwaitForSignal.java:65)
        at org.apache.ratis.grpc.server.GrpcLogAppender.mayWait(GrpcLogAppender.java:286)
        at org.apache.ratis.grpc.server.GrpcLogAppender.run(GrpcLogAppender.java:254)
        at org.apache.ratis.server.leader.LogAppenderDaemon.run(LogAppenderDaemon.java:80)
        at org.apache.ratis.server.leader.LogAppenderDaemon$$Lambda$1370/616798254.run(Unknown Source)
        at java.lang.Thread.run(Thread.java:750)
"e780b093-7242-46d7-bd8f-0f810188c7b3-CommandProcessorThread" daemon prio=5 tid=713 timed_waiting
java.lang.Thread.State: TIMED_WAITING
        at java.lang.Thread.sleep(Native Method)
        at org.apache.hadoop.ozone.container.common.statemachine.DatanodeStateMachine.lambda$initCommandHandlerThread$4(DatanodeStateMachine.java:684)
        at org.apache.hadoop.ozone.container.common.statemachine.DatanodeStateMachine$$Lambda$1032/2137296302.run(Unknown Source)
        at java.lang.Thread.run(Thread.java:750)
"IPC Server handler 44 on default port 15000" daemon prio=5 tid=98 timed_waiting
java.lang.Thread.State: TIMED_WAITING
        at sun.misc.Unsafe.park(Native Method)
        at java.util.concurrent.locks.LockSupport.parkNanos(LockSupport.java:215)
        at java.util.concurrent.locks.AbstractQueuedSynchronizer$ConditionObject.awaitNanos(AbstractQueuedSynchronizer.java:2078)
        at java.util.concurrent.LinkedBlockingQueue.poll(LinkedBlockingQueue.java:467)
        at org.apache.hadoop.ipc.CallQueueManager.take(CallQueueManager.java:317)
        at org.apache.hadoop.ipc.Server$Handler.run(Server.java:3014)
"nullContainerReplicationThread-0" daemon prio=5 tid=2402 in Object.wait()
java.lang.Thread.State: WAITING (on object monitor)
        at sun.misc.Unsafe.park(Native Method)
        at java.util.concurrent.locks.LockSupport.park(LockSupport.java:175)
        at java.util.concurrent.locks.AbstractQueuedSynchronizer$ConditionObject.await(AbstractQueuedSynchronizer.java:2039)
        at java.util.concurrent.PriorityBlockingQueue.take(PriorityBlockingQueue.java:549)
        at java.util.concurrent.ThreadPoolExecutor.getTask(ThreadPoolExecutor.java:1074)
        at java.util.concurrent.ThreadPoolExecutor.runWorker(ThreadPoolExecutor.java:1134)
        at java.util.concurrent.ThreadPoolExecutor$Worker.run(ThreadPoolExecutor.java:624)
        at java.lang.Thread.run(Thread.java:750)
"IPC Server handler 81 on default port 15002" daemon prio=5 tid=335 timed_waiting
java.lang.Thread.State: TIMED_WAITING
        at sun.misc.Unsafe.park(Native Method)
        at java.util.concurrent.locks.LockSupport.parkNanos(LockSupport.java:215)
        at java.util.concurrent.locks.AbstractQueuedSynchronizer$ConditionObject.awaitNanos(AbstractQueuedSynchronizer.java:2078)
        at java.util.concurrent.LinkedBlockingQueue.poll(LinkedBlockingQueue.java:467)
        at org.apache.hadoop.ipc.CallQueueManager.take(CallQueueManager.java:317)
        at org.apache.hadoop.ipc.Server$Handler.run(Server.java:3014)
"e46a6e51-795f-4801-a523-c45a6c7f2c34@group-C11F3E838557-LeaderStateImpl" daemon prio=5 tid=1957 timed_waiting
java.lang.Thread.State: TIMED_WAITING
        at sun.misc.Unsafe.park(Native Method)
        at java.util.concurrent.locks.LockSupport.parkNanos(LockSupport.java:215)
        at java.util.concurrent.locks.AbstractQueuedSynchronizer$ConditionObject.awaitNanos(AbstractQueuedSynchronizer.java:2078)
        at java.util.concurrent.ArrayBlockingQueue.poll(ArrayBlockingQueue.java:418)
        at org.apache.ratis.server.impl.LeaderStateImpl$EventQueue.poll(LeaderStateImpl.java:164)
        at org.apache.ratis.server.impl.LeaderStateImpl$EventProcessor.run(LeaderStateImpl.java:762)
"dc26353c-d48a-467d-89cd-3a7c4b626396@group-89543CF42D33-SegmentedRaftLogWorker"  prio=5 tid=1056 timed_waiting
java.lang.Thread.State: TIMED_WAITING
        at sun.misc.Unsafe.park(Native Method)
        at java.util.concurrent.locks.LockSupport.parkNanos(LockSupport.java:215)
        at java.util.concurrent.locks.AbstractQueuedSynchronizer$ConditionObject.awaitNanos(AbstractQueuedSynchronizer.java:2078)
        at org.apache.ratis.util.DataBlockingQueue.poll(DataBlockingQueue.java:148)
        at org.apache.ratis.server.raftlog.segmented.SegmentedRaftLogWorker.run(SegmentedRaftLogWorker.java:299)
        at org.apache.ratis.server.raftlog.segmented.SegmentedRaftLogWorker$$Lambda$913/1052546256.run(Unknown Source)
        at java.util.concurrent.Executors$RunnableAdapter.call(Executors.java:511)
        at java.util.concurrent.FutureTask.run(FutureTask.java:266)
        at java.util.concurrent.ThreadPoolExecutor.runWorker(ThreadPoolExecutor.java:1149)
        at java.util.concurrent.ThreadPoolExecutor$Worker.run(ThreadPoolExecutor.java:624)
        at java.lang.Thread.run(Thread.java:750)
"78f89d9b-e409-4704-890b-bfcfbcdfd28a-ChunkReader-0" daemon prio=5 tid=2017 in Object.wait()
java.lang.Thread.State: WAITING (on object monitor)
        at sun.misc.Unsafe.park(Native Method)
        at java.util.concurrent.locks.LockSupport.park(LockSupport.java:175)
        at java.util.concurrent.locks.AbstractQueuedSynchronizer$ConditionObject.await(AbstractQueuedSynchronizer.java:2039)
        at java.util.concurrent.LinkedBlockingQueue.take(LinkedBlockingQueue.java:442)
        at java.util.concurrent.ThreadPoolExecutor.getTask(ThreadPoolExecutor.java:1074)
        at java.util.concurrent.ThreadPoolExecutor.runWorker(ThreadPoolExecutor.java:1134)
        at java.util.concurrent.ThreadPoolExecutor$Worker.run(ThreadPoolExecutor.java:624)
        at java.lang.Thread.run(Thread.java:750)
"IPC Server handler 97 on default port 15001" daemon prio=5 tid=251 timed_waiting
java.lang.Thread.State: TIMED_WAITING
        at sun.misc.Unsafe.park(Native Method)
        at java.util.concurrent.locks.LockSupport.parkNanos(LockSupport.java:215)
        at java.util.concurrent.locks.AbstractQueuedSynchronizer$ConditionObject.awaitNanos(AbstractQueuedSynchronizer.java:2078)
        at java.util.concurrent.LinkedBlockingQueue.poll(LinkedBlockingQueue.java:467)
        at org.apache.hadoop.ipc.CallQueueManager.take(CallQueueManager.java:317)
        at org.apache.hadoop.ipc.Server$Handler.run(Server.java:3014)
"IPC Server handler 13 on default port 15004" daemon prio=5 tid=425 timed_waiting
java.lang.Thread.State: TIMED_WAITING
        at sun.misc.Unsafe.park(Native Method)
        at java.util.concurrent.locks.LockSupport.parkNanos(LockSupport.java:215)
        at java.util.concurrent.locks.AbstractQueuedSynchronizer$ConditionObject.awaitNanos(AbstractQueuedSynchronizer.java:2078)
        at java.util.concurrent.LinkedBlockingQueue.poll(LinkedBlockingQueue.java:467)
        at org.apache.hadoop.ipc.CallQueueManager.take(CallQueueManager.java:317)
        at org.apache.hadoop.ipc.Server$Handler.run(Server.java:3014)
"IPC Server handler 38 on default port 15002" daemon prio=5 tid=292 timed_waiting
java.lang.Thread.State: TIMED_WAITING
        at sun.misc.Unsafe.park(Native Method)
        at java.util.concurrent.locks.LockSupport.parkNanos(LockSupport.java:215)
        at java.util.concurrent.locks.AbstractQueuedSynchronizer$ConditionObject.awaitNanos(AbstractQueuedSynchronizer.java:2078)
        at java.util.concurrent.LinkedBlockingQueue.poll(LinkedBlockingQueue.java:467)
        at org.apache.hadoop.ipc.CallQueueManager.take(CallQueueManager.java:317)
        at org.apache.hadoop.ipc.Server$Handler.run(Server.java:3014)
"4e8f68d6-fd98-4f77-87e3-715939181693@group-9D5BCF0FDB08-LeaderStateImpl" daemon prio=5 tid=1741 timed_waiting
java.lang.Thread.State: TIMED_WAITING
        at sun.misc.Unsafe.park(Native Method)
        at java.util.concurrent.locks.LockSupport.parkNanos(LockSupport.java:215)
        at java.util.concurrent.locks.AbstractQueuedSynchronizer$ConditionObject.awaitNanos(AbstractQueuedSynchronizer.java:2078)
        at java.util.concurrent.ArrayBlockingQueue.poll(ArrayBlockingQueue.java:418)
        at org.apache.ratis.server.impl.LeaderStateImpl$EventQueue.poll(LeaderStateImpl.java:164)
        at org.apache.ratis.server.impl.LeaderStateImpl$EventProcessor.run(LeaderStateImpl.java:762)
"e780b093-7242-46d7-bd8f-0f810188c7b3-BlockDeletingService#2" daemon prio=5 tid=2365 in Object.wait()
java.lang.Thread.State: WAITING (on object monitor)
        at sun.misc.Unsafe.park(Native Method)
        at java.util.concurrent.locks.LockSupport.park(LockSupport.java:175)
        at java.util.concurrent.locks.AbstractQueuedSynchronizer$ConditionObject.await(AbstractQueuedSynchronizer.java:2039)
        at java.util.concurrent.ScheduledThreadPoolExecutor$DelayedWorkQueue.take(ScheduledThreadPoolExecutor.java:1088)
        at java.util.concurrent.ScheduledThreadPoolExecutor$DelayedWorkQueue.take(ScheduledThreadPoolExecutor.java:809)
        at java.util.concurrent.ThreadPoolExecutor.getTask(ThreadPoolExecutor.java:1074)
        at java.util.concurrent.ThreadPoolExecutor.runWorker(ThreadPoolExecutor.java:1134)
        at java.util.concurrent.ThreadPoolExecutor$Worker.run(ThreadPoolExecutor.java:624)
        at java.lang.Thread.run(Thread.java:750)
"IPC Parameter Sending Thread for 0.0.0.0/0.0.0.0:15002" daemon prio=5 tid=718 timed_waiting
java.lang.Thread.State: TIMED_WAITING
        at sun.misc.Unsafe.park(Native Method)
        at java.util.concurrent.locks.LockSupport.parkNanos(LockSupport.java:215)
        at java.util.concurrent.SynchronousQueue$TransferQueue.awaitFulfill(SynchronousQueue.java:764)
        at java.util.concurrent.SynchronousQueue$TransferQueue.transfer(SynchronousQueue.java:695)
        at java.util.concurrent.SynchronousQueue.poll(SynchronousQueue.java:941)
        at org.apache.hadoop.ipc.Client$Connection$RpcRequestSender.run(Client.java:1105)
        at java.lang.Thread.run(Thread.java:750)
"Session-HouseKeeper-3d673a8e-1"  prio=5 tid=672 timed_waiting
java.lang.Thread.State: TIMED_WAITING
        at sun.misc.Unsafe.park(Native Method)
        at java.util.concurrent.locks.LockSupport.parkNanos(LockSupport.java:215)
        at java.util.concurrent.locks.AbstractQueuedSynchronizer$ConditionObject.awaitNanos(AbstractQueuedSynchronizer.java:2078)
        at java.util.concurrent.ScheduledThreadPoolExecutor$DelayedWorkQueue.take(ScheduledThreadPoolExecutor.java:1093)
        at java.util.concurrent.ScheduledThreadPoolExecutor$DelayedWorkQueue.take(ScheduledThreadPoolExecutor.java:809)
        at java.util.concurrent.ThreadPoolExecutor.getTask(ThreadPoolExecutor.java:1074)
        at java.util.concurrent.ThreadPoolExecutor.runWorker(ThreadPoolExecutor.java:1134)
        at java.util.concurrent.ThreadPoolExecutor$Worker.run(ThreadPoolExecutor.java:624)
        at java.lang.Thread.run(Thread.java:750)
"e46a6e51-795f-4801-a523-c45a6c7f2c34-CommandProcessorThread" daemon prio=5 tid=459 timed_waiting
java.lang.Thread.State: TIMED_WAITING
        at java.lang.Thread.sleep(Native Method)
        at org.apache.hadoop.ozone.container.common.statemachine.DatanodeStateMachine.lambda$initCommandHandlerThread$4(DatanodeStateMachine.java:684)
        at org.apache.hadoop.ozone.container.common.statemachine.DatanodeStateMachine$$Lambda$1032/2137296302.run(Unknown Source)
        at java.lang.Thread.run(Thread.java:750)
"IPC Server handler 3 on default port 15004" daemon prio=5 tid=415 timed_waiting
java.lang.Thread.State: TIMED_WAITING
        at sun.misc.Unsafe.park(Native Method)
        at java.util.concurrent.locks.LockSupport.parkNanos(LockSupport.java:215)
        at java.util.concurrent.locks.AbstractQueuedSynchronizer$ConditionObject.awaitNanos(AbstractQueuedSynchronizer.java:2078)
        at java.util.concurrent.LinkedBlockingQueue.poll(LinkedBlockingQueue.java:467)
        at org.apache.hadoop.ipc.CallQueueManager.take(CallQueueManager.java:317)
        at org.apache.hadoop.ipc.Server$Handler.run(Server.java:3014)
"78f89d9b-e409-4704-890b-bfcfbcdfd28a-server-thread2" daemon prio=5 tid=2201 timed_waiting
java.lang.Thread.State: TIMED_WAITING
        at sun.misc.Unsafe.park(Native Method)
        at java.util.concurrent.locks.LockSupport.parkNanos(LockSupport.java:215)
        at java.util.concurrent.SynchronousQueue$TransferStack.awaitFulfill(SynchronousQueue.java:460)
        at java.util.concurrent.SynchronousQueue$TransferStack.transfer(SynchronousQueue.java:362)
        at java.util.concurrent.SynchronousQueue.poll(SynchronousQueue.java:941)
        at java.util.concurrent.ThreadPoolExecutor.getTask(ThreadPoolExecutor.java:1073)
        at java.util.concurrent.ThreadPoolExecutor.runWorker(ThreadPoolExecutor.java:1134)
        at java.util.concurrent.ThreadPoolExecutor$Worker.run(ThreadPoolExecutor.java:624)
        at java.lang.Thread.run(Thread.java:750)
"IPC Server handler 0 on default port 15001" daemon prio=5 tid=154 timed_waiting
java.lang.Thread.State: TIMED_WAITING
        at sun.misc.Unsafe.park(Native Method)
        at java.util.concurrent.locks.LockSupport.parkNanos(LockSupport.java:215)
        at java.util.concurrent.locks.AbstractQueuedSynchronizer$ConditionObject.awaitNanos(AbstractQueuedSynchronizer.java:2078)
        at java.util.concurrent.LinkedBlockingQueue.poll(LinkedBlockingQueue.java:467)
        at org.apache.hadoop.ipc.CallQueueManager.take(CallQueueManager.java:317)
        at org.apache.hadoop.ipc.Server$Handler.run(Server.java:3014)
"4e8f68d6-fd98-4f77-87e3-715939181693-ChunkReader-3" daemon prio=5 tid=2369 in Object.wait()
java.lang.Thread.State: WAITING (on object monitor)
        at sun.misc.Unsafe.park(Native Method)
        at java.util.concurrent.locks.LockSupport.park(LockSupport.java:175)
        at java.util.concurrent.locks.AbstractQueuedSynchronizer$ConditionObject.await(AbstractQueuedSynchronizer.java:2039)
        at java.util.concurrent.LinkedBlockingQueue.take(LinkedBlockingQueue.java:442)
        at java.util.concurrent.ThreadPoolExecutor.getTask(ThreadPoolExecutor.java:1074)
        at java.util.concurrent.ThreadPoolExecutor.runWorker(ThreadPoolExecutor.java:1134)
        at java.util.concurrent.ThreadPoolExecutor$Worker.run(ThreadPoolExecutor.java:624)
        at java.lang.Thread.run(Thread.java:750)
"4e8f68d6-fd98-4f77-87e3-715939181693-ChunkReader-2" daemon prio=5 tid=2235 in Object.wait()
java.lang.Thread.State: WAITING (on object monitor)
        at sun.misc.Unsafe.park(Native Method)
        at java.util.concurrent.locks.LockSupport.park(LockSupport.java:175)
        at java.util.concurrent.locks.AbstractQueuedSynchronizer$ConditionObject.await(AbstractQueuedSynchronizer.java:2039)
        at java.util.concurrent.LinkedBlockingQueue.take(LinkedBlockingQueue.java:442)
        at java.util.concurrent.ThreadPoolExecutor.getTask(ThreadPoolExecutor.java:1074)
        at java.util.concurrent.ThreadPoolExecutor.runWorker(ThreadPoolExecutor.java:1134)
        at java.util.concurrent.ThreadPoolExecutor$Worker.run(ThreadPoolExecutor.java:624)
        at java.lang.Thread.run(Thread.java:750)
"qtp2047373618-364" daemon prio=5 tid=364 timed_waiting
java.lang.Thread.State: TIMED_WAITING
        at sun.misc.Unsafe.park(Native Method)
        at java.util.concurrent.locks.LockSupport.parkNanos(LockSupport.java:215)
        at java.util.concurrent.locks.AbstractQueuedSynchronizer$ConditionObject.awaitNanos(AbstractQueuedSynchronizer.java:2078)
        at org.eclipse.jetty.util.BlockingArrayQueue.poll(BlockingArrayQueue.java:382)
        at org.eclipse.jetty.util.thread.QueuedThreadPool$Runner.idleJobPoll(QueuedThreadPool.java:974)
        at org.eclipse.jetty.util.thread.QueuedThreadPool$Runner.run(QueuedThreadPool.java:1018)
        at java.lang.Thread.run(Thread.java:750)
"qtp1920737969-671" daemon prio=5 tid=671 timed_waiting
java.lang.Thread.State: TIMED_WAITING
        at sun.misc.Unsafe.park(Native Method)
        at java.util.concurrent.locks.LockSupport.parkNanos(LockSupport.java:215)
        at java.util.concurrent.locks.AbstractQueuedSynchronizer$ConditionObject.awaitNanos(AbstractQueuedSynchronizer.java:2078)
        at org.eclipse.jetty.util.BlockingArrayQueue.poll(BlockingArrayQueue.java:382)
        at org.eclipse.jetty.util.thread.QueuedThreadPool$Runner.idleJobPoll(QueuedThreadPool.java:974)
        at org.eclipse.jetty.util.thread.QueuedThreadPool$Runner.run(QueuedThreadPool.java:1018)
        at java.lang.Thread.run(Thread.java:750)
"IPC Server handler 77 on default port 15001" daemon prio=5 tid=231 timed_waiting
java.lang.Thread.State: TIMED_WAITING
        at sun.misc.Unsafe.park(Native Method)
        at java.util.concurrent.locks.LockSupport.parkNanos(LockSupport.java:215)
        at java.util.concurrent.locks.AbstractQueuedSynchronizer$ConditionObject.awaitNanos(AbstractQueuedSynchronizer.java:2078)
        at java.util.concurrent.LinkedBlockingQueue.poll(LinkedBlockingQueue.java:467)
        at org.apache.hadoop.ipc.CallQueueManager.take(CallQueueManager.java:317)
        at org.apache.hadoop.ipc.Server$Handler.run(Server.java:3014)
"IPC Server listener on 15000" daemon prio=5 tid=38 runnable
java.lang.Thread.State: RUNNABLE
        at sun.nio.ch.EPollArrayWrapper.epollWait(Native Method)
        at sun.nio.ch.EPollArrayWrapper.poll(EPollArrayWrapper.java:269)
        at sun.nio.ch.EPollSelectorImpl.doSelect(EPollSelectorImpl.java:93)
        at sun.nio.ch.SelectorImpl.lockAndDoSelect(SelectorImpl.java:86)
        at sun.nio.ch.SelectorImpl.select(SelectorImpl.java:97)
        at sun.nio.ch.SelectorImpl.select(SelectorImpl.java:101)
        at org.apache.hadoop.ipc.Server$Listener.run(Server.java:1408)
"86ab988c-fa9c-425d-a1c6-9004ff7fd93d@group-5C1807567017-FollowerState" daemon prio=5 tid=2176 timed_waiting
java.lang.Thread.State: TIMED_WAITING
        at java.lang.Thread.sleep(Native Method)
        at java.lang.Thread.sleep(Thread.java:342)
        at java.util.concurrent.TimeUnit.sleep(TimeUnit.java:386)
        at org.apache.ratis.util.TimeDuration.sleep(TimeDuration.java:353)
        at org.apache.ratis.util.TimeDuration.sleep(TimeDuration.java:338)
        at org.apache.ratis.server.impl.FollowerState.run(FollowerState.java:128)
"IPC Server handler 26 on default port 15002" daemon prio=5 tid=280 timed_waiting
java.lang.Thread.State: TIMED_WAITING
        at sun.misc.Unsafe.park(Native Method)
        at java.util.concurrent.locks.LockSupport.parkNanos(LockSupport.java:215)
        at java.util.concurrent.locks.AbstractQueuedSynchronizer$ConditionObject.awaitNanos(AbstractQueuedSynchronizer.java:2078)
        at java.util.concurrent.LinkedBlockingQueue.poll(LinkedBlockingQueue.java:467)
        at org.apache.hadoop.ipc.CallQueueManager.take(CallQueueManager.java:317)
        at org.apache.hadoop.ipc.Server$Handler.run(Server.java:3014)
"86ab988c-fa9c-425d-a1c6-9004ff7fd93d-ChunkWriter-3-0" daemon prio=5 tid=806 in Object.wait()
java.lang.Thread.State: WAITING (on object monitor)
        at sun.misc.Unsafe.park(Native Method)
        at java.util.concurrent.locks.LockSupport.park(LockSupport.java:175)
        at java.util.concurrent.locks.AbstractQueuedSynchronizer$ConditionObject.await(AbstractQueuedSynchronizer.java:2039)
        at java.util.concurrent.LinkedBlockingDeque.takeFirst(LinkedBlockingDeque.java:492)
        at java.util.concurrent.LinkedBlockingDeque.take(LinkedBlockingDeque.java:680)
        at java.util.concurrent.ThreadPoolExecutor.getTask(ThreadPoolExecutor.java:1074)
        at java.util.concurrent.ThreadPoolExecutor.runWorker(ThreadPoolExecutor.java:1134)
        at java.util.concurrent.ThreadPoolExecutor$Worker.run(ThreadPoolExecutor.java:624)
        at java.lang.Thread.run(Thread.java:750)
"StaleRecoveringContainerScrubbingService#7" daemon prio=5 tid=2358 in Object.wait()
java.lang.Thread.State: WAITING (on object monitor)
        at sun.misc.Unsafe.park(Native Method)
        at java.util.concurrent.locks.LockSupport.park(LockSupport.java:175)
        at java.util.concurrent.locks.AbstractQueuedSynchronizer$ConditionObject.await(AbstractQueuedSynchronizer.java:2039)
        at java.util.concurrent.ScheduledThreadPoolExecutor$DelayedWorkQueue.take(ScheduledThreadPoolExecutor.java:1088)
        at java.util.concurrent.ScheduledThreadPoolExecutor$DelayedWorkQueue.take(ScheduledThreadPoolExecutor.java:809)
        at java.util.concurrent.ThreadPoolExecutor.getTask(ThreadPoolExecutor.java:1074)
        at java.util.concurrent.ThreadPoolExecutor.runWorker(ThreadPoolExecutor.java:1134)
        at java.util.concurrent.ThreadPoolExecutor$Worker.run(ThreadPoolExecutor.java:624)
        at java.lang.Thread.run(Thread.java:750)
"StaleRecoveringContainerScrubbingService#6" daemon prio=5 tid=2345 in Object.wait()
java.lang.Thread.State: WAITING (on object monitor)
        at sun.misc.Unsafe.park(Native Method)
        at java.util.concurrent.locks.LockSupport.park(LockSupport.java:175)
        at java.util.concurrent.locks.AbstractQueuedSynchronizer$ConditionObject.await(AbstractQueuedSynchronizer.java:2039)
        at java.util.concurrent.ScheduledThreadPoolExecutor$DelayedWorkQueue.take(ScheduledThreadPoolExecutor.java:1088)
        at java.util.concurrent.ScheduledThreadPoolExecutor$DelayedWorkQueue.take(ScheduledThreadPoolExecutor.java:809)
        at java.util.concurrent.ThreadPoolExecutor.getTask(ThreadPoolExecutor.java:1074)
        at java.util.concurrent.ThreadPoolExecutor.runWorker(ThreadPoolExecutor.java:1134)
        at java.util.concurrent.ThreadPoolExecutor$Worker.run(ThreadPoolExecutor.java:624)
        at java.lang.Thread.run(Thread.java:750)
"e780b093-7242-46d7-bd8f-0f810188c7b3-CloseContainerThread-0"  prio=5 tid=1981 in Object.wait()
java.lang.Thread.State: WAITING (on object monitor)
        at sun.misc.Unsafe.park(Native Method)
        at java.util.concurrent.locks.LockSupport.park(LockSupport.java:175)
        at java.util.concurrent.locks.AbstractQueuedSynchronizer$ConditionObject.await(AbstractQueuedSynchronizer.java:2039)
        at java.util.concurrent.LinkedBlockingQueue.take(LinkedBlockingQueue.java:442)
        at java.util.concurrent.ThreadPoolExecutor.getTask(ThreadPoolExecutor.java:1074)
        at java.util.concurrent.ThreadPoolExecutor.runWorker(ThreadPoolExecutor.java:1134)
        at java.util.concurrent.ThreadPoolExecutor$Worker.run(ThreadPoolExecutor.java:624)
        at java.lang.Thread.run(Thread.java:750)
"surefire-forkedjvm-ping-30s" daemon prio=5 tid=12 timed_waiting
java.lang.Thread.State: TIMED_WAITING
        at sun.misc.Unsafe.park(Native Method)
        at java.util.concurrent.locks.LockSupport.parkNanos(LockSupport.java:215)
        at java.util.concurrent.locks.AbstractQueuedSynchronizer$ConditionObject.awaitNanos(AbstractQueuedSynchronizer.java:2078)
        at java.util.concurrent.ScheduledThreadPoolExecutor$DelayedWorkQueue.take(ScheduledThreadPoolExecutor.java:1093)
        at java.util.concurrent.ScheduledThreadPoolExecutor$DelayedWorkQueue.take(ScheduledThreadPoolExecutor.java:809)
        at java.util.concurrent.ThreadPoolExecutor.getTask(ThreadPoolExecutor.java:1074)
        at java.util.concurrent.ThreadPoolExecutor.runWorker(ThreadPoolExecutor.java:1134)
        at java.util.concurrent.ThreadPoolExecutor$Worker.run(ThreadPoolExecutor.java:624)
        at java.lang.Thread.run(Thread.java:750)
"StaleRecoveringContainerScrubbingService#5" daemon prio=5 tid=2208 in Object.wait()
java.lang.Thread.State: WAITING (on object monitor)
        at sun.misc.Unsafe.park(Native Method)
        at java.util.concurrent.locks.LockSupport.park(LockSupport.java:175)
        at java.util.concurrent.locks.AbstractQueuedSynchronizer$ConditionObject.await(AbstractQueuedSynchronizer.java:2039)
        at java.util.concurrent.ScheduledThreadPoolExecutor$DelayedWorkQueue.take(ScheduledThreadPoolExecutor.java:1088)
        at java.util.concurrent.ScheduledThreadPoolExecutor$DelayedWorkQueue.take(ScheduledThreadPoolExecutor.java:809)
        at java.util.concurrent.ThreadPoolExecutor.getTask(ThreadPoolExecutor.java:1074)
        at java.util.concurrent.ThreadPoolExecutor.runWorker(ThreadPoolExecutor.java:1134)
        at java.util.concurrent.ThreadPoolExecutor$Worker.run(ThreadPoolExecutor.java:624)
        at java.lang.Thread.run(Thread.java:750)
"4e8f68d6-fd98-4f77-87e3-715939181693@group-DA1B62F9EAE3-SegmentedRaftLogWorker"  prio=5 tid=930 timed_waiting
java.lang.Thread.State: TIMED_WAITING
        at sun.misc.Unsafe.park(Native Method)
        at java.util.concurrent.locks.LockSupport.parkNanos(LockSupport.java:215)
        at java.util.concurrent.locks.AbstractQueuedSynchronizer$ConditionObject.awaitNanos(AbstractQueuedSynchronizer.java:2078)
        at org.apache.ratis.util.DataBlockingQueue.poll(DataBlockingQueue.java:148)
        at org.apache.ratis.server.raftlog.segmented.SegmentedRaftLogWorker.run(SegmentedRaftLogWorker.java:299)
        at org.apache.ratis.server.raftlog.segmented.SegmentedRaftLogWorker$$Lambda$913/1052546256.run(Unknown Source)
        at java.util.concurrent.Executors$RunnableAdapter.call(Executors.java:511)
        at java.util.concurrent.FutureTask.run(FutureTask.java:266)
        at java.util.concurrent.ThreadPoolExecutor.runWorker(ThreadPoolExecutor.java:1149)
        at java.util.concurrent.ThreadPoolExecutor$Worker.run(ThreadPoolExecutor.java:624)
        at java.lang.Thread.run(Thread.java:750)
"om1@group-C5BA1605619E-LeaderStateImpl" daemon prio=5 tid=532 timed_waiting
java.lang.Thread.State: TIMED_WAITING
        at sun.misc.Unsafe.park(Native Method)
        at java.util.concurrent.locks.LockSupport.parkNanos(LockSupport.java:215)
        at java.util.concurrent.locks.AbstractQueuedSynchronizer$ConditionObject.awaitNanos(AbstractQueuedSynchronizer.java:2078)
        at java.util.concurrent.ArrayBlockingQueue.poll(ArrayBlockingQueue.java:418)
        at org.apache.ratis.server.impl.LeaderStateImpl$EventQueue.poll(LeaderStateImpl.java:164)
        at org.apache.ratis.server.impl.LeaderStateImpl$EventProcessor.run(LeaderStateImpl.java:762)
"dc26353c-d48a-467d-89cd-3a7c4b626396-ChunkReader-2" daemon prio=5 tid=2236 in Object.wait()
java.lang.Thread.State: WAITING (on object monitor)
        at sun.misc.Unsafe.park(Native Method)
        at java.util.concurrent.locks.LockSupport.park(LockSupport.java:175)
        at java.util.concurrent.locks.AbstractQueuedSynchronizer$ConditionObject.await(AbstractQueuedSynchronizer.java:2039)
        at java.util.concurrent.LinkedBlockingQueue.take(LinkedBlockingQueue.java:442)
        at java.util.concurrent.ThreadPoolExecutor.getTask(ThreadPoolExecutor.java:1074)
        at java.util.concurrent.ThreadPoolExecutor.runWorker(ThreadPoolExecutor.java:1134)
        at java.util.concurrent.ThreadPoolExecutor$Worker.run(ThreadPoolExecutor.java:624)
        at java.lang.Thread.run(Thread.java:750)
"e780b093-7242-46d7-bd8f-0f810188c7b3@group-5C1807567017->86ab988c-fa9c-425d-a1c6-9004ff7fd93d-GrpcLogAppender-LogAppenderDaemon" daemon prio=5 tid=2179 timed_waiting
java.lang.Thread.State: TIMED_WAITING
        at sun.misc.Unsafe.park(Native Method)
        at java.util.concurrent.locks.LockSupport.parkNanos(LockSupport.java:215)
        at java.util.concurrent.locks.AbstractQueuedSynchronizer$ConditionObject.await(AbstractQueuedSynchronizer.java:2163)
        at org.apache.ratis.util.AwaitForSignal.await(AwaitForSignal.java:65)
        at org.apache.ratis.grpc.server.GrpcLogAppender.mayWait(GrpcLogAppender.java:286)
        at org.apache.ratis.grpc.server.GrpcLogAppender.run(GrpcLogAppender.java:254)
        at org.apache.ratis.server.leader.LogAppenderDaemon.run(LogAppenderDaemon.java:80)
        at org.apache.ratis.server.leader.LogAppenderDaemon$$Lambda$1370/616798254.run(Unknown Source)
        at java.lang.Thread.run(Thread.java:750)
"StaleRecoveringContainerScrubbingService#2" daemon prio=5 tid=1530 timed_waiting
java.lang.Thread.State: TIMED_WAITING
        at sun.misc.Unsafe.park(Native Method)
        at java.util.concurrent.locks.LockSupport.parkNanos(LockSupport.java:215)
        at java.util.concurrent.locks.AbstractQueuedSynchronizer$ConditionObject.awaitNanos(AbstractQueuedSynchronizer.java:2078)
        at java.util.concurrent.ScheduledThreadPoolExecutor$DelayedWorkQueue.take(ScheduledThreadPoolExecutor.java:1093)
        at java.util.concurrent.ScheduledThreadPoolExecutor$DelayedWorkQueue.take(ScheduledThreadPoolExecutor.java:809)
        at java.util.concurrent.ThreadPoolExecutor.getTask(ThreadPoolExecutor.java:1074)
        at java.util.concurrent.ThreadPoolExecutor.runWorker(ThreadPoolExecutor.java:1134)
        at java.util.concurrent.ThreadPoolExecutor$Worker.run(ThreadPoolExecutor.java:624)
        at java.lang.Thread.run(Thread.java:750)
"d25dc3b0-28fc-4383-b1a0-617845025f41-DatanodeStateMachineTaskThread-0"  prio=5 tid=516 in Object.wait()
java.lang.Thread.State: WAITING (on object monitor)
        at sun.misc.Unsafe.park(Native Method)
        at java.util.concurrent.locks.LockSupport.park(LockSupport.java:175)
        at java.util.concurrent.locks.AbstractQueuedSynchronizer$ConditionObject.await(AbstractQueuedSynchronizer.java:2039)
        at java.util.concurrent.LinkedBlockingQueue.take(LinkedBlockingQueue.java:442)
        at java.util.concurrent.ThreadPoolExecutor.getTask(ThreadPoolExecutor.java:1074)
        at java.util.concurrent.ThreadPoolExecutor.runWorker(ThreadPoolExecutor.java:1134)
        at java.util.concurrent.ThreadPoolExecutor$Worker.run(ThreadPoolExecutor.java:624)
        at java.lang.Thread.run(Thread.java:750)
"86ab988c-fa9c-425d-a1c6-9004ff7fd93d-CommandProcessorThread" daemon prio=5 tid=601 timed_waiting
java.lang.Thread.State: TIMED_WAITING
        at java.lang.Thread.sleep(Native Method)
        at org.apache.hadoop.ozone.container.common.statemachine.DatanodeStateMachine.lambda$initCommandHandlerThread$4(DatanodeStateMachine.java:684)
        at org.apache.hadoop.ozone.container.common.statemachine.DatanodeStateMachine$$Lambda$1032/2137296302.run(Unknown Source)
        at java.lang.Thread.run(Thread.java:750)
"IPC Server handler 47 on default port 15001" daemon prio=5 tid=201 timed_waiting
java.lang.Thread.State: TIMED_WAITING
        at sun.misc.Unsafe.park(Native Method)
        at java.util.concurrent.locks.LockSupport.parkNanos(LockSupport.java:215)
        at java.util.concurrent.locks.AbstractQueuedSynchronizer$ConditionObject.awaitNanos(AbstractQueuedSynchronizer.java:2078)
        at java.util.concurrent.LinkedBlockingQueue.poll(LinkedBlockingQueue.java:467)
        at org.apache.hadoop.ipc.CallQueueManager.take(CallQueueManager.java:317)
        at org.apache.hadoop.ipc.Server$Handler.run(Server.java:3014)
"4e8f68d6-fd98-4f77-87e3-715939181693@group-DA1B62F9EAE3-StateMachineUpdater" daemon prio=5 tid=932 timed_waiting
java.lang.Thread.State: TIMED_WAITING
        at sun.misc.Unsafe.park(Native Method)
        at java.util.concurrent.locks.LockSupport.parkNanos(LockSupport.java:215)
        at java.util.concurrent.locks.AbstractQueuedSynchronizer$ConditionObject.await(AbstractQueuedSynchronizer.java:2163)
        at org.apache.ratis.util.AwaitForSignal.await(AwaitForSignal.java:65)
        at org.apache.ratis.server.impl.StateMachineUpdater.waitForCommit(StateMachineUpdater.java:211)
        at org.apache.ratis.server.impl.StateMachineUpdater.run(StateMachineUpdater.java:180)
        at java.lang.Thread.run(Thread.java:750)
"13f92446-3b18-4d81-bc66-0f9b00220e72-DatanodeReportManager-2" daemon prio=5 tid=2063 in Object.wait()
java.lang.Thread.State: WAITING (on object monitor)
        at sun.misc.Unsafe.park(Native Method)
        at java.util.concurrent.locks.LockSupport.park(LockSupport.java:175)
        at java.util.concurrent.locks.AbstractQueuedSynchronizer$ConditionObject.await(AbstractQueuedSynchronizer.java:2039)
        at java.util.concurrent.ScheduledThreadPoolExecutor$DelayedWorkQueue.take(ScheduledThreadPoolExecutor.java:1088)
        at java.util.concurrent.ScheduledThreadPoolExecutor$DelayedWorkQueue.take(ScheduledThreadPoolExecutor.java:809)
        at java.util.concurrent.ThreadPoolExecutor.getTask(ThreadPoolExecutor.java:1074)
        at java.util.concurrent.ThreadPoolExecutor.runWorker(ThreadPoolExecutor.java:1134)
        at java.util.concurrent.ThreadPoolExecutor$Worker.run(ThreadPoolExecutor.java:624)
        at java.lang.Thread.run(Thread.java:750)
"86ab988c-fa9c-425d-a1c6-9004ff7fd93d-DatanodeReportManager-0" daemon prio=5 tid=596 in Object.wait()
java.lang.Thread.State: WAITING (on object monitor)
        at sun.misc.Unsafe.park(Native Method)
        at java.util.concurrent.locks.LockSupport.park(LockSupport.java:175)
        at java.util.concurrent.locks.AbstractQueuedSynchronizer$ConditionObject.await(AbstractQueuedSynchronizer.java:2039)
        at java.util.concurrent.ScheduledThreadPoolExecutor$DelayedWorkQueue.take(ScheduledThreadPoolExecutor.java:1088)
        at java.util.concurrent.ScheduledThreadPoolExecutor$DelayedWorkQueue.take(ScheduledThreadPoolExecutor.java:809)
        at java.util.concurrent.ThreadPoolExecutor.getTask(ThreadPoolExecutor.java:1074)
        at java.util.concurrent.ThreadPoolExecutor.runWorker(ThreadPoolExecutor.java:1134)
        at java.util.concurrent.ThreadPoolExecutor$Worker.run(ThreadPoolExecutor.java:624)
        at java.lang.Thread.run(Thread.java:750)
"4e8f68d6-fd98-4f77-87e3-715939181693-EndpointStateMachineTaskThread-/0.0.0.0:15002-0 "  prio=5 tid=766 in Object.wait()
java.lang.Thread.State: WAITING (on object monitor)
        at sun.misc.Unsafe.park(Native Method)
        at java.util.concurrent.locks.LockSupport.park(LockSupport.java:175)
        at java.util.concurrent.locks.AbstractQueuedSynchronizer$ConditionObject.await(AbstractQueuedSynchronizer.java:2039)
        at java.util.concurrent.LinkedBlockingQueue.take(LinkedBlockingQueue.java:442)
        at java.util.concurrent.ThreadPoolExecutor.getTask(ThreadPoolExecutor.java:1074)
        at java.util.concurrent.ThreadPoolExecutor.runWorker(ThreadPoolExecutor.java:1134)
        at java.util.concurrent.ThreadPoolExecutor$Worker.run(ThreadPoolExecutor.java:624)
        at java.lang.Thread.run(Thread.java:750)
"Hadoop-Metrics-Updater-0" daemon prio=5 tid=565 timed_waiting
java.lang.Thread.State: TIMED_WAITING
        at sun.misc.Unsafe.park(Native Method)
        at java.util.concurrent.locks.LockSupport.parkNanos(LockSupport.java:215)
        at java.util.concurrent.locks.AbstractQueuedSynchronizer$ConditionObject.awaitNanos(AbstractQueuedSynchronizer.java:2078)
        at java.util.concurrent.ScheduledThreadPoolExecutor$DelayedWorkQueue.take(ScheduledThreadPoolExecutor.java:1093)
        at java.util.concurrent.ScheduledThreadPoolExecutor$DelayedWorkQueue.take(ScheduledThreadPoolExecutor.java:809)
        at java.util.concurrent.ThreadPoolExecutor.getTask(ThreadPoolExecutor.java:1074)
        at java.util.concurrent.ThreadPoolExecutor.runWorker(ThreadPoolExecutor.java:1134)
        at java.util.concurrent.ThreadPoolExecutor$Worker.run(ThreadPoolExecutor.java:624)
        at java.lang.Thread.run(Thread.java:750)
"IPC Server handler 69 on default port 15001" daemon prio=5 tid=223 timed_waiting
java.lang.Thread.State: TIMED_WAITING
        at sun.misc.Unsafe.park(Native Method)
        at java.util.concurrent.locks.LockSupport.parkNanos(LockSupport.java:215)
        at java.util.concurrent.locks.AbstractQueuedSynchronizer$ConditionObject.awaitNanos(AbstractQueuedSynchronizer.java:2078)
        at java.util.concurrent.LinkedBlockingQueue.poll(LinkedBlockingQueue.java:467)
        at org.apache.hadoop.ipc.CallQueueManager.take(CallQueueManager.java:317)
        at org.apache.hadoop.ipc.Server$Handler.run(Server.java:3014)
"d25dc3b0-28fc-4383-b1a0-617845025f41@group-9D5BCF0FDB08-SegmentedRaftLogWorker"  prio=5 tid=1070 timed_waiting
java.lang.Thread.State: TIMED_WAITING
        at sun.misc.Unsafe.park(Native Method)
        at java.util.concurrent.locks.LockSupport.parkNanos(LockSupport.java:215)
        at java.util.concurrent.locks.AbstractQueuedSynchronizer$ConditionObject.awaitNanos(AbstractQueuedSynchronizer.java:2078)
        at org.apache.ratis.util.DataBlockingQueue.poll(DataBlockingQueue.java:148)
        at org.apache.ratis.server.raftlog.segmented.SegmentedRaftLogWorker.run(SegmentedRaftLogWorker.java:299)
        at org.apache.ratis.server.raftlog.segmented.SegmentedRaftLogWorker$$Lambda$913/1052546256.run(Unknown Source)
        at java.util.concurrent.Executors$RunnableAdapter.call(Executors.java:511)
        at java.util.concurrent.FutureTask.run(FutureTask.java:266)
        at java.util.concurrent.ThreadPoolExecutor.runWorker(ThreadPoolExecutor.java:1149)
        at java.util.concurrent.ThreadPoolExecutor$Worker.run(ThreadPoolExecutor.java:624)
        at java.lang.Thread.run(Thread.java:750)
"IPC Server handler 56 on default port 15002" daemon prio=5 tid=310 timed_waiting
java.lang.Thread.State: TIMED_WAITING
        at sun.misc.Unsafe.park(Native Method)
        at java.util.concurrent.locks.LockSupport.parkNanos(LockSupport.java:215)
        at java.util.concurrent.locks.AbstractQueuedSynchronizer$ConditionObject.awaitNanos(AbstractQueuedSynchronizer.java:2078)
        at java.util.concurrent.LinkedBlockingQueue.poll(LinkedBlockingQueue.java:467)
        at org.apache.hadoop.ipc.CallQueueManager.take(CallQueueManager.java:317)
        at org.apache.hadoop.ipc.Server$Handler.run(Server.java:3014)
"4e8f68d6-fd98-4f77-87e3-715939181693-BlockDeletingService#1" daemon prio=5 tid=779 in Object.wait()
java.lang.Thread.State: WAITING (on object monitor)
        at sun.misc.Unsafe.park(Native Method)
        at java.util.concurrent.locks.LockSupport.park(LockSupport.java:175)
        at java.util.concurrent.locks.AbstractQueuedSynchronizer$ConditionObject.await(AbstractQueuedSynchronizer.java:2039)
        at java.util.concurrent.ScheduledThreadPoolExecutor$DelayedWorkQueue.take(ScheduledThreadPoolExecutor.java:1088)
        at java.util.concurrent.ScheduledThreadPoolExecutor$DelayedWorkQueue.take(ScheduledThreadPoolExecutor.java:809)
        at java.util.concurrent.ThreadPoolExecutor.getTask(ThreadPoolExecutor.java:1074)
        at java.util.concurrent.ThreadPoolExecutor.runWorker(ThreadPoolExecutor.java:1134)
        at java.util.concurrent.ThreadPoolExecutor$Worker.run(ThreadPoolExecutor.java:624)
        at java.lang.Thread.run(Thread.java:750)
"e46a6e51-795f-4801-a523-c45a6c7f2c34-ChunkReader-5" daemon prio=5 tid=2408 in Object.wait()
java.lang.Thread.State: WAITING (on object monitor)
        at sun.misc.Unsafe.park(Native Method)
        at java.util.concurrent.locks.LockSupport.park(LockSupport.java:175)
        at java.util.concurrent.locks.AbstractQueuedSynchronizer$ConditionObject.await(AbstractQueuedSynchronizer.java:2039)
        at java.util.concurrent.LinkedBlockingQueue.take(LinkedBlockingQueue.java:442)
        at java.util.concurrent.ThreadPoolExecutor.getTask(ThreadPoolExecutor.java:1074)
        at java.util.concurrent.ThreadPoolExecutor.runWorker(ThreadPoolExecutor.java:1134)
        at java.util.concurrent.ThreadPoolExecutor$Worker.run(ThreadPoolExecutor.java:624)
        at java.lang.Thread.run(Thread.java:750)
"IPC Server handler 33 on default port 15002" daemon prio=5 tid=287 timed_waiting
java.lang.Thread.State: TIMED_WAITING
        at sun.misc.Unsafe.park(Native Method)
        at java.util.concurrent.locks.LockSupport.parkNanos(LockSupport.java:215)
        at java.util.concurrent.locks.AbstractQueuedSynchronizer$ConditionObject.awaitNanos(AbstractQueuedSynchronizer.java:2078)
        at java.util.concurrent.LinkedBlockingQueue.poll(LinkedBlockingQueue.java:467)
        at org.apache.hadoop.ipc.CallQueueManager.take(CallQueueManager.java:317)
        at org.apache.hadoop.ipc.Server$Handler.run(Server.java:3014)
"e46a6e51-795f-4801-a523-c45a6c7f2c34-DatanodeStateMachineDaemonThread" daemon prio=5 tid=453 timed_waiting
java.lang.Thread.State: TIMED_WAITING
        at java.lang.Thread.sleep(Native Method)
        at org.apache.hadoop.ozone.container.common.statemachine.DatanodeStateMachine.startStateMachineThread(DatanodeStateMachine.java:369)
        at org.apache.hadoop.ozone.container.common.statemachine.DatanodeStateMachine.lambda$startDaemon$1(DatanodeStateMachine.java:556)
        at org.apache.hadoop.ozone.container.common.statemachine.DatanodeStateMachine$$Lambda$1030/2092369521.run(Unknown Source)
        at java.lang.Thread.run(Thread.java:750)
"IPC Server handler 60 on default port 15000" daemon prio=5 tid=114 timed_waiting
java.lang.Thread.State: TIMED_WAITING
        at sun.misc.Unsafe.park(Native Method)
        at java.util.concurrent.locks.LockSupport.parkNanos(LockSupport.java:215)
        at java.util.concurrent.locks.AbstractQueuedSynchronizer$ConditionObject.awaitNanos(AbstractQueuedSynchronizer.java:2078)
        at java.util.concurrent.LinkedBlockingQueue.poll(LinkedBlockingQueue.java:467)
        at org.apache.hadoop.ipc.CallQueueManager.take(CallQueueManager.java:317)
        at org.apache.hadoop.ipc.Server$Handler.run(Server.java:3014)
"IPC Server handler 0 on default port 15037" daemon prio=5 tid=538 timed_waiting
java.lang.Thread.State: TIMED_WAITING
        at sun.misc.Unsafe.park(Native Method)
        at java.util.concurrent.locks.LockSupport.parkNanos(LockSupport.java:215)
        at java.util.concurrent.locks.AbstractQueuedSynchronizer$ConditionObject.awaitNanos(AbstractQueuedSynchronizer.java:2078)
        at java.util.concurrent.LinkedBlockingQueue.poll(LinkedBlockingQueue.java:467)
        at org.apache.hadoop.ipc.CallQueueManager.take(CallQueueManager.java:317)
        at org.apache.hadoop.ipc.Server$Handler.run(Server.java:3014)
"78f89d9b-e409-4704-890b-bfcfbcdfd28a@group-5C1807567017-StateMachineUpdater" daemon prio=5 tid=2132 timed_waiting
java.lang.Thread.State: TIMED_WAITING
        at sun.misc.Unsafe.park(Native Method)
        at java.util.concurrent.locks.LockSupport.parkNanos(LockSupport.java:215)
        at java.util.concurrent.locks.AbstractQueuedSynchronizer$ConditionObject.await(AbstractQueuedSynchronizer.java:2163)
        at org.apache.ratis.util.AwaitForSignal.await(AwaitForSignal.java:65)
        at org.apache.ratis.server.impl.StateMachineUpdater.waitForCommit(StateMachineUpdater.java:211)
        at org.apache.ratis.server.impl.StateMachineUpdater.run(StateMachineUpdater.java:180)
        at java.lang.Thread.run(Thread.java:750)
"qtp751996498-612" daemon prio=5 tid=612 timed_waiting
java.lang.Thread.State: TIMED_WAITING
        at sun.misc.Unsafe.park(Native Method)
        at java.util.concurrent.locks.LockSupport.parkNanos(LockSupport.java:215)
        at java.util.concurrent.locks.AbstractQueuedSynchronizer$ConditionObject.awaitNanos(AbstractQueuedSynchronizer.java:2078)
        at org.eclipse.jetty.util.BlockingArrayQueue.poll(BlockingArrayQueue.java:382)
        at org.eclipse.jetty.util.thread.QueuedThreadPool$Runner.idleJobPoll(QueuedThreadPool.java:974)
        at org.eclipse.jetty.util.thread.QueuedThreadPool$Runner.run(QueuedThreadPool.java:1018)
        at java.lang.Thread.run(Thread.java:750)
"om1-MultipartUploadCleanupService#0" daemon prio=5 tid=401 timed_waiting
java.lang.Thread.State: TIMED_WAITING
        at sun.misc.Unsafe.park(Native Method)
        at java.util.concurrent.locks.LockSupport.parkNanos(LockSupport.java:215)
        at java.util.concurrent.locks.AbstractQueuedSynchronizer$ConditionObject.awaitNanos(AbstractQueuedSynchronizer.java:2078)
        at java.util.concurrent.ScheduledThreadPoolExecutor$DelayedWorkQueue.take(ScheduledThreadPoolExecutor.java:1093)
        at java.util.concurrent.ScheduledThreadPoolExecutor$DelayedWorkQueue.take(ScheduledThreadPoolExecutor.java:809)
        at java.util.concurrent.ThreadPoolExecutor.getTask(ThreadPoolExecutor.java:1074)
        at java.util.concurrent.ThreadPoolExecutor.runWorker(ThreadPoolExecutor.java:1134)
        at java.util.concurrent.ThreadPoolExecutor$Worker.run(ThreadPoolExecutor.java:624)
        at java.lang.Thread.run(Thread.java:750)
"c30fedce-f286-40e0-881d-3d5a9a6e2463-BlockDeletingService#3" daemon prio=5 tid=2416 in Object.wait()
java.lang.Thread.State: WAITING (on object monitor)
        at sun.misc.Unsafe.park(Native Method)
        at java.util.concurrent.locks.LockSupport.park(LockSupport.java:175)
        at java.util.concurrent.locks.AbstractQueuedSynchronizer$ConditionObject.await(AbstractQueuedSynchronizer.java:2039)
        at java.util.concurrent.ScheduledThreadPoolExecutor$DelayedWorkQueue.take(ScheduledThreadPoolExecutor.java:1088)
        at java.util.concurrent.ScheduledThreadPoolExecutor$DelayedWorkQueue.take(ScheduledThreadPoolExecutor.java:809)
        at java.util.concurrent.ThreadPoolExecutor.getTask(ThreadPoolExecutor.java:1074)
        at java.util.concurrent.ThreadPoolExecutor.runWorker(ThreadPoolExecutor.java:1134)
        at java.util.concurrent.ThreadPoolExecutor$Worker.run(ThreadPoolExecutor.java:624)
        at java.lang.Thread.run(Thread.java:750)
"LeaseManager#LeaseMonitor" daemon prio=5 tid=355 timed_waiting
java.lang.Thread.State: TIMED_WAITING
        at sun.misc.Unsafe.park(Native Method)
        at java.util.concurrent.locks.LockSupport.parkNanos(LockSupport.java:215)
        at java.util.concurrent.locks.AbstractQueuedSynchronizer.doAcquireSharedNanos(AbstractQueuedSynchronizer.java:1037)
        at java.util.concurrent.locks.AbstractQueuedSynchronizer.tryAcquireSharedNanos(AbstractQueuedSynchronizer.java:1328)
        at java.util.concurrent.Semaphore.tryAcquire(Semaphore.java:409)
        at org.apache.hadoop.ozone.lease.LeaseManager$LeaseMonitor.run(LeaseManager.java:285)
        at java.lang.Thread.run(Thread.java:750)
"d25dc3b0-28fc-4383-b1a0-617845025f41@group-C38389527FEF-SegmentedRaftLogWorker"  prio=5 tid=915 timed_waiting
java.lang.Thread.State: TIMED_WAITING
        at sun.misc.Unsafe.park(Native Method)
        at java.util.concurrent.locks.LockSupport.parkNanos(LockSupport.java:215)
        at java.util.concurrent.locks.AbstractQueuedSynchronizer$ConditionObject.awaitNanos(AbstractQueuedSynchronizer.java:2078)
        at org.apache.ratis.util.DataBlockingQueue.poll(DataBlockingQueue.java:148)
        at org.apache.ratis.server.raftlog.segmented.SegmentedRaftLogWorker.run(SegmentedRaftLogWorker.java:299)
        at org.apache.ratis.server.raftlog.segmented.SegmentedRaftLogWorker$$Lambda$913/1052546256.run(Unknown Source)
        at java.util.concurrent.Executors$RunnableAdapter.call(Executors.java:511)
        at java.util.concurrent.FutureTask.run(FutureTask.java:266)
        at java.util.concurrent.ThreadPoolExecutor.runWorker(ThreadPoolExecutor.java:1149)
        at java.util.concurrent.ThreadPoolExecutor$Worker.run(ThreadPoolExecutor.java:624)
        at java.lang.Thread.run(Thread.java:750)
"4e8f68d6-fd98-4f77-87e3-715939181693@group-C11F3E838557-cacheEviction-AwaitToRun" daemon prio=5 tid=1391 in Object.wait()
java.lang.Thread.State: WAITING (on object monitor)
        at sun.misc.Unsafe.park(Native Method)
        at java.util.concurrent.locks.LockSupport.park(LockSupport.java:175)
        at java.util.concurrent.locks.AbstractQueuedSynchronizer$ConditionObject.await(AbstractQueuedSynchronizer.java:2039)
        at org.apache.ratis.util.AwaitForSignal.await(AwaitForSignal.java:48)
        at org.apache.ratis.util.AwaitToRun$RunnableImpl.run(AwaitToRun.java:47)
        at java.lang.Thread.run(Thread.java:750)
"d25dc3b0-28fc-4383-b1a0-617845025f41-DatanodeReportManager-1" daemon prio=5 tid=511 timed_waiting
java.lang.Thread.State: TIMED_WAITING
        at sun.misc.Unsafe.park(Native Method)
        at java.util.concurrent.locks.LockSupport.parkNanos(LockSupport.java:215)
        at java.util.concurrent.locks.AbstractQueuedSynchronizer$ConditionObject.awaitNanos(AbstractQueuedSynchronizer.java:2078)
        at java.util.concurrent.ScheduledThreadPoolExecutor$DelayedWorkQueue.take(ScheduledThreadPoolExecutor.java:1093)
        at java.util.concurrent.ScheduledThreadPoolExecutor$DelayedWorkQueue.take(ScheduledThreadPoolExecutor.java:809)
        at java.util.concurrent.ThreadPoolExecutor.getTask(ThreadPoolExecutor.java:1074)
        at java.util.concurrent.ThreadPoolExecutor.runWorker(ThreadPoolExecutor.java:1134)
        at java.util.concurrent.ThreadPoolExecutor$Worker.run(ThreadPoolExecutor.java:624)
        at java.lang.Thread.run(Thread.java:750)
"RatisPipelineUtilsThread-0"  prio=5 tid=20 timed_waiting
java.lang.Thread.State: TIMED_WAITING
        at java.lang.Object.wait(Native Method)
        at org.apache.hadoop.hdds.scm.pipeline.BackgroundPipelineCreator.run(BackgroundPipelineCreator.java:179)
        at org.apache.hadoop.hdds.scm.pipeline.BackgroundPipelineCreator$$Lambda$486/159581451.run(Unknown Source)
        at java.lang.Thread.run(Thread.java:750)
"e46a6e51-795f-4801-a523-c45a6c7f2c34-ChunkReader-3" daemon prio=5 tid=2406 in Object.wait()
java.lang.Thread.State: WAITING (on object monitor)
        at sun.misc.Unsafe.park(Native Method)
        at java.util.concurrent.locks.LockSupport.park(LockSupport.java:175)
        at java.util.concurrent.locks.AbstractQueuedSynchronizer$ConditionObject.await(AbstractQueuedSynchronizer.java:2039)
        at java.util.concurrent.LinkedBlockingQueue.take(LinkedBlockingQueue.java:442)
        at java.util.concurrent.ThreadPoolExecutor.getTask(ThreadPoolExecutor.java:1074)
        at java.util.concurrent.ThreadPoolExecutor.runWorker(ThreadPoolExecutor.java:1134)
        at java.util.concurrent.ThreadPoolExecutor$Worker.run(ThreadPoolExecutor.java:624)
        at java.lang.Thread.run(Thread.java:750)
"IPC Server handler 30 on default port 15000" daemon prio=5 tid=84 timed_waiting
java.lang.Thread.State: TIMED_WAITING
        at sun.misc.Unsafe.park(Native Method)
        at java.util.concurrent.locks.LockSupport.parkNanos(LockSupport.java:215)
        at java.util.concurrent.locks.AbstractQueuedSynchronizer$ConditionObject.awaitNanos(AbstractQueuedSynchronizer.java:2078)
        at java.util.concurrent.LinkedBlockingQueue.poll(LinkedBlockingQueue.java:467)
        at org.apache.hadoop.ipc.CallQueueManager.take(CallQueueManager.java:317)
        at org.apache.hadoop.ipc.Server$Handler.run(Server.java:3014)
"e46a6e51-795f-4801-a523-c45a6c7f2c34@group-C11F3E838557->d25dc3b0-28fc-4383-b1a0-617845025f41-GrpcLogAppender-LogAppenderDaemon" daemon prio=5 tid=1959 timed_waiting
java.lang.Thread.State: TIMED_WAITING
        at sun.misc.Unsafe.park(Native Method)
        at java.util.concurrent.locks.LockSupport.parkNanos(LockSupport.java:215)
        at java.util.concurrent.locks.AbstractQueuedSynchronizer$ConditionObject.await(AbstractQueuedSynchronizer.java:2163)
        at org.apache.ratis.util.AwaitForSignal.await(AwaitForSignal.java:65)
        at org.apache.ratis.grpc.server.GrpcLogAppender.mayWait(GrpcLogAppender.java:286)
        at org.apache.ratis.grpc.server.GrpcLogAppender.run(GrpcLogAppender.java:254)
        at org.apache.ratis.server.leader.LogAppenderDaemon.run(LogAppenderDaemon.java:80)
        at org.apache.ratis.server.leader.LogAppenderDaemon$$Lambda$1370/616798254.run(Unknown Source)
        at java.lang.Thread.run(Thread.java:750)
"4e8f68d6-fd98-4f77-87e3-715939181693@group-9EB4D3397E8E-cacheEviction-AwaitToRun" daemon prio=5 tid=1106 in Object.wait()
java.lang.Thread.State: WAITING (on object monitor)
        at sun.misc.Unsafe.park(Native Method)
        at java.util.concurrent.locks.LockSupport.park(LockSupport.java:175)
        at java.util.concurrent.locks.AbstractQueuedSynchronizer$ConditionObject.await(AbstractQueuedSynchronizer.java:2039)
        at org.apache.ratis.util.AwaitForSignal.await(AwaitForSignal.java:48)
        at org.apache.ratis.util.AwaitToRun$RunnableImpl.run(AwaitToRun.java:47)
        at java.lang.Thread.run(Thread.java:750)
"e46a6e51-795f-4801-a523-c45a6c7f2c34-BlockDeletingService#3" daemon prio=5 tid=2411 in Object.wait()
java.lang.Thread.State: WAITING (on object monitor)
        at sun.misc.Unsafe.park(Native Method)
        at java.util.concurrent.locks.LockSupport.park(LockSupport.java:175)
        at java.util.concurrent.locks.AbstractQueuedSynchronizer$ConditionObject.await(AbstractQueuedSynchronizer.java:2039)
        at java.util.concurrent.ScheduledThreadPoolExecutor$DelayedWorkQueue.take(ScheduledThreadPoolExecutor.java:1088)
        at java.util.concurrent.ScheduledThreadPoolExecutor$DelayedWorkQueue.take(ScheduledThreadPoolExecutor.java:809)
        at java.util.concurrent.ThreadPoolExecutor.getTask(ThreadPoolExecutor.java:1074)
        at java.util.concurrent.ThreadPoolExecutor.runWorker(ThreadPoolExecutor.java:1134)
        at java.util.concurrent.ThreadPoolExecutor$Worker.run(ThreadPoolExecutor.java:624)
        at java.lang.Thread.run(Thread.java:750)
"923be64f-71f4-4891-b05d-82ff5a9df5b5-CloseContainerThread-0"  prio=5 tid=1988 in Object.wait()
java.lang.Thread.State: WAITING (on object monitor)
        at sun.misc.Unsafe.park(Native Method)
        at java.util.concurrent.locks.LockSupport.park(LockSupport.java:175)
        at java.util.concurrent.locks.AbstractQueuedSynchronizer$ConditionObject.await(AbstractQueuedSynchronizer.java:2039)
        at java.util.concurrent.LinkedBlockingQueue.take(LinkedBlockingQueue.java:442)
        at java.util.concurrent.ThreadPoolExecutor.getTask(ThreadPoolExecutor.java:1074)
        at java.util.concurrent.ThreadPoolExecutor.runWorker(ThreadPoolExecutor.java:1134)
        at java.util.concurrent.ThreadPoolExecutor$Worker.run(ThreadPoolExecutor.java:624)
        at java.lang.Thread.run(Thread.java:750)
"IPC Server handler 20 on default port 15001" daemon prio=5 tid=174 timed_waiting
java.lang.Thread.State: TIMED_WAITING
        at sun.misc.Unsafe.park(Native Method)
        at java.util.concurrent.locks.LockSupport.parkNanos(LockSupport.java:215)
        at java.util.concurrent.locks.AbstractQueuedSynchronizer$ConditionObject.awaitNanos(AbstractQueuedSynchronizer.java:2078)
        at java.util.concurrent.LinkedBlockingQueue.poll(LinkedBlockingQueue.java:467)
        at org.apache.hadoop.ipc.CallQueueManager.take(CallQueueManager.java:317)
        at org.apache.hadoop.ipc.Server$Handler.run(Server.java:3014)
"qtp480886755-500" daemon prio=5 tid=500 timed_waiting
java.lang.Thread.State: TIMED_WAITING
        at sun.misc.Unsafe.park(Native Method)
        at java.util.concurrent.locks.LockSupport.parkNanos(LockSupport.java:215)
        at java.util.concurrent.locks.AbstractQueuedSynchronizer$ConditionObject.awaitNanos(AbstractQueuedSynchronizer.java:2078)
        at org.eclipse.jetty.util.BlockingArrayQueue.poll(BlockingArrayQueue.java:382)
        at org.eclipse.jetty.util.thread.QueuedThreadPool$Runner.idleJobPoll(QueuedThreadPool.java:974)
        at org.eclipse.jetty.util.thread.QueuedThreadPool$Runner.run(QueuedThreadPool.java:1018)
        at java.lang.Thread.run(Thread.java:750)
"e780b093-7242-46d7-bd8f-0f810188c7b3@group-383C4AAD3A78-cacheEviction-AwaitToRun" daemon prio=5 tid=1091 in Object.wait()
java.lang.Thread.State: WAITING (on object monitor)
        at sun.misc.Unsafe.park(Native Method)
        at java.util.concurrent.locks.LockSupport.park(LockSupport.java:175)
        at java.util.concurrent.locks.AbstractQueuedSynchronizer$ConditionObject.await(AbstractQueuedSynchronizer.java:2039)
        at org.apache.ratis.util.AwaitForSignal.await(AwaitForSignal.java:48)
        at org.apache.ratis.util.AwaitToRun$RunnableImpl.run(AwaitToRun.java:47)
        at java.lang.Thread.run(Thread.java:750)
"e46a6e51-795f-4801-a523-c45a6c7f2c34@group-83D984655C73-StateMachineUpdater" daemon prio=5 tid=1094 timed_waiting
java.lang.Thread.State: TIMED_WAITING
        at sun.misc.Unsafe.park(Native Method)
        at java.util.concurrent.locks.LockSupport.parkNanos(LockSupport.java:215)
        at java.util.concurrent.locks.AbstractQueuedSynchronizer$ConditionObject.await(AbstractQueuedSynchronizer.java:2163)
        at org.apache.ratis.util.AwaitForSignal.await(AwaitForSignal.java:65)
        at org.apache.ratis.server.impl.StateMachineUpdater.waitForCommit(StateMachineUpdater.java:211)
        at org.apache.ratis.server.impl.StateMachineUpdater.run(StateMachineUpdater.java:180)
        at java.lang.Thread.run(Thread.java:750)
"86ab988c-fa9c-425d-a1c6-9004ff7fd93d-groupManagement" daemon prio=5 tid=948 in Object.wait()
java.lang.Thread.State: WAITING (on object monitor)
        at sun.misc.Unsafe.park(Native Method)
        at java.util.concurrent.locks.LockSupport.park(LockSupport.java:175)
        at java.util.concurrent.locks.AbstractQueuedSynchronizer$ConditionObject.await(AbstractQueuedSynchronizer.java:2039)
        at java.util.concurrent.LinkedBlockingQueue.take(LinkedBlockingQueue.java:442)
        at java.util.concurrent.ThreadPoolExecutor.getTask(ThreadPoolExecutor.java:1074)
        at java.util.concurrent.ThreadPoolExecutor.runWorker(ThreadPoolExecutor.java:1134)
        at java.util.concurrent.ThreadPoolExecutor$Worker.run(ThreadPoolExecutor.java:624)
        at java.lang.Thread.run(Thread.java:750)
"IPC Server handler 75 on default port 15002" daemon prio=5 tid=329 timed_waiting
java.lang.Thread.State: TIMED_WAITING
        at sun.misc.Unsafe.park(Native Method)
        at java.util.concurrent.locks.LockSupport.parkNanos(LockSupport.java:215)
        at java.util.concurrent.locks.AbstractQueuedSynchronizer$ConditionObject.awaitNanos(AbstractQueuedSynchronizer.java:2078)
        at java.util.concurrent.LinkedBlockingQueue.poll(LinkedBlockingQueue.java:467)
        at org.apache.hadoop.ipc.CallQueueManager.take(CallQueueManager.java:317)
        at org.apache.hadoop.ipc.Server$Handler.run(Server.java:3014)
"IPC Server handler 51 on default port 15001" daemon prio=5 tid=205 timed_waiting
java.lang.Thread.State: TIMED_WAITING
        at sun.misc.Unsafe.park(Native Method)
        at java.util.concurrent.locks.LockSupport.parkNanos(LockSupport.java:215)
        at java.util.concurrent.locks.AbstractQueuedSynchronizer$ConditionObject.awaitNanos(AbstractQueuedSynchronizer.java:2078)
        at java.util.concurrent.LinkedBlockingQueue.poll(LinkedBlockingQueue.java:467)
        at org.apache.hadoop.ipc.CallQueueManager.take(CallQueueManager.java:317)
        at org.apache.hadoop.ipc.Server$Handler.run(Server.java:3014)
"IPC Server handler 39 on default port 15002" daemon prio=5 tid=293 timed_waiting
java.lang.Thread.State: TIMED_WAITING
        at sun.misc.Unsafe.park(Native Method)
        at java.util.concurrent.locks.LockSupport.parkNanos(LockSupport.java:215)
        at java.util.concurrent.locks.AbstractQueuedSynchronizer$ConditionObject.awaitNanos(AbstractQueuedSynchronizer.java:2078)
        at java.util.concurrent.LinkedBlockingQueue.poll(LinkedBlockingQueue.java:467)
        at org.apache.hadoop.ipc.CallQueueManager.take(CallQueueManager.java:317)
        at org.apache.hadoop.ipc.Server$Handler.run(Server.java:3014)
"IPC Server handler 19 on default port 15000" daemon prio=5 tid=73 timed_waiting
java.lang.Thread.State: TIMED_WAITING
        at sun.misc.Unsafe.park(Native Method)
        at java.util.concurrent.locks.LockSupport.parkNanos(LockSupport.java:215)
        at java.util.concurrent.locks.AbstractQueuedSynchronizer$ConditionObject.awaitNanos(AbstractQueuedSynchronizer.java:2078)
        at java.util.concurrent.LinkedBlockingQueue.poll(LinkedBlockingQueue.java:467)
        at org.apache.hadoop.ipc.CallQueueManager.take(CallQueueManager.java:317)
        at org.apache.hadoop.ipc.Server$Handler.run(Server.java:3014)
"qtp2050676025-698" daemon prio=5 tid=698 timed_waiting
java.lang.Thread.State: TIMED_WAITING
        at sun.misc.Unsafe.park(Native Method)
        at java.util.concurrent.locks.LockSupport.parkNanos(LockSupport.java:215)
        at java.util.concurrent.locks.AbstractQueuedSynchronizer$ConditionObject.awaitNanos(AbstractQueuedSynchronizer.java:2078)
        at org.eclipse.jetty.util.BlockingArrayQueue.poll(BlockingArrayQueue.java:382)
        at org.eclipse.jetty.util.thread.QueuedThreadPool$Runner.idleJobPoll(QueuedThreadPool.java:974)
        at org.eclipse.jetty.util.thread.QueuedThreadPool$Runner.run(QueuedThreadPool.java:1018)
        at java.lang.Thread.run(Thread.java:750)
"qtp2050676025-695" daemon prio=5 tid=695 timed_waiting
java.lang.Thread.State: TIMED_WAITING
        at sun.misc.Unsafe.park(Native Method)
        at java.util.concurrent.locks.LockSupport.parkNanos(LockSupport.java:215)
        at java.util.concurrent.locks.AbstractQueuedSynchronizer$ConditionObject.awaitNanos(AbstractQueuedSynchronizer.java:2078)
        at org.eclipse.jetty.util.BlockingArrayQueue.poll(BlockingArrayQueue.java:382)
        at org.eclipse.jetty.util.thread.QueuedThreadPool$Runner.idleJobPoll(QueuedThreadPool.java:974)
        at org.eclipse.jetty.util.thread.QueuedThreadPool$Runner.run(QueuedThreadPool.java:1018)
        at java.lang.Thread.run(Thread.java:750)
"13f92446-3b18-4d81-bc66-0f9b00220e72-DatanodeReportManager-1" daemon prio=5 tid=2062 in Object.wait()
java.lang.Thread.State: WAITING (on object monitor)
        at sun.misc.Unsafe.park(Native Method)
        at java.util.concurrent.locks.LockSupport.park(LockSupport.java:175)
        at java.util.concurrent.locks.AbstractQueuedSynchronizer$ConditionObject.await(AbstractQueuedSynchronizer.java:2039)
        at java.util.concurrent.ScheduledThreadPoolExecutor$DelayedWorkQueue.take(ScheduledThreadPoolExecutor.java:1088)
        at java.util.concurrent.ScheduledThreadPoolExecutor$DelayedWorkQueue.take(ScheduledThreadPoolExecutor.java:809)
        at java.util.concurrent.ThreadPoolExecutor.getTask(ThreadPoolExecutor.java:1074)
        at java.util.concurrent.ThreadPoolExecutor.runWorker(ThreadPoolExecutor.java:1134)
        at java.util.concurrent.ThreadPoolExecutor$Worker.run(ThreadPoolExecutor.java:624)
        at java.lang.Thread.run(Thread.java:750)
"qtp2047373618-362" daemon prio=5 tid=362 timed_waiting
java.lang.Thread.State: TIMED_WAITING
        at sun.misc.Unsafe.park(Native Method)
        at java.util.concurrent.locks.LockSupport.parkNanos(LockSupport.java:215)
        at java.util.concurrent.locks.AbstractQueuedSynchronizer$ConditionObject.awaitNanos(AbstractQueuedSynchronizer.java:2078)
        at org.eclipse.jetty.util.BlockingArrayQueue.poll(BlockingArrayQueue.java:382)
        at org.eclipse.jetty.util.thread.QueuedThreadPool$Runner.idleJobPoll(QueuedThreadPool.java:974)
        at org.eclipse.jetty.util.thread.QueuedThreadPool$Runner.run(QueuedThreadPool.java:1018)
        at java.lang.Thread.run(Thread.java:750)
"Socket Reader #1 for port 15010"  prio=5 tid=448 runnable
java.lang.Thread.State: RUNNABLE
        at sun.nio.ch.EPollArrayWrapper.epollWait(Native Method)
        at sun.nio.ch.EPollArrayWrapper.poll(EPollArrayWrapper.java:269)
        at sun.nio.ch.EPollSelectorImpl.doSelect(EPollSelectorImpl.java:93)
        at sun.nio.ch.SelectorImpl.lockAndDoSelect(SelectorImpl.java:86)
        at sun.nio.ch.SelectorImpl.select(SelectorImpl.java:97)
        at sun.nio.ch.SelectorImpl.select(SelectorImpl.java:101)
        at org.apache.hadoop.ipc.Server$Listener$Reader.doRunLoop(Server.java:1346)
        at org.apache.hadoop.ipc.Server$Listener$Reader.run(Server.java:1325)
"qtp1377312528-559" daemon prio=5 tid=559 timed_waiting
java.lang.Thread.State: TIMED_WAITING
        at sun.misc.Unsafe.park(Native Method)
        at java.util.concurrent.locks.LockSupport.parkNanos(LockSupport.java:215)
        at java.util.concurrent.locks.AbstractQueuedSynchronizer$ConditionObject.awaitNanos(AbstractQueuedSynchronizer.java:2078)
        at org.eclipse.jetty.util.BlockingArrayQueue.poll(BlockingArrayQueue.java:382)
        at org.eclipse.jetty.util.thread.QueuedThreadPool$Runner.idleJobPoll(QueuedThreadPool.java:974)
        at org.eclipse.jetty.util.thread.QueuedThreadPool$Runner.run(QueuedThreadPool.java:1018)
        at java.lang.Thread.run(Thread.java:750)
"e780b093-7242-46d7-bd8f-0f810188c7b3-PipelineCommandHandlerThread-0"  prio=5 tid=1055 in Object.wait()
java.lang.Thread.State: WAITING (on object monitor)
        at sun.misc.Unsafe.park(Native Method)
        at java.util.concurrent.locks.LockSupport.park(LockSupport.java:175)
        at java.util.concurrent.locks.AbstractQueuedSynchronizer$ConditionObject.await(AbstractQueuedSynchronizer.java:2039)
        at java.util.concurrent.LinkedBlockingQueue.take(LinkedBlockingQueue.java:442)
        at java.util.concurrent.ThreadPoolExecutor.getTask(ThreadPoolExecutor.java:1074)
        at java.util.concurrent.ThreadPoolExecutor.runWorker(ThreadPoolExecutor.java:1134)
        at java.util.concurrent.ThreadPoolExecutor$Worker.run(ThreadPoolExecutor.java:624)
        at java.lang.Thread.run(Thread.java:750)
"IPC Server handler 22 on default port 15000" daemon prio=5 tid=76 timed_waiting
java.lang.Thread.State: TIMED_WAITING
        at sun.misc.Unsafe.park(Native Method)
        at java.util.concurrent.locks.LockSupport.parkNanos(LockSupport.java:215)
        at java.util.concurrent.locks.AbstractQueuedSynchronizer$ConditionObject.awaitNanos(AbstractQueuedSynchronizer.java:2078)
        at java.util.concurrent.LinkedBlockingQueue.poll(LinkedBlockingQueue.java:467)
        at org.apache.hadoop.ipc.CallQueueManager.take(CallQueueManager.java:317)
        at org.apache.hadoop.ipc.Server$Handler.run(Server.java:3014)
"StaleRecoveringContainerScrubbingService#9" daemon prio=5 tid=2396 in Object.wait()
java.lang.Thread.State: WAITING (on object monitor)
        at sun.misc.Unsafe.park(Native Method)
        at java.util.concurrent.locks.LockSupport.park(LockSupport.java:175)
        at java.util.concurrent.locks.AbstractQueuedSynchronizer$ConditionObject.await(AbstractQueuedSynchronizer.java:2039)
        at java.util.concurrent.ScheduledThreadPoolExecutor$DelayedWorkQueue.take(ScheduledThreadPoolExecutor.java:1088)
        at java.util.concurrent.ScheduledThreadPoolExecutor$DelayedWorkQueue.take(ScheduledThreadPoolExecutor.java:809)
        at java.util.concurrent.ThreadPoolExecutor.getTask(ThreadPoolExecutor.java:1074)
        at java.util.concurrent.ThreadPoolExecutor.runWorker(ThreadPoolExecutor.java:1134)
        at java.util.concurrent.ThreadPoolExecutor$Worker.run(ThreadPoolExecutor.java:624)
        at java.lang.Thread.run(Thread.java:750)
"StaleRecoveringContainerScrubbingService#2" daemon prio=5 tid=1460 in Object.wait()
java.lang.Thread.State: WAITING (on object monitor)
        at sun.misc.Unsafe.park(Native Method)
        at java.util.concurrent.locks.LockSupport.park(LockSupport.java:175)
        at java.util.concurrent.locks.AbstractQueuedSynchronizer$ConditionObject.await(AbstractQueuedSynchronizer.java:2039)
        at java.util.concurrent.ScheduledThreadPoolExecutor$DelayedWorkQueue.take(ScheduledThreadPoolExecutor.java:1088)
        at java.util.concurrent.ScheduledThreadPoolExecutor$DelayedWorkQueue.take(ScheduledThreadPoolExecutor.java:809)
        at java.util.concurrent.ThreadPoolExecutor.getTask(ThreadPoolExecutor.java:1074)
        at java.util.concurrent.ThreadPoolExecutor.runWorker(ThreadPoolExecutor.java:1134)
        at java.util.concurrent.ThreadPoolExecutor$Worker.run(ThreadPoolExecutor.java:624)
        at java.lang.Thread.run(Thread.java:750)
"IPC Server handler 50 on default port 15002" daemon prio=5 tid=304 timed_waiting
java.lang.Thread.State: TIMED_WAITING
        at sun.misc.Unsafe.park(Native Method)
        at java.util.concurrent.locks.LockSupport.parkNanos(LockSupport.java:215)
        at java.util.concurrent.locks.AbstractQueuedSynchronizer$ConditionObject.awaitNanos(AbstractQueuedSynchronizer.java:2078)
        at java.util.concurrent.LinkedBlockingQueue.poll(LinkedBlockingQueue.java:467)
        at org.apache.hadoop.ipc.CallQueueManager.take(CallQueueManager.java:317)
        at org.apache.hadoop.ipc.Server$Handler.run(Server.java:3014)
"78f89d9b-e409-4704-890b-bfcfbcdfd28a-ChunkReader-4" daemon prio=5 tid=2031 in Object.wait()
java.lang.Thread.State: WAITING (on object monitor)
        at sun.misc.Unsafe.park(Native Method)
        at java.util.concurrent.locks.LockSupport.park(LockSupport.java:175)
        at java.util.concurrent.locks.AbstractQueuedSynchronizer$ConditionObject.await(AbstractQueuedSynchronizer.java:2039)
        at java.util.concurrent.LinkedBlockingQueue.take(LinkedBlockingQueue.java:442)
        at java.util.concurrent.ThreadPoolExecutor.getTask(ThreadPoolExecutor.java:1074)
        at java.util.concurrent.ThreadPoolExecutor.runWorker(ThreadPoolExecutor.java:1134)
        at java.util.concurrent.ThreadPoolExecutor$Worker.run(ThreadPoolExecutor.java:624)
        at java.lang.Thread.run(Thread.java:750)
"e780b093-7242-46d7-bd8f-0f810188c7b3@group-1944BBB8D763-StateMachineUpdater" daemon prio=5 tid=1204 timed_waiting
java.lang.Thread.State: TIMED_WAITING
        at sun.misc.Unsafe.park(Native Method)
        at java.util.concurrent.locks.LockSupport.parkNanos(LockSupport.java:215)
        at java.util.concurrent.locks.AbstractQueuedSynchronizer$ConditionObject.await(AbstractQueuedSynchronizer.java:2163)
        at org.apache.ratis.util.AwaitForSignal.await(AwaitForSignal.java:65)
        at org.apache.ratis.server.impl.StateMachineUpdater.waitForCommit(StateMachineUpdater.java:211)
        at org.apache.ratis.server.impl.StateMachineUpdater.run(StateMachineUpdater.java:180)
        at java.lang.Thread.run(Thread.java:750)
"dc26353c-d48a-467d-89cd-3a7c4b626396-ChunkWriter-0-0" daemon prio=5 tid=787 in Object.wait()
java.lang.Thread.State: WAITING (on object monitor)
        at sun.misc.Unsafe.park(Native Method)
        at java.util.concurrent.locks.LockSupport.park(LockSupport.java:175)
        at java.util.concurrent.locks.AbstractQueuedSynchronizer$ConditionObject.await(AbstractQueuedSynchronizer.java:2039)
        at java.util.concurrent.LinkedBlockingDeque.takeFirst(LinkedBlockingDeque.java:492)
        at java.util.concurrent.LinkedBlockingDeque.take(LinkedBlockingDeque.java:680)
        at java.util.concurrent.ThreadPoolExecutor.getTask(ThreadPoolExecutor.java:1074)
        at java.util.concurrent.ThreadPoolExecutor.runWorker(ThreadPoolExecutor.java:1134)
        at java.util.concurrent.ThreadPoolExecutor$Worker.run(ThreadPoolExecutor.java:624)
        at java.lang.Thread.run(Thread.java:750)
"dc26353c-d48a-467d-89cd-3a7c4b626396@group-34E96220011A-StateMachineUpdater" daemon prio=5 tid=1316 timed_waiting
java.lang.Thread.State: TIMED_WAITING
        at sun.misc.Unsafe.park(Native Method)
        at java.util.concurrent.locks.LockSupport.parkNanos(LockSupport.java:215)
        at java.util.concurrent.locks.AbstractQueuedSynchronizer$ConditionObject.await(AbstractQueuedSynchronizer.java:2163)
        at org.apache.ratis.util.AwaitForSignal.await(AwaitForSignal.java:65)
        at org.apache.ratis.server.impl.StateMachineUpdater.waitForCommit(StateMachineUpdater.java:211)
        at org.apache.ratis.server.impl.StateMachineUpdater.run(StateMachineUpdater.java:180)
        at java.lang.Thread.run(Thread.java:750)
"c30fedce-f286-40e0-881d-3d5a9a6e2463-ChunkWriter-2-0" daemon prio=5 tid=821 in Object.wait()
java.lang.Thread.State: WAITING (on object monitor)
        at sun.misc.Unsafe.park(Native Method)
        at java.util.concurrent.locks.LockSupport.park(LockSupport.java:175)
        at java.util.concurrent.locks.AbstractQueuedSynchronizer$ConditionObject.await(AbstractQueuedSynchronizer.java:2039)
        at java.util.concurrent.LinkedBlockingDeque.takeFirst(LinkedBlockingDeque.java:492)
        at java.util.concurrent.LinkedBlockingDeque.take(LinkedBlockingDeque.java:680)
        at java.util.concurrent.ThreadPoolExecutor.getTask(ThreadPoolExecutor.java:1074)
        at java.util.concurrent.ThreadPoolExecutor.runWorker(ThreadPoolExecutor.java:1134)
        at java.util.concurrent.ThreadPoolExecutor$Worker.run(ThreadPoolExecutor.java:624)
        at java.lang.Thread.run(Thread.java:750)
"IPC Server handler 58 on default port 15001" daemon prio=5 tid=212 timed_waiting
java.lang.Thread.State: TIMED_WAITING
        at sun.misc.Unsafe.park(Native Method)
        at java.util.concurrent.locks.LockSupport.parkNanos(LockSupport.java:215)
        at java.util.concurrent.locks.AbstractQueuedSynchronizer$ConditionObject.awaitNanos(AbstractQueuedSynchronizer.java:2078)
        at java.util.concurrent.LinkedBlockingQueue.poll(LinkedBlockingQueue.java:467)
        at org.apache.hadoop.ipc.CallQueueManager.take(CallQueueManager.java:317)
        at org.apache.hadoop.ipc.Server$Handler.run(Server.java:3014)
"StaleRecoveringContainerScrubbingService#9" daemon prio=5 tid=2395 in Object.wait()
java.lang.Thread.State: WAITING (on object monitor)
        at sun.misc.Unsafe.park(Native Method)
        at java.util.concurrent.locks.LockSupport.park(LockSupport.java:175)
        at java.util.concurrent.locks.AbstractQueuedSynchronizer$ConditionObject.await(AbstractQueuedSynchronizer.java:2039)
        at java.util.concurrent.ScheduledThreadPoolExecutor$DelayedWorkQueue.take(ScheduledThreadPoolExecutor.java:1088)
        at java.util.concurrent.ScheduledThreadPoolExecutor$DelayedWorkQueue.take(ScheduledThreadPoolExecutor.java:809)
        at java.util.concurrent.ThreadPoolExecutor.getTask(ThreadPoolExecutor.java:1074)
        at java.util.concurrent.ThreadPoolExecutor.runWorker(ThreadPoolExecutor.java:1134)
        at java.util.concurrent.ThreadPoolExecutor$Worker.run(ThreadPoolExecutor.java:624)
        at java.lang.Thread.run(Thread.java:750)
"13f92446-3b18-4d81-bc66-0f9b00220e72-ChunkWriter-0-0" daemon prio=5 tid=2074 in Object.wait()
java.lang.Thread.State: WAITING (on object monitor)
        at sun.misc.Unsafe.park(Native Method)
        at java.util.concurrent.locks.LockSupport.park(LockSupport.java:175)
        at java.util.concurrent.locks.AbstractQueuedSynchronizer$ConditionObject.await(AbstractQueuedSynchronizer.java:2039)
        at java.util.concurrent.LinkedBlockingDeque.takeFirst(LinkedBlockingDeque.java:492)
        at java.util.concurrent.LinkedBlockingDeque.take(LinkedBlockingDeque.java:680)
        at java.util.concurrent.ThreadPoolExecutor.getTask(ThreadPoolExecutor.java:1074)
        at java.util.concurrent.ThreadPoolExecutor.runWorker(ThreadPoolExecutor.java:1134)
        at java.util.concurrent.ThreadPoolExecutor$Worker.run(ThreadPoolExecutor.java:624)
        at java.lang.Thread.run(Thread.java:750)
"IPC Server handler 51 on default port 15000" daemon prio=5 tid=105 timed_waiting
java.lang.Thread.State: TIMED_WAITING
        at sun.misc.Unsafe.park(Native Method)
        at java.util.concurrent.locks.LockSupport.parkNanos(LockSupport.java:215)
        at java.util.concurrent.locks.AbstractQueuedSynchronizer$ConditionObject.awaitNanos(AbstractQueuedSynchronizer.java:2078)
        at java.util.concurrent.LinkedBlockingQueue.poll(LinkedBlockingQueue.java:467)
        at org.apache.hadoop.ipc.CallQueueManager.take(CallQueueManager.java:317)
        at org.apache.hadoop.ipc.Server$Handler.run(Server.java:3014)
"om1@group-C5BA1605619E-cacheEviction-AwaitToRun" daemon prio=5 tid=388 in Object.wait()
java.lang.Thread.State: WAITING (on object monitor)
        at sun.misc.Unsafe.park(Native Method)
        at java.util.concurrent.locks.LockSupport.park(LockSupport.java:175)
        at java.util.concurrent.locks.AbstractQueuedSynchronizer$ConditionObject.await(AbstractQueuedSynchronizer.java:2039)
        at org.apache.ratis.util.AwaitForSignal.await(AwaitForSignal.java:48)
        at org.apache.ratis.util.AwaitToRun$RunnableImpl.run(AwaitToRun.java:47)
        at java.lang.Thread.run(Thread.java:750)
"Signal Dispatcher" daemon prio=9 tid=4 runnable
java.lang.Thread.State: RUNNABLE
"dc26353c-d48a-467d-89cd-3a7c4b626396@group-34E96220011A-cacheEviction-AwaitToRun" daemon prio=5 tid=1279 in Object.wait()
java.lang.Thread.State: WAITING (on object monitor)
        at sun.misc.Unsafe.park(Native Method)
        at java.util.concurrent.locks.LockSupport.park(LockSupport.java:175)
        at java.util.concurrent.locks.AbstractQueuedSynchronizer$ConditionObject.await(AbstractQueuedSynchronizer.java:2039)
        at org.apache.ratis.util.AwaitForSignal.await(AwaitForSignal.java:48)
        at org.apache.ratis.util.AwaitToRun$RunnableImpl.run(AwaitToRun.java:47)
        at java.lang.Thread.run(Thread.java:750)
"IPC Server handler 52 on default port 15002" daemon prio=5 tid=306 timed_waiting
java.lang.Thread.State: TIMED_WAITING
        at sun.misc.Unsafe.park(Native Method)
        at java.util.concurrent.locks.LockSupport.parkNanos(LockSupport.java:215)
        at java.util.concurrent.locks.AbstractQueuedSynchronizer$ConditionObject.awaitNanos(AbstractQueuedSynchronizer.java:2078)
        at java.util.concurrent.LinkedBlockingQueue.poll(LinkedBlockingQueue.java:467)
        at org.apache.hadoop.ipc.CallQueueManager.take(CallQueueManager.java:317)
        at org.apache.hadoop.ipc.Server$Handler.run(Server.java:3014)
"IPC Server idle connection scanner for port 15091" daemon prio=5 tid=703 timed_waiting
java.lang.Thread.State: TIMED_WAITING
        at java.lang.Object.wait(Native Method)
        at java.util.TimerThread.mainLoop(Timer.java:552)
        at java.util.TimerThread.run(Timer.java:505)
"13f92446-3b18-4d81-bc66-0f9b00220e72-CommandProcessorThread" daemon prio=5 tid=2066 timed_waiting
java.lang.Thread.State: TIMED_WAITING
        at java.lang.Thread.sleep(Native Method)
        at org.apache.hadoop.ozone.container.common.statemachine.DatanodeStateMachine.lambda$initCommandHandlerThread$4(DatanodeStateMachine.java:684)
        at org.apache.hadoop.ozone.container.common.statemachine.DatanodeStateMachine$$Lambda$1032/2137296302.run(Unknown Source)
        at java.lang.Thread.run(Thread.java:750)
"EventQueue-OpenPipelineForHealthyPipelineSafeModeRule" daemon prio=5 tid=891 in Object.wait()
java.lang.Thread.State: WAITING (on object monitor)
        at sun.misc.Unsafe.park(Native Method)
        at java.util.concurrent.locks.LockSupport.park(LockSupport.java:175)
        at java.util.concurrent.locks.AbstractQueuedSynchronizer$ConditionObject.await(AbstractQueuedSynchronizer.java:2039)
        at java.util.concurrent.LinkedBlockingQueue.take(LinkedBlockingQueue.java:442)
        at java.util.concurrent.ThreadPoolExecutor.getTask(ThreadPoolExecutor.java:1074)
        at java.util.concurrent.ThreadPoolExecutor.runWorker(ThreadPoolExecutor.java:1134)
        at java.util.concurrent.ThreadPoolExecutor$Worker.run(ThreadPoolExecutor.java:624)
        at java.lang.Thread.run(Thread.java:750)
"pool-189-thread-1"  prio=5 tid=551 timed_waiting
java.lang.Thread.State: TIMED_WAITING
        at sun.misc.Unsafe.park(Native Method)
        at java.util.concurrent.locks.LockSupport.parkNanos(LockSupport.java:215)
        at java.util.concurrent.locks.AbstractQueuedSynchronizer$ConditionObject.awaitNanos(AbstractQueuedSynchronizer.java:2078)
        at java.util.concurrent.ScheduledThreadPoolExecutor$DelayedWorkQueue.take(ScheduledThreadPoolExecutor.java:1093)
        at java.util.concurrent.ScheduledThreadPoolExecutor$DelayedWorkQueue.take(ScheduledThreadPoolExecutor.java:809)
        at java.util.concurrent.ThreadPoolExecutor.getTask(ThreadPoolExecutor.java:1074)
        at java.util.concurrent.ThreadPoolExecutor.runWorker(ThreadPoolExecutor.java:1134)
        at java.util.concurrent.ThreadPoolExecutor$Worker.run(ThreadPoolExecutor.java:624)
        at java.lang.Thread.run(Thread.java:750)
"IPC Server handler 31 on default port 15000" daemon prio=5 tid=85 timed_waiting
java.lang.Thread.State: TIMED_WAITING
        at sun.misc.Unsafe.park(Native Method)
        at java.util.concurrent.locks.LockSupport.parkNanos(LockSupport.java:215)
        at java.util.concurrent.locks.AbstractQueuedSynchronizer$ConditionObject.awaitNanos(AbstractQueuedSynchronizer.java:2078)
        at java.util.concurrent.LinkedBlockingQueue.poll(LinkedBlockingQueue.java:467)
        at org.apache.hadoop.ipc.CallQueueManager.take(CallQueueManager.java:317)
        at org.apache.hadoop.ipc.Server$Handler.run(Server.java:3014)
"IPC Server handler 3 on default port 15000" daemon prio=5 tid=57 timed_waiting
java.lang.Thread.State: TIMED_WAITING
        at sun.misc.Unsafe.park(Native Method)
        at java.util.concurrent.locks.LockSupport.parkNanos(LockSupport.java:215)
        at java.util.concurrent.locks.AbstractQueuedSynchronizer$ConditionObject.awaitNanos(AbstractQueuedSynchronizer.java:2078)
        at java.util.concurrent.LinkedBlockingQueue.poll(LinkedBlockingQueue.java:467)
        at org.apache.hadoop.ipc.CallQueueManager.take(CallQueueManager.java:317)
        at org.apache.hadoop.ipc.Server$Handler.run(Server.java:3014)
"IPC Server handler 54 on default port 15000" daemon prio=5 tid=108 timed_waiting
java.lang.Thread.State: TIMED_WAITING
        at sun.misc.Unsafe.park(Native Method)
        at java.util.concurrent.locks.LockSupport.parkNanos(LockSupport.java:215)
        at java.util.concurrent.locks.AbstractQueuedSynchronizer$ConditionObject.awaitNanos(AbstractQueuedSynchronizer.java:2078)
        at java.util.concurrent.LinkedBlockingQueue.poll(LinkedBlockingQueue.java:467)
        at org.apache.hadoop.ipc.CallQueueManager.take(CallQueueManager.java:317)
        at org.apache.hadoop.ipc.Server$Handler.run(Server.java:3014)
"StaleRecoveringContainerScrubbingService#8" daemon prio=5 tid=2387 in Object.wait()
java.lang.Thread.State: WAITING (on object monitor)
        at sun.misc.Unsafe.park(Native Method)
        at java.util.concurrent.locks.LockSupport.park(LockSupport.java:175)
        at java.util.concurrent.locks.AbstractQueuedSynchronizer$ConditionObject.await(AbstractQueuedSynchronizer.java:2039)
        at java.util.concurrent.ScheduledThreadPoolExecutor$DelayedWorkQueue.take(ScheduledThreadPoolExecutor.java:1088)
        at java.util.concurrent.ScheduledThreadPoolExecutor$DelayedWorkQueue.take(ScheduledThreadPoolExecutor.java:809)
        at java.util.concurrent.ThreadPoolExecutor.getTask(ThreadPoolExecutor.java:1074)
        at java.util.concurrent.ThreadPoolExecutor.runWorker(ThreadPoolExecutor.java:1134)
        at java.util.concurrent.ThreadPoolExecutor$Worker.run(ThreadPoolExecutor.java:624)
        at java.lang.Thread.run(Thread.java:750)
"e780b093-7242-46d7-bd8f-0f810188c7b3@group-0722226B2D74-StateMachineUpdater" daemon prio=5 tid=1406 timed_waiting
java.lang.Thread.State: TIMED_WAITING
        at sun.misc.Unsafe.park(Native Method)
        at java.util.concurrent.locks.LockSupport.parkNanos(LockSupport.java:215)
        at java.util.concurrent.locks.AbstractQueuedSynchronizer$ConditionObject.await(AbstractQueuedSynchronizer.java:2163)
        at org.apache.ratis.util.AwaitForSignal.await(AwaitForSignal.java:65)
        at org.apache.ratis.server.impl.StateMachineUpdater.waitForCommit(StateMachineUpdater.java:211)
        at org.apache.ratis.server.impl.StateMachineUpdater.run(StateMachineUpdater.java:180)
        at java.lang.Thread.run(Thread.java:750)
"e780b093-7242-46d7-bd8f-0f810188c7b3@group-5C1807567017-SegmentedRaftLogWorker"  prio=5 tid=2137 timed_waiting
java.lang.Thread.State: TIMED_WAITING
        at sun.misc.Unsafe.park(Native Method)
        at java.util.concurrent.locks.LockSupport.parkNanos(LockSupport.java:215)
        at java.util.concurrent.locks.AbstractQueuedSynchronizer$ConditionObject.awaitNanos(AbstractQueuedSynchronizer.java:2078)
        at org.apache.ratis.util.DataBlockingQueue.poll(DataBlockingQueue.java:148)
        at org.apache.ratis.server.raftlog.segmented.SegmentedRaftLogWorker.run(SegmentedRaftLogWorker.java:299)
        at org.apache.ratis.server.raftlog.segmented.SegmentedRaftLogWorker$$Lambda$913/1052546256.run(Unknown Source)
        at java.util.concurrent.Executors$RunnableAdapter.call(Executors.java:511)
        at java.util.concurrent.FutureTask.run(FutureTask.java:266)
        at java.util.concurrent.ThreadPoolExecutor.runWorker(ThreadPoolExecutor.java:1149)
        at java.util.concurrent.ThreadPoolExecutor$Worker.run(ThreadPoolExecutor.java:624)
        at java.lang.Thread.run(Thread.java:750)
"4e8f68d6-fd98-4f77-87e3-715939181693-ChunkReader-1" daemon prio=5 tid=2223 in Object.wait()
java.lang.Thread.State: WAITING (on object monitor)
        at sun.misc.Unsafe.park(Native Method)
        at java.util.concurrent.locks.LockSupport.park(LockSupport.java:175)
        at java.util.concurrent.locks.AbstractQueuedSynchronizer$ConditionObject.await(AbstractQueuedSynchronizer.java:2039)
        at java.util.concurrent.LinkedBlockingQueue.take(LinkedBlockingQueue.java:442)
        at java.util.concurrent.ThreadPoolExecutor.getTask(ThreadPoolExecutor.java:1074)
        at java.util.concurrent.ThreadPoolExecutor.runWorker(ThreadPoolExecutor.java:1134)
        at java.util.concurrent.ThreadPoolExecutor$Worker.run(ThreadPoolExecutor.java:624)
        at java.lang.Thread.run(Thread.java:750)
"pool-214-thread-1"  prio=5 tid=579 timed_waiting
java.lang.Thread.State: TIMED_WAITING
        at sun.misc.Unsafe.park(Native Method)
        at java.util.concurrent.locks.LockSupport.parkNanos(LockSupport.java:215)
        at java.util.concurrent.locks.AbstractQueuedSynchronizer$ConditionObject.awaitNanos(AbstractQueuedSynchronizer.java:2078)
        at java.util.concurrent.ScheduledThreadPoolExecutor$DelayedWorkQueue.take(ScheduledThreadPoolExecutor.java:1093)
        at java.util.concurrent.ScheduledThreadPoolExecutor$DelayedWorkQueue.take(ScheduledThreadPoolExecutor.java:809)
        at java.util.concurrent.ThreadPoolExecutor.getTask(ThreadPoolExecutor.java:1074)
        at java.util.concurrent.ThreadPoolExecutor.runWorker(ThreadPoolExecutor.java:1134)
        at java.util.concurrent.ThreadPoolExecutor$Worker.run(ThreadPoolExecutor.java:624)
        at java.lang.Thread.run(Thread.java:750)
"IPC Server handler 92 on default port 15000" daemon prio=5 tid=146 timed_waiting
java.lang.Thread.State: TIMED_WAITING
        at sun.misc.Unsafe.park(Native Method)
        at java.util.concurrent.locks.LockSupport.parkNanos(LockSupport.java:215)
        at java.util.concurrent.locks.AbstractQueuedSynchronizer$ConditionObject.awaitNanos(AbstractQueuedSynchronizer.java:2078)
        at java.util.concurrent.LinkedBlockingQueue.poll(LinkedBlockingQueue.java:467)
        at org.apache.hadoop.ipc.CallQueueManager.take(CallQueueManager.java:317)
        at org.apache.hadoop.ipc.Server$Handler.run(Server.java:3014)
"d25dc3b0-28fc-4383-b1a0-617845025f41-DatanodeReportManager-3" daemon prio=5 tid=513 timed_waiting
java.lang.Thread.State: TIMED_WAITING
        at sun.misc.Unsafe.park(Native Method)
        at java.util.concurrent.locks.LockSupport.parkNanos(LockSupport.java:215)
        at java.util.concurrent.locks.AbstractQueuedSynchronizer$ConditionObject.awaitNanos(AbstractQueuedSynchronizer.java:2078)
        at java.util.concurrent.ScheduledThreadPoolExecutor$DelayedWorkQueue.take(ScheduledThreadPoolExecutor.java:1093)
        at java.util.concurrent.ScheduledThreadPoolExecutor$DelayedWorkQueue.take(ScheduledThreadPoolExecutor.java:809)
        at java.util.concurrent.ThreadPoolExecutor.getTask(ThreadPoolExecutor.java:1074)
        at java.util.concurrent.ThreadPoolExecutor.runWorker(ThreadPoolExecutor.java:1134)
        at java.util.concurrent.ThreadPoolExecutor$Worker.run(ThreadPoolExecutor.java:624)
        at java.lang.Thread.run(Thread.java:750)
"13f92446-3b18-4d81-bc66-0f9b00220e72-ChunkReader-4" daemon prio=5 tid=2238 in Object.wait()
java.lang.Thread.State: WAITING (on object monitor)
        at sun.misc.Unsafe.park(Native Method)
        at java.util.concurrent.locks.LockSupport.park(LockSupport.java:175)
        at java.util.concurrent.locks.AbstractQueuedSynchronizer$ConditionObject.await(AbstractQueuedSynchronizer.java:2039)
        at java.util.concurrent.LinkedBlockingQueue.take(LinkedBlockingQueue.java:442)
        at java.util.concurrent.ThreadPoolExecutor.getTask(ThreadPoolExecutor.java:1074)
        at java.util.concurrent.ThreadPoolExecutor.runWorker(ThreadPoolExecutor.java:1134)
        at java.util.concurrent.ThreadPoolExecutor$Worker.run(ThreadPoolExecutor.java:624)
        at java.lang.Thread.run(Thread.java:750)
"IPC Server handler 50 on default port 15000" daemon prio=5 tid=104 timed_waiting
java.lang.Thread.State: TIMED_WAITING
        at sun.misc.Unsafe.park(Native Method)
        at java.util.concurrent.locks.LockSupport.parkNanos(LockSupport.java:215)
        at java.util.concurrent.locks.AbstractQueuedSynchronizer$ConditionObject.awaitNanos(AbstractQueuedSynchronizer.java:2078)
        at java.util.concurrent.LinkedBlockingQueue.poll(LinkedBlockingQueue.java:467)
        at org.apache.hadoop.ipc.CallQueueManager.take(CallQueueManager.java:317)
        at org.apache.hadoop.ipc.Server$Handler.run(Server.java:3014)
"qtp2050676025-699" daemon prio=5 tid=699 timed_waiting
java.lang.Thread.State: TIMED_WAITING
        at sun.misc.Unsafe.park(Native Method)
        at java.util.concurrent.locks.LockSupport.parkNanos(LockSupport.java:215)
        at java.util.concurrent.locks.AbstractQueuedSynchronizer$ConditionObject.awaitNanos(AbstractQueuedSynchronizer.java:2078)
        at org.eclipse.jetty.util.BlockingArrayQueue.poll(BlockingArrayQueue.java:382)
        at org.eclipse.jetty.util.thread.QueuedThreadPool$Runner.idleJobPoll(QueuedThreadPool.java:974)
        at org.eclipse.jetty.util.thread.QueuedThreadPool$Runner.run(QueuedThreadPool.java:1018)
        at java.lang.Thread.run(Thread.java:750)
"IPC Server listener on 15002" daemon prio=5 tid=28 runnable
java.lang.Thread.State: RUNNABLE
        at sun.nio.ch.EPollArrayWrapper.epollWait(Native Method)
        at sun.nio.ch.EPollArrayWrapper.poll(EPollArrayWrapper.java:269)
        at sun.nio.ch.EPollSelectorImpl.doSelect(EPollSelectorImpl.java:93)
        at sun.nio.ch.SelectorImpl.lockAndDoSelect(SelectorImpl.java:86)
        at sun.nio.ch.SelectorImpl.select(SelectorImpl.java:97)
        at sun.nio.ch.SelectorImpl.select(SelectorImpl.java:101)
        at org.apache.hadoop.ipc.Server$Listener.run(Server.java:1408)
"IPC Server handler 26 on default port 15001" daemon prio=5 tid=180 timed_waiting
java.lang.Thread.State: TIMED_WAITING
        at sun.misc.Unsafe.park(Native Method)
        at java.util.concurrent.locks.LockSupport.parkNanos(LockSupport.java:215)
        at java.util.concurrent.locks.AbstractQueuedSynchronizer$ConditionObject.awaitNanos(AbstractQueuedSynchronizer.java:2078)
        at java.util.concurrent.LinkedBlockingQueue.poll(LinkedBlockingQueue.java:467)
        at org.apache.hadoop.ipc.CallQueueManager.take(CallQueueManager.java:317)
        at org.apache.hadoop.ipc.Server$Handler.run(Server.java:3014)
"e780b093-7242-46d7-bd8f-0f810188c7b3-ChunkReader-1" daemon prio=5 tid=1600 in Object.wait()
java.lang.Thread.State: WAITING (on object monitor)
        at sun.misc.Unsafe.park(Native Method)
        at java.util.concurrent.locks.LockSupport.park(LockSupport.java:175)
        at java.util.concurrent.locks.AbstractQueuedSynchronizer$ConditionObject.await(AbstractQueuedSynchronizer.java:2039)
        at java.util.concurrent.LinkedBlockingQueue.take(LinkedBlockingQueue.java:442)
        at java.util.concurrent.ThreadPoolExecutor.getTask(ThreadPoolExecutor.java:1074)
        at java.util.concurrent.ThreadPoolExecutor.runWorker(ThreadPoolExecutor.java:1134)
        at java.util.concurrent.ThreadPoolExecutor$Worker.run(ThreadPoolExecutor.java:624)
        at java.lang.Thread.run(Thread.java:750)
"pool-147-thread-1" daemon prio=5 tid=770 timed_waiting
java.lang.Thread.State: TIMED_WAITING
        at sun.misc.Unsafe.park(Native Method)
        at java.util.concurrent.locks.LockSupport.parkNanos(LockSupport.java:215)
        at java.util.concurrent.locks.AbstractQueuedSynchronizer$ConditionObject.awaitNanos(AbstractQueuedSynchronizer.java:2078)
        at java.util.concurrent.ScheduledThreadPoolExecutor$DelayedWorkQueue.take(ScheduledThreadPoolExecutor.java:1093)
        at java.util.concurrent.ScheduledThreadPoolExecutor$DelayedWorkQueue.take(ScheduledThreadPoolExecutor.java:809)
        at java.util.concurrent.ThreadPoolExecutor.getTask(ThreadPoolExecutor.java:1074)
        at java.util.concurrent.ThreadPoolExecutor.runWorker(ThreadPoolExecutor.java:1134)
        at java.util.concurrent.ThreadPoolExecutor$Worker.run(ThreadPoolExecutor.java:624)
        at java.lang.Thread.run(Thread.java:750)
"IPC Server Responder" daemon prio=5 tid=536 runnable
java.lang.Thread.State: RUNNABLE
        at sun.nio.ch.EPollArrayWrapper.epollWait(Native Method)
        at sun.nio.ch.EPollArrayWrapper.poll(EPollArrayWrapper.java:269)
        at sun.nio.ch.EPollSelectorImpl.doSelect(EPollSelectorImpl.java:93)
        at sun.nio.ch.SelectorImpl.lockAndDoSelect(SelectorImpl.java:86)
        at sun.nio.ch.SelectorImpl.select(SelectorImpl.java:97)
        at org.apache.hadoop.ipc.Server$Responder.doRunLoop(Server.java:1582)
        at org.apache.hadoop.ipc.Server$Responder.run(Server.java:1565)
"IPC Server idle connection scanner for port 15028" daemon prio=5 tid=505 timed_waiting
java.lang.Thread.State: TIMED_WAITING
        at java.lang.Object.wait(Native Method)
        at java.util.TimerThread.mainLoop(Timer.java:552)
        at java.util.TimerThread.run(Timer.java:505)
"4e8f68d6-fd98-4f77-87e3-715939181693@group-9EB4D3397E8E-LeaderStateImpl" daemon prio=5 tid=1669 timed_waiting
java.lang.Thread.State: TIMED_WAITING
        at sun.misc.Unsafe.park(Native Method)
        at java.util.concurrent.locks.LockSupport.parkNanos(LockSupport.java:215)
        at java.util.concurrent.locks.AbstractQueuedSynchronizer$ConditionObject.awaitNanos(AbstractQueuedSynchronizer.java:2078)
        at java.util.concurrent.ArrayBlockingQueue.poll(ArrayBlockingQueue.java:418)
        at org.apache.ratis.server.impl.LeaderStateImpl$EventQueue.poll(LeaderStateImpl.java:164)
        at org.apache.ratis.server.impl.LeaderStateImpl$EventProcessor.run(LeaderStateImpl.java:762)
"IPC Server handler 68 on default port 15000" daemon prio=5 tid=122 timed_waiting
java.lang.Thread.State: TIMED_WAITING
        at sun.misc.Unsafe.park(Native Method)
        at java.util.concurrent.locks.LockSupport.parkNanos(LockSupport.java:215)
        at java.util.concurrent.locks.AbstractQueuedSynchronizer$ConditionObject.awaitNanos(AbstractQueuedSynchronizer.java:2078)
        at java.util.concurrent.LinkedBlockingQueue.poll(LinkedBlockingQueue.java:467)
        at org.apache.hadoop.ipc.CallQueueManager.take(CallQueueManager.java:317)
        at org.apache.hadoop.ipc.Server$Handler.run(Server.java:3014)
"IPC Server handler 40 on default port 15000" daemon prio=5 tid=94 timed_waiting
java.lang.Thread.State: TIMED_WAITING
        at sun.misc.Unsafe.park(Native Method)
        at java.util.concurrent.locks.LockSupport.parkNanos(LockSupport.java:215)
        at java.util.concurrent.locks.AbstractQueuedSynchronizer$ConditionObject.awaitNanos(AbstractQueuedSynchronizer.java:2078)
        at java.util.concurrent.LinkedBlockingQueue.poll(LinkedBlockingQueue.java:467)
        at org.apache.hadoop.ipc.CallQueueManager.take(CallQueueManager.java:317)
        at org.apache.hadoop.ipc.Server$Handler.run(Server.java:3014)
"Socket Reader #1 for port 15002"  prio=5 tid=29 runnable
java.lang.Thread.State: RUNNABLE
        at sun.nio.ch.EPollArrayWrapper.epollWait(Native Method)
        at sun.nio.ch.EPollArrayWrapper.poll(EPollArrayWrapper.java:269)
        at sun.nio.ch.EPollSelectorImpl.doSelect(EPollSelectorImpl.java:93)
        at sun.nio.ch.SelectorImpl.lockAndDoSelect(SelectorImpl.java:86)
        at sun.nio.ch.SelectorImpl.select(SelectorImpl.java:97)
        at sun.nio.ch.SelectorImpl.select(SelectorImpl.java:101)
        at org.apache.hadoop.ipc.Server$Listener$Reader.doRunLoop(Server.java:1346)
        at org.apache.hadoop.ipc.Server$Listener$Reader.run(Server.java:1325)
"c30fedce-f286-40e0-881d-3d5a9a6e2463-BlockDeletingService#2" daemon prio=5 tid=2361 in Object.wait()
java.lang.Thread.State: WAITING (on object monitor)
        at sun.misc.Unsafe.park(Native Method)
        at java.util.concurrent.locks.LockSupport.park(LockSupport.java:175)
        at java.util.concurrent.locks.AbstractQueuedSynchronizer$ConditionObject.await(AbstractQueuedSynchronizer.java:2039)
        at java.util.concurrent.ScheduledThreadPoolExecutor$DelayedWorkQueue.take(ScheduledThreadPoolExecutor.java:1088)
        at java.util.concurrent.ScheduledThreadPoolExecutor$DelayedWorkQueue.take(ScheduledThreadPoolExecutor.java:809)
        at java.util.concurrent.ThreadPoolExecutor.getTask(ThreadPoolExecutor.java:1074)
        at java.util.concurrent.ThreadPoolExecutor.runWorker(ThreadPoolExecutor.java:1134)
        at java.util.concurrent.ThreadPoolExecutor$Worker.run(ThreadPoolExecutor.java:624)
        at java.lang.Thread.run(Thread.java:750)
"c30fedce-f286-40e0-881d-3d5a9a6e2463-DatanodeReportManager-1" daemon prio=5 tid=625 timed_waiting
java.lang.Thread.State: TIMED_WAITING
        at sun.misc.Unsafe.park(Native Method)
        at java.util.concurrent.locks.LockSupport.parkNanos(LockSupport.java:215)
        at java.util.concurrent.locks.AbstractQueuedSynchronizer$ConditionObject.awaitNanos(AbstractQueuedSynchronizer.java:2078)
        at java.util.concurrent.ScheduledThreadPoolExecutor$DelayedWorkQueue.take(ScheduledThreadPoolExecutor.java:1093)
        at java.util.concurrent.ScheduledThreadPoolExecutor$DelayedWorkQueue.take(ScheduledThreadPoolExecutor.java:809)
        at java.util.concurrent.ThreadPoolExecutor.getTask(ThreadPoolExecutor.java:1074)
        at java.util.concurrent.ThreadPoolExecutor.runWorker(ThreadPoolExecutor.java:1134)
        at java.util.concurrent.ThreadPoolExecutor$Worker.run(ThreadPoolExecutor.java:624)
        at java.lang.Thread.run(Thread.java:750)
"86ab988c-fa9c-425d-a1c6-9004ff7fd93d@group-41A8147A3383-StateMachineUpdater" daemon prio=5 tid=996 timed_waiting
java.lang.Thread.State: TIMED_WAITING
        at sun.misc.Unsafe.park(Native Method)
        at java.util.concurrent.locks.LockSupport.parkNanos(LockSupport.java:215)
        at java.util.concurrent.locks.AbstractQueuedSynchronizer$ConditionObject.await(AbstractQueuedSynchronizer.java:2163)
        at org.apache.ratis.util.AwaitForSignal.await(AwaitForSignal.java:65)
        at org.apache.ratis.server.impl.StateMachineUpdater.waitForCommit(StateMachineUpdater.java:211)
        at org.apache.ratis.server.impl.StateMachineUpdater.run(StateMachineUpdater.java:180)
        at java.lang.Thread.run(Thread.java:750)
"4e8f68d6-fd98-4f77-87e3-715939181693-DatanodeStateMachineTaskThread-0"  prio=5 tid=546 in Object.wait()
java.lang.Thread.State: WAITING (on object monitor)
        at sun.misc.Unsafe.park(Native Method)
        at java.util.concurrent.locks.LockSupport.park(LockSupport.java:175)
        at java.util.concurrent.locks.AbstractQueuedSynchronizer$ConditionObject.await(AbstractQueuedSynchronizer.java:2039)
        at java.util.concurrent.LinkedBlockingQueue.take(LinkedBlockingQueue.java:442)
        at java.util.concurrent.ThreadPoolExecutor.getTask(ThreadPoolExecutor.java:1074)
        at java.util.concurrent.ThreadPoolExecutor.runWorker(ThreadPoolExecutor.java:1134)
        at java.util.concurrent.ThreadPoolExecutor$Worker.run(ThreadPoolExecutor.java:624)
        at java.lang.Thread.run(Thread.java:750)
"IPC Server handler 32 on default port 15002" daemon prio=5 tid=286 timed_waiting
java.lang.Thread.State: TIMED_WAITING
        at sun.misc.Unsafe.park(Native Method)
        at java.util.concurrent.locks.LockSupport.parkNanos(LockSupport.java:215)
        at java.util.concurrent.locks.AbstractQueuedSynchronizer$ConditionObject.awaitNanos(AbstractQueuedSynchronizer.java:2078)
        at java.util.concurrent.LinkedBlockingQueue.poll(LinkedBlockingQueue.java:467)
        at org.apache.hadoop.ipc.CallQueueManager.take(CallQueueManager.java:317)
        at org.apache.hadoop.ipc.Server$Handler.run(Server.java:3014)
"IPC Server handler 88 on default port 15000" daemon prio=5 tid=142 timed_waiting
java.lang.Thread.State: TIMED_WAITING
        at sun.misc.Unsafe.park(Native Method)
        at java.util.concurrent.locks.LockSupport.parkNanos(LockSupport.java:215)
        at java.util.concurrent.locks.AbstractQueuedSynchronizer$ConditionObject.awaitNanos(AbstractQueuedSynchronizer.java:2078)
        at java.util.concurrent.LinkedBlockingQueue.poll(LinkedBlockingQueue.java:467)
        at org.apache.hadoop.ipc.CallQueueManager.take(CallQueueManager.java:317)
        at org.apache.hadoop.ipc.Server$Handler.run(Server.java:3014)
"IPC Server handler 77 on default port 15000" daemon prio=5 tid=131 timed_waiting
java.lang.Thread.State: TIMED_WAITING
        at sun.misc.Unsafe.park(Native Method)
        at java.util.concurrent.locks.LockSupport.parkNanos(LockSupport.java:215)
        at java.util.concurrent.locks.AbstractQueuedSynchronizer$ConditionObject.awaitNanos(AbstractQueuedSynchronizer.java:2078)
        at java.util.concurrent.LinkedBlockingQueue.poll(LinkedBlockingQueue.java:467)
        at org.apache.hadoop.ipc.CallQueueManager.take(CallQueueManager.java:317)
        at org.apache.hadoop.ipc.Server$Handler.run(Server.java:3014)
"IPC Server handler 61 on default port 15000" daemon prio=5 tid=115 timed_waiting
java.lang.Thread.State: TIMED_WAITING
        at sun.misc.Unsafe.park(Native Method)
        at java.util.concurrent.locks.LockSupport.parkNanos(LockSupport.java:215)
        at java.util.concurrent.locks.AbstractQueuedSynchronizer$ConditionObject.awaitNanos(AbstractQueuedSynchronizer.java:2078)
        at java.util.concurrent.LinkedBlockingQueue.poll(LinkedBlockingQueue.java:467)
        at org.apache.hadoop.ipc.CallQueueManager.take(CallQueueManager.java:317)
        at org.apache.hadoop.ipc.Server$Handler.run(Server.java:3014)
"IPC Server idle connection scanner for port 15001" daemon prio=5 tid=35 timed_waiting
java.lang.Thread.State: TIMED_WAITING
        at java.lang.Object.wait(Native Method)
        at java.util.TimerThread.mainLoop(Timer.java:552)
        at java.util.TimerThread.run(Timer.java:505)
"EventQueue-NodeReportForNodeReportHandler" daemon prio=5 tid=2349 in Object.wait()
java.lang.Thread.State: WAITING (on object monitor)
        at sun.misc.Unsafe.park(Native Method)
        at java.util.concurrent.locks.LockSupport.park(LockSupport.java:175)
        at java.util.concurrent.locks.AbstractQueuedSynchronizer$ConditionObject.await(AbstractQueuedSynchronizer.java:2039)
        at java.util.concurrent.LinkedBlockingQueue.take(LinkedBlockingQueue.java:442)
        at java.util.concurrent.ThreadPoolExecutor.getTask(ThreadPoolExecutor.java:1074)
        at java.util.concurrent.ThreadPoolExecutor.runWorker(ThreadPoolExecutor.java:1134)
        at java.util.concurrent.ThreadPoolExecutor$Worker.run(ThreadPoolExecutor.java:624)
        at java.lang.Thread.run(Thread.java:750)
"IPC Server handler 80 on default port 15000" daemon prio=5 tid=134 timed_waiting
java.lang.Thread.State: TIMED_WAITING
        at sun.misc.Unsafe.park(Native Method)
        at java.util.concurrent.locks.LockSupport.parkNanos(LockSupport.java:215)
        at java.util.concurrent.locks.AbstractQueuedSynchronizer$ConditionObject.awaitNanos(AbstractQueuedSynchronizer.java:2078)
        at java.util.concurrent.LinkedBlockingQueue.poll(LinkedBlockingQueue.java:467)
        at org.apache.hadoop.ipc.CallQueueManager.take(CallQueueManager.java:317)
        at org.apache.hadoop.ipc.Server$Handler.run(Server.java:3014)
"e46a6e51-795f-4801-a523-c45a6c7f2c34-server-thread1" daemon prio=5 tid=1732 timed_waiting
java.lang.Thread.State: TIMED_WAITING
        at sun.misc.Unsafe.park(Native Method)
        at java.util.concurrent.locks.LockSupport.parkNanos(LockSupport.java:215)
        at java.util.concurrent.SynchronousQueue$TransferStack.awaitFulfill(SynchronousQueue.java:460)
        at java.util.concurrent.SynchronousQueue$TransferStack.transfer(SynchronousQueue.java:362)
        at java.util.concurrent.SynchronousQueue.poll(SynchronousQueue.java:941)
        at java.util.concurrent.ThreadPoolExecutor.getTask(ThreadPoolExecutor.java:1073)
        at java.util.concurrent.ThreadPoolExecutor.runWorker(ThreadPoolExecutor.java:1134)
        at java.util.concurrent.ThreadPoolExecutor$Worker.run(ThreadPoolExecutor.java:624)
        at java.lang.Thread.run(Thread.java:750)
"78f89d9b-e409-4704-890b-bfcfbcdfd28a@group-5C1807567017-SegmentedRaftLogWorker"  prio=5 tid=2130 timed_waiting
java.lang.Thread.State: TIMED_WAITING
        at sun.misc.Unsafe.park(Native Method)
        at java.util.concurrent.locks.LockSupport.parkNanos(LockSupport.java:215)
        at java.util.concurrent.locks.AbstractQueuedSynchronizer$ConditionObject.awaitNanos(AbstractQueuedSynchronizer.java:2078)
        at org.apache.ratis.util.DataBlockingQueue.poll(DataBlockingQueue.java:148)
        at org.apache.ratis.server.raftlog.segmented.SegmentedRaftLogWorker.run(SegmentedRaftLogWorker.java:299)
        at org.apache.ratis.server.raftlog.segmented.SegmentedRaftLogWorker$$Lambda$913/1052546256.run(Unknown Source)
        at java.util.concurrent.Executors$RunnableAdapter.call(Executors.java:511)
        at java.util.concurrent.FutureTask.run(FutureTask.java:266)
        at java.util.concurrent.ThreadPoolExecutor.runWorker(ThreadPoolExecutor.java:1149)
        at java.util.concurrent.ThreadPoolExecutor$Worker.run(ThreadPoolExecutor.java:624)
        at java.lang.Thread.run(Thread.java:750)
"c30fedce-f286-40e0-881d-3d5a9a6e2463-DatanodeReportManager-3" daemon prio=5 tid=627 in Object.wait()
java.lang.Thread.State: WAITING (on object monitor)
        at sun.misc.Unsafe.park(Native Method)
        at java.util.concurrent.locks.LockSupport.park(LockSupport.java:175)
        at java.util.concurrent.locks.AbstractQueuedSynchronizer$ConditionObject.await(AbstractQueuedSynchronizer.java:2039)
        at java.util.concurrent.ScheduledThreadPoolExecutor$DelayedWorkQueue.take(ScheduledThreadPoolExecutor.java:1088)
        at java.util.concurrent.ScheduledThreadPoolExecutor$DelayedWorkQueue.take(ScheduledThreadPoolExecutor.java:809)
        at java.util.concurrent.ThreadPoolExecutor.getTask(ThreadPoolExecutor.java:1074)
        at java.util.concurrent.ThreadPoolExecutor.runWorker(ThreadPoolExecutor.java:1134)
        at java.util.concurrent.ThreadPoolExecutor$Worker.run(ThreadPoolExecutor.java:624)
        at java.lang.Thread.run(Thread.java:750)
"c30fedce-f286-40e0-881d-3d5a9a6e2463@group-EA994A47DE23-LeaderStateImpl" daemon prio=5 tid=1566 timed_waiting
java.lang.Thread.State: TIMED_WAITING
        at sun.misc.Unsafe.park(Native Method)
        at java.util.concurrent.locks.LockSupport.parkNanos(LockSupport.java:215)
        at java.util.concurrent.locks.AbstractQueuedSynchronizer$ConditionObject.awaitNanos(AbstractQueuedSynchronizer.java:2078)
        at java.util.concurrent.ArrayBlockingQueue.poll(ArrayBlockingQueue.java:418)
        at org.apache.ratis.server.impl.LeaderStateImpl$EventQueue.poll(LeaderStateImpl.java:164)
        at org.apache.ratis.server.impl.LeaderStateImpl$EventProcessor.run(LeaderStateImpl.java:762)
"d25dc3b0-28fc-4383-b1a0-617845025f41@group-3075FEAC11D2-SegmentedRaftLogWorker"  prio=5 tid=1040 timed_waiting
java.lang.Thread.State: TIMED_WAITING
        at sun.misc.Unsafe.park(Native Method)
        at java.util.concurrent.locks.LockSupport.parkNanos(LockSupport.java:215)
        at java.util.concurrent.locks.AbstractQueuedSynchronizer$ConditionObject.awaitNanos(AbstractQueuedSynchronizer.java:2078)
        at org.apache.ratis.util.DataBlockingQueue.poll(DataBlockingQueue.java:148)
        at org.apache.ratis.server.raftlog.segmented.SegmentedRaftLogWorker.run(SegmentedRaftLogWorker.java:299)
        at org.apache.ratis.server.raftlog.segmented.SegmentedRaftLogWorker$$Lambda$913/1052546256.run(Unknown Source)
        at java.util.concurrent.Executors$RunnableAdapter.call(Executors.java:511)
        at java.util.concurrent.FutureTask.run(FutureTask.java:266)
        at java.util.concurrent.ThreadPoolExecutor.runWorker(ThreadPoolExecutor.java:1149)
        at java.util.concurrent.ThreadPoolExecutor$Worker.run(ThreadPoolExecutor.java:624)
        at java.lang.Thread.run(Thread.java:750)
"qtp332031786-580" daemon prio=5 tid=580 runnable
java.lang.Thread.State: RUNNABLE
        at sun.nio.ch.EPollArrayWrapper.epollWait(Native Method)
        at sun.nio.ch.EPollArrayWrapper.poll(EPollArrayWrapper.java:269)
        at sun.nio.ch.EPollSelectorImpl.doSelect(EPollSelectorImpl.java:93)
        at sun.nio.ch.SelectorImpl.lockAndDoSelect(SelectorImpl.java:86)
        at sun.nio.ch.SelectorImpl.select(SelectorImpl.java:97)
        at sun.nio.ch.SelectorImpl.select(SelectorImpl.java:101)
        at org.eclipse.jetty.io.ManagedSelector.nioSelect(ManagedSelector.java:183)
        at org.eclipse.jetty.io.ManagedSelector.select(ManagedSelector.java:190)
        at org.eclipse.jetty.io.ManagedSelector$SelectorProducer.select(ManagedSelector.java:606)
        at org.eclipse.jetty.io.ManagedSelector$SelectorProducer.produce(ManagedSelector.java:543)
        at org.eclipse.jetty.util.thread.strategy.EatWhatYouKill.produceTask(EatWhatYouKill.java:362)
        at org.eclipse.jetty.util.thread.strategy.EatWhatYouKill.doProduce(EatWhatYouKill.java:186)
        at org.eclipse.jetty.util.thread.strategy.EatWhatYouKill.tryProduce(EatWhatYouKill.java:173)
        at org.eclipse.jetty.util.thread.strategy.EatWhatYouKill.produce(EatWhatYouKill.java:137)
        at org.eclipse.jetty.io.ManagedSelector$$Lambda$589/284576707.run(Unknown Source)
        at org.eclipse.jetty.util.thread.QueuedThreadPool.runJob(QueuedThreadPool.java:883)
        at org.eclipse.jetty.util.thread.QueuedThreadPool$Runner.run(QueuedThreadPool.java:1034)
        at java.lang.Thread.run(Thread.java:750)
"IPC Server handler 56 on default port 15000" daemon prio=5 tid=110 timed_waiting
java.lang.Thread.State: TIMED_WAITING
        at sun.misc.Unsafe.park(Native Method)
        at java.util.concurrent.locks.LockSupport.parkNanos(LockSupport.java:215)
        at java.util.concurrent.locks.AbstractQueuedSynchronizer$ConditionObject.awaitNanos(AbstractQueuedSynchronizer.java:2078)
        at java.util.concurrent.LinkedBlockingQueue.poll(LinkedBlockingQueue.java:467)
        at org.apache.hadoop.ipc.CallQueueManager.take(CallQueueManager.java:317)
        at org.apache.hadoop.ipc.Server$Handler.run(Server.java:3014)
"IPC Server Responder" daemon prio=5 tid=2057 runnable
java.lang.Thread.State: RUNNABLE
        at sun.nio.ch.EPollArrayWrapper.epollWait(Native Method)
        at sun.nio.ch.EPollArrayWrapper.poll(EPollArrayWrapper.java:269)
        at sun.nio.ch.EPollSelectorImpl.doSelect(EPollSelectorImpl.java:93)
        at sun.nio.ch.SelectorImpl.lockAndDoSelect(SelectorImpl.java:86)
        at sun.nio.ch.SelectorImpl.select(SelectorImpl.java:97)
        at org.apache.hadoop.ipc.Server$Responder.doRunLoop(Server.java:1582)
        at org.apache.hadoop.ipc.Server$Responder.run(Server.java:1565)
"IPC Server idle connection scanner for port 15037" daemon prio=5 tid=535 timed_waiting
java.lang.Thread.State: TIMED_WAITING
        at java.lang.Object.wait(Native Method)
        at java.util.TimerThread.mainLoop(Timer.java:552)
        at java.util.TimerThread.run(Timer.java:505)
"IPC Server handler 26 on default port 15000" daemon prio=5 tid=80 timed_waiting
java.lang.Thread.State: TIMED_WAITING
        at sun.misc.Unsafe.park(Native Method)
        at java.util.concurrent.locks.LockSupport.parkNanos(LockSupport.java:215)
        at java.util.concurrent.locks.AbstractQueuedSynchronizer$ConditionObject.awaitNanos(AbstractQueuedSynchronizer.java:2078)
        at java.util.concurrent.LinkedBlockingQueue.poll(LinkedBlockingQueue.java:467)
        at org.apache.hadoop.ipc.CallQueueManager.take(CallQueueManager.java:317)
        at org.apache.hadoop.ipc.Server$Handler.run(Server.java:3014)
"IPC Server handler 19 on default port 15002" daemon prio=5 tid=273 timed_waiting
java.lang.Thread.State: TIMED_WAITING
        at sun.misc.Unsafe.park(Native Method)
        at java.util.concurrent.locks.LockSupport.parkNanos(LockSupport.java:215)
        at java.util.concurrent.locks.AbstractQueuedSynchronizer$ConditionObject.awaitNanos(AbstractQueuedSynchronizer.java:2078)
        at java.util.concurrent.LinkedBlockingQueue.poll(LinkedBlockingQueue.java:467)
        at org.apache.hadoop.ipc.CallQueueManager.take(CallQueueManager.java:317)
        at org.apache.hadoop.ipc.Server$Handler.run(Server.java:3014)
"IPC Server handler 79 on default port 15001" daemon prio=5 tid=233 timed_waiting
java.lang.Thread.State: TIMED_WAITING
        at sun.misc.Unsafe.park(Native Method)
        at java.util.concurrent.locks.LockSupport.parkNanos(LockSupport.java:215)
        at java.util.concurrent.locks.AbstractQueuedSynchronizer$ConditionObject.awaitNanos(AbstractQueuedSynchronizer.java:2078)
        at java.util.concurrent.LinkedBlockingQueue.poll(LinkedBlockingQueue.java:467)
        at org.apache.hadoop.ipc.CallQueueManager.take(CallQueueManager.java:317)
        at org.apache.hadoop.ipc.Server$Handler.run(Server.java:3014)
"IPC Server handler 27 on default port 15000" daemon prio=5 tid=81 timed_waiting
java.lang.Thread.State: TIMED_WAITING
        at sun.misc.Unsafe.park(Native Method)
        at java.util.concurrent.locks.LockSupport.parkNanos(LockSupport.java:215)
        at java.util.concurrent.locks.AbstractQueuedSynchronizer$ConditionObject.awaitNanos(AbstractQueuedSynchronizer.java:2078)
        at java.util.concurrent.LinkedBlockingQueue.poll(LinkedBlockingQueue.java:467)
        at org.apache.hadoop.ipc.CallQueueManager.take(CallQueueManager.java:317)
        at org.apache.hadoop.ipc.Server$Handler.run(Server.java:3014)
"e46a6e51-795f-4801-a523-c45a6c7f2c34@group-B95644BE5767-SegmentedRaftLogWorker"  prio=5 tid=893 timed_waiting
java.lang.Thread.State: TIMED_WAITING
        at sun.misc.Unsafe.park(Native Method)
        at java.util.concurrent.locks.LockSupport.parkNanos(LockSupport.java:215)
        at java.util.concurrent.locks.AbstractQueuedSynchronizer$ConditionObject.awaitNanos(AbstractQueuedSynchronizer.java:2078)
        at org.apache.ratis.util.DataBlockingQueue.poll(DataBlockingQueue.java:148)
        at org.apache.ratis.server.raftlog.segmented.SegmentedRaftLogWorker.run(SegmentedRaftLogWorker.java:299)
        at org.apache.ratis.server.raftlog.segmented.SegmentedRaftLogWorker$$Lambda$913/1052546256.run(Unknown Source)
        at java.util.concurrent.Executors$RunnableAdapter.call(Executors.java:511)
        at java.util.concurrent.FutureTask.run(FutureTask.java:266)
        at java.util.concurrent.ThreadPoolExecutor.runWorker(ThreadPoolExecutor.java:1149)
        at java.util.concurrent.ThreadPoolExecutor$Worker.run(ThreadPoolExecutor.java:624)
        at java.lang.Thread.run(Thread.java:750)
"e46a6e51-795f-4801-a523-c45a6c7f2c34-ChunkReader-1" daemon prio=5 tid=2404 in Object.wait()
java.lang.Thread.State: WAITING (on object monitor)
        at sun.misc.Unsafe.park(Native Method)
        at java.util.concurrent.locks.LockSupport.park(LockSupport.java:175)
        at java.util.concurrent.locks.AbstractQueuedSynchronizer$ConditionObject.await(AbstractQueuedSynchronizer.java:2039)
        at java.util.concurrent.LinkedBlockingQueue.take(LinkedBlockingQueue.java:442)
        at java.util.concurrent.ThreadPoolExecutor.getTask(ThreadPoolExecutor.java:1074)
        at java.util.concurrent.ThreadPoolExecutor.runWorker(ThreadPoolExecutor.java:1134)
        at java.util.concurrent.ThreadPoolExecutor$Worker.run(ThreadPoolExecutor.java:624)
        at java.lang.Thread.run(Thread.java:750)
"e780b093-7242-46d7-bd8f-0f810188c7b3-DatanodeReportManager-4" daemon prio=5 tid=712 in Object.wait()
java.lang.Thread.State: WAITING (on object monitor)
        at sun.misc.Unsafe.park(Native Method)
        at java.util.concurrent.locks.LockSupport.park(LockSupport.java:175)
        at java.util.concurrent.locks.AbstractQueuedSynchronizer$ConditionObject.await(AbstractQueuedSynchronizer.java:2039)
        at java.util.concurrent.ScheduledThreadPoolExecutor$DelayedWorkQueue.take(ScheduledThreadPoolExecutor.java:1088)
        at java.util.concurrent.ScheduledThreadPoolExecutor$DelayedWorkQueue.take(ScheduledThreadPoolExecutor.java:809)
        at java.util.concurrent.ThreadPoolExecutor.getTask(ThreadPoolExecutor.java:1074)
        at java.util.concurrent.ThreadPoolExecutor.runWorker(ThreadPoolExecutor.java:1134)
        at java.util.concurrent.ThreadPoolExecutor$Worker.run(ThreadPoolExecutor.java:624)
        at java.lang.Thread.run(Thread.java:750)
"dc26353c-d48a-467d-89cd-3a7c4b626396@group-967E786A868E-cacheEviction-AwaitToRun" daemon prio=5 tid=1082 in Object.wait()
java.lang.Thread.State: WAITING (on object monitor)
        at sun.misc.Unsafe.park(Native Method)
        at java.util.concurrent.locks.LockSupport.park(LockSupport.java:175)
        at java.util.concurrent.locks.AbstractQueuedSynchronizer$ConditionObject.await(AbstractQueuedSynchronizer.java:2039)
        at org.apache.ratis.util.AwaitForSignal.await(AwaitForSignal.java:48)
        at org.apache.ratis.util.AwaitToRun$RunnableImpl.run(AwaitToRun.java:47)
        at java.lang.Thread.run(Thread.java:750)
"78f89d9b-e409-4704-890b-bfcfbcdfd28a-CommandProcessorThread" daemon prio=5 tid=685 timed_waiting
java.lang.Thread.State: TIMED_WAITING
        at java.lang.Thread.sleep(Native Method)
        at org.apache.hadoop.ozone.container.common.statemachine.DatanodeStateMachine.lambda$initCommandHandlerThread$4(DatanodeStateMachine.java:684)
        at org.apache.hadoop.ozone.container.common.statemachine.DatanodeStateMachine$$Lambda$1032/2137296302.run(Unknown Source)
        at java.lang.Thread.run(Thread.java:750)
"c30fedce-f286-40e0-881d-3d5a9a6e2463-ChunkReader-9" daemon prio=5 tid=2228 in Object.wait()
java.lang.Thread.State: WAITING (on object monitor)
        at sun.misc.Unsafe.park(Native Method)
        at java.util.concurrent.locks.LockSupport.park(LockSupport.java:175)
        at java.util.concurrent.locks.AbstractQueuedSynchronizer$ConditionObject.await(AbstractQueuedSynchronizer.java:2039)
        at java.util.concurrent.LinkedBlockingQueue.take(LinkedBlockingQueue.java:442)
        at java.util.concurrent.ThreadPoolExecutor.getTask(ThreadPoolExecutor.java:1074)
        at java.util.concurrent.ThreadPoolExecutor.runWorker(ThreadPoolExecutor.java:1134)
        at java.util.concurrent.ThreadPoolExecutor$Worker.run(ThreadPoolExecutor.java:624)
        at java.lang.Thread.run(Thread.java:750)
"grpc-default-worker-ELG-3-4" daemon prio=5 tid=921 runnable
java.lang.Thread.State: RUNNABLE
        at org.apache.ratis.thirdparty.io.netty.channel.epoll.Native.epollWait0(Native Method)
        at org.apache.ratis.thirdparty.io.netty.channel.epoll.Native.epollWait(Native.java:182)
        at org.apache.ratis.thirdparty.io.netty.channel.epoll.EpollEventLoop.epollWait(EpollEventLoop.java:312)
        at org.apache.ratis.thirdparty.io.netty.channel.epoll.EpollEventLoop.run(EpollEventLoop.java:376)
        at org.apache.ratis.thirdparty.io.netty.util.concurrent.SingleThreadEventExecutor$4.run(SingleThreadEventExecutor.java:997)
        at org.apache.ratis.thirdparty.io.netty.util.internal.ThreadExecutorMap$2.run(ThreadExecutorMap.java:74)
        at org.apache.ratis.thirdparty.io.netty.util.concurrent.FastThreadLocalRunnable.run(FastThreadLocalRunnable.java:30)
        at java.lang.Thread.run(Thread.java:750)
"qtp332031786-584" daemon prio=5 tid=584 timed_waiting
java.lang.Thread.State: TIMED_WAITING
        at sun.misc.Unsafe.park(Native Method)
        at java.util.concurrent.locks.LockSupport.parkNanos(LockSupport.java:215)
        at java.util.concurrent.locks.AbstractQueuedSynchronizer$ConditionObject.awaitNanos(AbstractQueuedSynchronizer.java:2078)
        at org.eclipse.jetty.util.BlockingArrayQueue.poll(BlockingArrayQueue.java:382)
        at org.eclipse.jetty.util.thread.QueuedThreadPool$Runner.idleJobPoll(QueuedThreadPool.java:974)
        at org.eclipse.jetty.util.thread.QueuedThreadPool$Runner.run(QueuedThreadPool.java:1018)
        at java.lang.Thread.run(Thread.java:750)
"IPC Server handler 11 on default port 15004" daemon prio=5 tid=423 timed_waiting
java.lang.Thread.State: TIMED_WAITING
        at sun.misc.Unsafe.park(Native Method)
        at java.util.concurrent.locks.LockSupport.parkNanos(LockSupport.java:215)
        at java.util.concurrent.locks.AbstractQueuedSynchronizer$ConditionObject.awaitNanos(AbstractQueuedSynchronizer.java:2078)
        at java.util.concurrent.LinkedBlockingQueue.poll(LinkedBlockingQueue.java:467)
        at org.apache.hadoop.ipc.CallQueueManager.take(CallQueueManager.java:317)
        at org.apache.hadoop.ipc.Server$Handler.run(Server.java:3014)
"IPC Server handler 48 on default port 15002" daemon prio=5 tid=302 timed_waiting
java.lang.Thread.State: TIMED_WAITING
        at sun.misc.Unsafe.park(Native Method)
        at java.util.concurrent.locks.LockSupport.parkNanos(LockSupport.java:215)
        at java.util.concurrent.locks.AbstractQueuedSynchronizer$ConditionObject.awaitNanos(AbstractQueuedSynchronizer.java:2078)
        at java.util.concurrent.LinkedBlockingQueue.poll(LinkedBlockingQueue.java:467)
        at org.apache.hadoop.ipc.CallQueueManager.take(CallQueueManager.java:317)
        at org.apache.hadoop.ipc.Server$Handler.run(Server.java:3014)
"IPC Server handler 30 on default port 15002" daemon prio=5 tid=284 timed_waiting
java.lang.Thread.State: TIMED_WAITING
        at sun.misc.Unsafe.park(Native Method)
        at java.util.concurrent.locks.LockSupport.parkNanos(LockSupport.java:215)
        at java.util.concurrent.locks.AbstractQueuedSynchronizer$ConditionObject.awaitNanos(AbstractQueuedSynchronizer.java:2078)
        at java.util.concurrent.LinkedBlockingQueue.poll(LinkedBlockingQueue.java:467)
        at org.apache.hadoop.ipc.CallQueueManager.take(CallQueueManager.java:317)
        at org.apache.hadoop.ipc.Server$Handler.run(Server.java:3014)
"StaleRecoveringContainerScrubbingService#7" daemon prio=5 tid=2351 in Object.wait()
java.lang.Thread.State: WAITING (on object monitor)
        at sun.misc.Unsafe.park(Native Method)
        at java.util.concurrent.locks.LockSupport.park(LockSupport.java:175)
        at java.util.concurrent.locks.AbstractQueuedSynchronizer$ConditionObject.await(AbstractQueuedSynchronizer.java:2039)
        at java.util.concurrent.ScheduledThreadPoolExecutor$DelayedWorkQueue.take(ScheduledThreadPoolExecutor.java:1088)
        at java.util.concurrent.ScheduledThreadPoolExecutor$DelayedWorkQueue.take(ScheduledThreadPoolExecutor.java:809)
        at java.util.concurrent.ThreadPoolExecutor.getTask(ThreadPoolExecutor.java:1074)
        at java.util.concurrent.ThreadPoolExecutor.runWorker(ThreadPoolExecutor.java:1134)
        at java.util.concurrent.ThreadPoolExecutor$Worker.run(ThreadPoolExecutor.java:624)
        at java.lang.Thread.run(Thread.java:750)
"JvmPauseMonitor2" daemon prio=5 tid=727 timed_waiting
java.lang.Thread.State: TIMED_WAITING
        at java.lang.Thread.sleep(Native Method)
        at java.lang.Thread.sleep(Thread.java:342)
        at java.util.concurrent.TimeUnit.sleep(TimeUnit.java:386)
        at org.apache.ratis.util.TimeDuration.sleep(TimeDuration.java:353)
        at org.apache.ratis.util.TimeDuration.sleep(TimeDuration.java:338)
        at org.apache.ratis.util.JvmPauseMonitor.detectPause(JvmPauseMonitor.java:160)
        at org.apache.ratis.util.JvmPauseMonitor.run(JvmPauseMonitor.java:149)
        at org.apache.ratis.util.JvmPauseMonitor$$Lambda$549/1343642221.run(Unknown Source)
        at java.lang.Thread.run(Thread.java:750)
"86ab988c-fa9c-425d-a1c6-9004ff7fd93d@group-39057960C58A-StateMachineUpdater" daemon prio=5 tid=1298 timed_waiting
java.lang.Thread.State: TIMED_WAITING
        at sun.misc.Unsafe.park(Native Method)
        at java.util.concurrent.locks.LockSupport.parkNanos(LockSupport.java:215)
        at java.util.concurrent.locks.AbstractQueuedSynchronizer$ConditionObject.await(AbstractQueuedSynchronizer.java:2163)
        at org.apache.ratis.util.AwaitForSignal.await(AwaitForSignal.java:65)
        at org.apache.ratis.server.impl.StateMachineUpdater.waitForCommit(StateMachineUpdater.java:211)
        at org.apache.ratis.server.impl.StateMachineUpdater.run(StateMachineUpdater.java:180)
        at java.lang.Thread.run(Thread.java:750)
"IPC Server handler 31 on default port 15001" daemon prio=5 tid=185 timed_waiting
java.lang.Thread.State: TIMED_WAITING
        at sun.misc.Unsafe.park(Native Method)
        at java.util.concurrent.locks.LockSupport.parkNanos(LockSupport.java:215)
        at java.util.concurrent.locks.AbstractQueuedSynchronizer$ConditionObject.awaitNanos(AbstractQueuedSynchronizer.java:2078)
        at java.util.concurrent.LinkedBlockingQueue.poll(LinkedBlockingQueue.java:467)
        at org.apache.hadoop.ipc.CallQueueManager.take(CallQueueManager.java:317)
        at org.apache.hadoop.ipc.Server$Handler.run(Server.java:3014)
"grpc-default-worker-ELG-3-2" daemon prio=5 tid=914 runnable
java.lang.Thread.State: RUNNABLE
        at org.apache.ratis.thirdparty.io.netty.channel.epoll.Native.epollWait0(Native Method)
        at org.apache.ratis.thirdparty.io.netty.channel.epoll.Native.epollWait(Native.java:182)
        at org.apache.ratis.thirdparty.io.netty.channel.epoll.EpollEventLoop.epollWait(EpollEventLoop.java:312)
        at org.apache.ratis.thirdparty.io.netty.channel.epoll.EpollEventLoop.run(EpollEventLoop.java:376)
        at org.apache.ratis.thirdparty.io.netty.util.concurrent.SingleThreadEventExecutor$4.run(SingleThreadEventExecutor.java:997)
        at org.apache.ratis.thirdparty.io.netty.util.internal.ThreadExecutorMap$2.run(ThreadExecutorMap.java:74)
        at org.apache.ratis.thirdparty.io.netty.util.concurrent.FastThreadLocalRunnable.run(FastThreadLocalRunnable.java:30)
        at java.lang.Thread.run(Thread.java:750)
"78f89d9b-e409-4704-890b-bfcfbcdfd28a-ChunkReader-6" daemon prio=5 tid=2034 in Object.wait()
java.lang.Thread.State: WAITING (on object monitor)
        at sun.misc.Unsafe.park(Native Method)
        at java.util.concurrent.locks.LockSupport.park(LockSupport.java:175)
        at java.util.concurrent.locks.AbstractQueuedSynchronizer$ConditionObject.await(AbstractQueuedSynchronizer.java:2039)
        at java.util.concurrent.LinkedBlockingQueue.take(LinkedBlockingQueue.java:442)
        at java.util.concurrent.ThreadPoolExecutor.getTask(ThreadPoolExecutor.java:1074)
        at java.util.concurrent.ThreadPoolExecutor.runWorker(ThreadPoolExecutor.java:1134)
        at java.util.concurrent.ThreadPoolExecutor$Worker.run(ThreadPoolExecutor.java:624)
        at java.lang.Thread.run(Thread.java:750)
"4e8f68d6-fd98-4f77-87e3-715939181693@group-DD233808B888-SegmentedRaftLogWorker"  prio=5 tid=935 timed_waiting
java.lang.Thread.State: TIMED_WAITING
        at sun.misc.Unsafe.park(Native Method)
        at java.util.concurrent.locks.LockSupport.parkNanos(LockSupport.java:215)
        at java.util.concurrent.locks.AbstractQueuedSynchronizer$ConditionObject.awaitNanos(AbstractQueuedSynchronizer.java:2078)
        at org.apache.ratis.util.DataBlockingQueue.poll(DataBlockingQueue.java:148)
        at org.apache.ratis.server.raftlog.segmented.SegmentedRaftLogWorker.run(SegmentedRaftLogWorker.java:299)
        at org.apache.ratis.server.raftlog.segmented.SegmentedRaftLogWorker$$Lambda$913/1052546256.run(Unknown Source)
        at java.util.concurrent.Executors$RunnableAdapter.call(Executors.java:511)
        at java.util.concurrent.FutureTask.run(FutureTask.java:266)
        at java.util.concurrent.ThreadPoolExecutor.runWorker(ThreadPoolExecutor.java:1149)
        at java.util.concurrent.ThreadPoolExecutor$Worker.run(ThreadPoolExecutor.java:624)
        at java.lang.Thread.run(Thread.java:750)
"IPC Server handler 21 on default port 15002" daemon prio=5 tid=275 timed_waiting
java.lang.Thread.State: TIMED_WAITING
        at sun.misc.Unsafe.park(Native Method)
        at java.util.concurrent.locks.LockSupport.parkNanos(LockSupport.java:215)
        at java.util.concurrent.locks.AbstractQueuedSynchronizer$ConditionObject.awaitNanos(AbstractQueuedSynchronizer.java:2078)
        at java.util.concurrent.LinkedBlockingQueue.poll(LinkedBlockingQueue.java:467)
        at org.apache.hadoop.ipc.CallQueueManager.take(CallQueueManager.java:317)
        at org.apache.hadoop.ipc.Server$Handler.run(Server.java:3014)
"StaleRecoveringContainerScrubbingService#9" daemon prio=5 tid=2398 in Object.wait()
java.lang.Thread.State: WAITING (on object monitor)
        at sun.misc.Unsafe.park(Native Method)
        at java.util.concurrent.locks.LockSupport.park(LockSupport.java:175)
        at java.util.concurrent.locks.AbstractQueuedSynchronizer$ConditionObject.await(AbstractQueuedSynchronizer.java:2039)
        at java.util.concurrent.ScheduledThreadPoolExecutor$DelayedWorkQueue.take(ScheduledThreadPoolExecutor.java:1088)
        at java.util.concurrent.ScheduledThreadPoolExecutor$DelayedWorkQueue.take(ScheduledThreadPoolExecutor.java:809)
        at java.util.concurrent.ThreadPoolExecutor.getTask(ThreadPoolExecutor.java:1074)
        at java.util.concurrent.ThreadPoolExecutor.runWorker(ThreadPoolExecutor.java:1134)
        at java.util.concurrent.ThreadPoolExecutor$Worker.run(ThreadPoolExecutor.java:624)
        at java.lang.Thread.run(Thread.java:750)
"IPC Server handler 95 on default port 15002" daemon prio=5 tid=349 timed_waiting
java.lang.Thread.State: TIMED_WAITING
        at sun.misc.Unsafe.park(Native Method)
        at java.util.concurrent.locks.LockSupport.parkNanos(LockSupport.java:215)
        at java.util.concurrent.locks.AbstractQueuedSynchronizer$ConditionObject.awaitNanos(AbstractQueuedSynchronizer.java:2078)
        at java.util.concurrent.LinkedBlockingQueue.poll(LinkedBlockingQueue.java:467)
        at org.apache.hadoop.ipc.CallQueueManager.take(CallQueueManager.java:317)
        at org.apache.hadoop.ipc.Server$Handler.run(Server.java:3014)
"IPC Server handler 41 on default port 15000" daemon prio=5 tid=95 timed_waiting
java.lang.Thread.State: TIMED_WAITING
        at sun.misc.Unsafe.park(Native Method)
        at java.util.concurrent.locks.LockSupport.parkNanos(LockSupport.java:215)
        at java.util.concurrent.locks.AbstractQueuedSynchronizer$ConditionObject.awaitNanos(AbstractQueuedSynchronizer.java:2078)
        at java.util.concurrent.LinkedBlockingQueue.poll(LinkedBlockingQueue.java:467)
        at org.apache.hadoop.ipc.CallQueueManager.take(CallQueueManager.java:317)
        at org.apache.hadoop.ipc.Server$Handler.run(Server.java:3014)
"4e8f68d6-fd98-4f77-87e3-715939181693-ChunkReader-ELG-0" daemon prio=5 tid=776 runnable
java.lang.Thread.State: RUNNABLE
        at org.apache.ratis.thirdparty.io.netty.channel.epoll.Native.epollWait0(Native Method)
        at org.apache.ratis.thirdparty.io.netty.channel.epoll.Native.epollWait(Native.java:182)
        at org.apache.ratis.thirdparty.io.netty.channel.epoll.EpollEventLoop.epollWait(EpollEventLoop.java:312)
        at org.apache.ratis.thirdparty.io.netty.channel.epoll.EpollEventLoop.run(EpollEventLoop.java:376)
        at org.apache.ratis.thirdparty.io.netty.util.concurrent.SingleThreadEventExecutor$4.run(SingleThreadEventExecutor.java:997)
        at org.apache.ratis.thirdparty.io.netty.util.internal.ThreadExecutorMap$2.run(ThreadExecutorMap.java:74)
        at java.lang.Thread.run(Thread.java:750)
"e780b093-7242-46d7-bd8f-0f810188c7b3@group-0722226B2D74-SegmentedRaftLogWorker"  prio=5 tid=1394 timed_waiting
java.lang.Thread.State: TIMED_WAITING
        at sun.misc.Unsafe.park(Native Method)
        at java.util.concurrent.locks.LockSupport.parkNanos(LockSupport.java:215)
        at java.util.concurrent.locks.AbstractQueuedSynchronizer$ConditionObject.awaitNanos(AbstractQueuedSynchronizer.java:2078)
        at org.apache.ratis.util.DataBlockingQueue.poll(DataBlockingQueue.java:148)
        at org.apache.ratis.server.raftlog.segmented.SegmentedRaftLogWorker.run(SegmentedRaftLogWorker.java:299)
        at org.apache.ratis.server.raftlog.segmented.SegmentedRaftLogWorker$$Lambda$913/1052546256.run(Unknown Source)
        at java.util.concurrent.Executors$RunnableAdapter.call(Executors.java:511)
        at java.util.concurrent.FutureTask.run(FutureTask.java:266)
        at java.util.concurrent.ThreadPoolExecutor.runWorker(ThreadPoolExecutor.java:1149)
        at java.util.concurrent.ThreadPoolExecutor$Worker.run(ThreadPoolExecutor.java:624)
        at java.lang.Thread.run(Thread.java:750)
"IPC Server handler 7 on default port 15000" daemon prio=5 tid=61 timed_waiting
java.lang.Thread.State: TIMED_WAITING
        at sun.misc.Unsafe.park(Native Method)
        at java.util.concurrent.locks.LockSupport.parkNanos(LockSupport.java:215)
        at java.util.concurrent.locks.AbstractQueuedSynchronizer$ConditionObject.awaitNanos(AbstractQueuedSynchronizer.java:2078)
        at java.util.concurrent.LinkedBlockingQueue.poll(LinkedBlockingQueue.java:467)
        at org.apache.hadoop.ipc.CallQueueManager.take(CallQueueManager.java:317)
        at org.apache.hadoop.ipc.Server$Handler.run(Server.java:3014)
"dc26353c-d48a-467d-89cd-3a7c4b626396-ChunkWriter-3-0" daemon prio=5 tid=790 in Object.wait()
java.lang.Thread.State: WAITING (on object monitor)
        at sun.misc.Unsafe.park(Native Method)
        at java.util.concurrent.locks.LockSupport.park(LockSupport.java:175)
        at java.util.concurrent.locks.AbstractQueuedSynchronizer$ConditionObject.await(AbstractQueuedSynchronizer.java:2039)
        at java.util.concurrent.LinkedBlockingDeque.takeFirst(LinkedBlockingDeque.java:492)
        at java.util.concurrent.LinkedBlockingDeque.take(LinkedBlockingDeque.java:680)
        at java.util.concurrent.ThreadPoolExecutor.getTask(ThreadPoolExecutor.java:1074)
        at java.util.concurrent.ThreadPoolExecutor.runWorker(ThreadPoolExecutor.java:1134)
        at java.util.concurrent.ThreadPoolExecutor$Worker.run(ThreadPoolExecutor.java:624)
        at java.lang.Thread.run(Thread.java:750)
"IPC Server handler 51 on default port 15002" daemon prio=5 tid=305 timed_waiting
java.lang.Thread.State: TIMED_WAITING
        at sun.misc.Unsafe.park(Native Method)
        at java.util.concurrent.locks.LockSupport.parkNanos(LockSupport.java:215)
        at java.util.concurrent.locks.AbstractQueuedSynchronizer$ConditionObject.awaitNanos(AbstractQueuedSynchronizer.java:2078)
        at java.util.concurrent.LinkedBlockingQueue.poll(LinkedBlockingQueue.java:467)
        at org.apache.hadoop.ipc.CallQueueManager.take(CallQueueManager.java:317)
        at org.apache.hadoop.ipc.Server$Handler.run(Server.java:3014)
"qtp480886755-495" daemon prio=5 tid=495 runnable
java.lang.Thread.State: RUNNABLE
        at sun.nio.ch.EPollArrayWrapper.epollWait(Native Method)
        at sun.nio.ch.EPollArrayWrapper.poll(EPollArrayWrapper.java:269)
        at sun.nio.ch.EPollSelectorImpl.doSelect(EPollSelectorImpl.java:93)
        at sun.nio.ch.SelectorImpl.lockAndDoSelect(SelectorImpl.java:86)
        at sun.nio.ch.SelectorImpl.select(SelectorImpl.java:97)
        at sun.nio.ch.SelectorImpl.select(SelectorImpl.java:101)
        at org.eclipse.jetty.io.ManagedSelector.nioSelect(ManagedSelector.java:183)
        at org.eclipse.jetty.io.ManagedSelector.select(ManagedSelector.java:190)
        at org.eclipse.jetty.io.ManagedSelector$SelectorProducer.select(ManagedSelector.java:606)
        at org.eclipse.jetty.io.ManagedSelector$SelectorProducer.produce(ManagedSelector.java:543)
        at org.eclipse.jetty.util.thread.strategy.EatWhatYouKill.produceTask(EatWhatYouKill.java:362)
        at org.eclipse.jetty.util.thread.strategy.EatWhatYouKill.doProduce(EatWhatYouKill.java:186)
        at org.eclipse.jetty.util.thread.strategy.EatWhatYouKill.tryProduce(EatWhatYouKill.java:173)
        at org.eclipse.jetty.util.thread.strategy.EatWhatYouKill.produce(EatWhatYouKill.java:137)
        at org.eclipse.jetty.io.ManagedSelector$$Lambda$589/284576707.run(Unknown Source)
        at org.eclipse.jetty.util.thread.QueuedThreadPool.runJob(QueuedThreadPool.java:883)
        at org.eclipse.jetty.util.thread.QueuedThreadPool$Runner.run(QueuedThreadPool.java:1034)
        at java.lang.Thread.run(Thread.java:750)
"qtp124466405-403" daemon prio=5 tid=403 runnable
java.lang.Thread.State: RUNNABLE
        at sun.nio.ch.EPollArrayWrapper.epollWait(Native Method)
        at sun.nio.ch.EPollArrayWrapper.poll(EPollArrayWrapper.java:269)
        at sun.nio.ch.EPollSelectorImpl.doSelect(EPollSelectorImpl.java:93)
        at sun.nio.ch.SelectorImpl.lockAndDoSelect(SelectorImpl.java:86)
        at sun.nio.ch.SelectorImpl.select(SelectorImpl.java:97)
        at sun.nio.ch.SelectorImpl.select(SelectorImpl.java:101)
        at org.eclipse.jetty.io.ManagedSelector.nioSelect(ManagedSelector.java:183)
        at org.eclipse.jetty.io.ManagedSelector.select(ManagedSelector.java:190)
        at org.eclipse.jetty.io.ManagedSelector$SelectorProducer.select(ManagedSelector.java:606)
        at org.eclipse.jetty.io.ManagedSelector$SelectorProducer.produce(ManagedSelector.java:543)
        at org.eclipse.jetty.util.thread.strategy.EatWhatYouKill.produceTask(EatWhatYouKill.java:362)
        at org.eclipse.jetty.util.thread.strategy.EatWhatYouKill.doProduce(EatWhatYouKill.java:186)
        at org.eclipse.jetty.util.thread.strategy.EatWhatYouKill.tryProduce(EatWhatYouKill.java:173)
        at org.eclipse.jetty.util.thread.strategy.EatWhatYouKill.produce(EatWhatYouKill.java:137)
        at org.eclipse.jetty.io.ManagedSelector$$Lambda$589/284576707.run(Unknown Source)
        at org.eclipse.jetty.util.thread.QueuedThreadPool.runJob(QueuedThreadPool.java:883)
        at org.eclipse.jetty.util.thread.QueuedThreadPool$Runner.run(QueuedThreadPool.java:1034)
        at java.lang.Thread.run(Thread.java:750)
"78f89d9b-e409-4704-890b-bfcfbcdfd28a-server-thread1" daemon prio=5 tid=2181 timed_waiting
java.lang.Thread.State: TIMED_WAITING
        at sun.misc.Unsafe.park(Native Method)
        at java.util.concurrent.locks.LockSupport.parkNanos(LockSupport.java:215)
        at java.util.concurrent.SynchronousQueue$TransferStack.awaitFulfill(SynchronousQueue.java:460)
        at java.util.concurrent.SynchronousQueue$TransferStack.transfer(SynchronousQueue.java:362)
        at java.util.concurrent.SynchronousQueue.poll(SynchronousQueue.java:941)
        at java.util.concurrent.ThreadPoolExecutor.getTask(ThreadPoolExecutor.java:1073)
        at java.util.concurrent.ThreadPoolExecutor.runWorker(ThreadPoolExecutor.java:1134)
        at java.util.concurrent.ThreadPoolExecutor$Worker.run(ThreadPoolExecutor.java:624)
        at java.lang.Thread.run(Thread.java:750)
"dc26353c-d48a-467d-89cd-3a7c4b626396-groupManagement"  prio=5 tid=937 in Object.wait()
java.lang.Thread.State: WAITING (on object monitor)
        at sun.misc.Unsafe.park(Native Method)
        at java.util.concurrent.locks.LockSupport.park(LockSupport.java:175)
        at java.util.concurrent.locks.AbstractQueuedSynchronizer$ConditionObject.await(AbstractQueuedSynchronizer.java:2039)
        at java.util.concurrent.LinkedBlockingQueue.take(LinkedBlockingQueue.java:442)
        at java.util.concurrent.ThreadPoolExecutor.getTask(ThreadPoolExecutor.java:1074)
        at java.util.concurrent.ThreadPoolExecutor.runWorker(ThreadPoolExecutor.java:1134)
        at java.util.concurrent.ThreadPoolExecutor$Worker.run(ThreadPoolExecutor.java:624)
        at java.lang.Thread.run(Thread.java:750)
"4e8f68d6-fd98-4f77-87e3-715939181693-DatanodeStateMachineTaskThread-1"  prio=5 tid=765 in Object.wait()
java.lang.Thread.State: WAITING (on object monitor)
        at sun.misc.Unsafe.park(Native Method)
        at java.util.concurrent.locks.LockSupport.park(LockSupport.java:175)
        at java.util.concurrent.locks.AbstractQueuedSynchronizer$ConditionObject.await(AbstractQueuedSynchronizer.java:2039)
        at java.util.concurrent.LinkedBlockingQueue.take(LinkedBlockingQueue.java:442)
        at java.util.concurrent.ThreadPoolExecutor.getTask(ThreadPoolExecutor.java:1074)
        at java.util.concurrent.ThreadPoolExecutor.runWorker(ThreadPoolExecutor.java:1134)
        at java.util.concurrent.ThreadPoolExecutor$Worker.run(ThreadPoolExecutor.java:624)
        at java.lang.Thread.run(Thread.java:750)
"78f89d9b-e409-4704-890b-bfcfbcdfd28a@group-24226A001283-cacheEviction-AwaitToRun" daemon prio=5 tid=1069 in Object.wait()
java.lang.Thread.State: WAITING (on object monitor)
        at sun.misc.Unsafe.park(Native Method)
        at java.util.concurrent.locks.LockSupport.park(LockSupport.java:175)
        at java.util.concurrent.locks.AbstractQueuedSynchronizer$ConditionObject.await(AbstractQueuedSynchronizer.java:2039)
        at org.apache.ratis.util.AwaitForSignal.await(AwaitForSignal.java:48)
        at org.apache.ratis.util.AwaitToRun$RunnableImpl.run(AwaitToRun.java:47)
        at java.lang.Thread.run(Thread.java:750)
"e780b093-7242-46d7-bd8f-0f810188c7b3-ChunkReader-6" daemon prio=5 tid=2013 in Object.wait()
java.lang.Thread.State: WAITING (on object monitor)
        at sun.misc.Unsafe.park(Native Method)
        at java.util.concurrent.locks.LockSupport.park(LockSupport.java:175)
        at java.util.concurrent.locks.AbstractQueuedSynchronizer$ConditionObject.await(AbstractQueuedSynchronizer.java:2039)
        at java.util.concurrent.LinkedBlockingQueue.take(LinkedBlockingQueue.java:442)
        at java.util.concurrent.ThreadPoolExecutor.getTask(ThreadPoolExecutor.java:1074)
        at java.util.concurrent.ThreadPoolExecutor.runWorker(ThreadPoolExecutor.java:1134)
        at java.util.concurrent.ThreadPoolExecutor$Worker.run(ThreadPoolExecutor.java:624)
        at java.lang.Thread.run(Thread.java:750)
"qtp2050676025-692" daemon prio=5 tid=692 runnable
java.lang.Thread.State: RUNNABLE
        at sun.nio.ch.EPollArrayWrapper.epollWait(Native Method)
        at sun.nio.ch.EPollArrayWrapper.poll(EPollArrayWrapper.java:269)
        at sun.nio.ch.EPollSelectorImpl.doSelect(EPollSelectorImpl.java:93)
        at sun.nio.ch.SelectorImpl.lockAndDoSelect(SelectorImpl.java:86)
        at sun.nio.ch.SelectorImpl.select(SelectorImpl.java:97)
        at sun.nio.ch.SelectorImpl.select(SelectorImpl.java:101)
        at org.eclipse.jetty.io.ManagedSelector.nioSelect(ManagedSelector.java:183)
        at org.eclipse.jetty.io.ManagedSelector.select(ManagedSelector.java:190)
        at org.eclipse.jetty.io.ManagedSelector$SelectorProducer.select(ManagedSelector.java:606)
        at org.eclipse.jetty.io.ManagedSelector$SelectorProducer.produce(ManagedSelector.java:543)
        at org.eclipse.jetty.util.thread.strategy.EatWhatYouKill.produceTask(EatWhatYouKill.java:362)
        at org.eclipse.jetty.util.thread.strategy.EatWhatYouKill.doProduce(EatWhatYouKill.java:186)
        at org.eclipse.jetty.util.thread.strategy.EatWhatYouKill.tryProduce(EatWhatYouKill.java:173)
        at org.eclipse.jetty.util.thread.strategy.EatWhatYouKill.produce(EatWhatYouKill.java:137)
        at org.eclipse.jetty.io.ManagedSelector$$Lambda$589/284576707.run(Unknown Source)
        at org.eclipse.jetty.util.thread.QueuedThreadPool.runJob(QueuedThreadPool.java:883)
        at org.eclipse.jetty.util.thread.QueuedThreadPool$Runner.run(QueuedThreadPool.java:1034)
        at java.lang.Thread.run(Thread.java:750)
"IPC Server handler 49 on default port 15001" daemon prio=5 tid=203 timed_waiting
java.lang.Thread.State: TIMED_WAITING
        at sun.misc.Unsafe.park(Native Method)
        at java.util.concurrent.locks.LockSupport.parkNanos(LockSupport.java:215)
        at java.util.concurrent.locks.AbstractQueuedSynchronizer$ConditionObject.awaitNanos(AbstractQueuedSynchronizer.java:2078)
        at java.util.concurrent.LinkedBlockingQueue.poll(LinkedBlockingQueue.java:467)
        at org.apache.hadoop.ipc.CallQueueManager.take(CallQueueManager.java:317)
        at org.apache.hadoop.ipc.Server$Handler.run(Server.java:3014)
"IPC Server handler 28 on default port 15001" daemon prio=5 tid=182 timed_waiting
java.lang.Thread.State: TIMED_WAITING
        at sun.misc.Unsafe.park(Native Method)
        at java.util.concurrent.locks.LockSupport.parkNanos(LockSupport.java:215)
        at java.util.concurrent.locks.AbstractQueuedSynchronizer$ConditionObject.awaitNanos(AbstractQueuedSynchronizer.java:2078)
        at java.util.concurrent.LinkedBlockingQueue.poll(LinkedBlockingQueue.java:467)
        at org.apache.hadoop.ipc.CallQueueManager.take(CallQueueManager.java:317)
        at org.apache.hadoop.ipc.Server$Handler.run(Server.java:3014)
"c30fedce-f286-40e0-881d-3d5a9a6e2463-server-thread2" daemon prio=5 tid=2202 timed_waiting
java.lang.Thread.State: TIMED_WAITING
        at sun.misc.Unsafe.park(Native Method)
        at java.util.concurrent.locks.LockSupport.parkNanos(LockSupport.java:215)
        at java.util.concurrent.SynchronousQueue$TransferStack.awaitFulfill(SynchronousQueue.java:460)
        at java.util.concurrent.SynchronousQueue$TransferStack.transfer(SynchronousQueue.java:362)
        at java.util.concurrent.SynchronousQueue.poll(SynchronousQueue.java:941)
        at java.util.concurrent.ThreadPoolExecutor.getTask(ThreadPoolExecutor.java:1073)
        at java.util.concurrent.ThreadPoolExecutor.runWorker(ThreadPoolExecutor.java:1134)
        at java.util.concurrent.ThreadPoolExecutor$Worker.run(ThreadPoolExecutor.java:624)
        at java.lang.Thread.run(Thread.java:750)
"qtp480886755-497" daemon prio=5 tid=497 timed_waiting
java.lang.Thread.State: TIMED_WAITING
        at sun.misc.Unsafe.park(Native Method)
        at java.util.concurrent.locks.LockSupport.parkNanos(LockSupport.java:215)
        at java.util.concurrent.locks.AbstractQueuedSynchronizer$ConditionObject.awaitNanos(AbstractQueuedSynchronizer.java:2078)
        at org.eclipse.jetty.util.BlockingArrayQueue.poll(BlockingArrayQueue.java:382)
        at org.eclipse.jetty.util.thread.QueuedThreadPool$Runner.idleJobPoll(QueuedThreadPool.java:974)
        at org.eclipse.jetty.util.thread.QueuedThreadPool$Runner.run(QueuedThreadPool.java:1018)
        at java.lang.Thread.run(Thread.java:750)
"main"  prio=5 tid=1 runnable
java.lang.Thread.State: RUNNABLE
        at java.lang.Thread.dumpThreads(Native Method)
        at java.lang.Thread.getAllStackTraces(Thread.java:1615)
        at org.apache.ozone.test.TimedOutTestsListener.buildThreadDump(TimedOutTestsListener.java:83)
        at org.apache.ozone.test.TimedOutTestsListener.buildThreadDiagnosticString(TimedOutTestsListener.java:69)
        at org.apache.ozone.test.GenericTestUtils.waitFor(GenericTestUtils.java:204)
        at org.apache.hadoop.ozone.container.TestECContainerRecovery.testECContainerRecoveryWithTimedOutRecovery(TestECContainerRecovery.java:354)
        at sun.reflect.NativeMethodAccessorImpl.invoke0(Native Method)
        at sun.reflect.NativeMethodAccessorImpl.invoke(NativeMethodAccessorImpl.java:62)
        at sun.reflect.DelegatingMethodAccessorImpl.invoke(DelegatingMethodAccessorImpl.java:43)
        at java.lang.reflect.Method.invoke(Method.java:498)
        at org.junit.platform.commons.util.ReflectionUtils.invokeMethod(ReflectionUtils.java:728)
        at org.junit.jupiter.engine.execution.MethodInvocation.proceed(MethodInvocation.java:60)
        at org.junit.jupiter.engine.execution.InvocationInterceptorChain$ValidatingInvocation.proceed(InvocationInterceptorChain.java:131)
        at org.junit.jupiter.engine.extension.TimeoutExtension.intercept(TimeoutExtension.java:156)
        at org.junit.jupiter.engine.extension.TimeoutExtension.interceptTestableMethod(TimeoutExtension.java:147)
        at org.junit.jupiter.engine.extension.TimeoutExtension.interceptTestMethod(TimeoutExtension.java:86)
        at org.junit.jupiter.engine.descriptor.TestMethodTestDescriptor$$Lambda$179/331122245.apply(Unknown Source)
        at org.junit.jupiter.engine.execution.InterceptingExecutableInvoker$ReflectiveInterceptorCall.lambda$ofVoidMethod$0(InterceptingExecutableInvoker.java:103)
        at org.junit.jupiter.engine.execution.InterceptingExecutableInvoker$ReflectiveInterceptorCall$$Lambda$180/2074658615.apply(Unknown Source)
        at org.junit.jupiter.engine.execution.InterceptingExecutableInvoker.lambda$invoke$0(InterceptingExecutableInvoker.java:93)
        at org.junit.jupiter.engine.execution.InterceptingExecutableInvoker$$Lambda$386/1524305331.apply(Unknown Source)
        at org.junit.jupiter.engine.execution.InvocationInterceptorChain$InterceptedInvocation.proceed(InvocationInterceptorChain.java:106)
        at org.junit.jupiter.engine.execution.InvocationInterceptorChain.proceed(InvocationInterceptorChain.java:64)
        at org.junit.jupiter.engine.execution.InvocationInterceptorChain.chainAndInvoke(InvocationInterceptorChain.java:45)
        at org.junit.jupiter.engine.execution.InvocationInterceptorChain.invoke(InvocationInterceptorChain.java:37)
        at org.junit.jupiter.engine.execution.InterceptingExecutableInvoker.invoke(InterceptingExecutableInvoker.java:92)
        at org.junit.jupiter.engine.execution.InterceptingExecutableInvoker.invoke(InterceptingExecutableInvoker.java:86)
        at org.junit.jupiter.engine.descriptor.TestMethodTestDescriptor.lambda$invokeTestMethod$7(TestMethodTestDescriptor.java:218)
        at org.junit.jupiter.engine.descriptor.TestMethodTestDescriptor$$Lambda$1514/213129670.execute(Unknown Source)
        at org.junit.platform.engine.support.hierarchical.ThrowableCollector.execute(ThrowableCollector.java:73)
        at org.junit.jupiter.engine.descriptor.TestMethodTestDescriptor.invokeTestMethod(TestMethodTestDescriptor.java:214)
        at org.junit.jupiter.engine.descriptor.TestMethodTestDescriptor.execute(TestMethodTestDescriptor.java:139)
        at org.junit.jupiter.engine.descriptor.TestMethodTestDescriptor.execute(TestMethodTestDescriptor.java:69)
        at org.junit.platform.engine.support.hierarchical.NodeTestTask.lambda$executeRecursively$6(NodeTestTask.java:151)
        at org.junit.platform.engine.support.hierarchical.NodeTestTask$$Lambda$319/1724256292.execute(Unknown Source)
        at org.junit.platform.engine.support.hierarchical.ThrowableCollector.execute(ThrowableCollector.java:73)
        at org.junit.platform.engine.support.hierarchical.NodeTestTask.lambda$executeRecursively$8(NodeTestTask.java:141)
        at org.junit.platform.engine.support.hierarchical.NodeTestTask$$Lambda$318/985324122.invoke(Unknown Source)
        at org.junit.platform.engine.support.hierarchical.Node.around(Node.java:137)
        at org.junit.platform.engine.support.hierarchical.NodeTestTask.lambda$executeRecursively$9(NodeTestTask.java:139)
        at org.junit.platform.engine.support.hierarchical.NodeTestTask$$Lambda$317/1619356001.execute(Unknown Source)
        at org.junit.platform.engine.support.hierarchical.ThrowableCollector.execute(ThrowableCollector.java:73)
        at org.junit.platform.engine.support.hierarchical.NodeTestTask.executeRecursively(NodeTestTask.java:138)
        at org.junit.platform.engine.support.hierarchical.NodeTestTask.execute(NodeTestTask.java:95)
        at org.junit.platform.engine.support.hierarchical.SameThreadHierarchicalTestExecutorService$$Lambda$323/2048529572.accept(Unknown Source)
        at java.util.ArrayList.forEach(ArrayList.java:1259)
        at org.junit.platform.engine.support.hierarchical.SameThreadHierarchicalTestExecutorService.invokeAll(SameThreadHierarchicalTestExecutorService.java:41)
        at org.junit.platform.engine.support.hierarchical.NodeTestTask.lambda$executeRecursively$6(NodeTestTask.java:155)
        at org.junit.platform.engine.support.hierarchical.NodeTestTask$$Lambda$319/1724256292.execute(Unknown Source)
        at org.junit.platform.engine.support.hierarchical.ThrowableCollector.execute(ThrowableCollector.java:73)
        at org.junit.platform.engine.support.hierarchical.NodeTestTask.lambda$executeRecursively$8(NodeTestTask.java:141)
        at org.junit.platform.engine.support.hierarchical.NodeTestTask$$Lambda$318/985324122.invoke(Unknown Source)
        at org.junit.platform.engine.support.hierarchical.Node.around(Node.java:137)
        at org.junit.platform.engine.support.hierarchical.NodeTestTask.lambda$executeRecursively$9(NodeTestTask.java:139)
        at org.junit.platform.engine.support.hierarchical.NodeTestTask$$Lambda$317/1619356001.execute(Unknown Source)
        at org.junit.platform.engine.support.hierarchical.ThrowableCollector.execute(ThrowableCollector.java:73)
        at org.junit.platform.engine.support.hierarchical.NodeTestTask.executeRecursively(NodeTestTask.java:138)
        at org.junit.platform.engine.support.hierarchical.NodeTestTask.execute(NodeTestTask.java:95)
        at org.junit.platform.engine.support.hierarchical.SameThreadHierarchicalTestExecutorService$$Lambda$323/2048529572.accept(Unknown Source)
        at java.util.ArrayList.forEach(ArrayList.java:1259)
        at org.junit.platform.engine.support.hierarchical.SameThreadHierarchicalTestExecutorService.invokeAll(SameThreadHierarchicalTestExecutorService.java:41)
        at org.junit.platform.engine.support.hierarchical.NodeTestTask.lambda$executeRecursively$6(NodeTestTask.java:155)
        at org.junit.platform.engine.support.hierarchical.NodeTestTask$$Lambda$319/1724256292.execute(Unknown Source)
        at org.junit.platform.engine.support.hierarchical.ThrowableCollector.execute(ThrowableCollector.java:73)
        at org.junit.platform.engine.support.hierarchical.NodeTestTask.lambda$executeRecursively$8(NodeTestTask.java:141)
        at org.junit.platform.engine.support.hierarchical.NodeTestTask$$Lambda$318/985324122.invoke(Unknown Source)
        at org.junit.platform.engine.support.hierarchical.Node.around(Node.java:137)
        at org.junit.platform.engine.support.hierarchical.NodeTestTask.lambda$executeRecursively$9(NodeTestTask.java:139)
        at org.junit.platform.engine.support.hierarchical.NodeTestTask$$Lambda$317/1619356001.execute(Unknown Source)
        at org.junit.platform.engine.support.hierarchical.ThrowableCollector.execute(ThrowableCollector.java:73)
        at org.junit.platform.engine.support.hierarchical.NodeTestTask.executeRecursively(NodeTestTask.java:138)
        at org.junit.platform.engine.support.hierarchical.NodeTestTask.execute(NodeTestTask.java:95)
        at org.junit.platform.engine.support.hierarchical.SameThreadHierarchicalTestExecutorService.submit(SameThreadHierarchicalTestExecutorService.java:35)
        at org.junit.platform.engine.support.hierarchical.HierarchicalTestExecutor.execute(HierarchicalTestExecutor.java:57)
        at org.junit.platform.engine.support.hierarchical.HierarchicalTestEngine.execute(HierarchicalTestEngine.java:54)
        at org.junit.platform.launcher.core.EngineExecutionOrchestrator.execute(EngineExecutionOrchestrator.java:198)
        at org.junit.platform.launcher.core.EngineExecutionOrchestrator.execute(EngineExecutionOrchestrator.java:169)
        at org.junit.platform.launcher.core.EngineExecutionOrchestrator.execute(EngineExecutionOrchestrator.java:93)
        at org.junit.platform.launcher.core.EngineExecutionOrchestrator.lambda$execute$0(EngineExecutionOrchestrator.java:58)
        at org.junit.platform.launcher.core.EngineExecutionOrchestrator$$Lambda$237/1404565079.accept(Unknown Source)
        at org.junit.platform.launcher.core.EngineExecutionOrchestrator.withInterceptedStreams(EngineExecutionOrchestrator.java:141)
        at org.junit.platform.launcher.core.EngineExecutionOrchestrator.execute(EngineExecutionOrchestrator.java:57)
        at org.junit.platform.launcher.core.DefaultLauncher.execute(DefaultLauncher.java:103)
        at org.junit.platform.launcher.core.DefaultLauncher.execute(DefaultLauncher.java:85)
        at org.junit.platform.launcher.core.DelegatingLauncher.execute(DelegatingLauncher.java:47)
        at org.junit.platform.launcher.core.SessionPerRequestLauncher.execute(SessionPerRequestLauncher.java:63)
        at org.apache.maven.surefire.junitplatform.JUnitPlatformProvider.execute(JUnitPlatformProvider.java:188)
        at org.apache.maven.surefire.junitplatform.JUnitPlatformProvider.invokeAllTests(JUnitPlatformProvider.java:154)
        at org.apache.maven.surefire.junitplatform.JUnitPlatformProvider.invoke(JUnitPlatformProvider.java:124)
        at org.apache.maven.surefire.booter.ForkedBooter.runSuitesInProcess(ForkedBooter.java:428)
        at org.apache.maven.surefire.booter.ForkedBooter.execute(ForkedBooter.java:162)
        at org.apache.maven.surefire.booter.ForkedBooter.run(ForkedBooter.java:562)
        at org.apache.maven.surefire.booter.ForkedBooter.main(ForkedBooter.java:548)
"StaleRecoveringContainerScrubbingService#0" daemon prio=5 tid=858 in Object.wait()
java.lang.Thread.State: WAITING (on object monitor)
        at sun.misc.Unsafe.park(Native Method)
        at java.util.concurrent.locks.LockSupport.park(LockSupport.java:175)
        at java.util.concurrent.locks.AbstractQueuedSynchronizer$ConditionObject.await(AbstractQueuedSynchronizer.java:2039)
        at java.util.concurrent.ScheduledThreadPoolExecutor$DelayedWorkQueue.take(ScheduledThreadPoolExecutor.java:1088)
        at java.util.concurrent.ScheduledThreadPoolExecutor$DelayedWorkQueue.take(ScheduledThreadPoolExecutor.java:809)
        at java.util.concurrent.ThreadPoolExecutor.getTask(ThreadPoolExecutor.java:1074)
        at java.util.concurrent.ThreadPoolExecutor.runWorker(ThreadPoolExecutor.java:1134)
        at java.util.concurrent.ThreadPoolExecutor$Worker.run(ThreadPoolExecutor.java:624)
        at java.lang.Thread.run(Thread.java:750)
"c30fedce-f286-40e0-881d-3d5a9a6e2463@group-EA994A47DE23-cacheEviction-AwaitToRun" daemon prio=5 tid=1026 in Object.wait()
java.lang.Thread.State: WAITING (on object monitor)
        at sun.misc.Unsafe.park(Native Method)
        at java.util.concurrent.locks.LockSupport.park(LockSupport.java:175)
        at java.util.concurrent.locks.AbstractQueuedSynchronizer$ConditionObject.await(AbstractQueuedSynchronizer.java:2039)
        at org.apache.ratis.util.AwaitForSignal.await(AwaitForSignal.java:48)
        at org.apache.ratis.util.AwaitToRun$RunnableImpl.run(AwaitToRun.java:47)
        at java.lang.Thread.run(Thread.java:750)
"d25dc3b0-28fc-4383-b1a0-617845025f41-BlockDeletingService#3" daemon prio=5 tid=2412 in Object.wait()
java.lang.Thread.State: WAITING (on object monitor)
        at sun.misc.Unsafe.park(Native Method)
        at java.util.concurrent.locks.LockSupport.park(LockSupport.java:175)
        at java.util.concurrent.locks.AbstractQueuedSynchronizer$ConditionObject.await(AbstractQueuedSynchronizer.java:2039)
        at java.util.concurrent.ScheduledThreadPoolExecutor$DelayedWorkQueue.take(ScheduledThreadPoolExecutor.java:1088)
        at java.util.concurrent.ScheduledThreadPoolExecutor$DelayedWorkQueue.take(ScheduledThreadPoolExecutor.java:809)
        at java.util.concurrent.ThreadPoolExecutor.getTask(ThreadPoolExecutor.java:1074)
        at java.util.concurrent.ThreadPoolExecutor.runWorker(ThreadPoolExecutor.java:1134)
        at java.util.concurrent.ThreadPoolExecutor$Worker.run(ThreadPoolExecutor.java:624)
        at java.lang.Thread.run(Thread.java:750)
"IPC Server handler 46 on default port 15002" daemon prio=5 tid=300 timed_waiting
java.lang.Thread.State: TIMED_WAITING
        at sun.misc.Unsafe.park(Native Method)
        at java.util.concurrent.locks.LockSupport.parkNanos(LockSupport.java:215)
        at java.util.concurrent.locks.AbstractQueuedSynchronizer$ConditionObject.awaitNanos(AbstractQueuedSynchronizer.java:2078)
        at java.util.concurrent.LinkedBlockingQueue.poll(LinkedBlockingQueue.java:467)
        at org.apache.hadoop.ipc.CallQueueManager.take(CallQueueManager.java:317)
        at org.apache.hadoop.ipc.Server$Handler.run(Server.java:3014)
"78f89d9b-e409-4704-890b-bfcfbcdfd28a-DatanodeReportManager-2" daemon prio=5 tid=682 in Object.wait()
java.lang.Thread.State: WAITING (on object monitor)
        at sun.misc.Unsafe.park(Native Method)
        at java.util.concurrent.locks.LockSupport.park(LockSupport.java:175)
        at java.util.concurrent.locks.AbstractQueuedSynchronizer$ConditionObject.await(AbstractQueuedSynchronizer.java:2039)
        at java.util.concurrent.ScheduledThreadPoolExecutor$DelayedWorkQueue.take(ScheduledThreadPoolExecutor.java:1088)
        at java.util.concurrent.ScheduledThreadPoolExecutor$DelayedWorkQueue.take(ScheduledThreadPoolExecutor.java:809)
        at java.util.concurrent.ThreadPoolExecutor.getTask(ThreadPoolExecutor.java:1074)
        at java.util.concurrent.ThreadPoolExecutor.runWorker(ThreadPoolExecutor.java:1134)
        at java.util.concurrent.ThreadPoolExecutor$Worker.run(ThreadPoolExecutor.java:624)
        at java.lang.Thread.run(Thread.java:750)
"4e8f68d6-fd98-4f77-87e3-715939181693-CloseContainerThread-0"  prio=5 tid=2334 in Object.wait()
java.lang.Thread.State: WAITING (on object monitor)
        at sun.misc.Unsafe.park(Native Method)
        at java.util.concurrent.locks.LockSupport.park(LockSupport.java:175)
        at java.util.concurrent.locks.AbstractQueuedSynchronizer$ConditionObject.await(AbstractQueuedSynchronizer.java:2039)
        at java.util.concurrent.LinkedBlockingQueue.take(LinkedBlockingQueue.java:442)
        at java.util.concurrent.ThreadPoolExecutor.getTask(ThreadPoolExecutor.java:1074)
        at java.util.concurrent.ThreadPoolExecutor.runWorker(ThreadPoolExecutor.java:1134)
        at java.util.concurrent.ThreadPoolExecutor$Worker.run(ThreadPoolExecutor.java:624)
        at java.lang.Thread.run(Thread.java:750)
"IPC Server handler 27 on default port 15002" daemon prio=5 tid=281 timed_waiting
java.lang.Thread.State: TIMED_WAITING
        at sun.misc.Unsafe.park(Native Method)
        at java.util.concurrent.locks.LockSupport.parkNanos(LockSupport.java:215)
        at java.util.concurrent.locks.AbstractQueuedSynchronizer$ConditionObject.awaitNanos(AbstractQueuedSynchronizer.java:2078)
        at java.util.concurrent.LinkedBlockingQueue.poll(LinkedBlockingQueue.java:467)
        at org.apache.hadoop.ipc.CallQueueManager.take(CallQueueManager.java:317)
        at org.apache.hadoop.ipc.Server$Handler.run(Server.java:3014)
"IPC Server handler 53 on default port 15000" daemon prio=5 tid=107 timed_waiting
java.lang.Thread.State: TIMED_WAITING
        at sun.misc.Unsafe.park(Native Method)
        at java.util.concurrent.locks.LockSupport.parkNanos(LockSupport.java:215)
        at java.util.concurrent.locks.AbstractQueuedSynchronizer$ConditionObject.awaitNanos(AbstractQueuedSynchronizer.java:2078)
        at java.util.concurrent.LinkedBlockingQueue.poll(LinkedBlockingQueue.java:467)
        at org.apache.hadoop.ipc.CallQueueManager.take(CallQueueManager.java:317)
        at org.apache.hadoop.ipc.Server$Handler.run(Server.java:3014)
"86ab988c-fa9c-425d-a1c6-9004ff7fd93d@group-89543CF42D33-StateMachineUpdater" daemon prio=5 tid=1008 timed_waiting
java.lang.Thread.State: TIMED_WAITING
        at sun.misc.Unsafe.park(Native Method)
        at java.util.concurrent.locks.LockSupport.parkNanos(LockSupport.java:215)
        at java.util.concurrent.locks.AbstractQueuedSynchronizer$ConditionObject.await(AbstractQueuedSynchronizer.java:2163)
        at org.apache.ratis.util.AwaitForSignal.await(AwaitForSignal.java:65)
        at org.apache.ratis.server.impl.StateMachineUpdater.waitForCommit(StateMachineUpdater.java:211)
        at org.apache.ratis.server.impl.StateMachineUpdater.run(StateMachineUpdater.java:180)
        at java.lang.Thread.run(Thread.java:750)
"IPC Server handler 85 on default port 15002" daemon prio=5 tid=339 timed_waiting
java.lang.Thread.State: TIMED_WAITING
        at sun.misc.Unsafe.park(Native Method)
        at java.util.concurrent.locks.LockSupport.parkNanos(LockSupport.java:215)
        at java.util.concurrent.locks.AbstractQueuedSynchronizer$ConditionObject.awaitNanos(AbstractQueuedSynchronizer.java:2078)
        at java.util.concurrent.LinkedBlockingQueue.poll(LinkedBlockingQueue.java:467)
        at org.apache.hadoop.ipc.CallQueueManager.take(CallQueueManager.java:317)
        at org.apache.hadoop.ipc.Server$Handler.run(Server.java:3014)
"StaleRecoveringContainerScrubbingService#8" daemon prio=5 tid=2389 in Object.wait()
java.lang.Thread.State: WAITING (on object monitor)
        at sun.misc.Unsafe.park(Native Method)
        at java.util.concurrent.locks.LockSupport.park(LockSupport.java:175)
        at java.util.concurrent.locks.AbstractQueuedSynchronizer$ConditionObject.await(AbstractQueuedSynchronizer.java:2039)
        at java.util.concurrent.ScheduledThreadPoolExecutor$DelayedWorkQueue.take(ScheduledThreadPoolExecutor.java:1088)
        at java.util.concurrent.ScheduledThreadPoolExecutor$DelayedWorkQueue.take(ScheduledThreadPoolExecutor.java:809)
        at java.util.concurrent.ThreadPoolExecutor.getTask(ThreadPoolExecutor.java:1074)
        at java.util.concurrent.ThreadPoolExecutor.runWorker(ThreadPoolExecutor.java:1134)
        at java.util.concurrent.ThreadPoolExecutor$Worker.run(ThreadPoolExecutor.java:624)
        at java.lang.Thread.run(Thread.java:750)
"FullTableCache-Cleanup-0" daemon prio=5 tid=1505 in Object.wait()
java.lang.Thread.State: WAITING (on object monitor)
        at sun.misc.Unsafe.park(Native Method)
        at java.util.concurrent.locks.LockSupport.park(LockSupport.java:175)
        at java.util.concurrent.locks.AbstractQueuedSynchronizer$ConditionObject.await(AbstractQueuedSynchronizer.java:2039)
        at java.util.concurrent.LinkedBlockingQueue.take(LinkedBlockingQueue.java:442)
        at java.util.concurrent.ThreadPoolExecutor.getTask(ThreadPoolExecutor.java:1074)
        at java.util.concurrent.ThreadPoolExecutor.runWorker(ThreadPoolExecutor.java:1134)
        at java.util.concurrent.ThreadPoolExecutor$Worker.run(ThreadPoolExecutor.java:624)
        at java.lang.Thread.run(Thread.java:750)
"IPC Server handler 38 on default port 15000" daemon prio=5 tid=92 timed_waiting
java.lang.Thread.State: TIMED_WAITING
        at sun.misc.Unsafe.park(Native Method)
        at java.util.concurrent.locks.LockSupport.parkNanos(LockSupport.java:215)
        at java.util.concurrent.locks.AbstractQueuedSynchronizer$ConditionObject.awaitNanos(AbstractQueuedSynchronizer.java:2078)
        at java.util.concurrent.LinkedBlockingQueue.poll(LinkedBlockingQueue.java:467)
        at org.apache.hadoop.ipc.CallQueueManager.take(CallQueueManager.java:317)
        at org.apache.hadoop.ipc.Server$Handler.run(Server.java:3014)
"StaleRecoveringContainerScrubbingService#5" daemon prio=5 tid=2382 in Object.wait()
java.lang.Thread.State: WAITING (on object monitor)
        at sun.misc.Unsafe.park(Native Method)
        at java.util.concurrent.locks.LockSupport.park(LockSupport.java:175)
        at java.util.concurrent.locks.AbstractQueuedSynchronizer$ConditionObject.await(AbstractQueuedSynchronizer.java:2039)
        at java.util.concurrent.ScheduledThreadPoolExecutor$DelayedWorkQueue.take(ScheduledThreadPoolExecutor.java:1088)
        at java.util.concurrent.ScheduledThreadPoolExecutor$DelayedWorkQueue.take(ScheduledThreadPoolExecutor.java:809)
        at java.util.concurrent.ThreadPoolExecutor.getTask(ThreadPoolExecutor.java:1074)
        at java.util.concurrent.ThreadPoolExecutor.runWorker(ThreadPoolExecutor.java:1134)
        at java.util.concurrent.ThreadPoolExecutor$Worker.run(ThreadPoolExecutor.java:624)
        at java.lang.Thread.run(Thread.java:750)
"86ab988c-fa9c-425d-a1c6-9004ff7fd93d-server-thread2" daemon prio=5 tid=2184 timed_waiting
java.lang.Thread.State: TIMED_WAITING
        at sun.misc.Unsafe.park(Native Method)
        at java.util.concurrent.locks.LockSupport.parkNanos(LockSupport.java:215)
        at java.util.concurrent.SynchronousQueue$TransferStack.awaitFulfill(SynchronousQueue.java:460)
        at java.util.concurrent.SynchronousQueue$TransferStack.transfer(SynchronousQueue.java:362)
        at java.util.concurrent.SynchronousQueue.poll(SynchronousQueue.java:941)
        at java.util.concurrent.ThreadPoolExecutor.getTask(ThreadPoolExecutor.java:1073)
        at java.util.concurrent.ThreadPoolExecutor.runWorker(ThreadPoolExecutor.java:1134)
        at java.util.concurrent.ThreadPoolExecutor$Worker.run(ThreadPoolExecutor.java:624)
        at java.lang.Thread.run(Thread.java:750)
"StaleRecoveringContainerScrubbingService#3" daemon prio=5 tid=2001 in Object.wait()
java.lang.Thread.State: WAITING (on object monitor)
        at sun.misc.Unsafe.park(Native Method)
        at java.util.concurrent.locks.LockSupport.park(LockSupport.java:175)
        at java.util.concurrent.locks.AbstractQueuedSynchronizer$ConditionObject.await(AbstractQueuedSynchronizer.java:2039)
        at java.util.concurrent.ScheduledThreadPoolExecutor$DelayedWorkQueue.take(ScheduledThreadPoolExecutor.java:1088)
        at java.util.concurrent.ScheduledThreadPoolExecutor$DelayedWorkQueue.take(ScheduledThreadPoolExecutor.java:809)
        at java.util.concurrent.ThreadPoolExecutor.getTask(ThreadPoolExecutor.java:1074)
        at java.util.concurrent.ThreadPoolExecutor.runWorker(ThreadPoolExecutor.java:1134)
        at java.util.concurrent.ThreadPoolExecutor$Worker.run(ThreadPoolExecutor.java:624)
        at java.lang.Thread.run(Thread.java:750)
"IPC Server handler 28 on default port 15002" daemon prio=5 tid=282 timed_waiting
java.lang.Thread.State: TIMED_WAITING
        at sun.misc.Unsafe.park(Native Method)
        at java.util.concurrent.locks.LockSupport.parkNanos(LockSupport.java:215)
        at java.util.concurrent.locks.AbstractQueuedSynchronizer$ConditionObject.awaitNanos(AbstractQueuedSynchronizer.java:2078)
        at java.util.concurrent.LinkedBlockingQueue.poll(LinkedBlockingQueue.java:467)
        at org.apache.hadoop.ipc.CallQueueManager.take(CallQueueManager.java:317)
        at org.apache.hadoop.ipc.Server$Handler.run(Server.java:3014)
"org.apache.hadoop.ozone.container.common.statemachine.commandhandler.DeleteBlocksCommandHandler$DeleteCmdWorker@76c16c2b" daemon prio=5 tid=690 timed_waiting
java.lang.Thread.State: TIMED_WAITING
        at java.lang.Thread.sleep(Native Method)
        at org.apache.hadoop.ozone.container.common.statemachine.commandhandler.DeleteBlocksCommandHandler$DeleteCmdWorker.run(DeleteBlocksCommandHandler.java:259)
        at java.lang.Thread.run(Thread.java:750)
"13f92446-3b18-4d81-bc66-0f9b00220e72@group-E8E8A0364F52-SegmentedRaftLogWorker"  prio=5 tid=2163 timed_waiting
java.lang.Thread.State: TIMED_WAITING
        at sun.misc.Unsafe.park(Native Method)
        at java.util.concurrent.locks.LockSupport.parkNanos(LockSupport.java:215)
        at java.util.concurrent.locks.AbstractQueuedSynchronizer$ConditionObject.awaitNanos(AbstractQueuedSynchronizer.java:2078)
        at org.apache.ratis.util.DataBlockingQueue.poll(DataBlockingQueue.java:148)
        at org.apache.ratis.server.raftlog.segmented.SegmentedRaftLogWorker.run(SegmentedRaftLogWorker.java:299)
        at org.apache.ratis.server.raftlog.segmented.SegmentedRaftLogWorker$$Lambda$913/1052546256.run(Unknown Source)
        at java.util.concurrent.Executors$RunnableAdapter.call(Executors.java:511)
        at java.util.concurrent.FutureTask.run(FutureTask.java:266)
        at java.util.concurrent.ThreadPoolExecutor.runWorker(ThreadPoolExecutor.java:1149)
        at java.util.concurrent.ThreadPoolExecutor$Worker.run(ThreadPoolExecutor.java:624)
        at java.lang.Thread.run(Thread.java:750)
"Session-HouseKeeper-477ad3b6-1"  prio=5 tid=411 timed_waiting
java.lang.Thread.State: TIMED_WAITING
        at sun.misc.Unsafe.park(Native Method)
        at java.util.concurrent.locks.LockSupport.parkNanos(LockSupport.java:215)
        at java.util.concurrent.locks.AbstractQueuedSynchronizer$ConditionObject.awaitNanos(AbstractQueuedSynchronizer.java:2078)
        at java.util.concurrent.ScheduledThreadPoolExecutor$DelayedWorkQueue.take(ScheduledThreadPoolExecutor.java:1093)
        at java.util.concurrent.ScheduledThreadPoolExecutor$DelayedWorkQueue.take(ScheduledThreadPoolExecutor.java:809)
        at java.util.concurrent.ThreadPoolExecutor.getTask(ThreadPoolExecutor.java:1074)
        at java.util.concurrent.ThreadPoolExecutor.runWorker(ThreadPoolExecutor.java:1134)
        at java.util.concurrent.ThreadPoolExecutor$Worker.run(ThreadPoolExecutor.java:624)
        at java.lang.Thread.run(Thread.java:750)
"d25dc3b0-28fc-4383-b1a0-617845025f41-PipelineCommandHandlerThread-0"  prio=5 tid=910 in Object.wait()
java.lang.Thread.State: WAITING (on object monitor)
        at sun.misc.Unsafe.park(Native Method)
        at java.util.concurrent.locks.LockSupport.park(LockSupport.java:175)
        at java.util.concurrent.locks.AbstractQueuedSynchronizer$ConditionObject.await(AbstractQueuedSynchronizer.java:2039)
        at java.util.concurrent.LinkedBlockingQueue.take(LinkedBlockingQueue.java:442)
        at java.util.concurrent.ThreadPoolExecutor.getTask(ThreadPoolExecutor.java:1074)
        at java.util.concurrent.ThreadPoolExecutor.runWorker(ThreadPoolExecutor.java:1134)
        at java.util.concurrent.ThreadPoolExecutor$Worker.run(ThreadPoolExecutor.java:624)
        at java.lang.Thread.run(Thread.java:750)
"4e8f68d6-fd98-4f77-87e3-715939181693-PipelineCommandHandlerThread-0"  prio=5 tid=927 in Object.wait()
java.lang.Thread.State: WAITING (on object monitor)
        at sun.misc.Unsafe.park(Native Method)
        at java.util.concurrent.locks.LockSupport.park(LockSupport.java:175)
        at java.util.concurrent.locks.AbstractQueuedSynchronizer$ConditionObject.await(AbstractQueuedSynchronizer.java:2039)
        at java.util.concurrent.LinkedBlockingQueue.take(LinkedBlockingQueue.java:442)
        at java.util.concurrent.ThreadPoolExecutor.getTask(ThreadPoolExecutor.java:1074)
        at java.util.concurrent.ThreadPoolExecutor.runWorker(ThreadPoolExecutor.java:1134)
        at java.util.concurrent.ThreadPoolExecutor$Worker.run(ThreadPoolExecutor.java:624)
        at java.lang.Thread.run(Thread.java:750)
"pool-89-thread-1"  prio=5 tid=437 timed_waiting
java.lang.Thread.State: TIMED_WAITING
        at sun.misc.Unsafe.park(Native Method)
        at java.util.concurrent.locks.LockSupport.parkNanos(LockSupport.java:215)
        at java.util.concurrent.locks.AbstractQueuedSynchronizer$ConditionObject.awaitNanos(AbstractQueuedSynchronizer.java:2078)
        at java.util.concurrent.ScheduledThreadPoolExecutor$DelayedWorkQueue.take(ScheduledThreadPoolExecutor.java:1093)
        at java.util.concurrent.ScheduledThreadPoolExecutor$DelayedWorkQueue.take(ScheduledThreadPoolExecutor.java:809)
        at java.util.concurrent.ThreadPoolExecutor.getTask(ThreadPoolExecutor.java:1074)
        at java.util.concurrent.ThreadPoolExecutor.runWorker(ThreadPoolExecutor.java:1134)
        at java.util.concurrent.ThreadPoolExecutor$Worker.run(ThreadPoolExecutor.java:624)
        at java.lang.Thread.run(Thread.java:750)
"IPC Server handler 43 on default port 15001" daemon prio=5 tid=197 timed_waiting
java.lang.Thread.State: TIMED_WAITING
        at sun.misc.Unsafe.park(Native Method)
        at java.util.concurrent.locks.LockSupport.parkNanos(LockSupport.java:215)
        at java.util.concurrent.locks.AbstractQueuedSynchronizer$ConditionObject.awaitNanos(AbstractQueuedSynchronizer.java:2078)
        at java.util.concurrent.LinkedBlockingQueue.poll(LinkedBlockingQueue.java:467)
        at org.apache.hadoop.ipc.CallQueueManager.take(CallQueueManager.java:317)
        at org.apache.hadoop.ipc.Server$Handler.run(Server.java:3014)
"Socket Reader #1 for port 15073"  prio=5 tid=2055 runnable
java.lang.Thread.State: RUNNABLE
        at sun.nio.ch.EPollArrayWrapper.epollWait(Native Method)
        at sun.nio.ch.EPollArrayWrapper.poll(EPollArrayWrapper.java:269)
        at sun.nio.ch.EPollSelectorImpl.doSelect(EPollSelectorImpl.java:93)
        at sun.nio.ch.SelectorImpl.lockAndDoSelect(SelectorImpl.java:86)
        at sun.nio.ch.SelectorImpl.select(SelectorImpl.java:97)
        at sun.nio.ch.SelectorImpl.select(SelectorImpl.java:101)
        at org.apache.hadoop.ipc.Server$Listener$Reader.doRunLoop(Server.java:1346)
        at org.apache.hadoop.ipc.Server$Listener$Reader.run(Server.java:1325)
"IPC Server handler 57 on default port 15002" daemon prio=5 tid=311 timed_waiting
java.lang.Thread.State: TIMED_WAITING
        at sun.misc.Unsafe.park(Native Method)
        at java.util.concurrent.locks.LockSupport.parkNanos(LockSupport.java:215)
        at java.util.concurrent.locks.AbstractQueuedSynchronizer$ConditionObject.awaitNanos(AbstractQueuedSynchronizer.java:2078)
        at java.util.concurrent.LinkedBlockingQueue.poll(LinkedBlockingQueue.java:467)
        at org.apache.hadoop.ipc.CallQueueManager.take(CallQueueManager.java:317)
        at org.apache.hadoop.ipc.Server$Handler.run(Server.java:3014)
"4e8f68d6-fd98-4f77-87e3-715939181693-ChunkWriter-3-0" daemon prio=5 tid=774 in Object.wait()
java.lang.Thread.State: WAITING (on object monitor)
        at sun.misc.Unsafe.park(Native Method)
        at java.util.concurrent.locks.LockSupport.park(LockSupport.java:175)
        at java.util.concurrent.locks.AbstractQueuedSynchronizer$ConditionObject.await(AbstractQueuedSynchronizer.java:2039)
        at java.util.concurrent.LinkedBlockingDeque.takeFirst(LinkedBlockingDeque.java:492)
        at java.util.concurrent.LinkedBlockingDeque.take(LinkedBlockingDeque.java:680)
        at java.util.concurrent.ThreadPoolExecutor.getTask(ThreadPoolExecutor.java:1074)
        at java.util.concurrent.ThreadPoolExecutor.runWorker(ThreadPoolExecutor.java:1134)
        at java.util.concurrent.ThreadPoolExecutor$Worker.run(ThreadPoolExecutor.java:624)
        at java.lang.Thread.run(Thread.java:750)
"IPC Server handler 63 on default port 15002" daemon prio=5 tid=317 timed_waiting
java.lang.Thread.State: TIMED_WAITING
        at sun.misc.Unsafe.park(Native Method)
        at java.util.concurrent.locks.LockSupport.parkNanos(LockSupport.java:215)
        at java.util.concurrent.locks.AbstractQueuedSynchronizer$ConditionObject.awaitNanos(AbstractQueuedSynchronizer.java:2078)
        at java.util.concurrent.LinkedBlockingQueue.poll(LinkedBlockingQueue.java:467)
        at org.apache.hadoop.ipc.CallQueueManager.take(CallQueueManager.java:317)
        at org.apache.hadoop.ipc.Server$Handler.run(Server.java:3014)
"IPC Server listener on 15091" daemon prio=5 tid=701 runnable
java.lang.Thread.State: RUNNABLE
        at sun.nio.ch.EPollArrayWrapper.epollWait(Native Method)
        at sun.nio.ch.EPollArrayWrapper.poll(EPollArrayWrapper.java:269)
        at sun.nio.ch.EPollSelectorImpl.doSelect(EPollSelectorImpl.java:93)
        at sun.nio.ch.SelectorImpl.lockAndDoSelect(SelectorImpl.java:86)
        at sun.nio.ch.SelectorImpl.select(SelectorImpl.java:97)
        at sun.nio.ch.SelectorImpl.select(SelectorImpl.java:101)
        at org.apache.hadoop.ipc.Server$Listener.run(Server.java:1408)
"e46a6e51-795f-4801-a523-c45a6c7f2c34-ChunkWriter-3-0" daemon prio=5 tid=726 in Object.wait()
java.lang.Thread.State: WAITING (on object monitor)
        at sun.misc.Unsafe.park(Native Method)
        at java.util.concurrent.locks.LockSupport.park(LockSupport.java:175)
        at java.util.concurrent.locks.AbstractQueuedSynchronizer$ConditionObject.await(AbstractQueuedSynchronizer.java:2039)
        at java.util.concurrent.LinkedBlockingDeque.takeFirst(LinkedBlockingDeque.java:492)
        at java.util.concurrent.LinkedBlockingDeque.take(LinkedBlockingDeque.java:680)
        at java.util.concurrent.ThreadPoolExecutor.getTask(ThreadPoolExecutor.java:1074)
        at java.util.concurrent.ThreadPoolExecutor.runWorker(ThreadPoolExecutor.java:1134)
        at java.util.concurrent.ThreadPoolExecutor$Worker.run(ThreadPoolExecutor.java:624)
        at java.lang.Thread.run(Thread.java:750)
"4e8f68d6-fd98-4f77-87e3-715939181693@group-C11F3E838557-StateMachineUpdater" daemon prio=5 tid=1407 timed_waiting
java.lang.Thread.State: TIMED_WAITING
        at sun.misc.Unsafe.park(Native Method)
        at java.util.concurrent.locks.LockSupport.parkNanos(LockSupport.java:215)
        at java.util.concurrent.locks.AbstractQueuedSynchronizer$ConditionObject.await(AbstractQueuedSynchronizer.java:2163)
        at org.apache.ratis.util.AwaitForSignal.await(AwaitForSignal.java:65)
        at org.apache.ratis.server.impl.StateMachineUpdater.waitForCommit(StateMachineUpdater.java:211)
        at org.apache.ratis.server.impl.StateMachineUpdater.run(StateMachineUpdater.java:180)
        at java.lang.Thread.run(Thread.java:750)
"org.apache.hadoop.ozone.container.common.statemachine.commandhandler.DeleteBlocksCommandHandler$DeleteCmdWorker@6f2b9d66" daemon prio=5 tid=578 timed_waiting
java.lang.Thread.State: TIMED_WAITING
        at java.lang.Thread.sleep(Native Method)
        at org.apache.hadoop.ozone.container.common.statemachine.commandhandler.DeleteBlocksCommandHandler$DeleteCmdWorker.run(DeleteBlocksCommandHandler.java:259)
        at java.lang.Thread.run(Thread.java:750)
"4e8f68d6-fd98-4f77-87e3-715939181693-groupManagement"  prio=5 tid=928 in Object.wait()
java.lang.Thread.State: WAITING (on object monitor)
        at sun.misc.Unsafe.park(Native Method)
        at java.util.concurrent.locks.LockSupport.park(LockSupport.java:175)
        at java.util.concurrent.locks.AbstractQueuedSynchronizer$ConditionObject.await(AbstractQueuedSynchronizer.java:2039)
        at java.util.concurrent.LinkedBlockingQueue.take(LinkedBlockingQueue.java:442)
        at java.util.concurrent.ThreadPoolExecutor.getTask(ThreadPoolExecutor.java:1074)
        at java.util.concurrent.ThreadPoolExecutor.runWorker(ThreadPoolExecutor.java:1134)
        at java.util.concurrent.ThreadPoolExecutor$Worker.run(ThreadPoolExecutor.java:624)
        at java.lang.Thread.run(Thread.java:750)
"4e8f68d6-fd98-4f77-87e3-715939181693-PeriodicHDDSVolumeChecker" daemon prio=5 tid=768 timed_waiting
java.lang.Thread.State: TIMED_WAITING
        at sun.misc.Unsafe.park(Native Method)
        at java.util.concurrent.locks.LockSupport.parkNanos(LockSupport.java:215)
        at java.util.concurrent.locks.AbstractQueuedSynchronizer$ConditionObject.awaitNanos(AbstractQueuedSynchronizer.java:2078)
        at java.util.concurrent.ScheduledThreadPoolExecutor$DelayedWorkQueue.take(ScheduledThreadPoolExecutor.java:1093)
        at java.util.concurrent.ScheduledThreadPoolExecutor$DelayedWorkQueue.take(ScheduledThreadPoolExecutor.java:809)
        at java.util.concurrent.ThreadPoolExecutor.getTask(ThreadPoolExecutor.java:1074)
        at java.util.concurrent.ThreadPoolExecutor.runWorker(ThreadPoolExecutor.java:1134)
        at java.util.concurrent.ThreadPoolExecutor$Worker.run(ThreadPoolExecutor.java:624)
        at java.lang.Thread.run(Thread.java:750)
"4e8f68d6-fd98-4f77-87e3-715939181693-NettyServerStreamRpc-bossGroup--thread1"  prio=5 tid=518 runnable
java.lang.Thread.State: RUNNABLE
        at org.apache.ratis.thirdparty.io.netty.channel.epoll.Native.epollWait(Native Method)
        at org.apache.ratis.thirdparty.io.netty.channel.epoll.Native.epollWait(Native.java:209)
        at org.apache.ratis.thirdparty.io.netty.channel.epoll.Native.epollWait(Native.java:202)
        at org.apache.ratis.thirdparty.io.netty.channel.epoll.EpollEventLoop.epollWaitNoTimerChange(EpollEventLoop.java:316)
        at org.apache.ratis.thirdparty.io.netty.channel.epoll.EpollEventLoop.run(EpollEventLoop.java:373)
        at org.apache.ratis.thirdparty.io.netty.util.concurrent.SingleThreadEventExecutor$4.run(SingleThreadEventExecutor.java:997)
        at org.apache.ratis.thirdparty.io.netty.util.internal.ThreadExecutorMap$2.run(ThreadExecutorMap.java:74)
        at java.lang.Thread.run(Thread.java:750)
"IPC Server handler 34 on default port 15001" daemon prio=5 tid=188 timed_waiting
java.lang.Thread.State: TIMED_WAITING
        at sun.misc.Unsafe.park(Native Method)
        at java.util.concurrent.locks.LockSupport.parkNanos(LockSupport.java:215)
        at java.util.concurrent.locks.AbstractQueuedSynchronizer$ConditionObject.awaitNanos(AbstractQueuedSynchronizer.java:2078)
        at java.util.concurrent.LinkedBlockingQueue.poll(LinkedBlockingQueue.java:467)
        at org.apache.hadoop.ipc.CallQueueManager.take(CallQueueManager.java:317)
        at org.apache.hadoop.ipc.Server$Handler.run(Server.java:3014)
"e780b093-7242-46d7-bd8f-0f810188c7b3@group-383C4AAD3A78-SegmentedRaftLogWorker"  prio=5 tid=1095 timed_waiting
java.lang.Thread.State: TIMED_WAITING
        at sun.misc.Unsafe.park(Native Method)
        at java.util.concurrent.locks.LockSupport.parkNanos(LockSupport.java:215)
        at java.util.concurrent.locks.AbstractQueuedSynchronizer$ConditionObject.awaitNanos(AbstractQueuedSynchronizer.java:2078)
        at org.apache.ratis.util.DataBlockingQueue.poll(DataBlockingQueue.java:148)
        at org.apache.ratis.server.raftlog.segmented.SegmentedRaftLogWorker.run(SegmentedRaftLogWorker.java:299)
        at org.apache.ratis.server.raftlog.segmented.SegmentedRaftLogWorker$$Lambda$913/1052546256.run(Unknown Source)
        at java.util.concurrent.Executors$RunnableAdapter.call(Executors.java:511)
        at java.util.concurrent.FutureTask.run(FutureTask.java:266)
        at java.util.concurrent.ThreadPoolExecutor.runWorker(ThreadPoolExecutor.java:1149)
        at java.util.concurrent.ThreadPoolExecutor$Worker.run(ThreadPoolExecutor.java:624)
        at java.lang.Thread.run(Thread.java:750)
"IPC Server listener on 15028" daemon prio=5 tid=503 runnable
java.lang.Thread.State: RUNNABLE
        at sun.nio.ch.EPollArrayWrapper.epollWait(Native Method)
        at sun.nio.ch.EPollArrayWrapper.poll(EPollArrayWrapper.java:269)
        at sun.nio.ch.EPollSelectorImpl.doSelect(EPollSelectorImpl.java:93)
        at sun.nio.ch.SelectorImpl.lockAndDoSelect(SelectorImpl.java:86)
        at sun.nio.ch.SelectorImpl.select(SelectorImpl.java:97)
        at sun.nio.ch.SelectorImpl.select(SelectorImpl.java:101)
        at org.apache.hadoop.ipc.Server$Listener.run(Server.java:1408)
"JvmPauseMonitor0" daemon prio=5 tid=356 timed_waiting
java.lang.Thread.State: TIMED_WAITING
        at java.lang.Thread.sleep(Native Method)
        at java.lang.Thread.sleep(Thread.java:342)
        at java.util.concurrent.TimeUnit.sleep(TimeUnit.java:386)
        at org.apache.ratis.util.TimeDuration.sleep(TimeDuration.java:353)
        at org.apache.ratis.util.TimeDuration.sleep(TimeDuration.java:338)
        at org.apache.ratis.util.JvmPauseMonitor.detectPause(JvmPauseMonitor.java:160)
        at org.apache.ratis.util.JvmPauseMonitor.run(JvmPauseMonitor.java:149)
        at org.apache.ratis.util.JvmPauseMonitor$$Lambda$549/1343642221.run(Unknown Source)
        at java.lang.Thread.run(Thread.java:750)
"e46a6e51-795f-4801-a523-c45a6c7f2c34@group-C11F3E838557-SegmentedRaftLogWorker"  prio=5 tid=1411 timed_waiting
java.lang.Thread.State: TIMED_WAITING
        at sun.misc.Unsafe.park(Native Method)
        at java.util.concurrent.locks.LockSupport.parkNanos(LockSupport.java:215)
        at java.util.concurrent.locks.AbstractQueuedSynchronizer$ConditionObject.awaitNanos(AbstractQueuedSynchronizer.java:2078)
        at org.apache.ratis.util.DataBlockingQueue.poll(DataBlockingQueue.java:148)
        at org.apache.ratis.server.raftlog.segmented.SegmentedRaftLogWorker.run(SegmentedRaftLogWorker.java:299)
        at org.apache.ratis.server.raftlog.segmented.SegmentedRaftLogWorker$$Lambda$913/1052546256.run(Unknown Source)
        at java.util.concurrent.Executors$RunnableAdapter.call(Executors.java:511)
        at java.util.concurrent.FutureTask.run(FutureTask.java:266)
        at java.util.concurrent.ThreadPoolExecutor.runWorker(ThreadPoolExecutor.java:1149)
        at java.util.concurrent.ThreadPoolExecutor$Worker.run(ThreadPoolExecutor.java:624)
        at java.lang.Thread.run(Thread.java:750)
"e46a6e51-795f-4801-a523-c45a6c7f2c34-BlockDeletingService#2" daemon prio=5 tid=2352 in Object.wait()
java.lang.Thread.State: WAITING (on object monitor)
        at sun.misc.Unsafe.park(Native Method)
        at java.util.concurrent.locks.LockSupport.park(LockSupport.java:175)
        at java.util.concurrent.locks.AbstractQueuedSynchronizer$ConditionObject.await(AbstractQueuedSynchronizer.java:2039)
        at java.util.concurrent.ScheduledThreadPoolExecutor$DelayedWorkQueue.take(ScheduledThreadPoolExecutor.java:1088)
        at java.util.concurrent.ScheduledThreadPoolExecutor$DelayedWorkQueue.take(ScheduledThreadPoolExecutor.java:809)
        at java.util.concurrent.ThreadPoolExecutor.getTask(ThreadPoolExecutor.java:1074)
        at java.util.concurrent.ThreadPoolExecutor.runWorker(ThreadPoolExecutor.java:1134)
        at java.util.concurrent.ThreadPoolExecutor$Worker.run(ThreadPoolExecutor.java:624)
        at java.lang.Thread.run(Thread.java:750)
"EventQueue-NodeRegistrationContainerReportForContainerSafeModeRule" daemon prio=5 tid=878 in Object.wait()
java.lang.Thread.State: WAITING (on object monitor)
        at sun.misc.Unsafe.park(Native Method)
        at java.util.concurrent.locks.LockSupport.park(LockSupport.java:175)
        at java.util.concurrent.locks.AbstractQueuedSynchronizer$ConditionObject.await(AbstractQueuedSynchronizer.java:2039)
        at java.util.concurrent.LinkedBlockingQueue.take(LinkedBlockingQueue.java:442)
        at java.util.concurrent.ThreadPoolExecutor.getTask(ThreadPoolExecutor.java:1074)
        at java.util.concurrent.ThreadPoolExecutor.runWorker(ThreadPoolExecutor.java:1134)
        at java.util.concurrent.ThreadPoolExecutor$Worker.run(ThreadPoolExecutor.java:624)
        at java.lang.Thread.run(Thread.java:750)
"IPC Server handler 95 on default port 15000" daemon prio=5 tid=149 timed_waiting
java.lang.Thread.State: TIMED_WAITING
        at sun.misc.Unsafe.park(Native Method)
        at java.util.concurrent.locks.LockSupport.parkNanos(LockSupport.java:215)
        at java.util.concurrent.locks.AbstractQueuedSynchronizer$ConditionObject.awaitNanos(AbstractQueuedSynchronizer.java:2078)
        at java.util.concurrent.LinkedBlockingQueue.poll(LinkedBlockingQueue.java:467)
        at org.apache.hadoop.ipc.CallQueueManager.take(CallQueueManager.java:317)
        at org.apache.hadoop.ipc.Server$Handler.run(Server.java:3014)
"4e8f68d6-fd98-4f77-87e3-715939181693-server-thread2" daemon prio=5 tid=1871 timed_waiting
java.lang.Thread.State: TIMED_WAITING
        at sun.misc.Unsafe.park(Native Method)
        at java.util.concurrent.locks.LockSupport.parkNanos(LockSupport.java:215)
        at java.util.concurrent.SynchronousQueue$TransferStack.awaitFulfill(SynchronousQueue.java:460)
        at java.util.concurrent.SynchronousQueue$TransferStack.transfer(SynchronousQueue.java:362)
        at java.util.concurrent.SynchronousQueue.poll(SynchronousQueue.java:941)
        at java.util.concurrent.ThreadPoolExecutor.getTask(ThreadPoolExecutor.java:1073)
        at java.util.concurrent.ThreadPoolExecutor.runWorker(ThreadPoolExecutor.java:1134)
        at java.util.concurrent.ThreadPoolExecutor$Worker.run(ThreadPoolExecutor.java:624)
        at java.lang.Thread.run(Thread.java:750)
"c30fedce-f286-40e0-881d-3d5a9a6e2463-ChunkReader-1" daemon prio=5 tid=1609 in Object.wait()
java.lang.Thread.State: WAITING (on object monitor)
        at sun.misc.Unsafe.park(Native Method)
        at java.util.concurrent.locks.LockSupport.park(LockSupport.java:175)
        at java.util.concurrent.locks.AbstractQueuedSynchronizer$ConditionObject.await(AbstractQueuedSynchronizer.java:2039)
        at java.util.concurrent.LinkedBlockingQueue.take(LinkedBlockingQueue.java:442)
        at java.util.concurrent.ThreadPoolExecutor.getTask(ThreadPoolExecutor.java:1074)
        at java.util.concurrent.ThreadPoolExecutor.runWorker(ThreadPoolExecutor.java:1134)
        at java.util.concurrent.ThreadPoolExecutor$Worker.run(ThreadPoolExecutor.java:624)
        at java.lang.Thread.run(Thread.java:750)
"13f92446-3b18-4d81-bc66-0f9b00220e72-ChunkWriter-1-0" daemon prio=5 tid=2075 in Object.wait()
java.lang.Thread.State: WAITING (on object monitor)
        at sun.misc.Unsafe.park(Native Method)
        at java.util.concurrent.locks.LockSupport.park(LockSupport.java:175)
        at java.util.concurrent.locks.AbstractQueuedSynchronizer$ConditionObject.await(AbstractQueuedSynchronizer.java:2039)
        at java.util.concurrent.LinkedBlockingDeque.takeFirst(LinkedBlockingDeque.java:492)
        at java.util.concurrent.LinkedBlockingDeque.take(LinkedBlockingDeque.java:680)
        at java.util.concurrent.ThreadPoolExecutor.getTask(ThreadPoolExecutor.java:1074)
        at java.util.concurrent.ThreadPoolExecutor.runWorker(ThreadPoolExecutor.java:1134)
        at java.util.concurrent.ThreadPoolExecutor$Worker.run(ThreadPoolExecutor.java:624)
        at java.lang.Thread.run(Thread.java:750)
"86ab988c-fa9c-425d-a1c6-9004ff7fd93d@group-1944BBB8D763-LeaderStateImpl" daemon prio=5 tid=1824 timed_waiting
java.lang.Thread.State: TIMED_WAITING
        at sun.misc.Unsafe.park(Native Method)
        at java.util.concurrent.locks.LockSupport.parkNanos(LockSupport.java:215)
        at java.util.concurrent.locks.AbstractQueuedSynchronizer$ConditionObject.awaitNanos(AbstractQueuedSynchronizer.java:2078)
        at java.util.concurrent.ArrayBlockingQueue.poll(ArrayBlockingQueue.java:418)
        at org.apache.ratis.server.impl.LeaderStateImpl$EventQueue.poll(LeaderStateImpl.java:164)
        at org.apache.ratis.server.impl.LeaderStateImpl$EventProcessor.run(LeaderStateImpl.java:762)
"IPC Server idle connection scanner for port 15046" daemon prio=5 tid=563 timed_waiting
java.lang.Thread.State: TIMED_WAITING
        at java.lang.Object.wait(Native Method)
        at java.util.TimerThread.mainLoop(Timer.java:552)
        at java.util.TimerThread.run(Timer.java:505)
"StaleRecoveringContainerScrubbingService#4" daemon prio=5 tid=2116 in Object.wait()
java.lang.Thread.State: WAITING (on object monitor)
        at sun.misc.Unsafe.park(Native Method)
        at java.util.concurrent.locks.LockSupport.park(LockSupport.java:175)
        at java.util.concurrent.locks.AbstractQueuedSynchronizer$ConditionObject.await(AbstractQueuedSynchronizer.java:2039)
        at java.util.concurrent.ScheduledThreadPoolExecutor$DelayedWorkQueue.take(ScheduledThreadPoolExecutor.java:1088)
        at java.util.concurrent.ScheduledThreadPoolExecutor$DelayedWorkQueue.take(ScheduledThreadPoolExecutor.java:809)
        at java.util.concurrent.ThreadPoolExecutor.getTask(ThreadPoolExecutor.java:1074)
        at java.util.concurrent.ThreadPoolExecutor.runWorker(ThreadPoolExecutor.java:1134)
        at java.util.concurrent.ThreadPoolExecutor$Worker.run(ThreadPoolExecutor.java:624)
        at java.lang.Thread.run(Thread.java:750)
"IPC Server handler 7 on default port 15004" daemon prio=5 tid=419 timed_waiting
java.lang.Thread.State: TIMED_WAITING
        at sun.misc.Unsafe.park(Native Method)
        at java.util.concurrent.locks.LockSupport.parkNanos(LockSupport.java:215)
        at java.util.concurrent.locks.AbstractQueuedSynchronizer$ConditionObject.awaitNanos(AbstractQueuedSynchronizer.java:2078)
        at java.util.concurrent.LinkedBlockingQueue.poll(LinkedBlockingQueue.java:467)
        at org.apache.hadoop.ipc.CallQueueManager.take(CallQueueManager.java:317)
        at org.apache.hadoop.ipc.Server$Handler.run(Server.java:3014)
"e780b093-7242-46d7-bd8f-0f810188c7b3-DatanodeStateMachineTaskThread-1"  prio=5 tid=861 in Object.wait()
java.lang.Thread.State: WAITING (on object monitor)
        at sun.misc.Unsafe.park(Native Method)
        at java.util.concurrent.locks.LockSupport.park(LockSupport.java:175)
        at java.util.concurrent.locks.AbstractQueuedSynchronizer$ConditionObject.await(AbstractQueuedSynchronizer.java:2039)
        at java.util.concurrent.LinkedBlockingQueue.take(LinkedBlockingQueue.java:442)
        at java.util.concurrent.ThreadPoolExecutor.getTask(ThreadPoolExecutor.java:1074)
        at java.util.concurrent.ThreadPoolExecutor.runWorker(ThreadPoolExecutor.java:1134)
        at java.util.concurrent.ThreadPoolExecutor$Worker.run(ThreadPoolExecutor.java:624)
        at java.lang.Thread.run(Thread.java:750)
"IPC Server handler 5 on default port 15000" daemon prio=5 tid=59 timed_waiting
java.lang.Thread.State: TIMED_WAITING
        at sun.misc.Unsafe.park(Native Method)
        at java.util.concurrent.locks.LockSupport.parkNanos(LockSupport.java:215)
        at java.util.concurrent.locks.AbstractQueuedSynchronizer$ConditionObject.awaitNanos(AbstractQueuedSynchronizer.java:2078)
        at java.util.concurrent.LinkedBlockingQueue.poll(LinkedBlockingQueue.java:467)
        at org.apache.hadoop.ipc.CallQueueManager.take(CallQueueManager.java:317)
        at org.apache.hadoop.ipc.Server$Handler.run(Server.java:3014)
"IPC Server handler 41 on default port 15001" daemon prio=5 tid=195 timed_waiting
java.lang.Thread.State: TIMED_WAITING
        at sun.misc.Unsafe.park(Native Method)
        at java.util.concurrent.locks.LockSupport.parkNanos(LockSupport.java:215)
        at java.util.concurrent.locks.AbstractQueuedSynchronizer$ConditionObject.awaitNanos(AbstractQueuedSynchronizer.java:2078)
        at java.util.concurrent.LinkedBlockingQueue.poll(LinkedBlockingQueue.java:467)
        at org.apache.hadoop.ipc.CallQueueManager.take(CallQueueManager.java:317)
        at org.apache.hadoop.ipc.Server$Handler.run(Server.java:3014)
"IPC Server listener on 15055" daemon prio=5 tid=589 runnable
java.lang.Thread.State: RUNNABLE
        at sun.nio.ch.EPollArrayWrapper.epollWait(Native Method)
        at sun.nio.ch.EPollArrayWrapper.poll(EPollArrayWrapper.java:269)
        at sun.nio.ch.EPollSelectorImpl.doSelect(EPollSelectorImpl.java:93)
        at sun.nio.ch.SelectorImpl.lockAndDoSelect(SelectorImpl.java:86)
        at sun.nio.ch.SelectorImpl.select(SelectorImpl.java:97)
        at sun.nio.ch.SelectorImpl.select(SelectorImpl.java:101)
        at org.apache.hadoop.ipc.Server$Listener.run(Server.java:1408)
"om1-OMDoubleBufferFlushThread" daemon prio=5 tid=375 timed_waiting
java.lang.Thread.State: TIMED_WAITING
        at java.lang.Object.wait(Native Method)
        at org.apache.hadoop.ozone.om.ratis.OzoneManagerDoubleBuffer.canFlush(OzoneManagerDoubleBuffer.java:567)
        at org.apache.hadoop.ozone.om.ratis.OzoneManagerDoubleBuffer.flushTransactions(OzoneManagerDoubleBuffer.java:291)
        at org.apache.hadoop.ozone.om.ratis.OzoneManagerDoubleBuffer$$Lambda$703/519223279.run(Unknown Source)
        at java.lang.Thread.run(Thread.java:750)
"IPC Server handler 22 on default port 15001" daemon prio=5 tid=176 timed_waiting
java.lang.Thread.State: TIMED_WAITING
        at sun.misc.Unsafe.park(Native Method)
        at java.util.concurrent.locks.LockSupport.parkNanos(LockSupport.java:215)
        at java.util.concurrent.locks.AbstractQueuedSynchronizer$ConditionObject.awaitNanos(AbstractQueuedSynchronizer.java:2078)
        at java.util.concurrent.LinkedBlockingQueue.poll(LinkedBlockingQueue.java:467)
        at org.apache.hadoop.ipc.CallQueueManager.take(CallQueueManager.java:317)
        at org.apache.hadoop.ipc.Server$Handler.run(Server.java:3014)
"org.apache.hadoop.ozone.container.common.statemachine.commandhandler.DeleteBlocksCommandHandler$DeleteCmdWorker@15e7833d" daemon prio=5 tid=550 timed_waiting
java.lang.Thread.State: TIMED_WAITING
        at java.lang.Thread.sleep(Native Method)
        at org.apache.hadoop.ozone.container.common.statemachine.commandhandler.DeleteBlocksCommandHandler$DeleteCmdWorker.run(DeleteBlocksCommandHandler.java:259)
        at java.lang.Thread.run(Thread.java:750)
"IPC Server handler 41 on default port 15002" daemon prio=5 tid=295 timed_waiting
java.lang.Thread.State: TIMED_WAITING
        at sun.misc.Unsafe.park(Native Method)
        at java.util.concurrent.locks.LockSupport.parkNanos(LockSupport.java:215)
        at java.util.concurrent.locks.AbstractQueuedSynchronizer$ConditionObject.awaitNanos(AbstractQueuedSynchronizer.java:2078)
        at java.util.concurrent.LinkedBlockingQueue.poll(LinkedBlockingQueue.java:467)
        at org.apache.hadoop.ipc.CallQueueManager.take(CallQueueManager.java:317)
        at org.apache.hadoop.ipc.Server$Handler.run(Server.java:3014)
"StaleRecoveringContainerScrubbingService#3" daemon prio=5 tid=1998 in Object.wait()
java.lang.Thread.State: WAITING (on object monitor)
        at sun.misc.Unsafe.park(Native Method)
        at java.util.concurrent.locks.LockSupport.park(LockSupport.java:175)
        at java.util.concurrent.locks.AbstractQueuedSynchronizer$ConditionObject.await(AbstractQueuedSynchronizer.java:2039)
        at java.util.concurrent.ScheduledThreadPoolExecutor$DelayedWorkQueue.take(ScheduledThreadPoolExecutor.java:1088)
        at java.util.concurrent.ScheduledThreadPoolExecutor$DelayedWorkQueue.take(ScheduledThreadPoolExecutor.java:809)
        at java.util.concurrent.ThreadPoolExecutor.getTask(ThreadPoolExecutor.java:1074)
        at java.util.concurrent.ThreadPoolExecutor.runWorker(ThreadPoolExecutor.java:1134)
        at java.util.concurrent.ThreadPoolExecutor$Worker.run(ThreadPoolExecutor.java:624)
        at java.lang.Thread.run(Thread.java:750)
"dc26353c-d48a-467d-89cd-3a7c4b626396@group-89543CF42D33-cacheEviction-AwaitToRun" daemon prio=5 tid=1054 in Object.wait()
java.lang.Thread.State: WAITING (on object monitor)
        at sun.misc.Unsafe.park(Native Method)
        at java.util.concurrent.locks.LockSupport.park(LockSupport.java:175)
        at java.util.concurrent.locks.AbstractQueuedSynchronizer$ConditionObject.await(AbstractQueuedSynchronizer.java:2039)
        at org.apache.ratis.util.AwaitForSignal.await(AwaitForSignal.java:48)
        at org.apache.ratis.util.AwaitToRun$RunnableImpl.run(AwaitToRun.java:47)
        at java.lang.Thread.run(Thread.java:750)
"IPC Server handler 12 on default port 15001" daemon prio=5 tid=166 timed_waiting
java.lang.Thread.State: TIMED_WAITING
        at sun.misc.Unsafe.park(Native Method)
        at java.util.concurrent.locks.LockSupport.parkNanos(LockSupport.java:215)
        at java.util.concurrent.locks.AbstractQueuedSynchronizer$ConditionObject.awaitNanos(AbstractQueuedSynchronizer.java:2078)
        at java.util.concurrent.LinkedBlockingQueue.poll(LinkedBlockingQueue.java:467)
        at org.apache.hadoop.ipc.CallQueueManager.take(CallQueueManager.java:317)
        at org.apache.hadoop.ipc.Server$Handler.run(Server.java:3014)
"78f89d9b-e409-4704-890b-bfcfbcdfd28a@group-17BC54520CE5-StateMachineUpdater" daemon prio=5 tid=1330 timed_waiting
java.lang.Thread.State: TIMED_WAITING
        at sun.misc.Unsafe.park(Native Method)
        at java.util.concurrent.locks.LockSupport.parkNanos(LockSupport.java:215)
        at java.util.concurrent.locks.AbstractQueuedSynchronizer$ConditionObject.await(AbstractQueuedSynchronizer.java:2163)
        at org.apache.ratis.util.AwaitForSignal.await(AwaitForSignal.java:65)
        at org.apache.ratis.server.impl.StateMachineUpdater.waitForCommit(StateMachineUpdater.java:211)
        at org.apache.ratis.server.impl.StateMachineUpdater.run(StateMachineUpdater.java:180)
        at java.lang.Thread.run(Thread.java:750)
"IPC Server handler 2 on default port 15004" daemon prio=5 tid=414 timed_waiting
java.lang.Thread.State: TIMED_WAITING
        at sun.misc.Unsafe.park(Native Method)
        at java.util.concurrent.locks.LockSupport.parkNanos(LockSupport.java:215)
        at java.util.concurrent.locks.AbstractQueuedSynchronizer$ConditionObject.awaitNanos(AbstractQueuedSynchronizer.java:2078)
        at java.util.concurrent.LinkedBlockingQueue.poll(LinkedBlockingQueue.java:467)
        at org.apache.hadoop.ipc.CallQueueManager.take(CallQueueManager.java:317)
        at org.apache.hadoop.ipc.Server$Handler.run(Server.java:3014)
"dc26353c-d48a-467d-89cd-3a7c4b626396-DatanodeReportManager-2" daemon prio=5 tid=570 timed_waiting
java.lang.Thread.State: TIMED_WAITING
        at sun.misc.Unsafe.park(Native Method)
        at java.util.concurrent.locks.LockSupport.parkNanos(LockSupport.java:215)
        at java.util.concurrent.locks.AbstractQueuedSynchronizer$ConditionObject.awaitNanos(AbstractQueuedSynchronizer.java:2078)
        at java.util.concurrent.ScheduledThreadPoolExecutor$DelayedWorkQueue.take(ScheduledThreadPoolExecutor.java:1093)
        at java.util.concurrent.ScheduledThreadPoolExecutor$DelayedWorkQueue.take(ScheduledThreadPoolExecutor.java:809)
        at java.util.concurrent.ThreadPoolExecutor.getTask(ThreadPoolExecutor.java:1074)
        at java.util.concurrent.ThreadPoolExecutor.runWorker(ThreadPoolExecutor.java:1134)
        at java.util.concurrent.ThreadPoolExecutor$Worker.run(ThreadPoolExecutor.java:624)
        at java.lang.Thread.run(Thread.java:750)
"IPC Server handler 92 on default port 15001" daemon prio=5 tid=246 timed_waiting
java.lang.Thread.State: TIMED_WAITING
        at sun.misc.Unsafe.park(Native Method)
        at java.util.concurrent.locks.LockSupport.parkNanos(LockSupport.java:215)
        at java.util.concurrent.locks.AbstractQueuedSynchronizer$ConditionObject.awaitNanos(AbstractQueuedSynchronizer.java:2078)
        at java.util.concurrent.LinkedBlockingQueue.poll(LinkedBlockingQueue.java:467)
        at org.apache.hadoop.ipc.CallQueueManager.take(CallQueueManager.java:317)
        at org.apache.hadoop.ipc.Server$Handler.run(Server.java:3014)
"e780b093-7242-46d7-bd8f-0f810188c7b3-BlockDeletingService#3" daemon prio=5 tid=2418 in Object.wait()
java.lang.Thread.State: WAITING (on object monitor)
        at sun.misc.Unsafe.park(Native Method)
        at java.util.concurrent.locks.LockSupport.park(LockSupport.java:175)
        at java.util.concurrent.locks.AbstractQueuedSynchronizer$ConditionObject.await(AbstractQueuedSynchronizer.java:2039)
        at java.util.concurrent.ScheduledThreadPoolExecutor$DelayedWorkQueue.take(ScheduledThreadPoolExecutor.java:1088)
        at java.util.concurrent.ScheduledThreadPoolExecutor$DelayedWorkQueue.take(ScheduledThreadPoolExecutor.java:809)
        at java.util.concurrent.ThreadPoolExecutor.getTask(ThreadPoolExecutor.java:1074)
        at java.util.concurrent.ThreadPoolExecutor.runWorker(ThreadPoolExecutor.java:1134)
        at java.util.concurrent.ThreadPoolExecutor$Worker.run(ThreadPoolExecutor.java:624)
        at java.lang.Thread.run(Thread.java:750)
"78f89d9b-e409-4704-890b-bfcfbcdfd28a@group-68F6D74661CE-FollowerState" daemon prio=5 tid=2194 timed_waiting
java.lang.Thread.State: TIMED_WAITING
        at java.lang.Thread.sleep(Native Method)
        at java.lang.Thread.sleep(Thread.java:342)
        at java.util.concurrent.TimeUnit.sleep(TimeUnit.java:386)
        at org.apache.ratis.util.TimeDuration.sleep(TimeDuration.java:353)
        at org.apache.ratis.util.TimeDuration.sleep(TimeDuration.java:338)
        at org.apache.ratis.server.impl.FollowerState.run(FollowerState.java:128)
"13f92446-3b18-4d81-bc66-0f9b00220e72-ChunkReader-5" daemon prio=5 tid=2371 in Object.wait()
java.lang.Thread.State: WAITING (on object monitor)
        at sun.misc.Unsafe.park(Native Method)
        at java.util.concurrent.locks.LockSupport.park(LockSupport.java:175)
        at java.util.concurrent.locks.AbstractQueuedSynchronizer$ConditionObject.await(AbstractQueuedSynchronizer.java:2039)
        at java.util.concurrent.LinkedBlockingQueue.take(LinkedBlockingQueue.java:442)
        at java.util.concurrent.ThreadPoolExecutor.getTask(ThreadPoolExecutor.java:1074)
        at java.util.concurrent.ThreadPoolExecutor.runWorker(ThreadPoolExecutor.java:1134)
        at java.util.concurrent.ThreadPoolExecutor$Worker.run(ThreadPoolExecutor.java:624)
        at java.lang.Thread.run(Thread.java:750)
"dc26353c-d48a-467d-89cd-3a7c4b626396@group-F1C03574D52D-StateMachineUpdater" daemon prio=5 tid=952 timed_waiting
java.lang.Thread.State: TIMED_WAITING
        at sun.misc.Unsafe.park(Native Method)
        at java.util.concurrent.locks.LockSupport.parkNanos(LockSupport.java:215)
        at java.util.concurrent.locks.AbstractQueuedSynchronizer$ConditionObject.await(AbstractQueuedSynchronizer.java:2163)
        at org.apache.ratis.util.AwaitForSignal.await(AwaitForSignal.java:65)
        at org.apache.ratis.server.impl.StateMachineUpdater.waitForCommit(StateMachineUpdater.java:211)
        at org.apache.ratis.server.impl.StateMachineUpdater.run(StateMachineUpdater.java:180)
        at java.lang.Thread.run(Thread.java:750)
"e780b093-7242-46d7-bd8f-0f810188c7b3-ChunkReader-3" daemon prio=5 tid=1675 in Object.wait()
java.lang.Thread.State: WAITING (on object monitor)
        at sun.misc.Unsafe.park(Native Method)
        at java.util.concurrent.locks.LockSupport.park(LockSupport.java:175)
        at java.util.concurrent.locks.AbstractQueuedSynchronizer$ConditionObject.await(AbstractQueuedSynchronizer.java:2039)
        at java.util.concurrent.LinkedBlockingQueue.take(LinkedBlockingQueue.java:442)
        at java.util.concurrent.ThreadPoolExecutor.getTask(ThreadPoolExecutor.java:1074)
        at java.util.concurrent.ThreadPoolExecutor.runWorker(ThreadPoolExecutor.java:1134)
        at java.util.concurrent.ThreadPoolExecutor$Worker.run(ThreadPoolExecutor.java:624)
        at java.lang.Thread.run(Thread.java:750)
"86ab988c-fa9c-425d-a1c6-9004ff7fd93d@group-39057960C58A-cacheEviction-AwaitToRun" daemon prio=5 tid=1282 in Object.wait()
java.lang.Thread.State: WAITING (on object monitor)
        at sun.misc.Unsafe.park(Native Method)
        at java.util.concurrent.locks.LockSupport.park(LockSupport.java:175)
        at java.util.concurrent.locks.AbstractQueuedSynchronizer$ConditionObject.await(AbstractQueuedSynchronizer.java:2039)
        at org.apache.ratis.util.AwaitForSignal.await(AwaitForSignal.java:48)
        at org.apache.ratis.util.AwaitToRun$RunnableImpl.run(AwaitToRun.java:47)
        at java.lang.Thread.run(Thread.java:750)
"Attach Listener" daemon prio=9 tid=2239 runnable
java.lang.Thread.State: RUNNABLE
"c30fedce-f286-40e0-881d-3d5a9a6e2463-NettyServerStreamRpc-bossGroup--thread1"  prio=5 tid=604 runnable
java.lang.Thread.State: RUNNABLE
        at org.apache.ratis.thirdparty.io.netty.channel.epoll.Native.epollWait(Native Method)
        at org.apache.ratis.thirdparty.io.netty.channel.epoll.Native.epollWait(Native.java:209)
        at org.apache.ratis.thirdparty.io.netty.channel.epoll.Native.epollWait(Native.java:202)
        at org.apache.ratis.thirdparty.io.netty.channel.epoll.EpollEventLoop.epollWaitNoTimerChange(EpollEventLoop.java:316)
        at org.apache.ratis.thirdparty.io.netty.channel.epoll.EpollEventLoop.run(EpollEventLoop.java:373)
        at org.apache.ratis.thirdparty.io.netty.util.concurrent.SingleThreadEventExecutor$4.run(SingleThreadEventExecutor.java:997)
        at org.apache.ratis.thirdparty.io.netty.util.internal.ThreadExecutorMap$2.run(ThreadExecutorMap.java:74)
        at java.lang.Thread.run(Thread.java:750)
"c30fedce-f286-40e0-881d-3d5a9a6e2463@group-2DB48FF385FC-SegmentedRaftLogWorker"  prio=5 tid=1252 timed_waiting
java.lang.Thread.State: TIMED_WAITING
        at sun.misc.Unsafe.park(Native Method)
        at java.util.concurrent.locks.LockSupport.parkNanos(LockSupport.java:215)
        at java.util.concurrent.locks.AbstractQueuedSynchronizer$ConditionObject.awaitNanos(AbstractQueuedSynchronizer.java:2078)
        at org.apache.ratis.util.DataBlockingQueue.poll(DataBlockingQueue.java:148)
        at org.apache.ratis.server.raftlog.segmented.SegmentedRaftLogWorker.run(SegmentedRaftLogWorker.java:299)
        at org.apache.ratis.server.raftlog.segmented.SegmentedRaftLogWorker$$Lambda$913/1052546256.run(Unknown Source)
        at java.util.concurrent.Executors$RunnableAdapter.call(Executors.java:511)
        at java.util.concurrent.FutureTask.run(FutureTask.java:266)
        at java.util.concurrent.ThreadPoolExecutor.runWorker(ThreadPoolExecutor.java:1149)
        at java.util.concurrent.ThreadPoolExecutor$Worker.run(ThreadPoolExecutor.java:624)
        at java.lang.Thread.run(Thread.java:750)
"c30fedce-f286-40e0-881d-3d5a9a6e2463-DatanodeStateMachineTaskThread-0"  prio=5 tid=630 in Object.wait()
java.lang.Thread.State: WAITING (on object monitor)
        at sun.misc.Unsafe.park(Native Method)
        at java.util.concurrent.locks.LockSupport.park(LockSupport.java:175)
        at java.util.concurrent.locks.AbstractQueuedSynchronizer$ConditionObject.await(AbstractQueuedSynchronizer.java:2039)
        at java.util.concurrent.LinkedBlockingQueue.take(LinkedBlockingQueue.java:442)
        at java.util.concurrent.ThreadPoolExecutor.getTask(ThreadPoolExecutor.java:1074)
        at java.util.concurrent.ThreadPoolExecutor.runWorker(ThreadPoolExecutor.java:1134)
        at java.util.concurrent.ThreadPoolExecutor$Worker.run(ThreadPoolExecutor.java:624)
        at java.lang.Thread.run(Thread.java:750)
"IPC Server handler 76 on default port 15000" daemon prio=5 tid=130 timed_waiting
java.lang.Thread.State: TIMED_WAITING
        at sun.misc.Unsafe.park(Native Method)
        at java.util.concurrent.locks.LockSupport.parkNanos(LockSupport.java:215)
        at java.util.concurrent.locks.AbstractQueuedSynchronizer$ConditionObject.awaitNanos(AbstractQueuedSynchronizer.java:2078)
        at java.util.concurrent.LinkedBlockingQueue.poll(LinkedBlockingQueue.java:467)
        at org.apache.hadoop.ipc.CallQueueManager.take(CallQueueManager.java:317)
        at org.apache.hadoop.ipc.Server$Handler.run(Server.java:3014)
"IPC Server handler 43 on default port 15000" daemon prio=5 tid=97 timed_waiting
java.lang.Thread.State: TIMED_WAITING
        at sun.misc.Unsafe.park(Native Method)
        at java.util.concurrent.locks.LockSupport.parkNanos(LockSupport.java:215)
        at java.util.concurrent.locks.AbstractQueuedSynchronizer$ConditionObject.awaitNanos(AbstractQueuedSynchronizer.java:2078)
        at java.util.concurrent.LinkedBlockingQueue.poll(LinkedBlockingQueue.java:467)
        at org.apache.hadoop.ipc.CallQueueManager.take(CallQueueManager.java:317)
        at org.apache.hadoop.ipc.Server$Handler.run(Server.java:3014)
"IPC Server idle connection scanner for port 15082" daemon prio=5 tid=675 timed_waiting
java.lang.Thread.State: TIMED_WAITING
        at java.lang.Object.wait(Native Method)
        at java.util.TimerThread.mainLoop(Timer.java:552)
        at java.util.TimerThread.run(Timer.java:505)
"IPC Server handler 25 on default port 15002" daemon prio=5 tid=279 timed_waiting
java.lang.Thread.State: TIMED_WAITING
        at sun.misc.Unsafe.park(Native Method)
        at java.util.concurrent.locks.LockSupport.parkNanos(LockSupport.java:215)
        at java.util.concurrent.locks.AbstractQueuedSynchronizer$ConditionObject.awaitNanos(AbstractQueuedSynchronizer.java:2078)
        at java.util.concurrent.LinkedBlockingQueue.poll(LinkedBlockingQueue.java:467)
        at org.apache.hadoop.ipc.CallQueueManager.take(CallQueueManager.java:317)
        at org.apache.hadoop.ipc.Server$Handler.run(Server.java:3014)
"dc26353c-d48a-467d-89cd-3a7c4b626396-DatanodeReportManager-1" daemon prio=5 tid=569 in Object.wait()
java.lang.Thread.State: WAITING (on object monitor)
        at sun.misc.Unsafe.park(Native Method)
        at java.util.concurrent.locks.LockSupport.park(LockSupport.java:175)
        at java.util.concurrent.locks.AbstractQueuedSynchronizer$ConditionObject.await(AbstractQueuedSynchronizer.java:2039)
        at java.util.concurrent.ScheduledThreadPoolExecutor$DelayedWorkQueue.take(ScheduledThreadPoolExecutor.java:1088)
        at java.util.concurrent.ScheduledThreadPoolExecutor$DelayedWorkQueue.take(ScheduledThreadPoolExecutor.java:809)
        at java.util.concurrent.ThreadPoolExecutor.getTask(ThreadPoolExecutor.java:1074)
        at java.util.concurrent.ThreadPoolExecutor.runWorker(ThreadPoolExecutor.java:1134)
        at java.util.concurrent.ThreadPoolExecutor$Worker.run(ThreadPoolExecutor.java:624)
        at java.lang.Thread.run(Thread.java:750)
"surefire-forkedjvm-command-thread" daemon prio=5 tid=11 runnable
java.lang.Thread.State: RUNNABLE
        at java.io.FileInputStream.readBytes(Native Method)
        at java.io.FileInputStream.read(FileInputStream.java:255)
        at java.io.BufferedInputStream.read1(BufferedInputStream.java:284)
        at java.io.BufferedInputStream.read(BufferedInputStream.java:345)
        at java.io.BufferedInputStream.fill(BufferedInputStream.java:246)
        at java.io.BufferedInputStream.read1(BufferedInputStream.java:286)
        at java.io.BufferedInputStream.read(BufferedInputStream.java:345)
        at org.apache.maven.surefire.api.util.internal.Channels$3.readImpl(Channels.java:214)
        at org.apache.maven.surefire.api.util.internal.AbstractNoninterruptibleReadableChannel.read(AbstractNoninterruptibleReadableChannel.java:54)
        at org.apache.maven.surefire.booter.spi.LegacyMasterProcessChannelDecoder.decode(LegacyMasterProcessChannelDecoder.java:80)
        at org.apache.maven.surefire.booter.CommandReader$CommandRunnable.run(CommandReader.java:343)
        at java.lang.Thread.run(Thread.java:750)
"4e8f68d6-fd98-4f77-87e3-715939181693@group-89543CF42D33-StateMachineUpdater" daemon prio=5 tid=1039 timed_waiting
java.lang.Thread.State: TIMED_WAITING
        at sun.misc.Unsafe.park(Native Method)
        at java.util.concurrent.locks.LockSupport.parkNanos(LockSupport.java:215)
        at java.util.concurrent.locks.AbstractQueuedSynchronizer$ConditionObject.await(AbstractQueuedSynchronizer.java:2163)
        at org.apache.ratis.util.AwaitForSignal.await(AwaitForSignal.java:65)
        at org.apache.ratis.server.impl.StateMachineUpdater.waitForCommit(StateMachineUpdater.java:211)
        at org.apache.ratis.server.impl.StateMachineUpdater.run(StateMachineUpdater.java:180)
        at java.lang.Thread.run(Thread.java:750)
"86ab988c-fa9c-425d-a1c6-9004ff7fd93d-BlockDeletingService#0" daemon prio=5 tid=809 timed_waiting
java.lang.Thread.State: TIMED_WAITING
        at sun.misc.Unsafe.park(Native Method)
        at java.util.concurrent.locks.LockSupport.parkNanos(LockSupport.java:215)
        at java.util.concurrent.locks.AbstractQueuedSynchronizer$ConditionObject.awaitNanos(AbstractQueuedSynchronizer.java:2078)
        at java.util.concurrent.ScheduledThreadPoolExecutor$DelayedWorkQueue.take(ScheduledThreadPoolExecutor.java:1093)
        at java.util.concurrent.ScheduledThreadPoolExecutor$DelayedWorkQueue.take(ScheduledThreadPoolExecutor.java:809)
        at java.util.concurrent.ThreadPoolExecutor.getTask(ThreadPoolExecutor.java:1074)
        at java.util.concurrent.ThreadPoolExecutor.runWorker(ThreadPoolExecutor.java:1134)
        at java.util.concurrent.ThreadPoolExecutor$Worker.run(ThreadPoolExecutor.java:624)
        at java.lang.Thread.run(Thread.java:750)
"IPC Server handler 5 on default port 15001" daemon prio=5 tid=159 timed_waiting
java.lang.Thread.State: TIMED_WAITING
        at sun.misc.Unsafe.park(Native Method)
        at java.util.concurrent.locks.LockSupport.parkNanos(LockSupport.java:215)
        at java.util.concurrent.locks.AbstractQueuedSynchronizer$ConditionObject.awaitNanos(AbstractQueuedSynchronizer.java:2078)
        at java.util.concurrent.LinkedBlockingQueue.poll(LinkedBlockingQueue.java:467)
        at org.apache.hadoop.ipc.CallQueueManager.take(CallQueueManager.java:317)
        at org.apache.hadoop.ipc.Server$Handler.run(Server.java:3014)
"d25dc3b0-28fc-4383-b1a0-617845025f41@group-9D5BCF0FDB08-FollowerState" daemon prio=5 tid=1719 timed_waiting
java.lang.Thread.State: TIMED_WAITING
        at java.lang.Thread.sleep(Native Method)
        at java.lang.Thread.sleep(Thread.java:342)
        at java.util.concurrent.TimeUnit.sleep(TimeUnit.java:386)
        at org.apache.ratis.util.TimeDuration.sleep(TimeDuration.java:353)
        at org.apache.ratis.util.TimeDuration.sleep(TimeDuration.java:338)
        at org.apache.ratis.server.impl.FollowerState.run(FollowerState.java:128)
"StaleRecoveringContainerScrubbingService#1" daemon prio=5 tid=2107 in Object.wait()
java.lang.Thread.State: WAITING (on object monitor)
        at sun.misc.Unsafe.park(Native Method)
        at java.util.concurrent.locks.LockSupport.park(LockSupport.java:175)
        at java.util.concurrent.locks.AbstractQueuedSynchronizer$ConditionObject.await(AbstractQueuedSynchronizer.java:2039)
        at java.util.concurrent.ScheduledThreadPoolExecutor$DelayedWorkQueue.take(ScheduledThreadPoolExecutor.java:1088)
        at java.util.concurrent.ScheduledThreadPoolExecutor$DelayedWorkQueue.take(ScheduledThreadPoolExecutor.java:809)
        at java.util.concurrent.ThreadPoolExecutor.getTask(ThreadPoolExecutor.java:1074)
        at java.util.concurrent.ThreadPoolExecutor.runWorker(ThreadPoolExecutor.java:1134)
        at java.util.concurrent.ThreadPoolExecutor$Worker.run(ThreadPoolExecutor.java:624)
        at java.lang.Thread.run(Thread.java:750)
"e46a6e51-795f-4801-a523-c45a6c7f2c34-server-thread3" daemon prio=5 tid=1870 timed_waiting
java.lang.Thread.State: TIMED_WAITING
        at sun.misc.Unsafe.park(Native Method)
        at java.util.concurrent.locks.LockSupport.parkNanos(LockSupport.java:215)
        at java.util.concurrent.SynchronousQueue$TransferStack.awaitFulfill(SynchronousQueue.java:460)
        at java.util.concurrent.SynchronousQueue$TransferStack.transfer(SynchronousQueue.java:362)
        at java.util.concurrent.SynchronousQueue.poll(SynchronousQueue.java:941)
        at java.util.concurrent.ThreadPoolExecutor.getTask(ThreadPoolExecutor.java:1073)
        at java.util.concurrent.ThreadPoolExecutor.runWorker(ThreadPoolExecutor.java:1134)
        at java.util.concurrent.ThreadPoolExecutor$Worker.run(ThreadPoolExecutor.java:624)
        at java.lang.Thread.run(Thread.java:750)
"d25dc3b0-28fc-4383-b1a0-617845025f41-EndpointStateMachineTaskThread-/0.0.0.0:15002-0 "  prio=5 tid=750 in Object.wait()
java.lang.Thread.State: WAITING (on object monitor)
        at sun.misc.Unsafe.park(Native Method)
        at java.util.concurrent.locks.LockSupport.park(LockSupport.java:175)
        at java.util.concurrent.locks.AbstractQueuedSynchronizer$ConditionObject.await(AbstractQueuedSynchronizer.java:2039)
        at java.util.concurrent.LinkedBlockingQueue.take(LinkedBlockingQueue.java:442)
        at java.util.concurrent.ThreadPoolExecutor.getTask(ThreadPoolExecutor.java:1074)
        at java.util.concurrent.ThreadPoolExecutor.runWorker(ThreadPoolExecutor.java:1134)
        at java.util.concurrent.ThreadPoolExecutor$Worker.run(ThreadPoolExecutor.java:624)
        at java.lang.Thread.run(Thread.java:750)
"qtp2089021425-526" daemon prio=5 tid=526 timed_waiting
java.lang.Thread.State: TIMED_WAITING
        at sun.misc.Unsafe.park(Native Method)
        at java.util.concurrent.locks.LockSupport.parkNanos(LockSupport.java:215)
        at java.util.concurrent.locks.AbstractQueuedSynchronizer$ConditionObject.awaitNanos(AbstractQueuedSynchronizer.java:2078)
        at org.eclipse.jetty.util.BlockingArrayQueue.poll(BlockingArrayQueue.java:382)
        at org.eclipse.jetty.util.thread.QueuedThreadPool$Runner.idleJobPoll(QueuedThreadPool.java:974)
        at org.eclipse.jetty.util.thread.QueuedThreadPool$Runner.run(QueuedThreadPool.java:1018)
        at java.lang.Thread.run(Thread.java:750)
"d25dc3b0-28fc-4383-b1a0-617845025f41-DatanodeReportManager-4" daemon prio=5 tid=514 in Object.wait()
java.lang.Thread.State: WAITING (on object monitor)
        at sun.misc.Unsafe.park(Native Method)
        at java.util.concurrent.locks.LockSupport.park(LockSupport.java:175)
        at java.util.concurrent.locks.AbstractQueuedSynchronizer$ConditionObject.await(AbstractQueuedSynchronizer.java:2039)
        at java.util.concurrent.ScheduledThreadPoolExecutor$DelayedWorkQueue.take(ScheduledThreadPoolExecutor.java:1088)
        at java.util.concurrent.ScheduledThreadPoolExecutor$DelayedWorkQueue.take(ScheduledThreadPoolExecutor.java:809)
        at java.util.concurrent.ThreadPoolExecutor.getTask(ThreadPoolExecutor.java:1074)
        at java.util.concurrent.ThreadPoolExecutor.runWorker(ThreadPoolExecutor.java:1134)
        at java.util.concurrent.ThreadPoolExecutor$Worker.run(ThreadPoolExecutor.java:624)
        at java.lang.Thread.run(Thread.java:750)
"e780b093-7242-46d7-bd8f-0f810188c7b3-ChunkWriter-0-0" daemon prio=5 tid=867 in Object.wait()
java.lang.Thread.State: WAITING (on object monitor)
        at sun.misc.Unsafe.park(Native Method)
        at java.util.concurrent.locks.LockSupport.park(LockSupport.java:175)
        at java.util.concurrent.locks.AbstractQueuedSynchronizer$ConditionObject.await(AbstractQueuedSynchronizer.java:2039)
        at java.util.concurrent.LinkedBlockingDeque.takeFirst(LinkedBlockingDeque.java:492)
        at java.util.concurrent.LinkedBlockingDeque.take(LinkedBlockingDeque.java:680)
        at java.util.concurrent.ThreadPoolExecutor.getTask(ThreadPoolExecutor.java:1074)
        at java.util.concurrent.ThreadPoolExecutor.runWorker(ThreadPoolExecutor.java:1134)
        at java.util.concurrent.ThreadPoolExecutor$Worker.run(ThreadPoolExecutor.java:624)
        at java.lang.Thread.run(Thread.java:750)
"IPC Server handler 80 on default port 15001" daemon prio=5 tid=234 timed_waiting
java.lang.Thread.State: TIMED_WAITING
        at sun.misc.Unsafe.park(Native Method)
        at java.util.concurrent.locks.LockSupport.parkNanos(LockSupport.java:215)
        at java.util.concurrent.locks.AbstractQueuedSynchronizer$ConditionObject.awaitNanos(AbstractQueuedSynchronizer.java:2078)
        at java.util.concurrent.LinkedBlockingQueue.poll(LinkedBlockingQueue.java:467)
        at org.apache.hadoop.ipc.CallQueueManager.take(CallQueueManager.java:317)
        at org.apache.hadoop.ipc.Server$Handler.run(Server.java:3014)
"IPC Server handler 21 on default port 15000" daemon prio=5 tid=75 timed_waiting
java.lang.Thread.State: TIMED_WAITING
        at sun.misc.Unsafe.park(Native Method)
        at java.util.concurrent.locks.LockSupport.parkNanos(LockSupport.java:215)
        at java.util.concurrent.locks.AbstractQueuedSynchronizer$ConditionObject.awaitNanos(AbstractQueuedSynchronizer.java:2078)
        at java.util.concurrent.LinkedBlockingQueue.poll(LinkedBlockingQueue.java:467)
        at org.apache.hadoop.ipc.CallQueueManager.take(CallQueueManager.java:317)
        at org.apache.hadoop.ipc.Server$Handler.run(Server.java:3014)
"4e8f68d6-fd98-4f77-87e3-715939181693@group-DA1B62F9EAE3-LeaderStateImpl" daemon prio=5 tid=1495 timed_waiting
java.lang.Thread.State: TIMED_WAITING
        at sun.misc.Unsafe.park(Native Method)
        at java.util.concurrent.locks.LockSupport.parkNanos(LockSupport.java:215)
        at java.util.concurrent.locks.AbstractQueuedSynchronizer$ConditionObject.awaitNanos(AbstractQueuedSynchronizer.java:2078)
        at java.util.concurrent.ArrayBlockingQueue.poll(ArrayBlockingQueue.java:418)
        at org.apache.ratis.server.impl.LeaderStateImpl$EventQueue.poll(LeaderStateImpl.java:164)
        at org.apache.ratis.server.impl.LeaderStateImpl$EventProcessor.run(LeaderStateImpl.java:762)
"86ab988c-fa9c-425d-a1c6-9004ff7fd93d@group-89543CF42D33-SegmentedRaftLogWorker" daemon prio=5 tid=1006 timed_waiting
java.lang.Thread.State: TIMED_WAITING
        at sun.misc.Unsafe.park(Native Method)
        at java.util.concurrent.locks.LockSupport.parkNanos(LockSupport.java:215)
        at java.util.concurrent.locks.AbstractQueuedSynchronizer$ConditionObject.awaitNanos(AbstractQueuedSynchronizer.java:2078)
        at org.apache.ratis.util.DataBlockingQueue.poll(DataBlockingQueue.java:148)
        at org.apache.ratis.server.raftlog.segmented.SegmentedRaftLogWorker.run(SegmentedRaftLogWorker.java:299)
        at org.apache.ratis.server.raftlog.segmented.SegmentedRaftLogWorker$$Lambda$913/1052546256.run(Unknown Source)
        at java.util.concurrent.Executors$RunnableAdapter.call(Executors.java:511)
        at java.util.concurrent.FutureTask.run(FutureTask.java:266)
        at java.util.concurrent.ThreadPoolExecutor.runWorker(ThreadPoolExecutor.java:1149)
        at java.util.concurrent.ThreadPoolExecutor$Worker.run(ThreadPoolExecutor.java:624)
        at java.lang.Thread.run(Thread.java:750)
"IPC Server handler 81 on default port 15000" daemon prio=5 tid=135 timed_waiting
java.lang.Thread.State: TIMED_WAITING
        at sun.misc.Unsafe.park(Native Method)
        at java.util.concurrent.locks.LockSupport.parkNanos(LockSupport.java:215)
        at java.util.concurrent.locks.AbstractQueuedSynchronizer$ConditionObject.awaitNanos(AbstractQueuedSynchronizer.java:2078)
        at java.util.concurrent.LinkedBlockingQueue.poll(LinkedBlockingQueue.java:467)
        at org.apache.hadoop.ipc.CallQueueManager.take(CallQueueManager.java:317)
        at org.apache.hadoop.ipc.Server$Handler.run(Server.java:3014)
"e46a6e51-795f-4801-a523-c45a6c7f2c34-ChunkReader-4" daemon prio=5 tid=2407 in Object.wait()
java.lang.Thread.State: WAITING (on object monitor)
        at sun.misc.Unsafe.park(Native Method)
        at java.util.concurrent.locks.LockSupport.park(LockSupport.java:175)
        at java.util.concurrent.locks.AbstractQueuedSynchronizer$ConditionObject.await(AbstractQueuedSynchronizer.java:2039)
        at java.util.concurrent.LinkedBlockingQueue.take(LinkedBlockingQueue.java:442)
        at java.util.concurrent.ThreadPoolExecutor.getTask(ThreadPoolExecutor.java:1074)
        at java.util.concurrent.ThreadPoolExecutor.runWorker(ThreadPoolExecutor.java:1134)
        at java.util.concurrent.ThreadPoolExecutor$Worker.run(ThreadPoolExecutor.java:624)
        at java.lang.Thread.run(Thread.java:750)
"dc26353c-d48a-467d-89cd-3a7c4b626396-DatanodeReportManager-4" daemon prio=5 tid=572 in Object.wait()
java.lang.Thread.State: WAITING (on object monitor)
        at sun.misc.Unsafe.park(Native Method)
        at java.util.concurrent.locks.LockSupport.park(LockSupport.java:175)
        at java.util.concurrent.locks.AbstractQueuedSynchronizer$ConditionObject.await(AbstractQueuedSynchronizer.java:2039)
        at java.util.concurrent.ScheduledThreadPoolExecutor$DelayedWorkQueue.take(ScheduledThreadPoolExecutor.java:1088)
        at java.util.concurrent.ScheduledThreadPoolExecutor$DelayedWorkQueue.take(ScheduledThreadPoolExecutor.java:809)
        at java.util.concurrent.ThreadPoolExecutor.getTask(ThreadPoolExecutor.java:1074)
        at java.util.concurrent.ThreadPoolExecutor.runWorker(ThreadPoolExecutor.java:1134)
        at java.util.concurrent.ThreadPoolExecutor$Worker.run(ThreadPoolExecutor.java:624)
        at java.lang.Thread.run(Thread.java:750)
"13f92446-3b18-4d81-bc66-0f9b00220e72-ChunkReader-7" daemon prio=5 tid=2373 in Object.wait()
java.lang.Thread.State: WAITING (on object monitor)
        at sun.misc.Unsafe.park(Native Method)
        at java.util.concurrent.locks.LockSupport.park(LockSupport.java:175)
        at java.util.concurrent.locks.AbstractQueuedSynchronizer$ConditionObject.await(AbstractQueuedSynchronizer.java:2039)
        at java.util.concurrent.LinkedBlockingQueue.take(LinkedBlockingQueue.java:442)
        at java.util.concurrent.ThreadPoolExecutor.getTask(ThreadPoolExecutor.java:1074)
        at java.util.concurrent.ThreadPoolExecutor.runWorker(ThreadPoolExecutor.java:1134)
        at java.util.concurrent.ThreadPoolExecutor$Worker.run(ThreadPoolExecutor.java:624)
        at java.lang.Thread.run(Thread.java:750)
"CompactionDagPruningService" daemon prio=5 tid=372 timed_waiting
java.lang.Thread.State: TIMED_WAITING
        at sun.misc.Unsafe.park(Native Method)
        at java.util.concurrent.locks.LockSupport.parkNanos(LockSupport.java:215)
        at java.util.concurrent.locks.AbstractQueuedSynchronizer$ConditionObject.awaitNanos(AbstractQueuedSynchronizer.java:2078)
        at java.util.concurrent.ScheduledThreadPoolExecutor$DelayedWorkQueue.take(ScheduledThreadPoolExecutor.java:1093)
        at java.util.concurrent.ScheduledThreadPoolExecutor$DelayedWorkQueue.take(ScheduledThreadPoolExecutor.java:809)
        at java.util.concurrent.ThreadPoolExecutor.getTask(ThreadPoolExecutor.java:1074)
        at java.util.concurrent.ThreadPoolExecutor.runWorker(ThreadPoolExecutor.java:1134)
        at java.util.concurrent.ThreadPoolExecutor$Worker.run(ThreadPoolExecutor.java:624)
        at java.lang.Thread.run(Thread.java:750)
"4e8f68d6-fd98-4f77-87e3-715939181693-server-thread3" daemon prio=5 tid=1966 timed_waiting
java.lang.Thread.State: TIMED_WAITING
        at sun.misc.Unsafe.park(Native Method)
        at java.util.concurrent.locks.LockSupport.parkNanos(LockSupport.java:215)
        at java.util.concurrent.SynchronousQueue$TransferStack.awaitFulfill(SynchronousQueue.java:460)
        at java.util.concurrent.SynchronousQueue$TransferStack.transfer(SynchronousQueue.java:362)
        at java.util.concurrent.SynchronousQueue.poll(SynchronousQueue.java:941)
        at java.util.concurrent.ThreadPoolExecutor.getTask(ThreadPoolExecutor.java:1073)
        at java.util.concurrent.ThreadPoolExecutor.runWorker(ThreadPoolExecutor.java:1134)
        at java.util.concurrent.ThreadPoolExecutor$Worker.run(ThreadPoolExecutor.java:624)
        at java.lang.Thread.run(Thread.java:750)
"timer7" daemon prio=5 tid=1525 timed_waiting
java.lang.Thread.State: TIMED_WAITING
        at java.lang.Object.wait(Native Method)
        at java.util.TimerThread.mainLoop(Timer.java:552)
        at java.util.TimerThread.run(Timer.java:505)
"78f89d9b-e409-4704-890b-bfcfbcdfd28a-ChunkReader-9" daemon prio=5 tid=2037 in Object.wait()
java.lang.Thread.State: WAITING (on object monitor)
        at sun.misc.Unsafe.park(Native Method)
        at java.util.concurrent.locks.LockSupport.park(LockSupport.java:175)
        at java.util.concurrent.locks.AbstractQueuedSynchronizer$ConditionObject.await(AbstractQueuedSynchronizer.java:2039)
        at java.util.concurrent.LinkedBlockingQueue.take(LinkedBlockingQueue.java:442)
        at java.util.concurrent.ThreadPoolExecutor.getTask(ThreadPoolExecutor.java:1074)
        at java.util.concurrent.ThreadPoolExecutor.runWorker(ThreadPoolExecutor.java:1134)
        at java.util.concurrent.ThreadPoolExecutor$Worker.run(ThreadPoolExecutor.java:624)
        at java.lang.Thread.run(Thread.java:750)
"4e8f68d6-fd98-4f77-87e3-715939181693@group-9EB4D3397E8E-StateMachineUpdater" daemon prio=5 tid=1123 timed_waiting
java.lang.Thread.State: TIMED_WAITING
        at sun.misc.Unsafe.park(Native Method)
        at java.util.concurrent.locks.LockSupport.parkNanos(LockSupport.java:215)
        at java.util.concurrent.locks.AbstractQueuedSynchronizer$ConditionObject.await(AbstractQueuedSynchronizer.java:2163)
        at org.apache.ratis.util.AwaitForSignal.await(AwaitForSignal.java:65)
        at org.apache.ratis.server.impl.StateMachineUpdater.waitForCommit(StateMachineUpdater.java:211)
        at org.apache.ratis.server.impl.StateMachineUpdater.run(StateMachineUpdater.java:180)
        at java.lang.Thread.run(Thread.java:750)
"org.apache.hadoop.ozone.container.common.statemachine.commandhandler.DeleteBlocksCommandHandler$DeleteCmdWorker@3f185bea" daemon prio=5 tid=492 timed_waiting
java.lang.Thread.State: TIMED_WAITING
        at java.lang.Thread.sleep(Native Method)
        at org.apache.hadoop.ozone.container.common.statemachine.commandhandler.DeleteBlocksCommandHandler$DeleteCmdWorker.run(DeleteBlocksCommandHandler.java:259)
        at java.lang.Thread.run(Thread.java:750)
"StaleRecoveringContainerScrubbingService#6" daemon prio=5 tid=2346 in Object.wait()
java.lang.Thread.State: WAITING (on object monitor)
        at sun.misc.Unsafe.park(Native Method)
        at java.util.concurrent.locks.LockSupport.park(LockSupport.java:175)
        at java.util.concurrent.locks.AbstractQueuedSynchronizer$ConditionObject.await(AbstractQueuedSynchronizer.java:2039)
        at java.util.concurrent.ScheduledThreadPoolExecutor$DelayedWorkQueue.take(ScheduledThreadPoolExecutor.java:1088)
        at java.util.concurrent.ScheduledThreadPoolExecutor$DelayedWorkQueue.take(ScheduledThreadPoolExecutor.java:809)
        at java.util.concurrent.ThreadPoolExecutor.getTask(ThreadPoolExecutor.java:1074)
        at java.util.concurrent.ThreadPoolExecutor.runWorker(ThreadPoolExecutor.java:1134)
        at java.util.concurrent.ThreadPoolExecutor$Worker.run(ThreadPoolExecutor.java:624)
        at java.lang.Thread.run(Thread.java:750)
"IPC Server idle connection scanner for port 15004" daemon prio=5 tid=384 timed_waiting
java.lang.Thread.State: TIMED_WAITING
        at java.lang.Object.wait(Native Method)
        at java.util.TimerThread.mainLoop(Timer.java:552)
        at java.util.TimerThread.run(Timer.java:505)
"86ab988c-fa9c-425d-a1c6-9004ff7fd93d@group-DD233808B888-cacheEviction-AwaitToRun" daemon prio=5 tid=956 in Object.wait()
java.lang.Thread.State: WAITING (on object monitor)
        at sun.misc.Unsafe.park(Native Method)
        at java.util.concurrent.locks.LockSupport.park(LockSupport.java:175)
        at java.util.concurrent.locks.AbstractQueuedSynchronizer$ConditionObject.await(AbstractQueuedSynchronizer.java:2039)
        at org.apache.ratis.util.AwaitForSignal.await(AwaitForSignal.java:48)
        at org.apache.ratis.util.AwaitToRun$RunnableImpl.run(AwaitToRun.java:47)
        at java.lang.Thread.run(Thread.java:750)
"d25dc3b0-28fc-4383-b1a0-617845025f41-ChunkWriter-1-0" daemon prio=5 tid=756 in Object.wait()
java.lang.Thread.State: WAITING (on object monitor)
        at sun.misc.Unsafe.park(Native Method)
        at java.util.concurrent.locks.LockSupport.park(LockSupport.java:175)
        at java.util.concurrent.locks.AbstractQueuedSynchronizer$ConditionObject.await(AbstractQueuedSynchronizer.java:2039)
        at java.util.concurrent.LinkedBlockingDeque.takeFirst(LinkedBlockingDeque.java:492)
        at java.util.concurrent.LinkedBlockingDeque.take(LinkedBlockingDeque.java:680)
        at java.util.concurrent.ThreadPoolExecutor.getTask(ThreadPoolExecutor.java:1074)
        at java.util.concurrent.ThreadPoolExecutor.runWorker(ThreadPoolExecutor.java:1134)
        at java.util.concurrent.ThreadPoolExecutor$Worker.run(ThreadPoolExecutor.java:624)
        at java.lang.Thread.run(Thread.java:750)
"qtp124466405-409" daemon prio=5 tid=409 timed_waiting
java.lang.Thread.State: TIMED_WAITING
        at sun.misc.Unsafe.park(Native Method)
        at java.util.concurrent.locks.LockSupport.parkNanos(LockSupport.java:215)
        at java.util.concurrent.locks.AbstractQueuedSynchronizer$ConditionObject.awaitNanos(AbstractQueuedSynchronizer.java:2078)
        at org.eclipse.jetty.util.BlockingArrayQueue.poll(BlockingArrayQueue.java:382)
        at org.eclipse.jetty.util.thread.QueuedThreadPool$Runner.idleJobPoll(QueuedThreadPool.java:974)
        at org.eclipse.jetty.util.thread.QueuedThreadPool$Runner.run(QueuedThreadPool.java:1018)
        at java.lang.Thread.run(Thread.java:750)
"13f92446-3b18-4d81-bc66-0f9b00220e72-ChunkReader-2" daemon prio=5 tid=2233 in Object.wait()
java.lang.Thread.State: WAITING (on object monitor)
        at sun.misc.Unsafe.park(Native Method)
        at java.util.concurrent.locks.LockSupport.park(LockSupport.java:175)
        at java.util.concurrent.locks.AbstractQueuedSynchronizer$ConditionObject.await(AbstractQueuedSynchronizer.java:2039)
        at java.util.concurrent.LinkedBlockingQueue.take(LinkedBlockingQueue.java:442)
        at java.util.concurrent.ThreadPoolExecutor.getTask(ThreadPoolExecutor.java:1074)
        at java.util.concurrent.ThreadPoolExecutor.runWorker(ThreadPoolExecutor.java:1134)
        at java.util.concurrent.ThreadPoolExecutor$Worker.run(ThreadPoolExecutor.java:624)
        at java.lang.Thread.run(Thread.java:750)
"IPC Server handler 0 on default port 15082" daemon prio=5 tid=678 timed_waiting
java.lang.Thread.State: TIMED_WAITING
        at sun.misc.Unsafe.park(Native Method)
        at java.util.concurrent.locks.LockSupport.parkNanos(LockSupport.java:215)
        at java.util.concurrent.locks.AbstractQueuedSynchronizer$ConditionObject.awaitNanos(AbstractQueuedSynchronizer.java:2078)
        at java.util.concurrent.LinkedBlockingQueue.poll(LinkedBlockingQueue.java:467)
        at org.apache.hadoop.ipc.CallQueueManager.take(CallQueueManager.java:317)
        at org.apache.hadoop.ipc.Server$Handler.run(Server.java:3014)
"qtp1377312528-554-acceptor-0@42091870-ServerConnector@36f464d8{HTTP/1.1, (http/1.1)}{0.0.0.0:15045}" daemon prio=3 tid=554 runnable
java.lang.Thread.State: RUNNABLE
        at sun.nio.ch.ServerSocketChannelImpl.accept0(Native Method)
        at sun.nio.ch.ServerSocketChannelImpl.accept(ServerSocketChannelImpl.java:421)
        at sun.nio.ch.ServerSocketChannelImpl.accept(ServerSocketChannelImpl.java:249)
        at org.eclipse.jetty.server.ServerConnector.accept(ServerConnector.java:388)
        at org.eclipse.jetty.server.AbstractConnector$Acceptor.run(AbstractConnector.java:704)
        at org.eclipse.jetty.util.thread.QueuedThreadPool.runJob(QueuedThreadPool.java:883)
        at org.eclipse.jetty.util.thread.QueuedThreadPool$Runner.run(QueuedThreadPool.java:1034)
        at java.lang.Thread.run(Thread.java:750)
"IPC Server handler 34 on default port 15000" daemon prio=5 tid=88 timed_waiting
java.lang.Thread.State: TIMED_WAITING
        at sun.misc.Unsafe.park(Native Method)
        at java.util.concurrent.locks.LockSupport.parkNanos(LockSupport.java:215)
        at java.util.concurrent.locks.AbstractQueuedSynchronizer$ConditionObject.awaitNanos(AbstractQueuedSynchronizer.java:2078)
        at java.util.concurrent.LinkedBlockingQueue.poll(LinkedBlockingQueue.java:467)
        at org.apache.hadoop.ipc.CallQueueManager.take(CallQueueManager.java:317)
        at org.apache.hadoop.ipc.Server$Handler.run(Server.java:3014)
"qtp332031786-587" daemon prio=5 tid=587 timed_waiting
java.lang.Thread.State: TIMED_WAITING
        at sun.misc.Unsafe.park(Native Method)
        at java.util.concurrent.locks.LockSupport.parkNanos(LockSupport.java:215)
        at java.util.concurrent.locks.AbstractQueuedSynchronizer$ConditionObject.awaitNanos(AbstractQueuedSynchronizer.java:2078)
        at org.eclipse.jetty.util.BlockingArrayQueue.poll(BlockingArrayQueue.java:382)
        at org.eclipse.jetty.util.thread.QueuedThreadPool$Runner.idleJobPoll(QueuedThreadPool.java:974)
        at org.eclipse.jetty.util.thread.QueuedThreadPool$Runner.run(QueuedThreadPool.java:1018)
        at java.lang.Thread.run(Thread.java:750)
"IPC Server handler 16 on default port 15004" daemon prio=5 tid=428 timed_waiting
java.lang.Thread.State: TIMED_WAITING
        at sun.misc.Unsafe.park(Native Method)
        at java.util.concurrent.locks.LockSupport.parkNanos(LockSupport.java:215)
        at java.util.concurrent.locks.AbstractQueuedSynchronizer$ConditionObject.awaitNanos(AbstractQueuedSynchronizer.java:2078)
        at java.util.concurrent.LinkedBlockingQueue.poll(LinkedBlockingQueue.java:467)
        at org.apache.hadoop.ipc.CallQueueManager.take(CallQueueManager.java:317)
        at org.apache.hadoop.ipc.Server$Handler.run(Server.java:3014)
"IPC Server handler 18 on default port 15000" daemon prio=5 tid=72 timed_waiting
java.lang.Thread.State: TIMED_WAITING
        at sun.misc.Unsafe.park(Native Method)
        at java.util.concurrent.locks.LockSupport.parkNanos(LockSupport.java:215)
        at java.util.concurrent.locks.AbstractQueuedSynchronizer$ConditionObject.awaitNanos(AbstractQueuedSynchronizer.java:2078)
        at java.util.concurrent.LinkedBlockingQueue.poll(LinkedBlockingQueue.java:467)
        at org.apache.hadoop.ipc.CallQueueManager.take(CallQueueManager.java:317)
        at org.apache.hadoop.ipc.Server$Handler.run(Server.java:3014)
"PartialTableCache-Cleanup-0" daemon prio=5 tid=1560 in Object.wait()
java.lang.Thread.State: WAITING (on object monitor)
        at sun.misc.Unsafe.park(Native Method)
        at java.util.concurrent.locks.LockSupport.park(LockSupport.java:175)
        at java.util.concurrent.locks.AbstractQueuedSynchronizer$ConditionObject.await(AbstractQueuedSynchronizer.java:2039)
        at java.util.concurrent.LinkedBlockingQueue.take(LinkedBlockingQueue.java:442)
        at java.util.concurrent.ThreadPoolExecutor.getTask(ThreadPoolExecutor.java:1074)
        at java.util.concurrent.ThreadPoolExecutor.runWorker(ThreadPoolExecutor.java:1134)
        at java.util.concurrent.ThreadPoolExecutor$Worker.run(ThreadPoolExecutor.java:624)
        at java.lang.Thread.run(Thread.java:750)
"d25dc3b0-28fc-4383-b1a0-617845025f41-ChunkWriter-3-0" daemon prio=5 tid=758 in Object.wait()
java.lang.Thread.State: WAITING (on object monitor)
        at sun.misc.Unsafe.park(Native Method)
        at java.util.concurrent.locks.LockSupport.park(LockSupport.java:175)
        at java.util.concurrent.locks.AbstractQueuedSynchronizer$ConditionObject.await(AbstractQueuedSynchronizer.java:2039)
        at java.util.concurrent.LinkedBlockingDeque.takeFirst(LinkedBlockingDeque.java:492)
        at java.util.concurrent.LinkedBlockingDeque.take(LinkedBlockingDeque.java:680)
        at java.util.concurrent.ThreadPoolExecutor.getTask(ThreadPoolExecutor.java:1074)
        at java.util.concurrent.ThreadPoolExecutor.runWorker(ThreadPoolExecutor.java:1134)
        at java.util.concurrent.ThreadPoolExecutor$Worker.run(ThreadPoolExecutor.java:624)
        at java.lang.Thread.run(Thread.java:750)
"Socket Reader #1 for port 15046"  prio=5 tid=562 runnable
java.lang.Thread.State: RUNNABLE
        at sun.nio.ch.EPollArrayWrapper.epollWait(Native Method)
        at sun.nio.ch.EPollArrayWrapper.poll(EPollArrayWrapper.java:269)
        at sun.nio.ch.EPollSelectorImpl.doSelect(EPollSelectorImpl.java:93)
        at sun.nio.ch.SelectorImpl.lockAndDoSelect(SelectorImpl.java:86)
        at sun.nio.ch.SelectorImpl.select(SelectorImpl.java:97)
        at sun.nio.ch.SelectorImpl.select(SelectorImpl.java:101)
        at org.apache.hadoop.ipc.Server$Listener$Reader.doRunLoop(Server.java:1346)
        at org.apache.hadoop.ipc.Server$Listener$Reader.run(Server.java:1325)
"IPC Server handler 0 on default port 15064" daemon prio=5 tid=622 timed_waiting
java.lang.Thread.State: TIMED_WAITING
        at sun.misc.Unsafe.park(Native Method)
        at java.util.concurrent.locks.LockSupport.parkNanos(LockSupport.java:215)
        at java.util.concurrent.locks.AbstractQueuedSynchronizer$ConditionObject.awaitNanos(AbstractQueuedSynchronizer.java:2078)
        at java.util.concurrent.LinkedBlockingQueue.poll(LinkedBlockingQueue.java:467)
        at org.apache.hadoop.ipc.CallQueueManager.take(CallQueueManager.java:317)
        at org.apache.hadoop.ipc.Server$Handler.run(Server.java:3014)
"e46a6e51-795f-4801-a523-c45a6c7f2c34-DatanodeReportManager-0" daemon prio=5 tid=454 in Object.wait()
java.lang.Thread.State: WAITING (on object monitor)
        at sun.misc.Unsafe.park(Native Method)
        at java.util.concurrent.locks.LockSupport.park(LockSupport.java:175)
        at java.util.concurrent.locks.AbstractQueuedSynchronizer$ConditionObject.await(AbstractQueuedSynchronizer.java:2039)
        at java.util.concurrent.ScheduledThreadPoolExecutor$DelayedWorkQueue.take(ScheduledThreadPoolExecutor.java:1088)
        at java.util.concurrent.ScheduledThreadPoolExecutor$DelayedWorkQueue.take(ScheduledThreadPoolExecutor.java:809)
        at java.util.concurrent.ThreadPoolExecutor.getTask(ThreadPoolExecutor.java:1074)
        at java.util.concurrent.ThreadPoolExecutor.runWorker(ThreadPoolExecutor.java:1134)
        at java.util.concurrent.ThreadPoolExecutor$Worker.run(ThreadPoolExecutor.java:624)
        at java.lang.Thread.run(Thread.java:750)
"StaleRecoveringContainerScrubbingService#1" daemon prio=5 tid=827 in Object.wait()
java.lang.Thread.State: WAITING (on object monitor)
        at sun.misc.Unsafe.park(Native Method)
        at java.util.concurrent.locks.LockSupport.park(LockSupport.java:175)
        at java.util.concurrent.locks.AbstractQueuedSynchronizer$ConditionObject.await(AbstractQueuedSynchronizer.java:2039)
        at java.util.concurrent.ScheduledThreadPoolExecutor$DelayedWorkQueue.take(ScheduledThreadPoolExecutor.java:1088)
        at java.util.concurrent.ScheduledThreadPoolExecutor$DelayedWorkQueue.take(ScheduledThreadPoolExecutor.java:809)
        at java.util.concurrent.ThreadPoolExecutor.getTask(ThreadPoolExecutor.java:1074)
        at java.util.concurrent.ThreadPoolExecutor.runWorker(ThreadPoolExecutor.java:1134)
        at java.util.concurrent.ThreadPoolExecutor$Worker.run(ThreadPoolExecutor.java:624)
        at java.lang.Thread.run(Thread.java:750)
"qtp1897694595-443" daemon prio=5 tid=443 timed_waiting
java.lang.Thread.State: TIMED_WAITING
        at sun.misc.Unsafe.park(Native Method)
        at java.util.concurrent.locks.LockSupport.parkNanos(LockSupport.java:215)
        at java.util.concurrent.locks.AbstractQueuedSynchronizer$ConditionObject.awaitNanos(AbstractQueuedSynchronizer.java:2078)
        at org.eclipse.jetty.util.BlockingArrayQueue.poll(BlockingArrayQueue.java:382)
        at org.eclipse.jetty.util.thread.QueuedThreadPool$Runner.idleJobPoll(QueuedThreadPool.java:974)
        at org.eclipse.jetty.util.thread.QueuedThreadPool$Runner.run(QueuedThreadPool.java:1018)
        at java.lang.Thread.run(Thread.java:750)
"qtp122073438-2049" daemon prio=5 tid=2049 timed_waiting
java.lang.Thread.State: TIMED_WAITING
        at sun.misc.Unsafe.park(Native Method)
        at java.util.concurrent.locks.LockSupport.parkNanos(LockSupport.java:215)
        at java.util.concurrent.locks.AbstractQueuedSynchronizer$ConditionObject.awaitNanos(AbstractQueuedSynchronizer.java:2078)
        at org.eclipse.jetty.util.BlockingArrayQueue.poll(BlockingArrayQueue.java:382)
        at org.eclipse.jetty.util.thread.QueuedThreadPool$Runner.idleJobPoll(QueuedThreadPool.java:974)
        at org.eclipse.jetty.util.thread.QueuedThreadPool$Runner.run(QueuedThreadPool.java:1018)
        at java.lang.Thread.run(Thread.java:750)
"IPC Server handler 18 on default port 15001" daemon prio=5 tid=172 timed_waiting
java.lang.Thread.State: TIMED_WAITING
        at sun.misc.Unsafe.park(Native Method)
        at java.util.concurrent.locks.LockSupport.parkNanos(LockSupport.java:215)
        at java.util.concurrent.locks.AbstractQueuedSynchronizer$ConditionObject.awaitNanos(AbstractQueuedSynchronizer.java:2078)
        at java.util.concurrent.LinkedBlockingQueue.poll(LinkedBlockingQueue.java:467)
        at org.apache.hadoop.ipc.CallQueueManager.take(CallQueueManager.java:317)
        at org.apache.hadoop.ipc.Server$Handler.run(Server.java:3014)
"4e8f68d6-fd98-4f77-87e3-715939181693-CommandProcessorThread" daemon prio=5 tid=545 timed_waiting
java.lang.Thread.State: TIMED_WAITING
        at java.lang.Thread.sleep(Native Method)
        at org.apache.hadoop.ozone.container.common.statemachine.DatanodeStateMachine.lambda$initCommandHandlerThread$4(DatanodeStateMachine.java:684)
        at org.apache.hadoop.ozone.container.common.statemachine.DatanodeStateMachine$$Lambda$1032/2137296302.run(Unknown Source)
        at java.lang.Thread.run(Thread.java:750)
"IPC Server handler 74 on default port 15001" daemon prio=5 tid=228 timed_waiting
java.lang.Thread.State: TIMED_WAITING
        at sun.misc.Unsafe.park(Native Method)
        at java.util.concurrent.locks.LockSupport.parkNanos(LockSupport.java:215)
        at java.util.concurrent.locks.AbstractQueuedSynchronizer$ConditionObject.awaitNanos(AbstractQueuedSynchronizer.java:2078)
        at java.util.concurrent.LinkedBlockingQueue.poll(LinkedBlockingQueue.java:467)
        at org.apache.hadoop.ipc.CallQueueManager.take(CallQueueManager.java:317)
        at org.apache.hadoop.ipc.Server$Handler.run(Server.java:3014)
"IPC Server handler 11 on default port 15002" daemon prio=5 tid=265 timed_waiting
java.lang.Thread.State: TIMED_WAITING
        at sun.misc.Unsafe.park(Native Method)
        at java.util.concurrent.locks.LockSupport.parkNanos(LockSupport.java:215)
        at java.util.concurrent.locks.AbstractQueuedSynchronizer$ConditionObject.awaitNanos(AbstractQueuedSynchronizer.java:2078)
        at java.util.concurrent.LinkedBlockingQueue.poll(LinkedBlockingQueue.java:467)
        at org.apache.hadoop.ipc.CallQueueManager.take(CallQueueManager.java:317)
        at org.apache.hadoop.ipc.Server$Handler.run(Server.java:3014)
"4e8f68d6-fd98-4f77-87e3-715939181693-server-thread2" daemon prio=5 tid=1962 timed_waiting
java.lang.Thread.State: TIMED_WAITING
        at sun.misc.Unsafe.park(Native Method)
        at java.util.concurrent.locks.LockSupport.parkNanos(LockSupport.java:215)
        at java.util.concurrent.SynchronousQueue$TransferStack.awaitFulfill(SynchronousQueue.java:460)
        at java.util.concurrent.SynchronousQueue$TransferStack.transfer(SynchronousQueue.java:362)
        at java.util.concurrent.SynchronousQueue.poll(SynchronousQueue.java:941)
        at java.util.concurrent.ThreadPoolExecutor.getTask(ThreadPoolExecutor.java:1073)
        at java.util.concurrent.ThreadPoolExecutor.runWorker(ThreadPoolExecutor.java:1134)
        at java.util.concurrent.ThreadPoolExecutor$Worker.run(ThreadPoolExecutor.java:624)
        at java.lang.Thread.run(Thread.java:750)
"IPC Server handler 79 on default port 15000" daemon prio=5 tid=133 timed_waiting
java.lang.Thread.State: TIMED_WAITING
        at sun.misc.Unsafe.park(Native Method)
        at java.util.concurrent.locks.LockSupport.parkNanos(LockSupport.java:215)
        at java.util.concurrent.locks.AbstractQueuedSynchronizer$ConditionObject.awaitNanos(AbstractQueuedSynchronizer.java:2078)
        at java.util.concurrent.LinkedBlockingQueue.poll(LinkedBlockingQueue.java:467)
        at org.apache.hadoop.ipc.CallQueueManager.take(CallQueueManager.java:317)
        at org.apache.hadoop.ipc.Server$Handler.run(Server.java:3014)
"Timer for 'StorageContainerManager' metrics system" daemon prio=5 tid=53 timed_waiting
java.lang.Thread.State: TIMED_WAITING
        at java.lang.Object.wait(Native Method)
        at java.util.TimerThread.mainLoop(Timer.java:552)
        at java.util.TimerThread.run(Timer.java:505)
"e46a6e51-795f-4801-a523-c45a6c7f2c34@group-B95644BE5767-StateMachineUpdater" daemon prio=5 tid=895 timed_waiting
java.lang.Thread.State: TIMED_WAITING
        at sun.misc.Unsafe.park(Native Method)
        at java.util.concurrent.locks.LockSupport.parkNanos(LockSupport.java:215)
        at java.util.concurrent.locks.AbstractQueuedSynchronizer$ConditionObject.await(AbstractQueuedSynchronizer.java:2163)
        at org.apache.ratis.util.AwaitForSignal.await(AwaitForSignal.java:65)
        at org.apache.ratis.server.impl.StateMachineUpdater.waitForCommit(StateMachineUpdater.java:211)
        at org.apache.ratis.server.impl.StateMachineUpdater.run(StateMachineUpdater.java:180)
        at java.lang.Thread.run(Thread.java:750)
"IPC Server handler 0 on default port 15091" daemon prio=5 tid=706 timed_waiting
java.lang.Thread.State: TIMED_WAITING
        at sun.misc.Unsafe.park(Native Method)
        at java.util.concurrent.locks.LockSupport.parkNanos(LockSupport.java:215)
        at java.util.concurrent.locks.AbstractQueuedSynchronizer$ConditionObject.awaitNanos(AbstractQueuedSynchronizer.java:2078)
        at java.util.concurrent.LinkedBlockingQueue.poll(LinkedBlockingQueue.java:467)
        at org.apache.hadoop.ipc.CallQueueManager.take(CallQueueManager.java:317)
        at org.apache.hadoop.ipc.Server$Handler.run(Server.java:3014)
"e46a6e51-795f-4801-a523-c45a6c7f2c34@group-83D984655C73-FollowerState" daemon prio=5 tid=1691 timed_waiting
java.lang.Thread.State: TIMED_WAITING
        at java.lang.Thread.sleep(Native Method)
        at java.lang.Thread.sleep(Thread.java:342)
        at java.util.concurrent.TimeUnit.sleep(TimeUnit.java:386)
        at org.apache.ratis.util.TimeDuration.sleep(TimeDuration.java:353)
        at org.apache.ratis.util.TimeDuration.sleep(TimeDuration.java:338)
        at org.apache.ratis.server.impl.FollowerState.run(FollowerState.java:128)
"e46a6e51-795f-4801-a523-c45a6c7f2c34-EndpointStateMachineTaskThread-/0.0.0.0:15002-0 "  prio=5 tid=716 in Object.wait()
java.lang.Thread.State: WAITING (on object monitor)
        at sun.misc.Unsafe.park(Native Method)
        at java.util.concurrent.locks.LockSupport.park(LockSupport.java:175)
        at java.util.concurrent.locks.AbstractQueuedSynchronizer$ConditionObject.await(AbstractQueuedSynchronizer.java:2039)
        at java.util.concurrent.LinkedBlockingQueue.take(LinkedBlockingQueue.java:442)
        at java.util.concurrent.ThreadPoolExecutor.getTask(ThreadPoolExecutor.java:1074)
        at java.util.concurrent.ThreadPoolExecutor.runWorker(ThreadPoolExecutor.java:1134)
        at java.util.concurrent.ThreadPoolExecutor$Worker.run(ThreadPoolExecutor.java:624)
        at java.lang.Thread.run(Thread.java:750)
"IPC Server handler 43 on default port 15002" daemon prio=5 tid=297 timed_waiting
java.lang.Thread.State: TIMED_WAITING
        at sun.misc.Unsafe.park(Native Method)
        at java.util.concurrent.locks.LockSupport.parkNanos(LockSupport.java:215)
        at java.util.concurrent.locks.AbstractQueuedSynchronizer$ConditionObject.awaitNanos(AbstractQueuedSynchronizer.java:2078)
        at java.util.concurrent.LinkedBlockingQueue.poll(LinkedBlockingQueue.java:467)
        at org.apache.hadoop.ipc.CallQueueManager.take(CallQueueManager.java:317)
        at org.apache.hadoop.ipc.Server$Handler.run(Server.java:3014)
"78f89d9b-e409-4704-890b-bfcfbcdfd28a@group-24226A001283-StateMachineUpdater" daemon prio=5 tid=1081 timed_waiting
java.lang.Thread.State: TIMED_WAITING
        at sun.misc.Unsafe.park(Native Method)
        at java.util.concurrent.locks.LockSupport.parkNanos(LockSupport.java:215)
        at java.util.concurrent.locks.AbstractQueuedSynchronizer$ConditionObject.await(AbstractQueuedSynchronizer.java:2163)
        at org.apache.ratis.util.AwaitForSignal.await(AwaitForSignal.java:65)
        at org.apache.ratis.server.impl.StateMachineUpdater.waitForCommit(StateMachineUpdater.java:211)
        at org.apache.ratis.server.impl.StateMachineUpdater.run(StateMachineUpdater.java:180)
        at java.lang.Thread.run(Thread.java:750)
"4e8f68d6-fd98-4f77-87e3-715939181693@group-9D5BCF0FDB08-StateMachineUpdater" daemon prio=5 tid=1144 timed_waiting
java.lang.Thread.State: TIMED_WAITING
        at sun.misc.Unsafe.park(Native Method)
        at java.util.concurrent.locks.LockSupport.parkNanos(LockSupport.java:215)
        at java.util.concurrent.locks.AbstractQueuedSynchronizer$ConditionObject.await(AbstractQueuedSynchronizer.java:2163)
        at org.apache.ratis.util.AwaitForSignal.await(AwaitForSignal.java:65)
        at org.apache.ratis.server.impl.StateMachineUpdater.waitForCommit(StateMachineUpdater.java:211)
        at org.apache.ratis.server.impl.StateMachineUpdater.run(StateMachineUpdater.java:180)
        at java.lang.Thread.run(Thread.java:750)
"IPC Server handler 34 on default port 15002" daemon prio=5 tid=288 timed_waiting
java.lang.Thread.State: TIMED_WAITING
        at sun.misc.Unsafe.park(Native Method)
        at java.util.concurrent.locks.LockSupport.parkNanos(LockSupport.java:215)
        at java.util.concurrent.locks.AbstractQueuedSynchronizer$ConditionObject.awaitNanos(AbstractQueuedSynchronizer.java:2078)
        at java.util.concurrent.LinkedBlockingQueue.poll(LinkedBlockingQueue.java:467)
        at org.apache.hadoop.ipc.CallQueueManager.take(CallQueueManager.java:317)
        at org.apache.hadoop.ipc.Server$Handler.run(Server.java:3014)
"4e8f68d6-fd98-4f77-87e3-715939181693@group-9D5BCF0FDB08->78f89d9b-e409-4704-890b-bfcfbcdfd28a-GrpcLogAppender-LogAppenderDaemon" daemon prio=5 tid=1742 timed_waiting
java.lang.Thread.State: TIMED_WAITING
        at sun.misc.Unsafe.park(Native Method)
        at java.util.concurrent.locks.LockSupport.parkNanos(LockSupport.java:215)
        at java.util.concurrent.locks.AbstractQueuedSynchronizer$ConditionObject.await(AbstractQueuedSynchronizer.java:2163)
        at org.apache.ratis.util.AwaitForSignal.await(AwaitForSignal.java:65)
        at org.apache.ratis.grpc.server.GrpcLogAppender.mayWait(GrpcLogAppender.java:286)
        at org.apache.ratis.grpc.server.GrpcLogAppender.run(GrpcLogAppender.java:254)
        at org.apache.ratis.server.leader.LogAppenderDaemon.run(LogAppenderDaemon.java:80)
        at org.apache.ratis.server.leader.LogAppenderDaemon$$Lambda$1370/616798254.run(Unknown Source)
        at java.lang.Thread.run(Thread.java:750)
"timer3" daemon prio=5 tid=1486 timed_waiting
java.lang.Thread.State: TIMED_WAITING
        at java.lang.Object.wait(Native Method)
        at java.util.TimerThread.mainLoop(Timer.java:552)
        at java.util.TimerThread.run(Timer.java:505)
"IPC Server handler 83 on default port 15001" daemon prio=5 tid=237 timed_waiting
java.lang.Thread.State: TIMED_WAITING
        at sun.misc.Unsafe.park(Native Method)
        at java.util.concurrent.locks.LockSupport.parkNanos(LockSupport.java:215)
        at java.util.concurrent.locks.AbstractQueuedSynchronizer$ConditionObject.awaitNanos(AbstractQueuedSynchronizer.java:2078)
        at java.util.concurrent.LinkedBlockingQueue.poll(LinkedBlockingQueue.java:467)
        at org.apache.hadoop.ipc.CallQueueManager.take(CallQueueManager.java:317)
        at org.apache.hadoop.ipc.Server$Handler.run(Server.java:3014)
"d25dc3b0-28fc-4383-b1a0-617845025f41@group-8820B9A2DC65->4e8f68d6-fd98-4f77-87e3-715939181693-GrpcLogAppender-LogAppenderDaemon" daemon prio=5 tid=1839 timed_waiting
java.lang.Thread.State: TIMED_WAITING
        at sun.misc.Unsafe.park(Native Method)
        at java.util.concurrent.locks.LockSupport.parkNanos(LockSupport.java:215)
        at java.util.concurrent.locks.AbstractQueuedSynchronizer$ConditionObject.await(AbstractQueuedSynchronizer.java:2163)
        at org.apache.ratis.util.AwaitForSignal.await(AwaitForSignal.java:65)
        at org.apache.ratis.grpc.server.GrpcLogAppender.mayWait(GrpcLogAppender.java:286)
        at org.apache.ratis.grpc.server.GrpcLogAppender.run(GrpcLogAppender.java:254)
        at org.apache.ratis.server.leader.LogAppenderDaemon.run(LogAppenderDaemon.java:80)
        at org.apache.ratis.server.leader.LogAppenderDaemon$$Lambda$1370/616798254.run(Unknown Source)
        at java.lang.Thread.run(Thread.java:750)
"78f89d9b-e409-4704-890b-bfcfbcdfd28a@group-68F6D74661CE-SegmentedRaftLogWorker"  prio=5 tid=2155 timed_waiting
java.lang.Thread.State: TIMED_WAITING
        at sun.misc.Unsafe.park(Native Method)
        at java.util.concurrent.locks.LockSupport.parkNanos(LockSupport.java:215)
        at java.util.concurrent.locks.AbstractQueuedSynchronizer$ConditionObject.awaitNanos(AbstractQueuedSynchronizer.java:2078)
        at org.apache.ratis.util.DataBlockingQueue.poll(DataBlockingQueue.java:148)
        at org.apache.ratis.server.raftlog.segmented.SegmentedRaftLogWorker.run(SegmentedRaftLogWorker.java:299)
        at org.apache.ratis.server.raftlog.segmented.SegmentedRaftLogWorker$$Lambda$913/1052546256.run(Unknown Source)
        at java.util.concurrent.Executors$RunnableAdapter.call(Executors.java:511)
        at java.util.concurrent.FutureTask.run(FutureTask.java:266)
        at java.util.concurrent.ThreadPoolExecutor.runWorker(ThreadPoolExecutor.java:1149)
        at java.util.concurrent.ThreadPoolExecutor$Worker.run(ThreadPoolExecutor.java:624)
        at java.lang.Thread.run(Thread.java:750)
"e780b093-7242-46d7-bd8f-0f810188c7b3-ChunkReader-5" daemon prio=5 tid=2012 in Object.wait()
java.lang.Thread.State: WAITING (on object monitor)
        at sun.misc.Unsafe.park(Native Method)
        at java.util.concurrent.locks.LockSupport.park(LockSupport.java:175)
        at java.util.concurrent.locks.AbstractQueuedSynchronizer$ConditionObject.await(AbstractQueuedSynchronizer.java:2039)
        at java.util.concurrent.LinkedBlockingQueue.take(LinkedBlockingQueue.java:442)
        at java.util.concurrent.ThreadPoolExecutor.getTask(ThreadPoolExecutor.java:1074)
        at java.util.concurrent.ThreadPoolExecutor.runWorker(ThreadPoolExecutor.java:1134)
        at java.util.concurrent.ThreadPoolExecutor$Worker.run(ThreadPoolExecutor.java:624)
        at java.lang.Thread.run(Thread.java:750)
"EventQueue-StaleNodeForStaleNodeHandler" daemon prio=5 tid=885 in Object.wait()
java.lang.Thread.State: WAITING (on object monitor)
        at sun.misc.Unsafe.park(Native Method)
        at java.util.concurrent.locks.LockSupport.park(LockSupport.java:175)
        at java.util.concurrent.locks.AbstractQueuedSynchronizer$ConditionObject.await(AbstractQueuedSynchronizer.java:2039)
        at java.util.concurrent.LinkedBlockingQueue.take(LinkedBlockingQueue.java:442)
        at java.util.concurrent.ThreadPoolExecutor.getTask(ThreadPoolExecutor.java:1074)
        at java.util.concurrent.ThreadPoolExecutor.runWorker(ThreadPoolExecutor.java:1134)
        at java.util.concurrent.ThreadPoolExecutor$Worker.run(ThreadPoolExecutor.java:624)
        at java.lang.Thread.run(Thread.java:750)
"e780b093-7242-46d7-bd8f-0f810188c7b3@group-383C4AAD3A78-LeaderStateImpl" daemon prio=5 tid=1619 timed_waiting
java.lang.Thread.State: TIMED_WAITING
        at sun.misc.Unsafe.park(Native Method)
        at java.util.concurrent.locks.LockSupport.parkNanos(LockSupport.java:215)
        at java.util.concurrent.locks.AbstractQueuedSynchronizer$ConditionObject.awaitNanos(AbstractQueuedSynchronizer.java:2078)
        at java.util.concurrent.ArrayBlockingQueue.poll(ArrayBlockingQueue.java:418)
        at org.apache.ratis.server.impl.LeaderStateImpl$EventQueue.poll(LeaderStateImpl.java:164)
        at org.apache.ratis.server.impl.LeaderStateImpl$EventProcessor.run(LeaderStateImpl.java:762)
"e780b093-7242-46d7-bd8f-0f810188c7b3-groupManagement"  prio=5 tid=1057 in Object.wait()
java.lang.Thread.State: WAITING (on object monitor)
        at sun.misc.Unsafe.park(Native Method)
        at java.util.concurrent.locks.LockSupport.park(LockSupport.java:175)
        at java.util.concurrent.locks.AbstractQueuedSynchronizer$ConditionObject.await(AbstractQueuedSynchronizer.java:2039)
        at java.util.concurrent.LinkedBlockingQueue.take(LinkedBlockingQueue.java:442)
        at java.util.concurrent.ThreadPoolExecutor.getTask(ThreadPoolExecutor.java:1074)
        at java.util.concurrent.ThreadPoolExecutor.runWorker(ThreadPoolExecutor.java:1134)
        at java.util.concurrent.ThreadPoolExecutor$Worker.run(ThreadPoolExecutor.java:624)
        at java.lang.Thread.run(Thread.java:750)
"IPC Server handler 19 on default port 15004" daemon prio=5 tid=431 timed_waiting
java.lang.Thread.State: TIMED_WAITING
        at sun.misc.Unsafe.park(Native Method)
        at java.util.concurrent.locks.LockSupport.parkNanos(LockSupport.java:215)
        at java.util.concurrent.locks.AbstractQueuedSynchronizer$ConditionObject.awaitNanos(AbstractQueuedSynchronizer.java:2078)
        at java.util.concurrent.LinkedBlockingQueue.poll(LinkedBlockingQueue.java:467)
        at org.apache.hadoop.ipc.CallQueueManager.take(CallQueueManager.java:317)
        at org.apache.hadoop.ipc.Server$Handler.run(Server.java:3014)
"c30fedce-f286-40e0-881d-3d5a9a6e2463-CommandProcessorThread" daemon prio=5 tid=629 timed_waiting
java.lang.Thread.State: TIMED_WAITING
        at java.lang.Thread.sleep(Native Method)
        at org.apache.hadoop.ozone.container.common.statemachine.DatanodeStateMachine.lambda$initCommandHandlerThread$4(DatanodeStateMachine.java:684)
        at org.apache.hadoop.ozone.container.common.statemachine.DatanodeStateMachine$$Lambda$1032/2137296302.run(Unknown Source)
        at java.lang.Thread.run(Thread.java:750)
"86ab988c-fa9c-425d-a1c6-9004ff7fd93d@group-89543CF42D33-cacheEviction-AwaitToRun" daemon prio=5 tid=1005 in Object.wait()
java.lang.Thread.State: WAITING (on object monitor)
        at sun.misc.Unsafe.park(Native Method)
        at java.util.concurrent.locks.LockSupport.park(LockSupport.java:175)
        at java.util.concurrent.locks.AbstractQueuedSynchronizer$ConditionObject.await(AbstractQueuedSynchronizer.java:2039)
        at org.apache.ratis.util.AwaitForSignal.await(AwaitForSignal.java:48)
        at org.apache.ratis.util.AwaitToRun$RunnableImpl.run(AwaitToRun.java:47)
        at java.lang.Thread.run(Thread.java:750)
"IPC Server handler 69 on default port 15000" daemon prio=5 tid=123 timed_waiting
java.lang.Thread.State: TIMED_WAITING
        at sun.misc.Unsafe.park(Native Method)
        at java.util.concurrent.locks.LockSupport.parkNanos(LockSupport.java:215)
        at java.util.concurrent.locks.AbstractQueuedSynchronizer$ConditionObject.awaitNanos(AbstractQueuedSynchronizer.java:2078)
        at java.util.concurrent.LinkedBlockingQueue.poll(LinkedBlockingQueue.java:467)
        at org.apache.hadoop.ipc.CallQueueManager.take(CallQueueManager.java:317)
        at org.apache.hadoop.ipc.Server$Handler.run(Server.java:3014)
"e780b093-7242-46d7-bd8f-0f810188c7b3-BlockDeletingService#0" daemon prio=5 tid=873 timed_waiting
java.lang.Thread.State: TIMED_WAITING
        at sun.misc.Unsafe.park(Native Method)
        at java.util.concurrent.locks.LockSupport.parkNanos(LockSupport.java:215)
        at java.util.concurrent.locks.AbstractQueuedSynchronizer$ConditionObject.awaitNanos(AbstractQueuedSynchronizer.java:2078)
        at java.util.concurrent.ScheduledThreadPoolExecutor$DelayedWorkQueue.take(ScheduledThreadPoolExecutor.java:1093)
        at java.util.concurrent.ScheduledThreadPoolExecutor$DelayedWorkQueue.take(ScheduledThreadPoolExecutor.java:809)
        at java.util.concurrent.ThreadPoolExecutor.getTask(ThreadPoolExecutor.java:1074)
        at java.util.concurrent.ThreadPoolExecutor.runWorker(ThreadPoolExecutor.java:1134)
        at java.util.concurrent.ThreadPoolExecutor$Worker.run(ThreadPoolExecutor.java:624)
        at java.lang.Thread.run(Thread.java:750)
"pool-72-thread-1" daemon prio=5 tid=722 timed_waiting
java.lang.Thread.State: TIMED_WAITING
        at sun.misc.Unsafe.park(Native Method)
        at java.util.concurrent.locks.LockSupport.parkNanos(LockSupport.java:215)
        at java.util.concurrent.locks.AbstractQueuedSynchronizer$ConditionObject.awaitNanos(AbstractQueuedSynchronizer.java:2078)
        at java.util.concurrent.ScheduledThreadPoolExecutor$DelayedWorkQueue.take(ScheduledThreadPoolExecutor.java:1093)
        at java.util.concurrent.ScheduledThreadPoolExecutor$DelayedWorkQueue.take(ScheduledThreadPoolExecutor.java:809)
        at java.util.concurrent.ThreadPoolExecutor.getTask(ThreadPoolExecutor.java:1074)
        at java.util.concurrent.ThreadPoolExecutor.runWorker(ThreadPoolExecutor.java:1134)
        at java.util.concurrent.ThreadPoolExecutor$Worker.run(ThreadPoolExecutor.java:624)
        at java.lang.Thread.run(Thread.java:750)
"e46a6e51-795f-4801-a523-c45a6c7f2c34@group-D74CD222B38A-LeaderStateImpl" daemon prio=5 tid=1595 timed_waiting
java.lang.Thread.State: TIMED_WAITING
        at sun.misc.Unsafe.park(Native Method)
        at java.util.concurrent.locks.LockSupport.parkNanos(LockSupport.java:215)
        at java.util.concurrent.locks.AbstractQueuedSynchronizer$ConditionObject.awaitNanos(AbstractQueuedSynchronizer.java:2078)
        at java.util.concurrent.ArrayBlockingQueue.poll(ArrayBlockingQueue.java:418)
        at org.apache.ratis.server.impl.LeaderStateImpl$EventQueue.poll(LeaderStateImpl.java:164)
        at org.apache.ratis.server.impl.LeaderStateImpl$EventProcessor.run(LeaderStateImpl.java:762)
"78f89d9b-e409-4704-890b-bfcfbcdfd28a-NettyServerStreamRpc-bossGroup--thread1"  prio=5 tid=660 runnable
java.lang.Thread.State: RUNNABLE
        at org.apache.ratis.thirdparty.io.netty.channel.epoll.Native.epollWait(Native Method)
        at org.apache.ratis.thirdparty.io.netty.channel.epoll.Native.epollWait(Native.java:209)
        at org.apache.ratis.thirdparty.io.netty.channel.epoll.Native.epollWait(Native.java:202)
        at org.apache.ratis.thirdparty.io.netty.channel.epoll.EpollEventLoop.epollWaitNoTimerChange(EpollEventLoop.java:316)
        at org.apache.ratis.thirdparty.io.netty.channel.epoll.EpollEventLoop.run(EpollEventLoop.java:373)
        at org.apache.ratis.thirdparty.io.netty.util.concurrent.SingleThreadEventExecutor$4.run(SingleThreadEventExecutor.java:997)
        at org.apache.ratis.thirdparty.io.netty.util.internal.ThreadExecutorMap$2.run(ThreadExecutorMap.java:74)
        at java.lang.Thread.run(Thread.java:750)
"IPC Server handler 45 on default port 15001" daemon prio=5 tid=199 timed_waiting
java.lang.Thread.State: TIMED_WAITING
        at sun.misc.Unsafe.park(Native Method)
        at java.util.concurrent.locks.LockSupport.parkNanos(LockSupport.java:215)
        at java.util.concurrent.locks.AbstractQueuedSynchronizer$ConditionObject.awaitNanos(AbstractQueuedSynchronizer.java:2078)
        at java.util.concurrent.LinkedBlockingQueue.poll(LinkedBlockingQueue.java:467)
        at org.apache.hadoop.ipc.CallQueueManager.take(CallQueueManager.java:317)
        at org.apache.hadoop.ipc.Server$Handler.run(Server.java:3014)
"78f89d9b-e409-4704-890b-bfcfbcdfd28a-ChunkReader-1" daemon prio=5 tid=2018 in Object.wait()
java.lang.Thread.State: WAITING (on object monitor)
        at sun.misc.Unsafe.park(Native Method)
        at java.util.concurrent.locks.LockSupport.park(LockSupport.java:175)
        at java.util.concurrent.locks.AbstractQueuedSynchronizer$ConditionObject.await(AbstractQueuedSynchronizer.java:2039)
        at java.util.concurrent.LinkedBlockingQueue.take(LinkedBlockingQueue.java:442)
        at java.util.concurrent.ThreadPoolExecutor.getTask(ThreadPoolExecutor.java:1074)
        at java.util.concurrent.ThreadPoolExecutor.runWorker(ThreadPoolExecutor.java:1134)
        at java.util.concurrent.ThreadPoolExecutor$Worker.run(ThreadPoolExecutor.java:624)
        at java.lang.Thread.run(Thread.java:750)
"e780b093-7242-46d7-bd8f-0f810188c7b3-server-thread2" daemon prio=5 tid=1878 timed_waiting
java.lang.Thread.State: TIMED_WAITING
        at sun.misc.Unsafe.park(Native Method)
        at java.util.concurrent.locks.LockSupport.parkNanos(LockSupport.java:215)
        at java.util.concurrent.SynchronousQueue$TransferStack.awaitFulfill(SynchronousQueue.java:460)
        at java.util.concurrent.SynchronousQueue$TransferStack.transfer(SynchronousQueue.java:362)
        at java.util.concurrent.SynchronousQueue.poll(SynchronousQueue.java:941)
        at java.util.concurrent.ThreadPoolExecutor.getTask(ThreadPoolExecutor.java:1073)
        at java.util.concurrent.ThreadPoolExecutor.runWorker(ThreadPoolExecutor.java:1134)
        at java.util.concurrent.ThreadPoolExecutor$Worker.run(ThreadPoolExecutor.java:624)
        at java.lang.Thread.run(Thread.java:750)
"FixedThreadPoolWithAffinityExecutor-0-0" daemon prio=5 tid=43 timed_waiting
java.lang.Thread.State: TIMED_WAITING
        at sun.misc.Unsafe.park(Native Method)
        at java.util.concurrent.locks.LockSupport.parkNanos(LockSupport.java:215)
        at java.util.concurrent.locks.AbstractQueuedSynchronizer$ConditionObject.awaitNanos(AbstractQueuedSynchronizer.java:2078)
        at java.util.concurrent.LinkedBlockingQueue.poll(LinkedBlockingQueue.java:467)
        at org.apache.hadoop.hdds.scm.server.ContainerReportQueue.poll(ContainerReportQueue.java:269)
        at org.apache.hadoop.hdds.scm.server.ContainerReportQueue.poll(ContainerReportQueue.java:42)
        at org.apache.hadoop.hdds.server.events.FixedThreadPoolWithAffinityExecutor$ContainerReportProcessTask.run(FixedThreadPoolWithAffinityExecutor.java:253)
        at java.util.concurrent.Executors$RunnableAdapter.call(Executors.java:511)
        at java.util.concurrent.FutureTask.run(FutureTask.java:266)
        at java.util.concurrent.ThreadPoolExecutor.runWorker(ThreadPoolExecutor.java:1149)
        at java.util.concurrent.ThreadPoolExecutor$Worker.run(ThreadPoolExecutor.java:624)
        at java.lang.Thread.run(Thread.java:750)
"Session-HouseKeeper-57c17c23-1"  prio=5 tid=446 timed_waiting
java.lang.Thread.State: TIMED_WAITING
        at sun.misc.Unsafe.park(Native Method)
        at java.util.concurrent.locks.LockSupport.parkNanos(LockSupport.java:215)
        at java.util.concurrent.locks.AbstractQueuedSynchronizer$ConditionObject.awaitNanos(AbstractQueuedSynchronizer.java:2078)
        at java.util.concurrent.ScheduledThreadPoolExecutor$DelayedWorkQueue.take(ScheduledThreadPoolExecutor.java:1093)
        at java.util.concurrent.ScheduledThreadPoolExecutor$DelayedWorkQueue.take(ScheduledThreadPoolExecutor.java:809)
        at java.util.concurrent.ThreadPoolExecutor.getTask(ThreadPoolExecutor.java:1074)
        at java.util.concurrent.ThreadPoolExecutor.runWorker(ThreadPoolExecutor.java:1134)
        at java.util.concurrent.ThreadPoolExecutor$Worker.run(ThreadPoolExecutor.java:624)
        at java.lang.Thread.run(Thread.java:750)
"e780b093-7242-46d7-bd8f-0f810188c7b3@group-83D984655C73->86ab988c-fa9c-425d-a1c6-9004ff7fd93d-GrpcLogAppender-LogAppenderDaemon" daemon prio=5 tid=1710 timed_waiting
java.lang.Thread.State: TIMED_WAITING
        at sun.misc.Unsafe.park(Native Method)
        at java.util.concurrent.locks.LockSupport.parkNanos(LockSupport.java:215)
        at java.util.concurrent.locks.AbstractQueuedSynchronizer$ConditionObject.await(AbstractQueuedSynchronizer.java:2163)
        at org.apache.ratis.util.AwaitForSignal.await(AwaitForSignal.java:65)
        at org.apache.ratis.grpc.server.GrpcLogAppender.mayWait(GrpcLogAppender.java:286)
        at org.apache.ratis.grpc.server.GrpcLogAppender.run(GrpcLogAppender.java:254)
        at org.apache.ratis.server.leader.LogAppenderDaemon.run(LogAppenderDaemon.java:80)
        at org.apache.ratis.server.leader.LogAppenderDaemon$$Lambda$1370/616798254.run(Unknown Source)
        at java.lang.Thread.run(Thread.java:750)
"86ab988c-fa9c-425d-a1c6-9004ff7fd93d-DatanodeReportManager-3" daemon prio=5 tid=599 in Object.wait()
java.lang.Thread.State: WAITING (on object monitor)
        at sun.misc.Unsafe.park(Native Method)
        at java.util.concurrent.locks.LockSupport.park(LockSupport.java:175)
        at java.util.concurrent.locks.AbstractQueuedSynchronizer$ConditionObject.await(AbstractQueuedSynchronizer.java:2039)
        at java.util.concurrent.ScheduledThreadPoolExecutor$DelayedWorkQueue.take(ScheduledThreadPoolExecutor.java:1088)
        at java.util.concurrent.ScheduledThreadPoolExecutor$DelayedWorkQueue.take(ScheduledThreadPoolExecutor.java:809)
        at java.util.concurrent.ThreadPoolExecutor.getTask(ThreadPoolExecutor.java:1074)
        at java.util.concurrent.ThreadPoolExecutor.runWorker(ThreadPoolExecutor.java:1134)
        at java.util.concurrent.ThreadPoolExecutor$Worker.run(ThreadPoolExecutor.java:624)
        at java.lang.Thread.run(Thread.java:750)
"IPC Server handler 93 on default port 15002" daemon prio=5 tid=347 timed_waiting
java.lang.Thread.State: TIMED_WAITING
        at sun.misc.Unsafe.park(Native Method)
        at java.util.concurrent.locks.LockSupport.parkNanos(LockSupport.java:215)
        at java.util.concurrent.locks.AbstractQueuedSynchronizer$ConditionObject.awaitNanos(AbstractQueuedSynchronizer.java:2078)
        at java.util.concurrent.LinkedBlockingQueue.poll(LinkedBlockingQueue.java:467)
        at org.apache.hadoop.ipc.CallQueueManager.take(CallQueueManager.java:317)
        at org.apache.hadoop.ipc.Server$Handler.run(Server.java:3014)
"c30fedce-f286-40e0-881d-3d5a9a6e2463@group-68F6D74661CE-FollowerState" daemon prio=5 tid=2195 timed_waiting
java.lang.Thread.State: TIMED_WAITING
        at java.lang.Thread.sleep(Native Method)
        at java.lang.Thread.sleep(Thread.java:342)
        at java.util.concurrent.TimeUnit.sleep(TimeUnit.java:386)
        at org.apache.ratis.util.TimeDuration.sleep(TimeDuration.java:353)
        at org.apache.ratis.util.TimeDuration.sleep(TimeDuration.java:338)
        at org.apache.ratis.server.impl.FollowerState.run(FollowerState.java:128)
"IPC Server handler 49 on default port 15002" daemon prio=5 tid=303 timed_waiting
java.lang.Thread.State: TIMED_WAITING
        at sun.misc.Unsafe.park(Native Method)
        at java.util.concurrent.locks.LockSupport.parkNanos(LockSupport.java:215)
        at java.util.concurrent.locks.AbstractQueuedSynchronizer$ConditionObject.awaitNanos(AbstractQueuedSynchronizer.java:2078)
        at java.util.concurrent.LinkedBlockingQueue.poll(LinkedBlockingQueue.java:467)
        at org.apache.hadoop.ipc.CallQueueManager.take(CallQueueManager.java:317)
        at org.apache.hadoop.ipc.Server$Handler.run(Server.java:3014)
"78f89d9b-e409-4704-890b-bfcfbcdfd28a@group-68F6D74661CE-StateMachineUpdater" daemon prio=5 tid=2157 timed_waiting
java.lang.Thread.State: TIMED_WAITING
        at sun.misc.Unsafe.park(Native Method)
        at java.util.concurrent.locks.LockSupport.parkNanos(LockSupport.java:215)
        at java.util.concurrent.locks.AbstractQueuedSynchronizer$ConditionObject.await(AbstractQueuedSynchronizer.java:2163)
        at org.apache.ratis.util.AwaitForSignal.await(AwaitForSignal.java:65)
        at org.apache.ratis.server.impl.StateMachineUpdater.waitForCommit(StateMachineUpdater.java:211)
        at org.apache.ratis.server.impl.StateMachineUpdater.run(StateMachineUpdater.java:180)
        at java.lang.Thread.run(Thread.java:750)
"Hadoop-Metrics-Updater-0" daemon prio=5 tid=537 timed_waiting
java.lang.Thread.State: TIMED_WAITING
        at sun.misc.Unsafe.park(Native Method)
        at java.util.concurrent.locks.LockSupport.parkNanos(LockSupport.java:215)
        at java.util.concurrent.locks.AbstractQueuedSynchronizer$ConditionObject.awaitNanos(AbstractQueuedSynchronizer.java:2078)
        at java.util.concurrent.ScheduledThreadPoolExecutor$DelayedWorkQueue.take(ScheduledThreadPoolExecutor.java:1093)
        at java.util.concurrent.ScheduledThreadPoolExecutor$DelayedWorkQueue.take(ScheduledThreadPoolExecutor.java:809)
        at java.util.concurrent.ThreadPoolExecutor.getTask(ThreadPoolExecutor.java:1074)
        at java.util.concurrent.ThreadPoolExecutor.runWorker(ThreadPoolExecutor.java:1134)
        at java.util.concurrent.ThreadPoolExecutor$Worker.run(ThreadPoolExecutor.java:624)
        at java.lang.Thread.run(Thread.java:750)
"IPC Server handler 36 on default port 15002" daemon prio=5 tid=290 timed_waiting
java.lang.Thread.State: TIMED_WAITING
        at sun.misc.Unsafe.park(Native Method)
        at java.util.concurrent.locks.LockSupport.parkNanos(LockSupport.java:215)
        at java.util.concurrent.locks.AbstractQueuedSynchronizer$ConditionObject.awaitNanos(AbstractQueuedSynchronizer.java:2078)
        at java.util.concurrent.LinkedBlockingQueue.poll(LinkedBlockingQueue.java:467)
        at org.apache.hadoop.ipc.CallQueueManager.take(CallQueueManager.java:317)
        at org.apache.hadoop.ipc.Server$Handler.run(Server.java:3014)
"IPC Server handler 64 on default port 15001" daemon prio=5 tid=218 timed_waiting
java.lang.Thread.State: TIMED_WAITING
        at sun.misc.Unsafe.park(Native Method)
        at java.util.concurrent.locks.LockSupport.parkNanos(LockSupport.java:215)
        at java.util.concurrent.locks.AbstractQueuedSynchronizer$ConditionObject.awaitNanos(AbstractQueuedSynchronizer.java:2078)
        at java.util.concurrent.LinkedBlockingQueue.poll(LinkedBlockingQueue.java:467)
        at org.apache.hadoop.ipc.CallQueueManager.take(CallQueueManager.java:317)
        at org.apache.hadoop.ipc.Server$Handler.run(Server.java:3014)
"IPC Server handler 73 on default port 15000" daemon prio=5 tid=127 timed_waiting
java.lang.Thread.State: TIMED_WAITING
        at sun.misc.Unsafe.park(Native Method)
        at java.util.concurrent.locks.LockSupport.parkNanos(LockSupport.java:215)
        at java.util.concurrent.locks.AbstractQueuedSynchronizer$ConditionObject.awaitNanos(AbstractQueuedSynchronizer.java:2078)
        at java.util.concurrent.LinkedBlockingQueue.poll(LinkedBlockingQueue.java:467)
        at org.apache.hadoop.ipc.CallQueueManager.take(CallQueueManager.java:317)
        at org.apache.hadoop.ipc.Server$Handler.run(Server.java:3014)
"qtp2089021425-522" daemon prio=5 tid=522 runnable
java.lang.Thread.State: RUNNABLE
        at sun.nio.ch.EPollArrayWrapper.epollWait(Native Method)
        at sun.nio.ch.EPollArrayWrapper.poll(EPollArrayWrapper.java:269)
        at sun.nio.ch.EPollSelectorImpl.doSelect(EPollSelectorImpl.java:93)
        at sun.nio.ch.SelectorImpl.lockAndDoSelect(SelectorImpl.java:86)
        at sun.nio.ch.SelectorImpl.select(SelectorImpl.java:97)
        at sun.nio.ch.SelectorImpl.select(SelectorImpl.java:101)
        at org.eclipse.jetty.io.ManagedSelector.nioSelect(ManagedSelector.java:183)
        at org.eclipse.jetty.io.ManagedSelector.select(ManagedSelector.java:190)
        at org.eclipse.jetty.io.ManagedSelector$SelectorProducer.select(ManagedSelector.java:606)
        at org.eclipse.jetty.io.ManagedSelector$SelectorProducer.produce(ManagedSelector.java:543)
        at org.eclipse.jetty.util.thread.strategy.EatWhatYouKill.produceTask(EatWhatYouKill.java:362)
        at org.eclipse.jetty.util.thread.strategy.EatWhatYouKill.doProduce(EatWhatYouKill.java:186)
        at org.eclipse.jetty.util.thread.strategy.EatWhatYouKill.tryProduce(EatWhatYouKill.java:173)
        at org.eclipse.jetty.util.thread.strategy.EatWhatYouKill.produce(EatWhatYouKill.java:137)
        at org.eclipse.jetty.io.ManagedSelector$$Lambda$589/284576707.run(Unknown Source)
        at org.eclipse.jetty.util.thread.QueuedThreadPool.runJob(QueuedThreadPool.java:883)
        at org.eclipse.jetty.util.thread.QueuedThreadPool$Runner.run(QueuedThreadPool.java:1034)
        at java.lang.Thread.run(Thread.java:750)
"IPC Server handler 29 on default port 15001" daemon prio=5 tid=183 timed_waiting
java.lang.Thread.State: TIMED_WAITING
        at sun.misc.Unsafe.park(Native Method)
        at java.util.concurrent.locks.LockSupport.parkNanos(LockSupport.java:215)
        at java.util.concurrent.locks.AbstractQueuedSynchronizer$ConditionObject.awaitNanos(AbstractQueuedSynchronizer.java:2078)
        at java.util.concurrent.LinkedBlockingQueue.poll(LinkedBlockingQueue.java:467)
        at org.apache.hadoop.ipc.CallQueueManager.take(CallQueueManager.java:317)
        at org.apache.hadoop.ipc.Server$Handler.run(Server.java:3014)
"78f89d9b-e409-4704-890b-bfcfbcdfd28a@group-24226A001283-LeaderStateImpl" daemon prio=5 tid=1590 timed_waiting
java.lang.Thread.State: TIMED_WAITING
        at sun.misc.Unsafe.park(Native Method)
        at java.util.concurrent.locks.LockSupport.parkNanos(LockSupport.java:215)
        at java.util.concurrent.locks.AbstractQueuedSynchronizer$ConditionObject.awaitNanos(AbstractQueuedSynchronizer.java:2078)
        at java.util.concurrent.ArrayBlockingQueue.poll(ArrayBlockingQueue.java:418)
        at org.apache.ratis.server.impl.LeaderStateImpl$EventQueue.poll(LeaderStateImpl.java:164)
        at org.apache.ratis.server.impl.LeaderStateImpl$EventProcessor.run(LeaderStateImpl.java:762)
"nullContainerReplicationThread-1" daemon prio=5 tid=2368 timed_waiting
java.lang.Thread.State: TIMED_WAITING
        at java.lang.Thread.sleep(Native Method)
        at org.apache.ozone.test.GenericTestUtils.waitFor(GenericTestUtils.java:197)
        at org.apache.hadoop.ozone.container.TestECContainerRecovery.lambda$testECContainerRecoveryWithTimedOutRecovery$1(TestECContainerRecovery.java:321)
        at org.apache.hadoop.ozone.container.TestECContainerRecovery$$Lambda$1855/860886575.answer(Unknown Source)
        at org.mockito.internal.stubbing.StubbedInvocationMatcher.answer(StubbedInvocationMatcher.java:42)
        at org.mockito.internal.handler.MockHandlerImpl.handle(MockHandlerImpl.java:103)
        at org.mockito.internal.handler.NullResultGuardian.handle(NullResultGuardian.java:29)
        at org.mockito.internal.handler.InvocationNotifierHandler.handle(InvocationNotifierHandler.java:34)
        at org.mockito.internal.creation.bytebuddy.MockMethodInterceptor.doIntercept(MockMethodInterceptor.java:82)
        at org.mockito.internal.creation.bytebuddy.MockMethodAdvice.handle(MockMethodAdvice.java:134)
        at org.apache.hadoop.ozone.container.ec.reconstruction.ECReconstructionCoordinator.reconstructECBlockGroup(ECReconstructionCoordinator.java:244)
        at org.apache.hadoop.ozone.container.ec.reconstruction.ECReconstructionCoordinator.reconstructECContainerGroup(ECReconstructionCoordinator.java:181)
        at sun.reflect.NativeMethodAccessorImpl.invoke0(Native Method)
        at sun.reflect.NativeMethodAccessorImpl.invoke(NativeMethodAccessorImpl.java:62)
        at sun.reflect.DelegatingMethodAccessorImpl.invoke(DelegatingMethodAccessorImpl.java:43)
        at java.lang.reflect.Method.invoke(Method.java:498)
        at org.mockito.internal.util.reflection.ReflectionMemberAccessor.invoke(ReflectionMemberAccessor.java:48)
        at org.mockito.internal.creation.bytebuddy.MockMethodAdvice.tryInvoke(MockMethodAdvice.java:314)
        at org.mockito.internal.creation.bytebuddy.MockMethodAdvice.access$500(MockMethodAdvice.java:64)
        at org.mockito.internal.creation.bytebuddy.MockMethodAdvice$RealMethodCall.invoke(MockMethodAdvice.java:234)
        at org.mockito.internal.invocation.InterceptedInvocation.callRealMethod(InterceptedInvocation.java:142)
        at org.mockito.internal.stubbing.answers.CallsRealMethods.answer(CallsRealMethods.java:45)
        at org.mockito.Answers.answer(Answers.java:90)
        at org.mockito.internal.handler.MockHandlerImpl.handle(MockHandlerImpl.java:111)
        at org.mockito.internal.handler.NullResultGuardian.handle(NullResultGuardian.java:29)
        at org.mockito.internal.handler.InvocationNotifierHandler.handle(InvocationNotifierHandler.java:34)
        at org.mockito.internal.creation.bytebuddy.MockMethodInterceptor.doIntercept(MockMethodInterceptor.java:82)
        at org.mockito.internal.creation.bytebuddy.MockMethodAdvice.handle(MockMethodAdvice.java:134)
        at org.apache.hadoop.ozone.container.ec.reconstruction.ECReconstructionCoordinator.reconstructECContainerGroup(ECReconstructionCoordinator.java:151)
        at org.apache.hadoop.ozone.container.ec.reconstruction.ECReconstructionCoordinatorTask.runTask(ECReconstructionCoordinatorTask.java:68)
        at org.apache.hadoop.ozone.container.replication.ReplicationSupervisor$TaskRunner.run(ReplicationSupervisor.java:369)
        at java.util.concurrent.ThreadPoolExecutor.runWorker(ThreadPoolExecutor.java:1149)
        at java.util.concurrent.ThreadPoolExecutor$Worker.run(ThreadPoolExecutor.java:624)
        at java.lang.Thread.run(Thread.java:750)
"13f92446-3b18-4d81-bc66-0f9b00220e72-DatanodeStateMachineTaskThread-1"  prio=5 tid=2068 in Object.wait()
java.lang.Thread.State: WAITING (on object monitor)
        at sun.misc.Unsafe.park(Native Method)
        at java.util.concurrent.locks.LockSupport.park(LockSupport.java:175)
        at java.util.concurrent.locks.AbstractQueuedSynchronizer$ConditionObject.await(AbstractQueuedSynchronizer.java:2039)
        at java.util.concurrent.LinkedBlockingQueue.take(LinkedBlockingQueue.java:442)
        at java.util.concurrent.ThreadPoolExecutor.getTask(ThreadPoolExecutor.java:1074)
        at java.util.concurrent.ThreadPoolExecutor.runWorker(ThreadPoolExecutor.java:1134)
        at java.util.concurrent.ThreadPoolExecutor$Worker.run(ThreadPoolExecutor.java:624)
        at java.lang.Thread.run(Thread.java:750)
"d25dc3b0-28fc-4383-b1a0-617845025f41-BlockDeletingService#1" daemon prio=5 tid=763 in Object.wait()
java.lang.Thread.State: WAITING (on object monitor)
        at sun.misc.Unsafe.park(Native Method)
        at java.util.concurrent.locks.LockSupport.park(LockSupport.java:175)
        at java.util.concurrent.locks.AbstractQueuedSynchronizer$ConditionObject.await(AbstractQueuedSynchronizer.java:2039)
        at java.util.concurrent.ScheduledThreadPoolExecutor$DelayedWorkQueue.take(ScheduledThreadPoolExecutor.java:1088)
        at java.util.concurrent.ScheduledThreadPoolExecutor$DelayedWorkQueue.take(ScheduledThreadPoolExecutor.java:809)
        at java.util.concurrent.ThreadPoolExecutor.getTask(ThreadPoolExecutor.java:1074)
        at java.util.concurrent.ThreadPoolExecutor.runWorker(ThreadPoolExecutor.java:1134)
        at java.util.concurrent.ThreadPoolExecutor$Worker.run(ThreadPoolExecutor.java:624)
        at java.lang.Thread.run(Thread.java:750)
"Hadoop-Metrics-Updater-0" daemon prio=5 tid=451 timed_waiting
java.lang.Thread.State: TIMED_WAITING
        at sun.misc.Unsafe.park(Native Method)
        at java.util.concurrent.locks.LockSupport.parkNanos(LockSupport.java:215)
        at java.util.concurrent.locks.AbstractQueuedSynchronizer$ConditionObject.awaitNanos(AbstractQueuedSynchronizer.java:2078)
        at java.util.concurrent.ScheduledThreadPoolExecutor$DelayedWorkQueue.take(ScheduledThreadPoolExecutor.java:1093)
        at java.util.concurrent.ScheduledThreadPoolExecutor$DelayedWorkQueue.take(ScheduledThreadPoolExecutor.java:809)
        at java.util.concurrent.ThreadPoolExecutor.getTask(ThreadPoolExecutor.java:1074)
        at java.util.concurrent.ThreadPoolExecutor.runWorker(ThreadPoolExecutor.java:1134)
        at java.util.concurrent.ThreadPoolExecutor$Worker.run(ThreadPoolExecutor.java:624)
        at java.lang.Thread.run(Thread.java:750)
"IPC Server Responder" daemon prio=5 tid=620 runnable
java.lang.Thread.State: RUNNABLE
        at sun.nio.ch.EPollArrayWrapper.epollWait(Native Method)
        at sun.nio.ch.EPollArrayWrapper.poll(EPollArrayWrapper.java:269)
        at sun.nio.ch.EPollSelectorImpl.doSelect(EPollSelectorImpl.java:93)
        at sun.nio.ch.SelectorImpl.lockAndDoSelect(SelectorImpl.java:86)
        at sun.nio.ch.SelectorImpl.select(SelectorImpl.java:97)
        at org.apache.hadoop.ipc.Server$Responder.doRunLoop(Server.java:1582)
        at org.apache.hadoop.ipc.Server$Responder.run(Server.java:1565)
"c30fedce-f286-40e0-881d-3d5a9a6e2463-server-thread1" daemon prio=5 tid=1927 timed_waiting
java.lang.Thread.State: TIMED_WAITING
        at sun.misc.Unsafe.park(Native Method)
        at java.util.concurrent.locks.LockSupport.parkNanos(LockSupport.java:215)
        at java.util.concurrent.SynchronousQueue$TransferStack.awaitFulfill(SynchronousQueue.java:460)
        at java.util.concurrent.SynchronousQueue$TransferStack.transfer(SynchronousQueue.java:362)
        at java.util.concurrent.SynchronousQueue.poll(SynchronousQueue.java:941)
        at java.util.concurrent.ThreadPoolExecutor.getTask(ThreadPoolExecutor.java:1073)
        at java.util.concurrent.ThreadPoolExecutor.runWorker(ThreadPoolExecutor.java:1134)
        at java.util.concurrent.ThreadPoolExecutor$Worker.run(ThreadPoolExecutor.java:624)
        at java.lang.Thread.run(Thread.java:750)
"grpc-default-worker-ELG-3-1" daemon prio=5 tid=912 runnable
java.lang.Thread.State: RUNNABLE
        at org.apache.ratis.thirdparty.io.netty.channel.epoll.Native.epollWait0(Native Method)
        at org.apache.ratis.thirdparty.io.netty.channel.epoll.Native.epollWait(Native.java:182)
        at org.apache.ratis.thirdparty.io.netty.channel.epoll.EpollEventLoop.epollWait(EpollEventLoop.java:312)
        at org.apache.ratis.thirdparty.io.netty.channel.epoll.EpollEventLoop.run(EpollEventLoop.java:376)
        at org.apache.ratis.thirdparty.io.netty.util.concurrent.SingleThreadEventExecutor$4.run(SingleThreadEventExecutor.java:997)
        at org.apache.ratis.thirdparty.io.netty.util.internal.ThreadExecutorMap$2.run(ThreadExecutorMap.java:74)
        at org.apache.ratis.thirdparty.io.netty.util.concurrent.FastThreadLocalRunnable.run(FastThreadLocalRunnable.java:30)
        at java.lang.Thread.run(Thread.java:750)
"13f92446-3b18-4d81-bc66-0f9b00220e72-DatanodeReportManager-0" daemon prio=5 tid=2061 timed_waiting
java.lang.Thread.State: TIMED_WAITING
        at sun.misc.Unsafe.park(Native Method)
        at java.util.concurrent.locks.LockSupport.parkNanos(LockSupport.java:215)
        at java.util.concurrent.locks.AbstractQueuedSynchronizer$ConditionObject.awaitNanos(AbstractQueuedSynchronizer.java:2078)
        at java.util.concurrent.ScheduledThreadPoolExecutor$DelayedWorkQueue.take(ScheduledThreadPoolExecutor.java:1093)
        at java.util.concurrent.ScheduledThreadPoolExecutor$DelayedWorkQueue.take(ScheduledThreadPoolExecutor.java:809)
        at java.util.concurrent.ThreadPoolExecutor.getTask(ThreadPoolExecutor.java:1074)
        at java.util.concurrent.ThreadPoolExecutor.runWorker(ThreadPoolExecutor.java:1134)
        at java.util.concurrent.ThreadPoolExecutor$Worker.run(ThreadPoolExecutor.java:624)
        at java.lang.Thread.run(Thread.java:750)
"IPC Server Responder" daemon prio=5 tid=31 runnable
java.lang.Thread.State: RUNNABLE
        at sun.nio.ch.EPollArrayWrapper.epollWait(Native Method)
        at sun.nio.ch.EPollArrayWrapper.poll(EPollArrayWrapper.java:269)
        at sun.nio.ch.EPollSelectorImpl.doSelect(EPollSelectorImpl.java:93)
        at sun.nio.ch.SelectorImpl.lockAndDoSelect(SelectorImpl.java:86)
        at sun.nio.ch.SelectorImpl.select(SelectorImpl.java:97)
        at org.apache.hadoop.ipc.Server$Responder.doRunLoop(Server.java:1582)
        at org.apache.hadoop.ipc.Server$Responder.run(Server.java:1565)
"d25dc3b0-28fc-4383-b1a0-617845025f41@group-C38389527FEF-cacheEviction-AwaitToRun" daemon prio=5 tid=913 in Object.wait()
java.lang.Thread.State: WAITING (on object monitor)
        at sun.misc.Unsafe.park(Native Method)
        at java.util.concurrent.locks.LockSupport.park(LockSupport.java:175)
        at java.util.concurrent.locks.AbstractQueuedSynchronizer$ConditionObject.await(AbstractQueuedSynchronizer.java:2039)
        at org.apache.ratis.util.AwaitForSignal.await(AwaitForSignal.java:48)
        at org.apache.ratis.util.AwaitToRun$RunnableImpl.run(AwaitToRun.java:47)
        at java.lang.Thread.run(Thread.java:750)
"IPC Server handler 36 on default port 15000" daemon prio=5 tid=90 timed_waiting
java.lang.Thread.State: TIMED_WAITING
        at sun.misc.Unsafe.park(Native Method)
        at java.util.concurrent.locks.LockSupport.parkNanos(LockSupport.java:215)
        at java.util.concurrent.locks.AbstractQueuedSynchronizer$ConditionObject.awaitNanos(AbstractQueuedSynchronizer.java:2078)
        at java.util.concurrent.LinkedBlockingQueue.poll(LinkedBlockingQueue.java:467)
        at org.apache.hadoop.ipc.CallQueueManager.take(CallQueueManager.java:317)
        at org.apache.hadoop.ipc.Server$Handler.run(Server.java:3014)
"d25dc3b0-28fc-4383-b1a0-617845025f41@group-C11F3E838557-cacheEviction-AwaitToRun" daemon prio=5 tid=1383 in Object.wait()
java.lang.Thread.State: WAITING (on object monitor)
        at sun.misc.Unsafe.park(Native Method)
        at java.util.concurrent.locks.LockSupport.park(LockSupport.java:175)
        at java.util.concurrent.locks.AbstractQueuedSynchronizer$ConditionObject.await(AbstractQueuedSynchronizer.java:2039)
        at org.apache.ratis.util.AwaitForSignal.await(AwaitForSignal.java:48)
        at org.apache.ratis.util.AwaitToRun$RunnableImpl.run(AwaitToRun.java:47)
        at java.lang.Thread.run(Thread.java:750)
"86ab988c-fa9c-425d-a1c6-9004ff7fd93d-ChunkReader-3" daemon prio=5 tid=1666 in Object.wait()
java.lang.Thread.State: WAITING (on object monitor)
        at sun.misc.Unsafe.park(Native Method)
        at java.util.concurrent.locks.LockSupport.park(LockSupport.java:175)
        at java.util.concurrent.locks.AbstractQueuedSynchronizer$ConditionObject.await(AbstractQueuedSynchronizer.java:2039)
        at java.util.concurrent.LinkedBlockingQueue.take(LinkedBlockingQueue.java:442)
        at java.util.concurrent.ThreadPoolExecutor.getTask(ThreadPoolExecutor.java:1074)
        at java.util.concurrent.ThreadPoolExecutor.runWorker(ThreadPoolExecutor.java:1134)
        at java.util.concurrent.ThreadPoolExecutor$Worker.run(ThreadPoolExecutor.java:624)
        at java.lang.Thread.run(Thread.java:750)
"StaleRecoveringContainerScrubbingService#6" daemon prio=5 tid=2347 in Object.wait()
java.lang.Thread.State: WAITING (on object monitor)
        at sun.misc.Unsafe.park(Native Method)
        at java.util.concurrent.locks.LockSupport.park(LockSupport.java:175)
        at java.util.concurrent.locks.AbstractQueuedSynchronizer$ConditionObject.await(AbstractQueuedSynchronizer.java:2039)
        at java.util.concurrent.ScheduledThreadPoolExecutor$DelayedWorkQueue.take(ScheduledThreadPoolExecutor.java:1088)
        at java.util.concurrent.ScheduledThreadPoolExecutor$DelayedWorkQueue.take(ScheduledThreadPoolExecutor.java:809)
        at java.util.concurrent.ThreadPoolExecutor.getTask(ThreadPoolExecutor.java:1074)
        at java.util.concurrent.ThreadPoolExecutor.runWorker(ThreadPoolExecutor.java:1134)
        at java.util.concurrent.ThreadPoolExecutor$Worker.run(ThreadPoolExecutor.java:624)
        at java.lang.Thread.run(Thread.java:750)
"grpc-default-executor-5" daemon prio=5 tid=1477 timed_waiting
java.lang.Thread.State: TIMED_WAITING
        at sun.misc.Unsafe.park(Native Method)
        at java.util.concurrent.locks.LockSupport.parkNanos(LockSupport.java:215)
        at java.util.concurrent.SynchronousQueue$TransferStack.awaitFulfill(SynchronousQueue.java:460)
        at java.util.concurrent.SynchronousQueue$TransferStack.transfer(SynchronousQueue.java:362)
        at java.util.concurrent.SynchronousQueue.poll(SynchronousQueue.java:941)
        at java.util.concurrent.ThreadPoolExecutor.getTask(ThreadPoolExecutor.java:1073)
        at java.util.concurrent.ThreadPoolExecutor.runWorker(ThreadPoolExecutor.java:1134)
        at java.util.concurrent.ThreadPoolExecutor$Worker.run(ThreadPoolExecutor.java:624)
        at java.lang.Thread.run(Thread.java:750)
"IPC Server handler 40 on default port 15002" daemon prio=5 tid=294 timed_waiting
java.lang.Thread.State: TIMED_WAITING
        at sun.misc.Unsafe.park(Native Method)
        at java.util.concurrent.locks.LockSupport.parkNanos(LockSupport.java:215)
        at java.util.concurrent.locks.AbstractQueuedSynchronizer$ConditionObject.awaitNanos(AbstractQueuedSynchronizer.java:2078)
        at java.util.concurrent.LinkedBlockingQueue.poll(LinkedBlockingQueue.java:467)
        at org.apache.hadoop.ipc.CallQueueManager.take(CallQueueManager.java:317)
        at org.apache.hadoop.ipc.Server$Handler.run(Server.java:3014)
"Finalizer" daemon prio=8 tid=3 in Object.wait()
java.lang.Thread.State: WAITING (on object monitor)
        at java.lang.Object.wait(Native Method)
        at java.lang.ref.ReferenceQueue.remove(ReferenceQueue.java:144)
        at java.lang.ref.ReferenceQueue.remove(ReferenceQueue.java:165)
        at java.lang.ref.Finalizer$FinalizerThread.run(Finalizer.java:188)
"78f89d9b-e409-4704-890b-bfcfbcdfd28a@group-17BC54520CE5-cacheEviction-AwaitToRun" daemon prio=5 tid=1314 in Object.wait()
java.lang.Thread.State: WAITING (on object monitor)
        at sun.misc.Unsafe.park(Native Method)
        at java.util.concurrent.locks.LockSupport.park(LockSupport.java:175)
        at java.util.concurrent.locks.AbstractQueuedSynchronizer$ConditionObject.await(AbstractQueuedSynchronizer.java:2039)
        at org.apache.ratis.util.AwaitForSignal.await(AwaitForSignal.java:48)
        at org.apache.ratis.util.AwaitToRun$RunnableImpl.run(AwaitToRun.java:47)
        at java.lang.Thread.run(Thread.java:750)
"e780b093-7242-46d7-bd8f-0f810188c7b3-ChunkWriter-1-0" daemon prio=5 tid=868 in Object.wait()
java.lang.Thread.State: WAITING (on object monitor)
        at sun.misc.Unsafe.park(Native Method)
        at java.util.concurrent.locks.LockSupport.park(LockSupport.java:175)
        at java.util.concurrent.locks.AbstractQueuedSynchronizer$ConditionObject.await(AbstractQueuedSynchronizer.java:2039)
        at java.util.concurrent.LinkedBlockingDeque.takeFirst(LinkedBlockingDeque.java:492)
        at java.util.concurrent.LinkedBlockingDeque.take(LinkedBlockingDeque.java:680)
        at java.util.concurrent.ThreadPoolExecutor.getTask(ThreadPoolExecutor.java:1074)
        at java.util.concurrent.ThreadPoolExecutor.runWorker(ThreadPoolExecutor.java:1134)
        at java.util.concurrent.ThreadPoolExecutor$Worker.run(ThreadPoolExecutor.java:624)
        at java.lang.Thread.run(Thread.java:750)
"d25dc3b0-28fc-4383-b1a0-617845025f41-ChunkReader-ELG-0" daemon prio=5 tid=760 runnable
java.lang.Thread.State: RUNNABLE
        at org.apache.ratis.thirdparty.io.netty.channel.epoll.Native.epollWait0(Native Method)
        at org.apache.ratis.thirdparty.io.netty.channel.epoll.Native.epollWait(Native.java:182)
        at org.apache.ratis.thirdparty.io.netty.channel.epoll.EpollEventLoop.epollWait(EpollEventLoop.java:312)
        at org.apache.ratis.thirdparty.io.netty.channel.epoll.EpollEventLoop.run(EpollEventLoop.java:376)
        at org.apache.ratis.thirdparty.io.netty.util.concurrent.SingleThreadEventExecutor$4.run(SingleThreadEventExecutor.java:997)
        at org.apache.ratis.thirdparty.io.netty.util.internal.ThreadExecutorMap$2.run(ThreadExecutorMap.java:74)
        at java.lang.Thread.run(Thread.java:750)
"dc26353c-d48a-467d-89cd-3a7c4b626396-NettyServerStreamRpc-bossGroup--thread1"  prio=5 tid=548 runnable
java.lang.Thread.State: RUNNABLE
        at org.apache.ratis.thirdparty.io.netty.channel.epoll.Native.epollWait(Native Method)
        at org.apache.ratis.thirdparty.io.netty.channel.epoll.Native.epollWait(Native.java:209)
        at org.apache.ratis.thirdparty.io.netty.channel.epoll.Native.epollWait(Native.java:202)
        at org.apache.ratis.thirdparty.io.netty.channel.epoll.EpollEventLoop.epollWaitNoTimerChange(EpollEventLoop.java:316)
        at org.apache.ratis.thirdparty.io.netty.channel.epoll.EpollEventLoop.run(EpollEventLoop.java:373)
        at org.apache.ratis.thirdparty.io.netty.util.concurrent.SingleThreadEventExecutor$4.run(SingleThreadEventExecutor.java:997)
        at org.apache.ratis.thirdparty.io.netty.util.internal.ThreadExecutorMap$2.run(ThreadExecutorMap.java:74)
        at java.lang.Thread.run(Thread.java:750)
"e780b093-7242-46d7-bd8f-0f810188c7b3-ChunkReader-ELG-0" daemon prio=5 tid=872 runnable
java.lang.Thread.State: RUNNABLE
        at org.apache.ratis.thirdparty.io.netty.channel.epoll.Native.epollWait0(Native Method)
        at org.apache.ratis.thirdparty.io.netty.channel.epoll.Native.epollWait(Native.java:182)
        at org.apache.ratis.thirdparty.io.netty.channel.epoll.EpollEventLoop.epollWait(EpollEventLoop.java:312)
        at org.apache.ratis.thirdparty.io.netty.channel.epoll.EpollEventLoop.run(EpollEventLoop.java:376)
        at org.apache.ratis.thirdparty.io.netty.util.concurrent.SingleThreadEventExecutor$4.run(SingleThreadEventExecutor.java:997)
        at org.apache.ratis.thirdparty.io.netty.util.internal.ThreadExecutorMap$2.run(ThreadExecutorMap.java:74)
        at java.lang.Thread.run(Thread.java:750)
"IPC Server handler 16 on default port 15001" daemon prio=5 tid=170 timed_waiting
java.lang.Thread.State: TIMED_WAITING
        at sun.misc.Unsafe.park(Native Method)
        at java.util.concurrent.locks.LockSupport.parkNanos(LockSupport.java:215)
        at java.util.concurrent.locks.AbstractQueuedSynchronizer$ConditionObject.awaitNanos(AbstractQueuedSynchronizer.java:2078)
        at java.util.concurrent.LinkedBlockingQueue.poll(LinkedBlockingQueue.java:467)
        at org.apache.hadoop.ipc.CallQueueManager.take(CallQueueManager.java:317)
        at org.apache.hadoop.ipc.Server$Handler.run(Server.java:3014)
"78f89d9b-e409-4704-890b-bfcfbcdfd28a@group-24226A001283-SegmentedRaftLogWorker"  prio=5 tid=1073 timed_waiting
java.lang.Thread.State: TIMED_WAITING
        at sun.misc.Unsafe.park(Native Method)
        at java.util.concurrent.locks.LockSupport.parkNanos(LockSupport.java:215)
        at java.util.concurrent.locks.AbstractQueuedSynchronizer$ConditionObject.awaitNanos(AbstractQueuedSynchronizer.java:2078)
        at org.apache.ratis.util.DataBlockingQueue.poll(DataBlockingQueue.java:148)
        at org.apache.ratis.server.raftlog.segmented.SegmentedRaftLogWorker.run(SegmentedRaftLogWorker.java:299)
        at org.apache.ratis.server.raftlog.segmented.SegmentedRaftLogWorker$$Lambda$913/1052546256.run(Unknown Source)
        at java.util.concurrent.Executors$RunnableAdapter.call(Executors.java:511)
        at java.util.concurrent.FutureTask.run(FutureTask.java:266)
        at java.util.concurrent.ThreadPoolExecutor.runWorker(ThreadPoolExecutor.java:1149)
        at java.util.concurrent.ThreadPoolExecutor$Worker.run(ThreadPoolExecutor.java:624)
        at java.lang.Thread.run(Thread.java:750)
"IPC Server handler 14 on default port 15002" daemon prio=5 tid=268 timed_waiting
java.lang.Thread.State: TIMED_WAITING
        at sun.misc.Unsafe.park(Native Method)
        at java.util.concurrent.locks.LockSupport.parkNanos(LockSupport.java:215)
        at java.util.concurrent.locks.AbstractQueuedSynchronizer$ConditionObject.awaitNanos(AbstractQueuedSynchronizer.java:2078)
        at java.util.concurrent.LinkedBlockingQueue.poll(LinkedBlockingQueue.java:467)
        at org.apache.hadoop.ipc.CallQueueManager.take(CallQueueManager.java:317)
        at org.apache.hadoop.ipc.Server$Handler.run(Server.java:3014)
"dc26353c-d48a-467d-89cd-3a7c4b626396-server-thread3" daemon prio=5 tid=1524 timed_waiting
java.lang.Thread.State: TIMED_WAITING
        at sun.misc.Unsafe.park(Native Method)
        at java.util.concurrent.locks.LockSupport.parkNanos(LockSupport.java:215)
        at java.util.concurrent.SynchronousQueue$TransferStack.awaitFulfill(SynchronousQueue.java:460)
        at java.util.concurrent.SynchronousQueue$TransferStack.transfer(SynchronousQueue.java:362)
        at java.util.concurrent.SynchronousQueue.poll(SynchronousQueue.java:941)
        at java.util.concurrent.ThreadPoolExecutor.getTask(ThreadPoolExecutor.java:1073)
        at java.util.concurrent.ThreadPoolExecutor.runWorker(ThreadPoolExecutor.java:1134)
        at java.util.concurrent.ThreadPoolExecutor$Worker.run(ThreadPoolExecutor.java:624)
        at java.lang.Thread.run(Thread.java:750)
"qtp1897694595-439" daemon prio=5 tid=439 runnable
java.lang.Thread.State: RUNNABLE
        at sun.nio.ch.EPollArrayWrapper.epollWait(Native Method)
        at sun.nio.ch.EPollArrayWrapper.poll(EPollArrayWrapper.java:269)
        at sun.nio.ch.EPollSelectorImpl.doSelect(EPollSelectorImpl.java:93)
        at sun.nio.ch.SelectorImpl.lockAndDoSelect(SelectorImpl.java:86)
        at sun.nio.ch.SelectorImpl.select(SelectorImpl.java:97)
        at sun.nio.ch.SelectorImpl.select(SelectorImpl.java:101)
        at org.eclipse.jetty.io.ManagedSelector.nioSelect(ManagedSelector.java:183)
        at org.eclipse.jetty.io.ManagedSelector.select(ManagedSelector.java:190)
        at org.eclipse.jetty.io.ManagedSelector$SelectorProducer.select(ManagedSelector.java:606)
        at org.eclipse.jetty.io.ManagedSelector$SelectorProducer.produce(ManagedSelector.java:543)
        at org.eclipse.jetty.util.thread.strategy.EatWhatYouKill.produceTask(EatWhatYouKill.java:362)
        at org.eclipse.jetty.util.thread.strategy.EatWhatYouKill.doProduce(EatWhatYouKill.java:186)
        at org.eclipse.jetty.util.thread.strategy.EatWhatYouKill.tryProduce(EatWhatYouKill.java:173)
        at org.eclipse.jetty.util.thread.strategy.EatWhatYouKill.produce(EatWhatYouKill.java:137)
        at org.eclipse.jetty.io.ManagedSelector$$Lambda$589/284576707.run(Unknown Source)
        at org.eclipse.jetty.util.thread.QueuedThreadPool.runJob(QueuedThreadPool.java:883)
        at org.eclipse.jetty.util.thread.QueuedThreadPool$Runner.run(QueuedThreadPool.java:1034)
        at java.lang.Thread.run(Thread.java:750)
"e46a6e51-795f-4801-a523-c45a6c7f2c34-ChunkReader-ELG-0" daemon prio=5 tid=728 runnable
java.lang.Thread.State: RUNNABLE
        at org.apache.ratis.thirdparty.io.netty.channel.epoll.Native.epollWait0(Native Method)
        at org.apache.ratis.thirdparty.io.netty.channel.epoll.Native.epollWait(Native.java:182)
        at org.apache.ratis.thirdparty.io.netty.channel.epoll.EpollEventLoop.epollWait(EpollEventLoop.java:312)
        at org.apache.ratis.thirdparty.io.netty.channel.epoll.EpollEventLoop.run(EpollEventLoop.java:376)
        at org.apache.ratis.thirdparty.io.netty.util.concurrent.SingleThreadEventExecutor$4.run(SingleThreadEventExecutor.java:997)
        at org.apache.ratis.thirdparty.io.netty.util.internal.ThreadExecutorMap$2.run(ThreadExecutorMap.java:74)
        at java.lang.Thread.run(Thread.java:750)
"e46a6e51-795f-4801-a523-c45a6c7f2c34@group-C11F3E838557-StateMachineUpdater" daemon prio=5 tid=1413 timed_waiting
java.lang.Thread.State: TIMED_WAITING
        at sun.misc.Unsafe.park(Native Method)
        at java.util.concurrent.locks.LockSupport.parkNanos(LockSupport.java:215)
        at java.util.concurrent.locks.AbstractQueuedSynchronizer$ConditionObject.await(AbstractQueuedSynchronizer.java:2163)
        at org.apache.ratis.util.AwaitForSignal.await(AwaitForSignal.java:65)
        at org.apache.ratis.server.impl.StateMachineUpdater.waitForCommit(StateMachineUpdater.java:211)
        at org.apache.ratis.server.impl.StateMachineUpdater.run(StateMachineUpdater.java:180)
        at java.lang.Thread.run(Thread.java:750)
"qtp480886755-499" daemon prio=5 tid=499 timed_waiting
java.lang.Thread.State: TIMED_WAITING
        at sun.misc.Unsafe.park(Native Method)
        at java.util.concurrent.locks.LockSupport.parkNanos(LockSupport.java:215)
        at java.util.concurrent.locks.AbstractQueuedSynchronizer$ConditionObject.awaitNanos(AbstractQueuedSynchronizer.java:2078)
        at org.eclipse.jetty.util.BlockingArrayQueue.poll(BlockingArrayQueue.java:382)
        at org.eclipse.jetty.util.thread.QueuedThreadPool$Runner.idleJobPoll(QueuedThreadPool.java:974)
        at org.eclipse.jetty.util.thread.QueuedThreadPool$Runner.run(QueuedThreadPool.java:1018)
        at java.lang.Thread.run(Thread.java:750)
"IPC Server handler 83 on default port 15002" daemon prio=5 tid=337 timed_waiting
java.lang.Thread.State: TIMED_WAITING
        at sun.misc.Unsafe.park(Native Method)
        at java.util.concurrent.locks.LockSupport.parkNanos(LockSupport.java:215)
        at java.util.concurrent.locks.AbstractQueuedSynchronizer$ConditionObject.awaitNanos(AbstractQueuedSynchronizer.java:2078)
        at java.util.concurrent.LinkedBlockingQueue.poll(LinkedBlockingQueue.java:467)
        at org.apache.hadoop.ipc.CallQueueManager.take(CallQueueManager.java:317)
        at org.apache.hadoop.ipc.Server$Handler.run(Server.java:3014)
"IPC Server handler 68 on default port 15002" daemon prio=5 tid=322 timed_waiting
java.lang.Thread.State: TIMED_WAITING
        at sun.misc.Unsafe.park(Native Method)
        at java.util.concurrent.locks.LockSupport.parkNanos(LockSupport.java:215)
        at java.util.concurrent.locks.AbstractQueuedSynchronizer$ConditionObject.awaitNanos(AbstractQueuedSynchronizer.java:2078)
        at java.util.concurrent.LinkedBlockingQueue.poll(LinkedBlockingQueue.java:467)
        at org.apache.hadoop.ipc.CallQueueManager.take(CallQueueManager.java:317)
        at org.apache.hadoop.ipc.Server$Handler.run(Server.java:3014)
"c30fedce-f286-40e0-881d-3d5a9a6e2463-ChunkReader-2" daemon prio=5 tid=1640 in Object.wait()
java.lang.Thread.State: WAITING (on object monitor)
        at sun.misc.Unsafe.park(Native Method)
        at java.util.concurrent.locks.LockSupport.park(LockSupport.java:175)
        at java.util.concurrent.locks.AbstractQueuedSynchronizer$ConditionObject.await(AbstractQueuedSynchronizer.java:2039)
        at java.util.concurrent.LinkedBlockingQueue.take(LinkedBlockingQueue.java:442)
        at java.util.concurrent.ThreadPoolExecutor.getTask(ThreadPoolExecutor.java:1074)
        at java.util.concurrent.ThreadPoolExecutor.runWorker(ThreadPoolExecutor.java:1134)
        at java.util.concurrent.ThreadPoolExecutor$Worker.run(ThreadPoolExecutor.java:624)
        at java.lang.Thread.run(Thread.java:750)
"e46a6e51-795f-4801-a523-c45a6c7f2c34@group-D74CD222B38A-SegmentedRaftLogWorker"  prio=5 tid=1046 timed_waiting
java.lang.Thread.State: TIMED_WAITING
        at sun.misc.Unsafe.park(Native Method)
        at java.util.concurrent.locks.LockSupport.parkNanos(LockSupport.java:215)
        at java.util.concurrent.locks.AbstractQueuedSynchronizer$ConditionObject.awaitNanos(AbstractQueuedSynchronizer.java:2078)
        at org.apache.ratis.util.DataBlockingQueue.poll(DataBlockingQueue.java:148)
        at org.apache.ratis.server.raftlog.segmented.SegmentedRaftLogWorker.run(SegmentedRaftLogWorker.java:299)
        at org.apache.ratis.server.raftlog.segmented.SegmentedRaftLogWorker$$Lambda$913/1052546256.run(Unknown Source)
        at java.util.concurrent.Executors$RunnableAdapter.call(Executors.java:511)
        at java.util.concurrent.FutureTask.run(FutureTask.java:266)
        at java.util.concurrent.ThreadPoolExecutor.runWorker(ThreadPoolExecutor.java:1149)
        at java.util.concurrent.ThreadPoolExecutor$Worker.run(ThreadPoolExecutor.java:624)
        at java.lang.Thread.run(Thread.java:750)
"13f92446-3b18-4d81-bc66-0f9b00220e72-BlockDeletingService#1" daemon prio=5 tid=2108 in Object.wait()
java.lang.Thread.State: WAITING (on object monitor)
        at sun.misc.Unsafe.park(Native Method)
        at java.util.concurrent.locks.LockSupport.park(LockSupport.java:175)
        at java.util.concurrent.locks.AbstractQueuedSynchronizer$ConditionObject.await(AbstractQueuedSynchronizer.java:2039)
        at java.util.concurrent.ScheduledThreadPoolExecutor$DelayedWorkQueue.take(ScheduledThreadPoolExecutor.java:1088)
        at java.util.concurrent.ScheduledThreadPoolExecutor$DelayedWorkQueue.take(ScheduledThreadPoolExecutor.java:809)
        at java.util.concurrent.ThreadPoolExecutor.getTask(ThreadPoolExecutor.java:1074)
        at java.util.concurrent.ThreadPoolExecutor.runWorker(ThreadPoolExecutor.java:1134)
        at java.util.concurrent.ThreadPoolExecutor$Worker.run(ThreadPoolExecutor.java:624)
        at java.lang.Thread.run(Thread.java:750)
"dc26353c-d48a-467d-89cd-3a7c4b626396@group-89543CF42D33-StateMachineUpdater" daemon prio=5 tid=1061 timed_waiting
java.lang.Thread.State: TIMED_WAITING
        at sun.misc.Unsafe.park(Native Method)
        at java.util.concurrent.locks.LockSupport.parkNanos(LockSupport.java:215)
        at java.util.concurrent.locks.AbstractQueuedSynchronizer$ConditionObject.await(AbstractQueuedSynchronizer.java:2163)
        at org.apache.ratis.util.AwaitForSignal.await(AwaitForSignal.java:65)
        at org.apache.ratis.server.impl.StateMachineUpdater.waitForCommit(StateMachineUpdater.java:211)
        at org.apache.ratis.server.impl.StateMachineUpdater.run(StateMachineUpdater.java:180)
        at java.lang.Thread.run(Thread.java:750)
"IPC Server handler 19 on default port 15001" daemon prio=5 tid=173 timed_waiting
java.lang.Thread.State: TIMED_WAITING
        at sun.misc.Unsafe.park(Native Method)
        at java.util.concurrent.locks.LockSupport.parkNanos(LockSupport.java:215)
        at java.util.concurrent.locks.AbstractQueuedSynchronizer$ConditionObject.awaitNanos(AbstractQueuedSynchronizer.java:2078)
        at java.util.concurrent.LinkedBlockingQueue.poll(LinkedBlockingQueue.java:467)
        at org.apache.hadoop.ipc.CallQueueManager.take(CallQueueManager.java:317)
        at org.apache.hadoop.ipc.Server$Handler.run(Server.java:3014)
"86ab988c-fa9c-425d-a1c6-9004ff7fd93d-DatanodeReportManager-1" daemon prio=5 tid=597 in Object.wait()
java.lang.Thread.State: WAITING (on object monitor)
        at sun.misc.Unsafe.park(Native Method)
        at java.util.concurrent.locks.LockSupport.park(LockSupport.java:175)
        at java.util.concurrent.locks.AbstractQueuedSynchronizer$ConditionObject.await(AbstractQueuedSynchronizer.java:2039)
        at java.util.concurrent.ScheduledThreadPoolExecutor$DelayedWorkQueue.take(ScheduledThreadPoolExecutor.java:1088)
        at java.util.concurrent.ScheduledThreadPoolExecutor$DelayedWorkQueue.take(ScheduledThreadPoolExecutor.java:809)
        at java.util.concurrent.ThreadPoolExecutor.getTask(ThreadPoolExecutor.java:1074)
        at java.util.concurrent.ThreadPoolExecutor.runWorker(ThreadPoolExecutor.java:1134)
        at java.util.concurrent.ThreadPoolExecutor$Worker.run(ThreadPoolExecutor.java:624)
        at java.lang.Thread.run(Thread.java:750)
"e780b093-7242-46d7-bd8f-0f810188c7b3@group-83D984655C73-StateMachineUpdater" daemon prio=5 tid=1183 timed_waiting
java.lang.Thread.State: TIMED_WAITING
        at sun.misc.Unsafe.park(Native Method)
        at java.util.concurrent.locks.LockSupport.parkNanos(LockSupport.java:215)
        at java.util.concurrent.locks.AbstractQueuedSynchronizer$ConditionObject.await(AbstractQueuedSynchronizer.java:2163)
        at org.apache.ratis.util.AwaitForSignal.await(AwaitForSignal.java:65)
        at org.apache.ratis.server.impl.StateMachineUpdater.waitForCommit(StateMachineUpdater.java:211)
        at org.apache.ratis.server.impl.StateMachineUpdater.run(StateMachineUpdater.java:180)
        at java.lang.Thread.run(Thread.java:750)
"4e8f68d6-fd98-4f77-87e3-715939181693-DatanodeReportManager-1" daemon prio=5 tid=541 in Object.wait()
java.lang.Thread.State: WAITING (on object monitor)
        at sun.misc.Unsafe.park(Native Method)
        at java.util.concurrent.locks.LockSupport.park(LockSupport.java:175)
        at java.util.concurrent.locks.AbstractQueuedSynchronizer$ConditionObject.await(AbstractQueuedSynchronizer.java:2039)
        at java.util.concurrent.ScheduledThreadPoolExecutor$DelayedWorkQueue.take(ScheduledThreadPoolExecutor.java:1088)
        at java.util.concurrent.ScheduledThreadPoolExecutor$DelayedWorkQueue.take(ScheduledThreadPoolExecutor.java:809)
        at java.util.concurrent.ThreadPoolExecutor.getTask(ThreadPoolExecutor.java:1074)
        at java.util.concurrent.ThreadPoolExecutor.runWorker(ThreadPoolExecutor.java:1134)
        at java.util.concurrent.ThreadPoolExecutor$Worker.run(ThreadPoolExecutor.java:624)
        at java.lang.Thread.run(Thread.java:750)
"86ab988c-fa9c-425d-a1c6-9004ff7fd93d-ChunkReader-8" daemon prio=5 tid=2023 in Object.wait()
java.lang.Thread.State: WAITING (on object monitor)
        at sun.misc.Unsafe.park(Native Method)
        at java.util.concurrent.locks.LockSupport.park(LockSupport.java:175)
        at java.util.concurrent.locks.AbstractQueuedSynchronizer$ConditionObject.await(AbstractQueuedSynchronizer.java:2039)
        at java.util.concurrent.LinkedBlockingQueue.take(LinkedBlockingQueue.java:442)
        at java.util.concurrent.ThreadPoolExecutor.getTask(ThreadPoolExecutor.java:1074)
        at java.util.concurrent.ThreadPoolExecutor.runWorker(ThreadPoolExecutor.java:1134)
        at java.util.concurrent.ThreadPoolExecutor$Worker.run(ThreadPoolExecutor.java:624)
        at java.lang.Thread.run(Thread.java:750)
"StaleRecoveringContainerScrubbingService#9" daemon prio=5 tid=2410 in Object.wait()
java.lang.Thread.State: WAITING (on object monitor)
        at sun.misc.Unsafe.park(Native Method)
        at java.util.concurrent.locks.LockSupport.park(LockSupport.java:175)
        at java.util.concurrent.locks.AbstractQueuedSynchronizer$ConditionObject.await(AbstractQueuedSynchronizer.java:2039)
        at java.util.concurrent.ScheduledThreadPoolExecutor$DelayedWorkQueue.take(ScheduledThreadPoolExecutor.java:1088)
        at java.util.concurrent.ScheduledThreadPoolExecutor$DelayedWorkQueue.take(ScheduledThreadPoolExecutor.java:809)
        at java.util.concurrent.ThreadPoolExecutor.getTask(ThreadPoolExecutor.java:1074)
        at java.util.concurrent.ThreadPoolExecutor.runWorker(ThreadPoolExecutor.java:1134)
        at java.util.concurrent.ThreadPoolExecutor$Worker.run(ThreadPoolExecutor.java:624)
        at java.lang.Thread.run(Thread.java:750)
"4e8f68d6-fd98-4f77-87e3-715939181693@group-C11F3E838557-SegmentedRaftLogWorker"  prio=5 tid=1396 timed_waiting
java.lang.Thread.State: TIMED_WAITING
        at sun.misc.Unsafe.park(Native Method)
        at java.util.concurrent.locks.LockSupport.parkNanos(LockSupport.java:215)
        at java.util.concurrent.locks.AbstractQueuedSynchronizer$ConditionObject.awaitNanos(AbstractQueuedSynchronizer.java:2078)
        at org.apache.ratis.util.DataBlockingQueue.poll(DataBlockingQueue.java:148)
        at org.apache.ratis.server.raftlog.segmented.SegmentedRaftLogWorker.run(SegmentedRaftLogWorker.java:299)
        at org.apache.ratis.server.raftlog.segmented.SegmentedRaftLogWorker$$Lambda$913/1052546256.run(Unknown Source)
        at java.util.concurrent.Executors$RunnableAdapter.call(Executors.java:511)
        at java.util.concurrent.FutureTask.run(FutureTask.java:266)
        at java.util.concurrent.ThreadPoolExecutor.runWorker(ThreadPoolExecutor.java:1149)
        at java.util.concurrent.ThreadPoolExecutor$Worker.run(ThreadPoolExecutor.java:624)
        at java.lang.Thread.run(Thread.java:750)
"c30fedce-f286-40e0-881d-3d5a9a6e2463-EndpointStateMachineTaskThread-/0.0.0.0:15002-0 "  prio=5 tid=814 in Object.wait()
java.lang.Thread.State: WAITING (on object monitor)
        at sun.misc.Unsafe.park(Native Method)
        at java.util.concurrent.locks.LockSupport.park(LockSupport.java:175)
        at java.util.concurrent.locks.AbstractQueuedSynchronizer$ConditionObject.await(AbstractQueuedSynchronizer.java:2039)
        at java.util.concurrent.LinkedBlockingQueue.take(LinkedBlockingQueue.java:442)
        at java.util.concurrent.ThreadPoolExecutor.getTask(ThreadPoolExecutor.java:1074)
        at java.util.concurrent.ThreadPoolExecutor.runWorker(ThreadPoolExecutor.java:1134)
        at java.util.concurrent.ThreadPoolExecutor$Worker.run(ThreadPoolExecutor.java:624)
        at java.lang.Thread.run(Thread.java:750)
"IPC Server handler 4 on default port 15002" daemon prio=5 tid=258 timed_waiting
java.lang.Thread.State: TIMED_WAITING
        at sun.misc.Unsafe.park(Native Method)
        at java.util.concurrent.locks.LockSupport.parkNanos(LockSupport.java:215)
        at java.util.concurrent.locks.AbstractQueuedSynchronizer$ConditionObject.awaitNanos(AbstractQueuedSynchronizer.java:2078)
        at java.util.concurrent.LinkedBlockingQueue.poll(LinkedBlockingQueue.java:467)
        at org.apache.hadoop.ipc.CallQueueManager.take(CallQueueManager.java:317)
        at org.apache.hadoop.ipc.Server$Handler.run(Server.java:3014)
"IPC Server handler 86 on default port 15000" daemon prio=5 tid=140 timed_waiting
java.lang.Thread.State: TIMED_WAITING
        at sun.misc.Unsafe.park(Native Method)
        at java.util.concurrent.locks.LockSupport.parkNanos(LockSupport.java:215)
        at java.util.concurrent.locks.AbstractQueuedSynchronizer$ConditionObject.awaitNanos(AbstractQueuedSynchronizer.java:2078)
        at java.util.concurrent.LinkedBlockingQueue.poll(LinkedBlockingQueue.java:467)
        at org.apache.hadoop.ipc.CallQueueManager.take(CallQueueManager.java:317)
        at org.apache.hadoop.ipc.Server$Handler.run(Server.java:3014)
"IPC Server handler 97 on default port 15000" daemon prio=5 tid=151 timed_waiting
java.lang.Thread.State: TIMED_WAITING
        at sun.misc.Unsafe.park(Native Method)
        at java.util.concurrent.locks.LockSupport.parkNanos(LockSupport.java:215)
        at java.util.concurrent.locks.AbstractQueuedSynchronizer$ConditionObject.awaitNanos(AbstractQueuedSynchronizer.java:2078)
        at java.util.concurrent.LinkedBlockingQueue.poll(LinkedBlockingQueue.java:467)
        at org.apache.hadoop.ipc.CallQueueManager.take(CallQueueManager.java:317)
        at org.apache.hadoop.ipc.Server$Handler.run(Server.java:3014)
"78f89d9b-e409-4704-890b-bfcfbcdfd28a@group-9D5BCF0FDB08-FollowerState" daemon prio=5 tid=1718 timed_waiting
java.lang.Thread.State: TIMED_WAITING
        at java.lang.Thread.sleep(Native Method)
        at java.lang.Thread.sleep(Thread.java:342)
        at java.util.concurrent.TimeUnit.sleep(TimeUnit.java:386)
        at org.apache.ratis.util.TimeDuration.sleep(TimeDuration.java:353)
        at org.apache.ratis.util.TimeDuration.sleep(TimeDuration.java:338)
        at org.apache.ratis.server.impl.FollowerState.run(FollowerState.java:128)
"4e8f68d6-fd98-4f77-87e3-715939181693@group-DD233808B888-StateMachineUpdater" daemon prio=5 tid=938 timed_waiting
java.lang.Thread.State: TIMED_WAITING
        at sun.misc.Unsafe.park(Native Method)
        at java.util.concurrent.locks.LockSupport.parkNanos(LockSupport.java:215)
        at java.util.concurrent.locks.AbstractQueuedSynchronizer$ConditionObject.await(AbstractQueuedSynchronizer.java:2163)
        at org.apache.ratis.util.AwaitForSignal.await(AwaitForSignal.java:65)
        at org.apache.ratis.server.impl.StateMachineUpdater.waitForCommit(StateMachineUpdater.java:211)
        at org.apache.ratis.server.impl.StateMachineUpdater.run(StateMachineUpdater.java:180)
        at java.lang.Thread.run(Thread.java:750)
"IPC Server Responder" daemon prio=5 tid=41 runnable
java.lang.Thread.State: RUNNABLE
        at sun.nio.ch.EPollArrayWrapper.epollWait(Native Method)
        at sun.nio.ch.EPollArrayWrapper.poll(EPollArrayWrapper.java:269)
        at sun.nio.ch.EPollSelectorImpl.doSelect(EPollSelectorImpl.java:93)
        at sun.nio.ch.SelectorImpl.lockAndDoSelect(SelectorImpl.java:86)
        at sun.nio.ch.SelectorImpl.select(SelectorImpl.java:97)
        at org.apache.hadoop.ipc.Server$Responder.doRunLoop(Server.java:1582)
        at org.apache.hadoop.ipc.Server$Responder.run(Server.java:1565)
"78f89d9b-e409-4704-890b-bfcfbcdfd28a@group-9D5BCF0FDB08-cacheEviction-AwaitToRun" daemon prio=5 tid=1202 in Object.wait()
java.lang.Thread.State: WAITING (on object monitor)
        at sun.misc.Unsafe.park(Native Method)
        at java.util.concurrent.locks.LockSupport.park(LockSupport.java:175)
        at java.util.concurrent.locks.AbstractQueuedSynchronizer$ConditionObject.await(AbstractQueuedSynchronizer.java:2039)
        at org.apache.ratis.util.AwaitForSignal.await(AwaitForSignal.java:48)
        at org.apache.ratis.util.AwaitToRun$RunnableImpl.run(AwaitToRun.java:47)
        at java.lang.Thread.run(Thread.java:750)
"IPC Client (1235413102) connection to 0.0.0.0/0.0.0.0:15002 from runner" daemon prio=5 tid=717 timed_waiting
java.lang.Thread.State: TIMED_WAITING
        at java.lang.Object.wait(Native Method)
        at org.apache.hadoop.ipc.Client$Connection.waitForWork(Client.java:1026)
        at org.apache.hadoop.ipc.Client$Connection.run(Client.java:1077)
"d25dc3b0-28fc-4383-b1a0-617845025f41-server-thread2" daemon prio=5 tid=1963 timed_waiting
java.lang.Thread.State: TIMED_WAITING
        at sun.misc.Unsafe.park(Native Method)
        at java.util.concurrent.locks.LockSupport.parkNanos(LockSupport.java:215)
        at java.util.concurrent.SynchronousQueue$TransferStack.awaitFulfill(SynchronousQueue.java:460)
        at java.util.concurrent.SynchronousQueue$TransferStack.transfer(SynchronousQueue.java:362)
        at java.util.concurrent.SynchronousQueue.poll(SynchronousQueue.java:941)
        at java.util.concurrent.ThreadPoolExecutor.getTask(ThreadPoolExecutor.java:1073)
        at java.util.concurrent.ThreadPoolExecutor.runWorker(ThreadPoolExecutor.java:1134)
        at java.util.concurrent.ThreadPoolExecutor$Worker.run(ThreadPoolExecutor.java:624)
        at java.lang.Thread.run(Thread.java:750)
"c30fedce-f286-40e0-881d-3d5a9a6e2463-ChunkReader-0" daemon prio=5 tid=1599 in Object.wait()
java.lang.Thread.State: WAITING (on object monitor)
        at sun.misc.Unsafe.park(Native Method)
        at java.util.concurrent.locks.LockSupport.park(LockSupport.java:175)
        at java.util.concurrent.locks.AbstractQueuedSynchronizer$ConditionObject.await(AbstractQueuedSynchronizer.java:2039)
        at java.util.concurrent.LinkedBlockingQueue.take(LinkedBlockingQueue.java:442)
        at java.util.concurrent.ThreadPoolExecutor.getTask(ThreadPoolExecutor.java:1074)
        at java.util.concurrent.ThreadPoolExecutor.runWorker(ThreadPoolExecutor.java:1134)
        at java.util.concurrent.ThreadPoolExecutor$Worker.run(ThreadPoolExecutor.java:624)
        at java.lang.Thread.run(Thread.java:750)
"qtp124466405-407" daemon prio=5 tid=407 timed_waiting
java.lang.Thread.State: TIMED_WAITING
        at sun.misc.Unsafe.park(Native Method)
        at java.util.concurrent.locks.LockSupport.parkNanos(LockSupport.java:215)
        at java.util.concurrent.locks.AbstractQueuedSynchronizer$ConditionObject.awaitNanos(AbstractQueuedSynchronizer.java:2078)
        at org.eclipse.jetty.util.BlockingArrayQueue.poll(BlockingArrayQueue.java:382)
        at org.eclipse.jetty.util.thread.QueuedThreadPool$Runner.idleJobPoll(QueuedThreadPool.java:974)
        at org.eclipse.jetty.util.thread.QueuedThreadPool$Runner.run(QueuedThreadPool.java:1018)
        at java.lang.Thread.run(Thread.java:750)
"IPC Server handler 35 on default port 15001" daemon prio=5 tid=189 timed_waiting
java.lang.Thread.State: TIMED_WAITING
        at sun.misc.Unsafe.park(Native Method)
        at java.util.concurrent.locks.LockSupport.parkNanos(LockSupport.java:215)
        at java.util.concurrent.locks.AbstractQueuedSynchronizer$ConditionObject.awaitNanos(AbstractQueuedSynchronizer.java:2078)
        at java.util.concurrent.LinkedBlockingQueue.poll(LinkedBlockingQueue.java:467)
        at org.apache.hadoop.ipc.CallQueueManager.take(CallQueueManager.java:317)
        at org.apache.hadoop.ipc.Server$Handler.run(Server.java:3014)
"StaleRecoveringContainerScrubbingService#6" daemon prio=5 tid=2343 in Object.wait()
java.lang.Thread.State: WAITING (on object monitor)
        at sun.misc.Unsafe.park(Native Method)
        at java.util.concurrent.locks.LockSupport.park(LockSupport.java:175)
        at java.util.concurrent.locks.AbstractQueuedSynchronizer$ConditionObject.await(AbstractQueuedSynchronizer.java:2039)
        at java.util.concurrent.ScheduledThreadPoolExecutor$DelayedWorkQueue.take(ScheduledThreadPoolExecutor.java:1088)
        at java.util.concurrent.ScheduledThreadPoolExecutor$DelayedWorkQueue.take(ScheduledThreadPoolExecutor.java:809)
        at java.util.concurrent.ThreadPoolExecutor.getTask(ThreadPoolExecutor.java:1074)
        at java.util.concurrent.ThreadPoolExecutor.runWorker(ThreadPoolExecutor.java:1134)
        at java.util.concurrent.ThreadPoolExecutor$Worker.run(ThreadPoolExecutor.java:624)
        at java.lang.Thread.run(Thread.java:750)
"e46a6e51-795f-4801-a523-c45a6c7f2c34-ChunkWriter-0-0" daemon prio=5 tid=723 in Object.wait()
java.lang.Thread.State: WAITING (on object monitor)
        at sun.misc.Unsafe.park(Native Method)
        at java.util.concurrent.locks.LockSupport.park(LockSupport.java:175)
        at java.util.concurrent.locks.AbstractQueuedSynchronizer$ConditionObject.await(AbstractQueuedSynchronizer.java:2039)
        at java.util.concurrent.LinkedBlockingDeque.takeFirst(LinkedBlockingDeque.java:492)
        at java.util.concurrent.LinkedBlockingDeque.take(LinkedBlockingDeque.java:680)
        at java.util.concurrent.ThreadPoolExecutor.getTask(ThreadPoolExecutor.java:1074)
        at java.util.concurrent.ThreadPoolExecutor.runWorker(ThreadPoolExecutor.java:1134)
        at java.util.concurrent.ThreadPoolExecutor$Worker.run(ThreadPoolExecutor.java:624)
        at java.lang.Thread.run(Thread.java:750)
"StaleRecoveringContainerScrubbingService#8" daemon prio=5 tid=2386 in Object.wait()
java.lang.Thread.State: WAITING (on object monitor)
        at sun.misc.Unsafe.park(Native Method)
        at java.util.concurrent.locks.LockSupport.park(LockSupport.java:175)
        at java.util.concurrent.locks.AbstractQueuedSynchronizer$ConditionObject.await(AbstractQueuedSynchronizer.java:2039)
        at java.util.concurrent.ScheduledThreadPoolExecutor$DelayedWorkQueue.take(ScheduledThreadPoolExecutor.java:1088)
        at java.util.concurrent.ScheduledThreadPoolExecutor$DelayedWorkQueue.take(ScheduledThreadPoolExecutor.java:809)
        at java.util.concurrent.ThreadPoolExecutor.getTask(ThreadPoolExecutor.java:1074)
        at java.util.concurrent.ThreadPoolExecutor.runWorker(ThreadPoolExecutor.java:1134)
        at java.util.concurrent.ThreadPoolExecutor$Worker.run(ThreadPoolExecutor.java:624)
        at java.lang.Thread.run(Thread.java:750)
"e46a6e51-795f-4801-a523-c45a6c7f2c34-BlockDeletingService#1" daemon prio=5 tid=732 in Object.wait()
java.lang.Thread.State: WAITING (on object monitor)
        at sun.misc.Unsafe.park(Native Method)
        at java.util.concurrent.locks.LockSupport.park(LockSupport.java:175)
        at java.util.concurrent.locks.AbstractQueuedSynchronizer$ConditionObject.await(AbstractQueuedSynchronizer.java:2039)
        at java.util.concurrent.ScheduledThreadPoolExecutor$DelayedWorkQueue.take(ScheduledThreadPoolExecutor.java:1088)
        at java.util.concurrent.ScheduledThreadPoolExecutor$DelayedWorkQueue.take(ScheduledThreadPoolExecutor.java:809)
        at java.util.concurrent.ThreadPoolExecutor.getTask(ThreadPoolExecutor.java:1074)
        at java.util.concurrent.ThreadPoolExecutor.runWorker(ThreadPoolExecutor.java:1134)
        at java.util.concurrent.ThreadPoolExecutor$Worker.run(ThreadPoolExecutor.java:624)
        at java.lang.Thread.run(Thread.java:750)
"Session-HouseKeeper-fea991d-1"  prio=5 tid=560 timed_waiting
java.lang.Thread.State: TIMED_WAITING
        at sun.misc.Unsafe.park(Native Method)
        at java.util.concurrent.locks.LockSupport.parkNanos(LockSupport.java:215)
        at java.util.concurrent.locks.AbstractQueuedSynchronizer$ConditionObject.awaitNanos(AbstractQueuedSynchronizer.java:2078)
        at java.util.concurrent.ScheduledThreadPoolExecutor$DelayedWorkQueue.take(ScheduledThreadPoolExecutor.java:1093)
        at java.util.concurrent.ScheduledThreadPoolExecutor$DelayedWorkQueue.take(ScheduledThreadPoolExecutor.java:809)
        at java.util.concurrent.ThreadPoolExecutor.getTask(ThreadPoolExecutor.java:1074)
        at java.util.concurrent.ThreadPoolExecutor.runWorker(ThreadPoolExecutor.java:1134)
        at java.util.concurrent.ThreadPoolExecutor$Worker.run(ThreadPoolExecutor.java:624)
        at java.lang.Thread.run(Thread.java:750)
"org.apache.hadoop.ozone.container.common.statemachine.commandhandler.DeleteBlocksCommandHandler$DeleteCmdWorker@4e68ad6d" daemon prio=5 tid=606 timed_waiting
java.lang.Thread.State: TIMED_WAITING
        at java.lang.Thread.sleep(Native Method)
        at org.apache.hadoop.ozone.container.common.statemachine.commandhandler.DeleteBlocksCommandHandler$DeleteCmdWorker.run(DeleteBlocksCommandHandler.java:259)
        at java.lang.Thread.run(Thread.java:750)
"IPC Server handler 65 on default port 15001" daemon prio=5 tid=219 timed_waiting
java.lang.Thread.State: TIMED_WAITING
        at sun.misc.Unsafe.park(Native Method)
        at java.util.concurrent.locks.LockSupport.parkNanos(LockSupport.java:215)
        at java.util.concurrent.locks.AbstractQueuedSynchronizer$ConditionObject.awaitNanos(AbstractQueuedSynchronizer.java:2078)
        at java.util.concurrent.LinkedBlockingQueue.poll(LinkedBlockingQueue.java:467)
        at org.apache.hadoop.ipc.CallQueueManager.take(CallQueueManager.java:317)
        at org.apache.hadoop.ipc.Server$Handler.run(Server.java:3014)
"StaleRecoveringContainerScrubbingService#0" daemon prio=5 tid=874 in Object.wait()
java.lang.Thread.State: WAITING (on object monitor)
        at sun.misc.Unsafe.park(Native Method)
        at java.util.concurrent.locks.LockSupport.park(LockSupport.java:175)
        at java.util.concurrent.locks.AbstractQueuedSynchronizer$ConditionObject.await(AbstractQueuedSynchronizer.java:2039)
        at java.util.concurrent.ScheduledThreadPoolExecutor$DelayedWorkQueue.take(ScheduledThreadPoolExecutor.java:1088)
        at java.util.concurrent.ScheduledThreadPoolExecutor$DelayedWorkQueue.take(ScheduledThreadPoolExecutor.java:809)
        at java.util.concurrent.ThreadPoolExecutor.getTask(ThreadPoolExecutor.java:1074)
        at java.util.concurrent.ThreadPoolExecutor.runWorker(ThreadPoolExecutor.java:1134)
        at java.util.concurrent.ThreadPoolExecutor$Worker.run(ThreadPoolExecutor.java:624)
        at java.lang.Thread.run(Thread.java:750)
"86ab988c-fa9c-425d-a1c6-9004ff7fd93d-EndpointStateMachineTaskThread-/0.0.0.0:15002-0 "  prio=5 tid=798 in Object.wait()
java.lang.Thread.State: WAITING (on object monitor)
        at sun.misc.Unsafe.park(Native Method)
        at java.util.concurrent.locks.LockSupport.park(LockSupport.java:175)
        at java.util.concurrent.locks.AbstractQueuedSynchronizer$ConditionObject.await(AbstractQueuedSynchronizer.java:2039)
        at java.util.concurrent.LinkedBlockingQueue.take(LinkedBlockingQueue.java:442)
        at java.util.concurrent.ThreadPoolExecutor.getTask(ThreadPoolExecutor.java:1074)
        at java.util.concurrent.ThreadPoolExecutor.runWorker(ThreadPoolExecutor.java:1134)
        at java.util.concurrent.ThreadPoolExecutor$Worker.run(ThreadPoolExecutor.java:624)
        at java.lang.Thread.run(Thread.java:750)
"IPC Server handler 37 on default port 15001" daemon prio=5 tid=191 timed_waiting
java.lang.Thread.State: TIMED_WAITING
        at sun.misc.Unsafe.park(Native Method)
        at java.util.concurrent.locks.LockSupport.parkNanos(LockSupport.java:215)
        at java.util.concurrent.locks.AbstractQueuedSynchronizer$ConditionObject.awaitNanos(AbstractQueuedSynchronizer.java:2078)
        at java.util.concurrent.LinkedBlockingQueue.poll(LinkedBlockingQueue.java:467)
        at org.apache.hadoop.ipc.CallQueueManager.take(CallQueueManager.java:317)
        at org.apache.hadoop.ipc.Server$Handler.run(Server.java:3014)
"86ab988c-fa9c-425d-a1c6-9004ff7fd93d-DatanodeReportManager-2" daemon prio=5 tid=598 timed_waiting
java.lang.Thread.State: TIMED_WAITING
        at sun.misc.Unsafe.park(Native Method)
        at java.util.concurrent.locks.LockSupport.parkNanos(LockSupport.java:215)
        at java.util.concurrent.locks.AbstractQueuedSynchronizer$ConditionObject.awaitNanos(AbstractQueuedSynchronizer.java:2078)
        at java.util.concurrent.ScheduledThreadPoolExecutor$DelayedWorkQueue.take(ScheduledThreadPoolExecutor.java:1093)
        at java.util.concurrent.ScheduledThreadPoolExecutor$DelayedWorkQueue.take(ScheduledThreadPoolExecutor.java:809)
        at java.util.concurrent.ThreadPoolExecutor.getTask(ThreadPoolExecutor.java:1074)
        at java.util.concurrent.ThreadPoolExecutor.runWorker(ThreadPoolExecutor.java:1134)
        at java.util.concurrent.ThreadPoolExecutor$Worker.run(ThreadPoolExecutor.java:624)
        at java.lang.Thread.run(Thread.java:750)
"IPC Server handler 50 on default port 15001" daemon prio=5 tid=204 timed_waiting
java.lang.Thread.State: TIMED_WAITING
        at sun.misc.Unsafe.park(Native Method)
        at java.util.concurrent.locks.LockSupport.parkNanos(LockSupport.java:215)
        at java.util.concurrent.locks.AbstractQueuedSynchronizer$ConditionObject.awaitNanos(AbstractQueuedSynchronizer.java:2078)
        at java.util.concurrent.LinkedBlockingQueue.poll(LinkedBlockingQueue.java:467)
        at org.apache.hadoop.ipc.CallQueueManager.take(CallQueueManager.java:317)
        at org.apache.hadoop.ipc.Server$Handler.run(Server.java:3014)
"e780b093-7242-46d7-bd8f-0f810188c7b3-PeriodicHDDSVolumeChecker" daemon prio=5 tid=864 timed_waiting
java.lang.Thread.State: TIMED_WAITING
        at sun.misc.Unsafe.park(Native Method)
        at java.util.concurrent.locks.LockSupport.parkNanos(LockSupport.java:215)
        at java.util.concurrent.locks.AbstractQueuedSynchronizer$ConditionObject.awaitNanos(AbstractQueuedSynchronizer.java:2078)
        at java.util.concurrent.ScheduledThreadPoolExecutor$DelayedWorkQueue.take(ScheduledThreadPoolExecutor.java:1093)
        at java.util.concurrent.ScheduledThreadPoolExecutor$DelayedWorkQueue.take(ScheduledThreadPoolExecutor.java:809)
        at java.util.concurrent.ThreadPoolExecutor.getTask(ThreadPoolExecutor.java:1074)
        at java.util.concurrent.ThreadPoolExecutor.runWorker(ThreadPoolExecutor.java:1134)
        at java.util.concurrent.ThreadPoolExecutor$Worker.run(ThreadPoolExecutor.java:624)
        at java.lang.Thread.run(Thread.java:750)
"e46a6e51-795f-4801-a523-c45a6c7f2c34@group-B95644BE5767-cacheEviction-AwaitToRun" daemon prio=5 tid=892 in Object.wait()
java.lang.Thread.State: WAITING (on object monitor)
        at sun.misc.Unsafe.park(Native Method)
        at java.util.concurrent.locks.LockSupport.park(LockSupport.java:175)
        at java.util.concurrent.locks.AbstractQueuedSynchronizer$ConditionObject.await(AbstractQueuedSynchronizer.java:2039)
        at org.apache.ratis.util.AwaitForSignal.await(AwaitForSignal.java:48)
        at org.apache.ratis.util.AwaitToRun$RunnableImpl.run(AwaitToRun.java:47)
        at java.lang.Thread.run(Thread.java:750)
"IPC Server handler 67 on default port 15001" daemon prio=5 tid=221 timed_waiting
java.lang.Thread.State: TIMED_WAITING
        at sun.misc.Unsafe.park(Native Method)
        at java.util.concurrent.locks.LockSupport.parkNanos(LockSupport.java:215)
        at java.util.concurrent.locks.AbstractQueuedSynchronizer$ConditionObject.awaitNanos(AbstractQueuedSynchronizer.java:2078)
        at java.util.concurrent.LinkedBlockingQueue.poll(LinkedBlockingQueue.java:467)
        at org.apache.hadoop.ipc.CallQueueManager.take(CallQueueManager.java:317)
        at org.apache.hadoop.ipc.Server$Handler.run(Server.java:3014)
"IPC Server handler 87 on default port 15000" daemon prio=5 tid=141 timed_waiting
java.lang.Thread.State: TIMED_WAITING
        at sun.misc.Unsafe.park(Native Method)
        at java.util.concurrent.locks.LockSupport.parkNanos(LockSupport.java:215)
        at java.util.concurrent.locks.AbstractQueuedSynchronizer$ConditionObject.awaitNanos(AbstractQueuedSynchronizer.java:2078)
        at java.util.concurrent.LinkedBlockingQueue.poll(LinkedBlockingQueue.java:467)
        at org.apache.hadoop.ipc.CallQueueManager.take(CallQueueManager.java:317)
        at org.apache.hadoop.ipc.Server$Handler.run(Server.java:3014)
"IPC Server handler 33 on default port 15000" daemon prio=5 tid=87 timed_waiting
java.lang.Thread.State: TIMED_WAITING
        at sun.misc.Unsafe.park(Native Method)
        at java.util.concurrent.locks.LockSupport.parkNanos(LockSupport.java:215)
        at java.util.concurrent.locks.AbstractQueuedSynchronizer$ConditionObject.awaitNanos(AbstractQueuedSynchronizer.java:2078)
        at java.util.concurrent.LinkedBlockingQueue.poll(LinkedBlockingQueue.java:467)
        at org.apache.hadoop.ipc.CallQueueManager.take(CallQueueManager.java:317)
        at org.apache.hadoop.ipc.Server$Handler.run(Server.java:3014)
"IPC Server handler 71 on default port 15000" daemon prio=5 tid=125 timed_waiting
java.lang.Thread.State: TIMED_WAITING
        at sun.misc.Unsafe.park(Native Method)
        at java.util.concurrent.locks.LockSupport.parkNanos(LockSupport.java:215)
        at java.util.concurrent.locks.AbstractQueuedSynchronizer$ConditionObject.awaitNanos(AbstractQueuedSynchronizer.java:2078)
        at java.util.concurrent.LinkedBlockingQueue.poll(LinkedBlockingQueue.java:467)
        at org.apache.hadoop.ipc.CallQueueManager.take(CallQueueManager.java:317)
        at org.apache.hadoop.ipc.Server$Handler.run(Server.java:3014)
"78f89d9b-e409-4704-890b-bfcfbcdfd28a-ChunkReader-8" daemon prio=5 tid=2036 in Object.wait()
java.lang.Thread.State: WAITING (on object monitor)
        at sun.misc.Unsafe.park(Native Method)
        at java.util.concurrent.locks.LockSupport.park(LockSupport.java:175)
        at java.util.concurrent.locks.AbstractQueuedSynchronizer$ConditionObject.await(AbstractQueuedSynchronizer.java:2039)
        at java.util.concurrent.LinkedBlockingQueue.take(LinkedBlockingQueue.java:442)
        at java.util.concurrent.ThreadPoolExecutor.getTask(ThreadPoolExecutor.java:1074)
        at java.util.concurrent.ThreadPoolExecutor.runWorker(ThreadPoolExecutor.java:1134)
        at java.util.concurrent.ThreadPoolExecutor$Worker.run(ThreadPoolExecutor.java:624)
        at java.lang.Thread.run(Thread.java:750)
"qtp1897694595-442" daemon prio=5 tid=442 timed_waiting
java.lang.Thread.State: TIMED_WAITING
        at sun.misc.Unsafe.park(Native Method)
        at java.util.concurrent.locks.LockSupport.parkNanos(LockSupport.java:215)
        at java.util.concurrent.locks.AbstractQueuedSynchronizer$ConditionObject.awaitNanos(AbstractQueuedSynchronizer.java:2078)
        at org.eclipse.jetty.util.BlockingArrayQueue.poll(BlockingArrayQueue.java:382)
        at org.eclipse.jetty.util.thread.QueuedThreadPool$Runner.idleJobPoll(QueuedThreadPool.java:974)
        at org.eclipse.jetty.util.thread.QueuedThreadPool$Runner.run(QueuedThreadPool.java:1018)
        at java.lang.Thread.run(Thread.java:750)
"e780b093-7242-46d7-bd8f-0f810188c7b3@group-1944BBB8D763-cacheEviction-AwaitToRun" daemon prio=5 tid=1199 in Object.wait()
java.lang.Thread.State: WAITING (on object monitor)
        at sun.misc.Unsafe.park(Native Method)
        at java.util.concurrent.locks.LockSupport.park(LockSupport.java:175)
        at java.util.concurrent.locks.AbstractQueuedSynchronizer$ConditionObject.await(AbstractQueuedSynchronizer.java:2039)
        at org.apache.ratis.util.AwaitForSignal.await(AwaitForSignal.java:48)
        at org.apache.ratis.util.AwaitToRun$RunnableImpl.run(AwaitToRun.java:47)
        at java.lang.Thread.run(Thread.java:750)
"Socket Reader #1 for port 15037"  prio=5 tid=534 runnable
java.lang.Thread.State: RUNNABLE
        at sun.nio.ch.EPollArrayWrapper.epollWait(Native Method)
        at sun.nio.ch.EPollArrayWrapper.poll(EPollArrayWrapper.java:269)
        at sun.nio.ch.EPollSelectorImpl.doSelect(EPollSelectorImpl.java:93)
        at sun.nio.ch.SelectorImpl.lockAndDoSelect(SelectorImpl.java:86)
        at sun.nio.ch.SelectorImpl.select(SelectorImpl.java:97)
        at sun.nio.ch.SelectorImpl.select(SelectorImpl.java:101)
        at org.apache.hadoop.ipc.Server$Listener$Reader.doRunLoop(Server.java:1346)
        at org.apache.hadoop.ipc.Server$Listener$Reader.run(Server.java:1325)
"IPC Server handler 37 on default port 15002" daemon prio=5 tid=291 timed_waiting
java.lang.Thread.State: TIMED_WAITING
        at sun.misc.Unsafe.park(Native Method)
        at java.util.concurrent.locks.LockSupport.parkNanos(LockSupport.java:215)
        at java.util.concurrent.locks.AbstractQueuedSynchronizer$ConditionObject.awaitNanos(AbstractQueuedSynchronizer.java:2078)
        at java.util.concurrent.LinkedBlockingQueue.poll(LinkedBlockingQueue.java:467)
        at org.apache.hadoop.ipc.CallQueueManager.take(CallQueueManager.java:317)
        at org.apache.hadoop.ipc.Server$Handler.run(Server.java:3014)
"86ab988c-fa9c-425d-a1c6-9004ff7fd93d-server-thread3" daemon prio=5 tid=1733 timed_waiting
java.lang.Thread.State: TIMED_WAITING
        at sun.misc.Unsafe.park(Native Method)
        at java.util.concurrent.locks.LockSupport.parkNanos(LockSupport.java:215)
        at java.util.concurrent.SynchronousQueue$TransferStack.awaitFulfill(SynchronousQueue.java:460)
        at java.util.concurrent.SynchronousQueue$TransferStack.transfer(SynchronousQueue.java:362)
        at java.util.concurrent.SynchronousQueue.poll(SynchronousQueue.java:941)
        at java.util.concurrent.ThreadPoolExecutor.getTask(ThreadPoolExecutor.java:1073)
        at java.util.concurrent.ThreadPoolExecutor.runWorker(ThreadPoolExecutor.java:1134)
        at java.util.concurrent.ThreadPoolExecutor$Worker.run(ThreadPoolExecutor.java:624)
        at java.lang.Thread.run(Thread.java:750)
"e46a6e51-795f-4801-a523-c45a6c7f2c34-groupManagement"  prio=5 tid=890 in Object.wait()
java.lang.Thread.State: WAITING (on object monitor)
        at sun.misc.Unsafe.park(Native Method)
        at java.util.concurrent.locks.LockSupport.park(LockSupport.java:175)
        at java.util.concurrent.locks.AbstractQueuedSynchronizer$ConditionObject.await(AbstractQueuedSynchronizer.java:2039)
        at java.util.concurrent.LinkedBlockingQueue.take(LinkedBlockingQueue.java:442)
        at java.util.concurrent.ThreadPoolExecutor.getTask(ThreadPoolExecutor.java:1074)
        at java.util.concurrent.ThreadPoolExecutor.runWorker(ThreadPoolExecutor.java:1134)
        at java.util.concurrent.ThreadPoolExecutor$Worker.run(ThreadPoolExecutor.java:624)
        at java.lang.Thread.run(Thread.java:750)
"dc26353c-d48a-467d-89cd-3a7c4b626396-ChunkReader-3" daemon prio=5 tid=2374 in Object.wait()
java.lang.Thread.State: WAITING (on object monitor)
        at sun.misc.Unsafe.park(Native Method)
        at java.util.concurrent.locks.LockSupport.park(LockSupport.java:175)
        at java.util.concurrent.locks.AbstractQueuedSynchronizer$ConditionObject.await(AbstractQueuedSynchronizer.java:2039)
        at java.util.concurrent.LinkedBlockingQueue.take(LinkedBlockingQueue.java:442)
        at java.util.concurrent.ThreadPoolExecutor.getTask(ThreadPoolExecutor.java:1074)
        at java.util.concurrent.ThreadPoolExecutor.runWorker(ThreadPoolExecutor.java:1134)
        at java.util.concurrent.ThreadPoolExecutor$Worker.run(ThreadPoolExecutor.java:624)
        at java.lang.Thread.run(Thread.java:750)
"d25dc3b0-28fc-4383-b1a0-617845025f41@group-3075FEAC11D2-LeaderStateImpl" daemon prio=5 tid=1564 timed_waiting
java.lang.Thread.State: TIMED_WAITING
        at sun.misc.Unsafe.park(Native Method)
        at java.util.concurrent.locks.LockSupport.parkNanos(LockSupport.java:215)
        at java.util.concurrent.locks.AbstractQueuedSynchronizer$ConditionObject.awaitNanos(AbstractQueuedSynchronizer.java:2078)
        at java.util.concurrent.ArrayBlockingQueue.poll(ArrayBlockingQueue.java:418)
        at org.apache.ratis.server.impl.LeaderStateImpl$EventQueue.poll(LeaderStateImpl.java:164)
        at org.apache.ratis.server.impl.LeaderStateImpl$EventProcessor.run(LeaderStateImpl.java:762)
"qtp751996498-609-acceptor-0@269983bf-ServerConnector@4d8a67e5{HTTP/1.1, (http/1.1)}{0.0.0.0:15063}" daemon prio=3 tid=609 runnable
java.lang.Thread.State: RUNNABLE
        at sun.nio.ch.ServerSocketChannelImpl.accept0(Native Method)
        at sun.nio.ch.ServerSocketChannelImpl.accept(ServerSocketChannelImpl.java:421)
        at sun.nio.ch.ServerSocketChannelImpl.accept(ServerSocketChannelImpl.java:249)
        at org.eclipse.jetty.server.ServerConnector.accept(ServerConnector.java:388)
        at org.eclipse.jetty.server.AbstractConnector$Acceptor.run(AbstractConnector.java:704)
        at org.eclipse.jetty.util.thread.QueuedThreadPool.runJob(QueuedThreadPool.java:883)
        at org.eclipse.jetty.util.thread.QueuedThreadPool$Runner.run(QueuedThreadPool.java:1034)
        at java.lang.Thread.run(Thread.java:750)
"d25dc3b0-28fc-4383-b1a0-617845025f41-ChunkReader-3" daemon prio=5 tid=2379 in Object.wait()
java.lang.Thread.State: WAITING (on object monitor)
        at sun.misc.Unsafe.park(Native Method)
        at java.util.concurrent.locks.LockSupport.park(LockSupport.java:175)
        at java.util.concurrent.locks.AbstractQueuedSynchronizer$ConditionObject.await(AbstractQueuedSynchronizer.java:2039)
        at java.util.concurrent.LinkedBlockingQueue.take(LinkedBlockingQueue.java:442)
        at java.util.concurrent.ThreadPoolExecutor.getTask(ThreadPoolExecutor.java:1074)
        at java.util.concurrent.ThreadPoolExecutor.runWorker(ThreadPoolExecutor.java:1134)
        at java.util.concurrent.ThreadPoolExecutor$Worker.run(ThreadPoolExecutor.java:624)
        at java.lang.Thread.run(Thread.java:750)
"13f92446-3b18-4d81-bc66-0f9b00220e72-ChunkReader-3" daemon prio=5 tid=2237 in Object.wait()
java.lang.Thread.State: WAITING (on object monitor)
        at sun.misc.Unsafe.park(Native Method)
        at java.util.concurrent.locks.LockSupport.park(LockSupport.java:175)
        at java.util.concurrent.locks.AbstractQueuedSynchronizer$ConditionObject.await(AbstractQueuedSynchronizer.java:2039)
        at java.util.concurrent.LinkedBlockingQueue.take(LinkedBlockingQueue.java:442)
        at java.util.concurrent.ThreadPoolExecutor.getTask(ThreadPoolExecutor.java:1074)
        at java.util.concurrent.ThreadPoolExecutor.runWorker(ThreadPoolExecutor.java:1134)
        at java.util.concurrent.ThreadPoolExecutor$Worker.run(ThreadPoolExecutor.java:624)
        at java.lang.Thread.run(Thread.java:750)
"e780b093-7242-46d7-bd8f-0f810188c7b3@group-5C1807567017-LeaderStateImpl" daemon prio=5 tid=2178 timed_waiting
java.lang.Thread.State: TIMED_WAITING
        at sun.misc.Unsafe.park(Native Method)
        at java.util.concurrent.locks.LockSupport.parkNanos(LockSupport.java:215)
        at java.util.concurrent.locks.AbstractQueuedSynchronizer$ConditionObject.awaitNanos(AbstractQueuedSynchronizer.java:2078)
        at java.util.concurrent.ArrayBlockingQueue.poll(ArrayBlockingQueue.java:418)
        at org.apache.ratis.server.impl.LeaderStateImpl$EventQueue.poll(LeaderStateImpl.java:164)
        at org.apache.ratis.server.impl.LeaderStateImpl$EventProcessor.run(LeaderStateImpl.java:762)
"IPC Server handler 99 on default port 15002" daemon prio=5 tid=353 timed_waiting
java.lang.Thread.State: TIMED_WAITING
        at sun.misc.Unsafe.park(Native Method)
        at java.util.concurrent.locks.LockSupport.parkNanos(LockSupport.java:215)
        at java.util.concurrent.locks.AbstractQueuedSynchronizer$ConditionObject.awaitNanos(AbstractQueuedSynchronizer.java:2078)
        at java.util.concurrent.LinkedBlockingQueue.poll(LinkedBlockingQueue.java:467)
        at org.apache.hadoop.ipc.CallQueueManager.take(CallQueueManager.java:317)
        at org.apache.hadoop.ipc.Server$Handler.run(Server.java:3014)
"timer0" daemon prio=5 tid=1523 timed_waiting
java.lang.Thread.State: TIMED_WAITING
        at java.lang.Object.wait(Native Method)
        at java.util.TimerThread.mainLoop(Timer.java:552)
        at java.util.TimerThread.run(Timer.java:505)
"4e8f68d6-fd98-4f77-87e3-715939181693@group-89543CF42D33-SegmentedRaftLogWorker"  prio=5 tid=1031 timed_waiting
java.lang.Thread.State: TIMED_WAITING
        at sun.misc.Unsafe.park(Native Method)
        at java.util.concurrent.locks.LockSupport.parkNanos(LockSupport.java:215)
        at java.util.concurrent.locks.AbstractQueuedSynchronizer$ConditionObject.awaitNanos(AbstractQueuedSynchronizer.java:2078)
        at org.apache.ratis.util.DataBlockingQueue.poll(DataBlockingQueue.java:148)
        at org.apache.ratis.server.raftlog.segmented.SegmentedRaftLogWorker.run(SegmentedRaftLogWorker.java:299)
        at org.apache.ratis.server.raftlog.segmented.SegmentedRaftLogWorker$$Lambda$913/1052546256.run(Unknown Source)
        at java.util.concurrent.Executors$RunnableAdapter.call(Executors.java:511)
        at java.util.concurrent.FutureTask.run(FutureTask.java:266)
        at java.util.concurrent.ThreadPoolExecutor.runWorker(ThreadPoolExecutor.java:1149)
        at java.util.concurrent.ThreadPoolExecutor$Worker.run(ThreadPoolExecutor.java:624)
        at java.lang.Thread.run(Thread.java:750)
"IPC Server handler 47 on default port 15000" daemon prio=5 tid=101 timed_waiting
java.lang.Thread.State: TIMED_WAITING
        at sun.misc.Unsafe.park(Native Method)
        at java.util.concurrent.locks.LockSupport.parkNanos(LockSupport.java:215)
        at java.util.concurrent.locks.AbstractQueuedSynchronizer$ConditionObject.awaitNanos(AbstractQueuedSynchronizer.java:2078)
        at java.util.concurrent.LinkedBlockingQueue.poll(LinkedBlockingQueue.java:467)
        at org.apache.hadoop.ipc.CallQueueManager.take(CallQueueManager.java:317)
        at org.apache.hadoop.ipc.Server$Handler.run(Server.java:3014)
"pool-172-thread-1" daemon prio=5 tid=786 timed_waiting
java.lang.Thread.State: TIMED_WAITING
        at sun.misc.Unsafe.park(Native Method)
        at java.util.concurrent.locks.LockSupport.parkNanos(LockSupport.java:215)
        at java.util.concurrent.locks.AbstractQueuedSynchronizer$ConditionObject.awaitNanos(AbstractQueuedSynchronizer.java:2078)
        at java.util.concurrent.ScheduledThreadPoolExecutor$DelayedWorkQueue.take(ScheduledThreadPoolExecutor.java:1093)
        at java.util.concurrent.ScheduledThreadPoolExecutor$DelayedWorkQueue.take(ScheduledThreadPoolExecutor.java:809)
        at java.util.concurrent.ThreadPoolExecutor.getTask(ThreadPoolExecutor.java:1074)
        at java.util.concurrent.ThreadPoolExecutor.runWorker(ThreadPoolExecutor.java:1134)
        at java.util.concurrent.ThreadPoolExecutor$Worker.run(ThreadPoolExecutor.java:624)
        at java.lang.Thread.run(Thread.java:750)
"IPC Server handler 2 on default port 15002" daemon prio=5 tid=256 timed_waiting
java.lang.Thread.State: TIMED_WAITING
        at sun.misc.Unsafe.park(Native Method)
        at java.util.concurrent.locks.LockSupport.parkNanos(LockSupport.java:215)
        at java.util.concurrent.locks.AbstractQueuedSynchronizer$ConditionObject.awaitNanos(AbstractQueuedSynchronizer.java:2078)
        at java.util.concurrent.LinkedBlockingQueue.poll(LinkedBlockingQueue.java:467)
        at org.apache.hadoop.ipc.CallQueueManager.take(CallQueueManager.java:317)
        at org.apache.hadoop.ipc.Server$Handler.run(Server.java:3014)
"qtp2089021425-524" daemon prio=5 tid=524 timed_waiting
java.lang.Thread.State: TIMED_WAITING
        at sun.misc.Unsafe.park(Native Method)
        at java.util.concurrent.locks.LockSupport.parkNanos(LockSupport.java:215)
        at java.util.concurrent.locks.AbstractQueuedSynchronizer$ConditionObject.awaitNanos(AbstractQueuedSynchronizer.java:2078)
        at org.eclipse.jetty.util.BlockingArrayQueue.poll(BlockingArrayQueue.java:382)
        at org.eclipse.jetty.util.thread.QueuedThreadPool$Runner.idleJobPoll(QueuedThreadPool.java:974)
        at org.eclipse.jetty.util.thread.QueuedThreadPool$Runner.run(QueuedThreadPool.java:1018)
        at java.lang.Thread.run(Thread.java:750)
"om1@group-C5BA1605619E-SegmentedRaftLogWorker"  prio=5 tid=389 timed_waiting
java.lang.Thread.State: TIMED_WAITING
        at sun.misc.Unsafe.park(Native Method)
        at java.util.concurrent.locks.LockSupport.parkNanos(LockSupport.java:215)
        at java.util.concurrent.locks.AbstractQueuedSynchronizer$ConditionObject.awaitNanos(AbstractQueuedSynchronizer.java:2078)
        at org.apache.ratis.util.DataBlockingQueue.poll(DataBlockingQueue.java:148)
        at org.apache.ratis.server.raftlog.segmented.SegmentedRaftLogWorker.run(SegmentedRaftLogWorker.java:299)
        at org.apache.ratis.server.raftlog.segmented.SegmentedRaftLogWorker$$Lambda$913/1052546256.run(Unknown Source)
        at java.util.concurrent.Executors$RunnableAdapter.call(Executors.java:511)
        at java.util.concurrent.FutureTask.run(FutureTask.java:266)
        at java.util.concurrent.ThreadPoolExecutor.runWorker(ThreadPoolExecutor.java:1149)
        at java.util.concurrent.ThreadPoolExecutor$Worker.run(ThreadPoolExecutor.java:624)
        at java.lang.Thread.run(Thread.java:750)
"dc26353c-d48a-467d-89cd-3a7c4b626396-CommandProcessorThread" daemon prio=5 tid=573 timed_waiting
java.lang.Thread.State: TIMED_WAITING
        at java.lang.Thread.sleep(Native Method)
        at org.apache.hadoop.ozone.container.common.statemachine.DatanodeStateMachine.lambda$initCommandHandlerThread$4(DatanodeStateMachine.java:684)
        at org.apache.hadoop.ozone.container.common.statemachine.DatanodeStateMachine$$Lambda$1032/2137296302.run(Unknown Source)
        at java.lang.Thread.run(Thread.java:750)
"IPC Server handler 24 on default port 15000" daemon prio=5 tid=78 timed_waiting
java.lang.Thread.State: TIMED_WAITING
        at sun.misc.Unsafe.park(Native Method)
        at java.util.concurrent.locks.LockSupport.parkNanos(LockSupport.java:215)
        at java.util.concurrent.locks.AbstractQueuedSynchronizer$ConditionObject.awaitNanos(AbstractQueuedSynchronizer.java:2078)
        at java.util.concurrent.LinkedBlockingQueue.poll(LinkedBlockingQueue.java:467)
        at org.apache.hadoop.ipc.CallQueueManager.take(CallQueueManager.java:317)
        at org.apache.hadoop.ipc.Server$Handler.run(Server.java:3014)
"IPC Server handler 37 on default port 15000" daemon prio=5 tid=91 timed_waiting
java.lang.Thread.State: TIMED_WAITING
        at sun.misc.Unsafe.park(Native Method)
        at java.util.concurrent.locks.LockSupport.parkNanos(LockSupport.java:215)
        at java.util.concurrent.locks.AbstractQueuedSynchronizer$ConditionObject.awaitNanos(AbstractQueuedSynchronizer.java:2078)
        at java.util.concurrent.LinkedBlockingQueue.poll(LinkedBlockingQueue.java:467)
        at org.apache.hadoop.ipc.CallQueueManager.take(CallQueueManager.java:317)
        at org.apache.hadoop.ipc.Server$Handler.run(Server.java:3014)
"c30fedce-f286-40e0-881d-3d5a9a6e2463@group-34E96220011A-SegmentedRaftLogWorker"  prio=5 tid=1368 timed_waiting
java.lang.Thread.State: TIMED_WAITING
        at sun.misc.Unsafe.park(Native Method)
        at java.util.concurrent.locks.LockSupport.parkNanos(LockSupport.java:215)
        at java.util.concurrent.locks.AbstractQueuedSynchronizer$ConditionObject.awaitNanos(AbstractQueuedSynchronizer.java:2078)
        at org.apache.ratis.util.DataBlockingQueue.poll(DataBlockingQueue.java:148)
        at org.apache.ratis.server.raftlog.segmented.SegmentedRaftLogWorker.run(SegmentedRaftLogWorker.java:299)
        at org.apache.ratis.server.raftlog.segmented.SegmentedRaftLogWorker$$Lambda$913/1052546256.run(Unknown Source)
        at java.util.concurrent.Executors$RunnableAdapter.call(Executors.java:511)
        at java.util.concurrent.FutureTask.run(FutureTask.java:266)
        at java.util.concurrent.ThreadPoolExecutor.runWorker(ThreadPoolExecutor.java:1149)
        at java.util.concurrent.ThreadPoolExecutor$Worker.run(ThreadPoolExecutor.java:624)
        at java.lang.Thread.run(Thread.java:750)
"IPC Server handler 74 on default port 15000" daemon prio=5 tid=128 timed_waiting
java.lang.Thread.State: TIMED_WAITING
        at sun.misc.Unsafe.park(Native Method)
        at java.util.concurrent.locks.LockSupport.parkNanos(LockSupport.java:215)
        at java.util.concurrent.locks.AbstractQueuedSynchronizer$ConditionObject.awaitNanos(AbstractQueuedSynchronizer.java:2078)
        at java.util.concurrent.LinkedBlockingQueue.poll(LinkedBlockingQueue.java:467)
        at org.apache.hadoop.ipc.CallQueueManager.take(CallQueueManager.java:317)
        at org.apache.hadoop.ipc.Server$Handler.run(Server.java:3014)
"IPC Server handler 86 on default port 15002" daemon prio=5 tid=340 timed_waiting
java.lang.Thread.State: TIMED_WAITING
        at sun.misc.Unsafe.park(Native Method)
        at java.util.concurrent.locks.LockSupport.parkNanos(LockSupport.java:215)
        at java.util.concurrent.locks.AbstractQueuedSynchronizer$ConditionObject.awaitNanos(AbstractQueuedSynchronizer.java:2078)
        at java.util.concurrent.LinkedBlockingQueue.poll(LinkedBlockingQueue.java:467)
        at org.apache.hadoop.ipc.CallQueueManager.take(CallQueueManager.java:317)
        at org.apache.hadoop.ipc.Server$Handler.run(Server.java:3014)
"pool-289-thread-1"  prio=5 tid=663 timed_waiting
java.lang.Thread.State: TIMED_WAITING
        at sun.misc.Unsafe.park(Native Method)
        at java.util.concurrent.locks.LockSupport.parkNanos(LockSupport.java:215)
        at java.util.concurrent.locks.AbstractQueuedSynchronizer$ConditionObject.awaitNanos(AbstractQueuedSynchronizer.java:2078)
        at java.util.concurrent.ScheduledThreadPoolExecutor$DelayedWorkQueue.take(ScheduledThreadPoolExecutor.java:1093)
        at java.util.concurrent.ScheduledThreadPoolExecutor$DelayedWorkQueue.take(ScheduledThreadPoolExecutor.java:809)
        at java.util.concurrent.ThreadPoolExecutor.getTask(ThreadPoolExecutor.java:1074)
        at java.util.concurrent.ThreadPoolExecutor.runWorker(ThreadPoolExecutor.java:1134)
        at java.util.concurrent.ThreadPoolExecutor$Worker.run(ThreadPoolExecutor.java:624)
        at java.lang.Thread.run(Thread.java:750)
"IPC Server listener on 15073" daemon prio=5 tid=2054 runnable
java.lang.Thread.State: RUNNABLE
        at sun.nio.ch.EPollArrayWrapper.epollWait(Native Method)
        at sun.nio.ch.EPollArrayWrapper.poll(EPollArrayWrapper.java:269)
        at sun.nio.ch.EPollSelectorImpl.doSelect(EPollSelectorImpl.java:93)
        at sun.nio.ch.SelectorImpl.lockAndDoSelect(SelectorImpl.java:86)
        at sun.nio.ch.SelectorImpl.select(SelectorImpl.java:97)
        at sun.nio.ch.SelectorImpl.select(SelectorImpl.java:101)
        at org.apache.hadoop.ipc.Server$Listener.run(Server.java:1408)
"EventQueue-DatanodeCommandQueueUpdatedForDatanodeCommandCountUpdatedHandler" daemon prio=5 tid=886 in Object.wait()
java.lang.Thread.State: WAITING (on object monitor)
        at sun.misc.Unsafe.park(Native Method)
        at java.util.concurrent.locks.LockSupport.park(LockSupport.java:175)
        at java.util.concurrent.locks.AbstractQueuedSynchronizer$ConditionObject.await(AbstractQueuedSynchronizer.java:2039)
        at java.util.concurrent.LinkedBlockingQueue.take(LinkedBlockingQueue.java:442)
        at java.util.concurrent.ThreadPoolExecutor.getTask(ThreadPoolExecutor.java:1074)
        at java.util.concurrent.ThreadPoolExecutor.runWorker(ThreadPoolExecutor.java:1134)
        at java.util.concurrent.ThreadPoolExecutor$Worker.run(ThreadPoolExecutor.java:624)
        at java.lang.Thread.run(Thread.java:750)
"IPC Server handler 63 on default port 15000" daemon prio=5 tid=117 timed_waiting
java.lang.Thread.State: TIMED_WAITING
        at sun.misc.Unsafe.park(Native Method)
        at java.util.concurrent.locks.LockSupport.parkNanos(LockSupport.java:215)
        at java.util.concurrent.locks.AbstractQueuedSynchronizer$ConditionObject.awaitNanos(AbstractQueuedSynchronizer.java:2078)
        at java.util.concurrent.LinkedBlockingQueue.poll(LinkedBlockingQueue.java:467)
        at org.apache.hadoop.ipc.CallQueueManager.take(CallQueueManager.java:317)
        at org.apache.hadoop.ipc.Server$Handler.run(Server.java:3014)
"FixedThreadPoolWithAffinityExecutor-7-0" daemon prio=5 tid=50 timed_waiting
java.lang.Thread.State: TIMED_WAITING
        at sun.misc.Unsafe.park(Native Method)
        at java.util.concurrent.locks.LockSupport.parkNanos(LockSupport.java:215)
        at java.util.concurrent.locks.AbstractQueuedSynchronizer$ConditionObject.awaitNanos(AbstractQueuedSynchronizer.java:2078)
        at java.util.concurrent.LinkedBlockingQueue.poll(LinkedBlockingQueue.java:467)
        at org.apache.hadoop.hdds.scm.server.ContainerReportQueue.poll(ContainerReportQueue.java:269)
        at org.apache.hadoop.hdds.scm.server.ContainerReportQueue.poll(ContainerReportQueue.java:42)
        at org.apache.hadoop.hdds.server.events.FixedThreadPoolWithAffinityExecutor$ContainerReportProcessTask.run(FixedThreadPoolWithAffinityExecutor.java:253)
        at java.util.concurrent.Executors$RunnableAdapter.call(Executors.java:511)
        at java.util.concurrent.FutureTask.run(FutureTask.java:266)
        at java.util.concurrent.ThreadPoolExecutor.runWorker(ThreadPoolExecutor.java:1149)
        at java.util.concurrent.ThreadPoolExecutor$Worker.run(ThreadPoolExecutor.java:624)
        at java.lang.Thread.run(Thread.java:750)
"StaleRecoveringContainerScrubbingService#8" daemon prio=5 tid=2384 in Object.wait()
java.lang.Thread.State: WAITING (on object monitor)
        at sun.misc.Unsafe.park(Native Method)
        at java.util.concurrent.locks.LockSupport.park(LockSupport.java:175)
        at java.util.concurrent.locks.AbstractQueuedSynchronizer$ConditionObject.await(AbstractQueuedSynchronizer.java:2039)
        at java.util.concurrent.ScheduledThreadPoolExecutor$DelayedWorkQueue.take(ScheduledThreadPoolExecutor.java:1088)
        at java.util.concurrent.ScheduledThreadPoolExecutor$DelayedWorkQueue.take(ScheduledThreadPoolExecutor.java:809)
        at java.util.concurrent.ThreadPoolExecutor.getTask(ThreadPoolExecutor.java:1074)
        at java.util.concurrent.ThreadPoolExecutor.runWorker(ThreadPoolExecutor.java:1134)
        at java.util.concurrent.ThreadPoolExecutor$Worker.run(ThreadPoolExecutor.java:624)
        at java.lang.Thread.run(Thread.java:750)
"86ab988c-fa9c-425d-a1c6-9004ff7fd93d-ChunkReader-4" daemon prio=5 tid=1680 in Object.wait()
java.lang.Thread.State: WAITING (on object monitor)
        at sun.misc.Unsafe.park(Native Method)
        at java.util.concurrent.locks.LockSupport.park(LockSupport.java:175)
        at java.util.concurrent.locks.AbstractQueuedSynchronizer$ConditionObject.await(AbstractQueuedSynchronizer.java:2039)
        at java.util.concurrent.LinkedBlockingQueue.take(LinkedBlockingQueue.java:442)
        at java.util.concurrent.ThreadPoolExecutor.getTask(ThreadPoolExecutor.java:1074)
        at java.util.concurrent.ThreadPoolExecutor.runWorker(ThreadPoolExecutor.java:1134)
        at java.util.concurrent.ThreadPoolExecutor$Worker.run(ThreadPoolExecutor.java:624)
        at java.lang.Thread.run(Thread.java:750)
"IPC Server handler 91 on default port 15000" daemon prio=5 tid=145 timed_waiting
java.lang.Thread.State: TIMED_WAITING
        at sun.misc.Unsafe.park(Native Method)
        at java.util.concurrent.locks.LockSupport.parkNanos(LockSupport.java:215)
        at java.util.concurrent.locks.AbstractQueuedSynchronizer$ConditionObject.awaitNanos(AbstractQueuedSynchronizer.java:2078)
        at java.util.concurrent.LinkedBlockingQueue.poll(LinkedBlockingQueue.java:467)
        at org.apache.hadoop.ipc.CallQueueManager.take(CallQueueManager.java:317)
        at org.apache.hadoop.ipc.Server$Handler.run(Server.java:3014)
"d25dc3b0-28fc-4383-b1a0-617845025f41@group-C11F3E838557-StateMachineUpdater" daemon prio=5 tid=1386 timed_waiting
java.lang.Thread.State: TIMED_WAITING
        at sun.misc.Unsafe.park(Native Method)
        at java.util.concurrent.locks.LockSupport.parkNanos(LockSupport.java:215)
        at java.util.concurrent.locks.AbstractQueuedSynchronizer$ConditionObject.await(AbstractQueuedSynchronizer.java:2163)
        at org.apache.ratis.util.AwaitForSignal.await(AwaitForSignal.java:65)
        at org.apache.ratis.server.impl.StateMachineUpdater.waitForCommit(StateMachineUpdater.java:211)
        at org.apache.ratis.server.impl.StateMachineUpdater.run(StateMachineUpdater.java:180)
        at java.lang.Thread.run(Thread.java:750)
"Session-HouseKeeper-59c34c4-1"  prio=5 tid=2053 timed_waiting
java.lang.Thread.State: TIMED_WAITING
        at sun.misc.Unsafe.park(Native Method)
        at java.util.concurrent.locks.LockSupport.parkNanos(LockSupport.java:215)
        at java.util.concurrent.locks.AbstractQueuedSynchronizer$ConditionObject.awaitNanos(AbstractQueuedSynchronizer.java:2078)
        at java.util.concurrent.ScheduledThreadPoolExecutor$DelayedWorkQueue.take(ScheduledThreadPoolExecutor.java:1093)
        at java.util.concurrent.ScheduledThreadPoolExecutor$DelayedWorkQueue.take(ScheduledThreadPoolExecutor.java:809)
        at java.util.concurrent.ThreadPoolExecutor.getTask(ThreadPoolExecutor.java:1074)
        at java.util.concurrent.ThreadPoolExecutor.runWorker(ThreadPoolExecutor.java:1134)
        at java.util.concurrent.ThreadPoolExecutor$Worker.run(ThreadPoolExecutor.java:624)
        at java.lang.Thread.run(Thread.java:750)
"e780b093-7242-46d7-bd8f-0f810188c7b3-ChunkReader-0" daemon prio=5 tid=1597 in Object.wait()
java.lang.Thread.State: WAITING (on object monitor)
        at sun.misc.Unsafe.park(Native Method)
        at java.util.concurrent.locks.LockSupport.park(LockSupport.java:175)
        at java.util.concurrent.locks.AbstractQueuedSynchronizer$ConditionObject.await(AbstractQueuedSynchronizer.java:2039)
        at java.util.concurrent.LinkedBlockingQueue.take(LinkedBlockingQueue.java:442)
        at java.util.concurrent.ThreadPoolExecutor.getTask(ThreadPoolExecutor.java:1074)
        at java.util.concurrent.ThreadPoolExecutor.runWorker(ThreadPoolExecutor.java:1134)
        at java.util.concurrent.ThreadPoolExecutor$Worker.run(ThreadPoolExecutor.java:624)
        at java.lang.Thread.run(Thread.java:750)
"86ab988c-fa9c-425d-a1c6-9004ff7fd93d@group-34E96220011A->dc26353c-d48a-467d-89cd-3a7c4b626396-GrpcLogAppender-LogAppenderDaemon" daemon prio=5 tid=1921 timed_waiting
java.lang.Thread.State: TIMED_WAITING
        at sun.misc.Unsafe.park(Native Method)
        at java.util.concurrent.locks.LockSupport.parkNanos(LockSupport.java:215)
        at java.util.concurrent.locks.AbstractQueuedSynchronizer$ConditionObject.await(AbstractQueuedSynchronizer.java:2163)
        at org.apache.ratis.util.AwaitForSignal.await(AwaitForSignal.java:65)
        at org.apache.ratis.grpc.server.GrpcLogAppender.mayWait(GrpcLogAppender.java:286)
        at org.apache.ratis.grpc.server.GrpcLogAppender.run(GrpcLogAppender.java:254)
        at org.apache.ratis.server.leader.LogAppenderDaemon.run(LogAppenderDaemon.java:80)
        at org.apache.ratis.server.leader.LogAppenderDaemon$$Lambda$1370/616798254.run(Unknown Source)
        at java.lang.Thread.run(Thread.java:750)
"4e8f68d6-fd98-4f77-87e3-715939181693@group-89543CF42D33-cacheEviction-AwaitToRun" daemon prio=5 tid=1030 in Object.wait()
java.lang.Thread.State: WAITING (on object monitor)
        at sun.misc.Unsafe.park(Native Method)
        at java.util.concurrent.locks.LockSupport.park(LockSupport.java:175)
        at java.util.concurrent.locks.AbstractQueuedSynchronizer$ConditionObject.await(AbstractQueuedSynchronizer.java:2039)
        at org.apache.ratis.util.AwaitForSignal.await(AwaitForSignal.java:48)
        at org.apache.ratis.util.AwaitToRun$RunnableImpl.run(AwaitToRun.java:47)
        at java.lang.Thread.run(Thread.java:750)
"c30fedce-f286-40e0-881d-3d5a9a6e2463-ChunkWriter-3-0" daemon prio=5 tid=822 in Object.wait()
java.lang.Thread.State: WAITING (on object monitor)
        at sun.misc.Unsafe.park(Native Method)
        at java.util.concurrent.locks.LockSupport.park(LockSupport.java:175)
        at java.util.concurrent.locks.AbstractQueuedSynchronizer$ConditionObject.await(AbstractQueuedSynchronizer.java:2039)
        at java.util.concurrent.LinkedBlockingDeque.takeFirst(LinkedBlockingDeque.java:492)
        at java.util.concurrent.LinkedBlockingDeque.take(LinkedBlockingDeque.java:680)
        at java.util.concurrent.ThreadPoolExecutor.getTask(ThreadPoolExecutor.java:1074)
        at java.util.concurrent.ThreadPoolExecutor.runWorker(ThreadPoolExecutor.java:1134)
        at java.util.concurrent.ThreadPoolExecutor$Worker.run(ThreadPoolExecutor.java:624)
        at java.lang.Thread.run(Thread.java:750)
"IPC Server handler 72 on default port 15001" daemon prio=5 tid=226 timed_waiting
java.lang.Thread.State: TIMED_WAITING
        at sun.misc.Unsafe.park(Native Method)
        at java.util.concurrent.locks.LockSupport.parkNanos(LockSupport.java:215)
        at java.util.concurrent.locks.AbstractQueuedSynchronizer$ConditionObject.awaitNanos(AbstractQueuedSynchronizer.java:2078)
        at java.util.concurrent.LinkedBlockingQueue.poll(LinkedBlockingQueue.java:467)
        at org.apache.hadoop.ipc.CallQueueManager.take(CallQueueManager.java:317)
        at org.apache.hadoop.ipc.Server$Handler.run(Server.java:3014)
"gradle-enterprise-test-client-gradle-enterprise-test-listener"  prio=5 tid=15 in Object.wait()
java.lang.Thread.State: WAITING (on object monitor)
        at sun.misc.Unsafe.park(Native Method)
        at java.util.concurrent.locks.LockSupport.park(LockSupport.java:175)
        at java.util.concurrent.locks.AbstractQueuedSynchronizer$ConditionObject.await(AbstractQueuedSynchronizer.java:2039)
        at java.util.concurrent.ArrayBlockingQueue.take(ArrayBlockingQueue.java:403)
        at com.gradle.maven.scan.extension.test.listener.obfuscated.k.a.a(SourceFile:130)
        at com.gradle.maven.scan.extension.test.listener.obfuscated.k.a.b(SourceFile:93)
        at com.gradle.maven.scan.extension.test.listener.obfuscated.k.a$$Lambda$258/417557780.run(Unknown Source)
        at java.util.concurrent.Executors$RunnableAdapter.call(Executors.java:511)
        at java.util.concurrent.FutureTask.run(FutureTask.java:266)
        at java.util.concurrent.ThreadPoolExecutor.runWorker(ThreadPoolExecutor.java:1149)
        at java.util.concurrent.ThreadPoolExecutor$Worker.run(ThreadPoolExecutor.java:624)
        at java.lang.Thread.run(Thread.java:750)
"78f89d9b-e409-4704-890b-bfcfbcdfd28a@group-8820B9A2DC65-SegmentedRaftLogWorker"  prio=5 tid=1280 timed_waiting
java.lang.Thread.State: TIMED_WAITING
        at sun.misc.Unsafe.park(Native Method)
        at java.util.concurrent.locks.LockSupport.parkNanos(LockSupport.java:215)
        at java.util.concurrent.locks.AbstractQueuedSynchronizer$ConditionObject.awaitNanos(AbstractQueuedSynchronizer.java:2078)
        at org.apache.ratis.util.DataBlockingQueue.poll(DataBlockingQueue.java:148)
        at org.apache.ratis.server.raftlog.segmented.SegmentedRaftLogWorker.run(SegmentedRaftLogWorker.java:299)
        at org.apache.ratis.server.raftlog.segmented.SegmentedRaftLogWorker$$Lambda$913/1052546256.run(Unknown Source)
        at java.util.concurrent.Executors$RunnableAdapter.call(Executors.java:511)
        at java.util.concurrent.FutureTask.run(FutureTask.java:266)
        at java.util.concurrent.ThreadPoolExecutor.runWorker(ThreadPoolExecutor.java:1149)
        at java.util.concurrent.ThreadPoolExecutor$Worker.run(ThreadPoolExecutor.java:624)
        at java.lang.Thread.run(Thread.java:750)
"IPC Server handler 98 on default port 15002" daemon prio=5 tid=352 timed_waiting
java.lang.Thread.State: TIMED_WAITING
        at sun.misc.Unsafe.park(Native Method)
        at java.util.concurrent.locks.LockSupport.parkNanos(LockSupport.java:215)
        at java.util.concurrent.locks.AbstractQueuedSynchronizer$ConditionObject.awaitNanos(AbstractQueuedSynchronizer.java:2078)
        at java.util.concurrent.LinkedBlockingQueue.poll(LinkedBlockingQueue.java:467)
        at org.apache.hadoop.ipc.CallQueueManager.take(CallQueueManager.java:317)
        at org.apache.hadoop.ipc.Server$Handler.run(Server.java:3014)
"dc26353c-d48a-467d-89cd-3a7c4b626396@group-DD233808B888-FollowerState" daemon prio=5 tid=1511 timed_waiting
java.lang.Thread.State: TIMED_WAITING
        at java.lang.Thread.sleep(Native Method)
        at java.lang.Thread.sleep(Thread.java:342)
        at java.util.concurrent.TimeUnit.sleep(TimeUnit.java:386)
        at org.apache.ratis.util.TimeDuration.sleep(TimeDuration.java:353)
        at org.apache.ratis.util.TimeDuration.sleep(TimeDuration.java:338)
        at org.apache.ratis.server.impl.FollowerState.run(FollowerState.java:128)
"IPC Server handler 80 on default port 15002" daemon prio=5 tid=334 timed_waiting
java.lang.Thread.State: TIMED_WAITING
        at sun.misc.Unsafe.park(Native Method)
        at java.util.concurrent.locks.LockSupport.parkNanos(LockSupport.java:215)
        at java.util.concurrent.locks.AbstractQueuedSynchronizer$ConditionObject.awaitNanos(AbstractQueuedSynchronizer.java:2078)
        at java.util.concurrent.LinkedBlockingQueue.poll(LinkedBlockingQueue.java:467)
        at org.apache.hadoop.ipc.CallQueueManager.take(CallQueueManager.java:317)
        at org.apache.hadoop.ipc.Server$Handler.run(Server.java:3014)
"IPC Server Responder" daemon prio=5 tid=564 runnable
java.lang.Thread.State: RUNNABLE
        at sun.nio.ch.EPollArrayWrapper.epollWait(Native Method)
        at sun.nio.ch.EPollArrayWrapper.poll(EPollArrayWrapper.java:269)
        at sun.nio.ch.EPollSelectorImpl.doSelect(EPollSelectorImpl.java:93)
        at sun.nio.ch.SelectorImpl.lockAndDoSelect(SelectorImpl.java:86)
        at sun.nio.ch.SelectorImpl.select(SelectorImpl.java:97)
        at org.apache.hadoop.ipc.Server$Responder.doRunLoop(Server.java:1582)
        at org.apache.hadoop.ipc.Server$Responder.run(Server.java:1565)
"IPC Server handler 92 on default port 15002" daemon prio=5 tid=346 timed_waiting
java.lang.Thread.State: TIMED_WAITING
        at sun.misc.Unsafe.park(Native Method)
        at java.util.concurrent.locks.LockSupport.parkNanos(LockSupport.java:215)
        at java.util.concurrent.locks.AbstractQueuedSynchronizer$ConditionObject.awaitNanos(AbstractQueuedSynchronizer.java:2078)
        at java.util.concurrent.LinkedBlockingQueue.poll(LinkedBlockingQueue.java:467)
        at org.apache.hadoop.ipc.CallQueueManager.take(CallQueueManager.java:317)
        at org.apache.hadoop.ipc.Server$Handler.run(Server.java:3014)
"IPC Server handler 70 on default port 15001" daemon prio=5 tid=224 timed_waiting
java.lang.Thread.State: TIMED_WAITING
        at sun.misc.Unsafe.park(Native Method)
        at java.util.concurrent.locks.LockSupport.parkNanos(LockSupport.java:215)
        at java.util.concurrent.locks.AbstractQueuedSynchronizer$ConditionObject.awaitNanos(AbstractQueuedSynchronizer.java:2078)
        at java.util.concurrent.LinkedBlockingQueue.poll(LinkedBlockingQueue.java:467)
        at org.apache.hadoop.ipc.CallQueueManager.take(CallQueueManager.java:317)
        at org.apache.hadoop.ipc.Server$Handler.run(Server.java:3014)
"IPC Server handler 23 on default port 15000" daemon prio=5 tid=77 timed_waiting
java.lang.Thread.State: TIMED_WAITING
        at sun.misc.Unsafe.park(Native Method)
        at java.util.concurrent.locks.LockSupport.parkNanos(LockSupport.java:215)
        at java.util.concurrent.locks.AbstractQueuedSynchronizer$ConditionObject.awaitNanos(AbstractQueuedSynchronizer.java:2078)
        at java.util.concurrent.LinkedBlockingQueue.poll(LinkedBlockingQueue.java:467)
        at org.apache.hadoop.ipc.CallQueueManager.take(CallQueueManager.java:317)
        at org.apache.hadoop.ipc.Server$Handler.run(Server.java:3014)
"IPC Server handler 1 on default port 15000" daemon prio=5 tid=55 timed_waiting
java.lang.Thread.State: TIMED_WAITING
        at sun.misc.Unsafe.park(Native Method)
        at java.util.concurrent.locks.LockSupport.parkNanos(LockSupport.java:215)
        at java.util.concurrent.locks.AbstractQueuedSynchronizer$ConditionObject.awaitNanos(AbstractQueuedSynchronizer.java:2078)
        at java.util.concurrent.LinkedBlockingQueue.poll(LinkedBlockingQueue.java:467)
        at org.apache.hadoop.ipc.CallQueueManager.take(CallQueueManager.java:317)
        at org.apache.hadoop.ipc.Server$Handler.run(Server.java:3014)
"e780b093-7242-46d7-bd8f-0f810188c7b3@group-5C1807567017->78f89d9b-e409-4704-890b-bfcfbcdfd28a-GrpcLogAppender-LogAppenderDaemon" daemon prio=5 tid=2180 timed_waiting
java.lang.Thread.State: TIMED_WAITING
        at sun.misc.Unsafe.park(Native Method)
        at java.util.concurrent.locks.LockSupport.parkNanos(LockSupport.java:215)
        at java.util.concurrent.locks.AbstractQueuedSynchronizer$ConditionObject.await(AbstractQueuedSynchronizer.java:2163)
        at org.apache.ratis.util.AwaitForSignal.await(AwaitForSignal.java:65)
        at org.apache.ratis.grpc.server.GrpcLogAppender.mayWait(GrpcLogAppender.java:286)
        at org.apache.ratis.grpc.server.GrpcLogAppender.run(GrpcLogAppender.java:254)
        at org.apache.ratis.server.leader.LogAppenderDaemon.run(LogAppenderDaemon.java:80)
        at org.apache.ratis.server.leader.LogAppenderDaemon$$Lambda$1370/616798254.run(Unknown Source)
        at java.lang.Thread.run(Thread.java:750)
"IPC Server handler 16 on default port 15002" daemon prio=5 tid=270 timed_waiting
java.lang.Thread.State: TIMED_WAITING
        at sun.misc.Unsafe.park(Native Method)
        at java.util.concurrent.locks.LockSupport.parkNanos(LockSupport.java:215)
        at java.util.concurrent.locks.AbstractQueuedSynchronizer$ConditionObject.awaitNanos(AbstractQueuedSynchronizer.java:2078)
        at java.util.concurrent.LinkedBlockingQueue.poll(LinkedBlockingQueue.java:467)
        at org.apache.hadoop.ipc.CallQueueManager.take(CallQueueManager.java:317)
        at org.apache.hadoop.ipc.Server$Handler.run(Server.java:3014)
"StaleRecoveringContainerScrubbingService#0" daemon prio=5 tid=2106 in Object.wait()
java.lang.Thread.State: WAITING (on object monitor)
        at sun.misc.Unsafe.park(Native Method)
        at java.util.concurrent.locks.LockSupport.park(LockSupport.java:175)
        at java.util.concurrent.locks.AbstractQueuedSynchronizer$ConditionObject.await(AbstractQueuedSynchronizer.java:2039)
        at java.util.concurrent.ScheduledThreadPoolExecutor$DelayedWorkQueue.take(ScheduledThreadPoolExecutor.java:1088)
        at java.util.concurrent.ScheduledThreadPoolExecutor$DelayedWorkQueue.take(ScheduledThreadPoolExecutor.java:809)
        at java.util.concurrent.ThreadPoolExecutor.getTask(ThreadPoolExecutor.java:1074)
        at java.util.concurrent.ThreadPoolExecutor.runWorker(ThreadPoolExecutor.java:1134)
        at java.util.concurrent.ThreadPoolExecutor$Worker.run(ThreadPoolExecutor.java:624)
        at java.lang.Thread.run(Thread.java:750)
"e46a6e51-795f-4801-a523-c45a6c7f2c34@group-1944BBB8D763-FollowerState" daemon prio=5 tid=1814 timed_waiting
java.lang.Thread.State: TIMED_WAITING
        at java.lang.Thread.sleep(Native Method)
        at java.lang.Thread.sleep(Thread.java:342)
        at java.util.concurrent.TimeUnit.sleep(TimeUnit.java:386)
        at org.apache.ratis.util.TimeDuration.sleep(TimeDuration.java:353)
        at org.apache.ratis.util.TimeDuration.sleep(TimeDuration.java:338)
        at org.apache.ratis.server.impl.FollowerState.run(FollowerState.java:128)
"IPC Server handler 45 on default port 15000" daemon prio=5 tid=99 timed_waiting
java.lang.Thread.State: TIMED_WAITING
        at sun.misc.Unsafe.park(Native Method)
        at java.util.concurrent.locks.LockSupport.parkNanos(LockSupport.java:215)
        at java.util.concurrent.locks.AbstractQueuedSynchronizer$ConditionObject.awaitNanos(AbstractQueuedSynchronizer.java:2078)
        at java.util.concurrent.LinkedBlockingQueue.poll(LinkedBlockingQueue.java:467)
        at org.apache.hadoop.ipc.CallQueueManager.take(CallQueueManager.java:317)
        at org.apache.hadoop.ipc.Server$Handler.run(Server.java:3014)
"IPC Server handler 21 on default port 15001" daemon prio=5 tid=175 timed_waiting
java.lang.Thread.State: TIMED_WAITING
        at sun.misc.Unsafe.park(Native Method)
        at java.util.concurrent.locks.LockSupport.parkNanos(LockSupport.java:215)
        at java.util.concurrent.locks.AbstractQueuedSynchronizer$ConditionObject.awaitNanos(AbstractQueuedSynchronizer.java:2078)
        at java.util.concurrent.LinkedBlockingQueue.poll(LinkedBlockingQueue.java:467)
        at org.apache.hadoop.ipc.CallQueueManager.take(CallQueueManager.java:317)
        at org.apache.hadoop.ipc.Server$Handler.run(Server.java:3014)
"StaleRecoveringContainerScrubbingService#2" daemon prio=5 tid=1496 timed_waiting
java.lang.Thread.State: TIMED_WAITING
        at sun.misc.Unsafe.park(Native Method)
        at java.util.concurrent.locks.LockSupport.parkNanos(LockSupport.java:215)
        at java.util.concurrent.locks.AbstractQueuedSynchronizer$ConditionObject.awaitNanos(AbstractQueuedSynchronizer.java:2078)
        at java.util.concurrent.ScheduledThreadPoolExecutor$DelayedWorkQueue.take(ScheduledThreadPoolExecutor.java:1093)
        at java.util.concurrent.ScheduledThreadPoolExecutor$DelayedWorkQueue.take(ScheduledThreadPoolExecutor.java:809)
        at java.util.concurrent.ThreadPoolExecutor.getTask(ThreadPoolExecutor.java:1074)
        at java.util.concurrent.ThreadPoolExecutor.runWorker(ThreadPoolExecutor.java:1134)
        at java.util.concurrent.ThreadPoolExecutor$Worker.run(ThreadPoolExecutor.java:624)
        at java.lang.Thread.run(Thread.java:750)
"86ab988c-fa9c-425d-a1c6-9004ff7fd93d-ChunkWriter-0-0" daemon prio=5 tid=803 in Object.wait()
java.lang.Thread.State: WAITING (on object monitor)
        at sun.misc.Unsafe.park(Native Method)
        at java.util.concurrent.locks.LockSupport.park(LockSupport.java:175)
        at java.util.concurrent.locks.AbstractQueuedSynchronizer$ConditionObject.await(AbstractQueuedSynchronizer.java:2039)
        at java.util.concurrent.LinkedBlockingDeque.takeFirst(LinkedBlockingDeque.java:492)
        at java.util.concurrent.LinkedBlockingDeque.take(LinkedBlockingDeque.java:680)
        at java.util.concurrent.ThreadPoolExecutor.getTask(ThreadPoolExecutor.java:1074)
        at java.util.concurrent.ThreadPoolExecutor.runWorker(ThreadPoolExecutor.java:1134)
        at java.util.concurrent.ThreadPoolExecutor$Worker.run(ThreadPoolExecutor.java:624)
        at java.lang.Thread.run(Thread.java:750)
"StaleRecoveringContainerScrubbingService#1" daemon prio=5 tid=795 in Object.wait()
java.lang.Thread.State: WAITING (on object monitor)
        at sun.misc.Unsafe.park(Native Method)
        at java.util.concurrent.locks.LockSupport.park(LockSupport.java:175)
        at java.util.concurrent.locks.AbstractQueuedSynchronizer$ConditionObject.await(AbstractQueuedSynchronizer.java:2039)
        at java.util.concurrent.ScheduledThreadPoolExecutor$DelayedWorkQueue.take(ScheduledThreadPoolExecutor.java:1088)
        at java.util.concurrent.ScheduledThreadPoolExecutor$DelayedWorkQueue.take(ScheduledThreadPoolExecutor.java:809)
        at java.util.concurrent.ThreadPoolExecutor.getTask(ThreadPoolExecutor.java:1074)
        at java.util.concurrent.ThreadPoolExecutor.runWorker(ThreadPoolExecutor.java:1134)
        at java.util.concurrent.ThreadPoolExecutor$Worker.run(ThreadPoolExecutor.java:624)
        at java.lang.Thread.run(Thread.java:750)
"IPC Server handler 90 on default port 15002" daemon prio=5 tid=344 timed_waiting
java.lang.Thread.State: TIMED_WAITING
        at sun.misc.Unsafe.park(Native Method)
        at java.util.concurrent.locks.LockSupport.parkNanos(LockSupport.java:215)
        at java.util.concurrent.locks.AbstractQueuedSynchronizer$ConditionObject.awaitNanos(AbstractQueuedSynchronizer.java:2078)
        at java.util.concurrent.LinkedBlockingQueue.poll(LinkedBlockingQueue.java:467)
        at org.apache.hadoop.ipc.CallQueueManager.take(CallQueueManager.java:317)
        at org.apache.hadoop.ipc.Server$Handler.run(Server.java:3014)
"13f92446-3b18-4d81-bc66-0f9b00220e72-BlockDeletingService#3" daemon prio=5 tid=2419 in Object.wait()
java.lang.Thread.State: WAITING (on object monitor)
        at sun.misc.Unsafe.park(Native Method)
        at java.util.concurrent.locks.LockSupport.park(LockSupport.java:175)
        at java.util.concurrent.locks.AbstractQueuedSynchronizer$ConditionObject.await(AbstractQueuedSynchronizer.java:2039)
        at java.util.concurrent.ScheduledThreadPoolExecutor$DelayedWorkQueue.take(ScheduledThreadPoolExecutor.java:1088)
        at java.util.concurrent.ScheduledThreadPoolExecutor$DelayedWorkQueue.take(ScheduledThreadPoolExecutor.java:809)
        at java.util.concurrent.ThreadPoolExecutor.getTask(ThreadPoolExecutor.java:1074)
        at java.util.concurrent.ThreadPoolExecutor.runWorker(ThreadPoolExecutor.java:1134)
        at java.util.concurrent.ThreadPoolExecutor$Worker.run(ThreadPoolExecutor.java:624)
        at java.lang.Thread.run(Thread.java:750)
"e46a6e51-795f-4801-a523-c45a6c7f2c34-ChunkReader-2" daemon prio=5 tid=2405 in Object.wait()
java.lang.Thread.State: WAITING (on object monitor)
        at sun.misc.Unsafe.park(Native Method)
        at java.util.concurrent.locks.LockSupport.park(LockSupport.java:175)
        at java.util.concurrent.locks.AbstractQueuedSynchronizer$ConditionObject.await(AbstractQueuedSynchronizer.java:2039)
        at java.util.concurrent.LinkedBlockingQueue.take(LinkedBlockingQueue.java:442)
        at java.util.concurrent.ThreadPoolExecutor.getTask(ThreadPoolExecutor.java:1074)
        at java.util.concurrent.ThreadPoolExecutor.runWorker(ThreadPoolExecutor.java:1134)
        at java.util.concurrent.ThreadPoolExecutor$Worker.run(ThreadPoolExecutor.java:624)
        at java.lang.Thread.run(Thread.java:750)
"qtp1920737969-665" daemon prio=5 tid=665 runnable
java.lang.Thread.State: RUNNABLE
        at sun.nio.ch.EPollArrayWrapper.epollWait(Native Method)
        at sun.nio.ch.EPollArrayWrapper.poll(EPollArrayWrapper.java:269)
        at sun.nio.ch.EPollSelectorImpl.doSelect(EPollSelectorImpl.java:93)
        at sun.nio.ch.SelectorImpl.lockAndDoSelect(SelectorImpl.java:86)
        at sun.nio.ch.SelectorImpl.select(SelectorImpl.java:97)
        at sun.nio.ch.SelectorImpl.select(SelectorImpl.java:101)
        at org.eclipse.jetty.io.ManagedSelector.nioSelect(ManagedSelector.java:183)
        at org.eclipse.jetty.io.ManagedSelector.select(ManagedSelector.java:190)
        at org.eclipse.jetty.io.ManagedSelector$SelectorProducer.select(ManagedSelector.java:606)
        at org.eclipse.jetty.io.ManagedSelector$SelectorProducer.produce(ManagedSelector.java:543)
        at org.eclipse.jetty.util.thread.strategy.EatWhatYouKill.produceTask(EatWhatYouKill.java:362)
        at org.eclipse.jetty.util.thread.strategy.EatWhatYouKill.doProduce(EatWhatYouKill.java:186)
        at org.eclipse.jetty.util.thread.strategy.EatWhatYouKill.tryProduce(EatWhatYouKill.java:173)
        at org.eclipse.jetty.util.thread.strategy.EatWhatYouKill.produce(EatWhatYouKill.java:137)
        at org.eclipse.jetty.io.ManagedSelector$$Lambda$589/284576707.run(Unknown Source)
        at org.eclipse.jetty.util.thread.QueuedThreadPool.runJob(QueuedThreadPool.java:883)
        at org.eclipse.jetty.util.thread.QueuedThreadPool$Runner.run(QueuedThreadPool.java:1034)
        at java.lang.Thread.run(Thread.java:750)
"IPC Server handler 11 on default port 15000" daemon prio=5 tid=65 timed_waiting
java.lang.Thread.State: TIMED_WAITING
        at sun.misc.Unsafe.park(Native Method)
        at java.util.concurrent.locks.LockSupport.parkNanos(LockSupport.java:215)
        at java.util.concurrent.locks.AbstractQueuedSynchronizer$ConditionObject.awaitNanos(AbstractQueuedSynchronizer.java:2078)
        at java.util.concurrent.LinkedBlockingQueue.poll(LinkedBlockingQueue.java:467)
        at org.apache.hadoop.ipc.CallQueueManager.take(CallQueueManager.java:317)
        at org.apache.hadoop.ipc.Server$Handler.run(Server.java:3014)
"pool-443-thread-1" daemon prio=5 tid=2073 timed_waiting
java.lang.Thread.State: TIMED_WAITING
        at sun.misc.Unsafe.park(Native Method)
        at java.util.concurrent.locks.LockSupport.parkNanos(LockSupport.java:215)
        at java.util.concurrent.locks.AbstractQueuedSynchronizer$ConditionObject.awaitNanos(AbstractQueuedSynchronizer.java:2078)
        at java.util.concurrent.ScheduledThreadPoolExecutor$DelayedWorkQueue.take(ScheduledThreadPoolExecutor.java:1093)
        at java.util.concurrent.ScheduledThreadPoolExecutor$DelayedWorkQueue.take(ScheduledThreadPoolExecutor.java:809)
        at java.util.concurrent.ThreadPoolExecutor.getTask(ThreadPoolExecutor.java:1074)
        at java.util.concurrent.ThreadPoolExecutor.runWorker(ThreadPoolExecutor.java:1134)
        at java.util.concurrent.ThreadPoolExecutor$Worker.run(ThreadPoolExecutor.java:624)
        at java.lang.Thread.run(Thread.java:750)
"IPC Server handler 32 on default port 15000" daemon prio=5 tid=86 timed_waiting
java.lang.Thread.State: TIMED_WAITING
        at sun.misc.Unsafe.park(Native Method)
        at java.util.concurrent.locks.LockSupport.parkNanos(LockSupport.java:215)
        at java.util.concurrent.locks.AbstractQueuedSynchronizer$ConditionObject.awaitNanos(AbstractQueuedSynchronizer.java:2078)
        at java.util.concurrent.LinkedBlockingQueue.poll(LinkedBlockingQueue.java:467)
        at org.apache.hadoop.ipc.CallQueueManager.take(CallQueueManager.java:317)
        at org.apache.hadoop.ipc.Server$Handler.run(Server.java:3014)
"86ab988c-fa9c-425d-a1c6-9004ff7fd93d@group-39057960C58A-LeaderStateImpl" daemon prio=5 tid=1885 timed_waiting
java.lang.Thread.State: TIMED_WAITING
        at sun.misc.Unsafe.park(Native Method)
        at java.util.concurrent.locks.LockSupport.parkNanos(LockSupport.java:215)
        at java.util.concurrent.locks.AbstractQueuedSynchronizer$ConditionObject.awaitNanos(AbstractQueuedSynchronizer.java:2078)
        at java.util.concurrent.ArrayBlockingQueue.poll(ArrayBlockingQueue.java:418)
        at org.apache.ratis.server.impl.LeaderStateImpl$EventQueue.poll(LeaderStateImpl.java:164)
        at org.apache.ratis.server.impl.LeaderStateImpl$EventProcessor.run(LeaderStateImpl.java:762)
"qtp1920737969-666-acceptor-0@33bf36bb-ServerConnector@2b58afb8{HTTP/1.1, (http/1.1)}{0.0.0.0:15081}" daemon prio=3 tid=666 runnable
java.lang.Thread.State: RUNNABLE
        at sun.nio.ch.ServerSocketChannelImpl.accept0(Native Method)
        at sun.nio.ch.ServerSocketChannelImpl.accept(ServerSocketChannelImpl.java:421)
        at sun.nio.ch.ServerSocketChannelImpl.accept(ServerSocketChannelImpl.java:249)
        at org.eclipse.jetty.server.ServerConnector.accept(ServerConnector.java:388)
        at org.eclipse.jetty.server.AbstractConnector$Acceptor.run(AbstractConnector.java:704)
        at org.eclipse.jetty.util.thread.QueuedThreadPool.runJob(QueuedThreadPool.java:883)
        at org.eclipse.jetty.util.thread.QueuedThreadPool$Runner.run(QueuedThreadPool.java:1034)
        at java.lang.Thread.run(Thread.java:750)
"86ab988c-fa9c-425d-a1c6-9004ff7fd93d-PeriodicHDDSVolumeChecker" daemon prio=5 tid=800 timed_waiting
java.lang.Thread.State: TIMED_WAITING
        at sun.misc.Unsafe.park(Native Method)
        at java.util.concurrent.locks.LockSupport.parkNanos(LockSupport.java:215)
        at java.util.concurrent.locks.AbstractQueuedSynchronizer$ConditionObject.awaitNanos(AbstractQueuedSynchronizer.java:2078)
        at java.util.concurrent.ScheduledThreadPoolExecutor$DelayedWorkQueue.take(ScheduledThreadPoolExecutor.java:1093)
        at java.util.concurrent.ScheduledThreadPoolExecutor$DelayedWorkQueue.take(ScheduledThreadPoolExecutor.java:809)
        at java.util.concurrent.ThreadPoolExecutor.getTask(ThreadPoolExecutor.java:1074)
        at java.util.concurrent.ThreadPoolExecutor.runWorker(ThreadPoolExecutor.java:1134)
        at java.util.concurrent.ThreadPoolExecutor$Worker.run(ThreadPoolExecutor.java:624)
        at java.lang.Thread.run(Thread.java:750)
"grpc-default-boss-ELG-1-1" daemon prio=5 tid=392 runnable
java.lang.Thread.State: RUNNABLE
        at org.apache.ratis.thirdparty.io.netty.channel.epoll.Native.epollWait(Native Method)
        at org.apache.ratis.thirdparty.io.netty.channel.epoll.Native.epollWait(Native.java:209)
        at org.apache.ratis.thirdparty.io.netty.channel.epoll.Native.epollWait(Native.java:202)
        at org.apache.ratis.thirdparty.io.netty.channel.epoll.EpollEventLoop.epollWaitNoTimerChange(EpollEventLoop.java:316)
        at org.apache.ratis.thirdparty.io.netty.channel.epoll.EpollEventLoop.run(EpollEventLoop.java:373)
        at org.apache.ratis.thirdparty.io.netty.util.concurrent.SingleThreadEventExecutor$4.run(SingleThreadEventExecutor.java:997)
        at org.apache.ratis.thirdparty.io.netty.util.internal.ThreadExecutorMap$2.run(ThreadExecutorMap.java:74)
        at org.apache.ratis.thirdparty.io.netty.util.concurrent.FastThreadLocalRunnable.run(FastThreadLocalRunnable.java:30)
        at java.lang.Thread.run(Thread.java:750)
"IPC Server handler 66 on default port 15002" daemon prio=5 tid=320 timed_waiting
java.lang.Thread.State: TIMED_WAITING
        at sun.misc.Unsafe.park(Native Method)
        at java.util.concurrent.locks.LockSupport.parkNanos(LockSupport.java:215)
        at java.util.concurrent.locks.AbstractQueuedSynchronizer$ConditionObject.awaitNanos(AbstractQueuedSynchronizer.java:2078)
        at java.util.concurrent.LinkedBlockingQueue.poll(LinkedBlockingQueue.java:467)
        at org.apache.hadoop.ipc.CallQueueManager.take(CallQueueManager.java:317)
        at org.apache.hadoop.ipc.Server$Handler.run(Server.java:3014)
"e46a6e51-795f-4801-a523-c45a6c7f2c34-NettyServerStreamRpc-bossGroup--thread1"  prio=5 tid=434 runnable
java.lang.Thread.State: RUNNABLE
        at org.apache.ratis.thirdparty.io.netty.channel.epoll.Native.epollWait(Native Method)
        at org.apache.ratis.thirdparty.io.netty.channel.epoll.Native.epollWait(Native.java:209)
        at org.apache.ratis.thirdparty.io.netty.channel.epoll.Native.epollWait(Native.java:202)
        at org.apache.ratis.thirdparty.io.netty.channel.epoll.EpollEventLoop.epollWaitNoTimerChange(EpollEventLoop.java:316)
        at org.apache.ratis.thirdparty.io.netty.channel.epoll.EpollEventLoop.run(EpollEventLoop.java:373)
        at org.apache.ratis.thirdparty.io.netty.util.concurrent.SingleThreadEventExecutor$4.run(SingleThreadEventExecutor.java:997)
        at org.apache.ratis.thirdparty.io.netty.util.internal.ThreadExecutorMap$2.run(ThreadExecutorMap.java:74)
        at java.lang.Thread.run(Thread.java:750)
"IPC Server handler 66 on default port 15000" daemon prio=5 tid=120 timed_waiting
java.lang.Thread.State: TIMED_WAITING
        at sun.misc.Unsafe.park(Native Method)
        at java.util.concurrent.locks.LockSupport.parkNanos(LockSupport.java:215)
        at java.util.concurrent.locks.AbstractQueuedSynchronizer$ConditionObject.awaitNanos(AbstractQueuedSynchronizer.java:2078)
        at java.util.concurrent.LinkedBlockingQueue.poll(LinkedBlockingQueue.java:467)
        at org.apache.hadoop.ipc.CallQueueManager.take(CallQueueManager.java:317)
        at org.apache.hadoop.ipc.Server$Handler.run(Server.java:3014)
"IPC Server handler 93 on default port 15000" daemon prio=5 tid=147 timed_waiting
java.lang.Thread.State: TIMED_WAITING
        at sun.misc.Unsafe.park(Native Method)
        at java.util.concurrent.locks.LockSupport.parkNanos(LockSupport.java:215)
        at java.util.concurrent.locks.AbstractQueuedSynchronizer$ConditionObject.awaitNanos(AbstractQueuedSynchronizer.java:2078)
        at java.util.concurrent.LinkedBlockingQueue.poll(LinkedBlockingQueue.java:467)
        at org.apache.hadoop.ipc.CallQueueManager.take(CallQueueManager.java:317)
        at org.apache.hadoop.ipc.Server$Handler.run(Server.java:3014)
"StaleRecoveringContainerScrubbingService#2" daemon prio=5 tid=1479 timed_waiting
java.lang.Thread.State: TIMED_WAITING
        at sun.misc.Unsafe.park(Native Method)
        at java.util.concurrent.locks.LockSupport.parkNanos(LockSupport.java:215)
        at java.util.concurrent.locks.AbstractQueuedSynchronizer$ConditionObject.awaitNanos(AbstractQueuedSynchronizer.java:2078)
        at java.util.concurrent.ScheduledThreadPoolExecutor$DelayedWorkQueue.take(ScheduledThreadPoolExecutor.java:1093)
        at java.util.concurrent.ScheduledThreadPoolExecutor$DelayedWorkQueue.take(ScheduledThreadPoolExecutor.java:809)
        at java.util.concurrent.ThreadPoolExecutor.getTask(ThreadPoolExecutor.java:1074)
        at java.util.concurrent.ThreadPoolExecutor.runWorker(ThreadPoolExecutor.java:1134)
        at java.util.concurrent.ThreadPoolExecutor$Worker.run(ThreadPoolExecutor.java:624)
        at java.lang.Thread.run(Thread.java:750)
"IPC Server handler 0 on default port 15004" daemon prio=5 tid=412 timed_waiting
java.lang.Thread.State: TIMED_WAITING
        at sun.misc.Unsafe.park(Native Method)
        at java.util.concurrent.locks.LockSupport.parkNanos(LockSupport.java:215)
        at java.util.concurrent.locks.AbstractQueuedSynchronizer$ConditionObject.awaitNanos(AbstractQueuedSynchronizer.java:2078)
        at java.util.concurrent.LinkedBlockingQueue.poll(LinkedBlockingQueue.java:467)
        at org.apache.hadoop.ipc.CallQueueManager.take(CallQueueManager.java:317)
        at org.apache.hadoop.ipc.Server$Handler.run(Server.java:3014)
"c30fedce-f286-40e0-881d-3d5a9a6e2463-DatanodeReportManager-4" daemon prio=5 tid=628 timed_waiting
java.lang.Thread.State: TIMED_WAITING
        at sun.misc.Unsafe.park(Native Method)
        at java.util.concurrent.locks.LockSupport.parkNanos(LockSupport.java:215)
        at java.util.concurrent.locks.AbstractQueuedSynchronizer$ConditionObject.awaitNanos(AbstractQueuedSynchronizer.java:2078)
        at java.util.concurrent.ScheduledThreadPoolExecutor$DelayedWorkQueue.take(ScheduledThreadPoolExecutor.java:1093)
        at java.util.concurrent.ScheduledThreadPoolExecutor$DelayedWorkQueue.take(ScheduledThreadPoolExecutor.java:809)
        at java.util.concurrent.ThreadPoolExecutor.getTask(ThreadPoolExecutor.java:1074)
        at java.util.concurrent.ThreadPoolExecutor.runWorker(ThreadPoolExecutor.java:1134)
        at java.util.concurrent.ThreadPoolExecutor$Worker.run(ThreadPoolExecutor.java:624)
        at java.lang.Thread.run(Thread.java:750)
"86ab988c-fa9c-425d-a1c6-9004ff7fd93d-ChunkReader-9" daemon prio=5 tid=2026 in Object.wait()
java.lang.Thread.State: WAITING (on object monitor)
        at sun.misc.Unsafe.park(Native Method)
        at java.util.concurrent.locks.LockSupport.park(LockSupport.java:175)
        at java.util.concurrent.locks.AbstractQueuedSynchronizer$ConditionObject.await(AbstractQueuedSynchronizer.java:2039)
        at java.util.concurrent.LinkedBlockingQueue.take(LinkedBlockingQueue.java:442)
        at java.util.concurrent.ThreadPoolExecutor.getTask(ThreadPoolExecutor.java:1074)
        at java.util.concurrent.ThreadPoolExecutor.runWorker(ThreadPoolExecutor.java:1134)
        at java.util.concurrent.ThreadPoolExecutor$Worker.run(ThreadPoolExecutor.java:624)
        at java.lang.Thread.run(Thread.java:750)
"c30fedce-f286-40e0-881d-3d5a9a6e2463-BlockDeletingService#1" daemon prio=5 tid=828 in Object.wait()
java.lang.Thread.State: WAITING (on object monitor)
        at sun.misc.Unsafe.park(Native Method)
        at java.util.concurrent.locks.LockSupport.park(LockSupport.java:175)
        at java.util.concurrent.locks.AbstractQueuedSynchronizer$ConditionObject.await(AbstractQueuedSynchronizer.java:2039)
        at java.util.concurrent.ScheduledThreadPoolExecutor$DelayedWorkQueue.take(ScheduledThreadPoolExecutor.java:1088)
        at java.util.concurrent.ScheduledThreadPoolExecutor$DelayedWorkQueue.take(ScheduledThreadPoolExecutor.java:809)
        at java.util.concurrent.ThreadPoolExecutor.getTask(ThreadPoolExecutor.java:1074)
        at java.util.concurrent.ThreadPoolExecutor.runWorker(ThreadPoolExecutor.java:1134)
        at java.util.concurrent.ThreadPoolExecutor$Worker.run(ThreadPoolExecutor.java:624)
        at java.lang.Thread.run(Thread.java:750)
"IPC Server handler 7 on default port 15001" daemon prio=5 tid=161 timed_waiting
java.lang.Thread.State: TIMED_WAITING
        at sun.misc.Unsafe.park(Native Method)
        at java.util.concurrent.locks.LockSupport.parkNanos(LockSupport.java:215)
        at java.util.concurrent.locks.AbstractQueuedSynchronizer$ConditionObject.awaitNanos(AbstractQueuedSynchronizer.java:2078)
        at java.util.concurrent.LinkedBlockingQueue.poll(LinkedBlockingQueue.java:467)
        at org.apache.hadoop.ipc.CallQueueManager.take(CallQueueManager.java:317)
        at org.apache.hadoop.ipc.Server$Handler.run(Server.java:3014)
"JvmPauseMonitor5" daemon prio=5 tid=775 timed_waiting
java.lang.Thread.State: TIMED_WAITING
        at java.lang.Thread.sleep(Native Method)
        at java.lang.Thread.sleep(Thread.java:342)
        at java.util.concurrent.TimeUnit.sleep(TimeUnit.java:386)
        at org.apache.ratis.util.TimeDuration.sleep(TimeDuration.java:353)
        at org.apache.ratis.util.TimeDuration.sleep(TimeDuration.java:338)
        at org.apache.ratis.util.JvmPauseMonitor.detectPause(JvmPauseMonitor.java:160)
        at org.apache.ratis.util.JvmPauseMonitor.run(JvmPauseMonitor.java:149)
        at org.apache.ratis.util.JvmPauseMonitor$$Lambda$549/1343642221.run(Unknown Source)
        at java.lang.Thread.run(Thread.java:750)
"Hadoop-Metrics-Updater-0" daemon prio=5 tid=386 timed_waiting
java.lang.Thread.State: TIMED_WAITING
        at sun.misc.Unsafe.park(Native Method)
        at java.util.concurrent.locks.LockSupport.parkNanos(LockSupport.java:215)
        at java.util.concurrent.locks.AbstractQueuedSynchronizer$ConditionObject.awaitNanos(AbstractQueuedSynchronizer.java:2078)
        at java.util.concurrent.ScheduledThreadPoolExecutor$DelayedWorkQueue.take(ScheduledThreadPoolExecutor.java:1093)
        at java.util.concurrent.ScheduledThreadPoolExecutor$DelayedWorkQueue.take(ScheduledThreadPoolExecutor.java:809)
        at java.util.concurrent.ThreadPoolExecutor.getTask(ThreadPoolExecutor.java:1074)
        at java.util.concurrent.ThreadPoolExecutor.runWorker(ThreadPoolExecutor.java:1134)
        at java.util.concurrent.ThreadPoolExecutor$Worker.run(ThreadPoolExecutor.java:624)
        at java.lang.Thread.run(Thread.java:750)
"qtp122073438-2047-acceptor-0@458b01c6-ServerConnector@4afb557c{HTTP/1.1, (http/1.1)}{0.0.0.0:15072}" daemon prio=3 tid=2047 runnable
java.lang.Thread.State: RUNNABLE
        at sun.nio.ch.ServerSocketChannelImpl.accept0(Native Method)
        at sun.nio.ch.ServerSocketChannelImpl.accept(ServerSocketChannelImpl.java:421)
        at sun.nio.ch.ServerSocketChannelImpl.accept(ServerSocketChannelImpl.java:249)
        at org.eclipse.jetty.server.ServerConnector.accept(ServerConnector.java:388)
        at org.eclipse.jetty.server.AbstractConnector$Acceptor.run(AbstractConnector.java:704)
        at org.eclipse.jetty.util.thread.QueuedThreadPool.runJob(QueuedThreadPool.java:883)
        at org.eclipse.jetty.util.thread.QueuedThreadPool$Runner.run(QueuedThreadPool.java:1034)
        at java.lang.Thread.run(Thread.java:750)
"86ab988c-fa9c-425d-a1c6-9004ff7fd93d@group-DD233808B888-SegmentedRaftLogWorker" daemon prio=5 tid=957 timed_waiting
java.lang.Thread.State: TIMED_WAITING
        at sun.misc.Unsafe.park(Native Method)
        at java.util.concurrent.locks.LockSupport.parkNanos(LockSupport.java:215)
        at java.util.concurrent.locks.AbstractQueuedSynchronizer$ConditionObject.awaitNanos(AbstractQueuedSynchronizer.java:2078)
        at org.apache.ratis.util.DataBlockingQueue.poll(DataBlockingQueue.java:148)
        at org.apache.ratis.server.raftlog.segmented.SegmentedRaftLogWorker.run(SegmentedRaftLogWorker.java:299)
        at org.apache.ratis.server.raftlog.segmented.SegmentedRaftLogWorker$$Lambda$913/1052546256.run(Unknown Source)
        at java.util.concurrent.Executors$RunnableAdapter.call(Executors.java:511)
        at java.util.concurrent.FutureTask.run(FutureTask.java:266)
        at java.util.concurrent.ThreadPoolExecutor.runWorker(ThreadPoolExecutor.java:1149)
        at java.util.concurrent.ThreadPoolExecutor$Worker.run(ThreadPoolExecutor.java:624)
        at java.lang.Thread.run(Thread.java:750)
"IPC Server handler 71 on default port 15001" daemon prio=5 tid=225 timed_waiting
java.lang.Thread.State: TIMED_WAITING
        at sun.misc.Unsafe.park(Native Method)
        at java.util.concurrent.locks.LockSupport.parkNanos(LockSupport.java:215)
        at java.util.concurrent.locks.AbstractQueuedSynchronizer$ConditionObject.awaitNanos(AbstractQueuedSynchronizer.java:2078)
        at java.util.concurrent.LinkedBlockingQueue.poll(LinkedBlockingQueue.java:467)
        at org.apache.hadoop.ipc.CallQueueManager.take(CallQueueManager.java:317)
        at org.apache.hadoop.ipc.Server$Handler.run(Server.java:3014)
"process reaper" daemon prio=10 tid=13 timed_waiting
java.lang.Thread.State: TIMED_WAITING
        at sun.misc.Unsafe.park(Native Method)
        at java.util.concurrent.locks.LockSupport.parkNanos(LockSupport.java:215)
        at java.util.concurrent.SynchronousQueue$TransferStack.awaitFulfill(SynchronousQueue.java:460)
        at java.util.concurrent.SynchronousQueue$TransferStack.transfer(SynchronousQueue.java:362)
        at java.util.concurrent.SynchronousQueue.poll(SynchronousQueue.java:941)
        at java.util.concurrent.ThreadPoolExecutor.getTask(ThreadPoolExecutor.java:1073)
        at java.util.concurrent.ThreadPoolExecutor.runWorker(ThreadPoolExecutor.java:1134)
        at java.util.concurrent.ThreadPoolExecutor$Worker.run(ThreadPoolExecutor.java:624)
        at java.lang.Thread.run(Thread.java:750)
"IPC Server handler 20 on default port 15000" daemon prio=5 tid=74 timed_waiting
java.lang.Thread.State: TIMED_WAITING
        at sun.misc.Unsafe.park(Native Method)
        at java.util.concurrent.locks.LockSupport.parkNanos(LockSupport.java:215)
        at java.util.concurrent.locks.AbstractQueuedSynchronizer$ConditionObject.awaitNanos(AbstractQueuedSynchronizer.java:2078)
        at java.util.concurrent.LinkedBlockingQueue.poll(LinkedBlockingQueue.java:467)
        at org.apache.hadoop.ipc.CallQueueManager.take(CallQueueManager.java:317)
        at org.apache.hadoop.ipc.Server$Handler.run(Server.java:3014)
"IPC Server handler 1 on default port 15004" daemon prio=5 tid=413 timed_waiting
java.lang.Thread.State: TIMED_WAITING
        at sun.misc.Unsafe.park(Native Method)
        at java.util.concurrent.locks.LockSupport.parkNanos(LockSupport.java:215)
        at java.util.concurrent.locks.AbstractQueuedSynchronizer$ConditionObject.awaitNanos(AbstractQueuedSynchronizer.java:2078)
        at java.util.concurrent.LinkedBlockingQueue.poll(LinkedBlockingQueue.java:467)
        at org.apache.hadoop.ipc.CallQueueManager.take(CallQueueManager.java:317)
        at org.apache.hadoop.ipc.Server$Handler.run(Server.java:3014)
"SCMHeartbeatProcessor-0" daemon prio=5 tid=19 timed_waiting
java.lang.Thread.State: TIMED_WAITING
        at sun.misc.Unsafe.park(Native Method)
        at java.util.concurrent.locks.LockSupport.parkNanos(LockSupport.java:215)
        at java.util.concurrent.locks.AbstractQueuedSynchronizer$ConditionObject.awaitNanos(AbstractQueuedSynchronizer.java:2078)
        at java.util.concurrent.ScheduledThreadPoolExecutor$DelayedWorkQueue.take(ScheduledThreadPoolExecutor.java:1093)
        at java.util.concurrent.ScheduledThreadPoolExecutor$DelayedWorkQueue.take(ScheduledThreadPoolExecutor.java:809)
        at java.util.concurrent.ThreadPoolExecutor.getTask(ThreadPoolExecutor.java:1074)
        at java.util.concurrent.ThreadPoolExecutor.runWorker(ThreadPoolExecutor.java:1134)
        at java.util.concurrent.ThreadPoolExecutor$Worker.run(ThreadPoolExecutor.java:624)
        at java.lang.Thread.run(Thread.java:750)
"IPC Server handler 15 on default port 15001" daemon prio=5 tid=169 timed_waiting
java.lang.Thread.State: TIMED_WAITING
        at sun.misc.Unsafe.park(Native Method)
        at java.util.concurrent.locks.LockSupport.parkNanos(LockSupport.java:215)
        at java.util.concurrent.locks.AbstractQueuedSynchronizer$ConditionObject.awaitNanos(AbstractQueuedSynchronizer.java:2078)
        at java.util.concurrent.LinkedBlockingQueue.poll(LinkedBlockingQueue.java:467)
        at org.apache.hadoop.ipc.CallQueueManager.take(CallQueueManager.java:317)
        at org.apache.hadoop.ipc.Server$Handler.run(Server.java:3014)
"om1-DirectoryDeletingService#0" daemon prio=5 tid=396 timed_waiting
java.lang.Thread.State: TIMED_WAITING
        at sun.misc.Unsafe.park(Native Method)
        at java.util.concurrent.locks.LockSupport.parkNanos(LockSupport.java:215)
        at java.util.concurrent.locks.AbstractQueuedSynchronizer$ConditionObject.awaitNanos(AbstractQueuedSynchronizer.java:2078)
        at java.util.concurrent.ScheduledThreadPoolExecutor$DelayedWorkQueue.take(ScheduledThreadPoolExecutor.java:1093)
        at java.util.concurrent.ScheduledThreadPoolExecutor$DelayedWorkQueue.take(ScheduledThreadPoolExecutor.java:809)
        at java.util.concurrent.ThreadPoolExecutor.getTask(ThreadPoolExecutor.java:1074)
        at java.util.concurrent.ThreadPoolExecutor.runWorker(ThreadPoolExecutor.java:1134)
        at java.util.concurrent.ThreadPoolExecutor$Worker.run(ThreadPoolExecutor.java:624)
        at java.lang.Thread.run(Thread.java:750)
"86ab988c-fa9c-425d-a1c6-9004ff7fd93d@group-34E96220011A-cacheEviction-AwaitToRun" daemon prio=5 tid=1331 in Object.wait()
java.lang.Thread.State: WAITING (on object monitor)
        at sun.misc.Unsafe.park(Native Method)
        at java.util.concurrent.locks.LockSupport.park(LockSupport.java:175)
        at java.util.concurrent.locks.AbstractQueuedSynchronizer$ConditionObject.await(AbstractQueuedSynchronizer.java:2039)
        at org.apache.ratis.util.AwaitForSignal.await(AwaitForSignal.java:48)
        at org.apache.ratis.util.AwaitToRun$RunnableImpl.run(AwaitToRun.java:47)
        at java.lang.Thread.run(Thread.java:750)
"d25dc3b0-28fc-4383-b1a0-617845025f41@group-9D5BCF0FDB08-cacheEviction-AwaitToRun" daemon prio=5 tid=1068 in Object.wait()
java.lang.Thread.State: WAITING (on object monitor)
        at sun.misc.Unsafe.park(Native Method)
        at java.util.concurrent.locks.LockSupport.park(LockSupport.java:175)
        at java.util.concurrent.locks.AbstractQueuedSynchronizer$ConditionObject.await(AbstractQueuedSynchronizer.java:2039)
        at org.apache.ratis.util.AwaitForSignal.await(AwaitForSignal.java:48)
        at org.apache.ratis.util.AwaitToRun$RunnableImpl.run(AwaitToRun.java:47)
        at java.lang.Thread.run(Thread.java:750)
"IPC Server listener on 15064" daemon prio=5 tid=617 runnable
java.lang.Thread.State: RUNNABLE
        at sun.nio.ch.EPollArrayWrapper.epollWait(Native Method)
        at sun.nio.ch.EPollArrayWrapper.poll(EPollArrayWrapper.java:269)
        at sun.nio.ch.EPollSelectorImpl.doSelect(EPollSelectorImpl.java:93)
        at sun.nio.ch.SelectorImpl.lockAndDoSelect(SelectorImpl.java:86)
        at sun.nio.ch.SelectorImpl.select(SelectorImpl.java:97)
        at sun.nio.ch.SelectorImpl.select(SelectorImpl.java:101)
        at org.apache.hadoop.ipc.Server$Listener.run(Server.java:1408)
"IPC Server idle connection scanner for port 15002" daemon prio=5 tid=30 timed_waiting
java.lang.Thread.State: TIMED_WAITING
        at java.lang.Object.wait(Native Method)
        at java.util.TimerThread.mainLoop(Timer.java:552)
        at java.util.TimerThread.run(Timer.java:505)
"StaleRecoveringContainerScrubbingService#4" daemon prio=5 tid=2112 in Object.wait()
java.lang.Thread.State: WAITING (on object monitor)
        at sun.misc.Unsafe.park(Native Method)
        at java.util.concurrent.locks.LockSupport.park(LockSupport.java:175)
        at java.util.concurrent.locks.AbstractQueuedSynchronizer$ConditionObject.await(AbstractQueuedSynchronizer.java:2039)
        at java.util.concurrent.ScheduledThreadPoolExecutor$DelayedWorkQueue.take(ScheduledThreadPoolExecutor.java:1088)
        at java.util.concurrent.ScheduledThreadPoolExecutor$DelayedWorkQueue.take(ScheduledThreadPoolExecutor.java:809)
        at java.util.concurrent.ThreadPoolExecutor.getTask(ThreadPoolExecutor.java:1074)
        at java.util.concurrent.ThreadPoolExecutor.runWorker(ThreadPoolExecutor.java:1134)
        at java.util.concurrent.ThreadPoolExecutor$Worker.run(ThreadPoolExecutor.java:624)
        at java.lang.Thread.run(Thread.java:750)
"IPC Server handler 73 on default port 15001" daemon prio=5 tid=227 timed_waiting
java.lang.Thread.State: TIMED_WAITING
        at sun.misc.Unsafe.park(Native Method)
        at java.util.concurrent.locks.LockSupport.parkNanos(LockSupport.java:215)
        at java.util.concurrent.locks.AbstractQueuedSynchronizer$ConditionObject.awaitNanos(AbstractQueuedSynchronizer.java:2078)
        at java.util.concurrent.LinkedBlockingQueue.poll(LinkedBlockingQueue.java:467)
        at org.apache.hadoop.ipc.CallQueueManager.take(CallQueueManager.java:317)
        at org.apache.hadoop.ipc.Server$Handler.run(Server.java:3014)
"e46a6e51-795f-4801-a523-c45a6c7f2c34@group-1944BBB8D763-SegmentedRaftLogWorker"  prio=5 tid=1247 timed_waiting
java.lang.Thread.State: TIMED_WAITING
        at sun.misc.Unsafe.park(Native Method)
        at java.util.concurrent.locks.LockSupport.parkNanos(LockSupport.java:215)
        at java.util.concurrent.locks.AbstractQueuedSynchronizer$ConditionObject.awaitNanos(AbstractQueuedSynchronizer.java:2078)
        at org.apache.ratis.util.DataBlockingQueue.poll(DataBlockingQueue.java:148)
        at org.apache.ratis.server.raftlog.segmented.SegmentedRaftLogWorker.run(SegmentedRaftLogWorker.java:299)
        at org.apache.ratis.server.raftlog.segmented.SegmentedRaftLogWorker$$Lambda$913/1052546256.run(Unknown Source)
        at java.util.concurrent.Executors$RunnableAdapter.call(Executors.java:511)
        at java.util.concurrent.FutureTask.run(FutureTask.java:266)
        at java.util.concurrent.ThreadPoolExecutor.runWorker(ThreadPoolExecutor.java:1149)
        at java.util.concurrent.ThreadPoolExecutor$Worker.run(ThreadPoolExecutor.java:624)
        at java.lang.Thread.run(Thread.java:750)
"IPC Server handler 96 on default port 15002" daemon prio=5 tid=350 timed_waiting
java.lang.Thread.State: TIMED_WAITING
        at sun.misc.Unsafe.park(Native Method)
        at java.util.concurrent.locks.LockSupport.parkNanos(LockSupport.java:215)
        at java.util.concurrent.locks.AbstractQueuedSynchronizer$ConditionObject.awaitNanos(AbstractQueuedSynchronizer.java:2078)
        at java.util.concurrent.LinkedBlockingQueue.poll(LinkedBlockingQueue.java:467)
        at org.apache.hadoop.ipc.CallQueueManager.take(CallQueueManager.java:317)
        at org.apache.hadoop.ipc.Server$Handler.run(Server.java:3014)
"qtp2089021425-525-acceptor-0@4a3cce66-ServerConnector@33d7afba{HTTP/1.1, (http/1.1)}{0.0.0.0:15036}" daemon prio=3 tid=525 runnable
java.lang.Thread.State: RUNNABLE
        at sun.nio.ch.ServerSocketChannelImpl.accept0(Native Method)
        at sun.nio.ch.ServerSocketChannelImpl.accept(ServerSocketChannelImpl.java:421)
        at sun.nio.ch.ServerSocketChannelImpl.accept(ServerSocketChannelImpl.java:249)
        at org.eclipse.jetty.server.ServerConnector.accept(ServerConnector.java:388)
        at org.eclipse.jetty.server.AbstractConnector$Acceptor.run(AbstractConnector.java:704)
        at org.eclipse.jetty.util.thread.QueuedThreadPool.runJob(QueuedThreadPool.java:883)
        at org.eclipse.jetty.util.thread.QueuedThreadPool$Runner.run(QueuedThreadPool.java:1034)
        at java.lang.Thread.run(Thread.java:750)
"StaleRecoveringContainerScrubbingService#1" daemon prio=5 tid=780 in Object.wait()
java.lang.Thread.State: WAITING (on object monitor)
        at sun.misc.Unsafe.park(Native Method)
        at java.util.concurrent.locks.LockSupport.park(LockSupport.java:175)
        at java.util.concurrent.locks.AbstractQueuedSynchronizer$ConditionObject.await(AbstractQueuedSynchronizer.java:2039)
        at java.util.concurrent.ScheduledThreadPoolExecutor$DelayedWorkQueue.take(ScheduledThreadPoolExecutor.java:1088)
        at java.util.concurrent.ScheduledThreadPoolExecutor$DelayedWorkQueue.take(ScheduledThreadPoolExecutor.java:809)
        at java.util.concurrent.ThreadPoolExecutor.getTask(ThreadPoolExecutor.java:1074)
        at java.util.concurrent.ThreadPoolExecutor.runWorker(ThreadPoolExecutor.java:1134)
        at java.util.concurrent.ThreadPoolExecutor$Worker.run(ThreadPoolExecutor.java:624)
        at java.lang.Thread.run(Thread.java:750)
"e46a6e51-795f-4801-a523-c45a6c7f2c34-DatanodeReportManager-2" daemon prio=5 tid=456 timed_waiting
java.lang.Thread.State: TIMED_WAITING
        at sun.misc.Unsafe.park(Native Method)
        at java.util.concurrent.locks.LockSupport.parkNanos(LockSupport.java:215)
        at java.util.concurrent.locks.AbstractQueuedSynchronizer$ConditionObject.awaitNanos(AbstractQueuedSynchronizer.java:2078)
        at java.util.concurrent.ScheduledThreadPoolExecutor$DelayedWorkQueue.take(ScheduledThreadPoolExecutor.java:1093)
        at java.util.concurrent.ScheduledThreadPoolExecutor$DelayedWorkQueue.take(ScheduledThreadPoolExecutor.java:809)
        at java.util.concurrent.ThreadPoolExecutor.getTask(ThreadPoolExecutor.java:1074)
        at java.util.concurrent.ThreadPoolExecutor.runWorker(ThreadPoolExecutor.java:1134)
        at java.util.concurrent.ThreadPoolExecutor$Worker.run(ThreadPoolExecutor.java:624)
        at java.lang.Thread.run(Thread.java:750)
"4e8f68d6-fd98-4f77-87e3-715939181693@group-89543CF42D33-LeaderStateImpl" daemon prio=5 tid=1578 timed_waiting
java.lang.Thread.State: TIMED_WAITING
        at sun.misc.Unsafe.park(Native Method)
        at java.util.concurrent.locks.LockSupport.parkNanos(LockSupport.java:215)
        at java.util.concurrent.locks.AbstractQueuedSynchronizer$ConditionObject.awaitNanos(AbstractQueuedSynchronizer.java:2078)
        at java.util.concurrent.ArrayBlockingQueue.poll(ArrayBlockingQueue.java:418)
        at org.apache.ratis.server.impl.LeaderStateImpl$EventQueue.poll(LeaderStateImpl.java:164)
        at org.apache.ratis.server.impl.LeaderStateImpl$EventProcessor.run(LeaderStateImpl.java:762)
"StaleRecoveringContainerScrubbingService#5" daemon prio=5 tid=2209 in Object.wait()
java.lang.Thread.State: WAITING (on object monitor)
        at sun.misc.Unsafe.park(Native Method)
        at java.util.concurrent.locks.LockSupport.park(LockSupport.java:175)
        at java.util.concurrent.locks.AbstractQueuedSynchronizer$ConditionObject.await(AbstractQueuedSynchronizer.java:2039)
        at java.util.concurrent.ScheduledThreadPoolExecutor$DelayedWorkQueue.take(ScheduledThreadPoolExecutor.java:1088)
        at java.util.concurrent.ScheduledThreadPoolExecutor$DelayedWorkQueue.take(ScheduledThreadPoolExecutor.java:809)
        at java.util.concurrent.ThreadPoolExecutor.getTask(ThreadPoolExecutor.java:1074)
        at java.util.concurrent.ThreadPoolExecutor.runWorker(ThreadPoolExecutor.java:1134)
        at java.util.concurrent.ThreadPoolExecutor$Worker.run(ThreadPoolExecutor.java:624)
        at java.lang.Thread.run(Thread.java:750)
"13f92446-3b18-4d81-bc66-0f9b00220e72-DatanodeReportManager-4" daemon prio=5 tid=2065 timed_waiting
java.lang.Thread.State: TIMED_WAITING
        at sun.misc.Unsafe.park(Native Method)
        at java.util.concurrent.locks.LockSupport.parkNanos(LockSupport.java:215)
        at java.util.concurrent.locks.AbstractQueuedSynchronizer$ConditionObject.awaitNanos(AbstractQueuedSynchronizer.java:2078)
        at java.util.concurrent.ScheduledThreadPoolExecutor$DelayedWorkQueue.take(ScheduledThreadPoolExecutor.java:1093)
        at java.util.concurrent.ScheduledThreadPoolExecutor$DelayedWorkQueue.take(ScheduledThreadPoolExecutor.java:809)
        at java.util.concurrent.ThreadPoolExecutor.getTask(ThreadPoolExecutor.java:1074)
        at java.util.concurrent.ThreadPoolExecutor.runWorker(ThreadPoolExecutor.java:1134)
        at java.util.concurrent.ThreadPoolExecutor$Worker.run(ThreadPoolExecutor.java:624)
        at java.lang.Thread.run(Thread.java:750)
"c30fedce-f286-40e0-881d-3d5a9a6e2463-PeriodicHDDSVolumeChecker" daemon prio=5 tid=816 timed_waiting
java.lang.Thread.State: TIMED_WAITING
        at sun.misc.Unsafe.park(Native Method)
        at java.util.concurrent.locks.LockSupport.parkNanos(LockSupport.java:215)
        at java.util.concurrent.locks.AbstractQueuedSynchronizer$ConditionObject.awaitNanos(AbstractQueuedSynchronizer.java:2078)
        at java.util.concurrent.ScheduledThreadPoolExecutor$DelayedWorkQueue.take(ScheduledThreadPoolExecutor.java:1093)
        at java.util.concurrent.ScheduledThreadPoolExecutor$DelayedWorkQueue.take(ScheduledThreadPoolExecutor.java:809)
        at java.util.concurrent.ThreadPoolExecutor.getTask(ThreadPoolExecutor.java:1074)
        at java.util.concurrent.ThreadPoolExecutor.runWorker(ThreadPoolExecutor.java:1134)
        at java.util.concurrent.ThreadPoolExecutor$Worker.run(ThreadPoolExecutor.java:624)
        at java.lang.Thread.run(Thread.java:750)
"qtp124466405-404" daemon prio=5 tid=404 runnable
java.lang.Thread.State: RUNNABLE
        at sun.nio.ch.EPollArrayWrapper.epollWait(Native Method)
        at sun.nio.ch.EPollArrayWrapper.poll(EPollArrayWrapper.java:269)
        at sun.nio.ch.EPollSelectorImpl.doSelect(EPollSelectorImpl.java:93)
        at sun.nio.ch.SelectorImpl.lockAndDoSelect(SelectorImpl.java:86)
        at sun.nio.ch.SelectorImpl.select(SelectorImpl.java:97)
        at sun.nio.ch.SelectorImpl.select(SelectorImpl.java:101)
        at org.eclipse.jetty.io.ManagedSelector.nioSelect(ManagedSelector.java:183)
        at org.eclipse.jetty.io.ManagedSelector.select(ManagedSelector.java:190)
        at org.eclipse.jetty.io.ManagedSelector$SelectorProducer.select(ManagedSelector.java:606)
        at org.eclipse.jetty.io.ManagedSelector$SelectorProducer.produce(ManagedSelector.java:543)
        at org.eclipse.jetty.util.thread.strategy.EatWhatYouKill.produceTask(EatWhatYouKill.java:362)
        at org.eclipse.jetty.util.thread.strategy.EatWhatYouKill.doProduce(EatWhatYouKill.java:186)
        at org.eclipse.jetty.util.thread.strategy.EatWhatYouKill.tryProduce(EatWhatYouKill.java:173)
        at org.eclipse.jetty.util.thread.strategy.EatWhatYouKill.produce(EatWhatYouKill.java:137)
        at org.eclipse.jetty.io.ManagedSelector$$Lambda$589/284576707.run(Unknown Source)
        at org.eclipse.jetty.util.thread.QueuedThreadPool.runJob(QueuedThreadPool.java:883)
        at org.eclipse.jetty.util.thread.QueuedThreadPool$Runner.run(QueuedThreadPool.java:1034)
        at java.lang.Thread.run(Thread.java:750)
"e780b093-7242-46d7-bd8f-0f810188c7b3-DatanodeReportManager-2" daemon prio=5 tid=710 in Object.wait()
java.lang.Thread.State: WAITING (on object monitor)
        at sun.misc.Unsafe.park(Native Method)
        at java.util.concurrent.locks.LockSupport.park(LockSupport.java:175)
        at java.util.concurrent.locks.AbstractQueuedSynchronizer$ConditionObject.await(AbstractQueuedSynchronizer.java:2039)
        at java.util.concurrent.ScheduledThreadPoolExecutor$DelayedWorkQueue.take(ScheduledThreadPoolExecutor.java:1088)
        at java.util.concurrent.ScheduledThreadPoolExecutor$DelayedWorkQueue.take(ScheduledThreadPoolExecutor.java:809)
        at java.util.concurrent.ThreadPoolExecutor.getTask(ThreadPoolExecutor.java:1074)
        at java.util.concurrent.ThreadPoolExecutor.runWorker(ThreadPoolExecutor.java:1134)
        at java.util.concurrent.ThreadPoolExecutor$Worker.run(ThreadPoolExecutor.java:624)
        at java.lang.Thread.run(Thread.java:750)
"e46a6e51-795f-4801-a523-c45a6c7f2c34@group-D74CD222B38A-cacheEviction-AwaitToRun" daemon prio=5 tid=1038 in Object.wait()
java.lang.Thread.State: WAITING (on object monitor)
        at sun.misc.Unsafe.park(Native Method)
        at java.util.concurrent.locks.LockSupport.park(LockSupport.java:175)
        at java.util.concurrent.locks.AbstractQueuedSynchronizer$ConditionObject.await(AbstractQueuedSynchronizer.java:2039)
        at org.apache.ratis.util.AwaitForSignal.await(AwaitForSignal.java:48)
        at org.apache.ratis.util.AwaitToRun$RunnableImpl.run(AwaitToRun.java:47)
        at java.lang.Thread.run(Thread.java:750)
"qtp2050676025-693" daemon prio=5 tid=693 runnable
java.lang.Thread.State: RUNNABLE
        at sun.nio.ch.EPollArrayWrapper.epollWait(Native Method)
        at sun.nio.ch.EPollArrayWrapper.poll(EPollArrayWrapper.java:269)
        at sun.nio.ch.EPollSelectorImpl.doSelect(EPollSelectorImpl.java:93)
        at sun.nio.ch.SelectorImpl.lockAndDoSelect(SelectorImpl.java:86)
        at sun.nio.ch.SelectorImpl.select(SelectorImpl.java:97)
        at sun.nio.ch.SelectorImpl.select(SelectorImpl.java:101)
        at org.eclipse.jetty.io.ManagedSelector.nioSelect(ManagedSelector.java:183)
        at org.eclipse.jetty.io.ManagedSelector.select(ManagedSelector.java:190)
        at org.eclipse.jetty.io.ManagedSelector$SelectorProducer.select(ManagedSelector.java:606)
        at org.eclipse.jetty.io.ManagedSelector$SelectorProducer.produce(ManagedSelector.java:543)
        at org.eclipse.jetty.util.thread.strategy.EatWhatYouKill.produceTask(EatWhatYouKill.java:362)
        at org.eclipse.jetty.util.thread.strategy.EatWhatYouKill.doProduce(EatWhatYouKill.java:186)
        at org.eclipse.jetty.util.thread.strategy.EatWhatYouKill.tryProduce(EatWhatYouKill.java:173)
        at org.eclipse.jetty.util.thread.strategy.EatWhatYouKill.produce(EatWhatYouKill.java:137)
        at org.eclipse.jetty.io.ManagedSelector$$Lambda$589/284576707.run(Unknown Source)
        at org.eclipse.jetty.util.thread.QueuedThreadPool.runJob(QueuedThreadPool.java:883)
        at org.eclipse.jetty.util.thread.QueuedThreadPool$Runner.run(QueuedThreadPool.java:1034)
        at java.lang.Thread.run(Thread.java:750)
"Socket Reader #1 for port 15091"  prio=5 tid=702 runnable
java.lang.Thread.State: RUNNABLE
        at sun.nio.ch.EPollArrayWrapper.epollWait(Native Method)
        at sun.nio.ch.EPollArrayWrapper.poll(EPollArrayWrapper.java:269)
        at sun.nio.ch.EPollSelectorImpl.doSelect(EPollSelectorImpl.java:93)
        at sun.nio.ch.SelectorImpl.lockAndDoSelect(SelectorImpl.java:86)
        at sun.nio.ch.SelectorImpl.select(SelectorImpl.java:97)
        at sun.nio.ch.SelectorImpl.select(SelectorImpl.java:101)
        at org.apache.hadoop.ipc.Server$Listener$Reader.doRunLoop(Server.java:1346)
        at org.apache.hadoop.ipc.Server$Listener$Reader.run(Server.java:1325)
"86ab988c-fa9c-425d-a1c6-9004ff7fd93d@group-DD233808B888-LeaderStateImpl" daemon prio=5 tid=1512 timed_waiting
java.lang.Thread.State: TIMED_WAITING
        at sun.misc.Unsafe.park(Native Method)
        at java.util.concurrent.locks.LockSupport.parkNanos(LockSupport.java:215)
        at java.util.concurrent.locks.AbstractQueuedSynchronizer$ConditionObject.awaitNanos(AbstractQueuedSynchronizer.java:2078)
        at java.util.concurrent.ArrayBlockingQueue.poll(ArrayBlockingQueue.java:418)
        at org.apache.ratis.server.impl.LeaderStateImpl$EventQueue.poll(LeaderStateImpl.java:164)
        at org.apache.ratis.server.impl.LeaderStateImpl$EventProcessor.run(LeaderStateImpl.java:762)
"StaleRecoveringContainerScrubbingService#8" daemon prio=5 tid=2383 in Object.wait()
java.lang.Thread.State: WAITING (on object monitor)
        at sun.misc.Unsafe.park(Native Method)
        at java.util.concurrent.locks.LockSupport.park(LockSupport.java:175)
        at java.util.concurrent.locks.AbstractQueuedSynchronizer$ConditionObject.await(AbstractQueuedSynchronizer.java:2039)
        at java.util.concurrent.ScheduledThreadPoolExecutor$DelayedWorkQueue.take(ScheduledThreadPoolExecutor.java:1088)
        at java.util.concurrent.ScheduledThreadPoolExecutor$DelayedWorkQueue.take(ScheduledThreadPoolExecutor.java:809)
        at java.util.concurrent.ThreadPoolExecutor.getTask(ThreadPoolExecutor.java:1074)
        at java.util.concurrent.ThreadPoolExecutor.runWorker(ThreadPoolExecutor.java:1134)
        at java.util.concurrent.ThreadPoolExecutor$Worker.run(ThreadPoolExecutor.java:624)
        at java.lang.Thread.run(Thread.java:750)
"13f92446-3b18-4d81-bc66-0f9b00220e72@group-E8E8A0364F52-cacheEviction-AwaitToRun" daemon prio=5 tid=2162 in Object.wait()
java.lang.Thread.State: WAITING (on object monitor)
        at sun.misc.Unsafe.park(Native Method)
        at java.util.concurrent.locks.LockSupport.park(LockSupport.java:175)
        at java.util.concurrent.locks.AbstractQueuedSynchronizer$ConditionObject.await(AbstractQueuedSynchronizer.java:2039)
        at org.apache.ratis.util.AwaitForSignal.await(AwaitForSignal.java:48)
        at org.apache.ratis.util.AwaitToRun$RunnableImpl.run(AwaitToRun.java:47)
        at java.lang.Thread.run(Thread.java:750)
"qtp1897694595-438" daemon prio=5 tid=438 runnable
java.lang.Thread.State: RUNNABLE
        at sun.nio.ch.EPollArrayWrapper.epollWait(Native Method)
        at sun.nio.ch.EPollArrayWrapper.poll(EPollArrayWrapper.java:269)
        at sun.nio.ch.EPollSelectorImpl.doSelect(EPollSelectorImpl.java:93)
        at sun.nio.ch.SelectorImpl.lockAndDoSelect(SelectorImpl.java:86)
        at sun.nio.ch.SelectorImpl.select(SelectorImpl.java:97)
        at sun.nio.ch.SelectorImpl.select(SelectorImpl.java:101)
        at org.eclipse.jetty.io.ManagedSelector.nioSelect(ManagedSelector.java:183)
        at org.eclipse.jetty.io.ManagedSelector.select(ManagedSelector.java:190)
        at org.eclipse.jetty.io.ManagedSelector$SelectorProducer.select(ManagedSelector.java:606)
        at org.eclipse.jetty.io.ManagedSelector$SelectorProducer.produce(ManagedSelector.java:543)
        at org.eclipse.jetty.util.thread.strategy.EatWhatYouKill.produceTask(EatWhatYouKill.java:362)
        at org.eclipse.jetty.util.thread.strategy.EatWhatYouKill.doProduce(EatWhatYouKill.java:186)
        at org.eclipse.jetty.util.thread.strategy.EatWhatYouKill.tryProduce(EatWhatYouKill.java:173)
        at org.eclipse.jetty.util.thread.strategy.EatWhatYouKill.produce(EatWhatYouKill.java:137)
        at org.eclipse.jetty.io.ManagedSelector$$Lambda$589/284576707.run(Unknown Source)
        at org.eclipse.jetty.util.thread.QueuedThreadPool.runJob(QueuedThreadPool.java:883)
        at org.eclipse.jetty.util.thread.QueuedThreadPool$Runner.run(QueuedThreadPool.java:1034)
        at java.lang.Thread.run(Thread.java:750)
"IPC Server handler 5 on default port 15004" daemon prio=5 tid=417 timed_waiting
java.lang.Thread.State: TIMED_WAITING
        at sun.misc.Unsafe.park(Native Method)
        at java.util.concurrent.locks.LockSupport.parkNanos(LockSupport.java:215)
        at java.util.concurrent.locks.AbstractQueuedSynchronizer$ConditionObject.awaitNanos(AbstractQueuedSynchronizer.java:2078)
        at java.util.concurrent.LinkedBlockingQueue.poll(LinkedBlockingQueue.java:467)
        at org.apache.hadoop.ipc.CallQueueManager.take(CallQueueManager.java:317)
        at org.apache.hadoop.ipc.Server$Handler.run(Server.java:3014)
"IPC Server handler 24 on default port 15001" daemon prio=5 tid=178 timed_waiting
java.lang.Thread.State: TIMED_WAITING
        at sun.misc.Unsafe.park(Native Method)
        at java.util.concurrent.locks.LockSupport.parkNanos(LockSupport.java:215)
        at java.util.concurrent.locks.AbstractQueuedSynchronizer$ConditionObject.awaitNanos(AbstractQueuedSynchronizer.java:2078)
        at java.util.concurrent.LinkedBlockingQueue.poll(LinkedBlockingQueue.java:467)
        at org.apache.hadoop.ipc.CallQueueManager.take(CallQueueManager.java:317)
        at org.apache.hadoop.ipc.Server$Handler.run(Server.java:3014)
"dc26353c-d48a-467d-89cd-3a7c4b626396@group-967E786A868E-StateMachineUpdater" daemon prio=5 tid=1086 timed_waiting
java.lang.Thread.State: TIMED_WAITING
        at sun.misc.Unsafe.park(Native Method)
        at java.util.concurrent.locks.LockSupport.parkNanos(LockSupport.java:215)
        at java.util.concurrent.locks.AbstractQueuedSynchronizer$ConditionObject.await(AbstractQueuedSynchronizer.java:2163)
        at org.apache.ratis.util.AwaitForSignal.await(AwaitForSignal.java:65)
        at org.apache.ratis.server.impl.StateMachineUpdater.waitForCommit(StateMachineUpdater.java:211)
        at org.apache.ratis.server.impl.StateMachineUpdater.run(StateMachineUpdater.java:180)
        at java.lang.Thread.run(Thread.java:750)
"qtp1897694595-444" daemon prio=5 tid=444 timed_waiting
java.lang.Thread.State: TIMED_WAITING
        at sun.misc.Unsafe.park(Native Method)
        at java.util.concurrent.locks.LockSupport.parkNanos(LockSupport.java:215)
        at java.util.concurrent.locks.AbstractQueuedSynchronizer$ConditionObject.awaitNanos(AbstractQueuedSynchronizer.java:2078)
        at org.eclipse.jetty.util.BlockingArrayQueue.poll(BlockingArrayQueue.java:382)
        at org.eclipse.jetty.util.thread.QueuedThreadPool$Runner.idleJobPoll(QueuedThreadPool.java:974)
        at org.eclipse.jetty.util.thread.QueuedThreadPool$Runner.run(QueuedThreadPool.java:1018)
        at java.lang.Thread.run(Thread.java:750)
"IPC Server handler 78 on default port 15001" daemon prio=5 tid=232 timed_waiting
java.lang.Thread.State: TIMED_WAITING
        at sun.misc.Unsafe.park(Native Method)
        at java.util.concurrent.locks.LockSupport.parkNanos(LockSupport.java:215)
        at java.util.concurrent.locks.AbstractQueuedSynchronizer$ConditionObject.awaitNanos(AbstractQueuedSynchronizer.java:2078)
        at java.util.concurrent.LinkedBlockingQueue.poll(LinkedBlockingQueue.java:467)
        at org.apache.hadoop.ipc.CallQueueManager.take(CallQueueManager.java:317)
        at org.apache.hadoop.ipc.Server$Handler.run(Server.java:3014)
"e780b093-7242-46d7-bd8f-0f810188c7b3-ChunkReader-4" daemon prio=5 tid=1678 in Object.wait()
java.lang.Thread.State: WAITING (on object monitor)
        at sun.misc.Unsafe.park(Native Method)
        at java.util.concurrent.locks.LockSupport.park(LockSupport.java:175)
        at java.util.concurrent.locks.AbstractQueuedSynchronizer$ConditionObject.await(AbstractQueuedSynchronizer.java:2039)
        at java.util.concurrent.LinkedBlockingQueue.take(LinkedBlockingQueue.java:442)
        at java.util.concurrent.ThreadPoolExecutor.getTask(ThreadPoolExecutor.java:1074)
        at java.util.concurrent.ThreadPoolExecutor.runWorker(ThreadPoolExecutor.java:1134)
        at java.util.concurrent.ThreadPoolExecutor$Worker.run(ThreadPoolExecutor.java:624)
        at java.lang.Thread.run(Thread.java:750)
"IPC Server handler 2 on default port 15000" daemon prio=5 tid=56 timed_waiting
java.lang.Thread.State: TIMED_WAITING
        at sun.misc.Unsafe.park(Native Method)
        at java.util.concurrent.locks.LockSupport.parkNanos(LockSupport.java:215)
        at java.util.concurrent.locks.AbstractQueuedSynchronizer$ConditionObject.awaitNanos(AbstractQueuedSynchronizer.java:2078)
        at java.util.concurrent.LinkedBlockingQueue.poll(LinkedBlockingQueue.java:467)
        at org.apache.hadoop.ipc.CallQueueManager.take(CallQueueManager.java:317)
        at org.apache.hadoop.ipc.Server$Handler.run(Server.java:3014)
"4e8f68d6-fd98-4f77-87e3-715939181693@group-C11F3E838557-FollowerState" daemon prio=5 tid=1956 timed_waiting
java.lang.Thread.State: TIMED_WAITING
        at java.lang.Thread.sleep(Native Method)
        at java.lang.Thread.sleep(Thread.java:342)
        at java.util.concurrent.TimeUnit.sleep(TimeUnit.java:386)
        at org.apache.ratis.util.TimeDuration.sleep(TimeDuration.java:353)
        at org.apache.ratis.util.TimeDuration.sleep(TimeDuration.java:338)
        at org.apache.ratis.server.impl.FollowerState.run(FollowerState.java:128)
"IPC Server handler 0 on default port 15010" daemon prio=5 tid=452 timed_waiting
java.lang.Thread.State: TIMED_WAITING
        at sun.misc.Unsafe.park(Native Method)
        at java.util.concurrent.locks.LockSupport.parkNanos(LockSupport.java:215)
        at java.util.concurrent.locks.AbstractQueuedSynchronizer$ConditionObject.awaitNanos(AbstractQueuedSynchronizer.java:2078)
        at java.util.concurrent.LinkedBlockingQueue.poll(LinkedBlockingQueue.java:467)
        at org.apache.hadoop.ipc.CallQueueManager.take(CallQueueManager.java:317)
        at org.apache.hadoop.ipc.Server$Handler.run(Server.java:3014)
"IPC Server handler 85 on default port 15000" daemon prio=5 tid=139 timed_waiting
java.lang.Thread.State: TIMED_WAITING
        at sun.misc.Unsafe.park(Native Method)
        at java.util.concurrent.locks.LockSupport.parkNanos(LockSupport.java:215)
        at java.util.concurrent.locks.AbstractQueuedSynchronizer$ConditionObject.awaitNanos(AbstractQueuedSynchronizer.java:2078)
        at java.util.concurrent.LinkedBlockingQueue.poll(LinkedBlockingQueue.java:467)
        at org.apache.hadoop.ipc.CallQueueManager.take(CallQueueManager.java:317)
        at org.apache.hadoop.ipc.Server$Handler.run(Server.java:3014)
"IPC Server handler 12 on default port 15000" daemon prio=5 tid=66 timed_waiting
java.lang.Thread.State: TIMED_WAITING
        at sun.misc.Unsafe.park(Native Method)
        at java.util.concurrent.locks.LockSupport.parkNanos(LockSupport.java:215)
        at java.util.concurrent.locks.AbstractQueuedSynchronizer$ConditionObject.awaitNanos(AbstractQueuedSynchronizer.java:2078)
        at java.util.concurrent.LinkedBlockingQueue.poll(LinkedBlockingQueue.java:467)
        at org.apache.hadoop.ipc.CallQueueManager.take(CallQueueManager.java:317)
        at org.apache.hadoop.ipc.Server$Handler.run(Server.java:3014)
"86ab988c-fa9c-425d-a1c6-9004ff7fd93d-ChunkReader-0" daemon prio=5 tid=1603 in Object.wait()
java.lang.Thread.State: WAITING (on object monitor)
        at sun.misc.Unsafe.park(Native Method)
        at java.util.concurrent.locks.LockSupport.park(LockSupport.java:175)
        at java.util.concurrent.locks.AbstractQueuedSynchronizer$ConditionObject.await(AbstractQueuedSynchronizer.java:2039)
        at java.util.concurrent.LinkedBlockingQueue.take(LinkedBlockingQueue.java:442)
        at java.util.concurrent.ThreadPoolExecutor.getTask(ThreadPoolExecutor.java:1074)
        at java.util.concurrent.ThreadPoolExecutor.runWorker(ThreadPoolExecutor.java:1134)
        at java.util.concurrent.ThreadPoolExecutor$Worker.run(ThreadPoolExecutor.java:624)
        at java.lang.Thread.run(Thread.java:750)
"StaleRecoveringContainerScrubbingService#6" daemon prio=5 tid=2336 in Object.wait()
java.lang.Thread.State: WAITING (on object monitor)
        at sun.misc.Unsafe.park(Native Method)
        at java.util.concurrent.locks.LockSupport.park(LockSupport.java:175)
        at java.util.concurrent.locks.AbstractQueuedSynchronizer$ConditionObject.await(AbstractQueuedSynchronizer.java:2039)
        at java.util.concurrent.ScheduledThreadPoolExecutor$DelayedWorkQueue.take(ScheduledThreadPoolExecutor.java:1088)
        at java.util.concurrent.ScheduledThreadPoolExecutor$DelayedWorkQueue.take(ScheduledThreadPoolExecutor.java:809)
        at java.util.concurrent.ThreadPoolExecutor.getTask(ThreadPoolExecutor.java:1074)
        at java.util.concurrent.ThreadPoolExecutor.runWorker(ThreadPoolExecutor.java:1134)
        at java.util.concurrent.ThreadPoolExecutor$Worker.run(ThreadPoolExecutor.java:624)
        at java.lang.Thread.run(Thread.java:750)
"dc26353c-d48a-467d-89cd-3a7c4b626396-PipelineCommandHandlerThread-0"  prio=5 tid=934 in Object.wait()
java.lang.Thread.State: WAITING (on object monitor)
        at sun.misc.Unsafe.park(Native Method)
        at java.util.concurrent.locks.LockSupport.park(LockSupport.java:175)
        at java.util.concurrent.locks.AbstractQueuedSynchronizer$ConditionObject.await(AbstractQueuedSynchronizer.java:2039)
        at java.util.concurrent.LinkedBlockingQueue.take(LinkedBlockingQueue.java:442)
        at java.util.concurrent.ThreadPoolExecutor.getTask(ThreadPoolExecutor.java:1074)
        at java.util.concurrent.ThreadPoolExecutor.runWorker(ThreadPoolExecutor.java:1134)
        at java.util.concurrent.ThreadPoolExecutor$Worker.run(ThreadPoolExecutor.java:624)
        at java.lang.Thread.run(Thread.java:750)
"StaleRecoveringContainerScrubbingService#1" daemon prio=5 tid=860 timed_waiting
java.lang.Thread.State: TIMED_WAITING
        at sun.misc.Unsafe.park(Native Method)
        at java.util.concurrent.locks.LockSupport.parkNanos(LockSupport.java:215)
        at java.util.concurrent.locks.AbstractQueuedSynchronizer$ConditionObject.awaitNanos(AbstractQueuedSynchronizer.java:2078)
        at java.util.concurrent.ScheduledThreadPoolExecutor$DelayedWorkQueue.take(ScheduledThreadPoolExecutor.java:1093)
        at java.util.concurrent.ScheduledThreadPoolExecutor$DelayedWorkQueue.take(ScheduledThreadPoolExecutor.java:809)
        at java.util.concurrent.ThreadPoolExecutor.getTask(ThreadPoolExecutor.java:1074)
        at java.util.concurrent.ThreadPoolExecutor.runWorker(ThreadPoolExecutor.java:1134)
        at java.util.concurrent.ThreadPoolExecutor$Worker.run(ThreadPoolExecutor.java:624)
        at java.lang.Thread.run(Thread.java:750)
"78f89d9b-e409-4704-890b-bfcfbcdfd28a-ChunkWriter-0-0" daemon prio=5 tid=851 in Object.wait()
java.lang.Thread.State: WAITING (on object monitor)
        at sun.misc.Unsafe.park(Native Method)
        at java.util.concurrent.locks.LockSupport.park(LockSupport.java:175)
        at java.util.concurrent.locks.AbstractQueuedSynchronizer$ConditionObject.await(AbstractQueuedSynchronizer.java:2039)
        at java.util.concurrent.LinkedBlockingDeque.takeFirst(LinkedBlockingDeque.java:492)
        at java.util.concurrent.LinkedBlockingDeque.take(LinkedBlockingDeque.java:680)
        at java.util.concurrent.ThreadPoolExecutor.getTask(ThreadPoolExecutor.java:1074)
        at java.util.concurrent.ThreadPoolExecutor.runWorker(ThreadPoolExecutor.java:1134)
        at java.util.concurrent.ThreadPoolExecutor$Worker.run(ThreadPoolExecutor.java:624)
        at java.lang.Thread.run(Thread.java:750)
"nullContainerReplicationThread-0" daemon prio=5 tid=2367 timed_waiting
java.lang.Thread.State: TIMED_WAITING
        at java.lang.Thread.sleep(Native Method)
        at org.apache.ozone.test.GenericTestUtils.waitFor(GenericTestUtils.java:197)
        at org.apache.hadoop.ozone.container.TestECContainerRecovery.lambda$testECContainerRecoveryWithTimedOutRecovery$1(TestECContainerRecovery.java:321)
        at org.apache.hadoop.ozone.container.TestECContainerRecovery$$Lambda$1855/860886575.answer(Unknown Source)
        at org.mockito.internal.stubbing.StubbedInvocationMatcher.answer(StubbedInvocationMatcher.java:42)
        at org.mockito.internal.handler.MockHandlerImpl.handle(MockHandlerImpl.java:103)
        at org.mockito.internal.handler.NullResultGuardian.handle(NullResultGuardian.java:29)
        at org.mockito.internal.handler.InvocationNotifierHandler.handle(InvocationNotifierHandler.java:34)
        at org.mockito.internal.creation.bytebuddy.MockMethodInterceptor.doIntercept(MockMethodInterceptor.java:82)
        at org.mockito.internal.creation.bytebuddy.MockMethodAdvice.handle(MockMethodAdvice.java:134)
        at org.apache.hadoop.ozone.container.ec.reconstruction.ECReconstructionCoordinator.reconstructECBlockGroup(ECReconstructionCoordinator.java:244)
        at org.apache.hadoop.ozone.container.ec.reconstruction.ECReconstructionCoordinator.reconstructECContainerGroup(ECReconstructionCoordinator.java:181)
        at sun.reflect.NativeMethodAccessorImpl.invoke0(Native Method)
        at sun.reflect.NativeMethodAccessorImpl.invoke(NativeMethodAccessorImpl.java:62)
        at sun.reflect.DelegatingMethodAccessorImpl.invoke(DelegatingMethodAccessorImpl.java:43)
        at java.lang.reflect.Method.invoke(Method.java:498)
        at org.mockito.internal.util.reflection.ReflectionMemberAccessor.invoke(ReflectionMemberAccessor.java:48)
        at org.mockito.internal.creation.bytebuddy.MockMethodAdvice.tryInvoke(MockMethodAdvice.java:314)
        at org.mockito.internal.creation.bytebuddy.MockMethodAdvice.access$500(MockMethodAdvice.java:64)
        at org.mockito.internal.creation.bytebuddy.MockMethodAdvice$RealMethodCall.invoke(MockMethodAdvice.java:234)
        at org.mockito.internal.invocation.InterceptedInvocation.callRealMethod(InterceptedInvocation.java:142)
        at org.mockito.internal.stubbing.answers.CallsRealMethods.answer(CallsRealMethods.java:45)
        at org.mockito.Answers.answer(Answers.java:90)
        at org.mockito.internal.handler.MockHandlerImpl.handle(MockHandlerImpl.java:111)
        at org.mockito.internal.handler.NullResultGuardian.handle(NullResultGuardian.java:29)
        at org.mockito.internal.handler.InvocationNotifierHandler.handle(InvocationNotifierHandler.java:34)
        at org.mockito.internal.creation.bytebuddy.MockMethodInterceptor.doIntercept(MockMethodInterceptor.java:82)
        at org.mockito.internal.creation.bytebuddy.MockMethodAdvice.handle(MockMethodAdvice.java:134)
        at org.apache.hadoop.ozone.container.ec.reconstruction.ECReconstructionCoordinator.reconstructECContainerGroup(ECReconstructionCoordinator.java:151)
        at org.apache.hadoop.ozone.container.ec.reconstruction.ECReconstructionCoordinatorTask.runTask(ECReconstructionCoordinatorTask.java:68)
        at org.apache.hadoop.ozone.container.replication.ReplicationSupervisor$TaskRunner.run(ReplicationSupervisor.java:369)
        at java.util.concurrent.ThreadPoolExecutor.runWorker(ThreadPoolExecutor.java:1149)
        at java.util.concurrent.ThreadPoolExecutor$Worker.run(ThreadPoolExecutor.java:624)
        at java.lang.Thread.run(Thread.java:750)
"StaleRecoveringContainerScrubbingService#2" daemon prio=5 tid=2166 timed_waiting
java.lang.Thread.State: TIMED_WAITING
        at sun.misc.Unsafe.park(Native Method)
        at java.util.concurrent.locks.LockSupport.parkNanos(LockSupport.java:215)
        at java.util.concurrent.locks.AbstractQueuedSynchronizer$ConditionObject.awaitNanos(AbstractQueuedSynchronizer.java:2078)
        at java.util.concurrent.ScheduledThreadPoolExecutor$DelayedWorkQueue.take(ScheduledThreadPoolExecutor.java:1093)
        at java.util.concurrent.ScheduledThreadPoolExecutor$DelayedWorkQueue.take(ScheduledThreadPoolExecutor.java:809)
        at java.util.concurrent.ThreadPoolExecutor.getTask(ThreadPoolExecutor.java:1074)
        at java.util.concurrent.ThreadPoolExecutor.runWorker(ThreadPoolExecutor.java:1134)
        at java.util.concurrent.ThreadPoolExecutor$Worker.run(ThreadPoolExecutor.java:624)
        at java.lang.Thread.run(Thread.java:750)
"Socket Reader #1 for port 15001"  prio=5 tid=34 runnable
java.lang.Thread.State: RUNNABLE
        at sun.nio.ch.EPollArrayWrapper.epollWait(Native Method)
        at sun.nio.ch.EPollArrayWrapper.poll(EPollArrayWrapper.java:269)
        at sun.nio.ch.EPollSelectorImpl.doSelect(EPollSelectorImpl.java:93)
        at sun.nio.ch.SelectorImpl.lockAndDoSelect(SelectorImpl.java:86)
        at sun.nio.ch.SelectorImpl.select(SelectorImpl.java:97)
        at sun.nio.ch.SelectorImpl.select(SelectorImpl.java:101)
        at org.apache.hadoop.ipc.Server$Listener$Reader.doRunLoop(Server.java:1346)
        at org.apache.hadoop.ipc.Server$Listener$Reader.run(Server.java:1325)
"IPC Server handler 77 on default port 15002" daemon prio=5 tid=331 timed_waiting
java.lang.Thread.State: TIMED_WAITING
        at sun.misc.Unsafe.park(Native Method)
        at java.util.concurrent.locks.LockSupport.parkNanos(LockSupport.java:215)
        at java.util.concurrent.locks.AbstractQueuedSynchronizer$ConditionObject.awaitNanos(AbstractQueuedSynchronizer.java:2078)
        at java.util.concurrent.LinkedBlockingQueue.poll(LinkedBlockingQueue.java:467)
        at org.apache.hadoop.ipc.CallQueueManager.take(CallQueueManager.java:317)
        at org.apache.hadoop.ipc.Server$Handler.run(Server.java:3014)
"86ab988c-fa9c-425d-a1c6-9004ff7fd93d@group-83D984655C73-FollowerState" daemon prio=5 tid=1693 timed_waiting
java.lang.Thread.State: TIMED_WAITING
        at java.lang.Thread.sleep(Native Method)
        at java.lang.Thread.sleep(Thread.java:342)
        at java.util.concurrent.TimeUnit.sleep(TimeUnit.java:386)
        at org.apache.ratis.util.TimeDuration.sleep(TimeDuration.java:353)
        at org.apache.ratis.util.TimeDuration.sleep(TimeDuration.java:338)
        at org.apache.ratis.server.impl.FollowerState.run(FollowerState.java:128)
"4e8f68d6-fd98-4f77-87e3-715939181693-DatanodeStateMachineDaemonThread" daemon prio=5 tid=539 timed_waiting
java.lang.Thread.State: TIMED_WAITING
        at java.lang.Thread.sleep(Native Method)
        at org.apache.hadoop.ozone.container.common.statemachine.DatanodeStateMachine.startStateMachineThread(DatanodeStateMachine.java:369)
        at org.apache.hadoop.ozone.container.common.statemachine.DatanodeStateMachine.lambda$startDaemon$1(DatanodeStateMachine.java:556)
        at org.apache.hadoop.ozone.container.common.statemachine.DatanodeStateMachine$$Lambda$1030/2092369521.run(Unknown Source)
        at java.lang.Thread.run(Thread.java:750)
"4e8f68d6-fd98-4f77-87e3-715939181693@group-9EB4D3397E8E-SegmentedRaftLogWorker"  prio=5 tid=1118 timed_waiting
java.lang.Thread.State: TIMED_WAITING
        at sun.misc.Unsafe.park(Native Method)
        at java.util.concurrent.locks.LockSupport.parkNanos(LockSupport.java:215)
        at java.util.concurrent.locks.AbstractQueuedSynchronizer$ConditionObject.awaitNanos(AbstractQueuedSynchronizer.java:2078)
        at org.apache.ratis.util.DataBlockingQueue.poll(DataBlockingQueue.java:148)
        at org.apache.ratis.server.raftlog.segmented.SegmentedRaftLogWorker.run(SegmentedRaftLogWorker.java:299)
        at org.apache.ratis.server.raftlog.segmented.SegmentedRaftLogWorker$$Lambda$913/1052546256.run(Unknown Source)
        at java.util.concurrent.Executors$RunnableAdapter.call(Executors.java:511)
        at java.util.concurrent.FutureTask.run(FutureTask.java:266)
        at java.util.concurrent.ThreadPoolExecutor.runWorker(ThreadPoolExecutor.java:1149)
        at java.util.concurrent.ThreadPoolExecutor$Worker.run(ThreadPoolExecutor.java:624)
        at java.lang.Thread.run(Thread.java:750)
"c30fedce-f286-40e0-881d-3d5a9a6e2463-ChunkReader-8" daemon prio=5 tid=2222 in Object.wait()
java.lang.Thread.State: WAITING (on object monitor)
        at sun.misc.Unsafe.park(Native Method)
        at java.util.concurrent.locks.LockSupport.park(LockSupport.java:175)
        at java.util.concurrent.locks.AbstractQueuedSynchronizer$ConditionObject.await(AbstractQueuedSynchronizer.java:2039)
        at java.util.concurrent.LinkedBlockingQueue.take(LinkedBlockingQueue.java:442)
        at java.util.concurrent.ThreadPoolExecutor.getTask(ThreadPoolExecutor.java:1074)
        at java.util.concurrent.ThreadPoolExecutor.runWorker(ThreadPoolExecutor.java:1134)
        at java.util.concurrent.ThreadPoolExecutor$Worker.run(ThreadPoolExecutor.java:624)
        at java.lang.Thread.run(Thread.java:750)
"86ab988c-fa9c-425d-a1c6-9004ff7fd93d-BlockDeletingService#1" daemon prio=5 tid=812 in Object.wait()
java.lang.Thread.State: WAITING (on object monitor)
        at sun.misc.Unsafe.park(Native Method)
        at java.util.concurrent.locks.LockSupport.park(LockSupport.java:175)
        at java.util.concurrent.locks.AbstractQueuedSynchronizer$ConditionObject.await(AbstractQueuedSynchronizer.java:2039)
        at java.util.concurrent.ScheduledThreadPoolExecutor$DelayedWorkQueue.take(ScheduledThreadPoolExecutor.java:1088)
        at java.util.concurrent.ScheduledThreadPoolExecutor$DelayedWorkQueue.take(ScheduledThreadPoolExecutor.java:809)
        at java.util.concurrent.ThreadPoolExecutor.getTask(ThreadPoolExecutor.java:1074)
        at java.util.concurrent.ThreadPoolExecutor.runWorker(ThreadPoolExecutor.java:1134)
        at java.util.concurrent.ThreadPoolExecutor$Worker.run(ThreadPoolExecutor.java:624)
        at java.lang.Thread.run(Thread.java:750)
"86ab988c-fa9c-425d-a1c6-9004ff7fd93d-CloseContainerThread-2"  prio=5 tid=1995 in Object.wait()
java.lang.Thread.State: WAITING (on object monitor)
        at sun.misc.Unsafe.park(Native Method)
        at java.util.concurrent.locks.LockSupport.park(LockSupport.java:175)
        at java.util.concurrent.locks.AbstractQueuedSynchronizer$ConditionObject.await(AbstractQueuedSynchronizer.java:2039)
        at java.util.concurrent.LinkedBlockingQueue.take(LinkedBlockingQueue.java:442)
        at java.util.concurrent.ThreadPoolExecutor.getTask(ThreadPoolExecutor.java:1074)
        at java.util.concurrent.ThreadPoolExecutor.runWorker(ThreadPoolExecutor.java:1134)
        at java.util.concurrent.ThreadPoolExecutor$Worker.run(ThreadPoolExecutor.java:624)
        at java.lang.Thread.run(Thread.java:750)
"IPC Server handler 52 on default port 15000" daemon prio=5 tid=106 timed_waiting
java.lang.Thread.State: TIMED_WAITING
        at sun.misc.Unsafe.park(Native Method)
        at java.util.concurrent.locks.LockSupport.parkNanos(LockSupport.java:215)
        at java.util.concurrent.locks.AbstractQueuedSynchronizer$ConditionObject.awaitNanos(AbstractQueuedSynchronizer.java:2078)
        at java.util.concurrent.LinkedBlockingQueue.poll(LinkedBlockingQueue.java:467)
        at org.apache.hadoop.ipc.CallQueueManager.take(CallQueueManager.java:317)
        at org.apache.hadoop.ipc.Server$Handler.run(Server.java:3014)
"78f89d9b-e409-4704-890b-bfcfbcdfd28a-PeriodicHDDSVolumeChecker" daemon prio=5 tid=848 timed_waiting
java.lang.Thread.State: TIMED_WAITING
        at sun.misc.Unsafe.park(Native Method)
        at java.util.concurrent.locks.LockSupport.parkNanos(LockSupport.java:215)
        at java.util.concurrent.locks.AbstractQueuedSynchronizer$ConditionObject.awaitNanos(AbstractQueuedSynchronizer.java:2078)
        at java.util.concurrent.ScheduledThreadPoolExecutor$DelayedWorkQueue.take(ScheduledThreadPoolExecutor.java:1093)
        at java.util.concurrent.ScheduledThreadPoolExecutor$DelayedWorkQueue.take(ScheduledThreadPoolExecutor.java:809)
        at java.util.concurrent.ThreadPoolExecutor.getTask(ThreadPoolExecutor.java:1074)
        at java.util.concurrent.ThreadPoolExecutor.runWorker(ThreadPoolExecutor.java:1134)
        at java.util.concurrent.ThreadPoolExecutor$Worker.run(ThreadPoolExecutor.java:624)
        at java.lang.Thread.run(Thread.java:750)
"IPC Server handler 9 on default port 15004" daemon prio=5 tid=421 timed_waiting
java.lang.Thread.State: TIMED_WAITING
        at sun.misc.Unsafe.park(Native Method)
        at java.util.concurrent.locks.LockSupport.parkNanos(LockSupport.java:215)
        at java.util.concurrent.locks.AbstractQueuedSynchronizer$ConditionObject.awaitNanos(AbstractQueuedSynchronizer.java:2078)
        at java.util.concurrent.LinkedBlockingQueue.poll(LinkedBlockingQueue.java:467)
        at org.apache.hadoop.ipc.CallQueueManager.take(CallQueueManager.java:317)
        at org.apache.hadoop.ipc.Server$Handler.run(Server.java:3014)
"Session-HouseKeeper-3d1d12d7-1"  prio=5 tid=530 timed_waiting
java.lang.Thread.State: TIMED_WAITING
        at sun.misc.Unsafe.park(Native Method)
        at java.util.concurrent.locks.LockSupport.parkNanos(LockSupport.java:215)
        at java.util.concurrent.locks.AbstractQueuedSynchronizer$ConditionObject.awaitNanos(AbstractQueuedSynchronizer.java:2078)
        at java.util.concurrent.ScheduledThreadPoolExecutor$DelayedWorkQueue.take(ScheduledThreadPoolExecutor.java:1093)
        at java.util.concurrent.ScheduledThreadPoolExecutor$DelayedWorkQueue.take(ScheduledThreadPoolExecutor.java:809)
        at java.util.concurrent.ThreadPoolExecutor.getTask(ThreadPoolExecutor.java:1074)
        at java.util.concurrent.ThreadPoolExecutor.runWorker(ThreadPoolExecutor.java:1134)
        at java.util.concurrent.ThreadPoolExecutor$Worker.run(ThreadPoolExecutor.java:624)
        at java.lang.Thread.run(Thread.java:750)
"StaleRecoveringContainerScrubbingService#4" daemon prio=5 tid=2114 in Object.wait()
java.lang.Thread.State: WAITING (on object monitor)
        at sun.misc.Unsafe.park(Native Method)
        at java.util.concurrent.locks.LockSupport.park(LockSupport.java:175)
        at java.util.concurrent.locks.AbstractQueuedSynchronizer$ConditionObject.await(AbstractQueuedSynchronizer.java:2039)
        at java.util.concurrent.ScheduledThreadPoolExecutor$DelayedWorkQueue.take(ScheduledThreadPoolExecutor.java:1088)
        at java.util.concurrent.ScheduledThreadPoolExecutor$DelayedWorkQueue.take(ScheduledThreadPoolExecutor.java:809)
        at java.util.concurrent.ThreadPoolExecutor.getTask(ThreadPoolExecutor.java:1074)
        at java.util.concurrent.ThreadPoolExecutor.runWorker(ThreadPoolExecutor.java:1134)
        at java.util.concurrent.ThreadPoolExecutor$Worker.run(ThreadPoolExecutor.java:624)
        at java.lang.Thread.run(Thread.java:750)
"IPC Server handler 29 on default port 15000" daemon prio=5 tid=83 timed_waiting
java.lang.Thread.State: TIMED_WAITING
        at sun.misc.Unsafe.park(Native Method)
        at java.util.concurrent.locks.LockSupport.parkNanos(LockSupport.java:215)
        at java.util.concurrent.locks.AbstractQueuedSynchronizer$ConditionObject.awaitNanos(AbstractQueuedSynchronizer.java:2078)
        at java.util.concurrent.LinkedBlockingQueue.poll(LinkedBlockingQueue.java:467)
        at org.apache.hadoop.ipc.CallQueueManager.take(CallQueueManager.java:317)
        at org.apache.hadoop.ipc.Server$Handler.run(Server.java:3014)
"qtp332031786-582-acceptor-0@38ca98b9-ServerConnector@6425d038{HTTP/1.1, (http/1.1)}{0.0.0.0:15054}" daemon prio=3 tid=582 runnable
java.lang.Thread.State: RUNNABLE
        at sun.nio.ch.ServerSocketChannelImpl.accept0(Native Method)
        at sun.nio.ch.ServerSocketChannelImpl.accept(ServerSocketChannelImpl.java:421)
        at sun.nio.ch.ServerSocketChannelImpl.accept(ServerSocketChannelImpl.java:249)
        at org.eclipse.jetty.server.ServerConnector.accept(ServerConnector.java:388)
        at org.eclipse.jetty.server.AbstractConnector$Acceptor.run(AbstractConnector.java:704)
        at org.eclipse.jetty.util.thread.QueuedThreadPool.runJob(QueuedThreadPool.java:883)
        at org.eclipse.jetty.util.thread.QueuedThreadPool$Runner.run(QueuedThreadPool.java:1034)
        at java.lang.Thread.run(Thread.java:750)
"DatanodeAdminManager-0" daemon prio=5 tid=26 timed_waiting
java.lang.Thread.State: TIMED_WAITING
        at sun.misc.Unsafe.park(Native Method)
        at java.util.concurrent.locks.LockSupport.parkNanos(LockSupport.java:215)
        at java.util.concurrent.locks.AbstractQueuedSynchronizer$ConditionObject.awaitNanos(AbstractQueuedSynchronizer.java:2078)
        at java.util.concurrent.ScheduledThreadPoolExecutor$DelayedWorkQueue.take(ScheduledThreadPoolExecutor.java:1093)
        at java.util.concurrent.ScheduledThreadPoolExecutor$DelayedWorkQueue.take(ScheduledThreadPoolExecutor.java:809)
        at java.util.concurrent.ThreadPoolExecutor.getTask(ThreadPoolExecutor.java:1074)
        at java.util.concurrent.ThreadPoolExecutor.runWorker(ThreadPoolExecutor.java:1134)
        at java.util.concurrent.ThreadPoolExecutor$Worker.run(ThreadPoolExecutor.java:624)
        at java.lang.Thread.run(Thread.java:750)
"om1-SnapshotDirectoryCleaningService#0" daemon prio=5 tid=400 timed_waiting
java.lang.Thread.State: TIMED_WAITING
        at sun.misc.Unsafe.park(Native Method)
        at java.util.concurrent.locks.LockSupport.parkNanos(LockSupport.java:215)
        at java.util.concurrent.locks.AbstractQueuedSynchronizer$ConditionObject.awaitNanos(AbstractQueuedSynchronizer.java:2078)
        at java.util.concurrent.ScheduledThreadPoolExecutor$DelayedWorkQueue.take(ScheduledThreadPoolExecutor.java:1093)
        at java.util.concurrent.ScheduledThreadPoolExecutor$DelayedWorkQueue.take(ScheduledThreadPoolExecutor.java:809)
        at java.util.concurrent.ThreadPoolExecutor.getTask(ThreadPoolExecutor.java:1074)
        at java.util.concurrent.ThreadPoolExecutor.runWorker(ThreadPoolExecutor.java:1134)
        at java.util.concurrent.ThreadPoolExecutor$Worker.run(ThreadPoolExecutor.java:624)
        at java.lang.Thread.run(Thread.java:750)
"IPC Server handler 42 on default port 15002" daemon prio=5 tid=296 timed_waiting
java.lang.Thread.State: TIMED_WAITING
        at sun.misc.Unsafe.park(Native Method)
        at java.util.concurrent.locks.LockSupport.parkNanos(LockSupport.java:215)
        at java.util.concurrent.locks.AbstractQueuedSynchronizer$ConditionObject.awaitNanos(AbstractQueuedSynchronizer.java:2078)
        at java.util.concurrent.LinkedBlockingQueue.poll(LinkedBlockingQueue.java:467)
        at org.apache.hadoop.ipc.CallQueueManager.take(CallQueueManager.java:317)
        at org.apache.hadoop.ipc.Server$Handler.run(Server.java:3014)
"d25dc3b0-28fc-4383-b1a0-617845025f41-ChunkWriter-0-0" daemon prio=5 tid=755 in Object.wait()
java.lang.Thread.State: WAITING (on object monitor)
        at sun.misc.Unsafe.park(Native Method)
        at java.util.concurrent.locks.LockSupport.park(LockSupport.java:175)
        at java.util.concurrent.locks.AbstractQueuedSynchronizer$ConditionObject.await(AbstractQueuedSynchronizer.java:2039)
        at java.util.concurrent.LinkedBlockingDeque.takeFirst(LinkedBlockingDeque.java:492)
        at java.util.concurrent.LinkedBlockingDeque.take(LinkedBlockingDeque.java:680)
        at java.util.concurrent.ThreadPoolExecutor.getTask(ThreadPoolExecutor.java:1074)
        at java.util.concurrent.ThreadPoolExecutor.runWorker(ThreadPoolExecutor.java:1134)
        at java.util.concurrent.ThreadPoolExecutor$Worker.run(ThreadPoolExecutor.java:624)
        at java.lang.Thread.run(Thread.java:750)
"IPC Server handler 44 on default port 15002" daemon prio=5 tid=298 timed_waiting
java.lang.Thread.State: TIMED_WAITING
        at sun.misc.Unsafe.park(Native Method)
        at java.util.concurrent.locks.LockSupport.parkNanos(LockSupport.java:215)
        at java.util.concurrent.locks.AbstractQueuedSynchronizer$ConditionObject.awaitNanos(AbstractQueuedSynchronizer.java:2078)
        at java.util.concurrent.LinkedBlockingQueue.poll(LinkedBlockingQueue.java:467)
        at org.apache.hadoop.ipc.CallQueueManager.take(CallQueueManager.java:317)
        at org.apache.hadoop.ipc.Server$Handler.run(Server.java:3014)
"c30fedce-f286-40e0-881d-3d5a9a6e2463-server-thread3" daemon prio=5 tid=2203 timed_waiting
java.lang.Thread.State: TIMED_WAITING
        at sun.misc.Unsafe.park(Native Method)
        at java.util.concurrent.locks.LockSupport.parkNanos(LockSupport.java:215)
        at java.util.concurrent.SynchronousQueue$TransferStack.awaitFulfill(SynchronousQueue.java:460)
        at java.util.concurrent.SynchronousQueue$TransferStack.transfer(SynchronousQueue.java:362)
        at java.util.concurrent.SynchronousQueue.poll(SynchronousQueue.java:941)
        at java.util.concurrent.ThreadPoolExecutor.getTask(ThreadPoolExecutor.java:1073)
        at java.util.concurrent.ThreadPoolExecutor.runWorker(ThreadPoolExecutor.java:1134)
        at java.util.concurrent.ThreadPoolExecutor$Worker.run(ThreadPoolExecutor.java:624)
        at java.lang.Thread.run(Thread.java:750)
"d25dc3b0-28fc-4383-b1a0-617845025f41@group-8820B9A2DC65->78f89d9b-e409-4704-890b-bfcfbcdfd28a-GrpcLogAppender-LogAppenderDaemon" daemon prio=5 tid=1838 timed_waiting
java.lang.Thread.State: TIMED_WAITING
        at sun.misc.Unsafe.park(Native Method)
        at java.util.concurrent.locks.LockSupport.parkNanos(LockSupport.java:215)
        at java.util.concurrent.locks.AbstractQueuedSynchronizer$ConditionObject.await(AbstractQueuedSynchronizer.java:2163)
        at org.apache.ratis.util.AwaitForSignal.await(AwaitForSignal.java:65)
        at org.apache.ratis.grpc.server.GrpcLogAppender.mayWait(GrpcLogAppender.java:286)
        at org.apache.ratis.grpc.server.GrpcLogAppender.run(GrpcLogAppender.java:254)
        at org.apache.ratis.server.leader.LogAppenderDaemon.run(LogAppenderDaemon.java:80)
        at org.apache.ratis.server.leader.LogAppenderDaemon$$Lambda$1370/616798254.run(Unknown Source)
        at java.lang.Thread.run(Thread.java:750)
"86ab988c-fa9c-425d-a1c6-9004ff7fd93d-ChunkReader-7" daemon prio=5 tid=2016 in Object.wait()
java.lang.Thread.State: WAITING (on object monitor)
        at sun.misc.Unsafe.park(Native Method)
        at java.util.concurrent.locks.LockSupport.park(LockSupport.java:175)
        at java.util.concurrent.locks.AbstractQueuedSynchronizer$ConditionObject.await(AbstractQueuedSynchronizer.java:2039)
        at java.util.concurrent.LinkedBlockingQueue.take(LinkedBlockingQueue.java:442)
        at java.util.concurrent.ThreadPoolExecutor.getTask(ThreadPoolExecutor.java:1074)
        at java.util.concurrent.ThreadPoolExecutor.runWorker(ThreadPoolExecutor.java:1134)
        at java.util.concurrent.ThreadPoolExecutor$Worker.run(ThreadPoolExecutor.java:624)
        at java.lang.Thread.run(Thread.java:750)
"923be64f-71f4-4891-b05d-82ff5a9df5b5-CloseContainerThread-1"  prio=5 tid=1989 in Object.wait()
java.lang.Thread.State: WAITING (on object monitor)
        at sun.misc.Unsafe.park(Native Method)
        at java.util.concurrent.locks.LockSupport.park(LockSupport.java:175)
        at java.util.concurrent.locks.AbstractQueuedSynchronizer$ConditionObject.await(AbstractQueuedSynchronizer.java:2039)
        at java.util.concurrent.LinkedBlockingQueue.take(LinkedBlockingQueue.java:442)
        at java.util.concurrent.ThreadPoolExecutor.getTask(ThreadPoolExecutor.java:1074)
        at java.util.concurrent.ThreadPoolExecutor.runWorker(ThreadPoolExecutor.java:1134)
        at java.util.concurrent.ThreadPoolExecutor$Worker.run(ThreadPoolExecutor.java:624)
        at java.lang.Thread.run(Thread.java:750)
"c30fedce-f286-40e0-881d-3d5a9a6e2463-BlockDeletingService#0" daemon prio=5 tid=825 timed_waiting
java.lang.Thread.State: TIMED_WAITING
        at sun.misc.Unsafe.park(Native Method)
        at java.util.concurrent.locks.LockSupport.parkNanos(LockSupport.java:215)
        at java.util.concurrent.locks.AbstractQueuedSynchronizer$ConditionObject.awaitNanos(AbstractQueuedSynchronizer.java:2078)
        at java.util.concurrent.ScheduledThreadPoolExecutor$DelayedWorkQueue.take(ScheduledThreadPoolExecutor.java:1093)
        at java.util.concurrent.ScheduledThreadPoolExecutor$DelayedWorkQueue.take(ScheduledThreadPoolExecutor.java:809)
        at java.util.concurrent.ThreadPoolExecutor.getTask(ThreadPoolExecutor.java:1074)
        at java.util.concurrent.ThreadPoolExecutor.runWorker(ThreadPoolExecutor.java:1134)
        at java.util.concurrent.ThreadPoolExecutor$Worker.run(ThreadPoolExecutor.java:624)
        at java.lang.Thread.run(Thread.java:750)
"qtp751996498-615" daemon prio=5 tid=615 timed_waiting
java.lang.Thread.State: TIMED_WAITING
        at sun.misc.Unsafe.park(Native Method)
        at java.util.concurrent.locks.LockSupport.parkNanos(LockSupport.java:215)
        at java.util.concurrent.locks.AbstractQueuedSynchronizer$ConditionObject.awaitNanos(AbstractQueuedSynchronizer.java:2078)
        at org.eclipse.jetty.util.BlockingArrayQueue.poll(BlockingArrayQueue.java:382)
        at org.eclipse.jetty.util.thread.QueuedThreadPool$Runner.idleJobPoll(QueuedThreadPool.java:974)
        at org.eclipse.jetty.util.thread.QueuedThreadPool$Runner.run(QueuedThreadPool.java:1018)
        at java.lang.Thread.run(Thread.java:750)
"dc26353c-d48a-467d-89cd-3a7c4b626396@group-F1C03574D52D-cacheEviction-AwaitToRun" daemon prio=5 tid=949 in Object.wait()
java.lang.Thread.State: WAITING (on object monitor)
        at sun.misc.Unsafe.park(Native Method)
        at java.util.concurrent.locks.LockSupport.park(LockSupport.java:175)
        at java.util.concurrent.locks.AbstractQueuedSynchronizer$ConditionObject.await(AbstractQueuedSynchronizer.java:2039)
        at org.apache.ratis.util.AwaitForSignal.await(AwaitForSignal.java:48)
        at org.apache.ratis.util.AwaitToRun$RunnableImpl.run(AwaitToRun.java:47)
        at java.lang.Thread.run(Thread.java:750)
"78f89d9b-e409-4704-890b-bfcfbcdfd28a-DatanodeReportManager-1" daemon prio=5 tid=681 in Object.wait()
java.lang.Thread.State: WAITING (on object monitor)
        at sun.misc.Unsafe.park(Native Method)
        at java.util.concurrent.locks.LockSupport.park(LockSupport.java:175)
        at java.util.concurrent.locks.AbstractQueuedSynchronizer$ConditionObject.await(AbstractQueuedSynchronizer.java:2039)
        at java.util.concurrent.ScheduledThreadPoolExecutor$DelayedWorkQueue.take(ScheduledThreadPoolExecutor.java:1088)
        at java.util.concurrent.ScheduledThreadPoolExecutor$DelayedWorkQueue.take(ScheduledThreadPoolExecutor.java:809)
        at java.util.concurrent.ThreadPoolExecutor.getTask(ThreadPoolExecutor.java:1074)
        at java.util.concurrent.ThreadPoolExecutor.runWorker(ThreadPoolExecutor.java:1134)
        at java.util.concurrent.ThreadPoolExecutor$Worker.run(ThreadPoolExecutor.java:624)
        at java.lang.Thread.run(Thread.java:750)
"qtp1920737969-669" daemon prio=5 tid=669 timed_waiting
java.lang.Thread.State: TIMED_WAITING
        at sun.misc.Unsafe.park(Native Method)
        at java.util.concurrent.locks.LockSupport.parkNanos(LockSupport.java:215)
        at java.util.concurrent.locks.AbstractQueuedSynchronizer$ConditionObject.awaitNanos(AbstractQueuedSynchronizer.java:2078)
        at org.eclipse.jetty.util.BlockingArrayQueue.poll(BlockingArrayQueue.java:382)
        at org.eclipse.jetty.util.thread.QueuedThreadPool$Runner.idleJobPoll(QueuedThreadPool.java:974)
        at org.eclipse.jetty.util.thread.QueuedThreadPool$Runner.run(QueuedThreadPool.java:1018)
        at java.lang.Thread.run(Thread.java:750)
"IPC Server handler 25 on default port 15000" daemon prio=5 tid=79 timed_waiting
java.lang.Thread.State: TIMED_WAITING
        at sun.misc.Unsafe.park(Native Method)
        at java.util.concurrent.locks.LockSupport.parkNanos(LockSupport.java:215)
        at java.util.concurrent.locks.AbstractQueuedSynchronizer$ConditionObject.awaitNanos(AbstractQueuedSynchronizer.java:2078)
        at java.util.concurrent.LinkedBlockingQueue.poll(LinkedBlockingQueue.java:467)
        at org.apache.hadoop.ipc.CallQueueManager.take(CallQueueManager.java:317)
        at org.apache.hadoop.ipc.Server$Handler.run(Server.java:3014)
"StaleRecoveringContainerScrubbingService#8" daemon prio=5 tid=2388 in Object.wait()
java.lang.Thread.State: WAITING (on object monitor)
        at sun.misc.Unsafe.park(Native Method)
        at java.util.concurrent.locks.LockSupport.park(LockSupport.java:175)
        at java.util.concurrent.locks.AbstractQueuedSynchronizer$ConditionObject.await(AbstractQueuedSynchronizer.java:2039)
        at java.util.concurrent.ScheduledThreadPoolExecutor$DelayedWorkQueue.take(ScheduledThreadPoolExecutor.java:1088)
        at java.util.concurrent.ScheduledThreadPoolExecutor$DelayedWorkQueue.take(ScheduledThreadPoolExecutor.java:809)
        at java.util.concurrent.ThreadPoolExecutor.getTask(ThreadPoolExecutor.java:1074)
        at java.util.concurrent.ThreadPoolExecutor.runWorker(ThreadPoolExecutor.java:1134)
        at java.util.concurrent.ThreadPoolExecutor$Worker.run(ThreadPoolExecutor.java:624)
        at java.lang.Thread.run(Thread.java:750)
"ExpiredContainerReplicaOpScrubber" daemon prio=5 tid=22 timed_waiting
java.lang.Thread.State: TIMED_WAITING
        at java.lang.Object.wait(Native Method)
        at org.apache.hadoop.hdds.scm.ha.BackgroundSCMService.run(BackgroundSCMService.java:107)
        at org.apache.hadoop.hdds.scm.ha.BackgroundSCMService$$Lambda$488/415928951.run(Unknown Source)
        at java.lang.Thread.run(Thread.java:750)
"IPC Server Responder" daemon prio=5 tid=704 runnable
java.lang.Thread.State: RUNNABLE
        at sun.nio.ch.EPollArrayWrapper.epollWait(Native Method)
        at sun.nio.ch.EPollArrayWrapper.poll(EPollArrayWrapper.java:269)
        at sun.nio.ch.EPollSelectorImpl.doSelect(EPollSelectorImpl.java:93)
        at sun.nio.ch.SelectorImpl.lockAndDoSelect(SelectorImpl.java:86)
        at sun.nio.ch.SelectorImpl.select(SelectorImpl.java:97)
        at org.apache.hadoop.ipc.Server$Responder.doRunLoop(Server.java:1582)
        at org.apache.hadoop.ipc.Server$Responder.run(Server.java:1565)
"4e8f68d6-fd98-4f77-87e3-715939181693-BlockDeletingService#3" daemon prio=5 tid=2413 in Object.wait()
java.lang.Thread.State: WAITING (on object monitor)
        at sun.misc.Unsafe.park(Native Method)
        at java.util.concurrent.locks.LockSupport.park(LockSupport.java:175)
        at java.util.concurrent.locks.AbstractQueuedSynchronizer$ConditionObject.await(AbstractQueuedSynchronizer.java:2039)
        at java.util.concurrent.ScheduledThreadPoolExecutor$DelayedWorkQueue.take(ScheduledThreadPoolExecutor.java:1088)
        at java.util.concurrent.ScheduledThreadPoolExecutor$DelayedWorkQueue.take(ScheduledThreadPoolExecutor.java:809)
        at java.util.concurrent.ThreadPoolExecutor.getTask(ThreadPoolExecutor.java:1074)
        at java.util.concurrent.ThreadPoolExecutor.runWorker(ThreadPoolExecutor.java:1134)
        at java.util.concurrent.ThreadPoolExecutor$Worker.run(ThreadPoolExecutor.java:624)
        at java.lang.Thread.run(Thread.java:750)
"IPC Server handler 96 on default port 15000" daemon prio=5 tid=150 timed_waiting
java.lang.Thread.State: TIMED_WAITING
        at sun.misc.Unsafe.park(Native Method)
        at java.util.concurrent.locks.LockSupport.parkNanos(LockSupport.java:215)
        at java.util.concurrent.locks.AbstractQueuedSynchronizer$ConditionObject.awaitNanos(AbstractQueuedSynchronizer.java:2078)
        at java.util.concurrent.LinkedBlockingQueue.poll(LinkedBlockingQueue.java:467)
        at org.apache.hadoop.ipc.CallQueueManager.take(CallQueueManager.java:317)
        at org.apache.hadoop.ipc.Server$Handler.run(Server.java:3014)
"dc26353c-d48a-467d-89cd-3a7c4b626396-server-thread2" daemon prio=5 tid=1521 timed_waiting
java.lang.Thread.State: TIMED_WAITING
        at sun.misc.Unsafe.park(Native Method)
        at java.util.concurrent.locks.LockSupport.parkNanos(LockSupport.java:215)
        at java.util.concurrent.SynchronousQueue$TransferStack.awaitFulfill(SynchronousQueue.java:460)
        at java.util.concurrent.SynchronousQueue$TransferStack.transfer(SynchronousQueue.java:362)
        at java.util.concurrent.SynchronousQueue.poll(SynchronousQueue.java:941)
        at java.util.concurrent.ThreadPoolExecutor.getTask(ThreadPoolExecutor.java:1073)
        at java.util.concurrent.ThreadPoolExecutor.runWorker(ThreadPoolExecutor.java:1134)
        at java.util.concurrent.ThreadPoolExecutor$Worker.run(ThreadPoolExecutor.java:624)
        at java.lang.Thread.run(Thread.java:750)
"13f92446-3b18-4d81-bc66-0f9b00220e72@group-68F6D74661CE->c30fedce-f286-40e0-881d-3d5a9a6e2463-GrpcLogAppender-LogAppenderDaemon" daemon prio=5 tid=2198 timed_waiting
java.lang.Thread.State: TIMED_WAITING
        at sun.misc.Unsafe.park(Native Method)
        at java.util.concurrent.locks.LockSupport.parkNanos(LockSupport.java:215)
        at java.util.concurrent.locks.AbstractQueuedSynchronizer$ConditionObject.await(AbstractQueuedSynchronizer.java:2163)
        at org.apache.ratis.util.AwaitForSignal.await(AwaitForSignal.java:65)
        at org.apache.ratis.grpc.server.GrpcLogAppender.mayWait(GrpcLogAppender.java:286)
        at org.apache.ratis.grpc.server.GrpcLogAppender.run(GrpcLogAppender.java:254)
        at org.apache.ratis.server.leader.LogAppenderDaemon.run(LogAppenderDaemon.java:80)
        at org.apache.ratis.server.leader.LogAppenderDaemon$$Lambda$1370/616798254.run(Unknown Source)
        at java.lang.Thread.run(Thread.java:750)
"78f89d9b-e409-4704-890b-bfcfbcdfd28a-ec-reconstruct-reader-TID-0"  prio=5 tid=2020 in Object.wait()
java.lang.Thread.State: WAITING (on object monitor)
        at sun.misc.Unsafe.park(Native Method)
        at java.util.concurrent.locks.LockSupport.park(LockSupport.java:175)
        at java.util.concurrent.SynchronousQueue$TransferStack.awaitFulfill(SynchronousQueue.java:458)
        at java.util.concurrent.SynchronousQueue$TransferStack.transfer(SynchronousQueue.java:362)
        at java.util.concurrent.SynchronousQueue.take(SynchronousQueue.java:924)
        at java.util.concurrent.ThreadPoolExecutor.getTask(ThreadPoolExecutor.java:1074)
        at java.util.concurrent.ThreadPoolExecutor.runWorker(ThreadPoolExecutor.java:1134)
        at java.util.concurrent.ThreadPoolExecutor$Worker.run(ThreadPoolExecutor.java:624)
        at java.lang.Thread.run(Thread.java:750)
"qtp480886755-498" daemon prio=5 tid=498 timed_waiting
java.lang.Thread.State: TIMED_WAITING
        at sun.misc.Unsafe.park(Native Method)
        at java.util.concurrent.locks.LockSupport.parkNanos(LockSupport.java:215)
        at java.util.concurrent.locks.AbstractQueuedSynchronizer$ConditionObject.awaitNanos(AbstractQueuedSynchronizer.java:2078)
        at org.eclipse.jetty.util.BlockingArrayQueue.poll(BlockingArrayQueue.java:382)
        at org.eclipse.jetty.util.thread.QueuedThreadPool$Runner.idleJobPoll(QueuedThreadPool.java:974)
        at org.eclipse.jetty.util.thread.QueuedThreadPool$Runner.run(QueuedThreadPool.java:1018)
        at java.lang.Thread.run(Thread.java:750)
"IPC Server handler 62 on default port 15001" daemon prio=5 tid=216 timed_waiting
java.lang.Thread.State: TIMED_WAITING
        at sun.misc.Unsafe.park(Native Method)
        at java.util.concurrent.locks.LockSupport.parkNanos(LockSupport.java:215)
        at java.util.concurrent.locks.AbstractQueuedSynchronizer$ConditionObject.awaitNanos(AbstractQueuedSynchronizer.java:2078)
        at java.util.concurrent.LinkedBlockingQueue.poll(LinkedBlockingQueue.java:467)
        at org.apache.hadoop.ipc.CallQueueManager.take(CallQueueManager.java:317)
        at org.apache.hadoop.ipc.Server$Handler.run(Server.java:3014)
"86ab988c-fa9c-425d-a1c6-9004ff7fd93d@group-83D984655C73-cacheEviction-AwaitToRun" daemon prio=5 tid=1111 in Object.wait()
java.lang.Thread.State: WAITING (on object monitor)
        at sun.misc.Unsafe.park(Native Method)
        at java.util.concurrent.locks.LockSupport.park(LockSupport.java:175)
        at java.util.concurrent.locks.AbstractQueuedSynchronizer$ConditionObject.await(AbstractQueuedSynchronizer.java:2039)
        at org.apache.ratis.util.AwaitForSignal.await(AwaitForSignal.java:48)
        at org.apache.ratis.util.AwaitToRun$RunnableImpl.run(AwaitToRun.java:47)
        at java.lang.Thread.run(Thread.java:750)
"IPC Server handler 94 on default port 15000" daemon prio=5 tid=148 timed_waiting
java.lang.Thread.State: TIMED_WAITING
        at sun.misc.Unsafe.park(Native Method)
        at java.util.concurrent.locks.LockSupport.parkNanos(LockSupport.java:215)
        at java.util.concurrent.locks.AbstractQueuedSynchronizer$ConditionObject.awaitNanos(AbstractQueuedSynchronizer.java:2078)
        at java.util.concurrent.LinkedBlockingQueue.poll(LinkedBlockingQueue.java:467)
        at org.apache.hadoop.ipc.CallQueueManager.take(CallQueueManager.java:317)
        at org.apache.hadoop.ipc.Server$Handler.run(Server.java:3014)
"Session-HouseKeeper-24c94e95-1"  prio=5 tid=366 timed_waiting
java.lang.Thread.State: TIMED_WAITING
        at sun.misc.Unsafe.park(Native Method)
        at java.util.concurrent.locks.LockSupport.parkNanos(LockSupport.java:215)
        at java.util.concurrent.locks.AbstractQueuedSynchronizer$ConditionObject.awaitNanos(AbstractQueuedSynchronizer.java:2078)
        at java.util.concurrent.ScheduledThreadPoolExecutor$DelayedWorkQueue.take(ScheduledThreadPoolExecutor.java:1093)
        at java.util.concurrent.ScheduledThreadPoolExecutor$DelayedWorkQueue.take(ScheduledThreadPoolExecutor.java:809)
        at java.util.concurrent.ThreadPoolExecutor.getTask(ThreadPoolExecutor.java:1074)
        at java.util.concurrent.ThreadPoolExecutor.runWorker(ThreadPoolExecutor.java:1134)
        at java.util.concurrent.ThreadPoolExecutor$Worker.run(ThreadPoolExecutor.java:624)
        at java.lang.Thread.run(Thread.java:750)
"qtp480886755-501" daemon prio=5 tid=501 timed_waiting
java.lang.Thread.State: TIMED_WAITING
        at sun.misc.Unsafe.park(Native Method)
        at java.util.concurrent.locks.LockSupport.parkNanos(LockSupport.java:215)
        at java.util.concurrent.locks.AbstractQueuedSynchronizer$ConditionObject.awaitNanos(AbstractQueuedSynchronizer.java:2078)
        at org.eclipse.jetty.util.BlockingArrayQueue.poll(BlockingArrayQueue.java:382)
        at org.eclipse.jetty.util.thread.QueuedThreadPool$Runner.idleJobPoll(QueuedThreadPool.java:974)
        at org.eclipse.jetty.util.thread.QueuedThreadPool$Runner.run(QueuedThreadPool.java:1018)
        at java.lang.Thread.run(Thread.java:750)
"qtp122073438-2051" daemon prio=5 tid=2051 timed_waiting
java.lang.Thread.State: TIMED_WAITING
        at sun.misc.Unsafe.park(Native Method)
        at java.util.concurrent.locks.LockSupport.parkNanos(LockSupport.java:215)
        at java.util.concurrent.locks.AbstractQueuedSynchronizer$ConditionObject.awaitNanos(AbstractQueuedSynchronizer.java:2078)
        at org.eclipse.jetty.util.BlockingArrayQueue.poll(BlockingArrayQueue.java:382)
        at org.eclipse.jetty.util.thread.QueuedThreadPool$Runner.idleJobPoll(QueuedThreadPool.java:974)
        at org.eclipse.jetty.util.thread.QueuedThreadPool$Runner.run(QueuedThreadPool.java:1018)
        at java.lang.Thread.run(Thread.java:750)
"78f89d9b-e409-4704-890b-bfcfbcdfd28a-BlockDeletingService#3" daemon prio=5 tid=2417 in Object.wait()
java.lang.Thread.State: WAITING (on object monitor)
        at sun.misc.Unsafe.park(Native Method)
        at java.util.concurrent.locks.LockSupport.park(LockSupport.java:175)
        at java.util.concurrent.locks.AbstractQueuedSynchronizer$ConditionObject.await(AbstractQueuedSynchronizer.java:2039)
        at java.util.concurrent.ScheduledThreadPoolExecutor$DelayedWorkQueue.take(ScheduledThreadPoolExecutor.java:1088)
        at java.util.concurrent.ScheduledThreadPoolExecutor$DelayedWorkQueue.take(ScheduledThreadPoolExecutor.java:809)
        at java.util.concurrent.ThreadPoolExecutor.getTask(ThreadPoolExecutor.java:1074)
        at java.util.concurrent.ThreadPoolExecutor.runWorker(ThreadPoolExecutor.java:1134)
        at java.util.concurrent.ThreadPoolExecutor$Worker.run(ThreadPoolExecutor.java:624)
        at java.lang.Thread.run(Thread.java:750)
"JvmPauseMonitor6" daemon prio=5 tid=791 timed_waiting
java.lang.Thread.State: TIMED_WAITING
        at java.lang.Thread.sleep(Native Method)
        at java.lang.Thread.sleep(Thread.java:342)
        at java.util.concurrent.TimeUnit.sleep(TimeUnit.java:386)
        at org.apache.ratis.util.TimeDuration.sleep(TimeDuration.java:353)
        at org.apache.ratis.util.TimeDuration.sleep(TimeDuration.java:338)
        at org.apache.ratis.util.JvmPauseMonitor.detectPause(JvmPauseMonitor.java:160)
        at org.apache.ratis.util.JvmPauseMonitor.run(JvmPauseMonitor.java:149)
        at org.apache.ratis.util.JvmPauseMonitor$$Lambda$549/1343642221.run(Unknown Source)
        at java.lang.Thread.run(Thread.java:750)
"IPC Server handler 65 on default port 15000" daemon prio=5 tid=119 timed_waiting
java.lang.Thread.State: TIMED_WAITING
        at sun.misc.Unsafe.park(Native Method)
        at java.util.concurrent.locks.LockSupport.parkNanos(LockSupport.java:215)
        at java.util.concurrent.locks.AbstractQueuedSynchronizer$ConditionObject.awaitNanos(AbstractQueuedSynchronizer.java:2078)
        at java.util.concurrent.LinkedBlockingQueue.poll(LinkedBlockingQueue.java:467)
        at org.apache.hadoop.ipc.CallQueueManager.take(CallQueueManager.java:317)
        at org.apache.hadoop.ipc.Server$Handler.run(Server.java:3014)
"EventQueue-PipelineReportForOneReplicaPipelineSafeModeRule" daemon prio=5 tid=881 in Object.wait()
java.lang.Thread.State: WAITING (on object monitor)
        at sun.misc.Unsafe.park(Native Method)
        at java.util.concurrent.locks.LockSupport.park(LockSupport.java:175)
        at java.util.concurrent.locks.AbstractQueuedSynchronizer$ConditionObject.await(AbstractQueuedSynchronizer.java:2039)
        at java.util.concurrent.LinkedBlockingQueue.take(LinkedBlockingQueue.java:442)
        at java.util.concurrent.ThreadPoolExecutor.getTask(ThreadPoolExecutor.java:1074)
        at java.util.concurrent.ThreadPoolExecutor.runWorker(ThreadPoolExecutor.java:1134)
        at java.util.concurrent.ThreadPoolExecutor$Worker.run(ThreadPoolExecutor.java:624)
        at java.lang.Thread.run(Thread.java:750)
"86ab988c-fa9c-425d-a1c6-9004ff7fd93d@group-1944BBB8D763->e46a6e51-795f-4801-a523-c45a6c7f2c34-GrpcLogAppender-LogAppenderDaemon" daemon prio=5 tid=1837 timed_waiting
java.lang.Thread.State: TIMED_WAITING
        at sun.misc.Unsafe.park(Native Method)
        at java.util.concurrent.locks.LockSupport.parkNanos(LockSupport.java:215)
        at java.util.concurrent.locks.AbstractQueuedSynchronizer$ConditionObject.await(AbstractQueuedSynchronizer.java:2163)
        at org.apache.ratis.util.AwaitForSignal.await(AwaitForSignal.java:65)
        at org.apache.ratis.grpc.server.GrpcLogAppender.mayWait(GrpcLogAppender.java:286)
        at org.apache.ratis.grpc.server.GrpcLogAppender.run(GrpcLogAppender.java:254)
        at org.apache.ratis.server.leader.LogAppenderDaemon.run(LogAppenderDaemon.java:80)
        at org.apache.ratis.server.leader.LogAppenderDaemon$$Lambda$1370/616798254.run(Unknown Source)
        at java.lang.Thread.run(Thread.java:750)
"qtp124466405-406" daemon prio=5 tid=406 timed_waiting
java.lang.Thread.State: TIMED_WAITING
        at sun.misc.Unsafe.park(Native Method)
        at java.util.concurrent.locks.LockSupport.parkNanos(LockSupport.java:215)
        at java.util.concurrent.locks.AbstractQueuedSynchronizer$ConditionObject.awaitNanos(AbstractQueuedSynchronizer.java:2078)
        at org.eclipse.jetty.util.BlockingArrayQueue.poll(BlockingArrayQueue.java:382)
        at org.eclipse.jetty.util.thread.QueuedThreadPool$Runner.idleJobPoll(QueuedThreadPool.java:974)
        at org.eclipse.jetty.util.thread.QueuedThreadPool$Runner.run(QueuedThreadPool.java:1018)
        at java.lang.Thread.run(Thread.java:750)
"86ab988c-fa9c-425d-a1c6-9004ff7fd93d@group-5C1807567017-cacheEviction-AwaitToRun" daemon prio=5 tid=2125 in Object.wait()
java.lang.Thread.State: WAITING (on object monitor)
        at sun.misc.Unsafe.park(Native Method)
        at java.util.concurrent.locks.LockSupport.park(LockSupport.java:175)
        at java.util.concurrent.locks.AbstractQueuedSynchronizer$ConditionObject.await(AbstractQueuedSynchronizer.java:2039)
        at org.apache.ratis.util.AwaitForSignal.await(AwaitForSignal.java:48)
        at org.apache.ratis.util.AwaitToRun$RunnableImpl.run(AwaitToRun.java:47)
        at java.lang.Thread.run(Thread.java:750)
"StaleRecoveringContainerScrubbingService#2" daemon prio=5 tid=1562 in Object.wait()
java.lang.Thread.State: WAITING (on object monitor)
        at sun.misc.Unsafe.park(Native Method)
        at java.util.concurrent.locks.LockSupport.park(LockSupport.java:175)
        at java.util.concurrent.locks.AbstractQueuedSynchronizer$ConditionObject.await(AbstractQueuedSynchronizer.java:2039)
        at java.util.concurrent.ScheduledThreadPoolExecutor$DelayedWorkQueue.take(ScheduledThreadPoolExecutor.java:1088)
        at java.util.concurrent.ScheduledThreadPoolExecutor$DelayedWorkQueue.take(ScheduledThreadPoolExecutor.java:809)
        at java.util.concurrent.ThreadPoolExecutor.getTask(ThreadPoolExecutor.java:1074)
        at java.util.concurrent.ThreadPoolExecutor.runWorker(ThreadPoolExecutor.java:1134)
        at java.util.concurrent.ThreadPoolExecutor$Worker.run(ThreadPoolExecutor.java:624)
        at java.lang.Thread.run(Thread.java:750)
"86ab988c-fa9c-425d-a1c6-9004ff7fd93d@group-1944BBB8D763-StateMachineUpdater" daemon prio=5 tid=1231 timed_waiting
java.lang.Thread.State: TIMED_WAITING
        at sun.misc.Unsafe.park(Native Method)
        at java.util.concurrent.locks.LockSupport.parkNanos(LockSupport.java:215)
        at java.util.concurrent.locks.AbstractQueuedSynchronizer$ConditionObject.await(AbstractQueuedSynchronizer.java:2163)
        at org.apache.ratis.util.AwaitForSignal.await(AwaitForSignal.java:65)
        at org.apache.ratis.server.impl.StateMachineUpdater.waitForCommit(StateMachineUpdater.java:211)
        at org.apache.ratis.server.impl.StateMachineUpdater.run(StateMachineUpdater.java:180)
        at java.lang.Thread.run(Thread.java:750)
"e46a6e51-795f-4801-a523-c45a6c7f2c34@group-1944BBB8D763-cacheEviction-AwaitToRun" daemon prio=5 tid=1243 in Object.wait()
java.lang.Thread.State: WAITING (on object monitor)
        at sun.misc.Unsafe.park(Native Method)
        at java.util.concurrent.locks.LockSupport.park(LockSupport.java:175)
        at java.util.concurrent.locks.AbstractQueuedSynchronizer$ConditionObject.await(AbstractQueuedSynchronizer.java:2039)
        at org.apache.ratis.util.AwaitForSignal.await(AwaitForSignal.java:48)
        at org.apache.ratis.util.AwaitToRun$RunnableImpl.run(AwaitToRun.java:47)
        at java.lang.Thread.run(Thread.java:750)
"e46a6e51-795f-4801-a523-c45a6c7f2c34@group-C11F3E838557->4e8f68d6-fd98-4f77-87e3-715939181693-GrpcLogAppender-LogAppenderDaemon" daemon prio=5 tid=1960 timed_waiting
java.lang.Thread.State: TIMED_WAITING
        at sun.misc.Unsafe.park(Native Method)
        at java.util.concurrent.locks.LockSupport.parkNanos(LockSupport.java:215)
        at java.util.concurrent.locks.AbstractQueuedSynchronizer$ConditionObject.await(AbstractQueuedSynchronizer.java:2163)
        at org.apache.ratis.util.AwaitForSignal.await(AwaitForSignal.java:65)
        at org.apache.ratis.grpc.server.GrpcLogAppender.mayWait(GrpcLogAppender.java:286)
        at org.apache.ratis.grpc.server.GrpcLogAppender.run(GrpcLogAppender.java:254)
        at org.apache.ratis.server.leader.LogAppenderDaemon.run(LogAppenderDaemon.java:80)
        at org.apache.ratis.server.leader.LogAppenderDaemon$$Lambda$1370/616798254.run(Unknown Source)
        at java.lang.Thread.run(Thread.java:750)
"c30fedce-f286-40e0-881d-3d5a9a6e2463-server-thread3" daemon prio=5 tid=1938 timed_waiting
java.lang.Thread.State: TIMED_WAITING
        at sun.misc.Unsafe.park(Native Method)
        at java.util.concurrent.locks.LockSupport.parkNanos(LockSupport.java:215)
        at java.util.concurrent.SynchronousQueue$TransferStack.awaitFulfill(SynchronousQueue.java:460)
        at java.util.concurrent.SynchronousQueue$TransferStack.transfer(SynchronousQueue.java:362)
        at java.util.concurrent.SynchronousQueue.poll(SynchronousQueue.java:941)
        at java.util.concurrent.ThreadPoolExecutor.getTask(ThreadPoolExecutor.java:1073)
        at java.util.concurrent.ThreadPoolExecutor.runWorker(ThreadPoolExecutor.java:1134)
        at java.util.concurrent.ThreadPoolExecutor$Worker.run(ThreadPoolExecutor.java:624)
        at java.lang.Thread.run(Thread.java:750)
"IPC Server handler 35 on default port 15000" daemon prio=5 tid=89 timed_waiting
java.lang.Thread.State: TIMED_WAITING
        at sun.misc.Unsafe.park(Native Method)
        at java.util.concurrent.locks.LockSupport.parkNanos(LockSupport.java:215)
        at java.util.concurrent.locks.AbstractQueuedSynchronizer$ConditionObject.awaitNanos(AbstractQueuedSynchronizer.java:2078)
        at java.util.concurrent.LinkedBlockingQueue.poll(LinkedBlockingQueue.java:467)
        at org.apache.hadoop.ipc.CallQueueManager.take(CallQueueManager.java:317)
        at org.apache.hadoop.ipc.Server$Handler.run(Server.java:3014)
"4e8f68d6-fd98-4f77-87e3-715939181693@group-8820B9A2DC65-SegmentedRaftLogWorker"  prio=5 tid=1166 timed_waiting
java.lang.Thread.State: TIMED_WAITING
        at sun.misc.Unsafe.park(Native Method)
        at java.util.concurrent.locks.LockSupport.parkNanos(LockSupport.java:215)
        at java.util.concurrent.locks.AbstractQueuedSynchronizer$ConditionObject.awaitNanos(AbstractQueuedSynchronizer.java:2078)
        at org.apache.ratis.util.DataBlockingQueue.poll(DataBlockingQueue.java:148)
        at org.apache.ratis.server.raftlog.segmented.SegmentedRaftLogWorker.run(SegmentedRaftLogWorker.java:299)
        at org.apache.ratis.server.raftlog.segmented.SegmentedRaftLogWorker$$Lambda$913/1052546256.run(Unknown Source)
        at java.util.concurrent.Executors$RunnableAdapter.call(Executors.java:511)
        at java.util.concurrent.FutureTask.run(FutureTask.java:266)
        at java.util.concurrent.ThreadPoolExecutor.runWorker(ThreadPoolExecutor.java:1149)
        at java.util.concurrent.ThreadPoolExecutor$Worker.run(ThreadPoolExecutor.java:624)
        at java.lang.Thread.run(Thread.java:750)
"IPC Server handler 57 on default port 15001" daemon prio=5 tid=211 timed_waiting
java.lang.Thread.State: TIMED_WAITING
        at sun.misc.Unsafe.park(Native Method)
        at java.util.concurrent.locks.LockSupport.parkNanos(LockSupport.java:215)
        at java.util.concurrent.locks.AbstractQueuedSynchronizer$ConditionObject.awaitNanos(AbstractQueuedSynchronizer.java:2078)
        at java.util.concurrent.LinkedBlockingQueue.poll(LinkedBlockingQueue.java:467)
        at org.apache.hadoop.ipc.CallQueueManager.take(CallQueueManager.java:317)
        at org.apache.hadoop.ipc.Server$Handler.run(Server.java:3014)
"e780b093-7242-46d7-bd8f-0f810188c7b3-DatanodeStateMachineTaskThread-0"  prio=5 tid=714 in Object.wait()
java.lang.Thread.State: WAITING (on object monitor)
        at sun.misc.Unsafe.park(Native Method)
        at java.util.concurrent.locks.LockSupport.park(LockSupport.java:175)
        at java.util.concurrent.locks.AbstractQueuedSynchronizer$ConditionObject.await(AbstractQueuedSynchronizer.java:2039)
        at java.util.concurrent.LinkedBlockingQueue.take(LinkedBlockingQueue.java:442)
        at java.util.concurrent.ThreadPoolExecutor.getTask(ThreadPoolExecutor.java:1074)
        at java.util.concurrent.ThreadPoolExecutor.runWorker(ThreadPoolExecutor.java:1134)
        at java.util.concurrent.ThreadPoolExecutor$Worker.run(ThreadPoolExecutor.java:624)
        at java.lang.Thread.run(Thread.java:750)
"qtp1377312528-552" daemon prio=5 tid=552 runnable
java.lang.Thread.State: RUNNABLE
        at sun.nio.ch.EPollArrayWrapper.epollWait(Native Method)
        at sun.nio.ch.EPollArrayWrapper.poll(EPollArrayWrapper.java:269)
        at sun.nio.ch.EPollSelectorImpl.doSelect(EPollSelectorImpl.java:93)
        at sun.nio.ch.SelectorImpl.lockAndDoSelect(SelectorImpl.java:86)
        at sun.nio.ch.SelectorImpl.select(SelectorImpl.java:97)
        at sun.nio.ch.SelectorImpl.select(SelectorImpl.java:101)
        at org.eclipse.jetty.io.ManagedSelector.nioSelect(ManagedSelector.java:183)
        at org.eclipse.jetty.io.ManagedSelector.select(ManagedSelector.java:190)
        at org.eclipse.jetty.io.ManagedSelector$SelectorProducer.select(ManagedSelector.java:606)
        at org.eclipse.jetty.io.ManagedSelector$SelectorProducer.produce(ManagedSelector.java:543)
        at org.eclipse.jetty.util.thread.strategy.EatWhatYouKill.produceTask(EatWhatYouKill.java:362)
        at org.eclipse.jetty.util.thread.strategy.EatWhatYouKill.doProduce(EatWhatYouKill.java:186)
        at org.eclipse.jetty.util.thread.strategy.EatWhatYouKill.tryProduce(EatWhatYouKill.java:173)
        at org.eclipse.jetty.util.thread.strategy.EatWhatYouKill.produce(EatWhatYouKill.java:137)
        at org.eclipse.jetty.io.ManagedSelector$$Lambda$589/284576707.run(Unknown Source)
        at org.eclipse.jetty.util.thread.QueuedThreadPool.runJob(QueuedThreadPool.java:883)
        at org.eclipse.jetty.util.thread.QueuedThreadPool$Runner.run(QueuedThreadPool.java:1034)
        at java.lang.Thread.run(Thread.java:750)
"IPC Server idle connection scanner for port 15010" daemon prio=5 tid=449 timed_waiting
java.lang.Thread.State: TIMED_WAITING
        at java.lang.Object.wait(Native Method)
        at java.util.TimerThread.mainLoop(Timer.java:552)
        at java.util.TimerThread.run(Timer.java:505)
"13f92446-3b18-4d81-bc66-0f9b00220e72-ChunkReader-6" daemon prio=5 tid=2372 in Object.wait()
java.lang.Thread.State: WAITING (on object monitor)
        at sun.misc.Unsafe.park(Native Method)
        at java.util.concurrent.locks.LockSupport.park(LockSupport.java:175)
        at java.util.concurrent.locks.AbstractQueuedSynchronizer$ConditionObject.await(AbstractQueuedSynchronizer.java:2039)
        at java.util.concurrent.LinkedBlockingQueue.take(LinkedBlockingQueue.java:442)
        at java.util.concurrent.ThreadPoolExecutor.getTask(ThreadPoolExecutor.java:1074)
        at java.util.concurrent.ThreadPoolExecutor.runWorker(ThreadPoolExecutor.java:1134)
        at java.util.concurrent.ThreadPoolExecutor$Worker.run(ThreadPoolExecutor.java:624)
        at java.lang.Thread.run(Thread.java:750)
"om1-SstFilteringService#0" daemon prio=5 tid=398 timed_waiting
java.lang.Thread.State: TIMED_WAITING
        at sun.misc.Unsafe.park(Native Method)
        at java.util.concurrent.locks.LockSupport.parkNanos(LockSupport.java:215)
        at java.util.concurrent.locks.AbstractQueuedSynchronizer$ConditionObject.awaitNanos(AbstractQueuedSynchronizer.java:2078)
        at java.util.concurrent.ScheduledThreadPoolExecutor$DelayedWorkQueue.take(ScheduledThreadPoolExecutor.java:1093)
        at java.util.concurrent.ScheduledThreadPoolExecutor$DelayedWorkQueue.take(ScheduledThreadPoolExecutor.java:809)
        at java.util.concurrent.ThreadPoolExecutor.getTask(ThreadPoolExecutor.java:1074)
        at java.util.concurrent.ThreadPoolExecutor.runWorker(ThreadPoolExecutor.java:1134)
        at java.util.concurrent.ThreadPoolExecutor$Worker.run(ThreadPoolExecutor.java:624)
        at java.lang.Thread.run(Thread.java:750)
"78f89d9b-e409-4704-890b-bfcfbcdfd28a@group-17BC54520CE5-LeaderStateImpl" daemon prio=5 tid=1931 timed_waiting
java.lang.Thread.State: TIMED_WAITING
        at sun.misc.Unsafe.park(Native Method)
        at java.util.concurrent.locks.LockSupport.parkNanos(LockSupport.java:215)
        at java.util.concurrent.locks.AbstractQueuedSynchronizer$ConditionObject.awaitNanos(AbstractQueuedSynchronizer.java:2078)
        at java.util.concurrent.ArrayBlockingQueue.poll(ArrayBlockingQueue.java:418)
        at org.apache.ratis.server.impl.LeaderStateImpl$EventQueue.poll(LeaderStateImpl.java:164)
        at org.apache.ratis.server.impl.LeaderStateImpl$EventProcessor.run(LeaderStateImpl.java:762)
"EventQueue-NewNodeForNewNodeHandler" daemon prio=5 tid=877 in Object.wait()
java.lang.Thread.State: WAITING (on object monitor)
        at sun.misc.Unsafe.park(Native Method)
        at java.util.concurrent.locks.LockSupport.park(LockSupport.java:175)
        at java.util.concurrent.locks.AbstractQueuedSynchronizer$ConditionObject.await(AbstractQueuedSynchronizer.java:2039)
        at java.util.concurrent.LinkedBlockingQueue.take(LinkedBlockingQueue.java:442)
        at java.util.concurrent.ThreadPoolExecutor.getTask(ThreadPoolExecutor.java:1074)
        at java.util.concurrent.ThreadPoolExecutor.runWorker(ThreadPoolExecutor.java:1134)
        at java.util.concurrent.ThreadPoolExecutor$Worker.run(ThreadPoolExecutor.java:624)
        at java.lang.Thread.run(Thread.java:750)
"e46a6e51-795f-4801-a523-c45a6c7f2c34-DatanodeReportManager-1" daemon prio=5 tid=455 in Object.wait()
java.lang.Thread.State: WAITING (on object monitor)
        at sun.misc.Unsafe.park(Native Method)
        at java.util.concurrent.locks.LockSupport.park(LockSupport.java:175)
        at java.util.concurrent.locks.AbstractQueuedSynchronizer$ConditionObject.await(AbstractQueuedSynchronizer.java:2039)
        at java.util.concurrent.ScheduledThreadPoolExecutor$DelayedWorkQueue.take(ScheduledThreadPoolExecutor.java:1088)
        at java.util.concurrent.ScheduledThreadPoolExecutor$DelayedWorkQueue.take(ScheduledThreadPoolExecutor.java:809)
        at java.util.concurrent.ThreadPoolExecutor.getTask(ThreadPoolExecutor.java:1074)
        at java.util.concurrent.ThreadPoolExecutor.runWorker(ThreadPoolExecutor.java:1134)
        at java.util.concurrent.ThreadPoolExecutor$Worker.run(ThreadPoolExecutor.java:624)
        at java.lang.Thread.run(Thread.java:750)
"FixedThreadPoolWithAffinityExecutor-8-0" daemon prio=5 tid=51 timed_waiting
java.lang.Thread.State: TIMED_WAITING
        at sun.misc.Unsafe.park(Native Method)
        at java.util.concurrent.locks.LockSupport.parkNanos(LockSupport.java:215)
        at java.util.concurrent.locks.AbstractQueuedSynchronizer$ConditionObject.awaitNanos(AbstractQueuedSynchronizer.java:2078)
        at java.util.concurrent.LinkedBlockingQueue.poll(LinkedBlockingQueue.java:467)
        at org.apache.hadoop.hdds.scm.server.ContainerReportQueue.poll(ContainerReportQueue.java:269)
        at org.apache.hadoop.hdds.scm.server.ContainerReportQueue.poll(ContainerReportQueue.java:42)
        at org.apache.hadoop.hdds.server.events.FixedThreadPoolWithAffinityExecutor$ContainerReportProcessTask.run(FixedThreadPoolWithAffinityExecutor.java:253)
        at java.util.concurrent.Executors$RunnableAdapter.call(Executors.java:511)
        at java.util.concurrent.FutureTask.run(FutureTask.java:266)
        at java.util.concurrent.ThreadPoolExecutor.runWorker(ThreadPoolExecutor.java:1149)
        at java.util.concurrent.ThreadPoolExecutor$Worker.run(ThreadPoolExecutor.java:624)
        at java.lang.Thread.run(Thread.java:750)
"86ab988c-fa9c-425d-a1c6-9004ff7fd93d@group-83D984655C73-SegmentedRaftLogWorker" daemon prio=5 tid=1112 timed_waiting
java.lang.Thread.State: TIMED_WAITING
        at sun.misc.Unsafe.park(Native Method)
        at java.util.concurrent.locks.LockSupport.parkNanos(LockSupport.java:215)
        at java.util.concurrent.locks.AbstractQueuedSynchronizer$ConditionObject.awaitNanos(AbstractQueuedSynchronizer.java:2078)
        at org.apache.ratis.util.DataBlockingQueue.poll(DataBlockingQueue.java:148)
        at org.apache.ratis.server.raftlog.segmented.SegmentedRaftLogWorker.run(SegmentedRaftLogWorker.java:299)
        at org.apache.ratis.server.raftlog.segmented.SegmentedRaftLogWorker$$Lambda$913/1052546256.run(Unknown Source)
        at java.util.concurrent.Executors$RunnableAdapter.call(Executors.java:511)
        at java.util.concurrent.FutureTask.run(FutureTask.java:266)
        at java.util.concurrent.ThreadPoolExecutor.runWorker(ThreadPoolExecutor.java:1149)
        at java.util.concurrent.ThreadPoolExecutor$Worker.run(ThreadPoolExecutor.java:624)
        at java.lang.Thread.run(Thread.java:750)
"grpc-default-executor-8" daemon prio=5 tid=1701 timed_waiting
java.lang.Thread.State: TIMED_WAITING
        at sun.misc.Unsafe.park(Native Method)
        at java.util.concurrent.locks.LockSupport.parkNanos(LockSupport.java:215)
        at java.util.concurrent.SynchronousQueue$TransferStack.awaitFulfill(SynchronousQueue.java:460)
        at java.util.concurrent.SynchronousQueue$TransferStack.transfer(SynchronousQueue.java:362)
        at java.util.concurrent.SynchronousQueue.poll(SynchronousQueue.java:941)
        at java.util.concurrent.ThreadPoolExecutor.getTask(ThreadPoolExecutor.java:1073)
        at java.util.concurrent.ThreadPoolExecutor.runWorker(ThreadPoolExecutor.java:1134)
        at java.util.concurrent.ThreadPoolExecutor$Worker.run(ThreadPoolExecutor.java:624)
        at java.lang.Thread.run(Thread.java:750)
"4e8f68d6-fd98-4f77-87e3-715939181693@group-8820B9A2DC65-FollowerState" daemon prio=5 tid=1786 timed_waiting
java.lang.Thread.State: TIMED_WAITING
        at java.lang.Thread.sleep(Native Method)
        at java.lang.Thread.sleep(Thread.java:342)
        at java.util.concurrent.TimeUnit.sleep(TimeUnit.java:386)
        at org.apache.ratis.util.TimeDuration.sleep(TimeDuration.java:353)
        at org.apache.ratis.util.TimeDuration.sleep(TimeDuration.java:338)
        at org.apache.ratis.server.impl.FollowerState.run(FollowerState.java:128)
"d25dc3b0-28fc-4383-b1a0-617845025f41-server-thread3" daemon prio=5 tid=1965 timed_waiting
java.lang.Thread.State: TIMED_WAITING
        at sun.misc.Unsafe.park(Native Method)
        at java.util.concurrent.locks.LockSupport.parkNanos(LockSupport.java:215)
        at java.util.concurrent.SynchronousQueue$TransferStack.awaitFulfill(SynchronousQueue.java:460)
        at java.util.concurrent.SynchronousQueue$TransferStack.transfer(SynchronousQueue.java:362)
        at java.util.concurrent.SynchronousQueue.poll(SynchronousQueue.java:941)
        at java.util.concurrent.ThreadPoolExecutor.getTask(ThreadPoolExecutor.java:1073)
        at java.util.concurrent.ThreadPoolExecutor.runWorker(ThreadPoolExecutor.java:1134)
        at java.util.concurrent.ThreadPoolExecutor$Worker.run(ThreadPoolExecutor.java:624)
        at java.lang.Thread.run(Thread.java:750)
"IPC Server handler 36 on default port 15001" daemon prio=5 tid=190 timed_waiting
java.lang.Thread.State: TIMED_WAITING
        at sun.misc.Unsafe.park(Native Method)
        at java.util.concurrent.locks.LockSupport.parkNanos(LockSupport.java:215)
        at java.util.concurrent.locks.AbstractQueuedSynchronizer$ConditionObject.awaitNanos(AbstractQueuedSynchronizer.java:2078)
        at java.util.concurrent.LinkedBlockingQueue.poll(LinkedBlockingQueue.java:467)
        at org.apache.hadoop.ipc.CallQueueManager.take(CallQueueManager.java:317)
        at org.apache.hadoop.ipc.Server$Handler.run(Server.java:3014)
"4e8f68d6-fd98-4f77-87e3-715939181693-ChunkReader-0" daemon prio=5 tid=2221 in Object.wait()
java.lang.Thread.State: WAITING (on object monitor)
        at sun.misc.Unsafe.park(Native Method)
        at java.util.concurrent.locks.LockSupport.park(LockSupport.java:175)
        at java.util.concurrent.locks.AbstractQueuedSynchronizer$ConditionObject.await(AbstractQueuedSynchronizer.java:2039)
        at java.util.concurrent.LinkedBlockingQueue.take(LinkedBlockingQueue.java:442)
        at java.util.concurrent.ThreadPoolExecutor.getTask(ThreadPoolExecutor.java:1074)
        at java.util.concurrent.ThreadPoolExecutor.runWorker(ThreadPoolExecutor.java:1134)
        at java.util.concurrent.ThreadPoolExecutor$Worker.run(ThreadPoolExecutor.java:624)
        at java.lang.Thread.run(Thread.java:750)
"78f89d9b-e409-4704-890b-bfcfbcdfd28a-groupManagement"  prio=5 tid=1035 in Object.wait()
java.lang.Thread.State: WAITING (on object monitor)
        at sun.misc.Unsafe.park(Native Method)
        at java.util.concurrent.locks.LockSupport.park(LockSupport.java:175)
        at java.util.concurrent.locks.AbstractQueuedSynchronizer$ConditionObject.await(AbstractQueuedSynchronizer.java:2039)
        at java.util.concurrent.LinkedBlockingQueue.take(LinkedBlockingQueue.java:442)
        at java.util.concurrent.ThreadPoolExecutor.getTask(ThreadPoolExecutor.java:1074)
        at java.util.concurrent.ThreadPoolExecutor.runWorker(ThreadPoolExecutor.java:1134)
        at java.util.concurrent.ThreadPoolExecutor$Worker.run(ThreadPoolExecutor.java:624)
        at java.lang.Thread.run(Thread.java:750)
"e780b093-7242-46d7-bd8f-0f810188c7b3@group-1944BBB8D763-FollowerState" daemon prio=5 tid=1785 timed_waiting
java.lang.Thread.State: TIMED_WAITING
        at java.lang.Thread.sleep(Native Method)
        at java.lang.Thread.sleep(Thread.java:342)
        at java.util.concurrent.TimeUnit.sleep(TimeUnit.java:386)
        at org.apache.ratis.util.TimeDuration.sleep(TimeDuration.java:353)
        at org.apache.ratis.util.TimeDuration.sleep(TimeDuration.java:338)
        at org.apache.ratis.server.impl.FollowerState.run(FollowerState.java:128)
"13f92446-3b18-4d81-bc66-0f9b00220e72@group-E8E8A0364F52-LeaderStateImpl" daemon prio=5 tid=2214 timed_waiting
java.lang.Thread.State: TIMED_WAITING
        at sun.misc.Unsafe.park(Native Method)
        at java.util.concurrent.locks.LockSupport.parkNanos(LockSupport.java:215)
        at java.util.concurrent.locks.AbstractQueuedSynchronizer$ConditionObject.awaitNanos(AbstractQueuedSynchronizer.java:2078)
        at java.util.concurrent.ArrayBlockingQueue.poll(ArrayBlockingQueue.java:418)
        at org.apache.ratis.server.impl.LeaderStateImpl$EventQueue.poll(LeaderStateImpl.java:164)
        at org.apache.ratis.server.impl.LeaderStateImpl$EventProcessor.run(LeaderStateImpl.java:762)
"IPC Server handler 6 on default port 15004" daemon prio=5 tid=418 timed_waiting
java.lang.Thread.State: TIMED_WAITING
        at sun.misc.Unsafe.park(Native Method)
        at java.util.concurrent.locks.LockSupport.parkNanos(LockSupport.java:215)
        at java.util.concurrent.locks.AbstractQueuedSynchronizer$ConditionObject.awaitNanos(AbstractQueuedSynchronizer.java:2078)
        at java.util.concurrent.LinkedBlockingQueue.poll(LinkedBlockingQueue.java:467)
        at org.apache.hadoop.ipc.CallQueueManager.take(CallQueueManager.java:317)
        at org.apache.hadoop.ipc.Server$Handler.run(Server.java:3014)
"StaleRecoveringContainerScrubbingService#7" daemon prio=5 tid=2366 in Object.wait()
java.lang.Thread.State: WAITING (on object monitor)
        at sun.misc.Unsafe.park(Native Method)
        at java.util.concurrent.locks.LockSupport.park(LockSupport.java:175)
        at java.util.concurrent.locks.AbstractQueuedSynchronizer$ConditionObject.await(AbstractQueuedSynchronizer.java:2039)
        at java.util.concurrent.ScheduledThreadPoolExecutor$DelayedWorkQueue.take(ScheduledThreadPoolExecutor.java:1088)
        at java.util.concurrent.ScheduledThreadPoolExecutor$DelayedWorkQueue.take(ScheduledThreadPoolExecutor.java:809)
        at java.util.concurrent.ThreadPoolExecutor.getTask(ThreadPoolExecutor.java:1074)
        at java.util.concurrent.ThreadPoolExecutor.runWorker(ThreadPoolExecutor.java:1134)
        at java.util.concurrent.ThreadPoolExecutor$Worker.run(ThreadPoolExecutor.java:624)
        at java.lang.Thread.run(Thread.java:750)
"78f89d9b-e409-4704-890b-bfcfbcdfd28a-ChunkWriter-2-0" daemon prio=5 tid=853 in Object.wait()
java.lang.Thread.State: WAITING (on object monitor)
        at sun.misc.Unsafe.park(Native Method)
        at java.util.concurrent.locks.LockSupport.park(LockSupport.java:175)
        at java.util.concurrent.locks.AbstractQueuedSynchronizer$ConditionObject.await(AbstractQueuedSynchronizer.java:2039)
        at java.util.concurrent.LinkedBlockingDeque.takeFirst(LinkedBlockingDeque.java:492)
        at java.util.concurrent.LinkedBlockingDeque.take(LinkedBlockingDeque.java:680)
        at java.util.concurrent.ThreadPoolExecutor.getTask(ThreadPoolExecutor.java:1074)
        at java.util.concurrent.ThreadPoolExecutor.runWorker(ThreadPoolExecutor.java:1134)
        at java.util.concurrent.ThreadPoolExecutor$Worker.run(ThreadPoolExecutor.java:624)
        at java.lang.Thread.run(Thread.java:750)
"IPC Server handler 94 on default port 15001" daemon prio=5 tid=248 timed_waiting
java.lang.Thread.State: TIMED_WAITING
        at sun.misc.Unsafe.park(Native Method)
        at java.util.concurrent.locks.LockSupport.parkNanos(LockSupport.java:215)
        at java.util.concurrent.locks.AbstractQueuedSynchronizer$ConditionObject.awaitNanos(AbstractQueuedSynchronizer.java:2078)
        at java.util.concurrent.LinkedBlockingQueue.poll(LinkedBlockingQueue.java:467)
        at org.apache.hadoop.ipc.CallQueueManager.take(CallQueueManager.java:317)
        at org.apache.hadoop.ipc.Server$Handler.run(Server.java:3014)
"e46a6e51-795f-4801-a523-c45a6c7f2c34@group-1944BBB8D763-StateMachineUpdater" daemon prio=5 tid=1258 timed_waiting
java.lang.Thread.State: TIMED_WAITING
        at sun.misc.Unsafe.park(Native Method)
        at java.util.concurrent.locks.LockSupport.parkNanos(LockSupport.java:215)
        at java.util.concurrent.locks.AbstractQueuedSynchronizer$ConditionObject.await(AbstractQueuedSynchronizer.java:2163)
        at org.apache.ratis.util.AwaitForSignal.await(AwaitForSignal.java:65)
        at org.apache.ratis.server.impl.StateMachineUpdater.waitForCommit(StateMachineUpdater.java:211)
        at org.apache.ratis.server.impl.StateMachineUpdater.run(StateMachineUpdater.java:180)
        at java.lang.Thread.run(Thread.java:750)
"org.apache.hadoop.ozone.container.common.statemachine.commandhandler.DeleteBlocksCommandHandler$DeleteCmdWorker@79374f2d" daemon prio=5 tid=662 timed_waiting
java.lang.Thread.State: TIMED_WAITING
        at java.lang.Thread.sleep(Native Method)
        at org.apache.hadoop.ozone.container.common.statemachine.commandhandler.DeleteBlocksCommandHandler$DeleteCmdWorker.run(DeleteBlocksCommandHandler.java:259)
        at java.lang.Thread.run(Thread.java:750)
"IPC Server handler 82 on default port 15002" daemon prio=5 tid=336 timed_waiting
java.lang.Thread.State: TIMED_WAITING
        at sun.misc.Unsafe.park(Native Method)
        at java.util.concurrent.locks.LockSupport.parkNanos(LockSupport.java:215)
        at java.util.concurrent.locks.AbstractQueuedSynchronizer$ConditionObject.awaitNanos(AbstractQueuedSynchronizer.java:2078)
        at java.util.concurrent.LinkedBlockingQueue.poll(LinkedBlockingQueue.java:467)
        at org.apache.hadoop.ipc.CallQueueManager.take(CallQueueManager.java:317)
        at org.apache.hadoop.ipc.Server$Handler.run(Server.java:3014)
"dc26353c-d48a-467d-89cd-3a7c4b626396-BlockDeletingService#1" daemon prio=5 tid=796 in Object.wait()
java.lang.Thread.State: WAITING (on object monitor)
        at sun.misc.Unsafe.park(Native Method)
        at java.util.concurrent.locks.LockSupport.park(LockSupport.java:175)
        at java.util.concurrent.locks.AbstractQueuedSynchronizer$ConditionObject.await(AbstractQueuedSynchronizer.java:2039)
        at java.util.concurrent.ScheduledThreadPoolExecutor$DelayedWorkQueue.take(ScheduledThreadPoolExecutor.java:1088)
        at java.util.concurrent.ScheduledThreadPoolExecutor$DelayedWorkQueue.take(ScheduledThreadPoolExecutor.java:809)
        at java.util.concurrent.ThreadPoolExecutor.getTask(ThreadPoolExecutor.java:1074)
        at java.util.concurrent.ThreadPoolExecutor.runWorker(ThreadPoolExecutor.java:1134)
        at java.util.concurrent.ThreadPoolExecutor$Worker.run(ThreadPoolExecutor.java:624)
        at java.lang.Thread.run(Thread.java:750)
"c30fedce-f286-40e0-881d-3d5a9a6e2463-ChunkWriter-1-0" daemon prio=5 tid=820 in Object.wait()
java.lang.Thread.State: WAITING (on object monitor)
        at sun.misc.Unsafe.park(Native Method)
        at java.util.concurrent.locks.LockSupport.park(LockSupport.java:175)
        at java.util.concurrent.locks.AbstractQueuedSynchronizer$ConditionObject.await(AbstractQueuedSynchronizer.java:2039)
        at java.util.concurrent.LinkedBlockingDeque.takeFirst(LinkedBlockingDeque.java:492)
        at java.util.concurrent.LinkedBlockingDeque.take(LinkedBlockingDeque.java:680)
        at java.util.concurrent.ThreadPoolExecutor.getTask(ThreadPoolExecutor.java:1074)
        at java.util.concurrent.ThreadPoolExecutor.runWorker(ThreadPoolExecutor.java:1134)
        at java.util.concurrent.ThreadPoolExecutor$Worker.run(ThreadPoolExecutor.java:624)
        at java.lang.Thread.run(Thread.java:750)
"IPC Server handler 7 on default port 15002" daemon prio=5 tid=261 timed_waiting
java.lang.Thread.State: TIMED_WAITING
        at sun.misc.Unsafe.park(Native Method)
        at java.util.concurrent.locks.LockSupport.parkNanos(LockSupport.java:215)
        at java.util.concurrent.locks.AbstractQueuedSynchronizer$ConditionObject.awaitNanos(AbstractQueuedSynchronizer.java:2078)
        at java.util.concurrent.LinkedBlockingQueue.poll(LinkedBlockingQueue.java:467)
        at org.apache.hadoop.ipc.CallQueueManager.take(CallQueueManager.java:317)
        at org.apache.hadoop.ipc.Server$Handler.run(Server.java:3014)
"13f92446-3b18-4d81-bc66-0f9b00220e72-BlockDeletingService#2" daemon prio=5 tid=2400 in Object.wait()
java.lang.Thread.State: WAITING (on object monitor)
        at sun.misc.Unsafe.park(Native Method)
        at java.util.concurrent.locks.LockSupport.park(LockSupport.java:175)
        at java.util.concurrent.locks.AbstractQueuedSynchronizer$ConditionObject.await(AbstractQueuedSynchronizer.java:2039)
        at java.util.concurrent.ScheduledThreadPoolExecutor$DelayedWorkQueue.take(ScheduledThreadPoolExecutor.java:1088)
        at java.util.concurrent.ScheduledThreadPoolExecutor$DelayedWorkQueue.take(ScheduledThreadPoolExecutor.java:809)
        at java.util.concurrent.ThreadPoolExecutor.getTask(ThreadPoolExecutor.java:1074)
        at java.util.concurrent.ThreadPoolExecutor.runWorker(ThreadPoolExecutor.java:1134)
        at java.util.concurrent.ThreadPoolExecutor$Worker.run(ThreadPoolExecutor.java:624)
        at java.lang.Thread.run(Thread.java:750)
"StaleRecoveringContainerScrubbingService#6" daemon prio=5 tid=2340 in Object.wait()
java.lang.Thread.State: WAITING (on object monitor)
        at sun.misc.Unsafe.park(Native Method)
        at java.util.concurrent.locks.LockSupport.park(LockSupport.java:175)
        at java.util.concurrent.locks.AbstractQueuedSynchronizer$ConditionObject.await(AbstractQueuedSynchronizer.java:2039)
        at java.util.concurrent.ScheduledThreadPoolExecutor$DelayedWorkQueue.take(ScheduledThreadPoolExecutor.java:1088)
        at java.util.concurrent.ScheduledThreadPoolExecutor$DelayedWorkQueue.take(ScheduledThreadPoolExecutor.java:809)
        at java.util.concurrent.ThreadPoolExecutor.getTask(ThreadPoolExecutor.java:1074)
        at java.util.concurrent.ThreadPoolExecutor.runWorker(ThreadPoolExecutor.java:1134)
        at java.util.concurrent.ThreadPoolExecutor$Worker.run(ThreadPoolExecutor.java:624)
        at java.lang.Thread.run(Thread.java:750)
"org.apache.hadoop.ozone.container.common.statemachine.commandhandler.DeleteBlocksCommandHandler$DeleteCmdWorker@71ad9afb" daemon prio=5 tid=2043 timed_waiting
java.lang.Thread.State: TIMED_WAITING
        at java.lang.Thread.sleep(Native Method)
        at org.apache.hadoop.ozone.container.common.statemachine.commandhandler.DeleteBlocksCommandHandler$DeleteCmdWorker.run(DeleteBlocksCommandHandler.java:259)
        at java.lang.Thread.run(Thread.java:750)
"qtp124466405-408" daemon prio=5 tid=408 timed_waiting
java.lang.Thread.State: TIMED_WAITING
        at sun.misc.Unsafe.park(Native Method)
        at java.util.concurrent.locks.LockSupport.parkNanos(LockSupport.java:215)
        at java.util.concurrent.locks.AbstractQueuedSynchronizer$ConditionObject.awaitNanos(AbstractQueuedSynchronizer.java:2078)
        at org.eclipse.jetty.util.BlockingArrayQueue.poll(BlockingArrayQueue.java:382)
        at org.eclipse.jetty.util.thread.QueuedThreadPool$Runner.idleJobPoll(QueuedThreadPool.java:974)
        at org.eclipse.jetty.util.thread.QueuedThreadPool$Runner.run(QueuedThreadPool.java:1018)
        at java.lang.Thread.run(Thread.java:750)
"e46a6e51-795f-4801-a523-c45a6c7f2c34@group-83D984655C73-SegmentedRaftLogWorker"  prio=5 tid=1092 timed_waiting
java.lang.Thread.State: TIMED_WAITING
        at sun.misc.Unsafe.park(Native Method)
        at java.util.concurrent.locks.LockSupport.parkNanos(LockSupport.java:215)
        at java.util.concurrent.locks.AbstractQueuedSynchronizer$ConditionObject.awaitNanos(AbstractQueuedSynchronizer.java:2078)
        at org.apache.ratis.util.DataBlockingQueue.poll(DataBlockingQueue.java:148)
        at org.apache.ratis.server.raftlog.segmented.SegmentedRaftLogWorker.run(SegmentedRaftLogWorker.java:299)
        at org.apache.ratis.server.raftlog.segmented.SegmentedRaftLogWorker$$Lambda$913/1052546256.run(Unknown Source)
        at java.util.concurrent.Executors$RunnableAdapter.call(Executors.java:511)
        at java.util.concurrent.FutureTask.run(FutureTask.java:266)
        at java.util.concurrent.ThreadPoolExecutor.runWorker(ThreadPoolExecutor.java:1149)
        at java.util.concurrent.ThreadPoolExecutor$Worker.run(ThreadPoolExecutor.java:624)
        at java.lang.Thread.run(Thread.java:750)
"qtp2047373618-361" daemon prio=5 tid=361 timed_waiting
java.lang.Thread.State: TIMED_WAITING
        at sun.misc.Unsafe.park(Native Method)
        at java.util.concurrent.locks.LockSupport.parkNanos(LockSupport.java:215)
        at java.util.concurrent.locks.AbstractQueuedSynchronizer$ConditionObject.awaitNanos(AbstractQueuedSynchronizer.java:2078)
        at org.eclipse.jetty.util.BlockingArrayQueue.poll(BlockingArrayQueue.java:382)
        at org.eclipse.jetty.util.thread.QueuedThreadPool$Runner.idleJobPoll(QueuedThreadPool.java:974)
        at org.eclipse.jetty.util.thread.QueuedThreadPool$Runner.run(QueuedThreadPool.java:1018)
        at java.lang.Thread.run(Thread.java:750)
"dc26353c-d48a-467d-89cd-3a7c4b626396-ChunkReader-4" daemon prio=5 tid=2375 in Object.wait()
java.lang.Thread.State: WAITING (on object monitor)
        at sun.misc.Unsafe.park(Native Method)
        at java.util.concurrent.locks.LockSupport.park(LockSupport.java:175)
        at java.util.concurrent.locks.AbstractQueuedSynchronizer$ConditionObject.await(AbstractQueuedSynchronizer.java:2039)
        at java.util.concurrent.LinkedBlockingQueue.take(LinkedBlockingQueue.java:442)
        at java.util.concurrent.ThreadPoolExecutor.getTask(ThreadPoolExecutor.java:1074)
        at java.util.concurrent.ThreadPoolExecutor.runWorker(ThreadPoolExecutor.java:1134)
        at java.util.concurrent.ThreadPoolExecutor$Worker.run(ThreadPoolExecutor.java:624)
        at java.lang.Thread.run(Thread.java:750)
"pool-122-thread-1" daemon prio=5 tid=754 timed_waiting
java.lang.Thread.State: TIMED_WAITING
        at sun.misc.Unsafe.park(Native Method)
        at java.util.concurrent.locks.LockSupport.parkNanos(LockSupport.java:215)
        at java.util.concurrent.locks.AbstractQueuedSynchronizer$ConditionObject.awaitNanos(AbstractQueuedSynchronizer.java:2078)
        at java.util.concurrent.ScheduledThreadPoolExecutor$DelayedWorkQueue.take(ScheduledThreadPoolExecutor.java:1093)
        at java.util.concurrent.ScheduledThreadPoolExecutor$DelayedWorkQueue.take(ScheduledThreadPoolExecutor.java:809)
        at java.util.concurrent.ThreadPoolExecutor.getTask(ThreadPoolExecutor.java:1074)
        at java.util.concurrent.ThreadPoolExecutor.runWorker(ThreadPoolExecutor.java:1134)
        at java.util.concurrent.ThreadPoolExecutor$Worker.run(ThreadPoolExecutor.java:624)
        at java.lang.Thread.run(Thread.java:750)
"IPC Server handler 95 on default port 15001" daemon prio=5 tid=249 timed_waiting
java.lang.Thread.State: TIMED_WAITING
        at sun.misc.Unsafe.park(Native Method)
        at java.util.concurrent.locks.LockSupport.parkNanos(LockSupport.java:215)
        at java.util.concurrent.locks.AbstractQueuedSynchronizer$ConditionObject.awaitNanos(AbstractQueuedSynchronizer.java:2078)
        at java.util.concurrent.LinkedBlockingQueue.poll(LinkedBlockingQueue.java:467)
        at org.apache.hadoop.ipc.CallQueueManager.take(CallQueueManager.java:317)
        at org.apache.hadoop.ipc.Server$Handler.run(Server.java:3014)
"e780b093-7242-46d7-bd8f-0f810188c7b3@group-83D984655C73-SegmentedRaftLogWorker"  prio=5 tid=1175 timed_waiting
java.lang.Thread.State: TIMED_WAITING
        at sun.misc.Unsafe.park(Native Method)
        at java.util.concurrent.locks.LockSupport.parkNanos(LockSupport.java:215)
        at java.util.concurrent.locks.AbstractQueuedSynchronizer$ConditionObject.awaitNanos(AbstractQueuedSynchronizer.java:2078)
        at org.apache.ratis.util.DataBlockingQueue.poll(DataBlockingQueue.java:148)
        at org.apache.ratis.server.raftlog.segmented.SegmentedRaftLogWorker.run(SegmentedRaftLogWorker.java:299)
        at org.apache.ratis.server.raftlog.segmented.SegmentedRaftLogWorker$$Lambda$913/1052546256.run(Unknown Source)
        at java.util.concurrent.Executors$RunnableAdapter.call(Executors.java:511)
        at java.util.concurrent.FutureTask.run(FutureTask.java:266)
        at java.util.concurrent.ThreadPoolExecutor.runWorker(ThreadPoolExecutor.java:1149)
        at java.util.concurrent.ThreadPoolExecutor$Worker.run(ThreadPoolExecutor.java:624)
        at java.lang.Thread.run(Thread.java:750)
"e46a6e51-795f-4801-a523-c45a6c7f2c34-ChunkWriter-2-0" daemon prio=5 tid=725 in Object.wait()
java.lang.Thread.State: WAITING (on object monitor)
        at sun.misc.Unsafe.park(Native Method)
        at java.util.concurrent.locks.LockSupport.park(LockSupport.java:175)
        at java.util.concurrent.locks.AbstractQueuedSynchronizer$ConditionObject.await(AbstractQueuedSynchronizer.java:2039)
        at java.util.concurrent.LinkedBlockingDeque.takeFirst(LinkedBlockingDeque.java:492)
        at java.util.concurrent.LinkedBlockingDeque.take(LinkedBlockingDeque.java:680)
        at java.util.concurrent.ThreadPoolExecutor.getTask(ThreadPoolExecutor.java:1074)
        at java.util.concurrent.ThreadPoolExecutor.runWorker(ThreadPoolExecutor.java:1134)
        at java.util.concurrent.ThreadPoolExecutor$Worker.run(ThreadPoolExecutor.java:624)
        at java.lang.Thread.run(Thread.java:750)
"IPC Server handler 14 on default port 15001" daemon prio=5 tid=168 timed_waiting
java.lang.Thread.State: TIMED_WAITING
        at sun.misc.Unsafe.park(Native Method)
        at java.util.concurrent.locks.LockSupport.parkNanos(LockSupport.java:215)
        at java.util.concurrent.locks.AbstractQueuedSynchronizer$ConditionObject.awaitNanos(AbstractQueuedSynchronizer.java:2078)
        at java.util.concurrent.LinkedBlockingQueue.poll(LinkedBlockingQueue.java:467)
        at org.apache.hadoop.ipc.CallQueueManager.take(CallQueueManager.java:317)
        at org.apache.hadoop.ipc.Server$Handler.run(Server.java:3014)
"om1-groupManagement"  prio=5 tid=377 in Object.wait()
java.lang.Thread.State: WAITING (on object monitor)
        at sun.misc.Unsafe.park(Native Method)
        at java.util.concurrent.locks.LockSupport.park(LockSupport.java:175)
        at java.util.concurrent.locks.AbstractQueuedSynchronizer$ConditionObject.await(AbstractQueuedSynchronizer.java:2039)
        at java.util.concurrent.LinkedBlockingQueue.take(LinkedBlockingQueue.java:442)
        at java.util.concurrent.ThreadPoolExecutor.getTask(ThreadPoolExecutor.java:1074)
        at java.util.concurrent.ThreadPoolExecutor.runWorker(ThreadPoolExecutor.java:1134)
        at java.util.concurrent.ThreadPoolExecutor$Worker.run(ThreadPoolExecutor.java:624)
        at java.lang.Thread.run(Thread.java:750)
"BackgroundPipelineScrubber" daemon prio=5 tid=21 timed_waiting
java.lang.Thread.State: TIMED_WAITING
        at java.lang.Object.wait(Native Method)
        at org.apache.hadoop.hdds.scm.ha.BackgroundSCMService.run(BackgroundSCMService.java:107)
        at org.apache.hadoop.hdds.scm.ha.BackgroundSCMService$$Lambda$488/415928951.run(Unknown Source)
        at java.lang.Thread.run(Thread.java:750)
"86ab988c-fa9c-425d-a1c6-9004ff7fd93d-server-thread2" daemon prio=5 tid=1587 timed_waiting
java.lang.Thread.State: TIMED_WAITING
        at sun.misc.Unsafe.park(Native Method)
        at java.util.concurrent.locks.LockSupport.parkNanos(LockSupport.java:215)
        at java.util.concurrent.SynchronousQueue$TransferStack.awaitFulfill(SynchronousQueue.java:460)
        at java.util.concurrent.SynchronousQueue$TransferStack.transfer(SynchronousQueue.java:362)
        at java.util.concurrent.SynchronousQueue.poll(SynchronousQueue.java:941)
        at java.util.concurrent.ThreadPoolExecutor.getTask(ThreadPoolExecutor.java:1073)
        at java.util.concurrent.ThreadPoolExecutor.runWorker(ThreadPoolExecutor.java:1134)
        at java.util.concurrent.ThreadPoolExecutor$Worker.run(ThreadPoolExecutor.java:624)
        at java.lang.Thread.run(Thread.java:750)
"d25dc3b0-28fc-4383-b1a0-617845025f41-NettyServerStreamRpc-bossGroup--thread1"  prio=5 tid=490 runnable
java.lang.Thread.State: RUNNABLE
        at org.apache.ratis.thirdparty.io.netty.channel.epoll.Native.epollWait(Native Method)
        at org.apache.ratis.thirdparty.io.netty.channel.epoll.Native.epollWait(Native.java:209)
        at org.apache.ratis.thirdparty.io.netty.channel.epoll.Native.epollWait(Native.java:202)
        at org.apache.ratis.thirdparty.io.netty.channel.epoll.EpollEventLoop.epollWaitNoTimerChange(EpollEventLoop.java:316)
        at org.apache.ratis.thirdparty.io.netty.channel.epoll.EpollEventLoop.run(EpollEventLoop.java:373)
        at org.apache.ratis.thirdparty.io.netty.util.concurrent.SingleThreadEventExecutor$4.run(SingleThreadEventExecutor.java:997)
        at org.apache.ratis.thirdparty.io.netty.util.internal.ThreadExecutorMap$2.run(ThreadExecutorMap.java:74)
        at java.lang.Thread.run(Thread.java:750)
"IPC Server handler 73 on default port 15002" daemon prio=5 tid=327 timed_waiting
java.lang.Thread.State: TIMED_WAITING
        at sun.misc.Unsafe.park(Native Method)
        at java.util.concurrent.locks.LockSupport.parkNanos(LockSupport.java:215)
        at java.util.concurrent.locks.AbstractQueuedSynchronizer$ConditionObject.awaitNanos(AbstractQueuedSynchronizer.java:2078)
        at java.util.concurrent.LinkedBlockingQueue.poll(LinkedBlockingQueue.java:467)
        at org.apache.hadoop.ipc.CallQueueManager.take(CallQueueManager.java:317)
        at org.apache.hadoop.ipc.Server$Handler.run(Server.java:3014)
"StaleRecoveringContainerScrubbingService#9" daemon prio=5 tid=2394 in Object.wait()
java.lang.Thread.State: WAITING (on object monitor)
        at sun.misc.Unsafe.park(Native Method)
        at java.util.concurrent.locks.LockSupport.park(LockSupport.java:175)
        at java.util.concurrent.locks.AbstractQueuedSynchronizer$ConditionObject.await(AbstractQueuedSynchronizer.java:2039)
        at java.util.concurrent.ScheduledThreadPoolExecutor$DelayedWorkQueue.take(ScheduledThreadPoolExecutor.java:1088)
        at java.util.concurrent.ScheduledThreadPoolExecutor$DelayedWorkQueue.take(ScheduledThreadPoolExecutor.java:809)
        at java.util.concurrent.ThreadPoolExecutor.getTask(ThreadPoolExecutor.java:1074)
        at java.util.concurrent.ThreadPoolExecutor.runWorker(ThreadPoolExecutor.java:1134)
        at java.util.concurrent.ThreadPoolExecutor$Worker.run(ThreadPoolExecutor.java:624)
        at java.lang.Thread.run(Thread.java:750)
"qtp2047373618-360-acceptor-0@7cf0c93e-ServerConnector@724e483f{HTTP/1.1, (http/1.1)}{0.0.0.0:15003}" daemon prio=3 tid=360 runnable
java.lang.Thread.State: RUNNABLE
        at sun.nio.ch.ServerSocketChannelImpl.accept0(Native Method)
        at sun.nio.ch.ServerSocketChannelImpl.accept(ServerSocketChannelImpl.java:421)
        at sun.nio.ch.ServerSocketChannelImpl.accept(ServerSocketChannelImpl.java:249)
        at org.eclipse.jetty.server.ServerConnector.accept(ServerConnector.java:388)
        at org.eclipse.jetty.server.AbstractConnector$Acceptor.run(AbstractConnector.java:704)
        at org.eclipse.jetty.util.thread.QueuedThreadPool.runJob(QueuedThreadPool.java:883)
        at org.eclipse.jetty.util.thread.QueuedThreadPool$Runner.run(QueuedThreadPool.java:1034)
        at java.lang.Thread.run(Thread.java:750)
"IPC Server listener on 15004" daemon prio=5 tid=382 runnable
java.lang.Thread.State: RUNNABLE
        at sun.nio.ch.EPollArrayWrapper.epollWait(Native Method)
        at sun.nio.ch.EPollArrayWrapper.poll(EPollArrayWrapper.java:269)
        at sun.nio.ch.EPollSelectorImpl.doSelect(EPollSelectorImpl.java:93)
        at sun.nio.ch.SelectorImpl.lockAndDoSelect(SelectorImpl.java:86)
        at sun.nio.ch.SelectorImpl.select(SelectorImpl.java:97)
        at sun.nio.ch.SelectorImpl.select(SelectorImpl.java:101)
        at org.apache.hadoop.ipc.Server$Listener.run(Server.java:1408)
"IPC Server handler 23 on default port 15001" daemon prio=5 tid=177 timed_waiting
java.lang.Thread.State: TIMED_WAITING
        at sun.misc.Unsafe.park(Native Method)
        at java.util.concurrent.locks.LockSupport.parkNanos(LockSupport.java:215)
        at java.util.concurrent.locks.AbstractQueuedSynchronizer$ConditionObject.awaitNanos(AbstractQueuedSynchronizer.java:2078)
        at java.util.concurrent.LinkedBlockingQueue.poll(LinkedBlockingQueue.java:467)
        at org.apache.hadoop.ipc.CallQueueManager.take(CallQueueManager.java:317)
        at org.apache.hadoop.ipc.Server$Handler.run(Server.java:3014)
"IPC Server handler 8 on default port 15000" daemon prio=5 tid=62 timed_waiting
java.lang.Thread.State: TIMED_WAITING
        at sun.misc.Unsafe.park(Native Method)
        at java.util.concurrent.locks.LockSupport.parkNanos(LockSupport.java:215)
        at java.util.concurrent.locks.AbstractQueuedSynchronizer$ConditionObject.awaitNanos(AbstractQueuedSynchronizer.java:2078)
        at java.util.concurrent.LinkedBlockingQueue.poll(LinkedBlockingQueue.java:467)
        at org.apache.hadoop.ipc.CallQueueManager.take(CallQueueManager.java:317)
        at org.apache.hadoop.ipc.Server$Handler.run(Server.java:3014)
"om1-OMStateMachineApplyTransactionThread - 0" daemon prio=5 tid=1503 in Object.wait()
java.lang.Thread.State: WAITING (on object monitor)
        at sun.misc.Unsafe.park(Native Method)
        at java.util.concurrent.locks.LockSupport.park(LockSupport.java:175)
        at java.util.concurrent.locks.AbstractQueuedSynchronizer$ConditionObject.await(AbstractQueuedSynchronizer.java:2039)
        at java.util.concurrent.LinkedBlockingQueue.take(LinkedBlockingQueue.java:442)
        at java.util.concurrent.ThreadPoolExecutor.getTask(ThreadPoolExecutor.java:1074)
        at java.util.concurrent.ThreadPoolExecutor.runWorker(ThreadPoolExecutor.java:1134)
        at java.util.concurrent.ThreadPoolExecutor$Worker.run(ThreadPoolExecutor.java:624)
        at java.lang.Thread.run(Thread.java:750)
"StaleRecoveringContainerScrubbingService#2" daemon prio=5 tid=1491 timed_waiting
java.lang.Thread.State: TIMED_WAITING
        at sun.misc.Unsafe.park(Native Method)
        at java.util.concurrent.locks.LockSupport.parkNanos(LockSupport.java:215)
        at java.util.concurrent.locks.AbstractQueuedSynchronizer$ConditionObject.awaitNanos(AbstractQueuedSynchronizer.java:2078)
        at java.util.concurrent.ScheduledThreadPoolExecutor$DelayedWorkQueue.take(ScheduledThreadPoolExecutor.java:1093)
        at java.util.concurrent.ScheduledThreadPoolExecutor$DelayedWorkQueue.take(ScheduledThreadPoolExecutor.java:809)
        at java.util.concurrent.ThreadPoolExecutor.getTask(ThreadPoolExecutor.java:1074)
        at java.util.concurrent.ThreadPoolExecutor.runWorker(ThreadPoolExecutor.java:1134)
        at java.util.concurrent.ThreadPoolExecutor$Worker.run(ThreadPoolExecutor.java:624)
        at java.lang.Thread.run(Thread.java:750)
"StaleRecoveringContainerScrubbingService#9" daemon prio=5 tid=2399 in Object.wait()
java.lang.Thread.State: WAITING (on object monitor)
        at sun.misc.Unsafe.park(Native Method)
        at java.util.concurrent.locks.LockSupport.park(LockSupport.java:175)
        at java.util.concurrent.locks.AbstractQueuedSynchronizer$ConditionObject.await(AbstractQueuedSynchronizer.java:2039)
        at java.util.concurrent.ScheduledThreadPoolExecutor$DelayedWorkQueue.take(ScheduledThreadPoolExecutor.java:1088)
        at java.util.concurrent.ScheduledThreadPoolExecutor$DelayedWorkQueue.take(ScheduledThreadPoolExecutor.java:809)
        at java.util.concurrent.ThreadPoolExecutor.getTask(ThreadPoolExecutor.java:1074)
        at java.util.concurrent.ThreadPoolExecutor.runWorker(ThreadPoolExecutor.java:1134)
        at java.util.concurrent.ThreadPoolExecutor$Worker.run(ThreadPoolExecutor.java:624)
        at java.lang.Thread.run(Thread.java:750)
"86ab988c-fa9c-425d-a1c6-9004ff7fd93d@group-89543CF42D33-FollowerState" daemon prio=5 tid=1577 timed_waiting
java.lang.Thread.State: TIMED_WAITING
        at java.lang.Thread.sleep(Native Method)
        at java.lang.Thread.sleep(Thread.java:342)
        at java.util.concurrent.TimeUnit.sleep(TimeUnit.java:386)
        at org.apache.ratis.util.TimeDuration.sleep(TimeDuration.java:353)
        at org.apache.ratis.util.TimeDuration.sleep(TimeDuration.java:338)
        at org.apache.ratis.server.impl.FollowerState.run(FollowerState.java:128)
"qtp1377312528-558" daemon prio=5 tid=558 timed_waiting
java.lang.Thread.State: TIMED_WAITING
        at sun.misc.Unsafe.park(Native Method)
        at java.util.concurrent.locks.LockSupport.parkNanos(LockSupport.java:215)
        at java.util.concurrent.locks.AbstractQueuedSynchronizer$ConditionObject.awaitNanos(AbstractQueuedSynchronizer.java:2078)
        at org.eclipse.jetty.util.BlockingArrayQueue.poll(BlockingArrayQueue.java:382)
        at org.eclipse.jetty.util.thread.QueuedThreadPool$Runner.idleJobPoll(QueuedThreadPool.java:974)
        at org.eclipse.jetty.util.thread.QueuedThreadPool$Runner.run(QueuedThreadPool.java:1018)
        at java.lang.Thread.run(Thread.java:750)
"IPC Server handler 89 on default port 15000" daemon prio=5 tid=143 timed_waiting
java.lang.Thread.State: TIMED_WAITING
        at sun.misc.Unsafe.park(Native Method)
        at java.util.concurrent.locks.LockSupport.parkNanos(LockSupport.java:215)
        at java.util.concurrent.locks.AbstractQueuedSynchronizer$ConditionObject.awaitNanos(AbstractQueuedSynchronizer.java:2078)
        at java.util.concurrent.LinkedBlockingQueue.poll(LinkedBlockingQueue.java:467)
        at org.apache.hadoop.ipc.CallQueueManager.take(CallQueueManager.java:317)
        at org.apache.hadoop.ipc.Server$Handler.run(Server.java:3014)
"IPC Server handler 98 on default port 15001" daemon prio=5 tid=252 timed_waiting
java.lang.Thread.State: TIMED_WAITING
        at sun.misc.Unsafe.park(Native Method)
        at java.util.concurrent.locks.LockSupport.parkNanos(LockSupport.java:215)
        at java.util.concurrent.locks.AbstractQueuedSynchronizer$ConditionObject.awaitNanos(AbstractQueuedSynchronizer.java:2078)
        at java.util.concurrent.LinkedBlockingQueue.poll(LinkedBlockingQueue.java:467)
        at org.apache.hadoop.ipc.CallQueueManager.take(CallQueueManager.java:317)
        at org.apache.hadoop.ipc.Server$Handler.run(Server.java:3014)
"grpc-default-executor-1" daemon prio=5 tid=919 timed_waiting
java.lang.Thread.State: TIMED_WAITING
        at sun.misc.Unsafe.park(Native Method)
        at java.util.concurrent.locks.LockSupport.parkNanos(LockSupport.java:215)
        at java.util.concurrent.SynchronousQueue$TransferStack.awaitFulfill(SynchronousQueue.java:460)
        at java.util.concurrent.SynchronousQueue$TransferStack.transfer(SynchronousQueue.java:362)
        at java.util.concurrent.SynchronousQueue.poll(SynchronousQueue.java:941)
        at java.util.concurrent.ThreadPoolExecutor.getTask(ThreadPoolExecutor.java:1073)
        at java.util.concurrent.ThreadPoolExecutor.runWorker(ThreadPoolExecutor.java:1134)
        at java.util.concurrent.ThreadPoolExecutor$Worker.run(ThreadPoolExecutor.java:624)
        at java.lang.Thread.run(Thread.java:750)
"IPC Server handler 3 on default port 15002" daemon prio=5 tid=257 timed_waiting
java.lang.Thread.State: TIMED_WAITING
        at sun.misc.Unsafe.park(Native Method)
        at java.util.concurrent.locks.LockSupport.parkNanos(LockSupport.java:215)
        at java.util.concurrent.locks.AbstractQueuedSynchronizer$ConditionObject.awaitNanos(AbstractQueuedSynchronizer.java:2078)
        at java.util.concurrent.LinkedBlockingQueue.poll(LinkedBlockingQueue.java:467)
        at org.apache.hadoop.ipc.CallQueueManager.take(CallQueueManager.java:317)
        at org.apache.hadoop.ipc.Server$Handler.run(Server.java:3014)
"IPC Server handler 17 on default port 15002" daemon prio=5 tid=271 timed_waiting
java.lang.Thread.State: TIMED_WAITING
        at sun.misc.Unsafe.park(Native Method)
        at java.util.concurrent.locks.LockSupport.parkNanos(LockSupport.java:215)
        at java.util.concurrent.locks.AbstractQueuedSynchronizer$ConditionObject.awaitNanos(AbstractQueuedSynchronizer.java:2078)
        at java.util.concurrent.LinkedBlockingQueue.poll(LinkedBlockingQueue.java:467)
        at org.apache.hadoop.ipc.CallQueueManager.take(CallQueueManager.java:317)
        at org.apache.hadoop.ipc.Server$Handler.run(Server.java:3014)
"Socket Reader #1 for port 15064"  prio=5 tid=618 runnable
java.lang.Thread.State: RUNNABLE
        at sun.nio.ch.EPollArrayWrapper.epollWait(Native Method)
        at sun.nio.ch.EPollArrayWrapper.poll(EPollArrayWrapper.java:269)
        at sun.nio.ch.EPollSelectorImpl.doSelect(EPollSelectorImpl.java:93)
        at sun.nio.ch.SelectorImpl.lockAndDoSelect(SelectorImpl.java:86)
        at sun.nio.ch.SelectorImpl.select(SelectorImpl.java:97)
        at sun.nio.ch.SelectorImpl.select(SelectorImpl.java:101)
        at org.apache.hadoop.ipc.Server$Listener$Reader.doRunLoop(Server.java:1346)
        at org.apache.hadoop.ipc.Server$Listener$Reader.run(Server.java:1325)
"d25dc3b0-28fc-4383-b1a0-617845025f41-groupManagement"  prio=5 tid=911 in Object.wait()
java.lang.Thread.State: WAITING (on object monitor)
        at sun.misc.Unsafe.park(Native Method)
        at java.util.concurrent.locks.LockSupport.park(LockSupport.java:175)
        at java.util.concurrent.locks.AbstractQueuedSynchronizer$ConditionObject.await(AbstractQueuedSynchronizer.java:2039)
        at java.util.concurrent.LinkedBlockingQueue.take(LinkedBlockingQueue.java:442)
        at java.util.concurrent.ThreadPoolExecutor.getTask(ThreadPoolExecutor.java:1074)
        at java.util.concurrent.ThreadPoolExecutor.runWorker(ThreadPoolExecutor.java:1134)
        at java.util.concurrent.ThreadPoolExecutor$Worker.run(ThreadPoolExecutor.java:624)
        at java.lang.Thread.run(Thread.java:750)
"e780b093-7242-46d7-bd8f-0f810188c7b3-DatanodeStateMachineDaemonThread" daemon prio=5 tid=707 timed_waiting
java.lang.Thread.State: TIMED_WAITING
        at java.lang.Thread.sleep(Native Method)
        at org.apache.hadoop.ozone.container.common.statemachine.DatanodeStateMachine.startStateMachineThread(DatanodeStateMachine.java:369)
        at org.apache.hadoop.ozone.container.common.statemachine.DatanodeStateMachine.lambda$startDaemon$1(DatanodeStateMachine.java:556)
        at org.apache.hadoop.ozone.container.common.statemachine.DatanodeStateMachine$$Lambda$1030/2092369521.run(Unknown Source)
        at java.lang.Thread.run(Thread.java:750)
"13f92446-3b18-4d81-bc66-0f9b00220e72-DatanodeReportManager-3" daemon prio=5 tid=2064 timed_waiting
java.lang.Thread.State: TIMED_WAITING
        at sun.misc.Unsafe.park(Native Method)
        at java.util.concurrent.locks.LockSupport.parkNanos(LockSupport.java:215)
        at java.util.concurrent.locks.AbstractQueuedSynchronizer$ConditionObject.awaitNanos(AbstractQueuedSynchronizer.java:2078)
        at java.util.concurrent.ScheduledThreadPoolExecutor$DelayedWorkQueue.take(ScheduledThreadPoolExecutor.java:1093)
        at java.util.concurrent.ScheduledThreadPoolExecutor$DelayedWorkQueue.take(ScheduledThreadPoolExecutor.java:809)
        at java.util.concurrent.ThreadPoolExecutor.getTask(ThreadPoolExecutor.java:1074)
        at java.util.concurrent.ThreadPoolExecutor.runWorker(ThreadPoolExecutor.java:1134)
        at java.util.concurrent.ThreadPoolExecutor$Worker.run(ThreadPoolExecutor.java:624)
        at java.lang.Thread.run(Thread.java:750)
"78f89d9b-e409-4704-890b-bfcfbcdfd28a@group-5C1807567017-FollowerState" daemon prio=5 tid=2177 timed_waiting
java.lang.Thread.State: TIMED_WAITING
        at java.lang.Thread.sleep(Native Method)
        at java.lang.Thread.sleep(Thread.java:342)
        at java.util.concurrent.TimeUnit.sleep(TimeUnit.java:386)
        at org.apache.ratis.util.TimeDuration.sleep(TimeDuration.java:353)
        at org.apache.ratis.util.TimeDuration.sleep(TimeDuration.java:338)
        at org.apache.ratis.server.impl.FollowerState.run(FollowerState.java:128)
"dc26353c-d48a-467d-89cd-3a7c4b626396@group-F1C03574D52D-LeaderStateImpl" daemon prio=5 tid=1526 timed_waiting
java.lang.Thread.State: TIMED_WAITING
        at sun.misc.Unsafe.park(Native Method)
        at java.util.concurrent.locks.LockSupport.parkNanos(LockSupport.java:215)
        at java.util.concurrent.locks.AbstractQueuedSynchronizer$ConditionObject.awaitNanos(AbstractQueuedSynchronizer.java:2078)
        at java.util.concurrent.ArrayBlockingQueue.poll(ArrayBlockingQueue.java:418)
        at org.apache.ratis.server.impl.LeaderStateImpl$EventQueue.poll(LeaderStateImpl.java:164)
        at org.apache.ratis.server.impl.LeaderStateImpl$EventProcessor.run(LeaderStateImpl.java:762)
"IPC Server listener on 15010" daemon prio=5 tid=447 runnable
java.lang.Thread.State: RUNNABLE
        at sun.nio.ch.EPollArrayWrapper.epollWait(Native Method)
        at sun.nio.ch.EPollArrayWrapper.poll(EPollArrayWrapper.java:269)
        at sun.nio.ch.EPollSelectorImpl.doSelect(EPollSelectorImpl.java:93)
        at sun.nio.ch.SelectorImpl.lockAndDoSelect(SelectorImpl.java:86)
        at sun.nio.ch.SelectorImpl.select(SelectorImpl.java:97)
        at sun.nio.ch.SelectorImpl.select(SelectorImpl.java:101)
        at org.apache.hadoop.ipc.Server$Listener.run(Server.java:1408)
"IPC Server handler 32 on default port 15001" daemon prio=5 tid=186 timed_waiting
java.lang.Thread.State: TIMED_WAITING
        at sun.misc.Unsafe.park(Native Method)
        at java.util.concurrent.locks.LockSupport.parkNanos(LockSupport.java:215)
        at java.util.concurrent.locks.AbstractQueuedSynchronizer$ConditionObject.awaitNanos(AbstractQueuedSynchronizer.java:2078)
        at java.util.concurrent.LinkedBlockingQueue.poll(LinkedBlockingQueue.java:467)
        at org.apache.hadoop.ipc.CallQueueManager.take(CallQueueManager.java:317)
        at org.apache.hadoop.ipc.Server$Handler.run(Server.java:3014)
"dc26353c-d48a-467d-89cd-3a7c4b626396-ChunkWriter-1-0" daemon prio=5 tid=788 in Object.wait()
java.lang.Thread.State: WAITING (on object monitor)
        at sun.misc.Unsafe.park(Native Method)
        at java.util.concurrent.locks.LockSupport.park(LockSupport.java:175)
        at java.util.concurrent.locks.AbstractQueuedSynchronizer$ConditionObject.await(AbstractQueuedSynchronizer.java:2039)
        at java.util.concurrent.LinkedBlockingDeque.takeFirst(LinkedBlockingDeque.java:492)
        at java.util.concurrent.LinkedBlockingDeque.take(LinkedBlockingDeque.java:680)
        at java.util.concurrent.ThreadPoolExecutor.getTask(ThreadPoolExecutor.java:1074)
        at java.util.concurrent.ThreadPoolExecutor.runWorker(ThreadPoolExecutor.java:1134)
        at java.util.concurrent.ThreadPoolExecutor$Worker.run(ThreadPoolExecutor.java:624)
        at java.lang.Thread.run(Thread.java:750)
"e780b093-7242-46d7-bd8f-0f810188c7b3-ChunkWriter-3-0" daemon prio=5 tid=870 in Object.wait()
java.lang.Thread.State: WAITING (on object monitor)
        at sun.misc.Unsafe.park(Native Method)
        at java.util.concurrent.locks.LockSupport.park(LockSupport.java:175)
        at java.util.concurrent.locks.AbstractQueuedSynchronizer$ConditionObject.await(AbstractQueuedSynchronizer.java:2039)
        at java.util.concurrent.LinkedBlockingDeque.takeFirst(LinkedBlockingDeque.java:492)
        at java.util.concurrent.LinkedBlockingDeque.take(LinkedBlockingDeque.java:680)
        at java.util.concurrent.ThreadPoolExecutor.getTask(ThreadPoolExecutor.java:1074)
        at java.util.concurrent.ThreadPoolExecutor.runWorker(ThreadPoolExecutor.java:1134)
        at java.util.concurrent.ThreadPoolExecutor$Worker.run(ThreadPoolExecutor.java:624)
        at java.lang.Thread.run(Thread.java:750)
"dc26353c-d48a-467d-89cd-3a7c4b626396-EndpointStateMachineTaskThread-/0.0.0.0:15002-0 "  prio=5 tid=782 in Object.wait()
java.lang.Thread.State: WAITING (on object monitor)
        at sun.misc.Unsafe.park(Native Method)
        at java.util.concurrent.locks.LockSupport.park(LockSupport.java:175)
        at java.util.concurrent.locks.AbstractQueuedSynchronizer$ConditionObject.await(AbstractQueuedSynchronizer.java:2039)
        at java.util.concurrent.LinkedBlockingQueue.take(LinkedBlockingQueue.java:442)
        at java.util.concurrent.ThreadPoolExecutor.getTask(ThreadPoolExecutor.java:1074)
        at java.util.concurrent.ThreadPoolExecutor.runWorker(ThreadPoolExecutor.java:1134)
        at java.util.concurrent.ThreadPoolExecutor$Worker.run(ThreadPoolExecutor.java:624)
        at java.lang.Thread.run(Thread.java:750)
"dc26353c-d48a-467d-89cd-3a7c4b626396-ChunkReader-1" daemon prio=5 tid=2230 in Object.wait()
java.lang.Thread.State: WAITING (on object monitor)
        at sun.misc.Unsafe.park(Native Method)
        at java.util.concurrent.locks.LockSupport.park(LockSupport.java:175)
        at java.util.concurrent.locks.AbstractQueuedSynchronizer$ConditionObject.await(AbstractQueuedSynchronizer.java:2039)
        at java.util.concurrent.LinkedBlockingQueue.take(LinkedBlockingQueue.java:442)
        at java.util.concurrent.ThreadPoolExecutor.getTask(ThreadPoolExecutor.java:1074)
        at java.util.concurrent.ThreadPoolExecutor.runWorker(ThreadPoolExecutor.java:1134)
        at java.util.concurrent.ThreadPoolExecutor$Worker.run(ThreadPoolExecutor.java:624)
        at java.lang.Thread.run(Thread.java:750)
"IPC Server handler 60 on default port 15001" daemon prio=5 tid=214 timed_waiting
java.lang.Thread.State: TIMED_WAITING
        at sun.misc.Unsafe.park(Native Method)
        at java.util.concurrent.locks.LockSupport.parkNanos(LockSupport.java:215)
        at java.util.concurrent.locks.AbstractQueuedSynchronizer$ConditionObject.awaitNanos(AbstractQueuedSynchronizer.java:2078)
        at java.util.concurrent.LinkedBlockingQueue.poll(LinkedBlockingQueue.java:467)
        at org.apache.hadoop.ipc.CallQueueManager.take(CallQueueManager.java:317)
        at org.apache.hadoop.ipc.Server$Handler.run(Server.java:3014)
"78f89d9b-e409-4704-890b-bfcfbcdfd28a@group-9D5BCF0FDB08-StateMachineUpdater" daemon prio=5 tid=1225 timed_waiting
java.lang.Thread.State: TIMED_WAITING
        at sun.misc.Unsafe.park(Native Method)
        at java.util.concurrent.locks.LockSupport.parkNanos(LockSupport.java:215)
        at java.util.concurrent.locks.AbstractQueuedSynchronizer$ConditionObject.await(AbstractQueuedSynchronizer.java:2163)
        at org.apache.ratis.util.AwaitForSignal.await(AwaitForSignal.java:65)
        at org.apache.ratis.server.impl.StateMachineUpdater.waitForCommit(StateMachineUpdater.java:211)
        at org.apache.ratis.server.impl.StateMachineUpdater.run(StateMachineUpdater.java:180)
        at java.lang.Thread.run(Thread.java:750)
"FullTableCache-Cleanup-0" daemon prio=5 tid=1514 in Object.wait()
java.lang.Thread.State: WAITING (on object monitor)
        at sun.misc.Unsafe.park(Native Method)
        at java.util.concurrent.locks.LockSupport.park(LockSupport.java:175)
        at java.util.concurrent.locks.AbstractQueuedSynchronizer$ConditionObject.await(AbstractQueuedSynchronizer.java:2039)
        at java.util.concurrent.LinkedBlockingQueue.take(LinkedBlockingQueue.java:442)
        at java.util.concurrent.ThreadPoolExecutor.getTask(ThreadPoolExecutor.java:1074)
        at java.util.concurrent.ThreadPoolExecutor.runWorker(ThreadPoolExecutor.java:1134)
        at java.util.concurrent.ThreadPoolExecutor$Worker.run(ThreadPoolExecutor.java:624)
        at java.lang.Thread.run(Thread.java:750)
"4e8f68d6-fd98-4f77-87e3-715939181693@group-89543CF42D33->dc26353c-d48a-467d-89cd-3a7c4b626396-GrpcLogAppender-LogAppenderDaemon" daemon prio=5 tid=1581 timed_waiting
java.lang.Thread.State: TIMED_WAITING
        at sun.misc.Unsafe.park(Native Method)
        at java.util.concurrent.locks.LockSupport.parkNanos(LockSupport.java:215)
        at java.util.concurrent.locks.AbstractQueuedSynchronizer$ConditionObject.await(AbstractQueuedSynchronizer.java:2163)
        at org.apache.ratis.util.AwaitForSignal.await(AwaitForSignal.java:65)
        at org.apache.ratis.grpc.server.GrpcLogAppender.mayWait(GrpcLogAppender.java:286)
        at org.apache.ratis.grpc.server.GrpcLogAppender.run(GrpcLogAppender.java:254)
        at org.apache.ratis.server.leader.LogAppenderDaemon.run(LogAppenderDaemon.java:80)
        at org.apache.ratis.server.leader.LogAppenderDaemon$$Lambda$1370/616798254.run(Unknown Source)
        at java.lang.Thread.run(Thread.java:750)
"86ab988c-fa9c-425d-a1c6-9004ff7fd93d@group-83D984655C73-StateMachineUpdater" daemon prio=5 tid=1119 timed_waiting
java.lang.Thread.State: TIMED_WAITING
        at sun.misc.Unsafe.park(Native Method)
        at java.util.concurrent.locks.LockSupport.parkNanos(LockSupport.java:215)
        at java.util.concurrent.locks.AbstractQueuedSynchronizer$ConditionObject.await(AbstractQueuedSynchronizer.java:2163)
        at org.apache.ratis.util.AwaitForSignal.await(AwaitForSignal.java:65)
        at org.apache.ratis.server.impl.StateMachineUpdater.waitForCommit(StateMachineUpdater.java:211)
        at org.apache.ratis.server.impl.StateMachineUpdater.run(StateMachineUpdater.java:180)
        at java.lang.Thread.run(Thread.java:750)
"IPC Server idle connection scanner for port 15000" daemon prio=5 tid=40 timed_waiting
java.lang.Thread.State: TIMED_WAITING
        at java.lang.Object.wait(Native Method)
        at java.util.TimerThread.mainLoop(Timer.java:552)
        at java.util.TimerThread.run(Timer.java:505)
"dc26353c-d48a-467d-89cd-3a7c4b626396-DatanodeStateMachineTaskThread-0"  prio=5 tid=574 in Object.wait()
java.lang.Thread.State: WAITING (on object monitor)
        at sun.misc.Unsafe.park(Native Method)
        at java.util.concurrent.locks.LockSupport.park(LockSupport.java:175)
        at java.util.concurrent.locks.AbstractQueuedSynchronizer$ConditionObject.await(AbstractQueuedSynchronizer.java:2039)
        at java.util.concurrent.LinkedBlockingQueue.take(LinkedBlockingQueue.java:442)
        at java.util.concurrent.ThreadPoolExecutor.getTask(ThreadPoolExecutor.java:1074)
        at java.util.concurrent.ThreadPoolExecutor.runWorker(ThreadPoolExecutor.java:1134)
        at java.util.concurrent.ThreadPoolExecutor$Worker.run(ThreadPoolExecutor.java:624)
        at java.lang.Thread.run(Thread.java:750)
"IPC Server handler 59 on default port 15001" daemon prio=5 tid=213 timed_waiting
java.lang.Thread.State: TIMED_WAITING
        at sun.misc.Unsafe.park(Native Method)
        at java.util.concurrent.locks.LockSupport.parkNanos(LockSupport.java:215)
        at java.util.concurrent.locks.AbstractQueuedSynchronizer$ConditionObject.awaitNanos(AbstractQueuedSynchronizer.java:2078)
        at java.util.concurrent.LinkedBlockingQueue.poll(LinkedBlockingQueue.java:467)
        at org.apache.hadoop.ipc.CallQueueManager.take(CallQueueManager.java:317)
        at org.apache.hadoop.ipc.Server$Handler.run(Server.java:3014)
"86ab988c-fa9c-425d-a1c6-9004ff7fd93d-BlockDeletingService#2" daemon prio=5 tid=2359 in Object.wait()
java.lang.Thread.State: WAITING (on object monitor)
        at sun.misc.Unsafe.park(Native Method)
        at java.util.concurrent.locks.LockSupport.park(LockSupport.java:175)
        at java.util.concurrent.locks.AbstractQueuedSynchronizer$ConditionObject.await(AbstractQueuedSynchronizer.java:2039)
        at java.util.concurrent.ScheduledThreadPoolExecutor$DelayedWorkQueue.take(ScheduledThreadPoolExecutor.java:1088)
        at java.util.concurrent.ScheduledThreadPoolExecutor$DelayedWorkQueue.take(ScheduledThreadPoolExecutor.java:809)
        at java.util.concurrent.ThreadPoolExecutor.getTask(ThreadPoolExecutor.java:1074)
        at java.util.concurrent.ThreadPoolExecutor.runWorker(ThreadPoolExecutor.java:1134)
        at java.util.concurrent.ThreadPoolExecutor$Worker.run(ThreadPoolExecutor.java:624)
        at java.lang.Thread.run(Thread.java:750)
"Hadoop-Metrics-Updater-0" daemon prio=5 tid=37 timed_waiting
java.lang.Thread.State: TIMED_WAITING
        at sun.misc.Unsafe.park(Native Method)
        at java.util.concurrent.locks.LockSupport.parkNanos(LockSupport.java:215)
        at java.util.concurrent.locks.AbstractQueuedSynchronizer$ConditionObject.awaitNanos(AbstractQueuedSynchronizer.java:2078)
        at java.util.concurrent.ScheduledThreadPoolExecutor$DelayedWorkQueue.take(ScheduledThreadPoolExecutor.java:1093)
        at java.util.concurrent.ScheduledThreadPoolExecutor$DelayedWorkQueue.take(ScheduledThreadPoolExecutor.java:809)
        at java.util.concurrent.ThreadPoolExecutor.getTask(ThreadPoolExecutor.java:1074)
        at java.util.concurrent.ThreadPoolExecutor.runWorker(ThreadPoolExecutor.java:1134)
        at java.util.concurrent.ThreadPoolExecutor$Worker.run(ThreadPoolExecutor.java:624)
        at java.lang.Thread.run(Thread.java:750)
"d25dc3b0-28fc-4383-b1a0-617845025f41-DatanodeStateMachineDaemonThread" daemon prio=5 tid=509 timed_waiting
java.lang.Thread.State: TIMED_WAITING
        at java.lang.Thread.sleep(Native Method)
        at org.apache.hadoop.ozone.container.common.statemachine.DatanodeStateMachine.startStateMachineThread(DatanodeStateMachine.java:369)
        at org.apache.hadoop.ozone.container.common.statemachine.DatanodeStateMachine.lambda$startDaemon$1(DatanodeStateMachine.java:556)
        at org.apache.hadoop.ozone.container.common.statemachine.DatanodeStateMachine$$Lambda$1030/2092369521.run(Unknown Source)
        at java.lang.Thread.run(Thread.java:750)
"IPC Server handler 24 on default port 15002" daemon prio=5 tid=278 timed_waiting
java.lang.Thread.State: TIMED_WAITING
        at sun.misc.Unsafe.park(Native Method)
        at java.util.concurrent.locks.LockSupport.parkNanos(LockSupport.java:215)
        at java.util.concurrent.locks.AbstractQueuedSynchronizer$ConditionObject.awaitNanos(AbstractQueuedSynchronizer.java:2078)
        at java.util.concurrent.LinkedBlockingQueue.poll(LinkedBlockingQueue.java:467)
        at org.apache.hadoop.ipc.CallQueueManager.take(CallQueueManager.java:317)
        at org.apache.hadoop.ipc.Server$Handler.run(Server.java:3014)
"IPC Server handler 70 on default port 15000" daemon prio=5 tid=124 timed_waiting
java.lang.Thread.State: TIMED_WAITING
        at sun.misc.Unsafe.park(Native Method)
        at java.util.concurrent.locks.LockSupport.parkNanos(LockSupport.java:215)
        at java.util.concurrent.locks.AbstractQueuedSynchronizer$ConditionObject.awaitNanos(AbstractQueuedSynchronizer.java:2078)
        at java.util.concurrent.LinkedBlockingQueue.poll(LinkedBlockingQueue.java:467)
        at org.apache.hadoop.ipc.CallQueueManager.take(CallQueueManager.java:317)
        at org.apache.hadoop.ipc.Server$Handler.run(Server.java:3014)
"IPC Server handler 74 on default port 15002" daemon prio=5 tid=328 timed_waiting
java.lang.Thread.State: TIMED_WAITING
        at sun.misc.Unsafe.park(Native Method)
        at java.util.concurrent.locks.LockSupport.parkNanos(LockSupport.java:215)
        at java.util.concurrent.locks.AbstractQueuedSynchronizer$ConditionObject.awaitNanos(AbstractQueuedSynchronizer.java:2078)
        at java.util.concurrent.LinkedBlockingQueue.poll(LinkedBlockingQueue.java:467)
        at org.apache.hadoop.ipc.CallQueueManager.take(CallQueueManager.java:317)
        at org.apache.hadoop.ipc.Server$Handler.run(Server.java:3014)
"IPC Server handler 29 on default port 15002" daemon prio=5 tid=283 timed_waiting
java.lang.Thread.State: TIMED_WAITING
        at sun.misc.Unsafe.park(Native Method)
        at java.util.concurrent.locks.LockSupport.parkNanos(LockSupport.java:215)
        at java.util.concurrent.locks.AbstractQueuedSynchronizer$ConditionObject.awaitNanos(AbstractQueuedSynchronizer.java:2078)
        at java.util.concurrent.LinkedBlockingQueue.poll(LinkedBlockingQueue.java:467)
        at org.apache.hadoop.ipc.CallQueueManager.take(CallQueueManager.java:317)
        at org.apache.hadoop.ipc.Server$Handler.run(Server.java:3014)
"StaleRecoveringContainerScrubbingService#3" daemon prio=5 tid=1999 in Object.wait()
java.lang.Thread.State: WAITING (on object monitor)
        at sun.misc.Unsafe.park(Native Method)
        at java.util.concurrent.locks.LockSupport.park(LockSupport.java:175)
        at java.util.concurrent.locks.AbstractQueuedSynchronizer$ConditionObject.await(AbstractQueuedSynchronizer.java:2039)
        at java.util.concurrent.ScheduledThreadPoolExecutor$DelayedWorkQueue.take(ScheduledThreadPoolExecutor.java:1088)
        at java.util.concurrent.ScheduledThreadPoolExecutor$DelayedWorkQueue.take(ScheduledThreadPoolExecutor.java:809)
        at java.util.concurrent.ThreadPoolExecutor.getTask(ThreadPoolExecutor.java:1074)
        at java.util.concurrent.ThreadPoolExecutor.runWorker(ThreadPoolExecutor.java:1134)
        at java.util.concurrent.ThreadPoolExecutor$Worker.run(ThreadPoolExecutor.java:624)
        at java.lang.Thread.run(Thread.java:750)
"78f89d9b-e409-4704-890b-bfcfbcdfd28a-ChunkReader-3" daemon prio=5 tid=2030 in Object.wait()
java.lang.Thread.State: WAITING (on object monitor)
        at sun.misc.Unsafe.park(Native Method)
        at java.util.concurrent.locks.LockSupport.park(LockSupport.java:175)
        at java.util.concurrent.locks.AbstractQueuedSynchronizer$ConditionObject.await(AbstractQueuedSynchronizer.java:2039)
        at java.util.concurrent.LinkedBlockingQueue.take(LinkedBlockingQueue.java:442)
        at java.util.concurrent.ThreadPoolExecutor.getTask(ThreadPoolExecutor.java:1074)
        at java.util.concurrent.ThreadPoolExecutor.runWorker(ThreadPoolExecutor.java:1134)
        at java.util.concurrent.ThreadPoolExecutor$Worker.run(ThreadPoolExecutor.java:624)
        at java.lang.Thread.run(Thread.java:750)
"StaleRecoveringContainerScrubbingService#5" daemon prio=5 tid=2207 in Object.wait()
java.lang.Thread.State: WAITING (on object monitor)
        at sun.misc.Unsafe.park(Native Method)
        at java.util.concurrent.locks.LockSupport.park(LockSupport.java:175)
        at java.util.concurrent.locks.AbstractQueuedSynchronizer$ConditionObject.await(AbstractQueuedSynchronizer.java:2039)
        at java.util.concurrent.ScheduledThreadPoolExecutor$DelayedWorkQueue.take(ScheduledThreadPoolExecutor.java:1088)
        at java.util.concurrent.ScheduledThreadPoolExecutor$DelayedWorkQueue.take(ScheduledThreadPoolExecutor.java:809)
        at java.util.concurrent.ThreadPoolExecutor.getTask(ThreadPoolExecutor.java:1074)
        at java.util.concurrent.ThreadPoolExecutor.runWorker(ThreadPoolExecutor.java:1134)
        at java.util.concurrent.ThreadPoolExecutor$Worker.run(ThreadPoolExecutor.java:624)
        at java.lang.Thread.run(Thread.java:750)
"qtp1897694595-445" daemon prio=5 tid=445 timed_waiting
java.lang.Thread.State: TIMED_WAITING
        at sun.misc.Unsafe.park(Native Method)
        at java.util.concurrent.locks.LockSupport.parkNanos(LockSupport.java:215)
        at java.util.concurrent.locks.AbstractQueuedSynchronizer$ConditionObject.awaitNanos(AbstractQueuedSynchronizer.java:2078)
        at org.eclipse.jetty.util.BlockingArrayQueue.poll(BlockingArrayQueue.java:382)
        at org.eclipse.jetty.util.thread.QueuedThreadPool$Runner.idleJobPoll(QueuedThreadPool.java:974)
        at org.eclipse.jetty.util.thread.QueuedThreadPool$Runner.run(QueuedThreadPool.java:1018)
        at java.lang.Thread.run(Thread.java:750)
"86ab988c-fa9c-425d-a1c6-9004ff7fd93d-DatanodeStateMachineDaemonThread" daemon prio=5 tid=595 timed_waiting
java.lang.Thread.State: TIMED_WAITING
        at java.lang.Thread.sleep(Native Method)
        at org.apache.hadoop.ozone.container.common.statemachine.DatanodeStateMachine.startStateMachineThread(DatanodeStateMachine.java:369)
        at org.apache.hadoop.ozone.container.common.statemachine.DatanodeStateMachine.lambda$startDaemon$1(DatanodeStateMachine.java:556)
        at org.apache.hadoop.ozone.container.common.statemachine.DatanodeStateMachine$$Lambda$1030/2092369521.run(Unknown Source)
        at java.lang.Thread.run(Thread.java:750)
"StaleRecoveringContainerScrubbingService#5" daemon prio=5 tid=2212 in Object.wait()
java.lang.Thread.State: WAITING (on object monitor)
        at sun.misc.Unsafe.park(Native Method)
        at java.util.concurrent.locks.LockSupport.park(LockSupport.java:175)
        at java.util.concurrent.locks.AbstractQueuedSynchronizer$ConditionObject.await(AbstractQueuedSynchronizer.java:2039)
        at java.util.concurrent.ScheduledThreadPoolExecutor$DelayedWorkQueue.take(ScheduledThreadPoolExecutor.java:1088)
        at java.util.concurrent.ScheduledThreadPoolExecutor$DelayedWorkQueue.take(ScheduledThreadPoolExecutor.java:809)
        at java.util.concurrent.ThreadPoolExecutor.getTask(ThreadPoolExecutor.java:1074)
        at java.util.concurrent.ThreadPoolExecutor.runWorker(ThreadPoolExecutor.java:1134)
        at java.util.concurrent.ThreadPoolExecutor$Worker.run(ThreadPoolExecutor.java:624)
        at java.lang.Thread.run(Thread.java:750)
"78f89d9b-e409-4704-890b-bfcfbcdfd28a@group-68F6D74661CE-cacheEviction-AwaitToRun" daemon prio=5 tid=2154 in Object.wait()
java.lang.Thread.State: WAITING (on object monitor)
        at sun.misc.Unsafe.park(Native Method)
        at java.util.concurrent.locks.LockSupport.park(LockSupport.java:175)
        at java.util.concurrent.locks.AbstractQueuedSynchronizer$ConditionObject.await(AbstractQueuedSynchronizer.java:2039)
        at org.apache.ratis.util.AwaitForSignal.await(AwaitForSignal.java:48)
        at org.apache.ratis.util.AwaitToRun$RunnableImpl.run(AwaitToRun.java:47)
        at java.lang.Thread.run(Thread.java:750)
"IPC Server Responder" daemon prio=5 tid=450 runnable
java.lang.Thread.State: RUNNABLE
        at sun.nio.ch.EPollArrayWrapper.epollWait(Native Method)
        at sun.nio.ch.EPollArrayWrapper.poll(EPollArrayWrapper.java:269)
        at sun.nio.ch.EPollSelectorImpl.doSelect(EPollSelectorImpl.java:93)
        at sun.nio.ch.SelectorImpl.lockAndDoSelect(SelectorImpl.java:86)
        at sun.nio.ch.SelectorImpl.select(SelectorImpl.java:97)
        at org.apache.hadoop.ipc.Server$Responder.doRunLoop(Server.java:1582)
        at org.apache.hadoop.ipc.Server$Responder.run(Server.java:1565)
"FixedThreadPoolWithAffinityExecutor-1-0" daemon prio=5 tid=44 timed_waiting
java.lang.Thread.State: TIMED_WAITING
        at sun.misc.Unsafe.park(Native Method)
        at java.util.concurrent.locks.LockSupport.parkNanos(LockSupport.java:215)
        at java.util.concurrent.locks.AbstractQueuedSynchronizer$ConditionObject.awaitNanos(AbstractQueuedSynchronizer.java:2078)
        at java.util.concurrent.LinkedBlockingQueue.poll(LinkedBlockingQueue.java:467)
        at org.apache.hadoop.hdds.scm.server.ContainerReportQueue.poll(ContainerReportQueue.java:269)
        at org.apache.hadoop.hdds.scm.server.ContainerReportQueue.poll(ContainerReportQueue.java:42)
        at org.apache.hadoop.hdds.server.events.FixedThreadPoolWithAffinityExecutor$ContainerReportProcessTask.run(FixedThreadPoolWithAffinityExecutor.java:253)
        at java.util.concurrent.Executors$RunnableAdapter.call(Executors.java:511)
        at java.util.concurrent.FutureTask.run(FutureTask.java:266)
        at java.util.concurrent.ThreadPoolExecutor.runWorker(ThreadPoolExecutor.java:1149)
        at java.util.concurrent.ThreadPoolExecutor$Worker.run(ThreadPoolExecutor.java:624)
        at java.lang.Thread.run(Thread.java:750)
"JvmPauseMonitor8" daemon prio=5 tid=823 timed_waiting
java.lang.Thread.State: TIMED_WAITING
        at java.lang.Thread.sleep(Native Method)
        at java.lang.Thread.sleep(Thread.java:342)
        at java.util.concurrent.TimeUnit.sleep(TimeUnit.java:386)
        at org.apache.ratis.util.TimeDuration.sleep(TimeDuration.java:353)
        at org.apache.ratis.util.TimeDuration.sleep(TimeDuration.java:338)
        at org.apache.ratis.util.JvmPauseMonitor.detectPause(JvmPauseMonitor.java:160)
        at org.apache.ratis.util.JvmPauseMonitor.run(JvmPauseMonitor.java:149)
        at org.apache.ratis.util.JvmPauseMonitor$$Lambda$549/1343642221.run(Unknown Source)
        at java.lang.Thread.run(Thread.java:750)
"c30fedce-f286-40e0-881d-3d5a9a6e2463-ChunkReader-6" daemon prio=5 tid=2007 in Object.wait()
java.lang.Thread.State: WAITING (on object monitor)
        at sun.misc.Unsafe.park(Native Method)
        at java.util.concurrent.locks.LockSupport.park(LockSupport.java:175)
        at java.util.concurrent.locks.AbstractQueuedSynchronizer$ConditionObject.await(AbstractQueuedSynchronizer.java:2039)
        at java.util.concurrent.LinkedBlockingQueue.take(LinkedBlockingQueue.java:442)
        at java.util.concurrent.ThreadPoolExecutor.getTask(ThreadPoolExecutor.java:1074)
        at java.util.concurrent.ThreadPoolExecutor.runWorker(ThreadPoolExecutor.java:1134)
        at java.util.concurrent.ThreadPoolExecutor$Worker.run(ThreadPoolExecutor.java:624)
        at java.lang.Thread.run(Thread.java:750)
"IPC Server handler 55 on default port 15001" daemon prio=5 tid=209 timed_waiting
java.lang.Thread.State: TIMED_WAITING
        at sun.misc.Unsafe.park(Native Method)
        at java.util.concurrent.locks.LockSupport.parkNanos(LockSupport.java:215)
        at java.util.concurrent.locks.AbstractQueuedSynchronizer$ConditionObject.awaitNanos(AbstractQueuedSynchronizer.java:2078)
        at java.util.concurrent.LinkedBlockingQueue.poll(LinkedBlockingQueue.java:467)
        at org.apache.hadoop.ipc.CallQueueManager.take(CallQueueManager.java:317)
        at org.apache.hadoop.ipc.Server$Handler.run(Server.java:3014)
"PartialTableCache-Cleanup-0" daemon prio=5 tid=1561 in Object.wait()
java.lang.Thread.State: WAITING (on object monitor)
        at sun.misc.Unsafe.park(Native Method)
        at java.util.concurrent.locks.LockSupport.park(LockSupport.java:175)
        at java.util.concurrent.locks.AbstractQueuedSynchronizer$ConditionObject.await(AbstractQueuedSynchronizer.java:2039)
        at java.util.concurrent.LinkedBlockingQueue.take(LinkedBlockingQueue.java:442)
        at java.util.concurrent.ThreadPoolExecutor.getTask(ThreadPoolExecutor.java:1074)
        at java.util.concurrent.ThreadPoolExecutor.runWorker(ThreadPoolExecutor.java:1134)
        at java.util.concurrent.ThreadPoolExecutor$Worker.run(ThreadPoolExecutor.java:624)
        at java.lang.Thread.run(Thread.java:750)
"c30fedce-f286-40e0-881d-3d5a9a6e2463-DatanodeReportManager-0" daemon prio=5 tid=624 in Object.wait()
java.lang.Thread.State: WAITING (on object monitor)
        at sun.misc.Unsafe.park(Native Method)
        at java.util.concurrent.locks.LockSupport.park(LockSupport.java:175)
        at java.util.concurrent.locks.AbstractQueuedSynchronizer$ConditionObject.await(AbstractQueuedSynchronizer.java:2039)
        at java.util.concurrent.ScheduledThreadPoolExecutor$DelayedWorkQueue.take(ScheduledThreadPoolExecutor.java:1088)
        at java.util.concurrent.ScheduledThreadPoolExecutor$DelayedWorkQueue.take(ScheduledThreadPoolExecutor.java:809)
        at java.util.concurrent.ThreadPoolExecutor.getTask(ThreadPoolExecutor.java:1074)
        at java.util.concurrent.ThreadPoolExecutor.runWorker(ThreadPoolExecutor.java:1134)
        at java.util.concurrent.ThreadPoolExecutor$Worker.run(ThreadPoolExecutor.java:624)
        at java.lang.Thread.run(Thread.java:750)
"e780b093-7242-46d7-bd8f-0f810188c7b3-DatanodeReportManager-3" daemon prio=5 tid=711 timed_waiting
java.lang.Thread.State: TIMED_WAITING
        at sun.misc.Unsafe.park(Native Method)
        at java.util.concurrent.locks.LockSupport.parkNanos(LockSupport.java:215)
        at java.util.concurrent.locks.AbstractQueuedSynchronizer$ConditionObject.awaitNanos(AbstractQueuedSynchronizer.java:2078)
        at java.util.concurrent.ScheduledThreadPoolExecutor$DelayedWorkQueue.take(ScheduledThreadPoolExecutor.java:1093)
        at java.util.concurrent.ScheduledThreadPoolExecutor$DelayedWorkQueue.take(ScheduledThreadPoolExecutor.java:809)
        at java.util.concurrent.ThreadPoolExecutor.getTask(ThreadPoolExecutor.java:1074)
        at java.util.concurrent.ThreadPoolExecutor.runWorker(ThreadPoolExecutor.java:1134)
        at java.util.concurrent.ThreadPoolExecutor$Worker.run(ThreadPoolExecutor.java:624)
        at java.lang.Thread.run(Thread.java:750)
"e46a6e51-795f-4801-a523-c45a6c7f2c34-BlockDeletingService#0" daemon prio=5 tid=729 timed_waiting
java.lang.Thread.State: TIMED_WAITING
        at sun.misc.Unsafe.park(Native Method)
        at java.util.concurrent.locks.LockSupport.parkNanos(LockSupport.java:215)
        at java.util.concurrent.locks.AbstractQueuedSynchronizer$ConditionObject.awaitNanos(AbstractQueuedSynchronizer.java:2078)
        at java.util.concurrent.ScheduledThreadPoolExecutor$DelayedWorkQueue.take(ScheduledThreadPoolExecutor.java:1093)
        at java.util.concurrent.ScheduledThreadPoolExecutor$DelayedWorkQueue.take(ScheduledThreadPoolExecutor.java:809)
        at java.util.concurrent.ThreadPoolExecutor.getTask(ThreadPoolExecutor.java:1074)
        at java.util.concurrent.ThreadPoolExecutor.runWorker(ThreadPoolExecutor.java:1134)
        at java.util.concurrent.ThreadPoolExecutor$Worker.run(ThreadPoolExecutor.java:624)
        at java.lang.Thread.run(Thread.java:750)
"86ab988c-fa9c-425d-a1c6-9004ff7fd93d@group-5C1807567017-StateMachineUpdater" daemon prio=5 tid=2128 timed_waiting
java.lang.Thread.State: TIMED_WAITING
        at sun.misc.Unsafe.park(Native Method)
        at java.util.concurrent.locks.LockSupport.parkNanos(LockSupport.java:215)
        at java.util.concurrent.locks.AbstractQueuedSynchronizer$ConditionObject.await(AbstractQueuedSynchronizer.java:2163)
        at org.apache.ratis.util.AwaitForSignal.await(AwaitForSignal.java:65)
        at org.apache.ratis.server.impl.StateMachineUpdater.waitForCommit(StateMachineUpdater.java:211)
        at org.apache.ratis.server.impl.StateMachineUpdater.run(StateMachineUpdater.java:180)
        at java.lang.Thread.run(Thread.java:750)
"EventQueue-HealthyReadonlyNodeForHealthyReadOnlyNodeHandler" daemon prio=5 tid=887 in Object.wait()
java.lang.Thread.State: WAITING (on object monitor)
        at sun.misc.Unsafe.park(Native Method)
        at java.util.concurrent.locks.LockSupport.park(LockSupport.java:175)
        at java.util.concurrent.locks.AbstractQueuedSynchronizer$ConditionObject.await(AbstractQueuedSynchronizer.java:2039)
        at java.util.concurrent.LinkedBlockingQueue.take(LinkedBlockingQueue.java:442)
        at java.util.concurrent.ThreadPoolExecutor.getTask(ThreadPoolExecutor.java:1074)
        at java.util.concurrent.ThreadPoolExecutor.runWorker(ThreadPoolExecutor.java:1134)
        at java.util.concurrent.ThreadPoolExecutor$Worker.run(ThreadPoolExecutor.java:624)
        at java.lang.Thread.run(Thread.java:750)
"c30fedce-f286-40e0-881d-3d5a9a6e2463-groupManagement"  prio=5 tid=1002 in Object.wait()
java.lang.Thread.State: WAITING (on object monitor)
        at sun.misc.Unsafe.park(Native Method)
        at java.util.concurrent.locks.LockSupport.park(LockSupport.java:175)
        at java.util.concurrent.locks.AbstractQueuedSynchronizer$ConditionObject.await(AbstractQueuedSynchronizer.java:2039)
        at java.util.concurrent.LinkedBlockingQueue.take(LinkedBlockingQueue.java:442)
        at java.util.concurrent.ThreadPoolExecutor.getTask(ThreadPoolExecutor.java:1074)
        at java.util.concurrent.ThreadPoolExecutor.runWorker(ThreadPoolExecutor.java:1134)
        at java.util.concurrent.ThreadPoolExecutor$Worker.run(ThreadPoolExecutor.java:624)
        at java.lang.Thread.run(Thread.java:750)
"dc26353c-d48a-467d-89cd-3a7c4b626396@group-89543CF42D33-FollowerState" daemon prio=5 tid=1576 timed_waiting
java.lang.Thread.State: TIMED_WAITING
        at java.lang.Thread.sleep(Native Method)
        at java.lang.Thread.sleep(Thread.java:342)
        at java.util.concurrent.TimeUnit.sleep(TimeUnit.java:386)
        at org.apache.ratis.util.TimeDuration.sleep(TimeDuration.java:353)
        at org.apache.ratis.util.TimeDuration.sleep(TimeDuration.java:338)
        at org.apache.ratis.server.impl.FollowerState.run(FollowerState.java:128)
"e780b093-7242-46d7-bd8f-0f810188c7b3@group-383C4AAD3A78-StateMachineUpdater" daemon prio=5 tid=1097 timed_waiting
java.lang.Thread.State: TIMED_WAITING
        at sun.misc.Unsafe.park(Native Method)
        at java.util.concurrent.locks.LockSupport.parkNanos(LockSupport.java:215)
        at java.util.concurrent.locks.AbstractQueuedSynchronizer$ConditionObject.await(AbstractQueuedSynchronizer.java:2163)
        at org.apache.ratis.util.AwaitForSignal.await(AwaitForSignal.java:65)
        at org.apache.ratis.server.impl.StateMachineUpdater.waitForCommit(StateMachineUpdater.java:211)
        at org.apache.ratis.server.impl.StateMachineUpdater.run(StateMachineUpdater.java:180)
        at java.lang.Thread.run(Thread.java:750)
"IPC Server handler 27 on default port 15001" daemon prio=5 tid=181 timed_waiting
java.lang.Thread.State: TIMED_WAITING
        at sun.misc.Unsafe.park(Native Method)
        at java.util.concurrent.locks.LockSupport.parkNanos(LockSupport.java:215)
        at java.util.concurrent.locks.AbstractQueuedSynchronizer$ConditionObject.awaitNanos(AbstractQueuedSynchronizer.java:2078)
        at java.util.concurrent.LinkedBlockingQueue.poll(LinkedBlockingQueue.java:467)
        at org.apache.hadoop.ipc.CallQueueManager.take(CallQueueManager.java:317)
        at org.apache.hadoop.ipc.Server$Handler.run(Server.java:3014)
"c30fedce-f286-40e0-881d-3d5a9a6e2463-ChunkReader-7" daemon prio=5 tid=2008 in Object.wait()
java.lang.Thread.State: WAITING (on object monitor)
        at sun.misc.Unsafe.park(Native Method)
        at java.util.concurrent.locks.LockSupport.park(LockSupport.java:175)
        at java.util.concurrent.locks.AbstractQueuedSynchronizer$ConditionObject.await(AbstractQueuedSynchronizer.java:2039)
        at java.util.concurrent.LinkedBlockingQueue.take(LinkedBlockingQueue.java:442)
        at java.util.concurrent.ThreadPoolExecutor.getTask(ThreadPoolExecutor.java:1074)
        at java.util.concurrent.ThreadPoolExecutor.runWorker(ThreadPoolExecutor.java:1134)
        at java.util.concurrent.ThreadPoolExecutor$Worker.run(ThreadPoolExecutor.java:624)
        at java.lang.Thread.run(Thread.java:750)
"IPC Server handler 23 on default port 15002" daemon prio=5 tid=277 timed_waiting
java.lang.Thread.State: TIMED_WAITING
        at sun.misc.Unsafe.park(Native Method)
        at java.util.concurrent.locks.LockSupport.parkNanos(LockSupport.java:215)
        at java.util.concurrent.locks.AbstractQueuedSynchronizer$ConditionObject.awaitNanos(AbstractQueuedSynchronizer.java:2078)
        at java.util.concurrent.LinkedBlockingQueue.poll(LinkedBlockingQueue.java:467)
        at org.apache.hadoop.ipc.CallQueueManager.take(CallQueueManager.java:317)
        at org.apache.hadoop.ipc.Server$Handler.run(Server.java:3014)
"13f92446-3b18-4d81-bc66-0f9b00220e72@group-68F6D74661CE-LeaderStateImpl" daemon prio=5 tid=2196 timed_waiting
java.lang.Thread.State: TIMED_WAITING
        at sun.misc.Unsafe.park(Native Method)
        at java.util.concurrent.locks.LockSupport.parkNanos(LockSupport.java:215)
        at java.util.concurrent.locks.AbstractQueuedSynchronizer$ConditionObject.awaitNanos(AbstractQueuedSynchronizer.java:2078)
        at java.util.concurrent.ArrayBlockingQueue.poll(ArrayBlockingQueue.java:418)
        at org.apache.ratis.server.impl.LeaderStateImpl$EventQueue.poll(LeaderStateImpl.java:164)
        at org.apache.ratis.server.impl.LeaderStateImpl$EventProcessor.run(LeaderStateImpl.java:762)
"qtp1920737969-667" daemon prio=5 tid=667 timed_waiting
java.lang.Thread.State: TIMED_WAITING
        at sun.misc.Unsafe.park(Native Method)
        at java.util.concurrent.locks.LockSupport.parkNanos(LockSupport.java:215)
        at java.util.concurrent.locks.AbstractQueuedSynchronizer$ConditionObject.awaitNanos(AbstractQueuedSynchronizer.java:2078)
        at org.eclipse.jetty.util.BlockingArrayQueue.poll(BlockingArrayQueue.java:382)
        at org.eclipse.jetty.util.thread.QueuedThreadPool$Runner.idleJobPoll(QueuedThreadPool.java:974)
        at org.eclipse.jetty.util.thread.QueuedThreadPool$Runner.run(QueuedThreadPool.java:1018)
        at java.lang.Thread.run(Thread.java:750)
"IPC Server handler 9 on default port 15001" daemon prio=5 tid=163 timed_waiting
java.lang.Thread.State: TIMED_WAITING
        at sun.misc.Unsafe.park(Native Method)
        at java.util.concurrent.locks.LockSupport.parkNanos(LockSupport.java:215)
        at java.util.concurrent.locks.AbstractQueuedSynchronizer$ConditionObject.awaitNanos(AbstractQueuedSynchronizer.java:2078)
        at java.util.concurrent.LinkedBlockingQueue.poll(LinkedBlockingQueue.java:467)
        at org.apache.hadoop.ipc.CallQueueManager.take(CallQueueManager.java:317)
        at org.apache.hadoop.ipc.Server$Handler.run(Server.java:3014)
"13f92446-3b18-4d81-bc66-0f9b00220e72@group-E8E8A0364F52-StateMachineUpdater" daemon prio=5 tid=2165 timed_waiting
java.lang.Thread.State: TIMED_WAITING
        at sun.misc.Unsafe.park(Native Method)
        at java.util.concurrent.locks.LockSupport.parkNanos(LockSupport.java:215)
        at java.util.concurrent.locks.AbstractQueuedSynchronizer$ConditionObject.await(AbstractQueuedSynchronizer.java:2163)
        at org.apache.ratis.util.AwaitForSignal.await(AwaitForSignal.java:65)
        at org.apache.ratis.server.impl.StateMachineUpdater.waitForCommit(StateMachineUpdater.java:211)
        at org.apache.ratis.server.impl.StateMachineUpdater.run(StateMachineUpdater.java:180)
        at java.lang.Thread.run(Thread.java:750)
"StaleRecoveringContainerScrubbingService#4" daemon prio=5 tid=2117 in Object.wait()
java.lang.Thread.State: WAITING (on object monitor)
        at sun.misc.Unsafe.park(Native Method)
        at java.util.concurrent.locks.LockSupport.park(LockSupport.java:175)
        at java.util.concurrent.locks.AbstractQueuedSynchronizer$ConditionObject.await(AbstractQueuedSynchronizer.java:2039)
        at java.util.concurrent.ScheduledThreadPoolExecutor$DelayedWorkQueue.take(ScheduledThreadPoolExecutor.java:1088)
        at java.util.concurrent.ScheduledThreadPoolExecutor$DelayedWorkQueue.take(ScheduledThreadPoolExecutor.java:809)
        at java.util.concurrent.ThreadPoolExecutor.getTask(ThreadPoolExecutor.java:1074)
        at java.util.concurrent.ThreadPoolExecutor.runWorker(ThreadPoolExecutor.java:1134)
        at java.util.concurrent.ThreadPoolExecutor$Worker.run(ThreadPoolExecutor.java:624)
        at java.lang.Thread.run(Thread.java:750)
"e780b093-7242-46d7-bd8f-0f810188c7b3-EndpointStateMachineTaskThread-/0.0.0.0:15002-0 "  prio=5 tid=862 in Object.wait()
java.lang.Thread.State: WAITING (on object monitor)
        at sun.misc.Unsafe.park(Native Method)
        at java.util.concurrent.locks.LockSupport.park(LockSupport.java:175)
        at java.util.concurrent.locks.AbstractQueuedSynchronizer$ConditionObject.await(AbstractQueuedSynchronizer.java:2039)
        at java.util.concurrent.LinkedBlockingQueue.take(LinkedBlockingQueue.java:442)
        at java.util.concurrent.ThreadPoolExecutor.getTask(ThreadPoolExecutor.java:1074)
        at java.util.concurrent.ThreadPoolExecutor.runWorker(ThreadPoolExecutor.java:1134)
        at java.util.concurrent.ThreadPoolExecutor$Worker.run(ThreadPoolExecutor.java:624)
        at java.lang.Thread.run(Thread.java:750)
"IPC Server handler 4 on default port 15004" daemon prio=5 tid=416 timed_waiting
java.lang.Thread.State: TIMED_WAITING
        at sun.misc.Unsafe.park(Native Method)
        at java.util.concurrent.locks.LockSupport.parkNanos(LockSupport.java:215)
        at java.util.concurrent.locks.AbstractQueuedSynchronizer$ConditionObject.awaitNanos(AbstractQueuedSynchronizer.java:2078)
        at java.util.concurrent.LinkedBlockingQueue.poll(LinkedBlockingQueue.java:467)
        at org.apache.hadoop.ipc.CallQueueManager.take(CallQueueManager.java:317)
        at org.apache.hadoop.ipc.Server$Handler.run(Server.java:3014)
"e780b093-7242-46d7-bd8f-0f810188c7b3-ChunkReader-9" daemon prio=5 tid=2028 in Object.wait()
java.lang.Thread.State: WAITING (on object monitor)
        at sun.misc.Unsafe.park(Native Method)
        at java.util.concurrent.locks.LockSupport.park(LockSupport.java:175)
        at java.util.concurrent.locks.AbstractQueuedSynchronizer$ConditionObject.await(AbstractQueuedSynchronizer.java:2039)
        at java.util.concurrent.LinkedBlockingQueue.take(LinkedBlockingQueue.java:442)
        at java.util.concurrent.ThreadPoolExecutor.getTask(ThreadPoolExecutor.java:1074)
        at java.util.concurrent.ThreadPoolExecutor.runWorker(ThreadPoolExecutor.java:1134)
        at java.util.concurrent.ThreadPoolExecutor$Worker.run(ThreadPoolExecutor.java:624)
        at java.lang.Thread.run(Thread.java:750)
"d25dc3b0-28fc-4383-b1a0-617845025f41-server-thread1" daemon prio=5 tid=1765 timed_waiting
java.lang.Thread.State: TIMED_WAITING
        at sun.misc.Unsafe.park(Native Method)
        at java.util.concurrent.locks.LockSupport.parkNanos(LockSupport.java:215)
        at java.util.concurrent.SynchronousQueue$TransferStack.awaitFulfill(SynchronousQueue.java:460)
        at java.util.concurrent.SynchronousQueue$TransferStack.transfer(SynchronousQueue.java:362)
        at java.util.concurrent.SynchronousQueue.poll(SynchronousQueue.java:941)
        at java.util.concurrent.ThreadPoolExecutor.getTask(ThreadPoolExecutor.java:1073)
        at java.util.concurrent.ThreadPoolExecutor.runWorker(ThreadPoolExecutor.java:1134)
        at java.util.concurrent.ThreadPoolExecutor$Worker.run(ThreadPoolExecutor.java:624)
        at java.lang.Thread.run(Thread.java:750)
"StaleRecoveringContainerScrubbingService#5" daemon prio=5 tid=2204 in Object.wait()
java.lang.Thread.State: WAITING (on object monitor)
        at sun.misc.Unsafe.park(Native Method)
        at java.util.concurrent.locks.LockSupport.park(LockSupport.java:175)
        at java.util.concurrent.locks.AbstractQueuedSynchronizer$ConditionObject.await(AbstractQueuedSynchronizer.java:2039)
        at java.util.concurrent.ScheduledThreadPoolExecutor$DelayedWorkQueue.take(ScheduledThreadPoolExecutor.java:1088)
        at java.util.concurrent.ScheduledThreadPoolExecutor$DelayedWorkQueue.take(ScheduledThreadPoolExecutor.java:809)
        at java.util.concurrent.ThreadPoolExecutor.getTask(ThreadPoolExecutor.java:1074)
        at java.util.concurrent.ThreadPoolExecutor.runWorker(ThreadPoolExecutor.java:1134)
        at java.util.concurrent.ThreadPoolExecutor$Worker.run(ThreadPoolExecutor.java:624)
        at java.lang.Thread.run(Thread.java:750)
"4e8f68d6-fd98-4f77-87e3-715939181693@group-9D5BCF0FDB08-cacheEviction-AwaitToRun" daemon prio=5 tid=1134 in Object.wait()
java.lang.Thread.State: WAITING (on object monitor)
        at sun.misc.Unsafe.park(Native Method)
        at java.util.concurrent.locks.LockSupport.park(LockSupport.java:175)
        at java.util.concurrent.locks.AbstractQueuedSynchronizer$ConditionObject.await(AbstractQueuedSynchronizer.java:2039)
        at org.apache.ratis.util.AwaitForSignal.await(AwaitForSignal.java:48)
        at org.apache.ratis.util.AwaitToRun$RunnableImpl.run(AwaitToRun.java:47)
        at java.lang.Thread.run(Thread.java:750)
"4e8f68d6-fd98-4f77-87e3-715939181693-server-thread3" daemon prio=5 tid=1875 timed_waiting
java.lang.Thread.State: TIMED_WAITING
        at sun.misc.Unsafe.park(Native Method)
        at java.util.concurrent.locks.LockSupport.parkNanos(LockSupport.java:215)
        at java.util.concurrent.SynchronousQueue$TransferStack.awaitFulfill(SynchronousQueue.java:460)
        at java.util.concurrent.SynchronousQueue$TransferStack.transfer(SynchronousQueue.java:362)
        at java.util.concurrent.SynchronousQueue.poll(SynchronousQueue.java:941)
        at java.util.concurrent.ThreadPoolExecutor.getTask(ThreadPoolExecutor.java:1073)
        at java.util.concurrent.ThreadPoolExecutor.runWorker(ThreadPoolExecutor.java:1134)
        at java.util.concurrent.ThreadPoolExecutor$Worker.run(ThreadPoolExecutor.java:624)
        at java.lang.Thread.run(Thread.java:750)
"e46a6e51-795f-4801-a523-c45a6c7f2c34-server-thread2" daemon prio=5 tid=1873 timed_waiting
java.lang.Thread.State: TIMED_WAITING
        at sun.misc.Unsafe.park(Native Method)
        at java.util.concurrent.locks.LockSupport.parkNanos(LockSupport.java:215)
        at java.util.concurrent.SynchronousQueue$TransferStack.awaitFulfill(SynchronousQueue.java:460)
        at java.util.concurrent.SynchronousQueue$TransferStack.transfer(SynchronousQueue.java:362)
        at java.util.concurrent.SynchronousQueue.poll(SynchronousQueue.java:941)
        at java.util.concurrent.ThreadPoolExecutor.getTask(ThreadPoolExecutor.java:1073)
        at java.util.concurrent.ThreadPoolExecutor.runWorker(ThreadPoolExecutor.java:1134)
        at java.util.concurrent.ThreadPoolExecutor$Worker.run(ThreadPoolExecutor.java:624)
        at java.lang.Thread.run(Thread.java:750)
"ReplicationMonitor" daemon prio=5 tid=2337 timed_waiting
java.lang.Thread.State: TIMED_WAITING
        at java.lang.Object.wait(Native Method)
        at org.apache.hadoop.hdds.scm.container.replication.ReplicationManager.run(ReplicationManager.java:930)
        at org.apache.hadoop.hdds.scm.container.replication.ReplicationManager$$Lambda$502/2055152199.run(Unknown Source)
        at java.lang.Thread.run(Thread.java:750)
"om1-SnapshotDiffCleanupService#0" daemon prio=5 tid=373 timed_waiting
java.lang.Thread.State: TIMED_WAITING
        at sun.misc.Unsafe.park(Native Method)
        at java.util.concurrent.locks.LockSupport.parkNanos(LockSupport.java:215)
        at java.util.concurrent.locks.AbstractQueuedSynchronizer$ConditionObject.awaitNanos(AbstractQueuedSynchronizer.java:2078)
        at java.util.concurrent.ScheduledThreadPoolExecutor$DelayedWorkQueue.take(ScheduledThreadPoolExecutor.java:1093)
        at java.util.concurrent.ScheduledThreadPoolExecutor$DelayedWorkQueue.take(ScheduledThreadPoolExecutor.java:809)
        at java.util.concurrent.ThreadPoolExecutor.getTask(ThreadPoolExecutor.java:1074)
        at java.util.concurrent.ThreadPoolExecutor.runWorker(ThreadPoolExecutor.java:1134)
        at java.util.concurrent.ThreadPoolExecutor$Worker.run(ThreadPoolExecutor.java:624)
        at java.lang.Thread.run(Thread.java:750)
"d25dc3b0-28fc-4383-b1a0-617845025f41-server-thread2" daemon prio=5 tid=1767 timed_waiting
java.lang.Thread.State: TIMED_WAITING
        at sun.misc.Unsafe.park(Native Method)
        at java.util.concurrent.locks.LockSupport.parkNanos(LockSupport.java:215)
        at java.util.concurrent.SynchronousQueue$TransferStack.awaitFulfill(SynchronousQueue.java:460)
        at java.util.concurrent.SynchronousQueue$TransferStack.transfer(SynchronousQueue.java:362)
        at java.util.concurrent.SynchronousQueue.poll(SynchronousQueue.java:941)
        at java.util.concurrent.ThreadPoolExecutor.getTask(ThreadPoolExecutor.java:1073)
        at java.util.concurrent.ThreadPoolExecutor.runWorker(ThreadPoolExecutor.java:1134)
        at java.util.concurrent.ThreadPoolExecutor$Worker.run(ThreadPoolExecutor.java:624)
        at java.lang.Thread.run(Thread.java:750)
"c30fedce-f286-40e0-881d-3d5a9a6e2463-DatanodeReportManager-2" daemon prio=5 tid=626 in Object.wait()
java.lang.Thread.State: WAITING (on object monitor)
        at sun.misc.Unsafe.park(Native Method)
        at java.util.concurrent.locks.LockSupport.park(LockSupport.java:175)
        at java.util.concurrent.locks.AbstractQueuedSynchronizer$ConditionObject.await(AbstractQueuedSynchronizer.java:2039)
        at java.util.concurrent.ScheduledThreadPoolExecutor$DelayedWorkQueue.take(ScheduledThreadPoolExecutor.java:1088)
        at java.util.concurrent.ScheduledThreadPoolExecutor$DelayedWorkQueue.take(ScheduledThreadPoolExecutor.java:809)
        at java.util.concurrent.ThreadPoolExecutor.getTask(ThreadPoolExecutor.java:1074)
        at java.util.concurrent.ThreadPoolExecutor.runWorker(ThreadPoolExecutor.java:1134)
        at java.util.concurrent.ThreadPoolExecutor$Worker.run(ThreadPoolExecutor.java:624)
        at java.lang.Thread.run(Thread.java:750)
"Hadoop-Metrics-Updater-0" daemon prio=5 tid=507 timed_waiting
java.lang.Thread.State: TIMED_WAITING
        at sun.misc.Unsafe.park(Native Method)
        at java.util.concurrent.locks.LockSupport.parkNanos(LockSupport.java:215)
        at java.util.concurrent.locks.AbstractQueuedSynchronizer$ConditionObject.awaitNanos(AbstractQueuedSynchronizer.java:2078)
        at java.util.concurrent.ScheduledThreadPoolExecutor$DelayedWorkQueue.take(ScheduledThreadPoolExecutor.java:1093)
        at java.util.concurrent.ScheduledThreadPoolExecutor$DelayedWorkQueue.take(ScheduledThreadPoolExecutor.java:809)
        at java.util.concurrent.ThreadPoolExecutor.getTask(ThreadPoolExecutor.java:1074)
        at java.util.concurrent.ThreadPoolExecutor.runWorker(ThreadPoolExecutor.java:1134)
        at java.util.concurrent.ThreadPoolExecutor$Worker.run(ThreadPoolExecutor.java:624)
        at java.lang.Thread.run(Thread.java:750)
"d25dc3b0-28fc-4383-b1a0-617845025f41@group-3075FEAC11D2-StateMachineUpdater" daemon prio=5 tid=1042 timed_waiting
java.lang.Thread.State: TIMED_WAITING
        at sun.misc.Unsafe.park(Native Method)
        at java.util.concurrent.locks.LockSupport.parkNanos(LockSupport.java:215)
        at java.util.concurrent.locks.AbstractQueuedSynchronizer$ConditionObject.await(AbstractQueuedSynchronizer.java:2163)
        at org.apache.ratis.util.AwaitForSignal.await(AwaitForSignal.java:65)
        at org.apache.ratis.server.impl.StateMachineUpdater.waitForCommit(StateMachineUpdater.java:211)
        at org.apache.ratis.server.impl.StateMachineUpdater.run(StateMachineUpdater.java:180)
        at java.lang.Thread.run(Thread.java:750)
"78f89d9b-e409-4704-890b-bfcfbcdfd28a-server-thread2" daemon prio=5 tid=2182 timed_waiting
java.lang.Thread.State: TIMED_WAITING
        at sun.misc.Unsafe.park(Native Method)
        at java.util.concurrent.locks.LockSupport.parkNanos(LockSupport.java:215)
        at java.util.concurrent.SynchronousQueue$TransferStack.awaitFulfill(SynchronousQueue.java:460)
        at java.util.concurrent.SynchronousQueue$TransferStack.transfer(SynchronousQueue.java:362)
        at java.util.concurrent.SynchronousQueue.poll(SynchronousQueue.java:941)
        at java.util.concurrent.ThreadPoolExecutor.getTask(ThreadPoolExecutor.java:1073)
        at java.util.concurrent.ThreadPoolExecutor.runWorker(ThreadPoolExecutor.java:1134)
        at java.util.concurrent.ThreadPoolExecutor$Worker.run(ThreadPoolExecutor.java:624)
        at java.lang.Thread.run(Thread.java:750)
"IPC Server listener on 15082" daemon prio=5 tid=673 runnable
java.lang.Thread.State: RUNNABLE
        at sun.nio.ch.EPollArrayWrapper.epollWait(Native Method)
        at sun.nio.ch.EPollArrayWrapper.poll(EPollArrayWrapper.java:269)
        at sun.nio.ch.EPollSelectorImpl.doSelect(EPollSelectorImpl.java:93)
        at sun.nio.ch.SelectorImpl.lockAndDoSelect(SelectorImpl.java:86)
        at sun.nio.ch.SelectorImpl.select(SelectorImpl.java:97)
        at sun.nio.ch.SelectorImpl.select(SelectorImpl.java:101)
        at org.apache.hadoop.ipc.Server$Listener.run(Server.java:1408)
"IPC Server handler 86 on default port 15001" daemon prio=5 tid=240 timed_waiting
java.lang.Thread.State: TIMED_WAITING
        at sun.misc.Unsafe.park(Native Method)
        at java.util.concurrent.locks.LockSupport.parkNanos(LockSupport.java:215)
        at java.util.concurrent.locks.AbstractQueuedSynchronizer$ConditionObject.awaitNanos(AbstractQueuedSynchronizer.java:2078)
        at java.util.concurrent.LinkedBlockingQueue.poll(LinkedBlockingQueue.java:467)
        at org.apache.hadoop.ipc.CallQueueManager.take(CallQueueManager.java:317)
        at org.apache.hadoop.ipc.Server$Handler.run(Server.java:3014)
"e46a6e51-795f-4801-a523-c45a6c7f2c34@group-D74CD222B38A-StateMachineUpdater" daemon prio=5 tid=1059 timed_waiting
java.lang.Thread.State: TIMED_WAITING
        at sun.misc.Unsafe.park(Native Method)
        at java.util.concurrent.locks.LockSupport.parkNanos(LockSupport.java:215)
        at java.util.concurrent.locks.AbstractQueuedSynchronizer$ConditionObject.await(AbstractQueuedSynchronizer.java:2163)
        at org.apache.ratis.util.AwaitForSignal.await(AwaitForSignal.java:65)
        at org.apache.ratis.server.impl.StateMachineUpdater.waitForCommit(StateMachineUpdater.java:211)
        at org.apache.ratis.server.impl.StateMachineUpdater.run(StateMachineUpdater.java:180)
        at java.lang.Thread.run(Thread.java:750)
"IPC Server handler 85 on default port 15001" daemon prio=5 tid=239 timed_waiting
java.lang.Thread.State: TIMED_WAITING
        at sun.misc.Unsafe.park(Native Method)
        at java.util.concurrent.locks.LockSupport.parkNanos(LockSupport.java:215)
        at java.util.concurrent.locks.AbstractQueuedSynchronizer$ConditionObject.awaitNanos(AbstractQueuedSynchronizer.java:2078)
        at java.util.concurrent.LinkedBlockingQueue.poll(LinkedBlockingQueue.java:467)
        at org.apache.hadoop.ipc.CallQueueManager.take(CallQueueManager.java:317)
        at org.apache.hadoop.ipc.Server$Handler.run(Server.java:3014)
"StaleRecoveringContainerScrubbingService#1" daemon prio=5 tid=764 in Object.wait()
java.lang.Thread.State: WAITING (on object monitor)
        at sun.misc.Unsafe.park(Native Method)
        at java.util.concurrent.locks.LockSupport.park(LockSupport.java:175)
        at java.util.concurrent.locks.AbstractQueuedSynchronizer$ConditionObject.await(AbstractQueuedSynchronizer.java:2039)
        at java.util.concurrent.ScheduledThreadPoolExecutor$DelayedWorkQueue.take(ScheduledThreadPoolExecutor.java:1088)
        at java.util.concurrent.ScheduledThreadPoolExecutor$DelayedWorkQueue.take(ScheduledThreadPoolExecutor.java:809)
        at java.util.concurrent.ThreadPoolExecutor.getTask(ThreadPoolExecutor.java:1074)
        at java.util.concurrent.ThreadPoolExecutor.runWorker(ThreadPoolExecutor.java:1134)
        at java.util.concurrent.ThreadPoolExecutor$Worker.run(ThreadPoolExecutor.java:624)
        at java.lang.Thread.run(Thread.java:750)
"Reference Handler" daemon prio=10 tid=2 in Object.wait()
java.lang.Thread.State: WAITING (on object monitor)
        at java.lang.Object.wait(Native Method)
        at java.lang.Object.wait(Object.java:502)
        at java.lang.ref.Reference.tryHandlePending(Reference.java:191)
        at java.lang.ref.Reference$ReferenceHandler.run(Reference.java:153)
"13f92446-3b18-4d81-bc66-0f9b00220e72-groupManagement"  prio=5 tid=2042 in Object.wait()
java.lang.Thread.State: WAITING (on object monitor)
        at sun.misc.Unsafe.park(Native Method)
        at java.util.concurrent.locks.LockSupport.park(LockSupport.java:175)
        at java.util.concurrent.locks.AbstractQueuedSynchronizer$ConditionObject.await(AbstractQueuedSynchronizer.java:2039)
        at java.util.concurrent.LinkedBlockingQueue.take(LinkedBlockingQueue.java:442)
        at java.util.concurrent.ThreadPoolExecutor.getTask(ThreadPoolExecutor.java:1074)
        at java.util.concurrent.ThreadPoolExecutor.runWorker(ThreadPoolExecutor.java:1134)
        at java.util.concurrent.ThreadPoolExecutor$Worker.run(ThreadPoolExecutor.java:624)
        at java.lang.Thread.run(Thread.java:750)
"StaleRecoveringContainerScrubbingService#7" daemon prio=5 tid=2354 in Object.wait()
java.lang.Thread.State: WAITING (on object monitor)
        at sun.misc.Unsafe.park(Native Method)
        at java.util.concurrent.locks.LockSupport.park(LockSupport.java:175)
        at java.util.concurrent.locks.AbstractQueuedSynchronizer$ConditionObject.await(AbstractQueuedSynchronizer.java:2039)
        at java.util.concurrent.ScheduledThreadPoolExecutor$DelayedWorkQueue.take(ScheduledThreadPoolExecutor.java:1088)
        at java.util.concurrent.ScheduledThreadPoolExecutor$DelayedWorkQueue.take(ScheduledThreadPoolExecutor.java:809)
        at java.util.concurrent.ThreadPoolExecutor.getTask(ThreadPoolExecutor.java:1074)
        at java.util.concurrent.ThreadPoolExecutor.runWorker(ThreadPoolExecutor.java:1134)
        at java.util.concurrent.ThreadPoolExecutor$Worker.run(ThreadPoolExecutor.java:624)
        at java.lang.Thread.run(Thread.java:750)
"d25dc3b0-28fc-4383-b1a0-617845025f41-DatanodeStateMachineTaskThread-1"  prio=5 tid=749 in Object.wait()
java.lang.Thread.State: WAITING (on object monitor)
        at sun.misc.Unsafe.park(Native Method)
        at java.util.concurrent.locks.LockSupport.park(LockSupport.java:175)
        at java.util.concurrent.locks.AbstractQueuedSynchronizer$ConditionObject.await(AbstractQueuedSynchronizer.java:2039)
        at java.util.concurrent.LinkedBlockingQueue.take(LinkedBlockingQueue.java:442)
        at java.util.concurrent.ThreadPoolExecutor.getTask(ThreadPoolExecutor.java:1074)
        at java.util.concurrent.ThreadPoolExecutor.runWorker(ThreadPoolExecutor.java:1134)
        at java.util.concurrent.ThreadPoolExecutor$Worker.run(ThreadPoolExecutor.java:624)
        at java.lang.Thread.run(Thread.java:750)
"pool-35-thread-1"  prio=5 tid=357 timed_waiting
java.lang.Thread.State: TIMED_WAITING
        at sun.misc.Unsafe.park(Native Method)
        at java.util.concurrent.locks.LockSupport.parkNanos(LockSupport.java:215)
        at java.util.concurrent.locks.AbstractQueuedSynchronizer$ConditionObject.awaitNanos(AbstractQueuedSynchronizer.java:2078)
        at java.util.concurrent.ScheduledThreadPoolExecutor$DelayedWorkQueue.take(ScheduledThreadPoolExecutor.java:1093)
        at java.util.concurrent.ScheduledThreadPoolExecutor$DelayedWorkQueue.take(ScheduledThreadPoolExecutor.java:809)
        at java.util.concurrent.ThreadPoolExecutor.getTask(ThreadPoolExecutor.java:1074)
        at java.util.concurrent.ThreadPoolExecutor.runWorker(ThreadPoolExecutor.java:1134)
        at java.util.concurrent.ThreadPoolExecutor$Worker.run(ThreadPoolExecutor.java:624)
        at java.lang.Thread.run(Thread.java:750)
"d25dc3b0-28fc-4383-b1a0-617845025f41@group-3075FEAC11D2-cacheEviction-AwaitToRun" daemon prio=5 tid=1034 in Object.wait()
java.lang.Thread.State: WAITING (on object monitor)
        at sun.misc.Unsafe.park(Native Method)
        at java.util.concurrent.locks.LockSupport.park(LockSupport.java:175)
        at java.util.concurrent.locks.AbstractQueuedSynchronizer$ConditionObject.await(AbstractQueuedSynchronizer.java:2039)
        at org.apache.ratis.util.AwaitForSignal.await(AwaitForSignal.java:48)
        at org.apache.ratis.util.AwaitToRun$RunnableImpl.run(AwaitToRun.java:47)
        at java.lang.Thread.run(Thread.java:750)
"StaleRecoveringContainerScrubbingService#1" daemon prio=5 tid=731 timed_waiting
java.lang.Thread.State: TIMED_WAITING
        at sun.misc.Unsafe.park(Native Method)
        at java.util.concurrent.locks.LockSupport.parkNanos(LockSupport.java:215)
        at java.util.concurrent.locks.AbstractQueuedSynchronizer$ConditionObject.awaitNanos(AbstractQueuedSynchronizer.java:2078)
        at java.util.concurrent.ScheduledThreadPoolExecutor$DelayedWorkQueue.take(ScheduledThreadPoolExecutor.java:1093)
        at java.util.concurrent.ScheduledThreadPoolExecutor$DelayedWorkQueue.take(ScheduledThreadPoolExecutor.java:809)
        at java.util.concurrent.ThreadPoolExecutor.getTask(ThreadPoolExecutor.java:1074)
        at java.util.concurrent.ThreadPoolExecutor.runWorker(ThreadPoolExecutor.java:1134)
        at java.util.concurrent.ThreadPoolExecutor$Worker.run(ThreadPoolExecutor.java:624)
        at java.lang.Thread.run(Thread.java:750)
"86ab988c-fa9c-425d-a1c6-9004ff7fd93d@group-34E96220011A-StateMachineUpdater" daemon prio=5 tid=1338 timed_waiting
java.lang.Thread.State: TIMED_WAITING
        at sun.misc.Unsafe.park(Native Method)
        at java.util.concurrent.locks.LockSupport.parkNanos(LockSupport.java:215)
        at java.util.concurrent.locks.AbstractQueuedSynchronizer$ConditionObject.await(AbstractQueuedSynchronizer.java:2163)
        at org.apache.ratis.util.AwaitForSignal.await(AwaitForSignal.java:65)
        at org.apache.ratis.server.impl.StateMachineUpdater.waitForCommit(StateMachineUpdater.java:211)
        at org.apache.ratis.server.impl.StateMachineUpdater.run(StateMachineUpdater.java:180)
        at java.lang.Thread.run(Thread.java:750)
"78f89d9b-e409-4704-890b-bfcfbcdfd28a-EndpointStateMachineTaskThread-/0.0.0.0:15002-0 "  prio=5 tid=846 in Object.wait()
java.lang.Thread.State: WAITING (on object monitor)
        at sun.misc.Unsafe.park(Native Method)
        at java.util.concurrent.locks.LockSupport.park(LockSupport.java:175)
        at java.util.concurrent.locks.AbstractQueuedSynchronizer$ConditionObject.await(AbstractQueuedSynchronizer.java:2039)
        at java.util.concurrent.LinkedBlockingQueue.take(LinkedBlockingQueue.java:442)
        at java.util.concurrent.ThreadPoolExecutor.getTask(ThreadPoolExecutor.java:1074)
        at java.util.concurrent.ThreadPoolExecutor.runWorker(ThreadPoolExecutor.java:1134)
        at java.util.concurrent.ThreadPoolExecutor$Worker.run(ThreadPoolExecutor.java:624)
        at java.lang.Thread.run(Thread.java:750)
"Socket Reader #1 for port 15004"  prio=5 tid=383 runnable
java.lang.Thread.State: RUNNABLE
        at sun.nio.ch.EPollArrayWrapper.epollWait(Native Method)
        at sun.nio.ch.EPollArrayWrapper.poll(EPollArrayWrapper.java:269)
        at sun.nio.ch.EPollSelectorImpl.doSelect(EPollSelectorImpl.java:93)
        at sun.nio.ch.SelectorImpl.lockAndDoSelect(SelectorImpl.java:86)
        at sun.nio.ch.SelectorImpl.select(SelectorImpl.java:97)
        at sun.nio.ch.SelectorImpl.select(SelectorImpl.java:101)
        at org.apache.hadoop.ipc.Server$Listener$Reader.doRunLoop(Server.java:1346)
        at org.apache.hadoop.ipc.Server$Listener$Reader.run(Server.java:1325)
"86ab988c-fa9c-425d-a1c6-9004ff7fd93d@group-41A8147A3383-SegmentedRaftLogWorker" daemon prio=5 tid=988 timed_waiting
java.lang.Thread.State: TIMED_WAITING
        at sun.misc.Unsafe.park(Native Method)
        at java.util.concurrent.locks.LockSupport.parkNanos(LockSupport.java:215)
        at java.util.concurrent.locks.AbstractQueuedSynchronizer$ConditionObject.awaitNanos(AbstractQueuedSynchronizer.java:2078)
        at org.apache.ratis.util.DataBlockingQueue.poll(DataBlockingQueue.java:148)
        at org.apache.ratis.server.raftlog.segmented.SegmentedRaftLogWorker.run(SegmentedRaftLogWorker.java:299)
        at org.apache.ratis.server.raftlog.segmented.SegmentedRaftLogWorker$$Lambda$913/1052546256.run(Unknown Source)
        at java.util.concurrent.Executors$RunnableAdapter.call(Executors.java:511)
        at java.util.concurrent.FutureTask.run(FutureTask.java:266)
        at java.util.concurrent.ThreadPoolExecutor.runWorker(ThreadPoolExecutor.java:1149)
        at java.util.concurrent.ThreadPoolExecutor$Worker.run(ThreadPoolExecutor.java:624)
        at java.lang.Thread.run(Thread.java:750)
"IPC Server handler 88 on default port 15001" daemon prio=5 tid=242 timed_waiting
java.lang.Thread.State: TIMED_WAITING
        at sun.misc.Unsafe.park(Native Method)
        at java.util.concurrent.locks.LockSupport.parkNanos(LockSupport.java:215)
        at java.util.concurrent.locks.AbstractQueuedSynchronizer$ConditionObject.awaitNanos(AbstractQueuedSynchronizer.java:2078)
        at java.util.concurrent.LinkedBlockingQueue.poll(LinkedBlockingQueue.java:467)
        at org.apache.hadoop.ipc.CallQueueManager.take(CallQueueManager.java:317)
        at org.apache.hadoop.ipc.Server$Handler.run(Server.java:3014)
"IPC Server handler 89 on default port 15002" daemon prio=5 tid=343 timed_waiting
java.lang.Thread.State: TIMED_WAITING
        at sun.misc.Unsafe.park(Native Method)
        at java.util.concurrent.locks.LockSupport.parkNanos(LockSupport.java:215)
        at java.util.concurrent.locks.AbstractQueuedSynchronizer$ConditionObject.awaitNanos(AbstractQueuedSynchronizer.java:2078)
        at java.util.concurrent.LinkedBlockingQueue.poll(LinkedBlockingQueue.java:467)
        at org.apache.hadoop.ipc.CallQueueManager.take(CallQueueManager.java:317)
        at org.apache.hadoop.ipc.Server$Handler.run(Server.java:3014)
"4e8f68d6-fd98-4f77-87e3-715939181693@group-DD233808B888-FollowerState" daemon prio=5 tid=1510 timed_waiting
java.lang.Thread.State: TIMED_WAITING
        at java.lang.Thread.sleep(Native Method)
        at java.lang.Thread.sleep(Thread.java:342)
        at java.util.concurrent.TimeUnit.sleep(TimeUnit.java:386)
        at org.apache.ratis.util.TimeDuration.sleep(TimeDuration.java:353)
        at org.apache.ratis.util.TimeDuration.sleep(TimeDuration.java:338)
        at org.apache.ratis.server.impl.FollowerState.run(FollowerState.java:128)
"IPC Server handler 53 on default port 15002" daemon prio=5 tid=307 timed_waiting
java.lang.Thread.State: TIMED_WAITING
        at sun.misc.Unsafe.park(Native Method)
        at java.util.concurrent.locks.LockSupport.parkNanos(LockSupport.java:215)
        at java.util.concurrent.locks.AbstractQueuedSynchronizer$ConditionObject.awaitNanos(AbstractQueuedSynchronizer.java:2078)
        at java.util.concurrent.LinkedBlockingQueue.poll(LinkedBlockingQueue.java:467)
        at org.apache.hadoop.ipc.CallQueueManager.take(CallQueueManager.java:317)
        at org.apache.hadoop.ipc.Server$Handler.run(Server.java:3014)
"4e8f68d6-fd98-4f77-87e3-715939181693@group-8820B9A2DC65-cacheEviction-AwaitToRun" daemon prio=5 tid=1165 in Object.wait()
java.lang.Thread.State: WAITING (on object monitor)
        at sun.misc.Unsafe.park(Native Method)
        at java.util.concurrent.locks.LockSupport.park(LockSupport.java:175)
        at java.util.concurrent.locks.AbstractQueuedSynchronizer$ConditionObject.await(AbstractQueuedSynchronizer.java:2039)
        at org.apache.ratis.util.AwaitForSignal.await(AwaitForSignal.java:48)
        at org.apache.ratis.util.AwaitToRun$RunnableImpl.run(AwaitToRun.java:47)
        at java.lang.Thread.run(Thread.java:750)
"StaleRecoveringContainerScrubbingService#9" daemon prio=5 tid=2397 in Object.wait()
java.lang.Thread.State: WAITING (on object monitor)
        at sun.misc.Unsafe.park(Native Method)
        at java.util.concurrent.locks.LockSupport.park(LockSupport.java:175)
        at java.util.concurrent.locks.AbstractQueuedSynchronizer$ConditionObject.await(AbstractQueuedSynchronizer.java:2039)
        at java.util.concurrent.ScheduledThreadPoolExecutor$DelayedWorkQueue.take(ScheduledThreadPoolExecutor.java:1088)
        at java.util.concurrent.ScheduledThreadPoolExecutor$DelayedWorkQueue.take(ScheduledThreadPoolExecutor.java:809)
        at java.util.concurrent.ThreadPoolExecutor.getTask(ThreadPoolExecutor.java:1074)
        at java.util.concurrent.ThreadPoolExecutor.runWorker(ThreadPoolExecutor.java:1134)
        at java.util.concurrent.ThreadPoolExecutor$Worker.run(ThreadPoolExecutor.java:624)
        at java.lang.Thread.run(Thread.java:750)
"86ab988c-fa9c-425d-a1c6-9004ff7fd93d-ChunkWriter-2-0" daemon prio=5 tid=805 in Object.wait()
java.lang.Thread.State: WAITING (on object monitor)
        at sun.misc.Unsafe.park(Native Method)
        at java.util.concurrent.locks.LockSupport.park(LockSupport.java:175)
        at java.util.concurrent.locks.AbstractQueuedSynchronizer$ConditionObject.await(AbstractQueuedSynchronizer.java:2039)
        at java.util.concurrent.LinkedBlockingDeque.takeFirst(LinkedBlockingDeque.java:492)
        at java.util.concurrent.LinkedBlockingDeque.take(LinkedBlockingDeque.java:680)
        at java.util.concurrent.ThreadPoolExecutor.getTask(ThreadPoolExecutor.java:1074)
        at java.util.concurrent.ThreadPoolExecutor.runWorker(ThreadPoolExecutor.java:1134)
        at java.util.concurrent.ThreadPoolExecutor$Worker.run(ThreadPoolExecutor.java:624)
        at java.lang.Thread.run(Thread.java:750)
"c30fedce-f286-40e0-881d-3d5a9a6e2463@group-34E96220011A-StateMachineUpdater" daemon prio=5 tid=1370 timed_waiting
java.lang.Thread.State: TIMED_WAITING
        at sun.misc.Unsafe.park(Native Method)
        at java.util.concurrent.locks.LockSupport.parkNanos(LockSupport.java:215)
        at java.util.concurrent.locks.AbstractQueuedSynchronizer$ConditionObject.await(AbstractQueuedSynchronizer.java:2163)
        at org.apache.ratis.util.AwaitForSignal.await(AwaitForSignal.java:65)
        at org.apache.ratis.server.impl.StateMachineUpdater.waitForCommit(StateMachineUpdater.java:211)
        at org.apache.ratis.server.impl.StateMachineUpdater.run(StateMachineUpdater.java:180)
        at java.lang.Thread.run(Thread.java:750)
"4e8f68d6-fd98-4f77-87e3-715939181693-DatanodeReportManager-3" daemon prio=5 tid=543 timed_waiting
java.lang.Thread.State: TIMED_WAITING
        at sun.misc.Unsafe.park(Native Method)
        at java.util.concurrent.locks.LockSupport.parkNanos(LockSupport.java:215)
        at java.util.concurrent.locks.AbstractQueuedSynchronizer$ConditionObject.awaitNanos(AbstractQueuedSynchronizer.java:2078)
        at java.util.concurrent.ScheduledThreadPoolExecutor$DelayedWorkQueue.take(ScheduledThreadPoolExecutor.java:1093)
        at java.util.concurrent.ScheduledThreadPoolExecutor$DelayedWorkQueue.take(ScheduledThreadPoolExecutor.java:809)
        at java.util.concurrent.ThreadPoolExecutor.getTask(ThreadPoolExecutor.java:1074)
        at java.util.concurrent.ThreadPoolExecutor.runWorker(ThreadPoolExecutor.java:1134)
        at java.util.concurrent.ThreadPoolExecutor$Worker.run(ThreadPoolExecutor.java:624)
        at java.lang.Thread.run(Thread.java:750)
"IPC Server handler 42 on default port 15001" daemon prio=5 tid=196 timed_waiting
java.lang.Thread.State: TIMED_WAITING
        at sun.misc.Unsafe.park(Native Method)
        at java.util.concurrent.locks.LockSupport.parkNanos(LockSupport.java:215)
        at java.util.concurrent.locks.AbstractQueuedSynchronizer$ConditionObject.awaitNanos(AbstractQueuedSynchronizer.java:2078)
        at java.util.concurrent.LinkedBlockingQueue.poll(LinkedBlockingQueue.java:467)
        at org.apache.hadoop.ipc.CallQueueManager.take(CallQueueManager.java:317)
        at org.apache.hadoop.ipc.Server$Handler.run(Server.java:3014)
"IPC Server handler 56 on default port 15001" daemon prio=5 tid=210 timed_waiting
java.lang.Thread.State: TIMED_WAITING
        at sun.misc.Unsafe.park(Native Method)
        at java.util.concurrent.locks.LockSupport.parkNanos(LockSupport.java:215)
        at java.util.concurrent.locks.AbstractQueuedSynchronizer$ConditionObject.awaitNanos(AbstractQueuedSynchronizer.java:2078)
        at java.util.concurrent.LinkedBlockingQueue.poll(LinkedBlockingQueue.java:467)
        at org.apache.hadoop.ipc.CallQueueManager.take(CallQueueManager.java:317)
        at org.apache.hadoop.ipc.Server$Handler.run(Server.java:3014)
"pool-297-thread-1" daemon prio=5 tid=866 timed_waiting
java.lang.Thread.State: TIMED_WAITING
        at sun.misc.Unsafe.park(Native Method)
        at java.util.concurrent.locks.LockSupport.parkNanos(LockSupport.java:215)
        at java.util.concurrent.locks.AbstractQueuedSynchronizer$ConditionObject.awaitNanos(AbstractQueuedSynchronizer.java:2078)
        at java.util.concurrent.ScheduledThreadPoolExecutor$DelayedWorkQueue.take(ScheduledThreadPoolExecutor.java:1093)
        at java.util.concurrent.ScheduledThreadPoolExecutor$DelayedWorkQueue.take(ScheduledThreadPoolExecutor.java:809)
        at java.util.concurrent.ThreadPoolExecutor.getTask(ThreadPoolExecutor.java:1074)
        at java.util.concurrent.ThreadPoolExecutor.runWorker(ThreadPoolExecutor.java:1134)
        at java.util.concurrent.ThreadPoolExecutor$Worker.run(ThreadPoolExecutor.java:624)
        at java.lang.Thread.run(Thread.java:750)
"13f92446-3b18-4d81-bc66-0f9b00220e72-CloseContainerThread-0"  prio=5 tid=2161 in Object.wait()
java.lang.Thread.State: WAITING (on object monitor)
        at sun.misc.Unsafe.park(Native Method)
        at java.util.concurrent.locks.LockSupport.park(LockSupport.java:175)
        at java.util.concurrent.locks.AbstractQueuedSynchronizer$ConditionObject.await(AbstractQueuedSynchronizer.java:2039)
        at java.util.concurrent.LinkedBlockingQueue.take(LinkedBlockingQueue.java:442)
        at java.util.concurrent.ThreadPoolExecutor.getTask(ThreadPoolExecutor.java:1074)
        at java.util.concurrent.ThreadPoolExecutor.runWorker(ThreadPoolExecutor.java:1134)
        at java.util.concurrent.ThreadPoolExecutor$Worker.run(ThreadPoolExecutor.java:624)
        at java.lang.Thread.run(Thread.java:750)
"d25dc3b0-28fc-4383-b1a0-617845025f41@group-8820B9A2DC65-SegmentedRaftLogWorker"  prio=5 tid=1222 timed_waiting
java.lang.Thread.State: TIMED_WAITING
        at sun.misc.Unsafe.park(Native Method)
        at java.util.concurrent.locks.LockSupport.parkNanos(LockSupport.java:215)
        at java.util.concurrent.locks.AbstractQueuedSynchronizer$ConditionObject.awaitNanos(AbstractQueuedSynchronizer.java:2078)
        at org.apache.ratis.util.DataBlockingQueue.poll(DataBlockingQueue.java:148)
        at org.apache.ratis.server.raftlog.segmented.SegmentedRaftLogWorker.run(SegmentedRaftLogWorker.java:299)
        at org.apache.ratis.server.raftlog.segmented.SegmentedRaftLogWorker$$Lambda$913/1052546256.run(Unknown Source)
        at java.util.concurrent.Executors$RunnableAdapter.call(Executors.java:511)
        at java.util.concurrent.FutureTask.run(FutureTask.java:266)
        at java.util.concurrent.ThreadPoolExecutor.runWorker(ThreadPoolExecutor.java:1149)
        at java.util.concurrent.ThreadPoolExecutor$Worker.run(ThreadPoolExecutor.java:624)
        at java.lang.Thread.run(Thread.java:750)
"IPC Server handler 38 on default port 15001" daemon prio=5 tid=192 timed_waiting
java.lang.Thread.State: TIMED_WAITING
        at sun.misc.Unsafe.park(Native Method)
        at java.util.concurrent.locks.LockSupport.parkNanos(LockSupport.java:215)
        at java.util.concurrent.locks.AbstractQueuedSynchronizer$ConditionObject.awaitNanos(AbstractQueuedSynchronizer.java:2078)
        at java.util.concurrent.LinkedBlockingQueue.poll(LinkedBlockingQueue.java:467)
        at org.apache.hadoop.ipc.CallQueueManager.take(CallQueueManager.java:317)
        at org.apache.hadoop.ipc.Server$Handler.run(Server.java:3014)
"timer4" daemon prio=5 tid=1489 timed_waiting
java.lang.Thread.State: TIMED_WAITING
        at java.lang.Object.wait(Native Method)
        at java.util.TimerThread.mainLoop(Timer.java:552)
        at java.util.TimerThread.run(Timer.java:505)
"e780b093-7242-46d7-bd8f-0f810188c7b3-ChunkWriter-2-0" daemon prio=5 tid=869 in Object.wait()
java.lang.Thread.State: WAITING (on object monitor)
        at sun.misc.Unsafe.park(Native Method)
        at java.util.concurrent.locks.LockSupport.park(LockSupport.java:175)
        at java.util.concurrent.locks.AbstractQueuedSynchronizer$ConditionObject.await(AbstractQueuedSynchronizer.java:2039)
        at java.util.concurrent.LinkedBlockingDeque.takeFirst(LinkedBlockingDeque.java:492)
        at java.util.concurrent.LinkedBlockingDeque.take(LinkedBlockingDeque.java:680)
        at java.util.concurrent.ThreadPoolExecutor.getTask(ThreadPoolExecutor.java:1074)
        at java.util.concurrent.ThreadPoolExecutor.runWorker(ThreadPoolExecutor.java:1134)
        at java.util.concurrent.ThreadPoolExecutor$Worker.run(ThreadPoolExecutor.java:624)
        at java.lang.Thread.run(Thread.java:750)
"d25dc3b0-28fc-4383-b1a0-617845025f41-DatanodeReportManager-2" daemon prio=5 tid=512 in Object.wait()
java.lang.Thread.State: WAITING (on object monitor)
        at sun.misc.Unsafe.park(Native Method)
        at java.util.concurrent.locks.LockSupport.park(LockSupport.java:175)
        at java.util.concurrent.locks.AbstractQueuedSynchronizer$ConditionObject.await(AbstractQueuedSynchronizer.java:2039)
        at java.util.concurrent.ScheduledThreadPoolExecutor$DelayedWorkQueue.take(ScheduledThreadPoolExecutor.java:1088)
        at java.util.concurrent.ScheduledThreadPoolExecutor$DelayedWorkQueue.take(ScheduledThreadPoolExecutor.java:809)
        at java.util.concurrent.ThreadPoolExecutor.getTask(ThreadPoolExecutor.java:1074)
        at java.util.concurrent.ThreadPoolExecutor.runWorker(ThreadPoolExecutor.java:1134)
        at java.util.concurrent.ThreadPoolExecutor$Worker.run(ThreadPoolExecutor.java:624)
        at java.lang.Thread.run(Thread.java:750)
"IPC Server idle connection scanner for port 15055" daemon prio=5 tid=591 timed_waiting
java.lang.Thread.State: TIMED_WAITING
        at java.lang.Object.wait(Native Method)
        at java.util.TimerThread.mainLoop(Timer.java:552)
        at java.util.TimerThread.run(Timer.java:505)
"StaleRecoveringContainerScrubbingService#0" daemon prio=5 tid=794 in Object.wait()
java.lang.Thread.State: WAITING (on object monitor)
        at sun.misc.Unsafe.park(Native Method)
        at java.util.concurrent.locks.LockSupport.park(LockSupport.java:175)
        at java.util.concurrent.locks.AbstractQueuedSynchronizer$ConditionObject.await(AbstractQueuedSynchronizer.java:2039)
        at java.util.concurrent.ScheduledThreadPoolExecutor$DelayedWorkQueue.take(ScheduledThreadPoolExecutor.java:1088)
        at java.util.concurrent.ScheduledThreadPoolExecutor$DelayedWorkQueue.take(ScheduledThreadPoolExecutor.java:809)
        at java.util.concurrent.ThreadPoolExecutor.getTask(ThreadPoolExecutor.java:1074)
        at java.util.concurrent.ThreadPoolExecutor.runWorker(ThreadPoolExecutor.java:1134)
        at java.util.concurrent.ThreadPoolExecutor$Worker.run(ThreadPoolExecutor.java:624)
        at java.lang.Thread.run(Thread.java:750)
"qtp2089021425-528" daemon prio=5 tid=528 timed_waiting
java.lang.Thread.State: TIMED_WAITING
        at sun.misc.Unsafe.park(Native Method)
        at java.util.concurrent.locks.LockSupport.parkNanos(LockSupport.java:215)
        at java.util.concurrent.locks.AbstractQueuedSynchronizer$ConditionObject.awaitNanos(AbstractQueuedSynchronizer.java:2078)
        at org.eclipse.jetty.util.BlockingArrayQueue.poll(BlockingArrayQueue.java:382)
        at org.eclipse.jetty.util.thread.QueuedThreadPool$Runner.idleJobPoll(QueuedThreadPool.java:974)
        at org.eclipse.jetty.util.thread.QueuedThreadPool$Runner.run(QueuedThreadPool.java:1018)
        at java.lang.Thread.run(Thread.java:750)
"JvmPauseMonitor10" daemon prio=5 tid=855 timed_waiting
java.lang.Thread.State: TIMED_WAITING
        at java.lang.Thread.sleep(Native Method)
        at java.lang.Thread.sleep(Thread.java:342)
        at java.util.concurrent.TimeUnit.sleep(TimeUnit.java:386)
        at org.apache.ratis.util.TimeDuration.sleep(TimeDuration.java:353)
        at org.apache.ratis.util.TimeDuration.sleep(TimeDuration.java:338)
        at org.apache.ratis.util.JvmPauseMonitor.detectPause(JvmPauseMonitor.java:160)
        at org.apache.ratis.util.JvmPauseMonitor.run(JvmPauseMonitor.java:149)
        at org.apache.ratis.util.JvmPauseMonitor$$Lambda$549/1343642221.run(Unknown Source)
        at java.lang.Thread.run(Thread.java:750)
"PartialTableCache-Cleanup-0" daemon prio=5 tid=1724 in Object.wait()
java.lang.Thread.State: WAITING (on object monitor)
        at sun.misc.Unsafe.park(Native Method)
        at java.util.concurrent.locks.LockSupport.park(LockSupport.java:175)
        at java.util.concurrent.locks.AbstractQueuedSynchronizer$ConditionObject.await(AbstractQueuedSynchronizer.java:2039)
        at java.util.concurrent.LinkedBlockingQueue.take(LinkedBlockingQueue.java:442)
        at java.util.concurrent.ThreadPoolExecutor.getTask(ThreadPoolExecutor.java:1074)
        at java.util.concurrent.ThreadPoolExecutor.runWorker(ThreadPoolExecutor.java:1134)
        at java.util.concurrent.ThreadPoolExecutor$Worker.run(ThreadPoolExecutor.java:624)
        at java.lang.Thread.run(Thread.java:750)
"IPC Server handler 54 on default port 15001" daemon prio=5 tid=208 timed_waiting
java.lang.Thread.State: TIMED_WAITING
        at sun.misc.Unsafe.park(Native Method)
        at java.util.concurrent.locks.LockSupport.parkNanos(LockSupport.java:215)
        at java.util.concurrent.locks.AbstractQueuedSynchronizer$ConditionObject.awaitNanos(AbstractQueuedSynchronizer.java:2078)
        at java.util.concurrent.LinkedBlockingQueue.poll(LinkedBlockingQueue.java:467)
        at org.apache.hadoop.ipc.CallQueueManager.take(CallQueueManager.java:317)
        at org.apache.hadoop.ipc.Server$Handler.run(Server.java:3014)
"86ab988c-fa9c-425d-a1c6-9004ff7fd93d-ChunkReader-5" daemon prio=5 tid=2014 in Object.wait()
java.lang.Thread.State: WAITING (on object monitor)
        at sun.misc.Unsafe.park(Native Method)
        at java.util.concurrent.locks.LockSupport.park(LockSupport.java:175)
        at java.util.concurrent.locks.AbstractQueuedSynchronizer$ConditionObject.await(AbstractQueuedSynchronizer.java:2039)
        at java.util.concurrent.LinkedBlockingQueue.take(LinkedBlockingQueue.java:442)
        at java.util.concurrent.ThreadPoolExecutor.getTask(ThreadPoolExecutor.java:1074)
        at java.util.concurrent.ThreadPoolExecutor.runWorker(ThreadPoolExecutor.java:1134)
        at java.util.concurrent.ThreadPoolExecutor$Worker.run(ThreadPoolExecutor.java:624)
        at java.lang.Thread.run(Thread.java:750)
"IPC Server handler 12 on default port 15004" daemon prio=5 tid=424 timed_waiting
java.lang.Thread.State: TIMED_WAITING
        at sun.misc.Unsafe.park(Native Method)
        at java.util.concurrent.locks.LockSupport.parkNanos(LockSupport.java:215)
        at java.util.concurrent.locks.AbstractQueuedSynchronizer$ConditionObject.awaitNanos(AbstractQueuedSynchronizer.java:2078)
        at java.util.concurrent.LinkedBlockingQueue.poll(LinkedBlockingQueue.java:467)
        at org.apache.hadoop.ipc.CallQueueManager.take(CallQueueManager.java:317)
        at org.apache.hadoop.ipc.Server$Handler.run(Server.java:3014)
"qtp332031786-583" daemon prio=5 tid=583 timed_waiting
java.lang.Thread.State: TIMED_WAITING
        at sun.misc.Unsafe.park(Native Method)
        at java.util.concurrent.locks.LockSupport.parkNanos(LockSupport.java:215)
        at java.util.concurrent.locks.AbstractQueuedSynchronizer$ConditionObject.awaitNanos(AbstractQueuedSynchronizer.java:2078)
        at org.eclipse.jetty.util.BlockingArrayQueue.poll(BlockingArrayQueue.java:382)
        at org.eclipse.jetty.util.thread.QueuedThreadPool$Runner.idleJobPoll(QueuedThreadPool.java:974)
        at org.eclipse.jetty.util.thread.QueuedThreadPool$Runner.run(QueuedThreadPool.java:1018)
        at java.lang.Thread.run(Thread.java:750)
"StaleRecoveringContainerScrubbingService#1" daemon prio=5 tid=811 in Object.wait()
java.lang.Thread.State: WAITING (on object monitor)
        at sun.misc.Unsafe.park(Native Method)
        at java.util.concurrent.locks.LockSupport.park(LockSupport.java:175)
        at java.util.concurrent.locks.AbstractQueuedSynchronizer$ConditionObject.await(AbstractQueuedSynchronizer.java:2039)
        at java.util.concurrent.ScheduledThreadPoolExecutor$DelayedWorkQueue.take(ScheduledThreadPoolExecutor.java:1088)
        at java.util.concurrent.ScheduledThreadPoolExecutor$DelayedWorkQueue.take(ScheduledThreadPoolExecutor.java:809)
        at java.util.concurrent.ThreadPoolExecutor.getTask(ThreadPoolExecutor.java:1074)
        at java.util.concurrent.ThreadPoolExecutor.runWorker(ThreadPoolExecutor.java:1134)
        at java.util.concurrent.ThreadPoolExecutor$Worker.run(ThreadPoolExecutor.java:624)
        at java.lang.Thread.run(Thread.java:750)
"IPC Server handler 25 on default port 15001" daemon prio=5 tid=179 timed_waiting
java.lang.Thread.State: TIMED_WAITING
        at sun.misc.Unsafe.park(Native Method)
        at java.util.concurrent.locks.LockSupport.parkNanos(LockSupport.java:215)
        at java.util.concurrent.locks.AbstractQueuedSynchronizer$ConditionObject.awaitNanos(AbstractQueuedSynchronizer.java:2078)
        at java.util.concurrent.LinkedBlockingQueue.poll(LinkedBlockingQueue.java:467)
        at org.apache.hadoop.ipc.CallQueueManager.take(CallQueueManager.java:317)
        at org.apache.hadoop.ipc.Server$Handler.run(Server.java:3014)
"IPC Server handler 44 on default port 15001" daemon prio=5 tid=198 timed_waiting
java.lang.Thread.State: TIMED_WAITING
        at sun.misc.Unsafe.park(Native Method)
        at java.util.concurrent.locks.LockSupport.parkNanos(LockSupport.java:215)
        at java.util.concurrent.locks.AbstractQueuedSynchronizer$ConditionObject.awaitNanos(AbstractQueuedSynchronizer.java:2078)
        at java.util.concurrent.LinkedBlockingQueue.poll(LinkedBlockingQueue.java:467)
        at org.apache.hadoop.ipc.CallQueueManager.take(CallQueueManager.java:317)
        at org.apache.hadoop.ipc.Server$Handler.run(Server.java:3014)
"Hadoop-Metrics-Updater-0" daemon prio=5 tid=32 timed_waiting
java.lang.Thread.State: TIMED_WAITING
        at sun.misc.Unsafe.park(Native Method)
        at java.util.concurrent.locks.LockSupport.parkNanos(LockSupport.java:215)
        at java.util.concurrent.locks.AbstractQueuedSynchronizer$ConditionObject.awaitNanos(AbstractQueuedSynchronizer.java:2078)
        at java.util.concurrent.ScheduledThreadPoolExecutor$DelayedWorkQueue.take(ScheduledThreadPoolExecutor.java:1093)
        at java.util.concurrent.ScheduledThreadPoolExecutor$DelayedWorkQueue.take(ScheduledThreadPoolExecutor.java:809)
        at java.util.concurrent.ThreadPoolExecutor.getTask(ThreadPoolExecutor.java:1074)
        at java.util.concurrent.ThreadPoolExecutor.runWorker(ThreadPoolExecutor.java:1134)
        at java.util.concurrent.ThreadPoolExecutor$Worker.run(ThreadPoolExecutor.java:624)
        at java.lang.Thread.run(Thread.java:750)
"78f89d9b-e409-4704-890b-bfcfbcdfd28a@group-9D5BCF0FDB08-SegmentedRaftLogWorker"  prio=5 tid=1203 timed_waiting
java.lang.Thread.State: TIMED_WAITING
        at sun.misc.Unsafe.park(Native Method)
        at java.util.concurrent.locks.LockSupport.parkNanos(LockSupport.java:215)
        at java.util.concurrent.locks.AbstractQueuedSynchronizer$ConditionObject.awaitNanos(AbstractQueuedSynchronizer.java:2078)
        at org.apache.ratis.util.DataBlockingQueue.poll(DataBlockingQueue.java:148)
        at org.apache.ratis.server.raftlog.segmented.SegmentedRaftLogWorker.run(SegmentedRaftLogWorker.java:299)
        at org.apache.ratis.server.raftlog.segmented.SegmentedRaftLogWorker$$Lambda$913/1052546256.run(Unknown Source)
        at java.util.concurrent.Executors$RunnableAdapter.call(Executors.java:511)
        at java.util.concurrent.FutureTask.run(FutureTask.java:266)
        at java.util.concurrent.ThreadPoolExecutor.runWorker(ThreadPoolExecutor.java:1149)
        at java.util.concurrent.ThreadPoolExecutor$Worker.run(ThreadPoolExecutor.java:624)
        at java.lang.Thread.run(Thread.java:750)
"FixedThreadPoolWithAffinityExecutor-6-0" daemon prio=5 tid=49 timed_waiting
java.lang.Thread.State: TIMED_WAITING
        at sun.misc.Unsafe.park(Native Method)
        at java.util.concurrent.locks.LockSupport.parkNanos(LockSupport.java:215)
        at java.util.concurrent.locks.AbstractQueuedSynchronizer$ConditionObject.awaitNanos(AbstractQueuedSynchronizer.java:2078)
        at java.util.concurrent.LinkedBlockingQueue.poll(LinkedBlockingQueue.java:467)
        at org.apache.hadoop.hdds.scm.server.ContainerReportQueue.poll(ContainerReportQueue.java:269)
        at org.apache.hadoop.hdds.scm.server.ContainerReportQueue.poll(ContainerReportQueue.java:42)
        at org.apache.hadoop.hdds.server.events.FixedThreadPoolWithAffinityExecutor$ContainerReportProcessTask.run(FixedThreadPoolWithAffinityExecutor.java:253)
        at java.util.concurrent.Executors$RunnableAdapter.call(Executors.java:511)
        at java.util.concurrent.FutureTask.run(FutureTask.java:266)
        at java.util.concurrent.ThreadPoolExecutor.runWorker(ThreadPoolExecutor.java:1149)
        at java.util.concurrent.ThreadPoolExecutor$Worker.run(ThreadPoolExecutor.java:624)
        at java.lang.Thread.run(Thread.java:750)
"timer6" daemon prio=5 tid=1519 timed_waiting
java.lang.Thread.State: TIMED_WAITING
        at java.lang.Object.wait(Native Method)
        at java.util.TimerThread.mainLoop(Timer.java:552)
        at java.util.TimerThread.run(Timer.java:505)
"d25dc3b0-28fc-4383-b1a0-617845025f41@group-8820B9A2DC65-LeaderStateImpl" daemon prio=5 tid=1823 timed_waiting
java.lang.Thread.State: TIMED_WAITING
        at sun.misc.Unsafe.park(Native Method)
        at java.util.concurrent.locks.LockSupport.parkNanos(LockSupport.java:215)
        at java.util.concurrent.locks.AbstractQueuedSynchronizer$ConditionObject.awaitNanos(AbstractQueuedSynchronizer.java:2078)
        at java.util.concurrent.ArrayBlockingQueue.poll(ArrayBlockingQueue.java:418)
        at org.apache.ratis.server.impl.LeaderStateImpl$EventQueue.poll(LeaderStateImpl.java:164)
        at org.apache.ratis.server.impl.LeaderStateImpl$EventProcessor.run(LeaderStateImpl.java:762)
"EventQueue-PipelineReportForPipelineReportHandler" daemon prio=5 tid=880 in Object.wait()
java.lang.Thread.State: WAITING (on object monitor)
        at sun.misc.Unsafe.park(Native Method)
        at java.util.concurrent.locks.LockSupport.park(LockSupport.java:175)
        at java.util.concurrent.locks.AbstractQueuedSynchronizer$ConditionObject.await(AbstractQueuedSynchronizer.java:2039)
        at java.util.concurrent.LinkedBlockingQueue.take(LinkedBlockingQueue.java:442)
        at java.util.concurrent.ThreadPoolExecutor.getTask(ThreadPoolExecutor.java:1074)
        at java.util.concurrent.ThreadPoolExecutor.runWorker(ThreadPoolExecutor.java:1134)
        at java.util.concurrent.ThreadPoolExecutor$Worker.run(ThreadPoolExecutor.java:624)
        at java.lang.Thread.run(Thread.java:750)
"pool-314-thread-1"  prio=5 tid=691 timed_waiting
java.lang.Thread.State: TIMED_WAITING
        at sun.misc.Unsafe.park(Native Method)
        at java.util.concurrent.locks.LockSupport.parkNanos(LockSupport.java:215)
        at java.util.concurrent.locks.AbstractQueuedSynchronizer$ConditionObject.awaitNanos(AbstractQueuedSynchronizer.java:2078)
        at java.util.concurrent.ScheduledThreadPoolExecutor$DelayedWorkQueue.take(ScheduledThreadPoolExecutor.java:1093)
        at java.util.concurrent.ScheduledThreadPoolExecutor$DelayedWorkQueue.take(ScheduledThreadPoolExecutor.java:809)
        at java.util.concurrent.ThreadPoolExecutor.getTask(ThreadPoolExecutor.java:1074)
        at java.util.concurrent.ThreadPoolExecutor.runWorker(ThreadPoolExecutor.java:1134)
        at java.util.concurrent.ThreadPoolExecutor$Worker.run(ThreadPoolExecutor.java:624)
        at java.lang.Thread.run(Thread.java:750)
"StaleRecoveringContainerScrubbingService#5" daemon prio=5 tid=2206 in Object.wait()
java.lang.Thread.State: WAITING (on object monitor)
        at sun.misc.Unsafe.park(Native Method)
        at java.util.concurrent.locks.LockSupport.park(LockSupport.java:175)
        at java.util.concurrent.locks.AbstractQueuedSynchronizer$ConditionObject.await(AbstractQueuedSynchronizer.java:2039)
        at java.util.concurrent.ScheduledThreadPoolExecutor$DelayedWorkQueue.take(ScheduledThreadPoolExecutor.java:1088)
        at java.util.concurrent.ScheduledThreadPoolExecutor$DelayedWorkQueue.take(ScheduledThreadPoolExecutor.java:809)
        at java.util.concurrent.ThreadPoolExecutor.getTask(ThreadPoolExecutor.java:1074)
        at java.util.concurrent.ThreadPoolExecutor.runWorker(ThreadPoolExecutor.java:1134)
        at java.util.concurrent.ThreadPoolExecutor$Worker.run(ThreadPoolExecutor.java:624)
        at java.lang.Thread.run(Thread.java:750)
"4e8f68d6-fd98-4f77-87e3-715939181693-DatanodeReportManager-4" daemon prio=5 tid=544 timed_waiting
java.lang.Thread.State: TIMED_WAITING
        at sun.misc.Unsafe.park(Native Method)
        at java.util.concurrent.locks.LockSupport.parkNanos(LockSupport.java:215)
        at java.util.concurrent.locks.AbstractQueuedSynchronizer$ConditionObject.awaitNanos(AbstractQueuedSynchronizer.java:2078)
        at java.util.concurrent.ScheduledThreadPoolExecutor$DelayedWorkQueue.take(ScheduledThreadPoolExecutor.java:1093)
        at java.util.concurrent.ScheduledThreadPoolExecutor$DelayedWorkQueue.take(ScheduledThreadPoolExecutor.java:809)
        at java.util.concurrent.ThreadPoolExecutor.getTask(ThreadPoolExecutor.java:1074)
        at java.util.concurrent.ThreadPoolExecutor.runWorker(ThreadPoolExecutor.java:1134)
        at java.util.concurrent.ThreadPoolExecutor$Worker.run(ThreadPoolExecutor.java:624)
        at java.lang.Thread.run(Thread.java:750)
"StaleRecoveringContainerScrubbingService#8" daemon prio=5 tid=2390 in Object.wait()
java.lang.Thread.State: WAITING (on object monitor)
        at sun.misc.Unsafe.park(Native Method)
        at java.util.concurrent.locks.LockSupport.park(LockSupport.java:175)
        at java.util.concurrent.locks.AbstractQueuedSynchronizer$ConditionObject.await(AbstractQueuedSynchronizer.java:2039)
        at java.util.concurrent.ScheduledThreadPoolExecutor$DelayedWorkQueue.take(ScheduledThreadPoolExecutor.java:1088)
        at java.util.concurrent.ScheduledThreadPoolExecutor$DelayedWorkQueue.take(ScheduledThreadPoolExecutor.java:809)
        at java.util.concurrent.ThreadPoolExecutor.getTask(ThreadPoolExecutor.java:1074)
        at java.util.concurrent.ThreadPoolExecutor.runWorker(ThreadPoolExecutor.java:1134)
        at java.util.concurrent.ThreadPoolExecutor$Worker.run(ThreadPoolExecutor.java:624)
        at java.lang.Thread.run(Thread.java:750)
"IPC Server idle connection scanner for port 15073" daemon prio=5 tid=2056 timed_waiting
java.lang.Thread.State: TIMED_WAITING
        at java.lang.Object.wait(Native Method)
        at java.util.TimerThread.mainLoop(Timer.java:552)
        at java.util.TimerThread.run(Timer.java:505)
"IPC Server handler 48 on default port 15000" daemon prio=5 tid=102 timed_waiting
java.lang.Thread.State: TIMED_WAITING
        at sun.misc.Unsafe.park(Native Method)
        at java.util.concurrent.locks.LockSupport.parkNanos(LockSupport.java:215)
        at java.util.concurrent.locks.AbstractQueuedSynchronizer$ConditionObject.awaitNanos(AbstractQueuedSynchronizer.java:2078)
        at java.util.concurrent.LinkedBlockingQueue.poll(LinkedBlockingQueue.java:467)
        at org.apache.hadoop.ipc.CallQueueManager.take(CallQueueManager.java:317)
        at org.apache.hadoop.ipc.Server$Handler.run(Server.java:3014)
"IPC Server handler 84 on default port 15001" daemon prio=5 tid=238 timed_waiting
java.lang.Thread.State: TIMED_WAITING
        at sun.misc.Unsafe.park(Native Method)
        at java.util.concurrent.locks.LockSupport.parkNanos(LockSupport.java:215)
        at java.util.concurrent.locks.AbstractQueuedSynchronizer$ConditionObject.awaitNanos(AbstractQueuedSynchronizer.java:2078)
        at java.util.concurrent.LinkedBlockingQueue.poll(LinkedBlockingQueue.java:467)
        at org.apache.hadoop.ipc.CallQueueManager.take(CallQueueManager.java:317)
        at org.apache.hadoop.ipc.Server$Handler.run(Server.java:3014)
"IPC Server handler 4 on default port 15000" daemon prio=5 tid=58 timed_waiting
java.lang.Thread.State: TIMED_WAITING
        at sun.misc.Unsafe.park(Native Method)
        at java.util.concurrent.locks.LockSupport.parkNanos(LockSupport.java:215)
        at java.util.concurrent.locks.AbstractQueuedSynchronizer$ConditionObject.awaitNanos(AbstractQueuedSynchronizer.java:2078)
        at java.util.concurrent.LinkedBlockingQueue.poll(LinkedBlockingQueue.java:467)
        at org.apache.hadoop.ipc.CallQueueManager.take(CallQueueManager.java:317)
        at org.apache.hadoop.ipc.Server$Handler.run(Server.java:3014)
"qtp1377312528-553" daemon prio=5 tid=553 runnable
java.lang.Thread.State: RUNNABLE
        at sun.nio.ch.EPollArrayWrapper.epollWait(Native Method)
        at sun.nio.ch.EPollArrayWrapper.poll(EPollArrayWrapper.java:269)
        at sun.nio.ch.EPollSelectorImpl.doSelect(EPollSelectorImpl.java:93)
        at sun.nio.ch.SelectorImpl.lockAndDoSelect(SelectorImpl.java:86)
        at sun.nio.ch.SelectorImpl.select(SelectorImpl.java:97)
        at sun.nio.ch.SelectorImpl.select(SelectorImpl.java:101)
        at org.eclipse.jetty.io.ManagedSelector.nioSelect(ManagedSelector.java:183)
        at org.eclipse.jetty.io.ManagedSelector.select(ManagedSelector.java:190)
        at org.eclipse.jetty.io.ManagedSelector$SelectorProducer.select(ManagedSelector.java:606)
        at org.eclipse.jetty.io.ManagedSelector$SelectorProducer.produce(ManagedSelector.java:543)
        at org.eclipse.jetty.util.thread.strategy.EatWhatYouKill.produceTask(EatWhatYouKill.java:362)
        at org.eclipse.jetty.util.thread.strategy.EatWhatYouKill.doProduce(EatWhatYouKill.java:186)
        at org.eclipse.jetty.util.thread.strategy.EatWhatYouKill.tryProduce(EatWhatYouKill.java:173)
        at org.eclipse.jetty.util.thread.strategy.EatWhatYouKill.produce(EatWhatYouKill.java:137)
        at org.eclipse.jetty.io.ManagedSelector$$Lambda$589/284576707.run(Unknown Source)
        at org.eclipse.jetty.util.thread.QueuedThreadPool.runJob(QueuedThreadPool.java:883)
        at org.eclipse.jetty.util.thread.QueuedThreadPool$Runner.run(QueuedThreadPool.java:1034)
        at java.lang.Thread.run(Thread.java:750)
"13f92446-3b18-4d81-bc66-0f9b00220e72-ChunkReader-0" daemon prio=5 tid=2224 in Object.wait()
java.lang.Thread.State: WAITING (on object monitor)
        at sun.misc.Unsafe.park(Native Method)
        at java.util.concurrent.locks.LockSupport.park(LockSupport.java:175)
        at java.util.concurrent.locks.AbstractQueuedSynchronizer$ConditionObject.await(AbstractQueuedSynchronizer.java:2039)
        at java.util.concurrent.LinkedBlockingQueue.take(LinkedBlockingQueue.java:442)
        at java.util.concurrent.ThreadPoolExecutor.getTask(ThreadPoolExecutor.java:1074)
        at java.util.concurrent.ThreadPoolExecutor.runWorker(ThreadPoolExecutor.java:1134)
        at java.util.concurrent.ThreadPoolExecutor$Worker.run(ThreadPoolExecutor.java:624)
        at java.lang.Thread.run(Thread.java:750)
"FixedThreadPoolWithAffinityExecutor-3-0" daemon prio=5 tid=46 timed_waiting
java.lang.Thread.State: TIMED_WAITING
        at sun.misc.Unsafe.park(Native Method)
        at java.util.concurrent.locks.LockSupport.parkNanos(LockSupport.java:215)
        at java.util.concurrent.locks.AbstractQueuedSynchronizer$ConditionObject.awaitNanos(AbstractQueuedSynchronizer.java:2078)
        at java.util.concurrent.LinkedBlockingQueue.poll(LinkedBlockingQueue.java:467)
        at org.apache.hadoop.hdds.scm.server.ContainerReportQueue.poll(ContainerReportQueue.java:269)
        at org.apache.hadoop.hdds.scm.server.ContainerReportQueue.poll(ContainerReportQueue.java:42)
        at org.apache.hadoop.hdds.server.events.FixedThreadPoolWithAffinityExecutor$ContainerReportProcessTask.run(FixedThreadPoolWithAffinityExecutor.java:253)
        at java.util.concurrent.Executors$RunnableAdapter.call(Executors.java:511)
        at java.util.concurrent.FutureTask.run(FutureTask.java:266)
        at java.util.concurrent.ThreadPoolExecutor.runWorker(ThreadPoolExecutor.java:1149)
        at java.util.concurrent.ThreadPoolExecutor$Worker.run(ThreadPoolExecutor.java:624)
        at java.lang.Thread.run(Thread.java:750)
"qtp124466405-410" daemon prio=5 tid=410 timed_waiting
java.lang.Thread.State: TIMED_WAITING
        at sun.misc.Unsafe.park(Native Method)
        at java.util.concurrent.locks.LockSupport.parkNanos(LockSupport.java:215)
        at java.util.concurrent.locks.AbstractQueuedSynchronizer$ConditionObject.awaitNanos(AbstractQueuedSynchronizer.java:2078)
        at org.eclipse.jetty.util.BlockingArrayQueue.poll(BlockingArrayQueue.java:382)
        at org.eclipse.jetty.util.thread.QueuedThreadPool$Runner.idleJobPoll(QueuedThreadPool.java:974)
        at org.eclipse.jetty.util.thread.QueuedThreadPool$Runner.run(QueuedThreadPool.java:1018)
        at java.lang.Thread.run(Thread.java:750)
"Timer-0"  prio=5 tid=394 timed_waiting
java.lang.Thread.State: TIMED_WAITING
        at java.lang.Object.wait(Native Method)
        at java.util.TimerThread.mainLoop(Timer.java:552)
        at java.util.TimerThread.run(Timer.java:505)
"13f92446-3b18-4d81-bc66-0f9b00220e72@group-68F6D74661CE-cacheEviction-AwaitToRun" daemon prio=5 tid=2147 in Object.wait()
java.lang.Thread.State: WAITING (on object monitor)
        at sun.misc.Unsafe.park(Native Method)
        at java.util.concurrent.locks.LockSupport.park(LockSupport.java:175)
        at java.util.concurrent.locks.AbstractQueuedSynchronizer$ConditionObject.await(AbstractQueuedSynchronizer.java:2039)
        at org.apache.ratis.util.AwaitForSignal.await(AwaitForSignal.java:48)
        at org.apache.ratis.util.AwaitToRun$RunnableImpl.run(AwaitToRun.java:47)
        at java.lang.Thread.run(Thread.java:750)
"78f89d9b-e409-4704-890b-bfcfbcdfd28a-DatanodeStateMachineDaemonThread" daemon prio=5 tid=679 timed_waiting
java.lang.Thread.State: TIMED_WAITING
        at java.lang.Thread.sleep(Native Method)
        at org.apache.hadoop.ozone.container.common.statemachine.DatanodeStateMachine.startStateMachineThread(DatanodeStateMachine.java:369)
        at org.apache.hadoop.ozone.container.common.statemachine.DatanodeStateMachine.lambda$startDaemon$1(DatanodeStateMachine.java:556)
        at org.apache.hadoop.ozone.container.common.statemachine.DatanodeStateMachine$$Lambda$1030/2092369521.run(Unknown Source)
        at java.lang.Thread.run(Thread.java:750)
"923be64f-71f4-4891-b05d-82ff5a9df5b5-CloseContainerThread-2"  prio=5 tid=1990 in Object.wait()
java.lang.Thread.State: WAITING (on object monitor)
        at sun.misc.Unsafe.park(Native Method)
        at java.util.concurrent.locks.LockSupport.park(LockSupport.java:175)
        at java.util.concurrent.locks.AbstractQueuedSynchronizer$ConditionObject.await(AbstractQueuedSynchronizer.java:2039)
        at java.util.concurrent.LinkedBlockingQueue.take(LinkedBlockingQueue.java:442)
        at java.util.concurrent.ThreadPoolExecutor.getTask(ThreadPoolExecutor.java:1074)
        at java.util.concurrent.ThreadPoolExecutor.runWorker(ThreadPoolExecutor.java:1134)
        at java.util.concurrent.ThreadPoolExecutor$Worker.run(ThreadPoolExecutor.java:624)
        at java.lang.Thread.run(Thread.java:750)
"d25dc3b0-28fc-4383-b1a0-617845025f41-CommandProcessorThread" daemon prio=5 tid=515 timed_waiting
java.lang.Thread.State: TIMED_WAITING
        at java.lang.Thread.sleep(Native Method)
        at org.apache.hadoop.ozone.container.common.statemachine.DatanodeStateMachine.lambda$initCommandHandlerThread$4(DatanodeStateMachine.java:684)
        at org.apache.hadoop.ozone.container.common.statemachine.DatanodeStateMachine$$Lambda$1032/2137296302.run(Unknown Source)
        at java.lang.Thread.run(Thread.java:750)
"IPC Server handler 10 on default port 15001" daemon prio=5 tid=164 timed_waiting
java.lang.Thread.State: TIMED_WAITING
        at sun.misc.Unsafe.park(Native Method)
        at java.util.concurrent.locks.LockSupport.parkNanos(LockSupport.java:215)
        at java.util.concurrent.locks.AbstractQueuedSynchronizer$ConditionObject.awaitNanos(AbstractQueuedSynchronizer.java:2078)
        at java.util.concurrent.LinkedBlockingQueue.poll(LinkedBlockingQueue.java:467)
        at org.apache.hadoop.ipc.CallQueueManager.take(CallQueueManager.java:317)
        at org.apache.hadoop.ipc.Server$Handler.run(Server.java:3014)
"IPC Server handler 14 on default port 15000" daemon prio=5 tid=68 timed_waiting
java.lang.Thread.State: TIMED_WAITING
        at sun.misc.Unsafe.park(Native Method)
        at java.util.concurrent.locks.LockSupport.parkNanos(LockSupport.java:215)
        at java.util.concurrent.locks.AbstractQueuedSynchronizer$ConditionObject.awaitNanos(AbstractQueuedSynchronizer.java:2078)
        at java.util.concurrent.LinkedBlockingQueue.poll(LinkedBlockingQueue.java:467)
        at org.apache.hadoop.ipc.CallQueueManager.take(CallQueueManager.java:317)
        at org.apache.hadoop.ipc.Server$Handler.run(Server.java:3014)
"nullContainerReplicationThread-0" daemon prio=5 tid=2005 in Object.wait()
java.lang.Thread.State: WAITING (on object monitor)
        at sun.misc.Unsafe.park(Native Method)
        at java.util.concurrent.locks.LockSupport.park(LockSupport.java:175)
        at java.util.concurrent.locks.AbstractQueuedSynchronizer$ConditionObject.await(AbstractQueuedSynchronizer.java:2039)
        at java.util.concurrent.PriorityBlockingQueue.take(PriorityBlockingQueue.java:549)
        at java.util.concurrent.ThreadPoolExecutor.getTask(ThreadPoolExecutor.java:1074)
        at java.util.concurrent.ThreadPoolExecutor.runWorker(ThreadPoolExecutor.java:1134)
        at java.util.concurrent.ThreadPoolExecutor$Worker.run(ThreadPoolExecutor.java:624)
        at java.lang.Thread.run(Thread.java:750)
"Socket Reader #1 for port 15055"  prio=5 tid=590 runnable
java.lang.Thread.State: RUNNABLE
        at sun.nio.ch.EPollArrayWrapper.epollWait(Native Method)
        at sun.nio.ch.EPollArrayWrapper.poll(EPollArrayWrapper.java:269)
        at sun.nio.ch.EPollSelectorImpl.doSelect(EPollSelectorImpl.java:93)
        at sun.nio.ch.SelectorImpl.lockAndDoSelect(SelectorImpl.java:86)
        at sun.nio.ch.SelectorImpl.select(SelectorImpl.java:97)
        at sun.nio.ch.SelectorImpl.select(SelectorImpl.java:101)
        at org.apache.hadoop.ipc.Server$Listener$Reader.doRunLoop(Server.java:1346)
        at org.apache.hadoop.ipc.Server$Listener$Reader.run(Server.java:1325)
"IPC Server handler 17 on default port 15001" daemon prio=5 tid=171 timed_waiting
java.lang.Thread.State: TIMED_WAITING
        at sun.misc.Unsafe.park(Native Method)
        at java.util.concurrent.locks.LockSupport.parkNanos(LockSupport.java:215)
        at java.util.concurrent.locks.AbstractQueuedSynchronizer$ConditionObject.awaitNanos(AbstractQueuedSynchronizer.java:2078)
        at java.util.concurrent.LinkedBlockingQueue.poll(LinkedBlockingQueue.java:467)
        at org.apache.hadoop.ipc.CallQueueManager.take(CallQueueManager.java:317)
        at org.apache.hadoop.ipc.Server$Handler.run(Server.java:3014)
"IPC Server handler 4 on default port 15001" daemon prio=5 tid=158 timed_waiting
java.lang.Thread.State: TIMED_WAITING
        at sun.misc.Unsafe.park(Native Method)
        at java.util.concurrent.locks.LockSupport.parkNanos(LockSupport.java:215)
        at java.util.concurrent.locks.AbstractQueuedSynchronizer$ConditionObject.awaitNanos(AbstractQueuedSynchronizer.java:2078)
        at java.util.concurrent.LinkedBlockingQueue.poll(LinkedBlockingQueue.java:467)
        at org.apache.hadoop.ipc.CallQueueManager.take(CallQueueManager.java:317)
        at org.apache.hadoop.ipc.Server$Handler.run(Server.java:3014)
"IPC Server handler 0 on default port 15046" daemon prio=5 tid=566 timed_waiting
java.lang.Thread.State: TIMED_WAITING
        at sun.misc.Unsafe.park(Native Method)
        at java.util.concurrent.locks.LockSupport.parkNanos(LockSupport.java:215)
        at java.util.concurrent.locks.AbstractQueuedSynchronizer$ConditionObject.awaitNanos(AbstractQueuedSynchronizer.java:2078)
        at java.util.concurrent.LinkedBlockingQueue.poll(LinkedBlockingQueue.java:467)
        at org.apache.hadoop.ipc.CallQueueManager.take(CallQueueManager.java:317)
        at org.apache.hadoop.ipc.Server$Handler.run(Server.java:3014)
"86ab988c-fa9c-425d-a1c6-9004ff7fd93d-CloseContainerThread-1"  prio=5 tid=1987 in Object.wait()
java.lang.Thread.State: WAITING (on object monitor)
        at sun.misc.Unsafe.park(Native Method)
        at java.util.concurrent.locks.LockSupport.park(LockSupport.java:175)
        at java.util.concurrent.locks.AbstractQueuedSynchronizer$ConditionObject.await(AbstractQueuedSynchronizer.java:2039)
        at java.util.concurrent.LinkedBlockingQueue.take(LinkedBlockingQueue.java:442)
        at java.util.concurrent.ThreadPoolExecutor.getTask(ThreadPoolExecutor.java:1074)
        at java.util.concurrent.ThreadPoolExecutor.runWorker(ThreadPoolExecutor.java:1134)
        at java.util.concurrent.ThreadPoolExecutor$Worker.run(ThreadPoolExecutor.java:624)
        at java.lang.Thread.run(Thread.java:750)
"JvmPauseMonitor11" daemon prio=5 tid=871 timed_waiting
java.lang.Thread.State: TIMED_WAITING
        at java.lang.Thread.sleep(Native Method)
        at java.lang.Thread.sleep(Thread.java:342)
        at java.util.concurrent.TimeUnit.sleep(TimeUnit.java:386)
        at org.apache.ratis.util.TimeDuration.sleep(TimeDuration.java:353)
        at org.apache.ratis.util.TimeDuration.sleep(TimeDuration.java:338)
        at org.apache.ratis.util.JvmPauseMonitor.detectPause(JvmPauseMonitor.java:160)
        at org.apache.ratis.util.JvmPauseMonitor.run(JvmPauseMonitor.java:149)
        at org.apache.ratis.util.JvmPauseMonitor$$Lambda$549/1343642221.run(Unknown Source)
        at java.lang.Thread.run(Thread.java:750)
"IPC Server handler 82 on default port 15001" daemon prio=5 tid=236 timed_waiting
java.lang.Thread.State: TIMED_WAITING
        at sun.misc.Unsafe.park(Native Method)
        at java.util.concurrent.locks.LockSupport.parkNanos(LockSupport.java:215)
        at java.util.concurrent.locks.AbstractQueuedSynchronizer$ConditionObject.awaitNanos(AbstractQueuedSynchronizer.java:2078)
        at java.util.concurrent.LinkedBlockingQueue.poll(LinkedBlockingQueue.java:467)
        at org.apache.hadoop.ipc.CallQueueManager.take(CallQueueManager.java:317)
        at org.apache.hadoop.ipc.Server$Handler.run(Server.java:3014)
"IPC Server handler 81 on default port 15001" daemon prio=5 tid=235 timed_waiting
java.lang.Thread.State: TIMED_WAITING
        at sun.misc.Unsafe.park(Native Method)
        at java.util.concurrent.locks.LockSupport.parkNanos(LockSupport.java:215)
        at java.util.concurrent.locks.AbstractQueuedSynchronizer$ConditionObject.awaitNanos(AbstractQueuedSynchronizer.java:2078)
        at java.util.concurrent.LinkedBlockingQueue.poll(LinkedBlockingQueue.java:467)
        at org.apache.hadoop.ipc.CallQueueManager.take(CallQueueManager.java:317)
        at org.apache.hadoop.ipc.Server$Handler.run(Server.java:3014)
"IPC Server handler 5 on default port 15002" daemon prio=5 tid=259 timed_waiting
java.lang.Thread.State: TIMED_WAITING
        at sun.misc.Unsafe.park(Native Method)
        at java.util.concurrent.locks.LockSupport.parkNanos(LockSupport.java:215)
        at java.util.concurrent.locks.AbstractQueuedSynchronizer$ConditionObject.awaitNanos(AbstractQueuedSynchronizer.java:2078)
        at java.util.concurrent.LinkedBlockingQueue.poll(LinkedBlockingQueue.java:467)
        at org.apache.hadoop.ipc.CallQueueManager.take(CallQueueManager.java:317)
        at org.apache.hadoop.ipc.Server$Handler.run(Server.java:3014)
"pool-465-thread-1"  prio=5 tid=2044 timed_waiting
java.lang.Thread.State: TIMED_WAITING
        at sun.misc.Unsafe.park(Native Method)
        at java.util.concurrent.locks.LockSupport.parkNanos(LockSupport.java:215)
        at java.util.concurrent.locks.AbstractQueuedSynchronizer$ConditionObject.awaitNanos(AbstractQueuedSynchronizer.java:2078)
        at java.util.concurrent.ScheduledThreadPoolExecutor$DelayedWorkQueue.take(ScheduledThreadPoolExecutor.java:1093)
        at java.util.concurrent.ScheduledThreadPoolExecutor$DelayedWorkQueue.take(ScheduledThreadPoolExecutor.java:809)
        at java.util.concurrent.ThreadPoolExecutor.getTask(ThreadPoolExecutor.java:1074)
        at java.util.concurrent.ThreadPoolExecutor.runWorker(ThreadPoolExecutor.java:1134)
        at java.util.concurrent.ThreadPoolExecutor$Worker.run(ThreadPoolExecutor.java:624)
        at java.lang.Thread.run(Thread.java:750)
"IPC Server handler 84 on default port 15000" daemon prio=5 tid=138 timed_waiting
java.lang.Thread.State: TIMED_WAITING
        at sun.misc.Unsafe.park(Native Method)
        at java.util.concurrent.locks.LockSupport.parkNanos(LockSupport.java:215)
        at java.util.concurrent.locks.AbstractQueuedSynchronizer$ConditionObject.awaitNanos(AbstractQueuedSynchronizer.java:2078)
        at java.util.concurrent.LinkedBlockingQueue.poll(LinkedBlockingQueue.java:467)
        at org.apache.hadoop.ipc.CallQueueManager.take(CallQueueManager.java:317)
        at org.apache.hadoop.ipc.Server$Handler.run(Server.java:3014)
"StaleRecoveringContainerScrubbingService#6" daemon prio=5 tid=2348 in Object.wait()
java.lang.Thread.State: WAITING (on object monitor)
        at sun.misc.Unsafe.park(Native Method)
        at java.util.concurrent.locks.LockSupport.park(LockSupport.java:175)
        at java.util.concurrent.locks.AbstractQueuedSynchronizer$ConditionObject.await(AbstractQueuedSynchronizer.java:2039)
        at java.util.concurrent.ScheduledThreadPoolExecutor$DelayedWorkQueue.take(ScheduledThreadPoolExecutor.java:1088)
        at java.util.concurrent.ScheduledThreadPoolExecutor$DelayedWorkQueue.take(ScheduledThreadPoolExecutor.java:809)
        at java.util.concurrent.ThreadPoolExecutor.getTask(ThreadPoolExecutor.java:1074)
        at java.util.concurrent.ThreadPoolExecutor.runWorker(ThreadPoolExecutor.java:1134)
        at java.util.concurrent.ThreadPoolExecutor$Worker.run(ThreadPoolExecutor.java:624)
        at java.lang.Thread.run(Thread.java:750)
"78f89d9b-e409-4704-890b-bfcfbcdfd28a-server-thread3" daemon prio=5 tid=1876 timed_waiting
java.lang.Thread.State: TIMED_WAITING
        at sun.misc.Unsafe.park(Native Method)
        at java.util.concurrent.locks.LockSupport.parkNanos(LockSupport.java:215)
        at java.util.concurrent.SynchronousQueue$TransferStack.awaitFulfill(SynchronousQueue.java:460)
        at java.util.concurrent.SynchronousQueue$TransferStack.transfer(SynchronousQueue.java:362)
        at java.util.concurrent.SynchronousQueue.poll(SynchronousQueue.java:941)
        at java.util.concurrent.ThreadPoolExecutor.getTask(ThreadPoolExecutor.java:1073)
        at java.util.concurrent.ThreadPoolExecutor.runWorker(ThreadPoolExecutor.java:1134)
        at java.util.concurrent.ThreadPoolExecutor$Worker.run(ThreadPoolExecutor.java:624)
        at java.lang.Thread.run(Thread.java:750)
"qtp122073438-2048" daemon prio=5 tid=2048 timed_waiting
java.lang.Thread.State: TIMED_WAITING
        at sun.misc.Unsafe.park(Native Method)
        at java.util.concurrent.locks.LockSupport.parkNanos(LockSupport.java:215)
        at java.util.concurrent.locks.AbstractQueuedSynchronizer$ConditionObject.awaitNanos(AbstractQueuedSynchronizer.java:2078)
        at org.eclipse.jetty.util.BlockingArrayQueue.poll(BlockingArrayQueue.java:382)
        at org.eclipse.jetty.util.thread.QueuedThreadPool$Runner.idleJobPoll(QueuedThreadPool.java:974)
        at org.eclipse.jetty.util.thread.QueuedThreadPool$Runner.run(QueuedThreadPool.java:1018)
        at java.lang.Thread.run(Thread.java:750)
"qtp2050676025-696" daemon prio=5 tid=696 timed_waiting
java.lang.Thread.State: TIMED_WAITING
        at sun.misc.Unsafe.park(Native Method)
        at java.util.concurrent.locks.LockSupport.parkNanos(LockSupport.java:215)
        at java.util.concurrent.locks.AbstractQueuedSynchronizer$ConditionObject.awaitNanos(AbstractQueuedSynchronizer.java:2078)
        at org.eclipse.jetty.util.BlockingArrayQueue.poll(BlockingArrayQueue.java:382)
        at org.eclipse.jetty.util.thread.QueuedThreadPool$Runner.idleJobPoll(QueuedThreadPool.java:974)
        at org.eclipse.jetty.util.thread.QueuedThreadPool$Runner.run(QueuedThreadPool.java:1018)
        at java.lang.Thread.run(Thread.java:750)
"qtp751996498-611" daemon prio=5 tid=611 timed_waiting
java.lang.Thread.State: TIMED_WAITING
        at sun.misc.Unsafe.park(Native Method)
        at java.util.concurrent.locks.LockSupport.parkNanos(LockSupport.java:215)
        at java.util.concurrent.locks.AbstractQueuedSynchronizer$ConditionObject.awaitNanos(AbstractQueuedSynchronizer.java:2078)
        at org.eclipse.jetty.util.BlockingArrayQueue.poll(BlockingArrayQueue.java:382)
        at org.eclipse.jetty.util.thread.QueuedThreadPool$Runner.idleJobPoll(QueuedThreadPool.java:974)
        at org.eclipse.jetty.util.thread.QueuedThreadPool$Runner.run(QueuedThreadPool.java:1018)
        at java.lang.Thread.run(Thread.java:750)
"IPC Server handler 64 on default port 15002" daemon prio=5 tid=318 timed_waiting
java.lang.Thread.State: TIMED_WAITING
        at sun.misc.Unsafe.park(Native Method)
        at java.util.concurrent.locks.LockSupport.parkNanos(LockSupport.java:215)
        at java.util.concurrent.locks.AbstractQueuedSynchronizer$ConditionObject.awaitNanos(AbstractQueuedSynchronizer.java:2078)
        at java.util.concurrent.LinkedBlockingQueue.poll(LinkedBlockingQueue.java:467)
        at org.apache.hadoop.ipc.CallQueueManager.take(CallQueueManager.java:317)
        at org.apache.hadoop.ipc.Server$Handler.run(Server.java:3014)
"c30fedce-f286-40e0-881d-3d5a9a6e2463@group-2DB48FF385FC-cacheEviction-AwaitToRun" daemon prio=5 tid=1246 in Object.wait()
java.lang.Thread.State: WAITING (on object monitor)
        at sun.misc.Unsafe.park(Native Method)
        at java.util.concurrent.locks.LockSupport.park(LockSupport.java:175)
        at java.util.concurrent.locks.AbstractQueuedSynchronizer$ConditionObject.await(AbstractQueuedSynchronizer.java:2039)
        at org.apache.ratis.util.AwaitForSignal.await(AwaitForSignal.java:48)
        at org.apache.ratis.util.AwaitToRun$RunnableImpl.run(AwaitToRun.java:47)
        at java.lang.Thread.run(Thread.java:750)
"IPC Server handler 79 on default port 15002" daemon prio=5 tid=333 timed_waiting
java.lang.Thread.State: TIMED_WAITING
        at sun.misc.Unsafe.park(Native Method)
        at java.util.concurrent.locks.LockSupport.parkNanos(LockSupport.java:215)
        at java.util.concurrent.locks.AbstractQueuedSynchronizer$ConditionObject.awaitNanos(AbstractQueuedSynchronizer.java:2078)
        at java.util.concurrent.LinkedBlockingQueue.poll(LinkedBlockingQueue.java:467)
        at org.apache.hadoop.ipc.CallQueueManager.take(CallQueueManager.java:317)
        at org.apache.hadoop.ipc.Server$Handler.run(Server.java:3014)
"e46a6e51-795f-4801-a523-c45a6c7f2c34@group-83D984655C73-cacheEviction-AwaitToRun" daemon prio=5 tid=1090 in Object.wait()
java.lang.Thread.State: WAITING (on object monitor)
        at sun.misc.Unsafe.park(Native Method)
        at java.util.concurrent.locks.LockSupport.park(LockSupport.java:175)
        at java.util.concurrent.locks.AbstractQueuedSynchronizer$ConditionObject.await(AbstractQueuedSynchronizer.java:2039)
        at org.apache.ratis.util.AwaitForSignal.await(AwaitForSignal.java:48)
        at org.apache.ratis.util.AwaitToRun$RunnableImpl.run(AwaitToRun.java:47)
        at java.lang.Thread.run(Thread.java:750)
"IPC Server handler 15 on default port 15002" daemon prio=5 tid=269 timed_waiting
java.lang.Thread.State: TIMED_WAITING
        at sun.misc.Unsafe.park(Native Method)
        at java.util.concurrent.locks.LockSupport.parkNanos(LockSupport.java:215)
        at java.util.concurrent.locks.AbstractQueuedSynchronizer$ConditionObject.awaitNanos(AbstractQueuedSynchronizer.java:2078)
        at java.util.concurrent.LinkedBlockingQueue.poll(LinkedBlockingQueue.java:467)
        at org.apache.hadoop.ipc.CallQueueManager.take(CallQueueManager.java:317)
        at org.apache.hadoop.ipc.Server$Handler.run(Server.java:3014)
"86ab988c-fa9c-425d-a1c6-9004ff7fd93d-DatanodeStateMachineTaskThread-0"  prio=5 tid=602 in Object.wait()
java.lang.Thread.State: WAITING (on object monitor)
        at sun.misc.Unsafe.park(Native Method)
        at java.util.concurrent.locks.LockSupport.park(LockSupport.java:175)
        at java.util.concurrent.locks.AbstractQueuedSynchronizer$ConditionObject.await(AbstractQueuedSynchronizer.java:2039)
        at java.util.concurrent.LinkedBlockingQueue.take(LinkedBlockingQueue.java:442)
        at java.util.concurrent.ThreadPoolExecutor.getTask(ThreadPoolExecutor.java:1074)
        at java.util.concurrent.ThreadPoolExecutor.runWorker(ThreadPoolExecutor.java:1134)
        at java.util.concurrent.ThreadPoolExecutor$Worker.run(ThreadPoolExecutor.java:624)
        at java.lang.Thread.run(Thread.java:750)
"qtp332031786-581" daemon prio=5 tid=581 runnable
java.lang.Thread.State: RUNNABLE
        at sun.nio.ch.EPollArrayWrapper.epollWait(Native Method)
        at sun.nio.ch.EPollArrayWrapper.poll(EPollArrayWrapper.java:269)
        at sun.nio.ch.EPollSelectorImpl.doSelect(EPollSelectorImpl.java:93)
        at sun.nio.ch.SelectorImpl.lockAndDoSelect(SelectorImpl.java:86)
        at sun.nio.ch.SelectorImpl.select(SelectorImpl.java:97)
        at sun.nio.ch.SelectorImpl.select(SelectorImpl.java:101)
        at org.eclipse.jetty.io.ManagedSelector.nioSelect(ManagedSelector.java:183)
        at org.eclipse.jetty.io.ManagedSelector.select(ManagedSelector.java:190)
        at org.eclipse.jetty.io.ManagedSelector$SelectorProducer.select(ManagedSelector.java:606)
        at org.eclipse.jetty.io.ManagedSelector$SelectorProducer.produce(ManagedSelector.java:543)
        at org.eclipse.jetty.util.thread.strategy.EatWhatYouKill.produceTask(EatWhatYouKill.java:362)
        at org.eclipse.jetty.util.thread.strategy.EatWhatYouKill.doProduce(EatWhatYouKill.java:186)
        at org.eclipse.jetty.util.thread.strategy.EatWhatYouKill.tryProduce(EatWhatYouKill.java:173)
        at org.eclipse.jetty.util.thread.strategy.EatWhatYouKill.produce(EatWhatYouKill.java:137)
        at org.eclipse.jetty.io.ManagedSelector$$Lambda$589/284576707.run(Unknown Source)
        at org.eclipse.jetty.util.thread.QueuedThreadPool.runJob(QueuedThreadPool.java:883)
        at org.eclipse.jetty.util.thread.QueuedThreadPool$Runner.run(QueuedThreadPool.java:1034)
        at java.lang.Thread.run(Thread.java:750)
"EventQueue-DatanodeCommandForSCMNodeManager"  prio=5 tid=882 in Object.wait()
java.lang.Thread.State: WAITING (on object monitor)
        at sun.misc.Unsafe.park(Native Method)
        at java.util.concurrent.locks.LockSupport.park(LockSupport.java:175)
        at java.util.concurrent.locks.AbstractQueuedSynchronizer$ConditionObject.await(AbstractQueuedSynchronizer.java:2039)
        at java.util.concurrent.LinkedBlockingQueue.take(LinkedBlockingQueue.java:442)
        at java.util.concurrent.ThreadPoolExecutor.getTask(ThreadPoolExecutor.java:1074)
        at java.util.concurrent.ThreadPoolExecutor.runWorker(ThreadPoolExecutor.java:1134)
        at java.util.concurrent.ThreadPoolExecutor$Worker.run(ThreadPoolExecutor.java:624)
        at java.lang.Thread.run(Thread.java:750)
"dc26353c-d48a-467d-89cd-3a7c4b626396-ChunkReader-0" daemon prio=5 tid=2225 in Object.wait()
java.lang.Thread.State: WAITING (on object monitor)
        at sun.misc.Unsafe.park(Native Method)
        at java.util.concurrent.locks.LockSupport.park(LockSupport.java:175)
        at java.util.concurrent.locks.AbstractQueuedSynchronizer$ConditionObject.await(AbstractQueuedSynchronizer.java:2039)
        at java.util.concurrent.LinkedBlockingQueue.take(LinkedBlockingQueue.java:442)
        at java.util.concurrent.ThreadPoolExecutor.getTask(ThreadPoolExecutor.java:1074)
        at java.util.concurrent.ThreadPoolExecutor.runWorker(ThreadPoolExecutor.java:1134)
        at java.util.concurrent.ThreadPoolExecutor$Worker.run(ThreadPoolExecutor.java:624)
        at java.lang.Thread.run(Thread.java:750)
"c30fedce-f286-40e0-881d-3d5a9a6e2463@group-34E96220011A-FollowerState" daemon prio=5 tid=1912 timed_waiting
java.lang.Thread.State: TIMED_WAITING
        at java.lang.Thread.sleep(Native Method)
        at java.lang.Thread.sleep(Thread.java:342)
        at java.util.concurrent.TimeUnit.sleep(TimeUnit.java:386)
        at org.apache.ratis.util.TimeDuration.sleep(TimeDuration.java:353)
        at org.apache.ratis.util.TimeDuration.sleep(TimeDuration.java:338)
        at org.apache.ratis.server.impl.FollowerState.run(FollowerState.java:128)
"d25dc3b0-28fc-4383-b1a0-617845025f41@group-C11F3E838557-SegmentedRaftLogWorker"  prio=5 tid=1384 timed_waiting
java.lang.Thread.State: TIMED_WAITING
        at sun.misc.Unsafe.park(Native Method)
        at java.util.concurrent.locks.LockSupport.parkNanos(LockSupport.java:215)
        at java.util.concurrent.locks.AbstractQueuedSynchronizer$ConditionObject.awaitNanos(AbstractQueuedSynchronizer.java:2078)
        at org.apache.ratis.util.DataBlockingQueue.poll(DataBlockingQueue.java:148)
        at org.apache.ratis.server.raftlog.segmented.SegmentedRaftLogWorker.run(SegmentedRaftLogWorker.java:299)
        at org.apache.ratis.server.raftlog.segmented.SegmentedRaftLogWorker$$Lambda$913/1052546256.run(Unknown Source)
        at java.util.concurrent.Executors$RunnableAdapter.call(Executors.java:511)
        at java.util.concurrent.FutureTask.run(FutureTask.java:266)
        at java.util.concurrent.ThreadPoolExecutor.runWorker(ThreadPoolExecutor.java:1149)
        at java.util.concurrent.ThreadPoolExecutor$Worker.run(ThreadPoolExecutor.java:624)
        at java.lang.Thread.run(Thread.java:750)
"IPC Server handler 47 on default port 15002" daemon prio=5 tid=301 timed_waiting
java.lang.Thread.State: TIMED_WAITING
        at sun.misc.Unsafe.park(Native Method)
        at java.util.concurrent.locks.LockSupport.parkNanos(LockSupport.java:215)
        at java.util.concurrent.locks.AbstractQueuedSynchronizer$ConditionObject.awaitNanos(AbstractQueuedSynchronizer.java:2078)
        at java.util.concurrent.LinkedBlockingQueue.poll(LinkedBlockingQueue.java:467)
        at org.apache.hadoop.ipc.CallQueueManager.take(CallQueueManager.java:317)
        at org.apache.hadoop.ipc.Server$Handler.run(Server.java:3014)
"86ab988c-fa9c-425d-a1c6-9004ff7fd93d-ChunkWriter-1-0" daemon prio=5 tid=804 in Object.wait()
java.lang.Thread.State: WAITING (on object monitor)
        at sun.misc.Unsafe.park(Native Method)
        at java.util.concurrent.locks.LockSupport.park(LockSupport.java:175)
        at java.util.concurrent.locks.AbstractQueuedSynchronizer$ConditionObject.await(AbstractQueuedSynchronizer.java:2039)
        at java.util.concurrent.LinkedBlockingDeque.takeFirst(LinkedBlockingDeque.java:492)
        at java.util.concurrent.LinkedBlockingDeque.take(LinkedBlockingDeque.java:680)
        at java.util.concurrent.ThreadPoolExecutor.getTask(ThreadPoolExecutor.java:1074)
        at java.util.concurrent.ThreadPoolExecutor.runWorker(ThreadPoolExecutor.java:1134)
        at java.util.concurrent.ThreadPoolExecutor$Worker.run(ThreadPoolExecutor.java:624)
        at java.lang.Thread.run(Thread.java:750)
"e46a6e51-795f-4801-a523-c45a6c7f2c34-DatanodeReportManager-3" daemon prio=5 tid=457 timed_waiting
java.lang.Thread.State: TIMED_WAITING
        at sun.misc.Unsafe.park(Native Method)
        at java.util.concurrent.locks.LockSupport.parkNanos(LockSupport.java:215)
        at java.util.concurrent.locks.AbstractQueuedSynchronizer$ConditionObject.awaitNanos(AbstractQueuedSynchronizer.java:2078)
        at java.util.concurrent.ScheduledThreadPoolExecutor$DelayedWorkQueue.take(ScheduledThreadPoolExecutor.java:1093)
        at java.util.concurrent.ScheduledThreadPoolExecutor$DelayedWorkQueue.take(ScheduledThreadPoolExecutor.java:809)
        at java.util.concurrent.ThreadPoolExecutor.getTask(ThreadPoolExecutor.java:1074)
        at java.util.concurrent.ThreadPoolExecutor.runWorker(ThreadPoolExecutor.java:1134)
        at java.util.concurrent.ThreadPoolExecutor$Worker.run(ThreadPoolExecutor.java:624)
        at java.lang.Thread.run(Thread.java:750)
"IPC Server handler 17 on default port 15000" daemon prio=5 tid=71 timed_waiting
java.lang.Thread.State: TIMED_WAITING
        at sun.misc.Unsafe.park(Native Method)
        at java.util.concurrent.locks.LockSupport.parkNanos(LockSupport.java:215)
        at java.util.concurrent.locks.AbstractQueuedSynchronizer$ConditionObject.awaitNanos(AbstractQueuedSynchronizer.java:2078)
        at java.util.concurrent.LinkedBlockingQueue.poll(LinkedBlockingQueue.java:467)
        at org.apache.hadoop.ipc.CallQueueManager.take(CallQueueManager.java:317)
        at org.apache.hadoop.ipc.Server$Handler.run(Server.java:3014)
"qtp2089021425-527" daemon prio=5 tid=527 timed_waiting
java.lang.Thread.State: TIMED_WAITING
        at sun.misc.Unsafe.park(Native Method)
        at java.util.concurrent.locks.LockSupport.parkNanos(LockSupport.java:215)
        at java.util.concurrent.locks.AbstractQueuedSynchronizer$ConditionObject.awaitNanos(AbstractQueuedSynchronizer.java:2078)
        at org.eclipse.jetty.util.BlockingArrayQueue.poll(BlockingArrayQueue.java:382)
        at org.eclipse.jetty.util.thread.QueuedThreadPool$Runner.idleJobPoll(QueuedThreadPool.java:974)
        at org.eclipse.jetty.util.thread.QueuedThreadPool$Runner.run(QueuedThreadPool.java:1018)
        at java.lang.Thread.run(Thread.java:750)
"qtp2047373618-359" daemon prio=5 tid=359 runnable
java.lang.Thread.State: RUNNABLE
        at sun.nio.ch.EPollArrayWrapper.epollWait(Native Method)
        at sun.nio.ch.EPollArrayWrapper.poll(EPollArrayWrapper.java:269)
        at sun.nio.ch.EPollSelectorImpl.doSelect(EPollSelectorImpl.java:93)
        at sun.nio.ch.SelectorImpl.lockAndDoSelect(SelectorImpl.java:86)
        at sun.nio.ch.SelectorImpl.select(SelectorImpl.java:97)
        at sun.nio.ch.SelectorImpl.select(SelectorImpl.java:101)
        at org.eclipse.jetty.io.ManagedSelector.nioSelect(ManagedSelector.java:183)
        at org.eclipse.jetty.io.ManagedSelector.select(ManagedSelector.java:190)
        at org.eclipse.jetty.io.ManagedSelector$SelectorProducer.select(ManagedSelector.java:606)
        at org.eclipse.jetty.io.ManagedSelector$SelectorProducer.produce(ManagedSelector.java:543)
        at org.eclipse.jetty.util.thread.strategy.EatWhatYouKill.produceTask(EatWhatYouKill.java:362)
        at org.eclipse.jetty.util.thread.strategy.EatWhatYouKill.doProduce(EatWhatYouKill.java:186)
        at org.eclipse.jetty.util.thread.strategy.EatWhatYouKill.tryProduce(EatWhatYouKill.java:173)
        at org.eclipse.jetty.util.thread.strategy.EatWhatYouKill.produce(EatWhatYouKill.java:137)
        at org.eclipse.jetty.io.ManagedSelector$$Lambda$589/284576707.run(Unknown Source)
        at org.eclipse.jetty.util.thread.QueuedThreadPool.runJob(QueuedThreadPool.java:883)
        at org.eclipse.jetty.util.thread.QueuedThreadPool$Runner.run(QueuedThreadPool.java:1034)
        at java.lang.Thread.run(Thread.java:750)
"StaleRecoveringContainerScrubbingService#9" daemon prio=5 tid=2385 in Object.wait()
java.lang.Thread.State: WAITING (on object monitor)
        at sun.misc.Unsafe.park(Native Method)
        at java.util.concurrent.locks.LockSupport.park(LockSupport.java:175)
        at java.util.concurrent.locks.AbstractQueuedSynchronizer$ConditionObject.await(AbstractQueuedSynchronizer.java:2039)
        at java.util.concurrent.ScheduledThreadPoolExecutor$DelayedWorkQueue.take(ScheduledThreadPoolExecutor.java:1088)
        at java.util.concurrent.ScheduledThreadPoolExecutor$DelayedWorkQueue.take(ScheduledThreadPoolExecutor.java:809)
        at java.util.concurrent.ThreadPoolExecutor.getTask(ThreadPoolExecutor.java:1074)
        at java.util.concurrent.ThreadPoolExecutor.runWorker(ThreadPoolExecutor.java:1134)
        at java.util.concurrent.ThreadPoolExecutor$Worker.run(ThreadPoolExecutor.java:624)
        at java.lang.Thread.run(Thread.java:750)
"e780b093-7242-46d7-bd8f-0f810188c7b3@group-83D984655C73-LeaderStateImpl" daemon prio=5 tid=1709 timed_waiting
java.lang.Thread.State: TIMED_WAITING
        at sun.misc.Unsafe.park(Native Method)
        at java.util.concurrent.locks.LockSupport.parkNanos(LockSupport.java:215)
        at java.util.concurrent.locks.AbstractQueuedSynchronizer$ConditionObject.awaitNanos(AbstractQueuedSynchronizer.java:2078)
        at java.util.concurrent.ArrayBlockingQueue.poll(ArrayBlockingQueue.java:418)
        at org.apache.ratis.server.impl.LeaderStateImpl$EventQueue.poll(LeaderStateImpl.java:164)
        at org.apache.ratis.server.impl.LeaderStateImpl$EventProcessor.run(LeaderStateImpl.java:762)
"IPC Server handler 69 on default port 15002" daemon prio=5 tid=323 timed_waiting
java.lang.Thread.State: TIMED_WAITING
        at sun.misc.Unsafe.park(Native Method)
        at java.util.concurrent.locks.LockSupport.parkNanos(LockSupport.java:215)
        at java.util.concurrent.locks.AbstractQueuedSynchronizer$ConditionObject.awaitNanos(AbstractQueuedSynchronizer.java:2078)
        at java.util.concurrent.LinkedBlockingQueue.poll(LinkedBlockingQueue.java:467)
        at org.apache.hadoop.ipc.CallQueueManager.take(CallQueueManager.java:317)
        at org.apache.hadoop.ipc.Server$Handler.run(Server.java:3014)
"IPC Server handler 76 on default port 15001" daemon prio=5 tid=230 timed_waiting
java.lang.Thread.State: TIMED_WAITING
        at sun.misc.Unsafe.park(Native Method)
        at java.util.concurrent.locks.LockSupport.parkNanos(LockSupport.java:215)
        at java.util.concurrent.locks.AbstractQueuedSynchronizer$ConditionObject.awaitNanos(AbstractQueuedSynchronizer.java:2078)
        at java.util.concurrent.LinkedBlockingQueue.poll(LinkedBlockingQueue.java:467)
        at org.apache.hadoop.ipc.CallQueueManager.take(CallQueueManager.java:317)
        at org.apache.hadoop.ipc.Server$Handler.run(Server.java:3014)
"78f89d9b-e409-4704-890b-bfcfbcdfd28a-DatanodeReportManager-4" daemon prio=5 tid=684 timed_waiting
java.lang.Thread.State: TIMED_WAITING
        at sun.misc.Unsafe.park(Native Method)
        at java.util.concurrent.locks.LockSupport.parkNanos(LockSupport.java:215)
        at java.util.concurrent.locks.AbstractQueuedSynchronizer$ConditionObject.awaitNanos(AbstractQueuedSynchronizer.java:2078)
        at java.util.concurrent.ScheduledThreadPoolExecutor$DelayedWorkQueue.take(ScheduledThreadPoolExecutor.java:1093)
        at java.util.concurrent.ScheduledThreadPoolExecutor$DelayedWorkQueue.take(ScheduledThreadPoolExecutor.java:809)
        at java.util.concurrent.ThreadPoolExecutor.getTask(ThreadPoolExecutor.java:1074)
        at java.util.concurrent.ThreadPoolExecutor.runWorker(ThreadPoolExecutor.java:1134)
        at java.util.concurrent.ThreadPoolExecutor$Worker.run(ThreadPoolExecutor.java:624)
        at java.lang.Thread.run(Thread.java:750)
"c30fedce-f286-40e0-881d-3d5a9a6e2463-DatanodeStateMachineDaemonThread" daemon prio=5 tid=623 timed_waiting
java.lang.Thread.State: TIMED_WAITING
        at java.lang.Thread.sleep(Native Method)
        at org.apache.hadoop.ozone.container.common.statemachine.DatanodeStateMachine.startStateMachineThread(DatanodeStateMachine.java:369)
        at org.apache.hadoop.ozone.container.common.statemachine.DatanodeStateMachine.lambda$startDaemon$1(DatanodeStateMachine.java:556)
        at org.apache.hadoop.ozone.container.common.statemachine.DatanodeStateMachine$$Lambda$1030/2092369521.run(Unknown Source)
        at java.lang.Thread.run(Thread.java:750)
"86ab988c-fa9c-425d-a1c6-9004ff7fd93d@group-1944BBB8D763-SegmentedRaftLogWorker" daemon prio=5 tid=1217 timed_waiting
java.lang.Thread.State: TIMED_WAITING
        at sun.misc.Unsafe.park(Native Method)
        at java.util.concurrent.locks.LockSupport.parkNanos(LockSupport.java:215)
        at java.util.concurrent.locks.AbstractQueuedSynchronizer$ConditionObject.awaitNanos(AbstractQueuedSynchronizer.java:2078)
        at org.apache.ratis.util.DataBlockingQueue.poll(DataBlockingQueue.java:148)
        at org.apache.ratis.server.raftlog.segmented.SegmentedRaftLogWorker.run(SegmentedRaftLogWorker.java:299)
        at org.apache.ratis.server.raftlog.segmented.SegmentedRaftLogWorker$$Lambda$913/1052546256.run(Unknown Source)
        at java.util.concurrent.Executors$RunnableAdapter.call(Executors.java:511)
        at java.util.concurrent.FutureTask.run(FutureTask.java:266)
        at java.util.concurrent.ThreadPoolExecutor.runWorker(ThreadPoolExecutor.java:1149)
        at java.util.concurrent.ThreadPoolExecutor$Worker.run(ThreadPoolExecutor.java:624)
        at java.lang.Thread.run(Thread.java:750)
"IPC Server handler 15 on default port 15000" daemon prio=5 tid=69 timed_waiting
java.lang.Thread.State: TIMED_WAITING
        at sun.misc.Unsafe.park(Native Method)
        at java.util.concurrent.locks.LockSupport.parkNanos(LockSupport.java:215)
        at java.util.concurrent.locks.AbstractQueuedSynchronizer$ConditionObject.awaitNanos(AbstractQueuedSynchronizer.java:2078)
        at java.util.concurrent.LinkedBlockingQueue.poll(LinkedBlockingQueue.java:467)
        at org.apache.hadoop.ipc.CallQueueManager.take(CallQueueManager.java:317)
        at org.apache.hadoop.ipc.Server$Handler.run(Server.java:3014)
"78f89d9b-e409-4704-890b-bfcfbcdfd28a-ChunkReader-7" daemon prio=5 tid=2035 in Object.wait()
java.lang.Thread.State: WAITING (on object monitor)
        at sun.misc.Unsafe.park(Native Method)
        at java.util.concurrent.locks.LockSupport.park(LockSupport.java:175)
        at java.util.concurrent.locks.AbstractQueuedSynchronizer$ConditionObject.await(AbstractQueuedSynchronizer.java:2039)
        at java.util.concurrent.LinkedBlockingQueue.take(LinkedBlockingQueue.java:442)
        at java.util.concurrent.ThreadPoolExecutor.getTask(ThreadPoolExecutor.java:1074)
        at java.util.concurrent.ThreadPoolExecutor.runWorker(ThreadPoolExecutor.java:1134)
        at java.util.concurrent.ThreadPoolExecutor$Worker.run(ThreadPoolExecutor.java:624)
        at java.lang.Thread.run(Thread.java:750)
"c30fedce-f286-40e0-881d-3d5a9a6e2463-ChunkReader-5" daemon prio=5 tid=2006 in Object.wait()
java.lang.Thread.State: WAITING (on object monitor)
        at sun.misc.Unsafe.park(Native Method)
        at java.util.concurrent.locks.LockSupport.park(LockSupport.java:175)
        at java.util.concurrent.locks.AbstractQueuedSynchronizer$ConditionObject.await(AbstractQueuedSynchronizer.java:2039)
        at java.util.concurrent.LinkedBlockingQueue.take(LinkedBlockingQueue.java:442)
        at java.util.concurrent.ThreadPoolExecutor.getTask(ThreadPoolExecutor.java:1074)
        at java.util.concurrent.ThreadPoolExecutor.runWorker(ThreadPoolExecutor.java:1134)
        at java.util.concurrent.ThreadPoolExecutor$Worker.run(ThreadPoolExecutor.java:624)
        at java.lang.Thread.run(Thread.java:750)
"IPC Server handler 13 on default port 15001" daemon prio=5 tid=167 timed_waiting
java.lang.Thread.State: TIMED_WAITING
        at sun.misc.Unsafe.park(Native Method)
        at java.util.concurrent.locks.LockSupport.parkNanos(LockSupport.java:215)
        at java.util.concurrent.locks.AbstractQueuedSynchronizer$ConditionObject.awaitNanos(AbstractQueuedSynchronizer.java:2078)
        at java.util.concurrent.LinkedBlockingQueue.poll(LinkedBlockingQueue.java:467)
        at org.apache.hadoop.ipc.CallQueueManager.take(CallQueueManager.java:317)
        at org.apache.hadoop.ipc.Server$Handler.run(Server.java:3014)
"dc26353c-d48a-467d-89cd-3a7c4b626396-DatanodeStateMachineDaemonThread" daemon prio=5 tid=567 timed_waiting
java.lang.Thread.State: TIMED_WAITING
        at java.lang.Thread.sleep(Native Method)
        at org.apache.hadoop.ozone.container.common.statemachine.DatanodeStateMachine.startStateMachineThread(DatanodeStateMachine.java:369)
        at org.apache.hadoop.ozone.container.common.statemachine.DatanodeStateMachine.lambda$startDaemon$1(DatanodeStateMachine.java:556)
        at org.apache.hadoop.ozone.container.common.statemachine.DatanodeStateMachine$$Lambda$1030/2092369521.run(Unknown Source)
        at java.lang.Thread.run(Thread.java:750)
"StaleRecoveringContainerScrubbingService#7" daemon prio=5 tid=2356 in Object.wait()
java.lang.Thread.State: WAITING (on object monitor)
        at sun.misc.Unsafe.park(Native Method)
        at java.util.concurrent.locks.LockSupport.park(LockSupport.java:175)
        at java.util.concurrent.locks.AbstractQueuedSynchronizer$ConditionObject.await(AbstractQueuedSynchronizer.java:2039)
        at java.util.concurrent.ScheduledThreadPoolExecutor$DelayedWorkQueue.take(ScheduledThreadPoolExecutor.java:1088)
        at java.util.concurrent.ScheduledThreadPoolExecutor$DelayedWorkQueue.take(ScheduledThreadPoolExecutor.java:809)
        at java.util.concurrent.ThreadPoolExecutor.getTask(ThreadPoolExecutor.java:1074)
        at java.util.concurrent.ThreadPoolExecutor.runWorker(ThreadPoolExecutor.java:1134)
        at java.util.concurrent.ThreadPoolExecutor$Worker.run(ThreadPoolExecutor.java:624)
        at java.lang.Thread.run(Thread.java:750)
"IPC Server handler 49 on default port 15000" daemon prio=5 tid=103 timed_waiting
java.lang.Thread.State: TIMED_WAITING
        at sun.misc.Unsafe.park(Native Method)
        at java.util.concurrent.locks.LockSupport.parkNanos(LockSupport.java:215)
        at java.util.concurrent.locks.AbstractQueuedSynchronizer$ConditionObject.awaitNanos(AbstractQueuedSynchronizer.java:2078)
        at java.util.concurrent.LinkedBlockingQueue.poll(LinkedBlockingQueue.java:467)
        at org.apache.hadoop.ipc.CallQueueManager.take(CallQueueManager.java:317)
        at org.apache.hadoop.ipc.Server$Handler.run(Server.java:3014)
"StaleRecoveringContainerScrubbingService#2" daemon prio=5 tid=1569 timed_waiting
java.lang.Thread.State: TIMED_WAITING
        at sun.misc.Unsafe.park(Native Method)
        at java.util.concurrent.locks.LockSupport.parkNanos(LockSupport.java:215)
        at java.util.concurrent.locks.AbstractQueuedSynchronizer$ConditionObject.awaitNanos(AbstractQueuedSynchronizer.java:2078)
        at java.util.concurrent.ScheduledThreadPoolExecutor$DelayedWorkQueue.take(ScheduledThreadPoolExecutor.java:1093)
        at java.util.concurrent.ScheduledThreadPoolExecutor$DelayedWorkQueue.take(ScheduledThreadPoolExecutor.java:809)
        at java.util.concurrent.ThreadPoolExecutor.getTask(ThreadPoolExecutor.java:1074)
        at java.util.concurrent.ThreadPoolExecutor.runWorker(ThreadPoolExecutor.java:1134)
        at java.util.concurrent.ThreadPoolExecutor$Worker.run(ThreadPoolExecutor.java:624)
        at java.lang.Thread.run(Thread.java:750)
"d25dc3b0-28fc-4383-b1a0-617845025f41-ChunkReader-5" daemon prio=5 tid=2381 in Object.wait()
java.lang.Thread.State: WAITING (on object monitor)
        at sun.misc.Unsafe.park(Native Method)
        at java.util.concurrent.locks.LockSupport.park(LockSupport.java:175)
        at java.util.concurrent.locks.AbstractQueuedSynchronizer$ConditionObject.await(AbstractQueuedSynchronizer.java:2039)
        at java.util.concurrent.LinkedBlockingQueue.take(LinkedBlockingQueue.java:442)
        at java.util.concurrent.ThreadPoolExecutor.getTask(ThreadPoolExecutor.java:1074)
        at java.util.concurrent.ThreadPoolExecutor.runWorker(ThreadPoolExecutor.java:1134)
        at java.util.concurrent.ThreadPoolExecutor$Worker.run(ThreadPoolExecutor.java:624)
        at java.lang.Thread.run(Thread.java:750)
"StaleRecoveringContainerScrubbingService#4" daemon prio=5 tid=2113 in Object.wait()
java.lang.Thread.State: WAITING (on object monitor)
        at sun.misc.Unsafe.park(Native Method)
        at java.util.concurrent.locks.LockSupport.park(LockSupport.java:175)
        at java.util.concurrent.locks.AbstractQueuedSynchronizer$ConditionObject.await(AbstractQueuedSynchronizer.java:2039)
        at java.util.concurrent.ScheduledThreadPoolExecutor$DelayedWorkQueue.take(ScheduledThreadPoolExecutor.java:1088)
        at java.util.concurrent.ScheduledThreadPoolExecutor$DelayedWorkQueue.take(ScheduledThreadPoolExecutor.java:809)
        at java.util.concurrent.ThreadPoolExecutor.getTask(ThreadPoolExecutor.java:1074)
        at java.util.concurrent.ThreadPoolExecutor.runWorker(ThreadPoolExecutor.java:1134)
        at java.util.concurrent.ThreadPoolExecutor$Worker.run(ThreadPoolExecutor.java:624)
        at java.lang.Thread.run(Thread.java:750)
"IPC Server listener on 15046" daemon prio=5 tid=561 runnable
java.lang.Thread.State: RUNNABLE
        at sun.nio.ch.EPollArrayWrapper.epollWait(Native Method)
        at sun.nio.ch.EPollArrayWrapper.poll(EPollArrayWrapper.java:269)
        at sun.nio.ch.EPollSelectorImpl.doSelect(EPollSelectorImpl.java:93)
        at sun.nio.ch.SelectorImpl.lockAndDoSelect(SelectorImpl.java:86)
        at sun.nio.ch.SelectorImpl.select(SelectorImpl.java:97)
        at sun.nio.ch.SelectorImpl.select(SelectorImpl.java:101)
        at org.apache.hadoop.ipc.Server$Listener.run(Server.java:1408)
"IPC Server listener on 15037" daemon prio=5 tid=533 runnable
java.lang.Thread.State: RUNNABLE
        at sun.nio.ch.EPollArrayWrapper.epollWait(Native Method)
        at sun.nio.ch.EPollArrayWrapper.poll(EPollArrayWrapper.java:269)
        at sun.nio.ch.EPollSelectorImpl.doSelect(EPollSelectorImpl.java:93)
        at sun.nio.ch.SelectorImpl.lockAndDoSelect(SelectorImpl.java:86)
        at sun.nio.ch.SelectorImpl.select(SelectorImpl.java:97)
        at sun.nio.ch.SelectorImpl.select(SelectorImpl.java:101)
        at org.apache.hadoop.ipc.Server$Listener.run(Server.java:1408)
"IPC Server handler 78 on default port 15002" daemon prio=5 tid=332 timed_waiting
java.lang.Thread.State: TIMED_WAITING
        at sun.misc.Unsafe.park(Native Method)
        at java.util.concurrent.locks.LockSupport.parkNanos(LockSupport.java:215)
        at java.util.concurrent.locks.AbstractQueuedSynchronizer$ConditionObject.awaitNanos(AbstractQueuedSynchronizer.java:2078)
        at java.util.concurrent.LinkedBlockingQueue.poll(LinkedBlockingQueue.java:467)
        at org.apache.hadoop.ipc.CallQueueManager.take(CallQueueManager.java:317)
        at org.apache.hadoop.ipc.Server$Handler.run(Server.java:3014)
"IPC Server handler 11 on default port 15001" daemon prio=5 tid=165 timed_waiting
java.lang.Thread.State: TIMED_WAITING
        at sun.misc.Unsafe.park(Native Method)
        at java.util.concurrent.locks.LockSupport.parkNanos(LockSupport.java:215)
        at java.util.concurrent.locks.AbstractQueuedSynchronizer$ConditionObject.awaitNanos(AbstractQueuedSynchronizer.java:2078)
        at java.util.concurrent.LinkedBlockingQueue.poll(LinkedBlockingQueue.java:467)
        at org.apache.hadoop.ipc.CallQueueManager.take(CallQueueManager.java:317)
        at org.apache.hadoop.ipc.Server$Handler.run(Server.java:3014)
"c30fedce-f286-40e0-881d-3d5a9a6e2463-ChunkReader-ELG-0" daemon prio=5 tid=824 runnable
java.lang.Thread.State: RUNNABLE
        at org.apache.ratis.thirdparty.io.netty.channel.epoll.Native.epollWait0(Native Method)
        at org.apache.ratis.thirdparty.io.netty.channel.epoll.Native.epollWait(Native.java:182)
        at org.apache.ratis.thirdparty.io.netty.channel.epoll.EpollEventLoop.epollWait(EpollEventLoop.java:312)
        at org.apache.ratis.thirdparty.io.netty.channel.epoll.EpollEventLoop.run(EpollEventLoop.java:376)
        at org.apache.ratis.thirdparty.io.netty.util.concurrent.SingleThreadEventExecutor$4.run(SingleThreadEventExecutor.java:997)
        at org.apache.ratis.thirdparty.io.netty.util.internal.ThreadExecutorMap$2.run(ThreadExecutorMap.java:74)
        at java.lang.Thread.run(Thread.java:750)
"IPC Server handler 0 on default port 15000" daemon prio=5 tid=54 timed_waiting
java.lang.Thread.State: TIMED_WAITING
        at sun.misc.Unsafe.park(Native Method)
        at java.util.concurrent.locks.LockSupport.parkNanos(LockSupport.java:215)
        at java.util.concurrent.locks.AbstractQueuedSynchronizer$ConditionObject.awaitNanos(AbstractQueuedSynchronizer.java:2078)
        at java.util.concurrent.LinkedBlockingQueue.poll(LinkedBlockingQueue.java:467)
        at org.apache.hadoop.ipc.CallQueueManager.take(CallQueueManager.java:317)
        at org.apache.hadoop.ipc.Server$Handler.run(Server.java:3014)
"IPC Server handler 97 on default port 15002" daemon prio=5 tid=351 timed_waiting
java.lang.Thread.State: TIMED_WAITING
        at sun.misc.Unsafe.park(Native Method)
        at java.util.concurrent.locks.LockSupport.parkNanos(LockSupport.java:215)
        at java.util.concurrent.locks.AbstractQueuedSynchronizer$ConditionObject.awaitNanos(AbstractQueuedSynchronizer.java:2078)
        at java.util.concurrent.LinkedBlockingQueue.poll(LinkedBlockingQueue.java:467)
        at org.apache.hadoop.ipc.CallQueueManager.take(CallQueueManager.java:317)
        at org.apache.hadoop.ipc.Server$Handler.run(Server.java:3014)
"IPC Server handler 91 on default port 15001" daemon prio=5 tid=245 timed_waiting
java.lang.Thread.State: TIMED_WAITING
        at sun.misc.Unsafe.park(Native Method)
        at java.util.concurrent.locks.LockSupport.parkNanos(LockSupport.java:215)
        at java.util.concurrent.locks.AbstractQueuedSynchronizer$ConditionObject.awaitNanos(AbstractQueuedSynchronizer.java:2078)
        at java.util.concurrent.LinkedBlockingQueue.poll(LinkedBlockingQueue.java:467)
        at org.apache.hadoop.ipc.CallQueueManager.take(CallQueueManager.java:317)
        at org.apache.hadoop.ipc.Server$Handler.run(Server.java:3014)
"IPC Server handler 14 on default port 15004" daemon prio=5 tid=426 timed_waiting
java.lang.Thread.State: TIMED_WAITING
        at sun.misc.Unsafe.park(Native Method)
        at java.util.concurrent.locks.LockSupport.parkNanos(LockSupport.java:215)
        at java.util.concurrent.locks.AbstractQueuedSynchronizer$ConditionObject.awaitNanos(AbstractQueuedSynchronizer.java:2078)
        at java.util.concurrent.LinkedBlockingQueue.poll(LinkedBlockingQueue.java:467)
        at org.apache.hadoop.ipc.CallQueueManager.take(CallQueueManager.java:317)
        at org.apache.hadoop.ipc.Server$Handler.run(Server.java:3014)
"IPC Server handler 84 on default port 15002" daemon prio=5 tid=338 timed_waiting
java.lang.Thread.State: TIMED_WAITING
        at sun.misc.Unsafe.park(Native Method)
        at java.util.concurrent.locks.LockSupport.parkNanos(LockSupport.java:215)
        at java.util.concurrent.locks.AbstractQueuedSynchronizer$ConditionObject.awaitNanos(AbstractQueuedSynchronizer.java:2078)
        at java.util.concurrent.LinkedBlockingQueue.poll(LinkedBlockingQueue.java:467)
        at org.apache.hadoop.ipc.CallQueueManager.take(CallQueueManager.java:317)
        at org.apache.hadoop.ipc.Server$Handler.run(Server.java:3014)
"IPC Server Responder" daemon prio=5 tid=385 runnable
java.lang.Thread.State: RUNNABLE
        at sun.nio.ch.EPollArrayWrapper.epollWait(Native Method)
        at sun.nio.ch.EPollArrayWrapper.poll(EPollArrayWrapper.java:269)
        at sun.nio.ch.EPollSelectorImpl.doSelect(EPollSelectorImpl.java:93)
        at sun.nio.ch.SelectorImpl.lockAndDoSelect(SelectorImpl.java:86)
        at sun.nio.ch.SelectorImpl.select(SelectorImpl.java:97)
        at org.apache.hadoop.ipc.Server$Responder.doRunLoop(Server.java:1582)
        at org.apache.hadoop.ipc.Server$Responder.run(Server.java:1565)
"IPC Server handler 8 on default port 15001" daemon prio=5 tid=162 timed_waiting
java.lang.Thread.State: TIMED_WAITING
        at sun.misc.Unsafe.park(Native Method)
        at java.util.concurrent.locks.LockSupport.parkNanos(LockSupport.java:215)
        at java.util.concurrent.locks.AbstractQueuedSynchronizer$ConditionObject.awaitNanos(AbstractQueuedSynchronizer.java:2078)
        at java.util.concurrent.LinkedBlockingQueue.poll(LinkedBlockingQueue.java:467)
        at org.apache.hadoop.ipc.CallQueueManager.take(CallQueueManager.java:317)
        at org.apache.hadoop.ipc.Server$Handler.run(Server.java:3014)
"qtp332031786-585" daemon prio=5 tid=585 timed_waiting
java.lang.Thread.State: TIMED_WAITING
        at sun.misc.Unsafe.park(Native Method)
        at java.util.concurrent.locks.LockSupport.parkNanos(LockSupport.java:215)
        at java.util.concurrent.locks.AbstractQueuedSynchronizer$ConditionObject.awaitNanos(AbstractQueuedSynchronizer.java:2078)
        at org.eclipse.jetty.util.BlockingArrayQueue.poll(BlockingArrayQueue.java:382)
        at org.eclipse.jetty.util.thread.QueuedThreadPool$Runner.idleJobPoll(QueuedThreadPool.java:974)
        at org.eclipse.jetty.util.thread.QueuedThreadPool$Runner.run(QueuedThreadPool.java:1018)
        at java.lang.Thread.run(Thread.java:750)
"IPC Server handler 72 on default port 15000" daemon prio=5 tid=126 timed_waiting
java.lang.Thread.State: TIMED_WAITING
        at sun.misc.Unsafe.park(Native Method)
        at java.util.concurrent.locks.LockSupport.parkNanos(LockSupport.java:215)
        at java.util.concurrent.locks.AbstractQueuedSynchronizer$ConditionObject.awaitNanos(AbstractQueuedSynchronizer.java:2078)
        at java.util.concurrent.LinkedBlockingQueue.poll(LinkedBlockingQueue.java:467)
        at org.apache.hadoop.ipc.CallQueueManager.take(CallQueueManager.java:317)
        at org.apache.hadoop.ipc.Server$Handler.run(Server.java:3014)
"IPC Server handler 68 on default port 15001" daemon prio=5 tid=222 timed_waiting
java.lang.Thread.State: TIMED_WAITING
        at sun.misc.Unsafe.park(Native Method)
        at java.util.concurrent.locks.LockSupport.parkNanos(LockSupport.java:215)
        at java.util.concurrent.locks.AbstractQueuedSynchronizer$ConditionObject.awaitNanos(AbstractQueuedSynchronizer.java:2078)
        at java.util.concurrent.LinkedBlockingQueue.poll(LinkedBlockingQueue.java:467)
        at org.apache.hadoop.ipc.CallQueueManager.take(CallQueueManager.java:317)
        at org.apache.hadoop.ipc.Server$Handler.run(Server.java:3014)
"c30fedce-f286-40e0-881d-3d5a9a6e2463-ChunkWriter-0-0" daemon prio=5 tid=819 in Object.wait()
java.lang.Thread.State: WAITING (on object monitor)
        at sun.misc.Unsafe.park(Native Method)
        at java.util.concurrent.locks.LockSupport.park(LockSupport.java:175)
        at java.util.concurrent.locks.AbstractQueuedSynchronizer$ConditionObject.await(AbstractQueuedSynchronizer.java:2039)
        at java.util.concurrent.LinkedBlockingDeque.takeFirst(LinkedBlockingDeque.java:492)
        at java.util.concurrent.LinkedBlockingDeque.take(LinkedBlockingDeque.java:680)
        at java.util.concurrent.ThreadPoolExecutor.getTask(ThreadPoolExecutor.java:1074)
        at java.util.concurrent.ThreadPoolExecutor.runWorker(ThreadPoolExecutor.java:1134)
        at java.util.concurrent.ThreadPoolExecutor$Worker.run(ThreadPoolExecutor.java:624)
        at java.lang.Thread.run(Thread.java:750)
"EventQueue-CloseContainerForCloseContainerEventHandler" daemon prio=5 tid=1978 in Object.wait()
java.lang.Thread.State: WAITING (on object monitor)
        at sun.misc.Unsafe.park(Native Method)
        at java.util.concurrent.locks.LockSupport.park(LockSupport.java:175)
        at java.util.concurrent.locks.AbstractQueuedSynchronizer$ConditionObject.await(AbstractQueuedSynchronizer.java:2039)
        at java.util.concurrent.LinkedBlockingQueue.take(LinkedBlockingQueue.java:442)
        at java.util.concurrent.ThreadPoolExecutor.getTask(ThreadPoolExecutor.java:1074)
        at java.util.concurrent.ThreadPoolExecutor.runWorker(ThreadPoolExecutor.java:1134)
        at java.util.concurrent.ThreadPoolExecutor$Worker.run(ThreadPoolExecutor.java:624)
        at java.lang.Thread.run(Thread.java:750)
"EventQueue-NodeRegistrationContainerReportForDataNodeSafeModeRule" daemon prio=5 tid=879 in Object.wait()
java.lang.Thread.State: WAITING (on object monitor)
        at sun.misc.Unsafe.park(Native Method)
        at java.util.concurrent.locks.LockSupport.park(LockSupport.java:175)
        at java.util.concurrent.locks.AbstractQueuedSynchronizer$ConditionObject.await(AbstractQueuedSynchronizer.java:2039)
        at java.util.concurrent.LinkedBlockingQueue.take(LinkedBlockingQueue.java:442)
        at java.util.concurrent.ThreadPoolExecutor.getTask(ThreadPoolExecutor.java:1074)
        at java.util.concurrent.ThreadPoolExecutor.runWorker(ThreadPoolExecutor.java:1134)
        at java.util.concurrent.ThreadPoolExecutor$Worker.run(ThreadPoolExecutor.java:624)
        at java.lang.Thread.run(Thread.java:750)
"IPC Server handler 71 on default port 15002" daemon prio=5 tid=325 timed_waiting
java.lang.Thread.State: TIMED_WAITING
        at sun.misc.Unsafe.park(Native Method)
        at java.util.concurrent.locks.LockSupport.parkNanos(LockSupport.java:215)
        at java.util.concurrent.locks.AbstractQueuedSynchronizer$ConditionObject.awaitNanos(AbstractQueuedSynchronizer.java:2078)
        at java.util.concurrent.LinkedBlockingQueue.poll(LinkedBlockingQueue.java:467)
        at org.apache.hadoop.ipc.CallQueueManager.take(CallQueueManager.java:317)
        at org.apache.hadoop.ipc.Server$Handler.run(Server.java:3014)
"4e8f68d6-fd98-4f77-87e3-715939181693@group-DA1B62F9EAE3-cacheEviction-AwaitToRun" daemon prio=5 tid=929 in Object.wait()
java.lang.Thread.State: WAITING (on object monitor)
        at sun.misc.Unsafe.park(Native Method)
        at java.util.concurrent.locks.LockSupport.park(LockSupport.java:175)
        at java.util.concurrent.locks.AbstractQueuedSynchronizer$ConditionObject.await(AbstractQueuedSynchronizer.java:2039)
        at org.apache.ratis.util.AwaitForSignal.await(AwaitForSignal.java:48)
        at org.apache.ratis.util.AwaitToRun$RunnableImpl.run(AwaitToRun.java:47)
        at java.lang.Thread.run(Thread.java:750)
"dc26353c-d48a-467d-89cd-3a7c4b626396-BlockDeletingService#2" daemon prio=5 tid=2357 in Object.wait()
java.lang.Thread.State: WAITING (on object monitor)
        at sun.misc.Unsafe.park(Native Method)
        at java.util.concurrent.locks.LockSupport.park(LockSupport.java:175)
        at java.util.concurrent.locks.AbstractQueuedSynchronizer$ConditionObject.await(AbstractQueuedSynchronizer.java:2039)
        at java.util.concurrent.ScheduledThreadPoolExecutor$DelayedWorkQueue.take(ScheduledThreadPoolExecutor.java:1088)
        at java.util.concurrent.ScheduledThreadPoolExecutor$DelayedWorkQueue.take(ScheduledThreadPoolExecutor.java:809)
        at java.util.concurrent.ThreadPoolExecutor.getTask(ThreadPoolExecutor.java:1074)
        at java.util.concurrent.ThreadPoolExecutor.runWorker(ThreadPoolExecutor.java:1134)
        at java.util.concurrent.ThreadPoolExecutor$Worker.run(ThreadPoolExecutor.java:624)
        at java.lang.Thread.run(Thread.java:750)
"IPC Server handler 54 on default port 15002" daemon prio=5 tid=308 timed_waiting
java.lang.Thread.State: TIMED_WAITING
        at sun.misc.Unsafe.park(Native Method)
        at java.util.concurrent.locks.LockSupport.parkNanos(LockSupport.java:215)
        at java.util.concurrent.locks.AbstractQueuedSynchronizer$ConditionObject.awaitNanos(AbstractQueuedSynchronizer.java:2078)
        at java.util.concurrent.LinkedBlockingQueue.poll(LinkedBlockingQueue.java:467)
        at org.apache.hadoop.ipc.CallQueueManager.take(CallQueueManager.java:317)
        at org.apache.hadoop.ipc.Server$Handler.run(Server.java:3014)
"4e8f68d6-fd98-4f77-87e3-715939181693-server-thread2" daemon prio=5 tid=1522 timed_waiting
java.lang.Thread.State: TIMED_WAITING
        at sun.misc.Unsafe.park(Native Method)
        at java.util.concurrent.locks.LockSupport.parkNanos(LockSupport.java:215)
        at java.util.concurrent.SynchronousQueue$TransferStack.awaitFulfill(SynchronousQueue.java:460)
        at java.util.concurrent.SynchronousQueue$TransferStack.transfer(SynchronousQueue.java:362)
        at java.util.concurrent.SynchronousQueue.poll(SynchronousQueue.java:941)
        at java.util.concurrent.ThreadPoolExecutor.getTask(ThreadPoolExecutor.java:1073)
        at java.util.concurrent.ThreadPoolExecutor.runWorker(ThreadPoolExecutor.java:1134)
        at java.util.concurrent.ThreadPoolExecutor$Worker.run(ThreadPoolExecutor.java:624)
        at java.lang.Thread.run(Thread.java:750)
"d25dc3b0-28fc-4383-b1a0-617845025f41-BlockDeletingService#0" daemon prio=5 tid=761 timed_waiting
java.lang.Thread.State: TIMED_WAITING
        at sun.misc.Unsafe.park(Native Method)
        at java.util.concurrent.locks.LockSupport.parkNanos(LockSupport.java:215)
        at java.util.concurrent.locks.AbstractQueuedSynchronizer$ConditionObject.awaitNanos(AbstractQueuedSynchronizer.java:2078)
        at java.util.concurrent.ScheduledThreadPoolExecutor$DelayedWorkQueue.take(ScheduledThreadPoolExecutor.java:1093)
        at java.util.concurrent.ScheduledThreadPoolExecutor$DelayedWorkQueue.take(ScheduledThreadPoolExecutor.java:809)
        at java.util.concurrent.ThreadPoolExecutor.getTask(ThreadPoolExecutor.java:1074)
        at java.util.concurrent.ThreadPoolExecutor.runWorker(ThreadPoolExecutor.java:1134)
        at java.util.concurrent.ThreadPoolExecutor$Worker.run(ThreadPoolExecutor.java:624)
        at java.lang.Thread.run(Thread.java:750)
"IPC Server handler 28 on default port 15000" daemon prio=5 tid=82 timed_waiting
java.lang.Thread.State: TIMED_WAITING
        at sun.misc.Unsafe.park(Native Method)
        at java.util.concurrent.locks.LockSupport.parkNanos(LockSupport.java:215)
        at java.util.concurrent.locks.AbstractQueuedSynchronizer$ConditionObject.awaitNanos(AbstractQueuedSynchronizer.java:2078)
        at java.util.concurrent.LinkedBlockingQueue.poll(LinkedBlockingQueue.java:467)
        at org.apache.hadoop.ipc.CallQueueManager.take(CallQueueManager.java:317)
        at org.apache.hadoop.ipc.Server$Handler.run(Server.java:3014)
"c30fedce-f286-40e0-881d-3d5a9a6e2463-ChunkReader-3" daemon prio=5 tid=1677 in Object.wait()
java.lang.Thread.State: WAITING (on object monitor)
        at sun.misc.Unsafe.park(Native Method)
        at java.util.concurrent.locks.LockSupport.park(LockSupport.java:175)
        at java.util.concurrent.locks.AbstractQueuedSynchronizer$ConditionObject.await(AbstractQueuedSynchronizer.java:2039)
        at java.util.concurrent.LinkedBlockingQueue.take(LinkedBlockingQueue.java:442)
        at java.util.concurrent.ThreadPoolExecutor.getTask(ThreadPoolExecutor.java:1074)
        at java.util.concurrent.ThreadPoolExecutor.runWorker(ThreadPoolExecutor.java:1134)
        at java.util.concurrent.ThreadPoolExecutor$Worker.run(ThreadPoolExecutor.java:624)
        at java.lang.Thread.run(Thread.java:750)
"e46a6e51-795f-4801-a523-c45a6c7f2c34@group-C11F3E838557-cacheEviction-AwaitToRun" daemon prio=5 tid=1404 in Object.wait()
java.lang.Thread.State: WAITING (on object monitor)
        at sun.misc.Unsafe.park(Native Method)
        at java.util.concurrent.locks.LockSupport.park(LockSupport.java:175)
        at java.util.concurrent.locks.AbstractQueuedSynchronizer$ConditionObject.await(AbstractQueuedSynchronizer.java:2039)
        at org.apache.ratis.util.AwaitForSignal.await(AwaitForSignal.java:48)
        at org.apache.ratis.util.AwaitToRun$RunnableImpl.run(AwaitToRun.java:47)
        at java.lang.Thread.run(Thread.java:750)
"om1@group-C5BA1605619E-StateMachineUpdater" daemon prio=5 tid=391 timed_waiting
java.lang.Thread.State: TIMED_WAITING
        at sun.misc.Unsafe.park(Native Method)
        at java.util.concurrent.locks.LockSupport.parkNanos(LockSupport.java:215)
        at java.util.concurrent.locks.AbstractQueuedSynchronizer$ConditionObject.await(AbstractQueuedSynchronizer.java:2163)
        at org.apache.ratis.util.AwaitForSignal.await(AwaitForSignal.java:65)
        at org.apache.ratis.server.impl.StateMachineUpdater.waitForCommit(StateMachineUpdater.java:211)
        at org.apache.ratis.server.impl.StateMachineUpdater.run(StateMachineUpdater.java:180)
        at java.lang.Thread.run(Thread.java:750)
"qtp2050676025-694-acceptor-0@11fbb43f-ServerConnector@d743428{HTTP/1.1, (http/1.1)}{0.0.0.0:15090}" daemon prio=3 tid=694 runnable
java.lang.Thread.State: RUNNABLE
        at sun.nio.ch.ServerSocketChannelImpl.accept0(Native Method)
        at sun.nio.ch.ServerSocketChannelImpl.accept(ServerSocketChannelImpl.java:421)
        at sun.nio.ch.ServerSocketChannelImpl.accept(ServerSocketChannelImpl.java:249)
        at org.eclipse.jetty.server.ServerConnector.accept(ServerConnector.java:388)
        at org.eclipse.jetty.server.AbstractConnector$Acceptor.run(AbstractConnector.java:704)
        at org.eclipse.jetty.util.thread.QueuedThreadPool.runJob(QueuedThreadPool.java:883)
        at org.eclipse.jetty.util.thread.QueuedThreadPool$Runner.run(QueuedThreadPool.java:1034)
        at java.lang.Thread.run(Thread.java:750)
"e780b093-7242-46d7-bd8f-0f810188c7b3-ChunkReader-7" daemon prio=5 tid=2024 in Object.wait()
java.lang.Thread.State: WAITING (on object monitor)
        at sun.misc.Unsafe.park(Native Method)
        at java.util.concurrent.locks.LockSupport.park(LockSupport.java:175)
        at java.util.concurrent.locks.AbstractQueuedSynchronizer$ConditionObject.await(AbstractQueuedSynchronizer.java:2039)
        at java.util.concurrent.LinkedBlockingQueue.take(LinkedBlockingQueue.java:442)
        at java.util.concurrent.ThreadPoolExecutor.getTask(ThreadPoolExecutor.java:1074)
        at java.util.concurrent.ThreadPoolExecutor.runWorker(ThreadPoolExecutor.java:1134)
        at java.util.concurrent.ThreadPoolExecutor$Worker.run(ThreadPoolExecutor.java:624)
        at java.lang.Thread.run(Thread.java:750)
"d25dc3b0-28fc-4383-b1a0-617845025f41-ChunkReader-2" daemon prio=5 tid=2378 in Object.wait()
java.lang.Thread.State: WAITING (on object monitor)
        at sun.misc.Unsafe.park(Native Method)
        at java.util.concurrent.locks.LockSupport.park(LockSupport.java:175)
        at java.util.concurrent.locks.AbstractQueuedSynchronizer$ConditionObject.await(AbstractQueuedSynchronizer.java:2039)
        at java.util.concurrent.LinkedBlockingQueue.take(LinkedBlockingQueue.java:442)
        at java.util.concurrent.ThreadPoolExecutor.getTask(ThreadPoolExecutor.java:1074)
        at java.util.concurrent.ThreadPoolExecutor.runWorker(ThreadPoolExecutor.java:1134)
        at java.util.concurrent.ThreadPoolExecutor$Worker.run(ThreadPoolExecutor.java:624)
        at java.lang.Thread.run(Thread.java:750)
"c30fedce-f286-40e0-881d-3d5a9a6e2463@group-2DB48FF385FC-StateMachineUpdater" daemon prio=5 tid=1254 timed_waiting
java.lang.Thread.State: TIMED_WAITING
        at sun.misc.Unsafe.park(Native Method)
        at java.util.concurrent.locks.LockSupport.parkNanos(LockSupport.java:215)
        at java.util.concurrent.locks.AbstractQueuedSynchronizer$ConditionObject.await(AbstractQueuedSynchronizer.java:2163)
        at org.apache.ratis.util.AwaitForSignal.await(AwaitForSignal.java:65)
        at org.apache.ratis.server.impl.StateMachineUpdater.waitForCommit(StateMachineUpdater.java:211)
        at org.apache.ratis.server.impl.StateMachineUpdater.run(StateMachineUpdater.java:180)
        at java.lang.Thread.run(Thread.java:750)
"78f89d9b-e409-4704-890b-bfcfbcdfd28a-BlockDeletingService#0" daemon prio=5 tid=857 timed_waiting
java.lang.Thread.State: TIMED_WAITING
        at sun.misc.Unsafe.park(Native Method)
        at java.util.concurrent.locks.LockSupport.parkNanos(LockSupport.java:215)
        at java.util.concurrent.locks.AbstractQueuedSynchronizer$ConditionObject.awaitNanos(AbstractQueuedSynchronizer.java:2078)
        at java.util.concurrent.ScheduledThreadPoolExecutor$DelayedWorkQueue.take(ScheduledThreadPoolExecutor.java:1093)
        at java.util.concurrent.ScheduledThreadPoolExecutor$DelayedWorkQueue.take(ScheduledThreadPoolExecutor.java:809)
        at java.util.concurrent.ThreadPoolExecutor.getTask(ThreadPoolExecutor.java:1074)
        at java.util.concurrent.ThreadPoolExecutor.runWorker(ThreadPoolExecutor.java:1134)
        at java.util.concurrent.ThreadPoolExecutor$Worker.run(ThreadPoolExecutor.java:624)
        at java.lang.Thread.run(Thread.java:750)
"org.apache.hadoop.ozone.container.common.statemachine.commandhandler.DeleteBlocksCommandHandler$DeleteCmdWorker@400e253f" daemon prio=5 tid=520 timed_waiting
java.lang.Thread.State: TIMED_WAITING
        at java.lang.Thread.sleep(Native Method)
        at org.apache.hadoop.ozone.container.common.statemachine.commandhandler.DeleteBlocksCommandHandler$DeleteCmdWorker.run(DeleteBlocksCommandHandler.java:259)
        at java.lang.Thread.run(Thread.java:750)
"qtp2047373618-358" daemon prio=5 tid=358 runnable
java.lang.Thread.State: RUNNABLE
        at sun.nio.ch.EPollArrayWrapper.epollWait(Native Method)
        at sun.nio.ch.EPollArrayWrapper.poll(EPollArrayWrapper.java:269)
        at sun.nio.ch.EPollSelectorImpl.doSelect(EPollSelectorImpl.java:93)
        at sun.nio.ch.SelectorImpl.lockAndDoSelect(SelectorImpl.java:86)
        at sun.nio.ch.SelectorImpl.select(SelectorImpl.java:97)
        at sun.nio.ch.SelectorImpl.select(SelectorImpl.java:101)
        at org.eclipse.jetty.io.ManagedSelector.nioSelect(ManagedSelector.java:183)
        at org.eclipse.jetty.io.ManagedSelector.select(ManagedSelector.java:190)
        at org.eclipse.jetty.io.ManagedSelector$SelectorProducer.select(ManagedSelector.java:606)
        at org.eclipse.jetty.io.ManagedSelector$SelectorProducer.produce(ManagedSelector.java:543)
        at org.eclipse.jetty.util.thread.strategy.EatWhatYouKill.produceTask(EatWhatYouKill.java:362)
        at org.eclipse.jetty.util.thread.strategy.EatWhatYouKill.doProduce(EatWhatYouKill.java:186)
        at org.eclipse.jetty.util.thread.strategy.EatWhatYouKill.tryProduce(EatWhatYouKill.java:173)
        at org.eclipse.jetty.util.thread.strategy.EatWhatYouKill.produce(EatWhatYouKill.java:137)
        at org.eclipse.jetty.io.ManagedSelector$$Lambda$589/284576707.run(Unknown Source)
        at org.eclipse.jetty.util.thread.QueuedThreadPool.runJob(QueuedThreadPool.java:883)
        at org.eclipse.jetty.util.thread.QueuedThreadPool$Runner.run(QueuedThreadPool.java:1034)
        at java.lang.Thread.run(Thread.java:750)
"c30fedce-f286-40e0-881d-3d5a9a6e2463-DatanodeStateMachineTaskThread-1"  prio=5 tid=813 in Object.wait()
java.lang.Thread.State: WAITING (on object monitor)
        at sun.misc.Unsafe.park(Native Method)
        at java.util.concurrent.locks.LockSupport.park(LockSupport.java:175)
        at java.util.concurrent.locks.AbstractQueuedSynchronizer$ConditionObject.await(AbstractQueuedSynchronizer.java:2039)
        at java.util.concurrent.LinkedBlockingQueue.take(LinkedBlockingQueue.java:442)
        at java.util.concurrent.ThreadPoolExecutor.getTask(ThreadPoolExecutor.java:1074)
        at java.util.concurrent.ThreadPoolExecutor.runWorker(ThreadPoolExecutor.java:1134)
        at java.util.concurrent.ThreadPoolExecutor$Worker.run(ThreadPoolExecutor.java:624)
        at java.lang.Thread.run(Thread.java:750)
"dc26353c-d48a-467d-89cd-3a7c4b626396-server-thread3" daemon prio=5 tid=1585 timed_waiting
java.lang.Thread.State: TIMED_WAITING
        at sun.misc.Unsafe.park(Native Method)
        at java.util.concurrent.locks.LockSupport.parkNanos(LockSupport.java:215)
        at java.util.concurrent.SynchronousQueue$TransferStack.awaitFulfill(SynchronousQueue.java:460)
        at java.util.concurrent.SynchronousQueue$TransferStack.transfer(SynchronousQueue.java:362)
        at java.util.concurrent.SynchronousQueue.poll(SynchronousQueue.java:941)
        at java.util.concurrent.ThreadPoolExecutor.getTask(ThreadPoolExecutor.java:1073)
        at java.util.concurrent.ThreadPoolExecutor.runWorker(ThreadPoolExecutor.java:1134)
        at java.util.concurrent.ThreadPoolExecutor$Worker.run(ThreadPoolExecutor.java:624)
        at java.lang.Thread.run(Thread.java:750)
"86ab988c-fa9c-425d-a1c6-9004ff7fd93d@group-DD233808B888->dc26353c-d48a-467d-89cd-3a7c4b626396-GrpcLogAppender-LogAppenderDaemon" daemon prio=5 tid=1515 timed_waiting
java.lang.Thread.State: TIMED_WAITING
        at sun.misc.Unsafe.park(Native Method)
        at java.util.concurrent.locks.LockSupport.parkNanos(LockSupport.java:215)
        at java.util.concurrent.locks.AbstractQueuedSynchronizer$ConditionObject.await(AbstractQueuedSynchronizer.java:2163)
        at org.apache.ratis.util.AwaitForSignal.await(AwaitForSignal.java:65)
        at org.apache.ratis.grpc.server.GrpcLogAppender.mayWait(GrpcLogAppender.java:286)
        at org.apache.ratis.grpc.server.GrpcLogAppender.run(GrpcLogAppender.java:254)
        at org.apache.ratis.server.leader.LogAppenderDaemon.run(LogAppenderDaemon.java:80)
        at org.apache.ratis.server.leader.LogAppenderDaemon$$Lambda$1370/616798254.run(Unknown Source)
        at java.lang.Thread.run(Thread.java:750)
"IPC Server handler 65 on default port 15002" daemon prio=5 tid=319 timed_waiting
java.lang.Thread.State: TIMED_WAITING
        at sun.misc.Unsafe.park(Native Method)
        at java.util.concurrent.locks.LockSupport.parkNanos(LockSupport.java:215)
        at java.util.concurrent.locks.AbstractQueuedSynchronizer$ConditionObject.awaitNanos(AbstractQueuedSynchronizer.java:2078)
        at java.util.concurrent.LinkedBlockingQueue.poll(LinkedBlockingQueue.java:467)
        at org.apache.hadoop.ipc.CallQueueManager.take(CallQueueManager.java:317)
        at org.apache.hadoop.ipc.Server$Handler.run(Server.java:3014)
"d25dc3b0-28fc-4383-b1a0-617845025f41-BlockDeletingService#2" daemon prio=5 tid=2353 in Object.wait()
java.lang.Thread.State: WAITING (on object monitor)
        at sun.misc.Unsafe.park(Native Method)
        at java.util.concurrent.locks.LockSupport.park(LockSupport.java:175)
        at java.util.concurrent.locks.AbstractQueuedSynchronizer$ConditionObject.await(AbstractQueuedSynchronizer.java:2039)
        at java.util.concurrent.ScheduledThreadPoolExecutor$DelayedWorkQueue.take(ScheduledThreadPoolExecutor.java:1088)
        at java.util.concurrent.ScheduledThreadPoolExecutor$DelayedWorkQueue.take(ScheduledThreadPoolExecutor.java:809)
        at java.util.concurrent.ThreadPoolExecutor.getTask(ThreadPoolExecutor.java:1074)
        at java.util.concurrent.ThreadPoolExecutor.runWorker(ThreadPoolExecutor.java:1134)
        at java.util.concurrent.ThreadPoolExecutor$Worker.run(ThreadPoolExecutor.java:624)
        at java.lang.Thread.run(Thread.java:750)
"EventQueue-DeadNodeForDeadNodeHandler" daemon prio=5 tid=1980 in Object.wait()
java.lang.Thread.State: WAITING (on object monitor)
        at sun.misc.Unsafe.park(Native Method)
        at java.util.concurrent.locks.LockSupport.park(LockSupport.java:175)
        at java.util.concurrent.locks.AbstractQueuedSynchronizer$ConditionObject.await(AbstractQueuedSynchronizer.java:2039)
        at java.util.concurrent.LinkedBlockingQueue.take(LinkedBlockingQueue.java:442)
        at java.util.concurrent.ThreadPoolExecutor.getTask(ThreadPoolExecutor.java:1074)
        at java.util.concurrent.ThreadPoolExecutor.runWorker(ThreadPoolExecutor.java:1134)
        at java.util.concurrent.ThreadPoolExecutor$Worker.run(ThreadPoolExecutor.java:624)
        at java.lang.Thread.run(Thread.java:750)
"om1-KeyDeletingService#0" daemon prio=5 tid=395 timed_waiting
java.lang.Thread.State: TIMED_WAITING
        at sun.misc.Unsafe.park(Native Method)
        at java.util.concurrent.locks.LockSupport.parkNanos(LockSupport.java:215)
        at java.util.concurrent.locks.AbstractQueuedSynchronizer$ConditionObject.awaitNanos(AbstractQueuedSynchronizer.java:2078)
        at java.util.concurrent.ScheduledThreadPoolExecutor$DelayedWorkQueue.take(ScheduledThreadPoolExecutor.java:1093)
        at java.util.concurrent.ScheduledThreadPoolExecutor$DelayedWorkQueue.take(ScheduledThreadPoolExecutor.java:809)
        at java.util.concurrent.ThreadPoolExecutor.getTask(ThreadPoolExecutor.java:1074)
        at java.util.concurrent.ThreadPoolExecutor.runWorker(ThreadPoolExecutor.java:1134)
        at java.util.concurrent.ThreadPoolExecutor$Worker.run(ThreadPoolExecutor.java:624)
        at java.lang.Thread.run(Thread.java:750)
"qtp1897694595-441" daemon prio=5 tid=441 timed_waiting
java.lang.Thread.State: TIMED_WAITING
        at sun.misc.Unsafe.park(Native Method)
        at java.util.concurrent.locks.LockSupport.parkNanos(LockSupport.java:215)
        at java.util.concurrent.locks.AbstractQueuedSynchronizer$ConditionObject.awaitNanos(AbstractQueuedSynchronizer.java:2078)
        at org.eclipse.jetty.util.BlockingArrayQueue.poll(BlockingArrayQueue.java:382)
        at org.eclipse.jetty.util.thread.QueuedThreadPool$Runner.idleJobPoll(QueuedThreadPool.java:974)
        at org.eclipse.jetty.util.thread.QueuedThreadPool$Runner.run(QueuedThreadPool.java:1018)
        at java.lang.Thread.run(Thread.java:750)
"78f89d9b-e409-4704-890b-bfcfbcdfd28a-server-thread1" daemon prio=5 tid=2199 timed_waiting
java.lang.Thread.State: TIMED_WAITING
        at sun.misc.Unsafe.park(Native Method)
        at java.util.concurrent.locks.LockSupport.parkNanos(LockSupport.java:215)
        at java.util.concurrent.SynchronousQueue$TransferStack.awaitFulfill(SynchronousQueue.java:460)
        at java.util.concurrent.SynchronousQueue$TransferStack.transfer(SynchronousQueue.java:362)
        at java.util.concurrent.SynchronousQueue.poll(SynchronousQueue.java:941)
        at java.util.concurrent.ThreadPoolExecutor.getTask(ThreadPoolExecutor.java:1073)
        at java.util.concurrent.ThreadPoolExecutor.runWorker(ThreadPoolExecutor.java:1134)
        at java.util.concurrent.ThreadPoolExecutor$Worker.run(ThreadPoolExecutor.java:624)
        at java.lang.Thread.run(Thread.java:750)
"e46a6e51-795f-4801-a523-c45a6c7f2c34-server-thread3" daemon prio=5 tid=1753 timed_waiting
java.lang.Thread.State: TIMED_WAITING
        at sun.misc.Unsafe.park(Native Method)
        at java.util.concurrent.locks.LockSupport.parkNanos(LockSupport.java:215)
        at java.util.concurrent.SynchronousQueue$TransferStack.awaitFulfill(SynchronousQueue.java:460)
        at java.util.concurrent.SynchronousQueue$TransferStack.transfer(SynchronousQueue.java:362)
        at java.util.concurrent.SynchronousQueue.poll(SynchronousQueue.java:941)
        at java.util.concurrent.ThreadPoolExecutor.getTask(ThreadPoolExecutor.java:1073)
        at java.util.concurrent.ThreadPoolExecutor.runWorker(ThreadPoolExecutor.java:1134)
        at java.util.concurrent.ThreadPoolExecutor$Worker.run(ThreadPoolExecutor.java:624)
        at java.lang.Thread.run(Thread.java:750)
"IPC Server handler 88 on default port 15002" daemon prio=5 tid=342 timed_waiting
java.lang.Thread.State: TIMED_WAITING
        at sun.misc.Unsafe.park(Native Method)
        at java.util.concurrent.locks.LockSupport.parkNanos(LockSupport.java:215)
        at java.util.concurrent.locks.AbstractQueuedSynchronizer$ConditionObject.awaitNanos(AbstractQueuedSynchronizer.java:2078)
        at java.util.concurrent.LinkedBlockingQueue.poll(LinkedBlockingQueue.java:467)
        at org.apache.hadoop.ipc.CallQueueManager.take(CallQueueManager.java:317)
        at org.apache.hadoop.ipc.Server$Handler.run(Server.java:3014)
"IPC Server handler 1 on default port 15002" daemon prio=5 tid=255 timed_waiting
java.lang.Thread.State: TIMED_WAITING
        at sun.misc.Unsafe.park(Native Method)
        at java.util.concurrent.locks.LockSupport.parkNanos(LockSupport.java:215)
        at java.util.concurrent.locks.AbstractQueuedSynchronizer$ConditionObject.awaitNanos(AbstractQueuedSynchronizer.java:2078)
        at java.util.concurrent.LinkedBlockingQueue.poll(LinkedBlockingQueue.java:467)
        at org.apache.hadoop.ipc.CallQueueManager.take(CallQueueManager.java:317)
        at org.apache.hadoop.ipc.Server$Handler.run(Server.java:3014)
"86ab988c-fa9c-425d-a1c6-9004ff7fd93d-server-thread1" daemon prio=5 tid=1586 timed_waiting
java.lang.Thread.State: TIMED_WAITING
        at sun.misc.Unsafe.park(Native Method)
        at java.util.concurrent.locks.LockSupport.parkNanos(LockSupport.java:215)
        at java.util.concurrent.SynchronousQueue$TransferStack.awaitFulfill(SynchronousQueue.java:460)
        at java.util.concurrent.SynchronousQueue$TransferStack.transfer(SynchronousQueue.java:362)
        at java.util.concurrent.SynchronousQueue.poll(SynchronousQueue.java:941)
        at java.util.concurrent.ThreadPoolExecutor.getTask(ThreadPoolExecutor.java:1073)
        at java.util.concurrent.ThreadPoolExecutor.runWorker(ThreadPoolExecutor.java:1134)
        at java.util.concurrent.ThreadPoolExecutor$Worker.run(ThreadPoolExecutor.java:624)
        at java.lang.Thread.run(Thread.java:750)
"IPC Server handler 52 on default port 15001" daemon prio=5 tid=206 timed_waiting
java.lang.Thread.State: TIMED_WAITING
        at sun.misc.Unsafe.park(Native Method)
        at java.util.concurrent.locks.LockSupport.parkNanos(LockSupport.java:215)
        at java.util.concurrent.locks.AbstractQueuedSynchronizer$ConditionObject.awaitNanos(AbstractQueuedSynchronizer.java:2078)
        at java.util.concurrent.LinkedBlockingQueue.poll(LinkedBlockingQueue.java:467)
        at org.apache.hadoop.ipc.CallQueueManager.take(CallQueueManager.java:317)
        at org.apache.hadoop.ipc.Server$Handler.run(Server.java:3014)
"IPC Server handler 66 on default port 15001" daemon prio=5 tid=220 timed_waiting
java.lang.Thread.State: TIMED_WAITING
        at sun.misc.Unsafe.park(Native Method)
        at java.util.concurrent.locks.LockSupport.parkNanos(LockSupport.java:215)
        at java.util.concurrent.locks.AbstractQueuedSynchronizer$ConditionObject.awaitNanos(AbstractQueuedSynchronizer.java:2078)
        at java.util.concurrent.LinkedBlockingQueue.poll(LinkedBlockingQueue.java:467)
        at org.apache.hadoop.ipc.CallQueueManager.take(CallQueueManager.java:317)
        at org.apache.hadoop.ipc.Server$Handler.run(Server.java:3014)
"IPC Server handler 3 on default port 15001" daemon prio=5 tid=157 timed_waiting
java.lang.Thread.State: TIMED_WAITING
        at sun.misc.Unsafe.park(Native Method)
        at java.util.concurrent.locks.LockSupport.parkNanos(LockSupport.java:215)
        at java.util.concurrent.locks.AbstractQueuedSynchronizer$ConditionObject.awaitNanos(AbstractQueuedSynchronizer.java:2078)
        at java.util.concurrent.LinkedBlockingQueue.poll(LinkedBlockingQueue.java:467)
        at org.apache.hadoop.ipc.CallQueueManager.take(CallQueueManager.java:317)
        at org.apache.hadoop.ipc.Server$Handler.run(Server.java:3014)
"JvmPauseMonitor12" daemon prio=5 tid=2103 timed_waiting
java.lang.Thread.State: TIMED_WAITING
        at java.lang.Thread.sleep(Native Method)
        at java.lang.Thread.sleep(Thread.java:342)
        at java.util.concurrent.TimeUnit.sleep(TimeUnit.java:386)
        at org.apache.ratis.util.TimeDuration.sleep(TimeDuration.java:353)
        at org.apache.ratis.util.TimeDuration.sleep(TimeDuration.java:338)
        at org.apache.ratis.util.JvmPauseMonitor.detectPause(JvmPauseMonitor.java:160)
        at org.apache.ratis.util.JvmPauseMonitor.run(JvmPauseMonitor.java:149)
        at org.apache.ratis.util.JvmPauseMonitor$$Lambda$549/1343642221.run(Unknown Source)
        at java.lang.Thread.run(Thread.java:750)
"78f89d9b-e409-4704-890b-bfcfbcdfd28a-DatanodeReportManager-3" daemon prio=5 tid=683 timed_waiting
java.lang.Thread.State: TIMED_WAITING
        at sun.misc.Unsafe.park(Native Method)
        at java.util.concurrent.locks.LockSupport.parkNanos(LockSupport.java:215)
        at java.util.concurrent.locks.AbstractQueuedSynchronizer$ConditionObject.awaitNanos(AbstractQueuedSynchronizer.java:2078)
        at java.util.concurrent.ScheduledThreadPoolExecutor$DelayedWorkQueue.take(ScheduledThreadPoolExecutor.java:1093)
        at java.util.concurrent.ScheduledThreadPoolExecutor$DelayedWorkQueue.take(ScheduledThreadPoolExecutor.java:809)
        at java.util.concurrent.ThreadPoolExecutor.getTask(ThreadPoolExecutor.java:1074)
        at java.util.concurrent.ThreadPoolExecutor.runWorker(ThreadPoolExecutor.java:1134)
        at java.util.concurrent.ThreadPoolExecutor$Worker.run(ThreadPoolExecutor.java:624)
        at java.lang.Thread.run(Thread.java:750)
"c30fedce-f286-40e0-881d-3d5a9a6e2463-CloseContainerThread-2"  prio=5 tid=1993 in Object.wait()
java.lang.Thread.State: WAITING (on object monitor)
        at sun.misc.Unsafe.park(Native Method)
        at java.util.concurrent.locks.LockSupport.park(LockSupport.java:175)
        at java.util.concurrent.locks.AbstractQueuedSynchronizer$ConditionObject.await(AbstractQueuedSynchronizer.java:2039)
        at java.util.concurrent.LinkedBlockingQueue.take(LinkedBlockingQueue.java:442)
        at java.util.concurrent.ThreadPoolExecutor.getTask(ThreadPoolExecutor.java:1074)
        at java.util.concurrent.ThreadPoolExecutor.runWorker(ThreadPoolExecutor.java:1134)
        at java.util.concurrent.ThreadPoolExecutor$Worker.run(ThreadPoolExecutor.java:624)
        at java.lang.Thread.run(Thread.java:750)
"dc26353c-d48a-467d-89cd-3a7c4b626396-DatanodeReportManager-3" daemon prio=5 tid=571 timed_waiting
java.lang.Thread.State: TIMED_WAITING
        at sun.misc.Unsafe.park(Native Method)
        at java.util.concurrent.locks.LockSupport.parkNanos(LockSupport.java:215)
        at java.util.concurrent.locks.AbstractQueuedSynchronizer$ConditionObject.awaitNanos(AbstractQueuedSynchronizer.java:2078)
        at java.util.concurrent.ScheduledThreadPoolExecutor$DelayedWorkQueue.take(ScheduledThreadPoolExecutor.java:1093)
        at java.util.concurrent.ScheduledThreadPoolExecutor$DelayedWorkQueue.take(ScheduledThreadPoolExecutor.java:809)
        at java.util.concurrent.ThreadPoolExecutor.getTask(ThreadPoolExecutor.java:1074)
        at java.util.concurrent.ThreadPoolExecutor.runWorker(ThreadPoolExecutor.java:1134)
        at java.util.concurrent.ThreadPoolExecutor$Worker.run(ThreadPoolExecutor.java:624)
        at java.lang.Thread.run(Thread.java:750)
"e46a6e51-795f-4801-a523-c45a6c7f2c34-DatanodeReportManager-4" daemon prio=5 tid=458 timed_waiting
java.lang.Thread.State: TIMED_WAITING
        at sun.misc.Unsafe.park(Native Method)
        at java.util.concurrent.locks.LockSupport.parkNanos(LockSupport.java:215)
        at java.util.concurrent.locks.AbstractQueuedSynchronizer$ConditionObject.awaitNanos(AbstractQueuedSynchronizer.java:2078)
        at java.util.concurrent.ScheduledThreadPoolExecutor$DelayedWorkQueue.take(ScheduledThreadPoolExecutor.java:1093)
        at java.util.concurrent.ScheduledThreadPoolExecutor$DelayedWorkQueue.take(ScheduledThreadPoolExecutor.java:809)
        at java.util.concurrent.ThreadPoolExecutor.getTask(ThreadPoolExecutor.java:1074)
        at java.util.concurrent.ThreadPoolExecutor.runWorker(ThreadPoolExecutor.java:1134)
        at java.util.concurrent.ThreadPoolExecutor$Worker.run(ThreadPoolExecutor.java:624)
        at java.lang.Thread.run(Thread.java:750)
"IPC Server handler 13 on default port 15000" daemon prio=5 tid=67 timed_waiting
java.lang.Thread.State: TIMED_WAITING
        at sun.misc.Unsafe.park(Native Method)
        at java.util.concurrent.locks.LockSupport.parkNanos(LockSupport.java:215)
        at java.util.concurrent.locks.AbstractQueuedSynchronizer$ConditionObject.awaitNanos(AbstractQueuedSynchronizer.java:2078)
        at java.util.concurrent.LinkedBlockingQueue.poll(LinkedBlockingQueue.java:467)
        at org.apache.hadoop.ipc.CallQueueManager.take(CallQueueManager.java:317)
        at org.apache.hadoop.ipc.Server$Handler.run(Server.java:3014)
"qtp332031786-586" daemon prio=5 tid=586 timed_waiting
java.lang.Thread.State: TIMED_WAITING
        at sun.misc.Unsafe.park(Native Method)
        at java.util.concurrent.locks.LockSupport.parkNanos(LockSupport.java:215)
        at java.util.concurrent.locks.AbstractQueuedSynchronizer$ConditionObject.awaitNanos(AbstractQueuedSynchronizer.java:2078)
        at org.eclipse.jetty.util.BlockingArrayQueue.poll(BlockingArrayQueue.java:382)
        at org.eclipse.jetty.util.thread.QueuedThreadPool$Runner.idleJobPoll(QueuedThreadPool.java:974)
        at org.eclipse.jetty.util.thread.QueuedThreadPool$Runner.run(QueuedThreadPool.java:1018)
        at java.lang.Thread.run(Thread.java:750)
"IPC Server handler 93 on default port 15001" daemon prio=5 tid=247 timed_waiting
java.lang.Thread.State: TIMED_WAITING
        at sun.misc.Unsafe.park(Native Method)
        at java.util.concurrent.locks.LockSupport.parkNanos(LockSupport.java:215)
        at java.util.concurrent.locks.AbstractQueuedSynchronizer$ConditionObject.awaitNanos(AbstractQueuedSynchronizer.java:2078)
        at java.util.concurrent.LinkedBlockingQueue.poll(LinkedBlockingQueue.java:467)
        at org.apache.hadoop.ipc.CallQueueManager.take(CallQueueManager.java:317)
        at org.apache.hadoop.ipc.Server$Handler.run(Server.java:3014)
"StaleRecoveringContainerScrubbingService#4" daemon prio=5 tid=2115 in Object.wait()
java.lang.Thread.State: WAITING (on object monitor)
        at sun.misc.Unsafe.park(Native Method)
        at java.util.concurrent.locks.LockSupport.park(LockSupport.java:175)
        at java.util.concurrent.locks.AbstractQueuedSynchronizer$ConditionObject.await(AbstractQueuedSynchronizer.java:2039)
        at java.util.concurrent.ScheduledThreadPoolExecutor$DelayedWorkQueue.take(ScheduledThreadPoolExecutor.java:1088)
        at java.util.concurrent.ScheduledThreadPoolExecutor$DelayedWorkQueue.take(ScheduledThreadPoolExecutor.java:809)
        at java.util.concurrent.ThreadPoolExecutor.getTask(ThreadPoolExecutor.java:1074)
        at java.util.concurrent.ThreadPoolExecutor.runWorker(ThreadPoolExecutor.java:1134)
        at java.util.concurrent.ThreadPoolExecutor$Worker.run(ThreadPoolExecutor.java:624)
        at java.lang.Thread.run(Thread.java:750)
"e780b093-7242-46d7-bd8f-0f810188c7b3-BlockDeletingService#1" daemon prio=5 tid=876 in Object.wait()
java.lang.Thread.State: WAITING (on object monitor)
        at sun.misc.Unsafe.park(Native Method)
        at java.util.concurrent.locks.LockSupport.park(LockSupport.java:175)
        at java.util.concurrent.locks.AbstractQueuedSynchronizer$ConditionObject.await(AbstractQueuedSynchronizer.java:2039)
        at java.util.concurrent.ScheduledThreadPoolExecutor$DelayedWorkQueue.take(ScheduledThreadPoolExecutor.java:1088)
        at java.util.concurrent.ScheduledThreadPoolExecutor$DelayedWorkQueue.take(ScheduledThreadPoolExecutor.java:809)
        at java.util.concurrent.ThreadPoolExecutor.getTask(ThreadPoolExecutor.java:1074)
        at java.util.concurrent.ThreadPoolExecutor.runWorker(ThreadPoolExecutor.java:1134)
        at java.util.concurrent.ThreadPoolExecutor$Worker.run(ThreadPoolExecutor.java:624)
        at java.lang.Thread.run(Thread.java:750)
"StaleRecoveringContainerScrubbingService#9" daemon prio=5 tid=2393 in Object.wait()
java.lang.Thread.State: WAITING (on object monitor)
        at sun.misc.Unsafe.park(Native Method)
        at java.util.concurrent.locks.LockSupport.park(LockSupport.java:175)
        at java.util.concurrent.locks.AbstractQueuedSynchronizer$ConditionObject.await(AbstractQueuedSynchronizer.java:2039)
        at java.util.concurrent.ScheduledThreadPoolExecutor$DelayedWorkQueue.take(ScheduledThreadPoolExecutor.java:1088)
        at java.util.concurrent.ScheduledThreadPoolExecutor$DelayedWorkQueue.take(ScheduledThreadPoolExecutor.java:809)
        at java.util.concurrent.ThreadPoolExecutor.getTask(ThreadPoolExecutor.java:1074)
        at java.util.concurrent.ThreadPoolExecutor.runWorker(ThreadPoolExecutor.java:1134)
        at java.util.concurrent.ThreadPoolExecutor$Worker.run(ThreadPoolExecutor.java:624)
        at java.lang.Thread.run(Thread.java:750)
"e780b093-7242-46d7-bd8f-0f810188c7b3-CloseContainerThread-1"  prio=5 tid=1994 in Object.wait()
java.lang.Thread.State: WAITING (on object monitor)
        at sun.misc.Unsafe.park(Native Method)
        at java.util.concurrent.locks.LockSupport.park(LockSupport.java:175)
        at java.util.concurrent.locks.AbstractQueuedSynchronizer$ConditionObject.await(AbstractQueuedSynchronizer.java:2039)
        at java.util.concurrent.LinkedBlockingQueue.take(LinkedBlockingQueue.java:442)
        at java.util.concurrent.ThreadPoolExecutor.getTask(ThreadPoolExecutor.java:1074)
        at java.util.concurrent.ThreadPoolExecutor.runWorker(ThreadPoolExecutor.java:1134)
        at java.util.concurrent.ThreadPoolExecutor$Worker.run(ThreadPoolExecutor.java:624)
        at java.lang.Thread.run(Thread.java:750)
"IPC Server handler 60 on default port 15002" daemon prio=5 tid=314 timed_waiting
java.lang.Thread.State: TIMED_WAITING
        at sun.misc.Unsafe.park(Native Method)
        at java.util.concurrent.locks.LockSupport.parkNanos(LockSupport.java:215)
        at java.util.concurrent.locks.AbstractQueuedSynchronizer$ConditionObject.awaitNanos(AbstractQueuedSynchronizer.java:2078)
        at java.util.concurrent.LinkedBlockingQueue.poll(LinkedBlockingQueue.java:467)
        at org.apache.hadoop.ipc.CallQueueManager.take(CallQueueManager.java:317)
        at org.apache.hadoop.ipc.Server$Handler.run(Server.java:3014)
"grpc-default-worker-ELG-3-3" daemon prio=5 tid=920 runnable
java.lang.Thread.State: RUNNABLE
        at org.apache.ratis.thirdparty.io.netty.channel.epoll.Native.epollWait0(Native Method)
        at org.apache.ratis.thirdparty.io.netty.channel.epoll.Native.epollWait(Native.java:182)
        at org.apache.ratis.thirdparty.io.netty.channel.epoll.EpollEventLoop.epollWait(EpollEventLoop.java:312)
        at org.apache.ratis.thirdparty.io.netty.channel.epoll.EpollEventLoop.run(EpollEventLoop.java:376)
        at org.apache.ratis.thirdparty.io.netty.util.concurrent.SingleThreadEventExecutor$4.run(SingleThreadEventExecutor.java:997)
        at org.apache.ratis.thirdparty.io.netty.util.internal.ThreadExecutorMap$2.run(ThreadExecutorMap.java:74)
        at org.apache.ratis.thirdparty.io.netty.util.concurrent.FastThreadLocalRunnable.run(FastThreadLocalRunnable.java:30)
        at java.lang.Thread.run(Thread.java:750)
"13f92446-3b18-4d81-bc66-0f9b00220e72@group-68F6D74661CE-SegmentedRaftLogWorker"  prio=5 tid=2148 timed_waiting
java.lang.Thread.State: TIMED_WAITING
        at sun.misc.Unsafe.park(Native Method)
        at java.util.concurrent.locks.LockSupport.parkNanos(LockSupport.java:215)
        at java.util.concurrent.locks.AbstractQueuedSynchronizer$ConditionObject.awaitNanos(AbstractQueuedSynchronizer.java:2078)
        at org.apache.ratis.util.DataBlockingQueue.poll(DataBlockingQueue.java:148)
        at org.apache.ratis.server.raftlog.segmented.SegmentedRaftLogWorker.run(SegmentedRaftLogWorker.java:299)
        at org.apache.ratis.server.raftlog.segmented.SegmentedRaftLogWorker$$Lambda$913/1052546256.run(Unknown Source)
        at java.util.concurrent.Executors$RunnableAdapter.call(Executors.java:511)
        at java.util.concurrent.FutureTask.run(FutureTask.java:266)
        at java.util.concurrent.ThreadPoolExecutor.runWorker(ThreadPoolExecutor.java:1149)
        at java.util.concurrent.ThreadPoolExecutor$Worker.run(ThreadPoolExecutor.java:624)
        at java.lang.Thread.run(Thread.java:750)
"IPC Server handler 8 on default port 15004" daemon prio=5 tid=420 timed_waiting
java.lang.Thread.State: TIMED_WAITING
        at sun.misc.Unsafe.park(Native Method)
        at java.util.concurrent.locks.LockSupport.parkNanos(LockSupport.java:215)
        at java.util.concurrent.locks.AbstractQueuedSynchronizer$ConditionObject.awaitNanos(AbstractQueuedSynchronizer.java:2078)
        at java.util.concurrent.LinkedBlockingQueue.poll(LinkedBlockingQueue.java:467)
        at org.apache.hadoop.ipc.CallQueueManager.take(CallQueueManager.java:317)
        at org.apache.hadoop.ipc.Server$Handler.run(Server.java:3014)
"IPC Server handler 61 on default port 15002" daemon prio=5 tid=315 timed_waiting
java.lang.Thread.State: TIMED_WAITING
        at sun.misc.Unsafe.park(Native Method)
        at java.util.concurrent.locks.LockSupport.parkNanos(LockSupport.java:215)
        at java.util.concurrent.locks.AbstractQueuedSynchronizer$ConditionObject.awaitNanos(AbstractQueuedSynchronizer.java:2078)
        at java.util.concurrent.LinkedBlockingQueue.poll(LinkedBlockingQueue.java:467)
        at org.apache.hadoop.ipc.CallQueueManager.take(CallQueueManager.java:317)
        at org.apache.hadoop.ipc.Server$Handler.run(Server.java:3014)
"dc26353c-d48a-467d-89cd-3a7c4b626396@group-DD233808B888-StateMachineUpdater" daemon prio=5 tid=970 timed_waiting
java.lang.Thread.State: TIMED_WAITING
        at sun.misc.Unsafe.park(Native Method)
        at java.util.concurrent.locks.LockSupport.parkNanos(LockSupport.java:215)
        at java.util.concurrent.locks.AbstractQueuedSynchronizer$ConditionObject.await(AbstractQueuedSynchronizer.java:2163)
        at org.apache.ratis.util.AwaitForSignal.await(AwaitForSignal.java:65)
        at org.apache.ratis.server.impl.StateMachineUpdater.waitForCommit(StateMachineUpdater.java:211)
        at org.apache.ratis.server.impl.StateMachineUpdater.run(StateMachineUpdater.java:180)
        at java.lang.Thread.run(Thread.java:750)
"qtp122073438-2052" daemon prio=5 tid=2052 timed_waiting
java.lang.Thread.State: TIMED_WAITING
        at sun.misc.Unsafe.park(Native Method)
        at java.util.concurrent.locks.LockSupport.parkNanos(LockSupport.java:215)
        at java.util.concurrent.locks.AbstractQueuedSynchronizer$ConditionObject.awaitNanos(AbstractQueuedSynchronizer.java:2078)
        at org.eclipse.jetty.util.BlockingArrayQueue.poll(BlockingArrayQueue.java:382)
        at org.eclipse.jetty.util.thread.QueuedThreadPool$Runner.idleJobPoll(QueuedThreadPool.java:974)
        at org.eclipse.jetty.util.thread.QueuedThreadPool$Runner.run(QueuedThreadPool.java:1018)
        at java.lang.Thread.run(Thread.java:750)
"qtp122073438-2050" daemon prio=5 tid=2050 timed_waiting
java.lang.Thread.State: TIMED_WAITING
        at sun.misc.Unsafe.park(Native Method)
        at java.util.concurrent.locks.LockSupport.parkNanos(LockSupport.java:215)
        at java.util.concurrent.locks.AbstractQueuedSynchronizer$ConditionObject.awaitNanos(AbstractQueuedSynchronizer.java:2078)
        at org.eclipse.jetty.util.BlockingArrayQueue.poll(BlockingArrayQueue.java:382)
        at org.eclipse.jetty.util.thread.QueuedThreadPool$Runner.idleJobPoll(QueuedThreadPool.java:974)
        at org.eclipse.jetty.util.thread.QueuedThreadPool$Runner.run(QueuedThreadPool.java:1018)
        at java.lang.Thread.run(Thread.java:750)
"c30fedce-f286-40e0-881d-3d5a9a6e2463-CloseContainerThread-0"  prio=5 tid=1991 in Object.wait()
java.lang.Thread.State: WAITING (on object monitor)
        at sun.misc.Unsafe.park(Native Method)
        at java.util.concurrent.locks.LockSupport.park(LockSupport.java:175)
        at java.util.concurrent.locks.AbstractQueuedSynchronizer$ConditionObject.await(AbstractQueuedSynchronizer.java:2039)
        at java.util.concurrent.LinkedBlockingQueue.take(LinkedBlockingQueue.java:442)
        at java.util.concurrent.ThreadPoolExecutor.getTask(ThreadPoolExecutor.java:1074)
        at java.util.concurrent.ThreadPoolExecutor.runWorker(ThreadPoolExecutor.java:1134)
        at java.util.concurrent.ThreadPoolExecutor$Worker.run(ThreadPoolExecutor.java:624)
        at java.lang.Thread.run(Thread.java:750)
"86ab988c-fa9c-425d-a1c6-9004ff7fd93d@group-1944BBB8D763-cacheEviction-AwaitToRun" daemon prio=5 tid=1210 in Object.wait()
java.lang.Thread.State: WAITING (on object monitor)
        at sun.misc.Unsafe.park(Native Method)
        at java.util.concurrent.locks.LockSupport.park(LockSupport.java:175)
        at java.util.concurrent.locks.AbstractQueuedSynchronizer$ConditionObject.await(AbstractQueuedSynchronizer.java:2039)
        at org.apache.ratis.util.AwaitForSignal.await(AwaitForSignal.java:48)
        at org.apache.ratis.util.AwaitToRun$RunnableImpl.run(AwaitToRun.java:47)
        at java.lang.Thread.run(Thread.java:750)
"e780b093-7242-46d7-bd8f-0f810188c7b3-DatanodeReportManager-1" daemon prio=5 tid=709 in Object.wait()
java.lang.Thread.State: WAITING (on object monitor)
        at sun.misc.Unsafe.park(Native Method)
        at java.util.concurrent.locks.LockSupport.park(LockSupport.java:175)
        at java.util.concurrent.locks.AbstractQueuedSynchronizer$ConditionObject.await(AbstractQueuedSynchronizer.java:2039)
        at java.util.concurrent.ScheduledThreadPoolExecutor$DelayedWorkQueue.take(ScheduledThreadPoolExecutor.java:1088)
        at java.util.concurrent.ScheduledThreadPoolExecutor$DelayedWorkQueue.take(ScheduledThreadPoolExecutor.java:809)
        at java.util.concurrent.ThreadPoolExecutor.getTask(ThreadPoolExecutor.java:1074)
        at java.util.concurrent.ThreadPoolExecutor.runWorker(ThreadPoolExecutor.java:1134)
        at java.util.concurrent.ThreadPoolExecutor$Worker.run(ThreadPoolExecutor.java:624)
        at java.lang.Thread.run(Thread.java:750)
"IPC Server handler 35 on default port 15002" daemon prio=5 tid=289 timed_waiting
java.lang.Thread.State: TIMED_WAITING
        at sun.misc.Unsafe.park(Native Method)
        at java.util.concurrent.locks.LockSupport.parkNanos(LockSupport.java:215)
        at java.util.concurrent.locks.AbstractQueuedSynchronizer$ConditionObject.awaitNanos(AbstractQueuedSynchronizer.java:2078)
        at java.util.concurrent.LinkedBlockingQueue.poll(LinkedBlockingQueue.java:467)
        at org.apache.hadoop.ipc.CallQueueManager.take(CallQueueManager.java:317)
        at org.apache.hadoop.ipc.Server$Handler.run(Server.java:3014)
"IPC Server handler 83 on default port 15000" daemon prio=5 tid=137 timed_waiting
java.lang.Thread.State: TIMED_WAITING
        at sun.misc.Unsafe.park(Native Method)
        at java.util.concurrent.locks.LockSupport.parkNanos(LockSupport.java:215)
        at java.util.concurrent.locks.AbstractQueuedSynchronizer$ConditionObject.awaitNanos(AbstractQueuedSynchronizer.java:2078)
        at java.util.concurrent.LinkedBlockingQueue.poll(LinkedBlockingQueue.java:467)
        at org.apache.hadoop.ipc.CallQueueManager.take(CallQueueManager.java:317)
        at org.apache.hadoop.ipc.Server$Handler.run(Server.java:3014)
"qtp1377312528-556" daemon prio=5 tid=556 timed_waiting
java.lang.Thread.State: TIMED_WAITING
        at sun.misc.Unsafe.park(Native Method)
        at java.util.concurrent.locks.LockSupport.parkNanos(LockSupport.java:215)
        at java.util.concurrent.locks.AbstractQueuedSynchronizer$ConditionObject.awaitNanos(AbstractQueuedSynchronizer.java:2078)
        at org.eclipse.jetty.util.BlockingArrayQueue.poll(BlockingArrayQueue.java:382)
        at org.eclipse.jetty.util.thread.QueuedThreadPool$Runner.idleJobPoll(QueuedThreadPool.java:974)
        at org.eclipse.jetty.util.thread.QueuedThreadPool$Runner.run(QueuedThreadPool.java:1018)
        at java.lang.Thread.run(Thread.java:750)
"IPC Server handler 76 on default port 15002" daemon prio=5 tid=330 timed_waiting
java.lang.Thread.State: TIMED_WAITING
        at sun.misc.Unsafe.park(Native Method)
        at java.util.concurrent.locks.LockSupport.parkNanos(LockSupport.java:215)
        at java.util.concurrent.locks.AbstractQueuedSynchronizer$ConditionObject.awaitNanos(AbstractQueuedSynchronizer.java:2078)
        at java.util.concurrent.LinkedBlockingQueue.poll(LinkedBlockingQueue.java:467)
        at org.apache.hadoop.ipc.CallQueueManager.take(CallQueueManager.java:317)
        at org.apache.hadoop.ipc.Server$Handler.run(Server.java:3014)
"FixedThreadPoolWithAffinityExecutor-4-0" daemon prio=5 tid=47 timed_waiting
java.lang.Thread.State: TIMED_WAITING
        at sun.misc.Unsafe.park(Native Method)
        at java.util.concurrent.locks.LockSupport.parkNanos(LockSupport.java:215)
        at java.util.concurrent.locks.AbstractQueuedSynchronizer$ConditionObject.awaitNanos(AbstractQueuedSynchronizer.java:2078)
        at java.util.concurrent.LinkedBlockingQueue.poll(LinkedBlockingQueue.java:467)
        at org.apache.hadoop.hdds.scm.server.ContainerReportQueue.poll(ContainerReportQueue.java:269)
        at org.apache.hadoop.hdds.scm.server.ContainerReportQueue.poll(ContainerReportQueue.java:42)
        at org.apache.hadoop.hdds.server.events.FixedThreadPoolWithAffinityExecutor$ContainerReportProcessTask.run(FixedThreadPoolWithAffinityExecutor.java:253)
        at java.util.concurrent.Executors$RunnableAdapter.call(Executors.java:511)
        at java.util.concurrent.FutureTask.run(FutureTask.java:266)
        at java.util.concurrent.ThreadPoolExecutor.runWorker(ThreadPoolExecutor.java:1149)
        at java.util.concurrent.ThreadPoolExecutor$Worker.run(ThreadPoolExecutor.java:624)
        at java.lang.Thread.run(Thread.java:750)
"dc26353c-d48a-467d-89cd-3a7c4b626396-ChunkReader-ELG-0" daemon prio=5 tid=792 runnable
java.lang.Thread.State: RUNNABLE
        at org.apache.ratis.thirdparty.io.netty.channel.epoll.Native.epollWait0(Native Method)
        at org.apache.ratis.thirdparty.io.netty.channel.epoll.Native.epollWait(Native.java:182)
        at org.apache.ratis.thirdparty.io.netty.channel.epoll.EpollEventLoop.epollWait(EpollEventLoop.java:312)
        at org.apache.ratis.thirdparty.io.netty.channel.epoll.EpollEventLoop.run(EpollEventLoop.java:376)
        at org.apache.ratis.thirdparty.io.netty.util.concurrent.SingleThreadEventExecutor$4.run(SingleThreadEventExecutor.java:997)
        at org.apache.ratis.thirdparty.io.netty.util.internal.ThreadExecutorMap$2.run(ThreadExecutorMap.java:74)
        at java.lang.Thread.run(Thread.java:750)
"86ab988c-fa9c-425d-a1c6-9004ff7fd93d@group-34E96220011A-LeaderStateImpl" daemon prio=5 tid=1918 timed_waiting
java.lang.Thread.State: TIMED_WAITING
        at sun.misc.Unsafe.park(Native Method)
        at java.util.concurrent.locks.LockSupport.parkNanos(LockSupport.java:215)
        at java.util.concurrent.locks.AbstractQueuedSynchronizer$ConditionObject.awaitNanos(AbstractQueuedSynchronizer.java:2078)
        at java.util.concurrent.ArrayBlockingQueue.poll(ArrayBlockingQueue.java:418)
        at org.apache.ratis.server.impl.LeaderStateImpl$EventQueue.poll(LeaderStateImpl.java:164)
        at org.apache.ratis.server.impl.LeaderStateImpl$EventProcessor.run(LeaderStateImpl.java:762)
"Session-HouseKeeper-7a52cdce-1"  prio=5 tid=700 timed_waiting
java.lang.Thread.State: TIMED_WAITING
        at sun.misc.Unsafe.park(Native Method)
        at java.util.concurrent.locks.LockSupport.parkNanos(LockSupport.java:215)
        at java.util.concurrent.locks.AbstractQueuedSynchronizer$ConditionObject.awaitNanos(AbstractQueuedSynchronizer.java:2078)
        at java.util.concurrent.ScheduledThreadPoolExecutor$DelayedWorkQueue.take(ScheduledThreadPoolExecutor.java:1093)
        at java.util.concurrent.ScheduledThreadPoolExecutor$DelayedWorkQueue.take(ScheduledThreadPoolExecutor.java:809)
        at java.util.concurrent.ThreadPoolExecutor.getTask(ThreadPoolExecutor.java:1074)
        at java.util.concurrent.ThreadPoolExecutor.runWorker(ThreadPoolExecutor.java:1134)
        at java.util.concurrent.ThreadPoolExecutor$Worker.run(ThreadPoolExecutor.java:624)
        at java.lang.Thread.run(Thread.java:750)
"86ab988c-fa9c-425d-a1c6-9004ff7fd93d@group-34E96220011A->c30fedce-f286-40e0-881d-3d5a9a6e2463-GrpcLogAppender-LogAppenderDaemon" daemon prio=5 tid=1919 timed_waiting
java.lang.Thread.State: TIMED_WAITING
        at sun.misc.Unsafe.park(Native Method)
        at java.util.concurrent.locks.LockSupport.parkNanos(LockSupport.java:215)
        at java.util.concurrent.locks.AbstractQueuedSynchronizer$ConditionObject.await(AbstractQueuedSynchronizer.java:2163)
        at org.apache.ratis.util.AwaitForSignal.await(AwaitForSignal.java:65)
        at org.apache.ratis.grpc.server.GrpcLogAppender.mayWait(GrpcLogAppender.java:286)
        at org.apache.ratis.grpc.server.GrpcLogAppender.run(GrpcLogAppender.java:254)
        at org.apache.ratis.server.leader.LogAppenderDaemon.run(LogAppenderDaemon.java:80)
        at org.apache.ratis.server.leader.LogAppenderDaemon$$Lambda$1370/616798254.run(Unknown Source)
        at java.lang.Thread.run(Thread.java:750)
"StaleRecoveringContainerScrubbingService#3" daemon prio=5 tid=1996 in Object.wait()
java.lang.Thread.State: WAITING (on object monitor)
        at sun.misc.Unsafe.park(Native Method)
        at java.util.concurrent.locks.LockSupport.park(LockSupport.java:175)
        at java.util.concurrent.locks.AbstractQueuedSynchronizer$ConditionObject.await(AbstractQueuedSynchronizer.java:2039)
        at java.util.concurrent.ScheduledThreadPoolExecutor$DelayedWorkQueue.take(ScheduledThreadPoolExecutor.java:1088)
        at java.util.concurrent.ScheduledThreadPoolExecutor$DelayedWorkQueue.take(ScheduledThreadPoolExecutor.java:809)
        at java.util.concurrent.ThreadPoolExecutor.getTask(ThreadPoolExecutor.java:1074)
        at java.util.concurrent.ThreadPoolExecutor.runWorker(ThreadPoolExecutor.java:1134)
        at java.util.concurrent.ThreadPoolExecutor$Worker.run(ThreadPoolExecutor.java:624)
        at java.lang.Thread.run(Thread.java:750)
"qtp1897694595-440-acceptor-0@6c744cb7-ServerConnector@128bd0f0{HTTP/1.1, (http/1.1)}{0.0.0.0:15009}" daemon prio=3 tid=440 runnable
java.lang.Thread.State: RUNNABLE
        at sun.nio.ch.ServerSocketChannelImpl.accept0(Native Method)
        at sun.nio.ch.ServerSocketChannelImpl.accept(ServerSocketChannelImpl.java:421)
        at sun.nio.ch.ServerSocketChannelImpl.accept(ServerSocketChannelImpl.java:249)
        at org.eclipse.jetty.server.ServerConnector.accept(ServerConnector.java:388)
        at org.eclipse.jetty.server.AbstractConnector$Acceptor.run(AbstractConnector.java:704)
        at org.eclipse.jetty.util.thread.QueuedThreadPool.runJob(QueuedThreadPool.java:883)
        at org.eclipse.jetty.util.thread.QueuedThreadPool$Runner.run(QueuedThreadPool.java:1034)
        at java.lang.Thread.run(Thread.java:750)
"StaleRecoveringContainerScrubbingService#5" daemon prio=5 tid=2210 in Object.wait()
java.lang.Thread.State: WAITING (on object monitor)
        at sun.misc.Unsafe.park(Native Method)
        at java.util.concurrent.locks.LockSupport.park(LockSupport.java:175)
        at java.util.concurrent.locks.AbstractQueuedSynchronizer$ConditionObject.await(AbstractQueuedSynchronizer.java:2039)
        at java.util.concurrent.ScheduledThreadPoolExecutor$DelayedWorkQueue.take(ScheduledThreadPoolExecutor.java:1088)
        at java.util.concurrent.ScheduledThreadPoolExecutor$DelayedWorkQueue.take(ScheduledThreadPoolExecutor.java:809)
        at java.util.concurrent.ThreadPoolExecutor.getTask(ThreadPoolExecutor.java:1074)
        at java.util.concurrent.ThreadPoolExecutor.runWorker(ThreadPoolExecutor.java:1134)
        at java.util.concurrent.ThreadPoolExecutor$Worker.run(ThreadPoolExecutor.java:624)
        at java.lang.Thread.run(Thread.java:750)
"4e8f68d6-fd98-4f77-87e3-715939181693-ChunkWriter-2-0" daemon prio=5 tid=773 in Object.wait()
java.lang.Thread.State: WAITING (on object monitor)
        at sun.misc.Unsafe.park(Native Method)
        at java.util.concurrent.locks.LockSupport.park(LockSupport.java:175)
        at java.util.concurrent.locks.AbstractQueuedSynchronizer$ConditionObject.await(AbstractQueuedSynchronizer.java:2039)
        at java.util.concurrent.LinkedBlockingDeque.takeFirst(LinkedBlockingDeque.java:492)
        at java.util.concurrent.LinkedBlockingDeque.take(LinkedBlockingDeque.java:680)
        at java.util.concurrent.ThreadPoolExecutor.getTask(ThreadPoolExecutor.java:1074)
        at java.util.concurrent.ThreadPoolExecutor.runWorker(ThreadPoolExecutor.java:1134)
        at java.util.concurrent.ThreadPoolExecutor$Worker.run(ThreadPoolExecutor.java:624)
        at java.lang.Thread.run(Thread.java:750)
"IPC Server handler 64 on default port 15000" daemon prio=5 tid=118 timed_waiting
java.lang.Thread.State: TIMED_WAITING
        at sun.misc.Unsafe.park(Native Method)
        at java.util.concurrent.locks.LockSupport.parkNanos(LockSupport.java:215)
        at java.util.concurrent.locks.AbstractQueuedSynchronizer$ConditionObject.awaitNanos(AbstractQueuedSynchronizer.java:2078)
        at java.util.concurrent.LinkedBlockingQueue.poll(LinkedBlockingQueue.java:467)
        at org.apache.hadoop.ipc.CallQueueManager.take(CallQueueManager.java:317)
        at org.apache.hadoop.ipc.Server$Handler.run(Server.java:3014)
"4e8f68d6-fd98-4f77-87e3-715939181693@group-8820B9A2DC65-StateMachineUpdater" daemon prio=5 tid=1184 timed_waiting
java.lang.Thread.State: TIMED_WAITING
        at sun.misc.Unsafe.park(Native Method)
        at java.util.concurrent.locks.LockSupport.parkNanos(LockSupport.java:215)
        at java.util.concurrent.locks.AbstractQueuedSynchronizer$ConditionObject.await(AbstractQueuedSynchronizer.java:2163)
        at org.apache.ratis.util.AwaitForSignal.await(AwaitForSignal.java:65)
        at org.apache.ratis.server.impl.StateMachineUpdater.waitForCommit(StateMachineUpdater.java:211)
        at org.apache.ratis.server.impl.StateMachineUpdater.run(StateMachineUpdater.java:180)
        at java.lang.Thread.run(Thread.java:750)
"qtp1377312528-557" daemon prio=5 tid=557 timed_waiting
java.lang.Thread.State: TIMED_WAITING
        at sun.misc.Unsafe.park(Native Method)
        at java.util.concurrent.locks.LockSupport.parkNanos(LockSupport.java:215)
        at java.util.concurrent.locks.AbstractQueuedSynchronizer$ConditionObject.awaitNanos(AbstractQueuedSynchronizer.java:2078)
        at org.eclipse.jetty.util.BlockingArrayQueue.poll(BlockingArrayQueue.java:382)
        at org.eclipse.jetty.util.thread.QueuedThreadPool$Runner.idleJobPoll(QueuedThreadPool.java:974)
        at org.eclipse.jetty.util.thread.QueuedThreadPool$Runner.run(QueuedThreadPool.java:1018)
        at java.lang.Thread.run(Thread.java:750)
"13f92446-3b18-4d81-bc66-0f9b00220e72-ChunkWriter-3-0" daemon prio=5 tid=2077 in Object.wait()
java.lang.Thread.State: WAITING (on object monitor)
        at sun.misc.Unsafe.park(Native Method)
        at java.util.concurrent.locks.LockSupport.park(LockSupport.java:175)
        at java.util.concurrent.locks.AbstractQueuedSynchronizer$ConditionObject.await(AbstractQueuedSynchronizer.java:2039)
        at java.util.concurrent.LinkedBlockingDeque.takeFirst(LinkedBlockingDeque.java:492)
        at java.util.concurrent.LinkedBlockingDeque.take(LinkedBlockingDeque.java:680)
        at java.util.concurrent.ThreadPoolExecutor.getTask(ThreadPoolExecutor.java:1074)
        at java.util.concurrent.ThreadPoolExecutor.runWorker(ThreadPoolExecutor.java:1134)
        at java.util.concurrent.ThreadPoolExecutor$Worker.run(ThreadPoolExecutor.java:624)
        at java.lang.Thread.run(Thread.java:750)
"IPC Server listener on 15001" daemon prio=5 tid=33 runnable
java.lang.Thread.State: RUNNABLE
        at sun.nio.ch.EPollArrayWrapper.epollWait(Native Method)
        at sun.nio.ch.EPollArrayWrapper.poll(EPollArrayWrapper.java:269)
        at sun.nio.ch.EPollSelectorImpl.doSelect(EPollSelectorImpl.java:93)
        at sun.nio.ch.SelectorImpl.lockAndDoSelect(SelectorImpl.java:86)
        at sun.nio.ch.SelectorImpl.select(SelectorImpl.java:97)
        at sun.nio.ch.SelectorImpl.select(SelectorImpl.java:101)
        at org.apache.hadoop.ipc.Server$Listener.run(Server.java:1408)
"13f92446-3b18-4d81-bc66-0f9b00220e72-PeriodicHDDSVolumeChecker" daemon prio=5 tid=2071 timed_waiting
java.lang.Thread.State: TIMED_WAITING
        at sun.misc.Unsafe.park(Native Method)
        at java.util.concurrent.locks.LockSupport.parkNanos(LockSupport.java:215)
        at java.util.concurrent.locks.AbstractQueuedSynchronizer$ConditionObject.awaitNanos(AbstractQueuedSynchronizer.java:2078)
        at java.util.concurrent.ScheduledThreadPoolExecutor$DelayedWorkQueue.take(ScheduledThreadPoolExecutor.java:1093)
        at java.util.concurrent.ScheduledThreadPoolExecutor$DelayedWorkQueue.take(ScheduledThreadPoolExecutor.java:809)
        at java.util.concurrent.ThreadPoolExecutor.getTask(ThreadPoolExecutor.java:1074)
        at java.util.concurrent.ThreadPoolExecutor.runWorker(ThreadPoolExecutor.java:1134)
        at java.util.concurrent.ThreadPoolExecutor$Worker.run(ThreadPoolExecutor.java:624)
        at java.lang.Thread.run(Thread.java:750)
"86ab988c-fa9c-425d-a1c6-9004ff7fd93d-ChunkReader-6" daemon prio=5 tid=2015 in Object.wait()
java.lang.Thread.State: WAITING (on object monitor)
        at sun.misc.Unsafe.park(Native Method)
        at java.util.concurrent.locks.LockSupport.park(LockSupport.java:175)
        at java.util.concurrent.locks.AbstractQueuedSynchronizer$ConditionObject.await(AbstractQueuedSynchronizer.java:2039)
        at java.util.concurrent.LinkedBlockingQueue.take(LinkedBlockingQueue.java:442)
        at java.util.concurrent.ThreadPoolExecutor.getTask(ThreadPoolExecutor.java:1074)
        at java.util.concurrent.ThreadPoolExecutor.runWorker(ThreadPoolExecutor.java:1134)
        at java.util.concurrent.ThreadPoolExecutor$Worker.run(ThreadPoolExecutor.java:624)
        at java.lang.Thread.run(Thread.java:750)
"IPC Server handler 99 on default port 15001" daemon prio=5 tid=253 timed_waiting
java.lang.Thread.State: TIMED_WAITING
        at sun.misc.Unsafe.park(Native Method)
        at java.util.concurrent.locks.LockSupport.parkNanos(LockSupport.java:215)
        at java.util.concurrent.locks.AbstractQueuedSynchronizer$ConditionObject.awaitNanos(AbstractQueuedSynchronizer.java:2078)
        at java.util.concurrent.LinkedBlockingQueue.poll(LinkedBlockingQueue.java:467)
        at org.apache.hadoop.ipc.CallQueueManager.take(CallQueueManager.java:317)
        at org.apache.hadoop.ipc.Server$Handler.run(Server.java:3014)
"IPC Server handler 55 on default port 15000" daemon prio=5 tid=109 timed_waiting
java.lang.Thread.State: TIMED_WAITING
        at sun.misc.Unsafe.park(Native Method)
        at java.util.concurrent.locks.LockSupport.parkNanos(LockSupport.java:215)
        at java.util.concurrent.locks.AbstractQueuedSynchronizer$ConditionObject.awaitNanos(AbstractQueuedSynchronizer.java:2078)
        at java.util.concurrent.LinkedBlockingQueue.poll(LinkedBlockingQueue.java:467)
        at org.apache.hadoop.ipc.CallQueueManager.take(CallQueueManager.java:317)
        at org.apache.hadoop.ipc.Server$Handler.run(Server.java:3014)
"StaleRecoveringContainerScrubbingService#6" daemon prio=5 tid=2344 in Object.wait()
java.lang.Thread.State: WAITING (on object monitor)
        at sun.misc.Unsafe.park(Native Method)
        at java.util.concurrent.locks.LockSupport.park(LockSupport.java:175)
        at java.util.concurrent.locks.AbstractQueuedSynchronizer$ConditionObject.await(AbstractQueuedSynchronizer.java:2039)
        at java.util.concurrent.ScheduledThreadPoolExecutor$DelayedWorkQueue.take(ScheduledThreadPoolExecutor.java:1088)
        at java.util.concurrent.ScheduledThreadPoolExecutor$DelayedWorkQueue.take(ScheduledThreadPoolExecutor.java:809)
        at java.util.concurrent.ThreadPoolExecutor.getTask(ThreadPoolExecutor.java:1074)
        at java.util.concurrent.ThreadPoolExecutor.runWorker(ThreadPoolExecutor.java:1134)
        at java.util.concurrent.ThreadPoolExecutor$Worker.run(ThreadPoolExecutor.java:624)
        at java.lang.Thread.run(Thread.java:750)
"Hadoop-Metrics-Updater-0" daemon prio=5 tid=593 timed_waiting
java.lang.Thread.State: TIMED_WAITING
        at sun.misc.Unsafe.park(Native Method)
        at java.util.concurrent.locks.LockSupport.parkNanos(LockSupport.java:215)
        at java.util.concurrent.locks.AbstractQueuedSynchronizer$ConditionObject.awaitNanos(AbstractQueuedSynchronizer.java:2078)
        at java.util.concurrent.ScheduledThreadPoolExecutor$DelayedWorkQueue.take(ScheduledThreadPoolExecutor.java:1093)
        at java.util.concurrent.ScheduledThreadPoolExecutor$DelayedWorkQueue.take(ScheduledThreadPoolExecutor.java:809)
        at java.util.concurrent.ThreadPoolExecutor.getTask(ThreadPoolExecutor.java:1074)
        at java.util.concurrent.ThreadPoolExecutor.runWorker(ThreadPoolExecutor.java:1134)
        at java.util.concurrent.ThreadPoolExecutor$Worker.run(ThreadPoolExecutor.java:624)
        at java.lang.Thread.run(Thread.java:750)
"StaleRecoveringContainerScrubbingService#2" daemon prio=5 tid=1500 timed_waiting
java.lang.Thread.State: TIMED_WAITING
        at sun.misc.Unsafe.park(Native Method)
        at java.util.concurrent.locks.LockSupport.parkNanos(LockSupport.java:215)
        at java.util.concurrent.locks.AbstractQueuedSynchronizer$ConditionObject.awaitNanos(AbstractQueuedSynchronizer.java:2078)
        at java.util.concurrent.ScheduledThreadPoolExecutor$DelayedWorkQueue.take(ScheduledThreadPoolExecutor.java:1093)
        at java.util.concurrent.ScheduledThreadPoolExecutor$DelayedWorkQueue.take(ScheduledThreadPoolExecutor.java:809)
        at java.util.concurrent.ThreadPoolExecutor.getTask(ThreadPoolExecutor.java:1074)
        at java.util.concurrent.ThreadPoolExecutor.runWorker(ThreadPoolExecutor.java:1134)
        at java.util.concurrent.ThreadPoolExecutor$Worker.run(ThreadPoolExecutor.java:624)
        at java.lang.Thread.run(Thread.java:750)
"c30fedce-f286-40e0-881d-3d5a9a6e2463@group-68F6D74661CE-cacheEviction-AwaitToRun" daemon prio=5 tid=2143 in Object.wait()
java.lang.Thread.State: WAITING (on object monitor)
        at sun.misc.Unsafe.park(Native Method)
        at java.util.concurrent.locks.LockSupport.park(LockSupport.java:175)
        at java.util.concurrent.locks.AbstractQueuedSynchronizer$ConditionObject.await(AbstractQueuedSynchronizer.java:2039)
        at org.apache.ratis.util.AwaitForSignal.await(AwaitForSignal.java:48)
        at org.apache.ratis.util.AwaitToRun$RunnableImpl.run(AwaitToRun.java:47)
        at java.lang.Thread.run(Thread.java:750)
"4e8f68d6-fd98-4f77-87e3-715939181693-DatanodeReportManager-2" daemon prio=5 tid=542 timed_waiting
java.lang.Thread.State: TIMED_WAITING
        at sun.misc.Unsafe.park(Native Method)
        at java.util.concurrent.locks.LockSupport.parkNanos(LockSupport.java:215)
        at java.util.concurrent.locks.AbstractQueuedSynchronizer$ConditionObject.awaitNanos(AbstractQueuedSynchronizer.java:2078)
        at java.util.concurrent.ScheduledThreadPoolExecutor$DelayedWorkQueue.take(ScheduledThreadPoolExecutor.java:1093)
        at java.util.concurrent.ScheduledThreadPoolExecutor$DelayedWorkQueue.take(ScheduledThreadPoolExecutor.java:809)
        at java.util.concurrent.ThreadPoolExecutor.getTask(ThreadPoolExecutor.java:1074)
        at java.util.concurrent.ThreadPoolExecutor.runWorker(ThreadPoolExecutor.java:1134)
        at java.util.concurrent.ThreadPoolExecutor$Worker.run(ThreadPoolExecutor.java:624)
        at java.lang.Thread.run(Thread.java:750)
"13f92446-3b18-4d81-bc66-0f9b00220e72-DatanodeStateMachineDaemonThread" daemon prio=5 tid=2060 timed_waiting
java.lang.Thread.State: TIMED_WAITING
        at java.lang.Thread.sleep(Native Method)
        at org.apache.hadoop.ozone.container.common.statemachine.DatanodeStateMachine.startStateMachineThread(DatanodeStateMachine.java:369)
        at org.apache.hadoop.ozone.container.common.statemachine.DatanodeStateMachine.lambda$startDaemon$1(DatanodeStateMachine.java:556)
        at org.apache.hadoop.ozone.container.common.statemachine.DatanodeStateMachine$$Lambda$1030/2092369521.run(Unknown Source)
        at java.lang.Thread.run(Thread.java:750)
"StaleRecoveringContainerScrubbingService#0" daemon prio=5 tid=730 in Object.wait()
java.lang.Thread.State: WAITING (on object monitor)
        at sun.misc.Unsafe.park(Native Method)
        at java.util.concurrent.locks.LockSupport.park(LockSupport.java:175)
        at java.util.concurrent.locks.AbstractQueuedSynchronizer$ConditionObject.await(AbstractQueuedSynchronizer.java:2039)
        at java.util.concurrent.ScheduledThreadPoolExecutor$DelayedWorkQueue.take(ScheduledThreadPoolExecutor.java:1088)
        at java.util.concurrent.ScheduledThreadPoolExecutor$DelayedWorkQueue.take(ScheduledThreadPoolExecutor.java:809)
        at java.util.concurrent.ThreadPoolExecutor.getTask(ThreadPoolExecutor.java:1074)
        at java.util.concurrent.ThreadPoolExecutor.runWorker(ThreadPoolExecutor.java:1134)
        at java.util.concurrent.ThreadPoolExecutor$Worker.run(ThreadPoolExecutor.java:624)
        at java.lang.Thread.run(Thread.java:750)
"e46a6e51-795f-4801-a523-c45a6c7f2c34-ChunkWriter-1-0" daemon prio=5 tid=724 in Object.wait()
java.lang.Thread.State: WAITING (on object monitor)
        at sun.misc.Unsafe.park(Native Method)
        at java.util.concurrent.locks.LockSupport.park(LockSupport.java:175)
        at java.util.concurrent.locks.AbstractQueuedSynchronizer$ConditionObject.await(AbstractQueuedSynchronizer.java:2039)
        at java.util.concurrent.LinkedBlockingDeque.takeFirst(LinkedBlockingDeque.java:492)
        at java.util.concurrent.LinkedBlockingDeque.take(LinkedBlockingDeque.java:680)
        at java.util.concurrent.ThreadPoolExecutor.getTask(ThreadPoolExecutor.java:1074)
        at java.util.concurrent.ThreadPoolExecutor.runWorker(ThreadPoolExecutor.java:1134)
        at java.util.concurrent.ThreadPoolExecutor$Worker.run(ThreadPoolExecutor.java:624)
        at java.lang.Thread.run(Thread.java:750)
"StaleRecoveringContainerScrubbingService#3" daemon prio=5 tid=2003 in Object.wait()
java.lang.Thread.State: WAITING (on object monitor)
        at sun.misc.Unsafe.park(Native Method)
        at java.util.concurrent.locks.LockSupport.park(LockSupport.java:175)
        at java.util.concurrent.locks.AbstractQueuedSynchronizer$ConditionObject.await(AbstractQueuedSynchronizer.java:2039)
        at java.util.concurrent.ScheduledThreadPoolExecutor$DelayedWorkQueue.take(ScheduledThreadPoolExecutor.java:1088)
        at java.util.concurrent.ScheduledThreadPoolExecutor$DelayedWorkQueue.take(ScheduledThreadPoolExecutor.java:809)
        at java.util.concurrent.ThreadPoolExecutor.getTask(ThreadPoolExecutor.java:1074)
        at java.util.concurrent.ThreadPoolExecutor.runWorker(ThreadPoolExecutor.java:1134)
        at java.util.concurrent.ThreadPoolExecutor$Worker.run(ThreadPoolExecutor.java:624)
        at java.lang.Thread.run(Thread.java:750)
"dc26353c-d48a-467d-89cd-3a7c4b626396-BlockDeletingService#0" daemon prio=5 tid=793 timed_waiting
java.lang.Thread.State: TIMED_WAITING
        at sun.misc.Unsafe.park(Native Method)
        at java.util.concurrent.locks.LockSupport.parkNanos(LockSupport.java:215)
        at java.util.concurrent.locks.AbstractQueuedSynchronizer$ConditionObject.awaitNanos(AbstractQueuedSynchronizer.java:2078)
        at java.util.concurrent.ScheduledThreadPoolExecutor$DelayedWorkQueue.take(ScheduledThreadPoolExecutor.java:1093)
        at java.util.concurrent.ScheduledThreadPoolExecutor$DelayedWorkQueue.take(ScheduledThreadPoolExecutor.java:809)
        at java.util.concurrent.ThreadPoolExecutor.getTask(ThreadPoolExecutor.java:1074)
        at java.util.concurrent.ThreadPoolExecutor.runWorker(ThreadPoolExecutor.java:1134)
        at java.util.concurrent.ThreadPoolExecutor$Worker.run(ThreadPoolExecutor.java:624)
        at java.lang.Thread.run(Thread.java:750)
"IPC Server handler 0 on default port 15028" daemon prio=5 tid=508 timed_waiting
java.lang.Thread.State: TIMED_WAITING
        at sun.misc.Unsafe.park(Native Method)
        at java.util.concurrent.locks.LockSupport.parkNanos(LockSupport.java:215)
        at java.util.concurrent.locks.AbstractQueuedSynchronizer$ConditionObject.awaitNanos(AbstractQueuedSynchronizer.java:2078)
        at java.util.concurrent.LinkedBlockingQueue.poll(LinkedBlockingQueue.java:467)
        at org.apache.hadoop.ipc.CallQueueManager.take(CallQueueManager.java:317)
        at org.apache.hadoop.ipc.Server$Handler.run(Server.java:3014)
"IPC Server handler 6 on default port 15000" daemon prio=5 tid=60 timed_waiting
java.lang.Thread.State: TIMED_WAITING
        at sun.misc.Unsafe.park(Native Method)
        at java.util.concurrent.locks.LockSupport.parkNanos(LockSupport.java:215)
        at java.util.concurrent.locks.AbstractQueuedSynchronizer$ConditionObject.awaitNanos(AbstractQueuedSynchronizer.java:2078)
        at java.util.concurrent.LinkedBlockingQueue.poll(LinkedBlockingQueue.java:467)
        at org.apache.hadoop.ipc.CallQueueManager.take(CallQueueManager.java:317)
        at org.apache.hadoop.ipc.Server$Handler.run(Server.java:3014)
"StaleRecoveringContainerScrubbingService#5" daemon prio=5 tid=2211 in Object.wait()
java.lang.Thread.State: WAITING (on object monitor)
        at sun.misc.Unsafe.park(Native Method)
        at java.util.concurrent.locks.LockSupport.park(LockSupport.java:175)
        at java.util.concurrent.locks.AbstractQueuedSynchronizer$ConditionObject.await(AbstractQueuedSynchronizer.java:2039)
        at java.util.concurrent.ScheduledThreadPoolExecutor$DelayedWorkQueue.take(ScheduledThreadPoolExecutor.java:1088)
        at java.util.concurrent.ScheduledThreadPoolExecutor$DelayedWorkQueue.take(ScheduledThreadPoolExecutor.java:809)
        at java.util.concurrent.ThreadPoolExecutor.getTask(ThreadPoolExecutor.java:1074)
        at java.util.concurrent.ThreadPoolExecutor.runWorker(ThreadPoolExecutor.java:1134)
        at java.util.concurrent.ThreadPoolExecutor$Worker.run(ThreadPoolExecutor.java:624)
        at java.lang.Thread.run(Thread.java:750)
"d25dc3b0-28fc-4383-b1a0-617845025f41-ChunkReader-1" daemon prio=5 tid=2377 in Object.wait()
java.lang.Thread.State: WAITING (on object monitor)
        at sun.misc.Unsafe.park(Native Method)
        at java.util.concurrent.locks.LockSupport.park(LockSupport.java:175)
        at java.util.concurrent.locks.AbstractQueuedSynchronizer$ConditionObject.await(AbstractQueuedSynchronizer.java:2039)
        at java.util.concurrent.LinkedBlockingQueue.take(LinkedBlockingQueue.java:442)
        at java.util.concurrent.ThreadPoolExecutor.getTask(ThreadPoolExecutor.java:1074)
        at java.util.concurrent.ThreadPoolExecutor.runWorker(ThreadPoolExecutor.java:1134)
        at java.util.concurrent.ThreadPoolExecutor$Worker.run(ThreadPoolExecutor.java:624)
        at java.lang.Thread.run(Thread.java:750)
"c30fedce-f286-40e0-881d-3d5a9a6e2463-CloseContainerThread-1"  prio=5 tid=1992 in Object.wait()
java.lang.Thread.State: WAITING (on object monitor)
        at sun.misc.Unsafe.park(Native Method)
        at java.util.concurrent.locks.LockSupport.park(LockSupport.java:175)
        at java.util.concurrent.locks.AbstractQueuedSynchronizer$ConditionObject.await(AbstractQueuedSynchronizer.java:2039)
        at java.util.concurrent.LinkedBlockingQueue.take(LinkedBlockingQueue.java:442)
        at java.util.concurrent.ThreadPoolExecutor.getTask(ThreadPoolExecutor.java:1074)
        at java.util.concurrent.ThreadPoolExecutor.runWorker(ThreadPoolExecutor.java:1134)
        at java.util.concurrent.ThreadPoolExecutor$Worker.run(ThreadPoolExecutor.java:624)
        at java.lang.Thread.run(Thread.java:750)
"IPC Server handler 91 on default port 15002" daemon prio=5 tid=345 timed_waiting
java.lang.Thread.State: TIMED_WAITING
        at sun.misc.Unsafe.park(Native Method)
        at java.util.concurrent.locks.LockSupport.parkNanos(LockSupport.java:215)
        at java.util.concurrent.locks.AbstractQueuedSynchronizer$ConditionObject.awaitNanos(AbstractQueuedSynchronizer.java:2078)
        at java.util.concurrent.LinkedBlockingQueue.poll(LinkedBlockingQueue.java:467)
        at org.apache.hadoop.ipc.CallQueueManager.take(CallQueueManager.java:317)
        at org.apache.hadoop.ipc.Server$Handler.run(Server.java:3014)
"Socket Reader #1 for port 15028"  prio=5 tid=504 runnable
java.lang.Thread.State: RUNNABLE
        at sun.nio.ch.EPollArrayWrapper.epollWait(Native Method)
        at sun.nio.ch.EPollArrayWrapper.poll(EPollArrayWrapper.java:269)
        at sun.nio.ch.EPollSelectorImpl.doSelect(EPollSelectorImpl.java:93)
        at sun.nio.ch.SelectorImpl.lockAndDoSelect(SelectorImpl.java:86)
        at sun.nio.ch.SelectorImpl.select(SelectorImpl.java:97)
        at sun.nio.ch.SelectorImpl.select(SelectorImpl.java:101)
        at org.apache.hadoop.ipc.Server$Listener$Reader.doRunLoop(Server.java:1346)
        at org.apache.hadoop.ipc.Server$Listener$Reader.run(Server.java:1325)
"IPC Server handler 67 on default port 15000" daemon prio=5 tid=121 timed_waiting
java.lang.Thread.State: TIMED_WAITING
        at sun.misc.Unsafe.park(Native Method)
        at java.util.concurrent.locks.LockSupport.parkNanos(LockSupport.java:215)
        at java.util.concurrent.locks.AbstractQueuedSynchronizer$ConditionObject.awaitNanos(AbstractQueuedSynchronizer.java:2078)
        at java.util.concurrent.LinkedBlockingQueue.poll(LinkedBlockingQueue.java:467)
        at org.apache.hadoop.ipc.CallQueueManager.take(CallQueueManager.java:317)
        at org.apache.hadoop.ipc.Server$Handler.run(Server.java:3014)
"13f92446-3b18-4d81-bc66-0f9b00220e72-EndpointStateMachineTaskThread-/0.0.0.0:15002-0 "  prio=5 tid=2069 in Object.wait()
java.lang.Thread.State: WAITING (on object monitor)
        at sun.misc.Unsafe.park(Native Method)
        at java.util.concurrent.locks.LockSupport.park(LockSupport.java:175)
        at java.util.concurrent.locks.AbstractQueuedSynchronizer$ConditionObject.await(AbstractQueuedSynchronizer.java:2039)
        at java.util.concurrent.LinkedBlockingQueue.take(LinkedBlockingQueue.java:442)
        at java.util.concurrent.ThreadPoolExecutor.getTask(ThreadPoolExecutor.java:1074)
        at java.util.concurrent.ThreadPoolExecutor.runWorker(ThreadPoolExecutor.java:1134)
        at java.util.concurrent.ThreadPoolExecutor$Worker.run(ThreadPoolExecutor.java:624)
        at java.lang.Thread.run(Thread.java:750)
"e780b093-7242-46d7-bd8f-0f810188c7b3@group-5C1807567017-cacheEviction-AwaitToRun" daemon prio=5 tid=2136 in Object.wait()
java.lang.Thread.State: WAITING (on object monitor)
        at sun.misc.Unsafe.park(Native Method)
        at java.util.concurrent.locks.LockSupport.park(LockSupport.java:175)
        at java.util.concurrent.locks.AbstractQueuedSynchronizer$ConditionObject.await(AbstractQueuedSynchronizer.java:2039)
        at org.apache.ratis.util.AwaitForSignal.await(AwaitForSignal.java:48)
        at org.apache.ratis.util.AwaitToRun$RunnableImpl.run(AwaitToRun.java:47)
        at java.lang.Thread.run(Thread.java:750)
"86ab988c-fa9c-425d-a1c6-9004ff7fd93d-DatanodeReportManager-4" daemon prio=5 tid=600 timed_waiting
java.lang.Thread.State: TIMED_WAITING
        at sun.misc.Unsafe.park(Native Method)
        at java.util.concurrent.locks.LockSupport.parkNanos(LockSupport.java:215)
        at java.util.concurrent.locks.AbstractQueuedSynchronizer$ConditionObject.awaitNanos(AbstractQueuedSynchronizer.java:2078)
        at java.util.concurrent.ScheduledThreadPoolExecutor$DelayedWorkQueue.take(ScheduledThreadPoolExecutor.java:1093)
        at java.util.concurrent.ScheduledThreadPoolExecutor$DelayedWorkQueue.take(ScheduledThreadPoolExecutor.java:809)
        at java.util.concurrent.ThreadPoolExecutor.getTask(ThreadPoolExecutor.java:1074)
        at java.util.concurrent.ThreadPoolExecutor.runWorker(ThreadPoolExecutor.java:1134)
        at java.util.concurrent.ThreadPoolExecutor$Worker.run(ThreadPoolExecutor.java:624)
        at java.lang.Thread.run(Thread.java:750)
"IPC Server handler 0 on default port 15002" daemon prio=5 tid=254 timed_waiting
java.lang.Thread.State: TIMED_WAITING
        at sun.misc.Unsafe.park(Native Method)
        at java.util.concurrent.locks.LockSupport.parkNanos(LockSupport.java:215)
        at java.util.concurrent.locks.AbstractQueuedSynchronizer$ConditionObject.awaitNanos(AbstractQueuedSynchronizer.java:2078)
        at java.util.concurrent.LinkedBlockingQueue.poll(LinkedBlockingQueue.java:467)
        at org.apache.hadoop.ipc.CallQueueManager.take(CallQueueManager.java:317)
        at org.apache.hadoop.ipc.Server$Handler.run(Server.java:3014)
"IPC Server handler 12 on default port 15002" daemon prio=5 tid=266 timed_waiting
java.lang.Thread.State: TIMED_WAITING
        at sun.misc.Unsafe.park(Native Method)
        at java.util.concurrent.locks.LockSupport.parkNanos(LockSupport.java:215)
        at java.util.concurrent.locks.AbstractQueuedSynchronizer$ConditionObject.awaitNanos(AbstractQueuedSynchronizer.java:2078)
        at java.util.concurrent.LinkedBlockingQueue.poll(LinkedBlockingQueue.java:467)
        at org.apache.hadoop.ipc.CallQueueManager.take(CallQueueManager.java:317)
        at org.apache.hadoop.ipc.Server$Handler.run(Server.java:3014)
"StaleRecoveringContainerScrubbingService#7" daemon prio=5 tid=2360 in Object.wait()
java.lang.Thread.State: WAITING (on object monitor)
        at sun.misc.Unsafe.park(Native Method)
        at java.util.concurrent.locks.LockSupport.park(LockSupport.java:175)
        at java.util.concurrent.locks.AbstractQueuedSynchronizer$ConditionObject.await(AbstractQueuedSynchronizer.java:2039)
        at java.util.concurrent.ScheduledThreadPoolExecutor$DelayedWorkQueue.take(ScheduledThreadPoolExecutor.java:1088)
        at java.util.concurrent.ScheduledThreadPoolExecutor$DelayedWorkQueue.take(ScheduledThreadPoolExecutor.java:809)
        at java.util.concurrent.ThreadPoolExecutor.getTask(ThreadPoolExecutor.java:1074)
        at java.util.concurrent.ThreadPoolExecutor.runWorker(ThreadPoolExecutor.java:1134)
        at java.util.concurrent.ThreadPoolExecutor$Worker.run(ThreadPoolExecutor.java:624)
        at java.lang.Thread.run(Thread.java:750)
"timer2" daemon prio=5 tid=1482 timed_waiting
java.lang.Thread.State: TIMED_WAITING
        at java.lang.Object.wait(Native Method)
        at java.util.TimerThread.mainLoop(Timer.java:552)
        at java.util.TimerThread.run(Timer.java:505)
"StaleRecoveringContainerScrubbingService#6" daemon prio=5 tid=2392 in Object.wait()
java.lang.Thread.State: WAITING (on object monitor)
        at sun.misc.Unsafe.park(Native Method)
        at java.util.concurrent.locks.LockSupport.park(LockSupport.java:175)
        at java.util.concurrent.locks.AbstractQueuedSynchronizer$ConditionObject.await(AbstractQueuedSynchronizer.java:2039)
        at java.util.concurrent.ScheduledThreadPoolExecutor$DelayedWorkQueue.take(ScheduledThreadPoolExecutor.java:1088)
        at java.util.concurrent.ScheduledThreadPoolExecutor$DelayedWorkQueue.take(ScheduledThreadPoolExecutor.java:809)
        at java.util.concurrent.ThreadPoolExecutor.getTask(ThreadPoolExecutor.java:1074)
        at java.util.concurrent.ThreadPoolExecutor.runWorker(ThreadPoolExecutor.java:1134)
        at java.util.concurrent.ThreadPoolExecutor$Worker.run(ThreadPoolExecutor.java:624)
        at java.lang.Thread.run(Thread.java:750)
"IPC Server handler 16 on default port 15000" daemon prio=5 tid=70 timed_waiting
java.lang.Thread.State: TIMED_WAITING
        at sun.misc.Unsafe.park(Native Method)
        at java.util.concurrent.locks.LockSupport.parkNanos(LockSupport.java:215)
        at java.util.concurrent.locks.AbstractQueuedSynchronizer$ConditionObject.awaitNanos(AbstractQueuedSynchronizer.java:2078)
        at java.util.concurrent.LinkedBlockingQueue.poll(LinkedBlockingQueue.java:467)
        at org.apache.hadoop.ipc.CallQueueManager.take(CallQueueManager.java:317)
        at org.apache.hadoop.ipc.Server$Handler.run(Server.java:3014)
"4e8f68d6-fd98-4f77-87e3-715939181693-DatanodeReportManager-0" daemon prio=5 tid=540 in Object.wait()
java.lang.Thread.State: WAITING (on object monitor)
        at sun.misc.Unsafe.park(Native Method)
        at java.util.concurrent.locks.LockSupport.park(LockSupport.java:175)
        at java.util.concurrent.locks.AbstractQueuedSynchronizer$ConditionObject.await(AbstractQueuedSynchronizer.java:2039)
        at java.util.concurrent.ScheduledThreadPoolExecutor$DelayedWorkQueue.take(ScheduledThreadPoolExecutor.java:1088)
        at java.util.concurrent.ScheduledThreadPoolExecutor$DelayedWorkQueue.take(ScheduledThreadPoolExecutor.java:809)
        at java.util.concurrent.ThreadPoolExecutor.getTask(ThreadPoolExecutor.java:1074)
        at java.util.concurrent.ThreadPoolExecutor.runWorker(ThreadPoolExecutor.java:1134)
        at java.util.concurrent.ThreadPoolExecutor$Worker.run(ThreadPoolExecutor.java:624)
        at java.lang.Thread.run(Thread.java:750)
"qtp2089021425-523" daemon prio=5 tid=523 runnable
java.lang.Thread.State: RUNNABLE
        at sun.nio.ch.EPollArrayWrapper.epollWait(Native Method)
        at sun.nio.ch.EPollArrayWrapper.poll(EPollArrayWrapper.java:269)
        at sun.nio.ch.EPollSelectorImpl.doSelect(EPollSelectorImpl.java:93)
        at sun.nio.ch.SelectorImpl.lockAndDoSelect(SelectorImpl.java:86)
        at sun.nio.ch.SelectorImpl.select(SelectorImpl.java:97)
        at sun.nio.ch.SelectorImpl.select(SelectorImpl.java:101)
        at org.eclipse.jetty.io.ManagedSelector.nioSelect(ManagedSelector.java:183)
        at org.eclipse.jetty.io.ManagedSelector.select(ManagedSelector.java:190)
        at org.eclipse.jetty.io.ManagedSelector$SelectorProducer.select(ManagedSelector.java:606)
        at org.eclipse.jetty.io.ManagedSelector$SelectorProducer.produce(ManagedSelector.java:543)
        at org.eclipse.jetty.util.thread.strategy.EatWhatYouKill.produceTask(EatWhatYouKill.java:362)
        at org.eclipse.jetty.util.thread.strategy.EatWhatYouKill.doProduce(EatWhatYouKill.java:186)
        at org.eclipse.jetty.util.thread.strategy.EatWhatYouKill.tryProduce(EatWhatYouKill.java:173)
        at org.eclipse.jetty.util.thread.strategy.EatWhatYouKill.produce(EatWhatYouKill.java:137)
        at org.eclipse.jetty.io.ManagedSelector$$Lambda$589/284576707.run(Unknown Source)
        at org.eclipse.jetty.util.thread.QueuedThreadPool.runJob(QueuedThreadPool.java:883)
        at org.eclipse.jetty.util.thread.QueuedThreadPool$Runner.run(QueuedThreadPool.java:1034)
        at java.lang.Thread.run(Thread.java:750)
"IPC Server handler 10 on default port 15000" daemon prio=5 tid=64 timed_waiting
java.lang.Thread.State: TIMED_WAITING
        at sun.misc.Unsafe.park(Native Method)
        at java.util.concurrent.locks.LockSupport.parkNanos(LockSupport.java:215)
        at java.util.concurrent.locks.AbstractQueuedSynchronizer$ConditionObject.awaitNanos(AbstractQueuedSynchronizer.java:2078)
        at java.util.concurrent.LinkedBlockingQueue.poll(LinkedBlockingQueue.java:467)
        at org.apache.hadoop.ipc.CallQueueManager.take(CallQueueManager.java:317)
        at org.apache.hadoop.ipc.Server$Handler.run(Server.java:3014)
"EventQueue-HealthyReadonlyToHealthyNodeForReadOnlyHealthyToHealthyNodeHandler" daemon prio=5 tid=888 in Object.wait()
java.lang.Thread.State: WAITING (on object monitor)
        at sun.misc.Unsafe.park(Native Method)
        at java.util.concurrent.locks.LockSupport.park(LockSupport.java:175)
        at java.util.concurrent.locks.AbstractQueuedSynchronizer$ConditionObject.await(AbstractQueuedSynchronizer.java:2039)
        at java.util.concurrent.LinkedBlockingQueue.take(LinkedBlockingQueue.java:442)
        at java.util.concurrent.ThreadPoolExecutor.getTask(ThreadPoolExecutor.java:1074)
        at java.util.concurrent.ThreadPoolExecutor.runWorker(ThreadPoolExecutor.java:1134)
        at java.util.concurrent.ThreadPoolExecutor$Worker.run(ThreadPoolExecutor.java:624)
        at java.lang.Thread.run(Thread.java:750)
"timer5" daemon prio=5 tid=1518 timed_waiting
java.lang.Thread.State: TIMED_WAITING
        at java.lang.Object.wait(Native Method)
        at java.util.TimerThread.mainLoop(Timer.java:552)
        at java.util.TimerThread.run(Timer.java:505)
"e780b093-7242-46d7-bd8f-0f810188c7b3@group-83D984655C73->e46a6e51-795f-4801-a523-c45a6c7f2c34-GrpcLogAppender-LogAppenderDaemon" daemon prio=5 tid=1713 timed_waiting
java.lang.Thread.State: TIMED_WAITING
        at sun.misc.Unsafe.park(Native Method)
        at java.util.concurrent.locks.LockSupport.parkNanos(LockSupport.java:215)
        at java.util.concurrent.locks.AbstractQueuedSynchronizer$ConditionObject.await(AbstractQueuedSynchronizer.java:2163)
        at org.apache.ratis.util.AwaitForSignal.await(AwaitForSignal.java:65)
        at org.apache.ratis.grpc.server.GrpcLogAppender.mayWait(GrpcLogAppender.java:286)
        at org.apache.ratis.grpc.server.GrpcLogAppender.run(GrpcLogAppender.java:254)
        at org.apache.ratis.server.leader.LogAppenderDaemon.run(LogAppenderDaemon.java:80)
        at org.apache.ratis.server.leader.LogAppenderDaemon$$Lambda$1370/616798254.run(Unknown Source)
        at java.lang.Thread.run(Thread.java:750)
"78f89d9b-e409-4704-890b-bfcfbcdfd28a-BlockDeletingService#2" daemon prio=5 tid=2363 in Object.wait()
java.lang.Thread.State: WAITING (on object monitor)
        at sun.misc.Unsafe.park(Native Method)
        at java.util.concurrent.locks.LockSupport.park(LockSupport.java:175)
        at java.util.concurrent.locks.AbstractQueuedSynchronizer$ConditionObject.await(AbstractQueuedSynchronizer.java:2039)
        at java.util.concurrent.ScheduledThreadPoolExecutor$DelayedWorkQueue.take(ScheduledThreadPoolExecutor.java:1088)
        at java.util.concurrent.ScheduledThreadPoolExecutor$DelayedWorkQueue.take(ScheduledThreadPoolExecutor.java:809)
        at java.util.concurrent.ThreadPoolExecutor.getTask(ThreadPoolExecutor.java:1074)
        at java.util.concurrent.ThreadPoolExecutor.runWorker(ThreadPoolExecutor.java:1134)
        at java.util.concurrent.ThreadPoolExecutor$Worker.run(ThreadPoolExecutor.java:624)
        at java.lang.Thread.run(Thread.java:750)
"78f89d9b-e409-4704-890b-bfcfbcdfd28a-BlockDeletingService#1" daemon prio=5 tid=859 in Object.wait()
java.lang.Thread.State: WAITING (on object monitor)
        at sun.misc.Unsafe.park(Native Method)
        at java.util.concurrent.locks.LockSupport.park(LockSupport.java:175)
        at java.util.concurrent.locks.AbstractQueuedSynchronizer$ConditionObject.await(AbstractQueuedSynchronizer.java:2039)
        at java.util.concurrent.ScheduledThreadPoolExecutor$DelayedWorkQueue.take(ScheduledThreadPoolExecutor.java:1088)
        at java.util.concurrent.ScheduledThreadPoolExecutor$DelayedWorkQueue.take(ScheduledThreadPoolExecutor.java:809)
        at java.util.concurrent.ThreadPoolExecutor.getTask(ThreadPoolExecutor.java:1074)
        at java.util.concurrent.ThreadPoolExecutor.runWorker(ThreadPoolExecutor.java:1134)
        at java.util.concurrent.ThreadPoolExecutor$Worker.run(ThreadPoolExecutor.java:624)
        at java.lang.Thread.run(Thread.java:750)
"d25dc3b0-28fc-4383-b1a0-617845025f41-DatanodeReportManager-0" daemon prio=5 tid=510 in Object.wait()
java.lang.Thread.State: WAITING (on object monitor)
        at sun.misc.Unsafe.park(Native Method)
        at java.util.concurrent.locks.LockSupport.park(LockSupport.java:175)
        at java.util.concurrent.locks.AbstractQueuedSynchronizer$ConditionObject.await(AbstractQueuedSynchronizer.java:2039)
        at java.util.concurrent.ScheduledThreadPoolExecutor$DelayedWorkQueue.take(ScheduledThreadPoolExecutor.java:1088)
        at java.util.concurrent.ScheduledThreadPoolExecutor$DelayedWorkQueue.take(ScheduledThreadPoolExecutor.java:809)
        at java.util.concurrent.ThreadPoolExecutor.getTask(ThreadPoolExecutor.java:1074)
        at java.util.concurrent.ThreadPoolExecutor.runWorker(ThreadPoolExecutor.java:1134)
        at java.util.concurrent.ThreadPoolExecutor$Worker.run(ThreadPoolExecutor.java:624)
        at java.lang.Thread.run(Thread.java:750)
"e780b093-7242-46d7-bd8f-0f810188c7b3-server-thread1" daemon prio=5 tid=1879 timed_waiting
java.lang.Thread.State: TIMED_WAITING
        at sun.misc.Unsafe.park(Native Method)
        at java.util.concurrent.locks.LockSupport.parkNanos(LockSupport.java:215)
        at java.util.concurrent.SynchronousQueue$TransferStack.awaitFulfill(SynchronousQueue.java:460)
        at java.util.concurrent.SynchronousQueue$TransferStack.transfer(SynchronousQueue.java:362)
        at java.util.concurrent.SynchronousQueue.poll(SynchronousQueue.java:941)
        at java.util.concurrent.ThreadPoolExecutor.getTask(ThreadPoolExecutor.java:1073)
        at java.util.concurrent.ThreadPoolExecutor.runWorker(ThreadPoolExecutor.java:1134)
        at java.util.concurrent.ThreadPoolExecutor$Worker.run(ThreadPoolExecutor.java:624)
        at java.lang.Thread.run(Thread.java:750)
"78f89d9b-e409-4704-890b-bfcfbcdfd28a@group-5C1807567017-cacheEviction-AwaitToRun" daemon prio=5 tid=2129 in Object.wait()
java.lang.Thread.State: WAITING (on object monitor)
        at sun.misc.Unsafe.park(Native Method)
        at java.util.concurrent.locks.LockSupport.park(LockSupport.java:175)
        at java.util.concurrent.locks.AbstractQueuedSynchronizer$ConditionObject.await(AbstractQueuedSynchronizer.java:2039)
        at org.apache.ratis.util.AwaitForSignal.await(AwaitForSignal.java:48)
        at org.apache.ratis.util.AwaitToRun$RunnableImpl.run(AwaitToRun.java:47)
        at java.lang.Thread.run(Thread.java:750)
"PartialTableCache-Cleanup-0" daemon prio=5 tid=1728 in Object.wait()
java.lang.Thread.State: WAITING (on object monitor)
        at sun.misc.Unsafe.park(Native Method)
        at java.util.concurrent.locks.LockSupport.park(LockSupport.java:175)
        at java.util.concurrent.locks.AbstractQueuedSynchronizer$ConditionObject.await(AbstractQueuedSynchronizer.java:2039)
        at java.util.concurrent.LinkedBlockingQueue.take(LinkedBlockingQueue.java:442)
        at java.util.concurrent.ThreadPoolExecutor.getTask(ThreadPoolExecutor.java:1074)
        at java.util.concurrent.ThreadPoolExecutor.runWorker(ThreadPoolExecutor.java:1134)
        at java.util.concurrent.ThreadPoolExecutor$Worker.run(ThreadPoolExecutor.java:624)
        at java.lang.Thread.run(Thread.java:750)
"86ab988c-fa9c-425d-a1c6-9004ff7fd93d@group-34E96220011A-SegmentedRaftLogWorker" daemon prio=5 tid=1336 timed_waiting
java.lang.Thread.State: TIMED_WAITING
        at sun.misc.Unsafe.park(Native Method)
        at java.util.concurrent.locks.LockSupport.parkNanos(LockSupport.java:215)
        at java.util.concurrent.locks.AbstractQueuedSynchronizer$ConditionObject.awaitNanos(AbstractQueuedSynchronizer.java:2078)
        at org.apache.ratis.util.DataBlockingQueue.poll(DataBlockingQueue.java:148)
        at org.apache.ratis.server.raftlog.segmented.SegmentedRaftLogWorker.run(SegmentedRaftLogWorker.java:299)
        at org.apache.ratis.server.raftlog.segmented.SegmentedRaftLogWorker$$Lambda$913/1052546256.run(Unknown Source)
        at java.util.concurrent.Executors$RunnableAdapter.call(Executors.java:511)
        at java.util.concurrent.FutureTask.run(FutureTask.java:266)
        at java.util.concurrent.ThreadPoolExecutor.runWorker(ThreadPoolExecutor.java:1149)
        at java.util.concurrent.ThreadPoolExecutor$Worker.run(ThreadPoolExecutor.java:624)
        at java.lang.Thread.run(Thread.java:750)
"dc26353c-d48a-467d-89cd-3a7c4b626396-DatanodeReportManager-0" daemon prio=5 tid=568 in Object.wait()
java.lang.Thread.State: WAITING (on object monitor)
        at sun.misc.Unsafe.park(Native Method)
        at java.util.concurrent.locks.LockSupport.park(LockSupport.java:175)
        at java.util.concurrent.locks.AbstractQueuedSynchronizer$ConditionObject.await(AbstractQueuedSynchronizer.java:2039)
        at java.util.concurrent.ScheduledThreadPoolExecutor$DelayedWorkQueue.take(ScheduledThreadPoolExecutor.java:1088)
        at java.util.concurrent.ScheduledThreadPoolExecutor$DelayedWorkQueue.take(ScheduledThreadPoolExecutor.java:809)
        at java.util.concurrent.ThreadPoolExecutor.getTask(ThreadPoolExecutor.java:1074)
        at java.util.concurrent.ThreadPoolExecutor.runWorker(ThreadPoolExecutor.java:1134)
        at java.util.concurrent.ThreadPoolExecutor$Worker.run(ThreadPoolExecutor.java:624)
        at java.lang.Thread.run(Thread.java:750)
"FixedThreadPoolWithAffinityExecutor-2-0" daemon prio=5 tid=45 timed_waiting
java.lang.Thread.State: TIMED_WAITING
        at sun.misc.Unsafe.park(Native Method)
        at java.util.concurrent.locks.LockSupport.parkNanos(LockSupport.java:215)
        at java.util.concurrent.locks.AbstractQueuedSynchronizer$ConditionObject.awaitNanos(AbstractQueuedSynchronizer.java:2078)
        at java.util.concurrent.LinkedBlockingQueue.poll(LinkedBlockingQueue.java:467)
        at org.apache.hadoop.hdds.scm.server.ContainerReportQueue.poll(ContainerReportQueue.java:269)
        at org.apache.hadoop.hdds.scm.server.ContainerReportQueue.poll(ContainerReportQueue.java:42)
        at org.apache.hadoop.hdds.server.events.FixedThreadPoolWithAffinityExecutor$ContainerReportProcessTask.run(FixedThreadPoolWithAffinityExecutor.java:253)
        at java.util.concurrent.Executors$RunnableAdapter.call(Executors.java:511)
        at java.util.concurrent.FutureTask.run(FutureTask.java:266)
        at java.util.concurrent.ThreadPoolExecutor.runWorker(ThreadPoolExecutor.java:1149)
        at java.util.concurrent.ThreadPoolExecutor$Worker.run(ThreadPoolExecutor.java:624)
        at java.lang.Thread.run(Thread.java:750)
"dc26353c-d48a-467d-89cd-3a7c4b626396-CloseContainerThread-1"  prio=5 tid=2342 in Object.wait()
java.lang.Thread.State: WAITING (on object monitor)
        at sun.misc.Unsafe.park(Native Method)
        at java.util.concurrent.locks.LockSupport.park(LockSupport.java:175)
        at java.util.concurrent.locks.AbstractQueuedSynchronizer$ConditionObject.await(AbstractQueuedSynchronizer.java:2039)
        at java.util.concurrent.LinkedBlockingQueue.take(LinkedBlockingQueue.java:442)
        at java.util.concurrent.ThreadPoolExecutor.getTask(ThreadPoolExecutor.java:1074)
        at java.util.concurrent.ThreadPoolExecutor.runWorker(ThreadPoolExecutor.java:1134)
        at java.util.concurrent.ThreadPoolExecutor$Worker.run(ThreadPoolExecutor.java:624)
        at java.lang.Thread.run(Thread.java:750)
"78f89d9b-e409-4704-890b-bfcfbcdfd28a-ChunkReader-2" daemon prio=5 tid=2019 in Object.wait()
java.lang.Thread.State: WAITING (on object monitor)
        at sun.misc.Unsafe.park(Native Method)
        at java.util.concurrent.locks.LockSupport.park(LockSupport.java:175)
        at java.util.concurrent.locks.AbstractQueuedSynchronizer$ConditionObject.await(AbstractQueuedSynchronizer.java:2039)
        at java.util.concurrent.LinkedBlockingQueue.take(LinkedBlockingQueue.java:442)
        at java.util.concurrent.ThreadPoolExecutor.getTask(ThreadPoolExecutor.java:1074)
        at java.util.concurrent.ThreadPoolExecutor.runWorker(ThreadPoolExecutor.java:1134)
        at java.util.concurrent.ThreadPoolExecutor$Worker.run(ThreadPoolExecutor.java:624)
        at java.lang.Thread.run(Thread.java:750)
"qtp1377312528-555" daemon prio=5 tid=555 timed_waiting
java.lang.Thread.State: TIMED_WAITING
        at sun.misc.Unsafe.park(Native Method)
        at java.util.concurrent.locks.LockSupport.parkNanos(LockSupport.java:215)
        at java.util.concurrent.locks.AbstractQueuedSynchronizer$ConditionObject.awaitNanos(AbstractQueuedSynchronizer.java:2078)
        at org.eclipse.jetty.util.BlockingArrayQueue.poll(BlockingArrayQueue.java:382)
        at org.eclipse.jetty.util.thread.QueuedThreadPool$Runner.idleJobPoll(QueuedThreadPool.java:974)
        at org.eclipse.jetty.util.thread.QueuedThreadPool$Runner.run(QueuedThreadPool.java:1018)
        at java.lang.Thread.run(Thread.java:750)
"IPC Server handler 0 on default port 15073" daemon prio=5 tid=2059 timed_waiting
java.lang.Thread.State: TIMED_WAITING
        at sun.misc.Unsafe.park(Native Method)
        at java.util.concurrent.locks.LockSupport.parkNanos(LockSupport.java:215)
        at java.util.concurrent.locks.AbstractQueuedSynchronizer$ConditionObject.awaitNanos(AbstractQueuedSynchronizer.java:2078)
        at java.util.concurrent.LinkedBlockingQueue.poll(LinkedBlockingQueue.java:467)
        at org.apache.hadoop.ipc.CallQueueManager.take(CallQueueManager.java:317)
        at org.apache.hadoop.ipc.Server$Handler.run(Server.java:3014)
"IPC Server handler 72 on default port 15002" daemon prio=5 tid=326 timed_waiting
java.lang.Thread.State: TIMED_WAITING
        at sun.misc.Unsafe.park(Native Method)
        at java.util.concurrent.locks.LockSupport.parkNanos(LockSupport.java:215)
        at java.util.concurrent.locks.AbstractQueuedSynchronizer$ConditionObject.awaitNanos(AbstractQueuedSynchronizer.java:2078)
        at java.util.concurrent.LinkedBlockingQueue.poll(LinkedBlockingQueue.java:467)
        at org.apache.hadoop.ipc.CallQueueManager.take(CallQueueManager.java:317)
        at org.apache.hadoop.ipc.Server$Handler.run(Server.java:3014)
"StaleRecoveringContainerScrubbingService#7" daemon prio=5 tid=2364 in Object.wait()
java.lang.Thread.State: WAITING (on object monitor)
        at sun.misc.Unsafe.park(Native Method)
        at java.util.concurrent.locks.LockSupport.park(LockSupport.java:175)
        at java.util.concurrent.locks.AbstractQueuedSynchronizer$ConditionObject.await(AbstractQueuedSynchronizer.java:2039)
        at java.util.concurrent.ScheduledThreadPoolExecutor$DelayedWorkQueue.take(ScheduledThreadPoolExecutor.java:1088)
        at java.util.concurrent.ScheduledThreadPoolExecutor$DelayedWorkQueue.take(ScheduledThreadPoolExecutor.java:809)
        at java.util.concurrent.ThreadPoolExecutor.getTask(ThreadPoolExecutor.java:1074)
        at java.util.concurrent.ThreadPoolExecutor.runWorker(ThreadPoolExecutor.java:1134)
        at java.util.concurrent.ThreadPoolExecutor$Worker.run(ThreadPoolExecutor.java:624)
        at java.lang.Thread.run(Thread.java:750)
"86ab988c-fa9c-425d-a1c6-9004ff7fd93d-ChunkReader-1" daemon prio=5 tid=1604 in Object.wait()
java.lang.Thread.State: WAITING (on object monitor)
        at sun.misc.Unsafe.park(Native Method)
        at java.util.concurrent.locks.LockSupport.park(LockSupport.java:175)
        at java.util.concurrent.locks.AbstractQueuedSynchronizer$ConditionObject.await(AbstractQueuedSynchronizer.java:2039)
        at java.util.concurrent.LinkedBlockingQueue.take(LinkedBlockingQueue.java:442)
        at java.util.concurrent.ThreadPoolExecutor.getTask(ThreadPoolExecutor.java:1074)
        at java.util.concurrent.ThreadPoolExecutor.runWorker(ThreadPoolExecutor.java:1134)
        at java.util.concurrent.ThreadPoolExecutor$Worker.run(ThreadPoolExecutor.java:624)
        at java.lang.Thread.run(Thread.java:750)
"86ab988c-fa9c-425d-a1c6-9004ff7fd93d-BlockDeletingService#3" daemon prio=5 tid=2415 in Object.wait()
java.lang.Thread.State: WAITING (on object monitor)
        at sun.misc.Unsafe.park(Native Method)
        at java.util.concurrent.locks.LockSupport.park(LockSupport.java:175)
        at java.util.concurrent.locks.AbstractQueuedSynchronizer$ConditionObject.await(AbstractQueuedSynchronizer.java:2039)
        at java.util.concurrent.ScheduledThreadPoolExecutor$DelayedWorkQueue.take(ScheduledThreadPoolExecutor.java:1088)
        at java.util.concurrent.ScheduledThreadPoolExecutor$DelayedWorkQueue.take(ScheduledThreadPoolExecutor.java:809)
        at java.util.concurrent.ThreadPoolExecutor.getTask(ThreadPoolExecutor.java:1074)
        at java.util.concurrent.ThreadPoolExecutor.runWorker(ThreadPoolExecutor.java:1134)
        at java.util.concurrent.ThreadPoolExecutor$Worker.run(ThreadPoolExecutor.java:624)
        at java.lang.Thread.run(Thread.java:750)
"d25dc3b0-28fc-4383-b1a0-617845025f41@group-9D5BCF0FDB08-StateMachineUpdater" daemon prio=5 tid=1072 timed_waiting
java.lang.Thread.State: TIMED_WAITING
        at sun.misc.Unsafe.park(Native Method)
        at java.util.concurrent.locks.LockSupport.parkNanos(LockSupport.java:215)
        at java.util.concurrent.locks.AbstractQueuedSynchronizer$ConditionObject.await(AbstractQueuedSynchronizer.java:2163)
        at org.apache.ratis.util.AwaitForSignal.await(AwaitForSignal.java:65)
        at org.apache.ratis.server.impl.StateMachineUpdater.waitForCommit(StateMachineUpdater.java:211)
        at org.apache.ratis.server.impl.StateMachineUpdater.run(StateMachineUpdater.java:180)
        at java.lang.Thread.run(Thread.java:750)
"Hadoop-Metrics-Updater-0" daemon prio=5 tid=677 timed_waiting
java.lang.Thread.State: TIMED_WAITING
        at sun.misc.Unsafe.park(Native Method)
        at java.util.concurrent.locks.LockSupport.parkNanos(LockSupport.java:215)
        at java.util.concurrent.locks.AbstractQueuedSynchronizer$ConditionObject.awaitNanos(AbstractQueuedSynchronizer.java:2078)
        at java.util.concurrent.ScheduledThreadPoolExecutor$DelayedWorkQueue.take(ScheduledThreadPoolExecutor.java:1093)
        at java.util.concurrent.ScheduledThreadPoolExecutor$DelayedWorkQueue.take(ScheduledThreadPoolExecutor.java:809)
        at java.util.concurrent.ThreadPoolExecutor.getTask(ThreadPoolExecutor.java:1074)
        at java.util.concurrent.ThreadPoolExecutor.runWorker(ThreadPoolExecutor.java:1134)
        at java.util.concurrent.ThreadPoolExecutor$Worker.run(ThreadPoolExecutor.java:624)
        at java.lang.Thread.run(Thread.java:750)
"c30fedce-f286-40e0-881d-3d5a9a6e2463@group-2DB48FF385FC-LeaderStateImpl" daemon prio=5 tid=1779 timed_waiting
java.lang.Thread.State: TIMED_WAITING
        at sun.misc.Unsafe.park(Native Method)
        at java.util.concurrent.locks.LockSupport.parkNanos(LockSupport.java:215)
        at java.util.concurrent.locks.AbstractQueuedSynchronizer$ConditionObject.awaitNanos(AbstractQueuedSynchronizer.java:2078)
        at java.util.concurrent.ArrayBlockingQueue.poll(ArrayBlockingQueue.java:418)
        at org.apache.ratis.server.impl.LeaderStateImpl$EventQueue.poll(LeaderStateImpl.java:164)
        at org.apache.ratis.server.impl.LeaderStateImpl$EventProcessor.run(LeaderStateImpl.java:762)
"e780b093-7242-46d7-bd8f-0f810188c7b3-ChunkReader-2" daemon prio=5 tid=1634 in Object.wait()
java.lang.Thread.State: WAITING (on object monitor)
        at sun.misc.Unsafe.park(Native Method)
        at java.util.concurrent.locks.LockSupport.park(LockSupport.java:175)
        at java.util.concurrent.locks.AbstractQueuedSynchronizer$ConditionObject.await(AbstractQueuedSynchronizer.java:2039)
        at java.util.concurrent.LinkedBlockingQueue.take(LinkedBlockingQueue.java:442)
        at java.util.concurrent.ThreadPoolExecutor.getTask(ThreadPoolExecutor.java:1074)
        at java.util.concurrent.ThreadPoolExecutor.runWorker(ThreadPoolExecutor.java:1134)
        at java.util.concurrent.ThreadPoolExecutor$Worker.run(ThreadPoolExecutor.java:624)
        at java.lang.Thread.run(Thread.java:750)
"86ab988c-fa9c-425d-a1c6-9004ff7fd93d-server-thread1" daemon prio=5 tid=2183 timed_waiting
java.lang.Thread.State: TIMED_WAITING
        at sun.misc.Unsafe.park(Native Method)
        at java.util.concurrent.locks.LockSupport.parkNanos(LockSupport.java:215)
        at java.util.concurrent.SynchronousQueue$TransferStack.awaitFulfill(SynchronousQueue.java:460)
        at java.util.concurrent.SynchronousQueue$TransferStack.transfer(SynchronousQueue.java:362)
        at java.util.concurrent.SynchronousQueue.poll(SynchronousQueue.java:941)
        at java.util.concurrent.ThreadPoolExecutor.getTask(ThreadPoolExecutor.java:1073)
        at java.util.concurrent.ThreadPoolExecutor.runWorker(ThreadPoolExecutor.java:1134)
        at java.util.concurrent.ThreadPoolExecutor$Worker.run(ThreadPoolExecutor.java:624)
        at java.lang.Thread.run(Thread.java:750)
"78f89d9b-e409-4704-890b-bfcfbcdfd28a-DatanodeStateMachineTaskThread-0"  prio=5 tid=686 in Object.wait()
java.lang.Thread.State: WAITING (on object monitor)
        at sun.misc.Unsafe.park(Native Method)
        at java.util.concurrent.locks.LockSupport.park(LockSupport.java:175)
        at java.util.concurrent.locks.AbstractQueuedSynchronizer$ConditionObject.await(AbstractQueuedSynchronizer.java:2039)
        at java.util.concurrent.LinkedBlockingQueue.take(LinkedBlockingQueue.java:442)
        at java.util.concurrent.ThreadPoolExecutor.getTask(ThreadPoolExecutor.java:1074)
        at java.util.concurrent.ThreadPoolExecutor.runWorker(ThreadPoolExecutor.java:1134)
        at java.util.concurrent.ThreadPoolExecutor$Worker.run(ThreadPoolExecutor.java:624)
        at java.lang.Thread.run(Thread.java:750)
"86ab988c-fa9c-425d-a1c6-9004ff7fd93d-server-thread1" daemon prio=5 tid=1730 timed_waiting
java.lang.Thread.State: TIMED_WAITING
        at sun.misc.Unsafe.park(Native Method)
        at java.util.concurrent.locks.LockSupport.parkNanos(LockSupport.java:215)
        at java.util.concurrent.SynchronousQueue$TransferStack.awaitFulfill(SynchronousQueue.java:460)
        at java.util.concurrent.SynchronousQueue$TransferStack.transfer(SynchronousQueue.java:362)
        at java.util.concurrent.SynchronousQueue.poll(SynchronousQueue.java:941)
        at java.util.concurrent.ThreadPoolExecutor.getTask(ThreadPoolExecutor.java:1073)
        at java.util.concurrent.ThreadPoolExecutor.runWorker(ThreadPoolExecutor.java:1134)
        at java.util.concurrent.ThreadPoolExecutor$Worker.run(ThreadPoolExecutor.java:624)
        at java.lang.Thread.run(Thread.java:750)
"dc26353c-d48a-467d-89cd-3a7c4b626396@group-DD233808B888-SegmentedRaftLogWorker"  prio=5 tid=968 timed_waiting
java.lang.Thread.State: TIMED_WAITING
        at sun.misc.Unsafe.park(Native Method)
        at java.util.concurrent.locks.LockSupport.parkNanos(LockSupport.java:215)
        at java.util.concurrent.locks.AbstractQueuedSynchronizer$ConditionObject.awaitNanos(AbstractQueuedSynchronizer.java:2078)
        at org.apache.ratis.util.DataBlockingQueue.poll(DataBlockingQueue.java:148)
        at org.apache.ratis.server.raftlog.segmented.SegmentedRaftLogWorker.run(SegmentedRaftLogWorker.java:299)
        at org.apache.ratis.server.raftlog.segmented.SegmentedRaftLogWorker$$Lambda$913/1052546256.run(Unknown Source)
        at java.util.concurrent.Executors$RunnableAdapter.call(Executors.java:511)
        at java.util.concurrent.FutureTask.run(FutureTask.java:266)
        at java.util.concurrent.ThreadPoolExecutor.runWorker(ThreadPoolExecutor.java:1149)
        at java.util.concurrent.ThreadPoolExecutor$Worker.run(ThreadPoolExecutor.java:624)
        at java.lang.Thread.run(Thread.java:750)
"IPC Server handler 58 on default port 15000" daemon prio=5 tid=112 timed_waiting
java.lang.Thread.State: TIMED_WAITING
        at sun.misc.Unsafe.park(Native Method)
        at java.util.concurrent.locks.LockSupport.parkNanos(LockSupport.java:215)
        at java.util.concurrent.locks.AbstractQueuedSynchronizer$ConditionObject.awaitNanos(AbstractQueuedSynchronizer.java:2078)
        at java.util.concurrent.LinkedBlockingQueue.poll(LinkedBlockingQueue.java:467)
        at org.apache.hadoop.ipc.CallQueueManager.take(CallQueueManager.java:317)
        at org.apache.hadoop.ipc.Server$Handler.run(Server.java:3014)
"dc26353c-d48a-467d-89cd-3a7c4b626396@group-34E96220011A-FollowerState" daemon prio=5 tid=1917 timed_waiting
java.lang.Thread.State: TIMED_WAITING
        at java.lang.Thread.sleep(Native Method)
        at java.lang.Thread.sleep(Thread.java:342)
        at java.util.concurrent.TimeUnit.sleep(TimeUnit.java:386)
        at org.apache.ratis.util.TimeDuration.sleep(TimeDuration.java:353)
        at org.apache.ratis.util.TimeDuration.sleep(TimeDuration.java:338)
        at org.apache.ratis.server.impl.FollowerState.run(FollowerState.java:128)
"13f92446-3b18-4d81-bc66-0f9b00220e72@group-68F6D74661CE->78f89d9b-e409-4704-890b-bfcfbcdfd28a-GrpcLogAppender-LogAppenderDaemon" daemon prio=5 tid=2197 timed_waiting
java.lang.Thread.State: TIMED_WAITING
        at sun.misc.Unsafe.park(Native Method)
        at java.util.concurrent.locks.LockSupport.parkNanos(LockSupport.java:215)
        at java.util.concurrent.locks.AbstractQueuedSynchronizer$ConditionObject.await(AbstractQueuedSynchronizer.java:2163)
        at org.apache.ratis.util.AwaitForSignal.await(AwaitForSignal.java:65)
        at org.apache.ratis.grpc.server.GrpcLogAppender.mayWait(GrpcLogAppender.java:286)
        at org.apache.ratis.grpc.server.GrpcLogAppender.run(GrpcLogAppender.java:254)
        at org.apache.ratis.server.leader.LogAppenderDaemon.run(LogAppenderDaemon.java:80)
        at org.apache.ratis.server.leader.LogAppenderDaemon$$Lambda$1370/616798254.run(Unknown Source)
        at java.lang.Thread.run(Thread.java:750)
"78f89d9b-e409-4704-890b-bfcfbcdfd28a-server-thread3" daemon prio=5 tid=1794 timed_waiting
java.lang.Thread.State: TIMED_WAITING
        at sun.misc.Unsafe.park(Native Method)
        at java.util.concurrent.locks.LockSupport.parkNanos(LockSupport.java:215)
        at java.util.concurrent.SynchronousQueue$TransferStack.awaitFulfill(SynchronousQueue.java:460)
        at java.util.concurrent.SynchronousQueue$TransferStack.transfer(SynchronousQueue.java:362)
        at java.util.concurrent.SynchronousQueue.poll(SynchronousQueue.java:941)
        at java.util.concurrent.ThreadPoolExecutor.getTask(ThreadPoolExecutor.java:1073)
        at java.util.concurrent.ThreadPoolExecutor.runWorker(ThreadPoolExecutor.java:1134)
        at java.util.concurrent.ThreadPoolExecutor$Worker.run(ThreadPoolExecutor.java:624)
        at java.lang.Thread.run(Thread.java:750)
"IPC Server handler 22 on default port 15002" daemon prio=5 tid=276 timed_waiting
java.lang.Thread.State: TIMED_WAITING
        at sun.misc.Unsafe.park(Native Method)
        at java.util.concurrent.locks.LockSupport.parkNanos(LockSupport.java:215)
        at java.util.concurrent.locks.AbstractQueuedSynchronizer$ConditionObject.awaitNanos(AbstractQueuedSynchronizer.java:2078)
        at java.util.concurrent.LinkedBlockingQueue.poll(LinkedBlockingQueue.java:467)
        at org.apache.hadoop.ipc.CallQueueManager.take(CallQueueManager.java:317)
        at org.apache.hadoop.ipc.Server$Handler.run(Server.java:3014)
"StaleRecoveringContainerScrubbingService#4" daemon prio=5 tid=2350 in Object.wait()
java.lang.Thread.State: WAITING (on object monitor)
        at sun.misc.Unsafe.park(Native Method)
        at java.util.concurrent.locks.LockSupport.park(LockSupport.java:175)
        at java.util.concurrent.locks.AbstractQueuedSynchronizer$ConditionObject.await(AbstractQueuedSynchronizer.java:2039)
        at java.util.concurrent.ScheduledThreadPoolExecutor$DelayedWorkQueue.take(ScheduledThreadPoolExecutor.java:1088)
        at java.util.concurrent.ScheduledThreadPoolExecutor$DelayedWorkQueue.take(ScheduledThreadPoolExecutor.java:809)
        at java.util.concurrent.ThreadPoolExecutor.getTask(ThreadPoolExecutor.java:1074)
        at java.util.concurrent.ThreadPoolExecutor.runWorker(ThreadPoolExecutor.java:1134)
        at java.util.concurrent.ThreadPoolExecutor$Worker.run(ThreadPoolExecutor.java:624)
        at java.lang.Thread.run(Thread.java:750)
"Hadoop-Metrics-Updater-0" daemon prio=5 tid=621 timed_waiting
java.lang.Thread.State: TIMED_WAITING
        at sun.misc.Unsafe.park(Native Method)
        at java.util.concurrent.locks.LockSupport.parkNanos(LockSupport.java:215)
        at java.util.concurrent.locks.AbstractQueuedSynchronizer$ConditionObject.awaitNanos(AbstractQueuedSynchronizer.java:2078)
        at java.util.concurrent.ScheduledThreadPoolExecutor$DelayedWorkQueue.take(ScheduledThreadPoolExecutor.java:1093)
        at java.util.concurrent.ScheduledThreadPoolExecutor$DelayedWorkQueue.take(ScheduledThreadPoolExecutor.java:809)
        at java.util.concurrent.ThreadPoolExecutor.getTask(ThreadPoolExecutor.java:1074)
        at java.util.concurrent.ThreadPoolExecutor.runWorker(ThreadPoolExecutor.java:1134)
        at java.util.concurrent.ThreadPoolExecutor$Worker.run(ThreadPoolExecutor.java:624)
        at java.lang.Thread.run(Thread.java:750)
"78f89d9b-e409-4704-890b-bfcfbcdfd28a-ChunkWriter-1-0" daemon prio=5 tid=852 in Object.wait()
java.lang.Thread.State: WAITING (on object monitor)
        at sun.misc.Unsafe.park(Native Method)
        at java.util.concurrent.locks.LockSupport.park(LockSupport.java:175)
        at java.util.concurrent.locks.AbstractQueuedSynchronizer$ConditionObject.await(AbstractQueuedSynchronizer.java:2039)
        at java.util.concurrent.LinkedBlockingDeque.takeFirst(LinkedBlockingDeque.java:492)
        at java.util.concurrent.LinkedBlockingDeque.take(LinkedBlockingDeque.java:680)
        at java.util.concurrent.ThreadPoolExecutor.getTask(ThreadPoolExecutor.java:1074)
        at java.util.concurrent.ThreadPoolExecutor.runWorker(ThreadPoolExecutor.java:1134)
        at java.util.concurrent.ThreadPoolExecutor$Worker.run(ThreadPoolExecutor.java:624)
        at java.lang.Thread.run(Thread.java:750)
"78f89d9b-e409-4704-890b-bfcfbcdfd28a@group-8820B9A2DC65-cacheEviction-AwaitToRun" daemon prio=5 tid=1278 in Object.wait()
java.lang.Thread.State: WAITING (on object monitor)
        at sun.misc.Unsafe.park(Native Method)
        at java.util.concurrent.locks.LockSupport.park(LockSupport.java:175)
        at java.util.concurrent.locks.AbstractQueuedSynchronizer$ConditionObject.await(AbstractQueuedSynchronizer.java:2039)
        at org.apache.ratis.util.AwaitForSignal.await(AwaitForSignal.java:48)
        at org.apache.ratis.util.AwaitToRun$RunnableImpl.run(AwaitToRun.java:47)
        at java.lang.Thread.run(Thread.java:750)
"IPC Server handler 87 on default port 15002" daemon prio=5 tid=341 timed_waiting
java.lang.Thread.State: TIMED_WAITING
        at sun.misc.Unsafe.park(Native Method)
        at java.util.concurrent.locks.LockSupport.parkNanos(LockSupport.java:215)
        at java.util.concurrent.locks.AbstractQueuedSynchronizer$ConditionObject.awaitNanos(AbstractQueuedSynchronizer.java:2078)
        at java.util.concurrent.LinkedBlockingQueue.poll(LinkedBlockingQueue.java:467)
        at org.apache.hadoop.ipc.CallQueueManager.take(CallQueueManager.java:317)
        at org.apache.hadoop.ipc.Server$Handler.run(Server.java:3014)
"IPC Server handler 30 on default port 15001" daemon prio=5 tid=184 timed_waiting
java.lang.Thread.State: TIMED_WAITING
        at sun.misc.Unsafe.park(Native Method)
        at java.util.concurrent.locks.LockSupport.parkNanos(LockSupport.java:215)
        at java.util.concurrent.locks.AbstractQueuedSynchronizer$ConditionObject.awaitNanos(AbstractQueuedSynchronizer.java:2078)
        at java.util.concurrent.LinkedBlockingQueue.poll(LinkedBlockingQueue.java:467)
        at org.apache.hadoop.ipc.CallQueueManager.take(CallQueueManager.java:317)
        at org.apache.hadoop.ipc.Server$Handler.run(Server.java:3014)
"e780b093-7242-46d7-bd8f-0f810188c7b3-ChunkReader-8" daemon prio=5 tid=2027 in Object.wait()
java.lang.Thread.State: WAITING (on object monitor)
        at sun.misc.Unsafe.park(Native Method)
        at java.util.concurrent.locks.LockSupport.park(LockSupport.java:175)
        at java.util.concurrent.locks.AbstractQueuedSynchronizer$ConditionObject.await(AbstractQueuedSynchronizer.java:2039)
        at java.util.concurrent.LinkedBlockingQueue.take(LinkedBlockingQueue.java:442)
        at java.util.concurrent.ThreadPoolExecutor.getTask(ThreadPoolExecutor.java:1074)
        at java.util.concurrent.ThreadPoolExecutor.runWorker(ThreadPoolExecutor.java:1134)
        at java.util.concurrent.ThreadPoolExecutor$Worker.run(ThreadPoolExecutor.java:624)
        at java.lang.Thread.run(Thread.java:750)
"d25dc3b0-28fc-4383-b1a0-617845025f41@group-8820B9A2DC65-StateMachineUpdater" daemon prio=5 tid=1227 timed_waiting
java.lang.Thread.State: TIMED_WAITING
        at sun.misc.Unsafe.park(Native Method)
        at java.util.concurrent.locks.LockSupport.parkNanos(LockSupport.java:215)
        at java.util.concurrent.locks.AbstractQueuedSynchronizer$ConditionObject.await(AbstractQueuedSynchronizer.java:2163)
        at org.apache.ratis.util.AwaitForSignal.await(AwaitForSignal.java:65)
        at org.apache.ratis.server.impl.StateMachineUpdater.waitForCommit(StateMachineUpdater.java:211)
        at org.apache.ratis.server.impl.StateMachineUpdater.run(StateMachineUpdater.java:180)
        at java.lang.Thread.run(Thread.java:750)
"e780b093-7242-46d7-bd8f-0f810188c7b3@group-1944BBB8D763-SegmentedRaftLogWorker"  prio=5 tid=1200 timed_waiting
java.lang.Thread.State: TIMED_WAITING
        at sun.misc.Unsafe.park(Native Method)
        at java.util.concurrent.locks.LockSupport.parkNanos(LockSupport.java:215)
        at java.util.concurrent.locks.AbstractQueuedSynchronizer$ConditionObject.awaitNanos(AbstractQueuedSynchronizer.java:2078)
        at org.apache.ratis.util.DataBlockingQueue.poll(DataBlockingQueue.java:148)
        at org.apache.ratis.server.raftlog.segmented.SegmentedRaftLogWorker.run(SegmentedRaftLogWorker.java:299)
        at org.apache.ratis.server.raftlog.segmented.SegmentedRaftLogWorker$$Lambda$913/1052546256.run(Unknown Source)
        at java.util.concurrent.Executors$RunnableAdapter.call(Executors.java:511)
        at java.util.concurrent.FutureTask.run(FutureTask.java:266)
        at java.util.concurrent.ThreadPoolExecutor.runWorker(ThreadPoolExecutor.java:1149)
        at java.util.concurrent.ThreadPoolExecutor$Worker.run(ThreadPoolExecutor.java:624)
        at java.lang.Thread.run(Thread.java:750)
"c30fedce-f286-40e0-881d-3d5a9a6e2463@group-68F6D74661CE-SegmentedRaftLogWorker"  prio=5 tid=2144 timed_waiting
java.lang.Thread.State: TIMED_WAITING
        at sun.misc.Unsafe.park(Native Method)
        at java.util.concurrent.locks.LockSupport.parkNanos(LockSupport.java:215)
        at java.util.concurrent.locks.AbstractQueuedSynchronizer$ConditionObject.awaitNanos(AbstractQueuedSynchronizer.java:2078)
        at org.apache.ratis.util.DataBlockingQueue.poll(DataBlockingQueue.java:148)
        at org.apache.ratis.server.raftlog.segmented.SegmentedRaftLogWorker.run(SegmentedRaftLogWorker.java:299)
        at org.apache.ratis.server.raftlog.segmented.SegmentedRaftLogWorker$$Lambda$913/1052546256.run(Unknown Source)
        at java.util.concurrent.Executors$RunnableAdapter.call(Executors.java:511)
        at java.util.concurrent.FutureTask.run(FutureTask.java:266)
        at java.util.concurrent.ThreadPoolExecutor.runWorker(ThreadPoolExecutor.java:1149)
        at java.util.concurrent.ThreadPoolExecutor$Worker.run(ThreadPoolExecutor.java:624)
        at java.lang.Thread.run(Thread.java:750)
"IPC Server handler 87 on default port 15001" daemon prio=5 tid=241 timed_waiting
java.lang.Thread.State: TIMED_WAITING
        at sun.misc.Unsafe.park(Native Method)
        at java.util.concurrent.locks.LockSupport.parkNanos(LockSupport.java:215)
        at java.util.concurrent.locks.AbstractQueuedSynchronizer$ConditionObject.awaitNanos(AbstractQueuedSynchronizer.java:2078)
        at java.util.concurrent.LinkedBlockingQueue.poll(LinkedBlockingQueue.java:467)
        at org.apache.hadoop.ipc.CallQueueManager.take(CallQueueManager.java:317)
        at org.apache.hadoop.ipc.Server$Handler.run(Server.java:3014)
"IPC Server handler 40 on default port 15001" daemon prio=5 tid=194 timed_waiting
java.lang.Thread.State: TIMED_WAITING
        at sun.misc.Unsafe.park(Native Method)
        at java.util.concurrent.locks.LockSupport.parkNanos(LockSupport.java:215)
        at java.util.concurrent.locks.AbstractQueuedSynchronizer$ConditionObject.awaitNanos(AbstractQueuedSynchronizer.java:2078)
        at java.util.concurrent.LinkedBlockingQueue.poll(LinkedBlockingQueue.java:467)
        at org.apache.hadoop.ipc.CallQueueManager.take(CallQueueManager.java:317)
        at org.apache.hadoop.ipc.Server$Handler.run(Server.java:3014)
"e46a6e51-795f-4801-a523-c45a6c7f2c34-DatanodeStateMachineTaskThread-1"  prio=5 tid=715 in Object.wait()
java.lang.Thread.State: WAITING (on object monitor)
        at sun.misc.Unsafe.park(Native Method)
        at java.util.concurrent.locks.LockSupport.park(LockSupport.java:175)
        at java.util.concurrent.locks.AbstractQueuedSynchronizer$ConditionObject.await(AbstractQueuedSynchronizer.java:2039)
        at java.util.concurrent.LinkedBlockingQueue.take(LinkedBlockingQueue.java:442)
        at java.util.concurrent.ThreadPoolExecutor.getTask(ThreadPoolExecutor.java:1074)
        at java.util.concurrent.ThreadPoolExecutor.runWorker(ThreadPoolExecutor.java:1134)
        at java.util.concurrent.ThreadPoolExecutor$Worker.run(ThreadPoolExecutor.java:624)
        at java.lang.Thread.run(Thread.java:750)
"IPC Server handler 94 on default port 15002" daemon prio=5 tid=348 timed_waiting
java.lang.Thread.State: TIMED_WAITING
        at sun.misc.Unsafe.park(Native Method)
        at java.util.concurrent.locks.LockSupport.parkNanos(LockSupport.java:215)
        at java.util.concurrent.locks.AbstractQueuedSynchronizer$ConditionObject.awaitNanos(AbstractQueuedSynchronizer.java:2078)
        at java.util.concurrent.LinkedBlockingQueue.poll(LinkedBlockingQueue.java:467)
        at org.apache.hadoop.ipc.CallQueueManager.take(CallQueueManager.java:317)
        at org.apache.hadoop.ipc.Server$Handler.run(Server.java:3014)
"e780b093-7242-46d7-bd8f-0f810188c7b3@group-83D984655C73-cacheEviction-AwaitToRun" daemon prio=5 tid=1168 in Object.wait()
java.lang.Thread.State: WAITING (on object monitor)
        at sun.misc.Unsafe.park(Native Method)
        at java.util.concurrent.locks.LockSupport.park(LockSupport.java:175)
        at java.util.concurrent.locks.AbstractQueuedSynchronizer$ConditionObject.await(AbstractQueuedSynchronizer.java:2039)
        at org.apache.ratis.util.AwaitForSignal.await(AwaitForSignal.java:48)
        at org.apache.ratis.util.AwaitToRun$RunnableImpl.run(AwaitToRun.java:47)
        at java.lang.Thread.run(Thread.java:750)
"dc26353c-d48a-467d-89cd-3a7c4b626396-CloseContainerThread-0"  prio=5 tid=2341 in Object.wait()
java.lang.Thread.State: WAITING (on object monitor)
        at sun.misc.Unsafe.park(Native Method)
        at java.util.concurrent.locks.LockSupport.park(LockSupport.java:175)
        at java.util.concurrent.locks.AbstractQueuedSynchronizer$ConditionObject.await(AbstractQueuedSynchronizer.java:2039)
        at java.util.concurrent.LinkedBlockingQueue.take(LinkedBlockingQueue.java:442)
        at java.util.concurrent.ThreadPoolExecutor.getTask(ThreadPoolExecutor.java:1074)
        at java.util.concurrent.ThreadPoolExecutor.runWorker(ThreadPoolExecutor.java:1134)
        at java.util.concurrent.ThreadPoolExecutor$Worker.run(ThreadPoolExecutor.java:624)
        at java.lang.Thread.run(Thread.java:750)
"IPC Server handler 62 on default port 15002" daemon prio=5 tid=316 timed_waiting
java.lang.Thread.State: TIMED_WAITING
        at sun.misc.Unsafe.park(Native Method)
        at java.util.concurrent.locks.LockSupport.parkNanos(LockSupport.java:215)
        at java.util.concurrent.locks.AbstractQueuedSynchronizer$ConditionObject.awaitNanos(AbstractQueuedSynchronizer.java:2078)
        at java.util.concurrent.LinkedBlockingQueue.poll(LinkedBlockingQueue.java:467)
        at org.apache.hadoop.ipc.CallQueueManager.take(CallQueueManager.java:317)
        at org.apache.hadoop.ipc.Server$Handler.run(Server.java:3014)
"dc26353c-d48a-467d-89cd-3a7c4b626396-ChunkWriter-2-0" daemon prio=5 tid=789 in Object.wait()
java.lang.Thread.State: WAITING (on object monitor)
        at sun.misc.Unsafe.park(Native Method)
        at java.util.concurrent.locks.LockSupport.park(LockSupport.java:175)
        at java.util.concurrent.locks.AbstractQueuedSynchronizer$ConditionObject.await(AbstractQueuedSynchronizer.java:2039)
        at java.util.concurrent.LinkedBlockingDeque.takeFirst(LinkedBlockingDeque.java:492)
        at java.util.concurrent.LinkedBlockingDeque.take(LinkedBlockingDeque.java:680)
        at java.util.concurrent.ThreadPoolExecutor.getTask(ThreadPoolExecutor.java:1074)
        at java.util.concurrent.ThreadPoolExecutor.runWorker(ThreadPoolExecutor.java:1134)
        at java.util.concurrent.ThreadPoolExecutor$Worker.run(ThreadPoolExecutor.java:624)
        at java.lang.Thread.run(Thread.java:750)
"d25dc3b0-28fc-4383-b1a0-617845025f41-ChunkReader-0" daemon prio=5 tid=2376 in Object.wait()
java.lang.Thread.State: WAITING (on object monitor)
        at sun.misc.Unsafe.park(Native Method)
        at java.util.concurrent.locks.LockSupport.park(LockSupport.java:175)
        at java.util.concurrent.locks.AbstractQueuedSynchronizer$ConditionObject.await(AbstractQueuedSynchronizer.java:2039)
        at java.util.concurrent.LinkedBlockingQueue.take(LinkedBlockingQueue.java:442)
        at java.util.concurrent.ThreadPoolExecutor.getTask(ThreadPoolExecutor.java:1074)
        at java.util.concurrent.ThreadPoolExecutor.runWorker(ThreadPoolExecutor.java:1134)
        at java.util.concurrent.ThreadPoolExecutor$Worker.run(ThreadPoolExecutor.java:624)
        at java.lang.Thread.run(Thread.java:750)
"JvmPauseMonitor1" daemon prio=5 tid=393 timed_waiting
java.lang.Thread.State: TIMED_WAITING
        at java.lang.Thread.sleep(Native Method)
        at java.lang.Thread.sleep(Thread.java:342)
        at java.util.concurrent.TimeUnit.sleep(TimeUnit.java:386)
        at org.apache.ratis.util.TimeDuration.sleep(TimeDuration.java:353)
        at org.apache.ratis.util.TimeDuration.sleep(TimeDuration.java:338)
        at org.apache.ratis.util.JvmPauseMonitor.detectPause(JvmPauseMonitor.java:160)
        at org.apache.ratis.util.JvmPauseMonitor.run(JvmPauseMonitor.java:149)
        at org.apache.ratis.util.JvmPauseMonitor$$Lambda$549/1343642221.run(Unknown Source)
        at java.lang.Thread.run(Thread.java:750)
"e46a6e51-795f-4801-a523-c45a6c7f2c34-ChunkReader-0" daemon prio=5 tid=2403 in Object.wait()
java.lang.Thread.State: WAITING (on object monitor)
        at sun.misc.Unsafe.park(Native Method)
        at java.util.concurrent.locks.LockSupport.park(LockSupport.java:175)
        at java.util.concurrent.locks.AbstractQueuedSynchronizer$ConditionObject.await(AbstractQueuedSynchronizer.java:2039)
        at java.util.concurrent.LinkedBlockingQueue.take(LinkedBlockingQueue.java:442)
        at java.util.concurrent.ThreadPoolExecutor.getTask(ThreadPoolExecutor.java:1074)
        at java.util.concurrent.ThreadPoolExecutor.runWorker(ThreadPoolExecutor.java:1134)
        at java.util.concurrent.ThreadPoolExecutor$Worker.run(ThreadPoolExecutor.java:624)
        at java.lang.Thread.run(Thread.java:750)
"StaleRecoveringContainerScrubbingService#4" daemon prio=5 tid=2111 in Object.wait()
java.lang.Thread.State: WAITING (on object monitor)
        at sun.misc.Unsafe.park(Native Method)
        at java.util.concurrent.locks.LockSupport.park(LockSupport.java:175)
        at java.util.concurrent.locks.AbstractQueuedSynchronizer$ConditionObject.await(AbstractQueuedSynchronizer.java:2039)
        at java.util.concurrent.ScheduledThreadPoolExecutor$DelayedWorkQueue.take(ScheduledThreadPoolExecutor.java:1088)
        at java.util.concurrent.ScheduledThreadPoolExecutor$DelayedWorkQueue.take(ScheduledThreadPoolExecutor.java:809)
        at java.util.concurrent.ThreadPoolExecutor.getTask(ThreadPoolExecutor.java:1074)
        at java.util.concurrent.ThreadPoolExecutor.runWorker(ThreadPoolExecutor.java:1134)
        at java.util.concurrent.ThreadPoolExecutor$Worker.run(ThreadPoolExecutor.java:624)
        at java.lang.Thread.run(Thread.java:750)
"StaleRecoveringContainerScrubbingService#4" daemon prio=5 tid=2109 in Object.wait()
java.lang.Thread.State: WAITING (on object monitor)
        at sun.misc.Unsafe.park(Native Method)
        at java.util.concurrent.locks.LockSupport.park(LockSupport.java:175)
        at java.util.concurrent.locks.AbstractQueuedSynchronizer$ConditionObject.await(AbstractQueuedSynchronizer.java:2039)
        at java.util.concurrent.ScheduledThreadPoolExecutor$DelayedWorkQueue.take(ScheduledThreadPoolExecutor.java:1088)
        at java.util.concurrent.ScheduledThreadPoolExecutor$DelayedWorkQueue.take(ScheduledThreadPoolExecutor.java:809)
        at java.util.concurrent.ThreadPoolExecutor.getTask(ThreadPoolExecutor.java:1074)
        at java.util.concurrent.ThreadPoolExecutor.runWorker(ThreadPoolExecutor.java:1134)
        at java.util.concurrent.ThreadPoolExecutor$Worker.run(ThreadPoolExecutor.java:624)
        at java.lang.Thread.run(Thread.java:750)
"IPC Server handler 8 on default port 15002" daemon prio=5 tid=262 timed_waiting
java.lang.Thread.State: TIMED_WAITING
        at sun.misc.Unsafe.park(Native Method)
        at java.util.concurrent.locks.LockSupport.parkNanos(LockSupport.java:215)
        at java.util.concurrent.locks.AbstractQueuedSynchronizer$ConditionObject.awaitNanos(AbstractQueuedSynchronizer.java:2078)
        at java.util.concurrent.LinkedBlockingQueue.poll(LinkedBlockingQueue.java:467)
        at org.apache.hadoop.ipc.CallQueueManager.take(CallQueueManager.java:317)
        at org.apache.hadoop.ipc.Server$Handler.run(Server.java:3014)
"13f92446-3b18-4d81-bc66-0f9b00220e72-CloseContainerThread-1"  prio=5 tid=2335 in Object.wait()
java.lang.Thread.State: WAITING (on object monitor)
        at sun.misc.Unsafe.park(Native Method)
        at java.util.concurrent.locks.LockSupport.park(LockSupport.java:175)
        at java.util.concurrent.locks.AbstractQueuedSynchronizer$ConditionObject.await(AbstractQueuedSynchronizer.java:2039)
        at java.util.concurrent.LinkedBlockingQueue.take(LinkedBlockingQueue.java:442)
        at java.util.concurrent.ThreadPoolExecutor.getTask(ThreadPoolExecutor.java:1074)
        at java.util.concurrent.ThreadPoolExecutor.runWorker(ThreadPoolExecutor.java:1134)
        at java.util.concurrent.ThreadPoolExecutor$Worker.run(ThreadPoolExecutor.java:624)
        at java.lang.Thread.run(Thread.java:750)
"IPC Server Responder" daemon prio=5 tid=506 runnable
java.lang.Thread.State: RUNNABLE
        at sun.nio.ch.EPollArrayWrapper.epollWait(Native Method)
        at sun.nio.ch.EPollArrayWrapper.poll(EPollArrayWrapper.java:269)
        at sun.nio.ch.EPollSelectorImpl.doSelect(EPollSelectorImpl.java:93)
        at sun.nio.ch.SelectorImpl.lockAndDoSelect(SelectorImpl.java:86)
        at sun.nio.ch.SelectorImpl.select(SelectorImpl.java:97)
        at org.apache.hadoop.ipc.Server$Responder.doRunLoop(Server.java:1582)
        at org.apache.hadoop.ipc.Server$Responder.run(Server.java:1565)
"qtp2047373618-365" daemon prio=5 tid=365 timed_waiting
java.lang.Thread.State: TIMED_WAITING
        at sun.misc.Unsafe.park(Native Method)
        at java.util.concurrent.locks.LockSupport.parkNanos(LockSupport.java:215)
        at java.util.concurrent.locks.AbstractQueuedSynchronizer$ConditionObject.awaitNanos(AbstractQueuedSynchronizer.java:2078)
        at org.eclipse.jetty.util.BlockingArrayQueue.poll(BlockingArrayQueue.java:382)
        at org.eclipse.jetty.util.thread.QueuedThreadPool$Runner.idleJobPoll(QueuedThreadPool.java:974)
        at org.eclipse.jetty.util.thread.QueuedThreadPool$Runner.run(QueuedThreadPool.java:1018)
        at java.lang.Thread.run(Thread.java:750)
"e780b093-7242-46d7-bd8f-0f810188c7b3@group-5C1807567017-StateMachineUpdater" daemon prio=5 tid=2139 timed_waiting
java.lang.Thread.State: TIMED_WAITING
        at sun.misc.Unsafe.park(Native Method)
        at java.util.concurrent.locks.LockSupport.parkNanos(LockSupport.java:215)
        at java.util.concurrent.locks.AbstractQueuedSynchronizer$ConditionObject.await(AbstractQueuedSynchronizer.java:2163)
        at org.apache.ratis.util.AwaitForSignal.await(AwaitForSignal.java:65)
        at org.apache.ratis.server.impl.StateMachineUpdater.waitForCommit(StateMachineUpdater.java:211)
        at org.apache.ratis.server.impl.StateMachineUpdater.run(StateMachineUpdater.java:180)
        at java.lang.Thread.run(Thread.java:750)
"78f89d9b-e409-4704-890b-bfcfbcdfd28a-ec-reconstruct-reader-TID-1"  prio=5 tid=2021 in Object.wait()
java.lang.Thread.State: WAITING (on object monitor)
        at sun.misc.Unsafe.park(Native Method)
        at java.util.concurrent.locks.LockSupport.park(LockSupport.java:175)
        at java.util.concurrent.SynchronousQueue$TransferStack.awaitFulfill(SynchronousQueue.java:458)
        at java.util.concurrent.SynchronousQueue$TransferStack.transfer(SynchronousQueue.java:362)
        at java.util.concurrent.SynchronousQueue.take(SynchronousQueue.java:924)
        at java.util.concurrent.ThreadPoolExecutor.getTask(ThreadPoolExecutor.java:1074)
        at java.util.concurrent.ThreadPoolExecutor.runWorker(ThreadPoolExecutor.java:1134)
        at java.util.concurrent.ThreadPoolExecutor$Worker.run(ThreadPoolExecutor.java:624)
        at java.lang.Thread.run(Thread.java:750)
"4e8f68d6-fd98-4f77-87e3-715939181693@group-9D5BCF0FDB08->d25dc3b0-28fc-4383-b1a0-617845025f41-GrpcLogAppender-LogAppenderDaemon" daemon prio=5 tid=1764 timed_waiting
java.lang.Thread.State: TIMED_WAITING
        at sun.misc.Unsafe.park(Native Method)
        at java.util.concurrent.locks.LockSupport.parkNanos(LockSupport.java:215)
        at java.util.concurrent.locks.AbstractQueuedSynchronizer$ConditionObject.await(AbstractQueuedSynchronizer.java:2163)
        at org.apache.ratis.util.AwaitForSignal.await(AwaitForSignal.java:65)
        at org.apache.ratis.grpc.server.GrpcLogAppender.mayWait(GrpcLogAppender.java:286)
        at org.apache.ratis.grpc.server.GrpcLogAppender.run(GrpcLogAppender.java:254)
        at org.apache.ratis.server.leader.LogAppenderDaemon.run(LogAppenderDaemon.java:80)
        at org.apache.ratis.server.leader.LogAppenderDaemon$$Lambda$1370/616798254.run(Unknown Source)
        at java.lang.Thread.run(Thread.java:750)
"e780b093-7242-46d7-bd8f-0f810188c7b3-NettyServerStreamRpc-bossGroup--thread1"  prio=5 tid=688 runnable
java.lang.Thread.State: RUNNABLE
        at org.apache.ratis.thirdparty.io.netty.channel.epoll.Native.epollWait(Native Method)
        at org.apache.ratis.thirdparty.io.netty.channel.epoll.Native.epollWait(Native.java:209)
        at org.apache.ratis.thirdparty.io.netty.channel.epoll.Native.epollWait(Native.java:202)
        at org.apache.ratis.thirdparty.io.netty.channel.epoll.EpollEventLoop.epollWaitNoTimerChange(EpollEventLoop.java:316)
        at org.apache.ratis.thirdparty.io.netty.channel.epoll.EpollEventLoop.run(EpollEventLoop.java:373)
        at org.apache.ratis.thirdparty.io.netty.util.concurrent.SingleThreadEventExecutor$4.run(SingleThreadEventExecutor.java:997)
        at org.apache.ratis.thirdparty.io.netty.util.internal.ThreadExecutorMap$2.run(ThreadExecutorMap.java:74)
        at java.lang.Thread.run(Thread.java:750)
"IPC Server handler 45 on default port 15002" daemon prio=5 tid=299 timed_waiting
java.lang.Thread.State: TIMED_WAITING
        at sun.misc.Unsafe.park(Native Method)
        at java.util.concurrent.locks.LockSupport.parkNanos(LockSupport.java:215)
        at java.util.concurrent.locks.AbstractQueuedSynchronizer$ConditionObject.awaitNanos(AbstractQueuedSynchronizer.java:2078)
        at java.util.concurrent.LinkedBlockingQueue.poll(LinkedBlockingQueue.java:467)
        at org.apache.hadoop.ipc.CallQueueManager.take(CallQueueManager.java:317)
        at org.apache.hadoop.ipc.Server$Handler.run(Server.java:3014)
"dc26353c-d48a-467d-89cd-3a7c4b626396-PeriodicHDDSVolumeChecker" daemon prio=5 tid=784 timed_waiting
java.lang.Thread.State: TIMED_WAITING
        at sun.misc.Unsafe.park(Native Method)
        at java.util.concurrent.locks.LockSupport.parkNanos(LockSupport.java:215)
        at java.util.concurrent.locks.AbstractQueuedSynchronizer$ConditionObject.awaitNanos(AbstractQueuedSynchronizer.java:2078)
        at java.util.concurrent.ScheduledThreadPoolExecutor$DelayedWorkQueue.take(ScheduledThreadPoolExecutor.java:1093)
        at java.util.concurrent.ScheduledThreadPoolExecutor$DelayedWorkQueue.take(ScheduledThreadPoolExecutor.java:809)
        at java.util.concurrent.ThreadPoolExecutor.getTask(ThreadPoolExecutor.java:1074)
        at java.util.concurrent.ThreadPoolExecutor.runWorker(ThreadPoolExecutor.java:1134)
        at java.util.concurrent.ThreadPoolExecutor$Worker.run(ThreadPoolExecutor.java:624)
        at java.lang.Thread.run(Thread.java:750)
"LeakDetector-ManagedRocksObject0" daemon prio=5 tid=18 in Object.wait()
java.lang.Thread.State: WAITING (on object monitor)
        at java.lang.Object.wait(Native Method)
        at java.lang.ref.ReferenceQueue.remove(ReferenceQueue.java:144)
        at java.lang.ref.ReferenceQueue.remove(ReferenceQueue.java:165)
        at org.apache.hadoop.hdds.utils.LeakDetector.run(LeakDetector.java:80)
        at org.apache.hadoop.hdds.utils.LeakDetector$$Lambda$435/40207050.run(Unknown Source)
        at java.lang.Thread.run(Thread.java:750)
"e780b093-7242-46d7-bd8f-0f810188c7b3@group-0722226B2D74-LeaderStateImpl" daemon prio=5 tid=1948 timed_waiting
java.lang.Thread.State: TIMED_WAITING
        at sun.misc.Unsafe.park(Native Method)
        at java.util.concurrent.locks.LockSupport.parkNanos(LockSupport.java:215)
        at java.util.concurrent.locks.AbstractQueuedSynchronizer$ConditionObject.awaitNanos(AbstractQueuedSynchronizer.java:2078)
        at java.util.concurrent.ArrayBlockingQueue.poll(ArrayBlockingQueue.java:418)
        at org.apache.ratis.server.impl.LeaderStateImpl$EventQueue.poll(LeaderStateImpl.java:164)
        at org.apache.ratis.server.impl.LeaderStateImpl$EventProcessor.run(LeaderStateImpl.java:762)
"qtp751996498-614" daemon prio=5 tid=614 timed_waiting
java.lang.Thread.State: TIMED_WAITING
        at sun.misc.Unsafe.park(Native Method)
        at java.util.concurrent.locks.LockSupport.parkNanos(LockSupport.java:215)
        at java.util.concurrent.locks.AbstractQueuedSynchronizer$ConditionObject.awaitNanos(AbstractQueuedSynchronizer.java:2078)
        at org.eclipse.jetty.util.BlockingArrayQueue.poll(BlockingArrayQueue.java:382)
        at org.eclipse.jetty.util.thread.QueuedThreadPool$Runner.idleJobPoll(QueuedThreadPool.java:974)
        at org.eclipse.jetty.util.thread.QueuedThreadPool$Runner.run(QueuedThreadPool.java:1018)
        at java.lang.Thread.run(Thread.java:750)
"IPC Server idle connection scanner for port 15064" daemon prio=5 tid=619 timed_waiting
java.lang.Thread.State: TIMED_WAITING
        at java.lang.Object.wait(Native Method)
        at java.util.TimerThread.mainLoop(Timer.java:552)
        at java.util.TimerThread.run(Timer.java:505)
"4e8f68d6-fd98-4f77-87e3-715939181693@group-9D5BCF0FDB08-SegmentedRaftLogWorker"  prio=5 tid=1142 timed_waiting
java.lang.Thread.State: TIMED_WAITING
        at sun.misc.Unsafe.park(Native Method)
        at java.util.concurrent.locks.LockSupport.parkNanos(LockSupport.java:215)
        at java.util.concurrent.locks.AbstractQueuedSynchronizer$ConditionObject.awaitNanos(AbstractQueuedSynchronizer.java:2078)
        at org.apache.ratis.util.DataBlockingQueue.poll(DataBlockingQueue.java:148)
        at org.apache.ratis.server.raftlog.segmented.SegmentedRaftLogWorker.run(SegmentedRaftLogWorker.java:299)
        at org.apache.ratis.server.raftlog.segmented.SegmentedRaftLogWorker$$Lambda$913/1052546256.run(Unknown Source)
        at java.util.concurrent.Executors$RunnableAdapter.call(Executors.java:511)
        at java.util.concurrent.FutureTask.run(FutureTask.java:266)
        at java.util.concurrent.ThreadPoolExecutor.runWorker(ThreadPoolExecutor.java:1149)
        at java.util.concurrent.ThreadPoolExecutor$Worker.run(ThreadPoolExecutor.java:624)
        at java.lang.Thread.run(Thread.java:750)
"dc26353c-d48a-467d-89cd-3a7c4b626396-BlockDeletingService#3" daemon prio=5 tid=2414 in Object.wait()
java.lang.Thread.State: WAITING (on object monitor)
        at sun.misc.Unsafe.park(Native Method)
        at java.util.concurrent.locks.LockSupport.park(LockSupport.java:175)
        at java.util.concurrent.locks.AbstractQueuedSynchronizer$ConditionObject.await(AbstractQueuedSynchronizer.java:2039)
        at java.util.concurrent.ScheduledThreadPoolExecutor$DelayedWorkQueue.take(ScheduledThreadPoolExecutor.java:1088)
        at java.util.concurrent.ScheduledThreadPoolExecutor$DelayedWorkQueue.take(ScheduledThreadPoolExecutor.java:809)
        at java.util.concurrent.ThreadPoolExecutor.getTask(ThreadPoolExecutor.java:1074)
        at java.util.concurrent.ThreadPoolExecutor.runWorker(ThreadPoolExecutor.java:1134)
        at java.util.concurrent.ThreadPoolExecutor$Worker.run(ThreadPoolExecutor.java:624)
        at java.lang.Thread.run(Thread.java:750)
"qtp751996498-608" daemon prio=5 tid=608 runnable
java.lang.Thread.State: RUNNABLE
        at sun.nio.ch.EPollArrayWrapper.epollWait(Native Method)
        at sun.nio.ch.EPollArrayWrapper.poll(EPollArrayWrapper.java:269)
        at sun.nio.ch.EPollSelectorImpl.doSelect(EPollSelectorImpl.java:93)
        at sun.nio.ch.SelectorImpl.lockAndDoSelect(SelectorImpl.java:86)
        at sun.nio.ch.SelectorImpl.select(SelectorImpl.java:97)
        at sun.nio.ch.SelectorImpl.select(SelectorImpl.java:101)
        at org.eclipse.jetty.io.ManagedSelector.nioSelect(ManagedSelector.java:183)
        at org.eclipse.jetty.io.ManagedSelector.select(ManagedSelector.java:190)
        at org.eclipse.jetty.io.ManagedSelector$SelectorProducer.select(ManagedSelector.java:606)
        at org.eclipse.jetty.io.ManagedSelector$SelectorProducer.produce(ManagedSelector.java:543)
        at org.eclipse.jetty.util.thread.strategy.EatWhatYouKill.produceTask(EatWhatYouKill.java:362)
        at org.eclipse.jetty.util.thread.strategy.EatWhatYouKill.doProduce(EatWhatYouKill.java:186)
        at org.eclipse.jetty.util.thread.strategy.EatWhatYouKill.tryProduce(EatWhatYouKill.java:173)
        at org.eclipse.jetty.util.thread.strategy.EatWhatYouKill.produce(EatWhatYouKill.java:137)
        at org.eclipse.jetty.io.ManagedSelector$$Lambda$589/284576707.run(Unknown Source)
        at org.eclipse.jetty.util.thread.QueuedThreadPool.runJob(QueuedThreadPool.java:883)
        at org.eclipse.jetty.util.thread.QueuedThreadPool$Runner.run(QueuedThreadPool.java:1034)
        at java.lang.Thread.run(Thread.java:750)
"e780b093-7242-46d7-bd8f-0f810188c7b3-DatanodeReportManager-0" daemon prio=5 tid=708 timed_waiting
java.lang.Thread.State: TIMED_WAITING
        at sun.misc.Unsafe.park(Native Method)
        at java.util.concurrent.locks.LockSupport.parkNanos(LockSupport.java:215)
        at java.util.concurrent.locks.AbstractQueuedSynchronizer$ConditionObject.awaitNanos(AbstractQueuedSynchronizer.java:2078)
        at java.util.concurrent.ScheduledThreadPoolExecutor$DelayedWorkQueue.take(ScheduledThreadPoolExecutor.java:1093)
        at java.util.concurrent.ScheduledThreadPoolExecutor$DelayedWorkQueue.take(ScheduledThreadPoolExecutor.java:809)
        at java.util.concurrent.ThreadPoolExecutor.getTask(ThreadPoolExecutor.java:1074)
        at java.util.concurrent.ThreadPoolExecutor.runWorker(ThreadPoolExecutor.java:1134)
        at java.util.concurrent.ThreadPoolExecutor$Worker.run(ThreadPoolExecutor.java:624)
        at java.lang.Thread.run(Thread.java:750)
"IPC Server handler 18 on default port 15002" daemon prio=5 tid=272 timed_waiting
java.lang.Thread.State: TIMED_WAITING
        at sun.misc.Unsafe.park(Native Method)
        at java.util.concurrent.locks.LockSupport.parkNanos(LockSupport.java:215)
        at java.util.concurrent.locks.AbstractQueuedSynchronizer$ConditionObject.awaitNanos(AbstractQueuedSynchronizer.java:2078)
        at java.util.concurrent.LinkedBlockingQueue.poll(LinkedBlockingQueue.java:467)
        at org.apache.hadoop.ipc.CallQueueManager.take(CallQueueManager.java:317)
        at org.apache.hadoop.ipc.Server$Handler.run(Server.java:3014)
"IPC Server Responder" daemon prio=5 tid=676 runnable
java.lang.Thread.State: RUNNABLE
        at sun.nio.ch.EPollArrayWrapper.epollWait(Native Method)
        at sun.nio.ch.EPollArrayWrapper.poll(EPollArrayWrapper.java:269)
        at sun.nio.ch.EPollSelectorImpl.doSelect(EPollSelectorImpl.java:93)
        at sun.nio.ch.SelectorImpl.lockAndDoSelect(SelectorImpl.java:86)
        at sun.nio.ch.SelectorImpl.select(SelectorImpl.java:97)
        at org.apache.hadoop.ipc.Server$Responder.doRunLoop(Server.java:1582)
        at org.apache.hadoop.ipc.Server$Responder.run(Server.java:1565)
"Session-HouseKeeper-58a24e36-1"  prio=5 tid=588 timed_waiting
java.lang.Thread.State: TIMED_WAITING
        at sun.misc.Unsafe.park(Native Method)
        at java.util.concurrent.locks.LockSupport.parkNanos(LockSupport.java:215)
        at java.util.concurrent.locks.AbstractQueuedSynchronizer$ConditionObject.awaitNanos(AbstractQueuedSynchronizer.java:2078)
        at java.util.concurrent.ScheduledThreadPoolExecutor$DelayedWorkQueue.take(ScheduledThreadPoolExecutor.java:1093)
        at java.util.concurrent.ScheduledThreadPoolExecutor$DelayedWorkQueue.take(ScheduledThreadPoolExecutor.java:809)
        at java.util.concurrent.ThreadPoolExecutor.getTask(ThreadPoolExecutor.java:1074)
        at java.util.concurrent.ThreadPoolExecutor.runWorker(ThreadPoolExecutor.java:1134)
        at java.util.concurrent.ThreadPoolExecutor$Worker.run(ThreadPoolExecutor.java:624)
        at java.lang.Thread.run(Thread.java:750)
"IPC Server handler 70 on default port 15002" daemon prio=5 tid=324 timed_waiting
java.lang.Thread.State: TIMED_WAITING
        at sun.misc.Unsafe.park(Native Method)
        at java.util.concurrent.locks.LockSupport.parkNanos(LockSupport.java:215)
        at java.util.concurrent.locks.AbstractQueuedSynchronizer$ConditionObject.awaitNanos(AbstractQueuedSynchronizer.java:2078)
        at java.util.concurrent.LinkedBlockingQueue.poll(LinkedBlockingQueue.java:467)
        at org.apache.hadoop.ipc.CallQueueManager.take(CallQueueManager.java:317)
        at org.apache.hadoop.ipc.Server$Handler.run(Server.java:3014)
"IPC Server handler 75 on default port 15001" daemon prio=5 tid=229 timed_waiting
java.lang.Thread.State: TIMED_WAITING
        at sun.misc.Unsafe.park(Native Method)
        at java.util.concurrent.locks.LockSupport.parkNanos(LockSupport.java:215)
        at java.util.concurrent.locks.AbstractQueuedSynchronizer$ConditionObject.awaitNanos(AbstractQueuedSynchronizer.java:2078)
        at java.util.concurrent.LinkedBlockingQueue.poll(LinkedBlockingQueue.java:467)
        at org.apache.hadoop.ipc.CallQueueManager.take(CallQueueManager.java:317)
        at org.apache.hadoop.ipc.Server$Handler.run(Server.java:3014)
"qtp480886755-496-acceptor-0@4489f42-ServerConnector@70077a14{HTTP/1.1, (http/1.1)}{0.0.0.0:15027}" daemon prio=3 tid=496 runnable
java.lang.Thread.State: RUNNABLE
        at sun.nio.ch.ServerSocketChannelImpl.accept0(Native Method)
        at sun.nio.ch.ServerSocketChannelImpl.accept(ServerSocketChannelImpl.java:421)
        at sun.nio.ch.ServerSocketChannelImpl.accept(ServerSocketChannelImpl.java:249)
        at org.eclipse.jetty.server.ServerConnector.accept(ServerConnector.java:388)
        at org.eclipse.jetty.server.AbstractConnector$Acceptor.run(AbstractConnector.java:704)
        at org.eclipse.jetty.util.thread.QueuedThreadPool.runJob(QueuedThreadPool.java:883)
        at org.eclipse.jetty.util.thread.QueuedThreadPool$Runner.run(QueuedThreadPool.java:1034)
        at java.lang.Thread.run(Thread.java:750)
"e46a6e51-795f-4801-a523-c45a6c7f2c34-PeriodicHDDSVolumeChecker" daemon prio=5 tid=720 timed_waiting
java.lang.Thread.State: TIMED_WAITING
        at sun.misc.Unsafe.park(Native Method)
        at java.util.concurrent.locks.LockSupport.parkNanos(LockSupport.java:215)
        at java.util.concurrent.locks.AbstractQueuedSynchronizer$ConditionObject.awaitNanos(AbstractQueuedSynchronizer.java:2078)
        at java.util.concurrent.ScheduledThreadPoolExecutor$DelayedWorkQueue.take(ScheduledThreadPoolExecutor.java:1093)
        at java.util.concurrent.ScheduledThreadPoolExecutor$DelayedWorkQueue.take(ScheduledThreadPoolExecutor.java:809)
        at java.util.concurrent.ThreadPoolExecutor.getTask(ThreadPoolExecutor.java:1074)
        at java.util.concurrent.ThreadPoolExecutor.runWorker(ThreadPoolExecutor.java:1134)
        at java.util.concurrent.ThreadPoolExecutor$Worker.run(ThreadPoolExecutor.java:624)
        at java.lang.Thread.run(Thread.java:750)
"IPC Server handler 9 on default port 15002" daemon prio=5 tid=263 timed_waiting
java.lang.Thread.State: TIMED_WAITING
        at sun.misc.Unsafe.park(Native Method)
        at java.util.concurrent.locks.LockSupport.parkNanos(LockSupport.java:215)
        at java.util.concurrent.locks.AbstractQueuedSynchronizer$ConditionObject.awaitNanos(AbstractQueuedSynchronizer.java:2078)
        at java.util.concurrent.LinkedBlockingQueue.poll(LinkedBlockingQueue.java:467)
        at org.apache.hadoop.ipc.CallQueueManager.take(CallQueueManager.java:317)
        at org.apache.hadoop.ipc.Server$Handler.run(Server.java:3014)
"e46a6e51-795f-4801-a523-c45a6c7f2c34-PipelineCommandHandlerThread-0"  prio=5 tid=889 in Object.wait()
java.lang.Thread.State: WAITING (on object monitor)
        at sun.misc.Unsafe.park(Native Method)
        at java.util.concurrent.locks.LockSupport.park(LockSupport.java:175)
        at java.util.concurrent.locks.AbstractQueuedSynchronizer$ConditionObject.await(AbstractQueuedSynchronizer.java:2039)
        at java.util.concurrent.LinkedBlockingQueue.take(LinkedBlockingQueue.java:442)
        at java.util.concurrent.ThreadPoolExecutor.getTask(ThreadPoolExecutor.java:1074)
        at java.util.concurrent.ThreadPoolExecutor.runWorker(ThreadPoolExecutor.java:1134)
        at java.util.concurrent.ThreadPoolExecutor$Worker.run(ThreadPoolExecutor.java:624)
        at java.lang.Thread.run(Thread.java:750)
"StaleRecoveringContainerScrubbingService#0" daemon prio=5 tid=826 in Object.wait()
java.lang.Thread.State: WAITING (on object monitor)
        at sun.misc.Unsafe.park(Native Method)
        at java.util.concurrent.locks.LockSupport.park(LockSupport.java:175)
        at java.util.concurrent.locks.AbstractQueuedSynchronizer$ConditionObject.await(AbstractQueuedSynchronizer.java:2039)
        at java.util.concurrent.ScheduledThreadPoolExecutor$DelayedWorkQueue.take(ScheduledThreadPoolExecutor.java:1088)
        at java.util.concurrent.ScheduledThreadPoolExecutor$DelayedWorkQueue.take(ScheduledThreadPoolExecutor.java:809)
        at java.util.concurrent.ThreadPoolExecutor.getTask(ThreadPoolExecutor.java:1074)
        at java.util.concurrent.ThreadPoolExecutor.runWorker(ThreadPoolExecutor.java:1134)
        at java.util.concurrent.ThreadPoolExecutor$Worker.run(ThreadPoolExecutor.java:624)
        at java.lang.Thread.run(Thread.java:750)
"qtp1920737969-668" daemon prio=5 tid=668 timed_waiting
java.lang.Thread.State: TIMED_WAITING
        at sun.misc.Unsafe.park(Native Method)
        at java.util.concurrent.locks.LockSupport.parkNanos(LockSupport.java:215)
        at java.util.concurrent.locks.AbstractQueuedSynchronizer$ConditionObject.awaitNanos(AbstractQueuedSynchronizer.java:2078)
        at org.eclipse.jetty.util.BlockingArrayQueue.poll(BlockingArrayQueue.java:382)
        at org.eclipse.jetty.util.thread.QueuedThreadPool$Runner.idleJobPoll(QueuedThreadPool.java:974)
        at org.eclipse.jetty.util.thread.QueuedThreadPool$Runner.run(QueuedThreadPool.java:1018)
        at java.lang.Thread.run(Thread.java:750)
"IPC Server handler 96 on default port 15001" daemon prio=5 tid=250 timed_waiting
java.lang.Thread.State: TIMED_WAITING
        at sun.misc.Unsafe.park(Native Method)
        at java.util.concurrent.locks.LockSupport.parkNanos(LockSupport.java:215)
        at java.util.concurrent.locks.AbstractQueuedSynchronizer$ConditionObject.awaitNanos(AbstractQueuedSynchronizer.java:2078)
        at java.util.concurrent.LinkedBlockingQueue.poll(LinkedBlockingQueue.java:467)
        at org.apache.hadoop.ipc.CallQueueManager.take(CallQueueManager.java:317)
        at org.apache.hadoop.ipc.Server$Handler.run(Server.java:3014)
"IPC Server handler 33 on default port 15001" daemon prio=5 tid=187 timed_waiting
java.lang.Thread.State: TIMED_WAITING
        at sun.misc.Unsafe.park(Native Method)
        at java.util.concurrent.locks.LockSupport.parkNanos(LockSupport.java:215)
        at java.util.concurrent.locks.AbstractQueuedSynchronizer$ConditionObject.awaitNanos(AbstractQueuedSynchronizer.java:2078)
        at java.util.concurrent.LinkedBlockingQueue.poll(LinkedBlockingQueue.java:467)
        at org.apache.hadoop.ipc.CallQueueManager.take(CallQueueManager.java:317)
        at org.apache.hadoop.ipc.Server$Handler.run(Server.java:3014)
"IPC Server handler 39 on default port 15000" daemon prio=5 tid=93 timed_waiting
java.lang.Thread.State: TIMED_WAITING
        at sun.misc.Unsafe.park(Native Method)
        at java.util.concurrent.locks.LockSupport.parkNanos(LockSupport.java:215)
        at java.util.concurrent.locks.AbstractQueuedSynchronizer$ConditionObject.awaitNanos(AbstractQueuedSynchronizer.java:2078)
        at java.util.concurrent.LinkedBlockingQueue.poll(LinkedBlockingQueue.java:467)
        at org.apache.hadoop.ipc.CallQueueManager.take(CallQueueManager.java:317)
        at org.apache.hadoop.ipc.Server$Handler.run(Server.java:3014)
"pool-222-thread-1" daemon prio=5 tid=818 timed_waiting
java.lang.Thread.State: TIMED_WAITING
        at sun.misc.Unsafe.park(Native Method)
        at java.util.concurrent.locks.LockSupport.parkNanos(LockSupport.java:215)
        at java.util.concurrent.locks.AbstractQueuedSynchronizer$ConditionObject.awaitNanos(AbstractQueuedSynchronizer.java:2078)
        at java.util.concurrent.ScheduledThreadPoolExecutor$DelayedWorkQueue.take(ScheduledThreadPoolExecutor.java:1093)
        at java.util.concurrent.ScheduledThreadPoolExecutor$DelayedWorkQueue.take(ScheduledThreadPoolExecutor.java:809)
        at java.util.concurrent.ThreadPoolExecutor.getTask(ThreadPoolExecutor.java:1074)
        at java.util.concurrent.ThreadPoolExecutor.runWorker(ThreadPoolExecutor.java:1134)
        at java.util.concurrent.ThreadPoolExecutor$Worker.run(ThreadPoolExecutor.java:624)
        at java.lang.Thread.run(Thread.java:750)
"IPC Server handler 78 on default port 15000" daemon prio=5 tid=132 timed_waiting
java.lang.Thread.State: TIMED_WAITING
        at sun.misc.Unsafe.park(Native Method)
        at java.util.concurrent.locks.LockSupport.parkNanos(LockSupport.java:215)
        at java.util.concurrent.locks.AbstractQueuedSynchronizer$ConditionObject.awaitNanos(AbstractQueuedSynchronizer.java:2078)
        at java.util.concurrent.LinkedBlockingQueue.poll(LinkedBlockingQueue.java:467)
        at org.apache.hadoop.ipc.CallQueueManager.take(CallQueueManager.java:317)
        at org.apache.hadoop.ipc.Server$Handler.run(Server.java:3014)
"78f89d9b-e409-4704-890b-bfcfbcdfd28a@group-8820B9A2DC65-StateMachineUpdater" daemon prio=5 tid=1292 timed_waiting
java.lang.Thread.State: TIMED_WAITING
        at sun.misc.Unsafe.park(Native Method)
        at java.util.concurrent.locks.LockSupport.parkNanos(LockSupport.java:215)
        at java.util.concurrent.locks.AbstractQueuedSynchronizer$ConditionObject.await(AbstractQueuedSynchronizer.java:2163)
        at org.apache.ratis.util.AwaitForSignal.await(AwaitForSignal.java:65)
        at org.apache.ratis.server.impl.StateMachineUpdater.waitForCommit(StateMachineUpdater.java:211)
        at org.apache.ratis.server.impl.StateMachineUpdater.run(StateMachineUpdater.java:180)
        at java.lang.Thread.run(Thread.java:750)
"d25dc3b0-28fc-4383-b1a0-617845025f41-ChunkReader-4" daemon prio=5 tid=2380 in Object.wait()
java.lang.Thread.State: WAITING (on object monitor)
        at sun.misc.Unsafe.park(Native Method)
        at java.util.concurrent.locks.LockSupport.park(LockSupport.java:175)
        at java.util.concurrent.locks.AbstractQueuedSynchronizer$ConditionObject.await(AbstractQueuedSynchronizer.java:2039)
        at java.util.concurrent.LinkedBlockingQueue.take(LinkedBlockingQueue.java:442)
        at java.util.concurrent.ThreadPoolExecutor.getTask(ThreadPoolExecutor.java:1074)
        at java.util.concurrent.ThreadPoolExecutor.runWorker(ThreadPoolExecutor.java:1134)
        at java.util.concurrent.ThreadPoolExecutor$Worker.run(ThreadPoolExecutor.java:624)
        at java.lang.Thread.run(Thread.java:750)
"IPC Server handler 17 on default port 15004" daemon prio=5 tid=429 timed_waiting
java.lang.Thread.State: TIMED_WAITING
        at sun.misc.Unsafe.park(Native Method)
        at java.util.concurrent.locks.LockSupport.parkNanos(LockSupport.java:215)
        at java.util.concurrent.locks.AbstractQueuedSynchronizer$ConditionObject.awaitNanos(AbstractQueuedSynchronizer.java:2078)
        at java.util.concurrent.LinkedBlockingQueue.poll(LinkedBlockingQueue.java:467)
        at org.apache.hadoop.ipc.CallQueueManager.take(CallQueueManager.java:317)
        at org.apache.hadoop.ipc.Server$Handler.run(Server.java:3014)
"78f89d9b-e409-4704-890b-bfcfbcdfd28a@group-17BC54520CE5-SegmentedRaftLogWorker"  prio=5 tid=1321 timed_waiting
java.lang.Thread.State: TIMED_WAITING
        at sun.misc.Unsafe.park(Native Method)
        at java.util.concurrent.locks.LockSupport.parkNanos(LockSupport.java:215)
        at java.util.concurrent.locks.AbstractQueuedSynchronizer$ConditionObject.awaitNanos(AbstractQueuedSynchronizer.java:2078)
        at org.apache.ratis.util.DataBlockingQueue.poll(DataBlockingQueue.java:148)
        at org.apache.ratis.server.raftlog.segmented.SegmentedRaftLogWorker.run(SegmentedRaftLogWorker.java:299)
        at org.apache.ratis.server.raftlog.segmented.SegmentedRaftLogWorker$$Lambda$913/1052546256.run(Unknown Source)
        at java.util.concurrent.Executors$RunnableAdapter.call(Executors.java:511)
        at java.util.concurrent.FutureTask.run(FutureTask.java:266)
        at java.util.concurrent.ThreadPoolExecutor.runWorker(ThreadPoolExecutor.java:1149)
        at java.util.concurrent.ThreadPoolExecutor$Worker.run(ThreadPoolExecutor.java:624)
        at java.lang.Thread.run(Thread.java:750)
"4e8f68d6-fd98-4f77-87e3-715939181693-BlockDeletingService#0" daemon prio=5 tid=777 timed_waiting
java.lang.Thread.State: TIMED_WAITING
        at sun.misc.Unsafe.park(Native Method)
        at java.util.concurrent.locks.LockSupport.parkNanos(LockSupport.java:215)
        at java.util.concurrent.locks.AbstractQueuedSynchronizer$ConditionObject.awaitNanos(AbstractQueuedSynchronizer.java:2078)
        at java.util.concurrent.ScheduledThreadPoolExecutor$DelayedWorkQueue.take(ScheduledThreadPoolExecutor.java:1093)
        at java.util.concurrent.ScheduledThreadPoolExecutor$DelayedWorkQueue.take(ScheduledThreadPoolExecutor.java:809)
        at java.util.concurrent.ThreadPoolExecutor.getTask(ThreadPoolExecutor.java:1074)
        at java.util.concurrent.ThreadPoolExecutor.runWorker(ThreadPoolExecutor.java:1134)
        at java.util.concurrent.ThreadPoolExecutor$Worker.run(ThreadPoolExecutor.java:624)
        at java.lang.Thread.run(Thread.java:750)
"78f89d9b-e409-4704-890b-bfcfbcdfd28a@group-8820B9A2DC65-FollowerState" daemon prio=5 tid=1787 timed_waiting
java.lang.Thread.State: TIMED_WAITING
        at java.lang.Thread.sleep(Native Method)
        at java.lang.Thread.sleep(Thread.java:342)
        at java.util.concurrent.TimeUnit.sleep(TimeUnit.java:386)
        at org.apache.ratis.util.TimeDuration.sleep(TimeDuration.java:353)
        at org.apache.ratis.util.TimeDuration.sleep(TimeDuration.java:338)
        at org.apache.ratis.server.impl.FollowerState.run(FollowerState.java:128)
"dc26353c-d48a-467d-89cd-3a7c4b626396-server-thread2" daemon prio=5 tid=1584 timed_waiting
java.lang.Thread.State: TIMED_WAITING
        at sun.misc.Unsafe.park(Native Method)
        at java.util.concurrent.locks.LockSupport.parkNanos(LockSupport.java:215)
        at java.util.concurrent.SynchronousQueue$TransferStack.awaitFulfill(SynchronousQueue.java:460)
        at java.util.concurrent.SynchronousQueue$TransferStack.transfer(SynchronousQueue.java:362)
        at java.util.concurrent.SynchronousQueue.poll(SynchronousQueue.java:941)
        at java.util.concurrent.ThreadPoolExecutor.getTask(ThreadPoolExecutor.java:1073)
        at java.util.concurrent.ThreadPoolExecutor.runWorker(ThreadPoolExecutor.java:1134)
        at java.util.concurrent.ThreadPoolExecutor$Worker.run(ThreadPoolExecutor.java:624)
        at java.lang.Thread.run(Thread.java:750)
"IPC Server handler 82 on default port 15000" daemon prio=5 tid=136 timed_waiting
java.lang.Thread.State: TIMED_WAITING
        at sun.misc.Unsafe.park(Native Method)
        at java.util.concurrent.locks.LockSupport.parkNanos(LockSupport.java:215)
        at java.util.concurrent.locks.AbstractQueuedSynchronizer$ConditionObject.awaitNanos(AbstractQueuedSynchronizer.java:2078)
        at java.util.concurrent.LinkedBlockingQueue.poll(LinkedBlockingQueue.java:467)
        at org.apache.hadoop.ipc.CallQueueManager.take(CallQueueManager.java:317)
        at org.apache.hadoop.ipc.Server$Handler.run(Server.java:3014)
"c30fedce-f286-40e0-881d-3d5a9a6e2463-ChunkReader-4" daemon prio=5 tid=1682 in Object.wait()
java.lang.Thread.State: WAITING (on object monitor)
        at sun.misc.Unsafe.park(Native Method)
        at java.util.concurrent.locks.LockSupport.park(LockSupport.java:175)
        at java.util.concurrent.locks.AbstractQueuedSynchronizer$ConditionObject.await(AbstractQueuedSynchronizer.java:2039)
        at java.util.concurrent.LinkedBlockingQueue.take(LinkedBlockingQueue.java:442)
        at java.util.concurrent.ThreadPoolExecutor.getTask(ThreadPoolExecutor.java:1074)
        at java.util.concurrent.ThreadPoolExecutor.runWorker(ThreadPoolExecutor.java:1134)
        at java.util.concurrent.ThreadPoolExecutor$Worker.run(ThreadPoolExecutor.java:624)
        at java.lang.Thread.run(Thread.java:750)
"dc26353c-d48a-467d-89cd-3a7c4b626396-DatanodeStateMachineTaskThread-1"  prio=5 tid=781 in Object.wait()
java.lang.Thread.State: WAITING (on object monitor)
        at sun.misc.Unsafe.park(Native Method)
        at java.util.concurrent.locks.LockSupport.park(LockSupport.java:175)
        at java.util.concurrent.locks.AbstractQueuedSynchronizer$ConditionObject.await(AbstractQueuedSynchronizer.java:2039)
        at java.util.concurrent.LinkedBlockingQueue.take(LinkedBlockingQueue.java:442)
        at java.util.concurrent.ThreadPoolExecutor.getTask(ThreadPoolExecutor.java:1074)
        at java.util.concurrent.ThreadPoolExecutor.runWorker(ThreadPoolExecutor.java:1134)
        at java.util.concurrent.ThreadPoolExecutor$Worker.run(ThreadPoolExecutor.java:624)
        at java.lang.Thread.run(Thread.java:750)
"Hadoop-Metrics-Updater-0" daemon prio=5 tid=705 timed_waiting
java.lang.Thread.State: TIMED_WAITING
        at sun.misc.Unsafe.park(Native Method)
        at java.util.concurrent.locks.LockSupport.parkNanos(LockSupport.java:215)
        at java.util.concurrent.locks.AbstractQueuedSynchronizer$ConditionObject.awaitNanos(AbstractQueuedSynchronizer.java:2078)
        at java.util.concurrent.ScheduledThreadPoolExecutor$DelayedWorkQueue.take(ScheduledThreadPoolExecutor.java:1093)
        at java.util.concurrent.ScheduledThreadPoolExecutor$DelayedWorkQueue.take(ScheduledThreadPoolExecutor.java:809)
        at java.util.concurrent.ThreadPoolExecutor.getTask(ThreadPoolExecutor.java:1074)
        at java.util.concurrent.ThreadPoolExecutor.runWorker(ThreadPoolExecutor.java:1134)
        at java.util.concurrent.ThreadPoolExecutor$Worker.run(ThreadPoolExecutor.java:624)
        at java.lang.Thread.run(Thread.java:750)
"IPC Server handler 90 on default port 15001" daemon prio=5 tid=244 timed_waiting
java.lang.Thread.State: TIMED_WAITING
        at sun.misc.Unsafe.park(Native Method)
        at java.util.concurrent.locks.LockSupport.parkNanos(LockSupport.java:215)
        at java.util.concurrent.locks.AbstractQueuedSynchronizer$ConditionObject.awaitNanos(AbstractQueuedSynchronizer.java:2078)
        at java.util.concurrent.LinkedBlockingQueue.poll(LinkedBlockingQueue.java:467)
        at org.apache.hadoop.ipc.CallQueueManager.take(CallQueueManager.java:317)
        at org.apache.hadoop.ipc.Server$Handler.run(Server.java:3014)
"JvmPauseMonitor4" daemon prio=5 tid=759 timed_waiting
java.lang.Thread.State: TIMED_WAITING
        at java.lang.Thread.sleep(Native Method)
        at java.lang.Thread.sleep(Thread.java:342)
        at java.util.concurrent.TimeUnit.sleep(TimeUnit.java:386)
        at org.apache.ratis.util.TimeDuration.sleep(TimeDuration.java:353)
        at org.apache.ratis.util.TimeDuration.sleep(TimeDuration.java:338)
        at org.apache.ratis.util.JvmPauseMonitor.detectPause(JvmPauseMonitor.java:160)
        at org.apache.ratis.util.JvmPauseMonitor.run(JvmPauseMonitor.java:149)
        at org.apache.ratis.util.JvmPauseMonitor$$Lambda$549/1343642221.run(Unknown Source)
        at java.lang.Thread.run(Thread.java:750)
"4e8f68d6-fd98-4f77-87e3-715939181693-ChunkWriter-1-0" daemon prio=5 tid=772 in Object.wait()
java.lang.Thread.State: WAITING (on object monitor)
        at sun.misc.Unsafe.park(Native Method)
        at java.util.concurrent.locks.LockSupport.park(LockSupport.java:175)
        at java.util.concurrent.locks.AbstractQueuedSynchronizer$ConditionObject.await(AbstractQueuedSynchronizer.java:2039)
        at java.util.concurrent.LinkedBlockingDeque.takeFirst(LinkedBlockingDeque.java:492)
        at java.util.concurrent.LinkedBlockingDeque.take(LinkedBlockingDeque.java:680)
        at java.util.concurrent.ThreadPoolExecutor.getTask(ThreadPoolExecutor.java:1074)
        at java.util.concurrent.ThreadPoolExecutor.runWorker(ThreadPoolExecutor.java:1134)
        at java.util.concurrent.ThreadPoolExecutor$Worker.run(ThreadPoolExecutor.java:624)
        at java.lang.Thread.run(Thread.java:750)
"4e8f68d6-fd98-4f77-87e3-715939181693-BlockDeletingService#2" daemon prio=5 tid=2355 in Object.wait()
java.lang.Thread.State: WAITING (on object monitor)
        at sun.misc.Unsafe.park(Native Method)
        at java.util.concurrent.locks.LockSupport.park(LockSupport.java:175)
        at java.util.concurrent.locks.AbstractQueuedSynchronizer$ConditionObject.await(AbstractQueuedSynchronizer.java:2039)
        at java.util.concurrent.ScheduledThreadPoolExecutor$DelayedWorkQueue.take(ScheduledThreadPoolExecutor.java:1088)
        at java.util.concurrent.ScheduledThreadPoolExecutor$DelayedWorkQueue.take(ScheduledThreadPoolExecutor.java:809)
        at java.util.concurrent.ThreadPoolExecutor.getTask(ThreadPoolExecutor.java:1074)
        at java.util.concurrent.ThreadPoolExecutor.runWorker(ThreadPoolExecutor.java:1134)
        at java.util.concurrent.ThreadPoolExecutor$Worker.run(ThreadPoolExecutor.java:624)
        at java.lang.Thread.run(Thread.java:750)
"d25dc3b0-28fc-4383-b1a0-617845025f41@group-C38389527FEF-StateMachineUpdater" daemon prio=5 tid=917 timed_waiting
java.lang.Thread.State: TIMED_WAITING
        at sun.misc.Unsafe.park(Native Method)
        at java.util.concurrent.locks.LockSupport.parkNanos(LockSupport.java:215)
        at java.util.concurrent.locks.AbstractQueuedSynchronizer$ConditionObject.await(AbstractQueuedSynchronizer.java:2163)
        at org.apache.ratis.util.AwaitForSignal.await(AwaitForSignal.java:65)
        at org.apache.ratis.server.impl.StateMachineUpdater.waitForCommit(StateMachineUpdater.java:211)
        at org.apache.ratis.server.impl.StateMachineUpdater.run(StateMachineUpdater.java:180)
        at java.lang.Thread.run(Thread.java:750)
"pool-272-thread-1" daemon prio=5 tid=850 timed_waiting
java.lang.Thread.State: TIMED_WAITING
        at sun.misc.Unsafe.park(Native Method)
        at java.util.concurrent.locks.LockSupport.parkNanos(LockSupport.java:215)
        at java.util.concurrent.locks.AbstractQueuedSynchronizer$ConditionObject.awaitNanos(AbstractQueuedSynchronizer.java:2078)
        at java.util.concurrent.ScheduledThreadPoolExecutor$DelayedWorkQueue.take(ScheduledThreadPoolExecutor.java:1093)
        at java.util.concurrent.ScheduledThreadPoolExecutor$DelayedWorkQueue.take(ScheduledThreadPoolExecutor.java:809)
        at java.util.concurrent.ThreadPoolExecutor.getTask(ThreadPoolExecutor.java:1074)
        at java.util.concurrent.ThreadPoolExecutor.runWorker(ThreadPoolExecutor.java:1134)
        at java.util.concurrent.ThreadPoolExecutor$Worker.run(ThreadPoolExecutor.java:624)
        at java.lang.Thread.run(Thread.java:750)
"d25dc3b0-28fc-4383-b1a0-617845025f41-ChunkWriter-2-0" daemon prio=5 tid=757 in Object.wait()
java.lang.Thread.State: WAITING (on object monitor)
        at sun.misc.Unsafe.park(Native Method)
        at java.util.concurrent.locks.LockSupport.park(LockSupport.java:175)
        at java.util.concurrent.locks.AbstractQueuedSynchronizer$ConditionObject.await(AbstractQueuedSynchronizer.java:2039)
        at java.util.concurrent.LinkedBlockingDeque.takeFirst(LinkedBlockingDeque.java:492)
        at java.util.concurrent.LinkedBlockingDeque.take(LinkedBlockingDeque.java:680)
        at java.util.concurrent.ThreadPoolExecutor.getTask(ThreadPoolExecutor.java:1074)
        at java.util.concurrent.ThreadPoolExecutor.runWorker(ThreadPoolExecutor.java:1134)
        at java.util.concurrent.ThreadPoolExecutor$Worker.run(ThreadPoolExecutor.java:624)
        at java.lang.Thread.run(Thread.java:750)
"UnderReplicatedProcessor" daemon prio=5 tid=2338 timed_waiting
java.lang.Thread.State: TIMED_WAITING
        at java.lang.Object.wait(Native Method)
        at org.apache.hadoop.hdds.scm.container.replication.UnhealthyReplicationProcessor.run(UnhealthyReplicationProcessor.java:174)
        at java.lang.Thread.run(Thread.java:750)
"IPC Server handler 10 on default port 15002" daemon prio=5 tid=264 timed_waiting
java.lang.Thread.State: TIMED_WAITING
        at sun.misc.Unsafe.park(Native Method)
        at java.util.concurrent.locks.LockSupport.parkNanos(LockSupport.java:215)
        at java.util.concurrent.locks.AbstractQueuedSynchronizer$ConditionObject.awaitNanos(AbstractQueuedSynchronizer.java:2078)
        at java.util.concurrent.LinkedBlockingQueue.poll(LinkedBlockingQueue.java:467)
        at org.apache.hadoop.ipc.CallQueueManager.take(CallQueueManager.java:317)
        at org.apache.hadoop.ipc.Server$Handler.run(Server.java:3014)
"86ab988c-fa9c-425d-a1c6-9004ff7fd93d@group-1944BBB8D763->e780b093-7242-46d7-bd8f-0f810188c7b3-GrpcLogAppender-LogAppenderDaemon" daemon prio=5 tid=1845 timed_waiting
java.lang.Thread.State: TIMED_WAITING
        at sun.misc.Unsafe.park(Native Method)
        at java.util.concurrent.locks.LockSupport.parkNanos(LockSupport.java:215)
        at java.util.concurrent.locks.AbstractQueuedSynchronizer$ConditionObject.await(AbstractQueuedSynchronizer.java:2163)
        at org.apache.ratis.util.AwaitForSignal.await(AwaitForSignal.java:65)
        at org.apache.ratis.grpc.server.GrpcLogAppender.mayWait(GrpcLogAppender.java:286)
        at org.apache.ratis.grpc.server.GrpcLogAppender.run(GrpcLogAppender.java:254)
        at org.apache.ratis.server.leader.LogAppenderDaemon.run(LogAppenderDaemon.java:80)
        at org.apache.ratis.server.leader.LogAppenderDaemon$$Lambda$1370/616798254.run(Unknown Source)
        at java.lang.Thread.run(Thread.java:750)
"qtp122073438-2046" daemon prio=5 tid=2046 runnable
java.lang.Thread.State: RUNNABLE
        at sun.nio.ch.EPollArrayWrapper.epollWait(Native Method)
        at sun.nio.ch.EPollArrayWrapper.poll(EPollArrayWrapper.java:269)
        at sun.nio.ch.EPollSelectorImpl.doSelect(EPollSelectorImpl.java:93)
        at sun.nio.ch.SelectorImpl.lockAndDoSelect(SelectorImpl.java:86)
        at sun.nio.ch.SelectorImpl.select(SelectorImpl.java:97)
        at sun.nio.ch.SelectorImpl.select(SelectorImpl.java:101)
        at org.eclipse.jetty.io.ManagedSelector.nioSelect(ManagedSelector.java:183)
        at org.eclipse.jetty.io.ManagedSelector.select(ManagedSelector.java:190)
        at org.eclipse.jetty.io.ManagedSelector$SelectorProducer.select(ManagedSelector.java:606)
        at org.eclipse.jetty.io.ManagedSelector$SelectorProducer.produce(ManagedSelector.java:543)
        at org.eclipse.jetty.util.thread.strategy.EatWhatYouKill.produceTask(EatWhatYouKill.java:362)
        at org.eclipse.jetty.util.thread.strategy.EatWhatYouKill.doProduce(EatWhatYouKill.java:186)
        at org.eclipse.jetty.util.thread.strategy.EatWhatYouKill.tryProduce(EatWhatYouKill.java:173)
        at org.eclipse.jetty.util.thread.strategy.EatWhatYouKill.produce(EatWhatYouKill.java:137)
        at org.eclipse.jetty.io.ManagedSelector$$Lambda$589/284576707.run(Unknown Source)
        at org.eclipse.jetty.util.thread.QueuedThreadPool.runJob(QueuedThreadPool.java:883)
        at org.eclipse.jetty.util.thread.QueuedThreadPool$Runner.run(QueuedThreadPool.java:1034)
        at java.lang.Thread.run(Thread.java:750)
"Socket Reader #1 for port 15082"  prio=5 tid=674 runnable
java.lang.Thread.State: RUNNABLE
        at sun.nio.ch.EPollArrayWrapper.epollWait(Native Method)
        at sun.nio.ch.EPollArrayWrapper.poll(EPollArrayWrapper.java:269)
        at sun.nio.ch.EPollSelectorImpl.doSelect(EPollSelectorImpl.java:93)
        at sun.nio.ch.SelectorImpl.lockAndDoSelect(SelectorImpl.java:86)
        at sun.nio.ch.SelectorImpl.select(SelectorImpl.java:97)
        at sun.nio.ch.SelectorImpl.select(SelectorImpl.java:101)
        at org.apache.hadoop.ipc.Server$Listener$Reader.doRunLoop(Server.java:1346)
        at org.apache.hadoop.ipc.Server$Listener$Reader.run(Server.java:1325)
"IPC Server Responder" daemon prio=5 tid=592 runnable
java.lang.Thread.State: RUNNABLE
        at sun.nio.ch.EPollArrayWrapper.epollWait(Native Method)
        at sun.nio.ch.EPollArrayWrapper.poll(EPollArrayWrapper.java:269)
        at sun.nio.ch.EPollSelectorImpl.doSelect(EPollSelectorImpl.java:93)
        at sun.nio.ch.SelectorImpl.lockAndDoSelect(SelectorImpl.java:86)
        at sun.nio.ch.SelectorImpl.select(SelectorImpl.java:97)
        at org.apache.hadoop.ipc.Server$Responder.doRunLoop(Server.java:1582)
        at org.apache.hadoop.ipc.Server$Responder.run(Server.java:1565)
"StaleRecoveringContainerScrubbingService#3" daemon prio=5 tid=2332 in Object.wait()
java.lang.Thread.State: WAITING (on object monitor)
        at sun.misc.Unsafe.park(Native Method)
        at java.util.concurrent.locks.LockSupport.park(LockSupport.java:175)
        at java.util.concurrent.locks.AbstractQueuedSynchronizer$ConditionObject.await(AbstractQueuedSynchronizer.java:2039)
        at java.util.concurrent.ScheduledThreadPoolExecutor$DelayedWorkQueue.take(ScheduledThreadPoolExecutor.java:1088)
        at java.util.concurrent.ScheduledThreadPoolExecutor$DelayedWorkQueue.take(ScheduledThreadPoolExecutor.java:809)
        at java.util.concurrent.ThreadPoolExecutor.getTask(ThreadPoolExecutor.java:1074)
        at java.util.concurrent.ThreadPoolExecutor.runWorker(ThreadPoolExecutor.java:1134)
        at java.util.concurrent.ThreadPoolExecutor$Worker.run(ThreadPoolExecutor.java:624)
        at java.lang.Thread.run(Thread.java:750)
"IPC Server handler 59 on default port 15000" daemon prio=5 tid=113 timed_waiting
java.lang.Thread.State: TIMED_WAITING
        at sun.misc.Unsafe.park(Native Method)
        at java.util.concurrent.locks.LockSupport.parkNanos(LockSupport.java:215)
        at java.util.concurrent.locks.AbstractQueuedSynchronizer$ConditionObject.awaitNanos(AbstractQueuedSynchronizer.java:2078)
        at java.util.concurrent.LinkedBlockingQueue.poll(LinkedBlockingQueue.java:467)
        at org.apache.hadoop.ipc.CallQueueManager.take(CallQueueManager.java:317)
        at org.apache.hadoop.ipc.Server$Handler.run(Server.java:3014)
"StaleRecoveringContainerScrubbingService#3" daemon prio=5 tid=2002 in Object.wait()
java.lang.Thread.State: WAITING (on object monitor)
        at sun.misc.Unsafe.park(Native Method)
        at java.util.concurrent.locks.LockSupport.park(LockSupport.java:175)
        at java.util.concurrent.locks.AbstractQueuedSynchronizer$ConditionObject.await(AbstractQueuedSynchronizer.java:2039)
        at java.util.concurrent.ScheduledThreadPoolExecutor$DelayedWorkQueue.take(ScheduledThreadPoolExecutor.java:1088)
        at java.util.concurrent.ScheduledThreadPoolExecutor$DelayedWorkQueue.take(ScheduledThreadPoolExecutor.java:809)
        at java.util.concurrent.ThreadPoolExecutor.getTask(ThreadPoolExecutor.java:1074)
        at java.util.concurrent.ThreadPoolExecutor.runWorker(ThreadPoolExecutor.java:1134)
        at java.util.concurrent.ThreadPoolExecutor$Worker.run(ThreadPoolExecutor.java:624)
        at java.lang.Thread.run(Thread.java:750)
"13f92446-3b18-4d81-bc66-0f9b00220e72-ChunkWriter-2-0" daemon prio=5 tid=2076 in Object.wait()
java.lang.Thread.State: WAITING (on object monitor)
        at sun.misc.Unsafe.park(Native Method)
        at java.util.concurrent.locks.LockSupport.park(LockSupport.java:175)
        at java.util.concurrent.locks.AbstractQueuedSynchronizer$ConditionObject.await(AbstractQueuedSynchronizer.java:2039)
        at java.util.concurrent.LinkedBlockingDeque.takeFirst(LinkedBlockingDeque.java:492)
        at java.util.concurrent.LinkedBlockingDeque.take(LinkedBlockingDeque.java:680)
        at java.util.concurrent.ThreadPoolExecutor.getTask(ThreadPoolExecutor.java:1074)
        at java.util.concurrent.ThreadPoolExecutor.runWorker(ThreadPoolExecutor.java:1134)
        at java.util.concurrent.ThreadPoolExecutor$Worker.run(ThreadPoolExecutor.java:624)
        at java.lang.Thread.run(Thread.java:750)
"78f89d9b-e409-4704-890b-bfcfbcdfd28a-server-thread2" daemon prio=5 tid=1788 timed_waiting
java.lang.Thread.State: TIMED_WAITING
        at sun.misc.Unsafe.park(Native Method)
        at java.util.concurrent.locks.LockSupport.parkNanos(LockSupport.java:215)
        at java.util.concurrent.SynchronousQueue$TransferStack.awaitFulfill(SynchronousQueue.java:460)
        at java.util.concurrent.SynchronousQueue$TransferStack.transfer(SynchronousQueue.java:362)
        at java.util.concurrent.SynchronousQueue.poll(SynchronousQueue.java:941)
        at java.util.concurrent.ThreadPoolExecutor.getTask(ThreadPoolExecutor.java:1073)
        at java.util.concurrent.ThreadPoolExecutor.runWorker(ThreadPoolExecutor.java:1134)
        at java.util.concurrent.ThreadPoolExecutor$Worker.run(ThreadPoolExecutor.java:624)
        at java.lang.Thread.run(Thread.java:750)
"IPC Server Responder" daemon prio=5 tid=36 runnable
java.lang.Thread.State: RUNNABLE
        at sun.nio.ch.EPollArrayWrapper.epollWait(Native Method)
        at sun.nio.ch.EPollArrayWrapper.poll(EPollArrayWrapper.java:269)
        at sun.nio.ch.EPollSelectorImpl.doSelect(EPollSelectorImpl.java:93)
        at sun.nio.ch.SelectorImpl.lockAndDoSelect(SelectorImpl.java:86)
        at sun.nio.ch.SelectorImpl.select(SelectorImpl.java:97)
        at org.apache.hadoop.ipc.Server$Responder.doRunLoop(Server.java:1582)
        at org.apache.hadoop.ipc.Server$Responder.run(Server.java:1565)
"dc26353c-d48a-467d-89cd-3a7c4b626396-server-thread3" daemon prio=5 tid=1937 timed_waiting
java.lang.Thread.State: TIMED_WAITING
        at sun.misc.Unsafe.park(Native Method)
        at java.util.concurrent.locks.LockSupport.parkNanos(LockSupport.java:215)
        at java.util.concurrent.SynchronousQueue$TransferStack.awaitFulfill(SynchronousQueue.java:460)
        at java.util.concurrent.SynchronousQueue$TransferStack.transfer(SynchronousQueue.java:362)
        at java.util.concurrent.SynchronousQueue.poll(SynchronousQueue.java:941)
        at java.util.concurrent.ThreadPoolExecutor.getTask(ThreadPoolExecutor.java:1073)
        at java.util.concurrent.ThreadPoolExecutor.runWorker(ThreadPoolExecutor.java:1134)
        at java.util.concurrent.ThreadPoolExecutor$Worker.run(ThreadPoolExecutor.java:624)
        at java.lang.Thread.run(Thread.java:750)
"78f89d9b-e409-4704-890b-bfcfbcdfd28a-ChunkWriter-3-0" daemon prio=5 tid=854 in Object.wait()
java.lang.Thread.State: WAITING (on object monitor)
        at sun.misc.Unsafe.park(Native Method)
        at java.util.concurrent.locks.LockSupport.park(LockSupport.java:175)
        at java.util.concurrent.locks.AbstractQueuedSynchronizer$ConditionObject.await(AbstractQueuedSynchronizer.java:2039)
        at java.util.concurrent.LinkedBlockingDeque.takeFirst(LinkedBlockingDeque.java:492)
        at java.util.concurrent.LinkedBlockingDeque.take(LinkedBlockingDeque.java:680)
        at java.util.concurrent.ThreadPoolExecutor.getTask(ThreadPoolExecutor.java:1074)
        at java.util.concurrent.ThreadPoolExecutor.runWorker(ThreadPoolExecutor.java:1134)
        at java.util.concurrent.ThreadPoolExecutor$Worker.run(ThreadPoolExecutor.java:624)
        at java.lang.Thread.run(Thread.java:750)
"timer1" daemon prio=5 tid=1480 timed_waiting
java.lang.Thread.State: TIMED_WAITING
        at java.lang.Object.wait(Native Method)
        at java.util.TimerThread.mainLoop(Timer.java:552)
        at java.util.TimerThread.run(Timer.java:505)
"Session-HouseKeeper-409a9400-1"  prio=5 tid=616 timed_waiting
java.lang.Thread.State: TIMED_WAITING
        at sun.misc.Unsafe.park(Native Method)
        at java.util.concurrent.locks.LockSupport.parkNanos(LockSupport.java:215)
        at java.util.concurrent.locks.AbstractQueuedSynchronizer$ConditionObject.awaitNanos(AbstractQueuedSynchronizer.java:2078)
        at java.util.concurrent.ScheduledThreadPoolExecutor$DelayedWorkQueue.take(ScheduledThreadPoolExecutor.java:1093)
        at java.util.concurrent.ScheduledThreadPoolExecutor$DelayedWorkQueue.take(ScheduledThreadPoolExecutor.java:809)
        at java.util.concurrent.ThreadPoolExecutor.getTask(ThreadPoolExecutor.java:1074)
        at java.util.concurrent.ThreadPoolExecutor.runWorker(ThreadPoolExecutor.java:1134)
        at java.util.concurrent.ThreadPoolExecutor$Worker.run(ThreadPoolExecutor.java:624)
        at java.lang.Thread.run(Thread.java:750)
"qtp1920737969-670" daemon prio=5 tid=670 timed_waiting
java.lang.Thread.State: TIMED_WAITING
        at sun.misc.Unsafe.park(Native Method)
        at java.util.concurrent.locks.LockSupport.parkNanos(LockSupport.java:215)
        at java.util.concurrent.locks.AbstractQueuedSynchronizer$ConditionObject.awaitNanos(AbstractQueuedSynchronizer.java:2078)
        at org.eclipse.jetty.util.BlockingArrayQueue.poll(BlockingArrayQueue.java:382)
        at org.eclipse.jetty.util.thread.QueuedThreadPool$Runner.idleJobPoll(QueuedThreadPool.java:974)
        at org.eclipse.jetty.util.thread.QueuedThreadPool$Runner.run(QueuedThreadPool.java:1018)
        at java.lang.Thread.run(Thread.java:750)
"JvmPauseMonitor7" daemon prio=5 tid=807 timed_waiting
java.lang.Thread.State: TIMED_WAITING
        at java.lang.Thread.sleep(Native Method)
        at java.lang.Thread.sleep(Thread.java:342)
        at java.util.concurrent.TimeUnit.sleep(TimeUnit.java:386)
        at org.apache.ratis.util.TimeDuration.sleep(TimeDuration.java:353)
        at org.apache.ratis.util.TimeDuration.sleep(TimeDuration.java:338)
        at org.apache.ratis.util.JvmPauseMonitor.detectPause(JvmPauseMonitor.java:160)
        at org.apache.ratis.util.JvmPauseMonitor.run(JvmPauseMonitor.java:149)
        at org.apache.ratis.util.JvmPauseMonitor$$Lambda$549/1343642221.run(Unknown Source)
        at java.lang.Thread.run(Thread.java:750)
"IPC Server handler 59 on default port 15002" daemon prio=5 tid=313 timed_waiting
java.lang.Thread.State: TIMED_WAITING
        at sun.misc.Unsafe.park(Native Method)
        at java.util.concurrent.locks.LockSupport.parkNanos(LockSupport.java:215)
        at java.util.concurrent.locks.AbstractQueuedSynchronizer$ConditionObject.awaitNanos(AbstractQueuedSynchronizer.java:2078)
        at java.util.concurrent.LinkedBlockingQueue.poll(LinkedBlockingQueue.java:467)
        at org.apache.hadoop.ipc.CallQueueManager.take(CallQueueManager.java:317)
        at org.apache.hadoop.ipc.Server$Handler.run(Server.java:3014)
"pool-139-thread-1"  prio=5 tid=493 timed_waiting
java.lang.Thread.State: TIMED_WAITING
        at sun.misc.Unsafe.park(Native Method)
        at java.util.concurrent.locks.LockSupport.parkNanos(LockSupport.java:215)
        at java.util.concurrent.locks.AbstractQueuedSynchronizer$ConditionObject.awaitNanos(AbstractQueuedSynchronizer.java:2078)
        at java.util.concurrent.ScheduledThreadPoolExecutor$DelayedWorkQueue.take(ScheduledThreadPoolExecutor.java:1093)
        at java.util.concurrent.ScheduledThreadPoolExecutor$DelayedWorkQueue.take(ScheduledThreadPoolExecutor.java:809)
        at java.util.concurrent.ThreadPoolExecutor.getTask(ThreadPoolExecutor.java:1074)
        at java.util.concurrent.ThreadPoolExecutor.runWorker(ThreadPoolExecutor.java:1134)
        at java.util.concurrent.ThreadPoolExecutor$Worker.run(ThreadPoolExecutor.java:624)
        at java.lang.Thread.run(Thread.java:750)
"13f92446-3b18-4d81-bc66-0f9b00220e72-ChunkReader-ELG-0" daemon prio=5 tid=2104 runnable
java.lang.Thread.State: RUNNABLE
        at org.apache.ratis.thirdparty.io.netty.channel.epoll.Native.epollWait0(Native Method)
        at org.apache.ratis.thirdparty.io.netty.channel.epoll.Native.epollWait(Native.java:182)
        at org.apache.ratis.thirdparty.io.netty.channel.epoll.EpollEventLoop.epollWait(EpollEventLoop.java:312)
        at org.apache.ratis.thirdparty.io.netty.channel.epoll.EpollEventLoop.run(EpollEventLoop.java:376)
        at org.apache.ratis.thirdparty.io.netty.util.concurrent.SingleThreadEventExecutor$4.run(SingleThreadEventExecutor.java:997)
        at org.apache.ratis.thirdparty.io.netty.util.internal.ThreadExecutorMap$2.run(ThreadExecutorMap.java:74)
        at java.lang.Thread.run(Thread.java:750)
"86ab988c-fa9c-425d-a1c6-9004ff7fd93d-DatanodeStateMachineTaskThread-1"  prio=5 tid=797 in Object.wait()
java.lang.Thread.State: WAITING (on object monitor)
        at sun.misc.Unsafe.park(Native Method)
        at java.util.concurrent.locks.LockSupport.park(LockSupport.java:175)
        at java.util.concurrent.locks.AbstractQueuedSynchronizer$ConditionObject.await(AbstractQueuedSynchronizer.java:2039)
        at java.util.concurrent.LinkedBlockingQueue.take(LinkedBlockingQueue.java:442)
        at java.util.concurrent.ThreadPoolExecutor.getTask(ThreadPoolExecutor.java:1074)
        at java.util.concurrent.ThreadPoolExecutor.runWorker(ThreadPoolExecutor.java:1134)
        at java.util.concurrent.ThreadPoolExecutor$Worker.run(ThreadPoolExecutor.java:624)
        at java.lang.Thread.run(Thread.java:750)
"pool-164-thread-1"  prio=5 tid=521 timed_waiting
java.lang.Thread.State: TIMED_WAITING
        at sun.misc.Unsafe.park(Native Method)
        at java.util.concurrent.locks.LockSupport.parkNanos(LockSupport.java:215)
        at java.util.concurrent.locks.AbstractQueuedSynchronizer$ConditionObject.awaitNanos(AbstractQueuedSynchronizer.java:2078)
        at java.util.concurrent.ScheduledThreadPoolExecutor$DelayedWorkQueue.take(ScheduledThreadPoolExecutor.java:1093)
        at java.util.concurrent.ScheduledThreadPoolExecutor$DelayedWorkQueue.take(ScheduledThreadPoolExecutor.java:809)
        at java.util.concurrent.ThreadPoolExecutor.getTask(ThreadPoolExecutor.java:1074)
        at java.util.concurrent.ThreadPoolExecutor.runWorker(ThreadPoolExecutor.java:1134)
        at java.util.concurrent.ThreadPoolExecutor$Worker.run(ThreadPoolExecutor.java:624)
        at java.lang.Thread.run(Thread.java:750)
"StaleRecoveringContainerScrubbingService#7" daemon prio=5 tid=2362 in Object.wait()
java.lang.Thread.State: WAITING (on object monitor)
        at sun.misc.Unsafe.park(Native Method)
        at java.util.concurrent.locks.LockSupport.park(LockSupport.java:175)
        at java.util.concurrent.locks.AbstractQueuedSynchronizer$ConditionObject.await(AbstractQueuedSynchronizer.java:2039)
        at java.util.concurrent.ScheduledThreadPoolExecutor$DelayedWorkQueue.take(ScheduledThreadPoolExecutor.java:1088)
        at java.util.concurrent.ScheduledThreadPoolExecutor$DelayedWorkQueue.take(ScheduledThreadPoolExecutor.java:809)
        at java.util.concurrent.ThreadPoolExecutor.getTask(ThreadPoolExecutor.java:1074)
        at java.util.concurrent.ThreadPoolExecutor.runWorker(ThreadPoolExecutor.java:1134)
        at java.util.concurrent.ThreadPoolExecutor$Worker.run(ThreadPoolExecutor.java:624)
        at java.lang.Thread.run(Thread.java:750)
"86ab988c-fa9c-425d-a1c6-9004ff7fd93d@group-41A8147A3383-LeaderStateImpl" daemon prio=5 tid=1533 timed_waiting
java.lang.Thread.State: TIMED_WAITING
        at sun.misc.Unsafe.park(Native Method)
        at java.util.concurrent.locks.LockSupport.parkNanos(LockSupport.java:215)
        at java.util.concurrent.locks.AbstractQueuedSynchronizer$ConditionObject.awaitNanos(AbstractQueuedSynchronizer.java:2078)
        at java.util.concurrent.ArrayBlockingQueue.poll(ArrayBlockingQueue.java:418)
        at org.apache.ratis.server.impl.LeaderStateImpl$EventQueue.poll(LeaderStateImpl.java:164)
        at org.apache.ratis.server.impl.LeaderStateImpl$EventProcessor.run(LeaderStateImpl.java:762)
"StaleRecoveringContainerScrubbingService#7" daemon prio=5 tid=2401 in Object.wait()
java.lang.Thread.State: WAITING (on object monitor)
        at sun.misc.Unsafe.park(Native Method)
        at java.util.concurrent.locks.LockSupport.park(LockSupport.java:175)
        at java.util.concurrent.locks.AbstractQueuedSynchronizer$ConditionObject.await(AbstractQueuedSynchronizer.java:2039)
        at java.util.concurrent.ScheduledThreadPoolExecutor$DelayedWorkQueue.take(ScheduledThreadPoolExecutor.java:1088)
        at java.util.concurrent.ScheduledThreadPoolExecutor$DelayedWorkQueue.take(ScheduledThreadPoolExecutor.java:809)
        at java.util.concurrent.ThreadPoolExecutor.getTask(ThreadPoolExecutor.java:1074)
        at java.util.concurrent.ThreadPoolExecutor.runWorker(ThreadPoolExecutor.java:1134)
        at java.util.concurrent.ThreadPoolExecutor$Worker.run(ThreadPoolExecutor.java:624)
        at java.lang.Thread.run(Thread.java:750)
"4e8f68d6-fd98-4f77-87e3-715939181693-server-thread3" daemon prio=5 tid=1528 timed_waiting
java.lang.Thread.State: TIMED_WAITING
        at sun.misc.Unsafe.park(Native Method)
        at java.util.concurrent.locks.LockSupport.parkNanos(LockSupport.java:215)
        at java.util.concurrent.SynchronousQueue$TransferStack.awaitFulfill(SynchronousQueue.java:460)
        at java.util.concurrent.SynchronousQueue$TransferStack.transfer(SynchronousQueue.java:362)
        at java.util.concurrent.SynchronousQueue.poll(SynchronousQueue.java:941)
        at java.util.concurrent.ThreadPoolExecutor.getTask(ThreadPoolExecutor.java:1073)
        at java.util.concurrent.ThreadPoolExecutor.runWorker(ThreadPoolExecutor.java:1134)
        at java.util.concurrent.ThreadPoolExecutor$Worker.run(ThreadPoolExecutor.java:624)
        at java.lang.Thread.run(Thread.java:750)
"78f89d9b-e409-4704-890b-bfcfbcdfd28a-ChunkReader-ELG-0" daemon prio=5 tid=856 runnable
java.lang.Thread.State: RUNNABLE
        at org.apache.ratis.thirdparty.io.netty.channel.epoll.Native.epollWait0(Native Method)
        at org.apache.ratis.thirdparty.io.netty.channel.epoll.Native.epollWait(Native.java:182)
        at org.apache.ratis.thirdparty.io.netty.channel.epoll.EpollEventLoop.epollWait(EpollEventLoop.java:312)
        at org.apache.ratis.thirdparty.io.netty.channel.epoll.EpollEventLoop.run(EpollEventLoop.java:376)
        at org.apache.ratis.thirdparty.io.netty.util.concurrent.SingleThreadEventExecutor$4.run(SingleThreadEventExecutor.java:997)
        at org.apache.ratis.thirdparty.io.netty.util.internal.ThreadExecutorMap$2.run(ThreadExecutorMap.java:74)
        at java.lang.Thread.run(Thread.java:750)
"StaleRecoveringContainerScrubbingService#3" daemon prio=5 tid=2004 in Object.wait()
java.lang.Thread.State: WAITING (on object monitor)
        at sun.misc.Unsafe.park(Native Method)
        at java.util.concurrent.locks.LockSupport.park(LockSupport.java:175)
        at java.util.concurrent.locks.AbstractQueuedSynchronizer$ConditionObject.await(AbstractQueuedSynchronizer.java:2039)
        at java.util.concurrent.ScheduledThreadPoolExecutor$DelayedWorkQueue.take(ScheduledThreadPoolExecutor.java:1088)
        at java.util.concurrent.ScheduledThreadPoolExecutor$DelayedWorkQueue.take(ScheduledThreadPoolExecutor.java:809)
        at java.util.concurrent.ThreadPoolExecutor.getTask(ThreadPoolExecutor.java:1074)
        at java.util.concurrent.ThreadPoolExecutor.runWorker(ThreadPoolExecutor.java:1134)
        at java.util.concurrent.ThreadPoolExecutor$Worker.run(ThreadPoolExecutor.java:624)
        at java.lang.Thread.run(Thread.java:750)
"qtp1920737969-664" daemon prio=5 tid=664 runnable
java.lang.Thread.State: RUNNABLE
        at sun.nio.ch.EPollArrayWrapper.epollWait(Native Method)
        at sun.nio.ch.EPollArrayWrapper.poll(EPollArrayWrapper.java:269)
        at sun.nio.ch.EPollSelectorImpl.doSelect(EPollSelectorImpl.java:93)
        at sun.nio.ch.SelectorImpl.lockAndDoSelect(SelectorImpl.java:86)
        at sun.nio.ch.SelectorImpl.select(SelectorImpl.java:97)
        at sun.nio.ch.SelectorImpl.select(SelectorImpl.java:101)
        at org.eclipse.jetty.io.ManagedSelector.nioSelect(ManagedSelector.java:183)
        at org.eclipse.jetty.io.ManagedSelector.select(ManagedSelector.java:190)
        at org.eclipse.jetty.io.ManagedSelector$SelectorProducer.select(ManagedSelector.java:606)
        at org.eclipse.jetty.io.ManagedSelector$SelectorProducer.produce(ManagedSelector.java:543)
        at org.eclipse.jetty.util.thread.strategy.EatWhatYouKill.produceTask(EatWhatYouKill.java:362)
        at org.eclipse.jetty.util.thread.strategy.EatWhatYouKill.doProduce(EatWhatYouKill.java:186)
        at org.eclipse.jetty.util.thread.strategy.EatWhatYouKill.tryProduce(EatWhatYouKill.java:173)
        at org.eclipse.jetty.util.thread.strategy.EatWhatYouKill.produce(EatWhatYouKill.java:137)
        at org.eclipse.jetty.io.ManagedSelector$$Lambda$589/284576707.run(Unknown Source)
        at org.eclipse.jetty.util.thread.QueuedThreadPool.runJob(QueuedThreadPool.java:883)
        at org.eclipse.jetty.util.thread.QueuedThreadPool$Runner.run(QueuedThreadPool.java:1034)
        at java.lang.Thread.run(Thread.java:750)
"IPC Server handler 13 on default port 15002" daemon prio=5 tid=267 timed_waiting
java.lang.Thread.State: TIMED_WAITING
        at sun.misc.Unsafe.park(Native Method)
        at java.util.concurrent.locks.LockSupport.parkNanos(LockSupport.java:215)
        at java.util.concurrent.locks.AbstractQueuedSynchronizer$ConditionObject.awaitNanos(AbstractQueuedSynchronizer.java:2078)
        at java.util.concurrent.LinkedBlockingQueue.poll(LinkedBlockingQueue.java:467)
        at org.apache.hadoop.ipc.CallQueueManager.take(CallQueueManager.java:317)
        at org.apache.hadoop.ipc.Server$Handler.run(Server.java:3014)
"78f89d9b-e409-4704-890b-bfcfbcdfd28a-ChunkReader-5" daemon prio=5 tid=2032 in Object.wait()
java.lang.Thread.State: WAITING (on object monitor)
        at sun.misc.Unsafe.park(Native Method)
        at java.util.concurrent.locks.LockSupport.park(LockSupport.java:175)
        at java.util.concurrent.locks.AbstractQueuedSynchronizer$ConditionObject.await(AbstractQueuedSynchronizer.java:2039)
        at java.util.concurrent.LinkedBlockingQueue.take(LinkedBlockingQueue.java:442)
        at java.util.concurrent.ThreadPoolExecutor.getTask(ThreadPoolExecutor.java:1074)
        at java.util.concurrent.ThreadPoolExecutor.runWorker(ThreadPoolExecutor.java:1134)
        at java.util.concurrent.ThreadPoolExecutor$Worker.run(ThreadPoolExecutor.java:624)
        at java.lang.Thread.run(Thread.java:750)
"IPC Server handler 2 on default port 15001" daemon prio=5 tid=156 timed_waiting
java.lang.Thread.State: TIMED_WAITING
        at sun.misc.Unsafe.park(Native Method)
        at java.util.concurrent.locks.LockSupport.parkNanos(LockSupport.java:215)
        at java.util.concurrent.locks.AbstractQueuedSynchronizer$ConditionObject.awaitNanos(AbstractQueuedSynchronizer.java:2078)
        at java.util.concurrent.LinkedBlockingQueue.poll(LinkedBlockingQueue.java:467)
        at org.apache.hadoop.ipc.CallQueueManager.take(CallQueueManager.java:317)
        at org.apache.hadoop.ipc.Server$Handler.run(Server.java:3014)
"pool-197-thread-1" daemon prio=5 tid=802 timed_waiting
java.lang.Thread.State: TIMED_WAITING
        at sun.misc.Unsafe.park(Native Method)
        at java.util.concurrent.locks.LockSupport.parkNanos(LockSupport.java:215)
        at java.util.concurrent.locks.AbstractQueuedSynchronizer$ConditionObject.awaitNanos(AbstractQueuedSynchronizer.java:2078)
        at java.util.concurrent.ScheduledThreadPoolExecutor$DelayedWorkQueue.take(ScheduledThreadPoolExecutor.java:1093)
        at java.util.concurrent.ScheduledThreadPoolExecutor$DelayedWorkQueue.take(ScheduledThreadPoolExecutor.java:809)
        at java.util.concurrent.ThreadPoolExecutor.getTask(ThreadPoolExecutor.java:1074)
        at java.util.concurrent.ThreadPoolExecutor.runWorker(ThreadPoolExecutor.java:1134)
        at java.util.concurrent.ThreadPoolExecutor$Worker.run(ThreadPoolExecutor.java:624)
        at java.lang.Thread.run(Thread.java:750)
"IPC Server handler 18 on default port 15004" daemon prio=5 tid=430 timed_waiting
java.lang.Thread.State: TIMED_WAITING
        at sun.misc.Unsafe.park(Native Method)
        at java.util.concurrent.locks.LockSupport.parkNanos(LockSupport.java:215)
        at java.util.concurrent.locks.AbstractQueuedSynchronizer$ConditionObject.awaitNanos(AbstractQueuedSynchronizer.java:2078)
        at java.util.concurrent.LinkedBlockingQueue.poll(LinkedBlockingQueue.java:467)
        at org.apache.hadoop.ipc.CallQueueManager.take(CallQueueManager.java:317)
        at org.apache.hadoop.ipc.Server$Handler.run(Server.java:3014)
"IPC Server handler 6 on default port 15002" daemon prio=5 tid=260 timed_waiting
java.lang.Thread.State: TIMED_WAITING
        at sun.misc.Unsafe.park(Native Method)
        at java.util.concurrent.locks.LockSupport.parkNanos(LockSupport.java:215)
        at java.util.concurrent.locks.AbstractQueuedSynchronizer$ConditionObject.awaitNanos(AbstractQueuedSynchronizer.java:2078)
        at java.util.concurrent.LinkedBlockingQueue.poll(LinkedBlockingQueue.java:467)
        at org.apache.hadoop.ipc.CallQueueManager.take(CallQueueManager.java:317)
        at org.apache.hadoop.ipc.Server$Handler.run(Server.java:3014)
"Hadoop-Metrics-Updater-0" daemon prio=5 tid=42 timed_waiting
java.lang.Thread.State: TIMED_WAITING
        at sun.misc.Unsafe.park(Native Method)
        at java.util.concurrent.locks.LockSupport.parkNanos(LockSupport.java:215)
        at java.util.concurrent.locks.AbstractQueuedSynchronizer$ConditionObject.awaitNanos(AbstractQueuedSynchronizer.java:2078)
        at java.util.concurrent.ScheduledThreadPoolExecutor$DelayedWorkQueue.take(ScheduledThreadPoolExecutor.java:1093)
        at java.util.concurrent.ScheduledThreadPoolExecutor$DelayedWorkQueue.take(ScheduledThreadPoolExecutor.java:809)
        at java.util.concurrent.ThreadPoolExecutor.getTask(ThreadPoolExecutor.java:1074)
        at java.util.concurrent.ThreadPoolExecutor.runWorker(ThreadPoolExecutor.java:1134)
        at java.util.concurrent.ThreadPoolExecutor$Worker.run(ThreadPoolExecutor.java:624)
        at java.lang.Thread.run(Thread.java:750)
"86ab988c-fa9c-425d-a1c6-9004ff7fd93d@group-5C1807567017-SegmentedRaftLogWorker" daemon prio=5 tid=2126 timed_waiting
java.lang.Thread.State: TIMED_WAITING
        at sun.misc.Unsafe.park(Native Method)
        at java.util.concurrent.locks.LockSupport.parkNanos(LockSupport.java:215)
        at java.util.concurrent.locks.AbstractQueuedSynchronizer$ConditionObject.awaitNanos(AbstractQueuedSynchronizer.java:2078)
        at org.apache.ratis.util.DataBlockingQueue.poll(DataBlockingQueue.java:148)
        at org.apache.ratis.server.raftlog.segmented.SegmentedRaftLogWorker.run(SegmentedRaftLogWorker.java:299)
        at org.apache.ratis.server.raftlog.segmented.SegmentedRaftLogWorker$$Lambda$913/1052546256.run(Unknown Source)
        at java.util.concurrent.Executors$RunnableAdapter.call(Executors.java:511)
        at java.util.concurrent.FutureTask.run(FutureTask.java:266)
        at java.util.concurrent.ThreadPoolExecutor.runWorker(ThreadPoolExecutor.java:1149)
        at java.util.concurrent.ThreadPoolExecutor$Worker.run(ThreadPoolExecutor.java:624)
        at java.lang.Thread.run(Thread.java:750)
"StaleRecoveringContainerScrubbingService#8" daemon prio=5 tid=2409 in Object.wait()
java.lang.Thread.State: WAITING (on object monitor)
        at sun.misc.Unsafe.park(Native Method)
        at java.util.concurrent.locks.LockSupport.park(LockSupport.java:175)
        at java.util.concurrent.locks.AbstractQueuedSynchronizer$ConditionObject.await(AbstractQueuedSynchronizer.java:2039)
        at java.util.concurrent.ScheduledThreadPoolExecutor$DelayedWorkQueue.take(ScheduledThreadPoolExecutor.java:1088)
        at java.util.concurrent.ScheduledThreadPoolExecutor$DelayedWorkQueue.take(ScheduledThreadPoolExecutor.java:809)
        at java.util.concurrent.ThreadPoolExecutor.getTask(ThreadPoolExecutor.java:1074)
        at java.util.concurrent.ThreadPoolExecutor.runWorker(ThreadPoolExecutor.java:1134)
        at java.util.concurrent.ThreadPoolExecutor$Worker.run(ThreadPoolExecutor.java:624)
        at java.lang.Thread.run(Thread.java:750)
"86ab988c-fa9c-425d-a1c6-9004ff7fd93d-NettyServerStreamRpc-bossGroup--thread1"  prio=5 tid=576 runnable
java.lang.Thread.State: RUNNABLE
        at org.apache.ratis.thirdparty.io.netty.channel.epoll.Native.epollWait(Native Method)
        at org.apache.ratis.thirdparty.io.netty.channel.epoll.Native.epollWait(Native.java:209)
        at org.apache.ratis.thirdparty.io.netty.channel.epoll.Native.epollWait(Native.java:202)
        at org.apache.ratis.thirdparty.io.netty.channel.epoll.EpollEventLoop.epollWaitNoTimerChange(EpollEventLoop.java:316)
        at org.apache.ratis.thirdparty.io.netty.channel.epoll.EpollEventLoop.run(EpollEventLoop.java:373)
        at org.apache.ratis.thirdparty.io.netty.util.concurrent.SingleThreadEventExecutor$4.run(SingleThreadEventExecutor.java:997)
        at org.apache.ratis.thirdparty.io.netty.util.internal.ThreadExecutorMap$2.run(ThreadExecutorMap.java:74)
        at java.lang.Thread.run(Thread.java:750)
"86ab988c-fa9c-425d-a1c6-9004ff7fd93d@group-DD233808B888-StateMachineUpdater" daemon prio=5 tid=966 timed_waiting
java.lang.Thread.State: TIMED_WAITING
        at sun.misc.Unsafe.park(Native Method)
        at java.util.concurrent.locks.LockSupport.parkNanos(LockSupport.java:215)
        at java.util.concurrent.locks.AbstractQueuedSynchronizer$ConditionObject.await(AbstractQueuedSynchronizer.java:2163)
        at org.apache.ratis.util.AwaitForSignal.await(AwaitForSignal.java:65)
        at org.apache.ratis.server.impl.StateMachineUpdater.waitForCommit(StateMachineUpdater.java:211)
        at org.apache.ratis.server.impl.StateMachineUpdater.run(StateMachineUpdater.java:180)
        at java.lang.Thread.run(Thread.java:750)
"IPC Server handler 1 on default port 15001" daemon prio=5 tid=155 timed_waiting
java.lang.Thread.State: TIMED_WAITING
        at sun.misc.Unsafe.park(Native Method)
        at java.util.concurrent.locks.LockSupport.parkNanos(LockSupport.java:215)
        at java.util.concurrent.locks.AbstractQueuedSynchronizer$ConditionObject.awaitNanos(AbstractQueuedSynchronizer.java:2078)
        at java.util.concurrent.LinkedBlockingQueue.poll(LinkedBlockingQueue.java:467)
        at org.apache.hadoop.ipc.CallQueueManager.take(CallQueueManager.java:317)
        at org.apache.hadoop.ipc.Server$Handler.run(Server.java:3014)
"dc26353c-d48a-467d-89cd-3a7c4b626396@group-967E786A868E-SegmentedRaftLogWorker"  prio=5 tid=1084 timed_waiting
java.lang.Thread.State: TIMED_WAITING
        at sun.misc.Unsafe.park(Native Method)
        at java.util.concurrent.locks.LockSupport.parkNanos(LockSupport.java:215)
        at java.util.concurrent.locks.AbstractQueuedSynchronizer$ConditionObject.awaitNanos(AbstractQueuedSynchronizer.java:2078)
        at org.apache.ratis.util.DataBlockingQueue.poll(DataBlockingQueue.java:148)
        at org.apache.ratis.server.raftlog.segmented.SegmentedRaftLogWorker.run(SegmentedRaftLogWorker.java:299)
        at org.apache.ratis.server.raftlog.segmented.SegmentedRaftLogWorker$$Lambda$913/1052546256.run(Unknown Source)
        at java.util.concurrent.Executors$RunnableAdapter.call(Executors.java:511)
        at java.util.concurrent.FutureTask.run(FutureTask.java:266)
        at java.util.concurrent.ThreadPoolExecutor.runWorker(ThreadPoolExecutor.java:1149)
        at java.util.concurrent.ThreadPoolExecutor$Worker.run(ThreadPoolExecutor.java:624)
        at java.lang.Thread.run(Thread.java:750)
"dc26353c-d48a-467d-89cd-3a7c4b626396@group-DD233808B888-cacheEviction-AwaitToRun" daemon prio=5 tid=967 in Object.wait()
java.lang.Thread.State: WAITING (on object monitor)
        at sun.misc.Unsafe.park(Native Method)
        at java.util.concurrent.locks.LockSupport.park(LockSupport.java:175)
        at java.util.concurrent.locks.AbstractQueuedSynchronizer$ConditionObject.await(AbstractQueuedSynchronizer.java:2039)
        at org.apache.ratis.util.AwaitForSignal.await(AwaitForSignal.java:48)
        at org.apache.ratis.util.AwaitToRun$RunnableImpl.run(AwaitToRun.java:47)
        at java.lang.Thread.run(Thread.java:750)
"78f89d9b-e409-4704-890b-bfcfbcdfd28a-server-thread2" daemon prio=5 tid=1877 timed_waiting
java.lang.Thread.State: TIMED_WAITING
        at sun.misc.Unsafe.park(Native Method)
        at java.util.concurrent.locks.LockSupport.parkNanos(LockSupport.java:215)
        at java.util.concurrent.SynchronousQueue$TransferStack.awaitFulfill(SynchronousQueue.java:460)
        at java.util.concurrent.SynchronousQueue$TransferStack.transfer(SynchronousQueue.java:362)
        at java.util.concurrent.SynchronousQueue.poll(SynchronousQueue.java:941)
        at java.util.concurrent.ThreadPoolExecutor.getTask(ThreadPoolExecutor.java:1073)
        at java.util.concurrent.ThreadPoolExecutor.runWorker(ThreadPoolExecutor.java:1134)
        at java.util.concurrent.ThreadPoolExecutor$Worker.run(ThreadPoolExecutor.java:624)
        at java.lang.Thread.run(Thread.java:750)
"StaleRecoveringContainerScrubbingService#0" daemon prio=5 tid=762 in Object.wait()
java.lang.Thread.State: WAITING (on object monitor)
        at sun.misc.Unsafe.park(Native Method)
        at java.util.concurrent.locks.LockSupport.park(LockSupport.java:175)
        at java.util.concurrent.locks.AbstractQueuedSynchronizer$ConditionObject.await(AbstractQueuedSynchronizer.java:2039)
        at java.util.concurrent.ScheduledThreadPoolExecutor$DelayedWorkQueue.take(ScheduledThreadPoolExecutor.java:1088)
        at java.util.concurrent.ScheduledThreadPoolExecutor$DelayedWorkQueue.take(ScheduledThreadPoolExecutor.java:809)
        at java.util.concurrent.ThreadPoolExecutor.getTask(ThreadPoolExecutor.java:1074)
        at java.util.concurrent.ThreadPoolExecutor.runWorker(ThreadPoolExecutor.java:1134)
        at java.util.concurrent.ThreadPoolExecutor$Worker.run(ThreadPoolExecutor.java:624)
        at java.lang.Thread.run(Thread.java:750)
"StaleRecoveringContainerScrubbingService#8" daemon prio=5 tid=2391 in Object.wait()
java.lang.Thread.State: WAITING (on object monitor)
        at sun.misc.Unsafe.park(Native Method)
        at java.util.concurrent.locks.LockSupport.park(LockSupport.java:175)
        at java.util.concurrent.locks.AbstractQueuedSynchronizer$ConditionObject.await(AbstractQueuedSynchronizer.java:2039)
        at java.util.concurrent.ScheduledThreadPoolExecutor$DelayedWorkQueue.take(ScheduledThreadPoolExecutor.java:1088)
        at java.util.concurrent.ScheduledThreadPoolExecutor$DelayedWorkQueue.take(ScheduledThreadPoolExecutor.java:809)
        at java.util.concurrent.ThreadPoolExecutor.getTask(ThreadPoolExecutor.java:1074)
        at java.util.concurrent.ThreadPoolExecutor.runWorker(ThreadPoolExecutor.java:1134)
        at java.util.concurrent.ThreadPoolExecutor$Worker.run(ThreadPoolExecutor.java:624)
        at java.lang.Thread.run(Thread.java:750)
"e780b093-7242-46d7-bd8f-0f810188c7b3@group-0722226B2D74-cacheEviction-AwaitToRun" daemon prio=5 tid=1388 in Object.wait()
java.lang.Thread.State: WAITING (on object monitor)
        at sun.misc.Unsafe.park(Native Method)
        at java.util.concurrent.locks.LockSupport.park(LockSupport.java:175)
        at java.util.concurrent.locks.AbstractQueuedSynchronizer$ConditionObject.await(AbstractQueuedSynchronizer.java:2039)
        at org.apache.ratis.util.AwaitForSignal.await(AwaitForSignal.java:48)
        at org.apache.ratis.util.AwaitToRun$RunnableImpl.run(AwaitToRun.java:47)
        at java.lang.Thread.run(Thread.java:750)
"pool-239-thread-1"  prio=5 tid=607 timed_waiting
java.lang.Thread.State: TIMED_WAITING
        at sun.misc.Unsafe.park(Native Method)
        at java.util.concurrent.locks.LockSupport.parkNanos(LockSupport.java:215)
        at java.util.concurrent.locks.AbstractQueuedSynchronizer$ConditionObject.awaitNanos(AbstractQueuedSynchronizer.java:2078)
        at java.util.concurrent.ScheduledThreadPoolExecutor$DelayedWorkQueue.take(ScheduledThreadPoolExecutor.java:1093)
        at java.util.concurrent.ScheduledThreadPoolExecutor$DelayedWorkQueue.take(ScheduledThreadPoolExecutor.java:809)
        at java.util.concurrent.ThreadPoolExecutor.getTask(ThreadPoolExecutor.java:1074)
        at java.util.concurrent.ThreadPoolExecutor.runWorker(ThreadPoolExecutor.java:1134)
        at java.util.concurrent.ThreadPoolExecutor$Worker.run(ThreadPoolExecutor.java:624)
        at java.lang.Thread.run(Thread.java:750)
"d25dc3b0-28fc-4383-b1a0-617845025f41@group-8820B9A2DC65-cacheEviction-AwaitToRun" daemon prio=5 tid=1212 in Object.wait()
java.lang.Thread.State: WAITING (on object monitor)
        at sun.misc.Unsafe.park(Native Method)
        at java.util.concurrent.locks.LockSupport.park(LockSupport.java:175)
        at java.util.concurrent.locks.AbstractQueuedSynchronizer$ConditionObject.await(AbstractQueuedSynchronizer.java:2039)
        at org.apache.ratis.util.AwaitForSignal.await(AwaitForSignal.java:48)
        at org.apache.ratis.util.AwaitToRun$RunnableImpl.run(AwaitToRun.java:47)
        at java.lang.Thread.run(Thread.java:750)


	at org.apache.ozone.test.GenericTestUtils.waitFor(GenericTestUtils.java:204)
	at org.apache.hadoop.ozone.container.TestECContainerRecovery.testECContainerRecoveryWithTimedOutRecovery(TestECContainerRecovery.java:354)
	at java.lang.reflect.Method.invoke(Method.java:498)
	at java.util.ArrayList.forEach(ArrayList.java:1259)
	at java.util.ArrayList.forEach(ArrayList.java:1259)
]]></error>
    <system-out><![CDATA[2024-02-22 20:34:19,139 [main] INFO  rpc.RpcClient (RpcClient.java:createBucket(692)) - Creating Bucket: d6be1826-a7da-4004-bb82-564bf35aae25/84a36a43-32b8-4810-b0ec-91a1ab0c9349, with server-side default bucket layout, runner as owner, Versioning false, Storage Type set to DISK and Encryption set to false, Replication Type set to EC, Namespace Quota set to -1, Space Quota set to -1 
2024-02-22 20:34:19,142 [om1-OMStateMachineApplyTransactionThread - 0] INFO  bucket.OMBucketCreateRequest (OMBucketCreateRequest.java:validateAndUpdateCache(292)) - created bucket: 84a36a43-32b8-4810-b0ec-91a1ab0c9349 of layout FILE_SYSTEM_OPTIMIZED in volume: d6be1826-a7da-4004-bb82-564bf35aae25
2024-02-22 20:34:19,158 [IPC Server handler 23 on default port 15001] INFO  algorithms.SCMContainerPlacementRackScatter (SCMContainerPlacementRackScatter.java:chooseDatanodesInternal(370)) - Chosen nodes: [923be64f-71f4-4891-b05d-82ff5a9df5b5(fv-az779-213.k0faouyluq4u1aavuapgg5xmpb.cx.internal.cloudapp.net/10.1.0.33), 4e8f68d6-fd98-4f77-87e3-715939181693(fv-az779-213.k0faouyluq4u1aavuapgg5xmpb.cx.internal.cloudapp.net/10.1.0.33), c30fedce-f286-40e0-881d-3d5a9a6e2463(fv-az779-213.k0faouyluq4u1aavuapgg5xmpb.cx.internal.cloudapp.net/10.1.0.33), 13f92446-3b18-4d81-bc66-0f9b00220e72(fv-az779-213.k0faouyluq4u1aavuapgg5xmpb.cx.internal.cloudapp.net/10.1.0.33), dc26353c-d48a-467d-89cd-3a7c4b626396(fv-az779-213.k0faouyluq4u1aavuapgg5xmpb.cx.internal.cloudapp.net/10.1.0.33)]. isPolicySatisfied: true.
2024-02-22 20:34:19,160 [IPC Server handler 23 on default port 15001] INFO  pipeline.WritableECContainerProvider (WritableECContainerProvider.java:allocateContainer(211)) - Created and opened new pipeline Pipeline[ Id: 2a31222d-52c7-4961-8445-ec4060d525e3, Nodes: 923be64f-71f4-4891-b05d-82ff5a9df5b5(fv-az779-213.k0faouyluq4u1aavuapgg5xmpb.cx.internal.cloudapp.net/10.1.0.33)4e8f68d6-fd98-4f77-87e3-715939181693(fv-az779-213.k0faouyluq4u1aavuapgg5xmpb.cx.internal.cloudapp.net/10.1.0.33)c30fedce-f286-40e0-881d-3d5a9a6e2463(fv-az779-213.k0faouyluq4u1aavuapgg5xmpb.cx.internal.cloudapp.net/10.1.0.33)13f92446-3b18-4d81-bc66-0f9b00220e72(fv-az779-213.k0faouyluq4u1aavuapgg5xmpb.cx.internal.cloudapp.net/10.1.0.33)dc26353c-d48a-467d-89cd-3a7c4b626396(fv-az779-213.k0faouyluq4u1aavuapgg5xmpb.cx.internal.cloudapp.net/10.1.0.33), ReplicationConfig: EC{rs-3-2-1024k}, State:ALLOCATED, leaderId:, CreationTimestamp2024-02-22T20:34:19.158Z[Etc/UTC]]
2024-02-22 20:34:20,432 [main] INFO  ozoneimpl.OzoneContainer (OzoneContainer.java:stop(481)) - Attempting to stop container services.
2024-02-22 20:34:20,436 [main] INFO  server.RaftServer (RaftServerProxy.java:lambda$close$9(416)) - 923be64f-71f4-4891-b05d-82ff5a9df5b5: close
2024-02-22 20:34:20,437 [923be64f-71f4-4891-b05d-82ff5a9df5b5-impl-thread1] INFO  server.RaftServer$Division (RaftServerImpl.java:lambda$close$3(526)) - 923be64f-71f4-4891-b05d-82ff5a9df5b5@group-F32933EC9ABE: shutdown
2024-02-22 20:34:20,437 [923be64f-71f4-4891-b05d-82ff5a9df5b5-impl-thread1] INFO  util.JmxRegister (JmxRegister.java:unregister(73)) - Successfully un-registered JMX Bean with object name Ratis:service=RaftServer,group=group-F32933EC9ABE,id=923be64f-71f4-4891-b05d-82ff5a9df5b5
2024-02-22 20:34:20,438 [923be64f-71f4-4891-b05d-82ff5a9df5b5-impl-thread1] INFO  impl.RoleInfo (RoleInfo.java:shutdownLeaderState(94)) - 923be64f-71f4-4891-b05d-82ff5a9df5b5: shutdown 923be64f-71f4-4891-b05d-82ff5a9df5b5@group-F32933EC9ABE-LeaderStateImpl
2024-02-22 20:34:20,438 [923be64f-71f4-4891-b05d-82ff5a9df5b5-impl-thread1] INFO  impl.PendingRequests (PendingRequests.java:sendNotLeaderResponses(289)) - 923be64f-71f4-4891-b05d-82ff5a9df5b5@group-F32933EC9ABE-PendingRequests: sendNotLeaderResponses
2024-02-22 20:34:20,439 [923be64f-71f4-4891-b05d-82ff5a9df5b5-impl-thread1] INFO  impl.StateMachineUpdater (StateMachineUpdater.java:stopAndJoin(157)) - 923be64f-71f4-4891-b05d-82ff5a9df5b5@group-F32933EC9ABE-StateMachineUpdater: set stopIndex = 0
2024-02-22 20:34:20,440 [923be64f-71f4-4891-b05d-82ff5a9df5b5@group-F32933EC9ABE-StateMachineUpdater] INFO  ratis.ContainerStateMachine (ContainerStateMachine.java:takeSnapshot(355)) - group-F32933EC9ABE: Taking a snapshot at:(t:1, i:0) file /home/runner/work/ozone/ozone/hadoop-ozone/integration-test/target/test-dir/MiniOzoneClusterImpl-a0fc024b-a492-45a5-9697-b0d14f72cb5c/datanode-1/data/ratis/8d53b36c-f6a6-447d-b29e-f32933ec9abe/sm/snapshot.1_0
2024-02-22 20:34:20,441 [923be64f-71f4-4891-b05d-82ff5a9df5b5@group-F32933EC9ABE-StateMachineUpdater] INFO  ratis.ContainerStateMachine (ContainerStateMachine.java:takeSnapshot(366)) - group-F32933EC9ABE: Finished taking a snapshot at:(t:1, i:0) file:/home/runner/work/ozone/ozone/hadoop-ozone/integration-test/target/test-dir/MiniOzoneClusterImpl-a0fc024b-a492-45a5-9697-b0d14f72cb5c/datanode-1/data/ratis/8d53b36c-f6a6-447d-b29e-f32933ec9abe/sm/snapshot.1_0 took: 2 ms
2024-02-22 20:34:20,442 [923be64f-71f4-4891-b05d-82ff5a9df5b5@group-F32933EC9ABE-StateMachineUpdater] INFO  impl.StateMachineUpdater (StateMachineUpdater.java:takeSnapshot(295)) - 923be64f-71f4-4891-b05d-82ff5a9df5b5@group-F32933EC9ABE-StateMachineUpdater: Took a snapshot at index 0
2024-02-22 20:34:20,442 [923be64f-71f4-4891-b05d-82ff5a9df5b5@group-F32933EC9ABE-StateMachineUpdater] INFO  impl.StateMachineUpdater (StateMachineUpdater.java:lambda$new$0(98)) - 923be64f-71f4-4891-b05d-82ff5a9df5b5@group-F32933EC9ABE-StateMachineUpdater: snapshotIndex: updateIncreasingly -1 -> 0
2024-02-22 20:34:20,443 [923be64f-71f4-4891-b05d-82ff5a9df5b5-impl-thread1] INFO  server.RaftServer$Division (ServerState.java:close(427)) - 923be64f-71f4-4891-b05d-82ff5a9df5b5@group-F32933EC9ABE: applyIndex: 0
2024-02-22 20:34:20,450 [923be64f-71f4-4891-b05d-82ff5a9df5b5@group-F32933EC9ABE-cacheEviction-AwaitToRun] INFO  util.AwaitToRun (AwaitToRun.java:run(49)) - 923be64f-71f4-4891-b05d-82ff5a9df5b5@group-F32933EC9ABE-cacheEviction-AwaitToRun-AwaitForSignal is interrupted
2024-02-22 20:34:20,450 [923be64f-71f4-4891-b05d-82ff5a9df5b5-impl-thread2] INFO  server.RaftServer$Division (RaftServerImpl.java:lambda$close$3(526)) - 923be64f-71f4-4891-b05d-82ff5a9df5b5@group-2F189D2772BA: shutdown
2024-02-22 20:34:20,452 [923be64f-71f4-4891-b05d-82ff5a9df5b5-impl-thread2] INFO  util.JmxRegister (JmxRegister.java:unregister(73)) - Successfully un-registered JMX Bean with object name Ratis:service=RaftServer,group=group-2F189D2772BA,id=923be64f-71f4-4891-b05d-82ff5a9df5b5
2024-02-22 20:34:20,453 [923be64f-71f4-4891-b05d-82ff5a9df5b5-impl-thread2] INFO  impl.RoleInfo (RoleInfo.java:shutdownFollowerState(110)) - 923be64f-71f4-4891-b05d-82ff5a9df5b5: shutdown 923be64f-71f4-4891-b05d-82ff5a9df5b5@group-2F189D2772BA-FollowerState
2024-02-22 20:34:20,456 [923be64f-71f4-4891-b05d-82ff5a9df5b5-impl-thread4] INFO  server.RaftServer$Division (RaftServerImpl.java:lambda$close$3(526)) - 923be64f-71f4-4891-b05d-82ff5a9df5b5@group-26EAFC745620: shutdown
2024-02-22 20:34:20,457 [923be64f-71f4-4891-b05d-82ff5a9df5b5-impl-thread4] INFO  util.JmxRegister (JmxRegister.java:unregister(73)) - Successfully un-registered JMX Bean with object name Ratis:service=RaftServer,group=group-26EAFC745620,id=923be64f-71f4-4891-b05d-82ff5a9df5b5
2024-02-22 20:34:20,457 [923be64f-71f4-4891-b05d-82ff5a9df5b5-impl-thread4] INFO  impl.RoleInfo (RoleInfo.java:shutdownLeaderState(94)) - 923be64f-71f4-4891-b05d-82ff5a9df5b5: shutdown 923be64f-71f4-4891-b05d-82ff5a9df5b5@group-26EAFC745620-LeaderStateImpl
2024-02-22 20:34:20,458 [923be64f-71f4-4891-b05d-82ff5a9df5b5-impl-thread4] INFO  impl.PendingRequests (PendingRequests.java:sendNotLeaderResponses(289)) - 923be64f-71f4-4891-b05d-82ff5a9df5b5@group-26EAFC745620-PendingRequests: sendNotLeaderResponses
2024-02-22 20:34:20,461 [923be64f-71f4-4891-b05d-82ff5a9df5b5-impl-thread3] INFO  server.RaftServer$Division (RaftServerImpl.java:lambda$close$3(526)) - 923be64f-71f4-4891-b05d-82ff5a9df5b5@group-5D786B606559: shutdown
2024-02-22 20:34:20,461 [923be64f-71f4-4891-b05d-82ff5a9df5b5-impl-thread3] INFO  util.JmxRegister (JmxRegister.java:unregister(73)) - Successfully un-registered JMX Bean with object name Ratis:service=RaftServer,group=group-5D786B606559,id=923be64f-71f4-4891-b05d-82ff5a9df5b5
2024-02-22 20:34:20,461 [923be64f-71f4-4891-b05d-82ff5a9df5b5-impl-thread3] INFO  impl.RoleInfo (RoleInfo.java:shutdownFollowerState(110)) - 923be64f-71f4-4891-b05d-82ff5a9df5b5: shutdown 923be64f-71f4-4891-b05d-82ff5a9df5b5@group-5D786B606559-FollowerState
2024-02-22 20:34:20,464 [923be64f-71f4-4891-b05d-82ff5a9df5b5-impl-thread4] INFO  impl.StateMachineUpdater (StateMachineUpdater.java:stopAndJoin(157)) - 923be64f-71f4-4891-b05d-82ff5a9df5b5@group-26EAFC745620-StateMachineUpdater: set stopIndex = 0
2024-02-22 20:34:20,464 [923be64f-71f4-4891-b05d-82ff5a9df5b5-impl-thread5] INFO  server.RaftServer$Division (RaftServerImpl.java:lambda$close$3(526)) - 923be64f-71f4-4891-b05d-82ff5a9df5b5@group-AFFC1E458E84: shutdown
2024-02-22 20:34:20,464 [923be64f-71f4-4891-b05d-82ff5a9df5b5@group-26EAFC745620-StateMachineUpdater] INFO  ratis.ContainerStateMachine (ContainerStateMachine.java:takeSnapshot(355)) - group-26EAFC745620: Taking a snapshot at:(t:1, i:0) file /home/runner/work/ozone/ozone/hadoop-ozone/integration-test/target/test-dir/MiniOzoneClusterImpl-a0fc024b-a492-45a5-9697-b0d14f72cb5c/datanode-1/data/ratis/90e41e33-6449-465e-944d-26eafc745620/sm/snapshot.1_0
2024-02-22 20:34:20,465 [923be64f-71f4-4891-b05d-82ff5a9df5b5@group-26EAFC745620-StateMachineUpdater] INFO  ratis.ContainerStateMachine (ContainerStateMachine.java:takeSnapshot(366)) - group-26EAFC745620: Finished taking a snapshot at:(t:1, i:0) file:/home/runner/work/ozone/ozone/hadoop-ozone/integration-test/target/test-dir/MiniOzoneClusterImpl-a0fc024b-a492-45a5-9697-b0d14f72cb5c/datanode-1/data/ratis/90e41e33-6449-465e-944d-26eafc745620/sm/snapshot.1_0 took: 2 ms
2024-02-22 20:34:20,465 [923be64f-71f4-4891-b05d-82ff5a9df5b5-impl-thread5] INFO  util.JmxRegister (JmxRegister.java:unregister(73)) - Successfully un-registered JMX Bean with object name Ratis:service=RaftServer,group=group-AFFC1E458E84,id=923be64f-71f4-4891-b05d-82ff5a9df5b5
2024-02-22 20:34:20,466 [923be64f-71f4-4891-b05d-82ff5a9df5b5-impl-thread5] INFO  impl.RoleInfo (RoleInfo.java:shutdownFollowerState(110)) - 923be64f-71f4-4891-b05d-82ff5a9df5b5: shutdown 923be64f-71f4-4891-b05d-82ff5a9df5b5@group-AFFC1E458E84-FollowerState
2024-02-22 20:34:20,466 [923be64f-71f4-4891-b05d-82ff5a9df5b5@group-26EAFC745620-StateMachineUpdater] INFO  impl.StateMachineUpdater (StateMachineUpdater.java:takeSnapshot(295)) - 923be64f-71f4-4891-b05d-82ff5a9df5b5@group-26EAFC745620-StateMachineUpdater: Took a snapshot at index 0
2024-02-22 20:34:20,468 [923be64f-71f4-4891-b05d-82ff5a9df5b5@group-26EAFC745620-StateMachineUpdater] INFO  impl.StateMachineUpdater (StateMachineUpdater.java:lambda$new$0(98)) - 923be64f-71f4-4891-b05d-82ff5a9df5b5@group-26EAFC745620-StateMachineUpdater: snapshotIndex: updateIncreasingly -1 -> 0
2024-02-22 20:34:20,469 [923be64f-71f4-4891-b05d-82ff5a9df5b5-impl-thread4] INFO  server.RaftServer$Division (ServerState.java:close(427)) - 923be64f-71f4-4891-b05d-82ff5a9df5b5@group-26EAFC745620: applyIndex: 0
2024-02-22 20:34:20,471 [923be64f-71f4-4891-b05d-82ff5a9df5b5-impl-thread6] INFO  server.RaftServer$Division (RaftServerImpl.java:lambda$close$3(526)) - 923be64f-71f4-4891-b05d-82ff5a9df5b5@group-A538022C1006: shutdown
2024-02-22 20:34:20,472 [923be64f-71f4-4891-b05d-82ff5a9df5b5-impl-thread6] INFO  util.JmxRegister (JmxRegister.java:unregister(73)) - Successfully un-registered JMX Bean with object name Ratis:service=RaftServer,group=group-A538022C1006,id=923be64f-71f4-4891-b05d-82ff5a9df5b5
2024-02-22 20:34:20,472 [923be64f-71f4-4891-b05d-82ff5a9df5b5-impl-thread7] INFO  server.RaftServer$Division (RaftServerImpl.java:lambda$close$3(526)) - 923be64f-71f4-4891-b05d-82ff5a9df5b5@group-BDBAD3AB70B4: shutdown
2024-02-22 20:34:20,473 [923be64f-71f4-4891-b05d-82ff5a9df5b5-impl-thread7] INFO  util.JmxRegister (JmxRegister.java:unregister(73)) - Successfully un-registered JMX Bean with object name Ratis:service=RaftServer,group=group-BDBAD3AB70B4,id=923be64f-71f4-4891-b05d-82ff5a9df5b5
2024-02-22 20:34:20,473 [923be64f-71f4-4891-b05d-82ff5a9df5b5-impl-thread7] INFO  impl.RoleInfo (RoleInfo.java:shutdownFollowerState(110)) - 923be64f-71f4-4891-b05d-82ff5a9df5b5: shutdown 923be64f-71f4-4891-b05d-82ff5a9df5b5@group-BDBAD3AB70B4-FollowerState
2024-02-22 20:34:20,472 [923be64f-71f4-4891-b05d-82ff5a9df5b5-impl-thread6] INFO  impl.RoleInfo (RoleInfo.java:shutdownFollowerState(110)) - 923be64f-71f4-4891-b05d-82ff5a9df5b5: shutdown 923be64f-71f4-4891-b05d-82ff5a9df5b5@group-A538022C1006-FollowerState
2024-02-22 20:34:20,475 [923be64f-71f4-4891-b05d-82ff5a9df5b5@group-2F189D2772BA-StateMachineUpdater] INFO  ratis.ContainerStateMachine (ContainerStateMachine.java:takeSnapshot(355)) - group-2F189D2772BA: Taking a snapshot at:(t:1, i:0) file /home/runner/work/ozone/ozone/hadoop-ozone/integration-test/target/test-dir/MiniOzoneClusterImpl-a0fc024b-a492-45a5-9697-b0d14f72cb5c/datanode-1/data/ratis/06d574de-a9f9-4ab3-be46-2f189d2772ba/sm/snapshot.1_0
2024-02-22 20:34:20,474 [923be64f-71f4-4891-b05d-82ff5a9df5b5@group-2F189D2772BA-FollowerState] INFO  impl.FollowerState (FollowerState.java:run(152)) - 923be64f-71f4-4891-b05d-82ff5a9df5b5@group-2F189D2772BA-FollowerState was interrupted
2024-02-22 20:34:20,474 [main] INFO  server.GrpcService (GrpcService.java:closeImpl(311)) - 923be64f-71f4-4891-b05d-82ff5a9df5b5: shutdown server org.apache.ratis.grpc.server.GrpcClientProtocolService now
2024-02-22 20:34:20,474 [923be64f-71f4-4891-b05d-82ff5a9df5b5-impl-thread2] INFO  impl.StateMachineUpdater (StateMachineUpdater.java:stopAndJoin(157)) - 923be64f-71f4-4891-b05d-82ff5a9df5b5@group-2F189D2772BA-StateMachineUpdater: set stopIndex = 0
2024-02-22 20:34:20,476 [923be64f-71f4-4891-b05d-82ff5a9df5b5@group-A538022C1006-StateMachineUpdater] INFO  ratis.ContainerStateMachine (ContainerStateMachine.java:takeSnapshot(355)) - group-A538022C1006: Taking a snapshot at:(t:1, i:0) file /home/runner/work/ozone/ozone/hadoop-ozone/integration-test/target/test-dir/MiniOzoneClusterImpl-a0fc024b-a492-45a5-9697-b0d14f72cb5c/datanode-1/data/ratis/b7ad60d3-b3bb-4da3-89ae-a538022c1006/sm/snapshot.1_0
2024-02-22 20:34:20,476 [923be64f-71f4-4891-b05d-82ff5a9df5b5@group-2F189D2772BA-StateMachineUpdater] INFO  ratis.ContainerStateMachine (ContainerStateMachine.java:takeSnapshot(366)) - group-2F189D2772BA: Finished taking a snapshot at:(t:1, i:0) file:/home/runner/work/ozone/ozone/hadoop-ozone/integration-test/target/test-dir/MiniOzoneClusterImpl-a0fc024b-a492-45a5-9697-b0d14f72cb5c/datanode-1/data/ratis/06d574de-a9f9-4ab3-be46-2f189d2772ba/sm/snapshot.1_0 took: 1 ms
2024-02-22 20:34:20,478 [923be64f-71f4-4891-b05d-82ff5a9df5b5@group-2F189D2772BA-StateMachineUpdater] INFO  impl.StateMachineUpdater (StateMachineUpdater.java:takeSnapshot(295)) - 923be64f-71f4-4891-b05d-82ff5a9df5b5@group-2F189D2772BA-StateMachineUpdater: Took a snapshot at index 0
2024-02-22 20:34:20,478 [923be64f-71f4-4891-b05d-82ff5a9df5b5@group-2F189D2772BA-StateMachineUpdater] INFO  impl.StateMachineUpdater (StateMachineUpdater.java:lambda$new$0(98)) - 923be64f-71f4-4891-b05d-82ff5a9df5b5@group-2F189D2772BA-StateMachineUpdater: snapshotIndex: updateIncreasingly -1 -> 0
2024-02-22 20:34:20,479 [923be64f-71f4-4891-b05d-82ff5a9df5b5-impl-thread2] INFO  server.RaftServer$Division (ServerState.java:close(427)) - 923be64f-71f4-4891-b05d-82ff5a9df5b5@group-2F189D2772BA: applyIndex: 0
2024-02-22 20:34:20,476 [923be64f-71f4-4891-b05d-82ff5a9df5b5-impl-thread6] INFO  impl.StateMachineUpdater (StateMachineUpdater.java:stopAndJoin(157)) - 923be64f-71f4-4891-b05d-82ff5a9df5b5@group-A538022C1006-StateMachineUpdater: set stopIndex = 0
2024-02-22 20:34:20,476 [923be64f-71f4-4891-b05d-82ff5a9df5b5@group-A538022C1006-FollowerState] INFO  impl.FollowerState (FollowerState.java:run(152)) - 923be64f-71f4-4891-b05d-82ff5a9df5b5@group-A538022C1006-FollowerState was interrupted
2024-02-22 20:34:20,482 [923be64f-71f4-4891-b05d-82ff5a9df5b5-impl-thread5] INFO  impl.StateMachineUpdater (StateMachineUpdater.java:stopAndJoin(157)) - 923be64f-71f4-4891-b05d-82ff5a9df5b5@group-AFFC1E458E84-StateMachineUpdater: set stopIndex = 0
2024-02-22 20:34:20,482 [Thread-1800] INFO  server.GrpcServerProtocolClient (GrpcServerProtocolClient.java:close(103)) - e46a6e51-795f-4801-a523-c45a6c7f2c34 Close channels
2024-02-22 20:34:20,481 [923be64f-71f4-4891-b05d-82ff5a9df5b5-impl-thread7] INFO  impl.StateMachineUpdater (StateMachineUpdater.java:stopAndJoin(157)) - 923be64f-71f4-4891-b05d-82ff5a9df5b5@group-BDBAD3AB70B4-StateMachineUpdater: set stopIndex = 0
2024-02-22 20:34:20,481 [923be64f-71f4-4891-b05d-82ff5a9df5b5@group-BDBAD3AB70B4-FollowerState] INFO  impl.FollowerState (FollowerState.java:run(152)) - 923be64f-71f4-4891-b05d-82ff5a9df5b5@group-BDBAD3AB70B4-FollowerState was interrupted
2024-02-22 20:34:20,481 [923be64f-71f4-4891-b05d-82ff5a9df5b5@group-26EAFC745620-cacheEviction-AwaitToRun] INFO  util.AwaitToRun (AwaitToRun.java:run(49)) - 923be64f-71f4-4891-b05d-82ff5a9df5b5@group-26EAFC745620-cacheEviction-AwaitToRun-AwaitForSignal is interrupted
2024-02-22 20:34:20,477 [923be64f-71f4-4891-b05d-82ff5a9df5b5@group-A538022C1006-StateMachineUpdater] INFO  ratis.ContainerStateMachine (ContainerStateMachine.java:takeSnapshot(366)) - group-A538022C1006: Finished taking a snapshot at:(t:1, i:0) file:/home/runner/work/ozone/ozone/hadoop-ozone/integration-test/target/test-dir/MiniOzoneClusterImpl-a0fc024b-a492-45a5-9697-b0d14f72cb5c/datanode-1/data/ratis/b7ad60d3-b3bb-4da3-89ae-a538022c1006/sm/snapshot.1_0 took: 2 ms
2024-02-22 20:34:20,492 [923be64f-71f4-4891-b05d-82ff5a9df5b5@group-A538022C1006-StateMachineUpdater] INFO  impl.StateMachineUpdater (StateMachineUpdater.java:takeSnapshot(295)) - 923be64f-71f4-4891-b05d-82ff5a9df5b5@group-A538022C1006-StateMachineUpdater: Took a snapshot at index 0
2024-02-22 20:34:20,492 [923be64f-71f4-4891-b05d-82ff5a9df5b5@group-A538022C1006-StateMachineUpdater] INFO  impl.StateMachineUpdater (StateMachineUpdater.java:lambda$new$0(98)) - 923be64f-71f4-4891-b05d-82ff5a9df5b5@group-A538022C1006-StateMachineUpdater: snapshotIndex: updateIncreasingly -1 -> 0
2024-02-22 20:34:20,493 [923be64f-71f4-4891-b05d-82ff5a9df5b5-impl-thread6] INFO  server.RaftServer$Division (ServerState.java:close(427)) - 923be64f-71f4-4891-b05d-82ff5a9df5b5@group-A538022C1006: applyIndex: 0
2024-02-22 20:34:20,493 [923be64f-71f4-4891-b05d-82ff5a9df5b5@group-A538022C1006-cacheEviction-AwaitToRun] INFO  util.AwaitToRun (AwaitToRun.java:run(49)) - 923be64f-71f4-4891-b05d-82ff5a9df5b5@group-A538022C1006-cacheEviction-AwaitToRun-AwaitForSignal is interrupted
2024-02-22 20:34:20,491 [Thread-1801] INFO  server.GrpcServerProtocolClient (GrpcServerProtocolClient.java:close(103)) - e780b093-7242-46d7-bd8f-0f810188c7b3 Close channels
2024-02-22 20:34:20,491 [923be64f-71f4-4891-b05d-82ff5a9df5b5@group-2F189D2772BA-cacheEviction-AwaitToRun] INFO  util.AwaitToRun (AwaitToRun.java:run(49)) - 923be64f-71f4-4891-b05d-82ff5a9df5b5@group-2F189D2772BA-cacheEviction-AwaitToRun-AwaitForSignal is interrupted
2024-02-22 20:34:20,483 [923be64f-71f4-4891-b05d-82ff5a9df5b5@group-BDBAD3AB70B4-StateMachineUpdater] INFO  ratis.ContainerStateMachine (ContainerStateMachine.java:takeSnapshot(355)) - group-BDBAD3AB70B4: Taking a snapshot at:(t:1, i:0) file /home/runner/work/ozone/ozone/hadoop-ozone/integration-test/target/test-dir/MiniOzoneClusterImpl-a0fc024b-a492-45a5-9697-b0d14f72cb5c/datanode-1/data/ratis/2f90e3ba-f3fd-48ab-9225-bdbad3ab70b4/sm/snapshot.1_0
2024-02-22 20:34:20,483 [923be64f-71f4-4891-b05d-82ff5a9df5b5@group-AFFC1E458E84-StateMachineUpdater] INFO  ratis.ContainerStateMachine (ContainerStateMachine.java:takeSnapshot(355)) - group-AFFC1E458E84: Taking a snapshot at:(t:1, i:0) file /home/runner/work/ozone/ozone/hadoop-ozone/integration-test/target/test-dir/MiniOzoneClusterImpl-a0fc024b-a492-45a5-9697-b0d14f72cb5c/datanode-1/data/ratis/7a70ea48-d71a-4b2b-bc50-affc1e458e84/sm/snapshot.1_0
2024-02-22 20:34:20,482 [923be64f-71f4-4891-b05d-82ff5a9df5b5-impl-thread3] INFO  impl.StateMachineUpdater (StateMachineUpdater.java:stopAndJoin(157)) - 923be64f-71f4-4891-b05d-82ff5a9df5b5@group-5D786B606559-StateMachineUpdater: set stopIndex = 0
2024-02-22 20:34:20,496 [923be64f-71f4-4891-b05d-82ff5a9df5b5@group-BDBAD3AB70B4-StateMachineUpdater] INFO  ratis.ContainerStateMachine (ContainerStateMachine.java:takeSnapshot(366)) - group-BDBAD3AB70B4: Finished taking a snapshot at:(t:1, i:0) file:/home/runner/work/ozone/ozone/hadoop-ozone/integration-test/target/test-dir/MiniOzoneClusterImpl-a0fc024b-a492-45a5-9697-b0d14f72cb5c/datanode-1/data/ratis/2f90e3ba-f3fd-48ab-9225-bdbad3ab70b4/sm/snapshot.1_0 took: 14 ms
2024-02-22 20:34:20,482 [923be64f-71f4-4891-b05d-82ff5a9df5b5@group-5D786B606559-StateMachineUpdater] INFO  ratis.ContainerStateMachine (ContainerStateMachine.java:takeSnapshot(355)) - group-5D786B606559: Taking a snapshot at:(t:1, i:0) file /home/runner/work/ozone/ozone/hadoop-ozone/integration-test/target/test-dir/MiniOzoneClusterImpl-a0fc024b-a492-45a5-9697-b0d14f72cb5c/datanode-1/data/ratis/fe00566f-73d9-496a-868e-5d786b606559/sm/snapshot.1_0
2024-02-22 20:34:20,497 [923be64f-71f4-4891-b05d-82ff5a9df5b5@group-5D786B606559-StateMachineUpdater] INFO  ratis.ContainerStateMachine (ContainerStateMachine.java:takeSnapshot(366)) - group-5D786B606559: Finished taking a snapshot at:(t:1, i:0) file:/home/runner/work/ozone/ozone/hadoop-ozone/integration-test/target/test-dir/MiniOzoneClusterImpl-a0fc024b-a492-45a5-9697-b0d14f72cb5c/datanode-1/data/ratis/fe00566f-73d9-496a-868e-5d786b606559/sm/snapshot.1_0 took: 15 ms
2024-02-22 20:34:20,498 [923be64f-71f4-4891-b05d-82ff5a9df5b5@group-5D786B606559-StateMachineUpdater] INFO  impl.StateMachineUpdater (StateMachineUpdater.java:takeSnapshot(295)) - 923be64f-71f4-4891-b05d-82ff5a9df5b5@group-5D786B606559-StateMachineUpdater: Took a snapshot at index 0
2024-02-22 20:34:20,498 [923be64f-71f4-4891-b05d-82ff5a9df5b5@group-5D786B606559-StateMachineUpdater] INFO  impl.StateMachineUpdater (StateMachineUpdater.java:lambda$new$0(98)) - 923be64f-71f4-4891-b05d-82ff5a9df5b5@group-5D786B606559-StateMachineUpdater: snapshotIndex: updateIncreasingly -1 -> 0
2024-02-22 20:34:20,499 [923be64f-71f4-4891-b05d-82ff5a9df5b5-impl-thread3] INFO  server.RaftServer$Division (ServerState.java:close(427)) - 923be64f-71f4-4891-b05d-82ff5a9df5b5@group-5D786B606559: applyIndex: 0
2024-02-22 20:34:20,482 [Thread-1802] INFO  server.GrpcServerProtocolClient (GrpcServerProtocolClient.java:close(103)) - d25dc3b0-28fc-4383-b1a0-617845025f41 Close channels
2024-02-22 20:34:20,482 [923be64f-71f4-4891-b05d-82ff5a9df5b5-impl-thread8] INFO  server.RaftServer$Division (RaftServerImpl.java:lambda$close$3(526)) - 923be64f-71f4-4891-b05d-82ff5a9df5b5@group-97BB02909E0E: shutdown
2024-02-22 20:34:20,482 [923be64f-71f4-4891-b05d-82ff5a9df5b5@group-5D786B606559-FollowerState] INFO  impl.FollowerState (FollowerState.java:run(152)) - 923be64f-71f4-4891-b05d-82ff5a9df5b5@group-5D786B606559-FollowerState was interrupted
2024-02-22 20:34:20,482 [923be64f-71f4-4891-b05d-82ff5a9df5b5@group-AFFC1E458E84-FollowerState] INFO  impl.FollowerState (FollowerState.java:run(152)) - 923be64f-71f4-4891-b05d-82ff5a9df5b5@group-AFFC1E458E84-FollowerState was interrupted
2024-02-22 20:34:20,499 [923be64f-71f4-4891-b05d-82ff5a9df5b5@group-5D786B606559-cacheEviction-AwaitToRun] INFO  util.AwaitToRun (AwaitToRun.java:run(49)) - 923be64f-71f4-4891-b05d-82ff5a9df5b5@group-5D786B606559-cacheEviction-AwaitToRun-AwaitForSignal is interrupted
2024-02-22 20:34:20,496 [923be64f-71f4-4891-b05d-82ff5a9df5b5@group-BDBAD3AB70B4-StateMachineUpdater] INFO  impl.StateMachineUpdater (StateMachineUpdater.java:takeSnapshot(295)) - 923be64f-71f4-4891-b05d-82ff5a9df5b5@group-BDBAD3AB70B4-StateMachineUpdater: Took a snapshot at index 0
2024-02-22 20:34:20,496 [923be64f-71f4-4891-b05d-82ff5a9df5b5@group-AFFC1E458E84-StateMachineUpdater] INFO  ratis.ContainerStateMachine (ContainerStateMachine.java:takeSnapshot(366)) - group-AFFC1E458E84: Finished taking a snapshot at:(t:1, i:0) file:/home/runner/work/ozone/ozone/hadoop-ozone/integration-test/target/test-dir/MiniOzoneClusterImpl-a0fc024b-a492-45a5-9697-b0d14f72cb5c/datanode-1/data/ratis/7a70ea48-d71a-4b2b-bc50-affc1e458e84/sm/snapshot.1_0 took: 14 ms
2024-02-22 20:34:20,503 [923be64f-71f4-4891-b05d-82ff5a9df5b5-impl-thread8] INFO  util.JmxRegister (JmxRegister.java:unregister(73)) - Successfully un-registered JMX Bean with object name Ratis:service=RaftServer,group=group-97BB02909E0E,id=923be64f-71f4-4891-b05d-82ff5a9df5b5
2024-02-22 20:34:20,503 [923be64f-71f4-4891-b05d-82ff5a9df5b5@group-BDBAD3AB70B4-StateMachineUpdater] INFO  impl.StateMachineUpdater (StateMachineUpdater.java:lambda$new$0(98)) - 923be64f-71f4-4891-b05d-82ff5a9df5b5@group-BDBAD3AB70B4-StateMachineUpdater: snapshotIndex: updateIncreasingly -1 -> 0
2024-02-22 20:34:20,504 [923be64f-71f4-4891-b05d-82ff5a9df5b5-impl-thread8] INFO  impl.RoleInfo (RoleInfo.java:shutdownFollowerState(110)) - 923be64f-71f4-4891-b05d-82ff5a9df5b5: shutdown 923be64f-71f4-4891-b05d-82ff5a9df5b5@group-97BB02909E0E-FollowerState
2024-02-22 20:34:20,504 [923be64f-71f4-4891-b05d-82ff5a9df5b5@group-AFFC1E458E84-StateMachineUpdater] INFO  impl.StateMachineUpdater (StateMachineUpdater.java:takeSnapshot(295)) - 923be64f-71f4-4891-b05d-82ff5a9df5b5@group-AFFC1E458E84-StateMachineUpdater: Took a snapshot at index 0
2024-02-22 20:34:20,505 [923be64f-71f4-4891-b05d-82ff5a9df5b5@group-AFFC1E458E84-StateMachineUpdater] INFO  impl.StateMachineUpdater (StateMachineUpdater.java:lambda$new$0(98)) - 923be64f-71f4-4891-b05d-82ff5a9df5b5@group-AFFC1E458E84-StateMachineUpdater: snapshotIndex: updateIncreasingly -1 -> 0
2024-02-22 20:34:20,504 [923be64f-71f4-4891-b05d-82ff5a9df5b5-impl-thread8] INFO  impl.StateMachineUpdater (StateMachineUpdater.java:stopAndJoin(157)) - 923be64f-71f4-4891-b05d-82ff5a9df5b5@group-97BB02909E0E-StateMachineUpdater: set stopIndex = 0
2024-02-22 20:34:20,504 [923be64f-71f4-4891-b05d-82ff5a9df5b5@group-97BB02909E0E-FollowerState] INFO  impl.FollowerState (FollowerState.java:run(152)) - 923be64f-71f4-4891-b05d-82ff5a9df5b5@group-97BB02909E0E-FollowerState was interrupted
2024-02-22 20:34:20,504 [923be64f-71f4-4891-b05d-82ff5a9df5b5-impl-thread7] INFO  server.RaftServer$Division (ServerState.java:close(427)) - 923be64f-71f4-4891-b05d-82ff5a9df5b5@group-BDBAD3AB70B4: applyIndex: 0
2024-02-22 20:34:20,505 [923be64f-71f4-4891-b05d-82ff5a9df5b5-impl-thread5] INFO  server.RaftServer$Division (ServerState.java:close(427)) - 923be64f-71f4-4891-b05d-82ff5a9df5b5@group-AFFC1E458E84: applyIndex: 0
2024-02-22 20:34:20,505 [main] INFO  server.GrpcService (GrpcService.java:closeImpl(320)) - 923be64f-71f4-4891-b05d-82ff5a9df5b5: shutdown server org.apache.ratis.grpc.server.GrpcClientProtocolService successfully
2024-02-22 20:34:20,505 [923be64f-71f4-4891-b05d-82ff5a9df5b5@group-97BB02909E0E-StateMachineUpdater] INFO  ratis.ContainerStateMachine (ContainerStateMachine.java:takeSnapshot(355)) - group-97BB02909E0E: Taking a snapshot at:(t:1, i:0) file /home/runner/work/ozone/ozone/hadoop-ozone/integration-test/target/test-dir/MiniOzoneClusterImpl-a0fc024b-a492-45a5-9697-b0d14f72cb5c/datanode-1/data/ratis/d9165cc6-fdfc-42ee-9f98-97bb02909e0e/sm/snapshot.1_0
2024-02-22 20:34:20,508 [main] INFO  server.GrpcService (GrpcService.java:closeImpl(311)) - 923be64f-71f4-4891-b05d-82ff5a9df5b5: shutdown server GrpcServerProtocolService now
2024-02-22 20:34:20,508 [923be64f-71f4-4891-b05d-82ff5a9df5b5@group-AFFC1E458E84-cacheEviction-AwaitToRun] INFO  util.AwaitToRun (AwaitToRun.java:run(49)) - 923be64f-71f4-4891-b05d-82ff5a9df5b5@group-AFFC1E458E84-cacheEviction-AwaitToRun-AwaitForSignal is interrupted
2024-02-22 20:34:20,509 [923be64f-71f4-4891-b05d-82ff5a9df5b5@group-97BB02909E0E-StateMachineUpdater] INFO  ratis.ContainerStateMachine (ContainerStateMachine.java:takeSnapshot(366)) - group-97BB02909E0E: Finished taking a snapshot at:(t:1, i:0) file:/home/runner/work/ozone/ozone/hadoop-ozone/integration-test/target/test-dir/MiniOzoneClusterImpl-a0fc024b-a492-45a5-9697-b0d14f72cb5c/datanode-1/data/ratis/d9165cc6-fdfc-42ee-9f98-97bb02909e0e/sm/snapshot.1_0 took: 5 ms
2024-02-22 20:34:20,508 [923be64f-71f4-4891-b05d-82ff5a9df5b5@group-BDBAD3AB70B4-cacheEviction-AwaitToRun] INFO  util.AwaitToRun (AwaitToRun.java:run(49)) - 923be64f-71f4-4891-b05d-82ff5a9df5b5@group-BDBAD3AB70B4-cacheEviction-AwaitToRun-AwaitForSignal is interrupted
2024-02-22 20:34:20,511 [923be64f-71f4-4891-b05d-82ff5a9df5b5@group-97BB02909E0E-StateMachineUpdater] INFO  impl.StateMachineUpdater (StateMachineUpdater.java:takeSnapshot(295)) - 923be64f-71f4-4891-b05d-82ff5a9df5b5@group-97BB02909E0E-StateMachineUpdater: Took a snapshot at index 0
2024-02-22 20:34:20,514 [grpc-default-executor-4] WARN  server.GrpcLogAppender (LogUtils.java:warn(121)) - e780b093-7242-46d7-bd8f-0f810188c7b3@group-A538022C1006->923be64f-71f4-4891-b05d-82ff5a9df5b5-AppendLogResponseHandler: Failed appendEntries: org.apache.ratis.thirdparty.io.grpc.StatusRuntimeException: CANCELLED: RST_STREAM closed stream. HTTP/2 error code: CANCEL
2024-02-22 20:34:20,516 [grpc-default-executor-4] WARN  server.GrpcLogAppender (GrpcLogAppender.java:lambda$resetClient$1(217)) - e780b093-7242-46d7-bd8f-0f810188c7b3@group-A538022C1006->923be64f-71f4-4891-b05d-82ff5a9df5b5-GrpcLogAppender: Follower failed (request=null, errorCount=1); keep nextIndex (1) unchanged and retry.
2024-02-22 20:34:20,517 [grpc-default-executor-6] WARN  server.GrpcServerProtocolService (LogUtils.java:warn(121)) - 923be64f-71f4-4891-b05d-82ff5a9df5b5: APPEND_ENTRIES onError, lastRequest: null: org.apache.ratis.thirdparty.io.grpc.StatusRuntimeException: CANCELLED: client cancelled
2024-02-22 20:34:20,518 [grpc-default-executor-9] WARN  server.GrpcLogAppender (LogUtils.java:warn(121)) - 4e8f68d6-fd98-4f77-87e3-715939181693@group-97BB02909E0E->923be64f-71f4-4891-b05d-82ff5a9df5b5-AppendLogResponseHandler: Failed appendEntries: org.apache.ratis.thirdparty.io.grpc.StatusRuntimeException: CANCELLED: RST_STREAM closed stream. HTTP/2 error code: CANCEL
2024-02-22 20:34:20,519 [grpc-default-executor-2] WARN  server.GrpcServerProtocolService (LogUtils.java:warn(121)) - 923be64f-71f4-4891-b05d-82ff5a9df5b5: APPEND_ENTRIES onError, lastRequest: e46a6e51-795f-4801-a523-c45a6c7f2c34->923be64f-71f4-4891-b05d-82ff5a9df5b5#1-t1,previous=(t:0, i:0),leaderCommit=-1,initializing? false,entries: size=1, first=(t:1, i:0), CONFIGURATIONENTRY(current:id: "923be64f-71f4-4891-b05d-82ff5a9df5b5"
address: "10.1.0.33:15023"
dataStreamAddress: "10.1.0.33:15024"
clientAddress: "10.1.0.33:15021"
adminAddress: "10.1.0.33:15022"
startupRole: FOLLOWER
,id: "e46a6e51-795f-4801-a523-c45a6c7f2c34"
address: "10.1.0.33:15014"
priority: 1
dataStreamAddress: "10.1.0.33:15015"
clientAddress: "10.1.0.33:15012"
adminAddress: "10.1.0.33:15013"
startupRole: FOLLOWER
,id: "e780b093-7242-46d7-bd8f-0f810188c7b3"
address: "10.1.0.33:15095"
dataStreamAddress: "10.1.0.33:15096"
clientAddress: "10.1.0.33:15093"
adminAddress: "10.1.0.33:15094"
startupRole: FOLLOWER
, old:): org.apache.ratis.thirdparty.io.grpc.StatusRuntimeException: CANCELLED: client cancelled
2024-02-22 20:34:20,512 [grpc-default-executor-13] WARN  server.GrpcServerProtocolService (LogUtils.java:warn(121)) - 923be64f-71f4-4891-b05d-82ff5a9df5b5: APPEND_ENTRIES onError, lastRequest: null: org.apache.ratis.thirdparty.io.grpc.StatusRuntimeException: CANCELLED: client cancelled
2024-02-22 20:34:20,518 [grpc-default-executor-11] WARN  server.GrpcServerProtocolService (LogUtils.java:warn(121)) - 923be64f-71f4-4891-b05d-82ff5a9df5b5: APPEND_ENTRIES onError, lastRequest: null: org.apache.ratis.thirdparty.io.grpc.StatusRuntimeException: CANCELLED: client cancelled
2024-02-22 20:34:20,518 [grpc-default-executor-10] WARN  server.GrpcServerProtocolService (LogUtils.java:warn(121)) - 923be64f-71f4-4891-b05d-82ff5a9df5b5: APPEND_ENTRIES onError, lastRequest: dc26353c-d48a-467d-89cd-3a7c4b626396->923be64f-71f4-4891-b05d-82ff5a9df5b5#1-t1,previous=(t:0, i:0),leaderCommit=-1,initializing? false,entries: size=1, first=(t:1, i:0), CONFIGURATIONENTRY(current:id: "923be64f-71f4-4891-b05d-82ff5a9df5b5"
address: "10.1.0.33:15023"
dataStreamAddress: "10.1.0.33:15024"
clientAddress: "10.1.0.33:15021"
adminAddress: "10.1.0.33:15022"
startupRole: FOLLOWER
,id: "e46a6e51-795f-4801-a523-c45a6c7f2c34"
address: "10.1.0.33:15014"
dataStreamAddress: "10.1.0.33:15015"
clientAddress: "10.1.0.33:15012"
adminAddress: "10.1.0.33:15013"
startupRole: FOLLOWER
,id: "dc26353c-d48a-467d-89cd-3a7c4b626396"
address: "10.1.0.33:15050"
priority: 1
dataStreamAddress: "10.1.0.33:15051"
clientAddress: "10.1.0.33:15048"
adminAddress: "10.1.0.33:15049"
startupRole: FOLLOWER
, old:): org.apache.ratis.thirdparty.io.grpc.StatusRuntimeException: CANCELLED: client cancelled
2024-02-22 20:34:20,516 [923be64f-71f4-4891-b05d-82ff5a9df5b5@group-97BB02909E0E-StateMachineUpdater] INFO  impl.StateMachineUpdater (StateMachineUpdater.java:lambda$new$0(98)) - 923be64f-71f4-4891-b05d-82ff5a9df5b5@group-97BB02909E0E-StateMachineUpdater: snapshotIndex: updateIncreasingly -1 -> 0
2024-02-22 20:34:20,521 [923be64f-71f4-4891-b05d-82ff5a9df5b5-impl-thread8] INFO  server.RaftServer$Division (ServerState.java:close(427)) - 923be64f-71f4-4891-b05d-82ff5a9df5b5@group-97BB02909E0E: applyIndex: 0
2024-02-22 20:34:20,522 [grpc-default-executor-8] WARN  server.GrpcServerProtocolService (LogUtils.java:warn(121)) - 923be64f-71f4-4891-b05d-82ff5a9df5b5: APPEND_ENTRIES onError, lastRequest: e780b093-7242-46d7-bd8f-0f810188c7b3->923be64f-71f4-4891-b05d-82ff5a9df5b5#1-t1,previous=(t:0, i:0),leaderCommit=-1,initializing? false,entries: size=1, first=(t:1, i:0), CONFIGURATIONENTRY(current:id: "923be64f-71f4-4891-b05d-82ff5a9df5b5"
address: "10.1.0.33:15023"
dataStreamAddress: "10.1.0.33:15024"
clientAddress: "10.1.0.33:15021"
adminAddress: "10.1.0.33:15022"
startupRole: FOLLOWER
,id: "e46a6e51-795f-4801-a523-c45a6c7f2c34"
address: "10.1.0.33:15014"
dataStreamAddress: "10.1.0.33:15015"
clientAddress: "10.1.0.33:15012"
adminAddress: "10.1.0.33:15013"
startupRole: FOLLOWER
,id: "e780b093-7242-46d7-bd8f-0f810188c7b3"
address: "10.1.0.33:15095"
priority: 1
dataStreamAddress: "10.1.0.33:15096"
clientAddress: "10.1.0.33:15093"
adminAddress: "10.1.0.33:15094"
startupRole: FOLLOWER
, old:): org.apache.ratis.thirdparty.io.grpc.StatusRuntimeException: CANCELLED: client cancelled
2024-02-22 20:34:20,524 [grpc-default-executor-12] WARN  server.GrpcLogAppender (LogUtils.java:warn(121)) - e46a6e51-795f-4801-a523-c45a6c7f2c34@group-AFFC1E458E84->923be64f-71f4-4891-b05d-82ff5a9df5b5-AppendLogResponseHandler: Failed appendEntries: org.apache.ratis.thirdparty.io.grpc.StatusRuntimeException: CANCELLED: RST_STREAM closed stream. HTTP/2 error code: CANCEL
2024-02-22 20:34:20,525 [grpc-default-executor-4] WARN  server.GrpcLogAppender (LogUtils.java:warn(121)) - e46a6e51-795f-4801-a523-c45a6c7f2c34@group-5D786B606559->923be64f-71f4-4891-b05d-82ff5a9df5b5-AppendLogResponseHandler: Failed appendEntries: org.apache.ratis.thirdparty.io.grpc.StatusRuntimeException: CANCELLED: RST_STREAM closed stream. HTTP/2 error code: CANCEL
2024-02-22 20:34:20,526 [grpc-default-executor-10] WARN  server.GrpcServerProtocolService (LogUtils.java:warn(121)) - 923be64f-71f4-4891-b05d-82ff5a9df5b5: APPEND_ENTRIES onError, lastRequest: 4e8f68d6-fd98-4f77-87e3-715939181693->923be64f-71f4-4891-b05d-82ff5a9df5b5#1-t1,previous=(t:0, i:0),leaderCommit=-1,initializing? false,entries: size=1, first=(t:1, i:0), CONFIGURATIONENTRY(current:id: "923be64f-71f4-4891-b05d-82ff5a9df5b5"
address: "10.1.0.33:15023"
dataStreamAddress: "10.1.0.33:15024"
clientAddress: "10.1.0.33:15021"
adminAddress: "10.1.0.33:15022"
startupRole: FOLLOWER
,id: "d25dc3b0-28fc-4383-b1a0-617845025f41"
address: "10.1.0.33:15032"
dataStreamAddress: "10.1.0.33:15033"
clientAddress: "10.1.0.33:15030"
adminAddress: "10.1.0.33:15031"
startupRole: FOLLOWER
,id: "4e8f68d6-fd98-4f77-87e3-715939181693"
address: "10.1.0.33:15041"
priority: 1
dataStreamAddress: "10.1.0.33:15042"
clientAddress: "10.1.0.33:15039"
adminAddress: "10.1.0.33:15040"
startupRole: FOLLOWER
, old:): org.apache.ratis.thirdparty.io.grpc.StatusRuntimeException: CANCELLED: client cancelled
2024-02-22 20:34:20,520 [grpc-default-executor-1] WARN  server.GrpcServerProtocolService (LogUtils.java:warn(121)) - 923be64f-71f4-4891-b05d-82ff5a9df5b5: APPEND_ENTRIES onError, lastRequest: e46a6e51-795f-4801-a523-c45a6c7f2c34->923be64f-71f4-4891-b05d-82ff5a9df5b5#1-t1,previous=(t:0, i:0),leaderCommit=-1,initializing? false,entries: size=1, first=(t:1, i:0), CONFIGURATIONENTRY(current:id: "923be64f-71f4-4891-b05d-82ff5a9df5b5"
address: "10.1.0.33:15023"
dataStreamAddress: "10.1.0.33:15024"
clientAddress: "10.1.0.33:15021"
adminAddress: "10.1.0.33:15022"
startupRole: FOLLOWER
,id: "e46a6e51-795f-4801-a523-c45a6c7f2c34"
address: "10.1.0.33:15014"
priority: 1
dataStreamAddress: "10.1.0.33:15015"
clientAddress: "10.1.0.33:15012"
adminAddress: "10.1.0.33:15013"
startupRole: FOLLOWER
,id: "d25dc3b0-28fc-4383-b1a0-617845025f41"
address: "10.1.0.33:15032"
dataStreamAddress: "10.1.0.33:15033"
clientAddress: "10.1.0.33:15030"
adminAddress: "10.1.0.33:15031"
startupRole: FOLLOWER
, old:): org.apache.ratis.thirdparty.io.grpc.StatusRuntimeException: CANCELLED: client cancelled
2024-02-22 20:34:20,529 [grpc-default-executor-13] WARN  server.GrpcLogAppender (LogUtils.java:warn(121)) - d25dc3b0-28fc-4383-b1a0-617845025f41@group-2F189D2772BA->923be64f-71f4-4891-b05d-82ff5a9df5b5-AppendLogResponseHandler: Failed appendEntries: org.apache.ratis.thirdparty.io.grpc.StatusRuntimeException: CANCELLED: RST_STREAM closed stream. HTTP/2 error code: CANCEL
2024-02-22 20:34:20,529 [grpc-default-executor-3] WARN  server.GrpcServerProtocolService (LogUtils.java:warn(121)) - 923be64f-71f4-4891-b05d-82ff5a9df5b5: APPEND_ENTRIES onError, lastRequest: null: org.apache.ratis.thirdparty.io.grpc.StatusRuntimeException: CANCELLED: client cancelled
2024-02-22 20:34:20,529 [main] INFO  server.GrpcService (GrpcService.java:closeImpl(320)) - 923be64f-71f4-4891-b05d-82ff5a9df5b5: shutdown server GrpcServerProtocolService successfully
2024-02-22 20:34:20,530 [main] INFO  server.GrpcService (GrpcService.java:closeImpl(311)) - 923be64f-71f4-4891-b05d-82ff5a9df5b5: shutdown server org.apache.ratis.grpc.server.GrpcAdminProtocolService now
2024-02-22 20:34:20,529 [grpc-default-executor-2] WARN  server.GrpcServerProtocolService (LogUtils.java:warn(121)) - 923be64f-71f4-4891-b05d-82ff5a9df5b5: APPEND_ENTRIES onError, lastRequest: null: org.apache.ratis.thirdparty.io.grpc.StatusRuntimeException: CANCELLED: client cancelled
2024-02-22 20:34:20,530 [grpc-default-executor-4] WARN  server.GrpcServerProtocolService (LogUtils.java:warn(121)) - 923be64f-71f4-4891-b05d-82ff5a9df5b5: APPEND_ENTRIES onError, lastRequest: null: org.apache.ratis.thirdparty.io.grpc.StatusRuntimeException: CANCELLED: client cancelled
2024-02-22 20:34:20,530 [grpc-default-executor-8] WARN  server.GrpcLogAppender (LogUtils.java:warn(121)) - dc26353c-d48a-467d-89cd-3a7c4b626396@group-BDBAD3AB70B4->923be64f-71f4-4891-b05d-82ff5a9df5b5-AppendLogResponseHandler: Failed appendEntries: org.apache.ratis.thirdparty.io.grpc.StatusRuntimeException: CANCELLED: RST_STREAM closed stream. HTTP/2 error code: CANCEL
2024-02-22 20:34:20,532 [grpc-default-executor-10] WARN  server.GrpcServerProtocolService (LogUtils.java:warn(121)) - 923be64f-71f4-4891-b05d-82ff5a9df5b5: APPEND_ENTRIES onError, lastRequest: d25dc3b0-28fc-4383-b1a0-617845025f41->923be64f-71f4-4891-b05d-82ff5a9df5b5#1-t1,previous=(t:0, i:0),leaderCommit=-1,initializing? false,entries: size=1, first=(t:1, i:0), CONFIGURATIONENTRY(current:id: "923be64f-71f4-4891-b05d-82ff5a9df5b5"
address: "10.1.0.33:15023"
dataStreamAddress: "10.1.0.33:15024"
clientAddress: "10.1.0.33:15021"
adminAddress: "10.1.0.33:15022"
startupRole: FOLLOWER
,id: "e46a6e51-795f-4801-a523-c45a6c7f2c34"
address: "10.1.0.33:15014"
dataStreamAddress: "10.1.0.33:15015"
clientAddress: "10.1.0.33:15012"
adminAddress: "10.1.0.33:15013"
startupRole: FOLLOWER
,id: "d25dc3b0-28fc-4383-b1a0-617845025f41"
address: "10.1.0.33:15032"
priority: 1
dataStreamAddress: "10.1.0.33:15033"
clientAddress: "10.1.0.33:15030"
adminAddress: "10.1.0.33:15031"
startupRole: FOLLOWER
, old:): org.apache.ratis.thirdparty.io.grpc.StatusRuntimeException: CANCELLED: client cancelled
2024-02-22 20:34:20,534 [923be64f-71f4-4891-b05d-82ff5a9df5b5@group-97BB02909E0E-cacheEviction-AwaitToRun] INFO  util.AwaitToRun (AwaitToRun.java:run(49)) - 923be64f-71f4-4891-b05d-82ff5a9df5b5@group-97BB02909E0E-cacheEviction-AwaitToRun-AwaitForSignal is interrupted
2024-02-22 20:34:20,543 [923be64f-71f4-4891-b05d-82ff5a9df5b5-impl-thread1] INFO  segmented.SegmentedRaftLogWorker (SegmentedRaftLogWorker.java:close(245)) - 923be64f-71f4-4891-b05d-82ff5a9df5b5@group-F32933EC9ABE-SegmentedRaftLogWorker close()
2024-02-22 20:34:20,547 [main] INFO  server.GrpcService (GrpcService.java:closeImpl(320)) - 923be64f-71f4-4891-b05d-82ff5a9df5b5: shutdown server org.apache.ratis.grpc.server.GrpcAdminProtocolService successfully
2024-02-22 20:34:20,598 [923be64f-71f4-4891-b05d-82ff5a9df5b5-impl-thread4] INFO  segmented.SegmentedRaftLogWorker (SegmentedRaftLogWorker.java:close(245)) - 923be64f-71f4-4891-b05d-82ff5a9df5b5@group-26EAFC745620-SegmentedRaftLogWorker close()
2024-02-22 20:34:20,603 [923be64f-71f4-4891-b05d-82ff5a9df5b5-NettyServerStreamRpc-bossGroup--thread1] INFO  logging.LoggingHandler (AbstractInternalLogger.java:log(148)) - [id: 0x3108b244, L:/0.0.0.0:15024] CLOSE
2024-02-22 20:34:20,603 [923be64f-71f4-4891-b05d-82ff5a9df5b5-NettyServerStreamRpc-bossGroup--thread1] INFO  logging.LoggingHandler (AbstractInternalLogger.java:log(148)) - [id: 0x3108b244, L:/0.0.0.0:15024] INACTIVE
2024-02-22 20:34:20,603 [923be64f-71f4-4891-b05d-82ff5a9df5b5-NettyServerStreamRpc-bossGroup--thread1] INFO  logging.LoggingHandler (AbstractInternalLogger.java:log(148)) - [id: 0x3108b244, L:/0.0.0.0:15024] UNREGISTERED
2024-02-22 20:34:20,669 [923be64f-71f4-4891-b05d-82ff5a9df5b5-impl-thread3] INFO  segmented.SegmentedRaftLogWorker (SegmentedRaftLogWorker.java:close(245)) - 923be64f-71f4-4891-b05d-82ff5a9df5b5@group-5D786B606559-SegmentedRaftLogWorker close()
2024-02-22 20:34:20,741 [923be64f-71f4-4891-b05d-82ff5a9df5b5-impl-thread8] INFO  segmented.SegmentedRaftLogWorker (SegmentedRaftLogWorker.java:close(245)) - 923be64f-71f4-4891-b05d-82ff5a9df5b5@group-97BB02909E0E-SegmentedRaftLogWorker close()
2024-02-22 20:34:20,823 [923be64f-71f4-4891-b05d-82ff5a9df5b5-impl-thread5] INFO  segmented.SegmentedRaftLogWorker (SegmentedRaftLogWorker.java:close(245)) - 923be64f-71f4-4891-b05d-82ff5a9df5b5@group-AFFC1E458E84-SegmentedRaftLogWorker close()
2024-02-22 20:34:21,265 [923be64f-71f4-4891-b05d-82ff5a9df5b5-impl-thread7] INFO  segmented.SegmentedRaftLogWorker (SegmentedRaftLogWorker.java:close(245)) - 923be64f-71f4-4891-b05d-82ff5a9df5b5@group-BDBAD3AB70B4-SegmentedRaftLogWorker close()
2024-02-22 20:34:21,363 [923be64f-71f4-4891-b05d-82ff5a9df5b5-impl-thread2] INFO  segmented.SegmentedRaftLogWorker (SegmentedRaftLogWorker.java:close(245)) - 923be64f-71f4-4891-b05d-82ff5a9df5b5@group-2F189D2772BA-SegmentedRaftLogWorker close()
2024-02-22 20:34:21,432 [923be64f-71f4-4891-b05d-82ff5a9df5b5-impl-thread6] INFO  segmented.SegmentedRaftLogWorker (SegmentedRaftLogWorker.java:close(245)) - 923be64f-71f4-4891-b05d-82ff5a9df5b5@group-A538022C1006-SegmentedRaftLogWorker close()
2024-02-22 20:34:21,434 [JvmPauseMonitor3] INFO  util.JvmPauseMonitor (JvmPauseMonitor.java:run(152)) - JvmPauseMonitor-923be64f-71f4-4891-b05d-82ff5a9df5b5: Stopped
2024-02-22 20:34:21,772 [EventQueue-StaleNodeForStaleNodeHandler] INFO  node.StaleNodeHandler (StaleNodeHandler.java:onMessage(57)) - Datanode 923be64f-71f4-4891-b05d-82ff5a9df5b5(fv-az779-213.k0faouyluq4u1aavuapgg5xmpb.cx.internal.cloudapp.net/10.1.0.33) moved to stale state. Finalizing its pipelines [PipelineID=8d53b36c-f6a6-447d-b29e-f32933ec9abe, PipelineID=06d574de-a9f9-4ab3-be46-2f189d2772ba, PipelineID=fe00566f-73d9-496a-868e-5d786b606559, PipelineID=90e41e33-6449-465e-944d-26eafc745620, PipelineID=7a70ea48-d71a-4b2b-bc50-affc1e458e84, PipelineID=2a31222d-52c7-4961-8445-ec4060d525e3, PipelineID=b7ad60d3-b3bb-4da3-89ae-a538022c1006, PipelineID=2f90e3ba-f3fd-48ab-9225-bdbad3ab70b4, PipelineID=d9165cc6-fdfc-42ee-9f98-97bb02909e0e]
2024-02-22 20:34:21,775 [EventQueue-StaleNodeForStaleNodeHandler] INFO  pipeline.PipelineManagerImpl (PipelineManagerImpl.java:closePipeline(518)) - Pipeline PipelineID=90e41e33-6449-465e-944d-26eafc745620 moved to CLOSED state
2024-02-22 20:34:21,776 [EventQueue-StaleNodeForStaleNodeHandler] INFO  pipeline.PipelineManagerImpl (PipelineManagerImpl.java:closeContainersForPipeline(484)) - Container #2 closed for pipeline=PipelineID=2a31222d-52c7-4961-8445-ec4060d525e3
2024-02-22 20:34:21,776 [EventQueue-CloseContainerForCloseContainerEventHandler] INFO  container.CloseContainerEventHandler (CloseContainerEventHandler.java:onMessage(88)) - Close container Event triggered for container : #2, current state: CLOSING
2024-02-22 20:34:21,779 [EventQueue-StaleNodeForStaleNodeHandler] INFO  pipeline.PipelineManagerImpl (PipelineManagerImpl.java:closePipeline(518)) - Pipeline PipelineID=2a31222d-52c7-4961-8445-ec4060d525e3 moved to CLOSED state
2024-02-22 20:34:21,779 [EventQueue-StaleNodeForStaleNodeHandler] INFO  pipeline.PipelineManagerImpl (PipelineManagerImpl.java:closePipeline(518)) - Pipeline PipelineID=2f90e3ba-f3fd-48ab-9225-bdbad3ab70b4 moved to CLOSED state
2024-02-22 20:34:21,780 [EventQueue-StaleNodeForStaleNodeHandler] INFO  pipeline.PipelineManagerImpl (PipelineManagerImpl.java:closePipeline(518)) - Pipeline PipelineID=d9165cc6-fdfc-42ee-9f98-97bb02909e0e moved to CLOSED state
2024-02-22 20:34:23,275 [EventQueue-DeadNodeForDeadNodeHandler] INFO  node.DeadNodeHandler (DeadNodeHandler.java:onMessage(95)) - A dead datanode is detected. 923be64f-71f4-4891-b05d-82ff5a9df5b5(fv-az779-213.k0faouyluq4u1aavuapgg5xmpb.cx.internal.cloudapp.net/10.1.0.33)
2024-02-22 20:34:23,275 [EventQueue-DeadNodeForDeadNodeHandler] INFO  pipeline.RatisPipelineProvider (RatisPipelineProvider.java:lambda$close$4(270)) - Send pipeline:PipelineID=8d53b36c-f6a6-447d-b29e-f32933ec9abe close command to datanode 923be64f-71f4-4891-b05d-82ff5a9df5b5
2024-02-22 20:34:23,276 [EventQueue-DeadNodeForDeadNodeHandler] INFO  pipeline.PipelineManagerImpl (PipelineManagerImpl.java:removePipeline(459)) - Pipeline Pipeline[ Id: 8d53b36c-f6a6-447d-b29e-f32933ec9abe, Nodes: 923be64f-71f4-4891-b05d-82ff5a9df5b5(fv-az779-213.k0faouyluq4u1aavuapgg5xmpb.cx.internal.cloudapp.net/10.1.0.33), ReplicationConfig: RATIS/ONE, State:CLOSED, leaderId:923be64f-71f4-4891-b05d-82ff5a9df5b5, CreationTimestamp2024-02-22T20:33:36.435Z[Etc/UTC]] removed.
2024-02-22 20:34:23,276 [EventQueue-DeadNodeForDeadNodeHandler] INFO  pipeline.RatisPipelineProvider (RatisPipelineProvider.java:lambda$close$4(270)) - Send pipeline:PipelineID=06d574de-a9f9-4ab3-be46-2f189d2772ba close command to datanode d25dc3b0-28fc-4383-b1a0-617845025f41
2024-02-22 20:34:23,276 [EventQueue-DeadNodeForDeadNodeHandler] INFO  pipeline.RatisPipelineProvider (RatisPipelineProvider.java:lambda$close$4(270)) - Send pipeline:PipelineID=06d574de-a9f9-4ab3-be46-2f189d2772ba close command to datanode e46a6e51-795f-4801-a523-c45a6c7f2c34
2024-02-22 20:34:23,276 [EventQueue-DeadNodeForDeadNodeHandler] INFO  pipeline.RatisPipelineProvider (RatisPipelineProvider.java:lambda$close$4(270)) - Send pipeline:PipelineID=06d574de-a9f9-4ab3-be46-2f189d2772ba close command to datanode 923be64f-71f4-4891-b05d-82ff5a9df5b5
2024-02-22 20:34:23,276 [EventQueue-DeadNodeForDeadNodeHandler] INFO  pipeline.PipelineManagerImpl (PipelineManagerImpl.java:removePipeline(459)) - Pipeline Pipeline[ Id: 06d574de-a9f9-4ab3-be46-2f189d2772ba, Nodes: d25dc3b0-28fc-4383-b1a0-617845025f41(fv-az779-213.k0faouyluq4u1aavuapgg5xmpb.cx.internal.cloudapp.net/10.1.0.33)e46a6e51-795f-4801-a523-c45a6c7f2c34(fv-az779-213.k0faouyluq4u1aavuapgg5xmpb.cx.internal.cloudapp.net/10.1.0.33)923be64f-71f4-4891-b05d-82ff5a9df5b5(fv-az779-213.k0faouyluq4u1aavuapgg5xmpb.cx.internal.cloudapp.net/10.1.0.33), ReplicationConfig: RATIS/THREE, State:CLOSED, leaderId:d25dc3b0-28fc-4383-b1a0-617845025f41, CreationTimestamp2024-02-22T20:33:36.557Z[Etc/UTC]] removed.
2024-02-22 20:34:23,277 [EventQueue-DeadNodeForDeadNodeHandler] INFO  pipeline.RatisPipelineProvider (RatisPipelineProvider.java:lambda$close$4(270)) - Send pipeline:PipelineID=fe00566f-73d9-496a-868e-5d786b606559 close command to datanode 923be64f-71f4-4891-b05d-82ff5a9df5b5
2024-02-22 20:34:23,277 [EventQueue-DeadNodeForDeadNodeHandler] INFO  pipeline.RatisPipelineProvider (RatisPipelineProvider.java:lambda$close$4(270)) - Send pipeline:PipelineID=fe00566f-73d9-496a-868e-5d786b606559 close command to datanode d25dc3b0-28fc-4383-b1a0-617845025f41
2024-02-22 20:34:23,277 [EventQueue-DeadNodeForDeadNodeHandler] INFO  pipeline.RatisPipelineProvider (RatisPipelineProvider.java:lambda$close$4(270)) - Send pipeline:PipelineID=fe00566f-73d9-496a-868e-5d786b606559 close command to datanode e46a6e51-795f-4801-a523-c45a6c7f2c34
2024-02-22 20:34:23,277 [EventQueue-DeadNodeForDeadNodeHandler] INFO  pipeline.PipelineManagerImpl (PipelineManagerImpl.java:removePipeline(459)) - Pipeline Pipeline[ Id: fe00566f-73d9-496a-868e-5d786b606559, Nodes: 923be64f-71f4-4891-b05d-82ff5a9df5b5(fv-az779-213.k0faouyluq4u1aavuapgg5xmpb.cx.internal.cloudapp.net/10.1.0.33)d25dc3b0-28fc-4383-b1a0-617845025f41(fv-az779-213.k0faouyluq4u1aavuapgg5xmpb.cx.internal.cloudapp.net/10.1.0.33)e46a6e51-795f-4801-a523-c45a6c7f2c34(fv-az779-213.k0faouyluq4u1aavuapgg5xmpb.cx.internal.cloudapp.net/10.1.0.33), ReplicationConfig: RATIS/THREE, State:CLOSED, leaderId:e46a6e51-795f-4801-a523-c45a6c7f2c34, CreationTimestamp2024-02-22T20:33:36.554Z[Etc/UTC]] removed.
2024-02-22 20:34:23,277 [EventQueue-DeadNodeForDeadNodeHandler] INFO  pipeline.RatisPipelineProvider (RatisPipelineProvider.java:lambda$close$4(270)) - Send pipeline:PipelineID=90e41e33-6449-465e-944d-26eafc745620 close command to datanode 923be64f-71f4-4891-b05d-82ff5a9df5b5
2024-02-22 20:34:23,278 [EventQueue-DeadNodeForDeadNodeHandler] INFO  pipeline.PipelineManagerImpl (PipelineManagerImpl.java:removePipeline(459)) - Pipeline Pipeline[ Id: 90e41e33-6449-465e-944d-26eafc745620, Nodes: 923be64f-71f4-4891-b05d-82ff5a9df5b5(fv-az779-213.k0faouyluq4u1aavuapgg5xmpb.cx.internal.cloudapp.net/10.1.0.33), ReplicationConfig: RATIS/ONE, State:CLOSED, leaderId:923be64f-71f4-4891-b05d-82ff5a9df5b5, CreationTimestamp2024-02-22T20:33:38.581Z[Etc/UTC]] removed.
2024-02-22 20:34:23,278 [EventQueue-DeadNodeForDeadNodeHandler] INFO  pipeline.RatisPipelineProvider (RatisPipelineProvider.java:lambda$close$4(270)) - Send pipeline:PipelineID=7a70ea48-d71a-4b2b-bc50-affc1e458e84 close command to datanode 923be64f-71f4-4891-b05d-82ff5a9df5b5
2024-02-22 20:34:23,278 [EventQueue-DeadNodeForDeadNodeHandler] INFO  pipeline.RatisPipelineProvider (RatisPipelineProvider.java:lambda$close$4(270)) - Send pipeline:PipelineID=7a70ea48-d71a-4b2b-bc50-affc1e458e84 close command to datanode e780b093-7242-46d7-bd8f-0f810188c7b3
2024-02-22 20:34:23,278 [EventQueue-DeadNodeForDeadNodeHandler] INFO  pipeline.RatisPipelineProvider (RatisPipelineProvider.java:lambda$close$4(270)) - Send pipeline:PipelineID=7a70ea48-d71a-4b2b-bc50-affc1e458e84 close command to datanode e46a6e51-795f-4801-a523-c45a6c7f2c34
2024-02-22 20:34:23,279 [EventQueue-DeadNodeForDeadNodeHandler] INFO  pipeline.PipelineManagerImpl (PipelineManagerImpl.java:removePipeline(459)) - Pipeline Pipeline[ Id: 7a70ea48-d71a-4b2b-bc50-affc1e458e84, Nodes: 923be64f-71f4-4891-b05d-82ff5a9df5b5(fv-az779-213.k0faouyluq4u1aavuapgg5xmpb.cx.internal.cloudapp.net/10.1.0.33)e780b093-7242-46d7-bd8f-0f810188c7b3(fv-az779-213.k0faouyluq4u1aavuapgg5xmpb.cx.internal.cloudapp.net/10.1.0.33)e46a6e51-795f-4801-a523-c45a6c7f2c34(fv-az779-213.k0faouyluq4u1aavuapgg5xmpb.cx.internal.cloudapp.net/10.1.0.33), ReplicationConfig: RATIS/THREE, State:CLOSED, leaderId:e46a6e51-795f-4801-a523-c45a6c7f2c34, CreationTimestamp2024-02-22T20:33:38.584Z[Etc/UTC]] removed.
2024-02-22 20:34:23,279 [EventQueue-DeadNodeForDeadNodeHandler] INFO  pipeline.PipelineManagerImpl (PipelineManagerImpl.java:removePipeline(459)) - Pipeline Pipeline[ Id: 2a31222d-52c7-4961-8445-ec4060d525e3, Nodes: 923be64f-71f4-4891-b05d-82ff5a9df5b5(fv-az779-213.k0faouyluq4u1aavuapgg5xmpb.cx.internal.cloudapp.net/10.1.0.33)4e8f68d6-fd98-4f77-87e3-715939181693(fv-az779-213.k0faouyluq4u1aavuapgg5xmpb.cx.internal.cloudapp.net/10.1.0.33)c30fedce-f286-40e0-881d-3d5a9a6e2463(fv-az779-213.k0faouyluq4u1aavuapgg5xmpb.cx.internal.cloudapp.net/10.1.0.33)13f92446-3b18-4d81-bc66-0f9b00220e72(fv-az779-213.k0faouyluq4u1aavuapgg5xmpb.cx.internal.cloudapp.net/10.1.0.33)dc26353c-d48a-467d-89cd-3a7c4b626396(fv-az779-213.k0faouyluq4u1aavuapgg5xmpb.cx.internal.cloudapp.net/10.1.0.33), ReplicationConfig: EC{rs-3-2-1024k}, State:CLOSED, leaderId:, CreationTimestamp2024-02-22T20:34:19.158Z[Etc/UTC]] removed.
2024-02-22 20:34:23,279 [EventQueue-DeadNodeForDeadNodeHandler] INFO  pipeline.RatisPipelineProvider (RatisPipelineProvider.java:lambda$close$4(270)) - Send pipeline:PipelineID=b7ad60d3-b3bb-4da3-89ae-a538022c1006 close command to datanode 923be64f-71f4-4891-b05d-82ff5a9df5b5
2024-02-22 20:34:23,279 [EventQueue-DeadNodeForDeadNodeHandler] INFO  pipeline.RatisPipelineProvider (RatisPipelineProvider.java:lambda$close$4(270)) - Send pipeline:PipelineID=b7ad60d3-b3bb-4da3-89ae-a538022c1006 close command to datanode e780b093-7242-46d7-bd8f-0f810188c7b3
2024-02-22 20:34:23,279 [EventQueue-DeadNodeForDeadNodeHandler] INFO  pipeline.RatisPipelineProvider (RatisPipelineProvider.java:lambda$close$4(270)) - Send pipeline:PipelineID=b7ad60d3-b3bb-4da3-89ae-a538022c1006 close command to datanode e46a6e51-795f-4801-a523-c45a6c7f2c34
2024-02-22 20:34:23,280 [EventQueue-DeadNodeForDeadNodeHandler] INFO  pipeline.PipelineManagerImpl (PipelineManagerImpl.java:removePipeline(459)) - Pipeline Pipeline[ Id: b7ad60d3-b3bb-4da3-89ae-a538022c1006, Nodes: 923be64f-71f4-4891-b05d-82ff5a9df5b5(fv-az779-213.k0faouyluq4u1aavuapgg5xmpb.cx.internal.cloudapp.net/10.1.0.33)e780b093-7242-46d7-bd8f-0f810188c7b3(fv-az779-213.k0faouyluq4u1aavuapgg5xmpb.cx.internal.cloudapp.net/10.1.0.33)e46a6e51-795f-4801-a523-c45a6c7f2c34(fv-az779-213.k0faouyluq4u1aavuapgg5xmpb.cx.internal.cloudapp.net/10.1.0.33), ReplicationConfig: RATIS/THREE, State:CLOSED, leaderId:e780b093-7242-46d7-bd8f-0f810188c7b3, CreationTimestamp2024-02-22T20:33:38.582Z[Etc/UTC]] removed.
2024-02-22 20:34:23,280 [EventQueue-DeadNodeForDeadNodeHandler] INFO  pipeline.RatisPipelineProvider (RatisPipelineProvider.java:lambda$close$4(270)) - Send pipeline:PipelineID=2f90e3ba-f3fd-48ab-9225-bdbad3ab70b4 close command to datanode e46a6e51-795f-4801-a523-c45a6c7f2c34
2024-02-22 20:34:23,280 [EventQueue-DeadNodeForDeadNodeHandler] INFO  pipeline.RatisPipelineProvider (RatisPipelineProvider.java:lambda$close$4(270)) - Send pipeline:PipelineID=2f90e3ba-f3fd-48ab-9225-bdbad3ab70b4 close command to datanode 923be64f-71f4-4891-b05d-82ff5a9df5b5
2024-02-22 20:34:23,280 [EventQueue-DeadNodeForDeadNodeHandler] INFO  pipeline.RatisPipelineProvider (RatisPipelineProvider.java:lambda$close$4(270)) - Send pipeline:PipelineID=2f90e3ba-f3fd-48ab-9225-bdbad3ab70b4 close command to datanode dc26353c-d48a-467d-89cd-3a7c4b626396
2024-02-22 20:34:23,280 [EventQueue-DeadNodeForDeadNodeHandler] INFO  pipeline.PipelineManagerImpl (PipelineManagerImpl.java:removePipeline(459)) - Pipeline Pipeline[ Id: 2f90e3ba-f3fd-48ab-9225-bdbad3ab70b4, Nodes: e46a6e51-795f-4801-a523-c45a6c7f2c34(fv-az779-213.k0faouyluq4u1aavuapgg5xmpb.cx.internal.cloudapp.net/10.1.0.33)923be64f-71f4-4891-b05d-82ff5a9df5b5(fv-az779-213.k0faouyluq4u1aavuapgg5xmpb.cx.internal.cloudapp.net/10.1.0.33)dc26353c-d48a-467d-89cd-3a7c4b626396(fv-az779-213.k0faouyluq4u1aavuapgg5xmpb.cx.internal.cloudapp.net/10.1.0.33), ReplicationConfig: RATIS/THREE, State:CLOSED, leaderId:dc26353c-d48a-467d-89cd-3a7c4b626396, CreationTimestamp2024-02-22T20:33:39.087Z[Etc/UTC]] removed.
2024-02-22 20:34:23,281 [EventQueue-DeadNodeForDeadNodeHandler] INFO  pipeline.RatisPipelineProvider (RatisPipelineProvider.java:lambda$close$4(270)) - Send pipeline:PipelineID=d9165cc6-fdfc-42ee-9f98-97bb02909e0e close command to datanode d25dc3b0-28fc-4383-b1a0-617845025f41
2024-02-22 20:34:23,281 [EventQueue-DeadNodeForDeadNodeHandler] INFO  pipeline.RatisPipelineProvider (RatisPipelineProvider.java:lambda$close$4(270)) - Send pipeline:PipelineID=d9165cc6-fdfc-42ee-9f98-97bb02909e0e close command to datanode 923be64f-71f4-4891-b05d-82ff5a9df5b5
2024-02-22 20:34:23,281 [EventQueue-DeadNodeForDeadNodeHandler] INFO  pipeline.RatisPipelineProvider (RatisPipelineProvider.java:lambda$close$4(270)) - Send pipeline:PipelineID=d9165cc6-fdfc-42ee-9f98-97bb02909e0e close command to datanode 4e8f68d6-fd98-4f77-87e3-715939181693
2024-02-22 20:34:23,282 [EventQueue-DeadNodeForDeadNodeHandler] INFO  pipeline.PipelineManagerImpl (PipelineManagerImpl.java:removePipeline(459)) - Pipeline Pipeline[ Id: d9165cc6-fdfc-42ee-9f98-97bb02909e0e, Nodes: d25dc3b0-28fc-4383-b1a0-617845025f41(fv-az779-213.k0faouyluq4u1aavuapgg5xmpb.cx.internal.cloudapp.net/10.1.0.33)923be64f-71f4-4891-b05d-82ff5a9df5b5(fv-az779-213.k0faouyluq4u1aavuapgg5xmpb.cx.internal.cloudapp.net/10.1.0.33)4e8f68d6-fd98-4f77-87e3-715939181693(fv-az779-213.k0faouyluq4u1aavuapgg5xmpb.cx.internal.cloudapp.net/10.1.0.33), ReplicationConfig: RATIS/THREE, State:CLOSED, leaderId:4e8f68d6-fd98-4f77-87e3-715939181693, CreationTimestamp2024-02-22T20:33:39.083Z[Etc/UTC]] removed.
2024-02-22 20:34:23,282 [EventQueue-DeadNodeForDeadNodeHandler] INFO  node.DeadNodeHandler (DeadNodeHandler.java:onMessage(108)) - Clearing command queue of size 9 for DN 923be64f-71f4-4891-b05d-82ff5a9df5b5(fv-az779-213.k0faouyluq4u1aavuapgg5xmpb.cx.internal.cloudapp.net/10.1.0.33)
2024-02-22 20:34:23,282 [EventQueue-DeadNodeForDeadNodeHandler] INFO  net.NetworkTopologyImpl (NetworkTopologyImpl.java:remove(202)) - Removed a node: /default-rack/923be64f-71f4-4891-b05d-82ff5a9df5b5
2024-02-22 20:34:23,447 [main] INFO  utils.DatanodeStoreCache (DatanodeStoreCache.java:shutdownCache(116)) - Skip clearing cache in mini cluster mode. Entries left: [/home/runner/work/ozone/ozone/hadoop-ozone/integration-test/target/test-dir/MiniOzoneClusterImpl-a0fc024b-a492-45a5-9697-b0d14f72cb5c/datanode-0/data-0/containers/hdds/a0fc024b-a492-45a5-9697-b0d14f72cb5c/DS-299987d7-fd24-454a-a84b-6cc06537c5fb/container.db, /home/runner/work/ozone/ozone/hadoop-ozone/integration-test/target/test-dir/MiniOzoneClusterImpl-a0fc024b-a492-45a5-9697-b0d14f72cb5c/datanode-1/data-0/containers/hdds/a0fc024b-a492-45a5-9697-b0d14f72cb5c/DS-03c0cb47-e50f-46ca-8df8-5e5d0fe0e276/container.db, /home/runner/work/ozone/ozone/hadoop-ozone/integration-test/target/test-dir/MiniOzoneClusterImpl-a0fc024b-a492-45a5-9697-b0d14f72cb5c/datanode-2/data-0/containers/hdds/a0fc024b-a492-45a5-9697-b0d14f72cb5c/DS-abaa2ce2-b3fd-4c70-8851-d0201c21e826/container.db, /home/runner/work/ozone/ozone/hadoop-ozone/integration-test/target/test-dir/MiniOzoneClusterImpl-a0fc024b-a492-45a5-9697-b0d14f72cb5c/datanode-3/data-0/containers/hdds/a0fc024b-a492-45a5-9697-b0d14f72cb5c/DS-d29d917a-0b9a-42c9-b993-f172b98444da/container.db, /home/runner/work/ozone/ozone/hadoop-ozone/integration-test/target/test-dir/MiniOzoneClusterImpl-a0fc024b-a492-45a5-9697-b0d14f72cb5c/datanode-4/data-0/containers/hdds/a0fc024b-a492-45a5-9697-b0d14f72cb5c/DS-235cea87-c68a-4619-b2c3-27ee6d6aa8c8/container.db, /home/runner/work/ozone/ozone/hadoop-ozone/integration-test/target/test-dir/MiniOzoneClusterImpl-a0fc024b-a492-45a5-9697-b0d14f72cb5c/datanode-5/data-0/containers/hdds/a0fc024b-a492-45a5-9697-b0d14f72cb5c/DS-14864615-8396-4ee9-a345-c70cc21159d0/container.db, /home/runner/work/ozone/ozone/hadoop-ozone/integration-test/target/test-dir/MiniOzoneClusterImpl-a0fc024b-a492-45a5-9697-b0d14f72cb5c/datanode-6/data-0/containers/hdds/a0fc024b-a492-45a5-9697-b0d14f72cb5c/DS-4102b721-6723-401c-b44c-75f127aad9dc/container.db, /home/runner/work/ozone/ozone/hadoop-ozone/integration-test/target/test-dir/MiniOzoneClusterImpl-a0fc024b-a492-45a5-9697-b0d14f72cb5c/datanode-7/data-0/containers/hdds/a0fc024b-a492-45a5-9697-b0d14f72cb5c/DS-6624c09e-ab20-42b2-9f8d-c05c1cadbcc3/container.db, /home/runner/work/ozone/ozone/hadoop-ozone/integration-test/target/test-dir/MiniOzoneClusterImpl-a0fc024b-a492-45a5-9697-b0d14f72cb5c/datanode-8/data-0/containers/hdds/a0fc024b-a492-45a5-9697-b0d14f72cb5c/DS-14ef36f7-00e5-4d97-aacd-17cb31820a20/container.db, /home/runner/work/ozone/ozone/hadoop-ozone/integration-test/target/test-dir/MiniOzoneClusterImpl-a0fc024b-a492-45a5-9697-b0d14f72cb5c/datanode-9/data-0/containers/hdds/a0fc024b-a492-45a5-9697-b0d14f72cb5c/DS-c39179ae-62f0-416f-8500-3873941ab73f/container.db]
2024-02-22 20:34:23,452 [main] INFO  utils.DatanodeStoreCache (DatanodeStoreCache.java:removeDB(110)) - Removed db /home/runner/work/ozone/ozone/hadoop-ozone/integration-test/target/test-dir/MiniOzoneClusterImpl-a0fc024b-a492-45a5-9697-b0d14f72cb5c/datanode-1/data-0/containers/hdds/a0fc024b-a492-45a5-9697-b0d14f72cb5c/DS-03c0cb47-e50f-46ca-8df8-5e5d0fe0e276/container.db from cache
2024-02-22 20:34:23,452 [main] INFO  volume.HddsVolume (HddsVolume.java:closeDbStore(451)) - SchemaV3 db is stopped at /home/runner/work/ozone/ozone/hadoop-ozone/integration-test/target/test-dir/MiniOzoneClusterImpl-a0fc024b-a492-45a5-9697-b0d14f72cb5c/datanode-1/data-0/containers/hdds/a0fc024b-a492-45a5-9697-b0d14f72cb5c/DS-03c0cb47-e50f-46ca-8df8-5e5d0fe0e276/container.db for volume DS-03c0cb47-e50f-46ca-8df8-5e5d0fe0e276
2024-02-22 20:34:23,453 [main] INFO  utils.BackgroundService (BackgroundService.java:shutdown(160)) - Shutting down service BlockDeletingService
2024-02-22 20:34:23,454 [main] INFO  utils.BackgroundService (BackgroundService.java:shutdown(160)) - Shutting down service StaleRecoveringContainerScrubbingService
2024-02-22 20:34:23,457 [main] INFO  statemachine.DatanodeStateMachine (DatanodeStateMachine.java:stopDaemon(638)) - Ozone container server stopped.
2024-02-22 20:34:23,459 [main] INFO  handler.ContextHandler (ContextHandler.java:doStop(1159)) - Stopped o.e.j.w.WebAppContext@59e1b2e4{hddsDatanode,/,null,STOPPED}{jar:file:/home/runner/.m2/repository/org/apache/ozone/hdds-container-service/1.5.0-SNAPSHOT/hdds-container-service-1.5.0-SNAPSHOT.jar!/webapps/hddsDatanode}
2024-02-22 20:34:23,460 [main] INFO  server.AbstractConnector (AbstractConnector.java:doStop(383)) - Stopped ServerConnector@6b9f08b0{HTTP/1.1, (http/1.1)}{0.0.0.0:15018}
2024-02-22 20:34:23,461 [main] INFO  server.session (HouseKeeper.java:stopScavenging(149)) - node0 Stopped scavenging
2024-02-22 20:34:23,462 [main] INFO  handler.ContextHandler (ContextHandler.java:doStop(1159)) - Stopped o.e.j.s.ServletContextHandler@21ecf90d{static,/static,jar:file:/home/runner/.m2/repository/org/apache/ozone/hdds-container-service/1.5.0-SNAPSHOT/hdds-container-service-1.5.0-SNAPSHOT.jar!/webapps/static,STOPPED}
2024-02-22 20:34:23,462 [main] INFO  handler.ContextHandler (ContextHandler.java:doStop(1159)) - Stopped o.e.j.s.ServletContextHandler@4f45c955{logs,/logs,file:///home/runner/work/ozone/ozone/hadoop-ozone/integration-test/target/log,STOPPED}
2024-02-22 20:34:23,464 [main] INFO  ozone.HddsDatanodeClientProtocolServer (HddsDatanodeClientProtocolServer.java:stop(78)) - Stopping the RPC server for Client Protocol
2024-02-22 20:34:23,464 [main] INFO  ipc.Server (Server.java:stop(3523)) - Stopping server on 15019
2024-02-22 20:34:23,468 [IPC Server listener on 15019] INFO  ipc.Server (Server.java:run(1434)) - Stopping IPC Server listener on 15019
2024-02-22 20:34:23,470 [IPC Server Responder] INFO  ipc.Server (Server.java:run(1567)) - Stopping IPC Server Responder
2024-02-22 20:34:23,777 [4e8f68d6-fd98-4f77-87e3-715939181693-CloseContainerThread-0] INFO  keyvalue.KeyValueContainer (KeyValueContainer.java:flushAndSyncDB(522)) - Container 2 is synced with bcsId 0.
2024-02-22 20:34:23,778 [4e8f68d6-fd98-4f77-87e3-715939181693-CloseContainerThread-0] INFO  keyvalue.KeyValueContainer (KeyValueContainer.java:flushAndSyncDB(522)) - Container 2 is synced with bcsId 0.
2024-02-22 20:34:23,783 [4e8f68d6-fd98-4f77-87e3-715939181693-CloseContainerThread-0] INFO  keyvalue.KeyValueContainer (KeyValueContainer.java:close(437)) - Container 2 is closed with bcsId 0.
2024-02-22 20:34:24,269 [13f92446-3b18-4d81-bc66-0f9b00220e72-CloseContainerThread-1] INFO  keyvalue.KeyValueContainer (KeyValueContainer.java:flushAndSyncDB(522)) - Container 2 is synced with bcsId 0.
2024-02-22 20:34:24,270 [13f92446-3b18-4d81-bc66-0f9b00220e72-CloseContainerThread-1] INFO  keyvalue.KeyValueContainer (KeyValueContainer.java:flushAndSyncDB(522)) - Container 2 is synced with bcsId 0.
2024-02-22 20:34:24,276 [13f92446-3b18-4d81-bc66-0f9b00220e72-CloseContainerThread-1] INFO  keyvalue.KeyValueContainer (KeyValueContainer.java:close(437)) - Container 2 is closed with bcsId 0.
2024-02-22 20:34:24,279 [FixedThreadPoolWithAffinityExecutor-8-0] INFO  container.IncrementalContainerReportHandler (AbstractContainerReportHandler.java:updateContainerState(312)) - Moving container #2 to CLOSED state, datanode 13f92446-3b18-4d81-bc66-0f9b00220e72(fv-az779-213.k0faouyluq4u1aavuapgg5xmpb.cx.internal.cloudapp.net/10.1.0.33) reported CLOSED replica with index 4.
2024-02-22 20:34:24,374 [main] INFO  replication.ReplicationManager (ReplicationManager.java:stop(327)) - Stopping Replication Monitor Thread.
2024-02-22 20:34:24,374 [UnderReplicatedProcessor] WARN  replication.UnhealthyReplicationProcessor (UnhealthyReplicationProcessor.java:run(180)) - UnderReplicatedProcessor interrupted. Exiting...
2024-02-22 20:34:24,374 [ReplicationMonitor] INFO  replication.ReplicationManager (ReplicationManager.java:run(934)) - Replication Monitor Thread is stopped
2024-02-22 20:34:24,374 [OverReplicatedProcessor] WARN  replication.UnhealthyReplicationProcessor (UnhealthyReplicationProcessor.java:run(180)) - OverReplicatedProcessor interrupted. Exiting...
2024-02-22 20:34:24,474 [main] INFO  replication.ReplicationManager (ReplicationManager.java:start(295)) - Starting Replication Monitor Thread.
2024-02-22 20:34:24,476 [ReplicationMonitor] INFO  replication.ReplicationManager (ReplicationManager.java:sendDatanodeCommand(678)) - Sending command [closeContainerCommand: containerID: 2, pipelineID: PipelineID=2a31222d-52c7-4961-8445-ec4060d525e3, force: true] for container ContainerInfo{id=#2, state=CLOSED, stateEnterTime=2024-02-22T20:34:24.279Z, pipelineID=PipelineID=2a31222d-52c7-4961-8445-ec4060d525e3, owner=omServiceIdDefault} to c30fedce-f286-40e0-881d-3d5a9a6e2463(fv-az779-213.k0faouyluq4u1aavuapgg5xmpb.cx.internal.cloudapp.net/10.1.0.33) with datanode deadline 1708634634476 and scm deadline 1708634664476
2024-02-22 20:34:24,478 [ReplicationMonitor] INFO  replication.ReplicationManager (ReplicationManager.java:sendDatanodeCommand(678)) - Sending command [closeContainerCommand: containerID: 2, pipelineID: PipelineID=2a31222d-52c7-4961-8445-ec4060d525e3, force: true] for container ContainerInfo{id=#2, state=CLOSED, stateEnterTime=2024-02-22T20:34:24.279Z, pipelineID=PipelineID=2a31222d-52c7-4961-8445-ec4060d525e3, owner=omServiceIdDefault} to dc26353c-d48a-467d-89cd-3a7c4b626396(fv-az779-213.k0faouyluq4u1aavuapgg5xmpb.cx.internal.cloudapp.net/10.1.0.33) with datanode deadline 1708634634476 and scm deadline 1708634664476
2024-02-22 20:34:24,478 [ReplicationMonitor] INFO  replication.ReplicationManager (ReplicationManager.java:processAll(398)) - Replication Monitor Thread took 3 milliseconds for processing 2 containers.
2024-02-22 20:34:24,769 [d25dc3b0-28fc-4383-b1a0-617845025f41-PipelineCommandHandlerThread-0] INFO  server.RaftServer (RaftServerProxy.java:remove(111)) - d25dc3b0-28fc-4383-b1a0-617845025f41: remove    LEADER d25dc3b0-28fc-4383-b1a0-617845025f41@group-2F189D2772BA:t1, leader=d25dc3b0-28fc-4383-b1a0-617845025f41, voted=d25dc3b0-28fc-4383-b1a0-617845025f41, raftlog=Memoized:d25dc3b0-28fc-4383-b1a0-617845025f41@group-2F189D2772BA-SegmentedRaftLog:OPENED:c0, conf=0: peers:[923be64f-71f4-4891-b05d-82ff5a9df5b5|10.1.0.33:15023, e46a6e51-795f-4801-a523-c45a6c7f2c34|10.1.0.33:15014, d25dc3b0-28fc-4383-b1a0-617845025f41|10.1.0.33:15032]|listeners:[], old=null RUNNING
2024-02-22 20:34:24,769 [d25dc3b0-28fc-4383-b1a0-617845025f41-PipelineCommandHandlerThread-0] INFO  server.RaftServer$Division (RaftServerImpl.java:lambda$close$3(526)) - d25dc3b0-28fc-4383-b1a0-617845025f41@group-2F189D2772BA: shutdown
2024-02-22 20:34:24,769 [d25dc3b0-28fc-4383-b1a0-617845025f41-PipelineCommandHandlerThread-0] INFO  util.JmxRegister (JmxRegister.java:unregister(73)) - Successfully un-registered JMX Bean with object name Ratis:service=RaftServer,group=group-2F189D2772BA,id=d25dc3b0-28fc-4383-b1a0-617845025f41
2024-02-22 20:34:24,769 [d25dc3b0-28fc-4383-b1a0-617845025f41-PipelineCommandHandlerThread-0] INFO  impl.RoleInfo (RoleInfo.java:shutdownLeaderState(94)) - d25dc3b0-28fc-4383-b1a0-617845025f41: shutdown d25dc3b0-28fc-4383-b1a0-617845025f41@group-2F189D2772BA-LeaderStateImpl
2024-02-22 20:34:24,774 [dc26353c-d48a-467d-89cd-3a7c4b626396-PipelineCommandHandlerThread-0] INFO  server.RaftServer (RaftServerProxy.java:remove(111)) - dc26353c-d48a-467d-89cd-3a7c4b626396: remove    LEADER dc26353c-d48a-467d-89cd-3a7c4b626396@group-BDBAD3AB70B4:t1, leader=dc26353c-d48a-467d-89cd-3a7c4b626396, voted=dc26353c-d48a-467d-89cd-3a7c4b626396, raftlog=Memoized:dc26353c-d48a-467d-89cd-3a7c4b626396@group-BDBAD3AB70B4-SegmentedRaftLog:OPENED:c0, conf=0: peers:[923be64f-71f4-4891-b05d-82ff5a9df5b5|10.1.0.33:15023, e46a6e51-795f-4801-a523-c45a6c7f2c34|10.1.0.33:15014, dc26353c-d48a-467d-89cd-3a7c4b626396|10.1.0.33:15050]|listeners:[], old=null RUNNING
2024-02-22 20:34:24,774 [dc26353c-d48a-467d-89cd-3a7c4b626396-PipelineCommandHandlerThread-0] INFO  server.RaftServer$Division (RaftServerImpl.java:lambda$close$3(526)) - dc26353c-d48a-467d-89cd-3a7c4b626396@group-BDBAD3AB70B4: shutdown
2024-02-22 20:34:24,774 [dc26353c-d48a-467d-89cd-3a7c4b626396-PipelineCommandHandlerThread-0] INFO  util.JmxRegister (JmxRegister.java:unregister(73)) - Successfully un-registered JMX Bean with object name Ratis:service=RaftServer,group=group-BDBAD3AB70B4,id=dc26353c-d48a-467d-89cd-3a7c4b626396
2024-02-22 20:34:24,775 [dc26353c-d48a-467d-89cd-3a7c4b626396-PipelineCommandHandlerThread-0] INFO  impl.RoleInfo (RoleInfo.java:shutdownLeaderState(94)) - dc26353c-d48a-467d-89cd-3a7c4b626396: shutdown dc26353c-d48a-467d-89cd-3a7c4b626396@group-BDBAD3AB70B4-LeaderStateImpl
2024-02-22 20:34:24,780 [d25dc3b0-28fc-4383-b1a0-617845025f41-PipelineCommandHandlerThread-0] INFO  impl.PendingRequests (PendingRequests.java:sendNotLeaderResponses(289)) - d25dc3b0-28fc-4383-b1a0-617845025f41@group-2F189D2772BA-PendingRequests: sendNotLeaderResponses
2024-02-22 20:34:24,782 [d25dc3b0-28fc-4383-b1a0-617845025f41@group-2F189D2772BA->e46a6e51-795f-4801-a523-c45a6c7f2c34-GrpcLogAppender-LogAppenderDaemon] WARN  server.GrpcLogAppender (GrpcLogAppender.java:mayWait(289)) - d25dc3b0-28fc-4383-b1a0-617845025f41@group-2F189D2772BA->e46a6e51-795f-4801-a523-c45a6c7f2c34-GrpcLogAppender: Wait interrupted by java.lang.InterruptedException
2024-02-22 20:34:24,782 [c30fedce-f286-40e0-881d-3d5a9a6e2463-CloseContainerThread-0] INFO  keyvalue.KeyValueContainer (KeyValueContainer.java:flushAndSyncDB(522)) - Container 2 is synced with bcsId 0.
2024-02-22 20:34:24,782 [c30fedce-f286-40e0-881d-3d5a9a6e2463-CloseContainerThread-0] INFO  keyvalue.KeyValueContainer (KeyValueContainer.java:flushAndSyncDB(522)) - Container 2 is synced with bcsId 0.
2024-02-22 20:34:24,782 [grpc-default-executor-3] INFO  server.GrpcServerProtocolService (GrpcServerProtocolService.java:onCompleted(157)) - e46a6e51-795f-4801-a523-c45a6c7f2c34: Completed APPEND_ENTRIES, lastRequest: null
2024-02-22 20:34:24,783 [grpc-default-executor-3] INFO  server.GrpcServerProtocolService (GrpcServerProtocolService.java:lambda$onCompleted$5(159)) - e46a6e51-795f-4801-a523-c45a6c7f2c34: Completed APPEND_ENTRIES, lastReply: serverReply {
  requestorId: "d25dc3b0-28fc-4383-b1a0-617845025f41"
  replyId: "e46a6e51-795f-4801-a523-c45a6c7f2c34"
  raftGroupId {
    id: "\006\325t\336\251\371J\263\276F/\030\235\'r\272"
  }
  callId: 17
  success: true
}
term: 1
nextIndex: 1
matchIndex: 18446744073709551615
isHearbeat: true

2024-02-22 20:34:24,783 [grpc-default-executor-5] INFO  server.GrpcServerProtocolService (GrpcServerProtocolService.java:onCompleted(157)) - e46a6e51-795f-4801-a523-c45a6c7f2c34: Completed APPEND_ENTRIES, lastRequest: d25dc3b0-28fc-4383-b1a0-617845025f41->e46a6e51-795f-4801-a523-c45a6c7f2c34#1-t1,previous=(t:0, i:0),leaderCommit=0,initializing? false,entries: size=1, first=(t:1, i:0), CONFIGURATIONENTRY(current:id: "923be64f-71f4-4891-b05d-82ff5a9df5b5"
address: "10.1.0.33:15023"
dataStreamAddress: "10.1.0.33:15024"
clientAddress: "10.1.0.33:15021"
adminAddress: "10.1.0.33:15022"
startupRole: FOLLOWER
,id: "e46a6e51-795f-4801-a523-c45a6c7f2c34"
address: "10.1.0.33:15014"
dataStreamAddress: "10.1.0.33:15015"
clientAddress: "10.1.0.33:15012"
adminAddress: "10.1.0.33:15013"
startupRole: FOLLOWER
,id: "d25dc3b0-28fc-4383-b1a0-617845025f41"
address: "10.1.0.33:15032"
priority: 1
dataStreamAddress: "10.1.0.33:15033"
clientAddress: "10.1.0.33:15030"
adminAddress: "10.1.0.33:15031"
startupRole: FOLLOWER
, old:)
2024-02-22 20:34:24,783 [grpc-default-executor-5] INFO  server.GrpcServerProtocolService (GrpcServerProtocolService.java:lambda$onCompleted$5(159)) - e46a6e51-795f-4801-a523-c45a6c7f2c34: Completed APPEND_ENTRIES, lastReply: null
2024-02-22 20:34:24,784 [d25dc3b0-28fc-4383-b1a0-617845025f41-PipelineCommandHandlerThread-0] INFO  impl.StateMachineUpdater (StateMachineUpdater.java:stopAndJoin(157)) - d25dc3b0-28fc-4383-b1a0-617845025f41@group-2F189D2772BA-StateMachineUpdater: set stopIndex = 0
2024-02-22 20:34:24,786 [c30fedce-f286-40e0-881d-3d5a9a6e2463-CloseContainerThread-0] INFO  keyvalue.KeyValueContainer (KeyValueContainer.java:close(437)) - Container 2 is closed with bcsId 0.
2024-02-22 20:34:24,786 [dc26353c-d48a-467d-89cd-3a7c4b626396@group-BDBAD3AB70B4->e46a6e51-795f-4801-a523-c45a6c7f2c34-GrpcLogAppender-LogAppenderDaemon] WARN  server.GrpcLogAppender (GrpcLogAppender.java:mayWait(289)) - dc26353c-d48a-467d-89cd-3a7c4b626396@group-BDBAD3AB70B4->e46a6e51-795f-4801-a523-c45a6c7f2c34-GrpcLogAppender: Wait interrupted by java.lang.InterruptedException
2024-02-22 20:34:24,786 [dc26353c-d48a-467d-89cd-3a7c4b626396-PipelineCommandHandlerThread-0] INFO  impl.PendingRequests (PendingRequests.java:sendNotLeaderResponses(289)) - dc26353c-d48a-467d-89cd-3a7c4b626396@group-BDBAD3AB70B4-PendingRequests: sendNotLeaderResponses
2024-02-22 20:34:24,788 [dc26353c-d48a-467d-89cd-3a7c4b626396-PipelineCommandHandlerThread-0] INFO  impl.StateMachineUpdater (StateMachineUpdater.java:stopAndJoin(157)) - dc26353c-d48a-467d-89cd-3a7c4b626396@group-BDBAD3AB70B4-StateMachineUpdater: set stopIndex = 0
2024-02-22 20:34:24,784 [grpc-default-executor-1] INFO  server.GrpcLogAppender (GrpcLogAppender.java:onCompleted(546)) - d25dc3b0-28fc-4383-b1a0-617845025f41@group-2F189D2772BA->e46a6e51-795f-4801-a523-c45a6c7f2c34-AppendLogResponseHandler: follower responses appendEntries COMPLETED
2024-02-22 20:34:24,784 [d25dc3b0-28fc-4383-b1a0-617845025f41@group-2F189D2772BA-StateMachineUpdater] INFO  ratis.ContainerStateMachine (ContainerStateMachine.java:takeSnapshot(355)) - group-2F189D2772BA: Taking a snapshot at:(t:1, i:0) file /home/runner/work/ozone/ozone/hadoop-ozone/integration-test/target/test-dir/MiniOzoneClusterImpl-a0fc024b-a492-45a5-9697-b0d14f72cb5c/datanode-2/data/ratis/06d574de-a9f9-4ab3-be46-2f189d2772ba/sm/snapshot.1_0
2024-02-22 20:34:24,788 [grpc-default-executor-3] INFO  server.GrpcServerProtocolService (GrpcServerProtocolService.java:onCompleted(157)) - e46a6e51-795f-4801-a523-c45a6c7f2c34: Completed APPEND_ENTRIES, lastRequest: null
2024-02-22 20:34:24,788 [dc26353c-d48a-467d-89cd-3a7c4b626396@group-BDBAD3AB70B4-StateMachineUpdater] INFO  ratis.ContainerStateMachine (ContainerStateMachine.java:takeSnapshot(355)) - group-BDBAD3AB70B4: Taking a snapshot at:(t:1, i:0) file /home/runner/work/ozone/ozone/hadoop-ozone/integration-test/target/test-dir/MiniOzoneClusterImpl-a0fc024b-a492-45a5-9697-b0d14f72cb5c/datanode-4/data/ratis/2f90e3ba-f3fd-48ab-9225-bdbad3ab70b4/sm/snapshot.1_0
2024-02-22 20:34:24,789 [grpc-default-executor-1] INFO  server.GrpcServerProtocolService (GrpcServerProtocolService.java:onCompleted(157)) - e46a6e51-795f-4801-a523-c45a6c7f2c34: Completed APPEND_ENTRIES, lastRequest: dc26353c-d48a-467d-89cd-3a7c4b626396->e46a6e51-795f-4801-a523-c45a6c7f2c34#1-t1,previous=(t:0, i:0),leaderCommit=-1,initializing? false,entries: size=1, first=(t:1, i:0), CONFIGURATIONENTRY(current:id: "923be64f-71f4-4891-b05d-82ff5a9df5b5"
address: "10.1.0.33:15023"
dataStreamAddress: "10.1.0.33:15024"
clientAddress: "10.1.0.33:15021"
adminAddress: "10.1.0.33:15022"
startupRole: FOLLOWER
,id: "e46a6e51-795f-4801-a523-c45a6c7f2c34"
address: "10.1.0.33:15014"
dataStreamAddress: "10.1.0.33:15015"
clientAddress: "10.1.0.33:15012"
adminAddress: "10.1.0.33:15013"
startupRole: FOLLOWER
,id: "dc26353c-d48a-467d-89cd-3a7c4b626396"
address: "10.1.0.33:15050"
priority: 1
dataStreamAddress: "10.1.0.33:15051"
clientAddress: "10.1.0.33:15048"
adminAddress: "10.1.0.33:15049"
startupRole: FOLLOWER
, old:)
2024-02-22 20:34:24,789 [grpc-default-executor-5] INFO  server.GrpcLogAppender (GrpcLogAppender.java:onCompleted(546)) - d25dc3b0-28fc-4383-b1a0-617845025f41@group-2F189D2772BA->e46a6e51-795f-4801-a523-c45a6c7f2c34-AppendLogResponseHandler: follower responses appendEntries COMPLETED
2024-02-22 20:34:24,790 [d25dc3b0-28fc-4383-b1a0-617845025f41@group-2F189D2772BA-StateMachineUpdater] INFO  ratis.ContainerStateMachine (ContainerStateMachine.java:takeSnapshot(366)) - group-2F189D2772BA: Finished taking a snapshot at:(t:1, i:0) file:/home/runner/work/ozone/ozone/hadoop-ozone/integration-test/target/test-dir/MiniOzoneClusterImpl-a0fc024b-a492-45a5-9697-b0d14f72cb5c/datanode-2/data/ratis/06d574de-a9f9-4ab3-be46-2f189d2772ba/sm/snapshot.1_0 took: 5 ms
2024-02-22 20:34:24,789 [grpc-default-executor-3] INFO  server.GrpcServerProtocolService (GrpcServerProtocolService.java:lambda$onCompleted$5(159)) - e46a6e51-795f-4801-a523-c45a6c7f2c34: Completed APPEND_ENTRIES, lastReply: serverReply {
  requestorId: "dc26353c-d48a-467d-89cd-3a7c4b626396"
  replyId: "e46a6e51-795f-4801-a523-c45a6c7f2c34"
  raftGroupId {
    id: "/\220\343\272\363\375H\253\222%\275\272\323\253p\264"
  }
  callId: 17
  success: true
}
term: 1
nextIndex: 1
matchIndex: 18446744073709551615
isHearbeat: true

2024-02-22 20:34:24,790 [d25dc3b0-28fc-4383-b1a0-617845025f41@group-2F189D2772BA-StateMachineUpdater] INFO  impl.StateMachineUpdater (StateMachineUpdater.java:takeSnapshot(295)) - d25dc3b0-28fc-4383-b1a0-617845025f41@group-2F189D2772BA-StateMachineUpdater: Took a snapshot at index 0
2024-02-22 20:34:24,790 [d25dc3b0-28fc-4383-b1a0-617845025f41@group-2F189D2772BA-StateMachineUpdater] INFO  impl.StateMachineUpdater (StateMachineUpdater.java:lambda$new$0(98)) - d25dc3b0-28fc-4383-b1a0-617845025f41@group-2F189D2772BA-StateMachineUpdater: snapshotIndex: updateIncreasingly -1 -> 0
2024-02-22 20:34:24,790 [d25dc3b0-28fc-4383-b1a0-617845025f41-PipelineCommandHandlerThread-0] INFO  server.RaftServer$Division (ServerState.java:close(427)) - d25dc3b0-28fc-4383-b1a0-617845025f41@group-2F189D2772BA: applyIndex: 0
2024-02-22 20:34:24,789 [dc26353c-d48a-467d-89cd-3a7c4b626396@group-BDBAD3AB70B4-StateMachineUpdater] INFO  ratis.ContainerStateMachine (ContainerStateMachine.java:takeSnapshot(366)) - group-BDBAD3AB70B4: Finished taking a snapshot at:(t:1, i:0) file:/home/runner/work/ozone/ozone/hadoop-ozone/integration-test/target/test-dir/MiniOzoneClusterImpl-a0fc024b-a492-45a5-9697-b0d14f72cb5c/datanode-4/data/ratis/2f90e3ba-f3fd-48ab-9225-bdbad3ab70b4/sm/snapshot.1_0 took: 1 ms
2024-02-22 20:34:24,789 [grpc-default-executor-1] INFO  server.GrpcServerProtocolService (GrpcServerProtocolService.java:lambda$onCompleted$5(159)) - e46a6e51-795f-4801-a523-c45a6c7f2c34: Completed APPEND_ENTRIES, lastReply: null
2024-02-22 20:34:24,791 [dc26353c-d48a-467d-89cd-3a7c4b626396@group-BDBAD3AB70B4-StateMachineUpdater] INFO  impl.StateMachineUpdater (StateMachineUpdater.java:takeSnapshot(295)) - dc26353c-d48a-467d-89cd-3a7c4b626396@group-BDBAD3AB70B4-StateMachineUpdater: Took a snapshot at index 0
2024-02-22 20:34:24,791 [dc26353c-d48a-467d-89cd-3a7c4b626396@group-BDBAD3AB70B4-StateMachineUpdater] INFO  impl.StateMachineUpdater (StateMachineUpdater.java:lambda$new$0(98)) - dc26353c-d48a-467d-89cd-3a7c4b626396@group-BDBAD3AB70B4-StateMachineUpdater: snapshotIndex: updateIncreasingly -1 -> 0
2024-02-22 20:34:24,791 [d25dc3b0-28fc-4383-b1a0-617845025f41@group-2F189D2772BA-cacheEviction-AwaitToRun] INFO  util.AwaitToRun (AwaitToRun.java:run(49)) - d25dc3b0-28fc-4383-b1a0-617845025f41@group-2F189D2772BA-cacheEviction-AwaitToRun-AwaitForSignal is interrupted
2024-02-22 20:34:24,791 [grpc-default-executor-1] INFO  server.GrpcLogAppender (GrpcLogAppender.java:onCompleted(546)) - dc26353c-d48a-467d-89cd-3a7c4b626396@group-BDBAD3AB70B4->e46a6e51-795f-4801-a523-c45a6c7f2c34-AppendLogResponseHandler: follower responses appendEntries COMPLETED
2024-02-22 20:34:24,791 [dc26353c-d48a-467d-89cd-3a7c4b626396-PipelineCommandHandlerThread-0] INFO  server.RaftServer$Division (ServerState.java:close(427)) - dc26353c-d48a-467d-89cd-3a7c4b626396@group-BDBAD3AB70B4: applyIndex: 0
2024-02-22 20:34:24,792 [dc26353c-d48a-467d-89cd-3a7c4b626396@group-BDBAD3AB70B4-cacheEviction-AwaitToRun] INFO  util.AwaitToRun (AwaitToRun.java:run(49)) - dc26353c-d48a-467d-89cd-3a7c4b626396@group-BDBAD3AB70B4-cacheEviction-AwaitToRun-AwaitForSignal is interrupted
2024-02-22 20:34:24,792 [grpc-default-executor-5] INFO  server.GrpcLogAppender (GrpcLogAppender.java:onCompleted(546)) - dc26353c-d48a-467d-89cd-3a7c4b626396@group-BDBAD3AB70B4->e46a6e51-795f-4801-a523-c45a6c7f2c34-AppendLogResponseHandler: follower responses appendEntries COMPLETED
2024-02-22 20:34:24,793 [dc26353c-d48a-467d-89cd-3a7c4b626396-CloseContainerThread-0] INFO  keyvalue.KeyValueContainer (KeyValueContainer.java:flushAndSyncDB(522)) - Container 2 is synced with bcsId 0.
2024-02-22 20:34:24,793 [dc26353c-d48a-467d-89cd-3a7c4b626396-CloseContainerThread-0] INFO  keyvalue.KeyValueContainer (KeyValueContainer.java:flushAndSyncDB(522)) - Container 2 is synced with bcsId 0.
2024-02-22 20:34:24,796 [dc26353c-d48a-467d-89cd-3a7c4b626396-CloseContainerThread-0] INFO  keyvalue.KeyValueContainer (KeyValueContainer.java:close(437)) - Container 2 is closed with bcsId 0.
2024-02-22 20:34:24,887 [e46a6e51-795f-4801-a523-c45a6c7f2c34-PipelineCommandHandlerThread-0] INFO  server.RaftServer (RaftServerProxy.java:remove(111)) - e46a6e51-795f-4801-a523-c45a6c7f2c34: remove  FOLLOWER e46a6e51-795f-4801-a523-c45a6c7f2c34@group-2F189D2772BA:t1, leader=d25dc3b0-28fc-4383-b1a0-617845025f41, voted=d25dc3b0-28fc-4383-b1a0-617845025f41, raftlog=Memoized:e46a6e51-795f-4801-a523-c45a6c7f2c34@group-2F189D2772BA-SegmentedRaftLog:OPENED:c0, conf=0: peers:[923be64f-71f4-4891-b05d-82ff5a9df5b5|10.1.0.33:15023, e46a6e51-795f-4801-a523-c45a6c7f2c34|10.1.0.33:15014, d25dc3b0-28fc-4383-b1a0-617845025f41|10.1.0.33:15032]|listeners:[], old=null RUNNING
2024-02-22 20:34:24,887 [e46a6e51-795f-4801-a523-c45a6c7f2c34-PipelineCommandHandlerThread-0] INFO  server.RaftServer$Division (RaftServerImpl.java:lambda$close$3(526)) - e46a6e51-795f-4801-a523-c45a6c7f2c34@group-2F189D2772BA: shutdown
2024-02-22 20:34:24,887 [e46a6e51-795f-4801-a523-c45a6c7f2c34-PipelineCommandHandlerThread-0] INFO  util.JmxRegister (JmxRegister.java:unregister(73)) - Successfully un-registered JMX Bean with object name Ratis:service=RaftServer,group=group-2F189D2772BA,id=e46a6e51-795f-4801-a523-c45a6c7f2c34
2024-02-22 20:34:24,887 [e46a6e51-795f-4801-a523-c45a6c7f2c34-PipelineCommandHandlerThread-0] INFO  impl.RoleInfo (RoleInfo.java:shutdownFollowerState(110)) - e46a6e51-795f-4801-a523-c45a6c7f2c34: shutdown e46a6e51-795f-4801-a523-c45a6c7f2c34@group-2F189D2772BA-FollowerState
2024-02-22 20:34:24,887 [e46a6e51-795f-4801-a523-c45a6c7f2c34-PipelineCommandHandlerThread-0] INFO  impl.StateMachineUpdater (StateMachineUpdater.java:stopAndJoin(157)) - e46a6e51-795f-4801-a523-c45a6c7f2c34@group-2F189D2772BA-StateMachineUpdater: set stopIndex = 0
2024-02-22 20:34:24,888 [e46a6e51-795f-4801-a523-c45a6c7f2c34@group-2F189D2772BA-FollowerState] INFO  impl.FollowerState (FollowerState.java:run(152)) - e46a6e51-795f-4801-a523-c45a6c7f2c34@group-2F189D2772BA-FollowerState was interrupted
2024-02-22 20:34:24,888 [e46a6e51-795f-4801-a523-c45a6c7f2c34@group-2F189D2772BA-StateMachineUpdater] INFO  ratis.ContainerStateMachine (ContainerStateMachine.java:takeSnapshot(355)) - group-2F189D2772BA: Taking a snapshot at:(t:1, i:0) file /home/runner/work/ozone/ozone/hadoop-ozone/integration-test/target/test-dir/MiniOzoneClusterImpl-a0fc024b-a492-45a5-9697-b0d14f72cb5c/datanode-0/data/ratis/06d574de-a9f9-4ab3-be46-2f189d2772ba/sm/snapshot.1_0
2024-02-22 20:34:24,889 [e46a6e51-795f-4801-a523-c45a6c7f2c34@group-2F189D2772BA-StateMachineUpdater] INFO  ratis.ContainerStateMachine (ContainerStateMachine.java:takeSnapshot(366)) - group-2F189D2772BA: Finished taking a snapshot at:(t:1, i:0) file:/home/runner/work/ozone/ozone/hadoop-ozone/integration-test/target/test-dir/MiniOzoneClusterImpl-a0fc024b-a492-45a5-9697-b0d14f72cb5c/datanode-0/data/ratis/06d574de-a9f9-4ab3-be46-2f189d2772ba/sm/snapshot.1_0 took: 1 ms
2024-02-22 20:34:24,889 [e46a6e51-795f-4801-a523-c45a6c7f2c34@group-2F189D2772BA-StateMachineUpdater] INFO  impl.StateMachineUpdater (StateMachineUpdater.java:takeSnapshot(295)) - e46a6e51-795f-4801-a523-c45a6c7f2c34@group-2F189D2772BA-StateMachineUpdater: Took a snapshot at index 0
2024-02-22 20:34:24,889 [e46a6e51-795f-4801-a523-c45a6c7f2c34@group-2F189D2772BA-StateMachineUpdater] INFO  impl.StateMachineUpdater (StateMachineUpdater.java:lambda$new$0(98)) - e46a6e51-795f-4801-a523-c45a6c7f2c34@group-2F189D2772BA-StateMachineUpdater: snapshotIndex: updateIncreasingly -1 -> 0
2024-02-22 20:34:24,890 [e46a6e51-795f-4801-a523-c45a6c7f2c34-PipelineCommandHandlerThread-0] INFO  server.RaftServer$Division (ServerState.java:close(427)) - e46a6e51-795f-4801-a523-c45a6c7f2c34@group-2F189D2772BA: applyIndex: 0
2024-02-22 20:34:24,890 [e46a6e51-795f-4801-a523-c45a6c7f2c34@group-2F189D2772BA-cacheEviction-AwaitToRun] INFO  util.AwaitToRun (AwaitToRun.java:run(49)) - e46a6e51-795f-4801-a523-c45a6c7f2c34@group-2F189D2772BA-cacheEviction-AwaitToRun-AwaitForSignal is interrupted
2024-02-22 20:34:24,947 [e780b093-7242-46d7-bd8f-0f810188c7b3-PipelineCommandHandlerThread-0] INFO  server.RaftServer (RaftServerProxy.java:remove(111)) - e780b093-7242-46d7-bd8f-0f810188c7b3: remove  FOLLOWER e780b093-7242-46d7-bd8f-0f810188c7b3@group-AFFC1E458E84:t1, leader=e46a6e51-795f-4801-a523-c45a6c7f2c34, voted=e46a6e51-795f-4801-a523-c45a6c7f2c34, raftlog=Memoized:e780b093-7242-46d7-bd8f-0f810188c7b3@group-AFFC1E458E84-SegmentedRaftLog:OPENED:c0, conf=0: peers:[923be64f-71f4-4891-b05d-82ff5a9df5b5|10.1.0.33:15023, e46a6e51-795f-4801-a523-c45a6c7f2c34|10.1.0.33:15014, e780b093-7242-46d7-bd8f-0f810188c7b3|10.1.0.33:15095]|listeners:[], old=null RUNNING
2024-02-22 20:34:24,948 [e780b093-7242-46d7-bd8f-0f810188c7b3-PipelineCommandHandlerThread-0] INFO  server.RaftServer$Division (RaftServerImpl.java:lambda$close$3(526)) - e780b093-7242-46d7-bd8f-0f810188c7b3@group-AFFC1E458E84: shutdown
2024-02-22 20:34:24,948 [e780b093-7242-46d7-bd8f-0f810188c7b3-PipelineCommandHandlerThread-0] INFO  util.JmxRegister (JmxRegister.java:unregister(73)) - Successfully un-registered JMX Bean with object name Ratis:service=RaftServer,group=group-AFFC1E458E84,id=e780b093-7242-46d7-bd8f-0f810188c7b3
2024-02-22 20:34:24,948 [e780b093-7242-46d7-bd8f-0f810188c7b3-PipelineCommandHandlerThread-0] INFO  impl.RoleInfo (RoleInfo.java:shutdownFollowerState(110)) - e780b093-7242-46d7-bd8f-0f810188c7b3: shutdown e780b093-7242-46d7-bd8f-0f810188c7b3@group-AFFC1E458E84-FollowerState
2024-02-22 20:34:24,948 [e780b093-7242-46d7-bd8f-0f810188c7b3-PipelineCommandHandlerThread-0] INFO  impl.StateMachineUpdater (StateMachineUpdater.java:stopAndJoin(157)) - e780b093-7242-46d7-bd8f-0f810188c7b3@group-AFFC1E458E84-StateMachineUpdater: set stopIndex = 0
2024-02-22 20:34:24,948 [e780b093-7242-46d7-bd8f-0f810188c7b3@group-AFFC1E458E84-FollowerState] INFO  impl.FollowerState (FollowerState.java:run(152)) - e780b093-7242-46d7-bd8f-0f810188c7b3@group-AFFC1E458E84-FollowerState was interrupted
2024-02-22 20:34:24,949 [e780b093-7242-46d7-bd8f-0f810188c7b3@group-AFFC1E458E84-StateMachineUpdater] INFO  ratis.ContainerStateMachine (ContainerStateMachine.java:takeSnapshot(355)) - group-AFFC1E458E84: Taking a snapshot at:(t:1, i:0) file /home/runner/work/ozone/ozone/hadoop-ozone/integration-test/target/test-dir/MiniOzoneClusterImpl-a0fc024b-a492-45a5-9697-b0d14f72cb5c/datanode-9/data/ratis/7a70ea48-d71a-4b2b-bc50-affc1e458e84/sm/snapshot.1_0
2024-02-22 20:34:24,957 [e780b093-7242-46d7-bd8f-0f810188c7b3@group-AFFC1E458E84-StateMachineUpdater] INFO  ratis.ContainerStateMachine (ContainerStateMachine.java:takeSnapshot(366)) - group-AFFC1E458E84: Finished taking a snapshot at:(t:1, i:0) file:/home/runner/work/ozone/ozone/hadoop-ozone/integration-test/target/test-dir/MiniOzoneClusterImpl-a0fc024b-a492-45a5-9697-b0d14f72cb5c/datanode-9/data/ratis/7a70ea48-d71a-4b2b-bc50-affc1e458e84/sm/snapshot.1_0 took: 9 ms
2024-02-22 20:34:24,958 [e780b093-7242-46d7-bd8f-0f810188c7b3@group-AFFC1E458E84-StateMachineUpdater] INFO  impl.StateMachineUpdater (StateMachineUpdater.java:takeSnapshot(295)) - e780b093-7242-46d7-bd8f-0f810188c7b3@group-AFFC1E458E84-StateMachineUpdater: Took a snapshot at index 0
2024-02-22 20:34:24,958 [e780b093-7242-46d7-bd8f-0f810188c7b3@group-AFFC1E458E84-StateMachineUpdater] INFO  impl.StateMachineUpdater (StateMachineUpdater.java:lambda$new$0(98)) - e780b093-7242-46d7-bd8f-0f810188c7b3@group-AFFC1E458E84-StateMachineUpdater: snapshotIndex: updateIncreasingly -1 -> 0
2024-02-22 20:34:24,958 [e780b093-7242-46d7-bd8f-0f810188c7b3-PipelineCommandHandlerThread-0] INFO  server.RaftServer$Division (ServerState.java:close(427)) - e780b093-7242-46d7-bd8f-0f810188c7b3@group-AFFC1E458E84: applyIndex: 0
2024-02-22 20:34:24,959 [e780b093-7242-46d7-bd8f-0f810188c7b3@group-AFFC1E458E84-cacheEviction-AwaitToRun] INFO  util.AwaitToRun (AwaitToRun.java:run(49)) - e780b093-7242-46d7-bd8f-0f810188c7b3@group-AFFC1E458E84-cacheEviction-AwaitToRun-AwaitForSignal is interrupted
2024-02-22 20:34:25,262 [dc26353c-d48a-467d-89cd-3a7c4b626396-PipelineCommandHandlerThread-0] INFO  segmented.SegmentedRaftLogWorker (SegmentedRaftLogWorker.java:close(245)) - dc26353c-d48a-467d-89cd-3a7c4b626396@group-BDBAD3AB70B4-SegmentedRaftLogWorker close()
2024-02-22 20:34:25,263 [dc26353c-d48a-467d-89cd-3a7c4b626396-PipelineCommandHandlerThread-0] INFO  server.RaftServer$Division (RaftServerImpl.java:groupRemove(496)) - dc26353c-d48a-467d-89cd-3a7c4b626396@group-BDBAD3AB70B4: Succeed to remove RaftStorageDirectory Storage Directory /home/runner/work/ozone/ozone/hadoop-ozone/integration-test/target/test-dir/MiniOzoneClusterImpl-a0fc024b-a492-45a5-9697-b0d14f72cb5c/datanode-4/data/ratis/2f90e3ba-f3fd-48ab-9225-bdbad3ab70b4
2024-02-22 20:34:25,263 [dc26353c-d48a-467d-89cd-3a7c4b626396-PipelineCommandHandlerThread-0] ERROR commandhandler.ClosePipelineCommandHandler (ClosePipelineCommandHandler.java:lambda$handle$2(137)) - Can't close pipeline PipelineID=2f90e3ba-f3fd-48ab-9225-bdbad3ab70b4
org.apache.ratis.protocol.exceptions.GroupMismatchException: dc26353c-d48a-467d-89cd-3a7c4b626396: group-BDBAD3AB70B4 not found.
	at org.apache.ratis.server.impl.RaftServerProxy$ImplMap.get(RaftServerProxy.java:154)
	at org.apache.ratis.server.impl.RaftServerProxy.getImplFuture(RaftServerProxy.java:364)
	at org.apache.ratis.server.impl.RaftServerProxy.getImpl(RaftServerProxy.java:373)
	at org.apache.ratis.server.impl.RaftServerProxy.getDivision(RaftServerProxy.java:386)
	at org.apache.hadoop.ozone.container.common.transport.server.ratis.XceiverServerRatis.getRaftPeersInPipeline(XceiverServerRatis.java:951)
	at org.apache.hadoop.ozone.container.common.statemachine.commandhandler.ClosePipelineCommandHandler.lambda$handle$2(ClosePipelineCommandHandler.java:114)
	at java.util.concurrent.CompletableFuture$AsyncRun.run(CompletableFuture.java:1640)
	at java.util.concurrent.ThreadPoolExecutor.runWorker(ThreadPoolExecutor.java:1149)
	at java.util.concurrent.ThreadPoolExecutor$Worker.run(ThreadPoolExecutor.java:624)
	at java.lang.Thread.run(Thread.java:750)
2024-02-22 20:34:25,265 [4e8f68d6-fd98-4f77-87e3-715939181693-PipelineCommandHandlerThread-0] INFO  server.RaftServer (RaftServerProxy.java:remove(111)) - 4e8f68d6-fd98-4f77-87e3-715939181693: remove    LEADER 4e8f68d6-fd98-4f77-87e3-715939181693@group-97BB02909E0E:t1, leader=4e8f68d6-fd98-4f77-87e3-715939181693, voted=4e8f68d6-fd98-4f77-87e3-715939181693, raftlog=Memoized:4e8f68d6-fd98-4f77-87e3-715939181693@group-97BB02909E0E-SegmentedRaftLog:OPENED:c0, conf=0: peers:[923be64f-71f4-4891-b05d-82ff5a9df5b5|10.1.0.33:15023, d25dc3b0-28fc-4383-b1a0-617845025f41|10.1.0.33:15032, 4e8f68d6-fd98-4f77-87e3-715939181693|10.1.0.33:15041]|listeners:[], old=null RUNNING
2024-02-22 20:34:25,265 [4e8f68d6-fd98-4f77-87e3-715939181693-PipelineCommandHandlerThread-0] INFO  server.RaftServer$Division (RaftServerImpl.java:lambda$close$3(526)) - 4e8f68d6-fd98-4f77-87e3-715939181693@group-97BB02909E0E: shutdown
2024-02-22 20:34:25,266 [4e8f68d6-fd98-4f77-87e3-715939181693-PipelineCommandHandlerThread-0] INFO  util.JmxRegister (JmxRegister.java:unregister(73)) - Successfully un-registered JMX Bean with object name Ratis:service=RaftServer,group=group-97BB02909E0E,id=4e8f68d6-fd98-4f77-87e3-715939181693
2024-02-22 20:34:25,266 [4e8f68d6-fd98-4f77-87e3-715939181693-PipelineCommandHandlerThread-0] INFO  impl.RoleInfo (RoleInfo.java:shutdownLeaderState(94)) - 4e8f68d6-fd98-4f77-87e3-715939181693: shutdown 4e8f68d6-fd98-4f77-87e3-715939181693@group-97BB02909E0E-LeaderStateImpl
2024-02-22 20:34:25,266 [4e8f68d6-fd98-4f77-87e3-715939181693-PipelineCommandHandlerThread-0] INFO  impl.PendingRequests (PendingRequests.java:sendNotLeaderResponses(289)) - 4e8f68d6-fd98-4f77-87e3-715939181693@group-97BB02909E0E-PendingRequests: sendNotLeaderResponses
2024-02-22 20:34:25,266 [4e8f68d6-fd98-4f77-87e3-715939181693@group-97BB02909E0E->923be64f-71f4-4891-b05d-82ff5a9df5b5-GrpcLogAppender-LogAppenderDaemon] WARN  server.GrpcLogAppender (GrpcLogAppender.java:mayWait(289)) - 4e8f68d6-fd98-4f77-87e3-715939181693@group-97BB02909E0E->923be64f-71f4-4891-b05d-82ff5a9df5b5-GrpcLogAppender: Wait interrupted by java.lang.InterruptedException
2024-02-22 20:34:25,266 [4e8f68d6-fd98-4f77-87e3-715939181693@group-97BB02909E0E->d25dc3b0-28fc-4383-b1a0-617845025f41-GrpcLogAppender-LogAppenderDaemon] WARN  server.GrpcLogAppender (GrpcLogAppender.java:mayWait(289)) - 4e8f68d6-fd98-4f77-87e3-715939181693@group-97BB02909E0E->d25dc3b0-28fc-4383-b1a0-617845025f41-GrpcLogAppender: Wait interrupted by java.lang.InterruptedException
2024-02-22 20:34:25,267 [4e8f68d6-fd98-4f77-87e3-715939181693-PipelineCommandHandlerThread-0] INFO  impl.StateMachineUpdater (StateMachineUpdater.java:stopAndJoin(157)) - 4e8f68d6-fd98-4f77-87e3-715939181693@group-97BB02909E0E-StateMachineUpdater: set stopIndex = 0
2024-02-22 20:34:25,267 [4e8f68d6-fd98-4f77-87e3-715939181693@group-97BB02909E0E-StateMachineUpdater] INFO  ratis.ContainerStateMachine (ContainerStateMachine.java:takeSnapshot(355)) - group-97BB02909E0E: Taking a snapshot at:(t:1, i:0) file /home/runner/work/ozone/ozone/hadoop-ozone/integration-test/target/test-dir/MiniOzoneClusterImpl-a0fc024b-a492-45a5-9697-b0d14f72cb5c/datanode-3/data/ratis/d9165cc6-fdfc-42ee-9f98-97bb02909e0e/sm/snapshot.1_0
2024-02-22 20:34:25,268 [4e8f68d6-fd98-4f77-87e3-715939181693@group-97BB02909E0E-StateMachineUpdater] INFO  ratis.ContainerStateMachine (ContainerStateMachine.java:takeSnapshot(366)) - group-97BB02909E0E: Finished taking a snapshot at:(t:1, i:0) file:/home/runner/work/ozone/ozone/hadoop-ozone/integration-test/target/test-dir/MiniOzoneClusterImpl-a0fc024b-a492-45a5-9697-b0d14f72cb5c/datanode-3/data/ratis/d9165cc6-fdfc-42ee-9f98-97bb02909e0e/sm/snapshot.1_0 took: 1 ms
2024-02-22 20:34:25,268 [grpc-default-executor-3] INFO  server.GrpcServerProtocolService (GrpcServerProtocolService.java:onCompleted(157)) - d25dc3b0-28fc-4383-b1a0-617845025f41: Completed APPEND_ENTRIES, lastRequest: null
2024-02-22 20:34:25,268 [4e8f68d6-fd98-4f77-87e3-715939181693@group-97BB02909E0E-StateMachineUpdater] INFO  impl.StateMachineUpdater (StateMachineUpdater.java:takeSnapshot(295)) - 4e8f68d6-fd98-4f77-87e3-715939181693@group-97BB02909E0E-StateMachineUpdater: Took a snapshot at index 0
2024-02-22 20:34:25,268 [4e8f68d6-fd98-4f77-87e3-715939181693@group-97BB02909E0E-StateMachineUpdater] INFO  impl.StateMachineUpdater (StateMachineUpdater.java:lambda$new$0(98)) - 4e8f68d6-fd98-4f77-87e3-715939181693@group-97BB02909E0E-StateMachineUpdater: snapshotIndex: updateIncreasingly -1 -> 0
2024-02-22 20:34:25,269 [4e8f68d6-fd98-4f77-87e3-715939181693-PipelineCommandHandlerThread-0] INFO  server.RaftServer$Division (ServerState.java:close(427)) - 4e8f68d6-fd98-4f77-87e3-715939181693@group-97BB02909E0E: applyIndex: 0
2024-02-22 20:34:25,270 [4e8f68d6-fd98-4f77-87e3-715939181693@group-97BB02909E0E-cacheEviction-AwaitToRun] INFO  util.AwaitToRun (AwaitToRun.java:run(49)) - 4e8f68d6-fd98-4f77-87e3-715939181693@group-97BB02909E0E-cacheEviction-AwaitToRun-AwaitForSignal is interrupted
2024-02-22 20:34:25,271 [grpc-default-executor-3] INFO  server.GrpcServerProtocolService (GrpcServerProtocolService.java:lambda$onCompleted$5(159)) - d25dc3b0-28fc-4383-b1a0-617845025f41: Completed APPEND_ENTRIES, lastReply: serverReply {
  requestorId: "4e8f68d6-fd98-4f77-87e3-715939181693"
  replyId: "d25dc3b0-28fc-4383-b1a0-617845025f41"
  raftGroupId {
    id: "\331\026\\\306\375\374B\356\237\230\227\273\002\220\236\016"
  }
  callId: 19
  success: true
}
term: 1
nextIndex: 1
matchIndex: 18446744073709551615
isHearbeat: true

2024-02-22 20:34:25,272 [grpc-default-executor-3] INFO  server.GrpcLogAppender (GrpcLogAppender.java:onCompleted(546)) - 4e8f68d6-fd98-4f77-87e3-715939181693@group-97BB02909E0E->d25dc3b0-28fc-4383-b1a0-617845025f41-AppendLogResponseHandler: follower responses appendEntries COMPLETED
2024-02-22 20:34:25,272 [grpc-default-executor-5] INFO  server.GrpcServerProtocolService (GrpcServerProtocolService.java:onCompleted(157)) - d25dc3b0-28fc-4383-b1a0-617845025f41: Completed APPEND_ENTRIES, lastRequest: 4e8f68d6-fd98-4f77-87e3-715939181693->d25dc3b0-28fc-4383-b1a0-617845025f41#1-t1,previous=(t:0, i:0),leaderCommit=-1,initializing? false,entries: size=1, first=(t:1, i:0), CONFIGURATIONENTRY(current:id: "923be64f-71f4-4891-b05d-82ff5a9df5b5"
address: "10.1.0.33:15023"
dataStreamAddress: "10.1.0.33:15024"
clientAddress: "10.1.0.33:15021"
adminAddress: "10.1.0.33:15022"
startupRole: FOLLOWER
,id: "d25dc3b0-28fc-4383-b1a0-617845025f41"
address: "10.1.0.33:15032"
dataStreamAddress: "10.1.0.33:15033"
clientAddress: "10.1.0.33:15030"
adminAddress: "10.1.0.33:15031"
startupRole: FOLLOWER
,id: "4e8f68d6-fd98-4f77-87e3-715939181693"
address: "10.1.0.33:15041"
priority: 1
dataStreamAddress: "10.1.0.33:15042"
clientAddress: "10.1.0.33:15039"
adminAddress: "10.1.0.33:15040"
startupRole: FOLLOWER
, old:)
2024-02-22 20:34:25,273 [grpc-default-executor-5] INFO  server.GrpcServerProtocolService (GrpcServerProtocolService.java:lambda$onCompleted$5(159)) - d25dc3b0-28fc-4383-b1a0-617845025f41: Completed APPEND_ENTRIES, lastReply: null
2024-02-22 20:34:25,273 [grpc-default-executor-10] INFO  server.GrpcLogAppender (GrpcLogAppender.java:onCompleted(546)) - 4e8f68d6-fd98-4f77-87e3-715939181693@group-97BB02909E0E->d25dc3b0-28fc-4383-b1a0-617845025f41-AppendLogResponseHandler: follower responses appendEntries COMPLETED
2024-02-22 20:34:25,331 [d25dc3b0-28fc-4383-b1a0-617845025f41-PipelineCommandHandlerThread-0] INFO  segmented.SegmentedRaftLogWorker (SegmentedRaftLogWorker.java:close(245)) - d25dc3b0-28fc-4383-b1a0-617845025f41@group-2F189D2772BA-SegmentedRaftLogWorker close()
2024-02-22 20:34:25,332 [d25dc3b0-28fc-4383-b1a0-617845025f41-PipelineCommandHandlerThread-0] INFO  server.RaftServer$Division (RaftServerImpl.java:groupRemove(496)) - d25dc3b0-28fc-4383-b1a0-617845025f41@group-2F189D2772BA: Succeed to remove RaftStorageDirectory Storage Directory /home/runner/work/ozone/ozone/hadoop-ozone/integration-test/target/test-dir/MiniOzoneClusterImpl-a0fc024b-a492-45a5-9697-b0d14f72cb5c/datanode-2/data/ratis/06d574de-a9f9-4ab3-be46-2f189d2772ba
2024-02-22 20:34:25,332 [d25dc3b0-28fc-4383-b1a0-617845025f41-PipelineCommandHandlerThread-0] ERROR commandhandler.ClosePipelineCommandHandler (ClosePipelineCommandHandler.java:lambda$handle$2(137)) - Can't close pipeline PipelineID=06d574de-a9f9-4ab3-be46-2f189d2772ba
org.apache.ratis.protocol.exceptions.GroupMismatchException: d25dc3b0-28fc-4383-b1a0-617845025f41: group-2F189D2772BA not found.
	at org.apache.ratis.server.impl.RaftServerProxy$ImplMap.get(RaftServerProxy.java:154)
	at org.apache.ratis.server.impl.RaftServerProxy.getImplFuture(RaftServerProxy.java:364)
	at org.apache.ratis.server.impl.RaftServerProxy.getImpl(RaftServerProxy.java:373)
	at org.apache.ratis.server.impl.RaftServerProxy.getDivision(RaftServerProxy.java:386)
	at org.apache.hadoop.ozone.container.common.transport.server.ratis.XceiverServerRatis.getRaftPeersInPipeline(XceiverServerRatis.java:951)
	at org.apache.hadoop.ozone.container.common.statemachine.commandhandler.ClosePipelineCommandHandler.lambda$handle$2(ClosePipelineCommandHandler.java:114)
	at java.util.concurrent.CompletableFuture$AsyncRun.run(CompletableFuture.java:1640)
	at java.util.concurrent.ThreadPoolExecutor.runWorker(ThreadPoolExecutor.java:1149)
	at java.util.concurrent.ThreadPoolExecutor$Worker.run(ThreadPoolExecutor.java:624)
	at java.lang.Thread.run(Thread.java:750)
2024-02-22 20:34:25,332 [d25dc3b0-28fc-4383-b1a0-617845025f41-PipelineCommandHandlerThread-0] INFO  server.RaftServer (RaftServerProxy.java:remove(111)) - d25dc3b0-28fc-4383-b1a0-617845025f41: remove  FOLLOWER d25dc3b0-28fc-4383-b1a0-617845025f41@group-5D786B606559:t1, leader=e46a6e51-795f-4801-a523-c45a6c7f2c34, voted=e46a6e51-795f-4801-a523-c45a6c7f2c34, raftlog=Memoized:d25dc3b0-28fc-4383-b1a0-617845025f41@group-5D786B606559-SegmentedRaftLog:OPENED:c0, conf=0: peers:[923be64f-71f4-4891-b05d-82ff5a9df5b5|10.1.0.33:15023, e46a6e51-795f-4801-a523-c45a6c7f2c34|10.1.0.33:15014, d25dc3b0-28fc-4383-b1a0-617845025f41|10.1.0.33:15032]|listeners:[], old=null RUNNING
2024-02-22 20:34:25,332 [d25dc3b0-28fc-4383-b1a0-617845025f41-PipelineCommandHandlerThread-0] INFO  server.RaftServer$Division (RaftServerImpl.java:lambda$close$3(526)) - d25dc3b0-28fc-4383-b1a0-617845025f41@group-5D786B606559: shutdown
2024-02-22 20:34:25,332 [d25dc3b0-28fc-4383-b1a0-617845025f41-PipelineCommandHandlerThread-0] INFO  util.JmxRegister (JmxRegister.java:unregister(73)) - Successfully un-registered JMX Bean with object name Ratis:service=RaftServer,group=group-5D786B606559,id=d25dc3b0-28fc-4383-b1a0-617845025f41
2024-02-22 20:34:25,333 [d25dc3b0-28fc-4383-b1a0-617845025f41-PipelineCommandHandlerThread-0] INFO  impl.RoleInfo (RoleInfo.java:shutdownFollowerState(110)) - d25dc3b0-28fc-4383-b1a0-617845025f41: shutdown d25dc3b0-28fc-4383-b1a0-617845025f41@group-5D786B606559-FollowerState
2024-02-22 20:34:25,333 [d25dc3b0-28fc-4383-b1a0-617845025f41-PipelineCommandHandlerThread-0] INFO  impl.StateMachineUpdater (StateMachineUpdater.java:stopAndJoin(157)) - d25dc3b0-28fc-4383-b1a0-617845025f41@group-5D786B606559-StateMachineUpdater: set stopIndex = 0
2024-02-22 20:34:25,333 [d25dc3b0-28fc-4383-b1a0-617845025f41@group-5D786B606559-FollowerState] INFO  impl.FollowerState (FollowerState.java:run(152)) - d25dc3b0-28fc-4383-b1a0-617845025f41@group-5D786B606559-FollowerState was interrupted
2024-02-22 20:34:25,333 [d25dc3b0-28fc-4383-b1a0-617845025f41@group-5D786B606559-StateMachineUpdater] INFO  ratis.ContainerStateMachine (ContainerStateMachine.java:takeSnapshot(355)) - group-5D786B606559: Taking a snapshot at:(t:1, i:0) file /home/runner/work/ozone/ozone/hadoop-ozone/integration-test/target/test-dir/MiniOzoneClusterImpl-a0fc024b-a492-45a5-9697-b0d14f72cb5c/datanode-2/data/ratis/fe00566f-73d9-496a-868e-5d786b606559/sm/snapshot.1_0
2024-02-22 20:34:25,334 [d25dc3b0-28fc-4383-b1a0-617845025f41@group-5D786B606559-StateMachineUpdater] INFO  ratis.ContainerStateMachine (ContainerStateMachine.java:takeSnapshot(366)) - group-5D786B606559: Finished taking a snapshot at:(t:1, i:0) file:/home/runner/work/ozone/ozone/hadoop-ozone/integration-test/target/test-dir/MiniOzoneClusterImpl-a0fc024b-a492-45a5-9697-b0d14f72cb5c/datanode-2/data/ratis/fe00566f-73d9-496a-868e-5d786b606559/sm/snapshot.1_0 took: 1 ms
2024-02-22 20:34:25,335 [d25dc3b0-28fc-4383-b1a0-617845025f41@group-5D786B606559-StateMachineUpdater] INFO  impl.StateMachineUpdater (StateMachineUpdater.java:takeSnapshot(295)) - d25dc3b0-28fc-4383-b1a0-617845025f41@group-5D786B606559-StateMachineUpdater: Took a snapshot at index 0
2024-02-22 20:34:25,335 [d25dc3b0-28fc-4383-b1a0-617845025f41@group-5D786B606559-StateMachineUpdater] INFO  impl.StateMachineUpdater (StateMachineUpdater.java:lambda$new$0(98)) - d25dc3b0-28fc-4383-b1a0-617845025f41@group-5D786B606559-StateMachineUpdater: snapshotIndex: updateIncreasingly -1 -> 0
2024-02-22 20:34:25,336 [d25dc3b0-28fc-4383-b1a0-617845025f41-PipelineCommandHandlerThread-0] INFO  server.RaftServer$Division (ServerState.java:close(427)) - d25dc3b0-28fc-4383-b1a0-617845025f41@group-5D786B606559: applyIndex: 0
2024-02-22 20:34:25,336 [d25dc3b0-28fc-4383-b1a0-617845025f41@group-5D786B606559-cacheEviction-AwaitToRun] INFO  util.AwaitToRun (AwaitToRun.java:run(49)) - d25dc3b0-28fc-4383-b1a0-617845025f41@group-5D786B606559-cacheEviction-AwaitToRun-AwaitForSignal is interrupted
2024-02-22 20:34:25,381 [e46a6e51-795f-4801-a523-c45a6c7f2c34-PipelineCommandHandlerThread-0] INFO  segmented.SegmentedRaftLogWorker (SegmentedRaftLogWorker.java:close(245)) - e46a6e51-795f-4801-a523-c45a6c7f2c34@group-2F189D2772BA-SegmentedRaftLogWorker close()
2024-02-22 20:34:25,382 [e46a6e51-795f-4801-a523-c45a6c7f2c34-PipelineCommandHandlerThread-0] INFO  server.RaftServer$Division (RaftServerImpl.java:groupRemove(496)) - e46a6e51-795f-4801-a523-c45a6c7f2c34@group-2F189D2772BA: Succeed to remove RaftStorageDirectory Storage Directory /home/runner/work/ozone/ozone/hadoop-ozone/integration-test/target/test-dir/MiniOzoneClusterImpl-a0fc024b-a492-45a5-9697-b0d14f72cb5c/datanode-0/data/ratis/06d574de-a9f9-4ab3-be46-2f189d2772ba
2024-02-22 20:34:25,382 [e46a6e51-795f-4801-a523-c45a6c7f2c34-PipelineCommandHandlerThread-0] ERROR commandhandler.ClosePipelineCommandHandler (ClosePipelineCommandHandler.java:lambda$handle$2(137)) - Can't close pipeline PipelineID=06d574de-a9f9-4ab3-be46-2f189d2772ba
org.apache.ratis.protocol.exceptions.GroupMismatchException: e46a6e51-795f-4801-a523-c45a6c7f2c34: group-2F189D2772BA not found.
	at org.apache.ratis.server.impl.RaftServerProxy$ImplMap.get(RaftServerProxy.java:154)
	at org.apache.ratis.server.impl.RaftServerProxy.getImplFuture(RaftServerProxy.java:364)
	at org.apache.ratis.server.impl.RaftServerProxy.getImpl(RaftServerProxy.java:373)
	at org.apache.ratis.server.impl.RaftServerProxy.getDivision(RaftServerProxy.java:386)
	at org.apache.hadoop.ozone.container.common.transport.server.ratis.XceiverServerRatis.getRaftPeersInPipeline(XceiverServerRatis.java:951)
	at org.apache.hadoop.ozone.container.common.statemachine.commandhandler.ClosePipelineCommandHandler.lambda$handle$2(ClosePipelineCommandHandler.java:114)
	at java.util.concurrent.CompletableFuture$AsyncRun.run(CompletableFuture.java:1640)
	at java.util.concurrent.ThreadPoolExecutor.runWorker(ThreadPoolExecutor.java:1149)
	at java.util.concurrent.ThreadPoolExecutor$Worker.run(ThreadPoolExecutor.java:624)
	at java.lang.Thread.run(Thread.java:750)
2024-02-22 20:34:25,383 [e46a6e51-795f-4801-a523-c45a6c7f2c34-PipelineCommandHandlerThread-0] INFO  server.RaftServer (RaftServerProxy.java:remove(111)) - e46a6e51-795f-4801-a523-c45a6c7f2c34: remove    LEADER e46a6e51-795f-4801-a523-c45a6c7f2c34@group-5D786B606559:t1, leader=e46a6e51-795f-4801-a523-c45a6c7f2c34, voted=e46a6e51-795f-4801-a523-c45a6c7f2c34, raftlog=Memoized:e46a6e51-795f-4801-a523-c45a6c7f2c34@group-5D786B606559-SegmentedRaftLog:OPENED:c0, conf=0: peers:[923be64f-71f4-4891-b05d-82ff5a9df5b5|10.1.0.33:15023, e46a6e51-795f-4801-a523-c45a6c7f2c34|10.1.0.33:15014, d25dc3b0-28fc-4383-b1a0-617845025f41|10.1.0.33:15032]|listeners:[], old=null RUNNING
2024-02-22 20:34:25,383 [e46a6e51-795f-4801-a523-c45a6c7f2c34-PipelineCommandHandlerThread-0] INFO  server.RaftServer$Division (RaftServerImpl.java:lambda$close$3(526)) - e46a6e51-795f-4801-a523-c45a6c7f2c34@group-5D786B606559: shutdown
2024-02-22 20:34:25,383 [e46a6e51-795f-4801-a523-c45a6c7f2c34-PipelineCommandHandlerThread-0] INFO  util.JmxRegister (JmxRegister.java:unregister(73)) - Successfully un-registered JMX Bean with object name Ratis:service=RaftServer,group=group-5D786B606559,id=e46a6e51-795f-4801-a523-c45a6c7f2c34
2024-02-22 20:34:25,383 [e46a6e51-795f-4801-a523-c45a6c7f2c34-PipelineCommandHandlerThread-0] INFO  impl.RoleInfo (RoleInfo.java:shutdownLeaderState(94)) - e46a6e51-795f-4801-a523-c45a6c7f2c34: shutdown e46a6e51-795f-4801-a523-c45a6c7f2c34@group-5D786B606559-LeaderStateImpl
2024-02-22 20:34:25,383 [e46a6e51-795f-4801-a523-c45a6c7f2c34@group-5D786B606559->d25dc3b0-28fc-4383-b1a0-617845025f41-GrpcLogAppender-LogAppenderDaemon] WARN  server.GrpcLogAppender (GrpcLogAppender.java:mayWait(289)) - e46a6e51-795f-4801-a523-c45a6c7f2c34@group-5D786B606559->d25dc3b0-28fc-4383-b1a0-617845025f41-GrpcLogAppender: Wait interrupted by java.lang.InterruptedException
2024-02-22 20:34:25,383 [e46a6e51-795f-4801-a523-c45a6c7f2c34@group-5D786B606559->923be64f-71f4-4891-b05d-82ff5a9df5b5-GrpcLogAppender-LogAppenderDaemon] WARN  server.GrpcLogAppender (GrpcLogAppender.java:mayWait(289)) - e46a6e51-795f-4801-a523-c45a6c7f2c34@group-5D786B606559->923be64f-71f4-4891-b05d-82ff5a9df5b5-GrpcLogAppender: Wait interrupted by java.lang.InterruptedException
2024-02-22 20:34:25,384 [grpc-default-executor-10] INFO  server.GrpcServerProtocolService (GrpcServerProtocolService.java:onCompleted(157)) - d25dc3b0-28fc-4383-b1a0-617845025f41: Completed APPEND_ENTRIES, lastRequest: null
2024-02-22 20:34:25,383 [e46a6e51-795f-4801-a523-c45a6c7f2c34-PipelineCommandHandlerThread-0] INFO  impl.PendingRequests (PendingRequests.java:sendNotLeaderResponses(289)) - e46a6e51-795f-4801-a523-c45a6c7f2c34@group-5D786B606559-PendingRequests: sendNotLeaderResponses
2024-02-22 20:34:25,384 [grpc-default-executor-5] INFO  server.GrpcServerProtocolService (GrpcServerProtocolService.java:onCompleted(157)) - d25dc3b0-28fc-4383-b1a0-617845025f41: Completed APPEND_ENTRIES, lastRequest: e46a6e51-795f-4801-a523-c45a6c7f2c34->d25dc3b0-28fc-4383-b1a0-617845025f41#1-t1,previous=(t:0, i:0),leaderCommit=-1,initializing? false,entries: size=1, first=(t:1, i:0), CONFIGURATIONENTRY(current:id: "923be64f-71f4-4891-b05d-82ff5a9df5b5"
address: "10.1.0.33:15023"
dataStreamAddress: "10.1.0.33:15024"
clientAddress: "10.1.0.33:15021"
adminAddress: "10.1.0.33:15022"
startupRole: FOLLOWER
,id: "e46a6e51-795f-4801-a523-c45a6c7f2c34"
address: "10.1.0.33:15014"
priority: 1
dataStreamAddress: "10.1.0.33:15015"
clientAddress: "10.1.0.33:15012"
adminAddress: "10.1.0.33:15013"
startupRole: FOLLOWER
,id: "d25dc3b0-28fc-4383-b1a0-617845025f41"
address: "10.1.0.33:15032"
dataStreamAddress: "10.1.0.33:15033"
clientAddress: "10.1.0.33:15030"
adminAddress: "10.1.0.33:15031"
startupRole: FOLLOWER
, old:)
2024-02-22 20:34:25,384 [grpc-default-executor-5] INFO  server.GrpcServerProtocolService (GrpcServerProtocolService.java:lambda$onCompleted$5(159)) - d25dc3b0-28fc-4383-b1a0-617845025f41: Completed APPEND_ENTRIES, lastReply: null
2024-02-22 20:34:25,384 [e46a6e51-795f-4801-a523-c45a6c7f2c34-PipelineCommandHandlerThread-0] INFO  impl.StateMachineUpdater (StateMachineUpdater.java:stopAndJoin(157)) - e46a6e51-795f-4801-a523-c45a6c7f2c34@group-5D786B606559-StateMachineUpdater: set stopIndex = 0
2024-02-22 20:34:25,384 [e46a6e51-795f-4801-a523-c45a6c7f2c34@group-5D786B606559-StateMachineUpdater] INFO  ratis.ContainerStateMachine (ContainerStateMachine.java:takeSnapshot(355)) - group-5D786B606559: Taking a snapshot at:(t:1, i:0) file /home/runner/work/ozone/ozone/hadoop-ozone/integration-test/target/test-dir/MiniOzoneClusterImpl-a0fc024b-a492-45a5-9697-b0d14f72cb5c/datanode-0/data/ratis/fe00566f-73d9-496a-868e-5d786b606559/sm/snapshot.1_0
2024-02-22 20:34:25,385 [grpc-default-executor-10] INFO  server.GrpcServerProtocolService (GrpcServerProtocolService.java:lambda$onCompleted$5(159)) - d25dc3b0-28fc-4383-b1a0-617845025f41: Completed APPEND_ENTRIES, lastReply: serverReply {
  requestorId: "e46a6e51-795f-4801-a523-c45a6c7f2c34"
  replyId: "d25dc3b0-28fc-4383-b1a0-617845025f41"
  raftGroupId {
    id: "\376\000Vos\331Ij\206\216]xk`eY"
  }
  callId: 20
  success: true
}
term: 1
nextIndex: 1
matchIndex: 18446744073709551615
isHearbeat: true

2024-02-22 20:34:25,385 [grpc-default-executor-5] INFO  server.GrpcLogAppender (GrpcLogAppender.java:onCompleted(546)) - e46a6e51-795f-4801-a523-c45a6c7f2c34@group-5D786B606559->d25dc3b0-28fc-4383-b1a0-617845025f41-AppendLogResponseHandler: follower responses appendEntries COMPLETED
2024-02-22 20:34:25,385 [grpc-default-executor-1] INFO  server.GrpcLogAppender (GrpcLogAppender.java:onCompleted(546)) - e46a6e51-795f-4801-a523-c45a6c7f2c34@group-5D786B606559->d25dc3b0-28fc-4383-b1a0-617845025f41-AppendLogResponseHandler: follower responses appendEntries COMPLETED
2024-02-22 20:34:25,385 [e46a6e51-795f-4801-a523-c45a6c7f2c34@group-5D786B606559-StateMachineUpdater] INFO  ratis.ContainerStateMachine (ContainerStateMachine.java:takeSnapshot(366)) - group-5D786B606559: Finished taking a snapshot at:(t:1, i:0) file:/home/runner/work/ozone/ozone/hadoop-ozone/integration-test/target/test-dir/MiniOzoneClusterImpl-a0fc024b-a492-45a5-9697-b0d14f72cb5c/datanode-0/data/ratis/fe00566f-73d9-496a-868e-5d786b606559/sm/snapshot.1_0 took: 1 ms
2024-02-22 20:34:25,386 [e46a6e51-795f-4801-a523-c45a6c7f2c34@group-5D786B606559-StateMachineUpdater] INFO  impl.StateMachineUpdater (StateMachineUpdater.java:takeSnapshot(295)) - e46a6e51-795f-4801-a523-c45a6c7f2c34@group-5D786B606559-StateMachineUpdater: Took a snapshot at index 0
2024-02-22 20:34:25,386 [e46a6e51-795f-4801-a523-c45a6c7f2c34@group-5D786B606559-StateMachineUpdater] INFO  impl.StateMachineUpdater (StateMachineUpdater.java:lambda$new$0(98)) - e46a6e51-795f-4801-a523-c45a6c7f2c34@group-5D786B606559-StateMachineUpdater: snapshotIndex: updateIncreasingly -1 -> 0
2024-02-22 20:34:25,386 [e46a6e51-795f-4801-a523-c45a6c7f2c34-PipelineCommandHandlerThread-0] INFO  server.RaftServer$Division (ServerState.java:close(427)) - e46a6e51-795f-4801-a523-c45a6c7f2c34@group-5D786B606559: applyIndex: 0
2024-02-22 20:34:25,387 [e46a6e51-795f-4801-a523-c45a6c7f2c34@group-5D786B606559-cacheEviction-AwaitToRun] INFO  util.AwaitToRun (AwaitToRun.java:run(49)) - e46a6e51-795f-4801-a523-c45a6c7f2c34@group-5D786B606559-cacheEviction-AwaitToRun-AwaitForSignal is interrupted
2024-02-22 20:34:25,516 [timer0] WARN  server.GrpcLogAppender (LogUtils.java:warn(121)) - e780b093-7242-46d7-bd8f-0f810188c7b3@group-A538022C1006->923be64f-71f4-4891-b05d-82ff5a9df5b5-AppendLogResponseHandler: Failed appendEntries (Repeated 10 times in the last 5.002s): org.apache.ratis.thirdparty.io.grpc.StatusRuntimeException: UNAVAILABLE: io exception
2024-02-22 20:34:25,517 [timer1] WARN  server.GrpcLogAppender (GrpcLogAppender.java:lambda$resetClient$1(217)) - e780b093-7242-46d7-bd8f-0f810188c7b3@group-A538022C1006->923be64f-71f4-4891-b05d-82ff5a9df5b5-GrpcLogAppender: Follower failed (request=null, errorCount=10); keep nextIndex (1) unchanged and retry. (Repeated 48 times in the last 5.001s)
2024-02-22 20:34:25,518 [timer2] WARN  server.GrpcLogAppender (LogUtils.java:warn(121)) - 4e8f68d6-fd98-4f77-87e3-715939181693@group-97BB02909E0E->923be64f-71f4-4891-b05d-82ff5a9df5b5-AppendLogResponseHandler: Failed appendEntries (Repeated 8 times in the last 5.001s): org.apache.ratis.thirdparty.io.grpc.StatusRuntimeException: UNAVAILABLE: io exception
2024-02-22 20:34:25,524 [timer3] WARN  server.GrpcLogAppender (LogUtils.java:warn(121)) - e46a6e51-795f-4801-a523-c45a6c7f2c34@group-AFFC1E458E84->923be64f-71f4-4891-b05d-82ff5a9df5b5-AppendLogResponseHandler: Failed appendEntries (Repeated 8 times in the last 5.000s): org.apache.ratis.thirdparty.io.grpc.StatusRuntimeException: UNAVAILABLE: io exception
2024-02-22 20:34:25,525 [timer4] WARN  server.GrpcLogAppender (LogUtils.java:warn(121)) - e46a6e51-795f-4801-a523-c45a6c7f2c34@group-5D786B606559->923be64f-71f4-4891-b05d-82ff5a9df5b5-AppendLogResponseHandler: Failed appendEntries (Repeated 8 times in the last 5.001s): org.apache.ratis.thirdparty.io.grpc.StatusRuntimeException: UNAVAILABLE: io exception
2024-02-22 20:34:25,529 [timer5] WARN  server.GrpcLogAppender (LogUtils.java:warn(121)) - d25dc3b0-28fc-4383-b1a0-617845025f41@group-2F189D2772BA->923be64f-71f4-4891-b05d-82ff5a9df5b5-AppendLogResponseHandler: Failed appendEntries (Repeated 6 times in the last 5.001s): org.apache.ratis.thirdparty.io.grpc.StatusRuntimeException: UNAVAILABLE: io exception
2024-02-22 20:34:25,532 [timer6] WARN  server.GrpcLogAppender (LogUtils.java:warn(121)) - dc26353c-d48a-467d-89cd-3a7c4b626396@group-BDBAD3AB70B4->923be64f-71f4-4891-b05d-82ff5a9df5b5-AppendLogResponseHandler: Failed appendEntries (Repeated 8 times in the last 5.002s): org.apache.ratis.thirdparty.io.grpc.StatusRuntimeException: UNAVAILABLE: io exception
2024-02-22 20:34:25,562 [e46a6e51-795f-4801-a523-c45a6c7f2c34-PipelineCommandHandlerThread-0] INFO  segmented.SegmentedRaftLogWorker (SegmentedRaftLogWorker.java:close(245)) - e46a6e51-795f-4801-a523-c45a6c7f2c34@group-5D786B606559-SegmentedRaftLogWorker close()
2024-02-22 20:34:25,562 [e46a6e51-795f-4801-a523-c45a6c7f2c34-PipelineCommandHandlerThread-0] INFO  server.RaftServer$Division (RaftServerImpl.java:groupRemove(496)) - e46a6e51-795f-4801-a523-c45a6c7f2c34@group-5D786B606559: Succeed to remove RaftStorageDirectory Storage Directory /home/runner/work/ozone/ozone/hadoop-ozone/integration-test/target/test-dir/MiniOzoneClusterImpl-a0fc024b-a492-45a5-9697-b0d14f72cb5c/datanode-0/data/ratis/fe00566f-73d9-496a-868e-5d786b606559
2024-02-22 20:34:25,563 [e46a6e51-795f-4801-a523-c45a6c7f2c34-PipelineCommandHandlerThread-0] ERROR commandhandler.ClosePipelineCommandHandler (ClosePipelineCommandHandler.java:lambda$handle$2(137)) - Can't close pipeline PipelineID=fe00566f-73d9-496a-868e-5d786b606559
org.apache.ratis.protocol.exceptions.GroupMismatchException: e46a6e51-795f-4801-a523-c45a6c7f2c34: group-5D786B606559 not found.
	at org.apache.ratis.server.impl.RaftServerProxy$ImplMap.get(RaftServerProxy.java:154)
	at org.apache.ratis.server.impl.RaftServerProxy.getImplFuture(RaftServerProxy.java:364)
	at org.apache.ratis.server.impl.RaftServerProxy.getImpl(RaftServerProxy.java:373)
	at org.apache.ratis.server.impl.RaftServerProxy.getDivision(RaftServerProxy.java:386)
	at org.apache.hadoop.ozone.container.common.transport.server.ratis.XceiverServerRatis.getRaftPeersInPipeline(XceiverServerRatis.java:951)
	at org.apache.hadoop.ozone.container.common.statemachine.commandhandler.ClosePipelineCommandHandler.lambda$handle$2(ClosePipelineCommandHandler.java:114)
	at java.util.concurrent.CompletableFuture$AsyncRun.run(CompletableFuture.java:1640)
	at java.util.concurrent.ThreadPoolExecutor.runWorker(ThreadPoolExecutor.java:1149)
	at java.util.concurrent.ThreadPoolExecutor$Worker.run(ThreadPoolExecutor.java:624)
	at java.lang.Thread.run(Thread.java:750)
2024-02-22 20:34:25,563 [e46a6e51-795f-4801-a523-c45a6c7f2c34-PipelineCommandHandlerThread-0] INFO  server.RaftServer (RaftServerProxy.java:remove(111)) - e46a6e51-795f-4801-a523-c45a6c7f2c34: remove    LEADER e46a6e51-795f-4801-a523-c45a6c7f2c34@group-AFFC1E458E84:t1, leader=e46a6e51-795f-4801-a523-c45a6c7f2c34, voted=e46a6e51-795f-4801-a523-c45a6c7f2c34, raftlog=Memoized:e46a6e51-795f-4801-a523-c45a6c7f2c34@group-AFFC1E458E84-SegmentedRaftLog:OPENED:c0, conf=0: peers:[923be64f-71f4-4891-b05d-82ff5a9df5b5|10.1.0.33:15023, e46a6e51-795f-4801-a523-c45a6c7f2c34|10.1.0.33:15014, e780b093-7242-46d7-bd8f-0f810188c7b3|10.1.0.33:15095]|listeners:[], old=null RUNNING
2024-02-22 20:34:25,563 [e46a6e51-795f-4801-a523-c45a6c7f2c34-PipelineCommandHandlerThread-0] INFO  server.RaftServer$Division (RaftServerImpl.java:lambda$close$3(526)) - e46a6e51-795f-4801-a523-c45a6c7f2c34@group-AFFC1E458E84: shutdown
2024-02-22 20:34:25,563 [e46a6e51-795f-4801-a523-c45a6c7f2c34-PipelineCommandHandlerThread-0] INFO  util.JmxRegister (JmxRegister.java:unregister(73)) - Successfully un-registered JMX Bean with object name Ratis:service=RaftServer,group=group-AFFC1E458E84,id=e46a6e51-795f-4801-a523-c45a6c7f2c34
2024-02-22 20:34:25,563 [e46a6e51-795f-4801-a523-c45a6c7f2c34-PipelineCommandHandlerThread-0] INFO  impl.RoleInfo (RoleInfo.java:shutdownLeaderState(94)) - e46a6e51-795f-4801-a523-c45a6c7f2c34: shutdown e46a6e51-795f-4801-a523-c45a6c7f2c34@group-AFFC1E458E84-LeaderStateImpl
2024-02-22 20:34:25,563 [e46a6e51-795f-4801-a523-c45a6c7f2c34@group-AFFC1E458E84->923be64f-71f4-4891-b05d-82ff5a9df5b5-GrpcLogAppender-LogAppenderDaemon] WARN  server.GrpcLogAppender (GrpcLogAppender.java:mayWait(289)) - e46a6e51-795f-4801-a523-c45a6c7f2c34@group-AFFC1E458E84->923be64f-71f4-4891-b05d-82ff5a9df5b5-GrpcLogAppender: Wait interrupted by java.lang.InterruptedException
2024-02-22 20:34:25,563 [e46a6e51-795f-4801-a523-c45a6c7f2c34-PipelineCommandHandlerThread-0] INFO  impl.PendingRequests (PendingRequests.java:sendNotLeaderResponses(289)) - e46a6e51-795f-4801-a523-c45a6c7f2c34@group-AFFC1E458E84-PendingRequests: sendNotLeaderResponses
2024-02-22 20:34:25,563 [e46a6e51-795f-4801-a523-c45a6c7f2c34@group-AFFC1E458E84->e780b093-7242-46d7-bd8f-0f810188c7b3-GrpcLogAppender-LogAppenderDaemon] WARN  server.GrpcLogAppender (GrpcLogAppender.java:mayWait(289)) - e46a6e51-795f-4801-a523-c45a6c7f2c34@group-AFFC1E458E84->e780b093-7242-46d7-bd8f-0f810188c7b3-GrpcLogAppender: Wait interrupted by java.lang.InterruptedException
2024-02-22 20:34:25,565 [grpc-default-executor-3] INFO  server.GrpcServerProtocolService (GrpcServerProtocolService.java:onCompleted(157)) - e780b093-7242-46d7-bd8f-0f810188c7b3: Completed APPEND_ENTRIES, lastRequest: null
2024-02-22 20:34:25,565 [grpc-default-executor-3] INFO  server.GrpcServerProtocolService (GrpcServerProtocolService.java:lambda$onCompleted$5(159)) - e780b093-7242-46d7-bd8f-0f810188c7b3: Completed APPEND_ENTRIES, lastReply: serverReply {
  requestorId: "e46a6e51-795f-4801-a523-c45a6c7f2c34"
  replyId: "e780b093-7242-46d7-bd8f-0f810188c7b3"
  raftGroupId {
    id: "zp\352H\327\032K+\274P\257\374\036E\216\204"
  }
  callId: 18
  success: true
}
term: 1
nextIndex: 1
matchIndex: 18446744073709551615
isHearbeat: true

2024-02-22 20:34:25,565 [grpc-default-executor-10] INFO  server.GrpcServerProtocolService (GrpcServerProtocolService.java:onCompleted(157)) - e780b093-7242-46d7-bd8f-0f810188c7b3: Completed APPEND_ENTRIES, lastRequest: e46a6e51-795f-4801-a523-c45a6c7f2c34->e780b093-7242-46d7-bd8f-0f810188c7b3#1-t1,previous=(t:0, i:0),leaderCommit=-1,initializing? false,entries: size=1, first=(t:1, i:0), CONFIGURATIONENTRY(current:id: "923be64f-71f4-4891-b05d-82ff5a9df5b5"
address: "10.1.0.33:15023"
dataStreamAddress: "10.1.0.33:15024"
clientAddress: "10.1.0.33:15021"
adminAddress: "10.1.0.33:15022"
startupRole: FOLLOWER
,id: "e46a6e51-795f-4801-a523-c45a6c7f2c34"
address: "10.1.0.33:15014"
priority: 1
dataStreamAddress: "10.1.0.33:15015"
clientAddress: "10.1.0.33:15012"
adminAddress: "10.1.0.33:15013"
startupRole: FOLLOWER
,id: "e780b093-7242-46d7-bd8f-0f810188c7b3"
address: "10.1.0.33:15095"
dataStreamAddress: "10.1.0.33:15096"
clientAddress: "10.1.0.33:15093"
adminAddress: "10.1.0.33:15094"
startupRole: FOLLOWER
, old:)
2024-02-22 20:34:25,565 [grpc-default-executor-10] INFO  server.GrpcServerProtocolService (GrpcServerProtocolService.java:lambda$onCompleted$5(159)) - e780b093-7242-46d7-bd8f-0f810188c7b3: Completed APPEND_ENTRIES, lastReply: null
2024-02-22 20:34:25,567 [e46a6e51-795f-4801-a523-c45a6c7f2c34@group-AFFC1E458E84-StateMachineUpdater] INFO  ratis.ContainerStateMachine (ContainerStateMachine.java:takeSnapshot(355)) - group-AFFC1E458E84: Taking a snapshot at:(t:1, i:0) file /home/runner/work/ozone/ozone/hadoop-ozone/integration-test/target/test-dir/MiniOzoneClusterImpl-a0fc024b-a492-45a5-9697-b0d14f72cb5c/datanode-0/data/ratis/7a70ea48-d71a-4b2b-bc50-affc1e458e84/sm/snapshot.1_0
2024-02-22 20:34:25,568 [grpc-default-executor-3] INFO  server.GrpcLogAppender (GrpcLogAppender.java:onCompleted(546)) - e46a6e51-795f-4801-a523-c45a6c7f2c34@group-AFFC1E458E84->e780b093-7242-46d7-bd8f-0f810188c7b3-AppendLogResponseHandler: follower responses appendEntries COMPLETED
2024-02-22 20:34:25,567 [grpc-default-executor-10] INFO  server.GrpcLogAppender (GrpcLogAppender.java:onCompleted(546)) - e46a6e51-795f-4801-a523-c45a6c7f2c34@group-AFFC1E458E84->e780b093-7242-46d7-bd8f-0f810188c7b3-AppendLogResponseHandler: follower responses appendEntries COMPLETED
2024-02-22 20:34:25,568 [e46a6e51-795f-4801-a523-c45a6c7f2c34@group-AFFC1E458E84-StateMachineUpdater] INFO  ratis.ContainerStateMachine (ContainerStateMachine.java:takeSnapshot(366)) - group-AFFC1E458E84: Finished taking a snapshot at:(t:1, i:0) file:/home/runner/work/ozone/ozone/hadoop-ozone/integration-test/target/test-dir/MiniOzoneClusterImpl-a0fc024b-a492-45a5-9697-b0d14f72cb5c/datanode-0/data/ratis/7a70ea48-d71a-4b2b-bc50-affc1e458e84/sm/snapshot.1_0 took: 1 ms
2024-02-22 20:34:25,569 [e46a6e51-795f-4801-a523-c45a6c7f2c34@group-AFFC1E458E84-StateMachineUpdater] INFO  impl.StateMachineUpdater (StateMachineUpdater.java:takeSnapshot(295)) - e46a6e51-795f-4801-a523-c45a6c7f2c34@group-AFFC1E458E84-StateMachineUpdater: Took a snapshot at index 0
2024-02-22 20:34:25,569 [e46a6e51-795f-4801-a523-c45a6c7f2c34@group-AFFC1E458E84-StateMachineUpdater] INFO  impl.StateMachineUpdater (StateMachineUpdater.java:lambda$new$0(98)) - e46a6e51-795f-4801-a523-c45a6c7f2c34@group-AFFC1E458E84-StateMachineUpdater: snapshotIndex: updateIncreasingly -1 -> 0
2024-02-22 20:34:25,567 [e46a6e51-795f-4801-a523-c45a6c7f2c34-PipelineCommandHandlerThread-0] INFO  impl.StateMachineUpdater (StateMachineUpdater.java:stopAndJoin(157)) - e46a6e51-795f-4801-a523-c45a6c7f2c34@group-AFFC1E458E84-StateMachineUpdater: set stopIndex = 0
2024-02-22 20:34:25,569 [e46a6e51-795f-4801-a523-c45a6c7f2c34-PipelineCommandHandlerThread-0] INFO  server.RaftServer$Division (ServerState.java:close(427)) - e46a6e51-795f-4801-a523-c45a6c7f2c34@group-AFFC1E458E84: applyIndex: 0
2024-02-22 20:34:25,569 [e46a6e51-795f-4801-a523-c45a6c7f2c34@group-AFFC1E458E84-cacheEviction-AwaitToRun] INFO  util.AwaitToRun (AwaitToRun.java:run(49)) - e46a6e51-795f-4801-a523-c45a6c7f2c34@group-AFFC1E458E84-cacheEviction-AwaitToRun-AwaitForSignal is interrupted
2024-02-22 20:34:25,668 [d25dc3b0-28fc-4383-b1a0-617845025f41-PipelineCommandHandlerThread-0] INFO  segmented.SegmentedRaftLogWorker (SegmentedRaftLogWorker.java:close(245)) - d25dc3b0-28fc-4383-b1a0-617845025f41@group-5D786B606559-SegmentedRaftLogWorker close()
2024-02-22 20:34:25,670 [d25dc3b0-28fc-4383-b1a0-617845025f41-PipelineCommandHandlerThread-0] INFO  server.RaftServer$Division (RaftServerImpl.java:groupRemove(496)) - d25dc3b0-28fc-4383-b1a0-617845025f41@group-5D786B606559: Succeed to remove RaftStorageDirectory Storage Directory /home/runner/work/ozone/ozone/hadoop-ozone/integration-test/target/test-dir/MiniOzoneClusterImpl-a0fc024b-a492-45a5-9697-b0d14f72cb5c/datanode-2/data/ratis/fe00566f-73d9-496a-868e-5d786b606559
2024-02-22 20:34:25,670 [d25dc3b0-28fc-4383-b1a0-617845025f41-PipelineCommandHandlerThread-0] ERROR commandhandler.ClosePipelineCommandHandler (ClosePipelineCommandHandler.java:lambda$handle$2(137)) - Can't close pipeline PipelineID=fe00566f-73d9-496a-868e-5d786b606559
org.apache.ratis.protocol.exceptions.GroupMismatchException: d25dc3b0-28fc-4383-b1a0-617845025f41: group-5D786B606559 not found.
	at org.apache.ratis.server.impl.RaftServerProxy$ImplMap.get(RaftServerProxy.java:154)
	at org.apache.ratis.server.impl.RaftServerProxy.getImplFuture(RaftServerProxy.java:364)
	at org.apache.ratis.server.impl.RaftServerProxy.getImpl(RaftServerProxy.java:373)
	at org.apache.ratis.server.impl.RaftServerProxy.getDivision(RaftServerProxy.java:386)
	at org.apache.hadoop.ozone.container.common.transport.server.ratis.XceiverServerRatis.getRaftPeersInPipeline(XceiverServerRatis.java:951)
	at org.apache.hadoop.ozone.container.common.statemachine.commandhandler.ClosePipelineCommandHandler.lambda$handle$2(ClosePipelineCommandHandler.java:114)
	at java.util.concurrent.CompletableFuture$AsyncRun.run(CompletableFuture.java:1640)
	at java.util.concurrent.ThreadPoolExecutor.runWorker(ThreadPoolExecutor.java:1149)
	at java.util.concurrent.ThreadPoolExecutor$Worker.run(ThreadPoolExecutor.java:624)
	at java.lang.Thread.run(Thread.java:750)
2024-02-22 20:34:25,670 [d25dc3b0-28fc-4383-b1a0-617845025f41-PipelineCommandHandlerThread-0] INFO  server.RaftServer (RaftServerProxy.java:remove(111)) - d25dc3b0-28fc-4383-b1a0-617845025f41: remove  FOLLOWER d25dc3b0-28fc-4383-b1a0-617845025f41@group-97BB02909E0E:t1, leader=4e8f68d6-fd98-4f77-87e3-715939181693, voted=4e8f68d6-fd98-4f77-87e3-715939181693, raftlog=Memoized:d25dc3b0-28fc-4383-b1a0-617845025f41@group-97BB02909E0E-SegmentedRaftLog:OPENED:c0, conf=0: peers:[923be64f-71f4-4891-b05d-82ff5a9df5b5|10.1.0.33:15023, d25dc3b0-28fc-4383-b1a0-617845025f41|10.1.0.33:15032, 4e8f68d6-fd98-4f77-87e3-715939181693|10.1.0.33:15041]|listeners:[], old=null RUNNING
2024-02-22 20:34:25,670 [d25dc3b0-28fc-4383-b1a0-617845025f41-PipelineCommandHandlerThread-0] INFO  server.RaftServer$Division (RaftServerImpl.java:lambda$close$3(526)) - d25dc3b0-28fc-4383-b1a0-617845025f41@group-97BB02909E0E: shutdown
2024-02-22 20:34:25,670 [d25dc3b0-28fc-4383-b1a0-617845025f41-PipelineCommandHandlerThread-0] INFO  util.JmxRegister (JmxRegister.java:unregister(73)) - Successfully un-registered JMX Bean with object name Ratis:service=RaftServer,group=group-97BB02909E0E,id=d25dc3b0-28fc-4383-b1a0-617845025f41
2024-02-22 20:34:25,670 [d25dc3b0-28fc-4383-b1a0-617845025f41-PipelineCommandHandlerThread-0] INFO  impl.RoleInfo (RoleInfo.java:shutdownFollowerState(110)) - d25dc3b0-28fc-4383-b1a0-617845025f41: shutdown d25dc3b0-28fc-4383-b1a0-617845025f41@group-97BB02909E0E-FollowerState
2024-02-22 20:34:25,671 [d25dc3b0-28fc-4383-b1a0-617845025f41-PipelineCommandHandlerThread-0] INFO  impl.StateMachineUpdater (StateMachineUpdater.java:stopAndJoin(157)) - d25dc3b0-28fc-4383-b1a0-617845025f41@group-97BB02909E0E-StateMachineUpdater: set stopIndex = 0
2024-02-22 20:34:25,671 [d25dc3b0-28fc-4383-b1a0-617845025f41@group-97BB02909E0E-StateMachineUpdater] INFO  ratis.ContainerStateMachine (ContainerStateMachine.java:takeSnapshot(355)) - group-97BB02909E0E: Taking a snapshot at:(t:1, i:0) file /home/runner/work/ozone/ozone/hadoop-ozone/integration-test/target/test-dir/MiniOzoneClusterImpl-a0fc024b-a492-45a5-9697-b0d14f72cb5c/datanode-2/data/ratis/d9165cc6-fdfc-42ee-9f98-97bb02909e0e/sm/snapshot.1_0
2024-02-22 20:34:25,671 [d25dc3b0-28fc-4383-b1a0-617845025f41@group-97BB02909E0E-FollowerState] INFO  impl.FollowerState (FollowerState.java:run(152)) - d25dc3b0-28fc-4383-b1a0-617845025f41@group-97BB02909E0E-FollowerState was interrupted
2024-02-22 20:34:25,673 [d25dc3b0-28fc-4383-b1a0-617845025f41@group-97BB02909E0E-StateMachineUpdater] INFO  ratis.ContainerStateMachine (ContainerStateMachine.java:takeSnapshot(366)) - group-97BB02909E0E: Finished taking a snapshot at:(t:1, i:0) file:/home/runner/work/ozone/ozone/hadoop-ozone/integration-test/target/test-dir/MiniOzoneClusterImpl-a0fc024b-a492-45a5-9697-b0d14f72cb5c/datanode-2/data/ratis/d9165cc6-fdfc-42ee-9f98-97bb02909e0e/sm/snapshot.1_0 took: 2 ms
2024-02-22 20:34:25,673 [d25dc3b0-28fc-4383-b1a0-617845025f41@group-97BB02909E0E-StateMachineUpdater] INFO  impl.StateMachineUpdater (StateMachineUpdater.java:takeSnapshot(295)) - d25dc3b0-28fc-4383-b1a0-617845025f41@group-97BB02909E0E-StateMachineUpdater: Took a snapshot at index 0
2024-02-22 20:34:25,673 [d25dc3b0-28fc-4383-b1a0-617845025f41@group-97BB02909E0E-StateMachineUpdater] INFO  impl.StateMachineUpdater (StateMachineUpdater.java:lambda$new$0(98)) - d25dc3b0-28fc-4383-b1a0-617845025f41@group-97BB02909E0E-StateMachineUpdater: snapshotIndex: updateIncreasingly -1 -> 0
2024-02-22 20:34:25,673 [d25dc3b0-28fc-4383-b1a0-617845025f41-PipelineCommandHandlerThread-0] INFO  server.RaftServer$Division (ServerState.java:close(427)) - d25dc3b0-28fc-4383-b1a0-617845025f41@group-97BB02909E0E: applyIndex: 0
2024-02-22 20:34:25,673 [d25dc3b0-28fc-4383-b1a0-617845025f41@group-97BB02909E0E-cacheEviction-AwaitToRun] INFO  util.AwaitToRun (AwaitToRun.java:run(49)) - d25dc3b0-28fc-4383-b1a0-617845025f41@group-97BB02909E0E-cacheEviction-AwaitToRun-AwaitForSignal is interrupted
2024-02-22 20:34:25,716 [4e8f68d6-fd98-4f77-87e3-715939181693-PipelineCommandHandlerThread-0] INFO  segmented.SegmentedRaftLogWorker (SegmentedRaftLogWorker.java:close(245)) - 4e8f68d6-fd98-4f77-87e3-715939181693@group-97BB02909E0E-SegmentedRaftLogWorker close()
2024-02-22 20:34:25,716 [4e8f68d6-fd98-4f77-87e3-715939181693-PipelineCommandHandlerThread-0] INFO  server.RaftServer$Division (RaftServerImpl.java:groupRemove(496)) - 4e8f68d6-fd98-4f77-87e3-715939181693@group-97BB02909E0E: Succeed to remove RaftStorageDirectory Storage Directory /home/runner/work/ozone/ozone/hadoop-ozone/integration-test/target/test-dir/MiniOzoneClusterImpl-a0fc024b-a492-45a5-9697-b0d14f72cb5c/datanode-3/data/ratis/d9165cc6-fdfc-42ee-9f98-97bb02909e0e
2024-02-22 20:34:25,717 [4e8f68d6-fd98-4f77-87e3-715939181693-PipelineCommandHandlerThread-0] ERROR commandhandler.ClosePipelineCommandHandler (ClosePipelineCommandHandler.java:lambda$handle$2(137)) - Can't close pipeline PipelineID=d9165cc6-fdfc-42ee-9f98-97bb02909e0e
org.apache.ratis.protocol.exceptions.GroupMismatchException: 4e8f68d6-fd98-4f77-87e3-715939181693: group-97BB02909E0E not found.
	at org.apache.ratis.server.impl.RaftServerProxy$ImplMap.get(RaftServerProxy.java:154)
	at org.apache.ratis.server.impl.RaftServerProxy.getImplFuture(RaftServerProxy.java:364)
	at org.apache.ratis.server.impl.RaftServerProxy.getImpl(RaftServerProxy.java:373)
	at org.apache.ratis.server.impl.RaftServerProxy.getDivision(RaftServerProxy.java:386)
	at org.apache.hadoop.ozone.container.common.transport.server.ratis.XceiverServerRatis.getRaftPeersInPipeline(XceiverServerRatis.java:951)
	at org.apache.hadoop.ozone.container.common.statemachine.commandhandler.ClosePipelineCommandHandler.lambda$handle$2(ClosePipelineCommandHandler.java:114)
	at java.util.concurrent.CompletableFuture$AsyncRun.run(CompletableFuture.java:1640)
	at java.util.concurrent.ThreadPoolExecutor.runWorker(ThreadPoolExecutor.java:1149)
	at java.util.concurrent.ThreadPoolExecutor$Worker.run(ThreadPoolExecutor.java:624)
	at java.lang.Thread.run(Thread.java:750)
2024-02-22 20:34:25,748 [d25dc3b0-28fc-4383-b1a0-617845025f41-PipelineCommandHandlerThread-0] INFO  segmented.SegmentedRaftLogWorker (SegmentedRaftLogWorker.java:close(245)) - d25dc3b0-28fc-4383-b1a0-617845025f41@group-97BB02909E0E-SegmentedRaftLogWorker close()
2024-02-22 20:34:25,749 [d25dc3b0-28fc-4383-b1a0-617845025f41-PipelineCommandHandlerThread-0] INFO  server.RaftServer$Division (RaftServerImpl.java:groupRemove(496)) - d25dc3b0-28fc-4383-b1a0-617845025f41@group-97BB02909E0E: Succeed to remove RaftStorageDirectory Storage Directory /home/runner/work/ozone/ozone/hadoop-ozone/integration-test/target/test-dir/MiniOzoneClusterImpl-a0fc024b-a492-45a5-9697-b0d14f72cb5c/datanode-2/data/ratis/d9165cc6-fdfc-42ee-9f98-97bb02909e0e
2024-02-22 20:34:25,749 [d25dc3b0-28fc-4383-b1a0-617845025f41-PipelineCommandHandlerThread-0] ERROR commandhandler.ClosePipelineCommandHandler (ClosePipelineCommandHandler.java:lambda$handle$2(137)) - Can't close pipeline PipelineID=d9165cc6-fdfc-42ee-9f98-97bb02909e0e
org.apache.ratis.protocol.exceptions.GroupMismatchException: d25dc3b0-28fc-4383-b1a0-617845025f41: group-97BB02909E0E not found.
	at org.apache.ratis.server.impl.RaftServerProxy$ImplMap.get(RaftServerProxy.java:154)
	at org.apache.ratis.server.impl.RaftServerProxy.getImplFuture(RaftServerProxy.java:364)
	at org.apache.ratis.server.impl.RaftServerProxy.getImpl(RaftServerProxy.java:373)
	at org.apache.ratis.server.impl.RaftServerProxy.getDivision(RaftServerProxy.java:386)
	at org.apache.hadoop.ozone.container.common.transport.server.ratis.XceiverServerRatis.getRaftPeersInPipeline(XceiverServerRatis.java:951)
	at org.apache.hadoop.ozone.container.common.statemachine.commandhandler.ClosePipelineCommandHandler.lambda$handle$2(ClosePipelineCommandHandler.java:114)
	at java.util.concurrent.CompletableFuture$AsyncRun.run(CompletableFuture.java:1640)
	at java.util.concurrent.ThreadPoolExecutor.runWorker(ThreadPoolExecutor.java:1149)
	at java.util.concurrent.ThreadPoolExecutor$Worker.run(ThreadPoolExecutor.java:624)
	at java.lang.Thread.run(Thread.java:750)
2024-02-22 20:34:25,780 [e46a6e51-795f-4801-a523-c45a6c7f2c34-PipelineCommandHandlerThread-0] INFO  segmented.SegmentedRaftLogWorker (SegmentedRaftLogWorker.java:close(245)) - e46a6e51-795f-4801-a523-c45a6c7f2c34@group-AFFC1E458E84-SegmentedRaftLogWorker close()
2024-02-22 20:34:25,781 [e46a6e51-795f-4801-a523-c45a6c7f2c34-PipelineCommandHandlerThread-0] INFO  server.RaftServer$Division (RaftServerImpl.java:groupRemove(496)) - e46a6e51-795f-4801-a523-c45a6c7f2c34@group-AFFC1E458E84: Succeed to remove RaftStorageDirectory Storage Directory /home/runner/work/ozone/ozone/hadoop-ozone/integration-test/target/test-dir/MiniOzoneClusterImpl-a0fc024b-a492-45a5-9697-b0d14f72cb5c/datanode-0/data/ratis/7a70ea48-d71a-4b2b-bc50-affc1e458e84
2024-02-22 20:34:25,781 [e46a6e51-795f-4801-a523-c45a6c7f2c34-PipelineCommandHandlerThread-0] ERROR commandhandler.ClosePipelineCommandHandler (ClosePipelineCommandHandler.java:lambda$handle$2(137)) - Can't close pipeline PipelineID=7a70ea48-d71a-4b2b-bc50-affc1e458e84
org.apache.ratis.protocol.exceptions.GroupMismatchException: e46a6e51-795f-4801-a523-c45a6c7f2c34: group-AFFC1E458E84 not found.
	at org.apache.ratis.server.impl.RaftServerProxy$ImplMap.get(RaftServerProxy.java:154)
	at org.apache.ratis.server.impl.RaftServerProxy.getImplFuture(RaftServerProxy.java:364)
	at org.apache.ratis.server.impl.RaftServerProxy.getImpl(RaftServerProxy.java:373)
	at org.apache.ratis.server.impl.RaftServerProxy.getDivision(RaftServerProxy.java:386)
	at org.apache.hadoop.ozone.container.common.transport.server.ratis.XceiverServerRatis.getRaftPeersInPipeline(XceiverServerRatis.java:951)
	at org.apache.hadoop.ozone.container.common.statemachine.commandhandler.ClosePipelineCommandHandler.lambda$handle$2(ClosePipelineCommandHandler.java:114)
	at java.util.concurrent.CompletableFuture$AsyncRun.run(CompletableFuture.java:1640)
	at java.util.concurrent.ThreadPoolExecutor.runWorker(ThreadPoolExecutor.java:1149)
	at java.util.concurrent.ThreadPoolExecutor$Worker.run(ThreadPoolExecutor.java:624)
	at java.lang.Thread.run(Thread.java:750)
2024-02-22 20:34:25,782 [e46a6e51-795f-4801-a523-c45a6c7f2c34-PipelineCommandHandlerThread-0] INFO  server.RaftServer (RaftServerProxy.java:remove(111)) - e46a6e51-795f-4801-a523-c45a6c7f2c34: remove  FOLLOWER e46a6e51-795f-4801-a523-c45a6c7f2c34@group-A538022C1006:t1, leader=e780b093-7242-46d7-bd8f-0f810188c7b3, voted=e780b093-7242-46d7-bd8f-0f810188c7b3, raftlog=Memoized:e46a6e51-795f-4801-a523-c45a6c7f2c34@group-A538022C1006-SegmentedRaftLog:OPENED:c0, conf=0: peers:[923be64f-71f4-4891-b05d-82ff5a9df5b5|10.1.0.33:15023, e46a6e51-795f-4801-a523-c45a6c7f2c34|10.1.0.33:15014, e780b093-7242-46d7-bd8f-0f810188c7b3|10.1.0.33:15095]|listeners:[], old=null RUNNING
2024-02-22 20:34:25,782 [e46a6e51-795f-4801-a523-c45a6c7f2c34-PipelineCommandHandlerThread-0] INFO  server.RaftServer$Division (RaftServerImpl.java:lambda$close$3(526)) - e46a6e51-795f-4801-a523-c45a6c7f2c34@group-A538022C1006: shutdown
2024-02-22 20:34:25,782 [e46a6e51-795f-4801-a523-c45a6c7f2c34-PipelineCommandHandlerThread-0] INFO  util.JmxRegister (JmxRegister.java:unregister(73)) - Successfully un-registered JMX Bean with object name Ratis:service=RaftServer,group=group-A538022C1006,id=e46a6e51-795f-4801-a523-c45a6c7f2c34
2024-02-22 20:34:25,782 [e46a6e51-795f-4801-a523-c45a6c7f2c34-PipelineCommandHandlerThread-0] INFO  impl.RoleInfo (RoleInfo.java:shutdownFollowerState(110)) - e46a6e51-795f-4801-a523-c45a6c7f2c34: shutdown e46a6e51-795f-4801-a523-c45a6c7f2c34@group-A538022C1006-FollowerState
2024-02-22 20:34:25,782 [e46a6e51-795f-4801-a523-c45a6c7f2c34-PipelineCommandHandlerThread-0] INFO  impl.StateMachineUpdater (StateMachineUpdater.java:stopAndJoin(157)) - e46a6e51-795f-4801-a523-c45a6c7f2c34@group-A538022C1006-StateMachineUpdater: set stopIndex = 0
2024-02-22 20:34:25,782 [e46a6e51-795f-4801-a523-c45a6c7f2c34@group-A538022C1006-FollowerState] INFO  impl.FollowerState (FollowerState.java:run(152)) - e46a6e51-795f-4801-a523-c45a6c7f2c34@group-A538022C1006-FollowerState was interrupted
2024-02-22 20:34:25,782 [e46a6e51-795f-4801-a523-c45a6c7f2c34@group-A538022C1006-StateMachineUpdater] INFO  ratis.ContainerStateMachine (ContainerStateMachine.java:takeSnapshot(355)) - group-A538022C1006: Taking a snapshot at:(t:1, i:0) file /home/runner/work/ozone/ozone/hadoop-ozone/integration-test/target/test-dir/MiniOzoneClusterImpl-a0fc024b-a492-45a5-9697-b0d14f72cb5c/datanode-0/data/ratis/b7ad60d3-b3bb-4da3-89ae-a538022c1006/sm/snapshot.1_0
2024-02-22 20:34:25,785 [e46a6e51-795f-4801-a523-c45a6c7f2c34@group-A538022C1006-StateMachineUpdater] INFO  ratis.ContainerStateMachine (ContainerStateMachine.java:takeSnapshot(366)) - group-A538022C1006: Finished taking a snapshot at:(t:1, i:0) file:/home/runner/work/ozone/ozone/hadoop-ozone/integration-test/target/test-dir/MiniOzoneClusterImpl-a0fc024b-a492-45a5-9697-b0d14f72cb5c/datanode-0/data/ratis/b7ad60d3-b3bb-4da3-89ae-a538022c1006/sm/snapshot.1_0 took: 2 ms
2024-02-22 20:34:25,785 [e46a6e51-795f-4801-a523-c45a6c7f2c34@group-A538022C1006-StateMachineUpdater] INFO  impl.StateMachineUpdater (StateMachineUpdater.java:takeSnapshot(295)) - e46a6e51-795f-4801-a523-c45a6c7f2c34@group-A538022C1006-StateMachineUpdater: Took a snapshot at index 0
2024-02-22 20:34:25,785 [e46a6e51-795f-4801-a523-c45a6c7f2c34@group-A538022C1006-StateMachineUpdater] INFO  impl.StateMachineUpdater (StateMachineUpdater.java:lambda$new$0(98)) - e46a6e51-795f-4801-a523-c45a6c7f2c34@group-A538022C1006-StateMachineUpdater: snapshotIndex: updateIncreasingly -1 -> 0
2024-02-22 20:34:25,785 [e46a6e51-795f-4801-a523-c45a6c7f2c34-PipelineCommandHandlerThread-0] INFO  server.RaftServer$Division (ServerState.java:close(427)) - e46a6e51-795f-4801-a523-c45a6c7f2c34@group-A538022C1006: applyIndex: 0
2024-02-22 20:34:25,786 [e46a6e51-795f-4801-a523-c45a6c7f2c34@group-A538022C1006-cacheEviction-AwaitToRun] INFO  util.AwaitToRun (AwaitToRun.java:run(49)) - e46a6e51-795f-4801-a523-c45a6c7f2c34@group-A538022C1006-cacheEviction-AwaitToRun-AwaitForSignal is interrupted
2024-02-22 20:34:25,829 [e780b093-7242-46d7-bd8f-0f810188c7b3-PipelineCommandHandlerThread-0] INFO  segmented.SegmentedRaftLogWorker (SegmentedRaftLogWorker.java:close(245)) - e780b093-7242-46d7-bd8f-0f810188c7b3@group-AFFC1E458E84-SegmentedRaftLogWorker close()
2024-02-22 20:34:25,830 [e780b093-7242-46d7-bd8f-0f810188c7b3-PipelineCommandHandlerThread-0] INFO  server.RaftServer$Division (RaftServerImpl.java:groupRemove(496)) - e780b093-7242-46d7-bd8f-0f810188c7b3@group-AFFC1E458E84: Succeed to remove RaftStorageDirectory Storage Directory /home/runner/work/ozone/ozone/hadoop-ozone/integration-test/target/test-dir/MiniOzoneClusterImpl-a0fc024b-a492-45a5-9697-b0d14f72cb5c/datanode-9/data/ratis/7a70ea48-d71a-4b2b-bc50-affc1e458e84
2024-02-22 20:34:25,830 [e780b093-7242-46d7-bd8f-0f810188c7b3-PipelineCommandHandlerThread-0] ERROR commandhandler.ClosePipelineCommandHandler (ClosePipelineCommandHandler.java:lambda$handle$2(137)) - Can't close pipeline PipelineID=7a70ea48-d71a-4b2b-bc50-affc1e458e84
org.apache.ratis.protocol.exceptions.GroupMismatchException: e780b093-7242-46d7-bd8f-0f810188c7b3: group-AFFC1E458E84 not found.
	at org.apache.ratis.server.impl.RaftServerProxy$ImplMap.get(RaftServerProxy.java:154)
	at org.apache.ratis.server.impl.RaftServerProxy.getImplFuture(RaftServerProxy.java:364)
	at org.apache.ratis.server.impl.RaftServerProxy.getImpl(RaftServerProxy.java:373)
	at org.apache.ratis.server.impl.RaftServerProxy.getDivision(RaftServerProxy.java:386)
	at org.apache.hadoop.ozone.container.common.transport.server.ratis.XceiverServerRatis.getRaftPeersInPipeline(XceiverServerRatis.java:951)
	at org.apache.hadoop.ozone.container.common.statemachine.commandhandler.ClosePipelineCommandHandler.lambda$handle$2(ClosePipelineCommandHandler.java:114)
	at java.util.concurrent.CompletableFuture$AsyncRun.run(CompletableFuture.java:1640)
	at java.util.concurrent.ThreadPoolExecutor.runWorker(ThreadPoolExecutor.java:1149)
	at java.util.concurrent.ThreadPoolExecutor$Worker.run(ThreadPoolExecutor.java:624)
	at java.lang.Thread.run(Thread.java:750)
2024-02-22 20:34:25,831 [e780b093-7242-46d7-bd8f-0f810188c7b3-PipelineCommandHandlerThread-0] INFO  server.RaftServer (RaftServerProxy.java:remove(111)) - e780b093-7242-46d7-bd8f-0f810188c7b3: remove    LEADER e780b093-7242-46d7-bd8f-0f810188c7b3@group-A538022C1006:t1, leader=e780b093-7242-46d7-bd8f-0f810188c7b3, voted=e780b093-7242-46d7-bd8f-0f810188c7b3, raftlog=Memoized:e780b093-7242-46d7-bd8f-0f810188c7b3@group-A538022C1006-SegmentedRaftLog:OPENED:c0, conf=0: peers:[923be64f-71f4-4891-b05d-82ff5a9df5b5|10.1.0.33:15023, e46a6e51-795f-4801-a523-c45a6c7f2c34|10.1.0.33:15014, e780b093-7242-46d7-bd8f-0f810188c7b3|10.1.0.33:15095]|listeners:[], old=null RUNNING
2024-02-22 20:34:25,831 [e780b093-7242-46d7-bd8f-0f810188c7b3-PipelineCommandHandlerThread-0] INFO  server.RaftServer$Division (RaftServerImpl.java:lambda$close$3(526)) - e780b093-7242-46d7-bd8f-0f810188c7b3@group-A538022C1006: shutdown
2024-02-22 20:34:25,831 [e780b093-7242-46d7-bd8f-0f810188c7b3-PipelineCommandHandlerThread-0] INFO  util.JmxRegister (JmxRegister.java:unregister(73)) - Successfully un-registered JMX Bean with object name Ratis:service=RaftServer,group=group-A538022C1006,id=e780b093-7242-46d7-bd8f-0f810188c7b3
2024-02-22 20:34:25,831 [e780b093-7242-46d7-bd8f-0f810188c7b3-PipelineCommandHandlerThread-0] INFO  impl.RoleInfo (RoleInfo.java:shutdownLeaderState(94)) - e780b093-7242-46d7-bd8f-0f810188c7b3: shutdown e780b093-7242-46d7-bd8f-0f810188c7b3@group-A538022C1006-LeaderStateImpl
2024-02-22 20:34:25,831 [e780b093-7242-46d7-bd8f-0f810188c7b3-PipelineCommandHandlerThread-0] INFO  impl.PendingRequests (PendingRequests.java:sendNotLeaderResponses(289)) - e780b093-7242-46d7-bd8f-0f810188c7b3@group-A538022C1006-PendingRequests: sendNotLeaderResponses
2024-02-22 20:34:25,832 [e780b093-7242-46d7-bd8f-0f810188c7b3@group-A538022C1006->e46a6e51-795f-4801-a523-c45a6c7f2c34-GrpcLogAppender-LogAppenderDaemon] WARN  server.GrpcLogAppender (GrpcLogAppender.java:mayWait(289)) - e780b093-7242-46d7-bd8f-0f810188c7b3@group-A538022C1006->e46a6e51-795f-4801-a523-c45a6c7f2c34-GrpcLogAppender: Wait interrupted by java.lang.InterruptedException
2024-02-22 20:34:25,833 [grpc-default-executor-10] INFO  server.GrpcServerProtocolService (GrpcServerProtocolService.java:onCompleted(157)) - e46a6e51-795f-4801-a523-c45a6c7f2c34: Completed APPEND_ENTRIES, lastRequest: e780b093-7242-46d7-bd8f-0f810188c7b3->e46a6e51-795f-4801-a523-c45a6c7f2c34#1-t1,previous=(t:0, i:0),leaderCommit=-1,initializing? false,entries: size=1, first=(t:1, i:0), CONFIGURATIONENTRY(current:id: "923be64f-71f4-4891-b05d-82ff5a9df5b5"
address: "10.1.0.33:15023"
dataStreamAddress: "10.1.0.33:15024"
clientAddress: "10.1.0.33:15021"
adminAddress: "10.1.0.33:15022"
startupRole: FOLLOWER
,id: "e46a6e51-795f-4801-a523-c45a6c7f2c34"
address: "10.1.0.33:15014"
dataStreamAddress: "10.1.0.33:15015"
clientAddress: "10.1.0.33:15012"
adminAddress: "10.1.0.33:15013"
startupRole: FOLLOWER
,id: "e780b093-7242-46d7-bd8f-0f810188c7b3"
address: "10.1.0.33:15095"
priority: 1
dataStreamAddress: "10.1.0.33:15096"
clientAddress: "10.1.0.33:15093"
adminAddress: "10.1.0.33:15094"
startupRole: FOLLOWER
, old:)
2024-02-22 20:34:25,833 [grpc-default-executor-10] INFO  server.GrpcServerProtocolService (GrpcServerProtocolService.java:lambda$onCompleted$5(159)) - e46a6e51-795f-4801-a523-c45a6c7f2c34: Completed APPEND_ENTRIES, lastReply: null
2024-02-22 20:34:25,833 [grpc-default-executor-8] INFO  server.GrpcServerProtocolService (GrpcServerProtocolService.java:onCompleted(157)) - e46a6e51-795f-4801-a523-c45a6c7f2c34: Completed APPEND_ENTRIES, lastRequest: null
2024-02-22 20:34:25,833 [grpc-default-executor-8] INFO  server.GrpcServerProtocolService (GrpcServerProtocolService.java:lambda$onCompleted$5(159)) - e46a6e51-795f-4801-a523-c45a6c7f2c34: Completed APPEND_ENTRIES, lastReply: serverReply {
  requestorId: "e780b093-7242-46d7-bd8f-0f810188c7b3"
  replyId: "e46a6e51-795f-4801-a523-c45a6c7f2c34"
  raftGroupId {
    id: "\267\255`\323\263\273M\243\211\256\2458\002,\020\006"
  }
  callId: 18
  success: true
}
term: 1
nextIndex: 1
matchIndex: 18446744073709551615
isHearbeat: true

2024-02-22 20:34:25,834 [grpc-default-executor-10] INFO  server.GrpcLogAppender (GrpcLogAppender.java:onCompleted(546)) - e780b093-7242-46d7-bd8f-0f810188c7b3@group-A538022C1006->e46a6e51-795f-4801-a523-c45a6c7f2c34-AppendLogResponseHandler: follower responses appendEntries COMPLETED
2024-02-22 20:34:25,834 [grpc-default-executor-3] INFO  server.GrpcLogAppender (GrpcLogAppender.java:onCompleted(546)) - e780b093-7242-46d7-bd8f-0f810188c7b3@group-A538022C1006->e46a6e51-795f-4801-a523-c45a6c7f2c34-AppendLogResponseHandler: follower responses appendEntries COMPLETED
2024-02-22 20:34:25,834 [e780b093-7242-46d7-bd8f-0f810188c7b3@group-A538022C1006->923be64f-71f4-4891-b05d-82ff5a9df5b5-GrpcLogAppender-LogAppenderDaemon] WARN  server.GrpcLogAppender (GrpcLogAppender.java:mayWait(289)) - e780b093-7242-46d7-bd8f-0f810188c7b3@group-A538022C1006->923be64f-71f4-4891-b05d-82ff5a9df5b5-GrpcLogAppender: Wait interrupted by java.lang.InterruptedException
2024-02-22 20:34:25,835 [e780b093-7242-46d7-bd8f-0f810188c7b3-PipelineCommandHandlerThread-0] INFO  impl.StateMachineUpdater (StateMachineUpdater.java:stopAndJoin(157)) - e780b093-7242-46d7-bd8f-0f810188c7b3@group-A538022C1006-StateMachineUpdater: set stopIndex = 0
2024-02-22 20:34:25,835 [e780b093-7242-46d7-bd8f-0f810188c7b3@group-A538022C1006-StateMachineUpdater] INFO  ratis.ContainerStateMachine (ContainerStateMachine.java:takeSnapshot(355)) - group-A538022C1006: Taking a snapshot at:(t:1, i:0) file /home/runner/work/ozone/ozone/hadoop-ozone/integration-test/target/test-dir/MiniOzoneClusterImpl-a0fc024b-a492-45a5-9697-b0d14f72cb5c/datanode-9/data/ratis/b7ad60d3-b3bb-4da3-89ae-a538022c1006/sm/snapshot.1_0
2024-02-22 20:34:25,836 [e780b093-7242-46d7-bd8f-0f810188c7b3@group-A538022C1006-StateMachineUpdater] INFO  ratis.ContainerStateMachine (ContainerStateMachine.java:takeSnapshot(366)) - group-A538022C1006: Finished taking a snapshot at:(t:1, i:0) file:/home/runner/work/ozone/ozone/hadoop-ozone/integration-test/target/test-dir/MiniOzoneClusterImpl-a0fc024b-a492-45a5-9697-b0d14f72cb5c/datanode-9/data/ratis/b7ad60d3-b3bb-4da3-89ae-a538022c1006/sm/snapshot.1_0 took: 1 ms
2024-02-22 20:34:25,836 [e780b093-7242-46d7-bd8f-0f810188c7b3@group-A538022C1006-StateMachineUpdater] INFO  impl.StateMachineUpdater (StateMachineUpdater.java:takeSnapshot(295)) - e780b093-7242-46d7-bd8f-0f810188c7b3@group-A538022C1006-StateMachineUpdater: Took a snapshot at index 0
2024-02-22 20:34:25,836 [e780b093-7242-46d7-bd8f-0f810188c7b3@group-A538022C1006-StateMachineUpdater] INFO  impl.StateMachineUpdater (StateMachineUpdater.java:lambda$new$0(98)) - e780b093-7242-46d7-bd8f-0f810188c7b3@group-A538022C1006-StateMachineUpdater: snapshotIndex: updateIncreasingly -1 -> 0
2024-02-22 20:34:25,836 [e780b093-7242-46d7-bd8f-0f810188c7b3-PipelineCommandHandlerThread-0] INFO  server.RaftServer$Division (ServerState.java:close(427)) - e780b093-7242-46d7-bd8f-0f810188c7b3@group-A538022C1006: applyIndex: 0
2024-02-22 20:34:25,836 [e780b093-7242-46d7-bd8f-0f810188c7b3@group-A538022C1006-cacheEviction-AwaitToRun] INFO  util.AwaitToRun (AwaitToRun.java:run(49)) - e780b093-7242-46d7-bd8f-0f810188c7b3@group-A538022C1006-cacheEviction-AwaitToRun-AwaitForSignal is interrupted
2024-02-22 20:34:26,318 [e780b093-7242-46d7-bd8f-0f810188c7b3-PipelineCommandHandlerThread-0] INFO  segmented.SegmentedRaftLogWorker (SegmentedRaftLogWorker.java:close(245)) - e780b093-7242-46d7-bd8f-0f810188c7b3@group-A538022C1006-SegmentedRaftLogWorker close()
2024-02-22 20:34:26,319 [e780b093-7242-46d7-bd8f-0f810188c7b3-PipelineCommandHandlerThread-0] INFO  server.RaftServer$Division (RaftServerImpl.java:groupRemove(496)) - e780b093-7242-46d7-bd8f-0f810188c7b3@group-A538022C1006: Succeed to remove RaftStorageDirectory Storage Directory /home/runner/work/ozone/ozone/hadoop-ozone/integration-test/target/test-dir/MiniOzoneClusterImpl-a0fc024b-a492-45a5-9697-b0d14f72cb5c/datanode-9/data/ratis/b7ad60d3-b3bb-4da3-89ae-a538022c1006
2024-02-22 20:34:26,319 [e780b093-7242-46d7-bd8f-0f810188c7b3-PipelineCommandHandlerThread-0] ERROR commandhandler.ClosePipelineCommandHandler (ClosePipelineCommandHandler.java:lambda$handle$2(137)) - Can't close pipeline PipelineID=b7ad60d3-b3bb-4da3-89ae-a538022c1006
org.apache.ratis.protocol.exceptions.GroupMismatchException: e780b093-7242-46d7-bd8f-0f810188c7b3: group-A538022C1006 not found.
	at org.apache.ratis.server.impl.RaftServerProxy$ImplMap.get(RaftServerProxy.java:154)
	at org.apache.ratis.server.impl.RaftServerProxy.getImplFuture(RaftServerProxy.java:364)
	at org.apache.ratis.server.impl.RaftServerProxy.getImpl(RaftServerProxy.java:373)
	at org.apache.ratis.server.impl.RaftServerProxy.getDivision(RaftServerProxy.java:386)
	at org.apache.hadoop.ozone.container.common.transport.server.ratis.XceiverServerRatis.getRaftPeersInPipeline(XceiverServerRatis.java:951)
	at org.apache.hadoop.ozone.container.common.statemachine.commandhandler.ClosePipelineCommandHandler.lambda$handle$2(ClosePipelineCommandHandler.java:114)
	at java.util.concurrent.CompletableFuture$AsyncRun.run(CompletableFuture.java:1640)
	at java.util.concurrent.ThreadPoolExecutor.runWorker(ThreadPoolExecutor.java:1149)
	at java.util.concurrent.ThreadPoolExecutor$Worker.run(ThreadPoolExecutor.java:624)
	at java.lang.Thread.run(Thread.java:750)
2024-02-22 20:34:26,442 [e46a6e51-795f-4801-a523-c45a6c7f2c34-PipelineCommandHandlerThread-0] INFO  segmented.SegmentedRaftLogWorker (SegmentedRaftLogWorker.java:close(245)) - e46a6e51-795f-4801-a523-c45a6c7f2c34@group-A538022C1006-SegmentedRaftLogWorker close()
2024-02-22 20:34:26,443 [e46a6e51-795f-4801-a523-c45a6c7f2c34-PipelineCommandHandlerThread-0] INFO  server.RaftServer$Division (RaftServerImpl.java:groupRemove(496)) - e46a6e51-795f-4801-a523-c45a6c7f2c34@group-A538022C1006: Succeed to remove RaftStorageDirectory Storage Directory /home/runner/work/ozone/ozone/hadoop-ozone/integration-test/target/test-dir/MiniOzoneClusterImpl-a0fc024b-a492-45a5-9697-b0d14f72cb5c/datanode-0/data/ratis/b7ad60d3-b3bb-4da3-89ae-a538022c1006
2024-02-22 20:34:26,443 [e46a6e51-795f-4801-a523-c45a6c7f2c34-PipelineCommandHandlerThread-0] ERROR commandhandler.ClosePipelineCommandHandler (ClosePipelineCommandHandler.java:lambda$handle$2(137)) - Can't close pipeline PipelineID=b7ad60d3-b3bb-4da3-89ae-a538022c1006
org.apache.ratis.protocol.exceptions.GroupMismatchException: e46a6e51-795f-4801-a523-c45a6c7f2c34: group-A538022C1006 not found.
	at org.apache.ratis.server.impl.RaftServerProxy$ImplMap.get(RaftServerProxy.java:154)
	at org.apache.ratis.server.impl.RaftServerProxy.getImplFuture(RaftServerProxy.java:364)
	at org.apache.ratis.server.impl.RaftServerProxy.getImpl(RaftServerProxy.java:373)
	at org.apache.ratis.server.impl.RaftServerProxy.getDivision(RaftServerProxy.java:386)
	at org.apache.hadoop.ozone.container.common.transport.server.ratis.XceiverServerRatis.getRaftPeersInPipeline(XceiverServerRatis.java:951)
	at org.apache.hadoop.ozone.container.common.statemachine.commandhandler.ClosePipelineCommandHandler.lambda$handle$2(ClosePipelineCommandHandler.java:114)
	at java.util.concurrent.CompletableFuture$AsyncRun.run(CompletableFuture.java:1640)
	at java.util.concurrent.ThreadPoolExecutor.runWorker(ThreadPoolExecutor.java:1149)
	at java.util.concurrent.ThreadPoolExecutor$Worker.run(ThreadPoolExecutor.java:624)
	at java.lang.Thread.run(Thread.java:750)
2024-02-22 20:34:26,443 [e46a6e51-795f-4801-a523-c45a6c7f2c34-PipelineCommandHandlerThread-0] INFO  server.RaftServer (RaftServerProxy.java:remove(111)) - e46a6e51-795f-4801-a523-c45a6c7f2c34: remove  FOLLOWER e46a6e51-795f-4801-a523-c45a6c7f2c34@group-BDBAD3AB70B4:t1, leader=dc26353c-d48a-467d-89cd-3a7c4b626396, voted=dc26353c-d48a-467d-89cd-3a7c4b626396, raftlog=Memoized:e46a6e51-795f-4801-a523-c45a6c7f2c34@group-BDBAD3AB70B4-SegmentedRaftLog:OPENED:c0, conf=0: peers:[923be64f-71f4-4891-b05d-82ff5a9df5b5|10.1.0.33:15023, e46a6e51-795f-4801-a523-c45a6c7f2c34|10.1.0.33:15014, dc26353c-d48a-467d-89cd-3a7c4b626396|10.1.0.33:15050]|listeners:[], old=null RUNNING
2024-02-22 20:34:26,443 [e46a6e51-795f-4801-a523-c45a6c7f2c34-PipelineCommandHandlerThread-0] INFO  server.RaftServer$Division (RaftServerImpl.java:lambda$close$3(526)) - e46a6e51-795f-4801-a523-c45a6c7f2c34@group-BDBAD3AB70B4: shutdown
2024-02-22 20:34:26,444 [e46a6e51-795f-4801-a523-c45a6c7f2c34-PipelineCommandHandlerThread-0] INFO  util.JmxRegister (JmxRegister.java:unregister(73)) - Successfully un-registered JMX Bean with object name Ratis:service=RaftServer,group=group-BDBAD3AB70B4,id=e46a6e51-795f-4801-a523-c45a6c7f2c34
2024-02-22 20:34:26,444 [e46a6e51-795f-4801-a523-c45a6c7f2c34-PipelineCommandHandlerThread-0] INFO  impl.RoleInfo (RoleInfo.java:shutdownFollowerState(110)) - e46a6e51-795f-4801-a523-c45a6c7f2c34: shutdown e46a6e51-795f-4801-a523-c45a6c7f2c34@group-BDBAD3AB70B4-FollowerState
2024-02-22 20:34:26,444 [e46a6e51-795f-4801-a523-c45a6c7f2c34-PipelineCommandHandlerThread-0] INFO  impl.StateMachineUpdater (StateMachineUpdater.java:stopAndJoin(157)) - e46a6e51-795f-4801-a523-c45a6c7f2c34@group-BDBAD3AB70B4-StateMachineUpdater: set stopIndex = 0
2024-02-22 20:34:26,444 [e46a6e51-795f-4801-a523-c45a6c7f2c34@group-BDBAD3AB70B4-FollowerState] INFO  impl.FollowerState (FollowerState.java:run(152)) - e46a6e51-795f-4801-a523-c45a6c7f2c34@group-BDBAD3AB70B4-FollowerState was interrupted
2024-02-22 20:34:26,446 [e46a6e51-795f-4801-a523-c45a6c7f2c34@group-BDBAD3AB70B4-StateMachineUpdater] INFO  ratis.ContainerStateMachine (ContainerStateMachine.java:takeSnapshot(355)) - group-BDBAD3AB70B4: Taking a snapshot at:(t:1, i:0) file /home/runner/work/ozone/ozone/hadoop-ozone/integration-test/target/test-dir/MiniOzoneClusterImpl-a0fc024b-a492-45a5-9697-b0d14f72cb5c/datanode-0/data/ratis/2f90e3ba-f3fd-48ab-9225-bdbad3ab70b4/sm/snapshot.1_0
2024-02-22 20:34:26,447 [e46a6e51-795f-4801-a523-c45a6c7f2c34@group-BDBAD3AB70B4-StateMachineUpdater] INFO  ratis.ContainerStateMachine (ContainerStateMachine.java:takeSnapshot(366)) - group-BDBAD3AB70B4: Finished taking a snapshot at:(t:1, i:0) file:/home/runner/work/ozone/ozone/hadoop-ozone/integration-test/target/test-dir/MiniOzoneClusterImpl-a0fc024b-a492-45a5-9697-b0d14f72cb5c/datanode-0/data/ratis/2f90e3ba-f3fd-48ab-9225-bdbad3ab70b4/sm/snapshot.1_0 took: 1 ms
2024-02-22 20:34:26,447 [e46a6e51-795f-4801-a523-c45a6c7f2c34@group-BDBAD3AB70B4-StateMachineUpdater] INFO  impl.StateMachineUpdater (StateMachineUpdater.java:takeSnapshot(295)) - e46a6e51-795f-4801-a523-c45a6c7f2c34@group-BDBAD3AB70B4-StateMachineUpdater: Took a snapshot at index 0
2024-02-22 20:34:26,447 [e46a6e51-795f-4801-a523-c45a6c7f2c34@group-BDBAD3AB70B4-StateMachineUpdater] INFO  impl.StateMachineUpdater (StateMachineUpdater.java:lambda$new$0(98)) - e46a6e51-795f-4801-a523-c45a6c7f2c34@group-BDBAD3AB70B4-StateMachineUpdater: snapshotIndex: updateIncreasingly -1 -> 0
2024-02-22 20:34:26,448 [e46a6e51-795f-4801-a523-c45a6c7f2c34-PipelineCommandHandlerThread-0] INFO  server.RaftServer$Division (ServerState.java:close(427)) - e46a6e51-795f-4801-a523-c45a6c7f2c34@group-BDBAD3AB70B4: applyIndex: 0
2024-02-22 20:34:26,448 [e46a6e51-795f-4801-a523-c45a6c7f2c34@group-BDBAD3AB70B4-cacheEviction-AwaitToRun] INFO  util.AwaitToRun (AwaitToRun.java:run(49)) - e46a6e51-795f-4801-a523-c45a6c7f2c34@group-BDBAD3AB70B4-cacheEviction-AwaitToRun-AwaitForSignal is interrupted
2024-02-22 20:34:27,287 [e46a6e51-795f-4801-a523-c45a6c7f2c34-PipelineCommandHandlerThread-0] INFO  segmented.SegmentedRaftLogWorker (SegmentedRaftLogWorker.java:close(245)) - e46a6e51-795f-4801-a523-c45a6c7f2c34@group-BDBAD3AB70B4-SegmentedRaftLogWorker close()
2024-02-22 20:34:27,288 [e46a6e51-795f-4801-a523-c45a6c7f2c34-PipelineCommandHandlerThread-0] INFO  server.RaftServer$Division (RaftServerImpl.java:groupRemove(496)) - e46a6e51-795f-4801-a523-c45a6c7f2c34@group-BDBAD3AB70B4: Succeed to remove RaftStorageDirectory Storage Directory /home/runner/work/ozone/ozone/hadoop-ozone/integration-test/target/test-dir/MiniOzoneClusterImpl-a0fc024b-a492-45a5-9697-b0d14f72cb5c/datanode-0/data/ratis/2f90e3ba-f3fd-48ab-9225-bdbad3ab70b4
2024-02-22 20:34:27,288 [e46a6e51-795f-4801-a523-c45a6c7f2c34-PipelineCommandHandlerThread-0] ERROR commandhandler.ClosePipelineCommandHandler (ClosePipelineCommandHandler.java:lambda$handle$2(137)) - Can't close pipeline PipelineID=2f90e3ba-f3fd-48ab-9225-bdbad3ab70b4
org.apache.ratis.protocol.exceptions.GroupMismatchException: e46a6e51-795f-4801-a523-c45a6c7f2c34: group-BDBAD3AB70B4 not found.
	at org.apache.ratis.server.impl.RaftServerProxy$ImplMap.get(RaftServerProxy.java:154)
	at org.apache.ratis.server.impl.RaftServerProxy.getImplFuture(RaftServerProxy.java:364)
	at org.apache.ratis.server.impl.RaftServerProxy.getImpl(RaftServerProxy.java:373)
	at org.apache.ratis.server.impl.RaftServerProxy.getDivision(RaftServerProxy.java:386)
	at org.apache.hadoop.ozone.container.common.transport.server.ratis.XceiverServerRatis.getRaftPeersInPipeline(XceiverServerRatis.java:951)
	at org.apache.hadoop.ozone.container.common.statemachine.commandhandler.ClosePipelineCommandHandler.lambda$handle$2(ClosePipelineCommandHandler.java:114)
	at java.util.concurrent.CompletableFuture$AsyncRun.run(CompletableFuture.java:1640)
	at java.util.concurrent.ThreadPoolExecutor.runWorker(ThreadPoolExecutor.java:1149)
	at java.util.concurrent.ThreadPoolExecutor$Worker.run(ThreadPoolExecutor.java:624)
	at java.lang.Thread.run(Thread.java:750)
2024-02-22 20:34:34,395 [e46a6e51-795f-4801-a523-c45a6c7f2c34-BlockDeletingService#0] INFO  interfaces.ContainerDeletionChoosingPolicyTemplate (ContainerDeletionChoosingPolicyTemplate.java:chooseContainerForBlockDeletion(85)) - Chosen 0/5000 blocks from 0 candidate containers.
2024-02-22 20:34:34,478 [UnderReplicatedProcessor] INFO  algorithms.SCMContainerPlacementRackScatter (SCMContainerPlacementRackScatter.java:chooseDatanodesInternal(370)) - Chosen nodes: [d25dc3b0-28fc-4383-b1a0-617845025f41(fv-az779-213.k0faouyluq4u1aavuapgg5xmpb.cx.internal.cloudapp.net/10.1.0.33)]. isPolicySatisfied: true.
2024-02-22 20:34:34,479 [UnderReplicatedProcessor] INFO  replication.ReplicationManager (ReplicationManager.java:sendDatanodeCommand(678)) - Sending command [reconstructECContainersCommand: containerID: 1, replicationConfig: EC{rs-3-2-1024k}, sources: [78f89d9b-e409-4704-890b-bfcfbcdfd28a(fv-az779-213.k0faouyluq4u1aavuapgg5xmpb.cx.internal.cloudapp.net/10.1.0.33) replicaIndex: 1, c30fedce-f286-40e0-881d-3d5a9a6e2463(fv-az779-213.k0faouyluq4u1aavuapgg5xmpb.cx.internal.cloudapp.net/10.1.0.33) replicaIndex: 2, e780b093-7242-46d7-bd8f-0f810188c7b3(fv-az779-213.k0faouyluq4u1aavuapgg5xmpb.cx.internal.cloudapp.net/10.1.0.33) replicaIndex: 4, 86ab988c-fa9c-425d-a1c6-9004ff7fd93d(fv-az779-213.k0faouyluq4u1aavuapgg5xmpb.cx.internal.cloudapp.net/10.1.0.33) replicaIndex: 5], targets: [d25dc3b0-28fc-4383-b1a0-617845025f41(fv-az779-213.k0faouyluq4u1aavuapgg5xmpb.cx.internal.cloudapp.net/10.1.0.33)], missingIndexes: [3]] for container ContainerInfo{id=#1, state=CLOSED, stateEnterTime=2024-02-22T20:33:49.107Z, pipelineID=PipelineID=81ff5ff8-3747-4d3b-94d0-19b6e1b1e1f7, owner=omServiceIdDefault} to d25dc3b0-28fc-4383-b1a0-617845025f41(fv-az779-213.k0faouyluq4u1aavuapgg5xmpb.cx.internal.cloudapp.net/10.1.0.33) with datanode deadline 1708634644479 and scm deadline 1708634674479
2024-02-22 20:34:34,479 [UnderReplicatedProcessor] INFO  algorithms.SCMContainerPlacementRackScatter (SCMContainerPlacementRackScatter.java:chooseDatanodesInternal(370)) - Chosen nodes: [d25dc3b0-28fc-4383-b1a0-617845025f41(fv-az779-213.k0faouyluq4u1aavuapgg5xmpb.cx.internal.cloudapp.net/10.1.0.33)]. isPolicySatisfied: true.
2024-02-22 20:34:34,480 [UnderReplicatedProcessor] INFO  replication.ReplicationManager (ReplicationManager.java:sendDatanodeCommand(678)) - Sending command [reconstructECContainersCommand: containerID: 2, replicationConfig: EC{rs-3-2-1024k}, sources: [4e8f68d6-fd98-4f77-87e3-715939181693(fv-az779-213.k0faouyluq4u1aavuapgg5xmpb.cx.internal.cloudapp.net/10.1.0.33) replicaIndex: 2, c30fedce-f286-40e0-881d-3d5a9a6e2463(fv-az779-213.k0faouyluq4u1aavuapgg5xmpb.cx.internal.cloudapp.net/10.1.0.33) replicaIndex: 3, 13f92446-3b18-4d81-bc66-0f9b00220e72(fv-az779-213.k0faouyluq4u1aavuapgg5xmpb.cx.internal.cloudapp.net/10.1.0.33) replicaIndex: 4, dc26353c-d48a-467d-89cd-3a7c4b626396(fv-az779-213.k0faouyluq4u1aavuapgg5xmpb.cx.internal.cloudapp.net/10.1.0.33) replicaIndex: 5], targets: [d25dc3b0-28fc-4383-b1a0-617845025f41(fv-az779-213.k0faouyluq4u1aavuapgg5xmpb.cx.internal.cloudapp.net/10.1.0.33)], missingIndexes: [1]] for container ContainerInfo{id=#2, state=CLOSED, stateEnterTime=2024-02-22T20:34:24.279Z, pipelineID=PipelineID=2a31222d-52c7-4961-8445-ec4060d525e3, owner=omServiceIdDefault} to d25dc3b0-28fc-4383-b1a0-617845025f41(fv-az779-213.k0faouyluq4u1aavuapgg5xmpb.cx.internal.cloudapp.net/10.1.0.33) with datanode deadline 1708634644480 and scm deadline 1708634674480
2024-02-22 20:34:34,480 [UnderReplicatedProcessor] INFO  replication.UnhealthyReplicationProcessor (UnhealthyReplicationProcessor.java:processAll(138)) - Processed 2 containers with health state counts {UNDER_REPLICATED=2}, failed processing 0, deferred due to load 0
2024-02-22 20:34:34,480 [ReplicationMonitor] INFO  replication.ReplicationManager (ReplicationManager.java:processAll(398)) - Replication Monitor Thread took 1 milliseconds for processing 2 containers.
2024-02-22 20:34:34,582 [d25dc3b0-28fc-4383-b1a0-617845025f41-BlockDeletingService#0] INFO  interfaces.ContainerDeletionChoosingPolicyTemplate (ContainerDeletionChoosingPolicyTemplate.java:chooseContainerForBlockDeletion(85)) - Chosen 0/5000 blocks from 0 candidate containers.
2024-02-22 20:34:34,787 [4e8f68d6-fd98-4f77-87e3-715939181693-BlockDeletingService#0] INFO  interfaces.ContainerDeletionChoosingPolicyTemplate (ContainerDeletionChoosingPolicyTemplate.java:chooseContainerForBlockDeletion(85)) - Chosen 0/5000 blocks from 0 candidate containers.
2024-02-22 20:34:34,946 [dc26353c-d48a-467d-89cd-3a7c4b626396-BlockDeletingService#0] INFO  interfaces.ContainerDeletionChoosingPolicyTemplate (ContainerDeletionChoosingPolicyTemplate.java:chooseContainerForBlockDeletion(85)) - Chosen 0/5000 blocks from 0 candidate containers.
2024-02-22 20:34:35,080 [86ab988c-fa9c-425d-a1c6-9004ff7fd93d-BlockDeletingService#0] INFO  interfaces.ContainerDeletionChoosingPolicyTemplate (ContainerDeletionChoosingPolicyTemplate.java:chooseContainerForBlockDeletion(85)) - Chosen 0/5000 blocks from 0 candidate containers.
2024-02-22 20:34:35,225 [c30fedce-f286-40e0-881d-3d5a9a6e2463-BlockDeletingService#0] INFO  interfaces.ContainerDeletionChoosingPolicyTemplate (ContainerDeletionChoosingPolicyTemplate.java:chooseContainerForBlockDeletion(85)) - Chosen 0/5000 blocks from 0 candidate containers.
2024-02-22 20:34:35,475 [78f89d9b-e409-4704-890b-bfcfbcdfd28a-BlockDeletingService#0] INFO  interfaces.ContainerDeletionChoosingPolicyTemplate (ContainerDeletionChoosingPolicyTemplate.java:chooseContainerForBlockDeletion(85)) - Chosen 0/5000 blocks from 0 candidate containers.
2024-02-22 20:34:35,575 [e780b093-7242-46d7-bd8f-0f810188c7b3-BlockDeletingService#0] INFO  interfaces.ContainerDeletionChoosingPolicyTemplate (ContainerDeletionChoosingPolicyTemplate.java:chooseContainerForBlockDeletion(85)) - Chosen 0/5000 blocks from 0 candidate containers.
2024-02-22 20:34:36,271 [nullContainerReplicationThread-0] INFO  reconstruction.ECReconstructionCoordinatorTask (ECReconstructionCoordinatorTask.java:runTask(65)) - IN_PROGRESS reconstructECContainersCommand: containerID=1, replication=rs-3-2-1024k, missingIndexes=[3], sources={1=78f89d9b-e409-4704-890b-bfcfbcdfd28a(fv-az779-213.k0faouyluq4u1aavuapgg5xmpb.cx.internal.cloudapp.net/10.1.0.33), 2=c30fedce-f286-40e0-881d-3d5a9a6e2463(fv-az779-213.k0faouyluq4u1aavuapgg5xmpb.cx.internal.cloudapp.net/10.1.0.33), 4=e780b093-7242-46d7-bd8f-0f810188c7b3(fv-az779-213.k0faouyluq4u1aavuapgg5xmpb.cx.internal.cloudapp.net/10.1.0.33), 5=86ab988c-fa9c-425d-a1c6-9004ff7fd93d(fv-az779-213.k0faouyluq4u1aavuapgg5xmpb.cx.internal.cloudapp.net/10.1.0.33)}, targets={3=d25dc3b0-28fc-4383-b1a0-617845025f41(fv-az779-213.k0faouyluq4u1aavuapgg5xmpb.cx.internal.cloudapp.net/10.1.0.33)}
2024-02-22 20:34:36,271 [nullContainerReplicationThread-1] INFO  reconstruction.ECReconstructionCoordinatorTask (ECReconstructionCoordinatorTask.java:runTask(65)) - IN_PROGRESS reconstructECContainersCommand: containerID=2, replication=rs-3-2-1024k, missingIndexes=[1], sources={2=4e8f68d6-fd98-4f77-87e3-715939181693(fv-az779-213.k0faouyluq4u1aavuapgg5xmpb.cx.internal.cloudapp.net/10.1.0.33), 3=c30fedce-f286-40e0-881d-3d5a9a6e2463(fv-az779-213.k0faouyluq4u1aavuapgg5xmpb.cx.internal.cloudapp.net/10.1.0.33), 4=13f92446-3b18-4d81-bc66-0f9b00220e72(fv-az779-213.k0faouyluq4u1aavuapgg5xmpb.cx.internal.cloudapp.net/10.1.0.33), 5=dc26353c-d48a-467d-89cd-3a7c4b626396(fv-az779-213.k0faouyluq4u1aavuapgg5xmpb.cx.internal.cloudapp.net/10.1.0.33)}, targets={1=d25dc3b0-28fc-4383-b1a0-617845025f41(fv-az779-213.k0faouyluq4u1aavuapgg5xmpb.cx.internal.cloudapp.net/10.1.0.33)}
2024-02-22 20:34:44,481 [ReplicationMonitor] INFO  replication.ReplicationManager (ReplicationManager.java:processAll(398)) - Replication Monitor Thread took 0 milliseconds for processing 2 containers.
2024-02-22 20:34:44,596 [StaleRecoveringContainerScrubbingService#4] WARN  keyvalue.KeyValueContainer (KeyValueContainer.java:markContainerUnhealthy(404)) - Moving container /home/runner/work/ozone/ozone/hadoop-ozone/integration-test/target/test-dir/MiniOzoneClusterImpl-a0fc024b-a492-45a5-9697-b0d14f72cb5c/datanode-2/data-0/containers/hdds/a0fc024b-a492-45a5-9697-b0d14f72cb5c/current/containerDir0/1 to state UNHEALTHY from state:RECOVERING
2024-02-22 20:34:44,597 [StaleRecoveringContainerScrubbingService#4] INFO  background.StaleRecoveringContainerScrubbingService (StaleRecoveringContainerScrubbingService.java:call(91)) - Stale recovering container 1 marked UNHEALTHY
2024-02-22 20:34:54,482 [ReplicationMonitor] INFO  replication.ReplicationManager (ReplicationManager.java:processAll(398)) - Replication Monitor Thread took 1 milliseconds for processing 2 containers.
2024-02-22 20:35:03,378 [13f92446-3b18-4d81-bc66-0f9b00220e72-BlockDeletingService#0] INFO  interfaces.ContainerDeletionChoosingPolicyTemplate (ContainerDeletionChoosingPolicyTemplate.java:chooseContainerForBlockDeletion(85)) - Chosen 0/5000 blocks from 0 candidate containers.
2024-02-22 20:35:04,482 [UnderReplicatedProcessor] INFO  algorithms.SCMContainerPlacementRackScatter (SCMContainerPlacementRackScatter.java:chooseDatanodesInternal(370)) - Chosen nodes: [e46a6e51-795f-4801-a523-c45a6c7f2c34(fv-az779-213.k0faouyluq4u1aavuapgg5xmpb.cx.internal.cloudapp.net/10.1.0.33)]. isPolicySatisfied: true.
2024-02-22 20:35:04,483 [UnderReplicatedProcessor] INFO  replication.ReplicationManager (ReplicationManager.java:sendDatanodeCommand(678)) - Sending command [reconstructECContainersCommand: containerID: 1, replicationConfig: EC{rs-3-2-1024k}, sources: [78f89d9b-e409-4704-890b-bfcfbcdfd28a(fv-az779-213.k0faouyluq4u1aavuapgg5xmpb.cx.internal.cloudapp.net/10.1.0.33) replicaIndex: 1, c30fedce-f286-40e0-881d-3d5a9a6e2463(fv-az779-213.k0faouyluq4u1aavuapgg5xmpb.cx.internal.cloudapp.net/10.1.0.33) replicaIndex: 2, e780b093-7242-46d7-bd8f-0f810188c7b3(fv-az779-213.k0faouyluq4u1aavuapgg5xmpb.cx.internal.cloudapp.net/10.1.0.33) replicaIndex: 4, 86ab988c-fa9c-425d-a1c6-9004ff7fd93d(fv-az779-213.k0faouyluq4u1aavuapgg5xmpb.cx.internal.cloudapp.net/10.1.0.33) replicaIndex: 5], targets: [e46a6e51-795f-4801-a523-c45a6c7f2c34(fv-az779-213.k0faouyluq4u1aavuapgg5xmpb.cx.internal.cloudapp.net/10.1.0.33)], missingIndexes: [3]] for container ContainerInfo{id=#1, state=CLOSED, stateEnterTime=2024-02-22T20:33:49.107Z, pipelineID=PipelineID=81ff5ff8-3747-4d3b-94d0-19b6e1b1e1f7, owner=omServiceIdDefault} to e46a6e51-795f-4801-a523-c45a6c7f2c34(fv-az779-213.k0faouyluq4u1aavuapgg5xmpb.cx.internal.cloudapp.net/10.1.0.33) with datanode deadline 1708634674483 and scm deadline 1708634704483
2024-02-22 20:35:04,483 [UnderReplicatedProcessor] INFO  replication.UnhealthyReplicationProcessor (UnhealthyReplicationProcessor.java:processAll(138)) - Processed 1 containers with health state counts {UNDER_REPLICATED=1}, failed processing 0, deferred due to load 0
2024-02-22 20:35:04,483 [ReplicationMonitor] INFO  replication.ReplicationManager (ReplicationManager.java:processAll(398)) - Replication Monitor Thread took 1 milliseconds for processing 2 containers.
2024-02-22 20:35:05,396 [nullContainerReplicationThread-0] INFO  reconstruction.ECReconstructionCoordinatorTask (ECReconstructionCoordinatorTask.java:runTask(65)) - IN_PROGRESS reconstructECContainersCommand: containerID=1, replication=rs-3-2-1024k, missingIndexes=[3], sources={1=78f89d9b-e409-4704-890b-bfcfbcdfd28a(fv-az779-213.k0faouyluq4u1aavuapgg5xmpb.cx.internal.cloudapp.net/10.1.0.33), 2=c30fedce-f286-40e0-881d-3d5a9a6e2463(fv-az779-213.k0faouyluq4u1aavuapgg5xmpb.cx.internal.cloudapp.net/10.1.0.33), 4=e780b093-7242-46d7-bd8f-0f810188c7b3(fv-az779-213.k0faouyluq4u1aavuapgg5xmpb.cx.internal.cloudapp.net/10.1.0.33), 5=86ab988c-fa9c-425d-a1c6-9004ff7fd93d(fv-az779-213.k0faouyluq4u1aavuapgg5xmpb.cx.internal.cloudapp.net/10.1.0.33)}, targets={3=e46a6e51-795f-4801-a523-c45a6c7f2c34(fv-az779-213.k0faouyluq4u1aavuapgg5xmpb.cx.internal.cloudapp.net/10.1.0.33)}
2024-02-22 20:35:05,436 [nullContainerReplicationThread-0] WARN  reconstruction.ECReconstructionCoordinator (ECReconstructionCoordinator.java:reconstructECContainerGroup(198)) - Exception while reconstructing the container 1. Cleaning up all the recovering containers in the reconstruction process.
java.lang.NullPointerException
	at org.apache.hadoop.ozone.container.TestECContainerRecovery.lambda$null$0(TestECContainerRecovery.java:326)
	at org.apache.ozone.test.GenericTestUtils.waitFor(GenericTestUtils.java:194)
	at org.apache.hadoop.ozone.container.TestECContainerRecovery.lambda$testECContainerRecoveryWithTimedOutRecovery$1(TestECContainerRecovery.java:321)
	at org.mockito.internal.stubbing.StubbedInvocationMatcher.answer(StubbedInvocationMatcher.java:42)
	at org.mockito.internal.handler.MockHandlerImpl.handle(MockHandlerImpl.java:103)
	at org.mockito.internal.handler.NullResultGuardian.handle(NullResultGuardian.java:29)
	at org.mockito.internal.handler.InvocationNotifierHandler.handle(InvocationNotifierHandler.java:34)
	at org.mockito.internal.creation.bytebuddy.MockMethodInterceptor.doIntercept(MockMethodInterceptor.java:82)
	at org.mockito.internal.creation.bytebuddy.MockMethodAdvice.handle(MockMethodAdvice.java:134)
	at org.apache.hadoop.ozone.container.ec.reconstruction.ECReconstructionCoordinator.reconstructECBlockGroup(ECReconstructionCoordinator.java:244)
	at org.apache.hadoop.ozone.container.ec.reconstruction.ECReconstructionCoordinator.reconstructECContainerGroup(ECReconstructionCoordinator.java:181)
	at sun.reflect.NativeMethodAccessorImpl.invoke0(Native Method)
	at sun.reflect.NativeMethodAccessorImpl.invoke(NativeMethodAccessorImpl.java:62)
	at sun.reflect.DelegatingMethodAccessorImpl.invoke(DelegatingMethodAccessorImpl.java:43)
	at java.lang.reflect.Method.invoke(Method.java:498)
	at org.mockito.internal.util.reflection.ReflectionMemberAccessor.invoke(ReflectionMemberAccessor.java:48)
	at org.mockito.internal.creation.bytebuddy.MockMethodAdvice.tryInvoke(MockMethodAdvice.java:314)
	at org.mockito.internal.creation.bytebuddy.MockMethodAdvice.access$500(MockMethodAdvice.java:64)
	at org.mockito.internal.creation.bytebuddy.MockMethodAdvice$RealMethodCall.invoke(MockMethodAdvice.java:234)
	at org.mockito.internal.invocation.InterceptedInvocation.callRealMethod(InterceptedInvocation.java:142)
	at org.mockito.internal.stubbing.answers.CallsRealMethods.answer(CallsRealMethods.java:45)
	at org.mockito.Answers.answer(Answers.java:90)
	at org.mockito.internal.handler.MockHandlerImpl.handle(MockHandlerImpl.java:111)
	at org.mockito.internal.handler.NullResultGuardian.handle(NullResultGuardian.java:29)
	at org.mockito.internal.handler.InvocationNotifierHandler.handle(InvocationNotifierHandler.java:34)
	at org.mockito.internal.creation.bytebuddy.MockMethodInterceptor.doIntercept(MockMethodInterceptor.java:82)
	at org.mockito.internal.creation.bytebuddy.MockMethodAdvice.handle(MockMethodAdvice.java:134)
	at org.apache.hadoop.ozone.container.ec.reconstruction.ECReconstructionCoordinator.reconstructECContainerGroup(ECReconstructionCoordinator.java:151)
	at org.apache.hadoop.ozone.container.ec.reconstruction.ECReconstructionCoordinatorTask.runTask(ECReconstructionCoordinatorTask.java:68)
	at org.apache.hadoop.ozone.container.replication.ReplicationSupervisor$TaskRunner.run(ReplicationSupervisor.java:369)
	at java.util.concurrent.ThreadPoolExecutor.runWorker(ThreadPoolExecutor.java:1149)
	at java.util.concurrent.ThreadPoolExecutor$Worker.run(ThreadPoolExecutor.java:624)
	at java.lang.Thread.run(Thread.java:750)
2024-02-22 20:35:05,485 [e46a6e51-795f-4801-a523-c45a6c7f2c34-ChunkReader-4] INFO  keyvalue.KeyValueContainer (KeyValueContainer.java:markContainerForDelete(424)) - Moving container /home/runner/work/ozone/ozone/hadoop-ozone/integration-test/target/test-dir/MiniOzoneClusterImpl-a0fc024b-a492-45a5-9697-b0d14f72cb5c/datanode-0/data-0/containers/hdds/a0fc024b-a492-45a5-9697-b0d14f72cb5c/current/containerDir0/1 to state DELETED from state:RECOVERING
2024-02-22 20:35:05,496 [nullContainerReplicationThread-0] WARN  reconstruction.ECReconstructionCoordinatorTask (ECReconstructionCoordinatorTask.java:runTask(79)) - FAILED reconstructECContainersCommand: containerID=1, replication=rs-3-2-1024k, missingIndexes=[3], sources={1=78f89d9b-e409-4704-890b-bfcfbcdfd28a(fv-az779-213.k0faouyluq4u1aavuapgg5xmpb.cx.internal.cloudapp.net/10.1.0.33), 2=c30fedce-f286-40e0-881d-3d5a9a6e2463(fv-az779-213.k0faouyluq4u1aavuapgg5xmpb.cx.internal.cloudapp.net/10.1.0.33), 4=e780b093-7242-46d7-bd8f-0f810188c7b3(fv-az779-213.k0faouyluq4u1aavuapgg5xmpb.cx.internal.cloudapp.net/10.1.0.33), 5=86ab988c-fa9c-425d-a1c6-9004ff7fd93d(fv-az779-213.k0faouyluq4u1aavuapgg5xmpb.cx.internal.cloudapp.net/10.1.0.33)}, targets={3=e46a6e51-795f-4801-a523-c45a6c7f2c34(fv-az779-213.k0faouyluq4u1aavuapgg5xmpb.cx.internal.cloudapp.net/10.1.0.33)} after 99 ms
java.lang.NullPointerException
	at org.apache.hadoop.ozone.container.TestECContainerRecovery.lambda$null$0(TestECContainerRecovery.java:326)
	at org.apache.ozone.test.GenericTestUtils.waitFor(GenericTestUtils.java:194)
	at org.apache.hadoop.ozone.container.TestECContainerRecovery.lambda$testECContainerRecoveryWithTimedOutRecovery$1(TestECContainerRecovery.java:321)
	at org.apache.hadoop.ozone.container.ec.reconstruction.ECReconstructionCoordinator.reconstructECBlockGroup(ECReconstructionCoordinator.java:244)
	at org.apache.hadoop.ozone.container.ec.reconstruction.ECReconstructionCoordinator.reconstructECContainerGroup(ECReconstructionCoordinator.java:181)
	at sun.reflect.NativeMethodAccessorImpl.invoke0(Native Method)
	at sun.reflect.NativeMethodAccessorImpl.invoke(NativeMethodAccessorImpl.java:62)
	at sun.reflect.DelegatingMethodAccessorImpl.invoke(DelegatingMethodAccessorImpl.java:43)
	at java.lang.reflect.Method.invoke(Method.java:498)
	at org.apache.hadoop.ozone.container.ec.reconstruction.ECReconstructionCoordinator.reconstructECContainerGroup(ECReconstructionCoordinator.java:151)
	at org.apache.hadoop.ozone.container.ec.reconstruction.ECReconstructionCoordinatorTask.runTask(ECReconstructionCoordinatorTask.java:68)
	at org.apache.hadoop.ozone.container.replication.ReplicationSupervisor$TaskRunner.run(ReplicationSupervisor.java:369)
	at java.util.concurrent.ThreadPoolExecutor.runWorker(ThreadPoolExecutor.java:1149)
	at java.util.concurrent.ThreadPoolExecutor$Worker.run(ThreadPoolExecutor.java:624)
	at java.lang.Thread.run(Thread.java:750)
2024-02-22 20:35:05,496 [nullContainerReplicationThread-0] WARN  replication.ReplicationSupervisor (ReplicationSupervisor.java:run(371)) - Failed FAILED reconstructECContainersCommand: containerID=1, replication=rs-3-2-1024k, missingIndexes=[3], sources={1=78f89d9b-e409-4704-890b-bfcfbcdfd28a(fv-az779-213.k0faouyluq4u1aavuapgg5xmpb.cx.internal.cloudapp.net/10.1.0.33), 2=c30fedce-f286-40e0-881d-3d5a9a6e2463(fv-az779-213.k0faouyluq4u1aavuapgg5xmpb.cx.internal.cloudapp.net/10.1.0.33), 4=e780b093-7242-46d7-bd8f-0f810188c7b3(fv-az779-213.k0faouyluq4u1aavuapgg5xmpb.cx.internal.cloudapp.net/10.1.0.33), 5=86ab988c-fa9c-425d-a1c6-9004ff7fd93d(fv-az779-213.k0faouyluq4u1aavuapgg5xmpb.cx.internal.cloudapp.net/10.1.0.33)}, targets={3=e46a6e51-795f-4801-a523-c45a6c7f2c34(fv-az779-213.k0faouyluq4u1aavuapgg5xmpb.cx.internal.cloudapp.net/10.1.0.33)}
2024-02-22 20:35:14,484 [ReplicationMonitor] INFO  replication.ReplicationManager (ReplicationManager.java:processAll(398)) - Replication Monitor Thread took 1 milliseconds for processing 2 containers.
2024-02-22 20:35:24,485 [ReplicationMonitor] INFO  replication.ReplicationManager (ReplicationManager.java:processAll(398)) - Replication Monitor Thread took 1 milliseconds for processing 2 containers.
2024-02-22 20:35:34,397 [e46a6e51-795f-4801-a523-c45a6c7f2c34-BlockDeletingService#1] INFO  interfaces.ContainerDeletionChoosingPolicyTemplate (ContainerDeletionChoosingPolicyTemplate.java:chooseContainerForBlockDeletion(85)) - Chosen 0/5000 blocks from 0 candidate containers.
2024-02-22 20:35:34,486 [ReplicationMonitor] INFO  replication.ReplicationManager (ReplicationManager.java:processAll(398)) - Replication Monitor Thread took 1 milliseconds for processing 2 containers.
2024-02-22 20:35:34,584 [d25dc3b0-28fc-4383-b1a0-617845025f41-BlockDeletingService#1] INFO  interfaces.ContainerDeletionChoosingPolicyTemplate (ContainerDeletionChoosingPolicyTemplate.java:chooseContainerForBlockDeletion(85)) - Chosen 0/5000 blocks from 0 candidate containers.
2024-02-22 20:35:34,788 [4e8f68d6-fd98-4f77-87e3-715939181693-BlockDeletingService#1] INFO  interfaces.ContainerDeletionChoosingPolicyTemplate (ContainerDeletionChoosingPolicyTemplate.java:chooseContainerForBlockDeletion(85)) - Chosen 0/5000 blocks from 0 candidate containers.
2024-02-22 20:35:34,948 [dc26353c-d48a-467d-89cd-3a7c4b626396-BlockDeletingService#1] INFO  interfaces.ContainerDeletionChoosingPolicyTemplate (ContainerDeletionChoosingPolicyTemplate.java:chooseContainerForBlockDeletion(85)) - Chosen 0/5000 blocks from 0 candidate containers.
2024-02-22 20:35:35,082 [86ab988c-fa9c-425d-a1c6-9004ff7fd93d-BlockDeletingService#1] INFO  interfaces.ContainerDeletionChoosingPolicyTemplate (ContainerDeletionChoosingPolicyTemplate.java:chooseContainerForBlockDeletion(85)) - Chosen 0/5000 blocks from 0 candidate containers.
2024-02-22 20:35:35,227 [c30fedce-f286-40e0-881d-3d5a9a6e2463-BlockDeletingService#1] INFO  interfaces.ContainerDeletionChoosingPolicyTemplate (ContainerDeletionChoosingPolicyTemplate.java:chooseContainerForBlockDeletion(85)) - Chosen 0/5000 blocks from 0 candidate containers.
2024-02-22 20:35:35,477 [78f89d9b-e409-4704-890b-bfcfbcdfd28a-BlockDeletingService#1] INFO  interfaces.ContainerDeletionChoosingPolicyTemplate (ContainerDeletionChoosingPolicyTemplate.java:chooseContainerForBlockDeletion(85)) - Chosen 0/5000 blocks from 0 candidate containers.
2024-02-22 20:35:35,577 [e780b093-7242-46d7-bd8f-0f810188c7b3-BlockDeletingService#1] INFO  interfaces.ContainerDeletionChoosingPolicyTemplate (ContainerDeletionChoosingPolicyTemplate.java:chooseContainerForBlockDeletion(85)) - Chosen 0/5000 blocks from 0 candidate containers.
2024-02-22 20:35:44,486 [ReplicationMonitor] INFO  replication.ReplicationManager (ReplicationManager.java:processAll(398)) - Replication Monitor Thread took 0 milliseconds for processing 2 containers.
2024-02-22 20:35:54,487 [ReplicationMonitor] INFO  replication.ReplicationManager (ReplicationManager.java:processAll(398)) - Replication Monitor Thread took 1 milliseconds for processing 2 containers.
2024-02-22 20:36:03,380 [13f92446-3b18-4d81-bc66-0f9b00220e72-BlockDeletingService#1] INFO  interfaces.ContainerDeletionChoosingPolicyTemplate (ContainerDeletionChoosingPolicyTemplate.java:chooseContainerForBlockDeletion(85)) - Chosen 0/5000 blocks from 0 candidate containers.
2024-02-22 20:36:04,487 [ReplicationMonitor] INFO  replication.ReplicationManager (ReplicationManager.java:processAll(398)) - Replication Monitor Thread took 0 milliseconds for processing 2 containers.
]]></system-out>
  </testcase>
</testsuite>